<?xml version="1.0" encoding="UTF-8"?>
<testsuites tests="23" failures="8" errors="8" skipped="0">
  <testsuite timestamp="2025-06-12T17:50:13" time="1252.711" tests="6" failures="0" errors="0" skipped="0">
    <properties>
      <property name="specId" value="0" />
      <property name="suiteName" value="Standard contract - add contract items by Insert Request US118222" />
      <property name="capabilities" value="chrome.137_0_7151_69.windows" />
      <property name="file" value="file:///D:/a/1/s/test/specs/R2C/standard-contract-add-contract-items-by-insert-request.spec.js" />
    </properties>
    <testcase classname="chrome.137_0_7151_69.windows.Standard_contract_-_add_contract_items_by_Insert_Request_US118222" name="Should create prerequisites yard partner site material and equipment" time="340.741">
      <system-out><![CDATA[
COMMAND: POST /session/e957c6d77c4c3b135e6e74b3990b52c8/execute/async - {"script":"<script> [1562 bytes]","args":[{"selector":{"controlType":"sap.m.GenericTile","properties":{"header":"Manage Yards"}},"wdio_ui5_key":"sapm.GenericTile{\"header\":\"Manage Yards\"}"}]}
RESULT: {"script":"<script> [1562 bytes]","args":[{"selector":{"controlType":"sap.m.GenericTile","properties":{"header":"Manage Yards"}},"wdio_ui5_key":"sapm.GenericTile{\"header\":\"Manage Yards\"}"}]}
RESULT: undefined
COMMAND: POST /session/e957c6d77c4c3b135e6e74b3990b52c8/element - {"using":"xpath","value":"//*[@id=\"__tile42\"]"}
RESULT: {"using":"xpath","value":"//*[@id=\"__tile42\"]"}
COMMAND: POST /session/e957c6d77c4c3b135e6e74b3990b52c8/element/f.3C6AD4412E448D85C093D3308860BAAC.d.C168EE7CF2B6E94AC8B79F79A73A8079.e.120/click - {}
RESULT: {}
COMMAND: GET /session/e957c6d77c4c3b135e6e74b3990b52c8/screenshot - {}
RESULT: {}
COMMAND: POST /session/e957c6d77c4c3b135e6e74b3990b52c8/elements - {"using":"xpath","value":"//span[text()='Error']"}
RESULT: {"using":"xpath","value":"//span[text()='Error']"}
COMMAND: POST /session/e957c6d77c4c3b135e6e74b3990b52c8/execute/async - {"script":"<script> [1562 bytes]","args":[{"selector":{"controlType":"sap.ui.core.Icon","viewName":"etm.portal.ui.manageyards.view.Master","viewId":"application-manageyards-display-component---masterYard","properties":{"src":{"regex":{"source":"add"}}}},"wdio_ui5_key":"etmportal.ui.manageyards.view.Mastersap.ui.core.Icon{\"src\":{\"regex\":{\"source\":\"add\"}}}"}]}
RESULT: {"script":"<script> [1562 bytes]","args":[{"selector":{"controlType":"sap.ui.core.Icon","viewName":"etm.portal.ui.manageyards.view.Master","viewId":"application-manageyards-display-component---masterYard","properties":{"src":{"regex":{"source":"add"}}}},"wdio_ui5_key":"etmportal.ui.manageyards.view.Mastersap.ui.core.Icon{\"src\":{\"regex\":{\"source\":\"add\"}}}"}]}
RESULT: undefined
COMMAND: POST /session/e957c6d77c4c3b135e6e74b3990b52c8/element - {"using":"xpath","value":"//*[@id=\"__button4-img\"]"}
RESULT: {"using":"xpath","value":"//*[@id=\"__button4-img\"]"}
COMMAND: POST /session/e957c6d77c4c3b135e6e74b3990b52c8/element/f.3C6AD4412E448D85C093D3308860BAAC.d.C168EE7CF2B6E94AC8B79F79A73A8079.e.168/click - {}
RESULT: {}
COMMAND: GET /session/e957c6d77c4c3b135e6e74b3990b52c8/screenshot - {}
RESULT: {}
COMMAND: POST /session/e957c6d77c4c3b135e6e74b3990b52c8/execute/async - {"script":"<script> [1562 bytes]","args":[{"selector":{"id":"application-manageyards-display-component---NewYard--yardId","interaction":{"idSuffix":"inner"}},"wdio_ui5_key":"applicationmanageyards-display-component---NewYard--yardId"}]}
RESULT: {"script":"<script> [1562 bytes]","args":[{"selector":{"id":"application-manageyards-display-component---NewYard--yardId","interaction":{"idSuffix":"inner"}},"wdio_ui5_key":"applicationmanageyards-display-component---NewYard--yardId"}]}
RESULT: undefined
COMMAND: POST /session/e957c6d77c4c3b135e6e74b3990b52c8/element - {"using":"xpath","value":"//*[@id=\"application-manageyards-display-component---NewYard--addressDetailDetailsName1-inner\"]"}
RESULT: {"using":"xpath","value":"//*[@id=\"application-manageyards-display-component---NewYard--addressDetailDetailsName1-inner\"]"}
COMMAND: POST /session/e957c6d77c4c3b135e6e74b3990b52c8/element/f.3C6AD4412E448D85C093D3308860BAAC.d.C168EE7CF2B6E94AC8B79F79A73A8079.e.380/clear - {}
RESULT: {}
COMMAND: POST /session/e957c6d77c4c3b135e6e74b3990b52c8/element/f.3C6AD4412E448D85C093D3308860BAAC.d.C168EE7CF2B6E94AC8B79F79A73A8079.e.380/value - {"text":"WebdriverYardyfcq2"}
COMMAND: GET /session/e957c6d77c4c3b135e6e74b3990b52c8/screenshot - {}
RESULT: {"text":"WebdriverYardyfcq2"}
COMMAND: POST /session/e957c6d77c4c3b135e6e74b3990b52c8/element - {"using":"xpath","value":"//*[@id=\"application-manageyards-display-component---NewYard--addressDetailDetailsLanguage-inner\"]"}
COMMAND: GET /session/e957c6d77c4c3b135e6e74b3990b52c8/screenshot - {}
RESULT: {}
RESULT: {"using":"xpath","value":"//*[@id=\"application-manageyards-display-component---NewYard--addressDetailDetailsLanguage-inner\"]"}
COMMAND: POST /session/e957c6d77c4c3b135e6e74b3990b52c8/element/f.3C6AD4412E448D85C093D3308860BAAC.d.C168EE7CF2B6E94AC8B79F79A73A8079.e.381/clear - {}
RESULT: {}
RESULT: {}
COMMAND: POST /session/e957c6d77c4c3b135e6e74b3990b52c8/element/f.3C6AD4412E448D85C093D3308860BAAC.d.C168EE7CF2B6E94AC8B79F79A73A8079.e.381/value - {"text":"Romanian"}
COMMAND: GET /session/e957c6d77c4c3b135e6e74b3990b52c8/screenshot - {}
RESULT: {"text":"Romanian"}
COMMAND: POST /session/e957c6d77c4c3b135e6e74b3990b52c8/element - {"using":"xpath","value":"//input[contains(@id ,\"application-manageyards-display-component---NewYard--addressDetailDetailsName1-inner\")]"}
COMMAND: GET /session/e957c6d77c4c3b135e6e74b3990b52c8/screenshot - {}
RESULT: {}
RESULT: {"using":"xpath","value":"//input[contains(@id ,\"application-manageyards-display-component---NewYard--addressDetailDetailsName1-inner\")]"}
COMMAND: GET /session/e957c6d77c4c3b135e6e74b3990b52c8/element/f.3C6AD4412E448D85C093D3308860BAAC.d.C168EE7CF2B6E94AC8B79F79A73A8079.e.380/property/value - {}
RESULT: {}
RESULT: {}
COMMAND: GET /session/e957c6d77c4c3b135e6e74b3990b52c8/screenshot - {}
RESULT: {}
COMMAND: POST /session/e957c6d77c4c3b135e6e74b3990b52c8/element - {"using":"xpath","value":"//*[@id=\"application-manageyards-display-component---NewYard--addressDetailDetailsCity1-inner\"]"}
RESULT: {"using":"xpath","value":"//*[@id=\"application-manageyards-display-component---NewYard--addressDetailDetailsCity1-inner\"]"}
COMMAND: POST /session/e957c6d77c4c3b135e6e74b3990b52c8/element/f.3C6AD4412E448D85C093D3308860BAAC.d.C168EE7CF2B6E94AC8B79F79A73A8079.e.383/clear - {}
RESULT: {}
COMMAND: POST /session/e957c6d77c4c3b135e6e74b3990b52c8/element/f.3C6AD4412E448D85C093D3308860BAAC.d.C168EE7CF2B6E94AC8B79F79A73A8079.e.383/value - {"text":"Bucuresti"}
COMMAND: GET /session/e957c6d77c4c3b135e6e74b3990b52c8/screenshot - {}
RESULT: {"text":"Bucuresti"}
COMMAND: GET /session/e957c6d77c4c3b135e6e74b3990b52c8/screenshot - {}
RESULT: {}
RESULT: {}
COMMAND: POST /session/e957c6d77c4c3b135e6e74b3990b52c8/element - {"using":"xpath","value":"//*[@id=\"application-manageyards-display-component---NewYard--addressDetailDetailsCountry-inner\"]"}
RESULT: {"using":"xpath","value":"//*[@id=\"application-manageyards-display-component---NewYard--addressDetailDetailsCountry-inner\"]"}
COMMAND: POST /session/e957c6d77c4c3b135e6e74b3990b52c8/element/f.3C6AD4412E448D85C093D3308860BAAC.d.C168EE7CF2B6E94AC8B79F79A73A8079.e.387/clear - {}
RESULT: {}
COMMAND: POST /session/e957c6d77c4c3b135e6e74b3990b52c8/element/f.3C6AD4412E448D85C093D3308860BAAC.d.C168EE7CF2B6E94AC8B79F79A73A8079.e.387/value - {"text":"Romania"}
COMMAND: GET /session/e957c6d77c4c3b135e6e74b3990b52c8/screenshot - {}
RESULT: {"text":"Romania"}
COMMAND: GET /session/e957c6d77c4c3b135e6e74b3990b52c8/screenshot - {}
RESULT: {}
RESULT: {}
COMMAND: POST /session/e957c6d77c4c3b135e6e74b3990b52c8/element - {"using":"xpath","value":"//div[contains(text(), \"Commercial\")]"}
RESULT: {"using":"xpath","value":"//div[contains(text(), \"Commercial\")]"}
COMMAND: GET /session/e957c6d77c4c3b135e6e74b3990b52c8/element/f.3C6AD4412E448D85C093D3308860BAAC.d.C168EE7CF2B6E94AC8B79F79A73A8079.e.572/rect - {}
RESULT: {}
COMMAND: GET /session/e957c6d77c4c3b135e6e74b3990b52c8/window/rect - {}
RESULT: {}
COMMAND: POST /session/e957c6d77c4c3b135e6e74b3990b52c8/execute/sync - {"script":"<script> [92 bytes]","args":[]}
RESULT: {"script":"<script> [92 bytes]","args":[]}
COMMAND: POST /session/e957c6d77c4c3b135e6e74b3990b52c8/actions - {"actions":[{"id":"action1","type":"wheel","parameters":{},"actions":[{"type":"scroll","x":-1841,"y":-44,"deltaX":0,"deltaY":0,"duration":0,"origin":{"element-6066-11e4-a52e-4f735466cecf":"f.3C6AD4412E448D85C093D3308860BAAC.d.C168EE7CF2B6E94AC8B79F79A73A8079.e.572"}}]}]}
COMMAND: GET /session/e957c6d77c4c3b135e6e74b3990b52c8/screenshot - {}
RESULT: {}
COMMAND: POST /session/e957c6d77c4c3b135e6e74b3990b52c8/execute/sync - {"script":"<script> [79 bytes]","args":[{"element-6066-11e4-a52e-4f735466cecf":"f.3C6AD4412E448D85C093D3308860BAAC.d.C168EE7CF2B6E94AC8B79F79A73A8079.e.572","ELEMENT":"f.3C6AD4412E448D85C093D3308860BAAC.d.C168EE7CF2B6E94AC8B79F79A73A8079.e.572"},{"block":"start","inline":"nearest"}]}
RESULT: {"script":"<script> [79 bytes]","args":[{"element-6066-11e4-a52e-4f735466cecf":"f.3C6AD4412E448D85C093D3308860BAAC.d.C168EE7CF2B6E94AC8B79F79A73A8079.e.572","ELEMENT":"f.3C6AD4412E448D85C093D3308860BAAC.d.C168EE7CF2B6E94AC8B79F79A73A8079.e.572"},{"block":"start","inline":"nearest"}]}
COMMAND: GET /session/e957c6d77c4c3b135e6e74b3990b52c8/screenshot - {}
RESULT: {}
COMMAND: POST /session/e957c6d77c4c3b135e6e74b3990b52c8/execute/async - {"script":"<script> [1562 bytes]","args":[{"selector":{"id":"application-manageyards-display-component---NewYard--addressEditDetailsCostObjectCstType-arrow"},"wdio_ui5_key":"applicationmanageyards-display-component---NewYard--addressEditDetailsCostObjectCstType-arrow"}]}
RESULT: {"script":"<script> [1562 bytes]","args":[{"selector":{"id":"application-manageyards-display-component---NewYard--addressEditDetailsCostObjectCstType-arrow"},"wdio_ui5_key":"applicationmanageyards-display-component---NewYard--addressEditDetailsCostObjectCstType-arrow"}]}
RESULT: undefined
COMMAND: POST /session/e957c6d77c4c3b135e6e74b3990b52c8/element - {"using":"xpath","value":"//*[@id=\"application-manageyards-display-component---NewYard--addressEditDetailsCostObjectCstType-arrow\"]"}
RESULT: {"using":"xpath","value":"//*[@id=\"application-manageyards-display-component---NewYard--addressEditDetailsCostObjectCstType-arrow\"]"}
COMMAND: POST /session/e957c6d77c4c3b135e6e74b3990b52c8/element/f.3C6AD4412E448D85C093D3308860BAAC.d.C168EE7CF2B6E94AC8B79F79A73A8079.e.580/click - {}
RESULT: {}
COMMAND: POST /session/e957c6d77c4c3b135e6e74b3990b52c8/element - {"using":"xpath","value":"//span[contains(text(), \"Cost Center\")]"}
COMMAND: GET /session/e957c6d77c4c3b135e6e74b3990b52c8/screenshot - {}
RESULT: {"using":"xpath","value":"//span[contains(text(), \"Cost Center\")]"}
COMMAND: POST /session/e957c6d77c4c3b135e6e74b3990b52c8/element/f.3C6AD4412E448D85C093D3308860BAAC.d.C168EE7CF2B6E94AC8B79F79A73A8079.e.581/click - {}
RESULT: {}
RESULT: {}
COMMAND: GET /session/e957c6d77c4c3b135e6e74b3990b52c8/screenshot - {}
RESULT: {}
COMMAND: POST /session/e957c6d77c4c3b135e6e74b3990b52c8/execute/async - {"script":"<script> [1562 bytes]","args":[{"selector":{"id":"application-manageyards-display-component---NewYard--addressNewCostObjectCstID-vhi"},"wdio_ui5_key":"applicationmanageyards-display-component---NewYard--addressNewCostObjectCstID-vhi"}]}
RESULT: {"script":"<script> [1562 bytes]","args":[{"selector":{"id":"application-manageyards-display-component---NewYard--addressNewCostObjectCstID-vhi"},"wdio_ui5_key":"applicationmanageyards-display-component---NewYard--addressNewCostObjectCstID-vhi"}]}
RESULT: undefined
COMMAND: POST /session/e957c6d77c4c3b135e6e74b3990b52c8/element - {"using":"xpath","value":"//*[@id=\"application-manageyards-display-component---NewYard--addressNewCostObjectCstID-vhi\"]"}
RESULT: {"using":"xpath","value":"//*[@id=\"application-manageyards-display-component---NewYard--addressNewCostObjectCstID-vhi\"]"}
COMMAND: POST /session/e957c6d77c4c3b135e6e74b3990b52c8/element/f.3C6AD4412E448D85C093D3308860BAAC.d.C168EE7CF2B6E94AC8B79F79A73A8079.e.585/click - {}
RESULT: {}
COMMAND: GET /session/e957c6d77c4c3b135e6e74b3990b52c8/screenshot - {}
RESULT: {}
COMMAND: POST /session/e957c6d77c4c3b135e6e74b3990b52c8/execute/async - {"script":"<script> [1562 bytes]","args":[{"selector":{"controlType":"sap.m.SearchField","properties":{"placeholder":"Search"},"searchOpenDialogs":true,"interaction":{"idSuffix":"I"}},"wdio_ui5_key":"sapm.SearchField{\"placeholder\":\"Search\"}"}]}
RESULT: {"script":"<script> [1562 bytes]","args":[{"selector":{"controlType":"sap.m.SearchField","properties":{"placeholder":"Search"},"searchOpenDialogs":true,"interaction":{"idSuffix":"I"}},"wdio_ui5_key":"sapm.SearchField{\"placeholder\":\"Search\"}"}]}
RESULT: undefined
COMMAND: POST /session/e957c6d77c4c3b135e6e74b3990b52c8/execute/async - {"script":"<script> [776 bytes]","args":[{"enterText":"10001013","selector":{"controlType":"sap.m.SearchField","properties":{"placeholder":"Search"},"searchOpenDialogs":true,"interaction":{"idSuffix":"I"}},"clearTextFirst":true,"interactionType":"ENTER_TEXT"}]}
RESULT: {"script":"<script> [776 bytes]","args":[{"enterText":"10001013","selector":{"controlType":"sap.m.SearchField","properties":{"placeholder":"Search"},"searchOpenDialogs":true,"interaction":{"idSuffix":"I"}},"clearTextFirst":true,"interactionType":"ENTER_TEXT"}]}
COMMAND: POST /session/e957c6d77c4c3b135e6e74b3990b52c8/actions - {"actions":[{"id":"action2","type":"key","parameters":{},"actions":[{"type":"keyDown","value":"î€‡"},{"type":"pause","duration":10},{"type":"keyUp","value":"î€‡"}]}]}
RESULT: {"actions":[{"id":"action2","type":"key","parameters":{},"actions":[{"type":"keyDown","value":"î€‡"},{"type":"pause","duration":10},{"type":"keyUp","value":"î€‡"}]}]}
COMMAND: GET /session/e957c6d77c4c3b135e6e74b3990b52c8/screenshot - {}
RESULT: {}
COMMAND: POST /session/e957c6d77c4c3b135e6e74b3990b52c8/element - {"using":"xpath","value":"//span[contains(text(), \"General Management\")]"}
RESULT: {"using":"xpath","value":"//span[contains(text(), \"General Management\")]"}
COMMAND: POST /session/e957c6d77c4c3b135e6e74b3990b52c8/element/f.3C6AD4412E448D85C093D3308860BAAC.d.C168EE7CF2B6E94AC8B79F79A73A8079.e.626/click - {}
RESULT: {}
COMMAND: GET /session/e957c6d77c4c3b135e6e74b3990b52c8/screenshot - {}
RESULT: {}
COMMAND: POST /session/e957c6d77c4c3b135e6e74b3990b52c8/element - {"using":"xpath","value":"//bdi[contains(text(), \"OK\")]"}
RESULT: {"using":"xpath","value":"//bdi[contains(text(), \"OK\")]"}
COMMAND: POST /session/e957c6d77c4c3b135e6e74b3990b52c8/element/f.3C6AD4412E448D85C093D3308860BAAC.d.C168EE7CF2B6E94AC8B79F79A73A8079.e.627/click - {}
RESULT: {}
COMMAND: GET /session/e957c6d77c4c3b135e6e74b3990b52c8/screenshot - {}
RESULT: {}
COMMAND: POST /session/e957c6d77c4c3b135e6e74b3990b52c8/execute/async - {"script":"<script> [1562 bytes]","args":[{"selector":{"controlType":"sap.m.Button","viewName":"etm.portal.ui.manageyards.view.New","viewId":"application-manageyards-display-component---NewYard","i18NText":{"propertyName":"text","key":"save"},"interaction":{"idSuffix":"inner"}},"wdio_ui5_key":"etmportal.ui.manageyards.view.Newsap.m.Button{\"propertyName\":\"text\",\"key\":\"save\"}"}]}
RESULT: {"script":"<script> [1562 bytes]","args":[{"selector":{"controlType":"sap.m.Button","viewName":"etm.portal.ui.manageyards.view.New","viewId":"application-manageyards-display-component---NewYard","i18NText":{"propertyName":"text","key":"save"},"interaction":{"idSuffix":"inner"}},"wdio_ui5_key":"etmportal.ui.manageyards.view.Newsap.m.Button{\"propertyName\":\"text\",\"key\":\"save\"}"}]}
RESULT: undefined
COMMAND: POST /session/e957c6d77c4c3b135e6e74b3990b52c8/element - {"using":"xpath","value":"//*[@id=\"__button18\"]"}
RESULT: {"using":"xpath","value":"//*[@id=\"__button18\"]"}
COMMAND: POST /session/e957c6d77c4c3b135e6e74b3990b52c8/element/f.3C6AD4412E448D85C093D3308860BAAC.d.C168EE7CF2B6E94AC8B79F79A73A8079.e.552/click - {}
RESULT: {}
COMMAND: GET /session/e957c6d77c4c3b135e6e74b3990b52c8/screenshot - {}
RESULT: {}
COMMAND: POST /session/e957c6d77c4c3b135e6e74b3990b52c8/element - {"using":"xpath","value":"//header/div/div[2]/div[2]/span"}
RESULT: {"using":"xpath","value":"//header/div/div[2]/div[2]/span"}
COMMAND: GET /session/e957c6d77c4c3b135e6e74b3990b52c8/element/f.3C6AD4412E448D85C093D3308860BAAC.d.C168EE7CF2B6E94AC8B79F79A73A8079.e.822/text - {}
RESULT: {}
COMMAND: POST /session/e957c6d77c4c3b135e6e74b3990b52c8/execute/async - {"script":"<script> [1562 bytes]","args":[{"selector":{"controlType":"sap.m.OverflowToolbarButton","viewName":"etm.portal.ui.manageyards.view.Detail","viewId":"application-manageyards-display-component---detailYard","i18NText":{"propertyName":"tooltip","key":"closeColumn"},"interaction":{"idSuffix":"inner"}},"wdio_ui5_key":"etmportal.ui.manageyards.view.Detailsap.m.OverflowToolbarButton{\"propertyName\":\"tooltip\",\"key\":\"closeColumn\"}"}]}
RESULT: {"script":"<script> [1562 bytes]","args":[{"selector":{"controlType":"sap.m.OverflowToolbarButton","viewName":"etm.portal.ui.manageyards.view.Detail","viewId":"application-manageyards-display-component---detailYard","i18NText":{"propertyName":"tooltip","key":"closeColumn"},"interaction":{"idSuffix":"inner"}},"wdio_ui5_key":"etmportal.ui.manageyards.view.Detailsap.m.OverflowToolbarButton{\"propertyName\":\"tooltip\",\"key\":\"closeColumn\"}"}]}
RESULT: undefined
COMMAND: POST /session/e957c6d77c4c3b135e6e74b3990b52c8/element - {"using":"xpath","value":"//*[@id=\"__button42\"]"}
RESULT: {"using":"xpath","value":"//*[@id=\"__button42\"]"}
COMMAND: POST /session/e957c6d77c4c3b135e6e74b3990b52c8/element/f.3C6AD4412E448D85C093D3308860BAAC.d.C168EE7CF2B6E94AC8B79F79A73A8079.e.824/click - {}
RESULT: {}
COMMAND: GET /session/e957c6d77c4c3b135e6e74b3990b52c8/screenshot - {}
RESULT: {}
COMMAND: POST /session/e957c6d77c4c3b135e6e74b3990b52c8/element - {"using":"css selector","value":"#shell-header-logo"}
RESULT: {"using":"css selector","value":"#shell-header-logo"}
COMMAND: POST /session/e957c6d77c4c3b135e6e74b3990b52c8/element/f.3C6AD4412E448D85C093D3308860BAAC.d.C168EE7CF2B6E94AC8B79F79A73A8079.e.123/click - {}
RESULT: {}
COMMAND: GET /session/e957c6d77c4c3b135e6e74b3990b52c8/screenshot - {}
RESULT: {}
COMMAND: POST /session/e957c6d77c4c3b135e6e74b3990b52c8/refresh - {}
RESULT: {}
COMMAND: GET /session/e957c6d77c4c3b135e6e74b3990b52c8/screenshot - {}
RESULT: {}
COMMAND: POST /session/e957c6d77c4c3b135e6e74b3990b52c8/execute/async - {"script":"<script> [189 bytes]","args":[]}
RESULT: {"script":"<script> [189 bytes]","args":[]}
COMMAND: POST /session/e957c6d77c4c3b135e6e74b3990b52c8/execute/async - {"script":"<script> [123 bytes]","args":[]}
RESULT: {"script":"<script> [123 bytes]","args":[]}
COMMAND: POST /session/e957c6d77c4c3b135e6e74b3990b52c8/timeouts - {"script":"<number>"}
RESULT: {"script":"<number>"}
COMMAND: GET /session/e957c6d77c4c3b135e6e74b3990b52c8/timeouts - {}
RESULT: {}
RESULT: undefined
COMMAND: POST /session/e957c6d77c4c3b135e6e74b3990b52c8/execute/async - {"script":"<script> [2676 bytes]","args":[]}
RESULT: {"script":"<script> [2676 bytes]","args":[]}
COMMAND: POST /session/e957c6d77c4c3b135e6e74b3990b52c8/execute/async - {"script":"<script> [2342 bytes]","args":[{"protocol":"http","hostname":"0.0.0.0","path":"/","capabilities":{"browserName":"chrome","goog:chromeOptions":{"binary":"C:\\Program Files\\Google\\Chrome\\Application\\chrome.exe","args":["--start-maximized"]}},"logLevel":"warn","connectionRetryTimeout":120000,"connectionRetryCount":3,"logLevels":{},"enableDirectConnect":true,"strictSSL":true,"_":"65 more keys: [\"cacheDir\",\"port\",\"requestedCapabilities\",\"automationProtocol\",\"baseUrl\",\"waitforInterval\",\"waitforTimeout\",\"onReload\",\"beforeCommand\",\"afterCommand\",\"rootDir\",\"specs\",\"suites\",\"exclude\",\"groupLogsByTestSpec\",\"excludeDriverLogs\",\"bail\",\"framework\",\"reporters\",\"services\",\"maxInstances\",\"maxInstancesPerCapability\",\"injectGlobals\",\"filesToWatch\",\"execArgv\",\"runnerEnv\",\"runner\",\"shard\",\"specFileRetries\",\"specFileRetriesDelay\",\"specFileRetriesDeferred\",\"reporterSyncInterval\",\"reporterSyncTimeout\",\"cucumberFeaturesWithLineNumbers\",\"autoCompileOpts\",\"mochaOpts\",\"jasmineOpts\",\"cucumberOpts\",\"onPrepare\",\"onWorkerStart\",\"onWorkerEnd\",\"before\",\"beforeSession\",\"beforeSuite\",\"beforeHook\",\"beforeTest\",\"afterTest\",\"afterHook\",\"afterSuite\",\"afterSession\",\"after\",\"onComplete\",\"beforeAssertion\",\"afterAssertion\",\"beforeFeature\",\"beforeScenario\",\"beforeStep\",\"afterStep\",\"afterScenario\",\"afterFeature\",\"_\",\"suite\",\"$0\",\"ignoredWorkerServices\",\"wdi5\"]"}]}
RESULT: {"script":"<script> [2342 bytes]","args":[{"protocol":"http","hostname":"0.0.0.0","path":"/","capabilities":{"browserName":"chrome","goog:chromeOptions":{"binary":"C:\\Program Files\\Google\\Chrome\\Application\\chrome.exe","args":["--start-maximized"]}},"logLevel":"warn","connectionRetryTimeout":120000,"connectionRetryCount":3,"logLevels":{},"enableDirectConnect":true,"strictSSL":true,"_":"65 more keys: [\"cacheDir\",\"port\",\"requestedCapabilities\",\"automationProtocol\",\"baseUrl\",\"waitforInterval\",\"waitforTimeout\",\"onReload\",\"beforeCommand\",\"afterCommand\",\"rootDir\",\"specs\",\"suites\",\"exclude\",\"groupLogsByTestSpec\",\"excludeDriverLogs\",\"bail\",\"framework\",\"reporters\",\"services\",\"maxInstances\",\"maxInstancesPerCapability\",\"injectGlobals\",\"filesToWatch\",\"execArgv\",\"runnerEnv\",\"runner\",\"shard\",\"specFileRetries\",\"specFileRetriesDelay\",\"specFileRetriesDeferred\",\"reporterSyncInterval\",\"reporterSyncTimeout\",\"cucumberFeaturesWithLineNumbers\",\"autoCompileOpts\",\"mochaOpts\",\"jasmineOpts\",\"cucumberOpts\",\"onPrepare\",\"onWorkerStart\",\"onWorkerEnd\",\"before\",\"beforeSession\",\"beforeSuite\",\"beforeHook\",\"beforeTest\",\"afterTest\",\"afterHook\",\"afterSuite\",\"afterSession\",\"after\",\"onComplete\",\"beforeAssertion\",\"afterAssertion\",\"beforeFeature\",\"beforeScenario\",\"beforeStep\",\"afterStep\",\"afterScenario\",\"afterFeature\",\"_\",\"suite\",\"$0\",\"ignoredWorkerServices\",\"wdi5\"]"}]}
COMMAND: POST /session/e957c6d77c4c3b135e6e74b3990b52c8/execute/async - {"script":"<script> [21126 bytes]","args":[35000]}
RESULT: {"script":"<script> [21126 bytes]","args":[35000]}
COMMAND: POST /session/e957c6d77c4c3b135e6e74b3990b52c8/execute/async - {"script":"<script> [1562 bytes]","args":[{"selector":{"controlType":"sap.m.GenericTile","properties":{"header":"Manage Partners"}},"wdio_ui5_key":"sapm.GenericTile{\"header\":\"Manage Partners\"}"}]}
RESULT: {"script":"<script> [1562 bytes]","args":[{"selector":{"controlType":"sap.m.GenericTile","properties":{"header":"Manage Partners"}},"wdio_ui5_key":"sapm.GenericTile{\"header\":\"Manage Partners\"}"}]}
RESULT: undefined
COMMAND: POST /session/e957c6d77c4c3b135e6e74b3990b52c8/element - {"using":"xpath","value":"//*[@id=\"__tile39\"]"}
RESULT: {"using":"xpath","value":"//*[@id=\"__tile39\"]"}
COMMAND: POST /session/e957c6d77c4c3b135e6e74b3990b52c8/element/f.3C6AD4412E448D85C093D3308860BAAC.d.7C58C4C9CFAF11711C50E59935FD6EDA.e.1177/click - {}
RESULT: {}
COMMAND: GET /session/e957c6d77c4c3b135e6e74b3990b52c8/screenshot - {}
RESULT: {}
COMMAND: POST /session/e957c6d77c4c3b135e6e74b3990b52c8/elements - {"using":"xpath","value":"//span[text()='Error']"}
RESULT: {"using":"xpath","value":"//span[text()='Error']"}
COMMAND: POST /session/e957c6d77c4c3b135e6e74b3990b52c8/execute/async - {"script":"<script> [1562 bytes]","args":[{"selector":{"controlType":"sap.ui.core.Icon","viewName":"etm.portal.ui.managepartners.view.Master","viewId":"application-managepartners-display-component---masterPtm","properties":{"src":{"regex":{"source":"add"}}}},"wdio_ui5_key":"etmportal.ui.managepartners.view.Mastersap.ui.core.Icon{\"src\":{\"regex\":{\"source\":\"add\"}}}"}]}
RESULT: {"script":"<script> [1562 bytes]","args":[{"selector":{"controlType":"sap.ui.core.Icon","viewName":"etm.portal.ui.managepartners.view.Master","viewId":"application-managepartners-display-component---masterPtm","properties":{"src":{"regex":{"source":"add"}}}},"wdio_ui5_key":"etmportal.ui.managepartners.view.Mastersap.ui.core.Icon{\"src\":{\"regex\":{\"source\":\"add\"}}}"}]}
RESULT: undefined
COMMAND: POST /session/e957c6d77c4c3b135e6e74b3990b52c8/element - {"using":"xpath","value":"//*[@id=\"__button4-img\"]"}
RESULT: {"using":"xpath","value":"//*[@id=\"__button4-img\"]"}
COMMAND: POST /session/e957c6d77c4c3b135e6e74b3990b52c8/element/f.3C6AD4412E448D85C093D3308860BAAC.d.7C58C4C9CFAF11711C50E59935FD6EDA.e.1229/click - {}
RESULT: {}
COMMAND: GET /session/e957c6d77c4c3b135e6e74b3990b52c8/screenshot - {}
RESULT: {}
COMMAND: POST /session/e957c6d77c4c3b135e6e74b3990b52c8/execute/async - {"script":"<script> [1562 bytes]","args":[{"selector":{"id":"application-managepartners-display-component---NewPartner--partnerId","interaction":{"idSuffix":"inner"}},"wdio_ui5_key":"applicationmanagepartners-display-component---NewPartner--partnerId"}]}
RESULT: {"script":"<script> [1562 bytes]","args":[{"selector":{"id":"application-managepartners-display-component---NewPartner--partnerId","interaction":{"idSuffix":"inner"}},"wdio_ui5_key":"applicationmanagepartners-display-component---NewPartner--partnerId"}]}
RESULT: undefined
COMMAND: POST /session/e957c6d77c4c3b135e6e74b3990b52c8/execute/async - {"script":"<script> [1562 bytes]","args":[{"selector":{"id":"application-managepartners-display-component---NewPartner--addressDetailDetailsName1","interaction":{"idSuffix":"inner"}},"wdio_ui5_key":"applicationmanagepartners-display-component---NewPartner--addressDetailDetailsName1"}]}
RESULT: {"script":"<script> [1562 bytes]","args":[{"selector":{"id":"application-managepartners-display-component---NewPartner--addressDetailDetailsName1","interaction":{"idSuffix":"inner"}},"wdio_ui5_key":"applicationmanagepartners-display-component---NewPartner--addressDetailDetailsName1"}]}
RESULT: undefined
COMMAND: POST /session/e957c6d77c4c3b135e6e74b3990b52c8/execute/async - {"script":"<script> [776 bytes]","args":[{"enterText":"WebdriverPartnervjykd","selector":{"id":"application-managepartners-display-component---NewPartner--addressDetailDetailsName1","interaction":{"idSuffix":"inner"}},"clearTextFirst":true,"interactionType":"ENTER_TEXT"}]}
RESULT: {"script":"<script> [776 bytes]","args":[{"enterText":"WebdriverPartnervjykd","selector":{"id":"application-managepartners-display-component---NewPartner--addressDetailDetailsName1","interaction":{"idSuffix":"inner"}},"clearTextFirst":true,"interactionType":"ENTER_TEXT"}]}
COMMAND: POST /session/e957c6d77c4c3b135e6e74b3990b52c8/execute/async - {"script":"<script> [1562 bytes]","args":[{"selector":{"id":"application-managepartners-display-component---NewPartner--addressDetailDetailsLanguage","interaction":{"idSuffix":"inner"}},"wdio_ui5_key":"applicationmanagepartners-display-component---NewPartner--addressDetailDetailsLanguage"}]}
RESULT: {"script":"<script> [1562 bytes]","args":[{"selector":{"id":"application-managepartners-display-component---NewPartner--addressDetailDetailsLanguage","interaction":{"idSuffix":"inner"}},"wdio_ui5_key":"applicationmanagepartners-display-component---NewPartner--addressDetailDetailsLanguage"}]}
RESULT: undefined
COMMAND: POST /session/e957c6d77c4c3b135e6e74b3990b52c8/execute/async - {"script":"<script> [776 bytes]","args":[{"enterText":"Romanian","selector":{"id":"application-managepartners-display-component---NewPartner--addressDetailDetailsLanguage","interaction":{"idSuffix":"inner"}},"clearTextFirst":true,"interactionType":"ENTER_TEXT"}]}
RESULT: {"script":"<script> [776 bytes]","args":[{"enterText":"Romanian","selector":{"id":"application-managepartners-display-component---NewPartner--addressDetailDetailsLanguage","interaction":{"idSuffix":"inner"}},"clearTextFirst":true,"interactionType":"ENTER_TEXT"}]}
COMMAND: POST /session/e957c6d77c4c3b135e6e74b3990b52c8/element - {"using":"xpath","value":"//input[contains(@id ,\"application-managepartners-display-component---NewPartner--addressDetailDetailsName1-inner\")]"}
RESULT: {"using":"xpath","value":"//input[contains(@id ,\"application-managepartners-display-component---NewPartner--addressDetailDetailsName1-inner\")]"}
COMMAND: GET /session/e957c6d77c4c3b135e6e74b3990b52c8/element/f.3C6AD4412E448D85C093D3308860BAAC.d.7C58C4C9CFAF11711C50E59935FD6EDA.e.1353/property/value - {}
RESULT: {}
COMMAND: POST /session/e957c6d77c4c3b135e6e74b3990b52c8/execute/async - {"script":"<script> [1562 bytes]","args":[{"selector":{"id":"application-managepartners-display-component---NewPartner--addressDetailDetailsCity1","interaction":{"idSuffix":"inner"}},"wdio_ui5_key":"applicationmanagepartners-display-component---NewPartner--addressDetailDetailsCity1"}]}
COMMAND: GET /session/e957c6d77c4c3b135e6e74b3990b52c8/screenshot - {}
RESULT: {"script":"<script> [1562 bytes]","args":[{"selector":{"id":"application-managepartners-display-component---NewPartner--addressDetailDetailsCity1","interaction":{"idSuffix":"inner"}},"wdio_ui5_key":"applicationmanagepartners-display-component---NewPartner--addressDetailDetailsCity1"}]}
RESULT: undefined
COMMAND: POST /session/e957c6d77c4c3b135e6e74b3990b52c8/execute/async - {"script":"<script> [776 bytes]","args":[{"enterText":"Bucharest","selector":{"id":"application-managepartners-display-component---NewPartner--addressDetailDetailsCity1","interaction":{"idSuffix":"inner"}},"clearTextFirst":true,"interactionType":"ENTER_TEXT"}]}
RESULT: {}
RESULT: {"script":"<script> [776 bytes]","args":[{"enterText":"Bucharest","selector":{"id":"application-managepartners-display-component---NewPartner--addressDetailDetailsCity1","interaction":{"idSuffix":"inner"}},"clearTextFirst":true,"interactionType":"ENTER_TEXT"}]}
COMMAND: POST /session/e957c6d77c4c3b135e6e74b3990b52c8/execute/async - {"script":"<script> [1562 bytes]","args":[{"selector":{"id":"application-managepartners-display-component---NewPartner--addressDetailDetailsCountry","interaction":{"idSuffix":"inner"}},"wdio_ui5_key":"applicationmanagepartners-display-component---NewPartner--addressDetailDetailsCountry"}]}
RESULT: {"script":"<script> [1562 bytes]","args":[{"selector":{"id":"application-managepartners-display-component---NewPartner--addressDetailDetailsCountry","interaction":{"idSuffix":"inner"}},"wdio_ui5_key":"applicationmanagepartners-display-component---NewPartner--addressDetailDetailsCountry"}]}
RESULT: undefined
COMMAND: POST /session/e957c6d77c4c3b135e6e74b3990b52c8/execute/async - {"script":"<script> [6424 bytes]","args":[{"element-6066-11e4-a52e-4f735466cecf":"f.3C6AD4412E448D85C093D3308860BAAC.d.7C58C4C9CFAF11711C50E59935FD6EDA.e.1360"},"setValue",["Romania"]]}
RESULT: {"script":"<script> [6424 bytes]","args":[{"element-6066-11e4-a52e-4f735466cecf":"f.3C6AD4412E448D85C093D3308860BAAC.d.7C58C4C9CFAF11711C50E59935FD6EDA.e.1360"},"setValue",["Romania"]]}
COMMAND: POST /session/e957c6d77c4c3b135e6e74b3990b52c8/execute/async - {"script":"<script> [1562 bytes]","args":[{"selector":{"id":"application-managepartners-display-component---NewPartner--partnerDetailInternal","interaction":{"idSuffix":"inner"}},"wdio_ui5_key":"applicationmanagepartners-display-component---NewPartner--partnerDetailInternal"}]}
RESULT: {"script":"<script> [1562 bytes]","args":[{"selector":{"id":"application-managepartners-display-component---NewPartner--partnerDetailInternal","interaction":{"idSuffix":"inner"}},"wdio_ui5_key":"applicationmanagepartners-display-component---NewPartner--partnerDetailInternal"}]}
RESULT: undefined
COMMAND: POST /session/e957c6d77c4c3b135e6e74b3990b52c8/execute/async - {"script":"<script> [776 bytes]","args":[{"enterText":"External partner","selector":{"id":"application-managepartners-display-component---NewPartner--partnerDetailInternal","interaction":{"idSuffix":"inner"}},"clearTextFirst":true,"interactionType":"ENTER_TEXT"}]}
RESULT: {"script":"<script> [776 bytes]","args":[{"enterText":"External partner","selector":{"id":"application-managepartners-display-component---NewPartner--partnerDetailInternal","interaction":{"idSuffix":"inner"}},"clearTextFirst":true,"interactionType":"ENTER_TEXT"}]}
COMMAND: POST /session/e957c6d77c4c3b135e6e74b3990b52c8/execute/async - {"script":"<script> [1562 bytes]","args":[{"selector":{"id":"application-managepartners-display-component---NewPartner--partnerDetailsCurrency","interaction":{"idSuffix":"inner"}},"wdio_ui5_key":"applicationmanagepartners-display-component---NewPartner--partnerDetailsCurrency"}]}
RESULT: {"script":"<script> [1562 bytes]","args":[{"selector":{"id":"application-managepartners-display-component---NewPartner--partnerDetailsCurrency","interaction":{"idSuffix":"inner"}},"wdio_ui5_key":"applicationmanagepartners-display-component---NewPartner--partnerDetailsCurrency"}]}
RESULT: undefined
COMMAND: POST /session/e957c6d77c4c3b135e6e74b3990b52c8/execute/async - {"script":"<script> [776 bytes]","args":[{"enterText":"Euro","selector":{"id":"application-managepartners-display-component---NewPartner--partnerDetailsCurrency","interaction":{"idSuffix":"inner"}},"clearTextFirst":true,"interactionType":"ENTER_TEXT"}]}
RESULT: {"script":"<script> [776 bytes]","args":[{"enterText":"Euro","selector":{"id":"application-managepartners-display-component---NewPartner--partnerDetailsCurrency","interaction":{"idSuffix":"inner"}},"clearTextFirst":true,"interactionType":"ENTER_TEXT"}]}
COMMAND: POST /session/e957c6d77c4c3b135e6e74b3990b52c8/execute/async - {"script":"<script> [1562 bytes]","args":[{"selector":{"controlType":"sap.m.Button","viewName":"etm.portal.ui.managepartners.view.NewPartner","viewId":"application-managepartners-display-component---NewPartner","properties":{"text":"Commercial"},"interaction":{"idSuffix":"BDI-content"}},"wdio_ui5_key":"etmportal.ui.managepartners.view.NewPartnersap.m.Button{\"text\":\"Commercial\"}"}]}
RESULT: {"script":"<script> [1562 bytes]","args":[{"selector":{"controlType":"sap.m.Button","viewName":"etm.portal.ui.managepartners.view.NewPartner","viewId":"application-managepartners-display-component---NewPartner","properties":{"text":"Commercial"},"interaction":{"idSuffix":"BDI-content"}},"wdio_ui5_key":"etmportal.ui.managepartners.view.NewPartnersap.m.Button{\"text\":\"Commercial\"}"}]}
RESULT: undefined
COMMAND: POST /session/e957c6d77c4c3b135e6e74b3990b52c8/element - {"using":"xpath","value":"//*[@id=\"application-managepartners-display-component---NewPartner--ObjectPageLayout-anchBar-__section5-anchor\"]"}
RESULT: {"using":"xpath","value":"//*[@id=\"application-managepartners-display-component---NewPartner--ObjectPageLayout-anchBar-__section5-anchor\"]"}
COMMAND: POST /session/e957c6d77c4c3b135e6e74b3990b52c8/element/f.3C6AD4412E448D85C093D3308860BAAC.d.7C58C4C9CFAF11711C50E59935FD6EDA.e.1559/click - {}
RESULT: {}
COMMAND: GET /session/e957c6d77c4c3b135e6e74b3990b52c8/screenshot - {}
RESULT: {}
COMMAND: POST /session/e957c6d77c4c3b135e6e74b3990b52c8/execute/async - {"script":"<script> [1562 bytes]","args":[{"selector":{"id":"application-managepartners-display-component---NewPartner--btnAddTableRow-img"},"wdio_ui5_key":"applicationmanagepartners-display-component---NewPartner--btnAddTableRow-img"}]}
RESULT: {"script":"<script> [1562 bytes]","args":[{"selector":{"id":"application-managepartners-display-component---NewPartner--btnAddTableRow-img"},"wdio_ui5_key":"applicationmanagepartners-display-component---NewPartner--btnAddTableRow-img"}]}
RESULT: undefined
COMMAND: POST /session/e957c6d77c4c3b135e6e74b3990b52c8/element - {"using":"xpath","value":"//*[@id=\"application-managepartners-display-component---NewPartner--btnAddTableRow-img\"]"}
RESULT: {"using":"xpath","value":"//*[@id=\"application-managepartners-display-component---NewPartner--btnAddTableRow-img\"]"}
COMMAND: POST /session/e957c6d77c4c3b135e6e74b3990b52c8/element/f.3C6AD4412E448D85C093D3308860BAAC.d.7C58C4C9CFAF11711C50E59935FD6EDA.e.1565/click - {}
RESULT: {}
COMMAND: POST /session/e957c6d77c4c3b135e6e74b3990b52c8/element - {"using":"xpath","value":"//input[contains(@id ,\"application-managepartners-display-component---NewPartner--assignmentYard-application-managepartners-display-component---NewPartner\")]"}
COMMAND: GET /session/e957c6d77c4c3b135e6e74b3990b52c8/screenshot - {}
RESULT: {"using":"xpath","value":"//input[contains(@id ,\"application-managepartners-display-component---NewPartner--assignmentYard-application-managepartners-display-component---NewPartner\")]"}
COMMAND: POST /session/e957c6d77c4c3b135e6e74b3990b52c8/element/f.3C6AD4412E448D85C093D3308860BAAC.d.7C58C4C9CFAF11711C50E59935FD6EDA.e.1570/clear - {}
RESULT: {}
RESULT: {}
COMMAND: POST /session/e957c6d77c4c3b135e6e74b3990b52c8/element/f.3C6AD4412E448D85C093D3308860BAAC.d.7C58C4C9CFAF11711C50E59935FD6EDA.e.1570/value - {"text":"WebdriverYardyfcq2"}
COMMAND: GET /session/e957c6d77c4c3b135e6e74b3990b52c8/screenshot - {}
RESULT: {"text":"WebdriverYardyfcq2"}
COMMAND: GET /session/e957c6d77c4c3b135e6e74b3990b52c8/screenshot - {}
RESULT: {}
RESULT: {}
COMMAND: POST /session/e957c6d77c4c3b135e6e74b3990b52c8/execute/async - {"script":"<script> [1562 bytes]","args":[{"selector":{"controlType":"sap.m.Button","viewName":"etm.portal.ui.managepartners.view.NewPartner","viewId":"application-managepartners-display-component---NewPartner","i18NText":{"propertyName":"text","key":"save"},"interaction":{"idSuffix":"BDI-content"}},"wdio_ui5_key":"etmportal.ui.managepartners.view.NewPartnersap.m.Button{\"propertyName\":\"text\",\"key\":\"save\"}"}]}
RESULT: {"script":"<script> [1562 bytes]","args":[{"selector":{"controlType":"sap.m.Button","viewName":"etm.portal.ui.managepartners.view.NewPartner","viewId":"application-managepartners-display-component---NewPartner","i18NText":{"propertyName":"text","key":"save"},"interaction":{"idSuffix":"BDI-content"}},"wdio_ui5_key":"etmportal.ui.managepartners.view.NewPartnersap.m.Button{\"propertyName\":\"text\",\"key\":\"save\"}"}]}
RESULT: undefined
COMMAND: POST /session/e957c6d77c4c3b135e6e74b3990b52c8/element - {"using":"xpath","value":"//*[@id=\"__button12\"]"}
RESULT: {"using":"xpath","value":"//*[@id=\"__button12\"]"}
COMMAND: POST /session/e957c6d77c4c3b135e6e74b3990b52c8/element/f.3C6AD4412E448D85C093D3308860BAAC.d.7C58C4C9CFAF11711C50E59935FD6EDA.e.1537/click - {}
RESULT: {}
COMMAND: GET /session/e957c6d77c4c3b135e6e74b3990b52c8/screenshot - {}
RESULT: {}
COMMAND: POST /session/e957c6d77c4c3b135e6e74b3990b52c8/element - {"using":"xpath","value":"//header/div/div[2]/div[2]/span"}
RESULT: {"using":"xpath","value":"//header/div/div[2]/div[2]/span"}
COMMAND: GET /session/e957c6d77c4c3b135e6e74b3990b52c8/element/f.3C6AD4412E448D85C093D3308860BAAC.d.7C58C4C9CFAF11711C50E59935FD6EDA.e.1692/text - {}
RESULT: {}
COMMAND: POST /session/e957c6d77c4c3b135e6e74b3990b52c8/element - {"using":"xpath","value":"//header/div/div/div/div/div/div[2]/div/span"}
RESULT: {"using":"xpath","value":"//header/div/div/div/div/div/div[2]/div/span"}
COMMAND: GET /session/e957c6d77c4c3b135e6e74b3990b52c8/element/f.3C6AD4412E448D85C093D3308860BAAC.d.7C58C4C9CFAF11711C50E59935FD6EDA.e.1693/text - {}
RESULT: {}
COMMAND: POST /session/e957c6d77c4c3b135e6e74b3990b52c8/execute/async - {"script":"<script> [1562 bytes]","args":[{"selector":{"id":"application-managepartners-display-component---detailPtm--partnerType"},"wdio_ui5_key":"applicationmanagepartners-display-component---detailPtm--partnerType"}]}
RESULT: {"script":"<script> [1562 bytes]","args":[{"selector":{"id":"application-managepartners-display-component---detailPtm--partnerType"},"wdio_ui5_key":"applicationmanagepartners-display-component---detailPtm--partnerType"}]}
RESULT: undefined
COMMAND: POST /session/e957c6d77c4c3b135e6e74b3990b52c8/execute/async - {"script":"<script> [6424 bytes]","args":[{"element-6066-11e4-a52e-4f735466cecf":"f.3C6AD4412E448D85C093D3308860BAAC.d.7C58C4C9CFAF11711C50E59935FD6EDA.e.1694"},"getText",[]]}
RESULT: {"script":"<script> [6424 bytes]","args":[{"element-6066-11e4-a52e-4f735466cecf":"f.3C6AD4412E448D85C093D3308860BAAC.d.7C58C4C9CFAF11711C50E59935FD6EDA.e.1694"},"getText",[]]}
COMMAND: POST /session/e957c6d77c4c3b135e6e74b3990b52c8/element - {"using":"css selector","value":"#shell-header-logo"}
RESULT: {"using":"css selector","value":"#shell-header-logo"}
COMMAND: POST /session/e957c6d77c4c3b135e6e74b3990b52c8/element/f.3C6AD4412E448D85C093D3308860BAAC.d.7C58C4C9CFAF11711C50E59935FD6EDA.e.1180/click - {}
RESULT: {}
COMMAND: GET /session/e957c6d77c4c3b135e6e74b3990b52c8/screenshot - {}
RESULT: {}
COMMAND: POST /session/e957c6d77c4c3b135e6e74b3990b52c8/execute/async - {"script":"<script> [1562 bytes]","args":[{"selector":{"controlType":"sap.m.GenericTile","properties":{"header":"Manage Sites"}},"wdio_ui5_key":"sapm.GenericTile{\"header\":\"Manage Sites\"}"}]}
RESULT: {"script":"<script> [1562 bytes]","args":[{"selector":{"controlType":"sap.m.GenericTile","properties":{"header":"Manage Sites"}},"wdio_ui5_key":"sapm.GenericTile{\"header\":\"Manage Sites\"}"}]}
RESULT: undefined
COMMAND: POST /session/e957c6d77c4c3b135e6e74b3990b52c8/element - {"using":"xpath","value":"//*[@id=\"__tile41\"]"}
RESULT: {"using":"xpath","value":"//*[@id=\"__tile41\"]"}
COMMAND: POST /session/e957c6d77c4c3b135e6e74b3990b52c8/element/f.3C6AD4412E448D85C093D3308860BAAC.d.7C58C4C9CFAF11711C50E59935FD6EDA.e.1696/click - {}
RESULT: {}
COMMAND: GET /session/e957c6d77c4c3b135e6e74b3990b52c8/screenshot - {}
RESULT: {}
COMMAND: POST /session/e957c6d77c4c3b135e6e74b3990b52c8/elements - {"using":"xpath","value":"//span[text()='Error']"}
RESULT: {"using":"xpath","value":"//span[text()='Error']"}
COMMAND: POST /session/e957c6d77c4c3b135e6e74b3990b52c8/execute/async - {"script":"<script> [1562 bytes]","args":[{"selector":{"controlType":"sap.ui.core.Icon","viewName":"etm.portal.ui.managesites.view.Master","viewId":"application-managesites-display-component---masterSite","properties":{"src":{"regex":{"source":"add"}}}},"wdio_ui5_key":"etmportal.ui.managesites.view.Mastersap.ui.core.Icon{\"src\":{\"regex\":{\"source\":\"add\"}}}"}]}
RESULT: {"script":"<script> [1562 bytes]","args":[{"selector":{"controlType":"sap.ui.core.Icon","viewName":"etm.portal.ui.managesites.view.Master","viewId":"application-managesites-display-component---masterSite","properties":{"src":{"regex":{"source":"add"}}}},"wdio_ui5_key":"etmportal.ui.managesites.view.Mastersap.ui.core.Icon{\"src\":{\"regex\":{\"source\":\"add\"}}}"}]}
RESULT: undefined
COMMAND: POST /session/e957c6d77c4c3b135e6e74b3990b52c8/element - {"using":"xpath","value":"//*[@id=\"__button52-img\"]"}
RESULT: {"using":"xpath","value":"//*[@id=\"__button52-img\"]"}
COMMAND: POST /session/e957c6d77c4c3b135e6e74b3990b52c8/element/f.3C6AD4412E448D85C093D3308860BAAC.d.7C58C4C9CFAF11711C50E59935FD6EDA.e.1745/click - {}
RESULT: {}
COMMAND: POST /session/e957c6d77c4c3b135e6e74b3990b52c8/execute/async - {"script":"<script> [1562 bytes]","args":[{"selector":{"id":"application-managesites-display-component---NewSite--siteId","interaction":{"idSuffix":"inner"}},"wdio_ui5_key":"applicationmanagesites-display-component---NewSite--siteId"}]}
COMMAND: GET /session/e957c6d77c4c3b135e6e74b3990b52c8/screenshot - {}
RESULT: {"script":"<script> [1562 bytes]","args":[{"selector":{"id":"application-managesites-display-component---NewSite--siteId","interaction":{"idSuffix":"inner"}},"wdio_ui5_key":"applicationmanagesites-display-component---NewSite--siteId"}]}
RESULT: undefined
COMMAND: POST /session/e957c6d77c4c3b135e6e74b3990b52c8/execute/async - {"script":"<script> [1562 bytes]","args":[{"selector":{"id":"application-managesites-display-component---NewSite--addressDetailDetailsName1","interaction":{"idSuffix":"inner"}},"wdio_ui5_key":"applicationmanagesites-display-component---NewSite--addressDetailDetailsName1"}]}
RESULT: {}
RESULT: {"script":"<script> [1562 bytes]","args":[{"selector":{"id":"application-managesites-display-component---NewSite--addressDetailDetailsName1","interaction":{"idSuffix":"inner"}},"wdio_ui5_key":"applicationmanagesites-display-component---NewSite--addressDetailDetailsName1"}]}
RESULT: undefined
COMMAND: POST /session/e957c6d77c4c3b135e6e74b3990b52c8/execute/async - {"script":"<script> [776 bytes]","args":[{"enterText":"WebdriverSitetgtim","selector":{"id":"application-managesites-display-component---NewSite--addressDetailDetailsName1","interaction":{"idSuffix":"inner"}},"clearTextFirst":true,"interactionType":"ENTER_TEXT"}]}
RESULT: {"script":"<script> [776 bytes]","args":[{"enterText":"WebdriverSitetgtim","selector":{"id":"application-managesites-display-component---NewSite--addressDetailDetailsName1","interaction":{"idSuffix":"inner"}},"clearTextFirst":true,"interactionType":"ENTER_TEXT"}]}
COMMAND: POST /session/e957c6d77c4c3b135e6e74b3990b52c8/execute/async - {"script":"<script> [1562 bytes]","args":[{"selector":{"id":"application-managesites-display-component---NewSite--addressDetailDetailsLanguage","interaction":{"idSuffix":"inner"}},"wdio_ui5_key":"applicationmanagesites-display-component---NewSite--addressDetailDetailsLanguage"}]}
RESULT: {"script":"<script> [1562 bytes]","args":[{"selector":{"id":"application-managesites-display-component---NewSite--addressDetailDetailsLanguage","interaction":{"idSuffix":"inner"}},"wdio_ui5_key":"applicationmanagesites-display-component---NewSite--addressDetailDetailsLanguage"}]}
RESULT: undefined
COMMAND: POST /session/e957c6d77c4c3b135e6e74b3990b52c8/execute/async - {"script":"<script> [776 bytes]","args":[{"enterText":"Romanian","selector":{"id":"application-managesites-display-component---NewSite--addressDetailDetailsLanguage","interaction":{"idSuffix":"inner"}},"clearTextFirst":true,"interactionType":"ENTER_TEXT"}]}
RESULT: {"script":"<script> [776 bytes]","args":[{"enterText":"Romanian","selector":{"id":"application-managesites-display-component---NewSite--addressDetailDetailsLanguage","interaction":{"idSuffix":"inner"}},"clearTextFirst":true,"interactionType":"ENTER_TEXT"}]}
COMMAND: POST /session/e957c6d77c4c3b135e6e74b3990b52c8/execute/async - {"script":"<script> [1562 bytes]","args":[{"selector":{"id":"application-managesites-display-component---NewSite--addressDetailDetailsCity1","interaction":{"idSuffix":"inner"}},"wdio_ui5_key":"applicationmanagesites-display-component---NewSite--addressDetailDetailsCity1"}]}
RESULT: {"script":"<script> [1562 bytes]","args":[{"selector":{"id":"application-managesites-display-component---NewSite--addressDetailDetailsCity1","interaction":{"idSuffix":"inner"}},"wdio_ui5_key":"applicationmanagesites-display-component---NewSite--addressDetailDetailsCity1"}]}
RESULT: undefined
COMMAND: POST /session/e957c6d77c4c3b135e6e74b3990b52c8/execute/async - {"script":"<script> [776 bytes]","args":[{"enterText":"Bucharest","selector":{"id":"application-managesites-display-component---NewSite--addressDetailDetailsCity1","interaction":{"idSuffix":"inner"}},"clearTextFirst":true,"interactionType":"ENTER_TEXT"}]}
RESULT: {"script":"<script> [776 bytes]","args":[{"enterText":"Bucharest","selector":{"id":"application-managesites-display-component---NewSite--addressDetailDetailsCity1","interaction":{"idSuffix":"inner"}},"clearTextFirst":true,"interactionType":"ENTER_TEXT"}]}
COMMAND: POST /session/e957c6d77c4c3b135e6e74b3990b52c8/execute/async - {"script":"<script> [1562 bytes]","args":[{"selector":{"id":"application-managesites-display-component---NewSite--addressDetailDetailsCountry","interaction":{"idSuffix":"inner"}},"wdio_ui5_key":"applicationmanagesites-display-component---NewSite--addressDetailDetailsCountry"}]}
RESULT: {"script":"<script> [1562 bytes]","args":[{"selector":{"id":"application-managesites-display-component---NewSite--addressDetailDetailsCountry","interaction":{"idSuffix":"inner"}},"wdio_ui5_key":"applicationmanagesites-display-component---NewSite--addressDetailDetailsCountry"}]}
RESULT: undefined
COMMAND: POST /session/e957c6d77c4c3b135e6e74b3990b52c8/execute/async - {"script":"<script> [776 bytes]","args":[{"enterText":"Romania","selector":{"id":"application-managesites-display-component---NewSite--addressDetailDetailsCountry","interaction":{"idSuffix":"inner"}},"clearTextFirst":true,"interactionType":"ENTER_TEXT"}]}
RESULT: {"script":"<script> [776 bytes]","args":[{"enterText":"Romania","selector":{"id":"application-managesites-display-component---NewSite--addressDetailDetailsCountry","interaction":{"idSuffix":"inner"}},"clearTextFirst":true,"interactionType":"ENTER_TEXT"}]}
COMMAND: POST /session/e957c6d77c4c3b135e6e74b3990b52c8/element - {"using":"css selector","value":"#application-managesites-display-component---NewSite--addressDetailDetailsCalendar-inner"}
RESULT: {"using":"css selector","value":"#application-managesites-display-component---NewSite--addressDetailDetailsCalendar-inner"}
COMMAND: POST /session/e957c6d77c4c3b135e6e74b3990b52c8/element/f.3C6AD4412E448D85C093D3308860BAAC.d.7C58C4C9CFAF11711C50E59935FD6EDA.e.1897/clear - {}
RESULT: {}
COMMAND: POST /session/e957c6d77c4c3b135e6e74b3990b52c8/element/f.3C6AD4412E448D85C093D3308860BAAC.d.7C58C4C9CFAF11711C50E59935FD6EDA.e.1897/value - {"text":"Germany"}
COMMAND: GET /session/e957c6d77c4c3b135e6e74b3990b52c8/screenshot - {}
RESULT: {"text":"Germany"}
COMMAND: POST /session/e957c6d77c4c3b135e6e74b3990b52c8/execute/async - {"script":"<script> [1562 bytes]","args":[{"selector":{"id":"application-managesites-display-component---NewSite--addressEditDetailsCostObjectCstType-arrow"},"wdio_ui5_key":"applicationmanagesites-display-component---NewSite--addressEditDetailsCostObjectCstType-arrow"}]}
COMMAND: GET /session/e957c6d77c4c3b135e6e74b3990b52c8/screenshot - {}
RESULT: {}
RESULT: {"script":"<script> [1562 bytes]","args":[{"selector":{"id":"application-managesites-display-component---NewSite--addressEditDetailsCostObjectCstType-arrow"},"wdio_ui5_key":"applicationmanagesites-display-component---NewSite--addressEditDetailsCostObjectCstType-arrow"}]}
RESULT: undefined
COMMAND: POST /session/e957c6d77c4c3b135e6e74b3990b52c8/element - {"using":"xpath","value":"//*[@id=\"application-managesites-display-component---NewSite--addressEditDetailsCostObjectCstType-arrow\"]"}
RESULT: {}
RESULT: {"using":"xpath","value":"//*[@id=\"application-managesites-display-component---NewSite--addressEditDetailsCostObjectCstType-arrow\"]"}
COMMAND: POST /session/e957c6d77c4c3b135e6e74b3990b52c8/element/f.3C6AD4412E448D85C093D3308860BAAC.d.7C58C4C9CFAF11711C50E59935FD6EDA.e.2058/click - {}
RESULT: {}
COMMAND: POST /session/e957c6d77c4c3b135e6e74b3990b52c8/element - {"using":"xpath","value":"//span[contains(text(), \"Work Breakdown Structure\")]"}
COMMAND: GET /session/e957c6d77c4c3b135e6e74b3990b52c8/screenshot - {}
RESULT: {"using":"xpath","value":"//span[contains(text(), \"Work Breakdown Structure\")]"}
COMMAND: POST /session/e957c6d77c4c3b135e6e74b3990b52c8/element/f.3C6AD4412E448D85C093D3308860BAAC.d.7C58C4C9CFAF11711C50E59935FD6EDA.e.2059/click - {}
RESULT: {}
RESULT: {}
COMMAND: GET /session/e957c6d77c4c3b135e6e74b3990b52c8/screenshot - {}
RESULT: {}
RESULT: undefined
COMMAND: POST /session/e957c6d77c4c3b135e6e74b3990b52c8/execute/async - {"script":"<script> [1562 bytes]","args":[{"selector":{"id":"application-managesites-display-component---NewSite--addressNewCostObjectCstID-vhi"},"wdio_ui5_key":"applicationmanagesites-display-component---NewSite--addressNewCostObjectCstID-vhi"}]}
RESULT: {"script":"<script> [1562 bytes]","args":[{"selector":{"id":"application-managesites-display-component---NewSite--addressNewCostObjectCstID-vhi"},"wdio_ui5_key":"applicationmanagesites-display-component---NewSite--addressNewCostObjectCstID-vhi"}]}
RESULT: undefined
COMMAND: POST /session/e957c6d77c4c3b135e6e74b3990b52c8/element - {"using":"xpath","value":"//*[@id=\"application-managesites-display-component---NewSite--addressNewCostObjectCstID-vhi\"]"}
RESULT: {"using":"xpath","value":"//*[@id=\"application-managesites-display-component---NewSite--addressNewCostObjectCstID-vhi\"]"}
COMMAND: POST /session/e957c6d77c4c3b135e6e74b3990b52c8/element/f.3C6AD4412E448D85C093D3308860BAAC.d.7C58C4C9CFAF11711C50E59935FD6EDA.e.2064/click - {}
RESULT: {}
COMMAND: GET /session/e957c6d77c4c3b135e6e74b3990b52c8/screenshot - {}
RESULT: {}
COMMAND: POST /session/e957c6d77c4c3b135e6e74b3990b52c8/execute/async - {"script":"<script> [1562 bytes]","args":[{"selector":{"controlType":"sap.m.SearchField","properties":{"placeholder":"Search"},"searchOpenDialogs":true,"interaction":{"idSuffix":"I"}},"wdio_ui5_key":"sapm.SearchField{\"placeholder\":\"Search\"}"}]}
RESULT: {"script":"<script> [1562 bytes]","args":[{"selector":{"controlType":"sap.m.SearchField","properties":{"placeholder":"Search"},"searchOpenDialogs":true,"interaction":{"idSuffix":"I"}},"wdio_ui5_key":"sapm.SearchField{\"placeholder\":\"Search\"}"}]}
RESULT: undefined
COMMAND: POST /session/e957c6d77c4c3b135e6e74b3990b52c8/execute/async - {"script":"<script> [776 bytes]","args":[{"enterText":"A1-000100-01","selector":{"controlType":"sap.m.SearchField","properties":{"placeholder":"Search"},"searchOpenDialogs":true,"interaction":{"idSuffix":"I"}},"clearTextFirst":true,"interactionType":"ENTER_TEXT"}]}
RESULT: {"script":"<script> [776 bytes]","args":[{"enterText":"A1-000100-01","selector":{"controlType":"sap.m.SearchField","properties":{"placeholder":"Search"},"searchOpenDialogs":true,"interaction":{"idSuffix":"I"}},"clearTextFirst":true,"interactionType":"ENTER_TEXT"}]}
COMMAND: POST /session/e957c6d77c4c3b135e6e74b3990b52c8/actions - {"actions":[{"id":"action3","type":"key","parameters":{},"actions":[{"type":"keyDown","value":"î€‡"},{"type":"pause","duration":10},{"type":"keyUp","value":"î€‡"}]}]}
RESULT: {"actions":[{"id":"action3","type":"key","parameters":{},"actions":[{"type":"keyDown","value":"î€‡"},{"type":"pause","duration":10},{"type":"keyUp","value":"î€‡"}]}]}
COMMAND: GET /session/e957c6d77c4c3b135e6e74b3990b52c8/screenshot - {}
RESULT: {}
COMMAND: POST /session/e957c6d77c4c3b135e6e74b3990b52c8/element - {"using":"xpath","value":"//span[contains(text(), \"Template for ETO-Process\")]"}
RESULT: {"using":"xpath","value":"//span[contains(text(), \"Template for ETO-Process\")]"}
COMMAND: POST /session/e957c6d77c4c3b135e6e74b3990b52c8/element/f.3C6AD4412E448D85C093D3308860BAAC.d.7C58C4C9CFAF11711C50E59935FD6EDA.e.2084/click - {}
RESULT: {}
COMMAND: GET /session/e957c6d77c4c3b135e6e74b3990b52c8/screenshot - {}
RESULT: {}
COMMAND: POST /session/e957c6d77c4c3b135e6e74b3990b52c8/element - {"using":"xpath","value":"//bdi[contains(text(), \"OK\")]"}
RESULT: {"using":"xpath","value":"//bdi[contains(text(), \"OK\")]"}
COMMAND: POST /session/e957c6d77c4c3b135e6e74b3990b52c8/element/f.3C6AD4412E448D85C093D3308860BAAC.d.7C58C4C9CFAF11711C50E59935FD6EDA.e.2085/click - {}
RESULT: {}
COMMAND: GET /session/e957c6d77c4c3b135e6e74b3990b52c8/screenshot - {}
RESULT: {}
COMMAND: POST /session/e957c6d77c4c3b135e6e74b3990b52c8/element - {"using":"xpath","value":"//input[@id=\"application-managesites-display-component---NewSite--addressDetailDetailsYard-inner\"]"}
RESULT: {"using":"xpath","value":"//input[@id=\"application-managesites-display-component---NewSite--addressDetailDetailsYard-inner\"]"}
COMMAND: POST /session/e957c6d77c4c3b135e6e74b3990b52c8/element/f.3C6AD4412E448D85C093D3308860BAAC.d.7C58C4C9CFAF11711C50E59935FD6EDA.e.1898/value - {"text":"WebdriverYardyfcq2"}
RESULT: {"text":"WebdriverYardyfcq2"}
COMMAND: GET /session/e957c6d77c4c3b135e6e74b3990b52c8/screenshot - {}
RESULT: {}
COMMAND: POST /session/e957c6d77c4c3b135e6e74b3990b52c8/actions - {"actions":[{"id":"action4","type":"key","parameters":{},"actions":[{"type":"keyDown","value":"î€‡"},{"type":"pause","duration":10},{"type":"keyUp","value":"î€‡"}]}]}
RESULT: {"actions":[{"id":"action4","type":"key","parameters":{},"actions":[{"type":"keyDown","value":"î€‡"},{"type":"pause","duration":10},{"type":"keyUp","value":"î€‡"}]}]}
COMMAND: GET /session/e957c6d77c4c3b135e6e74b3990b52c8/screenshot - {}
RESULT: {}
COMMAND: POST /session/e957c6d77c4c3b135e6e74b3990b52c8/element - {"using":"xpath","value":"//input[@id=\"application-managesites-display-component---NewSite--addressDetailDetailsPartner-inner\"]"}
RESULT: {"using":"xpath","value":"//input[@id=\"application-managesites-display-component---NewSite--addressDetailDetailsPartner-inner\"]"}
COMMAND: POST /session/e957c6d77c4c3b135e6e74b3990b52c8/elements - {"using":"xpath","value":"//input[@id=\"application-managesites-display-component---NewSite--addressDetailDetailsPartner-inner\"]"}
RESULT: {"using":"xpath","value":"//input[@id=\"application-managesites-display-component---NewSite--addressDetailDetailsPartner-inner\"]"}
COMMAND: POST /session/e957c6d77c4c3b135e6e74b3990b52c8/execute/async - {"script":"<script> [1562 bytes]","args":[{"selector":{"controlType":"sap.m.Button","viewName":"etm.portal.ui.managesites.view.NewSmartSite","viewId":"application-managesites-display-component---NewSite","properties":{"text":"Commercial"},"interaction":{"idSuffix":"BDI-content"}},"wdio_ui5_key":"etmportal.ui.managesites.view.NewSmartSitesap.m.Button{\"text\":\"Commercial\"}"}]}
RESULT: {"script":"<script> [1562 bytes]","args":[{"selector":{"controlType":"sap.m.Button","viewName":"etm.portal.ui.managesites.view.NewSmartSite","viewId":"application-managesites-display-component---NewSite","properties":{"text":"Commercial"},"interaction":{"idSuffix":"BDI-content"}},"wdio_ui5_key":"etmportal.ui.managesites.view.NewSmartSitesap.m.Button{\"text\":\"Commercial\"}"}]}
RESULT: undefined
COMMAND: POST /session/e957c6d77c4c3b135e6e74b3990b52c8/element - {"using":"xpath","value":"//*[@id=\"application-managesites-display-component---NewSite--ObjectPageLayout-anchBar-__section31-anchor\"]"}
RESULT: {"using":"xpath","value":"//*[@id=\"application-managesites-display-component---NewSite--ObjectPageLayout-anchBar-__section31-anchor\"]"}
COMMAND: POST /session/e957c6d77c4c3b135e6e74b3990b52c8/element/f.3C6AD4412E448D85C093D3308860BAAC.d.7C58C4C9CFAF11711C50E59935FD6EDA.e.2113/click - {}
RESULT: {}
COMMAND: POST /session/e957c6d77c4c3b135e6e74b3990b52c8/execute/async - {"script":"<script> [1562 bytes]","args":[{"selector":{"controlType":"sap.m.Button","viewName":"etm.portal.ui.managesites.view.NewSmartSite","viewId":"application-managesites-display-component---NewSite","i18NText":{"propertyName":"text","key":"save"},"interaction":{"idSuffix":"BDI-content"}},"wdio_ui5_key":"etmportal.ui.managesites.view.NewSmartSitesap.m.Button{\"propertyName\":\"text\",\"key\":\"save\"}"}]}
COMMAND: GET /session/e957c6d77c4c3b135e6e74b3990b52c8/screenshot - {}
RESULT: {"script":"<script> [1562 bytes]","args":[{"selector":{"controlType":"sap.m.Button","viewName":"etm.portal.ui.managesites.view.NewSmartSite","viewId":"application-managesites-display-component---NewSite","i18NText":{"propertyName":"text","key":"save"},"interaction":{"idSuffix":"BDI-content"}},"wdio_ui5_key":"etmportal.ui.managesites.view.NewSmartSitesap.m.Button{\"propertyName\":\"text\",\"key\":\"save\"}"}]}
RESULT: undefined
COMMAND: POST /session/e957c6d77c4c3b135e6e74b3990b52c8/element - {"using":"xpath","value":"//*[@id=\"__button64\"]"}
RESULT: {}
RESULT: {"using":"xpath","value":"//*[@id=\"__button64\"]"}
COMMAND: POST /session/e957c6d77c4c3b135e6e74b3990b52c8/element/f.3C6AD4412E448D85C093D3308860BAAC.d.7C58C4C9CFAF11711C50E59935FD6EDA.e.2037/click - {}
RESULT: {}
COMMAND: GET /session/e957c6d77c4c3b135e6e74b3990b52c8/screenshot - {}
RESULT: {}
COMMAND: POST /session/e957c6d77c4c3b135e6e74b3990b52c8/execute/async - {"script":"<script> [1562 bytes]","args":[{"selector":{"id":"application-managesites-display-component---detailSite--addressDetailDetailsYardText"},"wdio_ui5_key":"applicationmanagesites-display-component---detailSite--addressDetailDetailsYardText"}]}
RESULT: {"script":"<script> [1562 bytes]","args":[{"selector":{"id":"application-managesites-display-component---detailSite--addressDetailDetailsYardText"},"wdio_ui5_key":"applicationmanagesites-display-component---detailSite--addressDetailDetailsYardText"}]}
RESULT: undefined
COMMAND: POST /session/e957c6d77c4c3b135e6e74b3990b52c8/element - {"using":"xpath","value":"//header/div/div[2]/div[2]/span"}
RESULT: {"using":"xpath","value":"//header/div/div[2]/div[2]/span"}
COMMAND: GET /session/e957c6d77c4c3b135e6e74b3990b52c8/element/f.3C6AD4412E448D85C093D3308860BAAC.d.7C58C4C9CFAF11711C50E59935FD6EDA.e.2273/text - {}
RESULT: {}
COMMAND: POST /session/e957c6d77c4c3b135e6e74b3990b52c8/element - {"using":"xpath","value":"//header/div/div/div/div/div/div[2]/div/span"}
RESULT: {"using":"xpath","value":"//header/div/div/div/div/div/div[2]/div/span"}
COMMAND: GET /session/e957c6d77c4c3b135e6e74b3990b52c8/element/f.3C6AD4412E448D85C093D3308860BAAC.d.7C58C4C9CFAF11711C50E59935FD6EDA.e.2274/text - {}
RESULT: {}
COMMAND: POST /session/e957c6d77c4c3b135e6e74b3990b52c8/element - {"using":"css selector","value":"#shell-header-logo"}
RESULT: {"using":"css selector","value":"#shell-header-logo"}
COMMAND: POST /session/e957c6d77c4c3b135e6e74b3990b52c8/element/f.3C6AD4412E448D85C093D3308860BAAC.d.7C58C4C9CFAF11711C50E59935FD6EDA.e.1699/click - {}
RESULT: {}
COMMAND: GET /session/e957c6d77c4c3b135e6e74b3990b52c8/screenshot - {}
RESULT: {}
]]></system-out>
    </testcase>
    <testcase classname="chrome.137_0_7151_69.windows.Standard_contract_-_add_contract_items_by_Insert_Request_US118222" name="Should create 2 new resources and a catalog item" time="437.14">
      <system-out><![CDATA[
COMMAND: POST /session/e957c6d77c4c3b135e6e74b3990b52c8/execute/async - {"script":"<script> [1562 bytes]","args":[{"selector":{"controlType":"sap.m.GenericTile","properties":{"header":"Manage Resources"}},"wdio_ui5_key":"sapm.GenericTile{\"header\":\"Manage Resources\"}"}]}
RESULT: {"script":"<script> [1562 bytes]","args":[{"selector":{"controlType":"sap.m.GenericTile","properties":{"header":"Manage Resources"}},"wdio_ui5_key":"sapm.GenericTile{\"header\":\"Manage Resources\"}"}]}
RESULT: undefined
COMMAND: POST /session/e957c6d77c4c3b135e6e74b3990b52c8/element - {"using":"xpath","value":"//*[@id=\"__tile40\"]"}
RESULT: {"using":"xpath","value":"//*[@id=\"__tile40\"]"}
COMMAND: POST /session/e957c6d77c4c3b135e6e74b3990b52c8/element/f.3C6AD4412E448D85C093D3308860BAAC.d.7C58C4C9CFAF11711C50E59935FD6EDA.e.2276/click - {}
RESULT: {}
COMMAND: GET /session/e957c6d77c4c3b135e6e74b3990b52c8/screenshot - {}
RESULT: {}
COMMAND: POST /session/e957c6d77c4c3b135e6e74b3990b52c8/elements - {"using":"xpath","value":"//span[text()='Error']"}
RESULT: {"using":"xpath","value":"//span[text()='Error']"}
COMMAND: POST /session/e957c6d77c4c3b135e6e74b3990b52c8/element - {"using":"xpath","value":"//button[@data-kt=\"addNewRUOverflowToolbarButton\"]"}
RESULT: {"using":"xpath","value":"//button[@data-kt=\"addNewRUOverflowToolbarButton\"]"}
COMMAND: POST /session/e957c6d77c4c3b135e6e74b3990b52c8/execute/sync - {"script":"<script> [8489 bytes]","args":[{"element-6066-11e4-a52e-4f735466cecf":"f.3C6AD4412E448D85C093D3308860BAAC.d.7C58C4C9CFAF11711C50E59935FD6EDA.e.2319","ELEMENT":"f.3C6AD4412E448D85C093D3308860BAAC.d.7C58C4C9CFAF11711C50E59935FD6EDA.e.2319"}]}
RESULT: {"script":"<script> [8489 bytes]","args":[{"element-6066-11e4-a52e-4f735466cecf":"f.3C6AD4412E448D85C093D3308860BAAC.d.7C58C4C9CFAF11711C50E59935FD6EDA.e.2319","ELEMENT":"f.3C6AD4412E448D85C093D3308860BAAC.d.7C58C4C9CFAF11711C50E59935FD6EDA.e.2319"}]}
COMMAND: POST /session/e957c6d77c4c3b135e6e74b3990b52c8/element/f.3C6AD4412E448D85C093D3308860BAAC.d.7C58C4C9CFAF11711C50E59935FD6EDA.e.2319/click - {}
COMMAND: GET /session/e957c6d77c4c3b135e6e74b3990b52c8/screenshot - {}
RESULT: {}
COMMAND: POST /session/e957c6d77c4c3b135e6e74b3990b52c8/execute/async - {"script":"<script> [1562 bytes]","args":[{"selector":{"id":"application-manageresources-display-component---newResourceUnit--TYPE-arrow"},"wdio_ui5_key":"applicationmanageresources-display-component---newResourceUnit--TYPE-arrow"}]}
COMMAND: GET /session/e957c6d77c4c3b135e6e74b3990b52c8/screenshot - {}
RESULT: {}
RESULT: {"script":"<script> [1562 bytes]","args":[{"selector":{"id":"application-manageresources-display-component---newResourceUnit--TYPE-arrow"},"wdio_ui5_key":"applicationmanageresources-display-component---newResourceUnit--TYPE-arrow"}]}
RESULT: undefined
COMMAND: POST /session/e957c6d77c4c3b135e6e74b3990b52c8/element - {"using":"xpath","value":"//*[@id=\"application-manageresources-display-component---newResourceUnit--TYPE-arrow\"]"}
RESULT: {}
RESULT: {"using":"xpath","value":"//*[@id=\"application-manageresources-display-component---newResourceUnit--TYPE-arrow\"]"}
COMMAND: POST /session/e957c6d77c4c3b135e6e74b3990b52c8/element/f.3C6AD4412E448D85C093D3308860BAAC.d.7C58C4C9CFAF11711C50E59935FD6EDA.e.2636/click - {}
RESULT: {}
COMMAND: POST /session/e957c6d77c4c3b135e6e74b3990b52c8/execute/async - {"script":"<script> [1562 bytes]","args":[{"selector":{"controlType":"sap.m.StandardListItem","viewName":"reusables.view.manageresources.NewResourceUnit","viewId":"application-manageresources-display-component---newResourceUnit","properties":{"title":"Material"},"searchOpenDialogs":true,"interaction":{"idSuffix":"titleText"}},"wdio_ui5_key":"reusablesview.manageresources.NewResourceUnitsap.m.StandardListItem{\"title\":\"Material\"}"}]}
COMMAND: GET /session/e957c6d77c4c3b135e6e74b3990b52c8/screenshot - {}
RESULT: {"script":"<script> [1562 bytes]","args":[{"selector":{"controlType":"sap.m.StandardListItem","viewName":"reusables.view.manageresources.NewResourceUnit","viewId":"application-manageresources-display-component---newResourceUnit","properties":{"title":"Material"},"searchOpenDialogs":true,"interaction":{"idSuffix":"titleText"}},"wdio_ui5_key":"reusablesview.manageresources.NewResourceUnitsap.m.StandardListItem{\"title\":\"Material\"}"}]}
RESULT: undefined
COMMAND: POST /session/e957c6d77c4c3b135e6e74b3990b52c8/element - {"using":"xpath","value":"//*[@id=\"__item815\"]"}
RESULT: {}
RESULT: {"using":"xpath","value":"//*[@id=\"__item815\"]"}
COMMAND: POST /session/e957c6d77c4c3b135e6e74b3990b52c8/element/f.3C6AD4412E448D85C093D3308860BAAC.d.7C58C4C9CFAF11711C50E59935FD6EDA.e.2639/click - {}
RESULT: {}
COMMAND: POST /session/e957c6d77c4c3b135e6e74b3990b52c8/execute/async - {"script":"<script> [1562 bytes]","args":[{"selector":{"id":"application-manageresources-display-component---newResourceUnit--SHORT_TEXT","interaction":{"idSuffix":"inner"}},"wdio_ui5_key":"applicationmanageresources-display-component---newResourceUnit--SHORT_TEXT"}]}
COMMAND: GET /session/e957c6d77c4c3b135e6e74b3990b52c8/screenshot - {}
RESULT: undefined
RESULT: undefined
RESULT: {"script":"<script> [1562 bytes]","args":[{"selector":{"id":"application-manageresources-display-component---newResourceUnit--SHORT_TEXT","interaction":{"idSuffix":"inner"}},"wdio_ui5_key":"applicationmanageresources-display-component---newResourceUnit--SHORT_TEXT"}]}
RESULT: undefined
COMMAND: POST /session/e957c6d77c4c3b135e6e74b3990b52c8/execute/async - {"script":"<script> [776 bytes]","args":[{"enterText":"WebdriverMatTestntak3l","selector":{"id":"application-manageresources-display-component---newResourceUnit--SHORT_TEXT","interaction":{"idSuffix":"inner"}},"clearTextFirst":true,"interactionType":"ENTER_TEXT"}]}
RESULT: {}
RESULT: {"script":"<script> [776 bytes]","args":[{"enterText":"WebdriverMatTestntak3l","selector":{"id":"application-manageresources-display-component---newResourceUnit--SHORT_TEXT","interaction":{"idSuffix":"inner"}},"clearTextFirst":true,"interactionType":"ENTER_TEXT"}]}
COMMAND: POST /session/e957c6d77c4c3b135e6e74b3990b52c8/execute/async - {"script":"<script> [1562 bytes]","args":[{"selector":{"id":"application-manageresources-display-component---newResourceUnit--BASE_UNIT_OF_MEASURE-arrow"},"wdio_ui5_key":"applicationmanageresources-display-component---newResourceUnit--BASE_UNIT_OF_MEASURE-arrow"}]}
RESULT: {"script":"<script> [1562 bytes]","args":[{"selector":{"id":"application-manageresources-display-component---newResourceUnit--BASE_UNIT_OF_MEASURE-arrow"},"wdio_ui5_key":"applicationmanageresources-display-component---newResourceUnit--BASE_UNIT_OF_MEASURE-arrow"}]}
RESULT: undefined
COMMAND: POST /session/e957c6d77c4c3b135e6e74b3990b52c8/element - {"using":"xpath","value":"//*[@id=\"application-manageresources-display-component---newResourceUnit--BASE_UNIT_OF_MEASURE-arrow\"]"}
RESULT: {"using":"xpath","value":"//*[@id=\"application-manageresources-display-component---newResourceUnit--BASE_UNIT_OF_MEASURE-arrow\"]"}
COMMAND: POST /session/e957c6d77c4c3b135e6e74b3990b52c8/element/f.3C6AD4412E448D85C093D3308860BAAC.d.7C58C4C9CFAF11711C50E59935FD6EDA.e.2761/click - {}
RESULT: {}
COMMAND: POST /session/e957c6d77c4c3b135e6e74b3990b52c8/execute/async - {"script":"<script> [1562 bytes]","args":[{"selector":{"controlType":"sap.m.StandardListItem","viewName":"reusables.view.manageresources.NewResourceUnit","viewId":"application-manageresources-display-component---newResourceUnit","properties":{"title":"Piece"},"searchOpenDialogs":true,"interaction":{"idSuffix":"titleText"}},"wdio_ui5_key":"reusablesview.manageresources.NewResourceUnitsap.m.StandardListItem{\"title\":\"Piece\"}"}]}
COMMAND: GET /session/e957c6d77c4c3b135e6e74b3990b52c8/screenshot - {}
RESULT: {"script":"<script> [1562 bytes]","args":[{"selector":{"controlType":"sap.m.StandardListItem","viewName":"reusables.view.manageresources.NewResourceUnit","viewId":"application-manageresources-display-component---newResourceUnit","properties":{"title":"Piece"},"searchOpenDialogs":true,"interaction":{"idSuffix":"titleText"}},"wdio_ui5_key":"reusablesview.manageresources.NewResourceUnitsap.m.StandardListItem{\"title\":\"Piece\"}"}]}
RESULT: undefined
COMMAND: POST /session/e957c6d77c4c3b135e6e74b3990b52c8/element - {"using":"xpath","value":"//*[@id=\"__item868\"]"}
RESULT: {}
RESULT: {"using":"xpath","value":"//*[@id=\"__item868\"]"}
COMMAND: POST /session/e957c6d77c4c3b135e6e74b3990b52c8/element/f.3C6AD4412E448D85C093D3308860BAAC.d.7C58C4C9CFAF11711C50E59935FD6EDA.e.2763/click - {}
RESULT: {}
COMMAND: POST /session/e957c6d77c4c3b135e6e74b3990b52c8/element - {"using":"xpath","value":"//input[contains(@id ,\"application-manageresources-display-component---newResourceUnit--SHORT_TEXT-inner\")]"}
COMMAND: GET /session/e957c6d77c4c3b135e6e74b3990b52c8/screenshot - {}
RESULT: {"using":"xpath","value":"//input[contains(@id ,\"application-manageresources-display-component---newResourceUnit--SHORT_TEXT-inner\")]"}
COMMAND: GET /session/e957c6d77c4c3b135e6e74b3990b52c8/element/f.3C6AD4412E448D85C093D3308860BAAC.d.7C58C4C9CFAF11711C50E59935FD6EDA.e.2656/property/value - {}
RESULT: {}
RESULT: {}
COMMAND: POST /session/e957c6d77c4c3b135e6e74b3990b52c8/execute/async - {"script":"<script> [1562 bytes]","args":[{"selector":{"id":"application-manageresources-display-component---newResourceUnit--WEIGHT_UNIT-arrow"},"wdio_ui5_key":"applicationmanageresources-display-component---newResourceUnit--WEIGHT_UNIT-arrow"}]}
COMMAND: GET /session/e957c6d77c4c3b135e6e74b3990b52c8/screenshot - {}
RESULT: {"script":"<script> [1562 bytes]","args":[{"selector":{"id":"application-manageresources-display-component---newResourceUnit--WEIGHT_UNIT-arrow"},"wdio_ui5_key":"applicationmanageresources-display-component---newResourceUnit--WEIGHT_UNIT-arrow"}]}
RESULT: undefined
COMMAND: POST /session/e957c6d77c4c3b135e6e74b3990b52c8/element - {"using":"xpath","value":"//*[@id=\"application-manageresources-display-component---newResourceUnit--WEIGHT_UNIT-arrow\"]"}
RESULT: {}
RESULT: {"using":"xpath","value":"//*[@id=\"application-manageresources-display-component---newResourceUnit--WEIGHT_UNIT-arrow\"]"}
COMMAND: POST /session/e957c6d77c4c3b135e6e74b3990b52c8/element/f.3C6AD4412E448D85C093D3308860BAAC.d.7C58C4C9CFAF11711C50E59935FD6EDA.e.2764/click - {}
RESULT: {}
COMMAND: POST /session/e957c6d77c4c3b135e6e74b3990b52c8/execute/async - {"script":"<script> [1562 bytes]","args":[{"selector":{"controlType":"sap.m.StandardListItem","viewName":"reusables.view.manageresources.NewResourceUnit","viewId":"application-manageresources-display-component---newResourceUnit","properties":{"title":"Gram"},"searchOpenDialogs":true,"interaction":{"idSuffix":"content"}},"wdio_ui5_key":"reusablesview.manageresources.NewResourceUnitsap.m.StandardListItem{\"title\":\"Gram\"}"}]}
COMMAND: GET /session/e957c6d77c4c3b135e6e74b3990b52c8/screenshot - {}
RESULT: {"script":"<script> [1562 bytes]","args":[{"selector":{"controlType":"sap.m.StandardListItem","viewName":"reusables.view.manageresources.NewResourceUnit","viewId":"application-manageresources-display-component---newResourceUnit","properties":{"title":"Gram"},"searchOpenDialogs":true,"interaction":{"idSuffix":"content"}},"wdio_ui5_key":"reusablesview.manageresources.NewResourceUnitsap.m.StandardListItem{\"title\":\"Gram\"}"}]}
RESULT: undefined
COMMAND: POST /session/e957c6d77c4c3b135e6e74b3990b52c8/element - {"using":"xpath","value":"//*[@id=\"__item933\"]"}
RESULT: {}
RESULT: {"using":"xpath","value":"//*[@id=\"__item933\"]"}
COMMAND: POST /session/e957c6d77c4c3b135e6e74b3990b52c8/element/f.3C6AD4412E448D85C093D3308860BAAC.d.7C58C4C9CFAF11711C50E59935FD6EDA.e.2766/click - {}
RESULT: {}
COMMAND: POST /session/e957c6d77c4c3b135e6e74b3990b52c8/execute/async - {"script":"<script> [1562 bytes]","args":[{"selector":{"id":"application-manageresources-display-component---newResourceUnit--newRRUPage-OPHeaderContent-collapseBtn-img"},"wdio_ui5_key":"applicationmanageresources-display-component---newResourceUnit--newRRUPage-OPHeaderContent-collapseBtn-img"}]}
COMMAND: GET /session/e957c6d77c4c3b135e6e74b3990b52c8/screenshot - {}
RESULT: {"script":"<script> [1562 bytes]","args":[{"selector":{"id":"application-manageresources-display-component---newResourceUnit--newRRUPage-OPHeaderContent-collapseBtn-img"},"wdio_ui5_key":"applicationmanageresources-display-component---newResourceUnit--newRRUPage-OPHeaderContent-collapseBtn-img"}]}
RESULT: undefined
COMMAND: POST /session/e957c6d77c4c3b135e6e74b3990b52c8/element - {"using":"xpath","value":"//*[@id=\"application-manageresources-display-component---newResourceUnit--newRRUPage-OPHeaderContent-collapseBtn-img\"]"}
RESULT: {}
RESULT: {"using":"xpath","value":"//*[@id=\"application-manageresources-display-component---newResourceUnit--newRRUPage-OPHeaderContent-collapseBtn-img\"]"}
COMMAND: POST /session/e957c6d77c4c3b135e6e74b3990b52c8/element/f.3C6AD4412E448D85C093D3308860BAAC.d.7C58C4C9CFAF11711C50E59935FD6EDA.e.2646/click - {}
RESULT: {}
COMMAND: GET /session/e957c6d77c4c3b135e6e74b3990b52c8/screenshot - {}
RESULT: {}
COMMAND: POST /session/e957c6d77c4c3b135e6e74b3990b52c8/element - {"using":"xpath","value":"(//span[contains(@id ,\"application-manageresources-display-component---newResourceUnit--DIMENSION_UNIT-arrow\")])[1]"}
RESULT: {"using":"xpath","value":"(//span[contains(@id ,\"application-manageresources-display-component---newResourceUnit--DIMENSION_UNIT-arrow\")])[1]"}
COMMAND: POST /session/e957c6d77c4c3b135e6e74b3990b52c8/element/f.3C6AD4412E448D85C093D3308860BAAC.d.7C58C4C9CFAF11711C50E59935FD6EDA.e.2772/click - {}
RESULT: {}
COMMAND: GET /session/e957c6d77c4c3b135e6e74b3990b52c8/screenshot - {}
RESULT: {}
COMMAND: POST /session/e957c6d77c4c3b135e6e74b3990b52c8/execute/async - {"script":"<script> [1562 bytes]","args":[{"selector":{"controlType":"sap.m.StandardListItem","viewName":"reusables.view.manageresources.NewResourceUnit","viewId":"application-manageresources-display-component---newResourceUnit","properties":{"title":"Centimeter"},"searchOpenDialogs":true,"interaction":{"idSuffix":"titleText"}},"wdio_ui5_key":"reusablesview.manageresources.NewResourceUnitsap.m.StandardListItem{\"title\":\"Centimeter\"}"}]}
RESULT: {"script":"<script> [1562 bytes]","args":[{"selector":{"controlType":"sap.m.StandardListItem","viewName":"reusables.view.manageresources.NewResourceUnit","viewId":"application-manageresources-display-component---newResourceUnit","properties":{"title":"Centimeter"},"searchOpenDialogs":true,"interaction":{"idSuffix":"titleText"}},"wdio_ui5_key":"reusablesview.manageresources.NewResourceUnitsap.m.StandardListItem{\"title\":\"Centimeter\"}"}]}
RESULT: undefined
COMMAND: POST /session/e957c6d77c4c3b135e6e74b3990b52c8/element - {"using":"xpath","value":"//*[@id=\"__item936\"]"}
RESULT: {"using":"xpath","value":"//*[@id=\"__item936\"]"}
COMMAND: POST /session/e957c6d77c4c3b135e6e74b3990b52c8/element/f.3C6AD4412E448D85C093D3308860BAAC.d.7C58C4C9CFAF11711C50E59935FD6EDA.e.2774/click - {}
RESULT: {}
COMMAND: POST /session/e957c6d77c4c3b135e6e74b3990b52c8/execute/async - {"script":"<script> [1562 bytes]","args":[{"selector":{"id":"application-manageresources-display-component---newResourceUnit--newRRUPage-anchBar-application-manageresources-display-component---newResourceUnit--reference-anchor","interaction":{"idSuffix":"BDI-content"}},"wdio_ui5_key":"applicationmanageresources-display-component---newResourceUnit--newRRUPage-anchBar-application-manageresources-display-component---newResourceUnit--reference-anchor"}]}
COMMAND: GET /session/e957c6d77c4c3b135e6e74b3990b52c8/screenshot - {}
RESULT: {"script":"<script> [1562 bytes]","args":[{"selector":{"id":"application-manageresources-display-component---newResourceUnit--newRRUPage-anchBar-application-manageresources-display-component---newResourceUnit--reference-anchor","interaction":{"idSuffix":"BDI-content"}},"wdio_ui5_key":"applicationmanageresources-display-component---newResourceUnit--newRRUPage-anchBar-application-manageresources-display-component---newResourceUnit--reference-anchor"}]}
RESULT: undefined
COMMAND: POST /session/e957c6d77c4c3b135e6e74b3990b52c8/element - {"using":"xpath","value":"//*[@id=\"application-manageresources-display-component---newResourceUnit--newRRUPage-anchBar-application-manageresources-display-component---newResourceUnit--reference-anchor\"]"}
RESULT: {}
RESULT: {"using":"xpath","value":"//*[@id=\"application-manageresources-display-component---newResourceUnit--newRRUPage-anchBar-application-manageresources-display-component---newResourceUnit--reference-anchor\"]"}
COMMAND: POST /session/e957c6d77c4c3b135e6e74b3990b52c8/element/f.3C6AD4412E448D85C093D3308860BAAC.d.7C58C4C9CFAF11711C50E59935FD6EDA.e.2776/click - {}
RESULT: {}
COMMAND: POST /session/e957c6d77c4c3b135e6e74b3990b52c8/execute/async - {"script":"<script> [1562 bytes]","args":[{"selector":{"id":"application-manageresources-display-component---newResourceUnit--PLANNING_GROUP-arrow"},"wdio_ui5_key":"applicationmanageresources-display-component---newResourceUnit--PLANNING_GROUP-arrow"}]}
COMMAND: GET /session/e957c6d77c4c3b135e6e74b3990b52c8/screenshot - {}
RESULT: {"script":"<script> [1562 bytes]","args":[{"selector":{"id":"application-manageresources-display-component---newResourceUnit--PLANNING_GROUP-arrow"},"wdio_ui5_key":"applicationmanageresources-display-component---newResourceUnit--PLANNING_GROUP-arrow"}]}
RESULT: undefined
COMMAND: POST /session/e957c6d77c4c3b135e6e74b3990b52c8/element - {"using":"xpath","value":"//*[@id=\"application-manageresources-display-component---newResourceUnit--PLANNING_GROUP-arrow\"]"}
RESULT: {}
RESULT: {"using":"xpath","value":"//*[@id=\"application-manageresources-display-component---newResourceUnit--PLANNING_GROUP-arrow\"]"}
COMMAND: POST /session/e957c6d77c4c3b135e6e74b3990b52c8/element/f.3C6AD4412E448D85C093D3308860BAAC.d.7C58C4C9CFAF11711C50E59935FD6EDA.e.2780/click - {}
RESULT: {}
COMMAND: POST /session/e957c6d77c4c3b135e6e74b3990b52c8/execute/async - {"script":"<script> [1562 bytes]","args":[{"selector":{"controlType":"sap.m.StandardListItem","viewName":"reusables.view.manageresources.NewResourceUnit","viewId":"application-manageresources-display-component---newResourceUnit","properties":{"title":"Heavy Equi"},"searchOpenDialogs":true,"interaction":{"idSuffix":"content"}},"wdio_ui5_key":"reusablesview.manageresources.NewResourceUnitsap.m.StandardListItem{\"title\":\"Heavy Equi\"}"}]}
COMMAND: GET /session/e957c6d77c4c3b135e6e74b3990b52c8/screenshot - {}
RESULT: {"script":"<script> [1562 bytes]","args":[{"selector":{"controlType":"sap.m.StandardListItem","viewName":"reusables.view.manageresources.NewResourceUnit","viewId":"application-manageresources-display-component---newResourceUnit","properties":{"title":"Heavy Equi"},"searchOpenDialogs":true,"interaction":{"idSuffix":"content"}},"wdio_ui5_key":"reusablesview.manageresources.NewResourceUnitsap.m.StandardListItem{\"title\":\"Heavy Equi\"}"}]}
RESULT: undefined
COMMAND: POST /session/e957c6d77c4c3b135e6e74b3990b52c8/element - {"using":"xpath","value":"//*[@id=\"__item944\"]"}
RESULT: {}
RESULT: {"using":"xpath","value":"//*[@id=\"__item944\"]"}
COMMAND: POST /session/e957c6d77c4c3b135e6e74b3990b52c8/element/f.3C6AD4412E448D85C093D3308860BAAC.d.7C58C4C9CFAF11711C50E59935FD6EDA.e.2784/click - {}
RESULT: {}
COMMAND: GET /session/e957c6d77c4c3b135e6e74b3990b52c8/screenshot - {}
RESULT: {}
COMMAND: POST /session/e957c6d77c4c3b135e6e74b3990b52c8/execute/async - {"script":"<script> [1562 bytes]","args":[{"selector":{"id":"application-manageresources-display-component---newResourceUnit--PLANNING_INDICATOR-arrow"},"wdio_ui5_key":"applicationmanageresources-display-component---newResourceUnit--PLANNING_INDICATOR-arrow"}]}
RESULT: {"script":"<script> [1562 bytes]","args":[{"selector":{"id":"application-manageresources-display-component---newResourceUnit--PLANNING_INDICATOR-arrow"},"wdio_ui5_key":"applicationmanageresources-display-component---newResourceUnit--PLANNING_INDICATOR-arrow"}]}
RESULT: undefined
COMMAND: POST /session/e957c6d77c4c3b135e6e74b3990b52c8/element - {"using":"xpath","value":"//*[@id=\"application-manageresources-display-component---newResourceUnit--PLANNING_INDICATOR-arrow\"]"}
RESULT: {"using":"xpath","value":"//*[@id=\"application-manageresources-display-component---newResourceUnit--PLANNING_INDICATOR-arrow\"]"}
COMMAND: POST /session/e957c6d77c4c3b135e6e74b3990b52c8/element/f.3C6AD4412E448D85C093D3308860BAAC.d.7C58C4C9CFAF11711C50E59935FD6EDA.e.2785/click - {}
RESULT: {}
COMMAND: POST /session/e957c6d77c4c3b135e6e74b3990b52c8/execute/async - {"script":"<script> [1562 bytes]","args":[{"selector":{"controlType":"sap.m.StandardListItem","viewName":"reusables.view.manageresources.NewResourceUnit","viewId":"application-manageresources-display-component---newResourceUnit","properties":{"title":"10 - infinite"},"searchOpenDialogs":true,"interaction":{"idSuffix":"content"}},"wdio_ui5_key":"reusablesview.manageresources.NewResourceUnitsap.m.StandardListItem{\"title\":\"10 - infinite\"}"}]}
COMMAND: GET /session/e957c6d77c4c3b135e6e74b3990b52c8/screenshot - {}
RESULT: {"script":"<script> [1562 bytes]","args":[{"selector":{"controlType":"sap.m.StandardListItem","viewName":"reusables.view.manageresources.NewResourceUnit","viewId":"application-manageresources-display-component---newResourceUnit","properties":{"title":"10 - infinite"},"searchOpenDialogs":true,"interaction":{"idSuffix":"content"}},"wdio_ui5_key":"reusablesview.manageresources.NewResourceUnitsap.m.StandardListItem{\"title\":\"10 - infinite\"}"}]}
RESULT: undefined
COMMAND: POST /session/e957c6d77c4c3b135e6e74b3990b52c8/element - {"using":"xpath","value":"//*[@id=\"__item954\"]"}
RESULT: {}
RESULT: {"using":"xpath","value":"//*[@id=\"__item954\"]"}
COMMAND: POST /session/e957c6d77c4c3b135e6e74b3990b52c8/element/f.3C6AD4412E448D85C093D3308860BAAC.d.7C58C4C9CFAF11711C50E59935FD6EDA.e.2787/click - {}
RESULT: {}
COMMAND: GET /session/e957c6d77c4c3b135e6e74b3990b52c8/screenshot - {}
RESULT: {}
COMMAND: POST /session/e957c6d77c4c3b135e6e74b3990b52c8/element - {"using":"xpath","value":"//bdi[contains(text(), \"Time Segment\")]"}
RESULT: {"using":"xpath","value":"//bdi[contains(text(), \"Time Segment\")]"}
COMMAND: GET /session/e957c6d77c4c3b135e6e74b3990b52c8/element/f.3C6AD4412E448D85C093D3308860BAAC.d.7C58C4C9CFAF11711C50E59935FD6EDA.e.2788/rect - {}
RESULT: {}
COMMAND: GET /session/e957c6d77c4c3b135e6e74b3990b52c8/window/rect - {}
RESULT: {}
COMMAND: POST /session/e957c6d77c4c3b135e6e74b3990b52c8/execute/sync - {"script":"<script> [92 bytes]","args":[]}
RESULT: {"script":"<script> [92 bytes]","args":[]}
COMMAND: POST /session/e957c6d77c4c3b135e6e74b3990b52c8/actions - {"actions":[{"id":"action5","type":"wheel","parameters":{},"actions":[{"type":"scroll","x":-1820,"y":-21,"deltaX":0,"deltaY":0,"duration":0,"origin":{"element-6066-11e4-a52e-4f735466cecf":"f.3C6AD4412E448D85C093D3308860BAAC.d.7C58C4C9CFAF11711C50E59935FD6EDA.e.2788"}}]}]}
COMMAND: GET /session/e957c6d77c4c3b135e6e74b3990b52c8/screenshot - {}
RESULT: {}
COMMAND: POST /session/e957c6d77c4c3b135e6e74b3990b52c8/execute/sync - {"script":"<script> [79 bytes]","args":[{"element-6066-11e4-a52e-4f735466cecf":"f.3C6AD4412E448D85C093D3308860BAAC.d.7C58C4C9CFAF11711C50E59935FD6EDA.e.2788","ELEMENT":"f.3C6AD4412E448D85C093D3308860BAAC.d.7C58C4C9CFAF11711C50E59935FD6EDA.e.2788"},{"block":"start","inline":"nearest"}]}
RESULT: {"script":"<script> [79 bytes]","args":[{"element-6066-11e4-a52e-4f735466cecf":"f.3C6AD4412E448D85C093D3308860BAAC.d.7C58C4C9CFAF11711C50E59935FD6EDA.e.2788","ELEMENT":"f.3C6AD4412E448D85C093D3308860BAAC.d.7C58C4C9CFAF11711C50E59935FD6EDA.e.2788"},{"block":"start","inline":"nearest"}]}
COMMAND: GET /session/e957c6d77c4c3b135e6e74b3990b52c8/screenshot - {}
RESULT: {}
COMMAND: POST /session/e957c6d77c4c3b135e6e74b3990b52c8/element - {"using":"xpath","value":"//span[@id=\"application-manageresources-display-component---newResourceUnit--btnAddTimeSegment-img\"]"}
RESULT: {"using":"xpath","value":"//span[@id=\"application-manageresources-display-component---newResourceUnit--btnAddTimeSegment-img\"]"}
COMMAND: POST /session/e957c6d77c4c3b135e6e74b3990b52c8/execute/sync - {"script":"<script> [8489 bytes]","args":[{"element-6066-11e4-a52e-4f735466cecf":"f.3C6AD4412E448D85C093D3308860BAAC.d.7C58C4C9CFAF11711C50E59935FD6EDA.e.2791","ELEMENT":"f.3C6AD4412E448D85C093D3308860BAAC.d.7C58C4C9CFAF11711C50E59935FD6EDA.e.2791"}]}
RESULT: {"script":"<script> [8489 bytes]","args":[{"element-6066-11e4-a52e-4f735466cecf":"f.3C6AD4412E448D85C093D3308860BAAC.d.7C58C4C9CFAF11711C50E59935FD6EDA.e.2791","ELEMENT":"f.3C6AD4412E448D85C093D3308860BAAC.d.7C58C4C9CFAF11711C50E59935FD6EDA.e.2791"}]}
COMMAND: POST /session/e957c6d77c4c3b135e6e74b3990b52c8/element/f.3C6AD4412E448D85C093D3308860BAAC.d.7C58C4C9CFAF11711C50E59935FD6EDA.e.2791/click - {}
COMMAND: GET /session/e957c6d77c4c3b135e6e74b3990b52c8/screenshot - {}
RESULT: {}
COMMAND: GET /session/e957c6d77c4c3b135e6e74b3990b52c8/screenshot - {}
COMMAND: POST /session/e957c6d77c4c3b135e6e74b3990b52c8/element - {"using":"xpath","value":"//input[@id=\"application-manageresources-display-component---newResourceUnit--idRuTSAdmin-application-manageresources-display-component---newResourceUnit--RUTimeSegment-0-inner\"]"}
RESULT: {}
RESULT: {}
RESULT: {"using":"xpath","value":"//input[@id=\"application-manageresources-display-component---newResourceUnit--idRuTSAdmin-application-manageresources-display-component---newResourceUnit--RUTimeSegment-0-inner\"]"}
COMMAND: POST /session/e957c6d77c4c3b135e6e74b3990b52c8/element/f.3C6AD4412E448D85C093D3308860BAAC.d.7C58C4C9CFAF11711C50E59935FD6EDA.e.2794/clear - {}
RESULT: {}
COMMAND: POST /session/e957c6d77c4c3b135e6e74b3990b52c8/element/f.3C6AD4412E448D85C093D3308860BAAC.d.7C58C4C9CFAF11711C50E59935FD6EDA.e.2794/value - {"text":"WebdriverYardyfcq2"}
COMMAND: GET /session/e957c6d77c4c3b135e6e74b3990b52c8/screenshot - {}
RESULT: {"text":"WebdriverYardyfcq2"}
COMMAND: GET /session/e957c6d77c4c3b135e6e74b3990b52c8/screenshot - {}
RESULT: {}
RESULT: {}
COMMAND: POST /session/e957c6d77c4c3b135e6e74b3990b52c8/actions - {"actions":[{"id":"action6","type":"key","parameters":{},"actions":[{"type":"keyDown","value":"î€‡"},{"type":"pause","duration":10},{"type":"keyUp","value":"î€‡"}]}]}
RESULT: {"actions":[{"id":"action6","type":"key","parameters":{},"actions":[{"type":"keyDown","value":"î€‡"},{"type":"pause","duration":10},{"type":"keyUp","value":"î€‡"}]}]}
COMMAND: GET /session/e957c6d77c4c3b135e6e74b3990b52c8/screenshot - {}
RESULT: {}
COMMAND: POST /session/e957c6d77c4c3b135e6e74b3990b52c8/execute/async - {"script":"<script> [1562 bytes]","args":[{"selector":{"controlType":"sap.m.Button","viewName":"reusables.view.manageresources.NewResourceUnit","viewId":"application-manageresources-display-component---newResourceUnit","i18NText":{"propertyName":"tooltip","key":"save"},"interaction":{"idSuffix":"BDI-content"}},"wdio_ui5_key":"reusablesview.manageresources.NewResourceUnitsap.m.Button{\"propertyName\":\"tooltip\",\"key\":\"save\"}"}]}
RESULT: {"script":"<script> [1562 bytes]","args":[{"selector":{"controlType":"sap.m.Button","viewName":"reusables.view.manageresources.NewResourceUnit","viewId":"application-manageresources-display-component---newResourceUnit","i18NText":{"propertyName":"tooltip","key":"save"},"interaction":{"idSuffix":"BDI-content"}},"wdio_ui5_key":"reusablesview.manageresources.NewResourceUnitsap.m.Button{\"propertyName\":\"tooltip\",\"key\":\"save\"}"}]}
RESULT: undefined
COMMAND: POST /session/e957c6d77c4c3b135e6e74b3990b52c8/element - {"using":"xpath","value":"//*[@id=\"application-manageresources-display-component---newResourceUnit--createRuButton\"]"}
RESULT: {"using":"xpath","value":"//*[@id=\"application-manageresources-display-component---newResourceUnit--createRuButton\"]"}
COMMAND: POST /session/e957c6d77c4c3b135e6e74b3990b52c8/element/f.3C6AD4412E448D85C093D3308860BAAC.d.7C58C4C9CFAF11711C50E59935FD6EDA.e.2652/click - {}
RESULT: {}
COMMAND: GET /session/e957c6d77c4c3b135e6e74b3990b52c8/screenshot - {}
RESULT: {}
COMMAND: POST /session/e957c6d77c4c3b135e6e74b3990b52c8/execute/async - {"script":"<script> [1562 bytes]","args":[{"selector":{"controlType":"sap.m.Title","properties":{"text":"Success"},"searchOpenDialogs":true},"wdio_ui5_key":"sapm.Title{\"text\":\"Success\"}"}]}
RESULT: {"script":"<script> [1562 bytes]","args":[{"selector":{"controlType":"sap.m.Title","properties":{"text":"Success"},"searchOpenDialogs":true},"wdio_ui5_key":"sapm.Title{\"text\":\"Success\"}"}]}
RESULT: undefined
COMMAND: POST /session/e957c6d77c4c3b135e6e74b3990b52c8/execute/async - {"script":"<script> [6424 bytes]","args":[{"element-6066-11e4-a52e-4f735466cecf":"f.3C6AD4412E448D85C093D3308860BAAC.d.7C58C4C9CFAF11711C50E59935FD6EDA.e.2807"},"getText",[]]}
RESULT: {"script":"<script> [6424 bytes]","args":[{"element-6066-11e4-a52e-4f735466cecf":"f.3C6AD4412E448D85C093D3308860BAAC.d.7C58C4C9CFAF11711C50E59935FD6EDA.e.2807"},"getText",[]]}
COMMAND: POST /session/e957c6d77c4c3b135e6e74b3990b52c8/element - {"using":"xpath","value":"//*[contains(@id, '__text') and (contains(text(), 'successfully created') or contains(., 'successfully created'))]"}
RESULT: {"using":"xpath","value":"//*[contains(@id, '__text') and (contains(text(), 'successfully created') or contains(., 'successfully created'))]"}
COMMAND: GET /session/e957c6d77c4c3b135e6e74b3990b52c8/element/f.3C6AD4412E448D85C093D3308860BAAC.d.7C58C4C9CFAF11711C50E59935FD6EDA.e.2805/text - {}
RESULT: {}
COMMAND: POST /session/e957c6d77c4c3b135e6e74b3990b52c8/execute/async - {"script":"<script> [1562 bytes]","args":[{"selector":{"controlType":"sap.m.Button","properties":{"text":"Close"},"searchOpenDialogs":true,"interaction":{"idSuffix":"BDI-content"}},"wdio_ui5_key":"sapm.Button{\"text\":\"Close\"}"}]}
RESULT: {"script":"<script> [1562 bytes]","args":[{"selector":{"controlType":"sap.m.Button","properties":{"text":"Close"},"searchOpenDialogs":true,"interaction":{"idSuffix":"BDI-content"}},"wdio_ui5_key":"sapm.Button{\"text\":\"Close\"}"}]}
RESULT: undefined
COMMAND: POST /session/e957c6d77c4c3b135e6e74b3990b52c8/element - {"using":"xpath","value":"//*[@id=\"__mbox-btn-0\"]"}
RESULT: {"using":"xpath","value":"//*[@id=\"__mbox-btn-0\"]"}
COMMAND: POST /session/e957c6d77c4c3b135e6e74b3990b52c8/element/f.3C6AD4412E448D85C093D3308860BAAC.d.7C58C4C9CFAF11711C50E59935FD6EDA.e.2804/click - {}
RESULT: {}
COMMAND: GET /session/e957c6d77c4c3b135e6e74b3990b52c8/screenshot - {}
RESULT: {}
COMMAND: POST /session/e957c6d77c4c3b135e6e74b3990b52c8/execute/async - {"script":"<script> [1562 bytes]","args":[{"selector":{"controlType":"sap.ui.core.Icon","viewName":"etm.portal.ui.manageresources.view.Detail","viewId":"application-manageresources-display-component---detailRU","properties":{"src":{"regex":{"source":"overflow"}}}},"wdio_ui5_key":"etmportal.ui.manageresources.view.Detailsap.ui.core.Icon{\"src\":{\"regex\":{\"source\":\"overflow\"}}}"}]}
RESULT: {"script":"<script> [1562 bytes]","args":[{"selector":{"controlType":"sap.ui.core.Icon","viewName":"etm.portal.ui.manageresources.view.Detail","viewId":"application-manageresources-display-component---detailRU","properties":{"src":{"regex":{"source":"overflow"}}}},"wdio_ui5_key":"etmportal.ui.manageresources.view.Detailsap.ui.core.Icon{\"src\":{\"regex\":{\"source\":\"overflow\"}}}"}]}
RESULT: undefined
COMMAND: POST /session/e957c6d77c4c3b135e6e74b3990b52c8/element - {"using":"xpath","value":"//*[@id=\"__title36-_actionsToolbar-overflowButton-img\"]"}
RESULT: {"using":"xpath","value":"//*[@id=\"__title36-_actionsToolbar-overflowButton-img\"]"}
COMMAND: POST /session/e957c6d77c4c3b135e6e74b3990b52c8/element/f.3C6AD4412E448D85C093D3308860BAAC.d.7C58C4C9CFAF11711C50E59935FD6EDA.e.2839/click - {}
RESULT: {}
COMMAND: POST /session/e957c6d77c4c3b135e6e74b3990b52c8/execute/async - {"script":"<script> [1562 bytes]","args":[{"selector":{"controlType":"sap.m.Button","viewName":"etm.portal.ui.manageresources.view.Detail","viewId":"application-manageresources-display-component---detailRU","i18NText":{"propertyName":"tooltip","key":"closeColumn"},"searchOpenDialogs":true,"interaction":{"idSuffix":"inner"}},"wdio_ui5_key":"etmportal.ui.manageresources.view.Detailsap.m.Button{\"propertyName\":\"tooltip\",\"key\":\"closeColumn\"}"}]}
COMMAND: GET /session/e957c6d77c4c3b135e6e74b3990b52c8/screenshot - {}
RESULT: {"script":"<script> [1562 bytes]","args":[{"selector":{"controlType":"sap.m.Button","viewName":"etm.portal.ui.manageresources.view.Detail","viewId":"application-manageresources-display-component---detailRU","i18NText":{"propertyName":"tooltip","key":"closeColumn"},"searchOpenDialogs":true,"interaction":{"idSuffix":"inner"}},"wdio_ui5_key":"etmportal.ui.manageresources.view.Detailsap.m.Button{\"propertyName\":\"tooltip\",\"key\":\"closeColumn\"}"}]}
RESULT: undefined
COMMAND: POST /session/e957c6d77c4c3b135e6e74b3990b52c8/element - {"using":"xpath","value":"//*[@id=\"__button151\"]"}
RESULT: {}
RESULT: {"using":"xpath","value":"//*[@id=\"__button151\"]"}
COMMAND: POST /session/e957c6d77c4c3b135e6e74b3990b52c8/element/f.3C6AD4412E448D85C093D3308860BAAC.d.7C58C4C9CFAF11711C50E59935FD6EDA.e.2841/click - {}
RESULT: {}
COMMAND: GET /session/e957c6d77c4c3b135e6e74b3990b52c8/screenshot - {}
RESULT: {}
COMMAND: POST /session/e957c6d77c4c3b135e6e74b3990b52c8/refresh - {}
RESULT: {}
COMMAND: GET /session/e957c6d77c4c3b135e6e74b3990b52c8/screenshot - {}
RESULT: {}
COMMAND: POST /session/e957c6d77c4c3b135e6e74b3990b52c8/execute/async - {"script":"<script> [189 bytes]","args":[]}
RESULT: {"script":"<script> [189 bytes]","args":[]}
COMMAND: POST /session/e957c6d77c4c3b135e6e74b3990b52c8/execute/async - {"script":"<script> [123 bytes]","args":[]}
RESULT: {"script":"<script> [123 bytes]","args":[]}
COMMAND: POST /session/e957c6d77c4c3b135e6e74b3990b52c8/timeouts - {"script":"<number>"}
RESULT: {"script":"<number>"}
COMMAND: GET /session/e957c6d77c4c3b135e6e74b3990b52c8/timeouts - {}
RESULT: {}
RESULT: undefined
COMMAND: POST /session/e957c6d77c4c3b135e6e74b3990b52c8/execute/async - {"script":"<script> [2676 bytes]","args":[]}
RESULT: {"script":"<script> [2676 bytes]","args":[]}
COMMAND: POST /session/e957c6d77c4c3b135e6e74b3990b52c8/execute/async - {"script":"<script> [2342 bytes]","args":[{"protocol":"http","hostname":"0.0.0.0","path":"/","capabilities":{"browserName":"chrome","goog:chromeOptions":{"binary":"C:\\Program Files\\Google\\Chrome\\Application\\chrome.exe","args":["--start-maximized"]}},"logLevel":"warn","connectionRetryTimeout":120000,"connectionRetryCount":3,"logLevels":{},"enableDirectConnect":true,"strictSSL":true,"_":"65 more keys: [\"cacheDir\",\"port\",\"requestedCapabilities\",\"automationProtocol\",\"baseUrl\",\"waitforInterval\",\"waitforTimeout\",\"onReload\",\"beforeCommand\",\"afterCommand\",\"rootDir\",\"specs\",\"suites\",\"exclude\",\"groupLogsByTestSpec\",\"excludeDriverLogs\",\"bail\",\"framework\",\"reporters\",\"services\",\"maxInstances\",\"maxInstancesPerCapability\",\"injectGlobals\",\"filesToWatch\",\"execArgv\",\"runnerEnv\",\"runner\",\"shard\",\"specFileRetries\",\"specFileRetriesDelay\",\"specFileRetriesDeferred\",\"reporterSyncInterval\",\"reporterSyncTimeout\",\"cucumberFeaturesWithLineNumbers\",\"autoCompileOpts\",\"mochaOpts\",\"jasmineOpts\",\"cucumberOpts\",\"onPrepare\",\"onWorkerStart\",\"onWorkerEnd\",\"before\",\"beforeSession\",\"beforeSuite\",\"beforeHook\",\"beforeTest\",\"afterTest\",\"afterHook\",\"afterSuite\",\"afterSession\",\"after\",\"onComplete\",\"beforeAssertion\",\"afterAssertion\",\"beforeFeature\",\"beforeScenario\",\"beforeStep\",\"afterStep\",\"afterScenario\",\"afterFeature\",\"_\",\"suite\",\"$0\",\"ignoredWorkerServices\",\"wdi5\"]"}]}
RESULT: {"script":"<script> [2342 bytes]","args":[{"protocol":"http","hostname":"0.0.0.0","path":"/","capabilities":{"browserName":"chrome","goog:chromeOptions":{"binary":"C:\\Program Files\\Google\\Chrome\\Application\\chrome.exe","args":["--start-maximized"]}},"logLevel":"warn","connectionRetryTimeout":120000,"connectionRetryCount":3,"logLevels":{},"enableDirectConnect":true,"strictSSL":true,"_":"65 more keys: [\"cacheDir\",\"port\",\"requestedCapabilities\",\"automationProtocol\",\"baseUrl\",\"waitforInterval\",\"waitforTimeout\",\"onReload\",\"beforeCommand\",\"afterCommand\",\"rootDir\",\"specs\",\"suites\",\"exclude\",\"groupLogsByTestSpec\",\"excludeDriverLogs\",\"bail\",\"framework\",\"reporters\",\"services\",\"maxInstances\",\"maxInstancesPerCapability\",\"injectGlobals\",\"filesToWatch\",\"execArgv\",\"runnerEnv\",\"runner\",\"shard\",\"specFileRetries\",\"specFileRetriesDelay\",\"specFileRetriesDeferred\",\"reporterSyncInterval\",\"reporterSyncTimeout\",\"cucumberFeaturesWithLineNumbers\",\"autoCompileOpts\",\"mochaOpts\",\"jasmineOpts\",\"cucumberOpts\",\"onPrepare\",\"onWorkerStart\",\"onWorkerEnd\",\"before\",\"beforeSession\",\"beforeSuite\",\"beforeHook\",\"beforeTest\",\"afterTest\",\"afterHook\",\"afterSuite\",\"afterSession\",\"after\",\"onComplete\",\"beforeAssertion\",\"afterAssertion\",\"beforeFeature\",\"beforeScenario\",\"beforeStep\",\"afterStep\",\"afterScenario\",\"afterFeature\",\"_\",\"suite\",\"$0\",\"ignoredWorkerServices\",\"wdi5\"]"}]}
COMMAND: POST /session/e957c6d77c4c3b135e6e74b3990b52c8/execute/async - {"script":"<script> [21126 bytes]","args":[35000]}
RESULT: {"script":"<script> [21126 bytes]","args":[35000]}
COMMAND: POST /session/e957c6d77c4c3b135e6e74b3990b52c8/element - {"using":"css selector","value":"#shell-header-logo"}
RESULT: {"using":"css selector","value":"#shell-header-logo"}
COMMAND: POST /session/e957c6d77c4c3b135e6e74b3990b52c8/element/f.3C6AD4412E448D85C093D3308860BAAC.d.2F4D62E0847BF899B2BD4195B4F1645B.e.2938/click - {}
RESULT: {}
COMMAND: GET /session/e957c6d77c4c3b135e6e74b3990b52c8/screenshot - {}
RESULT: {}
COMMAND: POST /session/e957c6d77c4c3b135e6e74b3990b52c8/execute/async - {"script":"<script> [1562 bytes]","args":[{"selector":{"controlType":"sap.m.GenericTile","properties":{"header":"Manage Resources"}},"wdio_ui5_key":"sapm.GenericTile{\"header\":\"Manage Resources\"}"}]}
RESULT: {"script":"<script> [1562 bytes]","args":[{"selector":{"controlType":"sap.m.GenericTile","properties":{"header":"Manage Resources"}},"wdio_ui5_key":"sapm.GenericTile{\"header\":\"Manage Resources\"}"}]}
RESULT: undefined
COMMAND: POST /session/e957c6d77c4c3b135e6e74b3990b52c8/element - {"using":"xpath","value":"//*[@id=\"__tile40\"]"}
RESULT: {"using":"xpath","value":"//*[@id=\"__tile40\"]"}
COMMAND: POST /session/e957c6d77c4c3b135e6e74b3990b52c8/element/f.3C6AD4412E448D85C093D3308860BAAC.d.2F4D62E0847BF899B2BD4195B4F1645B.e.3125/click - {}
RESULT: {}
COMMAND: GET /session/e957c6d77c4c3b135e6e74b3990b52c8/screenshot - {}
RESULT: {}
COMMAND: POST /session/e957c6d77c4c3b135e6e74b3990b52c8/elements - {"using":"xpath","value":"//span[text()='Error']"}
RESULT: {"using":"xpath","value":"//span[text()='Error']"}
COMMAND: POST /session/e957c6d77c4c3b135e6e74b3990b52c8/element - {"using":"xpath","value":"//button[@data-kt=\"addNewRUOverflowToolbarButton\"]"}
RESULT: {"using":"xpath","value":"//button[@data-kt=\"addNewRUOverflowToolbarButton\"]"}
COMMAND: POST /session/e957c6d77c4c3b135e6e74b3990b52c8/execute/sync - {"script":"<script> [8489 bytes]","args":[{"element-6066-11e4-a52e-4f735466cecf":"f.3C6AD4412E448D85C093D3308860BAAC.d.2F4D62E0847BF899B2BD4195B4F1645B.e.3167","ELEMENT":"f.3C6AD4412E448D85C093D3308860BAAC.d.2F4D62E0847BF899B2BD4195B4F1645B.e.3167"}]}
RESULT: {"script":"<script> [8489 bytes]","args":[{"element-6066-11e4-a52e-4f735466cecf":"f.3C6AD4412E448D85C093D3308860BAAC.d.2F4D62E0847BF899B2BD4195B4F1645B.e.3167","ELEMENT":"f.3C6AD4412E448D85C093D3308860BAAC.d.2F4D62E0847BF899B2BD4195B4F1645B.e.3167"}]}
COMMAND: POST /session/e957c6d77c4c3b135e6e74b3990b52c8/element/f.3C6AD4412E448D85C093D3308860BAAC.d.2F4D62E0847BF899B2BD4195B4F1645B.e.3167/click - {}
COMMAND: GET /session/e957c6d77c4c3b135e6e74b3990b52c8/screenshot - {}
RESULT: {}
COMMAND: GET /session/e957c6d77c4c3b135e6e74b3990b52c8/screenshot - {}
COMMAND: POST /session/e957c6d77c4c3b135e6e74b3990b52c8/execute/async - {"script":"<script> [1562 bytes]","args":[{"selector":{"id":"application-manageresources-display-component---newResourceUnit--TYPE-arrow"},"wdio_ui5_key":"applicationmanageresources-display-component---newResourceUnit--TYPE-arrow"}]}
RESULT: {}
RESULT: {}
RESULT: {"script":"<script> [1562 bytes]","args":[{"selector":{"id":"application-manageresources-display-component---newResourceUnit--TYPE-arrow"},"wdio_ui5_key":"applicationmanageresources-display-component---newResourceUnit--TYPE-arrow"}]}
RESULT: undefined
COMMAND: POST /session/e957c6d77c4c3b135e6e74b3990b52c8/element - {"using":"xpath","value":"//*[@id=\"application-manageresources-display-component---newResourceUnit--TYPE-arrow\"]"}
RESULT: {"using":"xpath","value":"//*[@id=\"application-manageresources-display-component---newResourceUnit--TYPE-arrow\"]"}
COMMAND: POST /session/e957c6d77c4c3b135e6e74b3990b52c8/element/f.3C6AD4412E448D85C093D3308860BAAC.d.2F4D62E0847BF899B2BD4195B4F1645B.e.3483/click - {}
RESULT: {}
COMMAND: POST /session/e957c6d77c4c3b135e6e74b3990b52c8/execute/async - {"script":"<script> [1562 bytes]","args":[{"selector":{"controlType":"sap.m.StandardListItem","viewName":"reusables.view.manageresources.NewResourceUnit","viewId":"application-manageresources-display-component---newResourceUnit","properties":{"title":"Equipment"},"searchOpenDialogs":true,"interaction":{"idSuffix":"content"}},"wdio_ui5_key":"reusablesview.manageresources.NewResourceUnitsap.m.StandardListItem{\"title\":\"Equipment\"}"}]}
COMMAND: GET /session/e957c6d77c4c3b135e6e74b3990b52c8/screenshot - {}
RESULT: {"script":"<script> [1562 bytes]","args":[{"selector":{"controlType":"sap.m.StandardListItem","viewName":"reusables.view.manageresources.NewResourceUnit","viewId":"application-manageresources-display-component---newResourceUnit","properties":{"title":"Equipment"},"searchOpenDialogs":true,"interaction":{"idSuffix":"content"}},"wdio_ui5_key":"reusablesview.manageresources.NewResourceUnitsap.m.StandardListItem{\"title\":\"Equipment\"}"}]}
RESULT: undefined
COMMAND: POST /session/e957c6d77c4c3b135e6e74b3990b52c8/element - {"using":"xpath","value":"//*[@id=\"__item185\"]"}
RESULT: {}
RESULT: {"using":"xpath","value":"//*[@id=\"__item185\"]"}
COMMAND: POST /session/e957c6d77c4c3b135e6e74b3990b52c8/element/f.3C6AD4412E448D85C093D3308860BAAC.d.2F4D62E0847BF899B2BD4195B4F1645B.e.3486/click - {}
RESULT: {}
COMMAND: POST /session/e957c6d77c4c3b135e6e74b3990b52c8/execute/async - {"script":"<script> [1562 bytes]","args":[{"selector":{"id":"application-manageresources-display-component---newResourceUnit--resourceId","interaction":{"idSuffix":"inner"}},"wdio_ui5_key":"applicationmanageresources-display-component---newResourceUnit--resourceId"}]}
COMMAND: GET /session/e957c6d77c4c3b135e6e74b3990b52c8/screenshot - {}
RESULT: {"script":"<script> [1562 bytes]","args":[{"selector":{"id":"application-manageresources-display-component---newResourceUnit--resourceId","interaction":{"idSuffix":"inner"}},"wdio_ui5_key":"applicationmanageresources-display-component---newResourceUnit--resourceId"}]}
RESULT: undefined
COMMAND: POST /session/e957c6d77c4c3b135e6e74b3990b52c8/execute/async - {"script":"<script> [776 bytes]","args":[{"enterText":"WdIOTestEquipypmqsi","selector":{"id":"application-manageresources-display-component---newResourceUnit--resourceId","interaction":{"idSuffix":"inner"}},"clearTextFirst":true,"interactionType":"ENTER_TEXT"}]}
RESULT: {}
RESULT: {"script":"<script> [776 bytes]","args":[{"enterText":"WdIOTestEquipypmqsi","selector":{"id":"application-manageresources-display-component---newResourceUnit--resourceId","interaction":{"idSuffix":"inner"}},"clearTextFirst":true,"interactionType":"ENTER_TEXT"}]}
COMMAND: POST /session/e957c6d77c4c3b135e6e74b3990b52c8/execute/async - {"script":"<script> [1562 bytes]","args":[{"selector":{"id":"application-manageresources-display-component---newResourceUnit--SHORT_TEXT","interaction":{"idSuffix":"inner"}},"wdio_ui5_key":"applicationmanageresources-display-component---newResourceUnit--SHORT_TEXT"}]}
RESULT: {"script":"<script> [1562 bytes]","args":[{"selector":{"id":"application-manageresources-display-component---newResourceUnit--SHORT_TEXT","interaction":{"idSuffix":"inner"}},"wdio_ui5_key":"applicationmanageresources-display-component---newResourceUnit--SHORT_TEXT"}]}
RESULT: undefined
COMMAND: POST /session/e957c6d77c4c3b135e6e74b3990b52c8/execute/async - {"script":"<script> [776 bytes]","args":[{"enterText":"WdIOTestEquipypmqsi","selector":{"id":"application-manageresources-display-component---newResourceUnit--SHORT_TEXT","interaction":{"idSuffix":"inner"}},"clearTextFirst":true,"interactionType":"ENTER_TEXT"}]}
RESULT: {"script":"<script> [776 bytes]","args":[{"enterText":"WdIOTestEquipypmqsi","selector":{"id":"application-manageresources-display-component---newResourceUnit--SHORT_TEXT","interaction":{"idSuffix":"inner"}},"clearTextFirst":true,"interactionType":"ENTER_TEXT"}]}
COMMAND: POST /session/e957c6d77c4c3b135e6e74b3990b52c8/execute/async - {"script":"<script> [1562 bytes]","args":[{"selector":{"id":"application-manageresources-display-component---newResourceUnit--BASE_UNIT_OF_MEASURE","interaction":{"idSuffix":"inner"}},"wdio_ui5_key":"applicationmanageresources-display-component---newResourceUnit--BASE_UNIT_OF_MEASURE"}]}
RESULT: {"script":"<script> [1562 bytes]","args":[{"selector":{"id":"application-manageresources-display-component---newResourceUnit--BASE_UNIT_OF_MEASURE","interaction":{"idSuffix":"inner"}},"wdio_ui5_key":"applicationmanageresources-display-component---newResourceUnit--BASE_UNIT_OF_MEASURE"}]}
RESULT: undefined
COMMAND: POST /session/e957c6d77c4c3b135e6e74b3990b52c8/execute/async - {"script":"<script> [776 bytes]","args":[{"enterText":"Piece","selector":{"id":"application-manageresources-display-component---newResourceUnit--BASE_UNIT_OF_MEASURE","interaction":{"idSuffix":"inner"}},"clearTextFirst":true,"interactionType":"ENTER_TEXT"}]}
RESULT: {"script":"<script> [776 bytes]","args":[{"enterText":"Piece","selector":{"id":"application-manageresources-display-component---newResourceUnit--BASE_UNIT_OF_MEASURE","interaction":{"idSuffix":"inner"}},"clearTextFirst":true,"interactionType":"ENTER_TEXT"}]}
COMMAND: POST /session/e957c6d77c4c3b135e6e74b3990b52c8/execute/async - {"script":"<script> [1562 bytes]","args":[{"selector":{"id":"application-manageresources-display-component---newResourceUnit--WEIGHT_UNIT","interaction":{"idSuffix":"inner"}},"wdio_ui5_key":"applicationmanageresources-display-component---newResourceUnit--WEIGHT_UNIT"}]}
RESULT: {"script":"<script> [1562 bytes]","args":[{"selector":{"id":"application-manageresources-display-component---newResourceUnit--WEIGHT_UNIT","interaction":{"idSuffix":"inner"}},"wdio_ui5_key":"applicationmanageresources-display-component---newResourceUnit--WEIGHT_UNIT"}]}
RESULT: undefined
COMMAND: POST /session/e957c6d77c4c3b135e6e74b3990b52c8/execute/async - {"script":"<script> [776 bytes]","args":[{"enterText":"Gram","selector":{"id":"application-manageresources-display-component---newResourceUnit--WEIGHT_UNIT","interaction":{"idSuffix":"inner"}},"clearTextFirst":true,"interactionType":"ENTER_TEXT"}]}
RESULT: {"script":"<script> [776 bytes]","args":[{"enterText":"Gram","selector":{"id":"application-manageresources-display-component---newResourceUnit--WEIGHT_UNIT","interaction":{"idSuffix":"inner"}},"clearTextFirst":true,"interactionType":"ENTER_TEXT"}]}
COMMAND: POST /session/e957c6d77c4c3b135e6e74b3990b52c8/execute/async - {"script":"<script> [1562 bytes]","args":[{"selector":{"id":"application-manageresources-display-component---newResourceUnit--newRRUPage-OPHeaderContent-collapseBtn-img"},"wdio_ui5_key":"applicationmanageresources-display-component---newResourceUnit--newRRUPage-OPHeaderContent-collapseBtn-img"}]}
RESULT: {"script":"<script> [1562 bytes]","args":[{"selector":{"id":"application-manageresources-display-component---newResourceUnit--newRRUPage-OPHeaderContent-collapseBtn-img"},"wdio_ui5_key":"applicationmanageresources-display-component---newResourceUnit--newRRUPage-OPHeaderContent-collapseBtn-img"}]}
RESULT: undefined
COMMAND: POST /session/e957c6d77c4c3b135e6e74b3990b52c8/element - {"using":"xpath","value":"//*[@id=\"application-manageresources-display-component---newResourceUnit--newRRUPage-OPHeaderContent-collapseBtn-img\"]"}
RESULT: {"using":"xpath","value":"//*[@id=\"application-manageresources-display-component---newResourceUnit--newRRUPage-OPHeaderContent-collapseBtn-img\"]"}
COMMAND: POST /session/e957c6d77c4c3b135e6e74b3990b52c8/element/f.3C6AD4412E448D85C093D3308860BAAC.d.2F4D62E0847BF899B2BD4195B4F1645B.e.3495/click - {}
RESULT: {}
COMMAND: GET /session/e957c6d77c4c3b135e6e74b3990b52c8/screenshot - {}
RESULT: {}
COMMAND: POST /session/e957c6d77c4c3b135e6e74b3990b52c8/element - {"using":"xpath","value":"(//span[contains(@id ,\"application-manageresources-display-component---newResourceUnit--DIMENSION_UNIT-arrow\")])[1]"}
RESULT: {"using":"xpath","value":"(//span[contains(@id ,\"application-manageresources-display-component---newResourceUnit--DIMENSION_UNIT-arrow\")])[1]"}
COMMAND: POST /session/e957c6d77c4c3b135e6e74b3990b52c8/element/f.3C6AD4412E448D85C093D3308860BAAC.d.2F4D62E0847BF899B2BD4195B4F1645B.e.3643/click - {}
RESULT: {}
COMMAND: GET /session/e957c6d77c4c3b135e6e74b3990b52c8/screenshot - {}
RESULT: {}
COMMAND: POST /session/e957c6d77c4c3b135e6e74b3990b52c8/execute/async - {"script":"<script> [1562 bytes]","args":[{"selector":{"controlType":"sap.m.StandardListItem","viewName":"reusables.view.manageresources.NewResourceUnit","viewId":"application-manageresources-display-component---newResourceUnit","properties":{"title":"Centimeter"},"searchOpenDialogs":true,"interaction":{"idSuffix":"titleText"}},"wdio_ui5_key":"reusablesview.manageresources.NewResourceUnitsap.m.StandardListItem{\"title\":\"Centimeter\"}"}]}
RESULT: {"script":"<script> [1562 bytes]","args":[{"selector":{"controlType":"sap.m.StandardListItem","viewName":"reusables.view.manageresources.NewResourceUnit","viewId":"application-manageresources-display-component---newResourceUnit","properties":{"title":"Centimeter"},"searchOpenDialogs":true,"interaction":{"idSuffix":"titleText"}},"wdio_ui5_key":"reusablesview.manageresources.NewResourceUnitsap.m.StandardListItem{\"title\":\"Centimeter\"}"}]}
RESULT: undefined
COMMAND: POST /session/e957c6d77c4c3b135e6e74b3990b52c8/element - {"using":"xpath","value":"//*[@id=\"__item243\"]"}
RESULT: {"using":"xpath","value":"//*[@id=\"__item243\"]"}
COMMAND: POST /session/e957c6d77c4c3b135e6e74b3990b52c8/element/f.3C6AD4412E448D85C093D3308860BAAC.d.2F4D62E0847BF899B2BD4195B4F1645B.e.3645/click - {}
RESULT: {}
COMMAND: GET /session/e957c6d77c4c3b135e6e74b3990b52c8/screenshot - {}
RESULT: {}
COMMAND: POST /session/e957c6d77c4c3b135e6e74b3990b52c8/execute/async - {"script":"<script> [1562 bytes]","args":[{"selector":{"id":"application-manageresources-display-component---newResourceUnit--newRRUPage-anchBar-application-manageresources-display-component---newResourceUnit--control-anchor","interaction":{"idSuffix":"BDI-content"}},"wdio_ui5_key":"applicationmanageresources-display-component---newResourceUnit--newRRUPage-anchBar-application-manageresources-display-component---newResourceUnit--control-anchor"}]}
RESULT: {"script":"<script> [1562 bytes]","args":[{"selector":{"id":"application-manageresources-display-component---newResourceUnit--newRRUPage-anchBar-application-manageresources-display-component---newResourceUnit--control-anchor","interaction":{"idSuffix":"BDI-content"}},"wdio_ui5_key":"applicationmanageresources-display-component---newResourceUnit--newRRUPage-anchBar-application-manageresources-display-component---newResourceUnit--control-anchor"}]}
RESULT: undefined
COMMAND: POST /session/e957c6d77c4c3b135e6e74b3990b52c8/element - {"using":"xpath","value":"//*[@id=\"application-manageresources-display-component---newResourceUnit--newRRUPage-anchBar-application-manageresources-display-component---newResourceUnit--control-anchor\"]"}
RESULT: {"using":"xpath","value":"//*[@id=\"application-manageresources-display-component---newResourceUnit--newRRUPage-anchBar-application-manageresources-display-component---newResourceUnit--control-anchor\"]"}
COMMAND: POST /session/e957c6d77c4c3b135e6e74b3990b52c8/element/f.3C6AD4412E448D85C093D3308860BAAC.d.2F4D62E0847BF899B2BD4195B4F1645B.e.3647/click - {}
RESULT: {}
COMMAND: POST /session/e957c6d77c4c3b135e6e74b3990b52c8/execute/async - {"script":"<script> [1562 bytes]","args":[{"selector":{"id":"application-manageresources-display-component---newResourceUnit--PLANNING_GROUP","interaction":{"idSuffix":"inner"}},"wdio_ui5_key":"applicationmanageresources-display-component---newResourceUnit--PLANNING_GROUP"}]}
COMMAND: GET /session/e957c6d77c4c3b135e6e74b3990b52c8/screenshot - {}
RESULT: {"script":"<script> [1562 bytes]","args":[{"selector":{"id":"application-manageresources-display-component---newResourceUnit--PLANNING_GROUP","interaction":{"idSuffix":"inner"}},"wdio_ui5_key":"applicationmanageresources-display-component---newResourceUnit--PLANNING_GROUP"}]}
RESULT: undefined
COMMAND: POST /session/e957c6d77c4c3b135e6e74b3990b52c8/execute/async - {"script":"<script> [776 bytes]","args":[{"enterText":"Heavy Equi","selector":{"id":"application-manageresources-display-component---newResourceUnit--PLANNING_GROUP","interaction":{"idSuffix":"inner"}},"clearTextFirst":true,"interactionType":"ENTER_TEXT"}]}
RESULT: {}
RESULT: {"script":"<script> [776 bytes]","args":[{"enterText":"Heavy Equi","selector":{"id":"application-manageresources-display-component---newResourceUnit--PLANNING_GROUP","interaction":{"idSuffix":"inner"}},"clearTextFirst":true,"interactionType":"ENTER_TEXT"}]}
COMMAND: POST /session/e957c6d77c4c3b135e6e74b3990b52c8/execute/async - {"script":"<script> [1562 bytes]","args":[{"selector":{"id":"application-manageresources-display-component---newResourceUnit--ITEM_TYPE-arrow"},"wdio_ui5_key":"applicationmanageresources-display-component---newResourceUnit--ITEM_TYPE-arrow"}]}
RESULT: {"script":"<script> [1562 bytes]","args":[{"selector":{"id":"application-manageresources-display-component---newResourceUnit--ITEM_TYPE-arrow"},"wdio_ui5_key":"applicationmanageresources-display-component---newResourceUnit--ITEM_TYPE-arrow"}]}
RESULT: undefined
COMMAND: POST /session/e957c6d77c4c3b135e6e74b3990b52c8/element - {"using":"xpath","value":"//*[@id=\"application-manageresources-display-component---newResourceUnit--ITEM_TYPE-arrow\"]"}
RESULT: {"using":"xpath","value":"//*[@id=\"application-manageresources-display-component---newResourceUnit--ITEM_TYPE-arrow\"]"}
COMMAND: POST /session/e957c6d77c4c3b135e6e74b3990b52c8/element/f.3C6AD4412E448D85C093D3308860BAAC.d.2F4D62E0847BF899B2BD4195B4F1645B.e.3652/click - {}
RESULT: {}
COMMAND: POST /session/e957c6d77c4c3b135e6e74b3990b52c8/execute/async - {"script":"<script> [1562 bytes]","args":[{"selector":{"controlType":"sap.m.StandardListItem","viewName":"reusables.view.manageresources.NewResourceUnit","viewId":"application-manageresources-display-component---newResourceUnit","properties":{"title":"Resource Unit"},"searchOpenDialogs":true,"interaction":{"idSuffix":"titleText"}},"wdio_ui5_key":"reusablesview.manageresources.NewResourceUnitsap.m.StandardListItem{\"title\":\"Resource Unit\"}"}]}
COMMAND: GET /session/e957c6d77c4c3b135e6e74b3990b52c8/screenshot - {}
RESULT: {"script":"<script> [1562 bytes]","args":[{"selector":{"controlType":"sap.m.StandardListItem","viewName":"reusables.view.manageresources.NewResourceUnit","viewId":"application-manageresources-display-component---newResourceUnit","properties":{"title":"Resource Unit"},"searchOpenDialogs":true,"interaction":{"idSuffix":"titleText"}},"wdio_ui5_key":"reusablesview.manageresources.NewResourceUnitsap.m.StandardListItem{\"title\":\"Resource Unit\"}"}]}
RESULT: undefined
COMMAND: POST /session/e957c6d77c4c3b135e6e74b3990b52c8/element - {"using":"xpath","value":"//*[@id=\"__item265\"]"}
RESULT: {}
RESULT: {"using":"xpath","value":"//*[@id=\"__item265\"]"}
COMMAND: POST /session/e957c6d77c4c3b135e6e74b3990b52c8/element/f.3C6AD4412E448D85C093D3308860BAAC.d.2F4D62E0847BF899B2BD4195B4F1645B.e.3654/click - {}
RESULT: {}
COMMAND: POST /session/e957c6d77c4c3b135e6e74b3990b52c8/element - {"using":"xpath","value":"//bdi[contains(text(), \"Time Segment\")]"}
COMMAND: GET /session/e957c6d77c4c3b135e6e74b3990b52c8/screenshot - {}
RESULT: {"using":"xpath","value":"//bdi[contains(text(), \"Time Segment\")]"}
COMMAND: GET /session/e957c6d77c4c3b135e6e74b3990b52c8/element/f.3C6AD4412E448D85C093D3308860BAAC.d.2F4D62E0847BF899B2BD4195B4F1645B.e.3662/rect - {}
RESULT: {}
RESULT: {}
COMMAND: GET /session/e957c6d77c4c3b135e6e74b3990b52c8/window/rect - {}
RESULT: {}
COMMAND: POST /session/e957c6d77c4c3b135e6e74b3990b52c8/execute/sync - {"script":"<script> [92 bytes]","args":[]}
RESULT: {"script":"<script> [92 bytes]","args":[]}
COMMAND: POST /session/e957c6d77c4c3b135e6e74b3990b52c8/actions - {"actions":[{"id":"action7","type":"wheel","parameters":{},"actions":[{"type":"scroll","x":-1820,"y":-21,"deltaX":0,"deltaY":0,"duration":0,"origin":{"element-6066-11e4-a52e-4f735466cecf":"f.3C6AD4412E448D85C093D3308860BAAC.d.2F4D62E0847BF899B2BD4195B4F1645B.e.3662"}}]}]}
COMMAND: GET /session/e957c6d77c4c3b135e6e74b3990b52c8/screenshot - {}
RESULT: {}
COMMAND: POST /session/e957c6d77c4c3b135e6e74b3990b52c8/execute/sync - {"script":"<script> [79 bytes]","args":[{"element-6066-11e4-a52e-4f735466cecf":"f.3C6AD4412E448D85C093D3308860BAAC.d.2F4D62E0847BF899B2BD4195B4F1645B.e.3662","ELEMENT":"f.3C6AD4412E448D85C093D3308860BAAC.d.2F4D62E0847BF899B2BD4195B4F1645B.e.3662"},{"block":"start","inline":"nearest"}]}
RESULT: {"script":"<script> [79 bytes]","args":[{"element-6066-11e4-a52e-4f735466cecf":"f.3C6AD4412E448D85C093D3308860BAAC.d.2F4D62E0847BF899B2BD4195B4F1645B.e.3662","ELEMENT":"f.3C6AD4412E448D85C093D3308860BAAC.d.2F4D62E0847BF899B2BD4195B4F1645B.e.3662"},{"block":"start","inline":"nearest"}]}
COMMAND: POST /session/e957c6d77c4c3b135e6e74b3990b52c8/execute/async - {"script":"<script> [1562 bytes]","args":[{"selector":{"id":"application-manageresources-display-component---newResourceUnit--btnAddTimeSegment-img"},"wdio_ui5_key":"applicationmanageresources-display-component---newResourceUnit--btnAddTimeSegment-img"}]}
COMMAND: GET /session/e957c6d77c4c3b135e6e74b3990b52c8/screenshot - {}
RESULT: {"script":"<script> [1562 bytes]","args":[{"selector":{"id":"application-manageresources-display-component---newResourceUnit--btnAddTimeSegment-img"},"wdio_ui5_key":"applicationmanageresources-display-component---newResourceUnit--btnAddTimeSegment-img"}]}
RESULT: undefined
COMMAND: POST /session/e957c6d77c4c3b135e6e74b3990b52c8/element - {"using":"xpath","value":"//*[@id=\"application-manageresources-display-component---newResourceUnit--btnAddTimeSegment-img\"]"}
RESULT: {}
RESULT: {"using":"xpath","value":"//*[@id=\"application-manageresources-display-component---newResourceUnit--btnAddTimeSegment-img\"]"}
COMMAND: POST /session/e957c6d77c4c3b135e6e74b3990b52c8/element/f.3C6AD4412E448D85C093D3308860BAAC.d.2F4D62E0847BF899B2BD4195B4F1645B.e.3663/click - {}
RESULT: {}
COMMAND: GET /session/e957c6d77c4c3b135e6e74b3990b52c8/screenshot - {}
RESULT: {}
COMMAND: POST /session/e957c6d77c4c3b135e6e74b3990b52c8/element - {"using":"xpath","value":"//input[@id=\"application-manageresources-display-component---newResourceUnit--idRuTSAdmin-application-manageresources-display-component---newResourceUnit--RUTimeSegment-0-inner\"]"}
RESULT: {"using":"xpath","value":"//input[@id=\"application-manageresources-display-component---newResourceUnit--idRuTSAdmin-application-manageresources-display-component---newResourceUnit--RUTimeSegment-0-inner\"]"}
COMMAND: POST /session/e957c6d77c4c3b135e6e74b3990b52c8/element/f.3C6AD4412E448D85C093D3308860BAAC.d.2F4D62E0847BF899B2BD4195B4F1645B.e.3669/clear - {}
RESULT: {}
COMMAND: POST /session/e957c6d77c4c3b135e6e74b3990b52c8/element/f.3C6AD4412E448D85C093D3308860BAAC.d.2F4D62E0847BF899B2BD4195B4F1645B.e.3669/value - {"text":"WebdriverYardyfcq2"}
COMMAND: GET /session/e957c6d77c4c3b135e6e74b3990b52c8/screenshot - {}
RESULT: {"text":"WebdriverYardyfcq2"}
COMMAND: GET /session/e957c6d77c4c3b135e6e74b3990b52c8/screenshot - {}
RESULT: {}
RESULT: {}
COMMAND: POST /session/e957c6d77c4c3b135e6e74b3990b52c8/actions - {"actions":[{"id":"action8","type":"key","parameters":{},"actions":[{"type":"keyDown","value":"î€‡"},{"type":"pause","duration":10},{"type":"keyUp","value":"î€‡"}]}]}
RESULT: {"actions":[{"id":"action8","type":"key","parameters":{},"actions":[{"type":"keyDown","value":"î€‡"},{"type":"pause","duration":10},{"type":"keyUp","value":"î€‡"}]}]}
COMMAND: POST /session/e957c6d77c4c3b135e6e74b3990b52c8/execute/async - {"script":"<script> [1562 bytes]","args":[{"selector":{"controlType":"sap.ui.core.Icon","viewName":"reusables.view.manageresources.NewResourceUnit","viewId":"application-manageresources-display-component---newResourceUnit","properties":{"src":{"regex":{"source":"slim\\-arrow\\-down"}}},"ancestor":{"controlType":"sap.m.ComboBox","viewName":"reusables.view.manageresources.NewResourceUnit","viewId":"application-manageresources-display-component---newResourceUnit","bindingPath":{"path":"/RESOURCE_UNIT_TIME_SEQUENCES/0","propertyPath":"COST_OBJECT_ADMIN_CST_TYPE","modelName":"oNewRruModel"}}},"wdio_ui5_key":"reusablesview.manageresources.NewResourceUnitsap.ui.core.Icon{\"src\":{\"regex\":{\"source\":\"slim\\\\-arrow\\\\-down\"}}}{\"controlType\":\"sap.m.ComboBox\",\"viewName\":\"reusables.view.manageresources.NewResourceUnit\",\"viewId\":\"application-manageresources-display-component---newResourceUnit\",\"bindingPath\":{\"path\":\"/RESOURCE_UNIT_TIME_SEQUENCES/0\",\"propertyPath\":\"COST_OBJECT_ADMIN_CST_TYPE\",\"modelName\":\"oNewRruModel\"}}"}]}
COMMAND: GET /session/e957c6d77c4c3b135e6e74b3990b52c8/screenshot - {}
RESULT: {"script":"<script> [1562 bytes]","args":[{"selector":{"controlType":"sap.ui.core.Icon","viewName":"reusables.view.manageresources.NewResourceUnit","viewId":"application-manageresources-display-component---newResourceUnit","properties":{"src":{"regex":{"source":"slim\\-arrow\\-down"}}},"ancestor":{"controlType":"sap.m.ComboBox","viewName":"reusables.view.manageresources.NewResourceUnit","viewId":"application-manageresources-display-component---newResourceUnit","bindingPath":{"path":"/RESOURCE_UNIT_TIME_SEQUENCES/0","propertyPath":"COST_OBJECT_ADMIN_CST_TYPE","modelName":"oNewRruModel"}}},"wdio_ui5_key":"reusablesview.manageresources.NewResourceUnitsap.ui.core.Icon{\"src\":{\"regex\":{\"source\":\"slim\\\\-arrow\\\\-down\"}}}{\"controlType\":\"sap.m.ComboBox\",\"viewName\":\"reusables.view.manageresources.NewResourceUnit\",\"viewId\":\"application-manageresources-display-component---newResourceUnit\",\"bindingPath\":{\"path\":\"/RESOURCE_UNIT_TIME_SEQUENCES/0\",\"propertyPath\":\"COST_OBJECT_ADMIN_CST_TYPE\",\"modelName\":\"oNewRruModel\"}}"}]}
RESULT: undefined
COMMAND: POST /session/e957c6d77c4c3b135e6e74b3990b52c8/element - {"using":"xpath","value":"//*[@id=\"__box7-application-manageresources-display-component---newResourceUnit--RUTimeSegment-0-arrow\"]"}
RESULT: {}
RESULT: {"using":"xpath","value":"//*[@id=\"__box7-application-manageresources-display-component---newResourceUnit--RUTimeSegment-0-arrow\"]"}
COMMAND: POST /session/e957c6d77c4c3b135e6e74b3990b52c8/element/f.3C6AD4412E448D85C093D3308860BAAC.d.2F4D62E0847BF899B2BD4195B4F1645B.e.3681/click - {}
RESULT: {}
COMMAND: POST /session/e957c6d77c4c3b135e6e74b3990b52c8/execute/async - {"script":"<script> [1562 bytes]","args":[{"selector":{"controlType":"sap.m.StandardListItem","viewName":"reusables.view.manageresources.NewResourceUnit","viewId":"application-manageresources-display-component---newResourceUnit","properties":{"title":"PM Order"},"searchOpenDialogs":true,"interaction":{"idSuffix":"titleText"}},"wdio_ui5_key":"reusablesview.manageresources.NewResourceUnitsap.m.StandardListItem{\"title\":\"PM Order\"}"}]}
COMMAND: GET /session/e957c6d77c4c3b135e6e74b3990b52c8/screenshot - {}
RESULT: {"script":"<script> [1562 bytes]","args":[{"selector":{"controlType":"sap.m.StandardListItem","viewName":"reusables.view.manageresources.NewResourceUnit","viewId":"application-manageresources-display-component---newResourceUnit","properties":{"title":"PM Order"},"searchOpenDialogs":true,"interaction":{"idSuffix":"titleText"}},"wdio_ui5_key":"reusablesview.manageresources.NewResourceUnitsap.m.StandardListItem{\"title\":\"PM Order\"}"}]}
RESULT: undefined
COMMAND: POST /session/e957c6d77c4c3b135e6e74b3990b52c8/element - {"using":"xpath","value":"//*[@id=\"__item369\"]"}
RESULT: {}
RESULT: {"using":"xpath","value":"//*[@id=\"__item369\"]"}
COMMAND: POST /session/e957c6d77c4c3b135e6e74b3990b52c8/element/f.3C6AD4412E448D85C093D3308860BAAC.d.2F4D62E0847BF899B2BD4195B4F1645B.e.3685/click - {}
RESULT: {}
COMMAND: GET /session/e957c6d77c4c3b135e6e74b3990b52c8/screenshot - {}
RESULT: {}
COMMAND: POST /session/e957c6d77c4c3b135e6e74b3990b52c8/element - {"using":"xpath","value":"(//input[contains(@id ,\"-application-manageresources-display-component---newResourceUnit--RUTimeSegment-0-inner\")])[8]"}
RESULT: {"using":"xpath","value":"(//input[contains(@id ,\"-application-manageresources-display-component---newResourceUnit--RUTimeSegment-0-inner\")])[8]"}
COMMAND: POST /session/e957c6d77c4c3b135e6e74b3990b52c8/element/f.3C6AD4412E448D85C093D3308860BAAC.d.2F4D62E0847BF899B2BD4195B4F1645B.e.3688/clear - {}
RESULT: {}
COMMAND: POST /session/e957c6d77c4c3b135e6e74b3990b52c8/element/f.3C6AD4412E448D85C093D3308860BAAC.d.2F4D62E0847BF899B2BD4195B4F1645B.e.3688/value - {"text":"4000360"}
COMMAND: GET /session/e957c6d77c4c3b135e6e74b3990b52c8/screenshot - {}
RESULT: {"text":"4000360"}
COMMAND: GET /session/e957c6d77c4c3b135e6e74b3990b52c8/screenshot - {}
RESULT: {}
RESULT: {}
COMMAND: POST /session/e957c6d77c4c3b135e6e74b3990b52c8/actions - {"actions":[{"id":"action9","type":"key","parameters":{},"actions":[{"type":"keyDown","value":"î€‡"},{"type":"pause","duration":10},{"type":"keyUp","value":"î€‡"}]}]}
RESULT: {"actions":[{"id":"action9","type":"key","parameters":{},"actions":[{"type":"keyDown","value":"î€‡"},{"type":"pause","duration":10},{"type":"keyUp","value":"î€‡"}]}]}
COMMAND: GET /session/e957c6d77c4c3b135e6e74b3990b52c8/screenshot - {}
RESULT: {}
COMMAND: POST /session/e957c6d77c4c3b135e6e74b3990b52c8/element - {"using":"xpath","value":"//input[contains(@id ,\"application-manageresources-display-component---newResourceUnit--newTimeSegmentFromDatePicker-application-manageresources-display-component---newResourceUnit--RUTimeSegment-0-inner\")]"}
RESULT: {"using":"xpath","value":"//input[contains(@id ,\"application-manageresources-display-component---newResourceUnit--newTimeSegmentFromDatePicker-application-manageresources-display-component---newResourceUnit--RUTimeSegment-0-inner\")]"}
COMMAND: POST /session/e957c6d77c4c3b135e6e74b3990b52c8/element/f.3C6AD4412E448D85C093D3308860BAAC.d.2F4D62E0847BF899B2BD4195B4F1645B.e.3676/clear - {}
RESULT: {}
COMMAND: POST /session/e957c6d77c4c3b135e6e74b3990b52c8/element/f.3C6AD4412E448D85C093D3308860BAAC.d.2F4D62E0847BF899B2BD4195B4F1645B.e.3676/clear - {}
COMMAND: GET /session/e957c6d77c4c3b135e6e74b3990b52c8/screenshot - {}
RESULT: {}
COMMAND: POST /session/e957c6d77c4c3b135e6e74b3990b52c8/element/f.3C6AD4412E448D85C093D3308860BAAC.d.2F4D62E0847BF899B2BD4195B4F1645B.e.3676/value - {"text":"7/12/24"}
COMMAND: GET /session/e957c6d77c4c3b135e6e74b3990b52c8/screenshot - {}
RESULT: {}
RESULT: {"text":"7/12/24"}
COMMAND: POST /session/e957c6d77c4c3b135e6e74b3990b52c8/execute/async - {"script":"<script> [1562 bytes]","args":[{"selector":{"id":"application-manageresources-display-component---newResourceUnit--newRRUPage-anchBar-application-manageresources-display-component---newResourceUnit--resource-anchor","interaction":{"idSuffix":"BDI-content"}},"wdio_ui5_key":"applicationmanageresources-display-component---newResourceUnit--newRRUPage-anchBar-application-manageresources-display-component---newResourceUnit--resource-anchor"}]}
COMMAND: GET /session/e957c6d77c4c3b135e6e74b3990b52c8/screenshot - {}
RESULT: {}
RESULT: {"script":"<script> [1562 bytes]","args":[{"selector":{"id":"application-manageresources-display-component---newResourceUnit--newRRUPage-anchBar-application-manageresources-display-component---newResourceUnit--resource-anchor","interaction":{"idSuffix":"BDI-content"}},"wdio_ui5_key":"applicationmanageresources-display-component---newResourceUnit--newRRUPage-anchBar-application-manageresources-display-component---newResourceUnit--resource-anchor"}]}
RESULT: undefined
COMMAND: POST /session/e957c6d77c4c3b135e6e74b3990b52c8/element - {"using":"xpath","value":"//*[@id=\"application-manageresources-display-component---newResourceUnit--newRRUPage-anchBar-application-manageresources-display-component---newResourceUnit--resource-anchor\"]"}
RESULT: {}
RESULT: {"using":"xpath","value":"//*[@id=\"application-manageresources-display-component---newResourceUnit--newRRUPage-anchBar-application-manageresources-display-component---newResourceUnit--resource-anchor\"]"}
COMMAND: POST /session/e957c6d77c4c3b135e6e74b3990b52c8/element/f.3C6AD4412E448D85C093D3308860BAAC.d.2F4D62E0847BF899B2BD4195B4F1645B.e.3710/click - {}
RESULT: {}
COMMAND: POST /session/e957c6d77c4c3b135e6e74b3990b52c8/execute/async - {"script":"<script> [1562 bytes]","args":[{"selector":{"id":"application-manageresources-display-component---newResourceUnit--PLANNED_DELIVERY_DATE","interaction":{"idSuffix":"inner"}},"wdio_ui5_key":"applicationmanageresources-display-component---newResourceUnit--PLANNED_DELIVERY_DATE"}]}
COMMAND: GET /session/e957c6d77c4c3b135e6e74b3990b52c8/screenshot - {}
RESULT: {"script":"<script> [1562 bytes]","args":[{"selector":{"id":"application-manageresources-display-component---newResourceUnit--PLANNED_DELIVERY_DATE","interaction":{"idSuffix":"inner"}},"wdio_ui5_key":"applicationmanageresources-display-component---newResourceUnit--PLANNED_DELIVERY_DATE"}]}
RESULT: undefined
COMMAND: POST /session/e957c6d77c4c3b135e6e74b3990b52c8/execute/async - {"script":"<script> [6424 bytes]","args":[{"element-6066-11e4-a52e-4f735466cecf":"f.3C6AD4412E448D85C093D3308860BAAC.d.2F4D62E0847BF899B2BD4195B4F1645B.e.3541"},"setValue",["7/12/24"]]}
RESULT: {}
RESULT: {"script":"<script> [6424 bytes]","args":[{"element-6066-11e4-a52e-4f735466cecf":"f.3C6AD4412E448D85C093D3308860BAAC.d.2F4D62E0847BF899B2BD4195B4F1645B.e.3541"},"setValue",["7/12/24"]]}
COMMAND: POST /session/e957c6d77c4c3b135e6e74b3990b52c8/execute/async - {"script":"<script> [1562 bytes]","args":[{"selector":{"id":"application-manageresources-display-component---newResourceUnit--RETIRE_PLANNED_DATE","interaction":{"idSuffix":"inner"}},"wdio_ui5_key":"applicationmanageresources-display-component---newResourceUnit--RETIRE_PLANNED_DATE"}]}
RESULT: {"script":"<script> [1562 bytes]","args":[{"selector":{"id":"application-manageresources-display-component---newResourceUnit--RETIRE_PLANNED_DATE","interaction":{"idSuffix":"inner"}},"wdio_ui5_key":"applicationmanageresources-display-component---newResourceUnit--RETIRE_PLANNED_DATE"}]}
RESULT: undefined
COMMAND: POST /session/e957c6d77c4c3b135e6e74b3990b52c8/execute/async - {"script":"<script> [776 bytes]","args":[{"enterText":"3/14/29","selector":{"id":"application-manageresources-display-component---newResourceUnit--RETIRE_PLANNED_DATE","interaction":{"idSuffix":"inner"}},"clearTextFirst":true,"interactionType":"ENTER_TEXT"}]}
RESULT: {"script":"<script> [776 bytes]","args":[{"enterText":"3/14/29","selector":{"id":"application-manageresources-display-component---newResourceUnit--RETIRE_PLANNED_DATE","interaction":{"idSuffix":"inner"}},"clearTextFirst":true,"interactionType":"ENTER_TEXT"}]}
COMMAND: POST /session/e957c6d77c4c3b135e6e74b3990b52c8/execute/async - {"script":"<script> [1562 bytes]","args":[{"selector":{"controlType":"sap.m.Button","viewName":"reusables.view.manageresources.NewResourceUnit","viewId":"application-manageresources-display-component---newResourceUnit","i18NText":{"propertyName":"tooltip","key":"save"},"interaction":{"idSuffix":"BDI-content"}},"wdio_ui5_key":"reusablesview.manageresources.NewResourceUnitsap.m.Button{\"propertyName\":\"tooltip\",\"key\":\"save\"}"}]}
RESULT: {"script":"<script> [1562 bytes]","args":[{"selector":{"controlType":"sap.m.Button","viewName":"reusables.view.manageresources.NewResourceUnit","viewId":"application-manageresources-display-component---newResourceUnit","i18NText":{"propertyName":"tooltip","key":"save"},"interaction":{"idSuffix":"BDI-content"}},"wdio_ui5_key":"reusablesview.manageresources.NewResourceUnitsap.m.Button{\"propertyName\":\"tooltip\",\"key\":\"save\"}"}]}
RESULT: undefined
COMMAND: POST /session/e957c6d77c4c3b135e6e74b3990b52c8/element - {"using":"xpath","value":"//*[@id=\"application-manageresources-display-component---newResourceUnit--createRuButton\"]"}
RESULT: {"using":"xpath","value":"//*[@id=\"application-manageresources-display-component---newResourceUnit--createRuButton\"]"}
COMMAND: POST /session/e957c6d77c4c3b135e6e74b3990b52c8/element/f.3C6AD4412E448D85C093D3308860BAAC.d.2F4D62E0847BF899B2BD4195B4F1645B.e.3501/click - {}
RESULT: {}
COMMAND: GET /session/e957c6d77c4c3b135e6e74b3990b52c8/screenshot - {}
RESULT: {}
COMMAND: POST /session/e957c6d77c4c3b135e6e74b3990b52c8/execute/async - {"script":"<script> [1562 bytes]","args":[{"selector":{"controlType":"sap.m.Button","properties":{"text":"Close"},"searchOpenDialogs":true,"interaction":{"idSuffix":"inner"}},"wdio_ui5_key":"sapm.Button{\"text\":\"Close\"}"}]}
RESULT: {"script":"<script> [1562 bytes]","args":[{"selector":{"controlType":"sap.m.Button","properties":{"text":"Close"},"searchOpenDialogs":true,"interaction":{"idSuffix":"inner"}},"wdio_ui5_key":"sapm.Button{\"text\":\"Close\"}"}]}
RESULT: undefined
COMMAND: POST /session/e957c6d77c4c3b135e6e74b3990b52c8/element - {"using":"xpath","value":"//*[@id=\"__mbox-btn-0\"]"}
RESULT: {"using":"xpath","value":"//*[@id=\"__mbox-btn-0\"]"}
COMMAND: POST /session/e957c6d77c4c3b135e6e74b3990b52c8/element/f.3C6AD4412E448D85C093D3308860BAAC.d.2F4D62E0847BF899B2BD4195B4F1645B.e.3720/click - {}
RESULT: {}
COMMAND: GET /session/e957c6d77c4c3b135e6e74b3990b52c8/screenshot - {}
COMMAND: POST /session/e957c6d77c4c3b135e6e74b3990b52c8/execute/async - {"script":"<script> [1562 bytes]","args":[{"selector":{"controlType":"sap.m.Text","viewName":"etm.portal.ui.manageresources.view.Detail","viewId":"application-manageresources-display-component---detailRU","bindingPath":{"propertyPath":"ID","modelName":"catalogModel"}},"wdio_ui5_key":"etmportal.ui.manageresources.view.Detailsap.m.Text{\"propertyPath\":\"ID\",\"modelName\":\"catalogModel\"}"}]}
RESULT: {}
RESULT: {"script":"<script> [1562 bytes]","args":[{"selector":{"controlType":"sap.m.Text","viewName":"etm.portal.ui.manageresources.view.Detail","viewId":"application-manageresources-display-component---detailRU","bindingPath":{"propertyPath":"ID","modelName":"catalogModel"}},"wdio_ui5_key":"etmportal.ui.manageresources.view.Detailsap.m.Text{\"propertyPath\":\"ID\",\"modelName\":\"catalogModel\"}"}]}
RESULT: undefined
COMMAND: POST /session/e957c6d77c4c3b135e6e74b3990b52c8/execute/async - {"script":"<script> [6424 bytes]","args":[{"element-6066-11e4-a52e-4f735466cecf":"f.3C6AD4412E448D85C093D3308860BAAC.d.2F4D62E0847BF899B2BD4195B4F1645B.e.3759"},"getText",[]]}
RESULT: {"script":"<script> [6424 bytes]","args":[{"element-6066-11e4-a52e-4f735466cecf":"f.3C6AD4412E448D85C093D3308860BAAC.d.2F4D62E0847BF899B2BD4195B4F1645B.e.3759"},"getText",[]]}
COMMAND: POST /session/e957c6d77c4c3b135e6e74b3990b52c8/element - {"using":"css selector","value":"#shell-header-logo"}
RESULT: {"using":"css selector","value":"#shell-header-logo"}
COMMAND: POST /session/e957c6d77c4c3b135e6e74b3990b52c8/element/f.3C6AD4412E448D85C093D3308860BAAC.d.2F4D62E0847BF899B2BD4195B4F1645B.e.3127/click - {}
RESULT: {}
COMMAND: GET /session/e957c6d77c4c3b135e6e74b3990b52c8/screenshot - {}
RESULT: {}
COMMAND: POST /session/e957c6d77c4c3b135e6e74b3990b52c8/execute/async - {"script":"<script> [1562 bytes]","args":[{"selector":{"controlType":"sap.m.GenericTile","properties":{"header":"Manage Catalogs"}},"wdio_ui5_key":"sapm.GenericTile{\"header\":\"Manage Catalogs\"}"}]}
RESULT: {"script":"<script> [1562 bytes]","args":[{"selector":{"controlType":"sap.m.GenericTile","properties":{"header":"Manage Catalogs"}},"wdio_ui5_key":"sapm.GenericTile{\"header\":\"Manage Catalogs\"}"}]}
RESULT: undefined
COMMAND: POST /session/e957c6d77c4c3b135e6e74b3990b52c8/element - {"using":"xpath","value":"//*[@id=\"__tile38\"]"}
RESULT: {"using":"xpath","value":"//*[@id=\"__tile38\"]"}
COMMAND: POST /session/e957c6d77c4c3b135e6e74b3990b52c8/element/f.3C6AD4412E448D85C093D3308860BAAC.d.2F4D62E0847BF899B2BD4195B4F1645B.e.3761/click - {}
RESULT: {}
COMMAND: GET /session/e957c6d77c4c3b135e6e74b3990b52c8/screenshot - {}
RESULT: {}
COMMAND: POST /session/e957c6d77c4c3b135e6e74b3990b52c8/elements - {"using":"xpath","value":"//span[text()='Error']"}
RESULT: {"using":"xpath","value":"//span[text()='Error']"}
COMMAND: POST /session/e957c6d77c4c3b135e6e74b3990b52c8/execute/async - {"script":"<script> [1562 bytes]","args":[{"selector":{"controlType":"sap.m.Text","viewName":"etm.portal.ui.managecatalogs.view.MasterCatalogs","viewId":"application-managecatalogs-display-component---masterCatalogs","bindingPath":{"path":"/Catalogs('0D7502D073D53A0F1700BE067B89AFF9')","propertyPath":"DESCRIPTION","modelName":"catalogModel"}},"wdio_ui5_key":"etmportal.ui.managecatalogs.view.MasterCatalogssap.m.Text{\"path\":\"/Catalogs('0D7502D073D53A0F1700BE067B89AFF9')\",\"propertyPath\":\"DESCRIPTION\",\"modelName\":\"catalogModel\"}"}]}
RESULT: {"script":"<script> [1562 bytes]","args":[{"selector":{"controlType":"sap.m.Text","viewName":"etm.portal.ui.managecatalogs.view.MasterCatalogs","viewId":"application-managecatalogs-display-component---masterCatalogs","bindingPath":{"path":"/Catalogs('0D7502D073D53A0F1700BE067B89AFF9')","propertyPath":"DESCRIPTION","modelName":"catalogModel"}},"wdio_ui5_key":"etmportal.ui.managecatalogs.view.MasterCatalogssap.m.Text{\"path\":\"/Catalogs('0D7502D073D53A0F1700BE067B89AFF9')\",\"propertyPath\":\"DESCRIPTION\",\"modelName\":\"catalogModel\"}"}]}
RESULT: undefined
COMMAND: POST /session/e957c6d77c4c3b135e6e74b3990b52c8/element - {"using":"xpath","value":"//*[@id=\"__text1058-application-managecatalogs-display-component---masterCatalogs--CatalogsTable-11\"]"}
RESULT: {"using":"xpath","value":"//*[@id=\"__text1058-application-managecatalogs-display-component---masterCatalogs--CatalogsTable-11\"]"}
COMMAND: POST /session/e957c6d77c4c3b135e6e74b3990b52c8/element/f.3C6AD4412E448D85C093D3308860BAAC.d.2F4D62E0847BF899B2BD4195B4F1645B.e.3831/click - {}
RESULT: {}
COMMAND: POST /session/e957c6d77c4c3b135e6e74b3990b52c8/execute/async - {"script":"<script> [1562 bytes]","args":[{"selector":{"controlType":"sap.ui.layout.HorizontalLayout","viewName":"etm.portal.ui.managecatalogs.view.MasterItems","viewId":"application-managecatalogs-display-component---masterCatalogItems","ancestor":{"id":"application-managecatalogs-display-component---masterCatalogItems--idCatalogItemsTree-rows-row0"}},"wdio_ui5_key":"etmportal.ui.managecatalogs.view.MasterItemssap.ui.layout.HorizontalLayout{\"id\":\"application-managecatalogs-display-component---masterCatalogItems--idCatalogItemsTree-rows-row0\"}"}]}
COMMAND: GET /session/e957c6d77c4c3b135e6e74b3990b52c8/screenshot - {}
RESULT: {"script":"<script> [1562 bytes]","args":[{"selector":{"controlType":"sap.ui.layout.HorizontalLayout","viewName":"etm.portal.ui.managecatalogs.view.MasterItems","viewId":"application-managecatalogs-display-component---masterCatalogItems","ancestor":{"id":"application-managecatalogs-display-component---masterCatalogItems--idCatalogItemsTree-rows-row0"}},"wdio_ui5_key":"etmportal.ui.managecatalogs.view.MasterItemssap.ui.layout.HorizontalLayout{\"id\":\"application-managecatalogs-display-component---masterCatalogItems--idCatalogItemsTree-rows-row0\"}"}]}
RESULT: undefined
COMMAND: POST /session/e957c6d77c4c3b135e6e74b3990b52c8/element - {"using":"xpath","value":"//*[@id=\"__layout304-__clone1083\"]"}
RESULT: {}
RESULT: {"using":"xpath","value":"//*[@id=\"__layout304-__clone1083\"]"}
COMMAND: POST /session/e957c6d77c4c3b135e6e74b3990b52c8/element/f.3C6AD4412E448D85C093D3308860BAAC.d.2F4D62E0847BF899B2BD4195B4F1645B.e.3842/click - {}
RESULT: {}
COMMAND: GET /session/e957c6d77c4c3b135e6e74b3990b52c8/screenshot - {}
RESULT: {}
COMMAND: POST /session/e957c6d77c4c3b135e6e74b3990b52c8/execute/async - {"script":"<script> [1562 bytes]","args":[{"selector":{"controlType":"sap.m.Button","viewName":"etm.portal.ui.managecatalogs.view.Detail","viewId":"application-managecatalogs-display-component---detailCatalog","i18NText":{"propertyName":"text","key":"edit"},"interaction":{"idSuffix":"BDI-content"}},"wdio_ui5_key":"etmportal.ui.managecatalogs.view.Detailsap.m.Button{\"propertyName\":\"text\",\"key\":\"edit\"}"}]}
RESULT: {"script":"<script> [1562 bytes]","args":[{"selector":{"controlType":"sap.m.Button","viewName":"etm.portal.ui.managecatalogs.view.Detail","viewId":"application-managecatalogs-display-component---detailCatalog","i18NText":{"propertyName":"text","key":"edit"},"interaction":{"idSuffix":"BDI-content"}},"wdio_ui5_key":"etmportal.ui.managecatalogs.view.Detailsap.m.Button{\"propertyName\":\"text\",\"key\":\"edit\"}"}]}
RESULT: undefined
COMMAND: POST /session/e957c6d77c4c3b135e6e74b3990b52c8/element - {"using":"xpath","value":"//*[@id=\"__button134\"]"}
RESULT: {"using":"xpath","value":"//*[@id=\"__button134\"]"}
COMMAND: POST /session/e957c6d77c4c3b135e6e74b3990b52c8/element/f.3C6AD4412E448D85C093D3308860BAAC.d.2F4D62E0847BF899B2BD4195B4F1645B.e.3944/click - {}
RESULT: {}
COMMAND: GET /session/e957c6d77c4c3b135e6e74b3990b52c8/screenshot - {}
RESULT: {}
RESULT: undefined
COMMAND: POST /session/e957c6d77c4c3b135e6e74b3990b52c8/element - {"using":"xpath","value":"//bdi[contains(text(), \"Unlock\")]"}
RESULT: {"using":"xpath","value":"//bdi[contains(text(), \"Unlock\")]"}
COMMAND: POST /session/e957c6d77c4c3b135e6e74b3990b52c8/elements - {"using":"xpath","value":"//bdi[contains(text(), \"Unlock\")]"}
RESULT: {"using":"xpath","value":"//bdi[contains(text(), \"Unlock\")]"}
COMMAND: POST /session/e957c6d77c4c3b135e6e74b3990b52c8/execute/async - {"script":"<script> [1562 bytes]","args":[{"selector":{"controlType":"sap.ui.core.Icon","viewName":"etm.portal.ui.managecatalogs.view.Detail","viewId":"application-managecatalogs-display-component---detailCatalog","properties":{"src":{"regex":{"source":"add\\-folder"}}}},"wdio_ui5_key":"etmportal.ui.managecatalogs.view.Detailsap.ui.core.Icon{\"src\":{\"regex\":{\"source\":\"add\\\\-folder\"}}}"}]}
RESULT: {"script":"<script> [1562 bytes]","args":[{"selector":{"controlType":"sap.ui.core.Icon","viewName":"etm.portal.ui.managecatalogs.view.Detail","viewId":"application-managecatalogs-display-component---detailCatalog","properties":{"src":{"regex":{"source":"add\\-folder"}}}},"wdio_ui5_key":"etmportal.ui.managecatalogs.view.Detailsap.ui.core.Icon{\"src\":{\"regex\":{\"source\":\"add\\\\-folder\"}}}"}]}
RESULT: undefined
COMMAND: POST /session/e957c6d77c4c3b135e6e74b3990b52c8/element - {"using":"xpath","value":"//*[@id=\"__button142-img\"]"}
RESULT: {"using":"xpath","value":"//*[@id=\"__button142-img\"]"}
COMMAND: POST /session/e957c6d77c4c3b135e6e74b3990b52c8/element/f.3C6AD4412E448D85C093D3308860BAAC.d.2F4D62E0847BF899B2BD4195B4F1645B.e.3953/click - {}
RESULT: {}
COMMAND: GET /session/e957c6d77c4c3b135e6e74b3990b52c8/screenshot - {}
RESULT: {}
COMMAND: POST /session/e957c6d77c4c3b135e6e74b3990b52c8/execute/async - {"script":"<script> [1562 bytes]","args":[{"selector":{"id":"application-managecatalogs-display-component---detailCatalog--numberInput","searchOpenDialogs":true,"interaction":{"idSuffix":"inner"}},"wdio_ui5_key":"applicationmanagecatalogs-display-component---detailCatalog--numberInput"}]}
RESULT: {"script":"<script> [1562 bytes]","args":[{"selector":{"id":"application-managecatalogs-display-component---detailCatalog--numberInput","searchOpenDialogs":true,"interaction":{"idSuffix":"inner"}},"wdio_ui5_key":"applicationmanagecatalogs-display-component---detailCatalog--numberInput"}]}
RESULT: undefined
COMMAND: POST /session/e957c6d77c4c3b135e6e74b3990b52c8/execute/async - {"script":"<script> [776 bytes]","args":[{"enterText":"Sectionfc652","selector":{"id":"application-managecatalogs-display-component---detailCatalog--numberInput","searchOpenDialogs":true,"interaction":{"idSuffix":"inner"}},"clearTextFirst":true,"interactionType":"ENTER_TEXT"}]}
RESULT: {"script":"<script> [776 bytes]","args":[{"enterText":"Sectionfc652","selector":{"id":"application-managecatalogs-display-component---detailCatalog--numberInput","searchOpenDialogs":true,"interaction":{"idSuffix":"inner"}},"clearTextFirst":true,"interactionType":"ENTER_TEXT"}]}
COMMAND: POST /session/e957c6d77c4c3b135e6e74b3990b52c8/element - {"using":"css selector","value":"#application-managecatalogs-display-component---detailCatalog--nameInput-inner"}
RESULT: {"using":"css selector","value":"#application-managecatalogs-display-component---detailCatalog--nameInput-inner"}
COMMAND: POST /session/e957c6d77c4c3b135e6e74b3990b52c8/elements - {"using":"css selector","value":"#application-managecatalogs-display-component---detailCatalog--nameInput-inner"}
RESULT: {"using":"css selector","value":"#application-managecatalogs-display-component---detailCatalog--nameInput-inner"}
COMMAND: POST /session/e957c6d77c4c3b135e6e74b3990b52c8/element/f.3C6AD4412E448D85C093D3308860BAAC.d.2F4D62E0847BF899B2BD4195B4F1645B.e.3957/clear - {}
RESULT: {}
COMMAND: POST /session/e957c6d77c4c3b135e6e74b3990b52c8/element/f.3C6AD4412E448D85C093D3308860BAAC.d.2F4D62E0847BF899B2BD4195B4F1645B.e.3957/value - {"text":"Webdriver5ssji"}
COMMAND: GET /session/e957c6d77c4c3b135e6e74b3990b52c8/screenshot - {}
RESULT: {"text":"Webdriver5ssji"}
COMMAND: POST /session/e957c6d77c4c3b135e6e74b3990b52c8/execute/async - {"script":"<script> [1562 bytes]","args":[{"selector":{"controlType":"sap.m.Button","viewName":"etm.portal.ui.managecatalogs.view.Detail","viewId":"application-managecatalogs-display-component---detailCatalog","i18NText":{"propertyName":"text","key":"create"},"searchOpenDialogs":true,"interaction":{"idSuffix":"BDI-content"}},"wdio_ui5_key":"etmportal.ui.managecatalogs.view.Detailsap.m.Button{\"propertyName\":\"text\",\"key\":\"create\"}"}]}
COMMAND: GET /session/e957c6d77c4c3b135e6e74b3990b52c8/screenshot - {}
RESULT: {}
RESULT: {"script":"<script> [1562 bytes]","args":[{"selector":{"controlType":"sap.m.Button","viewName":"etm.portal.ui.managecatalogs.view.Detail","viewId":"application-managecatalogs-display-component---detailCatalog","i18NText":{"propertyName":"text","key":"create"},"searchOpenDialogs":true,"interaction":{"idSuffix":"BDI-content"}},"wdio_ui5_key":"etmportal.ui.managecatalogs.view.Detailsap.m.Button{\"propertyName\":\"text\",\"key\":\"create\"}"}]}
RESULT: undefined
COMMAND: POST /session/e957c6d77c4c3b135e6e74b3990b52c8/element - {"using":"xpath","value":"//*[@id=\"__button112\"]"}
RESULT: {}
RESULT: {"using":"xpath","value":"//*[@id=\"__button112\"]"}
COMMAND: POST /session/e957c6d77c4c3b135e6e74b3990b52c8/element/f.3C6AD4412E448D85C093D3308860BAAC.d.2F4D62E0847BF899B2BD4195B4F1645B.e.3962/click - {}
RESULT: {}
COMMAND: GET /session/e957c6d77c4c3b135e6e74b3990b52c8/screenshot - {}
RESULT: {}
COMMAND: POST /session/e957c6d77c4c3b135e6e74b3990b52c8/element - {"using":"xpath","value":"//button[@title=\"Save\"]"}
RESULT: {"using":"xpath","value":"//button[@title=\"Save\"]"}
COMMAND: POST /session/e957c6d77c4c3b135e6e74b3990b52c8/element/f.3C6AD4412E448D85C093D3308860BAAC.d.2F4D62E0847BF899B2BD4195B4F1645B.e.3963/click - {}
RESULT: {}
COMMAND: POST /session/e957c6d77c4c3b135e6e74b3990b52c8/execute/async - {"script":"<script> [1562 bytes]","args":[{"selector":{"controlType":"sap.ui.core.Icon","viewName":"etm.portal.ui.managecatalogs.view.Detail","viewId":"application-managecatalogs-display-component---detailCatalog","properties":{"src":{"regex":{"source":"decline"}}}},"wdio_ui5_key":"etmportal.ui.managecatalogs.view.Detailsap.ui.core.Icon{\"src\":{\"regex\":{\"source\":\"decline\"}}}"}]}
COMMAND: GET /session/e957c6d77c4c3b135e6e74b3990b52c8/screenshot - {}
RESULT: {"script":"<script> [1562 bytes]","args":[{"selector":{"controlType":"sap.ui.core.Icon","viewName":"etm.portal.ui.managecatalogs.view.Detail","viewId":"application-managecatalogs-display-component---detailCatalog","properties":{"src":{"regex":{"source":"decline"}}}},"wdio_ui5_key":"etmportal.ui.managecatalogs.view.Detailsap.ui.core.Icon{\"src\":{\"regex\":{\"source\":\"decline\"}}}"}]}
RESULT: undefined
COMMAND: POST /session/e957c6d77c4c3b135e6e74b3990b52c8/element - {"using":"xpath","value":"//*[@id=\"__button137-img\"]"}
RESULT: {}
RESULT: {"using":"xpath","value":"//*[@id=\"__button137-img\"]"}
COMMAND: POST /session/e957c6d77c4c3b135e6e74b3990b52c8/element/f.3C6AD4412E448D85C093D3308860BAAC.d.2F4D62E0847BF899B2BD4195B4F1645B.e.3969/click - {}
RESULT: {}
COMMAND: GET /session/e957c6d77c4c3b135e6e74b3990b52c8/screenshot - {}
RESULT: {}
COMMAND: POST /session/e957c6d77c4c3b135e6e74b3990b52c8/execute/async - {"script":"<script> [1562 bytes]","args":[{"selector":{"controlType":"sap.ui.core.Icon","viewName":"etm.portal.ui.managecatalogs.view.MasterItems","viewId":"application-managecatalogs-display-component---masterCatalogItems","properties":{"src":{"regex":{"source":"refresh"}}}},"wdio_ui5_key":"etmportal.ui.managecatalogs.view.MasterItemssap.ui.core.Icon{\"src\":{\"regex\":{\"source\":\"refresh\"}}}"}]}
RESULT: {"script":"<script> [1562 bytes]","args":[{"selector":{"controlType":"sap.ui.core.Icon","viewName":"etm.portal.ui.managecatalogs.view.MasterItems","viewId":"application-managecatalogs-display-component---masterCatalogItems","properties":{"src":{"regex":{"source":"refresh"}}}},"wdio_ui5_key":"etmportal.ui.managecatalogs.view.MasterItemssap.ui.core.Icon{\"src\":{\"regex\":{\"source\":\"refresh\"}}}"}]}
RESULT: undefined
COMMAND: POST /session/e957c6d77c4c3b135e6e74b3990b52c8/element - {"using":"xpath","value":"//*[@id=\"__button110-img\"]"}
RESULT: {"using":"xpath","value":"//*[@id=\"__button110-img\"]"}
COMMAND: POST /session/e957c6d77c4c3b135e6e74b3990b52c8/element/f.3C6AD4412E448D85C093D3308860BAAC.d.2F4D62E0847BF899B2BD4195B4F1645B.e.4002/click - {}
RESULT: {}
COMMAND: POST /session/e957c6d77c4c3b135e6e74b3990b52c8/execute/async - {"script":"<script> [1562 bytes]","args":[{"selector":{"id":"application-managecatalogs-display-component---masterCatalogItems--searchItemsField","interaction":{"idSuffix":"I"}},"wdio_ui5_key":"applicationmanagecatalogs-display-component---masterCatalogItems--searchItemsField"}]}
COMMAND: GET /session/e957c6d77c4c3b135e6e74b3990b52c8/screenshot - {}
RESULT: {"script":"<script> [1562 bytes]","args":[{"selector":{"id":"application-managecatalogs-display-component---masterCatalogItems--searchItemsField","interaction":{"idSuffix":"I"}},"wdio_ui5_key":"applicationmanagecatalogs-display-component---masterCatalogItems--searchItemsField"}]}
RESULT: undefined
COMMAND: POST /session/e957c6d77c4c3b135e6e74b3990b52c8/execute/async - {"script":"<script> [776 bytes]","args":[{"enterText":"Webdriver5ssji","selector":{"id":"application-managecatalogs-display-component---masterCatalogItems--searchItemsField","interaction":{"idSuffix":"I"}},"clearTextFirst":true,"interactionType":"ENTER_TEXT"}]}
RESULT: {}
RESULT: {"script":"<script> [776 bytes]","args":[{"enterText":"Webdriver5ssji","selector":{"id":"application-managecatalogs-display-component---masterCatalogItems--searchItemsField","interaction":{"idSuffix":"I"}},"clearTextFirst":true,"interactionType":"ENTER_TEXT"}]}
COMMAND: POST /session/e957c6d77c4c3b135e6e74b3990b52c8/actions - {"actions":[{"id":"action10","type":"key","parameters":{},"actions":[{"type":"keyDown","value":"î€‡"},{"type":"pause","duration":10},{"type":"keyUp","value":"î€‡"}]}]}
RESULT: {"actions":[{"id":"action10","type":"key","parameters":{},"actions":[{"type":"keyDown","value":"î€‡"},{"type":"pause","duration":10},{"type":"keyUp","value":"î€‡"}]}]}
COMMAND: POST /session/e957c6d77c4c3b135e6e74b3990b52c8/element - {"using":"xpath","value":"(//span[contains(text(), \"Webdriver5ssji\")])[1]"}
COMMAND: GET /session/e957c6d77c4c3b135e6e74b3990b52c8/screenshot - {}
RESULT: {"using":"xpath","value":"(//span[contains(text(), \"Webdriver5ssji\")])[1]"}
COMMAND: POST /session/e957c6d77c4c3b135e6e74b3990b52c8/element/f.3C6AD4412E448D85C093D3308860BAAC.d.2F4D62E0847BF899B2BD4195B4F1645B.e.4005/click - {}
RESULT: {}
RESULT: {}
COMMAND: GET /session/e957c6d77c4c3b135e6e74b3990b52c8/screenshot - {}
RESULT: {}
RESULT: undefined
COMMAND: POST /session/e957c6d77c4c3b135e6e74b3990b52c8/element - {"using":"xpath","value":"//*[@id=\"__button134\"]"}
RESULT: {"using":"xpath","value":"//*[@id=\"__button134\"]"}
COMMAND: POST /session/e957c6d77c4c3b135e6e74b3990b52c8/element/f.3C6AD4412E448D85C093D3308860BAAC.d.2F4D62E0847BF899B2BD4195B4F1645B.e.4038/click - {}
RESULT: {}
COMMAND: GET /session/e957c6d77c4c3b135e6e74b3990b52c8/screenshot - {}
RESULT: {}
RESULT: undefined
COMMAND: POST /session/e957c6d77c4c3b135e6e74b3990b52c8/element - {"using":"xpath","value":"//*[@id=\"__button142-img\"]"}
RESULT: {"using":"xpath","value":"//*[@id=\"__button142-img\"]"}
COMMAND: POST /session/e957c6d77c4c3b135e6e74b3990b52c8/element/f.3C6AD4412E448D85C093D3308860BAAC.d.2F4D62E0847BF899B2BD4195B4F1645B.e.4091/click - {}
RESULT: {}
COMMAND: GET /session/e957c6d77c4c3b135e6e74b3990b52c8/screenshot - {}
RESULT: {}
RESULT: undefined
COMMAND: POST /session/e957c6d77c4c3b135e6e74b3990b52c8/execute/async - {"script":"<script> [776 bytes]","args":[{"enterText":"SecondSectionzi8dlh","selector":{"id":"application-managecatalogs-display-component---detailCatalog--numberInput","searchOpenDialogs":true,"interaction":{"idSuffix":"inner"}},"clearTextFirst":true,"interactionType":"ENTER_TEXT"}]}
RESULT: {"script":"<script> [776 bytes]","args":[{"enterText":"SecondSectionzi8dlh","selector":{"id":"application-managecatalogs-display-component---detailCatalog--numberInput","searchOpenDialogs":true,"interaction":{"idSuffix":"inner"}},"clearTextFirst":true,"interactionType":"ENTER_TEXT"}]}
COMMAND: POST /session/e957c6d77c4c3b135e6e74b3990b52c8/element - {"using":"xpath","value":"//input[contains(@id ,\"application-managecatalogs-display-component---detailCatalog--nameInput-inner\")]"}
RESULT: {"using":"xpath","value":"//input[contains(@id ,\"application-managecatalogs-display-component---detailCatalog--nameInput-inner\")]"}
COMMAND: POST /session/e957c6d77c4c3b135e6e74b3990b52c8/elements - {"using":"xpath","value":"//input[contains(@id ,\"application-managecatalogs-display-component---detailCatalog--nameInput-inner\")]"}
RESULT: {"using":"xpath","value":"//input[contains(@id ,\"application-managecatalogs-display-component---detailCatalog--nameInput-inner\")]"}
COMMAND: POST /session/e957c6d77c4c3b135e6e74b3990b52c8/element/f.3C6AD4412E448D85C093D3308860BAAC.d.2F4D62E0847BF899B2BD4195B4F1645B.e.4095/clear - {}
RESULT: {}
COMMAND: POST /session/e957c6d77c4c3b135e6e74b3990b52c8/element/f.3C6AD4412E448D85C093D3308860BAAC.d.2F4D62E0847BF899B2BD4195B4F1645B.e.4095/value - {"text":"webdriversecond89djqi"}
COMMAND: GET /session/e957c6d77c4c3b135e6e74b3990b52c8/screenshot - {}
RESULT: {"text":"webdriversecond89djqi"}
RESULT: undefined
COMMAND: POST /session/e957c6d77c4c3b135e6e74b3990b52c8/element - {"using":"xpath","value":"//*[@id=\"__button112\"]"}
COMMAND: GET /session/e957c6d77c4c3b135e6e74b3990b52c8/screenshot - {}
RESULT: {}
RESULT: {"using":"xpath","value":"//*[@id=\"__button112\"]"}
COMMAND: POST /session/e957c6d77c4c3b135e6e74b3990b52c8/element/f.3C6AD4412E448D85C093D3308860BAAC.d.2F4D62E0847BF899B2BD4195B4F1645B.e.4099/click - {}
RESULT: {}
RESULT: {}
COMMAND: GET /session/e957c6d77c4c3b135e6e74b3990b52c8/screenshot - {}
RESULT: {}
COMMAND: POST /session/e957c6d77c4c3b135e6e74b3990b52c8/element - {"using":"xpath","value":"//button[@title=\"Save\"]"}
RESULT: {"using":"xpath","value":"//button[@title=\"Save\"]"}
COMMAND: POST /session/e957c6d77c4c3b135e6e74b3990b52c8/element/f.3C6AD4412E448D85C093D3308860BAAC.d.2F4D62E0847BF899B2BD4195B4F1645B.e.4076/click - {}
RESULT: {}
COMMAND: GET /session/e957c6d77c4c3b135e6e74b3990b52c8/screenshot - {}
RESULT: {}
RESULT: undefined
COMMAND: POST /session/e957c6d77c4c3b135e6e74b3990b52c8/element - {"using":"xpath","value":"//*[@id=\"__button137-img\"]"}
RESULT: {"using":"xpath","value":"//*[@id=\"__button137-img\"]"}
COMMAND: POST /session/e957c6d77c4c3b135e6e74b3990b52c8/element/f.3C6AD4412E448D85C093D3308860BAAC.d.2F4D62E0847BF899B2BD4195B4F1645B.e.4045/click - {}
RESULT: {}
COMMAND: GET /session/e957c6d77c4c3b135e6e74b3990b52c8/screenshot - {}
RESULT: {}
RESULT: undefined
COMMAND: POST /session/e957c6d77c4c3b135e6e74b3990b52c8/element - {"using":"xpath","value":"//*[@id=\"__button110-img\"]"}
RESULT: {"using":"xpath","value":"//*[@id=\"__button110-img\"]"}
COMMAND: POST /session/e957c6d77c4c3b135e6e74b3990b52c8/element/f.3C6AD4412E448D85C093D3308860BAAC.d.2F4D62E0847BF899B2BD4195B4F1645B.e.4136/click - {}
RESULT: {}
COMMAND: GET /session/e957c6d77c4c3b135e6e74b3990b52c8/screenshot - {}
RESULT: {}
RESULT: undefined
COMMAND: POST /session/e957c6d77c4c3b135e6e74b3990b52c8/execute/async - {"script":"<script> [776 bytes]","args":[{"enterText":"SecondSectionzi8dlh","selector":{"id":"application-managecatalogs-display-component---masterCatalogItems--searchItemsField","interaction":{"idSuffix":"I"}},"clearTextFirst":true,"interactionType":"ENTER_TEXT"}]}
RESULT: {"script":"<script> [776 bytes]","args":[{"enterText":"SecondSectionzi8dlh","selector":{"id":"application-managecatalogs-display-component---masterCatalogItems--searchItemsField","interaction":{"idSuffix":"I"}},"clearTextFirst":true,"interactionType":"ENTER_TEXT"}]}
COMMAND: POST /session/e957c6d77c4c3b135e6e74b3990b52c8/actions - {"actions":[{"id":"action11","type":"key","parameters":{},"actions":[{"type":"keyDown","value":"î€‡"},{"type":"pause","duration":10},{"type":"keyUp","value":"î€‡"}]}]}
RESULT: {"actions":[{"id":"action11","type":"key","parameters":{},"actions":[{"type":"keyDown","value":"î€‡"},{"type":"pause","duration":10},{"type":"keyUp","value":"î€‡"}]}]}
COMMAND: POST /session/e957c6d77c4c3b135e6e74b3990b52c8/element - {"using":"xpath","value":"(//span[contains(text(), \"SecondSectionzi8dlh\")])[1]"}
COMMAND: GET /session/e957c6d77c4c3b135e6e74b3990b52c8/screenshot - {}
RESULT: {"using":"xpath","value":"(//span[contains(text(), \"SecondSectionzi8dlh\")])[1]"}
COMMAND: POST /session/e957c6d77c4c3b135e6e74b3990b52c8/element/f.3C6AD4412E448D85C093D3308860BAAC.d.2F4D62E0847BF899B2BD4195B4F1645B.e.4139/click - {}
RESULT: {}
RESULT: {}
COMMAND: POST /session/e957c6d77c4c3b135e6e74b3990b52c8/element - {"using":"xpath","value":"(//span[contains(text(), \"SecondSectionzi8dlh\")])[1]"}
COMMAND: GET /session/e957c6d77c4c3b135e6e74b3990b52c8/screenshot - {}
RESULT: {"using":"xpath","value":"(//span[contains(text(), \"SecondSectionzi8dlh\")])[1]"}
COMMAND: GET /session/e957c6d77c4c3b135e6e74b3990b52c8/element/f.3C6AD4412E448D85C093D3308860BAAC.d.2F4D62E0847BF899B2BD4195B4F1645B.e.4139/text - {}
RESULT: {}
COMMAND: POST /session/e957c6d77c4c3b135e6e74b3990b52c8/element - {"using":"xpath","value":"(//span[contains(text(), \"SecondSectionzi8dlh\")])[1]"}
RESULT: {"using":"xpath","value":"(//span[contains(text(), \"SecondSectionzi8dlh\")])[1]"}
COMMAND: GET /session/e957c6d77c4c3b135e6e74b3990b52c8/element/f.3C6AD4412E448D85C093D3308860BAAC.d.2F4D62E0847BF899B2BD4195B4F1645B.e.4139/text - {}
COMMAND: POST /session/e957c6d77c4c3b135e6e74b3990b52c8/element - {"using":"xpath","value":"(//span[contains(text(), \"SecondSectionzi8dlh\")])[1]"}
RESULT: {"using":"xpath","value":"(//span[contains(text(), \"SecondSectionzi8dlh\")])[1]"}
COMMAND: GET /session/e957c6d77c4c3b135e6e74b3990b52c8/element/f.3C6AD4412E448D85C093D3308860BAAC.d.2F4D62E0847BF899B2BD4195B4F1645B.e.4191/text - {}
RESULT: {}
COMMAND: POST /session/e957c6d77c4c3b135e6e74b3990b52c8/refresh - {}
RESULT: {}
COMMAND: GET /session/e957c6d77c4c3b135e6e74b3990b52c8/screenshot - {}
RESULT: {}
COMMAND: POST /session/e957c6d77c4c3b135e6e74b3990b52c8/execute/async - {"script":"<script> [189 bytes]","args":[]}
RESULT: {"script":"<script> [189 bytes]","args":[]}
COMMAND: POST /session/e957c6d77c4c3b135e6e74b3990b52c8/execute/async - {"script":"<script> [123 bytes]","args":[]}
RESULT: {"script":"<script> [123 bytes]","args":[]}
COMMAND: POST /session/e957c6d77c4c3b135e6e74b3990b52c8/timeouts - {"script":"<number>"}
RESULT: {"script":"<number>"}
COMMAND: GET /session/e957c6d77c4c3b135e6e74b3990b52c8/timeouts - {}
RESULT: {}
RESULT: undefined
COMMAND: POST /session/e957c6d77c4c3b135e6e74b3990b52c8/execute/async - {"script":"<script> [2676 bytes]","args":[]}
RESULT: {"script":"<script> [2676 bytes]","args":[]}
COMMAND: POST /session/e957c6d77c4c3b135e6e74b3990b52c8/execute/async - {"script":"<script> [2342 bytes]","args":[{"protocol":"http","hostname":"0.0.0.0","path":"/","capabilities":{"browserName":"chrome","goog:chromeOptions":{"binary":"C:\\Program Files\\Google\\Chrome\\Application\\chrome.exe","args":["--start-maximized"]}},"logLevel":"warn","connectionRetryTimeout":120000,"connectionRetryCount":3,"logLevels":{},"enableDirectConnect":true,"strictSSL":true,"_":"65 more keys: [\"cacheDir\",\"port\",\"requestedCapabilities\",\"automationProtocol\",\"baseUrl\",\"waitforInterval\",\"waitforTimeout\",\"onReload\",\"beforeCommand\",\"afterCommand\",\"rootDir\",\"specs\",\"suites\",\"exclude\",\"groupLogsByTestSpec\",\"excludeDriverLogs\",\"bail\",\"framework\",\"reporters\",\"services\",\"maxInstances\",\"maxInstancesPerCapability\",\"injectGlobals\",\"filesToWatch\",\"execArgv\",\"runnerEnv\",\"runner\",\"shard\",\"specFileRetries\",\"specFileRetriesDelay\",\"specFileRetriesDeferred\",\"reporterSyncInterval\",\"reporterSyncTimeout\",\"cucumberFeaturesWithLineNumbers\",\"autoCompileOpts\",\"mochaOpts\",\"jasmineOpts\",\"cucumberOpts\",\"onPrepare\",\"onWorkerStart\",\"onWorkerEnd\",\"before\",\"beforeSession\",\"beforeSuite\",\"beforeHook\",\"beforeTest\",\"afterTest\",\"afterHook\",\"afterSuite\",\"afterSession\",\"after\",\"onComplete\",\"beforeAssertion\",\"afterAssertion\",\"beforeFeature\",\"beforeScenario\",\"beforeStep\",\"afterStep\",\"afterScenario\",\"afterFeature\",\"_\",\"suite\",\"$0\",\"ignoredWorkerServices\",\"wdi5\"]"}]}
RESULT: {"script":"<script> [2342 bytes]","args":[{"protocol":"http","hostname":"0.0.0.0","path":"/","capabilities":{"browserName":"chrome","goog:chromeOptions":{"binary":"C:\\Program Files\\Google\\Chrome\\Application\\chrome.exe","args":["--start-maximized"]}},"logLevel":"warn","connectionRetryTimeout":120000,"connectionRetryCount":3,"logLevels":{},"enableDirectConnect":true,"strictSSL":true,"_":"65 more keys: [\"cacheDir\",\"port\",\"requestedCapabilities\",\"automationProtocol\",\"baseUrl\",\"waitforInterval\",\"waitforTimeout\",\"onReload\",\"beforeCommand\",\"afterCommand\",\"rootDir\",\"specs\",\"suites\",\"exclude\",\"groupLogsByTestSpec\",\"excludeDriverLogs\",\"bail\",\"framework\",\"reporters\",\"services\",\"maxInstances\",\"maxInstancesPerCapability\",\"injectGlobals\",\"filesToWatch\",\"execArgv\",\"runnerEnv\",\"runner\",\"shard\",\"specFileRetries\",\"specFileRetriesDelay\",\"specFileRetriesDeferred\",\"reporterSyncInterval\",\"reporterSyncTimeout\",\"cucumberFeaturesWithLineNumbers\",\"autoCompileOpts\",\"mochaOpts\",\"jasmineOpts\",\"cucumberOpts\",\"onPrepare\",\"onWorkerStart\",\"onWorkerEnd\",\"before\",\"beforeSession\",\"beforeSuite\",\"beforeHook\",\"beforeTest\",\"afterTest\",\"afterHook\",\"afterSuite\",\"afterSession\",\"after\",\"onComplete\",\"beforeAssertion\",\"afterAssertion\",\"beforeFeature\",\"beforeScenario\",\"beforeStep\",\"afterStep\",\"afterScenario\",\"afterFeature\",\"_\",\"suite\",\"$0\",\"ignoredWorkerServices\",\"wdi5\"]"}]}
COMMAND: POST /session/e957c6d77c4c3b135e6e74b3990b52c8/execute/async - {"script":"<script> [21126 bytes]","args":[35000]}
RESULT: {"script":"<script> [21126 bytes]","args":[35000]}
COMMAND: POST /session/e957c6d77c4c3b135e6e74b3990b52c8/execute/async - {"script":"<script> [1562 bytes]","args":[{"selector":{"controlType":"sap.m.Button","viewName":"etm.portal.ui.managecatalogs.view.Detail","viewId":"application-managecatalogs-display-component---detailCatalog","i18NText":{"propertyName":"text","key":"edit"},"interaction":{"idSuffix":"BDI-content"}},"wdio_ui5_key":"etmportal.ui.managecatalogs.view.Detailsap.m.Button{\"propertyName\":\"text\",\"key\":\"edit\"}"}]}
RESULT: {"script":"<script> [1562 bytes]","args":[{"selector":{"controlType":"sap.m.Button","viewName":"etm.portal.ui.managecatalogs.view.Detail","viewId":"application-managecatalogs-display-component---detailCatalog","i18NText":{"propertyName":"text","key":"edit"},"interaction":{"idSuffix":"BDI-content"}},"wdio_ui5_key":"etmportal.ui.managecatalogs.view.Detailsap.m.Button{\"propertyName\":\"text\",\"key\":\"edit\"}"}]}
RESULT: undefined
COMMAND: POST /session/e957c6d77c4c3b135e6e74b3990b52c8/element - {"using":"xpath","value":"//*[@id=\"__button25\"]"}
RESULT: {"using":"xpath","value":"//*[@id=\"__button25\"]"}
COMMAND: POST /session/e957c6d77c4c3b135e6e74b3990b52c8/element/f.3C6AD4412E448D85C093D3308860BAAC.d.3C92F9FD28AC22127CE82FB34FD10F70.e.4245/click - {}
RESULT: {}
COMMAND: GET /session/e957c6d77c4c3b135e6e74b3990b52c8/screenshot - {}
RESULT: {}
RESULT: undefined
COMMAND: POST /session/e957c6d77c4c3b135e6e74b3990b52c8/element - {"using":"xpath","value":"//button[contains(@title ,\"Create Catalog Item\")]"}
RESULT: {"using":"xpath","value":"//button[contains(@title ,\"Create Catalog Item\")]"}
COMMAND: POST /session/e957c6d77c4c3b135e6e74b3990b52c8/element/f.3C6AD4412E448D85C093D3308860BAAC.d.3C92F9FD28AC22127CE82FB34FD10F70.e.4251/click - {}
RESULT: {}
COMMAND: POST /session/e957c6d77c4c3b135e6e74b3990b52c8/execute/async - {"script":"<script> [1562 bytes]","args":[{"selector":{"id":"application-managecatalogs-display-component---detailCatalog--newItemNumberInput","searchOpenDialogs":true,"interaction":{"idSuffix":"inner"}},"wdio_ui5_key":"applicationmanagecatalogs-display-component---detailCatalog--newItemNumberInput"}]}
COMMAND: GET /session/e957c6d77c4c3b135e6e74b3990b52c8/screenshot - {}
RESULT: {"script":"<script> [1562 bytes]","args":[{"selector":{"id":"application-managecatalogs-display-component---detailCatalog--newItemNumberInput","searchOpenDialogs":true,"interaction":{"idSuffix":"inner"}},"wdio_ui5_key":"applicationmanagecatalogs-display-component---detailCatalog--newItemNumberInput"}]}
RESULT: undefined
COMMAND: POST /session/e957c6d77c4c3b135e6e74b3990b52c8/execute/async - {"script":"<script> [776 bytes]","args":[{"enterText":"catalogItemabo0d","selector":{"id":"application-managecatalogs-display-component---detailCatalog--newItemNumberInput","searchOpenDialogs":true,"interaction":{"idSuffix":"inner"}},"clearTextFirst":true,"interactionType":"ENTER_TEXT"}]}
RESULT: {}
RESULT: {"script":"<script> [776 bytes]","args":[{"enterText":"catalogItemabo0d","selector":{"id":"application-managecatalogs-display-component---detailCatalog--newItemNumberInput","searchOpenDialogs":true,"interaction":{"idSuffix":"inner"}},"clearTextFirst":true,"interactionType":"ENTER_TEXT"}]}
COMMAND: POST /session/e957c6d77c4c3b135e6e74b3990b52c8/execute/async - {"script":"<script> [1562 bytes]","args":[{"selector":{"controlType":"sap.m.Input","viewName":"etm.portal.ui.managecatalogs.view.Detail","viewId":"application-managecatalogs-display-component---detailCatalog","bindingPath":{"path":"","propertyPath":"/DESCRIPTION"},"searchOpenDialogs":true,"interaction":{"idSuffix":"inner"}},"wdio_ui5_key":"etmportal.ui.managecatalogs.view.Detailsap.m.Input{\"path\":\"\",\"propertyPath\":\"/DESCRIPTION\"}"}]}
RESULT: {"script":"<script> [1562 bytes]","args":[{"selector":{"controlType":"sap.m.Input","viewName":"etm.portal.ui.managecatalogs.view.Detail","viewId":"application-managecatalogs-display-component---detailCatalog","bindingPath":{"path":"","propertyPath":"/DESCRIPTION"},"searchOpenDialogs":true,"interaction":{"idSuffix":"inner"}},"wdio_ui5_key":"etmportal.ui.managecatalogs.view.Detailsap.m.Input{\"path\":\"\",\"propertyPath\":\"/DESCRIPTION\"}"}]}
RESULT: undefined
COMMAND: POST /session/e957c6d77c4c3b135e6e74b3990b52c8/execute/async - {"script":"<script> [776 bytes]","args":[{"enterText":"catalogItemNamec22a7","selector":{"controlType":"sap.m.Input","viewName":"etm.portal.ui.managecatalogs.view.Detail","viewId":"application-managecatalogs-display-component---detailCatalog","bindingPath":{"path":"","propertyPath":"/DESCRIPTION"},"searchOpenDialogs":true,"interaction":{"idSuffix":"inner"}},"clearTextFirst":true,"interactionType":"ENTER_TEXT"}]}
RESULT: {"script":"<script> [776 bytes]","args":[{"enterText":"catalogItemNamec22a7","selector":{"controlType":"sap.m.Input","viewName":"etm.portal.ui.managecatalogs.view.Detail","viewId":"application-managecatalogs-display-component---detailCatalog","bindingPath":{"path":"","propertyPath":"/DESCRIPTION"},"searchOpenDialogs":true,"interaction":{"idSuffix":"inner"}},"clearTextFirst":true,"interactionType":"ENTER_TEXT"}]}
COMMAND: POST /session/e957c6d77c4c3b135e6e74b3990b52c8/actions - {"actions":[{"id":"action12","type":"key","parameters":{},"actions":[{"type":"keyDown","value":"î€„"},{"type":"pause","duration":10},{"type":"keyUp","value":"î€„"}]}]}
RESULT: {"actions":[{"id":"action12","type":"key","parameters":{},"actions":[{"type":"keyDown","value":"î€„"},{"type":"pause","duration":10},{"type":"keyUp","value":"î€„"}]}]}
COMMAND: GET /session/e957c6d77c4c3b135e6e74b3990b52c8/screenshot - {}
RESULT: {}
COMMAND: POST /session/e957c6d77c4c3b135e6e74b3990b52c8/actions - {"actions":[{"id":"action13","type":"key","parameters":{},"actions":[{"type":"keyDown","value":"î€‡"},{"type":"pause","duration":10},{"type":"keyUp","value":"î€‡"}]}]}
RESULT: {"actions":[{"id":"action13","type":"key","parameters":{},"actions":[{"type":"keyDown","value":"î€‡"},{"type":"pause","duration":10},{"type":"keyUp","value":"î€‡"}]}]}
COMMAND: GET /session/e957c6d77c4c3b135e6e74b3990b52c8/screenshot - {}
RESULT: {}
COMMAND: POST /session/e957c6d77c4c3b135e6e74b3990b52c8/element - {"using":"xpath","value":"//button[@title=\"Save\"]"}
RESULT: {"using":"xpath","value":"//button[@title=\"Save\"]"}
COMMAND: POST /session/e957c6d77c4c3b135e6e74b3990b52c8/element/f.3C6AD4412E448D85C093D3308860BAAC.d.3C92F9FD28AC22127CE82FB34FD10F70.e.4260/click - {}
RESULT: {}
COMMAND: GET /session/e957c6d77c4c3b135e6e74b3990b52c8/screenshot - {}
RESULT: {}
COMMAND: POST /session/e957c6d77c4c3b135e6e74b3990b52c8/execute/async - {"script":"<script> [1562 bytes]","args":[{"selector":{"controlType":"sap.ui.core.Icon","viewName":"etm.portal.ui.managecatalogs.view.Detail","viewId":"application-managecatalogs-display-component---detailCatalog","properties":{"src":{"regex":{"source":"decline"}}}},"wdio_ui5_key":"etmportal.ui.managecatalogs.view.Detailsap.ui.core.Icon{\"src\":{\"regex\":{\"source\":\"decline\"}}}"}]}
RESULT: {"script":"<script> [1562 bytes]","args":[{"selector":{"controlType":"sap.ui.core.Icon","viewName":"etm.portal.ui.managecatalogs.view.Detail","viewId":"application-managecatalogs-display-component---detailCatalog","properties":{"src":{"regex":{"source":"decline"}}}},"wdio_ui5_key":"etmportal.ui.managecatalogs.view.Detailsap.ui.core.Icon{\"src\":{\"regex\":{\"source\":\"decline\"}}}"}]}
RESULT: undefined
COMMAND: POST /session/e957c6d77c4c3b135e6e74b3990b52c8/element - {"using":"xpath","value":"//*[@id=\"__button28-img\"]"}
RESULT: {"using":"xpath","value":"//*[@id=\"__button28-img\"]"}
COMMAND: POST /session/e957c6d77c4c3b135e6e74b3990b52c8/element/f.3C6AD4412E448D85C093D3308860BAAC.d.3C92F9FD28AC22127CE82FB34FD10F70.e.4266/click - {}
RESULT: {}
COMMAND: GET /session/e957c6d77c4c3b135e6e74b3990b52c8/screenshot - {}
RESULT: {}
COMMAND: POST /session/e957c6d77c4c3b135e6e74b3990b52c8/execute/async - {"script":"<script> [1562 bytes]","args":[{"selector":{"controlType":"sap.ui.core.Icon","viewName":"etm.portal.ui.managecatalogs.view.MasterItems","viewId":"application-managecatalogs-display-component---masterCatalogItems","properties":{"src":{"regex":{"source":"refresh"}}}},"wdio_ui5_key":"etmportal.ui.managecatalogs.view.MasterItemssap.ui.core.Icon{\"src\":{\"regex\":{\"source\":\"refresh\"}}}"}]}
RESULT: {"script":"<script> [1562 bytes]","args":[{"selector":{"controlType":"sap.ui.core.Icon","viewName":"etm.portal.ui.managecatalogs.view.MasterItems","viewId":"application-managecatalogs-display-component---masterCatalogItems","properties":{"src":{"regex":{"source":"refresh"}}}},"wdio_ui5_key":"etmportal.ui.managecatalogs.view.MasterItemssap.ui.core.Icon{\"src\":{\"regex\":{\"source\":\"refresh\"}}}"}]}
RESULT: undefined
COMMAND: POST /session/e957c6d77c4c3b135e6e74b3990b52c8/element - {"using":"xpath","value":"//*[@id=\"__button1-img\"]"}
RESULT: {"using":"xpath","value":"//*[@id=\"__button1-img\"]"}
COMMAND: POST /session/e957c6d77c4c3b135e6e74b3990b52c8/element/f.3C6AD4412E448D85C093D3308860BAAC.d.3C92F9FD28AC22127CE82FB34FD10F70.e.4275/click - {}
RESULT: {}
COMMAND: GET /session/e957c6d77c4c3b135e6e74b3990b52c8/screenshot - {}
RESULT: {}
COMMAND: POST /session/e957c6d77c4c3b135e6e74b3990b52c8/execute/async - {"script":"<script> [1562 bytes]","args":[{"selector":{"id":"application-managecatalogs-display-component---masterCatalogItems--searchItemsField","interaction":{"idSuffix":"I"}},"wdio_ui5_key":"applicationmanagecatalogs-display-component---masterCatalogItems--searchItemsField"}]}
RESULT: {"script":"<script> [1562 bytes]","args":[{"selector":{"id":"application-managecatalogs-display-component---masterCatalogItems--searchItemsField","interaction":{"idSuffix":"I"}},"wdio_ui5_key":"applicationmanagecatalogs-display-component---masterCatalogItems--searchItemsField"}]}
RESULT: undefined
COMMAND: POST /session/e957c6d77c4c3b135e6e74b3990b52c8/execute/async - {"script":"<script> [776 bytes]","args":[{"enterText":"catalogItemNamec22a7","selector":{"id":"application-managecatalogs-display-component---masterCatalogItems--searchItemsField","interaction":{"idSuffix":"I"}},"clearTextFirst":true,"interactionType":"ENTER_TEXT"}]}
RESULT: {"script":"<script> [776 bytes]","args":[{"enterText":"catalogItemNamec22a7","selector":{"id":"application-managecatalogs-display-component---masterCatalogItems--searchItemsField","interaction":{"idSuffix":"I"}},"clearTextFirst":true,"interactionType":"ENTER_TEXT"}]}
COMMAND: POST /session/e957c6d77c4c3b135e6e74b3990b52c8/actions - {"actions":[{"id":"action14","type":"key","parameters":{},"actions":[{"type":"keyDown","value":"î€‡"},{"type":"pause","duration":10},{"type":"keyUp","value":"î€‡"}]}]}
RESULT: {"actions":[{"id":"action14","type":"key","parameters":{},"actions":[{"type":"keyDown","value":"î€‡"},{"type":"pause","duration":10},{"type":"keyUp","value":"î€‡"}]}]}
COMMAND: POST /session/e957c6d77c4c3b135e6e74b3990b52c8/element - {"using":"xpath","value":"(//span[contains(text(), \"catalogItemNamec22a7\")])[1]"}
COMMAND: GET /session/e957c6d77c4c3b135e6e74b3990b52c8/screenshot - {}
RESULT: {"using":"xpath","value":"(//span[contains(text(), \"catalogItemNamec22a7\")])[1]"}
COMMAND: POST /session/e957c6d77c4c3b135e6e74b3990b52c8/element/f.3C6AD4412E448D85C093D3308860BAAC.d.3C92F9FD28AC22127CE82FB34FD10F70.e.4310/click - {}
RESULT: {}
RESULT: {}
COMMAND: GET /session/e957c6d77c4c3b135e6e74b3990b52c8/screenshot - {}
RESULT: {}
COMMAND: POST /session/e957c6d77c4c3b135e6e74b3990b52c8/element - {"using":"xpath","value":"//span[contains(text(), \"catalogItemabo0d\")]"}
RESULT: {"using":"xpath","value":"//span[contains(text(), \"catalogItemabo0d\")]"}
COMMAND: GET /session/e957c6d77c4c3b135e6e74b3990b52c8/element/f.3C6AD4412E448D85C093D3308860BAAC.d.3C92F9FD28AC22127CE82FB34FD10F70.e.4374/text - {}
RESULT: {}
]]></system-out>
    </testcase>
    <testcase classname="chrome.137_0_7151_69.windows.Standard_contract_-_add_contract_items_by_Insert_Request_US118222" name="Should assign resources to the catalog item" time="67.405">
      <system-out><![CDATA[
RESULT: undefined
COMMAND: POST /session/e957c6d77c4c3b135e6e74b3990b52c8/element - {"using":"xpath","value":"//*[@id=\"__button25\"]"}
RESULT: {"using":"xpath","value":"//*[@id=\"__button25\"]"}
COMMAND: POST /session/e957c6d77c4c3b135e6e74b3990b52c8/element/f.3C6AD4412E448D85C093D3308860BAAC.d.3C92F9FD28AC22127CE82FB34FD10F70.e.4375/click - {}
RESULT: {}
COMMAND: GET /session/e957c6d77c4c3b135e6e74b3990b52c8/screenshot - {}
RESULT: {}
COMMAND: POST /session/e957c6d77c4c3b135e6e74b3990b52c8/execute/async - {"script":"<script> [1562 bytes]","args":[{"selector":{"id":"application-managecatalogs-display-component---detailCatalog--BASE_UNIT_OF_MEASURE-arrow"},"wdio_ui5_key":"applicationmanagecatalogs-display-component---detailCatalog--BASE_UNIT_OF_MEASURE-arrow"}]}
RESULT: {"script":"<script> [1562 bytes]","args":[{"selector":{"id":"application-managecatalogs-display-component---detailCatalog--BASE_UNIT_OF_MEASURE-arrow"},"wdio_ui5_key":"applicationmanagecatalogs-display-component---detailCatalog--BASE_UNIT_OF_MEASURE-arrow"}]}
RESULT: undefined
COMMAND: POST /session/e957c6d77c4c3b135e6e74b3990b52c8/element - {"using":"xpath","value":"//*[@id=\"application-managecatalogs-display-component---detailCatalog--BASE_UNIT_OF_MEASURE-arrow\"]"}
RESULT: {"using":"xpath","value":"//*[@id=\"application-managecatalogs-display-component---detailCatalog--BASE_UNIT_OF_MEASURE-arrow\"]"}
COMMAND: POST /session/e957c6d77c4c3b135e6e74b3990b52c8/element/f.3C6AD4412E448D85C093D3308860BAAC.d.3C92F9FD28AC22127CE82FB34FD10F70.e.4404/click - {}
RESULT: {}
COMMAND: POST /session/e957c6d77c4c3b135e6e74b3990b52c8/execute/async - {"script":"<script> [1562 bytes]","args":[{"selector":{"controlType":"sap.m.StandardListItem","viewName":"etm.portal.ui.managecatalogs.view.Detail","viewId":"application-managecatalogs-display-component---detailCatalog","properties":{"title":"Piece"},"searchOpenDialogs":true,"interaction":{"idSuffix":"titleText"}},"wdio_ui5_key":"etmportal.ui.managecatalogs.view.Detailsap.m.StandardListItem{\"title\":\"Piece\"}"}]}
COMMAND: GET /session/e957c6d77c4c3b135e6e74b3990b52c8/screenshot - {}
RESULT: {"script":"<script> [1562 bytes]","args":[{"selector":{"controlType":"sap.m.StandardListItem","viewName":"etm.portal.ui.managecatalogs.view.Detail","viewId":"application-managecatalogs-display-component---detailCatalog","properties":{"title":"Piece"},"searchOpenDialogs":true,"interaction":{"idSuffix":"titleText"}},"wdio_ui5_key":"etmportal.ui.managecatalogs.view.Detailsap.m.StandardListItem{\"title\":\"Piece\"}"}]}
RESULT: undefined
COMMAND: POST /session/e957c6d77c4c3b135e6e74b3990b52c8/element - {"using":"xpath","value":"//*[@id=\"__item229\"]"}
RESULT: {}
RESULT: {"using":"xpath","value":"//*[@id=\"__item229\"]"}
COMMAND: POST /session/e957c6d77c4c3b135e6e74b3990b52c8/element/f.3C6AD4412E448D85C093D3308860BAAC.d.3C92F9FD28AC22127CE82FB34FD10F70.e.4408/click - {}
RESULT: {}
COMMAND: POST /session/e957c6d77c4c3b135e6e74b3990b52c8/execute/async - {"script":"<script> [1562 bytes]","args":[{"selector":{"id":"application-managecatalogs-display-component---detailCatalog--ObjectPageLayout-anchBar-application-managecatalogs-display-component---detailCatalog--sectionRUs-anchor","interaction":{"idSuffix":"BDI-content"}},"wdio_ui5_key":"applicationmanagecatalogs-display-component---detailCatalog--ObjectPageLayout-anchBar-application-managecatalogs-display-component---detailCatalog--sectionRUs-anchor"}]}
COMMAND: GET /session/e957c6d77c4c3b135e6e74b3990b52c8/screenshot - {}
RESULT: {"script":"<script> [1562 bytes]","args":[{"selector":{"id":"application-managecatalogs-display-component---detailCatalog--ObjectPageLayout-anchBar-application-managecatalogs-display-component---detailCatalog--sectionRUs-anchor","interaction":{"idSuffix":"BDI-content"}},"wdio_ui5_key":"applicationmanagecatalogs-display-component---detailCatalog--ObjectPageLayout-anchBar-application-managecatalogs-display-component---detailCatalog--sectionRUs-anchor"}]}
RESULT: undefined
COMMAND: POST /session/e957c6d77c4c3b135e6e74b3990b52c8/element - {"using":"xpath","value":"//*[@id=\"application-managecatalogs-display-component---detailCatalog--ObjectPageLayout-anchBar-application-managecatalogs-display-component---detailCatalog--sectionRUs-anchor\"]"}
RESULT: {}
RESULT: {"using":"xpath","value":"//*[@id=\"application-managecatalogs-display-component---detailCatalog--ObjectPageLayout-anchBar-application-managecatalogs-display-component---detailCatalog--sectionRUs-anchor\"]"}
COMMAND: POST /session/e957c6d77c4c3b135e6e74b3990b52c8/element/f.3C6AD4412E448D85C093D3308860BAAC.d.3C92F9FD28AC22127CE82FB34FD10F70.e.4410/click - {}
RESULT: {}
COMMAND: POST /session/e957c6d77c4c3b135e6e74b3990b52c8/element - {"using":"xpath","value":"//button[contains(@data-kt ,\"catalogItemAssignRuButton\")]"}
COMMAND: GET /session/e957c6d77c4c3b135e6e74b3990b52c8/screenshot - {}
RESULT: {"using":"xpath","value":"//button[contains(@data-kt ,\"catalogItemAssignRuButton\")]"}
COMMAND: POST /session/e957c6d77c4c3b135e6e74b3990b52c8/element/f.3C6AD4412E448D85C093D3308860BAAC.d.3C92F9FD28AC22127CE82FB34FD10F70.e.4414/click - {}
RESULT: {}
RESULT: {}
COMMAND: GET /session/e957c6d77c4c3b135e6e74b3990b52c8/screenshot - {}
RESULT: {}
COMMAND: POST /session/e957c6d77c4c3b135e6e74b3990b52c8/actions - {"actions":[{"id":"action15","type":"key","parameters":{},"actions":[{"type":"keyDown","value":"î€‡"},{"type":"pause","duration":10},{"type":"keyUp","value":"î€‡"}]}]}
RESULT: {"actions":[{"id":"action15","type":"key","parameters":{},"actions":[{"type":"keyDown","value":"î€‡"},{"type":"pause","duration":10},{"type":"keyUp","value":"î€‡"}]}]}
COMMAND: POST /session/e957c6d77c4c3b135e6e74b3990b52c8/execute/async - {"script":"<script> [1562 bytes]","args":[{"selector":{"id":"application-managecatalogs-display-component---detailCatalog--assignRUSearchField-vhi","searchOpenDialogs":true},"wdio_ui5_key":"applicationmanagecatalogs-display-component---detailCatalog--assignRUSearchField-vhi"}]}
COMMAND: GET /session/e957c6d77c4c3b135e6e74b3990b52c8/screenshot - {}
RESULT: {"script":"<script> [1562 bytes]","args":[{"selector":{"id":"application-managecatalogs-display-component---detailCatalog--assignRUSearchField-vhi","searchOpenDialogs":true},"wdio_ui5_key":"applicationmanagecatalogs-display-component---detailCatalog--assignRUSearchField-vhi"}]}
RESULT: undefined
COMMAND: POST /session/e957c6d77c4c3b135e6e74b3990b52c8/element - {"using":"xpath","value":"//*[@id=\"application-managecatalogs-display-component---detailCatalog--assignRUSearchField-vhi\"]"}
RESULT: {}
RESULT: {"using":"xpath","value":"//*[@id=\"application-managecatalogs-display-component---detailCatalog--assignRUSearchField-vhi\"]"}
COMMAND: POST /session/e957c6d77c4c3b135e6e74b3990b52c8/element/f.3C6AD4412E448D85C093D3308860BAAC.d.3C92F9FD28AC22127CE82FB34FD10F70.e.4435/click - {}
RESULT: {}
COMMAND: GET /session/e957c6d77c4c3b135e6e74b3990b52c8/screenshot - {}
RESULT: {}
COMMAND: POST /session/e957c6d77c4c3b135e6e74b3990b52c8/element - {"using":"xpath","value":"//input[contains(@id ,\"searchField-I\")]"}
RESULT: {"using":"xpath","value":"//input[contains(@id ,\"searchField-I\")]"}
COMMAND: POST /session/e957c6d77c4c3b135e6e74b3990b52c8/element/f.3C6AD4412E448D85C093D3308860BAAC.d.3C92F9FD28AC22127CE82FB34FD10F70.e.4439/clear - {}
RESULT: {}
COMMAND: POST /session/e957c6d77c4c3b135e6e74b3990b52c8/element/f.3C6AD4412E448D85C093D3308860BAAC.d.3C92F9FD28AC22127CE82FB34FD10F70.e.4439/value - {"text":"WdIOTestEquipypmqsi"}
COMMAND: GET /session/e957c6d77c4c3b135e6e74b3990b52c8/screenshot - {}
RESULT: {"text":"WdIOTestEquipypmqsi"}
COMMAND: GET /session/e957c6d77c4c3b135e6e74b3990b52c8/screenshot - {}
RESULT: {}
RESULT: {}
COMMAND: POST /session/e957c6d77c4c3b135e6e74b3990b52c8/actions - {"actions":[{"id":"action16","type":"key","parameters":{},"actions":[{"type":"keyDown","value":"î€‡"},{"type":"pause","duration":10},{"type":"keyUp","value":"î€‡"}]}]}
RESULT: {"actions":[{"id":"action16","type":"key","parameters":{},"actions":[{"type":"keyDown","value":"î€‡"},{"type":"pause","duration":10},{"type":"keyUp","value":"î€‡"}]}]}
COMMAND: GET /session/e957c6d77c4c3b135e6e74b3990b52c8/screenshot - {}
RESULT: {}
COMMAND: POST /session/e957c6d77c4c3b135e6e74b3990b52c8/actions - {"actions":[{"id":"action17","type":"key","parameters":{},"actions":[{"type":"keyDown","value":"î€„"},{"type":"pause","duration":10},{"type":"keyUp","value":"î€„"}]}]}
RESULT: {"actions":[{"id":"action17","type":"key","parameters":{},"actions":[{"type":"keyDown","value":"î€„"},{"type":"pause","duration":10},{"type":"keyUp","value":"î€„"}]}]}
COMMAND: GET /session/e957c6d77c4c3b135e6e74b3990b52c8/screenshot - {}
RESULT: {}
COMMAND: POST /session/e957c6d77c4c3b135e6e74b3990b52c8/actions - {"actions":[{"id":"action18","type":"key","parameters":{},"actions":[{"type":"keyDown","value":"î€‡"},{"type":"pause","duration":10},{"type":"keyUp","value":"î€‡"}]}]}
RESULT: {"actions":[{"id":"action18","type":"key","parameters":{},"actions":[{"type":"keyDown","value":"î€‡"},{"type":"pause","duration":10},{"type":"keyUp","value":"î€‡"}]}]}
COMMAND: GET /session/e957c6d77c4c3b135e6e74b3990b52c8/screenshot - {}
RESULT: {}
COMMAND: POST /session/e957c6d77c4c3b135e6e74b3990b52c8/element - {"using":"xpath","value":"//bdi[contains(@id ,\"application-managecatalogs-display-component---detailCatalog--RUAssignmentSaveButton-BDI-content\")]"}
RESULT: {"using":"xpath","value":"//bdi[contains(@id ,\"application-managecatalogs-display-component---detailCatalog--RUAssignmentSaveButton-BDI-content\")]"}
COMMAND: POST /session/e957c6d77c4c3b135e6e74b3990b52c8/element/f.3C6AD4412E448D85C093D3308860BAAC.d.3C92F9FD28AC22127CE82FB34FD10F70.e.4460/click - {}
RESULT: {}
COMMAND: GET /session/e957c6d77c4c3b135e6e74b3990b52c8/screenshot - {}
RESULT: {}
COMMAND: POST /session/e957c6d77c4c3b135e6e74b3990b52c8/element - {"using":"xpath","value":"//bdi[contains(@id ,\"application-managecatalogs-display-component---detailCatalog--ObjectPageLayout-anchBar-application-managecatalogs-display-component---detailCatalog--sectionRUs-anchor-BDI-content\")]"}
RESULT: {"using":"xpath","value":"//bdi[contains(@id ,\"application-managecatalogs-display-component---detailCatalog--ObjectPageLayout-anchBar-application-managecatalogs-display-component---detailCatalog--sectionRUs-anchor-BDI-content\")]"}
COMMAND: POST /session/e957c6d77c4c3b135e6e74b3990b52c8/element/f.3C6AD4412E448D85C093D3308860BAAC.d.3C92F9FD28AC22127CE82FB34FD10F70.e.4476/click - {}
RESULT: {}
COMMAND: GET /session/e957c6d77c4c3b135e6e74b3990b52c8/screenshot - {}
RESULT: {}
COMMAND: POST /session/e957c6d77c4c3b135e6e74b3990b52c8/element - {"using":"xpath","value":"//button[contains(@data-kt ,\"catalogItemAssignRuButton\")]"}
RESULT: {"using":"xpath","value":"//button[contains(@data-kt ,\"catalogItemAssignRuButton\")]"}
COMMAND: POST /session/e957c6d77c4c3b135e6e74b3990b52c8/element/f.3C6AD4412E448D85C093D3308860BAAC.d.3C92F9FD28AC22127CE82FB34FD10F70.e.4414/click - {}
RESULT: {}
COMMAND: GET /session/e957c6d77c4c3b135e6e74b3990b52c8/screenshot - {}
RESULT: {}
COMMAND: POST /session/e957c6d77c4c3b135e6e74b3990b52c8/actions - {"actions":[{"id":"action19","type":"key","parameters":{},"actions":[{"type":"keyDown","value":"î€‡"},{"type":"pause","duration":10},{"type":"keyUp","value":"î€‡"}]}]}
RESULT: {"actions":[{"id":"action19","type":"key","parameters":{},"actions":[{"type":"keyDown","value":"î€‡"},{"type":"pause","duration":10},{"type":"keyUp","value":"î€‡"}]}]}
RESULT: undefined
COMMAND: POST /session/e957c6d77c4c3b135e6e74b3990b52c8/element - {"using":"xpath","value":"//*[@id=\"application-managecatalogs-display-component---detailCatalog--assignRUSearchField-vhi\"]"}
COMMAND: GET /session/e957c6d77c4c3b135e6e74b3990b52c8/screenshot - {}
RESULT: {"using":"xpath","value":"//*[@id=\"application-managecatalogs-display-component---detailCatalog--assignRUSearchField-vhi\"]"}
COMMAND: POST /session/e957c6d77c4c3b135e6e74b3990b52c8/elements - {"using":"xpath","value":"//*[@id=\"application-managecatalogs-display-component---detailCatalog--assignRUSearchField-vhi\"]"}
RESULT: {}
RESULT: {"using":"xpath","value":"//*[@id=\"application-managecatalogs-display-component---detailCatalog--assignRUSearchField-vhi\"]"}
COMMAND: POST /session/e957c6d77c4c3b135e6e74b3990b52c8/element - {"using":"xpath","value":"//*[@id=\"application-managecatalogs-display-component---detailCatalog--assignRUSearchField-vhi\"]"}
RESULT: {"using":"xpath","value":"//*[@id=\"application-managecatalogs-display-component---detailCatalog--assignRUSearchField-vhi\"]"}
COMMAND: POST /session/e957c6d77c4c3b135e6e74b3990b52c8/element/f.3C6AD4412E448D85C093D3308860BAAC.d.3C92F9FD28AC22127CE82FB34FD10F70.e.4497/click - {}
RESULT: {}
COMMAND: POST /session/e957c6d77c4c3b135e6e74b3990b52c8/execute/async - {"script":"<script> [1562 bytes]","args":[{"selector":{"controlType":"sap.m.SearchField","viewName":"etm.portal.ui.managecatalogs.view.Detail","viewId":"application-managecatalogs-display-component---detailCatalog","searchOpenDialogs":true,"interaction":{"idSuffix":"I"}},"wdio_ui5_key":"etmportal.ui.managecatalogs.view.Detailsap.m.SearchField"}]}
COMMAND: GET /session/e957c6d77c4c3b135e6e74b3990b52c8/screenshot - {}
RESULT: {"script":"<script> [1562 bytes]","args":[{"selector":{"controlType":"sap.m.SearchField","viewName":"etm.portal.ui.managecatalogs.view.Detail","viewId":"application-managecatalogs-display-component---detailCatalog","searchOpenDialogs":true,"interaction":{"idSuffix":"I"}},"wdio_ui5_key":"etmportal.ui.managecatalogs.view.Detailsap.m.SearchField"}]}
RESULT: undefined
COMMAND: POST /session/e957c6d77c4c3b135e6e74b3990b52c8/execute/async - {"script":"<script> [776 bytes]","args":[{"enterText":"WebdriverMatTestntak3l","selector":{"controlType":"sap.m.SearchField","viewName":"etm.portal.ui.managecatalogs.view.Detail","viewId":"application-managecatalogs-display-component---detailCatalog","searchOpenDialogs":true,"interaction":{"idSuffix":"I"}},"clearTextFirst":true,"interactionType":"ENTER_TEXT"}]}
RESULT: {}
RESULT: {"script":"<script> [776 bytes]","args":[{"enterText":"WebdriverMatTestntak3l","selector":{"controlType":"sap.m.SearchField","viewName":"etm.portal.ui.managecatalogs.view.Detail","viewId":"application-managecatalogs-display-component---detailCatalog","searchOpenDialogs":true,"interaction":{"idSuffix":"I"}},"clearTextFirst":true,"interactionType":"ENTER_TEXT"}]}
COMMAND: POST /session/e957c6d77c4c3b135e6e74b3990b52c8/actions - {"actions":[{"id":"action20","type":"key","parameters":{},"actions":[{"type":"keyDown","value":"î€‡"},{"type":"pause","duration":10},{"type":"keyUp","value":"î€‡"}]}]}
RESULT: {"actions":[{"id":"action20","type":"key","parameters":{},"actions":[{"type":"keyDown","value":"î€‡"},{"type":"pause","duration":10},{"type":"keyUp","value":"î€‡"}]}]}
COMMAND: GET /session/e957c6d77c4c3b135e6e74b3990b52c8/screenshot - {}
RESULT: {}
COMMAND: POST /session/e957c6d77c4c3b135e6e74b3990b52c8/element - {"using":"xpath","value":"(//span[contains(text(), \"WebdriverMatTestntak3l\")])[1]"}
RESULT: {"using":"xpath","value":"(//span[contains(text(), \"WebdriverMatTestntak3l\")])[1]"}
COMMAND: POST /session/e957c6d77c4c3b135e6e74b3990b52c8/element/f.3C6AD4412E448D85C093D3308860BAAC.d.3C92F9FD28AC22127CE82FB34FD10F70.e.4529/click - {}
RESULT: {}
COMMAND: POST /session/e957c6d77c4c3b135e6e74b3990b52c8/execute/async - {"script":"<script> [1562 bytes]","args":[{"selector":{"id":"application-managecatalogs-display-component---detailCatalog--RUAssignmentSaveButton","searchOpenDialogs":true,"interaction":{"idSuffix":"BDI-content"}},"wdio_ui5_key":"applicationmanagecatalogs-display-component---detailCatalog--RUAssignmentSaveButton"}]}
COMMAND: GET /session/e957c6d77c4c3b135e6e74b3990b52c8/screenshot - {}
RESULT: {"script":"<script> [1562 bytes]","args":[{"selector":{"id":"application-managecatalogs-display-component---detailCatalog--RUAssignmentSaveButton","searchOpenDialogs":true,"interaction":{"idSuffix":"BDI-content"}},"wdio_ui5_key":"applicationmanagecatalogs-display-component---detailCatalog--RUAssignmentSaveButton"}]}
RESULT: undefined
COMMAND: POST /session/e957c6d77c4c3b135e6e74b3990b52c8/element - {"using":"xpath","value":"//*[@id=\"application-managecatalogs-display-component---detailCatalog--RUAssignmentSaveButton\"]"}
RESULT: {}
RESULT: {"using":"xpath","value":"//*[@id=\"application-managecatalogs-display-component---detailCatalog--RUAssignmentSaveButton\"]"}
COMMAND: POST /session/e957c6d77c4c3b135e6e74b3990b52c8/element/f.3C6AD4412E448D85C093D3308860BAAC.d.3C92F9FD28AC22127CE82FB34FD10F70.e.4532/click - {}
RESULT: {}
COMMAND: GET /session/e957c6d77c4c3b135e6e74b3990b52c8/screenshot - {}
RESULT: {}
COMMAND: POST /session/e957c6d77c4c3b135e6e74b3990b52c8/element - {"using":"xpath","value":"//bdi[contains(text(), \"Save\")]"}
RESULT: {"using":"xpath","value":"//bdi[contains(text(), \"Save\")]"}
COMMAND: POST /session/e957c6d77c4c3b135e6e74b3990b52c8/element/f.3C6AD4412E448D85C093D3308860BAAC.d.3C92F9FD28AC22127CE82FB34FD10F70.e.4555/click - {}
RESULT: {}
COMMAND: GET /session/e957c6d77c4c3b135e6e74b3990b52c8/screenshot - {}
RESULT: {}
COMMAND: POST /session/e957c6d77c4c3b135e6e74b3990b52c8/element - {"using":"css selector","value":"#shell-header-logo"}
RESULT: {"using":"css selector","value":"#shell-header-logo"}
COMMAND: POST /session/e957c6d77c4c3b135e6e74b3990b52c8/element/f.3C6AD4412E448D85C093D3308860BAAC.d.3C92F9FD28AC22127CE82FB34FD10F70.e.4200/click - {}
RESULT: {}
COMMAND: GET /session/e957c6d77c4c3b135e6e74b3990b52c8/screenshot - {}
RESULT: {}
RESULT: undefined
]]></system-out>
    </testcase>
    <testcase classname="chrome.137_0_7151_69.windows.Standard_contract_-_add_contract_items_by_Insert_Request_US118222" name="Should create a new contract" time="93.815">
      <system-out><![CDATA[
COMMAND: POST /session/e957c6d77c4c3b135e6e74b3990b52c8/execute/async - {"script":"<script> [1562 bytes]","args":[{"selector":{"controlType":"sap.m.GenericTile","properties":{"header":"Manage Contracts"}},"wdio_ui5_key":"sapm.GenericTile{\"header\":\"Manage Contracts\"}"}]}
RESULT: {"script":"<script> [1562 bytes]","args":[{"selector":{"controlType":"sap.m.GenericTile","properties":{"header":"Manage Contracts"}},"wdio_ui5_key":"sapm.GenericTile{\"header\":\"Manage Contracts\"}"}]}
RESULT: undefined
COMMAND: POST /session/e957c6d77c4c3b135e6e74b3990b52c8/element - {"using":"xpath","value":"//*[@id=\"__tile132\"]"}
RESULT: {"using":"xpath","value":"//*[@id=\"__tile132\"]"}
COMMAND: POST /session/e957c6d77c4c3b135e6e74b3990b52c8/element/f.3C6AD4412E448D85C093D3308860BAAC.d.3C92F9FD28AC22127CE82FB34FD10F70.e.4587/click - {}
RESULT: {}
COMMAND: GET /session/e957c6d77c4c3b135e6e74b3990b52c8/screenshot - {}
RESULT: {}
COMMAND: POST /session/e957c6d77c4c3b135e6e74b3990b52c8/elements - {"using":"xpath","value":"//span[text()='Error']"}
RESULT: {"using":"xpath","value":"//span[text()='Error']"}
COMMAND: POST /session/e957c6d77c4c3b135e6e74b3990b52c8/element - {"using":"xpath","value":"//button[@data-kt=\"addButton\"]"}
RESULT: {"using":"xpath","value":"//button[@data-kt=\"addButton\"]"}
COMMAND: POST /session/e957c6d77c4c3b135e6e74b3990b52c8/element/f.3C6AD4412E448D85C093D3308860BAAC.d.3C92F9FD28AC22127CE82FB34FD10F70.e.4639/click - {}
RESULT: {}
COMMAND: GET /session/e957c6d77c4c3b135e6e74b3990b52c8/screenshot - {}
RESULT: {}
COMMAND: POST /session/e957c6d77c4c3b135e6e74b3990b52c8/execute/async - {"script":"<script> [1562 bytes]","args":[{"selector":{"id":"application-managecontracts-display-component---AddNewContract--projectDescription","interaction":{"idSuffix":"inner"}},"wdio_ui5_key":"applicationmanagecontracts-display-component---AddNewContract--projectDescription"}]}
RESULT: {"script":"<script> [1562 bytes]","args":[{"selector":{"id":"application-managecontracts-display-component---AddNewContract--projectDescription","interaction":{"idSuffix":"inner"}},"wdio_ui5_key":"applicationmanagecontracts-display-component---AddNewContract--projectDescription"}]}
RESULT: undefined
COMMAND: POST /session/e957c6d77c4c3b135e6e74b3990b52c8/execute/async - {"script":"<script> [776 bytes]","args":[{"enterText":"WdIOTestiy2dgk","selector":{"id":"application-managecontracts-display-component---AddNewContract--projectDescription","interaction":{"idSuffix":"inner"}},"clearTextFirst":true,"interactionType":"ENTER_TEXT"}]}
RESULT: {"script":"<script> [776 bytes]","args":[{"enterText":"WdIOTestiy2dgk","selector":{"id":"application-managecontracts-display-component---AddNewContract--projectDescription","interaction":{"idSuffix":"inner"}},"clearTextFirst":true,"interactionType":"ENTER_TEXT"}]}
COMMAND: POST /session/e957c6d77c4c3b135e6e74b3990b52c8/element - {"using":"xpath","value":"//input[@id=\"application-managecontracts-display-component---AddNewContract--yardId-inner\"]"}
RESULT: {"using":"xpath","value":"//input[@id=\"application-managecontracts-display-component---AddNewContract--yardId-inner\"]"}
COMMAND: POST /session/e957c6d77c4c3b135e6e74b3990b52c8/element/f.3C6AD4412E448D85C093D3308860BAAC.d.3C92F9FD28AC22127CE82FB34FD10F70.e.4901/clear - {}
RESULT: {}
COMMAND: POST /session/e957c6d77c4c3b135e6e74b3990b52c8/element/f.3C6AD4412E448D85C093D3308860BAAC.d.3C92F9FD28AC22127CE82FB34FD10F70.e.4901/value - {"text":"WebdriverYardyfcq2"}
COMMAND: GET /session/e957c6d77c4c3b135e6e74b3990b52c8/screenshot - {}
RESULT: {"text":"WebdriverYardyfcq2"}
COMMAND: GET /session/e957c6d77c4c3b135e6e74b3990b52c8/screenshot - {}
RESULT: {}
RESULT: {}
COMMAND: POST /session/e957c6d77c4c3b135e6e74b3990b52c8/actions - {"actions":[{"id":"action21","type":"key","parameters":{},"actions":[{"type":"keyDown","value":"î€‡"},{"type":"pause","duration":10},{"type":"keyUp","value":"î€‡"}]}]}
RESULT: {"actions":[{"id":"action21","type":"key","parameters":{},"actions":[{"type":"keyDown","value":"î€‡"},{"type":"pause","duration":10},{"type":"keyUp","value":"î€‡"}]}]}
COMMAND: GET /session/e957c6d77c4c3b135e6e74b3990b52c8/screenshot - {}
RESULT: {}
COMMAND: POST /session/e957c6d77c4c3b135e6e74b3990b52c8/element - {"using":"xpath","value":"//input[@id=\"application-managecontracts-display-component---AddNewContract--customerSelect-inner\"]"}
RESULT: {"using":"xpath","value":"//input[@id=\"application-managecontracts-display-component---AddNewContract--customerSelect-inner\"]"}
COMMAND: POST /session/e957c6d77c4c3b135e6e74b3990b52c8/element/f.3C6AD4412E448D85C093D3308860BAAC.d.3C92F9FD28AC22127CE82FB34FD10F70.e.4899/clear - {}
RESULT: {}
COMMAND: POST /session/e957c6d77c4c3b135e6e74b3990b52c8/element/f.3C6AD4412E448D85C093D3308860BAAC.d.3C92F9FD28AC22127CE82FB34FD10F70.e.4899/value - {"text":"WebdriverPartnervjykd"}
COMMAND: GET /session/e957c6d77c4c3b135e6e74b3990b52c8/screenshot - {}
RESULT: {"text":"WebdriverPartnervjykd"}
COMMAND: GET /session/e957c6d77c4c3b135e6e74b3990b52c8/screenshot - {}
RESULT: {}
RESULT: {}
COMMAND: POST /session/e957c6d77c4c3b135e6e74b3990b52c8/actions - {"actions":[{"id":"action22","type":"key","parameters":{},"actions":[{"type":"keyDown","value":"î€‡"},{"type":"pause","duration":10},{"type":"keyUp","value":"î€‡"}]}]}
RESULT: {"actions":[{"id":"action22","type":"key","parameters":{},"actions":[{"type":"keyDown","value":"î€‡"},{"type":"pause","duration":10},{"type":"keyUp","value":"î€‡"}]}]}
COMMAND: GET /session/e957c6d77c4c3b135e6e74b3990b52c8/screenshot - {}
RESULT: {}
COMMAND: POST /session/e957c6d77c4c3b135e6e74b3990b52c8/element - {"using":"xpath","value":"//input[@id=\"application-managecontracts-display-component---AddNewContract--site-inner\"]"}
RESULT: {"using":"xpath","value":"//input[@id=\"application-managecontracts-display-component---AddNewContract--site-inner\"]"}
COMMAND: POST /session/e957c6d77c4c3b135e6e74b3990b52c8/element/f.3C6AD4412E448D85C093D3308860BAAC.d.3C92F9FD28AC22127CE82FB34FD10F70.e.4900/clear - {}
RESULT: {}
COMMAND: POST /session/e957c6d77c4c3b135e6e74b3990b52c8/element/f.3C6AD4412E448D85C093D3308860BAAC.d.3C92F9FD28AC22127CE82FB34FD10F70.e.4900/value - {"text":"WebdriverSitetgtim"}
COMMAND: GET /session/e957c6d77c4c3b135e6e74b3990b52c8/screenshot - {}
RESULT: {"text":"WebdriverSitetgtim"}
COMMAND: GET /session/e957c6d77c4c3b135e6e74b3990b52c8/screenshot - {}
RESULT: {}
RESULT: {}
COMMAND: POST /session/e957c6d77c4c3b135e6e74b3990b52c8/actions - {"actions":[{"id":"action23","type":"key","parameters":{},"actions":[{"type":"keyDown","value":"î€‡"},{"type":"pause","duration":10},{"type":"keyUp","value":"î€‡"}]}]}
RESULT: {"actions":[{"id":"action23","type":"key","parameters":{},"actions":[{"type":"keyDown","value":"î€‡"},{"type":"pause","duration":10},{"type":"keyUp","value":"î€‡"}]}]}
COMMAND: GET /session/e957c6d77c4c3b135e6e74b3990b52c8/screenshot - {}
RESULT: {}
COMMAND: POST /session/e957c6d77c4c3b135e6e74b3990b52c8/element - {"using":"xpath","value":"//button[@data-kt=\"saveButton\"]"}
RESULT: {"using":"xpath","value":"//button[@data-kt=\"saveButton\"]"}
COMMAND: POST /session/e957c6d77c4c3b135e6e74b3990b52c8/element/f.3C6AD4412E448D85C093D3308860BAAC.d.3C92F9FD28AC22127CE82FB34FD10F70.e.4975/click - {}
RESULT: {}
COMMAND: GET /session/e957c6d77c4c3b135e6e74b3990b52c8/screenshot - {}
RESULT: {}
COMMAND: POST /session/e957c6d77c4c3b135e6e74b3990b52c8/execute/async - {"script":"<script> [1562 bytes]","args":[{"selector":{"id":"contractDetailTitleNoExpanded","viewName":"etm.portal.ui.managecontracts.view.Detail"},"wdio_ui5_key":"contractDetailTitleNoExpandedetmportal.ui.managecontracts.view.Detail"}]}
RESULT: {"script":"<script> [1562 bytes]","args":[{"selector":{"id":"contractDetailTitleNoExpanded","viewName":"etm.portal.ui.managecontracts.view.Detail"},"wdio_ui5_key":"contractDetailTitleNoExpandedetmportal.ui.managecontracts.view.Detail"}]}
RESULT: undefined
COMMAND: POST /session/e957c6d77c4c3b135e6e74b3990b52c8/execute/async - {"script":"<script> [6424 bytes]","args":[{"element-6066-11e4-a52e-4f735466cecf":"f.3C6AD4412E448D85C093D3308860BAAC.d.3C92F9FD28AC22127CE82FB34FD10F70.e.5054"},"getText",[]]}
RESULT: {"script":"<script> [6424 bytes]","args":[{"element-6066-11e4-a52e-4f735466cecf":"f.3C6AD4412E448D85C093D3308860BAAC.d.3C92F9FD28AC22127CE82FB34FD10F70.e.5054"},"getText",[]]}
]]></system-out>
    </testcase>
    <testcase classname="chrome.137_0_7151_69.windows.Standard_contract_-_add_contract_items_by_Insert_Request_US118222" name="Should create a new request and plan it" time="209.508">
      <system-out><![CDATA[
COMMAND: POST /session/e957c6d77c4c3b135e6e74b3990b52c8/element - {"using":"css selector","value":"#shell-header-logo"}
RESULT: {"using":"css selector","value":"#shell-header-logo"}
COMMAND: POST /session/e957c6d77c4c3b135e6e74b3990b52c8/element/f.3C6AD4412E448D85C093D3308860BAAC.d.3C92F9FD28AC22127CE82FB34FD10F70.e.4589/click - {}
RESULT: {}
COMMAND: GET /session/e957c6d77c4c3b135e6e74b3990b52c8/screenshot - {}
RESULT: {}
COMMAND: POST /session/e957c6d77c4c3b135e6e74b3990b52c8/execute/async - {"script":"<script> [1562 bytes]","args":[{"selector":{"controlType":"sap.m.GenericTile","properties":{"header":"Manage Requests"}},"wdio_ui5_key":"sapm.GenericTile{\"header\":\"Manage Requests\"}"}]}
RESULT: {"script":"<script> [1562 bytes]","args":[{"selector":{"controlType":"sap.m.GenericTile","properties":{"header":"Manage Requests"}},"wdio_ui5_key":"sapm.GenericTile{\"header\":\"Manage Requests\"}"}]}
RESULT: undefined
COMMAND: POST /session/e957c6d77c4c3b135e6e74b3990b52c8/element - {"using":"xpath","value":"//*[@id=\"__tile48\"]"}
RESULT: {"using":"xpath","value":"//*[@id=\"__tile48\"]"}
COMMAND: POST /session/e957c6d77c4c3b135e6e74b3990b52c8/element/f.3C6AD4412E448D85C093D3308860BAAC.d.3C92F9FD28AC22127CE82FB34FD10F70.e.5057/click - {}
RESULT: {}
COMMAND: GET /session/e957c6d77c4c3b135e6e74b3990b52c8/screenshot - {}
RESULT: {}
COMMAND: POST /session/e957c6d77c4c3b135e6e74b3990b52c8/elements - {"using":"xpath","value":"//span[text()='Error']"}
RESULT: {"using":"xpath","value":"//span[text()='Error']"}
COMMAND: POST /session/e957c6d77c4c3b135e6e74b3990b52c8/element - {"using":"xpath","value":"//button[contains(@data-kt ,\"btnCreateNewOverflowToolbarButton\")]"}
COMMAND: POST /session/e957c6d77c4c3b135e6e74b3990b52c8/element - {"using":"xpath","value":"(//span[contains(@class ,\"sapMObjStatusText\")])[1]"}
RESULT: {"using":"xpath","value":"//button[contains(@data-kt ,\"btnCreateNewOverflowToolbarButton\")]"}
COMMAND: POST /session/e957c6d77c4c3b135e6e74b3990b52c8/element/f.3C6AD4412E448D85C093D3308860BAAC.d.3C92F9FD28AC22127CE82FB34FD10F70.e.5128/click - {}
RESULT: {"using":"xpath","value":"(//span[contains(@class ,\"sapMObjStatusText\")])[1]"}
COMMAND: POST /session/e957c6d77c4c3b135e6e74b3990b52c8/execute/sync - {"script":"<script> [8489 bytes]","args":[{"element-6066-11e4-a52e-4f735466cecf":"f.3C6AD4412E448D85C093D3308860BAAC.d.3C92F9FD28AC22127CE82FB34FD10F70.e.5169","ELEMENT":"f.3C6AD4412E448D85C093D3308860BAAC.d.3C92F9FD28AC22127CE82FB34FD10F70.e.5169"}]}
RESULT: {}
COMMAND: GET /session/e957c6d77c4c3b135e6e74b3990b52c8/screenshot - {}
RESULT: {"script":"<script> [8489 bytes]","args":[{"element-6066-11e4-a52e-4f735466cecf":"f.3C6AD4412E448D85C093D3308860BAAC.d.3C92F9FD28AC22127CE82FB34FD10F70.e.5169","ELEMENT":"f.3C6AD4412E448D85C093D3308860BAAC.d.3C92F9FD28AC22127CE82FB34FD10F70.e.5169"}]}
COMMAND: GET /session/e957c6d77c4c3b135e6e74b3990b52c8/screenshot - {}
RESULT: {}
RESULT: {}
COMMAND: POST /session/e957c6d77c4c3b135e6e74b3990b52c8/element - {"using":"xpath","value":"//input[contains(@id ,\"yardId-inner\")]"}
RESULT: {"using":"xpath","value":"//input[contains(@id ,\"yardId-inner\")]"}
COMMAND: POST /session/e957c6d77c4c3b135e6e74b3990b52c8/execute/sync - {"script":"<script> [8489 bytes]","args":[{"element-6066-11e4-a52e-4f735466cecf":"f.3C6AD4412E448D85C093D3308860BAAC.d.3C92F9FD28AC22127CE82FB34FD10F70.e.5271","ELEMENT":"f.3C6AD4412E448D85C093D3308860BAAC.d.3C92F9FD28AC22127CE82FB34FD10F70.e.5271"}]}
RESULT: {"script":"<script> [8489 bytes]","args":[{"element-6066-11e4-a52e-4f735466cecf":"f.3C6AD4412E448D85C093D3308860BAAC.d.3C92F9FD28AC22127CE82FB34FD10F70.e.5271","ELEMENT":"f.3C6AD4412E448D85C093D3308860BAAC.d.3C92F9FD28AC22127CE82FB34FD10F70.e.5271"}]}
COMMAND: POST /session/e957c6d77c4c3b135e6e74b3990b52c8/element - {"using":"xpath","value":"//input[contains(@id ,\"requestContractNo-inner\")]"}
COMMAND: POST /session/e957c6d77c4c3b135e6e74b3990b52c8/element - {"using":"xpath","value":"//input[contains(@id ,\"requestContractNo-inner\")]"}
COMMAND: GET /session/e957c6d77c4c3b135e6e74b3990b52c8/screenshot - {}
RESULT: {"using":"xpath","value":"//input[contains(@id ,\"requestContractNo-inner\")]"}
COMMAND: POST /session/e957c6d77c4c3b135e6e74b3990b52c8/element/f.3C6AD4412E448D85C093D3308860BAAC.d.3C92F9FD28AC22127CE82FB34FD10F70.e.5266/value - {"text":"10132"}
RESULT: {"using":"xpath","value":"//input[contains(@id ,\"requestContractNo-inner\")]"}
COMMAND: GET /session/e957c6d77c4c3b135e6e74b3990b52c8/element/f.3C6AD4412E448D85C093D3308860BAAC.d.3C92F9FD28AC22127CE82FB34FD10F70.e.5266/enabled - {}
RESULT: {}
RESULT: {"text":"10132"}
COMMAND: GET /session/e957c6d77c4c3b135e6e74b3990b52c8/screenshot - {}
RESULT: {}
COMMAND: GET /session/e957c6d77c4c3b135e6e74b3990b52c8/screenshot - {}
RESULT: {}
RESULT: {}
COMMAND: POST /session/e957c6d77c4c3b135e6e74b3990b52c8/actions - {"actions":[{"id":"action24","type":"key","parameters":{},"actions":[{"type":"keyDown","value":"î€‡"},{"type":"pause","duration":10},{"type":"keyUp","value":"î€‡"}]}]}
RESULT: {"actions":[{"id":"action24","type":"key","parameters":{},"actions":[{"type":"keyDown","value":"î€‡"},{"type":"pause","duration":10},{"type":"keyUp","value":"î€‡"}]}]}
COMMAND: GET /session/e957c6d77c4c3b135e6e74b3990b52c8/screenshot - {}
RESULT: {}
COMMAND: POST /session/e957c6d77c4c3b135e6e74b3990b52c8/execute/async - {"script":"<script> [1562 bytes]","args":[{"selector":{"controlType":"sap.ui.core.Icon","viewName":"etm.portal.ui.managerequests.view.NewRequest","properties":{"src":{"regex":{"source":"add"}}}},"wdio_ui5_key":"etmportal.ui.managerequests.view.NewRequestsap.ui.core.Icon{\"src\":{\"regex\":{\"source\":\"add\"}}}"}]}
RESULT: {"script":"<script> [1562 bytes]","args":[{"selector":{"controlType":"sap.ui.core.Icon","viewName":"etm.portal.ui.managerequests.view.NewRequest","properties":{"src":{"regex":{"source":"add"}}}},"wdio_ui5_key":"etmportal.ui.managerequests.view.NewRequestsap.ui.core.Icon{\"src\":{\"regex\":{\"source\":\"add\"}}}"}]}
RESULT: undefined
COMMAND: POST /session/e957c6d77c4c3b135e6e74b3990b52c8/element - {"using":"xpath","value":"//*[@id=\"__xmlview62--btnAddTableRow-img\"]"}
RESULT: {"using":"xpath","value":"//*[@id=\"__xmlview62--btnAddTableRow-img\"]"}
COMMAND: POST /session/e957c6d77c4c3b135e6e74b3990b52c8/element/f.3C6AD4412E448D85C093D3308860BAAC.d.3C92F9FD28AC22127CE82FB34FD10F70.e.5427/click - {}
RESULT: {}
COMMAND: GET /session/e957c6d77c4c3b135e6e74b3990b52c8/screenshot - {}
RESULT: {}
COMMAND: POST /session/e957c6d77c4c3b135e6e74b3990b52c8/execute/async - {"script":"<script> [1562 bytes]","args":[{"selector":{"controlType":"sap.ui.unified.MenuItem","viewName":"etm.portal.ui.managerequests.view.NewRequest","i18NText":{"propertyName":"text","key":"standardEntry"},"searchOpenDialogs":true,"interaction":{"idSuffix":"txt"}},"wdio_ui5_key":"etmportal.ui.managerequests.view.NewRequestsap.ui.unified.MenuItem{\"propertyName\":\"text\",\"key\":\"standardEntry\"}"}]}
RESULT: {"script":"<script> [1562 bytes]","args":[{"selector":{"controlType":"sap.ui.unified.MenuItem","viewName":"etm.portal.ui.managerequests.view.NewRequest","i18NText":{"propertyName":"text","key":"standardEntry"},"searchOpenDialogs":true,"interaction":{"idSuffix":"txt"}},"wdio_ui5_key":"etmportal.ui.managerequests.view.NewRequestsap.ui.unified.MenuItem{\"propertyName\":\"text\",\"key\":\"standardEntry\"}"}]}
RESULT: undefined
COMMAND: POST /session/e957c6d77c4c3b135e6e74b3990b52c8/element - {"using":"xpath","value":"//*[@id=\"__item846\"]"}
RESULT: {"using":"xpath","value":"//*[@id=\"__item846\"]"}
COMMAND: POST /session/e957c6d77c4c3b135e6e74b3990b52c8/element/f.3C6AD4412E448D85C093D3308860BAAC.d.3C92F9FD28AC22127CE82FB34FD10F70.e.5431/click - {}
RESULT: {}
COMMAND: GET /session/e957c6d77c4c3b135e6e74b3990b52c8/screenshot - {}
RESULT: {}
RESULT: undefined
COMMAND: POST /session/e957c6d77c4c3b135e6e74b3990b52c8/element - {"using":"xpath","value":"//*[@id=\"__xmlview62--btnAddTableRow-img\"]"}
RESULT: {"using":"xpath","value":"//*[@id=\"__xmlview62--btnAddTableRow-img\"]"}
COMMAND: POST /session/e957c6d77c4c3b135e6e74b3990b52c8/element/f.3C6AD4412E448D85C093D3308860BAAC.d.3C92F9FD28AC22127CE82FB34FD10F70.e.5427/click - {}
RESULT: {}
COMMAND: GET /session/e957c6d77c4c3b135e6e74b3990b52c8/screenshot - {}
RESULT: {}
RESULT: undefined
COMMAND: POST /session/e957c6d77c4c3b135e6e74b3990b52c8/element - {"using":"xpath","value":"//*[@id=\"__item846\"]"}
RESULT: {"using":"xpath","value":"//*[@id=\"__item846\"]"}
COMMAND: POST /session/e957c6d77c4c3b135e6e74b3990b52c8/element/f.3C6AD4412E448D85C093D3308860BAAC.d.3C92F9FD28AC22127CE82FB34FD10F70.e.5443/click - {}
RESULT: {}
COMMAND: GET /session/e957c6d77c4c3b135e6e74b3990b52c8/screenshot - {}
RESULT: {}
COMMAND: POST /session/e957c6d77c4c3b135e6e74b3990b52c8/element - {"using":"xpath","value":"(//input[contains(@id ,\"requestItemsTable-0-inner\")])[1]"}
RESULT: {"using":"xpath","value":"(//input[contains(@id ,\"requestItemsTable-0-inner\")])[1]"}
COMMAND: POST /session/e957c6d77c4c3b135e6e74b3990b52c8/element/f.3C6AD4412E448D85C093D3308860BAAC.d.3C92F9FD28AC22127CE82FB34FD10F70.e.5433/clear - {}
RESULT: {}
COMMAND: POST /session/e957c6d77c4c3b135e6e74b3990b52c8/element/f.3C6AD4412E448D85C093D3308860BAAC.d.3C92F9FD28AC22127CE82FB34FD10F70.e.5433/value - {"text":"catalogItemabo0d"}
COMMAND: GET /session/e957c6d77c4c3b135e6e74b3990b52c8/screenshot - {}
RESULT: {"text":"catalogItemabo0d"}
COMMAND: GET /session/e957c6d77c4c3b135e6e74b3990b52c8/screenshot - {}
RESULT: {}
RESULT: {}
COMMAND: POST /session/e957c6d77c4c3b135e6e74b3990b52c8/actions - {"actions":[{"id":"action25","type":"key","parameters":{},"actions":[{"type":"keyDown","value":"î€‡"},{"type":"pause","duration":10},{"type":"keyUp","value":"î€‡"}]}]}
RESULT: {"actions":[{"id":"action25","type":"key","parameters":{},"actions":[{"type":"keyDown","value":"î€‡"},{"type":"pause","duration":10},{"type":"keyUp","value":"î€‡"}]}]}
COMMAND: POST /session/e957c6d77c4c3b135e6e74b3990b52c8/element - {"using":"xpath","value":"(//input[contains(@id ,\"requestItemsTable-1-inner\")])[1]"}
COMMAND: GET /session/e957c6d77c4c3b135e6e74b3990b52c8/screenshot - {}
RESULT: {"using":"xpath","value":"(//input[contains(@id ,\"requestItemsTable-1-inner\")])[1]"}
COMMAND: POST /session/e957c6d77c4c3b135e6e74b3990b52c8/element/f.3C6AD4412E448D85C093D3308860BAAC.d.3C92F9FD28AC22127CE82FB34FD10F70.e.5445/clear - {}
RESULT: {}
RESULT: {}
COMMAND: POST /session/e957c6d77c4c3b135e6e74b3990b52c8/element/f.3C6AD4412E448D85C093D3308860BAAC.d.3C92F9FD28AC22127CE82FB34FD10F70.e.5445/value - {"text":"catalogItemabo0d"}
COMMAND: GET /session/e957c6d77c4c3b135e6e74b3990b52c8/screenshot - {}
RESULT: {"text":"catalogItemabo0d"}
RESULT: {}
COMMAND: GET /session/e957c6d77c4c3b135e6e74b3990b52c8/screenshot - {}
RESULT: {}
COMMAND: POST /session/e957c6d77c4c3b135e6e74b3990b52c8/actions - {"actions":[{"id":"action26","type":"key","parameters":{},"actions":[{"type":"keyDown","value":"î€‡"},{"type":"pause","duration":10},{"type":"keyUp","value":"î€‡"}]}]}
RESULT: {"actions":[{"id":"action26","type":"key","parameters":{},"actions":[{"type":"keyDown","value":"î€‡"},{"type":"pause","duration":10},{"type":"keyUp","value":"î€‡"}]}]}
COMMAND: GET /session/e957c6d77c4c3b135e6e74b3990b52c8/screenshot - {}
RESULT: {}
COMMAND: POST /session/e957c6d77c4c3b135e6e74b3990b52c8/execute/async - {"script":"<script> [1562 bytes]","args":[{"selector":{"controlType":"sap.ui.core.Icon","viewName":"etm.portal.ui.managerequests.view.NewRequest","properties":{"src":{"regex":{"source":"slim\\-arrow\\-down"}}},"ancestor":{"controlType":"sap.m.Button","viewName":"etm.portal.ui.managerequests.view.NewRequest","properties":{"icon":"sap-icon://slim-arrow-down"}}},"wdio_ui5_key":"etmportal.ui.managerequests.view.NewRequestsap.ui.core.Icon{\"src\":{\"regex\":{\"source\":\"slim\\\\-arrow\\\\-down\"}}}{\"controlType\":\"sap.m.Button\",\"viewName\":\"etm.portal.ui.managerequests.view.NewRequest\",\"properties\":{\"icon\":\"sap-icon://slim-arrow-down\"}}"}]}
RESULT: {"script":"<script> [1562 bytes]","args":[{"selector":{"controlType":"sap.ui.core.Icon","viewName":"etm.portal.ui.managerequests.view.NewRequest","properties":{"src":{"regex":{"source":"slim\\-arrow\\-down"}}},"ancestor":{"controlType":"sap.m.Button","viewName":"etm.portal.ui.managerequests.view.NewRequest","properties":{"icon":"sap-icon://slim-arrow-down"}}},"wdio_ui5_key":"etmportal.ui.managerequests.view.NewRequestsap.ui.core.Icon{\"src\":{\"regex\":{\"source\":\"slim\\\\-arrow\\\\-down\"}}}{\"controlType\":\"sap.m.Button\",\"viewName\":\"etm.portal.ui.managerequests.view.NewRequest\",\"properties\":{\"icon\":\"sap-icon://slim-arrow-down\"}}"}]}
RESULT: undefined
COMMAND: POST /session/e957c6d77c4c3b135e6e74b3990b52c8/element - {"using":"xpath","value":"//*[@id=\"__title47-expandBtn-img\"]"}
RESULT: {"using":"xpath","value":"//*[@id=\"__title47-expandBtn-img\"]"}
COMMAND: POST /session/e957c6d77c4c3b135e6e74b3990b52c8/element/f.3C6AD4412E448D85C093D3308860BAAC.d.3C92F9FD28AC22127CE82FB34FD10F70.e.5466/click - {}
RESULT: {}
COMMAND: POST /session/e957c6d77c4c3b135e6e74b3990b52c8/element - {"using":"xpath","value":"//div[contains(@data-kt ,\"splitAllocationObjectStatus\")]"}
COMMAND: GET /session/e957c6d77c4c3b135e6e74b3990b52c8/screenshot - {}
RESULT: {"using":"xpath","value":"//div[contains(@data-kt ,\"splitAllocationObjectStatus\")]"}
COMMAND: POST /session/e957c6d77c4c3b135e6e74b3990b52c8/elements - {"using":"xpath","value":"//div[contains(@data-kt ,\"splitAllocationObjectStatus\")]"}
RESULT: {}
RESULT: {"using":"xpath","value":"//div[contains(@data-kt ,\"splitAllocationObjectStatus\")]"}
COMMAND: POST /session/e957c6d77c4c3b135e6e74b3990b52c8/execute/async - {"script":"<script> [1562 bytes]","args":[{"selector":{"controlType":"sap.ui.core.Icon","viewName":"etm.portal.ui.managerequests.view.NewRequest","properties":{"src":{"regex":{"source":"message\\-error"}}},"ancestor":{"controlType":"sap.m.ColumnListItem","viewName":"etm.portal.ui.managerequests.view.NewRequest","bindingPath":{"modelName":"newRequestItems","path":"/RequestItems/0"},"ancestor":{"id":"requestItemsTable","viewName":"etm.portal.ui.managerequests.view.NewRequest"}}},"wdio_ui5_key":"etmportal.ui.managerequests.view.NewRequestsap.ui.core.Icon{\"src\":{\"regex\":{\"source\":\"message\\\\-error\"}}}{\"controlType\":\"sap.m.ColumnListItem\",\"viewName\":\"etm.portal.ui.managerequests.view.NewRequest\",\"bindingPath\":{\"modelName\":\"newRequestItems\",\"path\":\"/RequestItems/0\"},\"ancestor\":{\"id\":\"requestItemsTable\",\"viewName\":\"etm.portal.ui.managerequests.view.NewRequest\"}}"}]}
RESULT: {"script":"<script> [1562 bytes]","args":[{"selector":{"controlType":"sap.ui.core.Icon","viewName":"etm.portal.ui.managerequests.view.NewRequest","properties":{"src":{"regex":{"source":"message\\-error"}}},"ancestor":{"controlType":"sap.m.ColumnListItem","viewName":"etm.portal.ui.managerequests.view.NewRequest","bindingPath":{"modelName":"newRequestItems","path":"/RequestItems/0"},"ancestor":{"id":"requestItemsTable","viewName":"etm.portal.ui.managerequests.view.NewRequest"}}},"wdio_ui5_key":"etmportal.ui.managerequests.view.NewRequestsap.ui.core.Icon{\"src\":{\"regex\":{\"source\":\"message\\\\-error\"}}}{\"controlType\":\"sap.m.ColumnListItem\",\"viewName\":\"etm.portal.ui.managerequests.view.NewRequest\",\"bindingPath\":{\"modelName\":\"newRequestItems\",\"path\":\"/RequestItems/0\"},\"ancestor\":{\"id\":\"requestItemsTable\",\"viewName\":\"etm.portal.ui.managerequests.view.NewRequest\"}}"}]}
RESULT: undefined
COMMAND: POST /session/e957c6d77c4c3b135e6e74b3990b52c8/element - {"using":"xpath","value":"//*[@id=\"__status15-__xmlview62--requestItemsTable-0-icon\"]"}
RESULT: {"using":"xpath","value":"//*[@id=\"__status15-__xmlview62--requestItemsTable-0-icon\"]"}
COMMAND: POST /session/e957c6d77c4c3b135e6e74b3990b52c8/element/f.3C6AD4412E448D85C093D3308860BAAC.d.3C92F9FD28AC22127CE82FB34FD10F70.e.5473/click - {}
RESULT: {}
COMMAND: GET /session/e957c6d77c4c3b135e6e74b3990b52c8/screenshot - {}
RESULT: {}
COMMAND: POST /session/e957c6d77c4c3b135e6e74b3990b52c8/execute/async - {"script":"<script> [1562 bytes]","args":[{"selector":{"id":"costObjectAdminTypeComboBox","viewName":"etm.portal.ui.managerequests.view.NewRequest","searchOpenDialogs":true,"interaction":{"idSuffix":"inner"}},"wdio_ui5_key":"costObjectAdminTypeComboBoxetmportal.ui.managerequests.view.NewRequest"}]}
RESULT: {"script":"<script> [1562 bytes]","args":[{"selector":{"id":"costObjectAdminTypeComboBox","viewName":"etm.portal.ui.managerequests.view.NewRequest","searchOpenDialogs":true,"interaction":{"idSuffix":"inner"}},"wdio_ui5_key":"costObjectAdminTypeComboBoxetmportal.ui.managerequests.view.NewRequest"}]}
RESULT: undefined
COMMAND: POST /session/e957c6d77c4c3b135e6e74b3990b52c8/execute/async - {"script":"<script> [776 bytes]","args":[{"enterText":"Cost Center","selector":{"id":"costObjectAdminTypeComboBox","viewName":"etm.portal.ui.managerequests.view.NewRequest","searchOpenDialogs":true,"interaction":{"idSuffix":"inner"}},"clearTextFirst":true,"interactionType":"ENTER_TEXT"}]}
RESULT: {"script":"<script> [776 bytes]","args":[{"enterText":"Cost Center","selector":{"id":"costObjectAdminTypeComboBox","viewName":"etm.portal.ui.managerequests.view.NewRequest","searchOpenDialogs":true,"interaction":{"idSuffix":"inner"}},"clearTextFirst":true,"interactionType":"ENTER_TEXT"}]}
COMMAND: POST /session/e957c6d77c4c3b135e6e74b3990b52c8/actions - {"actions":[{"id":"action27","type":"key","parameters":{},"actions":[{"type":"keyDown","value":"î€‡"},{"type":"pause","duration":10},{"type":"keyUp","value":"î€‡"}]}]}
RESULT: {"actions":[{"id":"action27","type":"key","parameters":{},"actions":[{"type":"keyDown","value":"î€‡"},{"type":"pause","duration":10},{"type":"keyUp","value":"î€‡"}]}]}
COMMAND: GET /session/e957c6d77c4c3b135e6e74b3990b52c8/screenshot - {}
RESULT: {}
COMMAND: POST /session/e957c6d77c4c3b135e6e74b3990b52c8/execute/async - {"script":"<script> [1562 bytes]","args":[{"selector":{"controlType":"sap.ui.core.Icon","viewName":"etm.portal.ui.managerequests.view.NewRequest","properties":{"src":{"regex":{"source":"value\\-help"}}},"searchOpenDialogs":true},"wdio_ui5_key":"etmportal.ui.managerequests.view.NewRequestsap.ui.core.Icon{\"src\":{\"regex\":{\"source\":\"value\\\\-help\"}}}"}]}
RESULT: {"script":"<script> [1562 bytes]","args":[{"selector":{"controlType":"sap.ui.core.Icon","viewName":"etm.portal.ui.managerequests.view.NewRequest","properties":{"src":{"regex":{"source":"value\\-help"}}},"searchOpenDialogs":true},"wdio_ui5_key":"etmportal.ui.managerequests.view.NewRequestsap.ui.core.Icon{\"src\":{\"regex\":{\"source\":\"value\\\\-help\"}}}"}]}
RESULT: undefined
COMMAND: POST /session/e957c6d77c4c3b135e6e74b3990b52c8/element - {"using":"xpath","value":"//*[@id=\"__xmlview62--costObjectIdComboBox-vhi\"]"}
RESULT: {"using":"xpath","value":"//*[@id=\"__xmlview62--costObjectIdComboBox-vhi\"]"}
COMMAND: POST /session/e957c6d77c4c3b135e6e74b3990b52c8/element/f.3C6AD4412E448D85C093D3308860BAAC.d.3C92F9FD28AC22127CE82FB34FD10F70.e.5485/click - {}
RESULT: {}
COMMAND: POST /session/e957c6d77c4c3b135e6e74b3990b52c8/execute/async - {"script":"<script> [1562 bytes]","args":[{"selector":{"controlType":"sap.m.SearchField","properties":{"placeholder":"Search"},"searchOpenDialogs":true,"interaction":{"idSuffix":"I"}},"wdio_ui5_key":"sapm.SearchField{\"placeholder\":\"Search\"}"}]}
COMMAND: GET /session/e957c6d77c4c3b135e6e74b3990b52c8/screenshot - {}
RESULT: {"script":"<script> [1562 bytes]","args":[{"selector":{"controlType":"sap.m.SearchField","properties":{"placeholder":"Search"},"searchOpenDialogs":true,"interaction":{"idSuffix":"I"}},"wdio_ui5_key":"sapm.SearchField{\"placeholder\":\"Search\"}"}]}
RESULT: undefined
COMMAND: POST /session/e957c6d77c4c3b135e6e74b3990b52c8/execute/async - {"script":"<script> [776 bytes]","args":[{"enterText":"10001013","selector":{"controlType":"sap.m.SearchField","properties":{"placeholder":"Search"},"searchOpenDialogs":true,"interaction":{"idSuffix":"I"}},"clearTextFirst":true,"interactionType":"ENTER_TEXT"}]}
RESULT: {}
RESULT: {"script":"<script> [776 bytes]","args":[{"enterText":"10001013","selector":{"controlType":"sap.m.SearchField","properties":{"placeholder":"Search"},"searchOpenDialogs":true,"interaction":{"idSuffix":"I"}},"clearTextFirst":true,"interactionType":"ENTER_TEXT"}]}
COMMAND: POST /session/e957c6d77c4c3b135e6e74b3990b52c8/actions - {"actions":[{"id":"action28","type":"key","parameters":{},"actions":[{"type":"keyDown","value":"î€‡"},{"type":"pause","duration":10},{"type":"keyUp","value":"î€‡"}]}]}
RESULT: {"actions":[{"id":"action28","type":"key","parameters":{},"actions":[{"type":"keyDown","value":"î€‡"},{"type":"pause","duration":10},{"type":"keyUp","value":"î€‡"}]}]}
COMMAND: GET /session/e957c6d77c4c3b135e6e74b3990b52c8/screenshot - {}
RESULT: {}
COMMAND: POST /session/e957c6d77c4c3b135e6e74b3990b52c8/element - {"using":"xpath","value":"//span[contains(text(), \"General Management\")]"}
RESULT: {"using":"xpath","value":"//span[contains(text(), \"General Management\")]"}
COMMAND: POST /session/e957c6d77c4c3b135e6e74b3990b52c8/element/f.3C6AD4412E448D85C093D3308860BAAC.d.3C92F9FD28AC22127CE82FB34FD10F70.e.5525/click - {}
RESULT: {}
COMMAND: GET /session/e957c6d77c4c3b135e6e74b3990b52c8/screenshot - {}
RESULT: {}
COMMAND: POST /session/e957c6d77c4c3b135e6e74b3990b52c8/element - {"using":"xpath","value":"//bdi[contains(text(), \"OK\")]"}
RESULT: {"using":"xpath","value":"//bdi[contains(text(), \"OK\")]"}
COMMAND: POST /session/e957c6d77c4c3b135e6e74b3990b52c8/element/f.3C6AD4412E448D85C093D3308860BAAC.d.3C92F9FD28AC22127CE82FB34FD10F70.e.5526/click - {}
RESULT: {}
COMMAND: GET /session/e957c6d77c4c3b135e6e74b3990b52c8/screenshot - {}
RESULT: {}
COMMAND: POST /session/e957c6d77c4c3b135e6e74b3990b52c8/element - {"using":"xpath","value":"(//bdi[contains(@id ,\"BDI-content\")][contains(text(), \"Save\")])[1]"}
RESULT: {"using":"xpath","value":"(//bdi[contains(@id ,\"BDI-content\")][contains(text(), \"Save\")])[1]"}
COMMAND: POST /session/e957c6d77c4c3b135e6e74b3990b52c8/element/f.3C6AD4412E448D85C093D3308860BAAC.d.3C92F9FD28AC22127CE82FB34FD10F70.e.5530/click - {}
RESULT: {}
COMMAND: GET /session/e957c6d77c4c3b135e6e74b3990b52c8/screenshot - {}
RESULT: {}
COMMAND: POST /session/e957c6d77c4c3b135e6e74b3990b52c8/execute/async - {"script":"<script> [1562 bytes]","args":[{"selector":{"controlType":"sap.ui.core.Icon","viewName":"etm.portal.ui.managerequests.view.NewRequest","properties":{"src":{"regex":{"source":"message\\-error"}}},"ancestor":{"controlType":"sap.m.ColumnListItem","viewName":"etm.portal.ui.managerequests.view.NewRequest","bindingPath":{"modelName":"newRequestItems","path":"/RequestItems/1"},"ancestor":{"id":"requestItemsTable","viewName":"etm.portal.ui.managerequests.view.NewRequest"}}},"wdio_ui5_key":"etmportal.ui.managerequests.view.NewRequestsap.ui.core.Icon{\"src\":{\"regex\":{\"source\":\"message\\\\-error\"}}}{\"controlType\":\"sap.m.ColumnListItem\",\"viewName\":\"etm.portal.ui.managerequests.view.NewRequest\",\"bindingPath\":{\"modelName\":\"newRequestItems\",\"path\":\"/RequestItems/1\"},\"ancestor\":{\"id\":\"requestItemsTable\",\"viewName\":\"etm.portal.ui.managerequests.view.NewRequest\"}}"}]}
RESULT: {"script":"<script> [1562 bytes]","args":[{"selector":{"controlType":"sap.ui.core.Icon","viewName":"etm.portal.ui.managerequests.view.NewRequest","properties":{"src":{"regex":{"source":"message\\-error"}}},"ancestor":{"controlType":"sap.m.ColumnListItem","viewName":"etm.portal.ui.managerequests.view.NewRequest","bindingPath":{"modelName":"newRequestItems","path":"/RequestItems/1"},"ancestor":{"id":"requestItemsTable","viewName":"etm.portal.ui.managerequests.view.NewRequest"}}},"wdio_ui5_key":"etmportal.ui.managerequests.view.NewRequestsap.ui.core.Icon{\"src\":{\"regex\":{\"source\":\"message\\\\-error\"}}}{\"controlType\":\"sap.m.ColumnListItem\",\"viewName\":\"etm.portal.ui.managerequests.view.NewRequest\",\"bindingPath\":{\"modelName\":\"newRequestItems\",\"path\":\"/RequestItems/1\"},\"ancestor\":{\"id\":\"requestItemsTable\",\"viewName\":\"etm.portal.ui.managerequests.view.NewRequest\"}}"}]}
RESULT: undefined
COMMAND: POST /session/e957c6d77c4c3b135e6e74b3990b52c8/element - {"using":"xpath","value":"//*[@id=\"__status15-__xmlview62--requestItemsTable-1-icon\"]"}
RESULT: {"using":"xpath","value":"//*[@id=\"__status15-__xmlview62--requestItemsTable-1-icon\"]"}
COMMAND: POST /session/e957c6d77c4c3b135e6e74b3990b52c8/element/f.3C6AD4412E448D85C093D3308860BAAC.d.3C92F9FD28AC22127CE82FB34FD10F70.e.5533/click - {}
RESULT: {}
COMMAND: GET /session/e957c6d77c4c3b135e6e74b3990b52c8/screenshot - {}
RESULT: {}
RESULT: undefined
COMMAND: POST /session/e957c6d77c4c3b135e6e74b3990b52c8/execute/async - {"script":"<script> [776 bytes]","args":[{"enterText":"Cost Center","selector":{"id":"costObjectAdminTypeComboBox","viewName":"etm.portal.ui.managerequests.view.NewRequest","searchOpenDialogs":true,"interaction":{"idSuffix":"inner"}},"clearTextFirst":true,"interactionType":"ENTER_TEXT"}]}
RESULT: {"script":"<script> [776 bytes]","args":[{"enterText":"Cost Center","selector":{"id":"costObjectAdminTypeComboBox","viewName":"etm.portal.ui.managerequests.view.NewRequest","searchOpenDialogs":true,"interaction":{"idSuffix":"inner"}},"clearTextFirst":true,"interactionType":"ENTER_TEXT"}]}
COMMAND: POST /session/e957c6d77c4c3b135e6e74b3990b52c8/actions - {"actions":[{"id":"action29","type":"key","parameters":{},"actions":[{"type":"keyDown","value":"î€‡"},{"type":"pause","duration":10},{"type":"keyUp","value":"î€‡"}]}]}
RESULT: {"actions":[{"id":"action29","type":"key","parameters":{},"actions":[{"type":"keyDown","value":"î€‡"},{"type":"pause","duration":10},{"type":"keyUp","value":"î€‡"}]}]}
COMMAND: GET /session/e957c6d77c4c3b135e6e74b3990b52c8/screenshot - {}
RESULT: {}
RESULT: undefined
COMMAND: POST /session/e957c6d77c4c3b135e6e74b3990b52c8/element - {"using":"xpath","value":"//*[@id=\"__xmlview62--costObjectIdComboBox-vhi\"]"}
RESULT: {"using":"xpath","value":"//*[@id=\"__xmlview62--costObjectIdComboBox-vhi\"]"}
COMMAND: POST /session/e957c6d77c4c3b135e6e74b3990b52c8/element/f.3C6AD4412E448D85C093D3308860BAAC.d.3C92F9FD28AC22127CE82FB34FD10F70.e.5543/click - {}
RESULT: {}
RESULT: undefined
COMMAND: POST /session/e957c6d77c4c3b135e6e74b3990b52c8/execute/async - {"script":"<script> [776 bytes]","args":[{"enterText":"10001013","selector":{"controlType":"sap.m.SearchField","properties":{"placeholder":"Search"},"searchOpenDialogs":true,"interaction":{"idSuffix":"I"}},"clearTextFirst":true,"interactionType":"ENTER_TEXT"}]}
COMMAND: GET /session/e957c6d77c4c3b135e6e74b3990b52c8/screenshot - {}
RESULT: {"script":"<script> [776 bytes]","args":[{"enterText":"10001013","selector":{"controlType":"sap.m.SearchField","properties":{"placeholder":"Search"},"searchOpenDialogs":true,"interaction":{"idSuffix":"I"}},"clearTextFirst":true,"interactionType":"ENTER_TEXT"}]}
COMMAND: POST /session/e957c6d77c4c3b135e6e74b3990b52c8/actions - {"actions":[{"id":"action30","type":"key","parameters":{},"actions":[{"type":"keyDown","value":"î€‡"},{"type":"pause","duration":10},{"type":"keyUp","value":"î€‡"}]}]}
RESULT: {}
RESULT: {"actions":[{"id":"action30","type":"key","parameters":{},"actions":[{"type":"keyDown","value":"î€‡"},{"type":"pause","duration":10},{"type":"keyUp","value":"î€‡"}]}]}
COMMAND: GET /session/e957c6d77c4c3b135e6e74b3990b52c8/screenshot - {}
RESULT: {}
COMMAND: POST /session/e957c6d77c4c3b135e6e74b3990b52c8/element - {"using":"xpath","value":"//span[contains(text(), \"General Management\")]"}
RESULT: {"using":"xpath","value":"//span[contains(text(), \"General Management\")]"}
COMMAND: POST /session/e957c6d77c4c3b135e6e74b3990b52c8/element/f.3C6AD4412E448D85C093D3308860BAAC.d.3C92F9FD28AC22127CE82FB34FD10F70.e.5582/click - {}
RESULT: {}
COMMAND: GET /session/e957c6d77c4c3b135e6e74b3990b52c8/screenshot - {}
RESULT: {}
COMMAND: POST /session/e957c6d77c4c3b135e6e74b3990b52c8/element - {"using":"xpath","value":"//bdi[contains(text(), \"OK\")]"}
RESULT: {"using":"xpath","value":"//bdi[contains(text(), \"OK\")]"}
COMMAND: POST /session/e957c6d77c4c3b135e6e74b3990b52c8/element/f.3C6AD4412E448D85C093D3308860BAAC.d.3C92F9FD28AC22127CE82FB34FD10F70.e.5583/click - {}
RESULT: {}
COMMAND: GET /session/e957c6d77c4c3b135e6e74b3990b52c8/screenshot - {}
RESULT: {}
COMMAND: POST /session/e957c6d77c4c3b135e6e74b3990b52c8/element - {"using":"xpath","value":"(//bdi[contains(@id ,\"BDI-content\")][contains(text(), \"Save\")])[1]"}
RESULT: {"using":"xpath","value":"(//bdi[contains(@id ,\"BDI-content\")][contains(text(), \"Save\")])[1]"}
COMMAND: POST /session/e957c6d77c4c3b135e6e74b3990b52c8/element/f.3C6AD4412E448D85C093D3308860BAAC.d.3C92F9FD28AC22127CE82FB34FD10F70.e.5587/click - {}
RESULT: {}
COMMAND: GET /session/e957c6d77c4c3b135e6e74b3990b52c8/screenshot - {}
RESULT: {}
COMMAND: POST /session/e957c6d77c4c3b135e6e74b3990b52c8/execute/async - {"script":"<script> [1562 bytes]","args":[{"selector":{"controlType":"sap.m.Button","viewName":"etm.portal.ui.managerequests.view.NewRequest","i18NText":{"propertyName":"tooltip","key":"save"},"interaction":{"idSuffix":"content"}},"wdio_ui5_key":"etmportal.ui.managerequests.view.NewRequestsap.m.Button{\"propertyName\":\"tooltip\",\"key\":\"save\"}"}]}
RESULT: {"script":"<script> [1562 bytes]","args":[{"selector":{"controlType":"sap.m.Button","viewName":"etm.portal.ui.managerequests.view.NewRequest","i18NText":{"propertyName":"tooltip","key":"save"},"interaction":{"idSuffix":"content"}},"wdio_ui5_key":"etmportal.ui.managerequests.view.NewRequestsap.m.Button{\"propertyName\":\"tooltip\",\"key\":\"save\"}"}]}
RESULT: undefined
COMMAND: POST /session/e957c6d77c4c3b135e6e74b3990b52c8/element - {"using":"xpath","value":"//*[@id=\"__button107\"]"}
RESULT: {"using":"xpath","value":"//*[@id=\"__button107\"]"}
COMMAND: POST /session/e957c6d77c4c3b135e6e74b3990b52c8/element/f.3C6AD4412E448D85C093D3308860BAAC.d.3C92F9FD28AC22127CE82FB34FD10F70.e.5357/click - {}
RESULT: {}
COMMAND: GET /session/e957c6d77c4c3b135e6e74b3990b52c8/screenshot - {}
RESULT: {}
COMMAND: POST /session/e957c6d77c4c3b135e6e74b3990b52c8/execute/async - {"script":"<script> [1562 bytes]","args":[{"selector":{"controlType":"sap.m.Title","properties":{"text":"Success"},"searchOpenDialogs":true},"wdio_ui5_key":"sapm.Title{\"text\":\"Success\"}"}]}
RESULT: {"script":"<script> [1562 bytes]","args":[{"selector":{"controlType":"sap.m.Title","properties":{"text":"Success"},"searchOpenDialogs":true},"wdio_ui5_key":"sapm.Title{\"text\":\"Success\"}"}]}
RESULT: undefined
COMMAND: POST /session/e957c6d77c4c3b135e6e74b3990b52c8/execute/async - {"script":"<script> [6424 bytes]","args":[{"element-6066-11e4-a52e-4f735466cecf":"f.3C6AD4412E448D85C093D3308860BAAC.d.3C92F9FD28AC22127CE82FB34FD10F70.e.5594"},"getText",[]]}
RESULT: {"script":"<script> [6424 bytes]","args":[{"element-6066-11e4-a52e-4f735466cecf":"f.3C6AD4412E448D85C093D3308860BAAC.d.3C92F9FD28AC22127CE82FB34FD10F70.e.5594"},"getText",[]]}
COMMAND: POST /session/e957c6d77c4c3b135e6e74b3990b52c8/execute/async - {"script":"<script> [1562 bytes]","args":[{"selector":{"controlType":"sap.m.Button","properties":{"text":"Close"},"searchOpenDialogs":true,"interaction":{"idSuffix":"BDI-content"}},"wdio_ui5_key":"sapm.Button{\"text\":\"Close\"}"}]}
RESULT: {"script":"<script> [1562 bytes]","args":[{"selector":{"controlType":"sap.m.Button","properties":{"text":"Close"},"searchOpenDialogs":true,"interaction":{"idSuffix":"BDI-content"}},"wdio_ui5_key":"sapm.Button{\"text\":\"Close\"}"}]}
RESULT: undefined
COMMAND: POST /session/e957c6d77c4c3b135e6e74b3990b52c8/element - {"using":"xpath","value":"//*[@id=\"__mbox-btn-4\"]"}
RESULT: {"using":"xpath","value":"//*[@id=\"__mbox-btn-4\"]"}
COMMAND: POST /session/e957c6d77c4c3b135e6e74b3990b52c8/element/f.3C6AD4412E448D85C093D3308860BAAC.d.3C92F9FD28AC22127CE82FB34FD10F70.e.5592/click - {}
RESULT: {}
COMMAND: GET /session/e957c6d77c4c3b135e6e74b3990b52c8/screenshot - {}
RESULT: {}
COMMAND: POST /session/e957c6d77c4c3b135e6e74b3990b52c8/execute/async - {"script":"<script> [1562 bytes]","args":[{"selector":{"controlType":"sap.m.Text","viewName":"etm.portal.ui.managerequests.view.Detail","bindingPath":{"propertyPath":"NO","modelName":"catalogModel"}},"wdio_ui5_key":"etmportal.ui.managerequests.view.Detailsap.m.Text{\"propertyPath\":\"NO\",\"modelName\":\"catalogModel\"}"}]}
RESULT: {"script":"<script> [1562 bytes]","args":[{"selector":{"controlType":"sap.m.Text","viewName":"etm.portal.ui.managerequests.view.Detail","bindingPath":{"propertyPath":"NO","modelName":"catalogModel"}},"wdio_ui5_key":"etmportal.ui.managerequests.view.Detailsap.m.Text{\"propertyPath\":\"NO\",\"modelName\":\"catalogModel\"}"}]}
RESULT: undefined
COMMAND: POST /session/e957c6d77c4c3b135e6e74b3990b52c8/execute/async - {"script":"<script> [6424 bytes]","args":[{"element-6066-11e4-a52e-4f735466cecf":"f.3C6AD4412E448D85C093D3308860BAAC.d.3C92F9FD28AC22127CE82FB34FD10F70.e.5721"},"getText",[]]}
RESULT: {"script":"<script> [6424 bytes]","args":[{"element-6066-11e4-a52e-4f735466cecf":"f.3C6AD4412E448D85C093D3308860BAAC.d.3C92F9FD28AC22127CE82FB34FD10F70.e.5721"},"getText",[]]}
COMMAND: POST /session/e957c6d77c4c3b135e6e74b3990b52c8/execute/async - {"script":"<script> [1562 bytes]","args":[{"selector":{"controlType":"sap.ui.core.Icon","viewName":"etm.portal.ui.managerequests.view.Detail","properties":{"src":{"regex":{"source":"date\\-time"}}},"ancestor":{"controlType":"sap.m.ColumnListItem","viewName":"etm.portal.ui.managerequests.view.Detail","bindingPath":{"path":"/SmartRequestItemsPlanningBoard(ITEM=10m,REQUEST='20072')"},"ancestor":{"id":"requestItemsTable","viewName":"etm.portal.ui.managerequests.view.Detail"}}},"wdio_ui5_key":"etmportal.ui.managerequests.view.Detailsap.ui.core.Icon{\"src\":{\"regex\":{\"source\":\"date\\\\-time\"}}}{\"controlType\":\"sap.m.ColumnListItem\",\"viewName\":\"etm.portal.ui.managerequests.view.Detail\",\"bindingPath\":{\"path\":\"/SmartRequestItemsPlanningBoard(ITEM=10m,REQUEST='20072')\"},\"ancestor\":{\"id\":\"requestItemsTable\",\"viewName\":\"etm.portal.ui.managerequests.view.Detail\"}}"}]}
RESULT: {"script":"<script> [1562 bytes]","args":[{"selector":{"controlType":"sap.ui.core.Icon","viewName":"etm.portal.ui.managerequests.view.Detail","properties":{"src":{"regex":{"source":"date\\-time"}}},"ancestor":{"controlType":"sap.m.ColumnListItem","viewName":"etm.portal.ui.managerequests.view.Detail","bindingPath":{"path":"/SmartRequestItemsPlanningBoard(ITEM=10m,REQUEST='20072')"},"ancestor":{"id":"requestItemsTable","viewName":"etm.portal.ui.managerequests.view.Detail"}}},"wdio_ui5_key":"etmportal.ui.managerequests.view.Detailsap.ui.core.Icon{\"src\":{\"regex\":{\"source\":\"date\\\\-time\"}}}{\"controlType\":\"sap.m.ColumnListItem\",\"viewName\":\"etm.portal.ui.managerequests.view.Detail\",\"bindingPath\":{\"path\":\"/SmartRequestItemsPlanningBoard(ITEM=10m,REQUEST='20072')\"},\"ancestor\":{\"id\":\"requestItemsTable\",\"viewName\":\"etm.portal.ui.managerequests.view.Detail\"}}"}]}
RESULT: undefined
COMMAND: POST /session/e957c6d77c4c3b135e6e74b3990b52c8/element - {"using":"xpath","value":"//*[@id=\"__button135-__clone3920-img\"]"}
RESULT: {"using":"xpath","value":"//*[@id=\"__button135-__clone3920-img\"]"}
COMMAND: POST /session/e957c6d77c4c3b135e6e74b3990b52c8/element/f.3C6AD4412E448D85C093D3308860BAAC.d.3C92F9FD28AC22127CE82FB34FD10F70.e.5722/click - {}
RESULT: {}
COMMAND: POST /session/e957c6d77c4c3b135e6e74b3990b52c8/execute/async - {"script":"<script> [1562 bytes]","args":[{"selector":{"controlType":"sap.m.Button","viewName":"etm.portal.ui.managerequests.view.Detail","properties":{"text":"Close"},"searchOpenDialogs":true,"interaction":{"idSuffix":"BDI-content"}},"wdio_ui5_key":"etmportal.ui.managerequests.view.Detailsap.m.Button{\"text\":\"Close\"}"}]}
COMMAND: GET /session/e957c6d77c4c3b135e6e74b3990b52c8/screenshot - {}
RESULT: {"script":"<script> [1562 bytes]","args":[{"selector":{"controlType":"sap.m.Button","viewName":"etm.portal.ui.managerequests.view.Detail","properties":{"text":"Close"},"searchOpenDialogs":true,"interaction":{"idSuffix":"BDI-content"}},"wdio_ui5_key":"etmportal.ui.managerequests.view.Detailsap.m.Button{\"text\":\"Close\"}"}]}
RESULT: undefined
COMMAND: POST /session/e957c6d77c4c3b135e6e74b3990b52c8/element - {"using":"xpath","value":"//*[@id=\"__button145\"]"}
RESULT: {}
RESULT: {"using":"xpath","value":"//*[@id=\"__button145\"]"}
COMMAND: POST /session/e957c6d77c4c3b135e6e74b3990b52c8/element/f.3C6AD4412E448D85C093D3308860BAAC.d.3C92F9FD28AC22127CE82FB34FD10F70.e.5724/click - {}
RESULT: {}
COMMAND: POST /session/e957c6d77c4c3b135e6e74b3990b52c8/execute/async - {"script":"<script> [1562 bytes]","args":[{"selector":{"controlType":"sap.ui.core.Icon","viewName":"etm.portal.ui.managerequests.view.Detail","properties":{"src":{"regex":{"source":"date\\-time"}}},"ancestor":{"controlType":"sap.m.ColumnListItem","viewName":"etm.portal.ui.managerequests.view.Detail","bindingPath":{"path":"/SmartRequestItemsPlanningBoard(ITEM=20m,REQUEST='20072')"},"ancestor":{"id":"requestItemsTable","viewName":"etm.portal.ui.managerequests.view.Detail"}}},"wdio_ui5_key":"etmportal.ui.managerequests.view.Detailsap.ui.core.Icon{\"src\":{\"regex\":{\"source\":\"date\\\\-time\"}}}{\"controlType\":\"sap.m.ColumnListItem\",\"viewName\":\"etm.portal.ui.managerequests.view.Detail\",\"bindingPath\":{\"path\":\"/SmartRequestItemsPlanningBoard(ITEM=20m,REQUEST='20072')\"},\"ancestor\":{\"id\":\"requestItemsTable\",\"viewName\":\"etm.portal.ui.managerequests.view.Detail\"}}"}]}
COMMAND: GET /session/e957c6d77c4c3b135e6e74b3990b52c8/screenshot - {}
RESULT: {"script":"<script> [1562 bytes]","args":[{"selector":{"controlType":"sap.ui.core.Icon","viewName":"etm.portal.ui.managerequests.view.Detail","properties":{"src":{"regex":{"source":"date\\-time"}}},"ancestor":{"controlType":"sap.m.ColumnListItem","viewName":"etm.portal.ui.managerequests.view.Detail","bindingPath":{"path":"/SmartRequestItemsPlanningBoard(ITEM=20m,REQUEST='20072')"},"ancestor":{"id":"requestItemsTable","viewName":"etm.portal.ui.managerequests.view.Detail"}}},"wdio_ui5_key":"etmportal.ui.managerequests.view.Detailsap.ui.core.Icon{\"src\":{\"regex\":{\"source\":\"date\\\\-time\"}}}{\"controlType\":\"sap.m.ColumnListItem\",\"viewName\":\"etm.portal.ui.managerequests.view.Detail\",\"bindingPath\":{\"path\":\"/SmartRequestItemsPlanningBoard(ITEM=20m,REQUEST='20072')\"},\"ancestor\":{\"id\":\"requestItemsTable\",\"viewName\":\"etm.portal.ui.managerequests.view.Detail\"}}"}]}
RESULT: undefined
COMMAND: POST /session/e957c6d77c4c3b135e6e74b3990b52c8/element - {"using":"xpath","value":"//*[@id=\"__button135-__clone3921-img\"]"}
RESULT: {}
RESULT: {"using":"xpath","value":"//*[@id=\"__button135-__clone3921-img\"]"}
COMMAND: POST /session/e957c6d77c4c3b135e6e74b3990b52c8/element/f.3C6AD4412E448D85C093D3308860BAAC.d.3C92F9FD28AC22127CE82FB34FD10F70.e.5731/click - {}
RESULT: {}
RESULT: undefined
COMMAND: POST /session/e957c6d77c4c3b135e6e74b3990b52c8/element - {"using":"xpath","value":"//*[@id=\"__button145\"]"}
COMMAND: GET /session/e957c6d77c4c3b135e6e74b3990b52c8/screenshot - {}
RESULT: {"using":"xpath","value":"//*[@id=\"__button145\"]"}
COMMAND: POST /session/e957c6d77c4c3b135e6e74b3990b52c8/elements - {"using":"xpath","value":"//*[@id=\"__button145\"]"}
RESULT: {"using":"xpath","value":"//*[@id=\"__button145\"]"}
RESULT: {}
COMMAND: POST /session/e957c6d77c4c3b135e6e74b3990b52c8/elements - {"using":"xpath","value":"//*[@id=\"__button145\"]"}
RESULT: {"using":"xpath","value":"//*[@id=\"__button145\"]"}
COMMAND: POST /session/e957c6d77c4c3b135e6e74b3990b52c8/element - {"using":"xpath","value":"//*[@id=\"__button145\"]"}
RESULT: {"using":"xpath","value":"//*[@id=\"__button145\"]"}
COMMAND: POST /session/e957c6d77c4c3b135e6e74b3990b52c8/element/f.3C6AD4412E448D85C093D3308860BAAC.d.3C92F9FD28AC22127CE82FB34FD10F70.e.5735/click - {}
RESULT: {}
COMMAND: POST /session/e957c6d77c4c3b135e6e74b3990b52c8/element - {"using":"css selector","value":"#shell-header-logo"}
COMMAND: GET /session/e957c6d77c4c3b135e6e74b3990b52c8/screenshot - {}
RESULT: {"using":"css selector","value":"#shell-header-logo"}
COMMAND: POST /session/e957c6d77c4c3b135e6e74b3990b52c8/element/f.3C6AD4412E448D85C093D3308860BAAC.d.3C92F9FD28AC22127CE82FB34FD10F70.e.5061/click - {}
RESULT: {}
RESULT: {}
COMMAND: GET /session/e957c6d77c4c3b135e6e74b3990b52c8/screenshot - {}
RESULT: {}
]]></system-out>
    </testcase>
    <testcase classname="chrome.137_0_7151_69.windows.Standard_contract_-_add_contract_items_by_Insert_Request_US118222" name="Should insert the request into the contract" time="63.534">
      <system-out><![CDATA[
RESULT: undefined
COMMAND: POST /session/e957c6d77c4c3b135e6e74b3990b52c8/element - {"using":"xpath","value":"//*[@id=\"__tile132\"]"}
RESULT: {"using":"xpath","value":"//*[@id=\"__tile132\"]"}
COMMAND: POST /session/e957c6d77c4c3b135e6e74b3990b52c8/element/f.3C6AD4412E448D85C093D3308860BAAC.d.3C92F9FD28AC22127CE82FB34FD10F70.e.4587/click - {}
RESULT: {}
COMMAND: GET /session/e957c6d77c4c3b135e6e74b3990b52c8/screenshot - {}
RESULT: {}
COMMAND: POST /session/e957c6d77c4c3b135e6e74b3990b52c8/elements - {"using":"xpath","value":"//span[text()='Error']"}
RESULT: {"using":"xpath","value":"//span[text()='Error']"}
COMMAND: POST /session/e957c6d77c4c3b135e6e74b3990b52c8/execute/async - {"script":"<script> [1562 bytes]","args":[{"selector":{"controlType":"sap.m.SearchField","viewName":"etm.portal.ui.managecontracts.view.Master","bindingPath":{"path":"","propertyPath":"/_BASIC_SEARCH_FIELD","modelName":"fi1t3rM0d31"},"interaction":{"idSuffix":"I"}},"wdio_ui5_key":"etmportal.ui.managecontracts.view.Mastersap.m.SearchField{\"path\":\"\",\"propertyPath\":\"/_BASIC_SEARCH_FIELD\",\"modelName\":\"fi1t3rM0d31\"}"}]}
RESULT: {"script":"<script> [1562 bytes]","args":[{"selector":{"controlType":"sap.m.SearchField","viewName":"etm.portal.ui.managecontracts.view.Master","bindingPath":{"path":"","propertyPath":"/_BASIC_SEARCH_FIELD","modelName":"fi1t3rM0d31"},"interaction":{"idSuffix":"I"}},"wdio_ui5_key":"etmportal.ui.managecontracts.view.Mastersap.m.SearchField{\"path\":\"\",\"propertyPath\":\"/_BASIC_SEARCH_FIELD\",\"modelName\":\"fi1t3rM0d31\"}"}]}
RESULT: undefined
COMMAND: POST /session/e957c6d77c4c3b135e6e74b3990b52c8/execute/async - {"script":"<script> [776 bytes]","args":[{"enterText":"10132","selector":{"controlType":"sap.m.SearchField","viewName":"etm.portal.ui.managecontracts.view.Master","bindingPath":{"path":"","propertyPath":"/_BASIC_SEARCH_FIELD","modelName":"fi1t3rM0d31"},"interaction":{"idSuffix":"I"}},"clearTextFirst":true,"interactionType":"ENTER_TEXT"}]}
RESULT: {"script":"<script> [776 bytes]","args":[{"enterText":"10132","selector":{"controlType":"sap.m.SearchField","viewName":"etm.portal.ui.managecontracts.view.Master","bindingPath":{"path":"","propertyPath":"/_BASIC_SEARCH_FIELD","modelName":"fi1t3rM0d31"},"interaction":{"idSuffix":"I"}},"clearTextFirst":true,"interactionType":"ENTER_TEXT"}]}
COMMAND: POST /session/e957c6d77c4c3b135e6e74b3990b52c8/actions - {"actions":[{"id":"action31","type":"key","parameters":{},"actions":[{"type":"keyDown","value":"î€‡"},{"type":"pause","duration":10},{"type":"keyUp","value":"î€‡"}]}]}
RESULT: {"actions":[{"id":"action31","type":"key","parameters":{},"actions":[{"type":"keyDown","value":"î€‡"},{"type":"pause","duration":10},{"type":"keyUp","value":"î€‡"}]}]}
COMMAND: GET /session/e957c6d77c4c3b135e6e74b3990b52c8/screenshot - {}
RESULT: {}
COMMAND: POST /session/e957c6d77c4c3b135e6e74b3990b52c8/execute/async - {"script":"<script> [1562 bytes]","args":[{"selector":{"controlType":"sap.ui.core.Icon","viewName":"etm.portal.ui.managecontracts.view.Master","properties":{"src":{"regex":{"source":"slim\\-arrow\\-right"}}}},"wdio_ui5_key":"etmportal.ui.managecontracts.view.Mastersap.ui.core.Icon{\"src\":{\"regex\":{\"source\":\"slim\\\\-arrow\\\\-right\"}}}"}]}
RESULT: {"script":"<script> [1562 bytes]","args":[{"selector":{"controlType":"sap.ui.core.Icon","viewName":"etm.portal.ui.managecontracts.view.Master","properties":{"src":{"regex":{"source":"slim\\-arrow\\-right"}}}},"wdio_ui5_key":"etmportal.ui.managecontracts.view.Mastersap.ui.core.Icon{\"src\":{\"regex\":{\"source\":\"slim\\\\-arrow\\\\-right\"}}}"}]}
RESULT: undefined
COMMAND: POST /session/e957c6d77c4c3b135e6e74b3990b52c8/element - {"using":"xpath","value":"//*[@id=\"__item1133-__clone4024-imgNav\"]"}
RESULT: {"using":"xpath","value":"//*[@id=\"__item1133-__clone4024-imgNav\"]"}
COMMAND: POST /session/e957c6d77c4c3b135e6e74b3990b52c8/element/f.3C6AD4412E448D85C093D3308860BAAC.d.3C92F9FD28AC22127CE82FB34FD10F70.e.5848/click - {}
RESULT: {}
COMMAND: POST /session/e957c6d77c4c3b135e6e74b3990b52c8/execute/async - {"script":"<script> [1562 bytes]","args":[{"selector":{"id":"addRequestItemBtn","viewName":"etm.portal.ui.managecontracts.view.Detail","interaction":{"idSuffix":"BDI-content"}},"wdio_ui5_key":"addRequestItemBtnetmportal.ui.managecontracts.view.Detail"}]}
COMMAND: GET /session/e957c6d77c4c3b135e6e74b3990b52c8/screenshot - {}
RESULT: {"script":"<script> [1562 bytes]","args":[{"selector":{"id":"addRequestItemBtn","viewName":"etm.portal.ui.managecontracts.view.Detail","interaction":{"idSuffix":"BDI-content"}},"wdio_ui5_key":"addRequestItemBtnetmportal.ui.managecontracts.view.Detail"}]}
RESULT: undefined
COMMAND: POST /session/e957c6d77c4c3b135e6e74b3990b52c8/element - {"using":"xpath","value":"//*[@id=\"__xmlview65--addRequestItemBtn\"]"}
RESULT: {}
RESULT: {"using":"xpath","value":"//*[@id=\"__xmlview65--addRequestItemBtn\"]"}
COMMAND: POST /session/e957c6d77c4c3b135e6e74b3990b52c8/element/f.3C6AD4412E448D85C093D3308860BAAC.d.3C92F9FD28AC22127CE82FB34FD10F70.e.5967/click - {}
RESULT: {}
COMMAND: GET /session/e957c6d77c4c3b135e6e74b3990b52c8/screenshot - {}
RESULT: {}
COMMAND: POST /session/e957c6d77c4c3b135e6e74b3990b52c8/element - {"using":"xpath","value":"//div[contains(@id ,\"popupRequestTable-sa-CbBg\")]"}
RESULT: {"using":"xpath","value":"//div[contains(@id ,\"popupRequestTable-sa-CbBg\")]"}
COMMAND: POST /session/e957c6d77c4c3b135e6e74b3990b52c8/element/f.3C6AD4412E448D85C093D3308860BAAC.d.3C92F9FD28AC22127CE82FB34FD10F70.e.5999/click - {}
RESULT: {}
COMMAND: GET /session/e957c6d77c4c3b135e6e74b3990b52c8/screenshot - {}
RESULT: {}
COMMAND: POST /session/e957c6d77c4c3b135e6e74b3990b52c8/execute/async - {"script":"<script> [1562 bytes]","args":[{"selector":{"controlType":"sap.m.Button","viewName":"etm.portal.ui.managecontracts.view.Detail","i18NText":{"propertyName":"text","key":"selectionDone"},"searchOpenDialogs":true,"interaction":{"idSuffix":"BDI-content"}},"wdio_ui5_key":"etmportal.ui.managecontracts.view.Detailsap.m.Button{\"propertyName\":\"text\",\"key\":\"selectionDone\"}"}]}
RESULT: {"script":"<script> [1562 bytes]","args":[{"selector":{"controlType":"sap.m.Button","viewName":"etm.portal.ui.managecontracts.view.Detail","i18NText":{"propertyName":"text","key":"selectionDone"},"searchOpenDialogs":true,"interaction":{"idSuffix":"BDI-content"}},"wdio_ui5_key":"etmportal.ui.managecontracts.view.Detailsap.m.Button{\"propertyName\":\"text\",\"key\":\"selectionDone\"}"}]}
RESULT: undefined
COMMAND: POST /session/e957c6d77c4c3b135e6e74b3990b52c8/element - {"using":"xpath","value":"//*[@id=\"__button156\"]"}
RESULT: {"using":"xpath","value":"//*[@id=\"__button156\"]"}
COMMAND: POST /session/e957c6d77c4c3b135e6e74b3990b52c8/element/f.3C6AD4412E448D85C093D3308860BAAC.d.3C92F9FD28AC22127CE82FB34FD10F70.e.6001/click - {}
RESULT: {}
COMMAND: POST /session/e957c6d77c4c3b135e6e74b3990b52c8/execute/async - {"script":"<script> [1562 bytes]","args":[{"selector":{"controlType":"sap.m.Text","properties":{"text":"Started processing request items into the contract."},"searchOpenDialogs":true},"wdio_ui5_key":"sapm.Text{\"text\":\"Started processing request items into the contract.\"}"}]}
COMMAND: GET /session/e957c6d77c4c3b135e6e74b3990b52c8/screenshot - {}
RESULT: {"script":"<script> [1562 bytes]","args":[{"selector":{"controlType":"sap.m.Text","properties":{"text":"Started processing request items into the contract."},"searchOpenDialogs":true},"wdio_ui5_key":"sapm.Text{\"text\":\"Started processing request items into the contract.\"}"}]}
RESULT: undefined
COMMAND: POST /session/e957c6d77c4c3b135e6e74b3990b52c8/execute/async - {"script":"<script> [6424 bytes]","args":[{"element-6066-11e4-a52e-4f735466cecf":"f.3C6AD4412E448D85C093D3308860BAAC.d.3C92F9FD28AC22127CE82FB34FD10F70.e.6003"},"getText",[]]}
RESULT: {}
RESULT: {"script":"<script> [6424 bytes]","args":[{"element-6066-11e4-a52e-4f735466cecf":"f.3C6AD4412E448D85C093D3308860BAAC.d.3C92F9FD28AC22127CE82FB34FD10F70.e.6003"},"getText",[]]}
COMMAND: POST /session/e957c6d77c4c3b135e6e74b3990b52c8/execute/async - {"script":"<script> [1562 bytes]","args":[{"selector":{"controlType":"sap.m.Button","properties":{"text":"OK"},"searchOpenDialogs":true,"interaction":{"idSuffix":"inner"}},"wdio_ui5_key":"sapm.Button{\"text\":\"OK\"}"}]}
RESULT: {"script":"<script> [1562 bytes]","args":[{"selector":{"controlType":"sap.m.Button","properties":{"text":"OK"},"searchOpenDialogs":true,"interaction":{"idSuffix":"inner"}},"wdio_ui5_key":"sapm.Button{\"text\":\"OK\"}"}]}
RESULT: undefined
COMMAND: POST /session/e957c6d77c4c3b135e6e74b3990b52c8/element - {"using":"xpath","value":"//*[@id=\"__mbox-btn-5\"]"}
RESULT: {"using":"xpath","value":"//*[@id=\"__mbox-btn-5\"]"}
COMMAND: POST /session/e957c6d77c4c3b135e6e74b3990b52c8/element/f.3C6AD4412E448D85C093D3308860BAAC.d.3C92F9FD28AC22127CE82FB34FD10F70.e.6002/click - {}
RESULT: {}
COMMAND: POST /session/e957c6d77c4c3b135e6e74b3990b52c8/execute/async - {"script":"<script> [1562 bytes]","args":[{"selector":{"id":"headerBillingItemsTabFilter","viewName":"etm.portal.ui.managecontracts.view.Detail","interaction":{"idSuffix":"text"}},"wdio_ui5_key":"headerBillingItemsTabFilteretmportal.ui.managecontracts.view.Detail"}]}
COMMAND: GET /session/e957c6d77c4c3b135e6e74b3990b52c8/screenshot - {}
RESULT: {"script":"<script> [1562 bytes]","args":[{"selector":{"id":"headerBillingItemsTabFilter","viewName":"etm.portal.ui.managecontracts.view.Detail","interaction":{"idSuffix":"text"}},"wdio_ui5_key":"headerBillingItemsTabFilteretmportal.ui.managecontracts.view.Detail"}]}
RESULT: undefined
COMMAND: POST /session/e957c6d77c4c3b135e6e74b3990b52c8/element - {"using":"xpath","value":"//*[@id=\"__xmlview65--headerBillingItemsTabFilter\"]"}
RESULT: {}
RESULT: {"using":"xpath","value":"//*[@id=\"__xmlview65--headerBillingItemsTabFilter\"]"}
COMMAND: POST /session/e957c6d77c4c3b135e6e74b3990b52c8/element/f.3C6AD4412E448D85C093D3308860BAAC.d.3C92F9FD28AC22127CE82FB34FD10F70.e.6013/click - {}
RESULT: {}
COMMAND: GET /session/e957c6d77c4c3b135e6e74b3990b52c8/screenshot - {}
RESULT: {}
COMMAND: POST /session/e957c6d77c4c3b135e6e74b3990b52c8/execute/async - {"script":"<script> [1562 bytes]","args":[{"selector":{"controlType":"sap.ui.core.Icon","viewName":"etm.portal.ui.managecontracts.view.Detail","properties":{"src":{"regex":{"source":"synchronize"}}}},"wdio_ui5_key":"etmportal.ui.managecontracts.view.Detailsap.ui.core.Icon{\"src\":{\"regex\":{\"source\":\"synchronize\"}}}"}]}
RESULT: {"script":"<script> [1562 bytes]","args":[{"selector":{"controlType":"sap.ui.core.Icon","viewName":"etm.portal.ui.managecontracts.view.Detail","properties":{"src":{"regex":{"source":"synchronize"}}}},"wdio_ui5_key":"etmportal.ui.managecontracts.view.Detailsap.ui.core.Icon{\"src\":{\"regex\":{\"source\":\"synchronize\"}}}"}]}
RESULT: undefined
COMMAND: POST /session/e957c6d77c4c3b135e6e74b3990b52c8/element - {"using":"xpath","value":"//*[@id=\"__xmlview65--btnToggleUpdate-img\"]"}
RESULT: {"using":"xpath","value":"//*[@id=\"__xmlview65--btnToggleUpdate-img\"]"}
COMMAND: POST /session/e957c6d77c4c3b135e6e74b3990b52c8/element/f.3C6AD4412E448D85C093D3308860BAAC.d.3C92F9FD28AC22127CE82FB34FD10F70.e.6017/click - {}
RESULT: {}
COMMAND: GET /session/e957c6d77c4c3b135e6e74b3990b52c8/screenshot - {}
RESULT: {}
RESULT: undefined
COMMAND: POST /session/e957c6d77c4c3b135e6e74b3990b52c8/element - {"using":"xpath","value":"//*[@id=\"__xmlview65--headerBillingItemsTabFilter\"]"}
RESULT: {"using":"xpath","value":"//*[@id=\"__xmlview65--headerBillingItemsTabFilter\"]"}
COMMAND: POST /session/e957c6d77c4c3b135e6e74b3990b52c8/element/f.3C6AD4412E448D85C093D3308860BAAC.d.3C92F9FD28AC22127CE82FB34FD10F70.e.6013/click - {}
RESULT: {}
COMMAND: POST /session/e957c6d77c4c3b135e6e74b3990b52c8/execute/async - {"script":"<script> [1562 bytes]","args":[{"selector":{"controlType":"sap.m.Title","viewName":"etm.portal.ui.managecontracts.view.Detail","properties":{"text":"Contract Items (2)"}},"wdio_ui5_key":"etmportal.ui.managecontracts.view.Detailsap.m.Title{\"text\":\"Contract Items (2)\"}"}]}
COMMAND: GET /session/e957c6d77c4c3b135e6e74b3990b52c8/screenshot - {}
RESULT: {"script":"<script> [1562 bytes]","args":[{"selector":{"controlType":"sap.m.Title","viewName":"etm.portal.ui.managecontracts.view.Detail","properties":{"text":"Contract Items (2)"}},"wdio_ui5_key":"etmportal.ui.managecontracts.view.Detailsap.m.Title{\"text\":\"Contract Items (2)\"}"}]}
RESULT: undefined
COMMAND: POST /session/e957c6d77c4c3b135e6e74b3990b52c8/execute/async - {"script":"<script> [6424 bytes]","args":[{"element-6066-11e4-a52e-4f735466cecf":"f.3C6AD4412E448D85C093D3308860BAAC.d.3C92F9FD28AC22127CE82FB34FD10F70.e.6023"},"getText",[]]}
RESULT: {}
RESULT: {"script":"<script> [6424 bytes]","args":[{"element-6066-11e4-a52e-4f735466cecf":"f.3C6AD4412E448D85C093D3308860BAAC.d.3C92F9FD28AC22127CE82FB34FD10F70.e.6023"},"getText",[]]}
COMMAND: POST /session/e957c6d77c4c3b135e6e74b3990b52c8/execute/async - {"script":"<script> [1562 bytes]","args":[{"selector":{"controlType":"sap.m.ObjectStatus","viewName":"etm.portal.ui.managecontracts.view.Detail","bindingPath":{"path":"/SmartContractItems(CONTRACT='10132',ITEM=10m,SUB_ITEM=0m)","propertyPath":"STATUS"}},"wdio_ui5_key":"etmportal.ui.managecontracts.view.Detailsap.m.ObjectStatus{\"path\":\"/SmartContractItems(CONTRACT='10132',ITEM=10m,SUB_ITEM=0m)\",\"propertyPath\":\"STATUS\"}"}]}
RESULT: {"script":"<script> [1562 bytes]","args":[{"selector":{"controlType":"sap.m.ObjectStatus","viewName":"etm.portal.ui.managecontracts.view.Detail","bindingPath":{"path":"/SmartContractItems(CONTRACT='10132',ITEM=10m,SUB_ITEM=0m)","propertyPath":"STATUS"}},"wdio_ui5_key":"etmportal.ui.managecontracts.view.Detailsap.m.ObjectStatus{\"path\":\"/SmartContractItems(CONTRACT='10132',ITEM=10m,SUB_ITEM=0m)\",\"propertyPath\":\"STATUS\"}"}]}
RESULT: undefined
COMMAND: POST /session/e957c6d77c4c3b135e6e74b3990b52c8/execute/async - {"script":"<script> [6424 bytes]","args":[{"element-6066-11e4-a52e-4f735466cecf":"f.3C6AD4412E448D85C093D3308860BAAC.d.3C92F9FD28AC22127CE82FB34FD10F70.e.6025"},"getText",[]]}
RESULT: {"script":"<script> [6424 bytes]","args":[{"element-6066-11e4-a52e-4f735466cecf":"f.3C6AD4412E448D85C093D3308860BAAC.d.3C92F9FD28AC22127CE82FB34FD10F70.e.6025"},"getText",[]]}
COMMAND: POST /session/e957c6d77c4c3b135e6e74b3990b52c8/execute/async - {"script":"<script> [1562 bytes]","args":[{"selector":{"controlType":"sap.m.ObjectStatus","viewName":"etm.portal.ui.managecontracts.view.Detail","bindingPath":{"path":"/SmartContractItems(CONTRACT='10132',ITEM=20m,SUB_ITEM=0m)","propertyPath":"STATUS"}},"wdio_ui5_key":"etmportal.ui.managecontracts.view.Detailsap.m.ObjectStatus{\"path\":\"/SmartContractItems(CONTRACT='10132',ITEM=20m,SUB_ITEM=0m)\",\"propertyPath\":\"STATUS\"}"}]}
RESULT: {"script":"<script> [1562 bytes]","args":[{"selector":{"controlType":"sap.m.ObjectStatus","viewName":"etm.portal.ui.managecontracts.view.Detail","bindingPath":{"path":"/SmartContractItems(CONTRACT='10132',ITEM=20m,SUB_ITEM=0m)","propertyPath":"STATUS"}},"wdio_ui5_key":"etmportal.ui.managecontracts.view.Detailsap.m.ObjectStatus{\"path\":\"/SmartContractItems(CONTRACT='10132',ITEM=20m,SUB_ITEM=0m)\",\"propertyPath\":\"STATUS\"}"}]}
RESULT: undefined
COMMAND: POST /session/e957c6d77c4c3b135e6e74b3990b52c8/execute/async - {"script":"<script> [6424 bytes]","args":[{"element-6066-11e4-a52e-4f735466cecf":"f.3C6AD4412E448D85C093D3308860BAAC.d.3C92F9FD28AC22127CE82FB34FD10F70.e.6026"},"getText",[]]}
RESULT: {"script":"<script> [6424 bytes]","args":[{"element-6066-11e4-a52e-4f735466cecf":"f.3C6AD4412E448D85C093D3308860BAAC.d.3C92F9FD28AC22127CE82FB34FD10F70.e.6026"},"getText",[]]}
]]></system-out>
    </testcase>
  </testsuite>
  <testsuite timestamp="2025-06-12T18:11:06" time="67.209" tests="1" failures="1" errors="1" skipped="0">
    <properties>
      <property name="specId" value="0" />
      <property name="suiteName" value="Manage contracts - revert request US152962" />
      <property name="capabilities" value="chrome.137_0_7151_69.windows" />
      <property name="file" value="file:///D:/a/1/s/test/specs/R2C/manage-contracts-revert-request.spec.js" />
    </properties>
  </testsuite>
  <testsuite timestamp="2025-06-12T18:12:13" time="193.103" tests="4" failures="3" errors="3" skipped="0">
    <properties>
      <property name="specId" value="0" />
      <property name="suiteName" value="Standard contract close-reopen US111278" />
      <property name="capabilities" value="chrome.137_0_7151_69.windows" />
      <property name="file" value="file:///D:/a/1/s/test/specs/R2C/standard-contract-close-reopen.spec.js" />
    </properties>
    <testcase classname="chrome.137_0_7151_69.windows.Standard_contract_close-reopen_US111278" name="Should create a new contract and add an item" time="157.58">
      <system-out><![CDATA[
COMMAND: POST /session/e957c6d77c4c3b135e6e74b3990b52c8/execute/async - {"script":"<script> [1562 bytes]","args":[{"selector":{"controlType":"sap.m.GenericTile","properties":{"header":"Manage Contracts"}},"wdio_ui5_key":"sapm.GenericTile{\"header\":\"Manage Contracts\"}"}]}
RESULT: {"script":"<script> [1562 bytes]","args":[{"selector":{"controlType":"sap.m.GenericTile","properties":{"header":"Manage Contracts"}},"wdio_ui5_key":"sapm.GenericTile{\"header\":\"Manage Contracts\"}"}]}
RESULT: undefined
COMMAND: POST /session/e957c6d77c4c3b135e6e74b3990b52c8/element - {"using":"xpath","value":"//*[@id=\"__tile132\"]"}
RESULT: {"using":"xpath","value":"//*[@id=\"__tile132\"]"}
COMMAND: POST /session/e957c6d77c4c3b135e6e74b3990b52c8/element/f.3C6AD4412E448D85C093D3308860BAAC.d.21E8C7F7E1A134EBB4E5FCF1567C9BAD.e.6397/click - {}
RESULT: {}
COMMAND: GET /session/e957c6d77c4c3b135e6e74b3990b52c8/screenshot - {}
RESULT: {}
COMMAND: POST /session/e957c6d77c4c3b135e6e74b3990b52c8/elements - {"using":"xpath","value":"//span[text()='Error']"}
RESULT: {"using":"xpath","value":"//span[text()='Error']"}
COMMAND: POST /session/e957c6d77c4c3b135e6e74b3990b52c8/element - {"using":"xpath","value":"//button[@data-kt=\"addButton\"]"}
RESULT: {"using":"xpath","value":"//button[@data-kt=\"addButton\"]"}
COMMAND: POST /session/e957c6d77c4c3b135e6e74b3990b52c8/element/f.3C6AD4412E448D85C093D3308860BAAC.d.21E8C7F7E1A134EBB4E5FCF1567C9BAD.e.6449/click - {}
RESULT: {}
COMMAND: GET /session/e957c6d77c4c3b135e6e74b3990b52c8/screenshot - {}
RESULT: {}
COMMAND: POST /session/e957c6d77c4c3b135e6e74b3990b52c8/execute/async - {"script":"<script> [1562 bytes]","args":[{"selector":{"id":"application-managecontracts-display-component---AddNewContract--projectDescription","interaction":{"idSuffix":"inner"}},"wdio_ui5_key":"applicationmanagecontracts-display-component---AddNewContract--projectDescription"}]}
RESULT: {"script":"<script> [1562 bytes]","args":[{"selector":{"id":"application-managecontracts-display-component---AddNewContract--projectDescription","interaction":{"idSuffix":"inner"}},"wdio_ui5_key":"applicationmanagecontracts-display-component---AddNewContract--projectDescription"}]}
RESULT: undefined
COMMAND: POST /session/e957c6d77c4c3b135e6e74b3990b52c8/execute/async - {"script":"<script> [776 bytes]","args":[{"enterText":"WdIOTestkrz4r","selector":{"id":"application-managecontracts-display-component---AddNewContract--projectDescription","interaction":{"idSuffix":"inner"}},"clearTextFirst":true,"interactionType":"ENTER_TEXT"}]}
RESULT: {"script":"<script> [776 bytes]","args":[{"enterText":"WdIOTestkrz4r","selector":{"id":"application-managecontracts-display-component---AddNewContract--projectDescription","interaction":{"idSuffix":"inner"}},"clearTextFirst":true,"interactionType":"ENTER_TEXT"}]}
COMMAND: POST /session/e957c6d77c4c3b135e6e74b3990b52c8/element - {"using":"xpath","value":"//input[@id=\"application-managecontracts-display-component---AddNewContract--yardId-inner\"]"}
RESULT: {"using":"xpath","value":"//input[@id=\"application-managecontracts-display-component---AddNewContract--yardId-inner\"]"}
COMMAND: POST /session/e957c6d77c4c3b135e6e74b3990b52c8/element/f.3C6AD4412E448D85C093D3308860BAAC.d.21E8C7F7E1A134EBB4E5FCF1567C9BAD.e.6716/clear - {}
RESULT: {}
COMMAND: POST /session/e957c6d77c4c3b135e6e74b3990b52c8/element/f.3C6AD4412E448D85C093D3308860BAAC.d.21E8C7F7E1A134EBB4E5FCF1567C9BAD.e.6716/value - {"text":"WebdriverYardyfcq2"}
COMMAND: GET /session/e957c6d77c4c3b135e6e74b3990b52c8/screenshot - {}
RESULT: {"text":"WebdriverYardyfcq2"}
COMMAND: GET /session/e957c6d77c4c3b135e6e74b3990b52c8/screenshot - {}
RESULT: {}
RESULT: {}
COMMAND: POST /session/e957c6d77c4c3b135e6e74b3990b52c8/actions - {"actions":[{"id":"action33","type":"key","parameters":{},"actions":[{"type":"keyDown","value":"î€‡"},{"type":"pause","duration":10},{"type":"keyUp","value":"î€‡"}]}]}
RESULT: {"actions":[{"id":"action33","type":"key","parameters":{},"actions":[{"type":"keyDown","value":"î€‡"},{"type":"pause","duration":10},{"type":"keyUp","value":"î€‡"}]}]}
COMMAND: GET /session/e957c6d77c4c3b135e6e74b3990b52c8/screenshot - {}
RESULT: {}
COMMAND: POST /session/e957c6d77c4c3b135e6e74b3990b52c8/element - {"using":"xpath","value":"//input[@id=\"application-managecontracts-display-component---AddNewContract--customerSelect-inner\"]"}
RESULT: {"using":"xpath","value":"//input[@id=\"application-managecontracts-display-component---AddNewContract--customerSelect-inner\"]"}
COMMAND: POST /session/e957c6d77c4c3b135e6e74b3990b52c8/element/f.3C6AD4412E448D85C093D3308860BAAC.d.21E8C7F7E1A134EBB4E5FCF1567C9BAD.e.6714/clear - {}
RESULT: {}
COMMAND: POST /session/e957c6d77c4c3b135e6e74b3990b52c8/element/f.3C6AD4412E448D85C093D3308860BAAC.d.21E8C7F7E1A134EBB4E5FCF1567C9BAD.e.6714/value - {"text":"WebdriverPartnervjykd"}
COMMAND: GET /session/e957c6d77c4c3b135e6e74b3990b52c8/screenshot - {}
RESULT: {"text":"WebdriverPartnervjykd"}
COMMAND: GET /session/e957c6d77c4c3b135e6e74b3990b52c8/screenshot - {}
RESULT: {}
RESULT: {}
COMMAND: POST /session/e957c6d77c4c3b135e6e74b3990b52c8/actions - {"actions":[{"id":"action34","type":"key","parameters":{},"actions":[{"type":"keyDown","value":"î€‡"},{"type":"pause","duration":10},{"type":"keyUp","value":"î€‡"}]}]}
RESULT: {"actions":[{"id":"action34","type":"key","parameters":{},"actions":[{"type":"keyDown","value":"î€‡"},{"type":"pause","duration":10},{"type":"keyUp","value":"î€‡"}]}]}
COMMAND: GET /session/e957c6d77c4c3b135e6e74b3990b52c8/screenshot - {}
RESULT: {}
COMMAND: POST /session/e957c6d77c4c3b135e6e74b3990b52c8/element - {"using":"xpath","value":"//input[@id=\"application-managecontracts-display-component---AddNewContract--site-inner\"]"}
RESULT: {"using":"xpath","value":"//input[@id=\"application-managecontracts-display-component---AddNewContract--site-inner\"]"}
COMMAND: POST /session/e957c6d77c4c3b135e6e74b3990b52c8/element/f.3C6AD4412E448D85C093D3308860BAAC.d.21E8C7F7E1A134EBB4E5FCF1567C9BAD.e.6715/clear - {}
RESULT: {}
COMMAND: POST /session/e957c6d77c4c3b135e6e74b3990b52c8/element/f.3C6AD4412E448D85C093D3308860BAAC.d.21E8C7F7E1A134EBB4E5FCF1567C9BAD.e.6715/value - {"text":"WebdriverSitetgtim"}
COMMAND: GET /session/e957c6d77c4c3b135e6e74b3990b52c8/screenshot - {}
RESULT: {"text":"WebdriverSitetgtim"}
COMMAND: GET /session/e957c6d77c4c3b135e6e74b3990b52c8/screenshot - {}
RESULT: {}
RESULT: {}
COMMAND: POST /session/e957c6d77c4c3b135e6e74b3990b52c8/actions - {"actions":[{"id":"action35","type":"key","parameters":{},"actions":[{"type":"keyDown","value":"î€‡"},{"type":"pause","duration":10},{"type":"keyUp","value":"î€‡"}]}]}
RESULT: {"actions":[{"id":"action35","type":"key","parameters":{},"actions":[{"type":"keyDown","value":"î€‡"},{"type":"pause","duration":10},{"type":"keyUp","value":"î€‡"}]}]}
COMMAND: GET /session/e957c6d77c4c3b135e6e74b3990b52c8/screenshot - {}
RESULT: {}
COMMAND: POST /session/e957c6d77c4c3b135e6e74b3990b52c8/element - {"using":"xpath","value":"//button[@data-kt=\"saveButton\"]"}
RESULT: {"using":"xpath","value":"//button[@data-kt=\"saveButton\"]"}
COMMAND: POST /session/e957c6d77c4c3b135e6e74b3990b52c8/element/f.3C6AD4412E448D85C093D3308860BAAC.d.21E8C7F7E1A134EBB4E5FCF1567C9BAD.e.6789/click - {}
RESULT: {}
COMMAND: GET /session/e957c6d77c4c3b135e6e74b3990b52c8/screenshot - {}
RESULT: {}
COMMAND: POST /session/e957c6d77c4c3b135e6e74b3990b52c8/execute/async - {"script":"<script> [1562 bytes]","args":[{"selector":{"id":"contractDetailTitleNoExpanded","viewName":"etm.portal.ui.managecontracts.view.Detail"},"wdio_ui5_key":"contractDetailTitleNoExpandedetmportal.ui.managecontracts.view.Detail"}]}
RESULT: {"script":"<script> [1562 bytes]","args":[{"selector":{"id":"contractDetailTitleNoExpanded","viewName":"etm.portal.ui.managecontracts.view.Detail"},"wdio_ui5_key":"contractDetailTitleNoExpandedetmportal.ui.managecontracts.view.Detail"}]}
RESULT: undefined
COMMAND: POST /session/e957c6d77c4c3b135e6e74b3990b52c8/execute/async - {"script":"<script> [6424 bytes]","args":[{"element-6066-11e4-a52e-4f735466cecf":"f.3C6AD4412E448D85C093D3308860BAAC.d.21E8C7F7E1A134EBB4E5FCF1567C9BAD.e.6870"},"getText",[]]}
RESULT: {"script":"<script> [6424 bytes]","args":[{"element-6066-11e4-a52e-4f735466cecf":"f.3C6AD4412E448D85C093D3308860BAAC.d.21E8C7F7E1A134EBB4E5FCF1567C9BAD.e.6870"},"getText",[]]}
COMMAND: POST /session/e957c6d77c4c3b135e6e74b3990b52c8/execute/async - {"script":"<script> [1562 bytes]","args":[{"selector":{"id":"closeContractBtn","viewName":"etm.portal.ui.managecontracts.view.Detail"},"wdio_ui5_key":"closeContractBtnetmportal.ui.managecontracts.view.Detail"}]}
RESULT: {"script":"<script> [1562 bytes]","args":[{"selector":{"id":"closeContractBtn","viewName":"etm.portal.ui.managecontracts.view.Detail"},"wdio_ui5_key":"closeContractBtnetmportal.ui.managecontracts.view.Detail"}]}
RESULT: undefined
COMMAND: POST /session/e957c6d77c4c3b135e6e74b3990b52c8/execute/async - {"script":"<script> [6424 bytes]","args":[{"element-6066-11e4-a52e-4f735466cecf":"f.3C6AD4412E448D85C093D3308860BAAC.d.21E8C7F7E1A134EBB4E5FCF1567C9BAD.e.6871"},"getEnabled",[]]}
RESULT: {"script":"<script> [6424 bytes]","args":[{"element-6066-11e4-a52e-4f735466cecf":"f.3C6AD4412E448D85C093D3308860BAAC.d.21E8C7F7E1A134EBB4E5FCF1567C9BAD.e.6871"},"getEnabled",[]]}
COMMAND: POST /session/e957c6d77c4c3b135e6e74b3990b52c8/element - {"using":"xpath","value":"//button[@data-kt=\"contractDetailEditBtnButton\"]"}
RESULT: {"using":"xpath","value":"//button[@data-kt=\"contractDetailEditBtnButton\"]"}
COMMAND: POST /session/e957c6d77c4c3b135e6e74b3990b52c8/element/f.3C6AD4412E448D85C093D3308860BAAC.d.21E8C7F7E1A134EBB4E5FCF1567C9BAD.e.6872/click - {}
RESULT: {}
COMMAND: GET /session/e957c6d77c4c3b135e6e74b3990b52c8/screenshot - {}
RESULT: {}
COMMAND: POST /session/e957c6d77c4c3b135e6e74b3990b52c8/element - {"using":"xpath","value":"(//span[contains(text(), \"Additional Addresses\")])[2]"}
RESULT: {"using":"xpath","value":"(//span[contains(text(), \"Additional Addresses\")])[2]"}
COMMAND: POST /session/e957c6d77c4c3b135e6e74b3990b52c8/element/f.3C6AD4412E448D85C093D3308860BAAC.d.21E8C7F7E1A134EBB4E5FCF1567C9BAD.e.6928/click - {}
RESULT: {}
COMMAND: GET /session/e957c6d77c4c3b135e6e74b3990b52c8/screenshot - {}
RESULT: {}
COMMAND: POST /session/e957c6d77c4c3b135e6e74b3990b52c8/element - {"using":"xpath","value":"//button[@data-kt=\"btnAddTableRowOverflowToolbarButton\"]"}
RESULT: {"using":"xpath","value":"//button[@data-kt=\"btnAddTableRowOverflowToolbarButton\"]"}
COMMAND: POST /session/e957c6d77c4c3b135e6e74b3990b52c8/element/f.3C6AD4412E448D85C093D3308860BAAC.d.21E8C7F7E1A134EBB4E5FCF1567C9BAD.e.6932/click - {}
RESULT: {}
COMMAND: GET /session/e957c6d77c4c3b135e6e74b3990b52c8/screenshot - {}
RESULT: {}
COMMAND: POST /session/e957c6d77c4c3b135e6e74b3990b52c8/element - {"using":"xpath","value":"//div[(text() = 'Standard Entry' or . = 'Standard Entry')]"}
RESULT: {"using":"xpath","value":"//div[(text() = 'Standard Entry' or . = 'Standard Entry')]"}
COMMAND: POST /session/e957c6d77c4c3b135e6e74b3990b52c8/element/f.3C6AD4412E448D85C093D3308860BAAC.d.21E8C7F7E1A134EBB4E5FCF1567C9BAD.e.6934/click - {}
RESULT: {}
COMMAND: POST /session/e957c6d77c4c3b135e6e74b3990b52c8/element - {"using":"xpath","value":"//td[6]/div/div/input[1]"}
COMMAND: GET /session/e957c6d77c4c3b135e6e74b3990b52c8/screenshot - {}
RESULT: {"using":"xpath","value":"//td[6]/div/div/input[1]"}
COMMAND: POST /session/e957c6d77c4c3b135e6e74b3990b52c8/element/f.3C6AD4412E448D85C093D3308860BAAC.d.21E8C7F7E1A134EBB4E5FCF1567C9BAD.e.6936/click - {}
RESULT: {}
RESULT: {}
COMMAND: POST /session/e957c6d77c4c3b135e6e74b3990b52c8/actions - {"actions":[{"id":"action36","type":"key","parameters":{},"actions":[{"type":"keyDown","value":"î€ƒ"},{"type":"pause","duration":10},{"type":"keyUp","value":"î€ƒ"}]}]}
COMMAND: GET /session/e957c6d77c4c3b135e6e74b3990b52c8/screenshot - {}
RESULT: {"actions":[{"id":"action36","type":"key","parameters":{},"actions":[{"type":"keyDown","value":"î€ƒ"},{"type":"pause","duration":10},{"type":"keyUp","value":"î€ƒ"}]}]}
COMMAND: POST /session/e957c6d77c4c3b135e6e74b3990b52c8/element - {"using":"xpath","value":"//td[6]/div/div/input[1]"}
COMMAND: GET /session/e957c6d77c4c3b135e6e74b3990b52c8/screenshot - {}
RESULT: {}
RESULT: {"using":"xpath","value":"//td[6]/div/div/input[1]"}
COMMAND: POST /session/e957c6d77c4c3b135e6e74b3990b52c8/element/f.3C6AD4412E448D85C093D3308860BAAC.d.21E8C7F7E1A134EBB4E5FCF1567C9BAD.e.6936/clear - {}
RESULT: {}
RESULT: {}
COMMAND: POST /session/e957c6d77c4c3b135e6e74b3990b52c8/element/f.3C6AD4412E448D85C093D3308860BAAC.d.21E8C7F7E1A134EBB4E5FCF1567C9BAD.e.6936/value - {"text":"Material"}
COMMAND: GET /session/e957c6d77c4c3b135e6e74b3990b52c8/screenshot - {}
RESULT: {"text":"Material"}
COMMAND: GET /session/e957c6d77c4c3b135e6e74b3990b52c8/screenshot - {}
RESULT: {}
RESULT: {}
COMMAND: POST /session/e957c6d77c4c3b135e6e74b3990b52c8/actions - {"actions":[{"id":"action37","type":"key","parameters":{},"actions":[{"type":"keyDown","value":"î€‡"},{"type":"pause","duration":10},{"type":"keyUp","value":"î€‡"}]}]}
RESULT: {"actions":[{"id":"action37","type":"key","parameters":{},"actions":[{"type":"keyDown","value":"î€‡"},{"type":"pause","duration":10},{"type":"keyUp","value":"î€‡"}]}]}
COMMAND: GET /session/e957c6d77c4c3b135e6e74b3990b52c8/screenshot - {}
RESULT: {}
COMMAND: POST /session/e957c6d77c4c3b135e6e74b3990b52c8/actions - {"actions":[{"id":"action38","type":"key","parameters":{},"actions":[{"type":"keyDown","value":"î€‡"},{"type":"pause","duration":10},{"type":"keyUp","value":"î€‡"}]}]}
RESULT: {"actions":[{"id":"action38","type":"key","parameters":{},"actions":[{"type":"keyDown","value":"î€‡"},{"type":"pause","duration":10},{"type":"keyUp","value":"î€‡"}]}]}
COMMAND: POST /session/e957c6d77c4c3b135e6e74b3990b52c8/element - {"using":"xpath","value":"//td[7]/div/div/input"}
COMMAND: GET /session/e957c6d77c4c3b135e6e74b3990b52c8/screenshot - {}
RESULT: {"using":"xpath","value":"//td[7]/div/div/input"}
COMMAND: POST /session/e957c6d77c4c3b135e6e74b3990b52c8/element/f.3C6AD4412E448D85C093D3308860BAAC.d.21E8C7F7E1A134EBB4E5FCF1567C9BAD.e.6949/clear - {}
RESULT: {}
RESULT: {}
COMMAND: POST /session/e957c6d77c4c3b135e6e74b3990b52c8/element/f.3C6AD4412E448D85C093D3308860BAAC.d.21E8C7F7E1A134EBB4E5FCF1567C9BAD.e.6949/value - {"text":"WebdriverMatTestntak3l"}
COMMAND: GET /session/e957c6d77c4c3b135e6e74b3990b52c8/screenshot - {}
RESULT: {"text":"WebdriverMatTestntak3l"}
COMMAND: GET /session/e957c6d77c4c3b135e6e74b3990b52c8/screenshot - {}
RESULT: {}
RESULT: {}
COMMAND: POST /session/e957c6d77c4c3b135e6e74b3990b52c8/actions - {"actions":[{"id":"action39","type":"key","parameters":{},"actions":[{"type":"keyDown","value":"î€‡"},{"type":"pause","duration":10},{"type":"keyUp","value":"î€‡"}]}]}
RESULT: {"actions":[{"id":"action39","type":"key","parameters":{},"actions":[{"type":"keyDown","value":"î€‡"},{"type":"pause","duration":10},{"type":"keyUp","value":"î€‡"}]}]}
COMMAND: GET /session/e957c6d77c4c3b135e6e74b3990b52c8/screenshot - {}
RESULT: {}
COMMAND: POST /session/e957c6d77c4c3b135e6e74b3990b52c8/actions - {"actions":[{"id":"action40","type":"key","parameters":{},"actions":[{"type":"keyDown","value":"î€‡"},{"type":"pause","duration":10},{"type":"keyUp","value":"î€‡"}]}]}
RESULT: {"actions":[{"id":"action40","type":"key","parameters":{},"actions":[{"type":"keyDown","value":"î€‡"},{"type":"pause","duration":10},{"type":"keyUp","value":"î€‡"}]}]}
COMMAND: GET /session/e957c6d77c4c3b135e6e74b3990b52c8/screenshot - {}
RESULT: {}
COMMAND: POST /session/e957c6d77c4c3b135e6e74b3990b52c8/element - {"using":"xpath","value":"(//button[@data-kt=\"saveButton\"])[2]"}
RESULT: {"using":"xpath","value":"(//button[@data-kt=\"saveButton\"])[2]"}
COMMAND: POST /session/e957c6d77c4c3b135e6e74b3990b52c8/element/f.3C6AD4412E448D85C093D3308860BAAC.d.21E8C7F7E1A134EBB4E5FCF1567C9BAD.e.6975/click - {}
RESULT: {}
COMMAND: GET /session/e957c6d77c4c3b135e6e74b3990b52c8/screenshot - {}
RESULT: {}
]]></system-out>
    </testcase>
  </testsuite>
  <testsuite timestamp="2025-06-12T18:15:26" time="102.041" tests="1" failures="1" errors="1" skipped="0">
    <properties>
      <property name="specId" value="0" />
      <property name="suiteName" value="Standard contract decline US151279" />
      <property name="capabilities" value="chrome.137_0_7151_69.windows" />
      <property name="file" value="file:///D:/a/1/s/test/specs/R2C/standard-contract-decline.spec.js" />
    </properties>
  </testsuite>
  <testsuite timestamp="2025-06-12T18:17:08" time="187.671" tests="2" failures="0" errors="0" skipped="0">
    <properties>
      <property name="specId" value="0" />
      <property name="suiteName" value="Insert service into a contract US152956" />
      <property name="capabilities" value="chrome.137_0_7151_69.windows" />
      <property name="file" value="file:///D:/a/1/s/test/specs/R2C/insert-service-into-a-contract.spec.js" />
    </properties>
    <testcase classname="chrome.137_0_7151_69.windows.Insert_service_into_a_contract_US152956" name="Should create a new contract" time="101.342">
      <system-out><![CDATA[
RESULT: undefined
COMMAND: POST /session/e957c6d77c4c3b135e6e74b3990b52c8/element - {"using":"xpath","value":"//*[@id=\"__tile132\"]"}
RESULT: {"using":"xpath","value":"//*[@id=\"__tile132\"]"}
COMMAND: POST /session/e957c6d77c4c3b135e6e74b3990b52c8/element/f.3C6AD4412E448D85C093D3308860BAAC.d.21E8C7F7E1A134EBB4E5FCF1567C9BAD.e.6397/click - {}
RESULT: {}
COMMAND: GET /session/e957c6d77c4c3b135e6e74b3990b52c8/screenshot - {}
RESULT: {}
COMMAND: POST /session/e957c6d77c4c3b135e6e74b3990b52c8/elements - {"using":"xpath","value":"//span[text()='Error']"}
RESULT: {"using":"xpath","value":"//span[text()='Error']"}
COMMAND: POST /session/e957c6d77c4c3b135e6e74b3990b52c8/element - {"using":"xpath","value":"//button[@data-kt=\"addButton\"]"}
RESULT: {"using":"xpath","value":"//button[@data-kt=\"addButton\"]"}
COMMAND: POST /session/e957c6d77c4c3b135e6e74b3990b52c8/element/f.3C6AD4412E448D85C093D3308860BAAC.d.21E8C7F7E1A134EBB4E5FCF1567C9BAD.e.7290/click - {}
RESULT: {}
COMMAND: GET /session/e957c6d77c4c3b135e6e74b3990b52c8/screenshot - {}
RESULT: {}
RESULT: undefined
COMMAND: POST /session/e957c6d77c4c3b135e6e74b3990b52c8/execute/async - {"script":"<script> [776 bytes]","args":[{"enterText":"WdIOTestiocyq","selector":{"id":"application-managecontracts-display-component---AddNewContract--projectDescription","interaction":{"idSuffix":"inner"}},"clearTextFirst":true,"interactionType":"ENTER_TEXT"}]}
RESULT: {"script":"<script> [776 bytes]","args":[{"enterText":"WdIOTestiocyq","selector":{"id":"application-managecontracts-display-component---AddNewContract--projectDescription","interaction":{"idSuffix":"inner"}},"clearTextFirst":true,"interactionType":"ENTER_TEXT"}]}
COMMAND: POST /session/e957c6d77c4c3b135e6e74b3990b52c8/element - {"using":"xpath","value":"//input[@id=\"application-managecontracts-display-component---AddNewContract--yardId-inner\"]"}
RESULT: {"using":"xpath","value":"//input[@id=\"application-managecontracts-display-component---AddNewContract--yardId-inner\"]"}
COMMAND: POST /session/e957c6d77c4c3b135e6e74b3990b52c8/element/f.3C6AD4412E448D85C093D3308860BAAC.d.21E8C7F7E1A134EBB4E5FCF1567C9BAD.e.7550/clear - {}
RESULT: {}
COMMAND: POST /session/e957c6d77c4c3b135e6e74b3990b52c8/element/f.3C6AD4412E448D85C093D3308860BAAC.d.21E8C7F7E1A134EBB4E5FCF1567C9BAD.e.7550/value - {"text":"WebdriverYardyfcq2"}
COMMAND: GET /session/e957c6d77c4c3b135e6e74b3990b52c8/screenshot - {}
RESULT: {"text":"WebdriverYardyfcq2"}
COMMAND: GET /session/e957c6d77c4c3b135e6e74b3990b52c8/screenshot - {}
RESULT: {}
RESULT: {}
COMMAND: POST /session/e957c6d77c4c3b135e6e74b3990b52c8/actions - {"actions":[{"id":"action43","type":"key","parameters":{},"actions":[{"type":"keyDown","value":"î€‡"},{"type":"pause","duration":10},{"type":"keyUp","value":"î€‡"}]}]}
RESULT: {"actions":[{"id":"action43","type":"key","parameters":{},"actions":[{"type":"keyDown","value":"î€‡"},{"type":"pause","duration":10},{"type":"keyUp","value":"î€‡"}]}]}
COMMAND: GET /session/e957c6d77c4c3b135e6e74b3990b52c8/screenshot - {}
RESULT: {}
COMMAND: POST /session/e957c6d77c4c3b135e6e74b3990b52c8/element - {"using":"xpath","value":"//input[@id=\"application-managecontracts-display-component---AddNewContract--customerSelect-inner\"]"}
RESULT: {"using":"xpath","value":"//input[@id=\"application-managecontracts-display-component---AddNewContract--customerSelect-inner\"]"}
COMMAND: POST /session/e957c6d77c4c3b135e6e74b3990b52c8/element/f.3C6AD4412E448D85C093D3308860BAAC.d.21E8C7F7E1A134EBB4E5FCF1567C9BAD.e.7548/clear - {}
RESULT: {}
COMMAND: POST /session/e957c6d77c4c3b135e6e74b3990b52c8/element/f.3C6AD4412E448D85C093D3308860BAAC.d.21E8C7F7E1A134EBB4E5FCF1567C9BAD.e.7548/value - {"text":"WebdriverPartnervjykd"}
COMMAND: GET /session/e957c6d77c4c3b135e6e74b3990b52c8/screenshot - {}
RESULT: {"text":"WebdriverPartnervjykd"}
COMMAND: GET /session/e957c6d77c4c3b135e6e74b3990b52c8/screenshot - {}
RESULT: {}
RESULT: {}
COMMAND: POST /session/e957c6d77c4c3b135e6e74b3990b52c8/actions - {"actions":[{"id":"action44","type":"key","parameters":{},"actions":[{"type":"keyDown","value":"î€‡"},{"type":"pause","duration":10},{"type":"keyUp","value":"î€‡"}]}]}
RESULT: {"actions":[{"id":"action44","type":"key","parameters":{},"actions":[{"type":"keyDown","value":"î€‡"},{"type":"pause","duration":10},{"type":"keyUp","value":"î€‡"}]}]}
COMMAND: GET /session/e957c6d77c4c3b135e6e74b3990b52c8/screenshot - {}
RESULT: {}
COMMAND: POST /session/e957c6d77c4c3b135e6e74b3990b52c8/element - {"using":"xpath","value":"//input[@id=\"application-managecontracts-display-component---AddNewContract--site-inner\"]"}
RESULT: {"using":"xpath","value":"//input[@id=\"application-managecontracts-display-component---AddNewContract--site-inner\"]"}
COMMAND: POST /session/e957c6d77c4c3b135e6e74b3990b52c8/element/f.3C6AD4412E448D85C093D3308860BAAC.d.21E8C7F7E1A134EBB4E5FCF1567C9BAD.e.7549/clear - {}
RESULT: {}
COMMAND: POST /session/e957c6d77c4c3b135e6e74b3990b52c8/element/f.3C6AD4412E448D85C093D3308860BAAC.d.21E8C7F7E1A134EBB4E5FCF1567C9BAD.e.7549/value - {"text":"WebdriverSitetgtim"}
COMMAND: GET /session/e957c6d77c4c3b135e6e74b3990b52c8/screenshot - {}
RESULT: {"text":"WebdriverSitetgtim"}
COMMAND: GET /session/e957c6d77c4c3b135e6e74b3990b52c8/screenshot - {}
RESULT: {}
RESULT: {}
COMMAND: POST /session/e957c6d77c4c3b135e6e74b3990b52c8/actions - {"actions":[{"id":"action45","type":"key","parameters":{},"actions":[{"type":"keyDown","value":"î€‡"},{"type":"pause","duration":10},{"type":"keyUp","value":"î€‡"}]}]}
RESULT: {"actions":[{"id":"action45","type":"key","parameters":{},"actions":[{"type":"keyDown","value":"î€‡"},{"type":"pause","duration":10},{"type":"keyUp","value":"î€‡"}]}]}
COMMAND: GET /session/e957c6d77c4c3b135e6e74b3990b52c8/screenshot - {}
RESULT: {}
COMMAND: POST /session/e957c6d77c4c3b135e6e74b3990b52c8/element - {"using":"xpath","value":"//button[@data-kt=\"saveButton\"]"}
RESULT: {"using":"xpath","value":"//button[@data-kt=\"saveButton\"]"}
COMMAND: POST /session/e957c6d77c4c3b135e6e74b3990b52c8/element/f.3C6AD4412E448D85C093D3308860BAAC.d.21E8C7F7E1A134EBB4E5FCF1567C9BAD.e.7626/click - {}
RESULT: {}
COMMAND: GET /session/e957c6d77c4c3b135e6e74b3990b52c8/screenshot - {}
RESULT: {}
RESULT: undefined
COMMAND: POST /session/e957c6d77c4c3b135e6e74b3990b52c8/execute/async - {"script":"<script> [6424 bytes]","args":[{"element-6066-11e4-a52e-4f735466cecf":"f.3C6AD4412E448D85C093D3308860BAAC.d.21E8C7F7E1A134EBB4E5FCF1567C9BAD.e.6870"},"getText",[]]}
COMMAND: POST /session/e957c6d77c4c3b135e6e74b3990b52c8/execute/async - {"script":"<script> [1562 bytes]","args":[{"selector":{"id":"contractDetailTitleNoExpanded","viewName":"etm.portal.ui.managecontracts.view.Detail"},"wdio_ui5_key":"contractDetailTitleNoExpandedetmportal.ui.managecontracts.view.Detail"}]}
RESULT: {"script":"<script> [1562 bytes]","args":[{"selector":{"id":"contractDetailTitleNoExpanded","viewName":"etm.portal.ui.managecontracts.view.Detail"},"wdio_ui5_key":"contractDetailTitleNoExpandedetmportal.ui.managecontracts.view.Detail"}]}
COMMAND: POST /session/e957c6d77c4c3b135e6e74b3990b52c8/execute/async - {"script":"<script> [6424 bytes]","args":[{"element-6066-11e4-a52e-4f735466cecf":"f.3C6AD4412E448D85C093D3308860BAAC.d.21E8C7F7E1A134EBB4E5FCF1567C9BAD.e.7642"},"getText",[]]}
RESULT: {"script":"<script> [6424 bytes]","args":[{"element-6066-11e4-a52e-4f735466cecf":"f.3C6AD4412E448D85C093D3308860BAAC.d.21E8C7F7E1A134EBB4E5FCF1567C9BAD.e.7642"},"getText",[]]}
]]></system-out>
    </testcase>
    <testcase classname="chrome.137_0_7151_69.windows.Insert_service_into_a_contract_US152956" name="Should add a service unit and a service group to the contract" time="81.89">
      <system-out><![CDATA[
COMMAND: POST /session/e957c6d77c4c3b135e6e74b3990b52c8/element - {"using":"xpath","value":"//button[@data-kt=\"contractDetailEditBtnButton\"]"}
RESULT: {"using":"xpath","value":"//button[@data-kt=\"contractDetailEditBtnButton\"]"}
COMMAND: POST /session/e957c6d77c4c3b135e6e74b3990b52c8/execute/sync - {"script":"<script> [8489 bytes]","args":[{"element-6066-11e4-a52e-4f735466cecf":"f.3C6AD4412E448D85C093D3308860BAAC.d.21E8C7F7E1A134EBB4E5FCF1567C9BAD.e.7643","ELEMENT":"f.3C6AD4412E448D85C093D3308860BAAC.d.21E8C7F7E1A134EBB4E5FCF1567C9BAD.e.7643"}]}
RESULT: {"script":"<script> [8489 bytes]","args":[{"element-6066-11e4-a52e-4f735466cecf":"f.3C6AD4412E448D85C093D3308860BAAC.d.21E8C7F7E1A134EBB4E5FCF1567C9BAD.e.7643","ELEMENT":"f.3C6AD4412E448D85C093D3308860BAAC.d.21E8C7F7E1A134EBB4E5FCF1567C9BAD.e.7643"}]}
COMMAND: POST /session/e957c6d77c4c3b135e6e74b3990b52c8/execute/sync - {"script":"<script> [8489 bytes]","args":[{"element-6066-11e4-a52e-4f735466cecf":"f.3C6AD4412E448D85C093D3308860BAAC.d.21E8C7F7E1A134EBB4E5FCF1567C9BAD.e.7643","ELEMENT":"f.3C6AD4412E448D85C093D3308860BAAC.d.21E8C7F7E1A134EBB4E5FCF1567C9BAD.e.7643"}]}
COMMAND: GET /session/e957c6d77c4c3b135e6e74b3990b52c8/screenshot - {}
RESULT: {"script":"<script> [8489 bytes]","args":[{"element-6066-11e4-a52e-4f735466cecf":"f.3C6AD4412E448D85C093D3308860BAAC.d.21E8C7F7E1A134EBB4E5FCF1567C9BAD.e.7643","ELEMENT":"f.3C6AD4412E448D85C093D3308860BAAC.d.21E8C7F7E1A134EBB4E5FCF1567C9BAD.e.7643"}]}
COMMAND: POST /session/e957c6d77c4c3b135e6e74b3990b52c8/execute/sync - {"script":"<script> [5351 bytes]","args":[{"element-6066-11e4-a52e-4f735466cecf":"f.3C6AD4412E448D85C093D3308860BAAC.d.21E8C7F7E1A134EBB4E5FCF1567C9BAD.e.7643","ELEMENT":"f.3C6AD4412E448D85C093D3308860BAAC.d.21E8C7F7E1A134EBB4E5FCF1567C9BAD.e.7643"}]}
COMMAND: GET /session/e957c6d77c4c3b135e6e74b3990b52c8/screenshot - {}
RESULT: {}
RESULT: {"script":"<script> [5351 bytes]","args":[{"element-6066-11e4-a52e-4f735466cecf":"f.3C6AD4412E448D85C093D3308860BAAC.d.21E8C7F7E1A134EBB4E5FCF1567C9BAD.e.7643","ELEMENT":"f.3C6AD4412E448D85C093D3308860BAAC.d.21E8C7F7E1A134EBB4E5FCF1567C9BAD.e.7643"}]}
COMMAND: POST /session/e957c6d77c4c3b135e6e74b3990b52c8/element/f.3C6AD4412E448D85C093D3308860BAAC.d.21E8C7F7E1A134EBB4E5FCF1567C9BAD.e.7643/click - {}
COMMAND: GET /session/e957c6d77c4c3b135e6e74b3990b52c8/screenshot - {}
RESULT: {}
RESULT: {}
COMMAND: GET /session/e957c6d77c4c3b135e6e74b3990b52c8/screenshot - {}
RESULT: {}
RESULT: {}
COMMAND: POST /session/e957c6d77c4c3b135e6e74b3990b52c8/element - {"using":"xpath","value":"(//span[contains(text(), \"Additional Addresses\")])[2]"}
RESULT: {"using":"xpath","value":"(//span[contains(text(), \"Additional Addresses\")])[2]"}
COMMAND: POST /session/e957c6d77c4c3b135e6e74b3990b52c8/element/f.3C6AD4412E448D85C093D3308860BAAC.d.21E8C7F7E1A134EBB4E5FCF1567C9BAD.e.7700/click - {}
RESULT: {}
COMMAND: GET /session/e957c6d77c4c3b135e6e74b3990b52c8/screenshot - {}
RESULT: {}
COMMAND: POST /session/e957c6d77c4c3b135e6e74b3990b52c8/element - {"using":"xpath","value":"//button[@data-kt=\"btnAddTableRowOverflowToolbarButton\"]"}
RESULT: {"using":"xpath","value":"//button[@data-kt=\"btnAddTableRowOverflowToolbarButton\"]"}
COMMAND: POST /session/e957c6d77c4c3b135e6e74b3990b52c8/element/f.3C6AD4412E448D85C093D3308860BAAC.d.21E8C7F7E1A134EBB4E5FCF1567C9BAD.e.7702/click - {}
RESULT: {}
COMMAND: GET /session/e957c6d77c4c3b135e6e74b3990b52c8/screenshot - {}
RESULT: {}
COMMAND: POST /session/e957c6d77c4c3b135e6e74b3990b52c8/element - {"using":"xpath","value":"//div[(text() = 'Standard Entry' or . = 'Standard Entry')]"}
RESULT: {"using":"xpath","value":"//div[(text() = 'Standard Entry' or . = 'Standard Entry')]"}
COMMAND: POST /session/e957c6d77c4c3b135e6e74b3990b52c8/element/f.3C6AD4412E448D85C093D3308860BAAC.d.21E8C7F7E1A134EBB4E5FCF1567C9BAD.e.7704/click - {}
RESULT: {}
COMMAND: POST /session/e957c6d77c4c3b135e6e74b3990b52c8/element - {"using":"xpath","value":"//button[@data-kt=\"btnAddTableRowOverflowToolbarButton\"]"}
COMMAND: GET /session/e957c6d77c4c3b135e6e74b3990b52c8/screenshot - {}
RESULT: {"using":"xpath","value":"//button[@data-kt=\"btnAddTableRowOverflowToolbarButton\"]"}
COMMAND: POST /session/e957c6d77c4c3b135e6e74b3990b52c8/element/f.3C6AD4412E448D85C093D3308860BAAC.d.21E8C7F7E1A134EBB4E5FCF1567C9BAD.e.7702/click - {}
RESULT: {}
RESULT: {}
COMMAND: GET /session/e957c6d77c4c3b135e6e74b3990b52c8/screenshot - {}
RESULT: {}
COMMAND: POST /session/e957c6d77c4c3b135e6e74b3990b52c8/element - {"using":"xpath","value":"//div[(text() = 'Standard Entry' or . = 'Standard Entry')]"}
RESULT: {"using":"xpath","value":"//div[(text() = 'Standard Entry' or . = 'Standard Entry')]"}
COMMAND: POST /session/e957c6d77c4c3b135e6e74b3990b52c8/element/f.3C6AD4412E448D85C093D3308860BAAC.d.21E8C7F7E1A134EBB4E5FCF1567C9BAD.e.7716/click - {}
RESULT: {}
COMMAND: POST /session/e957c6d77c4c3b135e6e74b3990b52c8/element - {"using":"xpath","value":"(//td[6]/div/div/input)[1]"}
COMMAND: GET /session/e957c6d77c4c3b135e6e74b3990b52c8/screenshot - {}
RESULT: {"using":"xpath","value":"(//td[6]/div/div/input)[1]"}
COMMAND: POST /session/e957c6d77c4c3b135e6e74b3990b52c8/element/f.3C6AD4412E448D85C093D3308860BAAC.d.21E8C7F7E1A134EBB4E5FCF1567C9BAD.e.7718/click - {}
RESULT: {}
RESULT: {}
COMMAND: POST /session/e957c6d77c4c3b135e6e74b3990b52c8/actions - {"actions":[{"id":"action46","type":"key","parameters":{},"actions":[{"type":"keyDown","value":"î€ƒ"},{"type":"pause","duration":10},{"type":"keyUp","value":"î€ƒ"}]}]}
COMMAND: GET /session/e957c6d77c4c3b135e6e74b3990b52c8/screenshot - {}
RESULT: {"actions":[{"id":"action46","type":"key","parameters":{},"actions":[{"type":"keyDown","value":"î€ƒ"},{"type":"pause","duration":10},{"type":"keyUp","value":"î€ƒ"}]}]}
COMMAND: POST /session/e957c6d77c4c3b135e6e74b3990b52c8/element - {"using":"xpath","value":"(//td[6]/div/div/input)[1]"}
COMMAND: GET /session/e957c6d77c4c3b135e6e74b3990b52c8/screenshot - {}
RESULT: {}
RESULT: {"using":"xpath","value":"(//td[6]/div/div/input)[1]"}
COMMAND: POST /session/e957c6d77c4c3b135e6e74b3990b52c8/element/f.3C6AD4412E448D85C093D3308860BAAC.d.21E8C7F7E1A134EBB4E5FCF1567C9BAD.e.7718/clear - {}
RESULT: {}
RESULT: {}
COMMAND: POST /session/e957c6d77c4c3b135e6e74b3990b52c8/element/f.3C6AD4412E448D85C093D3308860BAAC.d.21E8C7F7E1A134EBB4E5FCF1567C9BAD.e.7718/value - {"text":"Service Unit"}
COMMAND: GET /session/e957c6d77c4c3b135e6e74b3990b52c8/screenshot - {}
RESULT: {}
RESULT: {"text":"Service Unit"}
COMMAND: GET /session/e957c6d77c4c3b135e6e74b3990b52c8/screenshot - {}
RESULT: {}
COMMAND: POST /session/e957c6d77c4c3b135e6e74b3990b52c8/actions - {"actions":[{"id":"action47","type":"key","parameters":{},"actions":[{"type":"keyDown","value":"î€‡"},{"type":"pause","duration":10},{"type":"keyUp","value":"î€‡"}]}]}
RESULT: {"actions":[{"id":"action47","type":"key","parameters":{},"actions":[{"type":"keyDown","value":"î€‡"},{"type":"pause","duration":10},{"type":"keyUp","value":"î€‡"}]}]}
COMMAND: GET /session/e957c6d77c4c3b135e6e74b3990b52c8/screenshot - {}
RESULT: {}
COMMAND: POST /session/e957c6d77c4c3b135e6e74b3990b52c8/actions - {"actions":[{"id":"action48","type":"key","parameters":{},"actions":[{"type":"keyDown","value":"î€‡"},{"type":"pause","duration":10},{"type":"keyUp","value":"î€‡"}]}]}
RESULT: {"actions":[{"id":"action48","type":"key","parameters":{},"actions":[{"type":"keyDown","value":"î€‡"},{"type":"pause","duration":10},{"type":"keyUp","value":"î€‡"}]}]}
COMMAND: POST /session/e957c6d77c4c3b135e6e74b3990b52c8/element - {"using":"xpath","value":"(//td[7]/div/div/input)[1]"}
COMMAND: GET /session/e957c6d77c4c3b135e6e74b3990b52c8/screenshot - {}
RESULT: {"using":"xpath","value":"(//td[7]/div/div/input)[1]"}
COMMAND: POST /session/e957c6d77c4c3b135e6e74b3990b52c8/element/f.3C6AD4412E448D85C093D3308860BAAC.d.21E8C7F7E1A134EBB4E5FCF1567C9BAD.e.7734/clear - {}
RESULT: {}
RESULT: {}
COMMAND: POST /session/e957c6d77c4c3b135e6e74b3990b52c8/element/f.3C6AD4412E448D85C093D3308860BAAC.d.21E8C7F7E1A134EBB4E5FCF1567C9BAD.e.7734/value - {"text":"1000001"}
COMMAND: GET /session/e957c6d77c4c3b135e6e74b3990b52c8/screenshot - {}
RESULT: {"text":"1000001"}
COMMAND: GET /session/e957c6d77c4c3b135e6e74b3990b52c8/screenshot - {}
RESULT: {}
RESULT: {}
COMMAND: POST /session/e957c6d77c4c3b135e6e74b3990b52c8/actions - {"actions":[{"id":"action49","type":"key","parameters":{},"actions":[{"type":"keyDown","value":"î€‡"},{"type":"pause","duration":10},{"type":"keyUp","value":"î€‡"}]}]}
RESULT: {"actions":[{"id":"action49","type":"key","parameters":{},"actions":[{"type":"keyDown","value":"î€‡"},{"type":"pause","duration":10},{"type":"keyUp","value":"î€‡"}]}]}
COMMAND: GET /session/e957c6d77c4c3b135e6e74b3990b52c8/screenshot - {}
RESULT: {}
COMMAND: POST /session/e957c6d77c4c3b135e6e74b3990b52c8/actions - {"actions":[{"id":"action50","type":"key","parameters":{},"actions":[{"type":"keyDown","value":"î€‡"},{"type":"pause","duration":10},{"type":"keyUp","value":"î€‡"}]}]}
RESULT: {"actions":[{"id":"action50","type":"key","parameters":{},"actions":[{"type":"keyDown","value":"î€‡"},{"type":"pause","duration":10},{"type":"keyUp","value":"î€‡"}]}]}
COMMAND: GET /session/e957c6d77c4c3b135e6e74b3990b52c8/screenshot - {}
RESULT: {}
COMMAND: POST /session/e957c6d77c4c3b135e6e74b3990b52c8/element - {"using":"xpath","value":"(//td[6]/div/div/input)[2]"}
RESULT: {"using":"xpath","value":"(//td[6]/div/div/input)[2]"}
COMMAND: POST /session/e957c6d77c4c3b135e6e74b3990b52c8/element/f.3C6AD4412E448D85C093D3308860BAAC.d.21E8C7F7E1A134EBB4E5FCF1567C9BAD.e.7706/click - {}
RESULT: {}
COMMAND: POST /session/e957c6d77c4c3b135e6e74b3990b52c8/actions - {"actions":[{"id":"action51","type":"key","parameters":{},"actions":[{"type":"keyDown","value":"î€ƒ"},{"type":"pause","duration":10},{"type":"keyUp","value":"î€ƒ"}]}]}
COMMAND: GET /session/e957c6d77c4c3b135e6e74b3990b52c8/screenshot - {}
RESULT: {"actions":[{"id":"action51","type":"key","parameters":{},"actions":[{"type":"keyDown","value":"î€ƒ"},{"type":"pause","duration":10},{"type":"keyUp","value":"î€ƒ"}]}]}
COMMAND: POST /session/e957c6d77c4c3b135e6e74b3990b52c8/element - {"using":"xpath","value":"(//td[6]/div/div/input)[2]"}
COMMAND: GET /session/e957c6d77c4c3b135e6e74b3990b52c8/screenshot - {}
RESULT: {}
RESULT: {}
RESULT: {"using":"xpath","value":"(//td[6]/div/div/input)[2]"}
COMMAND: POST /session/e957c6d77c4c3b135e6e74b3990b52c8/element/f.3C6AD4412E448D85C093D3308860BAAC.d.21E8C7F7E1A134EBB4E5FCF1567C9BAD.e.7706/clear - {}
RESULT: {}
COMMAND: POST /session/e957c6d77c4c3b135e6e74b3990b52c8/element/f.3C6AD4412E448D85C093D3308860BAAC.d.21E8C7F7E1A134EBB4E5FCF1567C9BAD.e.7706/value - {"text":"Service Unit Group"}
COMMAND: GET /session/e957c6d77c4c3b135e6e74b3990b52c8/screenshot - {}
RESULT: {"text":"Service Unit Group"}
COMMAND: GET /session/e957c6d77c4c3b135e6e74b3990b52c8/screenshot - {}
RESULT: {}
RESULT: {}
COMMAND: POST /session/e957c6d77c4c3b135e6e74b3990b52c8/actions - {"actions":[{"id":"action52","type":"key","parameters":{},"actions":[{"type":"keyDown","value":"î€‡"},{"type":"pause","duration":10},{"type":"keyUp","value":"î€‡"}]}]}
RESULT: {"actions":[{"id":"action52","type":"key","parameters":{},"actions":[{"type":"keyDown","value":"î€‡"},{"type":"pause","duration":10},{"type":"keyUp","value":"î€‡"}]}]}
COMMAND: GET /session/e957c6d77c4c3b135e6e74b3990b52c8/screenshot - {}
RESULT: {}
COMMAND: POST /session/e957c6d77c4c3b135e6e74b3990b52c8/actions - {"actions":[{"id":"action53","type":"key","parameters":{},"actions":[{"type":"keyDown","value":"î€‡"},{"type":"pause","duration":10},{"type":"keyUp","value":"î€‡"}]}]}
RESULT: {"actions":[{"id":"action53","type":"key","parameters":{},"actions":[{"type":"keyDown","value":"î€‡"},{"type":"pause","duration":10},{"type":"keyUp","value":"î€‡"}]}]}
COMMAND: POST /session/e957c6d77c4c3b135e6e74b3990b52c8/element - {"using":"xpath","value":"(//td[7]/div/div/input)[2]"}
COMMAND: GET /session/e957c6d77c4c3b135e6e74b3990b52c8/screenshot - {}
RESULT: {"using":"xpath","value":"(//td[7]/div/div/input)[2]"}
COMMAND: POST /session/e957c6d77c4c3b135e6e74b3990b52c8/element/f.3C6AD4412E448D85C093D3308860BAAC.d.21E8C7F7E1A134EBB4E5FCF1567C9BAD.e.7763/clear - {}
RESULT: {}
RESULT: {}
COMMAND: POST /session/e957c6d77c4c3b135e6e74b3990b52c8/element/f.3C6AD4412E448D85C093D3308860BAAC.d.21E8C7F7E1A134EBB4E5FCF1567C9BAD.e.7763/value - {"text":"1100001"}
COMMAND: GET /session/e957c6d77c4c3b135e6e74b3990b52c8/screenshot - {}
RESULT: {"text":"1100001"}
COMMAND: GET /session/e957c6d77c4c3b135e6e74b3990b52c8/screenshot - {}
RESULT: {}
RESULT: {}
COMMAND: POST /session/e957c6d77c4c3b135e6e74b3990b52c8/actions - {"actions":[{"id":"action54","type":"key","parameters":{},"actions":[{"type":"keyDown","value":"î€‡"},{"type":"pause","duration":10},{"type":"keyUp","value":"î€‡"}]}]}
RESULT: {"actions":[{"id":"action54","type":"key","parameters":{},"actions":[{"type":"keyDown","value":"î€‡"},{"type":"pause","duration":10},{"type":"keyUp","value":"î€‡"}]}]}
COMMAND: GET /session/e957c6d77c4c3b135e6e74b3990b52c8/screenshot - {}
RESULT: {}
COMMAND: POST /session/e957c6d77c4c3b135e6e74b3990b52c8/actions - {"actions":[{"id":"action55","type":"key","parameters":{},"actions":[{"type":"keyDown","value":"î€‡"},{"type":"pause","duration":10},{"type":"keyUp","value":"î€‡"}]}]}
RESULT: {"actions":[{"id":"action55","type":"key","parameters":{},"actions":[{"type":"keyDown","value":"î€‡"},{"type":"pause","duration":10},{"type":"keyUp","value":"î€‡"}]}]}
COMMAND: GET /session/e957c6d77c4c3b135e6e74b3990b52c8/screenshot - {}
RESULT: {}
COMMAND: POST /session/e957c6d77c4c3b135e6e74b3990b52c8/element - {"using":"xpath","value":"(//button[@data-kt=\"saveButton\"])[2]"}
RESULT: {"using":"xpath","value":"(//button[@data-kt=\"saveButton\"])[2]"}
COMMAND: POST /session/e957c6d77c4c3b135e6e74b3990b52c8/element/f.3C6AD4412E448D85C093D3308860BAAC.d.21E8C7F7E1A134EBB4E5FCF1567C9BAD.e.7787/click - {}
RESULT: {}
COMMAND: GET /session/e957c6d77c4c3b135e6e74b3990b52c8/screenshot - {}
RESULT: {}
COMMAND: POST /session/e957c6d77c4c3b135e6e74b3990b52c8/element - {"using":"xpath","value":"(//span[contains(text(), \"Additional Addresses\")])[1]"}
RESULT: {"using":"xpath","value":"(//span[contains(text(), \"Additional Addresses\")])[1]"}
COMMAND: POST /session/e957c6d77c4c3b135e6e74b3990b52c8/element/f.3C6AD4412E448D85C093D3308860BAAC.d.21E8C7F7E1A134EBB4E5FCF1567C9BAD.e.7790/click - {}
RESULT: {}
COMMAND: GET /session/e957c6d77c4c3b135e6e74b3990b52c8/screenshot - {}
RESULT: {}
COMMAND: POST /session/e957c6d77c4c3b135e6e74b3990b52c8/execute/async - {"script":"<script> [1562 bytes]","args":[{"selector":{"controlType":"sap.m.Title","viewName":"etm.portal.ui.managecontracts.view.Detail","properties":{"text":"Contract Items (2)"}},"wdio_ui5_key":"etmportal.ui.managecontracts.view.Detailsap.m.Title{\"text\":\"Contract Items (2)\"}"}]}
RESULT: {"script":"<script> [1562 bytes]","args":[{"selector":{"controlType":"sap.m.Title","viewName":"etm.portal.ui.managecontracts.view.Detail","properties":{"text":"Contract Items (2)"}},"wdio_ui5_key":"etmportal.ui.managecontracts.view.Detailsap.m.Title{\"text\":\"Contract Items (2)\"}"}]}
RESULT: undefined
COMMAND: POST /session/e957c6d77c4c3b135e6e74b3990b52c8/execute/async - {"script":"<script> [6424 bytes]","args":[{"element-6066-11e4-a52e-4f735466cecf":"f.3C6AD4412E448D85C093D3308860BAAC.d.21E8C7F7E1A134EBB4E5FCF1567C9BAD.e.7794"},"getText",[]]}
RESULT: {"script":"<script> [6424 bytes]","args":[{"element-6066-11e4-a52e-4f735466cecf":"f.3C6AD4412E448D85C093D3308860BAAC.d.21E8C7F7E1A134EBB4E5FCF1567C9BAD.e.7794"},"getText",[]]}
COMMAND: POST /session/e957c6d77c4c3b135e6e74b3990b52c8/element - {"using":"xpath","value":"(//span[contains(@class ,\"sapMObjStatusText\")])[1]"}
RESULT: {"using":"xpath","value":"(//span[contains(@class ,\"sapMObjStatusText\")])[1]"}
COMMAND: GET /session/e957c6d77c4c3b135e6e74b3990b52c8/element/f.3C6AD4412E448D85C093D3308860BAAC.d.21E8C7F7E1A134EBB4E5FCF1567C9BAD.e.7795/text - {}
RESULT: {}
COMMAND: POST /session/e957c6d77c4c3b135e6e74b3990b52c8/element - {"using":"xpath","value":"(//span[contains(@class ,\"sapMObjStatusText\")])[4]"}
RESULT: {"using":"xpath","value":"(//span[contains(@class ,\"sapMObjStatusText\")])[4]"}
COMMAND: GET /session/e957c6d77c4c3b135e6e74b3990b52c8/element/f.3C6AD4412E448D85C093D3308860BAAC.d.21E8C7F7E1A134EBB4E5FCF1567C9BAD.e.7796/text - {}
RESULT: {}
COMMAND: POST /session/e957c6d77c4c3b135e6e74b3990b52c8/element - {"using":"css selector","value":"#shell-header-logo"}
RESULT: {"using":"css selector","value":"#shell-header-logo"}
COMMAND: POST /session/e957c6d77c4c3b135e6e74b3990b52c8/element/f.3C6AD4412E448D85C093D3308860BAAC.d.21E8C7F7E1A134EBB4E5FCF1567C9BAD.e.7237/click - {}
RESULT: {}
COMMAND: GET /session/e957c6d77c4c3b135e6e74b3990b52c8/screenshot - {}
RESULT: {}
]]></system-out>
    </testcase>
  </testsuite>
  <testsuite timestamp="2025-06-12T18:20:16" time="208.082" tests="2" failures="1" errors="1" skipped="0">
    <properties>
      <property name="specId" value="0" />
      <property name="suiteName" value="Reduced contract US151275" />
      <property name="capabilities" value="chrome.137_0_7151_69.windows" />
      <property name="file" value="file:///D:/a/1/s/test/specs/R2C/reduced-contract-creation.spec.js" />
    </properties>
    <testcase classname="chrome.137_0_7151_69.windows.Reduced_contract_US151275" name="Should create a new reduced contract" time="134.672">
      <system-out><![CDATA[
RESULT: undefined
COMMAND: POST /session/e957c6d77c4c3b135e6e74b3990b52c8/element - {"using":"xpath","value":"//*[@id=\"__tile132\"]"}
RESULT: {"using":"xpath","value":"//*[@id=\"__tile132\"]"}
COMMAND: POST /session/e957c6d77c4c3b135e6e74b3990b52c8/element/f.3C6AD4412E448D85C093D3308860BAAC.d.21E8C7F7E1A134EBB4E5FCF1567C9BAD.e.6397/click - {}
RESULT: {}
COMMAND: GET /session/e957c6d77c4c3b135e6e74b3990b52c8/screenshot - {}
RESULT: {}
COMMAND: POST /session/e957c6d77c4c3b135e6e74b3990b52c8/element - {"using":"xpath","value":"//button[@data-kt=\"addButton\"]"}
RESULT: {"using":"xpath","value":"//button[@data-kt=\"addButton\"]"}
COMMAND: POST /session/e957c6d77c4c3b135e6e74b3990b52c8/element/f.3C6AD4412E448D85C093D3308860BAAC.d.21E8C7F7E1A134EBB4E5FCF1567C9BAD.e.7850/click - {}
COMMAND: POST /session/e957c6d77c4c3b135e6e74b3990b52c8/elements - {"using":"xpath","value":"//span[text()='Error']"}
RESULT: {}
COMMAND: GET /session/e957c6d77c4c3b135e6e74b3990b52c8/screenshot - {}
RESULT: {"using":"xpath","value":"//span[text()='Error']"}
RESULT: {}
COMMAND: POST /session/e957c6d77c4c3b135e6e74b3990b52c8/refresh - {}
RESULT: {}
COMMAND: GET /session/e957c6d77c4c3b135e6e74b3990b52c8/screenshot - {}
RESULT: {}
COMMAND: POST /session/e957c6d77c4c3b135e6e74b3990b52c8/execute/async - {"script":"<script> [189 bytes]","args":[]}
RESULT: {"script":"<script> [189 bytes]","args":[]}
COMMAND: POST /session/e957c6d77c4c3b135e6e74b3990b52c8/execute/async - {"script":"<script> [123 bytes]","args":[]}
RESULT: {"script":"<script> [123 bytes]","args":[]}
COMMAND: POST /session/e957c6d77c4c3b135e6e74b3990b52c8/timeouts - {"script":"<number>"}
RESULT: {"script":"<number>"}
COMMAND: GET /session/e957c6d77c4c3b135e6e74b3990b52c8/timeouts - {}
RESULT: {}
RESULT: undefined
COMMAND: POST /session/e957c6d77c4c3b135e6e74b3990b52c8/execute/async - {"script":"<script> [2676 bytes]","args":[]}
RESULT: {"script":"<script> [2676 bytes]","args":[]}
COMMAND: POST /session/e957c6d77c4c3b135e6e74b3990b52c8/execute/async - {"script":"<script> [2342 bytes]","args":[{"protocol":"http","hostname":"0.0.0.0","path":"/","capabilities":{"browserName":"chrome","goog:chromeOptions":{"binary":"C:\\Program Files\\Google\\Chrome\\Application\\chrome.exe","args":["--start-maximized"]}},"logLevel":"warn","connectionRetryTimeout":120000,"connectionRetryCount":3,"logLevels":{},"enableDirectConnect":true,"strictSSL":true,"_":"65 more keys: [\"cacheDir\",\"port\",\"requestedCapabilities\",\"automationProtocol\",\"baseUrl\",\"waitforInterval\",\"waitforTimeout\",\"onReload\",\"beforeCommand\",\"afterCommand\",\"rootDir\",\"specs\",\"suites\",\"exclude\",\"groupLogsByTestSpec\",\"excludeDriverLogs\",\"bail\",\"framework\",\"reporters\",\"services\",\"maxInstances\",\"maxInstancesPerCapability\",\"injectGlobals\",\"filesToWatch\",\"execArgv\",\"runnerEnv\",\"runner\",\"shard\",\"specFileRetries\",\"specFileRetriesDelay\",\"specFileRetriesDeferred\",\"reporterSyncInterval\",\"reporterSyncTimeout\",\"cucumberFeaturesWithLineNumbers\",\"autoCompileOpts\",\"mochaOpts\",\"jasmineOpts\",\"cucumberOpts\",\"onPrepare\",\"onWorkerStart\",\"onWorkerEnd\",\"before\",\"beforeSession\",\"beforeSuite\",\"beforeHook\",\"beforeTest\",\"afterTest\",\"afterHook\",\"afterSuite\",\"afterSession\",\"after\",\"onComplete\",\"beforeAssertion\",\"afterAssertion\",\"beforeFeature\",\"beforeScenario\",\"beforeStep\",\"afterStep\",\"afterScenario\",\"afterFeature\",\"_\",\"suite\",\"$0\",\"ignoredWorkerServices\",\"wdi5\"]"}]}
RESULT: {"script":"<script> [2342 bytes]","args":[{"protocol":"http","hostname":"0.0.0.0","path":"/","capabilities":{"browserName":"chrome","goog:chromeOptions":{"binary":"C:\\Program Files\\Google\\Chrome\\Application\\chrome.exe","args":["--start-maximized"]}},"logLevel":"warn","connectionRetryTimeout":120000,"connectionRetryCount":3,"logLevels":{},"enableDirectConnect":true,"strictSSL":true,"_":"65 more keys: [\"cacheDir\",\"port\",\"requestedCapabilities\",\"automationProtocol\",\"baseUrl\",\"waitforInterval\",\"waitforTimeout\",\"onReload\",\"beforeCommand\",\"afterCommand\",\"rootDir\",\"specs\",\"suites\",\"exclude\",\"groupLogsByTestSpec\",\"excludeDriverLogs\",\"bail\",\"framework\",\"reporters\",\"services\",\"maxInstances\",\"maxInstancesPerCapability\",\"injectGlobals\",\"filesToWatch\",\"execArgv\",\"runnerEnv\",\"runner\",\"shard\",\"specFileRetries\",\"specFileRetriesDelay\",\"specFileRetriesDeferred\",\"reporterSyncInterval\",\"reporterSyncTimeout\",\"cucumberFeaturesWithLineNumbers\",\"autoCompileOpts\",\"mochaOpts\",\"jasmineOpts\",\"cucumberOpts\",\"onPrepare\",\"onWorkerStart\",\"onWorkerEnd\",\"before\",\"beforeSession\",\"beforeSuite\",\"beforeHook\",\"beforeTest\",\"afterTest\",\"afterHook\",\"afterSuite\",\"afterSession\",\"after\",\"onComplete\",\"beforeAssertion\",\"afterAssertion\",\"beforeFeature\",\"beforeScenario\",\"beforeStep\",\"afterStep\",\"afterScenario\",\"afterFeature\",\"_\",\"suite\",\"$0\",\"ignoredWorkerServices\",\"wdi5\"]"}]}
COMMAND: POST /session/e957c6d77c4c3b135e6e74b3990b52c8/execute/async - {"script":"<script> [21126 bytes]","args":[35000]}
RESULT: {"script":"<script> [21126 bytes]","args":[35000]}
COMMAND: POST /session/e957c6d77c4c3b135e6e74b3990b52c8/execute/async - {"script":"<script> [1562 bytes]","args":[{"selector":{"id":"application-managecontracts-display-component---AddNewContract--contractType","interaction":{"idSuffix":"arrow"}},"wdio_ui5_key":"applicationmanagecontracts-display-component---AddNewContract--contractType"}]}
RESULT: {"script":"<script> [1562 bytes]","args":[{"selector":{"id":"application-managecontracts-display-component---AddNewContract--contractType","interaction":{"idSuffix":"arrow"}},"wdio_ui5_key":"applicationmanagecontracts-display-component---AddNewContract--contractType"}]}
RESULT: undefined
COMMAND: POST /session/e957c6d77c4c3b135e6e74b3990b52c8/element - {"using":"xpath","value":"//*[@id=\"application-managecontracts-display-component---AddNewContract--contractType\"]"}
RESULT: {"using":"xpath","value":"//*[@id=\"application-managecontracts-display-component---AddNewContract--contractType\"]"}
COMMAND: POST /session/e957c6d77c4c3b135e6e74b3990b52c8/element/f.3C6AD4412E448D85C093D3308860BAAC.d.B267BD9F5F938BE69D144902016263FE.e.8408/click - {}
RESULT: {}
COMMAND: GET /session/e957c6d77c4c3b135e6e74b3990b52c8/screenshot - {}
RESULT: {}
COMMAND: POST /session/e957c6d77c4c3b135e6e74b3990b52c8/execute/async - {"script":"<script> [1562 bytes]","args":[{"selector":{"controlType":"sap.ui.core.Item","viewName":"etm.portal.ui.managecontracts.view.AddNewContract","viewId":"application-managecontracts-display-component---AddNewContract","bindingPath":{"path":"/ContractTypes('02')","propertyPath":"ID","modelName":"catalogModel"},"searchOpenDialogs":true},"wdio_ui5_key":"etmportal.ui.managecontracts.view.AddNewContractsap.ui.core.Item{\"path\":\"/ContractTypes('02')\",\"propertyPath\":\"ID\",\"modelName\":\"catalogModel\"}"}]}
RESULT: {"script":"<script> [1562 bytes]","args":[{"selector":{"controlType":"sap.ui.core.Item","viewName":"etm.portal.ui.managecontracts.view.AddNewContract","viewId":"application-managecontracts-display-component---AddNewContract","bindingPath":{"path":"/ContractTypes('02')","propertyPath":"ID","modelName":"catalogModel"},"searchOpenDialogs":true},"wdio_ui5_key":"etmportal.ui.managecontracts.view.AddNewContractsap.ui.core.Item{\"path\":\"/ContractTypes('02')\",\"propertyPath\":\"ID\",\"modelName\":\"catalogModel\"}"}]}
RESULT: undefined
COMMAND: POST /session/e957c6d77c4c3b135e6e74b3990b52c8/element - {"using":"xpath","value":"//*[@id=\"__item45-application-managecontracts-display-component---AddNewContract--contractType-1\"]"}
RESULT: {"using":"xpath","value":"//*[@id=\"__item45-application-managecontracts-display-component---AddNewContract--contractType-1\"]"}
COMMAND: POST /session/e957c6d77c4c3b135e6e74b3990b52c8/element/f.3C6AD4412E448D85C093D3308860BAAC.d.B267BD9F5F938BE69D144902016263FE.e.8409/click - {}
RESULT: {}
COMMAND: GET /session/e957c6d77c4c3b135e6e74b3990b52c8/screenshot - {}
RESULT: {}
COMMAND: POST /session/e957c6d77c4c3b135e6e74b3990b52c8/execute/async - {"script":"<script> [1562 bytes]","args":[{"selector":{"id":"application-managecontracts-display-component---AddNewContract--projectDescription","interaction":{"idSuffix":"inner"}},"wdio_ui5_key":"applicationmanagecontracts-display-component---AddNewContract--projectDescription"}]}
RESULT: {"script":"<script> [1562 bytes]","args":[{"selector":{"id":"application-managecontracts-display-component---AddNewContract--projectDescription","interaction":{"idSuffix":"inner"}},"wdio_ui5_key":"applicationmanagecontracts-display-component---AddNewContract--projectDescription"}]}
RESULT: undefined
COMMAND: POST /session/e957c6d77c4c3b135e6e74b3990b52c8/execute/async - {"script":"<script> [776 bytes]","args":[{"enterText":"WdIOReduced7olqqi","selector":{"id":"application-managecontracts-display-component---AddNewContract--projectDescription","interaction":{"idSuffix":"inner"}},"clearTextFirst":true,"interactionType":"ENTER_TEXT"}]}
RESULT: {"script":"<script> [776 bytes]","args":[{"enterText":"WdIOReduced7olqqi","selector":{"id":"application-managecontracts-display-component---AddNewContract--projectDescription","interaction":{"idSuffix":"inner"}},"clearTextFirst":true,"interactionType":"ENTER_TEXT"}]}
COMMAND: POST /session/e957c6d77c4c3b135e6e74b3990b52c8/element - {"using":"xpath","value":"//input[@id=\"application-managecontracts-display-component---AddNewContract--yardId-inner\"]"}
RESULT: {"using":"xpath","value":"//input[@id=\"application-managecontracts-display-component---AddNewContract--yardId-inner\"]"}
COMMAND: POST /session/e957c6d77c4c3b135e6e74b3990b52c8/element/f.3C6AD4412E448D85C093D3308860BAAC.d.B267BD9F5F938BE69D144902016263FE.e.8283/clear - {}
RESULT: {}
COMMAND: POST /session/e957c6d77c4c3b135e6e74b3990b52c8/element/f.3C6AD4412E448D85C093D3308860BAAC.d.B267BD9F5F938BE69D144902016263FE.e.8283/value - {"text":"WebdriverYardyfcq2"}
COMMAND: GET /session/e957c6d77c4c3b135e6e74b3990b52c8/screenshot - {}
RESULT: {"text":"WebdriverYardyfcq2"}
COMMAND: GET /session/e957c6d77c4c3b135e6e74b3990b52c8/screenshot - {}
RESULT: {}
RESULT: {}
COMMAND: POST /session/e957c6d77c4c3b135e6e74b3990b52c8/actions - {"actions":[{"id":"action56","type":"key","parameters":{},"actions":[{"type":"keyDown","value":"î€‡"},{"type":"pause","duration":10},{"type":"keyUp","value":"î€‡"}]}]}
RESULT: {"actions":[{"id":"action56","type":"key","parameters":{},"actions":[{"type":"keyDown","value":"î€‡"},{"type":"pause","duration":10},{"type":"keyUp","value":"î€‡"}]}]}
COMMAND: GET /session/e957c6d77c4c3b135e6e74b3990b52c8/screenshot - {}
RESULT: {}
COMMAND: POST /session/e957c6d77c4c3b135e6e74b3990b52c8/element - {"using":"xpath","value":"//input[@id=\"application-managecontracts-display-component---AddNewContract--customerSelect-inner\"]"}
RESULT: {"using":"xpath","value":"//input[@id=\"application-managecontracts-display-component---AddNewContract--customerSelect-inner\"]"}
COMMAND: POST /session/e957c6d77c4c3b135e6e74b3990b52c8/element/f.3C6AD4412E448D85C093D3308860BAAC.d.B267BD9F5F938BE69D144902016263FE.e.8281/clear - {}
RESULT: {}
COMMAND: POST /session/e957c6d77c4c3b135e6e74b3990b52c8/element/f.3C6AD4412E448D85C093D3308860BAAC.d.B267BD9F5F938BE69D144902016263FE.e.8281/value - {"text":"WebdriverPartnervjykd"}
COMMAND: GET /session/e957c6d77c4c3b135e6e74b3990b52c8/screenshot - {}
RESULT: {"text":"WebdriverPartnervjykd"}
COMMAND: GET /session/e957c6d77c4c3b135e6e74b3990b52c8/screenshot - {}
RESULT: {}
RESULT: {}
COMMAND: POST /session/e957c6d77c4c3b135e6e74b3990b52c8/actions - {"actions":[{"id":"action57","type":"key","parameters":{},"actions":[{"type":"keyDown","value":"î€‡"},{"type":"pause","duration":10},{"type":"keyUp","value":"î€‡"}]}]}
RESULT: {"actions":[{"id":"action57","type":"key","parameters":{},"actions":[{"type":"keyDown","value":"î€‡"},{"type":"pause","duration":10},{"type":"keyUp","value":"î€‡"}]}]}
COMMAND: GET /session/e957c6d77c4c3b135e6e74b3990b52c8/screenshot - {}
RESULT: {}
COMMAND: POST /session/e957c6d77c4c3b135e6e74b3990b52c8/execute/async - {"script":"<script> [1562 bytes]","args":[{"selector":{"id":"application-managecontracts-display-component---AddNewContract--calendarInput-arrow"},"wdio_ui5_key":"applicationmanagecontracts-display-component---AddNewContract--calendarInput-arrow"}]}
RESULT: {"script":"<script> [1562 bytes]","args":[{"selector":{"id":"application-managecontracts-display-component---AddNewContract--calendarInput-arrow"},"wdio_ui5_key":"applicationmanagecontracts-display-component---AddNewContract--calendarInput-arrow"}]}
RESULT: undefined
COMMAND: POST /session/e957c6d77c4c3b135e6e74b3990b52c8/element - {"using":"xpath","value":"//*[@id=\"application-managecontracts-display-component---AddNewContract--calendarInput-arrow\"]"}
RESULT: {"using":"xpath","value":"//*[@id=\"application-managecontracts-display-component---AddNewContract--calendarInput-arrow\"]"}
COMMAND: POST /session/e957c6d77c4c3b135e6e74b3990b52c8/element/f.3C6AD4412E448D85C093D3308860BAAC.d.B267BD9F5F938BE69D144902016263FE.e.8413/click - {}
RESULT: {}
COMMAND: GET /session/e957c6d77c4c3b135e6e74b3990b52c8/screenshot - {}
RESULT: {}
COMMAND: POST /session/e957c6d77c4c3b135e6e74b3990b52c8/execute/async - {"script":"<script> [1562 bytes]","args":[{"selector":{"controlType":"sap.m.StandardListItem","viewName":"etm.portal.ui.managecontracts.view.AddNewContract","viewId":"application-managecontracts-display-component---AddNewContract","properties":{"title":"1 - Calendar unit test patch"},"searchOpenDialogs":true,"interaction":{"idSuffix":"titleText"}},"wdio_ui5_key":"etmportal.ui.managecontracts.view.AddNewContractsap.m.StandardListItem{\"title\":\"1 - Calendar unit test patch\"}"}]}
RESULT: {"script":"<script> [1562 bytes]","args":[{"selector":{"controlType":"sap.m.StandardListItem","viewName":"etm.portal.ui.managecontracts.view.AddNewContract","viewId":"application-managecontracts-display-component---AddNewContract","properties":{"title":"1 - Calendar unit test patch"},"searchOpenDialogs":true,"interaction":{"idSuffix":"titleText"}},"wdio_ui5_key":"etmportal.ui.managecontracts.view.AddNewContractsap.m.StandardListItem{\"title\":\"1 - Calendar unit test patch\"}"}]}
RESULT: undefined
COMMAND: POST /session/e957c6d77c4c3b135e6e74b3990b52c8/element - {"using":"xpath","value":"//*[@id=\"__item220\"]"}
RESULT: {"using":"xpath","value":"//*[@id=\"__item220\"]"}
COMMAND: POST /session/e957c6d77c4c3b135e6e74b3990b52c8/element/f.3C6AD4412E448D85C093D3308860BAAC.d.B267BD9F5F938BE69D144902016263FE.e.8415/click - {}
RESULT: {}
COMMAND: GET /session/e957c6d77c4c3b135e6e74b3990b52c8/screenshot - {}
RESULT: {}
COMMAND: POST /session/e957c6d77c4c3b135e6e74b3990b52c8/execute/async - {"script":"<script> [1562 bytes]","args":[{"selector":{"id":"application-managecontracts-display-component---AddNewContract--streetInput","interaction":{"idSuffix":"inner"}},"wdio_ui5_key":"applicationmanagecontracts-display-component---AddNewContract--streetInput"}]}
RESULT: {"script":"<script> [1562 bytes]","args":[{"selector":{"id":"application-managecontracts-display-component---AddNewContract--streetInput","interaction":{"idSuffix":"inner"}},"wdio_ui5_key":"applicationmanagecontracts-display-component---AddNewContract--streetInput"}]}
RESULT: undefined
COMMAND: POST /session/e957c6d77c4c3b135e6e74b3990b52c8/execute/async - {"script":"<script> [776 bytes]","args":[{"enterText":"StreetWdIO","selector":{"id":"application-managecontracts-display-component---AddNewContract--streetInput","interaction":{"idSuffix":"inner"}},"clearTextFirst":true,"interactionType":"ENTER_TEXT"}]}
RESULT: {"script":"<script> [776 bytes]","args":[{"enterText":"StreetWdIO","selector":{"id":"application-managecontracts-display-component---AddNewContract--streetInput","interaction":{"idSuffix":"inner"}},"clearTextFirst":true,"interactionType":"ENTER_TEXT"}]}
COMMAND: POST /session/e957c6d77c4c3b135e6e74b3990b52c8/execute/async - {"script":"<script> [1562 bytes]","args":[{"selector":{"id":"application-managecontracts-display-component---AddNewContract--numberInput","interaction":{"idSuffix":"inner"}},"wdio_ui5_key":"applicationmanagecontracts-display-component---AddNewContract--numberInput"}]}
RESULT: {"script":"<script> [1562 bytes]","args":[{"selector":{"id":"application-managecontracts-display-component---AddNewContract--numberInput","interaction":{"idSuffix":"inner"}},"wdio_ui5_key":"applicationmanagecontracts-display-component---AddNewContract--numberInput"}]}
RESULT: undefined
COMMAND: POST /session/e957c6d77c4c3b135e6e74b3990b52c8/execute/async - {"script":"<script> [776 bytes]","args":[{"enterText":"3","selector":{"id":"application-managecontracts-display-component---AddNewContract--numberInput","interaction":{"idSuffix":"inner"}},"clearTextFirst":true,"interactionType":"ENTER_TEXT"}]}
RESULT: {"script":"<script> [776 bytes]","args":[{"enterText":"3","selector":{"id":"application-managecontracts-display-component---AddNewContract--numberInput","interaction":{"idSuffix":"inner"}},"clearTextFirst":true,"interactionType":"ENTER_TEXT"}]}
COMMAND: POST /session/e957c6d77c4c3b135e6e74b3990b52c8/execute/async - {"script":"<script> [1562 bytes]","args":[{"selector":{"id":"application-managecontracts-display-component---AddNewContract--cityInput","interaction":{"idSuffix":"inner"}},"wdio_ui5_key":"applicationmanagecontracts-display-component---AddNewContract--cityInput"}]}
RESULT: {"script":"<script> [1562 bytes]","args":[{"selector":{"id":"application-managecontracts-display-component---AddNewContract--cityInput","interaction":{"idSuffix":"inner"}},"wdio_ui5_key":"applicationmanagecontracts-display-component---AddNewContract--cityInput"}]}
RESULT: undefined
COMMAND: POST /session/e957c6d77c4c3b135e6e74b3990b52c8/execute/async - {"script":"<script> [776 bytes]","args":[{"enterText":"Bucharest","selector":{"id":"application-managecontracts-display-component---AddNewContract--cityInput","interaction":{"idSuffix":"inner"}},"clearTextFirst":true,"interactionType":"ENTER_TEXT"}]}
RESULT: {"script":"<script> [776 bytes]","args":[{"enterText":"Bucharest","selector":{"id":"application-managecontracts-display-component---AddNewContract--cityInput","interaction":{"idSuffix":"inner"}},"clearTextFirst":true,"interactionType":"ENTER_TEXT"}]}
COMMAND: POST /session/e957c6d77c4c3b135e6e74b3990b52c8/execute/async - {"script":"<script> [1562 bytes]","args":[{"selector":{"id":"application-managecontracts-display-component---AddNewContract--zipInput","interaction":{"idSuffix":"inner"}},"wdio_ui5_key":"applicationmanagecontracts-display-component---AddNewContract--zipInput"}]}
RESULT: {"script":"<script> [1562 bytes]","args":[{"selector":{"id":"application-managecontracts-display-component---AddNewContract--zipInput","interaction":{"idSuffix":"inner"}},"wdio_ui5_key":"applicationmanagecontracts-display-component---AddNewContract--zipInput"}]}
RESULT: undefined
COMMAND: POST /session/e957c6d77c4c3b135e6e74b3990b52c8/execute/async - {"script":"<script> [776 bytes]","args":[{"enterText":"021210","selector":{"id":"application-managecontracts-display-component---AddNewContract--zipInput","interaction":{"idSuffix":"inner"}},"clearTextFirst":true,"interactionType":"ENTER_TEXT"}]}
RESULT: {"script":"<script> [776 bytes]","args":[{"enterText":"021210","selector":{"id":"application-managecontracts-display-component---AddNewContract--zipInput","interaction":{"idSuffix":"inner"}},"clearTextFirst":true,"interactionType":"ENTER_TEXT"}]}
COMMAND: POST /session/e957c6d77c4c3b135e6e74b3990b52c8/element - {"using":"xpath","value":"//bdi[contains(@id ,\"application-managecontracts-display-component---AddNewContract--saveBtn-BDI-content\")]"}
RESULT: {"using":"xpath","value":"//bdi[contains(@id ,\"application-managecontracts-display-component---AddNewContract--saveBtn-BDI-content\")]"}
COMMAND: POST /session/e957c6d77c4c3b135e6e74b3990b52c8/element/f.3C6AD4412E448D85C093D3308860BAAC.d.B267BD9F5F938BE69D144902016263FE.e.8420/click - {}
RESULT: {}
COMMAND: GET /session/e957c6d77c4c3b135e6e74b3990b52c8/screenshot - {}
RESULT: {}
COMMAND: POST /session/e957c6d77c4c3b135e6e74b3990b52c8/element - {"using":"xpath","value":"//button[contains(@data-kt ,\"contractDetailEditBtnButton\")]"}
RESULT: {"using":"xpath","value":"//button[contains(@data-kt ,\"contractDetailEditBtnButton\")]"}
COMMAND: POST /session/e957c6d77c4c3b135e6e74b3990b52c8/execute/sync - {"script":"<script> [8489 bytes]","args":[{"element-6066-11e4-a52e-4f735466cecf":"f.3C6AD4412E448D85C093D3308860BAAC.d.B267BD9F5F938BE69D144902016263FE.e.8478","ELEMENT":"f.3C6AD4412E448D85C093D3308860BAAC.d.B267BD9F5F938BE69D144902016263FE.e.8478"}]}
RESULT: {"script":"<script> [8489 bytes]","args":[{"element-6066-11e4-a52e-4f735466cecf":"f.3C6AD4412E448D85C093D3308860BAAC.d.B267BD9F5F938BE69D144902016263FE.e.8478","ELEMENT":"f.3C6AD4412E448D85C093D3308860BAAC.d.B267BD9F5F938BE69D144902016263FE.e.8478"}]}
COMMAND: POST /session/e957c6d77c4c3b135e6e74b3990b52c8/execute/sync - {"script":"<script> [8489 bytes]","args":[{"element-6066-11e4-a52e-4f735466cecf":"f.3C6AD4412E448D85C093D3308860BAAC.d.B267BD9F5F938BE69D144902016263FE.e.8478","ELEMENT":"f.3C6AD4412E448D85C093D3308860BAAC.d.B267BD9F5F938BE69D144902016263FE.e.8478"}]}
COMMAND: GET /session/e957c6d77c4c3b135e6e74b3990b52c8/screenshot - {}
RESULT: {"script":"<script> [8489 bytes]","args":[{"element-6066-11e4-a52e-4f735466cecf":"f.3C6AD4412E448D85C093D3308860BAAC.d.B267BD9F5F938BE69D144902016263FE.e.8478","ELEMENT":"f.3C6AD4412E448D85C093D3308860BAAC.d.B267BD9F5F938BE69D144902016263FE.e.8478"}]}
COMMAND: POST /session/e957c6d77c4c3b135e6e74b3990b52c8/execute/sync - {"script":"<script> [5351 bytes]","args":[{"element-6066-11e4-a52e-4f735466cecf":"f.3C6AD4412E448D85C093D3308860BAAC.d.B267BD9F5F938BE69D144902016263FE.e.8478","ELEMENT":"f.3C6AD4412E448D85C093D3308860BAAC.d.B267BD9F5F938BE69D144902016263FE.e.8478"}]}
COMMAND: GET /session/e957c6d77c4c3b135e6e74b3990b52c8/screenshot - {}
RESULT: {}
RESULT: {"script":"<script> [5351 bytes]","args":[{"element-6066-11e4-a52e-4f735466cecf":"f.3C6AD4412E448D85C093D3308860BAAC.d.B267BD9F5F938BE69D144902016263FE.e.8478","ELEMENT":"f.3C6AD4412E448D85C093D3308860BAAC.d.B267BD9F5F938BE69D144902016263FE.e.8478"}]}
COMMAND: POST /session/e957c6d77c4c3b135e6e74b3990b52c8/execute/async - {"script":"<script> [1562 bytes]","args":[{"selector":{"controlType":"sap.m.Text","viewName":"etm.portal.ui.managecontracts.view.Detail","bindingPath":{"propertyPath":"LINK_TO_C_CONTRACT_TYPES/DESCRIPTION","modelName":"catalogModel"}},"wdio_ui5_key":"etmportal.ui.managecontracts.view.Detailsap.m.Text{\"propertyPath\":\"LINK_TO_C_CONTRACT_TYPES/DESCRIPTION\",\"modelName\":\"catalogModel\"}"}]}
COMMAND: GET /session/e957c6d77c4c3b135e6e74b3990b52c8/screenshot - {}
RESULT: {}
RESULT: {"script":"<script> [1562 bytes]","args":[{"selector":{"controlType":"sap.m.Text","viewName":"etm.portal.ui.managecontracts.view.Detail","bindingPath":{"propertyPath":"LINK_TO_C_CONTRACT_TYPES/DESCRIPTION","modelName":"catalogModel"}},"wdio_ui5_key":"etmportal.ui.managecontracts.view.Detailsap.m.Text{\"propertyPath\":\"LINK_TO_C_CONTRACT_TYPES/DESCRIPTION\",\"modelName\":\"catalogModel\"}"}]}
RESULT: undefined
COMMAND: POST /session/e957c6d77c4c3b135e6e74b3990b52c8/execute/async - {"script":"<script> [6424 bytes]","args":[{"element-6066-11e4-a52e-4f735466cecf":"f.3C6AD4412E448D85C093D3308860BAAC.d.B267BD9F5F938BE69D144902016263FE.e.8479"},"getText",[]]}
RESULT: {}
RESULT: {"script":"<script> [6424 bytes]","args":[{"element-6066-11e4-a52e-4f735466cecf":"f.3C6AD4412E448D85C093D3308860BAAC.d.B267BD9F5F938BE69D144902016263FE.e.8479"},"getText",[]]}
COMMAND: POST /session/e957c6d77c4c3b135e6e74b3990b52c8/element/f.3C6AD4412E448D85C093D3308860BAAC.d.B267BD9F5F938BE69D144902016263FE.e.8478/click - {}
RESULT: {}
COMMAND: GET /session/e957c6d77c4c3b135e6e74b3990b52c8/screenshot - {}
RESULT: {}
]]></system-out>
    </testcase>
  </testsuite>
  <testsuite timestamp="2025-06-12T18:23:44" time="887.763" tests="7" failures="2" errors="2" skipped="0">
    <properties>
      <property name="specId" value="0" />
      <property name="suiteName" value="E2E - Logistical and commercial statuses" />
      <property name="capabilities" value="chrome.137_0_7151_69.windows" />
      <property name="file" value="file:///D:/a/1/s/test/specs/R2C/E2E-Logistical-and-commercial-status.spec.js" />
    </properties>
    <testcase classname="chrome.137_0_7151_69.windows.E2E_-_Logistical_and_commercial_statuses" name="Should create prerequisites yard partner and site" time="325.729">
      <system-out><![CDATA[
COMMAND: POST /session/e957c6d77c4c3b135e6e74b3990b52c8/execute/async - {"script":"<script> [1562 bytes]","args":[{"selector":{"controlType":"sap.m.GenericTile","properties":{"header":"Manage Yards"}},"wdio_ui5_key":"sapm.GenericTile{\"header\":\"Manage Yards\"}"}]}
RESULT: {"script":"<script> [1562 bytes]","args":[{"selector":{"controlType":"sap.m.GenericTile","properties":{"header":"Manage Yards"}},"wdio_ui5_key":"sapm.GenericTile{\"header\":\"Manage Yards\"}"}]}
RESULT: undefined
COMMAND: POST /session/e957c6d77c4c3b135e6e74b3990b52c8/element - {"using":"xpath","value":"//*[@id=\"__tile42\"]"}
RESULT: {"using":"xpath","value":"//*[@id=\"__tile42\"]"}
COMMAND: POST /session/e957c6d77c4c3b135e6e74b3990b52c8/element/f.3C6AD4412E448D85C093D3308860BAAC.d.6C4DD197CB67D45939A49478BDF35B3D.e.8732/click - {}
RESULT: {}
COMMAND: GET /session/e957c6d77c4c3b135e6e74b3990b52c8/screenshot - {}
RESULT: {}
COMMAND: POST /session/e957c6d77c4c3b135e6e74b3990b52c8/elements - {"using":"xpath","value":"//span[text()='Error']"}
RESULT: {"using":"xpath","value":"//span[text()='Error']"}
COMMAND: POST /session/e957c6d77c4c3b135e6e74b3990b52c8/execute/async - {"script":"<script> [1562 bytes]","args":[{"selector":{"controlType":"sap.ui.core.Icon","viewName":"etm.portal.ui.manageyards.view.Master","viewId":"application-manageyards-display-component---masterYard","properties":{"src":{"regex":{"source":"add"}}}},"wdio_ui5_key":"etmportal.ui.manageyards.view.Mastersap.ui.core.Icon{\"src\":{\"regex\":{\"source\":\"add\"}}}"}]}
RESULT: {"script":"<script> [1562 bytes]","args":[{"selector":{"controlType":"sap.ui.core.Icon","viewName":"etm.portal.ui.manageyards.view.Master","viewId":"application-manageyards-display-component---masterYard","properties":{"src":{"regex":{"source":"add"}}}},"wdio_ui5_key":"etmportal.ui.manageyards.view.Mastersap.ui.core.Icon{\"src\":{\"regex\":{\"source\":\"add\"}}}"}]}
RESULT: undefined
COMMAND: POST /session/e957c6d77c4c3b135e6e74b3990b52c8/element - {"using":"xpath","value":"//*[@id=\"__button16-img\"]"}
RESULT: {"using":"xpath","value":"//*[@id=\"__button16-img\"]"}
COMMAND: POST /session/e957c6d77c4c3b135e6e74b3990b52c8/element/f.3C6AD4412E448D85C093D3308860BAAC.d.6C4DD197CB67D45939A49478BDF35B3D.e.8770/click - {}
RESULT: {}
COMMAND: GET /session/e957c6d77c4c3b135e6e74b3990b52c8/screenshot - {}
RESULT: {}
COMMAND: POST /session/e957c6d77c4c3b135e6e74b3990b52c8/execute/async - {"script":"<script> [1562 bytes]","args":[{"selector":{"id":"application-manageyards-display-component---NewYard--yardId","interaction":{"idSuffix":"inner"}},"wdio_ui5_key":"applicationmanageyards-display-component---NewYard--yardId"}]}
RESULT: {"script":"<script> [1562 bytes]","args":[{"selector":{"id":"application-manageyards-display-component---NewYard--yardId","interaction":{"idSuffix":"inner"}},"wdio_ui5_key":"applicationmanageyards-display-component---NewYard--yardId"}]}
RESULT: undefined
COMMAND: POST /session/e957c6d77c4c3b135e6e74b3990b52c8/element - {"using":"xpath","value":"//*[@id=\"application-manageyards-display-component---NewYard--addressDetailDetailsName1-inner\"]"}
RESULT: {"using":"xpath","value":"//*[@id=\"application-manageyards-display-component---NewYard--addressDetailDetailsName1-inner\"]"}
COMMAND: POST /session/e957c6d77c4c3b135e6e74b3990b52c8/element/f.3C6AD4412E448D85C093D3308860BAAC.d.6C4DD197CB67D45939A49478BDF35B3D.e.9028/clear - {}
RESULT: {}
COMMAND: POST /session/e957c6d77c4c3b135e6e74b3990b52c8/element/f.3C6AD4412E448D85C093D3308860BAAC.d.6C4DD197CB67D45939A49478BDF35B3D.e.9028/value - {"text":"WebdriverYardk1l2w"}
COMMAND: GET /session/e957c6d77c4c3b135e6e74b3990b52c8/screenshot - {}
RESULT: {"text":"WebdriverYardk1l2w"}
COMMAND: POST /session/e957c6d77c4c3b135e6e74b3990b52c8/element - {"using":"xpath","value":"//*[@id=\"application-manageyards-display-component---NewYard--addressDetailDetailsLanguage-inner\"]"}
COMMAND: GET /session/e957c6d77c4c3b135e6e74b3990b52c8/screenshot - {}
RESULT: {}
RESULT: {"using":"xpath","value":"//*[@id=\"application-manageyards-display-component---NewYard--addressDetailDetailsLanguage-inner\"]"}
COMMAND: POST /session/e957c6d77c4c3b135e6e74b3990b52c8/element/f.3C6AD4412E448D85C093D3308860BAAC.d.6C4DD197CB67D45939A49478BDF35B3D.e.9029/clear - {}
RESULT: {}
RESULT: {}
COMMAND: POST /session/e957c6d77c4c3b135e6e74b3990b52c8/element/f.3C6AD4412E448D85C093D3308860BAAC.d.6C4DD197CB67D45939A49478BDF35B3D.e.9029/value - {"text":"Romanian"}
COMMAND: GET /session/e957c6d77c4c3b135e6e74b3990b52c8/screenshot - {}
RESULT: {"text":"Romanian"}
COMMAND: POST /session/e957c6d77c4c3b135e6e74b3990b52c8/element - {"using":"xpath","value":"//input[contains(@id ,\"application-manageyards-display-component---NewYard--addressDetailDetailsName1-inner\")]"}
COMMAND: GET /session/e957c6d77c4c3b135e6e74b3990b52c8/screenshot - {}
RESULT: {}
RESULT: {"using":"xpath","value":"//input[contains(@id ,\"application-manageyards-display-component---NewYard--addressDetailDetailsName1-inner\")]"}
COMMAND: GET /session/e957c6d77c4c3b135e6e74b3990b52c8/element/f.3C6AD4412E448D85C093D3308860BAAC.d.6C4DD197CB67D45939A49478BDF35B3D.e.9028/property/value - {}
RESULT: {}
RESULT: {}
COMMAND: GET /session/e957c6d77c4c3b135e6e74b3990b52c8/screenshot - {}
RESULT: {}
COMMAND: POST /session/e957c6d77c4c3b135e6e74b3990b52c8/element - {"using":"xpath","value":"//*[@id=\"application-manageyards-display-component---NewYard--addressDetailDetailsCity1-inner\"]"}
RESULT: {"using":"xpath","value":"//*[@id=\"application-manageyards-display-component---NewYard--addressDetailDetailsCity1-inner\"]"}
COMMAND: POST /session/e957c6d77c4c3b135e6e74b3990b52c8/element/f.3C6AD4412E448D85C093D3308860BAAC.d.6C4DD197CB67D45939A49478BDF35B3D.e.9031/clear - {}
RESULT: {}
COMMAND: POST /session/e957c6d77c4c3b135e6e74b3990b52c8/element/f.3C6AD4412E448D85C093D3308860BAAC.d.6C4DD197CB67D45939A49478BDF35B3D.e.9031/value - {"text":"Bucuresti"}
COMMAND: GET /session/e957c6d77c4c3b135e6e74b3990b52c8/screenshot - {}
RESULT: {"text":"Bucuresti"}
COMMAND: GET /session/e957c6d77c4c3b135e6e74b3990b52c8/screenshot - {}
RESULT: {}
RESULT: {}
COMMAND: POST /session/e957c6d77c4c3b135e6e74b3990b52c8/element - {"using":"xpath","value":"//*[@id=\"application-manageyards-display-component---NewYard--addressDetailDetailsCountry-inner\"]"}
RESULT: {"using":"xpath","value":"//*[@id=\"application-manageyards-display-component---NewYard--addressDetailDetailsCountry-inner\"]"}
COMMAND: POST /session/e957c6d77c4c3b135e6e74b3990b52c8/element/f.3C6AD4412E448D85C093D3308860BAAC.d.6C4DD197CB67D45939A49478BDF35B3D.e.9035/clear - {}
RESULT: {}
COMMAND: POST /session/e957c6d77c4c3b135e6e74b3990b52c8/element/f.3C6AD4412E448D85C093D3308860BAAC.d.6C4DD197CB67D45939A49478BDF35B3D.e.9035/value - {"text":"Romania"}
COMMAND: GET /session/e957c6d77c4c3b135e6e74b3990b52c8/screenshot - {}
RESULT: {"text":"Romania"}
COMMAND: GET /session/e957c6d77c4c3b135e6e74b3990b52c8/screenshot - {}
RESULT: {}
RESULT: {}
COMMAND: POST /session/e957c6d77c4c3b135e6e74b3990b52c8/element - {"using":"xpath","value":"//div[contains(text(), \"Commercial\")]"}
RESULT: {"using":"xpath","value":"//div[contains(text(), \"Commercial\")]"}
COMMAND: GET /session/e957c6d77c4c3b135e6e74b3990b52c8/element/f.3C6AD4412E448D85C093D3308860BAAC.d.6C4DD197CB67D45939A49478BDF35B3D.e.9204/rect - {}
RESULT: {}
COMMAND: GET /session/e957c6d77c4c3b135e6e74b3990b52c8/window/rect - {}
RESULT: {}
COMMAND: POST /session/e957c6d77c4c3b135e6e74b3990b52c8/execute/sync - {"script":"<script> [92 bytes]","args":[]}
RESULT: {"script":"<script> [92 bytes]","args":[]}
COMMAND: POST /session/e957c6d77c4c3b135e6e74b3990b52c8/actions - {"actions":[{"id":"action63","type":"wheel","parameters":{},"actions":[{"type":"scroll","x":-1841,"y":-44,"deltaX":0,"deltaY":0,"duration":0,"origin":{"element-6066-11e4-a52e-4f735466cecf":"f.3C6AD4412E448D85C093D3308860BAAC.d.6C4DD197CB67D45939A49478BDF35B3D.e.9204"}}]}]}
COMMAND: GET /session/e957c6d77c4c3b135e6e74b3990b52c8/screenshot - {}
RESULT: {}
COMMAND: POST /session/e957c6d77c4c3b135e6e74b3990b52c8/execute/sync - {"script":"<script> [79 bytes]","args":[{"element-6066-11e4-a52e-4f735466cecf":"f.3C6AD4412E448D85C093D3308860BAAC.d.6C4DD197CB67D45939A49478BDF35B3D.e.9204","ELEMENT":"f.3C6AD4412E448D85C093D3308860BAAC.d.6C4DD197CB67D45939A49478BDF35B3D.e.9204"},{"block":"start","inline":"nearest"}]}
RESULT: {"script":"<script> [79 bytes]","args":[{"element-6066-11e4-a52e-4f735466cecf":"f.3C6AD4412E448D85C093D3308860BAAC.d.6C4DD197CB67D45939A49478BDF35B3D.e.9204","ELEMENT":"f.3C6AD4412E448D85C093D3308860BAAC.d.6C4DD197CB67D45939A49478BDF35B3D.e.9204"},{"block":"start","inline":"nearest"}]}
COMMAND: GET /session/e957c6d77c4c3b135e6e74b3990b52c8/screenshot - {}
RESULT: {}
COMMAND: POST /session/e957c6d77c4c3b135e6e74b3990b52c8/execute/async - {"script":"<script> [1562 bytes]","args":[{"selector":{"id":"application-manageyards-display-component---NewYard--addressEditDetailsCostObjectCstType-arrow"},"wdio_ui5_key":"applicationmanageyards-display-component---NewYard--addressEditDetailsCostObjectCstType-arrow"}]}
RESULT: {"script":"<script> [1562 bytes]","args":[{"selector":{"id":"application-manageyards-display-component---NewYard--addressEditDetailsCostObjectCstType-arrow"},"wdio_ui5_key":"applicationmanageyards-display-component---NewYard--addressEditDetailsCostObjectCstType-arrow"}]}
RESULT: undefined
COMMAND: POST /session/e957c6d77c4c3b135e6e74b3990b52c8/element - {"using":"xpath","value":"//*[@id=\"application-manageyards-display-component---NewYard--addressEditDetailsCostObjectCstType-arrow\"]"}
RESULT: {"using":"xpath","value":"//*[@id=\"application-manageyards-display-component---NewYard--addressEditDetailsCostObjectCstType-arrow\"]"}
COMMAND: POST /session/e957c6d77c4c3b135e6e74b3990b52c8/element/f.3C6AD4412E448D85C093D3308860BAAC.d.6C4DD197CB67D45939A49478BDF35B3D.e.9212/click - {}
RESULT: {}
COMMAND: POST /session/e957c6d77c4c3b135e6e74b3990b52c8/element - {"using":"xpath","value":"//span[contains(text(), \"Cost Center\")]"}
COMMAND: GET /session/e957c6d77c4c3b135e6e74b3990b52c8/screenshot - {}
RESULT: {"using":"xpath","value":"//span[contains(text(), \"Cost Center\")]"}
COMMAND: POST /session/e957c6d77c4c3b135e6e74b3990b52c8/element/f.3C6AD4412E448D85C093D3308860BAAC.d.6C4DD197CB67D45939A49478BDF35B3D.e.9213/click - {}
RESULT: {}
RESULT: {}
COMMAND: GET /session/e957c6d77c4c3b135e6e74b3990b52c8/screenshot - {}
RESULT: {}
COMMAND: POST /session/e957c6d77c4c3b135e6e74b3990b52c8/execute/async - {"script":"<script> [1562 bytes]","args":[{"selector":{"id":"application-manageyards-display-component---NewYard--addressNewCostObjectCstID-vhi"},"wdio_ui5_key":"applicationmanageyards-display-component---NewYard--addressNewCostObjectCstID-vhi"}]}
RESULT: {"script":"<script> [1562 bytes]","args":[{"selector":{"id":"application-manageyards-display-component---NewYard--addressNewCostObjectCstID-vhi"},"wdio_ui5_key":"applicationmanageyards-display-component---NewYard--addressNewCostObjectCstID-vhi"}]}
RESULT: undefined
COMMAND: POST /session/e957c6d77c4c3b135e6e74b3990b52c8/element - {"using":"xpath","value":"//*[@id=\"application-manageyards-display-component---NewYard--addressNewCostObjectCstID-vhi\"]"}
RESULT: {"using":"xpath","value":"//*[@id=\"application-manageyards-display-component---NewYard--addressNewCostObjectCstID-vhi\"]"}
COMMAND: POST /session/e957c6d77c4c3b135e6e74b3990b52c8/element/f.3C6AD4412E448D85C093D3308860BAAC.d.6C4DD197CB67D45939A49478BDF35B3D.e.9217/click - {}
RESULT: {}
COMMAND: GET /session/e957c6d77c4c3b135e6e74b3990b52c8/screenshot - {}
RESULT: {}
COMMAND: POST /session/e957c6d77c4c3b135e6e74b3990b52c8/execute/async - {"script":"<script> [1562 bytes]","args":[{"selector":{"controlType":"sap.m.SearchField","properties":{"placeholder":"Search"},"searchOpenDialogs":true,"interaction":{"idSuffix":"I"}},"wdio_ui5_key":"sapm.SearchField{\"placeholder\":\"Search\"}"}]}
RESULT: {"script":"<script> [1562 bytes]","args":[{"selector":{"controlType":"sap.m.SearchField","properties":{"placeholder":"Search"},"searchOpenDialogs":true,"interaction":{"idSuffix":"I"}},"wdio_ui5_key":"sapm.SearchField{\"placeholder\":\"Search\"}"}]}
RESULT: undefined
COMMAND: POST /session/e957c6d77c4c3b135e6e74b3990b52c8/execute/async - {"script":"<script> [776 bytes]","args":[{"enterText":"10001013","selector":{"controlType":"sap.m.SearchField","properties":{"placeholder":"Search"},"searchOpenDialogs":true,"interaction":{"idSuffix":"I"}},"clearTextFirst":true,"interactionType":"ENTER_TEXT"}]}
RESULT: {"script":"<script> [776 bytes]","args":[{"enterText":"10001013","selector":{"controlType":"sap.m.SearchField","properties":{"placeholder":"Search"},"searchOpenDialogs":true,"interaction":{"idSuffix":"I"}},"clearTextFirst":true,"interactionType":"ENTER_TEXT"}]}
COMMAND: POST /session/e957c6d77c4c3b135e6e74b3990b52c8/actions - {"actions":[{"id":"action64","type":"key","parameters":{},"actions":[{"type":"keyDown","value":"î€‡"},{"type":"pause","duration":10},{"type":"keyUp","value":"î€‡"}]}]}
RESULT: {"actions":[{"id":"action64","type":"key","parameters":{},"actions":[{"type":"keyDown","value":"î€‡"},{"type":"pause","duration":10},{"type":"keyUp","value":"î€‡"}]}]}
COMMAND: GET /session/e957c6d77c4c3b135e6e74b3990b52c8/screenshot - {}
RESULT: {}
COMMAND: POST /session/e957c6d77c4c3b135e6e74b3990b52c8/element - {"using":"xpath","value":"//span[contains(text(), \"General Management\")]"}
RESULT: {"using":"xpath","value":"//span[contains(text(), \"General Management\")]"}
COMMAND: POST /session/e957c6d77c4c3b135e6e74b3990b52c8/element/f.3C6AD4412E448D85C093D3308860BAAC.d.6C4DD197CB67D45939A49478BDF35B3D.e.9258/click - {}
RESULT: {}
COMMAND: GET /session/e957c6d77c4c3b135e6e74b3990b52c8/screenshot - {}
RESULT: {}
COMMAND: POST /session/e957c6d77c4c3b135e6e74b3990b52c8/element - {"using":"xpath","value":"//bdi[contains(text(), \"OK\")]"}
RESULT: {"using":"xpath","value":"//bdi[contains(text(), \"OK\")]"}
COMMAND: POST /session/e957c6d77c4c3b135e6e74b3990b52c8/element/f.3C6AD4412E448D85C093D3308860BAAC.d.6C4DD197CB67D45939A49478BDF35B3D.e.9259/click - {}
RESULT: {}
COMMAND: GET /session/e957c6d77c4c3b135e6e74b3990b52c8/screenshot - {}
RESULT: {}
COMMAND: POST /session/e957c6d77c4c3b135e6e74b3990b52c8/execute/async - {"script":"<script> [1562 bytes]","args":[{"selector":{"controlType":"sap.m.Button","viewName":"etm.portal.ui.manageyards.view.New","viewId":"application-manageyards-display-component---NewYard","i18NText":{"propertyName":"text","key":"save"},"interaction":{"idSuffix":"inner"}},"wdio_ui5_key":"etmportal.ui.manageyards.view.Newsap.m.Button{\"propertyName\":\"text\",\"key\":\"save\"}"}]}
RESULT: {"script":"<script> [1562 bytes]","args":[{"selector":{"controlType":"sap.m.Button","viewName":"etm.portal.ui.manageyards.view.New","viewId":"application-manageyards-display-component---NewYard","i18NText":{"propertyName":"text","key":"save"},"interaction":{"idSuffix":"inner"}},"wdio_ui5_key":"etmportal.ui.manageyards.view.Newsap.m.Button{\"propertyName\":\"text\",\"key\":\"save\"}"}]}
RESULT: undefined
COMMAND: POST /session/e957c6d77c4c3b135e6e74b3990b52c8/element - {"using":"xpath","value":"//*[@id=\"__button30\"]"}
RESULT: {"using":"xpath","value":"//*[@id=\"__button30\"]"}
COMMAND: POST /session/e957c6d77c4c3b135e6e74b3990b52c8/element/f.3C6AD4412E448D85C093D3308860BAAC.d.6C4DD197CB67D45939A49478BDF35B3D.e.9192/click - {}
RESULT: {}
COMMAND: GET /session/e957c6d77c4c3b135e6e74b3990b52c8/screenshot - {}
RESULT: {}
COMMAND: POST /session/e957c6d77c4c3b135e6e74b3990b52c8/element - {"using":"xpath","value":"//header/div/div[2]/div[2]/span"}
RESULT: {"using":"xpath","value":"//header/div/div[2]/div[2]/span"}
COMMAND: GET /session/e957c6d77c4c3b135e6e74b3990b52c8/element/f.3C6AD4412E448D85C093D3308860BAAC.d.6C4DD197CB67D45939A49478BDF35B3D.e.9459/text - {}
RESULT: {}
COMMAND: POST /session/e957c6d77c4c3b135e6e74b3990b52c8/execute/async - {"script":"<script> [1562 bytes]","args":[{"selector":{"controlType":"sap.m.OverflowToolbarButton","viewName":"etm.portal.ui.manageyards.view.Detail","viewId":"application-manageyards-display-component---detailYard","i18NText":{"propertyName":"tooltip","key":"closeColumn"},"interaction":{"idSuffix":"inner"}},"wdio_ui5_key":"etmportal.ui.manageyards.view.Detailsap.m.OverflowToolbarButton{\"propertyName\":\"tooltip\",\"key\":\"closeColumn\"}"}]}
RESULT: {"script":"<script> [1562 bytes]","args":[{"selector":{"controlType":"sap.m.OverflowToolbarButton","viewName":"etm.portal.ui.manageyards.view.Detail","viewId":"application-manageyards-display-component---detailYard","i18NText":{"propertyName":"tooltip","key":"closeColumn"},"interaction":{"idSuffix":"inner"}},"wdio_ui5_key":"etmportal.ui.manageyards.view.Detailsap.m.OverflowToolbarButton{\"propertyName\":\"tooltip\",\"key\":\"closeColumn\"}"}]}
RESULT: undefined
COMMAND: POST /session/e957c6d77c4c3b135e6e74b3990b52c8/element - {"using":"xpath","value":"//*[@id=\"__button54\"]"}
RESULT: {"using":"xpath","value":"//*[@id=\"__button54\"]"}
COMMAND: POST /session/e957c6d77c4c3b135e6e74b3990b52c8/element/f.3C6AD4412E448D85C093D3308860BAAC.d.6C4DD197CB67D45939A49478BDF35B3D.e.9461/click - {}
RESULT: {}
COMMAND: GET /session/e957c6d77c4c3b135e6e74b3990b52c8/screenshot - {}
RESULT: {}
COMMAND: POST /session/e957c6d77c4c3b135e6e74b3990b52c8/element - {"using":"css selector","value":"#shell-header-logo"}
RESULT: {"using":"css selector","value":"#shell-header-logo"}
COMMAND: POST /session/e957c6d77c4c3b135e6e74b3990b52c8/element/f.3C6AD4412E448D85C093D3308860BAAC.d.6C4DD197CB67D45939A49478BDF35B3D.e.8736/click - {}
RESULT: {}
COMMAND: GET /session/e957c6d77c4c3b135e6e74b3990b52c8/screenshot - {}
RESULT: {}
COMMAND: POST /session/e957c6d77c4c3b135e6e74b3990b52c8/refresh - {}
RESULT: {}
COMMAND: GET /session/e957c6d77c4c3b135e6e74b3990b52c8/screenshot - {}
RESULT: {}
COMMAND: POST /session/e957c6d77c4c3b135e6e74b3990b52c8/execute/async - {"script":"<script> [189 bytes]","args":[]}
RESULT: {"script":"<script> [189 bytes]","args":[]}
COMMAND: POST /session/e957c6d77c4c3b135e6e74b3990b52c8/execute/async - {"script":"<script> [123 bytes]","args":[]}
RESULT: {"script":"<script> [123 bytes]","args":[]}
COMMAND: POST /session/e957c6d77c4c3b135e6e74b3990b52c8/timeouts - {"script":"<number>"}
RESULT: {"script":"<number>"}
COMMAND: GET /session/e957c6d77c4c3b135e6e74b3990b52c8/timeouts - {}
RESULT: {}
RESULT: undefined
COMMAND: POST /session/e957c6d77c4c3b135e6e74b3990b52c8/execute/async - {"script":"<script> [2676 bytes]","args":[]}
RESULT: {"script":"<script> [2676 bytes]","args":[]}
COMMAND: POST /session/e957c6d77c4c3b135e6e74b3990b52c8/execute/async - {"script":"<script> [2342 bytes]","args":[{"protocol":"http","hostname":"0.0.0.0","path":"/","capabilities":{"browserName":"chrome","goog:chromeOptions":{"binary":"C:\\Program Files\\Google\\Chrome\\Application\\chrome.exe","args":["--start-maximized"]}},"logLevel":"warn","connectionRetryTimeout":120000,"connectionRetryCount":3,"logLevels":{},"enableDirectConnect":true,"strictSSL":true,"_":"65 more keys: [\"cacheDir\",\"port\",\"requestedCapabilities\",\"automationProtocol\",\"baseUrl\",\"waitforInterval\",\"waitforTimeout\",\"onReload\",\"beforeCommand\",\"afterCommand\",\"rootDir\",\"specs\",\"suites\",\"exclude\",\"groupLogsByTestSpec\",\"excludeDriverLogs\",\"bail\",\"framework\",\"reporters\",\"services\",\"maxInstances\",\"maxInstancesPerCapability\",\"injectGlobals\",\"filesToWatch\",\"execArgv\",\"runnerEnv\",\"runner\",\"shard\",\"specFileRetries\",\"specFileRetriesDelay\",\"specFileRetriesDeferred\",\"reporterSyncInterval\",\"reporterSyncTimeout\",\"cucumberFeaturesWithLineNumbers\",\"autoCompileOpts\",\"mochaOpts\",\"jasmineOpts\",\"cucumberOpts\",\"onPrepare\",\"onWorkerStart\",\"onWorkerEnd\",\"before\",\"beforeSession\",\"beforeSuite\",\"beforeHook\",\"beforeTest\",\"afterTest\",\"afterHook\",\"afterSuite\",\"afterSession\",\"after\",\"onComplete\",\"beforeAssertion\",\"afterAssertion\",\"beforeFeature\",\"beforeScenario\",\"beforeStep\",\"afterStep\",\"afterScenario\",\"afterFeature\",\"_\",\"suite\",\"$0\",\"ignoredWorkerServices\",\"wdi5\"]"}]}
RESULT: {"script":"<script> [2342 bytes]","args":[{"protocol":"http","hostname":"0.0.0.0","path":"/","capabilities":{"browserName":"chrome","goog:chromeOptions":{"binary":"C:\\Program Files\\Google\\Chrome\\Application\\chrome.exe","args":["--start-maximized"]}},"logLevel":"warn","connectionRetryTimeout":120000,"connectionRetryCount":3,"logLevels":{},"enableDirectConnect":true,"strictSSL":true,"_":"65 more keys: [\"cacheDir\",\"port\",\"requestedCapabilities\",\"automationProtocol\",\"baseUrl\",\"waitforInterval\",\"waitforTimeout\",\"onReload\",\"beforeCommand\",\"afterCommand\",\"rootDir\",\"specs\",\"suites\",\"exclude\",\"groupLogsByTestSpec\",\"excludeDriverLogs\",\"bail\",\"framework\",\"reporters\",\"services\",\"maxInstances\",\"maxInstancesPerCapability\",\"injectGlobals\",\"filesToWatch\",\"execArgv\",\"runnerEnv\",\"runner\",\"shard\",\"specFileRetries\",\"specFileRetriesDelay\",\"specFileRetriesDeferred\",\"reporterSyncInterval\",\"reporterSyncTimeout\",\"cucumberFeaturesWithLineNumbers\",\"autoCompileOpts\",\"mochaOpts\",\"jasmineOpts\",\"cucumberOpts\",\"onPrepare\",\"onWorkerStart\",\"onWorkerEnd\",\"before\",\"beforeSession\",\"beforeSuite\",\"beforeHook\",\"beforeTest\",\"afterTest\",\"afterHook\",\"afterSuite\",\"afterSession\",\"after\",\"onComplete\",\"beforeAssertion\",\"afterAssertion\",\"beforeFeature\",\"beforeScenario\",\"beforeStep\",\"afterStep\",\"afterScenario\",\"afterFeature\",\"_\",\"suite\",\"$0\",\"ignoredWorkerServices\",\"wdi5\"]"}]}
COMMAND: POST /session/e957c6d77c4c3b135e6e74b3990b52c8/execute/async - {"script":"<script> [21126 bytes]","args":[35000]}
RESULT: {"script":"<script> [21126 bytes]","args":[35000]}
COMMAND: POST /session/e957c6d77c4c3b135e6e74b3990b52c8/execute/async - {"script":"<script> [1562 bytes]","args":[{"selector":{"controlType":"sap.m.GenericTile","properties":{"header":"Manage Partners"}},"wdio_ui5_key":"sapm.GenericTile{\"header\":\"Manage Partners\"}"}]}
RESULT: {"script":"<script> [1562 bytes]","args":[{"selector":{"controlType":"sap.m.GenericTile","properties":{"header":"Manage Partners"}},"wdio_ui5_key":"sapm.GenericTile{\"header\":\"Manage Partners\"}"}]}
RESULT: undefined
COMMAND: POST /session/e957c6d77c4c3b135e6e74b3990b52c8/element - {"using":"xpath","value":"//*[@id=\"__tile39\"]"}
RESULT: {"using":"xpath","value":"//*[@id=\"__tile39\"]"}
COMMAND: POST /session/e957c6d77c4c3b135e6e74b3990b52c8/element/f.3C6AD4412E448D85C093D3308860BAAC.d.14263130A191361F7216A0BD24E25498.e.9810/click - {}
RESULT: {}
COMMAND: GET /session/e957c6d77c4c3b135e6e74b3990b52c8/screenshot - {}
RESULT: {}
COMMAND: POST /session/e957c6d77c4c3b135e6e74b3990b52c8/elements - {"using":"xpath","value":"//span[text()='Error']"}
RESULT: {"using":"xpath","value":"//span[text()='Error']"}
COMMAND: POST /session/e957c6d77c4c3b135e6e74b3990b52c8/execute/async - {"script":"<script> [1562 bytes]","args":[{"selector":{"controlType":"sap.ui.core.Icon","viewName":"etm.portal.ui.managepartners.view.Master","viewId":"application-managepartners-display-component---masterPtm","properties":{"src":{"regex":{"source":"add"}}}},"wdio_ui5_key":"etmportal.ui.managepartners.view.Mastersap.ui.core.Icon{\"src\":{\"regex\":{\"source\":\"add\"}}}"}]}
RESULT: {"script":"<script> [1562 bytes]","args":[{"selector":{"controlType":"sap.ui.core.Icon","viewName":"etm.portal.ui.managepartners.view.Master","viewId":"application-managepartners-display-component---masterPtm","properties":{"src":{"regex":{"source":"add"}}}},"wdio_ui5_key":"etmportal.ui.managepartners.view.Mastersap.ui.core.Icon{\"src\":{\"regex\":{\"source\":\"add\"}}}"}]}
RESULT: undefined
COMMAND: POST /session/e957c6d77c4c3b135e6e74b3990b52c8/element - {"using":"xpath","value":"//*[@id=\"__button4-img\"]"}
RESULT: {"using":"xpath","value":"//*[@id=\"__button4-img\"]"}
COMMAND: POST /session/e957c6d77c4c3b135e6e74b3990b52c8/element/f.3C6AD4412E448D85C093D3308860BAAC.d.14263130A191361F7216A0BD24E25498.e.9860/click - {}
RESULT: {}
COMMAND: GET /session/e957c6d77c4c3b135e6e74b3990b52c8/screenshot - {}
RESULT: {}
COMMAND: POST /session/e957c6d77c4c3b135e6e74b3990b52c8/execute/async - {"script":"<script> [1562 bytes]","args":[{"selector":{"id":"application-managepartners-display-component---NewPartner--partnerId","interaction":{"idSuffix":"inner"}},"wdio_ui5_key":"applicationmanagepartners-display-component---NewPartner--partnerId"}]}
RESULT: {"script":"<script> [1562 bytes]","args":[{"selector":{"id":"application-managepartners-display-component---NewPartner--partnerId","interaction":{"idSuffix":"inner"}},"wdio_ui5_key":"applicationmanagepartners-display-component---NewPartner--partnerId"}]}
RESULT: undefined
COMMAND: POST /session/e957c6d77c4c3b135e6e74b3990b52c8/execute/async - {"script":"<script> [1562 bytes]","args":[{"selector":{"id":"application-managepartners-display-component---NewPartner--addressDetailDetailsName1","interaction":{"idSuffix":"inner"}},"wdio_ui5_key":"applicationmanagepartners-display-component---NewPartner--addressDetailDetailsName1"}]}
RESULT: {"script":"<script> [1562 bytes]","args":[{"selector":{"id":"application-managepartners-display-component---NewPartner--addressDetailDetailsName1","interaction":{"idSuffix":"inner"}},"wdio_ui5_key":"applicationmanagepartners-display-component---NewPartner--addressDetailDetailsName1"}]}
RESULT: undefined
COMMAND: POST /session/e957c6d77c4c3b135e6e74b3990b52c8/execute/async - {"script":"<script> [776 bytes]","args":[{"enterText":"WebdriverPartnerzdjj6","selector":{"id":"application-managepartners-display-component---NewPartner--addressDetailDetailsName1","interaction":{"idSuffix":"inner"}},"clearTextFirst":true,"interactionType":"ENTER_TEXT"}]}
RESULT: {"script":"<script> [776 bytes]","args":[{"enterText":"WebdriverPartnerzdjj6","selector":{"id":"application-managepartners-display-component---NewPartner--addressDetailDetailsName1","interaction":{"idSuffix":"inner"}},"clearTextFirst":true,"interactionType":"ENTER_TEXT"}]}
COMMAND: POST /session/e957c6d77c4c3b135e6e74b3990b52c8/execute/async - {"script":"<script> [1562 bytes]","args":[{"selector":{"id":"application-managepartners-display-component---NewPartner--addressDetailDetailsLanguage","interaction":{"idSuffix":"inner"}},"wdio_ui5_key":"applicationmanagepartners-display-component---NewPartner--addressDetailDetailsLanguage"}]}
RESULT: {"script":"<script> [1562 bytes]","args":[{"selector":{"id":"application-managepartners-display-component---NewPartner--addressDetailDetailsLanguage","interaction":{"idSuffix":"inner"}},"wdio_ui5_key":"applicationmanagepartners-display-component---NewPartner--addressDetailDetailsLanguage"}]}
RESULT: undefined
COMMAND: POST /session/e957c6d77c4c3b135e6e74b3990b52c8/execute/async - {"script":"<script> [776 bytes]","args":[{"enterText":"Romanian","selector":{"id":"application-managepartners-display-component---NewPartner--addressDetailDetailsLanguage","interaction":{"idSuffix":"inner"}},"clearTextFirst":true,"interactionType":"ENTER_TEXT"}]}
RESULT: {"script":"<script> [776 bytes]","args":[{"enterText":"Romanian","selector":{"id":"application-managepartners-display-component---NewPartner--addressDetailDetailsLanguage","interaction":{"idSuffix":"inner"}},"clearTextFirst":true,"interactionType":"ENTER_TEXT"}]}
COMMAND: POST /session/e957c6d77c4c3b135e6e74b3990b52c8/element - {"using":"xpath","value":"//input[contains(@id ,\"application-managepartners-display-component---NewPartner--addressDetailDetailsName1-inner\")]"}
RESULT: {"using":"xpath","value":"//input[contains(@id ,\"application-managepartners-display-component---NewPartner--addressDetailDetailsName1-inner\")]"}
COMMAND: GET /session/e957c6d77c4c3b135e6e74b3990b52c8/element/f.3C6AD4412E448D85C093D3308860BAAC.d.14263130A191361F7216A0BD24E25498.e.9992/property/value - {}
RESULT: {}
COMMAND: POST /session/e957c6d77c4c3b135e6e74b3990b52c8/execute/async - {"script":"<script> [1562 bytes]","args":[{"selector":{"id":"application-managepartners-display-component---NewPartner--addressDetailDetailsCity1","interaction":{"idSuffix":"inner"}},"wdio_ui5_key":"applicationmanagepartners-display-component---NewPartner--addressDetailDetailsCity1"}]}
COMMAND: GET /session/e957c6d77c4c3b135e6e74b3990b52c8/screenshot - {}
RESULT: {"script":"<script> [1562 bytes]","args":[{"selector":{"id":"application-managepartners-display-component---NewPartner--addressDetailDetailsCity1","interaction":{"idSuffix":"inner"}},"wdio_ui5_key":"applicationmanagepartners-display-component---NewPartner--addressDetailDetailsCity1"}]}
RESULT: undefined
COMMAND: POST /session/e957c6d77c4c3b135e6e74b3990b52c8/execute/async - {"script":"<script> [776 bytes]","args":[{"enterText":"Bucharest","selector":{"id":"application-managepartners-display-component---NewPartner--addressDetailDetailsCity1","interaction":{"idSuffix":"inner"}},"clearTextFirst":true,"interactionType":"ENTER_TEXT"}]}
RESULT: {}
RESULT: {"script":"<script> [776 bytes]","args":[{"enterText":"Bucharest","selector":{"id":"application-managepartners-display-component---NewPartner--addressDetailDetailsCity1","interaction":{"idSuffix":"inner"}},"clearTextFirst":true,"interactionType":"ENTER_TEXT"}]}
COMMAND: POST /session/e957c6d77c4c3b135e6e74b3990b52c8/execute/async - {"script":"<script> [1562 bytes]","args":[{"selector":{"id":"application-managepartners-display-component---NewPartner--addressDetailDetailsCountry","interaction":{"idSuffix":"inner"}},"wdio_ui5_key":"applicationmanagepartners-display-component---NewPartner--addressDetailDetailsCountry"}]}
RESULT: {"script":"<script> [1562 bytes]","args":[{"selector":{"id":"application-managepartners-display-component---NewPartner--addressDetailDetailsCountry","interaction":{"idSuffix":"inner"}},"wdio_ui5_key":"applicationmanagepartners-display-component---NewPartner--addressDetailDetailsCountry"}]}
RESULT: undefined
COMMAND: POST /session/e957c6d77c4c3b135e6e74b3990b52c8/execute/async - {"script":"<script> [6424 bytes]","args":[{"element-6066-11e4-a52e-4f735466cecf":"f.3C6AD4412E448D85C093D3308860BAAC.d.14263130A191361F7216A0BD24E25498.e.9999"},"setValue",["Romania"]]}
RESULT: {"script":"<script> [6424 bytes]","args":[{"element-6066-11e4-a52e-4f735466cecf":"f.3C6AD4412E448D85C093D3308860BAAC.d.14263130A191361F7216A0BD24E25498.e.9999"},"setValue",["Romania"]]}
COMMAND: POST /session/e957c6d77c4c3b135e6e74b3990b52c8/execute/async - {"script":"<script> [1562 bytes]","args":[{"selector":{"id":"application-managepartners-display-component---NewPartner--partnerDetailInternal","interaction":{"idSuffix":"inner"}},"wdio_ui5_key":"applicationmanagepartners-display-component---NewPartner--partnerDetailInternal"}]}
RESULT: {"script":"<script> [1562 bytes]","args":[{"selector":{"id":"application-managepartners-display-component---NewPartner--partnerDetailInternal","interaction":{"idSuffix":"inner"}},"wdio_ui5_key":"applicationmanagepartners-display-component---NewPartner--partnerDetailInternal"}]}
RESULT: undefined
COMMAND: POST /session/e957c6d77c4c3b135e6e74b3990b52c8/execute/async - {"script":"<script> [776 bytes]","args":[{"enterText":"External partner","selector":{"id":"application-managepartners-display-component---NewPartner--partnerDetailInternal","interaction":{"idSuffix":"inner"}},"clearTextFirst":true,"interactionType":"ENTER_TEXT"}]}
RESULT: {"script":"<script> [776 bytes]","args":[{"enterText":"External partner","selector":{"id":"application-managepartners-display-component---NewPartner--partnerDetailInternal","interaction":{"idSuffix":"inner"}},"clearTextFirst":true,"interactionType":"ENTER_TEXT"}]}
COMMAND: POST /session/e957c6d77c4c3b135e6e74b3990b52c8/execute/async - {"script":"<script> [1562 bytes]","args":[{"selector":{"id":"application-managepartners-display-component---NewPartner--partnerDetailsCurrency","interaction":{"idSuffix":"inner"}},"wdio_ui5_key":"applicationmanagepartners-display-component---NewPartner--partnerDetailsCurrency"}]}
RESULT: {"script":"<script> [1562 bytes]","args":[{"selector":{"id":"application-managepartners-display-component---NewPartner--partnerDetailsCurrency","interaction":{"idSuffix":"inner"}},"wdio_ui5_key":"applicationmanagepartners-display-component---NewPartner--partnerDetailsCurrency"}]}
RESULT: undefined
COMMAND: POST /session/e957c6d77c4c3b135e6e74b3990b52c8/execute/async - {"script":"<script> [776 bytes]","args":[{"enterText":"Euro","selector":{"id":"application-managepartners-display-component---NewPartner--partnerDetailsCurrency","interaction":{"idSuffix":"inner"}},"clearTextFirst":true,"interactionType":"ENTER_TEXT"}]}
RESULT: {"script":"<script> [776 bytes]","args":[{"enterText":"Euro","selector":{"id":"application-managepartners-display-component---NewPartner--partnerDetailsCurrency","interaction":{"idSuffix":"inner"}},"clearTextFirst":true,"interactionType":"ENTER_TEXT"}]}
COMMAND: POST /session/e957c6d77c4c3b135e6e74b3990b52c8/execute/async - {"script":"<script> [1562 bytes]","args":[{"selector":{"controlType":"sap.m.Button","viewName":"etm.portal.ui.managepartners.view.NewPartner","viewId":"application-managepartners-display-component---NewPartner","properties":{"text":"Commercial"},"interaction":{"idSuffix":"BDI-content"}},"wdio_ui5_key":"etmportal.ui.managepartners.view.NewPartnersap.m.Button{\"text\":\"Commercial\"}"}]}
RESULT: {"script":"<script> [1562 bytes]","args":[{"selector":{"controlType":"sap.m.Button","viewName":"etm.portal.ui.managepartners.view.NewPartner","viewId":"application-managepartners-display-component---NewPartner","properties":{"text":"Commercial"},"interaction":{"idSuffix":"BDI-content"}},"wdio_ui5_key":"etmportal.ui.managepartners.view.NewPartnersap.m.Button{\"text\":\"Commercial\"}"}]}
RESULT: undefined
COMMAND: POST /session/e957c6d77c4c3b135e6e74b3990b52c8/element - {"using":"xpath","value":"//*[@id=\"application-managepartners-display-component---NewPartner--ObjectPageLayout-anchBar-__section5-anchor\"]"}
RESULT: {"using":"xpath","value":"//*[@id=\"application-managepartners-display-component---NewPartner--ObjectPageLayout-anchBar-__section5-anchor\"]"}
COMMAND: POST /session/e957c6d77c4c3b135e6e74b3990b52c8/element/f.3C6AD4412E448D85C093D3308860BAAC.d.14263130A191361F7216A0BD24E25498.e.10203/click - {}
RESULT: {}
COMMAND: GET /session/e957c6d77c4c3b135e6e74b3990b52c8/screenshot - {}
RESULT: {}
COMMAND: POST /session/e957c6d77c4c3b135e6e74b3990b52c8/execute/async - {"script":"<script> [1562 bytes]","args":[{"selector":{"id":"application-managepartners-display-component---NewPartner--btnAddTableRow-img"},"wdio_ui5_key":"applicationmanagepartners-display-component---NewPartner--btnAddTableRow-img"}]}
RESULT: {"script":"<script> [1562 bytes]","args":[{"selector":{"id":"application-managepartners-display-component---NewPartner--btnAddTableRow-img"},"wdio_ui5_key":"applicationmanagepartners-display-component---NewPartner--btnAddTableRow-img"}]}
RESULT: undefined
COMMAND: POST /session/e957c6d77c4c3b135e6e74b3990b52c8/element - {"using":"xpath","value":"//*[@id=\"application-managepartners-display-component---NewPartner--btnAddTableRow-img\"]"}
RESULT: {"using":"xpath","value":"//*[@id=\"application-managepartners-display-component---NewPartner--btnAddTableRow-img\"]"}
COMMAND: POST /session/e957c6d77c4c3b135e6e74b3990b52c8/element/f.3C6AD4412E448D85C093D3308860BAAC.d.14263130A191361F7216A0BD24E25498.e.10209/click - {}
RESULT: {}
COMMAND: POST /session/e957c6d77c4c3b135e6e74b3990b52c8/element - {"using":"xpath","value":"//input[contains(@id ,\"application-managepartners-display-component---NewPartner--assignmentYard-application-managepartners-display-component---NewPartner\")]"}
COMMAND: GET /session/e957c6d77c4c3b135e6e74b3990b52c8/screenshot - {}
RESULT: {"using":"xpath","value":"//input[contains(@id ,\"application-managepartners-display-component---NewPartner--assignmentYard-application-managepartners-display-component---NewPartner\")]"}
COMMAND: POST /session/e957c6d77c4c3b135e6e74b3990b52c8/element/f.3C6AD4412E448D85C093D3308860BAAC.d.14263130A191361F7216A0BD24E25498.e.10212/clear - {}
RESULT: {}
RESULT: {}
COMMAND: POST /session/e957c6d77c4c3b135e6e74b3990b52c8/element/f.3C6AD4412E448D85C093D3308860BAAC.d.14263130A191361F7216A0BD24E25498.e.10212/value - {"text":"WebdriverYardk1l2w"}
COMMAND: GET /session/e957c6d77c4c3b135e6e74b3990b52c8/screenshot - {}
RESULT: {"text":"WebdriverYardk1l2w"}
COMMAND: GET /session/e957c6d77c4c3b135e6e74b3990b52c8/screenshot - {}
RESULT: {}
RESULT: {}
COMMAND: POST /session/e957c6d77c4c3b135e6e74b3990b52c8/execute/async - {"script":"<script> [1562 bytes]","args":[{"selector":{"controlType":"sap.m.Button","viewName":"etm.portal.ui.managepartners.view.NewPartner","viewId":"application-managepartners-display-component---NewPartner","i18NText":{"propertyName":"text","key":"save"},"interaction":{"idSuffix":"BDI-content"}},"wdio_ui5_key":"etmportal.ui.managepartners.view.NewPartnersap.m.Button{\"propertyName\":\"text\",\"key\":\"save\"}"}]}
RESULT: {"script":"<script> [1562 bytes]","args":[{"selector":{"controlType":"sap.m.Button","viewName":"etm.portal.ui.managepartners.view.NewPartner","viewId":"application-managepartners-display-component---NewPartner","i18NText":{"propertyName":"text","key":"save"},"interaction":{"idSuffix":"BDI-content"}},"wdio_ui5_key":"etmportal.ui.managepartners.view.NewPartnersap.m.Button{\"propertyName\":\"text\",\"key\":\"save\"}"}]}
RESULT: undefined
COMMAND: POST /session/e957c6d77c4c3b135e6e74b3990b52c8/element - {"using":"xpath","value":"//*[@id=\"__button12\"]"}
RESULT: {"using":"xpath","value":"//*[@id=\"__button12\"]"}
COMMAND: POST /session/e957c6d77c4c3b135e6e74b3990b52c8/element/f.3C6AD4412E448D85C093D3308860BAAC.d.14263130A191361F7216A0BD24E25498.e.10181/click - {}
RESULT: {}
COMMAND: GET /session/e957c6d77c4c3b135e6e74b3990b52c8/screenshot - {}
RESULT: {}
COMMAND: POST /session/e957c6d77c4c3b135e6e74b3990b52c8/element - {"using":"xpath","value":"//header/div/div[2]/div[2]/span"}
RESULT: {"using":"xpath","value":"//header/div/div[2]/div[2]/span"}
COMMAND: GET /session/e957c6d77c4c3b135e6e74b3990b52c8/element/f.3C6AD4412E448D85C093D3308860BAAC.d.14263130A191361F7216A0BD24E25498.e.10338/text - {}
RESULT: {}
COMMAND: POST /session/e957c6d77c4c3b135e6e74b3990b52c8/element - {"using":"xpath","value":"//header/div/div/div/div/div/div[2]/div/span"}
RESULT: {"using":"xpath","value":"//header/div/div/div/div/div/div[2]/div/span"}
COMMAND: GET /session/e957c6d77c4c3b135e6e74b3990b52c8/element/f.3C6AD4412E448D85C093D3308860BAAC.d.14263130A191361F7216A0BD24E25498.e.10339/text - {}
RESULT: {}
COMMAND: POST /session/e957c6d77c4c3b135e6e74b3990b52c8/execute/async - {"script":"<script> [1562 bytes]","args":[{"selector":{"id":"application-managepartners-display-component---detailPtm--partnerType"},"wdio_ui5_key":"applicationmanagepartners-display-component---detailPtm--partnerType"}]}
RESULT: {"script":"<script> [1562 bytes]","args":[{"selector":{"id":"application-managepartners-display-component---detailPtm--partnerType"},"wdio_ui5_key":"applicationmanagepartners-display-component---detailPtm--partnerType"}]}
RESULT: undefined
COMMAND: POST /session/e957c6d77c4c3b135e6e74b3990b52c8/execute/async - {"script":"<script> [6424 bytes]","args":[{"element-6066-11e4-a52e-4f735466cecf":"f.3C6AD4412E448D85C093D3308860BAAC.d.14263130A191361F7216A0BD24E25498.e.10340"},"getText",[]]}
RESULT: {"script":"<script> [6424 bytes]","args":[{"element-6066-11e4-a52e-4f735466cecf":"f.3C6AD4412E448D85C093D3308860BAAC.d.14263130A191361F7216A0BD24E25498.e.10340"},"getText",[]]}
COMMAND: POST /session/e957c6d77c4c3b135e6e74b3990b52c8/element - {"using":"css selector","value":"#shell-header-logo"}
RESULT: {"using":"css selector","value":"#shell-header-logo"}
COMMAND: POST /session/e957c6d77c4c3b135e6e74b3990b52c8/element/f.3C6AD4412E448D85C093D3308860BAAC.d.14263130A191361F7216A0BD24E25498.e.9811/click - {}
RESULT: {}
COMMAND: GET /session/e957c6d77c4c3b135e6e74b3990b52c8/screenshot - {}
RESULT: {}
COMMAND: POST /session/e957c6d77c4c3b135e6e74b3990b52c8/execute/async - {"script":"<script> [1562 bytes]","args":[{"selector":{"controlType":"sap.m.GenericTile","properties":{"header":"Manage Sites"}},"wdio_ui5_key":"sapm.GenericTile{\"header\":\"Manage Sites\"}"}]}
RESULT: {"script":"<script> [1562 bytes]","args":[{"selector":{"controlType":"sap.m.GenericTile","properties":{"header":"Manage Sites"}},"wdio_ui5_key":"sapm.GenericTile{\"header\":\"Manage Sites\"}"}]}
RESULT: undefined
COMMAND: POST /session/e957c6d77c4c3b135e6e74b3990b52c8/element - {"using":"xpath","value":"//*[@id=\"__tile41\"]"}
RESULT: {"using":"xpath","value":"//*[@id=\"__tile41\"]"}
COMMAND: POST /session/e957c6d77c4c3b135e6e74b3990b52c8/element/f.3C6AD4412E448D85C093D3308860BAAC.d.14263130A191361F7216A0BD24E25498.e.9808/click - {}
RESULT: {}
COMMAND: GET /session/e957c6d77c4c3b135e6e74b3990b52c8/screenshot - {}
RESULT: {}
COMMAND: POST /session/e957c6d77c4c3b135e6e74b3990b52c8/elements - {"using":"xpath","value":"//span[text()='Error']"}
RESULT: {"using":"xpath","value":"//span[text()='Error']"}
COMMAND: POST /session/e957c6d77c4c3b135e6e74b3990b52c8/execute/async - {"script":"<script> [1562 bytes]","args":[{"selector":{"controlType":"sap.ui.core.Icon","viewName":"etm.portal.ui.managesites.view.Master","viewId":"application-managesites-display-component---masterSite","properties":{"src":{"regex":{"source":"add"}}}},"wdio_ui5_key":"etmportal.ui.managesites.view.Mastersap.ui.core.Icon{\"src\":{\"regex\":{\"source\":\"add\"}}}"}]}
RESULT: {"script":"<script> [1562 bytes]","args":[{"selector":{"controlType":"sap.ui.core.Icon","viewName":"etm.portal.ui.managesites.view.Master","viewId":"application-managesites-display-component---masterSite","properties":{"src":{"regex":{"source":"add"}}}},"wdio_ui5_key":"etmportal.ui.managesites.view.Mastersap.ui.core.Icon{\"src\":{\"regex\":{\"source\":\"add\"}}}"}]}
RESULT: undefined
COMMAND: POST /session/e957c6d77c4c3b135e6e74b3990b52c8/element - {"using":"xpath","value":"//*[@id=\"__button52-img\"]"}
RESULT: {"using":"xpath","value":"//*[@id=\"__button52-img\"]"}
COMMAND: POST /session/e957c6d77c4c3b135e6e74b3990b52c8/element/f.3C6AD4412E448D85C093D3308860BAAC.d.14263130A191361F7216A0BD24E25498.e.10390/click - {}
RESULT: {}
COMMAND: POST /session/e957c6d77c4c3b135e6e74b3990b52c8/execute/async - {"script":"<script> [1562 bytes]","args":[{"selector":{"id":"application-managesites-display-component---NewSite--siteId","interaction":{"idSuffix":"inner"}},"wdio_ui5_key":"applicationmanagesites-display-component---NewSite--siteId"}]}
COMMAND: GET /session/e957c6d77c4c3b135e6e74b3990b52c8/screenshot - {}
RESULT: {"script":"<script> [1562 bytes]","args":[{"selector":{"id":"application-managesites-display-component---NewSite--siteId","interaction":{"idSuffix":"inner"}},"wdio_ui5_key":"applicationmanagesites-display-component---NewSite--siteId"}]}
RESULT: undefined
COMMAND: POST /session/e957c6d77c4c3b135e6e74b3990b52c8/execute/async - {"script":"<script> [1562 bytes]","args":[{"selector":{"id":"application-managesites-display-component---NewSite--addressDetailDetailsName1","interaction":{"idSuffix":"inner"}},"wdio_ui5_key":"applicationmanagesites-display-component---NewSite--addressDetailDetailsName1"}]}
RESULT: {}
RESULT: {"script":"<script> [1562 bytes]","args":[{"selector":{"id":"application-managesites-display-component---NewSite--addressDetailDetailsName1","interaction":{"idSuffix":"inner"}},"wdio_ui5_key":"applicationmanagesites-display-component---NewSite--addressDetailDetailsName1"}]}
RESULT: undefined
COMMAND: POST /session/e957c6d77c4c3b135e6e74b3990b52c8/execute/async - {"script":"<script> [776 bytes]","args":[{"enterText":"WebdriverSitek583x","selector":{"id":"application-managesites-display-component---NewSite--addressDetailDetailsName1","interaction":{"idSuffix":"inner"}},"clearTextFirst":true,"interactionType":"ENTER_TEXT"}]}
RESULT: {"script":"<script> [776 bytes]","args":[{"enterText":"WebdriverSitek583x","selector":{"id":"application-managesites-display-component---NewSite--addressDetailDetailsName1","interaction":{"idSuffix":"inner"}},"clearTextFirst":true,"interactionType":"ENTER_TEXT"}]}
COMMAND: POST /session/e957c6d77c4c3b135e6e74b3990b52c8/execute/async - {"script":"<script> [1562 bytes]","args":[{"selector":{"id":"application-managesites-display-component---NewSite--addressDetailDetailsLanguage","interaction":{"idSuffix":"inner"}},"wdio_ui5_key":"applicationmanagesites-display-component---NewSite--addressDetailDetailsLanguage"}]}
RESULT: {"script":"<script> [1562 bytes]","args":[{"selector":{"id":"application-managesites-display-component---NewSite--addressDetailDetailsLanguage","interaction":{"idSuffix":"inner"}},"wdio_ui5_key":"applicationmanagesites-display-component---NewSite--addressDetailDetailsLanguage"}]}
RESULT: undefined
COMMAND: POST /session/e957c6d77c4c3b135e6e74b3990b52c8/execute/async - {"script":"<script> [776 bytes]","args":[{"enterText":"Romanian","selector":{"id":"application-managesites-display-component---NewSite--addressDetailDetailsLanguage","interaction":{"idSuffix":"inner"}},"clearTextFirst":true,"interactionType":"ENTER_TEXT"}]}
RESULT: {"script":"<script> [776 bytes]","args":[{"enterText":"Romanian","selector":{"id":"application-managesites-display-component---NewSite--addressDetailDetailsLanguage","interaction":{"idSuffix":"inner"}},"clearTextFirst":true,"interactionType":"ENTER_TEXT"}]}
COMMAND: POST /session/e957c6d77c4c3b135e6e74b3990b52c8/execute/async - {"script":"<script> [1562 bytes]","args":[{"selector":{"id":"application-managesites-display-component---NewSite--addressDetailDetailsCity1","interaction":{"idSuffix":"inner"}},"wdio_ui5_key":"applicationmanagesites-display-component---NewSite--addressDetailDetailsCity1"}]}
RESULT: {"script":"<script> [1562 bytes]","args":[{"selector":{"id":"application-managesites-display-component---NewSite--addressDetailDetailsCity1","interaction":{"idSuffix":"inner"}},"wdio_ui5_key":"applicationmanagesites-display-component---NewSite--addressDetailDetailsCity1"}]}
RESULT: undefined
COMMAND: POST /session/e957c6d77c4c3b135e6e74b3990b52c8/execute/async - {"script":"<script> [776 bytes]","args":[{"enterText":"Bucharest","selector":{"id":"application-managesites-display-component---NewSite--addressDetailDetailsCity1","interaction":{"idSuffix":"inner"}},"clearTextFirst":true,"interactionType":"ENTER_TEXT"}]}
RESULT: {"script":"<script> [776 bytes]","args":[{"enterText":"Bucharest","selector":{"id":"application-managesites-display-component---NewSite--addressDetailDetailsCity1","interaction":{"idSuffix":"inner"}},"clearTextFirst":true,"interactionType":"ENTER_TEXT"}]}
COMMAND: POST /session/e957c6d77c4c3b135e6e74b3990b52c8/execute/async - {"script":"<script> [1562 bytes]","args":[{"selector":{"id":"application-managesites-display-component---NewSite--addressDetailDetailsCountry","interaction":{"idSuffix":"inner"}},"wdio_ui5_key":"applicationmanagesites-display-component---NewSite--addressDetailDetailsCountry"}]}
RESULT: {"script":"<script> [1562 bytes]","args":[{"selector":{"id":"application-managesites-display-component---NewSite--addressDetailDetailsCountry","interaction":{"idSuffix":"inner"}},"wdio_ui5_key":"applicationmanagesites-display-component---NewSite--addressDetailDetailsCountry"}]}
RESULT: undefined
COMMAND: POST /session/e957c6d77c4c3b135e6e74b3990b52c8/execute/async - {"script":"<script> [776 bytes]","args":[{"enterText":"Romania","selector":{"id":"application-managesites-display-component---NewSite--addressDetailDetailsCountry","interaction":{"idSuffix":"inner"}},"clearTextFirst":true,"interactionType":"ENTER_TEXT"}]}
RESULT: {"script":"<script> [776 bytes]","args":[{"enterText":"Romania","selector":{"id":"application-managesites-display-component---NewSite--addressDetailDetailsCountry","interaction":{"idSuffix":"inner"}},"clearTextFirst":true,"interactionType":"ENTER_TEXT"}]}
COMMAND: POST /session/e957c6d77c4c3b135e6e74b3990b52c8/element - {"using":"css selector","value":"#application-managesites-display-component---NewSite--addressDetailDetailsCalendar-inner"}
RESULT: {"using":"css selector","value":"#application-managesites-display-component---NewSite--addressDetailDetailsCalendar-inner"}
COMMAND: POST /session/e957c6d77c4c3b135e6e74b3990b52c8/element/f.3C6AD4412E448D85C093D3308860BAAC.d.14263130A191361F7216A0BD24E25498.e.10538/clear - {}
RESULT: {}
COMMAND: POST /session/e957c6d77c4c3b135e6e74b3990b52c8/element/f.3C6AD4412E448D85C093D3308860BAAC.d.14263130A191361F7216A0BD24E25498.e.10538/value - {"text":"Germany"}
COMMAND: GET /session/e957c6d77c4c3b135e6e74b3990b52c8/screenshot - {}
RESULT: {"text":"Germany"}
COMMAND: POST /session/e957c6d77c4c3b135e6e74b3990b52c8/execute/async - {"script":"<script> [1562 bytes]","args":[{"selector":{"id":"application-managesites-display-component---NewSite--addressEditDetailsCostObjectCstType-arrow"},"wdio_ui5_key":"applicationmanagesites-display-component---NewSite--addressEditDetailsCostObjectCstType-arrow"}]}
COMMAND: GET /session/e957c6d77c4c3b135e6e74b3990b52c8/screenshot - {}
RESULT: {}
RESULT: {"script":"<script> [1562 bytes]","args":[{"selector":{"id":"application-managesites-display-component---NewSite--addressEditDetailsCostObjectCstType-arrow"},"wdio_ui5_key":"applicationmanagesites-display-component---NewSite--addressEditDetailsCostObjectCstType-arrow"}]}
RESULT: undefined
COMMAND: POST /session/e957c6d77c4c3b135e6e74b3990b52c8/element - {"using":"xpath","value":"//*[@id=\"application-managesites-display-component---NewSite--addressEditDetailsCostObjectCstType-arrow\"]"}
RESULT: {}
RESULT: {"using":"xpath","value":"//*[@id=\"application-managesites-display-component---NewSite--addressEditDetailsCostObjectCstType-arrow\"]"}
COMMAND: POST /session/e957c6d77c4c3b135e6e74b3990b52c8/element/f.3C6AD4412E448D85C093D3308860BAAC.d.14263130A191361F7216A0BD24E25498.e.10701/click - {}
RESULT: {}
COMMAND: POST /session/e957c6d77c4c3b135e6e74b3990b52c8/element - {"using":"xpath","value":"//span[contains(text(), \"Work Breakdown Structure\")]"}
COMMAND: GET /session/e957c6d77c4c3b135e6e74b3990b52c8/screenshot - {}
RESULT: {"using":"xpath","value":"//span[contains(text(), \"Work Breakdown Structure\")]"}
COMMAND: POST /session/e957c6d77c4c3b135e6e74b3990b52c8/element/f.3C6AD4412E448D85C093D3308860BAAC.d.14263130A191361F7216A0BD24E25498.e.10702/click - {}
RESULT: {}
RESULT: {}
COMMAND: GET /session/e957c6d77c4c3b135e6e74b3990b52c8/screenshot - {}
RESULT: {}
RESULT: undefined
COMMAND: POST /session/e957c6d77c4c3b135e6e74b3990b52c8/execute/async - {"script":"<script> [1562 bytes]","args":[{"selector":{"id":"application-managesites-display-component---NewSite--addressNewCostObjectCstID-vhi"},"wdio_ui5_key":"applicationmanagesites-display-component---NewSite--addressNewCostObjectCstID-vhi"}]}
RESULT: {"script":"<script> [1562 bytes]","args":[{"selector":{"id":"application-managesites-display-component---NewSite--addressNewCostObjectCstID-vhi"},"wdio_ui5_key":"applicationmanagesites-display-component---NewSite--addressNewCostObjectCstID-vhi"}]}
RESULT: undefined
COMMAND: POST /session/e957c6d77c4c3b135e6e74b3990b52c8/element - {"using":"xpath","value":"//*[@id=\"application-managesites-display-component---NewSite--addressNewCostObjectCstID-vhi\"]"}
RESULT: {"using":"xpath","value":"//*[@id=\"application-managesites-display-component---NewSite--addressNewCostObjectCstID-vhi\"]"}
COMMAND: POST /session/e957c6d77c4c3b135e6e74b3990b52c8/element/f.3C6AD4412E448D85C093D3308860BAAC.d.14263130A191361F7216A0BD24E25498.e.10706/click - {}
RESULT: {}
COMMAND: GET /session/e957c6d77c4c3b135e6e74b3990b52c8/screenshot - {}
RESULT: {}
COMMAND: POST /session/e957c6d77c4c3b135e6e74b3990b52c8/execute/async - {"script":"<script> [1562 bytes]","args":[{"selector":{"controlType":"sap.m.SearchField","properties":{"placeholder":"Search"},"searchOpenDialogs":true,"interaction":{"idSuffix":"I"}},"wdio_ui5_key":"sapm.SearchField{\"placeholder\":\"Search\"}"}]}
RESULT: {"script":"<script> [1562 bytes]","args":[{"selector":{"controlType":"sap.m.SearchField","properties":{"placeholder":"Search"},"searchOpenDialogs":true,"interaction":{"idSuffix":"I"}},"wdio_ui5_key":"sapm.SearchField{\"placeholder\":\"Search\"}"}]}
RESULT: undefined
COMMAND: POST /session/e957c6d77c4c3b135e6e74b3990b52c8/execute/async - {"script":"<script> [776 bytes]","args":[{"enterText":"A1-000100-01","selector":{"controlType":"sap.m.SearchField","properties":{"placeholder":"Search"},"searchOpenDialogs":true,"interaction":{"idSuffix":"I"}},"clearTextFirst":true,"interactionType":"ENTER_TEXT"}]}
RESULT: {"script":"<script> [776 bytes]","args":[{"enterText":"A1-000100-01","selector":{"controlType":"sap.m.SearchField","properties":{"placeholder":"Search"},"searchOpenDialogs":true,"interaction":{"idSuffix":"I"}},"clearTextFirst":true,"interactionType":"ENTER_TEXT"}]}
COMMAND: POST /session/e957c6d77c4c3b135e6e74b3990b52c8/actions - {"actions":[{"id":"action65","type":"key","parameters":{},"actions":[{"type":"keyDown","value":"î€‡"},{"type":"pause","duration":10},{"type":"keyUp","value":"î€‡"}]}]}
RESULT: {"actions":[{"id":"action65","type":"key","parameters":{},"actions":[{"type":"keyDown","value":"î€‡"},{"type":"pause","duration":10},{"type":"keyUp","value":"î€‡"}]}]}
COMMAND: GET /session/e957c6d77c4c3b135e6e74b3990b52c8/screenshot - {}
RESULT: {}
COMMAND: POST /session/e957c6d77c4c3b135e6e74b3990b52c8/element - {"using":"xpath","value":"//span[contains(text(), \"Template for ETO-Process\")]"}
RESULT: {"using":"xpath","value":"//span[contains(text(), \"Template for ETO-Process\")]"}
COMMAND: POST /session/e957c6d77c4c3b135e6e74b3990b52c8/element/f.3C6AD4412E448D85C093D3308860BAAC.d.14263130A191361F7216A0BD24E25498.e.10726/click - {}
RESULT: {}
COMMAND: GET /session/e957c6d77c4c3b135e6e74b3990b52c8/screenshot - {}
RESULT: {}
COMMAND: POST /session/e957c6d77c4c3b135e6e74b3990b52c8/element - {"using":"xpath","value":"//bdi[contains(text(), \"OK\")]"}
RESULT: {"using":"xpath","value":"//bdi[contains(text(), \"OK\")]"}
COMMAND: POST /session/e957c6d77c4c3b135e6e74b3990b52c8/element/f.3C6AD4412E448D85C093D3308860BAAC.d.14263130A191361F7216A0BD24E25498.e.10727/click - {}
RESULT: {}
COMMAND: GET /session/e957c6d77c4c3b135e6e74b3990b52c8/screenshot - {}
RESULT: {}
COMMAND: POST /session/e957c6d77c4c3b135e6e74b3990b52c8/element - {"using":"xpath","value":"//input[@id=\"application-managesites-display-component---NewSite--addressDetailDetailsYard-inner\"]"}
RESULT: {"using":"xpath","value":"//input[@id=\"application-managesites-display-component---NewSite--addressDetailDetailsYard-inner\"]"}
COMMAND: POST /session/e957c6d77c4c3b135e6e74b3990b52c8/element/f.3C6AD4412E448D85C093D3308860BAAC.d.14263130A191361F7216A0BD24E25498.e.10539/value - {"text":"WebdriverYardk1l2w"}
RESULT: {"text":"WebdriverYardk1l2w"}
COMMAND: GET /session/e957c6d77c4c3b135e6e74b3990b52c8/screenshot - {}
RESULT: {}
COMMAND: POST /session/e957c6d77c4c3b135e6e74b3990b52c8/actions - {"actions":[{"id":"action66","type":"key","parameters":{},"actions":[{"type":"keyDown","value":"î€‡"},{"type":"pause","duration":10},{"type":"keyUp","value":"î€‡"}]}]}
RESULT: {"actions":[{"id":"action66","type":"key","parameters":{},"actions":[{"type":"keyDown","value":"î€‡"},{"type":"pause","duration":10},{"type":"keyUp","value":"î€‡"}]}]}
COMMAND: GET /session/e957c6d77c4c3b135e6e74b3990b52c8/screenshot - {}
RESULT: {}
COMMAND: POST /session/e957c6d77c4c3b135e6e74b3990b52c8/element - {"using":"xpath","value":"//input[@id=\"application-managesites-display-component---NewSite--addressDetailDetailsPartner-inner\"]"}
RESULT: {"using":"xpath","value":"//input[@id=\"application-managesites-display-component---NewSite--addressDetailDetailsPartner-inner\"]"}
COMMAND: POST /session/e957c6d77c4c3b135e6e74b3990b52c8/elements - {"using":"xpath","value":"//input[@id=\"application-managesites-display-component---NewSite--addressDetailDetailsPartner-inner\"]"}
RESULT: {"using":"xpath","value":"//input[@id=\"application-managesites-display-component---NewSite--addressDetailDetailsPartner-inner\"]"}
COMMAND: POST /session/e957c6d77c4c3b135e6e74b3990b52c8/execute/async - {"script":"<script> [1562 bytes]","args":[{"selector":{"controlType":"sap.m.Button","viewName":"etm.portal.ui.managesites.view.NewSmartSite","viewId":"application-managesites-display-component---NewSite","properties":{"text":"Commercial"},"interaction":{"idSuffix":"BDI-content"}},"wdio_ui5_key":"etmportal.ui.managesites.view.NewSmartSitesap.m.Button{\"text\":\"Commercial\"}"}]}
RESULT: {"script":"<script> [1562 bytes]","args":[{"selector":{"controlType":"sap.m.Button","viewName":"etm.portal.ui.managesites.view.NewSmartSite","viewId":"application-managesites-display-component---NewSite","properties":{"text":"Commercial"},"interaction":{"idSuffix":"BDI-content"}},"wdio_ui5_key":"etmportal.ui.managesites.view.NewSmartSitesap.m.Button{\"text\":\"Commercial\"}"}]}
RESULT: undefined
COMMAND: POST /session/e957c6d77c4c3b135e6e74b3990b52c8/element - {"using":"xpath","value":"//*[@id=\"application-managesites-display-component---NewSite--ObjectPageLayout-anchBar-__section31-anchor\"]"}
RESULT: {"using":"xpath","value":"//*[@id=\"application-managesites-display-component---NewSite--ObjectPageLayout-anchBar-__section31-anchor\"]"}
COMMAND: POST /session/e957c6d77c4c3b135e6e74b3990b52c8/element/f.3C6AD4412E448D85C093D3308860BAAC.d.14263130A191361F7216A0BD24E25498.e.10734/click - {}
RESULT: {}
COMMAND: POST /session/e957c6d77c4c3b135e6e74b3990b52c8/execute/async - {"script":"<script> [1562 bytes]","args":[{"selector":{"controlType":"sap.m.Button","viewName":"etm.portal.ui.managesites.view.NewSmartSite","viewId":"application-managesites-display-component---NewSite","i18NText":{"propertyName":"text","key":"save"},"interaction":{"idSuffix":"BDI-content"}},"wdio_ui5_key":"etmportal.ui.managesites.view.NewSmartSitesap.m.Button{\"propertyName\":\"text\",\"key\":\"save\"}"}]}
COMMAND: GET /session/e957c6d77c4c3b135e6e74b3990b52c8/screenshot - {}
RESULT: {"script":"<script> [1562 bytes]","args":[{"selector":{"controlType":"sap.m.Button","viewName":"etm.portal.ui.managesites.view.NewSmartSite","viewId":"application-managesites-display-component---NewSite","i18NText":{"propertyName":"text","key":"save"},"interaction":{"idSuffix":"BDI-content"}},"wdio_ui5_key":"etmportal.ui.managesites.view.NewSmartSitesap.m.Button{\"propertyName\":\"text\",\"key\":\"save\"}"}]}
RESULT: undefined
COMMAND: POST /session/e957c6d77c4c3b135e6e74b3990b52c8/element - {"using":"xpath","value":"//*[@id=\"__button64\"]"}
RESULT: {}
RESULT: {"using":"xpath","value":"//*[@id=\"__button64\"]"}
COMMAND: POST /session/e957c6d77c4c3b135e6e74b3990b52c8/element/f.3C6AD4412E448D85C093D3308860BAAC.d.14263130A191361F7216A0BD24E25498.e.10654/click - {}
RESULT: {}
COMMAND: GET /session/e957c6d77c4c3b135e6e74b3990b52c8/screenshot - {}
RESULT: {}
COMMAND: POST /session/e957c6d77c4c3b135e6e74b3990b52c8/execute/async - {"script":"<script> [1562 bytes]","args":[{"selector":{"id":"application-managesites-display-component---detailSite--addressDetailDetailsYardText"},"wdio_ui5_key":"applicationmanagesites-display-component---detailSite--addressDetailDetailsYardText"}]}
RESULT: {"script":"<script> [1562 bytes]","args":[{"selector":{"id":"application-managesites-display-component---detailSite--addressDetailDetailsYardText"},"wdio_ui5_key":"applicationmanagesites-display-component---detailSite--addressDetailDetailsYardText"}]}
RESULT: undefined
COMMAND: POST /session/e957c6d77c4c3b135e6e74b3990b52c8/element - {"using":"xpath","value":"//header/div/div[2]/div[2]/span"}
RESULT: {"using":"xpath","value":"//header/div/div[2]/div[2]/span"}
COMMAND: GET /session/e957c6d77c4c3b135e6e74b3990b52c8/element/f.3C6AD4412E448D85C093D3308860BAAC.d.14263130A191361F7216A0BD24E25498.e.10898/text - {}
RESULT: {}
COMMAND: POST /session/e957c6d77c4c3b135e6e74b3990b52c8/element - {"using":"xpath","value":"//header/div/div/div/div/div/div[2]/div/span"}
RESULT: {"using":"xpath","value":"//header/div/div/div/div/div/div[2]/div/span"}
COMMAND: GET /session/e957c6d77c4c3b135e6e74b3990b52c8/element/f.3C6AD4412E448D85C093D3308860BAAC.d.14263130A191361F7216A0BD24E25498.e.10899/text - {}
RESULT: {}
COMMAND: POST /session/e957c6d77c4c3b135e6e74b3990b52c8/element - {"using":"css selector","value":"#shell-header-logo"}
RESULT: {"using":"css selector","value":"#shell-header-logo"}
COMMAND: POST /session/e957c6d77c4c3b135e6e74b3990b52c8/element/f.3C6AD4412E448D85C093D3308860BAAC.d.14263130A191361F7216A0BD24E25498.e.10346/click - {}
RESULT: {}
COMMAND: GET /session/e957c6d77c4c3b135e6e74b3990b52c8/screenshot - {}
RESULT: {}
]]></system-out>
    </testcase>
    <testcase classname="chrome.137_0_7151_69.windows.E2E_-_Logistical_and_commercial_statuses" name="It should stock increase the resource" time="240.78">
      <system-out><![CDATA[
COMMAND: POST /session/e957c6d77c4c3b135e6e74b3990b52c8/execute/async - {"script":"<script> [1562 bytes]","args":[{"selector":{"controlType":"sap.m.GenericTile","properties":{"header":"Manage Resources"}},"wdio_ui5_key":"sapm.GenericTile{\"header\":\"Manage Resources\"}"}]}
RESULT: {"script":"<script> [1562 bytes]","args":[{"selector":{"controlType":"sap.m.GenericTile","properties":{"header":"Manage Resources"}},"wdio_ui5_key":"sapm.GenericTile{\"header\":\"Manage Resources\"}"}]}
RESULT: undefined
COMMAND: POST /session/e957c6d77c4c3b135e6e74b3990b52c8/element - {"using":"xpath","value":"//*[@id=\"__tile40\"]"}
RESULT: {"using":"xpath","value":"//*[@id=\"__tile40\"]"}
COMMAND: POST /session/e957c6d77c4c3b135e6e74b3990b52c8/element/f.3C6AD4412E448D85C093D3308860BAAC.d.14263130A191361F7216A0BD24E25498.e.10901/click - {}
RESULT: {}
COMMAND: GET /session/e957c6d77c4c3b135e6e74b3990b52c8/screenshot - {}
RESULT: {}
COMMAND: POST /session/e957c6d77c4c3b135e6e74b3990b52c8/elements - {"using":"xpath","value":"//span[text()='Error']"}
RESULT: {"using":"xpath","value":"//span[text()='Error']"}
COMMAND: POST /session/e957c6d77c4c3b135e6e74b3990b52c8/element - {"using":"xpath","value":"//button[@data-kt=\"addNewRUOverflowToolbarButton\"]"}
RESULT: {"using":"xpath","value":"//button[@data-kt=\"addNewRUOverflowToolbarButton\"]"}
COMMAND: POST /session/e957c6d77c4c3b135e6e74b3990b52c8/execute/sync - {"script":"<script> [8489 bytes]","args":[{"element-6066-11e4-a52e-4f735466cecf":"f.3C6AD4412E448D85C093D3308860BAAC.d.14263130A191361F7216A0BD24E25498.e.10942","ELEMENT":"f.3C6AD4412E448D85C093D3308860BAAC.d.14263130A191361F7216A0BD24E25498.e.10942"}]}
RESULT: {"script":"<script> [8489 bytes]","args":[{"element-6066-11e4-a52e-4f735466cecf":"f.3C6AD4412E448D85C093D3308860BAAC.d.14263130A191361F7216A0BD24E25498.e.10942","ELEMENT":"f.3C6AD4412E448D85C093D3308860BAAC.d.14263130A191361F7216A0BD24E25498.e.10942"}]}
COMMAND: POST /session/e957c6d77c4c3b135e6e74b3990b52c8/element/f.3C6AD4412E448D85C093D3308860BAAC.d.14263130A191361F7216A0BD24E25498.e.10942/click - {}
COMMAND: GET /session/e957c6d77c4c3b135e6e74b3990b52c8/screenshot - {}
RESULT: {}
COMMAND: POST /session/e957c6d77c4c3b135e6e74b3990b52c8/execute/async - {"script":"<script> [1562 bytes]","args":[{"selector":{"id":"application-manageresources-display-component---newResourceUnit--TYPE-arrow"},"wdio_ui5_key":"applicationmanageresources-display-component---newResourceUnit--TYPE-arrow"}]}
COMMAND: GET /session/e957c6d77c4c3b135e6e74b3990b52c8/screenshot - {}
RESULT: {}
RESULT: {"script":"<script> [1562 bytes]","args":[{"selector":{"id":"application-manageresources-display-component---newResourceUnit--TYPE-arrow"},"wdio_ui5_key":"applicationmanageresources-display-component---newResourceUnit--TYPE-arrow"}]}
RESULT: undefined
COMMAND: POST /session/e957c6d77c4c3b135e6e74b3990b52c8/element - {"using":"xpath","value":"//*[@id=\"application-manageresources-display-component---newResourceUnit--TYPE-arrow\"]"}
RESULT: {}
RESULT: {"using":"xpath","value":"//*[@id=\"application-manageresources-display-component---newResourceUnit--TYPE-arrow\"]"}
COMMAND: POST /session/e957c6d77c4c3b135e6e74b3990b52c8/element/f.3C6AD4412E448D85C093D3308860BAAC.d.14263130A191361F7216A0BD24E25498.e.11261/click - {}
RESULT: {}
COMMAND: POST /session/e957c6d77c4c3b135e6e74b3990b52c8/execute/async - {"script":"<script> [1562 bytes]","args":[{"selector":{"controlType":"sap.m.StandardListItem","viewName":"reusables.view.manageresources.NewResourceUnit","viewId":"application-manageresources-display-component---newResourceUnit","properties":{"title":"Material"},"searchOpenDialogs":true,"interaction":{"idSuffix":"titleText"}},"wdio_ui5_key":"reusablesview.manageresources.NewResourceUnitsap.m.StandardListItem{\"title\":\"Material\"}"}]}
COMMAND: GET /session/e957c6d77c4c3b135e6e74b3990b52c8/screenshot - {}
RESULT: {"script":"<script> [1562 bytes]","args":[{"selector":{"controlType":"sap.m.StandardListItem","viewName":"reusables.view.manageresources.NewResourceUnit","viewId":"application-manageresources-display-component---newResourceUnit","properties":{"title":"Material"},"searchOpenDialogs":true,"interaction":{"idSuffix":"titleText"}},"wdio_ui5_key":"reusablesview.manageresources.NewResourceUnitsap.m.StandardListItem{\"title\":\"Material\"}"}]}
RESULT: undefined
COMMAND: POST /session/e957c6d77c4c3b135e6e74b3990b52c8/element - {"using":"xpath","value":"//*[@id=\"__item711\"]"}
RESULT: {}
RESULT: {"using":"xpath","value":"//*[@id=\"__item711\"]"}
COMMAND: POST /session/e957c6d77c4c3b135e6e74b3990b52c8/element/f.3C6AD4412E448D85C093D3308860BAAC.d.14263130A191361F7216A0BD24E25498.e.11264/click - {}
RESULT: {}
COMMAND: POST /session/e957c6d77c4c3b135e6e74b3990b52c8/execute/async - {"script":"<script> [1562 bytes]","args":[{"selector":{"id":"application-manageresources-display-component---newResourceUnit--SHORT_TEXT","interaction":{"idSuffix":"inner"}},"wdio_ui5_key":"applicationmanageresources-display-component---newResourceUnit--SHORT_TEXT"}]}
COMMAND: GET /session/e957c6d77c4c3b135e6e74b3990b52c8/screenshot - {}
RESULT: undefined
RESULT: undefined
RESULT: {"script":"<script> [1562 bytes]","args":[{"selector":{"id":"application-manageresources-display-component---newResourceUnit--SHORT_TEXT","interaction":{"idSuffix":"inner"}},"wdio_ui5_key":"applicationmanageresources-display-component---newResourceUnit--SHORT_TEXT"}]}
RESULT: undefined
COMMAND: POST /session/e957c6d77c4c3b135e6e74b3990b52c8/execute/async - {"script":"<script> [776 bytes]","args":[{"enterText":"WebdriverMatTesthdsrs","selector":{"id":"application-manageresources-display-component---newResourceUnit--SHORT_TEXT","interaction":{"idSuffix":"inner"}},"clearTextFirst":true,"interactionType":"ENTER_TEXT"}]}
RESULT: {}
RESULT: {"script":"<script> [776 bytes]","args":[{"enterText":"WebdriverMatTesthdsrs","selector":{"id":"application-manageresources-display-component---newResourceUnit--SHORT_TEXT","interaction":{"idSuffix":"inner"}},"clearTextFirst":true,"interactionType":"ENTER_TEXT"}]}
COMMAND: POST /session/e957c6d77c4c3b135e6e74b3990b52c8/execute/async - {"script":"<script> [1562 bytes]","args":[{"selector":{"id":"application-manageresources-display-component---newResourceUnit--BASE_UNIT_OF_MEASURE-arrow"},"wdio_ui5_key":"applicationmanageresources-display-component---newResourceUnit--BASE_UNIT_OF_MEASURE-arrow"}]}
RESULT: {"script":"<script> [1562 bytes]","args":[{"selector":{"id":"application-manageresources-display-component---newResourceUnit--BASE_UNIT_OF_MEASURE-arrow"},"wdio_ui5_key":"applicationmanageresources-display-component---newResourceUnit--BASE_UNIT_OF_MEASURE-arrow"}]}
RESULT: undefined
COMMAND: POST /session/e957c6d77c4c3b135e6e74b3990b52c8/element - {"using":"xpath","value":"//*[@id=\"application-manageresources-display-component---newResourceUnit--BASE_UNIT_OF_MEASURE-arrow\"]"}
RESULT: {"using":"xpath","value":"//*[@id=\"application-manageresources-display-component---newResourceUnit--BASE_UNIT_OF_MEASURE-arrow\"]"}
COMMAND: POST /session/e957c6d77c4c3b135e6e74b3990b52c8/element/f.3C6AD4412E448D85C093D3308860BAAC.d.14263130A191361F7216A0BD24E25498.e.11386/click - {}
RESULT: {}
COMMAND: POST /session/e957c6d77c4c3b135e6e74b3990b52c8/execute/async - {"script":"<script> [1562 bytes]","args":[{"selector":{"controlType":"sap.m.StandardListItem","viewName":"reusables.view.manageresources.NewResourceUnit","viewId":"application-manageresources-display-component---newResourceUnit","properties":{"title":"Piece"},"searchOpenDialogs":true,"interaction":{"idSuffix":"titleText"}},"wdio_ui5_key":"reusablesview.manageresources.NewResourceUnitsap.m.StandardListItem{\"title\":\"Piece\"}"}]}
COMMAND: GET /session/e957c6d77c4c3b135e6e74b3990b52c8/screenshot - {}
RESULT: {"script":"<script> [1562 bytes]","args":[{"selector":{"controlType":"sap.m.StandardListItem","viewName":"reusables.view.manageresources.NewResourceUnit","viewId":"application-manageresources-display-component---newResourceUnit","properties":{"title":"Piece"},"searchOpenDialogs":true,"interaction":{"idSuffix":"titleText"}},"wdio_ui5_key":"reusablesview.manageresources.NewResourceUnitsap.m.StandardListItem{\"title\":\"Piece\"}"}]}
RESULT: undefined
COMMAND: POST /session/e957c6d77c4c3b135e6e74b3990b52c8/element - {"using":"xpath","value":"//*[@id=\"__item764\"]"}
RESULT: {}
RESULT: {"using":"xpath","value":"//*[@id=\"__item764\"]"}
COMMAND: POST /session/e957c6d77c4c3b135e6e74b3990b52c8/element/f.3C6AD4412E448D85C093D3308860BAAC.d.14263130A191361F7216A0BD24E25498.e.11388/click - {}
RESULT: {}
COMMAND: POST /session/e957c6d77c4c3b135e6e74b3990b52c8/element - {"using":"xpath","value":"//input[contains(@id ,\"application-manageresources-display-component---newResourceUnit--SHORT_TEXT-inner\")]"}
COMMAND: GET /session/e957c6d77c4c3b135e6e74b3990b52c8/screenshot - {}
RESULT: {"using":"xpath","value":"//input[contains(@id ,\"application-manageresources-display-component---newResourceUnit--SHORT_TEXT-inner\")]"}
COMMAND: GET /session/e957c6d77c4c3b135e6e74b3990b52c8/element/f.3C6AD4412E448D85C093D3308860BAAC.d.14263130A191361F7216A0BD24E25498.e.11281/property/value - {}
RESULT: {}
RESULT: {}
COMMAND: POST /session/e957c6d77c4c3b135e6e74b3990b52c8/execute/async - {"script":"<script> [1562 bytes]","args":[{"selector":{"id":"application-manageresources-display-component---newResourceUnit--WEIGHT_UNIT-arrow"},"wdio_ui5_key":"applicationmanageresources-display-component---newResourceUnit--WEIGHT_UNIT-arrow"}]}
COMMAND: GET /session/e957c6d77c4c3b135e6e74b3990b52c8/screenshot - {}
RESULT: {"script":"<script> [1562 bytes]","args":[{"selector":{"id":"application-manageresources-display-component---newResourceUnit--WEIGHT_UNIT-arrow"},"wdio_ui5_key":"applicationmanageresources-display-component---newResourceUnit--WEIGHT_UNIT-arrow"}]}
RESULT: undefined
COMMAND: POST /session/e957c6d77c4c3b135e6e74b3990b52c8/element - {"using":"xpath","value":"//*[@id=\"application-manageresources-display-component---newResourceUnit--WEIGHT_UNIT-arrow\"]"}
RESULT: {}
RESULT: {"using":"xpath","value":"//*[@id=\"application-manageresources-display-component---newResourceUnit--WEIGHT_UNIT-arrow\"]"}
COMMAND: POST /session/e957c6d77c4c3b135e6e74b3990b52c8/element/f.3C6AD4412E448D85C093D3308860BAAC.d.14263130A191361F7216A0BD24E25498.e.11389/click - {}
RESULT: {}
COMMAND: POST /session/e957c6d77c4c3b135e6e74b3990b52c8/execute/async - {"script":"<script> [1562 bytes]","args":[{"selector":{"controlType":"sap.m.StandardListItem","viewName":"reusables.view.manageresources.NewResourceUnit","viewId":"application-manageresources-display-component---newResourceUnit","properties":{"title":"Gram"},"searchOpenDialogs":true,"interaction":{"idSuffix":"content"}},"wdio_ui5_key":"reusablesview.manageresources.NewResourceUnitsap.m.StandardListItem{\"title\":\"Gram\"}"}]}
COMMAND: GET /session/e957c6d77c4c3b135e6e74b3990b52c8/screenshot - {}
RESULT: {"script":"<script> [1562 bytes]","args":[{"selector":{"controlType":"sap.m.StandardListItem","viewName":"reusables.view.manageresources.NewResourceUnit","viewId":"application-manageresources-display-component---newResourceUnit","properties":{"title":"Gram"},"searchOpenDialogs":true,"interaction":{"idSuffix":"content"}},"wdio_ui5_key":"reusablesview.manageresources.NewResourceUnitsap.m.StandardListItem{\"title\":\"Gram\"}"}]}
RESULT: undefined
COMMAND: POST /session/e957c6d77c4c3b135e6e74b3990b52c8/element - {"using":"xpath","value":"//*[@id=\"__item829\"]"}
RESULT: {}
RESULT: {"using":"xpath","value":"//*[@id=\"__item829\"]"}
COMMAND: POST /session/e957c6d77c4c3b135e6e74b3990b52c8/element/f.3C6AD4412E448D85C093D3308860BAAC.d.14263130A191361F7216A0BD24E25498.e.11391/click - {}
RESULT: {}
COMMAND: POST /session/e957c6d77c4c3b135e6e74b3990b52c8/execute/async - {"script":"<script> [1562 bytes]","args":[{"selector":{"id":"application-manageresources-display-component---newResourceUnit--newRRUPage-OPHeaderContent-collapseBtn-img"},"wdio_ui5_key":"applicationmanageresources-display-component---newResourceUnit--newRRUPage-OPHeaderContent-collapseBtn-img"}]}
COMMAND: GET /session/e957c6d77c4c3b135e6e74b3990b52c8/screenshot - {}
RESULT: {"script":"<script> [1562 bytes]","args":[{"selector":{"id":"application-manageresources-display-component---newResourceUnit--newRRUPage-OPHeaderContent-collapseBtn-img"},"wdio_ui5_key":"applicationmanageresources-display-component---newResourceUnit--newRRUPage-OPHeaderContent-collapseBtn-img"}]}
RESULT: undefined
COMMAND: POST /session/e957c6d77c4c3b135e6e74b3990b52c8/element - {"using":"xpath","value":"//*[@id=\"application-manageresources-display-component---newResourceUnit--newRRUPage-OPHeaderContent-collapseBtn-img\"]"}
RESULT: {}
RESULT: {"using":"xpath","value":"//*[@id=\"application-manageresources-display-component---newResourceUnit--newRRUPage-OPHeaderContent-collapseBtn-img\"]"}
COMMAND: POST /session/e957c6d77c4c3b135e6e74b3990b52c8/element/f.3C6AD4412E448D85C093D3308860BAAC.d.14263130A191361F7216A0BD24E25498.e.11271/click - {}
RESULT: {}
COMMAND: GET /session/e957c6d77c4c3b135e6e74b3990b52c8/screenshot - {}
RESULT: {}
COMMAND: POST /session/e957c6d77c4c3b135e6e74b3990b52c8/element - {"using":"xpath","value":"(//span[contains(@id ,\"application-manageresources-display-component---newResourceUnit--DIMENSION_UNIT-arrow\")])[1]"}
RESULT: {"using":"xpath","value":"(//span[contains(@id ,\"application-manageresources-display-component---newResourceUnit--DIMENSION_UNIT-arrow\")])[1]"}
COMMAND: POST /session/e957c6d77c4c3b135e6e74b3990b52c8/element/f.3C6AD4412E448D85C093D3308860BAAC.d.14263130A191361F7216A0BD24E25498.e.11397/click - {}
RESULT: {}
COMMAND: GET /session/e957c6d77c4c3b135e6e74b3990b52c8/screenshot - {}
RESULT: {}
COMMAND: POST /session/e957c6d77c4c3b135e6e74b3990b52c8/execute/async - {"script":"<script> [1562 bytes]","args":[{"selector":{"controlType":"sap.m.StandardListItem","viewName":"reusables.view.manageresources.NewResourceUnit","viewId":"application-manageresources-display-component---newResourceUnit","properties":{"title":"Centimeter"},"searchOpenDialogs":true,"interaction":{"idSuffix":"titleText"}},"wdio_ui5_key":"reusablesview.manageresources.NewResourceUnitsap.m.StandardListItem{\"title\":\"Centimeter\"}"}]}
RESULT: {"script":"<script> [1562 bytes]","args":[{"selector":{"controlType":"sap.m.StandardListItem","viewName":"reusables.view.manageresources.NewResourceUnit","viewId":"application-manageresources-display-component---newResourceUnit","properties":{"title":"Centimeter"},"searchOpenDialogs":true,"interaction":{"idSuffix":"titleText"}},"wdio_ui5_key":"reusablesview.manageresources.NewResourceUnitsap.m.StandardListItem{\"title\":\"Centimeter\"}"}]}
RESULT: undefined
COMMAND: POST /session/e957c6d77c4c3b135e6e74b3990b52c8/element - {"using":"xpath","value":"//*[@id=\"__item832\"]"}
RESULT: {"using":"xpath","value":"//*[@id=\"__item832\"]"}
COMMAND: POST /session/e957c6d77c4c3b135e6e74b3990b52c8/element/f.3C6AD4412E448D85C093D3308860BAAC.d.14263130A191361F7216A0BD24E25498.e.11399/click - {}
RESULT: {}
COMMAND: POST /session/e957c6d77c4c3b135e6e74b3990b52c8/execute/async - {"script":"<script> [1562 bytes]","args":[{"selector":{"id":"application-manageresources-display-component---newResourceUnit--newRRUPage-anchBar-application-manageresources-display-component---newResourceUnit--reference-anchor","interaction":{"idSuffix":"BDI-content"}},"wdio_ui5_key":"applicationmanageresources-display-component---newResourceUnit--newRRUPage-anchBar-application-manageresources-display-component---newResourceUnit--reference-anchor"}]}
COMMAND: GET /session/e957c6d77c4c3b135e6e74b3990b52c8/screenshot - {}
RESULT: {"script":"<script> [1562 bytes]","args":[{"selector":{"id":"application-manageresources-display-component---newResourceUnit--newRRUPage-anchBar-application-manageresources-display-component---newResourceUnit--reference-anchor","interaction":{"idSuffix":"BDI-content"}},"wdio_ui5_key":"applicationmanageresources-display-component---newResourceUnit--newRRUPage-anchBar-application-manageresources-display-component---newResourceUnit--reference-anchor"}]}
RESULT: undefined
COMMAND: POST /session/e957c6d77c4c3b135e6e74b3990b52c8/element - {"using":"xpath","value":"//*[@id=\"application-manageresources-display-component---newResourceUnit--newRRUPage-anchBar-application-manageresources-display-component---newResourceUnit--reference-anchor\"]"}
RESULT: {}
RESULT: {"using":"xpath","value":"//*[@id=\"application-manageresources-display-component---newResourceUnit--newRRUPage-anchBar-application-manageresources-display-component---newResourceUnit--reference-anchor\"]"}
COMMAND: POST /session/e957c6d77c4c3b135e6e74b3990b52c8/element/f.3C6AD4412E448D85C093D3308860BAAC.d.14263130A191361F7216A0BD24E25498.e.11401/click - {}
RESULT: {}
COMMAND: POST /session/e957c6d77c4c3b135e6e74b3990b52c8/execute/async - {"script":"<script> [1562 bytes]","args":[{"selector":{"id":"application-manageresources-display-component---newResourceUnit--PLANNING_GROUP-arrow"},"wdio_ui5_key":"applicationmanageresources-display-component---newResourceUnit--PLANNING_GROUP-arrow"}]}
COMMAND: GET /session/e957c6d77c4c3b135e6e74b3990b52c8/screenshot - {}
RESULT: {"script":"<script> [1562 bytes]","args":[{"selector":{"id":"application-manageresources-display-component---newResourceUnit--PLANNING_GROUP-arrow"},"wdio_ui5_key":"applicationmanageresources-display-component---newResourceUnit--PLANNING_GROUP-arrow"}]}
RESULT: undefined
COMMAND: POST /session/e957c6d77c4c3b135e6e74b3990b52c8/element - {"using":"xpath","value":"//*[@id=\"application-manageresources-display-component---newResourceUnit--PLANNING_GROUP-arrow\"]"}
RESULT: {}
RESULT: {"using":"xpath","value":"//*[@id=\"application-manageresources-display-component---newResourceUnit--PLANNING_GROUP-arrow\"]"}
COMMAND: POST /session/e957c6d77c4c3b135e6e74b3990b52c8/element/f.3C6AD4412E448D85C093D3308860BAAC.d.14263130A191361F7216A0BD24E25498.e.11405/click - {}
RESULT: {}
COMMAND: POST /session/e957c6d77c4c3b135e6e74b3990b52c8/execute/async - {"script":"<script> [1562 bytes]","args":[{"selector":{"controlType":"sap.m.StandardListItem","viewName":"reusables.view.manageresources.NewResourceUnit","viewId":"application-manageresources-display-component---newResourceUnit","properties":{"title":"Heavy Equi"},"searchOpenDialogs":true,"interaction":{"idSuffix":"content"}},"wdio_ui5_key":"reusablesview.manageresources.NewResourceUnitsap.m.StandardListItem{\"title\":\"Heavy Equi\"}"}]}
COMMAND: GET /session/e957c6d77c4c3b135e6e74b3990b52c8/screenshot - {}
RESULT: {"script":"<script> [1562 bytes]","args":[{"selector":{"controlType":"sap.m.StandardListItem","viewName":"reusables.view.manageresources.NewResourceUnit","viewId":"application-manageresources-display-component---newResourceUnit","properties":{"title":"Heavy Equi"},"searchOpenDialogs":true,"interaction":{"idSuffix":"content"}},"wdio_ui5_key":"reusablesview.manageresources.NewResourceUnitsap.m.StandardListItem{\"title\":\"Heavy Equi\"}"}]}
RESULT: undefined
COMMAND: POST /session/e957c6d77c4c3b135e6e74b3990b52c8/element - {"using":"xpath","value":"//*[@id=\"__item840\"]"}
RESULT: {}
RESULT: {"using":"xpath","value":"//*[@id=\"__item840\"]"}
COMMAND: POST /session/e957c6d77c4c3b135e6e74b3990b52c8/element/f.3C6AD4412E448D85C093D3308860BAAC.d.14263130A191361F7216A0BD24E25498.e.11407/click - {}
RESULT: {}
COMMAND: GET /session/e957c6d77c4c3b135e6e74b3990b52c8/screenshot - {}
RESULT: {}
COMMAND: POST /session/e957c6d77c4c3b135e6e74b3990b52c8/execute/async - {"script":"<script> [1562 bytes]","args":[{"selector":{"id":"application-manageresources-display-component---newResourceUnit--PLANNING_INDICATOR-arrow"},"wdio_ui5_key":"applicationmanageresources-display-component---newResourceUnit--PLANNING_INDICATOR-arrow"}]}
RESULT: {"script":"<script> [1562 bytes]","args":[{"selector":{"id":"application-manageresources-display-component---newResourceUnit--PLANNING_INDICATOR-arrow"},"wdio_ui5_key":"applicationmanageresources-display-component---newResourceUnit--PLANNING_INDICATOR-arrow"}]}
RESULT: undefined
COMMAND: POST /session/e957c6d77c4c3b135e6e74b3990b52c8/element - {"using":"xpath","value":"//*[@id=\"application-manageresources-display-component---newResourceUnit--PLANNING_INDICATOR-arrow\"]"}
RESULT: {"using":"xpath","value":"//*[@id=\"application-manageresources-display-component---newResourceUnit--PLANNING_INDICATOR-arrow\"]"}
COMMAND: POST /session/e957c6d77c4c3b135e6e74b3990b52c8/element/f.3C6AD4412E448D85C093D3308860BAAC.d.14263130A191361F7216A0BD24E25498.e.11408/click - {}
RESULT: {}
COMMAND: POST /session/e957c6d77c4c3b135e6e74b3990b52c8/execute/async - {"script":"<script> [1562 bytes]","args":[{"selector":{"controlType":"sap.m.StandardListItem","viewName":"reusables.view.manageresources.NewResourceUnit","viewId":"application-manageresources-display-component---newResourceUnit","properties":{"title":"10 - infinite"},"searchOpenDialogs":true,"interaction":{"idSuffix":"content"}},"wdio_ui5_key":"reusablesview.manageresources.NewResourceUnitsap.m.StandardListItem{\"title\":\"10 - infinite\"}"}]}
COMMAND: GET /session/e957c6d77c4c3b135e6e74b3990b52c8/screenshot - {}
RESULT: {"script":"<script> [1562 bytes]","args":[{"selector":{"controlType":"sap.m.StandardListItem","viewName":"reusables.view.manageresources.NewResourceUnit","viewId":"application-manageresources-display-component---newResourceUnit","properties":{"title":"10 - infinite"},"searchOpenDialogs":true,"interaction":{"idSuffix":"content"}},"wdio_ui5_key":"reusablesview.manageresources.NewResourceUnitsap.m.StandardListItem{\"title\":\"10 - infinite\"}"}]}
RESULT: undefined
COMMAND: POST /session/e957c6d77c4c3b135e6e74b3990b52c8/element - {"using":"xpath","value":"//*[@id=\"__item850\"]"}
RESULT: {}
RESULT: {"using":"xpath","value":"//*[@id=\"__item850\"]"}
COMMAND: POST /session/e957c6d77c4c3b135e6e74b3990b52c8/element/f.3C6AD4412E448D85C093D3308860BAAC.d.14263130A191361F7216A0BD24E25498.e.11410/click - {}
RESULT: {}
COMMAND: GET /session/e957c6d77c4c3b135e6e74b3990b52c8/screenshot - {}
RESULT: {}
COMMAND: POST /session/e957c6d77c4c3b135e6e74b3990b52c8/element - {"using":"xpath","value":"//bdi[contains(text(), \"Time Segment\")]"}
RESULT: {"using":"xpath","value":"//bdi[contains(text(), \"Time Segment\")]"}
COMMAND: GET /session/e957c6d77c4c3b135e6e74b3990b52c8/element/f.3C6AD4412E448D85C093D3308860BAAC.d.14263130A191361F7216A0BD24E25498.e.11411/rect - {}
RESULT: {}
COMMAND: GET /session/e957c6d77c4c3b135e6e74b3990b52c8/window/rect - {}
RESULT: {}
COMMAND: POST /session/e957c6d77c4c3b135e6e74b3990b52c8/execute/sync - {"script":"<script> [92 bytes]","args":[]}
RESULT: {"script":"<script> [92 bytes]","args":[]}
COMMAND: POST /session/e957c6d77c4c3b135e6e74b3990b52c8/actions - {"actions":[{"id":"action67","type":"wheel","parameters":{},"actions":[{"type":"scroll","x":-1820,"y":-21,"deltaX":0,"deltaY":0,"duration":0,"origin":{"element-6066-11e4-a52e-4f735466cecf":"f.3C6AD4412E448D85C093D3308860BAAC.d.14263130A191361F7216A0BD24E25498.e.11411"}}]}]}
COMMAND: GET /session/e957c6d77c4c3b135e6e74b3990b52c8/screenshot - {}
RESULT: {}
COMMAND: POST /session/e957c6d77c4c3b135e6e74b3990b52c8/execute/sync - {"script":"<script> [79 bytes]","args":[{"element-6066-11e4-a52e-4f735466cecf":"f.3C6AD4412E448D85C093D3308860BAAC.d.14263130A191361F7216A0BD24E25498.e.11411","ELEMENT":"f.3C6AD4412E448D85C093D3308860BAAC.d.14263130A191361F7216A0BD24E25498.e.11411"},{"block":"start","inline":"nearest"}]}
RESULT: {"script":"<script> [79 bytes]","args":[{"element-6066-11e4-a52e-4f735466cecf":"f.3C6AD4412E448D85C093D3308860BAAC.d.14263130A191361F7216A0BD24E25498.e.11411","ELEMENT":"f.3C6AD4412E448D85C093D3308860BAAC.d.14263130A191361F7216A0BD24E25498.e.11411"},{"block":"start","inline":"nearest"}]}
COMMAND: GET /session/e957c6d77c4c3b135e6e74b3990b52c8/screenshot - {}
RESULT: {}
COMMAND: POST /session/e957c6d77c4c3b135e6e74b3990b52c8/element - {"using":"xpath","value":"//span[@id=\"application-manageresources-display-component---newResourceUnit--btnAddTimeSegment-img\"]"}
RESULT: {"using":"xpath","value":"//span[@id=\"application-manageresources-display-component---newResourceUnit--btnAddTimeSegment-img\"]"}
COMMAND: POST /session/e957c6d77c4c3b135e6e74b3990b52c8/execute/sync - {"script":"<script> [8489 bytes]","args":[{"element-6066-11e4-a52e-4f735466cecf":"f.3C6AD4412E448D85C093D3308860BAAC.d.14263130A191361F7216A0BD24E25498.e.11414","ELEMENT":"f.3C6AD4412E448D85C093D3308860BAAC.d.14263130A191361F7216A0BD24E25498.e.11414"}]}
RESULT: {"script":"<script> [8489 bytes]","args":[{"element-6066-11e4-a52e-4f735466cecf":"f.3C6AD4412E448D85C093D3308860BAAC.d.14263130A191361F7216A0BD24E25498.e.11414","ELEMENT":"f.3C6AD4412E448D85C093D3308860BAAC.d.14263130A191361F7216A0BD24E25498.e.11414"}]}
COMMAND: POST /session/e957c6d77c4c3b135e6e74b3990b52c8/element/f.3C6AD4412E448D85C093D3308860BAAC.d.14263130A191361F7216A0BD24E25498.e.11414/click - {}
COMMAND: GET /session/e957c6d77c4c3b135e6e74b3990b52c8/screenshot - {}
RESULT: {}
COMMAND: GET /session/e957c6d77c4c3b135e6e74b3990b52c8/screenshot - {}
RESULT: {}
RESULT: {}
COMMAND: POST /session/e957c6d77c4c3b135e6e74b3990b52c8/element - {"using":"xpath","value":"//input[@id=\"application-manageresources-display-component---newResourceUnit--idRuTSAdmin-application-manageresources-display-component---newResourceUnit--RUTimeSegment-0-inner\"]"}
RESULT: {"using":"xpath","value":"//input[@id=\"application-manageresources-display-component---newResourceUnit--idRuTSAdmin-application-manageresources-display-component---newResourceUnit--RUTimeSegment-0-inner\"]"}
COMMAND: POST /session/e957c6d77c4c3b135e6e74b3990b52c8/element/f.3C6AD4412E448D85C093D3308860BAAC.d.14263130A191361F7216A0BD24E25498.e.11417/clear - {}
RESULT: {}
COMMAND: POST /session/e957c6d77c4c3b135e6e74b3990b52c8/element/f.3C6AD4412E448D85C093D3308860BAAC.d.14263130A191361F7216A0BD24E25498.e.11417/value - {"text":"WebdriverYardk1l2w"}
COMMAND: GET /session/e957c6d77c4c3b135e6e74b3990b52c8/screenshot - {}
RESULT: {"text":"WebdriverYardk1l2w"}
COMMAND: GET /session/e957c6d77c4c3b135e6e74b3990b52c8/screenshot - {}
RESULT: {}
RESULT: {}
COMMAND: POST /session/e957c6d77c4c3b135e6e74b3990b52c8/actions - {"actions":[{"id":"action68","type":"key","parameters":{},"actions":[{"type":"keyDown","value":"î€‡"},{"type":"pause","duration":10},{"type":"keyUp","value":"î€‡"}]}]}
RESULT: {"actions":[{"id":"action68","type":"key","parameters":{},"actions":[{"type":"keyDown","value":"î€‡"},{"type":"pause","duration":10},{"type":"keyUp","value":"î€‡"}]}]}
COMMAND: GET /session/e957c6d77c4c3b135e6e74b3990b52c8/screenshot - {}
RESULT: {}
COMMAND: POST /session/e957c6d77c4c3b135e6e74b3990b52c8/execute/async - {"script":"<script> [1562 bytes]","args":[{"selector":{"controlType":"sap.m.Button","viewName":"reusables.view.manageresources.NewResourceUnit","viewId":"application-manageresources-display-component---newResourceUnit","i18NText":{"propertyName":"tooltip","key":"save"},"interaction":{"idSuffix":"BDI-content"}},"wdio_ui5_key":"reusablesview.manageresources.NewResourceUnitsap.m.Button{\"propertyName\":\"tooltip\",\"key\":\"save\"}"}]}
RESULT: {"script":"<script> [1562 bytes]","args":[{"selector":{"controlType":"sap.m.Button","viewName":"reusables.view.manageresources.NewResourceUnit","viewId":"application-manageresources-display-component---newResourceUnit","i18NText":{"propertyName":"tooltip","key":"save"},"interaction":{"idSuffix":"BDI-content"}},"wdio_ui5_key":"reusablesview.manageresources.NewResourceUnitsap.m.Button{\"propertyName\":\"tooltip\",\"key\":\"save\"}"}]}
RESULT: undefined
COMMAND: POST /session/e957c6d77c4c3b135e6e74b3990b52c8/element - {"using":"xpath","value":"//*[@id=\"application-manageresources-display-component---newResourceUnit--createRuButton\"]"}
RESULT: {"using":"xpath","value":"//*[@id=\"application-manageresources-display-component---newResourceUnit--createRuButton\"]"}
COMMAND: POST /session/e957c6d77c4c3b135e6e74b3990b52c8/element/f.3C6AD4412E448D85C093D3308860BAAC.d.14263130A191361F7216A0BD24E25498.e.11277/click - {}
RESULT: {}
COMMAND: GET /session/e957c6d77c4c3b135e6e74b3990b52c8/screenshot - {}
RESULT: {}
COMMAND: POST /session/e957c6d77c4c3b135e6e74b3990b52c8/execute/async - {"script":"<script> [1562 bytes]","args":[{"selector":{"controlType":"sap.m.Title","properties":{"text":"Success"},"searchOpenDialogs":true},"wdio_ui5_key":"sapm.Title{\"text\":\"Success\"}"}]}
RESULT: {"script":"<script> [1562 bytes]","args":[{"selector":{"controlType":"sap.m.Title","properties":{"text":"Success"},"searchOpenDialogs":true},"wdio_ui5_key":"sapm.Title{\"text\":\"Success\"}"}]}
RESULT: undefined
COMMAND: POST /session/e957c6d77c4c3b135e6e74b3990b52c8/execute/async - {"script":"<script> [6424 bytes]","args":[{"element-6066-11e4-a52e-4f735466cecf":"f.3C6AD4412E448D85C093D3308860BAAC.d.14263130A191361F7216A0BD24E25498.e.11430"},"getText",[]]}
RESULT: {"script":"<script> [6424 bytes]","args":[{"element-6066-11e4-a52e-4f735466cecf":"f.3C6AD4412E448D85C093D3308860BAAC.d.14263130A191361F7216A0BD24E25498.e.11430"},"getText",[]]}
COMMAND: POST /session/e957c6d77c4c3b135e6e74b3990b52c8/element - {"using":"xpath","value":"//*[contains(@id, '__text') and (contains(text(), 'successfully created') or contains(., 'successfully created'))]"}
RESULT: {"using":"xpath","value":"//*[contains(@id, '__text') and (contains(text(), 'successfully created') or contains(., 'successfully created'))]"}
COMMAND: GET /session/e957c6d77c4c3b135e6e74b3990b52c8/element/f.3C6AD4412E448D85C093D3308860BAAC.d.14263130A191361F7216A0BD24E25498.e.11428/text - {}
RESULT: {}
COMMAND: POST /session/e957c6d77c4c3b135e6e74b3990b52c8/execute/async - {"script":"<script> [1562 bytes]","args":[{"selector":{"controlType":"sap.m.Button","properties":{"text":"Close"},"searchOpenDialogs":true,"interaction":{"idSuffix":"BDI-content"}},"wdio_ui5_key":"sapm.Button{\"text\":\"Close\"}"}]}
RESULT: {"script":"<script> [1562 bytes]","args":[{"selector":{"controlType":"sap.m.Button","properties":{"text":"Close"},"searchOpenDialogs":true,"interaction":{"idSuffix":"BDI-content"}},"wdio_ui5_key":"sapm.Button{\"text\":\"Close\"}"}]}
RESULT: undefined
COMMAND: POST /session/e957c6d77c4c3b135e6e74b3990b52c8/element - {"using":"xpath","value":"//*[@id=\"__mbox-btn-0\"]"}
RESULT: {"using":"xpath","value":"//*[@id=\"__mbox-btn-0\"]"}
COMMAND: POST /session/e957c6d77c4c3b135e6e74b3990b52c8/element/f.3C6AD4412E448D85C093D3308860BAAC.d.14263130A191361F7216A0BD24E25498.e.11427/click - {}
RESULT: {}
COMMAND: GET /session/e957c6d77c4c3b135e6e74b3990b52c8/screenshot - {}
RESULT: {}
COMMAND: POST /session/e957c6d77c4c3b135e6e74b3990b52c8/execute/async - {"script":"<script> [1562 bytes]","args":[{"selector":{"controlType":"sap.ui.core.Icon","viewName":"etm.portal.ui.manageresources.view.Detail","viewId":"application-manageresources-display-component---detailRU","properties":{"src":{"regex":{"source":"overflow"}}}},"wdio_ui5_key":"etmportal.ui.manageresources.view.Detailsap.ui.core.Icon{\"src\":{\"regex\":{\"source\":\"overflow\"}}}"}]}
RESULT: {"script":"<script> [1562 bytes]","args":[{"selector":{"controlType":"sap.ui.core.Icon","viewName":"etm.portal.ui.manageresources.view.Detail","viewId":"application-manageresources-display-component---detailRU","properties":{"src":{"regex":{"source":"overflow"}}}},"wdio_ui5_key":"etmportal.ui.manageresources.view.Detailsap.ui.core.Icon{\"src\":{\"regex\":{\"source\":\"overflow\"}}}"}]}
RESULT: undefined
COMMAND: POST /session/e957c6d77c4c3b135e6e74b3990b52c8/element - {"using":"xpath","value":"//*[@id=\"__title36-_actionsToolbar-overflowButton-img\"]"}
RESULT: {"using":"xpath","value":"//*[@id=\"__title36-_actionsToolbar-overflowButton-img\"]"}
COMMAND: POST /session/e957c6d77c4c3b135e6e74b3990b52c8/element/f.3C6AD4412E448D85C093D3308860BAAC.d.14263130A191361F7216A0BD24E25498.e.11461/click - {}
RESULT: {}
COMMAND: POST /session/e957c6d77c4c3b135e6e74b3990b52c8/execute/async - {"script":"<script> [1562 bytes]","args":[{"selector":{"controlType":"sap.m.Button","viewName":"etm.portal.ui.manageresources.view.Detail","viewId":"application-manageresources-display-component---detailRU","i18NText":{"propertyName":"tooltip","key":"closeColumn"},"searchOpenDialogs":true,"interaction":{"idSuffix":"inner"}},"wdio_ui5_key":"etmportal.ui.manageresources.view.Detailsap.m.Button{\"propertyName\":\"tooltip\",\"key\":\"closeColumn\"}"}]}
COMMAND: GET /session/e957c6d77c4c3b135e6e74b3990b52c8/screenshot - {}
RESULT: {"script":"<script> [1562 bytes]","args":[{"selector":{"controlType":"sap.m.Button","viewName":"etm.portal.ui.manageresources.view.Detail","viewId":"application-manageresources-display-component---detailRU","i18NText":{"propertyName":"tooltip","key":"closeColumn"},"searchOpenDialogs":true,"interaction":{"idSuffix":"inner"}},"wdio_ui5_key":"etmportal.ui.manageresources.view.Detailsap.m.Button{\"propertyName\":\"tooltip\",\"key\":\"closeColumn\"}"}]}
RESULT: undefined
COMMAND: POST /session/e957c6d77c4c3b135e6e74b3990b52c8/element - {"using":"xpath","value":"//*[@id=\"__button151\"]"}
RESULT: {}
RESULT: {"using":"xpath","value":"//*[@id=\"__button151\"]"}
COMMAND: POST /session/e957c6d77c4c3b135e6e74b3990b52c8/element/f.3C6AD4412E448D85C093D3308860BAAC.d.14263130A191361F7216A0BD24E25498.e.11463/click - {}
RESULT: {}
COMMAND: GET /session/e957c6d77c4c3b135e6e74b3990b52c8/screenshot - {}
RESULT: {}
COMMAND: POST /session/e957c6d77c4c3b135e6e74b3990b52c8/refresh - {}
RESULT: {}
COMMAND: GET /session/e957c6d77c4c3b135e6e74b3990b52c8/screenshot - {}
RESULT: {}
COMMAND: POST /session/e957c6d77c4c3b135e6e74b3990b52c8/execute/async - {"script":"<script> [189 bytes]","args":[]}
RESULT: {"script":"<script> [189 bytes]","args":[]}
COMMAND: POST /session/e957c6d77c4c3b135e6e74b3990b52c8/execute/async - {"script":"<script> [123 bytes]","args":[]}
RESULT: {"script":"<script> [123 bytes]","args":[]}
COMMAND: POST /session/e957c6d77c4c3b135e6e74b3990b52c8/timeouts - {"script":"<number>"}
RESULT: {"script":"<number>"}
COMMAND: GET /session/e957c6d77c4c3b135e6e74b3990b52c8/timeouts - {}
RESULT: {}
RESULT: undefined
COMMAND: POST /session/e957c6d77c4c3b135e6e74b3990b52c8/execute/async - {"script":"<script> [2676 bytes]","args":[]}
RESULT: {"script":"<script> [2676 bytes]","args":[]}
COMMAND: POST /session/e957c6d77c4c3b135e6e74b3990b52c8/execute/async - {"script":"<script> [2342 bytes]","args":[{"protocol":"http","hostname":"0.0.0.0","path":"/","capabilities":{"browserName":"chrome","goog:chromeOptions":{"binary":"C:\\Program Files\\Google\\Chrome\\Application\\chrome.exe","args":["--start-maximized"]}},"logLevel":"warn","connectionRetryTimeout":120000,"connectionRetryCount":3,"logLevels":{},"enableDirectConnect":true,"strictSSL":true,"_":"65 more keys: [\"cacheDir\",\"port\",\"requestedCapabilities\",\"automationProtocol\",\"baseUrl\",\"waitforInterval\",\"waitforTimeout\",\"onReload\",\"beforeCommand\",\"afterCommand\",\"rootDir\",\"specs\",\"suites\",\"exclude\",\"groupLogsByTestSpec\",\"excludeDriverLogs\",\"bail\",\"framework\",\"reporters\",\"services\",\"maxInstances\",\"maxInstancesPerCapability\",\"injectGlobals\",\"filesToWatch\",\"execArgv\",\"runnerEnv\",\"runner\",\"shard\",\"specFileRetries\",\"specFileRetriesDelay\",\"specFileRetriesDeferred\",\"reporterSyncInterval\",\"reporterSyncTimeout\",\"cucumberFeaturesWithLineNumbers\",\"autoCompileOpts\",\"mochaOpts\",\"jasmineOpts\",\"cucumberOpts\",\"onPrepare\",\"onWorkerStart\",\"onWorkerEnd\",\"before\",\"beforeSession\",\"beforeSuite\",\"beforeHook\",\"beforeTest\",\"afterTest\",\"afterHook\",\"afterSuite\",\"afterSession\",\"after\",\"onComplete\",\"beforeAssertion\",\"afterAssertion\",\"beforeFeature\",\"beforeScenario\",\"beforeStep\",\"afterStep\",\"afterScenario\",\"afterFeature\",\"_\",\"suite\",\"$0\",\"ignoredWorkerServices\",\"wdi5\"]"}]}
RESULT: {"script":"<script> [2342 bytes]","args":[{"protocol":"http","hostname":"0.0.0.0","path":"/","capabilities":{"browserName":"chrome","goog:chromeOptions":{"binary":"C:\\Program Files\\Google\\Chrome\\Application\\chrome.exe","args":["--start-maximized"]}},"logLevel":"warn","connectionRetryTimeout":120000,"connectionRetryCount":3,"logLevels":{},"enableDirectConnect":true,"strictSSL":true,"_":"65 more keys: [\"cacheDir\",\"port\",\"requestedCapabilities\",\"automationProtocol\",\"baseUrl\",\"waitforInterval\",\"waitforTimeout\",\"onReload\",\"beforeCommand\",\"afterCommand\",\"rootDir\",\"specs\",\"suites\",\"exclude\",\"groupLogsByTestSpec\",\"excludeDriverLogs\",\"bail\",\"framework\",\"reporters\",\"services\",\"maxInstances\",\"maxInstancesPerCapability\",\"injectGlobals\",\"filesToWatch\",\"execArgv\",\"runnerEnv\",\"runner\",\"shard\",\"specFileRetries\",\"specFileRetriesDelay\",\"specFileRetriesDeferred\",\"reporterSyncInterval\",\"reporterSyncTimeout\",\"cucumberFeaturesWithLineNumbers\",\"autoCompileOpts\",\"mochaOpts\",\"jasmineOpts\",\"cucumberOpts\",\"onPrepare\",\"onWorkerStart\",\"onWorkerEnd\",\"before\",\"beforeSession\",\"beforeSuite\",\"beforeHook\",\"beforeTest\",\"afterTest\",\"afterHook\",\"afterSuite\",\"afterSession\",\"after\",\"onComplete\",\"beforeAssertion\",\"afterAssertion\",\"beforeFeature\",\"beforeScenario\",\"beforeStep\",\"afterStep\",\"afterScenario\",\"afterFeature\",\"_\",\"suite\",\"$0\",\"ignoredWorkerServices\",\"wdi5\"]"}]}
COMMAND: POST /session/e957c6d77c4c3b135e6e74b3990b52c8/execute/async - {"script":"<script> [21126 bytes]","args":[35000]}
RESULT: {"script":"<script> [21126 bytes]","args":[35000]}
COMMAND: POST /session/e957c6d77c4c3b135e6e74b3990b52c8/element - {"using":"css selector","value":"#shell-header-logo"}
RESULT: {"using":"css selector","value":"#shell-header-logo"}
COMMAND: POST /session/e957c6d77c4c3b135e6e74b3990b52c8/element/f.3C6AD4412E448D85C093D3308860BAAC.d.4EF24DD8A4579EDB41C0ECCB3FBEDEF9.e.11521/click - {}
RESULT: undefined
RESULT: {}
COMMAND: GET /session/e957c6d77c4c3b135e6e74b3990b52c8/screenshot - {}
RESULT: {}
COMMAND: POST /session/e957c6d77c4c3b135e6e74b3990b52c8/execute/async - {"script":"<script> [1562 bytes]","args":[{"selector":{"controlType":"sap.m.GenericTile","properties":{"header":"Manage Handovers"}},"wdio_ui5_key":"sapm.GenericTile{\"header\":\"Manage Handovers\"}"}]}
RESULT: {"script":"<script> [1562 bytes]","args":[{"selector":{"controlType":"sap.m.GenericTile","properties":{"header":"Manage Handovers"}},"wdio_ui5_key":"sapm.GenericTile{\"header\":\"Manage Handovers\"}"}]}
RESULT: undefined
COMMAND: POST /session/e957c6d77c4c3b135e6e74b3990b52c8/element - {"using":"xpath","value":"//*[@id=\"__tile134\"]"}
RESULT: {"using":"xpath","value":"//*[@id=\"__tile134\"]"}
COMMAND: POST /session/e957c6d77c4c3b135e6e74b3990b52c8/element/f.3C6AD4412E448D85C093D3308860BAAC.d.4EF24DD8A4579EDB41C0ECCB3FBEDEF9.e.11706/click - {}
RESULT: {}
COMMAND: GET /session/e957c6d77c4c3b135e6e74b3990b52c8/screenshot - {}
RESULT: {}
COMMAND: POST /session/e957c6d77c4c3b135e6e74b3990b52c8/elements - {"using":"xpath","value":"//span[text()='Error']"}
RESULT: {"using":"xpath","value":"//span[text()='Error']"}
COMMAND: POST /session/e957c6d77c4c3b135e6e74b3990b52c8/element - {"using":"xpath","value":"//button[@data-kt=\"masterHOAddButton\"]"}
RESULT: {"using":"xpath","value":"//button[@data-kt=\"masterHOAddButton\"]"}
COMMAND: POST /session/e957c6d77c4c3b135e6e74b3990b52c8/execute/sync - {"script":"<script> [8489 bytes]","args":[{"element-6066-11e4-a52e-4f735466cecf":"f.3C6AD4412E448D85C093D3308860BAAC.d.4EF24DD8A4579EDB41C0ECCB3FBEDEF9.e.11745","ELEMENT":"f.3C6AD4412E448D85C093D3308860BAAC.d.4EF24DD8A4579EDB41C0ECCB3FBEDEF9.e.11745"}]}
RESULT: {"script":"<script> [8489 bytes]","args":[{"element-6066-11e4-a52e-4f735466cecf":"f.3C6AD4412E448D85C093D3308860BAAC.d.4EF24DD8A4579EDB41C0ECCB3FBEDEF9.e.11745","ELEMENT":"f.3C6AD4412E448D85C093D3308860BAAC.d.4EF24DD8A4579EDB41C0ECCB3FBEDEF9.e.11745"}]}
COMMAND: POST /session/e957c6d77c4c3b135e6e74b3990b52c8/element/f.3C6AD4412E448D85C093D3308860BAAC.d.4EF24DD8A4579EDB41C0ECCB3FBEDEF9.e.11745/click - {}
COMMAND: GET /session/e957c6d77c4c3b135e6e74b3990b52c8/screenshot - {}
RESULT: {}
COMMAND: GET /session/e957c6d77c4c3b135e6e74b3990b52c8/screenshot - {}
COMMAND: POST /session/e957c6d77c4c3b135e6e74b3990b52c8/element - {"using":"xpath","value":"//span[contains(@id ,\"AddNewHO--typeSelect-arrow\")]"}
RESULT: {}
RESULT: {}
RESULT: {"using":"xpath","value":"//span[contains(@id ,\"AddNewHO--typeSelect-arrow\")]"}
COMMAND: POST /session/e957c6d77c4c3b135e6e74b3990b52c8/element/f.3C6AD4412E448D85C093D3308860BAAC.d.4EF24DD8A4579EDB41C0ECCB3FBEDEF9.e.12000/click - {}
RESULT: {}
COMMAND: GET /session/e957c6d77c4c3b135e6e74b3990b52c8/screenshot - {}
RESULT: {}
COMMAND: POST /session/e957c6d77c4c3b135e6e74b3990b52c8/element - {"using":"xpath","value":"(//li[contains(text(), \"stock increase yard\")])[1]"}
RESULT: {"using":"xpath","value":"(//li[contains(text(), \"stock increase yard\")])[1]"}
COMMAND: POST /session/e957c6d77c4c3b135e6e74b3990b52c8/element/f.3C6AD4412E448D85C093D3308860BAAC.d.4EF24DD8A4579EDB41C0ECCB3FBEDEF9.e.12001/click - {}
RESULT: {}
COMMAND: GET /session/e957c6d77c4c3b135e6e74b3990b52c8/screenshot - {}
RESULT: {}
COMMAND: POST /session/e957c6d77c4c3b135e6e74b3990b52c8/execute/async - {"script":"<script> [1562 bytes]","args":[{"selector":{"id":"application-managehandovers-display-component---AddNewHO--dueDate","interaction":{"idSuffix":"inner"}},"wdio_ui5_key":"applicationmanagehandovers-display-component---AddNewHO--dueDate"}]}
RESULT: {"script":"<script> [1562 bytes]","args":[{"selector":{"id":"application-managehandovers-display-component---AddNewHO--dueDate","interaction":{"idSuffix":"inner"}},"wdio_ui5_key":"applicationmanagehandovers-display-component---AddNewHO--dueDate"}]}
RESULT: undefined
COMMAND: POST /session/e957c6d77c4c3b135e6e74b3990b52c8/execute/async - {"script":"<script> [6424 bytes]","args":[{"element-6066-11e4-a52e-4f735466cecf":"f.3C6AD4412E448D85C093D3308860BAAC.d.4EF24DD8A4579EDB41C0ECCB3FBEDEF9.e.12005"},"setValue",["6/12/25"]]}
RESULT: {"script":"<script> [6424 bytes]","args":[{"element-6066-11e4-a52e-4f735466cecf":"f.3C6AD4412E448D85C093D3308860BAAC.d.4EF24DD8A4579EDB41C0ECCB3FBEDEF9.e.12005"},"setValue",["6/12/25"]]}
COMMAND: POST /session/e957c6d77c4c3b135e6e74b3990b52c8/element - {"using":"xpath","value":"//input[@id=\"generalSectionFrg--receiveYard-inner\"]"}
RESULT: {"using":"xpath","value":"//input[@id=\"generalSectionFrg--receiveYard-inner\"]"}
COMMAND: POST /session/e957c6d77c4c3b135e6e74b3990b52c8/element/f.3C6AD4412E448D85C093D3308860BAAC.d.4EF24DD8A4579EDB41C0ECCB3FBEDEF9.e.12011/clear - {}
RESULT: {}
COMMAND: POST /session/e957c6d77c4c3b135e6e74b3990b52c8/element/f.3C6AD4412E448D85C093D3308860BAAC.d.4EF24DD8A4579EDB41C0ECCB3FBEDEF9.e.12011/value - {"text":"WebdriverYardk1l2w"}
COMMAND: GET /session/e957c6d77c4c3b135e6e74b3990b52c8/screenshot - {}
RESULT: {"text":"WebdriverYardk1l2w"}
COMMAND: GET /session/e957c6d77c4c3b135e6e74b3990b52c8/screenshot - {}
RESULT: {}
RESULT: {}
COMMAND: POST /session/e957c6d77c4c3b135e6e74b3990b52c8/execute/async - {"script":"<script> [1562 bytes]","args":[{"selector":{"id":"application-managehandovers-display-component---AddNewHO--ObjectPageLayout-anchBar-application-managehandovers-display-component---AddNewHO--section4-anchor","interaction":{"idSuffix":"BDI-content"}},"wdio_ui5_key":"applicationmanagehandovers-display-component---AddNewHO--ObjectPageLayout-anchBar-application-managehandovers-display-component---AddNewHO--section4-anchor"}]}
RESULT: {"script":"<script> [1562 bytes]","args":[{"selector":{"id":"application-managehandovers-display-component---AddNewHO--ObjectPageLayout-anchBar-application-managehandovers-display-component---AddNewHO--section4-anchor","interaction":{"idSuffix":"BDI-content"}},"wdio_ui5_key":"applicationmanagehandovers-display-component---AddNewHO--ObjectPageLayout-anchBar-application-managehandovers-display-component---AddNewHO--section4-anchor"}]}
RESULT: undefined
COMMAND: POST /session/e957c6d77c4c3b135e6e74b3990b52c8/element - {"using":"xpath","value":"//*[@id=\"application-managehandovers-display-component---AddNewHO--ObjectPageLayout-anchBar-application-managehandovers-display-component---AddNewHO--section4-anchor\"]"}
RESULT: {"using":"xpath","value":"//*[@id=\"application-managehandovers-display-component---AddNewHO--ObjectPageLayout-anchBar-application-managehandovers-display-component---AddNewHO--section4-anchor\"]"}
COMMAND: POST /session/e957c6d77c4c3b135e6e74b3990b52c8/element/f.3C6AD4412E448D85C093D3308860BAAC.d.4EF24DD8A4579EDB41C0ECCB3FBEDEF9.e.12030/click - {}
RESULT: {}
COMMAND: GET /session/e957c6d77c4c3b135e6e74b3990b52c8/screenshot - {}
RESULT: {}
COMMAND: POST /session/e957c6d77c4c3b135e6e74b3990b52c8/element - {"using":"xpath","value":"//button[@aria-label=\"Add\"]"}
RESULT: {"using":"xpath","value":"//button[@aria-label=\"Add\"]"}
COMMAND: POST /session/e957c6d77c4c3b135e6e74b3990b52c8/element/f.3C6AD4412E448D85C093D3308860BAAC.d.4EF24DD8A4579EDB41C0ECCB3FBEDEF9.e.12034/click - {}
RESULT: {}
COMMAND: GET /session/e957c6d77c4c3b135e6e74b3990b52c8/screenshot - {}
COMMAND: POST /session/e957c6d77c4c3b135e6e74b3990b52c8/execute/async - {"script":"<script> [1562 bytes]","args":[{"selector":{"id":"application-managehandovers-display-component---AddNewHO--smartFilterBar-btnBasicSearch","searchOpenDialogs":true,"interaction":{"idSuffix":"I"}},"wdio_ui5_key":"applicationmanagehandovers-display-component---AddNewHO--smartFilterBar-btnBasicSearch"}]}
RESULT: {}
RESULT: {"script":"<script> [1562 bytes]","args":[{"selector":{"id":"application-managehandovers-display-component---AddNewHO--smartFilterBar-btnBasicSearch","searchOpenDialogs":true,"interaction":{"idSuffix":"I"}},"wdio_ui5_key":"applicationmanagehandovers-display-component---AddNewHO--smartFilterBar-btnBasicSearch"}]}
RESULT: undefined
COMMAND: POST /session/e957c6d77c4c3b135e6e74b3990b52c8/execute/async - {"script":"<script> [776 bytes]","args":[{"enterText":"WebdriverMatTesthdsrs","selector":{"id":"application-managehandovers-display-component---AddNewHO--smartFilterBar-btnBasicSearch","searchOpenDialogs":true,"interaction":{"idSuffix":"I"}},"clearTextFirst":true,"interactionType":"ENTER_TEXT"}]}
RESULT: {"script":"<script> [776 bytes]","args":[{"enterText":"WebdriverMatTesthdsrs","selector":{"id":"application-managehandovers-display-component---AddNewHO--smartFilterBar-btnBasicSearch","searchOpenDialogs":true,"interaction":{"idSuffix":"I"}},"clearTextFirst":true,"interactionType":"ENTER_TEXT"}]}
COMMAND: POST /session/e957c6d77c4c3b135e6e74b3990b52c8/actions - {"actions":[{"id":"action69","type":"key","parameters":{},"actions":[{"type":"keyDown","value":"î€‡"},{"type":"pause","duration":10},{"type":"keyUp","value":"î€‡"}]}]}
RESULT: {"actions":[{"id":"action69","type":"key","parameters":{},"actions":[{"type":"keyDown","value":"î€‡"},{"type":"pause","duration":10},{"type":"keyUp","value":"î€‡"}]}]}
COMMAND: POST /session/e957c6d77c4c3b135e6e74b3990b52c8/execute/async - {"script":"<script> [1562 bytes]","args":[{"selector":{"id":"application-managehandovers-display-component---AddNewHO--popup-sa","searchOpenDialogs":true,"interaction":{"idSuffix":"CbBg"}},"wdio_ui5_key":"applicationmanagehandovers-display-component---AddNewHO--popup-sa"}]}
COMMAND: GET /session/e957c6d77c4c3b135e6e74b3990b52c8/screenshot - {}
RESULT: {"script":"<script> [1562 bytes]","args":[{"selector":{"id":"application-managehandovers-display-component---AddNewHO--popup-sa","searchOpenDialogs":true,"interaction":{"idSuffix":"CbBg"}},"wdio_ui5_key":"applicationmanagehandovers-display-component---AddNewHO--popup-sa"}]}
RESULT: undefined
COMMAND: POST /session/e957c6d77c4c3b135e6e74b3990b52c8/element - {"using":"xpath","value":"//*[@id=\"application-managehandovers-display-component---AddNewHO--popup-sa\"]"}
RESULT: {}
RESULT: {"using":"xpath","value":"//*[@id=\"application-managehandovers-display-component---AddNewHO--popup-sa\"]"}
COMMAND: POST /session/e957c6d77c4c3b135e6e74b3990b52c8/element/f.3C6AD4412E448D85C093D3308860BAAC.d.4EF24DD8A4579EDB41C0ECCB3FBEDEF9.e.12112/click - {}
RESULT: {}
COMMAND: GET /session/e957c6d77c4c3b135e6e74b3990b52c8/screenshot - {}
RESULT: {}
COMMAND: POST /session/e957c6d77c4c3b135e6e74b3990b52c8/element - {"using":"xpath","value":"//bdi[contains(text(), \"Select\")]"}
RESULT: {"using":"xpath","value":"//bdi[contains(text(), \"Select\")]"}
COMMAND: POST /session/e957c6d77c4c3b135e6e74b3990b52c8/element/f.3C6AD4412E448D85C093D3308860BAAC.d.4EF24DD8A4579EDB41C0ECCB3FBEDEF9.e.12113/click - {}
RESULT: {}
COMMAND: GET /session/e957c6d77c4c3b135e6e74b3990b52c8/screenshot - {}
RESULT: {}
COMMAND: POST /session/e957c6d77c4c3b135e6e74b3990b52c8/execute/async - {"script":"<script> [1562 bytes]","args":[{"selector":{"controlType":"sap.m.Input","viewName":"etm.portal.ui.managehandovers.view.AddNewHO","viewId":"application-managehandovers-display-component---AddNewHO","bindingPath":{"path":"/items/0","propertyPath":"TYPE","modelName":"hoItemsModel"},"interaction":{"idSuffix":"inner"}},"wdio_ui5_key":"etmportal.ui.managehandovers.view.AddNewHOsap.m.Input{\"path\":\"/items/0\",\"propertyPath\":\"TYPE\",\"modelName\":\"hoItemsModel\"}"}]}
RESULT: {"script":"<script> [1562 bytes]","args":[{"selector":{"controlType":"sap.m.Input","viewName":"etm.portal.ui.managehandovers.view.AddNewHO","viewId":"application-managehandovers-display-component---AddNewHO","bindingPath":{"path":"/items/0","propertyPath":"TYPE","modelName":"hoItemsModel"},"interaction":{"idSuffix":"inner"}},"wdio_ui5_key":"etmportal.ui.managehandovers.view.AddNewHOsap.m.Input{\"path\":\"/items/0\",\"propertyPath\":\"TYPE\",\"modelName\":\"hoItemsModel\"}"}]}
RESULT: undefined
COMMAND: POST /session/e957c6d77c4c3b135e6e74b3990b52c8/execute/async - {"script":"<script> [776 bytes]","args":[{"enterText":"100","selector":{"controlType":"sap.m.Input","viewName":"etm.portal.ui.managehandovers.view.AddNewHO","viewId":"application-managehandovers-display-component---AddNewHO","bindingPath":{"path":"/items/0","propertyPath":"TYPE","modelName":"hoItemsModel"},"interaction":{"idSuffix":"inner"}},"clearTextFirst":true,"interactionType":"ENTER_TEXT"}]}
RESULT: {"script":"<script> [776 bytes]","args":[{"enterText":"100","selector":{"controlType":"sap.m.Input","viewName":"etm.portal.ui.managehandovers.view.AddNewHO","viewId":"application-managehandovers-display-component---AddNewHO","bindingPath":{"path":"/items/0","propertyPath":"TYPE","modelName":"hoItemsModel"},"interaction":{"idSuffix":"inner"}},"clearTextFirst":true,"interactionType":"ENTER_TEXT"}]}
COMMAND: POST /session/e957c6d77c4c3b135e6e74b3990b52c8/element - {"using":"xpath","value":"//button[@data-kt=\"AddNewHOSaveButton\"]"}
RESULT: {"using":"xpath","value":"//button[@data-kt=\"AddNewHOSaveButton\"]"}
COMMAND: POST /session/e957c6d77c4c3b135e6e74b3990b52c8/element/f.3C6AD4412E448D85C093D3308860BAAC.d.4EF24DD8A4579EDB41C0ECCB3FBEDEF9.e.12118/click - {}
RESULT: {}
COMMAND: GET /session/e957c6d77c4c3b135e6e74b3990b52c8/screenshot - {}
RESULT: {}
COMMAND: POST /session/e957c6d77c4c3b135e6e74b3990b52c8/execute/async - {"script":"<script> [1562 bytes]","args":[{"selector":{"id":"receiptDatePicker","viewName":"etm.portal.ui.managehandovers.view.DetailExecuteHO","interaction":{"idSuffix":"inner"}},"wdio_ui5_key":"receiptDatePickeretmportal.ui.managehandovers.view.DetailExecuteHO"}]}
RESULT: {"script":"<script> [1562 bytes]","args":[{"selector":{"id":"receiptDatePicker","viewName":"etm.portal.ui.managehandovers.view.DetailExecuteHO","interaction":{"idSuffix":"inner"}},"wdio_ui5_key":"receiptDatePickeretmportal.ui.managehandovers.view.DetailExecuteHO"}]}
RESULT: undefined
COMMAND: POST /session/e957c6d77c4c3b135e6e74b3990b52c8/execute/async - {"script":"<script> [6424 bytes]","args":[{"element-6066-11e4-a52e-4f735466cecf":"f.3C6AD4412E448D85C093D3308860BAAC.d.4EF24DD8A4579EDB41C0ECCB3FBEDEF9.e.12145"},"setValue",["6/12/25"]]}
RESULT: {"script":"<script> [6424 bytes]","args":[{"element-6066-11e4-a52e-4f735466cecf":"f.3C6AD4412E448D85C093D3308860BAAC.d.4EF24DD8A4579EDB41C0ECCB3FBEDEF9.e.12145"},"setValue",["6/12/25"]]}
COMMAND: POST /session/e957c6d77c4c3b135e6e74b3990b52c8/actions - {"actions":[{"id":"action70","type":"key","parameters":{},"actions":[{"type":"keyDown","value":"î€‡"},{"type":"pause","duration":10},{"type":"keyUp","value":"î€‡"}]}]}
RESULT: {"actions":[{"id":"action70","type":"key","parameters":{},"actions":[{"type":"keyDown","value":"î€‡"},{"type":"pause","duration":10},{"type":"keyUp","value":"î€‡"}]}]}
COMMAND: POST /session/e957c6d77c4c3b135e6e74b3990b52c8/actions - {"actions":[{"id":"action71","type":"key","parameters":{},"actions":[{"type":"keyDown","value":"î€‡"},{"type":"pause","duration":10},{"type":"keyUp","value":"î€‡"}]}]}
COMMAND: GET /session/e957c6d77c4c3b135e6e74b3990b52c8/screenshot - {}
RESULT: {"actions":[{"id":"action71","type":"key","parameters":{},"actions":[{"type":"keyDown","value":"î€‡"},{"type":"pause","duration":10},{"type":"keyUp","value":"î€‡"}]}]}
COMMAND: POST /session/e957c6d77c4c3b135e6e74b3990b52c8/element - {"using":"xpath","value":"//button[@data-kt=\"ReceivingTableConfirmAllButton\"]"}
COMMAND: GET /session/e957c6d77c4c3b135e6e74b3990b52c8/screenshot - {}
RESULT: {}
RESULT: {"using":"xpath","value":"//button[@data-kt=\"ReceivingTableConfirmAllButton\"]"}
COMMAND: POST /session/e957c6d77c4c3b135e6e74b3990b52c8/element/f.3C6AD4412E448D85C093D3308860BAAC.d.4EF24DD8A4579EDB41C0ECCB3FBEDEF9.e.12159/click - {}
RESULT: {}
RESULT: {}
COMMAND: GET /session/e957c6d77c4c3b135e6e74b3990b52c8/screenshot - {}
RESULT: {}
COMMAND: POST /session/e957c6d77c4c3b135e6e74b3990b52c8/element - {"using":"xpath","value":"//bdi[contains(text(), \"OK\")]"}
RESULT: {"using":"xpath","value":"//bdi[contains(text(), \"OK\")]"}
COMMAND: POST /session/e957c6d77c4c3b135e6e74b3990b52c8/element/f.3C6AD4412E448D85C093D3308860BAAC.d.4EF24DD8A4579EDB41C0ECCB3FBEDEF9.e.12162/click - {}
RESULT: {}
COMMAND: GET /session/e957c6d77c4c3b135e6e74b3990b52c8/screenshot - {}
RESULT: {}
COMMAND: POST /session/e957c6d77c4c3b135e6e74b3990b52c8/element - {"using":"xpath","value":"(//bdi[contains(text(), \"Receive\")])[2]"}
RESULT: {"using":"xpath","value":"(//bdi[contains(text(), \"Receive\")])[2]"}
COMMAND: POST /session/e957c6d77c4c3b135e6e74b3990b52c8/element/f.3C6AD4412E448D85C093D3308860BAAC.d.4EF24DD8A4579EDB41C0ECCB3FBEDEF9.e.12163/click - {}
RESULT: {}
COMMAND: GET /session/e957c6d77c4c3b135e6e74b3990b52c8/screenshot - {}
RESULT: {}
COMMAND: POST /session/e957c6d77c4c3b135e6e74b3990b52c8/element - {"using":"css selector","value":"#shell-header-logo"}
RESULT: {"using":"css selector","value":"#shell-header-logo"}
COMMAND: POST /session/e957c6d77c4c3b135e6e74b3990b52c8/element/f.3C6AD4412E448D85C093D3308860BAAC.d.4EF24DD8A4579EDB41C0ECCB3FBEDEF9.e.11709/click - {}
RESULT: {}
]]></system-out>
    </testcase>
    <testcase classname="chrome.137_0_7151_69.windows.E2E_-_Logistical_and_commercial_statuses" name="Should add a pricing rule and a condition to the RU" time="114.279">
      <system-out><![CDATA[
COMMAND: POST /session/e957c6d77c4c3b135e6e74b3990b52c8/execute/async - {"script":"<script> [1562 bytes]","args":[{"selector":{"controlType":"sap.m.GenericTile","properties":{"header":"Manage Pricing Rules"}},"wdio_ui5_key":"sapm.GenericTile{\"header\":\"Manage Pricing Rules\"}"}]}
COMMAND: GET /session/e957c6d77c4c3b135e6e74b3990b52c8/screenshot - {}
RESULT: {"script":"<script> [1562 bytes]","args":[{"selector":{"controlType":"sap.m.GenericTile","properties":{"header":"Manage Pricing Rules"}},"wdio_ui5_key":"sapm.GenericTile{\"header\":\"Manage Pricing Rules\"}"}]}
RESULT: undefined
COMMAND: POST /session/e957c6d77c4c3b135e6e74b3990b52c8/element - {"using":"xpath","value":"//*[@id=\"__tile57\"]"}
RESULT: {}
RESULT: {"using":"xpath","value":"//*[@id=\"__tile57\"]"}
COMMAND: POST /session/e957c6d77c4c3b135e6e74b3990b52c8/element/f.3C6AD4412E448D85C093D3308860BAAC.d.4EF24DD8A4579EDB41C0ECCB3FBEDEF9.e.12396/click - {}
RESULT: {}
COMMAND: GET /session/e957c6d77c4c3b135e6e74b3990b52c8/screenshot - {}
RESULT: {}
COMMAND: POST /session/e957c6d77c4c3b135e6e74b3990b52c8/elements - {"using":"xpath","value":"//span[text()='Error']"}
RESULT: {"using":"xpath","value":"//span[text()='Error']"}
COMMAND: POST /session/e957c6d77c4c3b135e6e74b3990b52c8/execute/async - {"script":"<script> [1562 bytes]","args":[{"selector":{"controlType":"sap.ui.core.Icon","viewName":"etm.portal.ui.managepricingrules.view.MasterHeader","viewId":"application-managepricingrules-display-component---priceInfoHeader","properties":{"src":{"regex":{"source":"activity\\-items"}}}},"wdio_ui5_key":"etmportal.ui.managepricingrules.view.MasterHeadersap.ui.core.Icon{\"src\":{\"regex\":{\"source\":\"activity\\\\-items\"}}}"}]}
RESULT: {"script":"<script> [1562 bytes]","args":[{"selector":{"controlType":"sap.ui.core.Icon","viewName":"etm.portal.ui.managepricingrules.view.MasterHeader","viewId":"application-managepricingrules-display-component---priceInfoHeader","properties":{"src":{"regex":{"source":"activity\\-items"}}}},"wdio_ui5_key":"etmportal.ui.managepricingrules.view.MasterHeadersap.ui.core.Icon{\"src\":{\"regex\":{\"source\":\"activity\\\\-items\"}}}"}]}
RESULT: undefined
COMMAND: POST /session/e957c6d77c4c3b135e6e74b3990b52c8/element - {"using":"xpath","value":"//*[@id=\"__filter22-icon\"]"}
RESULT: {"using":"xpath","value":"//*[@id=\"__filter22-icon\"]"}
COMMAND: POST /session/e957c6d77c4c3b135e6e74b3990b52c8/element/f.3C6AD4412E448D85C093D3308860BAAC.d.4EF24DD8A4579EDB41C0ECCB3FBEDEF9.e.12449/click - {}
RESULT: {}
COMMAND: GET /session/e957c6d77c4c3b135e6e74b3990b52c8/screenshot - {}
RESULT: {}
COMMAND: POST /session/e957c6d77c4c3b135e6e74b3990b52c8/execute/async - {"script":"<script> [1562 bytes]","args":[{"selector":{"controlType":"sap.ui.core.Icon","viewName":"etm.portal.ui.managepricingrules.view.MasterItem","viewId":"application-managepricingrules-display-component---priceInfoItem","properties":{"src":{"regex":{"source":"add"}}}},"wdio_ui5_key":"etmportal.ui.managepricingrules.view.MasterItemsap.ui.core.Icon{\"src\":{\"regex\":{\"source\":\"add\"}}}"}]}
RESULT: {"script":"<script> [1562 bytes]","args":[{"selector":{"controlType":"sap.ui.core.Icon","viewName":"etm.portal.ui.managepricingrules.view.MasterItem","viewId":"application-managepricingrules-display-component---priceInfoItem","properties":{"src":{"regex":{"source":"add"}}}},"wdio_ui5_key":"etmportal.ui.managepricingrules.view.MasterItemsap.ui.core.Icon{\"src\":{\"regex\":{\"source\":\"add\"}}}"}]}
RESULT: undefined
COMMAND: POST /session/e957c6d77c4c3b135e6e74b3990b52c8/element - {"using":"xpath","value":"//*[@id=\"__button80-img\"]"}
RESULT: {"using":"xpath","value":"//*[@id=\"__button80-img\"]"}
COMMAND: POST /session/e957c6d77c4c3b135e6e74b3990b52c8/element/f.3C6AD4412E448D85C093D3308860BAAC.d.4EF24DD8A4579EDB41C0ECCB3FBEDEF9.e.12489/click - {}
RESULT: {}
COMMAND: GET /session/e957c6d77c4c3b135e6e74b3990b52c8/screenshot - {}
RESULT: {}
COMMAND: POST /session/e957c6d77c4c3b135e6e74b3990b52c8/element - {"using":"xpath","value":"//input[@id=\"application-managepricingrules-display-component---newInfoPriceItem--condRU-inner\"]"}
RESULT: {"using":"xpath","value":"//input[@id=\"application-managepricingrules-display-component---newInfoPriceItem--condRU-inner\"]"}
COMMAND: POST /session/e957c6d77c4c3b135e6e74b3990b52c8/element/f.3C6AD4412E448D85C093D3308860BAAC.d.4EF24DD8A4579EDB41C0ECCB3FBEDEF9.e.12582/clear - {}
RESULT: {}
COMMAND: POST /session/e957c6d77c4c3b135e6e74b3990b52c8/element/f.3C6AD4412E448D85C093D3308860BAAC.d.4EF24DD8A4579EDB41C0ECCB3FBEDEF9.e.12582/value - {"text":"WebdriverMatTesthdsrs"}
COMMAND: GET /session/e957c6d77c4c3b135e6e74b3990b52c8/screenshot - {}
RESULT: {"text":"WebdriverMatTesthdsrs"}
COMMAND: POST /session/e957c6d77c4c3b135e6e74b3990b52c8/execute/async - {"script":"<script> [1562 bytes]","args":[{"selector":{"id":"application-managepricingrules-display-component---newInfoPriceItem--condValidTo","interaction":{"idSuffix":"inner"}},"wdio_ui5_key":"applicationmanagepricingrules-display-component---newInfoPriceItem--condValidTo"}]}
COMMAND: GET /session/e957c6d77c4c3b135e6e74b3990b52c8/screenshot - {}
RESULT: {}
RESULT: {"script":"<script> [1562 bytes]","args":[{"selector":{"id":"application-managepricingrules-display-component---newInfoPriceItem--condValidTo","interaction":{"idSuffix":"inner"}},"wdio_ui5_key":"applicationmanagepricingrules-display-component---newInfoPriceItem--condValidTo"}]}
RESULT: undefined
COMMAND: POST /session/e957c6d77c4c3b135e6e74b3990b52c8/execute/async - {"script":"<script> [776 bytes]","args":[{"enterText":"5/18/33","selector":{"id":"application-managepricingrules-display-component---newInfoPriceItem--condValidTo","interaction":{"idSuffix":"inner"}},"clearTextFirst":true,"interactionType":"ENTER_TEXT"}]}
RESULT: {}
RESULT: {"script":"<script> [776 bytes]","args":[{"enterText":"5/18/33","selector":{"id":"application-managepricingrules-display-component---newInfoPriceItem--condValidTo","interaction":{"idSuffix":"inner"}},"clearTextFirst":true,"interactionType":"ENTER_TEXT"}]}
COMMAND: POST /session/e957c6d77c4c3b135e6e74b3990b52c8/execute/async - {"script":"<script> [1562 bytes]","args":[{"selector":{"id":"application-managepricingrules-display-component---newInfoPriceItem--billType-arrow"},"wdio_ui5_key":"applicationmanagepricingrules-display-component---newInfoPriceItem--billType-arrow"}]}
RESULT: {"script":"<script> [1562 bytes]","args":[{"selector":{"id":"application-managepricingrules-display-component---newInfoPriceItem--billType-arrow"},"wdio_ui5_key":"applicationmanagepricingrules-display-component---newInfoPriceItem--billType-arrow"}]}
RESULT: undefined
COMMAND: POST /session/e957c6d77c4c3b135e6e74b3990b52c8/element - {"using":"xpath","value":"//*[@id=\"application-managepricingrules-display-component---newInfoPriceItem--billType-arrow\"]"}
RESULT: {"using":"xpath","value":"//*[@id=\"application-managepricingrules-display-component---newInfoPriceItem--billType-arrow\"]"}
COMMAND: POST /session/e957c6d77c4c3b135e6e74b3990b52c8/element/f.3C6AD4412E448D85C093D3308860BAAC.d.4EF24DD8A4579EDB41C0ECCB3FBEDEF9.e.12651/click - {}
RESULT: {}
COMMAND: POST /session/e957c6d77c4c3b135e6e74b3990b52c8/element - {"using":"xpath","value":"//span[contains(text(), \"TB - Time based\")]"}
COMMAND: GET /session/e957c6d77c4c3b135e6e74b3990b52c8/screenshot - {}
RESULT: {"using":"xpath","value":"//span[contains(text(), \"TB - Time based\")]"}
COMMAND: POST /session/e957c6d77c4c3b135e6e74b3990b52c8/element/f.3C6AD4412E448D85C093D3308860BAAC.d.4EF24DD8A4579EDB41C0ECCB3FBEDEF9.e.12652/click - {}
RESULT: {}
RESULT: {}
COMMAND: POST /session/e957c6d77c4c3b135e6e74b3990b52c8/execute/async - {"script":"<script> [1562 bytes]","args":[{"selector":{"id":"application-managepricingrules-display-component---newInfoPriceItem--priceProc-arrow"},"wdio_ui5_key":"applicationmanagepricingrules-display-component---newInfoPriceItem--priceProc-arrow"}]}
COMMAND: GET /session/e957c6d77c4c3b135e6e74b3990b52c8/screenshot - {}
RESULT: {"script":"<script> [1562 bytes]","args":[{"selector":{"id":"application-managepricingrules-display-component---newInfoPriceItem--priceProc-arrow"},"wdio_ui5_key":"applicationmanagepricingrules-display-component---newInfoPriceItem--priceProc-arrow"}]}
RESULT: undefined
COMMAND: POST /session/e957c6d77c4c3b135e6e74b3990b52c8/element - {"using":"xpath","value":"//*[@id=\"application-managepricingrules-display-component---newInfoPriceItem--priceProc-arrow\"]"}
RESULT: {}
RESULT: {"using":"xpath","value":"//*[@id=\"application-managepricingrules-display-component---newInfoPriceItem--priceProc-arrow\"]"}
COMMAND: POST /session/e957c6d77c4c3b135e6e74b3990b52c8/element/f.3C6AD4412E448D85C093D3308860BAAC.d.4EF24DD8A4579EDB41C0ECCB3FBEDEF9.e.12653/click - {}
RESULT: {}
COMMAND: POST /session/e957c6d77c4c3b135e6e74b3990b52c8/element - {"using":"xpath","value":"//span[contains(text(), \"TBS - Time based standard\")]"}
COMMAND: GET /session/e957c6d77c4c3b135e6e74b3990b52c8/screenshot - {}
RESULT: {"using":"xpath","value":"//span[contains(text(), \"TBS - Time based standard\")]"}
COMMAND: POST /session/e957c6d77c4c3b135e6e74b3990b52c8/element/f.3C6AD4412E448D85C093D3308860BAAC.d.4EF24DD8A4579EDB41C0ECCB3FBEDEF9.e.12654/click - {}
RESULT: {}
RESULT: {}
COMMAND: POST /session/e957c6d77c4c3b135e6e74b3990b52c8/execute/async - {"script":"<script> [1562 bytes]","args":[{"selector":{"id":"application-managepricingrules-display-component---newInfoPriceItem--calcBase-arrow"},"wdio_ui5_key":"applicationmanagepricingrules-display-component---newInfoPriceItem--calcBase-arrow"}]}
COMMAND: GET /session/e957c6d77c4c3b135e6e74b3990b52c8/screenshot - {}
RESULT: {"script":"<script> [1562 bytes]","args":[{"selector":{"id":"application-managepricingrules-display-component---newInfoPriceItem--calcBase-arrow"},"wdio_ui5_key":"applicationmanagepricingrules-display-component---newInfoPriceItem--calcBase-arrow"}]}
RESULT: undefined
COMMAND: POST /session/e957c6d77c4c3b135e6e74b3990b52c8/element - {"using":"xpath","value":"//*[@id=\"application-managepricingrules-display-component---newInfoPriceItem--calcBase-arrow\"]"}
RESULT: {}
RESULT: {"using":"xpath","value":"//*[@id=\"application-managepricingrules-display-component---newInfoPriceItem--calcBase-arrow\"]"}
COMMAND: POST /session/e957c6d77c4c3b135e6e74b3990b52c8/element/f.3C6AD4412E448D85C093D3308860BAAC.d.4EF24DD8A4579EDB41C0ECCB3FBEDEF9.e.12655/click - {}
RESULT: {}
COMMAND: GET /session/e957c6d77c4c3b135e6e74b3990b52c8/screenshot - {}
RESULT: {}
COMMAND: POST /session/e957c6d77c4c3b135e6e74b3990b52c8/element - {"using":"xpath","value":"//span[contains(text(), \"0006 - TB(calendar days)\")]"}
RESULT: {"using":"xpath","value":"//span[contains(text(), \"0006 - TB(calendar days)\")]"}
COMMAND: POST /session/e957c6d77c4c3b135e6e74b3990b52c8/element/f.3C6AD4412E448D85C093D3308860BAAC.d.4EF24DD8A4579EDB41C0ECCB3FBEDEF9.e.12656/click - {}
RESULT: {}
COMMAND: POST /session/e957c6d77c4c3b135e6e74b3990b52c8/execute/async - {"script":"<script> [1562 bytes]","args":[{"selector":{"id":"application-managepricingrules-display-component---newInfoPriceItem--daysMonth","interaction":{"idSuffix":"inner"}},"wdio_ui5_key":"applicationmanagepricingrules-display-component---newInfoPriceItem--daysMonth"}]}
COMMAND: GET /session/e957c6d77c4c3b135e6e74b3990b52c8/screenshot - {}
RESULT: {"script":"<script> [1562 bytes]","args":[{"selector":{"id":"application-managepricingrules-display-component---newInfoPriceItem--daysMonth","interaction":{"idSuffix":"inner"}},"wdio_ui5_key":"applicationmanagepricingrules-display-component---newInfoPriceItem--daysMonth"}]}
RESULT: undefined
COMMAND: POST /session/e957c6d77c4c3b135e6e74b3990b52c8/execute/async - {"script":"<script> [776 bytes]","args":[{"enterText":"30","selector":{"id":"application-managepricingrules-display-component---newInfoPriceItem--daysMonth","interaction":{"idSuffix":"inner"}},"clearTextFirst":true,"interactionType":"ENTER_TEXT"}]}
RESULT: {}
RESULT: {"script":"<script> [776 bytes]","args":[{"enterText":"30","selector":{"id":"application-managepricingrules-display-component---newInfoPriceItem--daysMonth","interaction":{"idSuffix":"inner"}},"clearTextFirst":true,"interactionType":"ENTER_TEXT"}]}
COMMAND: POST /session/e957c6d77c4c3b135e6e74b3990b52c8/element - {"using":"xpath","value":"//button[@data-kt=\"saveNewRuleButton\"]"}
RESULT: {"using":"xpath","value":"//button[@data-kt=\"saveNewRuleButton\"]"}
COMMAND: POST /session/e957c6d77c4c3b135e6e74b3990b52c8/element/f.3C6AD4412E448D85C093D3308860BAAC.d.4EF24DD8A4579EDB41C0ECCB3FBEDEF9.e.12645/click - {}
RESULT: {}
COMMAND: GET /session/e957c6d77c4c3b135e6e74b3990b52c8/screenshot - {}
RESULT: {}
COMMAND: POST /session/e957c6d77c4c3b135e6e74b3990b52c8/element - {"using":"css selector","value":"#shell-header-logo"}
RESULT: {"using":"css selector","value":"#shell-header-logo"}
COMMAND: POST /session/e957c6d77c4c3b135e6e74b3990b52c8/element/f.3C6AD4412E448D85C093D3308860BAAC.d.4EF24DD8A4579EDB41C0ECCB3FBEDEF9.e.12400/click - {}
RESULT: {}
COMMAND: GET /session/e957c6d77c4c3b135e6e74b3990b52c8/screenshot - {}
RESULT: {}
COMMAND: POST /session/e957c6d77c4c3b135e6e74b3990b52c8/execute/async - {"script":"<script> [1562 bytes]","args":[{"selector":{"controlType":"sap.m.Text","properties":{"text":"Manage Conditions & Prices"},"interaction":{"idSuffix":"inner"}},"wdio_ui5_key":"sapm.Text{\"text\":\"Manage Conditions & Prices\"}"}]}
RESULT: {"script":"<script> [1562 bytes]","args":[{"selector":{"controlType":"sap.m.Text","properties":{"text":"Manage Conditions & Prices"},"interaction":{"idSuffix":"inner"}},"wdio_ui5_key":"sapm.Text{\"text\":\"Manage Conditions & Prices\"}"}]}
RESULT: undefined
COMMAND: POST /session/e957c6d77c4c3b135e6e74b3990b52c8/element - {"using":"xpath","value":"//*[@id=\"__tile55-title\"]"}
RESULT: {"using":"xpath","value":"//*[@id=\"__tile55-title\"]"}
COMMAND: POST /session/e957c6d77c4c3b135e6e74b3990b52c8/element/f.3C6AD4412E448D85C093D3308860BAAC.d.4EF24DD8A4579EDB41C0ECCB3FBEDEF9.e.12676/click - {}
RESULT: {}
COMMAND: GET /session/e957c6d77c4c3b135e6e74b3990b52c8/screenshot - {}
RESULT: {}
COMMAND: POST /session/e957c6d77c4c3b135e6e74b3990b52c8/element - {"using":"xpath","value":"//button[@aria-label=\"Create\"]"}
RESULT: {"using":"xpath","value":"//button[@aria-label=\"Create\"]"}
COMMAND: POST /session/e957c6d77c4c3b135e6e74b3990b52c8/element/f.3C6AD4412E448D85C093D3308860BAAC.d.4EF24DD8A4579EDB41C0ECCB3FBEDEF9.e.12714/click - {}
RESULT: {}
COMMAND: POST /session/e957c6d77c4c3b135e6e74b3990b52c8/actions - {"actions":[{"id":"action72","type":"key","parameters":{},"actions":[{"type":"keyDown","value":"î€‡"},{"type":"pause","duration":10},{"type":"keyUp","value":"î€‡"}]}]}
COMMAND: GET /session/e957c6d77c4c3b135e6e74b3990b52c8/screenshot - {}
RESULT: {"actions":[{"id":"action72","type":"key","parameters":{},"actions":[{"type":"keyDown","value":"î€‡"},{"type":"pause","duration":10},{"type":"keyUp","value":"î€‡"}]}]}
COMMAND: GET /session/e957c6d77c4c3b135e6e74b3990b52c8/screenshot - {}
COMMAND: POST /session/e957c6d77c4c3b135e6e74b3990b52c8/execute/async - {"script":"<script> [1562 bytes]","args":[{"selector":{"id":"application-manageconditionprice-display-component---newCondition--condBillCond-arrow"},"wdio_ui5_key":"applicationmanageconditionprice-display-component---newCondition--condBillCond-arrow"}]}
RESULT: {}
RESULT: {}
RESULT: {"script":"<script> [1562 bytes]","args":[{"selector":{"id":"application-manageconditionprice-display-component---newCondition--condBillCond-arrow"},"wdio_ui5_key":"applicationmanageconditionprice-display-component---newCondition--condBillCond-arrow"}]}
RESULT: undefined
COMMAND: POST /session/e957c6d77c4c3b135e6e74b3990b52c8/element - {"using":"xpath","value":"//*[@id=\"application-manageconditionprice-display-component---newCondition--condBillCond-arrow\"]"}
RESULT: {"using":"xpath","value":"//*[@id=\"application-manageconditionprice-display-component---newCondition--condBillCond-arrow\"]"}
COMMAND: POST /session/e957c6d77c4c3b135e6e74b3990b52c8/element/f.3C6AD4412E448D85C093D3308860BAAC.d.4EF24DD8A4579EDB41C0ECCB3FBEDEF9.e.13000/click - {}
RESULT: {}
COMMAND: POST /session/e957c6d77c4c3b135e6e74b3990b52c8/element - {"using":"xpath","value":"//span[contains(text(), \"DISP - D&I special price\")]"}
COMMAND: GET /session/e957c6d77c4c3b135e6e74b3990b52c8/screenshot - {}
RESULT: {"using":"xpath","value":"//span[contains(text(), \"DISP - D&I special price\")]"}
COMMAND: POST /session/e957c6d77c4c3b135e6e74b3990b52c8/element/f.3C6AD4412E448D85C093D3308860BAAC.d.4EF24DD8A4579EDB41C0ECCB3FBEDEF9.e.13001/click - {}
RESULT: {}
RESULT: {}
COMMAND: POST /session/e957c6d77c4c3b135e6e74b3990b52c8/execute/async - {"script":"<script> [1562 bytes]","args":[{"selector":{"id":"application-manageconditionprice-display-component---newCondition--condValidTo","interaction":{"idSuffix":"inner"}},"wdio_ui5_key":"applicationmanageconditionprice-display-component---newCondition--condValidTo"}]}
COMMAND: GET /session/e957c6d77c4c3b135e6e74b3990b52c8/screenshot - {}
RESULT: {"script":"<script> [1562 bytes]","args":[{"selector":{"id":"application-manageconditionprice-display-component---newCondition--condValidTo","interaction":{"idSuffix":"inner"}},"wdio_ui5_key":"applicationmanageconditionprice-display-component---newCondition--condValidTo"}]}
RESULT: undefined
COMMAND: POST /session/e957c6d77c4c3b135e6e74b3990b52c8/execute/async - {"script":"<script> [776 bytes]","args":[{"enterText":"5/11/33","selector":{"id":"application-manageconditionprice-display-component---newCondition--condValidTo","interaction":{"idSuffix":"inner"}},"clearTextFirst":true,"interactionType":"ENTER_TEXT"}]}
RESULT: {}
RESULT: {"script":"<script> [776 bytes]","args":[{"enterText":"5/11/33","selector":{"id":"application-manageconditionprice-display-component---newCondition--condValidTo","interaction":{"idSuffix":"inner"}},"clearTextFirst":true,"interactionType":"ENTER_TEXT"}]}
COMMAND: POST /session/e957c6d77c4c3b135e6e74b3990b52c8/element - {"using":"xpath","value":"//input[@id=\"application-manageconditionprice-display-component---newCondition--condRU-inner\"]"}
RESULT: {"using":"xpath","value":"//input[@id=\"application-manageconditionprice-display-component---newCondition--condRU-inner\"]"}
COMMAND: POST /session/e957c6d77c4c3b135e6e74b3990b52c8/element/f.3C6AD4412E448D85C093D3308860BAAC.d.4EF24DD8A4579EDB41C0ECCB3FBEDEF9.e.12818/clear - {}
RESULT: {}
COMMAND: POST /session/e957c6d77c4c3b135e6e74b3990b52c8/element/f.3C6AD4412E448D85C093D3308860BAAC.d.4EF24DD8A4579EDB41C0ECCB3FBEDEF9.e.12818/value - {"text":"WebdriverMatTesthdsrs"}
COMMAND: GET /session/e957c6d77c4c3b135e6e74b3990b52c8/screenshot - {}
RESULT: {"text":"WebdriverMatTesthdsrs"}
COMMAND: GET /session/e957c6d77c4c3b135e6e74b3990b52c8/screenshot - {}
RESULT: {}
RESULT: {}
COMMAND: POST /session/e957c6d77c4c3b135e6e74b3990b52c8/actions - {"actions":[{"id":"action73","type":"key","parameters":{},"actions":[{"type":"keyDown","value":"î€‡"},{"type":"pause","duration":10},{"type":"keyUp","value":"î€‡"}]}]}
RESULT: {"actions":[{"id":"action73","type":"key","parameters":{},"actions":[{"type":"keyDown","value":"î€‡"},{"type":"pause","duration":10},{"type":"keyUp","value":"î€‡"}]}]}
COMMAND: POST /session/e957c6d77c4c3b135e6e74b3990b52c8/execute/async - {"script":"<script> [1562 bytes]","args":[{"selector":{"id":"application-manageconditionprice-display-component---newCondition--condBaseQty","interaction":{"idSuffix":"inner"}},"wdio_ui5_key":"applicationmanageconditionprice-display-component---newCondition--condBaseQty"}]}
COMMAND: GET /session/e957c6d77c4c3b135e6e74b3990b52c8/screenshot - {}
RESULT: {"script":"<script> [1562 bytes]","args":[{"selector":{"id":"application-manageconditionprice-display-component---newCondition--condBaseQty","interaction":{"idSuffix":"inner"}},"wdio_ui5_key":"applicationmanageconditionprice-display-component---newCondition--condBaseQty"}]}
RESULT: undefined
COMMAND: POST /session/e957c6d77c4c3b135e6e74b3990b52c8/execute/async - {"script":"<script> [776 bytes]","args":[{"enterText":"1","selector":{"id":"application-manageconditionprice-display-component---newCondition--condBaseQty","interaction":{"idSuffix":"inner"}},"clearTextFirst":true,"interactionType":"ENTER_TEXT"}]}
RESULT: {}
RESULT: {"script":"<script> [776 bytes]","args":[{"enterText":"1","selector":{"id":"application-manageconditionprice-display-component---newCondition--condBaseQty","interaction":{"idSuffix":"inner"}},"clearTextFirst":true,"interactionType":"ENTER_TEXT"}]}
COMMAND: POST /session/e957c6d77c4c3b135e6e74b3990b52c8/execute/async - {"script":"<script> [1562 bytes]","args":[{"selector":{"id":"application-manageconditionprice-display-component---newCondition--condValue","interaction":{"idSuffix":"inner"}},"wdio_ui5_key":"applicationmanageconditionprice-display-component---newCondition--condValue"}]}
RESULT: {"script":"<script> [1562 bytes]","args":[{"selector":{"id":"application-manageconditionprice-display-component---newCondition--condValue","interaction":{"idSuffix":"inner"}},"wdio_ui5_key":"applicationmanageconditionprice-display-component---newCondition--condValue"}]}
RESULT: undefined
COMMAND: POST /session/e957c6d77c4c3b135e6e74b3990b52c8/execute/async - {"script":"<script> [776 bytes]","args":[{"enterText":"100","selector":{"id":"application-manageconditionprice-display-component---newCondition--condValue","interaction":{"idSuffix":"inner"}},"clearTextFirst":true,"interactionType":"ENTER_TEXT"}]}
RESULT: {"script":"<script> [776 bytes]","args":[{"enterText":"100","selector":{"id":"application-manageconditionprice-display-component---newCondition--condValue","interaction":{"idSuffix":"inner"}},"clearTextFirst":true,"interactionType":"ENTER_TEXT"}]}
COMMAND: POST /session/e957c6d77c4c3b135e6e74b3990b52c8/execute/async - {"script":"<script> [1562 bytes]","args":[{"selector":{"id":"application-manageconditionprice-display-component---newCondition--condCurr-arrow"},"wdio_ui5_key":"applicationmanageconditionprice-display-component---newCondition--condCurr-arrow"}]}
RESULT: {"script":"<script> [1562 bytes]","args":[{"selector":{"id":"application-manageconditionprice-display-component---newCondition--condCurr-arrow"},"wdio_ui5_key":"applicationmanageconditionprice-display-component---newCondition--condCurr-arrow"}]}
RESULT: undefined
COMMAND: POST /session/e957c6d77c4c3b135e6e74b3990b52c8/element - {"using":"xpath","value":"//*[@id=\"application-manageconditionprice-display-component---newCondition--condCurr-arrow\"]"}
RESULT: {"using":"xpath","value":"//*[@id=\"application-manageconditionprice-display-component---newCondition--condCurr-arrow\"]"}
COMMAND: POST /session/e957c6d77c4c3b135e6e74b3990b52c8/element/f.3C6AD4412E448D85C093D3308860BAAC.d.4EF24DD8A4579EDB41C0ECCB3FBEDEF9.e.12993/click - {}
RESULT: {}
COMMAND: POST /session/e957c6d77c4c3b135e6e74b3990b52c8/element - {"using":"xpath","value":"//span[contains(text(), \"Euro\")]"}
COMMAND: GET /session/e957c6d77c4c3b135e6e74b3990b52c8/screenshot - {}
RESULT: {"using":"xpath","value":"//span[contains(text(), \"Euro\")]"}
COMMAND: POST /session/e957c6d77c4c3b135e6e74b3990b52c8/element/f.3C6AD4412E448D85C093D3308860BAAC.d.4EF24DD8A4579EDB41C0ECCB3FBEDEF9.e.13037/click - {}
RESULT: {}
RESULT: {}
COMMAND: POST /session/e957c6d77c4c3b135e6e74b3990b52c8/element - {"using":"xpath","value":"//button[@data-kt=\"saveButton\"]"}
COMMAND: GET /session/e957c6d77c4c3b135e6e74b3990b52c8/screenshot - {}
RESULT: {"using":"xpath","value":"//button[@data-kt=\"saveButton\"]"}
COMMAND: POST /session/e957c6d77c4c3b135e6e74b3990b52c8/element/f.3C6AD4412E448D85C093D3308860BAAC.d.4EF24DD8A4579EDB41C0ECCB3FBEDEF9.e.12994/click - {}
RESULT: {}
RESULT: {}
COMMAND: GET /session/e957c6d77c4c3b135e6e74b3990b52c8/screenshot - {}
RESULT: {}
COMMAND: POST /session/e957c6d77c4c3b135e6e74b3990b52c8/element - {"using":"css selector","value":"#shell-header-logo"}
RESULT: {"using":"css selector","value":"#shell-header-logo"}
COMMAND: POST /session/e957c6d77c4c3b135e6e74b3990b52c8/element/f.3C6AD4412E448D85C093D3308860BAAC.d.4EF24DD8A4579EDB41C0ECCB3FBEDEF9.e.12679/click - {}
RESULT: {}
COMMAND: GET /session/e957c6d77c4c3b135e6e74b3990b52c8/screenshot - {}
RESULT: {}
]]></system-out>
    </testcase>
    <testcase classname="chrome.137_0_7151_69.windows.E2E_-_Logistical_and_commercial_statuses" name="Should create a new contract" time="67.14">
      <system-out><![CDATA[
COMMAND: POST /session/e957c6d77c4c3b135e6e74b3990b52c8/execute/async - {"script":"<script> [1562 bytes]","args":[{"selector":{"controlType":"sap.m.GenericTile","properties":{"header":"Manage Contracts"}},"wdio_ui5_key":"sapm.GenericTile{\"header\":\"Manage Contracts\"}"}]}
RESULT: {"script":"<script> [1562 bytes]","args":[{"selector":{"controlType":"sap.m.GenericTile","properties":{"header":"Manage Contracts"}},"wdio_ui5_key":"sapm.GenericTile{\"header\":\"Manage Contracts\"}"}]}
RESULT: undefined
COMMAND: POST /session/e957c6d77c4c3b135e6e74b3990b52c8/element - {"using":"xpath","value":"//*[@id=\"__tile132\"]"}
RESULT: {"using":"xpath","value":"//*[@id=\"__tile132\"]"}
COMMAND: POST /session/e957c6d77c4c3b135e6e74b3990b52c8/element/f.3C6AD4412E448D85C093D3308860BAAC.d.4EF24DD8A4579EDB41C0ECCB3FBEDEF9.e.13115/click - {}
RESULT: {}
COMMAND: GET /session/e957c6d77c4c3b135e6e74b3990b52c8/screenshot - {}
COMMAND: POST /session/e957c6d77c4c3b135e6e74b3990b52c8/elements - {"using":"xpath","value":"//span[text()='Error']"}
RESULT: {}
RESULT: {"using":"xpath","value":"//span[text()='Error']"}
COMMAND: POST /session/e957c6d77c4c3b135e6e74b3990b52c8/element - {"using":"xpath","value":"//button[@data-kt=\"addButton\"]"}
RESULT: {"using":"xpath","value":"//button[@data-kt=\"addButton\"]"}
COMMAND: POST /session/e957c6d77c4c3b135e6e74b3990b52c8/element/f.3C6AD4412E448D85C093D3308860BAAC.d.4EF24DD8A4579EDB41C0ECCB3FBEDEF9.e.13165/click - {}
RESULT: {}
COMMAND: GET /session/e957c6d77c4c3b135e6e74b3990b52c8/screenshot - {}
RESULT: {}
COMMAND: POST /session/e957c6d77c4c3b135e6e74b3990b52c8/execute/async - {"script":"<script> [1562 bytes]","args":[{"selector":{"id":"application-managecontracts-display-component---AddNewContract--projectDescription","interaction":{"idSuffix":"inner"}},"wdio_ui5_key":"applicationmanagecontracts-display-component---AddNewContract--projectDescription"}]}
RESULT: {"script":"<script> [1562 bytes]","args":[{"selector":{"id":"application-managecontracts-display-component---AddNewContract--projectDescription","interaction":{"idSuffix":"inner"}},"wdio_ui5_key":"applicationmanagecontracts-display-component---AddNewContract--projectDescription"}]}
RESULT: undefined
COMMAND: POST /session/e957c6d77c4c3b135e6e74b3990b52c8/execute/async - {"script":"<script> [776 bytes]","args":[{"enterText":"WdIOR2cyfe5w","selector":{"id":"application-managecontracts-display-component---AddNewContract--projectDescription","interaction":{"idSuffix":"inner"}},"clearTextFirst":true,"interactionType":"ENTER_TEXT"}]}
RESULT: {"script":"<script> [776 bytes]","args":[{"enterText":"WdIOR2cyfe5w","selector":{"id":"application-managecontracts-display-component---AddNewContract--projectDescription","interaction":{"idSuffix":"inner"}},"clearTextFirst":true,"interactionType":"ENTER_TEXT"}]}
COMMAND: POST /session/e957c6d77c4c3b135e6e74b3990b52c8/element - {"using":"xpath","value":"//input[@id=\"application-managecontracts-display-component---AddNewContract--yardId-inner\"]"}
RESULT: {"using":"xpath","value":"//input[@id=\"application-managecontracts-display-component---AddNewContract--yardId-inner\"]"}
COMMAND: POST /session/e957c6d77c4c3b135e6e74b3990b52c8/element/f.3C6AD4412E448D85C093D3308860BAAC.d.4EF24DD8A4579EDB41C0ECCB3FBEDEF9.e.13431/clear - {}
RESULT: {}
COMMAND: POST /session/e957c6d77c4c3b135e6e74b3990b52c8/element/f.3C6AD4412E448D85C093D3308860BAAC.d.4EF24DD8A4579EDB41C0ECCB3FBEDEF9.e.13431/value - {"text":"WebdriverYardk1l2w"}
COMMAND: GET /session/e957c6d77c4c3b135e6e74b3990b52c8/screenshot - {}
RESULT: {"text":"WebdriverYardk1l2w"}
COMMAND: GET /session/e957c6d77c4c3b135e6e74b3990b52c8/screenshot - {}
RESULT: {}
RESULT: {}
COMMAND: POST /session/e957c6d77c4c3b135e6e74b3990b52c8/actions - {"actions":[{"id":"action74","type":"key","parameters":{},"actions":[{"type":"keyDown","value":"î€‡"},{"type":"pause","duration":10},{"type":"keyUp","value":"î€‡"}]}]}
RESULT: {"actions":[{"id":"action74","type":"key","parameters":{},"actions":[{"type":"keyDown","value":"î€‡"},{"type":"pause","duration":10},{"type":"keyUp","value":"î€‡"}]}]}
COMMAND: GET /session/e957c6d77c4c3b135e6e74b3990b52c8/screenshot - {}
RESULT: {}
COMMAND: POST /session/e957c6d77c4c3b135e6e74b3990b52c8/element - {"using":"xpath","value":"//input[@id=\"application-managecontracts-display-component---AddNewContract--customerSelect-inner\"]"}
RESULT: {"using":"xpath","value":"//input[@id=\"application-managecontracts-display-component---AddNewContract--customerSelect-inner\"]"}
COMMAND: POST /session/e957c6d77c4c3b135e6e74b3990b52c8/element/f.3C6AD4412E448D85C093D3308860BAAC.d.4EF24DD8A4579EDB41C0ECCB3FBEDEF9.e.13429/clear - {}
RESULT: {}
COMMAND: POST /session/e957c6d77c4c3b135e6e74b3990b52c8/element/f.3C6AD4412E448D85C093D3308860BAAC.d.4EF24DD8A4579EDB41C0ECCB3FBEDEF9.e.13429/value - {"text":"WebdriverPartnerzdjj6"}
COMMAND: GET /session/e957c6d77c4c3b135e6e74b3990b52c8/screenshot - {}
RESULT: {"text":"WebdriverPartnerzdjj6"}
COMMAND: GET /session/e957c6d77c4c3b135e6e74b3990b52c8/screenshot - {}
RESULT: {}
RESULT: {}
COMMAND: POST /session/e957c6d77c4c3b135e6e74b3990b52c8/actions - {"actions":[{"id":"action75","type":"key","parameters":{},"actions":[{"type":"keyDown","value":"î€‡"},{"type":"pause","duration":10},{"type":"keyUp","value":"î€‡"}]}]}
RESULT: {"actions":[{"id":"action75","type":"key","parameters":{},"actions":[{"type":"keyDown","value":"î€‡"},{"type":"pause","duration":10},{"type":"keyUp","value":"î€‡"}]}]}
COMMAND: GET /session/e957c6d77c4c3b135e6e74b3990b52c8/screenshot - {}
RESULT: {}
COMMAND: POST /session/e957c6d77c4c3b135e6e74b3990b52c8/element - {"using":"xpath","value":"//input[@id=\"application-managecontracts-display-component---AddNewContract--site-inner\"]"}
RESULT: {"using":"xpath","value":"//input[@id=\"application-managecontracts-display-component---AddNewContract--site-inner\"]"}
COMMAND: POST /session/e957c6d77c4c3b135e6e74b3990b52c8/element/f.3C6AD4412E448D85C093D3308860BAAC.d.4EF24DD8A4579EDB41C0ECCB3FBEDEF9.e.13430/clear - {}
RESULT: {}
COMMAND: POST /session/e957c6d77c4c3b135e6e74b3990b52c8/element/f.3C6AD4412E448D85C093D3308860BAAC.d.4EF24DD8A4579EDB41C0ECCB3FBEDEF9.e.13430/value - {"text":"WebdriverSitek583x"}
COMMAND: GET /session/e957c6d77c4c3b135e6e74b3990b52c8/screenshot - {}
RESULT: {"text":"WebdriverSitek583x"}
COMMAND: GET /session/e957c6d77c4c3b135e6e74b3990b52c8/screenshot - {}
RESULT: {}
RESULT: {}
COMMAND: POST /session/e957c6d77c4c3b135e6e74b3990b52c8/actions - {"actions":[{"id":"action76","type":"key","parameters":{},"actions":[{"type":"keyDown","value":"î€‡"},{"type":"pause","duration":10},{"type":"keyUp","value":"î€‡"}]}]}
RESULT: {"actions":[{"id":"action76","type":"key","parameters":{},"actions":[{"type":"keyDown","value":"î€‡"},{"type":"pause","duration":10},{"type":"keyUp","value":"î€‡"}]}]}
COMMAND: POST /session/e957c6d77c4c3b135e6e74b3990b52c8/element - {"using":"xpath","value":"//button[@data-kt=\"saveButton\"]"}
COMMAND: GET /session/e957c6d77c4c3b135e6e74b3990b52c8/screenshot - {}
RESULT: {"using":"xpath","value":"//button[@data-kt=\"saveButton\"]"}
COMMAND: POST /session/e957c6d77c4c3b135e6e74b3990b52c8/element/f.3C6AD4412E448D85C093D3308860BAAC.d.4EF24DD8A4579EDB41C0ECCB3FBEDEF9.e.13505/click - {}
RESULT: {}
RESULT: {}
COMMAND: GET /session/e957c6d77c4c3b135e6e74b3990b52c8/screenshot - {}
RESULT: {}
COMMAND: POST /session/e957c6d77c4c3b135e6e74b3990b52c8/execute/async - {"script":"<script> [1562 bytes]","args":[{"selector":{"id":"contractDetailTitleNoExpanded","viewName":"etm.portal.ui.managecontracts.view.Detail"},"wdio_ui5_key":"contractDetailTitleNoExpandedetmportal.ui.managecontracts.view.Detail"}]}
RESULT: {"script":"<script> [1562 bytes]","args":[{"selector":{"id":"contractDetailTitleNoExpanded","viewName":"etm.portal.ui.managecontracts.view.Detail"},"wdio_ui5_key":"contractDetailTitleNoExpandedetmportal.ui.managecontracts.view.Detail"}]}
RESULT: undefined
COMMAND: POST /session/e957c6d77c4c3b135e6e74b3990b52c8/execute/async - {"script":"<script> [6424 bytes]","args":[{"element-6066-11e4-a52e-4f735466cecf":"f.3C6AD4412E448D85C093D3308860BAAC.d.4EF24DD8A4579EDB41C0ECCB3FBEDEF9.e.13584"},"getText",[]]}
RESULT: {"script":"<script> [6424 bytes]","args":[{"element-6066-11e4-a52e-4f735466cecf":"f.3C6AD4412E448D85C093D3308860BAAC.d.4EF24DD8A4579EDB41C0ECCB3FBEDEF9.e.13584"},"getText",[]]}
]]></system-out>
    </testcase>
    <testcase classname="chrome.137_0_7151_69.windows.E2E_-_Logistical_and_commercial_statuses" name="Should add materialID to the contract" time="46.449">
      <system-out><![CDATA[
COMMAND: POST /session/e957c6d77c4c3b135e6e74b3990b52c8/element - {"using":"xpath","value":"//button[@data-kt=\"contractDetailEditBtnButton\"]"}
RESULT: {"using":"xpath","value":"//button[@data-kt=\"contractDetailEditBtnButton\"]"}
COMMAND: POST /session/e957c6d77c4c3b135e6e74b3990b52c8/element/f.3C6AD4412E448D85C093D3308860BAAC.d.4EF24DD8A4579EDB41C0ECCB3FBEDEF9.e.13585/click - {}
RESULT: {}
COMMAND: GET /session/e957c6d77c4c3b135e6e74b3990b52c8/screenshot - {}
RESULT: {}
COMMAND: POST /session/e957c6d77c4c3b135e6e74b3990b52c8/element - {"using":"xpath","value":"(//span[contains(text(), \"Additional Addresses\")])[2]"}
RESULT: {"using":"xpath","value":"(//span[contains(text(), \"Additional Addresses\")])[2]"}
COMMAND: POST /session/e957c6d77c4c3b135e6e74b3990b52c8/element/f.3C6AD4412E448D85C093D3308860BAAC.d.4EF24DD8A4579EDB41C0ECCB3FBEDEF9.e.13641/click - {}
RESULT: {}
COMMAND: GET /session/e957c6d77c4c3b135e6e74b3990b52c8/screenshot - {}
RESULT: {}
COMMAND: POST /session/e957c6d77c4c3b135e6e74b3990b52c8/element - {"using":"xpath","value":"//button[@data-kt=\"btnAddTableRowOverflowToolbarButton\"]"}
RESULT: {"using":"xpath","value":"//button[@data-kt=\"btnAddTableRowOverflowToolbarButton\"]"}
COMMAND: POST /session/e957c6d77c4c3b135e6e74b3990b52c8/element/f.3C6AD4412E448D85C093D3308860BAAC.d.4EF24DD8A4579EDB41C0ECCB3FBEDEF9.e.13645/click - {}
RESULT: {}
COMMAND: GET /session/e957c6d77c4c3b135e6e74b3990b52c8/screenshot - {}
RESULT: {}
COMMAND: POST /session/e957c6d77c4c3b135e6e74b3990b52c8/element - {"using":"xpath","value":"//div[(text() = 'Standard Entry' or . = 'Standard Entry')]"}
RESULT: {"using":"xpath","value":"//div[(text() = 'Standard Entry' or . = 'Standard Entry')]"}
COMMAND: POST /session/e957c6d77c4c3b135e6e74b3990b52c8/element/f.3C6AD4412E448D85C093D3308860BAAC.d.4EF24DD8A4579EDB41C0ECCB3FBEDEF9.e.13647/click - {}
RESULT: {}
COMMAND: POST /session/e957c6d77c4c3b135e6e74b3990b52c8/element - {"using":"xpath","value":"//td[6]/div/div/input[1]"}
COMMAND: GET /session/e957c6d77c4c3b135e6e74b3990b52c8/screenshot - {}
RESULT: {"using":"xpath","value":"//td[6]/div/div/input[1]"}
COMMAND: POST /session/e957c6d77c4c3b135e6e74b3990b52c8/element/f.3C6AD4412E448D85C093D3308860BAAC.d.4EF24DD8A4579EDB41C0ECCB3FBEDEF9.e.13649/click - {}
RESULT: {}
RESULT: {}
COMMAND: POST /session/e957c6d77c4c3b135e6e74b3990b52c8/actions - {"actions":[{"id":"action77","type":"key","parameters":{},"actions":[{"type":"keyDown","value":"î€ƒ"},{"type":"pause","duration":10},{"type":"keyUp","value":"î€ƒ"}]}]}
COMMAND: GET /session/e957c6d77c4c3b135e6e74b3990b52c8/screenshot - {}
RESULT: {"actions":[{"id":"action77","type":"key","parameters":{},"actions":[{"type":"keyDown","value":"î€ƒ"},{"type":"pause","duration":10},{"type":"keyUp","value":"î€ƒ"}]}]}
COMMAND: POST /session/e957c6d77c4c3b135e6e74b3990b52c8/element - {"using":"xpath","value":"//td[6]/div/div/input[1]"}
COMMAND: GET /session/e957c6d77c4c3b135e6e74b3990b52c8/screenshot - {}
RESULT: {}
RESULT: {"using":"xpath","value":"//td[6]/div/div/input[1]"}
COMMAND: POST /session/e957c6d77c4c3b135e6e74b3990b52c8/element/f.3C6AD4412E448D85C093D3308860BAAC.d.4EF24DD8A4579EDB41C0ECCB3FBEDEF9.e.13649/clear - {}
RESULT: {}
RESULT: {}
COMMAND: POST /session/e957c6d77c4c3b135e6e74b3990b52c8/element/f.3C6AD4412E448D85C093D3308860BAAC.d.4EF24DD8A4579EDB41C0ECCB3FBEDEF9.e.13649/value - {"text":"Material"}
COMMAND: GET /session/e957c6d77c4c3b135e6e74b3990b52c8/screenshot - {}
RESULT: {"text":"Material"}
COMMAND: GET /session/e957c6d77c4c3b135e6e74b3990b52c8/screenshot - {}
RESULT: {}
RESULT: {}
COMMAND: POST /session/e957c6d77c4c3b135e6e74b3990b52c8/actions - {"actions":[{"id":"action78","type":"key","parameters":{},"actions":[{"type":"keyDown","value":"î€‡"},{"type":"pause","duration":10},{"type":"keyUp","value":"î€‡"}]}]}
RESULT: {"actions":[{"id":"action78","type":"key","parameters":{},"actions":[{"type":"keyDown","value":"î€‡"},{"type":"pause","duration":10},{"type":"keyUp","value":"î€‡"}]}]}
COMMAND: GET /session/e957c6d77c4c3b135e6e74b3990b52c8/screenshot - {}
RESULT: {}
COMMAND: POST /session/e957c6d77c4c3b135e6e74b3990b52c8/actions - {"actions":[{"id":"action79","type":"key","parameters":{},"actions":[{"type":"keyDown","value":"î€‡"},{"type":"pause","duration":10},{"type":"keyUp","value":"î€‡"}]}]}
RESULT: {"actions":[{"id":"action79","type":"key","parameters":{},"actions":[{"type":"keyDown","value":"î€‡"},{"type":"pause","duration":10},{"type":"keyUp","value":"î€‡"}]}]}
COMMAND: POST /session/e957c6d77c4c3b135e6e74b3990b52c8/element - {"using":"xpath","value":"//td[7]/div/div/input"}
COMMAND: GET /session/e957c6d77c4c3b135e6e74b3990b52c8/screenshot - {}
RESULT: {"using":"xpath","value":"//td[7]/div/div/input"}
COMMAND: POST /session/e957c6d77c4c3b135e6e74b3990b52c8/element/f.3C6AD4412E448D85C093D3308860BAAC.d.4EF24DD8A4579EDB41C0ECCB3FBEDEF9.e.13662/clear - {}
RESULT: {}
RESULT: {}
COMMAND: POST /session/e957c6d77c4c3b135e6e74b3990b52c8/element/f.3C6AD4412E448D85C093D3308860BAAC.d.4EF24DD8A4579EDB41C0ECCB3FBEDEF9.e.13662/value - {"text":"WebdriverMatTesthdsrs"}
COMMAND: GET /session/e957c6d77c4c3b135e6e74b3990b52c8/screenshot - {}
RESULT: {"text":"WebdriverMatTesthdsrs"}
COMMAND: GET /session/e957c6d77c4c3b135e6e74b3990b52c8/screenshot - {}
RESULT: {}
RESULT: {}
COMMAND: POST /session/e957c6d77c4c3b135e6e74b3990b52c8/actions - {"actions":[{"id":"action80","type":"key","parameters":{},"actions":[{"type":"keyDown","value":"î€‡"},{"type":"pause","duration":10},{"type":"keyUp","value":"î€‡"}]}]}
RESULT: {"actions":[{"id":"action80","type":"key","parameters":{},"actions":[{"type":"keyDown","value":"î€‡"},{"type":"pause","duration":10},{"type":"keyUp","value":"î€‡"}]}]}
COMMAND: GET /session/e957c6d77c4c3b135e6e74b3990b52c8/screenshot - {}
RESULT: {}
COMMAND: POST /session/e957c6d77c4c3b135e6e74b3990b52c8/actions - {"actions":[{"id":"action81","type":"key","parameters":{},"actions":[{"type":"keyDown","value":"î€‡"},{"type":"pause","duration":10},{"type":"keyUp","value":"î€‡"}]}]}
RESULT: {"actions":[{"id":"action81","type":"key","parameters":{},"actions":[{"type":"keyDown","value":"î€‡"},{"type":"pause","duration":10},{"type":"keyUp","value":"î€‡"}]}]}
COMMAND: GET /session/e957c6d77c4c3b135e6e74b3990b52c8/screenshot - {}
RESULT: {}
COMMAND: POST /session/e957c6d77c4c3b135e6e74b3990b52c8/element - {"using":"xpath","value":"(//button[@data-kt=\"saveButton\"])[2]"}
RESULT: {"using":"xpath","value":"(//button[@data-kt=\"saveButton\"])[2]"}
COMMAND: POST /session/e957c6d77c4c3b135e6e74b3990b52c8/element/f.3C6AD4412E448D85C093D3308860BAAC.d.4EF24DD8A4579EDB41C0ECCB3FBEDEF9.e.13685/click - {}
RESULT: {}
COMMAND: GET /session/e957c6d77c4c3b135e6e74b3990b52c8/screenshot - {}
RESULT: {}
]]></system-out>
    </testcase>
  </testsuite>
</testsuites>