<?xml version="1.0" encoding="UTF-8"?>
<testsuites tests="9" failures="2" errors="2" skipped="0">
  <testsuite timestamp="2025-05-31T15:52:41" time="116.25" tests="1" failures="0" errors="0" skipped="0">
    <properties>
      <property name="specId" value="0"/>
      <property name="suiteName" value="Create a new catalogs section"/>
      <property name="capabilities" value="chrome.136_0_7103_93.windows"/>
      <property name="file" value="file:///D:/a/1/s/test/specs/R2C/create-new-webshop-catalog-section.spec.js"/>
    </properties>
    <testcase classname="chrome.136_0_7103_93.windows.Create_a_new_catalogs_section" name="Should navigate to manage catalogs and add a new section on webshop catalog" time="87.725">
      <system-out><![CDATA[
COMMAND: POST /session/558f637b9cb274befd50f388e951f207/execute/async - {"script":"<script> [1562 bytes]","args":[{"selector":{"controlType":"sap.m.GenericTile","properties":{"header":"Manage Catalogs"}},"wdio_ui5_key":"sapm.GenericTile{\"header\":\"Manage Catalogs\"}"}]}
RESULT: {"script":"<script> [1562 bytes]","args":[{"selector":{"controlType":"sap.m.GenericTile","properties":{"header":"Manage Catalogs"}},"wdio_ui5_key":"sapm.GenericTile{\"header\":\"Manage Catalogs\"}"}]}
RESULT: undefined
COMMAND: POST /session/558f637b9cb274befd50f388e951f207/element - {"using":"xpath","value":"//*[@id=\"__tile37\"]"}
RESULT: {"using":"xpath","value":"//*[@id=\"__tile37\"]"}
COMMAND: POST /session/558f637b9cb274befd50f388e951f207/element/f.2DD1EF63A9CC2E68EF0E7B65F7915F84.d.F6254AEA3681B7E8B5F2E1AD4BD9A5B9.e.110/click - {}
RESULT: {}
COMMAND: GET /session/558f637b9cb274befd50f388e951f207/screenshot - {}
RESULT: {}
COMMAND: POST /session/558f637b9cb274befd50f388e951f207/elements - {"using":"xpath","value":"//span[text()='Error']"}
RESULT: {"using":"xpath","value":"//span[text()='Error']"}
COMMAND: POST /session/558f637b9cb274befd50f388e951f207/execute/async - {"script":"<script> [1562 bytes]","args":[{"selector":{"controlType":"sap.m.Text","viewName":"etm.portal.ui.managecatalogs.view.MasterCatalogs","viewId":"application-managecatalogs-display-component---masterCatalogs","bindingPath":{"path":"/Catalogs('0D7502D073D53A0F1700BE067B89AFF9')","propertyPath":"DESCRIPTION","modelName":"catalogModel"}},"wdio_ui5_key":"etmportal.ui.managecatalogs.view.MasterCatalogssap.m.Text{\"path\":\"/Catalogs('0D7502D073D53A0F1700BE067B89AFF9')\",\"propertyPath\":\"DESCRIPTION\",\"modelName\":\"catalogModel\"}"}]}
RESULT: {"script":"<script> [1562 bytes]","args":[{"selector":{"controlType":"sap.m.Text","viewName":"etm.portal.ui.managecatalogs.view.MasterCatalogs","viewId":"application-managecatalogs-display-component---masterCatalogs","bindingPath":{"path":"/Catalogs('0D7502D073D53A0F1700BE067B89AFF9')","propertyPath":"DESCRIPTION","modelName":"catalogModel"}},"wdio_ui5_key":"etmportal.ui.managecatalogs.view.MasterCatalogssap.m.Text{\"path\":\"/Catalogs('0D7502D073D53A0F1700BE067B89AFF9')\",\"propertyPath\":\"DESCRIPTION\",\"modelName\":\"catalogModel\"}"}]}
RESULT: undefined
COMMAND: POST /session/558f637b9cb274befd50f388e951f207/element - {"using":"xpath","value":"//*[@id=\"__text39-application-managecatalogs-display-component---masterCatalogs--CatalogsTable-11\"]"}
RESULT: {"using":"xpath","value":"//*[@id=\"__text39-application-managecatalogs-display-component---masterCatalogs--CatalogsTable-11\"]"}
COMMAND: POST /session/558f637b9cb274befd50f388e951f207/element/f.2DD1EF63A9CC2E68EF0E7B65F7915F84.d.F6254AEA3681B7E8B5F2E1AD4BD9A5B9.e.139/click - {}
RESULT: {}
COMMAND: POST /session/558f637b9cb274befd50f388e951f207/execute/async - {"script":"<script> [1562 bytes]","args":[{"selector":{"controlType":"sap.ui.layout.HorizontalLayout","viewName":"etm.portal.ui.managecatalogs.view.MasterItems","viewId":"application-managecatalogs-display-component---masterCatalogItems","ancestor":{"id":"application-managecatalogs-display-component---masterCatalogItems--idCatalogItemsTree-rows-row0"}},"wdio_ui5_key":"etmportal.ui.managecatalogs.view.MasterItemssap.ui.layout.HorizontalLayout{\"id\":\"application-managecatalogs-display-component---masterCatalogItems--idCatalogItemsTree-rows-row0\"}"}]}
COMMAND: GET /session/558f637b9cb274befd50f388e951f207/screenshot - {}
RESULT: {"script":"<script> [1562 bytes]","args":[{"selector":{"controlType":"sap.ui.layout.HorizontalLayout","viewName":"etm.portal.ui.managecatalogs.view.MasterItems","viewId":"application-managecatalogs-display-component---masterCatalogItems","ancestor":{"id":"application-managecatalogs-display-component---masterCatalogItems--idCatalogItemsTree-rows-row0"}},"wdio_ui5_key":"etmportal.ui.managecatalogs.view.MasterItemssap.ui.layout.HorizontalLayout{\"id\":\"application-managecatalogs-display-component---masterCatalogItems--idCatalogItemsTree-rows-row0\"}"}]}
RESULT: undefined
COMMAND: POST /session/558f637b9cb274befd50f388e951f207/element - {"using":"xpath","value":"//*[@id=\"__layout3-__clone11\"]"}
RESULT: {}
RESULT: {"using":"xpath","value":"//*[@id=\"__layout3-__clone11\"]"}
COMMAND: POST /session/558f637b9cb274befd50f388e951f207/element/f.2DD1EF63A9CC2E68EF0E7B65F7915F84.d.F6254AEA3681B7E8B5F2E1AD4BD9A5B9.e.174/click - {}
RESULT: {}
COMMAND: GET /session/558f637b9cb274befd50f388e951f207/screenshot - {}
RESULT: {}
COMMAND: POST /session/558f637b9cb274befd50f388e951f207/execute/async - {"script":"<script> [1562 bytes]","args":[{"selector":{"controlType":"sap.m.Button","viewName":"etm.portal.ui.managecatalogs.view.Detail","viewId":"application-managecatalogs-display-component---detailCatalog","i18NText":{"propertyName":"text","key":"edit"},"interaction":{"idSuffix":"BDI-content"}},"wdio_ui5_key":"etmportal.ui.managecatalogs.view.Detailsap.m.Button{\"propertyName\":\"text\",\"key\":\"edit\"}"}]}
RESULT: {"script":"<script> [1562 bytes]","args":[{"selector":{"controlType":"sap.m.Button","viewName":"etm.portal.ui.managecatalogs.view.Detail","viewId":"application-managecatalogs-display-component---detailCatalog","i18NText":{"propertyName":"text","key":"edit"},"interaction":{"idSuffix":"BDI-content"}},"wdio_ui5_key":"etmportal.ui.managecatalogs.view.Detailsap.m.Button{\"propertyName\":\"text\",\"key\":\"edit\"}"}]}
RESULT: undefined
COMMAND: POST /session/558f637b9cb274befd50f388e951f207/element - {"using":"xpath","value":"//*[@id=\"__button35\"]"}
RESULT: {"using":"xpath","value":"//*[@id=\"__button35\"]"}
COMMAND: POST /session/558f637b9cb274befd50f388e951f207/element/f.2DD1EF63A9CC2E68EF0E7B65F7915F84.d.F6254AEA3681B7E8B5F2E1AD4BD9A5B9.e.283/click - {}
RESULT: {}
COMMAND: GET /session/558f637b9cb274befd50f388e951f207/screenshot - {}
RESULT: {}
COMMAND: POST /session/558f637b9cb274befd50f388e951f207/element - {"using":"xpath","value":"//bdi[contains(text(), \"Unlock\")]"}
RESULT: {"using":"xpath","value":"//bdi[contains(text(), \"Unlock\")]"}
COMMAND: POST /session/558f637b9cb274befd50f388e951f207/elements - {"using":"xpath","value":"//bdi[contains(text(), \"Unlock\")]"}
RESULT: {"using":"xpath","value":"//bdi[contains(text(), \"Unlock\")]"}
COMMAND: POST /session/558f637b9cb274befd50f388e951f207/execute/async - {"script":"<script> [1562 bytes]","args":[{"selector":{"controlType":"sap.ui.core.Icon","viewName":"etm.portal.ui.managecatalogs.view.Detail","viewId":"application-managecatalogs-display-component---detailCatalog","properties":{"src":{"regex":{"source":"add\\-folder"}}}},"wdio_ui5_key":"etmportal.ui.managecatalogs.view.Detailsap.ui.core.Icon{\"src\":{\"regex\":{\"source\":\"add\\\\-folder\"}}}"}]}
RESULT: {"script":"<script> [1562 bytes]","args":[{"selector":{"controlType":"sap.ui.core.Icon","viewName":"etm.portal.ui.managecatalogs.view.Detail","viewId":"application-managecatalogs-display-component---detailCatalog","properties":{"src":{"regex":{"source":"add\\-folder"}}}},"wdio_ui5_key":"etmportal.ui.managecatalogs.view.Detailsap.ui.core.Icon{\"src\":{\"regex\":{\"source\":\"add\\\\-folder\"}}}"}]}
RESULT: undefined
COMMAND: POST /session/558f637b9cb274befd50f388e951f207/element - {"using":"xpath","value":"//*[@id=\"__button43-img\"]"}
RESULT: {"using":"xpath","value":"//*[@id=\"__button43-img\"]"}
COMMAND: POST /session/558f637b9cb274befd50f388e951f207/element/f.2DD1EF63A9CC2E68EF0E7B65F7915F84.d.F6254AEA3681B7E8B5F2E1AD4BD9A5B9.e.293/click - {}
RESULT: {}
COMMAND: GET /session/558f637b9cb274befd50f388e951f207/screenshot - {}
RESULT: {}
COMMAND: POST /session/558f637b9cb274befd50f388e951f207/execute/async - {"script":"<script> [1562 bytes]","args":[{"selector":{"id":"application-managecatalogs-display-component---detailCatalog--numberInput","searchOpenDialogs":true,"interaction":{"idSuffix":"inner"}},"wdio_ui5_key":"applicationmanagecatalogs-display-component---detailCatalog--numberInput"}]}
RESULT: {"script":"<script> [1562 bytes]","args":[{"selector":{"id":"application-managecatalogs-display-component---detailCatalog--numberInput","searchOpenDialogs":true,"interaction":{"idSuffix":"inner"}},"wdio_ui5_key":"applicationmanagecatalogs-display-component---detailCatalog--numberInput"}]}
RESULT: undefined
COMMAND: POST /session/558f637b9cb274befd50f388e951f207/execute/async - {"script":"<script> [776 bytes]","args":[{"enterText":"Sectionqlcao","selector":{"id":"application-managecatalogs-display-component---detailCatalog--numberInput","searchOpenDialogs":true,"interaction":{"idSuffix":"inner"}},"clearTextFirst":true,"interactionType":"ENTER_TEXT"}]}
RESULT: {"script":"<script> [776 bytes]","args":[{"enterText":"Sectionqlcao","selector":{"id":"application-managecatalogs-display-component---detailCatalog--numberInput","searchOpenDialogs":true,"interaction":{"idSuffix":"inner"}},"clearTextFirst":true,"interactionType":"ENTER_TEXT"}]}
COMMAND: POST /session/558f637b9cb274befd50f388e951f207/element - {"using":"css selector","value":"#application-managecatalogs-display-component---detailCatalog--nameInput-inner"}
RESULT: {"using":"css selector","value":"#application-managecatalogs-display-component---detailCatalog--nameInput-inner"}
COMMAND: POST /session/558f637b9cb274befd50f388e951f207/elements - {"using":"css selector","value":"#application-managecatalogs-display-component---detailCatalog--nameInput-inner"}
RESULT: {"using":"css selector","value":"#application-managecatalogs-display-component---detailCatalog--nameInput-inner"}
COMMAND: POST /session/558f637b9cb274befd50f388e951f207/element/f.2DD1EF63A9CC2E68EF0E7B65F7915F84.d.F6254AEA3681B7E8B5F2E1AD4BD9A5B9.e.297/clear - {}
RESULT: {}
COMMAND: POST /session/558f637b9cb274befd50f388e951f207/element/f.2DD1EF63A9CC2E68EF0E7B65F7915F84.d.F6254AEA3681B7E8B5F2E1AD4BD9A5B9.e.297/value - {"text":"Webdriverwecxf"}
COMMAND: GET /session/558f637b9cb274befd50f388e951f207/screenshot - {}
RESULT: {"text":"Webdriverwecxf"}
COMMAND: POST /session/558f637b9cb274befd50f388e951f207/execute/async - {"script":"<script> [1562 bytes]","args":[{"selector":{"controlType":"sap.m.Button","viewName":"etm.portal.ui.managecatalogs.view.Detail","viewId":"application-managecatalogs-display-component---detailCatalog","i18NText":{"propertyName":"text","key":"create"},"searchOpenDialogs":true,"interaction":{"idSuffix":"BDI-content"}},"wdio_ui5_key":"etmportal.ui.managecatalogs.view.Detailsap.m.Button{\"propertyName\":\"text\",\"key\":\"create\"}"}]}
COMMAND: GET /session/558f637b9cb274befd50f388e951f207/screenshot - {}
RESULT: {}
RESULT: {"script":"<script> [1562 bytes]","args":[{"selector":{"controlType":"sap.m.Button","viewName":"etm.portal.ui.managecatalogs.view.Detail","viewId":"application-managecatalogs-display-component---detailCatalog","i18NText":{"propertyName":"text","key":"create"},"searchOpenDialogs":true,"interaction":{"idSuffix":"BDI-content"}},"wdio_ui5_key":"etmportal.ui.managecatalogs.view.Detailsap.m.Button{\"propertyName\":\"text\",\"key\":\"create\"}"}]}
RESULT: undefined
COMMAND: POST /session/558f637b9cb274befd50f388e951f207/element - {"using":"xpath","value":"//*[@id=\"__button13\"]"}
RESULT: {}
RESULT: {"using":"xpath","value":"//*[@id=\"__button13\"]"}
COMMAND: POST /session/558f637b9cb274befd50f388e951f207/element/f.2DD1EF63A9CC2E68EF0E7B65F7915F84.d.F6254AEA3681B7E8B5F2E1AD4BD9A5B9.e.303/click - {}
RESULT: {}
COMMAND: GET /session/558f637b9cb274befd50f388e951f207/screenshot - {}
RESULT: {}
COMMAND: POST /session/558f637b9cb274befd50f388e951f207/element - {"using":"xpath","value":"//button[@title=\"Save\"]"}
RESULT: {"using":"xpath","value":"//button[@title=\"Save\"]"}
COMMAND: POST /session/558f637b9cb274befd50f388e951f207/element/f.2DD1EF63A9CC2E68EF0E7B65F7915F84.d.F6254AEA3681B7E8B5F2E1AD4BD9A5B9.e.304/click - {}
RESULT: {}
COMMAND: POST /session/558f637b9cb274befd50f388e951f207/execute/async - {"script":"<script> [1562 bytes]","args":[{"selector":{"controlType":"sap.ui.core.Icon","viewName":"etm.portal.ui.managecatalogs.view.Detail","viewId":"application-managecatalogs-display-component---detailCatalog","properties":{"src":{"regex":{"source":"decline"}}}},"wdio_ui5_key":"etmportal.ui.managecatalogs.view.Detailsap.ui.core.Icon{\"src\":{\"regex\":{\"source\":\"decline\"}}}"}]}
COMMAND: GET /session/558f637b9cb274befd50f388e951f207/screenshot - {}
RESULT: {"script":"<script> [1562 bytes]","args":[{"selector":{"controlType":"sap.ui.core.Icon","viewName":"etm.portal.ui.managecatalogs.view.Detail","viewId":"application-managecatalogs-display-component---detailCatalog","properties":{"src":{"regex":{"source":"decline"}}}},"wdio_ui5_key":"etmportal.ui.managecatalogs.view.Detailsap.ui.core.Icon{\"src\":{\"regex\":{\"source\":\"decline\"}}}"}]}
RESULT: undefined
COMMAND: POST /session/558f637b9cb274befd50f388e951f207/element - {"using":"xpath","value":"//*[@id=\"__button38-img\"]"}
RESULT: {}
RESULT: {"using":"xpath","value":"//*[@id=\"__button38-img\"]"}
COMMAND: POST /session/558f637b9cb274befd50f388e951f207/element/f.2DD1EF63A9CC2E68EF0E7B65F7915F84.d.F6254AEA3681B7E8B5F2E1AD4BD9A5B9.e.310/click - {}
RESULT: {}
COMMAND: GET /session/558f637b9cb274befd50f388e951f207/screenshot - {}
RESULT: {}
COMMAND: POST /session/558f637b9cb274befd50f388e951f207/execute/async - {"script":"<script> [1562 bytes]","args":[{"selector":{"controlType":"sap.ui.core.Icon","viewName":"etm.portal.ui.managecatalogs.view.MasterItems","viewId":"application-managecatalogs-display-component---masterCatalogItems","properties":{"src":{"regex":{"source":"refresh"}}}},"wdio_ui5_key":"etmportal.ui.managecatalogs.view.MasterItemssap.ui.core.Icon{\"src\":{\"regex\":{\"source\":\"refresh\"}}}"}]}
RESULT: {"script":"<script> [1562 bytes]","args":[{"selector":{"controlType":"sap.ui.core.Icon","viewName":"etm.portal.ui.managecatalogs.view.MasterItems","viewId":"application-managecatalogs-display-component---masterCatalogItems","properties":{"src":{"regex":{"source":"refresh"}}}},"wdio_ui5_key":"etmportal.ui.managecatalogs.view.MasterItemssap.ui.core.Icon{\"src\":{\"regex\":{\"source\":\"refresh\"}}}"}]}
RESULT: undefined
COMMAND: POST /session/558f637b9cb274befd50f388e951f207/element - {"using":"xpath","value":"//*[@id=\"__button11-img\"]"}
RESULT: {"using":"xpath","value":"//*[@id=\"__button11-img\"]"}
COMMAND: POST /session/558f637b9cb274befd50f388e951f207/element/f.2DD1EF63A9CC2E68EF0E7B65F7915F84.d.F6254AEA3681B7E8B5F2E1AD4BD9A5B9.e.346/click - {}
RESULT: {}
COMMAND: POST /session/558f637b9cb274befd50f388e951f207/execute/async - {"script":"<script> [1562 bytes]","args":[{"selector":{"id":"application-managecatalogs-display-component---masterCatalogItems--searchItemsField","interaction":{"idSuffix":"I"}},"wdio_ui5_key":"applicationmanagecatalogs-display-component---masterCatalogItems--searchItemsField"}]}
COMMAND: GET /session/558f637b9cb274befd50f388e951f207/screenshot - {}
RESULT: {"script":"<script> [1562 bytes]","args":[{"selector":{"id":"application-managecatalogs-display-component---masterCatalogItems--searchItemsField","interaction":{"idSuffix":"I"}},"wdio_ui5_key":"applicationmanagecatalogs-display-component---masterCatalogItems--searchItemsField"}]}
RESULT: undefined
COMMAND: POST /session/558f637b9cb274befd50f388e951f207/execute/async - {"script":"<script> [776 bytes]","args":[{"enterText":"Webdriverwecxf","selector":{"id":"application-managecatalogs-display-component---masterCatalogItems--searchItemsField","interaction":{"idSuffix":"I"}},"clearTextFirst":true,"interactionType":"ENTER_TEXT"}]}
RESULT: {}
RESULT: {"script":"<script> [776 bytes]","args":[{"enterText":"Webdriverwecxf","selector":{"id":"application-managecatalogs-display-component---masterCatalogItems--searchItemsField","interaction":{"idSuffix":"I"}},"clearTextFirst":true,"interactionType":"ENTER_TEXT"}]}
COMMAND: POST /session/558f637b9cb274befd50f388e951f207/actions - {"actions":[{"id":"action1","type":"key","parameters":{},"actions":[{"type":"keyDown","value":""},{"type":"pause","duration":10},{"type":"keyUp","value":""}]}]}
RESULT: {"actions":[{"id":"action1","type":"key","parameters":{},"actions":[{"type":"keyDown","value":""},{"type":"pause","duration":10},{"type":"keyUp","value":""}]}]}
COMMAND: POST /session/558f637b9cb274befd50f388e951f207/element - {"using":"xpath","value":"(//span[contains(text(), \"Webdriverwecxf\")])[1]"}
COMMAND: GET /session/558f637b9cb274befd50f388e951f207/screenshot - {}
RESULT: {"using":"xpath","value":"(//span[contains(text(), \"Webdriverwecxf\")])[1]"}
COMMAND: POST /session/558f637b9cb274befd50f388e951f207/element/f.2DD1EF63A9CC2E68EF0E7B65F7915F84.d.F6254AEA3681B7E8B5F2E1AD4BD9A5B9.e.349/click - {}
RESULT: {}
RESULT: {}
COMMAND: GET /session/558f637b9cb274befd50f388e951f207/screenshot - {}
RESULT: {}
RESULT: undefined
COMMAND: POST /session/558f637b9cb274befd50f388e951f207/element - {"using":"xpath","value":"//*[@id=\"__button35\"]"}
RESULT: {"using":"xpath","value":"//*[@id=\"__button35\"]"}
COMMAND: POST /session/558f637b9cb274befd50f388e951f207/element/f.2DD1EF63A9CC2E68EF0E7B65F7915F84.d.F6254AEA3681B7E8B5F2E1AD4BD9A5B9.e.382/click - {}
RESULT: {}
COMMAND: GET /session/558f637b9cb274befd50f388e951f207/screenshot - {}
RESULT: {}
RESULT: undefined
COMMAND: POST /session/558f637b9cb274befd50f388e951f207/element - {"using":"xpath","value":"//*[@id=\"__button43-img\"]"}
RESULT: {"using":"xpath","value":"//*[@id=\"__button43-img\"]"}
COMMAND: POST /session/558f637b9cb274befd50f388e951f207/element/f.2DD1EF63A9CC2E68EF0E7B65F7915F84.d.F6254AEA3681B7E8B5F2E1AD4BD9A5B9.e.437/click - {}
RESULT: {}
COMMAND: GET /session/558f637b9cb274befd50f388e951f207/screenshot - {}
RESULT: {}
RESULT: undefined
COMMAND: POST /session/558f637b9cb274befd50f388e951f207/execute/async - {"script":"<script> [776 bytes]","args":[{"enterText":"SecondSection0h8td","selector":{"id":"application-managecatalogs-display-component---detailCatalog--numberInput","searchOpenDialogs":true,"interaction":{"idSuffix":"inner"}},"clearTextFirst":true,"interactionType":"ENTER_TEXT"}]}
RESULT: {"script":"<script> [776 bytes]","args":[{"enterText":"SecondSection0h8td","selector":{"id":"application-managecatalogs-display-component---detailCatalog--numberInput","searchOpenDialogs":true,"interaction":{"idSuffix":"inner"}},"clearTextFirst":true,"interactionType":"ENTER_TEXT"}]}
COMMAND: POST /session/558f637b9cb274befd50f388e951f207/element - {"using":"xpath","value":"//input[contains(@id ,\"application-managecatalogs-display-component---detailCatalog--nameInput-inner\")]"}
RESULT: {"using":"xpath","value":"//input[contains(@id ,\"application-managecatalogs-display-component---detailCatalog--nameInput-inner\")]"}
COMMAND: POST /session/558f637b9cb274befd50f388e951f207/elements - {"using":"xpath","value":"//input[contains(@id ,\"application-managecatalogs-display-component---detailCatalog--nameInput-inner\")]"}
RESULT: {"using":"xpath","value":"//input[contains(@id ,\"application-managecatalogs-display-component---detailCatalog--nameInput-inner\")]"}
COMMAND: POST /session/558f637b9cb274befd50f388e951f207/element/f.2DD1EF63A9CC2E68EF0E7B65F7915F84.d.F6254AEA3681B7E8B5F2E1AD4BD9A5B9.e.441/clear - {}
RESULT: {}
COMMAND: POST /session/558f637b9cb274befd50f388e951f207/element/f.2DD1EF63A9CC2E68EF0E7B65F7915F84.d.F6254AEA3681B7E8B5F2E1AD4BD9A5B9.e.441/value - {"text":"webdriversecondxxoyk"}
COMMAND: GET /session/558f637b9cb274befd50f388e951f207/screenshot - {}
RESULT: {"text":"webdriversecondxxoyk"}
COMMAND: POST /session/558f637b9cb274befd50f388e951f207/execute/async - {"script":"<script> [1562 bytes]","args":[{"selector":{"id":"application-managecatalogs-display-component---detailCatalog--nameInput","searchOpenDialogs":true,"interaction":{"idSuffix":"inner"}},"wdio_ui5_key":"applicationmanagecatalogs-display-component---detailCatalog--nameInput"}]}
COMMAND: GET /session/558f637b9cb274befd50f388e951f207/screenshot - {}
RESULT: {}
RESULT: {"script":"<script> [1562 bytes]","args":[{"selector":{"id":"application-managecatalogs-display-component---detailCatalog--nameInput","searchOpenDialogs":true,"interaction":{"idSuffix":"inner"}},"wdio_ui5_key":"applicationmanagecatalogs-display-component---detailCatalog--nameInput"}]}
RESULT: undefined
COMMAND: POST /session/558f637b9cb274befd50f388e951f207/execute/async - {"script":"<script> [776 bytes]","args":[{"enterText":"webdriversecondxxoyk","selector":{"id":"application-managecatalogs-display-component---detailCatalog--nameInput","searchOpenDialogs":true,"interaction":{"idSuffix":"inner"}},"clearTextFirst":true,"interactionType":"ENTER_TEXT"}]}
RESULT: {}
RESULT: {"script":"<script> [776 bytes]","args":[{"enterText":"webdriversecondxxoyk","selector":{"id":"application-managecatalogs-display-component---detailCatalog--nameInput","searchOpenDialogs":true,"interaction":{"idSuffix":"inner"}},"clearTextFirst":true,"interactionType":"ENTER_TEXT"}]}
RESULT: undefined
COMMAND: POST /session/558f637b9cb274befd50f388e951f207/element - {"using":"xpath","value":"//*[@id=\"__button13\"]"}
RESULT: {"using":"xpath","value":"//*[@id=\"__button13\"]"}
COMMAND: POST /session/558f637b9cb274befd50f388e951f207/element/f.2DD1EF63A9CC2E68EF0E7B65F7915F84.d.F6254AEA3681B7E8B5F2E1AD4BD9A5B9.e.445/click - {}
RESULT: {}
COMMAND: GET /session/558f637b9cb274befd50f388e951f207/screenshot - {}
RESULT: {}
COMMAND: POST /session/558f637b9cb274befd50f388e951f207/element - {"using":"xpath","value":"//button[@title=\"Save\"]"}
RESULT: {"using":"xpath","value":"//button[@title=\"Save\"]"}
COMMAND: POST /session/558f637b9cb274befd50f388e951f207/element/f.2DD1EF63A9CC2E68EF0E7B65F7915F84.d.F6254AEA3681B7E8B5F2E1AD4BD9A5B9.e.423/click - {}
RESULT: {}
COMMAND: GET /session/558f637b9cb274befd50f388e951f207/screenshot - {}
RESULT: {}
RESULT: undefined
COMMAND: POST /session/558f637b9cb274befd50f388e951f207/element - {"using":"xpath","value":"//*[@id=\"__button38-img\"]"}
RESULT: {"using":"xpath","value":"//*[@id=\"__button38-img\"]"}
COMMAND: POST /session/558f637b9cb274befd50f388e951f207/element/f.2DD1EF63A9CC2E68EF0E7B65F7915F84.d.F6254AEA3681B7E8B5F2E1AD4BD9A5B9.e.389/click - {}
RESULT: {}
COMMAND: GET /session/558f637b9cb274befd50f388e951f207/screenshot - {}
RESULT: {}
RESULT: undefined
COMMAND: POST /session/558f637b9cb274befd50f388e951f207/element - {"using":"xpath","value":"//*[@id=\"__button11-img\"]"}
RESULT: {"using":"xpath","value":"//*[@id=\"__button11-img\"]"}
COMMAND: POST /session/558f637b9cb274befd50f388e951f207/element/f.2DD1EF63A9CC2E68EF0E7B65F7915F84.d.F6254AEA3681B7E8B5F2E1AD4BD9A5B9.e.485/click - {}
RESULT: {}
COMMAND: GET /session/558f637b9cb274befd50f388e951f207/screenshot - {}
RESULT: {}
RESULT: undefined
COMMAND: POST /session/558f637b9cb274befd50f388e951f207/execute/async - {"script":"<script> [776 bytes]","args":[{"enterText":"SecondSection0h8td","selector":{"id":"application-managecatalogs-display-component---masterCatalogItems--searchItemsField","interaction":{"idSuffix":"I"}},"clearTextFirst":true,"interactionType":"ENTER_TEXT"}]}
RESULT: {"script":"<script> [776 bytes]","args":[{"enterText":"SecondSection0h8td","selector":{"id":"application-managecatalogs-display-component---masterCatalogItems--searchItemsField","interaction":{"idSuffix":"I"}},"clearTextFirst":true,"interactionType":"ENTER_TEXT"}]}
COMMAND: POST /session/558f637b9cb274befd50f388e951f207/actions - {"actions":[{"id":"action2","type":"key","parameters":{},"actions":[{"type":"keyDown","value":""},{"type":"pause","duration":10},{"type":"keyUp","value":""}]}]}
RESULT: {"actions":[{"id":"action2","type":"key","parameters":{},"actions":[{"type":"keyDown","value":""},{"type":"pause","duration":10},{"type":"keyUp","value":""}]}]}
COMMAND: POST /session/558f637b9cb274befd50f388e951f207/element - {"using":"xpath","value":"(//span[contains(text(), \"SecondSection0h8td\")])[1]"}
COMMAND: GET /session/558f637b9cb274befd50f388e951f207/screenshot - {}
RESULT: {"using":"xpath","value":"(//span[contains(text(), \"SecondSection0h8td\")])[1]"}
COMMAND: POST /session/558f637b9cb274befd50f388e951f207/element/f.2DD1EF63A9CC2E68EF0E7B65F7915F84.d.F6254AEA3681B7E8B5F2E1AD4BD9A5B9.e.488/click - {}
RESULT: {}
RESULT: {}
COMMAND: POST /session/558f637b9cb274befd50f388e951f207/element - {"using":"xpath","value":"(//span[contains(text(), \"SecondSection0h8td\")])[1]"}
COMMAND: GET /session/558f637b9cb274befd50f388e951f207/screenshot - {}
RESULT: {"using":"xpath","value":"(//span[contains(text(), \"SecondSection0h8td\")])[1]"}
COMMAND: GET /session/558f637b9cb274befd50f388e951f207/element/f.2DD1EF63A9CC2E68EF0E7B65F7915F84.d.F6254AEA3681B7E8B5F2E1AD4BD9A5B9.e.488/text - {}
RESULT: {}
COMMAND: POST /session/558f637b9cb274befd50f388e951f207/element - {"using":"xpath","value":"(//span[contains(text(), \"SecondSection0h8td\")])[1]"}
RESULT: {"using":"xpath","value":"(//span[contains(text(), \"SecondSection0h8td\")])[1]"}
COMMAND: GET /session/558f637b9cb274befd50f388e951f207/element/f.2DD1EF63A9CC2E68EF0E7B65F7915F84.d.F6254AEA3681B7E8B5F2E1AD4BD9A5B9.e.488/text - {}
COMMAND: POST /session/558f637b9cb274befd50f388e951f207/element - {"using":"xpath","value":"(//span[contains(text(), \"SecondSection0h8td\")])[1]"}
RESULT: {"using":"xpath","value":"(//span[contains(text(), \"SecondSection0h8td\")])[1]"}
COMMAND: GET /session/558f637b9cb274befd50f388e951f207/element/f.2DD1EF63A9CC2E68EF0E7B65F7915F84.d.F6254AEA3681B7E8B5F2E1AD4BD9A5B9.e.542/text - {}
RESULT: {}
COMMAND: POST /session/558f637b9cb274befd50f388e951f207/element - {"using":"css selector","value":"#shell-header-logo"}
RESULT: {"using":"css selector","value":"#shell-header-logo"}
COMMAND: POST /session/558f637b9cb274befd50f388e951f207/element/f.2DD1EF63A9CC2E68EF0E7B65F7915F84.d.F6254AEA3681B7E8B5F2E1AD4BD9A5B9.e.113/click - {}
RESULT: {}
COMMAND: GET /session/558f637b9cb274befd50f388e951f207/screenshot - {}
RESULT: {}
COMMAND: POST /session/558f637b9cb274befd50f388e951f207/execute/async - {"script":"<script> [1562 bytes]","args":[{"selector":{"controlType":"sap.m.GenericTile","properties":{"header":"Manage Classifications"}},"wdio_ui5_key":"sapm.GenericTile{\"header\":\"Manage Classifications\"}"}]}
RESULT: {"script":"<script> [1562 bytes]","args":[{"selector":{"controlType":"sap.m.GenericTile","properties":{"header":"Manage Classifications"}},"wdio_ui5_key":"sapm.GenericTile{\"header\":\"Manage Classifications\"}"}]}
RESULT: undefined
COMMAND: POST /session/558f637b9cb274befd50f388e951f207/element - {"using":"xpath","value":"//*[@id=\"__tile115\"]"}
RESULT: {"using":"xpath","value":"//*[@id=\"__tile115\"]"}
COMMAND: POST /session/558f637b9cb274befd50f388e951f207/element/f.2DD1EF63A9CC2E68EF0E7B65F7915F84.d.F6254AEA3681B7E8B5F2E1AD4BD9A5B9.e.546/click - {}
RESULT: {}
COMMAND: GET /session/558f637b9cb274befd50f388e951f207/screenshot - {}
RESULT: {}
COMMAND: POST /session/558f637b9cb274befd50f388e951f207/elements - {"using":"xpath","value":"//span[text()='Error']"}
RESULT: {"using":"xpath","value":"//span[text()='Error']"}
]]></system-out>
    </testcase>
  </testsuite>
  <testsuite timestamp="2025-05-31T15:54:38" time="264.882" tests="3" failures="0" errors="0" skipped="0">
    <properties>
      <property name="specId" value="0"/>
      <property name="suiteName" value="Manage catalogs - yard assignment classification US138930"/>
      <property name="capabilities" value="chrome.136_0_7103_93.windows"/>
      <property name="file" value="file:///D:/a/1/s/test/specs/R2C/manage-catalogs-yard-assignment-classification.spec.js"/>
    </properties>
    <testcase classname="chrome.136_0_7103_93.windows.Manage_catalogs_-_yard_assignment_classification_US138930" name="Should create a new classification of type yard assignment" time="35.417">
      <system-out><![CDATA[
COMMAND: POST /session/558f637b9cb274befd50f388e951f207/execute/async - {"script":"<script> [1562 bytes]","args":[{"selector":{"controlType":"sap.ui.core.Icon","viewName":"etm.portal.ui.manageclassifications.view.Master","viewId":"application-manageclassifications-display-component---classificationMaster","properties":{"src":{"regex":{"source":"add"}}}},"wdio_ui5_key":"etmportal.ui.manageclassifications.view.Mastersap.ui.core.Icon{\"src\":{\"regex\":{\"source\":\"add\"}}}"}]}
RESULT: {"script":"<script> [1562 bytes]","args":[{"selector":{"controlType":"sap.ui.core.Icon","viewName":"etm.portal.ui.manageclassifications.view.Master","viewId":"application-manageclassifications-display-component---classificationMaster","properties":{"src":{"regex":{"source":"add"}}}},"wdio_ui5_key":"etmportal.ui.manageclassifications.view.Mastersap.ui.core.Icon{\"src\":{\"regex\":{\"source\":\"add\"}}}"}]}
RESULT: undefined
COMMAND: POST /session/558f637b9cb274befd50f388e951f207/element - {"using":"xpath","value":"//*[@id=\"__button77-img\"]"}
RESULT: {"using":"xpath","value":"//*[@id=\"__button77-img\"]"}
COMMAND: POST /session/558f637b9cb274befd50f388e951f207/element/f.2DD1EF63A9CC2E68EF0E7B65F7915F84.d.F6254AEA3681B7E8B5F2E1AD4BD9A5B9.e.586/click - {}
RESULT: {}
COMMAND: POST /session/558f637b9cb274befd50f388e951f207/execute/async - {"script":"<script> [1562 bytes]","args":[{"selector":{"id":"application-manageclassifications-display-component---classificationCreate--classHeaderName","interaction":{"idSuffix":"inner"}},"wdio_ui5_key":"applicationmanageclassifications-display-component---classificationCreate--classHeaderName"}]}
COMMAND: GET /session/558f637b9cb274befd50f388e951f207/screenshot - {}
RESULT: {"script":"<script> [1562 bytes]","args":[{"selector":{"id":"application-manageclassifications-display-component---classificationCreate--classHeaderName","interaction":{"idSuffix":"inner"}},"wdio_ui5_key":"applicationmanageclassifications-display-component---classificationCreate--classHeaderName"}]}
RESULT: undefined
COMMAND: POST /session/558f637b9cb274befd50f388e951f207/execute/async - {"script":"<script> [776 bytes]","args":[{"enterText":"WebdriverYardClasske7ua","selector":{"id":"application-manageclassifications-display-component---classificationCreate--classHeaderName","interaction":{"idSuffix":"inner"}},"clearTextFirst":true,"interactionType":"ENTER_TEXT"}]}
RESULT: {}
RESULT: {"script":"<script> [776 bytes]","args":[{"enterText":"WebdriverYardClasske7ua","selector":{"id":"application-manageclassifications-display-component---classificationCreate--classHeaderName","interaction":{"idSuffix":"inner"}},"clearTextFirst":true,"interactionType":"ENTER_TEXT"}]}
COMMAND: POST /session/558f637b9cb274befd50f388e951f207/execute/async - {"script":"<script> [1562 bytes]","args":[{"selector":{"controlType":"sap.ui.core.Icon","viewName":"etm.portal.ui.manageclassifications.view.Create","viewId":"application-manageclassifications-display-component---classificationCreate","properties":{"src":{"regex":{"source":"slim\\-arrow\\-down"}}}},"wdio_ui5_key":"etmportal.ui.manageclassifications.view.Createsap.ui.core.Icon{\"src\":{\"regex\":{\"source\":\"slim\\\\-arrow\\\\-down\"}}}"}]}
RESULT: {"script":"<script> [1562 bytes]","args":[{"selector":{"controlType":"sap.ui.core.Icon","viewName":"etm.portal.ui.manageclassifications.view.Create","viewId":"application-manageclassifications-display-component---classificationCreate","properties":{"src":{"regex":{"source":"slim\\-arrow\\-down"}}}},"wdio_ui5_key":"etmportal.ui.manageclassifications.view.Createsap.ui.core.Icon{\"src\":{\"regex\":{\"source\":\"slim\\\\-arrow\\\\-down\"}}}"}]}
RESULT: undefined
COMMAND: POST /session/558f637b9cb274befd50f388e951f207/element - {"using":"xpath","value":"//*[@id=\"__box48-arrow\"]"}
RESULT: {"using":"xpath","value":"//*[@id=\"__box48-arrow\"]"}
COMMAND: POST /session/558f637b9cb274befd50f388e951f207/element/f.2DD1EF63A9CC2E68EF0E7B65F7915F84.d.F6254AEA3681B7E8B5F2E1AD4BD9A5B9.e.1040/click - {}
RESULT: {}
COMMAND: POST /session/558f637b9cb274befd50f388e951f207/execute/async - {"script":"<script> [1562 bytes]","args":[{"selector":{"controlType":"sap.m.StandardListItem","viewName":"etm.portal.ui.manageclassifications.view.Create","viewId":"application-manageclassifications-display-component---classificationCreate","properties":{"title":"Yard assignment"},"searchOpenDialogs":true,"interaction":{"idSuffix":"titleText"}},"wdio_ui5_key":"etmportal.ui.manageclassifications.view.Createsap.m.StandardListItem{\"title\":\"Yard assignment\"}"}]}
COMMAND: GET /session/558f637b9cb274befd50f388e951f207/screenshot - {}
RESULT: {"script":"<script> [1562 bytes]","args":[{"selector":{"controlType":"sap.m.StandardListItem","viewName":"etm.portal.ui.manageclassifications.view.Create","viewId":"application-manageclassifications-display-component---classificationCreate","properties":{"title":"Yard assignment"},"searchOpenDialogs":true,"interaction":{"idSuffix":"titleText"}},"wdio_ui5_key":"etmportal.ui.manageclassifications.view.Createsap.m.StandardListItem{\"title\":\"Yard assignment\"}"}]}
RESULT: undefined
COMMAND: POST /session/558f637b9cb274befd50f388e951f207/element - {"using":"xpath","value":"//*[@id=\"__item309\"]"}
RESULT: {}
RESULT: {"using":"xpath","value":"//*[@id=\"__item309\"]"}
COMMAND: POST /session/558f637b9cb274befd50f388e951f207/element/f.2DD1EF63A9CC2E68EF0E7B65F7915F84.d.F6254AEA3681B7E8B5F2E1AD4BD9A5B9.e.1081/click - {}
RESULT: {}
COMMAND: POST /session/558f637b9cb274befd50f388e951f207/execute/async - {"script":"<script> [1562 bytes]","args":[{"selector":{"controlType":"sap.ui.core.Icon","viewName":"etm.portal.ui.manageclassifications.view.Create","viewId":"application-manageclassifications-display-component---classificationCreate","properties":{"src":{"regex":{"source":"add"}}}},"wdio_ui5_key":"etmportal.ui.manageclassifications.view.Createsap.ui.core.Icon{\"src\":{\"regex\":{\"source\":\"add\"}}}"}]}
COMMAND: GET /session/558f637b9cb274befd50f388e951f207/screenshot - {}
RESULT: {"script":"<script> [1562 bytes]","args":[{"selector":{"controlType":"sap.ui.core.Icon","viewName":"etm.portal.ui.manageclassifications.view.Create","viewId":"application-manageclassifications-display-component---classificationCreate","properties":{"src":{"regex":{"source":"add"}}}},"wdio_ui5_key":"etmportal.ui.manageclassifications.view.Createsap.ui.core.Icon{\"src\":{\"regex\":{\"source\":\"add\"}}}"}]}
RESULT: undefined
COMMAND: POST /session/558f637b9cb274befd50f388e951f207/element - {"using":"xpath","value":"//*[@id=\"__button82-img\"]"}
RESULT: {}
RESULT: {"using":"xpath","value":"//*[@id=\"__button82-img\"]"}
COMMAND: POST /session/558f637b9cb274befd50f388e951f207/element/f.2DD1EF63A9CC2E68EF0E7B65F7915F84.d.F6254AEA3681B7E8B5F2E1AD4BD9A5B9.e.1043/click - {}
RESULT: {}
COMMAND: POST /session/558f637b9cb274befd50f388e951f207/execute/async - {"script":"<script> [1562 bytes]","args":[{"selector":{"controlType":"sap.m.Input","viewName":"etm.portal.ui.manageclassifications.view.Create","viewId":"application-manageclassifications-display-component---classificationCreate","bindingPath":{"path":"/0","propertyPath":"PROPERTY","modelName":"newConfigModel"},"interaction":{"idSuffix":"inner"}},"wdio_ui5_key":"etmportal.ui.manageclassifications.view.Createsap.m.Input{\"path\":\"/0\",\"propertyPath\":\"PROPERTY\",\"modelName\":\"newConfigModel\"}"}]}
COMMAND: GET /session/558f637b9cb274befd50f388e951f207/screenshot - {}
RESULT: {"script":"<script> [1562 bytes]","args":[{"selector":{"controlType":"sap.m.Input","viewName":"etm.portal.ui.manageclassifications.view.Create","viewId":"application-manageclassifications-display-component---classificationCreate","bindingPath":{"path":"/0","propertyPath":"PROPERTY","modelName":"newConfigModel"},"interaction":{"idSuffix":"inner"}},"wdio_ui5_key":"etmportal.ui.manageclassifications.view.Createsap.m.Input{\"path\":\"/0\",\"propertyPath\":\"PROPERTY\",\"modelName\":\"newConfigModel\"}"}]}
RESULT: undefined
COMMAND: POST /session/558f637b9cb274befd50f388e951f207/execute/async - {"script":"<script> [776 bytes]","args":[{"enterText":"101","selector":{"controlType":"sap.m.Input","viewName":"etm.portal.ui.manageclassifications.view.Create","viewId":"application-manageclassifications-display-component---classificationCreate","bindingPath":{"path":"/0","propertyPath":"PROPERTY","modelName":"newConfigModel"},"interaction":{"idSuffix":"inner"}},"clearTextFirst":true,"interactionType":"ENTER_TEXT"}]}
RESULT: {}
RESULT: {"script":"<script> [776 bytes]","args":[{"enterText":"101","selector":{"controlType":"sap.m.Input","viewName":"etm.portal.ui.manageclassifications.view.Create","viewId":"application-manageclassifications-display-component---classificationCreate","bindingPath":{"path":"/0","propertyPath":"PROPERTY","modelName":"newConfigModel"},"interaction":{"idSuffix":"inner"}},"clearTextFirst":true,"interactionType":"ENTER_TEXT"}]}
COMMAND: POST /session/558f637b9cb274befd50f388e951f207/execute/async - {"script":"<script> [1562 bytes]","args":[{"selector":{"controlType":"sap.m.Input","viewName":"etm.portal.ui.manageclassifications.view.Create","viewId":"application-manageclassifications-display-component---classificationCreate","bindingPath":{"path":"/0","propertyPath":"DESCRIPTION","modelName":"newConfigModel"},"interaction":{"idSuffix":"inner"}},"wdio_ui5_key":"etmportal.ui.manageclassifications.view.Createsap.m.Input{\"path\":\"/0\",\"propertyPath\":\"DESCRIPTION\",\"modelName\":\"newConfigModel\"}"}]}
RESULT: {"script":"<script> [1562 bytes]","args":[{"selector":{"controlType":"sap.m.Input","viewName":"etm.portal.ui.manageclassifications.view.Create","viewId":"application-manageclassifications-display-component---classificationCreate","bindingPath":{"path":"/0","propertyPath":"DESCRIPTION","modelName":"newConfigModel"},"interaction":{"idSuffix":"inner"}},"wdio_ui5_key":"etmportal.ui.manageclassifications.view.Createsap.m.Input{\"path\":\"/0\",\"propertyPath\":\"DESCRIPTION\",\"modelName\":\"newConfigModel\"}"}]}
RESULT: undefined
COMMAND: POST /session/558f637b9cb274befd50f388e951f207/execute/async - {"script":"<script> [776 bytes]","args":[{"enterText":"yard1","selector":{"controlType":"sap.m.Input","viewName":"etm.portal.ui.manageclassifications.view.Create","viewId":"application-manageclassifications-display-component---classificationCreate","bindingPath":{"path":"/0","propertyPath":"DESCRIPTION","modelName":"newConfigModel"},"interaction":{"idSuffix":"inner"}},"clearTextFirst":true,"interactionType":"ENTER_TEXT"}]}
RESULT: {"script":"<script> [776 bytes]","args":[{"enterText":"yard1","selector":{"controlType":"sap.m.Input","viewName":"etm.portal.ui.manageclassifications.view.Create","viewId":"application-manageclassifications-display-component---classificationCreate","bindingPath":{"path":"/0","propertyPath":"DESCRIPTION","modelName":"newConfigModel"},"interaction":{"idSuffix":"inner"}},"clearTextFirst":true,"interactionType":"ENTER_TEXT"}]}
COMMAND: POST /session/558f637b9cb274befd50f388e951f207/execute/async - {"script":"<script> [1562 bytes]","args":[{"selector":{"controlType":"sap.ui.core.Icon","viewName":"etm.portal.ui.manageclassifications.view.Create","viewId":"application-manageclassifications-display-component---classificationCreate","properties":{"src":{"regex":{"source":"slim\\-arrow\\-down"}}},"ancestor":{"controlType":"sap.m.ComboBox","viewName":"etm.portal.ui.manageclassifications.view.Create","viewId":"application-manageclassifications-display-component---classificationCreate","bindingPath":{"path":"/0","propertyPath":"VALUE_TYPE","modelName":"newConfigModel"}}},"wdio_ui5_key":"etmportal.ui.manageclassifications.view.Createsap.ui.core.Icon{\"src\":{\"regex\":{\"source\":\"slim\\\\-arrow\\\\-down\"}}}{\"controlType\":\"sap.m.ComboBox\",\"viewName\":\"etm.portal.ui.manageclassifications.view.Create\",\"viewId\":\"application-manageclassifications-display-component---classificationCreate\",\"bindingPath\":{\"path\":\"/0\",\"propertyPath\":\"VALUE_TYPE\",\"modelName\":\"newConfigModel\"}}"}]}
RESULT: {"script":"<script> [1562 bytes]","args":[{"selector":{"controlType":"sap.ui.core.Icon","viewName":"etm.portal.ui.manageclassifications.view.Create","viewId":"application-manageclassifications-display-component---classificationCreate","properties":{"src":{"regex":{"source":"slim\\-arrow\\-down"}}},"ancestor":{"controlType":"sap.m.ComboBox","viewName":"etm.portal.ui.manageclassifications.view.Create","viewId":"application-manageclassifications-display-component---classificationCreate","bindingPath":{"path":"/0","propertyPath":"VALUE_TYPE","modelName":"newConfigModel"}}},"wdio_ui5_key":"etmportal.ui.manageclassifications.view.Createsap.ui.core.Icon{\"src\":{\"regex\":{\"source\":\"slim\\\\-arrow\\\\-down\"}}}{\"controlType\":\"sap.m.ComboBox\",\"viewName\":\"etm.portal.ui.manageclassifications.view.Create\",\"viewId\":\"application-manageclassifications-display-component---classificationCreate\",\"bindingPath\":{\"path\":\"/0\",\"propertyPath\":\"VALUE_TYPE\",\"modelName\":\"newConfigModel\"}}"}]}
RESULT: undefined
COMMAND: POST /session/558f637b9cb274befd50f388e951f207/element - {"using":"xpath","value":"//*[@id=\"__box49-application-manageclassifications-display-component---classificationCreate--configurationList-0-arrow\"]"}
RESULT: {"using":"xpath","value":"//*[@id=\"__box49-application-manageclassifications-display-component---classificationCreate--configurationList-0-arrow\"]"}
COMMAND: POST /session/558f637b9cb274befd50f388e951f207/element/f.2DD1EF63A9CC2E68EF0E7B65F7915F84.d.F6254AEA3681B7E8B5F2E1AD4BD9A5B9.e.1090/click - {}
RESULT: {}
COMMAND: POST /session/558f637b9cb274befd50f388e951f207/execute/async - {"script":"<script> [1562 bytes]","args":[{"selector":{"controlType":"sap.m.StandardListItem","viewName":"etm.portal.ui.manageclassifications.view.Create","viewId":"application-manageclassifications-display-component---classificationCreate","properties":{"title":"Boolean"},"searchOpenDialogs":true,"interaction":{"idSuffix":"content"}},"wdio_ui5_key":"etmportal.ui.manageclassifications.view.Createsap.m.StandardListItem{\"title\":\"Boolean\"}"}]}
COMMAND: GET /session/558f637b9cb274befd50f388e951f207/screenshot - {}
RESULT: {"script":"<script> [1562 bytes]","args":[{"selector":{"controlType":"sap.m.StandardListItem","viewName":"etm.portal.ui.manageclassifications.view.Create","viewId":"application-manageclassifications-display-component---classificationCreate","properties":{"title":"Boolean"},"searchOpenDialogs":true,"interaction":{"idSuffix":"content"}},"wdio_ui5_key":"etmportal.ui.manageclassifications.view.Createsap.m.StandardListItem{\"title\":\"Boolean\"}"}]}
RESULT: undefined
COMMAND: POST /session/558f637b9cb274befd50f388e951f207/element - {"using":"xpath","value":"//*[@id=\"__item312\"]"}
RESULT: {}
RESULT: {"using":"xpath","value":"//*[@id=\"__item312\"]"}
COMMAND: POST /session/558f637b9cb274befd50f388e951f207/element/f.2DD1EF63A9CC2E68EF0E7B65F7915F84.d.F6254AEA3681B7E8B5F2E1AD4BD9A5B9.e.1092/click - {}
RESULT: {}
COMMAND: POST /session/558f637b9cb274befd50f388e951f207/element - {"using":"xpath","value":"//input[contains(@id ,\"application-manageclassifications-display-component---classificationCreate--classHeaderName-inner\")]"}
COMMAND: GET /session/558f637b9cb274befd50f388e951f207/screenshot - {}
RESULT: {"using":"xpath","value":"//input[contains(@id ,\"application-manageclassifications-display-component---classificationCreate--classHeaderName-inner\")]"}
COMMAND: GET /session/558f637b9cb274befd50f388e951f207/element/f.2DD1EF63A9CC2E68EF0E7B65F7915F84.d.F6254AEA3681B7E8B5F2E1AD4BD9A5B9.e.948/property/value - {}
RESULT: {}
RESULT: {}
COMMAND: GET /session/558f637b9cb274befd50f388e951f207/screenshot - {}
RESULT: {}
COMMAND: POST /session/558f637b9cb274befd50f388e951f207/element - {"using":"xpath","value":"//button[@title=\"Save\"]"}
RESULT: {"using":"xpath","value":"//button[@title=\"Save\"]"}
COMMAND: POST /session/558f637b9cb274befd50f388e951f207/element/f.2DD1EF63A9CC2E68EF0E7B65F7915F84.d.F6254AEA3681B7E8B5F2E1AD4BD9A5B9.e.1051/click - {}
RESULT: {}
COMMAND: GET /session/558f637b9cb274befd50f388e951f207/screenshot - {}
RESULT: {}
COMMAND: POST /session/558f637b9cb274befd50f388e951f207/execute/async - {"script":"<script> [1562 bytes]","args":[{"selector":{"id":"application-manageclassifications-display-component---classificationMaster--smartFilterBar-btnBasicSearch","interaction":{"idSuffix":"I"}},"wdio_ui5_key":"applicationmanageclassifications-display-component---classificationMaster--smartFilterBar-btnBasicSearch"}]}
RESULT: {"script":"<script> [1562 bytes]","args":[{"selector":{"id":"application-manageclassifications-display-component---classificationMaster--smartFilterBar-btnBasicSearch","interaction":{"idSuffix":"I"}},"wdio_ui5_key":"applicationmanageclassifications-display-component---classificationMaster--smartFilterBar-btnBasicSearch"}]}
RESULT: undefined
COMMAND: POST /session/558f637b9cb274befd50f388e951f207/execute/async - {"script":"<script> [776 bytes]","args":[{"enterText":"WebdriverYardClasske7ua","selector":{"id":"application-manageclassifications-display-component---classificationMaster--smartFilterBar-btnBasicSearch","interaction":{"idSuffix":"I"}},"clearTextFirst":true,"interactionType":"ENTER_TEXT"}]}
RESULT: {"script":"<script> [776 bytes]","args":[{"enterText":"WebdriverYardClasske7ua","selector":{"id":"application-manageclassifications-display-component---classificationMaster--smartFilterBar-btnBasicSearch","interaction":{"idSuffix":"I"}},"clearTextFirst":true,"interactionType":"ENTER_TEXT"}]}
COMMAND: POST /session/558f637b9cb274befd50f388e951f207/actions - {"actions":[{"id":"action3","type":"key","parameters":{},"actions":[{"type":"keyDown","value":""},{"type":"pause","duration":10},{"type":"keyUp","value":""}]}]}
RESULT: {"actions":[{"id":"action3","type":"key","parameters":{},"actions":[{"type":"keyDown","value":""},{"type":"pause","duration":10},{"type":"keyUp","value":""}]}]}
COMMAND: POST /session/558f637b9cb274befd50f388e951f207/execute/async - {"script":"<script> [1562 bytes]","args":[{"selector":{"id":"application-manageclassifications-display-component---classificationMaster--smartTable-header"},"wdio_ui5_key":"applicationmanageclassifications-display-component---classificationMaster--smartTable-header"}]}
COMMAND: GET /session/558f637b9cb274befd50f388e951f207/screenshot - {}
RESULT: {"script":"<script> [1562 bytes]","args":[{"selector":{"id":"application-manageclassifications-display-component---classificationMaster--smartTable-header"},"wdio_ui5_key":"applicationmanageclassifications-display-component---classificationMaster--smartTable-header"}]}
RESULT: undefined
COMMAND: POST /session/558f637b9cb274befd50f388e951f207/execute/async - {"script":"<script> [6424 bytes]","args":[{"element-6066-11e4-a52e-4f735466cecf":"f.2DD1EF63A9CC2E68EF0E7B65F7915F84.d.F6254AEA3681B7E8B5F2E1AD4BD9A5B9.e.1276"},"getText",[]]}
RESULT: {}
RESULT: {"script":"<script> [6424 bytes]","args":[{"element-6066-11e4-a52e-4f735466cecf":"f.2DD1EF63A9CC2E68EF0E7B65F7915F84.d.F6254AEA3681B7E8B5F2E1AD4BD9A5B9.e.1276"},"getText",[]]}
COMMAND: POST /session/558f637b9cb274befd50f388e951f207/element - {"using":"css selector","value":"#shell-header-logo"}
RESULT: {"using":"css selector","value":"#shell-header-logo"}
COMMAND: POST /session/558f637b9cb274befd50f388e951f207/element/f.2DD1EF63A9CC2E68EF0E7B65F7915F84.d.F6254AEA3681B7E8B5F2E1AD4BD9A5B9.e.552/click - {}
RESULT: {}
COMMAND: GET /session/558f637b9cb274befd50f388e951f207/screenshot - {}
RESULT: {}
]]></system-out>
    </testcase>
    <testcase classname="chrome.136_0_7103_93.windows.Manage_catalogs_-_yard_assignment_classification_US138930" name="Should add the yard classification to a catalog item" time="137.112">
      <system-out><![CDATA[
RESULT: undefined
COMMAND: POST /session/558f637b9cb274befd50f388e951f207/element - {"using":"xpath","value":"//*[@id=\"__tile37\"]"}
RESULT: {"using":"xpath","value":"//*[@id=\"__tile37\"]"}
COMMAND: POST /session/558f637b9cb274befd50f388e951f207/element/f.2DD1EF63A9CC2E68EF0E7B65F7915F84.d.F6254AEA3681B7E8B5F2E1AD4BD9A5B9.e.110/click - {}
RESULT: {}
COMMAND: GET /session/558f637b9cb274befd50f388e951f207/screenshot - {}
RESULT: {}
COMMAND: POST /session/558f637b9cb274befd50f388e951f207/elements - {"using":"xpath","value":"//span[text()='Error']"}
RESULT: {"using":"xpath","value":"//span[text()='Error']"}
COMMAND: POST /session/558f637b9cb274befd50f388e951f207/refresh - {}
RESULT: {}
COMMAND: GET /session/558f637b9cb274befd50f388e951f207/screenshot - {}
RESULT: {}
COMMAND: POST /session/558f637b9cb274befd50f388e951f207/execute/async - {"script":"<script> [189 bytes]","args":[]}
RESULT: {"script":"<script> [189 bytes]","args":[]}
COMMAND: POST /session/558f637b9cb274befd50f388e951f207/execute/async - {"script":"<script> [123 bytes]","args":[]}
RESULT: {"script":"<script> [123 bytes]","args":[]}
COMMAND: POST /session/558f637b9cb274befd50f388e951f207/timeouts - {"script":"<number>"}
RESULT: {"script":"<number>"}
COMMAND: GET /session/558f637b9cb274befd50f388e951f207/timeouts - {}
RESULT: {}
RESULT: undefined
COMMAND: POST /session/558f637b9cb274befd50f388e951f207/execute/async - {"script":"<script> [2676 bytes]","args":[]}
RESULT: {"script":"<script> [2676 bytes]","args":[]}
COMMAND: POST /session/558f637b9cb274befd50f388e951f207/execute/async - {"script":"<script> [2342 bytes]","args":[{"protocol":"http","hostname":"0.0.0.0","path":"/","capabilities":{"browserName":"chrome","goog:chromeOptions":{"binary":"C:\\Program Files\\Google\\Chrome\\Application\\chrome.exe","args":["--start-maximized"]}},"logLevel":"warn","connectionRetryTimeout":120000,"connectionRetryCount":3,"logLevels":{},"enableDirectConnect":true,"strictSSL":true,"_":"65 more keys: [\"cacheDir\",\"port\",\"requestedCapabilities\",\"automationProtocol\",\"baseUrl\",\"waitforInterval\",\"waitforTimeout\",\"onReload\",\"beforeCommand\",\"afterCommand\",\"rootDir\",\"specs\",\"suites\",\"exclude\",\"groupLogsByTestSpec\",\"excludeDriverLogs\",\"bail\",\"framework\",\"reporters\",\"services\",\"maxInstances\",\"maxInstancesPerCapability\",\"injectGlobals\",\"filesToWatch\",\"execArgv\",\"runnerEnv\",\"runner\",\"shard\",\"specFileRetries\",\"specFileRetriesDelay\",\"specFileRetriesDeferred\",\"reporterSyncInterval\",\"reporterSyncTimeout\",\"cucumberFeaturesWithLineNumbers\",\"autoCompileOpts\",\"mochaOpts\",\"jasmineOpts\",\"cucumberOpts\",\"onPrepare\",\"onWorkerStart\",\"onWorkerEnd\",\"before\",\"beforeSession\",\"beforeSuite\",\"beforeHook\",\"beforeTest\",\"afterTest\",\"afterHook\",\"afterSuite\",\"afterSession\",\"after\",\"onComplete\",\"beforeAssertion\",\"afterAssertion\",\"beforeFeature\",\"beforeScenario\",\"beforeStep\",\"afterStep\",\"afterScenario\",\"afterFeature\",\"_\",\"suite\",\"$0\",\"ignoredWorkerServices\",\"wdi5\"]"}]}
RESULT: {"script":"<script> [2342 bytes]","args":[{"protocol":"http","hostname":"0.0.0.0","path":"/","capabilities":{"browserName":"chrome","goog:chromeOptions":{"binary":"C:\\Program Files\\Google\\Chrome\\Application\\chrome.exe","args":["--start-maximized"]}},"logLevel":"warn","connectionRetryTimeout":120000,"connectionRetryCount":3,"logLevels":{},"enableDirectConnect":true,"strictSSL":true,"_":"65 more keys: [\"cacheDir\",\"port\",\"requestedCapabilities\",\"automationProtocol\",\"baseUrl\",\"waitforInterval\",\"waitforTimeout\",\"onReload\",\"beforeCommand\",\"afterCommand\",\"rootDir\",\"specs\",\"suites\",\"exclude\",\"groupLogsByTestSpec\",\"excludeDriverLogs\",\"bail\",\"framework\",\"reporters\",\"services\",\"maxInstances\",\"maxInstancesPerCapability\",\"injectGlobals\",\"filesToWatch\",\"execArgv\",\"runnerEnv\",\"runner\",\"shard\",\"specFileRetries\",\"specFileRetriesDelay\",\"specFileRetriesDeferred\",\"reporterSyncInterval\",\"reporterSyncTimeout\",\"cucumberFeaturesWithLineNumbers\",\"autoCompileOpts\",\"mochaOpts\",\"jasmineOpts\",\"cucumberOpts\",\"onPrepare\",\"onWorkerStart\",\"onWorkerEnd\",\"before\",\"beforeSession\",\"beforeSuite\",\"beforeHook\",\"beforeTest\",\"afterTest\",\"afterHook\",\"afterSuite\",\"afterSession\",\"after\",\"onComplete\",\"beforeAssertion\",\"afterAssertion\",\"beforeFeature\",\"beforeScenario\",\"beforeStep\",\"afterStep\",\"afterScenario\",\"afterFeature\",\"_\",\"suite\",\"$0\",\"ignoredWorkerServices\",\"wdi5\"]"}]}
COMMAND: POST /session/558f637b9cb274befd50f388e951f207/execute/async - {"script":"<script> [21126 bytes]","args":[35000]}
RESULT: {"script":"<script> [21126 bytes]","args":[35000]}
COMMAND: POST /session/558f637b9cb274befd50f388e951f207/element - {"using":"xpath","value":"//span[contains(text(), \"Webshop Catalog\")][contains(@id ,\"masterCatalogs\")]"}
RESULT: {"using":"xpath","value":"//span[contains(text(), \"Webshop Catalog\")][contains(@id ,\"masterCatalogs\")]"}
COMMAND: POST /session/558f637b9cb274befd50f388e951f207/element/f.2DD1EF63A9CC2E68EF0E7B65F7915F84.d.A700406B74FE9C4F9D30A7568FFEBCD0.e.1379/click - {}
RESULT: {}
COMMAND: GET /session/558f637b9cb274befd50f388e951f207/screenshot - {}
RESULT: {}
COMMAND: POST /session/558f637b9cb274befd50f388e951f207/element - {"using":"xpath","value":"//input[contains(@id ,\"application-managecatalogs-display-component---masterCatalogItems--searchItemsField-I\")]"}
RESULT: {"using":"xpath","value":"//input[contains(@id ,\"application-managecatalogs-display-component---masterCatalogItems--searchItemsField-I\")]"}
COMMAND: POST /session/558f637b9cb274befd50f388e951f207/element/f.2DD1EF63A9CC2E68EF0E7B65F7915F84.d.A700406B74FE9C4F9D30A7568FFEBCD0.e.1388/value - {"text":"SecondSection0h8td"}
RESULT: {"text":"SecondSection0h8td"}
COMMAND: POST /session/558f637b9cb274befd50f388e951f207/actions - {"actions":[{"id":"action4","type":"key","parameters":{},"actions":[{"type":"keyDown","value":""},{"type":"pause","duration":10},{"type":"keyUp","value":""}]}]}
COMMAND: GET /session/558f637b9cb274befd50f388e951f207/screenshot - {}
RESULT: {"actions":[{"id":"action4","type":"key","parameters":{},"actions":[{"type":"keyDown","value":""},{"type":"pause","duration":10},{"type":"keyUp","value":""}]}]}
COMMAND: GET /session/558f637b9cb274befd50f388e951f207/screenshot - {}
RESULT: {}
RESULT: {}
COMMAND: POST /session/558f637b9cb274befd50f388e951f207/element - {"using":"xpath","value":"(//span[contains(text(), \"SecondSection0h8td\")])[1]"}
RESULT: {"using":"xpath","value":"(//span[contains(text(), \"SecondSection0h8td\")])[1]"}
COMMAND: POST /session/558f637b9cb274befd50f388e951f207/element/f.2DD1EF63A9CC2E68EF0E7B65F7915F84.d.A700406B74FE9C4F9D30A7568FFEBCD0.e.1416/click - {}
RESULT: {}
COMMAND: POST /session/558f637b9cb274befd50f388e951f207/execute/async - {"script":"<script> [1562 bytes]","args":[{"selector":{"controlType":"sap.m.Button","viewName":"etm.portal.ui.managecatalogs.view.Detail","viewId":"application-managecatalogs-display-component---detailCatalog","i18NText":{"propertyName":"text","key":"edit"},"interaction":{"idSuffix":"BDI-content"}},"wdio_ui5_key":"etmportal.ui.managecatalogs.view.Detailsap.m.Button{\"propertyName\":\"text\",\"key\":\"edit\"}"}]}
COMMAND: GET /session/558f637b9cb274befd50f388e951f207/screenshot - {}
RESULT: {"script":"<script> [1562 bytes]","args":[{"selector":{"controlType":"sap.m.Button","viewName":"etm.portal.ui.managecatalogs.view.Detail","viewId":"application-managecatalogs-display-component---detailCatalog","i18NText":{"propertyName":"text","key":"edit"},"interaction":{"idSuffix":"BDI-content"}},"wdio_ui5_key":"etmportal.ui.managecatalogs.view.Detailsap.m.Button{\"propertyName\":\"text\",\"key\":\"edit\"}"}]}
RESULT: undefined
COMMAND: POST /session/558f637b9cb274befd50f388e951f207/element - {"using":"xpath","value":"//*[@id=\"__button33\"]"}
RESULT: {}
RESULT: {"using":"xpath","value":"//*[@id=\"__button33\"]"}
COMMAND: POST /session/558f637b9cb274befd50f388e951f207/element/f.2DD1EF63A9CC2E68EF0E7B65F7915F84.d.A700406B74FE9C4F9D30A7568FFEBCD0.e.1484/click - {}
RESULT: {}
COMMAND: POST /session/558f637b9cb274befd50f388e951f207/execute/async - {"script":"<script> [1562 bytes]","args":[{"selector":{"controlType":"sap.ui.core.Icon","viewName":"etm.portal.ui.managecatalogs.view.Detail","viewId":"application-managecatalogs-display-component---detailCatalog","properties":{"src":{"regex":{"source":"add\\-document"}}}},"wdio_ui5_key":"etmportal.ui.managecatalogs.view.Detailsap.ui.core.Icon{\"src\":{\"regex\":{\"source\":\"add\\\\-document\"}}}"}]}
COMMAND: GET /session/558f637b9cb274befd50f388e951f207/screenshot - {}
RESULT: {"script":"<script> [1562 bytes]","args":[{"selector":{"controlType":"sap.ui.core.Icon","viewName":"etm.portal.ui.managecatalogs.view.Detail","viewId":"application-managecatalogs-display-component---detailCatalog","properties":{"src":{"regex":{"source":"add\\-document"}}}},"wdio_ui5_key":"etmportal.ui.managecatalogs.view.Detailsap.ui.core.Icon{\"src\":{\"regex\":{\"source\":\"add\\\\-document\"}}}"}]}
RESULT: undefined
COMMAND: POST /session/558f637b9cb274befd50f388e951f207/element - {"using":"xpath","value":"//*[@id=\"__button42-img\"]"}
RESULT: {}
RESULT: {"using":"xpath","value":"//*[@id=\"__button42-img\"]"}
COMMAND: POST /session/558f637b9cb274befd50f388e951f207/element/f.2DD1EF63A9CC2E68EF0E7B65F7915F84.d.A700406B74FE9C4F9D30A7568FFEBCD0.e.1490/click - {}
RESULT: {}
COMMAND: POST /session/558f637b9cb274befd50f388e951f207/execute/async - {"script":"<script> [1562 bytes]","args":[{"selector":{"id":"application-managecatalogs-display-component---detailCatalog--newItemNumberInput","searchOpenDialogs":true,"interaction":{"idSuffix":"inner"}},"wdio_ui5_key":"applicationmanagecatalogs-display-component---detailCatalog--newItemNumberInput"}]}
COMMAND: GET /session/558f637b9cb274befd50f388e951f207/screenshot - {}
RESULT: {"script":"<script> [1562 bytes]","args":[{"selector":{"id":"application-managecatalogs-display-component---detailCatalog--newItemNumberInput","searchOpenDialogs":true,"interaction":{"idSuffix":"inner"}},"wdio_ui5_key":"applicationmanagecatalogs-display-component---detailCatalog--newItemNumberInput"}]}
RESULT: undefined
COMMAND: POST /session/558f637b9cb274befd50f388e951f207/execute/async - {"script":"<script> [776 bytes]","args":[{"enterText":"catalogItemnurg4","selector":{"id":"application-managecatalogs-display-component---detailCatalog--newItemNumberInput","searchOpenDialogs":true,"interaction":{"idSuffix":"inner"}},"clearTextFirst":true,"interactionType":"ENTER_TEXT"}]}
RESULT: {}
RESULT: {"script":"<script> [776 bytes]","args":[{"enterText":"catalogItemnurg4","selector":{"id":"application-managecatalogs-display-component---detailCatalog--newItemNumberInput","searchOpenDialogs":true,"interaction":{"idSuffix":"inner"}},"clearTextFirst":true,"interactionType":"ENTER_TEXT"}]}
COMMAND: POST /session/558f637b9cb274befd50f388e951f207/execute/async - {"script":"<script> [1562 bytes]","args":[{"selector":{"controlType":"sap.m.Input","viewName":"etm.portal.ui.managecatalogs.view.Detail","viewId":"application-managecatalogs-display-component---detailCatalog","bindingPath":{"path":"","propertyPath":"/DESCRIPTION"},"searchOpenDialogs":true,"interaction":{"idSuffix":"inner"}},"wdio_ui5_key":"etmportal.ui.managecatalogs.view.Detailsap.m.Input{\"path\":\"\",\"propertyPath\":\"/DESCRIPTION\"}"}]}
RESULT: {"script":"<script> [1562 bytes]","args":[{"selector":{"controlType":"sap.m.Input","viewName":"etm.portal.ui.managecatalogs.view.Detail","viewId":"application-managecatalogs-display-component---detailCatalog","bindingPath":{"path":"","propertyPath":"/DESCRIPTION"},"searchOpenDialogs":true,"interaction":{"idSuffix":"inner"}},"wdio_ui5_key":"etmportal.ui.managecatalogs.view.Detailsap.m.Input{\"path\":\"\",\"propertyPath\":\"/DESCRIPTION\"}"}]}
RESULT: undefined
COMMAND: POST /session/558f637b9cb274befd50f388e951f207/execute/async - {"script":"<script> [776 bytes]","args":[{"enterText":"catalogItemNamec3o1ej","selector":{"controlType":"sap.m.Input","viewName":"etm.portal.ui.managecatalogs.view.Detail","viewId":"application-managecatalogs-display-component---detailCatalog","bindingPath":{"path":"","propertyPath":"/DESCRIPTION"},"searchOpenDialogs":true,"interaction":{"idSuffix":"inner"}},"clearTextFirst":true,"interactionType":"ENTER_TEXT"}]}
RESULT: {"script":"<script> [776 bytes]","args":[{"enterText":"catalogItemNamec3o1ej","selector":{"controlType":"sap.m.Input","viewName":"etm.portal.ui.managecatalogs.view.Detail","viewId":"application-managecatalogs-display-component---detailCatalog","bindingPath":{"path":"","propertyPath":"/DESCRIPTION"},"searchOpenDialogs":true,"interaction":{"idSuffix":"inner"}},"clearTextFirst":true,"interactionType":"ENTER_TEXT"}]}
COMMAND: POST /session/558f637b9cb274befd50f388e951f207/execute/async - {"script":"<script> [1562 bytes]","args":[{"selector":{"controlType":"sap.m.Button","viewName":"etm.portal.ui.managecatalogs.view.Detail","viewId":"application-managecatalogs-display-component---detailCatalog","i18NText":{"propertyName":"text","key":"create"},"searchOpenDialogs":true,"interaction":{"idSuffix":"BDI-content"}},"wdio_ui5_key":"etmportal.ui.managecatalogs.view.Detailsap.m.Button{\"propertyName\":\"text\",\"key\":\"create\"}"}]}
RESULT: {"script":"<script> [1562 bytes]","args":[{"selector":{"controlType":"sap.m.Button","viewName":"etm.portal.ui.managecatalogs.view.Detail","viewId":"application-managecatalogs-display-component---detailCatalog","i18NText":{"propertyName":"text","key":"create"},"searchOpenDialogs":true,"interaction":{"idSuffix":"BDI-content"}},"wdio_ui5_key":"etmportal.ui.managecatalogs.view.Detailsap.m.Button{\"propertyName\":\"text\",\"key\":\"create\"}"}]}
RESULT: undefined
COMMAND: POST /session/558f637b9cb274befd50f388e951f207/element - {"using":"xpath","value":"//*[@id=\"__button17\"]"}
RESULT: {"using":"xpath","value":"//*[@id=\"__button17\"]"}
COMMAND: POST /session/558f637b9cb274befd50f388e951f207/element/f.2DD1EF63A9CC2E68EF0E7B65F7915F84.d.A700406B74FE9C4F9D30A7568FFEBCD0.e.1500/click - {}
RESULT: {}
COMMAND: GET /session/558f637b9cb274befd50f388e951f207/screenshot - {}
RESULT: {}
COMMAND: POST /session/558f637b9cb274befd50f388e951f207/element - {"using":"xpath","value":"//button[@title=\"Save\"]"}
RESULT: {"using":"xpath","value":"//button[@title=\"Save\"]"}
COMMAND: POST /session/558f637b9cb274befd50f388e951f207/element/f.2DD1EF63A9CC2E68EF0E7B65F7915F84.d.A700406B74FE9C4F9D30A7568FFEBCD0.e.1501/click - {}
RESULT: {}
COMMAND: GET /session/558f637b9cb274befd50f388e951f207/screenshot - {}
RESULT: {}
COMMAND: POST /session/558f637b9cb274befd50f388e951f207/execute/async - {"script":"<script> [1562 bytes]","args":[{"selector":{"controlType":"sap.ui.core.Icon","viewName":"etm.portal.ui.managecatalogs.view.Detail","viewId":"application-managecatalogs-display-component---detailCatalog","properties":{"src":{"regex":{"source":"decline"}}}},"wdio_ui5_key":"etmportal.ui.managecatalogs.view.Detailsap.ui.core.Icon{\"src\":{\"regex\":{\"source\":\"decline\"}}}"}]}
RESULT: {"script":"<script> [1562 bytes]","args":[{"selector":{"controlType":"sap.ui.core.Icon","viewName":"etm.portal.ui.managecatalogs.view.Detail","viewId":"application-managecatalogs-display-component---detailCatalog","properties":{"src":{"regex":{"source":"decline"}}}},"wdio_ui5_key":"etmportal.ui.managecatalogs.view.Detailsap.ui.core.Icon{\"src\":{\"regex\":{\"source\":\"decline\"}}}"}]}
RESULT: undefined
COMMAND: POST /session/558f637b9cb274befd50f388e951f207/element - {"using":"xpath","value":"//*[@id=\"__button36-img\"]"}
RESULT: {"using":"xpath","value":"//*[@id=\"__button36-img\"]"}
COMMAND: POST /session/558f637b9cb274befd50f388e951f207/element/f.2DD1EF63A9CC2E68EF0E7B65F7915F84.d.A700406B74FE9C4F9D30A7568FFEBCD0.e.1507/click - {}
RESULT: {}
COMMAND: GET /session/558f637b9cb274befd50f388e951f207/screenshot - {}
RESULT: {}
COMMAND: POST /session/558f637b9cb274befd50f388e951f207/execute/async - {"script":"<script> [1562 bytes]","args":[{"selector":{"controlType":"sap.ui.core.Icon","viewName":"etm.portal.ui.managecatalogs.view.MasterItems","viewId":"application-managecatalogs-display-component---masterCatalogItems","properties":{"src":{"regex":{"source":"refresh"}}}},"wdio_ui5_key":"etmportal.ui.managecatalogs.view.MasterItemssap.ui.core.Icon{\"src\":{\"regex\":{\"source\":\"refresh\"}}}"}]}
RESULT: {"script":"<script> [1562 bytes]","args":[{"selector":{"controlType":"sap.ui.core.Icon","viewName":"etm.portal.ui.managecatalogs.view.MasterItems","viewId":"application-managecatalogs-display-component---masterCatalogItems","properties":{"src":{"regex":{"source":"refresh"}}}},"wdio_ui5_key":"etmportal.ui.managecatalogs.view.MasterItemssap.ui.core.Icon{\"src\":{\"regex\":{\"source\":\"refresh\"}}}"}]}
RESULT: undefined
COMMAND: POST /session/558f637b9cb274befd50f388e951f207/element - {"using":"xpath","value":"//*[@id=\"__button9-img\"]"}
RESULT: {"using":"xpath","value":"//*[@id=\"__button9-img\"]"}
COMMAND: POST /session/558f637b9cb274befd50f388e951f207/element/f.2DD1EF63A9CC2E68EF0E7B65F7915F84.d.A700406B74FE9C4F9D30A7568FFEBCD0.e.1542/click - {}
RESULT: {}
COMMAND: GET /session/558f637b9cb274befd50f388e951f207/screenshot - {}
RESULT: {}
COMMAND: POST /session/558f637b9cb274befd50f388e951f207/execute/async - {"script":"<script> [1562 bytes]","args":[{"selector":{"id":"application-managecatalogs-display-component---masterCatalogItems--searchItemsField","interaction":{"idSuffix":"I"}},"wdio_ui5_key":"applicationmanagecatalogs-display-component---masterCatalogItems--searchItemsField"}]}
RESULT: {"script":"<script> [1562 bytes]","args":[{"selector":{"id":"application-managecatalogs-display-component---masterCatalogItems--searchItemsField","interaction":{"idSuffix":"I"}},"wdio_ui5_key":"applicationmanagecatalogs-display-component---masterCatalogItems--searchItemsField"}]}
RESULT: undefined
COMMAND: POST /session/558f637b9cb274befd50f388e951f207/execute/async - {"script":"<script> [776 bytes]","args":[{"enterText":"catalogItemNamec3o1ej","selector":{"id":"application-managecatalogs-display-component---masterCatalogItems--searchItemsField","interaction":{"idSuffix":"I"}},"clearTextFirst":true,"interactionType":"ENTER_TEXT"}]}
RESULT: {"script":"<script> [776 bytes]","args":[{"enterText":"catalogItemNamec3o1ej","selector":{"id":"application-managecatalogs-display-component---masterCatalogItems--searchItemsField","interaction":{"idSuffix":"I"}},"clearTextFirst":true,"interactionType":"ENTER_TEXT"}]}
COMMAND: POST /session/558f637b9cb274befd50f388e951f207/actions - {"actions":[{"id":"action5","type":"key","parameters":{},"actions":[{"type":"keyDown","value":""},{"type":"pause","duration":10},{"type":"keyUp","value":""}]}]}
RESULT: {"actions":[{"id":"action5","type":"key","parameters":{},"actions":[{"type":"keyDown","value":""},{"type":"pause","duration":10},{"type":"keyUp","value":""}]}]}
COMMAND: POST /session/558f637b9cb274befd50f388e951f207/element - {"using":"xpath","value":"(//span[contains(text(), \"catalogItemNamec3o1ej\")])[1]"}
COMMAND: GET /session/558f637b9cb274befd50f388e951f207/screenshot - {}
RESULT: {"using":"xpath","value":"(//span[contains(text(), \"catalogItemNamec3o1ej\")])[1]"}
COMMAND: POST /session/558f637b9cb274befd50f388e951f207/element/f.2DD1EF63A9CC2E68EF0E7B65F7915F84.d.A700406B74FE9C4F9D30A7568FFEBCD0.e.1549/click - {}
RESULT: {}
RESULT: {}
COMMAND: GET /session/558f637b9cb274befd50f388e951f207/screenshot - {}
RESULT: {}
COMMAND: POST /session/558f637b9cb274befd50f388e951f207/element - {"using":"xpath","value":"//span[contains(text(), \"catalogItemnurg4\")]"}
RESULT: {"using":"xpath","value":"//span[contains(text(), \"catalogItemnurg4\")]"}
COMMAND: GET /session/558f637b9cb274befd50f388e951f207/element/f.2DD1EF63A9CC2E68EF0E7B65F7915F84.d.A700406B74FE9C4F9D30A7568FFEBCD0.e.1603/text - {}
RESULT: {}
RESULT: undefined
COMMAND: POST /session/558f637b9cb274befd50f388e951f207/element - {"using":"xpath","value":"//*[@id=\"__button33\"]"}
RESULT: {"using":"xpath","value":"//*[@id=\"__button33\"]"}
COMMAND: POST /session/558f637b9cb274befd50f388e951f207/element/f.2DD1EF63A9CC2E68EF0E7B65F7915F84.d.A700406B74FE9C4F9D30A7568FFEBCD0.e.1611/click - {}
RESULT: {}
COMMAND: GET /session/558f637b9cb274befd50f388e951f207/screenshot - {}
RESULT: {}
COMMAND: POST /session/558f637b9cb274befd50f388e951f207/execute/async - {"script":"<script> [1562 bytes]","args":[{"selector":{"id":"application-managecatalogs-display-component---detailCatalog--BASE_UNIT_OF_MEASURE-arrow"},"wdio_ui5_key":"applicationmanagecatalogs-display-component---detailCatalog--BASE_UNIT_OF_MEASURE-arrow"}]}
RESULT: {"script":"<script> [1562 bytes]","args":[{"selector":{"id":"application-managecatalogs-display-component---detailCatalog--BASE_UNIT_OF_MEASURE-arrow"},"wdio_ui5_key":"applicationmanagecatalogs-display-component---detailCatalog--BASE_UNIT_OF_MEASURE-arrow"}]}
RESULT: undefined
COMMAND: POST /session/558f637b9cb274befd50f388e951f207/element - {"using":"xpath","value":"//*[@id=\"application-managecatalogs-display-component---detailCatalog--BASE_UNIT_OF_MEASURE-arrow\"]"}
RESULT: {"using":"xpath","value":"//*[@id=\"application-managecatalogs-display-component---detailCatalog--BASE_UNIT_OF_MEASURE-arrow\"]"}
COMMAND: POST /session/558f637b9cb274befd50f388e951f207/element/f.2DD1EF63A9CC2E68EF0E7B65F7915F84.d.A700406B74FE9C4F9D30A7568FFEBCD0.e.1641/click - {}
RESULT: {}
COMMAND: GET /session/558f637b9cb274befd50f388e951f207/screenshot - {}
RESULT: {}
COMMAND: POST /session/558f637b9cb274befd50f388e951f207/execute/async - {"script":"<script> [1562 bytes]","args":[{"selector":{"controlType":"sap.m.StandardListItem","viewName":"etm.portal.ui.managecatalogs.view.Detail","viewId":"application-managecatalogs-display-component---detailCatalog","properties":{"title":"Piece"},"searchOpenDialogs":true,"interaction":{"idSuffix":"titleText"}},"wdio_ui5_key":"etmportal.ui.managecatalogs.view.Detailsap.m.StandardListItem{\"title\":\"Piece\"}"}]}
RESULT: {"script":"<script> [1562 bytes]","args":[{"selector":{"controlType":"sap.m.StandardListItem","viewName":"etm.portal.ui.managecatalogs.view.Detail","viewId":"application-managecatalogs-display-component---detailCatalog","properties":{"title":"Piece"},"searchOpenDialogs":true,"interaction":{"idSuffix":"titleText"}},"wdio_ui5_key":"etmportal.ui.managecatalogs.view.Detailsap.m.StandardListItem{\"title\":\"Piece\"}"}]}
RESULT: undefined
COMMAND: POST /session/558f637b9cb274befd50f388e951f207/element - {"using":"xpath","value":"//*[@id=\"__item231\"]"}
RESULT: {"using":"xpath","value":"//*[@id=\"__item231\"]"}
COMMAND: POST /session/558f637b9cb274befd50f388e951f207/element/f.2DD1EF63A9CC2E68EF0E7B65F7915F84.d.A700406B74FE9C4F9D30A7568FFEBCD0.e.1645/click - {}
RESULT: {}
COMMAND: POST /session/558f637b9cb274befd50f388e951f207/execute/async - {"script":"<script> [1562 bytes]","args":[{"selector":{"controlType":"sap.ui.core.Icon","viewName":"etm.portal.ui.managecatalogs.view.Detail","viewId":"application-managecatalogs-display-component---detailCatalog","properties":{"src":{"regex":{"source":"add"}}},"ancestor":{"controlType":"sap.m.Button","viewName":"etm.portal.ui.managecatalogs.view.Detail","viewId":"application-managecatalogs-display-component---detailCatalog","i18NText":{"propertyName":"tooltip","key":"addClass"}}},"wdio_ui5_key":"etmportal.ui.managecatalogs.view.Detailsap.ui.core.Icon{\"src\":{\"regex\":{\"source\":\"add\"}}}{\"controlType\":\"sap.m.Button\",\"viewName\":\"etm.portal.ui.managecatalogs.view.Detail\",\"viewId\":\"application-managecatalogs-display-component---detailCatalog\",\"i18NText\":{\"propertyName\":\"tooltip\",\"key\":\"addClass\"}}"}]}
COMMAND: GET /session/558f637b9cb274befd50f388e951f207/screenshot - {}
RESULT: {"script":"<script> [1562 bytes]","args":[{"selector":{"controlType":"sap.ui.core.Icon","viewName":"etm.portal.ui.managecatalogs.view.Detail","viewId":"application-managecatalogs-display-component---detailCatalog","properties":{"src":{"regex":{"source":"add"}}},"ancestor":{"controlType":"sap.m.Button","viewName":"etm.portal.ui.managecatalogs.view.Detail","viewId":"application-managecatalogs-display-component---detailCatalog","i18NText":{"propertyName":"tooltip","key":"addClass"}}},"wdio_ui5_key":"etmportal.ui.managecatalogs.view.Detailsap.ui.core.Icon{\"src\":{\"regex\":{\"source\":\"add\"}}}{\"controlType\":\"sap.m.Button\",\"viewName\":\"etm.portal.ui.managecatalogs.view.Detail\",\"viewId\":\"application-managecatalogs-display-component---detailCatalog\",\"i18NText\":{\"propertyName\":\"tooltip\",\"key\":\"addClass\"}}"}]}
RESULT: undefined
COMMAND: POST /session/558f637b9cb274befd50f388e951f207/element - {"using":"xpath","value":"//*[@id=\"__button39-img\"]"}
RESULT: {}
RESULT: {"using":"xpath","value":"//*[@id=\"__button39-img\"]"}
COMMAND: POST /session/558f637b9cb274befd50f388e951f207/element/f.2DD1EF63A9CC2E68EF0E7B65F7915F84.d.A700406B74FE9C4F9D30A7568FFEBCD0.e.1646/click - {}
RESULT: {}
COMMAND: GET /session/558f637b9cb274befd50f388e951f207/screenshot - {}
RESULT: {}
COMMAND: POST /session/558f637b9cb274befd50f388e951f207/element - {"using":"xpath","value":"//input[contains(@id ,\"searchField-I\")]"}
RESULT: {"using":"xpath","value":"//input[contains(@id ,\"searchField-I\")]"}
COMMAND: POST /session/558f637b9cb274befd50f388e951f207/element/f.2DD1EF63A9CC2E68EF0E7B65F7915F84.d.A700406B74FE9C4F9D30A7568FFEBCD0.e.1652/value - {"text":"WebdriverYardClasske7ua"}
RESULT: {"text":"WebdriverYardClasske7ua"}
COMMAND: POST /session/558f637b9cb274befd50f388e951f207/actions - {"actions":[{"id":"action6","type":"key","parameters":{},"actions":[{"type":"keyDown","value":""},{"type":"pause","duration":10},{"type":"keyUp","value":""}]}]}
COMMAND: GET /session/558f637b9cb274befd50f388e951f207/screenshot - {}
RESULT: {"actions":[{"id":"action6","type":"key","parameters":{},"actions":[{"type":"keyDown","value":""},{"type":"pause","duration":10},{"type":"keyUp","value":""}]}]}
COMMAND: GET /session/558f637b9cb274befd50f388e951f207/screenshot - {}
RESULT: {}
RESULT: {}
COMMAND: POST /session/558f637b9cb274befd50f388e951f207/element - {"using":"xpath","value":"//span[contains(text(), \"WebdriverYardClasske7ua\")]"}
RESULT: {"using":"xpath","value":"//span[contains(text(), \"WebdriverYardClasske7ua\")]"}
COMMAND: POST /session/558f637b9cb274befd50f388e951f207/element/f.2DD1EF63A9CC2E68EF0E7B65F7915F84.d.A700406B74FE9C4F9D30A7568FFEBCD0.e.1668/click - {}
RESULT: {}
COMMAND: GET /session/558f637b9cb274befd50f388e951f207/screenshot - {}
RESULT: {}
COMMAND: POST /session/558f637b9cb274befd50f388e951f207/execute/async - {"script":"<script> [1562 bytes]","args":[{"selector":{"controlType":"sap.m.Button","viewName":"etm.portal.ui.managecatalogs.view.Detail","viewId":"application-managecatalogs-display-component---detailCatalog","properties":{"text":"Classification"},"interaction":{"idSuffix":"BDI-content"}},"wdio_ui5_key":"etmportal.ui.managecatalogs.view.Detailsap.m.Button{\"text\":\"Classification\"}"}]}
RESULT: {"script":"<script> [1562 bytes]","args":[{"selector":{"controlType":"sap.m.Button","viewName":"etm.portal.ui.managecatalogs.view.Detail","viewId":"application-managecatalogs-display-component---detailCatalog","properties":{"text":"Classification"},"interaction":{"idSuffix":"BDI-content"}},"wdio_ui5_key":"etmportal.ui.managecatalogs.view.Detailsap.m.Button{\"text\":\"Classification\"}"}]}
RESULT: undefined
COMMAND: POST /session/558f637b9cb274befd50f388e951f207/element - {"using":"xpath","value":"//*[@id=\"application-managecatalogs-display-component---detailCatalog--ObjectPageLayout-anchBar-__section3-anchor\"]"}
RESULT: {"using":"xpath","value":"//*[@id=\"application-managecatalogs-display-component---detailCatalog--ObjectPageLayout-anchBar-__section3-anchor\"]"}
COMMAND: POST /session/558f637b9cb274befd50f388e951f207/element/f.2DD1EF63A9CC2E68EF0E7B65F7915F84.d.A700406B74FE9C4F9D30A7568FFEBCD0.e.1673/click - {}
RESULT: {}
COMMAND: GET /session/558f637b9cb274befd50f388e951f207/screenshot - {}
RESULT: {}
COMMAND: POST /session/558f637b9cb274befd50f388e951f207/element - {"using":"xpath","value":"//span[contains(@id ,\"expandButton-img\")]"}
RESULT: {"using":"xpath","value":"//span[contains(@id ,\"expandButton-img\")]"}
COMMAND: POST /session/558f637b9cb274befd50f388e951f207/element/f.2DD1EF63A9CC2E68EF0E7B65F7915F84.d.A700406B74FE9C4F9D30A7568FFEBCD0.e.1679/click - {}
RESULT: {}
COMMAND: POST /session/558f637b9cb274befd50f388e951f207/execute/async - {"script":"<script> [1562 bytes]","args":[{"selector":{"controlType":"sap.m.CheckBox","viewName":"etm.portal.ui.managecatalogs.view.Detail","viewId":"application-managecatalogs-display-component---detailCatalog","bindingPath":{"path":"/data/0/PROPERTIES/0","propertyPath":"SELECTED","modelName":"classModel"},"interaction":{"idSuffix":"CbBg"}},"wdio_ui5_key":"etmportal.ui.managecatalogs.view.Detailsap.m.CheckBox{\"path\":\"/data/0/PROPERTIES/0\",\"propertyPath\":\"SELECTED\",\"modelName\":\"classModel\"}"}]}
COMMAND: GET /session/558f637b9cb274befd50f388e951f207/screenshot - {}
RESULT: {"script":"<script> [1562 bytes]","args":[{"selector":{"controlType":"sap.m.CheckBox","viewName":"etm.portal.ui.managecatalogs.view.Detail","viewId":"application-managecatalogs-display-component---detailCatalog","bindingPath":{"path":"/data/0/PROPERTIES/0","propertyPath":"SELECTED","modelName":"classModel"},"interaction":{"idSuffix":"CbBg"}},"wdio_ui5_key":"etmportal.ui.managecatalogs.view.Detailsap.m.CheckBox{\"path\":\"/data/0/PROPERTIES/0\",\"propertyPath\":\"SELECTED\",\"modelName\":\"classModel\"}"}]}
RESULT: undefined
COMMAND: POST /session/558f637b9cb274befd50f388e951f207/element - {"using":"xpath","value":"//*[@id=\"__box32\"]"}
RESULT: {}
RESULT: {"using":"xpath","value":"//*[@id=\"__box32\"]"}
COMMAND: POST /session/558f637b9cb274befd50f388e951f207/element/f.2DD1EF63A9CC2E68EF0E7B65F7915F84.d.A700406B74FE9C4F9D30A7568FFEBCD0.e.1695/click - {}
RESULT: {}
RESULT: undefined
COMMAND: POST /session/558f637b9cb274befd50f388e951f207/execute/async - {"script":"<script> [6424 bytes]","args":[{"element-6066-11e4-a52e-4f735466cecf":"f.2DD1EF63A9CC2E68EF0E7B65F7915F84.d.A700406B74FE9C4F9D30A7568FFEBCD0.e.1693"},"getSelected",[]]}
COMMAND: GET /session/558f637b9cb274befd50f388e951f207/screenshot - {}
RESULT: {"script":"<script> [6424 bytes]","args":[{"element-6066-11e4-a52e-4f735466cecf":"f.2DD1EF63A9CC2E68EF0E7B65F7915F84.d.A700406B74FE9C4F9D30A7568FFEBCD0.e.1693"},"getSelected",[]]}
COMMAND: POST /session/558f637b9cb274befd50f388e951f207/execute/async - {"script":"<script> [1562 bytes]","args":[{"selector":{"controlType":"sap.m.Button","viewName":"etm.portal.ui.managecatalogs.view.Detail","viewId":"application-managecatalogs-display-component---detailCatalog","i18NText":{"propertyName":"text","key":"save"},"interaction":{"idSuffix":"BDI-content"}},"wdio_ui5_key":"etmportal.ui.managecatalogs.view.Detailsap.m.Button{\"propertyName\":\"text\",\"key\":\"save\"}"}]}
RESULT: {}
RESULT: {"script":"<script> [1562 bytes]","args":[{"selector":{"controlType":"sap.m.Button","viewName":"etm.portal.ui.managecatalogs.view.Detail","viewId":"application-managecatalogs-display-component---detailCatalog","i18NText":{"propertyName":"text","key":"save"},"interaction":{"idSuffix":"BDI-content"}},"wdio_ui5_key":"etmportal.ui.managecatalogs.view.Detailsap.m.Button{\"propertyName\":\"text\",\"key\":\"save\"}"}]}
RESULT: undefined
COMMAND: POST /session/558f637b9cb274befd50f388e951f207/element - {"using":"xpath","value":"//*[@id=\"__button51\"]"}
RESULT: {"using":"xpath","value":"//*[@id=\"__button51\"]"}
COMMAND: POST /session/558f637b9cb274befd50f388e951f207/element/f.2DD1EF63A9CC2E68EF0E7B65F7915F84.d.A700406B74FE9C4F9D30A7568FFEBCD0.e.1615/click - {}
RESULT: {}
COMMAND: GET /session/558f637b9cb274befd50f388e951f207/screenshot - {}
RESULT: {}
COMMAND: POST /session/558f637b9cb274befd50f388e951f207/element - {"using":"css selector","value":"#shell-header-logo"}
RESULT: {"using":"css selector","value":"#shell-header-logo"}
COMMAND: POST /session/558f637b9cb274befd50f388e951f207/element/f.2DD1EF63A9CC2E68EF0E7B65F7915F84.d.A700406B74FE9C4F9D30A7568FFEBCD0.e.1375/click - {}
RESULT: {}
COMMAND: GET /session/558f637b9cb274befd50f388e951f207/screenshot - {}
RESULT: {}
]]></system-out>
    </testcase>
    <testcase classname="chrome.136_0_7103_93.windows.Manage_catalogs_-_yard_assignment_classification_US138930" name="Should verify if the catalog item is visible after selecting the yard" time="65.442">
      <system-out><![CDATA[
COMMAND: POST /session/558f637b9cb274befd50f388e951f207/execute/async - {"script":"<script> [1562 bytes]","args":[{"selector":{"controlType":"sap.m.Text","properties":{"text":"Webshop"},"interaction":{"idSuffix":"inner"}},"wdio_ui5_key":"sapm.Text{\"text\":\"Webshop\"}"}]}
RESULT: {"script":"<script> [1562 bytes]","args":[{"selector":{"controlType":"sap.m.Text","properties":{"text":"Webshop"},"interaction":{"idSuffix":"inner"}},"wdio_ui5_key":"sapm.Text{\"text\":\"Webshop\"}"}]}
RESULT: undefined
COMMAND: POST /session/558f637b9cb274befd50f388e951f207/element - {"using":"xpath","value":"//*[@id=\"__tile49-title\"]"}
RESULT: {"using":"xpath","value":"//*[@id=\"__tile49-title\"]"}
COMMAND: POST /session/558f637b9cb274befd50f388e951f207/element/f.2DD1EF63A9CC2E68EF0E7B65F7915F84.d.A700406B74FE9C4F9D30A7568FFEBCD0.e.1725/click - {}
RESULT: {}
COMMAND: GET /session/558f637b9cb274befd50f388e951f207/screenshot - {}
RESULT: {}
COMMAND: POST /session/558f637b9cb274befd50f388e951f207/element - {"using":"css selector","value":"#requestCreationDialog--createRequestPopUp-title-inner"}
RESULT: {"using":"css selector","value":"#requestCreationDialog--createRequestPopUp-title-inner"}
COMMAND: POST /session/558f637b9cb274befd50f388e951f207/execute/sync - {"script":"<script> [8489 bytes]","args":[{"element-6066-11e4-a52e-4f735466cecf":"f.2DD1EF63A9CC2E68EF0E7B65F7915F84.d.A700406B74FE9C4F9D30A7568FFEBCD0.e.1754","ELEMENT":"f.2DD1EF63A9CC2E68EF0E7B65F7915F84.d.A700406B74FE9C4F9D30A7568FFEBCD0.e.1754"}]}
RESULT: {"script":"<script> [8489 bytes]","args":[{"element-6066-11e4-a52e-4f735466cecf":"f.2DD1EF63A9CC2E68EF0E7B65F7915F84.d.A700406B74FE9C4F9D30A7568FFEBCD0.e.1754","ELEMENT":"f.2DD1EF63A9CC2E68EF0E7B65F7915F84.d.A700406B74FE9C4F9D30A7568FFEBCD0.e.1754"}]}
COMMAND: GET /session/558f637b9cb274befd50f388e951f207/element/f.2DD1EF63A9CC2E68EF0E7B65F7915F84.d.A700406B74FE9C4F9D30A7568FFEBCD0.e.1754/enabled - {}
COMMAND: GET /session/558f637b9cb274befd50f388e951f207/screenshot - {}
RESULT: {}
COMMAND: POST /session/558f637b9cb274befd50f388e951f207/elements - {"using":"css selector","value":"#requestCreationDialog--createRequestPopUp-title-inner"}
COMMAND: GET /session/558f637b9cb274befd50f388e951f207/screenshot - {}
RESULT: {}
RESULT: {"using":"css selector","value":"#requestCreationDialog--createRequestPopUp-title-inner"}
COMMAND: POST /session/558f637b9cb274befd50f388e951f207/execute/async - {"script":"<script> [1562 bytes]","args":[{"selector":{"id":"requestCreationDialog--requestName","searchOpenDialogs":true,"interaction":{"idSuffix":"inner"}},"wdio_ui5_key":"requestCreationDialogrequestName"}]}
RESULT: {}
RESULT: {"script":"<script> [1562 bytes]","args":[{"selector":{"id":"requestCreationDialog--requestName","searchOpenDialogs":true,"interaction":{"idSuffix":"inner"}},"wdio_ui5_key":"requestCreationDialogrequestName"}]}
RESULT: undefined
COMMAND: POST /session/558f637b9cb274befd50f388e951f207/execute/async - {"script":"<script> [776 bytes]","args":[{"enterText":"WebdriverTest","selector":{"id":"requestCreationDialog--requestName","searchOpenDialogs":true,"interaction":{"idSuffix":"inner"}},"clearTextFirst":true,"interactionType":"ENTER_TEXT"}]}
RESULT: {"script":"<script> [776 bytes]","args":[{"enterText":"WebdriverTest","selector":{"id":"requestCreationDialog--requestName","searchOpenDialogs":true,"interaction":{"idSuffix":"inner"}},"clearTextFirst":true,"interactionType":"ENTER_TEXT"}]}
COMMAND: POST /session/558f637b9cb274befd50f388e951f207/element - {"using":"xpath","value":"//input[contains(@id ,\"requestCreationDialog--yardId-inner\")]"}
RESULT: {"using":"xpath","value":"//input[contains(@id ,\"requestCreationDialog--yardId-inner\")]"}
COMMAND: POST /session/558f637b9cb274befd50f388e951f207/element/f.2DD1EF63A9CC2E68EF0E7B65F7915F84.d.A700406B74FE9C4F9D30A7568FFEBCD0.e.1743/clear - {}
RESULT: {}
COMMAND: POST /session/558f637b9cb274befd50f388e951f207/element/f.2DD1EF63A9CC2E68EF0E7B65F7915F84.d.A700406B74FE9C4F9D30A7568FFEBCD0.e.1743/value - {"text":"101"}
COMMAND: GET /session/558f637b9cb274befd50f388e951f207/screenshot - {}
RESULT: {"text":"101"}
COMMAND: GET /session/558f637b9cb274befd50f388e951f207/screenshot - {}
RESULT: {}
RESULT: {}
COMMAND: POST /session/558f637b9cb274befd50f388e951f207/execute/async - {"script":"<script> [1562 bytes]","args":[{"selector":{"id":"requestCreationDialog--okButton","searchOpenDialogs":true,"interaction":{"idSuffix":"BDI-content"}},"wdio_ui5_key":"requestCreationDialogokButton"}]}
RESULT: {"script":"<script> [1562 bytes]","args":[{"selector":{"id":"requestCreationDialog--okButton","searchOpenDialogs":true,"interaction":{"idSuffix":"BDI-content"}},"wdio_ui5_key":"requestCreationDialogokButton"}]}
RESULT: undefined
COMMAND: POST /session/558f637b9cb274befd50f388e951f207/element - {"using":"xpath","value":"//*[@id=\"requestCreationDialog--okButton\"]"}
RESULT: {"using":"xpath","value":"//*[@id=\"requestCreationDialog--okButton\"]"}
COMMAND: POST /session/558f637b9cb274befd50f388e951f207/element/f.2DD1EF63A9CC2E68EF0E7B65F7915F84.d.A700406B74FE9C4F9D30A7568FFEBCD0.e.1761/click - {}
RESULT: {}
COMMAND: GET /session/558f637b9cb274befd50f388e951f207/screenshot - {}
COMMAND: POST /session/558f637b9cb274befd50f388e951f207/element - {"using":"xpath","value":"//input[contains(@id ,\"searchFiledId-I\")]"}
RESULT: {}
RESULT: {"using":"xpath","value":"//input[contains(@id ,\"searchFiledId-I\")]"}
COMMAND: POST /session/558f637b9cb274befd50f388e951f207/element/f.2DD1EF63A9CC2E68EF0E7B65F7915F84.d.A700406B74FE9C4F9D30A7568FFEBCD0.e.1732/value - {"text":"catalogItemnurg4"}
RESULT: {"text":"catalogItemnurg4"}
COMMAND: POST /session/558f637b9cb274befd50f388e951f207/actions - {"actions":[{"id":"action7","type":"key","parameters":{},"actions":[{"type":"keyDown","value":""},{"type":"pause","duration":10},{"type":"keyUp","value":""}]}]}
COMMAND: GET /session/558f637b9cb274befd50f388e951f207/screenshot - {}
RESULT: {"actions":[{"id":"action7","type":"key","parameters":{},"actions":[{"type":"keyDown","value":""},{"type":"pause","duration":10},{"type":"keyUp","value":""}]}]}
RESULT: {}
COMMAND: GET /session/558f637b9cb274befd50f388e951f207/screenshot - {}
RESULT: {}
COMMAND: POST /session/558f637b9cb274befd50f388e951f207/element - {"using":"xpath","value":"//span[contains(@id ,\"subTitle\")][contains(text(), \"catalogItemnurg4\")]"}
RESULT: {"using":"xpath","value":"//span[contains(@id ,\"subTitle\")][contains(text(), \"catalogItemnurg4\")]"}
COMMAND: POST /session/558f637b9cb274befd50f388e951f207/element - {"using":"xpath","value":"//span[contains(@id ,\"subTitle\")][contains(text(), \"catalogItemnurg4\")]"}
RESULT: {"using":"xpath","value":"//span[contains(@id ,\"subTitle\")][contains(text(), \"catalogItemnurg4\")]"}
COMMAND: POST /session/558f637b9cb274befd50f388e951f207/execute/async - {"script":"<script> [1562 bytes]","args":[{"selector":{"controlType":"sap.tnt.NavigationListItem","viewName":"etm.portal.ui.webshop.view.Homepage","i18NText":{"propertyName":"text","key":"exit"},"interaction":{"idSuffix":"a"}},"wdio_ui5_key":"etmportal.ui.webshop.view.Homepagesap.tnt.NavigationListItem{\"propertyName\":\"text\",\"key\":\"exit\"}"}]}
RESULT: {"script":"<script> [1562 bytes]","args":[{"selector":{"controlType":"sap.tnt.NavigationListItem","viewName":"etm.portal.ui.webshop.view.Homepage","i18NText":{"propertyName":"text","key":"exit"},"interaction":{"idSuffix":"a"}},"wdio_ui5_key":"etmportal.ui.webshop.view.Homepagesap.tnt.NavigationListItem{\"propertyName\":\"text\",\"key\":\"exit\"}"}]}
RESULT: undefined
COMMAND: POST /session/558f637b9cb274befd50f388e951f207/element - {"using":"xpath","value":"//*[@id=\"__item291\"]"}
RESULT: {"using":"xpath","value":"//*[@id=\"__item291\"]"}
COMMAND: POST /session/558f637b9cb274befd50f388e951f207/element/f.2DD1EF63A9CC2E68EF0E7B65F7915F84.d.A700406B74FE9C4F9D30A7568FFEBCD0.e.1769/click - {}
RESULT: {}
]]></system-out>
    </testcase>
  </testsuite>
  <testsuite timestamp="2025-05-31T15:59:02" time="278.115" tests="1" failures="0" errors="0" skipped="0">
    <properties>
      <property name="specId" value="0"/>
      <property name="suiteName" value="Catalogs section"/>
      <property name="capabilities" value="chrome.136_0_7103_93.windows"/>
      <property name="file" value="file:///D:/a/1/s/test/specs/R2C/manage-catalogs-values-section.spec.js"/>
    </properties>
    <testcase classname="chrome.136_0_7103_93.windows.Catalogs_section" name="Should add values to a catalog item" time="278.109">
      <system-out><![CDATA[
COMMAND: POST /session/558f637b9cb274befd50f388e951f207/element - {"using":"xpath","value":"//span[contains(@id ,\"requestCreationDialog--createRequestPopUp-title-inner\")]"}
COMMAND: GET /session/558f637b9cb274befd50f388e951f207/screenshot - {}
RESULT: {"using":"xpath","value":"//span[contains(@id ,\"requestCreationDialog--createRequestPopUp-title-inner\")]"}
COMMAND: POST /session/558f637b9cb274befd50f388e951f207/elements - {"using":"xpath","value":"//span[contains(@id ,\"requestCreationDialog--createRequestPopUp-title-inner\")]"}
RESULT: {}
RESULT: {"using":"xpath","value":"//span[contains(@id ,\"requestCreationDialog--createRequestPopUp-title-inner\")]"}
COMMAND: POST /session/558f637b9cb274befd50f388e951f207/execute/async - {"script":"<script> [1562 bytes]","args":[{"selector":{"controlType":"sap.m.GenericTile","properties":{"header":"Manage Catalogs"}},"wdio_ui5_key":"sapm.GenericTile{\"header\":\"Manage Catalogs\"}"}]}
RESULT: {"script":"<script> [1562 bytes]","args":[{"selector":{"controlType":"sap.m.GenericTile","properties":{"header":"Manage Catalogs"}},"wdio_ui5_key":"sapm.GenericTile{\"header\":\"Manage Catalogs\"}"}]}
RESULT: undefined
COMMAND: POST /session/558f637b9cb274befd50f388e951f207/element - {"using":"xpath","value":"//*[@id=\"__tile37\"]"}
RESULT: {"using":"xpath","value":"//*[@id=\"__tile37\"]"}
COMMAND: POST /session/558f637b9cb274befd50f388e951f207/element/f.2DD1EF63A9CC2E68EF0E7B65F7915F84.d.A700406B74FE9C4F9D30A7568FFEBCD0.e.1780/click - {}
RESULT: {}
COMMAND: GET /session/558f637b9cb274befd50f388e951f207/screenshot - {}
RESULT: {}
COMMAND: POST /session/558f637b9cb274befd50f388e951f207/elements - {"using":"xpath","value":"//span[text()='Error']"}
RESULT: {"using":"xpath","value":"//span[text()='Error']"}
COMMAND: POST /session/558f637b9cb274befd50f388e951f207/refresh - {}
RESULT: {}
COMMAND: GET /session/558f637b9cb274befd50f388e951f207/screenshot - {}
RESULT: {}
COMMAND: POST /session/558f637b9cb274befd50f388e951f207/execute/async - {"script":"<script> [189 bytes]","args":[]}
RESULT: {"script":"<script> [189 bytes]","args":[]}
COMMAND: POST /session/558f637b9cb274befd50f388e951f207/execute/async - {"script":"<script> [123 bytes]","args":[]}
RESULT: {"script":"<script> [123 bytes]","args":[]}
COMMAND: POST /session/558f637b9cb274befd50f388e951f207/timeouts - {"script":"<number>"}
RESULT: {"script":"<number>"}
COMMAND: GET /session/558f637b9cb274befd50f388e951f207/timeouts - {}
RESULT: {}
RESULT: undefined
COMMAND: POST /session/558f637b9cb274befd50f388e951f207/execute/async - {"script":"<script> [2676 bytes]","args":[]}
RESULT: {"script":"<script> [2676 bytes]","args":[]}
COMMAND: POST /session/558f637b9cb274befd50f388e951f207/execute/async - {"script":"<script> [2342 bytes]","args":[{"protocol":"http","hostname":"0.0.0.0","path":"/","capabilities":{"browserName":"chrome","goog:chromeOptions":{"binary":"C:\\Program Files\\Google\\Chrome\\Application\\chrome.exe","args":["--start-maximized"]}},"logLevel":"warn","connectionRetryTimeout":120000,"connectionRetryCount":3,"logLevels":{},"enableDirectConnect":true,"strictSSL":true,"_":"65 more keys: [\"cacheDir\",\"port\",\"requestedCapabilities\",\"automationProtocol\",\"baseUrl\",\"waitforInterval\",\"waitforTimeout\",\"onReload\",\"beforeCommand\",\"afterCommand\",\"rootDir\",\"specs\",\"suites\",\"exclude\",\"groupLogsByTestSpec\",\"excludeDriverLogs\",\"bail\",\"framework\",\"reporters\",\"services\",\"maxInstances\",\"maxInstancesPerCapability\",\"injectGlobals\",\"filesToWatch\",\"execArgv\",\"runnerEnv\",\"runner\",\"shard\",\"specFileRetries\",\"specFileRetriesDelay\",\"specFileRetriesDeferred\",\"reporterSyncInterval\",\"reporterSyncTimeout\",\"cucumberFeaturesWithLineNumbers\",\"autoCompileOpts\",\"mochaOpts\",\"jasmineOpts\",\"cucumberOpts\",\"onPrepare\",\"onWorkerStart\",\"onWorkerEnd\",\"before\",\"beforeSession\",\"beforeSuite\",\"beforeHook\",\"beforeTest\",\"afterTest\",\"afterHook\",\"afterSuite\",\"afterSession\",\"after\",\"onComplete\",\"beforeAssertion\",\"afterAssertion\",\"beforeFeature\",\"beforeScenario\",\"beforeStep\",\"afterStep\",\"afterScenario\",\"afterFeature\",\"_\",\"suite\",\"$0\",\"ignoredWorkerServices\",\"wdi5\"]"}]}
RESULT: {"script":"<script> [2342 bytes]","args":[{"protocol":"http","hostname":"0.0.0.0","path":"/","capabilities":{"browserName":"chrome","goog:chromeOptions":{"binary":"C:\\Program Files\\Google\\Chrome\\Application\\chrome.exe","args":["--start-maximized"]}},"logLevel":"warn","connectionRetryTimeout":120000,"connectionRetryCount":3,"logLevels":{},"enableDirectConnect":true,"strictSSL":true,"_":"65 more keys: [\"cacheDir\",\"port\",\"requestedCapabilities\",\"automationProtocol\",\"baseUrl\",\"waitforInterval\",\"waitforTimeout\",\"onReload\",\"beforeCommand\",\"afterCommand\",\"rootDir\",\"specs\",\"suites\",\"exclude\",\"groupLogsByTestSpec\",\"excludeDriverLogs\",\"bail\",\"framework\",\"reporters\",\"services\",\"maxInstances\",\"maxInstancesPerCapability\",\"injectGlobals\",\"filesToWatch\",\"execArgv\",\"runnerEnv\",\"runner\",\"shard\",\"specFileRetries\",\"specFileRetriesDelay\",\"specFileRetriesDeferred\",\"reporterSyncInterval\",\"reporterSyncTimeout\",\"cucumberFeaturesWithLineNumbers\",\"autoCompileOpts\",\"mochaOpts\",\"jasmineOpts\",\"cucumberOpts\",\"onPrepare\",\"onWorkerStart\",\"onWorkerEnd\",\"before\",\"beforeSession\",\"beforeSuite\",\"beforeHook\",\"beforeTest\",\"afterTest\",\"afterHook\",\"afterSuite\",\"afterSession\",\"after\",\"onComplete\",\"beforeAssertion\",\"afterAssertion\",\"beforeFeature\",\"beforeScenario\",\"beforeStep\",\"afterStep\",\"afterScenario\",\"afterFeature\",\"_\",\"suite\",\"$0\",\"ignoredWorkerServices\",\"wdi5\"]"}]}
COMMAND: POST /session/558f637b9cb274befd50f388e951f207/execute/async - {"script":"<script> [21126 bytes]","args":[35000]}
RESULT: {"script":"<script> [21126 bytes]","args":[35000]}
COMMAND: POST /session/558f637b9cb274befd50f388e951f207/element - {"using":"xpath","value":"//span[contains(text(), \"Webshop Catalog\")][contains(@id ,\"masterCatalogs\")]"}
RESULT: {"using":"xpath","value":"//span[contains(text(), \"Webshop Catalog\")][contains(@id ,\"masterCatalogs\")]"}
COMMAND: POST /session/558f637b9cb274befd50f388e951f207/element/f.2DD1EF63A9CC2E68EF0E7B65F7915F84.d.E8B9F0D67C879A69DBE5BD95A2B7FF91.e.1881/click - {}
RESULT: {}
COMMAND: GET /session/558f637b9cb274befd50f388e951f207/screenshot - {}
RESULT: {}
COMMAND: POST /session/558f637b9cb274befd50f388e951f207/element - {"using":"xpath","value":"//input[contains(@id ,\"application-managecatalogs-display-component---masterCatalogItems--searchItemsField-I\")]"}
RESULT: {"using":"xpath","value":"//input[contains(@id ,\"application-managecatalogs-display-component---masterCatalogItems--searchItemsField-I\")]"}
COMMAND: POST /session/558f637b9cb274befd50f388e951f207/element/f.2DD1EF63A9CC2E68EF0E7B65F7915F84.d.E8B9F0D67C879A69DBE5BD95A2B7FF91.e.1884/value - {"text":"SecondSection0h8td"}
RESULT: {"text":"SecondSection0h8td"}
COMMAND: POST /session/558f637b9cb274befd50f388e951f207/actions - {"actions":[{"id":"action8","type":"key","parameters":{},"actions":[{"type":"keyDown","value":""},{"type":"pause","duration":10},{"type":"keyUp","value":""}]}]}
COMMAND: GET /session/558f637b9cb274befd50f388e951f207/screenshot - {}
RESULT: {"actions":[{"id":"action8","type":"key","parameters":{},"actions":[{"type":"keyDown","value":""},{"type":"pause","duration":10},{"type":"keyUp","value":""}]}]}
COMMAND: GET /session/558f637b9cb274befd50f388e951f207/screenshot - {}
RESULT: {}
RESULT: {}
COMMAND: POST /session/558f637b9cb274befd50f388e951f207/element - {"using":"xpath","value":"(//span[contains(text(), \"SecondSection0h8td\")])[1]"}
RESULT: {"using":"xpath","value":"(//span[contains(text(), \"SecondSection0h8td\")])[1]"}
COMMAND: POST /session/558f637b9cb274befd50f388e951f207/element/f.2DD1EF63A9CC2E68EF0E7B65F7915F84.d.E8B9F0D67C879A69DBE5BD95A2B7FF91.e.1918/click - {}
RESULT: {}
COMMAND: POST /session/558f637b9cb274befd50f388e951f207/execute/async - {"script":"<script> [1562 bytes]","args":[{"selector":{"controlType":"sap.m.Button","viewName":"etm.portal.ui.managecatalogs.view.Detail","viewId":"application-managecatalogs-display-component---detailCatalog","i18NText":{"propertyName":"text","key":"edit"},"interaction":{"idSuffix":"BDI-content"}},"wdio_ui5_key":"etmportal.ui.managecatalogs.view.Detailsap.m.Button{\"propertyName\":\"text\",\"key\":\"edit\"}"}]}
COMMAND: GET /session/558f637b9cb274befd50f388e951f207/screenshot - {}
RESULT: {"script":"<script> [1562 bytes]","args":[{"selector":{"controlType":"sap.m.Button","viewName":"etm.portal.ui.managecatalogs.view.Detail","viewId":"application-managecatalogs-display-component---detailCatalog","i18NText":{"propertyName":"text","key":"edit"},"interaction":{"idSuffix":"BDI-content"}},"wdio_ui5_key":"etmportal.ui.managecatalogs.view.Detailsap.m.Button{\"propertyName\":\"text\",\"key\":\"edit\"}"}]}
RESULT: undefined
COMMAND: POST /session/558f637b9cb274befd50f388e951f207/element - {"using":"xpath","value":"//*[@id=\"__button33\"]"}
RESULT: {}
RESULT: {"using":"xpath","value":"//*[@id=\"__button33\"]"}
COMMAND: POST /session/558f637b9cb274befd50f388e951f207/element/f.2DD1EF63A9CC2E68EF0E7B65F7915F84.d.E8B9F0D67C879A69DBE5BD95A2B7FF91.e.1985/click - {}
RESULT: {}
COMMAND: POST /session/558f637b9cb274befd50f388e951f207/execute/async - {"script":"<script> [1562 bytes]","args":[{"selector":{"controlType":"sap.ui.core.Icon","viewName":"etm.portal.ui.managecatalogs.view.Detail","viewId":"application-managecatalogs-display-component---detailCatalog","properties":{"src":{"regex":{"source":"add\\-document"}}}},"wdio_ui5_key":"etmportal.ui.managecatalogs.view.Detailsap.ui.core.Icon{\"src\":{\"regex\":{\"source\":\"add\\\\-document\"}}}"}]}
COMMAND: GET /session/558f637b9cb274befd50f388e951f207/screenshot - {}
RESULT: {"script":"<script> [1562 bytes]","args":[{"selector":{"controlType":"sap.ui.core.Icon","viewName":"etm.portal.ui.managecatalogs.view.Detail","viewId":"application-managecatalogs-display-component---detailCatalog","properties":{"src":{"regex":{"source":"add\\-document"}}}},"wdio_ui5_key":"etmportal.ui.managecatalogs.view.Detailsap.ui.core.Icon{\"src\":{\"regex\":{\"source\":\"add\\\\-document\"}}}"}]}
RESULT: undefined
COMMAND: POST /session/558f637b9cb274befd50f388e951f207/element - {"using":"xpath","value":"//*[@id=\"__button42-img\"]"}
RESULT: {}
RESULT: {"using":"xpath","value":"//*[@id=\"__button42-img\"]"}
COMMAND: POST /session/558f637b9cb274befd50f388e951f207/element/f.2DD1EF63A9CC2E68EF0E7B65F7915F84.d.E8B9F0D67C879A69DBE5BD95A2B7FF91.e.1991/click - {}
RESULT: {}
COMMAND: POST /session/558f637b9cb274befd50f388e951f207/execute/async - {"script":"<script> [1562 bytes]","args":[{"selector":{"id":"application-managecatalogs-display-component---detailCatalog--newItemNumberInput","searchOpenDialogs":true,"interaction":{"idSuffix":"inner"}},"wdio_ui5_key":"applicationmanagecatalogs-display-component---detailCatalog--newItemNumberInput"}]}
COMMAND: GET /session/558f637b9cb274befd50f388e951f207/screenshot - {}
RESULT: {"script":"<script> [1562 bytes]","args":[{"selector":{"id":"application-managecatalogs-display-component---detailCatalog--newItemNumberInput","searchOpenDialogs":true,"interaction":{"idSuffix":"inner"}},"wdio_ui5_key":"applicationmanagecatalogs-display-component---detailCatalog--newItemNumberInput"}]}
RESULT: undefined
COMMAND: POST /session/558f637b9cb274befd50f388e951f207/execute/async - {"script":"<script> [776 bytes]","args":[{"enterText":"catalogItemcvl1c","selector":{"id":"application-managecatalogs-display-component---detailCatalog--newItemNumberInput","searchOpenDialogs":true,"interaction":{"idSuffix":"inner"}},"clearTextFirst":true,"interactionType":"ENTER_TEXT"}]}
RESULT: {}
RESULT: {"script":"<script> [776 bytes]","args":[{"enterText":"catalogItemcvl1c","selector":{"id":"application-managecatalogs-display-component---detailCatalog--newItemNumberInput","searchOpenDialogs":true,"interaction":{"idSuffix":"inner"}},"clearTextFirst":true,"interactionType":"ENTER_TEXT"}]}
COMMAND: POST /session/558f637b9cb274befd50f388e951f207/execute/async - {"script":"<script> [1562 bytes]","args":[{"selector":{"controlType":"sap.m.Input","viewName":"etm.portal.ui.managecatalogs.view.Detail","viewId":"application-managecatalogs-display-component---detailCatalog","bindingPath":{"path":"","propertyPath":"/DESCRIPTION"},"searchOpenDialogs":true,"interaction":{"idSuffix":"inner"}},"wdio_ui5_key":"etmportal.ui.managecatalogs.view.Detailsap.m.Input{\"path\":\"\",\"propertyPath\":\"/DESCRIPTION\"}"}]}
RESULT: {"script":"<script> [1562 bytes]","args":[{"selector":{"controlType":"sap.m.Input","viewName":"etm.portal.ui.managecatalogs.view.Detail","viewId":"application-managecatalogs-display-component---detailCatalog","bindingPath":{"path":"","propertyPath":"/DESCRIPTION"},"searchOpenDialogs":true,"interaction":{"idSuffix":"inner"}},"wdio_ui5_key":"etmportal.ui.managecatalogs.view.Detailsap.m.Input{\"path\":\"\",\"propertyPath\":\"/DESCRIPTION\"}"}]}
RESULT: undefined
COMMAND: POST /session/558f637b9cb274befd50f388e951f207/execute/async - {"script":"<script> [776 bytes]","args":[{"enterText":"catalogItemNamecfvab","selector":{"controlType":"sap.m.Input","viewName":"etm.portal.ui.managecatalogs.view.Detail","viewId":"application-managecatalogs-display-component---detailCatalog","bindingPath":{"path":"","propertyPath":"/DESCRIPTION"},"searchOpenDialogs":true,"interaction":{"idSuffix":"inner"}},"clearTextFirst":true,"interactionType":"ENTER_TEXT"}]}
RESULT: {"script":"<script> [776 bytes]","args":[{"enterText":"catalogItemNamecfvab","selector":{"controlType":"sap.m.Input","viewName":"etm.portal.ui.managecatalogs.view.Detail","viewId":"application-managecatalogs-display-component---detailCatalog","bindingPath":{"path":"","propertyPath":"/DESCRIPTION"},"searchOpenDialogs":true,"interaction":{"idSuffix":"inner"}},"clearTextFirst":true,"interactionType":"ENTER_TEXT"}]}
COMMAND: POST /session/558f637b9cb274befd50f388e951f207/execute/async - {"script":"<script> [1562 bytes]","args":[{"selector":{"controlType":"sap.m.Button","viewName":"etm.portal.ui.managecatalogs.view.Detail","viewId":"application-managecatalogs-display-component---detailCatalog","i18NText":{"propertyName":"text","key":"create"},"searchOpenDialogs":true,"interaction":{"idSuffix":"BDI-content"}},"wdio_ui5_key":"etmportal.ui.managecatalogs.view.Detailsap.m.Button{\"propertyName\":\"text\",\"key\":\"create\"}"}]}
RESULT: {"script":"<script> [1562 bytes]","args":[{"selector":{"controlType":"sap.m.Button","viewName":"etm.portal.ui.managecatalogs.view.Detail","viewId":"application-managecatalogs-display-component---detailCatalog","i18NText":{"propertyName":"text","key":"create"},"searchOpenDialogs":true,"interaction":{"idSuffix":"BDI-content"}},"wdio_ui5_key":"etmportal.ui.managecatalogs.view.Detailsap.m.Button{\"propertyName\":\"text\",\"key\":\"create\"}"}]}
RESULT: undefined
COMMAND: POST /session/558f637b9cb274befd50f388e951f207/element - {"using":"xpath","value":"//*[@id=\"__button17\"]"}
RESULT: {"using":"xpath","value":"//*[@id=\"__button17\"]"}
COMMAND: POST /session/558f637b9cb274befd50f388e951f207/element/f.2DD1EF63A9CC2E68EF0E7B65F7915F84.d.E8B9F0D67C879A69DBE5BD95A2B7FF91.e.2002/click - {}
RESULT: {}
COMMAND: GET /session/558f637b9cb274befd50f388e951f207/screenshot - {}
RESULT: {}
COMMAND: POST /session/558f637b9cb274befd50f388e951f207/element - {"using":"xpath","value":"//button[@title=\"Save\"]"}
RESULT: {"using":"xpath","value":"//button[@title=\"Save\"]"}
COMMAND: POST /session/558f637b9cb274befd50f388e951f207/element/f.2DD1EF63A9CC2E68EF0E7B65F7915F84.d.E8B9F0D67C879A69DBE5BD95A2B7FF91.e.2004/click - {}
RESULT: {}
COMMAND: GET /session/558f637b9cb274befd50f388e951f207/screenshot - {}
RESULT: {}
COMMAND: POST /session/558f637b9cb274befd50f388e951f207/execute/async - {"script":"<script> [1562 bytes]","args":[{"selector":{"controlType":"sap.ui.core.Icon","viewName":"etm.portal.ui.managecatalogs.view.Detail","viewId":"application-managecatalogs-display-component---detailCatalog","properties":{"src":{"regex":{"source":"decline"}}}},"wdio_ui5_key":"etmportal.ui.managecatalogs.view.Detailsap.ui.core.Icon{\"src\":{\"regex\":{\"source\":\"decline\"}}}"}]}
RESULT: {"script":"<script> [1562 bytes]","args":[{"selector":{"controlType":"sap.ui.core.Icon","viewName":"etm.portal.ui.managecatalogs.view.Detail","viewId":"application-managecatalogs-display-component---detailCatalog","properties":{"src":{"regex":{"source":"decline"}}}},"wdio_ui5_key":"etmportal.ui.managecatalogs.view.Detailsap.ui.core.Icon{\"src\":{\"regex\":{\"source\":\"decline\"}}}"}]}
RESULT: undefined
COMMAND: POST /session/558f637b9cb274befd50f388e951f207/element - {"using":"xpath","value":"//*[@id=\"__button36-img\"]"}
RESULT: {"using":"xpath","value":"//*[@id=\"__button36-img\"]"}
COMMAND: POST /session/558f637b9cb274befd50f388e951f207/element/f.2DD1EF63A9CC2E68EF0E7B65F7915F84.d.E8B9F0D67C879A69DBE5BD95A2B7FF91.e.2009/click - {}
RESULT: {}
COMMAND: GET /session/558f637b9cb274befd50f388e951f207/screenshot - {}
RESULT: {}
COMMAND: POST /session/558f637b9cb274befd50f388e951f207/execute/async - {"script":"<script> [1562 bytes]","args":[{"selector":{"controlType":"sap.ui.core.Icon","viewName":"etm.portal.ui.managecatalogs.view.MasterItems","viewId":"application-managecatalogs-display-component---masterCatalogItems","properties":{"src":{"regex":{"source":"refresh"}}}},"wdio_ui5_key":"etmportal.ui.managecatalogs.view.MasterItemssap.ui.core.Icon{\"src\":{\"regex\":{\"source\":\"refresh\"}}}"}]}
RESULT: {"script":"<script> [1562 bytes]","args":[{"selector":{"controlType":"sap.ui.core.Icon","viewName":"etm.portal.ui.managecatalogs.view.MasterItems","viewId":"application-managecatalogs-display-component---masterCatalogItems","properties":{"src":{"regex":{"source":"refresh"}}}},"wdio_ui5_key":"etmportal.ui.managecatalogs.view.MasterItemssap.ui.core.Icon{\"src\":{\"regex\":{\"source\":\"refresh\"}}}"}]}
RESULT: undefined
COMMAND: POST /session/558f637b9cb274befd50f388e951f207/element - {"using":"xpath","value":"//*[@id=\"__button9-img\"]"}
RESULT: {"using":"xpath","value":"//*[@id=\"__button9-img\"]"}
COMMAND: POST /session/558f637b9cb274befd50f388e951f207/element/f.2DD1EF63A9CC2E68EF0E7B65F7915F84.d.E8B9F0D67C879A69DBE5BD95A2B7FF91.e.2045/click - {}
RESULT: {}
COMMAND: GET /session/558f637b9cb274befd50f388e951f207/screenshot - {}
RESULT: {}
COMMAND: POST /session/558f637b9cb274befd50f388e951f207/execute/async - {"script":"<script> [1562 bytes]","args":[{"selector":{"id":"application-managecatalogs-display-component---masterCatalogItems--searchItemsField","interaction":{"idSuffix":"I"}},"wdio_ui5_key":"applicationmanagecatalogs-display-component---masterCatalogItems--searchItemsField"}]}
RESULT: {"script":"<script> [1562 bytes]","args":[{"selector":{"id":"application-managecatalogs-display-component---masterCatalogItems--searchItemsField","interaction":{"idSuffix":"I"}},"wdio_ui5_key":"applicationmanagecatalogs-display-component---masterCatalogItems--searchItemsField"}]}
RESULT: undefined
COMMAND: POST /session/558f637b9cb274befd50f388e951f207/execute/async - {"script":"<script> [776 bytes]","args":[{"enterText":"catalogItemNamecfvab","selector":{"id":"application-managecatalogs-display-component---masterCatalogItems--searchItemsField","interaction":{"idSuffix":"I"}},"clearTextFirst":true,"interactionType":"ENTER_TEXT"}]}
RESULT: {"script":"<script> [776 bytes]","args":[{"enterText":"catalogItemNamecfvab","selector":{"id":"application-managecatalogs-display-component---masterCatalogItems--searchItemsField","interaction":{"idSuffix":"I"}},"clearTextFirst":true,"interactionType":"ENTER_TEXT"}]}
COMMAND: POST /session/558f637b9cb274befd50f388e951f207/actions - {"actions":[{"id":"action9","type":"key","parameters":{},"actions":[{"type":"keyDown","value":""},{"type":"pause","duration":10},{"type":"keyUp","value":""}]}]}
RESULT: {"actions":[{"id":"action9","type":"key","parameters":{},"actions":[{"type":"keyDown","value":""},{"type":"pause","duration":10},{"type":"keyUp","value":""}]}]}
COMMAND: POST /session/558f637b9cb274befd50f388e951f207/element - {"using":"xpath","value":"(//span[contains(text(), \"catalogItemNamecfvab\")])[1]"}
COMMAND: GET /session/558f637b9cb274befd50f388e951f207/screenshot - {}
RESULT: {"using":"xpath","value":"(//span[contains(text(), \"catalogItemNamecfvab\")])[1]"}
COMMAND: POST /session/558f637b9cb274befd50f388e951f207/element/f.2DD1EF63A9CC2E68EF0E7B65F7915F84.d.E8B9F0D67C879A69DBE5BD95A2B7FF91.e.2052/click - {}
RESULT: {}
RESULT: {}
COMMAND: GET /session/558f637b9cb274befd50f388e951f207/screenshot - {}
RESULT: {}
COMMAND: POST /session/558f637b9cb274befd50f388e951f207/element - {"using":"xpath","value":"//span[contains(text(), \"catalogItemcvl1c\")]"}
RESULT: {"using":"xpath","value":"//span[contains(text(), \"catalogItemcvl1c\")]"}
COMMAND: GET /session/558f637b9cb274befd50f388e951f207/element/f.2DD1EF63A9CC2E68EF0E7B65F7915F84.d.E8B9F0D67C879A69DBE5BD95A2B7FF91.e.2106/text - {}
RESULT: {}
RESULT: undefined
COMMAND: POST /session/558f637b9cb274befd50f388e951f207/element - {"using":"xpath","value":"//*[@id=\"__button33\"]"}
RESULT: {"using":"xpath","value":"//*[@id=\"__button33\"]"}
COMMAND: POST /session/558f637b9cb274befd50f388e951f207/element/f.2DD1EF63A9CC2E68EF0E7B65F7915F84.d.E8B9F0D67C879A69DBE5BD95A2B7FF91.e.2116/click - {}
RESULT: {}
COMMAND: GET /session/558f637b9cb274befd50f388e951f207/screenshot - {}
RESULT: {}
COMMAND: POST /session/558f637b9cb274befd50f388e951f207/execute/async - {"script":"<script> [1562 bytes]","args":[{"selector":{"id":"application-managecatalogs-display-component---detailCatalog--BASE_UNIT_OF_MEASURE-arrow"},"wdio_ui5_key":"applicationmanagecatalogs-display-component---detailCatalog--BASE_UNIT_OF_MEASURE-arrow"}]}
RESULT: {"script":"<script> [1562 bytes]","args":[{"selector":{"id":"application-managecatalogs-display-component---detailCatalog--BASE_UNIT_OF_MEASURE-arrow"},"wdio_ui5_key":"applicationmanagecatalogs-display-component---detailCatalog--BASE_UNIT_OF_MEASURE-arrow"}]}
RESULT: undefined
COMMAND: POST /session/558f637b9cb274befd50f388e951f207/element - {"using":"xpath","value":"//*[@id=\"application-managecatalogs-display-component---detailCatalog--BASE_UNIT_OF_MEASURE-arrow\"]"}
RESULT: {"using":"xpath","value":"//*[@id=\"application-managecatalogs-display-component---detailCatalog--BASE_UNIT_OF_MEASURE-arrow\"]"}
COMMAND: POST /session/558f637b9cb274befd50f388e951f207/element/f.2DD1EF63A9CC2E68EF0E7B65F7915F84.d.E8B9F0D67C879A69DBE5BD95A2B7FF91.e.2144/click - {}
RESULT: {}
COMMAND: GET /session/558f637b9cb274befd50f388e951f207/screenshot - {}
RESULT: {}
COMMAND: POST /session/558f637b9cb274befd50f388e951f207/execute/async - {"script":"<script> [1562 bytes]","args":[{"selector":{"controlType":"sap.m.StandardListItem","viewName":"etm.portal.ui.managecatalogs.view.Detail","viewId":"application-managecatalogs-display-component---detailCatalog","properties":{"title":"Piece"},"searchOpenDialogs":true,"interaction":{"idSuffix":"titleText"}},"wdio_ui5_key":"etmportal.ui.managecatalogs.view.Detailsap.m.StandardListItem{\"title\":\"Piece\"}"}]}
RESULT: {"script":"<script> [1562 bytes]","args":[{"selector":{"controlType":"sap.m.StandardListItem","viewName":"etm.portal.ui.managecatalogs.view.Detail","viewId":"application-managecatalogs-display-component---detailCatalog","properties":{"title":"Piece"},"searchOpenDialogs":true,"interaction":{"idSuffix":"titleText"}},"wdio_ui5_key":"etmportal.ui.managecatalogs.view.Detailsap.m.StandardListItem{\"title\":\"Piece\"}"}]}
RESULT: undefined
COMMAND: POST /session/558f637b9cb274befd50f388e951f207/element - {"using":"xpath","value":"//*[@id=\"__item231\"]"}
RESULT: {"using":"xpath","value":"//*[@id=\"__item231\"]"}
COMMAND: POST /session/558f637b9cb274befd50f388e951f207/element/f.2DD1EF63A9CC2E68EF0E7B65F7915F84.d.E8B9F0D67C879A69DBE5BD95A2B7FF91.e.2148/click - {}
RESULT: {}
COMMAND: POST /session/558f637b9cb274befd50f388e951f207/execute/async - {"script":"<script> [1562 bytes]","args":[{"selector":{"id":"application-managecatalogs-display-component---detailCatalog--ObjectPageLayout-anchBar-application-managecatalogs-display-component---detailCatalog--sectionValues-anchor","interaction":{"idSuffix":"BDI-content"}},"wdio_ui5_key":"applicationmanagecatalogs-display-component---detailCatalog--ObjectPageLayout-anchBar-application-managecatalogs-display-component---detailCatalog--sectionValues-anchor"}]}
COMMAND: GET /session/558f637b9cb274befd50f388e951f207/screenshot - {}
RESULT: {"script":"<script> [1562 bytes]","args":[{"selector":{"id":"application-managecatalogs-display-component---detailCatalog--ObjectPageLayout-anchBar-application-managecatalogs-display-component---detailCatalog--sectionValues-anchor","interaction":{"idSuffix":"BDI-content"}},"wdio_ui5_key":"applicationmanagecatalogs-display-component---detailCatalog--ObjectPageLayout-anchBar-application-managecatalogs-display-component---detailCatalog--sectionValues-anchor"}]}
RESULT: undefined
COMMAND: POST /session/558f637b9cb274befd50f388e951f207/element - {"using":"xpath","value":"//*[@id=\"application-managecatalogs-display-component---detailCatalog--ObjectPageLayout-anchBar-application-managecatalogs-display-component---detailCatalog--sectionValues-anchor\"]"}
RESULT: {}
RESULT: {"using":"xpath","value":"//*[@id=\"application-managecatalogs-display-component---detailCatalog--ObjectPageLayout-anchBar-application-managecatalogs-display-component---detailCatalog--sectionValues-anchor\"]"}
COMMAND: POST /session/558f637b9cb274befd50f388e951f207/element/f.2DD1EF63A9CC2E68EF0E7B65F7915F84.d.E8B9F0D67C879A69DBE5BD95A2B7FF91.e.2150/click - {}
RESULT: {}
COMMAND: GET /session/558f637b9cb274befd50f388e951f207/screenshot - {}
RESULT: {}
COMMAND: POST /session/558f637b9cb274befd50f388e951f207/execute/async - {"script":"<script> [1562 bytes]","args":[{"selector":{"controlType":"sap.ui.core.Icon","viewName":"etm.portal.ui.managecatalogs.view.Detail","viewId":"application-managecatalogs-display-component---detailCatalog","properties":{"src":{"regex":{"source":"add"}}},"ancestor":{"id":"application-managecatalogs-display-component---detailCatalog--ValuesTable"}},"wdio_ui5_key":"etmportal.ui.managecatalogs.view.Detailsap.ui.core.Icon{\"src\":{\"regex\":{\"source\":\"add\"}}}{\"id\":\"application-managecatalogs-display-component---detailCatalog--ValuesTable\"}"}]}
RESULT: {"script":"<script> [1562 bytes]","args":[{"selector":{"controlType":"sap.ui.core.Icon","viewName":"etm.portal.ui.managecatalogs.view.Detail","viewId":"application-managecatalogs-display-component---detailCatalog","properties":{"src":{"regex":{"source":"add"}}},"ancestor":{"id":"application-managecatalogs-display-component---detailCatalog--ValuesTable"}},"wdio_ui5_key":"etmportal.ui.managecatalogs.view.Detailsap.ui.core.Icon{\"src\":{\"regex\":{\"source\":\"add\"}}}{\"id\":\"application-managecatalogs-display-component---detailCatalog--ValuesTable\"}"}]}
RESULT: undefined
COMMAND: POST /session/558f637b9cb274befd50f388e951f207/element - {"using":"xpath","value":"//*[@id=\"__button45-img\"]"}
RESULT: {"using":"xpath","value":"//*[@id=\"__button45-img\"]"}
COMMAND: POST /session/558f637b9cb274befd50f388e951f207/element/f.2DD1EF63A9CC2E68EF0E7B65F7915F84.d.E8B9F0D67C879A69DBE5BD95A2B7FF91.e.2155/click - {}
RESULT: {}
RESULT: undefined
COMMAND: POST /session/558f637b9cb274befd50f388e951f207/element - {"using":"xpath","value":"//*[@id=\"__button45-img\"]"}
COMMAND: GET /session/558f637b9cb274befd50f388e951f207/screenshot - {}
RESULT: {"using":"xpath","value":"//*[@id=\"__button45-img\"]"}
COMMAND: POST /session/558f637b9cb274befd50f388e951f207/element/f.2DD1EF63A9CC2E68EF0E7B65F7915F84.d.E8B9F0D67C879A69DBE5BD95A2B7FF91.e.2155/click - {}
RESULT: {}
RESULT: {}
COMMAND: POST /session/558f637b9cb274befd50f388e951f207/element - {"using":"xpath","value":"(//input[contains(@id ,\"application-managecatalogs-display-component---detailCatalog--ValuesTable-0-inner\")])[1]"}
COMMAND: GET /session/558f637b9cb274befd50f388e951f207/screenshot - {}
RESULT: {"using":"xpath","value":"(//input[contains(@id ,\"application-managecatalogs-display-component---detailCatalog--ValuesTable-0-inner\")])[1]"}
COMMAND: POST /session/558f637b9cb274befd50f388e951f207/element/f.2DD1EF63A9CC2E68EF0E7B65F7915F84.d.E8B9F0D67C879A69DBE5BD95A2B7FF91.e.2158/clear - {}
RESULT: {}
RESULT: {}
COMMAND: POST /session/558f637b9cb274befd50f388e951f207/element/f.2DD1EF63A9CC2E68EF0E7B65F7915F84.d.E8B9F0D67C879A69DBE5BD95A2B7FF91.e.2158/value - {"text":"D&I catalog price"}
COMMAND: GET /session/558f637b9cb274befd50f388e951f207/screenshot - {}
RESULT: {"text":"D&I catalog price"}
COMMAND: GET /session/558f637b9cb274befd50f388e951f207/screenshot - {}
RESULT: {}
RESULT: {}
COMMAND: POST /session/558f637b9cb274befd50f388e951f207/actions - {"actions":[{"id":"action10","type":"key","parameters":{},"actions":[{"type":"keyDown","value":""},{"type":"pause","duration":10},{"type":"keyUp","value":""}]}]}
RESULT: {"actions":[{"id":"action10","type":"key","parameters":{},"actions":[{"type":"keyDown","value":""},{"type":"pause","duration":10},{"type":"keyUp","value":""}]}]}
COMMAND: POST /session/558f637b9cb274befd50f388e951f207/element - {"using":"xpath","value":"(//input[contains(@id ,\"application-managecatalogs-display-component---detailCatalog--ValuesTable-1-inner\")])[1]"}
COMMAND: GET /session/558f637b9cb274befd50f388e951f207/screenshot - {}
RESULT: {"using":"xpath","value":"(//input[contains(@id ,\"application-managecatalogs-display-component---detailCatalog--ValuesTable-1-inner\")])[1]"}
COMMAND: POST /session/558f637b9cb274befd50f388e951f207/element/f.2DD1EF63A9CC2E68EF0E7B65F7915F84.d.E8B9F0D67C879A69DBE5BD95A2B7FF91.e.2182/clear - {}
RESULT: {}
RESULT: {}
COMMAND: POST /session/558f637b9cb274befd50f388e951f207/element/f.2DD1EF63A9CC2E68EF0E7B65F7915F84.d.E8B9F0D67C879A69DBE5BD95A2B7FF91.e.2182/value - {"text":"D&I catalog price"}
COMMAND: GET /session/558f637b9cb274befd50f388e951f207/screenshot - {}
RESULT: {"text":"D&I catalog price"}
COMMAND: GET /session/558f637b9cb274befd50f388e951f207/screenshot - {}
RESULT: {}
RESULT: {}
COMMAND: POST /session/558f637b9cb274befd50f388e951f207/actions - {"actions":[{"id":"action11","type":"key","parameters":{},"actions":[{"type":"keyDown","value":""},{"type":"pause","duration":10},{"type":"keyUp","value":""}]}]}
RESULT: {"actions":[{"id":"action11","type":"key","parameters":{},"actions":[{"type":"keyDown","value":""},{"type":"pause","duration":10},{"type":"keyUp","value":""}]}]}
COMMAND: POST /session/558f637b9cb274befd50f388e951f207/execute/async - {"script":"<script> [1562 bytes]","args":[{"selector":{"controlType":"sap.m.Button","viewName":"etm.portal.ui.managecatalogs.view.Detail","viewId":"application-managecatalogs-display-component---detailCatalog","i18NText":{"propertyName":"text","key":"save"},"interaction":{"idSuffix":"BDI-content"}},"wdio_ui5_key":"etmportal.ui.managecatalogs.view.Detailsap.m.Button{\"propertyName\":\"text\",\"key\":\"save\"}"}]}
COMMAND: GET /session/558f637b9cb274befd50f388e951f207/screenshot - {}
RESULT: {"script":"<script> [1562 bytes]","args":[{"selector":{"controlType":"sap.m.Button","viewName":"etm.portal.ui.managecatalogs.view.Detail","viewId":"application-managecatalogs-display-component---detailCatalog","i18NText":{"propertyName":"text","key":"save"},"interaction":{"idSuffix":"BDI-content"}},"wdio_ui5_key":"etmportal.ui.managecatalogs.view.Detailsap.m.Button{\"propertyName\":\"text\",\"key\":\"save\"}"}]}
RESULT: undefined
COMMAND: POST /session/558f637b9cb274befd50f388e951f207/element - {"using":"xpath","value":"//*[@id=\"__button51\"]"}
RESULT: {}
RESULT: {"using":"xpath","value":"//*[@id=\"__button51\"]"}
COMMAND: POST /session/558f637b9cb274befd50f388e951f207/element/f.2DD1EF63A9CC2E68EF0E7B65F7915F84.d.E8B9F0D67C879A69DBE5BD95A2B7FF91.e.2118/click - {}
RESULT: {}
COMMAND: GET /session/558f637b9cb274befd50f388e951f207/screenshot - {}
RESULT: {}
COMMAND: POST /session/558f637b9cb274befd50f388e951f207/execute/async - {"script":"<script> [1562 bytes]","args":[{"selector":{"controlType":"sap.m.Text","properties":{"text":"Existing values with the same start date!"},"searchOpenDialogs":true},"wdio_ui5_key":"sapm.Text{\"text\":\"Existing values with the same start date!\"}"}]}
RESULT: {"script":"<script> [1562 bytes]","args":[{"selector":{"controlType":"sap.m.Text","properties":{"text":"Existing values with the same start date!"},"searchOpenDialogs":true},"wdio_ui5_key":"sapm.Text{\"text\":\"Existing values with the same start date!\"}"}]}
RESULT: undefined
COMMAND: POST /session/558f637b9cb274befd50f388e951f207/execute/async - {"script":"<script> [6424 bytes]","args":[{"element-6066-11e4-a52e-4f735466cecf":"f.2DD1EF63A9CC2E68EF0E7B65F7915F84.d.E8B9F0D67C879A69DBE5BD95A2B7FF91.e.2197"},"getText",[]]}
RESULT: {"script":"<script> [6424 bytes]","args":[{"element-6066-11e4-a52e-4f735466cecf":"f.2DD1EF63A9CC2E68EF0E7B65F7915F84.d.E8B9F0D67C879A69DBE5BD95A2B7FF91.e.2197"},"getText",[]]}
COMMAND: POST /session/558f637b9cb274befd50f388e951f207/execute/async - {"script":"<script> [1562 bytes]","args":[{"selector":{"controlType":"sap.m.Button","properties":{"text":"OK"},"searchOpenDialogs":true,"interaction":{"idSuffix":"BDI-content"}},"wdio_ui5_key":"sapm.Button{\"text\":\"OK\"}"}]}
RESULT: {"script":"<script> [1562 bytes]","args":[{"selector":{"controlType":"sap.m.Button","properties":{"text":"OK"},"searchOpenDialogs":true,"interaction":{"idSuffix":"BDI-content"}},"wdio_ui5_key":"sapm.Button{\"text\":\"OK\"}"}]}
RESULT: undefined
COMMAND: POST /session/558f637b9cb274befd50f388e951f207/element - {"using":"xpath","value":"//*[@id=\"__mbox-btn-0\"]"}
RESULT: {"using":"xpath","value":"//*[@id=\"__mbox-btn-0\"]"}
COMMAND: POST /session/558f637b9cb274befd50f388e951f207/element/f.2DD1EF63A9CC2E68EF0E7B65F7915F84.d.E8B9F0D67C879A69DBE5BD95A2B7FF91.e.2194/click - {}
RESULT: {}
COMMAND: POST /session/558f637b9cb274befd50f388e951f207/execute/async - {"script":"<script> [1562 bytes]","args":[{"selector":{"controlType":"sap.m.DatePicker","viewName":"etm.portal.ui.managecatalogs.view.Detail","viewId":"application-managecatalogs-display-component---detailCatalog","bindingPath":{"propertyPath":"VALID_TO","modelName":"catalogModel"},"interaction":{"idSuffix":"inner"}},"wdio_ui5_key":"etmportal.ui.managecatalogs.view.Detailsap.m.DatePicker{\"propertyPath\":\"VALID_TO\",\"modelName\":\"catalogModel\"}"}]}
COMMAND: GET /session/558f637b9cb274befd50f388e951f207/screenshot - {}
RESULT: {"script":"<script> [1562 bytes]","args":[{"selector":{"controlType":"sap.m.DatePicker","viewName":"etm.portal.ui.managecatalogs.view.Detail","viewId":"application-managecatalogs-display-component---detailCatalog","bindingPath":{"propertyPath":"VALID_TO","modelName":"catalogModel"},"interaction":{"idSuffix":"inner"}},"wdio_ui5_key":"etmportal.ui.managecatalogs.view.Detailsap.m.DatePicker{\"propertyPath\":\"VALID_TO\",\"modelName\":\"catalogModel\"}"}]}
RESULT: undefined
COMMAND: POST /session/558f637b9cb274befd50f388e951f207/execute/async - {"script":"<script> [776 bytes]","args":[{"enterText":"06/01/25","selector":{"controlType":"sap.m.DatePicker","viewName":"etm.portal.ui.managecatalogs.view.Detail","viewId":"application-managecatalogs-display-component---detailCatalog","bindingPath":{"propertyPath":"VALID_TO","modelName":"catalogModel"},"interaction":{"idSuffix":"inner"}},"clearTextFirst":true,"interactionType":"ENTER_TEXT"}]}
RESULT: {}
RESULT: {"script":"<script> [776 bytes]","args":[{"enterText":"06/01/25","selector":{"controlType":"sap.m.DatePicker","viewName":"etm.portal.ui.managecatalogs.view.Detail","viewId":"application-managecatalogs-display-component---detailCatalog","bindingPath":{"propertyPath":"VALID_TO","modelName":"catalogModel"},"interaction":{"idSuffix":"inner"}},"clearTextFirst":true,"interactionType":"ENTER_TEXT"}]}
COMMAND: POST /session/558f637b9cb274befd50f388e951f207/element - {"using":"xpath","value":"(//input[contains(@id ,\"-application-managecatalogs-display-component---detailCatalog--ValuesTable-0-inner\")])[7]"}
RESULT: {"using":"xpath","value":"(//input[contains(@id ,\"-application-managecatalogs-display-component---detailCatalog--ValuesTable-0-inner\")])[7]"}
COMMAND: POST /session/558f637b9cb274befd50f388e951f207/element/f.2DD1EF63A9CC2E68EF0E7B65F7915F84.d.E8B9F0D67C879A69DBE5BD95A2B7FF91.e.2164/clear - {}
RESULT: {}
COMMAND: POST /session/558f637b9cb274befd50f388e951f207/element/f.2DD1EF63A9CC2E68EF0E7B65F7915F84.d.E8B9F0D67C879A69DBE5BD95A2B7FF91.e.2164/value - {"text":"06/01/25"}
COMMAND: GET /session/558f637b9cb274befd50f388e951f207/screenshot - {}
RESULT: {"text":"06/01/25"}
COMMAND: POST /session/558f637b9cb274befd50f388e951f207/element - {"using":"xpath","value":"(//input[contains(@id ,\"application-managecatalogs-display-component---detailCatalog--ValuesTable-1-inner\")])[6]"}
COMMAND: GET /session/558f637b9cb274befd50f388e951f207/screenshot - {}
RESULT: {}
RESULT: {"using":"xpath","value":"(//input[contains(@id ,\"application-managecatalogs-display-component---detailCatalog--ValuesTable-1-inner\")])[6]"}
COMMAND: POST /session/558f637b9cb274befd50f388e951f207/element/f.2DD1EF63A9CC2E68EF0E7B65F7915F84.d.E8B9F0D67C879A69DBE5BD95A2B7FF91.e.2187/clear - {}
RESULT: {}
RESULT: {}
COMMAND: POST /session/558f637b9cb274befd50f388e951f207/element/f.2DD1EF63A9CC2E68EF0E7B65F7915F84.d.E8B9F0D67C879A69DBE5BD95A2B7FF91.e.2187/value - {"text":"06/02/25"}
COMMAND: GET /session/558f637b9cb274befd50f388e951f207/screenshot - {}
RESULT: {"text":"06/02/25"}
COMMAND: POST /session/558f637b9cb274befd50f388e951f207/element - {"using":"xpath","value":"//bdi[contains(text(), \"Save\")]"}
COMMAND: GET /session/558f637b9cb274befd50f388e951f207/screenshot - {}
RESULT: {}
RESULT: {"using":"xpath","value":"//bdi[contains(text(), \"Save\")]"}
COMMAND: POST /session/558f637b9cb274befd50f388e951f207/element/f.2DD1EF63A9CC2E68EF0E7B65F7915F84.d.E8B9F0D67C879A69DBE5BD95A2B7FF91.e.2193/click - {}
RESULT: {}
RESULT: {}
COMMAND: POST /session/558f637b9cb274befd50f388e951f207/execute/async - {"script":"<script> [1562 bytes]","args":[{"selector":{"controlType":"sap.m.Title","properties":{"text":"Warning"},"searchOpenDialogs":true},"wdio_ui5_key":"sapm.Title{\"text\":\"Warning\"}"}]}
COMMAND: GET /session/558f637b9cb274befd50f388e951f207/screenshot - {}
RESULT: {"script":"<script> [1562 bytes]","args":[{"selector":{"controlType":"sap.m.Title","properties":{"text":"Warning"},"searchOpenDialogs":true},"wdio_ui5_key":"sapm.Title{\"text\":\"Warning\"}"}]}
RESULT: undefined
COMMAND: POST /session/558f637b9cb274befd50f388e951f207/execute/async - {"script":"<script> [6424 bytes]","args":[{"element-6066-11e4-a52e-4f735466cecf":"f.2DD1EF63A9CC2E68EF0E7B65F7915F84.d.E8B9F0D67C879A69DBE5BD95A2B7FF91.e.2205"},"getText",[]]}
RESULT: {}
RESULT: {"script":"<script> [6424 bytes]","args":[{"element-6066-11e4-a52e-4f735466cecf":"f.2DD1EF63A9CC2E68EF0E7B65F7915F84.d.E8B9F0D67C879A69DBE5BD95A2B7FF91.e.2205"},"getText",[]]}
COMMAND: POST /session/558f637b9cb274befd50f388e951f207/execute/async - {"script":"<script> [1562 bytes]","args":[{"selector":{"controlType":"sap.m.Button","properties":{"text":"Yes"},"searchOpenDialogs":true,"interaction":{"idSuffix":"BDI-content"}},"wdio_ui5_key":"sapm.Button{\"text\":\"Yes\"}"}]}
RESULT: {"script":"<script> [1562 bytes]","args":[{"selector":{"controlType":"sap.m.Button","properties":{"text":"Yes"},"searchOpenDialogs":true,"interaction":{"idSuffix":"BDI-content"}},"wdio_ui5_key":"sapm.Button{\"text\":\"Yes\"}"}]}
RESULT: undefined
COMMAND: POST /session/558f637b9cb274befd50f388e951f207/element - {"using":"xpath","value":"//*[@id=\"__mbox-btn-1\"]"}
RESULT: {"using":"xpath","value":"//*[@id=\"__mbox-btn-1\"]"}
COMMAND: POST /session/558f637b9cb274befd50f388e951f207/element/f.2DD1EF63A9CC2E68EF0E7B65F7915F84.d.E8B9F0D67C879A69DBE5BD95A2B7FF91.e.2202/click - {}
RESULT: {}
COMMAND: GET /session/558f637b9cb274befd50f388e951f207/screenshot - {}
RESULT: {}
COMMAND: POST /session/558f637b9cb274befd50f388e951f207/refresh - {}
RESULT: {}
COMMAND: GET /session/558f637b9cb274befd50f388e951f207/screenshot - {}
RESULT: {}
COMMAND: POST /session/558f637b9cb274befd50f388e951f207/execute/async - {"script":"<script> [189 bytes]","args":[]}
RESULT: {"script":"<script> [189 bytes]","args":[]}
COMMAND: POST /session/558f637b9cb274befd50f388e951f207/execute/async - {"script":"<script> [123 bytes]","args":[]}
RESULT: {"script":"<script> [123 bytes]","args":[]}
COMMAND: POST /session/558f637b9cb274befd50f388e951f207/timeouts - {"script":"<number>"}
RESULT: {"script":"<number>"}
COMMAND: GET /session/558f637b9cb274befd50f388e951f207/timeouts - {}
RESULT: {}
RESULT: undefined
COMMAND: POST /session/558f637b9cb274befd50f388e951f207/execute/async - {"script":"<script> [2676 bytes]","args":[]}
RESULT: {"script":"<script> [2676 bytes]","args":[]}
COMMAND: POST /session/558f637b9cb274befd50f388e951f207/execute/async - {"script":"<script> [2342 bytes]","args":[{"protocol":"http","hostname":"0.0.0.0","path":"/","capabilities":{"browserName":"chrome","goog:chromeOptions":{"binary":"C:\\Program Files\\Google\\Chrome\\Application\\chrome.exe","args":["--start-maximized"]}},"logLevel":"warn","connectionRetryTimeout":120000,"connectionRetryCount":3,"logLevels":{},"enableDirectConnect":true,"strictSSL":true,"_":"65 more keys: [\"cacheDir\",\"port\",\"requestedCapabilities\",\"automationProtocol\",\"baseUrl\",\"waitforInterval\",\"waitforTimeout\",\"onReload\",\"beforeCommand\",\"afterCommand\",\"rootDir\",\"specs\",\"suites\",\"exclude\",\"groupLogsByTestSpec\",\"excludeDriverLogs\",\"bail\",\"framework\",\"reporters\",\"services\",\"maxInstances\",\"maxInstancesPerCapability\",\"injectGlobals\",\"filesToWatch\",\"execArgv\",\"runnerEnv\",\"runner\",\"shard\",\"specFileRetries\",\"specFileRetriesDelay\",\"specFileRetriesDeferred\",\"reporterSyncInterval\",\"reporterSyncTimeout\",\"cucumberFeaturesWithLineNumbers\",\"autoCompileOpts\",\"mochaOpts\",\"jasmineOpts\",\"cucumberOpts\",\"onPrepare\",\"onWorkerStart\",\"onWorkerEnd\",\"before\",\"beforeSession\",\"beforeSuite\",\"beforeHook\",\"beforeTest\",\"afterTest\",\"afterHook\",\"afterSuite\",\"afterSession\",\"after\",\"onComplete\",\"beforeAssertion\",\"afterAssertion\",\"beforeFeature\",\"beforeScenario\",\"beforeStep\",\"afterStep\",\"afterScenario\",\"afterFeature\",\"_\",\"suite\",\"$0\",\"ignoredWorkerServices\",\"wdi5\"]"}]}
RESULT: {"script":"<script> [2342 bytes]","args":[{"protocol":"http","hostname":"0.0.0.0","path":"/","capabilities":{"browserName":"chrome","goog:chromeOptions":{"binary":"C:\\Program Files\\Google\\Chrome\\Application\\chrome.exe","args":["--start-maximized"]}},"logLevel":"warn","connectionRetryTimeout":120000,"connectionRetryCount":3,"logLevels":{},"enableDirectConnect":true,"strictSSL":true,"_":"65 more keys: [\"cacheDir\",\"port\",\"requestedCapabilities\",\"automationProtocol\",\"baseUrl\",\"waitforInterval\",\"waitforTimeout\",\"onReload\",\"beforeCommand\",\"afterCommand\",\"rootDir\",\"specs\",\"suites\",\"exclude\",\"groupLogsByTestSpec\",\"excludeDriverLogs\",\"bail\",\"framework\",\"reporters\",\"services\",\"maxInstances\",\"maxInstancesPerCapability\",\"injectGlobals\",\"filesToWatch\",\"execArgv\",\"runnerEnv\",\"runner\",\"shard\",\"specFileRetries\",\"specFileRetriesDelay\",\"specFileRetriesDeferred\",\"reporterSyncInterval\",\"reporterSyncTimeout\",\"cucumberFeaturesWithLineNumbers\",\"autoCompileOpts\",\"mochaOpts\",\"jasmineOpts\",\"cucumberOpts\",\"onPrepare\",\"onWorkerStart\",\"onWorkerEnd\",\"before\",\"beforeSession\",\"beforeSuite\",\"beforeHook\",\"beforeTest\",\"afterTest\",\"afterHook\",\"afterSuite\",\"afterSession\",\"after\",\"onComplete\",\"beforeAssertion\",\"afterAssertion\",\"beforeFeature\",\"beforeScenario\",\"beforeStep\",\"afterStep\",\"afterScenario\",\"afterFeature\",\"_\",\"suite\",\"$0\",\"ignoredWorkerServices\",\"wdi5\"]"}]}
COMMAND: POST /session/558f637b9cb274befd50f388e951f207/execute/async - {"script":"<script> [21126 bytes]","args":[35000]}
RESULT: {"script":"<script> [21126 bytes]","args":[35000]}
COMMAND: POST /session/558f637b9cb274befd50f388e951f207/execute/async - {"script":"<script> [1562 bytes]","args":[{"selector":{"id":"application-managecatalogs-display-component---detailCatalog--ValuesSmartTable-header"},"wdio_ui5_key":"applicationmanagecatalogs-display-component---detailCatalog--ValuesSmartTable-header"}]}
RESULT: {"script":"<script> [1562 bytes]","args":[{"selector":{"id":"application-managecatalogs-display-component---detailCatalog--ValuesSmartTable-header"},"wdio_ui5_key":"applicationmanagecatalogs-display-component---detailCatalog--ValuesSmartTable-header"}]}
RESULT: undefined
COMMAND: POST /session/558f637b9cb274befd50f388e951f207/execute/async - {"script":"<script> [6424 bytes]","args":[{"element-6066-11e4-a52e-4f735466cecf":"f.2DD1EF63A9CC2E68EF0E7B65F7915F84.d.B5D5CBA4F6B85F82F603FD3036944CAC.e.2286"},"getText",[]]}
RESULT: {"script":"<script> [6424 bytes]","args":[{"element-6066-11e4-a52e-4f735466cecf":"f.2DD1EF63A9CC2E68EF0E7B65F7915F84.d.B5D5CBA4F6B85F82F603FD3036944CAC.e.2286"},"getText",[]]}
COMMAND: POST /session/558f637b9cb274befd50f388e951f207/execute/async - {"script":"<script> [1562 bytes]","args":[{"selector":{"controlType":"sap.m.Button","viewName":"etm.portal.ui.managecatalogs.view.Detail","viewId":"application-managecatalogs-display-component---detailCatalog","i18NText":{"propertyName":"text","key":"edit"},"interaction":{"idSuffix":"BDI-content"}},"wdio_ui5_key":"etmportal.ui.managecatalogs.view.Detailsap.m.Button{\"propertyName\":\"text\",\"key\":\"edit\"}"}]}
RESULT: {"script":"<script> [1562 bytes]","args":[{"selector":{"controlType":"sap.m.Button","viewName":"etm.portal.ui.managecatalogs.view.Detail","viewId":"application-managecatalogs-display-component---detailCatalog","i18NText":{"propertyName":"text","key":"edit"},"interaction":{"idSuffix":"BDI-content"}},"wdio_ui5_key":"etmportal.ui.managecatalogs.view.Detailsap.m.Button{\"propertyName\":\"text\",\"key\":\"edit\"}"}]}
RESULT: undefined
COMMAND: POST /session/558f637b9cb274befd50f388e951f207/element - {"using":"xpath","value":"//*[@id=\"__button25\"]"}
RESULT: {"using":"xpath","value":"//*[@id=\"__button25\"]"}
COMMAND: POST /session/558f637b9cb274befd50f388e951f207/element/f.2DD1EF63A9CC2E68EF0E7B65F7915F84.d.B5D5CBA4F6B85F82F603FD3036944CAC.e.2288/click - {}
RESULT: {}
COMMAND: POST /session/558f637b9cb274befd50f388e951f207/execute/async - {"script":"<script> [1562 bytes]","args":[{"selector":{"id":"application-managecatalogs-display-component---detailCatalog--ObjectPageLayout-anchBar-application-managecatalogs-display-component---detailCatalog--sectionValues-anchor","interaction":{"idSuffix":"BDI-content"}},"wdio_ui5_key":"applicationmanagecatalogs-display-component---detailCatalog--ObjectPageLayout-anchBar-application-managecatalogs-display-component---detailCatalog--sectionValues-anchor"}]}
COMMAND: GET /session/558f637b9cb274befd50f388e951f207/screenshot - {}
RESULT: {"script":"<script> [1562 bytes]","args":[{"selector":{"id":"application-managecatalogs-display-component---detailCatalog--ObjectPageLayout-anchBar-application-managecatalogs-display-component---detailCatalog--sectionValues-anchor","interaction":{"idSuffix":"BDI-content"}},"wdio_ui5_key":"applicationmanagecatalogs-display-component---detailCatalog--ObjectPageLayout-anchBar-application-managecatalogs-display-component---detailCatalog--sectionValues-anchor"}]}
RESULT: undefined
COMMAND: POST /session/558f637b9cb274befd50f388e951f207/element - {"using":"xpath","value":"//*[@id=\"application-managecatalogs-display-component---detailCatalog--ObjectPageLayout-anchBar-application-managecatalogs-display-component---detailCatalog--sectionValues-anchor\"]"}
RESULT: {}
RESULT: {"using":"xpath","value":"//*[@id=\"application-managecatalogs-display-component---detailCatalog--ObjectPageLayout-anchBar-application-managecatalogs-display-component---detailCatalog--sectionValues-anchor\"]"}
COMMAND: POST /session/558f637b9cb274befd50f388e951f207/element/f.2DD1EF63A9CC2E68EF0E7B65F7915F84.d.B5D5CBA4F6B85F82F603FD3036944CAC.e.2329/click - {}
RESULT: {}
COMMAND: GET /session/558f637b9cb274befd50f388e951f207/screenshot - {}
RESULT: {}
COMMAND: POST /session/558f637b9cb274befd50f388e951f207/execute/async - {"script":"<script> [1562 bytes]","args":[{"selector":{"id":"application-managecatalogs-display-component---detailCatalog--ValuesTable-sa","interaction":{"idSuffix":"CbBg"}},"wdio_ui5_key":"applicationmanagecatalogs-display-component---detailCatalog--ValuesTable-sa"}]}
RESULT: {"script":"<script> [1562 bytes]","args":[{"selector":{"id":"application-managecatalogs-display-component---detailCatalog--ValuesTable-sa","interaction":{"idSuffix":"CbBg"}},"wdio_ui5_key":"applicationmanagecatalogs-display-component---detailCatalog--ValuesTable-sa"}]}
RESULT: undefined
COMMAND: POST /session/558f637b9cb274befd50f388e951f207/element - {"using":"xpath","value":"//*[@id=\"application-managecatalogs-display-component---detailCatalog--ValuesTable-sa\"]"}
RESULT: {"using":"xpath","value":"//*[@id=\"application-managecatalogs-display-component---detailCatalog--ValuesTable-sa\"]"}
COMMAND: POST /session/558f637b9cb274befd50f388e951f207/element/f.2DD1EF63A9CC2E68EF0E7B65F7915F84.d.B5D5CBA4F6B85F82F603FD3036944CAC.e.2335/click - {}
RESULT: {}
COMMAND: POST /session/558f637b9cb274befd50f388e951f207/execute/async - {"script":"<script> [1562 bytes]","args":[{"selector":{"controlType":"sap.ui.core.Icon","viewName":"etm.portal.ui.managecatalogs.view.Detail","viewId":"application-managecatalogs-display-component---detailCatalog","properties":{"src":{"regex":{"source":"delete"}}},"ancestor":{"id":"application-managecatalogs-display-component---detailCatalog--ValuesTable"}},"wdio_ui5_key":"etmportal.ui.managecatalogs.view.Detailsap.ui.core.Icon{\"src\":{\"regex\":{\"source\":\"delete\"}}}{\"id\":\"application-managecatalogs-display-component---detailCatalog--ValuesTable\"}"}]}
COMMAND: GET /session/558f637b9cb274befd50f388e951f207/screenshot - {}
RESULT: {"script":"<script> [1562 bytes]","args":[{"selector":{"controlType":"sap.ui.core.Icon","viewName":"etm.portal.ui.managecatalogs.view.Detail","viewId":"application-managecatalogs-display-component---detailCatalog","properties":{"src":{"regex":{"source":"delete"}}},"ancestor":{"id":"application-managecatalogs-display-component---detailCatalog--ValuesTable"}},"wdio_ui5_key":"etmportal.ui.managecatalogs.view.Detailsap.ui.core.Icon{\"src\":{\"regex\":{\"source\":\"delete\"}}}{\"id\":\"application-managecatalogs-display-component---detailCatalog--ValuesTable\"}"}]}
RESULT: undefined
COMMAND: POST /session/558f637b9cb274befd50f388e951f207/element - {"using":"xpath","value":"//*[@id=\"__button36-img\"]"}
RESULT: {}
RESULT: {"using":"xpath","value":"//*[@id=\"__button36-img\"]"}
COMMAND: POST /session/558f637b9cb274befd50f388e951f207/element/f.2DD1EF63A9CC2E68EF0E7B65F7915F84.d.B5D5CBA4F6B85F82F603FD3036944CAC.e.2338/click - {}
RESULT: {}
COMMAND: POST /session/558f637b9cb274befd50f388e951f207/execute/async - {"script":"<script> [1562 bytes]","args":[{"selector":{"controlType":"sap.m.Button","properties":{"text":"Yes"},"searchOpenDialogs":true,"interaction":{"idSuffix":"BDI-content"}},"wdio_ui5_key":"sapm.Button{\"text\":\"Yes\"}"}]}
COMMAND: GET /session/558f637b9cb274befd50f388e951f207/screenshot - {}
RESULT: {"script":"<script> [1562 bytes]","args":[{"selector":{"controlType":"sap.m.Button","properties":{"text":"Yes"},"searchOpenDialogs":true,"interaction":{"idSuffix":"BDI-content"}},"wdio_ui5_key":"sapm.Button{\"text\":\"Yes\"}"}]}
RESULT: undefined
COMMAND: POST /session/558f637b9cb274befd50f388e951f207/element - {"using":"xpath","value":"//*[@id=\"__mbox-btn-0\"]"}
RESULT: {}
RESULT: {"using":"xpath","value":"//*[@id=\"__mbox-btn-0\"]"}
COMMAND: POST /session/558f637b9cb274befd50f388e951f207/element/f.2DD1EF63A9CC2E68EF0E7B65F7915F84.d.B5D5CBA4F6B85F82F603FD3036944CAC.e.2340/click - {}
RESULT: {}
COMMAND: GET /session/558f637b9cb274befd50f388e951f207/screenshot - {}
RESULT: {}
COMMAND: POST /session/558f637b9cb274befd50f388e951f207/execute/async - {"script":"<script> [1562 bytes]","args":[{"selector":{"controlType":"sap.m.Button","viewName":"etm.portal.ui.managecatalogs.view.Detail","viewId":"application-managecatalogs-display-component---detailCatalog","i18NText":{"propertyName":"text","key":"save"},"interaction":{"idSuffix":"BDI-content"}},"wdio_ui5_key":"etmportal.ui.managecatalogs.view.Detailsap.m.Button{\"propertyName\":\"text\",\"key\":\"save\"}"}]}
RESULT: {"script":"<script> [1562 bytes]","args":[{"selector":{"controlType":"sap.m.Button","viewName":"etm.portal.ui.managecatalogs.view.Detail","viewId":"application-managecatalogs-display-component---detailCatalog","i18NText":{"propertyName":"text","key":"save"},"interaction":{"idSuffix":"BDI-content"}},"wdio_ui5_key":"etmportal.ui.managecatalogs.view.Detailsap.m.Button{\"propertyName\":\"text\",\"key\":\"save\"}"}]}
RESULT: undefined
COMMAND: POST /session/558f637b9cb274befd50f388e951f207/element - {"using":"xpath","value":"//*[@id=\"__button43\"]"}
RESULT: {"using":"xpath","value":"//*[@id=\"__button43\"]"}
COMMAND: POST /session/558f637b9cb274befd50f388e951f207/element/f.2DD1EF63A9CC2E68EF0E7B65F7915F84.d.B5D5CBA4F6B85F82F603FD3036944CAC.e.2345/click - {}
RESULT: {}
COMMAND: GET /session/558f637b9cb274befd50f388e951f207/screenshot - {}
RESULT: {}
RESULT: undefined
COMMAND: POST /session/558f637b9cb274befd50f388e951f207/element - {"using":"xpath","value":"//*[@id=\"__button25\"]"}
RESULT: {"using":"xpath","value":"//*[@id=\"__button25\"]"}
COMMAND: POST /session/558f637b9cb274befd50f388e951f207/element/f.2DD1EF63A9CC2E68EF0E7B65F7915F84.d.B5D5CBA4F6B85F82F603FD3036944CAC.e.2347/click - {}
RESULT: {}
COMMAND: GET /session/558f637b9cb274befd50f388e951f207/screenshot - {}
RESULT: {}
RESULT: undefined
COMMAND: POST /session/558f637b9cb274befd50f388e951f207/element - {"using":"xpath","value":"//*[@id=\"application-managecatalogs-display-component---detailCatalog--ObjectPageLayout-anchBar-application-managecatalogs-display-component---detailCatalog--sectionValues-anchor\"]"}
RESULT: {"using":"xpath","value":"//*[@id=\"application-managecatalogs-display-component---detailCatalog--ObjectPageLayout-anchBar-application-managecatalogs-display-component---detailCatalog--sectionValues-anchor\"]"}
COMMAND: POST /session/558f637b9cb274befd50f388e951f207/element/f.2DD1EF63A9CC2E68EF0E7B65F7915F84.d.B5D5CBA4F6B85F82F603FD3036944CAC.e.2384/click - {}
RESULT: {}
COMMAND: GET /session/558f637b9cb274befd50f388e951f207/screenshot - {}
RESULT: {}
COMMAND: POST /session/558f637b9cb274befd50f388e951f207/execute/async - {"script":"<script> [1562 bytes]","args":[{"selector":{"controlType":"sap.ui.core.Icon","viewName":"etm.portal.ui.managecatalogs.view.Detail","viewId":"application-managecatalogs-display-component---detailCatalog","properties":{"src":{"regex":{"source":"add"}}},"ancestor":{"id":"application-managecatalogs-display-component---detailCatalog--ValuesTable"}},"wdio_ui5_key":"etmportal.ui.managecatalogs.view.Detailsap.ui.core.Icon{\"src\":{\"regex\":{\"source\":\"add\"}}}{\"id\":\"application-managecatalogs-display-component---detailCatalog--ValuesTable\"}"}]}
RESULT: {"script":"<script> [1562 bytes]","args":[{"selector":{"controlType":"sap.ui.core.Icon","viewName":"etm.portal.ui.managecatalogs.view.Detail","viewId":"application-managecatalogs-display-component---detailCatalog","properties":{"src":{"regex":{"source":"add"}}},"ancestor":{"id":"application-managecatalogs-display-component---detailCatalog--ValuesTable"}},"wdio_ui5_key":"etmportal.ui.managecatalogs.view.Detailsap.ui.core.Icon{\"src\":{\"regex\":{\"source\":\"add\"}}}{\"id\":\"application-managecatalogs-display-component---detailCatalog--ValuesTable\"}"}]}
RESULT: undefined
COMMAND: POST /session/558f637b9cb274befd50f388e951f207/element - {"using":"xpath","value":"//*[@id=\"__button37-img\"]"}
RESULT: {"using":"xpath","value":"//*[@id=\"__button37-img\"]"}
COMMAND: POST /session/558f637b9cb274befd50f388e951f207/element/f.2DD1EF63A9CC2E68EF0E7B65F7915F84.d.B5D5CBA4F6B85F82F603FD3036944CAC.e.2387/click - {}
RESULT: {}
RESULT: undefined
COMMAND: POST /session/558f637b9cb274befd50f388e951f207/element - {"using":"xpath","value":"//*[@id=\"__button37-img\"]"}
COMMAND: GET /session/558f637b9cb274befd50f388e951f207/screenshot - {}
RESULT: {"using":"xpath","value":"//*[@id=\"__button37-img\"]"}
COMMAND: POST /session/558f637b9cb274befd50f388e951f207/element/f.2DD1EF63A9CC2E68EF0E7B65F7915F84.d.B5D5CBA4F6B85F82F603FD3036944CAC.e.2387/click - {}
RESULT: {}
RESULT: {}
COMMAND: POST /session/558f637b9cb274befd50f388e951f207/element - {"using":"xpath","value":"(//input[contains(@id ,\"application-managecatalogs-display-component---detailCatalog--ValuesTable-0-inner\")])[1]"}
COMMAND: GET /session/558f637b9cb274befd50f388e951f207/screenshot - {}
RESULT: {"using":"xpath","value":"(//input[contains(@id ,\"application-managecatalogs-display-component---detailCatalog--ValuesTable-0-inner\")])[1]"}
COMMAND: POST /session/558f637b9cb274befd50f388e951f207/element/f.2DD1EF63A9CC2E68EF0E7B65F7915F84.d.B5D5CBA4F6B85F82F603FD3036944CAC.e.2390/clear - {}
RESULT: {}
RESULT: {}
COMMAND: POST /session/558f637b9cb274befd50f388e951f207/element/f.2DD1EF63A9CC2E68EF0E7B65F7915F84.d.B5D5CBA4F6B85F82F603FD3036944CAC.e.2390/value - {"text":"D&I catalog price"}
COMMAND: GET /session/558f637b9cb274befd50f388e951f207/screenshot - {}
RESULT: {"text":"D&I catalog price"}
COMMAND: GET /session/558f637b9cb274befd50f388e951f207/screenshot - {}
RESULT: {}
RESULT: {}
COMMAND: POST /session/558f637b9cb274befd50f388e951f207/actions - {"actions":[{"id":"action12","type":"key","parameters":{},"actions":[{"type":"keyDown","value":""},{"type":"pause","duration":10},{"type":"keyUp","value":""}]}]}
RESULT: {"actions":[{"id":"action12","type":"key","parameters":{},"actions":[{"type":"keyDown","value":""},{"type":"pause","duration":10},{"type":"keyUp","value":""}]}]}
COMMAND: POST /session/558f637b9cb274befd50f388e951f207/element - {"using":"xpath","value":"(//input[contains(@id ,\"application-managecatalogs-display-component---detailCatalog--ValuesTable-1-inner\")])[1]"}
COMMAND: GET /session/558f637b9cb274befd50f388e951f207/screenshot - {}
RESULT: {"using":"xpath","value":"(//input[contains(@id ,\"application-managecatalogs-display-component---detailCatalog--ValuesTable-1-inner\")])[1]"}
COMMAND: POST /session/558f637b9cb274befd50f388e951f207/element/f.2DD1EF63A9CC2E68EF0E7B65F7915F84.d.B5D5CBA4F6B85F82F603FD3036944CAC.e.2404/clear - {}
RESULT: {}
RESULT: {}
COMMAND: POST /session/558f637b9cb274befd50f388e951f207/element/f.2DD1EF63A9CC2E68EF0E7B65F7915F84.d.B5D5CBA4F6B85F82F603FD3036944CAC.e.2404/value - {"text":"D&I catalog price"}
COMMAND: GET /session/558f637b9cb274befd50f388e951f207/screenshot - {}
RESULT: {"text":"D&I catalog price"}
COMMAND: GET /session/558f637b9cb274befd50f388e951f207/screenshot - {}
RESULT: {}
RESULT: {}
COMMAND: POST /session/558f637b9cb274befd50f388e951f207/actions - {"actions":[{"id":"action13","type":"key","parameters":{},"actions":[{"type":"keyDown","value":""},{"type":"pause","duration":10},{"type":"keyUp","value":""}]}]}
RESULT: {"actions":[{"id":"action13","type":"key","parameters":{},"actions":[{"type":"keyDown","value":""},{"type":"pause","duration":10},{"type":"keyUp","value":""}]}]}
COMMAND: POST /session/558f637b9cb274befd50f388e951f207/element - {"using":"xpath","value":"(//input[contains(@id ,\"application-managecatalogs-display-component---detailCatalog--ValuesTable-0-inner\")])[8]"}
COMMAND: GET /session/558f637b9cb274befd50f388e951f207/screenshot - {}
RESULT: {"using":"xpath","value":"(//input[contains(@id ,\"application-managecatalogs-display-component---detailCatalog--ValuesTable-0-inner\")])[8]"}
COMMAND: POST /session/558f637b9cb274befd50f388e951f207/element/f.2DD1EF63A9CC2E68EF0E7B65F7915F84.d.B5D5CBA4F6B85F82F603FD3036944CAC.e.2397/clear - {}
RESULT: {}
RESULT: {}
COMMAND: POST /session/558f637b9cb274befd50f388e951f207/element/f.2DD1EF63A9CC2E68EF0E7B65F7915F84.d.B5D5CBA4F6B85F82F603FD3036944CAC.e.2397/value - {"text":"101"}
COMMAND: GET /session/558f637b9cb274befd50f388e951f207/screenshot - {}
RESULT: {"text":"101"}
COMMAND: GET /session/558f637b9cb274befd50f388e951f207/screenshot - {}
RESULT: {}
RESULT: {}
COMMAND: POST /session/558f637b9cb274befd50f388e951f207/actions - {"actions":[{"id":"action14","type":"key","parameters":{},"actions":[{"type":"keyDown","value":""},{"type":"pause","duration":10},{"type":"keyUp","value":""}]}]}
RESULT: {"actions":[{"id":"action14","type":"key","parameters":{},"actions":[{"type":"keyDown","value":""},{"type":"pause","duration":10},{"type":"keyUp","value":""}]}]}
COMMAND: POST /session/558f637b9cb274befd50f388e951f207/element - {"using":"xpath","value":"(//input[contains(@id ,\"application-managecatalogs-display-component---detailCatalog--ValuesTable-1-inner\")])[8]"}
COMMAND: GET /session/558f637b9cb274befd50f388e951f207/screenshot - {}
RESULT: {"using":"xpath","value":"(//input[contains(@id ,\"application-managecatalogs-display-component---detailCatalog--ValuesTable-1-inner\")])[8]"}
COMMAND: POST /session/558f637b9cb274befd50f388e951f207/element/f.2DD1EF63A9CC2E68EF0E7B65F7915F84.d.B5D5CBA4F6B85F82F603FD3036944CAC.e.2411/clear - {}
RESULT: {}
RESULT: {}
COMMAND: POST /session/558f637b9cb274befd50f388e951f207/element/f.2DD1EF63A9CC2E68EF0E7B65F7915F84.d.B5D5CBA4F6B85F82F603FD3036944CAC.e.2411/value - {"text":"101"}
COMMAND: GET /session/558f637b9cb274befd50f388e951f207/screenshot - {}
RESULT: {"text":"101"}
COMMAND: GET /session/558f637b9cb274befd50f388e951f207/screenshot - {}
RESULT: {}
RESULT: {}
COMMAND: POST /session/558f637b9cb274befd50f388e951f207/actions - {"actions":[{"id":"action15","type":"key","parameters":{},"actions":[{"type":"keyDown","value":""},{"type":"pause","duration":10},{"type":"keyUp","value":""}]}]}
RESULT: {"actions":[{"id":"action15","type":"key","parameters":{},"actions":[{"type":"keyDown","value":""},{"type":"pause","duration":10},{"type":"keyUp","value":""}]}]}
RESULT: undefined
COMMAND: POST /session/558f637b9cb274befd50f388e951f207/element - {"using":"xpath","value":"//*[@id=\"__button43\"]"}
COMMAND: GET /session/558f637b9cb274befd50f388e951f207/screenshot - {}
RESULT: {"using":"xpath","value":"//*[@id=\"__button43\"]"}
COMMAND: POST /session/558f637b9cb274befd50f388e951f207/element/f.2DD1EF63A9CC2E68EF0E7B65F7915F84.d.B5D5CBA4F6B85F82F603FD3036944CAC.e.2376/click - {}
RESULT: {}
RESULT: {}
COMMAND: GET /session/558f637b9cb274befd50f388e951f207/screenshot - {}
RESULT: {}
COMMAND: POST /session/558f637b9cb274befd50f388e951f207/execute/async - {"script":"<script> [1562 bytes]","args":[{"selector":{"controlType":"sap.m.Text","properties":{"text":"Existing values with the same start date!"},"searchOpenDialogs":true},"wdio_ui5_key":"sapm.Text{\"text\":\"Existing values with the same start date!\"}"}]}
RESULT: {"script":"<script> [1562 bytes]","args":[{"selector":{"controlType":"sap.m.Text","properties":{"text":"Existing values with the same start date!"},"searchOpenDialogs":true},"wdio_ui5_key":"sapm.Text{\"text\":\"Existing values with the same start date!\"}"}]}
RESULT: undefined
COMMAND: POST /session/558f637b9cb274befd50f388e951f207/execute/async - {"script":"<script> [6424 bytes]","args":[{"element-6066-11e4-a52e-4f735466cecf":"f.2DD1EF63A9CC2E68EF0E7B65F7915F84.d.B5D5CBA4F6B85F82F603FD3036944CAC.e.2461"},"getText",[]]}
RESULT: {"script":"<script> [6424 bytes]","args":[{"element-6066-11e4-a52e-4f735466cecf":"f.2DD1EF63A9CC2E68EF0E7B65F7915F84.d.B5D5CBA4F6B85F82F603FD3036944CAC.e.2461"},"getText",[]]}
COMMAND: POST /session/558f637b9cb274befd50f388e951f207/execute/async - {"script":"<script> [1562 bytes]","args":[{"selector":{"controlType":"sap.m.Button","properties":{"text":"OK"},"searchOpenDialogs":true,"interaction":{"idSuffix":"BDI-content"}},"wdio_ui5_key":"sapm.Button{\"text\":\"OK\"}"}]}
RESULT: {"script":"<script> [1562 bytes]","args":[{"selector":{"controlType":"sap.m.Button","properties":{"text":"OK"},"searchOpenDialogs":true,"interaction":{"idSuffix":"BDI-content"}},"wdio_ui5_key":"sapm.Button{\"text\":\"OK\"}"}]}
RESULT: undefined
COMMAND: POST /session/558f637b9cb274befd50f388e951f207/element - {"using":"xpath","value":"//*[@id=\"__mbox-btn-2\"]"}
RESULT: {"using":"xpath","value":"//*[@id=\"__mbox-btn-2\"]"}
COMMAND: POST /session/558f637b9cb274befd50f388e951f207/element/f.2DD1EF63A9CC2E68EF0E7B65F7915F84.d.B5D5CBA4F6B85F82F603FD3036944CAC.e.2457/click - {}
RESULT: {}
COMMAND: POST /session/558f637b9cb274befd50f388e951f207/element - {"using":"xpath","value":"(//input[contains(@id ,\"application-managecatalogs-display-component---detailCatalog--ValuesTable-0-inner\")])[8]"}
COMMAND: GET /session/558f637b9cb274befd50f388e951f207/screenshot - {}
RESULT: {"using":"xpath","value":"(//input[contains(@id ,\"application-managecatalogs-display-component---detailCatalog--ValuesTable-0-inner\")])[8]"}
COMMAND: POST /session/558f637b9cb274befd50f388e951f207/element/f.2DD1EF63A9CC2E68EF0E7B65F7915F84.d.B5D5CBA4F6B85F82F603FD3036944CAC.e.2397/clear - {}
RESULT: {}
RESULT: {}
COMMAND: POST /session/558f637b9cb274befd50f388e951f207/element/f.2DD1EF63A9CC2E68EF0E7B65F7915F84.d.B5D5CBA4F6B85F82F603FD3036944CAC.e.2397/value - {"text":"102"}
COMMAND: GET /session/558f637b9cb274befd50f388e951f207/screenshot - {}
RESULT: {"text":"102"}
COMMAND: GET /session/558f637b9cb274befd50f388e951f207/screenshot - {}
RESULT: {}
RESULT: {}
COMMAND: POST /session/558f637b9cb274befd50f388e951f207/actions - {"actions":[{"id":"action16","type":"key","parameters":{},"actions":[{"type":"keyDown","value":""},{"type":"pause","duration":10},{"type":"keyUp","value":""}]}]}
RESULT: {"actions":[{"id":"action16","type":"key","parameters":{},"actions":[{"type":"keyDown","value":""},{"type":"pause","duration":10},{"type":"keyUp","value":""}]}]}
COMMAND: GET /session/558f637b9cb274befd50f388e951f207/screenshot - {}
RESULT: {}
RESULT: undefined
COMMAND: POST /session/558f637b9cb274befd50f388e951f207/element - {"using":"xpath","value":"//*[@id=\"__button43\"]"}
RESULT: {"using":"xpath","value":"//*[@id=\"__button43\"]"}
COMMAND: POST /session/558f637b9cb274befd50f388e951f207/element/f.2DD1EF63A9CC2E68EF0E7B65F7915F84.d.B5D5CBA4F6B85F82F603FD3036944CAC.e.2376/click - {}
RESULT: {}
COMMAND: GET /session/558f637b9cb274befd50f388e951f207/screenshot - {}
RESULT: {}
COMMAND: POST /session/558f637b9cb274befd50f388e951f207/refresh - {}
RESULT: {}
COMMAND: GET /session/558f637b9cb274befd50f388e951f207/screenshot - {}
RESULT: {}
COMMAND: POST /session/558f637b9cb274befd50f388e951f207/execute/async - {"script":"<script> [189 bytes]","args":[]}
RESULT: {"script":"<script> [189 bytes]","args":[]}
COMMAND: POST /session/558f637b9cb274befd50f388e951f207/execute/async - {"script":"<script> [123 bytes]","args":[]}
RESULT: {"script":"<script> [123 bytes]","args":[]}
COMMAND: POST /session/558f637b9cb274befd50f388e951f207/timeouts - {"script":"<number>"}
RESULT: {"script":"<number>"}
COMMAND: GET /session/558f637b9cb274befd50f388e951f207/timeouts - {}
RESULT: {}
RESULT: undefined
COMMAND: POST /session/558f637b9cb274befd50f388e951f207/execute/async - {"script":"<script> [2676 bytes]","args":[]}
RESULT: {"script":"<script> [2676 bytes]","args":[]}
COMMAND: POST /session/558f637b9cb274befd50f388e951f207/execute/async - {"script":"<script> [2342 bytes]","args":[{"protocol":"http","hostname":"0.0.0.0","path":"/","capabilities":{"browserName":"chrome","goog:chromeOptions":{"binary":"C:\\Program Files\\Google\\Chrome\\Application\\chrome.exe","args":["--start-maximized"]}},"logLevel":"warn","connectionRetryTimeout":120000,"connectionRetryCount":3,"logLevels":{},"enableDirectConnect":true,"strictSSL":true,"_":"65 more keys: [\"cacheDir\",\"port\",\"requestedCapabilities\",\"automationProtocol\",\"baseUrl\",\"waitforInterval\",\"waitforTimeout\",\"onReload\",\"beforeCommand\",\"afterCommand\",\"rootDir\",\"specs\",\"suites\",\"exclude\",\"groupLogsByTestSpec\",\"excludeDriverLogs\",\"bail\",\"framework\",\"reporters\",\"services\",\"maxInstances\",\"maxInstancesPerCapability\",\"injectGlobals\",\"filesToWatch\",\"execArgv\",\"runnerEnv\",\"runner\",\"shard\",\"specFileRetries\",\"specFileRetriesDelay\",\"specFileRetriesDeferred\",\"reporterSyncInterval\",\"reporterSyncTimeout\",\"cucumberFeaturesWithLineNumbers\",\"autoCompileOpts\",\"mochaOpts\",\"jasmineOpts\",\"cucumberOpts\",\"onPrepare\",\"onWorkerStart\",\"onWorkerEnd\",\"before\",\"beforeSession\",\"beforeSuite\",\"beforeHook\",\"beforeTest\",\"afterTest\",\"afterHook\",\"afterSuite\",\"afterSession\",\"after\",\"onComplete\",\"beforeAssertion\",\"afterAssertion\",\"beforeFeature\",\"beforeScenario\",\"beforeStep\",\"afterStep\",\"afterScenario\",\"afterFeature\",\"_\",\"suite\",\"$0\",\"ignoredWorkerServices\",\"wdi5\"]"}]}
RESULT: {"script":"<script> [2342 bytes]","args":[{"protocol":"http","hostname":"0.0.0.0","path":"/","capabilities":{"browserName":"chrome","goog:chromeOptions":{"binary":"C:\\Program Files\\Google\\Chrome\\Application\\chrome.exe","args":["--start-maximized"]}},"logLevel":"warn","connectionRetryTimeout":120000,"connectionRetryCount":3,"logLevels":{},"enableDirectConnect":true,"strictSSL":true,"_":"65 more keys: [\"cacheDir\",\"port\",\"requestedCapabilities\",\"automationProtocol\",\"baseUrl\",\"waitforInterval\",\"waitforTimeout\",\"onReload\",\"beforeCommand\",\"afterCommand\",\"rootDir\",\"specs\",\"suites\",\"exclude\",\"groupLogsByTestSpec\",\"excludeDriverLogs\",\"bail\",\"framework\",\"reporters\",\"services\",\"maxInstances\",\"maxInstancesPerCapability\",\"injectGlobals\",\"filesToWatch\",\"execArgv\",\"runnerEnv\",\"runner\",\"shard\",\"specFileRetries\",\"specFileRetriesDelay\",\"specFileRetriesDeferred\",\"reporterSyncInterval\",\"reporterSyncTimeout\",\"cucumberFeaturesWithLineNumbers\",\"autoCompileOpts\",\"mochaOpts\",\"jasmineOpts\",\"cucumberOpts\",\"onPrepare\",\"onWorkerStart\",\"onWorkerEnd\",\"before\",\"beforeSession\",\"beforeSuite\",\"beforeHook\",\"beforeTest\",\"afterTest\",\"afterHook\",\"afterSuite\",\"afterSession\",\"after\",\"onComplete\",\"beforeAssertion\",\"afterAssertion\",\"beforeFeature\",\"beforeScenario\",\"beforeStep\",\"afterStep\",\"afterScenario\",\"afterFeature\",\"_\",\"suite\",\"$0\",\"ignoredWorkerServices\",\"wdi5\"]"}]}
COMMAND: POST /session/558f637b9cb274befd50f388e951f207/execute/async - {"script":"<script> [21126 bytes]","args":[35000]}
RESULT: {"script":"<script> [21126 bytes]","args":[35000]}
COMMAND: POST /session/558f637b9cb274befd50f388e951f207/execute/async - {"script":"<script> [1562 bytes]","args":[{"selector":{"id":"application-managecatalogs-display-component---detailCatalog--ValuesSmartTable-header"},"wdio_ui5_key":"applicationmanagecatalogs-display-component---detailCatalog--ValuesSmartTable-header"}]}
RESULT: {"script":"<script> [1562 bytes]","args":[{"selector":{"id":"application-managecatalogs-display-component---detailCatalog--ValuesSmartTable-header"},"wdio_ui5_key":"applicationmanagecatalogs-display-component---detailCatalog--ValuesSmartTable-header"}]}
RESULT: undefined
COMMAND: POST /session/558f637b9cb274befd50f388e951f207/execute/async - {"script":"<script> [6424 bytes]","args":[{"element-6066-11e4-a52e-4f735466cecf":"f.2DD1EF63A9CC2E68EF0E7B65F7915F84.d.FDB7DF69A9DE03D525C7636791AA3E1D.e.2531"},"getText",[]]}
RESULT: {"script":"<script> [6424 bytes]","args":[{"element-6066-11e4-a52e-4f735466cecf":"f.2DD1EF63A9CC2E68EF0E7B65F7915F84.d.FDB7DF69A9DE03D525C7636791AA3E1D.e.2531"},"getText",[]]}
COMMAND: POST /session/558f637b9cb274befd50f388e951f207/element - {"using":"css selector","value":"#shell-header-logo"}
RESULT: {"using":"css selector","value":"#shell-header-logo"}
COMMAND: POST /session/558f637b9cb274befd50f388e951f207/element/f.2DD1EF63A9CC2E68EF0E7B65F7915F84.d.FDB7DF69A9DE03D525C7636791AA3E1D.e.2501/click - {}
RESULT: {}
COMMAND: GET /session/558f637b9cb274befd50f388e951f207/screenshot - {}
RESULT: {}
]]></system-out>
    </testcase>
  </testsuite>
  <testsuite timestamp="2025-05-31T16:03:41" time="350.123" tests="4" failures="2" errors="2" skipped="0">
    <properties>
      <property name="specId" value="0"/>
      <property name="suiteName" value="Verify RU inventory split cost information US139363"/>
      <property name="capabilities" value="chrome.136_0_7103_93.windows"/>
      <property name="file" value="file:///D:/a/1/s/test/specs/R2C/verify-ru-inventory-split-cost-information.spec.js"/>
    </properties>
    <testcase classname="chrome.136_0_7103_93.windows.Verify_RU_inventory_split_cost_information_US139363" name="Should create a new contract" time="104.733">
      <system-out><![CDATA[
COMMAND: POST /session/558f637b9cb274befd50f388e951f207/execute/async - {"script":"<script> [1562 bytes]","args":[{"selector":{"controlType":"sap.m.GenericTile","properties":{"header":"Manage Contracts"}},"wdio_ui5_key":"sapm.GenericTile{\"header\":\"Manage Contracts\"}"}]}
RESULT: {"script":"<script> [1562 bytes]","args":[{"selector":{"controlType":"sap.m.GenericTile","properties":{"header":"Manage Contracts"}},"wdio_ui5_key":"sapm.GenericTile{\"header\":\"Manage Contracts\"}"}]}
RESULT: undefined
COMMAND: POST /session/558f637b9cb274befd50f388e951f207/element - {"using":"xpath","value":"//*[@id=\"__tile130\"]"}
RESULT: {"using":"xpath","value":"//*[@id=\"__tile130\"]"}
COMMAND: POST /session/558f637b9cb274befd50f388e951f207/element/f.2DD1EF63A9CC2E68EF0E7B65F7915F84.d.FDB7DF69A9DE03D525C7636791AA3E1D.e.2546/click - {}
RESULT: {}
COMMAND: GET /session/558f637b9cb274befd50f388e951f207/screenshot - {}
RESULT: {}
COMMAND: POST /session/558f637b9cb274befd50f388e951f207/elements - {"using":"xpath","value":"//span[text()='Error']"}
RESULT: {"using":"xpath","value":"//span[text()='Error']"}
COMMAND: POST /session/558f637b9cb274befd50f388e951f207/element - {"using":"xpath","value":"//button[@data-kt=\"addButton\"]"}
RESULT: {"using":"xpath","value":"//button[@data-kt=\"addButton\"]"}
COMMAND: POST /session/558f637b9cb274befd50f388e951f207/element/f.2DD1EF63A9CC2E68EF0E7B65F7915F84.d.FDB7DF69A9DE03D525C7636791AA3E1D.e.2598/click - {}
RESULT: {}
COMMAND: GET /session/558f637b9cb274befd50f388e951f207/screenshot - {}
RESULT: {}
COMMAND: POST /session/558f637b9cb274befd50f388e951f207/execute/async - {"script":"<script> [1562 bytes]","args":[{"selector":{"id":"application-managecontracts-display-component---AddNewContract--projectDescription","interaction":{"idSuffix":"inner"}},"wdio_ui5_key":"applicationmanagecontracts-display-component---AddNewContract--projectDescription"}]}
RESULT: {"script":"<script> [1562 bytes]","args":[{"selector":{"id":"application-managecontracts-display-component---AddNewContract--projectDescription","interaction":{"idSuffix":"inner"}},"wdio_ui5_key":"applicationmanagecontracts-display-component---AddNewContract--projectDescription"}]}
RESULT: undefined
COMMAND: POST /session/558f637b9cb274befd50f388e951f207/execute/async - {"script":"<script> [776 bytes]","args":[{"enterText":"WdIOTestal8d6","selector":{"id":"application-managecontracts-display-component---AddNewContract--projectDescription","interaction":{"idSuffix":"inner"}},"clearTextFirst":true,"interactionType":"ENTER_TEXT"}]}
RESULT: {"script":"<script> [776 bytes]","args":[{"enterText":"WdIOTestal8d6","selector":{"id":"application-managecontracts-display-component---AddNewContract--projectDescription","interaction":{"idSuffix":"inner"}},"clearTextFirst":true,"interactionType":"ENTER_TEXT"}]}
COMMAND: POST /session/558f637b9cb274befd50f388e951f207/element - {"using":"xpath","value":"//input[@id=\"application-managecontracts-display-component---AddNewContract--yardId-inner\"]"}
RESULT: {"using":"xpath","value":"//input[@id=\"application-managecontracts-display-component---AddNewContract--yardId-inner\"]"}
COMMAND: POST /session/558f637b9cb274befd50f388e951f207/element/f.2DD1EF63A9CC2E68EF0E7B65F7915F84.d.FDB7DF69A9DE03D525C7636791AA3E1D.e.2861/clear - {}
RESULT: {}
COMMAND: POST /session/558f637b9cb274befd50f388e951f207/element/f.2DD1EF63A9CC2E68EF0E7B65F7915F84.d.FDB7DF69A9DE03D525C7636791AA3E1D.e.2861/value - {"text":"webdriveryard"}
COMMAND: GET /session/558f637b9cb274befd50f388e951f207/screenshot - {}
RESULT: {"text":"webdriveryard"}
COMMAND: GET /session/558f637b9cb274befd50f388e951f207/screenshot - {}
RESULT: {}
RESULT: {}
COMMAND: POST /session/558f637b9cb274befd50f388e951f207/actions - {"actions":[{"id":"action17","type":"key","parameters":{},"actions":[{"type":"keyDown","value":""},{"type":"pause","duration":10},{"type":"keyUp","value":""}]}]}
RESULT: {"actions":[{"id":"action17","type":"key","parameters":{},"actions":[{"type":"keyDown","value":""},{"type":"pause","duration":10},{"type":"keyUp","value":""}]}]}
COMMAND: GET /session/558f637b9cb274befd50f388e951f207/screenshot - {}
RESULT: {}
COMMAND: POST /session/558f637b9cb274befd50f388e951f207/element - {"using":"xpath","value":"//input[@id=\"application-managecontracts-display-component---AddNewContract--customerSelect-inner\"]"}
RESULT: {"using":"xpath","value":"//input[@id=\"application-managecontracts-display-component---AddNewContract--customerSelect-inner\"]"}
COMMAND: POST /session/558f637b9cb274befd50f388e951f207/element/f.2DD1EF63A9CC2E68EF0E7B65F7915F84.d.FDB7DF69A9DE03D525C7636791AA3E1D.e.2859/clear - {}
RESULT: {}
COMMAND: POST /session/558f637b9cb274befd50f388e951f207/element/f.2DD1EF63A9CC2E68EF0E7B65F7915F84.d.FDB7DF69A9DE03D525C7636791AA3E1D.e.2859/value - {"text":"webdriverpartner"}
COMMAND: GET /session/558f637b9cb274befd50f388e951f207/screenshot - {}
RESULT: {"text":"webdriverpartner"}
COMMAND: GET /session/558f637b9cb274befd50f388e951f207/screenshot - {}
RESULT: {}
RESULT: {}
COMMAND: POST /session/558f637b9cb274befd50f388e951f207/actions - {"actions":[{"id":"action18","type":"key","parameters":{},"actions":[{"type":"keyDown","value":""},{"type":"pause","duration":10},{"type":"keyUp","value":""}]}]}
RESULT: {"actions":[{"id":"action18","type":"key","parameters":{},"actions":[{"type":"keyDown","value":""},{"type":"pause","duration":10},{"type":"keyUp","value":""}]}]}
COMMAND: GET /session/558f637b9cb274befd50f388e951f207/screenshot - {}
RESULT: {}
COMMAND: POST /session/558f637b9cb274befd50f388e951f207/element - {"using":"xpath","value":"//input[@id=\"application-managecontracts-display-component---AddNewContract--site-inner\"]"}
RESULT: {"using":"xpath","value":"//input[@id=\"application-managecontracts-display-component---AddNewContract--site-inner\"]"}
COMMAND: POST /session/558f637b9cb274befd50f388e951f207/element/f.2DD1EF63A9CC2E68EF0E7B65F7915F84.d.FDB7DF69A9DE03D525C7636791AA3E1D.e.2860/clear - {}
RESULT: {}
COMMAND: POST /session/558f637b9cb274befd50f388e951f207/element/f.2DD1EF63A9CC2E68EF0E7B65F7915F84.d.FDB7DF69A9DE03D525C7636791AA3E1D.e.2860/value - {"text":"Webdriversite"}
COMMAND: GET /session/558f637b9cb274befd50f388e951f207/screenshot - {}
RESULT: {"text":"Webdriversite"}
COMMAND: GET /session/558f637b9cb274befd50f388e951f207/screenshot - {}
RESULT: {}
RESULT: {}
COMMAND: POST /session/558f637b9cb274befd50f388e951f207/actions - {"actions":[{"id":"action19","type":"key","parameters":{},"actions":[{"type":"keyDown","value":""},{"type":"pause","duration":10},{"type":"keyUp","value":""}]}]}
RESULT: {"actions":[{"id":"action19","type":"key","parameters":{},"actions":[{"type":"keyDown","value":""},{"type":"pause","duration":10},{"type":"keyUp","value":""}]}]}
COMMAND: GET /session/558f637b9cb274befd50f388e951f207/screenshot - {}
COMMAND: POST /session/558f637b9cb274befd50f388e951f207/element - {"using":"xpath","value":"//button[@data-kt=\"saveButton\"]"}
RESULT: {}
RESULT: {"using":"xpath","value":"//button[@data-kt=\"saveButton\"]"}
COMMAND: POST /session/558f637b9cb274befd50f388e951f207/element/f.2DD1EF63A9CC2E68EF0E7B65F7915F84.d.FDB7DF69A9DE03D525C7636791AA3E1D.e.2934/click - {}
RESULT: {}
COMMAND: GET /session/558f637b9cb274befd50f388e951f207/screenshot - {}
RESULT: {}
COMMAND: POST /session/558f637b9cb274befd50f388e951f207/execute/async - {"script":"<script> [1562 bytes]","args":[{"selector":{"id":"contractDetailTitleNoExpanded","viewName":"etm.portal.ui.managecontracts.view.Detail"},"wdio_ui5_key":"contractDetailTitleNoExpandedetmportal.ui.managecontracts.view.Detail"}]}
RESULT: {"script":"<script> [1562 bytes]","args":[{"selector":{"id":"contractDetailTitleNoExpanded","viewName":"etm.portal.ui.managecontracts.view.Detail"},"wdio_ui5_key":"contractDetailTitleNoExpandedetmportal.ui.managecontracts.view.Detail"}]}
RESULT: undefined
COMMAND: POST /session/558f637b9cb274befd50f388e951f207/execute/async - {"script":"<script> [6424 bytes]","args":[{"element-6066-11e4-a52e-4f735466cecf":"f.2DD1EF63A9CC2E68EF0E7B65F7915F84.d.FDB7DF69A9DE03D525C7636791AA3E1D.e.2960"},"getText",[]]}
RESULT: {"script":"<script> [6424 bytes]","args":[{"element-6066-11e4-a52e-4f735466cecf":"f.2DD1EF63A9CC2E68EF0E7B65F7915F84.d.FDB7DF69A9DE03D525C7636791AA3E1D.e.2960"},"getText",[]]}
COMMAND: POST /session/558f637b9cb274befd50f388e951f207/element - {"using":"css selector","value":"#shell-header-logo"}
RESULT: {"using":"css selector","value":"#shell-header-logo"}
COMMAND: POST /session/558f637b9cb274befd50f388e951f207/element/f.2DD1EF63A9CC2E68EF0E7B65F7915F84.d.FDB7DF69A9DE03D525C7636791AA3E1D.e.2549/click - {}
RESULT: {}
COMMAND: GET /session/558f637b9cb274befd50f388e951f207/screenshot - {}
RESULT: {}
]]></system-out>
    </testcase>
    <testcase classname="chrome.136_0_7103_93.windows.Verify_RU_inventory_split_cost_information_US139363" name="Should create a new equipment" time="129.498">
      <system-out><![CDATA[
COMMAND: POST /session/558f637b9cb274befd50f388e951f207/execute/async - {"script":"<script> [1562 bytes]","args":[{"selector":{"controlType":"sap.m.GenericTile","properties":{"header":"Manage Resources"}},"wdio_ui5_key":"sapm.GenericTile{\"header\":\"Manage Resources\"}"}]}
RESULT: {"script":"<script> [1562 bytes]","args":[{"selector":{"controlType":"sap.m.GenericTile","properties":{"header":"Manage Resources"}},"wdio_ui5_key":"sapm.GenericTile{\"header\":\"Manage Resources\"}"}]}
RESULT: undefined
COMMAND: POST /session/558f637b9cb274befd50f388e951f207/element - {"using":"xpath","value":"//*[@id=\"__tile39\"]"}
RESULT: {"using":"xpath","value":"//*[@id=\"__tile39\"]"}
COMMAND: POST /session/558f637b9cb274befd50f388e951f207/element/f.2DD1EF63A9CC2E68EF0E7B65F7915F84.d.FDB7DF69A9DE03D525C7636791AA3E1D.e.2963/click - {}
RESULT: {}
COMMAND: GET /session/558f637b9cb274befd50f388e951f207/screenshot - {}
RESULT: {}
COMMAND: POST /session/558f637b9cb274befd50f388e951f207/elements - {"using":"xpath","value":"//span[text()='Error']"}
RESULT: {"using":"xpath","value":"//span[text()='Error']"}
COMMAND: POST /session/558f637b9cb274befd50f388e951f207/element - {"using":"xpath","value":"//button[@data-kt=\"addNewRUOverflowToolbarButton\"]"}
RESULT: {"using":"xpath","value":"//button[@data-kt=\"addNewRUOverflowToolbarButton\"]"}
COMMAND: POST /session/558f637b9cb274befd50f388e951f207/execute/sync - {"script":"<script> [8489 bytes]","args":[{"element-6066-11e4-a52e-4f735466cecf":"f.2DD1EF63A9CC2E68EF0E7B65F7915F84.d.FDB7DF69A9DE03D525C7636791AA3E1D.e.3005","ELEMENT":"f.2DD1EF63A9CC2E68EF0E7B65F7915F84.d.FDB7DF69A9DE03D525C7636791AA3E1D.e.3005"}]}
RESULT: {"script":"<script> [8489 bytes]","args":[{"element-6066-11e4-a52e-4f735466cecf":"f.2DD1EF63A9CC2E68EF0E7B65F7915F84.d.FDB7DF69A9DE03D525C7636791AA3E1D.e.3005","ELEMENT":"f.2DD1EF63A9CC2E68EF0E7B65F7915F84.d.FDB7DF69A9DE03D525C7636791AA3E1D.e.3005"}]}
COMMAND: POST /session/558f637b9cb274befd50f388e951f207/element/f.2DD1EF63A9CC2E68EF0E7B65F7915F84.d.FDB7DF69A9DE03D525C7636791AA3E1D.e.3005/click - {}
COMMAND: GET /session/558f637b9cb274befd50f388e951f207/screenshot - {}
RESULT: {}
COMMAND: GET /session/558f637b9cb274befd50f388e951f207/screenshot - {}
RESULT: {}
COMMAND: POST /session/558f637b9cb274befd50f388e951f207/execute/async - {"script":"<script> [1562 bytes]","args":[{"selector":{"id":"application-manageresources-display-component---newResourceUnit--TYPE-arrow"},"wdio_ui5_key":"applicationmanageresources-display-component---newResourceUnit--TYPE-arrow"}]}
RESULT: {}
RESULT: {"script":"<script> [1562 bytes]","args":[{"selector":{"id":"application-manageresources-display-component---newResourceUnit--TYPE-arrow"},"wdio_ui5_key":"applicationmanageresources-display-component---newResourceUnit--TYPE-arrow"}]}
RESULT: undefined
COMMAND: POST /session/558f637b9cb274befd50f388e951f207/element - {"using":"xpath","value":"//*[@id=\"application-manageresources-display-component---newResourceUnit--TYPE-arrow\"]"}
RESULT: {"using":"xpath","value":"//*[@id=\"application-manageresources-display-component---newResourceUnit--TYPE-arrow\"]"}
COMMAND: POST /session/558f637b9cb274befd50f388e951f207/element/f.2DD1EF63A9CC2E68EF0E7B65F7915F84.d.FDB7DF69A9DE03D525C7636791AA3E1D.e.3317/click - {}
RESULT: {}
COMMAND: POST /session/558f637b9cb274befd50f388e951f207/execute/async - {"script":"<script> [1562 bytes]","args":[{"selector":{"controlType":"sap.m.StandardListItem","viewName":"reusables.view.manageresources.NewResourceUnit","viewId":"application-manageresources-display-component---newResourceUnit","properties":{"title":"Equipment"},"searchOpenDialogs":true,"interaction":{"idSuffix":"content"}},"wdio_ui5_key":"reusablesview.manageresources.NewResourceUnitsap.m.StandardListItem{\"title\":\"Equipment\"}"}]}
COMMAND: GET /session/558f637b9cb274befd50f388e951f207/screenshot - {}
RESULT: {"script":"<script> [1562 bytes]","args":[{"selector":{"controlType":"sap.m.StandardListItem","viewName":"reusables.view.manageresources.NewResourceUnit","viewId":"application-manageresources-display-component---newResourceUnit","properties":{"title":"Equipment"},"searchOpenDialogs":true,"interaction":{"idSuffix":"content"}},"wdio_ui5_key":"reusablesview.manageresources.NewResourceUnitsap.m.StandardListItem{\"title\":\"Equipment\"}"}]}
RESULT: undefined
COMMAND: POST /session/558f637b9cb274befd50f388e951f207/element - {"using":"xpath","value":"//*[@id=\"__item1904\"]"}
RESULT: {}
RESULT: {"using":"xpath","value":"//*[@id=\"__item1904\"]"}
COMMAND: POST /session/558f637b9cb274befd50f388e951f207/element/f.2DD1EF63A9CC2E68EF0E7B65F7915F84.d.FDB7DF69A9DE03D525C7636791AA3E1D.e.3320/click - {}
RESULT: {}
COMMAND: POST /session/558f637b9cb274befd50f388e951f207/execute/async - {"script":"<script> [1562 bytes]","args":[{"selector":{"id":"application-manageresources-display-component---newResourceUnit--resourceId","interaction":{"idSuffix":"inner"}},"wdio_ui5_key":"applicationmanageresources-display-component---newResourceUnit--resourceId"}]}
COMMAND: GET /session/558f637b9cb274befd50f388e951f207/screenshot - {}
RESULT: {"script":"<script> [1562 bytes]","args":[{"selector":{"id":"application-manageresources-display-component---newResourceUnit--resourceId","interaction":{"idSuffix":"inner"}},"wdio_ui5_key":"applicationmanageresources-display-component---newResourceUnit--resourceId"}]}
RESULT: undefined
COMMAND: POST /session/558f637b9cb274befd50f388e951f207/execute/async - {"script":"<script> [776 bytes]","args":[{"enterText":"WdIOTestEquipwjtal","selector":{"id":"application-manageresources-display-component---newResourceUnit--resourceId","interaction":{"idSuffix":"inner"}},"clearTextFirst":true,"interactionType":"ENTER_TEXT"}]}
RESULT: {}
RESULT: {"script":"<script> [776 bytes]","args":[{"enterText":"WdIOTestEquipwjtal","selector":{"id":"application-manageresources-display-component---newResourceUnit--resourceId","interaction":{"idSuffix":"inner"}},"clearTextFirst":true,"interactionType":"ENTER_TEXT"}]}
COMMAND: POST /session/558f637b9cb274befd50f388e951f207/execute/async - {"script":"<script> [1562 bytes]","args":[{"selector":{"id":"application-manageresources-display-component---newResourceUnit--SHORT_TEXT","interaction":{"idSuffix":"inner"}},"wdio_ui5_key":"applicationmanageresources-display-component---newResourceUnit--SHORT_TEXT"}]}
RESULT: {"script":"<script> [1562 bytes]","args":[{"selector":{"id":"application-manageresources-display-component---newResourceUnit--SHORT_TEXT","interaction":{"idSuffix":"inner"}},"wdio_ui5_key":"applicationmanageresources-display-component---newResourceUnit--SHORT_TEXT"}]}
RESULT: undefined
COMMAND: POST /session/558f637b9cb274befd50f388e951f207/execute/async - {"script":"<script> [776 bytes]","args":[{"enterText":"WdIOTestEquipwjtal","selector":{"id":"application-manageresources-display-component---newResourceUnit--SHORT_TEXT","interaction":{"idSuffix":"inner"}},"clearTextFirst":true,"interactionType":"ENTER_TEXT"}]}
RESULT: {"script":"<script> [776 bytes]","args":[{"enterText":"WdIOTestEquipwjtal","selector":{"id":"application-manageresources-display-component---newResourceUnit--SHORT_TEXT","interaction":{"idSuffix":"inner"}},"clearTextFirst":true,"interactionType":"ENTER_TEXT"}]}
COMMAND: POST /session/558f637b9cb274befd50f388e951f207/execute/async - {"script":"<script> [1562 bytes]","args":[{"selector":{"id":"application-manageresources-display-component---newResourceUnit--BASE_UNIT_OF_MEASURE","interaction":{"idSuffix":"inner"}},"wdio_ui5_key":"applicationmanageresources-display-component---newResourceUnit--BASE_UNIT_OF_MEASURE"}]}
RESULT: {"script":"<script> [1562 bytes]","args":[{"selector":{"id":"application-manageresources-display-component---newResourceUnit--BASE_UNIT_OF_MEASURE","interaction":{"idSuffix":"inner"}},"wdio_ui5_key":"applicationmanageresources-display-component---newResourceUnit--BASE_UNIT_OF_MEASURE"}]}
RESULT: undefined
COMMAND: POST /session/558f637b9cb274befd50f388e951f207/execute/async - {"script":"<script> [776 bytes]","args":[{"enterText":"Piece","selector":{"id":"application-manageresources-display-component---newResourceUnit--BASE_UNIT_OF_MEASURE","interaction":{"idSuffix":"inner"}},"clearTextFirst":true,"interactionType":"ENTER_TEXT"}]}
RESULT: {"script":"<script> [776 bytes]","args":[{"enterText":"Piece","selector":{"id":"application-manageresources-display-component---newResourceUnit--BASE_UNIT_OF_MEASURE","interaction":{"idSuffix":"inner"}},"clearTextFirst":true,"interactionType":"ENTER_TEXT"}]}
COMMAND: POST /session/558f637b9cb274befd50f388e951f207/execute/async - {"script":"<script> [1562 bytes]","args":[{"selector":{"id":"application-manageresources-display-component---newResourceUnit--WEIGHT_UNIT","interaction":{"idSuffix":"inner"}},"wdio_ui5_key":"applicationmanageresources-display-component---newResourceUnit--WEIGHT_UNIT"}]}
RESULT: {"script":"<script> [1562 bytes]","args":[{"selector":{"id":"application-manageresources-display-component---newResourceUnit--WEIGHT_UNIT","interaction":{"idSuffix":"inner"}},"wdio_ui5_key":"applicationmanageresources-display-component---newResourceUnit--WEIGHT_UNIT"}]}
RESULT: undefined
COMMAND: POST /session/558f637b9cb274befd50f388e951f207/execute/async - {"script":"<script> [776 bytes]","args":[{"enterText":"Gram","selector":{"id":"application-manageresources-display-component---newResourceUnit--WEIGHT_UNIT","interaction":{"idSuffix":"inner"}},"clearTextFirst":true,"interactionType":"ENTER_TEXT"}]}
RESULT: {"script":"<script> [776 bytes]","args":[{"enterText":"Gram","selector":{"id":"application-manageresources-display-component---newResourceUnit--WEIGHT_UNIT","interaction":{"idSuffix":"inner"}},"clearTextFirst":true,"interactionType":"ENTER_TEXT"}]}
COMMAND: POST /session/558f637b9cb274befd50f388e951f207/execute/async - {"script":"<script> [1562 bytes]","args":[{"selector":{"id":"application-manageresources-display-component---newResourceUnit--newRRUPage-OPHeaderContent-collapseBtn-img"},"wdio_ui5_key":"applicationmanageresources-display-component---newResourceUnit--newRRUPage-OPHeaderContent-collapseBtn-img"}]}
RESULT: {"script":"<script> [1562 bytes]","args":[{"selector":{"id":"application-manageresources-display-component---newResourceUnit--newRRUPage-OPHeaderContent-collapseBtn-img"},"wdio_ui5_key":"applicationmanageresources-display-component---newResourceUnit--newRRUPage-OPHeaderContent-collapseBtn-img"}]}
RESULT: undefined
COMMAND: POST /session/558f637b9cb274befd50f388e951f207/element - {"using":"xpath","value":"//*[@id=\"application-manageresources-display-component---newResourceUnit--newRRUPage-OPHeaderContent-collapseBtn-img\"]"}
RESULT: {"using":"xpath","value":"//*[@id=\"application-manageresources-display-component---newResourceUnit--newRRUPage-OPHeaderContent-collapseBtn-img\"]"}
COMMAND: POST /session/558f637b9cb274befd50f388e951f207/element/f.2DD1EF63A9CC2E68EF0E7B65F7915F84.d.FDB7DF69A9DE03D525C7636791AA3E1D.e.3329/click - {}
RESULT: {}
COMMAND: GET /session/558f637b9cb274befd50f388e951f207/screenshot - {}
RESULT: {}
COMMAND: POST /session/558f637b9cb274befd50f388e951f207/element - {"using":"xpath","value":"(//span[contains(@id ,\"application-manageresources-display-component---newResourceUnit--DIMENSION_UNIT-arrow\")])[1]"}
RESULT: {"using":"xpath","value":"(//span[contains(@id ,\"application-manageresources-display-component---newResourceUnit--DIMENSION_UNIT-arrow\")])[1]"}
COMMAND: POST /session/558f637b9cb274befd50f388e951f207/element/f.2DD1EF63A9CC2E68EF0E7B65F7915F84.d.FDB7DF69A9DE03D525C7636791AA3E1D.e.3476/click - {}
RESULT: {}
COMMAND: GET /session/558f637b9cb274befd50f388e951f207/screenshot - {}
RESULT: {}
COMMAND: POST /session/558f637b9cb274befd50f388e951f207/execute/async - {"script":"<script> [1562 bytes]","args":[{"selector":{"controlType":"sap.m.StandardListItem","viewName":"reusables.view.manageresources.NewResourceUnit","viewId":"application-manageresources-display-component---newResourceUnit","properties":{"title":"Centimeter"},"searchOpenDialogs":true,"interaction":{"idSuffix":"titleText"}},"wdio_ui5_key":"reusablesview.manageresources.NewResourceUnitsap.m.StandardListItem{\"title\":\"Centimeter\"}"}]}
RESULT: {"script":"<script> [1562 bytes]","args":[{"selector":{"controlType":"sap.m.StandardListItem","viewName":"reusables.view.manageresources.NewResourceUnit","viewId":"application-manageresources-display-component---newResourceUnit","properties":{"title":"Centimeter"},"searchOpenDialogs":true,"interaction":{"idSuffix":"titleText"}},"wdio_ui5_key":"reusablesview.manageresources.NewResourceUnitsap.m.StandardListItem{\"title\":\"Centimeter\"}"}]}
RESULT: undefined
COMMAND: POST /session/558f637b9cb274befd50f388e951f207/element - {"using":"xpath","value":"//*[@id=\"__item1964\"]"}
RESULT: {"using":"xpath","value":"//*[@id=\"__item1964\"]"}
COMMAND: POST /session/558f637b9cb274befd50f388e951f207/element/f.2DD1EF63A9CC2E68EF0E7B65F7915F84.d.FDB7DF69A9DE03D525C7636791AA3E1D.e.3480/click - {}
RESULT: {}
COMMAND: GET /session/558f637b9cb274befd50f388e951f207/screenshot - {}
RESULT: {}
COMMAND: POST /session/558f637b9cb274befd50f388e951f207/execute/async - {"script":"<script> [1562 bytes]","args":[{"selector":{"id":"application-manageresources-display-component---newResourceUnit--newRRUPage-anchBar-application-manageresources-display-component---newResourceUnit--control-anchor","interaction":{"idSuffix":"BDI-content"}},"wdio_ui5_key":"applicationmanageresources-display-component---newResourceUnit--newRRUPage-anchBar-application-manageresources-display-component---newResourceUnit--control-anchor"}]}
RESULT: {"script":"<script> [1562 bytes]","args":[{"selector":{"id":"application-manageresources-display-component---newResourceUnit--newRRUPage-anchBar-application-manageresources-display-component---newResourceUnit--control-anchor","interaction":{"idSuffix":"BDI-content"}},"wdio_ui5_key":"applicationmanageresources-display-component---newResourceUnit--newRRUPage-anchBar-application-manageresources-display-component---newResourceUnit--control-anchor"}]}
RESULT: undefined
COMMAND: POST /session/558f637b9cb274befd50f388e951f207/element - {"using":"xpath","value":"//*[@id=\"application-manageresources-display-component---newResourceUnit--newRRUPage-anchBar-application-manageresources-display-component---newResourceUnit--control-anchor\"]"}
RESULT: {"using":"xpath","value":"//*[@id=\"application-manageresources-display-component---newResourceUnit--newRRUPage-anchBar-application-manageresources-display-component---newResourceUnit--control-anchor\"]"}
COMMAND: POST /session/558f637b9cb274befd50f388e951f207/element/f.2DD1EF63A9CC2E68EF0E7B65F7915F84.d.FDB7DF69A9DE03D525C7636791AA3E1D.e.3482/click - {}
RESULT: {}
COMMAND: POST /session/558f637b9cb274befd50f388e951f207/execute/async - {"script":"<script> [1562 bytes]","args":[{"selector":{"id":"application-manageresources-display-component---newResourceUnit--PLANNING_GROUP","interaction":{"idSuffix":"inner"}},"wdio_ui5_key":"applicationmanageresources-display-component---newResourceUnit--PLANNING_GROUP"}]}
COMMAND: GET /session/558f637b9cb274befd50f388e951f207/screenshot - {}
RESULT: {"script":"<script> [1562 bytes]","args":[{"selector":{"id":"application-manageresources-display-component---newResourceUnit--PLANNING_GROUP","interaction":{"idSuffix":"inner"}},"wdio_ui5_key":"applicationmanageresources-display-component---newResourceUnit--PLANNING_GROUP"}]}
RESULT: undefined
COMMAND: POST /session/558f637b9cb274befd50f388e951f207/execute/async - {"script":"<script> [776 bytes]","args":[{"enterText":"Heavy Equi","selector":{"id":"application-manageresources-display-component---newResourceUnit--PLANNING_GROUP","interaction":{"idSuffix":"inner"}},"clearTextFirst":true,"interactionType":"ENTER_TEXT"}]}
RESULT: {}
RESULT: {"script":"<script> [776 bytes]","args":[{"enterText":"Heavy Equi","selector":{"id":"application-manageresources-display-component---newResourceUnit--PLANNING_GROUP","interaction":{"idSuffix":"inner"}},"clearTextFirst":true,"interactionType":"ENTER_TEXT"}]}
COMMAND: POST /session/558f637b9cb274befd50f388e951f207/execute/async - {"script":"<script> [1562 bytes]","args":[{"selector":{"id":"application-manageresources-display-component---newResourceUnit--ITEM_TYPE-arrow"},"wdio_ui5_key":"applicationmanageresources-display-component---newResourceUnit--ITEM_TYPE-arrow"}]}
RESULT: {"script":"<script> [1562 bytes]","args":[{"selector":{"id":"application-manageresources-display-component---newResourceUnit--ITEM_TYPE-arrow"},"wdio_ui5_key":"applicationmanageresources-display-component---newResourceUnit--ITEM_TYPE-arrow"}]}
RESULT: undefined
COMMAND: POST /session/558f637b9cb274befd50f388e951f207/element - {"using":"xpath","value":"//*[@id=\"application-manageresources-display-component---newResourceUnit--ITEM_TYPE-arrow\"]"}
RESULT: {"using":"xpath","value":"//*[@id=\"application-manageresources-display-component---newResourceUnit--ITEM_TYPE-arrow\"]"}
COMMAND: POST /session/558f637b9cb274befd50f388e951f207/element/f.2DD1EF63A9CC2E68EF0E7B65F7915F84.d.FDB7DF69A9DE03D525C7636791AA3E1D.e.3487/click - {}
RESULT: {}
COMMAND: POST /session/558f637b9cb274befd50f388e951f207/execute/async - {"script":"<script> [1562 bytes]","args":[{"selector":{"controlType":"sap.m.StandardListItem","viewName":"reusables.view.manageresources.NewResourceUnit","viewId":"application-manageresources-display-component---newResourceUnit","properties":{"title":"Resource Unit"},"searchOpenDialogs":true,"interaction":{"idSuffix":"titleText"}},"wdio_ui5_key":"reusablesview.manageresources.NewResourceUnitsap.m.StandardListItem{\"title\":\"Resource Unit\"}"}]}
COMMAND: GET /session/558f637b9cb274befd50f388e951f207/screenshot - {}
RESULT: {"script":"<script> [1562 bytes]","args":[{"selector":{"controlType":"sap.m.StandardListItem","viewName":"reusables.view.manageresources.NewResourceUnit","viewId":"application-manageresources-display-component---newResourceUnit","properties":{"title":"Resource Unit"},"searchOpenDialogs":true,"interaction":{"idSuffix":"titleText"}},"wdio_ui5_key":"reusablesview.manageresources.NewResourceUnitsap.m.StandardListItem{\"title\":\"Resource Unit\"}"}]}
RESULT: undefined
COMMAND: POST /session/558f637b9cb274befd50f388e951f207/element - {"using":"xpath","value":"//*[@id=\"__item1986\"]"}
RESULT: {}
RESULT: {"using":"xpath","value":"//*[@id=\"__item1986\"]"}
COMMAND: POST /session/558f637b9cb274befd50f388e951f207/element/f.2DD1EF63A9CC2E68EF0E7B65F7915F84.d.FDB7DF69A9DE03D525C7636791AA3E1D.e.3489/click - {}
RESULT: {}
COMMAND: POST /session/558f637b9cb274befd50f388e951f207/element - {"using":"xpath","value":"//bdi[contains(text(), \"Time Segment\")]"}
COMMAND: GET /session/558f637b9cb274befd50f388e951f207/screenshot - {}
RESULT: {"using":"xpath","value":"//bdi[contains(text(), \"Time Segment\")]"}
COMMAND: GET /session/558f637b9cb274befd50f388e951f207/element/f.2DD1EF63A9CC2E68EF0E7B65F7915F84.d.FDB7DF69A9DE03D525C7636791AA3E1D.e.3496/rect - {}
RESULT: {}
RESULT: {}
COMMAND: GET /session/558f637b9cb274befd50f388e951f207/window/rect - {}
RESULT: {}
COMMAND: POST /session/558f637b9cb274befd50f388e951f207/execute/sync - {"script":"<script> [92 bytes]","args":[]}
RESULT: {"script":"<script> [92 bytes]","args":[]}
COMMAND: POST /session/558f637b9cb274befd50f388e951f207/actions - {"actions":[{"id":"action20","type":"wheel","parameters":{},"actions":[{"type":"scroll","x":-1820,"y":-21,"deltaX":0,"deltaY":0,"duration":0,"origin":{"element-6066-11e4-a52e-4f735466cecf":"f.2DD1EF63A9CC2E68EF0E7B65F7915F84.d.FDB7DF69A9DE03D525C7636791AA3E1D.e.3496"}}]}]}
COMMAND: GET /session/558f637b9cb274befd50f388e951f207/screenshot - {}
RESULT: {}
COMMAND: POST /session/558f637b9cb274befd50f388e951f207/execute/sync - {"script":"<script> [79 bytes]","args":[{"element-6066-11e4-a52e-4f735466cecf":"f.2DD1EF63A9CC2E68EF0E7B65F7915F84.d.FDB7DF69A9DE03D525C7636791AA3E1D.e.3496","ELEMENT":"f.2DD1EF63A9CC2E68EF0E7B65F7915F84.d.FDB7DF69A9DE03D525C7636791AA3E1D.e.3496"},{"block":"start","inline":"nearest"}]}
RESULT: {"script":"<script> [79 bytes]","args":[{"element-6066-11e4-a52e-4f735466cecf":"f.2DD1EF63A9CC2E68EF0E7B65F7915F84.d.FDB7DF69A9DE03D525C7636791AA3E1D.e.3496","ELEMENT":"f.2DD1EF63A9CC2E68EF0E7B65F7915F84.d.FDB7DF69A9DE03D525C7636791AA3E1D.e.3496"},{"block":"start","inline":"nearest"}]}
COMMAND: POST /session/558f637b9cb274befd50f388e951f207/execute/async - {"script":"<script> [1562 bytes]","args":[{"selector":{"id":"application-manageresources-display-component---newResourceUnit--btnAddTimeSegment-img"},"wdio_ui5_key":"applicationmanageresources-display-component---newResourceUnit--btnAddTimeSegment-img"}]}
COMMAND: GET /session/558f637b9cb274befd50f388e951f207/screenshot - {}
RESULT: {"script":"<script> [1562 bytes]","args":[{"selector":{"id":"application-manageresources-display-component---newResourceUnit--btnAddTimeSegment-img"},"wdio_ui5_key":"applicationmanageresources-display-component---newResourceUnit--btnAddTimeSegment-img"}]}
RESULT: undefined
COMMAND: POST /session/558f637b9cb274befd50f388e951f207/element - {"using":"xpath","value":"//*[@id=\"application-manageresources-display-component---newResourceUnit--btnAddTimeSegment-img\"]"}
RESULT: {}
RESULT: {"using":"xpath","value":"//*[@id=\"application-manageresources-display-component---newResourceUnit--btnAddTimeSegment-img\"]"}
COMMAND: POST /session/558f637b9cb274befd50f388e951f207/element/f.2DD1EF63A9CC2E68EF0E7B65F7915F84.d.FDB7DF69A9DE03D525C7636791AA3E1D.e.3499/click - {}
RESULT: {}
COMMAND: GET /session/558f637b9cb274befd50f388e951f207/screenshot - {}
RESULT: {}
COMMAND: POST /session/558f637b9cb274befd50f388e951f207/element - {"using":"xpath","value":"//input[@id=\"application-manageresources-display-component---newResourceUnit--idRuTSAdmin-application-manageresources-display-component---newResourceUnit--RUTimeSegment-0-inner\"]"}
RESULT: {"using":"xpath","value":"//input[@id=\"application-manageresources-display-component---newResourceUnit--idRuTSAdmin-application-manageresources-display-component---newResourceUnit--RUTimeSegment-0-inner\"]"}
COMMAND: POST /session/558f637b9cb274befd50f388e951f207/element/f.2DD1EF63A9CC2E68EF0E7B65F7915F84.d.FDB7DF69A9DE03D525C7636791AA3E1D.e.3503/clear - {}
RESULT: {}
COMMAND: POST /session/558f637b9cb274befd50f388e951f207/element/f.2DD1EF63A9CC2E68EF0E7B65F7915F84.d.FDB7DF69A9DE03D525C7636791AA3E1D.e.3503/value - {"text":"webdriveryard"}
COMMAND: GET /session/558f637b9cb274befd50f388e951f207/screenshot - {}
RESULT: {"text":"webdriveryard"}
COMMAND: GET /session/558f637b9cb274befd50f388e951f207/screenshot - {}
RESULT: {}
RESULT: {}
COMMAND: POST /session/558f637b9cb274befd50f388e951f207/actions - {"actions":[{"id":"action21","type":"key","parameters":{},"actions":[{"type":"keyDown","value":""},{"type":"pause","duration":10},{"type":"keyUp","value":""}]}]}
RESULT: {"actions":[{"id":"action21","type":"key","parameters":{},"actions":[{"type":"keyDown","value":""},{"type":"pause","duration":10},{"type":"keyUp","value":""}]}]}
COMMAND: POST /session/558f637b9cb274befd50f388e951f207/execute/async - {"script":"<script> [1562 bytes]","args":[{"selector":{"controlType":"sap.ui.core.Icon","viewName":"reusables.view.manageresources.NewResourceUnit","viewId":"application-manageresources-display-component---newResourceUnit","properties":{"src":{"regex":{"source":"slim\\-arrow\\-down"}}},"ancestor":{"controlType":"sap.m.ComboBox","viewName":"reusables.view.manageresources.NewResourceUnit","viewId":"application-manageresources-display-component---newResourceUnit","bindingPath":{"path":"/RESOURCE_UNIT_TIME_SEQUENCES/0","propertyPath":"COST_OBJECT_ADMIN_CST_TYPE","modelName":"oNewRruModel"}}},"wdio_ui5_key":"reusablesview.manageresources.NewResourceUnitsap.ui.core.Icon{\"src\":{\"regex\":{\"source\":\"slim\\\\-arrow\\\\-down\"}}}{\"controlType\":\"sap.m.ComboBox\",\"viewName\":\"reusables.view.manageresources.NewResourceUnit\",\"viewId\":\"application-manageresources-display-component---newResourceUnit\",\"bindingPath\":{\"path\":\"/RESOURCE_UNIT_TIME_SEQUENCES/0\",\"propertyPath\":\"COST_OBJECT_ADMIN_CST_TYPE\",\"modelName\":\"oNewRruModel\"}}"}]}
COMMAND: GET /session/558f637b9cb274befd50f388e951f207/screenshot - {}
RESULT: {"script":"<script> [1562 bytes]","args":[{"selector":{"controlType":"sap.ui.core.Icon","viewName":"reusables.view.manageresources.NewResourceUnit","viewId":"application-manageresources-display-component---newResourceUnit","properties":{"src":{"regex":{"source":"slim\\-arrow\\-down"}}},"ancestor":{"controlType":"sap.m.ComboBox","viewName":"reusables.view.manageresources.NewResourceUnit","viewId":"application-manageresources-display-component---newResourceUnit","bindingPath":{"path":"/RESOURCE_UNIT_TIME_SEQUENCES/0","propertyPath":"COST_OBJECT_ADMIN_CST_TYPE","modelName":"oNewRruModel"}}},"wdio_ui5_key":"reusablesview.manageresources.NewResourceUnitsap.ui.core.Icon{\"src\":{\"regex\":{\"source\":\"slim\\\\-arrow\\\\-down\"}}}{\"controlType\":\"sap.m.ComboBox\",\"viewName\":\"reusables.view.manageresources.NewResourceUnit\",\"viewId\":\"application-manageresources-display-component---newResourceUnit\",\"bindingPath\":{\"path\":\"/RESOURCE_UNIT_TIME_SEQUENCES/0\",\"propertyPath\":\"COST_OBJECT_ADMIN_CST_TYPE\",\"modelName\":\"oNewRruModel\"}}"}]}
RESULT: undefined
COMMAND: POST /session/558f637b9cb274befd50f388e951f207/element - {"using":"xpath","value":"//*[@id=\"__box16-application-manageresources-display-component---newResourceUnit--RUTimeSegment-0-arrow\"]"}
RESULT: {}
RESULT: {"using":"xpath","value":"//*[@id=\"__box16-application-manageresources-display-component---newResourceUnit--RUTimeSegment-0-arrow\"]"}
COMMAND: POST /session/558f637b9cb274befd50f388e951f207/element/f.2DD1EF63A9CC2E68EF0E7B65F7915F84.d.FDB7DF69A9DE03D525C7636791AA3E1D.e.3519/click - {}
RESULT: {}
COMMAND: POST /session/558f637b9cb274befd50f388e951f207/execute/async - {"script":"<script> [1562 bytes]","args":[{"selector":{"controlType":"sap.m.StandardListItem","viewName":"reusables.view.manageresources.NewResourceUnit","viewId":"application-manageresources-display-component---newResourceUnit","properties":{"title":"PM Order"},"searchOpenDialogs":true,"interaction":{"idSuffix":"titleText"}},"wdio_ui5_key":"reusablesview.manageresources.NewResourceUnitsap.m.StandardListItem{\"title\":\"PM Order\"}"}]}
COMMAND: GET /session/558f637b9cb274befd50f388e951f207/screenshot - {}
RESULT: {"script":"<script> [1562 bytes]","args":[{"selector":{"controlType":"sap.m.StandardListItem","viewName":"reusables.view.manageresources.NewResourceUnit","viewId":"application-manageresources-display-component---newResourceUnit","properties":{"title":"PM Order"},"searchOpenDialogs":true,"interaction":{"idSuffix":"titleText"}},"wdio_ui5_key":"reusablesview.manageresources.NewResourceUnitsap.m.StandardListItem{\"title\":\"PM Order\"}"}]}
RESULT: undefined
COMMAND: POST /session/558f637b9cb274befd50f388e951f207/element - {"using":"xpath","value":"//*[@id=\"__item2838\"]"}
RESULT: {}
RESULT: {"using":"xpath","value":"//*[@id=\"__item2838\"]"}
COMMAND: POST /session/558f637b9cb274befd50f388e951f207/element/f.2DD1EF63A9CC2E68EF0E7B65F7915F84.d.FDB7DF69A9DE03D525C7636791AA3E1D.e.3523/click - {}
RESULT: {}
COMMAND: GET /session/558f637b9cb274befd50f388e951f207/screenshot - {}
RESULT: {}
COMMAND: POST /session/558f637b9cb274befd50f388e951f207/element - {"using":"xpath","value":"(//input[contains(@id ,\"-application-manageresources-display-component---newResourceUnit--RUTimeSegment-0-inner\")])[8]"}
RESULT: {"using":"xpath","value":"(//input[contains(@id ,\"-application-manageresources-display-component---newResourceUnit--RUTimeSegment-0-inner\")])[8]"}
COMMAND: POST /session/558f637b9cb274befd50f388e951f207/element/f.2DD1EF63A9CC2E68EF0E7B65F7915F84.d.FDB7DF69A9DE03D525C7636791AA3E1D.e.3526/clear - {}
RESULT: {}
COMMAND: POST /session/558f637b9cb274befd50f388e951f207/element/f.2DD1EF63A9CC2E68EF0E7B65F7915F84.d.FDB7DF69A9DE03D525C7636791AA3E1D.e.3526/value - {"text":"4000360"}
COMMAND: GET /session/558f637b9cb274befd50f388e951f207/screenshot - {}
RESULT: {"text":"4000360"}
COMMAND: GET /session/558f637b9cb274befd50f388e951f207/screenshot - {}
RESULT: {}
RESULT: {}
COMMAND: POST /session/558f637b9cb274befd50f388e951f207/actions - {"actions":[{"id":"action22","type":"key","parameters":{},"actions":[{"type":"keyDown","value":""},{"type":"pause","duration":10},{"type":"keyUp","value":""}]}]}
RESULT: {"actions":[{"id":"action22","type":"key","parameters":{},"actions":[{"type":"keyDown","value":""},{"type":"pause","duration":10},{"type":"keyUp","value":""}]}]}
COMMAND: GET /session/558f637b9cb274befd50f388e951f207/screenshot - {}
RESULT: {}
COMMAND: POST /session/558f637b9cb274befd50f388e951f207/element - {"using":"xpath","value":"//input[contains(@id ,\"application-manageresources-display-component---newResourceUnit--newTimeSegmentFromDatePicker-application-manageresources-display-component---newResourceUnit--RUTimeSegment-0-inner\")]"}
RESULT: {"using":"xpath","value":"//input[contains(@id ,\"application-manageresources-display-component---newResourceUnit--newTimeSegmentFromDatePicker-application-manageresources-display-component---newResourceUnit--RUTimeSegment-0-inner\")]"}
COMMAND: POST /session/558f637b9cb274befd50f388e951f207/element/f.2DD1EF63A9CC2E68EF0E7B65F7915F84.d.FDB7DF69A9DE03D525C7636791AA3E1D.e.3510/clear - {}
RESULT: {}
COMMAND: POST /session/558f637b9cb274befd50f388e951f207/element/f.2DD1EF63A9CC2E68EF0E7B65F7915F84.d.FDB7DF69A9DE03D525C7636791AA3E1D.e.3510/clear - {}
COMMAND: GET /session/558f637b9cb274befd50f388e951f207/screenshot - {}
RESULT: {}
COMMAND: POST /session/558f637b9cb274befd50f388e951f207/element/f.2DD1EF63A9CC2E68EF0E7B65F7915F84.d.FDB7DF69A9DE03D525C7636791AA3E1D.e.3510/value - {"text":"06/31/24"}
COMMAND: GET /session/558f637b9cb274befd50f388e951f207/screenshot - {}
RESULT: {}
RESULT: {"text":"06/31/24"}
COMMAND: POST /session/558f637b9cb274befd50f388e951f207/execute/async - {"script":"<script> [1562 bytes]","args":[{"selector":{"id":"application-manageresources-display-component---newResourceUnit--newRRUPage-anchBar-application-manageresources-display-component---newResourceUnit--resource-anchor","interaction":{"idSuffix":"BDI-content"}},"wdio_ui5_key":"applicationmanageresources-display-component---newResourceUnit--newRRUPage-anchBar-application-manageresources-display-component---newResourceUnit--resource-anchor"}]}
COMMAND: GET /session/558f637b9cb274befd50f388e951f207/screenshot - {}
RESULT: {}
RESULT: {"script":"<script> [1562 bytes]","args":[{"selector":{"id":"application-manageresources-display-component---newResourceUnit--newRRUPage-anchBar-application-manageresources-display-component---newResourceUnit--resource-anchor","interaction":{"idSuffix":"BDI-content"}},"wdio_ui5_key":"applicationmanageresources-display-component---newResourceUnit--newRRUPage-anchBar-application-manageresources-display-component---newResourceUnit--resource-anchor"}]}
RESULT: undefined
COMMAND: POST /session/558f637b9cb274befd50f388e951f207/element - {"using":"xpath","value":"//*[@id=\"application-manageresources-display-component---newResourceUnit--newRRUPage-anchBar-application-manageresources-display-component---newResourceUnit--resource-anchor\"]"}
RESULT: {}
RESULT: {"using":"xpath","value":"//*[@id=\"application-manageresources-display-component---newResourceUnit--newRRUPage-anchBar-application-manageresources-display-component---newResourceUnit--resource-anchor\"]"}
COMMAND: POST /session/558f637b9cb274befd50f388e951f207/element/f.2DD1EF63A9CC2E68EF0E7B65F7915F84.d.FDB7DF69A9DE03D525C7636791AA3E1D.e.3547/click - {}
RESULT: {}
COMMAND: POST /session/558f637b9cb274befd50f388e951f207/execute/async - {"script":"<script> [1562 bytes]","args":[{"selector":{"id":"application-manageresources-display-component---newResourceUnit--PLANNED_DELIVERY_DATE","interaction":{"idSuffix":"inner"}},"wdio_ui5_key":"applicationmanageresources-display-component---newResourceUnit--PLANNED_DELIVERY_DATE"}]}
COMMAND: GET /session/558f637b9cb274befd50f388e951f207/screenshot - {}
RESULT: {"script":"<script> [1562 bytes]","args":[{"selector":{"id":"application-manageresources-display-component---newResourceUnit--PLANNED_DELIVERY_DATE","interaction":{"idSuffix":"inner"}},"wdio_ui5_key":"applicationmanageresources-display-component---newResourceUnit--PLANNED_DELIVERY_DATE"}]}
RESULT: undefined
COMMAND: POST /session/558f637b9cb274befd50f388e951f207/execute/async - {"script":"<script> [6424 bytes]","args":[{"element-6066-11e4-a52e-4f735466cecf":"f.2DD1EF63A9CC2E68EF0E7B65F7915F84.d.FDB7DF69A9DE03D525C7636791AA3E1D.e.3375"},"setValue",["06/31/24"]]}
RESULT: {}
RESULT: {"script":"<script> [6424 bytes]","args":[{"element-6066-11e4-a52e-4f735466cecf":"f.2DD1EF63A9CC2E68EF0E7B65F7915F84.d.FDB7DF69A9DE03D525C7636791AA3E1D.e.3375"},"setValue",["06/31/24"]]}
COMMAND: POST /session/558f637b9cb274befd50f388e951f207/execute/async - {"script":"<script> [1562 bytes]","args":[{"selector":{"id":"application-manageresources-display-component---newResourceUnit--RETIRE_PLANNED_DATE","interaction":{"idSuffix":"inner"}},"wdio_ui5_key":"applicationmanageresources-display-component---newResourceUnit--RETIRE_PLANNED_DATE"}]}
RESULT: {"script":"<script> [1562 bytes]","args":[{"selector":{"id":"application-manageresources-display-component---newResourceUnit--RETIRE_PLANNED_DATE","interaction":{"idSuffix":"inner"}},"wdio_ui5_key":"applicationmanageresources-display-component---newResourceUnit--RETIRE_PLANNED_DATE"}]}
RESULT: undefined
COMMAND: POST /session/558f637b9cb274befd50f388e951f207/execute/async - {"script":"<script> [776 bytes]","args":[{"enterText":"3/14/29","selector":{"id":"application-manageresources-display-component---newResourceUnit--RETIRE_PLANNED_DATE","interaction":{"idSuffix":"inner"}},"clearTextFirst":true,"interactionType":"ENTER_TEXT"}]}
RESULT: {"script":"<script> [776 bytes]","args":[{"enterText":"3/14/29","selector":{"id":"application-manageresources-display-component---newResourceUnit--RETIRE_PLANNED_DATE","interaction":{"idSuffix":"inner"}},"clearTextFirst":true,"interactionType":"ENTER_TEXT"}]}
COMMAND: POST /session/558f637b9cb274befd50f388e951f207/execute/async - {"script":"<script> [1562 bytes]","args":[{"selector":{"controlType":"sap.m.Button","viewName":"reusables.view.manageresources.NewResourceUnit","viewId":"application-manageresources-display-component---newResourceUnit","i18NText":{"propertyName":"tooltip","key":"save"},"interaction":{"idSuffix":"BDI-content"}},"wdio_ui5_key":"reusablesview.manageresources.NewResourceUnitsap.m.Button{\"propertyName\":\"tooltip\",\"key\":\"save\"}"}]}
RESULT: {"script":"<script> [1562 bytes]","args":[{"selector":{"controlType":"sap.m.Button","viewName":"reusables.view.manageresources.NewResourceUnit","viewId":"application-manageresources-display-component---newResourceUnit","i18NText":{"propertyName":"tooltip","key":"save"},"interaction":{"idSuffix":"BDI-content"}},"wdio_ui5_key":"reusablesview.manageresources.NewResourceUnitsap.m.Button{\"propertyName\":\"tooltip\",\"key\":\"save\"}"}]}
RESULT: undefined
COMMAND: POST /session/558f637b9cb274befd50f388e951f207/element - {"using":"xpath","value":"//*[@id=\"application-manageresources-display-component---newResourceUnit--createRuButton\"]"}
RESULT: {"using":"xpath","value":"//*[@id=\"application-manageresources-display-component---newResourceUnit--createRuButton\"]"}
COMMAND: POST /session/558f637b9cb274befd50f388e951f207/element/f.2DD1EF63A9CC2E68EF0E7B65F7915F84.d.FDB7DF69A9DE03D525C7636791AA3E1D.e.3335/click - {}
RESULT: {}
COMMAND: GET /session/558f637b9cb274befd50f388e951f207/screenshot - {}
RESULT: {}
COMMAND: POST /session/558f637b9cb274befd50f388e951f207/execute/async - {"script":"<script> [1562 bytes]","args":[{"selector":{"controlType":"sap.m.Button","properties":{"text":"Close"},"searchOpenDialogs":true,"interaction":{"idSuffix":"inner"}},"wdio_ui5_key":"sapm.Button{\"text\":\"Close\"}"}]}
RESULT: {"script":"<script> [1562 bytes]","args":[{"selector":{"controlType":"sap.m.Button","properties":{"text":"Close"},"searchOpenDialogs":true,"interaction":{"idSuffix":"inner"}},"wdio_ui5_key":"sapm.Button{\"text\":\"Close\"}"}]}
RESULT: undefined
COMMAND: POST /session/558f637b9cb274befd50f388e951f207/element - {"using":"xpath","value":"//*[@id=\"__mbox-btn-0\"]"}
RESULT: {"using":"xpath","value":"//*[@id=\"__mbox-btn-0\"]"}
COMMAND: POST /session/558f637b9cb274befd50f388e951f207/element/f.2DD1EF63A9CC2E68EF0E7B65F7915F84.d.FDB7DF69A9DE03D525C7636791AA3E1D.e.3555/click - {}
RESULT: {}
COMMAND: GET /session/558f637b9cb274befd50f388e951f207/screenshot - {}
RESULT: {}
COMMAND: POST /session/558f637b9cb274befd50f388e951f207/execute/async - {"script":"<script> [1562 bytes]","args":[{"selector":{"controlType":"sap.m.Text","viewName":"etm.portal.ui.manageresources.view.Detail","viewId":"application-manageresources-display-component---detailRU","bindingPath":{"propertyPath":"ID","modelName":"catalogModel"}},"wdio_ui5_key":"etmportal.ui.manageresources.view.Detailsap.m.Text{\"propertyPath\":\"ID\",\"modelName\":\"catalogModel\"}"}]}
RESULT: {"script":"<script> [1562 bytes]","args":[{"selector":{"controlType":"sap.m.Text","viewName":"etm.portal.ui.manageresources.view.Detail","viewId":"application-manageresources-display-component---detailRU","bindingPath":{"propertyPath":"ID","modelName":"catalogModel"}},"wdio_ui5_key":"etmportal.ui.manageresources.view.Detailsap.m.Text{\"propertyPath\":\"ID\",\"modelName\":\"catalogModel\"}"}]}
RESULT: undefined
COMMAND: POST /session/558f637b9cb274befd50f388e951f207/element - {"using":"css selector","value":"#shell-header-logo"}
RESULT: {"using":"css selector","value":"#shell-header-logo"}
COMMAND: POST /session/558f637b9cb274befd50f388e951f207/element/f.2DD1EF63A9CC2E68EF0E7B65F7915F84.d.FDB7DF69A9DE03D525C7636791AA3E1D.e.2965/click - {}
RESULT: {}
COMMAND: GET /session/558f637b9cb274befd50f388e951f207/screenshot - {}
RESULT: {}
]]></system-out>
    </testcase>
    <testcase classname="chrome.136_0_7103_93.windows.Verify_RU_inventory_split_cost_information_US139363" name="Should do a stock increase for the equipment" time="76.154">
      <failure/>
      <error message="element click intercepted: Element &lt;button id=&quot;application-managehandovers-display-component---AddNewHO--confirmCreationButton&quot; data-sap-ui=&quot;application-managehandovers-display-component---AddNewHO--confirmCreationButton&quot; data-sap-ui-render=&quot;&quot; data-kt=&quot;AddNewHOSaveButton&quot; data-ui5-accesskey=&quot;s&quot; aria-describedby=&quot;__text79&quot; aria-labelledby=&quot;application-managehandovers-display-component---AddNewHO--confirmCreationButton-content&quot; class=&quot;sapMBtnBase sapMBtn sapMBtnInverted sapMBarChild&quot;>...&lt;/button> is not clickable at point (1798, 873). Other element would receive the click: &lt;div id=&quot;sap-ui-blocklayer-popup&quot; tabindex=&quot;0&quot; class=&quot;sapUiBLy&quot; style=&quot;z-index: 219; visibility: visible;&quot;>&lt;/div>&#xA;  (Session info: chrome=136.0.7103.93)"/>
      <system-out><![CDATA[
COMMAND: POST /session/558f637b9cb274befd50f388e951f207/execute/async - {"script":"<script> [1562 bytes]","args":[{"selector":{"controlType":"sap.m.GenericTile","properties":{"header":"Manage Handovers"}},"wdio_ui5_key":"sapm.GenericTile{\"header\":\"Manage Handovers\"}"}]}
RESULT: {"script":"<script> [1562 bytes]","args":[{"selector":{"controlType":"sap.m.GenericTile","properties":{"header":"Manage Handovers"}},"wdio_ui5_key":"sapm.GenericTile{\"header\":\"Manage Handovers\"}"}]}
RESULT: undefined
COMMAND: POST /session/558f637b9cb274befd50f388e951f207/element - {"using":"xpath","value":"//*[@id=\"__tile132\"]"}
RESULT: {"using":"xpath","value":"//*[@id=\"__tile132\"]"}
COMMAND: POST /session/558f637b9cb274befd50f388e951f207/element/f.2DD1EF63A9CC2E68EF0E7B65F7915F84.d.FDB7DF69A9DE03D525C7636791AA3E1D.e.3562/click - {}
RESULT: {}
COMMAND: GET /session/558f637b9cb274befd50f388e951f207/screenshot - {}
RESULT: {}
COMMAND: POST /session/558f637b9cb274befd50f388e951f207/elements - {"using":"xpath","value":"//span[text()='Error']"}
RESULT: {"using":"xpath","value":"//span[text()='Error']"}
COMMAND: POST /session/558f637b9cb274befd50f388e951f207/element - {"using":"xpath","value":"//button[@data-kt=\"masterHOAddButton\"]"}
RESULT: {"using":"xpath","value":"//button[@data-kt=\"masterHOAddButton\"]"}
COMMAND: POST /session/558f637b9cb274befd50f388e951f207/execute/sync - {"script":"<script> [8489 bytes]","args":[{"element-6066-11e4-a52e-4f735466cecf":"f.2DD1EF63A9CC2E68EF0E7B65F7915F84.d.FDB7DF69A9DE03D525C7636791AA3E1D.e.3616","ELEMENT":"f.2DD1EF63A9CC2E68EF0E7B65F7915F84.d.FDB7DF69A9DE03D525C7636791AA3E1D.e.3616"}]}
RESULT: {"script":"<script> [8489 bytes]","args":[{"element-6066-11e4-a52e-4f735466cecf":"f.2DD1EF63A9CC2E68EF0E7B65F7915F84.d.FDB7DF69A9DE03D525C7636791AA3E1D.e.3616","ELEMENT":"f.2DD1EF63A9CC2E68EF0E7B65F7915F84.d.FDB7DF69A9DE03D525C7636791AA3E1D.e.3616"}]}
COMMAND: POST /session/558f637b9cb274befd50f388e951f207/element/f.2DD1EF63A9CC2E68EF0E7B65F7915F84.d.FDB7DF69A9DE03D525C7636791AA3E1D.e.3616/click - {}
COMMAND: GET /session/558f637b9cb274befd50f388e951f207/screenshot - {}
RESULT: {}
COMMAND: GET /session/558f637b9cb274befd50f388e951f207/screenshot - {}
RESULT: {}
RESULT: {}
COMMAND: POST /session/558f637b9cb274befd50f388e951f207/element - {"using":"xpath","value":"//span[contains(@id ,\"AddNewHO--typeSelect-arrow\")]"}
RESULT: {"using":"xpath","value":"//span[contains(@id ,\"AddNewHO--typeSelect-arrow\")]"}
COMMAND: POST /session/558f637b9cb274befd50f388e951f207/element/f.2DD1EF63A9CC2E68EF0E7B65F7915F84.d.FDB7DF69A9DE03D525C7636791AA3E1D.e.3955/click - {}
RESULT: {}
COMMAND: GET /session/558f637b9cb274befd50f388e951f207/screenshot - {}
RESULT: {}
COMMAND: POST /session/558f637b9cb274befd50f388e951f207/element - {"using":"xpath","value":"(//li[contains(text(), \"stock increase yard\")])[1]"}
RESULT: {"using":"xpath","value":"(//li[contains(text(), \"stock increase yard\")])[1]"}
COMMAND: POST /session/558f637b9cb274befd50f388e951f207/element/f.2DD1EF63A9CC2E68EF0E7B65F7915F84.d.FDB7DF69A9DE03D525C7636791AA3E1D.e.3956/click - {}
RESULT: {}
COMMAND: GET /session/558f637b9cb274befd50f388e951f207/screenshot - {}
RESULT: {}
COMMAND: POST /session/558f637b9cb274befd50f388e951f207/execute/async - {"script":"<script> [1562 bytes]","args":[{"selector":{"id":"application-managehandovers-display-component---AddNewHO--dueDate","interaction":{"idSuffix":"inner"}},"wdio_ui5_key":"applicationmanagehandovers-display-component---AddNewHO--dueDate"}]}
RESULT: {"script":"<script> [1562 bytes]","args":[{"selector":{"id":"application-managehandovers-display-component---AddNewHO--dueDate","interaction":{"idSuffix":"inner"}},"wdio_ui5_key":"applicationmanagehandovers-display-component---AddNewHO--dueDate"}]}
RESULT: undefined
COMMAND: POST /session/558f637b9cb274befd50f388e951f207/execute/async - {"script":"<script> [6424 bytes]","args":[{"element-6066-11e4-a52e-4f735466cecf":"f.2DD1EF63A9CC2E68EF0E7B65F7915F84.d.FDB7DF69A9DE03D525C7636791AA3E1D.e.3959"},"setValue",["5/31/25"]]}
RESULT: {"script":"<script> [6424 bytes]","args":[{"element-6066-11e4-a52e-4f735466cecf":"f.2DD1EF63A9CC2E68EF0E7B65F7915F84.d.FDB7DF69A9DE03D525C7636791AA3E1D.e.3959"},"setValue",["5/31/25"]]}
COMMAND: POST /session/558f637b9cb274befd50f388e951f207/element - {"using":"xpath","value":"//input[@id=\"generalSectionFrg--receiveYard-inner\"]"}
RESULT: {"using":"xpath","value":"//input[@id=\"generalSectionFrg--receiveYard-inner\"]"}
COMMAND: POST /session/558f637b9cb274befd50f388e951f207/element/f.2DD1EF63A9CC2E68EF0E7B65F7915F84.d.FDB7DF69A9DE03D525C7636791AA3E1D.e.3965/clear - {}
RESULT: {}
COMMAND: POST /session/558f637b9cb274befd50f388e951f207/element/f.2DD1EF63A9CC2E68EF0E7B65F7915F84.d.FDB7DF69A9DE03D525C7636791AA3E1D.e.3965/value - {"text":"webdriveryard"}
COMMAND: GET /session/558f637b9cb274befd50f388e951f207/screenshot - {}
RESULT: {"text":"webdriveryard"}
COMMAND: GET /session/558f637b9cb274befd50f388e951f207/screenshot - {}
RESULT: {}
RESULT: {}
COMMAND: POST /session/558f637b9cb274befd50f388e951f207/execute/async - {"script":"<script> [1562 bytes]","args":[{"selector":{"id":"application-managehandovers-display-component---AddNewHO--ObjectPageLayout-anchBar-application-managehandovers-display-component---AddNewHO--section4-anchor","interaction":{"idSuffix":"BDI-content"}},"wdio_ui5_key":"applicationmanagehandovers-display-component---AddNewHO--ObjectPageLayout-anchBar-application-managehandovers-display-component---AddNewHO--section4-anchor"}]}
RESULT: {"script":"<script> [1562 bytes]","args":[{"selector":{"id":"application-managehandovers-display-component---AddNewHO--ObjectPageLayout-anchBar-application-managehandovers-display-component---AddNewHO--section4-anchor","interaction":{"idSuffix":"BDI-content"}},"wdio_ui5_key":"applicationmanagehandovers-display-component---AddNewHO--ObjectPageLayout-anchBar-application-managehandovers-display-component---AddNewHO--section4-anchor"}]}
RESULT: undefined
COMMAND: POST /session/558f637b9cb274befd50f388e951f207/element - {"using":"xpath","value":"//*[@id=\"application-managehandovers-display-component---AddNewHO--ObjectPageLayout-anchBar-application-managehandovers-display-component---AddNewHO--section4-anchor\"]"}
RESULT: {"using":"xpath","value":"//*[@id=\"application-managehandovers-display-component---AddNewHO--ObjectPageLayout-anchBar-application-managehandovers-display-component---AddNewHO--section4-anchor\"]"}
COMMAND: POST /session/558f637b9cb274befd50f388e951f207/element/f.2DD1EF63A9CC2E68EF0E7B65F7915F84.d.FDB7DF69A9DE03D525C7636791AA3E1D.e.3986/click - {}
RESULT: {}
COMMAND: GET /session/558f637b9cb274befd50f388e951f207/screenshot - {}
RESULT: {}
COMMAND: POST /session/558f637b9cb274befd50f388e951f207/element - {"using":"xpath","value":"//button[@aria-label=\"Add\"]"}
RESULT: {"using":"xpath","value":"//button[@aria-label=\"Add\"]"}
COMMAND: POST /session/558f637b9cb274befd50f388e951f207/element/f.2DD1EF63A9CC2E68EF0E7B65F7915F84.d.FDB7DF69A9DE03D525C7636791AA3E1D.e.3990/click - {}
RESULT: {}
COMMAND: GET /session/558f637b9cb274befd50f388e951f207/screenshot - {}
RESULT: {}
COMMAND: POST /session/558f637b9cb274befd50f388e951f207/execute/async - {"script":"<script> [1562 bytes]","args":[{"selector":{"id":"application-managehandovers-display-component---AddNewHO--smartFilterBar-btnBasicSearch","searchOpenDialogs":true,"interaction":{"idSuffix":"I"}},"wdio_ui5_key":"applicationmanagehandovers-display-component---AddNewHO--smartFilterBar-btnBasicSearch"}]}
RESULT: {"script":"<script> [1562 bytes]","args":[{"selector":{"id":"application-managehandovers-display-component---AddNewHO--smartFilterBar-btnBasicSearch","searchOpenDialogs":true,"interaction":{"idSuffix":"I"}},"wdio_ui5_key":"applicationmanagehandovers-display-component---AddNewHO--smartFilterBar-btnBasicSearch"}]}
RESULT: undefined
COMMAND: POST /session/558f637b9cb274befd50f388e951f207/execute/async - {"script":"<script> [776 bytes]","args":[{"enterText":"WdIOTestEquipwjtal","selector":{"id":"application-managehandovers-display-component---AddNewHO--smartFilterBar-btnBasicSearch","searchOpenDialogs":true,"interaction":{"idSuffix":"I"}},"clearTextFirst":true,"interactionType":"ENTER_TEXT"}]}
RESULT: {"script":"<script> [776 bytes]","args":[{"enterText":"WdIOTestEquipwjtal","selector":{"id":"application-managehandovers-display-component---AddNewHO--smartFilterBar-btnBasicSearch","searchOpenDialogs":true,"interaction":{"idSuffix":"I"}},"clearTextFirst":true,"interactionType":"ENTER_TEXT"}]}
COMMAND: POST /session/558f637b9cb274befd50f388e951f207/actions - {"actions":[{"id":"action23","type":"key","parameters":{},"actions":[{"type":"keyDown","value":""},{"type":"pause","duration":10},{"type":"keyUp","value":""}]}]}
RESULT: {"actions":[{"id":"action23","type":"key","parameters":{},"actions":[{"type":"keyDown","value":""},{"type":"pause","duration":10},{"type":"keyUp","value":""}]}]}
COMMAND: POST /session/558f637b9cb274befd50f388e951f207/execute/async - {"script":"<script> [1562 bytes]","args":[{"selector":{"id":"application-managehandovers-display-component---AddNewHO--popup-sa","searchOpenDialogs":true,"interaction":{"idSuffix":"CbBg"}},"wdio_ui5_key":"applicationmanagehandovers-display-component---AddNewHO--popup-sa"}]}
COMMAND: GET /session/558f637b9cb274befd50f388e951f207/screenshot - {}
RESULT: {"script":"<script> [1562 bytes]","args":[{"selector":{"id":"application-managehandovers-display-component---AddNewHO--popup-sa","searchOpenDialogs":true,"interaction":{"idSuffix":"CbBg"}},"wdio_ui5_key":"applicationmanagehandovers-display-component---AddNewHO--popup-sa"}]}
RESULT: undefined
COMMAND: POST /session/558f637b9cb274befd50f388e951f207/element - {"using":"xpath","value":"//*[@id=\"application-managehandovers-display-component---AddNewHO--popup-sa\"]"}
RESULT: {}
RESULT: {"using":"xpath","value":"//*[@id=\"application-managehandovers-display-component---AddNewHO--popup-sa\"]"}
COMMAND: POST /session/558f637b9cb274befd50f388e951f207/element/f.2DD1EF63A9CC2E68EF0E7B65F7915F84.d.FDB7DF69A9DE03D525C7636791AA3E1D.e.4110/click - {}
RESULT: {}
COMMAND: GET /session/558f637b9cb274befd50f388e951f207/screenshot - {}
RESULT: {}
COMMAND: POST /session/558f637b9cb274befd50f388e951f207/element - {"using":"xpath","value":"//bdi[contains(text(), \"Select\")]"}
RESULT: {"using":"xpath","value":"//bdi[contains(text(), \"Select\")]"}
COMMAND: POST /session/558f637b9cb274befd50f388e951f207/element/f.2DD1EF63A9CC2E68EF0E7B65F7915F84.d.FDB7DF69A9DE03D525C7636791AA3E1D.e.4111/click - {}
RESULT: {}
COMMAND: GET /session/558f637b9cb274befd50f388e951f207/screenshot - {}
RESULT: {}
COMMAND: POST /session/558f637b9cb274befd50f388e951f207/element - {"using":"xpath","value":"//button[@data-kt=\"AddNewHOSaveButton\"]"}
RESULT: {"using":"xpath","value":"//button[@data-kt=\"AddNewHOSaveButton\"]"}
COMMAND: POST /session/558f637b9cb274befd50f388e951f207/element/f.2DD1EF63A9CC2E68EF0E7B65F7915F84.d.FDB7DF69A9DE03D525C7636791AA3E1D.e.4114/click - {}
COMMAND: GET /session/558f637b9cb274befd50f388e951f207/screenshot - {}
RESULT: {}
]]></system-out>
      <system-err><![CDATA[
element click intercepted: element click intercepted: Element <button id="application-managehandovers-display-component---AddNewHO--confirmCreationButton" data-sap-ui="application-managehandovers-display-component---AddNewHO--confirmCreationButton" data-sap-ui-render="" data-kt="AddNewHOSaveButton" data-ui5-accesskey="s" aria-describedby="__text79" aria-labelledby="application-managehandovers-display-component---AddNewHO--confirmCreationButton-content" class="sapMBtnBase sapMBtn sapMBtnInverted sapMBarChild">...</button> is not clickable at point (1798, 873). Other element would receive the click: <div id="sap-ui-blocklayer-popup" tabindex="0" class="sapUiBLy" style="z-index: 219; visibility: visible;"></div>
  (Session info: chrome=136.0.7103.93)
    at async UtilsForR2c.stockIncrease (D:\a\1\s\test\specs\R2C\utils-functions-for-r2c.js:2423:9)
    at async Context.<anonymous> (D:\a\1\s\test\specs\R2C\verify-ru-inventory-split-cost-information.spec.js:54:9)
]]></system-err>
    </testcase>
    <testcase classname="chrome.136_0_7103_93.windows.Verify_RU_inventory_split_cost_information_US139363" name="Should navigate to RU inventory and add the resource to the contract" time="28.154">
      <failure/>
      <error message="expect(received).toEqual(expected) // deep equality&#xA;&#xA;Expected: &quot;Records (1)&quot;&#xA;Received: undefined"/>
      <system-out><![CDATA[
COMMAND: POST /session/558f637b9cb274befd50f388e951f207/execute/async - {"script":"<script> [1562 bytes]","args":[{"selector":{"controlType":"sap.m.GenericTile","properties":{"header":"RU Inventory List"}},"wdio_ui5_key":"sapm.GenericTile{\"header\":\"RU Inventory List\"}"}]}
COMMAND: GET /session/558f637b9cb274befd50f388e951f207/screenshot - {}
RESULT: {"script":"<script> [1562 bytes]","args":[{"selector":{"controlType":"sap.m.GenericTile","properties":{"header":"RU Inventory List"}},"wdio_ui5_key":"sapm.GenericTile{\"header\":\"RU Inventory List\"}"}]}
RESULT: undefined
RESULT: {}
COMMAND: POST /session/558f637b9cb274befd50f388e951f207/elements - {"using":"xpath","value":"//span[text()='Error']"}
RESULT: {"using":"xpath","value":"//span[text()='Error']"}
COMMAND: POST /session/558f637b9cb274befd50f388e951f207/elements - {"using":"xpath","value":"//*[text()='Close']"}
RESULT: {"using":"xpath","value":"//*[text()='Close']"}
COMMAND: GET /session/558f637b9cb274befd50f388e951f207/element/f.2DD1EF63A9CC2E68EF0E7B65F7915F84.d.FDB7DF69A9DE03D525C7636791AA3E1D.e.4117/enabled - {}
RESULT: {}
COMMAND: POST /session/558f637b9cb274befd50f388e951f207/execute/sync - {"script":"<script> [8489 bytes]","args":[{"element-6066-11e4-a52e-4f735466cecf":"f.2DD1EF63A9CC2E68EF0E7B65F7915F84.d.FDB7DF69A9DE03D525C7636791AA3E1D.e.4117","ELEMENT":"f.2DD1EF63A9CC2E68EF0E7B65F7915F84.d.FDB7DF69A9DE03D525C7636791AA3E1D.e.4117"}]}
COMMAND: GET /session/558f637b9cb274befd50f388e951f207/screenshot - {}
RESULT: {"script":"<script> [8489 bytes]","args":[{"element-6066-11e4-a52e-4f735466cecf":"f.2DD1EF63A9CC2E68EF0E7B65F7915F84.d.FDB7DF69A9DE03D525C7636791AA3E1D.e.4117","ELEMENT":"f.2DD1EF63A9CC2E68EF0E7B65F7915F84.d.FDB7DF69A9DE03D525C7636791AA3E1D.e.4117"}]}
COMMAND: POST /session/558f637b9cb274befd50f388e951f207/execute/sync - {"script":"<script> [5351 bytes]","args":[{"element-6066-11e4-a52e-4f735466cecf":"f.2DD1EF63A9CC2E68EF0E7B65F7915F84.d.FDB7DF69A9DE03D525C7636791AA3E1D.e.4117","ELEMENT":"f.2DD1EF63A9CC2E68EF0E7B65F7915F84.d.FDB7DF69A9DE03D525C7636791AA3E1D.e.4117"}]}
COMMAND: GET /session/558f637b9cb274befd50f388e951f207/screenshot - {}
RESULT: {}
RESULT: {"script":"<script> [5351 bytes]","args":[{"element-6066-11e4-a52e-4f735466cecf":"f.2DD1EF63A9CC2E68EF0E7B65F7915F84.d.FDB7DF69A9DE03D525C7636791AA3E1D.e.4117","ELEMENT":"f.2DD1EF63A9CC2E68EF0E7B65F7915F84.d.FDB7DF69A9DE03D525C7636791AA3E1D.e.4117"}]}
COMMAND: POST /session/558f637b9cb274befd50f388e951f207/element/f.2DD1EF63A9CC2E68EF0E7B65F7915F84.d.FDB7DF69A9DE03D525C7636791AA3E1D.e.4117/click - {}
COMMAND: GET /session/558f637b9cb274befd50f388e951f207/screenshot - {}
RESULT: {}
RESULT: {}
COMMAND: POST /session/558f637b9cb274befd50f388e951f207/elements - {"using":"xpath","value":"//*[text()='OK']"}
COMMAND: GET /session/558f637b9cb274befd50f388e951f207/screenshot - {}
RESULT: {}
RESULT: {"using":"xpath","value":"//*[text()='OK']"}
RESULT: {}
COMMAND: POST /session/558f637b9cb274befd50f388e951f207/execute/async - {"script":"<script> [1562 bytes]","args":[{"selector":{"id":"application-ruinventorylist-display-component---Master--smartFilterBar-btnBasicSearch","interaction":{"idSuffix":"I"}},"wdio_ui5_key":"applicationruinventorylist-display-component---Master--smartFilterBar-btnBasicSearch"}]}
RESULT: {"script":"<script> [1562 bytes]","args":[{"selector":{"id":"application-ruinventorylist-display-component---Master--smartFilterBar-btnBasicSearch","interaction":{"idSuffix":"I"}},"wdio_ui5_key":"applicationruinventorylist-display-component---Master--smartFilterBar-btnBasicSearch"}]}
RESULT: undefined
COMMAND: POST /session/558f637b9cb274befd50f388e951f207/actions - {"actions":[{"id":"action24","type":"key","parameters":{},"actions":[{"type":"keyDown","value":""},{"type":"pause","duration":10},{"type":"keyUp","value":""}]}]}
RESULT: {"actions":[{"id":"action24","type":"key","parameters":{},"actions":[{"type":"keyDown","value":""},{"type":"pause","duration":10},{"type":"keyUp","value":""}]}]}
COMMAND: GET /session/558f637b9cb274befd50f388e951f207/screenshot - {}
RESULT: {}
COMMAND: POST /session/558f637b9cb274befd50f388e951f207/execute/async - {"script":"<script> [1562 bytes]","args":[{"selector":{"id":"application-ruinventorylist-display-component---Master--smartTableRuInventoryList-header"},"wdio_ui5_key":"applicationruinventorylist-display-component---Master--smartTableRuInventoryList-header"}]}
RESULT: {"script":"<script> [1562 bytes]","args":[{"selector":{"id":"application-ruinventorylist-display-component---Master--smartTableRuInventoryList-header"},"wdio_ui5_key":"applicationruinventorylist-display-component---Master--smartTableRuInventoryList-header"}]}
RESULT: undefined
COMMAND: GET /session/558f637b9cb274befd50f388e951f207/screenshot - {}
RESULT: {}
COMMAND: GET /session/558f637b9cb274befd50f388e951f207/screenshot - {}
COMMAND: GET /session/558f637b9cb274befd50f388e951f207/screenshot - {}
RESULT: {}
RESULT: {}
COMMAND: DELETE /session/558f637b9cb274befd50f388e951f207 - {}
RESULT: {}
]]></system-out>
      <system-err><![CDATA[
Error: expect(received).toEqual(expected) // deep equality

Expected: "Records (1)"
Received: undefined
    at Context.<anonymous> (D:\a\1\s\test\specs\R2C\verify-ru-inventory-split-cost-information.spec.js:83:29)
]]></system-err>
    </testcase>
  </testsuite>
</testsuites>