<?xml version="1.0" encoding="UTF-8"?>
<testsuites tests="15" failures="10" errors="10" skipped="0">
  <testsuite timestamp="2025-06-02T18:00:22" time="927.771" tests="9" failures="5" errors="5" skipped="0">
    <properties>
      <property name="specId" value="0" />
      <property name="suiteName" value="Tests for Mass State Change on Manage States &amp; Performances US104416 US" />
      <property name="capabilities" value="chrome.136_0_7103_93.windows" />
      <property name="file" value="file:///D:/a/1/s/test/specs/HTR/create-mass-state-change.spec.js" />
    </properties>
    <testcase classname="chrome.136_0_7103_93.windows.Tests_for_Mass_State_Change_on_Manage_States_&amp;_Performances_US104416_US" name="Prereq Should create a new yard used for all following tests" time="138.304">
      <system-out><![CDATA[
COMMAND: POST /session/c8a541b4b4c3a19e1c9b1ed3871b16eb/window/fullscreen - {}
RESULT: {}
COMMAND: POST /session/c8a541b4b4c3a19e1c9b1ed3871b16eb/execute/async - {"script":"<script> [1562 bytes]","args":[{"selector":{"controlType":"sap.m.GenericTile","properties":{"header":"Manage Yards"}},"wdio_ui5_key":"sapm.GenericTile{\"header\":\"Manage Yards\"}"}]}
RESULT: {"script":"<script> [1562 bytes]","args":[{"selector":{"controlType":"sap.m.GenericTile","properties":{"header":"Manage Yards"}},"wdio_ui5_key":"sapm.GenericTile{\"header\":\"Manage Yards\"}"}]}
RESULT: undefined
COMMAND: POST /session/c8a541b4b4c3a19e1c9b1ed3871b16eb/element - {"using":"xpath","value":"//*[@id=\"__tile41\"]"}
RESULT: {"using":"xpath","value":"//*[@id=\"__tile41\"]"}
COMMAND: POST /session/c8a541b4b4c3a19e1c9b1ed3871b16eb/element/f.AA8EB58E3CC8A06D4892695265F737EE.d.85576C9AE055F69E64D17BFD1C1B78AC.e.157/click - {}
RESULT: {}
COMMAND: GET /session/c8a541b4b4c3a19e1c9b1ed3871b16eb/screenshot - {}
RESULT: {}
COMMAND: POST /session/c8a541b4b4c3a19e1c9b1ed3871b16eb/elements - {"using":"xpath","value":"//span[text()='Error']"}
RESULT: {"using":"xpath","value":"//span[text()='Error']"}
COMMAND: POST /session/c8a541b4b4c3a19e1c9b1ed3871b16eb/element - {"using":"xpath","value":"//button[@data-kt=\"addNewYardOverflowToolbarButton\"]"}
RESULT: {"using":"xpath","value":"//button[@data-kt=\"addNewYardOverflowToolbarButton\"]"}
COMMAND: POST /session/c8a541b4b4c3a19e1c9b1ed3871b16eb/elements - {"using":"xpath","value":"//button[@data-kt=\"addNewYardOverflowToolbarButton\"]"}
RESULT: {"using":"xpath","value":"//button[@data-kt=\"addNewYardOverflowToolbarButton\"]"}
COMMAND: POST /session/c8a541b4b4c3a19e1c9b1ed3871b16eb/elements - {"using":"xpath","value":"//button[@data-kt=\"addNewYardOverflowToolbarButton\"]"}
RESULT: {"using":"xpath","value":"//button[@data-kt=\"addNewYardOverflowToolbarButton\"]"}
COMMAND: POST /session/c8a541b4b4c3a19e1c9b1ed3871b16eb/elements - {"using":"xpath","value":"//button[@data-kt=\"addNewYardOverflowToolbarButton\"]"}
RESULT: {"using":"xpath","value":"//button[@data-kt=\"addNewYardOverflowToolbarButton\"]"}
COMMAND: POST /session/c8a541b4b4c3a19e1c9b1ed3871b16eb/elements - {"using":"xpath","value":"//button[@data-kt=\"addNewYardOverflowToolbarButton\"]"}
RESULT: {"using":"xpath","value":"//button[@data-kt=\"addNewYardOverflowToolbarButton\"]"}
COMMAND: POST /session/c8a541b4b4c3a19e1c9b1ed3871b16eb/elements - {"using":"xpath","value":"//button[@data-kt=\"addNewYardOverflowToolbarButton\"]"}
RESULT: {"using":"xpath","value":"//button[@data-kt=\"addNewYardOverflowToolbarButton\"]"}
COMMAND: POST /session/c8a541b4b4c3a19e1c9b1ed3871b16eb/elements - {"using":"xpath","value":"//button[@data-kt=\"addNewYardOverflowToolbarButton\"]"}
RESULT: {"using":"xpath","value":"//button[@data-kt=\"addNewYardOverflowToolbarButton\"]"}
COMMAND: POST /session/c8a541b4b4c3a19e1c9b1ed3871b16eb/elements - {"using":"xpath","value":"//button[@data-kt=\"addNewYardOverflowToolbarButton\"]"}
RESULT: {"using":"xpath","value":"//button[@data-kt=\"addNewYardOverflowToolbarButton\"]"}
COMMAND: POST /session/c8a541b4b4c3a19e1c9b1ed3871b16eb/elements - {"using":"xpath","value":"//button[@data-kt=\"addNewYardOverflowToolbarButton\"]"}
RESULT: {"using":"xpath","value":"//button[@data-kt=\"addNewYardOverflowToolbarButton\"]"}
COMMAND: POST /session/c8a541b4b4c3a19e1c9b1ed3871b16eb/elements - {"using":"xpath","value":"//button[@data-kt=\"addNewYardOverflowToolbarButton\"]"}
RESULT: {"using":"xpath","value":"//button[@data-kt=\"addNewYardOverflowToolbarButton\"]"}
COMMAND: POST /session/c8a541b4b4c3a19e1c9b1ed3871b16eb/elements - {"using":"xpath","value":"//button[@data-kt=\"addNewYardOverflowToolbarButton\"]"}
RESULT: {"using":"xpath","value":"//button[@data-kt=\"addNewYardOverflowToolbarButton\"]"}
COMMAND: POST /session/c8a541b4b4c3a19e1c9b1ed3871b16eb/elements - {"using":"xpath","value":"//button[@data-kt=\"addNewYardOverflowToolbarButton\"]"}
RESULT: {"using":"xpath","value":"//button[@data-kt=\"addNewYardOverflowToolbarButton\"]"}
COMMAND: POST /session/c8a541b4b4c3a19e1c9b1ed3871b16eb/elements - {"using":"xpath","value":"//button[@data-kt=\"addNewYardOverflowToolbarButton\"]"}
RESULT: {"using":"xpath","value":"//button[@data-kt=\"addNewYardOverflowToolbarButton\"]"}
COMMAND: POST /session/c8a541b4b4c3a19e1c9b1ed3871b16eb/elements - {"using":"xpath","value":"//button[@data-kt=\"addNewYardOverflowToolbarButton\"]"}
RESULT: {"using":"xpath","value":"//button[@data-kt=\"addNewYardOverflowToolbarButton\"]"}
COMMAND: POST /session/c8a541b4b4c3a19e1c9b1ed3871b16eb/elements - {"using":"xpath","value":"//button[@data-kt=\"addNewYardOverflowToolbarButton\"]"}
RESULT: {"using":"xpath","value":"//button[@data-kt=\"addNewYardOverflowToolbarButton\"]"}
COMMAND: POST /session/c8a541b4b4c3a19e1c9b1ed3871b16eb/elements - {"using":"xpath","value":"//button[@data-kt=\"addNewYardOverflowToolbarButton\"]"}
RESULT: {"using":"xpath","value":"//button[@data-kt=\"addNewYardOverflowToolbarButton\"]"}
COMMAND: POST /session/c8a541b4b4c3a19e1c9b1ed3871b16eb/elements - {"using":"xpath","value":"//button[@data-kt=\"addNewYardOverflowToolbarButton\"]"}
RESULT: {"using":"xpath","value":"//button[@data-kt=\"addNewYardOverflowToolbarButton\"]"}
COMMAND: POST /session/c8a541b4b4c3a19e1c9b1ed3871b16eb/elements - {"using":"xpath","value":"//button[@data-kt=\"addNewYardOverflowToolbarButton\"]"}
RESULT: {"using":"xpath","value":"//button[@data-kt=\"addNewYardOverflowToolbarButton\"]"}
COMMAND: POST /session/c8a541b4b4c3a19e1c9b1ed3871b16eb/elements - {"using":"xpath","value":"//button[@data-kt=\"addNewYardOverflowToolbarButton\"]"}
RESULT: {"using":"xpath","value":"//button[@data-kt=\"addNewYardOverflowToolbarButton\"]"}
COMMAND: POST /session/c8a541b4b4c3a19e1c9b1ed3871b16eb/elements - {"using":"xpath","value":"//button[@data-kt=\"addNewYardOverflowToolbarButton\"]"}
RESULT: {"using":"xpath","value":"//button[@data-kt=\"addNewYardOverflowToolbarButton\"]"}
COMMAND: POST /session/c8a541b4b4c3a19e1c9b1ed3871b16eb/elements - {"using":"xpath","value":"//button[@data-kt=\"addNewYardOverflowToolbarButton\"]"}
RESULT: {"using":"xpath","value":"//button[@data-kt=\"addNewYardOverflowToolbarButton\"]"}
COMMAND: POST /session/c8a541b4b4c3a19e1c9b1ed3871b16eb/elements - {"using":"xpath","value":"//button[@data-kt=\"addNewYardOverflowToolbarButton\"]"}
RESULT: {"using":"xpath","value":"//button[@data-kt=\"addNewYardOverflowToolbarButton\"]"}
COMMAND: POST /session/c8a541b4b4c3a19e1c9b1ed3871b16eb/elements - {"using":"xpath","value":"//button[@data-kt=\"addNewYardOverflowToolbarButton\"]"}
RESULT: {"using":"xpath","value":"//button[@data-kt=\"addNewYardOverflowToolbarButton\"]"}
COMMAND: POST /session/c8a541b4b4c3a19e1c9b1ed3871b16eb/elements - {"using":"xpath","value":"//button[@data-kt=\"addNewYardOverflowToolbarButton\"]"}
RESULT: {"using":"xpath","value":"//button[@data-kt=\"addNewYardOverflowToolbarButton\"]"}
COMMAND: POST /session/c8a541b4b4c3a19e1c9b1ed3871b16eb/elements - {"using":"xpath","value":"//button[@data-kt=\"addNewYardOverflowToolbarButton\"]"}
RESULT: {"using":"xpath","value":"//button[@data-kt=\"addNewYardOverflowToolbarButton\"]"}
COMMAND: POST /session/c8a541b4b4c3a19e1c9b1ed3871b16eb/elements - {"using":"xpath","value":"//button[@data-kt=\"addNewYardOverflowToolbarButton\"]"}
RESULT: {"using":"xpath","value":"//button[@data-kt=\"addNewYardOverflowToolbarButton\"]"}
COMMAND: POST /session/c8a541b4b4c3a19e1c9b1ed3871b16eb/elements - {"using":"xpath","value":"//button[@data-kt=\"addNewYardOverflowToolbarButton\"]"}
RESULT: {"using":"xpath","value":"//button[@data-kt=\"addNewYardOverflowToolbarButton\"]"}
COMMAND: POST /session/c8a541b4b4c3a19e1c9b1ed3871b16eb/elements - {"using":"xpath","value":"//button[@data-kt=\"addNewYardOverflowToolbarButton\"]"}
RESULT: {"using":"xpath","value":"//button[@data-kt=\"addNewYardOverflowToolbarButton\"]"}
COMMAND: POST /session/c8a541b4b4c3a19e1c9b1ed3871b16eb/elements - {"using":"xpath","value":"//button[@data-kt=\"addNewYardOverflowToolbarButton\"]"}
RESULT: {"using":"xpath","value":"//button[@data-kt=\"addNewYardOverflowToolbarButton\"]"}
COMMAND: POST /session/c8a541b4b4c3a19e1c9b1ed3871b16eb/element - {"using":"xpath","value":"//button[@data-kt=\"addNewYardOverflowToolbarButton\"]"}
RESULT: {"using":"xpath","value":"//button[@data-kt=\"addNewYardOverflowToolbarButton\"]"}
COMMAND: POST /session/c8a541b4b4c3a19e1c9b1ed3871b16eb/execute/sync - {"script":"<script> [8489 bytes]","args":[{"element-6066-11e4-a52e-4f735466cecf":"f.AA8EB58E3CC8A06D4892695265F737EE.d.85576C9AE055F69E64D17BFD1C1B78AC.e.291","ELEMENT":"f.AA8EB58E3CC8A06D4892695265F737EE.d.85576C9AE055F69E64D17BFD1C1B78AC.e.291"}]}
RESULT: {"script":"<script> [8489 bytes]","args":[{"element-6066-11e4-a52e-4f735466cecf":"f.AA8EB58E3CC8A06D4892695265F737EE.d.85576C9AE055F69E64D17BFD1C1B78AC.e.291","ELEMENT":"f.AA8EB58E3CC8A06D4892695265F737EE.d.85576C9AE055F69E64D17BFD1C1B78AC.e.291"}]}
COMMAND: GET /session/c8a541b4b4c3a19e1c9b1ed3871b16eb/element/f.AA8EB58E3CC8A06D4892695265F737EE.d.85576C9AE055F69E64D17BFD1C1B78AC.e.291/enabled - {}
COMMAND: GET /session/c8a541b4b4c3a19e1c9b1ed3871b16eb/screenshot - {}
RESULT: {}
RESULT: {}
COMMAND: POST /session/c8a541b4b4c3a19e1c9b1ed3871b16eb/execute/sync - {"script":"<script> [8489 bytes]","args":[{"element-6066-11e4-a52e-4f735466cecf":"f.AA8EB58E3CC8A06D4892695265F737EE.d.85576C9AE055F69E64D17BFD1C1B78AC.e.291","ELEMENT":"f.AA8EB58E3CC8A06D4892695265F737EE.d.85576C9AE055F69E64D17BFD1C1B78AC.e.291"}]}
COMMAND: GET /session/c8a541b4b4c3a19e1c9b1ed3871b16eb/screenshot - {}
RESULT: {"script":"<script> [8489 bytes]","args":[{"element-6066-11e4-a52e-4f735466cecf":"f.AA8EB58E3CC8A06D4892695265F737EE.d.85576C9AE055F69E64D17BFD1C1B78AC.e.291","ELEMENT":"f.AA8EB58E3CC8A06D4892695265F737EE.d.85576C9AE055F69E64D17BFD1C1B78AC.e.291"}]}
COMMAND: POST /session/c8a541b4b4c3a19e1c9b1ed3871b16eb/execute/sync - {"script":"<script> [5351 bytes]","args":[{"element-6066-11e4-a52e-4f735466cecf":"f.AA8EB58E3CC8A06D4892695265F737EE.d.85576C9AE055F69E64D17BFD1C1B78AC.e.291","ELEMENT":"f.AA8EB58E3CC8A06D4892695265F737EE.d.85576C9AE055F69E64D17BFD1C1B78AC.e.291"}]}
COMMAND: GET /session/c8a541b4b4c3a19e1c9b1ed3871b16eb/screenshot - {}
RESULT: {}
RESULT: {"script":"<script> [5351 bytes]","args":[{"element-6066-11e4-a52e-4f735466cecf":"f.AA8EB58E3CC8A06D4892695265F737EE.d.85576C9AE055F69E64D17BFD1C1B78AC.e.291","ELEMENT":"f.AA8EB58E3CC8A06D4892695265F737EE.d.85576C9AE055F69E64D17BFD1C1B78AC.e.291"}]}
COMMAND: POST /session/c8a541b4b4c3a19e1c9b1ed3871b16eb/element/f.AA8EB58E3CC8A06D4892695265F737EE.d.85576C9AE055F69E64D17BFD1C1B78AC.e.291/click - {}
COMMAND: GET /session/c8a541b4b4c3a19e1c9b1ed3871b16eb/screenshot - {}
RESULT: {}
RESULT: {}
COMMAND: GET /session/c8a541b4b4c3a19e1c9b1ed3871b16eb/screenshot - {}
COMMAND: POST /session/c8a541b4b4c3a19e1c9b1ed3871b16eb/element - {"using":"xpath","value":"//input[@id=\"application-manageyards-display-component---NewYard--yardId-inner\"]"}
RESULT: {}
RESULT: {}
RESULT: {"using":"xpath","value":"//input[@id=\"application-manageyards-display-component---NewYard--yardId-inner\"]"}
COMMAND: POST /session/c8a541b4b4c3a19e1c9b1ed3871b16eb/element - {"using":"xpath","value":"//input[@id=\"application-manageyards-display-component---NewYard--yardId-inner\"]"}
RESULT: {"using":"xpath","value":"//input[@id=\"application-manageyards-display-component---NewYard--yardId-inner\"]"}
COMMAND: POST /session/c8a541b4b4c3a19e1c9b1ed3871b16eb/execute/async - {"script":"<script> [1562 bytes]","args":[{"selector":{"id":"application-manageyards-display-component---NewYard--addressDetailDetailsName1","interaction":{"idSuffix":"inner"}},"wdio_ui5_key":"applicationmanageyards-display-component---NewYard--addressDetailDetailsName1"}]}
RESULT: {"script":"<script> [1562 bytes]","args":[{"selector":{"id":"application-manageyards-display-component---NewYard--addressDetailDetailsName1","interaction":{"idSuffix":"inner"}},"wdio_ui5_key":"applicationmanageyards-display-component---NewYard--addressDetailDetailsName1"}]}
RESULT: undefined
COMMAND: POST /session/c8a541b4b4c3a19e1c9b1ed3871b16eb/execute/async - {"script":"<script> [776 bytes]","args":[{"enterText":"Other Yard WDIO","selector":{"id":"application-manageyards-display-component---NewYard--addressDetailDetailsName1","interaction":{"idSuffix":"inner"}},"clearTextFirst":true,"interactionType":"ENTER_TEXT"}]}
RESULT: {"script":"<script> [776 bytes]","args":[{"enterText":"Other Yard WDIO","selector":{"id":"application-manageyards-display-component---NewYard--addressDetailDetailsName1","interaction":{"idSuffix":"inner"}},"clearTextFirst":true,"interactionType":"ENTER_TEXT"}]}
COMMAND: POST /session/c8a541b4b4c3a19e1c9b1ed3871b16eb/execute/async - {"script":"<script> [1562 bytes]","args":[{"selector":{"id":"application-manageyards-display-component---NewYard--addressDetailDetailsLanguage-arrow"},"wdio_ui5_key":"applicationmanageyards-display-component---NewYard--addressDetailDetailsLanguage-arrow"}]}
RESULT: {"script":"<script> [1562 bytes]","args":[{"selector":{"id":"application-manageyards-display-component---NewYard--addressDetailDetailsLanguage-arrow"},"wdio_ui5_key":"applicationmanageyards-display-component---NewYard--addressDetailDetailsLanguage-arrow"}]}
RESULT: undefined
COMMAND: POST /session/c8a541b4b4c3a19e1c9b1ed3871b16eb/element - {"using":"xpath","value":"//*[@id=\"application-manageyards-display-component---NewYard--addressDetailDetailsLanguage-arrow\"]"}
RESULT: {"using":"xpath","value":"//*[@id=\"application-manageyards-display-component---NewYard--addressDetailDetailsLanguage-arrow\"]"}
COMMAND: POST /session/c8a541b4b4c3a19e1c9b1ed3871b16eb/element/f.AA8EB58E3CC8A06D4892695265F737EE.d.85576C9AE055F69E64D17BFD1C1B78AC.e.712/click - {}
RESULT: {}
COMMAND: POST /session/c8a541b4b4c3a19e1c9b1ed3871b16eb/element - {"using":"xpath","value":"//span[contains(text(), \"English\")]"}
COMMAND: GET /session/c8a541b4b4c3a19e1c9b1ed3871b16eb/screenshot - {}
RESULT: {"using":"xpath","value":"//span[contains(text(), \"English\")]"}
COMMAND: POST /session/c8a541b4b4c3a19e1c9b1ed3871b16eb/element/f.AA8EB58E3CC8A06D4892695265F737EE.d.85576C9AE055F69E64D17BFD1C1B78AC.e.713/click - {}
RESULT: {}
RESULT: {}
COMMAND: POST /session/c8a541b4b4c3a19e1c9b1ed3871b16eb/execute/async - {"script":"<script> [1562 bytes]","args":[{"selector":{"id":"application-manageyards-display-component---NewYard--addressDetailDetailsCity1","interaction":{"idSuffix":"inner"}},"wdio_ui5_key":"applicationmanageyards-display-component---NewYard--addressDetailDetailsCity1"}]}
COMMAND: GET /session/c8a541b4b4c3a19e1c9b1ed3871b16eb/screenshot - {}
RESULT: {"script":"<script> [1562 bytes]","args":[{"selector":{"id":"application-manageyards-display-component---NewYard--addressDetailDetailsCity1","interaction":{"idSuffix":"inner"}},"wdio_ui5_key":"applicationmanageyards-display-component---NewYard--addressDetailDetailsCity1"}]}
RESULT: undefined
COMMAND: POST /session/c8a541b4b4c3a19e1c9b1ed3871b16eb/execute/async - {"script":"<script> [776 bytes]","args":[{"enterText":"Rosario","selector":{"id":"application-manageyards-display-component---NewYard--addressDetailDetailsCity1","interaction":{"idSuffix":"inner"}},"clearTextFirst":true,"interactionType":"ENTER_TEXT"}]}
RESULT: {}
RESULT: {"script":"<script> [776 bytes]","args":[{"enterText":"Rosario","selector":{"id":"application-manageyards-display-component---NewYard--addressDetailDetailsCity1","interaction":{"idSuffix":"inner"}},"clearTextFirst":true,"interactionType":"ENTER_TEXT"}]}
COMMAND: POST /session/c8a541b4b4c3a19e1c9b1ed3871b16eb/execute/async - {"script":"<script> [1562 bytes]","args":[{"selector":{"id":"application-manageyards-display-component---NewYard--addressDetailDetailsCountry-arrow"},"wdio_ui5_key":"applicationmanageyards-display-component---NewYard--addressDetailDetailsCountry-arrow"}]}
RESULT: {"script":"<script> [1562 bytes]","args":[{"selector":{"id":"application-manageyards-display-component---NewYard--addressDetailDetailsCountry-arrow"},"wdio_ui5_key":"applicationmanageyards-display-component---NewYard--addressDetailDetailsCountry-arrow"}]}
RESULT: undefined
COMMAND: POST /session/c8a541b4b4c3a19e1c9b1ed3871b16eb/element - {"using":"xpath","value":"//*[@id=\"application-manageyards-display-component---NewYard--addressDetailDetailsCountry-arrow\"]"}
RESULT: {"using":"xpath","value":"//*[@id=\"application-manageyards-display-component---NewYard--addressDetailDetailsCountry-arrow\"]"}
COMMAND: POST /session/c8a541b4b4c3a19e1c9b1ed3871b16eb/element/f.AA8EB58E3CC8A06D4892695265F737EE.d.85576C9AE055F69E64D17BFD1C1B78AC.e.715/click - {}
RESULT: {}
COMMAND: POST /session/c8a541b4b4c3a19e1c9b1ed3871b16eb/element - {"using":"xpath","value":"//span[contains(text(), \"Argentina\")]"}
COMMAND: GET /session/c8a541b4b4c3a19e1c9b1ed3871b16eb/screenshot - {}
RESULT: {"using":"xpath","value":"//span[contains(text(), \"Argentina\")]"}
COMMAND: POST /session/c8a541b4b4c3a19e1c9b1ed3871b16eb/element/f.AA8EB58E3CC8A06D4892695265F737EE.d.85576C9AE055F69E64D17BFD1C1B78AC.e.717/click - {}
RESULT: {}
RESULT: {}
COMMAND: POST /session/c8a541b4b4c3a19e1c9b1ed3871b16eb/execute/async - {"script":"<script> [1562 bytes]","args":[{"selector":{"id":"application-manageyards-display-component---NewYard--addressEditDetailsCostObjectCstType-arrow"},"wdio_ui5_key":"applicationmanageyards-display-component---NewYard--addressEditDetailsCostObjectCstType-arrow"}]}
COMMAND: GET /session/c8a541b4b4c3a19e1c9b1ed3871b16eb/screenshot - {}
RESULT: {"script":"<script> [1562 bytes]","args":[{"selector":{"id":"application-manageyards-display-component---NewYard--addressEditDetailsCostObjectCstType-arrow"},"wdio_ui5_key":"applicationmanageyards-display-component---NewYard--addressEditDetailsCostObjectCstType-arrow"}]}
RESULT: undefined
COMMAND: POST /session/c8a541b4b4c3a19e1c9b1ed3871b16eb/element - {"using":"xpath","value":"//*[@id=\"application-manageyards-display-component---NewYard--addressEditDetailsCostObjectCstType-arrow\"]"}
RESULT: {}
RESULT: {"using":"xpath","value":"//*[@id=\"application-manageyards-display-component---NewYard--addressEditDetailsCostObjectCstType-arrow\"]"}
COMMAND: POST /session/c8a541b4b4c3a19e1c9b1ed3871b16eb/element/f.AA8EB58E3CC8A06D4892695265F737EE.d.85576C9AE055F69E64D17BFD1C1B78AC.e.718/click - {}
RESULT: {}
COMMAND: POST /session/c8a541b4b4c3a19e1c9b1ed3871b16eb/element - {"using":"xpath","value":"//span[contains(text(), \"Cost Center\")]"}
COMMAND: GET /session/c8a541b4b4c3a19e1c9b1ed3871b16eb/screenshot - {}
RESULT: {"using":"xpath","value":"//span[contains(text(), \"Cost Center\")]"}
COMMAND: POST /session/c8a541b4b4c3a19e1c9b1ed3871b16eb/element/f.AA8EB58E3CC8A06D4892695265F737EE.d.85576C9AE055F69E64D17BFD1C1B78AC.e.719/click - {}
RESULT: {}
RESULT: {}
COMMAND: GET /session/c8a541b4b4c3a19e1c9b1ed3871b16eb/screenshot - {}
RESULT: {}
COMMAND: POST /session/c8a541b4b4c3a19e1c9b1ed3871b16eb/element - {"using":"xpath","value":"//span[@id=\"application-manageyards-display-component---NewYard--addressNewCostObjectCstID-vhi\"]"}
RESULT: {"using":"xpath","value":"//span[@id=\"application-manageyards-display-component---NewYard--addressNewCostObjectCstID-vhi\"]"}
COMMAND: POST /session/c8a541b4b4c3a19e1c9b1ed3871b16eb/execute/sync - {"script":"<script> [8489 bytes]","args":[{"element-6066-11e4-a52e-4f735466cecf":"f.AA8EB58E3CC8A06D4892695265F737EE.d.85576C9AE055F69E64D17BFD1C1B78AC.e.723","ELEMENT":"f.AA8EB58E3CC8A06D4892695265F737EE.d.85576C9AE055F69E64D17BFD1C1B78AC.e.723"}]}
RESULT: {"script":"<script> [8489 bytes]","args":[{"element-6066-11e4-a52e-4f735466cecf":"f.AA8EB58E3CC8A06D4892695265F737EE.d.85576C9AE055F69E64D17BFD1C1B78AC.e.723","ELEMENT":"f.AA8EB58E3CC8A06D4892695265F737EE.d.85576C9AE055F69E64D17BFD1C1B78AC.e.723"}]}
COMMAND: POST /session/c8a541b4b4c3a19e1c9b1ed3871b16eb/execute/async - {"script":"<script> [1562 bytes]","args":[{"selector":{"id":"application-manageyards-display-component---NewYard--addressNewCostObjectCstID-vhi"},"wdio_ui5_key":"applicationmanageyards-display-component---NewYard--addressNewCostObjectCstID-vhi"}]}
COMMAND: GET /session/c8a541b4b4c3a19e1c9b1ed3871b16eb/screenshot - {}
RESULT: {"script":"<script> [1562 bytes]","args":[{"selector":{"id":"application-manageyards-display-component---NewYard--addressNewCostObjectCstID-vhi"},"wdio_ui5_key":"applicationmanageyards-display-component---NewYard--addressNewCostObjectCstID-vhi"}]}
RESULT: undefined
COMMAND: POST /session/c8a541b4b4c3a19e1c9b1ed3871b16eb/element - {"using":"xpath","value":"//*[@id=\"application-manageyards-display-component---NewYard--addressNewCostObjectCstID-vhi\"]"}
RESULT: {}
RESULT: {"using":"xpath","value":"//*[@id=\"application-manageyards-display-component---NewYard--addressNewCostObjectCstID-vhi\"]"}
COMMAND: POST /session/c8a541b4b4c3a19e1c9b1ed3871b16eb/element/f.AA8EB58E3CC8A06D4892695265F737EE.d.85576C9AE055F69E64D17BFD1C1B78AC.e.723/click - {}
RESULT: {}
COMMAND: GET /session/c8a541b4b4c3a19e1c9b1ed3871b16eb/screenshot - {}
RESULT: {}
COMMAND: POST /session/c8a541b4b4c3a19e1c9b1ed3871b16eb/execute/async - {"script":"<script> [1562 bytes]","args":[{"selector":{"controlType":"sap.m.SearchField","properties":{"placeholder":"Search"},"searchOpenDialogs":true,"interaction":{"idSuffix":"I"}},"wdio_ui5_key":"sapm.SearchField{\"placeholder\":\"Search\"}"}]}
RESULT: {"script":"<script> [1562 bytes]","args":[{"selector":{"controlType":"sap.m.SearchField","properties":{"placeholder":"Search"},"searchOpenDialogs":true,"interaction":{"idSuffix":"I"}},"wdio_ui5_key":"sapm.SearchField{\"placeholder\":\"Search\"}"}]}
RESULT: undefined
COMMAND: POST /session/c8a541b4b4c3a19e1c9b1ed3871b16eb/execute/async - {"script":"<script> [776 bytes]","args":[{"enterText":"bauh_b","selector":{"controlType":"sap.m.SearchField","properties":{"placeholder":"Search"},"searchOpenDialogs":true,"interaction":{"idSuffix":"I"}},"clearTextFirst":true,"interactionType":"ENTER_TEXT"}]}
RESULT: {"script":"<script> [776 bytes]","args":[{"enterText":"bauh_b","selector":{"controlType":"sap.m.SearchField","properties":{"placeholder":"Search"},"searchOpenDialogs":true,"interaction":{"idSuffix":"I"}},"clearTextFirst":true,"interactionType":"ENTER_TEXT"}]}
COMMAND: POST /session/c8a541b4b4c3a19e1c9b1ed3871b16eb/actions - {"actions":[{"id":"action1","type":"key","parameters":{},"actions":[{"type":"keyDown","value":"î€‡"},{"type":"pause","duration":10},{"type":"keyUp","value":"î€‡"}]}]}
RESULT: {"actions":[{"id":"action1","type":"key","parameters":{},"actions":[{"type":"keyDown","value":"î€‡"},{"type":"pause","duration":10},{"type":"keyUp","value":"î€‡"}]}]}
COMMAND: GET /session/c8a541b4b4c3a19e1c9b1ed3871b16eb/screenshot - {}
RESULT: {}
COMMAND: POST /session/c8a541b4b4c3a19e1c9b1ed3871b16eb/element - {"using":"xpath","value":"//span[contains(text(), \"Demo Yard\")]"}
RESULT: {"using":"xpath","value":"//span[contains(text(), \"Demo Yard\")]"}
COMMAND: POST /session/c8a541b4b4c3a19e1c9b1ed3871b16eb/element/f.AA8EB58E3CC8A06D4892695265F737EE.d.85576C9AE055F69E64D17BFD1C1B78AC.e.763/click - {}
RESULT: {}
COMMAND: GET /session/c8a541b4b4c3a19e1c9b1ed3871b16eb/screenshot - {}
RESULT: {}
COMMAND: POST /session/c8a541b4b4c3a19e1c9b1ed3871b16eb/element - {"using":"xpath","value":"//bdi[contains(text(), \"OK\")]"}
RESULT: {"using":"xpath","value":"//bdi[contains(text(), \"OK\")]"}
COMMAND: POST /session/c8a541b4b4c3a19e1c9b1ed3871b16eb/element/f.AA8EB58E3CC8A06D4892695265F737EE.d.85576C9AE055F69E64D17BFD1C1B78AC.e.764/click - {}
RESULT: {}
COMMAND: GET /session/c8a541b4b4c3a19e1c9b1ed3871b16eb/screenshot - {}
RESULT: {}
COMMAND: POST /session/c8a541b4b4c3a19e1c9b1ed3871b16eb/execute/async - {"script":"<script> [1562 bytes]","args":[{"selector":{"id":"application-manageyards-display-component---NewYard--addressEditDetailsCurrency-arrow"},"wdio_ui5_key":"applicationmanageyards-display-component---NewYard--addressEditDetailsCurrency-arrow"}]}
RESULT: {"script":"<script> [1562 bytes]","args":[{"selector":{"id":"application-manageyards-display-component---NewYard--addressEditDetailsCurrency-arrow"},"wdio_ui5_key":"applicationmanageyards-display-component---NewYard--addressEditDetailsCurrency-arrow"}]}
RESULT: undefined
COMMAND: POST /session/c8a541b4b4c3a19e1c9b1ed3871b16eb/element - {"using":"xpath","value":"//*[@id=\"application-manageyards-display-component---NewYard--addressEditDetailsCurrency-arrow\"]"}
RESULT: {"using":"xpath","value":"//*[@id=\"application-manageyards-display-component---NewYard--addressEditDetailsCurrency-arrow\"]"}
COMMAND: POST /session/c8a541b4b4c3a19e1c9b1ed3871b16eb/element/f.AA8EB58E3CC8A06D4892695265F737EE.d.85576C9AE055F69E64D17BFD1C1B78AC.e.767/click - {}
RESULT: {}
COMMAND: POST /session/c8a541b4b4c3a19e1c9b1ed3871b16eb/element - {"using":"xpath","value":"//span[contains(text(), \"Euro\")]"}
COMMAND: GET /session/c8a541b4b4c3a19e1c9b1ed3871b16eb/screenshot - {}
RESULT: {"using":"xpath","value":"//span[contains(text(), \"Euro\")]"}
COMMAND: POST /session/c8a541b4b4c3a19e1c9b1ed3871b16eb/element/f.AA8EB58E3CC8A06D4892695265F737EE.d.85576C9AE055F69E64D17BFD1C1B78AC.e.768/click - {}
RESULT: {}
RESULT: {}
COMMAND: POST /session/c8a541b4b4c3a19e1c9b1ed3871b16eb/execute/async - {"script":"<script> [1562 bytes]","args":[{"selector":{"controlType":"sap.m.Input","viewName":"etm.portal.ui.manageyards.view.New","viewId":"application-manageyards-display-component---NewYard","bindingPath":{"path":"","propertyPath":"/CONTROLLING_AREA","modelName":"NewYardModel"},"interaction":{"idSuffix":"inner"}},"wdio_ui5_key":"etmportal.ui.manageyards.view.Newsap.m.Input{\"path\":\"\",\"propertyPath\":\"/CONTROLLING_AREA\",\"modelName\":\"NewYardModel\"}"}]}
COMMAND: GET /session/c8a541b4b4c3a19e1c9b1ed3871b16eb/screenshot - {}
RESULT: {"script":"<script> [1562 bytes]","args":[{"selector":{"controlType":"sap.m.Input","viewName":"etm.portal.ui.manageyards.view.New","viewId":"application-manageyards-display-component---NewYard","bindingPath":{"path":"","propertyPath":"/CONTROLLING_AREA","modelName":"NewYardModel"},"interaction":{"idSuffix":"inner"}},"wdio_ui5_key":"etmportal.ui.manageyards.view.Newsap.m.Input{\"path\":\"\",\"propertyPath\":\"/CONTROLLING_AREA\",\"modelName\":\"NewYardModel\"}"}]}
RESULT: undefined
COMMAND: POST /session/c8a541b4b4c3a19e1c9b1ed3871b16eb/execute/async - {"script":"<script> [776 bytes]","args":[{"enterText":"Z001","selector":{"controlType":"sap.m.Input","viewName":"etm.portal.ui.manageyards.view.New","viewId":"application-manageyards-display-component---NewYard","bindingPath":{"path":"","propertyPath":"/CONTROLLING_AREA","modelName":"NewYardModel"},"interaction":{"idSuffix":"inner"}},"clearTextFirst":true,"interactionType":"ENTER_TEXT"}]}
RESULT: {}
RESULT: {"script":"<script> [776 bytes]","args":[{"enterText":"Z001","selector":{"controlType":"sap.m.Input","viewName":"etm.portal.ui.manageyards.view.New","viewId":"application-manageyards-display-component---NewYard","bindingPath":{"path":"","propertyPath":"/CONTROLLING_AREA","modelName":"NewYardModel"},"interaction":{"idSuffix":"inner"}},"clearTextFirst":true,"interactionType":"ENTER_TEXT"}]}
COMMAND: POST /session/c8a541b4b4c3a19e1c9b1ed3871b16eb/execute/async - {"script":"<script> [1562 bytes]","args":[{"selector":{"id":"application-manageyards-display-component---NewYard--companyCodeComboBox","interaction":{"idSuffix":"inner"}},"wdio_ui5_key":"applicationmanageyards-display-component---NewYard--companyCodeComboBox"}]}
RESULT: {"script":"<script> [1562 bytes]","args":[{"selector":{"id":"application-manageyards-display-component---NewYard--companyCodeComboBox","interaction":{"idSuffix":"inner"}},"wdio_ui5_key":"applicationmanageyards-display-component---NewYard--companyCodeComboBox"}]}
RESULT: undefined
COMMAND: POST /session/c8a541b4b4c3a19e1c9b1ed3871b16eb/execute/async - {"script":"<script> [776 bytes]","args":[{"enterText":"1000","selector":{"id":"application-manageyards-display-component---NewYard--companyCodeComboBox","interaction":{"idSuffix":"inner"}},"clearTextFirst":true,"interactionType":"ENTER_TEXT"}]}
RESULT: {"script":"<script> [776 bytes]","args":[{"enterText":"1000","selector":{"id":"application-manageyards-display-component---NewYard--companyCodeComboBox","interaction":{"idSuffix":"inner"}},"clearTextFirst":true,"interactionType":"ENTER_TEXT"}]}
COMMAND: POST /session/c8a541b4b4c3a19e1c9b1ed3871b16eb/execute/async - {"script":"<script> [1562 bytes]","args":[{"selector":{"controlType":"sap.m.Input","viewName":"etm.portal.ui.manageyards.view.New","viewId":"application-manageyards-display-component---NewYard","bindingPath":{"path":"","propertyPath":"/PLANT","modelName":"NewYardModel"},"interaction":{"idSuffix":"inner"}},"wdio_ui5_key":"etmportal.ui.manageyards.view.Newsap.m.Input{\"path\":\"\",\"propertyPath\":\"/PLANT\",\"modelName\":\"NewYardModel\"}"}]}
RESULT: {"script":"<script> [1562 bytes]","args":[{"selector":{"controlType":"sap.m.Input","viewName":"etm.portal.ui.manageyards.view.New","viewId":"application-manageyards-display-component---NewYard","bindingPath":{"path":"","propertyPath":"/PLANT","modelName":"NewYardModel"},"interaction":{"idSuffix":"inner"}},"wdio_ui5_key":"etmportal.ui.manageyards.view.Newsap.m.Input{\"path\":\"\",\"propertyPath\":\"/PLANT\",\"modelName\":\"NewYardModel\"}"}]}
RESULT: undefined
COMMAND: POST /session/c8a541b4b4c3a19e1c9b1ed3871b16eb/execute/async - {"script":"<script> [776 bytes]","args":[{"enterText":"1001","selector":{"controlType":"sap.m.Input","viewName":"etm.portal.ui.manageyards.view.New","viewId":"application-manageyards-display-component---NewYard","bindingPath":{"path":"","propertyPath":"/PLANT","modelName":"NewYardModel"},"interaction":{"idSuffix":"inner"}},"clearTextFirst":true,"interactionType":"ENTER_TEXT"}]}
RESULT: {"script":"<script> [776 bytes]","args":[{"enterText":"1001","selector":{"controlType":"sap.m.Input","viewName":"etm.portal.ui.manageyards.view.New","viewId":"application-manageyards-display-component---NewYard","bindingPath":{"path":"","propertyPath":"/PLANT","modelName":"NewYardModel"},"interaction":{"idSuffix":"inner"}},"clearTextFirst":true,"interactionType":"ENTER_TEXT"}]}
COMMAND: POST /session/c8a541b4b4c3a19e1c9b1ed3871b16eb/execute/async - {"script":"<script> [1562 bytes]","args":[{"selector":{"controlType":"sap.m.Input","viewName":"etm.portal.ui.manageyards.view.New","viewId":"application-manageyards-display-component---NewYard","bindingPath":{"path":"","propertyPath":"/SALES_AREA_VKORG","modelName":"NewYardModel"},"interaction":{"idSuffix":"inner"}},"wdio_ui5_key":"etmportal.ui.manageyards.view.Newsap.m.Input{\"path\":\"\",\"propertyPath\":\"/SALES_AREA_VKORG\",\"modelName\":\"NewYardModel\"}"}]}
RESULT: {"script":"<script> [1562 bytes]","args":[{"selector":{"controlType":"sap.m.Input","viewName":"etm.portal.ui.manageyards.view.New","viewId":"application-manageyards-display-component---NewYard","bindingPath":{"path":"","propertyPath":"/SALES_AREA_VKORG","modelName":"NewYardModel"},"interaction":{"idSuffix":"inner"}},"wdio_ui5_key":"etmportal.ui.manageyards.view.Newsap.m.Input{\"path\":\"\",\"propertyPath\":\"/SALES_AREA_VKORG\",\"modelName\":\"NewYardModel\"}"}]}
RESULT: undefined
COMMAND: POST /session/c8a541b4b4c3a19e1c9b1ed3871b16eb/execute/async - {"script":"<script> [776 bytes]","args":[{"enterText":"C002","selector":{"controlType":"sap.m.Input","viewName":"etm.portal.ui.manageyards.view.New","viewId":"application-manageyards-display-component---NewYard","bindingPath":{"path":"","propertyPath":"/SALES_AREA_VKORG","modelName":"NewYardModel"},"interaction":{"idSuffix":"inner"}},"clearTextFirst":true,"interactionType":"ENTER_TEXT"}]}
RESULT: {"script":"<script> [776 bytes]","args":[{"enterText":"C002","selector":{"controlType":"sap.m.Input","viewName":"etm.portal.ui.manageyards.view.New","viewId":"application-manageyards-display-component---NewYard","bindingPath":{"path":"","propertyPath":"/SALES_AREA_VKORG","modelName":"NewYardModel"},"interaction":{"idSuffix":"inner"}},"clearTextFirst":true,"interactionType":"ENTER_TEXT"}]}
COMMAND: POST /session/c8a541b4b4c3a19e1c9b1ed3871b16eb/execute/async - {"script":"<script> [1562 bytes]","args":[{"selector":{"controlType":"sap.m.Input","viewName":"etm.portal.ui.manageyards.view.New","viewId":"application-manageyards-display-component---NewYard","bindingPath":{"path":"","propertyPath":"/SALES_AREA_VTWEG","modelName":"NewYardModel"},"interaction":{"idSuffix":"inner"}},"wdio_ui5_key":"etmportal.ui.manageyards.view.Newsap.m.Input{\"path\":\"\",\"propertyPath\":\"/SALES_AREA_VTWEG\",\"modelName\":\"NewYardModel\"}"}]}
RESULT: {"script":"<script> [1562 bytes]","args":[{"selector":{"controlType":"sap.m.Input","viewName":"etm.portal.ui.manageyards.view.New","viewId":"application-manageyards-display-component---NewYard","bindingPath":{"path":"","propertyPath":"/SALES_AREA_VTWEG","modelName":"NewYardModel"},"interaction":{"idSuffix":"inner"}},"wdio_ui5_key":"etmportal.ui.manageyards.view.Newsap.m.Input{\"path\":\"\",\"propertyPath\":\"/SALES_AREA_VTWEG\",\"modelName\":\"NewYardModel\"}"}]}
RESULT: undefined
COMMAND: POST /session/c8a541b4b4c3a19e1c9b1ed3871b16eb/execute/async - {"script":"<script> [776 bytes]","args":[{"enterText":"C2","selector":{"controlType":"sap.m.Input","viewName":"etm.portal.ui.manageyards.view.New","viewId":"application-manageyards-display-component---NewYard","bindingPath":{"path":"","propertyPath":"/SALES_AREA_VTWEG","modelName":"NewYardModel"},"interaction":{"idSuffix":"inner"}},"clearTextFirst":true,"interactionType":"ENTER_TEXT"}]}
RESULT: {"script":"<script> [776 bytes]","args":[{"enterText":"C2","selector":{"controlType":"sap.m.Input","viewName":"etm.portal.ui.manageyards.view.New","viewId":"application-manageyards-display-component---NewYard","bindingPath":{"path":"","propertyPath":"/SALES_AREA_VTWEG","modelName":"NewYardModel"},"interaction":{"idSuffix":"inner"}},"clearTextFirst":true,"interactionType":"ENTER_TEXT"}]}
COMMAND: POST /session/c8a541b4b4c3a19e1c9b1ed3871b16eb/execute/async - {"script":"<script> [1562 bytes]","args":[{"selector":{"controlType":"sap.m.Input","viewName":"etm.portal.ui.manageyards.view.New","viewId":"application-manageyards-display-component---NewYard","bindingPath":{"path":"","propertyPath":"/SALES_AREA_SPART","modelName":"NewYardModel"},"interaction":{"idSuffix":"inner"}},"wdio_ui5_key":"etmportal.ui.manageyards.view.Newsap.m.Input{\"path\":\"\",\"propertyPath\":\"/SALES_AREA_SPART\",\"modelName\":\"NewYardModel\"}"}]}
RESULT: {"script":"<script> [1562 bytes]","args":[{"selector":{"controlType":"sap.m.Input","viewName":"etm.portal.ui.manageyards.view.New","viewId":"application-manageyards-display-component---NewYard","bindingPath":{"path":"","propertyPath":"/SALES_AREA_SPART","modelName":"NewYardModel"},"interaction":{"idSuffix":"inner"}},"wdio_ui5_key":"etmportal.ui.manageyards.view.Newsap.m.Input{\"path\":\"\",\"propertyPath\":\"/SALES_AREA_SPART\",\"modelName\":\"NewYardModel\"}"}]}
RESULT: undefined
COMMAND: POST /session/c8a541b4b4c3a19e1c9b1ed3871b16eb/execute/async - {"script":"<script> [776 bytes]","args":[{"enterText":"C2","selector":{"controlType":"sap.m.Input","viewName":"etm.portal.ui.manageyards.view.New","viewId":"application-manageyards-display-component---NewYard","bindingPath":{"path":"","propertyPath":"/SALES_AREA_SPART","modelName":"NewYardModel"},"interaction":{"idSuffix":"inner"}},"clearTextFirst":true,"interactionType":"ENTER_TEXT"}]}
RESULT: {"script":"<script> [776 bytes]","args":[{"enterText":"C2","selector":{"controlType":"sap.m.Input","viewName":"etm.portal.ui.manageyards.view.New","viewId":"application-manageyards-display-component---NewYard","bindingPath":{"path":"","propertyPath":"/SALES_AREA_SPART","modelName":"NewYardModel"},"interaction":{"idSuffix":"inner"}},"clearTextFirst":true,"interactionType":"ENTER_TEXT"}]}
COMMAND: POST /session/c8a541b4b4c3a19e1c9b1ed3871b16eb/execute/async - {"script":"<script> [1562 bytes]","args":[{"selector":{"controlType":"sap.m.Input","viewName":"etm.portal.ui.manageyards.view.New","viewId":"application-manageyards-display-component---NewYard","bindingPath":{"path":"","propertyPath":"/SHIP_POINT","modelName":"NewYardModel"},"interaction":{"idSuffix":"inner"}},"wdio_ui5_key":"etmportal.ui.manageyards.view.Newsap.m.Input{\"path\":\"\",\"propertyPath\":\"/SHIP_POINT\",\"modelName\":\"NewYardModel\"}"}]}
RESULT: {"script":"<script> [1562 bytes]","args":[{"selector":{"controlType":"sap.m.Input","viewName":"etm.portal.ui.manageyards.view.New","viewId":"application-manageyards-display-component---NewYard","bindingPath":{"path":"","propertyPath":"/SHIP_POINT","modelName":"NewYardModel"},"interaction":{"idSuffix":"inner"}},"wdio_ui5_key":"etmportal.ui.manageyards.view.Newsap.m.Input{\"path\":\"\",\"propertyPath\":\"/SHIP_POINT\",\"modelName\":\"NewYardModel\"}"}]}
RESULT: undefined
COMMAND: POST /session/c8a541b4b4c3a19e1c9b1ed3871b16eb/execute/async - {"script":"<script> [776 bytes]","args":[{"enterText":"1710","selector":{"controlType":"sap.m.Input","viewName":"etm.portal.ui.manageyards.view.New","viewId":"application-manageyards-display-component---NewYard","bindingPath":{"path":"","propertyPath":"/SHIP_POINT","modelName":"NewYardModel"},"interaction":{"idSuffix":"inner"}},"clearTextFirst":true,"interactionType":"ENTER_TEXT"}]}
RESULT: {"script":"<script> [776 bytes]","args":[{"enterText":"1710","selector":{"controlType":"sap.m.Input","viewName":"etm.portal.ui.manageyards.view.New","viewId":"application-manageyards-display-component---NewYard","bindingPath":{"path":"","propertyPath":"/SHIP_POINT","modelName":"NewYardModel"},"interaction":{"idSuffix":"inner"}},"clearTextFirst":true,"interactionType":"ENTER_TEXT"}]}
COMMAND: POST /session/c8a541b4b4c3a19e1c9b1ed3871b16eb/execute/async - {"script":"<script> [1562 bytes]","args":[{"selector":{"controlType":"sap.m.Input","viewName":"etm.portal.ui.manageyards.view.New","viewId":"application-manageyards-display-component---NewYard","bindingPath":{"path":"","propertyPath":"/DELIVERY_TYPE","modelName":"NewYardModel"},"interaction":{"idSuffix":"inner"}},"wdio_ui5_key":"etmportal.ui.manageyards.view.Newsap.m.Input{\"path\":\"\",\"propertyPath\":\"/DELIVERY_TYPE\",\"modelName\":\"NewYardModel\"}"}]}
RESULT: {"script":"<script> [1562 bytes]","args":[{"selector":{"controlType":"sap.m.Input","viewName":"etm.portal.ui.manageyards.view.New","viewId":"application-manageyards-display-component---NewYard","bindingPath":{"path":"","propertyPath":"/DELIVERY_TYPE","modelName":"NewYardModel"},"interaction":{"idSuffix":"inner"}},"wdio_ui5_key":"etmportal.ui.manageyards.view.Newsap.m.Input{\"path\":\"\",\"propertyPath\":\"/DELIVERY_TYPE\",\"modelName\":\"NewYardModel\"}"}]}
RESULT: undefined
COMMAND: POST /session/c8a541b4b4c3a19e1c9b1ed3871b16eb/execute/async - {"script":"<script> [776 bytes]","args":[{"enterText":"ZL01","selector":{"controlType":"sap.m.Input","viewName":"etm.portal.ui.manageyards.view.New","viewId":"application-manageyards-display-component---NewYard","bindingPath":{"path":"","propertyPath":"/DELIVERY_TYPE","modelName":"NewYardModel"},"interaction":{"idSuffix":"inner"}},"clearTextFirst":true,"interactionType":"ENTER_TEXT"}]}
RESULT: {"script":"<script> [776 bytes]","args":[{"enterText":"ZL01","selector":{"controlType":"sap.m.Input","viewName":"etm.portal.ui.manageyards.view.New","viewId":"application-manageyards-display-component---NewYard","bindingPath":{"path":"","propertyPath":"/DELIVERY_TYPE","modelName":"NewYardModel"},"interaction":{"idSuffix":"inner"}},"clearTextFirst":true,"interactionType":"ENTER_TEXT"}]}
COMMAND: POST /session/c8a541b4b4c3a19e1c9b1ed3871b16eb/execute/async - {"script":"<script> [1562 bytes]","args":[{"selector":{"controlType":"sap.m.Input","viewName":"etm.portal.ui.manageyards.view.New","viewId":"application-manageyards-display-component---NewYard","bindingPath":{"path":"","propertyPath":"/AUART","modelName":"NewYardModel"},"interaction":{"idSuffix":"inner"}},"wdio_ui5_key":"etmportal.ui.manageyards.view.Newsap.m.Input{\"path\":\"\",\"propertyPath\":\"/AUART\",\"modelName\":\"NewYardModel\"}"}]}
RESULT: {"script":"<script> [1562 bytes]","args":[{"selector":{"controlType":"sap.m.Input","viewName":"etm.portal.ui.manageyards.view.New","viewId":"application-manageyards-display-component---NewYard","bindingPath":{"path":"","propertyPath":"/AUART","modelName":"NewYardModel"},"interaction":{"idSuffix":"inner"}},"wdio_ui5_key":"etmportal.ui.manageyards.view.Newsap.m.Input{\"path\":\"\",\"propertyPath\":\"/AUART\",\"modelName\":\"NewYardModel\"}"}]}
RESULT: undefined
COMMAND: POST /session/c8a541b4b4c3a19e1c9b1ed3871b16eb/execute/async - {"script":"<script> [776 bytes]","args":[{"enterText":"TA","selector":{"controlType":"sap.m.Input","viewName":"etm.portal.ui.manageyards.view.New","viewId":"application-manageyards-display-component---NewYard","bindingPath":{"path":"","propertyPath":"/AUART","modelName":"NewYardModel"},"interaction":{"idSuffix":"inner"}},"clearTextFirst":true,"interactionType":"ENTER_TEXT"}]}
RESULT: {"script":"<script> [776 bytes]","args":[{"enterText":"TA","selector":{"controlType":"sap.m.Input","viewName":"etm.portal.ui.manageyards.view.New","viewId":"application-manageyards-display-component---NewYard","bindingPath":{"path":"","propertyPath":"/AUART","modelName":"NewYardModel"},"interaction":{"idSuffix":"inner"}},"clearTextFirst":true,"interactionType":"ENTER_TEXT"}]}
COMMAND: POST /session/c8a541b4b4c3a19e1c9b1ed3871b16eb/element - {"using":"xpath","value":"//button[@data-kt=\"newYardSaveButton\"]"}
RESULT: {"using":"xpath","value":"//button[@data-kt=\"newYardSaveButton\"]"}
COMMAND: POST /session/c8a541b4b4c3a19e1c9b1ed3871b16eb/element/f.AA8EB58E3CC8A06D4892695265F737EE.d.85576C9AE055F69E64D17BFD1C1B78AC.e.705/click - {}
RESULT: {}
COMMAND: GET /session/c8a541b4b4c3a19e1c9b1ed3871b16eb/screenshot - {}
RESULT: {}
COMMAND: POST /session/c8a541b4b4c3a19e1c9b1ed3871b16eb/element - {"using":"xpath","value":"//header[contains(@id, 'ObjectPageLayout-headerTitle')]/div[1]/div[2]/div[1]/span[1]"}
RESULT: {"using":"xpath","value":"//header[contains(@id, 'ObjectPageLayout-headerTitle')]/div[1]/div[2]/div[1]/span[1]"}
COMMAND: POST /session/c8a541b4b4c3a19e1c9b1ed3871b16eb/elements - {"using":"xpath","value":"//header[contains(@id, 'ObjectPageLayout-headerTitle')]/div[1]/div[2]/div[1]/span[1]"}
RESULT: {"using":"xpath","value":"//header[contains(@id, 'ObjectPageLayout-headerTitle')]/div[1]/div[2]/div[1]/span[1]"}
COMMAND: POST /session/c8a541b4b4c3a19e1c9b1ed3871b16eb/execute/sync - {"script":"<script> [56 bytes]","args":[{"element-6066-11e4-a52e-4f735466cecf":"f.AA8EB58E3CC8A06D4892695265F737EE.d.85576C9AE055F69E64D17BFD1C1B78AC.e.986","ELEMENT":"f.AA8EB58E3CC8A06D4892695265F737EE.d.85576C9AE055F69E64D17BFD1C1B78AC.e.986"}]}
RESULT: {"script":"<script> [56 bytes]","args":[{"element-6066-11e4-a52e-4f735466cecf":"f.AA8EB58E3CC8A06D4892695265F737EE.d.85576C9AE055F69E64D17BFD1C1B78AC.e.986","ELEMENT":"f.AA8EB58E3CC8A06D4892695265F737EE.d.85576C9AE055F69E64D17BFD1C1B78AC.e.986"}]}
COMMAND: GET /session/c8a541b4b4c3a19e1c9b1ed3871b16eb/screenshot - {}
RESULT: {}
COMMAND: POST /session/c8a541b4b4c3a19e1c9b1ed3871b16eb/element - {"using":"css selector","value":"#shell-header-logo"}
RESULT: {"using":"css selector","value":"#shell-header-logo"}
COMMAND: POST /session/c8a541b4b4c3a19e1c9b1ed3871b16eb/element/f.AA8EB58E3CC8A06D4892695265F737EE.d.85576C9AE055F69E64D17BFD1C1B78AC.e.259/click - {}
RESULT: {}
COMMAND: GET /session/c8a541b4b4c3a19e1c9b1ed3871b16eb/screenshot - {}
RESULT: {}
COMMAND: POST /session/c8a541b4b4c3a19e1c9b1ed3871b16eb/execute/sync - {"script":"<script> [299 bytes]","args":[["getModel","getResource"]]}
RESULT: {"script":"<script> [299 bytes]","args":[["getModel","getResource"]]}
COMMAND: GET /session/c8a541b4b4c3a19e1c9b1ed3871b16eb/screenshot - {}
]]></system-out>
    </testcase>
    <testcase classname="chrome.136_0_7103_93.windows.Tests_for_Mass_State_Change_on_Manage_States_&amp;_Performances_US104416_US" name="Prereq Should create a new partner" time="145.409">
      <system-out><![CDATA[
COMMAND: POST /session/c8a541b4b4c3a19e1c9b1ed3871b16eb/window/fullscreen - {}
RESULT: {}
RESULT: {}
COMMAND: POST /session/c8a541b4b4c3a19e1c9b1ed3871b16eb/execute/async - {"script":"<script> [1562 bytes]","args":[{"selector":{"controlType":"sap.m.GenericTile","properties":{"header":"Manage Partners"}},"wdio_ui5_key":"sapm.GenericTile{\"header\":\"Manage Partners\"}"}]}
RESULT: {"script":"<script> [1562 bytes]","args":[{"selector":{"controlType":"sap.m.GenericTile","properties":{"header":"Manage Partners"}},"wdio_ui5_key":"sapm.GenericTile{\"header\":\"Manage Partners\"}"}]}
RESULT: undefined
COMMAND: POST /session/c8a541b4b4c3a19e1c9b1ed3871b16eb/element - {"using":"xpath","value":"//*[@id=\"__tile38\"]"}
RESULT: {"using":"xpath","value":"//*[@id=\"__tile38\"]"}
COMMAND: POST /session/c8a541b4b4c3a19e1c9b1ed3871b16eb/element/f.AA8EB58E3CC8A06D4892695265F737EE.d.85576C9AE055F69E64D17BFD1C1B78AC.e.148/click - {}
RESULT: {}
COMMAND: GET /session/c8a541b4b4c3a19e1c9b1ed3871b16eb/screenshot - {}
RESULT: {}
COMMAND: POST /session/c8a541b4b4c3a19e1c9b1ed3871b16eb/elements - {"using":"xpath","value":"//span[text()='Error']"}
RESULT: {"using":"xpath","value":"//span[text()='Error']"}
COMMAND: POST /session/c8a541b4b4c3a19e1c9b1ed3871b16eb/element - {"using":"xpath","value":"//button[@data-kt=\"addButton\"]"}
RESULT: {"using":"xpath","value":"//button[@data-kt=\"addButton\"]"}
COMMAND: POST /session/c8a541b4b4c3a19e1c9b1ed3871b16eb/elements - {"using":"xpath","value":"//button[@data-kt=\"addButton\"]"}
RESULT: {"using":"xpath","value":"//button[@data-kt=\"addButton\"]"}
COMMAND: POST /session/c8a541b4b4c3a19e1c9b1ed3871b16eb/elements - {"using":"xpath","value":"//button[@data-kt=\"addButton\"]"}
RESULT: {"using":"xpath","value":"//button[@data-kt=\"addButton\"]"}
COMMAND: POST /session/c8a541b4b4c3a19e1c9b1ed3871b16eb/elements - {"using":"xpath","value":"//button[@data-kt=\"addButton\"]"}
RESULT: {"using":"xpath","value":"//button[@data-kt=\"addButton\"]"}
COMMAND: POST /session/c8a541b4b4c3a19e1c9b1ed3871b16eb/element - {"using":"xpath","value":"//button[@data-kt=\"addButton\"]"}
RESULT: {"using":"xpath","value":"//button[@data-kt=\"addButton\"]"}
COMMAND: POST /session/c8a541b4b4c3a19e1c9b1ed3871b16eb/execute/sync - {"script":"<script> [8489 bytes]","args":[{"element-6066-11e4-a52e-4f735466cecf":"f.AA8EB58E3CC8A06D4892695265F737EE.d.85576C9AE055F69E64D17BFD1C1B78AC.e.1025","ELEMENT":"f.AA8EB58E3CC8A06D4892695265F737EE.d.85576C9AE055F69E64D17BFD1C1B78AC.e.1025"}]}
RESULT: {"script":"<script> [8489 bytes]","args":[{"element-6066-11e4-a52e-4f735466cecf":"f.AA8EB58E3CC8A06D4892695265F737EE.d.85576C9AE055F69E64D17BFD1C1B78AC.e.1025","ELEMENT":"f.AA8EB58E3CC8A06D4892695265F737EE.d.85576C9AE055F69E64D17BFD1C1B78AC.e.1025"}]}
COMMAND: GET /session/c8a541b4b4c3a19e1c9b1ed3871b16eb/element/f.AA8EB58E3CC8A06D4892695265F737EE.d.85576C9AE055F69E64D17BFD1C1B78AC.e.1025/enabled - {}
COMMAND: GET /session/c8a541b4b4c3a19e1c9b1ed3871b16eb/screenshot - {}
RESULT: {}
COMMAND: POST /session/c8a541b4b4c3a19e1c9b1ed3871b16eb/execute/sync - {"script":"<script> [8489 bytes]","args":[{"element-6066-11e4-a52e-4f735466cecf":"f.AA8EB58E3CC8A06D4892695265F737EE.d.85576C9AE055F69E64D17BFD1C1B78AC.e.1025","ELEMENT":"f.AA8EB58E3CC8A06D4892695265F737EE.d.85576C9AE055F69E64D17BFD1C1B78AC.e.1025"}]}
COMMAND: GET /session/c8a541b4b4c3a19e1c9b1ed3871b16eb/screenshot - {}
RESULT: {}
RESULT: {"script":"<script> [8489 bytes]","args":[{"element-6066-11e4-a52e-4f735466cecf":"f.AA8EB58E3CC8A06D4892695265F737EE.d.85576C9AE055F69E64D17BFD1C1B78AC.e.1025","ELEMENT":"f.AA8EB58E3CC8A06D4892695265F737EE.d.85576C9AE055F69E64D17BFD1C1B78AC.e.1025"}]}
COMMAND: POST /session/c8a541b4b4c3a19e1c9b1ed3871b16eb/execute/sync - {"script":"<script> [5351 bytes]","args":[{"element-6066-11e4-a52e-4f735466cecf":"f.AA8EB58E3CC8A06D4892695265F737EE.d.85576C9AE055F69E64D17BFD1C1B78AC.e.1025","ELEMENT":"f.AA8EB58E3CC8A06D4892695265F737EE.d.85576C9AE055F69E64D17BFD1C1B78AC.e.1025"}]}
COMMAND: GET /session/c8a541b4b4c3a19e1c9b1ed3871b16eb/screenshot - {}
RESULT: {}
RESULT: {"script":"<script> [5351 bytes]","args":[{"element-6066-11e4-a52e-4f735466cecf":"f.AA8EB58E3CC8A06D4892695265F737EE.d.85576C9AE055F69E64D17BFD1C1B78AC.e.1025","ELEMENT":"f.AA8EB58E3CC8A06D4892695265F737EE.d.85576C9AE055F69E64D17BFD1C1B78AC.e.1025"}]}
COMMAND: POST /session/c8a541b4b4c3a19e1c9b1ed3871b16eb/element/f.AA8EB58E3CC8A06D4892695265F737EE.d.85576C9AE055F69E64D17BFD1C1B78AC.e.1025/click - {}
COMMAND: GET /session/c8a541b4b4c3a19e1c9b1ed3871b16eb/screenshot - {}
RESULT: {}
RESULT: {}
COMMAND: GET /session/c8a541b4b4c3a19e1c9b1ed3871b16eb/screenshot - {}
COMMAND: POST /session/c8a541b4b4c3a19e1c9b1ed3871b16eb/execute/async - {"script":"<script> [1562 bytes]","args":[{"selector":{"id":"application-managepartners-display-component---NewPartner--addressDetailDetailsName1","interaction":{"idSuffix":"inner"}},"wdio_ui5_key":"applicationmanagepartners-display-component---NewPartner--addressDetailDetailsName1"}]}
RESULT: {}
RESULT: {}
RESULT: {"script":"<script> [1562 bytes]","args":[{"selector":{"id":"application-managepartners-display-component---NewPartner--addressDetailDetailsName1","interaction":{"idSuffix":"inner"}},"wdio_ui5_key":"applicationmanagepartners-display-component---NewPartner--addressDetailDetailsName1"}]}
RESULT: undefined
COMMAND: POST /session/c8a541b4b4c3a19e1c9b1ed3871b16eb/execute/async - {"script":"<script> [776 bytes]","args":[{"enterText":"Intracompany Partner WDIO","selector":{"id":"application-managepartners-display-component---NewPartner--addressDetailDetailsName1","interaction":{"idSuffix":"inner"}},"clearTextFirst":true,"interactionType":"ENTER_TEXT"}]}
RESULT: {"script":"<script> [776 bytes]","args":[{"enterText":"Intracompany Partner WDIO","selector":{"id":"application-managepartners-display-component---NewPartner--addressDetailDetailsName1","interaction":{"idSuffix":"inner"}},"clearTextFirst":true,"interactionType":"ENTER_TEXT"}]}
COMMAND: POST /session/c8a541b4b4c3a19e1c9b1ed3871b16eb/execute/async - {"script":"<script> [1562 bytes]","args":[{"selector":{"id":"application-managepartners-display-component---NewPartner--addressDetailDetailsLanguage-arrow"},"wdio_ui5_key":"applicationmanagepartners-display-component---NewPartner--addressDetailDetailsLanguage-arrow"}]}
RESULT: {"script":"<script> [1562 bytes]","args":[{"selector":{"id":"application-managepartners-display-component---NewPartner--addressDetailDetailsLanguage-arrow"},"wdio_ui5_key":"applicationmanagepartners-display-component---NewPartner--addressDetailDetailsLanguage-arrow"}]}
RESULT: undefined
COMMAND: POST /session/c8a541b4b4c3a19e1c9b1ed3871b16eb/element - {"using":"xpath","value":"//*[@id=\"application-managepartners-display-component---NewPartner--addressDetailDetailsLanguage-arrow\"]"}
RESULT: {"using":"xpath","value":"//*[@id=\"application-managepartners-display-component---NewPartner--addressDetailDetailsLanguage-arrow\"]"}
COMMAND: POST /session/c8a541b4b4c3a19e1c9b1ed3871b16eb/element/f.AA8EB58E3CC8A06D4892695265F737EE.d.85576C9AE055F69E64D17BFD1C1B78AC.e.1478/click - {}
RESULT: {}
COMMAND: POST /session/c8a541b4b4c3a19e1c9b1ed3871b16eb/element - {"using":"xpath","value":"//span[contains(text(), \"English\")]"}
COMMAND: GET /session/c8a541b4b4c3a19e1c9b1ed3871b16eb/screenshot - {}
RESULT: {"using":"xpath","value":"//span[contains(text(), \"English\")]"}
COMMAND: POST /session/c8a541b4b4c3a19e1c9b1ed3871b16eb/element/f.AA8EB58E3CC8A06D4892695265F737EE.d.85576C9AE055F69E64D17BFD1C1B78AC.e.1479/click - {}
RESULT: {}
RESULT: {}
COMMAND: GET /session/c8a541b4b4c3a19e1c9b1ed3871b16eb/screenshot - {}
RESULT: {}
COMMAND: POST /session/c8a541b4b4c3a19e1c9b1ed3871b16eb/execute/async - {"script":"<script> [1562 bytes]","args":[{"selector":{"id":"application-managepartners-display-component---NewPartner--addressDetailDetailsCity1","interaction":{"idSuffix":"inner"}},"wdio_ui5_key":"applicationmanagepartners-display-component---NewPartner--addressDetailDetailsCity1"}]}
RESULT: {"script":"<script> [1562 bytes]","args":[{"selector":{"id":"application-managepartners-display-component---NewPartner--addressDetailDetailsCity1","interaction":{"idSuffix":"inner"}},"wdio_ui5_key":"applicationmanagepartners-display-component---NewPartner--addressDetailDetailsCity1"}]}
RESULT: undefined
COMMAND: POST /session/c8a541b4b4c3a19e1c9b1ed3871b16eb/execute/async - {"script":"<script> [776 bytes]","args":[{"enterText":"Rosario","selector":{"id":"application-managepartners-display-component---NewPartner--addressDetailDetailsCity1","interaction":{"idSuffix":"inner"}},"clearTextFirst":true,"interactionType":"ENTER_TEXT"}]}
RESULT: {"script":"<script> [776 bytes]","args":[{"enterText":"Rosario","selector":{"id":"application-managepartners-display-component---NewPartner--addressDetailDetailsCity1","interaction":{"idSuffix":"inner"}},"clearTextFirst":true,"interactionType":"ENTER_TEXT"}]}
COMMAND: POST /session/c8a541b4b4c3a19e1c9b1ed3871b16eb/execute/async - {"script":"<script> [1562 bytes]","args":[{"selector":{"id":"application-managepartners-display-component---NewPartner--addressDetailDetailsCountry-arrow"},"wdio_ui5_key":"applicationmanagepartners-display-component---NewPartner--addressDetailDetailsCountry-arrow"}]}
RESULT: {"script":"<script> [1562 bytes]","args":[{"selector":{"id":"application-managepartners-display-component---NewPartner--addressDetailDetailsCountry-arrow"},"wdio_ui5_key":"applicationmanagepartners-display-component---NewPartner--addressDetailDetailsCountry-arrow"}]}
RESULT: undefined
COMMAND: POST /session/c8a541b4b4c3a19e1c9b1ed3871b16eb/element - {"using":"xpath","value":"//*[@id=\"application-managepartners-display-component---NewPartner--addressDetailDetailsCountry-arrow\"]"}
RESULT: {"using":"xpath","value":"//*[@id=\"application-managepartners-display-component---NewPartner--addressDetailDetailsCountry-arrow\"]"}
COMMAND: POST /session/c8a541b4b4c3a19e1c9b1ed3871b16eb/element/f.AA8EB58E3CC8A06D4892695265F737EE.d.85576C9AE055F69E64D17BFD1C1B78AC.e.1464/click - {}
RESULT: {}
COMMAND: POST /session/c8a541b4b4c3a19e1c9b1ed3871b16eb/element - {"using":"xpath","value":"//span[contains(text(), \"Argentina\")]"}
COMMAND: GET /session/c8a541b4b4c3a19e1c9b1ed3871b16eb/screenshot - {}
RESULT: {"using":"xpath","value":"//span[contains(text(), \"Argentina\")]"}
COMMAND: POST /session/c8a541b4b4c3a19e1c9b1ed3871b16eb/element/f.AA8EB58E3CC8A06D4892695265F737EE.d.85576C9AE055F69E64D17BFD1C1B78AC.e.1481/click - {}
RESULT: {}
RESULT: {}
COMMAND: GET /session/c8a541b4b4c3a19e1c9b1ed3871b16eb/screenshot - {}
RESULT: {}
COMMAND: POST /session/c8a541b4b4c3a19e1c9b1ed3871b16eb/element - {"using":"xpath","value":"//bdi[contains(text(), \"Commercial\")]"}
RESULT: {"using":"xpath","value":"//bdi[contains(text(), \"Commercial\")]"}
COMMAND: POST /session/c8a541b4b4c3a19e1c9b1ed3871b16eb/element/f.AA8EB58E3CC8A06D4892695265F737EE.d.85576C9AE055F69E64D17BFD1C1B78AC.e.1482/click - {}
RESULT: {}
COMMAND: GET /session/c8a541b4b4c3a19e1c9b1ed3871b16eb/screenshot - {}
RESULT: {}
COMMAND: POST /session/c8a541b4b4c3a19e1c9b1ed3871b16eb/execute/async - {"script":"<script> [1562 bytes]","args":[{"selector":{"id":"application-managepartners-display-component---NewPartner--partnerDetailInternal-arrow"},"wdio_ui5_key":"applicationmanagepartners-display-component---NewPartner--partnerDetailInternal-arrow"}]}
RESULT: {"script":"<script> [1562 bytes]","args":[{"selector":{"id":"application-managepartners-display-component---NewPartner--partnerDetailInternal-arrow"},"wdio_ui5_key":"applicationmanagepartners-display-component---NewPartner--partnerDetailInternal-arrow"}]}
RESULT: undefined
COMMAND: POST /session/c8a541b4b4c3a19e1c9b1ed3871b16eb/element - {"using":"xpath","value":"//*[@id=\"application-managepartners-display-component---NewPartner--partnerDetailInternal-arrow\"]"}
RESULT: {"using":"xpath","value":"//*[@id=\"application-managepartners-display-component---NewPartner--partnerDetailInternal-arrow\"]"}
COMMAND: POST /session/c8a541b4b4c3a19e1c9b1ed3871b16eb/element/f.AA8EB58E3CC8A06D4892695265F737EE.d.85576C9AE055F69E64D17BFD1C1B78AC.e.1488/click - {}
RESULT: {}
COMMAND: POST /session/c8a541b4b4c3a19e1c9b1ed3871b16eb/element - {"using":"xpath","value":"//span[contains(text(), \"Affiliated company\")]"}
COMMAND: GET /session/c8a541b4b4c3a19e1c9b1ed3871b16eb/screenshot - {}
RESULT: {"using":"xpath","value":"//span[contains(text(), \"Affiliated company\")]"}
COMMAND: POST /session/c8a541b4b4c3a19e1c9b1ed3871b16eb/element/f.AA8EB58E3CC8A06D4892695265F737EE.d.85576C9AE055F69E64D17BFD1C1B78AC.e.1489/click - {}
RESULT: {}
RESULT: {}
COMMAND: POST /session/c8a541b4b4c3a19e1c9b1ed3871b16eb/execute/async - {"script":"<script> [1562 bytes]","args":[{"selector":{"id":"application-managepartners-display-component---NewPartner--partnerDetailsCurrency-arrow"},"wdio_ui5_key":"applicationmanagepartners-display-component---NewPartner--partnerDetailsCurrency-arrow"}]}
COMMAND: GET /session/c8a541b4b4c3a19e1c9b1ed3871b16eb/screenshot - {}
RESULT: {"script":"<script> [1562 bytes]","args":[{"selector":{"id":"application-managepartners-display-component---NewPartner--partnerDetailsCurrency-arrow"},"wdio_ui5_key":"applicationmanagepartners-display-component---NewPartner--partnerDetailsCurrency-arrow"}]}
RESULT: undefined
COMMAND: POST /session/c8a541b4b4c3a19e1c9b1ed3871b16eb/element - {"using":"xpath","value":"//*[@id=\"application-managepartners-display-component---NewPartner--partnerDetailsCurrency-arrow\"]"}
RESULT: {}
RESULT: {"using":"xpath","value":"//*[@id=\"application-managepartners-display-component---NewPartner--partnerDetailsCurrency-arrow\"]"}
COMMAND: POST /session/c8a541b4b4c3a19e1c9b1ed3871b16eb/element/f.AA8EB58E3CC8A06D4892695265F737EE.d.85576C9AE055F69E64D17BFD1C1B78AC.e.1496/click - {}
RESULT: {}
COMMAND: POST /session/c8a541b4b4c3a19e1c9b1ed3871b16eb/element - {"using":"xpath","value":"//span[contains(text(), \"Euro\")]"}
COMMAND: GET /session/c8a541b4b4c3a19e1c9b1ed3871b16eb/screenshot - {}
RESULT: {"using":"xpath","value":"//span[contains(text(), \"Euro\")]"}
COMMAND: POST /session/c8a541b4b4c3a19e1c9b1ed3871b16eb/element/f.AA8EB58E3CC8A06D4892695265F737EE.d.85576C9AE055F69E64D17BFD1C1B78AC.e.1497/click - {}
RESULT: {}
RESULT: {}
COMMAND: POST /session/c8a541b4b4c3a19e1c9b1ed3871b16eb/execute/async - {"script":"<script> [1562 bytes]","args":[{"selector":{"id":"application-managepartners-display-component---NewPartner--addressEditDetailsCostObjectCstType-arrow"},"wdio_ui5_key":"applicationmanagepartners-display-component---NewPartner--addressEditDetailsCostObjectCstType-arrow"}]}
COMMAND: GET /session/c8a541b4b4c3a19e1c9b1ed3871b16eb/screenshot - {}
RESULT: {"script":"<script> [1562 bytes]","args":[{"selector":{"id":"application-managepartners-display-component---NewPartner--addressEditDetailsCostObjectCstType-arrow"},"wdio_ui5_key":"applicationmanagepartners-display-component---NewPartner--addressEditDetailsCostObjectCstType-arrow"}]}
RESULT: undefined
COMMAND: POST /session/c8a541b4b4c3a19e1c9b1ed3871b16eb/element - {"using":"xpath","value":"//*[@id=\"application-managepartners-display-component---NewPartner--addressEditDetailsCostObjectCstType-arrow\"]"}
RESULT: {}
RESULT: {"using":"xpath","value":"//*[@id=\"application-managepartners-display-component---NewPartner--addressEditDetailsCostObjectCstType-arrow\"]"}
COMMAND: POST /session/c8a541b4b4c3a19e1c9b1ed3871b16eb/element/f.AA8EB58E3CC8A06D4892695265F737EE.d.85576C9AE055F69E64D17BFD1C1B78AC.e.1498/click - {}
RESULT: {}
COMMAND: POST /session/c8a541b4b4c3a19e1c9b1ed3871b16eb/element - {"using":"xpath","value":"//span[contains(text(), \"Cost Center\")]"}
COMMAND: GET /session/c8a541b4b4c3a19e1c9b1ed3871b16eb/screenshot - {}
RESULT: {"using":"xpath","value":"//span[contains(text(), \"Cost Center\")]"}
COMMAND: POST /session/c8a541b4b4c3a19e1c9b1ed3871b16eb/element/f.AA8EB58E3CC8A06D4892695265F737EE.d.85576C9AE055F69E64D17BFD1C1B78AC.e.1499/click - {}
RESULT: {}
RESULT: {}
COMMAND: GET /session/c8a541b4b4c3a19e1c9b1ed3871b16eb/screenshot - {}
RESULT: {}
COMMAND: POST /session/c8a541b4b4c3a19e1c9b1ed3871b16eb/element - {"using":"xpath","value":"//span[@id=\"application-managepartners-display-component---NewPartner--addressNewCostObjectCstID-vhi\"]"}
RESULT: {"using":"xpath","value":"//span[@id=\"application-managepartners-display-component---NewPartner--addressNewCostObjectCstID-vhi\"]"}
COMMAND: POST /session/c8a541b4b4c3a19e1c9b1ed3871b16eb/execute/sync - {"script":"<script> [8489 bytes]","args":[{"element-6066-11e4-a52e-4f735466cecf":"f.AA8EB58E3CC8A06D4892695265F737EE.d.85576C9AE055F69E64D17BFD1C1B78AC.e.1503","ELEMENT":"f.AA8EB58E3CC8A06D4892695265F737EE.d.85576C9AE055F69E64D17BFD1C1B78AC.e.1503"}]}
RESULT: {"script":"<script> [8489 bytes]","args":[{"element-6066-11e4-a52e-4f735466cecf":"f.AA8EB58E3CC8A06D4892695265F737EE.d.85576C9AE055F69E64D17BFD1C1B78AC.e.1503","ELEMENT":"f.AA8EB58E3CC8A06D4892695265F737EE.d.85576C9AE055F69E64D17BFD1C1B78AC.e.1503"}]}
COMMAND: POST /session/c8a541b4b4c3a19e1c9b1ed3871b16eb/execute/async - {"script":"<script> [1562 bytes]","args":[{"selector":{"id":"application-managepartners-display-component---NewPartner--addressNewCostObjectCstID-vhi"},"wdio_ui5_key":"applicationmanagepartners-display-component---NewPartner--addressNewCostObjectCstID-vhi"}]}
COMMAND: GET /session/c8a541b4b4c3a19e1c9b1ed3871b16eb/screenshot - {}
RESULT: {"script":"<script> [1562 bytes]","args":[{"selector":{"id":"application-managepartners-display-component---NewPartner--addressNewCostObjectCstID-vhi"},"wdio_ui5_key":"applicationmanagepartners-display-component---NewPartner--addressNewCostObjectCstID-vhi"}]}
RESULT: undefined
COMMAND: POST /session/c8a541b4b4c3a19e1c9b1ed3871b16eb/element - {"using":"xpath","value":"//*[@id=\"application-managepartners-display-component---NewPartner--addressNewCostObjectCstID-vhi\"]"}
RESULT: {}
RESULT: {"using":"xpath","value":"//*[@id=\"application-managepartners-display-component---NewPartner--addressNewCostObjectCstID-vhi\"]"}
COMMAND: POST /session/c8a541b4b4c3a19e1c9b1ed3871b16eb/element/f.AA8EB58E3CC8A06D4892695265F737EE.d.85576C9AE055F69E64D17BFD1C1B78AC.e.1503/click - {}
RESULT: {}
COMMAND: GET /session/c8a541b4b4c3a19e1c9b1ed3871b16eb/screenshot - {}
RESULT: {}
RESULT: undefined
COMMAND: POST /session/c8a541b4b4c3a19e1c9b1ed3871b16eb/execute/async - {"script":"<script> [776 bytes]","args":[{"enterText":"10001013","selector":{"controlType":"sap.m.SearchField","properties":{"placeholder":"Search"},"searchOpenDialogs":true,"interaction":{"idSuffix":"I"}},"clearTextFirst":true,"interactionType":"ENTER_TEXT"}]}
RESULT: {"script":"<script> [776 bytes]","args":[{"enterText":"10001013","selector":{"controlType":"sap.m.SearchField","properties":{"placeholder":"Search"},"searchOpenDialogs":true,"interaction":{"idSuffix":"I"}},"clearTextFirst":true,"interactionType":"ENTER_TEXT"}]}
COMMAND: POST /session/c8a541b4b4c3a19e1c9b1ed3871b16eb/actions - {"actions":[{"id":"action2","type":"key","parameters":{},"actions":[{"type":"keyDown","value":"î€‡"},{"type":"pause","duration":10},{"type":"keyUp","value":"î€‡"}]}]}
RESULT: {"actions":[{"id":"action2","type":"key","parameters":{},"actions":[{"type":"keyDown","value":"î€‡"},{"type":"pause","duration":10},{"type":"keyUp","value":"î€‡"}]}]}
COMMAND: GET /session/c8a541b4b4c3a19e1c9b1ed3871b16eb/screenshot - {}
RESULT: {}
COMMAND: POST /session/c8a541b4b4c3a19e1c9b1ed3871b16eb/element - {"using":"xpath","value":"//span[contains(text(), \"General Management\")]"}
RESULT: {"using":"xpath","value":"//span[contains(text(), \"General Management\")]"}
COMMAND: POST /session/c8a541b4b4c3a19e1c9b1ed3871b16eb/element/f.AA8EB58E3CC8A06D4892695265F737EE.d.85576C9AE055F69E64D17BFD1C1B78AC.e.1543/click - {}
RESULT: {}
COMMAND: GET /session/c8a541b4b4c3a19e1c9b1ed3871b16eb/screenshot - {}
RESULT: {}
COMMAND: POST /session/c8a541b4b4c3a19e1c9b1ed3871b16eb/element - {"using":"xpath","value":"//bdi[contains(text(), \"OK\")]"}
RESULT: {"using":"xpath","value":"//bdi[contains(text(), \"OK\")]"}
COMMAND: POST /session/c8a541b4b4c3a19e1c9b1ed3871b16eb/element/f.AA8EB58E3CC8A06D4892695265F737EE.d.85576C9AE055F69E64D17BFD1C1B78AC.e.1544/click - {}
RESULT: {}
COMMAND: GET /session/c8a541b4b4c3a19e1c9b1ed3871b16eb/screenshot - {}
RESULT: {}
COMMAND: POST /session/c8a541b4b4c3a19e1c9b1ed3871b16eb/element - {"using":"xpath","value":"//input[@id=\"application-managepartners-display-component---NewPartner--companyCodeComboBox-inner\"]"}
RESULT: {"using":"xpath","value":"//input[@id=\"application-managepartners-display-component---NewPartner--companyCodeComboBox-inner\"]"}
COMMAND: POST /session/c8a541b4b4c3a19e1c9b1ed3871b16eb/element/f.AA8EB58E3CC8A06D4892695265F737EE.d.85576C9AE055F69E64D17BFD1C1B78AC.e.1383/clear - {}
RESULT: {}
COMMAND: POST /session/c8a541b4b4c3a19e1c9b1ed3871b16eb/element/f.AA8EB58E3CC8A06D4892695265F737EE.d.85576C9AE055F69E64D17BFD1C1B78AC.e.1383/value - {"text":"1000"}
COMMAND: GET /session/c8a541b4b4c3a19e1c9b1ed3871b16eb/screenshot - {}
RESULT: {"text":"1000"}
COMMAND: GET /session/c8a541b4b4c3a19e1c9b1ed3871b16eb/screenshot - {}
RESULT: {}
RESULT: {}
COMMAND: POST /session/c8a541b4b4c3a19e1c9b1ed3871b16eb/element - {"using":"xpath","value":"//li[.//span[text()= \"1000\"]]"}
RESULT: {"using":"xpath","value":"//li[.//span[text()= \"1000\"]]"}
COMMAND: POST /session/c8a541b4b4c3a19e1c9b1ed3871b16eb/element/f.AA8EB58E3CC8A06D4892695265F737EE.d.85576C9AE055F69E64D17BFD1C1B78AC.e.1550/click - {}
RESULT: {}
COMMAND: GET /session/c8a541b4b4c3a19e1c9b1ed3871b16eb/screenshot - {}
RESULT: {}
COMMAND: POST /session/c8a541b4b4c3a19e1c9b1ed3871b16eb/execute/async - {"script":"<script> [1562 bytes]","args":[{"selector":{"id":"application-managepartners-display-component---NewPartner--btnAddTableRow-img"},"wdio_ui5_key":"applicationmanagepartners-display-component---NewPartner--btnAddTableRow-img"}]}
RESULT: {"script":"<script> [1562 bytes]","args":[{"selector":{"id":"application-managepartners-display-component---NewPartner--btnAddTableRow-img"},"wdio_ui5_key":"applicationmanagepartners-display-component---NewPartner--btnAddTableRow-img"}]}
RESULT: undefined
COMMAND: POST /session/c8a541b4b4c3a19e1c9b1ed3871b16eb/element - {"using":"xpath","value":"//*[@id=\"application-managepartners-display-component---NewPartner--btnAddTableRow-img\"]"}
RESULT: {"using":"xpath","value":"//*[@id=\"application-managepartners-display-component---NewPartner--btnAddTableRow-img\"]"}
COMMAND: POST /session/c8a541b4b4c3a19e1c9b1ed3871b16eb/element/f.AA8EB58E3CC8A06D4892695265F737EE.d.85576C9AE055F69E64D17BFD1C1B78AC.e.1551/click - {}
RESULT: {}
COMMAND: GET /session/c8a541b4b4c3a19e1c9b1ed3871b16eb/screenshot - {}
RESULT: {}
COMMAND: POST /session/c8a541b4b4c3a19e1c9b1ed3871b16eb/element - {"using":"xpath","value":"//input[@id=\"application-managepartners-display-component---NewPartner--assignmentYard-application-managepartners-display-component---NewPartner--assignmentsTable-0-inner\"]"}
RESULT: {"using":"xpath","value":"//input[@id=\"application-managepartners-display-component---NewPartner--assignmentYard-application-managepartners-display-component---NewPartner--assignmentsTable-0-inner\"]"}
COMMAND: POST /session/c8a541b4b4c3a19e1c9b1ed3871b16eb/element/f.AA8EB58E3CC8A06D4892695265F737EE.d.85576C9AE055F69E64D17BFD1C1B78AC.e.1554/clear - {}
RESULT: {}
COMMAND: POST /session/c8a541b4b4c3a19e1c9b1ed3871b16eb/element/f.AA8EB58E3CC8A06D4892695265F737EE.d.85576C9AE055F69E64D17BFD1C1B78AC.e.1554/value - {"text":"606"}
COMMAND: GET /session/c8a541b4b4c3a19e1c9b1ed3871b16eb/screenshot - {}
RESULT: {"text":"606"}
COMMAND: GET /session/c8a541b4b4c3a19e1c9b1ed3871b16eb/screenshot - {}
RESULT: {}
RESULT: {}
COMMAND: POST /session/c8a541b4b4c3a19e1c9b1ed3871b16eb/element - {"using":"xpath","value":"//li[.//span[text()='606']]"}
RESULT: {"using":"xpath","value":"//li[.//span[text()='606']]"}
COMMAND: POST /session/c8a541b4b4c3a19e1c9b1ed3871b16eb/element/f.AA8EB58E3CC8A06D4892695265F737EE.d.85576C9AE055F69E64D17BFD1C1B78AC.e.1563/click - {}
RESULT: {}
COMMAND: GET /session/c8a541b4b4c3a19e1c9b1ed3871b16eb/screenshot - {}
RESULT: {}
COMMAND: POST /session/c8a541b4b4c3a19e1c9b1ed3871b16eb/actions - {"actions":[{"id":"action3","type":"key","parameters":{},"actions":[{"type":"keyDown","value":"î€‡"},{"type":"pause","duration":10},{"type":"keyUp","value":"î€‡"}]}]}
RESULT: {"actions":[{"id":"action3","type":"key","parameters":{},"actions":[{"type":"keyDown","value":"î€‡"},{"type":"pause","duration":10},{"type":"keyUp","value":"î€‡"}]}]}
COMMAND: POST /session/c8a541b4b4c3a19e1c9b1ed3871b16eb/execute/async - {"script":"<script> [1562 bytes]","args":[{"selector":{"id":"application-managepartners-display-component---NewPartner--externalCustomerComboBox-application-managepartners-display-component---NewPartner--assignmentsTable-0-vhi"},"wdio_ui5_key":"applicationmanagepartners-display-component---NewPartner--externalCustomerComboBox-application-managepartners-display-component---NewPartner--assignmentsTable-0-vhi"}]}
COMMAND: GET /session/c8a541b4b4c3a19e1c9b1ed3871b16eb/screenshot - {}
RESULT: {"script":"<script> [1562 bytes]","args":[{"selector":{"id":"application-managepartners-display-component---NewPartner--externalCustomerComboBox-application-managepartners-display-component---NewPartner--assignmentsTable-0-vhi"},"wdio_ui5_key":"applicationmanagepartners-display-component---NewPartner--externalCustomerComboBox-application-managepartners-display-component---NewPartner--assignmentsTable-0-vhi"}]}
RESULT: undefined
COMMAND: POST /session/c8a541b4b4c3a19e1c9b1ed3871b16eb/element - {"using":"xpath","value":"//*[@id=\"application-managepartners-display-component---NewPartner--externalCustomerComboBox-application-managepartners-display-component---NewPartner--assignmentsTable-0-vhi\"]"}
RESULT: {}
RESULT: {"using":"xpath","value":"//*[@id=\"application-managepartners-display-component---NewPartner--externalCustomerComboBox-application-managepartners-display-component---NewPartner--assignmentsTable-0-vhi\"]"}
COMMAND: POST /session/c8a541b4b4c3a19e1c9b1ed3871b16eb/element/f.AA8EB58E3CC8A06D4892695265F737EE.d.85576C9AE055F69E64D17BFD1C1B78AC.e.1567/click - {}
RESULT: {}
RESULT: undefined
COMMAND: POST /session/c8a541b4b4c3a19e1c9b1ed3871b16eb/execute/async - {"script":"<script> [776 bytes]","args":[{"enterText":"300003","selector":{"controlType":"sap.m.SearchField","properties":{"placeholder":"Search"},"searchOpenDialogs":true,"interaction":{"idSuffix":"I"}},"clearTextFirst":true,"interactionType":"ENTER_TEXT"}]}
COMMAND: GET /session/c8a541b4b4c3a19e1c9b1ed3871b16eb/screenshot - {}
RESULT: {"script":"<script> [776 bytes]","args":[{"enterText":"300003","selector":{"controlType":"sap.m.SearchField","properties":{"placeholder":"Search"},"searchOpenDialogs":true,"interaction":{"idSuffix":"I"}},"clearTextFirst":true,"interactionType":"ENTER_TEXT"}]}
COMMAND: POST /session/c8a541b4b4c3a19e1c9b1ed3871b16eb/actions - {"actions":[{"id":"action4","type":"key","parameters":{},"actions":[{"type":"keyDown","value":"î€‡"},{"type":"pause","duration":10},{"type":"keyUp","value":"î€‡"}]}]}
RESULT: {}
RESULT: {"actions":[{"id":"action4","type":"key","parameters":{},"actions":[{"type":"keyDown","value":"î€‡"},{"type":"pause","duration":10},{"type":"keyUp","value":"î€‡"}]}]}
COMMAND: GET /session/c8a541b4b4c3a19e1c9b1ed3871b16eb/screenshot - {}
RESULT: {}
COMMAND: POST /session/c8a541b4b4c3a19e1c9b1ed3871b16eb/element - {"using":"xpath","value":"//span[contains(text(), \"300003\")]"}
RESULT: {"using":"xpath","value":"//span[contains(text(), \"300003\")]"}
COMMAND: POST /session/c8a541b4b4c3a19e1c9b1ed3871b16eb/element/f.AA8EB58E3CC8A06D4892695265F737EE.d.85576C9AE055F69E64D17BFD1C1B78AC.e.1585/click - {}
RESULT: {}
COMMAND: GET /session/c8a541b4b4c3a19e1c9b1ed3871b16eb/screenshot - {}
RESULT: {}
COMMAND: POST /session/c8a541b4b4c3a19e1c9b1ed3871b16eb/element - {"using":"xpath","value":"//bdi[contains(text(), \"OK\")]"}
RESULT: {"using":"xpath","value":"//bdi[contains(text(), \"OK\")]"}
COMMAND: POST /session/c8a541b4b4c3a19e1c9b1ed3871b16eb/element/f.AA8EB58E3CC8A06D4892695265F737EE.d.85576C9AE055F69E64D17BFD1C1B78AC.e.1587/click - {}
RESULT: {}
COMMAND: GET /session/c8a541b4b4c3a19e1c9b1ed3871b16eb/screenshot - {}
COMMAND: POST /session/c8a541b4b4c3a19e1c9b1ed3871b16eb/execute/async - {"script":"<script> [1562 bytes]","args":[{"selector":{"id":"application-managepartners-display-component---NewPartner--intercompVendorComboBox-application-managepartners-display-component---NewPartner--assignmentsTable-0-vhi"},"wdio_ui5_key":"applicationmanagepartners-display-component---NewPartner--intercompVendorComboBox-application-managepartners-display-component---NewPartner--assignmentsTable-0-vhi"}]}
RESULT: {}
RESULT: {"script":"<script> [1562 bytes]","args":[{"selector":{"id":"application-managepartners-display-component---NewPartner--intercompVendorComboBox-application-managepartners-display-component---NewPartner--assignmentsTable-0-vhi"},"wdio_ui5_key":"applicationmanagepartners-display-component---NewPartner--intercompVendorComboBox-application-managepartners-display-component---NewPartner--assignmentsTable-0-vhi"}]}
RESULT: undefined
COMMAND: POST /session/c8a541b4b4c3a19e1c9b1ed3871b16eb/element - {"using":"xpath","value":"//*[@id=\"application-managepartners-display-component---NewPartner--intercompVendorComboBox-application-managepartners-display-component---NewPartner--assignmentsTable-0-vhi\"]"}
RESULT: {"using":"xpath","value":"//*[@id=\"application-managepartners-display-component---NewPartner--intercompVendorComboBox-application-managepartners-display-component---NewPartner--assignmentsTable-0-vhi\"]"}
COMMAND: POST /session/c8a541b4b4c3a19e1c9b1ed3871b16eb/element/f.AA8EB58E3CC8A06D4892695265F737EE.d.85576C9AE055F69E64D17BFD1C1B78AC.e.1591/click - {}
RESULT: {}
RESULT: undefined
COMMAND: POST /session/c8a541b4b4c3a19e1c9b1ed3871b16eb/execute/async - {"script":"<script> [776 bytes]","args":[{"enterText":"100005","selector":{"controlType":"sap.m.SearchField","properties":{"placeholder":"Search"},"searchOpenDialogs":true,"interaction":{"idSuffix":"I"}},"clearTextFirst":true,"interactionType":"ENTER_TEXT"}]}
COMMAND: GET /session/c8a541b4b4c3a19e1c9b1ed3871b16eb/screenshot - {}
RESULT: {"script":"<script> [776 bytes]","args":[{"enterText":"100005","selector":{"controlType":"sap.m.SearchField","properties":{"placeholder":"Search"},"searchOpenDialogs":true,"interaction":{"idSuffix":"I"}},"clearTextFirst":true,"interactionType":"ENTER_TEXT"}]}
COMMAND: POST /session/c8a541b4b4c3a19e1c9b1ed3871b16eb/actions - {"actions":[{"id":"action5","type":"key","parameters":{},"actions":[{"type":"keyDown","value":"î€‡"},{"type":"pause","duration":10},{"type":"keyUp","value":"î€‡"}]}]}
RESULT: {}
RESULT: {"actions":[{"id":"action5","type":"key","parameters":{},"actions":[{"type":"keyDown","value":"î€‡"},{"type":"pause","duration":10},{"type":"keyUp","value":"î€‡"}]}]}
COMMAND: GET /session/c8a541b4b4c3a19e1c9b1ed3871b16eb/screenshot - {}
RESULT: {}
COMMAND: POST /session/c8a541b4b4c3a19e1c9b1ed3871b16eb/element - {"using":"xpath","value":"//span[contains(text(), \"Penguins - Field/12345 Berlin\")]"}
RESULT: {"using":"xpath","value":"//span[contains(text(), \"Penguins - Field/12345 Berlin\")]"}
COMMAND: POST /session/c8a541b4b4c3a19e1c9b1ed3871b16eb/element/f.AA8EB58E3CC8A06D4892695265F737EE.d.85576C9AE055F69E64D17BFD1C1B78AC.e.1609/click - {}
RESULT: {}
COMMAND: GET /session/c8a541b4b4c3a19e1c9b1ed3871b16eb/screenshot - {}
RESULT: {}
COMMAND: POST /session/c8a541b4b4c3a19e1c9b1ed3871b16eb/element - {"using":"xpath","value":"//bdi[contains(text(), \"OK\")]"}
RESULT: {"using":"xpath","value":"//bdi[contains(text(), \"OK\")]"}
COMMAND: POST /session/c8a541b4b4c3a19e1c9b1ed3871b16eb/element/f.AA8EB58E3CC8A06D4892695265F737EE.d.85576C9AE055F69E64D17BFD1C1B78AC.e.1610/click - {}
RESULT: {}
COMMAND: GET /session/c8a541b4b4c3a19e1c9b1ed3871b16eb/screenshot - {}
RESULT: {}
COMMAND: POST /session/c8a541b4b4c3a19e1c9b1ed3871b16eb/element - {"using":"xpath","value":"//button[@data-kt=\"saveButton\"]"}
RESULT: {"using":"xpath","value":"//button[@data-kt=\"saveButton\"]"}
COMMAND: POST /session/c8a541b4b4c3a19e1c9b1ed3871b16eb/element/f.AA8EB58E3CC8A06D4892695265F737EE.d.85576C9AE055F69E64D17BFD1C1B78AC.e.1415/click - {}
RESULT: {}
COMMAND: GET /session/c8a541b4b4c3a19e1c9b1ed3871b16eb/screenshot - {}
RESULT: {}
COMMAND: POST /session/c8a541b4b4c3a19e1c9b1ed3871b16eb/element - {"using":"xpath","value":"//header[contains(@id, 'ObjectPageLayout-headerTitle')]/div[1]/div[2]/div[2]/span[1]"}
RESULT: {"using":"xpath","value":"//header[contains(@id, 'ObjectPageLayout-headerTitle')]/div[1]/div[2]/div[2]/span[1]"}
COMMAND: POST /session/c8a541b4b4c3a19e1c9b1ed3871b16eb/elements - {"using":"xpath","value":"//header[contains(@id, 'ObjectPageLayout-headerTitle')]/div[1]/div[2]/div[2]/span[1]"}
RESULT: {"using":"xpath","value":"//header[contains(@id, 'ObjectPageLayout-headerTitle')]/div[1]/div[2]/div[2]/span[1]"}
COMMAND: POST /session/c8a541b4b4c3a19e1c9b1ed3871b16eb/execute/sync - {"script":"<script> [56 bytes]","args":[{"element-6066-11e4-a52e-4f735466cecf":"f.AA8EB58E3CC8A06D4892695265F737EE.d.85576C9AE055F69E64D17BFD1C1B78AC.e.1777","ELEMENT":"f.AA8EB58E3CC8A06D4892695265F737EE.d.85576C9AE055F69E64D17BFD1C1B78AC.e.1777"}]}
RESULT: {"script":"<script> [56 bytes]","args":[{"element-6066-11e4-a52e-4f735466cecf":"f.AA8EB58E3CC8A06D4892695265F737EE.d.85576C9AE055F69E64D17BFD1C1B78AC.e.1777","ELEMENT":"f.AA8EB58E3CC8A06D4892695265F737EE.d.85576C9AE055F69E64D17BFD1C1B78AC.e.1777"}]}
COMMAND: POST /session/c8a541b4b4c3a19e1c9b1ed3871b16eb/element - {"using":"css selector","value":"#shell-header-logo"}
COMMAND: GET /session/c8a541b4b4c3a19e1c9b1ed3871b16eb/screenshot - {}
RESULT: {"using":"css selector","value":"#shell-header-logo"}
COMMAND: POST /session/c8a541b4b4c3a19e1c9b1ed3871b16eb/element/f.AA8EB58E3CC8A06D4892695265F737EE.d.85576C9AE055F69E64D17BFD1C1B78AC.e.991/click - {}
RESULT: {}
RESULT: {}
COMMAND: GET /session/c8a541b4b4c3a19e1c9b1ed3871b16eb/screenshot - {}
RESULT: {}
COMMAND: POST /session/c8a541b4b4c3a19e1c9b1ed3871b16eb/execute/sync - {"script":"<script> [299 bytes]","args":[["getModel","getResource"]]}
RESULT: {"script":"<script> [299 bytes]","args":[["getModel","getResource"]]}
COMMAND: GET /session/c8a541b4b4c3a19e1c9b1ed3871b16eb/screenshot - {}
]]></system-out>
    </testcase>
    <testcase classname="chrome.136_0_7103_93.windows.Tests_for_Mass_State_Change_on_Manage_States_&amp;_Performances_US104416_US" name="Prereq Should create a new site" time="107.174">
      <system-out><![CDATA[
COMMAND: POST /session/c8a541b4b4c3a19e1c9b1ed3871b16eb/execute/async - {"script":"<script> [1562 bytes]","args":[{"selector":{"controlType":"sap.m.GenericTile","properties":{"header":"Manage Sites"}},"wdio_ui5_key":"sapm.GenericTile{\"header\":\"Manage Sites\"}"}]}
RESULT: {}
RESULT: {"script":"<script> [1562 bytes]","args":[{"selector":{"controlType":"sap.m.GenericTile","properties":{"header":"Manage Sites"}},"wdio_ui5_key":"sapm.GenericTile{\"header\":\"Manage Sites\"}"}]}
RESULT: undefined
COMMAND: POST /session/c8a541b4b4c3a19e1c9b1ed3871b16eb/element - {"using":"xpath","value":"//*[@id=\"__tile40\"]"}
RESULT: {"using":"xpath","value":"//*[@id=\"__tile40\"]"}
COMMAND: POST /session/c8a541b4b4c3a19e1c9b1ed3871b16eb/element/f.AA8EB58E3CC8A06D4892695265F737EE.d.85576C9AE055F69E64D17BFD1C1B78AC.e.154/click - {}
RESULT: {}
COMMAND: GET /session/c8a541b4b4c3a19e1c9b1ed3871b16eb/screenshot - {}
RESULT: {}
COMMAND: POST /session/c8a541b4b4c3a19e1c9b1ed3871b16eb/elements - {"using":"xpath","value":"//span[text()='Error']"}
RESULT: {"using":"xpath","value":"//span[text()='Error']"}
COMMAND: POST /session/c8a541b4b4c3a19e1c9b1ed3871b16eb/element - {"using":"xpath","value":"//button[@data-kt=\"addOverflowToolbarButton\"]"}
RESULT: {"using":"xpath","value":"//button[@data-kt=\"addOverflowToolbarButton\"]"}
COMMAND: POST /session/c8a541b4b4c3a19e1c9b1ed3871b16eb/elements - {"using":"xpath","value":"//button[@data-kt=\"addOverflowToolbarButton\"]"}
RESULT: {"using":"xpath","value":"//button[@data-kt=\"addOverflowToolbarButton\"]"}
COMMAND: POST /session/c8a541b4b4c3a19e1c9b1ed3871b16eb/execute/sync - {"script":"<script> [8489 bytes]","args":[{"element-6066-11e4-a52e-4f735466cecf":"f.AA8EB58E3CC8A06D4892695265F737EE.d.85576C9AE055F69E64D17BFD1C1B78AC.e.1825","ELEMENT":"f.AA8EB58E3CC8A06D4892695265F737EE.d.85576C9AE055F69E64D17BFD1C1B78AC.e.1825"}]}
RESULT: {"script":"<script> [8489 bytes]","args":[{"element-6066-11e4-a52e-4f735466cecf":"f.AA8EB58E3CC8A06D4892695265F737EE.d.85576C9AE055F69E64D17BFD1C1B78AC.e.1825","ELEMENT":"f.AA8EB58E3CC8A06D4892695265F737EE.d.85576C9AE055F69E64D17BFD1C1B78AC.e.1825"}]}
COMMAND: GET /session/c8a541b4b4c3a19e1c9b1ed3871b16eb/element/f.AA8EB58E3CC8A06D4892695265F737EE.d.85576C9AE055F69E64D17BFD1C1B78AC.e.1825/enabled - {}
COMMAND: GET /session/c8a541b4b4c3a19e1c9b1ed3871b16eb/screenshot - {}
RESULT: {}
COMMAND: POST /session/c8a541b4b4c3a19e1c9b1ed3871b16eb/execute/sync - {"script":"<script> [8489 bytes]","args":[{"element-6066-11e4-a52e-4f735466cecf":"f.AA8EB58E3CC8A06D4892695265F737EE.d.85576C9AE055F69E64D17BFD1C1B78AC.e.1825","ELEMENT":"f.AA8EB58E3CC8A06D4892695265F737EE.d.85576C9AE055F69E64D17BFD1C1B78AC.e.1825"}]}
COMMAND: GET /session/c8a541b4b4c3a19e1c9b1ed3871b16eb/screenshot - {}
RESULT: {}
RESULT: {"script":"<script> [8489 bytes]","args":[{"element-6066-11e4-a52e-4f735466cecf":"f.AA8EB58E3CC8A06D4892695265F737EE.d.85576C9AE055F69E64D17BFD1C1B78AC.e.1825","ELEMENT":"f.AA8EB58E3CC8A06D4892695265F737EE.d.85576C9AE055F69E64D17BFD1C1B78AC.e.1825"}]}
COMMAND: POST /session/c8a541b4b4c3a19e1c9b1ed3871b16eb/execute/sync - {"script":"<script> [5351 bytes]","args":[{"element-6066-11e4-a52e-4f735466cecf":"f.AA8EB58E3CC8A06D4892695265F737EE.d.85576C9AE055F69E64D17BFD1C1B78AC.e.1825","ELEMENT":"f.AA8EB58E3CC8A06D4892695265F737EE.d.85576C9AE055F69E64D17BFD1C1B78AC.e.1825"}]}
COMMAND: GET /session/c8a541b4b4c3a19e1c9b1ed3871b16eb/screenshot - {}
RESULT: {}
RESULT: {}
RESULT: {"script":"<script> [5351 bytes]","args":[{"element-6066-11e4-a52e-4f735466cecf":"f.AA8EB58E3CC8A06D4892695265F737EE.d.85576C9AE055F69E64D17BFD1C1B78AC.e.1825","ELEMENT":"f.AA8EB58E3CC8A06D4892695265F737EE.d.85576C9AE055F69E64D17BFD1C1B78AC.e.1825"}]}
COMMAND: POST /session/c8a541b4b4c3a19e1c9b1ed3871b16eb/element/f.AA8EB58E3CC8A06D4892695265F737EE.d.85576C9AE055F69E64D17BFD1C1B78AC.e.1825/click - {}
COMMAND: GET /session/c8a541b4b4c3a19e1c9b1ed3871b16eb/screenshot - {}
RESULT: {}
COMMAND: GET /session/c8a541b4b4c3a19e1c9b1ed3871b16eb/screenshot - {}
COMMAND: POST /session/c8a541b4b4c3a19e1c9b1ed3871b16eb/element - {"using":"xpath","value":"//input[@id=\"application-managesites-display-component---NewSite--siteId-inner\"]"}
RESULT: {}
RESULT: {}
RESULT: {"using":"xpath","value":"//input[@id=\"application-managesites-display-component---NewSite--siteId-inner\"]"}
COMMAND: POST /session/c8a541b4b4c3a19e1c9b1ed3871b16eb/element - {"using":"xpath","value":"//input[@id=\"application-managesites-display-component---NewSite--siteId-inner\"]"}
RESULT: {"using":"xpath","value":"//input[@id=\"application-managesites-display-component---NewSite--siteId-inner\"]"}
COMMAND: POST /session/c8a541b4b4c3a19e1c9b1ed3871b16eb/execute/async - {"script":"<script> [1562 bytes]","args":[{"selector":{"id":"application-managesites-display-component---NewSite--addressDetailDetailsName1","interaction":{"idSuffix":"inner"}},"wdio_ui5_key":"applicationmanagesites-display-component---NewSite--addressDetailDetailsName1"}]}
RESULT: {"script":"<script> [1562 bytes]","args":[{"selector":{"id":"application-managesites-display-component---NewSite--addressDetailDetailsName1","interaction":{"idSuffix":"inner"}},"wdio_ui5_key":"applicationmanagesites-display-component---NewSite--addressDetailDetailsName1"}]}
RESULT: undefined
COMMAND: POST /session/c8a541b4b4c3a19e1c9b1ed3871b16eb/execute/async - {"script":"<script> [776 bytes]","args":[{"enterText":"Intracompany Site wdIO","selector":{"id":"application-managesites-display-component---NewSite--addressDetailDetailsName1","interaction":{"idSuffix":"inner"}},"clearTextFirst":true,"interactionType":"ENTER_TEXT"}]}
RESULT: {"script":"<script> [776 bytes]","args":[{"enterText":"Intracompany Site wdIO","selector":{"id":"application-managesites-display-component---NewSite--addressDetailDetailsName1","interaction":{"idSuffix":"inner"}},"clearTextFirst":true,"interactionType":"ENTER_TEXT"}]}
COMMAND: POST /session/c8a541b4b4c3a19e1c9b1ed3871b16eb/execute/async - {"script":"<script> [1562 bytes]","args":[{"selector":{"id":"application-managesites-display-component---NewSite--addressDetailDetailsLanguage-arrow"},"wdio_ui5_key":"applicationmanagesites-display-component---NewSite--addressDetailDetailsLanguage-arrow"}]}
RESULT: {"script":"<script> [1562 bytes]","args":[{"selector":{"id":"application-managesites-display-component---NewSite--addressDetailDetailsLanguage-arrow"},"wdio_ui5_key":"applicationmanagesites-display-component---NewSite--addressDetailDetailsLanguage-arrow"}]}
RESULT: undefined
COMMAND: POST /session/c8a541b4b4c3a19e1c9b1ed3871b16eb/element - {"using":"xpath","value":"//*[@id=\"application-managesites-display-component---NewSite--addressDetailDetailsLanguage-arrow\"]"}
RESULT: {"using":"xpath","value":"//*[@id=\"application-managesites-display-component---NewSite--addressDetailDetailsLanguage-arrow\"]"}
COMMAND: POST /session/c8a541b4b4c3a19e1c9b1ed3871b16eb/element/f.AA8EB58E3CC8A06D4892695265F737EE.d.85576C9AE055F69E64D17BFD1C1B78AC.e.2209/click - {}
RESULT: {}
COMMAND: POST /session/c8a541b4b4c3a19e1c9b1ed3871b16eb/element - {"using":"xpath","value":"//span[contains(text(), \"English\")]"}
COMMAND: GET /session/c8a541b4b4c3a19e1c9b1ed3871b16eb/screenshot - {}
RESULT: {"using":"xpath","value":"//span[contains(text(), \"English\")]"}
COMMAND: POST /session/c8a541b4b4c3a19e1c9b1ed3871b16eb/element/f.AA8EB58E3CC8A06D4892695265F737EE.d.85576C9AE055F69E64D17BFD1C1B78AC.e.2210/click - {}
RESULT: {}
RESULT: {}
COMMAND: POST /session/c8a541b4b4c3a19e1c9b1ed3871b16eb/execute/async - {"script":"<script> [1562 bytes]","args":[{"selector":{"id":"application-managesites-display-component---NewSite--addressDetailDetailsCity1","interaction":{"idSuffix":"inner"}},"wdio_ui5_key":"applicationmanagesites-display-component---NewSite--addressDetailDetailsCity1"}]}
COMMAND: GET /session/c8a541b4b4c3a19e1c9b1ed3871b16eb/screenshot - {}
RESULT: {"script":"<script> [1562 bytes]","args":[{"selector":{"id":"application-managesites-display-component---NewSite--addressDetailDetailsCity1","interaction":{"idSuffix":"inner"}},"wdio_ui5_key":"applicationmanagesites-display-component---NewSite--addressDetailDetailsCity1"}]}
RESULT: undefined
COMMAND: POST /session/c8a541b4b4c3a19e1c9b1ed3871b16eb/execute/async - {"script":"<script> [776 bytes]","args":[{"enterText":"Rosario","selector":{"id":"application-managesites-display-component---NewSite--addressDetailDetailsCity1","interaction":{"idSuffix":"inner"}},"clearTextFirst":true,"interactionType":"ENTER_TEXT"}]}
RESULT: {}
RESULT: {"script":"<script> [776 bytes]","args":[{"enterText":"Rosario","selector":{"id":"application-managesites-display-component---NewSite--addressDetailDetailsCity1","interaction":{"idSuffix":"inner"}},"clearTextFirst":true,"interactionType":"ENTER_TEXT"}]}
COMMAND: POST /session/c8a541b4b4c3a19e1c9b1ed3871b16eb/execute/async - {"script":"<script> [1562 bytes]","args":[{"selector":{"id":"application-managesites-display-component---NewSite--addressDetailDetailsCountry-arrow"},"wdio_ui5_key":"applicationmanagesites-display-component---NewSite--addressDetailDetailsCountry-arrow"}]}
RESULT: {"script":"<script> [1562 bytes]","args":[{"selector":{"id":"application-managesites-display-component---NewSite--addressDetailDetailsCountry-arrow"},"wdio_ui5_key":"applicationmanagesites-display-component---NewSite--addressDetailDetailsCountry-arrow"}]}
RESULT: undefined
COMMAND: POST /session/c8a541b4b4c3a19e1c9b1ed3871b16eb/element - {"using":"xpath","value":"//*[@id=\"application-managesites-display-component---NewSite--addressDetailDetailsCountry-arrow\"]"}
RESULT: {"using":"xpath","value":"//*[@id=\"application-managesites-display-component---NewSite--addressDetailDetailsCountry-arrow\"]"}
COMMAND: POST /session/c8a541b4b4c3a19e1c9b1ed3871b16eb/element/f.AA8EB58E3CC8A06D4892695265F737EE.d.85576C9AE055F69E64D17BFD1C1B78AC.e.2212/click - {}
RESULT: {}
COMMAND: POST /session/c8a541b4b4c3a19e1c9b1ed3871b16eb/element - {"using":"xpath","value":"//span[contains(text(), \"Argentina\")]"}
COMMAND: GET /session/c8a541b4b4c3a19e1c9b1ed3871b16eb/screenshot - {}
RESULT: {"using":"xpath","value":"//span[contains(text(), \"Argentina\")]"}
COMMAND: POST /session/c8a541b4b4c3a19e1c9b1ed3871b16eb/element/f.AA8EB58E3CC8A06D4892695265F737EE.d.85576C9AE055F69E64D17BFD1C1B78AC.e.2214/click - {}
RESULT: {}
RESULT: {}
COMMAND: GET /session/c8a541b4b4c3a19e1c9b1ed3871b16eb/screenshot - {}
RESULT: {}
COMMAND: POST /session/c8a541b4b4c3a19e1c9b1ed3871b16eb/execute/async - {"script":"<script> [1562 bytes]","args":[{"selector":{"id":"application-managesites-display-component---NewSite--addressEditDetailsCostObjectCstType-arrow"},"wdio_ui5_key":"applicationmanagesites-display-component---NewSite--addressEditDetailsCostObjectCstType-arrow"}]}
RESULT: {"script":"<script> [1562 bytes]","args":[{"selector":{"id":"application-managesites-display-component---NewSite--addressEditDetailsCostObjectCstType-arrow"},"wdio_ui5_key":"applicationmanagesites-display-component---NewSite--addressEditDetailsCostObjectCstType-arrow"}]}
RESULT: undefined
COMMAND: POST /session/c8a541b4b4c3a19e1c9b1ed3871b16eb/element - {"using":"xpath","value":"//*[@id=\"application-managesites-display-component---NewSite--addressEditDetailsCostObjectCstType-arrow\"]"}
RESULT: {"using":"xpath","value":"//*[@id=\"application-managesites-display-component---NewSite--addressEditDetailsCostObjectCstType-arrow\"]"}
COMMAND: POST /session/c8a541b4b4c3a19e1c9b1ed3871b16eb/element/f.AA8EB58E3CC8A06D4892695265F737EE.d.85576C9AE055F69E64D17BFD1C1B78AC.e.2215/click - {}
RESULT: {}
COMMAND: POST /session/c8a541b4b4c3a19e1c9b1ed3871b16eb/element - {"using":"xpath","value":"//span[contains(text(), \"Cost Center\")]"}
COMMAND: GET /session/c8a541b4b4c3a19e1c9b1ed3871b16eb/screenshot - {}
RESULT: {"using":"xpath","value":"//span[contains(text(), \"Cost Center\")]"}
COMMAND: POST /session/c8a541b4b4c3a19e1c9b1ed3871b16eb/element/f.AA8EB58E3CC8A06D4892695265F737EE.d.85576C9AE055F69E64D17BFD1C1B78AC.e.2216/click - {}
RESULT: {}
RESULT: {}
COMMAND: GET /session/c8a541b4b4c3a19e1c9b1ed3871b16eb/screenshot - {}
RESULT: {}
COMMAND: POST /session/c8a541b4b4c3a19e1c9b1ed3871b16eb/element - {"using":"xpath","value":"//span[@id=\"application-managesites-display-component---NewSite--addressNewCostObjectCstID-vhi\"]"}
RESULT: {"using":"xpath","value":"//span[@id=\"application-managesites-display-component---NewSite--addressNewCostObjectCstID-vhi\"]"}
COMMAND: POST /session/c8a541b4b4c3a19e1c9b1ed3871b16eb/execute/sync - {"script":"<script> [8489 bytes]","args":[{"element-6066-11e4-a52e-4f735466cecf":"f.AA8EB58E3CC8A06D4892695265F737EE.d.85576C9AE055F69E64D17BFD1C1B78AC.e.2221","ELEMENT":"f.AA8EB58E3CC8A06D4892695265F737EE.d.85576C9AE055F69E64D17BFD1C1B78AC.e.2221"}]}
RESULT: {"script":"<script> [8489 bytes]","args":[{"element-6066-11e4-a52e-4f735466cecf":"f.AA8EB58E3CC8A06D4892695265F737EE.d.85576C9AE055F69E64D17BFD1C1B78AC.e.2221","ELEMENT":"f.AA8EB58E3CC8A06D4892695265F737EE.d.85576C9AE055F69E64D17BFD1C1B78AC.e.2221"}]}
COMMAND: POST /session/c8a541b4b4c3a19e1c9b1ed3871b16eb/execute/async - {"script":"<script> [1562 bytes]","args":[{"selector":{"id":"application-managesites-display-component---NewSite--addressNewCostObjectCstID-vhi"},"wdio_ui5_key":"applicationmanagesites-display-component---NewSite--addressNewCostObjectCstID-vhi"}]}
COMMAND: GET /session/c8a541b4b4c3a19e1c9b1ed3871b16eb/screenshot - {}
RESULT: {"script":"<script> [1562 bytes]","args":[{"selector":{"id":"application-managesites-display-component---NewSite--addressNewCostObjectCstID-vhi"},"wdio_ui5_key":"applicationmanagesites-display-component---NewSite--addressNewCostObjectCstID-vhi"}]}
RESULT: undefined
COMMAND: POST /session/c8a541b4b4c3a19e1c9b1ed3871b16eb/element - {"using":"xpath","value":"//*[@id=\"application-managesites-display-component---NewSite--addressNewCostObjectCstID-vhi\"]"}
RESULT: {}
RESULT: {"using":"xpath","value":"//*[@id=\"application-managesites-display-component---NewSite--addressNewCostObjectCstID-vhi\"]"}
COMMAND: POST /session/c8a541b4b4c3a19e1c9b1ed3871b16eb/element/f.AA8EB58E3CC8A06D4892695265F737EE.d.85576C9AE055F69E64D17BFD1C1B78AC.e.2221/click - {}
RESULT: {}
COMMAND: GET /session/c8a541b4b4c3a19e1c9b1ed3871b16eb/screenshot - {}
RESULT: {}
RESULT: undefined
COMMAND: POST /session/c8a541b4b4c3a19e1c9b1ed3871b16eb/execute/async - {"script":"<script> [776 bytes]","args":[{"enterText":"10001013","selector":{"controlType":"sap.m.SearchField","properties":{"placeholder":"Search"},"searchOpenDialogs":true,"interaction":{"idSuffix":"I"}},"clearTextFirst":true,"interactionType":"ENTER_TEXT"}]}
RESULT: {"script":"<script> [776 bytes]","args":[{"enterText":"10001013","selector":{"controlType":"sap.m.SearchField","properties":{"placeholder":"Search"},"searchOpenDialogs":true,"interaction":{"idSuffix":"I"}},"clearTextFirst":true,"interactionType":"ENTER_TEXT"}]}
COMMAND: POST /session/c8a541b4b4c3a19e1c9b1ed3871b16eb/actions - {"actions":[{"id":"action6","type":"key","parameters":{},"actions":[{"type":"keyDown","value":"î€‡"},{"type":"pause","duration":10},{"type":"keyUp","value":"î€‡"}]}]}
RESULT: {"actions":[{"id":"action6","type":"key","parameters":{},"actions":[{"type":"keyDown","value":"î€‡"},{"type":"pause","duration":10},{"type":"keyUp","value":"î€‡"}]}]}
COMMAND: GET /session/c8a541b4b4c3a19e1c9b1ed3871b16eb/screenshot - {}
RESULT: {}
COMMAND: POST /session/c8a541b4b4c3a19e1c9b1ed3871b16eb/element - {"using":"xpath","value":"//span[contains(text(), \"General Management\")]"}
RESULT: {"using":"xpath","value":"//span[contains(text(), \"General Management\")]"}
COMMAND: POST /session/c8a541b4b4c3a19e1c9b1ed3871b16eb/element/f.AA8EB58E3CC8A06D4892695265F737EE.d.85576C9AE055F69E64D17BFD1C1B78AC.e.2260/click - {}
RESULT: {}
COMMAND: GET /session/c8a541b4b4c3a19e1c9b1ed3871b16eb/screenshot - {}
RESULT: {}
COMMAND: POST /session/c8a541b4b4c3a19e1c9b1ed3871b16eb/element - {"using":"xpath","value":"//bdi[contains(text(), \"OK\")]"}
RESULT: {"using":"xpath","value":"//bdi[contains(text(), \"OK\")]"}
COMMAND: POST /session/c8a541b4b4c3a19e1c9b1ed3871b16eb/element/f.AA8EB58E3CC8A06D4892695265F737EE.d.85576C9AE055F69E64D17BFD1C1B78AC.e.2261/click - {}
RESULT: {}
COMMAND: GET /session/c8a541b4b4c3a19e1c9b1ed3871b16eb/screenshot - {}
RESULT: {}
COMMAND: POST /session/c8a541b4b4c3a19e1c9b1ed3871b16eb/element - {"using":"xpath","value":"//input[@id=\"application-managesites-display-component---NewSite--addressDetailDetailsCalendar-inner\"]"}
RESULT: {"using":"xpath","value":"//input[@id=\"application-managesites-display-component---NewSite--addressDetailDetailsCalendar-inner\"]"}
COMMAND: POST /session/c8a541b4b4c3a19e1c9b1ed3871b16eb/element/f.AA8EB58E3CC8A06D4892695265F737EE.d.85576C9AE055F69E64D17BFD1C1B78AC.e.1993/clear - {}
RESULT: {}
COMMAND: POST /session/c8a541b4b4c3a19e1c9b1ed3871b16eb/element/f.AA8EB58E3CC8A06D4892695265F737EE.d.85576C9AE055F69E64D17BFD1C1B78AC.e.1993/value - {"text":"Unit"}
COMMAND: GET /session/c8a541b4b4c3a19e1c9b1ed3871b16eb/screenshot - {}
RESULT: {"text":"Unit"}
COMMAND: GET /session/c8a541b4b4c3a19e1c9b1ed3871b16eb/screenshot - {}
RESULT: {}
RESULT: {}
COMMAND: POST /session/c8a541b4b4c3a19e1c9b1ed3871b16eb/actions - {"actions":[{"id":"action7","type":"key","parameters":{},"actions":[{"type":"keyDown","value":"î€‡"},{"type":"pause","duration":10},{"type":"keyUp","value":"î€‡"}]}]}
RESULT: {"actions":[{"id":"action7","type":"key","parameters":{},"actions":[{"type":"keyDown","value":"î€‡"},{"type":"pause","duration":10},{"type":"keyUp","value":"î€‡"}]}]}
COMMAND: POST /session/c8a541b4b4c3a19e1c9b1ed3871b16eb/element - {"using":"xpath","value":"//input[@id=\"application-managesites-display-component---NewSite--addressDetailDetailsYard-inner\"]"}
COMMAND: GET /session/c8a541b4b4c3a19e1c9b1ed3871b16eb/screenshot - {}
RESULT: {"using":"xpath","value":"//input[@id=\"application-managesites-display-component---NewSite--addressDetailDetailsYard-inner\"]"}
COMMAND: POST /session/c8a541b4b4c3a19e1c9b1ed3871b16eb/element/f.AA8EB58E3CC8A06D4892695265F737EE.d.85576C9AE055F69E64D17BFD1C1B78AC.e.1994/clear - {}
RESULT: {}
RESULT: {}
COMMAND: POST /session/c8a541b4b4c3a19e1c9b1ed3871b16eb/element/f.AA8EB58E3CC8A06D4892695265F737EE.d.85576C9AE055F69E64D17BFD1C1B78AC.e.1994/value - {"text":"606"}
COMMAND: GET /session/c8a541b4b4c3a19e1c9b1ed3871b16eb/screenshot - {}
RESULT: {"text":"606"}
COMMAND: GET /session/c8a541b4b4c3a19e1c9b1ed3871b16eb/screenshot - {}
RESULT: {}
RESULT: {}
COMMAND: POST /session/c8a541b4b4c3a19e1c9b1ed3871b16eb/element - {"using":"xpath","value":"//li[.//span[text()='606']]"}
RESULT: {"using":"xpath","value":"//li[.//span[text()='606']]"}
COMMAND: POST /session/c8a541b4b4c3a19e1c9b1ed3871b16eb/element/f.AA8EB58E3CC8A06D4892695265F737EE.d.85576C9AE055F69E64D17BFD1C1B78AC.e.2269/click - {}
RESULT: {}
COMMAND: GET /session/c8a541b4b4c3a19e1c9b1ed3871b16eb/screenshot - {}
RESULT: {}
COMMAND: POST /session/c8a541b4b4c3a19e1c9b1ed3871b16eb/element - {"using":"xpath","value":"//input[@id=\"application-managesites-display-component---NewSite--addressDetailDetailsPartner-inner\"]"}
RESULT: {"using":"xpath","value":"//input[@id=\"application-managesites-display-component---NewSite--addressDetailDetailsPartner-inner\"]"}
COMMAND: POST /session/c8a541b4b4c3a19e1c9b1ed3871b16eb/element - {"using":"xpath","value":"//input[@id=\"application-managesites-display-component---NewSite--addressDetailDetailsPartner-inner\"]"}
RESULT: {"using":"xpath","value":"//input[@id=\"application-managesites-display-component---NewSite--addressDetailDetailsPartner-inner\"]"}
COMMAND: POST /session/c8a541b4b4c3a19e1c9b1ed3871b16eb/element - {"using":"xpath","value":"//button[@data-kt=\"saveButton\"]"}
RESULT: {"using":"xpath","value":"//button[@data-kt=\"saveButton\"]"}
COMMAND: POST /session/c8a541b4b4c3a19e1c9b1ed3871b16eb/element/f.AA8EB58E3CC8A06D4892695265F737EE.d.85576C9AE055F69E64D17BFD1C1B78AC.e.2137/click - {}
RESULT: {}
COMMAND: GET /session/c8a541b4b4c3a19e1c9b1ed3871b16eb/screenshot - {}
RESULT: {}
COMMAND: POST /session/c8a541b4b4c3a19e1c9b1ed3871b16eb/element - {"using":"xpath","value":"//header[contains(@id, 'ObjectPageLayout-headerTitle')]/div[1]/div[2]/div[2]/span[1]"}
RESULT: {"using":"xpath","value":"//header[contains(@id, 'ObjectPageLayout-headerTitle')]/div[1]/div[2]/div[2]/span[1]"}
COMMAND: POST /session/c8a541b4b4c3a19e1c9b1ed3871b16eb/elements - {"using":"xpath","value":"//header[contains(@id, 'ObjectPageLayout-headerTitle')]/div[1]/div[2]/div[2]/span[1]"}
RESULT: {"using":"xpath","value":"//header[contains(@id, 'ObjectPageLayout-headerTitle')]/div[1]/div[2]/div[2]/span[1]"}
COMMAND: POST /session/c8a541b4b4c3a19e1c9b1ed3871b16eb/execute/sync - {"script":"<script> [56 bytes]","args":[{"element-6066-11e4-a52e-4f735466cecf":"f.AA8EB58E3CC8A06D4892695265F737EE.d.85576C9AE055F69E64D17BFD1C1B78AC.e.2472","ELEMENT":"f.AA8EB58E3CC8A06D4892695265F737EE.d.85576C9AE055F69E64D17BFD1C1B78AC.e.2472"}]}
RESULT: {"script":"<script> [56 bytes]","args":[{"element-6066-11e4-a52e-4f735466cecf":"f.AA8EB58E3CC8A06D4892695265F737EE.d.85576C9AE055F69E64D17BFD1C1B78AC.e.2472","ELEMENT":"f.AA8EB58E3CC8A06D4892695265F737EE.d.85576C9AE055F69E64D17BFD1C1B78AC.e.2472"}]}
COMMAND: POST /session/c8a541b4b4c3a19e1c9b1ed3871b16eb/element - {"using":"css selector","value":"#shell-header-logo"}
COMMAND: GET /session/c8a541b4b4c3a19e1c9b1ed3871b16eb/screenshot - {}
RESULT: {"using":"css selector","value":"#shell-header-logo"}
COMMAND: POST /session/c8a541b4b4c3a19e1c9b1ed3871b16eb/element/f.AA8EB58E3CC8A06D4892695265F737EE.d.85576C9AE055F69E64D17BFD1C1B78AC.e.1783/click - {}
RESULT: {}
RESULT: {}
COMMAND: GET /session/c8a541b4b4c3a19e1c9b1ed3871b16eb/screenshot - {}
RESULT: {}
COMMAND: POST /session/c8a541b4b4c3a19e1c9b1ed3871b16eb/execute/sync - {"script":"<script> [299 bytes]","args":[["getModel","getResource"]]}
RESULT: {"script":"<script> [299 bytes]","args":[["getModel","getResource"]]}
COMMAND: GET /session/c8a541b4b4c3a19e1c9b1ed3871b16eb/screenshot - {}
]]></system-out>
    </testcase>
    <testcase classname="chrome.136_0_7103_93.windows.Tests_for_Mass_State_Change_on_Manage_States_&amp;_Performances_US104416_US" name="Prereq Should create a new equipment multipart" time="134.866">
      <system-out><![CDATA[
COMMAND: POST /session/c8a541b4b4c3a19e1c9b1ed3871b16eb/execute/async - {"script":"<script> [1562 bytes]","args":[{"selector":{"controlType":"sap.m.GenericTile","properties":{"header":"Manage Resources"}},"wdio_ui5_key":"sapm.GenericTile{\"header\":\"Manage Resources\"}"}]}
RESULT: {}
RESULT: {"script":"<script> [1562 bytes]","args":[{"selector":{"controlType":"sap.m.GenericTile","properties":{"header":"Manage Resources"}},"wdio_ui5_key":"sapm.GenericTile{\"header\":\"Manage Resources\"}"}]}
RESULT: undefined
COMMAND: POST /session/c8a541b4b4c3a19e1c9b1ed3871b16eb/element - {"using":"xpath","value":"//*[@id=\"__tile39\"]"}
RESULT: {"using":"xpath","value":"//*[@id=\"__tile39\"]"}
COMMAND: POST /session/c8a541b4b4c3a19e1c9b1ed3871b16eb/element/f.AA8EB58E3CC8A06D4892695265F737EE.d.85576C9AE055F69E64D17BFD1C1B78AC.e.151/click - {}
RESULT: {}
COMMAND: GET /session/c8a541b4b4c3a19e1c9b1ed3871b16eb/screenshot - {}
RESULT: {}
COMMAND: POST /session/c8a541b4b4c3a19e1c9b1ed3871b16eb/elements - {"using":"xpath","value":"//span[text()='Error']"}
RESULT: {"using":"xpath","value":"//span[text()='Error']"}
COMMAND: POST /session/c8a541b4b4c3a19e1c9b1ed3871b16eb/element - {"using":"xpath","value":"//button[@data-kt=\"addNewRUOverflowToolbarButton\"]"}
RESULT: {"using":"xpath","value":"//button[@data-kt=\"addNewRUOverflowToolbarButton\"]"}
COMMAND: POST /session/c8a541b4b4c3a19e1c9b1ed3871b16eb/elements - {"using":"xpath","value":"//button[@data-kt=\"addNewRUOverflowToolbarButton\"]"}
RESULT: {"using":"xpath","value":"//button[@data-kt=\"addNewRUOverflowToolbarButton\"]"}
COMMAND: POST /session/c8a541b4b4c3a19e1c9b1ed3871b16eb/elements - {"using":"xpath","value":"//button[@data-kt=\"addNewRUOverflowToolbarButton\"]"}
RESULT: {"using":"xpath","value":"//button[@data-kt=\"addNewRUOverflowToolbarButton\"]"}
COMMAND: POST /session/c8a541b4b4c3a19e1c9b1ed3871b16eb/element - {"using":"xpath","value":"//button[@data-kt=\"addNewRUOverflowToolbarButton\"]"}
RESULT: {"using":"xpath","value":"//button[@data-kt=\"addNewRUOverflowToolbarButton\"]"}
COMMAND: POST /session/c8a541b4b4c3a19e1c9b1ed3871b16eb/execute/sync - {"script":"<script> [8489 bytes]","args":[{"element-6066-11e4-a52e-4f735466cecf":"f.AA8EB58E3CC8A06D4892695265F737EE.d.85576C9AE055F69E64D17BFD1C1B78AC.e.2505","ELEMENT":"f.AA8EB58E3CC8A06D4892695265F737EE.d.85576C9AE055F69E64D17BFD1C1B78AC.e.2505"}]}
RESULT: {"script":"<script> [8489 bytes]","args":[{"element-6066-11e4-a52e-4f735466cecf":"f.AA8EB58E3CC8A06D4892695265F737EE.d.85576C9AE055F69E64D17BFD1C1B78AC.e.2505","ELEMENT":"f.AA8EB58E3CC8A06D4892695265F737EE.d.85576C9AE055F69E64D17BFD1C1B78AC.e.2505"}]}
COMMAND: GET /session/c8a541b4b4c3a19e1c9b1ed3871b16eb/element/f.AA8EB58E3CC8A06D4892695265F737EE.d.85576C9AE055F69E64D17BFD1C1B78AC.e.2505/enabled - {}
COMMAND: GET /session/c8a541b4b4c3a19e1c9b1ed3871b16eb/screenshot - {}
RESULT: {}
COMMAND: POST /session/c8a541b4b4c3a19e1c9b1ed3871b16eb/execute/sync - {"script":"<script> [8489 bytes]","args":[{"element-6066-11e4-a52e-4f735466cecf":"f.AA8EB58E3CC8A06D4892695265F737EE.d.85576C9AE055F69E64D17BFD1C1B78AC.e.2505","ELEMENT":"f.AA8EB58E3CC8A06D4892695265F737EE.d.85576C9AE055F69E64D17BFD1C1B78AC.e.2505"}]}
COMMAND: GET /session/c8a541b4b4c3a19e1c9b1ed3871b16eb/screenshot - {}
RESULT: {}
RESULT: {"script":"<script> [8489 bytes]","args":[{"element-6066-11e4-a52e-4f735466cecf":"f.AA8EB58E3CC8A06D4892695265F737EE.d.85576C9AE055F69E64D17BFD1C1B78AC.e.2505","ELEMENT":"f.AA8EB58E3CC8A06D4892695265F737EE.d.85576C9AE055F69E64D17BFD1C1B78AC.e.2505"}]}
COMMAND: POST /session/c8a541b4b4c3a19e1c9b1ed3871b16eb/execute/sync - {"script":"<script> [5351 bytes]","args":[{"element-6066-11e4-a52e-4f735466cecf":"f.AA8EB58E3CC8A06D4892695265F737EE.d.85576C9AE055F69E64D17BFD1C1B78AC.e.2505","ELEMENT":"f.AA8EB58E3CC8A06D4892695265F737EE.d.85576C9AE055F69E64D17BFD1C1B78AC.e.2505"}]}
COMMAND: GET /session/c8a541b4b4c3a19e1c9b1ed3871b16eb/screenshot - {}
RESULT: {}
RESULT: {"script":"<script> [5351 bytes]","args":[{"element-6066-11e4-a52e-4f735466cecf":"f.AA8EB58E3CC8A06D4892695265F737EE.d.85576C9AE055F69E64D17BFD1C1B78AC.e.2505","ELEMENT":"f.AA8EB58E3CC8A06D4892695265F737EE.d.85576C9AE055F69E64D17BFD1C1B78AC.e.2505"}]}
COMMAND: POST /session/c8a541b4b4c3a19e1c9b1ed3871b16eb/element/f.AA8EB58E3CC8A06D4892695265F737EE.d.85576C9AE055F69E64D17BFD1C1B78AC.e.2505/click - {}
COMMAND: GET /session/c8a541b4b4c3a19e1c9b1ed3871b16eb/screenshot - {}
RESULT: {}
RESULT: {}
COMMAND: GET /session/c8a541b4b4c3a19e1c9b1ed3871b16eb/screenshot - {}
COMMAND: POST /session/c8a541b4b4c3a19e1c9b1ed3871b16eb/execute/async - {"script":"<script> [1562 bytes]","args":[{"selector":{"id":"application-manageresources-display-component---newResourceUnit--TYPE-arrow"},"wdio_ui5_key":"applicationmanageresources-display-component---newResourceUnit--TYPE-arrow"}]}
RESULT: {}
RESULT: {}
RESULT: {"script":"<script> [1562 bytes]","args":[{"selector":{"id":"application-manageresources-display-component---newResourceUnit--TYPE-arrow"},"wdio_ui5_key":"applicationmanageresources-display-component---newResourceUnit--TYPE-arrow"}]}
RESULT: undefined
COMMAND: POST /session/c8a541b4b4c3a19e1c9b1ed3871b16eb/element - {"using":"xpath","value":"//*[@id=\"application-manageresources-display-component---newResourceUnit--TYPE-arrow\"]"}
RESULT: {"using":"xpath","value":"//*[@id=\"application-manageresources-display-component---newResourceUnit--TYPE-arrow\"]"}
COMMAND: POST /session/c8a541b4b4c3a19e1c9b1ed3871b16eb/element/f.AA8EB58E3CC8A06D4892695265F737EE.d.85576C9AE055F69E64D17BFD1C1B78AC.e.2865/click - {}
RESULT: {}
COMMAND: POST /session/c8a541b4b4c3a19e1c9b1ed3871b16eb/element - {"using":"xpath","value":"//input[@id=\"application-manageresources-display-component---newResourceUnit--TYPE-inner\"]"}
COMMAND: GET /session/c8a541b4b4c3a19e1c9b1ed3871b16eb/screenshot - {}
RESULT: {"using":"xpath","value":"//input[@id=\"application-manageresources-display-component---newResourceUnit--TYPE-inner\"]"}
COMMAND: POST /session/c8a541b4b4c3a19e1c9b1ed3871b16eb/element/f.AA8EB58E3CC8A06D4892695265F737EE.d.85576C9AE055F69E64D17BFD1C1B78AC.e.2860/clear - {}
RESULT: {}
RESULT: {}
COMMAND: POST /session/c8a541b4b4c3a19e1c9b1ed3871b16eb/element/f.AA8EB58E3CC8A06D4892695265F737EE.d.85576C9AE055F69E64D17BFD1C1B78AC.e.2860/value - {"text":"Equi Multipart"}
COMMAND: GET /session/c8a541b4b4c3a19e1c9b1ed3871b16eb/screenshot - {}
RESULT: {"text":"Equi Multipart"}
COMMAND: GET /session/c8a541b4b4c3a19e1c9b1ed3871b16eb/screenshot - {}
RESULT: {}
RESULT: {}
COMMAND: POST /session/c8a541b4b4c3a19e1c9b1ed3871b16eb/actions - {"actions":[{"id":"action8","type":"key","parameters":{},"actions":[{"type":"keyDown","value":"î€‡"},{"type":"pause","duration":10},{"type":"keyUp","value":"î€‡"}]}]}
RESULT: {"actions":[{"id":"action8","type":"key","parameters":{},"actions":[{"type":"keyDown","value":"î€‡"},{"type":"pause","duration":10},{"type":"keyUp","value":"î€‡"}]}]}
COMMAND: POST /session/c8a541b4b4c3a19e1c9b1ed3871b16eb/execute/async - {"script":"<script> [1562 bytes]","args":[{"selector":{"id":"application-manageresources-display-component---newResourceUnit--SHORT_TEXT","interaction":{"idSuffix":"inner"}},"wdio_ui5_key":"applicationmanageresources-display-component---newResourceUnit--SHORT_TEXT"}]}
COMMAND: GET /session/c8a541b4b4c3a19e1c9b1ed3871b16eb/screenshot - {}
RESULT: {"script":"<script> [1562 bytes]","args":[{"selector":{"id":"application-manageresources-display-component---newResourceUnit--SHORT_TEXT","interaction":{"idSuffix":"inner"}},"wdio_ui5_key":"applicationmanageresources-display-component---newResourceUnit--SHORT_TEXT"}]}
RESULT: undefined
COMMAND: POST /session/c8a541b4b4c3a19e1c9b1ed3871b16eb/execute/async - {"script":"<script> [776 bytes]","args":[{"enterText":"Equipment Multipart WDIO","selector":{"id":"application-manageresources-display-component---newResourceUnit--SHORT_TEXT","interaction":{"idSuffix":"inner"}},"clearTextFirst":true,"interactionType":"ENTER_TEXT"}]}
RESULT: {}
RESULT: {"script":"<script> [776 bytes]","args":[{"enterText":"Equipment Multipart WDIO","selector":{"id":"application-manageresources-display-component---newResourceUnit--SHORT_TEXT","interaction":{"idSuffix":"inner"}},"clearTextFirst":true,"interactionType":"ENTER_TEXT"}]}
COMMAND: POST /session/c8a541b4b4c3a19e1c9b1ed3871b16eb/execute/async - {"script":"<script> [1562 bytes]","args":[{"selector":{"id":"application-manageresources-display-component---newResourceUnit--BASE_UNIT_OF_MEASURE","interaction":{"idSuffix":"inner"}},"wdio_ui5_key":"applicationmanageresources-display-component---newResourceUnit--BASE_UNIT_OF_MEASURE"}]}
RESULT: {"script":"<script> [1562 bytes]","args":[{"selector":{"id":"application-manageresources-display-component---newResourceUnit--BASE_UNIT_OF_MEASURE","interaction":{"idSuffix":"inner"}},"wdio_ui5_key":"applicationmanageresources-display-component---newResourceUnit--BASE_UNIT_OF_MEASURE"}]}
RESULT: undefined
COMMAND: POST /session/c8a541b4b4c3a19e1c9b1ed3871b16eb/execute/async - {"script":"<script> [776 bytes]","args":[{"enterText":"Piece","selector":{"id":"application-manageresources-display-component---newResourceUnit--BASE_UNIT_OF_MEASURE","interaction":{"idSuffix":"inner"}},"clearTextFirst":true,"interactionType":"ENTER_TEXT"}]}
RESULT: {"script":"<script> [776 bytes]","args":[{"enterText":"Piece","selector":{"id":"application-manageresources-display-component---newResourceUnit--BASE_UNIT_OF_MEASURE","interaction":{"idSuffix":"inner"}},"clearTextFirst":true,"interactionType":"ENTER_TEXT"}]}
COMMAND: POST /session/c8a541b4b4c3a19e1c9b1ed3871b16eb/execute/async - {"script":"<script> [1562 bytes]","args":[{"selector":{"id":"application-manageresources-display-component---newResourceUnit--WEIGHT_UNIT","interaction":{"idSuffix":"inner"}},"wdio_ui5_key":"applicationmanageresources-display-component---newResourceUnit--WEIGHT_UNIT"}]}
RESULT: {"script":"<script> [1562 bytes]","args":[{"selector":{"id":"application-manageresources-display-component---newResourceUnit--WEIGHT_UNIT","interaction":{"idSuffix":"inner"}},"wdio_ui5_key":"applicationmanageresources-display-component---newResourceUnit--WEIGHT_UNIT"}]}
RESULT: undefined
COMMAND: POST /session/c8a541b4b4c3a19e1c9b1ed3871b16eb/execute/async - {"script":"<script> [776 bytes]","args":[{"enterText":"Gram","selector":{"id":"application-manageresources-display-component---newResourceUnit--WEIGHT_UNIT","interaction":{"idSuffix":"inner"}},"clearTextFirst":true,"interactionType":"ENTER_TEXT"}]}
RESULT: {"script":"<script> [776 bytes]","args":[{"enterText":"Gram","selector":{"id":"application-manageresources-display-component---newResourceUnit--WEIGHT_UNIT","interaction":{"idSuffix":"inner"}},"clearTextFirst":true,"interactionType":"ENTER_TEXT"}]}
COMMAND: POST /session/c8a541b4b4c3a19e1c9b1ed3871b16eb/execute/async - {"script":"<script> [1562 bytes]","args":[{"selector":{"id":"application-manageresources-display-component---newResourceUnit--DIMENSION_UNIT","interaction":{"idSuffix":"inner"}},"wdio_ui5_key":"applicationmanageresources-display-component---newResourceUnit--DIMENSION_UNIT"}]}
RESULT: {"script":"<script> [1562 bytes]","args":[{"selector":{"id":"application-manageresources-display-component---newResourceUnit--DIMENSION_UNIT","interaction":{"idSuffix":"inner"}},"wdio_ui5_key":"applicationmanageresources-display-component---newResourceUnit--DIMENSION_UNIT"}]}
RESULT: undefined
COMMAND: POST /session/c8a541b4b4c3a19e1c9b1ed3871b16eb/execute/async - {"script":"<script> [776 bytes]","args":[{"enterText":"Meter","selector":{"id":"application-manageresources-display-component---newResourceUnit--DIMENSION_UNIT","interaction":{"idSuffix":"inner"}},"clearTextFirst":true,"interactionType":"ENTER_TEXT"}]}
RESULT: {"script":"<script> [776 bytes]","args":[{"enterText":"Meter","selector":{"id":"application-manageresources-display-component---newResourceUnit--DIMENSION_UNIT","interaction":{"idSuffix":"inner"}},"clearTextFirst":true,"interactionType":"ENTER_TEXT"}]}
COMMAND: POST /session/c8a541b4b4c3a19e1c9b1ed3871b16eb/execute/async - {"script":"<script> [1562 bytes]","args":[{"selector":{"id":"application-manageresources-display-component---newResourceUnit--newRRUPage-anchBar-application-manageresources-display-component---newResourceUnit--control-anchor","interaction":{"idSuffix":"BDI-content"}},"wdio_ui5_key":"applicationmanageresources-display-component---newResourceUnit--newRRUPage-anchBar-application-manageresources-display-component---newResourceUnit--control-anchor"}]}
RESULT: {"script":"<script> [1562 bytes]","args":[{"selector":{"id":"application-manageresources-display-component---newResourceUnit--newRRUPage-anchBar-application-manageresources-display-component---newResourceUnit--control-anchor","interaction":{"idSuffix":"BDI-content"}},"wdio_ui5_key":"applicationmanageresources-display-component---newResourceUnit--newRRUPage-anchBar-application-manageresources-display-component---newResourceUnit--control-anchor"}]}
RESULT: undefined
COMMAND: POST /session/c8a541b4b4c3a19e1c9b1ed3871b16eb/element - {"using":"xpath","value":"//*[@id=\"application-manageresources-display-component---newResourceUnit--newRRUPage-anchBar-application-manageresources-display-component---newResourceUnit--control-anchor\"]"}
RESULT: {"using":"xpath","value":"//*[@id=\"application-manageresources-display-component---newResourceUnit--newRRUPage-anchBar-application-manageresources-display-component---newResourceUnit--control-anchor\"]"}
COMMAND: POST /session/c8a541b4b4c3a19e1c9b1ed3871b16eb/element/f.AA8EB58E3CC8A06D4892695265F737EE.d.85576C9AE055F69E64D17BFD1C1B78AC.e.2998/click - {}
RESULT: {}
COMMAND: POST /session/c8a541b4b4c3a19e1c9b1ed3871b16eb/execute/async - {"script":"<script> [1562 bytes]","args":[{"selector":{"id":"application-manageresources-display-component---newResourceUnit--PLANNING_GROUP","interaction":{"idSuffix":"inner"}},"wdio_ui5_key":"applicationmanageresources-display-component---newResourceUnit--PLANNING_GROUP"}]}
COMMAND: GET /session/c8a541b4b4c3a19e1c9b1ed3871b16eb/screenshot - {}
RESULT: {"script":"<script> [1562 bytes]","args":[{"selector":{"id":"application-manageresources-display-component---newResourceUnit--PLANNING_GROUP","interaction":{"idSuffix":"inner"}},"wdio_ui5_key":"applicationmanageresources-display-component---newResourceUnit--PLANNING_GROUP"}]}
RESULT: undefined
COMMAND: POST /session/c8a541b4b4c3a19e1c9b1ed3871b16eb/execute/async - {"script":"<script> [776 bytes]","args":[{"enterText":"Heavy Equi","selector":{"id":"application-manageresources-display-component---newResourceUnit--PLANNING_GROUP","interaction":{"idSuffix":"inner"}},"clearTextFirst":true,"interactionType":"ENTER_TEXT"}]}
RESULT: {}
RESULT: {"script":"<script> [776 bytes]","args":[{"enterText":"Heavy Equi","selector":{"id":"application-manageresources-display-component---newResourceUnit--PLANNING_GROUP","interaction":{"idSuffix":"inner"}},"clearTextFirst":true,"interactionType":"ENTER_TEXT"}]}
COMMAND: POST /session/c8a541b4b4c3a19e1c9b1ed3871b16eb/execute/async - {"script":"<script> [1562 bytes]","args":[{"selector":{"id":"application-manageresources-display-component---newResourceUnit--PLANNING_INDICATOR","interaction":{"idSuffix":"inner"}},"wdio_ui5_key":"applicationmanageresources-display-component---newResourceUnit--PLANNING_INDICATOR"}]}
RESULT: {"script":"<script> [1562 bytes]","args":[{"selector":{"id":"application-manageresources-display-component---newResourceUnit--PLANNING_INDICATOR","interaction":{"idSuffix":"inner"}},"wdio_ui5_key":"applicationmanageresources-display-component---newResourceUnit--PLANNING_INDICATOR"}]}
RESULT: undefined
COMMAND: POST /session/c8a541b4b4c3a19e1c9b1ed3871b16eb/execute/async - {"script":"<script> [776 bytes]","args":[{"enterText":"10 - infinite","selector":{"id":"application-manageresources-display-component---newResourceUnit--PLANNING_INDICATOR","interaction":{"idSuffix":"inner"}},"clearTextFirst":true,"interactionType":"ENTER_TEXT"}]}
RESULT: {"script":"<script> [776 bytes]","args":[{"enterText":"10 - infinite","selector":{"id":"application-manageresources-display-component---newResourceUnit--PLANNING_INDICATOR","interaction":{"idSuffix":"inner"}},"clearTextFirst":true,"interactionType":"ENTER_TEXT"}]}
COMMAND: POST /session/c8a541b4b4c3a19e1c9b1ed3871b16eb/execute/async - {"script":"<script> [1562 bytes]","args":[{"selector":{"id":"application-manageresources-display-component---newResourceUnit--ITEM_TYPE-arrow"},"wdio_ui5_key":"applicationmanageresources-display-component---newResourceUnit--ITEM_TYPE-arrow"}]}
RESULT: {"script":"<script> [1562 bytes]","args":[{"selector":{"id":"application-manageresources-display-component---newResourceUnit--ITEM_TYPE-arrow"},"wdio_ui5_key":"applicationmanageresources-display-component---newResourceUnit--ITEM_TYPE-arrow"}]}
RESULT: undefined
COMMAND: POST /session/c8a541b4b4c3a19e1c9b1ed3871b16eb/element - {"using":"xpath","value":"//*[@id=\"application-manageresources-display-component---newResourceUnit--ITEM_TYPE-arrow\"]"}
RESULT: {"using":"xpath","value":"//*[@id=\"application-manageresources-display-component---newResourceUnit--ITEM_TYPE-arrow\"]"}
COMMAND: POST /session/c8a541b4b4c3a19e1c9b1ed3871b16eb/element/f.AA8EB58E3CC8A06D4892695265F737EE.d.85576C9AE055F69E64D17BFD1C1B78AC.e.3008/click - {}
RESULT: {}
COMMAND: GET /session/c8a541b4b4c3a19e1c9b1ed3871b16eb/screenshot - {}
RESULT: {}
COMMAND: POST /session/c8a541b4b4c3a19e1c9b1ed3871b16eb/execute/async - {"script":"<script> [1562 bytes]","args":[{"selector":{"controlType":"sap.m.StandardListItem","viewName":"reusables.view.manageresources.NewResourceUnit","viewId":"application-manageresources-display-component---newResourceUnit","properties":{"title":"Pool Equipment"},"searchOpenDialogs":true,"interaction":{"idSuffix":"content"}},"wdio_ui5_key":"reusablesview.manageresources.NewResourceUnitsap.m.StandardListItem{\"title\":\"Pool Equipment\"}"}]}
RESULT: {"script":"<script> [1562 bytes]","args":[{"selector":{"controlType":"sap.m.StandardListItem","viewName":"reusables.view.manageresources.NewResourceUnit","viewId":"application-manageresources-display-component---newResourceUnit","properties":{"title":"Pool Equipment"},"searchOpenDialogs":true,"interaction":{"idSuffix":"content"}},"wdio_ui5_key":"reusablesview.manageresources.NewResourceUnitsap.m.StandardListItem{\"title\":\"Pool Equipment\"}"}]}
RESULT: undefined
COMMAND: POST /session/c8a541b4b4c3a19e1c9b1ed3871b16eb/element - {"using":"xpath","value":"//*[@id=\"__item1925\"]"}
RESULT: {"using":"xpath","value":"//*[@id=\"__item1925\"]"}
COMMAND: POST /session/c8a541b4b4c3a19e1c9b1ed3871b16eb/element/f.AA8EB58E3CC8A06D4892695265F737EE.d.85576C9AE055F69E64D17BFD1C1B78AC.e.3010/click - {}
RESULT: {}
COMMAND: GET /session/c8a541b4b4c3a19e1c9b1ed3871b16eb/screenshot - {}
RESULT: {}
COMMAND: POST /session/c8a541b4b4c3a19e1c9b1ed3871b16eb/element - {"using":"css selector","value":"#application-manageresources-display-component---newResourceUnit--btnAddTimeSegment"}
RESULT: {"using":"css selector","value":"#application-manageresources-display-component---newResourceUnit--btnAddTimeSegment"}
COMMAND: GET /session/c8a541b4b4c3a19e1c9b1ed3871b16eb/element/f.AA8EB58E3CC8A06D4892695265F737EE.d.85576C9AE055F69E64D17BFD1C1B78AC.e.3072/rect - {}
RESULT: {}
COMMAND: GET /session/c8a541b4b4c3a19e1c9b1ed3871b16eb/window/rect - {}
RESULT: {}
COMMAND: POST /session/c8a541b4b4c3a19e1c9b1ed3871b16eb/execute/sync - {"script":"<script> [92 bytes]","args":[]}
RESULT: {"script":"<script> [92 bytes]","args":[]}
COMMAND: POST /session/c8a541b4b4c3a19e1c9b1ed3871b16eb/actions - {"actions":[{"id":"action9","type":"wheel","parameters":{},"actions":[{"type":"scroll","x":-1888,"y":-32,"deltaX":0,"deltaY":0,"duration":0,"origin":{"element-6066-11e4-a52e-4f735466cecf":"f.AA8EB58E3CC8A06D4892695265F737EE.d.85576C9AE055F69E64D17BFD1C1B78AC.e.3072"}}]}]}
COMMAND: GET /session/c8a541b4b4c3a19e1c9b1ed3871b16eb/screenshot - {}
RESULT: {}
COMMAND: POST /session/c8a541b4b4c3a19e1c9b1ed3871b16eb/execute/sync - {"script":"<script> [79 bytes]","args":[{"element-6066-11e4-a52e-4f735466cecf":"f.AA8EB58E3CC8A06D4892695265F737EE.d.85576C9AE055F69E64D17BFD1C1B78AC.e.3072","ELEMENT":"f.AA8EB58E3CC8A06D4892695265F737EE.d.85576C9AE055F69E64D17BFD1C1B78AC.e.3072"},{"block":"start","inline":"nearest"}]}
RESULT: {"script":"<script> [79 bytes]","args":[{"element-6066-11e4-a52e-4f735466cecf":"f.AA8EB58E3CC8A06D4892695265F737EE.d.85576C9AE055F69E64D17BFD1C1B78AC.e.3072","ELEMENT":"f.AA8EB58E3CC8A06D4892695265F737EE.d.85576C9AE055F69E64D17BFD1C1B78AC.e.3072"},{"block":"start","inline":"nearest"}]}
COMMAND: POST /session/c8a541b4b4c3a19e1c9b1ed3871b16eb/execute/async - {"script":"<script> [1562 bytes]","args":[{"selector":{"id":"application-manageresources-display-component---newResourceUnit--btnAddTimeSegment","interaction":{"idSuffix":"inner"}},"wdio_ui5_key":"applicationmanageresources-display-component---newResourceUnit--btnAddTimeSegment"}]}
COMMAND: GET /session/c8a541b4b4c3a19e1c9b1ed3871b16eb/screenshot - {}
RESULT: {"script":"<script> [1562 bytes]","args":[{"selector":{"id":"application-manageresources-display-component---newResourceUnit--btnAddTimeSegment","interaction":{"idSuffix":"inner"}},"wdio_ui5_key":"applicationmanageresources-display-component---newResourceUnit--btnAddTimeSegment"}]}
RESULT: undefined
COMMAND: POST /session/c8a541b4b4c3a19e1c9b1ed3871b16eb/element - {"using":"xpath","value":"//*[@id=\"application-manageresources-display-component---newResourceUnit--btnAddTimeSegment\"]"}
RESULT: {}
RESULT: {"using":"xpath","value":"//*[@id=\"application-manageresources-display-component---newResourceUnit--btnAddTimeSegment\"]"}
COMMAND: POST /session/c8a541b4b4c3a19e1c9b1ed3871b16eb/element/f.AA8EB58E3CC8A06D4892695265F737EE.d.85576C9AE055F69E64D17BFD1C1B78AC.e.3072/click - {}
RESULT: {}
COMMAND: GET /session/c8a541b4b4c3a19e1c9b1ed3871b16eb/screenshot - {}
RESULT: {}
COMMAND: POST /session/c8a541b4b4c3a19e1c9b1ed3871b16eb/element - {"using":"xpath","value":"//input[@id=\"application-manageresources-display-component---newResourceUnit--idRuTSAdmin-application-manageresources-display-component---newResourceUnit--RUTimeSegment-0-inner\"]"}
RESULT: {"using":"xpath","value":"//input[@id=\"application-manageresources-display-component---newResourceUnit--idRuTSAdmin-application-manageresources-display-component---newResourceUnit--RUTimeSegment-0-inner\"]"}
COMMAND: POST /session/c8a541b4b4c3a19e1c9b1ed3871b16eb/element/f.AA8EB58E3CC8A06D4892695265F737EE.d.85576C9AE055F69E64D17BFD1C1B78AC.e.3078/clear - {}
RESULT: {}
COMMAND: POST /session/c8a541b4b4c3a19e1c9b1ed3871b16eb/element/f.AA8EB58E3CC8A06D4892695265F737EE.d.85576C9AE055F69E64D17BFD1C1B78AC.e.3078/value - {"text":"606"}
COMMAND: GET /session/c8a541b4b4c3a19e1c9b1ed3871b16eb/screenshot - {}
RESULT: {"text":"606"}
COMMAND: GET /session/c8a541b4b4c3a19e1c9b1ed3871b16eb/screenshot - {}
RESULT: {}
RESULT: {}
COMMAND: POST /session/c8a541b4b4c3a19e1c9b1ed3871b16eb/element - {"using":"xpath","value":"//li[.//span[text()='606']]"}
RESULT: {"using":"xpath","value":"//li[.//span[text()='606']]"}
COMMAND: POST /session/c8a541b4b4c3a19e1c9b1ed3871b16eb/element/f.AA8EB58E3CC8A06D4892695265F737EE.d.85576C9AE055F69E64D17BFD1C1B78AC.e.3093/click - {}
RESULT: {}
COMMAND: GET /session/c8a541b4b4c3a19e1c9b1ed3871b16eb/screenshot - {}
RESULT: {}
COMMAND: POST /session/c8a541b4b4c3a19e1c9b1ed3871b16eb/element - {"using":"xpath","value":"(//span[contains(@id, \"-application-manageresources-display-component---newResourceUnit--RUTimeSegment-0-arrow\")])[5]"}
RESULT: {"using":"xpath","value":"(//span[contains(@id, \"-application-manageresources-display-component---newResourceUnit--RUTimeSegment-0-arrow\")])[5]"}
COMMAND: POST /session/c8a541b4b4c3a19e1c9b1ed3871b16eb/element/f.AA8EB58E3CC8A06D4892695265F737EE.d.85576C9AE055F69E64D17BFD1C1B78AC.e.3094/click - {}
RESULT: {}
COMMAND: GET /session/c8a541b4b4c3a19e1c9b1ed3871b16eb/screenshot - {}
RESULT: {}
COMMAND: POST /session/c8a541b4b4c3a19e1c9b1ed3871b16eb/element - {"using":"xpath","value":"//span[contains(text(), \"PM Order\")]"}
RESULT: {"using":"xpath","value":"//span[contains(text(), \"PM Order\")]"}
COMMAND: POST /session/c8a541b4b4c3a19e1c9b1ed3871b16eb/element/f.AA8EB58E3CC8A06D4892695265F737EE.d.85576C9AE055F69E64D17BFD1C1B78AC.e.3095/click - {}
RESULT: {}
COMMAND: GET /session/c8a541b4b4c3a19e1c9b1ed3871b16eb/screenshot - {}
RESULT: {}
COMMAND: POST /session/c8a541b4b4c3a19e1c9b1ed3871b16eb/element - {"using":"xpath","value":"(//span[contains(@id ,\"manageresources-display-component---newResourceUnit--RUTimeSegment-0-vhi\")])[1]"}
RESULT: {"using":"xpath","value":"(//span[contains(@id ,\"manageresources-display-component---newResourceUnit--RUTimeSegment-0-vhi\")])[1]"}
COMMAND: GET /session/c8a541b4b4c3a19e1c9b1ed3871b16eb/element/f.AA8EB58E3CC8A06D4892695265F737EE.d.85576C9AE055F69E64D17BFD1C1B78AC.e.3099/rect - {}
RESULT: {}
COMMAND: GET /session/c8a541b4b4c3a19e1c9b1ed3871b16eb/window/rect - {}
RESULT: {}
COMMAND: POST /session/c8a541b4b4c3a19e1c9b1ed3871b16eb/execute/sync - {"script":"<script> [92 bytes]","args":[]}
RESULT: {"script":"<script> [92 bytes]","args":[]}
COMMAND: POST /session/c8a541b4b4c3a19e1c9b1ed3871b16eb/actions - {"actions":[{"id":"action10","type":"wheel","parameters":{},"actions":[{"type":"scroll","x":-1888,"y":-24,"deltaX":0,"deltaY":0,"duration":0,"origin":{"element-6066-11e4-a52e-4f735466cecf":"f.AA8EB58E3CC8A06D4892695265F737EE.d.85576C9AE055F69E64D17BFD1C1B78AC.e.3099"}}]}]}
COMMAND: GET /session/c8a541b4b4c3a19e1c9b1ed3871b16eb/screenshot - {}
RESULT: {}
COMMAND: POST /session/c8a541b4b4c3a19e1c9b1ed3871b16eb/execute/sync - {"script":"<script> [79 bytes]","args":[{"element-6066-11e4-a52e-4f735466cecf":"f.AA8EB58E3CC8A06D4892695265F737EE.d.85576C9AE055F69E64D17BFD1C1B78AC.e.3099","ELEMENT":"f.AA8EB58E3CC8A06D4892695265F737EE.d.85576C9AE055F69E64D17BFD1C1B78AC.e.3099"},{"block":"start","inline":"nearest"}]}
RESULT: {"script":"<script> [79 bytes]","args":[{"element-6066-11e4-a52e-4f735466cecf":"f.AA8EB58E3CC8A06D4892695265F737EE.d.85576C9AE055F69E64D17BFD1C1B78AC.e.3099","ELEMENT":"f.AA8EB58E3CC8A06D4892695265F737EE.d.85576C9AE055F69E64D17BFD1C1B78AC.e.3099"},{"block":"start","inline":"nearest"}]}
COMMAND: GET /session/c8a541b4b4c3a19e1c9b1ed3871b16eb/screenshot - {}
RESULT: {}
COMMAND: POST /session/c8a541b4b4c3a19e1c9b1ed3871b16eb/element/f.AA8EB58E3CC8A06D4892695265F737EE.d.85576C9AE055F69E64D17BFD1C1B78AC.e.3099/click - {}
RESULT: {}
COMMAND: GET /session/c8a541b4b4c3a19e1c9b1ed3871b16eb/screenshot - {}
RESULT: {}
RESULT: undefined
COMMAND: POST /session/c8a541b4b4c3a19e1c9b1ed3871b16eb/execute/async - {"script":"<script> [776 bytes]","args":[{"enterText":"4000360","selector":{"controlType":"sap.m.SearchField","properties":{"placeholder":"Search"},"searchOpenDialogs":true,"interaction":{"idSuffix":"I"}},"clearTextFirst":true,"interactionType":"ENTER_TEXT"}]}
RESULT: {"script":"<script> [776 bytes]","args":[{"enterText":"4000360","selector":{"controlType":"sap.m.SearchField","properties":{"placeholder":"Search"},"searchOpenDialogs":true,"interaction":{"idSuffix":"I"}},"clearTextFirst":true,"interactionType":"ENTER_TEXT"}]}
COMMAND: POST /session/c8a541b4b4c3a19e1c9b1ed3871b16eb/actions - {"actions":[{"id":"action11","type":"key","parameters":{},"actions":[{"type":"keyDown","value":"î€‡"},{"type":"pause","duration":10},{"type":"keyUp","value":"î€‡"}]}]}
RESULT: {"actions":[{"id":"action11","type":"key","parameters":{},"actions":[{"type":"keyDown","value":"î€‡"},{"type":"pause","duration":10},{"type":"keyUp","value":"î€‡"}]}]}
COMMAND: GET /session/c8a541b4b4c3a19e1c9b1ed3871b16eb/screenshot - {}
RESULT: {}
COMMAND: POST /session/c8a541b4b4c3a19e1c9b1ed3871b16eb/element - {"using":"xpath","value":"//td/div/span[contains(text(), \"BGL Vehicles\")]"}
RESULT: {"using":"xpath","value":"//td/div/span[contains(text(), \"BGL Vehicles\")]"}
COMMAND: POST /session/c8a541b4b4c3a19e1c9b1ed3871b16eb/element/f.AA8EB58E3CC8A06D4892695265F737EE.d.85576C9AE055F69E64D17BFD1C1B78AC.e.3119/click - {}
RESULT: {}
COMMAND: GET /session/c8a541b4b4c3a19e1c9b1ed3871b16eb/screenshot - {}
RESULT: {}
COMMAND: POST /session/c8a541b4b4c3a19e1c9b1ed3871b16eb/element - {"using":"xpath","value":"//bdi[contains(text(), \"OK\")]"}
RESULT: {"using":"xpath","value":"//bdi[contains(text(), \"OK\")]"}
COMMAND: POST /session/c8a541b4b4c3a19e1c9b1ed3871b16eb/element/f.AA8EB58E3CC8A06D4892695265F737EE.d.85576C9AE055F69E64D17BFD1C1B78AC.e.3120/click - {}
RESULT: {}
COMMAND: GET /session/c8a541b4b4c3a19e1c9b1ed3871b16eb/screenshot - {}
RESULT: {}
COMMAND: POST /session/c8a541b4b4c3a19e1c9b1ed3871b16eb/element - {"using":"xpath","value":"//label[contains(@class, 'sapMLabelRequired') and .//bdi[contains(text(), 'Planned Retirement')]]"}
RESULT: {"using":"xpath","value":"//label[contains(@class, 'sapMLabelRequired') and .//bdi[contains(text(), 'Planned Retirement')]]"}
COMMAND: POST /session/c8a541b4b4c3a19e1c9b1ed3871b16eb/elements - {"using":"xpath","value":"//label[contains(@class, 'sapMLabelRequired') and .//bdi[contains(text(), 'Planned Retirement')]]"}
RESULT: {"using":"xpath","value":"//label[contains(@class, 'sapMLabelRequired') and .//bdi[contains(text(), 'Planned Retirement')]]"}
COMMAND: POST /session/c8a541b4b4c3a19e1c9b1ed3871b16eb/element - {"using":"xpath","value":"//button[@data-kt=\"resourceUnitSaveButton\"]"}
RESULT: {"using":"xpath","value":"//button[@data-kt=\"resourceUnitSaveButton\"]"}
COMMAND: POST /session/c8a541b4b4c3a19e1c9b1ed3871b16eb/element/f.AA8EB58E3CC8A06D4892695265F737EE.d.85576C9AE055F69E64D17BFD1C1B78AC.e.2881/click - {}
RESULT: {}
COMMAND: GET /session/c8a541b4b4c3a19e1c9b1ed3871b16eb/screenshot - {}
RESULT: {}
COMMAND: POST /session/c8a541b4b4c3a19e1c9b1ed3871b16eb/element - {"using":"xpath","value":"//bdi[contains(text(), \"Close\")]"}
RESULT: {"using":"xpath","value":"//bdi[contains(text(), \"Close\")]"}
COMMAND: POST /session/c8a541b4b4c3a19e1c9b1ed3871b16eb/element/f.AA8EB58E3CC8A06D4892695265F737EE.d.85576C9AE055F69E64D17BFD1C1B78AC.e.3127/click - {}
RESULT: {}
COMMAND: GET /session/c8a541b4b4c3a19e1c9b1ed3871b16eb/screenshot - {}
RESULT: {}
COMMAND: POST /session/c8a541b4b4c3a19e1c9b1ed3871b16eb/element - {"using":"xpath","value":"//header[contains(@id, 'detailRruPage-headerTitle')]/div[1]/div[2]/div[2]/span[1]"}
RESULT: {"using":"xpath","value":"//header[contains(@id, 'detailRruPage-headerTitle')]/div[1]/div[2]/div[2]/span[1]"}
COMMAND: POST /session/c8a541b4b4c3a19e1c9b1ed3871b16eb/elements - {"using":"xpath","value":"//header[contains(@id, 'detailRruPage-headerTitle')]/div[1]/div[2]/div[2]/span[1]"}
RESULT: {"using":"xpath","value":"//header[contains(@id, 'detailRruPage-headerTitle')]/div[1]/div[2]/div[2]/span[1]"}
COMMAND: POST /session/c8a541b4b4c3a19e1c9b1ed3871b16eb/execute/sync - {"script":"<script> [56 bytes]","args":[{"element-6066-11e4-a52e-4f735466cecf":"f.AA8EB58E3CC8A06D4892695265F737EE.d.85576C9AE055F69E64D17BFD1C1B78AC.e.3163","ELEMENT":"f.AA8EB58E3CC8A06D4892695265F737EE.d.85576C9AE055F69E64D17BFD1C1B78AC.e.3163"}]}
RESULT: {"script":"<script> [56 bytes]","args":[{"element-6066-11e4-a52e-4f735466cecf":"f.AA8EB58E3CC8A06D4892695265F737EE.d.85576C9AE055F69E64D17BFD1C1B78AC.e.3163","ELEMENT":"f.AA8EB58E3CC8A06D4892695265F737EE.d.85576C9AE055F69E64D17BFD1C1B78AC.e.3163"}]}
COMMAND: POST /session/c8a541b4b4c3a19e1c9b1ed3871b16eb/element - {"using":"css selector","value":"#shell-header-logo"}
COMMAND: GET /session/c8a541b4b4c3a19e1c9b1ed3871b16eb/screenshot - {}
RESULT: {"using":"css selector","value":"#shell-header-logo"}
COMMAND: POST /session/c8a541b4b4c3a19e1c9b1ed3871b16eb/element/f.AA8EB58E3CC8A06D4892695265F737EE.d.85576C9AE055F69E64D17BFD1C1B78AC.e.2477/click - {}
RESULT: {}
RESULT: {}
COMMAND: GET /session/c8a541b4b4c3a19e1c9b1ed3871b16eb/screenshot - {}
RESULT: {}
]]></system-out>
    </testcase>
  </testsuite>
  <testsuite timestamp="2025-06-02T18:15:49" time="894.745" tests="6" failures="5" errors="5" skipped="0">
    <properties>
      <property name="specId" value="0" />
      <property name="suiteName" value="Manage States &amp; Performance Tests US151247 US151423 US151467" />
      <property name="capabilities" value="chrome.136_0_7103_93.windows" />
      <property name="file" value="file:///D:/a/1/s/test/specs/HTR/manage-states-perf.spec.js" />
    </properties>
    <testcase classname="chrome.136_0_7103_93.windows.Manage_States_&amp;_Performance_Tests_US151247_US151423_US151467" name="Prereq Should create a yard partner and site" time="387.994">
      <system-out><![CDATA[
COMMAND: POST /session/c8a541b4b4c3a19e1c9b1ed3871b16eb/execute/async - {"script":"<script> [1562 bytes]","args":[{"selector":{"controlType":"sap.m.GenericTile","properties":{"header":"Manage Yards"}},"wdio_ui5_key":"sapm.GenericTile{\"header\":\"Manage Yards\"}"}]}
RESULT: {"script":"<script> [1562 bytes]","args":[{"selector":{"controlType":"sap.m.GenericTile","properties":{"header":"Manage Yards"}},"wdio_ui5_key":"sapm.GenericTile{\"header\":\"Manage Yards\"}"}]}
RESULT: undefined
COMMAND: POST /session/c8a541b4b4c3a19e1c9b1ed3871b16eb/element - {"using":"xpath","value":"//*[@id=\"__tile33\"]"}
RESULT: {"using":"xpath","value":"//*[@id=\"__tile33\"]"}
COMMAND: POST /session/c8a541b4b4c3a19e1c9b1ed3871b16eb/element/f.AA8EB58E3CC8A06D4892695265F737EE.d.E2E3C35673A3DFEE4602CC471548B900.e.3595/click - {}
RESULT: {}
COMMAND: GET /session/c8a541b4b4c3a19e1c9b1ed3871b16eb/screenshot - {}
RESULT: {}
COMMAND: POST /session/c8a541b4b4c3a19e1c9b1ed3871b16eb/elements - {"using":"xpath","value":"//span[text()='Error']"}
RESULT: {"using":"xpath","value":"//span[text()='Error']"}
COMMAND: POST /session/c8a541b4b4c3a19e1c9b1ed3871b16eb/element - {"using":"xpath","value":"//button[@data-kt=\"addNewYardOverflowToolbarButton\"]"}
RESULT: {"using":"xpath","value":"//button[@data-kt=\"addNewYardOverflowToolbarButton\"]"}
COMMAND: POST /session/c8a541b4b4c3a19e1c9b1ed3871b16eb/elements - {"using":"xpath","value":"//button[@data-kt=\"addNewYardOverflowToolbarButton\"]"}
RESULT: {"using":"xpath","value":"//button[@data-kt=\"addNewYardOverflowToolbarButton\"]"}
COMMAND: POST /session/c8a541b4b4c3a19e1c9b1ed3871b16eb/elements - {"using":"xpath","value":"//button[@data-kt=\"addNewYardOverflowToolbarButton\"]"}
RESULT: {"using":"xpath","value":"//button[@data-kt=\"addNewYardOverflowToolbarButton\"]"}
COMMAND: POST /session/c8a541b4b4c3a19e1c9b1ed3871b16eb/elements - {"using":"xpath","value":"//button[@data-kt=\"addNewYardOverflowToolbarButton\"]"}
RESULT: {"using":"xpath","value":"//button[@data-kt=\"addNewYardOverflowToolbarButton\"]"}
COMMAND: POST /session/c8a541b4b4c3a19e1c9b1ed3871b16eb/elements - {"using":"xpath","value":"//button[@data-kt=\"addNewYardOverflowToolbarButton\"]"}
RESULT: {"using":"xpath","value":"//button[@data-kt=\"addNewYardOverflowToolbarButton\"]"}
COMMAND: POST /session/c8a541b4b4c3a19e1c9b1ed3871b16eb/elements - {"using":"xpath","value":"//button[@data-kt=\"addNewYardOverflowToolbarButton\"]"}
RESULT: {"using":"xpath","value":"//button[@data-kt=\"addNewYardOverflowToolbarButton\"]"}
COMMAND: POST /session/c8a541b4b4c3a19e1c9b1ed3871b16eb/elements - {"using":"xpath","value":"//button[@data-kt=\"addNewYardOverflowToolbarButton\"]"}
RESULT: {"using":"xpath","value":"//button[@data-kt=\"addNewYardOverflowToolbarButton\"]"}
COMMAND: POST /session/c8a541b4b4c3a19e1c9b1ed3871b16eb/elements - {"using":"xpath","value":"//button[@data-kt=\"addNewYardOverflowToolbarButton\"]"}
RESULT: {"using":"xpath","value":"//button[@data-kt=\"addNewYardOverflowToolbarButton\"]"}
COMMAND: POST /session/c8a541b4b4c3a19e1c9b1ed3871b16eb/elements - {"using":"xpath","value":"//button[@data-kt=\"addNewYardOverflowToolbarButton\"]"}
RESULT: {"using":"xpath","value":"//button[@data-kt=\"addNewYardOverflowToolbarButton\"]"}
COMMAND: POST /session/c8a541b4b4c3a19e1c9b1ed3871b16eb/elements - {"using":"xpath","value":"//button[@data-kt=\"addNewYardOverflowToolbarButton\"]"}
RESULT: {"using":"xpath","value":"//button[@data-kt=\"addNewYardOverflowToolbarButton\"]"}
COMMAND: POST /session/c8a541b4b4c3a19e1c9b1ed3871b16eb/elements - {"using":"xpath","value":"//button[@data-kt=\"addNewYardOverflowToolbarButton\"]"}
RESULT: {"using":"xpath","value":"//button[@data-kt=\"addNewYardOverflowToolbarButton\"]"}
COMMAND: POST /session/c8a541b4b4c3a19e1c9b1ed3871b16eb/elements - {"using":"xpath","value":"//button[@data-kt=\"addNewYardOverflowToolbarButton\"]"}
RESULT: {"using":"xpath","value":"//button[@data-kt=\"addNewYardOverflowToolbarButton\"]"}
COMMAND: POST /session/c8a541b4b4c3a19e1c9b1ed3871b16eb/elements - {"using":"xpath","value":"//button[@data-kt=\"addNewYardOverflowToolbarButton\"]"}
RESULT: {"using":"xpath","value":"//button[@data-kt=\"addNewYardOverflowToolbarButton\"]"}
COMMAND: POST /session/c8a541b4b4c3a19e1c9b1ed3871b16eb/elements - {"using":"xpath","value":"//button[@data-kt=\"addNewYardOverflowToolbarButton\"]"}
RESULT: {"using":"xpath","value":"//button[@data-kt=\"addNewYardOverflowToolbarButton\"]"}
COMMAND: POST /session/c8a541b4b4c3a19e1c9b1ed3871b16eb/elements - {"using":"xpath","value":"//button[@data-kt=\"addNewYardOverflowToolbarButton\"]"}
RESULT: {"using":"xpath","value":"//button[@data-kt=\"addNewYardOverflowToolbarButton\"]"}
COMMAND: POST /session/c8a541b4b4c3a19e1c9b1ed3871b16eb/elements - {"using":"xpath","value":"//button[@data-kt=\"addNewYardOverflowToolbarButton\"]"}
RESULT: {"using":"xpath","value":"//button[@data-kt=\"addNewYardOverflowToolbarButton\"]"}
COMMAND: POST /session/c8a541b4b4c3a19e1c9b1ed3871b16eb/elements - {"using":"xpath","value":"//button[@data-kt=\"addNewYardOverflowToolbarButton\"]"}
RESULT: {"using":"xpath","value":"//button[@data-kt=\"addNewYardOverflowToolbarButton\"]"}
COMMAND: POST /session/c8a541b4b4c3a19e1c9b1ed3871b16eb/elements - {"using":"xpath","value":"//button[@data-kt=\"addNewYardOverflowToolbarButton\"]"}
RESULT: {"using":"xpath","value":"//button[@data-kt=\"addNewYardOverflowToolbarButton\"]"}
COMMAND: POST /session/c8a541b4b4c3a19e1c9b1ed3871b16eb/elements - {"using":"xpath","value":"//button[@data-kt=\"addNewYardOverflowToolbarButton\"]"}
RESULT: {"using":"xpath","value":"//button[@data-kt=\"addNewYardOverflowToolbarButton\"]"}
COMMAND: POST /session/c8a541b4b4c3a19e1c9b1ed3871b16eb/elements - {"using":"xpath","value":"//button[@data-kt=\"addNewYardOverflowToolbarButton\"]"}
RESULT: {"using":"xpath","value":"//button[@data-kt=\"addNewYardOverflowToolbarButton\"]"}
COMMAND: POST /session/c8a541b4b4c3a19e1c9b1ed3871b16eb/elements - {"using":"xpath","value":"//button[@data-kt=\"addNewYardOverflowToolbarButton\"]"}
RESULT: {"using":"xpath","value":"//button[@data-kt=\"addNewYardOverflowToolbarButton\"]"}
COMMAND: POST /session/c8a541b4b4c3a19e1c9b1ed3871b16eb/elements - {"using":"xpath","value":"//button[@data-kt=\"addNewYardOverflowToolbarButton\"]"}
RESULT: {"using":"xpath","value":"//button[@data-kt=\"addNewYardOverflowToolbarButton\"]"}
COMMAND: POST /session/c8a541b4b4c3a19e1c9b1ed3871b16eb/elements - {"using":"xpath","value":"//button[@data-kt=\"addNewYardOverflowToolbarButton\"]"}
RESULT: {"using":"xpath","value":"//button[@data-kt=\"addNewYardOverflowToolbarButton\"]"}
COMMAND: POST /session/c8a541b4b4c3a19e1c9b1ed3871b16eb/elements - {"using":"xpath","value":"//button[@data-kt=\"addNewYardOverflowToolbarButton\"]"}
RESULT: {"using":"xpath","value":"//button[@data-kt=\"addNewYardOverflowToolbarButton\"]"}
COMMAND: POST /session/c8a541b4b4c3a19e1c9b1ed3871b16eb/elements - {"using":"xpath","value":"//button[@data-kt=\"addNewYardOverflowToolbarButton\"]"}
RESULT: {"using":"xpath","value":"//button[@data-kt=\"addNewYardOverflowToolbarButton\"]"}
COMMAND: POST /session/c8a541b4b4c3a19e1c9b1ed3871b16eb/elements - {"using":"xpath","value":"//button[@data-kt=\"addNewYardOverflowToolbarButton\"]"}
RESULT: {"using":"xpath","value":"//button[@data-kt=\"addNewYardOverflowToolbarButton\"]"}
COMMAND: POST /session/c8a541b4b4c3a19e1c9b1ed3871b16eb/elements - {"using":"xpath","value":"//button[@data-kt=\"addNewYardOverflowToolbarButton\"]"}
RESULT: {"using":"xpath","value":"//button[@data-kt=\"addNewYardOverflowToolbarButton\"]"}
COMMAND: POST /session/c8a541b4b4c3a19e1c9b1ed3871b16eb/elements - {"using":"xpath","value":"//button[@data-kt=\"addNewYardOverflowToolbarButton\"]"}
RESULT: {"using":"xpath","value":"//button[@data-kt=\"addNewYardOverflowToolbarButton\"]"}
COMMAND: POST /session/c8a541b4b4c3a19e1c9b1ed3871b16eb/elements - {"using":"xpath","value":"//button[@data-kt=\"addNewYardOverflowToolbarButton\"]"}
RESULT: {"using":"xpath","value":"//button[@data-kt=\"addNewYardOverflowToolbarButton\"]"}
COMMAND: POST /session/c8a541b4b4c3a19e1c9b1ed3871b16eb/element - {"using":"xpath","value":"//button[@data-kt=\"addNewYardOverflowToolbarButton\"]"}
RESULT: {"using":"xpath","value":"//button[@data-kt=\"addNewYardOverflowToolbarButton\"]"}
COMMAND: POST /session/c8a541b4b4c3a19e1c9b1ed3871b16eb/execute/sync - {"script":"<script> [8489 bytes]","args":[{"element-6066-11e4-a52e-4f735466cecf":"f.AA8EB58E3CC8A06D4892695265F737EE.d.E2E3C35673A3DFEE4602CC471548B900.e.3720","ELEMENT":"f.AA8EB58E3CC8A06D4892695265F737EE.d.E2E3C35673A3DFEE4602CC471548B900.e.3720"}]}
RESULT: {"script":"<script> [8489 bytes]","args":[{"element-6066-11e4-a52e-4f735466cecf":"f.AA8EB58E3CC8A06D4892695265F737EE.d.E2E3C35673A3DFEE4602CC471548B900.e.3720","ELEMENT":"f.AA8EB58E3CC8A06D4892695265F737EE.d.E2E3C35673A3DFEE4602CC471548B900.e.3720"}]}
COMMAND: GET /session/c8a541b4b4c3a19e1c9b1ed3871b16eb/element/f.AA8EB58E3CC8A06D4892695265F737EE.d.E2E3C35673A3DFEE4602CC471548B900.e.3720/enabled - {}
COMMAND: GET /session/c8a541b4b4c3a19e1c9b1ed3871b16eb/screenshot - {}
RESULT: {}
COMMAND: POST /session/c8a541b4b4c3a19e1c9b1ed3871b16eb/execute/sync - {"script":"<script> [8489 bytes]","args":[{"element-6066-11e4-a52e-4f735466cecf":"f.AA8EB58E3CC8A06D4892695265F737EE.d.E2E3C35673A3DFEE4602CC471548B900.e.3720","ELEMENT":"f.AA8EB58E3CC8A06D4892695265F737EE.d.E2E3C35673A3DFEE4602CC471548B900.e.3720"}]}
COMMAND: GET /session/c8a541b4b4c3a19e1c9b1ed3871b16eb/screenshot - {}
RESULT: {}
RESULT: {"script":"<script> [8489 bytes]","args":[{"element-6066-11e4-a52e-4f735466cecf":"f.AA8EB58E3CC8A06D4892695265F737EE.d.E2E3C35673A3DFEE4602CC471548B900.e.3720","ELEMENT":"f.AA8EB58E3CC8A06D4892695265F737EE.d.E2E3C35673A3DFEE4602CC471548B900.e.3720"}]}
COMMAND: POST /session/c8a541b4b4c3a19e1c9b1ed3871b16eb/execute/sync - {"script":"<script> [5351 bytes]","args":[{"element-6066-11e4-a52e-4f735466cecf":"f.AA8EB58E3CC8A06D4892695265F737EE.d.E2E3C35673A3DFEE4602CC471548B900.e.3720","ELEMENT":"f.AA8EB58E3CC8A06D4892695265F737EE.d.E2E3C35673A3DFEE4602CC471548B900.e.3720"}]}
COMMAND: GET /session/c8a541b4b4c3a19e1c9b1ed3871b16eb/screenshot - {}
RESULT: {}
RESULT: {"script":"<script> [5351 bytes]","args":[{"element-6066-11e4-a52e-4f735466cecf":"f.AA8EB58E3CC8A06D4892695265F737EE.d.E2E3C35673A3DFEE4602CC471548B900.e.3720","ELEMENT":"f.AA8EB58E3CC8A06D4892695265F737EE.d.E2E3C35673A3DFEE4602CC471548B900.e.3720"}]}
COMMAND: POST /session/c8a541b4b4c3a19e1c9b1ed3871b16eb/element/f.AA8EB58E3CC8A06D4892695265F737EE.d.E2E3C35673A3DFEE4602CC471548B900.e.3720/click - {}
COMMAND: GET /session/c8a541b4b4c3a19e1c9b1ed3871b16eb/screenshot - {}
RESULT: {}
RESULT: {}
COMMAND: GET /session/c8a541b4b4c3a19e1c9b1ed3871b16eb/screenshot - {}
RESULT: {}
COMMAND: POST /session/c8a541b4b4c3a19e1c9b1ed3871b16eb/element - {"using":"xpath","value":"//input[@id=\"application-manageyards-display-component---NewYard--yardId-inner\"]"}
RESULT: {}
RESULT: {"using":"xpath","value":"//input[@id=\"application-manageyards-display-component---NewYard--yardId-inner\"]"}
COMMAND: POST /session/c8a541b4b4c3a19e1c9b1ed3871b16eb/element - {"using":"xpath","value":"//input[@id=\"application-manageyards-display-component---NewYard--yardId-inner\"]"}
RESULT: {"using":"xpath","value":"//input[@id=\"application-manageyards-display-component---NewYard--yardId-inner\"]"}
COMMAND: POST /session/c8a541b4b4c3a19e1c9b1ed3871b16eb/execute/async - {"script":"<script> [1562 bytes]","args":[{"selector":{"id":"application-manageyards-display-component---NewYard--addressDetailDetailsName1","interaction":{"idSuffix":"inner"}},"wdio_ui5_key":"applicationmanageyards-display-component---NewYard--addressDetailDetailsName1"}]}
RESULT: {"script":"<script> [1562 bytes]","args":[{"selector":{"id":"application-manageyards-display-component---NewYard--addressDetailDetailsName1","interaction":{"idSuffix":"inner"}},"wdio_ui5_key":"applicationmanageyards-display-component---NewYard--addressDetailDetailsName1"}]}
RESULT: undefined
COMMAND: POST /session/c8a541b4b4c3a19e1c9b1ed3871b16eb/execute/async - {"script":"<script> [776 bytes]","args":[{"enterText":"Intercompany Yard wdIO","selector":{"id":"application-manageyards-display-component---NewYard--addressDetailDetailsName1","interaction":{"idSuffix":"inner"}},"clearTextFirst":true,"interactionType":"ENTER_TEXT"}]}
RESULT: {"script":"<script> [776 bytes]","args":[{"enterText":"Intercompany Yard wdIO","selector":{"id":"application-manageyards-display-component---NewYard--addressDetailDetailsName1","interaction":{"idSuffix":"inner"}},"clearTextFirst":true,"interactionType":"ENTER_TEXT"}]}
COMMAND: POST /session/c8a541b4b4c3a19e1c9b1ed3871b16eb/execute/async - {"script":"<script> [1562 bytes]","args":[{"selector":{"id":"application-manageyards-display-component---NewYard--addressDetailDetailsLanguage-arrow"},"wdio_ui5_key":"applicationmanageyards-display-component---NewYard--addressDetailDetailsLanguage-arrow"}]}
RESULT: {"script":"<script> [1562 bytes]","args":[{"selector":{"id":"application-manageyards-display-component---NewYard--addressDetailDetailsLanguage-arrow"},"wdio_ui5_key":"applicationmanageyards-display-component---NewYard--addressDetailDetailsLanguage-arrow"}]}
RESULT: undefined
COMMAND: POST /session/c8a541b4b4c3a19e1c9b1ed3871b16eb/element - {"using":"xpath","value":"//*[@id=\"application-manageyards-display-component---NewYard--addressDetailDetailsLanguage-arrow\"]"}
RESULT: {"using":"xpath","value":"//*[@id=\"application-manageyards-display-component---NewYard--addressDetailDetailsLanguage-arrow\"]"}
COMMAND: POST /session/c8a541b4b4c3a19e1c9b1ed3871b16eb/element/f.AA8EB58E3CC8A06D4892695265F737EE.d.E2E3C35673A3DFEE4602CC471548B900.e.4142/click - {}
RESULT: {}
COMMAND: POST /session/c8a541b4b4c3a19e1c9b1ed3871b16eb/element - {"using":"xpath","value":"//span[contains(text(), \"English\")]"}
COMMAND: GET /session/c8a541b4b4c3a19e1c9b1ed3871b16eb/screenshot - {}
RESULT: {"using":"xpath","value":"//span[contains(text(), \"English\")]"}
COMMAND: POST /session/c8a541b4b4c3a19e1c9b1ed3871b16eb/element/f.AA8EB58E3CC8A06D4892695265F737EE.d.E2E3C35673A3DFEE4602CC471548B900.e.4143/click - {}
RESULT: {}
RESULT: {}
COMMAND: POST /session/c8a541b4b4c3a19e1c9b1ed3871b16eb/execute/async - {"script":"<script> [1562 bytes]","args":[{"selector":{"id":"application-manageyards-display-component---NewYard--addressDetailDetailsCity1","interaction":{"idSuffix":"inner"}},"wdio_ui5_key":"applicationmanageyards-display-component---NewYard--addressDetailDetailsCity1"}]}
COMMAND: GET /session/c8a541b4b4c3a19e1c9b1ed3871b16eb/screenshot - {}
RESULT: {"script":"<script> [1562 bytes]","args":[{"selector":{"id":"application-manageyards-display-component---NewYard--addressDetailDetailsCity1","interaction":{"idSuffix":"inner"}},"wdio_ui5_key":"applicationmanageyards-display-component---NewYard--addressDetailDetailsCity1"}]}
RESULT: undefined
COMMAND: POST /session/c8a541b4b4c3a19e1c9b1ed3871b16eb/execute/async - {"script":"<script> [776 bytes]","args":[{"enterText":"Rosario","selector":{"id":"application-manageyards-display-component---NewYard--addressDetailDetailsCity1","interaction":{"idSuffix":"inner"}},"clearTextFirst":true,"interactionType":"ENTER_TEXT"}]}
RESULT: {}
RESULT: {"script":"<script> [776 bytes]","args":[{"enterText":"Rosario","selector":{"id":"application-manageyards-display-component---NewYard--addressDetailDetailsCity1","interaction":{"idSuffix":"inner"}},"clearTextFirst":true,"interactionType":"ENTER_TEXT"}]}
COMMAND: POST /session/c8a541b4b4c3a19e1c9b1ed3871b16eb/execute/async - {"script":"<script> [1562 bytes]","args":[{"selector":{"id":"application-manageyards-display-component---NewYard--addressDetailDetailsCountry-arrow"},"wdio_ui5_key":"applicationmanageyards-display-component---NewYard--addressDetailDetailsCountry-arrow"}]}
RESULT: {"script":"<script> [1562 bytes]","args":[{"selector":{"id":"application-manageyards-display-component---NewYard--addressDetailDetailsCountry-arrow"},"wdio_ui5_key":"applicationmanageyards-display-component---NewYard--addressDetailDetailsCountry-arrow"}]}
RESULT: undefined
COMMAND: POST /session/c8a541b4b4c3a19e1c9b1ed3871b16eb/element - {"using":"xpath","value":"//*[@id=\"application-manageyards-display-component---NewYard--addressDetailDetailsCountry-arrow\"]"}
RESULT: {"using":"xpath","value":"//*[@id=\"application-manageyards-display-component---NewYard--addressDetailDetailsCountry-arrow\"]"}
COMMAND: POST /session/c8a541b4b4c3a19e1c9b1ed3871b16eb/element/f.AA8EB58E3CC8A06D4892695265F737EE.d.E2E3C35673A3DFEE4602CC471548B900.e.4145/click - {}
RESULT: {}
COMMAND: POST /session/c8a541b4b4c3a19e1c9b1ed3871b16eb/element - {"using":"xpath","value":"//span[contains(text(), \"Argentina\")]"}
COMMAND: GET /session/c8a541b4b4c3a19e1c9b1ed3871b16eb/screenshot - {}
RESULT: {"using":"xpath","value":"//span[contains(text(), \"Argentina\")]"}
COMMAND: POST /session/c8a541b4b4c3a19e1c9b1ed3871b16eb/element/f.AA8EB58E3CC8A06D4892695265F737EE.d.E2E3C35673A3DFEE4602CC471548B900.e.4147/click - {}
RESULT: {}
RESULT: {}
COMMAND: POST /session/c8a541b4b4c3a19e1c9b1ed3871b16eb/execute/async - {"script":"<script> [1562 bytes]","args":[{"selector":{"id":"application-manageyards-display-component---NewYard--addressEditDetailsCostObjectCstType-arrow"},"wdio_ui5_key":"applicationmanageyards-display-component---NewYard--addressEditDetailsCostObjectCstType-arrow"}]}
COMMAND: GET /session/c8a541b4b4c3a19e1c9b1ed3871b16eb/screenshot - {}
RESULT: {"script":"<script> [1562 bytes]","args":[{"selector":{"id":"application-manageyards-display-component---NewYard--addressEditDetailsCostObjectCstType-arrow"},"wdio_ui5_key":"applicationmanageyards-display-component---NewYard--addressEditDetailsCostObjectCstType-arrow"}]}
RESULT: undefined
COMMAND: POST /session/c8a541b4b4c3a19e1c9b1ed3871b16eb/element - {"using":"xpath","value":"//*[@id=\"application-manageyards-display-component---NewYard--addressEditDetailsCostObjectCstType-arrow\"]"}
RESULT: {}
RESULT: {"using":"xpath","value":"//*[@id=\"application-manageyards-display-component---NewYard--addressEditDetailsCostObjectCstType-arrow\"]"}
COMMAND: POST /session/c8a541b4b4c3a19e1c9b1ed3871b16eb/element/f.AA8EB58E3CC8A06D4892695265F737EE.d.E2E3C35673A3DFEE4602CC471548B900.e.4148/click - {}
RESULT: {}
COMMAND: POST /session/c8a541b4b4c3a19e1c9b1ed3871b16eb/element - {"using":"xpath","value":"//span[contains(text(), \"Cost Center\")]"}
COMMAND: GET /session/c8a541b4b4c3a19e1c9b1ed3871b16eb/screenshot - {}
RESULT: {"using":"xpath","value":"//span[contains(text(), \"Cost Center\")]"}
COMMAND: POST /session/c8a541b4b4c3a19e1c9b1ed3871b16eb/element/f.AA8EB58E3CC8A06D4892695265F737EE.d.E2E3C35673A3DFEE4602CC471548B900.e.4149/click - {}
RESULT: {}
RESULT: {}
COMMAND: GET /session/c8a541b4b4c3a19e1c9b1ed3871b16eb/screenshot - {}
RESULT: {}
COMMAND: POST /session/c8a541b4b4c3a19e1c9b1ed3871b16eb/element - {"using":"xpath","value":"//span[@id=\"application-manageyards-display-component---NewYard--addressNewCostObjectCstID-vhi\"]"}
RESULT: {"using":"xpath","value":"//span[@id=\"application-manageyards-display-component---NewYard--addressNewCostObjectCstID-vhi\"]"}
COMMAND: POST /session/c8a541b4b4c3a19e1c9b1ed3871b16eb/execute/sync - {"script":"<script> [8489 bytes]","args":[{"element-6066-11e4-a52e-4f735466cecf":"f.AA8EB58E3CC8A06D4892695265F737EE.d.E2E3C35673A3DFEE4602CC471548B900.e.4153","ELEMENT":"f.AA8EB58E3CC8A06D4892695265F737EE.d.E2E3C35673A3DFEE4602CC471548B900.e.4153"}]}
RESULT: {"script":"<script> [8489 bytes]","args":[{"element-6066-11e4-a52e-4f735466cecf":"f.AA8EB58E3CC8A06D4892695265F737EE.d.E2E3C35673A3DFEE4602CC471548B900.e.4153","ELEMENT":"f.AA8EB58E3CC8A06D4892695265F737EE.d.E2E3C35673A3DFEE4602CC471548B900.e.4153"}]}
COMMAND: POST /session/c8a541b4b4c3a19e1c9b1ed3871b16eb/execute/async - {"script":"<script> [1562 bytes]","args":[{"selector":{"id":"application-manageyards-display-component---NewYard--addressNewCostObjectCstID-vhi"},"wdio_ui5_key":"applicationmanageyards-display-component---NewYard--addressNewCostObjectCstID-vhi"}]}
COMMAND: GET /session/c8a541b4b4c3a19e1c9b1ed3871b16eb/screenshot - {}
RESULT: {"script":"<script> [1562 bytes]","args":[{"selector":{"id":"application-manageyards-display-component---NewYard--addressNewCostObjectCstID-vhi"},"wdio_ui5_key":"applicationmanageyards-display-component---NewYard--addressNewCostObjectCstID-vhi"}]}
RESULT: undefined
COMMAND: POST /session/c8a541b4b4c3a19e1c9b1ed3871b16eb/element - {"using":"xpath","value":"//*[@id=\"application-manageyards-display-component---NewYard--addressNewCostObjectCstID-vhi\"]"}
RESULT: {}
RESULT: {"using":"xpath","value":"//*[@id=\"application-manageyards-display-component---NewYard--addressNewCostObjectCstID-vhi\"]"}
COMMAND: POST /session/c8a541b4b4c3a19e1c9b1ed3871b16eb/element/f.AA8EB58E3CC8A06D4892695265F737EE.d.E2E3C35673A3DFEE4602CC471548B900.e.4153/click - {}
RESULT: {}
COMMAND: GET /session/c8a541b4b4c3a19e1c9b1ed3871b16eb/screenshot - {}
RESULT: {}
COMMAND: POST /session/c8a541b4b4c3a19e1c9b1ed3871b16eb/execute/async - {"script":"<script> [1562 bytes]","args":[{"selector":{"controlType":"sap.m.SearchField","properties":{"placeholder":"Search"},"searchOpenDialogs":true,"interaction":{"idSuffix":"I"}},"wdio_ui5_key":"sapm.SearchField{\"placeholder\":\"Search\"}"}]}
RESULT: {"script":"<script> [1562 bytes]","args":[{"selector":{"controlType":"sap.m.SearchField","properties":{"placeholder":"Search"},"searchOpenDialogs":true,"interaction":{"idSuffix":"I"}},"wdio_ui5_key":"sapm.SearchField{\"placeholder\":\"Search\"}"}]}
RESULT: undefined
COMMAND: POST /session/c8a541b4b4c3a19e1c9b1ed3871b16eb/execute/async - {"script":"<script> [776 bytes]","args":[{"enterText":"bauh_b","selector":{"controlType":"sap.m.SearchField","properties":{"placeholder":"Search"},"searchOpenDialogs":true,"interaction":{"idSuffix":"I"}},"clearTextFirst":true,"interactionType":"ENTER_TEXT"}]}
RESULT: {"script":"<script> [776 bytes]","args":[{"enterText":"bauh_b","selector":{"controlType":"sap.m.SearchField","properties":{"placeholder":"Search"},"searchOpenDialogs":true,"interaction":{"idSuffix":"I"}},"clearTextFirst":true,"interactionType":"ENTER_TEXT"}]}
COMMAND: POST /session/c8a541b4b4c3a19e1c9b1ed3871b16eb/actions - {"actions":[{"id":"action12","type":"key","parameters":{},"actions":[{"type":"keyDown","value":"î€‡"},{"type":"pause","duration":10},{"type":"keyUp","value":"î€‡"}]}]}
RESULT: {"actions":[{"id":"action12","type":"key","parameters":{},"actions":[{"type":"keyDown","value":"î€‡"},{"type":"pause","duration":10},{"type":"keyUp","value":"î€‡"}]}]}
COMMAND: GET /session/c8a541b4b4c3a19e1c9b1ed3871b16eb/screenshot - {}
RESULT: {}
COMMAND: POST /session/c8a541b4b4c3a19e1c9b1ed3871b16eb/element - {"using":"xpath","value":"//span[contains(text(), \"Demo Yard\")]"}
RESULT: {"using":"xpath","value":"//span[contains(text(), \"Demo Yard\")]"}
COMMAND: POST /session/c8a541b4b4c3a19e1c9b1ed3871b16eb/element/f.AA8EB58E3CC8A06D4892695265F737EE.d.E2E3C35673A3DFEE4602CC471548B900.e.4194/click - {}
RESULT: {}
COMMAND: GET /session/c8a541b4b4c3a19e1c9b1ed3871b16eb/screenshot - {}
RESULT: {}
COMMAND: POST /session/c8a541b4b4c3a19e1c9b1ed3871b16eb/element - {"using":"xpath","value":"//bdi[contains(text(), \"OK\")]"}
RESULT: {"using":"xpath","value":"//bdi[contains(text(), \"OK\")]"}
COMMAND: POST /session/c8a541b4b4c3a19e1c9b1ed3871b16eb/element/f.AA8EB58E3CC8A06D4892695265F737EE.d.E2E3C35673A3DFEE4602CC471548B900.e.4195/click - {}
RESULT: {}
COMMAND: GET /session/c8a541b4b4c3a19e1c9b1ed3871b16eb/screenshot - {}
RESULT: {}
COMMAND: POST /session/c8a541b4b4c3a19e1c9b1ed3871b16eb/execute/async - {"script":"<script> [1562 bytes]","args":[{"selector":{"id":"application-manageyards-display-component---NewYard--addressEditDetailsCurrency-arrow"},"wdio_ui5_key":"applicationmanageyards-display-component---NewYard--addressEditDetailsCurrency-arrow"}]}
RESULT: {"script":"<script> [1562 bytes]","args":[{"selector":{"id":"application-manageyards-display-component---NewYard--addressEditDetailsCurrency-arrow"},"wdio_ui5_key":"applicationmanageyards-display-component---NewYard--addressEditDetailsCurrency-arrow"}]}
RESULT: undefined
COMMAND: POST /session/c8a541b4b4c3a19e1c9b1ed3871b16eb/element - {"using":"xpath","value":"//*[@id=\"application-manageyards-display-component---NewYard--addressEditDetailsCurrency-arrow\"]"}
RESULT: {"using":"xpath","value":"//*[@id=\"application-manageyards-display-component---NewYard--addressEditDetailsCurrency-arrow\"]"}
COMMAND: POST /session/c8a541b4b4c3a19e1c9b1ed3871b16eb/element/f.AA8EB58E3CC8A06D4892695265F737EE.d.E2E3C35673A3DFEE4602CC471548B900.e.4198/click - {}
RESULT: {}
COMMAND: POST /session/c8a541b4b4c3a19e1c9b1ed3871b16eb/element - {"using":"xpath","value":"//span[contains(text(), \"Euro\")]"}
COMMAND: GET /session/c8a541b4b4c3a19e1c9b1ed3871b16eb/screenshot - {}
RESULT: {"using":"xpath","value":"//span[contains(text(), \"Euro\")]"}
COMMAND: POST /session/c8a541b4b4c3a19e1c9b1ed3871b16eb/element/f.AA8EB58E3CC8A06D4892695265F737EE.d.E2E3C35673A3DFEE4602CC471548B900.e.4199/click - {}
RESULT: {}
RESULT: {}
COMMAND: POST /session/c8a541b4b4c3a19e1c9b1ed3871b16eb/execute/async - {"script":"<script> [1562 bytes]","args":[{"selector":{"controlType":"sap.m.Input","viewName":"etm.portal.ui.manageyards.view.New","viewId":"application-manageyards-display-component---NewYard","bindingPath":{"path":"","propertyPath":"/CONTROLLING_AREA","modelName":"NewYardModel"},"interaction":{"idSuffix":"inner"}},"wdio_ui5_key":"etmportal.ui.manageyards.view.Newsap.m.Input{\"path\":\"\",\"propertyPath\":\"/CONTROLLING_AREA\",\"modelName\":\"NewYardModel\"}"}]}
COMMAND: GET /session/c8a541b4b4c3a19e1c9b1ed3871b16eb/screenshot - {}
RESULT: {"script":"<script> [1562 bytes]","args":[{"selector":{"controlType":"sap.m.Input","viewName":"etm.portal.ui.manageyards.view.New","viewId":"application-manageyards-display-component---NewYard","bindingPath":{"path":"","propertyPath":"/CONTROLLING_AREA","modelName":"NewYardModel"},"interaction":{"idSuffix":"inner"}},"wdio_ui5_key":"etmportal.ui.manageyards.view.Newsap.m.Input{\"path\":\"\",\"propertyPath\":\"/CONTROLLING_AREA\",\"modelName\":\"NewYardModel\"}"}]}
RESULT: undefined
COMMAND: POST /session/c8a541b4b4c3a19e1c9b1ed3871b16eb/execute/async - {"script":"<script> [776 bytes]","args":[{"enterText":"Z001","selector":{"controlType":"sap.m.Input","viewName":"etm.portal.ui.manageyards.view.New","viewId":"application-manageyards-display-component---NewYard","bindingPath":{"path":"","propertyPath":"/CONTROLLING_AREA","modelName":"NewYardModel"},"interaction":{"idSuffix":"inner"}},"clearTextFirst":true,"interactionType":"ENTER_TEXT"}]}
RESULT: {}
RESULT: {"script":"<script> [776 bytes]","args":[{"enterText":"Z001","selector":{"controlType":"sap.m.Input","viewName":"etm.portal.ui.manageyards.view.New","viewId":"application-manageyards-display-component---NewYard","bindingPath":{"path":"","propertyPath":"/CONTROLLING_AREA","modelName":"NewYardModel"},"interaction":{"idSuffix":"inner"}},"clearTextFirst":true,"interactionType":"ENTER_TEXT"}]}
COMMAND: POST /session/c8a541b4b4c3a19e1c9b1ed3871b16eb/execute/async - {"script":"<script> [1562 bytes]","args":[{"selector":{"id":"application-manageyards-display-component---NewYard--companyCodeComboBox","interaction":{"idSuffix":"inner"}},"wdio_ui5_key":"applicationmanageyards-display-component---NewYard--companyCodeComboBox"}]}
RESULT: {"script":"<script> [1562 bytes]","args":[{"selector":{"id":"application-manageyards-display-component---NewYard--companyCodeComboBox","interaction":{"idSuffix":"inner"}},"wdio_ui5_key":"applicationmanageyards-display-component---NewYard--companyCodeComboBox"}]}
RESULT: undefined
COMMAND: POST /session/c8a541b4b4c3a19e1c9b1ed3871b16eb/execute/async - {"script":"<script> [776 bytes]","args":[{"enterText":"1000","selector":{"id":"application-manageyards-display-component---NewYard--companyCodeComboBox","interaction":{"idSuffix":"inner"}},"clearTextFirst":true,"interactionType":"ENTER_TEXT"}]}
RESULT: {"script":"<script> [776 bytes]","args":[{"enterText":"1000","selector":{"id":"application-manageyards-display-component---NewYard--companyCodeComboBox","interaction":{"idSuffix":"inner"}},"clearTextFirst":true,"interactionType":"ENTER_TEXT"}]}
COMMAND: POST /session/c8a541b4b4c3a19e1c9b1ed3871b16eb/execute/async - {"script":"<script> [1562 bytes]","args":[{"selector":{"controlType":"sap.m.Input","viewName":"etm.portal.ui.manageyards.view.New","viewId":"application-manageyards-display-component---NewYard","bindingPath":{"path":"","propertyPath":"/PLANT","modelName":"NewYardModel"},"interaction":{"idSuffix":"inner"}},"wdio_ui5_key":"etmportal.ui.manageyards.view.Newsap.m.Input{\"path\":\"\",\"propertyPath\":\"/PLANT\",\"modelName\":\"NewYardModel\"}"}]}
RESULT: {"script":"<script> [1562 bytes]","args":[{"selector":{"controlType":"sap.m.Input","viewName":"etm.portal.ui.manageyards.view.New","viewId":"application-manageyards-display-component---NewYard","bindingPath":{"path":"","propertyPath":"/PLANT","modelName":"NewYardModel"},"interaction":{"idSuffix":"inner"}},"wdio_ui5_key":"etmportal.ui.manageyards.view.Newsap.m.Input{\"path\":\"\",\"propertyPath\":\"/PLANT\",\"modelName\":\"NewYardModel\"}"}]}
RESULT: undefined
COMMAND: POST /session/c8a541b4b4c3a19e1c9b1ed3871b16eb/execute/async - {"script":"<script> [776 bytes]","args":[{"enterText":"1001","selector":{"controlType":"sap.m.Input","viewName":"etm.portal.ui.manageyards.view.New","viewId":"application-manageyards-display-component---NewYard","bindingPath":{"path":"","propertyPath":"/PLANT","modelName":"NewYardModel"},"interaction":{"idSuffix":"inner"}},"clearTextFirst":true,"interactionType":"ENTER_TEXT"}]}
RESULT: {"script":"<script> [776 bytes]","args":[{"enterText":"1001","selector":{"controlType":"sap.m.Input","viewName":"etm.portal.ui.manageyards.view.New","viewId":"application-manageyards-display-component---NewYard","bindingPath":{"path":"","propertyPath":"/PLANT","modelName":"NewYardModel"},"interaction":{"idSuffix":"inner"}},"clearTextFirst":true,"interactionType":"ENTER_TEXT"}]}
COMMAND: POST /session/c8a541b4b4c3a19e1c9b1ed3871b16eb/execute/async - {"script":"<script> [1562 bytes]","args":[{"selector":{"controlType":"sap.m.Input","viewName":"etm.portal.ui.manageyards.view.New","viewId":"application-manageyards-display-component---NewYard","bindingPath":{"path":"","propertyPath":"/SALES_AREA_VKORG","modelName":"NewYardModel"},"interaction":{"idSuffix":"inner"}},"wdio_ui5_key":"etmportal.ui.manageyards.view.Newsap.m.Input{\"path\":\"\",\"propertyPath\":\"/SALES_AREA_VKORG\",\"modelName\":\"NewYardModel\"}"}]}
RESULT: {"script":"<script> [1562 bytes]","args":[{"selector":{"controlType":"sap.m.Input","viewName":"etm.portal.ui.manageyards.view.New","viewId":"application-manageyards-display-component---NewYard","bindingPath":{"path":"","propertyPath":"/SALES_AREA_VKORG","modelName":"NewYardModel"},"interaction":{"idSuffix":"inner"}},"wdio_ui5_key":"etmportal.ui.manageyards.view.Newsap.m.Input{\"path\":\"\",\"propertyPath\":\"/SALES_AREA_VKORG\",\"modelName\":\"NewYardModel\"}"}]}
RESULT: undefined
COMMAND: POST /session/c8a541b4b4c3a19e1c9b1ed3871b16eb/execute/async - {"script":"<script> [776 bytes]","args":[{"enterText":"C002","selector":{"controlType":"sap.m.Input","viewName":"etm.portal.ui.manageyards.view.New","viewId":"application-manageyards-display-component---NewYard","bindingPath":{"path":"","propertyPath":"/SALES_AREA_VKORG","modelName":"NewYardModel"},"interaction":{"idSuffix":"inner"}},"clearTextFirst":true,"interactionType":"ENTER_TEXT"}]}
RESULT: {"script":"<script> [776 bytes]","args":[{"enterText":"C002","selector":{"controlType":"sap.m.Input","viewName":"etm.portal.ui.manageyards.view.New","viewId":"application-manageyards-display-component---NewYard","bindingPath":{"path":"","propertyPath":"/SALES_AREA_VKORG","modelName":"NewYardModel"},"interaction":{"idSuffix":"inner"}},"clearTextFirst":true,"interactionType":"ENTER_TEXT"}]}
COMMAND: POST /session/c8a541b4b4c3a19e1c9b1ed3871b16eb/execute/async - {"script":"<script> [1562 bytes]","args":[{"selector":{"controlType":"sap.m.Input","viewName":"etm.portal.ui.manageyards.view.New","viewId":"application-manageyards-display-component---NewYard","bindingPath":{"path":"","propertyPath":"/SALES_AREA_VTWEG","modelName":"NewYardModel"},"interaction":{"idSuffix":"inner"}},"wdio_ui5_key":"etmportal.ui.manageyards.view.Newsap.m.Input{\"path\":\"\",\"propertyPath\":\"/SALES_AREA_VTWEG\",\"modelName\":\"NewYardModel\"}"}]}
RESULT: {"script":"<script> [1562 bytes]","args":[{"selector":{"controlType":"sap.m.Input","viewName":"etm.portal.ui.manageyards.view.New","viewId":"application-manageyards-display-component---NewYard","bindingPath":{"path":"","propertyPath":"/SALES_AREA_VTWEG","modelName":"NewYardModel"},"interaction":{"idSuffix":"inner"}},"wdio_ui5_key":"etmportal.ui.manageyards.view.Newsap.m.Input{\"path\":\"\",\"propertyPath\":\"/SALES_AREA_VTWEG\",\"modelName\":\"NewYardModel\"}"}]}
RESULT: undefined
COMMAND: POST /session/c8a541b4b4c3a19e1c9b1ed3871b16eb/execute/async - {"script":"<script> [776 bytes]","args":[{"enterText":"C2","selector":{"controlType":"sap.m.Input","viewName":"etm.portal.ui.manageyards.view.New","viewId":"application-manageyards-display-component---NewYard","bindingPath":{"path":"","propertyPath":"/SALES_AREA_VTWEG","modelName":"NewYardModel"},"interaction":{"idSuffix":"inner"}},"clearTextFirst":true,"interactionType":"ENTER_TEXT"}]}
RESULT: {"script":"<script> [776 bytes]","args":[{"enterText":"C2","selector":{"controlType":"sap.m.Input","viewName":"etm.portal.ui.manageyards.view.New","viewId":"application-manageyards-display-component---NewYard","bindingPath":{"path":"","propertyPath":"/SALES_AREA_VTWEG","modelName":"NewYardModel"},"interaction":{"idSuffix":"inner"}},"clearTextFirst":true,"interactionType":"ENTER_TEXT"}]}
COMMAND: POST /session/c8a541b4b4c3a19e1c9b1ed3871b16eb/execute/async - {"script":"<script> [1562 bytes]","args":[{"selector":{"controlType":"sap.m.Input","viewName":"etm.portal.ui.manageyards.view.New","viewId":"application-manageyards-display-component---NewYard","bindingPath":{"path":"","propertyPath":"/SALES_AREA_SPART","modelName":"NewYardModel"},"interaction":{"idSuffix":"inner"}},"wdio_ui5_key":"etmportal.ui.manageyards.view.Newsap.m.Input{\"path\":\"\",\"propertyPath\":\"/SALES_AREA_SPART\",\"modelName\":\"NewYardModel\"}"}]}
RESULT: {"script":"<script> [1562 bytes]","args":[{"selector":{"controlType":"sap.m.Input","viewName":"etm.portal.ui.manageyards.view.New","viewId":"application-manageyards-display-component---NewYard","bindingPath":{"path":"","propertyPath":"/SALES_AREA_SPART","modelName":"NewYardModel"},"interaction":{"idSuffix":"inner"}},"wdio_ui5_key":"etmportal.ui.manageyards.view.Newsap.m.Input{\"path\":\"\",\"propertyPath\":\"/SALES_AREA_SPART\",\"modelName\":\"NewYardModel\"}"}]}
RESULT: undefined
COMMAND: POST /session/c8a541b4b4c3a19e1c9b1ed3871b16eb/execute/async - {"script":"<script> [776 bytes]","args":[{"enterText":"C2","selector":{"controlType":"sap.m.Input","viewName":"etm.portal.ui.manageyards.view.New","viewId":"application-manageyards-display-component---NewYard","bindingPath":{"path":"","propertyPath":"/SALES_AREA_SPART","modelName":"NewYardModel"},"interaction":{"idSuffix":"inner"}},"clearTextFirst":true,"interactionType":"ENTER_TEXT"}]}
RESULT: {"script":"<script> [776 bytes]","args":[{"enterText":"C2","selector":{"controlType":"sap.m.Input","viewName":"etm.portal.ui.manageyards.view.New","viewId":"application-manageyards-display-component---NewYard","bindingPath":{"path":"","propertyPath":"/SALES_AREA_SPART","modelName":"NewYardModel"},"interaction":{"idSuffix":"inner"}},"clearTextFirst":true,"interactionType":"ENTER_TEXT"}]}
COMMAND: POST /session/c8a541b4b4c3a19e1c9b1ed3871b16eb/execute/async - {"script":"<script> [1562 bytes]","args":[{"selector":{"controlType":"sap.m.Input","viewName":"etm.portal.ui.manageyards.view.New","viewId":"application-manageyards-display-component---NewYard","bindingPath":{"path":"","propertyPath":"/SHIP_POINT","modelName":"NewYardModel"},"interaction":{"idSuffix":"inner"}},"wdio_ui5_key":"etmportal.ui.manageyards.view.Newsap.m.Input{\"path\":\"\",\"propertyPath\":\"/SHIP_POINT\",\"modelName\":\"NewYardModel\"}"}]}
RESULT: {"script":"<script> [1562 bytes]","args":[{"selector":{"controlType":"sap.m.Input","viewName":"etm.portal.ui.manageyards.view.New","viewId":"application-manageyards-display-component---NewYard","bindingPath":{"path":"","propertyPath":"/SHIP_POINT","modelName":"NewYardModel"},"interaction":{"idSuffix":"inner"}},"wdio_ui5_key":"etmportal.ui.manageyards.view.Newsap.m.Input{\"path\":\"\",\"propertyPath\":\"/SHIP_POINT\",\"modelName\":\"NewYardModel\"}"}]}
RESULT: undefined
COMMAND: POST /session/c8a541b4b4c3a19e1c9b1ed3871b16eb/execute/async - {"script":"<script> [776 bytes]","args":[{"enterText":"1710","selector":{"controlType":"sap.m.Input","viewName":"etm.portal.ui.manageyards.view.New","viewId":"application-manageyards-display-component---NewYard","bindingPath":{"path":"","propertyPath":"/SHIP_POINT","modelName":"NewYardModel"},"interaction":{"idSuffix":"inner"}},"clearTextFirst":true,"interactionType":"ENTER_TEXT"}]}
RESULT: {"script":"<script> [776 bytes]","args":[{"enterText":"1710","selector":{"controlType":"sap.m.Input","viewName":"etm.portal.ui.manageyards.view.New","viewId":"application-manageyards-display-component---NewYard","bindingPath":{"path":"","propertyPath":"/SHIP_POINT","modelName":"NewYardModel"},"interaction":{"idSuffix":"inner"}},"clearTextFirst":true,"interactionType":"ENTER_TEXT"}]}
COMMAND: POST /session/c8a541b4b4c3a19e1c9b1ed3871b16eb/execute/async - {"script":"<script> [1562 bytes]","args":[{"selector":{"controlType":"sap.m.Input","viewName":"etm.portal.ui.manageyards.view.New","viewId":"application-manageyards-display-component---NewYard","bindingPath":{"path":"","propertyPath":"/DELIVERY_TYPE","modelName":"NewYardModel"},"interaction":{"idSuffix":"inner"}},"wdio_ui5_key":"etmportal.ui.manageyards.view.Newsap.m.Input{\"path\":\"\",\"propertyPath\":\"/DELIVERY_TYPE\",\"modelName\":\"NewYardModel\"}"}]}
RESULT: {"script":"<script> [1562 bytes]","args":[{"selector":{"controlType":"sap.m.Input","viewName":"etm.portal.ui.manageyards.view.New","viewId":"application-manageyards-display-component---NewYard","bindingPath":{"path":"","propertyPath":"/DELIVERY_TYPE","modelName":"NewYardModel"},"interaction":{"idSuffix":"inner"}},"wdio_ui5_key":"etmportal.ui.manageyards.view.Newsap.m.Input{\"path\":\"\",\"propertyPath\":\"/DELIVERY_TYPE\",\"modelName\":\"NewYardModel\"}"}]}
RESULT: undefined
COMMAND: POST /session/c8a541b4b4c3a19e1c9b1ed3871b16eb/execute/async - {"script":"<script> [776 bytes]","args":[{"enterText":"ZL01","selector":{"controlType":"sap.m.Input","viewName":"etm.portal.ui.manageyards.view.New","viewId":"application-manageyards-display-component---NewYard","bindingPath":{"path":"","propertyPath":"/DELIVERY_TYPE","modelName":"NewYardModel"},"interaction":{"idSuffix":"inner"}},"clearTextFirst":true,"interactionType":"ENTER_TEXT"}]}
RESULT: {"script":"<script> [776 bytes]","args":[{"enterText":"ZL01","selector":{"controlType":"sap.m.Input","viewName":"etm.portal.ui.manageyards.view.New","viewId":"application-manageyards-display-component---NewYard","bindingPath":{"path":"","propertyPath":"/DELIVERY_TYPE","modelName":"NewYardModel"},"interaction":{"idSuffix":"inner"}},"clearTextFirst":true,"interactionType":"ENTER_TEXT"}]}
COMMAND: POST /session/c8a541b4b4c3a19e1c9b1ed3871b16eb/execute/async - {"script":"<script> [1562 bytes]","args":[{"selector":{"controlType":"sap.m.Input","viewName":"etm.portal.ui.manageyards.view.New","viewId":"application-manageyards-display-component---NewYard","bindingPath":{"path":"","propertyPath":"/AUART","modelName":"NewYardModel"},"interaction":{"idSuffix":"inner"}},"wdio_ui5_key":"etmportal.ui.manageyards.view.Newsap.m.Input{\"path\":\"\",\"propertyPath\":\"/AUART\",\"modelName\":\"NewYardModel\"}"}]}
RESULT: {"script":"<script> [1562 bytes]","args":[{"selector":{"controlType":"sap.m.Input","viewName":"etm.portal.ui.manageyards.view.New","viewId":"application-manageyards-display-component---NewYard","bindingPath":{"path":"","propertyPath":"/AUART","modelName":"NewYardModel"},"interaction":{"idSuffix":"inner"}},"wdio_ui5_key":"etmportal.ui.manageyards.view.Newsap.m.Input{\"path\":\"\",\"propertyPath\":\"/AUART\",\"modelName\":\"NewYardModel\"}"}]}
RESULT: undefined
COMMAND: POST /session/c8a541b4b4c3a19e1c9b1ed3871b16eb/execute/async - {"script":"<script> [776 bytes]","args":[{"enterText":"TA","selector":{"controlType":"sap.m.Input","viewName":"etm.portal.ui.manageyards.view.New","viewId":"application-manageyards-display-component---NewYard","bindingPath":{"path":"","propertyPath":"/AUART","modelName":"NewYardModel"},"interaction":{"idSuffix":"inner"}},"clearTextFirst":true,"interactionType":"ENTER_TEXT"}]}
RESULT: {"script":"<script> [776 bytes]","args":[{"enterText":"TA","selector":{"controlType":"sap.m.Input","viewName":"etm.portal.ui.manageyards.view.New","viewId":"application-manageyards-display-component---NewYard","bindingPath":{"path":"","propertyPath":"/AUART","modelName":"NewYardModel"},"interaction":{"idSuffix":"inner"}},"clearTextFirst":true,"interactionType":"ENTER_TEXT"}]}
COMMAND: POST /session/c8a541b4b4c3a19e1c9b1ed3871b16eb/element - {"using":"xpath","value":"//button[@data-kt=\"newYardSaveButton\"]"}
RESULT: {"using":"xpath","value":"//button[@data-kt=\"newYardSaveButton\"]"}
COMMAND: POST /session/c8a541b4b4c3a19e1c9b1ed3871b16eb/element/f.AA8EB58E3CC8A06D4892695265F737EE.d.E2E3C35673A3DFEE4602CC471548B900.e.4125/click - {}
RESULT: {}
COMMAND: GET /session/c8a541b4b4c3a19e1c9b1ed3871b16eb/screenshot - {}
RESULT: {}
COMMAND: POST /session/c8a541b4b4c3a19e1c9b1ed3871b16eb/element - {"using":"xpath","value":"//header[contains(@id, 'ObjectPageLayout-headerTitle')]/div[1]/div[2]/div[1]/span[1]"}
RESULT: {"using":"xpath","value":"//header[contains(@id, 'ObjectPageLayout-headerTitle')]/div[1]/div[2]/div[1]/span[1]"}
COMMAND: POST /session/c8a541b4b4c3a19e1c9b1ed3871b16eb/elements - {"using":"xpath","value":"//header[contains(@id, 'ObjectPageLayout-headerTitle')]/div[1]/div[2]/div[1]/span[1]"}
RESULT: {"using":"xpath","value":"//header[contains(@id, 'ObjectPageLayout-headerTitle')]/div[1]/div[2]/div[1]/span[1]"}
COMMAND: POST /session/c8a541b4b4c3a19e1c9b1ed3871b16eb/execute/sync - {"script":"<script> [56 bytes]","args":[{"element-6066-11e4-a52e-4f735466cecf":"f.AA8EB58E3CC8A06D4892695265F737EE.d.E2E3C35673A3DFEE4602CC471548B900.e.4418","ELEMENT":"f.AA8EB58E3CC8A06D4892695265F737EE.d.E2E3C35673A3DFEE4602CC471548B900.e.4418"}]}
RESULT: {"script":"<script> [56 bytes]","args":[{"element-6066-11e4-a52e-4f735466cecf":"f.AA8EB58E3CC8A06D4892695265F737EE.d.E2E3C35673A3DFEE4602CC471548B900.e.4418","ELEMENT":"f.AA8EB58E3CC8A06D4892695265F737EE.d.E2E3C35673A3DFEE4602CC471548B900.e.4418"}]}
COMMAND: GET /session/c8a541b4b4c3a19e1c9b1ed3871b16eb/screenshot - {}
RESULT: {}
COMMAND: POST /session/c8a541b4b4c3a19e1c9b1ed3871b16eb/element - {"using":"css selector","value":"#shell-header-logo"}
RESULT: {"using":"css selector","value":"#shell-header-logo"}
COMMAND: POST /session/c8a541b4b4c3a19e1c9b1ed3871b16eb/element/f.AA8EB58E3CC8A06D4892695265F737EE.d.E2E3C35673A3DFEE4602CC471548B900.e.3566/click - {}
RESULT: {}
COMMAND: GET /session/c8a541b4b4c3a19e1c9b1ed3871b16eb/screenshot - {}
RESULT: {}
COMMAND: POST /session/c8a541b4b4c3a19e1c9b1ed3871b16eb/execute/sync - {"script":"<script> [299 bytes]","args":[["getModel","getResource"]]}
RESULT: {"script":"<script> [299 bytes]","args":[["getModel","getResource"]]}
COMMAND: POST /session/c8a541b4b4c3a19e1c9b1ed3871b16eb/window/fullscreen - {}
COMMAND: GET /session/c8a541b4b4c3a19e1c9b1ed3871b16eb/screenshot - {}
RESULT: {}
COMMAND: POST /session/c8a541b4b4c3a19e1c9b1ed3871b16eb/execute/async - {"script":"<script> [1562 bytes]","args":[{"selector":{"controlType":"sap.m.GenericTile","properties":{"header":"Manage Partners"}},"wdio_ui5_key":"sapm.GenericTile{\"header\":\"Manage Partners\"}"}]}
RESULT: {}
RESULT: {"script":"<script> [1562 bytes]","args":[{"selector":{"controlType":"sap.m.GenericTile","properties":{"header":"Manage Partners"}},"wdio_ui5_key":"sapm.GenericTile{\"header\":\"Manage Partners\"}"}]}
RESULT: undefined
COMMAND: POST /session/c8a541b4b4c3a19e1c9b1ed3871b16eb/element - {"using":"xpath","value":"//*[@id=\"__tile30\"]"}
RESULT: {"using":"xpath","value":"//*[@id=\"__tile30\"]"}
COMMAND: POST /session/c8a541b4b4c3a19e1c9b1ed3871b16eb/element/f.AA8EB58E3CC8A06D4892695265F737EE.d.E2E3C35673A3DFEE4602CC471548B900.e.3586/click - {}
RESULT: {}
COMMAND: GET /session/c8a541b4b4c3a19e1c9b1ed3871b16eb/screenshot - {}
RESULT: {}
COMMAND: POST /session/c8a541b4b4c3a19e1c9b1ed3871b16eb/elements - {"using":"xpath","value":"//span[text()='Error']"}
RESULT: {"using":"xpath","value":"//span[text()='Error']"}
COMMAND: POST /session/c8a541b4b4c3a19e1c9b1ed3871b16eb/element - {"using":"xpath","value":"//button[@data-kt=\"addButton\"]"}
RESULT: {"using":"xpath","value":"//button[@data-kt=\"addButton\"]"}
COMMAND: POST /session/c8a541b4b4c3a19e1c9b1ed3871b16eb/elements - {"using":"xpath","value":"//button[@data-kt=\"addButton\"]"}
RESULT: {"using":"xpath","value":"//button[@data-kt=\"addButton\"]"}
COMMAND: POST /session/c8a541b4b4c3a19e1c9b1ed3871b16eb/execute/sync - {"script":"<script> [8489 bytes]","args":[{"element-6066-11e4-a52e-4f735466cecf":"f.AA8EB58E3CC8A06D4892695265F737EE.d.E2E3C35673A3DFEE4602CC471548B900.e.4466","ELEMENT":"f.AA8EB58E3CC8A06D4892695265F737EE.d.E2E3C35673A3DFEE4602CC471548B900.e.4466"}]}
RESULT: {"script":"<script> [8489 bytes]","args":[{"element-6066-11e4-a52e-4f735466cecf":"f.AA8EB58E3CC8A06D4892695265F737EE.d.E2E3C35673A3DFEE4602CC471548B900.e.4466","ELEMENT":"f.AA8EB58E3CC8A06D4892695265F737EE.d.E2E3C35673A3DFEE4602CC471548B900.e.4466"}]}
COMMAND: GET /session/c8a541b4b4c3a19e1c9b1ed3871b16eb/element/f.AA8EB58E3CC8A06D4892695265F737EE.d.E2E3C35673A3DFEE4602CC471548B900.e.4466/enabled - {}
COMMAND: GET /session/c8a541b4b4c3a19e1c9b1ed3871b16eb/screenshot - {}
RESULT: {}
COMMAND: POST /session/c8a541b4b4c3a19e1c9b1ed3871b16eb/execute/sync - {"script":"<script> [8489 bytes]","args":[{"element-6066-11e4-a52e-4f735466cecf":"f.AA8EB58E3CC8A06D4892695265F737EE.d.E2E3C35673A3DFEE4602CC471548B900.e.4466","ELEMENT":"f.AA8EB58E3CC8A06D4892695265F737EE.d.E2E3C35673A3DFEE4602CC471548B900.e.4466"}]}
COMMAND: GET /session/c8a541b4b4c3a19e1c9b1ed3871b16eb/screenshot - {}
RESULT: {}
RESULT: {"script":"<script> [8489 bytes]","args":[{"element-6066-11e4-a52e-4f735466cecf":"f.AA8EB58E3CC8A06D4892695265F737EE.d.E2E3C35673A3DFEE4602CC471548B900.e.4466","ELEMENT":"f.AA8EB58E3CC8A06D4892695265F737EE.d.E2E3C35673A3DFEE4602CC471548B900.e.4466"}]}
COMMAND: POST /session/c8a541b4b4c3a19e1c9b1ed3871b16eb/execute/sync - {"script":"<script> [5351 bytes]","args":[{"element-6066-11e4-a52e-4f735466cecf":"f.AA8EB58E3CC8A06D4892695265F737EE.d.E2E3C35673A3DFEE4602CC471548B900.e.4466","ELEMENT":"f.AA8EB58E3CC8A06D4892695265F737EE.d.E2E3C35673A3DFEE4602CC471548B900.e.4466"}]}
COMMAND: GET /session/c8a541b4b4c3a19e1c9b1ed3871b16eb/screenshot - {}
RESULT: {}
RESULT: {"script":"<script> [5351 bytes]","args":[{"element-6066-11e4-a52e-4f735466cecf":"f.AA8EB58E3CC8A06D4892695265F737EE.d.E2E3C35673A3DFEE4602CC471548B900.e.4466","ELEMENT":"f.AA8EB58E3CC8A06D4892695265F737EE.d.E2E3C35673A3DFEE4602CC471548B900.e.4466"}]}
COMMAND: POST /session/c8a541b4b4c3a19e1c9b1ed3871b16eb/element/f.AA8EB58E3CC8A06D4892695265F737EE.d.E2E3C35673A3DFEE4602CC471548B900.e.4466/click - {}
COMMAND: GET /session/c8a541b4b4c3a19e1c9b1ed3871b16eb/screenshot - {}
RESULT: {}
RESULT: {}
COMMAND: GET /session/c8a541b4b4c3a19e1c9b1ed3871b16eb/screenshot - {}
COMMAND: POST /session/c8a541b4b4c3a19e1c9b1ed3871b16eb/execute/async - {"script":"<script> [1562 bytes]","args":[{"selector":{"id":"application-managepartners-display-component---NewPartner--addressDetailDetailsName1","interaction":{"idSuffix":"inner"}},"wdio_ui5_key":"applicationmanagepartners-display-component---NewPartner--addressDetailDetailsName1"}]}
RESULT: {}
RESULT: {}
RESULT: {"script":"<script> [1562 bytes]","args":[{"selector":{"id":"application-managepartners-display-component---NewPartner--addressDetailDetailsName1","interaction":{"idSuffix":"inner"}},"wdio_ui5_key":"applicationmanagepartners-display-component---NewPartner--addressDetailDetailsName1"}]}
RESULT: undefined
COMMAND: POST /session/c8a541b4b4c3a19e1c9b1ed3871b16eb/execute/async - {"script":"<script> [776 bytes]","args":[{"enterText":"Intercompany Partner WDIO","selector":{"id":"application-managepartners-display-component---NewPartner--addressDetailDetailsName1","interaction":{"idSuffix":"inner"}},"clearTextFirst":true,"interactionType":"ENTER_TEXT"}]}
RESULT: {"script":"<script> [776 bytes]","args":[{"enterText":"Intercompany Partner WDIO","selector":{"id":"application-managepartners-display-component---NewPartner--addressDetailDetailsName1","interaction":{"idSuffix":"inner"}},"clearTextFirst":true,"interactionType":"ENTER_TEXT"}]}
COMMAND: POST /session/c8a541b4b4c3a19e1c9b1ed3871b16eb/execute/async - {"script":"<script> [1562 bytes]","args":[{"selector":{"id":"application-managepartners-display-component---NewPartner--addressDetailDetailsLanguage-arrow"},"wdio_ui5_key":"applicationmanagepartners-display-component---NewPartner--addressDetailDetailsLanguage-arrow"}]}
RESULT: {"script":"<script> [1562 bytes]","args":[{"selector":{"id":"application-managepartners-display-component---NewPartner--addressDetailDetailsLanguage-arrow"},"wdio_ui5_key":"applicationmanagepartners-display-component---NewPartner--addressDetailDetailsLanguage-arrow"}]}
RESULT: undefined
COMMAND: POST /session/c8a541b4b4c3a19e1c9b1ed3871b16eb/element - {"using":"xpath","value":"//*[@id=\"application-managepartners-display-component---NewPartner--addressDetailDetailsLanguage-arrow\"]"}
RESULT: {"using":"xpath","value":"//*[@id=\"application-managepartners-display-component---NewPartner--addressDetailDetailsLanguage-arrow\"]"}
COMMAND: POST /session/c8a541b4b4c3a19e1c9b1ed3871b16eb/element/f.AA8EB58E3CC8A06D4892695265F737EE.d.E2E3C35673A3DFEE4602CC471548B900.e.4903/click - {}
RESULT: {}
COMMAND: POST /session/c8a541b4b4c3a19e1c9b1ed3871b16eb/element - {"using":"xpath","value":"//span[contains(text(), \"English\")]"}
COMMAND: GET /session/c8a541b4b4c3a19e1c9b1ed3871b16eb/screenshot - {}
RESULT: {"using":"xpath","value":"//span[contains(text(), \"English\")]"}
COMMAND: POST /session/c8a541b4b4c3a19e1c9b1ed3871b16eb/element/f.AA8EB58E3CC8A06D4892695265F737EE.d.E2E3C35673A3DFEE4602CC471548B900.e.4904/click - {}
RESULT: {}
RESULT: {}
COMMAND: GET /session/c8a541b4b4c3a19e1c9b1ed3871b16eb/screenshot - {}
RESULT: {}
COMMAND: POST /session/c8a541b4b4c3a19e1c9b1ed3871b16eb/execute/async - {"script":"<script> [1562 bytes]","args":[{"selector":{"id":"application-managepartners-display-component---NewPartner--addressDetailDetailsCity1","interaction":{"idSuffix":"inner"}},"wdio_ui5_key":"applicationmanagepartners-display-component---NewPartner--addressDetailDetailsCity1"}]}
RESULT: {"script":"<script> [1562 bytes]","args":[{"selector":{"id":"application-managepartners-display-component---NewPartner--addressDetailDetailsCity1","interaction":{"idSuffix":"inner"}},"wdio_ui5_key":"applicationmanagepartners-display-component---NewPartner--addressDetailDetailsCity1"}]}
RESULT: undefined
COMMAND: POST /session/c8a541b4b4c3a19e1c9b1ed3871b16eb/execute/async - {"script":"<script> [776 bytes]","args":[{"enterText":"Rosario","selector":{"id":"application-managepartners-display-component---NewPartner--addressDetailDetailsCity1","interaction":{"idSuffix":"inner"}},"clearTextFirst":true,"interactionType":"ENTER_TEXT"}]}
RESULT: {"script":"<script> [776 bytes]","args":[{"enterText":"Rosario","selector":{"id":"application-managepartners-display-component---NewPartner--addressDetailDetailsCity1","interaction":{"idSuffix":"inner"}},"clearTextFirst":true,"interactionType":"ENTER_TEXT"}]}
COMMAND: POST /session/c8a541b4b4c3a19e1c9b1ed3871b16eb/execute/async - {"script":"<script> [1562 bytes]","args":[{"selector":{"id":"application-managepartners-display-component---NewPartner--addressDetailDetailsCountry-arrow"},"wdio_ui5_key":"applicationmanagepartners-display-component---NewPartner--addressDetailDetailsCountry-arrow"}]}
RESULT: {"script":"<script> [1562 bytes]","args":[{"selector":{"id":"application-managepartners-display-component---NewPartner--addressDetailDetailsCountry-arrow"},"wdio_ui5_key":"applicationmanagepartners-display-component---NewPartner--addressDetailDetailsCountry-arrow"}]}
RESULT: undefined
COMMAND: POST /session/c8a541b4b4c3a19e1c9b1ed3871b16eb/element - {"using":"xpath","value":"//*[@id=\"application-managepartners-display-component---NewPartner--addressDetailDetailsCountry-arrow\"]"}
RESULT: {"using":"xpath","value":"//*[@id=\"application-managepartners-display-component---NewPartner--addressDetailDetailsCountry-arrow\"]"}
COMMAND: POST /session/c8a541b4b4c3a19e1c9b1ed3871b16eb/element/f.AA8EB58E3CC8A06D4892695265F737EE.d.E2E3C35673A3DFEE4602CC471548B900.e.4879/click - {}
RESULT: {}
COMMAND: POST /session/c8a541b4b4c3a19e1c9b1ed3871b16eb/element - {"using":"xpath","value":"//span[contains(text(), \"Argentina\")]"}
COMMAND: GET /session/c8a541b4b4c3a19e1c9b1ed3871b16eb/screenshot - {}
RESULT: {"using":"xpath","value":"//span[contains(text(), \"Argentina\")]"}
COMMAND: POST /session/c8a541b4b4c3a19e1c9b1ed3871b16eb/element/f.AA8EB58E3CC8A06D4892695265F737EE.d.E2E3C35673A3DFEE4602CC471548B900.e.4906/click - {}
RESULT: {}
RESULT: {}
COMMAND: GET /session/c8a541b4b4c3a19e1c9b1ed3871b16eb/screenshot - {}
RESULT: {}
COMMAND: POST /session/c8a541b4b4c3a19e1c9b1ed3871b16eb/element - {"using":"xpath","value":"//bdi[contains(text(), \"Commercial\")]"}
RESULT: {"using":"xpath","value":"//bdi[contains(text(), \"Commercial\")]"}
COMMAND: POST /session/c8a541b4b4c3a19e1c9b1ed3871b16eb/element/f.AA8EB58E3CC8A06D4892695265F737EE.d.E2E3C35673A3DFEE4602CC471548B900.e.4907/click - {}
RESULT: {}
COMMAND: GET /session/c8a541b4b4c3a19e1c9b1ed3871b16eb/screenshot - {}
RESULT: {}
COMMAND: POST /session/c8a541b4b4c3a19e1c9b1ed3871b16eb/execute/async - {"script":"<script> [1562 bytes]","args":[{"selector":{"id":"application-managepartners-display-component---NewPartner--partnerDetailInternal-arrow"},"wdio_ui5_key":"applicationmanagepartners-display-component---NewPartner--partnerDetailInternal-arrow"}]}
RESULT: {"script":"<script> [1562 bytes]","args":[{"selector":{"id":"application-managepartners-display-component---NewPartner--partnerDetailInternal-arrow"},"wdio_ui5_key":"applicationmanagepartners-display-component---NewPartner--partnerDetailInternal-arrow"}]}
RESULT: undefined
COMMAND: POST /session/c8a541b4b4c3a19e1c9b1ed3871b16eb/element - {"using":"xpath","value":"//*[@id=\"application-managepartners-display-component---NewPartner--partnerDetailInternal-arrow\"]"}
RESULT: {"using":"xpath","value":"//*[@id=\"application-managepartners-display-component---NewPartner--partnerDetailInternal-arrow\"]"}
COMMAND: POST /session/c8a541b4b4c3a19e1c9b1ed3871b16eb/element/f.AA8EB58E3CC8A06D4892695265F737EE.d.E2E3C35673A3DFEE4602CC471548B900.e.4913/click - {}
RESULT: {}
COMMAND: POST /session/c8a541b4b4c3a19e1c9b1ed3871b16eb/element - {"using":"xpath","value":"//span[contains(text(), \"Affiliated company\")]"}
COMMAND: GET /session/c8a541b4b4c3a19e1c9b1ed3871b16eb/screenshot - {}
RESULT: {"using":"xpath","value":"//span[contains(text(), \"Affiliated company\")]"}
COMMAND: POST /session/c8a541b4b4c3a19e1c9b1ed3871b16eb/element/f.AA8EB58E3CC8A06D4892695265F737EE.d.E2E3C35673A3DFEE4602CC471548B900.e.4916/click - {}
RESULT: {}
RESULT: {}
COMMAND: POST /session/c8a541b4b4c3a19e1c9b1ed3871b16eb/execute/async - {"script":"<script> [1562 bytes]","args":[{"selector":{"id":"application-managepartners-display-component---NewPartner--partnerDetailsCurrency-arrow"},"wdio_ui5_key":"applicationmanagepartners-display-component---NewPartner--partnerDetailsCurrency-arrow"}]}
COMMAND: GET /session/c8a541b4b4c3a19e1c9b1ed3871b16eb/screenshot - {}
RESULT: {"script":"<script> [1562 bytes]","args":[{"selector":{"id":"application-managepartners-display-component---NewPartner--partnerDetailsCurrency-arrow"},"wdio_ui5_key":"applicationmanagepartners-display-component---NewPartner--partnerDetailsCurrency-arrow"}]}
RESULT: undefined
COMMAND: POST /session/c8a541b4b4c3a19e1c9b1ed3871b16eb/element - {"using":"xpath","value":"//*[@id=\"application-managepartners-display-component---NewPartner--partnerDetailsCurrency-arrow\"]"}
RESULT: {}
RESULT: {"using":"xpath","value":"//*[@id=\"application-managepartners-display-component---NewPartner--partnerDetailsCurrency-arrow\"]"}
COMMAND: POST /session/c8a541b4b4c3a19e1c9b1ed3871b16eb/element/f.AA8EB58E3CC8A06D4892695265F737EE.d.E2E3C35673A3DFEE4602CC471548B900.e.4923/click - {}
RESULT: {}
COMMAND: POST /session/c8a541b4b4c3a19e1c9b1ed3871b16eb/element - {"using":"xpath","value":"//span[contains(text(), \"Euro\")]"}
COMMAND: GET /session/c8a541b4b4c3a19e1c9b1ed3871b16eb/screenshot - {}
RESULT: {"using":"xpath","value":"//span[contains(text(), \"Euro\")]"}
COMMAND: POST /session/c8a541b4b4c3a19e1c9b1ed3871b16eb/element/f.AA8EB58E3CC8A06D4892695265F737EE.d.E2E3C35673A3DFEE4602CC471548B900.e.4924/click - {}
RESULT: {}
RESULT: {}
COMMAND: POST /session/c8a541b4b4c3a19e1c9b1ed3871b16eb/execute/async - {"script":"<script> [1562 bytes]","args":[{"selector":{"id":"application-managepartners-display-component---NewPartner--addressEditDetailsCostObjectCstType-arrow"},"wdio_ui5_key":"applicationmanagepartners-display-component---NewPartner--addressEditDetailsCostObjectCstType-arrow"}]}
COMMAND: GET /session/c8a541b4b4c3a19e1c9b1ed3871b16eb/screenshot - {}
RESULT: {"script":"<script> [1562 bytes]","args":[{"selector":{"id":"application-managepartners-display-component---NewPartner--addressEditDetailsCostObjectCstType-arrow"},"wdio_ui5_key":"applicationmanagepartners-display-component---NewPartner--addressEditDetailsCostObjectCstType-arrow"}]}
RESULT: undefined
COMMAND: POST /session/c8a541b4b4c3a19e1c9b1ed3871b16eb/element - {"using":"xpath","value":"//*[@id=\"application-managepartners-display-component---NewPartner--addressEditDetailsCostObjectCstType-arrow\"]"}
RESULT: {}
RESULT: {"using":"xpath","value":"//*[@id=\"application-managepartners-display-component---NewPartner--addressEditDetailsCostObjectCstType-arrow\"]"}
COMMAND: POST /session/c8a541b4b4c3a19e1c9b1ed3871b16eb/element/f.AA8EB58E3CC8A06D4892695265F737EE.d.E2E3C35673A3DFEE4602CC471548B900.e.4925/click - {}
RESULT: {}
COMMAND: POST /session/c8a541b4b4c3a19e1c9b1ed3871b16eb/element - {"using":"xpath","value":"//span[contains(text(), \"Cost Center\")]"}
COMMAND: GET /session/c8a541b4b4c3a19e1c9b1ed3871b16eb/screenshot - {}
RESULT: {"using":"xpath","value":"//span[contains(text(), \"Cost Center\")]"}
COMMAND: POST /session/c8a541b4b4c3a19e1c9b1ed3871b16eb/element/f.AA8EB58E3CC8A06D4892695265F737EE.d.E2E3C35673A3DFEE4602CC471548B900.e.4926/click - {}
RESULT: {}
RESULT: {}
COMMAND: GET /session/c8a541b4b4c3a19e1c9b1ed3871b16eb/screenshot - {}
RESULT: {}
COMMAND: POST /session/c8a541b4b4c3a19e1c9b1ed3871b16eb/element - {"using":"xpath","value":"//span[@id=\"application-managepartners-display-component---NewPartner--addressNewCostObjectCstID-vhi\"]"}
RESULT: {"using":"xpath","value":"//span[@id=\"application-managepartners-display-component---NewPartner--addressNewCostObjectCstID-vhi\"]"}
COMMAND: POST /session/c8a541b4b4c3a19e1c9b1ed3871b16eb/execute/sync - {"script":"<script> [8489 bytes]","args":[{"element-6066-11e4-a52e-4f735466cecf":"f.AA8EB58E3CC8A06D4892695265F737EE.d.E2E3C35673A3DFEE4602CC471548B900.e.4930","ELEMENT":"f.AA8EB58E3CC8A06D4892695265F737EE.d.E2E3C35673A3DFEE4602CC471548B900.e.4930"}]}
RESULT: {"script":"<script> [8489 bytes]","args":[{"element-6066-11e4-a52e-4f735466cecf":"f.AA8EB58E3CC8A06D4892695265F737EE.d.E2E3C35673A3DFEE4602CC471548B900.e.4930","ELEMENT":"f.AA8EB58E3CC8A06D4892695265F737EE.d.E2E3C35673A3DFEE4602CC471548B900.e.4930"}]}
COMMAND: POST /session/c8a541b4b4c3a19e1c9b1ed3871b16eb/execute/async - {"script":"<script> [1562 bytes]","args":[{"selector":{"id":"application-managepartners-display-component---NewPartner--addressNewCostObjectCstID-vhi"},"wdio_ui5_key":"applicationmanagepartners-display-component---NewPartner--addressNewCostObjectCstID-vhi"}]}
COMMAND: GET /session/c8a541b4b4c3a19e1c9b1ed3871b16eb/screenshot - {}
RESULT: {"script":"<script> [1562 bytes]","args":[{"selector":{"id":"application-managepartners-display-component---NewPartner--addressNewCostObjectCstID-vhi"},"wdio_ui5_key":"applicationmanagepartners-display-component---NewPartner--addressNewCostObjectCstID-vhi"}]}
RESULT: undefined
COMMAND: POST /session/c8a541b4b4c3a19e1c9b1ed3871b16eb/element - {"using":"xpath","value":"//*[@id=\"application-managepartners-display-component---NewPartner--addressNewCostObjectCstID-vhi\"]"}
RESULT: {}
RESULT: {"using":"xpath","value":"//*[@id=\"application-managepartners-display-component---NewPartner--addressNewCostObjectCstID-vhi\"]"}
COMMAND: POST /session/c8a541b4b4c3a19e1c9b1ed3871b16eb/element/f.AA8EB58E3CC8A06D4892695265F737EE.d.E2E3C35673A3DFEE4602CC471548B900.e.4930/click - {}
RESULT: {}
COMMAND: GET /session/c8a541b4b4c3a19e1c9b1ed3871b16eb/screenshot - {}
RESULT: {}
RESULT: undefined
COMMAND: POST /session/c8a541b4b4c3a19e1c9b1ed3871b16eb/execute/async - {"script":"<script> [776 bytes]","args":[{"enterText":"10001013","selector":{"controlType":"sap.m.SearchField","properties":{"placeholder":"Search"},"searchOpenDialogs":true,"interaction":{"idSuffix":"I"}},"clearTextFirst":true,"interactionType":"ENTER_TEXT"}]}
RESULT: {"script":"<script> [776 bytes]","args":[{"enterText":"10001013","selector":{"controlType":"sap.m.SearchField","properties":{"placeholder":"Search"},"searchOpenDialogs":true,"interaction":{"idSuffix":"I"}},"clearTextFirst":true,"interactionType":"ENTER_TEXT"}]}
COMMAND: POST /session/c8a541b4b4c3a19e1c9b1ed3871b16eb/actions - {"actions":[{"id":"action13","type":"key","parameters":{},"actions":[{"type":"keyDown","value":"î€‡"},{"type":"pause","duration":10},{"type":"keyUp","value":"î€‡"}]}]}
RESULT: {"actions":[{"id":"action13","type":"key","parameters":{},"actions":[{"type":"keyDown","value":"î€‡"},{"type":"pause","duration":10},{"type":"keyUp","value":"î€‡"}]}]}
COMMAND: GET /session/c8a541b4b4c3a19e1c9b1ed3871b16eb/screenshot - {}
RESULT: {}
COMMAND: POST /session/c8a541b4b4c3a19e1c9b1ed3871b16eb/element - {"using":"xpath","value":"//span[contains(text(), \"General Management\")]"}
RESULT: {"using":"xpath","value":"//span[contains(text(), \"General Management\")]"}
COMMAND: POST /session/c8a541b4b4c3a19e1c9b1ed3871b16eb/element/f.AA8EB58E3CC8A06D4892695265F737EE.d.E2E3C35673A3DFEE4602CC471548B900.e.4969/click - {}
RESULT: {}
COMMAND: GET /session/c8a541b4b4c3a19e1c9b1ed3871b16eb/screenshot - {}
RESULT: {}
COMMAND: POST /session/c8a541b4b4c3a19e1c9b1ed3871b16eb/element - {"using":"xpath","value":"//bdi[contains(text(), \"OK\")]"}
RESULT: {"using":"xpath","value":"//bdi[contains(text(), \"OK\")]"}
COMMAND: POST /session/c8a541b4b4c3a19e1c9b1ed3871b16eb/element/f.AA8EB58E3CC8A06D4892695265F737EE.d.E2E3C35673A3DFEE4602CC471548B900.e.4970/click - {}
RESULT: {}
COMMAND: GET /session/c8a541b4b4c3a19e1c9b1ed3871b16eb/screenshot - {}
COMMAND: POST /session/c8a541b4b4c3a19e1c9b1ed3871b16eb/element - {"using":"xpath","value":"//input[@id=\"application-managepartners-display-component---NewPartner--companyCodeComboBox-inner\"]"}
RESULT: {}
RESULT: {"using":"xpath","value":"//input[@id=\"application-managepartners-display-component---NewPartner--companyCodeComboBox-inner\"]"}
COMMAND: POST /session/c8a541b4b4c3a19e1c9b1ed3871b16eb/element/f.AA8EB58E3CC8A06D4892695265F737EE.d.E2E3C35673A3DFEE4602CC471548B900.e.4769/clear - {}
RESULT: {}
COMMAND: POST /session/c8a541b4b4c3a19e1c9b1ed3871b16eb/element/f.AA8EB58E3CC8A06D4892695265F737EE.d.E2E3C35673A3DFEE4602CC471548B900.e.4769/value - {"text":"C002"}
COMMAND: GET /session/c8a541b4b4c3a19e1c9b1ed3871b16eb/screenshot - {}
RESULT: {"text":"C002"}
COMMAND: GET /session/c8a541b4b4c3a19e1c9b1ed3871b16eb/screenshot - {}
RESULT: {}
RESULT: {}
COMMAND: POST /session/c8a541b4b4c3a19e1c9b1ed3871b16eb/element - {"using":"xpath","value":"//li[.//span[text()= \"C002\"]]"}
RESULT: {"using":"xpath","value":"//li[.//span[text()= \"C002\"]]"}
COMMAND: POST /session/c8a541b4b4c3a19e1c9b1ed3871b16eb/element/f.AA8EB58E3CC8A06D4892695265F737EE.d.E2E3C35673A3DFEE4602CC471548B900.e.4976/click - {}
RESULT: {}
COMMAND: GET /session/c8a541b4b4c3a19e1c9b1ed3871b16eb/screenshot - {}
RESULT: {}
COMMAND: POST /session/c8a541b4b4c3a19e1c9b1ed3871b16eb/execute/async - {"script":"<script> [1562 bytes]","args":[{"selector":{"id":"application-managepartners-display-component---NewPartner--btnAddTableRow-img"},"wdio_ui5_key":"applicationmanagepartners-display-component---NewPartner--btnAddTableRow-img"}]}
RESULT: {"script":"<script> [1562 bytes]","args":[{"selector":{"id":"application-managepartners-display-component---NewPartner--btnAddTableRow-img"},"wdio_ui5_key":"applicationmanagepartners-display-component---NewPartner--btnAddTableRow-img"}]}
RESULT: undefined
COMMAND: POST /session/c8a541b4b4c3a19e1c9b1ed3871b16eb/element - {"using":"xpath","value":"//*[@id=\"application-managepartners-display-component---NewPartner--btnAddTableRow-img\"]"}
RESULT: {"using":"xpath","value":"//*[@id=\"application-managepartners-display-component---NewPartner--btnAddTableRow-img\"]"}
COMMAND: POST /session/c8a541b4b4c3a19e1c9b1ed3871b16eb/element/f.AA8EB58E3CC8A06D4892695265F737EE.d.E2E3C35673A3DFEE4602CC471548B900.e.4977/click - {}
RESULT: {}
COMMAND: GET /session/c8a541b4b4c3a19e1c9b1ed3871b16eb/screenshot - {}
RESULT: {}
COMMAND: POST /session/c8a541b4b4c3a19e1c9b1ed3871b16eb/element - {"using":"xpath","value":"//input[@id=\"application-managepartners-display-component---NewPartner--assignmentYard-application-managepartners-display-component---NewPartner--assignmentsTable-0-inner\"]"}
RESULT: {"using":"xpath","value":"//input[@id=\"application-managepartners-display-component---NewPartner--assignmentYard-application-managepartners-display-component---NewPartner--assignmentsTable-0-inner\"]"}
COMMAND: POST /session/c8a541b4b4c3a19e1c9b1ed3871b16eb/element/f.AA8EB58E3CC8A06D4892695265F737EE.d.E2E3C35673A3DFEE4602CC471548B900.e.4980/clear - {}
RESULT: {}
COMMAND: POST /session/c8a541b4b4c3a19e1c9b1ed3871b16eb/element/f.AA8EB58E3CC8A06D4892695265F737EE.d.E2E3C35673A3DFEE4602CC471548B900.e.4980/value - {"text":"608"}
COMMAND: GET /session/c8a541b4b4c3a19e1c9b1ed3871b16eb/screenshot - {}
RESULT: {"text":"608"}
COMMAND: GET /session/c8a541b4b4c3a19e1c9b1ed3871b16eb/screenshot - {}
RESULT: {}
RESULT: {}
COMMAND: POST /session/c8a541b4b4c3a19e1c9b1ed3871b16eb/element - {"using":"xpath","value":"//li[.//span[text()='608']]"}
RESULT: {"using":"xpath","value":"//li[.//span[text()='608']]"}
COMMAND: POST /session/c8a541b4b4c3a19e1c9b1ed3871b16eb/element/f.AA8EB58E3CC8A06D4892695265F737EE.d.E2E3C35673A3DFEE4602CC471548B900.e.4989/click - {}
RESULT: {}
COMMAND: GET /session/c8a541b4b4c3a19e1c9b1ed3871b16eb/screenshot - {}
RESULT: {}
COMMAND: POST /session/c8a541b4b4c3a19e1c9b1ed3871b16eb/actions - {"actions":[{"id":"action14","type":"key","parameters":{},"actions":[{"type":"keyDown","value":"î€‡"},{"type":"pause","duration":10},{"type":"keyUp","value":"î€‡"}]}]}
RESULT: {"actions":[{"id":"action14","type":"key","parameters":{},"actions":[{"type":"keyDown","value":"î€‡"},{"type":"pause","duration":10},{"type":"keyUp","value":"î€‡"}]}]}
COMMAND: POST /session/c8a541b4b4c3a19e1c9b1ed3871b16eb/execute/async - {"script":"<script> [1562 bytes]","args":[{"selector":{"id":"application-managepartners-display-component---NewPartner--externalCustomerComboBox-application-managepartners-display-component---NewPartner--assignmentsTable-0-vhi"},"wdio_ui5_key":"applicationmanagepartners-display-component---NewPartner--externalCustomerComboBox-application-managepartners-display-component---NewPartner--assignmentsTable-0-vhi"}]}
COMMAND: GET /session/c8a541b4b4c3a19e1c9b1ed3871b16eb/screenshot - {}
RESULT: {"script":"<script> [1562 bytes]","args":[{"selector":{"id":"application-managepartners-display-component---NewPartner--externalCustomerComboBox-application-managepartners-display-component---NewPartner--assignmentsTable-0-vhi"},"wdio_ui5_key":"applicationmanagepartners-display-component---NewPartner--externalCustomerComboBox-application-managepartners-display-component---NewPartner--assignmentsTable-0-vhi"}]}
RESULT: undefined
COMMAND: POST /session/c8a541b4b4c3a19e1c9b1ed3871b16eb/element - {"using":"xpath","value":"//*[@id=\"application-managepartners-display-component---NewPartner--externalCustomerComboBox-application-managepartners-display-component---NewPartner--assignmentsTable-0-vhi\"]"}
RESULT: {}
RESULT: {"using":"xpath","value":"//*[@id=\"application-managepartners-display-component---NewPartner--externalCustomerComboBox-application-managepartners-display-component---NewPartner--assignmentsTable-0-vhi\"]"}
COMMAND: POST /session/c8a541b4b4c3a19e1c9b1ed3871b16eb/element/f.AA8EB58E3CC8A06D4892695265F737EE.d.E2E3C35673A3DFEE4602CC471548B900.e.4993/click - {}
RESULT: {}
RESULT: undefined
COMMAND: POST /session/c8a541b4b4c3a19e1c9b1ed3871b16eb/execute/async - {"script":"<script> [776 bytes]","args":[{"enterText":"300003","selector":{"controlType":"sap.m.SearchField","properties":{"placeholder":"Search"},"searchOpenDialogs":true,"interaction":{"idSuffix":"I"}},"clearTextFirst":true,"interactionType":"ENTER_TEXT"}]}
COMMAND: GET /session/c8a541b4b4c3a19e1c9b1ed3871b16eb/screenshot - {}
RESULT: {"script":"<script> [776 bytes]","args":[{"enterText":"300003","selector":{"controlType":"sap.m.SearchField","properties":{"placeholder":"Search"},"searchOpenDialogs":true,"interaction":{"idSuffix":"I"}},"clearTextFirst":true,"interactionType":"ENTER_TEXT"}]}
COMMAND: POST /session/c8a541b4b4c3a19e1c9b1ed3871b16eb/actions - {"actions":[{"id":"action15","type":"key","parameters":{},"actions":[{"type":"keyDown","value":"î€‡"},{"type":"pause","duration":10},{"type":"keyUp","value":"î€‡"}]}]}
RESULT: {}
RESULT: {"actions":[{"id":"action15","type":"key","parameters":{},"actions":[{"type":"keyDown","value":"î€‡"},{"type":"pause","duration":10},{"type":"keyUp","value":"î€‡"}]}]}
COMMAND: GET /session/c8a541b4b4c3a19e1c9b1ed3871b16eb/screenshot - {}
RESULT: {}
COMMAND: POST /session/c8a541b4b4c3a19e1c9b1ed3871b16eb/element - {"using":"xpath","value":"//span[contains(text(), \"300003\")]"}
RESULT: {"using":"xpath","value":"//span[contains(text(), \"300003\")]"}
COMMAND: POST /session/c8a541b4b4c3a19e1c9b1ed3871b16eb/element/f.AA8EB58E3CC8A06D4892695265F737EE.d.E2E3C35673A3DFEE4602CC471548B900.e.5000/click - {}
RESULT: {}
COMMAND: GET /session/c8a541b4b4c3a19e1c9b1ed3871b16eb/screenshot - {}
RESULT: {}
COMMAND: POST /session/c8a541b4b4c3a19e1c9b1ed3871b16eb/element - {"using":"xpath","value":"//bdi[contains(text(), \"OK\")]"}
RESULT: {"using":"xpath","value":"//bdi[contains(text(), \"OK\")]"}
COMMAND: POST /session/c8a541b4b4c3a19e1c9b1ed3871b16eb/element/f.AA8EB58E3CC8A06D4892695265F737EE.d.E2E3C35673A3DFEE4602CC471548B900.e.5002/click - {}
RESULT: {}
COMMAND: GET /session/c8a541b4b4c3a19e1c9b1ed3871b16eb/screenshot - {}
COMMAND: POST /session/c8a541b4b4c3a19e1c9b1ed3871b16eb/execute/async - {"script":"<script> [1562 bytes]","args":[{"selector":{"id":"application-managepartners-display-component---NewPartner--intercompVendorComboBox-application-managepartners-display-component---NewPartner--assignmentsTable-0-vhi"},"wdio_ui5_key":"applicationmanagepartners-display-component---NewPartner--intercompVendorComboBox-application-managepartners-display-component---NewPartner--assignmentsTable-0-vhi"}]}
RESULT: {}
RESULT: {"script":"<script> [1562 bytes]","args":[{"selector":{"id":"application-managepartners-display-component---NewPartner--intercompVendorComboBox-application-managepartners-display-component---NewPartner--assignmentsTable-0-vhi"},"wdio_ui5_key":"applicationmanagepartners-display-component---NewPartner--intercompVendorComboBox-application-managepartners-display-component---NewPartner--assignmentsTable-0-vhi"}]}
RESULT: undefined
COMMAND: POST /session/c8a541b4b4c3a19e1c9b1ed3871b16eb/element - {"using":"xpath","value":"//*[@id=\"application-managepartners-display-component---NewPartner--intercompVendorComboBox-application-managepartners-display-component---NewPartner--assignmentsTable-0-vhi\"]"}
RESULT: {"using":"xpath","value":"//*[@id=\"application-managepartners-display-component---NewPartner--intercompVendorComboBox-application-managepartners-display-component---NewPartner--assignmentsTable-0-vhi\"]"}
COMMAND: POST /session/c8a541b4b4c3a19e1c9b1ed3871b16eb/element/f.AA8EB58E3CC8A06D4892695265F737EE.d.E2E3C35673A3DFEE4602CC471548B900.e.5006/click - {}
RESULT: {}
RESULT: undefined
COMMAND: POST /session/c8a541b4b4c3a19e1c9b1ed3871b16eb/execute/async - {"script":"<script> [776 bytes]","args":[{"enterText":"100005","selector":{"controlType":"sap.m.SearchField","properties":{"placeholder":"Search"},"searchOpenDialogs":true,"interaction":{"idSuffix":"I"}},"clearTextFirst":true,"interactionType":"ENTER_TEXT"}]}
COMMAND: GET /session/c8a541b4b4c3a19e1c9b1ed3871b16eb/screenshot - {}
RESULT: {"script":"<script> [776 bytes]","args":[{"enterText":"100005","selector":{"controlType":"sap.m.SearchField","properties":{"placeholder":"Search"},"searchOpenDialogs":true,"interaction":{"idSuffix":"I"}},"clearTextFirst":true,"interactionType":"ENTER_TEXT"}]}
COMMAND: POST /session/c8a541b4b4c3a19e1c9b1ed3871b16eb/actions - {"actions":[{"id":"action16","type":"key","parameters":{},"actions":[{"type":"keyDown","value":"î€‡"},{"type":"pause","duration":10},{"type":"keyUp","value":"î€‡"}]}]}
RESULT: {}
RESULT: {"actions":[{"id":"action16","type":"key","parameters":{},"actions":[{"type":"keyDown","value":"î€‡"},{"type":"pause","duration":10},{"type":"keyUp","value":"î€‡"}]}]}
COMMAND: GET /session/c8a541b4b4c3a19e1c9b1ed3871b16eb/screenshot - {}
RESULT: {}
COMMAND: POST /session/c8a541b4b4c3a19e1c9b1ed3871b16eb/element - {"using":"xpath","value":"//span[contains(text(), \"Penguins - Field/12345 Berlin\")]"}
RESULT: {"using":"xpath","value":"//span[contains(text(), \"Penguins - Field/12345 Berlin\")]"}
COMMAND: POST /session/c8a541b4b4c3a19e1c9b1ed3871b16eb/element/f.AA8EB58E3CC8A06D4892695265F737EE.d.E2E3C35673A3DFEE4602CC471548B900.e.5025/click - {}
RESULT: {}
COMMAND: GET /session/c8a541b4b4c3a19e1c9b1ed3871b16eb/screenshot - {}
RESULT: {}
COMMAND: POST /session/c8a541b4b4c3a19e1c9b1ed3871b16eb/element - {"using":"xpath","value":"//bdi[contains(text(), \"OK\")]"}
RESULT: {"using":"xpath","value":"//bdi[contains(text(), \"OK\")]"}
COMMAND: POST /session/c8a541b4b4c3a19e1c9b1ed3871b16eb/element/f.AA8EB58E3CC8A06D4892695265F737EE.d.E2E3C35673A3DFEE4602CC471548B900.e.5026/click - {}
RESULT: {}
COMMAND: GET /session/c8a541b4b4c3a19e1c9b1ed3871b16eb/screenshot - {}
RESULT: {}
COMMAND: POST /session/c8a541b4b4c3a19e1c9b1ed3871b16eb/element - {"using":"xpath","value":"//button[@data-kt=\"saveButton\"]"}
RESULT: {"using":"xpath","value":"//button[@data-kt=\"saveButton\"]"}
COMMAND: POST /session/c8a541b4b4c3a19e1c9b1ed3871b16eb/element/f.AA8EB58E3CC8A06D4892695265F737EE.d.E2E3C35673A3DFEE4602CC471548B900.e.4895/click - {}
RESULT: {}
COMMAND: GET /session/c8a541b4b4c3a19e1c9b1ed3871b16eb/screenshot - {}
RESULT: {}
COMMAND: POST /session/c8a541b4b4c3a19e1c9b1ed3871b16eb/element - {"using":"xpath","value":"//header[contains(@id, 'ObjectPageLayout-headerTitle')]/div[1]/div[2]/div[2]/span[1]"}
RESULT: {"using":"xpath","value":"//header[contains(@id, 'ObjectPageLayout-headerTitle')]/div[1]/div[2]/div[2]/span[1]"}
COMMAND: POST /session/c8a541b4b4c3a19e1c9b1ed3871b16eb/elements - {"using":"xpath","value":"//header[contains(@id, 'ObjectPageLayout-headerTitle')]/div[1]/div[2]/div[2]/span[1]"}
RESULT: {"using":"xpath","value":"//header[contains(@id, 'ObjectPageLayout-headerTitle')]/div[1]/div[2]/div[2]/span[1]"}
COMMAND: POST /session/c8a541b4b4c3a19e1c9b1ed3871b16eb/execute/sync - {"script":"<script> [56 bytes]","args":[{"element-6066-11e4-a52e-4f735466cecf":"f.AA8EB58E3CC8A06D4892695265F737EE.d.E2E3C35673A3DFEE4602CC471548B900.e.5192","ELEMENT":"f.AA8EB58E3CC8A06D4892695265F737EE.d.E2E3C35673A3DFEE4602CC471548B900.e.5192"}]}
RESULT: {"script":"<script> [56 bytes]","args":[{"element-6066-11e4-a52e-4f735466cecf":"f.AA8EB58E3CC8A06D4892695265F737EE.d.E2E3C35673A3DFEE4602CC471548B900.e.5192","ELEMENT":"f.AA8EB58E3CC8A06D4892695265F737EE.d.E2E3C35673A3DFEE4602CC471548B900.e.5192"}]}
COMMAND: POST /session/c8a541b4b4c3a19e1c9b1ed3871b16eb/element - {"using":"css selector","value":"#shell-header-logo"}
COMMAND: GET /session/c8a541b4b4c3a19e1c9b1ed3871b16eb/screenshot - {}
RESULT: {"using":"css selector","value":"#shell-header-logo"}
COMMAND: POST /session/c8a541b4b4c3a19e1c9b1ed3871b16eb/element/f.AA8EB58E3CC8A06D4892695265F737EE.d.E2E3C35673A3DFEE4602CC471548B900.e.4421/click - {}
RESULT: {}
RESULT: {}
COMMAND: GET /session/c8a541b4b4c3a19e1c9b1ed3871b16eb/screenshot - {}
RESULT: {}
COMMAND: POST /session/c8a541b4b4c3a19e1c9b1ed3871b16eb/execute/sync - {"script":"<script> [299 bytes]","args":[["getModel","getResource"]]}
RESULT: {"script":"<script> [299 bytes]","args":[["getModel","getResource"]]}
COMMAND: POST /session/c8a541b4b4c3a19e1c9b1ed3871b16eb/execute/async - {"script":"<script> [1562 bytes]","args":[{"selector":{"controlType":"sap.m.GenericTile","properties":{"header":"Manage Sites"}},"wdio_ui5_key":"sapm.GenericTile{\"header\":\"Manage Sites\"}"}]}
COMMAND: GET /session/c8a541b4b4c3a19e1c9b1ed3871b16eb/screenshot - {}
RESULT: {"script":"<script> [1562 bytes]","args":[{"selector":{"controlType":"sap.m.GenericTile","properties":{"header":"Manage Sites"}},"wdio_ui5_key":"sapm.GenericTile{\"header\":\"Manage Sites\"}"}]}
RESULT: undefined
COMMAND: POST /session/c8a541b4b4c3a19e1c9b1ed3871b16eb/element - {"using":"xpath","value":"//*[@id=\"__tile32\"]"}
RESULT: {}
RESULT: {"using":"xpath","value":"//*[@id=\"__tile32\"]"}
COMMAND: POST /session/c8a541b4b4c3a19e1c9b1ed3871b16eb/element/f.AA8EB58E3CC8A06D4892695265F737EE.d.E2E3C35673A3DFEE4602CC471548B900.e.3592/click - {}
RESULT: {}
COMMAND: GET /session/c8a541b4b4c3a19e1c9b1ed3871b16eb/screenshot - {}
RESULT: {}
COMMAND: POST /session/c8a541b4b4c3a19e1c9b1ed3871b16eb/elements - {"using":"xpath","value":"//span[text()='Error']"}
RESULT: {"using":"xpath","value":"//span[text()='Error']"}
COMMAND: POST /session/c8a541b4b4c3a19e1c9b1ed3871b16eb/element - {"using":"xpath","value":"//button[@data-kt=\"addOverflowToolbarButton\"]"}
RESULT: {"using":"xpath","value":"//button[@data-kt=\"addOverflowToolbarButton\"]"}
COMMAND: POST /session/c8a541b4b4c3a19e1c9b1ed3871b16eb/elements - {"using":"xpath","value":"//button[@data-kt=\"addOverflowToolbarButton\"]"}
RESULT: {"using":"xpath","value":"//button[@data-kt=\"addOverflowToolbarButton\"]"}
COMMAND: POST /session/c8a541b4b4c3a19e1c9b1ed3871b16eb/execute/sync - {"script":"<script> [8489 bytes]","args":[{"element-6066-11e4-a52e-4f735466cecf":"f.AA8EB58E3CC8A06D4892695265F737EE.d.E2E3C35673A3DFEE4602CC471548B900.e.5240","ELEMENT":"f.AA8EB58E3CC8A06D4892695265F737EE.d.E2E3C35673A3DFEE4602CC471548B900.e.5240"}]}
RESULT: {"script":"<script> [8489 bytes]","args":[{"element-6066-11e4-a52e-4f735466cecf":"f.AA8EB58E3CC8A06D4892695265F737EE.d.E2E3C35673A3DFEE4602CC471548B900.e.5240","ELEMENT":"f.AA8EB58E3CC8A06D4892695265F737EE.d.E2E3C35673A3DFEE4602CC471548B900.e.5240"}]}
COMMAND: GET /session/c8a541b4b4c3a19e1c9b1ed3871b16eb/element/f.AA8EB58E3CC8A06D4892695265F737EE.d.E2E3C35673A3DFEE4602CC471548B900.e.5240/enabled - {}
COMMAND: GET /session/c8a541b4b4c3a19e1c9b1ed3871b16eb/screenshot - {}
RESULT: {}
COMMAND: POST /session/c8a541b4b4c3a19e1c9b1ed3871b16eb/execute/sync - {"script":"<script> [8489 bytes]","args":[{"element-6066-11e4-a52e-4f735466cecf":"f.AA8EB58E3CC8A06D4892695265F737EE.d.E2E3C35673A3DFEE4602CC471548B900.e.5240","ELEMENT":"f.AA8EB58E3CC8A06D4892695265F737EE.d.E2E3C35673A3DFEE4602CC471548B900.e.5240"}]}
COMMAND: GET /session/c8a541b4b4c3a19e1c9b1ed3871b16eb/screenshot - {}
RESULT: {}
RESULT: {"script":"<script> [8489 bytes]","args":[{"element-6066-11e4-a52e-4f735466cecf":"f.AA8EB58E3CC8A06D4892695265F737EE.d.E2E3C35673A3DFEE4602CC471548B900.e.5240","ELEMENT":"f.AA8EB58E3CC8A06D4892695265F737EE.d.E2E3C35673A3DFEE4602CC471548B900.e.5240"}]}
COMMAND: POST /session/c8a541b4b4c3a19e1c9b1ed3871b16eb/execute/sync - {"script":"<script> [5351 bytes]","args":[{"element-6066-11e4-a52e-4f735466cecf":"f.AA8EB58E3CC8A06D4892695265F737EE.d.E2E3C35673A3DFEE4602CC471548B900.e.5240","ELEMENT":"f.AA8EB58E3CC8A06D4892695265F737EE.d.E2E3C35673A3DFEE4602CC471548B900.e.5240"}]}
COMMAND: GET /session/c8a541b4b4c3a19e1c9b1ed3871b16eb/screenshot - {}
RESULT: {}
RESULT: {"script":"<script> [5351 bytes]","args":[{"element-6066-11e4-a52e-4f735466cecf":"f.AA8EB58E3CC8A06D4892695265F737EE.d.E2E3C35673A3DFEE4602CC471548B900.e.5240","ELEMENT":"f.AA8EB58E3CC8A06D4892695265F737EE.d.E2E3C35673A3DFEE4602CC471548B900.e.5240"}]}
COMMAND: POST /session/c8a541b4b4c3a19e1c9b1ed3871b16eb/element/f.AA8EB58E3CC8A06D4892695265F737EE.d.E2E3C35673A3DFEE4602CC471548B900.e.5240/click - {}
COMMAND: GET /session/c8a541b4b4c3a19e1c9b1ed3871b16eb/screenshot - {}
RESULT: {}
RESULT: {}
COMMAND: GET /session/c8a541b4b4c3a19e1c9b1ed3871b16eb/screenshot - {}
RESULT: {}
COMMAND: POST /session/c8a541b4b4c3a19e1c9b1ed3871b16eb/element - {"using":"xpath","value":"//input[@id=\"application-managesites-display-component---NewSite--siteId-inner\"]"}
RESULT: {}
RESULT: {"using":"xpath","value":"//input[@id=\"application-managesites-display-component---NewSite--siteId-inner\"]"}
COMMAND: POST /session/c8a541b4b4c3a19e1c9b1ed3871b16eb/element - {"using":"xpath","value":"//input[@id=\"application-managesites-display-component---NewSite--siteId-inner\"]"}
RESULT: {"using":"xpath","value":"//input[@id=\"application-managesites-display-component---NewSite--siteId-inner\"]"}
COMMAND: POST /session/c8a541b4b4c3a19e1c9b1ed3871b16eb/execute/async - {"script":"<script> [1562 bytes]","args":[{"selector":{"id":"application-managesites-display-component---NewSite--addressDetailDetailsName1","interaction":{"idSuffix":"inner"}},"wdio_ui5_key":"applicationmanagesites-display-component---NewSite--addressDetailDetailsName1"}]}
RESULT: {"script":"<script> [1562 bytes]","args":[{"selector":{"id":"application-managesites-display-component---NewSite--addressDetailDetailsName1","interaction":{"idSuffix":"inner"}},"wdio_ui5_key":"applicationmanagesites-display-component---NewSite--addressDetailDetailsName1"}]}
RESULT: undefined
COMMAND: POST /session/c8a541b4b4c3a19e1c9b1ed3871b16eb/execute/async - {"script":"<script> [776 bytes]","args":[{"enterText":"Intercompany Site wdIO","selector":{"id":"application-managesites-display-component---NewSite--addressDetailDetailsName1","interaction":{"idSuffix":"inner"}},"clearTextFirst":true,"interactionType":"ENTER_TEXT"}]}
RESULT: {"script":"<script> [776 bytes]","args":[{"enterText":"Intercompany Site wdIO","selector":{"id":"application-managesites-display-component---NewSite--addressDetailDetailsName1","interaction":{"idSuffix":"inner"}},"clearTextFirst":true,"interactionType":"ENTER_TEXT"}]}
COMMAND: POST /session/c8a541b4b4c3a19e1c9b1ed3871b16eb/execute/async - {"script":"<script> [1562 bytes]","args":[{"selector":{"id":"application-managesites-display-component---NewSite--addressDetailDetailsLanguage-arrow"},"wdio_ui5_key":"applicationmanagesites-display-component---NewSite--addressDetailDetailsLanguage-arrow"}]}
RESULT: {"script":"<script> [1562 bytes]","args":[{"selector":{"id":"application-managesites-display-component---NewSite--addressDetailDetailsLanguage-arrow"},"wdio_ui5_key":"applicationmanagesites-display-component---NewSite--addressDetailDetailsLanguage-arrow"}]}
RESULT: undefined
COMMAND: POST /session/c8a541b4b4c3a19e1c9b1ed3871b16eb/element - {"using":"xpath","value":"//*[@id=\"application-managesites-display-component---NewSite--addressDetailDetailsLanguage-arrow\"]"}
RESULT: {"using":"xpath","value":"//*[@id=\"application-managesites-display-component---NewSite--addressDetailDetailsLanguage-arrow\"]"}
COMMAND: POST /session/c8a541b4b4c3a19e1c9b1ed3871b16eb/element/f.AA8EB58E3CC8A06D4892695265F737EE.d.E2E3C35673A3DFEE4602CC471548B900.e.5641/click - {}
RESULT: {}
COMMAND: POST /session/c8a541b4b4c3a19e1c9b1ed3871b16eb/element - {"using":"xpath","value":"//span[contains(text(), \"English\")]"}
COMMAND: GET /session/c8a541b4b4c3a19e1c9b1ed3871b16eb/screenshot - {}
RESULT: {"using":"xpath","value":"//span[contains(text(), \"English\")]"}
COMMAND: POST /session/c8a541b4b4c3a19e1c9b1ed3871b16eb/element/f.AA8EB58E3CC8A06D4892695265F737EE.d.E2E3C35673A3DFEE4602CC471548B900.e.5642/click - {}
RESULT: {}
RESULT: {}
COMMAND: POST /session/c8a541b4b4c3a19e1c9b1ed3871b16eb/execute/async - {"script":"<script> [1562 bytes]","args":[{"selector":{"id":"application-managesites-display-component---NewSite--addressDetailDetailsCity1","interaction":{"idSuffix":"inner"}},"wdio_ui5_key":"applicationmanagesites-display-component---NewSite--addressDetailDetailsCity1"}]}
COMMAND: GET /session/c8a541b4b4c3a19e1c9b1ed3871b16eb/screenshot - {}
RESULT: {"script":"<script> [1562 bytes]","args":[{"selector":{"id":"application-managesites-display-component---NewSite--addressDetailDetailsCity1","interaction":{"idSuffix":"inner"}},"wdio_ui5_key":"applicationmanagesites-display-component---NewSite--addressDetailDetailsCity1"}]}
RESULT: undefined
COMMAND: POST /session/c8a541b4b4c3a19e1c9b1ed3871b16eb/execute/async - {"script":"<script> [776 bytes]","args":[{"enterText":"Rosario","selector":{"id":"application-managesites-display-component---NewSite--addressDetailDetailsCity1","interaction":{"idSuffix":"inner"}},"clearTextFirst":true,"interactionType":"ENTER_TEXT"}]}
RESULT: {}
RESULT: {"script":"<script> [776 bytes]","args":[{"enterText":"Rosario","selector":{"id":"application-managesites-display-component---NewSite--addressDetailDetailsCity1","interaction":{"idSuffix":"inner"}},"clearTextFirst":true,"interactionType":"ENTER_TEXT"}]}
COMMAND: POST /session/c8a541b4b4c3a19e1c9b1ed3871b16eb/execute/async - {"script":"<script> [1562 bytes]","args":[{"selector":{"id":"application-managesites-display-component---NewSite--addressDetailDetailsCountry-arrow"},"wdio_ui5_key":"applicationmanagesites-display-component---NewSite--addressDetailDetailsCountry-arrow"}]}
RESULT: {"script":"<script> [1562 bytes]","args":[{"selector":{"id":"application-managesites-display-component---NewSite--addressDetailDetailsCountry-arrow"},"wdio_ui5_key":"applicationmanagesites-display-component---NewSite--addressDetailDetailsCountry-arrow"}]}
RESULT: undefined
COMMAND: POST /session/c8a541b4b4c3a19e1c9b1ed3871b16eb/element - {"using":"xpath","value":"//*[@id=\"application-managesites-display-component---NewSite--addressDetailDetailsCountry-arrow\"]"}
RESULT: {"using":"xpath","value":"//*[@id=\"application-managesites-display-component---NewSite--addressDetailDetailsCountry-arrow\"]"}
COMMAND: POST /session/c8a541b4b4c3a19e1c9b1ed3871b16eb/element/f.AA8EB58E3CC8A06D4892695265F737EE.d.E2E3C35673A3DFEE4602CC471548B900.e.5644/click - {}
RESULT: {}
COMMAND: POST /session/c8a541b4b4c3a19e1c9b1ed3871b16eb/element - {"using":"xpath","value":"//span[contains(text(), \"Argentina\")]"}
COMMAND: GET /session/c8a541b4b4c3a19e1c9b1ed3871b16eb/screenshot - {}
RESULT: {"using":"xpath","value":"//span[contains(text(), \"Argentina\")]"}
COMMAND: POST /session/c8a541b4b4c3a19e1c9b1ed3871b16eb/element/f.AA8EB58E3CC8A06D4892695265F737EE.d.E2E3C35673A3DFEE4602CC471548B900.e.5645/click - {}
RESULT: {}
RESULT: {}
COMMAND: GET /session/c8a541b4b4c3a19e1c9b1ed3871b16eb/screenshot - {}
RESULT: {}
COMMAND: POST /session/c8a541b4b4c3a19e1c9b1ed3871b16eb/execute/async - {"script":"<script> [1562 bytes]","args":[{"selector":{"id":"application-managesites-display-component---NewSite--addressEditDetailsCostObjectCstType-arrow"},"wdio_ui5_key":"applicationmanagesites-display-component---NewSite--addressEditDetailsCostObjectCstType-arrow"}]}
RESULT: {"script":"<script> [1562 bytes]","args":[{"selector":{"id":"application-managesites-display-component---NewSite--addressEditDetailsCostObjectCstType-arrow"},"wdio_ui5_key":"applicationmanagesites-display-component---NewSite--addressEditDetailsCostObjectCstType-arrow"}]}
RESULT: undefined
COMMAND: POST /session/c8a541b4b4c3a19e1c9b1ed3871b16eb/element - {"using":"xpath","value":"//*[@id=\"application-managesites-display-component---NewSite--addressEditDetailsCostObjectCstType-arrow\"]"}
RESULT: {"using":"xpath","value":"//*[@id=\"application-managesites-display-component---NewSite--addressEditDetailsCostObjectCstType-arrow\"]"}
COMMAND: POST /session/c8a541b4b4c3a19e1c9b1ed3871b16eb/element/f.AA8EB58E3CC8A06D4892695265F737EE.d.E2E3C35673A3DFEE4602CC471548B900.e.5647/click - {}
RESULT: {}
COMMAND: POST /session/c8a541b4b4c3a19e1c9b1ed3871b16eb/element - {"using":"xpath","value":"//span[contains(text(), \"Cost Center\")]"}
COMMAND: GET /session/c8a541b4b4c3a19e1c9b1ed3871b16eb/screenshot - {}
RESULT: {"using":"xpath","value":"//span[contains(text(), \"Cost Center\")]"}
COMMAND: POST /session/c8a541b4b4c3a19e1c9b1ed3871b16eb/element/f.AA8EB58E3CC8A06D4892695265F737EE.d.E2E3C35673A3DFEE4602CC471548B900.e.5648/click - {}
RESULT: {}
RESULT: {}
COMMAND: GET /session/c8a541b4b4c3a19e1c9b1ed3871b16eb/screenshot - {}
RESULT: {}
COMMAND: POST /session/c8a541b4b4c3a19e1c9b1ed3871b16eb/element - {"using":"xpath","value":"//span[@id=\"application-managesites-display-component---NewSite--addressNewCostObjectCstID-vhi\"]"}
RESULT: {"using":"xpath","value":"//span[@id=\"application-managesites-display-component---NewSite--addressNewCostObjectCstID-vhi\"]"}
COMMAND: POST /session/c8a541b4b4c3a19e1c9b1ed3871b16eb/execute/sync - {"script":"<script> [8489 bytes]","args":[{"element-6066-11e4-a52e-4f735466cecf":"f.AA8EB58E3CC8A06D4892695265F737EE.d.E2E3C35673A3DFEE4602CC471548B900.e.5653","ELEMENT":"f.AA8EB58E3CC8A06D4892695265F737EE.d.E2E3C35673A3DFEE4602CC471548B900.e.5653"}]}
RESULT: {"script":"<script> [8489 bytes]","args":[{"element-6066-11e4-a52e-4f735466cecf":"f.AA8EB58E3CC8A06D4892695265F737EE.d.E2E3C35673A3DFEE4602CC471548B900.e.5653","ELEMENT":"f.AA8EB58E3CC8A06D4892695265F737EE.d.E2E3C35673A3DFEE4602CC471548B900.e.5653"}]}
COMMAND: POST /session/c8a541b4b4c3a19e1c9b1ed3871b16eb/execute/async - {"script":"<script> [1562 bytes]","args":[{"selector":{"id":"application-managesites-display-component---NewSite--addressNewCostObjectCstID-vhi"},"wdio_ui5_key":"applicationmanagesites-display-component---NewSite--addressNewCostObjectCstID-vhi"}]}
COMMAND: GET /session/c8a541b4b4c3a19e1c9b1ed3871b16eb/screenshot - {}
RESULT: {"script":"<script> [1562 bytes]","args":[{"selector":{"id":"application-managesites-display-component---NewSite--addressNewCostObjectCstID-vhi"},"wdio_ui5_key":"applicationmanagesites-display-component---NewSite--addressNewCostObjectCstID-vhi"}]}
RESULT: undefined
COMMAND: POST /session/c8a541b4b4c3a19e1c9b1ed3871b16eb/element - {"using":"xpath","value":"//*[@id=\"application-managesites-display-component---NewSite--addressNewCostObjectCstID-vhi\"]"}
RESULT: {}
RESULT: {"using":"xpath","value":"//*[@id=\"application-managesites-display-component---NewSite--addressNewCostObjectCstID-vhi\"]"}
COMMAND: POST /session/c8a541b4b4c3a19e1c9b1ed3871b16eb/element/f.AA8EB58E3CC8A06D4892695265F737EE.d.E2E3C35673A3DFEE4602CC471548B900.e.5653/click - {}
RESULT: {}
COMMAND: GET /session/c8a541b4b4c3a19e1c9b1ed3871b16eb/screenshot - {}
RESULT: {}
RESULT: undefined
COMMAND: POST /session/c8a541b4b4c3a19e1c9b1ed3871b16eb/execute/async - {"script":"<script> [776 bytes]","args":[{"enterText":"10001013","selector":{"controlType":"sap.m.SearchField","properties":{"placeholder":"Search"},"searchOpenDialogs":true,"interaction":{"idSuffix":"I"}},"clearTextFirst":true,"interactionType":"ENTER_TEXT"}]}
RESULT: {"script":"<script> [776 bytes]","args":[{"enterText":"10001013","selector":{"controlType":"sap.m.SearchField","properties":{"placeholder":"Search"},"searchOpenDialogs":true,"interaction":{"idSuffix":"I"}},"clearTextFirst":true,"interactionType":"ENTER_TEXT"}]}
COMMAND: POST /session/c8a541b4b4c3a19e1c9b1ed3871b16eb/actions - {"actions":[{"id":"action17","type":"key","parameters":{},"actions":[{"type":"keyDown","value":"î€‡"},{"type":"pause","duration":10},{"type":"keyUp","value":"î€‡"}]}]}
RESULT: {"actions":[{"id":"action17","type":"key","parameters":{},"actions":[{"type":"keyDown","value":"î€‡"},{"type":"pause","duration":10},{"type":"keyUp","value":"î€‡"}]}]}
COMMAND: GET /session/c8a541b4b4c3a19e1c9b1ed3871b16eb/screenshot - {}
RESULT: {}
COMMAND: POST /session/c8a541b4b4c3a19e1c9b1ed3871b16eb/element - {"using":"xpath","value":"//span[contains(text(), \"General Management\")]"}
RESULT: {"using":"xpath","value":"//span[contains(text(), \"General Management\")]"}
COMMAND: POST /session/c8a541b4b4c3a19e1c9b1ed3871b16eb/element/f.AA8EB58E3CC8A06D4892695265F737EE.d.E2E3C35673A3DFEE4602CC471548B900.e.5692/click - {}
RESULT: {}
COMMAND: GET /session/c8a541b4b4c3a19e1c9b1ed3871b16eb/screenshot - {}
RESULT: {}
COMMAND: POST /session/c8a541b4b4c3a19e1c9b1ed3871b16eb/element - {"using":"xpath","value":"//bdi[contains(text(), \"OK\")]"}
RESULT: {"using":"xpath","value":"//bdi[contains(text(), \"OK\")]"}
COMMAND: POST /session/c8a541b4b4c3a19e1c9b1ed3871b16eb/element/f.AA8EB58E3CC8A06D4892695265F737EE.d.E2E3C35673A3DFEE4602CC471548B900.e.5693/click - {}
RESULT: {}
COMMAND: GET /session/c8a541b4b4c3a19e1c9b1ed3871b16eb/screenshot - {}
RESULT: {}
COMMAND: POST /session/c8a541b4b4c3a19e1c9b1ed3871b16eb/element - {"using":"xpath","value":"//input[@id=\"application-managesites-display-component---NewSite--addressDetailDetailsCalendar-inner\"]"}
RESULT: {"using":"xpath","value":"//input[@id=\"application-managesites-display-component---NewSite--addressDetailDetailsCalendar-inner\"]"}
COMMAND: POST /session/c8a541b4b4c3a19e1c9b1ed3871b16eb/element/f.AA8EB58E3CC8A06D4892695265F737EE.d.E2E3C35673A3DFEE4602CC471548B900.e.5436/clear - {}
RESULT: {}
COMMAND: POST /session/c8a541b4b4c3a19e1c9b1ed3871b16eb/element/f.AA8EB58E3CC8A06D4892695265F737EE.d.E2E3C35673A3DFEE4602CC471548B900.e.5436/value - {"text":"Unit"}
COMMAND: GET /session/c8a541b4b4c3a19e1c9b1ed3871b16eb/screenshot - {}
RESULT: {"text":"Unit"}
COMMAND: GET /session/c8a541b4b4c3a19e1c9b1ed3871b16eb/screenshot - {}
RESULT: {}
RESULT: {}
COMMAND: POST /session/c8a541b4b4c3a19e1c9b1ed3871b16eb/actions - {"actions":[{"id":"action18","type":"key","parameters":{},"actions":[{"type":"keyDown","value":"î€‡"},{"type":"pause","duration":10},{"type":"keyUp","value":"î€‡"}]}]}
RESULT: {"actions":[{"id":"action18","type":"key","parameters":{},"actions":[{"type":"keyDown","value":"î€‡"},{"type":"pause","duration":10},{"type":"keyUp","value":"î€‡"}]}]}
COMMAND: POST /session/c8a541b4b4c3a19e1c9b1ed3871b16eb/element - {"using":"xpath","value":"//input[@id=\"application-managesites-display-component---NewSite--addressDetailDetailsYard-inner\"]"}
COMMAND: GET /session/c8a541b4b4c3a19e1c9b1ed3871b16eb/screenshot - {}
RESULT: {"using":"xpath","value":"//input[@id=\"application-managesites-display-component---NewSite--addressDetailDetailsYard-inner\"]"}
COMMAND: POST /session/c8a541b4b4c3a19e1c9b1ed3871b16eb/element/f.AA8EB58E3CC8A06D4892695265F737EE.d.E2E3C35673A3DFEE4602CC471548B900.e.5437/clear - {}
RESULT: {}
RESULT: {}
COMMAND: POST /session/c8a541b4b4c3a19e1c9b1ed3871b16eb/element/f.AA8EB58E3CC8A06D4892695265F737EE.d.E2E3C35673A3DFEE4602CC471548B900.e.5437/value - {"text":"608"}
COMMAND: GET /session/c8a541b4b4c3a19e1c9b1ed3871b16eb/screenshot - {}
RESULT: {"text":"608"}
COMMAND: GET /session/c8a541b4b4c3a19e1c9b1ed3871b16eb/screenshot - {}
RESULT: {}
RESULT: {}
COMMAND: POST /session/c8a541b4b4c3a19e1c9b1ed3871b16eb/element - {"using":"xpath","value":"//li[.//span[text()='608']]"}
RESULT: {"using":"xpath","value":"//li[.//span[text()='608']]"}
COMMAND: POST /session/c8a541b4b4c3a19e1c9b1ed3871b16eb/element/f.AA8EB58E3CC8A06D4892695265F737EE.d.E2E3C35673A3DFEE4602CC471548B900.e.5701/click - {}
RESULT: {}
COMMAND: GET /session/c8a541b4b4c3a19e1c9b1ed3871b16eb/screenshot - {}
RESULT: {}
COMMAND: POST /session/c8a541b4b4c3a19e1c9b1ed3871b16eb/element - {"using":"xpath","value":"//input[@id=\"application-managesites-display-component---NewSite--addressDetailDetailsPartner-inner\"]"}
RESULT: {"using":"xpath","value":"//input[@id=\"application-managesites-display-component---NewSite--addressDetailDetailsPartner-inner\"]"}
COMMAND: POST /session/c8a541b4b4c3a19e1c9b1ed3871b16eb/element - {"using":"xpath","value":"//input[@id=\"application-managesites-display-component---NewSite--addressDetailDetailsPartner-inner\"]"}
RESULT: {"using":"xpath","value":"//input[@id=\"application-managesites-display-component---NewSite--addressDetailDetailsPartner-inner\"]"}
COMMAND: POST /session/c8a541b4b4c3a19e1c9b1ed3871b16eb/element - {"using":"xpath","value":"//button[@data-kt=\"saveButton\"]"}
RESULT: {"using":"xpath","value":"//button[@data-kt=\"saveButton\"]"}
COMMAND: POST /session/c8a541b4b4c3a19e1c9b1ed3871b16eb/element/f.AA8EB58E3CC8A06D4892695265F737EE.d.E2E3C35673A3DFEE4602CC471548B900.e.5621/click - {}
RESULT: {}
COMMAND: GET /session/c8a541b4b4c3a19e1c9b1ed3871b16eb/screenshot - {}
RESULT: {}
COMMAND: POST /session/c8a541b4b4c3a19e1c9b1ed3871b16eb/element - {"using":"xpath","value":"//header[contains(@id, 'ObjectPageLayout-headerTitle')]/div[1]/div[2]/div[2]/span[1]"}
RESULT: {"using":"xpath","value":"//header[contains(@id, 'ObjectPageLayout-headerTitle')]/div[1]/div[2]/div[2]/span[1]"}
COMMAND: POST /session/c8a541b4b4c3a19e1c9b1ed3871b16eb/elements - {"using":"xpath","value":"//header[contains(@id, 'ObjectPageLayout-headerTitle')]/div[1]/div[2]/div[2]/span[1]"}
RESULT: {"using":"xpath","value":"//header[contains(@id, 'ObjectPageLayout-headerTitle')]/div[1]/div[2]/div[2]/span[1]"}
COMMAND: POST /session/c8a541b4b4c3a19e1c9b1ed3871b16eb/execute/sync - {"script":"<script> [56 bytes]","args":[{"element-6066-11e4-a52e-4f735466cecf":"f.AA8EB58E3CC8A06D4892695265F737EE.d.E2E3C35673A3DFEE4602CC471548B900.e.5902","ELEMENT":"f.AA8EB58E3CC8A06D4892695265F737EE.d.E2E3C35673A3DFEE4602CC471548B900.e.5902"}]}
RESULT: {"script":"<script> [56 bytes]","args":[{"element-6066-11e4-a52e-4f735466cecf":"f.AA8EB58E3CC8A06D4892695265F737EE.d.E2E3C35673A3DFEE4602CC471548B900.e.5902","ELEMENT":"f.AA8EB58E3CC8A06D4892695265F737EE.d.E2E3C35673A3DFEE4602CC471548B900.e.5902"}]}
COMMAND: POST /session/c8a541b4b4c3a19e1c9b1ed3871b16eb/element - {"using":"css selector","value":"#shell-header-logo"}
COMMAND: GET /session/c8a541b4b4c3a19e1c9b1ed3871b16eb/screenshot - {}
RESULT: {"using":"css selector","value":"#shell-header-logo"}
COMMAND: POST /session/c8a541b4b4c3a19e1c9b1ed3871b16eb/element/f.AA8EB58E3CC8A06D4892695265F737EE.d.E2E3C35673A3DFEE4602CC471548B900.e.5197/click - {}
RESULT: {}
RESULT: {}
COMMAND: GET /session/c8a541b4b4c3a19e1c9b1ed3871b16eb/screenshot - {}
RESULT: {}
COMMAND: POST /session/c8a541b4b4c3a19e1c9b1ed3871b16eb/execute/sync - {"script":"<script> [299 bytes]","args":[["getModel","getResource"]]}
RESULT: {"script":"<script> [299 bytes]","args":[["getModel","getResource"]]}
COMMAND: GET /session/c8a541b4b4c3a19e1c9b1ed3871b16eb/screenshot - {}
]]></system-out>
    </testcase>
  </testsuite>
</testsuites>