<?xml version="1.0" encoding="UTF-8"?>
<testsuites tests="58" failures="31" errors="31" skipped="0">
  <testsuite timestamp="2025-06-02T17:09:26" time="1032.165" tests="11" failures="5" errors="5" skipped="0">
    <properties>
      <property name="specId" value="0" />
      <property name="suiteName" value="Billing confirm US117289" />
      <property name="capabilities" value="chrome.136_0_7103_93.windows" />
      <property name="file" value="file:///D:/a/1/s/test/specs/BTS/billing-confirm.spec.js" />
    </properties>
    <testcase classname="chrome.136_0_7103_93.windows.Billing_confirm_US117289" name="Should create a new yard" time="122.562">
      <system-out><![CDATA[
COMMAND: POST /session/c8be2085c0e5dd8418678e9c76522247/window/fullscreen - {}
RESULT: {}
COMMAND: POST /session/c8be2085c0e5dd8418678e9c76522247/execute/async - {"script":"<script> [1562 bytes]","args":[{"selector":{"controlType":"sap.m.GenericTile","properties":{"header":"Manage Yards"}},"wdio_ui5_key":"sapm.GenericTile{\"header\":\"Manage Yards\"}"}]}
RESULT: {"script":"<script> [1562 bytes]","args":[{"selector":{"controlType":"sap.m.GenericTile","properties":{"header":"Manage Yards"}},"wdio_ui5_key":"sapm.GenericTile{\"header\":\"Manage Yards\"}"}]}
RESULT: undefined
COMMAND: POST /session/c8be2085c0e5dd8418678e9c76522247/element - {"using":"xpath","value":"//*[@id=\"__tile41\"]"}
RESULT: {"using":"xpath","value":"//*[@id=\"__tile41\"]"}
COMMAND: POST /session/c8be2085c0e5dd8418678e9c76522247/element/f.59A644A74ED233CCADDF2157A5466830.d.AC5020A7B27ECED9407519FC0226C721.e.164/click - {}
RESULT: {}
COMMAND: GET /session/c8be2085c0e5dd8418678e9c76522247/screenshot - {}
RESULT: {}
COMMAND: POST /session/c8be2085c0e5dd8418678e9c76522247/elements - {"using":"xpath","value":"//span[text()='Error']"}
RESULT: {"using":"xpath","value":"//span[text()='Error']"}
COMMAND: POST /session/c8be2085c0e5dd8418678e9c76522247/element - {"using":"xpath","value":"//button[@data-kt=\"addNewYardOverflowToolbarButton\"]"}
RESULT: {"using":"xpath","value":"//button[@data-kt=\"addNewYardOverflowToolbarButton\"]"}
COMMAND: POST /session/c8be2085c0e5dd8418678e9c76522247/elements - {"using":"xpath","value":"//button[@data-kt=\"addNewYardOverflowToolbarButton\"]"}
RESULT: {"using":"xpath","value":"//button[@data-kt=\"addNewYardOverflowToolbarButton\"]"}
COMMAND: POST /session/c8be2085c0e5dd8418678e9c76522247/elements - {"using":"xpath","value":"//button[@data-kt=\"addNewYardOverflowToolbarButton\"]"}
RESULT: {"using":"xpath","value":"//button[@data-kt=\"addNewYardOverflowToolbarButton\"]"}
COMMAND: POST /session/c8be2085c0e5dd8418678e9c76522247/elements - {"using":"xpath","value":"//button[@data-kt=\"addNewYardOverflowToolbarButton\"]"}
RESULT: {"using":"xpath","value":"//button[@data-kt=\"addNewYardOverflowToolbarButton\"]"}
COMMAND: POST /session/c8be2085c0e5dd8418678e9c76522247/elements - {"using":"xpath","value":"//button[@data-kt=\"addNewYardOverflowToolbarButton\"]"}
RESULT: {"using":"xpath","value":"//button[@data-kt=\"addNewYardOverflowToolbarButton\"]"}
COMMAND: POST /session/c8be2085c0e5dd8418678e9c76522247/elements - {"using":"xpath","value":"//button[@data-kt=\"addNewYardOverflowToolbarButton\"]"}
RESULT: {"using":"xpath","value":"//button[@data-kt=\"addNewYardOverflowToolbarButton\"]"}
COMMAND: POST /session/c8be2085c0e5dd8418678e9c76522247/elements - {"using":"xpath","value":"//button[@data-kt=\"addNewYardOverflowToolbarButton\"]"}
RESULT: {"using":"xpath","value":"//button[@data-kt=\"addNewYardOverflowToolbarButton\"]"}
COMMAND: POST /session/c8be2085c0e5dd8418678e9c76522247/element - {"using":"xpath","value":"//button[@data-kt=\"addNewYardOverflowToolbarButton\"]"}
RESULT: {"using":"xpath","value":"//button[@data-kt=\"addNewYardOverflowToolbarButton\"]"}
COMMAND: POST /session/c8be2085c0e5dd8418678e9c76522247/execute/sync - {"script":"<script> [8489 bytes]","args":[{"element-6066-11e4-a52e-4f735466cecf":"f.59A644A74ED233CCADDF2157A5466830.d.AC5020A7B27ECED9407519FC0226C721.e.300","ELEMENT":"f.59A644A74ED233CCADDF2157A5466830.d.AC5020A7B27ECED9407519FC0226C721.e.300"}]}
RESULT: {"script":"<script> [8489 bytes]","args":[{"element-6066-11e4-a52e-4f735466cecf":"f.59A644A74ED233CCADDF2157A5466830.d.AC5020A7B27ECED9407519FC0226C721.e.300","ELEMENT":"f.59A644A74ED233CCADDF2157A5466830.d.AC5020A7B27ECED9407519FC0226C721.e.300"}]}
COMMAND: GET /session/c8be2085c0e5dd8418678e9c76522247/element/f.59A644A74ED233CCADDF2157A5466830.d.AC5020A7B27ECED9407519FC0226C721.e.300/enabled - {}
COMMAND: GET /session/c8be2085c0e5dd8418678e9c76522247/screenshot - {}
RESULT: {}
COMMAND: POST /session/c8be2085c0e5dd8418678e9c76522247/execute/sync - {"script":"<script> [8489 bytes]","args":[{"element-6066-11e4-a52e-4f735466cecf":"f.59A644A74ED233CCADDF2157A5466830.d.AC5020A7B27ECED9407519FC0226C721.e.300","ELEMENT":"f.59A644A74ED233CCADDF2157A5466830.d.AC5020A7B27ECED9407519FC0226C721.e.300"}]}
COMMAND: GET /session/c8be2085c0e5dd8418678e9c76522247/screenshot - {}
RESULT: {}
RESULT: {"script":"<script> [8489 bytes]","args":[{"element-6066-11e4-a52e-4f735466cecf":"f.59A644A74ED233CCADDF2157A5466830.d.AC5020A7B27ECED9407519FC0226C721.e.300","ELEMENT":"f.59A644A74ED233CCADDF2157A5466830.d.AC5020A7B27ECED9407519FC0226C721.e.300"}]}
COMMAND: POST /session/c8be2085c0e5dd8418678e9c76522247/execute/sync - {"script":"<script> [5351 bytes]","args":[{"element-6066-11e4-a52e-4f735466cecf":"f.59A644A74ED233CCADDF2157A5466830.d.AC5020A7B27ECED9407519FC0226C721.e.300","ELEMENT":"f.59A644A74ED233CCADDF2157A5466830.d.AC5020A7B27ECED9407519FC0226C721.e.300"}]}
COMMAND: GET /session/c8be2085c0e5dd8418678e9c76522247/screenshot - {}
RESULT: {}
RESULT: {"script":"<script> [5351 bytes]","args":[{"element-6066-11e4-a52e-4f735466cecf":"f.59A644A74ED233CCADDF2157A5466830.d.AC5020A7B27ECED9407519FC0226C721.e.300","ELEMENT":"f.59A644A74ED233CCADDF2157A5466830.d.AC5020A7B27ECED9407519FC0226C721.e.300"}]}
COMMAND: POST /session/c8be2085c0e5dd8418678e9c76522247/element/f.59A644A74ED233CCADDF2157A5466830.d.AC5020A7B27ECED9407519FC0226C721.e.300/click - {}
COMMAND: GET /session/c8be2085c0e5dd8418678e9c76522247/screenshot - {}
RESULT: {}
RESULT: {}
COMMAND: GET /session/c8be2085c0e5dd8418678e9c76522247/screenshot - {}
RESULT: {}
COMMAND: POST /session/c8be2085c0e5dd8418678e9c76522247/element - {"using":"xpath","value":"//input[@id=\"application-manageyards-display-component---NewYard--yardId-inner\"]"}
RESULT: {}
RESULT: {"using":"xpath","value":"//input[@id=\"application-manageyards-display-component---NewYard--yardId-inner\"]"}
COMMAND: POST /session/c8be2085c0e5dd8418678e9c76522247/element - {"using":"xpath","value":"//input[@id=\"application-manageyards-display-component---NewYard--yardId-inner\"]"}
RESULT: {"using":"xpath","value":"//input[@id=\"application-manageyards-display-component---NewYard--yardId-inner\"]"}
COMMAND: POST /session/c8be2085c0e5dd8418678e9c76522247/execute/async - {"script":"<script> [1562 bytes]","args":[{"selector":{"id":"application-manageyards-display-component---NewYard--addressDetailDetailsName1","interaction":{"idSuffix":"inner"}},"wdio_ui5_key":"applicationmanageyards-display-component---NewYard--addressDetailDetailsName1"}]}
RESULT: {"script":"<script> [1562 bytes]","args":[{"selector":{"id":"application-manageyards-display-component---NewYard--addressDetailDetailsName1","interaction":{"idSuffix":"inner"}},"wdio_ui5_key":"applicationmanageyards-display-component---NewYard--addressDetailDetailsName1"}]}
RESULT: undefined
COMMAND: POST /session/c8be2085c0e5dd8418678e9c76522247/execute/async - {"script":"<script> [776 bytes]","args":[{"enterText":"Intracompany Yard wdIO","selector":{"id":"application-manageyards-display-component---NewYard--addressDetailDetailsName1","interaction":{"idSuffix":"inner"}},"clearTextFirst":true,"interactionType":"ENTER_TEXT"}]}
RESULT: {"script":"<script> [776 bytes]","args":[{"enterText":"Intracompany Yard wdIO","selector":{"id":"application-manageyards-display-component---NewYard--addressDetailDetailsName1","interaction":{"idSuffix":"inner"}},"clearTextFirst":true,"interactionType":"ENTER_TEXT"}]}
COMMAND: POST /session/c8be2085c0e5dd8418678e9c76522247/execute/async - {"script":"<script> [1562 bytes]","args":[{"selector":{"id":"application-manageyards-display-component---NewYard--addressDetailDetailsLanguage-arrow"},"wdio_ui5_key":"applicationmanageyards-display-component---NewYard--addressDetailDetailsLanguage-arrow"}]}
RESULT: {"script":"<script> [1562 bytes]","args":[{"selector":{"id":"application-manageyards-display-component---NewYard--addressDetailDetailsLanguage-arrow"},"wdio_ui5_key":"applicationmanageyards-display-component---NewYard--addressDetailDetailsLanguage-arrow"}]}
RESULT: undefined
COMMAND: POST /session/c8be2085c0e5dd8418678e9c76522247/element - {"using":"xpath","value":"//*[@id=\"application-manageyards-display-component---NewYard--addressDetailDetailsLanguage-arrow\"]"}
RESULT: {"using":"xpath","value":"//*[@id=\"application-manageyards-display-component---NewYard--addressDetailDetailsLanguage-arrow\"]"}
COMMAND: POST /session/c8be2085c0e5dd8418678e9c76522247/element/f.59A644A74ED233CCADDF2157A5466830.d.AC5020A7B27ECED9407519FC0226C721.e.739/click - {}
RESULT: {}
COMMAND: POST /session/c8be2085c0e5dd8418678e9c76522247/element - {"using":"xpath","value":"//span[contains(text(), \"English\")]"}
COMMAND: GET /session/c8be2085c0e5dd8418678e9c76522247/screenshot - {}
RESULT: {"using":"xpath","value":"//span[contains(text(), \"English\")]"}
COMMAND: POST /session/c8be2085c0e5dd8418678e9c76522247/element/f.59A644A74ED233CCADDF2157A5466830.d.AC5020A7B27ECED9407519FC0226C721.e.740/click - {}
RESULT: {}
RESULT: {}
COMMAND: POST /session/c8be2085c0e5dd8418678e9c76522247/execute/async - {"script":"<script> [1562 bytes]","args":[{"selector":{"id":"application-manageyards-display-component---NewYard--addressDetailDetailsCity1","interaction":{"idSuffix":"inner"}},"wdio_ui5_key":"applicationmanageyards-display-component---NewYard--addressDetailDetailsCity1"}]}
COMMAND: GET /session/c8be2085c0e5dd8418678e9c76522247/screenshot - {}
RESULT: {"script":"<script> [1562 bytes]","args":[{"selector":{"id":"application-manageyards-display-component---NewYard--addressDetailDetailsCity1","interaction":{"idSuffix":"inner"}},"wdio_ui5_key":"applicationmanageyards-display-component---NewYard--addressDetailDetailsCity1"}]}
RESULT: undefined
COMMAND: POST /session/c8be2085c0e5dd8418678e9c76522247/execute/async - {"script":"<script> [776 bytes]","args":[{"enterText":"Rosario","selector":{"id":"application-manageyards-display-component---NewYard--addressDetailDetailsCity1","interaction":{"idSuffix":"inner"}},"clearTextFirst":true,"interactionType":"ENTER_TEXT"}]}
RESULT: {}
RESULT: {"script":"<script> [776 bytes]","args":[{"enterText":"Rosario","selector":{"id":"application-manageyards-display-component---NewYard--addressDetailDetailsCity1","interaction":{"idSuffix":"inner"}},"clearTextFirst":true,"interactionType":"ENTER_TEXT"}]}
COMMAND: POST /session/c8be2085c0e5dd8418678e9c76522247/execute/async - {"script":"<script> [1562 bytes]","args":[{"selector":{"id":"application-manageyards-display-component---NewYard--addressDetailDetailsCountry-arrow"},"wdio_ui5_key":"applicationmanageyards-display-component---NewYard--addressDetailDetailsCountry-arrow"}]}
RESULT: {"script":"<script> [1562 bytes]","args":[{"selector":{"id":"application-manageyards-display-component---NewYard--addressDetailDetailsCountry-arrow"},"wdio_ui5_key":"applicationmanageyards-display-component---NewYard--addressDetailDetailsCountry-arrow"}]}
RESULT: undefined
COMMAND: POST /session/c8be2085c0e5dd8418678e9c76522247/element - {"using":"xpath","value":"//*[@id=\"application-manageyards-display-component---NewYard--addressDetailDetailsCountry-arrow\"]"}
RESULT: {"using":"xpath","value":"//*[@id=\"application-manageyards-display-component---NewYard--addressDetailDetailsCountry-arrow\"]"}
COMMAND: POST /session/c8be2085c0e5dd8418678e9c76522247/element/f.59A644A74ED233CCADDF2157A5466830.d.AC5020A7B27ECED9407519FC0226C721.e.742/click - {}
RESULT: {}
COMMAND: POST /session/c8be2085c0e5dd8418678e9c76522247/element - {"using":"xpath","value":"//span[contains(text(), \"Argentina\")]"}
COMMAND: GET /session/c8be2085c0e5dd8418678e9c76522247/screenshot - {}
RESULT: {"using":"xpath","value":"//span[contains(text(), \"Argentina\")]"}
COMMAND: POST /session/c8be2085c0e5dd8418678e9c76522247/element/f.59A644A74ED233CCADDF2157A5466830.d.AC5020A7B27ECED9407519FC0226C721.e.744/click - {}
RESULT: {}
RESULT: {}
COMMAND: POST /session/c8be2085c0e5dd8418678e9c76522247/execute/async - {"script":"<script> [1562 bytes]","args":[{"selector":{"id":"application-manageyards-display-component---NewYard--addressEditDetailsCostObjectCstType-arrow"},"wdio_ui5_key":"applicationmanageyards-display-component---NewYard--addressEditDetailsCostObjectCstType-arrow"}]}
COMMAND: GET /session/c8be2085c0e5dd8418678e9c76522247/screenshot - {}
RESULT: {"script":"<script> [1562 bytes]","args":[{"selector":{"id":"application-manageyards-display-component---NewYard--addressEditDetailsCostObjectCstType-arrow"},"wdio_ui5_key":"applicationmanageyards-display-component---NewYard--addressEditDetailsCostObjectCstType-arrow"}]}
RESULT: undefined
COMMAND: POST /session/c8be2085c0e5dd8418678e9c76522247/element - {"using":"xpath","value":"//*[@id=\"application-manageyards-display-component---NewYard--addressEditDetailsCostObjectCstType-arrow\"]"}
RESULT: {}
RESULT: {"using":"xpath","value":"//*[@id=\"application-manageyards-display-component---NewYard--addressEditDetailsCostObjectCstType-arrow\"]"}
COMMAND: POST /session/c8be2085c0e5dd8418678e9c76522247/element/f.59A644A74ED233CCADDF2157A5466830.d.AC5020A7B27ECED9407519FC0226C721.e.745/click - {}
RESULT: {}
COMMAND: POST /session/c8be2085c0e5dd8418678e9c76522247/element - {"using":"xpath","value":"//span[contains(text(), \"Cost Center\")]"}
COMMAND: GET /session/c8be2085c0e5dd8418678e9c76522247/screenshot - {}
RESULT: {"using":"xpath","value":"//span[contains(text(), \"Cost Center\")]"}
COMMAND: POST /session/c8be2085c0e5dd8418678e9c76522247/element/f.59A644A74ED233CCADDF2157A5466830.d.AC5020A7B27ECED9407519FC0226C721.e.746/click - {}
RESULT: {}
RESULT: {}
COMMAND: GET /session/c8be2085c0e5dd8418678e9c76522247/screenshot - {}
RESULT: {}
COMMAND: POST /session/c8be2085c0e5dd8418678e9c76522247/element - {"using":"xpath","value":"//span[@id=\"application-manageyards-display-component---NewYard--addressNewCostObjectCstID-vhi\"]"}
RESULT: {"using":"xpath","value":"//span[@id=\"application-manageyards-display-component---NewYard--addressNewCostObjectCstID-vhi\"]"}
COMMAND: POST /session/c8be2085c0e5dd8418678e9c76522247/execute/sync - {"script":"<script> [8489 bytes]","args":[{"element-6066-11e4-a52e-4f735466cecf":"f.59A644A74ED233CCADDF2157A5466830.d.AC5020A7B27ECED9407519FC0226C721.e.750","ELEMENT":"f.59A644A74ED233CCADDF2157A5466830.d.AC5020A7B27ECED9407519FC0226C721.e.750"}]}
RESULT: {"script":"<script> [8489 bytes]","args":[{"element-6066-11e4-a52e-4f735466cecf":"f.59A644A74ED233CCADDF2157A5466830.d.AC5020A7B27ECED9407519FC0226C721.e.750","ELEMENT":"f.59A644A74ED233CCADDF2157A5466830.d.AC5020A7B27ECED9407519FC0226C721.e.750"}]}
COMMAND: POST /session/c8be2085c0e5dd8418678e9c76522247/execute/async - {"script":"<script> [1562 bytes]","args":[{"selector":{"id":"application-manageyards-display-component---NewYard--addressNewCostObjectCstID-vhi"},"wdio_ui5_key":"applicationmanageyards-display-component---NewYard--addressNewCostObjectCstID-vhi"}]}
COMMAND: GET /session/c8be2085c0e5dd8418678e9c76522247/screenshot - {}
RESULT: {"script":"<script> [1562 bytes]","args":[{"selector":{"id":"application-manageyards-display-component---NewYard--addressNewCostObjectCstID-vhi"},"wdio_ui5_key":"applicationmanageyards-display-component---NewYard--addressNewCostObjectCstID-vhi"}]}
RESULT: undefined
COMMAND: POST /session/c8be2085c0e5dd8418678e9c76522247/element - {"using":"xpath","value":"//*[@id=\"application-manageyards-display-component---NewYard--addressNewCostObjectCstID-vhi\"]"}
RESULT: {}
RESULT: {"using":"xpath","value":"//*[@id=\"application-manageyards-display-component---NewYard--addressNewCostObjectCstID-vhi\"]"}
COMMAND: POST /session/c8be2085c0e5dd8418678e9c76522247/element/f.59A644A74ED233CCADDF2157A5466830.d.AC5020A7B27ECED9407519FC0226C721.e.750/click - {}
RESULT: {}
COMMAND: GET /session/c8be2085c0e5dd8418678e9c76522247/screenshot - {}
RESULT: {}
COMMAND: POST /session/c8be2085c0e5dd8418678e9c76522247/execute/async - {"script":"<script> [1562 bytes]","args":[{"selector":{"controlType":"sap.m.SearchField","properties":{"placeholder":"Search"},"searchOpenDialogs":true,"interaction":{"idSuffix":"I"}},"wdio_ui5_key":"sapm.SearchField{\"placeholder\":\"Search\"}"}]}
RESULT: {"script":"<script> [1562 bytes]","args":[{"selector":{"controlType":"sap.m.SearchField","properties":{"placeholder":"Search"},"searchOpenDialogs":true,"interaction":{"idSuffix":"I"}},"wdio_ui5_key":"sapm.SearchField{\"placeholder\":\"Search\"}"}]}
RESULT: undefined
COMMAND: POST /session/c8be2085c0e5dd8418678e9c76522247/execute/async - {"script":"<script> [776 bytes]","args":[{"enterText":"bauh_b","selector":{"controlType":"sap.m.SearchField","properties":{"placeholder":"Search"},"searchOpenDialogs":true,"interaction":{"idSuffix":"I"}},"clearTextFirst":true,"interactionType":"ENTER_TEXT"}]}
RESULT: {"script":"<script> [776 bytes]","args":[{"enterText":"bauh_b","selector":{"controlType":"sap.m.SearchField","properties":{"placeholder":"Search"},"searchOpenDialogs":true,"interaction":{"idSuffix":"I"}},"clearTextFirst":true,"interactionType":"ENTER_TEXT"}]}
COMMAND: POST /session/c8be2085c0e5dd8418678e9c76522247/actions - {"actions":[{"id":"action1","type":"key","parameters":{},"actions":[{"type":"keyDown","value":"î€‡"},{"type":"pause","duration":10},{"type":"keyUp","value":"î€‡"}]}]}
RESULT: {"actions":[{"id":"action1","type":"key","parameters":{},"actions":[{"type":"keyDown","value":"î€‡"},{"type":"pause","duration":10},{"type":"keyUp","value":"î€‡"}]}]}
COMMAND: GET /session/c8be2085c0e5dd8418678e9c76522247/screenshot - {}
RESULT: {}
COMMAND: POST /session/c8be2085c0e5dd8418678e9c76522247/element - {"using":"xpath","value":"//span[contains(text(), \"Demo Yard\")]"}
RESULT: {"using":"xpath","value":"//span[contains(text(), \"Demo Yard\")]"}
COMMAND: POST /session/c8be2085c0e5dd8418678e9c76522247/element/f.59A644A74ED233CCADDF2157A5466830.d.AC5020A7B27ECED9407519FC0226C721.e.792/click - {}
RESULT: {}
COMMAND: GET /session/c8be2085c0e5dd8418678e9c76522247/screenshot - {}
RESULT: {}
COMMAND: POST /session/c8be2085c0e5dd8418678e9c76522247/element - {"using":"xpath","value":"//bdi[contains(text(), \"OK\")]"}
RESULT: {"using":"xpath","value":"//bdi[contains(text(), \"OK\")]"}
COMMAND: POST /session/c8be2085c0e5dd8418678e9c76522247/element/f.59A644A74ED233CCADDF2157A5466830.d.AC5020A7B27ECED9407519FC0226C721.e.793/click - {}
RESULT: {}
COMMAND: GET /session/c8be2085c0e5dd8418678e9c76522247/screenshot - {}
RESULT: {}
COMMAND: POST /session/c8be2085c0e5dd8418678e9c76522247/execute/async - {"script":"<script> [1562 bytes]","args":[{"selector":{"id":"application-manageyards-display-component---NewYard--addressEditDetailsCurrency-arrow"},"wdio_ui5_key":"applicationmanageyards-display-component---NewYard--addressEditDetailsCurrency-arrow"}]}
RESULT: {"script":"<script> [1562 bytes]","args":[{"selector":{"id":"application-manageyards-display-component---NewYard--addressEditDetailsCurrency-arrow"},"wdio_ui5_key":"applicationmanageyards-display-component---NewYard--addressEditDetailsCurrency-arrow"}]}
RESULT: undefined
COMMAND: POST /session/c8be2085c0e5dd8418678e9c76522247/element - {"using":"xpath","value":"//*[@id=\"application-manageyards-display-component---NewYard--addressEditDetailsCurrency-arrow\"]"}
RESULT: {"using":"xpath","value":"//*[@id=\"application-manageyards-display-component---NewYard--addressEditDetailsCurrency-arrow\"]"}
COMMAND: POST /session/c8be2085c0e5dd8418678e9c76522247/element/f.59A644A74ED233CCADDF2157A5466830.d.AC5020A7B27ECED9407519FC0226C721.e.796/click - {}
RESULT: {}
COMMAND: POST /session/c8be2085c0e5dd8418678e9c76522247/element - {"using":"xpath","value":"//span[contains(text(), \"Euro\")]"}
COMMAND: GET /session/c8be2085c0e5dd8418678e9c76522247/screenshot - {}
RESULT: {"using":"xpath","value":"//span[contains(text(), \"Euro\")]"}
COMMAND: POST /session/c8be2085c0e5dd8418678e9c76522247/element/f.59A644A74ED233CCADDF2157A5466830.d.AC5020A7B27ECED9407519FC0226C721.e.797/click - {}
RESULT: {}
RESULT: {}
COMMAND: POST /session/c8be2085c0e5dd8418678e9c76522247/execute/async - {"script":"<script> [1562 bytes]","args":[{"selector":{"controlType":"sap.m.Input","viewName":"etm.portal.ui.manageyards.view.New","viewId":"application-manageyards-display-component---NewYard","bindingPath":{"path":"","propertyPath":"/CONTROLLING_AREA","modelName":"NewYardModel"},"interaction":{"idSuffix":"inner"}},"wdio_ui5_key":"etmportal.ui.manageyards.view.Newsap.m.Input{\"path\":\"\",\"propertyPath\":\"/CONTROLLING_AREA\",\"modelName\":\"NewYardModel\"}"}]}
COMMAND: GET /session/c8be2085c0e5dd8418678e9c76522247/screenshot - {}
RESULT: {"script":"<script> [1562 bytes]","args":[{"selector":{"controlType":"sap.m.Input","viewName":"etm.portal.ui.manageyards.view.New","viewId":"application-manageyards-display-component---NewYard","bindingPath":{"path":"","propertyPath":"/CONTROLLING_AREA","modelName":"NewYardModel"},"interaction":{"idSuffix":"inner"}},"wdio_ui5_key":"etmportal.ui.manageyards.view.Newsap.m.Input{\"path\":\"\",\"propertyPath\":\"/CONTROLLING_AREA\",\"modelName\":\"NewYardModel\"}"}]}
RESULT: undefined
COMMAND: POST /session/c8be2085c0e5dd8418678e9c76522247/execute/async - {"script":"<script> [776 bytes]","args":[{"enterText":"Z001","selector":{"controlType":"sap.m.Input","viewName":"etm.portal.ui.manageyards.view.New","viewId":"application-manageyards-display-component---NewYard","bindingPath":{"path":"","propertyPath":"/CONTROLLING_AREA","modelName":"NewYardModel"},"interaction":{"idSuffix":"inner"}},"clearTextFirst":true,"interactionType":"ENTER_TEXT"}]}
RESULT: {}
RESULT: {"script":"<script> [776 bytes]","args":[{"enterText":"Z001","selector":{"controlType":"sap.m.Input","viewName":"etm.portal.ui.manageyards.view.New","viewId":"application-manageyards-display-component---NewYard","bindingPath":{"path":"","propertyPath":"/CONTROLLING_AREA","modelName":"NewYardModel"},"interaction":{"idSuffix":"inner"}},"clearTextFirst":true,"interactionType":"ENTER_TEXT"}]}
COMMAND: POST /session/c8be2085c0e5dd8418678e9c76522247/execute/async - {"script":"<script> [1562 bytes]","args":[{"selector":{"id":"application-manageyards-display-component---NewYard--companyCodeComboBox","interaction":{"idSuffix":"inner"}},"wdio_ui5_key":"applicationmanageyards-display-component---NewYard--companyCodeComboBox"}]}
RESULT: {"script":"<script> [1562 bytes]","args":[{"selector":{"id":"application-manageyards-display-component---NewYard--companyCodeComboBox","interaction":{"idSuffix":"inner"}},"wdio_ui5_key":"applicationmanageyards-display-component---NewYard--companyCodeComboBox"}]}
RESULT: undefined
COMMAND: POST /session/c8be2085c0e5dd8418678e9c76522247/execute/async - {"script":"<script> [776 bytes]","args":[{"enterText":"1000","selector":{"id":"application-manageyards-display-component---NewYard--companyCodeComboBox","interaction":{"idSuffix":"inner"}},"clearTextFirst":true,"interactionType":"ENTER_TEXT"}]}
RESULT: {"script":"<script> [776 bytes]","args":[{"enterText":"1000","selector":{"id":"application-manageyards-display-component---NewYard--companyCodeComboBox","interaction":{"idSuffix":"inner"}},"clearTextFirst":true,"interactionType":"ENTER_TEXT"}]}
COMMAND: POST /session/c8be2085c0e5dd8418678e9c76522247/execute/async - {"script":"<script> [1562 bytes]","args":[{"selector":{"controlType":"sap.m.Input","viewName":"etm.portal.ui.manageyards.view.New","viewId":"application-manageyards-display-component---NewYard","bindingPath":{"path":"","propertyPath":"/PLANT","modelName":"NewYardModel"},"interaction":{"idSuffix":"inner"}},"wdio_ui5_key":"etmportal.ui.manageyards.view.Newsap.m.Input{\"path\":\"\",\"propertyPath\":\"/PLANT\",\"modelName\":\"NewYardModel\"}"}]}
RESULT: {"script":"<script> [1562 bytes]","args":[{"selector":{"controlType":"sap.m.Input","viewName":"etm.portal.ui.manageyards.view.New","viewId":"application-manageyards-display-component---NewYard","bindingPath":{"path":"","propertyPath":"/PLANT","modelName":"NewYardModel"},"interaction":{"idSuffix":"inner"}},"wdio_ui5_key":"etmportal.ui.manageyards.view.Newsap.m.Input{\"path\":\"\",\"propertyPath\":\"/PLANT\",\"modelName\":\"NewYardModel\"}"}]}
RESULT: undefined
COMMAND: POST /session/c8be2085c0e5dd8418678e9c76522247/execute/async - {"script":"<script> [776 bytes]","args":[{"enterText":"1001","selector":{"controlType":"sap.m.Input","viewName":"etm.portal.ui.manageyards.view.New","viewId":"application-manageyards-display-component---NewYard","bindingPath":{"path":"","propertyPath":"/PLANT","modelName":"NewYardModel"},"interaction":{"idSuffix":"inner"}},"clearTextFirst":true,"interactionType":"ENTER_TEXT"}]}
RESULT: {"script":"<script> [776 bytes]","args":[{"enterText":"1001","selector":{"controlType":"sap.m.Input","viewName":"etm.portal.ui.manageyards.view.New","viewId":"application-manageyards-display-component---NewYard","bindingPath":{"path":"","propertyPath":"/PLANT","modelName":"NewYardModel"},"interaction":{"idSuffix":"inner"}},"clearTextFirst":true,"interactionType":"ENTER_TEXT"}]}
COMMAND: POST /session/c8be2085c0e5dd8418678e9c76522247/execute/async - {"script":"<script> [1562 bytes]","args":[{"selector":{"controlType":"sap.m.Input","viewName":"etm.portal.ui.manageyards.view.New","viewId":"application-manageyards-display-component---NewYard","bindingPath":{"path":"","propertyPath":"/SALES_AREA_VKORG","modelName":"NewYardModel"},"interaction":{"idSuffix":"inner"}},"wdio_ui5_key":"etmportal.ui.manageyards.view.Newsap.m.Input{\"path\":\"\",\"propertyPath\":\"/SALES_AREA_VKORG\",\"modelName\":\"NewYardModel\"}"}]}
RESULT: {"script":"<script> [1562 bytes]","args":[{"selector":{"controlType":"sap.m.Input","viewName":"etm.portal.ui.manageyards.view.New","viewId":"application-manageyards-display-component---NewYard","bindingPath":{"path":"","propertyPath":"/SALES_AREA_VKORG","modelName":"NewYardModel"},"interaction":{"idSuffix":"inner"}},"wdio_ui5_key":"etmportal.ui.manageyards.view.Newsap.m.Input{\"path\":\"\",\"propertyPath\":\"/SALES_AREA_VKORG\",\"modelName\":\"NewYardModel\"}"}]}
RESULT: undefined
COMMAND: POST /session/c8be2085c0e5dd8418678e9c76522247/execute/async - {"script":"<script> [776 bytes]","args":[{"enterText":"C002","selector":{"controlType":"sap.m.Input","viewName":"etm.portal.ui.manageyards.view.New","viewId":"application-manageyards-display-component---NewYard","bindingPath":{"path":"","propertyPath":"/SALES_AREA_VKORG","modelName":"NewYardModel"},"interaction":{"idSuffix":"inner"}},"clearTextFirst":true,"interactionType":"ENTER_TEXT"}]}
RESULT: {"script":"<script> [776 bytes]","args":[{"enterText":"C002","selector":{"controlType":"sap.m.Input","viewName":"etm.portal.ui.manageyards.view.New","viewId":"application-manageyards-display-component---NewYard","bindingPath":{"path":"","propertyPath":"/SALES_AREA_VKORG","modelName":"NewYardModel"},"interaction":{"idSuffix":"inner"}},"clearTextFirst":true,"interactionType":"ENTER_TEXT"}]}
COMMAND: POST /session/c8be2085c0e5dd8418678e9c76522247/execute/async - {"script":"<script> [1562 bytes]","args":[{"selector":{"controlType":"sap.m.Input","viewName":"etm.portal.ui.manageyards.view.New","viewId":"application-manageyards-display-component---NewYard","bindingPath":{"path":"","propertyPath":"/SALES_AREA_VTWEG","modelName":"NewYardModel"},"interaction":{"idSuffix":"inner"}},"wdio_ui5_key":"etmportal.ui.manageyards.view.Newsap.m.Input{\"path\":\"\",\"propertyPath\":\"/SALES_AREA_VTWEG\",\"modelName\":\"NewYardModel\"}"}]}
RESULT: {"script":"<script> [1562 bytes]","args":[{"selector":{"controlType":"sap.m.Input","viewName":"etm.portal.ui.manageyards.view.New","viewId":"application-manageyards-display-component---NewYard","bindingPath":{"path":"","propertyPath":"/SALES_AREA_VTWEG","modelName":"NewYardModel"},"interaction":{"idSuffix":"inner"}},"wdio_ui5_key":"etmportal.ui.manageyards.view.Newsap.m.Input{\"path\":\"\",\"propertyPath\":\"/SALES_AREA_VTWEG\",\"modelName\":\"NewYardModel\"}"}]}
RESULT: undefined
COMMAND: POST /session/c8be2085c0e5dd8418678e9c76522247/execute/async - {"script":"<script> [776 bytes]","args":[{"enterText":"C2","selector":{"controlType":"sap.m.Input","viewName":"etm.portal.ui.manageyards.view.New","viewId":"application-manageyards-display-component---NewYard","bindingPath":{"path":"","propertyPath":"/SALES_AREA_VTWEG","modelName":"NewYardModel"},"interaction":{"idSuffix":"inner"}},"clearTextFirst":true,"interactionType":"ENTER_TEXT"}]}
RESULT: {"script":"<script> [776 bytes]","args":[{"enterText":"C2","selector":{"controlType":"sap.m.Input","viewName":"etm.portal.ui.manageyards.view.New","viewId":"application-manageyards-display-component---NewYard","bindingPath":{"path":"","propertyPath":"/SALES_AREA_VTWEG","modelName":"NewYardModel"},"interaction":{"idSuffix":"inner"}},"clearTextFirst":true,"interactionType":"ENTER_TEXT"}]}
COMMAND: POST /session/c8be2085c0e5dd8418678e9c76522247/execute/async - {"script":"<script> [1562 bytes]","args":[{"selector":{"controlType":"sap.m.Input","viewName":"etm.portal.ui.manageyards.view.New","viewId":"application-manageyards-display-component---NewYard","bindingPath":{"path":"","propertyPath":"/SALES_AREA_SPART","modelName":"NewYardModel"},"interaction":{"idSuffix":"inner"}},"wdio_ui5_key":"etmportal.ui.manageyards.view.Newsap.m.Input{\"path\":\"\",\"propertyPath\":\"/SALES_AREA_SPART\",\"modelName\":\"NewYardModel\"}"}]}
RESULT: {"script":"<script> [1562 bytes]","args":[{"selector":{"controlType":"sap.m.Input","viewName":"etm.portal.ui.manageyards.view.New","viewId":"application-manageyards-display-component---NewYard","bindingPath":{"path":"","propertyPath":"/SALES_AREA_SPART","modelName":"NewYardModel"},"interaction":{"idSuffix":"inner"}},"wdio_ui5_key":"etmportal.ui.manageyards.view.Newsap.m.Input{\"path\":\"\",\"propertyPath\":\"/SALES_AREA_SPART\",\"modelName\":\"NewYardModel\"}"}]}
RESULT: undefined
COMMAND: POST /session/c8be2085c0e5dd8418678e9c76522247/execute/async - {"script":"<script> [776 bytes]","args":[{"enterText":"C2","selector":{"controlType":"sap.m.Input","viewName":"etm.portal.ui.manageyards.view.New","viewId":"application-manageyards-display-component---NewYard","bindingPath":{"path":"","propertyPath":"/SALES_AREA_SPART","modelName":"NewYardModel"},"interaction":{"idSuffix":"inner"}},"clearTextFirst":true,"interactionType":"ENTER_TEXT"}]}
RESULT: {"script":"<script> [776 bytes]","args":[{"enterText":"C2","selector":{"controlType":"sap.m.Input","viewName":"etm.portal.ui.manageyards.view.New","viewId":"application-manageyards-display-component---NewYard","bindingPath":{"path":"","propertyPath":"/SALES_AREA_SPART","modelName":"NewYardModel"},"interaction":{"idSuffix":"inner"}},"clearTextFirst":true,"interactionType":"ENTER_TEXT"}]}
COMMAND: POST /session/c8be2085c0e5dd8418678e9c76522247/execute/async - {"script":"<script> [1562 bytes]","args":[{"selector":{"controlType":"sap.m.Input","viewName":"etm.portal.ui.manageyards.view.New","viewId":"application-manageyards-display-component---NewYard","bindingPath":{"path":"","propertyPath":"/SHIP_POINT","modelName":"NewYardModel"},"interaction":{"idSuffix":"inner"}},"wdio_ui5_key":"etmportal.ui.manageyards.view.Newsap.m.Input{\"path\":\"\",\"propertyPath\":\"/SHIP_POINT\",\"modelName\":\"NewYardModel\"}"}]}
RESULT: {"script":"<script> [1562 bytes]","args":[{"selector":{"controlType":"sap.m.Input","viewName":"etm.portal.ui.manageyards.view.New","viewId":"application-manageyards-display-component---NewYard","bindingPath":{"path":"","propertyPath":"/SHIP_POINT","modelName":"NewYardModel"},"interaction":{"idSuffix":"inner"}},"wdio_ui5_key":"etmportal.ui.manageyards.view.Newsap.m.Input{\"path\":\"\",\"propertyPath\":\"/SHIP_POINT\",\"modelName\":\"NewYardModel\"}"}]}
RESULT: undefined
COMMAND: POST /session/c8be2085c0e5dd8418678e9c76522247/execute/async - {"script":"<script> [776 bytes]","args":[{"enterText":"1710","selector":{"controlType":"sap.m.Input","viewName":"etm.portal.ui.manageyards.view.New","viewId":"application-manageyards-display-component---NewYard","bindingPath":{"path":"","propertyPath":"/SHIP_POINT","modelName":"NewYardModel"},"interaction":{"idSuffix":"inner"}},"clearTextFirst":true,"interactionType":"ENTER_TEXT"}]}
RESULT: {"script":"<script> [776 bytes]","args":[{"enterText":"1710","selector":{"controlType":"sap.m.Input","viewName":"etm.portal.ui.manageyards.view.New","viewId":"application-manageyards-display-component---NewYard","bindingPath":{"path":"","propertyPath":"/SHIP_POINT","modelName":"NewYardModel"},"interaction":{"idSuffix":"inner"}},"clearTextFirst":true,"interactionType":"ENTER_TEXT"}]}
COMMAND: POST /session/c8be2085c0e5dd8418678e9c76522247/execute/async - {"script":"<script> [1562 bytes]","args":[{"selector":{"controlType":"sap.m.Input","viewName":"etm.portal.ui.manageyards.view.New","viewId":"application-manageyards-display-component---NewYard","bindingPath":{"path":"","propertyPath":"/DELIVERY_TYPE","modelName":"NewYardModel"},"interaction":{"idSuffix":"inner"}},"wdio_ui5_key":"etmportal.ui.manageyards.view.Newsap.m.Input{\"path\":\"\",\"propertyPath\":\"/DELIVERY_TYPE\",\"modelName\":\"NewYardModel\"}"}]}
RESULT: {"script":"<script> [1562 bytes]","args":[{"selector":{"controlType":"sap.m.Input","viewName":"etm.portal.ui.manageyards.view.New","viewId":"application-manageyards-display-component---NewYard","bindingPath":{"path":"","propertyPath":"/DELIVERY_TYPE","modelName":"NewYardModel"},"interaction":{"idSuffix":"inner"}},"wdio_ui5_key":"etmportal.ui.manageyards.view.Newsap.m.Input{\"path\":\"\",\"propertyPath\":\"/DELIVERY_TYPE\",\"modelName\":\"NewYardModel\"}"}]}
RESULT: undefined
COMMAND: POST /session/c8be2085c0e5dd8418678e9c76522247/execute/async - {"script":"<script> [776 bytes]","args":[{"enterText":"ZL01","selector":{"controlType":"sap.m.Input","viewName":"etm.portal.ui.manageyards.view.New","viewId":"application-manageyards-display-component---NewYard","bindingPath":{"path":"","propertyPath":"/DELIVERY_TYPE","modelName":"NewYardModel"},"interaction":{"idSuffix":"inner"}},"clearTextFirst":true,"interactionType":"ENTER_TEXT"}]}
RESULT: {"script":"<script> [776 bytes]","args":[{"enterText":"ZL01","selector":{"controlType":"sap.m.Input","viewName":"etm.portal.ui.manageyards.view.New","viewId":"application-manageyards-display-component---NewYard","bindingPath":{"path":"","propertyPath":"/DELIVERY_TYPE","modelName":"NewYardModel"},"interaction":{"idSuffix":"inner"}},"clearTextFirst":true,"interactionType":"ENTER_TEXT"}]}
COMMAND: POST /session/c8be2085c0e5dd8418678e9c76522247/execute/async - {"script":"<script> [1562 bytes]","args":[{"selector":{"controlType":"sap.m.Input","viewName":"etm.portal.ui.manageyards.view.New","viewId":"application-manageyards-display-component---NewYard","bindingPath":{"path":"","propertyPath":"/AUART","modelName":"NewYardModel"},"interaction":{"idSuffix":"inner"}},"wdio_ui5_key":"etmportal.ui.manageyards.view.Newsap.m.Input{\"path\":\"\",\"propertyPath\":\"/AUART\",\"modelName\":\"NewYardModel\"}"}]}
RESULT: {"script":"<script> [1562 bytes]","args":[{"selector":{"controlType":"sap.m.Input","viewName":"etm.portal.ui.manageyards.view.New","viewId":"application-manageyards-display-component---NewYard","bindingPath":{"path":"","propertyPath":"/AUART","modelName":"NewYardModel"},"interaction":{"idSuffix":"inner"}},"wdio_ui5_key":"etmportal.ui.manageyards.view.Newsap.m.Input{\"path\":\"\",\"propertyPath\":\"/AUART\",\"modelName\":\"NewYardModel\"}"}]}
RESULT: undefined
COMMAND: POST /session/c8be2085c0e5dd8418678e9c76522247/execute/async - {"script":"<script> [776 bytes]","args":[{"enterText":"TA","selector":{"controlType":"sap.m.Input","viewName":"etm.portal.ui.manageyards.view.New","viewId":"application-manageyards-display-component---NewYard","bindingPath":{"path":"","propertyPath":"/AUART","modelName":"NewYardModel"},"interaction":{"idSuffix":"inner"}},"clearTextFirst":true,"interactionType":"ENTER_TEXT"}]}
RESULT: {"script":"<script> [776 bytes]","args":[{"enterText":"TA","selector":{"controlType":"sap.m.Input","viewName":"etm.portal.ui.manageyards.view.New","viewId":"application-manageyards-display-component---NewYard","bindingPath":{"path":"","propertyPath":"/AUART","modelName":"NewYardModel"},"interaction":{"idSuffix":"inner"}},"clearTextFirst":true,"interactionType":"ENTER_TEXT"}]}
COMMAND: POST /session/c8be2085c0e5dd8418678e9c76522247/element - {"using":"xpath","value":"//button[@data-kt=\"newYardSaveButton\"]"}
RESULT: {"using":"xpath","value":"//button[@data-kt=\"newYardSaveButton\"]"}
COMMAND: POST /session/c8be2085c0e5dd8418678e9c76522247/element/f.59A644A74ED233CCADDF2157A5466830.d.AC5020A7B27ECED9407519FC0226C721.e.724/click - {}
RESULT: {}
COMMAND: GET /session/c8be2085c0e5dd8418678e9c76522247/screenshot - {}
RESULT: {}
COMMAND: POST /session/c8be2085c0e5dd8418678e9c76522247/element - {"using":"xpath","value":"//header[contains(@id, 'ObjectPageLayout-headerTitle')]/div[1]/div[2]/div[1]/span[1]"}
RESULT: {"using":"xpath","value":"//header[contains(@id, 'ObjectPageLayout-headerTitle')]/div[1]/div[2]/div[1]/span[1]"}
COMMAND: POST /session/c8be2085c0e5dd8418678e9c76522247/elements - {"using":"xpath","value":"//header[contains(@id, 'ObjectPageLayout-headerTitle')]/div[1]/div[2]/div[1]/span[1]"}
RESULT: {"using":"xpath","value":"//header[contains(@id, 'ObjectPageLayout-headerTitle')]/div[1]/div[2]/div[1]/span[1]"}
COMMAND: POST /session/c8be2085c0e5dd8418678e9c76522247/execute/sync - {"script":"<script> [56 bytes]","args":[{"element-6066-11e4-a52e-4f735466cecf":"f.59A644A74ED233CCADDF2157A5466830.d.AC5020A7B27ECED9407519FC0226C721.e.1017","ELEMENT":"f.59A644A74ED233CCADDF2157A5466830.d.AC5020A7B27ECED9407519FC0226C721.e.1017"}]}
RESULT: {"script":"<script> [56 bytes]","args":[{"element-6066-11e4-a52e-4f735466cecf":"f.59A644A74ED233CCADDF2157A5466830.d.AC5020A7B27ECED9407519FC0226C721.e.1017","ELEMENT":"f.59A644A74ED233CCADDF2157A5466830.d.AC5020A7B27ECED9407519FC0226C721.e.1017"}]}
COMMAND: GET /session/c8be2085c0e5dd8418678e9c76522247/screenshot - {}
RESULT: {}
COMMAND: POST /session/c8be2085c0e5dd8418678e9c76522247/element - {"using":"css selector","value":"#shell-header-logo"}
RESULT: {"using":"css selector","value":"#shell-header-logo"}
COMMAND: POST /session/c8be2085c0e5dd8418678e9c76522247/element/f.59A644A74ED233CCADDF2157A5466830.d.AC5020A7B27ECED9407519FC0226C721.e.269/click - {}
RESULT: {}
COMMAND: GET /session/c8be2085c0e5dd8418678e9c76522247/screenshot - {}
RESULT: {}
COMMAND: POST /session/c8be2085c0e5dd8418678e9c76522247/execute/sync - {"script":"<script> [299 bytes]","args":[["getModel","getResource"]]}
RESULT: {"script":"<script> [299 bytes]","args":[["getModel","getResource"]]}
]]></system-out>
    </testcase>
    <testcase classname="chrome.136_0_7103_93.windows.Billing_confirm_US117289" name="Should create a new partner" time="137.768">
      <system-out><![CDATA[
COMMAND: GET /session/c8be2085c0e5dd8418678e9c76522247/screenshot - {}
COMMAND: POST /session/c8be2085c0e5dd8418678e9c76522247/window/fullscreen - {}
RESULT: {}
COMMAND: POST /session/c8be2085c0e5dd8418678e9c76522247/execute/async - {"script":"<script> [1562 bytes]","args":[{"selector":{"controlType":"sap.m.GenericTile","properties":{"header":"Manage Partners"}},"wdio_ui5_key":"sapm.GenericTile{\"header\":\"Manage Partners\"}"}]}
RESULT: {}
RESULT: {"script":"<script> [1562 bytes]","args":[{"selector":{"controlType":"sap.m.GenericTile","properties":{"header":"Manage Partners"}},"wdio_ui5_key":"sapm.GenericTile{\"header\":\"Manage Partners\"}"}]}
RESULT: undefined
COMMAND: POST /session/c8be2085c0e5dd8418678e9c76522247/element - {"using":"xpath","value":"//*[@id=\"__tile38\"]"}
RESULT: {"using":"xpath","value":"//*[@id=\"__tile38\"]"}
COMMAND: POST /session/c8be2085c0e5dd8418678e9c76522247/element/f.59A644A74ED233CCADDF2157A5466830.d.AC5020A7B27ECED9407519FC0226C721.e.155/click - {}
RESULT: {}
COMMAND: GET /session/c8be2085c0e5dd8418678e9c76522247/screenshot - {}
RESULT: {}
COMMAND: POST /session/c8be2085c0e5dd8418678e9c76522247/elements - {"using":"xpath","value":"//span[text()='Error']"}
RESULT: {"using":"xpath","value":"//span[text()='Error']"}
COMMAND: POST /session/c8be2085c0e5dd8418678e9c76522247/element - {"using":"xpath","value":"//button[@data-kt=\"addButton\"]"}
RESULT: {"using":"xpath","value":"//button[@data-kt=\"addButton\"]"}
COMMAND: POST /session/c8be2085c0e5dd8418678e9c76522247/elements - {"using":"xpath","value":"//button[@data-kt=\"addButton\"]"}
RESULT: {"using":"xpath","value":"//button[@data-kt=\"addButton\"]"}
COMMAND: POST /session/c8be2085c0e5dd8418678e9c76522247/execute/sync - {"script":"<script> [8489 bytes]","args":[{"element-6066-11e4-a52e-4f735466cecf":"f.59A644A74ED233CCADDF2157A5466830.d.AC5020A7B27ECED9407519FC0226C721.e.1065","ELEMENT":"f.59A644A74ED233CCADDF2157A5466830.d.AC5020A7B27ECED9407519FC0226C721.e.1065"}]}
RESULT: {"script":"<script> [8489 bytes]","args":[{"element-6066-11e4-a52e-4f735466cecf":"f.59A644A74ED233CCADDF2157A5466830.d.AC5020A7B27ECED9407519FC0226C721.e.1065","ELEMENT":"f.59A644A74ED233CCADDF2157A5466830.d.AC5020A7B27ECED9407519FC0226C721.e.1065"}]}
COMMAND: GET /session/c8be2085c0e5dd8418678e9c76522247/element/f.59A644A74ED233CCADDF2157A5466830.d.AC5020A7B27ECED9407519FC0226C721.e.1065/enabled - {}
COMMAND: GET /session/c8be2085c0e5dd8418678e9c76522247/screenshot - {}
RESULT: {}
COMMAND: POST /session/c8be2085c0e5dd8418678e9c76522247/execute/sync - {"script":"<script> [8489 bytes]","args":[{"element-6066-11e4-a52e-4f735466cecf":"f.59A644A74ED233CCADDF2157A5466830.d.AC5020A7B27ECED9407519FC0226C721.e.1065","ELEMENT":"f.59A644A74ED233CCADDF2157A5466830.d.AC5020A7B27ECED9407519FC0226C721.e.1065"}]}
COMMAND: GET /session/c8be2085c0e5dd8418678e9c76522247/screenshot - {}
RESULT: {}
RESULT: {"script":"<script> [8489 bytes]","args":[{"element-6066-11e4-a52e-4f735466cecf":"f.59A644A74ED233CCADDF2157A5466830.d.AC5020A7B27ECED9407519FC0226C721.e.1065","ELEMENT":"f.59A644A74ED233CCADDF2157A5466830.d.AC5020A7B27ECED9407519FC0226C721.e.1065"}]}
COMMAND: POST /session/c8be2085c0e5dd8418678e9c76522247/execute/sync - {"script":"<script> [5351 bytes]","args":[{"element-6066-11e4-a52e-4f735466cecf":"f.59A644A74ED233CCADDF2157A5466830.d.AC5020A7B27ECED9407519FC0226C721.e.1065","ELEMENT":"f.59A644A74ED233CCADDF2157A5466830.d.AC5020A7B27ECED9407519FC0226C721.e.1065"}]}
COMMAND: GET /session/c8be2085c0e5dd8418678e9c76522247/screenshot - {}
RESULT: {}
RESULT: {"script":"<script> [5351 bytes]","args":[{"element-6066-11e4-a52e-4f735466cecf":"f.59A644A74ED233CCADDF2157A5466830.d.AC5020A7B27ECED9407519FC0226C721.e.1065","ELEMENT":"f.59A644A74ED233CCADDF2157A5466830.d.AC5020A7B27ECED9407519FC0226C721.e.1065"}]}
COMMAND: POST /session/c8be2085c0e5dd8418678e9c76522247/element/f.59A644A74ED233CCADDF2157A5466830.d.AC5020A7B27ECED9407519FC0226C721.e.1065/click - {}
COMMAND: GET /session/c8be2085c0e5dd8418678e9c76522247/screenshot - {}
RESULT: {}
RESULT: {}
COMMAND: GET /session/c8be2085c0e5dd8418678e9c76522247/screenshot - {}
RESULT: {}
COMMAND: POST /session/c8be2085c0e5dd8418678e9c76522247/execute/async - {"script":"<script> [1562 bytes]","args":[{"selector":{"id":"application-managepartners-display-component---NewPartner--addressDetailDetailsName1","interaction":{"idSuffix":"inner"}},"wdio_ui5_key":"applicationmanagepartners-display-component---NewPartner--addressDetailDetailsName1"}]}
RESULT: {}
RESULT: {"script":"<script> [1562 bytes]","args":[{"selector":{"id":"application-managepartners-display-component---NewPartner--addressDetailDetailsName1","interaction":{"idSuffix":"inner"}},"wdio_ui5_key":"applicationmanagepartners-display-component---NewPartner--addressDetailDetailsName1"}]}
RESULT: undefined
COMMAND: POST /session/c8be2085c0e5dd8418678e9c76522247/execute/async - {"script":"<script> [776 bytes]","args":[{"enterText":"Intracompany Partner WDIO","selector":{"id":"application-managepartners-display-component---NewPartner--addressDetailDetailsName1","interaction":{"idSuffix":"inner"}},"clearTextFirst":true,"interactionType":"ENTER_TEXT"}]}
RESULT: {"script":"<script> [776 bytes]","args":[{"enterText":"Intracompany Partner WDIO","selector":{"id":"application-managepartners-display-component---NewPartner--addressDetailDetailsName1","interaction":{"idSuffix":"inner"}},"clearTextFirst":true,"interactionType":"ENTER_TEXT"}]}
COMMAND: POST /session/c8be2085c0e5dd8418678e9c76522247/execute/async - {"script":"<script> [1562 bytes]","args":[{"selector":{"id":"application-managepartners-display-component---NewPartner--addressDetailDetailsLanguage-arrow"},"wdio_ui5_key":"applicationmanagepartners-display-component---NewPartner--addressDetailDetailsLanguage-arrow"}]}
RESULT: {"script":"<script> [1562 bytes]","args":[{"selector":{"id":"application-managepartners-display-component---NewPartner--addressDetailDetailsLanguage-arrow"},"wdio_ui5_key":"applicationmanagepartners-display-component---NewPartner--addressDetailDetailsLanguage-arrow"}]}
RESULT: undefined
COMMAND: POST /session/c8be2085c0e5dd8418678e9c76522247/element - {"using":"xpath","value":"//*[@id=\"application-managepartners-display-component---NewPartner--addressDetailDetailsLanguage-arrow\"]"}
RESULT: {"using":"xpath","value":"//*[@id=\"application-managepartners-display-component---NewPartner--addressDetailDetailsLanguage-arrow\"]"}
COMMAND: POST /session/c8be2085c0e5dd8418678e9c76522247/element/f.59A644A74ED233CCADDF2157A5466830.d.AC5020A7B27ECED9407519FC0226C721.e.1500/click - {}
RESULT: {}
COMMAND: POST /session/c8be2085c0e5dd8418678e9c76522247/element - {"using":"xpath","value":"//span[contains(text(), \"English\")]"}
COMMAND: GET /session/c8be2085c0e5dd8418678e9c76522247/screenshot - {}
RESULT: {"using":"xpath","value":"//span[contains(text(), \"English\")]"}
COMMAND: POST /session/c8be2085c0e5dd8418678e9c76522247/element/f.59A644A74ED233CCADDF2157A5466830.d.AC5020A7B27ECED9407519FC0226C721.e.1501/click - {}
RESULT: {}
RESULT: {}
COMMAND: GET /session/c8be2085c0e5dd8418678e9c76522247/screenshot - {}
RESULT: {}
COMMAND: POST /session/c8be2085c0e5dd8418678e9c76522247/execute/async - {"script":"<script> [1562 bytes]","args":[{"selector":{"id":"application-managepartners-display-component---NewPartner--addressDetailDetailsCity1","interaction":{"idSuffix":"inner"}},"wdio_ui5_key":"applicationmanagepartners-display-component---NewPartner--addressDetailDetailsCity1"}]}
RESULT: {"script":"<script> [1562 bytes]","args":[{"selector":{"id":"application-managepartners-display-component---NewPartner--addressDetailDetailsCity1","interaction":{"idSuffix":"inner"}},"wdio_ui5_key":"applicationmanagepartners-display-component---NewPartner--addressDetailDetailsCity1"}]}
RESULT: undefined
COMMAND: POST /session/c8be2085c0e5dd8418678e9c76522247/execute/async - {"script":"<script> [776 bytes]","args":[{"enterText":"Rosario","selector":{"id":"application-managepartners-display-component---NewPartner--addressDetailDetailsCity1","interaction":{"idSuffix":"inner"}},"clearTextFirst":true,"interactionType":"ENTER_TEXT"}]}
RESULT: {"script":"<script> [776 bytes]","args":[{"enterText":"Rosario","selector":{"id":"application-managepartners-display-component---NewPartner--addressDetailDetailsCity1","interaction":{"idSuffix":"inner"}},"clearTextFirst":true,"interactionType":"ENTER_TEXT"}]}
COMMAND: POST /session/c8be2085c0e5dd8418678e9c76522247/execute/async - {"script":"<script> [1562 bytes]","args":[{"selector":{"id":"application-managepartners-display-component---NewPartner--addressDetailDetailsCountry-arrow"},"wdio_ui5_key":"applicationmanagepartners-display-component---NewPartner--addressDetailDetailsCountry-arrow"}]}
RESULT: {"script":"<script> [1562 bytes]","args":[{"selector":{"id":"application-managepartners-display-component---NewPartner--addressDetailDetailsCountry-arrow"},"wdio_ui5_key":"applicationmanagepartners-display-component---NewPartner--addressDetailDetailsCountry-arrow"}]}
RESULT: undefined
COMMAND: POST /session/c8be2085c0e5dd8418678e9c76522247/element - {"using":"xpath","value":"//*[@id=\"application-managepartners-display-component---NewPartner--addressDetailDetailsCountry-arrow\"]"}
RESULT: {"using":"xpath","value":"//*[@id=\"application-managepartners-display-component---NewPartner--addressDetailDetailsCountry-arrow\"]"}
COMMAND: POST /session/c8be2085c0e5dd8418678e9c76522247/element/f.59A644A74ED233CCADDF2157A5466830.d.AC5020A7B27ECED9407519FC0226C721.e.1486/click - {}
RESULT: {}
COMMAND: POST /session/c8be2085c0e5dd8418678e9c76522247/element - {"using":"xpath","value":"//span[contains(text(), \"Argentina\")]"}
COMMAND: GET /session/c8be2085c0e5dd8418678e9c76522247/screenshot - {}
RESULT: {"using":"xpath","value":"//span[contains(text(), \"Argentina\")]"}
COMMAND: POST /session/c8be2085c0e5dd8418678e9c76522247/element/f.59A644A74ED233CCADDF2157A5466830.d.AC5020A7B27ECED9407519FC0226C721.e.1503/click - {}
RESULT: {}
RESULT: {}
COMMAND: GET /session/c8be2085c0e5dd8418678e9c76522247/screenshot - {}
RESULT: {}
COMMAND: POST /session/c8be2085c0e5dd8418678e9c76522247/element - {"using":"xpath","value":"//bdi[contains(text(), \"Commercial\")]"}
RESULT: {"using":"xpath","value":"//bdi[contains(text(), \"Commercial\")]"}
COMMAND: POST /session/c8be2085c0e5dd8418678e9c76522247/element/f.59A644A74ED233CCADDF2157A5466830.d.AC5020A7B27ECED9407519FC0226C721.e.1504/click - {}
RESULT: {}
COMMAND: GET /session/c8be2085c0e5dd8418678e9c76522247/screenshot - {}
RESULT: {}
COMMAND: POST /session/c8be2085c0e5dd8418678e9c76522247/execute/async - {"script":"<script> [1562 bytes]","args":[{"selector":{"id":"application-managepartners-display-component---NewPartner--partnerDetailInternal-arrow"},"wdio_ui5_key":"applicationmanagepartners-display-component---NewPartner--partnerDetailInternal-arrow"}]}
RESULT: {"script":"<script> [1562 bytes]","args":[{"selector":{"id":"application-managepartners-display-component---NewPartner--partnerDetailInternal-arrow"},"wdio_ui5_key":"applicationmanagepartners-display-component---NewPartner--partnerDetailInternal-arrow"}]}
RESULT: undefined
COMMAND: POST /session/c8be2085c0e5dd8418678e9c76522247/element - {"using":"xpath","value":"//*[@id=\"application-managepartners-display-component---NewPartner--partnerDetailInternal-arrow\"]"}
RESULT: {"using":"xpath","value":"//*[@id=\"application-managepartners-display-component---NewPartner--partnerDetailInternal-arrow\"]"}
COMMAND: POST /session/c8be2085c0e5dd8418678e9c76522247/element/f.59A644A74ED233CCADDF2157A5466830.d.AC5020A7B27ECED9407519FC0226C721.e.1510/click - {}
RESULT: {}
COMMAND: POST /session/c8be2085c0e5dd8418678e9c76522247/element - {"using":"xpath","value":"//span[contains(text(), \"Affiliated company\")]"}
COMMAND: GET /session/c8be2085c0e5dd8418678e9c76522247/screenshot - {}
RESULT: {"using":"xpath","value":"//span[contains(text(), \"Affiliated company\")]"}
COMMAND: POST /session/c8be2085c0e5dd8418678e9c76522247/element/f.59A644A74ED233CCADDF2157A5466830.d.AC5020A7B27ECED9407519FC0226C721.e.1511/click - {}
RESULT: {}
RESULT: {}
COMMAND: POST /session/c8be2085c0e5dd8418678e9c76522247/execute/async - {"script":"<script> [1562 bytes]","args":[{"selector":{"id":"application-managepartners-display-component---NewPartner--partnerDetailsCurrency-arrow"},"wdio_ui5_key":"applicationmanagepartners-display-component---NewPartner--partnerDetailsCurrency-arrow"}]}
COMMAND: GET /session/c8be2085c0e5dd8418678e9c76522247/screenshot - {}
RESULT: {"script":"<script> [1562 bytes]","args":[{"selector":{"id":"application-managepartners-display-component---NewPartner--partnerDetailsCurrency-arrow"},"wdio_ui5_key":"applicationmanagepartners-display-component---NewPartner--partnerDetailsCurrency-arrow"}]}
RESULT: undefined
COMMAND: POST /session/c8be2085c0e5dd8418678e9c76522247/element - {"using":"xpath","value":"//*[@id=\"application-managepartners-display-component---NewPartner--partnerDetailsCurrency-arrow\"]"}
RESULT: {}
RESULT: {"using":"xpath","value":"//*[@id=\"application-managepartners-display-component---NewPartner--partnerDetailsCurrency-arrow\"]"}
COMMAND: POST /session/c8be2085c0e5dd8418678e9c76522247/element/f.59A644A74ED233CCADDF2157A5466830.d.AC5020A7B27ECED9407519FC0226C721.e.1518/click - {}
RESULT: {}
COMMAND: POST /session/c8be2085c0e5dd8418678e9c76522247/element - {"using":"xpath","value":"//span[contains(text(), \"Euro\")]"}
COMMAND: GET /session/c8be2085c0e5dd8418678e9c76522247/screenshot - {}
RESULT: {"using":"xpath","value":"//span[contains(text(), \"Euro\")]"}
COMMAND: POST /session/c8be2085c0e5dd8418678e9c76522247/element/f.59A644A74ED233CCADDF2157A5466830.d.AC5020A7B27ECED9407519FC0226C721.e.1519/click - {}
RESULT: {}
RESULT: {}
COMMAND: POST /session/c8be2085c0e5dd8418678e9c76522247/execute/async - {"script":"<script> [1562 bytes]","args":[{"selector":{"id":"application-managepartners-display-component---NewPartner--addressEditDetailsCostObjectCstType-arrow"},"wdio_ui5_key":"applicationmanagepartners-display-component---NewPartner--addressEditDetailsCostObjectCstType-arrow"}]}
COMMAND: GET /session/c8be2085c0e5dd8418678e9c76522247/screenshot - {}
RESULT: {"script":"<script> [1562 bytes]","args":[{"selector":{"id":"application-managepartners-display-component---NewPartner--addressEditDetailsCostObjectCstType-arrow"},"wdio_ui5_key":"applicationmanagepartners-display-component---NewPartner--addressEditDetailsCostObjectCstType-arrow"}]}
RESULT: undefined
COMMAND: POST /session/c8be2085c0e5dd8418678e9c76522247/element - {"using":"xpath","value":"//*[@id=\"application-managepartners-display-component---NewPartner--addressEditDetailsCostObjectCstType-arrow\"]"}
RESULT: {}
RESULT: {"using":"xpath","value":"//*[@id=\"application-managepartners-display-component---NewPartner--addressEditDetailsCostObjectCstType-arrow\"]"}
COMMAND: POST /session/c8be2085c0e5dd8418678e9c76522247/element/f.59A644A74ED233CCADDF2157A5466830.d.AC5020A7B27ECED9407519FC0226C721.e.1520/click - {}
RESULT: {}
COMMAND: POST /session/c8be2085c0e5dd8418678e9c76522247/element - {"using":"xpath","value":"//span[contains(text(), \"Cost Center\")]"}
COMMAND: GET /session/c8be2085c0e5dd8418678e9c76522247/screenshot - {}
RESULT: {"using":"xpath","value":"//span[contains(text(), \"Cost Center\")]"}
COMMAND: POST /session/c8be2085c0e5dd8418678e9c76522247/element/f.59A644A74ED233CCADDF2157A5466830.d.AC5020A7B27ECED9407519FC0226C721.e.1521/click - {}
RESULT: {}
RESULT: {}
COMMAND: GET /session/c8be2085c0e5dd8418678e9c76522247/screenshot - {}
RESULT: {}
COMMAND: POST /session/c8be2085c0e5dd8418678e9c76522247/element - {"using":"xpath","value":"//span[@id=\"application-managepartners-display-component---NewPartner--addressNewCostObjectCstID-vhi\"]"}
RESULT: {"using":"xpath","value":"//span[@id=\"application-managepartners-display-component---NewPartner--addressNewCostObjectCstID-vhi\"]"}
COMMAND: POST /session/c8be2085c0e5dd8418678e9c76522247/execute/sync - {"script":"<script> [8489 bytes]","args":[{"element-6066-11e4-a52e-4f735466cecf":"f.59A644A74ED233CCADDF2157A5466830.d.AC5020A7B27ECED9407519FC0226C721.e.1525","ELEMENT":"f.59A644A74ED233CCADDF2157A5466830.d.AC5020A7B27ECED9407519FC0226C721.e.1525"}]}
RESULT: {"script":"<script> [8489 bytes]","args":[{"element-6066-11e4-a52e-4f735466cecf":"f.59A644A74ED233CCADDF2157A5466830.d.AC5020A7B27ECED9407519FC0226C721.e.1525","ELEMENT":"f.59A644A74ED233CCADDF2157A5466830.d.AC5020A7B27ECED9407519FC0226C721.e.1525"}]}
COMMAND: POST /session/c8be2085c0e5dd8418678e9c76522247/execute/async - {"script":"<script> [1562 bytes]","args":[{"selector":{"id":"application-managepartners-display-component---NewPartner--addressNewCostObjectCstID-vhi"},"wdio_ui5_key":"applicationmanagepartners-display-component---NewPartner--addressNewCostObjectCstID-vhi"}]}
COMMAND: GET /session/c8be2085c0e5dd8418678e9c76522247/screenshot - {}
RESULT: {"script":"<script> [1562 bytes]","args":[{"selector":{"id":"application-managepartners-display-component---NewPartner--addressNewCostObjectCstID-vhi"},"wdio_ui5_key":"applicationmanagepartners-display-component---NewPartner--addressNewCostObjectCstID-vhi"}]}
RESULT: undefined
COMMAND: POST /session/c8be2085c0e5dd8418678e9c76522247/element - {"using":"xpath","value":"//*[@id=\"application-managepartners-display-component---NewPartner--addressNewCostObjectCstID-vhi\"]"}
RESULT: {}
RESULT: {"using":"xpath","value":"//*[@id=\"application-managepartners-display-component---NewPartner--addressNewCostObjectCstID-vhi\"]"}
COMMAND: POST /session/c8be2085c0e5dd8418678e9c76522247/element/f.59A644A74ED233CCADDF2157A5466830.d.AC5020A7B27ECED9407519FC0226C721.e.1525/click - {}
RESULT: {}
COMMAND: GET /session/c8be2085c0e5dd8418678e9c76522247/screenshot - {}
RESULT: {}
RESULT: undefined
COMMAND: POST /session/c8be2085c0e5dd8418678e9c76522247/execute/async - {"script":"<script> [776 bytes]","args":[{"enterText":"10001013","selector":{"controlType":"sap.m.SearchField","properties":{"placeholder":"Search"},"searchOpenDialogs":true,"interaction":{"idSuffix":"I"}},"clearTextFirst":true,"interactionType":"ENTER_TEXT"}]}
RESULT: {"script":"<script> [776 bytes]","args":[{"enterText":"10001013","selector":{"controlType":"sap.m.SearchField","properties":{"placeholder":"Search"},"searchOpenDialogs":true,"interaction":{"idSuffix":"I"}},"clearTextFirst":true,"interactionType":"ENTER_TEXT"}]}
COMMAND: POST /session/c8be2085c0e5dd8418678e9c76522247/actions - {"actions":[{"id":"action2","type":"key","parameters":{},"actions":[{"type":"keyDown","value":"î€‡"},{"type":"pause","duration":10},{"type":"keyUp","value":"î€‡"}]}]}
RESULT: {"actions":[{"id":"action2","type":"key","parameters":{},"actions":[{"type":"keyDown","value":"î€‡"},{"type":"pause","duration":10},{"type":"keyUp","value":"î€‡"}]}]}
COMMAND: GET /session/c8be2085c0e5dd8418678e9c76522247/screenshot - {}
RESULT: {}
COMMAND: POST /session/c8be2085c0e5dd8418678e9c76522247/element - {"using":"xpath","value":"//span[contains(text(), \"General Management\")]"}
RESULT: {"using":"xpath","value":"//span[contains(text(), \"General Management\")]"}
COMMAND: POST /session/c8be2085c0e5dd8418678e9c76522247/element/f.59A644A74ED233CCADDF2157A5466830.d.AC5020A7B27ECED9407519FC0226C721.e.1563/click - {}
RESULT: {}
COMMAND: GET /session/c8be2085c0e5dd8418678e9c76522247/screenshot - {}
RESULT: {}
COMMAND: POST /session/c8be2085c0e5dd8418678e9c76522247/element - {"using":"xpath","value":"//bdi[contains(text(), \"OK\")]"}
RESULT: {"using":"xpath","value":"//bdi[contains(text(), \"OK\")]"}
COMMAND: POST /session/c8be2085c0e5dd8418678e9c76522247/element/f.59A644A74ED233CCADDF2157A5466830.d.AC5020A7B27ECED9407519FC0226C721.e.1564/click - {}
RESULT: {}
COMMAND: GET /session/c8be2085c0e5dd8418678e9c76522247/screenshot - {}
RESULT: {}
COMMAND: POST /session/c8be2085c0e5dd8418678e9c76522247/element - {"using":"xpath","value":"//input[@id=\"application-managepartners-display-component---NewPartner--companyCodeComboBox-inner\"]"}
RESULT: {"using":"xpath","value":"//input[@id=\"application-managepartners-display-component---NewPartner--companyCodeComboBox-inner\"]"}
COMMAND: POST /session/c8be2085c0e5dd8418678e9c76522247/element/f.59A644A74ED233CCADDF2157A5466830.d.AC5020A7B27ECED9407519FC0226C721.e.1366/clear - {}
RESULT: {}
COMMAND: POST /session/c8be2085c0e5dd8418678e9c76522247/element/f.59A644A74ED233CCADDF2157A5466830.d.AC5020A7B27ECED9407519FC0226C721.e.1366/value - {"text":"1000"}
COMMAND: GET /session/c8be2085c0e5dd8418678e9c76522247/screenshot - {}
RESULT: {"text":"1000"}
COMMAND: GET /session/c8be2085c0e5dd8418678e9c76522247/screenshot - {}
RESULT: {}
RESULT: {}
COMMAND: POST /session/c8be2085c0e5dd8418678e9c76522247/element - {"using":"xpath","value":"//li[.//span[text()= \"1000\"]]"}
RESULT: {"using":"xpath","value":"//li[.//span[text()= \"1000\"]]"}
COMMAND: POST /session/c8be2085c0e5dd8418678e9c76522247/element/f.59A644A74ED233CCADDF2157A5466830.d.AC5020A7B27ECED9407519FC0226C721.e.1570/click - {}
RESULT: {}
COMMAND: GET /session/c8be2085c0e5dd8418678e9c76522247/screenshot - {}
RESULT: {}
COMMAND: POST /session/c8be2085c0e5dd8418678e9c76522247/execute/async - {"script":"<script> [1562 bytes]","args":[{"selector":{"id":"application-managepartners-display-component---NewPartner--btnAddTableRow-img"},"wdio_ui5_key":"applicationmanagepartners-display-component---NewPartner--btnAddTableRow-img"}]}
RESULT: {"script":"<script> [1562 bytes]","args":[{"selector":{"id":"application-managepartners-display-component---NewPartner--btnAddTableRow-img"},"wdio_ui5_key":"applicationmanagepartners-display-component---NewPartner--btnAddTableRow-img"}]}
RESULT: undefined
COMMAND: POST /session/c8be2085c0e5dd8418678e9c76522247/element - {"using":"xpath","value":"//*[@id=\"application-managepartners-display-component---NewPartner--btnAddTableRow-img\"]"}
RESULT: {"using":"xpath","value":"//*[@id=\"application-managepartners-display-component---NewPartner--btnAddTableRow-img\"]"}
COMMAND: POST /session/c8be2085c0e5dd8418678e9c76522247/element/f.59A644A74ED233CCADDF2157A5466830.d.AC5020A7B27ECED9407519FC0226C721.e.1571/click - {}
RESULT: {}
COMMAND: GET /session/c8be2085c0e5dd8418678e9c76522247/screenshot - {}
RESULT: {}
COMMAND: POST /session/c8be2085c0e5dd8418678e9c76522247/element - {"using":"xpath","value":"//input[@id=\"application-managepartners-display-component---NewPartner--assignmentYard-application-managepartners-display-component---NewPartner--assignmentsTable-0-inner\"]"}
RESULT: {"using":"xpath","value":"//input[@id=\"application-managepartners-display-component---NewPartner--assignmentYard-application-managepartners-display-component---NewPartner--assignmentsTable-0-inner\"]"}
COMMAND: POST /session/c8be2085c0e5dd8418678e9c76522247/element/f.59A644A74ED233CCADDF2157A5466830.d.AC5020A7B27ECED9407519FC0226C721.e.1574/clear - {}
RESULT: {}
COMMAND: POST /session/c8be2085c0e5dd8418678e9c76522247/element/f.59A644A74ED233CCADDF2157A5466830.d.AC5020A7B27ECED9407519FC0226C721.e.1574/value - {"text":"597"}
COMMAND: GET /session/c8be2085c0e5dd8418678e9c76522247/screenshot - {}
RESULT: {"text":"597"}
COMMAND: GET /session/c8be2085c0e5dd8418678e9c76522247/screenshot - {}
RESULT: {}
RESULT: {}
COMMAND: POST /session/c8be2085c0e5dd8418678e9c76522247/element - {"using":"xpath","value":"//li[.//span[text()='597']]"}
RESULT: {"using":"xpath","value":"//li[.//span[text()='597']]"}
COMMAND: POST /session/c8be2085c0e5dd8418678e9c76522247/element/f.59A644A74ED233CCADDF2157A5466830.d.AC5020A7B27ECED9407519FC0226C721.e.1583/click - {}
RESULT: {}
COMMAND: GET /session/c8be2085c0e5dd8418678e9c76522247/screenshot - {}
RESULT: {}
COMMAND: POST /session/c8be2085c0e5dd8418678e9c76522247/actions - {"actions":[{"id":"action3","type":"key","parameters":{},"actions":[{"type":"keyDown","value":"î€‡"},{"type":"pause","duration":10},{"type":"keyUp","value":"î€‡"}]}]}
RESULT: {"actions":[{"id":"action3","type":"key","parameters":{},"actions":[{"type":"keyDown","value":"î€‡"},{"type":"pause","duration":10},{"type":"keyUp","value":"î€‡"}]}]}
COMMAND: POST /session/c8be2085c0e5dd8418678e9c76522247/execute/async - {"script":"<script> [1562 bytes]","args":[{"selector":{"id":"application-managepartners-display-component---NewPartner--externalCustomerComboBox-application-managepartners-display-component---NewPartner--assignmentsTable-0-vhi"},"wdio_ui5_key":"applicationmanagepartners-display-component---NewPartner--externalCustomerComboBox-application-managepartners-display-component---NewPartner--assignmentsTable-0-vhi"}]}
COMMAND: GET /session/c8be2085c0e5dd8418678e9c76522247/screenshot - {}
RESULT: {"script":"<script> [1562 bytes]","args":[{"selector":{"id":"application-managepartners-display-component---NewPartner--externalCustomerComboBox-application-managepartners-display-component---NewPartner--assignmentsTable-0-vhi"},"wdio_ui5_key":"applicationmanagepartners-display-component---NewPartner--externalCustomerComboBox-application-managepartners-display-component---NewPartner--assignmentsTable-0-vhi"}]}
RESULT: undefined
COMMAND: POST /session/c8be2085c0e5dd8418678e9c76522247/element - {"using":"xpath","value":"//*[@id=\"application-managepartners-display-component---NewPartner--externalCustomerComboBox-application-managepartners-display-component---NewPartner--assignmentsTable-0-vhi\"]"}
RESULT: {}
RESULT: {"using":"xpath","value":"//*[@id=\"application-managepartners-display-component---NewPartner--externalCustomerComboBox-application-managepartners-display-component---NewPartner--assignmentsTable-0-vhi\"]"}
COMMAND: POST /session/c8be2085c0e5dd8418678e9c76522247/element/f.59A644A74ED233CCADDF2157A5466830.d.AC5020A7B27ECED9407519FC0226C721.e.1587/click - {}
RESULT: {}
RESULT: undefined
COMMAND: POST /session/c8be2085c0e5dd8418678e9c76522247/execute/async - {"script":"<script> [776 bytes]","args":[{"enterText":"300003","selector":{"controlType":"sap.m.SearchField","properties":{"placeholder":"Search"},"searchOpenDialogs":true,"interaction":{"idSuffix":"I"}},"clearTextFirst":true,"interactionType":"ENTER_TEXT"}]}
COMMAND: GET /session/c8be2085c0e5dd8418678e9c76522247/screenshot - {}
RESULT: {"script":"<script> [776 bytes]","args":[{"enterText":"300003","selector":{"controlType":"sap.m.SearchField","properties":{"placeholder":"Search"},"searchOpenDialogs":true,"interaction":{"idSuffix":"I"}},"clearTextFirst":true,"interactionType":"ENTER_TEXT"}]}
COMMAND: POST /session/c8be2085c0e5dd8418678e9c76522247/actions - {"actions":[{"id":"action4","type":"key","parameters":{},"actions":[{"type":"keyDown","value":"î€‡"},{"type":"pause","duration":10},{"type":"keyUp","value":"î€‡"}]}]}
RESULT: {}
RESULT: {"actions":[{"id":"action4","type":"key","parameters":{},"actions":[{"type":"keyDown","value":"î€‡"},{"type":"pause","duration":10},{"type":"keyUp","value":"î€‡"}]}]}
COMMAND: GET /session/c8be2085c0e5dd8418678e9c76522247/screenshot - {}
RESULT: {}
COMMAND: POST /session/c8be2085c0e5dd8418678e9c76522247/element - {"using":"xpath","value":"//span[contains(text(), \"300003\")]"}
RESULT: {"using":"xpath","value":"//span[contains(text(), \"300003\")]"}
COMMAND: POST /session/c8be2085c0e5dd8418678e9c76522247/element/f.59A644A74ED233CCADDF2157A5466830.d.AC5020A7B27ECED9407519FC0226C721.e.1605/click - {}
RESULT: {}
COMMAND: GET /session/c8be2085c0e5dd8418678e9c76522247/screenshot - {}
RESULT: {}
COMMAND: POST /session/c8be2085c0e5dd8418678e9c76522247/element - {"using":"xpath","value":"//bdi[contains(text(), \"OK\")]"}
RESULT: {"using":"xpath","value":"//bdi[contains(text(), \"OK\")]"}
COMMAND: POST /session/c8be2085c0e5dd8418678e9c76522247/element/f.59A644A74ED233CCADDF2157A5466830.d.AC5020A7B27ECED9407519FC0226C721.e.1607/click - {}
RESULT: {}
COMMAND: GET /session/c8be2085c0e5dd8418678e9c76522247/screenshot - {}
RESULT: {}
COMMAND: POST /session/c8be2085c0e5dd8418678e9c76522247/execute/async - {"script":"<script> [1562 bytes]","args":[{"selector":{"id":"application-managepartners-display-component---NewPartner--intercompVendorComboBox-application-managepartners-display-component---NewPartner--assignmentsTable-0-vhi"},"wdio_ui5_key":"applicationmanagepartners-display-component---NewPartner--intercompVendorComboBox-application-managepartners-display-component---NewPartner--assignmentsTable-0-vhi"}]}
RESULT: {"script":"<script> [1562 bytes]","args":[{"selector":{"id":"application-managepartners-display-component---NewPartner--intercompVendorComboBox-application-managepartners-display-component---NewPartner--assignmentsTable-0-vhi"},"wdio_ui5_key":"applicationmanagepartners-display-component---NewPartner--intercompVendorComboBox-application-managepartners-display-component---NewPartner--assignmentsTable-0-vhi"}]}
RESULT: undefined
COMMAND: POST /session/c8be2085c0e5dd8418678e9c76522247/element - {"using":"xpath","value":"//*[@id=\"application-managepartners-display-component---NewPartner--intercompVendorComboBox-application-managepartners-display-component---NewPartner--assignmentsTable-0-vhi\"]"}
RESULT: {"using":"xpath","value":"//*[@id=\"application-managepartners-display-component---NewPartner--intercompVendorComboBox-application-managepartners-display-component---NewPartner--assignmentsTable-0-vhi\"]"}
COMMAND: POST /session/c8be2085c0e5dd8418678e9c76522247/element/f.59A644A74ED233CCADDF2157A5466830.d.AC5020A7B27ECED9407519FC0226C721.e.1610/click - {}
RESULT: {}
RESULT: undefined
COMMAND: POST /session/c8be2085c0e5dd8418678e9c76522247/execute/async - {"script":"<script> [776 bytes]","args":[{"enterText":"100005","selector":{"controlType":"sap.m.SearchField","properties":{"placeholder":"Search"},"searchOpenDialogs":true,"interaction":{"idSuffix":"I"}},"clearTextFirst":true,"interactionType":"ENTER_TEXT"}]}
COMMAND: GET /session/c8be2085c0e5dd8418678e9c76522247/screenshot - {}
RESULT: {"script":"<script> [776 bytes]","args":[{"enterText":"100005","selector":{"controlType":"sap.m.SearchField","properties":{"placeholder":"Search"},"searchOpenDialogs":true,"interaction":{"idSuffix":"I"}},"clearTextFirst":true,"interactionType":"ENTER_TEXT"}]}
COMMAND: POST /session/c8be2085c0e5dd8418678e9c76522247/actions - {"actions":[{"id":"action5","type":"key","parameters":{},"actions":[{"type":"keyDown","value":"î€‡"},{"type":"pause","duration":10},{"type":"keyUp","value":"î€‡"}]}]}
RESULT: {}
RESULT: {"actions":[{"id":"action5","type":"key","parameters":{},"actions":[{"type":"keyDown","value":"î€‡"},{"type":"pause","duration":10},{"type":"keyUp","value":"î€‡"}]}]}
COMMAND: GET /session/c8be2085c0e5dd8418678e9c76522247/screenshot - {}
RESULT: {}
COMMAND: POST /session/c8be2085c0e5dd8418678e9c76522247/element - {"using":"xpath","value":"//span[contains(text(), \"Penguins - Field/12345 Berlin\")]"}
RESULT: {"using":"xpath","value":"//span[contains(text(), \"Penguins - Field/12345 Berlin\")]"}
COMMAND: POST /session/c8be2085c0e5dd8418678e9c76522247/element/f.59A644A74ED233CCADDF2157A5466830.d.AC5020A7B27ECED9407519FC0226C721.e.1628/click - {}
RESULT: {}
COMMAND: GET /session/c8be2085c0e5dd8418678e9c76522247/screenshot - {}
RESULT: {}
COMMAND: POST /session/c8be2085c0e5dd8418678e9c76522247/element - {"using":"xpath","value":"//bdi[contains(text(), \"OK\")]"}
RESULT: {"using":"xpath","value":"//bdi[contains(text(), \"OK\")]"}
COMMAND: POST /session/c8be2085c0e5dd8418678e9c76522247/element/f.59A644A74ED233CCADDF2157A5466830.d.AC5020A7B27ECED9407519FC0226C721.e.1629/click - {}
RESULT: {}
COMMAND: GET /session/c8be2085c0e5dd8418678e9c76522247/screenshot - {}
RESULT: {}
COMMAND: POST /session/c8be2085c0e5dd8418678e9c76522247/element - {"using":"xpath","value":"//button[@data-kt=\"saveButton\"]"}
RESULT: {"using":"xpath","value":"//button[@data-kt=\"saveButton\"]"}
COMMAND: POST /session/c8be2085c0e5dd8418678e9c76522247/element/f.59A644A74ED233CCADDF2157A5466830.d.AC5020A7B27ECED9407519FC0226C721.e.1482/click - {}
RESULT: {}
COMMAND: GET /session/c8be2085c0e5dd8418678e9c76522247/screenshot - {}
RESULT: {}
COMMAND: POST /session/c8be2085c0e5dd8418678e9c76522247/element - {"using":"xpath","value":"//header[contains(@id, 'ObjectPageLayout-headerTitle')]/div[1]/div[2]/div[2]/span[1]"}
RESULT: {"using":"xpath","value":"//header[contains(@id, 'ObjectPageLayout-headerTitle')]/div[1]/div[2]/div[2]/span[1]"}
COMMAND: POST /session/c8be2085c0e5dd8418678e9c76522247/elements - {"using":"xpath","value":"//header[contains(@id, 'ObjectPageLayout-headerTitle')]/div[1]/div[2]/div[2]/span[1]"}
RESULT: {"using":"xpath","value":"//header[contains(@id, 'ObjectPageLayout-headerTitle')]/div[1]/div[2]/div[2]/span[1]"}
COMMAND: POST /session/c8be2085c0e5dd8418678e9c76522247/execute/sync - {"script":"<script> [56 bytes]","args":[{"element-6066-11e4-a52e-4f735466cecf":"f.59A644A74ED233CCADDF2157A5466830.d.AC5020A7B27ECED9407519FC0226C721.e.1791","ELEMENT":"f.59A644A74ED233CCADDF2157A5466830.d.AC5020A7B27ECED9407519FC0226C721.e.1791"}]}
RESULT: {"script":"<script> [56 bytes]","args":[{"element-6066-11e4-a52e-4f735466cecf":"f.59A644A74ED233CCADDF2157A5466830.d.AC5020A7B27ECED9407519FC0226C721.e.1791","ELEMENT":"f.59A644A74ED233CCADDF2157A5466830.d.AC5020A7B27ECED9407519FC0226C721.e.1791"}]}
COMMAND: POST /session/c8be2085c0e5dd8418678e9c76522247/element - {"using":"css selector","value":"#shell-header-logo"}
COMMAND: GET /session/c8be2085c0e5dd8418678e9c76522247/screenshot - {}
RESULT: {"using":"css selector","value":"#shell-header-logo"}
COMMAND: POST /session/c8be2085c0e5dd8418678e9c76522247/element/f.59A644A74ED233CCADDF2157A5466830.d.AC5020A7B27ECED9407519FC0226C721.e.1020/click - {}
RESULT: {}
RESULT: {}
COMMAND: GET /session/c8be2085c0e5dd8418678e9c76522247/screenshot - {}
RESULT: {}
COMMAND: POST /session/c8be2085c0e5dd8418678e9c76522247/execute/sync - {"script":"<script> [299 bytes]","args":[["getModel","getResource"]]}
RESULT: {"script":"<script> [299 bytes]","args":[["getModel","getResource"]]}
COMMAND: GET /session/c8be2085c0e5dd8418678e9c76522247/screenshot - {}
]]></system-out>
    </testcase>
    <testcase classname="chrome.136_0_7103_93.windows.Billing_confirm_US117289" name="Should create a new site" time="98.268">
      <system-out><![CDATA[
COMMAND: POST /session/c8be2085c0e5dd8418678e9c76522247/execute/async - {"script":"<script> [1562 bytes]","args":[{"selector":{"controlType":"sap.m.GenericTile","properties":{"header":"Manage Sites"}},"wdio_ui5_key":"sapm.GenericTile{\"header\":\"Manage Sites\"}"}]}
RESULT: {}
RESULT: {"script":"<script> [1562 bytes]","args":[{"selector":{"controlType":"sap.m.GenericTile","properties":{"header":"Manage Sites"}},"wdio_ui5_key":"sapm.GenericTile{\"header\":\"Manage Sites\"}"}]}
RESULT: undefined
COMMAND: POST /session/c8be2085c0e5dd8418678e9c76522247/element - {"using":"xpath","value":"//*[@id=\"__tile40\"]"}
RESULT: {"using":"xpath","value":"//*[@id=\"__tile40\"]"}
COMMAND: POST /session/c8be2085c0e5dd8418678e9c76522247/element/f.59A644A74ED233CCADDF2157A5466830.d.AC5020A7B27ECED9407519FC0226C721.e.161/click - {}
RESULT: {}
COMMAND: GET /session/c8be2085c0e5dd8418678e9c76522247/screenshot - {}
RESULT: {}
COMMAND: POST /session/c8be2085c0e5dd8418678e9c76522247/elements - {"using":"xpath","value":"//span[text()='Error']"}
RESULT: {"using":"xpath","value":"//span[text()='Error']"}
COMMAND: POST /session/c8be2085c0e5dd8418678e9c76522247/element - {"using":"xpath","value":"//button[@data-kt=\"addOverflowToolbarButton\"]"}
RESULT: {"using":"xpath","value":"//button[@data-kt=\"addOverflowToolbarButton\"]"}
COMMAND: POST /session/c8be2085c0e5dd8418678e9c76522247/elements - {"using":"xpath","value":"//button[@data-kt=\"addOverflowToolbarButton\"]"}
RESULT: {"using":"xpath","value":"//button[@data-kt=\"addOverflowToolbarButton\"]"}
COMMAND: POST /session/c8be2085c0e5dd8418678e9c76522247/execute/sync - {"script":"<script> [8489 bytes]","args":[{"element-6066-11e4-a52e-4f735466cecf":"f.59A644A74ED233CCADDF2157A5466830.d.AC5020A7B27ECED9407519FC0226C721.e.1837","ELEMENT":"f.59A644A74ED233CCADDF2157A5466830.d.AC5020A7B27ECED9407519FC0226C721.e.1837"}]}
RESULT: {"script":"<script> [8489 bytes]","args":[{"element-6066-11e4-a52e-4f735466cecf":"f.59A644A74ED233CCADDF2157A5466830.d.AC5020A7B27ECED9407519FC0226C721.e.1837","ELEMENT":"f.59A644A74ED233CCADDF2157A5466830.d.AC5020A7B27ECED9407519FC0226C721.e.1837"}]}
COMMAND: GET /session/c8be2085c0e5dd8418678e9c76522247/element/f.59A644A74ED233CCADDF2157A5466830.d.AC5020A7B27ECED9407519FC0226C721.e.1837/enabled - {}
COMMAND: GET /session/c8be2085c0e5dd8418678e9c76522247/screenshot - {}
RESULT: {}
COMMAND: POST /session/c8be2085c0e5dd8418678e9c76522247/execute/sync - {"script":"<script> [8489 bytes]","args":[{"element-6066-11e4-a52e-4f735466cecf":"f.59A644A74ED233CCADDF2157A5466830.d.AC5020A7B27ECED9407519FC0226C721.e.1837","ELEMENT":"f.59A644A74ED233CCADDF2157A5466830.d.AC5020A7B27ECED9407519FC0226C721.e.1837"}]}
COMMAND: GET /session/c8be2085c0e5dd8418678e9c76522247/screenshot - {}
RESULT: {}
RESULT: {"script":"<script> [8489 bytes]","args":[{"element-6066-11e4-a52e-4f735466cecf":"f.59A644A74ED233CCADDF2157A5466830.d.AC5020A7B27ECED9407519FC0226C721.e.1837","ELEMENT":"f.59A644A74ED233CCADDF2157A5466830.d.AC5020A7B27ECED9407519FC0226C721.e.1837"}]}
COMMAND: POST /session/c8be2085c0e5dd8418678e9c76522247/execute/sync - {"script":"<script> [5351 bytes]","args":[{"element-6066-11e4-a52e-4f735466cecf":"f.59A644A74ED233CCADDF2157A5466830.d.AC5020A7B27ECED9407519FC0226C721.e.1837","ELEMENT":"f.59A644A74ED233CCADDF2157A5466830.d.AC5020A7B27ECED9407519FC0226C721.e.1837"}]}
COMMAND: GET /session/c8be2085c0e5dd8418678e9c76522247/screenshot - {}
RESULT: {}
RESULT: {"script":"<script> [5351 bytes]","args":[{"element-6066-11e4-a52e-4f735466cecf":"f.59A644A74ED233CCADDF2157A5466830.d.AC5020A7B27ECED9407519FC0226C721.e.1837","ELEMENT":"f.59A644A74ED233CCADDF2157A5466830.d.AC5020A7B27ECED9407519FC0226C721.e.1837"}]}
COMMAND: POST /session/c8be2085c0e5dd8418678e9c76522247/element/f.59A644A74ED233CCADDF2157A5466830.d.AC5020A7B27ECED9407519FC0226C721.e.1837/click - {}
COMMAND: GET /session/c8be2085c0e5dd8418678e9c76522247/screenshot - {}
RESULT: {}
RESULT: {}
COMMAND: GET /session/c8be2085c0e5dd8418678e9c76522247/screenshot - {}
COMMAND: POST /session/c8be2085c0e5dd8418678e9c76522247/element - {"using":"xpath","value":"//input[@id=\"application-managesites-display-component---NewSite--siteId-inner\"]"}
RESULT: {}
RESULT: {}
RESULT: {"using":"xpath","value":"//input[@id=\"application-managesites-display-component---NewSite--siteId-inner\"]"}
COMMAND: POST /session/c8be2085c0e5dd8418678e9c76522247/element - {"using":"xpath","value":"//input[@id=\"application-managesites-display-component---NewSite--siteId-inner\"]"}
RESULT: {"using":"xpath","value":"//input[@id=\"application-managesites-display-component---NewSite--siteId-inner\"]"}
COMMAND: POST /session/c8be2085c0e5dd8418678e9c76522247/execute/async - {"script":"<script> [1562 bytes]","args":[{"selector":{"id":"application-managesites-display-component---NewSite--addressDetailDetailsName1","interaction":{"idSuffix":"inner"}},"wdio_ui5_key":"applicationmanagesites-display-component---NewSite--addressDetailDetailsName1"}]}
RESULT: {"script":"<script> [1562 bytes]","args":[{"selector":{"id":"application-managesites-display-component---NewSite--addressDetailDetailsName1","interaction":{"idSuffix":"inner"}},"wdio_ui5_key":"applicationmanagesites-display-component---NewSite--addressDetailDetailsName1"}]}
RESULT: undefined
COMMAND: POST /session/c8be2085c0e5dd8418678e9c76522247/execute/async - {"script":"<script> [776 bytes]","args":[{"enterText":"Intracompany Site wdIO","selector":{"id":"application-managesites-display-component---NewSite--addressDetailDetailsName1","interaction":{"idSuffix":"inner"}},"clearTextFirst":true,"interactionType":"ENTER_TEXT"}]}
RESULT: {"script":"<script> [776 bytes]","args":[{"enterText":"Intracompany Site wdIO","selector":{"id":"application-managesites-display-component---NewSite--addressDetailDetailsName1","interaction":{"idSuffix":"inner"}},"clearTextFirst":true,"interactionType":"ENTER_TEXT"}]}
COMMAND: POST /session/c8be2085c0e5dd8418678e9c76522247/execute/async - {"script":"<script> [1562 bytes]","args":[{"selector":{"id":"application-managesites-display-component---NewSite--addressDetailDetailsLanguage-arrow"},"wdio_ui5_key":"applicationmanagesites-display-component---NewSite--addressDetailDetailsLanguage-arrow"}]}
RESULT: {"script":"<script> [1562 bytes]","args":[{"selector":{"id":"application-managesites-display-component---NewSite--addressDetailDetailsLanguage-arrow"},"wdio_ui5_key":"applicationmanagesites-display-component---NewSite--addressDetailDetailsLanguage-arrow"}]}
RESULT: undefined
COMMAND: POST /session/c8be2085c0e5dd8418678e9c76522247/element - {"using":"xpath","value":"//*[@id=\"application-managesites-display-component---NewSite--addressDetailDetailsLanguage-arrow\"]"}
RESULT: {"using":"xpath","value":"//*[@id=\"application-managesites-display-component---NewSite--addressDetailDetailsLanguage-arrow\"]"}
COMMAND: POST /session/c8be2085c0e5dd8418678e9c76522247/element/f.59A644A74ED233CCADDF2157A5466830.d.AC5020A7B27ECED9407519FC0226C721.e.2472/click - {}
RESULT: {}
COMMAND: POST /session/c8be2085c0e5dd8418678e9c76522247/element - {"using":"xpath","value":"//span[contains(text(), \"English\")]"}
COMMAND: GET /session/c8be2085c0e5dd8418678e9c76522247/screenshot - {}
RESULT: {"using":"xpath","value":"//span[contains(text(), \"English\")]"}
COMMAND: POST /session/c8be2085c0e5dd8418678e9c76522247/element/f.59A644A74ED233CCADDF2157A5466830.d.AC5020A7B27ECED9407519FC0226C721.e.2473/click - {}
RESULT: {}
RESULT: {}
COMMAND: POST /session/c8be2085c0e5dd8418678e9c76522247/execute/async - {"script":"<script> [1562 bytes]","args":[{"selector":{"id":"application-managesites-display-component---NewSite--addressDetailDetailsCity1","interaction":{"idSuffix":"inner"}},"wdio_ui5_key":"applicationmanagesites-display-component---NewSite--addressDetailDetailsCity1"}]}
COMMAND: GET /session/c8be2085c0e5dd8418678e9c76522247/screenshot - {}
RESULT: {"script":"<script> [1562 bytes]","args":[{"selector":{"id":"application-managesites-display-component---NewSite--addressDetailDetailsCity1","interaction":{"idSuffix":"inner"}},"wdio_ui5_key":"applicationmanagesites-display-component---NewSite--addressDetailDetailsCity1"}]}
RESULT: undefined
COMMAND: POST /session/c8be2085c0e5dd8418678e9c76522247/execute/async - {"script":"<script> [776 bytes]","args":[{"enterText":"Rosario","selector":{"id":"application-managesites-display-component---NewSite--addressDetailDetailsCity1","interaction":{"idSuffix":"inner"}},"clearTextFirst":true,"interactionType":"ENTER_TEXT"}]}
RESULT: {}
RESULT: {"script":"<script> [776 bytes]","args":[{"enterText":"Rosario","selector":{"id":"application-managesites-display-component---NewSite--addressDetailDetailsCity1","interaction":{"idSuffix":"inner"}},"clearTextFirst":true,"interactionType":"ENTER_TEXT"}]}
COMMAND: POST /session/c8be2085c0e5dd8418678e9c76522247/execute/async - {"script":"<script> [1562 bytes]","args":[{"selector":{"id":"application-managesites-display-component---NewSite--addressDetailDetailsCountry-arrow"},"wdio_ui5_key":"applicationmanagesites-display-component---NewSite--addressDetailDetailsCountry-arrow"}]}
RESULT: {"script":"<script> [1562 bytes]","args":[{"selector":{"id":"application-managesites-display-component---NewSite--addressDetailDetailsCountry-arrow"},"wdio_ui5_key":"applicationmanagesites-display-component---NewSite--addressDetailDetailsCountry-arrow"}]}
RESULT: undefined
COMMAND: POST /session/c8be2085c0e5dd8418678e9c76522247/element - {"using":"xpath","value":"//*[@id=\"application-managesites-display-component---NewSite--addressDetailDetailsCountry-arrow\"]"}
RESULT: {"using":"xpath","value":"//*[@id=\"application-managesites-display-component---NewSite--addressDetailDetailsCountry-arrow\"]"}
COMMAND: POST /session/c8be2085c0e5dd8418678e9c76522247/element/f.59A644A74ED233CCADDF2157A5466830.d.AC5020A7B27ECED9407519FC0226C721.e.2475/click - {}
RESULT: {}
COMMAND: POST /session/c8be2085c0e5dd8418678e9c76522247/element - {"using":"xpath","value":"//span[contains(text(), \"Argentina\")]"}
COMMAND: GET /session/c8be2085c0e5dd8418678e9c76522247/screenshot - {}
RESULT: {"using":"xpath","value":"//span[contains(text(), \"Argentina\")]"}
COMMAND: POST /session/c8be2085c0e5dd8418678e9c76522247/element/f.59A644A74ED233CCADDF2157A5466830.d.AC5020A7B27ECED9407519FC0226C721.e.2476/click - {}
RESULT: {}
RESULT: {}
COMMAND: GET /session/c8be2085c0e5dd8418678e9c76522247/screenshot - {}
RESULT: {}
COMMAND: POST /session/c8be2085c0e5dd8418678e9c76522247/execute/async - {"script":"<script> [1562 bytes]","args":[{"selector":{"id":"application-managesites-display-component---NewSite--addressEditDetailsCostObjectCstType-arrow"},"wdio_ui5_key":"applicationmanagesites-display-component---NewSite--addressEditDetailsCostObjectCstType-arrow"}]}
RESULT: {"script":"<script> [1562 bytes]","args":[{"selector":{"id":"application-managesites-display-component---NewSite--addressEditDetailsCostObjectCstType-arrow"},"wdio_ui5_key":"applicationmanagesites-display-component---NewSite--addressEditDetailsCostObjectCstType-arrow"}]}
RESULT: undefined
COMMAND: POST /session/c8be2085c0e5dd8418678e9c76522247/element - {"using":"xpath","value":"//*[@id=\"application-managesites-display-component---NewSite--addressEditDetailsCostObjectCstType-arrow\"]"}
RESULT: {"using":"xpath","value":"//*[@id=\"application-managesites-display-component---NewSite--addressEditDetailsCostObjectCstType-arrow\"]"}
COMMAND: POST /session/c8be2085c0e5dd8418678e9c76522247/element/f.59A644A74ED233CCADDF2157A5466830.d.AC5020A7B27ECED9407519FC0226C721.e.2478/click - {}
RESULT: {}
COMMAND: POST /session/c8be2085c0e5dd8418678e9c76522247/element - {"using":"xpath","value":"//span[contains(text(), \"Cost Center\")]"}
COMMAND: GET /session/c8be2085c0e5dd8418678e9c76522247/screenshot - {}
RESULT: {"using":"xpath","value":"//span[contains(text(), \"Cost Center\")]"}
COMMAND: POST /session/c8be2085c0e5dd8418678e9c76522247/element/f.59A644A74ED233CCADDF2157A5466830.d.AC5020A7B27ECED9407519FC0226C721.e.2479/click - {}
RESULT: {}
RESULT: {}
COMMAND: GET /session/c8be2085c0e5dd8418678e9c76522247/screenshot - {}
RESULT: {}
COMMAND: POST /session/c8be2085c0e5dd8418678e9c76522247/element - {"using":"xpath","value":"//span[@id=\"application-managesites-display-component---NewSite--addressNewCostObjectCstID-vhi\"]"}
RESULT: {"using":"xpath","value":"//span[@id=\"application-managesites-display-component---NewSite--addressNewCostObjectCstID-vhi\"]"}
COMMAND: POST /session/c8be2085c0e5dd8418678e9c76522247/execute/sync - {"script":"<script> [8489 bytes]","args":[{"element-6066-11e4-a52e-4f735466cecf":"f.59A644A74ED233CCADDF2157A5466830.d.AC5020A7B27ECED9407519FC0226C721.e.2484","ELEMENT":"f.59A644A74ED233CCADDF2157A5466830.d.AC5020A7B27ECED9407519FC0226C721.e.2484"}]}
RESULT: {"script":"<script> [8489 bytes]","args":[{"element-6066-11e4-a52e-4f735466cecf":"f.59A644A74ED233CCADDF2157A5466830.d.AC5020A7B27ECED9407519FC0226C721.e.2484","ELEMENT":"f.59A644A74ED233CCADDF2157A5466830.d.AC5020A7B27ECED9407519FC0226C721.e.2484"}]}
COMMAND: POST /session/c8be2085c0e5dd8418678e9c76522247/execute/async - {"script":"<script> [1562 bytes]","args":[{"selector":{"id":"application-managesites-display-component---NewSite--addressNewCostObjectCstID-vhi"},"wdio_ui5_key":"applicationmanagesites-display-component---NewSite--addressNewCostObjectCstID-vhi"}]}
COMMAND: GET /session/c8be2085c0e5dd8418678e9c76522247/screenshot - {}
RESULT: {"script":"<script> [1562 bytes]","args":[{"selector":{"id":"application-managesites-display-component---NewSite--addressNewCostObjectCstID-vhi"},"wdio_ui5_key":"applicationmanagesites-display-component---NewSite--addressNewCostObjectCstID-vhi"}]}
RESULT: undefined
COMMAND: POST /session/c8be2085c0e5dd8418678e9c76522247/element - {"using":"xpath","value":"//*[@id=\"application-managesites-display-component---NewSite--addressNewCostObjectCstID-vhi\"]"}
RESULT: {}
RESULT: {"using":"xpath","value":"//*[@id=\"application-managesites-display-component---NewSite--addressNewCostObjectCstID-vhi\"]"}
COMMAND: POST /session/c8be2085c0e5dd8418678e9c76522247/element/f.59A644A74ED233CCADDF2157A5466830.d.AC5020A7B27ECED9407519FC0226C721.e.2484/click - {}
RESULT: {}
COMMAND: GET /session/c8be2085c0e5dd8418678e9c76522247/screenshot - {}
RESULT: {}
RESULT: undefined
COMMAND: POST /session/c8be2085c0e5dd8418678e9c76522247/execute/async - {"script":"<script> [776 bytes]","args":[{"enterText":"10001013","selector":{"controlType":"sap.m.SearchField","properties":{"placeholder":"Search"},"searchOpenDialogs":true,"interaction":{"idSuffix":"I"}},"clearTextFirst":true,"interactionType":"ENTER_TEXT"}]}
RESULT: {"script":"<script> [776 bytes]","args":[{"enterText":"10001013","selector":{"controlType":"sap.m.SearchField","properties":{"placeholder":"Search"},"searchOpenDialogs":true,"interaction":{"idSuffix":"I"}},"clearTextFirst":true,"interactionType":"ENTER_TEXT"}]}
COMMAND: POST /session/c8be2085c0e5dd8418678e9c76522247/actions - {"actions":[{"id":"action6","type":"key","parameters":{},"actions":[{"type":"keyDown","value":"î€‡"},{"type":"pause","duration":10},{"type":"keyUp","value":"î€‡"}]}]}
RESULT: {"actions":[{"id":"action6","type":"key","parameters":{},"actions":[{"type":"keyDown","value":"î€‡"},{"type":"pause","duration":10},{"type":"keyUp","value":"î€‡"}]}]}
COMMAND: GET /session/c8be2085c0e5dd8418678e9c76522247/screenshot - {}
RESULT: {}
COMMAND: POST /session/c8be2085c0e5dd8418678e9c76522247/element - {"using":"xpath","value":"//span[contains(text(), \"General Management\")]"}
RESULT: {"using":"xpath","value":"//span[contains(text(), \"General Management\")]"}
COMMAND: POST /session/c8be2085c0e5dd8418678e9c76522247/element/f.59A644A74ED233CCADDF2157A5466830.d.AC5020A7B27ECED9407519FC0226C721.e.2523/click - {}
RESULT: {}
COMMAND: GET /session/c8be2085c0e5dd8418678e9c76522247/screenshot - {}
RESULT: {}
COMMAND: POST /session/c8be2085c0e5dd8418678e9c76522247/element - {"using":"xpath","value":"//bdi[contains(text(), \"OK\")]"}
RESULT: {"using":"xpath","value":"//bdi[contains(text(), \"OK\")]"}
COMMAND: POST /session/c8be2085c0e5dd8418678e9c76522247/element/f.59A644A74ED233CCADDF2157A5466830.d.AC5020A7B27ECED9407519FC0226C721.e.2524/click - {}
RESULT: {}
COMMAND: GET /session/c8be2085c0e5dd8418678e9c76522247/screenshot - {}
RESULT: {}
COMMAND: POST /session/c8be2085c0e5dd8418678e9c76522247/element - {"using":"xpath","value":"//input[@id=\"application-managesites-display-component---NewSite--addressDetailDetailsCalendar-inner\"]"}
RESULT: {"using":"xpath","value":"//input[@id=\"application-managesites-display-component---NewSite--addressDetailDetailsCalendar-inner\"]"}
COMMAND: POST /session/c8be2085c0e5dd8418678e9c76522247/element/f.59A644A74ED233CCADDF2157A5466830.d.AC5020A7B27ECED9407519FC0226C721.e.2268/clear - {}
RESULT: {}
COMMAND: POST /session/c8be2085c0e5dd8418678e9c76522247/element/f.59A644A74ED233CCADDF2157A5466830.d.AC5020A7B27ECED9407519FC0226C721.e.2268/value - {"text":"Unit"}
COMMAND: GET /session/c8be2085c0e5dd8418678e9c76522247/screenshot - {}
RESULT: {"text":"Unit"}
COMMAND: GET /session/c8be2085c0e5dd8418678e9c76522247/screenshot - {}
RESULT: {}
RESULT: {}
COMMAND: POST /session/c8be2085c0e5dd8418678e9c76522247/actions - {"actions":[{"id":"action7","type":"key","parameters":{},"actions":[{"type":"keyDown","value":"î€‡"},{"type":"pause","duration":10},{"type":"keyUp","value":"î€‡"}]}]}
RESULT: {"actions":[{"id":"action7","type":"key","parameters":{},"actions":[{"type":"keyDown","value":"î€‡"},{"type":"pause","duration":10},{"type":"keyUp","value":"î€‡"}]}]}
COMMAND: POST /session/c8be2085c0e5dd8418678e9c76522247/element - {"using":"xpath","value":"//input[@id=\"application-managesites-display-component---NewSite--addressDetailDetailsYard-inner\"]"}
COMMAND: GET /session/c8be2085c0e5dd8418678e9c76522247/screenshot - {}
RESULT: {"using":"xpath","value":"//input[@id=\"application-managesites-display-component---NewSite--addressDetailDetailsYard-inner\"]"}
COMMAND: POST /session/c8be2085c0e5dd8418678e9c76522247/element/f.59A644A74ED233CCADDF2157A5466830.d.AC5020A7B27ECED9407519FC0226C721.e.2269/clear - {}
RESULT: {}
RESULT: {}
COMMAND: POST /session/c8be2085c0e5dd8418678e9c76522247/element/f.59A644A74ED233CCADDF2157A5466830.d.AC5020A7B27ECED9407519FC0226C721.e.2269/value - {"text":"597"}
COMMAND: GET /session/c8be2085c0e5dd8418678e9c76522247/screenshot - {}
RESULT: {"text":"597"}
COMMAND: GET /session/c8be2085c0e5dd8418678e9c76522247/screenshot - {}
RESULT: {}
RESULT: {}
COMMAND: POST /session/c8be2085c0e5dd8418678e9c76522247/element - {"using":"xpath","value":"//li[.//span[text()='597']]"}
RESULT: {"using":"xpath","value":"//li[.//span[text()='597']]"}
COMMAND: POST /session/c8be2085c0e5dd8418678e9c76522247/element/f.59A644A74ED233CCADDF2157A5466830.d.AC5020A7B27ECED9407519FC0226C721.e.2532/click - {}
RESULT: {}
COMMAND: GET /session/c8be2085c0e5dd8418678e9c76522247/screenshot - {}
RESULT: {}
COMMAND: POST /session/c8be2085c0e5dd8418678e9c76522247/element - {"using":"xpath","value":"//input[@id=\"application-managesites-display-component---NewSite--addressDetailDetailsPartner-inner\"]"}
RESULT: {"using":"xpath","value":"//input[@id=\"application-managesites-display-component---NewSite--addressDetailDetailsPartner-inner\"]"}
COMMAND: POST /session/c8be2085c0e5dd8418678e9c76522247/element - {"using":"xpath","value":"//input[@id=\"application-managesites-display-component---NewSite--addressDetailDetailsPartner-inner\"]"}
RESULT: {"using":"xpath","value":"//input[@id=\"application-managesites-display-component---NewSite--addressDetailDetailsPartner-inner\"]"}
COMMAND: POST /session/c8be2085c0e5dd8418678e9c76522247/element - {"using":"xpath","value":"//button[@data-kt=\"saveButton\"]"}
RESULT: {"using":"xpath","value":"//button[@data-kt=\"saveButton\"]"}
COMMAND: POST /session/c8be2085c0e5dd8418678e9c76522247/element/f.59A644A74ED233CCADDF2157A5466830.d.AC5020A7B27ECED9407519FC0226C721.e.2457/click - {}
RESULT: {}
COMMAND: GET /session/c8be2085c0e5dd8418678e9c76522247/screenshot - {}
RESULT: {}
COMMAND: POST /session/c8be2085c0e5dd8418678e9c76522247/element - {"using":"xpath","value":"//header[contains(@id, 'ObjectPageLayout-headerTitle')]/div[1]/div[2]/div[2]/span[1]"}
RESULT: {"using":"xpath","value":"//header[contains(@id, 'ObjectPageLayout-headerTitle')]/div[1]/div[2]/div[2]/span[1]"}
COMMAND: POST /session/c8be2085c0e5dd8418678e9c76522247/elements - {"using":"xpath","value":"//header[contains(@id, 'ObjectPageLayout-headerTitle')]/div[1]/div[2]/div[2]/span[1]"}
RESULT: {"using":"xpath","value":"//header[contains(@id, 'ObjectPageLayout-headerTitle')]/div[1]/div[2]/div[2]/span[1]"}
COMMAND: POST /session/c8be2085c0e5dd8418678e9c76522247/execute/sync - {"script":"<script> [56 bytes]","args":[{"element-6066-11e4-a52e-4f735466cecf":"f.59A644A74ED233CCADDF2157A5466830.d.AC5020A7B27ECED9407519FC0226C721.e.2735","ELEMENT":"f.59A644A74ED233CCADDF2157A5466830.d.AC5020A7B27ECED9407519FC0226C721.e.2735"}]}
RESULT: {"script":"<script> [56 bytes]","args":[{"element-6066-11e4-a52e-4f735466cecf":"f.59A644A74ED233CCADDF2157A5466830.d.AC5020A7B27ECED9407519FC0226C721.e.2735","ELEMENT":"f.59A644A74ED233CCADDF2157A5466830.d.AC5020A7B27ECED9407519FC0226C721.e.2735"}]}
COMMAND: POST /session/c8be2085c0e5dd8418678e9c76522247/element - {"using":"css selector","value":"#shell-header-logo"}
COMMAND: GET /session/c8be2085c0e5dd8418678e9c76522247/screenshot - {}
RESULT: {"using":"css selector","value":"#shell-header-logo"}
COMMAND: POST /session/c8be2085c0e5dd8418678e9c76522247/element/f.59A644A74ED233CCADDF2157A5466830.d.AC5020A7B27ECED9407519FC0226C721.e.1795/click - {}
RESULT: {}
RESULT: {}
COMMAND: GET /session/c8be2085c0e5dd8418678e9c76522247/screenshot - {}
RESULT: {}
COMMAND: POST /session/c8be2085c0e5dd8418678e9c76522247/execute/sync - {"script":"<script> [299 bytes]","args":[["getModel","getResource"]]}
RESULT: {"script":"<script> [299 bytes]","args":[["getModel","getResource"]]}
]]></system-out>
    </testcase>
    <testcase classname="chrome.136_0_7103_93.windows.Billing_confirm_US117289" name="Should create a new equipment" time="135.303">
      <system-out><![CDATA[
COMMAND: POST /session/c8be2085c0e5dd8418678e9c76522247/execute/async - {"script":"<script> [1562 bytes]","args":[{"selector":{"controlType":"sap.m.GenericTile","properties":{"header":"Manage Resources"}},"wdio_ui5_key":"sapm.GenericTile{\"header\":\"Manage Resources\"}"}]}
COMMAND: GET /session/c8be2085c0e5dd8418678e9c76522247/screenshot - {}
RESULT: {"script":"<script> [1562 bytes]","args":[{"selector":{"controlType":"sap.m.GenericTile","properties":{"header":"Manage Resources"}},"wdio_ui5_key":"sapm.GenericTile{\"header\":\"Manage Resources\"}"}]}
RESULT: undefined
COMMAND: POST /session/c8be2085c0e5dd8418678e9c76522247/element - {"using":"xpath","value":"//*[@id=\"__tile39\"]"}
RESULT: {}
RESULT: {"using":"xpath","value":"//*[@id=\"__tile39\"]"}
COMMAND: POST /session/c8be2085c0e5dd8418678e9c76522247/element/f.59A644A74ED233CCADDF2157A5466830.d.AC5020A7B27ECED9407519FC0226C721.e.158/click - {}
RESULT: {}
COMMAND: GET /session/c8be2085c0e5dd8418678e9c76522247/screenshot - {}
RESULT: {}
COMMAND: POST /session/c8be2085c0e5dd8418678e9c76522247/elements - {"using":"xpath","value":"//span[text()='Error']"}
RESULT: {"using":"xpath","value":"//span[text()='Error']"}
COMMAND: POST /session/c8be2085c0e5dd8418678e9c76522247/element - {"using":"xpath","value":"//button[@data-kt=\"addNewRUOverflowToolbarButton\"]"}
RESULT: {"using":"xpath","value":"//button[@data-kt=\"addNewRUOverflowToolbarButton\"]"}
COMMAND: POST /session/c8be2085c0e5dd8418678e9c76522247/elements - {"using":"xpath","value":"//button[@data-kt=\"addNewRUOverflowToolbarButton\"]"}
RESULT: {"using":"xpath","value":"//button[@data-kt=\"addNewRUOverflowToolbarButton\"]"}
COMMAND: POST /session/c8be2085c0e5dd8418678e9c76522247/execute/sync - {"script":"<script> [8489 bytes]","args":[{"element-6066-11e4-a52e-4f735466cecf":"f.59A644A74ED233CCADDF2157A5466830.d.AC5020A7B27ECED9407519FC0226C721.e.2768","ELEMENT":"f.59A644A74ED233CCADDF2157A5466830.d.AC5020A7B27ECED9407519FC0226C721.e.2768"}]}
RESULT: {"script":"<script> [8489 bytes]","args":[{"element-6066-11e4-a52e-4f735466cecf":"f.59A644A74ED233CCADDF2157A5466830.d.AC5020A7B27ECED9407519FC0226C721.e.2768","ELEMENT":"f.59A644A74ED233CCADDF2157A5466830.d.AC5020A7B27ECED9407519FC0226C721.e.2768"}]}
COMMAND: GET /session/c8be2085c0e5dd8418678e9c76522247/element/f.59A644A74ED233CCADDF2157A5466830.d.AC5020A7B27ECED9407519FC0226C721.e.2768/enabled - {}
COMMAND: GET /session/c8be2085c0e5dd8418678e9c76522247/screenshot - {}
RESULT: {}
COMMAND: POST /session/c8be2085c0e5dd8418678e9c76522247/execute/sync - {"script":"<script> [8489 bytes]","args":[{"element-6066-11e4-a52e-4f735466cecf":"f.59A644A74ED233CCADDF2157A5466830.d.AC5020A7B27ECED9407519FC0226C721.e.2768","ELEMENT":"f.59A644A74ED233CCADDF2157A5466830.d.AC5020A7B27ECED9407519FC0226C721.e.2768"}]}
COMMAND: GET /session/c8be2085c0e5dd8418678e9c76522247/screenshot - {}
RESULT: {}
RESULT: {"script":"<script> [8489 bytes]","args":[{"element-6066-11e4-a52e-4f735466cecf":"f.59A644A74ED233CCADDF2157A5466830.d.AC5020A7B27ECED9407519FC0226C721.e.2768","ELEMENT":"f.59A644A74ED233CCADDF2157A5466830.d.AC5020A7B27ECED9407519FC0226C721.e.2768"}]}
COMMAND: POST /session/c8be2085c0e5dd8418678e9c76522247/execute/sync - {"script":"<script> [5351 bytes]","args":[{"element-6066-11e4-a52e-4f735466cecf":"f.59A644A74ED233CCADDF2157A5466830.d.AC5020A7B27ECED9407519FC0226C721.e.2768","ELEMENT":"f.59A644A74ED233CCADDF2157A5466830.d.AC5020A7B27ECED9407519FC0226C721.e.2768"}]}
COMMAND: GET /session/c8be2085c0e5dd8418678e9c76522247/screenshot - {}
RESULT: {}
RESULT: {"script":"<script> [5351 bytes]","args":[{"element-6066-11e4-a52e-4f735466cecf":"f.59A644A74ED233CCADDF2157A5466830.d.AC5020A7B27ECED9407519FC0226C721.e.2768","ELEMENT":"f.59A644A74ED233CCADDF2157A5466830.d.AC5020A7B27ECED9407519FC0226C721.e.2768"}]}
COMMAND: POST /session/c8be2085c0e5dd8418678e9c76522247/element/f.59A644A74ED233CCADDF2157A5466830.d.AC5020A7B27ECED9407519FC0226C721.e.2768/click - {}
COMMAND: GET /session/c8be2085c0e5dd8418678e9c76522247/screenshot - {}
RESULT: {}
RESULT: {}
COMMAND: GET /session/c8be2085c0e5dd8418678e9c76522247/screenshot - {}
RESULT: {}
RESULT: {}
COMMAND: POST /session/c8be2085c0e5dd8418678e9c76522247/execute/async - {"script":"<script> [1562 bytes]","args":[{"selector":{"id":"application-manageresources-display-component---newResourceUnit--TYPE-arrow"},"wdio_ui5_key":"applicationmanageresources-display-component---newResourceUnit--TYPE-arrow"}]}
RESULT: {"script":"<script> [1562 bytes]","args":[{"selector":{"id":"application-manageresources-display-component---newResourceUnit--TYPE-arrow"},"wdio_ui5_key":"applicationmanageresources-display-component---newResourceUnit--TYPE-arrow"}]}
RESULT: undefined
COMMAND: POST /session/c8be2085c0e5dd8418678e9c76522247/element - {"using":"xpath","value":"//*[@id=\"application-manageresources-display-component---newResourceUnit--TYPE-arrow\"]"}
RESULT: {"using":"xpath","value":"//*[@id=\"application-manageresources-display-component---newResourceUnit--TYPE-arrow\"]"}
COMMAND: POST /session/c8be2085c0e5dd8418678e9c76522247/element/f.59A644A74ED233CCADDF2157A5466830.d.AC5020A7B27ECED9407519FC0226C721.e.3136/click - {}
RESULT: {}
COMMAND: POST /session/c8be2085c0e5dd8418678e9c76522247/element - {"using":"xpath","value":"//input[@id=\"application-manageresources-display-component---newResourceUnit--TYPE-inner\"]"}
COMMAND: GET /session/c8be2085c0e5dd8418678e9c76522247/screenshot - {}
RESULT: {"using":"xpath","value":"//input[@id=\"application-manageresources-display-component---newResourceUnit--TYPE-inner\"]"}
COMMAND: POST /session/c8be2085c0e5dd8418678e9c76522247/element/f.59A644A74ED233CCADDF2157A5466830.d.AC5020A7B27ECED9407519FC0226C721.e.3120/clear - {}
RESULT: {}
RESULT: {}
COMMAND: POST /session/c8be2085c0e5dd8418678e9c76522247/element/f.59A644A74ED233CCADDF2157A5466830.d.AC5020A7B27ECED9407519FC0226C721.e.3120/value - {"text":"Equipment"}
COMMAND: GET /session/c8be2085c0e5dd8418678e9c76522247/screenshot - {}
RESULT: {"text":"Equipment"}
COMMAND: GET /session/c8be2085c0e5dd8418678e9c76522247/screenshot - {}
RESULT: {}
RESULT: {}
COMMAND: POST /session/c8be2085c0e5dd8418678e9c76522247/actions - {"actions":[{"id":"action8","type":"key","parameters":{},"actions":[{"type":"keyDown","value":"î€‡"},{"type":"pause","duration":10},{"type":"keyUp","value":"î€‡"}]}]}
RESULT: {"actions":[{"id":"action8","type":"key","parameters":{},"actions":[{"type":"keyDown","value":"î€‡"},{"type":"pause","duration":10},{"type":"keyUp","value":"î€‡"}]}]}
COMMAND: POST /session/c8be2085c0e5dd8418678e9c76522247/execute/async - {"script":"<script> [1562 bytes]","args":[{"selector":{"id":"application-manageresources-display-component---newResourceUnit--resourceId","interaction":{"idSuffix":"inner"}},"wdio_ui5_key":"applicationmanageresources-display-component---newResourceUnit--resourceId"}]}
COMMAND: GET /session/c8be2085c0e5dd8418678e9c76522247/screenshot - {}
RESULT: {"script":"<script> [1562 bytes]","args":[{"selector":{"id":"application-manageresources-display-component---newResourceUnit--resourceId","interaction":{"idSuffix":"inner"}},"wdio_ui5_key":"applicationmanageresources-display-component---newResourceUnit--resourceId"}]}
RESULT: undefined
COMMAND: POST /session/c8be2085c0e5dd8418678e9c76522247/execute/async - {"script":"<script> [776 bytes]","args":[{"enterText":"b1ABEvvsCf","selector":{"id":"application-manageresources-display-component---newResourceUnit--resourceId","interaction":{"idSuffix":"inner"}},"clearTextFirst":true,"interactionType":"ENTER_TEXT"}]}
RESULT: {}
RESULT: {"script":"<script> [776 bytes]","args":[{"enterText":"b1ABEvvsCf","selector":{"id":"application-manageresources-display-component---newResourceUnit--resourceId","interaction":{"idSuffix":"inner"}},"clearTextFirst":true,"interactionType":"ENTER_TEXT"}]}
COMMAND: POST /session/c8be2085c0e5dd8418678e9c76522247/execute/async - {"script":"<script> [1562 bytes]","args":[{"selector":{"id":"application-manageresources-display-component---newResourceUnit--SHORT_TEXT","interaction":{"idSuffix":"inner"}},"wdio_ui5_key":"applicationmanageresources-display-component---newResourceUnit--SHORT_TEXT"}]}
RESULT: {"script":"<script> [1562 bytes]","args":[{"selector":{"id":"application-manageresources-display-component---newResourceUnit--SHORT_TEXT","interaction":{"idSuffix":"inner"}},"wdio_ui5_key":"applicationmanageresources-display-component---newResourceUnit--SHORT_TEXT"}]}
RESULT: undefined
COMMAND: POST /session/c8be2085c0e5dd8418678e9c76522247/execute/async - {"script":"<script> [776 bytes]","args":[{"enterText":"Intercompany Equipment WDIO","selector":{"id":"application-manageresources-display-component---newResourceUnit--SHORT_TEXT","interaction":{"idSuffix":"inner"}},"clearTextFirst":true,"interactionType":"ENTER_TEXT"}]}
RESULT: {"script":"<script> [776 bytes]","args":[{"enterText":"Intercompany Equipment WDIO","selector":{"id":"application-manageresources-display-component---newResourceUnit--SHORT_TEXT","interaction":{"idSuffix":"inner"}},"clearTextFirst":true,"interactionType":"ENTER_TEXT"}]}
COMMAND: POST /session/c8be2085c0e5dd8418678e9c76522247/execute/async - {"script":"<script> [1562 bytes]","args":[{"selector":{"id":"application-manageresources-display-component---newResourceUnit--BASE_UNIT_OF_MEASURE","interaction":{"idSuffix":"inner"}},"wdio_ui5_key":"applicationmanageresources-display-component---newResourceUnit--BASE_UNIT_OF_MEASURE"}]}
RESULT: {"script":"<script> [1562 bytes]","args":[{"selector":{"id":"application-manageresources-display-component---newResourceUnit--BASE_UNIT_OF_MEASURE","interaction":{"idSuffix":"inner"}},"wdio_ui5_key":"applicationmanageresources-display-component---newResourceUnit--BASE_UNIT_OF_MEASURE"}]}
RESULT: undefined
COMMAND: POST /session/c8be2085c0e5dd8418678e9c76522247/execute/async - {"script":"<script> [776 bytes]","args":[{"enterText":"Piece","selector":{"id":"application-manageresources-display-component---newResourceUnit--BASE_UNIT_OF_MEASURE","interaction":{"idSuffix":"inner"}},"clearTextFirst":true,"interactionType":"ENTER_TEXT"}]}
RESULT: {"script":"<script> [776 bytes]","args":[{"enterText":"Piece","selector":{"id":"application-manageresources-display-component---newResourceUnit--BASE_UNIT_OF_MEASURE","interaction":{"idSuffix":"inner"}},"clearTextFirst":true,"interactionType":"ENTER_TEXT"}]}
COMMAND: POST /session/c8be2085c0e5dd8418678e9c76522247/execute/async - {"script":"<script> [1562 bytes]","args":[{"selector":{"id":"application-manageresources-display-component---newResourceUnit--WEIGHT_UNIT","interaction":{"idSuffix":"inner"}},"wdio_ui5_key":"applicationmanageresources-display-component---newResourceUnit--WEIGHT_UNIT"}]}
RESULT: {"script":"<script> [1562 bytes]","args":[{"selector":{"id":"application-manageresources-display-component---newResourceUnit--WEIGHT_UNIT","interaction":{"idSuffix":"inner"}},"wdio_ui5_key":"applicationmanageresources-display-component---newResourceUnit--WEIGHT_UNIT"}]}
RESULT: undefined
COMMAND: POST /session/c8be2085c0e5dd8418678e9c76522247/execute/async - {"script":"<script> [776 bytes]","args":[{"enterText":"Gram","selector":{"id":"application-manageresources-display-component---newResourceUnit--WEIGHT_UNIT","interaction":{"idSuffix":"inner"}},"clearTextFirst":true,"interactionType":"ENTER_TEXT"}]}
RESULT: {"script":"<script> [776 bytes]","args":[{"enterText":"Gram","selector":{"id":"application-manageresources-display-component---newResourceUnit--WEIGHT_UNIT","interaction":{"idSuffix":"inner"}},"clearTextFirst":true,"interactionType":"ENTER_TEXT"}]}
COMMAND: POST /session/c8be2085c0e5dd8418678e9c76522247/execute/async - {"script":"<script> [1562 bytes]","args":[{"selector":{"id":"application-manageresources-display-component---newResourceUnit--DIMENSION_UNIT","interaction":{"idSuffix":"inner"}},"wdio_ui5_key":"applicationmanageresources-display-component---newResourceUnit--DIMENSION_UNIT"}]}
RESULT: {"script":"<script> [1562 bytes]","args":[{"selector":{"id":"application-manageresources-display-component---newResourceUnit--DIMENSION_UNIT","interaction":{"idSuffix":"inner"}},"wdio_ui5_key":"applicationmanageresources-display-component---newResourceUnit--DIMENSION_UNIT"}]}
RESULT: undefined
COMMAND: POST /session/c8be2085c0e5dd8418678e9c76522247/execute/async - {"script":"<script> [776 bytes]","args":[{"enterText":"Meter","selector":{"id":"application-manageresources-display-component---newResourceUnit--DIMENSION_UNIT","interaction":{"idSuffix":"inner"}},"clearTextFirst":true,"interactionType":"ENTER_TEXT"}]}
RESULT: {"script":"<script> [776 bytes]","args":[{"enterText":"Meter","selector":{"id":"application-manageresources-display-component---newResourceUnit--DIMENSION_UNIT","interaction":{"idSuffix":"inner"}},"clearTextFirst":true,"interactionType":"ENTER_TEXT"}]}
COMMAND: POST /session/c8be2085c0e5dd8418678e9c76522247/execute/async - {"script":"<script> [1562 bytes]","args":[{"selector":{"id":"application-manageresources-display-component---newResourceUnit--newRRUPage-anchBar-application-manageresources-display-component---newResourceUnit--control-anchor","interaction":{"idSuffix":"BDI-content"}},"wdio_ui5_key":"applicationmanageresources-display-component---newResourceUnit--newRRUPage-anchBar-application-manageresources-display-component---newResourceUnit--control-anchor"}]}
RESULT: {"script":"<script> [1562 bytes]","args":[{"selector":{"id":"application-manageresources-display-component---newResourceUnit--newRRUPage-anchBar-application-manageresources-display-component---newResourceUnit--control-anchor","interaction":{"idSuffix":"BDI-content"}},"wdio_ui5_key":"applicationmanageresources-display-component---newResourceUnit--newRRUPage-anchBar-application-manageresources-display-component---newResourceUnit--control-anchor"}]}
RESULT: undefined
COMMAND: POST /session/c8be2085c0e5dd8418678e9c76522247/element - {"using":"xpath","value":"//*[@id=\"application-manageresources-display-component---newResourceUnit--newRRUPage-anchBar-application-manageresources-display-component---newResourceUnit--control-anchor\"]"}
RESULT: {"using":"xpath","value":"//*[@id=\"application-manageresources-display-component---newResourceUnit--newRRUPage-anchBar-application-manageresources-display-component---newResourceUnit--control-anchor\"]"}
COMMAND: POST /session/c8be2085c0e5dd8418678e9c76522247/element/f.59A644A74ED233CCADDF2157A5466830.d.AC5020A7B27ECED9407519FC0226C721.e.3294/click - {}
RESULT: {}
COMMAND: POST /session/c8be2085c0e5dd8418678e9c76522247/execute/async - {"script":"<script> [1562 bytes]","args":[{"selector":{"id":"application-manageresources-display-component---newResourceUnit--PLANNING_GROUP","interaction":{"idSuffix":"inner"}},"wdio_ui5_key":"applicationmanageresources-display-component---newResourceUnit--PLANNING_GROUP"}]}
COMMAND: GET /session/c8be2085c0e5dd8418678e9c76522247/screenshot - {}
RESULT: {"script":"<script> [1562 bytes]","args":[{"selector":{"id":"application-manageresources-display-component---newResourceUnit--PLANNING_GROUP","interaction":{"idSuffix":"inner"}},"wdio_ui5_key":"applicationmanageresources-display-component---newResourceUnit--PLANNING_GROUP"}]}
RESULT: undefined
COMMAND: POST /session/c8be2085c0e5dd8418678e9c76522247/execute/async - {"script":"<script> [776 bytes]","args":[{"enterText":"Heavy Equi","selector":{"id":"application-manageresources-display-component---newResourceUnit--PLANNING_GROUP","interaction":{"idSuffix":"inner"}},"clearTextFirst":true,"interactionType":"ENTER_TEXT"}]}
RESULT: {}
RESULT: {"script":"<script> [776 bytes]","args":[{"enterText":"Heavy Equi","selector":{"id":"application-manageresources-display-component---newResourceUnit--PLANNING_GROUP","interaction":{"idSuffix":"inner"}},"clearTextFirst":true,"interactionType":"ENTER_TEXT"}]}
COMMAND: POST /session/c8be2085c0e5dd8418678e9c76522247/execute/async - {"script":"<script> [1562 bytes]","args":[{"selector":{"id":"application-manageresources-display-component---newResourceUnit--ITEM_TYPE-arrow"},"wdio_ui5_key":"applicationmanageresources-display-component---newResourceUnit--ITEM_TYPE-arrow"}]}
RESULT: {"script":"<script> [1562 bytes]","args":[{"selector":{"id":"application-manageresources-display-component---newResourceUnit--ITEM_TYPE-arrow"},"wdio_ui5_key":"applicationmanageresources-display-component---newResourceUnit--ITEM_TYPE-arrow"}]}
RESULT: undefined
COMMAND: POST /session/c8be2085c0e5dd8418678e9c76522247/element - {"using":"xpath","value":"//*[@id=\"application-manageresources-display-component---newResourceUnit--ITEM_TYPE-arrow\"]"}
RESULT: {"using":"xpath","value":"//*[@id=\"application-manageresources-display-component---newResourceUnit--ITEM_TYPE-arrow\"]"}
COMMAND: POST /session/c8be2085c0e5dd8418678e9c76522247/element/f.59A644A74ED233CCADDF2157A5466830.d.AC5020A7B27ECED9407519FC0226C721.e.3301/click - {}
RESULT: {}
COMMAND: POST /session/c8be2085c0e5dd8418678e9c76522247/element - {"using":"xpath","value":"//ul[contains(@id,\"ITEM_TYPE-popup-list-listUl\")]//li[.//span[contains(text(),\"Resource Unit\")]]"}
COMMAND: GET /session/c8be2085c0e5dd8418678e9c76522247/screenshot - {}
RESULT: {"using":"xpath","value":"//ul[contains(@id,\"ITEM_TYPE-popup-list-listUl\")]//li[.//span[contains(text(),\"Resource Unit\")]]"}
COMMAND: POST /session/c8be2085c0e5dd8418678e9c76522247/element/f.59A644A74ED233CCADDF2157A5466830.d.AC5020A7B27ECED9407519FC0226C721.e.3302/click - {}
RESULT: {}
RESULT: {}
COMMAND: GET /session/c8be2085c0e5dd8418678e9c76522247/screenshot - {}
RESULT: {}
COMMAND: POST /session/c8be2085c0e5dd8418678e9c76522247/element - {"using":"css selector","value":"#application-manageresources-display-component---newResourceUnit--btnAddTimeSegment"}
RESULT: {"using":"css selector","value":"#application-manageresources-display-component---newResourceUnit--btnAddTimeSegment"}
COMMAND: GET /session/c8be2085c0e5dd8418678e9c76522247/element/f.59A644A74ED233CCADDF2157A5466830.d.AC5020A7B27ECED9407519FC0226C721.e.3309/rect - {}
RESULT: {}
COMMAND: GET /session/c8be2085c0e5dd8418678e9c76522247/window/rect - {}
RESULT: {}
COMMAND: POST /session/c8be2085c0e5dd8418678e9c76522247/execute/sync - {"script":"<script> [92 bytes]","args":[]}
RESULT: {"script":"<script> [92 bytes]","args":[]}
COMMAND: POST /session/c8be2085c0e5dd8418678e9c76522247/actions - {"actions":[{"id":"action9","type":"wheel","parameters":{},"actions":[{"type":"scroll","x":-1888,"y":-32,"deltaX":0,"deltaY":0,"duration":0,"origin":{"element-6066-11e4-a52e-4f735466cecf":"f.59A644A74ED233CCADDF2157A5466830.d.AC5020A7B27ECED9407519FC0226C721.e.3309"}}]}]}
COMMAND: GET /session/c8be2085c0e5dd8418678e9c76522247/screenshot - {}
RESULT: {}
COMMAND: POST /session/c8be2085c0e5dd8418678e9c76522247/execute/sync - {"script":"<script> [79 bytes]","args":[{"element-6066-11e4-a52e-4f735466cecf":"f.59A644A74ED233CCADDF2157A5466830.d.AC5020A7B27ECED9407519FC0226C721.e.3309","ELEMENT":"f.59A644A74ED233CCADDF2157A5466830.d.AC5020A7B27ECED9407519FC0226C721.e.3309"},{"block":"start","inline":"nearest"}]}
RESULT: {"script":"<script> [79 bytes]","args":[{"element-6066-11e4-a52e-4f735466cecf":"f.59A644A74ED233CCADDF2157A5466830.d.AC5020A7B27ECED9407519FC0226C721.e.3309","ELEMENT":"f.59A644A74ED233CCADDF2157A5466830.d.AC5020A7B27ECED9407519FC0226C721.e.3309"},{"block":"start","inline":"nearest"}]}
COMMAND: POST /session/c8be2085c0e5dd8418678e9c76522247/execute/async - {"script":"<script> [1562 bytes]","args":[{"selector":{"id":"application-manageresources-display-component---newResourceUnit--btnAddTimeSegment","interaction":{"idSuffix":"inner"}},"wdio_ui5_key":"applicationmanageresources-display-component---newResourceUnit--btnAddTimeSegment"}]}
COMMAND: GET /session/c8be2085c0e5dd8418678e9c76522247/screenshot - {}
RESULT: {"script":"<script> [1562 bytes]","args":[{"selector":{"id":"application-manageresources-display-component---newResourceUnit--btnAddTimeSegment","interaction":{"idSuffix":"inner"}},"wdio_ui5_key":"applicationmanageresources-display-component---newResourceUnit--btnAddTimeSegment"}]}
RESULT: undefined
COMMAND: POST /session/c8be2085c0e5dd8418678e9c76522247/element - {"using":"xpath","value":"//*[@id=\"application-manageresources-display-component---newResourceUnit--btnAddTimeSegment\"]"}
RESULT: {}
RESULT: {"using":"xpath","value":"//*[@id=\"application-manageresources-display-component---newResourceUnit--btnAddTimeSegment\"]"}
COMMAND: POST /session/c8be2085c0e5dd8418678e9c76522247/element/f.59A644A74ED233CCADDF2157A5466830.d.AC5020A7B27ECED9407519FC0226C721.e.3309/click - {}
RESULT: {}
COMMAND: GET /session/c8be2085c0e5dd8418678e9c76522247/screenshot - {}
RESULT: {}
COMMAND: POST /session/c8be2085c0e5dd8418678e9c76522247/element - {"using":"xpath","value":"//input[@id=\"application-manageresources-display-component---newResourceUnit--idRuTSAdmin-application-manageresources-display-component---newResourceUnit--RUTimeSegment-0-inner\"]"}
RESULT: {"using":"xpath","value":"//input[@id=\"application-manageresources-display-component---newResourceUnit--idRuTSAdmin-application-manageresources-display-component---newResourceUnit--RUTimeSegment-0-inner\"]"}
COMMAND: POST /session/c8be2085c0e5dd8418678e9c76522247/element/f.59A644A74ED233CCADDF2157A5466830.d.AC5020A7B27ECED9407519FC0226C721.e.3315/clear - {}
RESULT: {}
COMMAND: POST /session/c8be2085c0e5dd8418678e9c76522247/element/f.59A644A74ED233CCADDF2157A5466830.d.AC5020A7B27ECED9407519FC0226C721.e.3315/value - {"text":"597"}
COMMAND: GET /session/c8be2085c0e5dd8418678e9c76522247/screenshot - {}
RESULT: {"text":"597"}
COMMAND: GET /session/c8be2085c0e5dd8418678e9c76522247/screenshot - {}
RESULT: {}
RESULT: {}
COMMAND: POST /session/c8be2085c0e5dd8418678e9c76522247/element - {"using":"xpath","value":"//li[.//span[text()='597']]"}
RESULT: {"using":"xpath","value":"//li[.//span[text()='597']]"}
COMMAND: POST /session/c8be2085c0e5dd8418678e9c76522247/element/f.59A644A74ED233CCADDF2157A5466830.d.AC5020A7B27ECED9407519FC0226C721.e.3327/click - {}
RESULT: {}
COMMAND: GET /session/c8be2085c0e5dd8418678e9c76522247/screenshot - {}
RESULT: {}
COMMAND: POST /session/c8be2085c0e5dd8418678e9c76522247/element - {"using":"xpath","value":"(//span[contains(@id, \"-application-manageresources-display-component---newResourceUnit--RUTimeSegment-0-arrow\")])[6]"}
RESULT: {"using":"xpath","value":"(//span[contains(@id, \"-application-manageresources-display-component---newResourceUnit--RUTimeSegment-0-arrow\")])[6]"}
COMMAND: POST /session/c8be2085c0e5dd8418678e9c76522247/element/f.59A644A74ED233CCADDF2157A5466830.d.AC5020A7B27ECED9407519FC0226C721.e.3328/click - {}
RESULT: {}
COMMAND: GET /session/c8be2085c0e5dd8418678e9c76522247/screenshot - {}
RESULT: {}
COMMAND: POST /session/c8be2085c0e5dd8418678e9c76522247/element - {"using":"xpath","value":"//span[contains(text(), \"PM Order\")]"}
RESULT: {"using":"xpath","value":"//span[contains(text(), \"PM Order\")]"}
COMMAND: POST /session/c8be2085c0e5dd8418678e9c76522247/element/f.59A644A74ED233CCADDF2157A5466830.d.AC5020A7B27ECED9407519FC0226C721.e.3331/click - {}
RESULT: {}
COMMAND: GET /session/c8be2085c0e5dd8418678e9c76522247/screenshot - {}
RESULT: {}
COMMAND: POST /session/c8be2085c0e5dd8418678e9c76522247/element - {"using":"xpath","value":"(//span[contains(@id ,\"manageresources-display-component---newResourceUnit--RUTimeSegment-0-vhi\")])[1]"}
RESULT: {"using":"xpath","value":"(//span[contains(@id ,\"manageresources-display-component---newResourceUnit--RUTimeSegment-0-vhi\")])[1]"}
COMMAND: GET /session/c8be2085c0e5dd8418678e9c76522247/element/f.59A644A74ED233CCADDF2157A5466830.d.AC5020A7B27ECED9407519FC0226C721.e.3335/rect - {}
RESULT: {}
COMMAND: GET /session/c8be2085c0e5dd8418678e9c76522247/window/rect - {}
RESULT: {}
COMMAND: POST /session/c8be2085c0e5dd8418678e9c76522247/execute/sync - {"script":"<script> [92 bytes]","args":[]}
RESULT: {"script":"<script> [92 bytes]","args":[]}
COMMAND: POST /session/c8be2085c0e5dd8418678e9c76522247/actions - {"actions":[{"id":"action10","type":"wheel","parameters":{},"actions":[{"type":"scroll","x":-869,"y":-24,"deltaX":0,"deltaY":0,"duration":0,"origin":{"element-6066-11e4-a52e-4f735466cecf":"f.59A644A74ED233CCADDF2157A5466830.d.AC5020A7B27ECED9407519FC0226C721.e.3335"}}]}]}
COMMAND: GET /session/c8be2085c0e5dd8418678e9c76522247/screenshot - {}
RESULT: {"actions":[{"id":"action10","type":"wheel","parameters":{},"actions":[{"type":"scroll","x":-869,"y":-24,"deltaX":0,"deltaY":0,"duration":0,"origin":{"element-6066-11e4-a52e-4f735466cecf":"f.59A644A74ED233CCADDF2157A5466830.d.AC5020A7B27ECED9407519FC0226C721.e.3335"}}]}]}
COMMAND: DELETE /session/c8be2085c0e5dd8418678e9c76522247/actions - {}
COMMAND: GET /session/c8be2085c0e5dd8418678e9c76522247/screenshot - {}
RESULT: {}
RESULT: {}
COMMAND: GET /session/c8be2085c0e5dd8418678e9c76522247/screenshot - {}
RESULT: {}
RESULT: {}
COMMAND: POST /session/c8be2085c0e5dd8418678e9c76522247/element/f.59A644A74ED233CCADDF2157A5466830.d.AC5020A7B27ECED9407519FC0226C721.e.3335/click - {}
RESULT: {}
COMMAND: GET /session/c8be2085c0e5dd8418678e9c76522247/screenshot - {}
RESULT: {}
RESULT: undefined
COMMAND: POST /session/c8be2085c0e5dd8418678e9c76522247/execute/async - {"script":"<script> [776 bytes]","args":[{"enterText":"4000360","selector":{"controlType":"sap.m.SearchField","properties":{"placeholder":"Search"},"searchOpenDialogs":true,"interaction":{"idSuffix":"I"}},"clearTextFirst":true,"interactionType":"ENTER_TEXT"}]}
RESULT: {"script":"<script> [776 bytes]","args":[{"enterText":"4000360","selector":{"controlType":"sap.m.SearchField","properties":{"placeholder":"Search"},"searchOpenDialogs":true,"interaction":{"idSuffix":"I"}},"clearTextFirst":true,"interactionType":"ENTER_TEXT"}]}
COMMAND: POST /session/c8be2085c0e5dd8418678e9c76522247/actions - {"actions":[{"id":"action11","type":"key","parameters":{},"actions":[{"type":"keyDown","value":"î€‡"},{"type":"pause","duration":10},{"type":"keyUp","value":"î€‡"}]}]}
RESULT: {"actions":[{"id":"action11","type":"key","parameters":{},"actions":[{"type":"keyDown","value":"î€‡"},{"type":"pause","duration":10},{"type":"keyUp","value":"î€‡"}]}]}
COMMAND: GET /session/c8be2085c0e5dd8418678e9c76522247/screenshot - {}
RESULT: {}
COMMAND: POST /session/c8be2085c0e5dd8418678e9c76522247/element - {"using":"xpath","value":"//td/div/span[contains(text(), \"BGL Vehicles\")]"}
RESULT: {"using":"xpath","value":"//td/div/span[contains(text(), \"BGL Vehicles\")]"}
COMMAND: POST /session/c8be2085c0e5dd8418678e9c76522247/element/f.59A644A74ED233CCADDF2157A5466830.d.AC5020A7B27ECED9407519FC0226C721.e.3356/click - {}
RESULT: {}
COMMAND: GET /session/c8be2085c0e5dd8418678e9c76522247/screenshot - {}
RESULT: {}
COMMAND: POST /session/c8be2085c0e5dd8418678e9c76522247/element - {"using":"xpath","value":"//bdi[contains(text(), \"OK\")]"}
RESULT: {"using":"xpath","value":"//bdi[contains(text(), \"OK\")]"}
COMMAND: POST /session/c8be2085c0e5dd8418678e9c76522247/element/f.59A644A74ED233CCADDF2157A5466830.d.AC5020A7B27ECED9407519FC0226C721.e.3357/click - {}
RESULT: {}
COMMAND: GET /session/c8be2085c0e5dd8418678e9c76522247/screenshot - {}
RESULT: {}
COMMAND: POST /session/c8be2085c0e5dd8418678e9c76522247/execute/async - {"script":"<script> [1562 bytes]","args":[{"selector":{"id":"application-manageresources-display-component---newResourceUnit--newRRUPage-anchBar-application-manageresources-display-component---newResourceUnit--resource-anchor","interaction":{"idSuffix":"BDI-content"}},"wdio_ui5_key":"applicationmanageresources-display-component---newResourceUnit--newRRUPage-anchBar-application-manageresources-display-component---newResourceUnit--resource-anchor"}]}
RESULT: {"script":"<script> [1562 bytes]","args":[{"selector":{"id":"application-manageresources-display-component---newResourceUnit--newRRUPage-anchBar-application-manageresources-display-component---newResourceUnit--resource-anchor","interaction":{"idSuffix":"BDI-content"}},"wdio_ui5_key":"applicationmanageresources-display-component---newResourceUnit--newRRUPage-anchBar-application-manageresources-display-component---newResourceUnit--resource-anchor"}]}
RESULT: undefined
COMMAND: POST /session/c8be2085c0e5dd8418678e9c76522247/element - {"using":"xpath","value":"//*[@id=\"application-manageresources-display-component---newResourceUnit--newRRUPage-anchBar-application-manageresources-display-component---newResourceUnit--resource-anchor\"]"}
RESULT: {"using":"xpath","value":"//*[@id=\"application-manageresources-display-component---newResourceUnit--newRRUPage-anchBar-application-manageresources-display-component---newResourceUnit--resource-anchor\"]"}
COMMAND: POST /session/c8be2085c0e5dd8418678e9c76522247/element/f.59A644A74ED233CCADDF2157A5466830.d.AC5020A7B27ECED9407519FC0226C721.e.3361/click - {}
RESULT: {}
COMMAND: POST /session/c8be2085c0e5dd8418678e9c76522247/execute/async - {"script":"<script> [1562 bytes]","args":[{"selector":{"id":"application-manageresources-display-component---newResourceUnit--PLANNED_DELIVERY_DATE","interaction":{"idSuffix":"inner"}},"wdio_ui5_key":"applicationmanageresources-display-component---newResourceUnit--PLANNED_DELIVERY_DATE"}]}
COMMAND: GET /session/c8be2085c0e5dd8418678e9c76522247/screenshot - {}
RESULT: {"script":"<script> [1562 bytes]","args":[{"selector":{"id":"application-manageresources-display-component---newResourceUnit--PLANNED_DELIVERY_DATE","interaction":{"idSuffix":"inner"}},"wdio_ui5_key":"applicationmanageresources-display-component---newResourceUnit--PLANNED_DELIVERY_DATE"}]}
RESULT: undefined
COMMAND: POST /session/c8be2085c0e5dd8418678e9c76522247/execute/async - {"script":"<script> [6424 bytes]","args":[{"element-6066-11e4-a52e-4f735466cecf":"f.59A644A74ED233CCADDF2157A5466830.d.AC5020A7B27ECED9407519FC0226C721.e.3193"},"setValue",["6/2/25"]]}
RESULT: {}
RESULT: {"script":"<script> [6424 bytes]","args":[{"element-6066-11e4-a52e-4f735466cecf":"f.59A644A74ED233CCADDF2157A5466830.d.AC5020A7B27ECED9407519FC0226C721.e.3193"},"setValue",["6/2/25"]]}
COMMAND: POST /session/c8be2085c0e5dd8418678e9c76522247/element - {"using":"xpath","value":"//label[contains(@class, 'sapMLabelRequired') and .//bdi[contains(text(), 'Planned Retirement')]]"}
RESULT: {"using":"xpath","value":"//label[contains(@class, 'sapMLabelRequired') and .//bdi[contains(text(), 'Planned Retirement')]]"}
COMMAND: POST /session/c8be2085c0e5dd8418678e9c76522247/elements - {"using":"xpath","value":"//label[contains(@class, 'sapMLabelRequired') and .//bdi[contains(text(), 'Planned Retirement')]]"}
RESULT: {"using":"xpath","value":"//label[contains(@class, 'sapMLabelRequired') and .//bdi[contains(text(), 'Planned Retirement')]]"}
COMMAND: POST /session/c8be2085c0e5dd8418678e9c76522247/element - {"using":"xpath","value":"//button[@data-kt=\"resourceUnitSaveButton\"]"}
RESULT: {"using":"xpath","value":"//button[@data-kt=\"resourceUnitSaveButton\"]"}
COMMAND: POST /session/c8be2085c0e5dd8418678e9c76522247/element/f.59A644A74ED233CCADDF2157A5466830.d.AC5020A7B27ECED9407519FC0226C721.e.3153/click - {}
RESULT: {}
COMMAND: GET /session/c8be2085c0e5dd8418678e9c76522247/screenshot - {}
RESULT: {}
COMMAND: POST /session/c8be2085c0e5dd8418678e9c76522247/element - {"using":"xpath","value":"//bdi[contains(text(), \"Close\")]"}
RESULT: {"using":"xpath","value":"//bdi[contains(text(), \"Close\")]"}
COMMAND: POST /session/c8be2085c0e5dd8418678e9c76522247/element/f.59A644A74ED233CCADDF2157A5466830.d.AC5020A7B27ECED9407519FC0226C721.e.3369/click - {}
RESULT: {}
COMMAND: GET /session/c8be2085c0e5dd8418678e9c76522247/screenshot - {}
RESULT: {}
COMMAND: POST /session/c8be2085c0e5dd8418678e9c76522247/element - {"using":"xpath","value":"(//button[contains(@id ,\"actionsToolbar-overflowButton\")])[1]"}
RESULT: {"using":"xpath","value":"(//button[contains(@id ,\"actionsToolbar-overflowButton\")])[1]"}
COMMAND: POST /session/c8be2085c0e5dd8418678e9c76522247/element/f.59A644A74ED233CCADDF2157A5466830.d.AC5020A7B27ECED9407519FC0226C721.e.3405/click - {}
RESULT: {}
COMMAND: GET /session/c8be2085c0e5dd8418678e9c76522247/screenshot - {}
RESULT: {}
COMMAND: POST /session/c8be2085c0e5dd8418678e9c76522247/element - {"using":"xpath","value":"//button[@data-kt=\"priceInfoButton\"]"}
RESULT: {"using":"xpath","value":"//button[@data-kt=\"priceInfoButton\"]"}
COMMAND: POST /session/c8be2085c0e5dd8418678e9c76522247/element/f.59A644A74ED233CCADDF2157A5466830.d.AC5020A7B27ECED9407519FC0226C721.e.3407/click - {}
RESULT: {}
COMMAND: GET /session/c8be2085c0e5dd8418678e9c76522247/screenshot - {}
RESULT: {}
]]></system-out>
    </testcase>
    <testcase classname="chrome.136_0_7103_93.windows.Billing_confirm_US117289" name="Should create new pricing rule" time="56.531">
      <system-out><![CDATA[
COMMAND: POST /session/c8be2085c0e5dd8418678e9c76522247/element - {"using":"xpath","value":"//button[@data-kt=\"addButton\"]"}
RESULT: {"using":"xpath","value":"//button[@data-kt=\"addButton\"]"}
COMMAND: POST /session/c8be2085c0e5dd8418678e9c76522247/elements - {"using":"xpath","value":"//button[@data-kt=\"addButton\"]"}
RESULT: {"using":"xpath","value":"//button[@data-kt=\"addButton\"]"}
COMMAND: POST /session/c8be2085c0e5dd8418678e9c76522247/elements - {"using":"xpath","value":"//button[@data-kt=\"addButton\"]"}
RESULT: {"using":"xpath","value":"//button[@data-kt=\"addButton\"]"}
COMMAND: POST /session/c8be2085c0e5dd8418678e9c76522247/element - {"using":"xpath","value":"//button[@data-kt=\"addButton\"]"}
RESULT: {"using":"xpath","value":"//button[@data-kt=\"addButton\"]"}
COMMAND: POST /session/c8be2085c0e5dd8418678e9c76522247/execute/sync - {"script":"<script> [8489 bytes]","args":[{"element-6066-11e4-a52e-4f735466cecf":"f.59A644A74ED233CCADDF2157A5466830.d.AC5020A7B27ECED9407519FC0226C721.e.3443","ELEMENT":"f.59A644A74ED233CCADDF2157A5466830.d.AC5020A7B27ECED9407519FC0226C721.e.3443"}]}
RESULT: {"script":"<script> [8489 bytes]","args":[{"element-6066-11e4-a52e-4f735466cecf":"f.59A644A74ED233CCADDF2157A5466830.d.AC5020A7B27ECED9407519FC0226C721.e.3443","ELEMENT":"f.59A644A74ED233CCADDF2157A5466830.d.AC5020A7B27ECED9407519FC0226C721.e.3443"}]}
COMMAND: GET /session/c8be2085c0e5dd8418678e9c76522247/element/f.59A644A74ED233CCADDF2157A5466830.d.AC5020A7B27ECED9407519FC0226C721.e.3443/enabled - {}
COMMAND: GET /session/c8be2085c0e5dd8418678e9c76522247/screenshot - {}
RESULT: {}
COMMAND: POST /session/c8be2085c0e5dd8418678e9c76522247/execute/sync - {"script":"<script> [8489 bytes]","args":[{"element-6066-11e4-a52e-4f735466cecf":"f.59A644A74ED233CCADDF2157A5466830.d.AC5020A7B27ECED9407519FC0226C721.e.3443","ELEMENT":"f.59A644A74ED233CCADDF2157A5466830.d.AC5020A7B27ECED9407519FC0226C721.e.3443"}]}
COMMAND: GET /session/c8be2085c0e5dd8418678e9c76522247/screenshot - {}
RESULT: {}
RESULT: {"script":"<script> [8489 bytes]","args":[{"element-6066-11e4-a52e-4f735466cecf":"f.59A644A74ED233CCADDF2157A5466830.d.AC5020A7B27ECED9407519FC0226C721.e.3443","ELEMENT":"f.59A644A74ED233CCADDF2157A5466830.d.AC5020A7B27ECED9407519FC0226C721.e.3443"}]}
COMMAND: POST /session/c8be2085c0e5dd8418678e9c76522247/execute/sync - {"script":"<script> [5351 bytes]","args":[{"element-6066-11e4-a52e-4f735466cecf":"f.59A644A74ED233CCADDF2157A5466830.d.AC5020A7B27ECED9407519FC0226C721.e.3443","ELEMENT":"f.59A644A74ED233CCADDF2157A5466830.d.AC5020A7B27ECED9407519FC0226C721.e.3443"}]}
COMMAND: GET /session/c8be2085c0e5dd8418678e9c76522247/screenshot - {}
RESULT: {}
RESULT: {"script":"<script> [5351 bytes]","args":[{"element-6066-11e4-a52e-4f735466cecf":"f.59A644A74ED233CCADDF2157A5466830.d.AC5020A7B27ECED9407519FC0226C721.e.3443","ELEMENT":"f.59A644A74ED233CCADDF2157A5466830.d.AC5020A7B27ECED9407519FC0226C721.e.3443"}]}
COMMAND: POST /session/c8be2085c0e5dd8418678e9c76522247/element/f.59A644A74ED233CCADDF2157A5466830.d.AC5020A7B27ECED9407519FC0226C721.e.3443/click - {}
COMMAND: GET /session/c8be2085c0e5dd8418678e9c76522247/screenshot - {}
RESULT: {}
RESULT: {}
COMMAND: GET /session/c8be2085c0e5dd8418678e9c76522247/screenshot - {}
RESULT: {}
RESULT: {}
COMMAND: POST /session/c8be2085c0e5dd8418678e9c76522247/execute/async - {"script":"<script> [1562 bytes]","args":[{"selector":{"controlType":"sap.m.Title","viewName":"etm.portal.ui.managepricingrules.view.NewItem","viewId":"application-managepricingrules-display-component---newInfoPriceItem","properties":{"text":"New Pricing Rules - Item Level"}},"wdio_ui5_key":"etmportal.ui.managepricingrules.view.NewItemsap.m.Title{\"text\":\"New Pricing Rules - Item Level\"}"}]}
RESULT: {"script":"<script> [1562 bytes]","args":[{"selector":{"controlType":"sap.m.Title","viewName":"etm.portal.ui.managepricingrules.view.NewItem","viewId":"application-managepricingrules-display-component---newInfoPriceItem","properties":{"text":"New Pricing Rules - Item Level"}},"wdio_ui5_key":"etmportal.ui.managepricingrules.view.NewItemsap.m.Title{\"text\":\"New Pricing Rules - Item Level\"}"}]}
RESULT: undefined
COMMAND: POST /session/c8be2085c0e5dd8418678e9c76522247/execute/async - {"script":"<script> [6424 bytes]","args":[{"element-6066-11e4-a52e-4f735466cecf":"f.59A644A74ED233CCADDF2157A5466830.d.AC5020A7B27ECED9407519FC0226C721.e.3615"},"getText",[]]}
RESULT: {"script":"<script> [6424 bytes]","args":[{"element-6066-11e4-a52e-4f735466cecf":"f.59A644A74ED233CCADDF2157A5466830.d.AC5020A7B27ECED9407519FC0226C721.e.3615"},"getText",[]]}
COMMAND: POST /session/c8be2085c0e5dd8418678e9c76522247/execute/async - {"script":"<script> [1562 bytes]","args":[{"selector":{"id":"application-managepricingrules-display-component---newInfoPriceItem--condValidTo","interaction":{"idSuffix":"inner"}},"wdio_ui5_key":"applicationmanagepricingrules-display-component---newInfoPriceItem--condValidTo"}]}
RESULT: {"script":"<script> [1562 bytes]","args":[{"selector":{"id":"application-managepricingrules-display-component---newInfoPriceItem--condValidTo","interaction":{"idSuffix":"inner"}},"wdio_ui5_key":"applicationmanagepricingrules-display-component---newInfoPriceItem--condValidTo"}]}
RESULT: undefined
COMMAND: POST /session/c8be2085c0e5dd8418678e9c76522247/execute/async - {"script":"<script> [776 bytes]","args":[{"enterText":"2/2/26","selector":{"id":"application-managepricingrules-display-component---newInfoPriceItem--condValidTo","interaction":{"idSuffix":"inner"}},"clearTextFirst":true,"interactionType":"ENTER_TEXT"}]}
RESULT: {"script":"<script> [776 bytes]","args":[{"enterText":"2/2/26","selector":{"id":"application-managepricingrules-display-component---newInfoPriceItem--condValidTo","interaction":{"idSuffix":"inner"}},"clearTextFirst":true,"interactionType":"ENTER_TEXT"}]}
COMMAND: POST /session/c8be2085c0e5dd8418678e9c76522247/execute/async - {"script":"<script> [1562 bytes]","args":[{"selector":{"id":"application-managepricingrules-display-component---newInfoPriceItem--billType-arrow"},"wdio_ui5_key":"applicationmanagepricingrules-display-component---newInfoPriceItem--billType-arrow"}]}
RESULT: {"script":"<script> [1562 bytes]","args":[{"selector":{"id":"application-managepricingrules-display-component---newInfoPriceItem--billType-arrow"},"wdio_ui5_key":"applicationmanagepricingrules-display-component---newInfoPriceItem--billType-arrow"}]}
RESULT: undefined
COMMAND: POST /session/c8be2085c0e5dd8418678e9c76522247/element - {"using":"xpath","value":"//*[@id=\"application-managepricingrules-display-component---newInfoPriceItem--billType-arrow\"]"}
RESULT: {"using":"xpath","value":"//*[@id=\"application-managepricingrules-display-component---newInfoPriceItem--billType-arrow\"]"}
COMMAND: POST /session/c8be2085c0e5dd8418678e9c76522247/element/f.59A644A74ED233CCADDF2157A5466830.d.AC5020A7B27ECED9407519FC0226C721.e.3574/click - {}
RESULT: {}
COMMAND: POST /session/c8be2085c0e5dd8418678e9c76522247/element - {"using":"xpath","value":"//span[contains(text(), \"TB - Time based\")]"}
COMMAND: GET /session/c8be2085c0e5dd8418678e9c76522247/screenshot - {}
RESULT: {"using":"xpath","value":"//span[contains(text(), \"TB - Time based\")]"}
COMMAND: POST /session/c8be2085c0e5dd8418678e9c76522247/element/f.59A644A74ED233CCADDF2157A5466830.d.AC5020A7B27ECED9407519FC0226C721.e.3617/click - {}
RESULT: {}
RESULT: {}
COMMAND: POST /session/c8be2085c0e5dd8418678e9c76522247/execute/async - {"script":"<script> [1562 bytes]","args":[{"selector":{"id":"application-managepricingrules-display-component---newInfoPriceItem--priceProc-arrow"},"wdio_ui5_key":"applicationmanagepricingrules-display-component---newInfoPriceItem--priceProc-arrow"}]}
COMMAND: GET /session/c8be2085c0e5dd8418678e9c76522247/screenshot - {}
RESULT: {"script":"<script> [1562 bytes]","args":[{"selector":{"id":"application-managepricingrules-display-component---newInfoPriceItem--priceProc-arrow"},"wdio_ui5_key":"applicationmanagepricingrules-display-component---newInfoPriceItem--priceProc-arrow"}]}
RESULT: undefined
COMMAND: POST /session/c8be2085c0e5dd8418678e9c76522247/element - {"using":"xpath","value":"//*[@id=\"application-managepricingrules-display-component---newInfoPriceItem--priceProc-arrow\"]"}
RESULT: {}
RESULT: {"using":"xpath","value":"//*[@id=\"application-managepricingrules-display-component---newInfoPriceItem--priceProc-arrow\"]"}
COMMAND: POST /session/c8be2085c0e5dd8418678e9c76522247/element/f.59A644A74ED233CCADDF2157A5466830.d.AC5020A7B27ECED9407519FC0226C721.e.3581/click - {}
RESULT: {}
COMMAND: POST /session/c8be2085c0e5dd8418678e9c76522247/element - {"using":"xpath","value":"//span[contains(text(), \"TBS - Time based standard\")]"}
COMMAND: GET /session/c8be2085c0e5dd8418678e9c76522247/screenshot - {}
RESULT: {"using":"xpath","value":"//span[contains(text(), \"TBS - Time based standard\")]"}
COMMAND: POST /session/c8be2085c0e5dd8418678e9c76522247/element/f.59A644A74ED233CCADDF2157A5466830.d.AC5020A7B27ECED9407519FC0226C721.e.3618/click - {}
RESULT: {}
RESULT: {}
COMMAND: POST /session/c8be2085c0e5dd8418678e9c76522247/execute/async - {"script":"<script> [1562 bytes]","args":[{"selector":{"id":"application-managepricingrules-display-component---newInfoPriceItem--calcBase-arrow"},"wdio_ui5_key":"applicationmanagepricingrules-display-component---newInfoPriceItem--calcBase-arrow"}]}
COMMAND: GET /session/c8be2085c0e5dd8418678e9c76522247/screenshot - {}
RESULT: {"script":"<script> [1562 bytes]","args":[{"selector":{"id":"application-managepricingrules-display-component---newInfoPriceItem--calcBase-arrow"},"wdio_ui5_key":"applicationmanagepricingrules-display-component---newInfoPriceItem--calcBase-arrow"}]}
RESULT: undefined
COMMAND: POST /session/c8be2085c0e5dd8418678e9c76522247/element - {"using":"xpath","value":"//*[@id=\"application-managepricingrules-display-component---newInfoPriceItem--calcBase-arrow\"]"}
RESULT: {}
RESULT: {"using":"xpath","value":"//*[@id=\"application-managepricingrules-display-component---newInfoPriceItem--calcBase-arrow\"]"}
COMMAND: POST /session/c8be2085c0e5dd8418678e9c76522247/element/f.59A644A74ED233CCADDF2157A5466830.d.AC5020A7B27ECED9407519FC0226C721.e.3588/click - {}
RESULT: {}
COMMAND: GET /session/c8be2085c0e5dd8418678e9c76522247/screenshot - {}
RESULT: {}
COMMAND: POST /session/c8be2085c0e5dd8418678e9c76522247/element - {"using":"xpath","value":"//span[contains(text(), \"0006 - TB(calendar days)\")]"}
RESULT: {"using":"xpath","value":"//span[contains(text(), \"0006 - TB(calendar days)\")]"}
COMMAND: POST /session/c8be2085c0e5dd8418678e9c76522247/element/f.59A644A74ED233CCADDF2157A5466830.d.AC5020A7B27ECED9407519FC0226C721.e.3619/click - {}
RESULT: {}
COMMAND: GET /session/c8be2085c0e5dd8418678e9c76522247/screenshot - {}
RESULT: {}
COMMAND: POST /session/c8be2085c0e5dd8418678e9c76522247/execute/async - {"script":"<script> [1562 bytes]","args":[{"selector":{"id":"application-managepricingrules-display-component---newInfoPriceItem--daysMonth","interaction":{"idSuffix":"inner"}},"wdio_ui5_key":"applicationmanagepricingrules-display-component---newInfoPriceItem--daysMonth"}]}
RESULT: {"script":"<script> [1562 bytes]","args":[{"selector":{"id":"application-managepricingrules-display-component---newInfoPriceItem--daysMonth","interaction":{"idSuffix":"inner"}},"wdio_ui5_key":"applicationmanagepricingrules-display-component---newInfoPriceItem--daysMonth"}]}
RESULT: undefined
COMMAND: POST /session/c8be2085c0e5dd8418678e9c76522247/execute/async - {"script":"<script> [776 bytes]","args":[{"enterText":"30","selector":{"id":"application-managepricingrules-display-component---newInfoPriceItem--daysMonth","interaction":{"idSuffix":"inner"}},"clearTextFirst":true,"interactionType":"ENTER_TEXT"}]}
RESULT: {"script":"<script> [776 bytes]","args":[{"enterText":"30","selector":{"id":"application-managepricingrules-display-component---newInfoPriceItem--daysMonth","interaction":{"idSuffix":"inner"}},"clearTextFirst":true,"interactionType":"ENTER_TEXT"}]}
COMMAND: POST /session/c8be2085c0e5dd8418678e9c76522247/element - {"using":"xpath","value":"//button[@data-kt=\"saveNewRuleButton\"]"}
RESULT: {"using":"xpath","value":"//button[@data-kt=\"saveNewRuleButton\"]"}
COMMAND: POST /session/c8be2085c0e5dd8418678e9c76522247/element/f.59A644A74ED233CCADDF2157A5466830.d.AC5020A7B27ECED9407519FC0226C721.e.3608/click - {}
RESULT: {}
COMMAND: GET /session/c8be2085c0e5dd8418678e9c76522247/screenshot - {}
RESULT: {}
COMMAND: POST /session/c8be2085c0e5dd8418678e9c76522247/execute/async - {"script":"<script> [1562 bytes]","args":[{"selector":{"id":"application-managepricingrules-display-component---priceInfoItem--smartFilterBar-btnBasicSearch","interaction":{"idSuffix":"I"}},"wdio_ui5_key":"applicationmanagepricingrules-display-component---priceInfoItem--smartFilterBar-btnBasicSearch"}]}
RESULT: {"script":"<script> [1562 bytes]","args":[{"selector":{"id":"application-managepricingrules-display-component---priceInfoItem--smartFilterBar-btnBasicSearch","interaction":{"idSuffix":"I"}},"wdio_ui5_key":"applicationmanagepricingrules-display-component---priceInfoItem--smartFilterBar-btnBasicSearch"}]}
RESULT: undefined
COMMAND: POST /session/c8be2085c0e5dd8418678e9c76522247/execute/async - {"script":"<script> [776 bytes]","args":[{"enterText":"b1ABEvvsCf","selector":{"id":"application-managepricingrules-display-component---priceInfoItem--smartFilterBar-btnBasicSearch","interaction":{"idSuffix":"I"}},"clearTextFirst":true,"interactionType":"ENTER_TEXT"}]}
RESULT: {"script":"<script> [776 bytes]","args":[{"enterText":"b1ABEvvsCf","selector":{"id":"application-managepricingrules-display-component---priceInfoItem--smartFilterBar-btnBasicSearch","interaction":{"idSuffix":"I"}},"clearTextFirst":true,"interactionType":"ENTER_TEXT"}]}
COMMAND: POST /session/c8be2085c0e5dd8418678e9c76522247/actions - {"actions":[{"id":"action12","type":"key","parameters":{},"actions":[{"type":"keyDown","value":"î€‡"},{"type":"pause","duration":10},{"type":"keyUp","value":"î€‡"}]}]}
RESULT: {"actions":[{"id":"action12","type":"key","parameters":{},"actions":[{"type":"keyDown","value":"î€‡"},{"type":"pause","duration":10},{"type":"keyUp","value":"î€‡"}]}]}
COMMAND: GET /session/c8be2085c0e5dd8418678e9c76522247/screenshot - {}
RESULT: {}
COMMAND: POST /session/c8be2085c0e5dd8418678e9c76522247/element - {"using":"xpath","value":"//span[@id=\"application-managepricingrules-display-component---priceInfoItem--smartTable-header-inner\"]"}
RESULT: {"using":"xpath","value":"//span[@id=\"application-managepricingrules-display-component---priceInfoItem--smartTable-header-inner\"]"}
COMMAND: POST /session/c8be2085c0e5dd8418678e9c76522247/elements - {"using":"xpath","value":"//span[@id=\"application-managepricingrules-display-component---priceInfoItem--smartTable-header-inner\"]"}
RESULT: {"using":"xpath","value":"//span[@id=\"application-managepricingrules-display-component---priceInfoItem--smartTable-header-inner\"]"}
COMMAND: POST /session/c8be2085c0e5dd8418678e9c76522247/execute/sync - {"script":"<script> [56 bytes]","args":[{"element-6066-11e4-a52e-4f735466cecf":"f.59A644A74ED233CCADDF2157A5466830.d.AC5020A7B27ECED9407519FC0226C721.e.3642","ELEMENT":"f.59A644A74ED233CCADDF2157A5466830.d.AC5020A7B27ECED9407519FC0226C721.e.3642"}]}
RESULT: {"script":"<script> [56 bytes]","args":[{"element-6066-11e4-a52e-4f735466cecf":"f.59A644A74ED233CCADDF2157A5466830.d.AC5020A7B27ECED9407519FC0226C721.e.3642","ELEMENT":"f.59A644A74ED233CCADDF2157A5466830.d.AC5020A7B27ECED9407519FC0226C721.e.3642"}]}
COMMAND: POST /session/c8be2085c0e5dd8418678e9c76522247/element - {"using":"css selector","value":"#shell-header-logo"}
COMMAND: GET /session/c8be2085c0e5dd8418678e9c76522247/screenshot - {}
RESULT: {"using":"css selector","value":"#shell-header-logo"}
COMMAND: POST /session/c8be2085c0e5dd8418678e9c76522247/element/f.59A644A74ED233CCADDF2157A5466830.d.AC5020A7B27ECED9407519FC0226C721.e.2740/click - {}
RESULT: {}
RESULT: {}
COMMAND: GET /session/c8be2085c0e5dd8418678e9c76522247/screenshot - {}
RESULT: {}
]]></system-out>
    </testcase>
    <testcase classname="chrome.136_0_7103_93.windows.Billing_confirm_US117289" name="Should create new condition for equipment" time="66.511">
      <system-out><![CDATA[
COMMAND: POST /session/c8be2085c0e5dd8418678e9c76522247/execute/async - {"script":"<script> [1562 bytes]","args":[{"selector":{"controlType":"sap.m.GenericTile","properties":{"header":"Manage Conditions & Prices"}},"wdio_ui5_key":"sapm.GenericTile{\"header\":\"Manage Conditions & Prices\"}"}]}
RESULT: {"script":"<script> [1562 bytes]","args":[{"selector":{"controlType":"sap.m.GenericTile","properties":{"header":"Manage Conditions & Prices"}},"wdio_ui5_key":"sapm.GenericTile{\"header\":\"Manage Conditions & Prices\"}"}]}
RESULT: undefined
COMMAND: POST /session/c8be2085c0e5dd8418678e9c76522247/element - {"using":"xpath","value":"//*[@id=\"__tile53\"]"}
RESULT: {"using":"xpath","value":"//*[@id=\"__tile53\"]"}
COMMAND: POST /session/c8be2085c0e5dd8418678e9c76522247/element/f.59A644A74ED233CCADDF2157A5466830.d.AC5020A7B27ECED9407519FC0226C721.e.205/click - {}
RESULT: {}
COMMAND: GET /session/c8be2085c0e5dd8418678e9c76522247/screenshot - {}
RESULT: {}
COMMAND: POST /session/c8be2085c0e5dd8418678e9c76522247/elements - {"using":"xpath","value":"//span[text()='Error']"}
RESULT: {"using":"xpath","value":"//span[text()='Error']"}
COMMAND: POST /session/c8be2085c0e5dd8418678e9c76522247/element - {"using":"xpath","value":"//button[@aria-label=\"Create\"]"}
RESULT: {"using":"xpath","value":"//button[@aria-label=\"Create\"]"}
COMMAND: POST /session/c8be2085c0e5dd8418678e9c76522247/elements - {"using":"xpath","value":"//button[@aria-label=\"Create\"]"}
RESULT: {"using":"xpath","value":"//button[@aria-label=\"Create\"]"}
COMMAND: POST /session/c8be2085c0e5dd8418678e9c76522247/execute/sync - {"script":"<script> [8489 bytes]","args":[{"element-6066-11e4-a52e-4f735466cecf":"f.59A644A74ED233CCADDF2157A5466830.d.AC5020A7B27ECED9407519FC0226C721.e.3678","ELEMENT":"f.59A644A74ED233CCADDF2157A5466830.d.AC5020A7B27ECED9407519FC0226C721.e.3678"}]}
RESULT: {"script":"<script> [8489 bytes]","args":[{"element-6066-11e4-a52e-4f735466cecf":"f.59A644A74ED233CCADDF2157A5466830.d.AC5020A7B27ECED9407519FC0226C721.e.3678","ELEMENT":"f.59A644A74ED233CCADDF2157A5466830.d.AC5020A7B27ECED9407519FC0226C721.e.3678"}]}
COMMAND: GET /session/c8be2085c0e5dd8418678e9c76522247/element/f.59A644A74ED233CCADDF2157A5466830.d.AC5020A7B27ECED9407519FC0226C721.e.3678/enabled - {}
COMMAND: GET /session/c8be2085c0e5dd8418678e9c76522247/screenshot - {}
RESULT: {}
COMMAND: POST /session/c8be2085c0e5dd8418678e9c76522247/execute/sync - {"script":"<script> [8489 bytes]","args":[{"element-6066-11e4-a52e-4f735466cecf":"f.59A644A74ED233CCADDF2157A5466830.d.AC5020A7B27ECED9407519FC0226C721.e.3678","ELEMENT":"f.59A644A74ED233CCADDF2157A5466830.d.AC5020A7B27ECED9407519FC0226C721.e.3678"}]}
COMMAND: GET /session/c8be2085c0e5dd8418678e9c76522247/screenshot - {}
RESULT: {}
RESULT: {"script":"<script> [8489 bytes]","args":[{"element-6066-11e4-a52e-4f735466cecf":"f.59A644A74ED233CCADDF2157A5466830.d.AC5020A7B27ECED9407519FC0226C721.e.3678","ELEMENT":"f.59A644A74ED233CCADDF2157A5466830.d.AC5020A7B27ECED9407519FC0226C721.e.3678"}]}
COMMAND: POST /session/c8be2085c0e5dd8418678e9c76522247/execute/sync - {"script":"<script> [5351 bytes]","args":[{"element-6066-11e4-a52e-4f735466cecf":"f.59A644A74ED233CCADDF2157A5466830.d.AC5020A7B27ECED9407519FC0226C721.e.3678","ELEMENT":"f.59A644A74ED233CCADDF2157A5466830.d.AC5020A7B27ECED9407519FC0226C721.e.3678"}]}
COMMAND: GET /session/c8be2085c0e5dd8418678e9c76522247/screenshot - {}
RESULT: {}
RESULT: {"script":"<script> [5351 bytes]","args":[{"element-6066-11e4-a52e-4f735466cecf":"f.59A644A74ED233CCADDF2157A5466830.d.AC5020A7B27ECED9407519FC0226C721.e.3678","ELEMENT":"f.59A644A74ED233CCADDF2157A5466830.d.AC5020A7B27ECED9407519FC0226C721.e.3678"}]}
COMMAND: POST /session/c8be2085c0e5dd8418678e9c76522247/element/f.59A644A74ED233CCADDF2157A5466830.d.AC5020A7B27ECED9407519FC0226C721.e.3678/click - {}
COMMAND: GET /session/c8be2085c0e5dd8418678e9c76522247/screenshot - {}
RESULT: {}
RESULT: {}
COMMAND: GET /session/c8be2085c0e5dd8418678e9c76522247/screenshot - {}
RESULT: {}
RESULT: {}
COMMAND: POST /session/c8be2085c0e5dd8418678e9c76522247/actions - {"actions":[{"id":"action13","type":"key","parameters":{},"actions":[{"type":"keyDown","value":"î€‡"},{"type":"pause","duration":10},{"type":"keyUp","value":"î€‡"}]}]}
RESULT: {"actions":[{"id":"action13","type":"key","parameters":{},"actions":[{"type":"keyDown","value":"î€‡"},{"type":"pause","duration":10},{"type":"keyUp","value":"î€‡"}]}]}
COMMAND: GET /session/c8be2085c0e5dd8418678e9c76522247/screenshot - {}
RESULT: {}
COMMAND: POST /session/c8be2085c0e5dd8418678e9c76522247/execute/async - {"script":"<script> [1562 bytes]","args":[{"selector":{"id":"application-manageconditionprice-display-component---newCondition--condBillCond-arrow"},"wdio_ui5_key":"applicationmanageconditionprice-display-component---newCondition--condBillCond-arrow"}]}
RESULT: {"script":"<script> [1562 bytes]","args":[{"selector":{"id":"application-manageconditionprice-display-component---newCondition--condBillCond-arrow"},"wdio_ui5_key":"applicationmanageconditionprice-display-component---newCondition--condBillCond-arrow"}]}
RESULT: undefined
COMMAND: POST /session/c8be2085c0e5dd8418678e9c76522247/element - {"using":"xpath","value":"//*[@id=\"application-manageconditionprice-display-component---newCondition--condBillCond-arrow\"]"}
RESULT: {"using":"xpath","value":"//*[@id=\"application-manageconditionprice-display-component---newCondition--condBillCond-arrow\"]"}
COMMAND: POST /session/c8be2085c0e5dd8418678e9c76522247/element/f.59A644A74ED233CCADDF2157A5466830.d.AC5020A7B27ECED9407519FC0226C721.e.3858/click - {}
RESULT: {}
COMMAND: GET /session/c8be2085c0e5dd8418678e9c76522247/screenshot - {}
RESULT: {}
COMMAND: POST /session/c8be2085c0e5dd8418678e9c76522247/element - {"using":"xpath","value":"//li[.//span[contains(text(), \"DISP - D&I special price\")]]"}
RESULT: {"using":"xpath","value":"//li[.//span[contains(text(), \"DISP - D&I special price\")]]"}
COMMAND: POST /session/c8be2085c0e5dd8418678e9c76522247/element/f.59A644A74ED233CCADDF2157A5466830.d.AC5020A7B27ECED9407519FC0226C721.e.3861/click - {}
RESULT: {}
COMMAND: GET /session/c8be2085c0e5dd8418678e9c76522247/screenshot - {}
RESULT: {}
COMMAND: POST /session/c8be2085c0e5dd8418678e9c76522247/execute/async - {"script":"<script> [1562 bytes]","args":[{"selector":{"id":"application-manageconditionprice-display-component---newCondition--condValidTo","interaction":{"idSuffix":"inner"}},"wdio_ui5_key":"applicationmanageconditionprice-display-component---newCondition--condValidTo"}]}
RESULT: {"script":"<script> [1562 bytes]","args":[{"selector":{"id":"application-manageconditionprice-display-component---newCondition--condValidTo","interaction":{"idSuffix":"inner"}},"wdio_ui5_key":"applicationmanageconditionprice-display-component---newCondition--condValidTo"}]}
RESULT: undefined
COMMAND: POST /session/c8be2085c0e5dd8418678e9c76522247/execute/async - {"script":"<script> [776 bytes]","args":[{"enterText":"2/2/26","selector":{"id":"application-manageconditionprice-display-component---newCondition--condValidTo","interaction":{"idSuffix":"inner"}},"clearTextFirst":true,"interactionType":"ENTER_TEXT"}]}
RESULT: {"script":"<script> [776 bytes]","args":[{"enterText":"2/2/26","selector":{"id":"application-manageconditionprice-display-component---newCondition--condValidTo","interaction":{"idSuffix":"inner"}},"clearTextFirst":true,"interactionType":"ENTER_TEXT"}]}
COMMAND: POST /session/c8be2085c0e5dd8418678e9c76522247/element - {"using":"xpath","value":"//input[@id=\"application-manageconditionprice-display-component---newCondition--condRU-inner\"]"}
RESULT: {"using":"xpath","value":"//input[@id=\"application-manageconditionprice-display-component---newCondition--condRU-inner\"]"}
COMMAND: POST /session/c8be2085c0e5dd8418678e9c76522247/element/f.59A644A74ED233CCADDF2157A5466830.d.AC5020A7B27ECED9407519FC0226C721.e.3694/clear - {}
RESULT: {}
COMMAND: POST /session/c8be2085c0e5dd8418678e9c76522247/element/f.59A644A74ED233CCADDF2157A5466830.d.AC5020A7B27ECED9407519FC0226C721.e.3694/value - {"text":"b1ABEvvsCf"}
COMMAND: GET /session/c8be2085c0e5dd8418678e9c76522247/screenshot - {}
RESULT: {"text":"b1ABEvvsCf"}
COMMAND: GET /session/c8be2085c0e5dd8418678e9c76522247/screenshot - {}
RESULT: {}
RESULT: {}
COMMAND: POST /session/c8be2085c0e5dd8418678e9c76522247/actions - {"actions":[{"id":"action14","type":"key","parameters":{},"actions":[{"type":"keyDown","value":"î€‡"},{"type":"pause","duration":10},{"type":"keyUp","value":"î€‡"}]}]}
RESULT: {"actions":[{"id":"action14","type":"key","parameters":{},"actions":[{"type":"keyDown","value":"î€‡"},{"type":"pause","duration":10},{"type":"keyUp","value":"î€‡"}]}]}
COMMAND: POST /session/c8be2085c0e5dd8418678e9c76522247/execute/async - {"script":"<script> [1562 bytes]","args":[{"selector":{"id":"application-manageconditionprice-display-component---newCondition--condBaseQty","interaction":{"idSuffix":"inner"}},"wdio_ui5_key":"applicationmanageconditionprice-display-component---newCondition--condBaseQty"}]}
COMMAND: GET /session/c8be2085c0e5dd8418678e9c76522247/screenshot - {}
RESULT: {"script":"<script> [1562 bytes]","args":[{"selector":{"id":"application-manageconditionprice-display-component---newCondition--condBaseQty","interaction":{"idSuffix":"inner"}},"wdio_ui5_key":"applicationmanageconditionprice-display-component---newCondition--condBaseQty"}]}
RESULT: undefined
COMMAND: POST /session/c8be2085c0e5dd8418678e9c76522247/execute/async - {"script":"<script> [776 bytes]","args":[{"enterText":"1","selector":{"id":"application-manageconditionprice-display-component---newCondition--condBaseQty","interaction":{"idSuffix":"inner"}},"clearTextFirst":true,"interactionType":"ENTER_TEXT"}]}
RESULT: {}
RESULT: {"script":"<script> [776 bytes]","args":[{"enterText":"1","selector":{"id":"application-manageconditionprice-display-component---newCondition--condBaseQty","interaction":{"idSuffix":"inner"}},"clearTextFirst":true,"interactionType":"ENTER_TEXT"}]}
COMMAND: POST /session/c8be2085c0e5dd8418678e9c76522247/execute/async - {"script":"<script> [1562 bytes]","args":[{"selector":{"id":"application-manageconditionprice-display-component---newCondition--condValue","interaction":{"idSuffix":"inner"}},"wdio_ui5_key":"applicationmanageconditionprice-display-component---newCondition--condValue"}]}
RESULT: {"script":"<script> [1562 bytes]","args":[{"selector":{"id":"application-manageconditionprice-display-component---newCondition--condValue","interaction":{"idSuffix":"inner"}},"wdio_ui5_key":"applicationmanageconditionprice-display-component---newCondition--condValue"}]}
RESULT: undefined
COMMAND: POST /session/c8be2085c0e5dd8418678e9c76522247/execute/async - {"script":"<script> [776 bytes]","args":[{"enterText":"100","selector":{"id":"application-manageconditionprice-display-component---newCondition--condValue","interaction":{"idSuffix":"inner"}},"clearTextFirst":true,"interactionType":"ENTER_TEXT"}]}
RESULT: {"script":"<script> [776 bytes]","args":[{"enterText":"100","selector":{"id":"application-manageconditionprice-display-component---newCondition--condValue","interaction":{"idSuffix":"inner"}},"clearTextFirst":true,"interactionType":"ENTER_TEXT"}]}
COMMAND: POST /session/c8be2085c0e5dd8418678e9c76522247/execute/async - {"script":"<script> [1562 bytes]","args":[{"selector":{"id":"application-manageconditionprice-display-component---newCondition--condCurr-arrow"},"wdio_ui5_key":"applicationmanageconditionprice-display-component---newCondition--condCurr-arrow"}]}
RESULT: {"script":"<script> [1562 bytes]","args":[{"selector":{"id":"application-manageconditionprice-display-component---newCondition--condCurr-arrow"},"wdio_ui5_key":"applicationmanageconditionprice-display-component---newCondition--condCurr-arrow"}]}
RESULT: undefined
COMMAND: POST /session/c8be2085c0e5dd8418678e9c76522247/element - {"using":"xpath","value":"//*[@id=\"application-manageconditionprice-display-component---newCondition--condCurr-arrow\"]"}
RESULT: {"using":"xpath","value":"//*[@id=\"application-manageconditionprice-display-component---newCondition--condCurr-arrow\"]"}
COMMAND: POST /session/c8be2085c0e5dd8418678e9c76522247/element/f.59A644A74ED233CCADDF2157A5466830.d.AC5020A7B27ECED9407519FC0226C721.e.3814/click - {}
RESULT: {}
COMMAND: POST /session/c8be2085c0e5dd8418678e9c76522247/element - {"using":"xpath","value":"//span[contains(text(), \"Euro\")]"}
COMMAND: GET /session/c8be2085c0e5dd8418678e9c76522247/screenshot - {}
RESULT: {"using":"xpath","value":"//span[contains(text(), \"Euro\")]"}
COMMAND: POST /session/c8be2085c0e5dd8418678e9c76522247/element/f.59A644A74ED233CCADDF2157A5466830.d.AC5020A7B27ECED9407519FC0226C721.e.3898/click - {}
RESULT: {}
RESULT: {}
COMMAND: POST /session/c8be2085c0e5dd8418678e9c76522247/element - {"using":"xpath","value":"//button[@data-kt=\"saveButton\"]"}
COMMAND: GET /session/c8be2085c0e5dd8418678e9c76522247/screenshot - {}
RESULT: {"using":"xpath","value":"//button[@data-kt=\"saveButton\"]"}
COMMAND: POST /session/c8be2085c0e5dd8418678e9c76522247/element/f.59A644A74ED233CCADDF2157A5466830.d.AC5020A7B27ECED9407519FC0226C721.e.3815/click - {}
RESULT: {}
RESULT: {}
COMMAND: GET /session/c8be2085c0e5dd8418678e9c76522247/screenshot - {}
RESULT: {}
COMMAND: POST /session/c8be2085c0e5dd8418678e9c76522247/execute/async - {"script":"<script> [1562 bytes]","args":[{"selector":{"id":"application-manageconditionprice-display-component---conditions--smartFilterBar-btnBasicSearch","interaction":{"idSuffix":"I"}},"wdio_ui5_key":"applicationmanageconditionprice-display-component---conditions--smartFilterBar-btnBasicSearch"}]}
RESULT: {"script":"<script> [1562 bytes]","args":[{"selector":{"id":"application-manageconditionprice-display-component---conditions--smartFilterBar-btnBasicSearch","interaction":{"idSuffix":"I"}},"wdio_ui5_key":"applicationmanageconditionprice-display-component---conditions--smartFilterBar-btnBasicSearch"}]}
RESULT: undefined
COMMAND: POST /session/c8be2085c0e5dd8418678e9c76522247/execute/async - {"script":"<script> [776 bytes]","args":[{"enterText":"b1ABEvvsCf","selector":{"id":"application-manageconditionprice-display-component---conditions--smartFilterBar-btnBasicSearch","interaction":{"idSuffix":"I"}},"clearTextFirst":true,"interactionType":"ENTER_TEXT"}]}
RESULT: {"script":"<script> [776 bytes]","args":[{"enterText":"b1ABEvvsCf","selector":{"id":"application-manageconditionprice-display-component---conditions--smartFilterBar-btnBasicSearch","interaction":{"idSuffix":"I"}},"clearTextFirst":true,"interactionType":"ENTER_TEXT"}]}
COMMAND: POST /session/c8be2085c0e5dd8418678e9c76522247/actions - {"actions":[{"id":"action15","type":"key","parameters":{},"actions":[{"type":"keyDown","value":"î€‡"},{"type":"pause","duration":10},{"type":"keyUp","value":"î€‡"}]}]}
RESULT: {"actions":[{"id":"action15","type":"key","parameters":{},"actions":[{"type":"keyDown","value":"î€‡"},{"type":"pause","duration":10},{"type":"keyUp","value":"î€‡"}]}]}
COMMAND: GET /session/c8be2085c0e5dd8418678e9c76522247/screenshot - {}
RESULT: {}
COMMAND: POST /session/c8be2085c0e5dd8418678e9c76522247/execute/async - {"script":"<script> [1562 bytes]","args":[{"selector":{"id":"application-manageconditionprice-display-component---conditions--smartFilterBar-filterItemControl_BASIC-BILL_TYPES-vhi"},"wdio_ui5_key":"applicationmanageconditionprice-display-component---conditions--smartFilterBar-filterItemControl_BASIC-BILL_TYPES-vhi"}]}
RESULT: {"script":"<script> [1562 bytes]","args":[{"selector":{"id":"application-manageconditionprice-display-component---conditions--smartFilterBar-filterItemControl_BASIC-BILL_TYPES-vhi"},"wdio_ui5_key":"applicationmanageconditionprice-display-component---conditions--smartFilterBar-filterItemControl_BASIC-BILL_TYPES-vhi"}]}
RESULT: undefined
COMMAND: POST /session/c8be2085c0e5dd8418678e9c76522247/element - {"using":"xpath","value":"//*[@id=\"application-manageconditionprice-display-component---conditions--smartFilterBar-filterItemControl_BASIC-BILL_TYPES-vhi\"]"}
RESULT: {"using":"xpath","value":"//*[@id=\"application-manageconditionprice-display-component---conditions--smartFilterBar-filterItemControl_BASIC-BILL_TYPES-vhi\"]"}
COMMAND: POST /session/c8be2085c0e5dd8418678e9c76522247/element/f.59A644A74ED233CCADDF2157A5466830.d.AC5020A7B27ECED9407519FC0226C721.e.4004/click - {}
RESULT: {}
COMMAND: POST /session/c8be2085c0e5dd8418678e9c76522247/execute/async - {"script":"<script> [1562 bytes]","args":[{"selector":{"id":"application-manageconditionprice-display-component---conditions--smartFilterBar-filterItemControl_BASIC-BILL_TYPES-valueHelpDialog-smartFilterBar-btnBasicSearch","searchOpenDialogs":true,"interaction":{"idSuffix":"I"}},"wdio_ui5_key":"applicationmanageconditionprice-display-component---conditions--smartFilterBar-filterItemControl_BASIC-BILL_TYPES-valueHelpDialog-smartFilterBar-btnBasicSearch"}]}
COMMAND: GET /session/c8be2085c0e5dd8418678e9c76522247/screenshot - {}
RESULT: {"script":"<script> [1562 bytes]","args":[{"selector":{"id":"application-manageconditionprice-display-component---conditions--smartFilterBar-filterItemControl_BASIC-BILL_TYPES-valueHelpDialog-smartFilterBar-btnBasicSearch","searchOpenDialogs":true,"interaction":{"idSuffix":"I"}},"wdio_ui5_key":"applicationmanageconditionprice-display-component---conditions--smartFilterBar-filterItemControl_BASIC-BILL_TYPES-valueHelpDialog-smartFilterBar-btnBasicSearch"}]}
RESULT: undefined
COMMAND: POST /session/c8be2085c0e5dd8418678e9c76522247/execute/async - {"script":"<script> [776 bytes]","args":[{"enterText":"TB","selector":{"id":"application-manageconditionprice-display-component---conditions--smartFilterBar-filterItemControl_BASIC-BILL_TYPES-valueHelpDialog-smartFilterBar-btnBasicSearch","searchOpenDialogs":true,"interaction":{"idSuffix":"I"}},"clearTextFirst":true,"interactionType":"ENTER_TEXT"}]}
RESULT: {}
RESULT: {"script":"<script> [776 bytes]","args":[{"enterText":"TB","selector":{"id":"application-manageconditionprice-display-component---conditions--smartFilterBar-filterItemControl_BASIC-BILL_TYPES-valueHelpDialog-smartFilterBar-btnBasicSearch","searchOpenDialogs":true,"interaction":{"idSuffix":"I"}},"clearTextFirst":true,"interactionType":"ENTER_TEXT"}]}
COMMAND: POST /session/c8be2085c0e5dd8418678e9c76522247/actions - {"actions":[{"id":"action16","type":"key","parameters":{},"actions":[{"type":"keyDown","value":"î€‡"},{"type":"pause","duration":10},{"type":"keyUp","value":"î€‡"}]}]}
RESULT: {"actions":[{"id":"action16","type":"key","parameters":{},"actions":[{"type":"keyDown","value":"î€‡"},{"type":"pause","duration":10},{"type":"keyUp","value":"î€‡"}]}]}
COMMAND: GET /session/c8be2085c0e5dd8418678e9c76522247/screenshot - {}
RESULT: {}
COMMAND: POST /session/c8be2085c0e5dd8418678e9c76522247/element - {"using":"xpath","value":"//div[contains(@id, 'application-manageconditionprice-display-component---conditions--smartFilterBar-filterItemControl_BASIC-BILL_TYPES-valueHelpDialog-table-rowsel0')]"}
RESULT: {"using":"xpath","value":"//div[contains(@id, 'application-manageconditionprice-display-component---conditions--smartFilterBar-filterItemControl_BASIC-BILL_TYPES-valueHelpDialog-table-rowsel0')]"}
COMMAND: POST /session/c8be2085c0e5dd8418678e9c76522247/element/f.59A644A74ED233CCADDF2157A5466830.d.AC5020A7B27ECED9407519FC0226C721.e.4012/click - {}
RESULT: {}
COMMAND: GET /session/c8be2085c0e5dd8418678e9c76522247/screenshot - {}
RESULT: {}
COMMAND: POST /session/c8be2085c0e5dd8418678e9c76522247/element - {"using":"xpath","value":"//bdi[contains(text(), \"OK\")]"}
RESULT: {"using":"xpath","value":"//bdi[contains(text(), \"OK\")]"}
COMMAND: POST /session/c8be2085c0e5dd8418678e9c76522247/element/f.59A644A74ED233CCADDF2157A5466830.d.AC5020A7B27ECED9407519FC0226C721.e.4014/click - {}
RESULT: {}
COMMAND: GET /session/c8be2085c0e5dd8418678e9c76522247/screenshot - {}
RESULT: {}
COMMAND: POST /session/c8be2085c0e5dd8418678e9c76522247/element - {"using":"xpath","value":"//span[@id=\"application-manageconditionprice-display-component---conditions--smartTable-header-inner\"]"}
RESULT: {"using":"xpath","value":"//span[@id=\"application-manageconditionprice-display-component---conditions--smartTable-header-inner\"]"}
COMMAND: POST /session/c8be2085c0e5dd8418678e9c76522247/elements - {"using":"xpath","value":"//span[@id=\"application-manageconditionprice-display-component---conditions--smartTable-header-inner\"]"}
RESULT: {"using":"xpath","value":"//span[@id=\"application-manageconditionprice-display-component---conditions--smartTable-header-inner\"]"}
COMMAND: POST /session/c8be2085c0e5dd8418678e9c76522247/execute/sync - {"script":"<script> [56 bytes]","args":[{"element-6066-11e4-a52e-4f735466cecf":"f.59A644A74ED233CCADDF2157A5466830.d.AC5020A7B27ECED9407519FC0226C721.e.4017","ELEMENT":"f.59A644A74ED233CCADDF2157A5466830.d.AC5020A7B27ECED9407519FC0226C721.e.4017"}]}
RESULT: {"script":"<script> [56 bytes]","args":[{"element-6066-11e4-a52e-4f735466cecf":"f.59A644A74ED233CCADDF2157A5466830.d.AC5020A7B27ECED9407519FC0226C721.e.4017","ELEMENT":"f.59A644A74ED233CCADDF2157A5466830.d.AC5020A7B27ECED9407519FC0226C721.e.4017"}]}
COMMAND: POST /session/c8be2085c0e5dd8418678e9c76522247/element - {"using":"css selector","value":"#shell-header-logo"}
COMMAND: GET /session/c8be2085c0e5dd8418678e9c76522247/screenshot - {}
RESULT: {"using":"css selector","value":"#shell-header-logo"}
COMMAND: POST /session/c8be2085c0e5dd8418678e9c76522247/element/f.59A644A74ED233CCADDF2157A5466830.d.AC5020A7B27ECED9407519FC0226C721.e.3646/click - {}
RESULT: {}
RESULT: {}
COMMAND: GET /session/c8be2085c0e5dd8418678e9c76522247/screenshot - {}
RESULT: {}
]]></system-out>
    </testcase>
  </testsuite>
  <testsuite timestamp="2025-06-02T17:26:38" time="1276.567" tests="14" failures="6" errors="6" skipped="0">
    <properties>
      <property name="specId" value="0" />
      <property name="suiteName" value="Create master data for mixed billing &amp; do billing calculation US151661" />
      <property name="capabilities" value="chrome.136_0_7103_93.windows" />
      <property name="file" value="file:///D:/a/1/s/test/specs/BTS/billing-calculation-mixed.spec.js" />
    </properties>
    <testcase classname="chrome.136_0_7103_93.windows.Create_master_data_for_mixed_billing_&amp;_do_billing_calculation_US151661" name="Should create a new yard" time="115.024">
      <system-out><![CDATA[
COMMAND: POST /session/c8be2085c0e5dd8418678e9c76522247/window/fullscreen - {}
RESULT: {}
COMMAND: POST /session/c8be2085c0e5dd8418678e9c76522247/execute/async - {"script":"<script> [1562 bytes]","args":[{"selector":{"controlType":"sap.m.GenericTile","properties":{"header":"Manage Yards"}},"wdio_ui5_key":"sapm.GenericTile{\"header\":\"Manage Yards\"}"}]}
RESULT: {"script":"<script> [1562 bytes]","args":[{"selector":{"controlType":"sap.m.GenericTile","properties":{"header":"Manage Yards"}},"wdio_ui5_key":"sapm.GenericTile{\"header\":\"Manage Yards\"}"}]}
RESULT: undefined
COMMAND: POST /session/c8be2085c0e5dd8418678e9c76522247/element - {"using":"xpath","value":"//*[@id=\"__tile41\"]"}
RESULT: {"using":"xpath","value":"//*[@id=\"__tile41\"]"}
COMMAND: POST /session/c8be2085c0e5dd8418678e9c76522247/element/f.59A644A74ED233CCADDF2157A5466830.d.921BC06AFF9A0FF8998541A28736B03A.e.4606/click - {}
RESULT: {}
COMMAND: GET /session/c8be2085c0e5dd8418678e9c76522247/screenshot - {}
RESULT: {}
COMMAND: POST /session/c8be2085c0e5dd8418678e9c76522247/elements - {"using":"xpath","value":"//span[text()='Error']"}
RESULT: {"using":"xpath","value":"//span[text()='Error']"}
COMMAND: POST /session/c8be2085c0e5dd8418678e9c76522247/element - {"using":"xpath","value":"//button[@data-kt=\"addNewYardOverflowToolbarButton\"]"}
RESULT: {"using":"xpath","value":"//button[@data-kt=\"addNewYardOverflowToolbarButton\"]"}
COMMAND: POST /session/c8be2085c0e5dd8418678e9c76522247/elements - {"using":"xpath","value":"//button[@data-kt=\"addNewYardOverflowToolbarButton\"]"}
RESULT: {"using":"xpath","value":"//button[@data-kt=\"addNewYardOverflowToolbarButton\"]"}
COMMAND: POST /session/c8be2085c0e5dd8418678e9c76522247/execute/sync - {"script":"<script> [8489 bytes]","args":[{"element-6066-11e4-a52e-4f735466cecf":"f.59A644A74ED233CCADDF2157A5466830.d.921BC06AFF9A0FF8998541A28736B03A.e.4743","ELEMENT":"f.59A644A74ED233CCADDF2157A5466830.d.921BC06AFF9A0FF8998541A28736B03A.e.4743"}]}
RESULT: {"script":"<script> [8489 bytes]","args":[{"element-6066-11e4-a52e-4f735466cecf":"f.59A644A74ED233CCADDF2157A5466830.d.921BC06AFF9A0FF8998541A28736B03A.e.4743","ELEMENT":"f.59A644A74ED233CCADDF2157A5466830.d.921BC06AFF9A0FF8998541A28736B03A.e.4743"}]}
COMMAND: GET /session/c8be2085c0e5dd8418678e9c76522247/element/f.59A644A74ED233CCADDF2157A5466830.d.921BC06AFF9A0FF8998541A28736B03A.e.4743/enabled - {}
COMMAND: GET /session/c8be2085c0e5dd8418678e9c76522247/screenshot - {}
RESULT: {}
COMMAND: POST /session/c8be2085c0e5dd8418678e9c76522247/execute/sync - {"script":"<script> [8489 bytes]","args":[{"element-6066-11e4-a52e-4f735466cecf":"f.59A644A74ED233CCADDF2157A5466830.d.921BC06AFF9A0FF8998541A28736B03A.e.4743","ELEMENT":"f.59A644A74ED233CCADDF2157A5466830.d.921BC06AFF9A0FF8998541A28736B03A.e.4743"}]}
COMMAND: GET /session/c8be2085c0e5dd8418678e9c76522247/screenshot - {}
RESULT: {}
RESULT: {"script":"<script> [8489 bytes]","args":[{"element-6066-11e4-a52e-4f735466cecf":"f.59A644A74ED233CCADDF2157A5466830.d.921BC06AFF9A0FF8998541A28736B03A.e.4743","ELEMENT":"f.59A644A74ED233CCADDF2157A5466830.d.921BC06AFF9A0FF8998541A28736B03A.e.4743"}]}
COMMAND: POST /session/c8be2085c0e5dd8418678e9c76522247/execute/sync - {"script":"<script> [5351 bytes]","args":[{"element-6066-11e4-a52e-4f735466cecf":"f.59A644A74ED233CCADDF2157A5466830.d.921BC06AFF9A0FF8998541A28736B03A.e.4743","ELEMENT":"f.59A644A74ED233CCADDF2157A5466830.d.921BC06AFF9A0FF8998541A28736B03A.e.4743"}]}
COMMAND: GET /session/c8be2085c0e5dd8418678e9c76522247/screenshot - {}
RESULT: {}
RESULT: {"script":"<script> [5351 bytes]","args":[{"element-6066-11e4-a52e-4f735466cecf":"f.59A644A74ED233CCADDF2157A5466830.d.921BC06AFF9A0FF8998541A28736B03A.e.4743","ELEMENT":"f.59A644A74ED233CCADDF2157A5466830.d.921BC06AFF9A0FF8998541A28736B03A.e.4743"}]}
COMMAND: POST /session/c8be2085c0e5dd8418678e9c76522247/element/f.59A644A74ED233CCADDF2157A5466830.d.921BC06AFF9A0FF8998541A28736B03A.e.4743/click - {}
COMMAND: GET /session/c8be2085c0e5dd8418678e9c76522247/screenshot - {}
RESULT: {}
RESULT: {}
COMMAND: GET /session/c8be2085c0e5dd8418678e9c76522247/screenshot - {}
RESULT: {}
RESULT: {}
COMMAND: POST /session/c8be2085c0e5dd8418678e9c76522247/element - {"using":"xpath","value":"//input[@id=\"application-manageyards-display-component---NewYard--yardId-inner\"]"}
RESULT: {"using":"xpath","value":"//input[@id=\"application-manageyards-display-component---NewYard--yardId-inner\"]"}
COMMAND: POST /session/c8be2085c0e5dd8418678e9c76522247/element - {"using":"xpath","value":"//input[@id=\"application-manageyards-display-component---NewYard--yardId-inner\"]"}
RESULT: {"using":"xpath","value":"//input[@id=\"application-manageyards-display-component---NewYard--yardId-inner\"]"}
COMMAND: POST /session/c8be2085c0e5dd8418678e9c76522247/execute/async - {"script":"<script> [1562 bytes]","args":[{"selector":{"id":"application-manageyards-display-component---NewYard--addressDetailDetailsName1","interaction":{"idSuffix":"inner"}},"wdio_ui5_key":"applicationmanageyards-display-component---NewYard--addressDetailDetailsName1"}]}
RESULT: {"script":"<script> [1562 bytes]","args":[{"selector":{"id":"application-manageyards-display-component---NewYard--addressDetailDetailsName1","interaction":{"idSuffix":"inner"}},"wdio_ui5_key":"applicationmanageyards-display-component---NewYard--addressDetailDetailsName1"}]}
RESULT: undefined
COMMAND: POST /session/c8be2085c0e5dd8418678e9c76522247/execute/async - {"script":"<script> [776 bytes]","args":[{"enterText":"Intercompany Yard wdIO","selector":{"id":"application-manageyards-display-component---NewYard--addressDetailDetailsName1","interaction":{"idSuffix":"inner"}},"clearTextFirst":true,"interactionType":"ENTER_TEXT"}]}
RESULT: {"script":"<script> [776 bytes]","args":[{"enterText":"Intercompany Yard wdIO","selector":{"id":"application-manageyards-display-component---NewYard--addressDetailDetailsName1","interaction":{"idSuffix":"inner"}},"clearTextFirst":true,"interactionType":"ENTER_TEXT"}]}
COMMAND: POST /session/c8be2085c0e5dd8418678e9c76522247/execute/async - {"script":"<script> [1562 bytes]","args":[{"selector":{"id":"application-manageyards-display-component---NewYard--addressDetailDetailsLanguage-arrow"},"wdio_ui5_key":"applicationmanageyards-display-component---NewYard--addressDetailDetailsLanguage-arrow"}]}
RESULT: {"script":"<script> [1562 bytes]","args":[{"selector":{"id":"application-manageyards-display-component---NewYard--addressDetailDetailsLanguage-arrow"},"wdio_ui5_key":"applicationmanageyards-display-component---NewYard--addressDetailDetailsLanguage-arrow"}]}
RESULT: undefined
COMMAND: POST /session/c8be2085c0e5dd8418678e9c76522247/element - {"using":"xpath","value":"//*[@id=\"application-manageyards-display-component---NewYard--addressDetailDetailsLanguage-arrow\"]"}
RESULT: {"using":"xpath","value":"//*[@id=\"application-manageyards-display-component---NewYard--addressDetailDetailsLanguage-arrow\"]"}
COMMAND: POST /session/c8be2085c0e5dd8418678e9c76522247/element/f.59A644A74ED233CCADDF2157A5466830.d.921BC06AFF9A0FF8998541A28736B03A.e.5175/click - {}
RESULT: {}
COMMAND: POST /session/c8be2085c0e5dd8418678e9c76522247/element - {"using":"xpath","value":"//span[contains(text(), \"English\")]"}
COMMAND: GET /session/c8be2085c0e5dd8418678e9c76522247/screenshot - {}
RESULT: {"using":"xpath","value":"//span[contains(text(), \"English\")]"}
COMMAND: POST /session/c8be2085c0e5dd8418678e9c76522247/element/f.59A644A74ED233CCADDF2157A5466830.d.921BC06AFF9A0FF8998541A28736B03A.e.5176/click - {}
RESULT: {}
RESULT: {}
COMMAND: POST /session/c8be2085c0e5dd8418678e9c76522247/execute/async - {"script":"<script> [1562 bytes]","args":[{"selector":{"id":"application-manageyards-display-component---NewYard--addressDetailDetailsCity1","interaction":{"idSuffix":"inner"}},"wdio_ui5_key":"applicationmanageyards-display-component---NewYard--addressDetailDetailsCity1"}]}
COMMAND: GET /session/c8be2085c0e5dd8418678e9c76522247/screenshot - {}
RESULT: {"script":"<script> [1562 bytes]","args":[{"selector":{"id":"application-manageyards-display-component---NewYard--addressDetailDetailsCity1","interaction":{"idSuffix":"inner"}},"wdio_ui5_key":"applicationmanageyards-display-component---NewYard--addressDetailDetailsCity1"}]}
RESULT: undefined
COMMAND: POST /session/c8be2085c0e5dd8418678e9c76522247/execute/async - {"script":"<script> [776 bytes]","args":[{"enterText":"Rosario","selector":{"id":"application-manageyards-display-component---NewYard--addressDetailDetailsCity1","interaction":{"idSuffix":"inner"}},"clearTextFirst":true,"interactionType":"ENTER_TEXT"}]}
RESULT: {}
RESULT: {"script":"<script> [776 bytes]","args":[{"enterText":"Rosario","selector":{"id":"application-manageyards-display-component---NewYard--addressDetailDetailsCity1","interaction":{"idSuffix":"inner"}},"clearTextFirst":true,"interactionType":"ENTER_TEXT"}]}
COMMAND: POST /session/c8be2085c0e5dd8418678e9c76522247/execute/async - {"script":"<script> [1562 bytes]","args":[{"selector":{"id":"application-manageyards-display-component---NewYard--addressDetailDetailsCountry-arrow"},"wdio_ui5_key":"applicationmanageyards-display-component---NewYard--addressDetailDetailsCountry-arrow"}]}
RESULT: {"script":"<script> [1562 bytes]","args":[{"selector":{"id":"application-manageyards-display-component---NewYard--addressDetailDetailsCountry-arrow"},"wdio_ui5_key":"applicationmanageyards-display-component---NewYard--addressDetailDetailsCountry-arrow"}]}
RESULT: undefined
COMMAND: POST /session/c8be2085c0e5dd8418678e9c76522247/element - {"using":"xpath","value":"//*[@id=\"application-manageyards-display-component---NewYard--addressDetailDetailsCountry-arrow\"]"}
RESULT: {"using":"xpath","value":"//*[@id=\"application-manageyards-display-component---NewYard--addressDetailDetailsCountry-arrow\"]"}
COMMAND: POST /session/c8be2085c0e5dd8418678e9c76522247/element/f.59A644A74ED233CCADDF2157A5466830.d.921BC06AFF9A0FF8998541A28736B03A.e.5178/click - {}
RESULT: {}
COMMAND: POST /session/c8be2085c0e5dd8418678e9c76522247/element - {"using":"xpath","value":"//span[contains(text(), \"Argentina\")]"}
COMMAND: GET /session/c8be2085c0e5dd8418678e9c76522247/screenshot - {}
RESULT: {"using":"xpath","value":"//span[contains(text(), \"Argentina\")]"}
COMMAND: POST /session/c8be2085c0e5dd8418678e9c76522247/element/f.59A644A74ED233CCADDF2157A5466830.d.921BC06AFF9A0FF8998541A28736B03A.e.5179/click - {}
RESULT: {}
RESULT: {}
COMMAND: POST /session/c8be2085c0e5dd8418678e9c76522247/execute/async - {"script":"<script> [1562 bytes]","args":[{"selector":{"id":"application-manageyards-display-component---NewYard--addressEditDetailsCostObjectCstType-arrow"},"wdio_ui5_key":"applicationmanageyards-display-component---NewYard--addressEditDetailsCostObjectCstType-arrow"}]}
COMMAND: GET /session/c8be2085c0e5dd8418678e9c76522247/screenshot - {}
RESULT: {"script":"<script> [1562 bytes]","args":[{"selector":{"id":"application-manageyards-display-component---NewYard--addressEditDetailsCostObjectCstType-arrow"},"wdio_ui5_key":"applicationmanageyards-display-component---NewYard--addressEditDetailsCostObjectCstType-arrow"}]}
RESULT: undefined
COMMAND: POST /session/c8be2085c0e5dd8418678e9c76522247/element - {"using":"xpath","value":"//*[@id=\"application-manageyards-display-component---NewYard--addressEditDetailsCostObjectCstType-arrow\"]"}
RESULT: {}
RESULT: {"using":"xpath","value":"//*[@id=\"application-manageyards-display-component---NewYard--addressEditDetailsCostObjectCstType-arrow\"]"}
COMMAND: POST /session/c8be2085c0e5dd8418678e9c76522247/element/f.59A644A74ED233CCADDF2157A5466830.d.921BC06AFF9A0FF8998541A28736B03A.e.5180/click - {}
RESULT: {}
COMMAND: POST /session/c8be2085c0e5dd8418678e9c76522247/element - {"using":"xpath","value":"//span[contains(text(), \"Cost Center\")]"}
COMMAND: GET /session/c8be2085c0e5dd8418678e9c76522247/screenshot - {}
RESULT: {"using":"xpath","value":"//span[contains(text(), \"Cost Center\")]"}
COMMAND: POST /session/c8be2085c0e5dd8418678e9c76522247/element/f.59A644A74ED233CCADDF2157A5466830.d.921BC06AFF9A0FF8998541A28736B03A.e.5181/click - {}
RESULT: {}
RESULT: {}
COMMAND: GET /session/c8be2085c0e5dd8418678e9c76522247/screenshot - {}
RESULT: {}
COMMAND: POST /session/c8be2085c0e5dd8418678e9c76522247/element - {"using":"xpath","value":"//span[@id=\"application-manageyards-display-component---NewYard--addressNewCostObjectCstID-vhi\"]"}
RESULT: {"using":"xpath","value":"//span[@id=\"application-manageyards-display-component---NewYard--addressNewCostObjectCstID-vhi\"]"}
COMMAND: POST /session/c8be2085c0e5dd8418678e9c76522247/execute/sync - {"script":"<script> [8489 bytes]","args":[{"element-6066-11e4-a52e-4f735466cecf":"f.59A644A74ED233CCADDF2157A5466830.d.921BC06AFF9A0FF8998541A28736B03A.e.5185","ELEMENT":"f.59A644A74ED233CCADDF2157A5466830.d.921BC06AFF9A0FF8998541A28736B03A.e.5185"}]}
RESULT: {"script":"<script> [8489 bytes]","args":[{"element-6066-11e4-a52e-4f735466cecf":"f.59A644A74ED233CCADDF2157A5466830.d.921BC06AFF9A0FF8998541A28736B03A.e.5185","ELEMENT":"f.59A644A74ED233CCADDF2157A5466830.d.921BC06AFF9A0FF8998541A28736B03A.e.5185"}]}
COMMAND: POST /session/c8be2085c0e5dd8418678e9c76522247/execute/async - {"script":"<script> [1562 bytes]","args":[{"selector":{"id":"application-manageyards-display-component---NewYard--addressNewCostObjectCstID-vhi"},"wdio_ui5_key":"applicationmanageyards-display-component---NewYard--addressNewCostObjectCstID-vhi"}]}
COMMAND: GET /session/c8be2085c0e5dd8418678e9c76522247/screenshot - {}
RESULT: {"script":"<script> [1562 bytes]","args":[{"selector":{"id":"application-manageyards-display-component---NewYard--addressNewCostObjectCstID-vhi"},"wdio_ui5_key":"applicationmanageyards-display-component---NewYard--addressNewCostObjectCstID-vhi"}]}
RESULT: undefined
COMMAND: POST /session/c8be2085c0e5dd8418678e9c76522247/element - {"using":"xpath","value":"//*[@id=\"application-manageyards-display-component---NewYard--addressNewCostObjectCstID-vhi\"]"}
RESULT: {}
RESULT: {"using":"xpath","value":"//*[@id=\"application-manageyards-display-component---NewYard--addressNewCostObjectCstID-vhi\"]"}
COMMAND: POST /session/c8be2085c0e5dd8418678e9c76522247/element/f.59A644A74ED233CCADDF2157A5466830.d.921BC06AFF9A0FF8998541A28736B03A.e.5185/click - {}
RESULT: {}
COMMAND: GET /session/c8be2085c0e5dd8418678e9c76522247/screenshot - {}
RESULT: {}
COMMAND: POST /session/c8be2085c0e5dd8418678e9c76522247/execute/async - {"script":"<script> [1562 bytes]","args":[{"selector":{"controlType":"sap.m.SearchField","properties":{"placeholder":"Search"},"searchOpenDialogs":true,"interaction":{"idSuffix":"I"}},"wdio_ui5_key":"sapm.SearchField{\"placeholder\":\"Search\"}"}]}
RESULT: {"script":"<script> [1562 bytes]","args":[{"selector":{"controlType":"sap.m.SearchField","properties":{"placeholder":"Search"},"searchOpenDialogs":true,"interaction":{"idSuffix":"I"}},"wdio_ui5_key":"sapm.SearchField{\"placeholder\":\"Search\"}"}]}
RESULT: undefined
COMMAND: POST /session/c8be2085c0e5dd8418678e9c76522247/execute/async - {"script":"<script> [776 bytes]","args":[{"enterText":"bauh_b","selector":{"controlType":"sap.m.SearchField","properties":{"placeholder":"Search"},"searchOpenDialogs":true,"interaction":{"idSuffix":"I"}},"clearTextFirst":true,"interactionType":"ENTER_TEXT"}]}
RESULT: {"script":"<script> [776 bytes]","args":[{"enterText":"bauh_b","selector":{"controlType":"sap.m.SearchField","properties":{"placeholder":"Search"},"searchOpenDialogs":true,"interaction":{"idSuffix":"I"}},"clearTextFirst":true,"interactionType":"ENTER_TEXT"}]}
COMMAND: POST /session/c8be2085c0e5dd8418678e9c76522247/actions - {"actions":[{"id":"action18","type":"key","parameters":{},"actions":[{"type":"keyDown","value":"î€‡"},{"type":"pause","duration":10},{"type":"keyUp","value":"î€‡"}]}]}
RESULT: {"actions":[{"id":"action18","type":"key","parameters":{},"actions":[{"type":"keyDown","value":"î€‡"},{"type":"pause","duration":10},{"type":"keyUp","value":"î€‡"}]}]}
COMMAND: GET /session/c8be2085c0e5dd8418678e9c76522247/screenshot - {}
RESULT: {}
COMMAND: POST /session/c8be2085c0e5dd8418678e9c76522247/element - {"using":"xpath","value":"//span[contains(text(), \"Demo Yard\")]"}
RESULT: {"using":"xpath","value":"//span[contains(text(), \"Demo Yard\")]"}
COMMAND: POST /session/c8be2085c0e5dd8418678e9c76522247/element/f.59A644A74ED233CCADDF2157A5466830.d.921BC06AFF9A0FF8998541A28736B03A.e.5226/click - {}
RESULT: {}
COMMAND: GET /session/c8be2085c0e5dd8418678e9c76522247/screenshot - {}
RESULT: {}
COMMAND: POST /session/c8be2085c0e5dd8418678e9c76522247/element - {"using":"xpath","value":"//bdi[contains(text(), \"OK\")]"}
RESULT: {"using":"xpath","value":"//bdi[contains(text(), \"OK\")]"}
COMMAND: POST /session/c8be2085c0e5dd8418678e9c76522247/element/f.59A644A74ED233CCADDF2157A5466830.d.921BC06AFF9A0FF8998541A28736B03A.e.5227/click - {}
RESULT: {}
COMMAND: GET /session/c8be2085c0e5dd8418678e9c76522247/screenshot - {}
RESULT: {}
COMMAND: POST /session/c8be2085c0e5dd8418678e9c76522247/execute/async - {"script":"<script> [1562 bytes]","args":[{"selector":{"id":"application-manageyards-display-component---NewYard--addressEditDetailsCurrency-arrow"},"wdio_ui5_key":"applicationmanageyards-display-component---NewYard--addressEditDetailsCurrency-arrow"}]}
RESULT: {"script":"<script> [1562 bytes]","args":[{"selector":{"id":"application-manageyards-display-component---NewYard--addressEditDetailsCurrency-arrow"},"wdio_ui5_key":"applicationmanageyards-display-component---NewYard--addressEditDetailsCurrency-arrow"}]}
RESULT: undefined
COMMAND: POST /session/c8be2085c0e5dd8418678e9c76522247/element - {"using":"xpath","value":"//*[@id=\"application-manageyards-display-component---NewYard--addressEditDetailsCurrency-arrow\"]"}
RESULT: {"using":"xpath","value":"//*[@id=\"application-manageyards-display-component---NewYard--addressEditDetailsCurrency-arrow\"]"}
COMMAND: POST /session/c8be2085c0e5dd8418678e9c76522247/element/f.59A644A74ED233CCADDF2157A5466830.d.921BC06AFF9A0FF8998541A28736B03A.e.5230/click - {}
RESULT: {}
COMMAND: POST /session/c8be2085c0e5dd8418678e9c76522247/element - {"using":"xpath","value":"//span[contains(text(), \"Euro\")]"}
COMMAND: GET /session/c8be2085c0e5dd8418678e9c76522247/screenshot - {}
RESULT: {"using":"xpath","value":"//span[contains(text(), \"Euro\")]"}
COMMAND: POST /session/c8be2085c0e5dd8418678e9c76522247/element/f.59A644A74ED233CCADDF2157A5466830.d.921BC06AFF9A0FF8998541A28736B03A.e.5231/click - {}
RESULT: {}
RESULT: {}
COMMAND: POST /session/c8be2085c0e5dd8418678e9c76522247/execute/async - {"script":"<script> [1562 bytes]","args":[{"selector":{"controlType":"sap.m.Input","viewName":"etm.portal.ui.manageyards.view.New","viewId":"application-manageyards-display-component---NewYard","bindingPath":{"path":"","propertyPath":"/CONTROLLING_AREA","modelName":"NewYardModel"},"interaction":{"idSuffix":"inner"}},"wdio_ui5_key":"etmportal.ui.manageyards.view.Newsap.m.Input{\"path\":\"\",\"propertyPath\":\"/CONTROLLING_AREA\",\"modelName\":\"NewYardModel\"}"}]}
COMMAND: GET /session/c8be2085c0e5dd8418678e9c76522247/screenshot - {}
RESULT: {"script":"<script> [1562 bytes]","args":[{"selector":{"controlType":"sap.m.Input","viewName":"etm.portal.ui.manageyards.view.New","viewId":"application-manageyards-display-component---NewYard","bindingPath":{"path":"","propertyPath":"/CONTROLLING_AREA","modelName":"NewYardModel"},"interaction":{"idSuffix":"inner"}},"wdio_ui5_key":"etmportal.ui.manageyards.view.Newsap.m.Input{\"path\":\"\",\"propertyPath\":\"/CONTROLLING_AREA\",\"modelName\":\"NewYardModel\"}"}]}
RESULT: undefined
COMMAND: POST /session/c8be2085c0e5dd8418678e9c76522247/execute/async - {"script":"<script> [776 bytes]","args":[{"enterText":"Z001","selector":{"controlType":"sap.m.Input","viewName":"etm.portal.ui.manageyards.view.New","viewId":"application-manageyards-display-component---NewYard","bindingPath":{"path":"","propertyPath":"/CONTROLLING_AREA","modelName":"NewYardModel"},"interaction":{"idSuffix":"inner"}},"clearTextFirst":true,"interactionType":"ENTER_TEXT"}]}
RESULT: {}
RESULT: {"script":"<script> [776 bytes]","args":[{"enterText":"Z001","selector":{"controlType":"sap.m.Input","viewName":"etm.portal.ui.manageyards.view.New","viewId":"application-manageyards-display-component---NewYard","bindingPath":{"path":"","propertyPath":"/CONTROLLING_AREA","modelName":"NewYardModel"},"interaction":{"idSuffix":"inner"}},"clearTextFirst":true,"interactionType":"ENTER_TEXT"}]}
COMMAND: POST /session/c8be2085c0e5dd8418678e9c76522247/execute/async - {"script":"<script> [1562 bytes]","args":[{"selector":{"id":"application-manageyards-display-component---NewYard--companyCodeComboBox","interaction":{"idSuffix":"inner"}},"wdio_ui5_key":"applicationmanageyards-display-component---NewYard--companyCodeComboBox"}]}
RESULT: {"script":"<script> [1562 bytes]","args":[{"selector":{"id":"application-manageyards-display-component---NewYard--companyCodeComboBox","interaction":{"idSuffix":"inner"}},"wdio_ui5_key":"applicationmanageyards-display-component---NewYard--companyCodeComboBox"}]}
RESULT: undefined
COMMAND: POST /session/c8be2085c0e5dd8418678e9c76522247/execute/async - {"script":"<script> [776 bytes]","args":[{"enterText":"1000","selector":{"id":"application-manageyards-display-component---NewYard--companyCodeComboBox","interaction":{"idSuffix":"inner"}},"clearTextFirst":true,"interactionType":"ENTER_TEXT"}]}
RESULT: {"script":"<script> [776 bytes]","args":[{"enterText":"1000","selector":{"id":"application-manageyards-display-component---NewYard--companyCodeComboBox","interaction":{"idSuffix":"inner"}},"clearTextFirst":true,"interactionType":"ENTER_TEXT"}]}
COMMAND: POST /session/c8be2085c0e5dd8418678e9c76522247/execute/async - {"script":"<script> [1562 bytes]","args":[{"selector":{"controlType":"sap.m.Input","viewName":"etm.portal.ui.manageyards.view.New","viewId":"application-manageyards-display-component---NewYard","bindingPath":{"path":"","propertyPath":"/PLANT","modelName":"NewYardModel"},"interaction":{"idSuffix":"inner"}},"wdio_ui5_key":"etmportal.ui.manageyards.view.Newsap.m.Input{\"path\":\"\",\"propertyPath\":\"/PLANT\",\"modelName\":\"NewYardModel\"}"}]}
RESULT: {"script":"<script> [1562 bytes]","args":[{"selector":{"controlType":"sap.m.Input","viewName":"etm.portal.ui.manageyards.view.New","viewId":"application-manageyards-display-component---NewYard","bindingPath":{"path":"","propertyPath":"/PLANT","modelName":"NewYardModel"},"interaction":{"idSuffix":"inner"}},"wdio_ui5_key":"etmportal.ui.manageyards.view.Newsap.m.Input{\"path\":\"\",\"propertyPath\":\"/PLANT\",\"modelName\":\"NewYardModel\"}"}]}
RESULT: undefined
COMMAND: POST /session/c8be2085c0e5dd8418678e9c76522247/execute/async - {"script":"<script> [776 bytes]","args":[{"enterText":"1001","selector":{"controlType":"sap.m.Input","viewName":"etm.portal.ui.manageyards.view.New","viewId":"application-manageyards-display-component---NewYard","bindingPath":{"path":"","propertyPath":"/PLANT","modelName":"NewYardModel"},"interaction":{"idSuffix":"inner"}},"clearTextFirst":true,"interactionType":"ENTER_TEXT"}]}
RESULT: {"script":"<script> [776 bytes]","args":[{"enterText":"1001","selector":{"controlType":"sap.m.Input","viewName":"etm.portal.ui.manageyards.view.New","viewId":"application-manageyards-display-component---NewYard","bindingPath":{"path":"","propertyPath":"/PLANT","modelName":"NewYardModel"},"interaction":{"idSuffix":"inner"}},"clearTextFirst":true,"interactionType":"ENTER_TEXT"}]}
COMMAND: POST /session/c8be2085c0e5dd8418678e9c76522247/execute/async - {"script":"<script> [1562 bytes]","args":[{"selector":{"controlType":"sap.m.Input","viewName":"etm.portal.ui.manageyards.view.New","viewId":"application-manageyards-display-component---NewYard","bindingPath":{"path":"","propertyPath":"/SALES_AREA_VKORG","modelName":"NewYardModel"},"interaction":{"idSuffix":"inner"}},"wdio_ui5_key":"etmportal.ui.manageyards.view.Newsap.m.Input{\"path\":\"\",\"propertyPath\":\"/SALES_AREA_VKORG\",\"modelName\":\"NewYardModel\"}"}]}
RESULT: {"script":"<script> [1562 bytes]","args":[{"selector":{"controlType":"sap.m.Input","viewName":"etm.portal.ui.manageyards.view.New","viewId":"application-manageyards-display-component---NewYard","bindingPath":{"path":"","propertyPath":"/SALES_AREA_VKORG","modelName":"NewYardModel"},"interaction":{"idSuffix":"inner"}},"wdio_ui5_key":"etmportal.ui.manageyards.view.Newsap.m.Input{\"path\":\"\",\"propertyPath\":\"/SALES_AREA_VKORG\",\"modelName\":\"NewYardModel\"}"}]}
RESULT: undefined
COMMAND: POST /session/c8be2085c0e5dd8418678e9c76522247/execute/async - {"script":"<script> [776 bytes]","args":[{"enterText":"C002","selector":{"controlType":"sap.m.Input","viewName":"etm.portal.ui.manageyards.view.New","viewId":"application-manageyards-display-component---NewYard","bindingPath":{"path":"","propertyPath":"/SALES_AREA_VKORG","modelName":"NewYardModel"},"interaction":{"idSuffix":"inner"}},"clearTextFirst":true,"interactionType":"ENTER_TEXT"}]}
RESULT: {"script":"<script> [776 bytes]","args":[{"enterText":"C002","selector":{"controlType":"sap.m.Input","viewName":"etm.portal.ui.manageyards.view.New","viewId":"application-manageyards-display-component---NewYard","bindingPath":{"path":"","propertyPath":"/SALES_AREA_VKORG","modelName":"NewYardModel"},"interaction":{"idSuffix":"inner"}},"clearTextFirst":true,"interactionType":"ENTER_TEXT"}]}
COMMAND: POST /session/c8be2085c0e5dd8418678e9c76522247/execute/async - {"script":"<script> [1562 bytes]","args":[{"selector":{"controlType":"sap.m.Input","viewName":"etm.portal.ui.manageyards.view.New","viewId":"application-manageyards-display-component---NewYard","bindingPath":{"path":"","propertyPath":"/SALES_AREA_VTWEG","modelName":"NewYardModel"},"interaction":{"idSuffix":"inner"}},"wdio_ui5_key":"etmportal.ui.manageyards.view.Newsap.m.Input{\"path\":\"\",\"propertyPath\":\"/SALES_AREA_VTWEG\",\"modelName\":\"NewYardModel\"}"}]}
RESULT: {"script":"<script> [1562 bytes]","args":[{"selector":{"controlType":"sap.m.Input","viewName":"etm.portal.ui.manageyards.view.New","viewId":"application-manageyards-display-component---NewYard","bindingPath":{"path":"","propertyPath":"/SALES_AREA_VTWEG","modelName":"NewYardModel"},"interaction":{"idSuffix":"inner"}},"wdio_ui5_key":"etmportal.ui.manageyards.view.Newsap.m.Input{\"path\":\"\",\"propertyPath\":\"/SALES_AREA_VTWEG\",\"modelName\":\"NewYardModel\"}"}]}
RESULT: undefined
COMMAND: POST /session/c8be2085c0e5dd8418678e9c76522247/execute/async - {"script":"<script> [776 bytes]","args":[{"enterText":"C2","selector":{"controlType":"sap.m.Input","viewName":"etm.portal.ui.manageyards.view.New","viewId":"application-manageyards-display-component---NewYard","bindingPath":{"path":"","propertyPath":"/SALES_AREA_VTWEG","modelName":"NewYardModel"},"interaction":{"idSuffix":"inner"}},"clearTextFirst":true,"interactionType":"ENTER_TEXT"}]}
RESULT: {"script":"<script> [776 bytes]","args":[{"enterText":"C2","selector":{"controlType":"sap.m.Input","viewName":"etm.portal.ui.manageyards.view.New","viewId":"application-manageyards-display-component---NewYard","bindingPath":{"path":"","propertyPath":"/SALES_AREA_VTWEG","modelName":"NewYardModel"},"interaction":{"idSuffix":"inner"}},"clearTextFirst":true,"interactionType":"ENTER_TEXT"}]}
COMMAND: POST /session/c8be2085c0e5dd8418678e9c76522247/execute/async - {"script":"<script> [1562 bytes]","args":[{"selector":{"controlType":"sap.m.Input","viewName":"etm.portal.ui.manageyards.view.New","viewId":"application-manageyards-display-component---NewYard","bindingPath":{"path":"","propertyPath":"/SALES_AREA_SPART","modelName":"NewYardModel"},"interaction":{"idSuffix":"inner"}},"wdio_ui5_key":"etmportal.ui.manageyards.view.Newsap.m.Input{\"path\":\"\",\"propertyPath\":\"/SALES_AREA_SPART\",\"modelName\":\"NewYardModel\"}"}]}
RESULT: {"script":"<script> [1562 bytes]","args":[{"selector":{"controlType":"sap.m.Input","viewName":"etm.portal.ui.manageyards.view.New","viewId":"application-manageyards-display-component---NewYard","bindingPath":{"path":"","propertyPath":"/SALES_AREA_SPART","modelName":"NewYardModel"},"interaction":{"idSuffix":"inner"}},"wdio_ui5_key":"etmportal.ui.manageyards.view.Newsap.m.Input{\"path\":\"\",\"propertyPath\":\"/SALES_AREA_SPART\",\"modelName\":\"NewYardModel\"}"}]}
RESULT: undefined
COMMAND: POST /session/c8be2085c0e5dd8418678e9c76522247/execute/async - {"script":"<script> [776 bytes]","args":[{"enterText":"C2","selector":{"controlType":"sap.m.Input","viewName":"etm.portal.ui.manageyards.view.New","viewId":"application-manageyards-display-component---NewYard","bindingPath":{"path":"","propertyPath":"/SALES_AREA_SPART","modelName":"NewYardModel"},"interaction":{"idSuffix":"inner"}},"clearTextFirst":true,"interactionType":"ENTER_TEXT"}]}
RESULT: {"script":"<script> [776 bytes]","args":[{"enterText":"C2","selector":{"controlType":"sap.m.Input","viewName":"etm.portal.ui.manageyards.view.New","viewId":"application-manageyards-display-component---NewYard","bindingPath":{"path":"","propertyPath":"/SALES_AREA_SPART","modelName":"NewYardModel"},"interaction":{"idSuffix":"inner"}},"clearTextFirst":true,"interactionType":"ENTER_TEXT"}]}
COMMAND: POST /session/c8be2085c0e5dd8418678e9c76522247/execute/async - {"script":"<script> [1562 bytes]","args":[{"selector":{"controlType":"sap.m.Input","viewName":"etm.portal.ui.manageyards.view.New","viewId":"application-manageyards-display-component---NewYard","bindingPath":{"path":"","propertyPath":"/SHIP_POINT","modelName":"NewYardModel"},"interaction":{"idSuffix":"inner"}},"wdio_ui5_key":"etmportal.ui.manageyards.view.Newsap.m.Input{\"path\":\"\",\"propertyPath\":\"/SHIP_POINT\",\"modelName\":\"NewYardModel\"}"}]}
RESULT: {"script":"<script> [1562 bytes]","args":[{"selector":{"controlType":"sap.m.Input","viewName":"etm.portal.ui.manageyards.view.New","viewId":"application-manageyards-display-component---NewYard","bindingPath":{"path":"","propertyPath":"/SHIP_POINT","modelName":"NewYardModel"},"interaction":{"idSuffix":"inner"}},"wdio_ui5_key":"etmportal.ui.manageyards.view.Newsap.m.Input{\"path\":\"\",\"propertyPath\":\"/SHIP_POINT\",\"modelName\":\"NewYardModel\"}"}]}
RESULT: undefined
COMMAND: POST /session/c8be2085c0e5dd8418678e9c76522247/execute/async - {"script":"<script> [776 bytes]","args":[{"enterText":"1710","selector":{"controlType":"sap.m.Input","viewName":"etm.portal.ui.manageyards.view.New","viewId":"application-manageyards-display-component---NewYard","bindingPath":{"path":"","propertyPath":"/SHIP_POINT","modelName":"NewYardModel"},"interaction":{"idSuffix":"inner"}},"clearTextFirst":true,"interactionType":"ENTER_TEXT"}]}
RESULT: {"script":"<script> [776 bytes]","args":[{"enterText":"1710","selector":{"controlType":"sap.m.Input","viewName":"etm.portal.ui.manageyards.view.New","viewId":"application-manageyards-display-component---NewYard","bindingPath":{"path":"","propertyPath":"/SHIP_POINT","modelName":"NewYardModel"},"interaction":{"idSuffix":"inner"}},"clearTextFirst":true,"interactionType":"ENTER_TEXT"}]}
COMMAND: POST /session/c8be2085c0e5dd8418678e9c76522247/execute/async - {"script":"<script> [1562 bytes]","args":[{"selector":{"controlType":"sap.m.Input","viewName":"etm.portal.ui.manageyards.view.New","viewId":"application-manageyards-display-component---NewYard","bindingPath":{"path":"","propertyPath":"/DELIVERY_TYPE","modelName":"NewYardModel"},"interaction":{"idSuffix":"inner"}},"wdio_ui5_key":"etmportal.ui.manageyards.view.Newsap.m.Input{\"path\":\"\",\"propertyPath\":\"/DELIVERY_TYPE\",\"modelName\":\"NewYardModel\"}"}]}
RESULT: {"script":"<script> [1562 bytes]","args":[{"selector":{"controlType":"sap.m.Input","viewName":"etm.portal.ui.manageyards.view.New","viewId":"application-manageyards-display-component---NewYard","bindingPath":{"path":"","propertyPath":"/DELIVERY_TYPE","modelName":"NewYardModel"},"interaction":{"idSuffix":"inner"}},"wdio_ui5_key":"etmportal.ui.manageyards.view.Newsap.m.Input{\"path\":\"\",\"propertyPath\":\"/DELIVERY_TYPE\",\"modelName\":\"NewYardModel\"}"}]}
RESULT: undefined
COMMAND: POST /session/c8be2085c0e5dd8418678e9c76522247/execute/async - {"script":"<script> [776 bytes]","args":[{"enterText":"ZL01","selector":{"controlType":"sap.m.Input","viewName":"etm.portal.ui.manageyards.view.New","viewId":"application-manageyards-display-component---NewYard","bindingPath":{"path":"","propertyPath":"/DELIVERY_TYPE","modelName":"NewYardModel"},"interaction":{"idSuffix":"inner"}},"clearTextFirst":true,"interactionType":"ENTER_TEXT"}]}
RESULT: {"script":"<script> [776 bytes]","args":[{"enterText":"ZL01","selector":{"controlType":"sap.m.Input","viewName":"etm.portal.ui.manageyards.view.New","viewId":"application-manageyards-display-component---NewYard","bindingPath":{"path":"","propertyPath":"/DELIVERY_TYPE","modelName":"NewYardModel"},"interaction":{"idSuffix":"inner"}},"clearTextFirst":true,"interactionType":"ENTER_TEXT"}]}
COMMAND: POST /session/c8be2085c0e5dd8418678e9c76522247/execute/async - {"script":"<script> [1562 bytes]","args":[{"selector":{"controlType":"sap.m.Input","viewName":"etm.portal.ui.manageyards.view.New","viewId":"application-manageyards-display-component---NewYard","bindingPath":{"path":"","propertyPath":"/AUART","modelName":"NewYardModel"},"interaction":{"idSuffix":"inner"}},"wdio_ui5_key":"etmportal.ui.manageyards.view.Newsap.m.Input{\"path\":\"\",\"propertyPath\":\"/AUART\",\"modelName\":\"NewYardModel\"}"}]}
RESULT: {"script":"<script> [1562 bytes]","args":[{"selector":{"controlType":"sap.m.Input","viewName":"etm.portal.ui.manageyards.view.New","viewId":"application-manageyards-display-component---NewYard","bindingPath":{"path":"","propertyPath":"/AUART","modelName":"NewYardModel"},"interaction":{"idSuffix":"inner"}},"wdio_ui5_key":"etmportal.ui.manageyards.view.Newsap.m.Input{\"path\":\"\",\"propertyPath\":\"/AUART\",\"modelName\":\"NewYardModel\"}"}]}
RESULT: undefined
COMMAND: POST /session/c8be2085c0e5dd8418678e9c76522247/execute/async - {"script":"<script> [776 bytes]","args":[{"enterText":"TA","selector":{"controlType":"sap.m.Input","viewName":"etm.portal.ui.manageyards.view.New","viewId":"application-manageyards-display-component---NewYard","bindingPath":{"path":"","propertyPath":"/AUART","modelName":"NewYardModel"},"interaction":{"idSuffix":"inner"}},"clearTextFirst":true,"interactionType":"ENTER_TEXT"}]}
RESULT: {"script":"<script> [776 bytes]","args":[{"enterText":"TA","selector":{"controlType":"sap.m.Input","viewName":"etm.portal.ui.manageyards.view.New","viewId":"application-manageyards-display-component---NewYard","bindingPath":{"path":"","propertyPath":"/AUART","modelName":"NewYardModel"},"interaction":{"idSuffix":"inner"}},"clearTextFirst":true,"interactionType":"ENTER_TEXT"}]}
COMMAND: POST /session/c8be2085c0e5dd8418678e9c76522247/element - {"using":"xpath","value":"//button[@data-kt=\"newYardSaveButton\"]"}
RESULT: {"using":"xpath","value":"//button[@data-kt=\"newYardSaveButton\"]"}
COMMAND: POST /session/c8be2085c0e5dd8418678e9c76522247/element/f.59A644A74ED233CCADDF2157A5466830.d.921BC06AFF9A0FF8998541A28736B03A.e.5158/click - {}
RESULT: {}
COMMAND: GET /session/c8be2085c0e5dd8418678e9c76522247/screenshot - {}
RESULT: {}
COMMAND: POST /session/c8be2085c0e5dd8418678e9c76522247/element - {"using":"xpath","value":"//header[contains(@id, 'ObjectPageLayout-headerTitle')]/div[1]/div[2]/div[1]/span[1]"}
RESULT: {"using":"xpath","value":"//header[contains(@id, 'ObjectPageLayout-headerTitle')]/div[1]/div[2]/div[1]/span[1]"}
COMMAND: POST /session/c8be2085c0e5dd8418678e9c76522247/elements - {"using":"xpath","value":"//header[contains(@id, 'ObjectPageLayout-headerTitle')]/div[1]/div[2]/div[1]/span[1]"}
RESULT: {"using":"xpath","value":"//header[contains(@id, 'ObjectPageLayout-headerTitle')]/div[1]/div[2]/div[1]/span[1]"}
COMMAND: POST /session/c8be2085c0e5dd8418678e9c76522247/execute/sync - {"script":"<script> [56 bytes]","args":[{"element-6066-11e4-a52e-4f735466cecf":"f.59A644A74ED233CCADDF2157A5466830.d.921BC06AFF9A0FF8998541A28736B03A.e.5449","ELEMENT":"f.59A644A74ED233CCADDF2157A5466830.d.921BC06AFF9A0FF8998541A28736B03A.e.5449"}]}
RESULT: {"script":"<script> [56 bytes]","args":[{"element-6066-11e4-a52e-4f735466cecf":"f.59A644A74ED233CCADDF2157A5466830.d.921BC06AFF9A0FF8998541A28736B03A.e.5449","ELEMENT":"f.59A644A74ED233CCADDF2157A5466830.d.921BC06AFF9A0FF8998541A28736B03A.e.5449"}]}
COMMAND: GET /session/c8be2085c0e5dd8418678e9c76522247/screenshot - {}
RESULT: {}
COMMAND: POST /session/c8be2085c0e5dd8418678e9c76522247/element - {"using":"css selector","value":"#shell-header-logo"}
RESULT: {"using":"css selector","value":"#shell-header-logo"}
COMMAND: POST /session/c8be2085c0e5dd8418678e9c76522247/element/f.59A644A74ED233CCADDF2157A5466830.d.921BC06AFF9A0FF8998541A28736B03A.e.4710/click - {}
RESULT: {}
COMMAND: GET /session/c8be2085c0e5dd8418678e9c76522247/screenshot - {}
RESULT: {}
COMMAND: POST /session/c8be2085c0e5dd8418678e9c76522247/execute/sync - {"script":"<script> [299 bytes]","args":[["getModel","getResource"]]}
RESULT: {"script":"<script> [299 bytes]","args":[["getModel","getResource"]]}
]]></system-out>
    </testcase>
    <testcase classname="chrome.136_0_7103_93.windows.Create_master_data_for_mixed_billing_&amp;_do_billing_calculation_US151661" name="Should create a new partner" time="138.963">
      <system-out><![CDATA[
COMMAND: POST /session/c8be2085c0e5dd8418678e9c76522247/window/fullscreen - {}
COMMAND: GET /session/c8be2085c0e5dd8418678e9c76522247/screenshot - {}
RESULT: {}
COMMAND: POST /session/c8be2085c0e5dd8418678e9c76522247/execute/async - {"script":"<script> [1562 bytes]","args":[{"selector":{"controlType":"sap.m.GenericTile","properties":{"header":"Manage Partners"}},"wdio_ui5_key":"sapm.GenericTile{\"header\":\"Manage Partners\"}"}]}
RESULT: {}
RESULT: {"script":"<script> [1562 bytes]","args":[{"selector":{"controlType":"sap.m.GenericTile","properties":{"header":"Manage Partners"}},"wdio_ui5_key":"sapm.GenericTile{\"header\":\"Manage Partners\"}"}]}
RESULT: undefined
COMMAND: POST /session/c8be2085c0e5dd8418678e9c76522247/element - {"using":"xpath","value":"//*[@id=\"__tile38\"]"}
RESULT: {"using":"xpath","value":"//*[@id=\"__tile38\"]"}
COMMAND: POST /session/c8be2085c0e5dd8418678e9c76522247/element/f.59A644A74ED233CCADDF2157A5466830.d.921BC06AFF9A0FF8998541A28736B03A.e.4597/click - {}
RESULT: {}
COMMAND: GET /session/c8be2085c0e5dd8418678e9c76522247/screenshot - {}
RESULT: {}
COMMAND: POST /session/c8be2085c0e5dd8418678e9c76522247/elements - {"using":"xpath","value":"//span[text()='Error']"}
RESULT: {"using":"xpath","value":"//span[text()='Error']"}
COMMAND: POST /session/c8be2085c0e5dd8418678e9c76522247/element - {"using":"xpath","value":"//button[@data-kt=\"addButton\"]"}
RESULT: {"using":"xpath","value":"//button[@data-kt=\"addButton\"]"}
COMMAND: POST /session/c8be2085c0e5dd8418678e9c76522247/elements - {"using":"xpath","value":"//button[@data-kt=\"addButton\"]"}
RESULT: {"using":"xpath","value":"//button[@data-kt=\"addButton\"]"}
COMMAND: POST /session/c8be2085c0e5dd8418678e9c76522247/execute/sync - {"script":"<script> [8489 bytes]","args":[{"element-6066-11e4-a52e-4f735466cecf":"f.59A644A74ED233CCADDF2157A5466830.d.921BC06AFF9A0FF8998541A28736B03A.e.5498","ELEMENT":"f.59A644A74ED233CCADDF2157A5466830.d.921BC06AFF9A0FF8998541A28736B03A.e.5498"}]}
RESULT: {"script":"<script> [8489 bytes]","args":[{"element-6066-11e4-a52e-4f735466cecf":"f.59A644A74ED233CCADDF2157A5466830.d.921BC06AFF9A0FF8998541A28736B03A.e.5498","ELEMENT":"f.59A644A74ED233CCADDF2157A5466830.d.921BC06AFF9A0FF8998541A28736B03A.e.5498"}]}
COMMAND: GET /session/c8be2085c0e5dd8418678e9c76522247/element/f.59A644A74ED233CCADDF2157A5466830.d.921BC06AFF9A0FF8998541A28736B03A.e.5498/enabled - {}
COMMAND: GET /session/c8be2085c0e5dd8418678e9c76522247/screenshot - {}
RESULT: {}
COMMAND: POST /session/c8be2085c0e5dd8418678e9c76522247/execute/sync - {"script":"<script> [8489 bytes]","args":[{"element-6066-11e4-a52e-4f735466cecf":"f.59A644A74ED233CCADDF2157A5466830.d.921BC06AFF9A0FF8998541A28736B03A.e.5498","ELEMENT":"f.59A644A74ED233CCADDF2157A5466830.d.921BC06AFF9A0FF8998541A28736B03A.e.5498"}]}
COMMAND: GET /session/c8be2085c0e5dd8418678e9c76522247/screenshot - {}
RESULT: {}
RESULT: {"script":"<script> [8489 bytes]","args":[{"element-6066-11e4-a52e-4f735466cecf":"f.59A644A74ED233CCADDF2157A5466830.d.921BC06AFF9A0FF8998541A28736B03A.e.5498","ELEMENT":"f.59A644A74ED233CCADDF2157A5466830.d.921BC06AFF9A0FF8998541A28736B03A.e.5498"}]}
COMMAND: POST /session/c8be2085c0e5dd8418678e9c76522247/execute/sync - {"script":"<script> [5351 bytes]","args":[{"element-6066-11e4-a52e-4f735466cecf":"f.59A644A74ED233CCADDF2157A5466830.d.921BC06AFF9A0FF8998541A28736B03A.e.5498","ELEMENT":"f.59A644A74ED233CCADDF2157A5466830.d.921BC06AFF9A0FF8998541A28736B03A.e.5498"}]}
COMMAND: GET /session/c8be2085c0e5dd8418678e9c76522247/screenshot - {}
RESULT: {}
RESULT: {"script":"<script> [5351 bytes]","args":[{"element-6066-11e4-a52e-4f735466cecf":"f.59A644A74ED233CCADDF2157A5466830.d.921BC06AFF9A0FF8998541A28736B03A.e.5498","ELEMENT":"f.59A644A74ED233CCADDF2157A5466830.d.921BC06AFF9A0FF8998541A28736B03A.e.5498"}]}
COMMAND: POST /session/c8be2085c0e5dd8418678e9c76522247/element/f.59A644A74ED233CCADDF2157A5466830.d.921BC06AFF9A0FF8998541A28736B03A.e.5498/click - {}
COMMAND: GET /session/c8be2085c0e5dd8418678e9c76522247/screenshot - {}
RESULT: {}
RESULT: {}
COMMAND: GET /session/c8be2085c0e5dd8418678e9c76522247/screenshot - {}
COMMAND: POST /session/c8be2085c0e5dd8418678e9c76522247/execute/async - {"script":"<script> [1562 bytes]","args":[{"selector":{"id":"application-managepartners-display-component---NewPartner--addressDetailDetailsName1","interaction":{"idSuffix":"inner"}},"wdio_ui5_key":"applicationmanagepartners-display-component---NewPartner--addressDetailDetailsName1"}]}
RESULT: {}
RESULT: {}
RESULT: {"script":"<script> [1562 bytes]","args":[{"selector":{"id":"application-managepartners-display-component---NewPartner--addressDetailDetailsName1","interaction":{"idSuffix":"inner"}},"wdio_ui5_key":"applicationmanagepartners-display-component---NewPartner--addressDetailDetailsName1"}]}
RESULT: undefined
COMMAND: POST /session/c8be2085c0e5dd8418678e9c76522247/execute/async - {"script":"<script> [776 bytes]","args":[{"enterText":"Intercompany Partner WDIO","selector":{"id":"application-managepartners-display-component---NewPartner--addressDetailDetailsName1","interaction":{"idSuffix":"inner"}},"clearTextFirst":true,"interactionType":"ENTER_TEXT"}]}
RESULT: {"script":"<script> [776 bytes]","args":[{"enterText":"Intercompany Partner WDIO","selector":{"id":"application-managepartners-display-component---NewPartner--addressDetailDetailsName1","interaction":{"idSuffix":"inner"}},"clearTextFirst":true,"interactionType":"ENTER_TEXT"}]}
COMMAND: POST /session/c8be2085c0e5dd8418678e9c76522247/execute/async - {"script":"<script> [1562 bytes]","args":[{"selector":{"id":"application-managepartners-display-component---NewPartner--addressDetailDetailsLanguage-arrow"},"wdio_ui5_key":"applicationmanagepartners-display-component---NewPartner--addressDetailDetailsLanguage-arrow"}]}
RESULT: {"script":"<script> [1562 bytes]","args":[{"selector":{"id":"application-managepartners-display-component---NewPartner--addressDetailDetailsLanguage-arrow"},"wdio_ui5_key":"applicationmanagepartners-display-component---NewPartner--addressDetailDetailsLanguage-arrow"}]}
RESULT: undefined
COMMAND: POST /session/c8be2085c0e5dd8418678e9c76522247/element - {"using":"xpath","value":"//*[@id=\"application-managepartners-display-component---NewPartner--addressDetailDetailsLanguage-arrow\"]"}
RESULT: {"using":"xpath","value":"//*[@id=\"application-managepartners-display-component---NewPartner--addressDetailDetailsLanguage-arrow\"]"}
COMMAND: POST /session/c8be2085c0e5dd8418678e9c76522247/element/f.59A644A74ED233CCADDF2157A5466830.d.921BC06AFF9A0FF8998541A28736B03A.e.5929/click - {}
RESULT: {}
COMMAND: POST /session/c8be2085c0e5dd8418678e9c76522247/element - {"using":"xpath","value":"//span[contains(text(), \"English\")]"}
COMMAND: GET /session/c8be2085c0e5dd8418678e9c76522247/screenshot - {}
RESULT: {"using":"xpath","value":"//span[contains(text(), \"English\")]"}
COMMAND: POST /session/c8be2085c0e5dd8418678e9c76522247/element/f.59A644A74ED233CCADDF2157A5466830.d.921BC06AFF9A0FF8998541A28736B03A.e.5930/click - {}
RESULT: {}
RESULT: {}
COMMAND: GET /session/c8be2085c0e5dd8418678e9c76522247/screenshot - {}
RESULT: {}
COMMAND: POST /session/c8be2085c0e5dd8418678e9c76522247/execute/async - {"script":"<script> [1562 bytes]","args":[{"selector":{"id":"application-managepartners-display-component---NewPartner--addressDetailDetailsCity1","interaction":{"idSuffix":"inner"}},"wdio_ui5_key":"applicationmanagepartners-display-component---NewPartner--addressDetailDetailsCity1"}]}
RESULT: {"script":"<script> [1562 bytes]","args":[{"selector":{"id":"application-managepartners-display-component---NewPartner--addressDetailDetailsCity1","interaction":{"idSuffix":"inner"}},"wdio_ui5_key":"applicationmanagepartners-display-component---NewPartner--addressDetailDetailsCity1"}]}
RESULT: undefined
COMMAND: POST /session/c8be2085c0e5dd8418678e9c76522247/execute/async - {"script":"<script> [776 bytes]","args":[{"enterText":"Rosario","selector":{"id":"application-managepartners-display-component---NewPartner--addressDetailDetailsCity1","interaction":{"idSuffix":"inner"}},"clearTextFirst":true,"interactionType":"ENTER_TEXT"}]}
RESULT: {"script":"<script> [776 bytes]","args":[{"enterText":"Rosario","selector":{"id":"application-managepartners-display-component---NewPartner--addressDetailDetailsCity1","interaction":{"idSuffix":"inner"}},"clearTextFirst":true,"interactionType":"ENTER_TEXT"}]}
COMMAND: POST /session/c8be2085c0e5dd8418678e9c76522247/execute/async - {"script":"<script> [1562 bytes]","args":[{"selector":{"id":"application-managepartners-display-component---NewPartner--addressDetailDetailsCountry-arrow"},"wdio_ui5_key":"applicationmanagepartners-display-component---NewPartner--addressDetailDetailsCountry-arrow"}]}
RESULT: {"script":"<script> [1562 bytes]","args":[{"selector":{"id":"application-managepartners-display-component---NewPartner--addressDetailDetailsCountry-arrow"},"wdio_ui5_key":"applicationmanagepartners-display-component---NewPartner--addressDetailDetailsCountry-arrow"}]}
RESULT: undefined
COMMAND: POST /session/c8be2085c0e5dd8418678e9c76522247/element - {"using":"xpath","value":"//*[@id=\"application-managepartners-display-component---NewPartner--addressDetailDetailsCountry-arrow\"]"}
RESULT: {"using":"xpath","value":"//*[@id=\"application-managepartners-display-component---NewPartner--addressDetailDetailsCountry-arrow\"]"}
COMMAND: POST /session/c8be2085c0e5dd8418678e9c76522247/element/f.59A644A74ED233CCADDF2157A5466830.d.921BC06AFF9A0FF8998541A28736B03A.e.5904/click - {}
RESULT: {}
COMMAND: POST /session/c8be2085c0e5dd8418678e9c76522247/element - {"using":"xpath","value":"//span[contains(text(), \"Argentina\")]"}
COMMAND: GET /session/c8be2085c0e5dd8418678e9c76522247/screenshot - {}
RESULT: {"using":"xpath","value":"//span[contains(text(), \"Argentina\")]"}
COMMAND: POST /session/c8be2085c0e5dd8418678e9c76522247/element/f.59A644A74ED233CCADDF2157A5466830.d.921BC06AFF9A0FF8998541A28736B03A.e.5932/click - {}
RESULT: {}
RESULT: {}
COMMAND: GET /session/c8be2085c0e5dd8418678e9c76522247/screenshot - {}
RESULT: {}
COMMAND: POST /session/c8be2085c0e5dd8418678e9c76522247/element - {"using":"xpath","value":"//bdi[contains(text(), \"Commercial\")]"}
RESULT: {"using":"xpath","value":"//bdi[contains(text(), \"Commercial\")]"}
COMMAND: POST /session/c8be2085c0e5dd8418678e9c76522247/element/f.59A644A74ED233CCADDF2157A5466830.d.921BC06AFF9A0FF8998541A28736B03A.e.5933/click - {}
RESULT: {}
COMMAND: GET /session/c8be2085c0e5dd8418678e9c76522247/screenshot - {}
RESULT: {}
COMMAND: POST /session/c8be2085c0e5dd8418678e9c76522247/execute/async - {"script":"<script> [1562 bytes]","args":[{"selector":{"id":"application-managepartners-display-component---NewPartner--partnerDetailInternal-arrow"},"wdio_ui5_key":"applicationmanagepartners-display-component---NewPartner--partnerDetailInternal-arrow"}]}
RESULT: {"script":"<script> [1562 bytes]","args":[{"selector":{"id":"application-managepartners-display-component---NewPartner--partnerDetailInternal-arrow"},"wdio_ui5_key":"applicationmanagepartners-display-component---NewPartner--partnerDetailInternal-arrow"}]}
RESULT: undefined
COMMAND: POST /session/c8be2085c0e5dd8418678e9c76522247/element - {"using":"xpath","value":"//*[@id=\"application-managepartners-display-component---NewPartner--partnerDetailInternal-arrow\"]"}
RESULT: {"using":"xpath","value":"//*[@id=\"application-managepartners-display-component---NewPartner--partnerDetailInternal-arrow\"]"}
COMMAND: POST /session/c8be2085c0e5dd8418678e9c76522247/element/f.59A644A74ED233CCADDF2157A5466830.d.921BC06AFF9A0FF8998541A28736B03A.e.5939/click - {}
RESULT: {}
COMMAND: POST /session/c8be2085c0e5dd8418678e9c76522247/element - {"using":"xpath","value":"//span[contains(text(), \"Affiliated company\")]"}
COMMAND: GET /session/c8be2085c0e5dd8418678e9c76522247/screenshot - {}
RESULT: {"using":"xpath","value":"//span[contains(text(), \"Affiliated company\")]"}
COMMAND: POST /session/c8be2085c0e5dd8418678e9c76522247/element/f.59A644A74ED233CCADDF2157A5466830.d.921BC06AFF9A0FF8998541A28736B03A.e.5942/click - {}
RESULT: {}
RESULT: {}
COMMAND: POST /session/c8be2085c0e5dd8418678e9c76522247/execute/async - {"script":"<script> [1562 bytes]","args":[{"selector":{"id":"application-managepartners-display-component---NewPartner--partnerDetailsCurrency-arrow"},"wdio_ui5_key":"applicationmanagepartners-display-component---NewPartner--partnerDetailsCurrency-arrow"}]}
COMMAND: GET /session/c8be2085c0e5dd8418678e9c76522247/screenshot - {}
RESULT: {"script":"<script> [1562 bytes]","args":[{"selector":{"id":"application-managepartners-display-component---NewPartner--partnerDetailsCurrency-arrow"},"wdio_ui5_key":"applicationmanagepartners-display-component---NewPartner--partnerDetailsCurrency-arrow"}]}
RESULT: undefined
COMMAND: POST /session/c8be2085c0e5dd8418678e9c76522247/element - {"using":"xpath","value":"//*[@id=\"application-managepartners-display-component---NewPartner--partnerDetailsCurrency-arrow\"]"}
RESULT: {}
RESULT: {"using":"xpath","value":"//*[@id=\"application-managepartners-display-component---NewPartner--partnerDetailsCurrency-arrow\"]"}
COMMAND: POST /session/c8be2085c0e5dd8418678e9c76522247/element/f.59A644A74ED233CCADDF2157A5466830.d.921BC06AFF9A0FF8998541A28736B03A.e.5949/click - {}
RESULT: {}
COMMAND: POST /session/c8be2085c0e5dd8418678e9c76522247/element - {"using":"xpath","value":"//span[contains(text(), \"Euro\")]"}
COMMAND: GET /session/c8be2085c0e5dd8418678e9c76522247/screenshot - {}
RESULT: {"using":"xpath","value":"//span[contains(text(), \"Euro\")]"}
COMMAND: POST /session/c8be2085c0e5dd8418678e9c76522247/element/f.59A644A74ED233CCADDF2157A5466830.d.921BC06AFF9A0FF8998541A28736B03A.e.5950/click - {}
RESULT: {}
RESULT: {}
COMMAND: POST /session/c8be2085c0e5dd8418678e9c76522247/execute/async - {"script":"<script> [1562 bytes]","args":[{"selector":{"id":"application-managepartners-display-component---NewPartner--addressEditDetailsCostObjectCstType-arrow"},"wdio_ui5_key":"applicationmanagepartners-display-component---NewPartner--addressEditDetailsCostObjectCstType-arrow"}]}
COMMAND: GET /session/c8be2085c0e5dd8418678e9c76522247/screenshot - {}
RESULT: {"script":"<script> [1562 bytes]","args":[{"selector":{"id":"application-managepartners-display-component---NewPartner--addressEditDetailsCostObjectCstType-arrow"},"wdio_ui5_key":"applicationmanagepartners-display-component---NewPartner--addressEditDetailsCostObjectCstType-arrow"}]}
RESULT: undefined
COMMAND: POST /session/c8be2085c0e5dd8418678e9c76522247/element - {"using":"xpath","value":"//*[@id=\"application-managepartners-display-component---NewPartner--addressEditDetailsCostObjectCstType-arrow\"]"}
RESULT: {}
RESULT: {"using":"xpath","value":"//*[@id=\"application-managepartners-display-component---NewPartner--addressEditDetailsCostObjectCstType-arrow\"]"}
COMMAND: POST /session/c8be2085c0e5dd8418678e9c76522247/element/f.59A644A74ED233CCADDF2157A5466830.d.921BC06AFF9A0FF8998541A28736B03A.e.5951/click - {}
RESULT: {}
COMMAND: POST /session/c8be2085c0e5dd8418678e9c76522247/element - {"using":"xpath","value":"//span[contains(text(), \"Cost Center\")]"}
COMMAND: GET /session/c8be2085c0e5dd8418678e9c76522247/screenshot - {}
RESULT: {"using":"xpath","value":"//span[contains(text(), \"Cost Center\")]"}
COMMAND: POST /session/c8be2085c0e5dd8418678e9c76522247/element/f.59A644A74ED233CCADDF2157A5466830.d.921BC06AFF9A0FF8998541A28736B03A.e.5952/click - {}
RESULT: {}
RESULT: {}
COMMAND: GET /session/c8be2085c0e5dd8418678e9c76522247/screenshot - {}
RESULT: {}
COMMAND: POST /session/c8be2085c0e5dd8418678e9c76522247/element - {"using":"xpath","value":"//span[@id=\"application-managepartners-display-component---NewPartner--addressNewCostObjectCstID-vhi\"]"}
RESULT: {"using":"xpath","value":"//span[@id=\"application-managepartners-display-component---NewPartner--addressNewCostObjectCstID-vhi\"]"}
COMMAND: POST /session/c8be2085c0e5dd8418678e9c76522247/execute/sync - {"script":"<script> [8489 bytes]","args":[{"element-6066-11e4-a52e-4f735466cecf":"f.59A644A74ED233CCADDF2157A5466830.d.921BC06AFF9A0FF8998541A28736B03A.e.5956","ELEMENT":"f.59A644A74ED233CCADDF2157A5466830.d.921BC06AFF9A0FF8998541A28736B03A.e.5956"}]}
RESULT: {"script":"<script> [8489 bytes]","args":[{"element-6066-11e4-a52e-4f735466cecf":"f.59A644A74ED233CCADDF2157A5466830.d.921BC06AFF9A0FF8998541A28736B03A.e.5956","ELEMENT":"f.59A644A74ED233CCADDF2157A5466830.d.921BC06AFF9A0FF8998541A28736B03A.e.5956"}]}
COMMAND: POST /session/c8be2085c0e5dd8418678e9c76522247/execute/async - {"script":"<script> [1562 bytes]","args":[{"selector":{"id":"application-managepartners-display-component---NewPartner--addressNewCostObjectCstID-vhi"},"wdio_ui5_key":"applicationmanagepartners-display-component---NewPartner--addressNewCostObjectCstID-vhi"}]}
COMMAND: GET /session/c8be2085c0e5dd8418678e9c76522247/screenshot - {}
RESULT: {"script":"<script> [1562 bytes]","args":[{"selector":{"id":"application-managepartners-display-component---NewPartner--addressNewCostObjectCstID-vhi"},"wdio_ui5_key":"applicationmanagepartners-display-component---NewPartner--addressNewCostObjectCstID-vhi"}]}
RESULT: undefined
COMMAND: POST /session/c8be2085c0e5dd8418678e9c76522247/element - {"using":"xpath","value":"//*[@id=\"application-managepartners-display-component---NewPartner--addressNewCostObjectCstID-vhi\"]"}
RESULT: {}
RESULT: {"using":"xpath","value":"//*[@id=\"application-managepartners-display-component---NewPartner--addressNewCostObjectCstID-vhi\"]"}
COMMAND: POST /session/c8be2085c0e5dd8418678e9c76522247/element/f.59A644A74ED233CCADDF2157A5466830.d.921BC06AFF9A0FF8998541A28736B03A.e.5956/click - {}
RESULT: {}
COMMAND: GET /session/c8be2085c0e5dd8418678e9c76522247/screenshot - {}
RESULT: {}
RESULT: undefined
COMMAND: POST /session/c8be2085c0e5dd8418678e9c76522247/execute/async - {"script":"<script> [776 bytes]","args":[{"enterText":"10001013","selector":{"controlType":"sap.m.SearchField","properties":{"placeholder":"Search"},"searchOpenDialogs":true,"interaction":{"idSuffix":"I"}},"clearTextFirst":true,"interactionType":"ENTER_TEXT"}]}
RESULT: {"script":"<script> [776 bytes]","args":[{"enterText":"10001013","selector":{"controlType":"sap.m.SearchField","properties":{"placeholder":"Search"},"searchOpenDialogs":true,"interaction":{"idSuffix":"I"}},"clearTextFirst":true,"interactionType":"ENTER_TEXT"}]}
COMMAND: POST /session/c8be2085c0e5dd8418678e9c76522247/actions - {"actions":[{"id":"action19","type":"key","parameters":{},"actions":[{"type":"keyDown","value":"î€‡"},{"type":"pause","duration":10},{"type":"keyUp","value":"î€‡"}]}]}
RESULT: {"actions":[{"id":"action19","type":"key","parameters":{},"actions":[{"type":"keyDown","value":"î€‡"},{"type":"pause","duration":10},{"type":"keyUp","value":"î€‡"}]}]}
COMMAND: GET /session/c8be2085c0e5dd8418678e9c76522247/screenshot - {}
RESULT: {}
COMMAND: POST /session/c8be2085c0e5dd8418678e9c76522247/element - {"using":"xpath","value":"//span[contains(text(), \"General Management\")]"}
RESULT: {"using":"xpath","value":"//span[contains(text(), \"General Management\")]"}
COMMAND: POST /session/c8be2085c0e5dd8418678e9c76522247/element/f.59A644A74ED233CCADDF2157A5466830.d.921BC06AFF9A0FF8998541A28736B03A.e.5964/click - {}
RESULT: {}
COMMAND: GET /session/c8be2085c0e5dd8418678e9c76522247/screenshot - {}
RESULT: {}
COMMAND: POST /session/c8be2085c0e5dd8418678e9c76522247/element - {"using":"xpath","value":"//bdi[contains(text(), \"OK\")]"}
RESULT: {"using":"xpath","value":"//bdi[contains(text(), \"OK\")]"}
COMMAND: POST /session/c8be2085c0e5dd8418678e9c76522247/element/f.59A644A74ED233CCADDF2157A5466830.d.921BC06AFF9A0FF8998541A28736B03A.e.5966/click - {}
RESULT: {}
COMMAND: GET /session/c8be2085c0e5dd8418678e9c76522247/screenshot - {}
RESULT: {}
COMMAND: POST /session/c8be2085c0e5dd8418678e9c76522247/element - {"using":"xpath","value":"//input[@id=\"application-managepartners-display-component---NewPartner--companyCodeComboBox-inner\"]"}
RESULT: {"using":"xpath","value":"//input[@id=\"application-managepartners-display-component---NewPartner--companyCodeComboBox-inner\"]"}
COMMAND: POST /session/c8be2085c0e5dd8418678e9c76522247/element/f.59A644A74ED233CCADDF2157A5466830.d.921BC06AFF9A0FF8998541A28736B03A.e.5803/clear - {}
RESULT: {}
COMMAND: POST /session/c8be2085c0e5dd8418678e9c76522247/element/f.59A644A74ED233CCADDF2157A5466830.d.921BC06AFF9A0FF8998541A28736B03A.e.5803/value - {"text":"C002"}
COMMAND: GET /session/c8be2085c0e5dd8418678e9c76522247/screenshot - {}
RESULT: {"text":"C002"}
COMMAND: GET /session/c8be2085c0e5dd8418678e9c76522247/screenshot - {}
RESULT: {}
RESULT: {}
COMMAND: POST /session/c8be2085c0e5dd8418678e9c76522247/element - {"using":"xpath","value":"//li[.//span[text()= \"C002\"]]"}
RESULT: {"using":"xpath","value":"//li[.//span[text()= \"C002\"]]"}
COMMAND: POST /session/c8be2085c0e5dd8418678e9c76522247/element/f.59A644A74ED233CCADDF2157A5466830.d.921BC06AFF9A0FF8998541A28736B03A.e.5972/click - {}
RESULT: {}
COMMAND: GET /session/c8be2085c0e5dd8418678e9c76522247/screenshot - {}
RESULT: {}
COMMAND: POST /session/c8be2085c0e5dd8418678e9c76522247/execute/async - {"script":"<script> [1562 bytes]","args":[{"selector":{"id":"application-managepartners-display-component---NewPartner--btnAddTableRow-img"},"wdio_ui5_key":"applicationmanagepartners-display-component---NewPartner--btnAddTableRow-img"}]}
RESULT: {"script":"<script> [1562 bytes]","args":[{"selector":{"id":"application-managepartners-display-component---NewPartner--btnAddTableRow-img"},"wdio_ui5_key":"applicationmanagepartners-display-component---NewPartner--btnAddTableRow-img"}]}
RESULT: undefined
COMMAND: POST /session/c8be2085c0e5dd8418678e9c76522247/element - {"using":"xpath","value":"//*[@id=\"application-managepartners-display-component---NewPartner--btnAddTableRow-img\"]"}
RESULT: {"using":"xpath","value":"//*[@id=\"application-managepartners-display-component---NewPartner--btnAddTableRow-img\"]"}
COMMAND: POST /session/c8be2085c0e5dd8418678e9c76522247/element/f.59A644A74ED233CCADDF2157A5466830.d.921BC06AFF9A0FF8998541A28736B03A.e.5973/click - {}
RESULT: {}
COMMAND: GET /session/c8be2085c0e5dd8418678e9c76522247/screenshot - {}
RESULT: {}
COMMAND: POST /session/c8be2085c0e5dd8418678e9c76522247/element - {"using":"xpath","value":"//input[@id=\"application-managepartners-display-component---NewPartner--assignmentYard-application-managepartners-display-component---NewPartner--assignmentsTable-0-inner\"]"}
RESULT: {"using":"xpath","value":"//input[@id=\"application-managepartners-display-component---NewPartner--assignmentYard-application-managepartners-display-component---NewPartner--assignmentsTable-0-inner\"]"}
COMMAND: POST /session/c8be2085c0e5dd8418678e9c76522247/element/f.59A644A74ED233CCADDF2157A5466830.d.921BC06AFF9A0FF8998541A28736B03A.e.5976/clear - {}
RESULT: {}
COMMAND: POST /session/c8be2085c0e5dd8418678e9c76522247/element/f.59A644A74ED233CCADDF2157A5466830.d.921BC06AFF9A0FF8998541A28736B03A.e.5976/value - {"text":"599"}
COMMAND: GET /session/c8be2085c0e5dd8418678e9c76522247/screenshot - {}
RESULT: {"text":"599"}
COMMAND: GET /session/c8be2085c0e5dd8418678e9c76522247/screenshot - {}
RESULT: {}
RESULT: {}
COMMAND: POST /session/c8be2085c0e5dd8418678e9c76522247/element - {"using":"xpath","value":"//li[.//span[text()='599']]"}
RESULT: {"using":"xpath","value":"//li[.//span[text()='599']]"}
COMMAND: POST /session/c8be2085c0e5dd8418678e9c76522247/element/f.59A644A74ED233CCADDF2157A5466830.d.921BC06AFF9A0FF8998541A28736B03A.e.5985/click - {}
RESULT: {}
COMMAND: GET /session/c8be2085c0e5dd8418678e9c76522247/screenshot - {}
RESULT: {}
COMMAND: POST /session/c8be2085c0e5dd8418678e9c76522247/actions - {"actions":[{"id":"action20","type":"key","parameters":{},"actions":[{"type":"keyDown","value":"î€‡"},{"type":"pause","duration":10},{"type":"keyUp","value":"î€‡"}]}]}
RESULT: {"actions":[{"id":"action20","type":"key","parameters":{},"actions":[{"type":"keyDown","value":"î€‡"},{"type":"pause","duration":10},{"type":"keyUp","value":"î€‡"}]}]}
COMMAND: POST /session/c8be2085c0e5dd8418678e9c76522247/execute/async - {"script":"<script> [1562 bytes]","args":[{"selector":{"id":"application-managepartners-display-component---NewPartner--externalCustomerComboBox-application-managepartners-display-component---NewPartner--assignmentsTable-0-vhi"},"wdio_ui5_key":"applicationmanagepartners-display-component---NewPartner--externalCustomerComboBox-application-managepartners-display-component---NewPartner--assignmentsTable-0-vhi"}]}
COMMAND: GET /session/c8be2085c0e5dd8418678e9c76522247/screenshot - {}
RESULT: {"script":"<script> [1562 bytes]","args":[{"selector":{"id":"application-managepartners-display-component---NewPartner--externalCustomerComboBox-application-managepartners-display-component---NewPartner--assignmentsTable-0-vhi"},"wdio_ui5_key":"applicationmanagepartners-display-component---NewPartner--externalCustomerComboBox-application-managepartners-display-component---NewPartner--assignmentsTable-0-vhi"}]}
RESULT: undefined
COMMAND: POST /session/c8be2085c0e5dd8418678e9c76522247/element - {"using":"xpath","value":"//*[@id=\"application-managepartners-display-component---NewPartner--externalCustomerComboBox-application-managepartners-display-component---NewPartner--assignmentsTable-0-vhi\"]"}
RESULT: {}
RESULT: {"using":"xpath","value":"//*[@id=\"application-managepartners-display-component---NewPartner--externalCustomerComboBox-application-managepartners-display-component---NewPartner--assignmentsTable-0-vhi\"]"}
COMMAND: POST /session/c8be2085c0e5dd8418678e9c76522247/element/f.59A644A74ED233CCADDF2157A5466830.d.921BC06AFF9A0FF8998541A28736B03A.e.5989/click - {}
RESULT: {}
RESULT: undefined
COMMAND: POST /session/c8be2085c0e5dd8418678e9c76522247/execute/async - {"script":"<script> [776 bytes]","args":[{"enterText":"300003","selector":{"controlType":"sap.m.SearchField","properties":{"placeholder":"Search"},"searchOpenDialogs":true,"interaction":{"idSuffix":"I"}},"clearTextFirst":true,"interactionType":"ENTER_TEXT"}]}
COMMAND: GET /session/c8be2085c0e5dd8418678e9c76522247/screenshot - {}
RESULT: {"script":"<script> [776 bytes]","args":[{"enterText":"300003","selector":{"controlType":"sap.m.SearchField","properties":{"placeholder":"Search"},"searchOpenDialogs":true,"interaction":{"idSuffix":"I"}},"clearTextFirst":true,"interactionType":"ENTER_TEXT"}]}
COMMAND: POST /session/c8be2085c0e5dd8418678e9c76522247/actions - {"actions":[{"id":"action21","type":"key","parameters":{},"actions":[{"type":"keyDown","value":"î€‡"},{"type":"pause","duration":10},{"type":"keyUp","value":"î€‡"}]}]}
RESULT: {}
RESULT: {"actions":[{"id":"action21","type":"key","parameters":{},"actions":[{"type":"keyDown","value":"î€‡"},{"type":"pause","duration":10},{"type":"keyUp","value":"î€‡"}]}]}
COMMAND: GET /session/c8be2085c0e5dd8418678e9c76522247/screenshot - {}
RESULT: {}
COMMAND: POST /session/c8be2085c0e5dd8418678e9c76522247/element - {"using":"xpath","value":"//span[contains(text(), \"300003\")]"}
RESULT: {"using":"xpath","value":"//span[contains(text(), \"300003\")]"}
COMMAND: POST /session/c8be2085c0e5dd8418678e9c76522247/element/f.59A644A74ED233CCADDF2157A5466830.d.921BC06AFF9A0FF8998541A28736B03A.e.6005/click - {}
RESULT: {}
COMMAND: GET /session/c8be2085c0e5dd8418678e9c76522247/screenshot - {}
RESULT: {}
COMMAND: POST /session/c8be2085c0e5dd8418678e9c76522247/element - {"using":"xpath","value":"//bdi[contains(text(), \"OK\")]"}
RESULT: {"using":"xpath","value":"//bdi[contains(text(), \"OK\")]"}
COMMAND: POST /session/c8be2085c0e5dd8418678e9c76522247/element/f.59A644A74ED233CCADDF2157A5466830.d.921BC06AFF9A0FF8998541A28736B03A.e.6007/click - {}
RESULT: {}
COMMAND: GET /session/c8be2085c0e5dd8418678e9c76522247/screenshot - {}
RESULT: {}
COMMAND: POST /session/c8be2085c0e5dd8418678e9c76522247/execute/async - {"script":"<script> [1562 bytes]","args":[{"selector":{"id":"application-managepartners-display-component---NewPartner--intercompVendorComboBox-application-managepartners-display-component---NewPartner--assignmentsTable-0-vhi"},"wdio_ui5_key":"applicationmanagepartners-display-component---NewPartner--intercompVendorComboBox-application-managepartners-display-component---NewPartner--assignmentsTable-0-vhi"}]}
RESULT: {"script":"<script> [1562 bytes]","args":[{"selector":{"id":"application-managepartners-display-component---NewPartner--intercompVendorComboBox-application-managepartners-display-component---NewPartner--assignmentsTable-0-vhi"},"wdio_ui5_key":"applicationmanagepartners-display-component---NewPartner--intercompVendorComboBox-application-managepartners-display-component---NewPartner--assignmentsTable-0-vhi"}]}
RESULT: undefined
COMMAND: POST /session/c8be2085c0e5dd8418678e9c76522247/element - {"using":"xpath","value":"//*[@id=\"application-managepartners-display-component---NewPartner--intercompVendorComboBox-application-managepartners-display-component---NewPartner--assignmentsTable-0-vhi\"]"}
RESULT: {"using":"xpath","value":"//*[@id=\"application-managepartners-display-component---NewPartner--intercompVendorComboBox-application-managepartners-display-component---NewPartner--assignmentsTable-0-vhi\"]"}
COMMAND: POST /session/c8be2085c0e5dd8418678e9c76522247/element/f.59A644A74ED233CCADDF2157A5466830.d.921BC06AFF9A0FF8998541A28736B03A.e.6011/click - {}
RESULT: {}
RESULT: undefined
COMMAND: POST /session/c8be2085c0e5dd8418678e9c76522247/execute/async - {"script":"<script> [776 bytes]","args":[{"enterText":"100005","selector":{"controlType":"sap.m.SearchField","properties":{"placeholder":"Search"},"searchOpenDialogs":true,"interaction":{"idSuffix":"I"}},"clearTextFirst":true,"interactionType":"ENTER_TEXT"}]}
COMMAND: GET /session/c8be2085c0e5dd8418678e9c76522247/screenshot - {}
RESULT: {"script":"<script> [776 bytes]","args":[{"enterText":"100005","selector":{"controlType":"sap.m.SearchField","properties":{"placeholder":"Search"},"searchOpenDialogs":true,"interaction":{"idSuffix":"I"}},"clearTextFirst":true,"interactionType":"ENTER_TEXT"}]}
COMMAND: POST /session/c8be2085c0e5dd8418678e9c76522247/actions - {"actions":[{"id":"action22","type":"key","parameters":{},"actions":[{"type":"keyDown","value":"î€‡"},{"type":"pause","duration":10},{"type":"keyUp","value":"î€‡"}]}]}
RESULT: {}
RESULT: {"actions":[{"id":"action22","type":"key","parameters":{},"actions":[{"type":"keyDown","value":"î€‡"},{"type":"pause","duration":10},{"type":"keyUp","value":"î€‡"}]}]}
COMMAND: GET /session/c8be2085c0e5dd8418678e9c76522247/screenshot - {}
RESULT: {}
COMMAND: POST /session/c8be2085c0e5dd8418678e9c76522247/element - {"using":"xpath","value":"//span[contains(text(), \"Penguins - Field/12345 Berlin\")]"}
RESULT: {"using":"xpath","value":"//span[contains(text(), \"Penguins - Field/12345 Berlin\")]"}
COMMAND: POST /session/c8be2085c0e5dd8418678e9c76522247/element/f.59A644A74ED233CCADDF2157A5466830.d.921BC06AFF9A0FF8998541A28736B03A.e.6029/click - {}
RESULT: {}
COMMAND: GET /session/c8be2085c0e5dd8418678e9c76522247/screenshot - {}
RESULT: {}
COMMAND: POST /session/c8be2085c0e5dd8418678e9c76522247/element - {"using":"xpath","value":"//bdi[contains(text(), \"OK\")]"}
RESULT: {"using":"xpath","value":"//bdi[contains(text(), \"OK\")]"}
COMMAND: POST /session/c8be2085c0e5dd8418678e9c76522247/element/f.59A644A74ED233CCADDF2157A5466830.d.921BC06AFF9A0FF8998541A28736B03A.e.6030/click - {}
RESULT: {}
COMMAND: GET /session/c8be2085c0e5dd8418678e9c76522247/screenshot - {}
RESULT: {}
COMMAND: POST /session/c8be2085c0e5dd8418678e9c76522247/element - {"using":"xpath","value":"//button[@data-kt=\"saveButton\"]"}
RESULT: {"using":"xpath","value":"//button[@data-kt=\"saveButton\"]"}
COMMAND: POST /session/c8be2085c0e5dd8418678e9c76522247/element/f.59A644A74ED233CCADDF2157A5466830.d.921BC06AFF9A0FF8998541A28736B03A.e.5906/click - {}
RESULT: {}
COMMAND: GET /session/c8be2085c0e5dd8418678e9c76522247/screenshot - {}
RESULT: {}
COMMAND: POST /session/c8be2085c0e5dd8418678e9c76522247/element - {"using":"xpath","value":"//header[contains(@id, 'ObjectPageLayout-headerTitle')]/div[1]/div[2]/div[2]/span[1]"}
RESULT: {"using":"xpath","value":"//header[contains(@id, 'ObjectPageLayout-headerTitle')]/div[1]/div[2]/div[2]/span[1]"}
COMMAND: POST /session/c8be2085c0e5dd8418678e9c76522247/elements - {"using":"xpath","value":"//header[contains(@id, 'ObjectPageLayout-headerTitle')]/div[1]/div[2]/div[2]/span[1]"}
RESULT: {"using":"xpath","value":"//header[contains(@id, 'ObjectPageLayout-headerTitle')]/div[1]/div[2]/div[2]/span[1]"}
COMMAND: POST /session/c8be2085c0e5dd8418678e9c76522247/execute/sync - {"script":"<script> [56 bytes]","args":[{"element-6066-11e4-a52e-4f735466cecf":"f.59A644A74ED233CCADDF2157A5466830.d.921BC06AFF9A0FF8998541A28736B03A.e.6192","ELEMENT":"f.59A644A74ED233CCADDF2157A5466830.d.921BC06AFF9A0FF8998541A28736B03A.e.6192"}]}
RESULT: {"script":"<script> [56 bytes]","args":[{"element-6066-11e4-a52e-4f735466cecf":"f.59A644A74ED233CCADDF2157A5466830.d.921BC06AFF9A0FF8998541A28736B03A.e.6192","ELEMENT":"f.59A644A74ED233CCADDF2157A5466830.d.921BC06AFF9A0FF8998541A28736B03A.e.6192"}]}
COMMAND: POST /session/c8be2085c0e5dd8418678e9c76522247/element - {"using":"css selector","value":"#shell-header-logo"}
COMMAND: GET /session/c8be2085c0e5dd8418678e9c76522247/screenshot - {}
RESULT: {"using":"css selector","value":"#shell-header-logo"}
COMMAND: POST /session/c8be2085c0e5dd8418678e9c76522247/element/f.59A644A74ED233CCADDF2157A5466830.d.921BC06AFF9A0FF8998541A28736B03A.e.5454/click - {}
RESULT: {}
RESULT: {}
COMMAND: GET /session/c8be2085c0e5dd8418678e9c76522247/screenshot - {}
RESULT: {}
COMMAND: POST /session/c8be2085c0e5dd8418678e9c76522247/execute/sync - {"script":"<script> [299 bytes]","args":[["getModel","getResource"]]}
RESULT: {"script":"<script> [299 bytes]","args":[["getModel","getResource"]]}
]]></system-out>
    </testcase>
    <testcase classname="chrome.136_0_7103_93.windows.Create_master_data_for_mixed_billing_&amp;_do_billing_calculation_US151661" name="Should create a new site" time="150.342">
      <system-out><![CDATA[
COMMAND: GET /session/c8be2085c0e5dd8418678e9c76522247/screenshot - {}
COMMAND: POST /session/c8be2085c0e5dd8418678e9c76522247/execute/async - {"script":"<script> [1562 bytes]","args":[{"selector":{"controlType":"sap.m.GenericTile","properties":{"header":"Manage Sites"}},"wdio_ui5_key":"sapm.GenericTile{\"header\":\"Manage Sites\"}"}]}
RESULT: {}
RESULT: {"script":"<script> [1562 bytes]","args":[{"selector":{"controlType":"sap.m.GenericTile","properties":{"header":"Manage Sites"}},"wdio_ui5_key":"sapm.GenericTile{\"header\":\"Manage Sites\"}"}]}
RESULT: undefined
COMMAND: POST /session/c8be2085c0e5dd8418678e9c76522247/element - {"using":"xpath","value":"//*[@id=\"__tile40\"]"}
RESULT: {"using":"xpath","value":"//*[@id=\"__tile40\"]"}
COMMAND: POST /session/c8be2085c0e5dd8418678e9c76522247/element/f.59A644A74ED233CCADDF2157A5466830.d.921BC06AFF9A0FF8998541A28736B03A.e.4603/click - {}
RESULT: {}
COMMAND: GET /session/c8be2085c0e5dd8418678e9c76522247/screenshot - {}
RESULT: {}
COMMAND: POST /session/c8be2085c0e5dd8418678e9c76522247/elements - {"using":"xpath","value":"//span[text()='Error']"}
RESULT: {"using":"xpath","value":"//span[text()='Error']"}
COMMAND: POST /session/c8be2085c0e5dd8418678e9c76522247/element - {"using":"xpath","value":"//button[@data-kt=\"addOverflowToolbarButton\"]"}
RESULT: {"using":"xpath","value":"//button[@data-kt=\"addOverflowToolbarButton\"]"}
COMMAND: POST /session/c8be2085c0e5dd8418678e9c76522247/elements - {"using":"xpath","value":"//button[@data-kt=\"addOverflowToolbarButton\"]"}
RESULT: {"using":"xpath","value":"//button[@data-kt=\"addOverflowToolbarButton\"]"}
COMMAND: POST /session/c8be2085c0e5dd8418678e9c76522247/execute/sync - {"script":"<script> [8489 bytes]","args":[{"element-6066-11e4-a52e-4f735466cecf":"f.59A644A74ED233CCADDF2157A5466830.d.921BC06AFF9A0FF8998541A28736B03A.e.6238","ELEMENT":"f.59A644A74ED233CCADDF2157A5466830.d.921BC06AFF9A0FF8998541A28736B03A.e.6238"}]}
RESULT: {"script":"<script> [8489 bytes]","args":[{"element-6066-11e4-a52e-4f735466cecf":"f.59A644A74ED233CCADDF2157A5466830.d.921BC06AFF9A0FF8998541A28736B03A.e.6238","ELEMENT":"f.59A644A74ED233CCADDF2157A5466830.d.921BC06AFF9A0FF8998541A28736B03A.e.6238"}]}
COMMAND: GET /session/c8be2085c0e5dd8418678e9c76522247/element/f.59A644A74ED233CCADDF2157A5466830.d.921BC06AFF9A0FF8998541A28736B03A.e.6238/enabled - {}
COMMAND: GET /session/c8be2085c0e5dd8418678e9c76522247/screenshot - {}
RESULT: {}
COMMAND: POST /session/c8be2085c0e5dd8418678e9c76522247/execute/sync - {"script":"<script> [8489 bytes]","args":[{"element-6066-11e4-a52e-4f735466cecf":"f.59A644A74ED233CCADDF2157A5466830.d.921BC06AFF9A0FF8998541A28736B03A.e.6238","ELEMENT":"f.59A644A74ED233CCADDF2157A5466830.d.921BC06AFF9A0FF8998541A28736B03A.e.6238"}]}
COMMAND: GET /session/c8be2085c0e5dd8418678e9c76522247/screenshot - {}
RESULT: {}
RESULT: {"script":"<script> [8489 bytes]","args":[{"element-6066-11e4-a52e-4f735466cecf":"f.59A644A74ED233CCADDF2157A5466830.d.921BC06AFF9A0FF8998541A28736B03A.e.6238","ELEMENT":"f.59A644A74ED233CCADDF2157A5466830.d.921BC06AFF9A0FF8998541A28736B03A.e.6238"}]}
COMMAND: POST /session/c8be2085c0e5dd8418678e9c76522247/execute/sync - {"script":"<script> [5351 bytes]","args":[{"element-6066-11e4-a52e-4f735466cecf":"f.59A644A74ED233CCADDF2157A5466830.d.921BC06AFF9A0FF8998541A28736B03A.e.6238","ELEMENT":"f.59A644A74ED233CCADDF2157A5466830.d.921BC06AFF9A0FF8998541A28736B03A.e.6238"}]}
COMMAND: GET /session/c8be2085c0e5dd8418678e9c76522247/screenshot - {}
RESULT: {}
RESULT: {"script":"<script> [5351 bytes]","args":[{"element-6066-11e4-a52e-4f735466cecf":"f.59A644A74ED233CCADDF2157A5466830.d.921BC06AFF9A0FF8998541A28736B03A.e.6238","ELEMENT":"f.59A644A74ED233CCADDF2157A5466830.d.921BC06AFF9A0FF8998541A28736B03A.e.6238"}]}
COMMAND: POST /session/c8be2085c0e5dd8418678e9c76522247/element/f.59A644A74ED233CCADDF2157A5466830.d.921BC06AFF9A0FF8998541A28736B03A.e.6238/click - {}
COMMAND: GET /session/c8be2085c0e5dd8418678e9c76522247/screenshot - {}
RESULT: {}
RESULT: {}
COMMAND: GET /session/c8be2085c0e5dd8418678e9c76522247/screenshot - {}
RESULT: {}
COMMAND: POST /session/c8be2085c0e5dd8418678e9c76522247/element - {"using":"xpath","value":"//input[@id=\"application-managesites-display-component---NewSite--siteId-inner\"]"}
RESULT: {}
RESULT: {"using":"xpath","value":"//input[@id=\"application-managesites-display-component---NewSite--siteId-inner\"]"}
COMMAND: POST /session/c8be2085c0e5dd8418678e9c76522247/element - {"using":"xpath","value":"//input[@id=\"application-managesites-display-component---NewSite--siteId-inner\"]"}
RESULT: {"using":"xpath","value":"//input[@id=\"application-managesites-display-component---NewSite--siteId-inner\"]"}
COMMAND: POST /session/c8be2085c0e5dd8418678e9c76522247/execute/async - {"script":"<script> [1562 bytes]","args":[{"selector":{"id":"application-managesites-display-component---NewSite--addressDetailDetailsName1","interaction":{"idSuffix":"inner"}},"wdio_ui5_key":"applicationmanagesites-display-component---NewSite--addressDetailDetailsName1"}]}
RESULT: {"script":"<script> [1562 bytes]","args":[{"selector":{"id":"application-managesites-display-component---NewSite--addressDetailDetailsName1","interaction":{"idSuffix":"inner"}},"wdio_ui5_key":"applicationmanagesites-display-component---NewSite--addressDetailDetailsName1"}]}
RESULT: undefined
COMMAND: POST /session/c8be2085c0e5dd8418678e9c76522247/execute/async - {"script":"<script> [776 bytes]","args":[{"enterText":"Intercompany Site wdIO","selector":{"id":"application-managesites-display-component---NewSite--addressDetailDetailsName1","interaction":{"idSuffix":"inner"}},"clearTextFirst":true,"interactionType":"ENTER_TEXT"}]}
RESULT: {"script":"<script> [776 bytes]","args":[{"enterText":"Intercompany Site wdIO","selector":{"id":"application-managesites-display-component---NewSite--addressDetailDetailsName1","interaction":{"idSuffix":"inner"}},"clearTextFirst":true,"interactionType":"ENTER_TEXT"}]}
COMMAND: POST /session/c8be2085c0e5dd8418678e9c76522247/execute/async - {"script":"<script> [1562 bytes]","args":[{"selector":{"id":"application-managesites-display-component---NewSite--addressDetailDetailsLanguage-arrow"},"wdio_ui5_key":"applicationmanagesites-display-component---NewSite--addressDetailDetailsLanguage-arrow"}]}
RESULT: {"script":"<script> [1562 bytes]","args":[{"selector":{"id":"application-managesites-display-component---NewSite--addressDetailDetailsLanguage-arrow"},"wdio_ui5_key":"applicationmanagesites-display-component---NewSite--addressDetailDetailsLanguage-arrow"}]}
RESULT: undefined
COMMAND: POST /session/c8be2085c0e5dd8418678e9c76522247/element - {"using":"xpath","value":"//*[@id=\"application-managesites-display-component---NewSite--addressDetailDetailsLanguage-arrow\"]"}
RESULT: {"using":"xpath","value":"//*[@id=\"application-managesites-display-component---NewSite--addressDetailDetailsLanguage-arrow\"]"}
COMMAND: POST /session/c8be2085c0e5dd8418678e9c76522247/element/f.59A644A74ED233CCADDF2157A5466830.d.921BC06AFF9A0FF8998541A28736B03A.e.6639/click - {}
RESULT: {}
COMMAND: POST /session/c8be2085c0e5dd8418678e9c76522247/element - {"using":"xpath","value":"//span[contains(text(), \"English\")]"}
COMMAND: GET /session/c8be2085c0e5dd8418678e9c76522247/screenshot - {}
RESULT: {"using":"xpath","value":"//span[contains(text(), \"English\")]"}
COMMAND: POST /session/c8be2085c0e5dd8418678e9c76522247/element/f.59A644A74ED233CCADDF2157A5466830.d.921BC06AFF9A0FF8998541A28736B03A.e.6640/click - {}
RESULT: {}
RESULT: {}
COMMAND: POST /session/c8be2085c0e5dd8418678e9c76522247/execute/async - {"script":"<script> [1562 bytes]","args":[{"selector":{"id":"application-managesites-display-component---NewSite--addressDetailDetailsCity1","interaction":{"idSuffix":"inner"}},"wdio_ui5_key":"applicationmanagesites-display-component---NewSite--addressDetailDetailsCity1"}]}
COMMAND: GET /session/c8be2085c0e5dd8418678e9c76522247/screenshot - {}
RESULT: {"script":"<script> [1562 bytes]","args":[{"selector":{"id":"application-managesites-display-component---NewSite--addressDetailDetailsCity1","interaction":{"idSuffix":"inner"}},"wdio_ui5_key":"applicationmanagesites-display-component---NewSite--addressDetailDetailsCity1"}]}
RESULT: undefined
COMMAND: POST /session/c8be2085c0e5dd8418678e9c76522247/execute/async - {"script":"<script> [776 bytes]","args":[{"enterText":"Rosario","selector":{"id":"application-managesites-display-component---NewSite--addressDetailDetailsCity1","interaction":{"idSuffix":"inner"}},"clearTextFirst":true,"interactionType":"ENTER_TEXT"}]}
RESULT: {}
RESULT: {"script":"<script> [776 bytes]","args":[{"enterText":"Rosario","selector":{"id":"application-managesites-display-component---NewSite--addressDetailDetailsCity1","interaction":{"idSuffix":"inner"}},"clearTextFirst":true,"interactionType":"ENTER_TEXT"}]}
COMMAND: POST /session/c8be2085c0e5dd8418678e9c76522247/execute/async - {"script":"<script> [1562 bytes]","args":[{"selector":{"id":"application-managesites-display-component---NewSite--addressDetailDetailsCountry-arrow"},"wdio_ui5_key":"applicationmanagesites-display-component---NewSite--addressDetailDetailsCountry-arrow"}]}
RESULT: {"script":"<script> [1562 bytes]","args":[{"selector":{"id":"application-managesites-display-component---NewSite--addressDetailDetailsCountry-arrow"},"wdio_ui5_key":"applicationmanagesites-display-component---NewSite--addressDetailDetailsCountry-arrow"}]}
RESULT: undefined
COMMAND: POST /session/c8be2085c0e5dd8418678e9c76522247/element - {"using":"xpath","value":"//*[@id=\"application-managesites-display-component---NewSite--addressDetailDetailsCountry-arrow\"]"}
RESULT: {"using":"xpath","value":"//*[@id=\"application-managesites-display-component---NewSite--addressDetailDetailsCountry-arrow\"]"}
COMMAND: POST /session/c8be2085c0e5dd8418678e9c76522247/element/f.59A644A74ED233CCADDF2157A5466830.d.921BC06AFF9A0FF8998541A28736B03A.e.6642/click - {}
RESULT: {}
COMMAND: POST /session/c8be2085c0e5dd8418678e9c76522247/element - {"using":"xpath","value":"//span[contains(text(), \"Argentina\")]"}
COMMAND: GET /session/c8be2085c0e5dd8418678e9c76522247/screenshot - {}
RESULT: {"using":"xpath","value":"//span[contains(text(), \"Argentina\")]"}
COMMAND: POST /session/c8be2085c0e5dd8418678e9c76522247/element/f.59A644A74ED233CCADDF2157A5466830.d.921BC06AFF9A0FF8998541A28736B03A.e.6643/click - {}
RESULT: {}
RESULT: {}
COMMAND: GET /session/c8be2085c0e5dd8418678e9c76522247/screenshot - {}
RESULT: {}
COMMAND: POST /session/c8be2085c0e5dd8418678e9c76522247/execute/async - {"script":"<script> [1562 bytes]","args":[{"selector":{"id":"application-managesites-display-component---NewSite--addressEditDetailsCostObjectCstType-arrow"},"wdio_ui5_key":"applicationmanagesites-display-component---NewSite--addressEditDetailsCostObjectCstType-arrow"}]}
RESULT: {"script":"<script> [1562 bytes]","args":[{"selector":{"id":"application-managesites-display-component---NewSite--addressEditDetailsCostObjectCstType-arrow"},"wdio_ui5_key":"applicationmanagesites-display-component---NewSite--addressEditDetailsCostObjectCstType-arrow"}]}
RESULT: undefined
COMMAND: POST /session/c8be2085c0e5dd8418678e9c76522247/element - {"using":"xpath","value":"//*[@id=\"application-managesites-display-component---NewSite--addressEditDetailsCostObjectCstType-arrow\"]"}
RESULT: {"using":"xpath","value":"//*[@id=\"application-managesites-display-component---NewSite--addressEditDetailsCostObjectCstType-arrow\"]"}
COMMAND: POST /session/c8be2085c0e5dd8418678e9c76522247/element/f.59A644A74ED233CCADDF2157A5466830.d.921BC06AFF9A0FF8998541A28736B03A.e.6645/click - {}
RESULT: {}
COMMAND: POST /session/c8be2085c0e5dd8418678e9c76522247/element - {"using":"xpath","value":"//span[contains(text(), \"Cost Center\")]"}
COMMAND: GET /session/c8be2085c0e5dd8418678e9c76522247/screenshot - {}
RESULT: {"using":"xpath","value":"//span[contains(text(), \"Cost Center\")]"}
COMMAND: POST /session/c8be2085c0e5dd8418678e9c76522247/element/f.59A644A74ED233CCADDF2157A5466830.d.921BC06AFF9A0FF8998541A28736B03A.e.6646/click - {}
RESULT: {}
RESULT: {}
COMMAND: GET /session/c8be2085c0e5dd8418678e9c76522247/screenshot - {}
RESULT: {}
COMMAND: POST /session/c8be2085c0e5dd8418678e9c76522247/element - {"using":"xpath","value":"//span[@id=\"application-managesites-display-component---NewSite--addressNewCostObjectCstID-vhi\"]"}
RESULT: {"using":"xpath","value":"//span[@id=\"application-managesites-display-component---NewSite--addressNewCostObjectCstID-vhi\"]"}
COMMAND: POST /session/c8be2085c0e5dd8418678e9c76522247/execute/sync - {"script":"<script> [8489 bytes]","args":[{"element-6066-11e4-a52e-4f735466cecf":"f.59A644A74ED233CCADDF2157A5466830.d.921BC06AFF9A0FF8998541A28736B03A.e.6651","ELEMENT":"f.59A644A74ED233CCADDF2157A5466830.d.921BC06AFF9A0FF8998541A28736B03A.e.6651"}]}
RESULT: {"script":"<script> [8489 bytes]","args":[{"element-6066-11e4-a52e-4f735466cecf":"f.59A644A74ED233CCADDF2157A5466830.d.921BC06AFF9A0FF8998541A28736B03A.e.6651","ELEMENT":"f.59A644A74ED233CCADDF2157A5466830.d.921BC06AFF9A0FF8998541A28736B03A.e.6651"}]}
COMMAND: POST /session/c8be2085c0e5dd8418678e9c76522247/execute/async - {"script":"<script> [1562 bytes]","args":[{"selector":{"id":"application-managesites-display-component---NewSite--addressNewCostObjectCstID-vhi"},"wdio_ui5_key":"applicationmanagesites-display-component---NewSite--addressNewCostObjectCstID-vhi"}]}
COMMAND: GET /session/c8be2085c0e5dd8418678e9c76522247/screenshot - {}
RESULT: {"script":"<script> [1562 bytes]","args":[{"selector":{"id":"application-managesites-display-component---NewSite--addressNewCostObjectCstID-vhi"},"wdio_ui5_key":"applicationmanagesites-display-component---NewSite--addressNewCostObjectCstID-vhi"}]}
RESULT: undefined
COMMAND: POST /session/c8be2085c0e5dd8418678e9c76522247/element - {"using":"xpath","value":"//*[@id=\"application-managesites-display-component---NewSite--addressNewCostObjectCstID-vhi\"]"}
RESULT: {}
RESULT: {"using":"xpath","value":"//*[@id=\"application-managesites-display-component---NewSite--addressNewCostObjectCstID-vhi\"]"}
COMMAND: POST /session/c8be2085c0e5dd8418678e9c76522247/element/f.59A644A74ED233CCADDF2157A5466830.d.921BC06AFF9A0FF8998541A28736B03A.e.6651/click - {}
RESULT: {}
COMMAND: GET /session/c8be2085c0e5dd8418678e9c76522247/screenshot - {}
RESULT: {}
RESULT: undefined
COMMAND: POST /session/c8be2085c0e5dd8418678e9c76522247/execute/async - {"script":"<script> [776 bytes]","args":[{"enterText":"10001013","selector":{"controlType":"sap.m.SearchField","properties":{"placeholder":"Search"},"searchOpenDialogs":true,"interaction":{"idSuffix":"I"}},"clearTextFirst":true,"interactionType":"ENTER_TEXT"}]}
RESULT: {"script":"<script> [776 bytes]","args":[{"enterText":"10001013","selector":{"controlType":"sap.m.SearchField","properties":{"placeholder":"Search"},"searchOpenDialogs":true,"interaction":{"idSuffix":"I"}},"clearTextFirst":true,"interactionType":"ENTER_TEXT"}]}
COMMAND: POST /session/c8be2085c0e5dd8418678e9c76522247/actions - {"actions":[{"id":"action23","type":"key","parameters":{},"actions":[{"type":"keyDown","value":"î€‡"},{"type":"pause","duration":10},{"type":"keyUp","value":"î€‡"}]}]}
RESULT: {"actions":[{"id":"action23","type":"key","parameters":{},"actions":[{"type":"keyDown","value":"î€‡"},{"type":"pause","duration":10},{"type":"keyUp","value":"î€‡"}]}]}
COMMAND: GET /session/c8be2085c0e5dd8418678e9c76522247/screenshot - {}
RESULT: {}
COMMAND: POST /session/c8be2085c0e5dd8418678e9c76522247/element - {"using":"xpath","value":"//span[contains(text(), \"General Management\")]"}
RESULT: {"using":"xpath","value":"//span[contains(text(), \"General Management\")]"}
COMMAND: POST /session/c8be2085c0e5dd8418678e9c76522247/element/f.59A644A74ED233CCADDF2157A5466830.d.921BC06AFF9A0FF8998541A28736B03A.e.6690/click - {}
RESULT: {}
COMMAND: GET /session/c8be2085c0e5dd8418678e9c76522247/screenshot - {}
RESULT: {}
COMMAND: POST /session/c8be2085c0e5dd8418678e9c76522247/element - {"using":"xpath","value":"//bdi[contains(text(), \"OK\")]"}
RESULT: {"using":"xpath","value":"//bdi[contains(text(), \"OK\")]"}
COMMAND: POST /session/c8be2085c0e5dd8418678e9c76522247/element/f.59A644A74ED233CCADDF2157A5466830.d.921BC06AFF9A0FF8998541A28736B03A.e.6691/click - {}
RESULT: {}
COMMAND: GET /session/c8be2085c0e5dd8418678e9c76522247/screenshot - {}
RESULT: {}
COMMAND: POST /session/c8be2085c0e5dd8418678e9c76522247/element - {"using":"xpath","value":"//input[@id=\"application-managesites-display-component---NewSite--addressDetailDetailsCalendar-inner\"]"}
RESULT: {"using":"xpath","value":"//input[@id=\"application-managesites-display-component---NewSite--addressDetailDetailsCalendar-inner\"]"}
COMMAND: POST /session/c8be2085c0e5dd8418678e9c76522247/element/f.59A644A74ED233CCADDF2157A5466830.d.921BC06AFF9A0FF8998541A28736B03A.e.6435/clear - {}
RESULT: {}
COMMAND: POST /session/c8be2085c0e5dd8418678e9c76522247/element/f.59A644A74ED233CCADDF2157A5466830.d.921BC06AFF9A0FF8998541A28736B03A.e.6435/value - {"text":"Unit"}
COMMAND: GET /session/c8be2085c0e5dd8418678e9c76522247/screenshot - {}
RESULT: {"text":"Unit"}
COMMAND: GET /session/c8be2085c0e5dd8418678e9c76522247/screenshot - {}
RESULT: {}
RESULT: {}
COMMAND: POST /session/c8be2085c0e5dd8418678e9c76522247/actions - {"actions":[{"id":"action24","type":"key","parameters":{},"actions":[{"type":"keyDown","value":"î€‡"},{"type":"pause","duration":10},{"type":"keyUp","value":"î€‡"}]}]}
RESULT: {"actions":[{"id":"action24","type":"key","parameters":{},"actions":[{"type":"keyDown","value":"î€‡"},{"type":"pause","duration":10},{"type":"keyUp","value":"î€‡"}]}]}
COMMAND: POST /session/c8be2085c0e5dd8418678e9c76522247/element - {"using":"xpath","value":"//input[@id=\"application-managesites-display-component---NewSite--addressDetailDetailsYard-inner\"]"}
COMMAND: GET /session/c8be2085c0e5dd8418678e9c76522247/screenshot - {}
RESULT: {"using":"xpath","value":"//input[@id=\"application-managesites-display-component---NewSite--addressDetailDetailsYard-inner\"]"}
COMMAND: POST /session/c8be2085c0e5dd8418678e9c76522247/element/f.59A644A74ED233CCADDF2157A5466830.d.921BC06AFF9A0FF8998541A28736B03A.e.6436/clear - {}
RESULT: {}
RESULT: {}
COMMAND: POST /session/c8be2085c0e5dd8418678e9c76522247/element/f.59A644A74ED233CCADDF2157A5466830.d.921BC06AFF9A0FF8998541A28736B03A.e.6436/value - {"text":"599"}
COMMAND: GET /session/c8be2085c0e5dd8418678e9c76522247/screenshot - {}
RESULT: {"text":"599"}
COMMAND: GET /session/c8be2085c0e5dd8418678e9c76522247/screenshot - {}
RESULT: {}
RESULT: {}
COMMAND: POST /session/c8be2085c0e5dd8418678e9c76522247/element - {"using":"xpath","value":"//li[.//span[text()='599']]"}
RESULT: {"using":"xpath","value":"//li[.//span[text()='599']]"}
COMMAND: POST /session/c8be2085c0e5dd8418678e9c76522247/element/f.59A644A74ED233CCADDF2157A5466830.d.921BC06AFF9A0FF8998541A28736B03A.e.6699/click - {}
RESULT: {}
COMMAND: GET /session/c8be2085c0e5dd8418678e9c76522247/screenshot - {}
RESULT: {}
COMMAND: POST /session/c8be2085c0e5dd8418678e9c76522247/element - {"using":"xpath","value":"//input[@id=\"application-managesites-display-component---NewSite--addressDetailDetailsPartner-inner\"]"}
RESULT: {"using":"xpath","value":"//input[@id=\"application-managesites-display-component---NewSite--addressDetailDetailsPartner-inner\"]"}
COMMAND: POST /session/c8be2085c0e5dd8418678e9c76522247/element - {"using":"xpath","value":"//input[@id=\"application-managesites-display-component---NewSite--addressDetailDetailsPartner-inner\"]"}
RESULT: {"using":"xpath","value":"//input[@id=\"application-managesites-display-component---NewSite--addressDetailDetailsPartner-inner\"]"}
COMMAND: POST /session/c8be2085c0e5dd8418678e9c76522247/element - {"using":"xpath","value":"//button[@data-kt=\"saveButton\"]"}
RESULT: {"using":"xpath","value":"//button[@data-kt=\"saveButton\"]"}
COMMAND: POST /session/c8be2085c0e5dd8418678e9c76522247/element/f.59A644A74ED233CCADDF2157A5466830.d.921BC06AFF9A0FF8998541A28736B03A.e.6623/click - {}
RESULT: {}
COMMAND: GET /session/c8be2085c0e5dd8418678e9c76522247/screenshot - {}
RESULT: {}
COMMAND: POST /session/c8be2085c0e5dd8418678e9c76522247/element - {"using":"xpath","value":"//header[contains(@id, 'ObjectPageLayout-headerTitle')]/div[1]/div[2]/div[2]/span[1]"}
RESULT: {"using":"xpath","value":"//header[contains(@id, 'ObjectPageLayout-headerTitle')]/div[1]/div[2]/div[2]/span[1]"}
COMMAND: POST /session/c8be2085c0e5dd8418678e9c76522247/elements - {"using":"xpath","value":"//header[contains(@id, 'ObjectPageLayout-headerTitle')]/div[1]/div[2]/div[2]/span[1]"}
RESULT: {"using":"xpath","value":"//header[contains(@id, 'ObjectPageLayout-headerTitle')]/div[1]/div[2]/div[2]/span[1]"}
COMMAND: POST /session/c8be2085c0e5dd8418678e9c76522247/execute/sync - {"script":"<script> [56 bytes]","args":[{"element-6066-11e4-a52e-4f735466cecf":"f.59A644A74ED233CCADDF2157A5466830.d.921BC06AFF9A0FF8998541A28736B03A.e.6904","ELEMENT":"f.59A644A74ED233CCADDF2157A5466830.d.921BC06AFF9A0FF8998541A28736B03A.e.6904"}]}
RESULT: {"script":"<script> [56 bytes]","args":[{"element-6066-11e4-a52e-4f735466cecf":"f.59A644A74ED233CCADDF2157A5466830.d.921BC06AFF9A0FF8998541A28736B03A.e.6904","ELEMENT":"f.59A644A74ED233CCADDF2157A5466830.d.921BC06AFF9A0FF8998541A28736B03A.e.6904"}]}
COMMAND: POST /session/c8be2085c0e5dd8418678e9c76522247/element - {"using":"css selector","value":"#shell-header-logo"}
COMMAND: GET /session/c8be2085c0e5dd8418678e9c76522247/screenshot - {}
RESULT: {"using":"css selector","value":"#shell-header-logo"}
COMMAND: POST /session/c8be2085c0e5dd8418678e9c76522247/element/f.59A644A74ED233CCADDF2157A5466830.d.921BC06AFF9A0FF8998541A28736B03A.e.6196/click - {}
RESULT: {}
RESULT: {}
COMMAND: GET /session/c8be2085c0e5dd8418678e9c76522247/screenshot - {}
RESULT: {}
COMMAND: POST /session/c8be2085c0e5dd8418678e9c76522247/execute/sync - {"script":"<script> [299 bytes]","args":[["getModel","getResource"]]}
RESULT: {"script":"<script> [299 bytes]","args":[["getModel","getResource"]]}
COMMAND: POST /session/c8be2085c0e5dd8418678e9c76522247/actions - {"actions":[{"id":"action25","type":"key","parameters":{},"actions":[{"type":"keyDown","value":"î€‡"},{"type":"pause","duration":10},{"type":"keyUp","value":"î€‡"}]}]}
COMMAND: GET /session/c8be2085c0e5dd8418678e9c76522247/screenshot - {}
RESULT: {"actions":[{"id":"action25","type":"key","parameters":{},"actions":[{"type":"keyDown","value":"î€‡"},{"type":"pause","duration":10},{"type":"keyUp","value":"î€‡"}]}]}
COMMAND: GET /session/c8be2085c0e5dd8418678e9c76522247/screenshot - {}
RESULT: {}
RESULT: {}
COMMAND: POST /session/c8be2085c0e5dd8418678e9c76522247/refresh - {}
RESULT: {}
COMMAND: GET /session/c8be2085c0e5dd8418678e9c76522247/screenshot - {}
RESULT: {}
COMMAND: POST /session/c8be2085c0e5dd8418678e9c76522247/refresh - {}
RESULT: {}
COMMAND: GET /session/c8be2085c0e5dd8418678e9c76522247/screenshot - {}
RESULT: {}
COMMAND: POST /session/c8be2085c0e5dd8418678e9c76522247/window/fullscreen - {}
RESULT: {}
COMMAND: POST /session/c8be2085c0e5dd8418678e9c76522247/execute/async - {"script":"<script> [189 bytes]","args":[]}
RESULT: {"script":"<script> [189 bytes]","args":[]}
COMMAND: POST /session/c8be2085c0e5dd8418678e9c76522247/execute/async - {"script":"<script> [123 bytes]","args":[]}
RESULT: {"script":"<script> [123 bytes]","args":[]}
COMMAND: POST /session/c8be2085c0e5dd8418678e9c76522247/timeouts - {"script":"<number>"}
RESULT: {"script":"<number>"}
COMMAND: GET /session/c8be2085c0e5dd8418678e9c76522247/timeouts - {}
RESULT: {}
RESULT: undefined
COMMAND: POST /session/c8be2085c0e5dd8418678e9c76522247/execute/async - {"script":"<script> [2676 bytes]","args":[]}
RESULT: {"script":"<script> [2676 bytes]","args":[]}
COMMAND: POST /session/c8be2085c0e5dd8418678e9c76522247/execute/async - {"script":"<script> [2342 bytes]","args":[{"protocol":"http","hostname":"0.0.0.0","path":"/","capabilities":{"browserName":"chrome","goog:chromeOptions":{"binary":"C:\\Program Files\\Google\\Chrome\\Application\\chrome.exe","args":["--start-maximized"]}},"logLevel":"warn","connectionRetryTimeout":120000,"connectionRetryCount":3,"logLevels":{},"enableDirectConnect":true,"strictSSL":true,"_":"65 more keys: [\"cacheDir\",\"port\",\"requestedCapabilities\",\"automationProtocol\",\"baseUrl\",\"waitforInterval\",\"waitforTimeout\",\"onReload\",\"beforeCommand\",\"afterCommand\",\"rootDir\",\"specs\",\"suites\",\"exclude\",\"groupLogsByTestSpec\",\"excludeDriverLogs\",\"bail\",\"framework\",\"reporters\",\"services\",\"maxInstances\",\"maxInstancesPerCapability\",\"injectGlobals\",\"filesToWatch\",\"execArgv\",\"runnerEnv\",\"runner\",\"shard\",\"specFileRetries\",\"specFileRetriesDelay\",\"specFileRetriesDeferred\",\"reporterSyncInterval\",\"reporterSyncTimeout\",\"cucumberFeaturesWithLineNumbers\",\"autoCompileOpts\",\"mochaOpts\",\"jasmineOpts\",\"cucumberOpts\",\"onPrepare\",\"onWorkerStart\",\"onWorkerEnd\",\"before\",\"beforeSession\",\"beforeSuite\",\"beforeHook\",\"beforeTest\",\"afterTest\",\"afterHook\",\"afterSuite\",\"afterSession\",\"after\",\"onComplete\",\"beforeAssertion\",\"afterAssertion\",\"beforeFeature\",\"beforeScenario\",\"beforeStep\",\"afterStep\",\"afterScenario\",\"afterFeature\",\"_\",\"suite\",\"$0\",\"ignoredWorkerServices\",\"wdi5\"]"}]}
RESULT: {"script":"<script> [2342 bytes]","args":[{"protocol":"http","hostname":"0.0.0.0","path":"/","capabilities":{"browserName":"chrome","goog:chromeOptions":{"binary":"C:\\Program Files\\Google\\Chrome\\Application\\chrome.exe","args":["--start-maximized"]}},"logLevel":"warn","connectionRetryTimeout":120000,"connectionRetryCount":3,"logLevels":{},"enableDirectConnect":true,"strictSSL":true,"_":"65 more keys: [\"cacheDir\",\"port\",\"requestedCapabilities\",\"automationProtocol\",\"baseUrl\",\"waitforInterval\",\"waitforTimeout\",\"onReload\",\"beforeCommand\",\"afterCommand\",\"rootDir\",\"specs\",\"suites\",\"exclude\",\"groupLogsByTestSpec\",\"excludeDriverLogs\",\"bail\",\"framework\",\"reporters\",\"services\",\"maxInstances\",\"maxInstancesPerCapability\",\"injectGlobals\",\"filesToWatch\",\"execArgv\",\"runnerEnv\",\"runner\",\"shard\",\"specFileRetries\",\"specFileRetriesDelay\",\"specFileRetriesDeferred\",\"reporterSyncInterval\",\"reporterSyncTimeout\",\"cucumberFeaturesWithLineNumbers\",\"autoCompileOpts\",\"mochaOpts\",\"jasmineOpts\",\"cucumberOpts\",\"onPrepare\",\"onWorkerStart\",\"onWorkerEnd\",\"before\",\"beforeSession\",\"beforeSuite\",\"beforeHook\",\"beforeTest\",\"afterTest\",\"afterHook\",\"afterSuite\",\"afterSession\",\"after\",\"onComplete\",\"beforeAssertion\",\"afterAssertion\",\"beforeFeature\",\"beforeScenario\",\"beforeStep\",\"afterStep\",\"afterScenario\",\"afterFeature\",\"_\",\"suite\",\"$0\",\"ignoredWorkerServices\",\"wdi5\"]"}]}
COMMAND: POST /session/c8be2085c0e5dd8418678e9c76522247/execute/async - {"script":"<script> [21126 bytes]","args":[35000]}
RESULT: {"script":"<script> [21126 bytes]","args":[35000]}
COMMAND: POST /session/c8be2085c0e5dd8418678e9c76522247/window/fullscreen - {}
RESULT: {}
]]></system-out>
    </testcase>
    <testcase classname="chrome.136_0_7103_93.windows.Create_master_data_for_mixed_billing_&amp;_do_billing_calculation_US151661" name="Should create a new equipment and add a counter to it" time="170.449">
      <system-out><![CDATA[
COMMAND: POST /session/c8be2085c0e5dd8418678e9c76522247/execute/async - {"script":"<script> [1562 bytes]","args":[{"selector":{"controlType":"sap.m.GenericTile","properties":{"header":"Manage Resources"}},"wdio_ui5_key":"sapm.GenericTile{\"header\":\"Manage Resources\"}"}]}
RESULT: {"script":"<script> [1562 bytes]","args":[{"selector":{"controlType":"sap.m.GenericTile","properties":{"header":"Manage Resources"}},"wdio_ui5_key":"sapm.GenericTile{\"header\":\"Manage Resources\"}"}]}
RESULT: undefined
COMMAND: POST /session/c8be2085c0e5dd8418678e9c76522247/element - {"using":"xpath","value":"//*[@id=\"__tile31\"]"}
RESULT: {"using":"xpath","value":"//*[@id=\"__tile31\"]"}
COMMAND: POST /session/c8be2085c0e5dd8418678e9c76522247/element/f.59A644A74ED233CCADDF2157A5466830.d.B426B292118AC112435D00C8751784A2.e.6976/click - {}
RESULT: {}
COMMAND: GET /session/c8be2085c0e5dd8418678e9c76522247/screenshot - {}
RESULT: {}
COMMAND: POST /session/c8be2085c0e5dd8418678e9c76522247/elements - {"using":"xpath","value":"//span[text()='Error']"}
RESULT: {"using":"xpath","value":"//span[text()='Error']"}
COMMAND: POST /session/c8be2085c0e5dd8418678e9c76522247/element - {"using":"xpath","value":"//button[@data-kt=\"addNewRUOverflowToolbarButton\"]"}
RESULT: {"using":"xpath","value":"//button[@data-kt=\"addNewRUOverflowToolbarButton\"]"}
COMMAND: POST /session/c8be2085c0e5dd8418678e9c76522247/elements - {"using":"xpath","value":"//button[@data-kt=\"addNewRUOverflowToolbarButton\"]"}
RESULT: {"using":"xpath","value":"//button[@data-kt=\"addNewRUOverflowToolbarButton\"]"}
COMMAND: POST /session/c8be2085c0e5dd8418678e9c76522247/elements - {"using":"xpath","value":"//button[@data-kt=\"addNewRUOverflowToolbarButton\"]"}
RESULT: {"using":"xpath","value":"//button[@data-kt=\"addNewRUOverflowToolbarButton\"]"}
COMMAND: POST /session/c8be2085c0e5dd8418678e9c76522247/element - {"using":"xpath","value":"//button[@data-kt=\"addNewRUOverflowToolbarButton\"]"}
RESULT: {"using":"xpath","value":"//button[@data-kt=\"addNewRUOverflowToolbarButton\"]"}
COMMAND: POST /session/c8be2085c0e5dd8418678e9c76522247/execute/sync - {"script":"<script> [8489 bytes]","args":[{"element-6066-11e4-a52e-4f735466cecf":"f.59A644A74ED233CCADDF2157A5466830.d.B426B292118AC112435D00C8751784A2.e.7084","ELEMENT":"f.59A644A74ED233CCADDF2157A5466830.d.B426B292118AC112435D00C8751784A2.e.7084"}]}
RESULT: {"script":"<script> [8489 bytes]","args":[{"element-6066-11e4-a52e-4f735466cecf":"f.59A644A74ED233CCADDF2157A5466830.d.B426B292118AC112435D00C8751784A2.e.7084","ELEMENT":"f.59A644A74ED233CCADDF2157A5466830.d.B426B292118AC112435D00C8751784A2.e.7084"}]}
COMMAND: GET /session/c8be2085c0e5dd8418678e9c76522247/element/f.59A644A74ED233CCADDF2157A5466830.d.B426B292118AC112435D00C8751784A2.e.7084/enabled - {}
COMMAND: GET /session/c8be2085c0e5dd8418678e9c76522247/screenshot - {}
RESULT: {}
COMMAND: POST /session/c8be2085c0e5dd8418678e9c76522247/execute/sync - {"script":"<script> [8489 bytes]","args":[{"element-6066-11e4-a52e-4f735466cecf":"f.59A644A74ED233CCADDF2157A5466830.d.B426B292118AC112435D00C8751784A2.e.7084","ELEMENT":"f.59A644A74ED233CCADDF2157A5466830.d.B426B292118AC112435D00C8751784A2.e.7084"}]}
COMMAND: GET /session/c8be2085c0e5dd8418678e9c76522247/screenshot - {}
RESULT: {}
RESULT: {"script":"<script> [8489 bytes]","args":[{"element-6066-11e4-a52e-4f735466cecf":"f.59A644A74ED233CCADDF2157A5466830.d.B426B292118AC112435D00C8751784A2.e.7084","ELEMENT":"f.59A644A74ED233CCADDF2157A5466830.d.B426B292118AC112435D00C8751784A2.e.7084"}]}
COMMAND: POST /session/c8be2085c0e5dd8418678e9c76522247/execute/sync - {"script":"<script> [5351 bytes]","args":[{"element-6066-11e4-a52e-4f735466cecf":"f.59A644A74ED233CCADDF2157A5466830.d.B426B292118AC112435D00C8751784A2.e.7084","ELEMENT":"f.59A644A74ED233CCADDF2157A5466830.d.B426B292118AC112435D00C8751784A2.e.7084"}]}
COMMAND: GET /session/c8be2085c0e5dd8418678e9c76522247/screenshot - {}
RESULT: {}
RESULT: {"script":"<script> [5351 bytes]","args":[{"element-6066-11e4-a52e-4f735466cecf":"f.59A644A74ED233CCADDF2157A5466830.d.B426B292118AC112435D00C8751784A2.e.7084","ELEMENT":"f.59A644A74ED233CCADDF2157A5466830.d.B426B292118AC112435D00C8751784A2.e.7084"}]}
COMMAND: POST /session/c8be2085c0e5dd8418678e9c76522247/element/f.59A644A74ED233CCADDF2157A5466830.d.B426B292118AC112435D00C8751784A2.e.7084/click - {}
COMMAND: GET /session/c8be2085c0e5dd8418678e9c76522247/screenshot - {}
RESULT: {}
RESULT: {}
COMMAND: GET /session/c8be2085c0e5dd8418678e9c76522247/screenshot - {}
RESULT: {}
RESULT: {}
COMMAND: POST /session/c8be2085c0e5dd8418678e9c76522247/execute/async - {"script":"<script> [1562 bytes]","args":[{"selector":{"id":"application-manageresources-display-component---newResourceUnit--TYPE-arrow"},"wdio_ui5_key":"applicationmanageresources-display-component---newResourceUnit--TYPE-arrow"}]}
RESULT: {"script":"<script> [1562 bytes]","args":[{"selector":{"id":"application-manageresources-display-component---newResourceUnit--TYPE-arrow"},"wdio_ui5_key":"applicationmanageresources-display-component---newResourceUnit--TYPE-arrow"}]}
RESULT: undefined
COMMAND: POST /session/c8be2085c0e5dd8418678e9c76522247/element - {"using":"xpath","value":"//*[@id=\"application-manageresources-display-component---newResourceUnit--TYPE-arrow\"]"}
RESULT: {"using":"xpath","value":"//*[@id=\"application-manageresources-display-component---newResourceUnit--TYPE-arrow\"]"}
COMMAND: POST /session/c8be2085c0e5dd8418678e9c76522247/element/f.59A644A74ED233CCADDF2157A5466830.d.B426B292118AC112435D00C8751784A2.e.7458/click - {}
RESULT: {}
COMMAND: POST /session/c8be2085c0e5dd8418678e9c76522247/element - {"using":"xpath","value":"//input[@id=\"application-manageresources-display-component---newResourceUnit--TYPE-inner\"]"}
COMMAND: GET /session/c8be2085c0e5dd8418678e9c76522247/screenshot - {}
RESULT: {"using":"xpath","value":"//input[@id=\"application-manageresources-display-component---newResourceUnit--TYPE-inner\"]"}
COMMAND: POST /session/c8be2085c0e5dd8418678e9c76522247/element/f.59A644A74ED233CCADDF2157A5466830.d.B426B292118AC112435D00C8751784A2.e.7440/clear - {}
RESULT: {}
RESULT: {}
COMMAND: POST /session/c8be2085c0e5dd8418678e9c76522247/element/f.59A644A74ED233CCADDF2157A5466830.d.B426B292118AC112435D00C8751784A2.e.7440/value - {"text":"Equipment"}
COMMAND: GET /session/c8be2085c0e5dd8418678e9c76522247/screenshot - {}
RESULT: {"text":"Equipment"}
COMMAND: GET /session/c8be2085c0e5dd8418678e9c76522247/screenshot - {}
RESULT: {}
RESULT: {}
COMMAND: POST /session/c8be2085c0e5dd8418678e9c76522247/actions - {"actions":[{"id":"action26","type":"key","parameters":{},"actions":[{"type":"keyDown","value":"î€‡"},{"type":"pause","duration":10},{"type":"keyUp","value":"î€‡"}]}]}
RESULT: {"actions":[{"id":"action26","type":"key","parameters":{},"actions":[{"type":"keyDown","value":"î€‡"},{"type":"pause","duration":10},{"type":"keyUp","value":"î€‡"}]}]}
COMMAND: POST /session/c8be2085c0e5dd8418678e9c76522247/execute/async - {"script":"<script> [1562 bytes]","args":[{"selector":{"id":"application-manageresources-display-component---newResourceUnit--resourceId","interaction":{"idSuffix":"inner"}},"wdio_ui5_key":"applicationmanageresources-display-component---newResourceUnit--resourceId"}]}
COMMAND: GET /session/c8be2085c0e5dd8418678e9c76522247/screenshot - {}
RESULT: {"script":"<script> [1562 bytes]","args":[{"selector":{"id":"application-manageresources-display-component---newResourceUnit--resourceId","interaction":{"idSuffix":"inner"}},"wdio_ui5_key":"applicationmanageresources-display-component---newResourceUnit--resourceId"}]}
RESULT: undefined
COMMAND: POST /session/c8be2085c0e5dd8418678e9c76522247/execute/async - {"script":"<script> [776 bytes]","args":[{"enterText":"vT3REVuyOg","selector":{"id":"application-manageresources-display-component---newResourceUnit--resourceId","interaction":{"idSuffix":"inner"}},"clearTextFirst":true,"interactionType":"ENTER_TEXT"}]}
RESULT: {}
RESULT: {"script":"<script> [776 bytes]","args":[{"enterText":"vT3REVuyOg","selector":{"id":"application-manageresources-display-component---newResourceUnit--resourceId","interaction":{"idSuffix":"inner"}},"clearTextFirst":true,"interactionType":"ENTER_TEXT"}]}
COMMAND: POST /session/c8be2085c0e5dd8418678e9c76522247/execute/async - {"script":"<script> [1562 bytes]","args":[{"selector":{"id":"application-manageresources-display-component---newResourceUnit--SHORT_TEXT","interaction":{"idSuffix":"inner"}},"wdio_ui5_key":"applicationmanageresources-display-component---newResourceUnit--SHORT_TEXT"}]}
RESULT: {"script":"<script> [1562 bytes]","args":[{"selector":{"id":"application-manageresources-display-component---newResourceUnit--SHORT_TEXT","interaction":{"idSuffix":"inner"}},"wdio_ui5_key":"applicationmanageresources-display-component---newResourceUnit--SHORT_TEXT"}]}
RESULT: undefined
COMMAND: POST /session/c8be2085c0e5dd8418678e9c76522247/execute/async - {"script":"<script> [776 bytes]","args":[{"enterText":"Intercompany Equipment WDIO","selector":{"id":"application-manageresources-display-component---newResourceUnit--SHORT_TEXT","interaction":{"idSuffix":"inner"}},"clearTextFirst":true,"interactionType":"ENTER_TEXT"}]}
RESULT: {"script":"<script> [776 bytes]","args":[{"enterText":"Intercompany Equipment WDIO","selector":{"id":"application-manageresources-display-component---newResourceUnit--SHORT_TEXT","interaction":{"idSuffix":"inner"}},"clearTextFirst":true,"interactionType":"ENTER_TEXT"}]}
COMMAND: POST /session/c8be2085c0e5dd8418678e9c76522247/execute/async - {"script":"<script> [1562 bytes]","args":[{"selector":{"id":"application-manageresources-display-component---newResourceUnit--BASE_UNIT_OF_MEASURE","interaction":{"idSuffix":"inner"}},"wdio_ui5_key":"applicationmanageresources-display-component---newResourceUnit--BASE_UNIT_OF_MEASURE"}]}
RESULT: {"script":"<script> [1562 bytes]","args":[{"selector":{"id":"application-manageresources-display-component---newResourceUnit--BASE_UNIT_OF_MEASURE","interaction":{"idSuffix":"inner"}},"wdio_ui5_key":"applicationmanageresources-display-component---newResourceUnit--BASE_UNIT_OF_MEASURE"}]}
RESULT: undefined
COMMAND: POST /session/c8be2085c0e5dd8418678e9c76522247/execute/async - {"script":"<script> [776 bytes]","args":[{"enterText":"Piece","selector":{"id":"application-manageresources-display-component---newResourceUnit--BASE_UNIT_OF_MEASURE","interaction":{"idSuffix":"inner"}},"clearTextFirst":true,"interactionType":"ENTER_TEXT"}]}
RESULT: {"script":"<script> [776 bytes]","args":[{"enterText":"Piece","selector":{"id":"application-manageresources-display-component---newResourceUnit--BASE_UNIT_OF_MEASURE","interaction":{"idSuffix":"inner"}},"clearTextFirst":true,"interactionType":"ENTER_TEXT"}]}
COMMAND: POST /session/c8be2085c0e5dd8418678e9c76522247/execute/async - {"script":"<script> [1562 bytes]","args":[{"selector":{"id":"application-manageresources-display-component---newResourceUnit--WEIGHT_UNIT","interaction":{"idSuffix":"inner"}},"wdio_ui5_key":"applicationmanageresources-display-component---newResourceUnit--WEIGHT_UNIT"}]}
RESULT: {"script":"<script> [1562 bytes]","args":[{"selector":{"id":"application-manageresources-display-component---newResourceUnit--WEIGHT_UNIT","interaction":{"idSuffix":"inner"}},"wdio_ui5_key":"applicationmanageresources-display-component---newResourceUnit--WEIGHT_UNIT"}]}
RESULT: undefined
COMMAND: POST /session/c8be2085c0e5dd8418678e9c76522247/execute/async - {"script":"<script> [776 bytes]","args":[{"enterText":"Gram","selector":{"id":"application-manageresources-display-component---newResourceUnit--WEIGHT_UNIT","interaction":{"idSuffix":"inner"}},"clearTextFirst":true,"interactionType":"ENTER_TEXT"}]}
RESULT: {"script":"<script> [776 bytes]","args":[{"enterText":"Gram","selector":{"id":"application-manageresources-display-component---newResourceUnit--WEIGHT_UNIT","interaction":{"idSuffix":"inner"}},"clearTextFirst":true,"interactionType":"ENTER_TEXT"}]}
COMMAND: POST /session/c8be2085c0e5dd8418678e9c76522247/execute/async - {"script":"<script> [1562 bytes]","args":[{"selector":{"id":"application-manageresources-display-component---newResourceUnit--DIMENSION_UNIT","interaction":{"idSuffix":"inner"}},"wdio_ui5_key":"applicationmanageresources-display-component---newResourceUnit--DIMENSION_UNIT"}]}
RESULT: {"script":"<script> [1562 bytes]","args":[{"selector":{"id":"application-manageresources-display-component---newResourceUnit--DIMENSION_UNIT","interaction":{"idSuffix":"inner"}},"wdio_ui5_key":"applicationmanageresources-display-component---newResourceUnit--DIMENSION_UNIT"}]}
RESULT: undefined
COMMAND: POST /session/c8be2085c0e5dd8418678e9c76522247/execute/async - {"script":"<script> [776 bytes]","args":[{"enterText":"Meter","selector":{"id":"application-manageresources-display-component---newResourceUnit--DIMENSION_UNIT","interaction":{"idSuffix":"inner"}},"clearTextFirst":true,"interactionType":"ENTER_TEXT"}]}
RESULT: {"script":"<script> [776 bytes]","args":[{"enterText":"Meter","selector":{"id":"application-manageresources-display-component---newResourceUnit--DIMENSION_UNIT","interaction":{"idSuffix":"inner"}},"clearTextFirst":true,"interactionType":"ENTER_TEXT"}]}
COMMAND: POST /session/c8be2085c0e5dd8418678e9c76522247/execute/async - {"script":"<script> [1562 bytes]","args":[{"selector":{"id":"application-manageresources-display-component---newResourceUnit--newRRUPage-anchBar-application-manageresources-display-component---newResourceUnit--control-anchor","interaction":{"idSuffix":"BDI-content"}},"wdio_ui5_key":"applicationmanageresources-display-component---newResourceUnit--newRRUPage-anchBar-application-manageresources-display-component---newResourceUnit--control-anchor"}]}
RESULT: {"script":"<script> [1562 bytes]","args":[{"selector":{"id":"application-manageresources-display-component---newResourceUnit--newRRUPage-anchBar-application-manageresources-display-component---newResourceUnit--control-anchor","interaction":{"idSuffix":"BDI-content"}},"wdio_ui5_key":"applicationmanageresources-display-component---newResourceUnit--newRRUPage-anchBar-application-manageresources-display-component---newResourceUnit--control-anchor"}]}
RESULT: undefined
COMMAND: POST /session/c8be2085c0e5dd8418678e9c76522247/element - {"using":"xpath","value":"//*[@id=\"application-manageresources-display-component---newResourceUnit--newRRUPage-anchBar-application-manageresources-display-component---newResourceUnit--control-anchor\"]"}
RESULT: {"using":"xpath","value":"//*[@id=\"application-manageresources-display-component---newResourceUnit--newRRUPage-anchBar-application-manageresources-display-component---newResourceUnit--control-anchor\"]"}
COMMAND: POST /session/c8be2085c0e5dd8418678e9c76522247/element/f.59A644A74ED233CCADDF2157A5466830.d.B426B292118AC112435D00C8751784A2.e.7619/click - {}
RESULT: {}
COMMAND: POST /session/c8be2085c0e5dd8418678e9c76522247/execute/async - {"script":"<script> [1562 bytes]","args":[{"selector":{"id":"application-manageresources-display-component---newResourceUnit--PLANNING_GROUP","interaction":{"idSuffix":"inner"}},"wdio_ui5_key":"applicationmanageresources-display-component---newResourceUnit--PLANNING_GROUP"}]}
COMMAND: GET /session/c8be2085c0e5dd8418678e9c76522247/screenshot - {}
RESULT: {"script":"<script> [1562 bytes]","args":[{"selector":{"id":"application-manageresources-display-component---newResourceUnit--PLANNING_GROUP","interaction":{"idSuffix":"inner"}},"wdio_ui5_key":"applicationmanageresources-display-component---newResourceUnit--PLANNING_GROUP"}]}
RESULT: undefined
COMMAND: POST /session/c8be2085c0e5dd8418678e9c76522247/execute/async - {"script":"<script> [776 bytes]","args":[{"enterText":"Heavy Equi","selector":{"id":"application-manageresources-display-component---newResourceUnit--PLANNING_GROUP","interaction":{"idSuffix":"inner"}},"clearTextFirst":true,"interactionType":"ENTER_TEXT"}]}
RESULT: {}
RESULT: {"script":"<script> [776 bytes]","args":[{"enterText":"Heavy Equi","selector":{"id":"application-manageresources-display-component---newResourceUnit--PLANNING_GROUP","interaction":{"idSuffix":"inner"}},"clearTextFirst":true,"interactionType":"ENTER_TEXT"}]}
COMMAND: POST /session/c8be2085c0e5dd8418678e9c76522247/execute/async - {"script":"<script> [1562 bytes]","args":[{"selector":{"id":"application-manageresources-display-component---newResourceUnit--ITEM_TYPE-arrow"},"wdio_ui5_key":"applicationmanageresources-display-component---newResourceUnit--ITEM_TYPE-arrow"}]}
RESULT: {"script":"<script> [1562 bytes]","args":[{"selector":{"id":"application-manageresources-display-component---newResourceUnit--ITEM_TYPE-arrow"},"wdio_ui5_key":"applicationmanageresources-display-component---newResourceUnit--ITEM_TYPE-arrow"}]}
RESULT: undefined
COMMAND: POST /session/c8be2085c0e5dd8418678e9c76522247/element - {"using":"xpath","value":"//*[@id=\"application-manageresources-display-component---newResourceUnit--ITEM_TYPE-arrow\"]"}
RESULT: {"using":"xpath","value":"//*[@id=\"application-manageresources-display-component---newResourceUnit--ITEM_TYPE-arrow\"]"}
COMMAND: POST /session/c8be2085c0e5dd8418678e9c76522247/element/f.59A644A74ED233CCADDF2157A5466830.d.B426B292118AC112435D00C8751784A2.e.7628/click - {}
RESULT: {}
COMMAND: POST /session/c8be2085c0e5dd8418678e9c76522247/element - {"using":"xpath","value":"//ul[contains(@id,\"ITEM_TYPE-popup-list-listUl\")]//li[.//span[contains(text(),\"Resource Unit\")]]"}
COMMAND: GET /session/c8be2085c0e5dd8418678e9c76522247/screenshot - {}
RESULT: {"using":"xpath","value":"//ul[contains(@id,\"ITEM_TYPE-popup-list-listUl\")]//li[.//span[contains(text(),\"Resource Unit\")]]"}
COMMAND: POST /session/c8be2085c0e5dd8418678e9c76522247/element/f.59A644A74ED233CCADDF2157A5466830.d.B426B292118AC112435D00C8751784A2.e.7629/click - {}
RESULT: {}
RESULT: {}
COMMAND: GET /session/c8be2085c0e5dd8418678e9c76522247/screenshot - {}
RESULT: {}
COMMAND: POST /session/c8be2085c0e5dd8418678e9c76522247/element - {"using":"css selector","value":"#application-manageresources-display-component---newResourceUnit--btnAddTimeSegment"}
RESULT: {"using":"css selector","value":"#application-manageresources-display-component---newResourceUnit--btnAddTimeSegment"}
COMMAND: GET /session/c8be2085c0e5dd8418678e9c76522247/element/f.59A644A74ED233CCADDF2157A5466830.d.B426B292118AC112435D00C8751784A2.e.7637/rect - {}
RESULT: {}
COMMAND: GET /session/c8be2085c0e5dd8418678e9c76522247/window/rect - {}
RESULT: {}
COMMAND: POST /session/c8be2085c0e5dd8418678e9c76522247/execute/sync - {"script":"<script> [92 bytes]","args":[]}
RESULT: {"script":"<script> [92 bytes]","args":[]}
COMMAND: POST /session/c8be2085c0e5dd8418678e9c76522247/actions - {"actions":[{"id":"action27","type":"wheel","parameters":{},"actions":[{"type":"scroll","x":-1888,"y":-32,"deltaX":0,"deltaY":0,"duration":0,"origin":{"element-6066-11e4-a52e-4f735466cecf":"f.59A644A74ED233CCADDF2157A5466830.d.B426B292118AC112435D00C8751784A2.e.7637"}}]}]}
COMMAND: GET /session/c8be2085c0e5dd8418678e9c76522247/screenshot - {}
RESULT: {}
COMMAND: POST /session/c8be2085c0e5dd8418678e9c76522247/execute/sync - {"script":"<script> [79 bytes]","args":[{"element-6066-11e4-a52e-4f735466cecf":"f.59A644A74ED233CCADDF2157A5466830.d.B426B292118AC112435D00C8751784A2.e.7637","ELEMENT":"f.59A644A74ED233CCADDF2157A5466830.d.B426B292118AC112435D00C8751784A2.e.7637"},{"block":"start","inline":"nearest"}]}
RESULT: {"script":"<script> [79 bytes]","args":[{"element-6066-11e4-a52e-4f735466cecf":"f.59A644A74ED233CCADDF2157A5466830.d.B426B292118AC112435D00C8751784A2.e.7637","ELEMENT":"f.59A644A74ED233CCADDF2157A5466830.d.B426B292118AC112435D00C8751784A2.e.7637"},{"block":"start","inline":"nearest"}]}
COMMAND: POST /session/c8be2085c0e5dd8418678e9c76522247/execute/async - {"script":"<script> [1562 bytes]","args":[{"selector":{"id":"application-manageresources-display-component---newResourceUnit--btnAddTimeSegment","interaction":{"idSuffix":"inner"}},"wdio_ui5_key":"applicationmanageresources-display-component---newResourceUnit--btnAddTimeSegment"}]}
COMMAND: GET /session/c8be2085c0e5dd8418678e9c76522247/screenshot - {}
RESULT: {"script":"<script> [1562 bytes]","args":[{"selector":{"id":"application-manageresources-display-component---newResourceUnit--btnAddTimeSegment","interaction":{"idSuffix":"inner"}},"wdio_ui5_key":"applicationmanageresources-display-component---newResourceUnit--btnAddTimeSegment"}]}
RESULT: undefined
COMMAND: POST /session/c8be2085c0e5dd8418678e9c76522247/element - {"using":"xpath","value":"//*[@id=\"application-manageresources-display-component---newResourceUnit--btnAddTimeSegment\"]"}
RESULT: {}
RESULT: {"using":"xpath","value":"//*[@id=\"application-manageresources-display-component---newResourceUnit--btnAddTimeSegment\"]"}
COMMAND: POST /session/c8be2085c0e5dd8418678e9c76522247/element/f.59A644A74ED233CCADDF2157A5466830.d.B426B292118AC112435D00C8751784A2.e.7637/click - {}
RESULT: {}
COMMAND: GET /session/c8be2085c0e5dd8418678e9c76522247/screenshot - {}
RESULT: {}
COMMAND: POST /session/c8be2085c0e5dd8418678e9c76522247/element - {"using":"xpath","value":"//input[@id=\"application-manageresources-display-component---newResourceUnit--idRuTSAdmin-application-manageresources-display-component---newResourceUnit--RUTimeSegment-0-inner\"]"}
RESULT: {"using":"xpath","value":"//input[@id=\"application-manageresources-display-component---newResourceUnit--idRuTSAdmin-application-manageresources-display-component---newResourceUnit--RUTimeSegment-0-inner\"]"}
COMMAND: POST /session/c8be2085c0e5dd8418678e9c76522247/element/f.59A644A74ED233CCADDF2157A5466830.d.B426B292118AC112435D00C8751784A2.e.7643/clear - {}
RESULT: {}
COMMAND: POST /session/c8be2085c0e5dd8418678e9c76522247/element/f.59A644A74ED233CCADDF2157A5466830.d.B426B292118AC112435D00C8751784A2.e.7643/value - {"text":"599"}
COMMAND: GET /session/c8be2085c0e5dd8418678e9c76522247/screenshot - {}
RESULT: {"text":"599"}
COMMAND: GET /session/c8be2085c0e5dd8418678e9c76522247/screenshot - {}
RESULT: {}
RESULT: {}
COMMAND: POST /session/c8be2085c0e5dd8418678e9c76522247/element - {"using":"xpath","value":"//li[.//span[text()='599']]"}
RESULT: {"using":"xpath","value":"//li[.//span[text()='599']]"}
COMMAND: POST /session/c8be2085c0e5dd8418678e9c76522247/element/f.59A644A74ED233CCADDF2157A5466830.d.B426B292118AC112435D00C8751784A2.e.7656/click - {}
RESULT: {}
COMMAND: GET /session/c8be2085c0e5dd8418678e9c76522247/screenshot - {}
RESULT: {}
COMMAND: POST /session/c8be2085c0e5dd8418678e9c76522247/element - {"using":"xpath","value":"(//span[contains(@id, \"-application-manageresources-display-component---newResourceUnit--RUTimeSegment-0-arrow\")])[6]"}
RESULT: {"using":"xpath","value":"(//span[contains(@id, \"-application-manageresources-display-component---newResourceUnit--RUTimeSegment-0-arrow\")])[6]"}
COMMAND: POST /session/c8be2085c0e5dd8418678e9c76522247/element/f.59A644A74ED233CCADDF2157A5466830.d.B426B292118AC112435D00C8751784A2.e.7657/click - {}
RESULT: {}
COMMAND: GET /session/c8be2085c0e5dd8418678e9c76522247/screenshot - {}
RESULT: {}
COMMAND: POST /session/c8be2085c0e5dd8418678e9c76522247/element - {"using":"xpath","value":"//span[contains(text(), \"PM Order\")]"}
RESULT: {"using":"xpath","value":"//span[contains(text(), \"PM Order\")]"}
COMMAND: POST /session/c8be2085c0e5dd8418678e9c76522247/element/f.59A644A74ED233CCADDF2157A5466830.d.B426B292118AC112435D00C8751784A2.e.7660/click - {}
RESULT: {}
COMMAND: GET /session/c8be2085c0e5dd8418678e9c76522247/screenshot - {}
RESULT: {}
COMMAND: POST /session/c8be2085c0e5dd8418678e9c76522247/element - {"using":"xpath","value":"(//span[contains(@id ,\"manageresources-display-component---newResourceUnit--RUTimeSegment-0-vhi\")])[1]"}
RESULT: {"using":"xpath","value":"(//span[contains(@id ,\"manageresources-display-component---newResourceUnit--RUTimeSegment-0-vhi\")])[1]"}
COMMAND: GET /session/c8be2085c0e5dd8418678e9c76522247/element/f.59A644A74ED233CCADDF2157A5466830.d.B426B292118AC112435D00C8751784A2.e.7664/rect - {}
RESULT: {}
COMMAND: GET /session/c8be2085c0e5dd8418678e9c76522247/window/rect - {}
RESULT: {}
COMMAND: POST /session/c8be2085c0e5dd8418678e9c76522247/execute/sync - {"script":"<script> [92 bytes]","args":[]}
RESULT: {"script":"<script> [92 bytes]","args":[]}
COMMAND: POST /session/c8be2085c0e5dd8418678e9c76522247/actions - {"actions":[{"id":"action28","type":"wheel","parameters":{},"actions":[{"type":"scroll","x":-869,"y":-24,"deltaX":0,"deltaY":0,"duration":0,"origin":{"element-6066-11e4-a52e-4f735466cecf":"f.59A644A74ED233CCADDF2157A5466830.d.B426B292118AC112435D00C8751784A2.e.7664"}}]}]}
COMMAND: GET /session/c8be2085c0e5dd8418678e9c76522247/screenshot - {}
RESULT: {"actions":[{"id":"action28","type":"wheel","parameters":{},"actions":[{"type":"scroll","x":-869,"y":-24,"deltaX":0,"deltaY":0,"duration":0,"origin":{"element-6066-11e4-a52e-4f735466cecf":"f.59A644A74ED233CCADDF2157A5466830.d.B426B292118AC112435D00C8751784A2.e.7664"}}]}]}
COMMAND: DELETE /session/c8be2085c0e5dd8418678e9c76522247/actions - {}
COMMAND: GET /session/c8be2085c0e5dd8418678e9c76522247/screenshot - {}
RESULT: {}
RESULT: {}
COMMAND: GET /session/c8be2085c0e5dd8418678e9c76522247/screenshot - {}
RESULT: {}
RESULT: {}
COMMAND: POST /session/c8be2085c0e5dd8418678e9c76522247/element/f.59A644A74ED233CCADDF2157A5466830.d.B426B292118AC112435D00C8751784A2.e.7664/click - {}
RESULT: {}
COMMAND: GET /session/c8be2085c0e5dd8418678e9c76522247/screenshot - {}
RESULT: {}
COMMAND: POST /session/c8be2085c0e5dd8418678e9c76522247/execute/async - {"script":"<script> [1562 bytes]","args":[{"selector":{"controlType":"sap.m.SearchField","properties":{"placeholder":"Search"},"searchOpenDialogs":true,"interaction":{"idSuffix":"I"}},"wdio_ui5_key":"sapm.SearchField{\"placeholder\":\"Search\"}"}]}
RESULT: {"script":"<script> [1562 bytes]","args":[{"selector":{"controlType":"sap.m.SearchField","properties":{"placeholder":"Search"},"searchOpenDialogs":true,"interaction":{"idSuffix":"I"}},"wdio_ui5_key":"sapm.SearchField{\"placeholder\":\"Search\"}"}]}
RESULT: undefined
COMMAND: POST /session/c8be2085c0e5dd8418678e9c76522247/execute/async - {"script":"<script> [776 bytes]","args":[{"enterText":"4000360","selector":{"controlType":"sap.m.SearchField","properties":{"placeholder":"Search"},"searchOpenDialogs":true,"interaction":{"idSuffix":"I"}},"clearTextFirst":true,"interactionType":"ENTER_TEXT"}]}
RESULT: {"script":"<script> [776 bytes]","args":[{"enterText":"4000360","selector":{"controlType":"sap.m.SearchField","properties":{"placeholder":"Search"},"searchOpenDialogs":true,"interaction":{"idSuffix":"I"}},"clearTextFirst":true,"interactionType":"ENTER_TEXT"}]}
COMMAND: POST /session/c8be2085c0e5dd8418678e9c76522247/actions - {"actions":[{"id":"action29","type":"key","parameters":{},"actions":[{"type":"keyDown","value":"î€‡"},{"type":"pause","duration":10},{"type":"keyUp","value":"î€‡"}]}]}
RESULT: {"actions":[{"id":"action29","type":"key","parameters":{},"actions":[{"type":"keyDown","value":"î€‡"},{"type":"pause","duration":10},{"type":"keyUp","value":"î€‡"}]}]}
COMMAND: GET /session/c8be2085c0e5dd8418678e9c76522247/screenshot - {}
RESULT: {}
COMMAND: POST /session/c8be2085c0e5dd8418678e9c76522247/element - {"using":"xpath","value":"//td/div/span[contains(text(), \"BGL Vehicles\")]"}
RESULT: {"using":"xpath","value":"//td/div/span[contains(text(), \"BGL Vehicles\")]"}
COMMAND: POST /session/c8be2085c0e5dd8418678e9c76522247/element/f.59A644A74ED233CCADDF2157A5466830.d.B426B292118AC112435D00C8751784A2.e.7686/click - {}
RESULT: {}
COMMAND: GET /session/c8be2085c0e5dd8418678e9c76522247/screenshot - {}
RESULT: {}
COMMAND: POST /session/c8be2085c0e5dd8418678e9c76522247/element - {"using":"xpath","value":"//bdi[contains(text(), \"OK\")]"}
RESULT: {"using":"xpath","value":"//bdi[contains(text(), \"OK\")]"}
COMMAND: POST /session/c8be2085c0e5dd8418678e9c76522247/element/f.59A644A74ED233CCADDF2157A5466830.d.B426B292118AC112435D00C8751784A2.e.7687/click - {}
RESULT: {}
COMMAND: GET /session/c8be2085c0e5dd8418678e9c76522247/screenshot - {}
RESULT: {}
COMMAND: POST /session/c8be2085c0e5dd8418678e9c76522247/execute/async - {"script":"<script> [1562 bytes]","args":[{"selector":{"id":"application-manageresources-display-component---newResourceUnit--newRRUPage-anchBar-application-manageresources-display-component---newResourceUnit--resource-anchor","interaction":{"idSuffix":"BDI-content"}},"wdio_ui5_key":"applicationmanageresources-display-component---newResourceUnit--newRRUPage-anchBar-application-manageresources-display-component---newResourceUnit--resource-anchor"}]}
RESULT: {"script":"<script> [1562 bytes]","args":[{"selector":{"id":"application-manageresources-display-component---newResourceUnit--newRRUPage-anchBar-application-manageresources-display-component---newResourceUnit--resource-anchor","interaction":{"idSuffix":"BDI-content"}},"wdio_ui5_key":"applicationmanageresources-display-component---newResourceUnit--newRRUPage-anchBar-application-manageresources-display-component---newResourceUnit--resource-anchor"}]}
RESULT: undefined
COMMAND: POST /session/c8be2085c0e5dd8418678e9c76522247/element - {"using":"xpath","value":"//*[@id=\"application-manageresources-display-component---newResourceUnit--newRRUPage-anchBar-application-manageresources-display-component---newResourceUnit--resource-anchor\"]"}
RESULT: {"using":"xpath","value":"//*[@id=\"application-manageresources-display-component---newResourceUnit--newRRUPage-anchBar-application-manageresources-display-component---newResourceUnit--resource-anchor\"]"}
COMMAND: POST /session/c8be2085c0e5dd8418678e9c76522247/element/f.59A644A74ED233CCADDF2157A5466830.d.B426B292118AC112435D00C8751784A2.e.7691/click - {}
RESULT: {}
COMMAND: POST /session/c8be2085c0e5dd8418678e9c76522247/execute/async - {"script":"<script> [1562 bytes]","args":[{"selector":{"id":"application-manageresources-display-component---newResourceUnit--PLANNED_DELIVERY_DATE","interaction":{"idSuffix":"inner"}},"wdio_ui5_key":"applicationmanageresources-display-component---newResourceUnit--PLANNED_DELIVERY_DATE"}]}
COMMAND: GET /session/c8be2085c0e5dd8418678e9c76522247/screenshot - {}
RESULT: {"script":"<script> [1562 bytes]","args":[{"selector":{"id":"application-manageresources-display-component---newResourceUnit--PLANNED_DELIVERY_DATE","interaction":{"idSuffix":"inner"}},"wdio_ui5_key":"applicationmanageresources-display-component---newResourceUnit--PLANNED_DELIVERY_DATE"}]}
RESULT: undefined
COMMAND: POST /session/c8be2085c0e5dd8418678e9c76522247/execute/async - {"script":"<script> [6424 bytes]","args":[{"element-6066-11e4-a52e-4f735466cecf":"f.59A644A74ED233CCADDF2157A5466830.d.B426B292118AC112435D00C8751784A2.e.7517"},"setValue",["6/2/25"]]}
RESULT: {}
RESULT: {"script":"<script> [6424 bytes]","args":[{"element-6066-11e4-a52e-4f735466cecf":"f.59A644A74ED233CCADDF2157A5466830.d.B426B292118AC112435D00C8751784A2.e.7517"},"setValue",["6/2/25"]]}
COMMAND: POST /session/c8be2085c0e5dd8418678e9c76522247/element - {"using":"xpath","value":"//label[contains(@class, 'sapMLabelRequired') and .//bdi[contains(text(), 'Planned Retirement')]]"}
RESULT: {"using":"xpath","value":"//label[contains(@class, 'sapMLabelRequired') and .//bdi[contains(text(), 'Planned Retirement')]]"}
COMMAND: POST /session/c8be2085c0e5dd8418678e9c76522247/elements - {"using":"xpath","value":"//label[contains(@class, 'sapMLabelRequired') and .//bdi[contains(text(), 'Planned Retirement')]]"}
RESULT: {"using":"xpath","value":"//label[contains(@class, 'sapMLabelRequired') and .//bdi[contains(text(), 'Planned Retirement')]]"}
COMMAND: POST /session/c8be2085c0e5dd8418678e9c76522247/element - {"using":"xpath","value":"//button[@data-kt=\"resourceUnitSaveButton\"]"}
RESULT: {"using":"xpath","value":"//button[@data-kt=\"resourceUnitSaveButton\"]"}
COMMAND: POST /session/c8be2085c0e5dd8418678e9c76522247/element/f.59A644A74ED233CCADDF2157A5466830.d.B426B292118AC112435D00C8751784A2.e.7476/click - {}
RESULT: {}
COMMAND: GET /session/c8be2085c0e5dd8418678e9c76522247/screenshot - {}
RESULT: {}
COMMAND: POST /session/c8be2085c0e5dd8418678e9c76522247/element - {"using":"xpath","value":"//bdi[contains(text(), \"Close\")]"}
RESULT: {"using":"xpath","value":"//bdi[contains(text(), \"Close\")]"}
COMMAND: POST /session/c8be2085c0e5dd8418678e9c76522247/element/f.59A644A74ED233CCADDF2157A5466830.d.B426B292118AC112435D00C8751784A2.e.7699/click - {}
RESULT: {}
COMMAND: GET /session/c8be2085c0e5dd8418678e9c76522247/screenshot - {}
RESULT: {}
COMMAND: POST /session/c8be2085c0e5dd8418678e9c76522247/element - {"using":"xpath","value":"//bdi[contains(text(), \"Edit\")]"}
RESULT: {"using":"xpath","value":"//bdi[contains(text(), \"Edit\")]"}
COMMAND: POST /session/c8be2085c0e5dd8418678e9c76522247/execute/sync - {"script":"<script> [8489 bytes]","args":[{"element-6066-11e4-a52e-4f735466cecf":"f.59A644A74ED233CCADDF2157A5466830.d.B426B292118AC112435D00C8751784A2.e.7754","ELEMENT":"f.59A644A74ED233CCADDF2157A5466830.d.B426B292118AC112435D00C8751784A2.e.7754"}]}
RESULT: {"script":"<script> [8489 bytes]","args":[{"element-6066-11e4-a52e-4f735466cecf":"f.59A644A74ED233CCADDF2157A5466830.d.B426B292118AC112435D00C8751784A2.e.7754","ELEMENT":"f.59A644A74ED233CCADDF2157A5466830.d.B426B292118AC112435D00C8751784A2.e.7754"}]}
COMMAND: POST /session/c8be2085c0e5dd8418678e9c76522247/element/f.59A644A74ED233CCADDF2157A5466830.d.B426B292118AC112435D00C8751784A2.e.7754/click - {}
COMMAND: GET /session/c8be2085c0e5dd8418678e9c76522247/screenshot - {}
RESULT: {}
RESULT: {}
COMMAND: GET /session/c8be2085c0e5dd8418678e9c76522247/screenshot - {}
RESULT: {}
COMMAND: POST /session/c8be2085c0e5dd8418678e9c76522247/execute/async - {"script":"<script> [1562 bytes]","args":[{"selector":{"id":"application-manageresources-display-component---editResource--editRruPage-anchBar-application-manageresources-display-component---editResource--counters-anchor","interaction":{"idSuffix":"BDI-content"}},"wdio_ui5_key":"applicationmanageresources-display-component---editResource--editRruPage-anchBar-application-manageresources-display-component---editResource--counters-anchor"}]}
RESULT: {"script":"<script> [1562 bytes]","args":[{"selector":{"id":"application-manageresources-display-component---editResource--editRruPage-anchBar-application-manageresources-display-component---editResource--counters-anchor","interaction":{"idSuffix":"BDI-content"}},"wdio_ui5_key":"applicationmanageresources-display-component---editResource--editRruPage-anchBar-application-manageresources-display-component---editResource--counters-anchor"}]}
RESULT: undefined
COMMAND: POST /session/c8be2085c0e5dd8418678e9c76522247/element - {"using":"xpath","value":"//*[@id=\"application-manageresources-display-component---editResource--editRruPage-anchBar-application-manageresources-display-component---editResource--counters-anchor\"]"}
RESULT: {"using":"xpath","value":"//*[@id=\"application-manageresources-display-component---editResource--editRruPage-anchBar-application-manageresources-display-component---editResource--counters-anchor\"]"}
COMMAND: POST /session/c8be2085c0e5dd8418678e9c76522247/element/f.59A644A74ED233CCADDF2157A5466830.d.B426B292118AC112435D00C8751784A2.e.7901/click - {}
RESULT: {}
COMMAND: GET /session/c8be2085c0e5dd8418678e9c76522247/screenshot - {}
RESULT: {}
COMMAND: POST /session/c8be2085c0e5dd8418678e9c76522247/execute/async - {"script":"<script> [1562 bytes]","args":[{"selector":{"id":"application-manageresources-display-component---editResource--btnAddCounter-img"},"wdio_ui5_key":"applicationmanageresources-display-component---editResource--btnAddCounter-img"}]}
RESULT: {"script":"<script> [1562 bytes]","args":[{"selector":{"id":"application-manageresources-display-component---editResource--btnAddCounter-img"},"wdio_ui5_key":"applicationmanageresources-display-component---editResource--btnAddCounter-img"}]}
RESULT: undefined
COMMAND: POST /session/c8be2085c0e5dd8418678e9c76522247/element - {"using":"xpath","value":"//*[@id=\"application-manageresources-display-component---editResource--btnAddCounter-img\"]"}
RESULT: {"using":"xpath","value":"//*[@id=\"application-manageresources-display-component---editResource--btnAddCounter-img\"]"}
COMMAND: POST /session/c8be2085c0e5dd8418678e9c76522247/element/f.59A644A74ED233CCADDF2157A5466830.d.B426B292118AC112435D00C8751784A2.e.7906/click - {}
RESULT: {}
COMMAND: POST /session/c8be2085c0e5dd8418678e9c76522247/execute/async - {"script":"<script> [1562 bytes]","args":[{"selector":{"id":"application-manageresources-display-component---editResource--COUNTER_ID-application-manageresources-display-component---editResource--RUCounters-0-arrow"},"wdio_ui5_key":"applicationmanageresources-display-component---editResource--COUNTER_ID-application-manageresources-display-component---editResource--RUCounters-0-arrow"}]}
COMMAND: GET /session/c8be2085c0e5dd8418678e9c76522247/screenshot - {}
RESULT: {"script":"<script> [1562 bytes]","args":[{"selector":{"id":"application-manageresources-display-component---editResource--COUNTER_ID-application-manageresources-display-component---editResource--RUCounters-0-arrow"},"wdio_ui5_key":"applicationmanageresources-display-component---editResource--COUNTER_ID-application-manageresources-display-component---editResource--RUCounters-0-arrow"}]}
RESULT: undefined
COMMAND: POST /session/c8be2085c0e5dd8418678e9c76522247/element - {"using":"xpath","value":"//*[@id=\"application-manageresources-display-component---editResource--COUNTER_ID-application-manageresources-display-component---editResource--RUCounters-0-arrow\"]"}
RESULT: {}
RESULT: {"using":"xpath","value":"//*[@id=\"application-manageresources-display-component---editResource--COUNTER_ID-application-manageresources-display-component---editResource--RUCounters-0-arrow\"]"}
COMMAND: POST /session/c8be2085c0e5dd8418678e9c76522247/element/f.59A644A74ED233CCADDF2157A5466830.d.B426B292118AC112435D00C8751784A2.e.7913/click - {}
RESULT: {}
COMMAND: POST /session/c8be2085c0e5dd8418678e9c76522247/execute/async - {"script":"<script> [1562 bytes]","args":[{"selector":{"controlType":"sap.m.StandardListItem","viewName":"etm.portal.ui.manageresources.view.EditResource","viewId":"application-manageresources-display-component---editResource","properties":{"title":"fuel"},"searchOpenDialogs":true,"interaction":{"idSuffix":"content"}},"wdio_ui5_key":"etmportal.ui.manageresources.view.EditResourcesap.m.StandardListItem{\"title\":\"fuel\"}"}]}
COMMAND: GET /session/c8be2085c0e5dd8418678e9c76522247/screenshot - {}
RESULT: {"script":"<script> [1562 bytes]","args":[{"selector":{"controlType":"sap.m.StandardListItem","viewName":"etm.portal.ui.manageresources.view.EditResource","viewId":"application-manageresources-display-component---editResource","properties":{"title":"fuel"},"searchOpenDialogs":true,"interaction":{"idSuffix":"content"}},"wdio_ui5_key":"etmportal.ui.manageresources.view.EditResourcesap.m.StandardListItem{\"title\":\"fuel\"}"}]}
RESULT: undefined
COMMAND: POST /session/c8be2085c0e5dd8418678e9c76522247/element - {"using":"xpath","value":"//*[@id=\"__item1166\"]"}
RESULT: {}
RESULT: {"using":"xpath","value":"//*[@id=\"__item1166\"]"}
COMMAND: POST /session/c8be2085c0e5dd8418678e9c76522247/element/f.59A644A74ED233CCADDF2157A5466830.d.B426B292118AC112435D00C8751784A2.e.7915/click - {}
RESULT: {}
COMMAND: GET /session/c8be2085c0e5dd8418678e9c76522247/screenshot - {}
RESULT: {}
COMMAND: POST /session/c8be2085c0e5dd8418678e9c76522247/element - {"using":"xpath","value":"//button[@data-kt=\"saveButton\"]"}
RESULT: {"using":"xpath","value":"//button[@data-kt=\"saveButton\"]"}
COMMAND: POST /session/c8be2085c0e5dd8418678e9c76522247/element/f.59A644A74ED233CCADDF2157A5466830.d.B426B292118AC112435D00C8751784A2.e.7916/click - {}
RESULT: {}
COMMAND: GET /session/c8be2085c0e5dd8418678e9c76522247/screenshot - {}
RESULT: {}
COMMAND: POST /session/c8be2085c0e5dd8418678e9c76522247/element - {"using":"xpath","value":"(//button[contains(@id ,\"actionsToolbar-overflowButton\")])[1]"}
RESULT: {"using":"xpath","value":"(//button[contains(@id ,\"actionsToolbar-overflowButton\")])[1]"}
COMMAND: POST /session/c8be2085c0e5dd8418678e9c76522247/element/f.59A644A74ED233CCADDF2157A5466830.d.B426B292118AC112435D00C8751784A2.e.7931/click - {}
RESULT: {}
COMMAND: GET /session/c8be2085c0e5dd8418678e9c76522247/screenshot - {}
RESULT: {}
COMMAND: POST /session/c8be2085c0e5dd8418678e9c76522247/element - {"using":"xpath","value":"//button[@data-kt=\"priceInfoButton\"]"}
RESULT: {"using":"xpath","value":"//button[@data-kt=\"priceInfoButton\"]"}
COMMAND: POST /session/c8be2085c0e5dd8418678e9c76522247/element/f.59A644A74ED233CCADDF2157A5466830.d.B426B292118AC112435D00C8751784A2.e.7933/click - {}
RESULT: {}
COMMAND: GET /session/c8be2085c0e5dd8418678e9c76522247/screenshot - {}
RESULT: {}
]]></system-out>
    </testcase>
    <testcase classname="chrome.136_0_7103_93.windows.Create_master_data_for_mixed_billing_&amp;_do_billing_calculation_US151661" name="Should create a TB pricing procedure" time="60.038">
      <system-out><![CDATA[
COMMAND: POST /session/c8be2085c0e5dd8418678e9c76522247/element - {"using":"xpath","value":"//button[@data-kt=\"addButton\"]"}
RESULT: {"using":"xpath","value":"//button[@data-kt=\"addButton\"]"}
COMMAND: POST /session/c8be2085c0e5dd8418678e9c76522247/elements - {"using":"xpath","value":"//button[@data-kt=\"addButton\"]"}
RESULT: {"using":"xpath","value":"//button[@data-kt=\"addButton\"]"}
COMMAND: POST /session/c8be2085c0e5dd8418678e9c76522247/elements - {"using":"xpath","value":"//button[@data-kt=\"addButton\"]"}
RESULT: {"using":"xpath","value":"//button[@data-kt=\"addButton\"]"}
COMMAND: POST /session/c8be2085c0e5dd8418678e9c76522247/element - {"using":"xpath","value":"//button[@data-kt=\"addButton\"]"}
RESULT: {"using":"xpath","value":"//button[@data-kt=\"addButton\"]"}
COMMAND: POST /session/c8be2085c0e5dd8418678e9c76522247/execute/sync - {"script":"<script> [8489 bytes]","args":[{"element-6066-11e4-a52e-4f735466cecf":"f.59A644A74ED233CCADDF2157A5466830.d.B426B292118AC112435D00C8751784A2.e.7971","ELEMENT":"f.59A644A74ED233CCADDF2157A5466830.d.B426B292118AC112435D00C8751784A2.e.7971"}]}
RESULT: {"script":"<script> [8489 bytes]","args":[{"element-6066-11e4-a52e-4f735466cecf":"f.59A644A74ED233CCADDF2157A5466830.d.B426B292118AC112435D00C8751784A2.e.7971","ELEMENT":"f.59A644A74ED233CCADDF2157A5466830.d.B426B292118AC112435D00C8751784A2.e.7971"}]}
COMMAND: GET /session/c8be2085c0e5dd8418678e9c76522247/element/f.59A644A74ED233CCADDF2157A5466830.d.B426B292118AC112435D00C8751784A2.e.7971/enabled - {}
COMMAND: GET /session/c8be2085c0e5dd8418678e9c76522247/screenshot - {}
RESULT: {}
COMMAND: POST /session/c8be2085c0e5dd8418678e9c76522247/execute/sync - {"script":"<script> [8489 bytes]","args":[{"element-6066-11e4-a52e-4f735466cecf":"f.59A644A74ED233CCADDF2157A5466830.d.B426B292118AC112435D00C8751784A2.e.7971","ELEMENT":"f.59A644A74ED233CCADDF2157A5466830.d.B426B292118AC112435D00C8751784A2.e.7971"}]}
COMMAND: GET /session/c8be2085c0e5dd8418678e9c76522247/screenshot - {}
RESULT: {}
RESULT: {"script":"<script> [8489 bytes]","args":[{"element-6066-11e4-a52e-4f735466cecf":"f.59A644A74ED233CCADDF2157A5466830.d.B426B292118AC112435D00C8751784A2.e.7971","ELEMENT":"f.59A644A74ED233CCADDF2157A5466830.d.B426B292118AC112435D00C8751784A2.e.7971"}]}
COMMAND: POST /session/c8be2085c0e5dd8418678e9c76522247/execute/sync - {"script":"<script> [5351 bytes]","args":[{"element-6066-11e4-a52e-4f735466cecf":"f.59A644A74ED233CCADDF2157A5466830.d.B426B292118AC112435D00C8751784A2.e.7971","ELEMENT":"f.59A644A74ED233CCADDF2157A5466830.d.B426B292118AC112435D00C8751784A2.e.7971"}]}
COMMAND: GET /session/c8be2085c0e5dd8418678e9c76522247/screenshot - {}
RESULT: {}
RESULT: {"script":"<script> [5351 bytes]","args":[{"element-6066-11e4-a52e-4f735466cecf":"f.59A644A74ED233CCADDF2157A5466830.d.B426B292118AC112435D00C8751784A2.e.7971","ELEMENT":"f.59A644A74ED233CCADDF2157A5466830.d.B426B292118AC112435D00C8751784A2.e.7971"}]}
COMMAND: POST /session/c8be2085c0e5dd8418678e9c76522247/element/f.59A644A74ED233CCADDF2157A5466830.d.B426B292118AC112435D00C8751784A2.e.7971/click - {}
COMMAND: GET /session/c8be2085c0e5dd8418678e9c76522247/screenshot - {}
RESULT: {}
RESULT: {}
COMMAND: GET /session/c8be2085c0e5dd8418678e9c76522247/screenshot - {}
RESULT: {}
RESULT: {}
COMMAND: POST /session/c8be2085c0e5dd8418678e9c76522247/execute/async - {"script":"<script> [1562 bytes]","args":[{"selector":{"controlType":"sap.m.Title","viewName":"etm.portal.ui.managepricingrules.view.NewItem","viewId":"application-managepricingrules-display-component---newInfoPriceItem","properties":{"text":"New Pricing Rules - Item Level"}},"wdio_ui5_key":"etmportal.ui.managepricingrules.view.NewItemsap.m.Title{\"text\":\"New Pricing Rules - Item Level\"}"}]}
RESULT: {"script":"<script> [1562 bytes]","args":[{"selector":{"controlType":"sap.m.Title","viewName":"etm.portal.ui.managepricingrules.view.NewItem","viewId":"application-managepricingrules-display-component---newInfoPriceItem","properties":{"text":"New Pricing Rules - Item Level"}},"wdio_ui5_key":"etmportal.ui.managepricingrules.view.NewItemsap.m.Title{\"text\":\"New Pricing Rules - Item Level\"}"}]}
RESULT: undefined
COMMAND: POST /session/c8be2085c0e5dd8418678e9c76522247/execute/async - {"script":"<script> [6424 bytes]","args":[{"element-6066-11e4-a52e-4f735466cecf":"f.59A644A74ED233CCADDF2157A5466830.d.B426B292118AC112435D00C8751784A2.e.8143"},"getText",[]]}
RESULT: {"script":"<script> [6424 bytes]","args":[{"element-6066-11e4-a52e-4f735466cecf":"f.59A644A74ED233CCADDF2157A5466830.d.B426B292118AC112435D00C8751784A2.e.8143"},"getText",[]]}
COMMAND: POST /session/c8be2085c0e5dd8418678e9c76522247/execute/async - {"script":"<script> [1562 bytes]","args":[{"selector":{"id":"application-managepricingrules-display-component---newInfoPriceItem--condValidTo","interaction":{"idSuffix":"inner"}},"wdio_ui5_key":"applicationmanagepricingrules-display-component---newInfoPriceItem--condValidTo"}]}
RESULT: {"script":"<script> [1562 bytes]","args":[{"selector":{"id":"application-managepricingrules-display-component---newInfoPriceItem--condValidTo","interaction":{"idSuffix":"inner"}},"wdio_ui5_key":"applicationmanagepricingrules-display-component---newInfoPriceItem--condValidTo"}]}
RESULT: undefined
COMMAND: POST /session/c8be2085c0e5dd8418678e9c76522247/execute/async - {"script":"<script> [776 bytes]","args":[{"enterText":"2/2/26","selector":{"id":"application-managepricingrules-display-component---newInfoPriceItem--condValidTo","interaction":{"idSuffix":"inner"}},"clearTextFirst":true,"interactionType":"ENTER_TEXT"}]}
RESULT: {"script":"<script> [776 bytes]","args":[{"enterText":"2/2/26","selector":{"id":"application-managepricingrules-display-component---newInfoPriceItem--condValidTo","interaction":{"idSuffix":"inner"}},"clearTextFirst":true,"interactionType":"ENTER_TEXT"}]}
COMMAND: POST /session/c8be2085c0e5dd8418678e9c76522247/execute/async - {"script":"<script> [1562 bytes]","args":[{"selector":{"id":"application-managepricingrules-display-component---newInfoPriceItem--billType-arrow"},"wdio_ui5_key":"applicationmanagepricingrules-display-component---newInfoPriceItem--billType-arrow"}]}
RESULT: {"script":"<script> [1562 bytes]","args":[{"selector":{"id":"application-managepricingrules-display-component---newInfoPriceItem--billType-arrow"},"wdio_ui5_key":"applicationmanagepricingrules-display-component---newInfoPriceItem--billType-arrow"}]}
RESULT: undefined
COMMAND: POST /session/c8be2085c0e5dd8418678e9c76522247/element - {"using":"xpath","value":"//*[@id=\"application-managepricingrules-display-component---newInfoPriceItem--billType-arrow\"]"}
RESULT: {"using":"xpath","value":"//*[@id=\"application-managepricingrules-display-component---newInfoPriceItem--billType-arrow\"]"}
COMMAND: POST /session/c8be2085c0e5dd8418678e9c76522247/element/f.59A644A74ED233CCADDF2157A5466830.d.B426B292118AC112435D00C8751784A2.e.8103/click - {}
RESULT: {}
COMMAND: POST /session/c8be2085c0e5dd8418678e9c76522247/element - {"using":"xpath","value":"//span[contains(text(), \"TB - Time based\")]"}
COMMAND: GET /session/c8be2085c0e5dd8418678e9c76522247/screenshot - {}
RESULT: {"using":"xpath","value":"//span[contains(text(), \"TB - Time based\")]"}
COMMAND: POST /session/c8be2085c0e5dd8418678e9c76522247/element/f.59A644A74ED233CCADDF2157A5466830.d.B426B292118AC112435D00C8751784A2.e.8145/click - {}
RESULT: {}
RESULT: {}
COMMAND: POST /session/c8be2085c0e5dd8418678e9c76522247/execute/async - {"script":"<script> [1562 bytes]","args":[{"selector":{"id":"application-managepricingrules-display-component---newInfoPriceItem--priceProc-arrow"},"wdio_ui5_key":"applicationmanagepricingrules-display-component---newInfoPriceItem--priceProc-arrow"}]}
COMMAND: GET /session/c8be2085c0e5dd8418678e9c76522247/screenshot - {}
RESULT: {"script":"<script> [1562 bytes]","args":[{"selector":{"id":"application-managepricingrules-display-component---newInfoPriceItem--priceProc-arrow"},"wdio_ui5_key":"applicationmanagepricingrules-display-component---newInfoPriceItem--priceProc-arrow"}]}
RESULT: undefined
COMMAND: POST /session/c8be2085c0e5dd8418678e9c76522247/element - {"using":"xpath","value":"//*[@id=\"application-managepricingrules-display-component---newInfoPriceItem--priceProc-arrow\"]"}
RESULT: {}
RESULT: {"using":"xpath","value":"//*[@id=\"application-managepricingrules-display-component---newInfoPriceItem--priceProc-arrow\"]"}
COMMAND: POST /session/c8be2085c0e5dd8418678e9c76522247/element/f.59A644A74ED233CCADDF2157A5466830.d.B426B292118AC112435D00C8751784A2.e.8110/click - {}
RESULT: {}
COMMAND: POST /session/c8be2085c0e5dd8418678e9c76522247/element - {"using":"xpath","value":"//span[contains(text(), \"TB - Time based BGL\")]"}
COMMAND: GET /session/c8be2085c0e5dd8418678e9c76522247/screenshot - {}
RESULT: {"using":"xpath","value":"//span[contains(text(), \"TB - Time based BGL\")]"}
COMMAND: POST /session/c8be2085c0e5dd8418678e9c76522247/element/f.59A644A74ED233CCADDF2157A5466830.d.B426B292118AC112435D00C8751784A2.e.8146/click - {}
RESULT: {}
RESULT: {}
COMMAND: POST /session/c8be2085c0e5dd8418678e9c76522247/execute/async - {"script":"<script> [1562 bytes]","args":[{"selector":{"id":"application-managepricingrules-display-component---newInfoPriceItem--calcBase-arrow"},"wdio_ui5_key":"applicationmanagepricingrules-display-component---newInfoPriceItem--calcBase-arrow"}]}
COMMAND: GET /session/c8be2085c0e5dd8418678e9c76522247/screenshot - {}
RESULT: {"script":"<script> [1562 bytes]","args":[{"selector":{"id":"application-managepricingrules-display-component---newInfoPriceItem--calcBase-arrow"},"wdio_ui5_key":"applicationmanagepricingrules-display-component---newInfoPriceItem--calcBase-arrow"}]}
RESULT: undefined
COMMAND: POST /session/c8be2085c0e5dd8418678e9c76522247/element - {"using":"xpath","value":"//*[@id=\"application-managepricingrules-display-component---newInfoPriceItem--calcBase-arrow\"]"}
RESULT: {}
RESULT: {"using":"xpath","value":"//*[@id=\"application-managepricingrules-display-component---newInfoPriceItem--calcBase-arrow\"]"}
COMMAND: POST /session/c8be2085c0e5dd8418678e9c76522247/element/f.59A644A74ED233CCADDF2157A5466830.d.B426B292118AC112435D00C8751784A2.e.8117/click - {}
RESULT: {}
COMMAND: GET /session/c8be2085c0e5dd8418678e9c76522247/screenshot - {}
RESULT: {}
COMMAND: POST /session/c8be2085c0e5dd8418678e9c76522247/element - {"using":"xpath","value":"//span[contains(text(), \"0006 - TB(calendar days)\")]"}
RESULT: {"using":"xpath","value":"//span[contains(text(), \"0006 - TB(calendar days)\")]"}
COMMAND: POST /session/c8be2085c0e5dd8418678e9c76522247/element/f.59A644A74ED233CCADDF2157A5466830.d.B426B292118AC112435D00C8751784A2.e.8147/click - {}
RESULT: {}
COMMAND: GET /session/c8be2085c0e5dd8418678e9c76522247/screenshot - {}
RESULT: {}
COMMAND: POST /session/c8be2085c0e5dd8418678e9c76522247/execute/async - {"script":"<script> [1562 bytes]","args":[{"selector":{"id":"application-managepricingrules-display-component---newInfoPriceItem--hoursMonth","interaction":{"idSuffix":"inner"}},"wdio_ui5_key":"applicationmanagepricingrules-display-component---newInfoPriceItem--hoursMonth"}]}
RESULT: {"script":"<script> [1562 bytes]","args":[{"selector":{"id":"application-managepricingrules-display-component---newInfoPriceItem--hoursMonth","interaction":{"idSuffix":"inner"}},"wdio_ui5_key":"applicationmanagepricingrules-display-component---newInfoPriceItem--hoursMonth"}]}
RESULT: undefined
COMMAND: POST /session/c8be2085c0e5dd8418678e9c76522247/execute/async - {"script":"<script> [776 bytes]","args":[{"enterText":"160","selector":{"id":"application-managepricingrules-display-component---newInfoPriceItem--hoursMonth","interaction":{"idSuffix":"inner"}},"clearTextFirst":true,"interactionType":"ENTER_TEXT"}]}
RESULT: {"script":"<script> [776 bytes]","args":[{"enterText":"160","selector":{"id":"application-managepricingrules-display-component---newInfoPriceItem--hoursMonth","interaction":{"idSuffix":"inner"}},"clearTextFirst":true,"interactionType":"ENTER_TEXT"}]}
COMMAND: POST /session/c8be2085c0e5dd8418678e9c76522247/execute/async - {"script":"<script> [1562 bytes]","args":[{"selector":{"id":"application-managepricingrules-display-component---newInfoPriceItem--daysMonth","interaction":{"idSuffix":"inner"}},"wdio_ui5_key":"applicationmanagepricingrules-display-component---newInfoPriceItem--daysMonth"}]}
RESULT: {"script":"<script> [1562 bytes]","args":[{"selector":{"id":"application-managepricingrules-display-component---newInfoPriceItem--daysMonth","interaction":{"idSuffix":"inner"}},"wdio_ui5_key":"applicationmanagepricingrules-display-component---newInfoPriceItem--daysMonth"}]}
RESULT: undefined
COMMAND: POST /session/c8be2085c0e5dd8418678e9c76522247/execute/async - {"script":"<script> [776 bytes]","args":[{"enterText":"30","selector":{"id":"application-managepricingrules-display-component---newInfoPriceItem--daysMonth","interaction":{"idSuffix":"inner"}},"clearTextFirst":true,"interactionType":"ENTER_TEXT"}]}
RESULT: {"script":"<script> [776 bytes]","args":[{"enterText":"30","selector":{"id":"application-managepricingrules-display-component---newInfoPriceItem--daysMonth","interaction":{"idSuffix":"inner"}},"clearTextFirst":true,"interactionType":"ENTER_TEXT"}]}
COMMAND: POST /session/c8be2085c0e5dd8418678e9c76522247/element - {"using":"xpath","value":"//button[@data-kt=\"saveNewRuleButton\"]"}
RESULT: {"using":"xpath","value":"//button[@data-kt=\"saveNewRuleButton\"]"}
COMMAND: POST /session/c8be2085c0e5dd8418678e9c76522247/element/f.59A644A74ED233CCADDF2157A5466830.d.B426B292118AC112435D00C8751784A2.e.8137/click - {}
RESULT: {}
COMMAND: GET /session/c8be2085c0e5dd8418678e9c76522247/screenshot - {}
RESULT: {}
COMMAND: POST /session/c8be2085c0e5dd8418678e9c76522247/execute/async - {"script":"<script> [1562 bytes]","args":[{"selector":{"id":"application-managepricingrules-display-component---priceInfoItem--smartFilterBar-btnBasicSearch","interaction":{"idSuffix":"I"}},"wdio_ui5_key":"applicationmanagepricingrules-display-component---priceInfoItem--smartFilterBar-btnBasicSearch"}]}
RESULT: {"script":"<script> [1562 bytes]","args":[{"selector":{"id":"application-managepricingrules-display-component---priceInfoItem--smartFilterBar-btnBasicSearch","interaction":{"idSuffix":"I"}},"wdio_ui5_key":"applicationmanagepricingrules-display-component---priceInfoItem--smartFilterBar-btnBasicSearch"}]}
RESULT: undefined
COMMAND: POST /session/c8be2085c0e5dd8418678e9c76522247/execute/async - {"script":"<script> [776 bytes]","args":[{"enterText":"vT3REVuyOg","selector":{"id":"application-managepricingrules-display-component---priceInfoItem--smartFilterBar-btnBasicSearch","interaction":{"idSuffix":"I"}},"clearTextFirst":true,"interactionType":"ENTER_TEXT"}]}
RESULT: {"script":"<script> [776 bytes]","args":[{"enterText":"vT3REVuyOg","selector":{"id":"application-managepricingrules-display-component---priceInfoItem--smartFilterBar-btnBasicSearch","interaction":{"idSuffix":"I"}},"clearTextFirst":true,"interactionType":"ENTER_TEXT"}]}
COMMAND: POST /session/c8be2085c0e5dd8418678e9c76522247/actions - {"actions":[{"id":"action30","type":"key","parameters":{},"actions":[{"type":"keyDown","value":"î€‡"},{"type":"pause","duration":10},{"type":"keyUp","value":"î€‡"}]}]}
RESULT: {"actions":[{"id":"action30","type":"key","parameters":{},"actions":[{"type":"keyDown","value":"î€‡"},{"type":"pause","duration":10},{"type":"keyUp","value":"î€‡"}]}]}
COMMAND: GET /session/c8be2085c0e5dd8418678e9c76522247/screenshot - {}
RESULT: {}
COMMAND: POST /session/c8be2085c0e5dd8418678e9c76522247/element - {"using":"xpath","value":"//span[@id=\"application-managepricingrules-display-component---priceInfoItem--smartTable-header-inner\"]"}
RESULT: {"using":"xpath","value":"//span[@id=\"application-managepricingrules-display-component---priceInfoItem--smartTable-header-inner\"]"}
COMMAND: POST /session/c8be2085c0e5dd8418678e9c76522247/elements - {"using":"xpath","value":"//span[@id=\"application-managepricingrules-display-component---priceInfoItem--smartTable-header-inner\"]"}
RESULT: {"using":"xpath","value":"//span[@id=\"application-managepricingrules-display-component---priceInfoItem--smartTable-header-inner\"]"}
COMMAND: POST /session/c8be2085c0e5dd8418678e9c76522247/execute/sync - {"script":"<script> [56 bytes]","args":[{"element-6066-11e4-a52e-4f735466cecf":"f.59A644A74ED233CCADDF2157A5466830.d.B426B292118AC112435D00C8751784A2.e.8173","ELEMENT":"f.59A644A74ED233CCADDF2157A5466830.d.B426B292118AC112435D00C8751784A2.e.8173"}]}
RESULT: {"script":"<script> [56 bytes]","args":[{"element-6066-11e4-a52e-4f735466cecf":"f.59A644A74ED233CCADDF2157A5466830.d.B426B292118AC112435D00C8751784A2.e.8173","ELEMENT":"f.59A644A74ED233CCADDF2157A5466830.d.B426B292118AC112435D00C8751784A2.e.8173"}]}
COMMAND: POST /session/c8be2085c0e5dd8418678e9c76522247/element - {"using":"css selector","value":"#shell-header-logo"}
COMMAND: GET /session/c8be2085c0e5dd8418678e9c76522247/screenshot - {}
RESULT: {"using":"css selector","value":"#shell-header-logo"}
COMMAND: POST /session/c8be2085c0e5dd8418678e9c76522247/element/f.59A644A74ED233CCADDF2157A5466830.d.B426B292118AC112435D00C8751784A2.e.7054/click - {}
RESULT: {}
RESULT: {}
COMMAND: GET /session/c8be2085c0e5dd8418678e9c76522247/screenshot - {}
RESULT: {}
]]></system-out>
    </testcase>
    <testcase classname="chrome.136_0_7103_93.windows.Create_master_data_for_mixed_billing_&amp;_do_billing_calculation_US151661" name="Should add one time condition" time="65.052">
      <system-out><![CDATA[
COMMAND: POST /session/c8be2085c0e5dd8418678e9c76522247/execute/async - {"script":"<script> [1562 bytes]","args":[{"selector":{"controlType":"sap.m.GenericTile","properties":{"header":"Manage Conditions & Prices"}},"wdio_ui5_key":"sapm.GenericTile{\"header\":\"Manage Conditions & Prices\"}"}]}
RESULT: {"script":"<script> [1562 bytes]","args":[{"selector":{"controlType":"sap.m.GenericTile","properties":{"header":"Manage Conditions & Prices"}},"wdio_ui5_key":"sapm.GenericTile{\"header\":\"Manage Conditions & Prices\"}"}]}
RESULT: undefined
COMMAND: POST /session/c8be2085c0e5dd8418678e9c76522247/element - {"using":"xpath","value":"//*[@id=\"__tile93\"]"}
RESULT: {"using":"xpath","value":"//*[@id=\"__tile93\"]"}
COMMAND: POST /session/c8be2085c0e5dd8418678e9c76522247/element/f.59A644A74ED233CCADDF2157A5466830.d.B426B292118AC112435D00C8751784A2.e.7039/click - {}
RESULT: {}
COMMAND: GET /session/c8be2085c0e5dd8418678e9c76522247/screenshot - {}
RESULT: {}
COMMAND: POST /session/c8be2085c0e5dd8418678e9c76522247/elements - {"using":"xpath","value":"//span[text()='Error']"}
RESULT: {"using":"xpath","value":"//span[text()='Error']"}
COMMAND: POST /session/c8be2085c0e5dd8418678e9c76522247/element - {"using":"xpath","value":"//button[@aria-label=\"Create\"]"}
RESULT: {"using":"xpath","value":"//button[@aria-label=\"Create\"]"}
COMMAND: POST /session/c8be2085c0e5dd8418678e9c76522247/elements - {"using":"xpath","value":"//button[@aria-label=\"Create\"]"}
RESULT: {"using":"xpath","value":"//button[@aria-label=\"Create\"]"}
COMMAND: POST /session/c8be2085c0e5dd8418678e9c76522247/execute/sync - {"script":"<script> [8489 bytes]","args":[{"element-6066-11e4-a52e-4f735466cecf":"f.59A644A74ED233CCADDF2157A5466830.d.B426B292118AC112435D00C8751784A2.e.8208","ELEMENT":"f.59A644A74ED233CCADDF2157A5466830.d.B426B292118AC112435D00C8751784A2.e.8208"}]}
RESULT: {"script":"<script> [8489 bytes]","args":[{"element-6066-11e4-a52e-4f735466cecf":"f.59A644A74ED233CCADDF2157A5466830.d.B426B292118AC112435D00C8751784A2.e.8208","ELEMENT":"f.59A644A74ED233CCADDF2157A5466830.d.B426B292118AC112435D00C8751784A2.e.8208"}]}
COMMAND: GET /session/c8be2085c0e5dd8418678e9c76522247/element/f.59A644A74ED233CCADDF2157A5466830.d.B426B292118AC112435D00C8751784A2.e.8208/enabled - {}
COMMAND: GET /session/c8be2085c0e5dd8418678e9c76522247/screenshot - {}
RESULT: {}
COMMAND: POST /session/c8be2085c0e5dd8418678e9c76522247/execute/sync - {"script":"<script> [8489 bytes]","args":[{"element-6066-11e4-a52e-4f735466cecf":"f.59A644A74ED233CCADDF2157A5466830.d.B426B292118AC112435D00C8751784A2.e.8208","ELEMENT":"f.59A644A74ED233CCADDF2157A5466830.d.B426B292118AC112435D00C8751784A2.e.8208"}]}
COMMAND: GET /session/c8be2085c0e5dd8418678e9c76522247/screenshot - {}
RESULT: {}
RESULT: {"script":"<script> [8489 bytes]","args":[{"element-6066-11e4-a52e-4f735466cecf":"f.59A644A74ED233CCADDF2157A5466830.d.B426B292118AC112435D00C8751784A2.e.8208","ELEMENT":"f.59A644A74ED233CCADDF2157A5466830.d.B426B292118AC112435D00C8751784A2.e.8208"}]}
COMMAND: POST /session/c8be2085c0e5dd8418678e9c76522247/execute/sync - {"script":"<script> [5351 bytes]","args":[{"element-6066-11e4-a52e-4f735466cecf":"f.59A644A74ED233CCADDF2157A5466830.d.B426B292118AC112435D00C8751784A2.e.8208","ELEMENT":"f.59A644A74ED233CCADDF2157A5466830.d.B426B292118AC112435D00C8751784A2.e.8208"}]}
COMMAND: GET /session/c8be2085c0e5dd8418678e9c76522247/screenshot - {}
RESULT: {}
RESULT: {"script":"<script> [5351 bytes]","args":[{"element-6066-11e4-a52e-4f735466cecf":"f.59A644A74ED233CCADDF2157A5466830.d.B426B292118AC112435D00C8751784A2.e.8208","ELEMENT":"f.59A644A74ED233CCADDF2157A5466830.d.B426B292118AC112435D00C8751784A2.e.8208"}]}
COMMAND: POST /session/c8be2085c0e5dd8418678e9c76522247/element/f.59A644A74ED233CCADDF2157A5466830.d.B426B292118AC112435D00C8751784A2.e.8208/click - {}
COMMAND: GET /session/c8be2085c0e5dd8418678e9c76522247/screenshot - {}
RESULT: {}
RESULT: {}
COMMAND: GET /session/c8be2085c0e5dd8418678e9c76522247/screenshot - {}
RESULT: {}
RESULT: {}
COMMAND: POST /session/c8be2085c0e5dd8418678e9c76522247/actions - {"actions":[{"id":"action31","type":"key","parameters":{},"actions":[{"type":"keyDown","value":"î€‡"},{"type":"pause","duration":10},{"type":"keyUp","value":"î€‡"}]}]}
RESULT: {"actions":[{"id":"action31","type":"key","parameters":{},"actions":[{"type":"keyDown","value":"î€‡"},{"type":"pause","duration":10},{"type":"keyUp","value":"î€‡"}]}]}
COMMAND: GET /session/c8be2085c0e5dd8418678e9c76522247/screenshot - {}
RESULT: {}
COMMAND: POST /session/c8be2085c0e5dd8418678e9c76522247/execute/async - {"script":"<script> [1562 bytes]","args":[{"selector":{"id":"application-manageconditionprice-display-component---newCondition--condBillCond-arrow"},"wdio_ui5_key":"applicationmanageconditionprice-display-component---newCondition--condBillCond-arrow"}]}
RESULT: {"script":"<script> [1562 bytes]","args":[{"selector":{"id":"application-manageconditionprice-display-component---newCondition--condBillCond-arrow"},"wdio_ui5_key":"applicationmanageconditionprice-display-component---newCondition--condBillCond-arrow"}]}
RESULT: undefined
COMMAND: POST /session/c8be2085c0e5dd8418678e9c76522247/element - {"using":"xpath","value":"//*[@id=\"application-manageconditionprice-display-component---newCondition--condBillCond-arrow\"]"}
RESULT: {"using":"xpath","value":"//*[@id=\"application-manageconditionprice-display-component---newCondition--condBillCond-arrow\"]"}
COMMAND: POST /session/c8be2085c0e5dd8418678e9c76522247/element/f.59A644A74ED233CCADDF2157A5466830.d.B426B292118AC112435D00C8751784A2.e.8385/click - {}
RESULT: {}
COMMAND: GET /session/c8be2085c0e5dd8418678e9c76522247/screenshot - {}
RESULT: {}
COMMAND: POST /session/c8be2085c0e5dd8418678e9c76522247/element - {"using":"xpath","value":"//li[.//span[contains(text(), \"SAPR - Sales price\")]]"}
RESULT: {"using":"xpath","value":"//li[.//span[contains(text(), \"SAPR - Sales price\")]]"}
COMMAND: POST /session/c8be2085c0e5dd8418678e9c76522247/element/f.59A644A74ED233CCADDF2157A5466830.d.B426B292118AC112435D00C8751784A2.e.8388/click - {}
RESULT: {}
COMMAND: GET /session/c8be2085c0e5dd8418678e9c76522247/screenshot - {}
RESULT: {}
COMMAND: POST /session/c8be2085c0e5dd8418678e9c76522247/execute/async - {"script":"<script> [1562 bytes]","args":[{"selector":{"id":"application-manageconditionprice-display-component---newCondition--condValidTo","interaction":{"idSuffix":"inner"}},"wdio_ui5_key":"applicationmanageconditionprice-display-component---newCondition--condValidTo"}]}
RESULT: {"script":"<script> [1562 bytes]","args":[{"selector":{"id":"application-manageconditionprice-display-component---newCondition--condValidTo","interaction":{"idSuffix":"inner"}},"wdio_ui5_key":"applicationmanageconditionprice-display-component---newCondition--condValidTo"}]}
RESULT: undefined
COMMAND: POST /session/c8be2085c0e5dd8418678e9c76522247/execute/async - {"script":"<script> [776 bytes]","args":[{"enterText":"2/2/26","selector":{"id":"application-manageconditionprice-display-component---newCondition--condValidTo","interaction":{"idSuffix":"inner"}},"clearTextFirst":true,"interactionType":"ENTER_TEXT"}]}
RESULT: {"script":"<script> [776 bytes]","args":[{"enterText":"2/2/26","selector":{"id":"application-manageconditionprice-display-component---newCondition--condValidTo","interaction":{"idSuffix":"inner"}},"clearTextFirst":true,"interactionType":"ENTER_TEXT"}]}
COMMAND: POST /session/c8be2085c0e5dd8418678e9c76522247/element - {"using":"xpath","value":"//input[@id=\"application-manageconditionprice-display-component---newCondition--condRU-inner\"]"}
RESULT: {"using":"xpath","value":"//input[@id=\"application-manageconditionprice-display-component---newCondition--condRU-inner\"]"}
COMMAND: POST /session/c8be2085c0e5dd8418678e9c76522247/element/f.59A644A74ED233CCADDF2157A5466830.d.B426B292118AC112435D00C8751784A2.e.8250/clear - {}
RESULT: {}
COMMAND: POST /session/c8be2085c0e5dd8418678e9c76522247/element/f.59A644A74ED233CCADDF2157A5466830.d.B426B292118AC112435D00C8751784A2.e.8250/value - {"text":"vT3REVuyOg"}
COMMAND: GET /session/c8be2085c0e5dd8418678e9c76522247/screenshot - {}
RESULT: {"text":"vT3REVuyOg"}
COMMAND: GET /session/c8be2085c0e5dd8418678e9c76522247/screenshot - {}
RESULT: {}
RESULT: {}
COMMAND: POST /session/c8be2085c0e5dd8418678e9c76522247/actions - {"actions":[{"id":"action32","type":"key","parameters":{},"actions":[{"type":"keyDown","value":"î€‡"},{"type":"pause","duration":10},{"type":"keyUp","value":"î€‡"}]}]}
RESULT: {"actions":[{"id":"action32","type":"key","parameters":{},"actions":[{"type":"keyDown","value":"î€‡"},{"type":"pause","duration":10},{"type":"keyUp","value":"î€‡"}]}]}
COMMAND: POST /session/c8be2085c0e5dd8418678e9c76522247/execute/async - {"script":"<script> [1562 bytes]","args":[{"selector":{"id":"application-manageconditionprice-display-component---newCondition--condBaseQty","interaction":{"idSuffix":"inner"}},"wdio_ui5_key":"applicationmanageconditionprice-display-component---newCondition--condBaseQty"}]}
COMMAND: GET /session/c8be2085c0e5dd8418678e9c76522247/screenshot - {}
RESULT: {"script":"<script> [1562 bytes]","args":[{"selector":{"id":"application-manageconditionprice-display-component---newCondition--condBaseQty","interaction":{"idSuffix":"inner"}},"wdio_ui5_key":"applicationmanageconditionprice-display-component---newCondition--condBaseQty"}]}
RESULT: undefined
COMMAND: POST /session/c8be2085c0e5dd8418678e9c76522247/execute/async - {"script":"<script> [776 bytes]","args":[{"enterText":"1","selector":{"id":"application-manageconditionprice-display-component---newCondition--condBaseQty","interaction":{"idSuffix":"inner"}},"clearTextFirst":true,"interactionType":"ENTER_TEXT"}]}
RESULT: {}
RESULT: {"script":"<script> [776 bytes]","args":[{"enterText":"1","selector":{"id":"application-manageconditionprice-display-component---newCondition--condBaseQty","interaction":{"idSuffix":"inner"}},"clearTextFirst":true,"interactionType":"ENTER_TEXT"}]}
COMMAND: POST /session/c8be2085c0e5dd8418678e9c76522247/execute/async - {"script":"<script> [1562 bytes]","args":[{"selector":{"id":"application-manageconditionprice-display-component---newCondition--condValue","interaction":{"idSuffix":"inner"}},"wdio_ui5_key":"applicationmanageconditionprice-display-component---newCondition--condValue"}]}
RESULT: {"script":"<script> [1562 bytes]","args":[{"selector":{"id":"application-manageconditionprice-display-component---newCondition--condValue","interaction":{"idSuffix":"inner"}},"wdio_ui5_key":"applicationmanageconditionprice-display-component---newCondition--condValue"}]}
RESULT: undefined
COMMAND: POST /session/c8be2085c0e5dd8418678e9c76522247/execute/async - {"script":"<script> [776 bytes]","args":[{"enterText":"200","selector":{"id":"application-manageconditionprice-display-component---newCondition--condValue","interaction":{"idSuffix":"inner"}},"clearTextFirst":true,"interactionType":"ENTER_TEXT"}]}
RESULT: {"script":"<script> [776 bytes]","args":[{"enterText":"200","selector":{"id":"application-manageconditionprice-display-component---newCondition--condValue","interaction":{"idSuffix":"inner"}},"clearTextFirst":true,"interactionType":"ENTER_TEXT"}]}
COMMAND: POST /session/c8be2085c0e5dd8418678e9c76522247/execute/async - {"script":"<script> [1562 bytes]","args":[{"selector":{"id":"application-manageconditionprice-display-component---newCondition--condCurr-arrow"},"wdio_ui5_key":"applicationmanageconditionprice-display-component---newCondition--condCurr-arrow"}]}
RESULT: {"script":"<script> [1562 bytes]","args":[{"selector":{"id":"application-manageconditionprice-display-component---newCondition--condCurr-arrow"},"wdio_ui5_key":"applicationmanageconditionprice-display-component---newCondition--condCurr-arrow"}]}
RESULT: undefined
COMMAND: POST /session/c8be2085c0e5dd8418678e9c76522247/element - {"using":"xpath","value":"//*[@id=\"application-manageconditionprice-display-component---newCondition--condCurr-arrow\"]"}
RESULT: {"using":"xpath","value":"//*[@id=\"application-manageconditionprice-display-component---newCondition--condCurr-arrow\"]"}
COMMAND: POST /session/c8be2085c0e5dd8418678e9c76522247/element/f.59A644A74ED233CCADDF2157A5466830.d.B426B292118AC112435D00C8751784A2.e.8344/click - {}
RESULT: {}
COMMAND: POST /session/c8be2085c0e5dd8418678e9c76522247/element - {"using":"xpath","value":"//span[contains(text(), \"Euro\")]"}
COMMAND: GET /session/c8be2085c0e5dd8418678e9c76522247/screenshot - {}
RESULT: {"using":"xpath","value":"//span[contains(text(), \"Euro\")]"}
COMMAND: POST /session/c8be2085c0e5dd8418678e9c76522247/element/f.59A644A74ED233CCADDF2157A5466830.d.B426B292118AC112435D00C8751784A2.e.8426/click - {}
RESULT: {}
RESULT: {}
COMMAND: POST /session/c8be2085c0e5dd8418678e9c76522247/element - {"using":"xpath","value":"//button[@data-kt=\"saveButton\"]"}
COMMAND: GET /session/c8be2085c0e5dd8418678e9c76522247/screenshot - {}
RESULT: {"using":"xpath","value":"//button[@data-kt=\"saveButton\"]"}
COMMAND: POST /session/c8be2085c0e5dd8418678e9c76522247/element/f.59A644A74ED233CCADDF2157A5466830.d.B426B292118AC112435D00C8751784A2.e.8345/click - {}
RESULT: {}
RESULT: {}
COMMAND: GET /session/c8be2085c0e5dd8418678e9c76522247/screenshot - {}
RESULT: {}
COMMAND: POST /session/c8be2085c0e5dd8418678e9c76522247/execute/async - {"script":"<script> [1562 bytes]","args":[{"selector":{"id":"application-manageconditionprice-display-component---conditions--smartFilterBar-btnBasicSearch","interaction":{"idSuffix":"I"}},"wdio_ui5_key":"applicationmanageconditionprice-display-component---conditions--smartFilterBar-btnBasicSearch"}]}
RESULT: {"script":"<script> [1562 bytes]","args":[{"selector":{"id":"application-manageconditionprice-display-component---conditions--smartFilterBar-btnBasicSearch","interaction":{"idSuffix":"I"}},"wdio_ui5_key":"applicationmanageconditionprice-display-component---conditions--smartFilterBar-btnBasicSearch"}]}
RESULT: undefined
COMMAND: POST /session/c8be2085c0e5dd8418678e9c76522247/execute/async - {"script":"<script> [776 bytes]","args":[{"enterText":"vT3REVuyOg","selector":{"id":"application-manageconditionprice-display-component---conditions--smartFilterBar-btnBasicSearch","interaction":{"idSuffix":"I"}},"clearTextFirst":true,"interactionType":"ENTER_TEXT"}]}
RESULT: {"script":"<script> [776 bytes]","args":[{"enterText":"vT3REVuyOg","selector":{"id":"application-manageconditionprice-display-component---conditions--smartFilterBar-btnBasicSearch","interaction":{"idSuffix":"I"}},"clearTextFirst":true,"interactionType":"ENTER_TEXT"}]}
COMMAND: POST /session/c8be2085c0e5dd8418678e9c76522247/actions - {"actions":[{"id":"action33","type":"key","parameters":{},"actions":[{"type":"keyDown","value":"î€‡"},{"type":"pause","duration":10},{"type":"keyUp","value":"î€‡"}]}]}
RESULT: {"actions":[{"id":"action33","type":"key","parameters":{},"actions":[{"type":"keyDown","value":"î€‡"},{"type":"pause","duration":10},{"type":"keyUp","value":"î€‡"}]}]}
COMMAND: GET /session/c8be2085c0e5dd8418678e9c76522247/screenshot - {}
RESULT: {}
COMMAND: POST /session/c8be2085c0e5dd8418678e9c76522247/execute/async - {"script":"<script> [1562 bytes]","args":[{"selector":{"id":"application-manageconditionprice-display-component---conditions--smartFilterBar-filterItemControl_BASIC-BILL_TYPES-vhi"},"wdio_ui5_key":"applicationmanageconditionprice-display-component---conditions--smartFilterBar-filterItemControl_BASIC-BILL_TYPES-vhi"}]}
RESULT: {"script":"<script> [1562 bytes]","args":[{"selector":{"id":"application-manageconditionprice-display-component---conditions--smartFilterBar-filterItemControl_BASIC-BILL_TYPES-vhi"},"wdio_ui5_key":"applicationmanageconditionprice-display-component---conditions--smartFilterBar-filterItemControl_BASIC-BILL_TYPES-vhi"}]}
RESULT: undefined
COMMAND: POST /session/c8be2085c0e5dd8418678e9c76522247/element - {"using":"xpath","value":"//*[@id=\"application-manageconditionprice-display-component---conditions--smartFilterBar-filterItemControl_BASIC-BILL_TYPES-vhi\"]"}
RESULT: {"using":"xpath","value":"//*[@id=\"application-manageconditionprice-display-component---conditions--smartFilterBar-filterItemControl_BASIC-BILL_TYPES-vhi\"]"}
COMMAND: POST /session/c8be2085c0e5dd8418678e9c76522247/element/f.59A644A74ED233CCADDF2157A5466830.d.B426B292118AC112435D00C8751784A2.e.8532/click - {}
RESULT: {}
COMMAND: POST /session/c8be2085c0e5dd8418678e9c76522247/execute/async - {"script":"<script> [1562 bytes]","args":[{"selector":{"id":"application-manageconditionprice-display-component---conditions--smartFilterBar-filterItemControl_BASIC-BILL_TYPES-valueHelpDialog-smartFilterBar-btnBasicSearch","searchOpenDialogs":true,"interaction":{"idSuffix":"I"}},"wdio_ui5_key":"applicationmanageconditionprice-display-component---conditions--smartFilterBar-filterItemControl_BASIC-BILL_TYPES-valueHelpDialog-smartFilterBar-btnBasicSearch"}]}
COMMAND: GET /session/c8be2085c0e5dd8418678e9c76522247/screenshot - {}
RESULT: {"script":"<script> [1562 bytes]","args":[{"selector":{"id":"application-manageconditionprice-display-component---conditions--smartFilterBar-filterItemControl_BASIC-BILL_TYPES-valueHelpDialog-smartFilterBar-btnBasicSearch","searchOpenDialogs":true,"interaction":{"idSuffix":"I"}},"wdio_ui5_key":"applicationmanageconditionprice-display-component---conditions--smartFilterBar-filterItemControl_BASIC-BILL_TYPES-valueHelpDialog-smartFilterBar-btnBasicSearch"}]}
RESULT: undefined
COMMAND: POST /session/c8be2085c0e5dd8418678e9c76522247/execute/async - {"script":"<script> [776 bytes]","args":[{"enterText":"one","selector":{"id":"application-manageconditionprice-display-component---conditions--smartFilterBar-filterItemControl_BASIC-BILL_TYPES-valueHelpDialog-smartFilterBar-btnBasicSearch","searchOpenDialogs":true,"interaction":{"idSuffix":"I"}},"clearTextFirst":true,"interactionType":"ENTER_TEXT"}]}
RESULT: {}
RESULT: {"script":"<script> [776 bytes]","args":[{"enterText":"one","selector":{"id":"application-manageconditionprice-display-component---conditions--smartFilterBar-filterItemControl_BASIC-BILL_TYPES-valueHelpDialog-smartFilterBar-btnBasicSearch","searchOpenDialogs":true,"interaction":{"idSuffix":"I"}},"clearTextFirst":true,"interactionType":"ENTER_TEXT"}]}
COMMAND: POST /session/c8be2085c0e5dd8418678e9c76522247/actions - {"actions":[{"id":"action34","type":"key","parameters":{},"actions":[{"type":"keyDown","value":"î€‡"},{"type":"pause","duration":10},{"type":"keyUp","value":"î€‡"}]}]}
RESULT: {"actions":[{"id":"action34","type":"key","parameters":{},"actions":[{"type":"keyDown","value":"î€‡"},{"type":"pause","duration":10},{"type":"keyUp","value":"î€‡"}]}]}
COMMAND: GET /session/c8be2085c0e5dd8418678e9c76522247/screenshot - {}
RESULT: {}
COMMAND: POST /session/c8be2085c0e5dd8418678e9c76522247/element - {"using":"xpath","value":"//div[contains(@id, 'application-manageconditionprice-display-component---conditions--smartFilterBar-filterItemControl_BASIC-BILL_TYPES-valueHelpDialog-table-rowsel0')]"}
RESULT: {"using":"xpath","value":"//div[contains(@id, 'application-manageconditionprice-display-component---conditions--smartFilterBar-filterItemControl_BASIC-BILL_TYPES-valueHelpDialog-table-rowsel0')]"}
COMMAND: POST /session/c8be2085c0e5dd8418678e9c76522247/element/f.59A644A74ED233CCADDF2157A5466830.d.B426B292118AC112435D00C8751784A2.e.8542/click - {}
RESULT: {}
COMMAND: GET /session/c8be2085c0e5dd8418678e9c76522247/screenshot - {}
RESULT: {}
COMMAND: POST /session/c8be2085c0e5dd8418678e9c76522247/element - {"using":"xpath","value":"//bdi[contains(text(), \"OK\")]"}
RESULT: {"using":"xpath","value":"//bdi[contains(text(), \"OK\")]"}
COMMAND: POST /session/c8be2085c0e5dd8418678e9c76522247/element/f.59A644A74ED233CCADDF2157A5466830.d.B426B292118AC112435D00C8751784A2.e.8544/click - {}
RESULT: {}
COMMAND: GET /session/c8be2085c0e5dd8418678e9c76522247/screenshot - {}
RESULT: {}
COMMAND: POST /session/c8be2085c0e5dd8418678e9c76522247/element - {"using":"xpath","value":"//span[@id=\"application-manageconditionprice-display-component---conditions--smartTable-header-inner\"]"}
RESULT: {"using":"xpath","value":"//span[@id=\"application-manageconditionprice-display-component---conditions--smartTable-header-inner\"]"}
COMMAND: POST /session/c8be2085c0e5dd8418678e9c76522247/elements - {"using":"xpath","value":"//span[@id=\"application-manageconditionprice-display-component---conditions--smartTable-header-inner\"]"}
RESULT: {"using":"xpath","value":"//span[@id=\"application-manageconditionprice-display-component---conditions--smartTable-header-inner\"]"}
COMMAND: POST /session/c8be2085c0e5dd8418678e9c76522247/execute/sync - {"script":"<script> [56 bytes]","args":[{"element-6066-11e4-a52e-4f735466cecf":"f.59A644A74ED233CCADDF2157A5466830.d.B426B292118AC112435D00C8751784A2.e.8547","ELEMENT":"f.59A644A74ED233CCADDF2157A5466830.d.B426B292118AC112435D00C8751784A2.e.8547"}]}
RESULT: {"script":"<script> [56 bytes]","args":[{"element-6066-11e4-a52e-4f735466cecf":"f.59A644A74ED233CCADDF2157A5466830.d.B426B292118AC112435D00C8751784A2.e.8547","ELEMENT":"f.59A644A74ED233CCADDF2157A5466830.d.B426B292118AC112435D00C8751784A2.e.8547"}]}
COMMAND: POST /session/c8be2085c0e5dd8418678e9c76522247/element - {"using":"css selector","value":"#shell-header-logo"}
COMMAND: GET /session/c8be2085c0e5dd8418678e9c76522247/screenshot - {}
RESULT: {"using":"css selector","value":"#shell-header-logo"}
COMMAND: POST /session/c8be2085c0e5dd8418678e9c76522247/element/f.59A644A74ED233CCADDF2157A5466830.d.B426B292118AC112435D00C8751784A2.e.8176/click - {}
RESULT: {}
RESULT: {}
COMMAND: GET /session/c8be2085c0e5dd8418678e9c76522247/screenshot - {}
RESULT: {}
]]></system-out>
    </testcase>
    <testcase classname="chrome.136_0_7103_93.windows.Create_master_data_for_mixed_billing_&amp;_do_billing_calculation_US151661" name="Should add performance based condition" time="80.39">
      <system-out><![CDATA[
RESULT: undefined
COMMAND: POST /session/c8be2085c0e5dd8418678e9c76522247/element - {"using":"xpath","value":"//*[@id=\"__tile93\"]"}
RESULT: {"using":"xpath","value":"//*[@id=\"__tile93\"]"}
COMMAND: POST /session/c8be2085c0e5dd8418678e9c76522247/element/f.59A644A74ED233CCADDF2157A5466830.d.B426B292118AC112435D00C8751784A2.e.7039/click - {}
RESULT: {}
COMMAND: GET /session/c8be2085c0e5dd8418678e9c76522247/screenshot - {}
RESULT: {}
COMMAND: POST /session/c8be2085c0e5dd8418678e9c76522247/elements - {"using":"xpath","value":"//span[text()='Error']"}
RESULT: {"using":"xpath","value":"//span[text()='Error']"}
COMMAND: POST /session/c8be2085c0e5dd8418678e9c76522247/element - {"using":"xpath","value":"//button[@aria-label=\"Create\"]"}
RESULT: {"using":"xpath","value":"//button[@aria-label=\"Create\"]"}
COMMAND: POST /session/c8be2085c0e5dd8418678e9c76522247/elements - {"using":"xpath","value":"//button[@aria-label=\"Create\"]"}
RESULT: {"using":"xpath","value":"//button[@aria-label=\"Create\"]"}
COMMAND: POST /session/c8be2085c0e5dd8418678e9c76522247/execute/sync - {"script":"<script> [8489 bytes]","args":[{"element-6066-11e4-a52e-4f735466cecf":"f.59A644A74ED233CCADDF2157A5466830.d.B426B292118AC112435D00C8751784A2.e.8603","ELEMENT":"f.59A644A74ED233CCADDF2157A5466830.d.B426B292118AC112435D00C8751784A2.e.8603"}]}
RESULT: {"script":"<script> [8489 bytes]","args":[{"element-6066-11e4-a52e-4f735466cecf":"f.59A644A74ED233CCADDF2157A5466830.d.B426B292118AC112435D00C8751784A2.e.8603","ELEMENT":"f.59A644A74ED233CCADDF2157A5466830.d.B426B292118AC112435D00C8751784A2.e.8603"}]}
COMMAND: GET /session/c8be2085c0e5dd8418678e9c76522247/element/f.59A644A74ED233CCADDF2157A5466830.d.B426B292118AC112435D00C8751784A2.e.8603/enabled - {}
COMMAND: GET /session/c8be2085c0e5dd8418678e9c76522247/screenshot - {}
RESULT: {}
COMMAND: POST /session/c8be2085c0e5dd8418678e9c76522247/execute/sync - {"script":"<script> [8489 bytes]","args":[{"element-6066-11e4-a52e-4f735466cecf":"f.59A644A74ED233CCADDF2157A5466830.d.B426B292118AC112435D00C8751784A2.e.8603","ELEMENT":"f.59A644A74ED233CCADDF2157A5466830.d.B426B292118AC112435D00C8751784A2.e.8603"}]}
COMMAND: GET /session/c8be2085c0e5dd8418678e9c76522247/screenshot - {}
RESULT: {}
RESULT: {"script":"<script> [8489 bytes]","args":[{"element-6066-11e4-a52e-4f735466cecf":"f.59A644A74ED233CCADDF2157A5466830.d.B426B292118AC112435D00C8751784A2.e.8603","ELEMENT":"f.59A644A74ED233CCADDF2157A5466830.d.B426B292118AC112435D00C8751784A2.e.8603"}]}
COMMAND: POST /session/c8be2085c0e5dd8418678e9c76522247/execute/sync - {"script":"<script> [5351 bytes]","args":[{"element-6066-11e4-a52e-4f735466cecf":"f.59A644A74ED233CCADDF2157A5466830.d.B426B292118AC112435D00C8751784A2.e.8603","ELEMENT":"f.59A644A74ED233CCADDF2157A5466830.d.B426B292118AC112435D00C8751784A2.e.8603"}]}
COMMAND: GET /session/c8be2085c0e5dd8418678e9c76522247/screenshot - {}
RESULT: {}
RESULT: {"script":"<script> [5351 bytes]","args":[{"element-6066-11e4-a52e-4f735466cecf":"f.59A644A74ED233CCADDF2157A5466830.d.B426B292118AC112435D00C8751784A2.e.8603","ELEMENT":"f.59A644A74ED233CCADDF2157A5466830.d.B426B292118AC112435D00C8751784A2.e.8603"}]}
COMMAND: POST /session/c8be2085c0e5dd8418678e9c76522247/element/f.59A644A74ED233CCADDF2157A5466830.d.B426B292118AC112435D00C8751784A2.e.8603/click - {}
COMMAND: GET /session/c8be2085c0e5dd8418678e9c76522247/screenshot - {}
RESULT: {}
RESULT: {}
COMMAND: GET /session/c8be2085c0e5dd8418678e9c76522247/screenshot - {}
RESULT: {}
RESULT: {}
COMMAND: POST /session/c8be2085c0e5dd8418678e9c76522247/actions - {"actions":[{"id":"action35","type":"key","parameters":{},"actions":[{"type":"keyDown","value":"î€‡"},{"type":"pause","duration":10},{"type":"keyUp","value":"î€‡"}]}]}
RESULT: {"actions":[{"id":"action35","type":"key","parameters":{},"actions":[{"type":"keyDown","value":"î€‡"},{"type":"pause","duration":10},{"type":"keyUp","value":"î€‡"}]}]}
COMMAND: GET /session/c8be2085c0e5dd8418678e9c76522247/screenshot - {}
RESULT: undefined
COMMAND: POST /session/c8be2085c0e5dd8418678e9c76522247/element - {"using":"xpath","value":"//*[@id=\"application-manageconditionprice-display-component---newCondition--condBillCond-arrow\"]"}
RESULT: {}
RESULT: {"using":"xpath","value":"//*[@id=\"application-manageconditionprice-display-component---newCondition--condBillCond-arrow\"]"}
COMMAND: POST /session/c8be2085c0e5dd8418678e9c76522247/element/f.59A644A74ED233CCADDF2157A5466830.d.B426B292118AC112435D00C8751784A2.e.9079/click - {}
RESULT: {}
COMMAND: GET /session/c8be2085c0e5dd8418678e9c76522247/screenshot - {}
COMMAND: POST /session/c8be2085c0e5dd8418678e9c76522247/element - {"using":"xpath","value":"//li[.//span[contains(text(), \"PC06 - Performance Price - fuel\")]]"}
RESULT: {}
RESULT: {"using":"xpath","value":"//li[.//span[contains(text(), \"PC06 - Performance Price - fuel\")]]"}
COMMAND: POST /session/c8be2085c0e5dd8418678e9c76522247/element/f.59A644A74ED233CCADDF2157A5466830.d.B426B292118AC112435D00C8751784A2.e.9082/click - {}
RESULT: {}
COMMAND: GET /session/c8be2085c0e5dd8418678e9c76522247/screenshot - {}
RESULT: {}
RESULT: undefined
COMMAND: POST /session/c8be2085c0e5dd8418678e9c76522247/execute/async - {"script":"<script> [776 bytes]","args":[{"enterText":"2/2/26","selector":{"id":"application-manageconditionprice-display-component---newCondition--condValidTo","interaction":{"idSuffix":"inner"}},"clearTextFirst":true,"interactionType":"ENTER_TEXT"}]}
RESULT: {"script":"<script> [776 bytes]","args":[{"enterText":"2/2/26","selector":{"id":"application-manageconditionprice-display-component---newCondition--condValidTo","interaction":{"idSuffix":"inner"}},"clearTextFirst":true,"interactionType":"ENTER_TEXT"}]}
COMMAND: POST /session/c8be2085c0e5dd8418678e9c76522247/element - {"using":"xpath","value":"//input[@id=\"application-manageconditionprice-display-component---newCondition--condRU-inner\"]"}
RESULT: {"using":"xpath","value":"//input[@id=\"application-manageconditionprice-display-component---newCondition--condRU-inner\"]"}
COMMAND: POST /session/c8be2085c0e5dd8418678e9c76522247/element/f.59A644A74ED233CCADDF2157A5466830.d.B426B292118AC112435D00C8751784A2.e.8795/clear - {}
RESULT: {}
COMMAND: POST /session/c8be2085c0e5dd8418678e9c76522247/element/f.59A644A74ED233CCADDF2157A5466830.d.B426B292118AC112435D00C8751784A2.e.8795/value - {"text":"vT3REVuyOg"}
COMMAND: GET /session/c8be2085c0e5dd8418678e9c76522247/screenshot - {}
RESULT: {"text":"vT3REVuyOg"}
COMMAND: GET /session/c8be2085c0e5dd8418678e9c76522247/screenshot - {}
RESULT: {}
RESULT: {}
COMMAND: POST /session/c8be2085c0e5dd8418678e9c76522247/actions - {"actions":[{"id":"action36","type":"key","parameters":{},"actions":[{"type":"keyDown","value":"î€‡"},{"type":"pause","duration":10},{"type":"keyUp","value":"î€‡"}]}]}
RESULT: {"actions":[{"id":"action36","type":"key","parameters":{},"actions":[{"type":"keyDown","value":"î€‡"},{"type":"pause","duration":10},{"type":"keyUp","value":"î€‡"}]}]}
RESULT: undefined
COMMAND: POST /session/c8be2085c0e5dd8418678e9c76522247/execute/async - {"script":"<script> [776 bytes]","args":[{"enterText":"1","selector":{"id":"application-manageconditionprice-display-component---newCondition--condBaseQty","interaction":{"idSuffix":"inner"}},"clearTextFirst":true,"interactionType":"ENTER_TEXT"}]}
COMMAND: GET /session/c8be2085c0e5dd8418678e9c76522247/screenshot - {}
RESULT: {"script":"<script> [776 bytes]","args":[{"enterText":"1","selector":{"id":"application-manageconditionprice-display-component---newCondition--condBaseQty","interaction":{"idSuffix":"inner"}},"clearTextFirst":true,"interactionType":"ENTER_TEXT"}]}
RESULT: undefined
COMMAND: POST /session/c8be2085c0e5dd8418678e9c76522247/execute/async - {"script":"<script> [776 bytes]","args":[{"enterText":"10","selector":{"id":"application-manageconditionprice-display-component---newCondition--condValue","interaction":{"idSuffix":"inner"}},"clearTextFirst":true,"interactionType":"ENTER_TEXT"}]}
RESULT: {}
RESULT: {"script":"<script> [776 bytes]","args":[{"enterText":"10","selector":{"id":"application-manageconditionprice-display-component---newCondition--condValue","interaction":{"idSuffix":"inner"}},"clearTextFirst":true,"interactionType":"ENTER_TEXT"}]}
RESULT: undefined
COMMAND: POST /session/c8be2085c0e5dd8418678e9c76522247/element - {"using":"xpath","value":"//*[@id=\"application-manageconditionprice-display-component---newCondition--condCurr-arrow\"]"}
RESULT: {"using":"xpath","value":"//*[@id=\"application-manageconditionprice-display-component---newCondition--condCurr-arrow\"]"}
COMMAND: POST /session/c8be2085c0e5dd8418678e9c76522247/element/f.59A644A74ED233CCADDF2157A5466830.d.B426B292118AC112435D00C8751784A2.e.9012/click - {}
RESULT: {}
COMMAND: POST /session/c8be2085c0e5dd8418678e9c76522247/element - {"using":"xpath","value":"//span[contains(text(), \"Euro\")]"}
COMMAND: GET /session/c8be2085c0e5dd8418678e9c76522247/screenshot - {}
RESULT: {"using":"xpath","value":"//span[contains(text(), \"Euro\")]"}
COMMAND: POST /session/c8be2085c0e5dd8418678e9c76522247/element/f.59A644A74ED233CCADDF2157A5466830.d.B426B292118AC112435D00C8751784A2.e.9115/click - {}
RESULT: {}
RESULT: {}
COMMAND: POST /session/c8be2085c0e5dd8418678e9c76522247/element - {"using":"xpath","value":"//button[@data-kt=\"saveButton\"]"}
COMMAND: GET /session/c8be2085c0e5dd8418678e9c76522247/screenshot - {}
RESULT: {"using":"xpath","value":"//button[@data-kt=\"saveButton\"]"}
COMMAND: POST /session/c8be2085c0e5dd8418678e9c76522247/element/f.59A644A74ED233CCADDF2157A5466830.d.B426B292118AC112435D00C8751784A2.e.9013/click - {}
RESULT: {}
RESULT: {}
COMMAND: GET /session/c8be2085c0e5dd8418678e9c76522247/screenshot - {}
RESULT: {}
RESULT: undefined
COMMAND: POST /session/c8be2085c0e5dd8418678e9c76522247/execute/async - {"script":"<script> [776 bytes]","args":[{"enterText":"vT3REVuyOg","selector":{"id":"application-manageconditionprice-display-component---conditions--smartFilterBar-btnBasicSearch","interaction":{"idSuffix":"I"}},"clearTextFirst":true,"interactionType":"ENTER_TEXT"}]}
RESULT: {"script":"<script> [776 bytes]","args":[{"enterText":"vT3REVuyOg","selector":{"id":"application-manageconditionprice-display-component---conditions--smartFilterBar-btnBasicSearch","interaction":{"idSuffix":"I"}},"clearTextFirst":true,"interactionType":"ENTER_TEXT"}]}
COMMAND: POST /session/c8be2085c0e5dd8418678e9c76522247/actions - {"actions":[{"id":"action37","type":"key","parameters":{},"actions":[{"type":"keyDown","value":"î€‡"},{"type":"pause","duration":10},{"type":"keyUp","value":"î€‡"}]}]}
RESULT: {"actions":[{"id":"action37","type":"key","parameters":{},"actions":[{"type":"keyDown","value":"î€‡"},{"type":"pause","duration":10},{"type":"keyUp","value":"î€‡"}]}]}
COMMAND: GET /session/c8be2085c0e5dd8418678e9c76522247/screenshot - {}
RESULT: {}
RESULT: undefined
COMMAND: POST /session/c8be2085c0e5dd8418678e9c76522247/element - {"using":"xpath","value":"//*[@id=\"application-manageconditionprice-display-component---conditions--smartFilterBar-filterItemControl_BASIC-BILL_TYPES-vhi\"]"}
RESULT: {"using":"xpath","value":"//*[@id=\"application-manageconditionprice-display-component---conditions--smartFilterBar-filterItemControl_BASIC-BILL_TYPES-vhi\"]"}
COMMAND: POST /session/c8be2085c0e5dd8418678e9c76522247/element/f.59A644A74ED233CCADDF2157A5466830.d.B426B292118AC112435D00C8751784A2.e.9370/click - {}
RESULT: {}
RESULT: undefined
COMMAND: POST /session/c8be2085c0e5dd8418678e9c76522247/execute/async - {"script":"<script> [776 bytes]","args":[{"enterText":"PB","selector":{"id":"application-manageconditionprice-display-component---conditions--smartFilterBar-filterItemControl_BASIC-BILL_TYPES-valueHelpDialog-smartFilterBar-btnBasicSearch","searchOpenDialogs":true,"interaction":{"idSuffix":"I"}},"clearTextFirst":true,"interactionType":"ENTER_TEXT"}]}
COMMAND: GET /session/c8be2085c0e5dd8418678e9c76522247/screenshot - {}
RESULT: {"script":"<script> [776 bytes]","args":[{"enterText":"PB","selector":{"id":"application-manageconditionprice-display-component---conditions--smartFilterBar-filterItemControl_BASIC-BILL_TYPES-valueHelpDialog-smartFilterBar-btnBasicSearch","searchOpenDialogs":true,"interaction":{"idSuffix":"I"}},"clearTextFirst":true,"interactionType":"ENTER_TEXT"}]}
COMMAND: POST /session/c8be2085c0e5dd8418678e9c76522247/actions - {"actions":[{"id":"action38","type":"key","parameters":{},"actions":[{"type":"keyDown","value":"î€‡"},{"type":"pause","duration":10},{"type":"keyUp","value":"î€‡"}]}]}
RESULT: {}
RESULT: {"actions":[{"id":"action38","type":"key","parameters":{},"actions":[{"type":"keyDown","value":"î€‡"},{"type":"pause","duration":10},{"type":"keyUp","value":"î€‡"}]}]}
COMMAND: GET /session/c8be2085c0e5dd8418678e9c76522247/screenshot - {}
RESULT: {}
COMMAND: POST /session/c8be2085c0e5dd8418678e9c76522247/element - {"using":"xpath","value":"//div[contains(@id, 'application-manageconditionprice-display-component---conditions--smartFilterBar-filterItemControl_BASIC-BILL_TYPES-valueHelpDialog-table-rowsel0')]"}
RESULT: {"using":"xpath","value":"//div[contains(@id, 'application-manageconditionprice-display-component---conditions--smartFilterBar-filterItemControl_BASIC-BILL_TYPES-valueHelpDialog-table-rowsel0')]"}
COMMAND: POST /session/c8be2085c0e5dd8418678e9c76522247/element/f.59A644A74ED233CCADDF2157A5466830.d.B426B292118AC112435D00C8751784A2.e.9378/click - {}
RESULT: {}
COMMAND: GET /session/c8be2085c0e5dd8418678e9c76522247/screenshot - {}
RESULT: {}
COMMAND: POST /session/c8be2085c0e5dd8418678e9c76522247/element - {"using":"xpath","value":"//bdi[contains(text(), \"OK\")]"}
RESULT: {"using":"xpath","value":"//bdi[contains(text(), \"OK\")]"}
COMMAND: POST /session/c8be2085c0e5dd8418678e9c76522247/element/f.59A644A74ED233CCADDF2157A5466830.d.B426B292118AC112435D00C8751784A2.e.9380/click - {}
RESULT: {}
COMMAND: GET /session/c8be2085c0e5dd8418678e9c76522247/screenshot - {}
RESULT: {}
COMMAND: POST /session/c8be2085c0e5dd8418678e9c76522247/element - {"using":"xpath","value":"//span[@id=\"application-manageconditionprice-display-component---conditions--smartTable-header-inner\"]"}
RESULT: {"using":"xpath","value":"//span[@id=\"application-manageconditionprice-display-component---conditions--smartTable-header-inner\"]"}
COMMAND: POST /session/c8be2085c0e5dd8418678e9c76522247/elements - {"using":"xpath","value":"//span[@id=\"application-manageconditionprice-display-component---conditions--smartTable-header-inner\"]"}
RESULT: {"using":"xpath","value":"//span[@id=\"application-manageconditionprice-display-component---conditions--smartTable-header-inner\"]"}
COMMAND: POST /session/c8be2085c0e5dd8418678e9c76522247/execute/sync - {"script":"<script> [56 bytes]","args":[{"element-6066-11e4-a52e-4f735466cecf":"f.59A644A74ED233CCADDF2157A5466830.d.B426B292118AC112435D00C8751784A2.e.9383","ELEMENT":"f.59A644A74ED233CCADDF2157A5466830.d.B426B292118AC112435D00C8751784A2.e.9383"}]}
RESULT: {"script":"<script> [56 bytes]","args":[{"element-6066-11e4-a52e-4f735466cecf":"f.59A644A74ED233CCADDF2157A5466830.d.B426B292118AC112435D00C8751784A2.e.9383","ELEMENT":"f.59A644A74ED233CCADDF2157A5466830.d.B426B292118AC112435D00C8751784A2.e.9383"}]}
COMMAND: POST /session/c8be2085c0e5dd8418678e9c76522247/element - {"using":"css selector","value":"#shell-header-logo"}
COMMAND: GET /session/c8be2085c0e5dd8418678e9c76522247/screenshot - {}
RESULT: {"using":"css selector","value":"#shell-header-logo"}
COMMAND: POST /session/c8be2085c0e5dd8418678e9c76522247/element/f.59A644A74ED233CCADDF2157A5466830.d.B426B292118AC112435D00C8751784A2.e.8554/click - {}
RESULT: {}
RESULT: {}
COMMAND: GET /session/c8be2085c0e5dd8418678e9c76522247/screenshot - {}
RESULT: {}
]]></system-out>
    </testcase>
    <testcase classname="chrome.136_0_7103_93.windows.Create_master_data_for_mixed_billing_&amp;_do_billing_calculation_US151661" name="Should add time based condition" time="72.436">
      <system-out><![CDATA[
RESULT: undefined
COMMAND: POST /session/c8be2085c0e5dd8418678e9c76522247/element - {"using":"xpath","value":"//*[@id=\"__tile93\"]"}
RESULT: {"using":"xpath","value":"//*[@id=\"__tile93\"]"}
COMMAND: POST /session/c8be2085c0e5dd8418678e9c76522247/element/f.59A644A74ED233CCADDF2157A5466830.d.B426B292118AC112435D00C8751784A2.e.7039/click - {}
RESULT: {}
COMMAND: GET /session/c8be2085c0e5dd8418678e9c76522247/screenshot - {}
RESULT: {}
COMMAND: POST /session/c8be2085c0e5dd8418678e9c76522247/elements - {"using":"xpath","value":"//span[text()='Error']"}
RESULT: {"using":"xpath","value":"//span[text()='Error']"}
COMMAND: POST /session/c8be2085c0e5dd8418678e9c76522247/element - {"using":"xpath","value":"//button[@aria-label=\"Create\"]"}
RESULT: {"using":"xpath","value":"//button[@aria-label=\"Create\"]"}
COMMAND: POST /session/c8be2085c0e5dd8418678e9c76522247/elements - {"using":"xpath","value":"//button[@aria-label=\"Create\"]"}
RESULT: {"using":"xpath","value":"//button[@aria-label=\"Create\"]"}
COMMAND: POST /session/c8be2085c0e5dd8418678e9c76522247/execute/sync - {"script":"<script> [8489 bytes]","args":[{"element-6066-11e4-a52e-4f735466cecf":"f.59A644A74ED233CCADDF2157A5466830.d.B426B292118AC112435D00C8751784A2.e.9437","ELEMENT":"f.59A644A74ED233CCADDF2157A5466830.d.B426B292118AC112435D00C8751784A2.e.9437"}]}
RESULT: {"script":"<script> [8489 bytes]","args":[{"element-6066-11e4-a52e-4f735466cecf":"f.59A644A74ED233CCADDF2157A5466830.d.B426B292118AC112435D00C8751784A2.e.9437","ELEMENT":"f.59A644A74ED233CCADDF2157A5466830.d.B426B292118AC112435D00C8751784A2.e.9437"}]}
COMMAND: GET /session/c8be2085c0e5dd8418678e9c76522247/element/f.59A644A74ED233CCADDF2157A5466830.d.B426B292118AC112435D00C8751784A2.e.9437/enabled - {}
COMMAND: GET /session/c8be2085c0e5dd8418678e9c76522247/screenshot - {}
RESULT: {}
COMMAND: POST /session/c8be2085c0e5dd8418678e9c76522247/execute/sync - {"script":"<script> [8489 bytes]","args":[{"element-6066-11e4-a52e-4f735466cecf":"f.59A644A74ED233CCADDF2157A5466830.d.B426B292118AC112435D00C8751784A2.e.9437","ELEMENT":"f.59A644A74ED233CCADDF2157A5466830.d.B426B292118AC112435D00C8751784A2.e.9437"}]}
COMMAND: GET /session/c8be2085c0e5dd8418678e9c76522247/screenshot - {}
RESULT: {}
RESULT: {"script":"<script> [8489 bytes]","args":[{"element-6066-11e4-a52e-4f735466cecf":"f.59A644A74ED233CCADDF2157A5466830.d.B426B292118AC112435D00C8751784A2.e.9437","ELEMENT":"f.59A644A74ED233CCADDF2157A5466830.d.B426B292118AC112435D00C8751784A2.e.9437"}]}
COMMAND: POST /session/c8be2085c0e5dd8418678e9c76522247/execute/sync - {"script":"<script> [5351 bytes]","args":[{"element-6066-11e4-a52e-4f735466cecf":"f.59A644A74ED233CCADDF2157A5466830.d.B426B292118AC112435D00C8751784A2.e.9437","ELEMENT":"f.59A644A74ED233CCADDF2157A5466830.d.B426B292118AC112435D00C8751784A2.e.9437"}]}
COMMAND: GET /session/c8be2085c0e5dd8418678e9c76522247/screenshot - {}
RESULT: {}
RESULT: {"script":"<script> [5351 bytes]","args":[{"element-6066-11e4-a52e-4f735466cecf":"f.59A644A74ED233CCADDF2157A5466830.d.B426B292118AC112435D00C8751784A2.e.9437","ELEMENT":"f.59A644A74ED233CCADDF2157A5466830.d.B426B292118AC112435D00C8751784A2.e.9437"}]}
COMMAND: POST /session/c8be2085c0e5dd8418678e9c76522247/element/f.59A644A74ED233CCADDF2157A5466830.d.B426B292118AC112435D00C8751784A2.e.9437/click - {}
COMMAND: GET /session/c8be2085c0e5dd8418678e9c76522247/screenshot - {}
RESULT: {}
RESULT: {}
COMMAND: GET /session/c8be2085c0e5dd8418678e9c76522247/screenshot - {}
RESULT: {}
RESULT: {}
COMMAND: POST /session/c8be2085c0e5dd8418678e9c76522247/actions - {"actions":[{"id":"action39","type":"key","parameters":{},"actions":[{"type":"keyDown","value":"î€‡"},{"type":"pause","duration":10},{"type":"keyUp","value":"î€‡"}]}]}
RESULT: {"actions":[{"id":"action39","type":"key","parameters":{},"actions":[{"type":"keyDown","value":"î€‡"},{"type":"pause","duration":10},{"type":"keyUp","value":"î€‡"}]}]}
COMMAND: GET /session/c8be2085c0e5dd8418678e9c76522247/screenshot - {}
RESULT: {}
RESULT: undefined
COMMAND: POST /session/c8be2085c0e5dd8418678e9c76522247/element - {"using":"xpath","value":"//*[@id=\"application-manageconditionprice-display-component---newCondition--condBillCond-arrow\"]"}
RESULT: {"using":"xpath","value":"//*[@id=\"application-manageconditionprice-display-component---newCondition--condBillCond-arrow\"]"}
COMMAND: POST /session/c8be2085c0e5dd8418678e9c76522247/element/f.59A644A74ED233CCADDF2157A5466830.d.B426B292118AC112435D00C8751784A2.e.9893/click - {}
RESULT: {}
COMMAND: GET /session/c8be2085c0e5dd8418678e9c76522247/screenshot - {}
RESULT: {}
COMMAND: POST /session/c8be2085c0e5dd8418678e9c76522247/element - {"using":"xpath","value":"//li[.//span[contains(text(), \"DISP - D&I special price\")]]"}
RESULT: {"using":"xpath","value":"//li[.//span[contains(text(), \"DISP - D&I special price\")]]"}
COMMAND: POST /session/c8be2085c0e5dd8418678e9c76522247/element/f.59A644A74ED233CCADDF2157A5466830.d.B426B292118AC112435D00C8751784A2.e.9894/click - {}
RESULT: {}
COMMAND: GET /session/c8be2085c0e5dd8418678e9c76522247/screenshot - {}
RESULT: {}
RESULT: undefined
COMMAND: POST /session/c8be2085c0e5dd8418678e9c76522247/execute/async - {"script":"<script> [776 bytes]","args":[{"enterText":"2/2/26","selector":{"id":"application-manageconditionprice-display-component---newCondition--condValidTo","interaction":{"idSuffix":"inner"}},"clearTextFirst":true,"interactionType":"ENTER_TEXT"}]}
RESULT: {"script":"<script> [776 bytes]","args":[{"enterText":"2/2/26","selector":{"id":"application-manageconditionprice-display-component---newCondition--condValidTo","interaction":{"idSuffix":"inner"}},"clearTextFirst":true,"interactionType":"ENTER_TEXT"}]}
COMMAND: POST /session/c8be2085c0e5dd8418678e9c76522247/element - {"using":"xpath","value":"//input[@id=\"application-manageconditionprice-display-component---newCondition--condRU-inner\"]"}
RESULT: {"using":"xpath","value":"//input[@id=\"application-manageconditionprice-display-component---newCondition--condRU-inner\"]"}
COMMAND: POST /session/c8be2085c0e5dd8418678e9c76522247/element/f.59A644A74ED233CCADDF2157A5466830.d.B426B292118AC112435D00C8751784A2.e.9610/clear - {}
RESULT: {}
COMMAND: POST /session/c8be2085c0e5dd8418678e9c76522247/element/f.59A644A74ED233CCADDF2157A5466830.d.B426B292118AC112435D00C8751784A2.e.9610/value - {"text":"vT3REVuyOg"}
COMMAND: GET /session/c8be2085c0e5dd8418678e9c76522247/screenshot - {}
RESULT: {"text":"vT3REVuyOg"}
COMMAND: GET /session/c8be2085c0e5dd8418678e9c76522247/screenshot - {}
RESULT: {}
RESULT: {}
COMMAND: POST /session/c8be2085c0e5dd8418678e9c76522247/actions - {"actions":[{"id":"action40","type":"key","parameters":{},"actions":[{"type":"keyDown","value":"î€‡"},{"type":"pause","duration":10},{"type":"keyUp","value":"î€‡"}]}]}
RESULT: {"actions":[{"id":"action40","type":"key","parameters":{},"actions":[{"type":"keyDown","value":"î€‡"},{"type":"pause","duration":10},{"type":"keyUp","value":"î€‡"}]}]}
RESULT: undefined
COMMAND: POST /session/c8be2085c0e5dd8418678e9c76522247/execute/async - {"script":"<script> [776 bytes]","args":[{"enterText":"1","selector":{"id":"application-manageconditionprice-display-component---newCondition--condBaseQty","interaction":{"idSuffix":"inner"}},"clearTextFirst":true,"interactionType":"ENTER_TEXT"}]}
COMMAND: GET /session/c8be2085c0e5dd8418678e9c76522247/screenshot - {}
RESULT: {"script":"<script> [776 bytes]","args":[{"enterText":"1","selector":{"id":"application-manageconditionprice-display-component---newCondition--condBaseQty","interaction":{"idSuffix":"inner"}},"clearTextFirst":true,"interactionType":"ENTER_TEXT"}]}
RESULT: undefined
COMMAND: POST /session/c8be2085c0e5dd8418678e9c76522247/execute/async - {"script":"<script> [776 bytes]","args":[{"enterText":"100","selector":{"id":"application-manageconditionprice-display-component---newCondition--condValue","interaction":{"idSuffix":"inner"}},"clearTextFirst":true,"interactionType":"ENTER_TEXT"}]}
RESULT: {}
RESULT: {"script":"<script> [776 bytes]","args":[{"enterText":"100","selector":{"id":"application-manageconditionprice-display-component---newCondition--condValue","interaction":{"idSuffix":"inner"}},"clearTextFirst":true,"interactionType":"ENTER_TEXT"}]}
RESULT: undefined
COMMAND: POST /session/c8be2085c0e5dd8418678e9c76522247/element - {"using":"xpath","value":"//*[@id=\"application-manageconditionprice-display-component---newCondition--condCurr-arrow\"]"}
RESULT: {"using":"xpath","value":"//*[@id=\"application-manageconditionprice-display-component---newCondition--condCurr-arrow\"]"}
COMMAND: POST /session/c8be2085c0e5dd8418678e9c76522247/element/f.59A644A74ED233CCADDF2157A5466830.d.B426B292118AC112435D00C8751784A2.e.9842/click - {}
RESULT: {}
COMMAND: POST /session/c8be2085c0e5dd8418678e9c76522247/element - {"using":"xpath","value":"//span[contains(text(), \"Euro\")]"}
COMMAND: GET /session/c8be2085c0e5dd8418678e9c76522247/screenshot - {}
RESULT: {"using":"xpath","value":"//span[contains(text(), \"Euro\")]"}
COMMAND: POST /session/c8be2085c0e5dd8418678e9c76522247/element/f.59A644A74ED233CCADDF2157A5466830.d.B426B292118AC112435D00C8751784A2.e.9932/click - {}
RESULT: {}
RESULT: {}
COMMAND: POST /session/c8be2085c0e5dd8418678e9c76522247/element - {"using":"xpath","value":"//button[@data-kt=\"saveButton\"]"}
COMMAND: GET /session/c8be2085c0e5dd8418678e9c76522247/screenshot - {}
RESULT: {"using":"xpath","value":"//button[@data-kt=\"saveButton\"]"}
COMMAND: POST /session/c8be2085c0e5dd8418678e9c76522247/element/f.59A644A74ED233CCADDF2157A5466830.d.B426B292118AC112435D00C8751784A2.e.9843/click - {}
RESULT: {}
RESULT: {}
COMMAND: GET /session/c8be2085c0e5dd8418678e9c76522247/screenshot - {}
RESULT: {}
RESULT: undefined
COMMAND: POST /session/c8be2085c0e5dd8418678e9c76522247/execute/async - {"script":"<script> [776 bytes]","args":[{"enterText":"vT3REVuyOg","selector":{"id":"application-manageconditionprice-display-component---conditions--smartFilterBar-btnBasicSearch","interaction":{"idSuffix":"I"}},"clearTextFirst":true,"interactionType":"ENTER_TEXT"}]}
RESULT: {"script":"<script> [776 bytes]","args":[{"enterText":"vT3REVuyOg","selector":{"id":"application-manageconditionprice-display-component---conditions--smartFilterBar-btnBasicSearch","interaction":{"idSuffix":"I"}},"clearTextFirst":true,"interactionType":"ENTER_TEXT"}]}
COMMAND: POST /session/c8be2085c0e5dd8418678e9c76522247/actions - {"actions":[{"id":"action41","type":"key","parameters":{},"actions":[{"type":"keyDown","value":"î€‡"},{"type":"pause","duration":10},{"type":"keyUp","value":"î€‡"}]}]}
RESULT: {"actions":[{"id":"action41","type":"key","parameters":{},"actions":[{"type":"keyDown","value":"î€‡"},{"type":"pause","duration":10},{"type":"keyUp","value":"î€‡"}]}]}
COMMAND: GET /session/c8be2085c0e5dd8418678e9c76522247/screenshot - {}
RESULT: {}
RESULT: undefined
COMMAND: POST /session/c8be2085c0e5dd8418678e9c76522247/element - {"using":"xpath","value":"//*[@id=\"application-manageconditionprice-display-component---conditions--smartFilterBar-filterItemControl_BASIC-BILL_TYPES-vhi\"]"}
RESULT: {"using":"xpath","value":"//*[@id=\"application-manageconditionprice-display-component---conditions--smartFilterBar-filterItemControl_BASIC-BILL_TYPES-vhi\"]"}
COMMAND: POST /session/c8be2085c0e5dd8418678e9c76522247/element/f.59A644A74ED233CCADDF2157A5466830.d.B426B292118AC112435D00C8751784A2.e.10169/click - {}
RESULT: {}
RESULT: undefined
COMMAND: POST /session/c8be2085c0e5dd8418678e9c76522247/execute/async - {"script":"<script> [776 bytes]","args":[{"enterText":"TB","selector":{"id":"application-manageconditionprice-display-component---conditions--smartFilterBar-filterItemControl_BASIC-BILL_TYPES-valueHelpDialog-smartFilterBar-btnBasicSearch","searchOpenDialogs":true,"interaction":{"idSuffix":"I"}},"clearTextFirst":true,"interactionType":"ENTER_TEXT"}]}
COMMAND: GET /session/c8be2085c0e5dd8418678e9c76522247/screenshot - {}
RESULT: {"script":"<script> [776 bytes]","args":[{"enterText":"TB","selector":{"id":"application-manageconditionprice-display-component---conditions--smartFilterBar-filterItemControl_BASIC-BILL_TYPES-valueHelpDialog-smartFilterBar-btnBasicSearch","searchOpenDialogs":true,"interaction":{"idSuffix":"I"}},"clearTextFirst":true,"interactionType":"ENTER_TEXT"}]}
COMMAND: POST /session/c8be2085c0e5dd8418678e9c76522247/actions - {"actions":[{"id":"action42","type":"key","parameters":{},"actions":[{"type":"keyDown","value":"î€‡"},{"type":"pause","duration":10},{"type":"keyUp","value":"î€‡"}]}]}
RESULT: {}
RESULT: {"actions":[{"id":"action42","type":"key","parameters":{},"actions":[{"type":"keyDown","value":"î€‡"},{"type":"pause","duration":10},{"type":"keyUp","value":"î€‡"}]}]}
COMMAND: GET /session/c8be2085c0e5dd8418678e9c76522247/screenshot - {}
RESULT: {}
COMMAND: POST /session/c8be2085c0e5dd8418678e9c76522247/element - {"using":"xpath","value":"//div[contains(@id, 'application-manageconditionprice-display-component---conditions--smartFilterBar-filterItemControl_BASIC-BILL_TYPES-valueHelpDialog-table-rowsel0')]"}
RESULT: {"using":"xpath","value":"//div[contains(@id, 'application-manageconditionprice-display-component---conditions--smartFilterBar-filterItemControl_BASIC-BILL_TYPES-valueHelpDialog-table-rowsel0')]"}
COMMAND: POST /session/c8be2085c0e5dd8418678e9c76522247/element/f.59A644A74ED233CCADDF2157A5466830.d.B426B292118AC112435D00C8751784A2.e.10176/click - {}
RESULT: {}
COMMAND: GET /session/c8be2085c0e5dd8418678e9c76522247/screenshot - {}
RESULT: {}
COMMAND: POST /session/c8be2085c0e5dd8418678e9c76522247/element - {"using":"xpath","value":"//bdi[contains(text(), \"OK\")]"}
RESULT: {"using":"xpath","value":"//bdi[contains(text(), \"OK\")]"}
COMMAND: POST /session/c8be2085c0e5dd8418678e9c76522247/element/f.59A644A74ED233CCADDF2157A5466830.d.B426B292118AC112435D00C8751784A2.e.10178/click - {}
RESULT: {}
COMMAND: GET /session/c8be2085c0e5dd8418678e9c76522247/screenshot - {}
RESULT: {}
COMMAND: POST /session/c8be2085c0e5dd8418678e9c76522247/element - {"using":"xpath","value":"//span[@id=\"application-manageconditionprice-display-component---conditions--smartTable-header-inner\"]"}
RESULT: {"using":"xpath","value":"//span[@id=\"application-manageconditionprice-display-component---conditions--smartTable-header-inner\"]"}
COMMAND: POST /session/c8be2085c0e5dd8418678e9c76522247/elements - {"using":"xpath","value":"//span[@id=\"application-manageconditionprice-display-component---conditions--smartTable-header-inner\"]"}
RESULT: {"using":"xpath","value":"//span[@id=\"application-manageconditionprice-display-component---conditions--smartTable-header-inner\"]"}
COMMAND: POST /session/c8be2085c0e5dd8418678e9c76522247/execute/sync - {"script":"<script> [56 bytes]","args":[{"element-6066-11e4-a52e-4f735466cecf":"f.59A644A74ED233CCADDF2157A5466830.d.B426B292118AC112435D00C8751784A2.e.10215","ELEMENT":"f.59A644A74ED233CCADDF2157A5466830.d.B426B292118AC112435D00C8751784A2.e.10215"}]}
RESULT: {"script":"<script> [56 bytes]","args":[{"element-6066-11e4-a52e-4f735466cecf":"f.59A644A74ED233CCADDF2157A5466830.d.B426B292118AC112435D00C8751784A2.e.10215","ELEMENT":"f.59A644A74ED233CCADDF2157A5466830.d.B426B292118AC112435D00C8751784A2.e.10215"}]}
COMMAND: POST /session/c8be2085c0e5dd8418678e9c76522247/element - {"using":"css selector","value":"#shell-header-logo"}
COMMAND: GET /session/c8be2085c0e5dd8418678e9c76522247/screenshot - {}
RESULT: {"using":"css selector","value":"#shell-header-logo"}
COMMAND: POST /session/c8be2085c0e5dd8418678e9c76522247/element/f.59A644A74ED233CCADDF2157A5466830.d.B426B292118AC112435D00C8751784A2.e.9388/click - {}
RESULT: {}
RESULT: {}
COMMAND: GET /session/c8be2085c0e5dd8418678e9c76522247/screenshot - {}
RESULT: {}
]]></system-out>
    </testcase>
  </testsuite>
  <testsuite timestamp="2025-06-02T17:47:54" time="772.461" tests="13" failures="6" errors="6" skipped="0">
    <properties>
      <property name="specId" value="0" />
      <property name="suiteName" value="Performance based billing (work days) US139742" />
      <property name="capabilities" value="chrome.136_0_7103_93.windows" />
      <property name="file" value="file:///D:/a/1/s/test/specs/BTS/billing-performance-workdays.spec.js" />
    </properties>
    <testcase classname="chrome.136_0_7103_93.windows.Performance_based_billing_(work_days)_US139742" name="Should create a new yard" time="0.013">
      <system-out><![CDATA[
COMMAND: POST /session/c8be2085c0e5dd8418678e9c76522247/window/fullscreen - {}
RESULT: {}
]]></system-out>
    </testcase>
    <testcase classname="chrome.136_0_7103_93.windows.Performance_based_billing_(work_days)_US139742" name="Should create a new partner" time="0.005" />
    <testcase classname="chrome.136_0_7103_93.windows.Performance_based_billing_(work_days)_US139742" name="Should create a new site" time="0.003" />
    <testcase classname="chrome.136_0_7103_93.windows.Performance_based_billing_(work_days)_US139742" name="Should do prerequisite steps add equipment" time="142.579">
      <system-out><![CDATA[
COMMAND: POST /session/c8be2085c0e5dd8418678e9c76522247/execute/async - {"script":"<script> [1562 bytes]","args":[{"selector":{"controlType":"sap.m.GenericTile","properties":{"header":"Manage Resources"}},"wdio_ui5_key":"sapm.GenericTile{\"header\":\"Manage Resources\"}"}]}
RESULT: {"script":"<script> [1562 bytes]","args":[{"selector":{"controlType":"sap.m.GenericTile","properties":{"header":"Manage Resources"}},"wdio_ui5_key":"sapm.GenericTile{\"header\":\"Manage Resources\"}"}]}
RESULT: undefined
COMMAND: POST /session/c8be2085c0e5dd8418678e9c76522247/element - {"using":"xpath","value":"//*[@id=\"__tile39\"]"}
RESULT: {"using":"xpath","value":"//*[@id=\"__tile39\"]"}
COMMAND: POST /session/c8be2085c0e5dd8418678e9c76522247/element/f.59A644A74ED233CCADDF2157A5466830.d.73658BC6C505EF91ED28298A9443F2D6.e.10808/click - {}
RESULT: {}
COMMAND: GET /session/c8be2085c0e5dd8418678e9c76522247/screenshot - {}
RESULT: {}
COMMAND: POST /session/c8be2085c0e5dd8418678e9c76522247/elements - {"using":"xpath","value":"//span[text()='Error']"}
RESULT: {"using":"xpath","value":"//span[text()='Error']"}
COMMAND: POST /session/c8be2085c0e5dd8418678e9c76522247/element - {"using":"xpath","value":"//button[@data-kt=\"addNewRUOverflowToolbarButton\"]"}
RESULT: {"using":"xpath","value":"//button[@data-kt=\"addNewRUOverflowToolbarButton\"]"}
COMMAND: POST /session/c8be2085c0e5dd8418678e9c76522247/elements - {"using":"xpath","value":"//button[@data-kt=\"addNewRUOverflowToolbarButton\"]"}
RESULT: {"using":"xpath","value":"//button[@data-kt=\"addNewRUOverflowToolbarButton\"]"}
COMMAND: POST /session/c8be2085c0e5dd8418678e9c76522247/elements - {"using":"xpath","value":"//button[@data-kt=\"addNewRUOverflowToolbarButton\"]"}
RESULT: {"using":"xpath","value":"//button[@data-kt=\"addNewRUOverflowToolbarButton\"]"}
COMMAND: POST /session/c8be2085c0e5dd8418678e9c76522247/elements - {"using":"xpath","value":"//button[@data-kt=\"addNewRUOverflowToolbarButton\"]"}
RESULT: {"using":"xpath","value":"//button[@data-kt=\"addNewRUOverflowToolbarButton\"]"}
COMMAND: POST /session/c8be2085c0e5dd8418678e9c76522247/elements - {"using":"xpath","value":"//button[@data-kt=\"addNewRUOverflowToolbarButton\"]"}
RESULT: {"using":"xpath","value":"//button[@data-kt=\"addNewRUOverflowToolbarButton\"]"}
COMMAND: POST /session/c8be2085c0e5dd8418678e9c76522247/elements - {"using":"xpath","value":"//button[@data-kt=\"addNewRUOverflowToolbarButton\"]"}
RESULT: {"using":"xpath","value":"//button[@data-kt=\"addNewRUOverflowToolbarButton\"]"}
COMMAND: POST /session/c8be2085c0e5dd8418678e9c76522247/elements - {"using":"xpath","value":"//button[@data-kt=\"addNewRUOverflowToolbarButton\"]"}
RESULT: {"using":"xpath","value":"//button[@data-kt=\"addNewRUOverflowToolbarButton\"]"}
COMMAND: POST /session/c8be2085c0e5dd8418678e9c76522247/elements - {"using":"xpath","value":"//button[@data-kt=\"addNewRUOverflowToolbarButton\"]"}
RESULT: {"using":"xpath","value":"//button[@data-kt=\"addNewRUOverflowToolbarButton\"]"}
COMMAND: POST /session/c8be2085c0e5dd8418678e9c76522247/elements - {"using":"xpath","value":"//button[@data-kt=\"addNewRUOverflowToolbarButton\"]"}
RESULT: {"using":"xpath","value":"//button[@data-kt=\"addNewRUOverflowToolbarButton\"]"}
COMMAND: POST /session/c8be2085c0e5dd8418678e9c76522247/elements - {"using":"xpath","value":"//button[@data-kt=\"addNewRUOverflowToolbarButton\"]"}
RESULT: {"using":"xpath","value":"//button[@data-kt=\"addNewRUOverflowToolbarButton\"]"}
COMMAND: POST /session/c8be2085c0e5dd8418678e9c76522247/elements - {"using":"xpath","value":"//button[@data-kt=\"addNewRUOverflowToolbarButton\"]"}
RESULT: {"using":"xpath","value":"//button[@data-kt=\"addNewRUOverflowToolbarButton\"]"}
COMMAND: POST /session/c8be2085c0e5dd8418678e9c76522247/elements - {"using":"xpath","value":"//button[@data-kt=\"addNewRUOverflowToolbarButton\"]"}
RESULT: {"using":"xpath","value":"//button[@data-kt=\"addNewRUOverflowToolbarButton\"]"}
COMMAND: POST /session/c8be2085c0e5dd8418678e9c76522247/elements - {"using":"xpath","value":"//button[@data-kt=\"addNewRUOverflowToolbarButton\"]"}
RESULT: {"using":"xpath","value":"//button[@data-kt=\"addNewRUOverflowToolbarButton\"]"}
COMMAND: POST /session/c8be2085c0e5dd8418678e9c76522247/elements - {"using":"xpath","value":"//button[@data-kt=\"addNewRUOverflowToolbarButton\"]"}
RESULT: {"using":"xpath","value":"//button[@data-kt=\"addNewRUOverflowToolbarButton\"]"}
COMMAND: POST /session/c8be2085c0e5dd8418678e9c76522247/elements - {"using":"xpath","value":"//button[@data-kt=\"addNewRUOverflowToolbarButton\"]"}
RESULT: {"using":"xpath","value":"//button[@data-kt=\"addNewRUOverflowToolbarButton\"]"}
COMMAND: POST /session/c8be2085c0e5dd8418678e9c76522247/elements - {"using":"xpath","value":"//button[@data-kt=\"addNewRUOverflowToolbarButton\"]"}
RESULT: {"using":"xpath","value":"//button[@data-kt=\"addNewRUOverflowToolbarButton\"]"}
COMMAND: POST /session/c8be2085c0e5dd8418678e9c76522247/elements - {"using":"xpath","value":"//button[@data-kt=\"addNewRUOverflowToolbarButton\"]"}
RESULT: {"using":"xpath","value":"//button[@data-kt=\"addNewRUOverflowToolbarButton\"]"}
COMMAND: POST /session/c8be2085c0e5dd8418678e9c76522247/elements - {"using":"xpath","value":"//button[@data-kt=\"addNewRUOverflowToolbarButton\"]"}
RESULT: {"using":"xpath","value":"//button[@data-kt=\"addNewRUOverflowToolbarButton\"]"}
COMMAND: POST /session/c8be2085c0e5dd8418678e9c76522247/elements - {"using":"xpath","value":"//button[@data-kt=\"addNewRUOverflowToolbarButton\"]"}
RESULT: {"using":"xpath","value":"//button[@data-kt=\"addNewRUOverflowToolbarButton\"]"}
COMMAND: POST /session/c8be2085c0e5dd8418678e9c76522247/elements - {"using":"xpath","value":"//button[@data-kt=\"addNewRUOverflowToolbarButton\"]"}
RESULT: {"using":"xpath","value":"//button[@data-kt=\"addNewRUOverflowToolbarButton\"]"}
COMMAND: POST /session/c8be2085c0e5dd8418678e9c76522247/elements - {"using":"xpath","value":"//button[@data-kt=\"addNewRUOverflowToolbarButton\"]"}
RESULT: {"using":"xpath","value":"//button[@data-kt=\"addNewRUOverflowToolbarButton\"]"}
COMMAND: POST /session/c8be2085c0e5dd8418678e9c76522247/elements - {"using":"xpath","value":"//button[@data-kt=\"addNewRUOverflowToolbarButton\"]"}
RESULT: {"using":"xpath","value":"//button[@data-kt=\"addNewRUOverflowToolbarButton\"]"}
COMMAND: POST /session/c8be2085c0e5dd8418678e9c76522247/elements - {"using":"xpath","value":"//button[@data-kt=\"addNewRUOverflowToolbarButton\"]"}
RESULT: {"using":"xpath","value":"//button[@data-kt=\"addNewRUOverflowToolbarButton\"]"}
COMMAND: POST /session/c8be2085c0e5dd8418678e9c76522247/element - {"using":"xpath","value":"//button[@data-kt=\"addNewRUOverflowToolbarButton\"]"}
RESULT: {"using":"xpath","value":"//button[@data-kt=\"addNewRUOverflowToolbarButton\"]"}
COMMAND: POST /session/c8be2085c0e5dd8418678e9c76522247/execute/sync - {"script":"<script> [8489 bytes]","args":[{"element-6066-11e4-a52e-4f735466cecf":"f.59A644A74ED233CCADDF2157A5466830.d.73658BC6C505EF91ED28298A9443F2D6.e.10947","ELEMENT":"f.59A644A74ED233CCADDF2157A5466830.d.73658BC6C505EF91ED28298A9443F2D6.e.10947"}]}
RESULT: {"script":"<script> [8489 bytes]","args":[{"element-6066-11e4-a52e-4f735466cecf":"f.59A644A74ED233CCADDF2157A5466830.d.73658BC6C505EF91ED28298A9443F2D6.e.10947","ELEMENT":"f.59A644A74ED233CCADDF2157A5466830.d.73658BC6C505EF91ED28298A9443F2D6.e.10947"}]}
COMMAND: GET /session/c8be2085c0e5dd8418678e9c76522247/element/f.59A644A74ED233CCADDF2157A5466830.d.73658BC6C505EF91ED28298A9443F2D6.e.10947/enabled - {}
COMMAND: GET /session/c8be2085c0e5dd8418678e9c76522247/screenshot - {}
RESULT: {}
COMMAND: POST /session/c8be2085c0e5dd8418678e9c76522247/execute/sync - {"script":"<script> [8489 bytes]","args":[{"element-6066-11e4-a52e-4f735466cecf":"f.59A644A74ED233CCADDF2157A5466830.d.73658BC6C505EF91ED28298A9443F2D6.e.10947","ELEMENT":"f.59A644A74ED233CCADDF2157A5466830.d.73658BC6C505EF91ED28298A9443F2D6.e.10947"}]}
COMMAND: GET /session/c8be2085c0e5dd8418678e9c76522247/screenshot - {}
RESULT: {}
RESULT: {"script":"<script> [8489 bytes]","args":[{"element-6066-11e4-a52e-4f735466cecf":"f.59A644A74ED233CCADDF2157A5466830.d.73658BC6C505EF91ED28298A9443F2D6.e.10947","ELEMENT":"f.59A644A74ED233CCADDF2157A5466830.d.73658BC6C505EF91ED28298A9443F2D6.e.10947"}]}
COMMAND: POST /session/c8be2085c0e5dd8418678e9c76522247/execute/sync - {"script":"<script> [5351 bytes]","args":[{"element-6066-11e4-a52e-4f735466cecf":"f.59A644A74ED233CCADDF2157A5466830.d.73658BC6C505EF91ED28298A9443F2D6.e.10947","ELEMENT":"f.59A644A74ED233CCADDF2157A5466830.d.73658BC6C505EF91ED28298A9443F2D6.e.10947"}]}
COMMAND: GET /session/c8be2085c0e5dd8418678e9c76522247/screenshot - {}
RESULT: {}
RESULT: {"script":"<script> [5351 bytes]","args":[{"element-6066-11e4-a52e-4f735466cecf":"f.59A644A74ED233CCADDF2157A5466830.d.73658BC6C505EF91ED28298A9443F2D6.e.10947","ELEMENT":"f.59A644A74ED233CCADDF2157A5466830.d.73658BC6C505EF91ED28298A9443F2D6.e.10947"}]}
COMMAND: POST /session/c8be2085c0e5dd8418678e9c76522247/element/f.59A644A74ED233CCADDF2157A5466830.d.73658BC6C505EF91ED28298A9443F2D6.e.10947/click - {}
COMMAND: GET /session/c8be2085c0e5dd8418678e9c76522247/screenshot - {}
RESULT: {}
RESULT: {}
COMMAND: GET /session/c8be2085c0e5dd8418678e9c76522247/screenshot - {}
RESULT: {}
RESULT: {}
COMMAND: POST /session/c8be2085c0e5dd8418678e9c76522247/execute/async - {"script":"<script> [1562 bytes]","args":[{"selector":{"id":"application-manageresources-display-component---newResourceUnit--TYPE-arrow"},"wdio_ui5_key":"applicationmanageresources-display-component---newResourceUnit--TYPE-arrow"}]}
RESULT: {"script":"<script> [1562 bytes]","args":[{"selector":{"id":"application-manageresources-display-component---newResourceUnit--TYPE-arrow"},"wdio_ui5_key":"applicationmanageresources-display-component---newResourceUnit--TYPE-arrow"}]}
RESULT: undefined
COMMAND: POST /session/c8be2085c0e5dd8418678e9c76522247/element - {"using":"xpath","value":"//*[@id=\"application-manageresources-display-component---newResourceUnit--TYPE-arrow\"]"}
RESULT: {"using":"xpath","value":"//*[@id=\"application-manageresources-display-component---newResourceUnit--TYPE-arrow\"]"}
COMMAND: POST /session/c8be2085c0e5dd8418678e9c76522247/element/f.59A644A74ED233CCADDF2157A5466830.d.73658BC6C505EF91ED28298A9443F2D6.e.11317/click - {}
RESULT: {}
COMMAND: POST /session/c8be2085c0e5dd8418678e9c76522247/element - {"using":"xpath","value":"//input[@id=\"application-manageresources-display-component---newResourceUnit--TYPE-inner\"]"}
COMMAND: GET /session/c8be2085c0e5dd8418678e9c76522247/screenshot - {}
RESULT: {"using":"xpath","value":"//input[@id=\"application-manageresources-display-component---newResourceUnit--TYPE-inner\"]"}
COMMAND: POST /session/c8be2085c0e5dd8418678e9c76522247/element/f.59A644A74ED233CCADDF2157A5466830.d.73658BC6C505EF91ED28298A9443F2D6.e.11299/clear - {}
RESULT: {}
RESULT: {}
COMMAND: POST /session/c8be2085c0e5dd8418678e9c76522247/element/f.59A644A74ED233CCADDF2157A5466830.d.73658BC6C505EF91ED28298A9443F2D6.e.11299/value - {"text":"Equipment"}
COMMAND: GET /session/c8be2085c0e5dd8418678e9c76522247/screenshot - {}
RESULT: {"text":"Equipment"}
COMMAND: GET /session/c8be2085c0e5dd8418678e9c76522247/screenshot - {}
RESULT: {}
RESULT: {}
COMMAND: POST /session/c8be2085c0e5dd8418678e9c76522247/actions - {"actions":[{"id":"action45","type":"key","parameters":{},"actions":[{"type":"keyDown","value":"î€‡"},{"type":"pause","duration":10},{"type":"keyUp","value":"î€‡"}]}]}
RESULT: {"actions":[{"id":"action45","type":"key","parameters":{},"actions":[{"type":"keyDown","value":"î€‡"},{"type":"pause","duration":10},{"type":"keyUp","value":"î€‡"}]}]}
COMMAND: POST /session/c8be2085c0e5dd8418678e9c76522247/execute/async - {"script":"<script> [1562 bytes]","args":[{"selector":{"id":"application-manageresources-display-component---newResourceUnit--resourceId","interaction":{"idSuffix":"inner"}},"wdio_ui5_key":"applicationmanageresources-display-component---newResourceUnit--resourceId"}]}
COMMAND: GET /session/c8be2085c0e5dd8418678e9c76522247/screenshot - {}
RESULT: {"script":"<script> [1562 bytes]","args":[{"selector":{"id":"application-manageresources-display-component---newResourceUnit--resourceId","interaction":{"idSuffix":"inner"}},"wdio_ui5_key":"applicationmanageresources-display-component---newResourceUnit--resourceId"}]}
RESULT: undefined
COMMAND: POST /session/c8be2085c0e5dd8418678e9c76522247/execute/async - {"script":"<script> [776 bytes]","args":[{"enterText":"pftPPPbJqj","selector":{"id":"application-manageresources-display-component---newResourceUnit--resourceId","interaction":{"idSuffix":"inner"}},"clearTextFirst":true,"interactionType":"ENTER_TEXT"}]}
RESULT: {}
RESULT: {"script":"<script> [776 bytes]","args":[{"enterText":"pftPPPbJqj","selector":{"id":"application-manageresources-display-component---newResourceUnit--resourceId","interaction":{"idSuffix":"inner"}},"clearTextFirst":true,"interactionType":"ENTER_TEXT"}]}
COMMAND: POST /session/c8be2085c0e5dd8418678e9c76522247/execute/async - {"script":"<script> [1562 bytes]","args":[{"selector":{"id":"application-manageresources-display-component---newResourceUnit--SHORT_TEXT","interaction":{"idSuffix":"inner"}},"wdio_ui5_key":"applicationmanageresources-display-component---newResourceUnit--SHORT_TEXT"}]}
RESULT: {"script":"<script> [1562 bytes]","args":[{"selector":{"id":"application-manageresources-display-component---newResourceUnit--SHORT_TEXT","interaction":{"idSuffix":"inner"}},"wdio_ui5_key":"applicationmanageresources-display-component---newResourceUnit--SHORT_TEXT"}]}
RESULT: undefined
COMMAND: POST /session/c8be2085c0e5dd8418678e9c76522247/execute/async - {"script":"<script> [776 bytes]","args":[{"enterText":"Intercompany Equipment WDIO","selector":{"id":"application-manageresources-display-component---newResourceUnit--SHORT_TEXT","interaction":{"idSuffix":"inner"}},"clearTextFirst":true,"interactionType":"ENTER_TEXT"}]}
RESULT: {"script":"<script> [776 bytes]","args":[{"enterText":"Intercompany Equipment WDIO","selector":{"id":"application-manageresources-display-component---newResourceUnit--SHORT_TEXT","interaction":{"idSuffix":"inner"}},"clearTextFirst":true,"interactionType":"ENTER_TEXT"}]}
COMMAND: POST /session/c8be2085c0e5dd8418678e9c76522247/execute/async - {"script":"<script> [1562 bytes]","args":[{"selector":{"id":"application-manageresources-display-component---newResourceUnit--BASE_UNIT_OF_MEASURE","interaction":{"idSuffix":"inner"}},"wdio_ui5_key":"applicationmanageresources-display-component---newResourceUnit--BASE_UNIT_OF_MEASURE"}]}
RESULT: {"script":"<script> [1562 bytes]","args":[{"selector":{"id":"application-manageresources-display-component---newResourceUnit--BASE_UNIT_OF_MEASURE","interaction":{"idSuffix":"inner"}},"wdio_ui5_key":"applicationmanageresources-display-component---newResourceUnit--BASE_UNIT_OF_MEASURE"}]}
RESULT: undefined
COMMAND: POST /session/c8be2085c0e5dd8418678e9c76522247/execute/async - {"script":"<script> [776 bytes]","args":[{"enterText":"Piece","selector":{"id":"application-manageresources-display-component---newResourceUnit--BASE_UNIT_OF_MEASURE","interaction":{"idSuffix":"inner"}},"clearTextFirst":true,"interactionType":"ENTER_TEXT"}]}
RESULT: {"script":"<script> [776 bytes]","args":[{"enterText":"Piece","selector":{"id":"application-manageresources-display-component---newResourceUnit--BASE_UNIT_OF_MEASURE","interaction":{"idSuffix":"inner"}},"clearTextFirst":true,"interactionType":"ENTER_TEXT"}]}
COMMAND: POST /session/c8be2085c0e5dd8418678e9c76522247/execute/async - {"script":"<script> [1562 bytes]","args":[{"selector":{"id":"application-manageresources-display-component---newResourceUnit--WEIGHT_UNIT","interaction":{"idSuffix":"inner"}},"wdio_ui5_key":"applicationmanageresources-display-component---newResourceUnit--WEIGHT_UNIT"}]}
RESULT: {"script":"<script> [1562 bytes]","args":[{"selector":{"id":"application-manageresources-display-component---newResourceUnit--WEIGHT_UNIT","interaction":{"idSuffix":"inner"}},"wdio_ui5_key":"applicationmanageresources-display-component---newResourceUnit--WEIGHT_UNIT"}]}
RESULT: undefined
COMMAND: POST /session/c8be2085c0e5dd8418678e9c76522247/execute/async - {"script":"<script> [776 bytes]","args":[{"enterText":"Gram","selector":{"id":"application-manageresources-display-component---newResourceUnit--WEIGHT_UNIT","interaction":{"idSuffix":"inner"}},"clearTextFirst":true,"interactionType":"ENTER_TEXT"}]}
RESULT: {"script":"<script> [776 bytes]","args":[{"enterText":"Gram","selector":{"id":"application-manageresources-display-component---newResourceUnit--WEIGHT_UNIT","interaction":{"idSuffix":"inner"}},"clearTextFirst":true,"interactionType":"ENTER_TEXT"}]}
COMMAND: POST /session/c8be2085c0e5dd8418678e9c76522247/execute/async - {"script":"<script> [1562 bytes]","args":[{"selector":{"id":"application-manageresources-display-component---newResourceUnit--DIMENSION_UNIT","interaction":{"idSuffix":"inner"}},"wdio_ui5_key":"applicationmanageresources-display-component---newResourceUnit--DIMENSION_UNIT"}]}
RESULT: {"script":"<script> [1562 bytes]","args":[{"selector":{"id":"application-manageresources-display-component---newResourceUnit--DIMENSION_UNIT","interaction":{"idSuffix":"inner"}},"wdio_ui5_key":"applicationmanageresources-display-component---newResourceUnit--DIMENSION_UNIT"}]}
RESULT: undefined
COMMAND: POST /session/c8be2085c0e5dd8418678e9c76522247/execute/async - {"script":"<script> [776 bytes]","args":[{"enterText":"Meter","selector":{"id":"application-manageresources-display-component---newResourceUnit--DIMENSION_UNIT","interaction":{"idSuffix":"inner"}},"clearTextFirst":true,"interactionType":"ENTER_TEXT"}]}
RESULT: {"script":"<script> [776 bytes]","args":[{"enterText":"Meter","selector":{"id":"application-manageresources-display-component---newResourceUnit--DIMENSION_UNIT","interaction":{"idSuffix":"inner"}},"clearTextFirst":true,"interactionType":"ENTER_TEXT"}]}
COMMAND: POST /session/c8be2085c0e5dd8418678e9c76522247/execute/async - {"script":"<script> [1562 bytes]","args":[{"selector":{"id":"application-manageresources-display-component---newResourceUnit--newRRUPage-anchBar-application-manageresources-display-component---newResourceUnit--control-anchor","interaction":{"idSuffix":"BDI-content"}},"wdio_ui5_key":"applicationmanageresources-display-component---newResourceUnit--newRRUPage-anchBar-application-manageresources-display-component---newResourceUnit--control-anchor"}]}
RESULT: {"script":"<script> [1562 bytes]","args":[{"selector":{"id":"application-manageresources-display-component---newResourceUnit--newRRUPage-anchBar-application-manageresources-display-component---newResourceUnit--control-anchor","interaction":{"idSuffix":"BDI-content"}},"wdio_ui5_key":"applicationmanageresources-display-component---newResourceUnit--newRRUPage-anchBar-application-manageresources-display-component---newResourceUnit--control-anchor"}]}
RESULT: undefined
COMMAND: POST /session/c8be2085c0e5dd8418678e9c76522247/element - {"using":"xpath","value":"//*[@id=\"application-manageresources-display-component---newResourceUnit--newRRUPage-anchBar-application-manageresources-display-component---newResourceUnit--control-anchor\"]"}
RESULT: {"using":"xpath","value":"//*[@id=\"application-manageresources-display-component---newResourceUnit--newRRUPage-anchBar-application-manageresources-display-component---newResourceUnit--control-anchor\"]"}
COMMAND: POST /session/c8be2085c0e5dd8418678e9c76522247/element/f.59A644A74ED233CCADDF2157A5466830.d.73658BC6C505EF91ED28298A9443F2D6.e.11476/click - {}
RESULT: {}
COMMAND: POST /session/c8be2085c0e5dd8418678e9c76522247/execute/async - {"script":"<script> [1562 bytes]","args":[{"selector":{"id":"application-manageresources-display-component---newResourceUnit--PLANNING_GROUP","interaction":{"idSuffix":"inner"}},"wdio_ui5_key":"applicationmanageresources-display-component---newResourceUnit--PLANNING_GROUP"}]}
COMMAND: GET /session/c8be2085c0e5dd8418678e9c76522247/screenshot - {}
RESULT: {"script":"<script> [1562 bytes]","args":[{"selector":{"id":"application-manageresources-display-component---newResourceUnit--PLANNING_GROUP","interaction":{"idSuffix":"inner"}},"wdio_ui5_key":"applicationmanageresources-display-component---newResourceUnit--PLANNING_GROUP"}]}
RESULT: undefined
COMMAND: POST /session/c8be2085c0e5dd8418678e9c76522247/execute/async - {"script":"<script> [776 bytes]","args":[{"enterText":"Heavy Equi","selector":{"id":"application-manageresources-display-component---newResourceUnit--PLANNING_GROUP","interaction":{"idSuffix":"inner"}},"clearTextFirst":true,"interactionType":"ENTER_TEXT"}]}
RESULT: {}
RESULT: {"script":"<script> [776 bytes]","args":[{"enterText":"Heavy Equi","selector":{"id":"application-manageresources-display-component---newResourceUnit--PLANNING_GROUP","interaction":{"idSuffix":"inner"}},"clearTextFirst":true,"interactionType":"ENTER_TEXT"}]}
COMMAND: POST /session/c8be2085c0e5dd8418678e9c76522247/execute/async - {"script":"<script> [1562 bytes]","args":[{"selector":{"id":"application-manageresources-display-component---newResourceUnit--ITEM_TYPE-arrow"},"wdio_ui5_key":"applicationmanageresources-display-component---newResourceUnit--ITEM_TYPE-arrow"}]}
RESULT: {"script":"<script> [1562 bytes]","args":[{"selector":{"id":"application-manageresources-display-component---newResourceUnit--ITEM_TYPE-arrow"},"wdio_ui5_key":"applicationmanageresources-display-component---newResourceUnit--ITEM_TYPE-arrow"}]}
RESULT: undefined
COMMAND: POST /session/c8be2085c0e5dd8418678e9c76522247/element - {"using":"xpath","value":"//*[@id=\"application-manageresources-display-component---newResourceUnit--ITEM_TYPE-arrow\"]"}
RESULT: {"using":"xpath","value":"//*[@id=\"application-manageresources-display-component---newResourceUnit--ITEM_TYPE-arrow\"]"}
COMMAND: POST /session/c8be2085c0e5dd8418678e9c76522247/element/f.59A644A74ED233CCADDF2157A5466830.d.73658BC6C505EF91ED28298A9443F2D6.e.11485/click - {}
RESULT: {}
COMMAND: POST /session/c8be2085c0e5dd8418678e9c76522247/element - {"using":"xpath","value":"//ul[contains(@id,\"ITEM_TYPE-popup-list-listUl\")]//li[.//span[contains(text(),\"Resource Unit\")]]"}
COMMAND: GET /session/c8be2085c0e5dd8418678e9c76522247/screenshot - {}
RESULT: {"using":"xpath","value":"//ul[contains(@id,\"ITEM_TYPE-popup-list-listUl\")]//li[.//span[contains(text(),\"Resource Unit\")]]"}
COMMAND: POST /session/c8be2085c0e5dd8418678e9c76522247/element/f.59A644A74ED233CCADDF2157A5466830.d.73658BC6C505EF91ED28298A9443F2D6.e.11486/click - {}
RESULT: {}
RESULT: {}
COMMAND: GET /session/c8be2085c0e5dd8418678e9c76522247/screenshot - {}
RESULT: {}
COMMAND: POST /session/c8be2085c0e5dd8418678e9c76522247/element - {"using":"css selector","value":"#application-manageresources-display-component---newResourceUnit--btnAddTimeSegment"}
RESULT: {"using":"css selector","value":"#application-manageresources-display-component---newResourceUnit--btnAddTimeSegment"}
COMMAND: GET /session/c8be2085c0e5dd8418678e9c76522247/element/f.59A644A74ED233CCADDF2157A5466830.d.73658BC6C505EF91ED28298A9443F2D6.e.11493/rect - {}
RESULT: {}
COMMAND: GET /session/c8be2085c0e5dd8418678e9c76522247/window/rect - {}
RESULT: {}
COMMAND: POST /session/c8be2085c0e5dd8418678e9c76522247/execute/sync - {"script":"<script> [92 bytes]","args":[]}
RESULT: {"script":"<script> [92 bytes]","args":[]}
COMMAND: POST /session/c8be2085c0e5dd8418678e9c76522247/actions - {"actions":[{"id":"action46","type":"wheel","parameters":{},"actions":[{"type":"scroll","x":-1888,"y":-32,"deltaX":0,"deltaY":0,"duration":0,"origin":{"element-6066-11e4-a52e-4f735466cecf":"f.59A644A74ED233CCADDF2157A5466830.d.73658BC6C505EF91ED28298A9443F2D6.e.11493"}}]}]}
COMMAND: GET /session/c8be2085c0e5dd8418678e9c76522247/screenshot - {}
RESULT: {}
COMMAND: POST /session/c8be2085c0e5dd8418678e9c76522247/execute/sync - {"script":"<script> [79 bytes]","args":[{"element-6066-11e4-a52e-4f735466cecf":"f.59A644A74ED233CCADDF2157A5466830.d.73658BC6C505EF91ED28298A9443F2D6.e.11493","ELEMENT":"f.59A644A74ED233CCADDF2157A5466830.d.73658BC6C505EF91ED28298A9443F2D6.e.11493"},{"block":"start","inline":"nearest"}]}
RESULT: {"script":"<script> [79 bytes]","args":[{"element-6066-11e4-a52e-4f735466cecf":"f.59A644A74ED233CCADDF2157A5466830.d.73658BC6C505EF91ED28298A9443F2D6.e.11493","ELEMENT":"f.59A644A74ED233CCADDF2157A5466830.d.73658BC6C505EF91ED28298A9443F2D6.e.11493"},{"block":"start","inline":"nearest"}]}
COMMAND: POST /session/c8be2085c0e5dd8418678e9c76522247/execute/async - {"script":"<script> [1562 bytes]","args":[{"selector":{"id":"application-manageresources-display-component---newResourceUnit--btnAddTimeSegment","interaction":{"idSuffix":"inner"}},"wdio_ui5_key":"applicationmanageresources-display-component---newResourceUnit--btnAddTimeSegment"}]}
COMMAND: GET /session/c8be2085c0e5dd8418678e9c76522247/screenshot - {}
RESULT: {"script":"<script> [1562 bytes]","args":[{"selector":{"id":"application-manageresources-display-component---newResourceUnit--btnAddTimeSegment","interaction":{"idSuffix":"inner"}},"wdio_ui5_key":"applicationmanageresources-display-component---newResourceUnit--btnAddTimeSegment"}]}
RESULT: undefined
COMMAND: POST /session/c8be2085c0e5dd8418678e9c76522247/element - {"using":"xpath","value":"//*[@id=\"application-manageresources-display-component---newResourceUnit--btnAddTimeSegment\"]"}
RESULT: {}
RESULT: {"using":"xpath","value":"//*[@id=\"application-manageresources-display-component---newResourceUnit--btnAddTimeSegment\"]"}
COMMAND: POST /session/c8be2085c0e5dd8418678e9c76522247/element/f.59A644A74ED233CCADDF2157A5466830.d.73658BC6C505EF91ED28298A9443F2D6.e.11493/click - {}
RESULT: {}
COMMAND: GET /session/c8be2085c0e5dd8418678e9c76522247/screenshot - {}
RESULT: {}
COMMAND: POST /session/c8be2085c0e5dd8418678e9c76522247/element - {"using":"xpath","value":"//input[@id=\"application-manageresources-display-component---newResourceUnit--idRuTSAdmin-application-manageresources-display-component---newResourceUnit--RUTimeSegment-0-inner\"]"}
RESULT: {"using":"xpath","value":"//input[@id=\"application-manageresources-display-component---newResourceUnit--idRuTSAdmin-application-manageresources-display-component---newResourceUnit--RUTimeSegment-0-inner\"]"}
COMMAND: POST /session/c8be2085c0e5dd8418678e9c76522247/element/f.59A644A74ED233CCADDF2157A5466830.d.73658BC6C505EF91ED28298A9443F2D6.e.11499/clear - {}
RESULT: {}
COMMAND: POST /session/c8be2085c0e5dd8418678e9c76522247/element/f.59A644A74ED233CCADDF2157A5466830.d.73658BC6C505EF91ED28298A9443F2D6.e.11499/value - {"text":"599"}
COMMAND: GET /session/c8be2085c0e5dd8418678e9c76522247/screenshot - {}
RESULT: {"text":"599"}
COMMAND: GET /session/c8be2085c0e5dd8418678e9c76522247/screenshot - {}
RESULT: {}
RESULT: {}
COMMAND: POST /session/c8be2085c0e5dd8418678e9c76522247/element - {"using":"xpath","value":"//li[.//span[text()='599']]"}
RESULT: {"using":"xpath","value":"//li[.//span[text()='599']]"}
COMMAND: POST /session/c8be2085c0e5dd8418678e9c76522247/element/f.59A644A74ED233CCADDF2157A5466830.d.73658BC6C505EF91ED28298A9443F2D6.e.11511/click - {}
RESULT: {}
COMMAND: GET /session/c8be2085c0e5dd8418678e9c76522247/screenshot - {}
RESULT: {}
COMMAND: POST /session/c8be2085c0e5dd8418678e9c76522247/element - {"using":"xpath","value":"(//span[contains(@id, \"-application-manageresources-display-component---newResourceUnit--RUTimeSegment-0-arrow\")])[6]"}
RESULT: {"using":"xpath","value":"(//span[contains(@id, \"-application-manageresources-display-component---newResourceUnit--RUTimeSegment-0-arrow\")])[6]"}
COMMAND: POST /session/c8be2085c0e5dd8418678e9c76522247/element/f.59A644A74ED233CCADDF2157A5466830.d.73658BC6C505EF91ED28298A9443F2D6.e.11512/click - {}
RESULT: {}
COMMAND: GET /session/c8be2085c0e5dd8418678e9c76522247/screenshot - {}
RESULT: {}
COMMAND: POST /session/c8be2085c0e5dd8418678e9c76522247/element - {"using":"xpath","value":"//span[contains(text(), \"PM Order\")]"}
RESULT: {"using":"xpath","value":"//span[contains(text(), \"PM Order\")]"}
COMMAND: POST /session/c8be2085c0e5dd8418678e9c76522247/element/f.59A644A74ED233CCADDF2157A5466830.d.73658BC6C505EF91ED28298A9443F2D6.e.11515/click - {}
RESULT: {}
COMMAND: GET /session/c8be2085c0e5dd8418678e9c76522247/screenshot - {}
RESULT: {}
COMMAND: POST /session/c8be2085c0e5dd8418678e9c76522247/element - {"using":"xpath","value":"(//span[contains(@id ,\"manageresources-display-component---newResourceUnit--RUTimeSegment-0-vhi\")])[1]"}
RESULT: {"using":"xpath","value":"(//span[contains(@id ,\"manageresources-display-component---newResourceUnit--RUTimeSegment-0-vhi\")])[1]"}
COMMAND: GET /session/c8be2085c0e5dd8418678e9c76522247/element/f.59A644A74ED233CCADDF2157A5466830.d.73658BC6C505EF91ED28298A9443F2D6.e.11519/rect - {}
RESULT: {}
COMMAND: GET /session/c8be2085c0e5dd8418678e9c76522247/window/rect - {}
RESULT: {}
COMMAND: POST /session/c8be2085c0e5dd8418678e9c76522247/execute/sync - {"script":"<script> [92 bytes]","args":[]}
RESULT: {"script":"<script> [92 bytes]","args":[]}
COMMAND: POST /session/c8be2085c0e5dd8418678e9c76522247/actions - {"actions":[{"id":"action47","type":"wheel","parameters":{},"actions":[{"type":"scroll","x":-869,"y":-24,"deltaX":0,"deltaY":0,"duration":0,"origin":{"element-6066-11e4-a52e-4f735466cecf":"f.59A644A74ED233CCADDF2157A5466830.d.73658BC6C505EF91ED28298A9443F2D6.e.11519"}}]}]}
COMMAND: GET /session/c8be2085c0e5dd8418678e9c76522247/screenshot - {}
RESULT: {"actions":[{"id":"action47","type":"wheel","parameters":{},"actions":[{"type":"scroll","x":-869,"y":-24,"deltaX":0,"deltaY":0,"duration":0,"origin":{"element-6066-11e4-a52e-4f735466cecf":"f.59A644A74ED233CCADDF2157A5466830.d.73658BC6C505EF91ED28298A9443F2D6.e.11519"}}]}]}
COMMAND: DELETE /session/c8be2085c0e5dd8418678e9c76522247/actions - {}
COMMAND: GET /session/c8be2085c0e5dd8418678e9c76522247/screenshot - {}
RESULT: {}
RESULT: {}
COMMAND: GET /session/c8be2085c0e5dd8418678e9c76522247/screenshot - {}
RESULT: {}
RESULT: {}
COMMAND: POST /session/c8be2085c0e5dd8418678e9c76522247/element/f.59A644A74ED233CCADDF2157A5466830.d.73658BC6C505EF91ED28298A9443F2D6.e.11519/click - {}
RESULT: {}
COMMAND: GET /session/c8be2085c0e5dd8418678e9c76522247/screenshot - {}
RESULT: {}
COMMAND: POST /session/c8be2085c0e5dd8418678e9c76522247/execute/async - {"script":"<script> [1562 bytes]","args":[{"selector":{"controlType":"sap.m.SearchField","properties":{"placeholder":"Search"},"searchOpenDialogs":true,"interaction":{"idSuffix":"I"}},"wdio_ui5_key":"sapm.SearchField{\"placeholder\":\"Search\"}"}]}
RESULT: {"script":"<script> [1562 bytes]","args":[{"selector":{"controlType":"sap.m.SearchField","properties":{"placeholder":"Search"},"searchOpenDialogs":true,"interaction":{"idSuffix":"I"}},"wdio_ui5_key":"sapm.SearchField{\"placeholder\":\"Search\"}"}]}
RESULT: undefined
COMMAND: POST /session/c8be2085c0e5dd8418678e9c76522247/execute/async - {"script":"<script> [776 bytes]","args":[{"enterText":"4000360","selector":{"controlType":"sap.m.SearchField","properties":{"placeholder":"Search"},"searchOpenDialogs":true,"interaction":{"idSuffix":"I"}},"clearTextFirst":true,"interactionType":"ENTER_TEXT"}]}
RESULT: {"script":"<script> [776 bytes]","args":[{"enterText":"4000360","selector":{"controlType":"sap.m.SearchField","properties":{"placeholder":"Search"},"searchOpenDialogs":true,"interaction":{"idSuffix":"I"}},"clearTextFirst":true,"interactionType":"ENTER_TEXT"}]}
COMMAND: POST /session/c8be2085c0e5dd8418678e9c76522247/actions - {"actions":[{"id":"action48","type":"key","parameters":{},"actions":[{"type":"keyDown","value":"î€‡"},{"type":"pause","duration":10},{"type":"keyUp","value":"î€‡"}]}]}
RESULT: {"actions":[{"id":"action48","type":"key","parameters":{},"actions":[{"type":"keyDown","value":"î€‡"},{"type":"pause","duration":10},{"type":"keyUp","value":"î€‡"}]}]}
COMMAND: GET /session/c8be2085c0e5dd8418678e9c76522247/screenshot - {}
RESULT: {}
COMMAND: POST /session/c8be2085c0e5dd8418678e9c76522247/element - {"using":"xpath","value":"//td/div/span[contains(text(), \"BGL Vehicles\")]"}
RESULT: {"using":"xpath","value":"//td/div/span[contains(text(), \"BGL Vehicles\")]"}
COMMAND: POST /session/c8be2085c0e5dd8418678e9c76522247/element/f.59A644A74ED233CCADDF2157A5466830.d.73658BC6C505EF91ED28298A9443F2D6.e.11540/click - {}
RESULT: {}
COMMAND: GET /session/c8be2085c0e5dd8418678e9c76522247/screenshot - {}
RESULT: {}
COMMAND: POST /session/c8be2085c0e5dd8418678e9c76522247/element - {"using":"xpath","value":"//bdi[contains(text(), \"OK\")]"}
RESULT: {"using":"xpath","value":"//bdi[contains(text(), \"OK\")]"}
COMMAND: POST /session/c8be2085c0e5dd8418678e9c76522247/element/f.59A644A74ED233CCADDF2157A5466830.d.73658BC6C505EF91ED28298A9443F2D6.e.11541/click - {}
RESULT: {}
COMMAND: GET /session/c8be2085c0e5dd8418678e9c76522247/screenshot - {}
RESULT: {}
COMMAND: POST /session/c8be2085c0e5dd8418678e9c76522247/execute/async - {"script":"<script> [1562 bytes]","args":[{"selector":{"id":"application-manageresources-display-component---newResourceUnit--newRRUPage-anchBar-application-manageresources-display-component---newResourceUnit--resource-anchor","interaction":{"idSuffix":"BDI-content"}},"wdio_ui5_key":"applicationmanageresources-display-component---newResourceUnit--newRRUPage-anchBar-application-manageresources-display-component---newResourceUnit--resource-anchor"}]}
RESULT: {"script":"<script> [1562 bytes]","args":[{"selector":{"id":"application-manageresources-display-component---newResourceUnit--newRRUPage-anchBar-application-manageresources-display-component---newResourceUnit--resource-anchor","interaction":{"idSuffix":"BDI-content"}},"wdio_ui5_key":"applicationmanageresources-display-component---newResourceUnit--newRRUPage-anchBar-application-manageresources-display-component---newResourceUnit--resource-anchor"}]}
RESULT: undefined
COMMAND: POST /session/c8be2085c0e5dd8418678e9c76522247/element - {"using":"xpath","value":"//*[@id=\"application-manageresources-display-component---newResourceUnit--newRRUPage-anchBar-application-manageresources-display-component---newResourceUnit--resource-anchor\"]"}
RESULT: {"using":"xpath","value":"//*[@id=\"application-manageresources-display-component---newResourceUnit--newRRUPage-anchBar-application-manageresources-display-component---newResourceUnit--resource-anchor\"]"}
COMMAND: POST /session/c8be2085c0e5dd8418678e9c76522247/element/f.59A644A74ED233CCADDF2157A5466830.d.73658BC6C505EF91ED28298A9443F2D6.e.11545/click - {}
RESULT: {}
COMMAND: POST /session/c8be2085c0e5dd8418678e9c76522247/execute/async - {"script":"<script> [1562 bytes]","args":[{"selector":{"id":"application-manageresources-display-component---newResourceUnit--PLANNED_DELIVERY_DATE","interaction":{"idSuffix":"inner"}},"wdio_ui5_key":"applicationmanageresources-display-component---newResourceUnit--PLANNED_DELIVERY_DATE"}]}
COMMAND: GET /session/c8be2085c0e5dd8418678e9c76522247/screenshot - {}
RESULT: {"script":"<script> [1562 bytes]","args":[{"selector":{"id":"application-manageresources-display-component---newResourceUnit--PLANNED_DELIVERY_DATE","interaction":{"idSuffix":"inner"}},"wdio_ui5_key":"applicationmanageresources-display-component---newResourceUnit--PLANNED_DELIVERY_DATE"}]}
RESULT: undefined
COMMAND: POST /session/c8be2085c0e5dd8418678e9c76522247/execute/async - {"script":"<script> [6424 bytes]","args":[{"element-6066-11e4-a52e-4f735466cecf":"f.59A644A74ED233CCADDF2157A5466830.d.73658BC6C505EF91ED28298A9443F2D6.e.11375"},"setValue",["6/2/25"]]}
RESULT: {}
RESULT: {"script":"<script> [6424 bytes]","args":[{"element-6066-11e4-a52e-4f735466cecf":"f.59A644A74ED233CCADDF2157A5466830.d.73658BC6C505EF91ED28298A9443F2D6.e.11375"},"setValue",["6/2/25"]]}
COMMAND: POST /session/c8be2085c0e5dd8418678e9c76522247/element - {"using":"xpath","value":"//label[contains(@class, 'sapMLabelRequired') and .//bdi[contains(text(), 'Planned Retirement')]]"}
RESULT: {"using":"xpath","value":"//label[contains(@class, 'sapMLabelRequired') and .//bdi[contains(text(), 'Planned Retirement')]]"}
COMMAND: POST /session/c8be2085c0e5dd8418678e9c76522247/elements - {"using":"xpath","value":"//label[contains(@class, 'sapMLabelRequired') and .//bdi[contains(text(), 'Planned Retirement')]]"}
RESULT: {"using":"xpath","value":"//label[contains(@class, 'sapMLabelRequired') and .//bdi[contains(text(), 'Planned Retirement')]]"}
COMMAND: POST /session/c8be2085c0e5dd8418678e9c76522247/element - {"using":"xpath","value":"//button[@data-kt=\"resourceUnitSaveButton\"]"}
RESULT: {"using":"xpath","value":"//button[@data-kt=\"resourceUnitSaveButton\"]"}
COMMAND: POST /session/c8be2085c0e5dd8418678e9c76522247/element/f.59A644A74ED233CCADDF2157A5466830.d.73658BC6C505EF91ED28298A9443F2D6.e.11335/click - {}
RESULT: {}
COMMAND: GET /session/c8be2085c0e5dd8418678e9c76522247/screenshot - {}
RESULT: {}
COMMAND: POST /session/c8be2085c0e5dd8418678e9c76522247/element - {"using":"xpath","value":"//bdi[contains(text(), \"Close\")]"}
RESULT: {"using":"xpath","value":"//bdi[contains(text(), \"Close\")]"}
COMMAND: POST /session/c8be2085c0e5dd8418678e9c76522247/element/f.59A644A74ED233CCADDF2157A5466830.d.73658BC6C505EF91ED28298A9443F2D6.e.11553/click - {}
RESULT: {}
COMMAND: GET /session/c8be2085c0e5dd8418678e9c76522247/screenshot - {}
RESULT: {}
COMMAND: POST /session/c8be2085c0e5dd8418678e9c76522247/element - {"using":"xpath","value":"(//button[contains(@id ,\"actionsToolbar-overflowButton\")])[1]"}
RESULT: {"using":"xpath","value":"(//button[contains(@id ,\"actionsToolbar-overflowButton\")])[1]"}
COMMAND: POST /session/c8be2085c0e5dd8418678e9c76522247/element/f.59A644A74ED233CCADDF2157A5466830.d.73658BC6C505EF91ED28298A9443F2D6.e.11585/click - {}
RESULT: {}
COMMAND: GET /session/c8be2085c0e5dd8418678e9c76522247/screenshot - {}
RESULT: {}
COMMAND: POST /session/c8be2085c0e5dd8418678e9c76522247/element - {"using":"xpath","value":"//button[@data-kt=\"priceInfoButton\"]"}
RESULT: {"using":"xpath","value":"//button[@data-kt=\"priceInfoButton\"]"}
COMMAND: POST /session/c8be2085c0e5dd8418678e9c76522247/element/f.59A644A74ED233CCADDF2157A5466830.d.73658BC6C505EF91ED28298A9443F2D6.e.11587/click - {}
RESULT: {}
COMMAND: GET /session/c8be2085c0e5dd8418678e9c76522247/screenshot - {}
RESULT: {}
]]></system-out>
    </testcase>
    <testcase classname="chrome.136_0_7103_93.windows.Performance_based_billing_(work_days)_US139742" name="Should create a pricing rule perf based on the equipment" time="52.307">
      <system-out><![CDATA[
COMMAND: POST /session/c8be2085c0e5dd8418678e9c76522247/element - {"using":"xpath","value":"//button[@data-kt=\"addButton\"]"}
RESULT: {"using":"xpath","value":"//button[@data-kt=\"addButton\"]"}
COMMAND: POST /session/c8be2085c0e5dd8418678e9c76522247/elements - {"using":"xpath","value":"//button[@data-kt=\"addButton\"]"}
RESULT: {"using":"xpath","value":"//button[@data-kt=\"addButton\"]"}
COMMAND: POST /session/c8be2085c0e5dd8418678e9c76522247/elements - {"using":"xpath","value":"//button[@data-kt=\"addButton\"]"}
RESULT: {"using":"xpath","value":"//button[@data-kt=\"addButton\"]"}
COMMAND: POST /session/c8be2085c0e5dd8418678e9c76522247/element - {"using":"xpath","value":"//button[@data-kt=\"addButton\"]"}
RESULT: {"using":"xpath","value":"//button[@data-kt=\"addButton\"]"}
COMMAND: POST /session/c8be2085c0e5dd8418678e9c76522247/execute/sync - {"script":"<script> [8489 bytes]","args":[{"element-6066-11e4-a52e-4f735466cecf":"f.59A644A74ED233CCADDF2157A5466830.d.73658BC6C505EF91ED28298A9443F2D6.e.11623","ELEMENT":"f.59A644A74ED233CCADDF2157A5466830.d.73658BC6C505EF91ED28298A9443F2D6.e.11623"}]}
RESULT: {"script":"<script> [8489 bytes]","args":[{"element-6066-11e4-a52e-4f735466cecf":"f.59A644A74ED233CCADDF2157A5466830.d.73658BC6C505EF91ED28298A9443F2D6.e.11623","ELEMENT":"f.59A644A74ED233CCADDF2157A5466830.d.73658BC6C505EF91ED28298A9443F2D6.e.11623"}]}
COMMAND: GET /session/c8be2085c0e5dd8418678e9c76522247/element/f.59A644A74ED233CCADDF2157A5466830.d.73658BC6C505EF91ED28298A9443F2D6.e.11623/enabled - {}
COMMAND: GET /session/c8be2085c0e5dd8418678e9c76522247/screenshot - {}
RESULT: {}
COMMAND: POST /session/c8be2085c0e5dd8418678e9c76522247/execute/sync - {"script":"<script> [8489 bytes]","args":[{"element-6066-11e4-a52e-4f735466cecf":"f.59A644A74ED233CCADDF2157A5466830.d.73658BC6C505EF91ED28298A9443F2D6.e.11623","ELEMENT":"f.59A644A74ED233CCADDF2157A5466830.d.73658BC6C505EF91ED28298A9443F2D6.e.11623"}]}
COMMAND: GET /session/c8be2085c0e5dd8418678e9c76522247/screenshot - {}
RESULT: {}
RESULT: {"script":"<script> [8489 bytes]","args":[{"element-6066-11e4-a52e-4f735466cecf":"f.59A644A74ED233CCADDF2157A5466830.d.73658BC6C505EF91ED28298A9443F2D6.e.11623","ELEMENT":"f.59A644A74ED233CCADDF2157A5466830.d.73658BC6C505EF91ED28298A9443F2D6.e.11623"}]}
COMMAND: POST /session/c8be2085c0e5dd8418678e9c76522247/execute/sync - {"script":"<script> [5351 bytes]","args":[{"element-6066-11e4-a52e-4f735466cecf":"f.59A644A74ED233CCADDF2157A5466830.d.73658BC6C505EF91ED28298A9443F2D6.e.11623","ELEMENT":"f.59A644A74ED233CCADDF2157A5466830.d.73658BC6C505EF91ED28298A9443F2D6.e.11623"}]}
COMMAND: GET /session/c8be2085c0e5dd8418678e9c76522247/screenshot - {}
RESULT: {}
RESULT: {"script":"<script> [5351 bytes]","args":[{"element-6066-11e4-a52e-4f735466cecf":"f.59A644A74ED233CCADDF2157A5466830.d.73658BC6C505EF91ED28298A9443F2D6.e.11623","ELEMENT":"f.59A644A74ED233CCADDF2157A5466830.d.73658BC6C505EF91ED28298A9443F2D6.e.11623"}]}
COMMAND: POST /session/c8be2085c0e5dd8418678e9c76522247/element/f.59A644A74ED233CCADDF2157A5466830.d.73658BC6C505EF91ED28298A9443F2D6.e.11623/click - {}
COMMAND: GET /session/c8be2085c0e5dd8418678e9c76522247/screenshot - {}
RESULT: {}
RESULT: {}
COMMAND: GET /session/c8be2085c0e5dd8418678e9c76522247/screenshot - {}
RESULT: {}
RESULT: {}
COMMAND: POST /session/c8be2085c0e5dd8418678e9c76522247/execute/async - {"script":"<script> [1562 bytes]","args":[{"selector":{"controlType":"sap.m.Title","viewName":"etm.portal.ui.managepricingrules.view.NewItem","viewId":"application-managepricingrules-display-component---newInfoPriceItem","properties":{"text":"New Pricing Rules - Item Level"}},"wdio_ui5_key":"etmportal.ui.managepricingrules.view.NewItemsap.m.Title{\"text\":\"New Pricing Rules - Item Level\"}"}]}
RESULT: {"script":"<script> [1562 bytes]","args":[{"selector":{"controlType":"sap.m.Title","viewName":"etm.portal.ui.managepricingrules.view.NewItem","viewId":"application-managepricingrules-display-component---newInfoPriceItem","properties":{"text":"New Pricing Rules - Item Level"}},"wdio_ui5_key":"etmportal.ui.managepricingrules.view.NewItemsap.m.Title{\"text\":\"New Pricing Rules - Item Level\"}"}]}
RESULT: undefined
COMMAND: POST /session/c8be2085c0e5dd8418678e9c76522247/execute/async - {"script":"<script> [6424 bytes]","args":[{"element-6066-11e4-a52e-4f735466cecf":"f.59A644A74ED233CCADDF2157A5466830.d.73658BC6C505EF91ED28298A9443F2D6.e.11782"},"getText",[]]}
RESULT: {"script":"<script> [6424 bytes]","args":[{"element-6066-11e4-a52e-4f735466cecf":"f.59A644A74ED233CCADDF2157A5466830.d.73658BC6C505EF91ED28298A9443F2D6.e.11782"},"getText",[]]}
COMMAND: POST /session/c8be2085c0e5dd8418678e9c76522247/execute/async - {"script":"<script> [1562 bytes]","args":[{"selector":{"id":"application-managepricingrules-display-component---newInfoPriceItem--condValidTo","interaction":{"idSuffix":"inner"}},"wdio_ui5_key":"applicationmanagepricingrules-display-component---newInfoPriceItem--condValidTo"}]}
RESULT: {"script":"<script> [1562 bytes]","args":[{"selector":{"id":"application-managepricingrules-display-component---newInfoPriceItem--condValidTo","interaction":{"idSuffix":"inner"}},"wdio_ui5_key":"applicationmanagepricingrules-display-component---newInfoPriceItem--condValidTo"}]}
RESULT: undefined
COMMAND: POST /session/c8be2085c0e5dd8418678e9c76522247/execute/async - {"script":"<script> [776 bytes]","args":[{"enterText":"2/2/26","selector":{"id":"application-managepricingrules-display-component---newInfoPriceItem--condValidTo","interaction":{"idSuffix":"inner"}},"clearTextFirst":true,"interactionType":"ENTER_TEXT"}]}
RESULT: {"script":"<script> [776 bytes]","args":[{"enterText":"2/2/26","selector":{"id":"application-managepricingrules-display-component---newInfoPriceItem--condValidTo","interaction":{"idSuffix":"inner"}},"clearTextFirst":true,"interactionType":"ENTER_TEXT"}]}
COMMAND: POST /session/c8be2085c0e5dd8418678e9c76522247/execute/async - {"script":"<script> [1562 bytes]","args":[{"selector":{"id":"application-managepricingrules-display-component---newInfoPriceItem--billType-arrow"},"wdio_ui5_key":"applicationmanagepricingrules-display-component---newInfoPriceItem--billType-arrow"}]}
RESULT: {"script":"<script> [1562 bytes]","args":[{"selector":{"id":"application-managepricingrules-display-component---newInfoPriceItem--billType-arrow"},"wdio_ui5_key":"applicationmanagepricingrules-display-component---newInfoPriceItem--billType-arrow"}]}
RESULT: undefined
COMMAND: POST /session/c8be2085c0e5dd8418678e9c76522247/element - {"using":"xpath","value":"//*[@id=\"application-managepricingrules-display-component---newInfoPriceItem--billType-arrow\"]"}
RESULT: {"using":"xpath","value":"//*[@id=\"application-managepricingrules-display-component---newInfoPriceItem--billType-arrow\"]"}
COMMAND: POST /session/c8be2085c0e5dd8418678e9c76522247/element/f.59A644A74ED233CCADDF2157A5466830.d.73658BC6C505EF91ED28298A9443F2D6.e.11784/click - {}
RESULT: {}
COMMAND: POST /session/c8be2085c0e5dd8418678e9c76522247/element - {"using":"xpath","value":"//span[contains(text(), \"PB - Performance based\")]"}
COMMAND: GET /session/c8be2085c0e5dd8418678e9c76522247/screenshot - {}
RESULT: {"using":"xpath","value":"//span[contains(text(), \"PB - Performance based\")]"}
COMMAND: POST /session/c8be2085c0e5dd8418678e9c76522247/element/f.59A644A74ED233CCADDF2157A5466830.d.73658BC6C505EF91ED28298A9443F2D6.e.11785/click - {}
RESULT: {}
RESULT: {}
COMMAND: POST /session/c8be2085c0e5dd8418678e9c76522247/execute/async - {"script":"<script> [1562 bytes]","args":[{"selector":{"id":"application-managepricingrules-display-component---newInfoPriceItem--priceProc-arrow"},"wdio_ui5_key":"applicationmanagepricingrules-display-component---newInfoPriceItem--priceProc-arrow"}]}
COMMAND: GET /session/c8be2085c0e5dd8418678e9c76522247/screenshot - {}
RESULT: {"script":"<script> [1562 bytes]","args":[{"selector":{"id":"application-managepricingrules-display-component---newInfoPriceItem--priceProc-arrow"},"wdio_ui5_key":"applicationmanagepricingrules-display-component---newInfoPriceItem--priceProc-arrow"}]}
RESULT: undefined
COMMAND: POST /session/c8be2085c0e5dd8418678e9c76522247/element - {"using":"xpath","value":"//*[@id=\"application-managepricingrules-display-component---newInfoPriceItem--priceProc-arrow\"]"}
RESULT: {}
RESULT: {"using":"xpath","value":"//*[@id=\"application-managepricingrules-display-component---newInfoPriceItem--priceProc-arrow\"]"}
COMMAND: POST /session/c8be2085c0e5dd8418678e9c76522247/element/f.59A644A74ED233CCADDF2157A5466830.d.73658BC6C505EF91ED28298A9443F2D6.e.11750/click - {}
RESULT: {}
COMMAND: POST /session/c8be2085c0e5dd8418678e9c76522247/element - {"using":"xpath","value":"//span[contains(text(), \"PRF - Performance based\")]"}
COMMAND: GET /session/c8be2085c0e5dd8418678e9c76522247/screenshot - {}
RESULT: {"using":"xpath","value":"//span[contains(text(), \"PRF - Performance based\")]"}
COMMAND: POST /session/c8be2085c0e5dd8418678e9c76522247/element/f.59A644A74ED233CCADDF2157A5466830.d.73658BC6C505EF91ED28298A9443F2D6.e.11786/click - {}
RESULT: {}
RESULT: {}
COMMAND: POST /session/c8be2085c0e5dd8418678e9c76522247/execute/async - {"script":"<script> [1562 bytes]","args":[{"selector":{"id":"application-managepricingrules-display-component---newInfoPriceItem--calcBase-arrow"},"wdio_ui5_key":"applicationmanagepricingrules-display-component---newInfoPriceItem--calcBase-arrow"}]}
COMMAND: GET /session/c8be2085c0e5dd8418678e9c76522247/screenshot - {}
RESULT: {"script":"<script> [1562 bytes]","args":[{"selector":{"id":"application-managepricingrules-display-component---newInfoPriceItem--calcBase-arrow"},"wdio_ui5_key":"applicationmanagepricingrules-display-component---newInfoPriceItem--calcBase-arrow"}]}
RESULT: undefined
COMMAND: POST /session/c8be2085c0e5dd8418678e9c76522247/element - {"using":"xpath","value":"//*[@id=\"application-managepricingrules-display-component---newInfoPriceItem--calcBase-arrow\"]"}
RESULT: {}
RESULT: {"using":"xpath","value":"//*[@id=\"application-managepricingrules-display-component---newInfoPriceItem--calcBase-arrow\"]"}
COMMAND: POST /session/c8be2085c0e5dd8418678e9c76522247/element/f.59A644A74ED233CCADDF2157A5466830.d.73658BC6C505EF91ED28298A9443F2D6.e.11757/click - {}
RESULT: {}
COMMAND: GET /session/c8be2085c0e5dd8418678e9c76522247/screenshot - {}
RESULT: {}
COMMAND: POST /session/c8be2085c0e5dd8418678e9c76522247/element - {"using":"xpath","value":"//span[contains(text(), \"0007 - PB(work days)\")]"}
RESULT: {"using":"xpath","value":"//span[contains(text(), \"0007 - PB(work days)\")]"}
COMMAND: POST /session/c8be2085c0e5dd8418678e9c76522247/element/f.59A644A74ED233CCADDF2157A5466830.d.73658BC6C505EF91ED28298A9443F2D6.e.11787/click - {}
RESULT: {}
COMMAND: GET /session/c8be2085c0e5dd8418678e9c76522247/screenshot - {}
RESULT: {}
COMMAND: POST /session/c8be2085c0e5dd8418678e9c76522247/execute/async - {"script":"<script> [1562 bytes]","args":[{"selector":{"id":"application-managepricingrules-display-component---newInfoPriceItem--hoursMonth","interaction":{"idSuffix":"inner"}},"wdio_ui5_key":"applicationmanagepricingrules-display-component---newInfoPriceItem--hoursMonth"}]}
RESULT: {"script":"<script> [1562 bytes]","args":[{"selector":{"id":"application-managepricingrules-display-component---newInfoPriceItem--hoursMonth","interaction":{"idSuffix":"inner"}},"wdio_ui5_key":"applicationmanagepricingrules-display-component---newInfoPriceItem--hoursMonth"}]}
RESULT: undefined
COMMAND: POST /session/c8be2085c0e5dd8418678e9c76522247/execute/async - {"script":"<script> [776 bytes]","args":[{"enterText":"160","selector":{"id":"application-managepricingrules-display-component---newInfoPriceItem--hoursMonth","interaction":{"idSuffix":"inner"}},"clearTextFirst":true,"interactionType":"ENTER_TEXT"}]}
RESULT: {"script":"<script> [776 bytes]","args":[{"enterText":"160","selector":{"id":"application-managepricingrules-display-component---newInfoPriceItem--hoursMonth","interaction":{"idSuffix":"inner"}},"clearTextFirst":true,"interactionType":"ENTER_TEXT"}]}
COMMAND: POST /session/c8be2085c0e5dd8418678e9c76522247/element - {"using":"xpath","value":"//button[@data-kt=\"saveNewRuleButton\"]"}
RESULT: {"using":"xpath","value":"//button[@data-kt=\"saveNewRuleButton\"]"}
COMMAND: POST /session/c8be2085c0e5dd8418678e9c76522247/element/f.59A644A74ED233CCADDF2157A5466830.d.73658BC6C505EF91ED28298A9443F2D6.e.11773/click - {}
RESULT: {}
COMMAND: GET /session/c8be2085c0e5dd8418678e9c76522247/screenshot - {}
RESULT: {}
COMMAND: POST /session/c8be2085c0e5dd8418678e9c76522247/execute/async - {"script":"<script> [1562 bytes]","args":[{"selector":{"id":"application-managepricingrules-display-component---priceInfoItem--smartFilterBar-btnBasicSearch","interaction":{"idSuffix":"I"}},"wdio_ui5_key":"applicationmanagepricingrules-display-component---priceInfoItem--smartFilterBar-btnBasicSearch"}]}
RESULT: {"script":"<script> [1562 bytes]","args":[{"selector":{"id":"application-managepricingrules-display-component---priceInfoItem--smartFilterBar-btnBasicSearch","interaction":{"idSuffix":"I"}},"wdio_ui5_key":"applicationmanagepricingrules-display-component---priceInfoItem--smartFilterBar-btnBasicSearch"}]}
RESULT: undefined
COMMAND: POST /session/c8be2085c0e5dd8418678e9c76522247/execute/async - {"script":"<script> [776 bytes]","args":[{"enterText":"pftPPPbJqj","selector":{"id":"application-managepricingrules-display-component---priceInfoItem--smartFilterBar-btnBasicSearch","interaction":{"idSuffix":"I"}},"clearTextFirst":true,"interactionType":"ENTER_TEXT"}]}
RESULT: {"script":"<script> [776 bytes]","args":[{"enterText":"pftPPPbJqj","selector":{"id":"application-managepricingrules-display-component---priceInfoItem--smartFilterBar-btnBasicSearch","interaction":{"idSuffix":"I"}},"clearTextFirst":true,"interactionType":"ENTER_TEXT"}]}
COMMAND: POST /session/c8be2085c0e5dd8418678e9c76522247/actions - {"actions":[{"id":"action49","type":"key","parameters":{},"actions":[{"type":"keyDown","value":"î€‡"},{"type":"pause","duration":10},{"type":"keyUp","value":"î€‡"}]}]}
RESULT: {"actions":[{"id":"action49","type":"key","parameters":{},"actions":[{"type":"keyDown","value":"î€‡"},{"type":"pause","duration":10},{"type":"keyUp","value":"î€‡"}]}]}
COMMAND: GET /session/c8be2085c0e5dd8418678e9c76522247/screenshot - {}
RESULT: {}
COMMAND: POST /session/c8be2085c0e5dd8418678e9c76522247/element - {"using":"xpath","value":"//span[@id=\"application-managepricingrules-display-component---priceInfoItem--smartTable-header-inner\"]"}
RESULT: {"using":"xpath","value":"//span[@id=\"application-managepricingrules-display-component---priceInfoItem--smartTable-header-inner\"]"}
COMMAND: POST /session/c8be2085c0e5dd8418678e9c76522247/elements - {"using":"xpath","value":"//span[@id=\"application-managepricingrules-display-component---priceInfoItem--smartTable-header-inner\"]"}
RESULT: {"using":"xpath","value":"//span[@id=\"application-managepricingrules-display-component---priceInfoItem--smartTable-header-inner\"]"}
COMMAND: POST /session/c8be2085c0e5dd8418678e9c76522247/execute/sync - {"script":"<script> [56 bytes]","args":[{"element-6066-11e4-a52e-4f735466cecf":"f.59A644A74ED233CCADDF2157A5466830.d.73658BC6C505EF91ED28298A9443F2D6.e.11811","ELEMENT":"f.59A644A74ED233CCADDF2157A5466830.d.73658BC6C505EF91ED28298A9443F2D6.e.11811"}]}
RESULT: {"script":"<script> [56 bytes]","args":[{"element-6066-11e4-a52e-4f735466cecf":"f.59A644A74ED233CCADDF2157A5466830.d.73658BC6C505EF91ED28298A9443F2D6.e.11811","ELEMENT":"f.59A644A74ED233CCADDF2157A5466830.d.73658BC6C505EF91ED28298A9443F2D6.e.11811"}]}
COMMAND: POST /session/c8be2085c0e5dd8418678e9c76522247/element - {"using":"css selector","value":"#shell-header-logo"}
COMMAND: GET /session/c8be2085c0e5dd8418678e9c76522247/screenshot - {}
RESULT: {"using":"css selector","value":"#shell-header-logo"}
COMMAND: POST /session/c8be2085c0e5dd8418678e9c76522247/element/f.59A644A74ED233CCADDF2157A5466830.d.73658BC6C505EF91ED28298A9443F2D6.e.10917/click - {}
RESULT: {}
RESULT: {}
COMMAND: GET /session/c8be2085c0e5dd8418678e9c76522247/screenshot - {}
RESULT: {}
]]></system-out>
    </testcase>
    <testcase classname="chrome.136_0_7103_93.windows.Performance_based_billing_(work_days)_US139742" name="Should create a performance based billing condition on the equipment" time="65.64">
      <system-out><![CDATA[
COMMAND: POST /session/c8be2085c0e5dd8418678e9c76522247/execute/async - {"script":"<script> [1562 bytes]","args":[{"selector":{"controlType":"sap.m.GenericTile","properties":{"header":"Manage Conditions & Prices"}},"wdio_ui5_key":"sapm.GenericTile{\"header\":\"Manage Conditions & Prices\"}"}]}
RESULT: {"script":"<script> [1562 bytes]","args":[{"selector":{"controlType":"sap.m.GenericTile","properties":{"header":"Manage Conditions & Prices"}},"wdio_ui5_key":"sapm.GenericTile{\"header\":\"Manage Conditions & Prices\"}"}]}
RESULT: undefined
COMMAND: POST /session/c8be2085c0e5dd8418678e9c76522247/element - {"using":"xpath","value":"//*[@id=\"__tile53\"]"}
RESULT: {"using":"xpath","value":"//*[@id=\"__tile53\"]"}
COMMAND: POST /session/c8be2085c0e5dd8418678e9c76522247/element/f.59A644A74ED233CCADDF2157A5466830.d.73658BC6C505EF91ED28298A9443F2D6.e.10854/click - {}
RESULT: {}
COMMAND: GET /session/c8be2085c0e5dd8418678e9c76522247/screenshot - {}
RESULT: {}
COMMAND: POST /session/c8be2085c0e5dd8418678e9c76522247/elements - {"using":"xpath","value":"//span[text()='Error']"}
RESULT: {"using":"xpath","value":"//span[text()='Error']"}
COMMAND: POST /session/c8be2085c0e5dd8418678e9c76522247/element - {"using":"xpath","value":"//button[@aria-label=\"Create\"]"}
RESULT: {"using":"xpath","value":"//button[@aria-label=\"Create\"]"}
COMMAND: POST /session/c8be2085c0e5dd8418678e9c76522247/elements - {"using":"xpath","value":"//button[@aria-label=\"Create\"]"}
RESULT: {"using":"xpath","value":"//button[@aria-label=\"Create\"]"}
COMMAND: POST /session/c8be2085c0e5dd8418678e9c76522247/execute/sync - {"script":"<script> [8489 bytes]","args":[{"element-6066-11e4-a52e-4f735466cecf":"f.59A644A74ED233CCADDF2157A5466830.d.73658BC6C505EF91ED28298A9443F2D6.e.11846","ELEMENT":"f.59A644A74ED233CCADDF2157A5466830.d.73658BC6C505EF91ED28298A9443F2D6.e.11846"}]}
RESULT: {"script":"<script> [8489 bytes]","args":[{"element-6066-11e4-a52e-4f735466cecf":"f.59A644A74ED233CCADDF2157A5466830.d.73658BC6C505EF91ED28298A9443F2D6.e.11846","ELEMENT":"f.59A644A74ED233CCADDF2157A5466830.d.73658BC6C505EF91ED28298A9443F2D6.e.11846"}]}
COMMAND: GET /session/c8be2085c0e5dd8418678e9c76522247/element/f.59A644A74ED233CCADDF2157A5466830.d.73658BC6C505EF91ED28298A9443F2D6.e.11846/enabled - {}
COMMAND: GET /session/c8be2085c0e5dd8418678e9c76522247/screenshot - {}
RESULT: {}
COMMAND: POST /session/c8be2085c0e5dd8418678e9c76522247/execute/sync - {"script":"<script> [8489 bytes]","args":[{"element-6066-11e4-a52e-4f735466cecf":"f.59A644A74ED233CCADDF2157A5466830.d.73658BC6C505EF91ED28298A9443F2D6.e.11846","ELEMENT":"f.59A644A74ED233CCADDF2157A5466830.d.73658BC6C505EF91ED28298A9443F2D6.e.11846"}]}
COMMAND: GET /session/c8be2085c0e5dd8418678e9c76522247/screenshot - {}
RESULT: {}
RESULT: {"script":"<script> [8489 bytes]","args":[{"element-6066-11e4-a52e-4f735466cecf":"f.59A644A74ED233CCADDF2157A5466830.d.73658BC6C505EF91ED28298A9443F2D6.e.11846","ELEMENT":"f.59A644A74ED233CCADDF2157A5466830.d.73658BC6C505EF91ED28298A9443F2D6.e.11846"}]}
COMMAND: POST /session/c8be2085c0e5dd8418678e9c76522247/execute/sync - {"script":"<script> [5351 bytes]","args":[{"element-6066-11e4-a52e-4f735466cecf":"f.59A644A74ED233CCADDF2157A5466830.d.73658BC6C505EF91ED28298A9443F2D6.e.11846","ELEMENT":"f.59A644A74ED233CCADDF2157A5466830.d.73658BC6C505EF91ED28298A9443F2D6.e.11846"}]}
COMMAND: GET /session/c8be2085c0e5dd8418678e9c76522247/screenshot - {}
RESULT: {}
RESULT: {"script":"<script> [5351 bytes]","args":[{"element-6066-11e4-a52e-4f735466cecf":"f.59A644A74ED233CCADDF2157A5466830.d.73658BC6C505EF91ED28298A9443F2D6.e.11846","ELEMENT":"f.59A644A74ED233CCADDF2157A5466830.d.73658BC6C505EF91ED28298A9443F2D6.e.11846"}]}
COMMAND: POST /session/c8be2085c0e5dd8418678e9c76522247/element/f.59A644A74ED233CCADDF2157A5466830.d.73658BC6C505EF91ED28298A9443F2D6.e.11846/click - {}
COMMAND: GET /session/c8be2085c0e5dd8418678e9c76522247/screenshot - {}
RESULT: {}
RESULT: {}
COMMAND: GET /session/c8be2085c0e5dd8418678e9c76522247/screenshot - {}
RESULT: {}
RESULT: {}
COMMAND: POST /session/c8be2085c0e5dd8418678e9c76522247/actions - {"actions":[{"id":"action50","type":"key","parameters":{},"actions":[{"type":"keyDown","value":"î€‡"},{"type":"pause","duration":10},{"type":"keyUp","value":"î€‡"}]}]}
RESULT: {"actions":[{"id":"action50","type":"key","parameters":{},"actions":[{"type":"keyDown","value":"î€‡"},{"type":"pause","duration":10},{"type":"keyUp","value":"î€‡"}]}]}
COMMAND: GET /session/c8be2085c0e5dd8418678e9c76522247/screenshot - {}
RESULT: {}
COMMAND: POST /session/c8be2085c0e5dd8418678e9c76522247/execute/async - {"script":"<script> [1562 bytes]","args":[{"selector":{"id":"application-manageconditionprice-display-component---newCondition--condBillCond-arrow"},"wdio_ui5_key":"applicationmanageconditionprice-display-component---newCondition--condBillCond-arrow"}]}
RESULT: {"script":"<script> [1562 bytes]","args":[{"selector":{"id":"application-manageconditionprice-display-component---newCondition--condBillCond-arrow"},"wdio_ui5_key":"applicationmanageconditionprice-display-component---newCondition--condBillCond-arrow"}]}
RESULT: undefined
COMMAND: POST /session/c8be2085c0e5dd8418678e9c76522247/element - {"using":"xpath","value":"//*[@id=\"application-manageconditionprice-display-component---newCondition--condBillCond-arrow\"]"}
RESULT: {"using":"xpath","value":"//*[@id=\"application-manageconditionprice-display-component---newCondition--condBillCond-arrow\"]"}
COMMAND: POST /session/c8be2085c0e5dd8418678e9c76522247/element/f.59A644A74ED233CCADDF2157A5466830.d.73658BC6C505EF91ED28298A9443F2D6.e.12026/click - {}
RESULT: {}
COMMAND: GET /session/c8be2085c0e5dd8418678e9c76522247/screenshot - {}
RESULT: {}
COMMAND: POST /session/c8be2085c0e5dd8418678e9c76522247/element - {"using":"xpath","value":"//li[.//span[contains(text(), \"PC06 - Performance Price - fuel\")]]"}
RESULT: {"using":"xpath","value":"//li[.//span[contains(text(), \"PC06 - Performance Price - fuel\")]]"}
COMMAND: POST /session/c8be2085c0e5dd8418678e9c76522247/element/f.59A644A74ED233CCADDF2157A5466830.d.73658BC6C505EF91ED28298A9443F2D6.e.12029/click - {}
RESULT: {}
COMMAND: GET /session/c8be2085c0e5dd8418678e9c76522247/screenshot - {}
RESULT: {}
COMMAND: POST /session/c8be2085c0e5dd8418678e9c76522247/execute/async - {"script":"<script> [1562 bytes]","args":[{"selector":{"id":"application-manageconditionprice-display-component---newCondition--condValidTo","interaction":{"idSuffix":"inner"}},"wdio_ui5_key":"applicationmanageconditionprice-display-component---newCondition--condValidTo"}]}
RESULT: {"script":"<script> [1562 bytes]","args":[{"selector":{"id":"application-manageconditionprice-display-component---newCondition--condValidTo","interaction":{"idSuffix":"inner"}},"wdio_ui5_key":"applicationmanageconditionprice-display-component---newCondition--condValidTo"}]}
RESULT: undefined
COMMAND: POST /session/c8be2085c0e5dd8418678e9c76522247/execute/async - {"script":"<script> [776 bytes]","args":[{"enterText":"2/2/26","selector":{"id":"application-manageconditionprice-display-component---newCondition--condValidTo","interaction":{"idSuffix":"inner"}},"clearTextFirst":true,"interactionType":"ENTER_TEXT"}]}
RESULT: {"script":"<script> [776 bytes]","args":[{"enterText":"2/2/26","selector":{"id":"application-manageconditionprice-display-component---newCondition--condValidTo","interaction":{"idSuffix":"inner"}},"clearTextFirst":true,"interactionType":"ENTER_TEXT"}]}
COMMAND: POST /session/c8be2085c0e5dd8418678e9c76522247/element - {"using":"xpath","value":"//input[@id=\"application-manageconditionprice-display-component---newCondition--condRU-inner\"]"}
RESULT: {"using":"xpath","value":"//input[@id=\"application-manageconditionprice-display-component---newCondition--condRU-inner\"]"}
COMMAND: POST /session/c8be2085c0e5dd8418678e9c76522247/element/f.59A644A74ED233CCADDF2157A5466830.d.73658BC6C505EF91ED28298A9443F2D6.e.11890/clear - {}
RESULT: {}
COMMAND: POST /session/c8be2085c0e5dd8418678e9c76522247/element/f.59A644A74ED233CCADDF2157A5466830.d.73658BC6C505EF91ED28298A9443F2D6.e.11890/value - {"text":"pftPPPbJqj"}
COMMAND: GET /session/c8be2085c0e5dd8418678e9c76522247/screenshot - {}
RESULT: {"text":"pftPPPbJqj"}
COMMAND: GET /session/c8be2085c0e5dd8418678e9c76522247/screenshot - {}
RESULT: {}
RESULT: {}
COMMAND: POST /session/c8be2085c0e5dd8418678e9c76522247/actions - {"actions":[{"id":"action51","type":"key","parameters":{},"actions":[{"type":"keyDown","value":"î€‡"},{"type":"pause","duration":10},{"type":"keyUp","value":"î€‡"}]}]}
RESULT: {"actions":[{"id":"action51","type":"key","parameters":{},"actions":[{"type":"keyDown","value":"î€‡"},{"type":"pause","duration":10},{"type":"keyUp","value":"î€‡"}]}]}
COMMAND: POST /session/c8be2085c0e5dd8418678e9c76522247/execute/async - {"script":"<script> [1562 bytes]","args":[{"selector":{"id":"application-manageconditionprice-display-component---newCondition--condBaseQty","interaction":{"idSuffix":"inner"}},"wdio_ui5_key":"applicationmanageconditionprice-display-component---newCondition--condBaseQty"}]}
COMMAND: GET /session/c8be2085c0e5dd8418678e9c76522247/screenshot - {}
RESULT: {"script":"<script> [1562 bytes]","args":[{"selector":{"id":"application-manageconditionprice-display-component---newCondition--condBaseQty","interaction":{"idSuffix":"inner"}},"wdio_ui5_key":"applicationmanageconditionprice-display-component---newCondition--condBaseQty"}]}
RESULT: undefined
COMMAND: POST /session/c8be2085c0e5dd8418678e9c76522247/execute/async - {"script":"<script> [776 bytes]","args":[{"enterText":"1","selector":{"id":"application-manageconditionprice-display-component---newCondition--condBaseQty","interaction":{"idSuffix":"inner"}},"clearTextFirst":true,"interactionType":"ENTER_TEXT"}]}
RESULT: {}
RESULT: {"script":"<script> [776 bytes]","args":[{"enterText":"1","selector":{"id":"application-manageconditionprice-display-component---newCondition--condBaseQty","interaction":{"idSuffix":"inner"}},"clearTextFirst":true,"interactionType":"ENTER_TEXT"}]}
COMMAND: POST /session/c8be2085c0e5dd8418678e9c76522247/execute/async - {"script":"<script> [1562 bytes]","args":[{"selector":{"id":"application-manageconditionprice-display-component---newCondition--condValue","interaction":{"idSuffix":"inner"}},"wdio_ui5_key":"applicationmanageconditionprice-display-component---newCondition--condValue"}]}
RESULT: {"script":"<script> [1562 bytes]","args":[{"selector":{"id":"application-manageconditionprice-display-component---newCondition--condValue","interaction":{"idSuffix":"inner"}},"wdio_ui5_key":"applicationmanageconditionprice-display-component---newCondition--condValue"}]}
RESULT: undefined
COMMAND: POST /session/c8be2085c0e5dd8418678e9c76522247/execute/async - {"script":"<script> [776 bytes]","args":[{"enterText":"10","selector":{"id":"application-manageconditionprice-display-component---newCondition--condValue","interaction":{"idSuffix":"inner"}},"clearTextFirst":true,"interactionType":"ENTER_TEXT"}]}
RESULT: {"script":"<script> [776 bytes]","args":[{"enterText":"10","selector":{"id":"application-manageconditionprice-display-component---newCondition--condValue","interaction":{"idSuffix":"inner"}},"clearTextFirst":true,"interactionType":"ENTER_TEXT"}]}
COMMAND: POST /session/c8be2085c0e5dd8418678e9c76522247/execute/async - {"script":"<script> [1562 bytes]","args":[{"selector":{"id":"application-manageconditionprice-display-component---newCondition--condCurr-arrow"},"wdio_ui5_key":"applicationmanageconditionprice-display-component---newCondition--condCurr-arrow"}]}
RESULT: {"script":"<script> [1562 bytes]","args":[{"selector":{"id":"application-manageconditionprice-display-component---newCondition--condCurr-arrow"},"wdio_ui5_key":"applicationmanageconditionprice-display-component---newCondition--condCurr-arrow"}]}
RESULT: undefined
COMMAND: POST /session/c8be2085c0e5dd8418678e9c76522247/element - {"using":"xpath","value":"//*[@id=\"application-manageconditionprice-display-component---newCondition--condCurr-arrow\"]"}
RESULT: {"using":"xpath","value":"//*[@id=\"application-manageconditionprice-display-component---newCondition--condCurr-arrow\"]"}
COMMAND: POST /session/c8be2085c0e5dd8418678e9c76522247/element/f.59A644A74ED233CCADDF2157A5466830.d.73658BC6C505EF91ED28298A9443F2D6.e.11985/click - {}
RESULT: {}
COMMAND: POST /session/c8be2085c0e5dd8418678e9c76522247/element - {"using":"xpath","value":"//span[contains(text(), \"Euro\")]"}
COMMAND: GET /session/c8be2085c0e5dd8418678e9c76522247/screenshot - {}
RESULT: {"using":"xpath","value":"//span[contains(text(), \"Euro\")]"}
COMMAND: POST /session/c8be2085c0e5dd8418678e9c76522247/element/f.59A644A74ED233CCADDF2157A5466830.d.73658BC6C505EF91ED28298A9443F2D6.e.12064/click - {}
RESULT: {}
RESULT: {}
COMMAND: POST /session/c8be2085c0e5dd8418678e9c76522247/element - {"using":"xpath","value":"//button[@data-kt=\"saveButton\"]"}
COMMAND: GET /session/c8be2085c0e5dd8418678e9c76522247/screenshot - {}
RESULT: {"using":"xpath","value":"//button[@data-kt=\"saveButton\"]"}
COMMAND: POST /session/c8be2085c0e5dd8418678e9c76522247/element/f.59A644A74ED233CCADDF2157A5466830.d.73658BC6C505EF91ED28298A9443F2D6.e.11986/click - {}
RESULT: {}
RESULT: {}
COMMAND: GET /session/c8be2085c0e5dd8418678e9c76522247/screenshot - {}
RESULT: {}
COMMAND: POST /session/c8be2085c0e5dd8418678e9c76522247/execute/async - {"script":"<script> [1562 bytes]","args":[{"selector":{"id":"application-manageconditionprice-display-component---conditions--smartFilterBar-btnBasicSearch","interaction":{"idSuffix":"I"}},"wdio_ui5_key":"applicationmanageconditionprice-display-component---conditions--smartFilterBar-btnBasicSearch"}]}
RESULT: {"script":"<script> [1562 bytes]","args":[{"selector":{"id":"application-manageconditionprice-display-component---conditions--smartFilterBar-btnBasicSearch","interaction":{"idSuffix":"I"}},"wdio_ui5_key":"applicationmanageconditionprice-display-component---conditions--smartFilterBar-btnBasicSearch"}]}
RESULT: undefined
COMMAND: POST /session/c8be2085c0e5dd8418678e9c76522247/execute/async - {"script":"<script> [776 bytes]","args":[{"enterText":"pftPPPbJqj","selector":{"id":"application-manageconditionprice-display-component---conditions--smartFilterBar-btnBasicSearch","interaction":{"idSuffix":"I"}},"clearTextFirst":true,"interactionType":"ENTER_TEXT"}]}
RESULT: {"script":"<script> [776 bytes]","args":[{"enterText":"pftPPPbJqj","selector":{"id":"application-manageconditionprice-display-component---conditions--smartFilterBar-btnBasicSearch","interaction":{"idSuffix":"I"}},"clearTextFirst":true,"interactionType":"ENTER_TEXT"}]}
COMMAND: POST /session/c8be2085c0e5dd8418678e9c76522247/actions - {"actions":[{"id":"action52","type":"key","parameters":{},"actions":[{"type":"keyDown","value":"î€‡"},{"type":"pause","duration":10},{"type":"keyUp","value":"î€‡"}]}]}
RESULT: {"actions":[{"id":"action52","type":"key","parameters":{},"actions":[{"type":"keyDown","value":"î€‡"},{"type":"pause","duration":10},{"type":"keyUp","value":"î€‡"}]}]}
COMMAND: GET /session/c8be2085c0e5dd8418678e9c76522247/screenshot - {}
RESULT: {}
COMMAND: POST /session/c8be2085c0e5dd8418678e9c76522247/execute/async - {"script":"<script> [1562 bytes]","args":[{"selector":{"id":"application-manageconditionprice-display-component---conditions--smartFilterBar-filterItemControl_BASIC-BILL_TYPES-vhi"},"wdio_ui5_key":"applicationmanageconditionprice-display-component---conditions--smartFilterBar-filterItemControl_BASIC-BILL_TYPES-vhi"}]}
RESULT: {"script":"<script> [1562 bytes]","args":[{"selector":{"id":"application-manageconditionprice-display-component---conditions--smartFilterBar-filterItemControl_BASIC-BILL_TYPES-vhi"},"wdio_ui5_key":"applicationmanageconditionprice-display-component---conditions--smartFilterBar-filterItemControl_BASIC-BILL_TYPES-vhi"}]}
RESULT: undefined
COMMAND: POST /session/c8be2085c0e5dd8418678e9c76522247/element - {"using":"xpath","value":"//*[@id=\"application-manageconditionprice-display-component---conditions--smartFilterBar-filterItemControl_BASIC-BILL_TYPES-vhi\"]"}
RESULT: {"using":"xpath","value":"//*[@id=\"application-manageconditionprice-display-component---conditions--smartFilterBar-filterItemControl_BASIC-BILL_TYPES-vhi\"]"}
COMMAND: POST /session/c8be2085c0e5dd8418678e9c76522247/element/f.59A644A74ED233CCADDF2157A5466830.d.73658BC6C505EF91ED28298A9443F2D6.e.12080/click - {}
RESULT: {}
COMMAND: POST /session/c8be2085c0e5dd8418678e9c76522247/execute/async - {"script":"<script> [1562 bytes]","args":[{"selector":{"id":"application-manageconditionprice-display-component---conditions--smartFilterBar-filterItemControl_BASIC-BILL_TYPES-valueHelpDialog-smartFilterBar-btnBasicSearch","searchOpenDialogs":true,"interaction":{"idSuffix":"I"}},"wdio_ui5_key":"applicationmanageconditionprice-display-component---conditions--smartFilterBar-filterItemControl_BASIC-BILL_TYPES-valueHelpDialog-smartFilterBar-btnBasicSearch"}]}
COMMAND: GET /session/c8be2085c0e5dd8418678e9c76522247/screenshot - {}
RESULT: {"script":"<script> [1562 bytes]","args":[{"selector":{"id":"application-manageconditionprice-display-component---conditions--smartFilterBar-filterItemControl_BASIC-BILL_TYPES-valueHelpDialog-smartFilterBar-btnBasicSearch","searchOpenDialogs":true,"interaction":{"idSuffix":"I"}},"wdio_ui5_key":"applicationmanageconditionprice-display-component---conditions--smartFilterBar-filterItemControl_BASIC-BILL_TYPES-valueHelpDialog-smartFilterBar-btnBasicSearch"}]}
RESULT: undefined
COMMAND: POST /session/c8be2085c0e5dd8418678e9c76522247/execute/async - {"script":"<script> [776 bytes]","args":[{"enterText":"PB","selector":{"id":"application-manageconditionprice-display-component---conditions--smartFilterBar-filterItemControl_BASIC-BILL_TYPES-valueHelpDialog-smartFilterBar-btnBasicSearch","searchOpenDialogs":true,"interaction":{"idSuffix":"I"}},"clearTextFirst":true,"interactionType":"ENTER_TEXT"}]}
RESULT: {}
RESULT: {"script":"<script> [776 bytes]","args":[{"enterText":"PB","selector":{"id":"application-manageconditionprice-display-component---conditions--smartFilterBar-filterItemControl_BASIC-BILL_TYPES-valueHelpDialog-smartFilterBar-btnBasicSearch","searchOpenDialogs":true,"interaction":{"idSuffix":"I"}},"clearTextFirst":true,"interactionType":"ENTER_TEXT"}]}
COMMAND: POST /session/c8be2085c0e5dd8418678e9c76522247/actions - {"actions":[{"id":"action53","type":"key","parameters":{},"actions":[{"type":"keyDown","value":"î€‡"},{"type":"pause","duration":10},{"type":"keyUp","value":"î€‡"}]}]}
RESULT: {"actions":[{"id":"action53","type":"key","parameters":{},"actions":[{"type":"keyDown","value":"î€‡"},{"type":"pause","duration":10},{"type":"keyUp","value":"î€‡"}]}]}
COMMAND: GET /session/c8be2085c0e5dd8418678e9c76522247/screenshot - {}
RESULT: {}
COMMAND: POST /session/c8be2085c0e5dd8418678e9c76522247/element - {"using":"xpath","value":"//div[contains(@id, 'application-manageconditionprice-display-component---conditions--smartFilterBar-filterItemControl_BASIC-BILL_TYPES-valueHelpDialog-table-rowsel0')]"}
RESULT: {"using":"xpath","value":"//div[contains(@id, 'application-manageconditionprice-display-component---conditions--smartFilterBar-filterItemControl_BASIC-BILL_TYPES-valueHelpDialog-table-rowsel0')]"}
COMMAND: POST /session/c8be2085c0e5dd8418678e9c76522247/element/f.59A644A74ED233CCADDF2157A5466830.d.73658BC6C505EF91ED28298A9443F2D6.e.12090/click - {}
RESULT: {}
COMMAND: GET /session/c8be2085c0e5dd8418678e9c76522247/screenshot - {}
RESULT: {}
COMMAND: POST /session/c8be2085c0e5dd8418678e9c76522247/element - {"using":"xpath","value":"//bdi[contains(text(), \"OK\")]"}
RESULT: {"using":"xpath","value":"//bdi[contains(text(), \"OK\")]"}
COMMAND: POST /session/c8be2085c0e5dd8418678e9c76522247/element/f.59A644A74ED233CCADDF2157A5466830.d.73658BC6C505EF91ED28298A9443F2D6.e.12092/click - {}
RESULT: {}
COMMAND: GET /session/c8be2085c0e5dd8418678e9c76522247/screenshot - {}
RESULT: {}
COMMAND: POST /session/c8be2085c0e5dd8418678e9c76522247/element - {"using":"xpath","value":"//span[@id=\"application-manageconditionprice-display-component---conditions--smartTable-header-inner\"]"}
RESULT: {"using":"xpath","value":"//span[@id=\"application-manageconditionprice-display-component---conditions--smartTable-header-inner\"]"}
COMMAND: POST /session/c8be2085c0e5dd8418678e9c76522247/elements - {"using":"xpath","value":"//span[@id=\"application-manageconditionprice-display-component---conditions--smartTable-header-inner\"]"}
RESULT: {"using":"xpath","value":"//span[@id=\"application-manageconditionprice-display-component---conditions--smartTable-header-inner\"]"}
COMMAND: POST /session/c8be2085c0e5dd8418678e9c76522247/execute/sync - {"script":"<script> [56 bytes]","args":[{"element-6066-11e4-a52e-4f735466cecf":"f.59A644A74ED233CCADDF2157A5466830.d.73658BC6C505EF91ED28298A9443F2D6.e.12095","ELEMENT":"f.59A644A74ED233CCADDF2157A5466830.d.73658BC6C505EF91ED28298A9443F2D6.e.12095"}]}
RESULT: {"script":"<script> [56 bytes]","args":[{"element-6066-11e4-a52e-4f735466cecf":"f.59A644A74ED233CCADDF2157A5466830.d.73658BC6C505EF91ED28298A9443F2D6.e.12095","ELEMENT":"f.59A644A74ED233CCADDF2157A5466830.d.73658BC6C505EF91ED28298A9443F2D6.e.12095"}]}
COMMAND: POST /session/c8be2085c0e5dd8418678e9c76522247/element - {"using":"css selector","value":"#shell-header-logo"}
COMMAND: GET /session/c8be2085c0e5dd8418678e9c76522247/screenshot - {}
RESULT: {"using":"css selector","value":"#shell-header-logo"}
COMMAND: POST /session/c8be2085c0e5dd8418678e9c76522247/element/f.59A644A74ED233CCADDF2157A5466830.d.73658BC6C505EF91ED28298A9443F2D6.e.11814/click - {}
RESULT: {}
RESULT: {}
COMMAND: GET /session/c8be2085c0e5dd8418678e9c76522247/screenshot - {}
RESULT: {}
]]></system-out>
    </testcase>
    <testcase classname="chrome.136_0_7103_93.windows.Performance_based_billing_(work_days)_US139742" name="Should add a counter to the equipment" time="56.054">
      <system-out><![CDATA[
RESULT: undefined
COMMAND: POST /session/c8be2085c0e5dd8418678e9c76522247/element - {"using":"xpath","value":"//*[@id=\"__tile39\"]"}
RESULT: {"using":"xpath","value":"//*[@id=\"__tile39\"]"}
COMMAND: POST /session/c8be2085c0e5dd8418678e9c76522247/element/f.59A644A74ED233CCADDF2157A5466830.d.73658BC6C505EF91ED28298A9443F2D6.e.10808/click - {}
RESULT: {}
COMMAND: GET /session/c8be2085c0e5dd8418678e9c76522247/screenshot - {}
RESULT: {}
COMMAND: POST /session/c8be2085c0e5dd8418678e9c76522247/elements - {"using":"xpath","value":"//span[text()='Error']"}
RESULT: {"using":"xpath","value":"//span[text()='Error']"}
COMMAND: POST /session/c8be2085c0e5dd8418678e9c76522247/execute/async - {"script":"<script> [1562 bytes]","args":[{"selector":{"id":"application-manageresources-display-component---masterRU--smartFilterBar-btnBasicSearch","interaction":{"idSuffix":"I"}},"wdio_ui5_key":"applicationmanageresources-display-component---masterRU--smartFilterBar-btnBasicSearch"}]}
RESULT: {"script":"<script> [1562 bytes]","args":[{"selector":{"id":"application-manageresources-display-component---masterRU--smartFilterBar-btnBasicSearch","interaction":{"idSuffix":"I"}},"wdio_ui5_key":"applicationmanageresources-display-component---masterRU--smartFilterBar-btnBasicSearch"}]}
RESULT: undefined
COMMAND: POST /session/c8be2085c0e5dd8418678e9c76522247/execute/async - {"script":"<script> [776 bytes]","args":[{"enterText":"pftPPPbJqj","selector":{"id":"application-manageresources-display-component---masterRU--smartFilterBar-btnBasicSearch","interaction":{"idSuffix":"I"}},"clearTextFirst":true,"interactionType":"ENTER_TEXT"}]}
RESULT: {"script":"<script> [776 bytes]","args":[{"enterText":"pftPPPbJqj","selector":{"id":"application-manageresources-display-component---masterRU--smartFilterBar-btnBasicSearch","interaction":{"idSuffix":"I"}},"clearTextFirst":true,"interactionType":"ENTER_TEXT"}]}
COMMAND: POST /session/c8be2085c0e5dd8418678e9c76522247/actions - {"actions":[{"id":"action54","type":"key","parameters":{},"actions":[{"type":"keyDown","value":"î€‡"},{"type":"pause","duration":10},{"type":"keyUp","value":"î€‡"}]}]}
RESULT: {"actions":[{"id":"action54","type":"key","parameters":{},"actions":[{"type":"keyDown","value":"î€‡"},{"type":"pause","duration":10},{"type":"keyUp","value":"î€‡"}]}]}
COMMAND: GET /session/c8be2085c0e5dd8418678e9c76522247/screenshot - {}
RESULT: {}
COMMAND: POST /session/c8be2085c0e5dd8418678e9c76522247/execute/async - {"script":"<script> [1562 bytes]","args":[{"selector":{"id":"application-manageresources-display-component---masterRU--smartTable-header"},"wdio_ui5_key":"applicationmanageresources-display-component---masterRU--smartTable-header"}]}
RESULT: {"script":"<script> [1562 bytes]","args":[{"selector":{"id":"application-manageresources-display-component---masterRU--smartTable-header"},"wdio_ui5_key":"applicationmanageresources-display-component---masterRU--smartTable-header"}]}
RESULT: undefined
COMMAND: POST /session/c8be2085c0e5dd8418678e9c76522247/execute/async - {"script":"<script> [6424 bytes]","args":[{"element-6066-11e4-a52e-4f735466cecf":"f.59A644A74ED233CCADDF2157A5466830.d.73658BC6C505EF91ED28298A9443F2D6.e.12285"},"getText",[]]}
RESULT: {"script":"<script> [6424 bytes]","args":[{"element-6066-11e4-a52e-4f735466cecf":"f.59A644A74ED233CCADDF2157A5466830.d.73658BC6C505EF91ED28298A9443F2D6.e.12285"},"getText",[]]}
COMMAND: POST /session/c8be2085c0e5dd8418678e9c76522247/execute/async - {"script":"<script> [1562 bytes]","args":[{"selector":{"controlType":"sap.ui.core.Icon","viewName":"etm.portal.ui.manageresources.view.Master","viewId":"application-manageresources-display-component---masterRU","properties":{"src":{"regex":{"source":"slim\\-arrow\\-right"}}}},"wdio_ui5_key":"etmportal.ui.manageresources.view.Mastersap.ui.core.Icon{\"src\":{\"regex\":{\"source\":\"slim\\\\-arrow\\\\-right\"}}}"}]}
RESULT: {"script":"<script> [1562 bytes]","args":[{"selector":{"controlType":"sap.ui.core.Icon","viewName":"etm.portal.ui.manageresources.view.Master","viewId":"application-manageresources-display-component---masterRU","properties":{"src":{"regex":{"source":"slim\\-arrow\\-right"}}}},"wdio_ui5_key":"etmportal.ui.manageresources.view.Mastersap.ui.core.Icon{\"src\":{\"regex\":{\"source\":\"slim\\\\-arrow\\\\-right\"}}}"}]}
RESULT: undefined
COMMAND: POST /session/c8be2085c0e5dd8418678e9c76522247/element - {"using":"xpath","value":"//*[@id=\"__item1173-__clone3059-imgNav\"]"}
RESULT: {"using":"xpath","value":"//*[@id=\"__item1173-__clone3059-imgNav\"]"}
COMMAND: POST /session/c8be2085c0e5dd8418678e9c76522247/element/f.59A644A74ED233CCADDF2157A5466830.d.73658BC6C505EF91ED28298A9443F2D6.e.12283/click - {}
RESULT: {}
COMMAND: GET /session/c8be2085c0e5dd8418678e9c76522247/screenshot - {}
RESULT: {}
COMMAND: POST /session/c8be2085c0e5dd8418678e9c76522247/element - {"using":"xpath","value":"//bdi[contains(text(), \"Edit\")]"}
RESULT: {"using":"xpath","value":"//bdi[contains(text(), \"Edit\")]"}
COMMAND: POST /session/c8be2085c0e5dd8418678e9c76522247/execute/sync - {"script":"<script> [8489 bytes]","args":[{"element-6066-11e4-a52e-4f735466cecf":"f.59A644A74ED233CCADDF2157A5466830.d.73658BC6C505EF91ED28298A9443F2D6.e.12393","ELEMENT":"f.59A644A74ED233CCADDF2157A5466830.d.73658BC6C505EF91ED28298A9443F2D6.e.12393"}]}
RESULT: {"script":"<script> [8489 bytes]","args":[{"element-6066-11e4-a52e-4f735466cecf":"f.59A644A74ED233CCADDF2157A5466830.d.73658BC6C505EF91ED28298A9443F2D6.e.12393","ELEMENT":"f.59A644A74ED233CCADDF2157A5466830.d.73658BC6C505EF91ED28298A9443F2D6.e.12393"}]}
COMMAND: POST /session/c8be2085c0e5dd8418678e9c76522247/element/f.59A644A74ED233CCADDF2157A5466830.d.73658BC6C505EF91ED28298A9443F2D6.e.12393/click - {}
COMMAND: GET /session/c8be2085c0e5dd8418678e9c76522247/screenshot - {}
RESULT: {}
COMMAND: GET /session/c8be2085c0e5dd8418678e9c76522247/screenshot - {}
RESULT: {}
RESULT: {}
COMMAND: POST /session/c8be2085c0e5dd8418678e9c76522247/execute/async - {"script":"<script> [1562 bytes]","args":[{"selector":{"id":"application-manageresources-display-component---editResource--editRruPage-anchBar-application-manageresources-display-component---editResource--counters-anchor","interaction":{"idSuffix":"BDI-content"}},"wdio_ui5_key":"applicationmanageresources-display-component---editResource--editRruPage-anchBar-application-manageresources-display-component---editResource--counters-anchor"}]}
RESULT: {"script":"<script> [1562 bytes]","args":[{"selector":{"id":"application-manageresources-display-component---editResource--editRruPage-anchBar-application-manageresources-display-component---editResource--counters-anchor","interaction":{"idSuffix":"BDI-content"}},"wdio_ui5_key":"applicationmanageresources-display-component---editResource--editRruPage-anchBar-application-manageresources-display-component---editResource--counters-anchor"}]}
RESULT: undefined
COMMAND: POST /session/c8be2085c0e5dd8418678e9c76522247/element - {"using":"xpath","value":"//*[@id=\"application-manageresources-display-component---editResource--editRruPage-anchBar-application-manageresources-display-component---editResource--counters-anchor\"]"}
RESULT: {"using":"xpath","value":"//*[@id=\"application-manageresources-display-component---editResource--editRruPage-anchBar-application-manageresources-display-component---editResource--counters-anchor\"]"}
COMMAND: POST /session/c8be2085c0e5dd8418678e9c76522247/element/f.59A644A74ED233CCADDF2157A5466830.d.73658BC6C505EF91ED28298A9443F2D6.e.12651/click - {}
RESULT: {}
COMMAND: GET /session/c8be2085c0e5dd8418678e9c76522247/screenshot - {}
RESULT: {}
COMMAND: POST /session/c8be2085c0e5dd8418678e9c76522247/execute/async - {"script":"<script> [1562 bytes]","args":[{"selector":{"id":"application-manageresources-display-component---editResource--btnAddCounter-img"},"wdio_ui5_key":"applicationmanageresources-display-component---editResource--btnAddCounter-img"}]}
RESULT: {"script":"<script> [1562 bytes]","args":[{"selector":{"id":"application-manageresources-display-component---editResource--btnAddCounter-img"},"wdio_ui5_key":"applicationmanageresources-display-component---editResource--btnAddCounter-img"}]}
RESULT: undefined
COMMAND: POST /session/c8be2085c0e5dd8418678e9c76522247/element - {"using":"xpath","value":"//*[@id=\"application-manageresources-display-component---editResource--btnAddCounter-img\"]"}
RESULT: {"using":"xpath","value":"//*[@id=\"application-manageresources-display-component---editResource--btnAddCounter-img\"]"}
COMMAND: POST /session/c8be2085c0e5dd8418678e9c76522247/element/f.59A644A74ED233CCADDF2157A5466830.d.73658BC6C505EF91ED28298A9443F2D6.e.12656/click - {}
RESULT: {}
COMMAND: POST /session/c8be2085c0e5dd8418678e9c76522247/execute/async - {"script":"<script> [1562 bytes]","args":[{"selector":{"id":"application-manageresources-display-component---editResource--COUNTER_ID-application-manageresources-display-component---editResource--RUCounters-0-arrow"},"wdio_ui5_key":"applicationmanageresources-display-component---editResource--COUNTER_ID-application-manageresources-display-component---editResource--RUCounters-0-arrow"}]}
COMMAND: GET /session/c8be2085c0e5dd8418678e9c76522247/screenshot - {}
RESULT: {"script":"<script> [1562 bytes]","args":[{"selector":{"id":"application-manageresources-display-component---editResource--COUNTER_ID-application-manageresources-display-component---editResource--RUCounters-0-arrow"},"wdio_ui5_key":"applicationmanageresources-display-component---editResource--COUNTER_ID-application-manageresources-display-component---editResource--RUCounters-0-arrow"}]}
RESULT: undefined
COMMAND: POST /session/c8be2085c0e5dd8418678e9c76522247/element - {"using":"xpath","value":"//*[@id=\"application-manageresources-display-component---editResource--COUNTER_ID-application-manageresources-display-component---editResource--RUCounters-0-arrow\"]"}
RESULT: {}
RESULT: {"using":"xpath","value":"//*[@id=\"application-manageresources-display-component---editResource--COUNTER_ID-application-manageresources-display-component---editResource--RUCounters-0-arrow\"]"}
COMMAND: POST /session/c8be2085c0e5dd8418678e9c76522247/element/f.59A644A74ED233CCADDF2157A5466830.d.73658BC6C505EF91ED28298A9443F2D6.e.12668/click - {}
RESULT: {}
COMMAND: POST /session/c8be2085c0e5dd8418678e9c76522247/execute/async - {"script":"<script> [1562 bytes]","args":[{"selector":{"controlType":"sap.m.StandardListItem","viewName":"etm.portal.ui.manageresources.view.EditResource","viewId":"application-manageresources-display-component---editResource","properties":{"title":"fuel"},"searchOpenDialogs":true,"interaction":{"idSuffix":"content"}},"wdio_ui5_key":"etmportal.ui.manageresources.view.EditResourcesap.m.StandardListItem{\"title\":\"fuel\"}"}]}
COMMAND: GET /session/c8be2085c0e5dd8418678e9c76522247/screenshot - {}
RESULT: {"script":"<script> [1562 bytes]","args":[{"selector":{"controlType":"sap.m.StandardListItem","viewName":"etm.portal.ui.manageresources.view.EditResource","viewId":"application-manageresources-display-component---editResource","properties":{"title":"fuel"},"searchOpenDialogs":true,"interaction":{"idSuffix":"content"}},"wdio_ui5_key":"etmportal.ui.manageresources.view.EditResourcesap.m.StandardListItem{\"title\":\"fuel\"}"}]}
RESULT: undefined
COMMAND: POST /session/c8be2085c0e5dd8418678e9c76522247/element - {"using":"xpath","value":"//*[@id=\"__item1513\"]"}
RESULT: {}
RESULT: {"using":"xpath","value":"//*[@id=\"__item1513\"]"}
COMMAND: POST /session/c8be2085c0e5dd8418678e9c76522247/element/f.59A644A74ED233CCADDF2157A5466830.d.73658BC6C505EF91ED28298A9443F2D6.e.12670/click - {}
RESULT: {}
COMMAND: POST /session/c8be2085c0e5dd8418678e9c76522247/execute/async - {"script":"<script> [1562 bytes]","args":[{"selector":{"controlType":"sap.m.Button","viewName":"etm.portal.ui.manageresources.view.EditResource","viewId":"application-manageresources-display-component---editResource","i18NText":{"propertyName":"text","key":"save"},"interaction":{"idSuffix":"BDI-content"}},"wdio_ui5_key":"etmportal.ui.manageresources.view.EditResourcesap.m.Button{\"propertyName\":\"text\",\"key\":\"save\"}"}]}
COMMAND: GET /session/c8be2085c0e5dd8418678e9c76522247/screenshot - {}
RESULT: {"script":"<script> [1562 bytes]","args":[{"selector":{"controlType":"sap.m.Button","viewName":"etm.portal.ui.manageresources.view.EditResource","viewId":"application-manageresources-display-component---editResource","i18NText":{"propertyName":"text","key":"save"},"interaction":{"idSuffix":"BDI-content"}},"wdio_ui5_key":"etmportal.ui.manageresources.view.EditResourcesap.m.Button{\"propertyName\":\"text\",\"key\":\"save\"}"}]}
RESULT: undefined
COMMAND: POST /session/c8be2085c0e5dd8418678e9c76522247/element - {"using":"xpath","value":"//*[@id=\"__button198\"]"}
RESULT: {}
RESULT: {"using":"xpath","value":"//*[@id=\"__button198\"]"}
COMMAND: POST /session/c8be2085c0e5dd8418678e9c76522247/element/f.59A644A74ED233CCADDF2157A5466830.d.73658BC6C505EF91ED28298A9443F2D6.e.12672/click - {}
RESULT: {}
COMMAND: GET /session/c8be2085c0e5dd8418678e9c76522247/screenshot - {}
RESULT: {}
COMMAND: POST /session/c8be2085c0e5dd8418678e9c76522247/element - {"using":"css selector","value":"#shell-header-logo"}
RESULT: {"using":"css selector","value":"#shell-header-logo"}
COMMAND: POST /session/c8be2085c0e5dd8418678e9c76522247/element/f.59A644A74ED233CCADDF2157A5466830.d.73658BC6C505EF91ED28298A9443F2D6.e.12100/click - {}
RESULT: {}
COMMAND: GET /session/c8be2085c0e5dd8418678e9c76522247/screenshot - {}
RESULT: {}
]]></system-out>
    </testcase>
  </testsuite>
  <testsuite timestamp="2025-06-02T18:00:47" time="1231.319" tests="20" failures="14" errors="14" skipped="0">
    <properties>
      <property name="specId" value="0" />
      <property name="suiteName" value="Billing Calculation - Time based (considering transport times) US139738" />
      <property name="capabilities" value="chrome.136_0_7103_93.windows" />
      <property name="file" value="file:///D:/a/1/s/test/specs/BTS/billing-calculation-transp-times.spec.js" />
    </properties>
    <testcase classname="chrome.136_0_7103_93.windows.Billing_Calculation_-_Time_based_(considering_transport_times)_US139738" name="Should create a new yard" time="0.012">
      <system-out><![CDATA[
COMMAND: POST /session/c8be2085c0e5dd8418678e9c76522247/window/fullscreen - {}
RESULT: {}
]]></system-out>
    </testcase>
    <testcase classname="chrome.136_0_7103_93.windows.Billing_Calculation_-_Time_based_(considering_transport_times)_US139738" name="Should create a new partner" time="0.004" />
    <testcase classname="chrome.136_0_7103_93.windows.Billing_Calculation_-_Time_based_(considering_transport_times)_US139738" name="Should create a new site" time="0.004" />
    <testcase classname="chrome.136_0_7103_93.windows.Billing_Calculation_-_Time_based_(considering_transport_times)_US139738" name="Should create the equipment" time="142.261">
      <system-out><![CDATA[
COMMAND: POST /session/c8be2085c0e5dd8418678e9c76522247/execute/async - {"script":"<script> [1562 bytes]","args":[{"selector":{"controlType":"sap.m.GenericTile","properties":{"header":"Manage Resources"}},"wdio_ui5_key":"sapm.GenericTile{\"header\":\"Manage Resources\"}"}]}
RESULT: {"script":"<script> [1562 bytes]","args":[{"selector":{"controlType":"sap.m.GenericTile","properties":{"header":"Manage Resources"}},"wdio_ui5_key":"sapm.GenericTile{\"header\":\"Manage Resources\"}"}]}
RESULT: undefined
COMMAND: POST /session/c8be2085c0e5dd8418678e9c76522247/element - {"using":"xpath","value":"//*[@id=\"__tile39\"]"}
RESULT: {"using":"xpath","value":"//*[@id=\"__tile39\"]"}
COMMAND: POST /session/c8be2085c0e5dd8418678e9c76522247/element/f.59A644A74ED233CCADDF2157A5466830.d.3D171948E7B2D66B7FF1735F4BD22A31.e.13266/click - {}
RESULT: {}
COMMAND: GET /session/c8be2085c0e5dd8418678e9c76522247/screenshot - {}
RESULT: {}
COMMAND: POST /session/c8be2085c0e5dd8418678e9c76522247/elements - {"using":"xpath","value":"//span[text()='Error']"}
RESULT: {"using":"xpath","value":"//span[text()='Error']"}
COMMAND: POST /session/c8be2085c0e5dd8418678e9c76522247/element - {"using":"xpath","value":"//button[@data-kt=\"addNewRUOverflowToolbarButton\"]"}
RESULT: {"using":"xpath","value":"//button[@data-kt=\"addNewRUOverflowToolbarButton\"]"}
COMMAND: POST /session/c8be2085c0e5dd8418678e9c76522247/elements - {"using":"xpath","value":"//button[@data-kt=\"addNewRUOverflowToolbarButton\"]"}
RESULT: {"using":"xpath","value":"//button[@data-kt=\"addNewRUOverflowToolbarButton\"]"}
COMMAND: POST /session/c8be2085c0e5dd8418678e9c76522247/elements - {"using":"xpath","value":"//button[@data-kt=\"addNewRUOverflowToolbarButton\"]"}
RESULT: {"using":"xpath","value":"//button[@data-kt=\"addNewRUOverflowToolbarButton\"]"}
COMMAND: POST /session/c8be2085c0e5dd8418678e9c76522247/elements - {"using":"xpath","value":"//button[@data-kt=\"addNewRUOverflowToolbarButton\"]"}
RESULT: {"using":"xpath","value":"//button[@data-kt=\"addNewRUOverflowToolbarButton\"]"}
COMMAND: POST /session/c8be2085c0e5dd8418678e9c76522247/elements - {"using":"xpath","value":"//button[@data-kt=\"addNewRUOverflowToolbarButton\"]"}
RESULT: {"using":"xpath","value":"//button[@data-kt=\"addNewRUOverflowToolbarButton\"]"}
COMMAND: POST /session/c8be2085c0e5dd8418678e9c76522247/element - {"using":"xpath","value":"//button[@data-kt=\"addNewRUOverflowToolbarButton\"]"}
RESULT: {"using":"xpath","value":"//button[@data-kt=\"addNewRUOverflowToolbarButton\"]"}
COMMAND: POST /session/c8be2085c0e5dd8418678e9c76522247/execute/sync - {"script":"<script> [8489 bytes]","args":[{"element-6066-11e4-a52e-4f735466cecf":"f.59A644A74ED233CCADDF2157A5466830.d.3D171948E7B2D66B7FF1735F4BD22A31.e.13407","ELEMENT":"f.59A644A74ED233CCADDF2157A5466830.d.3D171948E7B2D66B7FF1735F4BD22A31.e.13407"}]}
RESULT: {"script":"<script> [8489 bytes]","args":[{"element-6066-11e4-a52e-4f735466cecf":"f.59A644A74ED233CCADDF2157A5466830.d.3D171948E7B2D66B7FF1735F4BD22A31.e.13407","ELEMENT":"f.59A644A74ED233CCADDF2157A5466830.d.3D171948E7B2D66B7FF1735F4BD22A31.e.13407"}]}
COMMAND: GET /session/c8be2085c0e5dd8418678e9c76522247/element/f.59A644A74ED233CCADDF2157A5466830.d.3D171948E7B2D66B7FF1735F4BD22A31.e.13407/enabled - {}
COMMAND: GET /session/c8be2085c0e5dd8418678e9c76522247/screenshot - {}
RESULT: {}
COMMAND: POST /session/c8be2085c0e5dd8418678e9c76522247/execute/sync - {"script":"<script> [8489 bytes]","args":[{"element-6066-11e4-a52e-4f735466cecf":"f.59A644A74ED233CCADDF2157A5466830.d.3D171948E7B2D66B7FF1735F4BD22A31.e.13407","ELEMENT":"f.59A644A74ED233CCADDF2157A5466830.d.3D171948E7B2D66B7FF1735F4BD22A31.e.13407"}]}
COMMAND: GET /session/c8be2085c0e5dd8418678e9c76522247/screenshot - {}
RESULT: {}
RESULT: {"script":"<script> [8489 bytes]","args":[{"element-6066-11e4-a52e-4f735466cecf":"f.59A644A74ED233CCADDF2157A5466830.d.3D171948E7B2D66B7FF1735F4BD22A31.e.13407","ELEMENT":"f.59A644A74ED233CCADDF2157A5466830.d.3D171948E7B2D66B7FF1735F4BD22A31.e.13407"}]}
COMMAND: POST /session/c8be2085c0e5dd8418678e9c76522247/execute/sync - {"script":"<script> [5351 bytes]","args":[{"element-6066-11e4-a52e-4f735466cecf":"f.59A644A74ED233CCADDF2157A5466830.d.3D171948E7B2D66B7FF1735F4BD22A31.e.13407","ELEMENT":"f.59A644A74ED233CCADDF2157A5466830.d.3D171948E7B2D66B7FF1735F4BD22A31.e.13407"}]}
COMMAND: GET /session/c8be2085c0e5dd8418678e9c76522247/screenshot - {}
RESULT: {}
RESULT: {"script":"<script> [5351 bytes]","args":[{"element-6066-11e4-a52e-4f735466cecf":"f.59A644A74ED233CCADDF2157A5466830.d.3D171948E7B2D66B7FF1735F4BD22A31.e.13407","ELEMENT":"f.59A644A74ED233CCADDF2157A5466830.d.3D171948E7B2D66B7FF1735F4BD22A31.e.13407"}]}
COMMAND: POST /session/c8be2085c0e5dd8418678e9c76522247/element/f.59A644A74ED233CCADDF2157A5466830.d.3D171948E7B2D66B7FF1735F4BD22A31.e.13407/click - {}
COMMAND: GET /session/c8be2085c0e5dd8418678e9c76522247/screenshot - {}
RESULT: {}
RESULT: {}
COMMAND: GET /session/c8be2085c0e5dd8418678e9c76522247/screenshot - {}
RESULT: {}
RESULT: {}
COMMAND: POST /session/c8be2085c0e5dd8418678e9c76522247/execute/async - {"script":"<script> [1562 bytes]","args":[{"selector":{"id":"application-manageresources-display-component---newResourceUnit--TYPE-arrow"},"wdio_ui5_key":"applicationmanageresources-display-component---newResourceUnit--TYPE-arrow"}]}
RESULT: {"script":"<script> [1562 bytes]","args":[{"selector":{"id":"application-manageresources-display-component---newResourceUnit--TYPE-arrow"},"wdio_ui5_key":"applicationmanageresources-display-component---newResourceUnit--TYPE-arrow"}]}
RESULT: undefined
COMMAND: POST /session/c8be2085c0e5dd8418678e9c76522247/element - {"using":"xpath","value":"//*[@id=\"application-manageresources-display-component---newResourceUnit--TYPE-arrow\"]"}
RESULT: {"using":"xpath","value":"//*[@id=\"application-manageresources-display-component---newResourceUnit--TYPE-arrow\"]"}
COMMAND: POST /session/c8be2085c0e5dd8418678e9c76522247/element/f.59A644A74ED233CCADDF2157A5466830.d.3D171948E7B2D66B7FF1735F4BD22A31.e.13777/click - {}
RESULT: {}
COMMAND: POST /session/c8be2085c0e5dd8418678e9c76522247/element - {"using":"xpath","value":"//input[@id=\"application-manageresources-display-component---newResourceUnit--TYPE-inner\"]"}
COMMAND: GET /session/c8be2085c0e5dd8418678e9c76522247/screenshot - {}
RESULT: {"using":"xpath","value":"//input[@id=\"application-manageresources-display-component---newResourceUnit--TYPE-inner\"]"}
COMMAND: POST /session/c8be2085c0e5dd8418678e9c76522247/element/f.59A644A74ED233CCADDF2157A5466830.d.3D171948E7B2D66B7FF1735F4BD22A31.e.13761/clear - {}
RESULT: {}
RESULT: {}
COMMAND: POST /session/c8be2085c0e5dd8418678e9c76522247/element/f.59A644A74ED233CCADDF2157A5466830.d.3D171948E7B2D66B7FF1735F4BD22A31.e.13761/value - {"text":"Equipment"}
COMMAND: GET /session/c8be2085c0e5dd8418678e9c76522247/screenshot - {}
RESULT: {"text":"Equipment"}
COMMAND: GET /session/c8be2085c0e5dd8418678e9c76522247/screenshot - {}
RESULT: {}
RESULT: {}
COMMAND: POST /session/c8be2085c0e5dd8418678e9c76522247/actions - {"actions":[{"id":"action56","type":"key","parameters":{},"actions":[{"type":"keyDown","value":"î€‡"},{"type":"pause","duration":10},{"type":"keyUp","value":"î€‡"}]}]}
RESULT: {"actions":[{"id":"action56","type":"key","parameters":{},"actions":[{"type":"keyDown","value":"î€‡"},{"type":"pause","duration":10},{"type":"keyUp","value":"î€‡"}]}]}
COMMAND: POST /session/c8be2085c0e5dd8418678e9c76522247/execute/async - {"script":"<script> [1562 bytes]","args":[{"selector":{"id":"application-manageresources-display-component---newResourceUnit--resourceId","interaction":{"idSuffix":"inner"}},"wdio_ui5_key":"applicationmanageresources-display-component---newResourceUnit--resourceId"}]}
COMMAND: GET /session/c8be2085c0e5dd8418678e9c76522247/screenshot - {}
RESULT: {"script":"<script> [1562 bytes]","args":[{"selector":{"id":"application-manageresources-display-component---newResourceUnit--resourceId","interaction":{"idSuffix":"inner"}},"wdio_ui5_key":"applicationmanageresources-display-component---newResourceUnit--resourceId"}]}
RESULT: undefined
COMMAND: POST /session/c8be2085c0e5dd8418678e9c76522247/execute/async - {"script":"<script> [776 bytes]","args":[{"enterText":"Vt2nTtKSi8","selector":{"id":"application-manageresources-display-component---newResourceUnit--resourceId","interaction":{"idSuffix":"inner"}},"clearTextFirst":true,"interactionType":"ENTER_TEXT"}]}
RESULT: {}
RESULT: {"script":"<script> [776 bytes]","args":[{"enterText":"Vt2nTtKSi8","selector":{"id":"application-manageresources-display-component---newResourceUnit--resourceId","interaction":{"idSuffix":"inner"}},"clearTextFirst":true,"interactionType":"ENTER_TEXT"}]}
COMMAND: POST /session/c8be2085c0e5dd8418678e9c76522247/execute/async - {"script":"<script> [1562 bytes]","args":[{"selector":{"id":"application-manageresources-display-component---newResourceUnit--SHORT_TEXT","interaction":{"idSuffix":"inner"}},"wdio_ui5_key":"applicationmanageresources-display-component---newResourceUnit--SHORT_TEXT"}]}
RESULT: {"script":"<script> [1562 bytes]","args":[{"selector":{"id":"application-manageresources-display-component---newResourceUnit--SHORT_TEXT","interaction":{"idSuffix":"inner"}},"wdio_ui5_key":"applicationmanageresources-display-component---newResourceUnit--SHORT_TEXT"}]}
RESULT: undefined
COMMAND: POST /session/c8be2085c0e5dd8418678e9c76522247/execute/async - {"script":"<script> [776 bytes]","args":[{"enterText":"Intercompany Equipment WDIO","selector":{"id":"application-manageresources-display-component---newResourceUnit--SHORT_TEXT","interaction":{"idSuffix":"inner"}},"clearTextFirst":true,"interactionType":"ENTER_TEXT"}]}
RESULT: {"script":"<script> [776 bytes]","args":[{"enterText":"Intercompany Equipment WDIO","selector":{"id":"application-manageresources-display-component---newResourceUnit--SHORT_TEXT","interaction":{"idSuffix":"inner"}},"clearTextFirst":true,"interactionType":"ENTER_TEXT"}]}
COMMAND: POST /session/c8be2085c0e5dd8418678e9c76522247/execute/async - {"script":"<script> [1562 bytes]","args":[{"selector":{"id":"application-manageresources-display-component---newResourceUnit--BASE_UNIT_OF_MEASURE","interaction":{"idSuffix":"inner"}},"wdio_ui5_key":"applicationmanageresources-display-component---newResourceUnit--BASE_UNIT_OF_MEASURE"}]}
RESULT: {"script":"<script> [1562 bytes]","args":[{"selector":{"id":"application-manageresources-display-component---newResourceUnit--BASE_UNIT_OF_MEASURE","interaction":{"idSuffix":"inner"}},"wdio_ui5_key":"applicationmanageresources-display-component---newResourceUnit--BASE_UNIT_OF_MEASURE"}]}
RESULT: undefined
COMMAND: POST /session/c8be2085c0e5dd8418678e9c76522247/execute/async - {"script":"<script> [776 bytes]","args":[{"enterText":"Piece","selector":{"id":"application-manageresources-display-component---newResourceUnit--BASE_UNIT_OF_MEASURE","interaction":{"idSuffix":"inner"}},"clearTextFirst":true,"interactionType":"ENTER_TEXT"}]}
RESULT: {"script":"<script> [776 bytes]","args":[{"enterText":"Piece","selector":{"id":"application-manageresources-display-component---newResourceUnit--BASE_UNIT_OF_MEASURE","interaction":{"idSuffix":"inner"}},"clearTextFirst":true,"interactionType":"ENTER_TEXT"}]}
COMMAND: POST /session/c8be2085c0e5dd8418678e9c76522247/execute/async - {"script":"<script> [1562 bytes]","args":[{"selector":{"id":"application-manageresources-display-component---newResourceUnit--WEIGHT_UNIT","interaction":{"idSuffix":"inner"}},"wdio_ui5_key":"applicationmanageresources-display-component---newResourceUnit--WEIGHT_UNIT"}]}
RESULT: {"script":"<script> [1562 bytes]","args":[{"selector":{"id":"application-manageresources-display-component---newResourceUnit--WEIGHT_UNIT","interaction":{"idSuffix":"inner"}},"wdio_ui5_key":"applicationmanageresources-display-component---newResourceUnit--WEIGHT_UNIT"}]}
RESULT: undefined
COMMAND: POST /session/c8be2085c0e5dd8418678e9c76522247/execute/async - {"script":"<script> [776 bytes]","args":[{"enterText":"Gram","selector":{"id":"application-manageresources-display-component---newResourceUnit--WEIGHT_UNIT","interaction":{"idSuffix":"inner"}},"clearTextFirst":true,"interactionType":"ENTER_TEXT"}]}
RESULT: {"script":"<script> [776 bytes]","args":[{"enterText":"Gram","selector":{"id":"application-manageresources-display-component---newResourceUnit--WEIGHT_UNIT","interaction":{"idSuffix":"inner"}},"clearTextFirst":true,"interactionType":"ENTER_TEXT"}]}
COMMAND: POST /session/c8be2085c0e5dd8418678e9c76522247/execute/async - {"script":"<script> [1562 bytes]","args":[{"selector":{"id":"application-manageresources-display-component---newResourceUnit--DIMENSION_UNIT","interaction":{"idSuffix":"inner"}},"wdio_ui5_key":"applicationmanageresources-display-component---newResourceUnit--DIMENSION_UNIT"}]}
RESULT: {"script":"<script> [1562 bytes]","args":[{"selector":{"id":"application-manageresources-display-component---newResourceUnit--DIMENSION_UNIT","interaction":{"idSuffix":"inner"}},"wdio_ui5_key":"applicationmanageresources-display-component---newResourceUnit--DIMENSION_UNIT"}]}
RESULT: undefined
COMMAND: POST /session/c8be2085c0e5dd8418678e9c76522247/execute/async - {"script":"<script> [776 bytes]","args":[{"enterText":"Meter","selector":{"id":"application-manageresources-display-component---newResourceUnit--DIMENSION_UNIT","interaction":{"idSuffix":"inner"}},"clearTextFirst":true,"interactionType":"ENTER_TEXT"}]}
RESULT: {"script":"<script> [776 bytes]","args":[{"enterText":"Meter","selector":{"id":"application-manageresources-display-component---newResourceUnit--DIMENSION_UNIT","interaction":{"idSuffix":"inner"}},"clearTextFirst":true,"interactionType":"ENTER_TEXT"}]}
COMMAND: POST /session/c8be2085c0e5dd8418678e9c76522247/execute/async - {"script":"<script> [1562 bytes]","args":[{"selector":{"id":"application-manageresources-display-component---newResourceUnit--newRRUPage-anchBar-application-manageresources-display-component---newResourceUnit--control-anchor","interaction":{"idSuffix":"BDI-content"}},"wdio_ui5_key":"applicationmanageresources-display-component---newResourceUnit--newRRUPage-anchBar-application-manageresources-display-component---newResourceUnit--control-anchor"}]}
RESULT: {"script":"<script> [1562 bytes]","args":[{"selector":{"id":"application-manageresources-display-component---newResourceUnit--newRRUPage-anchBar-application-manageresources-display-component---newResourceUnit--control-anchor","interaction":{"idSuffix":"BDI-content"}},"wdio_ui5_key":"applicationmanageresources-display-component---newResourceUnit--newRRUPage-anchBar-application-manageresources-display-component---newResourceUnit--control-anchor"}]}
RESULT: undefined
COMMAND: POST /session/c8be2085c0e5dd8418678e9c76522247/element - {"using":"xpath","value":"//*[@id=\"application-manageresources-display-component---newResourceUnit--newRRUPage-anchBar-application-manageresources-display-component---newResourceUnit--control-anchor\"]"}
RESULT: {"using":"xpath","value":"//*[@id=\"application-manageresources-display-component---newResourceUnit--newRRUPage-anchBar-application-manageresources-display-component---newResourceUnit--control-anchor\"]"}
COMMAND: POST /session/c8be2085c0e5dd8418678e9c76522247/element/f.59A644A74ED233CCADDF2157A5466830.d.3D171948E7B2D66B7FF1735F4BD22A31.e.13938/click - {}
RESULT: {}
COMMAND: POST /session/c8be2085c0e5dd8418678e9c76522247/execute/async - {"script":"<script> [1562 bytes]","args":[{"selector":{"id":"application-manageresources-display-component---newResourceUnit--PLANNING_GROUP","interaction":{"idSuffix":"inner"}},"wdio_ui5_key":"applicationmanageresources-display-component---newResourceUnit--PLANNING_GROUP"}]}
COMMAND: GET /session/c8be2085c0e5dd8418678e9c76522247/screenshot - {}
RESULT: {"script":"<script> [1562 bytes]","args":[{"selector":{"id":"application-manageresources-display-component---newResourceUnit--PLANNING_GROUP","interaction":{"idSuffix":"inner"}},"wdio_ui5_key":"applicationmanageresources-display-component---newResourceUnit--PLANNING_GROUP"}]}
RESULT: undefined
COMMAND: POST /session/c8be2085c0e5dd8418678e9c76522247/execute/async - {"script":"<script> [776 bytes]","args":[{"enterText":"Heavy Equi","selector":{"id":"application-manageresources-display-component---newResourceUnit--PLANNING_GROUP","interaction":{"idSuffix":"inner"}},"clearTextFirst":true,"interactionType":"ENTER_TEXT"}]}
RESULT: {}
RESULT: {"script":"<script> [776 bytes]","args":[{"enterText":"Heavy Equi","selector":{"id":"application-manageresources-display-component---newResourceUnit--PLANNING_GROUP","interaction":{"idSuffix":"inner"}},"clearTextFirst":true,"interactionType":"ENTER_TEXT"}]}
COMMAND: POST /session/c8be2085c0e5dd8418678e9c76522247/execute/async - {"script":"<script> [1562 bytes]","args":[{"selector":{"id":"application-manageresources-display-component---newResourceUnit--ITEM_TYPE-arrow"},"wdio_ui5_key":"applicationmanageresources-display-component---newResourceUnit--ITEM_TYPE-arrow"}]}
RESULT: {"script":"<script> [1562 bytes]","args":[{"selector":{"id":"application-manageresources-display-component---newResourceUnit--ITEM_TYPE-arrow"},"wdio_ui5_key":"applicationmanageresources-display-component---newResourceUnit--ITEM_TYPE-arrow"}]}
RESULT: undefined
COMMAND: POST /session/c8be2085c0e5dd8418678e9c76522247/element - {"using":"xpath","value":"//*[@id=\"application-manageresources-display-component---newResourceUnit--ITEM_TYPE-arrow\"]"}
RESULT: {"using":"xpath","value":"//*[@id=\"application-manageresources-display-component---newResourceUnit--ITEM_TYPE-arrow\"]"}
COMMAND: POST /session/c8be2085c0e5dd8418678e9c76522247/element/f.59A644A74ED233CCADDF2157A5466830.d.3D171948E7B2D66B7FF1735F4BD22A31.e.13945/click - {}
RESULT: {}
COMMAND: POST /session/c8be2085c0e5dd8418678e9c76522247/element - {"using":"xpath","value":"//ul[contains(@id,\"ITEM_TYPE-popup-list-listUl\")]//li[.//span[contains(text(),\"Resource Unit\")]]"}
COMMAND: GET /session/c8be2085c0e5dd8418678e9c76522247/screenshot - {}
RESULT: {"using":"xpath","value":"//ul[contains(@id,\"ITEM_TYPE-popup-list-listUl\")]//li[.//span[contains(text(),\"Resource Unit\")]]"}
COMMAND: POST /session/c8be2085c0e5dd8418678e9c76522247/element/f.59A644A74ED233CCADDF2157A5466830.d.3D171948E7B2D66B7FF1735F4BD22A31.e.13946/click - {}
RESULT: {}
RESULT: {}
COMMAND: GET /session/c8be2085c0e5dd8418678e9c76522247/screenshot - {}
RESULT: {}
COMMAND: POST /session/c8be2085c0e5dd8418678e9c76522247/element - {"using":"css selector","value":"#application-manageresources-display-component---newResourceUnit--btnAddTimeSegment"}
RESULT: {"using":"css selector","value":"#application-manageresources-display-component---newResourceUnit--btnAddTimeSegment"}
COMMAND: GET /session/c8be2085c0e5dd8418678e9c76522247/element/f.59A644A74ED233CCADDF2157A5466830.d.3D171948E7B2D66B7FF1735F4BD22A31.e.13953/rect - {}
RESULT: {}
COMMAND: GET /session/c8be2085c0e5dd8418678e9c76522247/window/rect - {}
RESULT: {}
COMMAND: POST /session/c8be2085c0e5dd8418678e9c76522247/execute/sync - {"script":"<script> [92 bytes]","args":[]}
RESULT: {"script":"<script> [92 bytes]","args":[]}
COMMAND: POST /session/c8be2085c0e5dd8418678e9c76522247/actions - {"actions":[{"id":"action57","type":"wheel","parameters":{},"actions":[{"type":"scroll","x":-1888,"y":-32,"deltaX":0,"deltaY":0,"duration":0,"origin":{"element-6066-11e4-a52e-4f735466cecf":"f.59A644A74ED233CCADDF2157A5466830.d.3D171948E7B2D66B7FF1735F4BD22A31.e.13953"}}]}]}
COMMAND: GET /session/c8be2085c0e5dd8418678e9c76522247/screenshot - {}
RESULT: {}
COMMAND: POST /session/c8be2085c0e5dd8418678e9c76522247/execute/sync - {"script":"<script> [79 bytes]","args":[{"element-6066-11e4-a52e-4f735466cecf":"f.59A644A74ED233CCADDF2157A5466830.d.3D171948E7B2D66B7FF1735F4BD22A31.e.13953","ELEMENT":"f.59A644A74ED233CCADDF2157A5466830.d.3D171948E7B2D66B7FF1735F4BD22A31.e.13953"},{"block":"start","inline":"nearest"}]}
RESULT: {"script":"<script> [79 bytes]","args":[{"element-6066-11e4-a52e-4f735466cecf":"f.59A644A74ED233CCADDF2157A5466830.d.3D171948E7B2D66B7FF1735F4BD22A31.e.13953","ELEMENT":"f.59A644A74ED233CCADDF2157A5466830.d.3D171948E7B2D66B7FF1735F4BD22A31.e.13953"},{"block":"start","inline":"nearest"}]}
COMMAND: POST /session/c8be2085c0e5dd8418678e9c76522247/execute/async - {"script":"<script> [1562 bytes]","args":[{"selector":{"id":"application-manageresources-display-component---newResourceUnit--btnAddTimeSegment","interaction":{"idSuffix":"inner"}},"wdio_ui5_key":"applicationmanageresources-display-component---newResourceUnit--btnAddTimeSegment"}]}
COMMAND: GET /session/c8be2085c0e5dd8418678e9c76522247/screenshot - {}
RESULT: {"script":"<script> [1562 bytes]","args":[{"selector":{"id":"application-manageresources-display-component---newResourceUnit--btnAddTimeSegment","interaction":{"idSuffix":"inner"}},"wdio_ui5_key":"applicationmanageresources-display-component---newResourceUnit--btnAddTimeSegment"}]}
RESULT: undefined
COMMAND: POST /session/c8be2085c0e5dd8418678e9c76522247/element - {"using":"xpath","value":"//*[@id=\"application-manageresources-display-component---newResourceUnit--btnAddTimeSegment\"]"}
RESULT: {}
RESULT: {"using":"xpath","value":"//*[@id=\"application-manageresources-display-component---newResourceUnit--btnAddTimeSegment\"]"}
COMMAND: POST /session/c8be2085c0e5dd8418678e9c76522247/element/f.59A644A74ED233CCADDF2157A5466830.d.3D171948E7B2D66B7FF1735F4BD22A31.e.13953/click - {}
RESULT: {}
COMMAND: GET /session/c8be2085c0e5dd8418678e9c76522247/screenshot - {}
RESULT: {}
COMMAND: POST /session/c8be2085c0e5dd8418678e9c76522247/element - {"using":"xpath","value":"//input[@id=\"application-manageresources-display-component---newResourceUnit--idRuTSAdmin-application-manageresources-display-component---newResourceUnit--RUTimeSegment-0-inner\"]"}
RESULT: {"using":"xpath","value":"//input[@id=\"application-manageresources-display-component---newResourceUnit--idRuTSAdmin-application-manageresources-display-component---newResourceUnit--RUTimeSegment-0-inner\"]"}
COMMAND: POST /session/c8be2085c0e5dd8418678e9c76522247/element/f.59A644A74ED233CCADDF2157A5466830.d.3D171948E7B2D66B7FF1735F4BD22A31.e.13959/clear - {}
RESULT: {}
COMMAND: POST /session/c8be2085c0e5dd8418678e9c76522247/element/f.59A644A74ED233CCADDF2157A5466830.d.3D171948E7B2D66B7FF1735F4BD22A31.e.13959/value - {"text":"597"}
COMMAND: GET /session/c8be2085c0e5dd8418678e9c76522247/screenshot - {}
RESULT: {"text":"597"}
COMMAND: GET /session/c8be2085c0e5dd8418678e9c76522247/screenshot - {}
RESULT: {}
RESULT: {}
COMMAND: POST /session/c8be2085c0e5dd8418678e9c76522247/element - {"using":"xpath","value":"//li[.//span[text()='597']]"}
RESULT: {"using":"xpath","value":"//li[.//span[text()='597']]"}
COMMAND: POST /session/c8be2085c0e5dd8418678e9c76522247/element/f.59A644A74ED233CCADDF2157A5466830.d.3D171948E7B2D66B7FF1735F4BD22A31.e.13973/click - {}
RESULT: {}
COMMAND: GET /session/c8be2085c0e5dd8418678e9c76522247/screenshot - {}
RESULT: {}
COMMAND: POST /session/c8be2085c0e5dd8418678e9c76522247/element - {"using":"xpath","value":"(//span[contains(@id, \"-application-manageresources-display-component---newResourceUnit--RUTimeSegment-0-arrow\")])[6]"}
RESULT: {"using":"xpath","value":"(//span[contains(@id, \"-application-manageresources-display-component---newResourceUnit--RUTimeSegment-0-arrow\")])[6]"}
COMMAND: POST /session/c8be2085c0e5dd8418678e9c76522247/element/f.59A644A74ED233CCADDF2157A5466830.d.3D171948E7B2D66B7FF1735F4BD22A31.e.13974/click - {}
RESULT: {}
COMMAND: GET /session/c8be2085c0e5dd8418678e9c76522247/screenshot - {}
RESULT: {}
COMMAND: POST /session/c8be2085c0e5dd8418678e9c76522247/element - {"using":"xpath","value":"//span[contains(text(), \"PM Order\")]"}
RESULT: {"using":"xpath","value":"//span[contains(text(), \"PM Order\")]"}
COMMAND: POST /session/c8be2085c0e5dd8418678e9c76522247/element/f.59A644A74ED233CCADDF2157A5466830.d.3D171948E7B2D66B7FF1735F4BD22A31.e.13977/click - {}
RESULT: {}
COMMAND: GET /session/c8be2085c0e5dd8418678e9c76522247/screenshot - {}
RESULT: {}
COMMAND: POST /session/c8be2085c0e5dd8418678e9c76522247/element - {"using":"xpath","value":"(//span[contains(@id ,\"manageresources-display-component---newResourceUnit--RUTimeSegment-0-vhi\")])[1]"}
RESULT: {"using":"xpath","value":"(//span[contains(@id ,\"manageresources-display-component---newResourceUnit--RUTimeSegment-0-vhi\")])[1]"}
COMMAND: GET /session/c8be2085c0e5dd8418678e9c76522247/element/f.59A644A74ED233CCADDF2157A5466830.d.3D171948E7B2D66B7FF1735F4BD22A31.e.13981/rect - {}
RESULT: {}
COMMAND: GET /session/c8be2085c0e5dd8418678e9c76522247/window/rect - {}
RESULT: {}
COMMAND: POST /session/c8be2085c0e5dd8418678e9c76522247/execute/sync - {"script":"<script> [92 bytes]","args":[]}
RESULT: {"script":"<script> [92 bytes]","args":[]}
COMMAND: POST /session/c8be2085c0e5dd8418678e9c76522247/actions - {"actions":[{"id":"action58","type":"wheel","parameters":{},"actions":[{"type":"scroll","x":-869,"y":-24,"deltaX":0,"deltaY":0,"duration":0,"origin":{"element-6066-11e4-a52e-4f735466cecf":"f.59A644A74ED233CCADDF2157A5466830.d.3D171948E7B2D66B7FF1735F4BD22A31.e.13981"}}]}]}
COMMAND: GET /session/c8be2085c0e5dd8418678e9c76522247/screenshot - {}
RESULT: {"actions":[{"id":"action58","type":"wheel","parameters":{},"actions":[{"type":"scroll","x":-869,"y":-24,"deltaX":0,"deltaY":0,"duration":0,"origin":{"element-6066-11e4-a52e-4f735466cecf":"f.59A644A74ED233CCADDF2157A5466830.d.3D171948E7B2D66B7FF1735F4BD22A31.e.13981"}}]}]}
COMMAND: DELETE /session/c8be2085c0e5dd8418678e9c76522247/actions - {}
COMMAND: GET /session/c8be2085c0e5dd8418678e9c76522247/screenshot - {}
RESULT: {}
RESULT: {}
COMMAND: GET /session/c8be2085c0e5dd8418678e9c76522247/screenshot - {}
RESULT: {}
RESULT: {}
COMMAND: POST /session/c8be2085c0e5dd8418678e9c76522247/element/f.59A644A74ED233CCADDF2157A5466830.d.3D171948E7B2D66B7FF1735F4BD22A31.e.13981/click - {}
RESULT: {}
COMMAND: GET /session/c8be2085c0e5dd8418678e9c76522247/screenshot - {}
RESULT: {}
COMMAND: POST /session/c8be2085c0e5dd8418678e9c76522247/execute/async - {"script":"<script> [1562 bytes]","args":[{"selector":{"controlType":"sap.m.SearchField","properties":{"placeholder":"Search"},"searchOpenDialogs":true,"interaction":{"idSuffix":"I"}},"wdio_ui5_key":"sapm.SearchField{\"placeholder\":\"Search\"}"}]}
RESULT: {"script":"<script> [1562 bytes]","args":[{"selector":{"controlType":"sap.m.SearchField","properties":{"placeholder":"Search"},"searchOpenDialogs":true,"interaction":{"idSuffix":"I"}},"wdio_ui5_key":"sapm.SearchField{\"placeholder\":\"Search\"}"}]}
RESULT: undefined
COMMAND: POST /session/c8be2085c0e5dd8418678e9c76522247/execute/async - {"script":"<script> [776 bytes]","args":[{"enterText":"4000360","selector":{"controlType":"sap.m.SearchField","properties":{"placeholder":"Search"},"searchOpenDialogs":true,"interaction":{"idSuffix":"I"}},"clearTextFirst":true,"interactionType":"ENTER_TEXT"}]}
RESULT: {"script":"<script> [776 bytes]","args":[{"enterText":"4000360","selector":{"controlType":"sap.m.SearchField","properties":{"placeholder":"Search"},"searchOpenDialogs":true,"interaction":{"idSuffix":"I"}},"clearTextFirst":true,"interactionType":"ENTER_TEXT"}]}
COMMAND: POST /session/c8be2085c0e5dd8418678e9c76522247/actions - {"actions":[{"id":"action59","type":"key","parameters":{},"actions":[{"type":"keyDown","value":"î€‡"},{"type":"pause","duration":10},{"type":"keyUp","value":"î€‡"}]}]}
RESULT: {"actions":[{"id":"action59","type":"key","parameters":{},"actions":[{"type":"keyDown","value":"î€‡"},{"type":"pause","duration":10},{"type":"keyUp","value":"î€‡"}]}]}
COMMAND: GET /session/c8be2085c0e5dd8418678e9c76522247/screenshot - {}
RESULT: {}
COMMAND: POST /session/c8be2085c0e5dd8418678e9c76522247/element - {"using":"xpath","value":"//td/div/span[contains(text(), \"BGL Vehicles\")]"}
RESULT: {"using":"xpath","value":"//td/div/span[contains(text(), \"BGL Vehicles\")]"}
COMMAND: POST /session/c8be2085c0e5dd8418678e9c76522247/element/f.59A644A74ED233CCADDF2157A5466830.d.3D171948E7B2D66B7FF1735F4BD22A31.e.14002/click - {}
RESULT: {}
COMMAND: GET /session/c8be2085c0e5dd8418678e9c76522247/screenshot - {}
RESULT: {}
COMMAND: POST /session/c8be2085c0e5dd8418678e9c76522247/element - {"using":"xpath","value":"//bdi[contains(text(), \"OK\")]"}
RESULT: {"using":"xpath","value":"//bdi[contains(text(), \"OK\")]"}
COMMAND: POST /session/c8be2085c0e5dd8418678e9c76522247/element/f.59A644A74ED233CCADDF2157A5466830.d.3D171948E7B2D66B7FF1735F4BD22A31.e.14003/click - {}
RESULT: {}
COMMAND: GET /session/c8be2085c0e5dd8418678e9c76522247/screenshot - {}
RESULT: {}
COMMAND: POST /session/c8be2085c0e5dd8418678e9c76522247/execute/async - {"script":"<script> [1562 bytes]","args":[{"selector":{"id":"application-manageresources-display-component---newResourceUnit--newRRUPage-anchBar-application-manageresources-display-component---newResourceUnit--resource-anchor","interaction":{"idSuffix":"BDI-content"}},"wdio_ui5_key":"applicationmanageresources-display-component---newResourceUnit--newRRUPage-anchBar-application-manageresources-display-component---newResourceUnit--resource-anchor"}]}
RESULT: {"script":"<script> [1562 bytes]","args":[{"selector":{"id":"application-manageresources-display-component---newResourceUnit--newRRUPage-anchBar-application-manageresources-display-component---newResourceUnit--resource-anchor","interaction":{"idSuffix":"BDI-content"}},"wdio_ui5_key":"applicationmanageresources-display-component---newResourceUnit--newRRUPage-anchBar-application-manageresources-display-component---newResourceUnit--resource-anchor"}]}
RESULT: undefined
COMMAND: POST /session/c8be2085c0e5dd8418678e9c76522247/element - {"using":"xpath","value":"//*[@id=\"application-manageresources-display-component---newResourceUnit--newRRUPage-anchBar-application-manageresources-display-component---newResourceUnit--resource-anchor\"]"}
RESULT: {"using":"xpath","value":"//*[@id=\"application-manageresources-display-component---newResourceUnit--newRRUPage-anchBar-application-manageresources-display-component---newResourceUnit--resource-anchor\"]"}
COMMAND: POST /session/c8be2085c0e5dd8418678e9c76522247/element/f.59A644A74ED233CCADDF2157A5466830.d.3D171948E7B2D66B7FF1735F4BD22A31.e.14007/click - {}
RESULT: {}
COMMAND: POST /session/c8be2085c0e5dd8418678e9c76522247/execute/async - {"script":"<script> [1562 bytes]","args":[{"selector":{"id":"application-manageresources-display-component---newResourceUnit--PLANNED_DELIVERY_DATE","interaction":{"idSuffix":"inner"}},"wdio_ui5_key":"applicationmanageresources-display-component---newResourceUnit--PLANNED_DELIVERY_DATE"}]}
COMMAND: GET /session/c8be2085c0e5dd8418678e9c76522247/screenshot - {}
RESULT: {"script":"<script> [1562 bytes]","args":[{"selector":{"id":"application-manageresources-display-component---newResourceUnit--PLANNED_DELIVERY_DATE","interaction":{"idSuffix":"inner"}},"wdio_ui5_key":"applicationmanageresources-display-component---newResourceUnit--PLANNED_DELIVERY_DATE"}]}
RESULT: undefined
COMMAND: POST /session/c8be2085c0e5dd8418678e9c76522247/execute/async - {"script":"<script> [6424 bytes]","args":[{"element-6066-11e4-a52e-4f735466cecf":"f.59A644A74ED233CCADDF2157A5466830.d.3D171948E7B2D66B7FF1735F4BD22A31.e.13836"},"setValue",["6/2/25"]]}
RESULT: {}
RESULT: {"script":"<script> [6424 bytes]","args":[{"element-6066-11e4-a52e-4f735466cecf":"f.59A644A74ED233CCADDF2157A5466830.d.3D171948E7B2D66B7FF1735F4BD22A31.e.13836"},"setValue",["6/2/25"]]}
COMMAND: POST /session/c8be2085c0e5dd8418678e9c76522247/element - {"using":"xpath","value":"//label[contains(@class, 'sapMLabelRequired') and .//bdi[contains(text(), 'Planned Retirement')]]"}
RESULT: {"using":"xpath","value":"//label[contains(@class, 'sapMLabelRequired') and .//bdi[contains(text(), 'Planned Retirement')]]"}
COMMAND: POST /session/c8be2085c0e5dd8418678e9c76522247/elements - {"using":"xpath","value":"//label[contains(@class, 'sapMLabelRequired') and .//bdi[contains(text(), 'Planned Retirement')]]"}
RESULT: {"using":"xpath","value":"//label[contains(@class, 'sapMLabelRequired') and .//bdi[contains(text(), 'Planned Retirement')]]"}
COMMAND: POST /session/c8be2085c0e5dd8418678e9c76522247/element - {"using":"xpath","value":"//button[@data-kt=\"resourceUnitSaveButton\"]"}
RESULT: {"using":"xpath","value":"//button[@data-kt=\"resourceUnitSaveButton\"]"}
COMMAND: POST /session/c8be2085c0e5dd8418678e9c76522247/element/f.59A644A74ED233CCADDF2157A5466830.d.3D171948E7B2D66B7FF1735F4BD22A31.e.13795/click - {}
RESULT: {}
COMMAND: GET /session/c8be2085c0e5dd8418678e9c76522247/screenshot - {}
RESULT: {}
COMMAND: POST /session/c8be2085c0e5dd8418678e9c76522247/element - {"using":"xpath","value":"//bdi[contains(text(), \"Close\")]"}
RESULT: {"using":"xpath","value":"//bdi[contains(text(), \"Close\")]"}
COMMAND: POST /session/c8be2085c0e5dd8418678e9c76522247/element/f.59A644A74ED233CCADDF2157A5466830.d.3D171948E7B2D66B7FF1735F4BD22A31.e.14015/click - {}
RESULT: {}
COMMAND: GET /session/c8be2085c0e5dd8418678e9c76522247/screenshot - {}
RESULT: {}
COMMAND: POST /session/c8be2085c0e5dd8418678e9c76522247/element - {"using":"xpath","value":"(//button[contains(@id ,\"actionsToolbar-overflowButton\")])[1]"}
RESULT: {"using":"xpath","value":"(//button[contains(@id ,\"actionsToolbar-overflowButton\")])[1]"}
COMMAND: POST /session/c8be2085c0e5dd8418678e9c76522247/element/f.59A644A74ED233CCADDF2157A5466830.d.3D171948E7B2D66B7FF1735F4BD22A31.e.14072/click - {}
RESULT: {}
COMMAND: GET /session/c8be2085c0e5dd8418678e9c76522247/screenshot - {}
RESULT: {}
COMMAND: POST /session/c8be2085c0e5dd8418678e9c76522247/element - {"using":"xpath","value":"//button[@data-kt=\"priceInfoButton\"]"}
RESULT: {"using":"xpath","value":"//button[@data-kt=\"priceInfoButton\"]"}
COMMAND: POST /session/c8be2085c0e5dd8418678e9c76522247/element/f.59A644A74ED233CCADDF2157A5466830.d.3D171948E7B2D66B7FF1735F4BD22A31.e.14074/click - {}
RESULT: {}
COMMAND: GET /session/c8be2085c0e5dd8418678e9c76522247/screenshot - {}
RESULT: {}
]]></system-out>
    </testcase>
    <testcase classname="chrome.136_0_7103_93.windows.Billing_Calculation_-_Time_based_(considering_transport_times)_US139738" name="Should create new pricing rule for the equipment" time="53.481">
      <system-out><![CDATA[
COMMAND: POST /session/c8be2085c0e5dd8418678e9c76522247/element - {"using":"xpath","value":"//button[@data-kt=\"addButton\"]"}
RESULT: {"using":"xpath","value":"//button[@data-kt=\"addButton\"]"}
COMMAND: POST /session/c8be2085c0e5dd8418678e9c76522247/elements - {"using":"xpath","value":"//button[@data-kt=\"addButton\"]"}
RESULT: {"using":"xpath","value":"//button[@data-kt=\"addButton\"]"}
COMMAND: POST /session/c8be2085c0e5dd8418678e9c76522247/elements - {"using":"xpath","value":"//button[@data-kt=\"addButton\"]"}
RESULT: {"using":"xpath","value":"//button[@data-kt=\"addButton\"]"}
COMMAND: POST /session/c8be2085c0e5dd8418678e9c76522247/element - {"using":"xpath","value":"//button[@data-kt=\"addButton\"]"}
RESULT: {"using":"xpath","value":"//button[@data-kt=\"addButton\"]"}
COMMAND: POST /session/c8be2085c0e5dd8418678e9c76522247/execute/sync - {"script":"<script> [8489 bytes]","args":[{"element-6066-11e4-a52e-4f735466cecf":"f.59A644A74ED233CCADDF2157A5466830.d.3D171948E7B2D66B7FF1735F4BD22A31.e.14111","ELEMENT":"f.59A644A74ED233CCADDF2157A5466830.d.3D171948E7B2D66B7FF1735F4BD22A31.e.14111"}]}
RESULT: {"script":"<script> [8489 bytes]","args":[{"element-6066-11e4-a52e-4f735466cecf":"f.59A644A74ED233CCADDF2157A5466830.d.3D171948E7B2D66B7FF1735F4BD22A31.e.14111","ELEMENT":"f.59A644A74ED233CCADDF2157A5466830.d.3D171948E7B2D66B7FF1735F4BD22A31.e.14111"}]}
COMMAND: GET /session/c8be2085c0e5dd8418678e9c76522247/element/f.59A644A74ED233CCADDF2157A5466830.d.3D171948E7B2D66B7FF1735F4BD22A31.e.14111/enabled - {}
COMMAND: GET /session/c8be2085c0e5dd8418678e9c76522247/screenshot - {}
RESULT: {}
COMMAND: POST /session/c8be2085c0e5dd8418678e9c76522247/execute/sync - {"script":"<script> [8489 bytes]","args":[{"element-6066-11e4-a52e-4f735466cecf":"f.59A644A74ED233CCADDF2157A5466830.d.3D171948E7B2D66B7FF1735F4BD22A31.e.14111","ELEMENT":"f.59A644A74ED233CCADDF2157A5466830.d.3D171948E7B2D66B7FF1735F4BD22A31.e.14111"}]}
COMMAND: GET /session/c8be2085c0e5dd8418678e9c76522247/screenshot - {}
RESULT: {}
RESULT: {"script":"<script> [8489 bytes]","args":[{"element-6066-11e4-a52e-4f735466cecf":"f.59A644A74ED233CCADDF2157A5466830.d.3D171948E7B2D66B7FF1735F4BD22A31.e.14111","ELEMENT":"f.59A644A74ED233CCADDF2157A5466830.d.3D171948E7B2D66B7FF1735F4BD22A31.e.14111"}]}
COMMAND: POST /session/c8be2085c0e5dd8418678e9c76522247/execute/sync - {"script":"<script> [5351 bytes]","args":[{"element-6066-11e4-a52e-4f735466cecf":"f.59A644A74ED233CCADDF2157A5466830.d.3D171948E7B2D66B7FF1735F4BD22A31.e.14111","ELEMENT":"f.59A644A74ED233CCADDF2157A5466830.d.3D171948E7B2D66B7FF1735F4BD22A31.e.14111"}]}
COMMAND: GET /session/c8be2085c0e5dd8418678e9c76522247/screenshot - {}
RESULT: {}
RESULT: {"script":"<script> [5351 bytes]","args":[{"element-6066-11e4-a52e-4f735466cecf":"f.59A644A74ED233CCADDF2157A5466830.d.3D171948E7B2D66B7FF1735F4BD22A31.e.14111","ELEMENT":"f.59A644A74ED233CCADDF2157A5466830.d.3D171948E7B2D66B7FF1735F4BD22A31.e.14111"}]}
COMMAND: POST /session/c8be2085c0e5dd8418678e9c76522247/element/f.59A644A74ED233CCADDF2157A5466830.d.3D171948E7B2D66B7FF1735F4BD22A31.e.14111/click - {}
COMMAND: GET /session/c8be2085c0e5dd8418678e9c76522247/screenshot - {}
RESULT: {}
RESULT: {}
COMMAND: GET /session/c8be2085c0e5dd8418678e9c76522247/screenshot - {}
RESULT: {}
RESULT: {}
COMMAND: POST /session/c8be2085c0e5dd8418678e9c76522247/execute/async - {"script":"<script> [1562 bytes]","args":[{"selector":{"controlType":"sap.m.Title","viewName":"etm.portal.ui.managepricingrules.view.NewItem","viewId":"application-managepricingrules-display-component---newInfoPriceItem","properties":{"text":"New Pricing Rules - Item Level"}},"wdio_ui5_key":"etmportal.ui.managepricingrules.view.NewItemsap.m.Title{\"text\":\"New Pricing Rules - Item Level\"}"}]}
RESULT: {"script":"<script> [1562 bytes]","args":[{"selector":{"controlType":"sap.m.Title","viewName":"etm.portal.ui.managepricingrules.view.NewItem","viewId":"application-managepricingrules-display-component---newInfoPriceItem","properties":{"text":"New Pricing Rules - Item Level"}},"wdio_ui5_key":"etmportal.ui.managepricingrules.view.NewItemsap.m.Title{\"text\":\"New Pricing Rules - Item Level\"}"}]}
RESULT: undefined
COMMAND: POST /session/c8be2085c0e5dd8418678e9c76522247/execute/async - {"script":"<script> [6424 bytes]","args":[{"element-6066-11e4-a52e-4f735466cecf":"f.59A644A74ED233CCADDF2157A5466830.d.3D171948E7B2D66B7FF1735F4BD22A31.e.14282"},"getText",[]]}
RESULT: {"script":"<script> [6424 bytes]","args":[{"element-6066-11e4-a52e-4f735466cecf":"f.59A644A74ED233CCADDF2157A5466830.d.3D171948E7B2D66B7FF1735F4BD22A31.e.14282"},"getText",[]]}
COMMAND: POST /session/c8be2085c0e5dd8418678e9c76522247/execute/async - {"script":"<script> [1562 bytes]","args":[{"selector":{"id":"application-managepricingrules-display-component---newInfoPriceItem--condValidTo","interaction":{"idSuffix":"inner"}},"wdio_ui5_key":"applicationmanagepricingrules-display-component---newInfoPriceItem--condValidTo"}]}
RESULT: {"script":"<script> [1562 bytes]","args":[{"selector":{"id":"application-managepricingrules-display-component---newInfoPriceItem--condValidTo","interaction":{"idSuffix":"inner"}},"wdio_ui5_key":"applicationmanagepricingrules-display-component---newInfoPriceItem--condValidTo"}]}
RESULT: undefined
COMMAND: POST /session/c8be2085c0e5dd8418678e9c76522247/execute/async - {"script":"<script> [776 bytes]","args":[{"enterText":"2/2/26","selector":{"id":"application-managepricingrules-display-component---newInfoPriceItem--condValidTo","interaction":{"idSuffix":"inner"}},"clearTextFirst":true,"interactionType":"ENTER_TEXT"}]}
RESULT: {"script":"<script> [776 bytes]","args":[{"enterText":"2/2/26","selector":{"id":"application-managepricingrules-display-component---newInfoPriceItem--condValidTo","interaction":{"idSuffix":"inner"}},"clearTextFirst":true,"interactionType":"ENTER_TEXT"}]}
COMMAND: POST /session/c8be2085c0e5dd8418678e9c76522247/execute/async - {"script":"<script> [1562 bytes]","args":[{"selector":{"id":"application-managepricingrules-display-component---newInfoPriceItem--billType-arrow"},"wdio_ui5_key":"applicationmanagepricingrules-display-component---newInfoPriceItem--billType-arrow"}]}
RESULT: {"script":"<script> [1562 bytes]","args":[{"selector":{"id":"application-managepricingrules-display-component---newInfoPriceItem--billType-arrow"},"wdio_ui5_key":"applicationmanagepricingrules-display-component---newInfoPriceItem--billType-arrow"}]}
RESULT: undefined
COMMAND: POST /session/c8be2085c0e5dd8418678e9c76522247/element - {"using":"xpath","value":"//*[@id=\"application-managepricingrules-display-component---newInfoPriceItem--billType-arrow\"]"}
RESULT: {"using":"xpath","value":"//*[@id=\"application-managepricingrules-display-component---newInfoPriceItem--billType-arrow\"]"}
COMMAND: POST /session/c8be2085c0e5dd8418678e9c76522247/element/f.59A644A74ED233CCADDF2157A5466830.d.3D171948E7B2D66B7FF1735F4BD22A31.e.14242/click - {}
RESULT: {}
COMMAND: POST /session/c8be2085c0e5dd8418678e9c76522247/element - {"using":"xpath","value":"//span[contains(text(), \"TB - Time based\")]"}
COMMAND: GET /session/c8be2085c0e5dd8418678e9c76522247/screenshot - {}
RESULT: {"using":"xpath","value":"//span[contains(text(), \"TB - Time based\")]"}
COMMAND: POST /session/c8be2085c0e5dd8418678e9c76522247/element/f.59A644A74ED233CCADDF2157A5466830.d.3D171948E7B2D66B7FF1735F4BD22A31.e.14284/click - {}
RESULT: {}
RESULT: {}
COMMAND: POST /session/c8be2085c0e5dd8418678e9c76522247/execute/async - {"script":"<script> [1562 bytes]","args":[{"selector":{"id":"application-managepricingrules-display-component---newInfoPriceItem--priceProc-arrow"},"wdio_ui5_key":"applicationmanagepricingrules-display-component---newInfoPriceItem--priceProc-arrow"}]}
COMMAND: GET /session/c8be2085c0e5dd8418678e9c76522247/screenshot - {}
RESULT: {"script":"<script> [1562 bytes]","args":[{"selector":{"id":"application-managepricingrules-display-component---newInfoPriceItem--priceProc-arrow"},"wdio_ui5_key":"applicationmanagepricingrules-display-component---newInfoPriceItem--priceProc-arrow"}]}
RESULT: undefined
COMMAND: POST /session/c8be2085c0e5dd8418678e9c76522247/element - {"using":"xpath","value":"//*[@id=\"application-managepricingrules-display-component---newInfoPriceItem--priceProc-arrow\"]"}
RESULT: {}
RESULT: {"using":"xpath","value":"//*[@id=\"application-managepricingrules-display-component---newInfoPriceItem--priceProc-arrow\"]"}
COMMAND: POST /session/c8be2085c0e5dd8418678e9c76522247/element/f.59A644A74ED233CCADDF2157A5466830.d.3D171948E7B2D66B7FF1735F4BD22A31.e.14249/click - {}
RESULT: {}
COMMAND: POST /session/c8be2085c0e5dd8418678e9c76522247/element - {"using":"xpath","value":"//span[contains(text(), \"TBS - Time based standard\")]"}
COMMAND: GET /session/c8be2085c0e5dd8418678e9c76522247/screenshot - {}
RESULT: {"using":"xpath","value":"//span[contains(text(), \"TBS - Time based standard\")]"}
COMMAND: POST /session/c8be2085c0e5dd8418678e9c76522247/element/f.59A644A74ED233CCADDF2157A5466830.d.3D171948E7B2D66B7FF1735F4BD22A31.e.14285/click - {}
RESULT: {}
RESULT: {}
COMMAND: POST /session/c8be2085c0e5dd8418678e9c76522247/execute/async - {"script":"<script> [1562 bytes]","args":[{"selector":{"id":"application-managepricingrules-display-component---newInfoPriceItem--calcBase-arrow"},"wdio_ui5_key":"applicationmanagepricingrules-display-component---newInfoPriceItem--calcBase-arrow"}]}
COMMAND: GET /session/c8be2085c0e5dd8418678e9c76522247/screenshot - {}
RESULT: {"script":"<script> [1562 bytes]","args":[{"selector":{"id":"application-managepricingrules-display-component---newInfoPriceItem--calcBase-arrow"},"wdio_ui5_key":"applicationmanagepricingrules-display-component---newInfoPriceItem--calcBase-arrow"}]}
RESULT: undefined
COMMAND: POST /session/c8be2085c0e5dd8418678e9c76522247/element - {"using":"xpath","value":"//*[@id=\"application-managepricingrules-display-component---newInfoPriceItem--calcBase-arrow\"]"}
RESULT: {}
RESULT: {"using":"xpath","value":"//*[@id=\"application-managepricingrules-display-component---newInfoPriceItem--calcBase-arrow\"]"}
COMMAND: POST /session/c8be2085c0e5dd8418678e9c76522247/element/f.59A644A74ED233CCADDF2157A5466830.d.3D171948E7B2D66B7FF1735F4BD22A31.e.14256/click - {}
RESULT: {}
COMMAND: GET /session/c8be2085c0e5dd8418678e9c76522247/screenshot - {}
RESULT: {}
COMMAND: POST /session/c8be2085c0e5dd8418678e9c76522247/element - {"using":"xpath","value":"//span[contains(text(), \"0006 - TB(calendar days)\")]"}
RESULT: {"using":"xpath","value":"//span[contains(text(), \"0006 - TB(calendar days)\")]"}
COMMAND: POST /session/c8be2085c0e5dd8418678e9c76522247/element/f.59A644A74ED233CCADDF2157A5466830.d.3D171948E7B2D66B7FF1735F4BD22A31.e.14286/click - {}
RESULT: {}
COMMAND: GET /session/c8be2085c0e5dd8418678e9c76522247/screenshot - {}
RESULT: {}
COMMAND: POST /session/c8be2085c0e5dd8418678e9c76522247/execute/async - {"script":"<script> [1562 bytes]","args":[{"selector":{"id":"application-managepricingrules-display-component---newInfoPriceItem--daysMonth","interaction":{"idSuffix":"inner"}},"wdio_ui5_key":"applicationmanagepricingrules-display-component---newInfoPriceItem--daysMonth"}]}
RESULT: {"script":"<script> [1562 bytes]","args":[{"selector":{"id":"application-managepricingrules-display-component---newInfoPriceItem--daysMonth","interaction":{"idSuffix":"inner"}},"wdio_ui5_key":"applicationmanagepricingrules-display-component---newInfoPriceItem--daysMonth"}]}
RESULT: undefined
COMMAND: POST /session/c8be2085c0e5dd8418678e9c76522247/execute/async - {"script":"<script> [776 bytes]","args":[{"enterText":"30","selector":{"id":"application-managepricingrules-display-component---newInfoPriceItem--daysMonth","interaction":{"idSuffix":"inner"}},"clearTextFirst":true,"interactionType":"ENTER_TEXT"}]}
RESULT: {"script":"<script> [776 bytes]","args":[{"enterText":"30","selector":{"id":"application-managepricingrules-display-component---newInfoPriceItem--daysMonth","interaction":{"idSuffix":"inner"}},"clearTextFirst":true,"interactionType":"ENTER_TEXT"}]}
COMMAND: POST /session/c8be2085c0e5dd8418678e9c76522247/element - {"using":"xpath","value":"//button[@data-kt=\"saveNewRuleButton\"]"}
RESULT: {"using":"xpath","value":"//button[@data-kt=\"saveNewRuleButton\"]"}
COMMAND: POST /session/c8be2085c0e5dd8418678e9c76522247/element/f.59A644A74ED233CCADDF2157A5466830.d.3D171948E7B2D66B7FF1735F4BD22A31.e.14276/click - {}
RESULT: {}
COMMAND: GET /session/c8be2085c0e5dd8418678e9c76522247/screenshot - {}
RESULT: {}
COMMAND: POST /session/c8be2085c0e5dd8418678e9c76522247/execute/async - {"script":"<script> [1562 bytes]","args":[{"selector":{"id":"application-managepricingrules-display-component---priceInfoItem--smartFilterBar-btnBasicSearch","interaction":{"idSuffix":"I"}},"wdio_ui5_key":"applicationmanagepricingrules-display-component---priceInfoItem--smartFilterBar-btnBasicSearch"}]}
RESULT: {"script":"<script> [1562 bytes]","args":[{"selector":{"id":"application-managepricingrules-display-component---priceInfoItem--smartFilterBar-btnBasicSearch","interaction":{"idSuffix":"I"}},"wdio_ui5_key":"applicationmanagepricingrules-display-component---priceInfoItem--smartFilterBar-btnBasicSearch"}]}
RESULT: undefined
COMMAND: POST /session/c8be2085c0e5dd8418678e9c76522247/execute/async - {"script":"<script> [776 bytes]","args":[{"enterText":"Vt2nTtKSi8","selector":{"id":"application-managepricingrules-display-component---priceInfoItem--smartFilterBar-btnBasicSearch","interaction":{"idSuffix":"I"}},"clearTextFirst":true,"interactionType":"ENTER_TEXT"}]}
RESULT: {"script":"<script> [776 bytes]","args":[{"enterText":"Vt2nTtKSi8","selector":{"id":"application-managepricingrules-display-component---priceInfoItem--smartFilterBar-btnBasicSearch","interaction":{"idSuffix":"I"}},"clearTextFirst":true,"interactionType":"ENTER_TEXT"}]}
COMMAND: POST /session/c8be2085c0e5dd8418678e9c76522247/actions - {"actions":[{"id":"action60","type":"key","parameters":{},"actions":[{"type":"keyDown","value":"î€‡"},{"type":"pause","duration":10},{"type":"keyUp","value":"î€‡"}]}]}
RESULT: {"actions":[{"id":"action60","type":"key","parameters":{},"actions":[{"type":"keyDown","value":"î€‡"},{"type":"pause","duration":10},{"type":"keyUp","value":"î€‡"}]}]}
COMMAND: GET /session/c8be2085c0e5dd8418678e9c76522247/screenshot - {}
RESULT: {}
COMMAND: POST /session/c8be2085c0e5dd8418678e9c76522247/element - {"using":"xpath","value":"//span[@id=\"application-managepricingrules-display-component---priceInfoItem--smartTable-header-inner\"]"}
RESULT: {"using":"xpath","value":"//span[@id=\"application-managepricingrules-display-component---priceInfoItem--smartTable-header-inner\"]"}
COMMAND: POST /session/c8be2085c0e5dd8418678e9c76522247/elements - {"using":"xpath","value":"//span[@id=\"application-managepricingrules-display-component---priceInfoItem--smartTable-header-inner\"]"}
RESULT: {"using":"xpath","value":"//span[@id=\"application-managepricingrules-display-component---priceInfoItem--smartTable-header-inner\"]"}
COMMAND: POST /session/c8be2085c0e5dd8418678e9c76522247/execute/sync - {"script":"<script> [56 bytes]","args":[{"element-6066-11e4-a52e-4f735466cecf":"f.59A644A74ED233CCADDF2157A5466830.d.3D171948E7B2D66B7FF1735F4BD22A31.e.14311","ELEMENT":"f.59A644A74ED233CCADDF2157A5466830.d.3D171948E7B2D66B7FF1735F4BD22A31.e.14311"}]}
RESULT: {"script":"<script> [56 bytes]","args":[{"element-6066-11e4-a52e-4f735466cecf":"f.59A644A74ED233CCADDF2157A5466830.d.3D171948E7B2D66B7FF1735F4BD22A31.e.14311","ELEMENT":"f.59A644A74ED233CCADDF2157A5466830.d.3D171948E7B2D66B7FF1735F4BD22A31.e.14311"}]}
COMMAND: POST /session/c8be2085c0e5dd8418678e9c76522247/element - {"using":"css selector","value":"#shell-header-logo"}
COMMAND: GET /session/c8be2085c0e5dd8418678e9c76522247/screenshot - {}
RESULT: {"using":"css selector","value":"#shell-header-logo"}
COMMAND: POST /session/c8be2085c0e5dd8418678e9c76522247/element/f.59A644A74ED233CCADDF2157A5466830.d.3D171948E7B2D66B7FF1735F4BD22A31.e.13377/click - {}
RESULT: {}
RESULT: {}
COMMAND: GET /session/c8be2085c0e5dd8418678e9c76522247/screenshot - {}
RESULT: {}
]]></system-out>
    </testcase>
    <testcase classname="chrome.136_0_7103_93.windows.Billing_Calculation_-_Time_based_(considering_transport_times)_US139738" name="Should create new pricing condition for the equipment" time="65.177">
      <system-out><![CDATA[
COMMAND: POST /session/c8be2085c0e5dd8418678e9c76522247/execute/async - {"script":"<script> [1562 bytes]","args":[{"selector":{"controlType":"sap.m.GenericTile","properties":{"header":"Manage Conditions & Prices"}},"wdio_ui5_key":"sapm.GenericTile{\"header\":\"Manage Conditions & Prices\"}"}]}
RESULT: {"script":"<script> [1562 bytes]","args":[{"selector":{"controlType":"sap.m.GenericTile","properties":{"header":"Manage Conditions & Prices"}},"wdio_ui5_key":"sapm.GenericTile{\"header\":\"Manage Conditions & Prices\"}"}]}
RESULT: undefined
COMMAND: POST /session/c8be2085c0e5dd8418678e9c76522247/element - {"using":"xpath","value":"//*[@id=\"__tile53\"]"}
RESULT: {"using":"xpath","value":"//*[@id=\"__tile53\"]"}
COMMAND: POST /session/c8be2085c0e5dd8418678e9c76522247/element/f.59A644A74ED233CCADDF2157A5466830.d.3D171948E7B2D66B7FF1735F4BD22A31.e.13313/click - {}
RESULT: {}
COMMAND: GET /session/c8be2085c0e5dd8418678e9c76522247/screenshot - {}
RESULT: {}
COMMAND: POST /session/c8be2085c0e5dd8418678e9c76522247/elements - {"using":"xpath","value":"//span[text()='Error']"}
RESULT: {"using":"xpath","value":"//span[text()='Error']"}
COMMAND: POST /session/c8be2085c0e5dd8418678e9c76522247/element - {"using":"xpath","value":"//button[@aria-label=\"Create\"]"}
RESULT: {"using":"xpath","value":"//button[@aria-label=\"Create\"]"}
COMMAND: POST /session/c8be2085c0e5dd8418678e9c76522247/elements - {"using":"xpath","value":"//button[@aria-label=\"Create\"]"}
RESULT: {"using":"xpath","value":"//button[@aria-label=\"Create\"]"}
COMMAND: POST /session/c8be2085c0e5dd8418678e9c76522247/execute/sync - {"script":"<script> [8489 bytes]","args":[{"element-6066-11e4-a52e-4f735466cecf":"f.59A644A74ED233CCADDF2157A5466830.d.3D171948E7B2D66B7FF1735F4BD22A31.e.14346","ELEMENT":"f.59A644A74ED233CCADDF2157A5466830.d.3D171948E7B2D66B7FF1735F4BD22A31.e.14346"}]}
RESULT: {"script":"<script> [8489 bytes]","args":[{"element-6066-11e4-a52e-4f735466cecf":"f.59A644A74ED233CCADDF2157A5466830.d.3D171948E7B2D66B7FF1735F4BD22A31.e.14346","ELEMENT":"f.59A644A74ED233CCADDF2157A5466830.d.3D171948E7B2D66B7FF1735F4BD22A31.e.14346"}]}
COMMAND: GET /session/c8be2085c0e5dd8418678e9c76522247/element/f.59A644A74ED233CCADDF2157A5466830.d.3D171948E7B2D66B7FF1735F4BD22A31.e.14346/enabled - {}
COMMAND: GET /session/c8be2085c0e5dd8418678e9c76522247/screenshot - {}
RESULT: {}
COMMAND: POST /session/c8be2085c0e5dd8418678e9c76522247/execute/sync - {"script":"<script> [8489 bytes]","args":[{"element-6066-11e4-a52e-4f735466cecf":"f.59A644A74ED233CCADDF2157A5466830.d.3D171948E7B2D66B7FF1735F4BD22A31.e.14346","ELEMENT":"f.59A644A74ED233CCADDF2157A5466830.d.3D171948E7B2D66B7FF1735F4BD22A31.e.14346"}]}
COMMAND: GET /session/c8be2085c0e5dd8418678e9c76522247/screenshot - {}
RESULT: {}
RESULT: {"script":"<script> [8489 bytes]","args":[{"element-6066-11e4-a52e-4f735466cecf":"f.59A644A74ED233CCADDF2157A5466830.d.3D171948E7B2D66B7FF1735F4BD22A31.e.14346","ELEMENT":"f.59A644A74ED233CCADDF2157A5466830.d.3D171948E7B2D66B7FF1735F4BD22A31.e.14346"}]}
COMMAND: POST /session/c8be2085c0e5dd8418678e9c76522247/execute/sync - {"script":"<script> [5351 bytes]","args":[{"element-6066-11e4-a52e-4f735466cecf":"f.59A644A74ED233CCADDF2157A5466830.d.3D171948E7B2D66B7FF1735F4BD22A31.e.14346","ELEMENT":"f.59A644A74ED233CCADDF2157A5466830.d.3D171948E7B2D66B7FF1735F4BD22A31.e.14346"}]}
COMMAND: GET /session/c8be2085c0e5dd8418678e9c76522247/screenshot - {}
RESULT: {}
RESULT: {"script":"<script> [5351 bytes]","args":[{"element-6066-11e4-a52e-4f735466cecf":"f.59A644A74ED233CCADDF2157A5466830.d.3D171948E7B2D66B7FF1735F4BD22A31.e.14346","ELEMENT":"f.59A644A74ED233CCADDF2157A5466830.d.3D171948E7B2D66B7FF1735F4BD22A31.e.14346"}]}
COMMAND: POST /session/c8be2085c0e5dd8418678e9c76522247/element/f.59A644A74ED233CCADDF2157A5466830.d.3D171948E7B2D66B7FF1735F4BD22A31.e.14346/click - {}
COMMAND: GET /session/c8be2085c0e5dd8418678e9c76522247/screenshot - {}
RESULT: {}
RESULT: {}
COMMAND: GET /session/c8be2085c0e5dd8418678e9c76522247/screenshot - {}
RESULT: {}
RESULT: {}
COMMAND: POST /session/c8be2085c0e5dd8418678e9c76522247/actions - {"actions":[{"id":"action61","type":"key","parameters":{},"actions":[{"type":"keyDown","value":"î€‡"},{"type":"pause","duration":10},{"type":"keyUp","value":"î€‡"}]}]}
RESULT: {"actions":[{"id":"action61","type":"key","parameters":{},"actions":[{"type":"keyDown","value":"î€‡"},{"type":"pause","duration":10},{"type":"keyUp","value":"î€‡"}]}]}
COMMAND: GET /session/c8be2085c0e5dd8418678e9c76522247/screenshot - {}
RESULT: {}
COMMAND: POST /session/c8be2085c0e5dd8418678e9c76522247/execute/async - {"script":"<script> [1562 bytes]","args":[{"selector":{"id":"application-manageconditionprice-display-component---newCondition--condBillCond-arrow"},"wdio_ui5_key":"applicationmanageconditionprice-display-component---newCondition--condBillCond-arrow"}]}
RESULT: {"script":"<script> [1562 bytes]","args":[{"selector":{"id":"application-manageconditionprice-display-component---newCondition--condBillCond-arrow"},"wdio_ui5_key":"applicationmanageconditionprice-display-component---newCondition--condBillCond-arrow"}]}
RESULT: undefined
COMMAND: POST /session/c8be2085c0e5dd8418678e9c76522247/element - {"using":"xpath","value":"//*[@id=\"application-manageconditionprice-display-component---newCondition--condBillCond-arrow\"]"}
RESULT: {"using":"xpath","value":"//*[@id=\"application-manageconditionprice-display-component---newCondition--condBillCond-arrow\"]"}
COMMAND: POST /session/c8be2085c0e5dd8418678e9c76522247/element/f.59A644A74ED233CCADDF2157A5466830.d.3D171948E7B2D66B7FF1735F4BD22A31.e.14526/click - {}
RESULT: {}
COMMAND: GET /session/c8be2085c0e5dd8418678e9c76522247/screenshot - {}
RESULT: {}
COMMAND: POST /session/c8be2085c0e5dd8418678e9c76522247/element - {"using":"xpath","value":"//li[.//span[contains(text(), \"DISP - D&I special price\")]]"}
RESULT: {"using":"xpath","value":"//li[.//span[contains(text(), \"DISP - D&I special price\")]]"}
COMMAND: POST /session/c8be2085c0e5dd8418678e9c76522247/element/f.59A644A74ED233CCADDF2157A5466830.d.3D171948E7B2D66B7FF1735F4BD22A31.e.14529/click - {}
RESULT: {}
COMMAND: GET /session/c8be2085c0e5dd8418678e9c76522247/screenshot - {}
RESULT: {}
COMMAND: POST /session/c8be2085c0e5dd8418678e9c76522247/execute/async - {"script":"<script> [1562 bytes]","args":[{"selector":{"id":"application-manageconditionprice-display-component---newCondition--condValidTo","interaction":{"idSuffix":"inner"}},"wdio_ui5_key":"applicationmanageconditionprice-display-component---newCondition--condValidTo"}]}
RESULT: {"script":"<script> [1562 bytes]","args":[{"selector":{"id":"application-manageconditionprice-display-component---newCondition--condValidTo","interaction":{"idSuffix":"inner"}},"wdio_ui5_key":"applicationmanageconditionprice-display-component---newCondition--condValidTo"}]}
RESULT: undefined
COMMAND: POST /session/c8be2085c0e5dd8418678e9c76522247/execute/async - {"script":"<script> [776 bytes]","args":[{"enterText":"2/2/26","selector":{"id":"application-manageconditionprice-display-component---newCondition--condValidTo","interaction":{"idSuffix":"inner"}},"clearTextFirst":true,"interactionType":"ENTER_TEXT"}]}
RESULT: {"script":"<script> [776 bytes]","args":[{"enterText":"2/2/26","selector":{"id":"application-manageconditionprice-display-component---newCondition--condValidTo","interaction":{"idSuffix":"inner"}},"clearTextFirst":true,"interactionType":"ENTER_TEXT"}]}
COMMAND: POST /session/c8be2085c0e5dd8418678e9c76522247/element - {"using":"xpath","value":"//input[@id=\"application-manageconditionprice-display-component---newCondition--condRU-inner\"]"}
RESULT: {"using":"xpath","value":"//input[@id=\"application-manageconditionprice-display-component---newCondition--condRU-inner\"]"}
COMMAND: POST /session/c8be2085c0e5dd8418678e9c76522247/element/f.59A644A74ED233CCADDF2157A5466830.d.3D171948E7B2D66B7FF1735F4BD22A31.e.14362/clear - {}
RESULT: {}
COMMAND: POST /session/c8be2085c0e5dd8418678e9c76522247/element/f.59A644A74ED233CCADDF2157A5466830.d.3D171948E7B2D66B7FF1735F4BD22A31.e.14362/value - {"text":"Vt2nTtKSi8"}
COMMAND: GET /session/c8be2085c0e5dd8418678e9c76522247/screenshot - {}
RESULT: {"text":"Vt2nTtKSi8"}
COMMAND: GET /session/c8be2085c0e5dd8418678e9c76522247/screenshot - {}
RESULT: {}
RESULT: {}
COMMAND: POST /session/c8be2085c0e5dd8418678e9c76522247/actions - {"actions":[{"id":"action62","type":"key","parameters":{},"actions":[{"type":"keyDown","value":"î€‡"},{"type":"pause","duration":10},{"type":"keyUp","value":"î€‡"}]}]}
RESULT: {"actions":[{"id":"action62","type":"key","parameters":{},"actions":[{"type":"keyDown","value":"î€‡"},{"type":"pause","duration":10},{"type":"keyUp","value":"î€‡"}]}]}
COMMAND: POST /session/c8be2085c0e5dd8418678e9c76522247/execute/async - {"script":"<script> [1562 bytes]","args":[{"selector":{"id":"application-manageconditionprice-display-component---newCondition--condBaseQty","interaction":{"idSuffix":"inner"}},"wdio_ui5_key":"applicationmanageconditionprice-display-component---newCondition--condBaseQty"}]}
COMMAND: GET /session/c8be2085c0e5dd8418678e9c76522247/screenshot - {}
RESULT: {"script":"<script> [1562 bytes]","args":[{"selector":{"id":"application-manageconditionprice-display-component---newCondition--condBaseQty","interaction":{"idSuffix":"inner"}},"wdio_ui5_key":"applicationmanageconditionprice-display-component---newCondition--condBaseQty"}]}
RESULT: undefined
COMMAND: POST /session/c8be2085c0e5dd8418678e9c76522247/execute/async - {"script":"<script> [776 bytes]","args":[{"enterText":"1","selector":{"id":"application-manageconditionprice-display-component---newCondition--condBaseQty","interaction":{"idSuffix":"inner"}},"clearTextFirst":true,"interactionType":"ENTER_TEXT"}]}
RESULT: {}
RESULT: {"script":"<script> [776 bytes]","args":[{"enterText":"1","selector":{"id":"application-manageconditionprice-display-component---newCondition--condBaseQty","interaction":{"idSuffix":"inner"}},"clearTextFirst":true,"interactionType":"ENTER_TEXT"}]}
COMMAND: POST /session/c8be2085c0e5dd8418678e9c76522247/execute/async - {"script":"<script> [1562 bytes]","args":[{"selector":{"id":"application-manageconditionprice-display-component---newCondition--condValue","interaction":{"idSuffix":"inner"}},"wdio_ui5_key":"applicationmanageconditionprice-display-component---newCondition--condValue"}]}
RESULT: {"script":"<script> [1562 bytes]","args":[{"selector":{"id":"application-manageconditionprice-display-component---newCondition--condValue","interaction":{"idSuffix":"inner"}},"wdio_ui5_key":"applicationmanageconditionprice-display-component---newCondition--condValue"}]}
RESULT: undefined
COMMAND: POST /session/c8be2085c0e5dd8418678e9c76522247/execute/async - {"script":"<script> [776 bytes]","args":[{"enterText":"100","selector":{"id":"application-manageconditionprice-display-component---newCondition--condValue","interaction":{"idSuffix":"inner"}},"clearTextFirst":true,"interactionType":"ENTER_TEXT"}]}
RESULT: {"script":"<script> [776 bytes]","args":[{"enterText":"100","selector":{"id":"application-manageconditionprice-display-component---newCondition--condValue","interaction":{"idSuffix":"inner"}},"clearTextFirst":true,"interactionType":"ENTER_TEXT"}]}
COMMAND: POST /session/c8be2085c0e5dd8418678e9c76522247/execute/async - {"script":"<script> [1562 bytes]","args":[{"selector":{"id":"application-manageconditionprice-display-component---newCondition--condCurr-arrow"},"wdio_ui5_key":"applicationmanageconditionprice-display-component---newCondition--condCurr-arrow"}]}
RESULT: {"script":"<script> [1562 bytes]","args":[{"selector":{"id":"application-manageconditionprice-display-component---newCondition--condCurr-arrow"},"wdio_ui5_key":"applicationmanageconditionprice-display-component---newCondition--condCurr-arrow"}]}
RESULT: undefined
COMMAND: POST /session/c8be2085c0e5dd8418678e9c76522247/element - {"using":"xpath","value":"//*[@id=\"application-manageconditionprice-display-component---newCondition--condCurr-arrow\"]"}
RESULT: {"using":"xpath","value":"//*[@id=\"application-manageconditionprice-display-component---newCondition--condCurr-arrow\"]"}
COMMAND: POST /session/c8be2085c0e5dd8418678e9c76522247/element/f.59A644A74ED233CCADDF2157A5466830.d.3D171948E7B2D66B7FF1735F4BD22A31.e.14503/click - {}
RESULT: {}
COMMAND: POST /session/c8be2085c0e5dd8418678e9c76522247/element - {"using":"xpath","value":"//span[contains(text(), \"Euro\")]"}
COMMAND: GET /session/c8be2085c0e5dd8418678e9c76522247/screenshot - {}
RESULT: {"using":"xpath","value":"//span[contains(text(), \"Euro\")]"}
COMMAND: POST /session/c8be2085c0e5dd8418678e9c76522247/element/f.59A644A74ED233CCADDF2157A5466830.d.3D171948E7B2D66B7FF1735F4BD22A31.e.14566/click - {}
RESULT: {}
RESULT: {}
COMMAND: POST /session/c8be2085c0e5dd8418678e9c76522247/element - {"using":"xpath","value":"//button[@data-kt=\"saveButton\"]"}
COMMAND: GET /session/c8be2085c0e5dd8418678e9c76522247/screenshot - {}
RESULT: {"using":"xpath","value":"//button[@data-kt=\"saveButton\"]"}
COMMAND: POST /session/c8be2085c0e5dd8418678e9c76522247/element/f.59A644A74ED233CCADDF2157A5466830.d.3D171948E7B2D66B7FF1735F4BD22A31.e.14504/click - {}
RESULT: {}
RESULT: {}
COMMAND: GET /session/c8be2085c0e5dd8418678e9c76522247/screenshot - {}
RESULT: {}
COMMAND: POST /session/c8be2085c0e5dd8418678e9c76522247/execute/async - {"script":"<script> [1562 bytes]","args":[{"selector":{"id":"application-manageconditionprice-display-component---conditions--smartFilterBar-btnBasicSearch","interaction":{"idSuffix":"I"}},"wdio_ui5_key":"applicationmanageconditionprice-display-component---conditions--smartFilterBar-btnBasicSearch"}]}
RESULT: {"script":"<script> [1562 bytes]","args":[{"selector":{"id":"application-manageconditionprice-display-component---conditions--smartFilterBar-btnBasicSearch","interaction":{"idSuffix":"I"}},"wdio_ui5_key":"applicationmanageconditionprice-display-component---conditions--smartFilterBar-btnBasicSearch"}]}
RESULT: undefined
COMMAND: POST /session/c8be2085c0e5dd8418678e9c76522247/execute/async - {"script":"<script> [776 bytes]","args":[{"enterText":"Vt2nTtKSi8","selector":{"id":"application-manageconditionprice-display-component---conditions--smartFilterBar-btnBasicSearch","interaction":{"idSuffix":"I"}},"clearTextFirst":true,"interactionType":"ENTER_TEXT"}]}
RESULT: {"script":"<script> [776 bytes]","args":[{"enterText":"Vt2nTtKSi8","selector":{"id":"application-manageconditionprice-display-component---conditions--smartFilterBar-btnBasicSearch","interaction":{"idSuffix":"I"}},"clearTextFirst":true,"interactionType":"ENTER_TEXT"}]}
COMMAND: POST /session/c8be2085c0e5dd8418678e9c76522247/actions - {"actions":[{"id":"action63","type":"key","parameters":{},"actions":[{"type":"keyDown","value":"î€‡"},{"type":"pause","duration":10},{"type":"keyUp","value":"î€‡"}]}]}
RESULT: {"actions":[{"id":"action63","type":"key","parameters":{},"actions":[{"type":"keyDown","value":"î€‡"},{"type":"pause","duration":10},{"type":"keyUp","value":"î€‡"}]}]}
COMMAND: GET /session/c8be2085c0e5dd8418678e9c76522247/screenshot - {}
RESULT: {}
COMMAND: POST /session/c8be2085c0e5dd8418678e9c76522247/execute/async - {"script":"<script> [1562 bytes]","args":[{"selector":{"id":"application-manageconditionprice-display-component---conditions--smartFilterBar-filterItemControl_BASIC-BILL_TYPES-vhi"},"wdio_ui5_key":"applicationmanageconditionprice-display-component---conditions--smartFilterBar-filterItemControl_BASIC-BILL_TYPES-vhi"}]}
RESULT: {"script":"<script> [1562 bytes]","args":[{"selector":{"id":"application-manageconditionprice-display-component---conditions--smartFilterBar-filterItemControl_BASIC-BILL_TYPES-vhi"},"wdio_ui5_key":"applicationmanageconditionprice-display-component---conditions--smartFilterBar-filterItemControl_BASIC-BILL_TYPES-vhi"}]}
RESULT: undefined
COMMAND: POST /session/c8be2085c0e5dd8418678e9c76522247/element - {"using":"xpath","value":"//*[@id=\"application-manageconditionprice-display-component---conditions--smartFilterBar-filterItemControl_BASIC-BILL_TYPES-vhi\"]"}
RESULT: {"using":"xpath","value":"//*[@id=\"application-manageconditionprice-display-component---conditions--smartFilterBar-filterItemControl_BASIC-BILL_TYPES-vhi\"]"}
COMMAND: POST /session/c8be2085c0e5dd8418678e9c76522247/element/f.59A644A74ED233CCADDF2157A5466830.d.3D171948E7B2D66B7FF1735F4BD22A31.e.14672/click - {}
RESULT: {}
COMMAND: POST /session/c8be2085c0e5dd8418678e9c76522247/execute/async - {"script":"<script> [1562 bytes]","args":[{"selector":{"id":"application-manageconditionprice-display-component---conditions--smartFilterBar-filterItemControl_BASIC-BILL_TYPES-valueHelpDialog-smartFilterBar-btnBasicSearch","searchOpenDialogs":true,"interaction":{"idSuffix":"I"}},"wdio_ui5_key":"applicationmanageconditionprice-display-component---conditions--smartFilterBar-filterItemControl_BASIC-BILL_TYPES-valueHelpDialog-smartFilterBar-btnBasicSearch"}]}
COMMAND: GET /session/c8be2085c0e5dd8418678e9c76522247/screenshot - {}
RESULT: {"script":"<script> [1562 bytes]","args":[{"selector":{"id":"application-manageconditionprice-display-component---conditions--smartFilterBar-filterItemControl_BASIC-BILL_TYPES-valueHelpDialog-smartFilterBar-btnBasicSearch","searchOpenDialogs":true,"interaction":{"idSuffix":"I"}},"wdio_ui5_key":"applicationmanageconditionprice-display-component---conditions--smartFilterBar-filterItemControl_BASIC-BILL_TYPES-valueHelpDialog-smartFilterBar-btnBasicSearch"}]}
RESULT: undefined
COMMAND: POST /session/c8be2085c0e5dd8418678e9c76522247/execute/async - {"script":"<script> [776 bytes]","args":[{"enterText":"TB","selector":{"id":"application-manageconditionprice-display-component---conditions--smartFilterBar-filterItemControl_BASIC-BILL_TYPES-valueHelpDialog-smartFilterBar-btnBasicSearch","searchOpenDialogs":true,"interaction":{"idSuffix":"I"}},"clearTextFirst":true,"interactionType":"ENTER_TEXT"}]}
RESULT: {}
RESULT: {"script":"<script> [776 bytes]","args":[{"enterText":"TB","selector":{"id":"application-manageconditionprice-display-component---conditions--smartFilterBar-filterItemControl_BASIC-BILL_TYPES-valueHelpDialog-smartFilterBar-btnBasicSearch","searchOpenDialogs":true,"interaction":{"idSuffix":"I"}},"clearTextFirst":true,"interactionType":"ENTER_TEXT"}]}
COMMAND: POST /session/c8be2085c0e5dd8418678e9c76522247/actions - {"actions":[{"id":"action64","type":"key","parameters":{},"actions":[{"type":"keyDown","value":"î€‡"},{"type":"pause","duration":10},{"type":"keyUp","value":"î€‡"}]}]}
RESULT: {"actions":[{"id":"action64","type":"key","parameters":{},"actions":[{"type":"keyDown","value":"î€‡"},{"type":"pause","duration":10},{"type":"keyUp","value":"î€‡"}]}]}
COMMAND: GET /session/c8be2085c0e5dd8418678e9c76522247/screenshot - {}
RESULT: {}
COMMAND: POST /session/c8be2085c0e5dd8418678e9c76522247/element - {"using":"xpath","value":"//div[contains(@id, 'application-manageconditionprice-display-component---conditions--smartFilterBar-filterItemControl_BASIC-BILL_TYPES-valueHelpDialog-table-rowsel0')]"}
RESULT: {"using":"xpath","value":"//div[contains(@id, 'application-manageconditionprice-display-component---conditions--smartFilterBar-filterItemControl_BASIC-BILL_TYPES-valueHelpDialog-table-rowsel0')]"}
COMMAND: POST /session/c8be2085c0e5dd8418678e9c76522247/element/f.59A644A74ED233CCADDF2157A5466830.d.3D171948E7B2D66B7FF1735F4BD22A31.e.14682/click - {}
RESULT: {}
COMMAND: GET /session/c8be2085c0e5dd8418678e9c76522247/screenshot - {}
RESULT: {}
COMMAND: POST /session/c8be2085c0e5dd8418678e9c76522247/element - {"using":"xpath","value":"//bdi[contains(text(), \"OK\")]"}
RESULT: {"using":"xpath","value":"//bdi[contains(text(), \"OK\")]"}
COMMAND: POST /session/c8be2085c0e5dd8418678e9c76522247/element/f.59A644A74ED233CCADDF2157A5466830.d.3D171948E7B2D66B7FF1735F4BD22A31.e.14684/click - {}
RESULT: {}
COMMAND: GET /session/c8be2085c0e5dd8418678e9c76522247/screenshot - {}
RESULT: {}
COMMAND: POST /session/c8be2085c0e5dd8418678e9c76522247/element - {"using":"xpath","value":"//span[@id=\"application-manageconditionprice-display-component---conditions--smartTable-header-inner\"]"}
RESULT: {"using":"xpath","value":"//span[@id=\"application-manageconditionprice-display-component---conditions--smartTable-header-inner\"]"}
COMMAND: POST /session/c8be2085c0e5dd8418678e9c76522247/elements - {"using":"xpath","value":"//span[@id=\"application-manageconditionprice-display-component---conditions--smartTable-header-inner\"]"}
RESULT: {"using":"xpath","value":"//span[@id=\"application-manageconditionprice-display-component---conditions--smartTable-header-inner\"]"}
COMMAND: POST /session/c8be2085c0e5dd8418678e9c76522247/execute/sync - {"script":"<script> [56 bytes]","args":[{"element-6066-11e4-a52e-4f735466cecf":"f.59A644A74ED233CCADDF2157A5466830.d.3D171948E7B2D66B7FF1735F4BD22A31.e.14687","ELEMENT":"f.59A644A74ED233CCADDF2157A5466830.d.3D171948E7B2D66B7FF1735F4BD22A31.e.14687"}]}
RESULT: {"script":"<script> [56 bytes]","args":[{"element-6066-11e4-a52e-4f735466cecf":"f.59A644A74ED233CCADDF2157A5466830.d.3D171948E7B2D66B7FF1735F4BD22A31.e.14687","ELEMENT":"f.59A644A74ED233CCADDF2157A5466830.d.3D171948E7B2D66B7FF1735F4BD22A31.e.14687"}]}
COMMAND: POST /session/c8be2085c0e5dd8418678e9c76522247/element - {"using":"css selector","value":"#shell-header-logo"}
COMMAND: GET /session/c8be2085c0e5dd8418678e9c76522247/screenshot - {}
RESULT: {"using":"css selector","value":"#shell-header-logo"}
COMMAND: POST /session/c8be2085c0e5dd8418678e9c76522247/element/f.59A644A74ED233CCADDF2157A5466830.d.3D171948E7B2D66B7FF1735F4BD22A31.e.14314/click - {}
RESULT: {}
RESULT: {}
COMMAND: GET /session/c8be2085c0e5dd8418678e9c76522247/screenshot - {}
RESULT: {}
]]></system-out>
    </testcase>
  </testsuite>
</testsuites>