<?xml version="1.0" encoding="UTF-8"?>
<testsuites tests="9" failures="0" errors="0" skipped="0">
  <testsuite timestamp="2025-05-24T17:57:32" time="980.944" tests="9" failures="0" errors="0" skipped="0">
    <properties>
      <property name="specId" value="0"/>
      <property name="suiteName" value="Tests for Mass State Change on Manage States &amp; Performances US104416 US"/>
      <property name="capabilities" value="chrome.136_0_7103_93.windows"/>
      <property name="file" value="file:///D:/a/1/s/test/specs/HTR/create-mass-state-change.spec.js"/>
    </properties>
    <testcase classname="chrome.136_0_7103_93.windows.Tests_for_Mass_State_Change_on_Manage_States_&amp;_Performances_US104416_US" name="Prereq Should create a new yard used for all following tests" time="135.885">
      <system-out><![CDATA[
COMMAND: POST /session/ec0d9efabda4343648d9cb72b0f3cb86/window/fullscreen - {}
RESULT: {}
COMMAND: POST /session/ec0d9efabda4343648d9cb72b0f3cb86/execute/async - {"script":"<script> [1562 bytes]","args":[{"selector":{"controlType":"sap.m.GenericTile","properties":{"header":"Manage Yards"}},"wdio_ui5_key":"sapm.GenericTile{\"header\":\"Manage Yards\"}"}]}
RESULT: {"script":"<script> [1562 bytes]","args":[{"selector":{"controlType":"sap.m.GenericTile","properties":{"header":"Manage Yards"}},"wdio_ui5_key":"sapm.GenericTile{\"header\":\"Manage Yards\"}"}]}
RESULT: undefined
COMMAND: POST /session/ec0d9efabda4343648d9cb72b0f3cb86/element - {"using":"xpath","value":"//*[@id=\"__tile41\"]"}
RESULT: {"using":"xpath","value":"//*[@id=\"__tile41\"]"}
COMMAND: POST /session/ec0d9efabda4343648d9cb72b0f3cb86/element/f.8EB935D97E6AC9CFADA6E020F02EE9AE.d.C217A9067F161658B5EFDEAD06043BC2.e.166/click - {}
RESULT: {}
COMMAND: GET /session/ec0d9efabda4343648d9cb72b0f3cb86/screenshot - {}
RESULT: {}
COMMAND: POST /session/ec0d9efabda4343648d9cb72b0f3cb86/elements - {"using":"xpath","value":"//span[text()='Error']"}
RESULT: {"using":"xpath","value":"//span[text()='Error']"}
COMMAND: POST /session/ec0d9efabda4343648d9cb72b0f3cb86/element - {"using":"xpath","value":"//button[@data-kt=\"addNewYardOverflowToolbarButton\"]"}
RESULT: {"using":"xpath","value":"//button[@data-kt=\"addNewYardOverflowToolbarButton\"]"}
COMMAND: POST /session/ec0d9efabda4343648d9cb72b0f3cb86/elements - {"using":"xpath","value":"//button[@data-kt=\"addNewYardOverflowToolbarButton\"]"}
RESULT: {"using":"xpath","value":"//button[@data-kt=\"addNewYardOverflowToolbarButton\"]"}
COMMAND: POST /session/ec0d9efabda4343648d9cb72b0f3cb86/elements - {"using":"xpath","value":"//button[@data-kt=\"addNewYardOverflowToolbarButton\"]"}
RESULT: {"using":"xpath","value":"//button[@data-kt=\"addNewYardOverflowToolbarButton\"]"}
COMMAND: POST /session/ec0d9efabda4343648d9cb72b0f3cb86/elements - {"using":"xpath","value":"//button[@data-kt=\"addNewYardOverflowToolbarButton\"]"}
RESULT: {"using":"xpath","value":"//button[@data-kt=\"addNewYardOverflowToolbarButton\"]"}
COMMAND: POST /session/ec0d9efabda4343648d9cb72b0f3cb86/elements - {"using":"xpath","value":"//button[@data-kt=\"addNewYardOverflowToolbarButton\"]"}
RESULT: {"using":"xpath","value":"//button[@data-kt=\"addNewYardOverflowToolbarButton\"]"}
COMMAND: POST /session/ec0d9efabda4343648d9cb72b0f3cb86/elements - {"using":"xpath","value":"//button[@data-kt=\"addNewYardOverflowToolbarButton\"]"}
RESULT: {"using":"xpath","value":"//button[@data-kt=\"addNewYardOverflowToolbarButton\"]"}
COMMAND: POST /session/ec0d9efabda4343648d9cb72b0f3cb86/elements - {"using":"xpath","value":"//button[@data-kt=\"addNewYardOverflowToolbarButton\"]"}
RESULT: {"using":"xpath","value":"//button[@data-kt=\"addNewYardOverflowToolbarButton\"]"}
COMMAND: POST /session/ec0d9efabda4343648d9cb72b0f3cb86/elements - {"using":"xpath","value":"//button[@data-kt=\"addNewYardOverflowToolbarButton\"]"}
RESULT: {"using":"xpath","value":"//button[@data-kt=\"addNewYardOverflowToolbarButton\"]"}
COMMAND: POST /session/ec0d9efabda4343648d9cb72b0f3cb86/elements - {"using":"xpath","value":"//button[@data-kt=\"addNewYardOverflowToolbarButton\"]"}
RESULT: {"using":"xpath","value":"//button[@data-kt=\"addNewYardOverflowToolbarButton\"]"}
COMMAND: POST /session/ec0d9efabda4343648d9cb72b0f3cb86/elements - {"using":"xpath","value":"//button[@data-kt=\"addNewYardOverflowToolbarButton\"]"}
RESULT: {"using":"xpath","value":"//button[@data-kt=\"addNewYardOverflowToolbarButton\"]"}
COMMAND: POST /session/ec0d9efabda4343648d9cb72b0f3cb86/elements - {"using":"xpath","value":"//button[@data-kt=\"addNewYardOverflowToolbarButton\"]"}
RESULT: {"using":"xpath","value":"//button[@data-kt=\"addNewYardOverflowToolbarButton\"]"}
COMMAND: POST /session/ec0d9efabda4343648d9cb72b0f3cb86/elements - {"using":"xpath","value":"//button[@data-kt=\"addNewYardOverflowToolbarButton\"]"}
RESULT: {"using":"xpath","value":"//button[@data-kt=\"addNewYardOverflowToolbarButton\"]"}
COMMAND: POST /session/ec0d9efabda4343648d9cb72b0f3cb86/elements - {"using":"xpath","value":"//button[@data-kt=\"addNewYardOverflowToolbarButton\"]"}
RESULT: {"using":"xpath","value":"//button[@data-kt=\"addNewYardOverflowToolbarButton\"]"}
COMMAND: POST /session/ec0d9efabda4343648d9cb72b0f3cb86/elements - {"using":"xpath","value":"//button[@data-kt=\"addNewYardOverflowToolbarButton\"]"}
RESULT: {"using":"xpath","value":"//button[@data-kt=\"addNewYardOverflowToolbarButton\"]"}
COMMAND: POST /session/ec0d9efabda4343648d9cb72b0f3cb86/elements - {"using":"xpath","value":"//button[@data-kt=\"addNewYardOverflowToolbarButton\"]"}
RESULT: {"using":"xpath","value":"//button[@data-kt=\"addNewYardOverflowToolbarButton\"]"}
COMMAND: POST /session/ec0d9efabda4343648d9cb72b0f3cb86/elements - {"using":"xpath","value":"//button[@data-kt=\"addNewYardOverflowToolbarButton\"]"}
RESULT: {"using":"xpath","value":"//button[@data-kt=\"addNewYardOverflowToolbarButton\"]"}
COMMAND: POST /session/ec0d9efabda4343648d9cb72b0f3cb86/element - {"using":"xpath","value":"//button[@data-kt=\"addNewYardOverflowToolbarButton\"]"}
RESULT: {"using":"xpath","value":"//button[@data-kt=\"addNewYardOverflowToolbarButton\"]"}
COMMAND: POST /session/ec0d9efabda4343648d9cb72b0f3cb86/execute/sync - {"script":"<script> [8489 bytes]","args":[{"element-6066-11e4-a52e-4f735466cecf":"f.8EB935D97E6AC9CFADA6E020F02EE9AE.d.C217A9067F161658B5EFDEAD06043BC2.e.302","ELEMENT":"f.8EB935D97E6AC9CFADA6E020F02EE9AE.d.C217A9067F161658B5EFDEAD06043BC2.e.302"}]}
RESULT: {"script":"<script> [8489 bytes]","args":[{"element-6066-11e4-a52e-4f735466cecf":"f.8EB935D97E6AC9CFADA6E020F02EE9AE.d.C217A9067F161658B5EFDEAD06043BC2.e.302","ELEMENT":"f.8EB935D97E6AC9CFADA6E020F02EE9AE.d.C217A9067F161658B5EFDEAD06043BC2.e.302"}]}
COMMAND: GET /session/ec0d9efabda4343648d9cb72b0f3cb86/element/f.8EB935D97E6AC9CFADA6E020F02EE9AE.d.C217A9067F161658B5EFDEAD06043BC2.e.302/enabled - {}
COMMAND: GET /session/ec0d9efabda4343648d9cb72b0f3cb86/screenshot - {}
RESULT: {}
COMMAND: POST /session/ec0d9efabda4343648d9cb72b0f3cb86/execute/sync - {"script":"<script> [8489 bytes]","args":[{"element-6066-11e4-a52e-4f735466cecf":"f.8EB935D97E6AC9CFADA6E020F02EE9AE.d.C217A9067F161658B5EFDEAD06043BC2.e.302","ELEMENT":"f.8EB935D97E6AC9CFADA6E020F02EE9AE.d.C217A9067F161658B5EFDEAD06043BC2.e.302"}]}
COMMAND: GET /session/ec0d9efabda4343648d9cb72b0f3cb86/screenshot - {}
RESULT: {}
RESULT: {"script":"<script> [8489 bytes]","args":[{"element-6066-11e4-a52e-4f735466cecf":"f.8EB935D97E6AC9CFADA6E020F02EE9AE.d.C217A9067F161658B5EFDEAD06043BC2.e.302","ELEMENT":"f.8EB935D97E6AC9CFADA6E020F02EE9AE.d.C217A9067F161658B5EFDEAD06043BC2.e.302"}]}
COMMAND: POST /session/ec0d9efabda4343648d9cb72b0f3cb86/execute/sync - {"script":"<script> [5351 bytes]","args":[{"element-6066-11e4-a52e-4f735466cecf":"f.8EB935D97E6AC9CFADA6E020F02EE9AE.d.C217A9067F161658B5EFDEAD06043BC2.e.302","ELEMENT":"f.8EB935D97E6AC9CFADA6E020F02EE9AE.d.C217A9067F161658B5EFDEAD06043BC2.e.302"}]}
COMMAND: GET /session/ec0d9efabda4343648d9cb72b0f3cb86/screenshot - {}
RESULT: {}
RESULT: {"script":"<script> [5351 bytes]","args":[{"element-6066-11e4-a52e-4f735466cecf":"f.8EB935D97E6AC9CFADA6E020F02EE9AE.d.C217A9067F161658B5EFDEAD06043BC2.e.302","ELEMENT":"f.8EB935D97E6AC9CFADA6E020F02EE9AE.d.C217A9067F161658B5EFDEAD06043BC2.e.302"}]}
COMMAND: POST /session/ec0d9efabda4343648d9cb72b0f3cb86/element/f.8EB935D97E6AC9CFADA6E020F02EE9AE.d.C217A9067F161658B5EFDEAD06043BC2.e.302/click - {}
COMMAND: GET /session/ec0d9efabda4343648d9cb72b0f3cb86/screenshot - {}
RESULT: {}
RESULT: {}
COMMAND: GET /session/ec0d9efabda4343648d9cb72b0f3cb86/screenshot - {}
RESULT: {}
RESULT: {}
COMMAND: POST /session/ec0d9efabda4343648d9cb72b0f3cb86/element - {"using":"xpath","value":"//input[@id=\"application-manageyards-display-component---NewYard--yardId-inner\"]"}
RESULT: {"using":"xpath","value":"//input[@id=\"application-manageyards-display-component---NewYard--yardId-inner\"]"}
COMMAND: POST /session/ec0d9efabda4343648d9cb72b0f3cb86/element - {"using":"xpath","value":"//input[@id=\"application-manageyards-display-component---NewYard--yardId-inner\"]"}
RESULT: {"using":"xpath","value":"//input[@id=\"application-manageyards-display-component---NewYard--yardId-inner\"]"}
COMMAND: POST /session/ec0d9efabda4343648d9cb72b0f3cb86/execute/async - {"script":"<script> [1562 bytes]","args":[{"selector":{"id":"application-manageyards-display-component---NewYard--addressDetailDetailsName1","interaction":{"idSuffix":"inner"}},"wdio_ui5_key":"applicationmanageyards-display-component---NewYard--addressDetailDetailsName1"}]}
RESULT: {"script":"<script> [1562 bytes]","args":[{"selector":{"id":"application-manageyards-display-component---NewYard--addressDetailDetailsName1","interaction":{"idSuffix":"inner"}},"wdio_ui5_key":"applicationmanageyards-display-component---NewYard--addressDetailDetailsName1"}]}
RESULT: undefined
COMMAND: POST /session/ec0d9efabda4343648d9cb72b0f3cb86/execute/async - {"script":"<script> [776 bytes]","args":[{"enterText":"Other Yard WDIO","selector":{"id":"application-manageyards-display-component---NewYard--addressDetailDetailsName1","interaction":{"idSuffix":"inner"}},"clearTextFirst":true,"interactionType":"ENTER_TEXT"}]}
RESULT: {"script":"<script> [776 bytes]","args":[{"enterText":"Other Yard WDIO","selector":{"id":"application-manageyards-display-component---NewYard--addressDetailDetailsName1","interaction":{"idSuffix":"inner"}},"clearTextFirst":true,"interactionType":"ENTER_TEXT"}]}
COMMAND: POST /session/ec0d9efabda4343648d9cb72b0f3cb86/execute/async - {"script":"<script> [1562 bytes]","args":[{"selector":{"id":"application-manageyards-display-component---NewYard--addressDetailDetailsLanguage-arrow"},"wdio_ui5_key":"applicationmanageyards-display-component---NewYard--addressDetailDetailsLanguage-arrow"}]}
RESULT: {"script":"<script> [1562 bytes]","args":[{"selector":{"id":"application-manageyards-display-component---NewYard--addressDetailDetailsLanguage-arrow"},"wdio_ui5_key":"applicationmanageyards-display-component---NewYard--addressDetailDetailsLanguage-arrow"}]}
RESULT: undefined
COMMAND: POST /session/ec0d9efabda4343648d9cb72b0f3cb86/element - {"using":"xpath","value":"//*[@id=\"application-manageyards-display-component---NewYard--addressDetailDetailsLanguage-arrow\"]"}
RESULT: {"using":"xpath","value":"//*[@id=\"application-manageyards-display-component---NewYard--addressDetailDetailsLanguage-arrow\"]"}
COMMAND: POST /session/ec0d9efabda4343648d9cb72b0f3cb86/element/f.8EB935D97E6AC9CFADA6E020F02EE9AE.d.C217A9067F161658B5EFDEAD06043BC2.e.732/click - {}
RESULT: {}
COMMAND: POST /session/ec0d9efabda4343648d9cb72b0f3cb86/element - {"using":"xpath","value":"//span[contains(text(), \"English\")]"}
COMMAND: GET /session/ec0d9efabda4343648d9cb72b0f3cb86/screenshot - {}
RESULT: {"using":"xpath","value":"//span[contains(text(), \"English\")]"}
COMMAND: POST /session/ec0d9efabda4343648d9cb72b0f3cb86/element/f.8EB935D97E6AC9CFADA6E020F02EE9AE.d.C217A9067F161658B5EFDEAD06043BC2.e.733/click - {}
RESULT: {}
RESULT: {}
COMMAND: POST /session/ec0d9efabda4343648d9cb72b0f3cb86/execute/async - {"script":"<script> [1562 bytes]","args":[{"selector":{"id":"application-manageyards-display-component---NewYard--addressDetailDetailsCity1","interaction":{"idSuffix":"inner"}},"wdio_ui5_key":"applicationmanageyards-display-component---NewYard--addressDetailDetailsCity1"}]}
COMMAND: GET /session/ec0d9efabda4343648d9cb72b0f3cb86/screenshot - {}
RESULT: {"script":"<script> [1562 bytes]","args":[{"selector":{"id":"application-manageyards-display-component---NewYard--addressDetailDetailsCity1","interaction":{"idSuffix":"inner"}},"wdio_ui5_key":"applicationmanageyards-display-component---NewYard--addressDetailDetailsCity1"}]}
RESULT: undefined
COMMAND: POST /session/ec0d9efabda4343648d9cb72b0f3cb86/execute/async - {"script":"<script> [776 bytes]","args":[{"enterText":"Rosario","selector":{"id":"application-manageyards-display-component---NewYard--addressDetailDetailsCity1","interaction":{"idSuffix":"inner"}},"clearTextFirst":true,"interactionType":"ENTER_TEXT"}]}
RESULT: {}
RESULT: {"script":"<script> [776 bytes]","args":[{"enterText":"Rosario","selector":{"id":"application-manageyards-display-component---NewYard--addressDetailDetailsCity1","interaction":{"idSuffix":"inner"}},"clearTextFirst":true,"interactionType":"ENTER_TEXT"}]}
COMMAND: POST /session/ec0d9efabda4343648d9cb72b0f3cb86/execute/async - {"script":"<script> [1562 bytes]","args":[{"selector":{"id":"application-manageyards-display-component---NewYard--addressDetailDetailsCountry-arrow"},"wdio_ui5_key":"applicationmanageyards-display-component---NewYard--addressDetailDetailsCountry-arrow"}]}
RESULT: {"script":"<script> [1562 bytes]","args":[{"selector":{"id":"application-manageyards-display-component---NewYard--addressDetailDetailsCountry-arrow"},"wdio_ui5_key":"applicationmanageyards-display-component---NewYard--addressDetailDetailsCountry-arrow"}]}
RESULT: undefined
COMMAND: POST /session/ec0d9efabda4343648d9cb72b0f3cb86/element - {"using":"xpath","value":"//*[@id=\"application-manageyards-display-component---NewYard--addressDetailDetailsCountry-arrow\"]"}
RESULT: {"using":"xpath","value":"//*[@id=\"application-manageyards-display-component---NewYard--addressDetailDetailsCountry-arrow\"]"}
COMMAND: POST /session/ec0d9efabda4343648d9cb72b0f3cb86/element/f.8EB935D97E6AC9CFADA6E020F02EE9AE.d.C217A9067F161658B5EFDEAD06043BC2.e.735/click - {}
RESULT: {}
COMMAND: POST /session/ec0d9efabda4343648d9cb72b0f3cb86/element - {"using":"xpath","value":"//span[contains(text(), \"Argentina\")]"}
COMMAND: GET /session/ec0d9efabda4343648d9cb72b0f3cb86/screenshot - {}
RESULT: {"using":"xpath","value":"//span[contains(text(), \"Argentina\")]"}
COMMAND: POST /session/ec0d9efabda4343648d9cb72b0f3cb86/element/f.8EB935D97E6AC9CFADA6E020F02EE9AE.d.C217A9067F161658B5EFDEAD06043BC2.e.736/click - {}
RESULT: {}
RESULT: {}
COMMAND: POST /session/ec0d9efabda4343648d9cb72b0f3cb86/execute/async - {"script":"<script> [1562 bytes]","args":[{"selector":{"id":"application-manageyards-display-component---NewYard--addressEditDetailsCostObjectCstType-arrow"},"wdio_ui5_key":"applicationmanageyards-display-component---NewYard--addressEditDetailsCostObjectCstType-arrow"}]}
COMMAND: GET /session/ec0d9efabda4343648d9cb72b0f3cb86/screenshot - {}
RESULT: {"script":"<script> [1562 bytes]","args":[{"selector":{"id":"application-manageyards-display-component---NewYard--addressEditDetailsCostObjectCstType-arrow"},"wdio_ui5_key":"applicationmanageyards-display-component---NewYard--addressEditDetailsCostObjectCstType-arrow"}]}
RESULT: undefined
COMMAND: POST /session/ec0d9efabda4343648d9cb72b0f3cb86/element - {"using":"xpath","value":"//*[@id=\"application-manageyards-display-component---NewYard--addressEditDetailsCostObjectCstType-arrow\"]"}
RESULT: {}
RESULT: {"using":"xpath","value":"//*[@id=\"application-manageyards-display-component---NewYard--addressEditDetailsCostObjectCstType-arrow\"]"}
COMMAND: POST /session/ec0d9efabda4343648d9cb72b0f3cb86/element/f.8EB935D97E6AC9CFADA6E020F02EE9AE.d.C217A9067F161658B5EFDEAD06043BC2.e.738/click - {}
RESULT: {}
COMMAND: POST /session/ec0d9efabda4343648d9cb72b0f3cb86/element - {"using":"xpath","value":"//span[contains(text(), \"Cost Center\")]"}
COMMAND: GET /session/ec0d9efabda4343648d9cb72b0f3cb86/screenshot - {}
RESULT: {"using":"xpath","value":"//span[contains(text(), \"Cost Center\")]"}
COMMAND: POST /session/ec0d9efabda4343648d9cb72b0f3cb86/element/f.8EB935D97E6AC9CFADA6E020F02EE9AE.d.C217A9067F161658B5EFDEAD06043BC2.e.739/click - {}
RESULT: {}
RESULT: {}
COMMAND: GET /session/ec0d9efabda4343648d9cb72b0f3cb86/screenshot - {}
RESULT: {}
COMMAND: POST /session/ec0d9efabda4343648d9cb72b0f3cb86/element - {"using":"xpath","value":"//span[@id=\"application-manageyards-display-component---NewYard--addressNewCostObjectCstID-vhi\"]"}
RESULT: {"using":"xpath","value":"//span[@id=\"application-manageyards-display-component---NewYard--addressNewCostObjectCstID-vhi\"]"}
COMMAND: POST /session/ec0d9efabda4343648d9cb72b0f3cb86/execute/sync - {"script":"<script> [8489 bytes]","args":[{"element-6066-11e4-a52e-4f735466cecf":"f.8EB935D97E6AC9CFADA6E020F02EE9AE.d.C217A9067F161658B5EFDEAD06043BC2.e.743","ELEMENT":"f.8EB935D97E6AC9CFADA6E020F02EE9AE.d.C217A9067F161658B5EFDEAD06043BC2.e.743"}]}
RESULT: {"script":"<script> [8489 bytes]","args":[{"element-6066-11e4-a52e-4f735466cecf":"f.8EB935D97E6AC9CFADA6E020F02EE9AE.d.C217A9067F161658B5EFDEAD06043BC2.e.743","ELEMENT":"f.8EB935D97E6AC9CFADA6E020F02EE9AE.d.C217A9067F161658B5EFDEAD06043BC2.e.743"}]}
COMMAND: POST /session/ec0d9efabda4343648d9cb72b0f3cb86/execute/async - {"script":"<script> [1562 bytes]","args":[{"selector":{"id":"application-manageyards-display-component---NewYard--addressNewCostObjectCstID-vhi"},"wdio_ui5_key":"applicationmanageyards-display-component---NewYard--addressNewCostObjectCstID-vhi"}]}
COMMAND: GET /session/ec0d9efabda4343648d9cb72b0f3cb86/screenshot - {}
RESULT: {"script":"<script> [1562 bytes]","args":[{"selector":{"id":"application-manageyards-display-component---NewYard--addressNewCostObjectCstID-vhi"},"wdio_ui5_key":"applicationmanageyards-display-component---NewYard--addressNewCostObjectCstID-vhi"}]}
RESULT: undefined
COMMAND: POST /session/ec0d9efabda4343648d9cb72b0f3cb86/element - {"using":"xpath","value":"//*[@id=\"application-manageyards-display-component---NewYard--addressNewCostObjectCstID-vhi\"]"}
RESULT: {}
RESULT: {"using":"xpath","value":"//*[@id=\"application-manageyards-display-component---NewYard--addressNewCostObjectCstID-vhi\"]"}
COMMAND: POST /session/ec0d9efabda4343648d9cb72b0f3cb86/element/f.8EB935D97E6AC9CFADA6E020F02EE9AE.d.C217A9067F161658B5EFDEAD06043BC2.e.743/click - {}
RESULT: {}
COMMAND: GET /session/ec0d9efabda4343648d9cb72b0f3cb86/screenshot - {}
RESULT: {}
COMMAND: POST /session/ec0d9efabda4343648d9cb72b0f3cb86/execute/async - {"script":"<script> [1562 bytes]","args":[{"selector":{"controlType":"sap.m.SearchField","properties":{"placeholder":"Search"},"searchOpenDialogs":true,"interaction":{"idSuffix":"I"}},"wdio_ui5_key":"sapm.SearchField{\"placeholder\":\"Search\"}"}]}
RESULT: {"script":"<script> [1562 bytes]","args":[{"selector":{"controlType":"sap.m.SearchField","properties":{"placeholder":"Search"},"searchOpenDialogs":true,"interaction":{"idSuffix":"I"}},"wdio_ui5_key":"sapm.SearchField{\"placeholder\":\"Search\"}"}]}
RESULT: undefined
COMMAND: POST /session/ec0d9efabda4343648d9cb72b0f3cb86/execute/async - {"script":"<script> [776 bytes]","args":[{"enterText":"bauh_b","selector":{"controlType":"sap.m.SearchField","properties":{"placeholder":"Search"},"searchOpenDialogs":true,"interaction":{"idSuffix":"I"}},"clearTextFirst":true,"interactionType":"ENTER_TEXT"}]}
RESULT: {"script":"<script> [776 bytes]","args":[{"enterText":"bauh_b","selector":{"controlType":"sap.m.SearchField","properties":{"placeholder":"Search"},"searchOpenDialogs":true,"interaction":{"idSuffix":"I"}},"clearTextFirst":true,"interactionType":"ENTER_TEXT"}]}
COMMAND: POST /session/ec0d9efabda4343648d9cb72b0f3cb86/actions - {"actions":[{"id":"action1","type":"key","parameters":{},"actions":[{"type":"keyDown","value":""},{"type":"pause","duration":10},{"type":"keyUp","value":""}]}]}
RESULT: {"actions":[{"id":"action1","type":"key","parameters":{},"actions":[{"type":"keyDown","value":""},{"type":"pause","duration":10},{"type":"keyUp","value":""}]}]}
COMMAND: GET /session/ec0d9efabda4343648d9cb72b0f3cb86/screenshot - {}
RESULT: {}
COMMAND: POST /session/ec0d9efabda4343648d9cb72b0f3cb86/element - {"using":"xpath","value":"//span[contains(text(), \"Demo Yard\")]"}
RESULT: {"using":"xpath","value":"//span[contains(text(), \"Demo Yard\")]"}
COMMAND: POST /session/ec0d9efabda4343648d9cb72b0f3cb86/element/f.8EB935D97E6AC9CFADA6E020F02EE9AE.d.C217A9067F161658B5EFDEAD06043BC2.e.785/click - {}
RESULT: {}
COMMAND: GET /session/ec0d9efabda4343648d9cb72b0f3cb86/screenshot - {}
RESULT: {}
COMMAND: POST /session/ec0d9efabda4343648d9cb72b0f3cb86/element - {"using":"xpath","value":"//bdi[contains(text(), \"OK\")]"}
RESULT: {"using":"xpath","value":"//bdi[contains(text(), \"OK\")]"}
COMMAND: POST /session/ec0d9efabda4343648d9cb72b0f3cb86/element/f.8EB935D97E6AC9CFADA6E020F02EE9AE.d.C217A9067F161658B5EFDEAD06043BC2.e.786/click - {}
RESULT: {}
COMMAND: GET /session/ec0d9efabda4343648d9cb72b0f3cb86/screenshot - {}
RESULT: {}
COMMAND: POST /session/ec0d9efabda4343648d9cb72b0f3cb86/execute/async - {"script":"<script> [1562 bytes]","args":[{"selector":{"id":"application-manageyards-display-component---NewYard--addressEditDetailsCurrency-arrow"},"wdio_ui5_key":"applicationmanageyards-display-component---NewYard--addressEditDetailsCurrency-arrow"}]}
RESULT: {"script":"<script> [1562 bytes]","args":[{"selector":{"id":"application-manageyards-display-component---NewYard--addressEditDetailsCurrency-arrow"},"wdio_ui5_key":"applicationmanageyards-display-component---NewYard--addressEditDetailsCurrency-arrow"}]}
RESULT: undefined
COMMAND: POST /session/ec0d9efabda4343648d9cb72b0f3cb86/element - {"using":"xpath","value":"//*[@id=\"application-manageyards-display-component---NewYard--addressEditDetailsCurrency-arrow\"]"}
RESULT: {"using":"xpath","value":"//*[@id=\"application-manageyards-display-component---NewYard--addressEditDetailsCurrency-arrow\"]"}
COMMAND: POST /session/ec0d9efabda4343648d9cb72b0f3cb86/element/f.8EB935D97E6AC9CFADA6E020F02EE9AE.d.C217A9067F161658B5EFDEAD06043BC2.e.789/click - {}
RESULT: {}
COMMAND: POST /session/ec0d9efabda4343648d9cb72b0f3cb86/element - {"using":"xpath","value":"//span[contains(text(), \"Euro\")]"}
COMMAND: GET /session/ec0d9efabda4343648d9cb72b0f3cb86/screenshot - {}
RESULT: {"using":"xpath","value":"//span[contains(text(), \"Euro\")]"}
COMMAND: POST /session/ec0d9efabda4343648d9cb72b0f3cb86/element/f.8EB935D97E6AC9CFADA6E020F02EE9AE.d.C217A9067F161658B5EFDEAD06043BC2.e.790/click - {}
RESULT: {}
RESULT: {}
COMMAND: POST /session/ec0d9efabda4343648d9cb72b0f3cb86/execute/async - {"script":"<script> [1562 bytes]","args":[{"selector":{"controlType":"sap.m.Input","viewName":"etm.portal.ui.manageyards.view.New","viewId":"application-manageyards-display-component---NewYard","bindingPath":{"path":"","propertyPath":"/CONTROLLING_AREA","modelName":"NewYardModel"},"interaction":{"idSuffix":"inner"}},"wdio_ui5_key":"etmportal.ui.manageyards.view.Newsap.m.Input{\"path\":\"\",\"propertyPath\":\"/CONTROLLING_AREA\",\"modelName\":\"NewYardModel\"}"}]}
COMMAND: GET /session/ec0d9efabda4343648d9cb72b0f3cb86/screenshot - {}
RESULT: {"script":"<script> [1562 bytes]","args":[{"selector":{"controlType":"sap.m.Input","viewName":"etm.portal.ui.manageyards.view.New","viewId":"application-manageyards-display-component---NewYard","bindingPath":{"path":"","propertyPath":"/CONTROLLING_AREA","modelName":"NewYardModel"},"interaction":{"idSuffix":"inner"}},"wdio_ui5_key":"etmportal.ui.manageyards.view.Newsap.m.Input{\"path\":\"\",\"propertyPath\":\"/CONTROLLING_AREA\",\"modelName\":\"NewYardModel\"}"}]}
RESULT: undefined
COMMAND: POST /session/ec0d9efabda4343648d9cb72b0f3cb86/execute/async - {"script":"<script> [776 bytes]","args":[{"enterText":"Z001","selector":{"controlType":"sap.m.Input","viewName":"etm.portal.ui.manageyards.view.New","viewId":"application-manageyards-display-component---NewYard","bindingPath":{"path":"","propertyPath":"/CONTROLLING_AREA","modelName":"NewYardModel"},"interaction":{"idSuffix":"inner"}},"clearTextFirst":true,"interactionType":"ENTER_TEXT"}]}
RESULT: {}
RESULT: {"script":"<script> [776 bytes]","args":[{"enterText":"Z001","selector":{"controlType":"sap.m.Input","viewName":"etm.portal.ui.manageyards.view.New","viewId":"application-manageyards-display-component---NewYard","bindingPath":{"path":"","propertyPath":"/CONTROLLING_AREA","modelName":"NewYardModel"},"interaction":{"idSuffix":"inner"}},"clearTextFirst":true,"interactionType":"ENTER_TEXT"}]}
COMMAND: POST /session/ec0d9efabda4343648d9cb72b0f3cb86/execute/async - {"script":"<script> [1562 bytes]","args":[{"selector":{"id":"application-manageyards-display-component---NewYard--companyCodeComboBox","interaction":{"idSuffix":"inner"}},"wdio_ui5_key":"applicationmanageyards-display-component---NewYard--companyCodeComboBox"}]}
RESULT: {"script":"<script> [1562 bytes]","args":[{"selector":{"id":"application-manageyards-display-component---NewYard--companyCodeComboBox","interaction":{"idSuffix":"inner"}},"wdio_ui5_key":"applicationmanageyards-display-component---NewYard--companyCodeComboBox"}]}
RESULT: undefined
COMMAND: POST /session/ec0d9efabda4343648d9cb72b0f3cb86/execute/async - {"script":"<script> [776 bytes]","args":[{"enterText":"1000","selector":{"id":"application-manageyards-display-component---NewYard--companyCodeComboBox","interaction":{"idSuffix":"inner"}},"clearTextFirst":true,"interactionType":"ENTER_TEXT"}]}
RESULT: {"script":"<script> [776 bytes]","args":[{"enterText":"1000","selector":{"id":"application-manageyards-display-component---NewYard--companyCodeComboBox","interaction":{"idSuffix":"inner"}},"clearTextFirst":true,"interactionType":"ENTER_TEXT"}]}
COMMAND: POST /session/ec0d9efabda4343648d9cb72b0f3cb86/execute/async - {"script":"<script> [1562 bytes]","args":[{"selector":{"controlType":"sap.m.Input","viewName":"etm.portal.ui.manageyards.view.New","viewId":"application-manageyards-display-component---NewYard","bindingPath":{"path":"","propertyPath":"/PLANT","modelName":"NewYardModel"},"interaction":{"idSuffix":"inner"}},"wdio_ui5_key":"etmportal.ui.manageyards.view.Newsap.m.Input{\"path\":\"\",\"propertyPath\":\"/PLANT\",\"modelName\":\"NewYardModel\"}"}]}
RESULT: {"script":"<script> [1562 bytes]","args":[{"selector":{"controlType":"sap.m.Input","viewName":"etm.portal.ui.manageyards.view.New","viewId":"application-manageyards-display-component---NewYard","bindingPath":{"path":"","propertyPath":"/PLANT","modelName":"NewYardModel"},"interaction":{"idSuffix":"inner"}},"wdio_ui5_key":"etmportal.ui.manageyards.view.Newsap.m.Input{\"path\":\"\",\"propertyPath\":\"/PLANT\",\"modelName\":\"NewYardModel\"}"}]}
RESULT: undefined
COMMAND: POST /session/ec0d9efabda4343648d9cb72b0f3cb86/execute/async - {"script":"<script> [776 bytes]","args":[{"enterText":"1001","selector":{"controlType":"sap.m.Input","viewName":"etm.portal.ui.manageyards.view.New","viewId":"application-manageyards-display-component---NewYard","bindingPath":{"path":"","propertyPath":"/PLANT","modelName":"NewYardModel"},"interaction":{"idSuffix":"inner"}},"clearTextFirst":true,"interactionType":"ENTER_TEXT"}]}
RESULT: {"script":"<script> [776 bytes]","args":[{"enterText":"1001","selector":{"controlType":"sap.m.Input","viewName":"etm.portal.ui.manageyards.view.New","viewId":"application-manageyards-display-component---NewYard","bindingPath":{"path":"","propertyPath":"/PLANT","modelName":"NewYardModel"},"interaction":{"idSuffix":"inner"}},"clearTextFirst":true,"interactionType":"ENTER_TEXT"}]}
COMMAND: POST /session/ec0d9efabda4343648d9cb72b0f3cb86/execute/async - {"script":"<script> [1562 bytes]","args":[{"selector":{"controlType":"sap.m.Input","viewName":"etm.portal.ui.manageyards.view.New","viewId":"application-manageyards-display-component---NewYard","bindingPath":{"path":"","propertyPath":"/SALES_AREA_VKORG","modelName":"NewYardModel"},"interaction":{"idSuffix":"inner"}},"wdio_ui5_key":"etmportal.ui.manageyards.view.Newsap.m.Input{\"path\":\"\",\"propertyPath\":\"/SALES_AREA_VKORG\",\"modelName\":\"NewYardModel\"}"}]}
RESULT: {"script":"<script> [1562 bytes]","args":[{"selector":{"controlType":"sap.m.Input","viewName":"etm.portal.ui.manageyards.view.New","viewId":"application-manageyards-display-component---NewYard","bindingPath":{"path":"","propertyPath":"/SALES_AREA_VKORG","modelName":"NewYardModel"},"interaction":{"idSuffix":"inner"}},"wdio_ui5_key":"etmportal.ui.manageyards.view.Newsap.m.Input{\"path\":\"\",\"propertyPath\":\"/SALES_AREA_VKORG\",\"modelName\":\"NewYardModel\"}"}]}
RESULT: undefined
COMMAND: POST /session/ec0d9efabda4343648d9cb72b0f3cb86/execute/async - {"script":"<script> [776 bytes]","args":[{"enterText":"C002","selector":{"controlType":"sap.m.Input","viewName":"etm.portal.ui.manageyards.view.New","viewId":"application-manageyards-display-component---NewYard","bindingPath":{"path":"","propertyPath":"/SALES_AREA_VKORG","modelName":"NewYardModel"},"interaction":{"idSuffix":"inner"}},"clearTextFirst":true,"interactionType":"ENTER_TEXT"}]}
RESULT: {"script":"<script> [776 bytes]","args":[{"enterText":"C002","selector":{"controlType":"sap.m.Input","viewName":"etm.portal.ui.manageyards.view.New","viewId":"application-manageyards-display-component---NewYard","bindingPath":{"path":"","propertyPath":"/SALES_AREA_VKORG","modelName":"NewYardModel"},"interaction":{"idSuffix":"inner"}},"clearTextFirst":true,"interactionType":"ENTER_TEXT"}]}
COMMAND: POST /session/ec0d9efabda4343648d9cb72b0f3cb86/execute/async - {"script":"<script> [1562 bytes]","args":[{"selector":{"controlType":"sap.m.Input","viewName":"etm.portal.ui.manageyards.view.New","viewId":"application-manageyards-display-component---NewYard","bindingPath":{"path":"","propertyPath":"/SALES_AREA_VTWEG","modelName":"NewYardModel"},"interaction":{"idSuffix":"inner"}},"wdio_ui5_key":"etmportal.ui.manageyards.view.Newsap.m.Input{\"path\":\"\",\"propertyPath\":\"/SALES_AREA_VTWEG\",\"modelName\":\"NewYardModel\"}"}]}
RESULT: {"script":"<script> [1562 bytes]","args":[{"selector":{"controlType":"sap.m.Input","viewName":"etm.portal.ui.manageyards.view.New","viewId":"application-manageyards-display-component---NewYard","bindingPath":{"path":"","propertyPath":"/SALES_AREA_VTWEG","modelName":"NewYardModel"},"interaction":{"idSuffix":"inner"}},"wdio_ui5_key":"etmportal.ui.manageyards.view.Newsap.m.Input{\"path\":\"\",\"propertyPath\":\"/SALES_AREA_VTWEG\",\"modelName\":\"NewYardModel\"}"}]}
RESULT: undefined
COMMAND: POST /session/ec0d9efabda4343648d9cb72b0f3cb86/execute/async - {"script":"<script> [776 bytes]","args":[{"enterText":"C2","selector":{"controlType":"sap.m.Input","viewName":"etm.portal.ui.manageyards.view.New","viewId":"application-manageyards-display-component---NewYard","bindingPath":{"path":"","propertyPath":"/SALES_AREA_VTWEG","modelName":"NewYardModel"},"interaction":{"idSuffix":"inner"}},"clearTextFirst":true,"interactionType":"ENTER_TEXT"}]}
RESULT: {"script":"<script> [776 bytes]","args":[{"enterText":"C2","selector":{"controlType":"sap.m.Input","viewName":"etm.portal.ui.manageyards.view.New","viewId":"application-manageyards-display-component---NewYard","bindingPath":{"path":"","propertyPath":"/SALES_AREA_VTWEG","modelName":"NewYardModel"},"interaction":{"idSuffix":"inner"}},"clearTextFirst":true,"interactionType":"ENTER_TEXT"}]}
COMMAND: POST /session/ec0d9efabda4343648d9cb72b0f3cb86/execute/async - {"script":"<script> [1562 bytes]","args":[{"selector":{"controlType":"sap.m.Input","viewName":"etm.portal.ui.manageyards.view.New","viewId":"application-manageyards-display-component---NewYard","bindingPath":{"path":"","propertyPath":"/SALES_AREA_SPART","modelName":"NewYardModel"},"interaction":{"idSuffix":"inner"}},"wdio_ui5_key":"etmportal.ui.manageyards.view.Newsap.m.Input{\"path\":\"\",\"propertyPath\":\"/SALES_AREA_SPART\",\"modelName\":\"NewYardModel\"}"}]}
RESULT: {"script":"<script> [1562 bytes]","args":[{"selector":{"controlType":"sap.m.Input","viewName":"etm.portal.ui.manageyards.view.New","viewId":"application-manageyards-display-component---NewYard","bindingPath":{"path":"","propertyPath":"/SALES_AREA_SPART","modelName":"NewYardModel"},"interaction":{"idSuffix":"inner"}},"wdio_ui5_key":"etmportal.ui.manageyards.view.Newsap.m.Input{\"path\":\"\",\"propertyPath\":\"/SALES_AREA_SPART\",\"modelName\":\"NewYardModel\"}"}]}
RESULT: undefined
COMMAND: POST /session/ec0d9efabda4343648d9cb72b0f3cb86/execute/async - {"script":"<script> [776 bytes]","args":[{"enterText":"C2","selector":{"controlType":"sap.m.Input","viewName":"etm.portal.ui.manageyards.view.New","viewId":"application-manageyards-display-component---NewYard","bindingPath":{"path":"","propertyPath":"/SALES_AREA_SPART","modelName":"NewYardModel"},"interaction":{"idSuffix":"inner"}},"clearTextFirst":true,"interactionType":"ENTER_TEXT"}]}
RESULT: {"script":"<script> [776 bytes]","args":[{"enterText":"C2","selector":{"controlType":"sap.m.Input","viewName":"etm.portal.ui.manageyards.view.New","viewId":"application-manageyards-display-component---NewYard","bindingPath":{"path":"","propertyPath":"/SALES_AREA_SPART","modelName":"NewYardModel"},"interaction":{"idSuffix":"inner"}},"clearTextFirst":true,"interactionType":"ENTER_TEXT"}]}
COMMAND: POST /session/ec0d9efabda4343648d9cb72b0f3cb86/execute/async - {"script":"<script> [1562 bytes]","args":[{"selector":{"controlType":"sap.m.Input","viewName":"etm.portal.ui.manageyards.view.New","viewId":"application-manageyards-display-component---NewYard","bindingPath":{"path":"","propertyPath":"/SHIP_POINT","modelName":"NewYardModel"},"interaction":{"idSuffix":"inner"}},"wdio_ui5_key":"etmportal.ui.manageyards.view.Newsap.m.Input{\"path\":\"\",\"propertyPath\":\"/SHIP_POINT\",\"modelName\":\"NewYardModel\"}"}]}
RESULT: {"script":"<script> [1562 bytes]","args":[{"selector":{"controlType":"sap.m.Input","viewName":"etm.portal.ui.manageyards.view.New","viewId":"application-manageyards-display-component---NewYard","bindingPath":{"path":"","propertyPath":"/SHIP_POINT","modelName":"NewYardModel"},"interaction":{"idSuffix":"inner"}},"wdio_ui5_key":"etmportal.ui.manageyards.view.Newsap.m.Input{\"path\":\"\",\"propertyPath\":\"/SHIP_POINT\",\"modelName\":\"NewYardModel\"}"}]}
RESULT: undefined
COMMAND: POST /session/ec0d9efabda4343648d9cb72b0f3cb86/execute/async - {"script":"<script> [776 bytes]","args":[{"enterText":"1710","selector":{"controlType":"sap.m.Input","viewName":"etm.portal.ui.manageyards.view.New","viewId":"application-manageyards-display-component---NewYard","bindingPath":{"path":"","propertyPath":"/SHIP_POINT","modelName":"NewYardModel"},"interaction":{"idSuffix":"inner"}},"clearTextFirst":true,"interactionType":"ENTER_TEXT"}]}
RESULT: {"script":"<script> [776 bytes]","args":[{"enterText":"1710","selector":{"controlType":"sap.m.Input","viewName":"etm.portal.ui.manageyards.view.New","viewId":"application-manageyards-display-component---NewYard","bindingPath":{"path":"","propertyPath":"/SHIP_POINT","modelName":"NewYardModel"},"interaction":{"idSuffix":"inner"}},"clearTextFirst":true,"interactionType":"ENTER_TEXT"}]}
COMMAND: POST /session/ec0d9efabda4343648d9cb72b0f3cb86/execute/async - {"script":"<script> [1562 bytes]","args":[{"selector":{"controlType":"sap.m.Input","viewName":"etm.portal.ui.manageyards.view.New","viewId":"application-manageyards-display-component---NewYard","bindingPath":{"path":"","propertyPath":"/DELIVERY_TYPE","modelName":"NewYardModel"},"interaction":{"idSuffix":"inner"}},"wdio_ui5_key":"etmportal.ui.manageyards.view.Newsap.m.Input{\"path\":\"\",\"propertyPath\":\"/DELIVERY_TYPE\",\"modelName\":\"NewYardModel\"}"}]}
RESULT: {"script":"<script> [1562 bytes]","args":[{"selector":{"controlType":"sap.m.Input","viewName":"etm.portal.ui.manageyards.view.New","viewId":"application-manageyards-display-component---NewYard","bindingPath":{"path":"","propertyPath":"/DELIVERY_TYPE","modelName":"NewYardModel"},"interaction":{"idSuffix":"inner"}},"wdio_ui5_key":"etmportal.ui.manageyards.view.Newsap.m.Input{\"path\":\"\",\"propertyPath\":\"/DELIVERY_TYPE\",\"modelName\":\"NewYardModel\"}"}]}
RESULT: undefined
COMMAND: POST /session/ec0d9efabda4343648d9cb72b0f3cb86/execute/async - {"script":"<script> [776 bytes]","args":[{"enterText":"ZL01","selector":{"controlType":"sap.m.Input","viewName":"etm.portal.ui.manageyards.view.New","viewId":"application-manageyards-display-component---NewYard","bindingPath":{"path":"","propertyPath":"/DELIVERY_TYPE","modelName":"NewYardModel"},"interaction":{"idSuffix":"inner"}},"clearTextFirst":true,"interactionType":"ENTER_TEXT"}]}
RESULT: {"script":"<script> [776 bytes]","args":[{"enterText":"ZL01","selector":{"controlType":"sap.m.Input","viewName":"etm.portal.ui.manageyards.view.New","viewId":"application-manageyards-display-component---NewYard","bindingPath":{"path":"","propertyPath":"/DELIVERY_TYPE","modelName":"NewYardModel"},"interaction":{"idSuffix":"inner"}},"clearTextFirst":true,"interactionType":"ENTER_TEXT"}]}
COMMAND: POST /session/ec0d9efabda4343648d9cb72b0f3cb86/execute/async - {"script":"<script> [1562 bytes]","args":[{"selector":{"controlType":"sap.m.Input","viewName":"etm.portal.ui.manageyards.view.New","viewId":"application-manageyards-display-component---NewYard","bindingPath":{"path":"","propertyPath":"/AUART","modelName":"NewYardModel"},"interaction":{"idSuffix":"inner"}},"wdio_ui5_key":"etmportal.ui.manageyards.view.Newsap.m.Input{\"path\":\"\",\"propertyPath\":\"/AUART\",\"modelName\":\"NewYardModel\"}"}]}
RESULT: {"script":"<script> [1562 bytes]","args":[{"selector":{"controlType":"sap.m.Input","viewName":"etm.portal.ui.manageyards.view.New","viewId":"application-manageyards-display-component---NewYard","bindingPath":{"path":"","propertyPath":"/AUART","modelName":"NewYardModel"},"interaction":{"idSuffix":"inner"}},"wdio_ui5_key":"etmportal.ui.manageyards.view.Newsap.m.Input{\"path\":\"\",\"propertyPath\":\"/AUART\",\"modelName\":\"NewYardModel\"}"}]}
RESULT: undefined
COMMAND: POST /session/ec0d9efabda4343648d9cb72b0f3cb86/execute/async - {"script":"<script> [776 bytes]","args":[{"enterText":"TA","selector":{"controlType":"sap.m.Input","viewName":"etm.portal.ui.manageyards.view.New","viewId":"application-manageyards-display-component---NewYard","bindingPath":{"path":"","propertyPath":"/AUART","modelName":"NewYardModel"},"interaction":{"idSuffix":"inner"}},"clearTextFirst":true,"interactionType":"ENTER_TEXT"}]}
RESULT: {"script":"<script> [776 bytes]","args":[{"enterText":"TA","selector":{"controlType":"sap.m.Input","viewName":"etm.portal.ui.manageyards.view.New","viewId":"application-manageyards-display-component---NewYard","bindingPath":{"path":"","propertyPath":"/AUART","modelName":"NewYardModel"},"interaction":{"idSuffix":"inner"}},"clearTextFirst":true,"interactionType":"ENTER_TEXT"}]}
COMMAND: POST /session/ec0d9efabda4343648d9cb72b0f3cb86/element - {"using":"xpath","value":"//button[@data-kt=\"newYardSaveButton\"]"}
RESULT: {"using":"xpath","value":"//button[@data-kt=\"newYardSaveButton\"]"}
COMMAND: POST /session/ec0d9efabda4343648d9cb72b0f3cb86/element/f.8EB935D97E6AC9CFADA6E020F02EE9AE.d.C217A9067F161658B5EFDEAD06043BC2.e.717/click - {}
RESULT: {}
COMMAND: GET /session/ec0d9efabda4343648d9cb72b0f3cb86/screenshot - {}
RESULT: {}
COMMAND: POST /session/ec0d9efabda4343648d9cb72b0f3cb86/element - {"using":"xpath","value":"//header[contains(@id, 'ObjectPageLayout-headerTitle')]/div[1]/div[2]/div[1]/span[1]"}
RESULT: {"using":"xpath","value":"//header[contains(@id, 'ObjectPageLayout-headerTitle')]/div[1]/div[2]/div[1]/span[1]"}
COMMAND: POST /session/ec0d9efabda4343648d9cb72b0f3cb86/elements - {"using":"xpath","value":"//header[contains(@id, 'ObjectPageLayout-headerTitle')]/div[1]/div[2]/div[1]/span[1]"}
RESULT: {"using":"xpath","value":"//header[contains(@id, 'ObjectPageLayout-headerTitle')]/div[1]/div[2]/div[1]/span[1]"}
COMMAND: POST /session/ec0d9efabda4343648d9cb72b0f3cb86/execute/sync - {"script":"<script> [56 bytes]","args":[{"element-6066-11e4-a52e-4f735466cecf":"f.8EB935D97E6AC9CFADA6E020F02EE9AE.d.C217A9067F161658B5EFDEAD06043BC2.e.1012","ELEMENT":"f.8EB935D97E6AC9CFADA6E020F02EE9AE.d.C217A9067F161658B5EFDEAD06043BC2.e.1012"}]}
RESULT: {"script":"<script> [56 bytes]","args":[{"element-6066-11e4-a52e-4f735466cecf":"f.8EB935D97E6AC9CFADA6E020F02EE9AE.d.C217A9067F161658B5EFDEAD06043BC2.e.1012","ELEMENT":"f.8EB935D97E6AC9CFADA6E020F02EE9AE.d.C217A9067F161658B5EFDEAD06043BC2.e.1012"}]}
COMMAND: GET /session/ec0d9efabda4343648d9cb72b0f3cb86/screenshot - {}
RESULT: {}
COMMAND: POST /session/ec0d9efabda4343648d9cb72b0f3cb86/element - {"using":"css selector","value":"#shell-header-logo"}
RESULT: {"using":"css selector","value":"#shell-header-logo"}
COMMAND: POST /session/ec0d9efabda4343648d9cb72b0f3cb86/element/f.8EB935D97E6AC9CFADA6E020F02EE9AE.d.C217A9067F161658B5EFDEAD06043BC2.e.270/click - {}
RESULT: {}
COMMAND: GET /session/ec0d9efabda4343648d9cb72b0f3cb86/screenshot - {}
RESULT: {}
COMMAND: POST /session/ec0d9efabda4343648d9cb72b0f3cb86/execute/sync - {"script":"<script> [299 bytes]","args":[["getModel","getResource"]]}
RESULT: {"script":"<script> [299 bytes]","args":[["getModel","getResource"]]}
COMMAND: GET /session/ec0d9efabda4343648d9cb72b0f3cb86/screenshot - {}
]]></system-out>
    </testcase>
    <testcase classname="chrome.136_0_7103_93.windows.Tests_for_Mass_State_Change_on_Manage_States_&amp;_Performances_US104416_US" name="Prereq Should create a new partner" time="146.189">
      <system-out><![CDATA[
COMMAND: POST /session/ec0d9efabda4343648d9cb72b0f3cb86/window/fullscreen - {}
RESULT: {}
RESULT: {}
COMMAND: POST /session/ec0d9efabda4343648d9cb72b0f3cb86/execute/async - {"script":"<script> [1562 bytes]","args":[{"selector":{"controlType":"sap.m.GenericTile","properties":{"header":"Manage Partners"}},"wdio_ui5_key":"sapm.GenericTile{\"header\":\"Manage Partners\"}"}]}
RESULT: {"script":"<script> [1562 bytes]","args":[{"selector":{"controlType":"sap.m.GenericTile","properties":{"header":"Manage Partners"}},"wdio_ui5_key":"sapm.GenericTile{\"header\":\"Manage Partners\"}"}]}
RESULT: undefined
COMMAND: POST /session/ec0d9efabda4343648d9cb72b0f3cb86/element - {"using":"xpath","value":"//*[@id=\"__tile38\"]"}
RESULT: {"using":"xpath","value":"//*[@id=\"__tile38\"]"}
COMMAND: POST /session/ec0d9efabda4343648d9cb72b0f3cb86/element/f.8EB935D97E6AC9CFADA6E020F02EE9AE.d.C217A9067F161658B5EFDEAD06043BC2.e.157/click - {}
RESULT: {}
COMMAND: GET /session/ec0d9efabda4343648d9cb72b0f3cb86/screenshot - {}
RESULT: {}
COMMAND: POST /session/ec0d9efabda4343648d9cb72b0f3cb86/elements - {"using":"xpath","value":"//span[text()='Error']"}
RESULT: {"using":"xpath","value":"//span[text()='Error']"}
COMMAND: POST /session/ec0d9efabda4343648d9cb72b0f3cb86/element - {"using":"xpath","value":"//button[@data-kt=\"addButton\"]"}
RESULT: {"using":"xpath","value":"//button[@data-kt=\"addButton\"]"}
COMMAND: POST /session/ec0d9efabda4343648d9cb72b0f3cb86/elements - {"using":"xpath","value":"//button[@data-kt=\"addButton\"]"}
RESULT: {"using":"xpath","value":"//button[@data-kt=\"addButton\"]"}
COMMAND: POST /session/ec0d9efabda4343648d9cb72b0f3cb86/elements - {"using":"xpath","value":"//button[@data-kt=\"addButton\"]"}
RESULT: {"using":"xpath","value":"//button[@data-kt=\"addButton\"]"}
COMMAND: POST /session/ec0d9efabda4343648d9cb72b0f3cb86/element - {"using":"xpath","value":"//button[@data-kt=\"addButton\"]"}
RESULT: {"using":"xpath","value":"//button[@data-kt=\"addButton\"]"}
COMMAND: POST /session/ec0d9efabda4343648d9cb72b0f3cb86/execute/sync - {"script":"<script> [8489 bytes]","args":[{"element-6066-11e4-a52e-4f735466cecf":"f.8EB935D97E6AC9CFADA6E020F02EE9AE.d.C217A9067F161658B5EFDEAD06043BC2.e.1050","ELEMENT":"f.8EB935D97E6AC9CFADA6E020F02EE9AE.d.C217A9067F161658B5EFDEAD06043BC2.e.1050"}]}
RESULT: {"script":"<script> [8489 bytes]","args":[{"element-6066-11e4-a52e-4f735466cecf":"f.8EB935D97E6AC9CFADA6E020F02EE9AE.d.C217A9067F161658B5EFDEAD06043BC2.e.1050","ELEMENT":"f.8EB935D97E6AC9CFADA6E020F02EE9AE.d.C217A9067F161658B5EFDEAD06043BC2.e.1050"}]}
COMMAND: GET /session/ec0d9efabda4343648d9cb72b0f3cb86/element/f.8EB935D97E6AC9CFADA6E020F02EE9AE.d.C217A9067F161658B5EFDEAD06043BC2.e.1050/enabled - {}
COMMAND: GET /session/ec0d9efabda4343648d9cb72b0f3cb86/screenshot - {}
RESULT: {}
COMMAND: POST /session/ec0d9efabda4343648d9cb72b0f3cb86/execute/sync - {"script":"<script> [8489 bytes]","args":[{"element-6066-11e4-a52e-4f735466cecf":"f.8EB935D97E6AC9CFADA6E020F02EE9AE.d.C217A9067F161658B5EFDEAD06043BC2.e.1050","ELEMENT":"f.8EB935D97E6AC9CFADA6E020F02EE9AE.d.C217A9067F161658B5EFDEAD06043BC2.e.1050"}]}
COMMAND: GET /session/ec0d9efabda4343648d9cb72b0f3cb86/screenshot - {}
RESULT: {}
RESULT: {"script":"<script> [8489 bytes]","args":[{"element-6066-11e4-a52e-4f735466cecf":"f.8EB935D97E6AC9CFADA6E020F02EE9AE.d.C217A9067F161658B5EFDEAD06043BC2.e.1050","ELEMENT":"f.8EB935D97E6AC9CFADA6E020F02EE9AE.d.C217A9067F161658B5EFDEAD06043BC2.e.1050"}]}
COMMAND: POST /session/ec0d9efabda4343648d9cb72b0f3cb86/execute/sync - {"script":"<script> [5351 bytes]","args":[{"element-6066-11e4-a52e-4f735466cecf":"f.8EB935D97E6AC9CFADA6E020F02EE9AE.d.C217A9067F161658B5EFDEAD06043BC2.e.1050","ELEMENT":"f.8EB935D97E6AC9CFADA6E020F02EE9AE.d.C217A9067F161658B5EFDEAD06043BC2.e.1050"}]}
COMMAND: GET /session/ec0d9efabda4343648d9cb72b0f3cb86/screenshot - {}
RESULT: {}
RESULT: {"script":"<script> [5351 bytes]","args":[{"element-6066-11e4-a52e-4f735466cecf":"f.8EB935D97E6AC9CFADA6E020F02EE9AE.d.C217A9067F161658B5EFDEAD06043BC2.e.1050","ELEMENT":"f.8EB935D97E6AC9CFADA6E020F02EE9AE.d.C217A9067F161658B5EFDEAD06043BC2.e.1050"}]}
COMMAND: POST /session/ec0d9efabda4343648d9cb72b0f3cb86/element/f.8EB935D97E6AC9CFADA6E020F02EE9AE.d.C217A9067F161658B5EFDEAD06043BC2.e.1050/click - {}
COMMAND: GET /session/ec0d9efabda4343648d9cb72b0f3cb86/screenshot - {}
RESULT: {}
RESULT: {}
COMMAND: GET /session/ec0d9efabda4343648d9cb72b0f3cb86/screenshot - {}
COMMAND: POST /session/ec0d9efabda4343648d9cb72b0f3cb86/execute/async - {"script":"<script> [1562 bytes]","args":[{"selector":{"id":"application-managepartners-display-component---NewPartner--addressDetailDetailsName1","interaction":{"idSuffix":"inner"}},"wdio_ui5_key":"applicationmanagepartners-display-component---NewPartner--addressDetailDetailsName1"}]}
RESULT: {}
RESULT: {}
RESULT: {"script":"<script> [1562 bytes]","args":[{"selector":{"id":"application-managepartners-display-component---NewPartner--addressDetailDetailsName1","interaction":{"idSuffix":"inner"}},"wdio_ui5_key":"applicationmanagepartners-display-component---NewPartner--addressDetailDetailsName1"}]}
RESULT: undefined
COMMAND: POST /session/ec0d9efabda4343648d9cb72b0f3cb86/execute/async - {"script":"<script> [776 bytes]","args":[{"enterText":"Intracompany Partner WDIO","selector":{"id":"application-managepartners-display-component---NewPartner--addressDetailDetailsName1","interaction":{"idSuffix":"inner"}},"clearTextFirst":true,"interactionType":"ENTER_TEXT"}]}
RESULT: {"script":"<script> [776 bytes]","args":[{"enterText":"Intracompany Partner WDIO","selector":{"id":"application-managepartners-display-component---NewPartner--addressDetailDetailsName1","interaction":{"idSuffix":"inner"}},"clearTextFirst":true,"interactionType":"ENTER_TEXT"}]}
COMMAND: POST /session/ec0d9efabda4343648d9cb72b0f3cb86/execute/async - {"script":"<script> [1562 bytes]","args":[{"selector":{"id":"application-managepartners-display-component---NewPartner--addressDetailDetailsLanguage-arrow"},"wdio_ui5_key":"applicationmanagepartners-display-component---NewPartner--addressDetailDetailsLanguage-arrow"}]}
RESULT: {"script":"<script> [1562 bytes]","args":[{"selector":{"id":"application-managepartners-display-component---NewPartner--addressDetailDetailsLanguage-arrow"},"wdio_ui5_key":"applicationmanagepartners-display-component---NewPartner--addressDetailDetailsLanguage-arrow"}]}
RESULT: undefined
COMMAND: POST /session/ec0d9efabda4343648d9cb72b0f3cb86/element - {"using":"xpath","value":"//*[@id=\"application-managepartners-display-component---NewPartner--addressDetailDetailsLanguage-arrow\"]"}
RESULT: {"using":"xpath","value":"//*[@id=\"application-managepartners-display-component---NewPartner--addressDetailDetailsLanguage-arrow\"]"}
COMMAND: POST /session/ec0d9efabda4343648d9cb72b0f3cb86/element/f.8EB935D97E6AC9CFADA6E020F02EE9AE.d.C217A9067F161658B5EFDEAD06043BC2.e.1498/click - {}
RESULT: {}
COMMAND: POST /session/ec0d9efabda4343648d9cb72b0f3cb86/element - {"using":"xpath","value":"//span[contains(text(), \"English\")]"}
COMMAND: GET /session/ec0d9efabda4343648d9cb72b0f3cb86/screenshot - {}
RESULT: {"using":"xpath","value":"//span[contains(text(), \"English\")]"}
COMMAND: POST /session/ec0d9efabda4343648d9cb72b0f3cb86/element/f.8EB935D97E6AC9CFADA6E020F02EE9AE.d.C217A9067F161658B5EFDEAD06043BC2.e.1499/click - {}
RESULT: {}
RESULT: {}
COMMAND: GET /session/ec0d9efabda4343648d9cb72b0f3cb86/screenshot - {}
RESULT: {}
COMMAND: POST /session/ec0d9efabda4343648d9cb72b0f3cb86/execute/async - {"script":"<script> [1562 bytes]","args":[{"selector":{"id":"application-managepartners-display-component---NewPartner--addressDetailDetailsCity1","interaction":{"idSuffix":"inner"}},"wdio_ui5_key":"applicationmanagepartners-display-component---NewPartner--addressDetailDetailsCity1"}]}
RESULT: {"script":"<script> [1562 bytes]","args":[{"selector":{"id":"application-managepartners-display-component---NewPartner--addressDetailDetailsCity1","interaction":{"idSuffix":"inner"}},"wdio_ui5_key":"applicationmanagepartners-display-component---NewPartner--addressDetailDetailsCity1"}]}
RESULT: undefined
COMMAND: POST /session/ec0d9efabda4343648d9cb72b0f3cb86/execute/async - {"script":"<script> [776 bytes]","args":[{"enterText":"Rosario","selector":{"id":"application-managepartners-display-component---NewPartner--addressDetailDetailsCity1","interaction":{"idSuffix":"inner"}},"clearTextFirst":true,"interactionType":"ENTER_TEXT"}]}
RESULT: {"script":"<script> [776 bytes]","args":[{"enterText":"Rosario","selector":{"id":"application-managepartners-display-component---NewPartner--addressDetailDetailsCity1","interaction":{"idSuffix":"inner"}},"clearTextFirst":true,"interactionType":"ENTER_TEXT"}]}
COMMAND: POST /session/ec0d9efabda4343648d9cb72b0f3cb86/execute/async - {"script":"<script> [1562 bytes]","args":[{"selector":{"id":"application-managepartners-display-component---NewPartner--addressDetailDetailsCountry-arrow"},"wdio_ui5_key":"applicationmanagepartners-display-component---NewPartner--addressDetailDetailsCountry-arrow"}]}
RESULT: {"script":"<script> [1562 bytes]","args":[{"selector":{"id":"application-managepartners-display-component---NewPartner--addressDetailDetailsCountry-arrow"},"wdio_ui5_key":"applicationmanagepartners-display-component---NewPartner--addressDetailDetailsCountry-arrow"}]}
RESULT: undefined
COMMAND: POST /session/ec0d9efabda4343648d9cb72b0f3cb86/element - {"using":"xpath","value":"//*[@id=\"application-managepartners-display-component---NewPartner--addressDetailDetailsCountry-arrow\"]"}
RESULT: {"using":"xpath","value":"//*[@id=\"application-managepartners-display-component---NewPartner--addressDetailDetailsCountry-arrow\"]"}
COMMAND: POST /session/ec0d9efabda4343648d9cb72b0f3cb86/element/f.8EB935D97E6AC9CFADA6E020F02EE9AE.d.C217A9067F161658B5EFDEAD06043BC2.e.1455/click - {}
RESULT: {}
COMMAND: POST /session/ec0d9efabda4343648d9cb72b0f3cb86/element - {"using":"xpath","value":"//span[contains(text(), \"Argentina\")]"}
COMMAND: GET /session/ec0d9efabda4343648d9cb72b0f3cb86/screenshot - {}
RESULT: {"using":"xpath","value":"//span[contains(text(), \"Argentina\")]"}
COMMAND: POST /session/ec0d9efabda4343648d9cb72b0f3cb86/element/f.8EB935D97E6AC9CFADA6E020F02EE9AE.d.C217A9067F161658B5EFDEAD06043BC2.e.1501/click - {}
RESULT: {}
RESULT: {}
COMMAND: GET /session/ec0d9efabda4343648d9cb72b0f3cb86/screenshot - {}
RESULT: {}
COMMAND: POST /session/ec0d9efabda4343648d9cb72b0f3cb86/element - {"using":"xpath","value":"//bdi[contains(text(), \"Commercial\")]"}
RESULT: {"using":"xpath","value":"//bdi[contains(text(), \"Commercial\")]"}
COMMAND: POST /session/ec0d9efabda4343648d9cb72b0f3cb86/element/f.8EB935D97E6AC9CFADA6E020F02EE9AE.d.C217A9067F161658B5EFDEAD06043BC2.e.1502/click - {}
RESULT: {}
COMMAND: GET /session/ec0d9efabda4343648d9cb72b0f3cb86/screenshot - {}
RESULT: {}
COMMAND: POST /session/ec0d9efabda4343648d9cb72b0f3cb86/execute/async - {"script":"<script> [1562 bytes]","args":[{"selector":{"id":"application-managepartners-display-component---NewPartner--partnerDetailInternal-arrow"},"wdio_ui5_key":"applicationmanagepartners-display-component---NewPartner--partnerDetailInternal-arrow"}]}
RESULT: {"script":"<script> [1562 bytes]","args":[{"selector":{"id":"application-managepartners-display-component---NewPartner--partnerDetailInternal-arrow"},"wdio_ui5_key":"applicationmanagepartners-display-component---NewPartner--partnerDetailInternal-arrow"}]}
RESULT: undefined
COMMAND: POST /session/ec0d9efabda4343648d9cb72b0f3cb86/element - {"using":"xpath","value":"//*[@id=\"application-managepartners-display-component---NewPartner--partnerDetailInternal-arrow\"]"}
RESULT: {"using":"xpath","value":"//*[@id=\"application-managepartners-display-component---NewPartner--partnerDetailInternal-arrow\"]"}
COMMAND: POST /session/ec0d9efabda4343648d9cb72b0f3cb86/element/f.8EB935D97E6AC9CFADA6E020F02EE9AE.d.C217A9067F161658B5EFDEAD06043BC2.e.1508/click - {}
RESULT: {}
COMMAND: POST /session/ec0d9efabda4343648d9cb72b0f3cb86/element - {"using":"xpath","value":"//span[contains(text(), \"Affiliated company\")]"}
COMMAND: GET /session/ec0d9efabda4343648d9cb72b0f3cb86/screenshot - {}
RESULT: {"using":"xpath","value":"//span[contains(text(), \"Affiliated company\")]"}
COMMAND: POST /session/ec0d9efabda4343648d9cb72b0f3cb86/element/f.8EB935D97E6AC9CFADA6E020F02EE9AE.d.C217A9067F161658B5EFDEAD06043BC2.e.1509/click - {}
RESULT: {}
RESULT: {}
COMMAND: POST /session/ec0d9efabda4343648d9cb72b0f3cb86/execute/async - {"script":"<script> [1562 bytes]","args":[{"selector":{"id":"application-managepartners-display-component---NewPartner--partnerDetailsCurrency-arrow"},"wdio_ui5_key":"applicationmanagepartners-display-component---NewPartner--partnerDetailsCurrency-arrow"}]}
COMMAND: GET /session/ec0d9efabda4343648d9cb72b0f3cb86/screenshot - {}
RESULT: {"script":"<script> [1562 bytes]","args":[{"selector":{"id":"application-managepartners-display-component---NewPartner--partnerDetailsCurrency-arrow"},"wdio_ui5_key":"applicationmanagepartners-display-component---NewPartner--partnerDetailsCurrency-arrow"}]}
RESULT: undefined
COMMAND: POST /session/ec0d9efabda4343648d9cb72b0f3cb86/element - {"using":"xpath","value":"//*[@id=\"application-managepartners-display-component---NewPartner--partnerDetailsCurrency-arrow\"]"}
RESULT: {}
RESULT: {"using":"xpath","value":"//*[@id=\"application-managepartners-display-component---NewPartner--partnerDetailsCurrency-arrow\"]"}
COMMAND: POST /session/ec0d9efabda4343648d9cb72b0f3cb86/element/f.8EB935D97E6AC9CFADA6E020F02EE9AE.d.C217A9067F161658B5EFDEAD06043BC2.e.1516/click - {}
RESULT: {}
COMMAND: POST /session/ec0d9efabda4343648d9cb72b0f3cb86/element - {"using":"xpath","value":"//span[contains(text(), \"Euro\")]"}
COMMAND: GET /session/ec0d9efabda4343648d9cb72b0f3cb86/screenshot - {}
RESULT: {"using":"xpath","value":"//span[contains(text(), \"Euro\")]"}
COMMAND: POST /session/ec0d9efabda4343648d9cb72b0f3cb86/element/f.8EB935D97E6AC9CFADA6E020F02EE9AE.d.C217A9067F161658B5EFDEAD06043BC2.e.1517/click - {}
RESULT: {}
RESULT: {}
COMMAND: POST /session/ec0d9efabda4343648d9cb72b0f3cb86/execute/async - {"script":"<script> [1562 bytes]","args":[{"selector":{"id":"application-managepartners-display-component---NewPartner--addressEditDetailsCostObjectCstType-arrow"},"wdio_ui5_key":"applicationmanagepartners-display-component---NewPartner--addressEditDetailsCostObjectCstType-arrow"}]}
COMMAND: GET /session/ec0d9efabda4343648d9cb72b0f3cb86/screenshot - {}
RESULT: {"script":"<script> [1562 bytes]","args":[{"selector":{"id":"application-managepartners-display-component---NewPartner--addressEditDetailsCostObjectCstType-arrow"},"wdio_ui5_key":"applicationmanagepartners-display-component---NewPartner--addressEditDetailsCostObjectCstType-arrow"}]}
RESULT: undefined
COMMAND: POST /session/ec0d9efabda4343648d9cb72b0f3cb86/element - {"using":"xpath","value":"//*[@id=\"application-managepartners-display-component---NewPartner--addressEditDetailsCostObjectCstType-arrow\"]"}
RESULT: {}
RESULT: {"using":"xpath","value":"//*[@id=\"application-managepartners-display-component---NewPartner--addressEditDetailsCostObjectCstType-arrow\"]"}
COMMAND: POST /session/ec0d9efabda4343648d9cb72b0f3cb86/element/f.8EB935D97E6AC9CFADA6E020F02EE9AE.d.C217A9067F161658B5EFDEAD06043BC2.e.1518/click - {}
RESULT: {}
COMMAND: POST /session/ec0d9efabda4343648d9cb72b0f3cb86/element - {"using":"xpath","value":"//span[contains(text(), \"Cost Center\")]"}
COMMAND: GET /session/ec0d9efabda4343648d9cb72b0f3cb86/screenshot - {}
RESULT: {"using":"xpath","value":"//span[contains(text(), \"Cost Center\")]"}
COMMAND: POST /session/ec0d9efabda4343648d9cb72b0f3cb86/element/f.8EB935D97E6AC9CFADA6E020F02EE9AE.d.C217A9067F161658B5EFDEAD06043BC2.e.1519/click - {}
RESULT: {}
RESULT: {}
COMMAND: GET /session/ec0d9efabda4343648d9cb72b0f3cb86/screenshot - {}
RESULT: {}
COMMAND: POST /session/ec0d9efabda4343648d9cb72b0f3cb86/element - {"using":"xpath","value":"//span[@id=\"application-managepartners-display-component---NewPartner--addressNewCostObjectCstID-vhi\"]"}
RESULT: {"using":"xpath","value":"//span[@id=\"application-managepartners-display-component---NewPartner--addressNewCostObjectCstID-vhi\"]"}
COMMAND: POST /session/ec0d9efabda4343648d9cb72b0f3cb86/execute/sync - {"script":"<script> [8489 bytes]","args":[{"element-6066-11e4-a52e-4f735466cecf":"f.8EB935D97E6AC9CFADA6E020F02EE9AE.d.C217A9067F161658B5EFDEAD06043BC2.e.1523","ELEMENT":"f.8EB935D97E6AC9CFADA6E020F02EE9AE.d.C217A9067F161658B5EFDEAD06043BC2.e.1523"}]}
RESULT: {"script":"<script> [8489 bytes]","args":[{"element-6066-11e4-a52e-4f735466cecf":"f.8EB935D97E6AC9CFADA6E020F02EE9AE.d.C217A9067F161658B5EFDEAD06043BC2.e.1523","ELEMENT":"f.8EB935D97E6AC9CFADA6E020F02EE9AE.d.C217A9067F161658B5EFDEAD06043BC2.e.1523"}]}
COMMAND: POST /session/ec0d9efabda4343648d9cb72b0f3cb86/execute/async - {"script":"<script> [1562 bytes]","args":[{"selector":{"id":"application-managepartners-display-component---NewPartner--addressNewCostObjectCstID-vhi"},"wdio_ui5_key":"applicationmanagepartners-display-component---NewPartner--addressNewCostObjectCstID-vhi"}]}
COMMAND: GET /session/ec0d9efabda4343648d9cb72b0f3cb86/screenshot - {}
RESULT: {"script":"<script> [1562 bytes]","args":[{"selector":{"id":"application-managepartners-display-component---NewPartner--addressNewCostObjectCstID-vhi"},"wdio_ui5_key":"applicationmanagepartners-display-component---NewPartner--addressNewCostObjectCstID-vhi"}]}
RESULT: undefined
COMMAND: POST /session/ec0d9efabda4343648d9cb72b0f3cb86/element - {"using":"xpath","value":"//*[@id=\"application-managepartners-display-component---NewPartner--addressNewCostObjectCstID-vhi\"]"}
RESULT: {}
RESULT: {"using":"xpath","value":"//*[@id=\"application-managepartners-display-component---NewPartner--addressNewCostObjectCstID-vhi\"]"}
COMMAND: POST /session/ec0d9efabda4343648d9cb72b0f3cb86/element/f.8EB935D97E6AC9CFADA6E020F02EE9AE.d.C217A9067F161658B5EFDEAD06043BC2.e.1523/click - {}
RESULT: {}
COMMAND: GET /session/ec0d9efabda4343648d9cb72b0f3cb86/screenshot - {}
RESULT: {}
RESULT: undefined
COMMAND: POST /session/ec0d9efabda4343648d9cb72b0f3cb86/execute/async - {"script":"<script> [776 bytes]","args":[{"enterText":"10001013","selector":{"controlType":"sap.m.SearchField","properties":{"placeholder":"Search"},"searchOpenDialogs":true,"interaction":{"idSuffix":"I"}},"clearTextFirst":true,"interactionType":"ENTER_TEXT"}]}
RESULT: {"script":"<script> [776 bytes]","args":[{"enterText":"10001013","selector":{"controlType":"sap.m.SearchField","properties":{"placeholder":"Search"},"searchOpenDialogs":true,"interaction":{"idSuffix":"I"}},"clearTextFirst":true,"interactionType":"ENTER_TEXT"}]}
COMMAND: POST /session/ec0d9efabda4343648d9cb72b0f3cb86/actions - {"actions":[{"id":"action2","type":"key","parameters":{},"actions":[{"type":"keyDown","value":""},{"type":"pause","duration":10},{"type":"keyUp","value":""}]}]}
RESULT: {"actions":[{"id":"action2","type":"key","parameters":{},"actions":[{"type":"keyDown","value":""},{"type":"pause","duration":10},{"type":"keyUp","value":""}]}]}
COMMAND: GET /session/ec0d9efabda4343648d9cb72b0f3cb86/screenshot - {}
RESULT: {}
COMMAND: POST /session/ec0d9efabda4343648d9cb72b0f3cb86/element - {"using":"xpath","value":"//span[contains(text(), \"General Management\")]"}
RESULT: {"using":"xpath","value":"//span[contains(text(), \"General Management\")]"}
COMMAND: POST /session/ec0d9efabda4343648d9cb72b0f3cb86/element/f.8EB935D97E6AC9CFADA6E020F02EE9AE.d.C217A9067F161658B5EFDEAD06043BC2.e.1562/click - {}
RESULT: {}
COMMAND: GET /session/ec0d9efabda4343648d9cb72b0f3cb86/screenshot - {}
RESULT: {}
COMMAND: POST /session/ec0d9efabda4343648d9cb72b0f3cb86/element - {"using":"xpath","value":"//bdi[contains(text(), \"OK\")]"}
RESULT: {"using":"xpath","value":"//bdi[contains(text(), \"OK\")]"}
COMMAND: POST /session/ec0d9efabda4343648d9cb72b0f3cb86/element/f.8EB935D97E6AC9CFADA6E020F02EE9AE.d.C217A9067F161658B5EFDEAD06043BC2.e.1563/click - {}
RESULT: {}
COMMAND: GET /session/ec0d9efabda4343648d9cb72b0f3cb86/screenshot - {}
RESULT: {}
COMMAND: POST /session/ec0d9efabda4343648d9cb72b0f3cb86/element - {"using":"xpath","value":"//input[@id=\"application-managepartners-display-component---NewPartner--companyCodeComboBox-inner\"]"}
RESULT: {"using":"xpath","value":"//input[@id=\"application-managepartners-display-component---NewPartner--companyCodeComboBox-inner\"]"}
COMMAND: POST /session/ec0d9efabda4343648d9cb72b0f3cb86/element/f.8EB935D97E6AC9CFADA6E020F02EE9AE.d.C217A9067F161658B5EFDEAD06043BC2.e.1450/clear - {}
RESULT: {}
COMMAND: POST /session/ec0d9efabda4343648d9cb72b0f3cb86/element/f.8EB935D97E6AC9CFADA6E020F02EE9AE.d.C217A9067F161658B5EFDEAD06043BC2.e.1450/value - {"text":"1000"}
COMMAND: GET /session/ec0d9efabda4343648d9cb72b0f3cb86/screenshot - {}
RESULT: {"text":"1000"}
COMMAND: GET /session/ec0d9efabda4343648d9cb72b0f3cb86/screenshot - {}
RESULT: {}
RESULT: {}
COMMAND: POST /session/ec0d9efabda4343648d9cb72b0f3cb86/element - {"using":"xpath","value":"//li[.//span[text()= \"1000\"]]"}
RESULT: {"using":"xpath","value":"//li[.//span[text()= \"1000\"]]"}
COMMAND: POST /session/ec0d9efabda4343648d9cb72b0f3cb86/element/f.8EB935D97E6AC9CFADA6E020F02EE9AE.d.C217A9067F161658B5EFDEAD06043BC2.e.1569/click - {}
RESULT: {}
COMMAND: GET /session/ec0d9efabda4343648d9cb72b0f3cb86/screenshot - {}
RESULT: {}
COMMAND: POST /session/ec0d9efabda4343648d9cb72b0f3cb86/execute/async - {"script":"<script> [1562 bytes]","args":[{"selector":{"id":"application-managepartners-display-component---NewPartner--btnAddTableRow-img"},"wdio_ui5_key":"applicationmanagepartners-display-component---NewPartner--btnAddTableRow-img"}]}
RESULT: {"script":"<script> [1562 bytes]","args":[{"selector":{"id":"application-managepartners-display-component---NewPartner--btnAddTableRow-img"},"wdio_ui5_key":"applicationmanagepartners-display-component---NewPartner--btnAddTableRow-img"}]}
RESULT: undefined
COMMAND: POST /session/ec0d9efabda4343648d9cb72b0f3cb86/element - {"using":"xpath","value":"//*[@id=\"application-managepartners-display-component---NewPartner--btnAddTableRow-img\"]"}
RESULT: {"using":"xpath","value":"//*[@id=\"application-managepartners-display-component---NewPartner--btnAddTableRow-img\"]"}
COMMAND: POST /session/ec0d9efabda4343648d9cb72b0f3cb86/element/f.8EB935D97E6AC9CFADA6E020F02EE9AE.d.C217A9067F161658B5EFDEAD06043BC2.e.1570/click - {}
RESULT: {}
COMMAND: GET /session/ec0d9efabda4343648d9cb72b0f3cb86/screenshot - {}
RESULT: {}
COMMAND: POST /session/ec0d9efabda4343648d9cb72b0f3cb86/element - {"using":"xpath","value":"//input[@id=\"application-managepartners-display-component---NewPartner--assignmentYard-application-managepartners-display-component---NewPartner--assignmentsTable-0-inner\"]"}
RESULT: {"using":"xpath","value":"//input[@id=\"application-managepartners-display-component---NewPartner--assignmentYard-application-managepartners-display-component---NewPartner--assignmentsTable-0-inner\"]"}
COMMAND: POST /session/ec0d9efabda4343648d9cb72b0f3cb86/element/f.8EB935D97E6AC9CFADA6E020F02EE9AE.d.C217A9067F161658B5EFDEAD06043BC2.e.1573/clear - {}
RESULT: {}
COMMAND: POST /session/ec0d9efabda4343648d9cb72b0f3cb86/element/f.8EB935D97E6AC9CFADA6E020F02EE9AE.d.C217A9067F161658B5EFDEAD06043BC2.e.1573/value - {"text":"262"}
COMMAND: GET /session/ec0d9efabda4343648d9cb72b0f3cb86/screenshot - {}
RESULT: {"text":"262"}
COMMAND: GET /session/ec0d9efabda4343648d9cb72b0f3cb86/screenshot - {}
RESULT: {}
RESULT: {}
COMMAND: POST /session/ec0d9efabda4343648d9cb72b0f3cb86/element - {"using":"xpath","value":"//li[.//span[text()='262']]"}
RESULT: {"using":"xpath","value":"//li[.//span[text()='262']]"}
COMMAND: POST /session/ec0d9efabda4343648d9cb72b0f3cb86/element/f.8EB935D97E6AC9CFADA6E020F02EE9AE.d.C217A9067F161658B5EFDEAD06043BC2.e.1582/click - {}
RESULT: {}
COMMAND: GET /session/ec0d9efabda4343648d9cb72b0f3cb86/screenshot - {}
RESULT: {}
COMMAND: POST /session/ec0d9efabda4343648d9cb72b0f3cb86/actions - {"actions":[{"id":"action3","type":"key","parameters":{},"actions":[{"type":"keyDown","value":""},{"type":"pause","duration":10},{"type":"keyUp","value":""}]}]}
RESULT: {"actions":[{"id":"action3","type":"key","parameters":{},"actions":[{"type":"keyDown","value":""},{"type":"pause","duration":10},{"type":"keyUp","value":""}]}]}
COMMAND: POST /session/ec0d9efabda4343648d9cb72b0f3cb86/execute/async - {"script":"<script> [1562 bytes]","args":[{"selector":{"id":"application-managepartners-display-component---NewPartner--externalCustomerComboBox-application-managepartners-display-component---NewPartner--assignmentsTable-0-vhi"},"wdio_ui5_key":"applicationmanagepartners-display-component---NewPartner--externalCustomerComboBox-application-managepartners-display-component---NewPartner--assignmentsTable-0-vhi"}]}
COMMAND: GET /session/ec0d9efabda4343648d9cb72b0f3cb86/screenshot - {}
RESULT: {"script":"<script> [1562 bytes]","args":[{"selector":{"id":"application-managepartners-display-component---NewPartner--externalCustomerComboBox-application-managepartners-display-component---NewPartner--assignmentsTable-0-vhi"},"wdio_ui5_key":"applicationmanagepartners-display-component---NewPartner--externalCustomerComboBox-application-managepartners-display-component---NewPartner--assignmentsTable-0-vhi"}]}
RESULT: undefined
COMMAND: POST /session/ec0d9efabda4343648d9cb72b0f3cb86/element - {"using":"xpath","value":"//*[@id=\"application-managepartners-display-component---NewPartner--externalCustomerComboBox-application-managepartners-display-component---NewPartner--assignmentsTable-0-vhi\"]"}
RESULT: {}
RESULT: {"using":"xpath","value":"//*[@id=\"application-managepartners-display-component---NewPartner--externalCustomerComboBox-application-managepartners-display-component---NewPartner--assignmentsTable-0-vhi\"]"}
COMMAND: POST /session/ec0d9efabda4343648d9cb72b0f3cb86/element/f.8EB935D97E6AC9CFADA6E020F02EE9AE.d.C217A9067F161658B5EFDEAD06043BC2.e.1586/click - {}
RESULT: {}
RESULT: undefined
COMMAND: POST /session/ec0d9efabda4343648d9cb72b0f3cb86/execute/async - {"script":"<script> [776 bytes]","args":[{"enterText":"300003","selector":{"controlType":"sap.m.SearchField","properties":{"placeholder":"Search"},"searchOpenDialogs":true,"interaction":{"idSuffix":"I"}},"clearTextFirst":true,"interactionType":"ENTER_TEXT"}]}
COMMAND: GET /session/ec0d9efabda4343648d9cb72b0f3cb86/screenshot - {}
RESULT: {"script":"<script> [776 bytes]","args":[{"enterText":"300003","selector":{"controlType":"sap.m.SearchField","properties":{"placeholder":"Search"},"searchOpenDialogs":true,"interaction":{"idSuffix":"I"}},"clearTextFirst":true,"interactionType":"ENTER_TEXT"}]}
COMMAND: POST /session/ec0d9efabda4343648d9cb72b0f3cb86/actions - {"actions":[{"id":"action4","type":"key","parameters":{},"actions":[{"type":"keyDown","value":""},{"type":"pause","duration":10},{"type":"keyUp","value":""}]}]}
RESULT: {}
RESULT: {"actions":[{"id":"action4","type":"key","parameters":{},"actions":[{"type":"keyDown","value":""},{"type":"pause","duration":10},{"type":"keyUp","value":""}]}]}
COMMAND: GET /session/ec0d9efabda4343648d9cb72b0f3cb86/screenshot - {}
RESULT: {}
COMMAND: POST /session/ec0d9efabda4343648d9cb72b0f3cb86/element - {"using":"xpath","value":"//span[contains(text(), \"300003\")]"}
RESULT: {"using":"xpath","value":"//span[contains(text(), \"300003\")]"}
COMMAND: POST /session/ec0d9efabda4343648d9cb72b0f3cb86/element/f.8EB935D97E6AC9CFADA6E020F02EE9AE.d.C217A9067F161658B5EFDEAD06043BC2.e.1606/click - {}
RESULT: {}
COMMAND: GET /session/ec0d9efabda4343648d9cb72b0f3cb86/screenshot - {}
RESULT: {}
COMMAND: POST /session/ec0d9efabda4343648d9cb72b0f3cb86/element - {"using":"xpath","value":"//bdi[contains(text(), \"OK\")]"}
RESULT: {"using":"xpath","value":"//bdi[contains(text(), \"OK\")]"}
COMMAND: POST /session/ec0d9efabda4343648d9cb72b0f3cb86/element/f.8EB935D97E6AC9CFADA6E020F02EE9AE.d.C217A9067F161658B5EFDEAD06043BC2.e.1608/click - {}
RESULT: {}
COMMAND: GET /session/ec0d9efabda4343648d9cb72b0f3cb86/screenshot - {}
RESULT: {}
COMMAND: POST /session/ec0d9efabda4343648d9cb72b0f3cb86/execute/async - {"script":"<script> [1562 bytes]","args":[{"selector":{"id":"application-managepartners-display-component---NewPartner--intercompVendorComboBox-application-managepartners-display-component---NewPartner--assignmentsTable-0-vhi"},"wdio_ui5_key":"applicationmanagepartners-display-component---NewPartner--intercompVendorComboBox-application-managepartners-display-component---NewPartner--assignmentsTable-0-vhi"}]}
RESULT: {"script":"<script> [1562 bytes]","args":[{"selector":{"id":"application-managepartners-display-component---NewPartner--intercompVendorComboBox-application-managepartners-display-component---NewPartner--assignmentsTable-0-vhi"},"wdio_ui5_key":"applicationmanagepartners-display-component---NewPartner--intercompVendorComboBox-application-managepartners-display-component---NewPartner--assignmentsTable-0-vhi"}]}
RESULT: undefined
COMMAND: POST /session/ec0d9efabda4343648d9cb72b0f3cb86/element - {"using":"xpath","value":"//*[@id=\"application-managepartners-display-component---NewPartner--intercompVendorComboBox-application-managepartners-display-component---NewPartner--assignmentsTable-0-vhi\"]"}
RESULT: {"using":"xpath","value":"//*[@id=\"application-managepartners-display-component---NewPartner--intercompVendorComboBox-application-managepartners-display-component---NewPartner--assignmentsTable-0-vhi\"]"}
COMMAND: POST /session/ec0d9efabda4343648d9cb72b0f3cb86/element/f.8EB935D97E6AC9CFADA6E020F02EE9AE.d.C217A9067F161658B5EFDEAD06043BC2.e.1612/click - {}
RESULT: {}
RESULT: undefined
COMMAND: POST /session/ec0d9efabda4343648d9cb72b0f3cb86/execute/async - {"script":"<script> [776 bytes]","args":[{"enterText":"100005","selector":{"controlType":"sap.m.SearchField","properties":{"placeholder":"Search"},"searchOpenDialogs":true,"interaction":{"idSuffix":"I"}},"clearTextFirst":true,"interactionType":"ENTER_TEXT"}]}
COMMAND: GET /session/ec0d9efabda4343648d9cb72b0f3cb86/screenshot - {}
RESULT: {"script":"<script> [776 bytes]","args":[{"enterText":"100005","selector":{"controlType":"sap.m.SearchField","properties":{"placeholder":"Search"},"searchOpenDialogs":true,"interaction":{"idSuffix":"I"}},"clearTextFirst":true,"interactionType":"ENTER_TEXT"}]}
COMMAND: POST /session/ec0d9efabda4343648d9cb72b0f3cb86/actions - {"actions":[{"id":"action5","type":"key","parameters":{},"actions":[{"type":"keyDown","value":""},{"type":"pause","duration":10},{"type":"keyUp","value":""}]}]}
RESULT: {}
RESULT: {"actions":[{"id":"action5","type":"key","parameters":{},"actions":[{"type":"keyDown","value":""},{"type":"pause","duration":10},{"type":"keyUp","value":""}]}]}
COMMAND: GET /session/ec0d9efabda4343648d9cb72b0f3cb86/screenshot - {}
RESULT: {}
COMMAND: POST /session/ec0d9efabda4343648d9cb72b0f3cb86/element - {"using":"xpath","value":"//span[contains(text(), \"Penguins - Field/12345 Berlin\")]"}
RESULT: {"using":"xpath","value":"//span[contains(text(), \"Penguins - Field/12345 Berlin\")]"}
COMMAND: POST /session/ec0d9efabda4343648d9cb72b0f3cb86/element/f.8EB935D97E6AC9CFADA6E020F02EE9AE.d.C217A9067F161658B5EFDEAD06043BC2.e.1631/click - {}
RESULT: {}
COMMAND: GET /session/ec0d9efabda4343648d9cb72b0f3cb86/screenshot - {}
RESULT: {}
COMMAND: POST /session/ec0d9efabda4343648d9cb72b0f3cb86/element - {"using":"xpath","value":"//bdi[contains(text(), \"OK\")]"}
RESULT: {"using":"xpath","value":"//bdi[contains(text(), \"OK\")]"}
COMMAND: POST /session/ec0d9efabda4343648d9cb72b0f3cb86/element/f.8EB935D97E6AC9CFADA6E020F02EE9AE.d.C217A9067F161658B5EFDEAD06043BC2.e.1632/click - {}
RESULT: {}
COMMAND: GET /session/ec0d9efabda4343648d9cb72b0f3cb86/screenshot - {}
RESULT: {}
COMMAND: POST /session/ec0d9efabda4343648d9cb72b0f3cb86/element - {"using":"xpath","value":"//button[@data-kt=\"saveButton\"]"}
RESULT: {"using":"xpath","value":"//button[@data-kt=\"saveButton\"]"}
COMMAND: POST /session/ec0d9efabda4343648d9cb72b0f3cb86/element/f.8EB935D97E6AC9CFADA6E020F02EE9AE.d.C217A9067F161658B5EFDEAD06043BC2.e.1476/click - {}
RESULT: {}
COMMAND: GET /session/ec0d9efabda4343648d9cb72b0f3cb86/screenshot - {}
RESULT: {}
COMMAND: POST /session/ec0d9efabda4343648d9cb72b0f3cb86/element - {"using":"xpath","value":"//header[contains(@id, 'ObjectPageLayout-headerTitle')]/div[1]/div[2]/div[2]/span[1]"}
RESULT: {"using":"xpath","value":"//header[contains(@id, 'ObjectPageLayout-headerTitle')]/div[1]/div[2]/div[2]/span[1]"}
COMMAND: POST /session/ec0d9efabda4343648d9cb72b0f3cb86/elements - {"using":"xpath","value":"//header[contains(@id, 'ObjectPageLayout-headerTitle')]/div[1]/div[2]/div[2]/span[1]"}
RESULT: {"using":"xpath","value":"//header[contains(@id, 'ObjectPageLayout-headerTitle')]/div[1]/div[2]/div[2]/span[1]"}
COMMAND: POST /session/ec0d9efabda4343648d9cb72b0f3cb86/execute/sync - {"script":"<script> [56 bytes]","args":[{"element-6066-11e4-a52e-4f735466cecf":"f.8EB935D97E6AC9CFADA6E020F02EE9AE.d.C217A9067F161658B5EFDEAD06043BC2.e.1795","ELEMENT":"f.8EB935D97E6AC9CFADA6E020F02EE9AE.d.C217A9067F161658B5EFDEAD06043BC2.e.1795"}]}
RESULT: {"script":"<script> [56 bytes]","args":[{"element-6066-11e4-a52e-4f735466cecf":"f.8EB935D97E6AC9CFADA6E020F02EE9AE.d.C217A9067F161658B5EFDEAD06043BC2.e.1795","ELEMENT":"f.8EB935D97E6AC9CFADA6E020F02EE9AE.d.C217A9067F161658B5EFDEAD06043BC2.e.1795"}]}
COMMAND: POST /session/ec0d9efabda4343648d9cb72b0f3cb86/element - {"using":"css selector","value":"#shell-header-logo"}
COMMAND: GET /session/ec0d9efabda4343648d9cb72b0f3cb86/screenshot - {}
RESULT: {"using":"css selector","value":"#shell-header-logo"}
COMMAND: POST /session/ec0d9efabda4343648d9cb72b0f3cb86/element/f.8EB935D97E6AC9CFADA6E020F02EE9AE.d.C217A9067F161658B5EFDEAD06043BC2.e.1016/click - {}
RESULT: {}
RESULT: {}
COMMAND: GET /session/ec0d9efabda4343648d9cb72b0f3cb86/screenshot - {}
RESULT: {}
COMMAND: POST /session/ec0d9efabda4343648d9cb72b0f3cb86/execute/sync - {"script":"<script> [299 bytes]","args":[["getModel","getResource"]]}
RESULT: {"script":"<script> [299 bytes]","args":[["getModel","getResource"]]}
COMMAND: GET /session/ec0d9efabda4343648d9cb72b0f3cb86/screenshot - {}
]]></system-out>
    </testcase>
    <testcase classname="chrome.136_0_7103_93.windows.Tests_for_Mass_State_Change_on_Manage_States_&amp;_Performances_US104416_US" name="Prereq Should create a new site" time="117.565">
      <system-out><![CDATA[
COMMAND: POST /session/ec0d9efabda4343648d9cb72b0f3cb86/execute/async - {"script":"<script> [1562 bytes]","args":[{"selector":{"controlType":"sap.m.GenericTile","properties":{"header":"Manage Sites"}},"wdio_ui5_key":"sapm.GenericTile{\"header\":\"Manage Sites\"}"}]}
RESULT: {}
RESULT: {"script":"<script> [1562 bytes]","args":[{"selector":{"controlType":"sap.m.GenericTile","properties":{"header":"Manage Sites"}},"wdio_ui5_key":"sapm.GenericTile{\"header\":\"Manage Sites\"}"}]}
RESULT: undefined
COMMAND: POST /session/ec0d9efabda4343648d9cb72b0f3cb86/element - {"using":"xpath","value":"//*[@id=\"__tile40\"]"}
RESULT: {"using":"xpath","value":"//*[@id=\"__tile40\"]"}
COMMAND: POST /session/ec0d9efabda4343648d9cb72b0f3cb86/element/f.8EB935D97E6AC9CFADA6E020F02EE9AE.d.C217A9067F161658B5EFDEAD06043BC2.e.163/click - {}
RESULT: {}
COMMAND: GET /session/ec0d9efabda4343648d9cb72b0f3cb86/screenshot - {}
RESULT: {}
COMMAND: POST /session/ec0d9efabda4343648d9cb72b0f3cb86/elements - {"using":"xpath","value":"//span[text()='Error']"}
RESULT: {"using":"xpath","value":"//span[text()='Error']"}
COMMAND: POST /session/ec0d9efabda4343648d9cb72b0f3cb86/element - {"using":"xpath","value":"//button[@data-kt=\"addOverflowToolbarButton\"]"}
RESULT: {"using":"xpath","value":"//button[@data-kt=\"addOverflowToolbarButton\"]"}
COMMAND: POST /session/ec0d9efabda4343648d9cb72b0f3cb86/elements - {"using":"xpath","value":"//button[@data-kt=\"addOverflowToolbarButton\"]"}
RESULT: {"using":"xpath","value":"//button[@data-kt=\"addOverflowToolbarButton\"]"}
COMMAND: POST /session/ec0d9efabda4343648d9cb72b0f3cb86/execute/sync - {"script":"<script> [8489 bytes]","args":[{"element-6066-11e4-a52e-4f735466cecf":"f.8EB935D97E6AC9CFADA6E020F02EE9AE.d.C217A9067F161658B5EFDEAD06043BC2.e.1843","ELEMENT":"f.8EB935D97E6AC9CFADA6E020F02EE9AE.d.C217A9067F161658B5EFDEAD06043BC2.e.1843"}]}
RESULT: {"script":"<script> [8489 bytes]","args":[{"element-6066-11e4-a52e-4f735466cecf":"f.8EB935D97E6AC9CFADA6E020F02EE9AE.d.C217A9067F161658B5EFDEAD06043BC2.e.1843","ELEMENT":"f.8EB935D97E6AC9CFADA6E020F02EE9AE.d.C217A9067F161658B5EFDEAD06043BC2.e.1843"}]}
COMMAND: GET /session/ec0d9efabda4343648d9cb72b0f3cb86/element/f.8EB935D97E6AC9CFADA6E020F02EE9AE.d.C217A9067F161658B5EFDEAD06043BC2.e.1843/enabled - {}
COMMAND: GET /session/ec0d9efabda4343648d9cb72b0f3cb86/screenshot - {}
RESULT: {}
COMMAND: POST /session/ec0d9efabda4343648d9cb72b0f3cb86/execute/sync - {"script":"<script> [8489 bytes]","args":[{"element-6066-11e4-a52e-4f735466cecf":"f.8EB935D97E6AC9CFADA6E020F02EE9AE.d.C217A9067F161658B5EFDEAD06043BC2.e.1843","ELEMENT":"f.8EB935D97E6AC9CFADA6E020F02EE9AE.d.C217A9067F161658B5EFDEAD06043BC2.e.1843"}]}
COMMAND: GET /session/ec0d9efabda4343648d9cb72b0f3cb86/screenshot - {}
RESULT: {}
RESULT: {"script":"<script> [8489 bytes]","args":[{"element-6066-11e4-a52e-4f735466cecf":"f.8EB935D97E6AC9CFADA6E020F02EE9AE.d.C217A9067F161658B5EFDEAD06043BC2.e.1843","ELEMENT":"f.8EB935D97E6AC9CFADA6E020F02EE9AE.d.C217A9067F161658B5EFDEAD06043BC2.e.1843"}]}
COMMAND: POST /session/ec0d9efabda4343648d9cb72b0f3cb86/execute/sync - {"script":"<script> [5351 bytes]","args":[{"element-6066-11e4-a52e-4f735466cecf":"f.8EB935D97E6AC9CFADA6E020F02EE9AE.d.C217A9067F161658B5EFDEAD06043BC2.e.1843","ELEMENT":"f.8EB935D97E6AC9CFADA6E020F02EE9AE.d.C217A9067F161658B5EFDEAD06043BC2.e.1843"}]}
COMMAND: GET /session/ec0d9efabda4343648d9cb72b0f3cb86/screenshot - {}
RESULT: {}
RESULT: {"script":"<script> [5351 bytes]","args":[{"element-6066-11e4-a52e-4f735466cecf":"f.8EB935D97E6AC9CFADA6E020F02EE9AE.d.C217A9067F161658B5EFDEAD06043BC2.e.1843","ELEMENT":"f.8EB935D97E6AC9CFADA6E020F02EE9AE.d.C217A9067F161658B5EFDEAD06043BC2.e.1843"}]}
COMMAND: POST /session/ec0d9efabda4343648d9cb72b0f3cb86/element/f.8EB935D97E6AC9CFADA6E020F02EE9AE.d.C217A9067F161658B5EFDEAD06043BC2.e.1843/click - {}
COMMAND: GET /session/ec0d9efabda4343648d9cb72b0f3cb86/screenshot - {}
RESULT: {}
RESULT: {}
COMMAND: GET /session/ec0d9efabda4343648d9cb72b0f3cb86/screenshot - {}
RESULT: {}
RESULT: {}
COMMAND: POST /session/ec0d9efabda4343648d9cb72b0f3cb86/element - {"using":"xpath","value":"//input[@id=\"application-managesites-display-component---NewSite--siteId-inner\"]"}
RESULT: {"using":"xpath","value":"//input[@id=\"application-managesites-display-component---NewSite--siteId-inner\"]"}
COMMAND: POST /session/ec0d9efabda4343648d9cb72b0f3cb86/element - {"using":"xpath","value":"//input[@id=\"application-managesites-display-component---NewSite--siteId-inner\"]"}
RESULT: {"using":"xpath","value":"//input[@id=\"application-managesites-display-component---NewSite--siteId-inner\"]"}
COMMAND: POST /session/ec0d9efabda4343648d9cb72b0f3cb86/execute/async - {"script":"<script> [1562 bytes]","args":[{"selector":{"id":"application-managesites-display-component---NewSite--addressDetailDetailsName1","interaction":{"idSuffix":"inner"}},"wdio_ui5_key":"applicationmanagesites-display-component---NewSite--addressDetailDetailsName1"}]}
RESULT: {"script":"<script> [1562 bytes]","args":[{"selector":{"id":"application-managesites-display-component---NewSite--addressDetailDetailsName1","interaction":{"idSuffix":"inner"}},"wdio_ui5_key":"applicationmanagesites-display-component---NewSite--addressDetailDetailsName1"}]}
RESULT: undefined
COMMAND: POST /session/ec0d9efabda4343648d9cb72b0f3cb86/execute/async - {"script":"<script> [776 bytes]","args":[{"enterText":"Intracompany Site wdIO","selector":{"id":"application-managesites-display-component---NewSite--addressDetailDetailsName1","interaction":{"idSuffix":"inner"}},"clearTextFirst":true,"interactionType":"ENTER_TEXT"}]}
RESULT: {"script":"<script> [776 bytes]","args":[{"enterText":"Intracompany Site wdIO","selector":{"id":"application-managesites-display-component---NewSite--addressDetailDetailsName1","interaction":{"idSuffix":"inner"}},"clearTextFirst":true,"interactionType":"ENTER_TEXT"}]}
COMMAND: POST /session/ec0d9efabda4343648d9cb72b0f3cb86/execute/async - {"script":"<script> [1562 bytes]","args":[{"selector":{"id":"application-managesites-display-component---NewSite--addressDetailDetailsLanguage-arrow"},"wdio_ui5_key":"applicationmanagesites-display-component---NewSite--addressDetailDetailsLanguage-arrow"}]}
RESULT: {"script":"<script> [1562 bytes]","args":[{"selector":{"id":"application-managesites-display-component---NewSite--addressDetailDetailsLanguage-arrow"},"wdio_ui5_key":"applicationmanagesites-display-component---NewSite--addressDetailDetailsLanguage-arrow"}]}
RESULT: undefined
COMMAND: POST /session/ec0d9efabda4343648d9cb72b0f3cb86/element - {"using":"xpath","value":"//*[@id=\"application-managesites-display-component---NewSite--addressDetailDetailsLanguage-arrow\"]"}
RESULT: {"using":"xpath","value":"//*[@id=\"application-managesites-display-component---NewSite--addressDetailDetailsLanguage-arrow\"]"}
COMMAND: POST /session/ec0d9efabda4343648d9cb72b0f3cb86/element/f.8EB935D97E6AC9CFADA6E020F02EE9AE.d.C217A9067F161658B5EFDEAD06043BC2.e.2482/click - {}
RESULT: {}
COMMAND: POST /session/ec0d9efabda4343648d9cb72b0f3cb86/element - {"using":"xpath","value":"//span[contains(text(), \"English\")]"}
COMMAND: GET /session/ec0d9efabda4343648d9cb72b0f3cb86/screenshot - {}
RESULT: {"using":"xpath","value":"//span[contains(text(), \"English\")]"}
COMMAND: POST /session/ec0d9efabda4343648d9cb72b0f3cb86/element/f.8EB935D97E6AC9CFADA6E020F02EE9AE.d.C217A9067F161658B5EFDEAD06043BC2.e.2483/click - {}
RESULT: {}
RESULT: {}
COMMAND: POST /session/ec0d9efabda4343648d9cb72b0f3cb86/execute/async - {"script":"<script> [1562 bytes]","args":[{"selector":{"id":"application-managesites-display-component---NewSite--addressDetailDetailsCity1","interaction":{"idSuffix":"inner"}},"wdio_ui5_key":"applicationmanagesites-display-component---NewSite--addressDetailDetailsCity1"}]}
COMMAND: GET /session/ec0d9efabda4343648d9cb72b0f3cb86/screenshot - {}
RESULT: {"script":"<script> [1562 bytes]","args":[{"selector":{"id":"application-managesites-display-component---NewSite--addressDetailDetailsCity1","interaction":{"idSuffix":"inner"}},"wdio_ui5_key":"applicationmanagesites-display-component---NewSite--addressDetailDetailsCity1"}]}
RESULT: undefined
COMMAND: POST /session/ec0d9efabda4343648d9cb72b0f3cb86/execute/async - {"script":"<script> [776 bytes]","args":[{"enterText":"Rosario","selector":{"id":"application-managesites-display-component---NewSite--addressDetailDetailsCity1","interaction":{"idSuffix":"inner"}},"clearTextFirst":true,"interactionType":"ENTER_TEXT"}]}
RESULT: {}
RESULT: {"script":"<script> [776 bytes]","args":[{"enterText":"Rosario","selector":{"id":"application-managesites-display-component---NewSite--addressDetailDetailsCity1","interaction":{"idSuffix":"inner"}},"clearTextFirst":true,"interactionType":"ENTER_TEXT"}]}
COMMAND: POST /session/ec0d9efabda4343648d9cb72b0f3cb86/execute/async - {"script":"<script> [1562 bytes]","args":[{"selector":{"id":"application-managesites-display-component---NewSite--addressDetailDetailsCountry-arrow"},"wdio_ui5_key":"applicationmanagesites-display-component---NewSite--addressDetailDetailsCountry-arrow"}]}
RESULT: {"script":"<script> [1562 bytes]","args":[{"selector":{"id":"application-managesites-display-component---NewSite--addressDetailDetailsCountry-arrow"},"wdio_ui5_key":"applicationmanagesites-display-component---NewSite--addressDetailDetailsCountry-arrow"}]}
RESULT: undefined
COMMAND: POST /session/ec0d9efabda4343648d9cb72b0f3cb86/element - {"using":"xpath","value":"//*[@id=\"application-managesites-display-component---NewSite--addressDetailDetailsCountry-arrow\"]"}
RESULT: {"using":"xpath","value":"//*[@id=\"application-managesites-display-component---NewSite--addressDetailDetailsCountry-arrow\"]"}
COMMAND: POST /session/ec0d9efabda4343648d9cb72b0f3cb86/element/f.8EB935D97E6AC9CFADA6E020F02EE9AE.d.C217A9067F161658B5EFDEAD06043BC2.e.2485/click - {}
RESULT: {}
COMMAND: POST /session/ec0d9efabda4343648d9cb72b0f3cb86/element - {"using":"xpath","value":"//span[contains(text(), \"Argentina\")]"}
COMMAND: GET /session/ec0d9efabda4343648d9cb72b0f3cb86/screenshot - {}
RESULT: {"using":"xpath","value":"//span[contains(text(), \"Argentina\")]"}
COMMAND: POST /session/ec0d9efabda4343648d9cb72b0f3cb86/element/f.8EB935D97E6AC9CFADA6E020F02EE9AE.d.C217A9067F161658B5EFDEAD06043BC2.e.2487/click - {}
RESULT: {}
RESULT: {}
COMMAND: GET /session/ec0d9efabda4343648d9cb72b0f3cb86/screenshot - {}
RESULT: {}
COMMAND: POST /session/ec0d9efabda4343648d9cb72b0f3cb86/execute/async - {"script":"<script> [1562 bytes]","args":[{"selector":{"id":"application-managesites-display-component---NewSite--addressEditDetailsCostObjectCstType-arrow"},"wdio_ui5_key":"applicationmanagesites-display-component---NewSite--addressEditDetailsCostObjectCstType-arrow"}]}
RESULT: {"script":"<script> [1562 bytes]","args":[{"selector":{"id":"application-managesites-display-component---NewSite--addressEditDetailsCostObjectCstType-arrow"},"wdio_ui5_key":"applicationmanagesites-display-component---NewSite--addressEditDetailsCostObjectCstType-arrow"}]}
RESULT: undefined
COMMAND: POST /session/ec0d9efabda4343648d9cb72b0f3cb86/element - {"using":"xpath","value":"//*[@id=\"application-managesites-display-component---NewSite--addressEditDetailsCostObjectCstType-arrow\"]"}
RESULT: {"using":"xpath","value":"//*[@id=\"application-managesites-display-component---NewSite--addressEditDetailsCostObjectCstType-arrow\"]"}
COMMAND: POST /session/ec0d9efabda4343648d9cb72b0f3cb86/element/f.8EB935D97E6AC9CFADA6E020F02EE9AE.d.C217A9067F161658B5EFDEAD06043BC2.e.2488/click - {}
RESULT: {}
COMMAND: POST /session/ec0d9efabda4343648d9cb72b0f3cb86/element - {"using":"xpath","value":"//span[contains(text(), \"Cost Center\")]"}
COMMAND: GET /session/ec0d9efabda4343648d9cb72b0f3cb86/screenshot - {}
RESULT: {"using":"xpath","value":"//span[contains(text(), \"Cost Center\")]"}
COMMAND: POST /session/ec0d9efabda4343648d9cb72b0f3cb86/element/f.8EB935D97E6AC9CFADA6E020F02EE9AE.d.C217A9067F161658B5EFDEAD06043BC2.e.2489/click - {}
RESULT: {}
RESULT: {}
COMMAND: GET /session/ec0d9efabda4343648d9cb72b0f3cb86/screenshot - {}
RESULT: {}
COMMAND: POST /session/ec0d9efabda4343648d9cb72b0f3cb86/element - {"using":"xpath","value":"//span[@id=\"application-managesites-display-component---NewSite--addressNewCostObjectCstID-vhi\"]"}
RESULT: {"using":"xpath","value":"//span[@id=\"application-managesites-display-component---NewSite--addressNewCostObjectCstID-vhi\"]"}
COMMAND: POST /session/ec0d9efabda4343648d9cb72b0f3cb86/execute/sync - {"script":"<script> [8489 bytes]","args":[{"element-6066-11e4-a52e-4f735466cecf":"f.8EB935D97E6AC9CFADA6E020F02EE9AE.d.C217A9067F161658B5EFDEAD06043BC2.e.2494","ELEMENT":"f.8EB935D97E6AC9CFADA6E020F02EE9AE.d.C217A9067F161658B5EFDEAD06043BC2.e.2494"}]}
RESULT: {"script":"<script> [8489 bytes]","args":[{"element-6066-11e4-a52e-4f735466cecf":"f.8EB935D97E6AC9CFADA6E020F02EE9AE.d.C217A9067F161658B5EFDEAD06043BC2.e.2494","ELEMENT":"f.8EB935D97E6AC9CFADA6E020F02EE9AE.d.C217A9067F161658B5EFDEAD06043BC2.e.2494"}]}
COMMAND: POST /session/ec0d9efabda4343648d9cb72b0f3cb86/execute/async - {"script":"<script> [1562 bytes]","args":[{"selector":{"id":"application-managesites-display-component---NewSite--addressNewCostObjectCstID-vhi"},"wdio_ui5_key":"applicationmanagesites-display-component---NewSite--addressNewCostObjectCstID-vhi"}]}
COMMAND: GET /session/ec0d9efabda4343648d9cb72b0f3cb86/screenshot - {}
RESULT: {"script":"<script> [1562 bytes]","args":[{"selector":{"id":"application-managesites-display-component---NewSite--addressNewCostObjectCstID-vhi"},"wdio_ui5_key":"applicationmanagesites-display-component---NewSite--addressNewCostObjectCstID-vhi"}]}
RESULT: undefined
COMMAND: POST /session/ec0d9efabda4343648d9cb72b0f3cb86/element - {"using":"xpath","value":"//*[@id=\"application-managesites-display-component---NewSite--addressNewCostObjectCstID-vhi\"]"}
RESULT: {}
RESULT: {"using":"xpath","value":"//*[@id=\"application-managesites-display-component---NewSite--addressNewCostObjectCstID-vhi\"]"}
COMMAND: POST /session/ec0d9efabda4343648d9cb72b0f3cb86/element/f.8EB935D97E6AC9CFADA6E020F02EE9AE.d.C217A9067F161658B5EFDEAD06043BC2.e.2494/click - {}
RESULT: {}
COMMAND: GET /session/ec0d9efabda4343648d9cb72b0f3cb86/screenshot - {}
RESULT: {}
RESULT: undefined
COMMAND: POST /session/ec0d9efabda4343648d9cb72b0f3cb86/execute/async - {"script":"<script> [776 bytes]","args":[{"enterText":"10001013","selector":{"controlType":"sap.m.SearchField","properties":{"placeholder":"Search"},"searchOpenDialogs":true,"interaction":{"idSuffix":"I"}},"clearTextFirst":true,"interactionType":"ENTER_TEXT"}]}
RESULT: {"script":"<script> [776 bytes]","args":[{"enterText":"10001013","selector":{"controlType":"sap.m.SearchField","properties":{"placeholder":"Search"},"searchOpenDialogs":true,"interaction":{"idSuffix":"I"}},"clearTextFirst":true,"interactionType":"ENTER_TEXT"}]}
COMMAND: POST /session/ec0d9efabda4343648d9cb72b0f3cb86/actions - {"actions":[{"id":"action6","type":"key","parameters":{},"actions":[{"type":"keyDown","value":""},{"type":"pause","duration":10},{"type":"keyUp","value":""}]}]}
RESULT: {"actions":[{"id":"action6","type":"key","parameters":{},"actions":[{"type":"keyDown","value":""},{"type":"pause","duration":10},{"type":"keyUp","value":""}]}]}
COMMAND: GET /session/ec0d9efabda4343648d9cb72b0f3cb86/screenshot - {}
RESULT: {}
COMMAND: POST /session/ec0d9efabda4343648d9cb72b0f3cb86/element - {"using":"xpath","value":"//span[contains(text(), \"General Management\")]"}
RESULT: {"using":"xpath","value":"//span[contains(text(), \"General Management\")]"}
COMMAND: POST /session/ec0d9efabda4343648d9cb72b0f3cb86/element/f.8EB935D97E6AC9CFADA6E020F02EE9AE.d.C217A9067F161658B5EFDEAD06043BC2.e.2533/click - {}
RESULT: {}
COMMAND: GET /session/ec0d9efabda4343648d9cb72b0f3cb86/screenshot - {}
RESULT: {}
COMMAND: POST /session/ec0d9efabda4343648d9cb72b0f3cb86/element - {"using":"xpath","value":"//bdi[contains(text(), \"OK\")]"}
RESULT: {"using":"xpath","value":"//bdi[contains(text(), \"OK\")]"}
COMMAND: POST /session/ec0d9efabda4343648d9cb72b0f3cb86/element/f.8EB935D97E6AC9CFADA6E020F02EE9AE.d.C217A9067F161658B5EFDEAD06043BC2.e.2534/click - {}
RESULT: {}
COMMAND: GET /session/ec0d9efabda4343648d9cb72b0f3cb86/screenshot - {}
RESULT: {}
COMMAND: POST /session/ec0d9efabda4343648d9cb72b0f3cb86/element - {"using":"xpath","value":"//input[@id=\"application-managesites-display-component---NewSite--addressDetailDetailsCalendar-inner\"]"}
RESULT: {"using":"xpath","value":"//input[@id=\"application-managesites-display-component---NewSite--addressDetailDetailsCalendar-inner\"]"}
COMMAND: POST /session/ec0d9efabda4343648d9cb72b0f3cb86/element/f.8EB935D97E6AC9CFADA6E020F02EE9AE.d.C217A9067F161658B5EFDEAD06043BC2.e.2277/clear - {}
RESULT: {}
COMMAND: POST /session/ec0d9efabda4343648d9cb72b0f3cb86/element/f.8EB935D97E6AC9CFADA6E020F02EE9AE.d.C217A9067F161658B5EFDEAD06043BC2.e.2277/value - {"text":"Unit"}
COMMAND: GET /session/ec0d9efabda4343648d9cb72b0f3cb86/screenshot - {}
RESULT: {"text":"Unit"}
COMMAND: GET /session/ec0d9efabda4343648d9cb72b0f3cb86/screenshot - {}
RESULT: {}
RESULT: {}
COMMAND: POST /session/ec0d9efabda4343648d9cb72b0f3cb86/actions - {"actions":[{"id":"action7","type":"key","parameters":{},"actions":[{"type":"keyDown","value":""},{"type":"pause","duration":10},{"type":"keyUp","value":""}]}]}
RESULT: {"actions":[{"id":"action7","type":"key","parameters":{},"actions":[{"type":"keyDown","value":""},{"type":"pause","duration":10},{"type":"keyUp","value":""}]}]}
COMMAND: POST /session/ec0d9efabda4343648d9cb72b0f3cb86/element - {"using":"xpath","value":"//input[@id=\"application-managesites-display-component---NewSite--addressDetailDetailsYard-inner\"]"}
COMMAND: GET /session/ec0d9efabda4343648d9cb72b0f3cb86/screenshot - {}
RESULT: {"using":"xpath","value":"//input[@id=\"application-managesites-display-component---NewSite--addressDetailDetailsYard-inner\"]"}
COMMAND: POST /session/ec0d9efabda4343648d9cb72b0f3cb86/element/f.8EB935D97E6AC9CFADA6E020F02EE9AE.d.C217A9067F161658B5EFDEAD06043BC2.e.2278/clear - {}
RESULT: {}
RESULT: {}
COMMAND: POST /session/ec0d9efabda4343648d9cb72b0f3cb86/element/f.8EB935D97E6AC9CFADA6E020F02EE9AE.d.C217A9067F161658B5EFDEAD06043BC2.e.2278/value - {"text":"262"}
COMMAND: GET /session/ec0d9efabda4343648d9cb72b0f3cb86/screenshot - {}
RESULT: {"text":"262"}
COMMAND: GET /session/ec0d9efabda4343648d9cb72b0f3cb86/screenshot - {}
RESULT: {}
RESULT: {}
COMMAND: POST /session/ec0d9efabda4343648d9cb72b0f3cb86/element - {"using":"xpath","value":"//li[.//span[text()='262']]"}
RESULT: {"using":"xpath","value":"//li[.//span[text()='262']]"}
COMMAND: POST /session/ec0d9efabda4343648d9cb72b0f3cb86/element/f.8EB935D97E6AC9CFADA6E020F02EE9AE.d.C217A9067F161658B5EFDEAD06043BC2.e.2542/click - {}
RESULT: {}
COMMAND: GET /session/ec0d9efabda4343648d9cb72b0f3cb86/screenshot - {}
RESULT: {}
COMMAND: POST /session/ec0d9efabda4343648d9cb72b0f3cb86/element - {"using":"xpath","value":"//input[@id=\"application-managesites-display-component---NewSite--addressDetailDetailsPartner-inner\"]"}
RESULT: {"using":"xpath","value":"//input[@id=\"application-managesites-display-component---NewSite--addressDetailDetailsPartner-inner\"]"}
COMMAND: POST /session/ec0d9efabda4343648d9cb72b0f3cb86/element - {"using":"xpath","value":"//input[@id=\"application-managesites-display-component---NewSite--addressDetailDetailsPartner-inner\"]"}
RESULT: {"using":"xpath","value":"//input[@id=\"application-managesites-display-component---NewSite--addressDetailDetailsPartner-inner\"]"}
COMMAND: POST /session/ec0d9efabda4343648d9cb72b0f3cb86/element - {"using":"xpath","value":"//button[@data-kt=\"saveButton\"]"}
RESULT: {"using":"xpath","value":"//button[@data-kt=\"saveButton\"]"}
COMMAND: POST /session/ec0d9efabda4343648d9cb72b0f3cb86/element/f.8EB935D97E6AC9CFADA6E020F02EE9AE.d.C217A9067F161658B5EFDEAD06043BC2.e.2462/click - {}
RESULT: {}
COMMAND: GET /session/ec0d9efabda4343648d9cb72b0f3cb86/screenshot - {}
RESULT: {}
COMMAND: POST /session/ec0d9efabda4343648d9cb72b0f3cb86/element - {"using":"xpath","value":"//header[contains(@id, 'ObjectPageLayout-headerTitle')]/div[1]/div[2]/div[2]/span[1]"}
RESULT: {"using":"xpath","value":"//header[contains(@id, 'ObjectPageLayout-headerTitle')]/div[1]/div[2]/div[2]/span[1]"}
COMMAND: POST /session/ec0d9efabda4343648d9cb72b0f3cb86/elements - {"using":"xpath","value":"//header[contains(@id, 'ObjectPageLayout-headerTitle')]/div[1]/div[2]/div[2]/span[1]"}
RESULT: {"using":"xpath","value":"//header[contains(@id, 'ObjectPageLayout-headerTitle')]/div[1]/div[2]/div[2]/span[1]"}
COMMAND: POST /session/ec0d9efabda4343648d9cb72b0f3cb86/execute/sync - {"script":"<script> [56 bytes]","args":[{"element-6066-11e4-a52e-4f735466cecf":"f.8EB935D97E6AC9CFADA6E020F02EE9AE.d.C217A9067F161658B5EFDEAD06043BC2.e.2745","ELEMENT":"f.8EB935D97E6AC9CFADA6E020F02EE9AE.d.C217A9067F161658B5EFDEAD06043BC2.e.2745"}]}
RESULT: {"script":"<script> [56 bytes]","args":[{"element-6066-11e4-a52e-4f735466cecf":"f.8EB935D97E6AC9CFADA6E020F02EE9AE.d.C217A9067F161658B5EFDEAD06043BC2.e.2745","ELEMENT":"f.8EB935D97E6AC9CFADA6E020F02EE9AE.d.C217A9067F161658B5EFDEAD06043BC2.e.2745"}]}
COMMAND: POST /session/ec0d9efabda4343648d9cb72b0f3cb86/element - {"using":"css selector","value":"#shell-header-logo"}
COMMAND: GET /session/ec0d9efabda4343648d9cb72b0f3cb86/screenshot - {}
RESULT: {"using":"css selector","value":"#shell-header-logo"}
COMMAND: POST /session/ec0d9efabda4343648d9cb72b0f3cb86/element/f.8EB935D97E6AC9CFADA6E020F02EE9AE.d.C217A9067F161658B5EFDEAD06043BC2.e.1801/click - {}
RESULT: {}
RESULT: {}
COMMAND: GET /session/ec0d9efabda4343648d9cb72b0f3cb86/screenshot - {}
RESULT: {}
COMMAND: POST /session/ec0d9efabda4343648d9cb72b0f3cb86/execute/sync - {"script":"<script> [299 bytes]","args":[["getModel","getResource"]]}
RESULT: {"script":"<script> [299 bytes]","args":[["getModel","getResource"]]}
COMMAND: GET /session/ec0d9efabda4343648d9cb72b0f3cb86/screenshot - {}
]]></system-out>
    </testcase>
    <testcase classname="chrome.136_0_7103_93.windows.Tests_for_Mass_State_Change_on_Manage_States_&amp;_Performances_US104416_US" name="Prereq Should create a new equipment multipart" time="132.918">
      <system-out><![CDATA[
COMMAND: POST /session/ec0d9efabda4343648d9cb72b0f3cb86/execute/async - {"script":"<script> [1562 bytes]","args":[{"selector":{"controlType":"sap.m.GenericTile","properties":{"header":"Manage Resources"}},"wdio_ui5_key":"sapm.GenericTile{\"header\":\"Manage Resources\"}"}]}
RESULT: {}
RESULT: {"script":"<script> [1562 bytes]","args":[{"selector":{"controlType":"sap.m.GenericTile","properties":{"header":"Manage Resources"}},"wdio_ui5_key":"sapm.GenericTile{\"header\":\"Manage Resources\"}"}]}
RESULT: undefined
COMMAND: POST /session/ec0d9efabda4343648d9cb72b0f3cb86/element - {"using":"xpath","value":"//*[@id=\"__tile39\"]"}
RESULT: {"using":"xpath","value":"//*[@id=\"__tile39\"]"}
COMMAND: POST /session/ec0d9efabda4343648d9cb72b0f3cb86/element/f.8EB935D97E6AC9CFADA6E020F02EE9AE.d.C217A9067F161658B5EFDEAD06043BC2.e.160/click - {}
RESULT: {}
COMMAND: GET /session/ec0d9efabda4343648d9cb72b0f3cb86/screenshot - {}
RESULT: {}
COMMAND: POST /session/ec0d9efabda4343648d9cb72b0f3cb86/elements - {"using":"xpath","value":"//span[text()='Error']"}
RESULT: {"using":"xpath","value":"//span[text()='Error']"}
COMMAND: POST /session/ec0d9efabda4343648d9cb72b0f3cb86/element - {"using":"xpath","value":"//button[@data-kt=\"addNewRUOverflowToolbarButton\"]"}
RESULT: {"using":"xpath","value":"//button[@data-kt=\"addNewRUOverflowToolbarButton\"]"}
COMMAND: POST /session/ec0d9efabda4343648d9cb72b0f3cb86/elements - {"using":"xpath","value":"//button[@data-kt=\"addNewRUOverflowToolbarButton\"]"}
RESULT: {"using":"xpath","value":"//button[@data-kt=\"addNewRUOverflowToolbarButton\"]"}
COMMAND: POST /session/ec0d9efabda4343648d9cb72b0f3cb86/elements - {"using":"xpath","value":"//button[@data-kt=\"addNewRUOverflowToolbarButton\"]"}
RESULT: {"using":"xpath","value":"//button[@data-kt=\"addNewRUOverflowToolbarButton\"]"}
COMMAND: POST /session/ec0d9efabda4343648d9cb72b0f3cb86/elements - {"using":"xpath","value":"//button[@data-kt=\"addNewRUOverflowToolbarButton\"]"}
RESULT: {"using":"xpath","value":"//button[@data-kt=\"addNewRUOverflowToolbarButton\"]"}
COMMAND: POST /session/ec0d9efabda4343648d9cb72b0f3cb86/element - {"using":"xpath","value":"//button[@data-kt=\"addNewRUOverflowToolbarButton\"]"}
RESULT: {"using":"xpath","value":"//button[@data-kt=\"addNewRUOverflowToolbarButton\"]"}
COMMAND: POST /session/ec0d9efabda4343648d9cb72b0f3cb86/execute/sync - {"script":"<script> [8489 bytes]","args":[{"element-6066-11e4-a52e-4f735466cecf":"f.8EB935D97E6AC9CFADA6E020F02EE9AE.d.C217A9067F161658B5EFDEAD06043BC2.e.2777","ELEMENT":"f.8EB935D97E6AC9CFADA6E020F02EE9AE.d.C217A9067F161658B5EFDEAD06043BC2.e.2777"}]}
RESULT: {"script":"<script> [8489 bytes]","args":[{"element-6066-11e4-a52e-4f735466cecf":"f.8EB935D97E6AC9CFADA6E020F02EE9AE.d.C217A9067F161658B5EFDEAD06043BC2.e.2777","ELEMENT":"f.8EB935D97E6AC9CFADA6E020F02EE9AE.d.C217A9067F161658B5EFDEAD06043BC2.e.2777"}]}
COMMAND: GET /session/ec0d9efabda4343648d9cb72b0f3cb86/element/f.8EB935D97E6AC9CFADA6E020F02EE9AE.d.C217A9067F161658B5EFDEAD06043BC2.e.2777/enabled - {}
COMMAND: GET /session/ec0d9efabda4343648d9cb72b0f3cb86/screenshot - {}
RESULT: {}
COMMAND: POST /session/ec0d9efabda4343648d9cb72b0f3cb86/execute/sync - {"script":"<script> [8489 bytes]","args":[{"element-6066-11e4-a52e-4f735466cecf":"f.8EB935D97E6AC9CFADA6E020F02EE9AE.d.C217A9067F161658B5EFDEAD06043BC2.e.2777","ELEMENT":"f.8EB935D97E6AC9CFADA6E020F02EE9AE.d.C217A9067F161658B5EFDEAD06043BC2.e.2777"}]}
COMMAND: GET /session/ec0d9efabda4343648d9cb72b0f3cb86/screenshot - {}
RESULT: {}
RESULT: {"script":"<script> [8489 bytes]","args":[{"element-6066-11e4-a52e-4f735466cecf":"f.8EB935D97E6AC9CFADA6E020F02EE9AE.d.C217A9067F161658B5EFDEAD06043BC2.e.2777","ELEMENT":"f.8EB935D97E6AC9CFADA6E020F02EE9AE.d.C217A9067F161658B5EFDEAD06043BC2.e.2777"}]}
COMMAND: POST /session/ec0d9efabda4343648d9cb72b0f3cb86/execute/sync - {"script":"<script> [5351 bytes]","args":[{"element-6066-11e4-a52e-4f735466cecf":"f.8EB935D97E6AC9CFADA6E020F02EE9AE.d.C217A9067F161658B5EFDEAD06043BC2.e.2777","ELEMENT":"f.8EB935D97E6AC9CFADA6E020F02EE9AE.d.C217A9067F161658B5EFDEAD06043BC2.e.2777"}]}
COMMAND: GET /session/ec0d9efabda4343648d9cb72b0f3cb86/screenshot - {}
RESULT: {}
RESULT: {"script":"<script> [5351 bytes]","args":[{"element-6066-11e4-a52e-4f735466cecf":"f.8EB935D97E6AC9CFADA6E020F02EE9AE.d.C217A9067F161658B5EFDEAD06043BC2.e.2777","ELEMENT":"f.8EB935D97E6AC9CFADA6E020F02EE9AE.d.C217A9067F161658B5EFDEAD06043BC2.e.2777"}]}
COMMAND: POST /session/ec0d9efabda4343648d9cb72b0f3cb86/element/f.8EB935D97E6AC9CFADA6E020F02EE9AE.d.C217A9067F161658B5EFDEAD06043BC2.e.2777/click - {}
COMMAND: GET /session/ec0d9efabda4343648d9cb72b0f3cb86/screenshot - {}
RESULT: {}
RESULT: {}
COMMAND: GET /session/ec0d9efabda4343648d9cb72b0f3cb86/screenshot - {}
RESULT: {}
RESULT: {}
COMMAND: POST /session/ec0d9efabda4343648d9cb72b0f3cb86/execute/async - {"script":"<script> [1562 bytes]","args":[{"selector":{"id":"application-manageresources-display-component---newResourceUnit--TYPE-arrow"},"wdio_ui5_key":"applicationmanageresources-display-component---newResourceUnit--TYPE-arrow"}]}
RESULT: {"script":"<script> [1562 bytes]","args":[{"selector":{"id":"application-manageresources-display-component---newResourceUnit--TYPE-arrow"},"wdio_ui5_key":"applicationmanageresources-display-component---newResourceUnit--TYPE-arrow"}]}
RESULT: undefined
COMMAND: POST /session/ec0d9efabda4343648d9cb72b0f3cb86/element - {"using":"xpath","value":"//*[@id=\"application-manageresources-display-component---newResourceUnit--TYPE-arrow\"]"}
RESULT: {"using":"xpath","value":"//*[@id=\"application-manageresources-display-component---newResourceUnit--TYPE-arrow\"]"}
COMMAND: POST /session/ec0d9efabda4343648d9cb72b0f3cb86/element/f.8EB935D97E6AC9CFADA6E020F02EE9AE.d.C217A9067F161658B5EFDEAD06043BC2.e.3132/click - {}
RESULT: {}
COMMAND: POST /session/ec0d9efabda4343648d9cb72b0f3cb86/element - {"using":"xpath","value":"//input[@id=\"application-manageresources-display-component---newResourceUnit--TYPE-inner\"]"}
COMMAND: GET /session/ec0d9efabda4343648d9cb72b0f3cb86/screenshot - {}
RESULT: {"using":"xpath","value":"//input[@id=\"application-manageresources-display-component---newResourceUnit--TYPE-inner\"]"}
COMMAND: POST /session/ec0d9efabda4343648d9cb72b0f3cb86/element/f.8EB935D97E6AC9CFADA6E020F02EE9AE.d.C217A9067F161658B5EFDEAD06043BC2.e.3128/clear - {}
RESULT: {}
RESULT: {}
COMMAND: POST /session/ec0d9efabda4343648d9cb72b0f3cb86/element/f.8EB935D97E6AC9CFADA6E020F02EE9AE.d.C217A9067F161658B5EFDEAD06043BC2.e.3128/value - {"text":"Equi Multipart"}
COMMAND: GET /session/ec0d9efabda4343648d9cb72b0f3cb86/screenshot - {}
RESULT: {"text":"Equi Multipart"}
COMMAND: GET /session/ec0d9efabda4343648d9cb72b0f3cb86/screenshot - {}
RESULT: {}
RESULT: {}
COMMAND: POST /session/ec0d9efabda4343648d9cb72b0f3cb86/actions - {"actions":[{"id":"action8","type":"key","parameters":{},"actions":[{"type":"keyDown","value":""},{"type":"pause","duration":10},{"type":"keyUp","value":""}]}]}
RESULT: {"actions":[{"id":"action8","type":"key","parameters":{},"actions":[{"type":"keyDown","value":""},{"type":"pause","duration":10},{"type":"keyUp","value":""}]}]}
COMMAND: POST /session/ec0d9efabda4343648d9cb72b0f3cb86/execute/async - {"script":"<script> [1562 bytes]","args":[{"selector":{"id":"application-manageresources-display-component---newResourceUnit--SHORT_TEXT","interaction":{"idSuffix":"inner"}},"wdio_ui5_key":"applicationmanageresources-display-component---newResourceUnit--SHORT_TEXT"}]}
COMMAND: GET /session/ec0d9efabda4343648d9cb72b0f3cb86/screenshot - {}
RESULT: {"script":"<script> [1562 bytes]","args":[{"selector":{"id":"application-manageresources-display-component---newResourceUnit--SHORT_TEXT","interaction":{"idSuffix":"inner"}},"wdio_ui5_key":"applicationmanageresources-display-component---newResourceUnit--SHORT_TEXT"}]}
RESULT: undefined
COMMAND: POST /session/ec0d9efabda4343648d9cb72b0f3cb86/execute/async - {"script":"<script> [776 bytes]","args":[{"enterText":"Equipment Multipart WDIO","selector":{"id":"application-manageresources-display-component---newResourceUnit--SHORT_TEXT","interaction":{"idSuffix":"inner"}},"clearTextFirst":true,"interactionType":"ENTER_TEXT"}]}
RESULT: {}
RESULT: {"script":"<script> [776 bytes]","args":[{"enterText":"Equipment Multipart WDIO","selector":{"id":"application-manageresources-display-component---newResourceUnit--SHORT_TEXT","interaction":{"idSuffix":"inner"}},"clearTextFirst":true,"interactionType":"ENTER_TEXT"}]}
COMMAND: POST /session/ec0d9efabda4343648d9cb72b0f3cb86/execute/async - {"script":"<script> [1562 bytes]","args":[{"selector":{"id":"application-manageresources-display-component---newResourceUnit--BASE_UNIT_OF_MEASURE","interaction":{"idSuffix":"inner"}},"wdio_ui5_key":"applicationmanageresources-display-component---newResourceUnit--BASE_UNIT_OF_MEASURE"}]}
RESULT: {"script":"<script> [1562 bytes]","args":[{"selector":{"id":"application-manageresources-display-component---newResourceUnit--BASE_UNIT_OF_MEASURE","interaction":{"idSuffix":"inner"}},"wdio_ui5_key":"applicationmanageresources-display-component---newResourceUnit--BASE_UNIT_OF_MEASURE"}]}
RESULT: undefined
COMMAND: POST /session/ec0d9efabda4343648d9cb72b0f3cb86/execute/async - {"script":"<script> [776 bytes]","args":[{"enterText":"Piece","selector":{"id":"application-manageresources-display-component---newResourceUnit--BASE_UNIT_OF_MEASURE","interaction":{"idSuffix":"inner"}},"clearTextFirst":true,"interactionType":"ENTER_TEXT"}]}
RESULT: {"script":"<script> [776 bytes]","args":[{"enterText":"Piece","selector":{"id":"application-manageresources-display-component---newResourceUnit--BASE_UNIT_OF_MEASURE","interaction":{"idSuffix":"inner"}},"clearTextFirst":true,"interactionType":"ENTER_TEXT"}]}
COMMAND: POST /session/ec0d9efabda4343648d9cb72b0f3cb86/execute/async - {"script":"<script> [1562 bytes]","args":[{"selector":{"id":"application-manageresources-display-component---newResourceUnit--WEIGHT_UNIT","interaction":{"idSuffix":"inner"}},"wdio_ui5_key":"applicationmanageresources-display-component---newResourceUnit--WEIGHT_UNIT"}]}
RESULT: {"script":"<script> [1562 bytes]","args":[{"selector":{"id":"application-manageresources-display-component---newResourceUnit--WEIGHT_UNIT","interaction":{"idSuffix":"inner"}},"wdio_ui5_key":"applicationmanageresources-display-component---newResourceUnit--WEIGHT_UNIT"}]}
RESULT: undefined
COMMAND: POST /session/ec0d9efabda4343648d9cb72b0f3cb86/execute/async - {"script":"<script> [776 bytes]","args":[{"enterText":"Gram","selector":{"id":"application-manageresources-display-component---newResourceUnit--WEIGHT_UNIT","interaction":{"idSuffix":"inner"}},"clearTextFirst":true,"interactionType":"ENTER_TEXT"}]}
RESULT: {"script":"<script> [776 bytes]","args":[{"enterText":"Gram","selector":{"id":"application-manageresources-display-component---newResourceUnit--WEIGHT_UNIT","interaction":{"idSuffix":"inner"}},"clearTextFirst":true,"interactionType":"ENTER_TEXT"}]}
COMMAND: POST /session/ec0d9efabda4343648d9cb72b0f3cb86/execute/async - {"script":"<script> [1562 bytes]","args":[{"selector":{"id":"application-manageresources-display-component---newResourceUnit--DIMENSION_UNIT","interaction":{"idSuffix":"inner"}},"wdio_ui5_key":"applicationmanageresources-display-component---newResourceUnit--DIMENSION_UNIT"}]}
RESULT: {"script":"<script> [1562 bytes]","args":[{"selector":{"id":"application-manageresources-display-component---newResourceUnit--DIMENSION_UNIT","interaction":{"idSuffix":"inner"}},"wdio_ui5_key":"applicationmanageresources-display-component---newResourceUnit--DIMENSION_UNIT"}]}
RESULT: undefined
COMMAND: POST /session/ec0d9efabda4343648d9cb72b0f3cb86/execute/async - {"script":"<script> [776 bytes]","args":[{"enterText":"Meter","selector":{"id":"application-manageresources-display-component---newResourceUnit--DIMENSION_UNIT","interaction":{"idSuffix":"inner"}},"clearTextFirst":true,"interactionType":"ENTER_TEXT"}]}
RESULT: {"script":"<script> [776 bytes]","args":[{"enterText":"Meter","selector":{"id":"application-manageresources-display-component---newResourceUnit--DIMENSION_UNIT","interaction":{"idSuffix":"inner"}},"clearTextFirst":true,"interactionType":"ENTER_TEXT"}]}
COMMAND: POST /session/ec0d9efabda4343648d9cb72b0f3cb86/execute/async - {"script":"<script> [1562 bytes]","args":[{"selector":{"id":"application-manageresources-display-component---newResourceUnit--newRRUPage-anchBar-application-manageresources-display-component---newResourceUnit--control-anchor","interaction":{"idSuffix":"BDI-content"}},"wdio_ui5_key":"applicationmanageresources-display-component---newResourceUnit--newRRUPage-anchBar-application-manageresources-display-component---newResourceUnit--control-anchor"}]}
RESULT: {"script":"<script> [1562 bytes]","args":[{"selector":{"id":"application-manageresources-display-component---newResourceUnit--newRRUPage-anchBar-application-manageresources-display-component---newResourceUnit--control-anchor","interaction":{"idSuffix":"BDI-content"}},"wdio_ui5_key":"applicationmanageresources-display-component---newResourceUnit--newRRUPage-anchBar-application-manageresources-display-component---newResourceUnit--control-anchor"}]}
RESULT: undefined
COMMAND: POST /session/ec0d9efabda4343648d9cb72b0f3cb86/element - {"using":"xpath","value":"//*[@id=\"application-manageresources-display-component---newResourceUnit--newRRUPage-anchBar-application-manageresources-display-component---newResourceUnit--control-anchor\"]"}
RESULT: {"using":"xpath","value":"//*[@id=\"application-manageresources-display-component---newResourceUnit--newRRUPage-anchBar-application-manageresources-display-component---newResourceUnit--control-anchor\"]"}
COMMAND: POST /session/ec0d9efabda4343648d9cb72b0f3cb86/element/f.8EB935D97E6AC9CFADA6E020F02EE9AE.d.C217A9067F161658B5EFDEAD06043BC2.e.3266/click - {}
RESULT: {}
COMMAND: POST /session/ec0d9efabda4343648d9cb72b0f3cb86/execute/async - {"script":"<script> [1562 bytes]","args":[{"selector":{"id":"application-manageresources-display-component---newResourceUnit--PLANNING_GROUP","interaction":{"idSuffix":"inner"}},"wdio_ui5_key":"applicationmanageresources-display-component---newResourceUnit--PLANNING_GROUP"}]}
COMMAND: GET /session/ec0d9efabda4343648d9cb72b0f3cb86/screenshot - {}
RESULT: {"script":"<script> [1562 bytes]","args":[{"selector":{"id":"application-manageresources-display-component---newResourceUnit--PLANNING_GROUP","interaction":{"idSuffix":"inner"}},"wdio_ui5_key":"applicationmanageresources-display-component---newResourceUnit--PLANNING_GROUP"}]}
RESULT: undefined
COMMAND: POST /session/ec0d9efabda4343648d9cb72b0f3cb86/execute/async - {"script":"<script> [776 bytes]","args":[{"enterText":"Heavy Equi","selector":{"id":"application-manageresources-display-component---newResourceUnit--PLANNING_GROUP","interaction":{"idSuffix":"inner"}},"clearTextFirst":true,"interactionType":"ENTER_TEXT"}]}
RESULT: {}
RESULT: {"script":"<script> [776 bytes]","args":[{"enterText":"Heavy Equi","selector":{"id":"application-manageresources-display-component---newResourceUnit--PLANNING_GROUP","interaction":{"idSuffix":"inner"}},"clearTextFirst":true,"interactionType":"ENTER_TEXT"}]}
COMMAND: POST /session/ec0d9efabda4343648d9cb72b0f3cb86/execute/async - {"script":"<script> [1562 bytes]","args":[{"selector":{"id":"application-manageresources-display-component---newResourceUnit--PLANNING_INDICATOR","interaction":{"idSuffix":"inner"}},"wdio_ui5_key":"applicationmanageresources-display-component---newResourceUnit--PLANNING_INDICATOR"}]}
RESULT: {"script":"<script> [1562 bytes]","args":[{"selector":{"id":"application-manageresources-display-component---newResourceUnit--PLANNING_INDICATOR","interaction":{"idSuffix":"inner"}},"wdio_ui5_key":"applicationmanageresources-display-component---newResourceUnit--PLANNING_INDICATOR"}]}
RESULT: undefined
COMMAND: POST /session/ec0d9efabda4343648d9cb72b0f3cb86/execute/async - {"script":"<script> [776 bytes]","args":[{"enterText":"10 - infinite","selector":{"id":"application-manageresources-display-component---newResourceUnit--PLANNING_INDICATOR","interaction":{"idSuffix":"inner"}},"clearTextFirst":true,"interactionType":"ENTER_TEXT"}]}
RESULT: {"script":"<script> [776 bytes]","args":[{"enterText":"10 - infinite","selector":{"id":"application-manageresources-display-component---newResourceUnit--PLANNING_INDICATOR","interaction":{"idSuffix":"inner"}},"clearTextFirst":true,"interactionType":"ENTER_TEXT"}]}
COMMAND: POST /session/ec0d9efabda4343648d9cb72b0f3cb86/execute/async - {"script":"<script> [1562 bytes]","args":[{"selector":{"id":"application-manageresources-display-component---newResourceUnit--ITEM_TYPE-arrow"},"wdio_ui5_key":"applicationmanageresources-display-component---newResourceUnit--ITEM_TYPE-arrow"}]}
RESULT: {"script":"<script> [1562 bytes]","args":[{"selector":{"id":"application-manageresources-display-component---newResourceUnit--ITEM_TYPE-arrow"},"wdio_ui5_key":"applicationmanageresources-display-component---newResourceUnit--ITEM_TYPE-arrow"}]}
RESULT: undefined
COMMAND: POST /session/ec0d9efabda4343648d9cb72b0f3cb86/element - {"using":"xpath","value":"//*[@id=\"application-manageresources-display-component---newResourceUnit--ITEM_TYPE-arrow\"]"}
RESULT: {"using":"xpath","value":"//*[@id=\"application-manageresources-display-component---newResourceUnit--ITEM_TYPE-arrow\"]"}
COMMAND: POST /session/ec0d9efabda4343648d9cb72b0f3cb86/element/f.8EB935D97E6AC9CFADA6E020F02EE9AE.d.C217A9067F161658B5EFDEAD06043BC2.e.3276/click - {}
RESULT: {}
COMMAND: GET /session/ec0d9efabda4343648d9cb72b0f3cb86/screenshot - {}
RESULT: {}
COMMAND: POST /session/ec0d9efabda4343648d9cb72b0f3cb86/execute/async - {"script":"<script> [1562 bytes]","args":[{"selector":{"controlType":"sap.m.StandardListItem","viewName":"reusables.view.manageresources.NewResourceUnit","viewId":"application-manageresources-display-component---newResourceUnit","properties":{"title":"Pool Equipment"},"searchOpenDialogs":true,"interaction":{"idSuffix":"content"}},"wdio_ui5_key":"reusablesview.manageresources.NewResourceUnitsap.m.StandardListItem{\"title\":\"Pool Equipment\"}"}]}
RESULT: {"script":"<script> [1562 bytes]","args":[{"selector":{"controlType":"sap.m.StandardListItem","viewName":"reusables.view.manageresources.NewResourceUnit","viewId":"application-manageresources-display-component---newResourceUnit","properties":{"title":"Pool Equipment"},"searchOpenDialogs":true,"interaction":{"idSuffix":"content"}},"wdio_ui5_key":"reusablesview.manageresources.NewResourceUnitsap.m.StandardListItem{\"title\":\"Pool Equipment\"}"}]}
RESULT: undefined
COMMAND: POST /session/ec0d9efabda4343648d9cb72b0f3cb86/element - {"using":"xpath","value":"//*[@id=\"__item1658\"]"}
RESULT: {"using":"xpath","value":"//*[@id=\"__item1658\"]"}
COMMAND: POST /session/ec0d9efabda4343648d9cb72b0f3cb86/element/f.8EB935D97E6AC9CFADA6E020F02EE9AE.d.C217A9067F161658B5EFDEAD06043BC2.e.3278/click - {}
RESULT: {}
COMMAND: GET /session/ec0d9efabda4343648d9cb72b0f3cb86/screenshot - {}
RESULT: {}
COMMAND: POST /session/ec0d9efabda4343648d9cb72b0f3cb86/element - {"using":"css selector","value":"#application-manageresources-display-component---newResourceUnit--btnAddTimeSegment"}
RESULT: {"using":"css selector","value":"#application-manageresources-display-component---newResourceUnit--btnAddTimeSegment"}
COMMAND: GET /session/ec0d9efabda4343648d9cb72b0f3cb86/element/f.8EB935D97E6AC9CFADA6E020F02EE9AE.d.C217A9067F161658B5EFDEAD06043BC2.e.3340/rect - {}
RESULT: {}
COMMAND: GET /session/ec0d9efabda4343648d9cb72b0f3cb86/window/rect - {}
RESULT: {}
COMMAND: POST /session/ec0d9efabda4343648d9cb72b0f3cb86/execute/sync - {"script":"<script> [92 bytes]","args":[]}
RESULT: {"script":"<script> [92 bytes]","args":[]}
COMMAND: POST /session/ec0d9efabda4343648d9cb72b0f3cb86/actions - {"actions":[{"id":"action9","type":"wheel","parameters":{},"actions":[{"type":"scroll","x":-1888,"y":-32,"deltaX":0,"deltaY":0,"duration":0,"origin":{"element-6066-11e4-a52e-4f735466cecf":"f.8EB935D97E6AC9CFADA6E020F02EE9AE.d.C217A9067F161658B5EFDEAD06043BC2.e.3340"}}]}]}
COMMAND: GET /session/ec0d9efabda4343648d9cb72b0f3cb86/screenshot - {}
RESULT: {}
COMMAND: POST /session/ec0d9efabda4343648d9cb72b0f3cb86/execute/sync - {"script":"<script> [79 bytes]","args":[{"element-6066-11e4-a52e-4f735466cecf":"f.8EB935D97E6AC9CFADA6E020F02EE9AE.d.C217A9067F161658B5EFDEAD06043BC2.e.3340","ELEMENT":"f.8EB935D97E6AC9CFADA6E020F02EE9AE.d.C217A9067F161658B5EFDEAD06043BC2.e.3340"},{"block":"start","inline":"nearest"}]}
RESULT: {"script":"<script> [79 bytes]","args":[{"element-6066-11e4-a52e-4f735466cecf":"f.8EB935D97E6AC9CFADA6E020F02EE9AE.d.C217A9067F161658B5EFDEAD06043BC2.e.3340","ELEMENT":"f.8EB935D97E6AC9CFADA6E020F02EE9AE.d.C217A9067F161658B5EFDEAD06043BC2.e.3340"},{"block":"start","inline":"nearest"}]}
COMMAND: POST /session/ec0d9efabda4343648d9cb72b0f3cb86/execute/async - {"script":"<script> [1562 bytes]","args":[{"selector":{"id":"application-manageresources-display-component---newResourceUnit--btnAddTimeSegment","interaction":{"idSuffix":"inner"}},"wdio_ui5_key":"applicationmanageresources-display-component---newResourceUnit--btnAddTimeSegment"}]}
COMMAND: GET /session/ec0d9efabda4343648d9cb72b0f3cb86/screenshot - {}
RESULT: {"script":"<script> [1562 bytes]","args":[{"selector":{"id":"application-manageresources-display-component---newResourceUnit--btnAddTimeSegment","interaction":{"idSuffix":"inner"}},"wdio_ui5_key":"applicationmanageresources-display-component---newResourceUnit--btnAddTimeSegment"}]}
RESULT: undefined
COMMAND: POST /session/ec0d9efabda4343648d9cb72b0f3cb86/element - {"using":"xpath","value":"//*[@id=\"application-manageresources-display-component---newResourceUnit--btnAddTimeSegment\"]"}
RESULT: {}
RESULT: {"using":"xpath","value":"//*[@id=\"application-manageresources-display-component---newResourceUnit--btnAddTimeSegment\"]"}
COMMAND: POST /session/ec0d9efabda4343648d9cb72b0f3cb86/element/f.8EB935D97E6AC9CFADA6E020F02EE9AE.d.C217A9067F161658B5EFDEAD06043BC2.e.3340/click - {}
RESULT: {}
COMMAND: GET /session/ec0d9efabda4343648d9cb72b0f3cb86/screenshot - {}
RESULT: {}
COMMAND: POST /session/ec0d9efabda4343648d9cb72b0f3cb86/element - {"using":"xpath","value":"//input[@id=\"application-manageresources-display-component---newResourceUnit--idRuTSAdmin-application-manageresources-display-component---newResourceUnit--RUTimeSegment-0-inner\"]"}
RESULT: {"using":"xpath","value":"//input[@id=\"application-manageresources-display-component---newResourceUnit--idRuTSAdmin-application-manageresources-display-component---newResourceUnit--RUTimeSegment-0-inner\"]"}
COMMAND: POST /session/ec0d9efabda4343648d9cb72b0f3cb86/element/f.8EB935D97E6AC9CFADA6E020F02EE9AE.d.C217A9067F161658B5EFDEAD06043BC2.e.3346/clear - {}
RESULT: {}
COMMAND: POST /session/ec0d9efabda4343648d9cb72b0f3cb86/element/f.8EB935D97E6AC9CFADA6E020F02EE9AE.d.C217A9067F161658B5EFDEAD06043BC2.e.3346/value - {"text":"262"}
COMMAND: GET /session/ec0d9efabda4343648d9cb72b0f3cb86/screenshot - {}
RESULT: {"text":"262"}
COMMAND: GET /session/ec0d9efabda4343648d9cb72b0f3cb86/screenshot - {}
RESULT: {}
RESULT: {}
COMMAND: POST /session/ec0d9efabda4343648d9cb72b0f3cb86/element - {"using":"xpath","value":"//li[.//span[text()='262']]"}
RESULT: {"using":"xpath","value":"//li[.//span[text()='262']]"}
COMMAND: POST /session/ec0d9efabda4343648d9cb72b0f3cb86/element/f.8EB935D97E6AC9CFADA6E020F02EE9AE.d.C217A9067F161658B5EFDEAD06043BC2.e.3359/click - {}
RESULT: {}
COMMAND: GET /session/ec0d9efabda4343648d9cb72b0f3cb86/screenshot - {}
RESULT: {}
COMMAND: POST /session/ec0d9efabda4343648d9cb72b0f3cb86/element - {"using":"xpath","value":"(//span[contains(@id, \"-application-manageresources-display-component---newResourceUnit--RUTimeSegment-0-arrow\")])[5]"}
RESULT: {"using":"xpath","value":"(//span[contains(@id, \"-application-manageresources-display-component---newResourceUnit--RUTimeSegment-0-arrow\")])[5]"}
COMMAND: POST /session/ec0d9efabda4343648d9cb72b0f3cb86/element/f.8EB935D97E6AC9CFADA6E020F02EE9AE.d.C217A9067F161658B5EFDEAD06043BC2.e.3360/click - {}
RESULT: {}
COMMAND: GET /session/ec0d9efabda4343648d9cb72b0f3cb86/screenshot - {}
RESULT: {}
COMMAND: POST /session/ec0d9efabda4343648d9cb72b0f3cb86/element - {"using":"xpath","value":"//span[contains(text(), \"PM Order\")]"}
RESULT: {"using":"xpath","value":"//span[contains(text(), \"PM Order\")]"}
COMMAND: POST /session/ec0d9efabda4343648d9cb72b0f3cb86/element/f.8EB935D97E6AC9CFADA6E020F02EE9AE.d.C217A9067F161658B5EFDEAD06043BC2.e.3361/click - {}
RESULT: {}
COMMAND: GET /session/ec0d9efabda4343648d9cb72b0f3cb86/screenshot - {}
RESULT: {}
COMMAND: POST /session/ec0d9efabda4343648d9cb72b0f3cb86/element - {"using":"xpath","value":"(//span[contains(@id ,\"manageresources-display-component---newResourceUnit--RUTimeSegment-0-vhi\")])[1]"}
RESULT: {"using":"xpath","value":"(//span[contains(@id ,\"manageresources-display-component---newResourceUnit--RUTimeSegment-0-vhi\")])[1]"}
COMMAND: GET /session/ec0d9efabda4343648d9cb72b0f3cb86/element/f.8EB935D97E6AC9CFADA6E020F02EE9AE.d.C217A9067F161658B5EFDEAD06043BC2.e.3365/rect - {}
RESULT: {}
COMMAND: GET /session/ec0d9efabda4343648d9cb72b0f3cb86/window/rect - {}
RESULT: {}
COMMAND: POST /session/ec0d9efabda4343648d9cb72b0f3cb86/execute/sync - {"script":"<script> [92 bytes]","args":[]}
RESULT: {"script":"<script> [92 bytes]","args":[]}
COMMAND: POST /session/ec0d9efabda4343648d9cb72b0f3cb86/actions - {"actions":[{"id":"action10","type":"wheel","parameters":{},"actions":[{"type":"scroll","x":-1888,"y":-24,"deltaX":0,"deltaY":0,"duration":0,"origin":{"element-6066-11e4-a52e-4f735466cecf":"f.8EB935D97E6AC9CFADA6E020F02EE9AE.d.C217A9067F161658B5EFDEAD06043BC2.e.3365"}}]}]}
COMMAND: GET /session/ec0d9efabda4343648d9cb72b0f3cb86/screenshot - {}
RESULT: {}
COMMAND: POST /session/ec0d9efabda4343648d9cb72b0f3cb86/execute/sync - {"script":"<script> [79 bytes]","args":[{"element-6066-11e4-a52e-4f735466cecf":"f.8EB935D97E6AC9CFADA6E020F02EE9AE.d.C217A9067F161658B5EFDEAD06043BC2.e.3365","ELEMENT":"f.8EB935D97E6AC9CFADA6E020F02EE9AE.d.C217A9067F161658B5EFDEAD06043BC2.e.3365"},{"block":"start","inline":"nearest"}]}
RESULT: {"script":"<script> [79 bytes]","args":[{"element-6066-11e4-a52e-4f735466cecf":"f.8EB935D97E6AC9CFADA6E020F02EE9AE.d.C217A9067F161658B5EFDEAD06043BC2.e.3365","ELEMENT":"f.8EB935D97E6AC9CFADA6E020F02EE9AE.d.C217A9067F161658B5EFDEAD06043BC2.e.3365"},{"block":"start","inline":"nearest"}]}
COMMAND: GET /session/ec0d9efabda4343648d9cb72b0f3cb86/screenshot - {}
RESULT: {}
COMMAND: POST /session/ec0d9efabda4343648d9cb72b0f3cb86/element/f.8EB935D97E6AC9CFADA6E020F02EE9AE.d.C217A9067F161658B5EFDEAD06043BC2.e.3365/click - {}
RESULT: {}
COMMAND: GET /session/ec0d9efabda4343648d9cb72b0f3cb86/screenshot - {}
RESULT: undefined
COMMAND: POST /session/ec0d9efabda4343648d9cb72b0f3cb86/execute/async - {"script":"<script> [776 bytes]","args":[{"enterText":"4000360","selector":{"controlType":"sap.m.SearchField","properties":{"placeholder":"Search"},"searchOpenDialogs":true,"interaction":{"idSuffix":"I"}},"clearTextFirst":true,"interactionType":"ENTER_TEXT"}]}
RESULT: {}
RESULT: {"script":"<script> [776 bytes]","args":[{"enterText":"4000360","selector":{"controlType":"sap.m.SearchField","properties":{"placeholder":"Search"},"searchOpenDialogs":true,"interaction":{"idSuffix":"I"}},"clearTextFirst":true,"interactionType":"ENTER_TEXT"}]}
COMMAND: POST /session/ec0d9efabda4343648d9cb72b0f3cb86/actions - {"actions":[{"id":"action11","type":"key","parameters":{},"actions":[{"type":"keyDown","value":""},{"type":"pause","duration":10},{"type":"keyUp","value":""}]}]}
RESULT: {"actions":[{"id":"action11","type":"key","parameters":{},"actions":[{"type":"keyDown","value":""},{"type":"pause","duration":10},{"type":"keyUp","value":""}]}]}
COMMAND: GET /session/ec0d9efabda4343648d9cb72b0f3cb86/screenshot - {}
RESULT: {}
COMMAND: POST /session/ec0d9efabda4343648d9cb72b0f3cb86/element - {"using":"xpath","value":"//td/div/span[contains(text(), \"BGL Vehicles\")]"}
RESULT: {"using":"xpath","value":"//td/div/span[contains(text(), \"BGL Vehicles\")]"}
COMMAND: POST /session/ec0d9efabda4343648d9cb72b0f3cb86/element/f.8EB935D97E6AC9CFADA6E020F02EE9AE.d.C217A9067F161658B5EFDEAD06043BC2.e.3385/click - {}
RESULT: {}
COMMAND: GET /session/ec0d9efabda4343648d9cb72b0f3cb86/screenshot - {}
RESULT: {}
COMMAND: POST /session/ec0d9efabda4343648d9cb72b0f3cb86/element - {"using":"xpath","value":"//bdi[contains(text(), \"OK\")]"}
RESULT: {"using":"xpath","value":"//bdi[contains(text(), \"OK\")]"}
COMMAND: POST /session/ec0d9efabda4343648d9cb72b0f3cb86/element/f.8EB935D97E6AC9CFADA6E020F02EE9AE.d.C217A9067F161658B5EFDEAD06043BC2.e.3386/click - {}
RESULT: {}
COMMAND: GET /session/ec0d9efabda4343648d9cb72b0f3cb86/screenshot - {}
RESULT: {}
COMMAND: POST /session/ec0d9efabda4343648d9cb72b0f3cb86/element - {"using":"xpath","value":"//label[contains(@class, 'sapMLabelRequired') and .//bdi[contains(text(), 'Planned Retirement')]]"}
RESULT: {"using":"xpath","value":"//label[contains(@class, 'sapMLabelRequired') and .//bdi[contains(text(), 'Planned Retirement')]]"}
COMMAND: POST /session/ec0d9efabda4343648d9cb72b0f3cb86/elements - {"using":"xpath","value":"//label[contains(@class, 'sapMLabelRequired') and .//bdi[contains(text(), 'Planned Retirement')]]"}
RESULT: {"using":"xpath","value":"//label[contains(@class, 'sapMLabelRequired') and .//bdi[contains(text(), 'Planned Retirement')]]"}
COMMAND: POST /session/ec0d9efabda4343648d9cb72b0f3cb86/element - {"using":"xpath","value":"//button[@data-kt=\"resourceUnitSaveButton\"]"}
RESULT: {"using":"xpath","value":"//button[@data-kt=\"resourceUnitSaveButton\"]"}
COMMAND: POST /session/ec0d9efabda4343648d9cb72b0f3cb86/element/f.8EB935D97E6AC9CFADA6E020F02EE9AE.d.C217A9067F161658B5EFDEAD06043BC2.e.3149/click - {}
RESULT: {}
COMMAND: GET /session/ec0d9efabda4343648d9cb72b0f3cb86/screenshot - {}
RESULT: {}
COMMAND: POST /session/ec0d9efabda4343648d9cb72b0f3cb86/element - {"using":"xpath","value":"//bdi[contains(text(), \"Close\")]"}
RESULT: {"using":"xpath","value":"//bdi[contains(text(), \"Close\")]"}
COMMAND: POST /session/ec0d9efabda4343648d9cb72b0f3cb86/element/f.8EB935D97E6AC9CFADA6E020F02EE9AE.d.C217A9067F161658B5EFDEAD06043BC2.e.3393/click - {}
RESULT: {}
COMMAND: GET /session/ec0d9efabda4343648d9cb72b0f3cb86/screenshot - {}
RESULT: {}
COMMAND: POST /session/ec0d9efabda4343648d9cb72b0f3cb86/element - {"using":"xpath","value":"//header[contains(@id, 'detailRruPage-headerTitle')]/div[1]/div[2]/div[2]/span[1]"}
RESULT: {"using":"xpath","value":"//header[contains(@id, 'detailRruPage-headerTitle')]/div[1]/div[2]/div[2]/span[1]"}
COMMAND: POST /session/ec0d9efabda4343648d9cb72b0f3cb86/elements - {"using":"xpath","value":"//header[contains(@id, 'detailRruPage-headerTitle')]/div[1]/div[2]/div[2]/span[1]"}
RESULT: {"using":"xpath","value":"//header[contains(@id, 'detailRruPage-headerTitle')]/div[1]/div[2]/div[2]/span[1]"}
COMMAND: POST /session/ec0d9efabda4343648d9cb72b0f3cb86/execute/sync - {"script":"<script> [56 bytes]","args":[{"element-6066-11e4-a52e-4f735466cecf":"f.8EB935D97E6AC9CFADA6E020F02EE9AE.d.C217A9067F161658B5EFDEAD06043BC2.e.3424","ELEMENT":"f.8EB935D97E6AC9CFADA6E020F02EE9AE.d.C217A9067F161658B5EFDEAD06043BC2.e.3424"}]}
RESULT: {"script":"<script> [56 bytes]","args":[{"element-6066-11e4-a52e-4f735466cecf":"f.8EB935D97E6AC9CFADA6E020F02EE9AE.d.C217A9067F161658B5EFDEAD06043BC2.e.3424","ELEMENT":"f.8EB935D97E6AC9CFADA6E020F02EE9AE.d.C217A9067F161658B5EFDEAD06043BC2.e.3424"}]}
COMMAND: POST /session/ec0d9efabda4343648d9cb72b0f3cb86/element - {"using":"css selector","value":"#shell-header-logo"}
COMMAND: GET /session/ec0d9efabda4343648d9cb72b0f3cb86/screenshot - {}
RESULT: {"using":"css selector","value":"#shell-header-logo"}
COMMAND: POST /session/ec0d9efabda4343648d9cb72b0f3cb86/element/f.8EB935D97E6AC9CFADA6E020F02EE9AE.d.C217A9067F161658B5EFDEAD06043BC2.e.2749/click - {}
RESULT: {}
RESULT: {}
COMMAND: GET /session/ec0d9efabda4343648d9cb72b0f3cb86/screenshot - {}
RESULT: {}
]]></system-out>
    </testcase>
    <testcase classname="chrome.136_0_7103_93.windows.Tests_for_Mass_State_Change_on_Manage_States_&amp;_Performances_US104416_US" name="Prereq Should do stock increase" time="104.741">
      <system-out><![CDATA[
COMMAND: POST /session/ec0d9efabda4343648d9cb72b0f3cb86/execute/async - {"script":"<script> [1562 bytes]","args":[{"selector":{"controlType":"sap.m.GenericTile","properties":{"header":"Manage Handovers"}},"wdio_ui5_key":"sapm.GenericTile{\"header\":\"Manage Handovers\"}"}]}
RESULT: {"script":"<script> [1562 bytes]","args":[{"selector":{"controlType":"sap.m.GenericTile","properties":{"header":"Manage Handovers"}},"wdio_ui5_key":"sapm.GenericTile{\"header\":\"Manage Handovers\"}"}]}
RESULT: undefined
COMMAND: POST /session/ec0d9efabda4343648d9cb72b0f3cb86/element - {"using":"xpath","value":"//*[@id=\"__tile132\"]"}
RESULT: {"using":"xpath","value":"//*[@id=\"__tile132\"]"}
COMMAND: POST /session/ec0d9efabda4343648d9cb72b0f3cb86/element/f.8EB935D97E6AC9CFADA6E020F02EE9AE.d.C217A9067F161658B5EFDEAD06043BC2.e.245/click - {}
RESULT: {}
COMMAND: GET /session/ec0d9efabda4343648d9cb72b0f3cb86/screenshot - {}
RESULT: {}
COMMAND: POST /session/ec0d9efabda4343648d9cb72b0f3cb86/elements - {"using":"xpath","value":"//span[text()='Error']"}
RESULT: {"using":"xpath","value":"//span[text()='Error']"}
COMMAND: POST /session/ec0d9efabda4343648d9cb72b0f3cb86/element - {"using":"xpath","value":"//button[@data-kt=\"masterHOAddButton\"]"}
RESULT: {"using":"xpath","value":"//button[@data-kt=\"masterHOAddButton\"]"}
COMMAND: POST /session/ec0d9efabda4343648d9cb72b0f3cb86/elements - {"using":"xpath","value":"//button[@data-kt=\"masterHOAddButton\"]"}
RESULT: {"using":"xpath","value":"//button[@data-kt=\"masterHOAddButton\"]"}
COMMAND: POST /session/ec0d9efabda4343648d9cb72b0f3cb86/elements - {"using":"xpath","value":"//button[@data-kt=\"masterHOAddButton\"]"}
RESULT: {"using":"xpath","value":"//button[@data-kt=\"masterHOAddButton\"]"}
COMMAND: POST /session/ec0d9efabda4343648d9cb72b0f3cb86/element - {"using":"xpath","value":"//button[@data-kt=\"masterHOAddButton\"]"}
RESULT: {"using":"xpath","value":"//button[@data-kt=\"masterHOAddButton\"]"}
COMMAND: POST /session/ec0d9efabda4343648d9cb72b0f3cb86/execute/sync - {"script":"<script> [8489 bytes]","args":[{"element-6066-11e4-a52e-4f735466cecf":"f.8EB935D97E6AC9CFADA6E020F02EE9AE.d.C217A9067F161658B5EFDEAD06043BC2.e.3457","ELEMENT":"f.8EB935D97E6AC9CFADA6E020F02EE9AE.d.C217A9067F161658B5EFDEAD06043BC2.e.3457"}]}
RESULT: {"script":"<script> [8489 bytes]","args":[{"element-6066-11e4-a52e-4f735466cecf":"f.8EB935D97E6AC9CFADA6E020F02EE9AE.d.C217A9067F161658B5EFDEAD06043BC2.e.3457","ELEMENT":"f.8EB935D97E6AC9CFADA6E020F02EE9AE.d.C217A9067F161658B5EFDEAD06043BC2.e.3457"}]}
COMMAND: GET /session/ec0d9efabda4343648d9cb72b0f3cb86/element/f.8EB935D97E6AC9CFADA6E020F02EE9AE.d.C217A9067F161658B5EFDEAD06043BC2.e.3457/enabled - {}
COMMAND: GET /session/ec0d9efabda4343648d9cb72b0f3cb86/screenshot - {}
RESULT: {}
COMMAND: POST /session/ec0d9efabda4343648d9cb72b0f3cb86/execute/sync - {"script":"<script> [8489 bytes]","args":[{"element-6066-11e4-a52e-4f735466cecf":"f.8EB935D97E6AC9CFADA6E020F02EE9AE.d.C217A9067F161658B5EFDEAD06043BC2.e.3457","ELEMENT":"f.8EB935D97E6AC9CFADA6E020F02EE9AE.d.C217A9067F161658B5EFDEAD06043BC2.e.3457"}]}
COMMAND: GET /session/ec0d9efabda4343648d9cb72b0f3cb86/screenshot - {}
RESULT: {}
RESULT: {"script":"<script> [8489 bytes]","args":[{"element-6066-11e4-a52e-4f735466cecf":"f.8EB935D97E6AC9CFADA6E020F02EE9AE.d.C217A9067F161658B5EFDEAD06043BC2.e.3457","ELEMENT":"f.8EB935D97E6AC9CFADA6E020F02EE9AE.d.C217A9067F161658B5EFDEAD06043BC2.e.3457"}]}
COMMAND: POST /session/ec0d9efabda4343648d9cb72b0f3cb86/execute/sync - {"script":"<script> [5351 bytes]","args":[{"element-6066-11e4-a52e-4f735466cecf":"f.8EB935D97E6AC9CFADA6E020F02EE9AE.d.C217A9067F161658B5EFDEAD06043BC2.e.3457","ELEMENT":"f.8EB935D97E6AC9CFADA6E020F02EE9AE.d.C217A9067F161658B5EFDEAD06043BC2.e.3457"}]}
COMMAND: GET /session/ec0d9efabda4343648d9cb72b0f3cb86/screenshot - {}
RESULT: {}
RESULT: {"script":"<script> [5351 bytes]","args":[{"element-6066-11e4-a52e-4f735466cecf":"f.8EB935D97E6AC9CFADA6E020F02EE9AE.d.C217A9067F161658B5EFDEAD06043BC2.e.3457","ELEMENT":"f.8EB935D97E6AC9CFADA6E020F02EE9AE.d.C217A9067F161658B5EFDEAD06043BC2.e.3457"}]}
COMMAND: POST /session/ec0d9efabda4343648d9cb72b0f3cb86/element/f.8EB935D97E6AC9CFADA6E020F02EE9AE.d.C217A9067F161658B5EFDEAD06043BC2.e.3457/click - {}
COMMAND: GET /session/ec0d9efabda4343648d9cb72b0f3cb86/screenshot - {}
RESULT: {}
RESULT: {}
COMMAND: GET /session/ec0d9efabda4343648d9cb72b0f3cb86/screenshot - {}
RESULT: {}
RESULT: {}
COMMAND: POST /session/ec0d9efabda4343648d9cb72b0f3cb86/element - {"using":"xpath","value":"//span[contains(@id ,\"AddNewHO--typeSelect-arrow\")]"}
RESULT: {"using":"xpath","value":"//span[contains(@id ,\"AddNewHO--typeSelect-arrow\")]"}
COMMAND: POST /session/ec0d9efabda4343648d9cb72b0f3cb86/element/f.8EB935D97E6AC9CFADA6E020F02EE9AE.d.C217A9067F161658B5EFDEAD06043BC2.e.3820/click - {}
RESULT: {}
COMMAND: GET /session/ec0d9efabda4343648d9cb72b0f3cb86/screenshot - {}
RESULT: {}
COMMAND: POST /session/ec0d9efabda4343648d9cb72b0f3cb86/element - {"using":"xpath","value":"(//li[contains(text(), \"stock increase yard\")])[1]"}
RESULT: {"using":"xpath","value":"(//li[contains(text(), \"stock increase yard\")])[1]"}
COMMAND: POST /session/ec0d9efabda4343648d9cb72b0f3cb86/element/f.8EB935D97E6AC9CFADA6E020F02EE9AE.d.C217A9067F161658B5EFDEAD06043BC2.e.3821/click - {}
RESULT: {}
COMMAND: GET /session/ec0d9efabda4343648d9cb72b0f3cb86/screenshot - {}
RESULT: {}
COMMAND: POST /session/ec0d9efabda4343648d9cb72b0f3cb86/execute/async - {"script":"<script> [1562 bytes]","args":[{"selector":{"id":"application-managehandovers-display-component---AddNewHO--dueDate","interaction":{"idSuffix":"inner"}},"wdio_ui5_key":"applicationmanagehandovers-display-component---AddNewHO--dueDate"}]}
RESULT: {"script":"<script> [1562 bytes]","args":[{"selector":{"id":"application-managehandovers-display-component---AddNewHO--dueDate","interaction":{"idSuffix":"inner"}},"wdio_ui5_key":"applicationmanagehandovers-display-component---AddNewHO--dueDate"}]}
RESULT: undefined
COMMAND: POST /session/ec0d9efabda4343648d9cb72b0f3cb86/execute/async - {"script":"<script> [6424 bytes]","args":[{"element-6066-11e4-a52e-4f735466cecf":"f.8EB935D97E6AC9CFADA6E020F02EE9AE.d.C217A9067F161658B5EFDEAD06043BC2.e.3823"},"setValue",["5/24/25"]]}
RESULT: {"script":"<script> [6424 bytes]","args":[{"element-6066-11e4-a52e-4f735466cecf":"f.8EB935D97E6AC9CFADA6E020F02EE9AE.d.C217A9067F161658B5EFDEAD06043BC2.e.3823"},"setValue",["5/24/25"]]}
COMMAND: POST /session/ec0d9efabda4343648d9cb72b0f3cb86/element - {"using":"xpath","value":"//input[@id=\"generalSectionFrg--receiveYard-inner\"]"}
RESULT: {"using":"xpath","value":"//input[@id=\"generalSectionFrg--receiveYard-inner\"]"}
COMMAND: POST /session/ec0d9efabda4343648d9cb72b0f3cb86/element/f.8EB935D97E6AC9CFADA6E020F02EE9AE.d.C217A9067F161658B5EFDEAD06043BC2.e.3829/clear - {}
RESULT: {}
COMMAND: POST /session/ec0d9efabda4343648d9cb72b0f3cb86/element/f.8EB935D97E6AC9CFADA6E020F02EE9AE.d.C217A9067F161658B5EFDEAD06043BC2.e.3829/value - {"text":"262"}
COMMAND: GET /session/ec0d9efabda4343648d9cb72b0f3cb86/screenshot - {}
RESULT: {"text":"262"}
COMMAND: GET /session/ec0d9efabda4343648d9cb72b0f3cb86/screenshot - {}
RESULT: {}
RESULT: {}
COMMAND: POST /session/ec0d9efabda4343648d9cb72b0f3cb86/element - {"using":"xpath","value":"//li[.//span[text()='262']]"}
RESULT: {"using":"xpath","value":"//li[.//span[text()='262']]"}
COMMAND: POST /session/ec0d9efabda4343648d9cb72b0f3cb86/element/f.8EB935D97E6AC9CFADA6E020F02EE9AE.d.C217A9067F161658B5EFDEAD06043BC2.e.3847/click - {}
RESULT: {}
COMMAND: GET /session/ec0d9efabda4343648d9cb72b0f3cb86/screenshot - {}
RESULT: {}
COMMAND: POST /session/ec0d9efabda4343648d9cb72b0f3cb86/execute/async - {"script":"<script> [1562 bytes]","args":[{"selector":{"id":"application-managehandovers-display-component---AddNewHO--ObjectPageLayout-anchBar-application-managehandovers-display-component---AddNewHO--section4-anchor","interaction":{"idSuffix":"BDI-content"}},"wdio_ui5_key":"applicationmanagehandovers-display-component---AddNewHO--ObjectPageLayout-anchBar-application-managehandovers-display-component---AddNewHO--section4-anchor"}]}
RESULT: {"script":"<script> [1562 bytes]","args":[{"selector":{"id":"application-managehandovers-display-component---AddNewHO--ObjectPageLayout-anchBar-application-managehandovers-display-component---AddNewHO--section4-anchor","interaction":{"idSuffix":"BDI-content"}},"wdio_ui5_key":"applicationmanagehandovers-display-component---AddNewHO--ObjectPageLayout-anchBar-application-managehandovers-display-component---AddNewHO--section4-anchor"}]}
RESULT: undefined
COMMAND: POST /session/ec0d9efabda4343648d9cb72b0f3cb86/element - {"using":"xpath","value":"//*[@id=\"application-managehandovers-display-component---AddNewHO--ObjectPageLayout-anchBar-application-managehandovers-display-component---AddNewHO--section4-anchor\"]"}
RESULT: {"using":"xpath","value":"//*[@id=\"application-managehandovers-display-component---AddNewHO--ObjectPageLayout-anchBar-application-managehandovers-display-component---AddNewHO--section4-anchor\"]"}
COMMAND: POST /session/ec0d9efabda4343648d9cb72b0f3cb86/element/f.8EB935D97E6AC9CFADA6E020F02EE9AE.d.C217A9067F161658B5EFDEAD06043BC2.e.3849/click - {}
RESULT: {}
COMMAND: POST /session/ec0d9efabda4343648d9cb72b0f3cb86/element - {"using":"xpath","value":"//button[@aria-label=\"Add\"]"}
COMMAND: GET /session/ec0d9efabda4343648d9cb72b0f3cb86/screenshot - {}
RESULT: {"using":"xpath","value":"//button[@aria-label=\"Add\"]"}
COMMAND: POST /session/ec0d9efabda4343648d9cb72b0f3cb86/element/f.8EB935D97E6AC9CFADA6E020F02EE9AE.d.C217A9067F161658B5EFDEAD06043BC2.e.3851/click - {}
RESULT: {}
RESULT: {}
COMMAND: GET /session/ec0d9efabda4343648d9cb72b0f3cb86/screenshot - {}
RESULT: {}
COMMAND: POST /session/ec0d9efabda4343648d9cb72b0f3cb86/execute/async - {"script":"<script> [1562 bytes]","args":[{"selector":{"id":"application-managehandovers-display-component---AddNewHO--smartFilterBar-btnBasicSearch","searchOpenDialogs":true,"interaction":{"idSuffix":"I"}},"wdio_ui5_key":"applicationmanagehandovers-display-component---AddNewHO--smartFilterBar-btnBasicSearch"}]}
RESULT: {"script":"<script> [1562 bytes]","args":[{"selector":{"id":"application-managehandovers-display-component---AddNewHO--smartFilterBar-btnBasicSearch","searchOpenDialogs":true,"interaction":{"idSuffix":"I"}},"wdio_ui5_key":"applicationmanagehandovers-display-component---AddNewHO--smartFilterBar-btnBasicSearch"}]}
RESULT: undefined
COMMAND: POST /session/ec0d9efabda4343648d9cb72b0f3cb86/execute/async - {"script":"<script> [776 bytes]","args":[{"enterText":"400010","selector":{"id":"application-managehandovers-display-component---AddNewHO--smartFilterBar-btnBasicSearch","searchOpenDialogs":true,"interaction":{"idSuffix":"I"}},"clearTextFirst":true,"interactionType":"ENTER_TEXT"}]}
RESULT: {"script":"<script> [776 bytes]","args":[{"enterText":"400010","selector":{"id":"application-managehandovers-display-component---AddNewHO--smartFilterBar-btnBasicSearch","searchOpenDialogs":true,"interaction":{"idSuffix":"I"}},"clearTextFirst":true,"interactionType":"ENTER_TEXT"}]}
COMMAND: POST /session/ec0d9efabda4343648d9cb72b0f3cb86/actions - {"actions":[{"id":"action12","type":"key","parameters":{},"actions":[{"type":"keyDown","value":""},{"type":"pause","duration":10},{"type":"keyUp","value":""}]}]}
RESULT: {"actions":[{"id":"action12","type":"key","parameters":{},"actions":[{"type":"keyDown","value":""},{"type":"pause","duration":10},{"type":"keyUp","value":""}]}]}
COMMAND: GET /session/ec0d9efabda4343648d9cb72b0f3cb86/screenshot - {}
RESULT: {}
COMMAND: POST /session/ec0d9efabda4343648d9cb72b0f3cb86/execute/async - {"script":"<script> [1562 bytes]","args":[{"selector":{"id":"application-managehandovers-display-component---AddNewHO--popup-sa","searchOpenDialogs":true,"interaction":{"idSuffix":"CbBg"}},"wdio_ui5_key":"applicationmanagehandovers-display-component---AddNewHO--popup-sa"}]}
RESULT: {"script":"<script> [1562 bytes]","args":[{"selector":{"id":"application-managehandovers-display-component---AddNewHO--popup-sa","searchOpenDialogs":true,"interaction":{"idSuffix":"CbBg"}},"wdio_ui5_key":"applicationmanagehandovers-display-component---AddNewHO--popup-sa"}]}
RESULT: undefined
COMMAND: POST /session/ec0d9efabda4343648d9cb72b0f3cb86/element - {"using":"xpath","value":"//*[@id=\"application-managehandovers-display-component---AddNewHO--popup-sa\"]"}
RESULT: {"using":"xpath","value":"//*[@id=\"application-managehandovers-display-component---AddNewHO--popup-sa\"]"}
COMMAND: POST /session/ec0d9efabda4343648d9cb72b0f3cb86/element/f.8EB935D97E6AC9CFADA6E020F02EE9AE.d.C217A9067F161658B5EFDEAD06043BC2.e.4006/click - {}
RESULT: {}
COMMAND: GET /session/ec0d9efabda4343648d9cb72b0f3cb86/screenshot - {}
RESULT: {}
COMMAND: POST /session/ec0d9efabda4343648d9cb72b0f3cb86/element - {"using":"xpath","value":"//bdi[contains(text(), \"Select\")]"}
RESULT: {"using":"xpath","value":"//bdi[contains(text(), \"Select\")]"}
COMMAND: POST /session/ec0d9efabda4343648d9cb72b0f3cb86/element/f.8EB935D97E6AC9CFADA6E020F02EE9AE.d.C217A9067F161658B5EFDEAD06043BC2.e.4007/click - {}
RESULT: {}
COMMAND: GET /session/ec0d9efabda4343648d9cb72b0f3cb86/screenshot - {}
RESULT: {}
COMMAND: POST /session/ec0d9efabda4343648d9cb72b0f3cb86/element - {"using":"xpath","value":"//button[@data-kt=\"AddNewHOSaveButton\"]"}
RESULT: {"using":"xpath","value":"//button[@data-kt=\"AddNewHOSaveButton\"]"}
COMMAND: POST /session/ec0d9efabda4343648d9cb72b0f3cb86/element/f.8EB935D97E6AC9CFADA6E020F02EE9AE.d.C217A9067F161658B5EFDEAD06043BC2.e.4011/click - {}
RESULT: {}
COMMAND: GET /session/ec0d9efabda4343648d9cb72b0f3cb86/screenshot - {}
RESULT: {}
COMMAND: POST /session/ec0d9efabda4343648d9cb72b0f3cb86/execute/async - {"script":"<script> [1562 bytes]","args":[{"selector":{"id":"receiptDatePicker","viewName":"etm.portal.ui.managehandovers.view.DetailExecuteHO","interaction":{"idSuffix":"inner"}},"wdio_ui5_key":"receiptDatePickeretmportal.ui.managehandovers.view.DetailExecuteHO"}]}
RESULT: {"script":"<script> [1562 bytes]","args":[{"selector":{"id":"receiptDatePicker","viewName":"etm.portal.ui.managehandovers.view.DetailExecuteHO","interaction":{"idSuffix":"inner"}},"wdio_ui5_key":"receiptDatePickeretmportal.ui.managehandovers.view.DetailExecuteHO"}]}
RESULT: undefined
COMMAND: POST /session/ec0d9efabda4343648d9cb72b0f3cb86/execute/async - {"script":"<script> [6424 bytes]","args":[{"element-6066-11e4-a52e-4f735466cecf":"f.8EB935D97E6AC9CFADA6E020F02EE9AE.d.C217A9067F161658B5EFDEAD06043BC2.e.4040"},"setValue",["5/24/25"]]}
RESULT: {"script":"<script> [6424 bytes]","args":[{"element-6066-11e4-a52e-4f735466cecf":"f.8EB935D97E6AC9CFADA6E020F02EE9AE.d.C217A9067F161658B5EFDEAD06043BC2.e.4040"},"setValue",["5/24/25"]]}
COMMAND: POST /session/ec0d9efabda4343648d9cb72b0f3cb86/element - {"using":"xpath","value":"//button[@data-kt=\"ReceivingTableConfirmAllButton\"]"}
RESULT: {"using":"xpath","value":"//button[@data-kt=\"ReceivingTableConfirmAllButton\"]"}
COMMAND: POST /session/ec0d9efabda4343648d9cb72b0f3cb86/element/f.8EB935D97E6AC9CFADA6E020F02EE9AE.d.C217A9067F161658B5EFDEAD06043BC2.e.4054/click - {}
RESULT: {}
COMMAND: GET /session/ec0d9efabda4343648d9cb72b0f3cb86/screenshot - {}
RESULT: {}
COMMAND: POST /session/ec0d9efabda4343648d9cb72b0f3cb86/element - {"using":"xpath","value":"//bdi[contains(text(), \"OK\")]"}
RESULT: {"using":"xpath","value":"//bdi[contains(text(), \"OK\")]"}
COMMAND: POST /session/ec0d9efabda4343648d9cb72b0f3cb86/element/f.8EB935D97E6AC9CFADA6E020F02EE9AE.d.C217A9067F161658B5EFDEAD06043BC2.e.4056/click - {}
RESULT: {}
COMMAND: GET /session/ec0d9efabda4343648d9cb72b0f3cb86/screenshot - {}
RESULT: {}
COMMAND: POST /session/ec0d9efabda4343648d9cb72b0f3cb86/element - {"using":"xpath","value":"(//bdi[contains(text(), \"Receive\")])[2]"}
RESULT: {"using":"xpath","value":"(//bdi[contains(text(), \"Receive\")])[2]"}
COMMAND: POST /session/ec0d9efabda4343648d9cb72b0f3cb86/element/f.8EB935D97E6AC9CFADA6E020F02EE9AE.d.C217A9067F161658B5EFDEAD06043BC2.e.4058/click - {}
RESULT: {}
COMMAND: GET /session/ec0d9efabda4343648d9cb72b0f3cb86/screenshot - {}
RESULT: {}
COMMAND: POST /session/ec0d9efabda4343648d9cb72b0f3cb86/element - {"using":"css selector","value":"#shell-header-logo"}
RESULT: {"using":"css selector","value":"#shell-header-logo"}
COMMAND: POST /session/ec0d9efabda4343648d9cb72b0f3cb86/element/f.8EB935D97E6AC9CFADA6E020F02EE9AE.d.C217A9067F161658B5EFDEAD06043BC2.e.3428/click - {}
RESULT: {}
COMMAND: GET /session/ec0d9efabda4343648d9cb72b0f3cb86/screenshot - {}
RESULT: {}
]]></system-out>
    </testcase>
    <testcase classname="chrome.136_0_7103_93.windows.Tests_for_Mass_State_Change_on_Manage_States_&amp;_Performances_US104416_US" name="Prereq Should create a new contract" time="66.697">
      <system-out><![CDATA[
COMMAND: POST /session/ec0d9efabda4343648d9cb72b0f3cb86/execute/async - {"script":"<script> [1562 bytes]","args":[{"selector":{"controlType":"sap.m.GenericTile","properties":{"header":"Manage Contracts"}},"wdio_ui5_key":"sapm.GenericTile{\"header\":\"Manage Contracts\"}"}]}
RESULT: {"script":"<script> [1562 bytes]","args":[{"selector":{"controlType":"sap.m.GenericTile","properties":{"header":"Manage Contracts"}},"wdio_ui5_key":"sapm.GenericTile{\"header\":\"Manage Contracts\"}"}]}
RESULT: undefined
COMMAND: POST /session/ec0d9efabda4343648d9cb72b0f3cb86/element - {"using":"xpath","value":"//*[@id=\"__tile130\"]"}
RESULT: {"using":"xpath","value":"//*[@id=\"__tile130\"]"}
COMMAND: POST /session/ec0d9efabda4343648d9cb72b0f3cb86/element/f.8EB935D97E6AC9CFADA6E020F02EE9AE.d.C217A9067F161658B5EFDEAD06043BC2.e.176/click - {}
RESULT: {}
COMMAND: GET /session/ec0d9efabda4343648d9cb72b0f3cb86/screenshot - {}
RESULT: {}
COMMAND: POST /session/ec0d9efabda4343648d9cb72b0f3cb86/elements - {"using":"xpath","value":"//span[text()='Error']"}
RESULT: {"using":"xpath","value":"//span[text()='Error']"}
COMMAND: POST /session/ec0d9efabda4343648d9cb72b0f3cb86/element - {"using":"xpath","value":"//button[@data-kt=\"addButton\"]"}
RESULT: {"using":"xpath","value":"//button[@data-kt=\"addButton\"]"}
COMMAND: POST /session/ec0d9efabda4343648d9cb72b0f3cb86/elements - {"using":"xpath","value":"//button[@data-kt=\"addButton\"]"}
RESULT: {"using":"xpath","value":"//button[@data-kt=\"addButton\"]"}
COMMAND: POST /session/ec0d9efabda4343648d9cb72b0f3cb86/execute/sync - {"script":"<script> [8489 bytes]","args":[{"element-6066-11e4-a52e-4f735466cecf":"f.8EB935D97E6AC9CFADA6E020F02EE9AE.d.C217A9067F161658B5EFDEAD06043BC2.e.4280","ELEMENT":"f.8EB935D97E6AC9CFADA6E020F02EE9AE.d.C217A9067F161658B5EFDEAD06043BC2.e.4280"}]}
RESULT: {"script":"<script> [8489 bytes]","args":[{"element-6066-11e4-a52e-4f735466cecf":"f.8EB935D97E6AC9CFADA6E020F02EE9AE.d.C217A9067F161658B5EFDEAD06043BC2.e.4280","ELEMENT":"f.8EB935D97E6AC9CFADA6E020F02EE9AE.d.C217A9067F161658B5EFDEAD06043BC2.e.4280"}]}
COMMAND: GET /session/ec0d9efabda4343648d9cb72b0f3cb86/element/f.8EB935D97E6AC9CFADA6E020F02EE9AE.d.C217A9067F161658B5EFDEAD06043BC2.e.4280/enabled - {}
COMMAND: GET /session/ec0d9efabda4343648d9cb72b0f3cb86/screenshot - {}
RESULT: {}
COMMAND: POST /session/ec0d9efabda4343648d9cb72b0f3cb86/execute/sync - {"script":"<script> [8489 bytes]","args":[{"element-6066-11e4-a52e-4f735466cecf":"f.8EB935D97E6AC9CFADA6E020F02EE9AE.d.C217A9067F161658B5EFDEAD06043BC2.e.4280","ELEMENT":"f.8EB935D97E6AC9CFADA6E020F02EE9AE.d.C217A9067F161658B5EFDEAD06043BC2.e.4280"}]}
COMMAND: GET /session/ec0d9efabda4343648d9cb72b0f3cb86/screenshot - {}
RESULT: {}
RESULT: {"script":"<script> [8489 bytes]","args":[{"element-6066-11e4-a52e-4f735466cecf":"f.8EB935D97E6AC9CFADA6E020F02EE9AE.d.C217A9067F161658B5EFDEAD06043BC2.e.4280","ELEMENT":"f.8EB935D97E6AC9CFADA6E020F02EE9AE.d.C217A9067F161658B5EFDEAD06043BC2.e.4280"}]}
COMMAND: POST /session/ec0d9efabda4343648d9cb72b0f3cb86/execute/sync - {"script":"<script> [5351 bytes]","args":[{"element-6066-11e4-a52e-4f735466cecf":"f.8EB935D97E6AC9CFADA6E020F02EE9AE.d.C217A9067F161658B5EFDEAD06043BC2.e.4280","ELEMENT":"f.8EB935D97E6AC9CFADA6E020F02EE9AE.d.C217A9067F161658B5EFDEAD06043BC2.e.4280"}]}
COMMAND: GET /session/ec0d9efabda4343648d9cb72b0f3cb86/screenshot - {}
RESULT: {}
RESULT: {"script":"<script> [5351 bytes]","args":[{"element-6066-11e4-a52e-4f735466cecf":"f.8EB935D97E6AC9CFADA6E020F02EE9AE.d.C217A9067F161658B5EFDEAD06043BC2.e.4280","ELEMENT":"f.8EB935D97E6AC9CFADA6E020F02EE9AE.d.C217A9067F161658B5EFDEAD06043BC2.e.4280"}]}
COMMAND: GET /session/ec0d9efabda4343648d9cb72b0f3cb86/screenshot - {}
RESULT: {}
RESULT: {}
COMMAND: POST /session/ec0d9efabda4343648d9cb72b0f3cb86/element/f.8EB935D97E6AC9CFADA6E020F02EE9AE.d.C217A9067F161658B5EFDEAD06043BC2.e.4280/click - {}
RESULT: {}
COMMAND: GET /session/ec0d9efabda4343648d9cb72b0f3cb86/screenshot - {}
COMMAND: POST /session/ec0d9efabda4343648d9cb72b0f3cb86/execute/async - {"script":"<script> [1562 bytes]","args":[{"selector":{"id":"application-managecontracts-display-component---AddNewContract--projectDescription","interaction":{"idSuffix":"inner"}},"wdio_ui5_key":"applicationmanagecontracts-display-component---AddNewContract--projectDescription"}]}
RESULT: {}
RESULT: {"script":"<script> [1562 bytes]","args":[{"selector":{"id":"application-managecontracts-display-component---AddNewContract--projectDescription","interaction":{"idSuffix":"inner"}},"wdio_ui5_key":"applicationmanagecontracts-display-component---AddNewContract--projectDescription"}]}
RESULT: undefined
COMMAND: POST /session/ec0d9efabda4343648d9cb72b0f3cb86/execute/async - {"script":"<script> [776 bytes]","args":[{"enterText":"Contract WDIO","selector":{"id":"application-managecontracts-display-component---AddNewContract--projectDescription","interaction":{"idSuffix":"inner"}},"clearTextFirst":true,"interactionType":"ENTER_TEXT"}]}
RESULT: {"script":"<script> [776 bytes]","args":[{"enterText":"Contract WDIO","selector":{"id":"application-managecontracts-display-component---AddNewContract--projectDescription","interaction":{"idSuffix":"inner"}},"clearTextFirst":true,"interactionType":"ENTER_TEXT"}]}
COMMAND: POST /session/ec0d9efabda4343648d9cb72b0f3cb86/element - {"using":"xpath","value":"//input[@id=\"application-managecontracts-display-component---AddNewContract--site-inner\"]"}
RESULT: {"using":"xpath","value":"//input[@id=\"application-managecontracts-display-component---AddNewContract--site-inner\"]"}
COMMAND: POST /session/ec0d9efabda4343648d9cb72b0f3cb86/element/f.8EB935D97E6AC9CFADA6E020F02EE9AE.d.C217A9067F161658B5EFDEAD06043BC2.e.4598/clear - {}
RESULT: {}
COMMAND: POST /session/ec0d9efabda4343648d9cb72b0f3cb86/element/f.8EB935D97E6AC9CFADA6E020F02EE9AE.d.C217A9067F161658B5EFDEAD06043BC2.e.4598/value - {"text":"2104"}
COMMAND: GET /session/ec0d9efabda4343648d9cb72b0f3cb86/screenshot - {}
RESULT: {"text":"2104"}
COMMAND: GET /session/ec0d9efabda4343648d9cb72b0f3cb86/screenshot - {}
RESULT: {}
RESULT: {}
COMMAND: POST /session/ec0d9efabda4343648d9cb72b0f3cb86/element - {"using":"xpath","value":"//li[.//span[text()='2104']]"}
RESULT: {"using":"xpath","value":"//li[.//span[text()='2104']]"}
COMMAND: POST /session/ec0d9efabda4343648d9cb72b0f3cb86/element/f.8EB935D97E6AC9CFADA6E020F02EE9AE.d.C217A9067F161658B5EFDEAD06043BC2.e.4680/click - {}
RESULT: {}
COMMAND: GET /session/ec0d9efabda4343648d9cb72b0f3cb86/screenshot - {}
RESULT: {}
COMMAND: POST /session/ec0d9efabda4343648d9cb72b0f3cb86/element - {"using":"xpath","value":"//input[@id=\"application-managecontracts-display-component---AddNewContract--yardId-inner\"]"}
RESULT: {"using":"xpath","value":"//input[@id=\"application-managecontracts-display-component---AddNewContract--yardId-inner\"]"}
COMMAND: GET /session/ec0d9efabda4343648d9cb72b0f3cb86/element/f.8EB935D97E6AC9CFADA6E020F02EE9AE.d.C217A9067F161658B5EFDEAD06043BC2.e.4599/property/value - {}
RESULT: {}
COMMAND: POST /session/ec0d9efabda4343648d9cb72b0f3cb86/element - {"using":"xpath","value":"//input[@id=\"application-managecontracts-display-component---AddNewContract--customerSelect-inner\"]"}
COMMAND: GET /session/ec0d9efabda4343648d9cb72b0f3cb86/screenshot - {}
RESULT: {"using":"xpath","value":"//input[@id=\"application-managecontracts-display-component---AddNewContract--customerSelect-inner\"]"}
COMMAND: POST /session/ec0d9efabda4343648d9cb72b0f3cb86/element/f.8EB935D97E6AC9CFADA6E020F02EE9AE.d.C217A9067F161658B5EFDEAD06043BC2.e.4597/clear - {}
RESULT: {}
RESULT: {}
COMMAND: POST /session/ec0d9efabda4343648d9cb72b0f3cb86/element/f.8EB935D97E6AC9CFADA6E020F02EE9AE.d.C217A9067F161658B5EFDEAD06043BC2.e.4597/value - {"text":"1111"}
COMMAND: GET /session/ec0d9efabda4343648d9cb72b0f3cb86/screenshot - {}
RESULT: {"text":"1111"}
COMMAND: GET /session/ec0d9efabda4343648d9cb72b0f3cb86/screenshot - {}
RESULT: {}
RESULT: {}
COMMAND: POST /session/ec0d9efabda4343648d9cb72b0f3cb86/element - {"using":"xpath","value":"//li[.//span[text()='1111']]"}
RESULT: {"using":"xpath","value":"//li[.//span[text()='1111']]"}
COMMAND: POST /session/ec0d9efabda4343648d9cb72b0f3cb86/element/f.8EB935D97E6AC9CFADA6E020F02EE9AE.d.C217A9067F161658B5EFDEAD06043BC2.e.4683/click - {}
RESULT: {}
COMMAND: GET /session/ec0d9efabda4343648d9cb72b0f3cb86/screenshot - {}
RESULT: {}
COMMAND: POST /session/ec0d9efabda4343648d9cb72b0f3cb86/element - {"using":"xpath","value":"//button[@data-kt=\"saveButton\"]"}
RESULT: {"using":"xpath","value":"//button[@data-kt=\"saveButton\"]"}
COMMAND: POST /session/ec0d9efabda4343648d9cb72b0f3cb86/element/f.8EB935D97E6AC9CFADA6E020F02EE9AE.d.C217A9067F161658B5EFDEAD06043BC2.e.4673/click - {}
RESULT: {}
COMMAND: GET /session/ec0d9efabda4343648d9cb72b0f3cb86/screenshot - {}
RESULT: {}
COMMAND: POST /session/ec0d9efabda4343648d9cb72b0f3cb86/element - {"using":"xpath","value":"//span[contains(@id ,\"contractDetailTitleNoExpanded\")]"}
RESULT: {"using":"xpath","value":"//span[contains(@id ,\"contractDetailTitleNoExpanded\")]"}
COMMAND: POST /session/ec0d9efabda4343648d9cb72b0f3cb86/elements - {"using":"xpath","value":"//span[contains(@id ,\"contractDetailTitleNoExpanded\")]"}
RESULT: {"using":"xpath","value":"//span[contains(@id ,\"contractDetailTitleNoExpanded\")]"}
COMMAND: POST /session/ec0d9efabda4343648d9cb72b0f3cb86/execute/sync - {"script":"<script> [56 bytes]","args":[{"element-6066-11e4-a52e-4f735466cecf":"f.8EB935D97E6AC9CFADA6E020F02EE9AE.d.C217A9067F161658B5EFDEAD06043BC2.e.4693","ELEMENT":"f.8EB935D97E6AC9CFADA6E020F02EE9AE.d.C217A9067F161658B5EFDEAD06043BC2.e.4693"}]}
RESULT: {"script":"<script> [56 bytes]","args":[{"element-6066-11e4-a52e-4f735466cecf":"f.8EB935D97E6AC9CFADA6E020F02EE9AE.d.C217A9067F161658B5EFDEAD06043BC2.e.4693","ELEMENT":"f.8EB935D97E6AC9CFADA6E020F02EE9AE.d.C217A9067F161658B5EFDEAD06043BC2.e.4693"}]}
COMMAND: GET /session/ec0d9efabda4343648d9cb72b0f3cb86/screenshot - {}
RESULT: {}
]]></system-out>
    </testcase>
    <testcase classname="chrome.136_0_7103_93.windows.Tests_for_Mass_State_Change_on_Manage_States_&amp;_Performances_US104416_US" name="Prereq Should add created equipment to contract but to have the item 2 days earlier" time="65.52">
      <system-out><![CDATA[
COMMAND: POST /session/ec0d9efabda4343648d9cb72b0f3cb86/element - {"using":"xpath","value":"//button[@data-kt=\"contractDetailEditBtnButton\"]"}
RESULT: {"using":"xpath","value":"//button[@data-kt=\"contractDetailEditBtnButton\"]"}
COMMAND: POST /session/ec0d9efabda4343648d9cb72b0f3cb86/element/f.8EB935D97E6AC9CFADA6E020F02EE9AE.d.C217A9067F161658B5EFDEAD06043BC2.e.4695/click - {}
RESULT: {}
COMMAND: GET /session/ec0d9efabda4343648d9cb72b0f3cb86/screenshot - {}
RESULT: {}
COMMAND: POST /session/ec0d9efabda4343648d9cb72b0f3cb86/element - {"using":"xpath","value":"(//span[contains(text(), \"Additional Addresses\")])[2]"}
RESULT: {"using":"xpath","value":"(//span[contains(text(), \"Additional Addresses\")])[2]"}
COMMAND: POST /session/ec0d9efabda4343648d9cb72b0f3cb86/element/f.8EB935D97E6AC9CFADA6E020F02EE9AE.d.C217A9067F161658B5EFDEAD06043BC2.e.4750/click - {}
RESULT: {}
COMMAND: GET /session/ec0d9efabda4343648d9cb72b0f3cb86/screenshot - {}
RESULT: {}
COMMAND: POST /session/ec0d9efabda4343648d9cb72b0f3cb86/element - {"using":"xpath","value":"//button[@data-kt=\"btnAddTableRowOverflowToolbarButton\"]"}
RESULT: {"using":"xpath","value":"//button[@data-kt=\"btnAddTableRowOverflowToolbarButton\"]"}
COMMAND: POST /session/ec0d9efabda4343648d9cb72b0f3cb86/element/f.8EB935D97E6AC9CFADA6E020F02EE9AE.d.C217A9067F161658B5EFDEAD06043BC2.e.4754/click - {}
RESULT: {}
COMMAND: GET /session/ec0d9efabda4343648d9cb72b0f3cb86/screenshot - {}
RESULT: {}
COMMAND: POST /session/ec0d9efabda4343648d9cb72b0f3cb86/element - {"using":"xpath","value":"//div[(text() = 'Standard Entry' or . = 'Standard Entry')]"}
RESULT: {"using":"xpath","value":"//div[(text() = 'Standard Entry' or . = 'Standard Entry')]"}
COMMAND: POST /session/ec0d9efabda4343648d9cb72b0f3cb86/element/f.8EB935D97E6AC9CFADA6E020F02EE9AE.d.C217A9067F161658B5EFDEAD06043BC2.e.4756/click - {}
RESULT: {}
COMMAND: GET /session/ec0d9efabda4343648d9cb72b0f3cb86/screenshot - {}
RESULT: {}
COMMAND: POST /session/ec0d9efabda4343648d9cb72b0f3cb86/element - {"using":"xpath","value":"//td[6]/div/div/div/span"}
RESULT: {"using":"xpath","value":"//td[6]/div/div/div/span"}
COMMAND: POST /session/ec0d9efabda4343648d9cb72b0f3cb86/element/f.8EB935D97E6AC9CFADA6E020F02EE9AE.d.C217A9067F161658B5EFDEAD06043BC2.e.4768/click - {}
RESULT: {}
COMMAND: GET /session/ec0d9efabda4343648d9cb72b0f3cb86/screenshot - {}
RESULT: {}
COMMAND: POST /session/ec0d9efabda4343648d9cb72b0f3cb86/element - {"using":"xpath","value":"(//span[contains(text(), \"Equi Multipart\")])"}
RESULT: {"using":"xpath","value":"(//span[contains(text(), \"Equi Multipart\")])"}
COMMAND: POST /session/ec0d9efabda4343648d9cb72b0f3cb86/element/f.8EB935D97E6AC9CFADA6E020F02EE9AE.d.C217A9067F161658B5EFDEAD06043BC2.e.4769/click - {}
RESULT: {}
COMMAND: GET /session/ec0d9efabda4343648d9cb72b0f3cb86/screenshot - {}
RESULT: {}
COMMAND: POST /session/ec0d9efabda4343648d9cb72b0f3cb86/element - {"using":"xpath","value":"//td[7]/div/div/input"}
RESULT: {"using":"xpath","value":"//td[7]/div/div/input"}
COMMAND: POST /session/ec0d9efabda4343648d9cb72b0f3cb86/element/f.8EB935D97E6AC9CFADA6E020F02EE9AE.d.C217A9067F161658B5EFDEAD06043BC2.e.4773/clear - {}
RESULT: {}
COMMAND: POST /session/ec0d9efabda4343648d9cb72b0f3cb86/element/f.8EB935D97E6AC9CFADA6E020F02EE9AE.d.C217A9067F161658B5EFDEAD06043BC2.e.4773/value - {"text":"400010"}
COMMAND: GET /session/ec0d9efabda4343648d9cb72b0f3cb86/screenshot - {}
RESULT: {"text":"400010"}
COMMAND: GET /session/ec0d9efabda4343648d9cb72b0f3cb86/screenshot - {}
RESULT: {}
RESULT: {}
COMMAND: POST /session/ec0d9efabda4343648d9cb72b0f3cb86/actions - {"actions":[{"id":"action13","type":"key","parameters":{},"actions":[{"type":"keyDown","value":""},{"type":"pause","duration":10},{"type":"keyUp","value":""}]}]}
RESULT: {"actions":[{"id":"action13","type":"key","parameters":{},"actions":[{"type":"keyDown","value":""},{"type":"pause","duration":10},{"type":"keyUp","value":""}]}]}
COMMAND: GET /session/ec0d9efabda4343648d9cb72b0f3cb86/screenshot - {}
RESULT: {}
COMMAND: POST /session/ec0d9efabda4343648d9cb72b0f3cb86/execute/sync - {"script":"<script> [276 bytes]","args":["No pricing information was found"]}
RESULT: {"script":"<script> [276 bytes]","args":["No pricing information was found"]}
COMMAND: POST /session/ec0d9efabda4343648d9cb72b0f3cb86/element - {"using":"xpath","value":"//bdi[contains(text(), \"OK\")]"}
COMMAND: GET /session/ec0d9efabda4343648d9cb72b0f3cb86/screenshot - {}
RESULT: {}
RESULT: {"using":"xpath","value":"//bdi[contains(text(), \"OK\")]"}
COMMAND: POST /session/ec0d9efabda4343648d9cb72b0f3cb86/element/f.8EB935D97E6AC9CFADA6E020F02EE9AE.d.C217A9067F161658B5EFDEAD06043BC2.e.4799/click - {}
RESULT: {}
COMMAND: GET /session/ec0d9efabda4343648d9cb72b0f3cb86/screenshot - {}
RESULT: {}
COMMAND: POST /session/ec0d9efabda4343648d9cb72b0f3cb86/element - {"using":"xpath","value":"//td[19]/div/div/input"}
RESULT: {"using":"xpath","value":"//td[19]/div/div/input"}
COMMAND: POST /session/ec0d9efabda4343648d9cb72b0f3cb86/element/f.8EB935D97E6AC9CFADA6E020F02EE9AE.d.C217A9067F161658B5EFDEAD06043BC2.e.4796/clear - {}
RESULT: {}
COMMAND: POST /session/ec0d9efabda4343648d9cb72b0f3cb86/element/f.8EB935D97E6AC9CFADA6E020F02EE9AE.d.C217A9067F161658B5EFDEAD06043BC2.e.4796/value - {"text":"5/22/25"}
COMMAND: GET /session/ec0d9efabda4343648d9cb72b0f3cb86/screenshot - {}
RESULT: {"text":"5/22/25"}
COMMAND: GET /session/ec0d9efabda4343648d9cb72b0f3cb86/screenshot - {}
RESULT: {}
RESULT: {}
COMMAND: POST /session/ec0d9efabda4343648d9cb72b0f3cb86/element - {"using":"xpath","value":"(//button[@data-kt=\"saveButton\"])[2]"}
RESULT: {"using":"xpath","value":"(//button[@data-kt=\"saveButton\"])[2]"}
COMMAND: POST /session/ec0d9efabda4343648d9cb72b0f3cb86/element/f.8EB935D97E6AC9CFADA6E020F02EE9AE.d.C217A9067F161658B5EFDEAD06043BC2.e.4801/click - {}
RESULT: {}
COMMAND: GET /session/ec0d9efabda4343648d9cb72b0f3cb86/screenshot - {}
RESULT: {}
COMMAND: POST /session/ec0d9efabda4343648d9cb72b0f3cb86/execute/sync - {"script":"<script> [276 bytes]","args":["Some contract items are having rental validity exceeding header rental validity"]}
RESULT: {"script":"<script> [276 bytes]","args":["Some contract items are having rental validity exceeding header rental validity"]}
COMMAND: POST /session/ec0d9efabda4343648d9cb72b0f3cb86/element - {"using":"xpath","value":"//bdi[contains(text(), \"OK\")]"}
COMMAND: GET /session/ec0d9efabda4343648d9cb72b0f3cb86/screenshot - {}
RESULT: {"using":"xpath","value":"//bdi[contains(text(), \"OK\")]"}
COMMAND: POST /session/ec0d9efabda4343648d9cb72b0f3cb86/element/f.8EB935D97E6AC9CFADA6E020F02EE9AE.d.C217A9067F161658B5EFDEAD06043BC2.e.4804/click - {}
RESULT: {}
RESULT: {}
COMMAND: GET /session/ec0d9efabda4343648d9cb72b0f3cb86/screenshot - {}
RESULT: {}
COMMAND: POST /session/ec0d9efabda4343648d9cb72b0f3cb86/element - {"using":"xpath","value":"//span[contains(@id ,\"contractItemsSmartTable-header-inner\")]"}
RESULT: {"using":"xpath","value":"//span[contains(@id ,\"contractItemsSmartTable-header-inner\")]"}
COMMAND: POST /session/ec0d9efabda4343648d9cb72b0f3cb86/elements - {"using":"xpath","value":"//span[contains(@id ,\"contractItemsSmartTable-header-inner\")]"}
RESULT: {"using":"xpath","value":"//span[contains(@id ,\"contractItemsSmartTable-header-inner\")]"}
COMMAND: POST /session/ec0d9efabda4343648d9cb72b0f3cb86/execute/sync - {"script":"<script> [56 bytes]","args":[{"element-6066-11e4-a52e-4f735466cecf":"f.8EB935D97E6AC9CFADA6E020F02EE9AE.d.C217A9067F161658B5EFDEAD06043BC2.e.4812","ELEMENT":"f.8EB935D97E6AC9CFADA6E020F02EE9AE.d.C217A9067F161658B5EFDEAD06043BC2.e.4812"}]}
RESULT: {"script":"<script> [56 bytes]","args":[{"element-6066-11e4-a52e-4f735466cecf":"f.8EB935D97E6AC9CFADA6E020F02EE9AE.d.C217A9067F161658B5EFDEAD06043BC2.e.4812","ELEMENT":"f.8EB935D97E6AC9CFADA6E020F02EE9AE.d.C217A9067F161658B5EFDEAD06043BC2.e.4812"}]}
COMMAND: GET /session/ec0d9efabda4343648d9cb72b0f3cb86/screenshot - {}
]]></system-out>
    </testcase>
    <testcase classname="chrome.136_0_7103_93.windows.Tests_for_Mass_State_Change_on_Manage_States_&amp;_Performances_US104416_US" name="Prereq Should do a provide to site handover for today" time="64.579">
      <system-out><![CDATA[
COMMAND: POST /session/ec0d9efabda4343648d9cb72b0f3cb86/element - {"using":"xpath","value":"//button[@data-kt=\"provideButton\"]"}
RESULT: {}
RESULT: {"using":"xpath","value":"//button[@data-kt=\"provideButton\"]"}
COMMAND: POST /session/ec0d9efabda4343648d9cb72b0f3cb86/element/f.8EB935D97E6AC9CFADA6E020F02EE9AE.d.C217A9067F161658B5EFDEAD06043BC2.e.4813/click - {}
RESULT: {}
COMMAND: GET /session/ec0d9efabda4343648d9cb72b0f3cb86/screenshot - {}
RESULT: {}
RESULT: undefined
COMMAND: POST /session/ec0d9efabda4343648d9cb72b0f3cb86/execute/async - {"script":"<script> [6424 bytes]","args":[{"element-6066-11e4-a52e-4f735466cecf":"f.8EB935D97E6AC9CFADA6E020F02EE9AE.d.C217A9067F161658B5EFDEAD06043BC2.e.3823"},"setValue",["5/24/25"]]}
COMMAND: POST /session/ec0d9efabda4343648d9cb72b0f3cb86/execute/async - {"script":"<script> [1562 bytes]","args":[{"selector":{"id":"application-managehandovers-display-component---AddNewHO--dueDate","interaction":{"idSuffix":"inner"}},"wdio_ui5_key":"applicationmanagehandovers-display-component---AddNewHO--dueDate"}]}
RESULT: {"script":"<script> [1562 bytes]","args":[{"selector":{"id":"application-managehandovers-display-component---AddNewHO--dueDate","interaction":{"idSuffix":"inner"}},"wdio_ui5_key":"applicationmanagehandovers-display-component---AddNewHO--dueDate"}]}
COMMAND: POST /session/ec0d9efabda4343648d9cb72b0f3cb86/execute/async - {"script":"<script> [6424 bytes]","args":[{"element-6066-11e4-a52e-4f735466cecf":"f.8EB935D97E6AC9CFADA6E020F02EE9AE.d.C217A9067F161658B5EFDEAD06043BC2.e.4889"},"setValue",["5/24/25"]]}
RESULT: {"script":"<script> [6424 bytes]","args":[{"element-6066-11e4-a52e-4f735466cecf":"f.8EB935D97E6AC9CFADA6E020F02EE9AE.d.C217A9067F161658B5EFDEAD06043BC2.e.4889"},"setValue",["5/24/25"]]}
COMMAND: POST /session/ec0d9efabda4343648d9cb72b0f3cb86/element - {"using":"xpath","value":"//bdi[contains(text(), \"Instructions\")]"}
RESULT: {"using":"xpath","value":"//bdi[contains(text(), \"Instructions\")]"}
COMMAND: POST /session/ec0d9efabda4343648d9cb72b0f3cb86/element/f.8EB935D97E6AC9CFADA6E020F02EE9AE.d.C217A9067F161658B5EFDEAD06043BC2.e.5131/click - {}
RESULT: {}
COMMAND: GET /session/ec0d9efabda4343648d9cb72b0f3cb86/screenshot - {}
RESULT: {}
COMMAND: POST /session/ec0d9efabda4343648d9cb72b0f3cb86/element - {"using":"xpath","value":"//button[@data-kt=\"AddNewHOProvideAddItemsButton\"]"}
RESULT: {"using":"xpath","value":"//button[@data-kt=\"AddNewHOProvideAddItemsButton\"]"}
COMMAND: POST /session/ec0d9efabda4343648d9cb72b0f3cb86/element/f.8EB935D97E6AC9CFADA6E020F02EE9AE.d.C217A9067F161658B5EFDEAD06043BC2.e.5135/click - {}
RESULT: {}
COMMAND: GET /session/ec0d9efabda4343648d9cb72b0f3cb86/screenshot - {}
RESULT: {}
RESULT: undefined
COMMAND: POST /session/ec0d9efabda4343648d9cb72b0f3cb86/element - {"using":"xpath","value":"//*[@id=\"application-managehandovers-display-component---AddNewHO--popup-sa\"]"}
RESULT: {"using":"xpath","value":"//*[@id=\"application-managehandovers-display-component---AddNewHO--popup-sa\"]"}
COMMAND: POST /session/ec0d9efabda4343648d9cb72b0f3cb86/element/f.8EB935D97E6AC9CFADA6E020F02EE9AE.d.C217A9067F161658B5EFDEAD06043BC2.e.5140/click - {}
RESULT: {}
COMMAND: GET /session/ec0d9efabda4343648d9cb72b0f3cb86/screenshot - {}
RESULT: {}
COMMAND: POST /session/ec0d9efabda4343648d9cb72b0f3cb86/element - {"using":"xpath","value":"//*[contains(@id ,\"BDI-content\")][contains(text(), \"Select\")]"}
RESULT: {"using":"xpath","value":"//*[contains(@id ,\"BDI-content\")][contains(text(), \"Select\")]"}
COMMAND: POST /session/ec0d9efabda4343648d9cb72b0f3cb86/element/f.8EB935D97E6AC9CFADA6E020F02EE9AE.d.C217A9067F161658B5EFDEAD06043BC2.e.5147/click - {}
RESULT: {}
COMMAND: GET /session/ec0d9efabda4343648d9cb72b0f3cb86/screenshot - {}
RESULT: {}
COMMAND: POST /session/ec0d9efabda4343648d9cb72b0f3cb86/execute/async - {"script":"<script> [1562 bytes]","args":[{"selector":{"id":"application-managehandovers-display-component---AddNewHO--confirmCreationButton","interaction":{"idSuffix":"BDI-content"}},"wdio_ui5_key":"applicationmanagehandovers-display-component---AddNewHO--confirmCreationButton"}]}
RESULT: {"script":"<script> [1562 bytes]","args":[{"selector":{"id":"application-managehandovers-display-component---AddNewHO--confirmCreationButton","interaction":{"idSuffix":"BDI-content"}},"wdio_ui5_key":"applicationmanagehandovers-display-component---AddNewHO--confirmCreationButton"}]}
RESULT: undefined
COMMAND: POST /session/ec0d9efabda4343648d9cb72b0f3cb86/element - {"using":"xpath","value":"//*[@id=\"application-managehandovers-display-component---AddNewHO--confirmCreationButton\"]"}
RESULT: {"using":"xpath","value":"//*[@id=\"application-managehandovers-display-component---AddNewHO--confirmCreationButton\"]"}
COMMAND: POST /session/ec0d9efabda4343648d9cb72b0f3cb86/element/f.8EB935D97E6AC9CFADA6E020F02EE9AE.d.C217A9067F161658B5EFDEAD06043BC2.e.4937/click - {}
RESULT: {}
COMMAND: GET /session/ec0d9efabda4343648d9cb72b0f3cb86/screenshot - {}
RESULT: {}
COMMAND: POST /session/ec0d9efabda4343648d9cb72b0f3cb86/execute/async - {"script":"<script> [1562 bytes]","args":[{"selector":{"id":"issueDatePicker","viewName":"etm.portal.ui.managehandovers.view.DetailExecuteHO","interaction":{"idSuffix":"inner"}},"wdio_ui5_key":"issueDatePickeretmportal.ui.managehandovers.view.DetailExecuteHO"}]}
RESULT: {"script":"<script> [1562 bytes]","args":[{"selector":{"id":"issueDatePicker","viewName":"etm.portal.ui.managehandovers.view.DetailExecuteHO","interaction":{"idSuffix":"inner"}},"wdio_ui5_key":"issueDatePickeretmportal.ui.managehandovers.view.DetailExecuteHO"}]}
RESULT: undefined
COMMAND: POST /session/ec0d9efabda4343648d9cb72b0f3cb86/execute/async - {"script":"<script> [776 bytes]","args":[{"enterText":"5/24/25","selector":{"id":"issueDatePicker","viewName":"etm.portal.ui.managehandovers.view.DetailExecuteHO","interaction":{"idSuffix":"inner"}},"clearTextFirst":true,"interactionType":"ENTER_TEXT"}]}
RESULT: {"script":"<script> [776 bytes]","args":[{"enterText":"5/24/25","selector":{"id":"issueDatePicker","viewName":"etm.portal.ui.managehandovers.view.DetailExecuteHO","interaction":{"idSuffix":"inner"}},"clearTextFirst":true,"interactionType":"ENTER_TEXT"}]}
COMMAND: POST /session/ec0d9efabda4343648d9cb72b0f3cb86/element - {"using":"xpath","value":"//button[@data-kt=\"PickingTableConfirmAllButton\"]"}
RESULT: {"using":"xpath","value":"//button[@data-kt=\"PickingTableConfirmAllButton\"]"}
COMMAND: POST /session/ec0d9efabda4343648d9cb72b0f3cb86/element/f.8EB935D97E6AC9CFADA6E020F02EE9AE.d.C217A9067F161658B5EFDEAD06043BC2.e.5207/click - {}
RESULT: {}
COMMAND: GET /session/ec0d9efabda4343648d9cb72b0f3cb86/screenshot - {}
RESULT: {}
COMMAND: POST /session/ec0d9efabda4343648d9cb72b0f3cb86/element - {"using":"xpath","value":"//bdi[contains(text(), \"OK\")]"}
RESULT: {"using":"xpath","value":"//bdi[contains(text(), \"OK\")]"}
COMMAND: POST /session/ec0d9efabda4343648d9cb72b0f3cb86/element/f.8EB935D97E6AC9CFADA6E020F02EE9AE.d.C217A9067F161658B5EFDEAD06043BC2.e.5211/click - {}
RESULT: {}
COMMAND: GET /session/ec0d9efabda4343648d9cb72b0f3cb86/screenshot - {}
RESULT: {}
COMMAND: POST /session/ec0d9efabda4343648d9cb72b0f3cb86/element - {"using":"xpath","value":"//bdi[contains(text(), \"Issue\")]"}
RESULT: {"using":"xpath","value":"//bdi[contains(text(), \"Issue\")]"}
COMMAND: POST /session/ec0d9efabda4343648d9cb72b0f3cb86/element/f.8EB935D97E6AC9CFADA6E020F02EE9AE.d.C217A9067F161658B5EFDEAD06043BC2.e.5212/click - {}
RESULT: {}
COMMAND: GET /session/ec0d9efabda4343648d9cb72b0f3cb86/screenshot - {}
RESULT: {}
COMMAND: POST /session/ec0d9efabda4343648d9cb72b0f3cb86/element - {"using":"css selector","value":"#shell-header-logo"}
RESULT: {"using":"css selector","value":"#shell-header-logo"}
COMMAND: POST /session/ec0d9efabda4343648d9cb72b0f3cb86/element/f.8EB935D97E6AC9CFADA6E020F02EE9AE.d.C217A9067F161658B5EFDEAD06043BC2.e.4232/click - {}
RESULT: {}
COMMAND: GET /session/ec0d9efabda4343648d9cb72b0f3cb86/screenshot - {}
RESULT: {}
]]></system-out>
    </testcase>
    <testcase classname="chrome.136_0_7103_93.windows.Tests_for_Mass_State_Change_on_Manage_States_&amp;_Performances_US104416_US" name="Should do mass state change on the RU equip multipart 2 days in the future US104416" time="76.52">
      <system-out><![CDATA[
COMMAND: POST /session/ec0d9efabda4343648d9cb72b0f3cb86/execute/async - {"script":"<script> [1562 bytes]","args":[{"selector":{"controlType":"sap.m.GenericTile","properties":{"header":"Manage States & Performance"}},"wdio_ui5_key":"sapm.GenericTile{\"header\":\"Manage States & Performance\"}"}]}
RESULT: {"script":"<script> [1562 bytes]","args":[{"selector":{"controlType":"sap.m.GenericTile","properties":{"header":"Manage States & Performance"}},"wdio_ui5_key":"sapm.GenericTile{\"header\":\"Manage States & Performance\"}"}]}
RESULT: undefined
COMMAND: POST /session/ec0d9efabda4343648d9cb72b0f3cb86/element - {"using":"xpath","value":"//*[@id=\"__tile56\"]"}
RESULT: {"using":"xpath","value":"//*[@id=\"__tile56\"]"}
COMMAND: POST /session/ec0d9efabda4343648d9cb72b0f3cb86/element/f.8EB935D97E6AC9CFADA6E020F02EE9AE.d.C217A9067F161658B5EFDEAD06043BC2.e.265/click - {}
RESULT: {}
COMMAND: GET /session/ec0d9efabda4343648d9cb72b0f3cb86/screenshot - {}
RESULT: {}
COMMAND: POST /session/ec0d9efabda4343648d9cb72b0f3cb86/elements - {"using":"xpath","value":"//span[text()='Error']"}
RESULT: {"using":"xpath","value":"//span[text()='Error']"}
COMMAND: POST /session/ec0d9efabda4343648d9cb72b0f3cb86/element - {"using":"xpath","value":"//button[contains(@id, \"btnMassStateChange\")]"}
RESULT: {"using":"xpath","value":"//button[contains(@id, \"btnMassStateChange\")]"}
COMMAND: POST /session/ec0d9efabda4343648d9cb72b0f3cb86/elements - {"using":"xpath","value":"//button[contains(@id, \"btnMassStateChange\")]"}
RESULT: {"using":"xpath","value":"//button[contains(@id, \"btnMassStateChange\")]"}
COMMAND: POST /session/ec0d9efabda4343648d9cb72b0f3cb86/execute/sync - {"script":"<script> [8489 bytes]","args":[{"element-6066-11e4-a52e-4f735466cecf":"f.8EB935D97E6AC9CFADA6E020F02EE9AE.d.C217A9067F161658B5EFDEAD06043BC2.e.5425","ELEMENT":"f.8EB935D97E6AC9CFADA6E020F02EE9AE.d.C217A9067F161658B5EFDEAD06043BC2.e.5425"}]}
RESULT: {"script":"<script> [8489 bytes]","args":[{"element-6066-11e4-a52e-4f735466cecf":"f.8EB935D97E6AC9CFADA6E020F02EE9AE.d.C217A9067F161658B5EFDEAD06043BC2.e.5425","ELEMENT":"f.8EB935D97E6AC9CFADA6E020F02EE9AE.d.C217A9067F161658B5EFDEAD06043BC2.e.5425"}]}
COMMAND: GET /session/ec0d9efabda4343648d9cb72b0f3cb86/element/f.8EB935D97E6AC9CFADA6E020F02EE9AE.d.C217A9067F161658B5EFDEAD06043BC2.e.5425/enabled - {}
COMMAND: GET /session/ec0d9efabda4343648d9cb72b0f3cb86/screenshot - {}
RESULT: {}
COMMAND: POST /session/ec0d9efabda4343648d9cb72b0f3cb86/execute/sync - {"script":"<script> [8489 bytes]","args":[{"element-6066-11e4-a52e-4f735466cecf":"f.8EB935D97E6AC9CFADA6E020F02EE9AE.d.C217A9067F161658B5EFDEAD06043BC2.e.5425","ELEMENT":"f.8EB935D97E6AC9CFADA6E020F02EE9AE.d.C217A9067F161658B5EFDEAD06043BC2.e.5425"}]}
COMMAND: GET /session/ec0d9efabda4343648d9cb72b0f3cb86/screenshot - {}
RESULT: {}
RESULT: {"script":"<script> [8489 bytes]","args":[{"element-6066-11e4-a52e-4f735466cecf":"f.8EB935D97E6AC9CFADA6E020F02EE9AE.d.C217A9067F161658B5EFDEAD06043BC2.e.5425","ELEMENT":"f.8EB935D97E6AC9CFADA6E020F02EE9AE.d.C217A9067F161658B5EFDEAD06043BC2.e.5425"}]}
COMMAND: POST /session/ec0d9efabda4343648d9cb72b0f3cb86/execute/sync - {"script":"<script> [5351 bytes]","args":[{"element-6066-11e4-a52e-4f735466cecf":"f.8EB935D97E6AC9CFADA6E020F02EE9AE.d.C217A9067F161658B5EFDEAD06043BC2.e.5425","ELEMENT":"f.8EB935D97E6AC9CFADA6E020F02EE9AE.d.C217A9067F161658B5EFDEAD06043BC2.e.5425"}]}
COMMAND: GET /session/ec0d9efabda4343648d9cb72b0f3cb86/screenshot - {}
RESULT: {}
RESULT: {"script":"<script> [5351 bytes]","args":[{"element-6066-11e4-a52e-4f735466cecf":"f.8EB935D97E6AC9CFADA6E020F02EE9AE.d.C217A9067F161658B5EFDEAD06043BC2.e.5425","ELEMENT":"f.8EB935D97E6AC9CFADA6E020F02EE9AE.d.C217A9067F161658B5EFDEAD06043BC2.e.5425"}]}
COMMAND: GET /session/ec0d9efabda4343648d9cb72b0f3cb86/screenshot - {}
RESULT: {}
RESULT: {}
COMMAND: POST /session/ec0d9efabda4343648d9cb72b0f3cb86/execute/async - {"script":"<script> [1562 bytes]","args":[{"selector":{"controlType":"sap.ui.core.Icon","viewName":"etm.portal.ui.managestatesandperformance.view.Master","viewId":"application-managestatesandperformance-display-component---stateAndPerform","properties":{"src":{"regex":{"source":"chart\\-table\\-view"}}}},"wdio_ui5_key":"etmportal.ui.managestatesandperformance.view.Mastersap.ui.core.Icon{\"src\":{\"regex\":{\"source\":\"chart\\\\-table\\\\-view\"}}}"}]}
RESULT: {"script":"<script> [1562 bytes]","args":[{"selector":{"controlType":"sap.ui.core.Icon","viewName":"etm.portal.ui.managestatesandperformance.view.Master","viewId":"application-managestatesandperformance-display-component---stateAndPerform","properties":{"src":{"regex":{"source":"chart\\-table\\-view"}}}},"wdio_ui5_key":"etmportal.ui.managestatesandperformance.view.Mastersap.ui.core.Icon{\"src\":{\"regex\":{\"source\":\"chart\\\\-table\\\\-view\"}}}"}]}
RESULT: undefined
COMMAND: POST /session/ec0d9efabda4343648d9cb72b0f3cb86/element - {"using":"xpath","value":"//*[@id=\"__filter61-icon\"]"}
RESULT: {"using":"xpath","value":"//*[@id=\"__filter61-icon\"]"}
COMMAND: POST /session/ec0d9efabda4343648d9cb72b0f3cb86/element/f.8EB935D97E6AC9CFADA6E020F02EE9AE.d.C217A9067F161658B5EFDEAD06043BC2.e.5477/click - {}
RESULT: {}
COMMAND: POST /session/ec0d9efabda4343648d9cb72b0f3cb86/element/f.8EB935D97E6AC9CFADA6E020F02EE9AE.d.C217A9067F161658B5EFDEAD06043BC2.e.5425/click - {}
COMMAND: GET /session/ec0d9efabda4343648d9cb72b0f3cb86/screenshot - {}
COMMAND: POST /session/ec0d9efabda4343648d9cb72b0f3cb86/element - {"using":"xpath","value":"//button[contains(@id, \"btnMassStateChange\")]"}
RESULT: {}
RESULT: {"using":"xpath","value":"//button[contains(@id, \"btnMassStateChange\")]"}
COMMAND: POST /session/ec0d9efabda4343648d9cb72b0f3cb86/element/f.8EB935D97E6AC9CFADA6E020F02EE9AE.d.C217A9067F161658B5EFDEAD06043BC2.e.5425/click - {}
COMMAND: POST /session/ec0d9efabda4343648d9cb72b0f3cb86/element - {"using":"xpath","value":"//button[contains(@id, \"btnMassStateChange\")]"}
RESULT: {"using":"xpath","value":"//button[contains(@id, \"btnMassStateChange\")]"}
COMMAND: POST /session/ec0d9efabda4343648d9cb72b0f3cb86/element/f.8EB935D97E6AC9CFADA6E020F02EE9AE.d.C217A9067F161658B5EFDEAD06043BC2.e.5494/click - {}
RESULT: {}
COMMAND: GET /session/ec0d9efabda4343648d9cb72b0f3cb86/screenshot - {}
RESULT: {}
COMMAND: POST /session/ec0d9efabda4343648d9cb72b0f3cb86/execute/async - {"script":"<script> [1562 bytes]","args":[{"selector":{"id":"application-managestatesandperformance-display-component---stateAndPerform--smartFilterBarContracts-btnBasicSearch","interaction":{"idSuffix":"I"}},"wdio_ui5_key":"applicationmanagestatesandperformance-display-component---stateAndPerform--smartFilterBarContracts-btnBasicSearch"}]}
RESULT: {"script":"<script> [1562 bytes]","args":[{"selector":{"id":"application-managestatesandperformance-display-component---stateAndPerform--smartFilterBarContracts-btnBasicSearch","interaction":{"idSuffix":"I"}},"wdio_ui5_key":"applicationmanagestatesandperformance-display-component---stateAndPerform--smartFilterBarContracts-btnBasicSearch"}]}
RESULT: undefined
COMMAND: POST /session/ec0d9efabda4343648d9cb72b0f3cb86/execute/async - {"script":"<script> [776 bytes]","args":[{"enterText":"400010","selector":{"id":"application-managestatesandperformance-display-component---stateAndPerform--smartFilterBarContracts-btnBasicSearch","interaction":{"idSuffix":"I"}},"clearTextFirst":true,"interactionType":"ENTER_TEXT"}]}
RESULT: {"script":"<script> [776 bytes]","args":[{"enterText":"400010","selector":{"id":"application-managestatesandperformance-display-component---stateAndPerform--smartFilterBarContracts-btnBasicSearch","interaction":{"idSuffix":"I"}},"clearTextFirst":true,"interactionType":"ENTER_TEXT"}]}
COMMAND: POST /session/ec0d9efabda4343648d9cb72b0f3cb86/actions - {"actions":[{"id":"action14","type":"key","parameters":{},"actions":[{"type":"keyDown","value":""},{"type":"pause","duration":10},{"type":"keyUp","value":""}]}]}
RESULT: {"actions":[{"id":"action14","type":"key","parameters":{},"actions":[{"type":"keyDown","value":""},{"type":"pause","duration":10},{"type":"keyUp","value":""}]}]}
COMMAND: GET /session/ec0d9efabda4343648d9cb72b0f3cb86/screenshot - {}
RESULT: {}
COMMAND: POST /session/ec0d9efabda4343648d9cb72b0f3cb86/element - {"using":"xpath","value":"//span[@id=\"application-managestatesandperformance-display-component---stateAndPerform--stateAndPerformContractItemsSmartTable-header-inner\"]"}
RESULT: {"using":"xpath","value":"//span[@id=\"application-managestatesandperformance-display-component---stateAndPerform--stateAndPerformContractItemsSmartTable-header-inner\"]"}
COMMAND: POST /session/ec0d9efabda4343648d9cb72b0f3cb86/elements - {"using":"xpath","value":"//span[@id=\"application-managestatesandperformance-display-component---stateAndPerform--stateAndPerformContractItemsSmartTable-header-inner\"]"}
RESULT: {"using":"xpath","value":"//span[@id=\"application-managestatesandperformance-display-component---stateAndPerform--stateAndPerformContractItemsSmartTable-header-inner\"]"}
COMMAND: POST /session/ec0d9efabda4343648d9cb72b0f3cb86/execute/sync - {"script":"<script> [56 bytes]","args":[{"element-6066-11e4-a52e-4f735466cecf":"f.8EB935D97E6AC9CFADA6E020F02EE9AE.d.C217A9067F161658B5EFDEAD06043BC2.e.5664","ELEMENT":"f.8EB935D97E6AC9CFADA6E020F02EE9AE.d.C217A9067F161658B5EFDEAD06043BC2.e.5664"}]}
RESULT: {"script":"<script> [56 bytes]","args":[{"element-6066-11e4-a52e-4f735466cecf":"f.8EB935D97E6AC9CFADA6E020F02EE9AE.d.C217A9067F161658B5EFDEAD06043BC2.e.5664","ELEMENT":"f.8EB935D97E6AC9CFADA6E020F02EE9AE.d.C217A9067F161658B5EFDEAD06043BC2.e.5664"}]}
COMMAND: POST /session/ec0d9efabda4343648d9cb72b0f3cb86/element - {"using":"xpath","value":"//table[contains(@id, \"stateAndPerform--stateAndPerformContractItemsTable-listUl\")]/tbody/tr[1]/td[2]/div/div"}
COMMAND: GET /session/ec0d9efabda4343648d9cb72b0f3cb86/screenshot - {}
RESULT: {"using":"xpath","value":"//table[contains(@id, \"stateAndPerform--stateAndPerformContractItemsTable-listUl\")]/tbody/tr[1]/td[2]/div/div"}
COMMAND: POST /session/ec0d9efabda4343648d9cb72b0f3cb86/element/f.8EB935D97E6AC9CFADA6E020F02EE9AE.d.C217A9067F161658B5EFDEAD06043BC2.e.5665/click - {}
RESULT: {}
RESULT: {}
COMMAND: GET /session/ec0d9efabda4343648d9cb72b0f3cb86/screenshot - {}
RESULT: {}
COMMAND: POST /session/ec0d9efabda4343648d9cb72b0f3cb86/element/f.8EB935D97E6AC9CFADA6E020F02EE9AE.d.C217A9067F161658B5EFDEAD06043BC2.e.5494/click - {}
RESULT: {}
COMMAND: GET /session/ec0d9efabda4343648d9cb72b0f3cb86/screenshot - {}
RESULT: {}
COMMAND: POST /session/ec0d9efabda4343648d9cb72b0f3cb86/execute/async - {"script":"<script> [1562 bytes]","args":[{"selector":{"id":"application-managestatesandperformance-display-component---stateAndPerform--ruStateTypes-arrow","searchOpenDialogs":true},"wdio_ui5_key":"applicationmanagestatesandperformance-display-component---stateAndPerform--ruStateTypes-arrow"}]}
RESULT: {"script":"<script> [1562 bytes]","args":[{"selector":{"id":"application-managestatesandperformance-display-component---stateAndPerform--ruStateTypes-arrow","searchOpenDialogs":true},"wdio_ui5_key":"applicationmanagestatesandperformance-display-component---stateAndPerform--ruStateTypes-arrow"}]}
RESULT: undefined
COMMAND: POST /session/ec0d9efabda4343648d9cb72b0f3cb86/element - {"using":"xpath","value":"//*[@id=\"application-managestatesandperformance-display-component---stateAndPerform--ruStateTypes-arrow\"]"}
RESULT: {"using":"xpath","value":"//*[@id=\"application-managestatesandperformance-display-component---stateAndPerform--ruStateTypes-arrow\"]"}
COMMAND: POST /session/ec0d9efabda4343648d9cb72b0f3cb86/element/f.8EB935D97E6AC9CFADA6E020F02EE9AE.d.C217A9067F161658B5EFDEAD06043BC2.e.5674/click - {}
RESULT: {}
COMMAND: GET /session/ec0d9efabda4343648d9cb72b0f3cb86/screenshot - {}
RESULT: {}
COMMAND: POST /session/ec0d9efabda4343648d9cb72b0f3cb86/element - {"using":"xpath","value":"//li[.//span[text()=\"defect\"]]"}
RESULT: {"using":"xpath","value":"//li[.//span[text()=\"defect\"]]"}
COMMAND: POST /session/ec0d9efabda4343648d9cb72b0f3cb86/element/f.8EB935D97E6AC9CFADA6E020F02EE9AE.d.C217A9067F161658B5EFDEAD06043BC2.e.5675/click - {}
RESULT: {}
COMMAND: GET /session/ec0d9efabda4343648d9cb72b0f3cb86/screenshot - {}
RESULT: {}
COMMAND: POST /session/ec0d9efabda4343648d9cb72b0f3cb86/execute/async - {"script":"<script> [1562 bytes]","args":[{"selector":{"id":"application-managestatesandperformance-display-component---stateAndPerform--effectiveDate","searchOpenDialogs":true,"interaction":{"idSuffix":"inner"}},"wdio_ui5_key":"applicationmanagestatesandperformance-display-component---stateAndPerform--effectiveDate"}]}
RESULT: {"script":"<script> [1562 bytes]","args":[{"selector":{"id":"application-managestatesandperformance-display-component---stateAndPerform--effectiveDate","searchOpenDialogs":true,"interaction":{"idSuffix":"inner"}},"wdio_ui5_key":"applicationmanagestatesandperformance-display-component---stateAndPerform--effectiveDate"}]}
RESULT: undefined
COMMAND: POST /session/ec0d9efabda4343648d9cb72b0f3cb86/execute/async - {"script":"<script> [776 bytes]","args":[{"enterText":"05/27/25","selector":{"id":"application-managestatesandperformance-display-component---stateAndPerform--effectiveDate","searchOpenDialogs":true,"interaction":{"idSuffix":"inner"}},"clearTextFirst":true,"interactionType":"ENTER_TEXT"}]}
RESULT: {"script":"<script> [776 bytes]","args":[{"enterText":"05/27/25","selector":{"id":"application-managestatesandperformance-display-component---stateAndPerform--effectiveDate","searchOpenDialogs":true,"interaction":{"idSuffix":"inner"}},"clearTextFirst":true,"interactionType":"ENTER_TEXT"}]}
COMMAND: POST /session/ec0d9efabda4343648d9cb72b0f3cb86/element - {"using":"xpath","value":"(//bdi[contains(text(), \"OK\")])[1]"}
RESULT: {"using":"xpath","value":"(//bdi[contains(text(), \"OK\")])[1]"}
COMMAND: POST /session/ec0d9efabda4343648d9cb72b0f3cb86/element/f.8EB935D97E6AC9CFADA6E020F02EE9AE.d.C217A9067F161658B5EFDEAD06043BC2.e.5678/click - {}
RESULT: {}
COMMAND: GET /session/ec0d9efabda4343648d9cb72b0f3cb86/screenshot - {}
RESULT: {}
COMMAND: POST /session/ec0d9efabda4343648d9cb72b0f3cb86/element - {"using":"xpath","value":"(//bdi[contains(text(), \"OK\")])[2]"}
RESULT: {"using":"xpath","value":"(//bdi[contains(text(), \"OK\")])[2]"}
COMMAND: POST /session/ec0d9efabda4343648d9cb72b0f3cb86/element/f.8EB935D97E6AC9CFADA6E020F02EE9AE.d.C217A9067F161658B5EFDEAD06043BC2.e.5683/click - {}
RESULT: {}
COMMAND: GET /session/ec0d9efabda4343648d9cb72b0f3cb86/screenshot - {}
RESULT: {}
COMMAND: POST /session/ec0d9efabda4343648d9cb72b0f3cb86/element - {"using":"css selector","value":"#shell-header-logo"}
RESULT: {"using":"css selector","value":"#shell-header-logo"}
COMMAND: POST /session/ec0d9efabda4343648d9cb72b0f3cb86/element/f.8EB935D97E6AC9CFADA6E020F02EE9AE.d.C217A9067F161658B5EFDEAD06043BC2.e.5390/click - {}
RESULT: {}
COMMAND: GET /session/ec0d9efabda4343648d9cb72b0f3cb86/screenshot - {}
RESULT: {}
COMMAND: DELETE /session/ec0d9efabda4343648d9cb72b0f3cb86 - {}
RESULT: {}
]]></system-out>
    </testcase>
  </testsuite>
</testsuites>