<?xml version="1.0" encoding="UTF-8"?>
<testsuites tests="76" failures="40" errors="40" skipped="0">
  <testsuite timestamp="2025-05-06T16:17:14" time="64.593" tests="1" failures="0" errors="0" skipped="0">
    <properties>
      <property name="specId" value="0" />
      <property name="suiteName" value="US104422 Create new bin &amp; section - select nothing " />
      <property name="capabilities" value="chrome.135_0_7049_115.windows" />
      <property name="file" value="file:///D:/a/1/s/test/specs/HTR/create-bin.spec.js" />
    </properties>
    <testcase classname="chrome.135_0_7049_115.windows.US104422_Create_new_bin_&amp;_section_-_select_nothing_" name="Create new bin section" time="48.163">
      <system-out><![CDATA[
COMMAND: POST /session/b171ef130127fc2a30c2632ea9d3abff/element - {"using":"xpath","value":"//div[text()='Warehouse']"}
RESULT: {"using":"xpath","value":"//div[text()='Warehouse']"}
COMMAND: POST /session/b171ef130127fc2a30c2632ea9d3abff/elements - {"using":"xpath","value":"//div[text()='Warehouse']"}
RESULT: {"using":"xpath","value":"//div[text()='Warehouse']"}
COMMAND: POST /session/b171ef130127fc2a30c2632ea9d3abff/element/f.727CE9CF6895B2C759CBC992552C29E0.d.5B333701C753FEA938E60005EAF4F802.e.111/click - {}
RESULT: {}
COMMAND: POST /session/b171ef130127fc2a30c2632ea9d3abff/execute/async - {"script":"<script> [1562 bytes]","args":[{"selector":{"controlType":"sap.m.GenericTile","properties":{"header":"Bin Status Report"}},"wdio_ui5_key":"sapm.GenericTile{\"header\":\"Bin Status Report\"}"}]}
COMMAND: GET /session/b171ef130127fc2a30c2632ea9d3abff/screenshot - {}
RESULT: {"script":"<script> [1562 bytes]","args":[{"selector":{"controlType":"sap.m.GenericTile","properties":{"header":"Bin Status Report"}},"wdio_ui5_key":"sapm.GenericTile{\"header\":\"Bin Status Report\"}"}]}
RESULT: undefined
COMMAND: POST /session/b171ef130127fc2a30c2632ea9d3abff/element - {"using":"xpath","value":"//*[@id=\"__tile104\"]"}
RESULT: {}
RESULT: {"using":"xpath","value":"//*[@id=\"__tile104\"]"}
COMMAND: POST /session/b171ef130127fc2a30c2632ea9d3abff/element/f.727CE9CF6895B2C759CBC992552C29E0.d.5B333701C753FEA938E60005EAF4F802.e.112/click - {}
RESULT: {}
COMMAND: GET /session/b171ef130127fc2a30c2632ea9d3abff/screenshot - {}
RESULT: {}
COMMAND: POST /session/b171ef130127fc2a30c2632ea9d3abff/element - {"using":"xpath","value":"//bdi[text()='Create New Organization']"}
RESULT: {"using":"xpath","value":"//bdi[text()='Create New Organization']"}
COMMAND: POST /session/b171ef130127fc2a30c2632ea9d3abff/elements - {"using":"xpath","value":"//bdi[text()='Create New Organization']"}
RESULT: {"using":"xpath","value":"//bdi[text()='Create New Organization']"}
COMMAND: POST /session/b171ef130127fc2a30c2632ea9d3abff/elements - {"using":"xpath","value":"//bdi[text()='Create New Organization']"}
RESULT: {"using":"xpath","value":"//bdi[text()='Create New Organization']"}
COMMAND: POST /session/b171ef130127fc2a30c2632ea9d3abff/elements - {"using":"xpath","value":"//bdi[text()='Create New Organization']"}
RESULT: {"using":"xpath","value":"//bdi[text()='Create New Organization']"}
COMMAND: POST /session/b171ef130127fc2a30c2632ea9d3abff/element - {"using":"xpath","value":"//bdi[text()='Create New Organization']"}
RESULT: {"using":"xpath","value":"//bdi[text()='Create New Organization']"}
COMMAND: GET /session/b171ef130127fc2a30c2632ea9d3abff/element/f.727CE9CF6895B2C759CBC992552C29E0.d.5B333701C753FEA938E60005EAF4F802.e.151/enabled - {}
RESULT: {}
COMMAND: POST /session/b171ef130127fc2a30c2632ea9d3abff/execute/sync - {"script":"<script> [8489 bytes]","args":[{"element-6066-11e4-a52e-4f735466cecf":"f.727CE9CF6895B2C759CBC992552C29E0.d.5B333701C753FEA938E60005EAF4F802.e.151","ELEMENT":"f.727CE9CF6895B2C759CBC992552C29E0.d.5B333701C753FEA938E60005EAF4F802.e.151"}]}
COMMAND: GET /session/b171ef130127fc2a30c2632ea9d3abff/screenshot - {}
RESULT: {"script":"<script> [8489 bytes]","args":[{"element-6066-11e4-a52e-4f735466cecf":"f.727CE9CF6895B2C759CBC992552C29E0.d.5B333701C753FEA938E60005EAF4F802.e.151","ELEMENT":"f.727CE9CF6895B2C759CBC992552C29E0.d.5B333701C753FEA938E60005EAF4F802.e.151"}]}
COMMAND: POST /session/b171ef130127fc2a30c2632ea9d3abff/execute/sync - {"script":"<script> [5351 bytes]","args":[{"element-6066-11e4-a52e-4f735466cecf":"f.727CE9CF6895B2C759CBC992552C29E0.d.5B333701C753FEA938E60005EAF4F802.e.151","ELEMENT":"f.727CE9CF6895B2C759CBC992552C29E0.d.5B333701C753FEA938E60005EAF4F802.e.151"}]}
COMMAND: GET /session/b171ef130127fc2a30c2632ea9d3abff/screenshot - {}
RESULT: {}
RESULT: {"script":"<script> [5351 bytes]","args":[{"element-6066-11e4-a52e-4f735466cecf":"f.727CE9CF6895B2C759CBC992552C29E0.d.5B333701C753FEA938E60005EAF4F802.e.151","ELEMENT":"f.727CE9CF6895B2C759CBC992552C29E0.d.5B333701C753FEA938E60005EAF4F802.e.151"}]}
COMMAND: POST /session/b171ef130127fc2a30c2632ea9d3abff/element/f.727CE9CF6895B2C759CBC992552C29E0.d.5B333701C753FEA938E60005EAF4F802.e.151/click - {}
COMMAND: GET /session/b171ef130127fc2a30c2632ea9d3abff/screenshot - {}
RESULT: {}
RESULT: {}
COMMAND: POST /session/b171ef130127fc2a30c2632ea9d3abff/execute/async - {"script":"<script> [1562 bytes]","args":[{"selector":{"id":"createOrganizationPop--sectionInput","searchOpenDialogs":true,"interaction":{"idSuffix":"inner"}},"wdio_ui5_key":"createOrganizationPopsectionInput"}]}
COMMAND: GET /session/b171ef130127fc2a30c2632ea9d3abff/screenshot - {}
RESULT: {}
RESULT: {"script":"<script> [1562 bytes]","args":[{"selector":{"id":"createOrganizationPop--sectionInput","searchOpenDialogs":true,"interaction":{"idSuffix":"inner"}},"wdio_ui5_key":"createOrganizationPopsectionInput"}]}
RESULT: undefined
COMMAND: POST /session/b171ef130127fc2a30c2632ea9d3abff/execute/async - {"script":"<script> [776 bytes]","args":[{"enterText":"WHIu0r9kbg5kjbukv41bakwmfm12t90kube0xrohyvl5e8uvc6ewfgig8kkpol0rwhnpax8beez6f0ldxisu4mvengib1hvhh9bbfomtnibwsizrn1713sqon00argc1zars2xd6ogryqzyrai68p01qlw4on4vchrpw5wd6skqzo63cdjbvw2olwo2bpugzhbdbzdw3 ... (803 more bytes)","selector":{"id":"createOrganizationPop--sectionInput","searchOpenDialogs":true,"interaction":{"idSuffix":"inner"}},"clearTextFirst":true,"interactionType":"ENTER_TEXT"}]}
RESULT: {}
RESULT: {"script":"<script> [776 bytes]","args":[{"enterText":"WHIu0r9kbg5kjbukv41bakwmfm12t90kube0xrohyvl5e8uvc6ewfgig8kkpol0rwhnpax8beez6f0ldxisu4mvengib1hvhh9bbfomtnibwsizrn1713sqon00argc1zars2xd6ogryqzyrai68p01qlw4on4vchrpw5wd6skqzo63cdjbvw2olwo2bpugzhbdbzdw3 ... (803 more bytes)","selector":{"id":"createOrganizationPop--sectionInput","searchOpenDialogs":true,"interaction":{"idSuffix":"inner"}},"clearTextFirst":true,"interactionType":"ENTER_TEXT"}]}
COMMAND: POST /session/b171ef130127fc2a30c2632ea9d3abff/execute/async - {"script":"<script> [1562 bytes]","args":[{"selector":{"id":"createOrganizationPop--descriptionInput","searchOpenDialogs":true,"interaction":{"idSuffix":"inner"}},"wdio_ui5_key":"createOrganizationPopdescriptionInput"}]}
RESULT: {"script":"<script> [1562 bytes]","args":[{"selector":{"id":"createOrganizationPop--descriptionInput","searchOpenDialogs":true,"interaction":{"idSuffix":"inner"}},"wdio_ui5_key":"createOrganizationPopdescriptionInput"}]}
RESULT: undefined
COMMAND: POST /session/b171ef130127fc2a30c2632ea9d3abff/execute/async - {"script":"<script> [776 bytes]","args":[{"enterText":"WHIu0r9kbg5kjbukv41bakwmfm12t90kube0xrohyvl5e8uvc6ewfgig8kkpol0rwhnpax8beez6f0ldxisu4mvengib1hvhh9bbfomtnibwsizrn1713sqon00argc1zars2xd6ogryqzyrai68p01qlw4on4vchrpw5wd6skqzo63cdjbvw2olwo2bpugzhbdbzdw3 ... (803 more bytes)","selector":{"id":"createOrganizationPop--descriptionInput","searchOpenDialogs":true,"interaction":{"idSuffix":"inner"}},"clearTextFirst":true,"interactionType":"ENTER_TEXT"}]}
RESULT: {"script":"<script> [776 bytes]","args":[{"enterText":"WHIu0r9kbg5kjbukv41bakwmfm12t90kube0xrohyvl5e8uvc6ewfgig8kkpol0rwhnpax8beez6f0ldxisu4mvengib1hvhh9bbfomtnibwsizrn1713sqon00argc1zars2xd6ogryqzyrai68p01qlw4on4vchrpw5wd6skqzo63cdjbvw2olwo2bpugzhbdbzdw3 ... (803 more bytes)","selector":{"id":"createOrganizationPop--descriptionInput","searchOpenDialogs":true,"interaction":{"idSuffix":"inner"}},"clearTextFirst":true,"interactionType":"ENTER_TEXT"}]}
COMMAND: POST /session/b171ef130127fc2a30c2632ea9d3abff/element - {"using":"css selector","value":"#createOrganizationPop--yardOrg-inner"}
RESULT: {"using":"css selector","value":"#createOrganizationPop--yardOrg-inner"}
COMMAND: POST /session/b171ef130127fc2a30c2632ea9d3abff/element/f.727CE9CF6895B2C759CBC992552C29E0.d.5B333701C753FEA938E60005EAF4F802.e.202/clear - {}
RESULT: {}
COMMAND: POST /session/b171ef130127fc2a30c2632ea9d3abff/element/f.727CE9CF6895B2C759CBC992552C29E0.d.5B333701C753FEA938E60005EAF4F802.e.202/value - {"text":"WHM"}
COMMAND: GET /session/b171ef130127fc2a30c2632ea9d3abff/screenshot - {}
RESULT: {"text":"WHM"}
COMMAND: GET /session/b171ef130127fc2a30c2632ea9d3abff/screenshot - {}
RESULT: {}
RESULT: {}
COMMAND: POST /session/b171ef130127fc2a30c2632ea9d3abff/actions - {"actions":[{"id":"action1","type":"key","parameters":{},"actions":[{"type":"keyDown","value":"î€‡"},{"type":"pause","duration":10},{"type":"keyUp","value":"î€‡"}]}]}
RESULT: {"actions":[{"id":"action1","type":"key","parameters":{},"actions":[{"type":"keyDown","value":"î€‡"},{"type":"pause","duration":10},{"type":"keyUp","value":"î€‡"}]}]}
COMMAND: POST /session/b171ef130127fc2a30c2632ea9d3abff/execute/async - {"script":"<script> [1562 bytes]","args":[{"selector":{"id":"createOrganizationPop--grZone","searchOpenDialogs":true,"interaction":{"idSuffix":"CbBg"}},"wdio_ui5_key":"createOrganizationPopgrZone"}]}
COMMAND: GET /session/b171ef130127fc2a30c2632ea9d3abff/screenshot - {}
RESULT: {"script":"<script> [1562 bytes]","args":[{"selector":{"id":"createOrganizationPop--grZone","searchOpenDialogs":true,"interaction":{"idSuffix":"CbBg"}},"wdio_ui5_key":"createOrganizationPopgrZone"}]}
RESULT: undefined
COMMAND: POST /session/b171ef130127fc2a30c2632ea9d3abff/element - {"using":"xpath","value":"//*[@id=\"createOrganizationPop--grZone\"]"}
RESULT: {}
RESULT: {"using":"xpath","value":"//*[@id=\"createOrganizationPop--grZone\"]"}
COMMAND: POST /session/b171ef130127fc2a30c2632ea9d3abff/element/f.727CE9CF6895B2C759CBC992552C29E0.d.5B333701C753FEA938E60005EAF4F802.e.222/click - {}
RESULT: {}
COMMAND: POST /session/b171ef130127fc2a30c2632ea9d3abff/execute/async - {"script":"<script> [1562 bytes]","args":[{"selector":{"id":"createOrganizationPop--giZone","searchOpenDialogs":true,"interaction":{"idSuffix":"CbBg"}},"wdio_ui5_key":"createOrganizationPopgiZone"}]}
COMMAND: GET /session/b171ef130127fc2a30c2632ea9d3abff/screenshot - {}
RESULT: {"script":"<script> [1562 bytes]","args":[{"selector":{"id":"createOrganizationPop--giZone","searchOpenDialogs":true,"interaction":{"idSuffix":"CbBg"}},"wdio_ui5_key":"createOrganizationPopgiZone"}]}
RESULT: undefined
COMMAND: POST /session/b171ef130127fc2a30c2632ea9d3abff/element - {"using":"xpath","value":"//*[@id=\"createOrganizationPop--giZone\"]"}
RESULT: {}
RESULT: {"using":"xpath","value":"//*[@id=\"createOrganizationPop--giZone\"]"}
COMMAND: POST /session/b171ef130127fc2a30c2632ea9d3abff/element/f.727CE9CF6895B2C759CBC992552C29E0.d.5B333701C753FEA938E60005EAF4F802.e.224/click - {}
RESULT: {}
COMMAND: POST /session/b171ef130127fc2a30c2632ea9d3abff/execute/async - {"script":"<script> [1562 bytes]","args":[{"selector":{"id":"createOrganizationPop--binNoInput","searchOpenDialogs":true,"interaction":{"idSuffix":"inner"}},"wdio_ui5_key":"createOrganizationPopbinNoInput"}]}
COMMAND: GET /session/b171ef130127fc2a30c2632ea9d3abff/screenshot - {}
RESULT: {"script":"<script> [1562 bytes]","args":[{"selector":{"id":"createOrganizationPop--binNoInput","searchOpenDialogs":true,"interaction":{"idSuffix":"inner"}},"wdio_ui5_key":"createOrganizationPopbinNoInput"}]}
RESULT: undefined
COMMAND: POST /session/b171ef130127fc2a30c2632ea9d3abff/execute/async - {"script":"<script> [776 bytes]","args":[{"enterText":"Bin-Wd","selector":{"id":"createOrganizationPop--binNoInput","searchOpenDialogs":true,"interaction":{"idSuffix":"inner"}},"clearTextFirst":true,"interactionType":"ENTER_TEXT"}]}
RESULT: {}
RESULT: {"script":"<script> [776 bytes]","args":[{"enterText":"Bin-Wd","selector":{"id":"createOrganizationPop--binNoInput","searchOpenDialogs":true,"interaction":{"idSuffix":"inner"}},"clearTextFirst":true,"interactionType":"ENTER_TEXT"}]}
COMMAND: POST /session/b171ef130127fc2a30c2632ea9d3abff/execute/async - {"script":"<script> [1562 bytes]","args":[{"selector":{"id":"createOrganizationPop--descriptionId","searchOpenDialogs":true,"interaction":{"idSuffix":"inner"}},"wdio_ui5_key":"createOrganizationPopdescriptionId"}]}
RESULT: {"script":"<script> [1562 bytes]","args":[{"selector":{"id":"createOrganizationPop--descriptionId","searchOpenDialogs":true,"interaction":{"idSuffix":"inner"}},"wdio_ui5_key":"createOrganizationPopdescriptionId"}]}
RESULT: undefined
COMMAND: POST /session/b171ef130127fc2a30c2632ea9d3abff/execute/async - {"script":"<script> [776 bytes]","args":[{"enterText":"Shipping-Wd","selector":{"id":"createOrganizationPop--descriptionId","searchOpenDialogs":true,"interaction":{"idSuffix":"inner"}},"clearTextFirst":true,"interactionType":"ENTER_TEXT"}]}
RESULT: {"script":"<script> [776 bytes]","args":[{"enterText":"Shipping-Wd","selector":{"id":"createOrganizationPop--descriptionId","searchOpenDialogs":true,"interaction":{"idSuffix":"inner"}},"clearTextFirst":true,"interactionType":"ENTER_TEXT"}]}
COMMAND: POST /session/b171ef130127fc2a30c2632ea9d3abff/execute/async - {"script":"<script> [1562 bytes]","args":[{"selector":{"controlType":"sap.m.CheckBox","viewName":"etm.portal.ui.binstatusreport.view.MasterWareBins","viewId":"application-binstatusreport-display-component---warehousing","bindingPath":{"path":"","propertyPath":"/ZONE","modelName":"newBin"},"searchOpenDialogs":true,"interaction":{"idSuffix":"CbBg"}},"wdio_ui5_key":"etmportal.ui.binstatusreport.view.MasterWareBinssap.m.CheckBox{\"path\":\"\",\"propertyPath\":\"/ZONE\",\"modelName\":\"newBin\"}"}]}
RESULT: {"script":"<script> [1562 bytes]","args":[{"selector":{"controlType":"sap.m.CheckBox","viewName":"etm.portal.ui.binstatusreport.view.MasterWareBins","viewId":"application-binstatusreport-display-component---warehousing","bindingPath":{"path":"","propertyPath":"/ZONE","modelName":"newBin"},"searchOpenDialogs":true,"interaction":{"idSuffix":"CbBg"}},"wdio_ui5_key":"etmportal.ui.binstatusreport.view.MasterWareBinssap.m.CheckBox{\"path\":\"\",\"propertyPath\":\"/ZONE\",\"modelName\":\"newBin\"}"}]}
RESULT: undefined
COMMAND: POST /session/b171ef130127fc2a30c2632ea9d3abff/element - {"using":"xpath","value":"//*[@id=\"__box12\"]"}
RESULT: {"using":"xpath","value":"//*[@id=\"__box12\"]"}
COMMAND: POST /session/b171ef130127fc2a30c2632ea9d3abff/element/f.727CE9CF6895B2C759CBC992552C29E0.d.5B333701C753FEA938E60005EAF4F802.e.228/click - {}
RESULT: {}
COMMAND: POST /session/b171ef130127fc2a30c2632ea9d3abff/execute/async - {"script":"<script> [1562 bytes]","args":[{"selector":{"id":"createOrganizationPop--binTypesCB-arrow","searchOpenDialogs":true},"wdio_ui5_key":"createOrganizationPopbinTypesCB-arrow"}]}
COMMAND: GET /session/b171ef130127fc2a30c2632ea9d3abff/screenshot - {}
RESULT: {"script":"<script> [1562 bytes]","args":[{"selector":{"id":"createOrganizationPop--binTypesCB-arrow","searchOpenDialogs":true},"wdio_ui5_key":"createOrganizationPopbinTypesCB-arrow"}]}
RESULT: undefined
COMMAND: POST /session/b171ef130127fc2a30c2632ea9d3abff/element - {"using":"xpath","value":"//*[@id=\"createOrganizationPop--binTypesCB-arrow\"]"}
RESULT: {}
RESULT: {"using":"xpath","value":"//*[@id=\"createOrganizationPop--binTypesCB-arrow\"]"}
COMMAND: POST /session/b171ef130127fc2a30c2632ea9d3abff/element/f.727CE9CF6895B2C759CBC992552C29E0.d.5B333701C753FEA938E60005EAF4F802.e.229/click - {}
RESULT: {}
COMMAND: POST /session/b171ef130127fc2a30c2632ea9d3abff/execute/async - {"script":"<script> [1562 bytes]","args":[{"selector":{"id":"createOrganizationPop--binTypesCB","searchOpenDialogs":true,"interaction":{"idSuffix":"inner"}},"wdio_ui5_key":"createOrganizationPopbinTypesCB"}]}
COMMAND: GET /session/b171ef130127fc2a30c2632ea9d3abff/screenshot - {}
RESULT: {"script":"<script> [1562 bytes]","args":[{"selector":{"id":"createOrganizationPop--binTypesCB","searchOpenDialogs":true,"interaction":{"idSuffix":"inner"}},"wdio_ui5_key":"createOrganizationPopbinTypesCB"}]}
RESULT: undefined
COMMAND: POST /session/b171ef130127fc2a30c2632ea9d3abff/execute/async - {"script":"<script> [776 bytes]","args":[{"enterText":"1 - General / No capacity check","selector":{"id":"createOrganizationPop--binTypesCB","searchOpenDialogs":true,"interaction":{"idSuffix":"inner"}},"clearTextFirst":true,"interactionType":"ENTER_TEXT"}]}
RESULT: {}
RESULT: {"script":"<script> [776 bytes]","args":[{"enterText":"1 - General / No capacity check","selector":{"id":"createOrganizationPop--binTypesCB","searchOpenDialogs":true,"interaction":{"idSuffix":"inner"}},"clearTextFirst":true,"interactionType":"ENTER_TEXT"}]}
COMMAND: POST /session/b171ef130127fc2a30c2632ea9d3abff/actions - {"actions":[{"id":"action2","type":"key","parameters":{},"actions":[{"type":"keyDown","value":"î€‡"},{"type":"pause","duration":10},{"type":"keyUp","value":"î€‡"}]}]}
RESULT: {"actions":[{"id":"action2","type":"key","parameters":{},"actions":[{"type":"keyDown","value":"î€‡"},{"type":"pause","duration":10},{"type":"keyUp","value":"î€‡"}]}]}
COMMAND: GET /session/b171ef130127fc2a30c2632ea9d3abff/screenshot - {}
RESULT: {}
COMMAND: POST /session/b171ef130127fc2a30c2632ea9d3abff/execute/async - {"script":"<script> [1562 bytes]","args":[{"selector":{"id":"createOrganizationPop--finishBtn","searchOpenDialogs":true,"interaction":{"idSuffix":"BDI-content"}},"wdio_ui5_key":"createOrganizationPopfinishBtn"}]}
RESULT: {"script":"<script> [1562 bytes]","args":[{"selector":{"id":"createOrganizationPop--finishBtn","searchOpenDialogs":true,"interaction":{"idSuffix":"BDI-content"}},"wdio_ui5_key":"createOrganizationPopfinishBtn"}]}
RESULT: undefined
COMMAND: POST /session/b171ef130127fc2a30c2632ea9d3abff/element - {"using":"xpath","value":"//*[@id=\"createOrganizationPop--finishBtn\"]"}
RESULT: {"using":"xpath","value":"//*[@id=\"createOrganizationPop--finishBtn\"]"}
COMMAND: POST /session/b171ef130127fc2a30c2632ea9d3abff/element/f.727CE9CF6895B2C759CBC992552C29E0.d.5B333701C753FEA938E60005EAF4F802.e.232/click - {}
RESULT: {}
COMMAND: POST /session/b171ef130127fc2a30c2632ea9d3abff/element - {"using":"css selector","value":"#j_username"}
COMMAND: POST /session/b171ef130127fc2a30c2632ea9d3abff/url - {"url":"https://qa-testing-00-live-etm-ui.cfapps.eu10-004.hana.ondemand.com/"}
COMMAND: GET /session/b171ef130127fc2a30c2632ea9d3abff/screenshot - {}
RESULT: {"using":"css selector","value":"#j_username"}
COMMAND: POST /session/b171ef130127fc2a30c2632ea9d3abff/element - {"using":"css selector","value":"#j_username"}
RESULT: {"url":"https://qa-testing-00-live-etm-ui.cfapps.eu10-004.hana.ondemand.com/"}
RESULT: undefined
COMMAND: GET /session/b171ef130127fc2a30c2632ea9d3abff/screenshot - {}
RESULT: {}
RESULT: {"using":"css selector","value":"#j_username"}
COMMAND: POST /session/b171ef130127fc2a30c2632ea9d3abff/element - {"using":"css selector","value":"#shell-header-logo"}
RESULT: {}
RESULT: {"using":"css selector","value":"#shell-header-logo"}
COMMAND: POST /session/b171ef130127fc2a30c2632ea9d3abff/execute/sync - {"script":"<script> [8489 bytes]","args":[{"element-6066-11e4-a52e-4f735466cecf":"f.727CE9CF6895B2C759CBC992552C29E0.d.AC82A4BF125F681EC5BE6AF0BC956D8F.e.245","ELEMENT":"f.727CE9CF6895B2C759CBC992552C29E0.d.AC82A4BF125F681EC5BE6AF0BC956D8F.e.245"}]}
RESULT: {"script":"<script> [8489 bytes]","args":[{"element-6066-11e4-a52e-4f735466cecf":"f.727CE9CF6895B2C759CBC992552C29E0.d.AC82A4BF125F681EC5BE6AF0BC956D8F.e.245","ELEMENT":"f.727CE9CF6895B2C759CBC992552C29E0.d.AC82A4BF125F681EC5BE6AF0BC956D8F.e.245"}]}
COMMAND: POST /session/b171ef130127fc2a30c2632ea9d3abff/element - {"using":"css selector","value":"#shell-header-logo"}
COMMAND: GET /session/b171ef130127fc2a30c2632ea9d3abff/screenshot - {}
RESULT: {"using":"css selector","value":"#shell-header-logo"}
COMMAND: POST /session/b171ef130127fc2a30c2632ea9d3abff/execute/sync - {"script":"<script> [8489 bytes]","args":[{"element-6066-11e4-a52e-4f735466cecf":"f.727CE9CF6895B2C759CBC992552C29E0.d.AC82A4BF125F681EC5BE6AF0BC956D8F.e.245","ELEMENT":"f.727CE9CF6895B2C759CBC992552C29E0.d.AC82A4BF125F681EC5BE6AF0BC956D8F.e.245"}]}
RESULT: {}
RESULT: {"script":"<script> [8489 bytes]","args":[{"element-6066-11e4-a52e-4f735466cecf":"f.727CE9CF6895B2C759CBC992552C29E0.d.AC82A4BF125F681EC5BE6AF0BC956D8F.e.245","ELEMENT":"f.727CE9CF6895B2C759CBC992552C29E0.d.AC82A4BF125F681EC5BE6AF0BC956D8F.e.245"}]}
COMMAND: POST /session/b171ef130127fc2a30c2632ea9d3abff/execute/sync - {"script":"<script> [5351 bytes]","args":[{"element-6066-11e4-a52e-4f735466cecf":"f.727CE9CF6895B2C759CBC992552C29E0.d.AC82A4BF125F681EC5BE6AF0BC956D8F.e.245","ELEMENT":"f.727CE9CF6895B2C759CBC992552C29E0.d.AC82A4BF125F681EC5BE6AF0BC956D8F.e.245"}]}
COMMAND: GET /session/b171ef130127fc2a30c2632ea9d3abff/screenshot - {}
RESULT: {"script":"<script> [5351 bytes]","args":[{"element-6066-11e4-a52e-4f735466cecf":"f.727CE9CF6895B2C759CBC992552C29E0.d.AC82A4BF125F681EC5BE6AF0BC956D8F.e.245","ELEMENT":"f.727CE9CF6895B2C759CBC992552C29E0.d.AC82A4BF125F681EC5BE6AF0BC956D8F.e.245"}]}
COMMAND: POST /session/b171ef130127fc2a30c2632ea9d3abff/element - {"using":"css selector","value":"#shell-header-logo"}
COMMAND: GET /session/b171ef130127fc2a30c2632ea9d3abff/screenshot - {}
RESULT: {}
RESULT: {"using":"css selector","value":"#shell-header-logo"}
COMMAND: POST /session/b171ef130127fc2a30c2632ea9d3abff/element/f.727CE9CF6895B2C759CBC992552C29E0.d.AC82A4BF125F681EC5BE6AF0BC956D8F.e.245/click - {}
RESULT: {}
RESULT: {}
COMMAND: GET /session/b171ef130127fc2a30c2632ea9d3abff/screenshot - {}
RESULT: {}
COMMAND: POST /session/b171ef130127fc2a30c2632ea9d3abff/execute/async - {"script":"<script> [189 bytes]","args":[]}
RESULT: {"script":"<script> [189 bytes]","args":[]}
COMMAND: POST /session/b171ef130127fc2a30c2632ea9d3abff/execute/async - {"script":"<script> [123 bytes]","args":[]}
RESULT: {"script":"<script> [123 bytes]","args":[]}
COMMAND: POST /session/b171ef130127fc2a30c2632ea9d3abff/timeouts - {"script":"<number>"}
RESULT: {"script":"<number>"}
COMMAND: GET /session/b171ef130127fc2a30c2632ea9d3abff/timeouts - {}
RESULT: {}
RESULT: undefined
COMMAND: POST /session/b171ef130127fc2a30c2632ea9d3abff/execute/async - {"script":"<script> [2676 bytes]","args":[]}
RESULT: {"script":"<script> [2676 bytes]","args":[]}
COMMAND: POST /session/b171ef130127fc2a30c2632ea9d3abff/execute/async - {"script":"<script> [2342 bytes]","args":[{"protocol":"http","hostname":"0.0.0.0","path":"/","capabilities":{"browserName":"chrome","goog:chromeOptions":{"binary":"C:\\Program Files\\Google\\Chrome\\Application\\chrome.exe","args":["--start-maximized"]}},"logLevel":"warn","connectionRetryTimeout":120000,"connectionRetryCount":3,"logLevels":{},"enableDirectConnect":true,"strictSSL":true,"_":"65 more keys: [\"cacheDir\",\"port\",\"requestedCapabilities\",\"automationProtocol\",\"baseUrl\",\"waitforInterval\",\"waitforTimeout\",\"onReload\",\"beforeCommand\",\"afterCommand\",\"rootDir\",\"specs\",\"suites\",\"exclude\",\"groupLogsByTestSpec\",\"excludeDriverLogs\",\"bail\",\"framework\",\"reporters\",\"services\",\"maxInstances\",\"maxInstancesPerCapability\",\"injectGlobals\",\"filesToWatch\",\"execArgv\",\"runnerEnv\",\"runner\",\"shard\",\"specFileRetries\",\"specFileRetriesDelay\",\"specFileRetriesDeferred\",\"reporterSyncInterval\",\"reporterSyncTimeout\",\"cucumberFeaturesWithLineNumbers\",\"autoCompileOpts\",\"mochaOpts\",\"jasmineOpts\",\"cucumberOpts\",\"onPrepare\",\"onWorkerStart\",\"onWorkerEnd\",\"before\",\"beforeSession\",\"beforeSuite\",\"beforeHook\",\"beforeTest\",\"afterTest\",\"afterHook\",\"afterSuite\",\"afterSession\",\"after\",\"onComplete\",\"beforeAssertion\",\"afterAssertion\",\"beforeFeature\",\"beforeScenario\",\"beforeStep\",\"afterStep\",\"afterScenario\",\"afterFeature\",\"_\",\"suite\",\"$0\",\"ignoredWorkerServices\",\"wdi5\"]"}]}
RESULT: {"script":"<script> [2342 bytes]","args":[{"protocol":"http","hostname":"0.0.0.0","path":"/","capabilities":{"browserName":"chrome","goog:chromeOptions":{"binary":"C:\\Program Files\\Google\\Chrome\\Application\\chrome.exe","args":["--start-maximized"]}},"logLevel":"warn","connectionRetryTimeout":120000,"connectionRetryCount":3,"logLevels":{},"enableDirectConnect":true,"strictSSL":true,"_":"65 more keys: [\"cacheDir\",\"port\",\"requestedCapabilities\",\"automationProtocol\",\"baseUrl\",\"waitforInterval\",\"waitforTimeout\",\"onReload\",\"beforeCommand\",\"afterCommand\",\"rootDir\",\"specs\",\"suites\",\"exclude\",\"groupLogsByTestSpec\",\"excludeDriverLogs\",\"bail\",\"framework\",\"reporters\",\"services\",\"maxInstances\",\"maxInstancesPerCapability\",\"injectGlobals\",\"filesToWatch\",\"execArgv\",\"runnerEnv\",\"runner\",\"shard\",\"specFileRetries\",\"specFileRetriesDelay\",\"specFileRetriesDeferred\",\"reporterSyncInterval\",\"reporterSyncTimeout\",\"cucumberFeaturesWithLineNumbers\",\"autoCompileOpts\",\"mochaOpts\",\"jasmineOpts\",\"cucumberOpts\",\"onPrepare\",\"onWorkerStart\",\"onWorkerEnd\",\"before\",\"beforeSession\",\"beforeSuite\",\"beforeHook\",\"beforeTest\",\"afterTest\",\"afterHook\",\"afterSuite\",\"afterSession\",\"after\",\"onComplete\",\"beforeAssertion\",\"afterAssertion\",\"beforeFeature\",\"beforeScenario\",\"beforeStep\",\"afterStep\",\"afterScenario\",\"afterFeature\",\"_\",\"suite\",\"$0\",\"ignoredWorkerServices\",\"wdi5\"]"}]}
COMMAND: POST /session/b171ef130127fc2a30c2632ea9d3abff/execute/async - {"script":"<script> [21126 bytes]","args":[35000]}
RESULT: {"script":"<script> [21126 bytes]","args":[35000]}
COMMAND: POST /session/b171ef130127fc2a30c2632ea9d3abff/window/maximize - {}
RESULT: {}
COMMAND: POST /session/b171ef130127fc2a30c2632ea9d3abff/execute/async - {"script":"<script> [1562 bytes]","args":[{"selector":{"id":"shell-header","interaction":{"idSuffix":"icon"}},"wdio_ui5_key":"shellheader"}]}
COMMAND: GET /session/b171ef130127fc2a30c2632ea9d3abff/screenshot - {}
RESULT: {"script":"<script> [1562 bytes]","args":[{"selector":{"id":"shell-header","interaction":{"idSuffix":"icon"}},"wdio_ui5_key":"shellheader"}]}
RESULT: undefined
]]></system-out>
    </testcase>
  </testsuite>
  <testsuite timestamp="2025-05-06T16:18:18" time="694.062" tests="8" failures="3" errors="3" skipped="0">
    <properties>
      <property name="specId" value="0" />
      <property name="suiteName" value="Stock increase - with WHM US125587" />
      <property name="capabilities" value="chrome.135_0_7049_115.windows" />
      <property name="file" value="file:///D:/a/1/s/test/specs/HTR/stock-increase.spec.js" />
    </properties>
    <testcase classname="chrome.135_0_7049_115.windows.Stock_increase_-_with_WHM_US125587" name="Should create a WHM yard" time="86.597">
      <system-out><![CDATA[
COMMAND: POST /session/b171ef130127fc2a30c2632ea9d3abff/element - {"using":"css selector","value":"#shell-header-logo"}
RESULT: {}
RESULT: {"using":"css selector","value":"#shell-header-logo"}
COMMAND: POST /session/b171ef130127fc2a30c2632ea9d3abff/element/f.727CE9CF6895B2C759CBC992552C29E0.d.AC82A4BF125F681EC5BE6AF0BC956D8F.e.245/click - {}
RESULT: {}
COMMAND: GET /session/b171ef130127fc2a30c2632ea9d3abff/screenshot - {}
RESULT: {}
COMMAND: POST /session/b171ef130127fc2a30c2632ea9d3abff/execute/async - {"script":"<script> [1562 bytes]","args":[{"selector":{"controlType":"sap.m.GenericTile","properties":{"header":"Manage Yards"}},"wdio_ui5_key":"sapm.GenericTile{\"header\":\"Manage Yards\"}"}]}
RESULT: {"script":"<script> [1562 bytes]","args":[{"selector":{"controlType":"sap.m.GenericTile","properties":{"header":"Manage Yards"}},"wdio_ui5_key":"sapm.GenericTile{\"header\":\"Manage Yards\"}"}]}
RESULT: undefined
COMMAND: POST /session/b171ef130127fc2a30c2632ea9d3abff/element - {"using":"xpath","value":"//*[@id=\"__tile41\"]"}
RESULT: {"using":"xpath","value":"//*[@id=\"__tile41\"]"}
COMMAND: POST /session/b171ef130127fc2a30c2632ea9d3abff/element/f.727CE9CF6895B2C759CBC992552C29E0.d.AC82A4BF125F681EC5BE6AF0BC956D8F.e.250/click - {}
RESULT: {}
COMMAND: GET /session/b171ef130127fc2a30c2632ea9d3abff/screenshot - {}
RESULT: {}
COMMAND: POST /session/b171ef130127fc2a30c2632ea9d3abff/execute/async - {"script":"<script> [1562 bytes]","args":[{"selector":{"controlType":"sap.ui.core.Icon","viewName":"etm.portal.ui.manageyards.view.Master","viewId":"application-manageyards-display-component---masterYard","properties":{"src":{"regex":{"source":"add"}}}},"wdio_ui5_key":"etmportal.ui.manageyards.view.Mastersap.ui.core.Icon{\"src\":{\"regex\":{\"source\":\"add\"}}}"}]}
RESULT: {"script":"<script> [1562 bytes]","args":[{"selector":{"controlType":"sap.ui.core.Icon","viewName":"etm.portal.ui.manageyards.view.Master","viewId":"application-manageyards-display-component---masterYard","properties":{"src":{"regex":{"source":"add"}}}},"wdio_ui5_key":"etmportal.ui.manageyards.view.Mastersap.ui.core.Icon{\"src\":{\"regex\":{\"source\":\"add\"}}}"}]}
RESULT: undefined
COMMAND: POST /session/b171ef130127fc2a30c2632ea9d3abff/element - {"using":"xpath","value":"//*[@id=\"__button4-img\"]"}
RESULT: {"using":"xpath","value":"//*[@id=\"__button4-img\"]"}
COMMAND: POST /session/b171ef130127fc2a30c2632ea9d3abff/element/f.727CE9CF6895B2C759CBC992552C29E0.d.AC82A4BF125F681EC5BE6AF0BC956D8F.e.295/click - {}
RESULT: {}
COMMAND: GET /session/b171ef130127fc2a30c2632ea9d3abff/screenshot - {}
RESULT: {}
COMMAND: POST /session/b171ef130127fc2a30c2632ea9d3abff/execute/async - {"script":"<script> [1562 bytes]","args":[{"selector":{"id":"application-manageyards-display-component---NewYard--yardId","interaction":{"idSuffix":"inner"}},"wdio_ui5_key":"applicationmanageyards-display-component---NewYard--yardId"}]}
RESULT: {"script":"<script> [1562 bytes]","args":[{"selector":{"id":"application-manageyards-display-component---NewYard--yardId","interaction":{"idSuffix":"inner"}},"wdio_ui5_key":"applicationmanageyards-display-component---NewYard--yardId"}]}
RESULT: undefined
COMMAND: POST /session/b171ef130127fc2a30c2632ea9d3abff/element - {"using":"xpath","value":"//*[@id=\"application-manageyards-display-component---NewYard--addressDetailDetailsName1-inner\"]"}
RESULT: {"using":"xpath","value":"//*[@id=\"application-manageyards-display-component---NewYard--addressDetailDetailsName1-inner\"]"}
COMMAND: POST /session/b171ef130127fc2a30c2632ea9d3abff/element/f.727CE9CF6895B2C759CBC992552C29E0.d.AC82A4BF125F681EC5BE6AF0BC956D8F.e.538/clear - {}
RESULT: {}
COMMAND: POST /session/b171ef130127fc2a30c2632ea9d3abff/element/f.727CE9CF6895B2C759CBC992552C29E0.d.AC82A4BF125F681EC5BE6AF0BC956D8F.e.538/value - {"text":"WebdriverWHMYard8qeiof"}
COMMAND: GET /session/b171ef130127fc2a30c2632ea9d3abff/screenshot - {}
RESULT: {"text":"WebdriverWHMYard8qeiof"}
COMMAND: POST /session/b171ef130127fc2a30c2632ea9d3abff/element - {"using":"xpath","value":"//*[@id=\"application-manageyards-display-component---NewYard--addressDetailDetailsLanguage-inner\"]"}
COMMAND: GET /session/b171ef130127fc2a30c2632ea9d3abff/screenshot - {}
RESULT: {}
RESULT: {"using":"xpath","value":"//*[@id=\"application-manageyards-display-component---NewYard--addressDetailDetailsLanguage-inner\"]"}
COMMAND: POST /session/b171ef130127fc2a30c2632ea9d3abff/element/f.727CE9CF6895B2C759CBC992552C29E0.d.AC82A4BF125F681EC5BE6AF0BC956D8F.e.539/clear - {}
RESULT: {}
RESULT: {}
COMMAND: POST /session/b171ef130127fc2a30c2632ea9d3abff/element/f.727CE9CF6895B2C759CBC992552C29E0.d.AC82A4BF125F681EC5BE6AF0BC956D8F.e.539/value - {"text":"Romanian"}
COMMAND: GET /session/b171ef130127fc2a30c2632ea9d3abff/screenshot - {}
RESULT: {"text":"Romanian"}
COMMAND: GET /session/b171ef130127fc2a30c2632ea9d3abff/screenshot - {}
RESULT: {}
RESULT: {}
COMMAND: POST /session/b171ef130127fc2a30c2632ea9d3abff/element - {"using":"xpath","value":"//*[@id=\"application-manageyards-display-component---NewYard--addressDetailDetailsCity1-inner\"]"}
RESULT: {"using":"xpath","value":"//*[@id=\"application-manageyards-display-component---NewYard--addressDetailDetailsCity1-inner\"]"}
COMMAND: POST /session/b171ef130127fc2a30c2632ea9d3abff/element/f.727CE9CF6895B2C759CBC992552C29E0.d.AC82A4BF125F681EC5BE6AF0BC956D8F.e.541/clear - {}
RESULT: {}
COMMAND: POST /session/b171ef130127fc2a30c2632ea9d3abff/element/f.727CE9CF6895B2C759CBC992552C29E0.d.AC82A4BF125F681EC5BE6AF0BC956D8F.e.541/value - {"text":"Bucuresti"}
COMMAND: GET /session/b171ef130127fc2a30c2632ea9d3abff/screenshot - {}
RESULT: {"text":"Bucuresti"}
COMMAND: GET /session/b171ef130127fc2a30c2632ea9d3abff/screenshot - {}
RESULT: {}
RESULT: {}
COMMAND: POST /session/b171ef130127fc2a30c2632ea9d3abff/element - {"using":"xpath","value":"//*[@id=\"application-manageyards-display-component---NewYard--addressDetailDetailsCountry-inner\"]"}
RESULT: {"using":"xpath","value":"//*[@id=\"application-manageyards-display-component---NewYard--addressDetailDetailsCountry-inner\"]"}
COMMAND: POST /session/b171ef130127fc2a30c2632ea9d3abff/element/f.727CE9CF6895B2C759CBC992552C29E0.d.AC82A4BF125F681EC5BE6AF0BC956D8F.e.545/clear - {}
RESULT: {}
COMMAND: POST /session/b171ef130127fc2a30c2632ea9d3abff/element/f.727CE9CF6895B2C759CBC992552C29E0.d.AC82A4BF125F681EC5BE6AF0BC956D8F.e.545/value - {"text":"Romania"}
COMMAND: GET /session/b171ef130127fc2a30c2632ea9d3abff/screenshot - {}
RESULT: {"text":"Romania"}
COMMAND: GET /session/b171ef130127fc2a30c2632ea9d3abff/screenshot - {}
RESULT: {}
RESULT: {}
COMMAND: POST /session/b171ef130127fc2a30c2632ea9d3abff/execute/async - {"script":"<script> [1562 bytes]","args":[{"selector":{"controlType":"sap.m.Button","viewName":"etm.portal.ui.manageyards.view.New","viewId":"application-manageyards-display-component---NewYard","properties":{"text":"Commercial"},"interaction":{"idSuffix":"BDI-content"}},"wdio_ui5_key":"etmportal.ui.manageyards.view.Newsap.m.Button{\"text\":\"Commercial\"}"}]}
RESULT: {"script":"<script> [1562 bytes]","args":[{"selector":{"controlType":"sap.m.Button","viewName":"etm.portal.ui.manageyards.view.New","viewId":"application-manageyards-display-component---NewYard","properties":{"text":"Commercial"},"interaction":{"idSuffix":"BDI-content"}},"wdio_ui5_key":"etmportal.ui.manageyards.view.Newsap.m.Button{\"text\":\"Commercial\"}"}]}
RESULT: undefined
COMMAND: POST /session/b171ef130127fc2a30c2632ea9d3abff/element - {"using":"xpath","value":"//*[@id=\"application-manageyards-display-component---NewYard--ObjectPageLayout-anchBar-__section5-anchor\"]"}
RESULT: {"using":"xpath","value":"//*[@id=\"application-manageyards-display-component---NewYard--ObjectPageLayout-anchBar-__section5-anchor\"]"}
COMMAND: POST /session/b171ef130127fc2a30c2632ea9d3abff/element/f.727CE9CF6895B2C759CBC992552C29E0.d.AC82A4BF125F681EC5BE6AF0BC956D8F.e.708/click - {}
RESULT: {}
COMMAND: GET /session/b171ef130127fc2a30c2632ea9d3abff/screenshot - {}
RESULT: {}
COMMAND: POST /session/b171ef130127fc2a30c2632ea9d3abff/element - {"using":"xpath","value":"//input[@id='application-manageyards-display-component---NewYard--addressEditDetailsCostObjectCstType-inner']"}
RESULT: {"using":"xpath","value":"//input[@id='application-manageyards-display-component---NewYard--addressEditDetailsCostObjectCstType-inner']"}
COMMAND: POST /session/b171ef130127fc2a30c2632ea9d3abff/execute/sync - {"script":"<script> [8489 bytes]","args":[{"element-6066-11e4-a52e-4f735466cecf":"f.727CE9CF6895B2C759CBC992552C29E0.d.AC82A4BF125F681EC5BE6AF0BC956D8F.e.551","ELEMENT":"f.727CE9CF6895B2C759CBC992552C29E0.d.AC82A4BF125F681EC5BE6AF0BC956D8F.e.551"}]}
RESULT: {"script":"<script> [8489 bytes]","args":[{"element-6066-11e4-a52e-4f735466cecf":"f.727CE9CF6895B2C759CBC992552C29E0.d.AC82A4BF125F681EC5BE6AF0BC956D8F.e.551","ELEMENT":"f.727CE9CF6895B2C759CBC992552C29E0.d.AC82A4BF125F681EC5BE6AF0BC956D8F.e.551"}]}
COMMAND: POST /session/b171ef130127fc2a30c2632ea9d3abff/element/f.727CE9CF6895B2C759CBC992552C29E0.d.AC82A4BF125F681EC5BE6AF0BC956D8F.e.551/clear - {}
COMMAND: GET /session/b171ef130127fc2a30c2632ea9d3abff/screenshot - {}
RESULT: {}
COMMAND: POST /session/b171ef130127fc2a30c2632ea9d3abff/element/f.727CE9CF6895B2C759CBC992552C29E0.d.AC82A4BF125F681EC5BE6AF0BC956D8F.e.551/value - {"text":"Cost"}
COMMAND: GET /session/b171ef130127fc2a30c2632ea9d3abff/screenshot - {}
RESULT: {}
RESULT: {"text":"Cost"}
COMMAND: GET /session/b171ef130127fc2a30c2632ea9d3abff/screenshot - {}
RESULT: {}
RESULT: {}
COMMAND: POST /session/b171ef130127fc2a30c2632ea9d3abff/execute/async - {"script":"<script> [1562 bytes]","args":[{"selector":{"id":"application-manageyards-display-component---NewYard--addressNewCostObjectCstID","interaction":{"idSuffix":"inner"}},"wdio_ui5_key":"applicationmanageyards-display-component---NewYard--addressNewCostObjectCstID"}]}
RESULT: {"script":"<script> [1562 bytes]","args":[{"selector":{"id":"application-manageyards-display-component---NewYard--addressNewCostObjectCstID","interaction":{"idSuffix":"inner"}},"wdio_ui5_key":"applicationmanageyards-display-component---NewYard--addressNewCostObjectCstID"}]}
RESULT: undefined
COMMAND: POST /session/b171ef130127fc2a30c2632ea9d3abff/execute/async - {"script":"<script> [776 bytes]","args":[{"enterText":"10001013","selector":{"id":"application-manageyards-display-component---NewYard--addressNewCostObjectCstID","interaction":{"idSuffix":"inner"}},"clearTextFirst":true,"interactionType":"ENTER_TEXT"}]}
RESULT: {"script":"<script> [776 bytes]","args":[{"enterText":"10001013","selector":{"id":"application-manageyards-display-component---NewYard--addressNewCostObjectCstID","interaction":{"idSuffix":"inner"}},"clearTextFirst":true,"interactionType":"ENTER_TEXT"}]}
COMMAND: POST /session/b171ef130127fc2a30c2632ea9d3abff/actions - {"actions":[{"id":"action3","type":"key","parameters":{},"actions":[{"type":"keyDown","value":"î€‡"},{"type":"pause","duration":10},{"type":"keyUp","value":"î€‡"}]}]}
RESULT: {"actions":[{"id":"action3","type":"key","parameters":{},"actions":[{"type":"keyDown","value":"î€‡"},{"type":"pause","duration":10},{"type":"keyUp","value":"î€‡"}]}]}
COMMAND: POST /session/b171ef130127fc2a30c2632ea9d3abff/execute/async - {"script":"<script> [1562 bytes]","args":[{"selector":{"id":"application-manageyards-display-component---NewYard--addressEditDetailsCurrency","interaction":{"idSuffix":"inner"}},"wdio_ui5_key":"applicationmanageyards-display-component---NewYard--addressEditDetailsCurrency"}]}
COMMAND: GET /session/b171ef130127fc2a30c2632ea9d3abff/screenshot - {}
RESULT: {"script":"<script> [1562 bytes]","args":[{"selector":{"id":"application-manageyards-display-component---NewYard--addressEditDetailsCurrency","interaction":{"idSuffix":"inner"}},"wdio_ui5_key":"applicationmanageyards-display-component---NewYard--addressEditDetailsCurrency"}]}
RESULT: undefined
COMMAND: POST /session/b171ef130127fc2a30c2632ea9d3abff/execute/async - {"script":"<script> [776 bytes]","args":[{"enterText":"Euro","selector":{"id":"application-manageyards-display-component---NewYard--addressEditDetailsCurrency","interaction":{"idSuffix":"inner"}},"clearTextFirst":true,"interactionType":"ENTER_TEXT"}]}
RESULT: {}
RESULT: {"script":"<script> [776 bytes]","args":[{"enterText":"Euro","selector":{"id":"application-manageyards-display-component---NewYard--addressEditDetailsCurrency","interaction":{"idSuffix":"inner"}},"clearTextFirst":true,"interactionType":"ENTER_TEXT"}]}
COMMAND: POST /session/b171ef130127fc2a30c2632ea9d3abff/execute/async - {"script":"<script> [1562 bytes]","args":[{"selector":{"controlType":"sap.m.Input","viewName":"etm.portal.ui.manageyards.view.New","viewId":"application-manageyards-display-component---NewYard","bindingPath":{"path":"","propertyPath":"/CONTROLLING_AREA","modelName":"NewYardModel"},"interaction":{"idSuffix":"inner"}},"wdio_ui5_key":"etmportal.ui.manageyards.view.Newsap.m.Input{\"path\":\"\",\"propertyPath\":\"/CONTROLLING_AREA\",\"modelName\":\"NewYardModel\"}"}]}
RESULT: {"script":"<script> [1562 bytes]","args":[{"selector":{"controlType":"sap.m.Input","viewName":"etm.portal.ui.manageyards.view.New","viewId":"application-manageyards-display-component---NewYard","bindingPath":{"path":"","propertyPath":"/CONTROLLING_AREA","modelName":"NewYardModel"},"interaction":{"idSuffix":"inner"}},"wdio_ui5_key":"etmportal.ui.manageyards.view.Newsap.m.Input{\"path\":\"\",\"propertyPath\":\"/CONTROLLING_AREA\",\"modelName\":\"NewYardModel\"}"}]}
RESULT: undefined
COMMAND: POST /session/b171ef130127fc2a30c2632ea9d3abff/execute/async - {"script":"<script> [776 bytes]","args":[{"enterText":"Z001","selector":{"controlType":"sap.m.Input","viewName":"etm.portal.ui.manageyards.view.New","viewId":"application-manageyards-display-component---NewYard","bindingPath":{"path":"","propertyPath":"/CONTROLLING_AREA","modelName":"NewYardModel"},"interaction":{"idSuffix":"inner"}},"clearTextFirst":true,"interactionType":"ENTER_TEXT"}]}
RESULT: {"script":"<script> [776 bytes]","args":[{"enterText":"Z001","selector":{"controlType":"sap.m.Input","viewName":"etm.portal.ui.manageyards.view.New","viewId":"application-manageyards-display-component---NewYard","bindingPath":{"path":"","propertyPath":"/CONTROLLING_AREA","modelName":"NewYardModel"},"interaction":{"idSuffix":"inner"}},"clearTextFirst":true,"interactionType":"ENTER_TEXT"}]}
COMMAND: POST /session/b171ef130127fc2a30c2632ea9d3abff/execute/async - {"script":"<script> [1562 bytes]","args":[{"selector":{"id":"application-manageyards-display-component---NewYard--companyCodeComboBox","interaction":{"idSuffix":"inner"}},"wdio_ui5_key":"applicationmanageyards-display-component---NewYard--companyCodeComboBox"}]}
RESULT: {"script":"<script> [1562 bytes]","args":[{"selector":{"id":"application-manageyards-display-component---NewYard--companyCodeComboBox","interaction":{"idSuffix":"inner"}},"wdio_ui5_key":"applicationmanageyards-display-component---NewYard--companyCodeComboBox"}]}
RESULT: undefined
COMMAND: POST /session/b171ef130127fc2a30c2632ea9d3abff/execute/async - {"script":"<script> [776 bytes]","args":[{"enterText":"1000","selector":{"id":"application-manageyards-display-component---NewYard--companyCodeComboBox","interaction":{"idSuffix":"inner"}},"clearTextFirst":true,"interactionType":"ENTER_TEXT"}]}
RESULT: {"script":"<script> [776 bytes]","args":[{"enterText":"1000","selector":{"id":"application-manageyards-display-component---NewYard--companyCodeComboBox","interaction":{"idSuffix":"inner"}},"clearTextFirst":true,"interactionType":"ENTER_TEXT"}]}
COMMAND: POST /session/b171ef130127fc2a30c2632ea9d3abff/actions - {"actions":[{"id":"action4","type":"key","parameters":{},"actions":[{"type":"keyDown","value":"î€‡"},{"type":"pause","duration":10},{"type":"keyUp","value":"î€‡"}]}]}
RESULT: {"actions":[{"id":"action4","type":"key","parameters":{},"actions":[{"type":"keyDown","value":"î€‡"},{"type":"pause","duration":10},{"type":"keyUp","value":"î€‡"}]}]}
COMMAND: POST /session/b171ef130127fc2a30c2632ea9d3abff/execute/async - {"script":"<script> [1562 bytes]","args":[{"selector":{"controlType":"sap.m.Input","viewName":"etm.portal.ui.manageyards.view.New","viewId":"application-manageyards-display-component---NewYard","bindingPath":{"path":"","propertyPath":"/PLANT","modelName":"NewYardModel"},"interaction":{"idSuffix":"inner"}},"wdio_ui5_key":"etmportal.ui.manageyards.view.Newsap.m.Input{\"path\":\"\",\"propertyPath\":\"/PLANT\",\"modelName\":\"NewYardModel\"}"}]}
COMMAND: GET /session/b171ef130127fc2a30c2632ea9d3abff/screenshot - {}
RESULT: {"script":"<script> [1562 bytes]","args":[{"selector":{"controlType":"sap.m.Input","viewName":"etm.portal.ui.manageyards.view.New","viewId":"application-manageyards-display-component---NewYard","bindingPath":{"path":"","propertyPath":"/PLANT","modelName":"NewYardModel"},"interaction":{"idSuffix":"inner"}},"wdio_ui5_key":"etmportal.ui.manageyards.view.Newsap.m.Input{\"path\":\"\",\"propertyPath\":\"/PLANT\",\"modelName\":\"NewYardModel\"}"}]}
RESULT: undefined
COMMAND: POST /session/b171ef130127fc2a30c2632ea9d3abff/execute/async - {"script":"<script> [776 bytes]","args":[{"enterText":"1001","selector":{"controlType":"sap.m.Input","viewName":"etm.portal.ui.manageyards.view.New","viewId":"application-manageyards-display-component---NewYard","bindingPath":{"path":"","propertyPath":"/PLANT","modelName":"NewYardModel"},"interaction":{"idSuffix":"inner"}},"clearTextFirst":true,"interactionType":"ENTER_TEXT"}]}
RESULT: {}
RESULT: {"script":"<script> [776 bytes]","args":[{"enterText":"1001","selector":{"controlType":"sap.m.Input","viewName":"etm.portal.ui.manageyards.view.New","viewId":"application-manageyards-display-component---NewYard","bindingPath":{"path":"","propertyPath":"/PLANT","modelName":"NewYardModel"},"interaction":{"idSuffix":"inner"}},"clearTextFirst":true,"interactionType":"ENTER_TEXT"}]}
COMMAND: POST /session/b171ef130127fc2a30c2632ea9d3abff/execute/async - {"script":"<script> [1562 bytes]","args":[{"selector":{"controlType":"sap.m.Input","viewName":"etm.portal.ui.manageyards.view.New","viewId":"application-manageyards-display-component---NewYard","bindingPath":{"path":"","propertyPath":"/SALES_AREA_VKORG","modelName":"NewYardModel"},"interaction":{"idSuffix":"inner"}},"wdio_ui5_key":"etmportal.ui.manageyards.view.Newsap.m.Input{\"path\":\"\",\"propertyPath\":\"/SALES_AREA_VKORG\",\"modelName\":\"NewYardModel\"}"}]}
RESULT: {"script":"<script> [1562 bytes]","args":[{"selector":{"controlType":"sap.m.Input","viewName":"etm.portal.ui.manageyards.view.New","viewId":"application-manageyards-display-component---NewYard","bindingPath":{"path":"","propertyPath":"/SALES_AREA_VKORG","modelName":"NewYardModel"},"interaction":{"idSuffix":"inner"}},"wdio_ui5_key":"etmportal.ui.manageyards.view.Newsap.m.Input{\"path\":\"\",\"propertyPath\":\"/SALES_AREA_VKORG\",\"modelName\":\"NewYardModel\"}"}]}
RESULT: undefined
COMMAND: POST /session/b171ef130127fc2a30c2632ea9d3abff/execute/async - {"script":"<script> [776 bytes]","args":[{"enterText":"C002","selector":{"controlType":"sap.m.Input","viewName":"etm.portal.ui.manageyards.view.New","viewId":"application-manageyards-display-component---NewYard","bindingPath":{"path":"","propertyPath":"/SALES_AREA_VKORG","modelName":"NewYardModel"},"interaction":{"idSuffix":"inner"}},"clearTextFirst":true,"interactionType":"ENTER_TEXT"}]}
RESULT: {"script":"<script> [776 bytes]","args":[{"enterText":"C002","selector":{"controlType":"sap.m.Input","viewName":"etm.portal.ui.manageyards.view.New","viewId":"application-manageyards-display-component---NewYard","bindingPath":{"path":"","propertyPath":"/SALES_AREA_VKORG","modelName":"NewYardModel"},"interaction":{"idSuffix":"inner"}},"clearTextFirst":true,"interactionType":"ENTER_TEXT"}]}
COMMAND: POST /session/b171ef130127fc2a30c2632ea9d3abff/execute/async - {"script":"<script> [1562 bytes]","args":[{"selector":{"controlType":"sap.m.Input","viewName":"etm.portal.ui.manageyards.view.New","viewId":"application-manageyards-display-component---NewYard","bindingPath":{"path":"","propertyPath":"/SALES_AREA_VTWEG","modelName":"NewYardModel"},"interaction":{"idSuffix":"inner"}},"wdio_ui5_key":"etmportal.ui.manageyards.view.Newsap.m.Input{\"path\":\"\",\"propertyPath\":\"/SALES_AREA_VTWEG\",\"modelName\":\"NewYardModel\"}"}]}
RESULT: {"script":"<script> [1562 bytes]","args":[{"selector":{"controlType":"sap.m.Input","viewName":"etm.portal.ui.manageyards.view.New","viewId":"application-manageyards-display-component---NewYard","bindingPath":{"path":"","propertyPath":"/SALES_AREA_VTWEG","modelName":"NewYardModel"},"interaction":{"idSuffix":"inner"}},"wdio_ui5_key":"etmportal.ui.manageyards.view.Newsap.m.Input{\"path\":\"\",\"propertyPath\":\"/SALES_AREA_VTWEG\",\"modelName\":\"NewYardModel\"}"}]}
RESULT: undefined
COMMAND: POST /session/b171ef130127fc2a30c2632ea9d3abff/execute/async - {"script":"<script> [776 bytes]","args":[{"enterText":"C2","selector":{"controlType":"sap.m.Input","viewName":"etm.portal.ui.manageyards.view.New","viewId":"application-manageyards-display-component---NewYard","bindingPath":{"path":"","propertyPath":"/SALES_AREA_VTWEG","modelName":"NewYardModel"},"interaction":{"idSuffix":"inner"}},"clearTextFirst":true,"interactionType":"ENTER_TEXT"}]}
RESULT: {"script":"<script> [776 bytes]","args":[{"enterText":"C2","selector":{"controlType":"sap.m.Input","viewName":"etm.portal.ui.manageyards.view.New","viewId":"application-manageyards-display-component---NewYard","bindingPath":{"path":"","propertyPath":"/SALES_AREA_VTWEG","modelName":"NewYardModel"},"interaction":{"idSuffix":"inner"}},"clearTextFirst":true,"interactionType":"ENTER_TEXT"}]}
COMMAND: POST /session/b171ef130127fc2a30c2632ea9d3abff/execute/async - {"script":"<script> [1562 bytes]","args":[{"selector":{"controlType":"sap.m.Input","viewName":"etm.portal.ui.manageyards.view.New","viewId":"application-manageyards-display-component---NewYard","bindingPath":{"path":"","propertyPath":"/SALES_AREA_SPART","modelName":"NewYardModel"},"interaction":{"idSuffix":"inner"}},"wdio_ui5_key":"etmportal.ui.manageyards.view.Newsap.m.Input{\"path\":\"\",\"propertyPath\":\"/SALES_AREA_SPART\",\"modelName\":\"NewYardModel\"}"}]}
RESULT: {"script":"<script> [1562 bytes]","args":[{"selector":{"controlType":"sap.m.Input","viewName":"etm.portal.ui.manageyards.view.New","viewId":"application-manageyards-display-component---NewYard","bindingPath":{"path":"","propertyPath":"/SALES_AREA_SPART","modelName":"NewYardModel"},"interaction":{"idSuffix":"inner"}},"wdio_ui5_key":"etmportal.ui.manageyards.view.Newsap.m.Input{\"path\":\"\",\"propertyPath\":\"/SALES_AREA_SPART\",\"modelName\":\"NewYardModel\"}"}]}
RESULT: undefined
COMMAND: POST /session/b171ef130127fc2a30c2632ea9d3abff/execute/async - {"script":"<script> [776 bytes]","args":[{"enterText":"C2","selector":{"controlType":"sap.m.Input","viewName":"etm.portal.ui.manageyards.view.New","viewId":"application-manageyards-display-component---NewYard","bindingPath":{"path":"","propertyPath":"/SALES_AREA_SPART","modelName":"NewYardModel"},"interaction":{"idSuffix":"inner"}},"clearTextFirst":true,"interactionType":"ENTER_TEXT"}]}
RESULT: {"script":"<script> [776 bytes]","args":[{"enterText":"C2","selector":{"controlType":"sap.m.Input","viewName":"etm.portal.ui.manageyards.view.New","viewId":"application-manageyards-display-component---NewYard","bindingPath":{"path":"","propertyPath":"/SALES_AREA_SPART","modelName":"NewYardModel"},"interaction":{"idSuffix":"inner"}},"clearTextFirst":true,"interactionType":"ENTER_TEXT"}]}
COMMAND: POST /session/b171ef130127fc2a30c2632ea9d3abff/execute/async - {"script":"<script> [1562 bytes]","args":[{"selector":{"id":"application-manageyards-display-component---NewYard--whmCheckBox","interaction":{"idSuffix":"CbBg"}},"wdio_ui5_key":"applicationmanageyards-display-component---NewYard--whmCheckBox"}]}
RESULT: {"script":"<script> [1562 bytes]","args":[{"selector":{"id":"application-manageyards-display-component---NewYard--whmCheckBox","interaction":{"idSuffix":"CbBg"}},"wdio_ui5_key":"applicationmanageyards-display-component---NewYard--whmCheckBox"}]}
RESULT: undefined
COMMAND: POST /session/b171ef130127fc2a30c2632ea9d3abff/element - {"using":"xpath","value":"//*[@id=\"application-manageyards-display-component---NewYard--whmCheckBox\"]"}
RESULT: {"using":"xpath","value":"//*[@id=\"application-manageyards-display-component---NewYard--whmCheckBox\"]"}
COMMAND: POST /session/b171ef130127fc2a30c2632ea9d3abff/element/f.727CE9CF6895B2C759CBC992552C29E0.d.AC82A4BF125F681EC5BE6AF0BC956D8F.e.735/click - {}
RESULT: {}
COMMAND: POST /session/b171ef130127fc2a30c2632ea9d3abff/execute/async - {"script":"<script> [1562 bytes]","args":[{"selector":{"controlType":"sap.m.Button","viewName":"etm.portal.ui.manageyards.view.New","viewId":"application-manageyards-display-component---NewYard","i18NText":{"propertyName":"text","key":"save"},"interaction":{"idSuffix":"inner"}},"wdio_ui5_key":"etmportal.ui.manageyards.view.Newsap.m.Button{\"propertyName\":\"text\",\"key\":\"save\"}"}]}
COMMAND: GET /session/b171ef130127fc2a30c2632ea9d3abff/screenshot - {}
RESULT: {}
RESULT: {"script":"<script> [1562 bytes]","args":[{"selector":{"controlType":"sap.m.Button","viewName":"etm.portal.ui.manageyards.view.New","viewId":"application-manageyards-display-component---NewYard","i18NText":{"propertyName":"text","key":"save"},"interaction":{"idSuffix":"inner"}},"wdio_ui5_key":"etmportal.ui.manageyards.view.Newsap.m.Button{\"propertyName\":\"text\",\"key\":\"save\"}"}]}
RESULT: undefined
COMMAND: POST /session/b171ef130127fc2a30c2632ea9d3abff/element - {"using":"xpath","value":"//*[@id=\"__button18\"]"}
RESULT: {"using":"xpath","value":"//*[@id=\"__button18\"]"}
COMMAND: POST /session/b171ef130127fc2a30c2632ea9d3abff/element/f.727CE9CF6895B2C759CBC992552C29E0.d.AC82A4BF125F681EC5BE6AF0BC956D8F.e.684/click - {}
RESULT: {}
COMMAND: GET /session/b171ef130127fc2a30c2632ea9d3abff/screenshot - {}
RESULT: {}
COMMAND: POST /session/b171ef130127fc2a30c2632ea9d3abff/element - {"using":"xpath","value":"//header/div/div/div/div/div/div[2]/div/span"}
RESULT: {"using":"xpath","value":"//header/div/div/div/div/div/div[2]/div/span"}
COMMAND: GET /session/b171ef130127fc2a30c2632ea9d3abff/element/f.727CE9CF6895B2C759CBC992552C29E0.d.AC82A4BF125F681EC5BE6AF0BC956D8F.e.929/text - {}
RESULT: {}
COMMAND: POST /session/b171ef130127fc2a30c2632ea9d3abff/element - {"using":"xpath","value":"//header/div/div[2]/div[2]/span"}
RESULT: {"using":"xpath","value":"//header/div/div[2]/div[2]/span"}
COMMAND: GET /session/b171ef130127fc2a30c2632ea9d3abff/element/f.727CE9CF6895B2C759CBC992552C29E0.d.AC82A4BF125F681EC5BE6AF0BC956D8F.e.930/text - {}
RESULT: {}
]]></system-out>
    </testcase>
    <testcase classname="chrome.135_0_7049_115.windows.Stock_increase_-_with_WHM_US125587" name="Should create new whm partner" time="110.493">
      <system-out><![CDATA[
COMMAND: POST /session/b171ef130127fc2a30c2632ea9d3abff/element - {"using":"css selector","value":"#shell-header-logo"}
RESULT: {"using":"css selector","value":"#shell-header-logo"}
COMMAND: POST /session/b171ef130127fc2a30c2632ea9d3abff/element/f.727CE9CF6895B2C759CBC992552C29E0.d.AC82A4BF125F681EC5BE6AF0BC956D8F.e.245/click - {}
RESULT: {}
COMMAND: GET /session/b171ef130127fc2a30c2632ea9d3abff/screenshot - {}
RESULT: {}
COMMAND: POST /session/b171ef130127fc2a30c2632ea9d3abff/execute/async - {"script":"<script> [1562 bytes]","args":[{"selector":{"controlType":"sap.m.GenericTile","properties":{"header":"Manage Partners"}},"wdio_ui5_key":"sapm.GenericTile{\"header\":\"Manage Partners\"}"}]}
RESULT: {"script":"<script> [1562 bytes]","args":[{"selector":{"controlType":"sap.m.GenericTile","properties":{"header":"Manage Partners"}},"wdio_ui5_key":"sapm.GenericTile{\"header\":\"Manage Partners\"}"}]}
RESULT: undefined
COMMAND: POST /session/b171ef130127fc2a30c2632ea9d3abff/element - {"using":"xpath","value":"//*[@id=\"__tile38\"]"}
RESULT: {"using":"xpath","value":"//*[@id=\"__tile38\"]"}
COMMAND: POST /session/b171ef130127fc2a30c2632ea9d3abff/element/f.727CE9CF6895B2C759CBC992552C29E0.d.AC82A4BF125F681EC5BE6AF0BC956D8F.e.932/click - {}
RESULT: {}
COMMAND: GET /session/b171ef130127fc2a30c2632ea9d3abff/screenshot - {}
RESULT: {}
COMMAND: POST /session/b171ef130127fc2a30c2632ea9d3abff/refresh - {}
RESULT: {}
COMMAND: GET /session/b171ef130127fc2a30c2632ea9d3abff/screenshot - {}
RESULT: {}
COMMAND: POST /session/b171ef130127fc2a30c2632ea9d3abff/refresh - {}
RESULT: {}
COMMAND: GET /session/b171ef130127fc2a30c2632ea9d3abff/screenshot - {}
RESULT: {}
COMMAND: POST /session/b171ef130127fc2a30c2632ea9d3abff/window/fullscreen - {}
RESULT: {}
COMMAND: POST /session/b171ef130127fc2a30c2632ea9d3abff/execute/async - {"script":"<script> [189 bytes]","args":[]}
RESULT: {"script":"<script> [189 bytes]","args":[]}
COMMAND: POST /session/b171ef130127fc2a30c2632ea9d3abff/execute/async - {"script":"<script> [123 bytes]","args":[]}
RESULT: {"script":"<script> [123 bytes]","args":[]}
COMMAND: POST /session/b171ef130127fc2a30c2632ea9d3abff/timeouts - {"script":"<number>"}
RESULT: {"script":"<number>"}
COMMAND: GET /session/b171ef130127fc2a30c2632ea9d3abff/timeouts - {}
RESULT: {}
RESULT: undefined
COMMAND: POST /session/b171ef130127fc2a30c2632ea9d3abff/execute/async - {"script":"<script> [2676 bytes]","args":[]}
RESULT: {"script":"<script> [2676 bytes]","args":[]}
COMMAND: POST /session/b171ef130127fc2a30c2632ea9d3abff/execute/async - {"script":"<script> [2342 bytes]","args":[{"protocol":"http","hostname":"0.0.0.0","path":"/","capabilities":{"browserName":"chrome","goog:chromeOptions":{"binary":"C:\\Program Files\\Google\\Chrome\\Application\\chrome.exe","args":["--start-maximized"]}},"logLevel":"warn","connectionRetryTimeout":120000,"connectionRetryCount":3,"logLevels":{},"enableDirectConnect":true,"strictSSL":true,"_":"65 more keys: [\"cacheDir\",\"port\",\"requestedCapabilities\",\"automationProtocol\",\"baseUrl\",\"waitforInterval\",\"waitforTimeout\",\"onReload\",\"beforeCommand\",\"afterCommand\",\"rootDir\",\"specs\",\"suites\",\"exclude\",\"groupLogsByTestSpec\",\"excludeDriverLogs\",\"bail\",\"framework\",\"reporters\",\"services\",\"maxInstances\",\"maxInstancesPerCapability\",\"injectGlobals\",\"filesToWatch\",\"execArgv\",\"runnerEnv\",\"runner\",\"shard\",\"specFileRetries\",\"specFileRetriesDelay\",\"specFileRetriesDeferred\",\"reporterSyncInterval\",\"reporterSyncTimeout\",\"cucumberFeaturesWithLineNumbers\",\"autoCompileOpts\",\"mochaOpts\",\"jasmineOpts\",\"cucumberOpts\",\"onPrepare\",\"onWorkerStart\",\"onWorkerEnd\",\"before\",\"beforeSession\",\"beforeSuite\",\"beforeHook\",\"beforeTest\",\"afterTest\",\"afterHook\",\"afterSuite\",\"afterSession\",\"after\",\"onComplete\",\"beforeAssertion\",\"afterAssertion\",\"beforeFeature\",\"beforeScenario\",\"beforeStep\",\"afterStep\",\"afterScenario\",\"afterFeature\",\"_\",\"suite\",\"$0\",\"ignoredWorkerServices\",\"wdi5\"]"}]}
RESULT: {"script":"<script> [2342 bytes]","args":[{"protocol":"http","hostname":"0.0.0.0","path":"/","capabilities":{"browserName":"chrome","goog:chromeOptions":{"binary":"C:\\Program Files\\Google\\Chrome\\Application\\chrome.exe","args":["--start-maximized"]}},"logLevel":"warn","connectionRetryTimeout":120000,"connectionRetryCount":3,"logLevels":{},"enableDirectConnect":true,"strictSSL":true,"_":"65 more keys: [\"cacheDir\",\"port\",\"requestedCapabilities\",\"automationProtocol\",\"baseUrl\",\"waitforInterval\",\"waitforTimeout\",\"onReload\",\"beforeCommand\",\"afterCommand\",\"rootDir\",\"specs\",\"suites\",\"exclude\",\"groupLogsByTestSpec\",\"excludeDriverLogs\",\"bail\",\"framework\",\"reporters\",\"services\",\"maxInstances\",\"maxInstancesPerCapability\",\"injectGlobals\",\"filesToWatch\",\"execArgv\",\"runnerEnv\",\"runner\",\"shard\",\"specFileRetries\",\"specFileRetriesDelay\",\"specFileRetriesDeferred\",\"reporterSyncInterval\",\"reporterSyncTimeout\",\"cucumberFeaturesWithLineNumbers\",\"autoCompileOpts\",\"mochaOpts\",\"jasmineOpts\",\"cucumberOpts\",\"onPrepare\",\"onWorkerStart\",\"onWorkerEnd\",\"before\",\"beforeSession\",\"beforeSuite\",\"beforeHook\",\"beforeTest\",\"afterTest\",\"afterHook\",\"afterSuite\",\"afterSession\",\"after\",\"onComplete\",\"beforeAssertion\",\"afterAssertion\",\"beforeFeature\",\"beforeScenario\",\"beforeStep\",\"afterStep\",\"afterScenario\",\"afterFeature\",\"_\",\"suite\",\"$0\",\"ignoredWorkerServices\",\"wdi5\"]"}]}
COMMAND: POST /session/b171ef130127fc2a30c2632ea9d3abff/execute/async - {"script":"<script> [21126 bytes]","args":[35000]}
RESULT: {"script":"<script> [21126 bytes]","args":[35000]}
COMMAND: POST /session/b171ef130127fc2a30c2632ea9d3abff/execute/async - {"script":"<script> [1562 bytes]","args":[{"selector":{"controlType":"sap.ui.core.Icon","viewName":"etm.portal.ui.managepartners.view.Master","viewId":"application-managepartners-display-component---masterPtm","properties":{"src":{"regex":{"source":"add"}}}},"wdio_ui5_key":"etmportal.ui.managepartners.view.Mastersap.ui.core.Icon{\"src\":{\"regex\":{\"source\":\"add\"}}}"}]}
RESULT: {"script":"<script> [1562 bytes]","args":[{"selector":{"controlType":"sap.ui.core.Icon","viewName":"etm.portal.ui.managepartners.view.Master","viewId":"application-managepartners-display-component---masterPtm","properties":{"src":{"regex":{"source":"add"}}}},"wdio_ui5_key":"etmportal.ui.managepartners.view.Mastersap.ui.core.Icon{\"src\":{\"regex\":{\"source\":\"add\"}}}"}]}
RESULT: undefined
COMMAND: POST /session/b171ef130127fc2a30c2632ea9d3abff/element - {"using":"xpath","value":"//*[@id=\"__button2-img\"]"}
RESULT: {"using":"xpath","value":"//*[@id=\"__button2-img\"]"}
COMMAND: POST /session/b171ef130127fc2a30c2632ea9d3abff/element/f.727CE9CF6895B2C759CBC992552C29E0.d.929846388A03D9A6CDC94537E1B881F3.e.1168/click - {}
RESULT: {}
COMMAND: GET /session/b171ef130127fc2a30c2632ea9d3abff/screenshot - {}
RESULT: {}
COMMAND: POST /session/b171ef130127fc2a30c2632ea9d3abff/execute/async - {"script":"<script> [1562 bytes]","args":[{"selector":{"controlType":"sap.m.Title","viewName":"etm.portal.ui.managepartners.view.NewPartner","viewId":"application-managepartners-display-component---NewPartner","i18NText":{"propertyName":"text","key":"newPartner"},"interaction":{"idSuffix":"inner"}},"wdio_ui5_key":"etmportal.ui.managepartners.view.NewPartnersap.m.Title{\"propertyName\":\"text\",\"key\":\"newPartner\"}"}]}
RESULT: {"script":"<script> [1562 bytes]","args":[{"selector":{"controlType":"sap.m.Title","viewName":"etm.portal.ui.managepartners.view.NewPartner","viewId":"application-managepartners-display-component---NewPartner","i18NText":{"propertyName":"text","key":"newPartner"},"interaction":{"idSuffix":"inner"}},"wdio_ui5_key":"etmportal.ui.managepartners.view.NewPartnersap.m.Title{\"propertyName\":\"text\",\"key\":\"newPartner\"}"}]}
RESULT: undefined
COMMAND: POST /session/b171ef130127fc2a30c2632ea9d3abff/execute/async - {"script":"<script> [6424 bytes]","args":[{"element-6066-11e4-a52e-4f735466cecf":"f.727CE9CF6895B2C759CBC992552C29E0.d.929846388A03D9A6CDC94537E1B881F3.e.1607"},"getText",[]]}
RESULT: {"script":"<script> [6424 bytes]","args":[{"element-6066-11e4-a52e-4f735466cecf":"f.727CE9CF6895B2C759CBC992552C29E0.d.929846388A03D9A6CDC94537E1B881F3.e.1607"},"getText",[]]}
COMMAND: POST /session/b171ef130127fc2a30c2632ea9d3abff/execute/async - {"script":"<script> [1562 bytes]","args":[{"selector":{"id":"application-managepartners-display-component---NewPartner--partnerId","interaction":{"idSuffix":"inner"}},"wdio_ui5_key":"applicationmanagepartners-display-component---NewPartner--partnerId"}]}
RESULT: {"script":"<script> [1562 bytes]","args":[{"selector":{"id":"application-managepartners-display-component---NewPartner--partnerId","interaction":{"idSuffix":"inner"}},"wdio_ui5_key":"applicationmanagepartners-display-component---NewPartner--partnerId"}]}
RESULT: undefined
COMMAND: POST /session/b171ef130127fc2a30c2632ea9d3abff/execute/async - {"script":"<script> [1562 bytes]","args":[{"selector":{"id":"application-managepartners-display-component---NewPartner--addressDetailDetailsName1","interaction":{"idSuffix":"inner"}},"wdio_ui5_key":"applicationmanagepartners-display-component---NewPartner--addressDetailDetailsName1"}]}
RESULT: {"script":"<script> [1562 bytes]","args":[{"selector":{"id":"application-managepartners-display-component---NewPartner--addressDetailDetailsName1","interaction":{"idSuffix":"inner"}},"wdio_ui5_key":"applicationmanagepartners-display-component---NewPartner--addressDetailDetailsName1"}]}
RESULT: undefined
COMMAND: POST /session/b171ef130127fc2a30c2632ea9d3abff/execute/async - {"script":"<script> [776 bytes]","args":[{"enterText":"WebdriverWHMPartner8qeiof","selector":{"id":"application-managepartners-display-component---NewPartner--addressDetailDetailsName1","interaction":{"idSuffix":"inner"}},"clearTextFirst":true,"interactionType":"ENTER_TEXT"}]}
RESULT: {"script":"<script> [776 bytes]","args":[{"enterText":"WebdriverWHMPartner8qeiof","selector":{"id":"application-managepartners-display-component---NewPartner--addressDetailDetailsName1","interaction":{"idSuffix":"inner"}},"clearTextFirst":true,"interactionType":"ENTER_TEXT"}]}
COMMAND: POST /session/b171ef130127fc2a30c2632ea9d3abff/execute/async - {"script":"<script> [1562 bytes]","args":[{"selector":{"id":"application-managepartners-display-component---NewPartner--addressDetailDetailsLanguage","interaction":{"idSuffix":"inner"}},"wdio_ui5_key":"applicationmanagepartners-display-component---NewPartner--addressDetailDetailsLanguage"}]}
RESULT: {"script":"<script> [1562 bytes]","args":[{"selector":{"id":"application-managepartners-display-component---NewPartner--addressDetailDetailsLanguage","interaction":{"idSuffix":"inner"}},"wdio_ui5_key":"applicationmanagepartners-display-component---NewPartner--addressDetailDetailsLanguage"}]}
RESULT: undefined
COMMAND: POST /session/b171ef130127fc2a30c2632ea9d3abff/execute/async - {"script":"<script> [776 bytes]","args":[{"enterText":"Romanian","selector":{"id":"application-managepartners-display-component---NewPartner--addressDetailDetailsLanguage","interaction":{"idSuffix":"inner"}},"clearTextFirst":true,"interactionType":"ENTER_TEXT"}]}
RESULT: {"script":"<script> [776 bytes]","args":[{"enterText":"Romanian","selector":{"id":"application-managepartners-display-component---NewPartner--addressDetailDetailsLanguage","interaction":{"idSuffix":"inner"}},"clearTextFirst":true,"interactionType":"ENTER_TEXT"}]}
COMMAND: POST /session/b171ef130127fc2a30c2632ea9d3abff/execute/async - {"script":"<script> [1562 bytes]","args":[{"selector":{"controlType":"sap.m.StandardListItem","viewName":"etm.portal.ui.managepartners.view.NewPartner","viewId":"application-managepartners-display-component---NewPartner","properties":{"type":"Active"},"searchOpenDialogs":true,"interaction":{"idSuffix":"content"}},"wdio_ui5_key":"etmportal.ui.managepartners.view.NewPartnersap.m.StandardListItem{\"type\":\"Active\"}"}]}
RESULT: {"script":"<script> [1562 bytes]","args":[{"selector":{"controlType":"sap.m.StandardListItem","viewName":"etm.portal.ui.managepartners.view.NewPartner","viewId":"application-managepartners-display-component---NewPartner","properties":{"type":"Active"},"searchOpenDialogs":true,"interaction":{"idSuffix":"content"}},"wdio_ui5_key":"etmportal.ui.managepartners.view.NewPartnersap.m.StandardListItem{\"type\":\"Active\"}"}]}
RESULT: undefined
COMMAND: POST /session/b171ef130127fc2a30c2632ea9d3abff/element - {"using":"xpath","value":"//*[@id=\"__item131\"]"}
RESULT: {"using":"xpath","value":"//*[@id=\"__item131\"]"}
COMMAND: POST /session/b171ef130127fc2a30c2632ea9d3abff/element/f.727CE9CF6895B2C759CBC992552C29E0.d.929846388A03D9A6CDC94537E1B881F3.e.1611/click - {}
RESULT: {}
COMMAND: POST /session/b171ef130127fc2a30c2632ea9d3abff/execute/async - {"script":"<script> [1562 bytes]","args":[{"selector":{"id":"application-managepartners-display-component---NewPartner--addressDetailDetailsCity1","interaction":{"idSuffix":"inner"}},"wdio_ui5_key":"applicationmanagepartners-display-component---NewPartner--addressDetailDetailsCity1"}]}
COMMAND: GET /session/b171ef130127fc2a30c2632ea9d3abff/screenshot - {}
RESULT: {"script":"<script> [1562 bytes]","args":[{"selector":{"id":"application-managepartners-display-component---NewPartner--addressDetailDetailsCity1","interaction":{"idSuffix":"inner"}},"wdio_ui5_key":"applicationmanagepartners-display-component---NewPartner--addressDetailDetailsCity1"}]}
RESULT: undefined
COMMAND: POST /session/b171ef130127fc2a30c2632ea9d3abff/execute/async - {"script":"<script> [776 bytes]","args":[{"enterText":"Cluj","selector":{"id":"application-managepartners-display-component---NewPartner--addressDetailDetailsCity1","interaction":{"idSuffix":"inner"}},"clearTextFirst":true,"interactionType":"ENTER_TEXT"}]}
RESULT: {}
RESULT: {"script":"<script> [776 bytes]","args":[{"enterText":"Cluj","selector":{"id":"application-managepartners-display-component---NewPartner--addressDetailDetailsCity1","interaction":{"idSuffix":"inner"}},"clearTextFirst":true,"interactionType":"ENTER_TEXT"}]}
COMMAND: POST /session/b171ef130127fc2a30c2632ea9d3abff/execute/async - {"script":"<script> [1562 bytes]","args":[{"selector":{"id":"application-managepartners-display-component---NewPartner--addressDetailDetailsCountry","interaction":{"idSuffix":"inner"}},"wdio_ui5_key":"applicationmanagepartners-display-component---NewPartner--addressDetailDetailsCountry"}]}
RESULT: {"script":"<script> [1562 bytes]","args":[{"selector":{"id":"application-managepartners-display-component---NewPartner--addressDetailDetailsCountry","interaction":{"idSuffix":"inner"}},"wdio_ui5_key":"applicationmanagepartners-display-component---NewPartner--addressDetailDetailsCountry"}]}
RESULT: undefined
COMMAND: POST /session/b171ef130127fc2a30c2632ea9d3abff/execute/async - {"script":"<script> [6424 bytes]","args":[{"element-6066-11e4-a52e-4f735466cecf":"f.727CE9CF6895B2C759CBC992552C29E0.d.929846388A03D9A6CDC94537E1B881F3.e.1350"},"setValue",["Romania"]]}
RESULT: {"script":"<script> [6424 bytes]","args":[{"element-6066-11e4-a52e-4f735466cecf":"f.727CE9CF6895B2C759CBC992552C29E0.d.929846388A03D9A6CDC94537E1B881F3.e.1350"},"setValue",["Romania"]]}
COMMAND: POST /session/b171ef130127fc2a30c2632ea9d3abff/execute/async - {"script":"<script> [1562 bytes]","args":[{"selector":{"id":"application-managepartners-display-component---NewPartner--partnerDetailInternal","interaction":{"idSuffix":"inner"}},"wdio_ui5_key":"applicationmanagepartners-display-component---NewPartner--partnerDetailInternal"}]}
RESULT: {"script":"<script> [1562 bytes]","args":[{"selector":{"id":"application-managepartners-display-component---NewPartner--partnerDetailInternal","interaction":{"idSuffix":"inner"}},"wdio_ui5_key":"applicationmanagepartners-display-component---NewPartner--partnerDetailInternal"}]}
RESULT: undefined
COMMAND: POST /session/b171ef130127fc2a30c2632ea9d3abff/execute/async - {"script":"<script> [776 bytes]","args":[{"enterText":"External partner","selector":{"id":"application-managepartners-display-component---NewPartner--partnerDetailInternal","interaction":{"idSuffix":"inner"}},"clearTextFirst":true,"interactionType":"ENTER_TEXT"}]}
RESULT: {"script":"<script> [776 bytes]","args":[{"enterText":"External partner","selector":{"id":"application-managepartners-display-component---NewPartner--partnerDetailInternal","interaction":{"idSuffix":"inner"}},"clearTextFirst":true,"interactionType":"ENTER_TEXT"}]}
COMMAND: POST /session/b171ef130127fc2a30c2632ea9d3abff/execute/async - {"script":"<script> [1562 bytes]","args":[{"selector":{"id":"application-managepartners-display-component---NewPartner--partnerDetailsCurrency","interaction":{"idSuffix":"inner"}},"wdio_ui5_key":"applicationmanagepartners-display-component---NewPartner--partnerDetailsCurrency"}]}
RESULT: {"script":"<script> [1562 bytes]","args":[{"selector":{"id":"application-managepartners-display-component---NewPartner--partnerDetailsCurrency","interaction":{"idSuffix":"inner"}},"wdio_ui5_key":"applicationmanagepartners-display-component---NewPartner--partnerDetailsCurrency"}]}
RESULT: undefined
COMMAND: POST /session/b171ef130127fc2a30c2632ea9d3abff/execute/async - {"script":"<script> [776 bytes]","args":[{"enterText":"Euro","selector":{"id":"application-managepartners-display-component---NewPartner--partnerDetailsCurrency","interaction":{"idSuffix":"inner"}},"clearTextFirst":true,"interactionType":"ENTER_TEXT"}]}
RESULT: {"script":"<script> [776 bytes]","args":[{"enterText":"Euro","selector":{"id":"application-managepartners-display-component---NewPartner--partnerDetailsCurrency","interaction":{"idSuffix":"inner"}},"clearTextFirst":true,"interactionType":"ENTER_TEXT"}]}
COMMAND: POST /session/b171ef130127fc2a30c2632ea9d3abff/execute/async - {"script":"<script> [1562 bytes]","args":[{"selector":{"controlType":"sap.m.Button","viewName":"etm.portal.ui.managepartners.view.NewPartner","viewId":"application-managepartners-display-component---NewPartner","properties":{"text":"Commercial"},"interaction":{"idSuffix":"BDI-content"}},"wdio_ui5_key":"etmportal.ui.managepartners.view.NewPartnersap.m.Button{\"text\":\"Commercial\"}"}]}
RESULT: {"script":"<script> [1562 bytes]","args":[{"selector":{"controlType":"sap.m.Button","viewName":"etm.portal.ui.managepartners.view.NewPartner","viewId":"application-managepartners-display-component---NewPartner","properties":{"text":"Commercial"},"interaction":{"idSuffix":"BDI-content"}},"wdio_ui5_key":"etmportal.ui.managepartners.view.NewPartnersap.m.Button{\"text\":\"Commercial\"}"}]}
RESULT: undefined
COMMAND: POST /session/b171ef130127fc2a30c2632ea9d3abff/element - {"using":"xpath","value":"//*[@id=\"application-managepartners-display-component---NewPartner--ObjectPageLayout-anchBar-__section5-anchor\"]"}
RESULT: {"using":"xpath","value":"//*[@id=\"application-managepartners-display-component---NewPartner--ObjectPageLayout-anchBar-__section5-anchor\"]"}
COMMAND: POST /session/b171ef130127fc2a30c2632ea9d3abff/element/f.727CE9CF6895B2C759CBC992552C29E0.d.929846388A03D9A6CDC94537E1B881F3.e.1617/click - {}
RESULT: {}
COMMAND: GET /session/b171ef130127fc2a30c2632ea9d3abff/screenshot - {}
RESULT: {}
COMMAND: POST /session/b171ef130127fc2a30c2632ea9d3abff/execute/async - {"script":"<script> [1562 bytes]","args":[{"selector":{"id":"application-managepartners-display-component---NewPartner--btnAddTableRow-img"},"wdio_ui5_key":"applicationmanagepartners-display-component---NewPartner--btnAddTableRow-img"}]}
RESULT: {"script":"<script> [1562 bytes]","args":[{"selector":{"id":"application-managepartners-display-component---NewPartner--btnAddTableRow-img"},"wdio_ui5_key":"applicationmanagepartners-display-component---NewPartner--btnAddTableRow-img"}]}
RESULT: undefined
COMMAND: POST /session/b171ef130127fc2a30c2632ea9d3abff/element - {"using":"xpath","value":"//*[@id=\"application-managepartners-display-component---NewPartner--btnAddTableRow-img\"]"}
RESULT: {"using":"xpath","value":"//*[@id=\"application-managepartners-display-component---NewPartner--btnAddTableRow-img\"]"}
COMMAND: POST /session/b171ef130127fc2a30c2632ea9d3abff/element/f.727CE9CF6895B2C759CBC992552C29E0.d.929846388A03D9A6CDC94537E1B881F3.e.1622/click - {}
RESULT: {}
COMMAND: POST /session/b171ef130127fc2a30c2632ea9d3abff/element - {"using":"xpath","value":"//input[contains(@id ,\"application-managepartners-display-component---NewPartner--assignmentYard-application-managepartners-display-component---NewPartner\")]"}
COMMAND: GET /session/b171ef130127fc2a30c2632ea9d3abff/screenshot - {}
RESULT: {"using":"xpath","value":"//input[contains(@id ,\"application-managepartners-display-component---NewPartner--assignmentYard-application-managepartners-display-component---NewPartner\")]"}
COMMAND: POST /session/b171ef130127fc2a30c2632ea9d3abff/elements - {"using":"xpath","value":"//input[contains(@id ,\"application-managepartners-display-component---NewPartner--assignmentYard-application-managepartners-display-component---NewPartner\")]"}
RESULT: {}
RESULT: {"using":"xpath","value":"//input[contains(@id ,\"application-managepartners-display-component---NewPartner--assignmentYard-application-managepartners-display-component---NewPartner\")]"}
COMMAND: POST /session/b171ef130127fc2a30c2632ea9d3abff/element/f.727CE9CF6895B2C759CBC992552C29E0.d.929846388A03D9A6CDC94537E1B881F3.e.1626/value - {"text":"634"}
RESULT: {"text":"634"}
COMMAND: GET /session/b171ef130127fc2a30c2632ea9d3abff/screenshot - {}
RESULT: {}
COMMAND: POST /session/b171ef130127fc2a30c2632ea9d3abff/actions - {"actions":[{"id":"action5","type":"key","parameters":{},"actions":[{"type":"keyDown","value":"î€‡"},{"type":"pause","duration":10},{"type":"keyUp","value":"î€‡"}]}]}
RESULT: {"actions":[{"id":"action5","type":"key","parameters":{},"actions":[{"type":"keyDown","value":"î€‡"},{"type":"pause","duration":10},{"type":"keyUp","value":"î€‡"}]}]}
COMMAND: POST /session/b171ef130127fc2a30c2632ea9d3abff/execute/async - {"script":"<script> [1562 bytes]","args":[{"selector":{"controlType":"sap.m.Button","viewName":"etm.portal.ui.managepartners.view.NewPartner","viewId":"application-managepartners-display-component---NewPartner","i18NText":{"propertyName":"text","key":"save"},"interaction":{"idSuffix":"BDI-content"}},"wdio_ui5_key":"etmportal.ui.managepartners.view.NewPartnersap.m.Button{\"propertyName\":\"text\",\"key\":\"save\"}"}]}
COMMAND: GET /session/b171ef130127fc2a30c2632ea9d3abff/screenshot - {}
RESULT: {"script":"<script> [1562 bytes]","args":[{"selector":{"controlType":"sap.m.Button","viewName":"etm.portal.ui.managepartners.view.NewPartner","viewId":"application-managepartners-display-component---NewPartner","i18NText":{"propertyName":"text","key":"save"},"interaction":{"idSuffix":"BDI-content"}},"wdio_ui5_key":"etmportal.ui.managepartners.view.NewPartnersap.m.Button{\"propertyName\":\"text\",\"key\":\"save\"}"}]}
RESULT: undefined
COMMAND: POST /session/b171ef130127fc2a30c2632ea9d3abff/element - {"using":"xpath","value":"//*[@id=\"__button10\"]"}
RESULT: {}
RESULT: {"using":"xpath","value":"//*[@id=\"__button10\"]"}
COMMAND: POST /session/b171ef130127fc2a30c2632ea9d3abff/element/f.727CE9CF6895B2C759CBC992552C29E0.d.929846388A03D9A6CDC94537E1B881F3.e.1574/click - {}
RESULT: {}
COMMAND: GET /session/b171ef130127fc2a30c2632ea9d3abff/screenshot - {}
RESULT: {}
COMMAND: POST /session/b171ef130127fc2a30c2632ea9d3abff/element - {"using":"xpath","value":"//header/div/div[2]/div[2]/span"}
RESULT: {"using":"xpath","value":"//header/div/div[2]/div[2]/span"}
COMMAND: POST /session/b171ef130127fc2a30c2632ea9d3abff/elements - {"using":"xpath","value":"//header/div/div[2]/div[2]/span"}
RESULT: {"using":"xpath","value":"//header/div/div[2]/div[2]/span"}
COMMAND: POST /session/b171ef130127fc2a30c2632ea9d3abff/execute/sync - {"script":"<script> [8489 bytes]","args":[{"element-6066-11e4-a52e-4f735466cecf":"f.727CE9CF6895B2C759CBC992552C29E0.d.929846388A03D9A6CDC94537E1B881F3.e.1797","ELEMENT":"f.727CE9CF6895B2C759CBC992552C29E0.d.929846388A03D9A6CDC94537E1B881F3.e.1797"}]}
RESULT: {"script":"<script> [8489 bytes]","args":[{"element-6066-11e4-a52e-4f735466cecf":"f.727CE9CF6895B2C759CBC992552C29E0.d.929846388A03D9A6CDC94537E1B881F3.e.1797","ELEMENT":"f.727CE9CF6895B2C759CBC992552C29E0.d.929846388A03D9A6CDC94537E1B881F3.e.1797"}]}
COMMAND: GET /session/b171ef130127fc2a30c2632ea9d3abff/element/f.727CE9CF6895B2C759CBC992552C29E0.d.929846388A03D9A6CDC94537E1B881F3.e.1797/text - {}
COMMAND: GET /session/b171ef130127fc2a30c2632ea9d3abff/screenshot - {}
RESULT: {}
COMMAND: POST /session/b171ef130127fc2a30c2632ea9d3abff/element - {"using":"xpath","value":"//header/div/div/div/div/div/div[2]/div/span"}
RESULT: {}
RESULT: {"using":"xpath","value":"//header/div/div/div/div/div/div[2]/div/span"}
COMMAND: POST /session/b171ef130127fc2a30c2632ea9d3abff/elements - {"using":"xpath","value":"//header/div/div/div/div/div/div[2]/div/span"}
RESULT: {"using":"xpath","value":"//header/div/div/div/div/div/div[2]/div/span"}
COMMAND: POST /session/b171ef130127fc2a30c2632ea9d3abff/execute/sync - {"script":"<script> [8489 bytes]","args":[{"element-6066-11e4-a52e-4f735466cecf":"f.727CE9CF6895B2C759CBC992552C29E0.d.929846388A03D9A6CDC94537E1B881F3.e.1798","ELEMENT":"f.727CE9CF6895B2C759CBC992552C29E0.d.929846388A03D9A6CDC94537E1B881F3.e.1798"}]}
RESULT: {"script":"<script> [8489 bytes]","args":[{"element-6066-11e4-a52e-4f735466cecf":"f.727CE9CF6895B2C759CBC992552C29E0.d.929846388A03D9A6CDC94537E1B881F3.e.1798","ELEMENT":"f.727CE9CF6895B2C759CBC992552C29E0.d.929846388A03D9A6CDC94537E1B881F3.e.1798"}]}
COMMAND: GET /session/b171ef130127fc2a30c2632ea9d3abff/element/f.727CE9CF6895B2C759CBC992552C29E0.d.929846388A03D9A6CDC94537E1B881F3.e.1798/text - {}
COMMAND: GET /session/b171ef130127fc2a30c2632ea9d3abff/screenshot - {}
RESULT: {}
]]></system-out>
    </testcase>
    <testcase classname="chrome.135_0_7049_115.windows.Stock_increase_-_with_WHM_US125587" name="Should create WHM site" time="84.998">
      <system-out><![CDATA[
COMMAND: POST /session/b171ef130127fc2a30c2632ea9d3abff/element - {"using":"css selector","value":"#shell-header-logo"}
RESULT: {}
RESULT: {"using":"css selector","value":"#shell-header-logo"}
COMMAND: POST /session/b171ef130127fc2a30c2632ea9d3abff/element/f.727CE9CF6895B2C759CBC992552C29E0.d.929846388A03D9A6CDC94537E1B881F3.e.1121/click - {}
RESULT: {}
COMMAND: GET /session/b171ef130127fc2a30c2632ea9d3abff/screenshot - {}
RESULT: {}
COMMAND: POST /session/b171ef130127fc2a30c2632ea9d3abff/execute/async - {"script":"<script> [1562 bytes]","args":[{"selector":{"controlType":"sap.m.GenericTile","properties":{"header":"Manage Sites"}},"wdio_ui5_key":"sapm.GenericTile{\"header\":\"Manage Sites\"}"}]}
RESULT: {"script":"<script> [1562 bytes]","args":[{"selector":{"controlType":"sap.m.GenericTile","properties":{"header":"Manage Sites"}},"wdio_ui5_key":"sapm.GenericTile{\"header\":\"Manage Sites\"}"}]}
RESULT: undefined
COMMAND: POST /session/b171ef130127fc2a30c2632ea9d3abff/element - {"using":"xpath","value":"//*[@id=\"__tile51\"]"}
RESULT: {"using":"xpath","value":"//*[@id=\"__tile51\"]"}
COMMAND: POST /session/b171ef130127fc2a30c2632ea9d3abff/element/f.727CE9CF6895B2C759CBC992552C29E0.d.929846388A03D9A6CDC94537E1B881F3.e.1817/click - {}
RESULT: {}
COMMAND: GET /session/b171ef130127fc2a30c2632ea9d3abff/screenshot - {}
RESULT: {}
COMMAND: POST /session/b171ef130127fc2a30c2632ea9d3abff/execute/async - {"script":"<script> [1562 bytes]","args":[{"selector":{"controlType":"sap.ui.core.Icon","viewName":"etm.portal.ui.managesites.view.Master","viewId":"application-managesites-display-component---masterSite","properties":{"src":{"regex":{"source":"add"}}}},"wdio_ui5_key":"etmportal.ui.managesites.view.Mastersap.ui.core.Icon{\"src\":{\"regex\":{\"source\":\"add\"}}}"}]}
RESULT: {"script":"<script> [1562 bytes]","args":[{"selector":{"controlType":"sap.ui.core.Icon","viewName":"etm.portal.ui.managesites.view.Master","viewId":"application-managesites-display-component---masterSite","properties":{"src":{"regex":{"source":"add"}}}},"wdio_ui5_key":"etmportal.ui.managesites.view.Mastersap.ui.core.Icon{\"src\":{\"regex\":{\"source\":\"add\"}}}"}]}
RESULT: undefined
COMMAND: POST /session/b171ef130127fc2a30c2632ea9d3abff/element - {"using":"xpath","value":"//*[@id=\"__button52-img\"]"}
RESULT: {"using":"xpath","value":"//*[@id=\"__button52-img\"]"}
COMMAND: POST /session/b171ef130127fc2a30c2632ea9d3abff/element/f.727CE9CF6895B2C759CBC992552C29E0.d.929846388A03D9A6CDC94537E1B881F3.e.1866/click - {}
RESULT: {}
COMMAND: GET /session/b171ef130127fc2a30c2632ea9d3abff/screenshot - {}
RESULT: {}
COMMAND: POST /session/b171ef130127fc2a30c2632ea9d3abff/execute/async - {"script":"<script> [1562 bytes]","args":[{"selector":{"id":"application-managesites-display-component---NewSite--siteId","interaction":{"idSuffix":"inner"}},"wdio_ui5_key":"applicationmanagesites-display-component---NewSite--siteId"}]}
RESULT: {"script":"<script> [1562 bytes]","args":[{"selector":{"id":"application-managesites-display-component---NewSite--siteId","interaction":{"idSuffix":"inner"}},"wdio_ui5_key":"applicationmanagesites-display-component---NewSite--siteId"}]}
RESULT: undefined
COMMAND: POST /session/b171ef130127fc2a30c2632ea9d3abff/execute/async - {"script":"<script> [1562 bytes]","args":[{"selector":{"controlType":"sap.m.Button","viewName":"etm.portal.ui.managesites.view.NewSmartSite","viewId":"application-managesites-display-component---NewSite","properties":{"text":"General Information"},"interaction":{"idSuffix":"BDI-content"}},"wdio_ui5_key":"etmportal.ui.managesites.view.NewSmartSitesap.m.Button{\"text\":\"General Information\"}"}]}
RESULT: {"script":"<script> [1562 bytes]","args":[{"selector":{"controlType":"sap.m.Button","viewName":"etm.portal.ui.managesites.view.NewSmartSite","viewId":"application-managesites-display-component---NewSite","properties":{"text":"General Information"},"interaction":{"idSuffix":"BDI-content"}},"wdio_ui5_key":"etmportal.ui.managesites.view.NewSmartSitesap.m.Button{\"text\":\"General Information\"}"}]}
RESULT: undefined
COMMAND: POST /session/b171ef130127fc2a30c2632ea9d3abff/element - {"using":"xpath","value":"//*[@id=\"application-managesites-display-component---NewSite--ObjectPageLayout-anchBar-__section29-anchor\"]"}
RESULT: {"using":"xpath","value":"//*[@id=\"application-managesites-display-component---NewSite--ObjectPageLayout-anchBar-__section29-anchor\"]"}
COMMAND: POST /session/b171ef130127fc2a30c2632ea9d3abff/element/f.727CE9CF6895B2C759CBC992552C29E0.d.929846388A03D9A6CDC94537E1B881F3.e.2274/click - {}
RESULT: {}
COMMAND: POST /session/b171ef130127fc2a30c2632ea9d3abff/execute/async - {"script":"<script> [1562 bytes]","args":[{"selector":{"id":"application-managesites-display-component---NewSite--addressDetailDetailsName1","interaction":{"idSuffix":"inner"}},"wdio_ui5_key":"applicationmanagesites-display-component---NewSite--addressDetailDetailsName1"}]}
COMMAND: GET /session/b171ef130127fc2a30c2632ea9d3abff/screenshot - {}
RESULT: {"script":"<script> [1562 bytes]","args":[{"selector":{"id":"application-managesites-display-component---NewSite--addressDetailDetailsName1","interaction":{"idSuffix":"inner"}},"wdio_ui5_key":"applicationmanagesites-display-component---NewSite--addressDetailDetailsName1"}]}
RESULT: undefined
COMMAND: POST /session/b171ef130127fc2a30c2632ea9d3abff/execute/async - {"script":"<script> [776 bytes]","args":[{"enterText":"WebdriverWHMSite8qeiof","selector":{"id":"application-managesites-display-component---NewSite--addressDetailDetailsName1","interaction":{"idSuffix":"inner"}},"clearTextFirst":true,"interactionType":"ENTER_TEXT"}]}
RESULT: {}
RESULT: {"script":"<script> [776 bytes]","args":[{"enterText":"WebdriverWHMSite8qeiof","selector":{"id":"application-managesites-display-component---NewSite--addressDetailDetailsName1","interaction":{"idSuffix":"inner"}},"clearTextFirst":true,"interactionType":"ENTER_TEXT"}]}
COMMAND: POST /session/b171ef130127fc2a30c2632ea9d3abff/execute/async - {"script":"<script> [1562 bytes]","args":[{"selector":{"id":"application-managesites-display-component---NewSite--addressDetailDetailsLanguage","interaction":{"idSuffix":"inner"}},"wdio_ui5_key":"applicationmanagesites-display-component---NewSite--addressDetailDetailsLanguage"}]}
RESULT: {"script":"<script> [1562 bytes]","args":[{"selector":{"id":"application-managesites-display-component---NewSite--addressDetailDetailsLanguage","interaction":{"idSuffix":"inner"}},"wdio_ui5_key":"applicationmanagesites-display-component---NewSite--addressDetailDetailsLanguage"}]}
RESULT: undefined
COMMAND: POST /session/b171ef130127fc2a30c2632ea9d3abff/execute/async - {"script":"<script> [776 bytes]","args":[{"enterText":"Romanian","selector":{"id":"application-managesites-display-component---NewSite--addressDetailDetailsLanguage","interaction":{"idSuffix":"inner"}},"clearTextFirst":true,"interactionType":"ENTER_TEXT"}]}
RESULT: {"script":"<script> [776 bytes]","args":[{"enterText":"Romanian","selector":{"id":"application-managesites-display-component---NewSite--addressDetailDetailsLanguage","interaction":{"idSuffix":"inner"}},"clearTextFirst":true,"interactionType":"ENTER_TEXT"}]}
COMMAND: POST /session/b171ef130127fc2a30c2632ea9d3abff/actions - {"actions":[{"id":"action6","type":"key","parameters":{},"actions":[{"type":"keyDown","value":"î€‡"},{"type":"pause","duration":10},{"type":"keyUp","value":"î€‡"}]}]}
RESULT: {"actions":[{"id":"action6","type":"key","parameters":{},"actions":[{"type":"keyDown","value":"î€‡"},{"type":"pause","duration":10},{"type":"keyUp","value":"î€‡"}]}]}
COMMAND: POST /session/b171ef130127fc2a30c2632ea9d3abff/execute/async - {"script":"<script> [1562 bytes]","args":[{"selector":{"id":"application-managesites-display-component---NewSite--addressDetailDetailsCity1","interaction":{"idSuffix":"inner"}},"wdio_ui5_key":"applicationmanagesites-display-component---NewSite--addressDetailDetailsCity1"}]}
COMMAND: GET /session/b171ef130127fc2a30c2632ea9d3abff/screenshot - {}
RESULT: {"script":"<script> [1562 bytes]","args":[{"selector":{"id":"application-managesites-display-component---NewSite--addressDetailDetailsCity1","interaction":{"idSuffix":"inner"}},"wdio_ui5_key":"applicationmanagesites-display-component---NewSite--addressDetailDetailsCity1"}]}
RESULT: undefined
COMMAND: POST /session/b171ef130127fc2a30c2632ea9d3abff/execute/async - {"script":"<script> [776 bytes]","args":[{"enterText":"Bucharest","selector":{"id":"application-managesites-display-component---NewSite--addressDetailDetailsCity1","interaction":{"idSuffix":"inner"}},"clearTextFirst":true,"interactionType":"ENTER_TEXT"}]}
RESULT: {}
RESULT: {"script":"<script> [776 bytes]","args":[{"enterText":"Bucharest","selector":{"id":"application-managesites-display-component---NewSite--addressDetailDetailsCity1","interaction":{"idSuffix":"inner"}},"clearTextFirst":true,"interactionType":"ENTER_TEXT"}]}
COMMAND: POST /session/b171ef130127fc2a30c2632ea9d3abff/actions - {"actions":[{"id":"action7","type":"key","parameters":{},"actions":[{"type":"keyDown","value":"î€‡"},{"type":"pause","duration":10},{"type":"keyUp","value":"î€‡"}]}]}
RESULT: {"actions":[{"id":"action7","type":"key","parameters":{},"actions":[{"type":"keyDown","value":"î€‡"},{"type":"pause","duration":10},{"type":"keyUp","value":"î€‡"}]}]}
COMMAND: POST /session/b171ef130127fc2a30c2632ea9d3abff/execute/async - {"script":"<script> [1562 bytes]","args":[{"selector":{"id":"application-managesites-display-component---NewSite--addressDetailDetailsCountry","interaction":{"idSuffix":"inner"}},"wdio_ui5_key":"applicationmanagesites-display-component---NewSite--addressDetailDetailsCountry"}]}
COMMAND: GET /session/b171ef130127fc2a30c2632ea9d3abff/screenshot - {}
RESULT: {"script":"<script> [1562 bytes]","args":[{"selector":{"id":"application-managesites-display-component---NewSite--addressDetailDetailsCountry","interaction":{"idSuffix":"inner"}},"wdio_ui5_key":"applicationmanagesites-display-component---NewSite--addressDetailDetailsCountry"}]}
RESULT: undefined
COMMAND: POST /session/b171ef130127fc2a30c2632ea9d3abff/execute/async - {"script":"<script> [6424 bytes]","args":[{"element-6066-11e4-a52e-4f735466cecf":"f.727CE9CF6895B2C759CBC992552C29E0.d.929846388A03D9A6CDC94537E1B881F3.e.2056"},"setValue",["Romania"]]}
RESULT: {}
RESULT: {"script":"<script> [6424 bytes]","args":[{"element-6066-11e4-a52e-4f735466cecf":"f.727CE9CF6895B2C759CBC992552C29E0.d.929846388A03D9A6CDC94537E1B881F3.e.2056"},"setValue",["Romania"]]}
COMMAND: POST /session/b171ef130127fc2a30c2632ea9d3abff/actions - {"actions":[{"id":"action8","type":"key","parameters":{},"actions":[{"type":"keyDown","value":"î€‡"},{"type":"pause","duration":10},{"type":"keyUp","value":"î€‡"}]}]}
RESULT: {"actions":[{"id":"action8","type":"key","parameters":{},"actions":[{"type":"keyDown","value":"î€‡"},{"type":"pause","duration":10},{"type":"keyUp","value":"î€‡"}]}]}
COMMAND: POST /session/b171ef130127fc2a30c2632ea9d3abff/execute/async - {"script":"<script> [1562 bytes]","args":[{"selector":{"id":"application-managesites-display-component---NewSite--addressDetailDetailsCalendar","interaction":{"idSuffix":"inner"}},"wdio_ui5_key":"applicationmanagesites-display-component---NewSite--addressDetailDetailsCalendar"}]}
COMMAND: GET /session/b171ef130127fc2a30c2632ea9d3abff/screenshot - {}
RESULT: {"script":"<script> [1562 bytes]","args":[{"selector":{"id":"application-managesites-display-component---NewSite--addressDetailDetailsCalendar","interaction":{"idSuffix":"inner"}},"wdio_ui5_key":"applicationmanagesites-display-component---NewSite--addressDetailDetailsCalendar"}]}
RESULT: undefined
COMMAND: POST /session/b171ef130127fc2a30c2632ea9d3abff/execute/async - {"script":"<script> [776 bytes]","args":[{"enterText":"Germany","selector":{"id":"application-managesites-display-component---NewSite--addressDetailDetailsCalendar","interaction":{"idSuffix":"inner"}},"clearTextFirst":true,"interactionType":"ENTER_TEXT"}]}
RESULT: {}
RESULT: {"script":"<script> [776 bytes]","args":[{"enterText":"Germany","selector":{"id":"application-managesites-display-component---NewSite--addressDetailDetailsCalendar","interaction":{"idSuffix":"inner"}},"clearTextFirst":true,"interactionType":"ENTER_TEXT"}]}
COMMAND: POST /session/b171ef130127fc2a30c2632ea9d3abff/actions - {"actions":[{"id":"action9","type":"key","parameters":{},"actions":[{"type":"keyDown","value":"î€‡"},{"type":"pause","duration":10},{"type":"keyUp","value":"î€‡"}]}]}
RESULT: {"actions":[{"id":"action9","type":"key","parameters":{},"actions":[{"type":"keyDown","value":"î€‡"},{"type":"pause","duration":10},{"type":"keyUp","value":"î€‡"}]}]}
COMMAND: POST /session/b171ef130127fc2a30c2632ea9d3abff/execute/async - {"script":"<script> [1562 bytes]","args":[{"selector":{"id":"application-managesites-display-component---NewSite--addressEditDetailsCostObjectCstType","interaction":{"idSuffix":"inner"}},"wdio_ui5_key":"applicationmanagesites-display-component---NewSite--addressEditDetailsCostObjectCstType"}]}
COMMAND: GET /session/b171ef130127fc2a30c2632ea9d3abff/screenshot - {}
RESULT: {"script":"<script> [1562 bytes]","args":[{"selector":{"id":"application-managesites-display-component---NewSite--addressEditDetailsCostObjectCstType","interaction":{"idSuffix":"inner"}},"wdio_ui5_key":"applicationmanagesites-display-component---NewSite--addressEditDetailsCostObjectCstType"}]}
RESULT: undefined
COMMAND: POST /session/b171ef130127fc2a30c2632ea9d3abff/execute/async - {"script":"<script> [776 bytes]","args":[{"enterText":"Cost","selector":{"id":"application-managesites-display-component---NewSite--addressEditDetailsCostObjectCstType","interaction":{"idSuffix":"inner"}},"clearTextFirst":true,"interactionType":"ENTER_TEXT"}]}
RESULT: {}
RESULT: {"script":"<script> [776 bytes]","args":[{"enterText":"Cost","selector":{"id":"application-managesites-display-component---NewSite--addressEditDetailsCostObjectCstType","interaction":{"idSuffix":"inner"}},"clearTextFirst":true,"interactionType":"ENTER_TEXT"}]}
COMMAND: POST /session/b171ef130127fc2a30c2632ea9d3abff/actions - {"actions":[{"id":"action10","type":"key","parameters":{},"actions":[{"type":"keyDown","value":"î€‡"},{"type":"pause","duration":10},{"type":"keyUp","value":"î€‡"}]}]}
RESULT: {"actions":[{"id":"action10","type":"key","parameters":{},"actions":[{"type":"keyDown","value":"î€‡"},{"type":"pause","duration":10},{"type":"keyUp","value":"î€‡"}]}]}
COMMAND: POST /session/b171ef130127fc2a30c2632ea9d3abff/execute/async - {"script":"<script> [1562 bytes]","args":[{"selector":{"id":"application-managesites-display-component---NewSite--addressNewCostObjectCstID","interaction":{"idSuffix":"inner"}},"wdio_ui5_key":"applicationmanagesites-display-component---NewSite--addressNewCostObjectCstID"}]}
COMMAND: GET /session/b171ef130127fc2a30c2632ea9d3abff/screenshot - {}
RESULT: {"script":"<script> [1562 bytes]","args":[{"selector":{"id":"application-managesites-display-component---NewSite--addressNewCostObjectCstID","interaction":{"idSuffix":"inner"}},"wdio_ui5_key":"applicationmanagesites-display-component---NewSite--addressNewCostObjectCstID"}]}
RESULT: undefined
COMMAND: POST /session/b171ef130127fc2a30c2632ea9d3abff/execute/async - {"script":"<script> [776 bytes]","args":[{"enterText":"1001","selector":{"id":"application-managesites-display-component---NewSite--addressNewCostObjectCstID","interaction":{"idSuffix":"inner"}},"clearTextFirst":true,"interactionType":"ENTER_TEXT"}]}
RESULT: {}
RESULT: {"script":"<script> [776 bytes]","args":[{"enterText":"1001","selector":{"id":"application-managesites-display-component---NewSite--addressNewCostObjectCstID","interaction":{"idSuffix":"inner"}},"clearTextFirst":true,"interactionType":"ENTER_TEXT"}]}
COMMAND: POST /session/b171ef130127fc2a30c2632ea9d3abff/actions - {"actions":[{"id":"action11","type":"key","parameters":{},"actions":[{"type":"keyDown","value":"î€‡"},{"type":"pause","duration":10},{"type":"keyUp","value":"î€‡"}]}]}
RESULT: {"actions":[{"id":"action11","type":"key","parameters":{},"actions":[{"type":"keyDown","value":"î€‡"},{"type":"pause","duration":10},{"type":"keyUp","value":"î€‡"}]}]}
COMMAND: POST /session/b171ef130127fc2a30c2632ea9d3abff/element - {"using":"xpath","value":"//input[@id=\"application-managesites-display-component---NewSite--addressDetailDetailsYard-inner\"]"}
COMMAND: GET /session/b171ef130127fc2a30c2632ea9d3abff/screenshot - {}
RESULT: {"using":"xpath","value":"//input[@id=\"application-managesites-display-component---NewSite--addressDetailDetailsYard-inner\"]"}
COMMAND: POST /session/b171ef130127fc2a30c2632ea9d3abff/element/f.727CE9CF6895B2C759CBC992552C29E0.d.929846388A03D9A6CDC94537E1B881F3.e.2067/value - {"text":"634"}
RESULT: {}
RESULT: {"text":"634"}
COMMAND: GET /session/b171ef130127fc2a30c2632ea9d3abff/screenshot - {}
RESULT: {}
COMMAND: POST /session/b171ef130127fc2a30c2632ea9d3abff/actions - {"actions":[{"id":"action12","type":"key","parameters":{},"actions":[{"type":"keyDown","value":"î€‡"},{"type":"pause","duration":10},{"type":"keyUp","value":"î€‡"}]}]}
RESULT: {"actions":[{"id":"action12","type":"key","parameters":{},"actions":[{"type":"keyDown","value":"î€‡"},{"type":"pause","duration":10},{"type":"keyUp","value":"î€‡"}]}]}
COMMAND: GET /session/b171ef130127fc2a30c2632ea9d3abff/screenshot - {}
RESULT: {}
COMMAND: POST /session/b171ef130127fc2a30c2632ea9d3abff/element - {"using":"xpath","value":"//input[@id=\"application-managesites-display-component---NewSite--addressDetailDetailsPartner-inner\"]"}
RESULT: {"using":"xpath","value":"//input[@id=\"application-managesites-display-component---NewSite--addressDetailDetailsPartner-inner\"]"}
COMMAND: POST /session/b171ef130127fc2a30c2632ea9d3abff/elements - {"using":"xpath","value":"//input[@id=\"application-managesites-display-component---NewSite--addressDetailDetailsPartner-inner\"]"}
RESULT: {"using":"xpath","value":"//input[@id=\"application-managesites-display-component---NewSite--addressDetailDetailsPartner-inner\"]"}
COMMAND: POST /session/b171ef130127fc2a30c2632ea9d3abff/execute/async - {"script":"<script> [1562 bytes]","args":[{"selector":{"controlType":"sap.m.Button","viewName":"etm.portal.ui.managesites.view.NewSmartSite","viewId":"application-managesites-display-component---NewSite","properties":{"text":"Commercial"},"interaction":{"idSuffix":"BDI-content"}},"wdio_ui5_key":"etmportal.ui.managesites.view.NewSmartSitesap.m.Button{\"text\":\"Commercial\"}"}]}
RESULT: {"script":"<script> [1562 bytes]","args":[{"selector":{"controlType":"sap.m.Button","viewName":"etm.portal.ui.managesites.view.NewSmartSite","viewId":"application-managesites-display-component---NewSite","properties":{"text":"Commercial"},"interaction":{"idSuffix":"BDI-content"}},"wdio_ui5_key":"etmportal.ui.managesites.view.NewSmartSitesap.m.Button{\"text\":\"Commercial\"}"}]}
RESULT: undefined
COMMAND: POST /session/b171ef130127fc2a30c2632ea9d3abff/element - {"using":"xpath","value":"//*[@id=\"application-managesites-display-component---NewSite--ObjectPageLayout-anchBar-__section31-anchor\"]"}
RESULT: {"using":"xpath","value":"//*[@id=\"application-managesites-display-component---NewSite--ObjectPageLayout-anchBar-__section31-anchor\"]"}
COMMAND: POST /session/b171ef130127fc2a30c2632ea9d3abff/element/f.727CE9CF6895B2C759CBC992552C29E0.d.929846388A03D9A6CDC94537E1B881F3.e.2286/click - {}
RESULT: {}
COMMAND: POST /session/b171ef130127fc2a30c2632ea9d3abff/execute/async - {"script":"<script> [1562 bytes]","args":[{"selector":{"id":"application-managesites-display-component---NewSite--siteWhmCheckBox-label","interaction":{"idSuffix":"bdi"}},"wdio_ui5_key":"applicationmanagesites-display-component---NewSite--siteWhmCheckBox-label"}]}
COMMAND: GET /session/b171ef130127fc2a30c2632ea9d3abff/screenshot - {}
RESULT: {"script":"<script> [1562 bytes]","args":[{"selector":{"id":"application-managesites-display-component---NewSite--siteWhmCheckBox-label","interaction":{"idSuffix":"bdi"}},"wdio_ui5_key":"applicationmanagesites-display-component---NewSite--siteWhmCheckBox-label"}]}
RESULT: undefined
COMMAND: POST /session/b171ef130127fc2a30c2632ea9d3abff/element - {"using":"xpath","value":"//*[@id=\"application-managesites-display-component---NewSite--siteWhmCheckBox-label\"]"}
RESULT: {}
RESULT: {"using":"xpath","value":"//*[@id=\"application-managesites-display-component---NewSite--siteWhmCheckBox-label\"]"}
COMMAND: POST /session/b171ef130127fc2a30c2632ea9d3abff/element/f.727CE9CF6895B2C759CBC992552C29E0.d.929846388A03D9A6CDC94537E1B881F3.e.2296/click - {}
RESULT: {}
COMMAND: POST /session/b171ef130127fc2a30c2632ea9d3abff/execute/async - {"script":"<script> [1562 bytes]","args":[{"selector":{"controlType":"sap.m.Button","viewName":"etm.portal.ui.managesites.view.NewSmartSite","viewId":"application-managesites-display-component---NewSite","i18NText":{"propertyName":"text","key":"save"},"interaction":{"idSuffix":"BDI-content"}},"wdio_ui5_key":"etmportal.ui.managesites.view.NewSmartSitesap.m.Button{\"propertyName\":\"text\",\"key\":\"save\"}"}]}
COMMAND: GET /session/b171ef130127fc2a30c2632ea9d3abff/screenshot - {}
RESULT: {"script":"<script> [1562 bytes]","args":[{"selector":{"controlType":"sap.m.Button","viewName":"etm.portal.ui.managesites.view.NewSmartSite","viewId":"application-managesites-display-component---NewSite","i18NText":{"propertyName":"text","key":"save"},"interaction":{"idSuffix":"BDI-content"}},"wdio_ui5_key":"etmportal.ui.managesites.view.NewSmartSitesap.m.Button{\"propertyName\":\"text\",\"key\":\"save\"}"}]}
RESULT: undefined
COMMAND: POST /session/b171ef130127fc2a30c2632ea9d3abff/element - {"using":"xpath","value":"//*[@id=\"__button64\"]"}
RESULT: {}
RESULT: {"using":"xpath","value":"//*[@id=\"__button64\"]"}
COMMAND: POST /session/b171ef130127fc2a30c2632ea9d3abff/element/f.727CE9CF6895B2C759CBC992552C29E0.d.929846388A03D9A6CDC94537E1B881F3.e.2256/click - {}
RESULT: {}
COMMAND: GET /session/b171ef130127fc2a30c2632ea9d3abff/screenshot - {}
COMMAND: POST /session/b171ef130127fc2a30c2632ea9d3abff/element - {"using":"xpath","value":"//header/div/div[2]/div[2]/span"}
RESULT: {}
RESULT: {"using":"xpath","value":"//header/div/div[2]/div[2]/span"}
COMMAND: GET /session/b171ef130127fc2a30c2632ea9d3abff/element/f.727CE9CF6895B2C759CBC992552C29E0.d.929846388A03D9A6CDC94537E1B881F3.e.2526/text - {}
RESULT: {}
COMMAND: POST /session/b171ef130127fc2a30c2632ea9d3abff/execute/async - {"script":"<script> [1562 bytes]","args":[{"selector":{"id":"application-managesites-display-component---detailSite--addressDetailDetailsYardText"},"wdio_ui5_key":"applicationmanagesites-display-component---detailSite--addressDetailDetailsYardText"}]}
RESULT: {"script":"<script> [1562 bytes]","args":[{"selector":{"id":"application-managesites-display-component---detailSite--addressDetailDetailsYardText"},"wdio_ui5_key":"applicationmanagesites-display-component---detailSite--addressDetailDetailsYardText"}]}
RESULT: undefined
COMMAND: POST /session/b171ef130127fc2a30c2632ea9d3abff/execute/async - {"script":"<script> [1562 bytes]","args":[{"selector":{"controlType":"sap.m.Label","viewName":"etm.portal.ui.managesites.view.Detail","viewId":"application-managesites-display-component---detailSite","i18NText":{"propertyName":"text","key":"status"}},"wdio_ui5_key":"etmportal.ui.managesites.view.Detailsap.m.Label{\"propertyName\":\"text\",\"key\":\"status\"}"}]}
RESULT: {"script":"<script> [1562 bytes]","args":[{"selector":{"controlType":"sap.m.Label","viewName":"etm.portal.ui.managesites.view.Detail","viewId":"application-managesites-display-component---detailSite","i18NText":{"propertyName":"text","key":"status"}},"wdio_ui5_key":"etmportal.ui.managesites.view.Detailsap.m.Label{\"propertyName\":\"text\",\"key\":\"status\"}"}]}
RESULT: undefined
COMMAND: POST /session/b171ef130127fc2a30c2632ea9d3abff/execute/async - {"script":"<script> [6424 bytes]","args":[{"element-6066-11e4-a52e-4f735466cecf":"f.727CE9CF6895B2C759CBC992552C29E0.d.929846388A03D9A6CDC94537E1B881F3.e.2519"},"getText",[]]}
RESULT: {"script":"<script> [6424 bytes]","args":[{"element-6066-11e4-a52e-4f735466cecf":"f.727CE9CF6895B2C759CBC992552C29E0.d.929846388A03D9A6CDC94537E1B881F3.e.2519"},"getText",[]]}
COMMAND: POST /session/b171ef130127fc2a30c2632ea9d3abff/execute/async - {"script":"<script> [1562 bytes]","args":[{"selector":{"id":"shell-header","interaction":{"idSuffix":"icon"}},"wdio_ui5_key":"shellheader"}]}
RESULT: {"script":"<script> [1562 bytes]","args":[{"selector":{"id":"shell-header","interaction":{"idSuffix":"icon"}},"wdio_ui5_key":"shellheader"}]}
RESULT: undefined
COMMAND: POST /session/b171ef130127fc2a30c2632ea9d3abff/element - {"using":"xpath","value":"//*[@id=\"shell-header\"]"}
RESULT: {"using":"xpath","value":"//*[@id=\"shell-header\"]"}
COMMAND: POST /session/b171ef130127fc2a30c2632ea9d3abff/element/f.727CE9CF6895B2C759CBC992552C29E0.d.929846388A03D9A6CDC94537E1B881F3.e.2531/click - {}
RESULT: {}
]]></system-out>
    </testcase>
    <testcase classname="chrome.135_0_7049_115.windows.Stock_increase_-_with_WHM_US125587" name="Create WHM material" time="225.782">
      <system-out><![CDATA[
COMMAND: POST /session/b171ef130127fc2a30c2632ea9d3abff/element - {"using":"css selector","value":"#shell-header-logo"}
COMMAND: GET /session/b171ef130127fc2a30c2632ea9d3abff/screenshot - {}
RESULT: {"using":"css selector","value":"#shell-header-logo"}
COMMAND: POST /session/b171ef130127fc2a30c2632ea9d3abff/element/f.727CE9CF6895B2C759CBC992552C29E0.d.929846388A03D9A6CDC94537E1B881F3.e.1822/click - {}
RESULT: {}
RESULT: {}
COMMAND: GET /session/b171ef130127fc2a30c2632ea9d3abff/screenshot - {}
RESULT: {}
COMMAND: POST /session/b171ef130127fc2a30c2632ea9d3abff/execute/async - {"script":"<script> [1562 bytes]","args":[{"selector":{"controlType":"sap.m.GenericTile","properties":{"header":"Manage Resources"}},"wdio_ui5_key":"sapm.GenericTile{\"header\":\"Manage Resources\"}"}]}
RESULT: {"script":"<script> [1562 bytes]","args":[{"selector":{"controlType":"sap.m.GenericTile","properties":{"header":"Manage Resources"}},"wdio_ui5_key":"sapm.GenericTile{\"header\":\"Manage Resources\"}"}]}
RESULT: undefined
COMMAND: POST /session/b171ef130127fc2a30c2632ea9d3abff/element - {"using":"xpath","value":"//*[@id=\"__tile50\"]"}
RESULT: {"using":"xpath","value":"//*[@id=\"__tile50\"]"}
COMMAND: POST /session/b171ef130127fc2a30c2632ea9d3abff/element/f.727CE9CF6895B2C759CBC992552C29E0.d.929846388A03D9A6CDC94537E1B881F3.e.2536/click - {}
RESULT: {}
COMMAND: GET /session/b171ef130127fc2a30c2632ea9d3abff/screenshot - {}
RESULT: {}
COMMAND: POST /session/b171ef130127fc2a30c2632ea9d3abff/element - {"using":"xpath","value":"//button[@data-kt=\"addNewRUOverflowToolbarButton\"]"}
RESULT: {"using":"xpath","value":"//button[@data-kt=\"addNewRUOverflowToolbarButton\"]"}
COMMAND: POST /session/b171ef130127fc2a30c2632ea9d3abff/execute/sync - {"script":"<script> [8489 bytes]","args":[{"element-6066-11e4-a52e-4f735466cecf":"f.727CE9CF6895B2C759CBC992552C29E0.d.929846388A03D9A6CDC94537E1B881F3.e.2580","ELEMENT":"f.727CE9CF6895B2C759CBC992552C29E0.d.929846388A03D9A6CDC94537E1B881F3.e.2580"}]}
RESULT: {"script":"<script> [8489 bytes]","args":[{"element-6066-11e4-a52e-4f735466cecf":"f.727CE9CF6895B2C759CBC992552C29E0.d.929846388A03D9A6CDC94537E1B881F3.e.2580","ELEMENT":"f.727CE9CF6895B2C759CBC992552C29E0.d.929846388A03D9A6CDC94537E1B881F3.e.2580"}]}
COMMAND: POST /session/b171ef130127fc2a30c2632ea9d3abff/element/f.727CE9CF6895B2C759CBC992552C29E0.d.929846388A03D9A6CDC94537E1B881F3.e.2580/click - {}
COMMAND: GET /session/b171ef130127fc2a30c2632ea9d3abff/screenshot - {}
RESULT: {}
COMMAND: GET /session/b171ef130127fc2a30c2632ea9d3abff/screenshot - {}
RESULT: {}
RESULT: {}
COMMAND: POST /session/b171ef130127fc2a30c2632ea9d3abff/execute/async - {"script":"<script> [1562 bytes]","args":[{"selector":{"controlType":"sap.m.ComboBox","viewName":"reusables.view.manageresources.NewResourceUnit","viewId":"application-manageresources-display-component---newResourceUnit","bindingPath":{"path":"","propertyPath":"/RuTypes","modelName":"catalogModel"},"searchOpenDialogs":true},"wdio_ui5_key":"reusablesview.manageresources.NewResourceUnitsap.m.ComboBox{\"path\":\"\",\"propertyPath\":\"/RuTypes\",\"modelName\":\"catalogModel\"}"}]}
RESULT: {"script":"<script> [1562 bytes]","args":[{"selector":{"controlType":"sap.m.ComboBox","viewName":"reusables.view.manageresources.NewResourceUnit","viewId":"application-manageresources-display-component---newResourceUnit","bindingPath":{"path":"","propertyPath":"/RuTypes","modelName":"catalogModel"},"searchOpenDialogs":true},"wdio_ui5_key":"reusablesview.manageresources.NewResourceUnitsap.m.ComboBox{\"path\":\"\",\"propertyPath\":\"/RuTypes\",\"modelName\":\"catalogModel\"}"}]}
RESULT: undefined
COMMAND: POST /session/b171ef130127fc2a30c2632ea9d3abff/execute/async - {"script":"<script> [1562 bytes]","args":[{"selector":{"controlType":"sap.m.ComboBox","viewName":"reusables.view.manageresources.NewResourceUnit","viewId":"application-manageresources-display-component---newResourceUnit","bindingPath":{"path":"","propertyPath":"/Yards","modelName":"catalogModel"},"searchOpenDialogs":true},"wdio_ui5_key":"reusablesview.manageresources.NewResourceUnitsap.m.ComboBox{\"path\":\"\",\"propertyPath\":\"/Yards\",\"modelName\":\"catalogModel\"}"}]}
RESULT: {"script":"<script> [1562 bytes]","args":[{"selector":{"controlType":"sap.m.ComboBox","viewName":"reusables.view.manageresources.NewResourceUnit","viewId":"application-manageresources-display-component---newResourceUnit","bindingPath":{"path":"","propertyPath":"/Yards","modelName":"catalogModel"},"searchOpenDialogs":true},"wdio_ui5_key":"reusablesview.manageresources.NewResourceUnitsap.m.ComboBox{\"path\":\"\",\"propertyPath\":\"/Yards\",\"modelName\":\"catalogModel\"}"}]}
RESULT: undefined
COMMAND: POST /session/b171ef130127fc2a30c2632ea9d3abff/execute/async - {"script":"<script> [1562 bytes]","args":[{"selector":{"controlType":"etm.portal.ui.reusables.customControls.LiveSearchComboBox","viewName":"reusables.view.manageresources.NewResourceUnit","viewId":"application-manageresources-display-component---newResourceUnit","bindingPath":{"path":"","propertyPath":"/CatalogItems","modelName":"catalogModel"},"searchOpenDialogs":true},"wdio_ui5_key":"reusablesview.manageresources.NewResourceUnitetm.portal.ui.reusables.customControls.LiveSearchComboBox{\"path\":\"\",\"propertyPath\":\"/CatalogItems\",\"modelName\":\"catalogModel\"}"}]}
RESULT: {"script":"<script> [1562 bytes]","args":[{"selector":{"controlType":"etm.portal.ui.reusables.customControls.LiveSearchComboBox","viewName":"reusables.view.manageresources.NewResourceUnit","viewId":"application-manageresources-display-component---newResourceUnit","bindingPath":{"path":"","propertyPath":"/CatalogItems","modelName":"catalogModel"},"searchOpenDialogs":true},"wdio_ui5_key":"reusablesview.manageresources.NewResourceUnitetm.portal.ui.reusables.customControls.LiveSearchComboBox{\"path\":\"\",\"propertyPath\":\"/CatalogItems\",\"modelName\":\"catalogModel\"}"}]}
RESULT: undefined
COMMAND: POST /session/b171ef130127fc2a30c2632ea9d3abff/element - {"using":"xpath","value":"//bdi[text()=\"OK\"]"}
RESULT: {"using":"xpath","value":"//bdi[text()=\"OK\"]"}
COMMAND: POST /session/b171ef130127fc2a30c2632ea9d3abff/elements - {"using":"xpath","value":"//bdi[text()=\"OK\"]"}
RESULT: {"using":"xpath","value":"//bdi[text()=\"OK\"]"}
COMMAND: POST /session/b171ef130127fc2a30c2632ea9d3abff/elements - {"using":"xpath","value":"//bdi[text()=\"OK\"]"}
RESULT: {"using":"xpath","value":"//bdi[text()=\"OK\"]"}
COMMAND: POST /session/b171ef130127fc2a30c2632ea9d3abff/elements - {"using":"xpath","value":"//bdi[text()=\"OK\"]"}
RESULT: {"using":"xpath","value":"//bdi[text()=\"OK\"]"}
COMMAND: POST /session/b171ef130127fc2a30c2632ea9d3abff/elements - {"using":"xpath","value":"//bdi[text()=\"OK\"]"}
RESULT: {"using":"xpath","value":"//bdi[text()=\"OK\"]"}
COMMAND: POST /session/b171ef130127fc2a30c2632ea9d3abff/elements - {"using":"xpath","value":"//bdi[text()=\"OK\"]"}
RESULT: {"using":"xpath","value":"//bdi[text()=\"OK\"]"}
COMMAND: POST /session/b171ef130127fc2a30c2632ea9d3abff/elements - {"using":"xpath","value":"//bdi[text()=\"OK\"]"}
RESULT: {"using":"xpath","value":"//bdi[text()=\"OK\"]"}
COMMAND: POST /session/b171ef130127fc2a30c2632ea9d3abff/elements - {"using":"xpath","value":"//bdi[text()=\"OK\"]"}
RESULT: {"using":"xpath","value":"//bdi[text()=\"OK\"]"}
COMMAND: POST /session/b171ef130127fc2a30c2632ea9d3abff/elements - {"using":"xpath","value":"//bdi[text()=\"OK\"]"}
RESULT: {"using":"xpath","value":"//bdi[text()=\"OK\"]"}
COMMAND: POST /session/b171ef130127fc2a30c2632ea9d3abff/elements - {"using":"xpath","value":"//bdi[text()=\"OK\"]"}
RESULT: {"using":"xpath","value":"//bdi[text()=\"OK\"]"}
COMMAND: POST /session/b171ef130127fc2a30c2632ea9d3abff/elements - {"using":"xpath","value":"//bdi[text()=\"OK\"]"}
RESULT: {"using":"xpath","value":"//bdi[text()=\"OK\"]"}
COMMAND: POST /session/b171ef130127fc2a30c2632ea9d3abff/elements - {"using":"xpath","value":"//bdi[text()=\"OK\"]"}
RESULT: {"using":"xpath","value":"//bdi[text()=\"OK\"]"}
COMMAND: POST /session/b171ef130127fc2a30c2632ea9d3abff/elements - {"using":"xpath","value":"//bdi[text()=\"OK\"]"}
RESULT: {"using":"xpath","value":"//bdi[text()=\"OK\"]"}
COMMAND: POST /session/b171ef130127fc2a30c2632ea9d3abff/elements - {"using":"xpath","value":"//bdi[text()=\"OK\"]"}
RESULT: {"using":"xpath","value":"//bdi[text()=\"OK\"]"}
COMMAND: POST /session/b171ef130127fc2a30c2632ea9d3abff/elements - {"using":"xpath","value":"//bdi[text()=\"OK\"]"}
RESULT: {"using":"xpath","value":"//bdi[text()=\"OK\"]"}
COMMAND: POST /session/b171ef130127fc2a30c2632ea9d3abff/elements - {"using":"xpath","value":"//bdi[text()=\"OK\"]"}
RESULT: {"using":"xpath","value":"//bdi[text()=\"OK\"]"}
COMMAND: POST /session/b171ef130127fc2a30c2632ea9d3abff/elements - {"using":"xpath","value":"//bdi[text()=\"OK\"]"}
RESULT: {"using":"xpath","value":"//bdi[text()=\"OK\"]"}
COMMAND: POST /session/b171ef130127fc2a30c2632ea9d3abff/elements - {"using":"xpath","value":"//bdi[text()=\"OK\"]"}
RESULT: {"using":"xpath","value":"//bdi[text()=\"OK\"]"}
COMMAND: POST /session/b171ef130127fc2a30c2632ea9d3abff/elements - {"using":"xpath","value":"//bdi[text()=\"OK\"]"}
RESULT: {"using":"xpath","value":"//bdi[text()=\"OK\"]"}
COMMAND: POST /session/b171ef130127fc2a30c2632ea9d3abff/elements - {"using":"xpath","value":"//bdi[text()=\"OK\"]"}
RESULT: {"using":"xpath","value":"//bdi[text()=\"OK\"]"}
COMMAND: POST /session/b171ef130127fc2a30c2632ea9d3abff/elements - {"using":"xpath","value":"//bdi[text()=\"OK\"]"}
RESULT: {"using":"xpath","value":"//bdi[text()=\"OK\"]"}
COMMAND: POST /session/b171ef130127fc2a30c2632ea9d3abff/elements - {"using":"xpath","value":"//bdi[text()=\"OK\"]"}
RESULT: {"using":"xpath","value":"//bdi[text()=\"OK\"]"}
COMMAND: POST /session/b171ef130127fc2a30c2632ea9d3abff/elements - {"using":"xpath","value":"//bdi[text()=\"OK\"]"}
RESULT: {"using":"xpath","value":"//bdi[text()=\"OK\"]"}
COMMAND: POST /session/b171ef130127fc2a30c2632ea9d3abff/elements - {"using":"xpath","value":"//bdi[text()=\"OK\"]"}
RESULT: {"using":"xpath","value":"//bdi[text()=\"OK\"]"}
COMMAND: POST /session/b171ef130127fc2a30c2632ea9d3abff/elements - {"using":"xpath","value":"//bdi[text()=\"OK\"]"}
RESULT: {"using":"xpath","value":"//bdi[text()=\"OK\"]"}
COMMAND: POST /session/b171ef130127fc2a30c2632ea9d3abff/elements - {"using":"xpath","value":"//bdi[text()=\"OK\"]"}
RESULT: {"using":"xpath","value":"//bdi[text()=\"OK\"]"}
COMMAND: POST /session/b171ef130127fc2a30c2632ea9d3abff/elements - {"using":"xpath","value":"//bdi[text()=\"OK\"]"}
RESULT: {"using":"xpath","value":"//bdi[text()=\"OK\"]"}
COMMAND: POST /session/b171ef130127fc2a30c2632ea9d3abff/elements - {"using":"xpath","value":"//bdi[text()=\"OK\"]"}
RESULT: {"using":"xpath","value":"//bdi[text()=\"OK\"]"}
COMMAND: POST /session/b171ef130127fc2a30c2632ea9d3abff/elements - {"using":"xpath","value":"//bdi[text()=\"OK\"]"}
RESULT: {"using":"xpath","value":"//bdi[text()=\"OK\"]"}
COMMAND: POST /session/b171ef130127fc2a30c2632ea9d3abff/elements - {"using":"xpath","value":"//bdi[text()=\"OK\"]"}
RESULT: {"using":"xpath","value":"//bdi[text()=\"OK\"]"}
COMMAND: POST /session/b171ef130127fc2a30c2632ea9d3abff/elements - {"using":"xpath","value":"//bdi[text()=\"OK\"]"}
RESULT: {"using":"xpath","value":"//bdi[text()=\"OK\"]"}
COMMAND: POST /session/b171ef130127fc2a30c2632ea9d3abff/elements - {"using":"xpath","value":"//bdi[text()=\"OK\"]"}
RESULT: {"using":"xpath","value":"//bdi[text()=\"OK\"]"}
COMMAND: POST /session/b171ef130127fc2a30c2632ea9d3abff/elements - {"using":"xpath","value":"//bdi[text()=\"OK\"]"}
RESULT: {"using":"xpath","value":"//bdi[text()=\"OK\"]"}
COMMAND: POST /session/b171ef130127fc2a30c2632ea9d3abff/elements - {"using":"xpath","value":"//bdi[text()=\"OK\"]"}
RESULT: {"using":"xpath","value":"//bdi[text()=\"OK\"]"}
COMMAND: POST /session/b171ef130127fc2a30c2632ea9d3abff/elements - {"using":"xpath","value":"//bdi[text()=\"OK\"]"}
RESULT: {"using":"xpath","value":"//bdi[text()=\"OK\"]"}
COMMAND: POST /session/b171ef130127fc2a30c2632ea9d3abff/elements - {"using":"xpath","value":"//bdi[text()=\"OK\"]"}
RESULT: {"using":"xpath","value":"//bdi[text()=\"OK\"]"}
COMMAND: POST /session/b171ef130127fc2a30c2632ea9d3abff/elements - {"using":"xpath","value":"//bdi[text()=\"OK\"]"}
RESULT: {"using":"xpath","value":"//bdi[text()=\"OK\"]"}
COMMAND: POST /session/b171ef130127fc2a30c2632ea9d3abff/elements - {"using":"xpath","value":"//bdi[text()=\"OK\"]"}
RESULT: {"using":"xpath","value":"//bdi[text()=\"OK\"]"}
COMMAND: POST /session/b171ef130127fc2a30c2632ea9d3abff/elements - {"using":"xpath","value":"//bdi[text()=\"OK\"]"}
RESULT: {"using":"xpath","value":"//bdi[text()=\"OK\"]"}
COMMAND: POST /session/b171ef130127fc2a30c2632ea9d3abff/elements - {"using":"xpath","value":"//bdi[text()=\"OK\"]"}
RESULT: {"using":"xpath","value":"//bdi[text()=\"OK\"]"}
COMMAND: POST /session/b171ef130127fc2a30c2632ea9d3abff/elements - {"using":"xpath","value":"//bdi[text()=\"OK\"]"}
RESULT: {"using":"xpath","value":"//bdi[text()=\"OK\"]"}
COMMAND: POST /session/b171ef130127fc2a30c2632ea9d3abff/elements - {"using":"xpath","value":"//bdi[text()=\"OK\"]"}
RESULT: {"using":"xpath","value":"//bdi[text()=\"OK\"]"}
COMMAND: POST /session/b171ef130127fc2a30c2632ea9d3abff/elements - {"using":"xpath","value":"//bdi[text()=\"OK\"]"}
RESULT: {"using":"xpath","value":"//bdi[text()=\"OK\"]"}
COMMAND: POST /session/b171ef130127fc2a30c2632ea9d3abff/elements - {"using":"xpath","value":"//bdi[text()=\"OK\"]"}
RESULT: {"using":"xpath","value":"//bdi[text()=\"OK\"]"}
COMMAND: POST /session/b171ef130127fc2a30c2632ea9d3abff/elements - {"using":"xpath","value":"//bdi[text()=\"OK\"]"}
RESULT: {"using":"xpath","value":"//bdi[text()=\"OK\"]"}
COMMAND: POST /session/b171ef130127fc2a30c2632ea9d3abff/elements - {"using":"xpath","value":"//bdi[text()=\"OK\"]"}
RESULT: {"using":"xpath","value":"//bdi[text()=\"OK\"]"}
COMMAND: POST /session/b171ef130127fc2a30c2632ea9d3abff/elements - {"using":"xpath","value":"//bdi[text()=\"OK\"]"}
RESULT: {"using":"xpath","value":"//bdi[text()=\"OK\"]"}
COMMAND: POST /session/b171ef130127fc2a30c2632ea9d3abff/elements - {"using":"xpath","value":"//bdi[text()=\"OK\"]"}
RESULT: {"using":"xpath","value":"//bdi[text()=\"OK\"]"}
COMMAND: POST /session/b171ef130127fc2a30c2632ea9d3abff/elements - {"using":"xpath","value":"//bdi[text()=\"OK\"]"}
RESULT: {"using":"xpath","value":"//bdi[text()=\"OK\"]"}
COMMAND: POST /session/b171ef130127fc2a30c2632ea9d3abff/elements - {"using":"xpath","value":"//bdi[text()=\"OK\"]"}
RESULT: {"using":"xpath","value":"//bdi[text()=\"OK\"]"}
COMMAND: POST /session/b171ef130127fc2a30c2632ea9d3abff/elements - {"using":"xpath","value":"//bdi[text()=\"OK\"]"}
RESULT: {"using":"xpath","value":"//bdi[text()=\"OK\"]"}
COMMAND: POST /session/b171ef130127fc2a30c2632ea9d3abff/elements - {"using":"xpath","value":"//bdi[text()=\"OK\"]"}
RESULT: {"using":"xpath","value":"//bdi[text()=\"OK\"]"}
COMMAND: POST /session/b171ef130127fc2a30c2632ea9d3abff/elements - {"using":"xpath","value":"//bdi[text()=\"OK\"]"}
RESULT: {"using":"xpath","value":"//bdi[text()=\"OK\"]"}
COMMAND: POST /session/b171ef130127fc2a30c2632ea9d3abff/elements - {"using":"xpath","value":"//bdi[text()=\"OK\"]"}
RESULT: {"using":"xpath","value":"//bdi[text()=\"OK\"]"}
COMMAND: POST /session/b171ef130127fc2a30c2632ea9d3abff/elements - {"using":"xpath","value":"//bdi[text()=\"OK\"]"}
RESULT: {"using":"xpath","value":"//bdi[text()=\"OK\"]"}
COMMAND: POST /session/b171ef130127fc2a30c2632ea9d3abff/elements - {"using":"xpath","value":"//bdi[text()=\"OK\"]"}
RESULT: {"using":"xpath","value":"//bdi[text()=\"OK\"]"}
COMMAND: POST /session/b171ef130127fc2a30c2632ea9d3abff/elements - {"using":"xpath","value":"//bdi[text()=\"OK\"]"}
RESULT: {"using":"xpath","value":"//bdi[text()=\"OK\"]"}
COMMAND: POST /session/b171ef130127fc2a30c2632ea9d3abff/elements - {"using":"xpath","value":"//bdi[text()=\"OK\"]"}
RESULT: {"using":"xpath","value":"//bdi[text()=\"OK\"]"}
COMMAND: POST /session/b171ef130127fc2a30c2632ea9d3abff/elements - {"using":"xpath","value":"//bdi[text()=\"OK\"]"}
RESULT: {"using":"xpath","value":"//bdi[text()=\"OK\"]"}
COMMAND: POST /session/b171ef130127fc2a30c2632ea9d3abff/elements - {"using":"xpath","value":"//bdi[text()=\"OK\"]"}
RESULT: {"using":"xpath","value":"//bdi[text()=\"OK\"]"}
COMMAND: POST /session/b171ef130127fc2a30c2632ea9d3abff/elements - {"using":"xpath","value":"//bdi[text()=\"OK\"]"}
RESULT: {"using":"xpath","value":"//bdi[text()=\"OK\"]"}
COMMAND: POST /session/b171ef130127fc2a30c2632ea9d3abff/elements - {"using":"xpath","value":"//bdi[text()=\"OK\"]"}
RESULT: {"using":"xpath","value":"//bdi[text()=\"OK\"]"}
COMMAND: POST /session/b171ef130127fc2a30c2632ea9d3abff/elements - {"using":"xpath","value":"//bdi[text()=\"OK\"]"}
RESULT: {"using":"xpath","value":"//bdi[text()=\"OK\"]"}
COMMAND: POST /session/b171ef130127fc2a30c2632ea9d3abff/elements - {"using":"xpath","value":"//bdi[text()=\"OK\"]"}
RESULT: {"using":"xpath","value":"//bdi[text()=\"OK\"]"}
COMMAND: POST /session/b171ef130127fc2a30c2632ea9d3abff/elements - {"using":"xpath","value":"//bdi[text()=\"OK\"]"}
RESULT: {"using":"xpath","value":"//bdi[text()=\"OK\"]"}
COMMAND: POST /session/b171ef130127fc2a30c2632ea9d3abff/elements - {"using":"xpath","value":"//bdi[text()=\"OK\"]"}
RESULT: {"using":"xpath","value":"//bdi[text()=\"OK\"]"}
COMMAND: POST /session/b171ef130127fc2a30c2632ea9d3abff/elements - {"using":"xpath","value":"//bdi[text()=\"OK\"]"}
RESULT: {"using":"xpath","value":"//bdi[text()=\"OK\"]"}
COMMAND: POST /session/b171ef130127fc2a30c2632ea9d3abff/elements - {"using":"xpath","value":"//bdi[text()=\"OK\"]"}
RESULT: {"using":"xpath","value":"//bdi[text()=\"OK\"]"}
COMMAND: POST /session/b171ef130127fc2a30c2632ea9d3abff/elements - {"using":"xpath","value":"//bdi[text()=\"OK\"]"}
RESULT: {"using":"xpath","value":"//bdi[text()=\"OK\"]"}
COMMAND: POST /session/b171ef130127fc2a30c2632ea9d3abff/elements - {"using":"xpath","value":"//bdi[text()=\"OK\"]"}
RESULT: {"using":"xpath","value":"//bdi[text()=\"OK\"]"}
COMMAND: POST /session/b171ef130127fc2a30c2632ea9d3abff/elements - {"using":"xpath","value":"//bdi[text()=\"OK\"]"}
RESULT: {"using":"xpath","value":"//bdi[text()=\"OK\"]"}
COMMAND: POST /session/b171ef130127fc2a30c2632ea9d3abff/elements - {"using":"xpath","value":"//bdi[text()=\"OK\"]"}
RESULT: {"using":"xpath","value":"//bdi[text()=\"OK\"]"}
COMMAND: POST /session/b171ef130127fc2a30c2632ea9d3abff/elements - {"using":"xpath","value":"//bdi[text()=\"OK\"]"}
RESULT: {"using":"xpath","value":"//bdi[text()=\"OK\"]"}
COMMAND: POST /session/b171ef130127fc2a30c2632ea9d3abff/elements - {"using":"xpath","value":"//bdi[text()=\"OK\"]"}
RESULT: {"using":"xpath","value":"//bdi[text()=\"OK\"]"}
COMMAND: POST /session/b171ef130127fc2a30c2632ea9d3abff/elements - {"using":"xpath","value":"//bdi[text()=\"OK\"]"}
RESULT: {"using":"xpath","value":"//bdi[text()=\"OK\"]"}
COMMAND: POST /session/b171ef130127fc2a30c2632ea9d3abff/elements - {"using":"xpath","value":"//bdi[text()=\"OK\"]"}
RESULT: {"using":"xpath","value":"//bdi[text()=\"OK\"]"}
COMMAND: POST /session/b171ef130127fc2a30c2632ea9d3abff/elements - {"using":"xpath","value":"//bdi[text()=\"OK\"]"}
RESULT: {"using":"xpath","value":"//bdi[text()=\"OK\"]"}
COMMAND: POST /session/b171ef130127fc2a30c2632ea9d3abff/elements - {"using":"xpath","value":"//bdi[text()=\"OK\"]"}
RESULT: {"using":"xpath","value":"//bdi[text()=\"OK\"]"}
COMMAND: POST /session/b171ef130127fc2a30c2632ea9d3abff/elements - {"using":"xpath","value":"//bdi[text()=\"OK\"]"}
RESULT: {"using":"xpath","value":"//bdi[text()=\"OK\"]"}
COMMAND: POST /session/b171ef130127fc2a30c2632ea9d3abff/elements - {"using":"xpath","value":"//bdi[text()=\"OK\"]"}
RESULT: {"using":"xpath","value":"//bdi[text()=\"OK\"]"}
COMMAND: POST /session/b171ef130127fc2a30c2632ea9d3abff/elements - {"using":"xpath","value":"//bdi[text()=\"OK\"]"}
RESULT: {"using":"xpath","value":"//bdi[text()=\"OK\"]"}
COMMAND: POST /session/b171ef130127fc2a30c2632ea9d3abff/elements - {"using":"xpath","value":"//bdi[text()=\"OK\"]"}
RESULT: {"using":"xpath","value":"//bdi[text()=\"OK\"]"}
COMMAND: POST /session/b171ef130127fc2a30c2632ea9d3abff/elements - {"using":"xpath","value":"//bdi[text()=\"OK\"]"}
RESULT: {"using":"xpath","value":"//bdi[text()=\"OK\"]"}
COMMAND: POST /session/b171ef130127fc2a30c2632ea9d3abff/elements - {"using":"xpath","value":"//bdi[text()=\"OK\"]"}
RESULT: {"using":"xpath","value":"//bdi[text()=\"OK\"]"}
COMMAND: POST /session/b171ef130127fc2a30c2632ea9d3abff/elements - {"using":"xpath","value":"//bdi[text()=\"OK\"]"}
RESULT: {"using":"xpath","value":"//bdi[text()=\"OK\"]"}
COMMAND: POST /session/b171ef130127fc2a30c2632ea9d3abff/elements - {"using":"xpath","value":"//bdi[text()=\"OK\"]"}
RESULT: {"using":"xpath","value":"//bdi[text()=\"OK\"]"}
COMMAND: POST /session/b171ef130127fc2a30c2632ea9d3abff/elements - {"using":"xpath","value":"//bdi[text()=\"OK\"]"}
RESULT: {"using":"xpath","value":"//bdi[text()=\"OK\"]"}
COMMAND: POST /session/b171ef130127fc2a30c2632ea9d3abff/elements - {"using":"xpath","value":"//bdi[text()=\"OK\"]"}
RESULT: {"using":"xpath","value":"//bdi[text()=\"OK\"]"}
COMMAND: POST /session/b171ef130127fc2a30c2632ea9d3abff/elements - {"using":"xpath","value":"//bdi[text()=\"OK\"]"}
RESULT: {"using":"xpath","value":"//bdi[text()=\"OK\"]"}
COMMAND: POST /session/b171ef130127fc2a30c2632ea9d3abff/elements - {"using":"xpath","value":"//bdi[text()=\"OK\"]"}
RESULT: {"using":"xpath","value":"//bdi[text()=\"OK\"]"}
COMMAND: POST /session/b171ef130127fc2a30c2632ea9d3abff/elements - {"using":"xpath","value":"//bdi[text()=\"OK\"]"}
RESULT: {"using":"xpath","value":"//bdi[text()=\"OK\"]"}
COMMAND: POST /session/b171ef130127fc2a30c2632ea9d3abff/elements - {"using":"xpath","value":"//bdi[text()=\"OK\"]"}
RESULT: {"using":"xpath","value":"//bdi[text()=\"OK\"]"}
COMMAND: POST /session/b171ef130127fc2a30c2632ea9d3abff/elements - {"using":"xpath","value":"//bdi[text()=\"OK\"]"}
RESULT: {"using":"xpath","value":"//bdi[text()=\"OK\"]"}
COMMAND: POST /session/b171ef130127fc2a30c2632ea9d3abff/elements - {"using":"xpath","value":"//bdi[text()=\"OK\"]"}
RESULT: {"using":"xpath","value":"//bdi[text()=\"OK\"]"}
COMMAND: POST /session/b171ef130127fc2a30c2632ea9d3abff/elements - {"using":"xpath","value":"//bdi[text()=\"OK\"]"}
RESULT: {"using":"xpath","value":"//bdi[text()=\"OK\"]"}
COMMAND: POST /session/b171ef130127fc2a30c2632ea9d3abff/elements - {"using":"xpath","value":"//bdi[text()=\"OK\"]"}
RESULT: {"using":"xpath","value":"//bdi[text()=\"OK\"]"}
COMMAND: POST /session/b171ef130127fc2a30c2632ea9d3abff/elements - {"using":"xpath","value":"//bdi[text()=\"OK\"]"}
RESULT: {"using":"xpath","value":"//bdi[text()=\"OK\"]"}
COMMAND: POST /session/b171ef130127fc2a30c2632ea9d3abff/elements - {"using":"xpath","value":"//bdi[text()=\"OK\"]"}
RESULT: {"using":"xpath","value":"//bdi[text()=\"OK\"]"}
COMMAND: POST /session/b171ef130127fc2a30c2632ea9d3abff/elements - {"using":"xpath","value":"//bdi[text()=\"OK\"]"}
RESULT: {"using":"xpath","value":"//bdi[text()=\"OK\"]"}
COMMAND: POST /session/b171ef130127fc2a30c2632ea9d3abff/elements - {"using":"xpath","value":"//bdi[text()=\"OK\"]"}
RESULT: {"using":"xpath","value":"//bdi[text()=\"OK\"]"}
COMMAND: POST /session/b171ef130127fc2a30c2632ea9d3abff/elements - {"using":"xpath","value":"//bdi[text()=\"OK\"]"}
RESULT: {"using":"xpath","value":"//bdi[text()=\"OK\"]"}
COMMAND: POST /session/b171ef130127fc2a30c2632ea9d3abff/elements - {"using":"xpath","value":"//bdi[text()=\"OK\"]"}
RESULT: {"using":"xpath","value":"//bdi[text()=\"OK\"]"}
COMMAND: POST /session/b171ef130127fc2a30c2632ea9d3abff/elements - {"using":"xpath","value":"//bdi[text()=\"OK\"]"}
RESULT: {"using":"xpath","value":"//bdi[text()=\"OK\"]"}
COMMAND: POST /session/b171ef130127fc2a30c2632ea9d3abff/elements - {"using":"xpath","value":"//bdi[text()=\"OK\"]"}
RESULT: {"using":"xpath","value":"//bdi[text()=\"OK\"]"}
COMMAND: POST /session/b171ef130127fc2a30c2632ea9d3abff/elements - {"using":"xpath","value":"//bdi[text()=\"OK\"]"}
RESULT: {"using":"xpath","value":"//bdi[text()=\"OK\"]"}
COMMAND: POST /session/b171ef130127fc2a30c2632ea9d3abff/elements - {"using":"xpath","value":"//bdi[text()=\"OK\"]"}
RESULT: {"using":"xpath","value":"//bdi[text()=\"OK\"]"}
COMMAND: POST /session/b171ef130127fc2a30c2632ea9d3abff/elements - {"using":"xpath","value":"//bdi[text()=\"OK\"]"}
RESULT: {"using":"xpath","value":"//bdi[text()=\"OK\"]"}
COMMAND: POST /session/b171ef130127fc2a30c2632ea9d3abff/elements - {"using":"xpath","value":"//bdi[text()=\"OK\"]"}
RESULT: {"using":"xpath","value":"//bdi[text()=\"OK\"]"}
COMMAND: POST /session/b171ef130127fc2a30c2632ea9d3abff/elements - {"using":"xpath","value":"//bdi[text()=\"OK\"]"}
RESULT: {"using":"xpath","value":"//bdi[text()=\"OK\"]"}
COMMAND: POST /session/b171ef130127fc2a30c2632ea9d3abff/elements - {"using":"xpath","value":"//bdi[text()=\"OK\"]"}
RESULT: {"using":"xpath","value":"//bdi[text()=\"OK\"]"}
COMMAND: POST /session/b171ef130127fc2a30c2632ea9d3abff/elements - {"using":"xpath","value":"//bdi[text()=\"OK\"]"}
RESULT: {"using":"xpath","value":"//bdi[text()=\"OK\"]"}
COMMAND: POST /session/b171ef130127fc2a30c2632ea9d3abff/elements - {"using":"xpath","value":"//bdi[text()=\"OK\"]"}
RESULT: {"using":"xpath","value":"//bdi[text()=\"OK\"]"}
COMMAND: POST /session/b171ef130127fc2a30c2632ea9d3abff/elements - {"using":"xpath","value":"//bdi[text()=\"OK\"]"}
RESULT: {"using":"xpath","value":"//bdi[text()=\"OK\"]"}
COMMAND: POST /session/b171ef130127fc2a30c2632ea9d3abff/elements - {"using":"xpath","value":"//bdi[text()=\"OK\"]"}
RESULT: {"using":"xpath","value":"//bdi[text()=\"OK\"]"}
COMMAND: POST /session/b171ef130127fc2a30c2632ea9d3abff/elements - {"using":"xpath","value":"//bdi[text()=\"OK\"]"}
RESULT: {"using":"xpath","value":"//bdi[text()=\"OK\"]"}
COMMAND: POST /session/b171ef130127fc2a30c2632ea9d3abff/elements - {"using":"xpath","value":"//bdi[text()=\"OK\"]"}
RESULT: {"using":"xpath","value":"//bdi[text()=\"OK\"]"}
COMMAND: POST /session/b171ef130127fc2a30c2632ea9d3abff/elements - {"using":"xpath","value":"//bdi[text()=\"OK\"]"}
RESULT: {"using":"xpath","value":"//bdi[text()=\"OK\"]"}
COMMAND: POST /session/b171ef130127fc2a30c2632ea9d3abff/elements - {"using":"xpath","value":"//bdi[text()=\"OK\"]"}
RESULT: {"using":"xpath","value":"//bdi[text()=\"OK\"]"}
COMMAND: POST /session/b171ef130127fc2a30c2632ea9d3abff/elements - {"using":"xpath","value":"//bdi[text()=\"OK\"]"}
RESULT: {"using":"xpath","value":"//bdi[text()=\"OK\"]"}
COMMAND: POST /session/b171ef130127fc2a30c2632ea9d3abff/elements - {"using":"xpath","value":"//bdi[text()=\"OK\"]"}
RESULT: {"using":"xpath","value":"//bdi[text()=\"OK\"]"}
COMMAND: POST /session/b171ef130127fc2a30c2632ea9d3abff/elements - {"using":"xpath","value":"//bdi[text()=\"OK\"]"}
RESULT: {"using":"xpath","value":"//bdi[text()=\"OK\"]"}
COMMAND: POST /session/b171ef130127fc2a30c2632ea9d3abff/elements - {"using":"xpath","value":"//bdi[text()=\"OK\"]"}
COMMAND: POST /session/b171ef130127fc2a30c2632ea9d3abff/element - {"using":"xpath","value":"//bdi[text()=\"OK\"]"}
RESULT: {"using":"xpath","value":"//bdi[text()=\"OK\"]"}
RESULT: {"using":"xpath","value":"//bdi[text()=\"OK\"]"}
COMMAND: POST /session/b171ef130127fc2a30c2632ea9d3abff/elements - {"using":"xpath","value":"//bdi[text()=\"OK\"]"}
RESULT: {"using":"xpath","value":"//bdi[text()=\"OK\"]"}
COMMAND: POST /session/b171ef130127fc2a30c2632ea9d3abff/elements - {"using":"xpath","value":"//bdi[text()=\"OK\"]"}
RESULT: {"using":"xpath","value":"//bdi[text()=\"OK\"]"}
COMMAND: POST /session/b171ef130127fc2a30c2632ea9d3abff/elements - {"using":"xpath","value":"//bdi[text()=\"OK\"]"}
RESULT: {"using":"xpath","value":"//bdi[text()=\"OK\"]"}
COMMAND: POST /session/b171ef130127fc2a30c2632ea9d3abff/elements - {"using":"xpath","value":"//bdi[text()=\"OK\"]"}
RESULT: {"using":"xpath","value":"//bdi[text()=\"OK\"]"}
COMMAND: POST /session/b171ef130127fc2a30c2632ea9d3abff/elements - {"using":"xpath","value":"//bdi[text()=\"OK\"]"}
RESULT: {"using":"xpath","value":"//bdi[text()=\"OK\"]"}
COMMAND: POST /session/b171ef130127fc2a30c2632ea9d3abff/elements - {"using":"xpath","value":"//bdi[text()=\"OK\"]"}
RESULT: {"using":"xpath","value":"//bdi[text()=\"OK\"]"}
COMMAND: POST /session/b171ef130127fc2a30c2632ea9d3abff/elements - {"using":"xpath","value":"//bdi[text()=\"OK\"]"}
RESULT: {"using":"xpath","value":"//bdi[text()=\"OK\"]"}
COMMAND: POST /session/b171ef130127fc2a30c2632ea9d3abff/elements - {"using":"xpath","value":"//bdi[text()=\"OK\"]"}
RESULT: {"using":"xpath","value":"//bdi[text()=\"OK\"]"}
COMMAND: POST /session/b171ef130127fc2a30c2632ea9d3abff/elements - {"using":"xpath","value":"//bdi[text()=\"OK\"]"}
RESULT: {"using":"xpath","value":"//bdi[text()=\"OK\"]"}
COMMAND: POST /session/b171ef130127fc2a30c2632ea9d3abff/elements - {"using":"xpath","value":"//bdi[text()=\"OK\"]"}
RESULT: {"using":"xpath","value":"//bdi[text()=\"OK\"]"}
COMMAND: POST /session/b171ef130127fc2a30c2632ea9d3abff/elements - {"using":"xpath","value":"//bdi[text()=\"OK\"]"}
RESULT: {"using":"xpath","value":"//bdi[text()=\"OK\"]"}
COMMAND: POST /session/b171ef130127fc2a30c2632ea9d3abff/elements - {"using":"xpath","value":"//bdi[text()=\"OK\"]"}
RESULT: {"using":"xpath","value":"//bdi[text()=\"OK\"]"}
COMMAND: POST /session/b171ef130127fc2a30c2632ea9d3abff/elements - {"using":"xpath","value":"//bdi[text()=\"OK\"]"}
RESULT: {"using":"xpath","value":"//bdi[text()=\"OK\"]"}
COMMAND: POST /session/b171ef130127fc2a30c2632ea9d3abff/elements - {"using":"xpath","value":"//bdi[text()=\"OK\"]"}
RESULT: {"using":"xpath","value":"//bdi[text()=\"OK\"]"}
COMMAND: POST /session/b171ef130127fc2a30c2632ea9d3abff/elements - {"using":"xpath","value":"//bdi[text()=\"OK\"]"}
RESULT: {"using":"xpath","value":"//bdi[text()=\"OK\"]"}
COMMAND: POST /session/b171ef130127fc2a30c2632ea9d3abff/elements - {"using":"xpath","value":"//bdi[text()=\"OK\"]"}
RESULT: {"using":"xpath","value":"//bdi[text()=\"OK\"]"}
COMMAND: POST /session/b171ef130127fc2a30c2632ea9d3abff/elements - {"using":"xpath","value":"//bdi[text()=\"OK\"]"}
RESULT: {"using":"xpath","value":"//bdi[text()=\"OK\"]"}
COMMAND: POST /session/b171ef130127fc2a30c2632ea9d3abff/elements - {"using":"xpath","value":"//bdi[text()=\"OK\"]"}
RESULT: {"using":"xpath","value":"//bdi[text()=\"OK\"]"}
COMMAND: POST /session/b171ef130127fc2a30c2632ea9d3abff/elements - {"using":"xpath","value":"//bdi[text()=\"OK\"]"}
RESULT: {"using":"xpath","value":"//bdi[text()=\"OK\"]"}
COMMAND: POST /session/b171ef130127fc2a30c2632ea9d3abff/elements - {"using":"xpath","value":"//bdi[text()=\"OK\"]"}
RESULT: {"using":"xpath","value":"//bdi[text()=\"OK\"]"}
COMMAND: POST /session/b171ef130127fc2a30c2632ea9d3abff/elements - {"using":"xpath","value":"//bdi[text()=\"OK\"]"}
RESULT: {"using":"xpath","value":"//bdi[text()=\"OK\"]"}
COMMAND: POST /session/b171ef130127fc2a30c2632ea9d3abff/elements - {"using":"xpath","value":"//bdi[text()=\"OK\"]"}
RESULT: {"using":"xpath","value":"//bdi[text()=\"OK\"]"}
COMMAND: POST /session/b171ef130127fc2a30c2632ea9d3abff/elements - {"using":"xpath","value":"//bdi[text()=\"OK\"]"}
RESULT: {"using":"xpath","value":"//bdi[text()=\"OK\"]"}
COMMAND: POST /session/b171ef130127fc2a30c2632ea9d3abff/elements - {"using":"xpath","value":"//bdi[text()=\"OK\"]"}
RESULT: {"using":"xpath","value":"//bdi[text()=\"OK\"]"}
COMMAND: POST /session/b171ef130127fc2a30c2632ea9d3abff/elements - {"using":"xpath","value":"//bdi[text()=\"OK\"]"}
RESULT: {"using":"xpath","value":"//bdi[text()=\"OK\"]"}
COMMAND: POST /session/b171ef130127fc2a30c2632ea9d3abff/elements - {"using":"xpath","value":"//bdi[text()=\"OK\"]"}
RESULT: {"using":"xpath","value":"//bdi[text()=\"OK\"]"}
COMMAND: POST /session/b171ef130127fc2a30c2632ea9d3abff/elements - {"using":"xpath","value":"//bdi[text()=\"OK\"]"}
RESULT: {"using":"xpath","value":"//bdi[text()=\"OK\"]"}
COMMAND: POST /session/b171ef130127fc2a30c2632ea9d3abff/elements - {"using":"xpath","value":"//bdi[text()=\"OK\"]"}
RESULT: {"using":"xpath","value":"//bdi[text()=\"OK\"]"}
COMMAND: POST /session/b171ef130127fc2a30c2632ea9d3abff/elements - {"using":"xpath","value":"//bdi[text()=\"OK\"]"}
RESULT: {"using":"xpath","value":"//bdi[text()=\"OK\"]"}
COMMAND: POST /session/b171ef130127fc2a30c2632ea9d3abff/elements - {"using":"xpath","value":"//bdi[text()=\"OK\"]"}
RESULT: {"using":"xpath","value":"//bdi[text()=\"OK\"]"}
COMMAND: POST /session/b171ef130127fc2a30c2632ea9d3abff/elements - {"using":"xpath","value":"//bdi[text()=\"OK\"]"}
RESULT: {"using":"xpath","value":"//bdi[text()=\"OK\"]"}
COMMAND: POST /session/b171ef130127fc2a30c2632ea9d3abff/elements - {"using":"xpath","value":"//bdi[text()=\"OK\"]"}
RESULT: {"using":"xpath","value":"//bdi[text()=\"OK\"]"}
COMMAND: POST /session/b171ef130127fc2a30c2632ea9d3abff/elements - {"using":"xpath","value":"//bdi[text()=\"OK\"]"}
RESULT: {"using":"xpath","value":"//bdi[text()=\"OK\"]"}
COMMAND: POST /session/b171ef130127fc2a30c2632ea9d3abff/elements - {"using":"xpath","value":"//bdi[text()=\"OK\"]"}
RESULT: {"using":"xpath","value":"//bdi[text()=\"OK\"]"}
COMMAND: POST /session/b171ef130127fc2a30c2632ea9d3abff/elements - {"using":"xpath","value":"//bdi[text()=\"OK\"]"}
RESULT: {"using":"xpath","value":"//bdi[text()=\"OK\"]"}
COMMAND: POST /session/b171ef130127fc2a30c2632ea9d3abff/elements - {"using":"xpath","value":"//bdi[text()=\"OK\"]"}
RESULT: {"using":"xpath","value":"//bdi[text()=\"OK\"]"}
COMMAND: POST /session/b171ef130127fc2a30c2632ea9d3abff/elements - {"using":"xpath","value":"//bdi[text()=\"OK\"]"}
RESULT: {"using":"xpath","value":"//bdi[text()=\"OK\"]"}
COMMAND: POST /session/b171ef130127fc2a30c2632ea9d3abff/elements - {"using":"xpath","value":"//bdi[text()=\"OK\"]"}
RESULT: {"using":"xpath","value":"//bdi[text()=\"OK\"]"}
COMMAND: POST /session/b171ef130127fc2a30c2632ea9d3abff/elements - {"using":"xpath","value":"//bdi[text()=\"OK\"]"}
RESULT: {"using":"xpath","value":"//bdi[text()=\"OK\"]"}
COMMAND: POST /session/b171ef130127fc2a30c2632ea9d3abff/elements - {"using":"xpath","value":"//bdi[text()=\"OK\"]"}
RESULT: {"using":"xpath","value":"//bdi[text()=\"OK\"]"}
COMMAND: POST /session/b171ef130127fc2a30c2632ea9d3abff/elements - {"using":"xpath","value":"//bdi[text()=\"OK\"]"}
RESULT: {"using":"xpath","value":"//bdi[text()=\"OK\"]"}
COMMAND: POST /session/b171ef130127fc2a30c2632ea9d3abff/elements - {"using":"xpath","value":"//bdi[text()=\"OK\"]"}
RESULT: {"using":"xpath","value":"//bdi[text()=\"OK\"]"}
COMMAND: POST /session/b171ef130127fc2a30c2632ea9d3abff/elements - {"using":"xpath","value":"//bdi[text()=\"OK\"]"}
RESULT: {"using":"xpath","value":"//bdi[text()=\"OK\"]"}
COMMAND: POST /session/b171ef130127fc2a30c2632ea9d3abff/elements - {"using":"xpath","value":"//bdi[text()=\"OK\"]"}
RESULT: {"using":"xpath","value":"//bdi[text()=\"OK\"]"}
COMMAND: POST /session/b171ef130127fc2a30c2632ea9d3abff/elements - {"using":"xpath","value":"//bdi[text()=\"OK\"]"}
RESULT: {"using":"xpath","value":"//bdi[text()=\"OK\"]"}
COMMAND: POST /session/b171ef130127fc2a30c2632ea9d3abff/elements - {"using":"xpath","value":"//bdi[text()=\"OK\"]"}
RESULT: {"using":"xpath","value":"//bdi[text()=\"OK\"]"}
COMMAND: POST /session/b171ef130127fc2a30c2632ea9d3abff/elements - {"using":"xpath","value":"//bdi[text()=\"OK\"]"}
RESULT: {"using":"xpath","value":"//bdi[text()=\"OK\"]"}
COMMAND: POST /session/b171ef130127fc2a30c2632ea9d3abff/elements - {"using":"xpath","value":"//bdi[text()=\"OK\"]"}
RESULT: {"using":"xpath","value":"//bdi[text()=\"OK\"]"}
COMMAND: POST /session/b171ef130127fc2a30c2632ea9d3abff/elements - {"using":"xpath","value":"//bdi[text()=\"OK\"]"}
RESULT: {"using":"xpath","value":"//bdi[text()=\"OK\"]"}
COMMAND: POST /session/b171ef130127fc2a30c2632ea9d3abff/elements - {"using":"xpath","value":"//bdi[text()=\"OK\"]"}
RESULT: {"using":"xpath","value":"//bdi[text()=\"OK\"]"}
COMMAND: POST /session/b171ef130127fc2a30c2632ea9d3abff/elements - {"using":"xpath","value":"//bdi[text()=\"OK\"]"}
RESULT: {"using":"xpath","value":"//bdi[text()=\"OK\"]"}
COMMAND: POST /session/b171ef130127fc2a30c2632ea9d3abff/elements - {"using":"xpath","value":"//bdi[text()=\"OK\"]"}
RESULT: {"using":"xpath","value":"//bdi[text()=\"OK\"]"}
COMMAND: POST /session/b171ef130127fc2a30c2632ea9d3abff/elements - {"using":"xpath","value":"//bdi[text()=\"OK\"]"}
RESULT: {"using":"xpath","value":"//bdi[text()=\"OK\"]"}
COMMAND: POST /session/b171ef130127fc2a30c2632ea9d3abff/elements - {"using":"xpath","value":"//bdi[text()=\"OK\"]"}
RESULT: {"using":"xpath","value":"//bdi[text()=\"OK\"]"}
COMMAND: POST /session/b171ef130127fc2a30c2632ea9d3abff/elements - {"using":"xpath","value":"//bdi[text()=\"OK\"]"}
RESULT: {"using":"xpath","value":"//bdi[text()=\"OK\"]"}
COMMAND: POST /session/b171ef130127fc2a30c2632ea9d3abff/elements - {"using":"xpath","value":"//bdi[text()=\"OK\"]"}
RESULT: {"using":"xpath","value":"//bdi[text()=\"OK\"]"}
COMMAND: POST /session/b171ef130127fc2a30c2632ea9d3abff/elements - {"using":"xpath","value":"//bdi[text()=\"OK\"]"}
RESULT: {"using":"xpath","value":"//bdi[text()=\"OK\"]"}
COMMAND: POST /session/b171ef130127fc2a30c2632ea9d3abff/elements - {"using":"xpath","value":"//bdi[text()=\"OK\"]"}
RESULT: {"using":"xpath","value":"//bdi[text()=\"OK\"]"}
COMMAND: POST /session/b171ef130127fc2a30c2632ea9d3abff/elements - {"using":"xpath","value":"//bdi[text()=\"OK\"]"}
RESULT: {"using":"xpath","value":"//bdi[text()=\"OK\"]"}
COMMAND: POST /session/b171ef130127fc2a30c2632ea9d3abff/elements - {"using":"xpath","value":"//bdi[text()=\"OK\"]"}
RESULT: {"using":"xpath","value":"//bdi[text()=\"OK\"]"}
COMMAND: POST /session/b171ef130127fc2a30c2632ea9d3abff/elements - {"using":"xpath","value":"//bdi[text()=\"OK\"]"}
RESULT: {"using":"xpath","value":"//bdi[text()=\"OK\"]"}
COMMAND: POST /session/b171ef130127fc2a30c2632ea9d3abff/elements - {"using":"xpath","value":"//bdi[text()=\"OK\"]"}
RESULT: {"using":"xpath","value":"//bdi[text()=\"OK\"]"}
COMMAND: POST /session/b171ef130127fc2a30c2632ea9d3abff/elements - {"using":"xpath","value":"//bdi[text()=\"OK\"]"}
RESULT: {"using":"xpath","value":"//bdi[text()=\"OK\"]"}
COMMAND: POST /session/b171ef130127fc2a30c2632ea9d3abff/elements - {"using":"xpath","value":"//bdi[text()=\"OK\"]"}
RESULT: {"using":"xpath","value":"//bdi[text()=\"OK\"]"}
COMMAND: POST /session/b171ef130127fc2a30c2632ea9d3abff/elements - {"using":"xpath","value":"//bdi[text()=\"OK\"]"}
RESULT: {"using":"xpath","value":"//bdi[text()=\"OK\"]"}
COMMAND: POST /session/b171ef130127fc2a30c2632ea9d3abff/elements - {"using":"xpath","value":"//bdi[text()=\"OK\"]"}
RESULT: {"using":"xpath","value":"//bdi[text()=\"OK\"]"}
COMMAND: POST /session/b171ef130127fc2a30c2632ea9d3abff/elements - {"using":"xpath","value":"//bdi[text()=\"OK\"]"}
RESULT: {"using":"xpath","value":"//bdi[text()=\"OK\"]"}
COMMAND: POST /session/b171ef130127fc2a30c2632ea9d3abff/elements - {"using":"xpath","value":"//bdi[text()=\"OK\"]"}
RESULT: {"using":"xpath","value":"//bdi[text()=\"OK\"]"}
COMMAND: POST /session/b171ef130127fc2a30c2632ea9d3abff/elements - {"using":"xpath","value":"//bdi[text()=\"OK\"]"}
RESULT: {"using":"xpath","value":"//bdi[text()=\"OK\"]"}
COMMAND: POST /session/b171ef130127fc2a30c2632ea9d3abff/elements - {"using":"xpath","value":"//bdi[text()=\"OK\"]"}
RESULT: {"using":"xpath","value":"//bdi[text()=\"OK\"]"}
COMMAND: POST /session/b171ef130127fc2a30c2632ea9d3abff/elements - {"using":"xpath","value":"//bdi[text()=\"OK\"]"}
RESULT: {"using":"xpath","value":"//bdi[text()=\"OK\"]"}
COMMAND: POST /session/b171ef130127fc2a30c2632ea9d3abff/elements - {"using":"xpath","value":"//bdi[text()=\"OK\"]"}
RESULT: {"using":"xpath","value":"//bdi[text()=\"OK\"]"}
COMMAND: POST /session/b171ef130127fc2a30c2632ea9d3abff/elements - {"using":"xpath","value":"//bdi[text()=\"OK\"]"}
RESULT: {"using":"xpath","value":"//bdi[text()=\"OK\"]"}
COMMAND: POST /session/b171ef130127fc2a30c2632ea9d3abff/elements - {"using":"xpath","value":"//bdi[text()=\"OK\"]"}
RESULT: {"using":"xpath","value":"//bdi[text()=\"OK\"]"}
COMMAND: POST /session/b171ef130127fc2a30c2632ea9d3abff/elements - {"using":"xpath","value":"//bdi[text()=\"OK\"]"}
RESULT: {"using":"xpath","value":"//bdi[text()=\"OK\"]"}
COMMAND: POST /session/b171ef130127fc2a30c2632ea9d3abff/elements - {"using":"xpath","value":"//bdi[text()=\"OK\"]"}
RESULT: {"using":"xpath","value":"//bdi[text()=\"OK\"]"}
COMMAND: POST /session/b171ef130127fc2a30c2632ea9d3abff/elements - {"using":"xpath","value":"//bdi[text()=\"OK\"]"}
RESULT: {"using":"xpath","value":"//bdi[text()=\"OK\"]"}
COMMAND: POST /session/b171ef130127fc2a30c2632ea9d3abff/elements - {"using":"xpath","value":"//bdi[text()=\"OK\"]"}
RESULT: {"using":"xpath","value":"//bdi[text()=\"OK\"]"}
COMMAND: POST /session/b171ef130127fc2a30c2632ea9d3abff/elements - {"using":"xpath","value":"//bdi[text()=\"OK\"]"}
RESULT: {"using":"xpath","value":"//bdi[text()=\"OK\"]"}
COMMAND: POST /session/b171ef130127fc2a30c2632ea9d3abff/elements - {"using":"xpath","value":"//bdi[text()=\"OK\"]"}
RESULT: {"using":"xpath","value":"//bdi[text()=\"OK\"]"}
COMMAND: POST /session/b171ef130127fc2a30c2632ea9d3abff/elements - {"using":"xpath","value":"//bdi[text()=\"OK\"]"}
RESULT: {"using":"xpath","value":"//bdi[text()=\"OK\"]"}
COMMAND: POST /session/b171ef130127fc2a30c2632ea9d3abff/elements - {"using":"xpath","value":"//bdi[text()=\"OK\"]"}
RESULT: {"using":"xpath","value":"//bdi[text()=\"OK\"]"}
COMMAND: POST /session/b171ef130127fc2a30c2632ea9d3abff/elements - {"using":"xpath","value":"//bdi[text()=\"OK\"]"}
RESULT: {"using":"xpath","value":"//bdi[text()=\"OK\"]"}
COMMAND: POST /session/b171ef130127fc2a30c2632ea9d3abff/elements - {"using":"xpath","value":"//bdi[text()=\"OK\"]"}
RESULT: {"using":"xpath","value":"//bdi[text()=\"OK\"]"}
COMMAND: POST /session/b171ef130127fc2a30c2632ea9d3abff/elements - {"using":"xpath","value":"//bdi[text()=\"OK\"]"}
RESULT: {"using":"xpath","value":"//bdi[text()=\"OK\"]"}
COMMAND: POST /session/b171ef130127fc2a30c2632ea9d3abff/elements - {"using":"xpath","value":"//bdi[text()=\"OK\"]"}
RESULT: {"using":"xpath","value":"//bdi[text()=\"OK\"]"}
COMMAND: POST /session/b171ef130127fc2a30c2632ea9d3abff/elements - {"using":"xpath","value":"//bdi[text()=\"OK\"]"}
RESULT: {"using":"xpath","value":"//bdi[text()=\"OK\"]"}
COMMAND: POST /session/b171ef130127fc2a30c2632ea9d3abff/elements - {"using":"xpath","value":"//bdi[text()=\"OK\"]"}
RESULT: {"using":"xpath","value":"//bdi[text()=\"OK\"]"}
COMMAND: POST /session/b171ef130127fc2a30c2632ea9d3abff/elements - {"using":"xpath","value":"//bdi[text()=\"OK\"]"}
RESULT: {"using":"xpath","value":"//bdi[text()=\"OK\"]"}
COMMAND: POST /session/b171ef130127fc2a30c2632ea9d3abff/elements - {"using":"xpath","value":"//bdi[text()=\"OK\"]"}
RESULT: {"using":"xpath","value":"//bdi[text()=\"OK\"]"}
COMMAND: POST /session/b171ef130127fc2a30c2632ea9d3abff/elements - {"using":"xpath","value":"//bdi[text()=\"OK\"]"}
RESULT: {"using":"xpath","value":"//bdi[text()=\"OK\"]"}
COMMAND: POST /session/b171ef130127fc2a30c2632ea9d3abff/elements - {"using":"xpath","value":"//bdi[text()=\"OK\"]"}
RESULT: {"using":"xpath","value":"//bdi[text()=\"OK\"]"}
COMMAND: POST /session/b171ef130127fc2a30c2632ea9d3abff/elements - {"using":"xpath","value":"//bdi[text()=\"OK\"]"}
RESULT: {"using":"xpath","value":"//bdi[text()=\"OK\"]"}
COMMAND: POST /session/b171ef130127fc2a30c2632ea9d3abff/elements - {"using":"xpath","value":"//bdi[text()=\"OK\"]"}
RESULT: {"using":"xpath","value":"//bdi[text()=\"OK\"]"}
COMMAND: POST /session/b171ef130127fc2a30c2632ea9d3abff/elements - {"using":"xpath","value":"//bdi[text()=\"OK\"]"}
RESULT: {"using":"xpath","value":"//bdi[text()=\"OK\"]"}
COMMAND: POST /session/b171ef130127fc2a30c2632ea9d3abff/elements - {"using":"xpath","value":"//bdi[text()=\"OK\"]"}
RESULT: {"using":"xpath","value":"//bdi[text()=\"OK\"]"}
COMMAND: POST /session/b171ef130127fc2a30c2632ea9d3abff/elements - {"using":"xpath","value":"//bdi[text()=\"OK\"]"}
RESULT: {"using":"xpath","value":"//bdi[text()=\"OK\"]"}
COMMAND: POST /session/b171ef130127fc2a30c2632ea9d3abff/elements - {"using":"xpath","value":"//bdi[text()=\"OK\"]"}
RESULT: {"using":"xpath","value":"//bdi[text()=\"OK\"]"}
COMMAND: POST /session/b171ef130127fc2a30c2632ea9d3abff/elements - {"using":"xpath","value":"//bdi[text()=\"OK\"]"}
RESULT: {"using":"xpath","value":"//bdi[text()=\"OK\"]"}
COMMAND: POST /session/b171ef130127fc2a30c2632ea9d3abff/elements - {"using":"xpath","value":"//bdi[text()=\"OK\"]"}
RESULT: {"using":"xpath","value":"//bdi[text()=\"OK\"]"}
COMMAND: POST /session/b171ef130127fc2a30c2632ea9d3abff/elements - {"using":"xpath","value":"//bdi[text()=\"OK\"]"}
RESULT: {"using":"xpath","value":"//bdi[text()=\"OK\"]"}
COMMAND: POST /session/b171ef130127fc2a30c2632ea9d3abff/elements - {"using":"xpath","value":"//bdi[text()=\"OK\"]"}
RESULT: {"using":"xpath","value":"//bdi[text()=\"OK\"]"}
COMMAND: POST /session/b171ef130127fc2a30c2632ea9d3abff/elements - {"using":"xpath","value":"//bdi[text()=\"OK\"]"}
RESULT: {"using":"xpath","value":"//bdi[text()=\"OK\"]"}
COMMAND: POST /session/b171ef130127fc2a30c2632ea9d3abff/elements - {"using":"xpath","value":"//bdi[text()=\"OK\"]"}
RESULT: {"using":"xpath","value":"//bdi[text()=\"OK\"]"}
COMMAND: POST /session/b171ef130127fc2a30c2632ea9d3abff/elements - {"using":"xpath","value":"//bdi[text()=\"OK\"]"}
RESULT: {"using":"xpath","value":"//bdi[text()=\"OK\"]"}
COMMAND: POST /session/b171ef130127fc2a30c2632ea9d3abff/elements - {"using":"xpath","value":"//bdi[text()=\"OK\"]"}
RESULT: {"using":"xpath","value":"//bdi[text()=\"OK\"]"}
COMMAND: POST /session/b171ef130127fc2a30c2632ea9d3abff/elements - {"using":"xpath","value":"//bdi[text()=\"OK\"]"}
RESULT: {"using":"xpath","value":"//bdi[text()=\"OK\"]"}
COMMAND: POST /session/b171ef130127fc2a30c2632ea9d3abff/elements - {"using":"xpath","value":"//bdi[text()=\"OK\"]"}
RESULT: {"using":"xpath","value":"//bdi[text()=\"OK\"]"}
COMMAND: POST /session/b171ef130127fc2a30c2632ea9d3abff/elements - {"using":"xpath","value":"//bdi[text()=\"OK\"]"}
RESULT: {"using":"xpath","value":"//bdi[text()=\"OK\"]"}
COMMAND: POST /session/b171ef130127fc2a30c2632ea9d3abff/elements - {"using":"xpath","value":"//bdi[text()=\"OK\"]"}
RESULT: {"using":"xpath","value":"//bdi[text()=\"OK\"]"}
COMMAND: POST /session/b171ef130127fc2a30c2632ea9d3abff/elements - {"using":"xpath","value":"//bdi[text()=\"OK\"]"}
RESULT: {"using":"xpath","value":"//bdi[text()=\"OK\"]"}
COMMAND: POST /session/b171ef130127fc2a30c2632ea9d3abff/elements - {"using":"xpath","value":"//bdi[text()=\"OK\"]"}
RESULT: {"using":"xpath","value":"//bdi[text()=\"OK\"]"}
COMMAND: POST /session/b171ef130127fc2a30c2632ea9d3abff/elements - {"using":"xpath","value":"//bdi[text()=\"OK\"]"}
RESULT: {"using":"xpath","value":"//bdi[text()=\"OK\"]"}
COMMAND: POST /session/b171ef130127fc2a30c2632ea9d3abff/elements - {"using":"xpath","value":"//bdi[text()=\"OK\"]"}
RESULT: {"using":"xpath","value":"//bdi[text()=\"OK\"]"}
COMMAND: POST /session/b171ef130127fc2a30c2632ea9d3abff/elements - {"using":"xpath","value":"//bdi[text()=\"OK\"]"}
RESULT: {"using":"xpath","value":"//bdi[text()=\"OK\"]"}
COMMAND: POST /session/b171ef130127fc2a30c2632ea9d3abff/elements - {"using":"xpath","value":"//bdi[text()=\"OK\"]"}
RESULT: {"using":"xpath","value":"//bdi[text()=\"OK\"]"}
COMMAND: POST /session/b171ef130127fc2a30c2632ea9d3abff/elements - {"using":"xpath","value":"//bdi[text()=\"OK\"]"}
RESULT: {"using":"xpath","value":"//bdi[text()=\"OK\"]"}
COMMAND: POST /session/b171ef130127fc2a30c2632ea9d3abff/elements - {"using":"xpath","value":"//bdi[text()=\"OK\"]"}
RESULT: {"using":"xpath","value":"//bdi[text()=\"OK\"]"}
COMMAND: POST /session/b171ef130127fc2a30c2632ea9d3abff/elements - {"using":"xpath","value":"//bdi[text()=\"OK\"]"}
RESULT: {"using":"xpath","value":"//bdi[text()=\"OK\"]"}
COMMAND: POST /session/b171ef130127fc2a30c2632ea9d3abff/elements - {"using":"xpath","value":"//bdi[text()=\"OK\"]"}
RESULT: {"using":"xpath","value":"//bdi[text()=\"OK\"]"}
COMMAND: POST /session/b171ef130127fc2a30c2632ea9d3abff/execute/async - {"script":"<script> [1562 bytes]","args":[{"selector":{"id":"application-manageresources-display-component---newResourceUnit--TYPE-arrow"},"wdio_ui5_key":"applicationmanageresources-display-component---newResourceUnit--TYPE-arrow"}]}
RESULT: {"script":"<script> [1562 bytes]","args":[{"selector":{"id":"application-manageresources-display-component---newResourceUnit--TYPE-arrow"},"wdio_ui5_key":"applicationmanageresources-display-component---newResourceUnit--TYPE-arrow"}]}
RESULT: undefined
COMMAND: POST /session/b171ef130127fc2a30c2632ea9d3abff/element - {"using":"xpath","value":"//*[@id=\"application-manageresources-display-component---newResourceUnit--TYPE-arrow\"]"}
RESULT: {"using":"xpath","value":"//*[@id=\"application-manageresources-display-component---newResourceUnit--TYPE-arrow\"]"}
COMMAND: POST /session/b171ef130127fc2a30c2632ea9d3abff/element/f.727CE9CF6895B2C759CBC992552C29E0.d.929846388A03D9A6CDC94537E1B881F3.e.3038/click - {}
RESULT: {}
COMMAND: POST /session/b171ef130127fc2a30c2632ea9d3abff/execute/async - {"script":"<script> [1562 bytes]","args":[{"selector":{"controlType":"sap.m.StandardListItem","viewName":"reusables.view.manageresources.NewResourceUnit","viewId":"application-manageresources-display-component---newResourceUnit","properties":{"title":"Material"},"searchOpenDialogs":true,"interaction":{"idSuffix":"titleText"}},"wdio_ui5_key":"reusablesview.manageresources.NewResourceUnitsap.m.StandardListItem{\"title\":\"Material\"}"}]}
COMMAND: GET /session/b171ef130127fc2a30c2632ea9d3abff/screenshot - {}
RESULT: {"script":"<script> [1562 bytes]","args":[{"selector":{"controlType":"sap.m.StandardListItem","viewName":"reusables.view.manageresources.NewResourceUnit","viewId":"application-manageresources-display-component---newResourceUnit","properties":{"title":"Material"},"searchOpenDialogs":true,"interaction":{"idSuffix":"titleText"}},"wdio_ui5_key":"reusablesview.manageresources.NewResourceUnitsap.m.StandardListItem{\"title\":\"Material\"}"}]}
RESULT: undefined
COMMAND: POST /session/b171ef130127fc2a30c2632ea9d3abff/element - {"using":"xpath","value":"//*[@id=\"__item1126\"]"}
RESULT: {}
RESULT: {"using":"xpath","value":"//*[@id=\"__item1126\"]"}
COMMAND: POST /session/b171ef130127fc2a30c2632ea9d3abff/element/f.727CE9CF6895B2C759CBC992552C29E0.d.929846388A03D9A6CDC94537E1B881F3.e.3041/click - {}
RESULT: {}
COMMAND: GET /session/b171ef130127fc2a30c2632ea9d3abff/screenshot - {}
RESULT: {}
COMMAND: POST /session/b171ef130127fc2a30c2632ea9d3abff/execute/async - {"script":"<script> [1562 bytes]","args":[{"selector":{"id":"application-manageresources-display-component---newResourceUnit--newRRUPage-OPHeaderContent-collapseBtn-img"},"wdio_ui5_key":"applicationmanageresources-display-component---newResourceUnit--newRRUPage-OPHeaderContent-collapseBtn-img"}]}
RESULT: {"script":"<script> [1562 bytes]","args":[{"selector":{"id":"application-manageresources-display-component---newResourceUnit--newRRUPage-OPHeaderContent-collapseBtn-img"},"wdio_ui5_key":"applicationmanageresources-display-component---newResourceUnit--newRRUPage-OPHeaderContent-collapseBtn-img"}]}
RESULT: undefined
COMMAND: POST /session/b171ef130127fc2a30c2632ea9d3abff/element - {"using":"xpath","value":"//*[@id=\"application-manageresources-display-component---newResourceUnit--newRRUPage-OPHeaderContent-collapseBtn-img\"]"}
RESULT: {"using":"xpath","value":"//*[@id=\"application-manageresources-display-component---newResourceUnit--newRRUPage-OPHeaderContent-collapseBtn-img\"]"}
COMMAND: POST /session/b171ef130127fc2a30c2632ea9d3abff/element/f.727CE9CF6895B2C759CBC992552C29E0.d.929846388A03D9A6CDC94537E1B881F3.e.3048/click - {}
RESULT: {}
COMMAND: GET /session/b171ef130127fc2a30c2632ea9d3abff/screenshot - {}
RESULT: {}
COMMAND: POST /session/b171ef130127fc2a30c2632ea9d3abff/execute/async - {"script":"<script> [1562 bytes]","args":[{"selector":{"id":"application-manageresources-display-component---newResourceUnit--SHORT_TEXT","interaction":{"idSuffix":"inner"}},"wdio_ui5_key":"applicationmanageresources-display-component---newResourceUnit--SHORT_TEXT"}]}
RESULT: {"script":"<script> [1562 bytes]","args":[{"selector":{"id":"application-manageresources-display-component---newResourceUnit--SHORT_TEXT","interaction":{"idSuffix":"inner"}},"wdio_ui5_key":"applicationmanageresources-display-component---newResourceUnit--SHORT_TEXT"}]}
RESULT: undefined
COMMAND: POST /session/b171ef130127fc2a30c2632ea9d3abff/execute/async - {"script":"<script> [776 bytes]","args":[{"enterText":"WebdriverWHM_RUR2C8qeiof","selector":{"id":"application-manageresources-display-component---newResourceUnit--SHORT_TEXT","interaction":{"idSuffix":"inner"}},"clearTextFirst":true,"interactionType":"ENTER_TEXT"}]}
RESULT: {"script":"<script> [776 bytes]","args":[{"enterText":"WebdriverWHM_RUR2C8qeiof","selector":{"id":"application-manageresources-display-component---newResourceUnit--SHORT_TEXT","interaction":{"idSuffix":"inner"}},"clearTextFirst":true,"interactionType":"ENTER_TEXT"}]}
COMMAND: POST /session/b171ef130127fc2a30c2632ea9d3abff/execute/async - {"script":"<script> [1562 bytes]","args":[{"selector":{"id":"application-manageresources-display-component---newResourceUnit--BASE_UNIT_OF_MEASURE-arrow"},"wdio_ui5_key":"applicationmanageresources-display-component---newResourceUnit--BASE_UNIT_OF_MEASURE-arrow"}]}
RESULT: {"script":"<script> [1562 bytes]","args":[{"selector":{"id":"application-manageresources-display-component---newResourceUnit--BASE_UNIT_OF_MEASURE-arrow"},"wdio_ui5_key":"applicationmanageresources-display-component---newResourceUnit--BASE_UNIT_OF_MEASURE-arrow"}]}
RESULT: undefined
COMMAND: POST /session/b171ef130127fc2a30c2632ea9d3abff/element - {"using":"xpath","value":"//*[@id=\"application-manageresources-display-component---newResourceUnit--BASE_UNIT_OF_MEASURE-arrow\"]"}
RESULT: {"using":"xpath","value":"//*[@id=\"application-manageresources-display-component---newResourceUnit--BASE_UNIT_OF_MEASURE-arrow\"]"}
COMMAND: POST /session/b171ef130127fc2a30c2632ea9d3abff/element/f.727CE9CF6895B2C759CBC992552C29E0.d.929846388A03D9A6CDC94537E1B881F3.e.3101/click - {}
RESULT: {}
COMMAND: POST /session/b171ef130127fc2a30c2632ea9d3abff/execute/async - {"script":"<script> [1562 bytes]","args":[{"selector":{"controlType":"sap.m.StandardListItem","viewName":"reusables.view.manageresources.NewResourceUnit","viewId":"application-manageresources-display-component---newResourceUnit","properties":{"title":"Piece"},"searchOpenDialogs":true,"interaction":{"idSuffix":"content"}},"wdio_ui5_key":"reusablesview.manageresources.NewResourceUnitsap.m.StandardListItem{\"title\":\"Piece\"}"}]}
COMMAND: GET /session/b171ef130127fc2a30c2632ea9d3abff/screenshot - {}
RESULT: {"script":"<script> [1562 bytes]","args":[{"selector":{"controlType":"sap.m.StandardListItem","viewName":"reusables.view.manageresources.NewResourceUnit","viewId":"application-manageresources-display-component---newResourceUnit","properties":{"title":"Piece"},"searchOpenDialogs":true,"interaction":{"idSuffix":"content"}},"wdio_ui5_key":"reusablesview.manageresources.NewResourceUnitsap.m.StandardListItem{\"title\":\"Piece\"}"}]}
RESULT: undefined
COMMAND: POST /session/b171ef130127fc2a30c2632ea9d3abff/element - {"using":"xpath","value":"//*[@id=\"__item1170\"]"}
RESULT: {}
RESULT: {"using":"xpath","value":"//*[@id=\"__item1170\"]"}
COMMAND: POST /session/b171ef130127fc2a30c2632ea9d3abff/element/f.727CE9CF6895B2C759CBC992552C29E0.d.929846388A03D9A6CDC94537E1B881F3.e.3103/click - {}
RESULT: {}
COMMAND: POST /session/b171ef130127fc2a30c2632ea9d3abff/execute/async - {"script":"<script> [1562 bytes]","args":[{"selector":{"id":"application-manageresources-display-component---newResourceUnit--WEIGHT_UNIT-arrow"},"wdio_ui5_key":"applicationmanageresources-display-component---newResourceUnit--WEIGHT_UNIT-arrow"}]}
COMMAND: GET /session/b171ef130127fc2a30c2632ea9d3abff/screenshot - {}
RESULT: {"script":"<script> [1562 bytes]","args":[{"selector":{"id":"application-manageresources-display-component---newResourceUnit--WEIGHT_UNIT-arrow"},"wdio_ui5_key":"applicationmanageresources-display-component---newResourceUnit--WEIGHT_UNIT-arrow"}]}
RESULT: undefined
COMMAND: POST /session/b171ef130127fc2a30c2632ea9d3abff/element - {"using":"xpath","value":"//*[@id=\"application-manageresources-display-component---newResourceUnit--WEIGHT_UNIT-arrow\"]"}
RESULT: {}
RESULT: {"using":"xpath","value":"//*[@id=\"application-manageresources-display-component---newResourceUnit--WEIGHT_UNIT-arrow\"]"}
COMMAND: POST /session/b171ef130127fc2a30c2632ea9d3abff/element/f.727CE9CF6895B2C759CBC992552C29E0.d.929846388A03D9A6CDC94537E1B881F3.e.3104/click - {}
RESULT: {}
COMMAND: POST /session/b171ef130127fc2a30c2632ea9d3abff/execute/async - {"script":"<script> [1562 bytes]","args":[{"selector":{"controlType":"sap.m.StandardListItem","viewName":"reusables.view.manageresources.NewResourceUnit","viewId":"application-manageresources-display-component---newResourceUnit","properties":{"title":"Gram"},"searchOpenDialogs":true,"interaction":{"idSuffix":"content"}},"wdio_ui5_key":"reusablesview.manageresources.NewResourceUnitsap.m.StandardListItem{\"title\":\"Gram\"}"}]}
COMMAND: GET /session/b171ef130127fc2a30c2632ea9d3abff/screenshot - {}
RESULT: {"script":"<script> [1562 bytes]","args":[{"selector":{"controlType":"sap.m.StandardListItem","viewName":"reusables.view.manageresources.NewResourceUnit","viewId":"application-manageresources-display-component---newResourceUnit","properties":{"title":"Gram"},"searchOpenDialogs":true,"interaction":{"idSuffix":"content"}},"wdio_ui5_key":"reusablesview.manageresources.NewResourceUnitsap.m.StandardListItem{\"title\":\"Gram\"}"}]}
RESULT: undefined
COMMAND: POST /session/b171ef130127fc2a30c2632ea9d3abff/element - {"using":"xpath","value":"//*[@id=\"__item1235\"]"}
RESULT: {}
RESULT: {"using":"xpath","value":"//*[@id=\"__item1235\"]"}
COMMAND: POST /session/b171ef130127fc2a30c2632ea9d3abff/element/f.727CE9CF6895B2C759CBC992552C29E0.d.929846388A03D9A6CDC94537E1B881F3.e.3106/click - {}
RESULT: {}
COMMAND: POST /session/b171ef130127fc2a30c2632ea9d3abff/element - {"using":"xpath","value":"//bdi[text()='Reference']"}
COMMAND: GET /session/b171ef130127fc2a30c2632ea9d3abff/screenshot - {}
RESULT: {"using":"xpath","value":"//bdi[text()='Reference']"}
COMMAND: GET /session/b171ef130127fc2a30c2632ea9d3abff/element/f.727CE9CF6895B2C759CBC992552C29E0.d.929846388A03D9A6CDC94537E1B881F3.e.3107/enabled - {}
RESULT: {}
RESULT: {}
COMMAND: POST /session/b171ef130127fc2a30c2632ea9d3abff/execute/sync - {"script":"<script> [8489 bytes]","args":[{"element-6066-11e4-a52e-4f735466cecf":"f.727CE9CF6895B2C759CBC992552C29E0.d.929846388A03D9A6CDC94537E1B881F3.e.3107","ELEMENT":"f.727CE9CF6895B2C759CBC992552C29E0.d.929846388A03D9A6CDC94537E1B881F3.e.3107"}]}
COMMAND: GET /session/b171ef130127fc2a30c2632ea9d3abff/screenshot - {}
RESULT: {"script":"<script> [8489 bytes]","args":[{"element-6066-11e4-a52e-4f735466cecf":"f.727CE9CF6895B2C759CBC992552C29E0.d.929846388A03D9A6CDC94537E1B881F3.e.3107","ELEMENT":"f.727CE9CF6895B2C759CBC992552C29E0.d.929846388A03D9A6CDC94537E1B881F3.e.3107"}]}
COMMAND: POST /session/b171ef130127fc2a30c2632ea9d3abff/execute/sync - {"script":"<script> [5351 bytes]","args":[{"element-6066-11e4-a52e-4f735466cecf":"f.727CE9CF6895B2C759CBC992552C29E0.d.929846388A03D9A6CDC94537E1B881F3.e.3107","ELEMENT":"f.727CE9CF6895B2C759CBC992552C29E0.d.929846388A03D9A6CDC94537E1B881F3.e.3107"}]}
COMMAND: GET /session/b171ef130127fc2a30c2632ea9d3abff/screenshot - {}
RESULT: {}
RESULT: {"script":"<script> [5351 bytes]","args":[{"element-6066-11e4-a52e-4f735466cecf":"f.727CE9CF6895B2C759CBC992552C29E0.d.929846388A03D9A6CDC94537E1B881F3.e.3107","ELEMENT":"f.727CE9CF6895B2C759CBC992552C29E0.d.929846388A03D9A6CDC94537E1B881F3.e.3107"}]}
COMMAND: POST /session/b171ef130127fc2a30c2632ea9d3abff/element/f.727CE9CF6895B2C759CBC992552C29E0.d.929846388A03D9A6CDC94537E1B881F3.e.3107/click - {}
COMMAND: GET /session/b171ef130127fc2a30c2632ea9d3abff/screenshot - {}
RESULT: {}
RESULT: {}
COMMAND: POST /session/b171ef130127fc2a30c2632ea9d3abff/element - {"using":"xpath","value":"//bdi[text()='General Information']"}
COMMAND: GET /session/b171ef130127fc2a30c2632ea9d3abff/screenshot - {}
RESULT: {}
RESULT: {"using":"xpath","value":"//bdi[text()='General Information']"}
COMMAND: GET /session/b171ef130127fc2a30c2632ea9d3abff/element/f.727CE9CF6895B2C759CBC992552C29E0.d.929846388A03D9A6CDC94537E1B881F3.e.3110/enabled - {}
RESULT: {}
RESULT: {}
COMMAND: POST /session/b171ef130127fc2a30c2632ea9d3abff/execute/sync - {"script":"<script> [8489 bytes]","args":[{"element-6066-11e4-a52e-4f735466cecf":"f.727CE9CF6895B2C759CBC992552C29E0.d.929846388A03D9A6CDC94537E1B881F3.e.3110","ELEMENT":"f.727CE9CF6895B2C759CBC992552C29E0.d.929846388A03D9A6CDC94537E1B881F3.e.3110"}]}
COMMAND: GET /session/b171ef130127fc2a30c2632ea9d3abff/screenshot - {}
RESULT: {"script":"<script> [8489 bytes]","args":[{"element-6066-11e4-a52e-4f735466cecf":"f.727CE9CF6895B2C759CBC992552C29E0.d.929846388A03D9A6CDC94537E1B881F3.e.3110","ELEMENT":"f.727CE9CF6895B2C759CBC992552C29E0.d.929846388A03D9A6CDC94537E1B881F3.e.3110"}]}
COMMAND: POST /session/b171ef130127fc2a30c2632ea9d3abff/execute/sync - {"script":"<script> [5351 bytes]","args":[{"element-6066-11e4-a52e-4f735466cecf":"f.727CE9CF6895B2C759CBC992552C29E0.d.929846388A03D9A6CDC94537E1B881F3.e.3110","ELEMENT":"f.727CE9CF6895B2C759CBC992552C29E0.d.929846388A03D9A6CDC94537E1B881F3.e.3110"}]}
COMMAND: GET /session/b171ef130127fc2a30c2632ea9d3abff/screenshot - {}
RESULT: {}
RESULT: {"script":"<script> [5351 bytes]","args":[{"element-6066-11e4-a52e-4f735466cecf":"f.727CE9CF6895B2C759CBC992552C29E0.d.929846388A03D9A6CDC94537E1B881F3.e.3110","ELEMENT":"f.727CE9CF6895B2C759CBC992552C29E0.d.929846388A03D9A6CDC94537E1B881F3.e.3110"}]}
COMMAND: POST /session/b171ef130127fc2a30c2632ea9d3abff/element/f.727CE9CF6895B2C759CBC992552C29E0.d.929846388A03D9A6CDC94537E1B881F3.e.3110/click - {}
COMMAND: GET /session/b171ef130127fc2a30c2632ea9d3abff/screenshot - {}
RESULT: {}
RESULT: {}
COMMAND: POST /session/b171ef130127fc2a30c2632ea9d3abff/execute/async - {"script":"<script> [1562 bytes]","args":[{"selector":{"id":"application-manageresources-display-component---newResourceUnit--DIMENSION_UNIT-arrow"},"wdio_ui5_key":"applicationmanageresources-display-component---newResourceUnit--DIMENSION_UNIT-arrow"}]}
COMMAND: GET /session/b171ef130127fc2a30c2632ea9d3abff/screenshot - {}
RESULT: {}
RESULT: {"script":"<script> [1562 bytes]","args":[{"selector":{"id":"application-manageresources-display-component---newResourceUnit--DIMENSION_UNIT-arrow"},"wdio_ui5_key":"applicationmanageresources-display-component---newResourceUnit--DIMENSION_UNIT-arrow"}]}
RESULT: undefined
COMMAND: POST /session/b171ef130127fc2a30c2632ea9d3abff/element - {"using":"xpath","value":"//*[@id=\"application-manageresources-display-component---newResourceUnit--DIMENSION_UNIT-arrow\"]"}
RESULT: {}
RESULT: {"using":"xpath","value":"//*[@id=\"application-manageresources-display-component---newResourceUnit--DIMENSION_UNIT-arrow\"]"}
COMMAND: POST /session/b171ef130127fc2a30c2632ea9d3abff/element/f.727CE9CF6895B2C759CBC992552C29E0.d.929846388A03D9A6CDC94537E1B881F3.e.3114/click - {}
RESULT: {}
COMMAND: GET /session/b171ef130127fc2a30c2632ea9d3abff/screenshot - {}
RESULT: {}
COMMAND: POST /session/b171ef130127fc2a30c2632ea9d3abff/execute/async - {"script":"<script> [1562 bytes]","args":[{"selector":{"controlType":"sap.m.StandardListItem","viewName":"reusables.view.manageresources.NewResourceUnit","viewId":"application-manageresources-display-component---newResourceUnit","properties":{"title":"Centimeter"},"searchOpenDialogs":true,"interaction":{"idSuffix":"titleText"}},"wdio_ui5_key":"reusablesview.manageresources.NewResourceUnitsap.m.StandardListItem{\"title\":\"Centimeter\"}"}]}
RESULT: {"script":"<script> [1562 bytes]","args":[{"selector":{"controlType":"sap.m.StandardListItem","viewName":"reusables.view.manageresources.NewResourceUnit","viewId":"application-manageresources-display-component---newResourceUnit","properties":{"title":"Centimeter"},"searchOpenDialogs":true,"interaction":{"idSuffix":"titleText"}},"wdio_ui5_key":"reusablesview.manageresources.NewResourceUnitsap.m.StandardListItem{\"title\":\"Centimeter\"}"}]}
RESULT: undefined
COMMAND: POST /session/b171ef130127fc2a30c2632ea9d3abff/element - {"using":"xpath","value":"//*[@id=\"__item1238\"]"}
RESULT: {"using":"xpath","value":"//*[@id=\"__item1238\"]"}
COMMAND: POST /session/b171ef130127fc2a30c2632ea9d3abff/element/f.727CE9CF6895B2C759CBC992552C29E0.d.929846388A03D9A6CDC94537E1B881F3.e.3116/click - {}
RESULT: {}
COMMAND: POST /session/b171ef130127fc2a30c2632ea9d3abff/execute/async - {"script":"<script> [1562 bytes]","args":[{"selector":{"id":"application-manageresources-display-component---newResourceUnit--newRRUPage-anchBar-application-manageresources-display-component---newResourceUnit--reference-anchor","interaction":{"idSuffix":"BDI-content"}},"wdio_ui5_key":"applicationmanageresources-display-component---newResourceUnit--newRRUPage-anchBar-application-manageresources-display-component---newResourceUnit--reference-anchor"}]}
COMMAND: GET /session/b171ef130127fc2a30c2632ea9d3abff/screenshot - {}
RESULT: {"script":"<script> [1562 bytes]","args":[{"selector":{"id":"application-manageresources-display-component---newResourceUnit--newRRUPage-anchBar-application-manageresources-display-component---newResourceUnit--reference-anchor","interaction":{"idSuffix":"BDI-content"}},"wdio_ui5_key":"applicationmanageresources-display-component---newResourceUnit--newRRUPage-anchBar-application-manageresources-display-component---newResourceUnit--reference-anchor"}]}
RESULT: undefined
COMMAND: POST /session/b171ef130127fc2a30c2632ea9d3abff/element - {"using":"xpath","value":"//*[@id=\"application-manageresources-display-component---newResourceUnit--newRRUPage-anchBar-application-manageresources-display-component---newResourceUnit--reference-anchor\"]"}
RESULT: {}
RESULT: {"using":"xpath","value":"//*[@id=\"application-manageresources-display-component---newResourceUnit--newRRUPage-anchBar-application-manageresources-display-component---newResourceUnit--reference-anchor\"]"}
COMMAND: POST /session/b171ef130127fc2a30c2632ea9d3abff/element/f.727CE9CF6895B2C759CBC992552C29E0.d.929846388A03D9A6CDC94537E1B881F3.e.3108/click - {}
RESULT: {}
COMMAND: POST /session/b171ef130127fc2a30c2632ea9d3abff/execute/async - {"script":"<script> [1562 bytes]","args":[{"selector":{"id":"application-manageresources-display-component---newResourceUnit--PLANNING_GROUP-arrow"},"wdio_ui5_key":"applicationmanageresources-display-component---newResourceUnit--PLANNING_GROUP-arrow"}]}
COMMAND: GET /session/b171ef130127fc2a30c2632ea9d3abff/screenshot - {}
RESULT: {"script":"<script> [1562 bytes]","args":[{"selector":{"id":"application-manageresources-display-component---newResourceUnit--PLANNING_GROUP-arrow"},"wdio_ui5_key":"applicationmanageresources-display-component---newResourceUnit--PLANNING_GROUP-arrow"}]}
RESULT: undefined
COMMAND: POST /session/b171ef130127fc2a30c2632ea9d3abff/element - {"using":"xpath","value":"//*[@id=\"application-manageresources-display-component---newResourceUnit--PLANNING_GROUP-arrow\"]"}
RESULT: {}
RESULT: {"using":"xpath","value":"//*[@id=\"application-manageresources-display-component---newResourceUnit--PLANNING_GROUP-arrow\"]"}
COMMAND: POST /session/b171ef130127fc2a30c2632ea9d3abff/element/f.727CE9CF6895B2C759CBC992552C29E0.d.929846388A03D9A6CDC94537E1B881F3.e.3117/click - {}
RESULT: {}
COMMAND: POST /session/b171ef130127fc2a30c2632ea9d3abff/execute/async - {"script":"<script> [1562 bytes]","args":[{"selector":{"controlType":"sap.m.StandardListItem","viewName":"reusables.view.manageresources.NewResourceUnit","viewId":"application-manageresources-display-component---newResourceUnit","properties":{"title":"Heavy Equi"},"searchOpenDialogs":true,"interaction":{"idSuffix":"content"}},"wdio_ui5_key":"reusablesview.manageresources.NewResourceUnitsap.m.StandardListItem{\"title\":\"Heavy Equi\"}"}]}
COMMAND: GET /session/b171ef130127fc2a30c2632ea9d3abff/screenshot - {}
RESULT: {"script":"<script> [1562 bytes]","args":[{"selector":{"controlType":"sap.m.StandardListItem","viewName":"reusables.view.manageresources.NewResourceUnit","viewId":"application-manageresources-display-component---newResourceUnit","properties":{"title":"Heavy Equi"},"searchOpenDialogs":true,"interaction":{"idSuffix":"content"}},"wdio_ui5_key":"reusablesview.manageresources.NewResourceUnitsap.m.StandardListItem{\"title\":\"Heavy Equi\"}"}]}
RESULT: undefined
COMMAND: POST /session/b171ef130127fc2a30c2632ea9d3abff/element - {"using":"xpath","value":"//*[@id=\"__item1246\"]"}
RESULT: {}
RESULT: {"using":"xpath","value":"//*[@id=\"__item1246\"]"}
COMMAND: POST /session/b171ef130127fc2a30c2632ea9d3abff/element/f.727CE9CF6895B2C759CBC992552C29E0.d.929846388A03D9A6CDC94537E1B881F3.e.3119/click - {}
RESULT: {}
COMMAND: GET /session/b171ef130127fc2a30c2632ea9d3abff/screenshot - {}
RESULT: {}
COMMAND: POST /session/b171ef130127fc2a30c2632ea9d3abff/execute/async - {"script":"<script> [1562 bytes]","args":[{"selector":{"id":"application-manageresources-display-component---newResourceUnit--PLANNING_INDICATOR-arrow"},"wdio_ui5_key":"applicationmanageresources-display-component---newResourceUnit--PLANNING_INDICATOR-arrow"}]}
RESULT: {"script":"<script> [1562 bytes]","args":[{"selector":{"id":"application-manageresources-display-component---newResourceUnit--PLANNING_INDICATOR-arrow"},"wdio_ui5_key":"applicationmanageresources-display-component---newResourceUnit--PLANNING_INDICATOR-arrow"}]}
RESULT: undefined
COMMAND: POST /session/b171ef130127fc2a30c2632ea9d3abff/element - {"using":"xpath","value":"//*[@id=\"application-manageresources-display-component---newResourceUnit--PLANNING_INDICATOR-arrow\"]"}
RESULT: {"using":"xpath","value":"//*[@id=\"application-manageresources-display-component---newResourceUnit--PLANNING_INDICATOR-arrow\"]"}
COMMAND: POST /session/b171ef130127fc2a30c2632ea9d3abff/element/f.727CE9CF6895B2C759CBC992552C29E0.d.929846388A03D9A6CDC94537E1B881F3.e.3120/click - {}
RESULT: {}
COMMAND: POST /session/b171ef130127fc2a30c2632ea9d3abff/execute/async - {"script":"<script> [1562 bytes]","args":[{"selector":{"controlType":"sap.m.StandardListItem","viewName":"reusables.view.manageresources.NewResourceUnit","viewId":"application-manageresources-display-component---newResourceUnit","properties":{"title":"10 - infinite"},"searchOpenDialogs":true,"interaction":{"idSuffix":"content"}},"wdio_ui5_key":"reusablesview.manageresources.NewResourceUnitsap.m.StandardListItem{\"title\":\"10 - infinite\"}"}]}
COMMAND: GET /session/b171ef130127fc2a30c2632ea9d3abff/screenshot - {}
RESULT: {"script":"<script> [1562 bytes]","args":[{"selector":{"controlType":"sap.m.StandardListItem","viewName":"reusables.view.manageresources.NewResourceUnit","viewId":"application-manageresources-display-component---newResourceUnit","properties":{"title":"10 - infinite"},"searchOpenDialogs":true,"interaction":{"idSuffix":"content"}},"wdio_ui5_key":"reusablesview.manageresources.NewResourceUnitsap.m.StandardListItem{\"title\":\"10 - infinite\"}"}]}
RESULT: undefined
COMMAND: POST /session/b171ef130127fc2a30c2632ea9d3abff/element - {"using":"xpath","value":"//*[@id=\"__item1256\"]"}
RESULT: {}
RESULT: {"using":"xpath","value":"//*[@id=\"__item1256\"]"}
COMMAND: POST /session/b171ef130127fc2a30c2632ea9d3abff/element/f.727CE9CF6895B2C759CBC992552C29E0.d.929846388A03D9A6CDC94537E1B881F3.e.3122/click - {}
RESULT: {}
COMMAND: GET /session/b171ef130127fc2a30c2632ea9d3abff/screenshot - {}
RESULT: {}
COMMAND: POST /session/b171ef130127fc2a30c2632ea9d3abff/element - {"using":"xpath","value":"//bdi[contains(text(), \"Time Segment\")]"}
RESULT: {"using":"xpath","value":"//bdi[contains(text(), \"Time Segment\")]"}
COMMAND: GET /session/b171ef130127fc2a30c2632ea9d3abff/element/f.727CE9CF6895B2C759CBC992552C29E0.d.929846388A03D9A6CDC94537E1B881F3.e.3123/rect - {}
RESULT: {}
COMMAND: GET /session/b171ef130127fc2a30c2632ea9d3abff/window/rect - {}
RESULT: {}
COMMAND: POST /session/b171ef130127fc2a30c2632ea9d3abff/execute/sync - {"script":"<script> [92 bytes]","args":[]}
RESULT: {"script":"<script> [92 bytes]","args":[]}
COMMAND: POST /session/b171ef130127fc2a30c2632ea9d3abff/actions - {"actions":[{"id":"action13","type":"wheel","parameters":{},"actions":[{"type":"scroll","x":-1804,"y":-21,"deltaX":0,"deltaY":0,"duration":0,"origin":{"element-6066-11e4-a52e-4f735466cecf":"f.727CE9CF6895B2C759CBC992552C29E0.d.929846388A03D9A6CDC94537E1B881F3.e.3123"}}]}]}
COMMAND: GET /session/b171ef130127fc2a30c2632ea9d3abff/screenshot - {}
RESULT: {}
COMMAND: POST /session/b171ef130127fc2a30c2632ea9d3abff/execute/sync - {"script":"<script> [79 bytes]","args":[{"element-6066-11e4-a52e-4f735466cecf":"f.727CE9CF6895B2C759CBC992552C29E0.d.929846388A03D9A6CDC94537E1B881F3.e.3123","ELEMENT":"f.727CE9CF6895B2C759CBC992552C29E0.d.929846388A03D9A6CDC94537E1B881F3.e.3123"},{"block":"start","inline":"nearest"}]}
RESULT: {"script":"<script> [79 bytes]","args":[{"element-6066-11e4-a52e-4f735466cecf":"f.727CE9CF6895B2C759CBC992552C29E0.d.929846388A03D9A6CDC94537E1B881F3.e.3123","ELEMENT":"f.727CE9CF6895B2C759CBC992552C29E0.d.929846388A03D9A6CDC94537E1B881F3.e.3123"},{"block":"start","inline":"nearest"}]}
COMMAND: GET /session/b171ef130127fc2a30c2632ea9d3abff/screenshot - {}
RESULT: {}
COMMAND: POST /session/b171ef130127fc2a30c2632ea9d3abff/element - {"using":"xpath","value":"//span[@id=\"application-manageresources-display-component---newResourceUnit--btnAddTimeSegment-img\"]"}
RESULT: {"using":"xpath","value":"//span[@id=\"application-manageresources-display-component---newResourceUnit--btnAddTimeSegment-img\"]"}
COMMAND: POST /session/b171ef130127fc2a30c2632ea9d3abff/execute/sync - {"script":"<script> [8489 bytes]","args":[{"element-6066-11e4-a52e-4f735466cecf":"f.727CE9CF6895B2C759CBC992552C29E0.d.929846388A03D9A6CDC94537E1B881F3.e.3126","ELEMENT":"f.727CE9CF6895B2C759CBC992552C29E0.d.929846388A03D9A6CDC94537E1B881F3.e.3126"}]}
RESULT: {"script":"<script> [8489 bytes]","args":[{"element-6066-11e4-a52e-4f735466cecf":"f.727CE9CF6895B2C759CBC992552C29E0.d.929846388A03D9A6CDC94537E1B881F3.e.3126","ELEMENT":"f.727CE9CF6895B2C759CBC992552C29E0.d.929846388A03D9A6CDC94537E1B881F3.e.3126"}]}
COMMAND: POST /session/b171ef130127fc2a30c2632ea9d3abff/element/f.727CE9CF6895B2C759CBC992552C29E0.d.929846388A03D9A6CDC94537E1B881F3.e.3126/click - {}
COMMAND: GET /session/b171ef130127fc2a30c2632ea9d3abff/screenshot - {}
RESULT: {}
COMMAND: GET /session/b171ef130127fc2a30c2632ea9d3abff/screenshot - {}
COMMAND: POST /session/b171ef130127fc2a30c2632ea9d3abff/element - {"using":"xpath","value":"//input[@id=\"application-manageresources-display-component---newResourceUnit--idRuTSAdmin-application-manageresources-display-component---newResourceUnit--RUTimeSegment-0-inner\"]"}
RESULT: {}
RESULT: {}
RESULT: {"using":"xpath","value":"//input[@id=\"application-manageresources-display-component---newResourceUnit--idRuTSAdmin-application-manageresources-display-component---newResourceUnit--RUTimeSegment-0-inner\"]"}
COMMAND: POST /session/b171ef130127fc2a30c2632ea9d3abff/element/f.727CE9CF6895B2C759CBC992552C29E0.d.929846388A03D9A6CDC94537E1B881F3.e.3129/clear - {}
RESULT: {}
COMMAND: POST /session/b171ef130127fc2a30c2632ea9d3abff/element/f.727CE9CF6895B2C759CBC992552C29E0.d.929846388A03D9A6CDC94537E1B881F3.e.3129/value - {"text":"634"}
COMMAND: GET /session/b171ef130127fc2a30c2632ea9d3abff/screenshot - {}
RESULT: {"text":"634"}
COMMAND: GET /session/b171ef130127fc2a30c2632ea9d3abff/screenshot - {}
RESULT: {}
RESULT: {}
COMMAND: POST /session/b171ef130127fc2a30c2632ea9d3abff/actions - {"actions":[{"id":"action14","type":"key","parameters":{},"actions":[{"type":"keyDown","value":"î€‡"},{"type":"pause","duration":10},{"type":"keyUp","value":"î€‡"}]}]}
RESULT: {"actions":[{"id":"action14","type":"key","parameters":{},"actions":[{"type":"keyDown","value":"î€‡"},{"type":"pause","duration":10},{"type":"keyUp","value":"î€‡"}]}]}
COMMAND: POST /session/b171ef130127fc2a30c2632ea9d3abff/execute/async - {"script":"<script> [1562 bytes]","args":[{"selector":{"controlType":"sap.m.Button","viewName":"reusables.view.manageresources.NewResourceUnit","viewId":"application-manageresources-display-component---newResourceUnit","i18NText":{"propertyName":"tooltip","key":"save"},"interaction":{"idSuffix":"BDI-content"}},"wdio_ui5_key":"reusablesview.manageresources.NewResourceUnitsap.m.Button{\"propertyName\":\"tooltip\",\"key\":\"save\"}"}]}
COMMAND: GET /session/b171ef130127fc2a30c2632ea9d3abff/screenshot - {}
RESULT: {"script":"<script> [1562 bytes]","args":[{"selector":{"controlType":"sap.m.Button","viewName":"reusables.view.manageresources.NewResourceUnit","viewId":"application-manageresources-display-component---newResourceUnit","i18NText":{"propertyName":"tooltip","key":"save"},"interaction":{"idSuffix":"BDI-content"}},"wdio_ui5_key":"reusablesview.manageresources.NewResourceUnitsap.m.Button{\"propertyName\":\"tooltip\",\"key\":\"save\"}"}]}
RESULT: undefined
COMMAND: POST /session/b171ef130127fc2a30c2632ea9d3abff/element - {"using":"xpath","value":"//*[@id=\"application-manageresources-display-component---newResourceUnit--createRuButton\"]"}
RESULT: {}
RESULT: {"using":"xpath","value":"//*[@id=\"application-manageresources-display-component---newResourceUnit--createRuButton\"]"}
COMMAND: POST /session/b171ef130127fc2a30c2632ea9d3abff/element/f.727CE9CF6895B2C759CBC992552C29E0.d.929846388A03D9A6CDC94537E1B881F3.e.3054/click - {}
RESULT: {}
COMMAND: GET /session/b171ef130127fc2a30c2632ea9d3abff/screenshot - {}
RESULT: {}
COMMAND: POST /session/b171ef130127fc2a30c2632ea9d3abff/execute/async - {"script":"<script> [1562 bytes]","args":[{"selector":{"controlType":"sap.m.Title","properties":{"text":"Success"},"searchOpenDialogs":true},"wdio_ui5_key":"sapm.Title{\"text\":\"Success\"}"}]}
RESULT: {"script":"<script> [1562 bytes]","args":[{"selector":{"controlType":"sap.m.Title","properties":{"text":"Success"},"searchOpenDialogs":true},"wdio_ui5_key":"sapm.Title{\"text\":\"Success\"}"}]}
RESULT: undefined
COMMAND: POST /session/b171ef130127fc2a30c2632ea9d3abff/execute/async - {"script":"<script> [6424 bytes]","args":[{"element-6066-11e4-a52e-4f735466cecf":"f.727CE9CF6895B2C759CBC992552C29E0.d.929846388A03D9A6CDC94537E1B881F3.e.3145"},"getText",[]]}
RESULT: {"script":"<script> [6424 bytes]","args":[{"element-6066-11e4-a52e-4f735466cecf":"f.727CE9CF6895B2C759CBC992552C29E0.d.929846388A03D9A6CDC94537E1B881F3.e.3145"},"getText",[]]}
COMMAND: POST /session/b171ef130127fc2a30c2632ea9d3abff/element - {"using":"xpath","value":"//*[contains(@id, '__text') and (contains(text(), 'successfully created') or contains(., 'successfully created'))]"}
RESULT: {"using":"xpath","value":"//*[contains(@id, '__text') and (contains(text(), 'successfully created') or contains(., 'successfully created'))]"}
COMMAND: GET /session/b171ef130127fc2a30c2632ea9d3abff/element/f.727CE9CF6895B2C759CBC992552C29E0.d.929846388A03D9A6CDC94537E1B881F3.e.3143/text - {}
RESULT: {}
COMMAND: POST /session/b171ef130127fc2a30c2632ea9d3abff/execute/async - {"script":"<script> [1562 bytes]","args":[{"selector":{"controlType":"sap.m.Button","properties":{"text":"Close"},"searchOpenDialogs":true,"interaction":{"idSuffix":"BDI-content"}},"wdio_ui5_key":"sapm.Button{\"text\":\"Close\"}"}]}
RESULT: {"script":"<script> [1562 bytes]","args":[{"selector":{"controlType":"sap.m.Button","properties":{"text":"Close"},"searchOpenDialogs":true,"interaction":{"idSuffix":"BDI-content"}},"wdio_ui5_key":"sapm.Button{\"text\":\"Close\"}"}]}
RESULT: undefined
COMMAND: POST /session/b171ef130127fc2a30c2632ea9d3abff/element - {"using":"xpath","value":"//*[@id=\"__mbox-btn-0\"]"}
RESULT: {"using":"xpath","value":"//*[@id=\"__mbox-btn-0\"]"}
COMMAND: POST /session/b171ef130127fc2a30c2632ea9d3abff/element/f.727CE9CF6895B2C759CBC992552C29E0.d.929846388A03D9A6CDC94537E1B881F3.e.3141/click - {}
RESULT: {}
COMMAND: GET /session/b171ef130127fc2a30c2632ea9d3abff/screenshot - {}
RESULT: {}
COMMAND: POST /session/b171ef130127fc2a30c2632ea9d3abff/execute/async - {"script":"<script> [1562 bytes]","args":[{"selector":{"controlType":"sap.ui.core.Icon","viewName":"etm.portal.ui.manageresources.view.Detail","viewId":"application-manageresources-display-component---detailRU","properties":{"src":{"regex":{"source":"overflow"}}}},"wdio_ui5_key":"etmportal.ui.manageresources.view.Detailsap.ui.core.Icon{\"src\":{\"regex\":{\"source\":\"overflow\"}}}"}]}
RESULT: {"script":"<script> [1562 bytes]","args":[{"selector":{"controlType":"sap.ui.core.Icon","viewName":"etm.portal.ui.manageresources.view.Detail","viewId":"application-manageresources-display-component---detailRU","properties":{"src":{"regex":{"source":"overflow"}}}},"wdio_ui5_key":"etmportal.ui.manageresources.view.Detailsap.ui.core.Icon{\"src\":{\"regex\":{\"source\":\"overflow\"}}}"}]}
RESULT: undefined
COMMAND: POST /session/b171ef130127fc2a30c2632ea9d3abff/element - {"using":"xpath","value":"//*[@id=\"__title35-_actionsToolbar-overflowButton-img\"]"}
RESULT: {"using":"xpath","value":"//*[@id=\"__title35-_actionsToolbar-overflowButton-img\"]"}
COMMAND: POST /session/b171ef130127fc2a30c2632ea9d3abff/element/f.727CE9CF6895B2C759CBC992552C29E0.d.929846388A03D9A6CDC94537E1B881F3.e.3176/click - {}
RESULT: {}
COMMAND: POST /session/b171ef130127fc2a30c2632ea9d3abff/execute/async - {"script":"<script> [1562 bytes]","args":[{"selector":{"controlType":"sap.m.Button","viewName":"etm.portal.ui.manageresources.view.Detail","viewId":"application-manageresources-display-component---detailRU","i18NText":{"propertyName":"tooltip","key":"closeColumn"},"searchOpenDialogs":true,"interaction":{"idSuffix":"inner"}},"wdio_ui5_key":"etmportal.ui.manageresources.view.Detailsap.m.Button{\"propertyName\":\"tooltip\",\"key\":\"closeColumn\"}"}]}
COMMAND: GET /session/b171ef130127fc2a30c2632ea9d3abff/screenshot - {}
RESULT: {"script":"<script> [1562 bytes]","args":[{"selector":{"controlType":"sap.m.Button","viewName":"etm.portal.ui.manageresources.view.Detail","viewId":"application-manageresources-display-component---detailRU","i18NText":{"propertyName":"tooltip","key":"closeColumn"},"searchOpenDialogs":true,"interaction":{"idSuffix":"inner"}},"wdio_ui5_key":"etmportal.ui.manageresources.view.Detailsap.m.Button{\"propertyName\":\"tooltip\",\"key\":\"closeColumn\"}"}]}
RESULT: undefined
COMMAND: POST /session/b171ef130127fc2a30c2632ea9d3abff/element - {"using":"xpath","value":"//*[@id=\"__button146\"]"}
RESULT: {}
RESULT: {"using":"xpath","value":"//*[@id=\"__button146\"]"}
COMMAND: POST /session/b171ef130127fc2a30c2632ea9d3abff/element/f.727CE9CF6895B2C759CBC992552C29E0.d.929846388A03D9A6CDC94537E1B881F3.e.3180/click - {}
RESULT: {}
COMMAND: POST /session/b171ef130127fc2a30c2632ea9d3abff/element - {"using":"css selector","value":"#shell-header-logo"}
COMMAND: GET /session/b171ef130127fc2a30c2632ea9d3abff/screenshot - {}
RESULT: {"using":"css selector","value":"#shell-header-logo"}
COMMAND: POST /session/b171ef130127fc2a30c2632ea9d3abff/element/f.727CE9CF6895B2C759CBC992552C29E0.d.929846388A03D9A6CDC94537E1B881F3.e.2539/click - {}
RESULT: {}
RESULT: {}
COMMAND: GET /session/b171ef130127fc2a30c2632ea9d3abff/screenshot - {}
RESULT: {}
]]></system-out>
    </testcase>
    <testcase classname="chrome.135_0_7049_115.windows.Stock_increase_-_with_WHM_US125587" name="Bin Status Report Should Create New Organization yard" time="45.037">
      <system-out><![CDATA[
COMMAND: POST /session/b171ef130127fc2a30c2632ea9d3abff/element - {"using":"xpath","value":"//div[text()='Warehouse']"}
RESULT: {"using":"xpath","value":"//div[text()='Warehouse']"}
COMMAND: POST /session/b171ef130127fc2a30c2632ea9d3abff/elements - {"using":"xpath","value":"//div[text()='Warehouse']"}
RESULT: {"using":"xpath","value":"//div[text()='Warehouse']"}
COMMAND: POST /session/b171ef130127fc2a30c2632ea9d3abff/element/f.727CE9CF6895B2C759CBC992552C29E0.d.929846388A03D9A6CDC94537E1B881F3.e.3335/click - {}
RESULT: {}
COMMAND: POST /session/b171ef130127fc2a30c2632ea9d3abff/execute/async - {"script":"<script> [1562 bytes]","args":[{"selector":{"controlType":"sap.m.GenericTile","properties":{"header":"Bin Status Report"}},"wdio_ui5_key":"sapm.GenericTile{\"header\":\"Bin Status Report\"}"}]}
COMMAND: GET /session/b171ef130127fc2a30c2632ea9d3abff/screenshot - {}
RESULT: {"script":"<script> [1562 bytes]","args":[{"selector":{"controlType":"sap.m.GenericTile","properties":{"header":"Bin Status Report"}},"wdio_ui5_key":"sapm.GenericTile{\"header\":\"Bin Status Report\"}"}]}
RESULT: undefined
COMMAND: POST /session/b171ef130127fc2a30c2632ea9d3abff/element - {"using":"xpath","value":"//*[@id=\"__tile108\"]"}
RESULT: {}
RESULT: {"using":"xpath","value":"//*[@id=\"__tile108\"]"}
COMMAND: POST /session/b171ef130127fc2a30c2632ea9d3abff/element/f.727CE9CF6895B2C759CBC992552C29E0.d.929846388A03D9A6CDC94537E1B881F3.e.3336/click - {}
RESULT: {}
COMMAND: GET /session/b171ef130127fc2a30c2632ea9d3abff/screenshot - {}
RESULT: {}
COMMAND: POST /session/b171ef130127fc2a30c2632ea9d3abff/element - {"using":"xpath","value":"//bdi[text()='Create New Organization']"}
RESULT: {"using":"xpath","value":"//bdi[text()='Create New Organization']"}
COMMAND: POST /session/b171ef130127fc2a30c2632ea9d3abff/elements - {"using":"xpath","value":"//bdi[text()='Create New Organization']"}
RESULT: {"using":"xpath","value":"//bdi[text()='Create New Organization']"}
COMMAND: POST /session/b171ef130127fc2a30c2632ea9d3abff/element/f.727CE9CF6895B2C759CBC992552C29E0.d.929846388A03D9A6CDC94537E1B881F3.e.3432/click - {}
RESULT: {}
COMMAND: POST /session/b171ef130127fc2a30c2632ea9d3abff/execute/async - {"script":"<script> [1562 bytes]","args":[{"selector":{"id":"createOrganizationPop--sectionInput","searchOpenDialogs":true,"interaction":{"idSuffix":"inner"}},"wdio_ui5_key":"createOrganizationPopsectionInput"}]}
COMMAND: GET /session/b171ef130127fc2a30c2632ea9d3abff/screenshot - {}
RESULT: {"script":"<script> [1562 bytes]","args":[{"selector":{"id":"createOrganizationPop--sectionInput","searchOpenDialogs":true,"interaction":{"idSuffix":"inner"}},"wdio_ui5_key":"createOrganizationPopsectionInput"}]}
RESULT: undefined
COMMAND: POST /session/b171ef130127fc2a30c2632ea9d3abff/execute/async - {"script":"<script> [776 bytes]","args":[{"enterText":"WHI8qeiof","selector":{"id":"createOrganizationPop--sectionInput","searchOpenDialogs":true,"interaction":{"idSuffix":"inner"}},"clearTextFirst":true,"interactionType":"ENTER_TEXT"}]}
RESULT: {}
RESULT: {"script":"<script> [776 bytes]","args":[{"enterText":"WHI8qeiof","selector":{"id":"createOrganizationPop--sectionInput","searchOpenDialogs":true,"interaction":{"idSuffix":"inner"}},"clearTextFirst":true,"interactionType":"ENTER_TEXT"}]}
COMMAND: POST /session/b171ef130127fc2a30c2632ea9d3abff/execute/async - {"script":"<script> [1562 bytes]","args":[{"selector":{"id":"createOrganizationPop--descriptionInput","searchOpenDialogs":true,"interaction":{"idSuffix":"inner"}},"wdio_ui5_key":"createOrganizationPopdescriptionInput"}]}
RESULT: {"script":"<script> [1562 bytes]","args":[{"selector":{"id":"createOrganizationPop--descriptionInput","searchOpenDialogs":true,"interaction":{"idSuffix":"inner"}},"wdio_ui5_key":"createOrganizationPopdescriptionInput"}]}
RESULT: undefined
COMMAND: POST /session/b171ef130127fc2a30c2632ea9d3abff/execute/async - {"script":"<script> [776 bytes]","args":[{"enterText":"WHI8qeiof","selector":{"id":"createOrganizationPop--descriptionInput","searchOpenDialogs":true,"interaction":{"idSuffix":"inner"}},"clearTextFirst":true,"interactionType":"ENTER_TEXT"}]}
RESULT: {"script":"<script> [776 bytes]","args":[{"enterText":"WHI8qeiof","selector":{"id":"createOrganizationPop--descriptionInput","searchOpenDialogs":true,"interaction":{"idSuffix":"inner"}},"clearTextFirst":true,"interactionType":"ENTER_TEXT"}]}
COMMAND: POST /session/b171ef130127fc2a30c2632ea9d3abff/element - {"using":"css selector","value":"#createOrganizationPop--yardOrg-inner"}
RESULT: {"using":"css selector","value":"#createOrganizationPop--yardOrg-inner"}
COMMAND: POST /session/b171ef130127fc2a30c2632ea9d3abff/element/f.727CE9CF6895B2C759CBC992552C29E0.d.929846388A03D9A6CDC94537E1B881F3.e.3436/clear - {}
RESULT: {}
COMMAND: POST /session/b171ef130127fc2a30c2632ea9d3abff/element/f.727CE9CF6895B2C759CBC992552C29E0.d.929846388A03D9A6CDC94537E1B881F3.e.3436/value - {"text":"634"}
COMMAND: GET /session/b171ef130127fc2a30c2632ea9d3abff/screenshot - {}
RESULT: {"text":"634"}
COMMAND: GET /session/b171ef130127fc2a30c2632ea9d3abff/screenshot - {}
RESULT: {}
RESULT: {}
COMMAND: POST /session/b171ef130127fc2a30c2632ea9d3abff/actions - {"actions":[{"id":"action15","type":"key","parameters":{},"actions":[{"type":"keyDown","value":"î€‡"},{"type":"pause","duration":10},{"type":"keyUp","value":"î€‡"}]}]}
RESULT: {"actions":[{"id":"action15","type":"key","parameters":{},"actions":[{"type":"keyDown","value":"î€‡"},{"type":"pause","duration":10},{"type":"keyUp","value":"î€‡"}]}]}
COMMAND: POST /session/b171ef130127fc2a30c2632ea9d3abff/execute/async - {"script":"<script> [1562 bytes]","args":[{"selector":{"id":"createOrganizationPop--grZone","searchOpenDialogs":true,"interaction":{"idSuffix":"CbBg"}},"wdio_ui5_key":"createOrganizationPopgrZone"}]}
COMMAND: GET /session/b171ef130127fc2a30c2632ea9d3abff/screenshot - {}
RESULT: {"script":"<script> [1562 bytes]","args":[{"selector":{"id":"createOrganizationPop--grZone","searchOpenDialogs":true,"interaction":{"idSuffix":"CbBg"}},"wdio_ui5_key":"createOrganizationPopgrZone"}]}
RESULT: undefined
COMMAND: POST /session/b171ef130127fc2a30c2632ea9d3abff/element - {"using":"xpath","value":"//*[@id=\"createOrganizationPop--grZone\"]"}
RESULT: {}
RESULT: {"using":"xpath","value":"//*[@id=\"createOrganizationPop--grZone\"]"}
COMMAND: POST /session/b171ef130127fc2a30c2632ea9d3abff/element/f.727CE9CF6895B2C759CBC992552C29E0.d.929846388A03D9A6CDC94537E1B881F3.e.3456/click - {}
RESULT: {}
COMMAND: POST /session/b171ef130127fc2a30c2632ea9d3abff/execute/async - {"script":"<script> [1562 bytes]","args":[{"selector":{"id":"createOrganizationPop--giZone","searchOpenDialogs":true,"interaction":{"idSuffix":"CbBg"}},"wdio_ui5_key":"createOrganizationPopgiZone"}]}
COMMAND: GET /session/b171ef130127fc2a30c2632ea9d3abff/screenshot - {}
RESULT: {"script":"<script> [1562 bytes]","args":[{"selector":{"id":"createOrganizationPop--giZone","searchOpenDialogs":true,"interaction":{"idSuffix":"CbBg"}},"wdio_ui5_key":"createOrganizationPopgiZone"}]}
RESULT: undefined
COMMAND: POST /session/b171ef130127fc2a30c2632ea9d3abff/element - {"using":"xpath","value":"//*[@id=\"createOrganizationPop--giZone\"]"}
RESULT: {}
RESULT: {"using":"xpath","value":"//*[@id=\"createOrganizationPop--giZone\"]"}
COMMAND: POST /session/b171ef130127fc2a30c2632ea9d3abff/element/f.727CE9CF6895B2C759CBC992552C29E0.d.929846388A03D9A6CDC94537E1B881F3.e.3458/click - {}
RESULT: {}
COMMAND: POST /session/b171ef130127fc2a30c2632ea9d3abff/execute/async - {"script":"<script> [1562 bytes]","args":[{"selector":{"id":"createOrganizationPop--binNoInput","searchOpenDialogs":true,"interaction":{"idSuffix":"inner"}},"wdio_ui5_key":"createOrganizationPopbinNoInput"}]}
COMMAND: GET /session/b171ef130127fc2a30c2632ea9d3abff/screenshot - {}
RESULT: {"script":"<script> [1562 bytes]","args":[{"selector":{"id":"createOrganizationPop--binNoInput","searchOpenDialogs":true,"interaction":{"idSuffix":"inner"}},"wdio_ui5_key":"createOrganizationPopbinNoInput"}]}
RESULT: undefined
COMMAND: POST /session/b171ef130127fc2a30c2632ea9d3abff/execute/async - {"script":"<script> [776 bytes]","args":[{"enterText":"Bin-Wd","selector":{"id":"createOrganizationPop--binNoInput","searchOpenDialogs":true,"interaction":{"idSuffix":"inner"}},"clearTextFirst":true,"interactionType":"ENTER_TEXT"}]}
RESULT: {}
RESULT: {"script":"<script> [776 bytes]","args":[{"enterText":"Bin-Wd","selector":{"id":"createOrganizationPop--binNoInput","searchOpenDialogs":true,"interaction":{"idSuffix":"inner"}},"clearTextFirst":true,"interactionType":"ENTER_TEXT"}]}
COMMAND: POST /session/b171ef130127fc2a30c2632ea9d3abff/execute/async - {"script":"<script> [1562 bytes]","args":[{"selector":{"id":"createOrganizationPop--descriptionId","searchOpenDialogs":true,"interaction":{"idSuffix":"inner"}},"wdio_ui5_key":"createOrganizationPopdescriptionId"}]}
RESULT: {"script":"<script> [1562 bytes]","args":[{"selector":{"id":"createOrganizationPop--descriptionId","searchOpenDialogs":true,"interaction":{"idSuffix":"inner"}},"wdio_ui5_key":"createOrganizationPopdescriptionId"}]}
RESULT: undefined
COMMAND: POST /session/b171ef130127fc2a30c2632ea9d3abff/execute/async - {"script":"<script> [776 bytes]","args":[{"enterText":"Shipping-Wd","selector":{"id":"createOrganizationPop--descriptionId","searchOpenDialogs":true,"interaction":{"idSuffix":"inner"}},"clearTextFirst":true,"interactionType":"ENTER_TEXT"}]}
RESULT: {"script":"<script> [776 bytes]","args":[{"enterText":"Shipping-Wd","selector":{"id":"createOrganizationPop--descriptionId","searchOpenDialogs":true,"interaction":{"idSuffix":"inner"}},"clearTextFirst":true,"interactionType":"ENTER_TEXT"}]}
COMMAND: POST /session/b171ef130127fc2a30c2632ea9d3abff/execute/async - {"script":"<script> [1562 bytes]","args":[{"selector":{"controlType":"sap.m.CheckBox","viewName":"etm.portal.ui.binstatusreport.view.MasterWareBins","viewId":"application-binstatusreport-display-component---warehousing","bindingPath":{"path":"","propertyPath":"/ZONE","modelName":"newBin"},"searchOpenDialogs":true,"interaction":{"idSuffix":"CbBg"}},"wdio_ui5_key":"etmportal.ui.binstatusreport.view.MasterWareBinssap.m.CheckBox{\"path\":\"\",\"propertyPath\":\"/ZONE\",\"modelName\":\"newBin\"}"}]}
RESULT: {"script":"<script> [1562 bytes]","args":[{"selector":{"controlType":"sap.m.CheckBox","viewName":"etm.portal.ui.binstatusreport.view.MasterWareBins","viewId":"application-binstatusreport-display-component---warehousing","bindingPath":{"path":"","propertyPath":"/ZONE","modelName":"newBin"},"searchOpenDialogs":true,"interaction":{"idSuffix":"CbBg"}},"wdio_ui5_key":"etmportal.ui.binstatusreport.view.MasterWareBinssap.m.CheckBox{\"path\":\"\",\"propertyPath\":\"/ZONE\",\"modelName\":\"newBin\"}"}]}
RESULT: undefined
COMMAND: POST /session/b171ef130127fc2a30c2632ea9d3abff/element - {"using":"xpath","value":"//*[@id=\"__box41\"]"}
RESULT: {"using":"xpath","value":"//*[@id=\"__box41\"]"}
COMMAND: POST /session/b171ef130127fc2a30c2632ea9d3abff/element/f.727CE9CF6895B2C759CBC992552C29E0.d.929846388A03D9A6CDC94537E1B881F3.e.3462/click - {}
RESULT: {}
COMMAND: POST /session/b171ef130127fc2a30c2632ea9d3abff/execute/async - {"script":"<script> [1562 bytes]","args":[{"selector":{"id":"createOrganizationPop--binTypesCB-arrow","searchOpenDialogs":true},"wdio_ui5_key":"createOrganizationPopbinTypesCB-arrow"}]}
COMMAND: GET /session/b171ef130127fc2a30c2632ea9d3abff/screenshot - {}
RESULT: {"script":"<script> [1562 bytes]","args":[{"selector":{"id":"createOrganizationPop--binTypesCB-arrow","searchOpenDialogs":true},"wdio_ui5_key":"createOrganizationPopbinTypesCB-arrow"}]}
RESULT: undefined
COMMAND: POST /session/b171ef130127fc2a30c2632ea9d3abff/element - {"using":"xpath","value":"//*[@id=\"createOrganizationPop--binTypesCB-arrow\"]"}
RESULT: {}
RESULT: {"using":"xpath","value":"//*[@id=\"createOrganizationPop--binTypesCB-arrow\"]"}
COMMAND: POST /session/b171ef130127fc2a30c2632ea9d3abff/element/f.727CE9CF6895B2C759CBC992552C29E0.d.929846388A03D9A6CDC94537E1B881F3.e.3463/click - {}
RESULT: {}
COMMAND: POST /session/b171ef130127fc2a30c2632ea9d3abff/execute/async - {"script":"<script> [1562 bytes]","args":[{"selector":{"id":"createOrganizationPop--binTypesCB","searchOpenDialogs":true,"interaction":{"idSuffix":"inner"}},"wdio_ui5_key":"createOrganizationPopbinTypesCB"}]}
COMMAND: GET /session/b171ef130127fc2a30c2632ea9d3abff/screenshot - {}
RESULT: {"script":"<script> [1562 bytes]","args":[{"selector":{"id":"createOrganizationPop--binTypesCB","searchOpenDialogs":true,"interaction":{"idSuffix":"inner"}},"wdio_ui5_key":"createOrganizationPopbinTypesCB"}]}
RESULT: undefined
COMMAND: POST /session/b171ef130127fc2a30c2632ea9d3abff/execute/async - {"script":"<script> [776 bytes]","args":[{"enterText":"1 - General / No capacity check","selector":{"id":"createOrganizationPop--binTypesCB","searchOpenDialogs":true,"interaction":{"idSuffix":"inner"}},"clearTextFirst":true,"interactionType":"ENTER_TEXT"}]}
RESULT: {}
RESULT: {"script":"<script> [776 bytes]","args":[{"enterText":"1 - General / No capacity check","selector":{"id":"createOrganizationPop--binTypesCB","searchOpenDialogs":true,"interaction":{"idSuffix":"inner"}},"clearTextFirst":true,"interactionType":"ENTER_TEXT"}]}
COMMAND: POST /session/b171ef130127fc2a30c2632ea9d3abff/actions - {"actions":[{"id":"action16","type":"key","parameters":{},"actions":[{"type":"keyDown","value":"î€‡"},{"type":"pause","duration":10},{"type":"keyUp","value":"î€‡"}]}]}
RESULT: {"actions":[{"id":"action16","type":"key","parameters":{},"actions":[{"type":"keyDown","value":"î€‡"},{"type":"pause","duration":10},{"type":"keyUp","value":"î€‡"}]}]}
COMMAND: GET /session/b171ef130127fc2a30c2632ea9d3abff/screenshot - {}
RESULT: {}
COMMAND: POST /session/b171ef130127fc2a30c2632ea9d3abff/execute/async - {"script":"<script> [1562 bytes]","args":[{"selector":{"id":"createOrganizationPop--finishBtn","searchOpenDialogs":true,"interaction":{"idSuffix":"BDI-content"}},"wdio_ui5_key":"createOrganizationPopfinishBtn"}]}
RESULT: {"script":"<script> [1562 bytes]","args":[{"selector":{"id":"createOrganizationPop--finishBtn","searchOpenDialogs":true,"interaction":{"idSuffix":"BDI-content"}},"wdio_ui5_key":"createOrganizationPopfinishBtn"}]}
RESULT: undefined
COMMAND: POST /session/b171ef130127fc2a30c2632ea9d3abff/element - {"using":"xpath","value":"//*[@id=\"createOrganizationPop--finishBtn\"]"}
RESULT: {"using":"xpath","value":"//*[@id=\"createOrganizationPop--finishBtn\"]"}
COMMAND: POST /session/b171ef130127fc2a30c2632ea9d3abff/element/f.727CE9CF6895B2C759CBC992552C29E0.d.929846388A03D9A6CDC94537E1B881F3.e.3466/click - {}
RESULT: {}
]]></system-out>
    </testcase>
  </testsuite>
  <testsuite timestamp="2025-05-06T16:29:52" time="533.034" tests="6" failures="0" errors="0" skipped="0">
    <properties>
      <property name="specId" value="0" />
      <property name="suiteName" value="Provide to Site w/ warehouse management w/ clarification US115878" />
      <property name="capabilities" value="chrome.135_0_7049_115.windows" />
      <property name="file" value="file:///D:/a/1/s/test/specs/HTR/provide-to-site-w-warehouse-w-clarification.spec.js" />
    </properties>
    <testcase classname="chrome.135_0_7049_115.windows.Provide_to_Site_w/_warehouse_management_w/_clarification_US115878" name="Should create a new WHM yard" time="109.756">
      <system-out><![CDATA[
COMMAND: POST /session/b171ef130127fc2a30c2632ea9d3abff/window/fullscreen - {}
RESULT: {}
COMMAND: POST /session/b171ef130127fc2a30c2632ea9d3abff/execute/async - {"script":"<script> [1562 bytes]","args":[{"selector":{"controlType":"sap.m.GenericTile","properties":{"header":"Manage Yards"}},"wdio_ui5_key":"sapm.GenericTile{\"header\":\"Manage Yards\"}"}]}
RESULT: {"script":"<script> [1562 bytes]","args":[{"selector":{"controlType":"sap.m.GenericTile","properties":{"header":"Manage Yards"}},"wdio_ui5_key":"sapm.GenericTile{\"header\":\"Manage Yards\"}"}]}
RESULT: undefined
COMMAND: POST /session/b171ef130127fc2a30c2632ea9d3abff/element - {"using":"xpath","value":"//*[@id=\"__tile33\"]"}
RESULT: {"using":"xpath","value":"//*[@id=\"__tile33\"]"}
COMMAND: POST /session/b171ef130127fc2a30c2632ea9d3abff/element/f.727CE9CF6895B2C759CBC992552C29E0.d.98D56C56A30DD7F775B9F82D153E7095.e.3552/click - {}
RESULT: {}
COMMAND: POST /session/b171ef130127fc2a30c2632ea9d3abff/element - {"using":"xpath","value":"//button[@data-kt=\"addNewYardOverflowToolbarButton\"]"}
COMMAND: GET /session/b171ef130127fc2a30c2632ea9d3abff/screenshot - {}
RESULT: {"using":"xpath","value":"//button[@data-kt=\"addNewYardOverflowToolbarButton\"]"}
COMMAND: POST /session/b171ef130127fc2a30c2632ea9d3abff/elements - {"using":"xpath","value":"//button[@data-kt=\"addNewYardOverflowToolbarButton\"]"}
RESULT: {}
RESULT: {"using":"xpath","value":"//button[@data-kt=\"addNewYardOverflowToolbarButton\"]"}
COMMAND: POST /session/b171ef130127fc2a30c2632ea9d3abff/elements - {"using":"xpath","value":"//button[@data-kt=\"addNewYardOverflowToolbarButton\"]"}
RESULT: {"using":"xpath","value":"//button[@data-kt=\"addNewYardOverflowToolbarButton\"]"}
COMMAND: POST /session/b171ef130127fc2a30c2632ea9d3abff/elements - {"using":"xpath","value":"//button[@data-kt=\"addNewYardOverflowToolbarButton\"]"}
RESULT: {"using":"xpath","value":"//button[@data-kt=\"addNewYardOverflowToolbarButton\"]"}
COMMAND: POST /session/b171ef130127fc2a30c2632ea9d3abff/elements - {"using":"xpath","value":"//button[@data-kt=\"addNewYardOverflowToolbarButton\"]"}
RESULT: {"using":"xpath","value":"//button[@data-kt=\"addNewYardOverflowToolbarButton\"]"}
COMMAND: POST /session/b171ef130127fc2a30c2632ea9d3abff/elements - {"using":"xpath","value":"//button[@data-kt=\"addNewYardOverflowToolbarButton\"]"}
RESULT: {"using":"xpath","value":"//button[@data-kt=\"addNewYardOverflowToolbarButton\"]"}
COMMAND: POST /session/b171ef130127fc2a30c2632ea9d3abff/elements - {"using":"xpath","value":"//button[@data-kt=\"addNewYardOverflowToolbarButton\"]"}
RESULT: {"using":"xpath","value":"//button[@data-kt=\"addNewYardOverflowToolbarButton\"]"}
COMMAND: POST /session/b171ef130127fc2a30c2632ea9d3abff/elements - {"using":"xpath","value":"//button[@data-kt=\"addNewYardOverflowToolbarButton\"]"}
RESULT: {"using":"xpath","value":"//button[@data-kt=\"addNewYardOverflowToolbarButton\"]"}
COMMAND: POST /session/b171ef130127fc2a30c2632ea9d3abff/element - {"using":"xpath","value":"//button[@data-kt=\"addNewYardOverflowToolbarButton\"]"}
RESULT: {"using":"xpath","value":"//button[@data-kt=\"addNewYardOverflowToolbarButton\"]"}
COMMAND: POST /session/b171ef130127fc2a30c2632ea9d3abff/execute/sync - {"script":"<script> [8489 bytes]","args":[{"element-6066-11e4-a52e-4f735466cecf":"f.727CE9CF6895B2C759CBC992552C29E0.d.98D56C56A30DD7F775B9F82D153E7095.e.3674","ELEMENT":"f.727CE9CF6895B2C759CBC992552C29E0.d.98D56C56A30DD7F775B9F82D153E7095.e.3674"}]}
RESULT: {"script":"<script> [8489 bytes]","args":[{"element-6066-11e4-a52e-4f735466cecf":"f.727CE9CF6895B2C759CBC992552C29E0.d.98D56C56A30DD7F775B9F82D153E7095.e.3674","ELEMENT":"f.727CE9CF6895B2C759CBC992552C29E0.d.98D56C56A30DD7F775B9F82D153E7095.e.3674"}]}
COMMAND: GET /session/b171ef130127fc2a30c2632ea9d3abff/element/f.727CE9CF6895B2C759CBC992552C29E0.d.98D56C56A30DD7F775B9F82D153E7095.e.3674/enabled - {}
COMMAND: GET /session/b171ef130127fc2a30c2632ea9d3abff/screenshot - {}
RESULT: {}
COMMAND: POST /session/b171ef130127fc2a30c2632ea9d3abff/execute/sync - {"script":"<script> [8489 bytes]","args":[{"element-6066-11e4-a52e-4f735466cecf":"f.727CE9CF6895B2C759CBC992552C29E0.d.98D56C56A30DD7F775B9F82D153E7095.e.3674","ELEMENT":"f.727CE9CF6895B2C759CBC992552C29E0.d.98D56C56A30DD7F775B9F82D153E7095.e.3674"}]}
COMMAND: GET /session/b171ef130127fc2a30c2632ea9d3abff/screenshot - {}
RESULT: {}
RESULT: {"script":"<script> [8489 bytes]","args":[{"element-6066-11e4-a52e-4f735466cecf":"f.727CE9CF6895B2C759CBC992552C29E0.d.98D56C56A30DD7F775B9F82D153E7095.e.3674","ELEMENT":"f.727CE9CF6895B2C759CBC992552C29E0.d.98D56C56A30DD7F775B9F82D153E7095.e.3674"}]}
COMMAND: POST /session/b171ef130127fc2a30c2632ea9d3abff/execute/sync - {"script":"<script> [5351 bytes]","args":[{"element-6066-11e4-a52e-4f735466cecf":"f.727CE9CF6895B2C759CBC992552C29E0.d.98D56C56A30DD7F775B9F82D153E7095.e.3674","ELEMENT":"f.727CE9CF6895B2C759CBC992552C29E0.d.98D56C56A30DD7F775B9F82D153E7095.e.3674"}]}
COMMAND: GET /session/b171ef130127fc2a30c2632ea9d3abff/screenshot - {}
RESULT: {}
RESULT: {"script":"<script> [5351 bytes]","args":[{"element-6066-11e4-a52e-4f735466cecf":"f.727CE9CF6895B2C759CBC992552C29E0.d.98D56C56A30DD7F775B9F82D153E7095.e.3674","ELEMENT":"f.727CE9CF6895B2C759CBC992552C29E0.d.98D56C56A30DD7F775B9F82D153E7095.e.3674"}]}
COMMAND: POST /session/b171ef130127fc2a30c2632ea9d3abff/element/f.727CE9CF6895B2C759CBC992552C29E0.d.98D56C56A30DD7F775B9F82D153E7095.e.3674/click - {}
COMMAND: GET /session/b171ef130127fc2a30c2632ea9d3abff/screenshot - {}
RESULT: {}
RESULT: {}
COMMAND: GET /session/b171ef130127fc2a30c2632ea9d3abff/screenshot - {}
COMMAND: POST /session/b171ef130127fc2a30c2632ea9d3abff/element - {"using":"xpath","value":"//input[@id=\"application-manageyards-display-component---NewYard--yardId-inner\"]"}
RESULT: {}
RESULT: {}
RESULT: {"using":"xpath","value":"//input[@id=\"application-manageyards-display-component---NewYard--yardId-inner\"]"}
COMMAND: POST /session/b171ef130127fc2a30c2632ea9d3abff/element - {"using":"xpath","value":"//input[@id=\"application-manageyards-display-component---NewYard--yardId-inner\"]"}
RESULT: {"using":"xpath","value":"//input[@id=\"application-manageyards-display-component---NewYard--yardId-inner\"]"}
COMMAND: POST /session/b171ef130127fc2a30c2632ea9d3abff/execute/async - {"script":"<script> [1562 bytes]","args":[{"selector":{"id":"application-manageyards-display-component---NewYard--addressDetailDetailsName1","interaction":{"idSuffix":"inner"}},"wdio_ui5_key":"applicationmanageyards-display-component---NewYard--addressDetailDetailsName1"}]}
RESULT: {"script":"<script> [1562 bytes]","args":[{"selector":{"id":"application-manageyards-display-component---NewYard--addressDetailDetailsName1","interaction":{"idSuffix":"inner"}},"wdio_ui5_key":"applicationmanageyards-display-component---NewYard--addressDetailDetailsName1"}]}
RESULT: undefined
COMMAND: POST /session/b171ef130127fc2a30c2632ea9d3abff/execute/async - {"script":"<script> [776 bytes]","args":[{"enterText":"Warehouse Managed WDIO","selector":{"id":"application-manageyards-display-component---NewYard--addressDetailDetailsName1","interaction":{"idSuffix":"inner"}},"clearTextFirst":true,"interactionType":"ENTER_TEXT"}]}
RESULT: {"script":"<script> [776 bytes]","args":[{"enterText":"Warehouse Managed WDIO","selector":{"id":"application-manageyards-display-component---NewYard--addressDetailDetailsName1","interaction":{"idSuffix":"inner"}},"clearTextFirst":true,"interactionType":"ENTER_TEXT"}]}
COMMAND: POST /session/b171ef130127fc2a30c2632ea9d3abff/execute/async - {"script":"<script> [1562 bytes]","args":[{"selector":{"id":"application-manageyards-display-component---NewYard--addressDetailDetailsLanguage-arrow"},"wdio_ui5_key":"applicationmanageyards-display-component---NewYard--addressDetailDetailsLanguage-arrow"}]}
RESULT: {"script":"<script> [1562 bytes]","args":[{"selector":{"id":"application-manageyards-display-component---NewYard--addressDetailDetailsLanguage-arrow"},"wdio_ui5_key":"applicationmanageyards-display-component---NewYard--addressDetailDetailsLanguage-arrow"}]}
RESULT: undefined
COMMAND: POST /session/b171ef130127fc2a30c2632ea9d3abff/element - {"using":"xpath","value":"//*[@id=\"application-manageyards-display-component---NewYard--addressDetailDetailsLanguage-arrow\"]"}
RESULT: {"using":"xpath","value":"//*[@id=\"application-manageyards-display-component---NewYard--addressDetailDetailsLanguage-arrow\"]"}
COMMAND: POST /session/b171ef130127fc2a30c2632ea9d3abff/element/f.727CE9CF6895B2C759CBC992552C29E0.d.98D56C56A30DD7F775B9F82D153E7095.e.4105/click - {}
RESULT: {}
COMMAND: POST /session/b171ef130127fc2a30c2632ea9d3abff/element - {"using":"xpath","value":"//span[contains(text(), \"English\")]"}
COMMAND: GET /session/b171ef130127fc2a30c2632ea9d3abff/screenshot - {}
RESULT: {"using":"xpath","value":"//span[contains(text(), \"English\")]"}
COMMAND: POST /session/b171ef130127fc2a30c2632ea9d3abff/element/f.727CE9CF6895B2C759CBC992552C29E0.d.98D56C56A30DD7F775B9F82D153E7095.e.4106/click - {}
RESULT: {}
RESULT: {}
COMMAND: POST /session/b171ef130127fc2a30c2632ea9d3abff/execute/async - {"script":"<script> [1562 bytes]","args":[{"selector":{"id":"application-manageyards-display-component---NewYard--addressDetailDetailsCity1","interaction":{"idSuffix":"inner"}},"wdio_ui5_key":"applicationmanageyards-display-component---NewYard--addressDetailDetailsCity1"}]}
COMMAND: GET /session/b171ef130127fc2a30c2632ea9d3abff/screenshot - {}
RESULT: {"script":"<script> [1562 bytes]","args":[{"selector":{"id":"application-manageyards-display-component---NewYard--addressDetailDetailsCity1","interaction":{"idSuffix":"inner"}},"wdio_ui5_key":"applicationmanageyards-display-component---NewYard--addressDetailDetailsCity1"}]}
RESULT: undefined
COMMAND: POST /session/b171ef130127fc2a30c2632ea9d3abff/execute/async - {"script":"<script> [776 bytes]","args":[{"enterText":"Rosario","selector":{"id":"application-manageyards-display-component---NewYard--addressDetailDetailsCity1","interaction":{"idSuffix":"inner"}},"clearTextFirst":true,"interactionType":"ENTER_TEXT"}]}
RESULT: {}
RESULT: {"script":"<script> [776 bytes]","args":[{"enterText":"Rosario","selector":{"id":"application-manageyards-display-component---NewYard--addressDetailDetailsCity1","interaction":{"idSuffix":"inner"}},"clearTextFirst":true,"interactionType":"ENTER_TEXT"}]}
COMMAND: POST /session/b171ef130127fc2a30c2632ea9d3abff/execute/async - {"script":"<script> [1562 bytes]","args":[{"selector":{"id":"application-manageyards-display-component---NewYard--addressDetailDetailsCountry-arrow"},"wdio_ui5_key":"applicationmanageyards-display-component---NewYard--addressDetailDetailsCountry-arrow"}]}
RESULT: {"script":"<script> [1562 bytes]","args":[{"selector":{"id":"application-manageyards-display-component---NewYard--addressDetailDetailsCountry-arrow"},"wdio_ui5_key":"applicationmanageyards-display-component---NewYard--addressDetailDetailsCountry-arrow"}]}
RESULT: undefined
COMMAND: POST /session/b171ef130127fc2a30c2632ea9d3abff/element - {"using":"xpath","value":"//*[@id=\"application-manageyards-display-component---NewYard--addressDetailDetailsCountry-arrow\"]"}
RESULT: {"using":"xpath","value":"//*[@id=\"application-manageyards-display-component---NewYard--addressDetailDetailsCountry-arrow\"]"}
COMMAND: POST /session/b171ef130127fc2a30c2632ea9d3abff/element/f.727CE9CF6895B2C759CBC992552C29E0.d.98D56C56A30DD7F775B9F82D153E7095.e.4108/click - {}
RESULT: {}
COMMAND: POST /session/b171ef130127fc2a30c2632ea9d3abff/element - {"using":"xpath","value":"//span[contains(text(), \"Argentina\")]"}
COMMAND: GET /session/b171ef130127fc2a30c2632ea9d3abff/screenshot - {}
RESULT: {"using":"xpath","value":"//span[contains(text(), \"Argentina\")]"}
COMMAND: POST /session/b171ef130127fc2a30c2632ea9d3abff/element/f.727CE9CF6895B2C759CBC992552C29E0.d.98D56C56A30DD7F775B9F82D153E7095.e.4109/click - {}
RESULT: {}
RESULT: {}
COMMAND: POST /session/b171ef130127fc2a30c2632ea9d3abff/execute/async - {"script":"<script> [1562 bytes]","args":[{"selector":{"id":"application-manageyards-display-component---NewYard--addressEditDetailsCostObjectCstType-arrow"},"wdio_ui5_key":"applicationmanageyards-display-component---NewYard--addressEditDetailsCostObjectCstType-arrow"}]}
COMMAND: GET /session/b171ef130127fc2a30c2632ea9d3abff/screenshot - {}
RESULT: {"script":"<script> [1562 bytes]","args":[{"selector":{"id":"application-manageyards-display-component---NewYard--addressEditDetailsCostObjectCstType-arrow"},"wdio_ui5_key":"applicationmanageyards-display-component---NewYard--addressEditDetailsCostObjectCstType-arrow"}]}
RESULT: undefined
COMMAND: POST /session/b171ef130127fc2a30c2632ea9d3abff/element - {"using":"xpath","value":"//*[@id=\"application-manageyards-display-component---NewYard--addressEditDetailsCostObjectCstType-arrow\"]"}
RESULT: {}
RESULT: {"using":"xpath","value":"//*[@id=\"application-manageyards-display-component---NewYard--addressEditDetailsCostObjectCstType-arrow\"]"}
COMMAND: POST /session/b171ef130127fc2a30c2632ea9d3abff/element/f.727CE9CF6895B2C759CBC992552C29E0.d.98D56C56A30DD7F775B9F82D153E7095.e.4111/click - {}
RESULT: {}
COMMAND: POST /session/b171ef130127fc2a30c2632ea9d3abff/element - {"using":"xpath","value":"//span[contains(text(), \"Cost Center\")]"}
COMMAND: GET /session/b171ef130127fc2a30c2632ea9d3abff/screenshot - {}
RESULT: {"using":"xpath","value":"//span[contains(text(), \"Cost Center\")]"}
COMMAND: POST /session/b171ef130127fc2a30c2632ea9d3abff/element/f.727CE9CF6895B2C759CBC992552C29E0.d.98D56C56A30DD7F775B9F82D153E7095.e.4112/click - {}
RESULT: {}
RESULT: {}
COMMAND: GET /session/b171ef130127fc2a30c2632ea9d3abff/screenshot - {}
RESULT: {}
COMMAND: POST /session/b171ef130127fc2a30c2632ea9d3abff/element - {"using":"xpath","value":"//span[@id=\"application-manageyards-display-component---NewYard--addressNewCostObjectCstID-vhi\"]"}
RESULT: {"using":"xpath","value":"//span[@id=\"application-manageyards-display-component---NewYard--addressNewCostObjectCstID-vhi\"]"}
COMMAND: POST /session/b171ef130127fc2a30c2632ea9d3abff/execute/sync - {"script":"<script> [8489 bytes]","args":[{"element-6066-11e4-a52e-4f735466cecf":"f.727CE9CF6895B2C759CBC992552C29E0.d.98D56C56A30DD7F775B9F82D153E7095.e.4116","ELEMENT":"f.727CE9CF6895B2C759CBC992552C29E0.d.98D56C56A30DD7F775B9F82D153E7095.e.4116"}]}
RESULT: {"script":"<script> [8489 bytes]","args":[{"element-6066-11e4-a52e-4f735466cecf":"f.727CE9CF6895B2C759CBC992552C29E0.d.98D56C56A30DD7F775B9F82D153E7095.e.4116","ELEMENT":"f.727CE9CF6895B2C759CBC992552C29E0.d.98D56C56A30DD7F775B9F82D153E7095.e.4116"}]}
COMMAND: POST /session/b171ef130127fc2a30c2632ea9d3abff/execute/async - {"script":"<script> [1562 bytes]","args":[{"selector":{"id":"application-manageyards-display-component---NewYard--addressNewCostObjectCstID-vhi"},"wdio_ui5_key":"applicationmanageyards-display-component---NewYard--addressNewCostObjectCstID-vhi"}]}
COMMAND: GET /session/b171ef130127fc2a30c2632ea9d3abff/screenshot - {}
RESULT: {"script":"<script> [1562 bytes]","args":[{"selector":{"id":"application-manageyards-display-component---NewYard--addressNewCostObjectCstID-vhi"},"wdio_ui5_key":"applicationmanageyards-display-component---NewYard--addressNewCostObjectCstID-vhi"}]}
RESULT: undefined
COMMAND: POST /session/b171ef130127fc2a30c2632ea9d3abff/element - {"using":"xpath","value":"//*[@id=\"application-manageyards-display-component---NewYard--addressNewCostObjectCstID-vhi\"]"}
RESULT: {}
RESULT: {"using":"xpath","value":"//*[@id=\"application-manageyards-display-component---NewYard--addressNewCostObjectCstID-vhi\"]"}
COMMAND: POST /session/b171ef130127fc2a30c2632ea9d3abff/element/f.727CE9CF6895B2C759CBC992552C29E0.d.98D56C56A30DD7F775B9F82D153E7095.e.4116/click - {}
RESULT: {}
COMMAND: GET /session/b171ef130127fc2a30c2632ea9d3abff/screenshot - {}
RESULT: {}
COMMAND: POST /session/b171ef130127fc2a30c2632ea9d3abff/execute/async - {"script":"<script> [1562 bytes]","args":[{"selector":{"controlType":"sap.m.SearchField","properties":{"placeholder":"Search"},"searchOpenDialogs":true,"interaction":{"idSuffix":"I"}},"wdio_ui5_key":"sapm.SearchField{\"placeholder\":\"Search\"}"}]}
RESULT: {"script":"<script> [1562 bytes]","args":[{"selector":{"controlType":"sap.m.SearchField","properties":{"placeholder":"Search"},"searchOpenDialogs":true,"interaction":{"idSuffix":"I"}},"wdio_ui5_key":"sapm.SearchField{\"placeholder\":\"Search\"}"}]}
RESULT: undefined
COMMAND: POST /session/b171ef130127fc2a30c2632ea9d3abff/execute/async - {"script":"<script> [776 bytes]","args":[{"enterText":"10001013","selector":{"controlType":"sap.m.SearchField","properties":{"placeholder":"Search"},"searchOpenDialogs":true,"interaction":{"idSuffix":"I"}},"clearTextFirst":true,"interactionType":"ENTER_TEXT"}]}
RESULT: {"script":"<script> [776 bytes]","args":[{"enterText":"10001013","selector":{"controlType":"sap.m.SearchField","properties":{"placeholder":"Search"},"searchOpenDialogs":true,"interaction":{"idSuffix":"I"}},"clearTextFirst":true,"interactionType":"ENTER_TEXT"}]}
COMMAND: POST /session/b171ef130127fc2a30c2632ea9d3abff/actions - {"actions":[{"id":"action19","type":"key","parameters":{},"actions":[{"type":"keyDown","value":"î€‡"},{"type":"pause","duration":10},{"type":"keyUp","value":"î€‡"}]}]}
RESULT: {"actions":[{"id":"action19","type":"key","parameters":{},"actions":[{"type":"keyDown","value":"î€‡"},{"type":"pause","duration":10},{"type":"keyUp","value":"î€‡"}]}]}
COMMAND: GET /session/b171ef130127fc2a30c2632ea9d3abff/screenshot - {}
RESULT: {}
COMMAND: POST /session/b171ef130127fc2a30c2632ea9d3abff/element - {"using":"xpath","value":"//span[contains(text(), \"General Management\")]"}
RESULT: {"using":"xpath","value":"//span[contains(text(), \"General Management\")]"}
COMMAND: POST /session/b171ef130127fc2a30c2632ea9d3abff/element/f.727CE9CF6895B2C759CBC992552C29E0.d.98D56C56A30DD7F775B9F82D153E7095.e.4157/click - {}
RESULT: {}
COMMAND: GET /session/b171ef130127fc2a30c2632ea9d3abff/screenshot - {}
RESULT: {}
COMMAND: POST /session/b171ef130127fc2a30c2632ea9d3abff/element - {"using":"xpath","value":"//bdi[contains(text(), \"OK\")]"}
RESULT: {"using":"xpath","value":"//bdi[contains(text(), \"OK\")]"}
COMMAND: POST /session/b171ef130127fc2a30c2632ea9d3abff/element/f.727CE9CF6895B2C759CBC992552C29E0.d.98D56C56A30DD7F775B9F82D153E7095.e.4158/click - {}
RESULT: {}
COMMAND: GET /session/b171ef130127fc2a30c2632ea9d3abff/screenshot - {}
RESULT: {}
COMMAND: POST /session/b171ef130127fc2a30c2632ea9d3abff/execute/async - {"script":"<script> [1562 bytes]","args":[{"selector":{"id":"application-manageyards-display-component---NewYard--addressEditDetailsCurrency-arrow"},"wdio_ui5_key":"applicationmanageyards-display-component---NewYard--addressEditDetailsCurrency-arrow"}]}
RESULT: {"script":"<script> [1562 bytes]","args":[{"selector":{"id":"application-manageyards-display-component---NewYard--addressEditDetailsCurrency-arrow"},"wdio_ui5_key":"applicationmanageyards-display-component---NewYard--addressEditDetailsCurrency-arrow"}]}
RESULT: undefined
COMMAND: POST /session/b171ef130127fc2a30c2632ea9d3abff/element - {"using":"xpath","value":"//*[@id=\"application-manageyards-display-component---NewYard--addressEditDetailsCurrency-arrow\"]"}
RESULT: {"using":"xpath","value":"//*[@id=\"application-manageyards-display-component---NewYard--addressEditDetailsCurrency-arrow\"]"}
COMMAND: POST /session/b171ef130127fc2a30c2632ea9d3abff/element/f.727CE9CF6895B2C759CBC992552C29E0.d.98D56C56A30DD7F775B9F82D153E7095.e.4161/click - {}
RESULT: {}
COMMAND: POST /session/b171ef130127fc2a30c2632ea9d3abff/element - {"using":"xpath","value":"//span[contains(text(), \"Euro\")]"}
COMMAND: GET /session/b171ef130127fc2a30c2632ea9d3abff/screenshot - {}
RESULT: {"using":"xpath","value":"//span[contains(text(), \"Euro\")]"}
COMMAND: POST /session/b171ef130127fc2a30c2632ea9d3abff/element/f.727CE9CF6895B2C759CBC992552C29E0.d.98D56C56A30DD7F775B9F82D153E7095.e.4162/click - {}
RESULT: {}
RESULT: {}
COMMAND: POST /session/b171ef130127fc2a30c2632ea9d3abff/execute/async - {"script":"<script> [1562 bytes]","args":[{"selector":{"controlType":"sap.m.Input","viewName":"etm.portal.ui.manageyards.view.New","viewId":"application-manageyards-display-component---NewYard","bindingPath":{"path":"","propertyPath":"/CONTROLLING_AREA","modelName":"NewYardModel"},"interaction":{"idSuffix":"inner"}},"wdio_ui5_key":"etmportal.ui.manageyards.view.Newsap.m.Input{\"path\":\"\",\"propertyPath\":\"/CONTROLLING_AREA\",\"modelName\":\"NewYardModel\"}"}]}
COMMAND: GET /session/b171ef130127fc2a30c2632ea9d3abff/screenshot - {}
RESULT: {"script":"<script> [1562 bytes]","args":[{"selector":{"controlType":"sap.m.Input","viewName":"etm.portal.ui.manageyards.view.New","viewId":"application-manageyards-display-component---NewYard","bindingPath":{"path":"","propertyPath":"/CONTROLLING_AREA","modelName":"NewYardModel"},"interaction":{"idSuffix":"inner"}},"wdio_ui5_key":"etmportal.ui.manageyards.view.Newsap.m.Input{\"path\":\"\",\"propertyPath\":\"/CONTROLLING_AREA\",\"modelName\":\"NewYardModel\"}"}]}
RESULT: undefined
COMMAND: POST /session/b171ef130127fc2a30c2632ea9d3abff/execute/async - {"script":"<script> [776 bytes]","args":[{"enterText":"Z001","selector":{"controlType":"sap.m.Input","viewName":"etm.portal.ui.manageyards.view.New","viewId":"application-manageyards-display-component---NewYard","bindingPath":{"path":"","propertyPath":"/CONTROLLING_AREA","modelName":"NewYardModel"},"interaction":{"idSuffix":"inner"}},"clearTextFirst":true,"interactionType":"ENTER_TEXT"}]}
RESULT: {}
RESULT: {"script":"<script> [776 bytes]","args":[{"enterText":"Z001","selector":{"controlType":"sap.m.Input","viewName":"etm.portal.ui.manageyards.view.New","viewId":"application-manageyards-display-component---NewYard","bindingPath":{"path":"","propertyPath":"/CONTROLLING_AREA","modelName":"NewYardModel"},"interaction":{"idSuffix":"inner"}},"clearTextFirst":true,"interactionType":"ENTER_TEXT"}]}
COMMAND: POST /session/b171ef130127fc2a30c2632ea9d3abff/execute/async - {"script":"<script> [1562 bytes]","args":[{"selector":{"id":"application-manageyards-display-component---NewYard--companyCodeComboBox","interaction":{"idSuffix":"inner"}},"wdio_ui5_key":"applicationmanageyards-display-component---NewYard--companyCodeComboBox"}]}
RESULT: {"script":"<script> [1562 bytes]","args":[{"selector":{"id":"application-manageyards-display-component---NewYard--companyCodeComboBox","interaction":{"idSuffix":"inner"}},"wdio_ui5_key":"applicationmanageyards-display-component---NewYard--companyCodeComboBox"}]}
RESULT: undefined
COMMAND: POST /session/b171ef130127fc2a30c2632ea9d3abff/execute/async - {"script":"<script> [776 bytes]","args":[{"enterText":"1000","selector":{"id":"application-manageyards-display-component---NewYard--companyCodeComboBox","interaction":{"idSuffix":"inner"}},"clearTextFirst":true,"interactionType":"ENTER_TEXT"}]}
RESULT: {"script":"<script> [776 bytes]","args":[{"enterText":"1000","selector":{"id":"application-manageyards-display-component---NewYard--companyCodeComboBox","interaction":{"idSuffix":"inner"}},"clearTextFirst":true,"interactionType":"ENTER_TEXT"}]}
COMMAND: POST /session/b171ef130127fc2a30c2632ea9d3abff/execute/async - {"script":"<script> [1562 bytes]","args":[{"selector":{"controlType":"sap.m.Input","viewName":"etm.portal.ui.manageyards.view.New","viewId":"application-manageyards-display-component---NewYard","bindingPath":{"path":"","propertyPath":"/PLANT","modelName":"NewYardModel"},"interaction":{"idSuffix":"inner"}},"wdio_ui5_key":"etmportal.ui.manageyards.view.Newsap.m.Input{\"path\":\"\",\"propertyPath\":\"/PLANT\",\"modelName\":\"NewYardModel\"}"}]}
RESULT: {"script":"<script> [1562 bytes]","args":[{"selector":{"controlType":"sap.m.Input","viewName":"etm.portal.ui.manageyards.view.New","viewId":"application-manageyards-display-component---NewYard","bindingPath":{"path":"","propertyPath":"/PLANT","modelName":"NewYardModel"},"interaction":{"idSuffix":"inner"}},"wdio_ui5_key":"etmportal.ui.manageyards.view.Newsap.m.Input{\"path\":\"\",\"propertyPath\":\"/PLANT\",\"modelName\":\"NewYardModel\"}"}]}
RESULT: undefined
COMMAND: POST /session/b171ef130127fc2a30c2632ea9d3abff/execute/async - {"script":"<script> [776 bytes]","args":[{"enterText":"1001","selector":{"controlType":"sap.m.Input","viewName":"etm.portal.ui.manageyards.view.New","viewId":"application-manageyards-display-component---NewYard","bindingPath":{"path":"","propertyPath":"/PLANT","modelName":"NewYardModel"},"interaction":{"idSuffix":"inner"}},"clearTextFirst":true,"interactionType":"ENTER_TEXT"}]}
RESULT: {"script":"<script> [776 bytes]","args":[{"enterText":"1001","selector":{"controlType":"sap.m.Input","viewName":"etm.portal.ui.manageyards.view.New","viewId":"application-manageyards-display-component---NewYard","bindingPath":{"path":"","propertyPath":"/PLANT","modelName":"NewYardModel"},"interaction":{"idSuffix":"inner"}},"clearTextFirst":true,"interactionType":"ENTER_TEXT"}]}
COMMAND: POST /session/b171ef130127fc2a30c2632ea9d3abff/execute/async - {"script":"<script> [1562 bytes]","args":[{"selector":{"controlType":"sap.m.Input","viewName":"etm.portal.ui.manageyards.view.New","viewId":"application-manageyards-display-component---NewYard","bindingPath":{"path":"","propertyPath":"/SALES_AREA_VKORG","modelName":"NewYardModel"},"interaction":{"idSuffix":"inner"}},"wdio_ui5_key":"etmportal.ui.manageyards.view.Newsap.m.Input{\"path\":\"\",\"propertyPath\":\"/SALES_AREA_VKORG\",\"modelName\":\"NewYardModel\"}"}]}
RESULT: {"script":"<script> [1562 bytes]","args":[{"selector":{"controlType":"sap.m.Input","viewName":"etm.portal.ui.manageyards.view.New","viewId":"application-manageyards-display-component---NewYard","bindingPath":{"path":"","propertyPath":"/SALES_AREA_VKORG","modelName":"NewYardModel"},"interaction":{"idSuffix":"inner"}},"wdio_ui5_key":"etmportal.ui.manageyards.view.Newsap.m.Input{\"path\":\"\",\"propertyPath\":\"/SALES_AREA_VKORG\",\"modelName\":\"NewYardModel\"}"}]}
RESULT: undefined
COMMAND: POST /session/b171ef130127fc2a30c2632ea9d3abff/execute/async - {"script":"<script> [776 bytes]","args":[{"enterText":"C002","selector":{"controlType":"sap.m.Input","viewName":"etm.portal.ui.manageyards.view.New","viewId":"application-manageyards-display-component---NewYard","bindingPath":{"path":"","propertyPath":"/SALES_AREA_VKORG","modelName":"NewYardModel"},"interaction":{"idSuffix":"inner"}},"clearTextFirst":true,"interactionType":"ENTER_TEXT"}]}
RESULT: {"script":"<script> [776 bytes]","args":[{"enterText":"C002","selector":{"controlType":"sap.m.Input","viewName":"etm.portal.ui.manageyards.view.New","viewId":"application-manageyards-display-component---NewYard","bindingPath":{"path":"","propertyPath":"/SALES_AREA_VKORG","modelName":"NewYardModel"},"interaction":{"idSuffix":"inner"}},"clearTextFirst":true,"interactionType":"ENTER_TEXT"}]}
COMMAND: POST /session/b171ef130127fc2a30c2632ea9d3abff/execute/async - {"script":"<script> [1562 bytes]","args":[{"selector":{"controlType":"sap.m.Input","viewName":"etm.portal.ui.manageyards.view.New","viewId":"application-manageyards-display-component---NewYard","bindingPath":{"path":"","propertyPath":"/SALES_AREA_VTWEG","modelName":"NewYardModel"},"interaction":{"idSuffix":"inner"}},"wdio_ui5_key":"etmportal.ui.manageyards.view.Newsap.m.Input{\"path\":\"\",\"propertyPath\":\"/SALES_AREA_VTWEG\",\"modelName\":\"NewYardModel\"}"}]}
RESULT: {"script":"<script> [1562 bytes]","args":[{"selector":{"controlType":"sap.m.Input","viewName":"etm.portal.ui.manageyards.view.New","viewId":"application-manageyards-display-component---NewYard","bindingPath":{"path":"","propertyPath":"/SALES_AREA_VTWEG","modelName":"NewYardModel"},"interaction":{"idSuffix":"inner"}},"wdio_ui5_key":"etmportal.ui.manageyards.view.Newsap.m.Input{\"path\":\"\",\"propertyPath\":\"/SALES_AREA_VTWEG\",\"modelName\":\"NewYardModel\"}"}]}
RESULT: undefined
COMMAND: POST /session/b171ef130127fc2a30c2632ea9d3abff/execute/async - {"script":"<script> [776 bytes]","args":[{"enterText":"C2","selector":{"controlType":"sap.m.Input","viewName":"etm.portal.ui.manageyards.view.New","viewId":"application-manageyards-display-component---NewYard","bindingPath":{"path":"","propertyPath":"/SALES_AREA_VTWEG","modelName":"NewYardModel"},"interaction":{"idSuffix":"inner"}},"clearTextFirst":true,"interactionType":"ENTER_TEXT"}]}
RESULT: {"script":"<script> [776 bytes]","args":[{"enterText":"C2","selector":{"controlType":"sap.m.Input","viewName":"etm.portal.ui.manageyards.view.New","viewId":"application-manageyards-display-component---NewYard","bindingPath":{"path":"","propertyPath":"/SALES_AREA_VTWEG","modelName":"NewYardModel"},"interaction":{"idSuffix":"inner"}},"clearTextFirst":true,"interactionType":"ENTER_TEXT"}]}
COMMAND: POST /session/b171ef130127fc2a30c2632ea9d3abff/execute/async - {"script":"<script> [1562 bytes]","args":[{"selector":{"controlType":"sap.m.Input","viewName":"etm.portal.ui.manageyards.view.New","viewId":"application-manageyards-display-component---NewYard","bindingPath":{"path":"","propertyPath":"/SALES_AREA_SPART","modelName":"NewYardModel"},"interaction":{"idSuffix":"inner"}},"wdio_ui5_key":"etmportal.ui.manageyards.view.Newsap.m.Input{\"path\":\"\",\"propertyPath\":\"/SALES_AREA_SPART\",\"modelName\":\"NewYardModel\"}"}]}
RESULT: {"script":"<script> [1562 bytes]","args":[{"selector":{"controlType":"sap.m.Input","viewName":"etm.portal.ui.manageyards.view.New","viewId":"application-manageyards-display-component---NewYard","bindingPath":{"path":"","propertyPath":"/SALES_AREA_SPART","modelName":"NewYardModel"},"interaction":{"idSuffix":"inner"}},"wdio_ui5_key":"etmportal.ui.manageyards.view.Newsap.m.Input{\"path\":\"\",\"propertyPath\":\"/SALES_AREA_SPART\",\"modelName\":\"NewYardModel\"}"}]}
RESULT: undefined
COMMAND: POST /session/b171ef130127fc2a30c2632ea9d3abff/execute/async - {"script":"<script> [776 bytes]","args":[{"enterText":"C2","selector":{"controlType":"sap.m.Input","viewName":"etm.portal.ui.manageyards.view.New","viewId":"application-manageyards-display-component---NewYard","bindingPath":{"path":"","propertyPath":"/SALES_AREA_SPART","modelName":"NewYardModel"},"interaction":{"idSuffix":"inner"}},"clearTextFirst":true,"interactionType":"ENTER_TEXT"}]}
RESULT: {"script":"<script> [776 bytes]","args":[{"enterText":"C2","selector":{"controlType":"sap.m.Input","viewName":"etm.portal.ui.manageyards.view.New","viewId":"application-manageyards-display-component---NewYard","bindingPath":{"path":"","propertyPath":"/SALES_AREA_SPART","modelName":"NewYardModel"},"interaction":{"idSuffix":"inner"}},"clearTextFirst":true,"interactionType":"ENTER_TEXT"}]}
COMMAND: POST /session/b171ef130127fc2a30c2632ea9d3abff/execute/async - {"script":"<script> [1562 bytes]","args":[{"selector":{"controlType":"sap.m.Input","viewName":"etm.portal.ui.manageyards.view.New","viewId":"application-manageyards-display-component---NewYard","bindingPath":{"path":"","propertyPath":"/SHIP_POINT","modelName":"NewYardModel"},"interaction":{"idSuffix":"inner"}},"wdio_ui5_key":"etmportal.ui.manageyards.view.Newsap.m.Input{\"path\":\"\",\"propertyPath\":\"/SHIP_POINT\",\"modelName\":\"NewYardModel\"}"}]}
RESULT: {"script":"<script> [1562 bytes]","args":[{"selector":{"controlType":"sap.m.Input","viewName":"etm.portal.ui.manageyards.view.New","viewId":"application-manageyards-display-component---NewYard","bindingPath":{"path":"","propertyPath":"/SHIP_POINT","modelName":"NewYardModel"},"interaction":{"idSuffix":"inner"}},"wdio_ui5_key":"etmportal.ui.manageyards.view.Newsap.m.Input{\"path\":\"\",\"propertyPath\":\"/SHIP_POINT\",\"modelName\":\"NewYardModel\"}"}]}
RESULT: undefined
COMMAND: POST /session/b171ef130127fc2a30c2632ea9d3abff/execute/async - {"script":"<script> [776 bytes]","args":[{"enterText":"1710","selector":{"controlType":"sap.m.Input","viewName":"etm.portal.ui.manageyards.view.New","viewId":"application-manageyards-display-component---NewYard","bindingPath":{"path":"","propertyPath":"/SHIP_POINT","modelName":"NewYardModel"},"interaction":{"idSuffix":"inner"}},"clearTextFirst":true,"interactionType":"ENTER_TEXT"}]}
RESULT: {"script":"<script> [776 bytes]","args":[{"enterText":"1710","selector":{"controlType":"sap.m.Input","viewName":"etm.portal.ui.manageyards.view.New","viewId":"application-manageyards-display-component---NewYard","bindingPath":{"path":"","propertyPath":"/SHIP_POINT","modelName":"NewYardModel"},"interaction":{"idSuffix":"inner"}},"clearTextFirst":true,"interactionType":"ENTER_TEXT"}]}
COMMAND: POST /session/b171ef130127fc2a30c2632ea9d3abff/execute/async - {"script":"<script> [1562 bytes]","args":[{"selector":{"controlType":"sap.m.Input","viewName":"etm.portal.ui.manageyards.view.New","viewId":"application-manageyards-display-component---NewYard","bindingPath":{"path":"","propertyPath":"/DELIVERY_TYPE","modelName":"NewYardModel"},"interaction":{"idSuffix":"inner"}},"wdio_ui5_key":"etmportal.ui.manageyards.view.Newsap.m.Input{\"path\":\"\",\"propertyPath\":\"/DELIVERY_TYPE\",\"modelName\":\"NewYardModel\"}"}]}
RESULT: {"script":"<script> [1562 bytes]","args":[{"selector":{"controlType":"sap.m.Input","viewName":"etm.portal.ui.manageyards.view.New","viewId":"application-manageyards-display-component---NewYard","bindingPath":{"path":"","propertyPath":"/DELIVERY_TYPE","modelName":"NewYardModel"},"interaction":{"idSuffix":"inner"}},"wdio_ui5_key":"etmportal.ui.manageyards.view.Newsap.m.Input{\"path\":\"\",\"propertyPath\":\"/DELIVERY_TYPE\",\"modelName\":\"NewYardModel\"}"}]}
RESULT: undefined
COMMAND: POST /session/b171ef130127fc2a30c2632ea9d3abff/execute/async - {"script":"<script> [776 bytes]","args":[{"enterText":"ZL01","selector":{"controlType":"sap.m.Input","viewName":"etm.portal.ui.manageyards.view.New","viewId":"application-manageyards-display-component---NewYard","bindingPath":{"path":"","propertyPath":"/DELIVERY_TYPE","modelName":"NewYardModel"},"interaction":{"idSuffix":"inner"}},"clearTextFirst":true,"interactionType":"ENTER_TEXT"}]}
RESULT: {"script":"<script> [776 bytes]","args":[{"enterText":"ZL01","selector":{"controlType":"sap.m.Input","viewName":"etm.portal.ui.manageyards.view.New","viewId":"application-manageyards-display-component---NewYard","bindingPath":{"path":"","propertyPath":"/DELIVERY_TYPE","modelName":"NewYardModel"},"interaction":{"idSuffix":"inner"}},"clearTextFirst":true,"interactionType":"ENTER_TEXT"}]}
COMMAND: POST /session/b171ef130127fc2a30c2632ea9d3abff/execute/async - {"script":"<script> [1562 bytes]","args":[{"selector":{"controlType":"sap.m.Input","viewName":"etm.portal.ui.manageyards.view.New","viewId":"application-manageyards-display-component---NewYard","bindingPath":{"path":"","propertyPath":"/AUART","modelName":"NewYardModel"},"interaction":{"idSuffix":"inner"}},"wdio_ui5_key":"etmportal.ui.manageyards.view.Newsap.m.Input{\"path\":\"\",\"propertyPath\":\"/AUART\",\"modelName\":\"NewYardModel\"}"}]}
RESULT: {"script":"<script> [1562 bytes]","args":[{"selector":{"controlType":"sap.m.Input","viewName":"etm.portal.ui.manageyards.view.New","viewId":"application-manageyards-display-component---NewYard","bindingPath":{"path":"","propertyPath":"/AUART","modelName":"NewYardModel"},"interaction":{"idSuffix":"inner"}},"wdio_ui5_key":"etmportal.ui.manageyards.view.Newsap.m.Input{\"path\":\"\",\"propertyPath\":\"/AUART\",\"modelName\":\"NewYardModel\"}"}]}
RESULT: undefined
COMMAND: POST /session/b171ef130127fc2a30c2632ea9d3abff/execute/async - {"script":"<script> [776 bytes]","args":[{"enterText":"TA","selector":{"controlType":"sap.m.Input","viewName":"etm.portal.ui.manageyards.view.New","viewId":"application-manageyards-display-component---NewYard","bindingPath":{"path":"","propertyPath":"/AUART","modelName":"NewYardModel"},"interaction":{"idSuffix":"inner"}},"clearTextFirst":true,"interactionType":"ENTER_TEXT"}]}
RESULT: {"script":"<script> [776 bytes]","args":[{"enterText":"TA","selector":{"controlType":"sap.m.Input","viewName":"etm.portal.ui.manageyards.view.New","viewId":"application-manageyards-display-component---NewYard","bindingPath":{"path":"","propertyPath":"/AUART","modelName":"NewYardModel"},"interaction":{"idSuffix":"inner"}},"clearTextFirst":true,"interactionType":"ENTER_TEXT"}]}
COMMAND: POST /session/b171ef130127fc2a30c2632ea9d3abff/execute/async - {"script":"<script> [1562 bytes]","args":[{"selector":{"id":"application-manageyards-display-component---NewYard--whmCheckBox","interaction":{"idSuffix":"CbBg"}},"wdio_ui5_key":"applicationmanageyards-display-component---NewYard--whmCheckBox"}]}
RESULT: {"script":"<script> [1562 bytes]","args":[{"selector":{"id":"application-manageyards-display-component---NewYard--whmCheckBox","interaction":{"idSuffix":"CbBg"}},"wdio_ui5_key":"applicationmanageyards-display-component---NewYard--whmCheckBox"}]}
RESULT: undefined
COMMAND: POST /session/b171ef130127fc2a30c2632ea9d3abff/element - {"using":"xpath","value":"//*[@id=\"application-manageyards-display-component---NewYard--whmCheckBox\"]"}
RESULT: {"using":"xpath","value":"//*[@id=\"application-manageyards-display-component---NewYard--whmCheckBox\"]"}
COMMAND: POST /session/b171ef130127fc2a30c2632ea9d3abff/element/f.727CE9CF6895B2C759CBC992552C29E0.d.98D56C56A30DD7F775B9F82D153E7095.e.4187/click - {}
RESULT: {}
COMMAND: GET /session/b171ef130127fc2a30c2632ea9d3abff/screenshot - {}
RESULT: {}
COMMAND: POST /session/b171ef130127fc2a30c2632ea9d3abff/element - {"using":"xpath","value":"//button[@data-kt=\"newYardSaveButton\"]"}
RESULT: {"using":"xpath","value":"//button[@data-kt=\"newYardSaveButton\"]"}
COMMAND: POST /session/b171ef130127fc2a30c2632ea9d3abff/element/f.727CE9CF6895B2C759CBC992552C29E0.d.98D56C56A30DD7F775B9F82D153E7095.e.4088/click - {}
RESULT: {}
COMMAND: GET /session/b171ef130127fc2a30c2632ea9d3abff/screenshot - {}
RESULT: {}
COMMAND: POST /session/b171ef130127fc2a30c2632ea9d3abff/element - {"using":"xpath","value":"//header[contains(@id, 'ObjectPageLayout-headerTitle')]/div[1]/div[2]/div[1]/span[1]"}
RESULT: {"using":"xpath","value":"//header[contains(@id, 'ObjectPageLayout-headerTitle')]/div[1]/div[2]/div[1]/span[1]"}
COMMAND: POST /session/b171ef130127fc2a30c2632ea9d3abff/elements - {"using":"xpath","value":"//header[contains(@id, 'ObjectPageLayout-headerTitle')]/div[1]/div[2]/div[1]/span[1]"}
RESULT: {"using":"xpath","value":"//header[contains(@id, 'ObjectPageLayout-headerTitle')]/div[1]/div[2]/div[1]/span[1]"}
COMMAND: POST /session/b171ef130127fc2a30c2632ea9d3abff/execute/sync - {"script":"<script> [56 bytes]","args":[{"element-6066-11e4-a52e-4f735466cecf":"f.727CE9CF6895B2C759CBC992552C29E0.d.98D56C56A30DD7F775B9F82D153E7095.e.4391","ELEMENT":"f.727CE9CF6895B2C759CBC992552C29E0.d.98D56C56A30DD7F775B9F82D153E7095.e.4391"}]}
RESULT: {"script":"<script> [56 bytes]","args":[{"element-6066-11e4-a52e-4f735466cecf":"f.727CE9CF6895B2C759CBC992552C29E0.d.98D56C56A30DD7F775B9F82D153E7095.e.4391","ELEMENT":"f.727CE9CF6895B2C759CBC992552C29E0.d.98D56C56A30DD7F775B9F82D153E7095.e.4391"}]}
COMMAND: GET /session/b171ef130127fc2a30c2632ea9d3abff/screenshot - {}
RESULT: {}
COMMAND: POST /session/b171ef130127fc2a30c2632ea9d3abff/element - {"using":"css selector","value":"#shell-header-logo"}
RESULT: {"using":"css selector","value":"#shell-header-logo"}
COMMAND: POST /session/b171ef130127fc2a30c2632ea9d3abff/element/f.727CE9CF6895B2C759CBC992552C29E0.d.98D56C56A30DD7F775B9F82D153E7095.e.3525/click - {}
RESULT: {}
COMMAND: GET /session/b171ef130127fc2a30c2632ea9d3abff/screenshot - {}
RESULT: {}
COMMAND: POST /session/b171ef130127fc2a30c2632ea9d3abff/execute/sync - {"script":"<script> [299 bytes]","args":[["getModel","getResource"]]}
RESULT: {"script":"<script> [299 bytes]","args":[["getModel","getResource"]]}
COMMAND: GET /session/b171ef130127fc2a30c2632ea9d3abff/screenshot - {}
]]></system-out>
    </testcase>
    <testcase classname="chrome.135_0_7049_115.windows.Provide_to_Site_w/_warehouse_management_w/_clarification_US115878" name="Should create a new external WHM partner" time="83.321">
      <system-out><![CDATA[
COMMAND: POST /session/b171ef130127fc2a30c2632ea9d3abff/window/fullscreen - {}
RESULT: {}
COMMAND: POST /session/b171ef130127fc2a30c2632ea9d3abff/execute/async - {"script":"<script> [1562 bytes]","args":[{"selector":{"controlType":"sap.m.GenericTile","properties":{"header":"Manage Partners"}},"wdio_ui5_key":"sapm.GenericTile{\"header\":\"Manage Partners\"}"}]}
RESULT: {}
RESULT: {"script":"<script> [1562 bytes]","args":[{"selector":{"controlType":"sap.m.GenericTile","properties":{"header":"Manage Partners"}},"wdio_ui5_key":"sapm.GenericTile{\"header\":\"Manage Partners\"}"}]}
RESULT: undefined
COMMAND: POST /session/b171ef130127fc2a30c2632ea9d3abff/element - {"using":"xpath","value":"//*[@id=\"__tile30\"]"}
RESULT: {"using":"xpath","value":"//*[@id=\"__tile30\"]"}
COMMAND: POST /session/b171ef130127fc2a30c2632ea9d3abff/element/f.727CE9CF6895B2C759CBC992552C29E0.d.98D56C56A30DD7F775B9F82D153E7095.e.3543/click - {}
RESULT: {}
COMMAND: POST /session/b171ef130127fc2a30c2632ea9d3abff/element - {"using":"xpath","value":"//button[@data-kt=\"addButton\"]"}
COMMAND: GET /session/b171ef130127fc2a30c2632ea9d3abff/screenshot - {}
RESULT: {"using":"xpath","value":"//button[@data-kt=\"addButton\"]"}
COMMAND: POST /session/b171ef130127fc2a30c2632ea9d3abff/elements - {"using":"xpath","value":"//button[@data-kt=\"addButton\"]"}
RESULT: {}
RESULT: {"using":"xpath","value":"//button[@data-kt=\"addButton\"]"}
COMMAND: POST /session/b171ef130127fc2a30c2632ea9d3abff/elements - {"using":"xpath","value":"//button[@data-kt=\"addButton\"]"}
RESULT: {"using":"xpath","value":"//button[@data-kt=\"addButton\"]"}
COMMAND: POST /session/b171ef130127fc2a30c2632ea9d3abff/elements - {"using":"xpath","value":"//button[@data-kt=\"addButton\"]"}
RESULT: {"using":"xpath","value":"//button[@data-kt=\"addButton\"]"}
COMMAND: POST /session/b171ef130127fc2a30c2632ea9d3abff/elements - {"using":"xpath","value":"//button[@data-kt=\"addButton\"]"}
RESULT: {"using":"xpath","value":"//button[@data-kt=\"addButton\"]"}
COMMAND: POST /session/b171ef130127fc2a30c2632ea9d3abff/elements - {"using":"xpath","value":"//button[@data-kt=\"addButton\"]"}
RESULT: {"using":"xpath","value":"//button[@data-kt=\"addButton\"]"}
COMMAND: POST /session/b171ef130127fc2a30c2632ea9d3abff/elements - {"using":"xpath","value":"//button[@data-kt=\"addButton\"]"}
RESULT: {"using":"xpath","value":"//button[@data-kt=\"addButton\"]"}
COMMAND: POST /session/b171ef130127fc2a30c2632ea9d3abff/elements - {"using":"xpath","value":"//button[@data-kt=\"addButton\"]"}
RESULT: {"using":"xpath","value":"//button[@data-kt=\"addButton\"]"}
COMMAND: POST /session/b171ef130127fc2a30c2632ea9d3abff/elements - {"using":"xpath","value":"//button[@data-kt=\"addButton\"]"}
RESULT: {"using":"xpath","value":"//button[@data-kt=\"addButton\"]"}
COMMAND: POST /session/b171ef130127fc2a30c2632ea9d3abff/elements - {"using":"xpath","value":"//button[@data-kt=\"addButton\"]"}
RESULT: {"using":"xpath","value":"//button[@data-kt=\"addButton\"]"}
COMMAND: POST /session/b171ef130127fc2a30c2632ea9d3abff/elements - {"using":"xpath","value":"//button[@data-kt=\"addButton\"]"}
RESULT: {"using":"xpath","value":"//button[@data-kt=\"addButton\"]"}
COMMAND: POST /session/b171ef130127fc2a30c2632ea9d3abff/elements - {"using":"xpath","value":"//button[@data-kt=\"addButton\"]"}
RESULT: {"using":"xpath","value":"//button[@data-kt=\"addButton\"]"}
COMMAND: POST /session/b171ef130127fc2a30c2632ea9d3abff/elements - {"using":"xpath","value":"//button[@data-kt=\"addButton\"]"}
RESULT: {"using":"xpath","value":"//button[@data-kt=\"addButton\"]"}
COMMAND: POST /session/b171ef130127fc2a30c2632ea9d3abff/elements - {"using":"xpath","value":"//button[@data-kt=\"addButton\"]"}
RESULT: {"using":"xpath","value":"//button[@data-kt=\"addButton\"]"}
COMMAND: POST /session/b171ef130127fc2a30c2632ea9d3abff/elements - {"using":"xpath","value":"//button[@data-kt=\"addButton\"]"}
RESULT: {"using":"xpath","value":"//button[@data-kt=\"addButton\"]"}
COMMAND: POST /session/b171ef130127fc2a30c2632ea9d3abff/elements - {"using":"xpath","value":"//button[@data-kt=\"addButton\"]"}
RESULT: {"using":"xpath","value":"//button[@data-kt=\"addButton\"]"}
COMMAND: POST /session/b171ef130127fc2a30c2632ea9d3abff/elements - {"using":"xpath","value":"//button[@data-kt=\"addButton\"]"}
RESULT: {"using":"xpath","value":"//button[@data-kt=\"addButton\"]"}
COMMAND: POST /session/b171ef130127fc2a30c2632ea9d3abff/elements - {"using":"xpath","value":"//button[@data-kt=\"addButton\"]"}
RESULT: {"using":"xpath","value":"//button[@data-kt=\"addButton\"]"}
COMMAND: POST /session/b171ef130127fc2a30c2632ea9d3abff/elements - {"using":"xpath","value":"//button[@data-kt=\"addButton\"]"}
RESULT: {"using":"xpath","value":"//button[@data-kt=\"addButton\"]"}
COMMAND: POST /session/b171ef130127fc2a30c2632ea9d3abff/elements - {"using":"xpath","value":"//button[@data-kt=\"addButton\"]"}
RESULT: {"using":"xpath","value":"//button[@data-kt=\"addButton\"]"}
COMMAND: POST /session/b171ef130127fc2a30c2632ea9d3abff/elements - {"using":"xpath","value":"//button[@data-kt=\"addButton\"]"}
RESULT: {"using":"xpath","value":"//button[@data-kt=\"addButton\"]"}
COMMAND: POST /session/b171ef130127fc2a30c2632ea9d3abff/element - {"using":"xpath","value":"//button[@data-kt=\"addButton\"]"}
RESULT: {"using":"xpath","value":"//button[@data-kt=\"addButton\"]"}
COMMAND: POST /session/b171ef130127fc2a30c2632ea9d3abff/execute/sync - {"script":"<script> [8489 bytes]","args":[{"element-6066-11e4-a52e-4f735466cecf":"f.727CE9CF6895B2C759CBC992552C29E0.d.98D56C56A30DD7F775B9F82D153E7095.e.4431","ELEMENT":"f.727CE9CF6895B2C759CBC992552C29E0.d.98D56C56A30DD7F775B9F82D153E7095.e.4431"}]}
RESULT: {"script":"<script> [8489 bytes]","args":[{"element-6066-11e4-a52e-4f735466cecf":"f.727CE9CF6895B2C759CBC992552C29E0.d.98D56C56A30DD7F775B9F82D153E7095.e.4431","ELEMENT":"f.727CE9CF6895B2C759CBC992552C29E0.d.98D56C56A30DD7F775B9F82D153E7095.e.4431"}]}
COMMAND: GET /session/b171ef130127fc2a30c2632ea9d3abff/element/f.727CE9CF6895B2C759CBC992552C29E0.d.98D56C56A30DD7F775B9F82D153E7095.e.4431/enabled - {}
COMMAND: GET /session/b171ef130127fc2a30c2632ea9d3abff/screenshot - {}
RESULT: {}
COMMAND: POST /session/b171ef130127fc2a30c2632ea9d3abff/execute/sync - {"script":"<script> [8489 bytes]","args":[{"element-6066-11e4-a52e-4f735466cecf":"f.727CE9CF6895B2C759CBC992552C29E0.d.98D56C56A30DD7F775B9F82D153E7095.e.4431","ELEMENT":"f.727CE9CF6895B2C759CBC992552C29E0.d.98D56C56A30DD7F775B9F82D153E7095.e.4431"}]}
COMMAND: GET /session/b171ef130127fc2a30c2632ea9d3abff/screenshot - {}
RESULT: {}
RESULT: {"script":"<script> [8489 bytes]","args":[{"element-6066-11e4-a52e-4f735466cecf":"f.727CE9CF6895B2C759CBC992552C29E0.d.98D56C56A30DD7F775B9F82D153E7095.e.4431","ELEMENT":"f.727CE9CF6895B2C759CBC992552C29E0.d.98D56C56A30DD7F775B9F82D153E7095.e.4431"}]}
COMMAND: POST /session/b171ef130127fc2a30c2632ea9d3abff/execute/sync - {"script":"<script> [5351 bytes]","args":[{"element-6066-11e4-a52e-4f735466cecf":"f.727CE9CF6895B2C759CBC992552C29E0.d.98D56C56A30DD7F775B9F82D153E7095.e.4431","ELEMENT":"f.727CE9CF6895B2C759CBC992552C29E0.d.98D56C56A30DD7F775B9F82D153E7095.e.4431"}]}
COMMAND: GET /session/b171ef130127fc2a30c2632ea9d3abff/screenshot - {}
RESULT: {}
RESULT: {"script":"<script> [5351 bytes]","args":[{"element-6066-11e4-a52e-4f735466cecf":"f.727CE9CF6895B2C759CBC992552C29E0.d.98D56C56A30DD7F775B9F82D153E7095.e.4431","ELEMENT":"f.727CE9CF6895B2C759CBC992552C29E0.d.98D56C56A30DD7F775B9F82D153E7095.e.4431"}]}
COMMAND: POST /session/b171ef130127fc2a30c2632ea9d3abff/element/f.727CE9CF6895B2C759CBC992552C29E0.d.98D56C56A30DD7F775B9F82D153E7095.e.4431/click - {}
COMMAND: GET /session/b171ef130127fc2a30c2632ea9d3abff/screenshot - {}
RESULT: {}
RESULT: {}
COMMAND: GET /session/b171ef130127fc2a30c2632ea9d3abff/screenshot - {}
COMMAND: POST /session/b171ef130127fc2a30c2632ea9d3abff/execute/async - {"script":"<script> [1562 bytes]","args":[{"selector":{"id":"application-managepartners-display-component---NewPartner--addressDetailDetailsName1","interaction":{"idSuffix":"inner"}},"wdio_ui5_key":"applicationmanagepartners-display-component---NewPartner--addressDetailDetailsName1"}]}
RESULT: {}
RESULT: {}
RESULT: {"script":"<script> [1562 bytes]","args":[{"selector":{"id":"application-managepartners-display-component---NewPartner--addressDetailDetailsName1","interaction":{"idSuffix":"inner"}},"wdio_ui5_key":"applicationmanagepartners-display-component---NewPartner--addressDetailDetailsName1"}]}
RESULT: undefined
COMMAND: POST /session/b171ef130127fc2a30c2632ea9d3abff/execute/async - {"script":"<script> [776 bytes]","args":[{"enterText":"External Partner WDIO","selector":{"id":"application-managepartners-display-component---NewPartner--addressDetailDetailsName1","interaction":{"idSuffix":"inner"}},"clearTextFirst":true,"interactionType":"ENTER_TEXT"}]}
RESULT: {"script":"<script> [776 bytes]","args":[{"enterText":"External Partner WDIO","selector":{"id":"application-managepartners-display-component---NewPartner--addressDetailDetailsName1","interaction":{"idSuffix":"inner"}},"clearTextFirst":true,"interactionType":"ENTER_TEXT"}]}
COMMAND: POST /session/b171ef130127fc2a30c2632ea9d3abff/execute/async - {"script":"<script> [1562 bytes]","args":[{"selector":{"id":"application-managepartners-display-component---NewPartner--addressDetailDetailsLanguage-arrow"},"wdio_ui5_key":"applicationmanagepartners-display-component---NewPartner--addressDetailDetailsLanguage-arrow"}]}
RESULT: {"script":"<script> [1562 bytes]","args":[{"selector":{"id":"application-managepartners-display-component---NewPartner--addressDetailDetailsLanguage-arrow"},"wdio_ui5_key":"applicationmanagepartners-display-component---NewPartner--addressDetailDetailsLanguage-arrow"}]}
RESULT: undefined
COMMAND: POST /session/b171ef130127fc2a30c2632ea9d3abff/element - {"using":"xpath","value":"//*[@id=\"application-managepartners-display-component---NewPartner--addressDetailDetailsLanguage-arrow\"]"}
RESULT: {"using":"xpath","value":"//*[@id=\"application-managepartners-display-component---NewPartner--addressDetailDetailsLanguage-arrow\"]"}
COMMAND: POST /session/b171ef130127fc2a30c2632ea9d3abff/element/f.727CE9CF6895B2C759CBC992552C29E0.d.98D56C56A30DD7F775B9F82D153E7095.e.4885/click - {}
RESULT: {}
COMMAND: POST /session/b171ef130127fc2a30c2632ea9d3abff/element - {"using":"xpath","value":"//span[contains(text(), \"English\")]"}
COMMAND: GET /session/b171ef130127fc2a30c2632ea9d3abff/screenshot - {}
RESULT: {"using":"xpath","value":"//span[contains(text(), \"English\")]"}
COMMAND: POST /session/b171ef130127fc2a30c2632ea9d3abff/element/f.727CE9CF6895B2C759CBC992552C29E0.d.98D56C56A30DD7F775B9F82D153E7095.e.4886/click - {}
RESULT: {}
RESULT: {}
COMMAND: GET /session/b171ef130127fc2a30c2632ea9d3abff/screenshot - {}
RESULT: {}
COMMAND: POST /session/b171ef130127fc2a30c2632ea9d3abff/execute/async - {"script":"<script> [1562 bytes]","args":[{"selector":{"id":"application-managepartners-display-component---NewPartner--addressDetailDetailsCity1","interaction":{"idSuffix":"inner"}},"wdio_ui5_key":"applicationmanagepartners-display-component---NewPartner--addressDetailDetailsCity1"}]}
RESULT: {"script":"<script> [1562 bytes]","args":[{"selector":{"id":"application-managepartners-display-component---NewPartner--addressDetailDetailsCity1","interaction":{"idSuffix":"inner"}},"wdio_ui5_key":"applicationmanagepartners-display-component---NewPartner--addressDetailDetailsCity1"}]}
RESULT: undefined
COMMAND: POST /session/b171ef130127fc2a30c2632ea9d3abff/execute/async - {"script":"<script> [776 bytes]","args":[{"enterText":"Rosario","selector":{"id":"application-managepartners-display-component---NewPartner--addressDetailDetailsCity1","interaction":{"idSuffix":"inner"}},"clearTextFirst":true,"interactionType":"ENTER_TEXT"}]}
RESULT: {"script":"<script> [776 bytes]","args":[{"enterText":"Rosario","selector":{"id":"application-managepartners-display-component---NewPartner--addressDetailDetailsCity1","interaction":{"idSuffix":"inner"}},"clearTextFirst":true,"interactionType":"ENTER_TEXT"}]}
COMMAND: POST /session/b171ef130127fc2a30c2632ea9d3abff/execute/async - {"script":"<script> [1562 bytes]","args":[{"selector":{"id":"application-managepartners-display-component---NewPartner--addressDetailDetailsCountry-arrow"},"wdio_ui5_key":"applicationmanagepartners-display-component---NewPartner--addressDetailDetailsCountry-arrow"}]}
RESULT: {"script":"<script> [1562 bytes]","args":[{"selector":{"id":"application-managepartners-display-component---NewPartner--addressDetailDetailsCountry-arrow"},"wdio_ui5_key":"applicationmanagepartners-display-component---NewPartner--addressDetailDetailsCountry-arrow"}]}
RESULT: undefined
COMMAND: POST /session/b171ef130127fc2a30c2632ea9d3abff/element - {"using":"xpath","value":"//*[@id=\"application-managepartners-display-component---NewPartner--addressDetailDetailsCountry-arrow\"]"}
RESULT: {"using":"xpath","value":"//*[@id=\"application-managepartners-display-component---NewPartner--addressDetailDetailsCountry-arrow\"]"}
COMMAND: POST /session/b171ef130127fc2a30c2632ea9d3abff/element/f.727CE9CF6895B2C759CBC992552C29E0.d.98D56C56A30DD7F775B9F82D153E7095.e.4853/click - {}
RESULT: {}
COMMAND: POST /session/b171ef130127fc2a30c2632ea9d3abff/element - {"using":"xpath","value":"//span[contains(text(), \"Argentina\")]"}
COMMAND: GET /session/b171ef130127fc2a30c2632ea9d3abff/screenshot - {}
RESULT: {"using":"xpath","value":"//span[contains(text(), \"Argentina\")]"}
COMMAND: POST /session/b171ef130127fc2a30c2632ea9d3abff/element/f.727CE9CF6895B2C759CBC992552C29E0.d.98D56C56A30DD7F775B9F82D153E7095.e.4888/click - {}
RESULT: {}
RESULT: {}
COMMAND: GET /session/b171ef130127fc2a30c2632ea9d3abff/screenshot - {}
RESULT: {}
COMMAND: POST /session/b171ef130127fc2a30c2632ea9d3abff/element - {"using":"xpath","value":"//bdi[contains(text(), \"Commercial\")]"}
RESULT: {"using":"xpath","value":"//bdi[contains(text(), \"Commercial\")]"}
COMMAND: POST /session/b171ef130127fc2a30c2632ea9d3abff/element/f.727CE9CF6895B2C759CBC992552C29E0.d.98D56C56A30DD7F775B9F82D153E7095.e.4889/click - {}
RESULT: {}
COMMAND: GET /session/b171ef130127fc2a30c2632ea9d3abff/screenshot - {}
RESULT: {}
COMMAND: POST /session/b171ef130127fc2a30c2632ea9d3abff/execute/async - {"script":"<script> [1562 bytes]","args":[{"selector":{"id":"application-managepartners-display-component---NewPartner--partnerDetailInternal-arrow"},"wdio_ui5_key":"applicationmanagepartners-display-component---NewPartner--partnerDetailInternal-arrow"}]}
RESULT: {"script":"<script> [1562 bytes]","args":[{"selector":{"id":"application-managepartners-display-component---NewPartner--partnerDetailInternal-arrow"},"wdio_ui5_key":"applicationmanagepartners-display-component---NewPartner--partnerDetailInternal-arrow"}]}
RESULT: undefined
COMMAND: POST /session/b171ef130127fc2a30c2632ea9d3abff/element - {"using":"xpath","value":"//*[@id=\"application-managepartners-display-component---NewPartner--partnerDetailInternal-arrow\"]"}
RESULT: {"using":"xpath","value":"//*[@id=\"application-managepartners-display-component---NewPartner--partnerDetailInternal-arrow\"]"}
COMMAND: POST /session/b171ef130127fc2a30c2632ea9d3abff/element/f.727CE9CF6895B2C759CBC992552C29E0.d.98D56C56A30DD7F775B9F82D153E7095.e.4897/click - {}
RESULT: {}
COMMAND: POST /session/b171ef130127fc2a30c2632ea9d3abff/element - {"using":"xpath","value":"//span[contains(text(), \"External partner\")]"}
COMMAND: GET /session/b171ef130127fc2a30c2632ea9d3abff/screenshot - {}
RESULT: {"using":"xpath","value":"//span[contains(text(), \"External partner\")]"}
COMMAND: POST /session/b171ef130127fc2a30c2632ea9d3abff/element/f.727CE9CF6895B2C759CBC992552C29E0.d.98D56C56A30DD7F775B9F82D153E7095.e.4898/click - {}
RESULT: {}
RESULT: {}
COMMAND: POST /session/b171ef130127fc2a30c2632ea9d3abff/execute/async - {"script":"<script> [1562 bytes]","args":[{"selector":{"id":"application-managepartners-display-component---NewPartner--partnerDetailsCurrency-arrow"},"wdio_ui5_key":"applicationmanagepartners-display-component---NewPartner--partnerDetailsCurrency-arrow"}]}
COMMAND: GET /session/b171ef130127fc2a30c2632ea9d3abff/screenshot - {}
RESULT: {"script":"<script> [1562 bytes]","args":[{"selector":{"id":"application-managepartners-display-component---NewPartner--partnerDetailsCurrency-arrow"},"wdio_ui5_key":"applicationmanagepartners-display-component---NewPartner--partnerDetailsCurrency-arrow"}]}
RESULT: undefined
COMMAND: POST /session/b171ef130127fc2a30c2632ea9d3abff/element - {"using":"xpath","value":"//*[@id=\"application-managepartners-display-component---NewPartner--partnerDetailsCurrency-arrow\"]"}
RESULT: {}
RESULT: {"using":"xpath","value":"//*[@id=\"application-managepartners-display-component---NewPartner--partnerDetailsCurrency-arrow\"]"}
COMMAND: POST /session/b171ef130127fc2a30c2632ea9d3abff/element/f.727CE9CF6895B2C759CBC992552C29E0.d.98D56C56A30DD7F775B9F82D153E7095.e.4903/click - {}
RESULT: {}
COMMAND: POST /session/b171ef130127fc2a30c2632ea9d3abff/element - {"using":"xpath","value":"//span[contains(text(), \"US Dollar\")]"}
COMMAND: GET /session/b171ef130127fc2a30c2632ea9d3abff/screenshot - {}
RESULT: {"using":"xpath","value":"//span[contains(text(), \"US Dollar\")]"}
COMMAND: POST /session/b171ef130127fc2a30c2632ea9d3abff/element/f.727CE9CF6895B2C759CBC992552C29E0.d.98D56C56A30DD7F775B9F82D153E7095.e.4904/click - {}
RESULT: {}
RESULT: {}
COMMAND: GET /session/b171ef130127fc2a30c2632ea9d3abff/screenshot - {}
RESULT: {}
COMMAND: POST /session/b171ef130127fc2a30c2632ea9d3abff/element - {"using":"xpath","value":"//input[@id=\"application-managepartners-display-component---NewPartner--companyCodeComboBox-inner\"]"}
RESULT: {"using":"xpath","value":"//input[@id=\"application-managepartners-display-component---NewPartner--companyCodeComboBox-inner\"]"}
COMMAND: POST /session/b171ef130127fc2a30c2632ea9d3abff/element/f.727CE9CF6895B2C759CBC992552C29E0.d.98D56C56A30DD7F775B9F82D153E7095.e.4744/clear - {}
RESULT: {}
COMMAND: POST /session/b171ef130127fc2a30c2632ea9d3abff/element/f.727CE9CF6895B2C759CBC992552C29E0.d.98D56C56A30DD7F775B9F82D153E7095.e.4744/value - {"text":"C002"}
COMMAND: GET /session/b171ef130127fc2a30c2632ea9d3abff/screenshot - {}
RESULT: {"text":"C002"}
COMMAND: GET /session/b171ef130127fc2a30c2632ea9d3abff/screenshot - {}
RESULT: {}
RESULT: {}
COMMAND: POST /session/b171ef130127fc2a30c2632ea9d3abff/element - {"using":"xpath","value":"//li[.//span[text()= \"C002\"]]"}
RESULT: {"using":"xpath","value":"//li[.//span[text()= \"C002\"]]"}
COMMAND: POST /session/b171ef130127fc2a30c2632ea9d3abff/element/f.727CE9CF6895B2C759CBC992552C29E0.d.98D56C56A30DD7F775B9F82D153E7095.e.4908/click - {}
RESULT: {}
COMMAND: GET /session/b171ef130127fc2a30c2632ea9d3abff/screenshot - {}
RESULT: {}
COMMAND: POST /session/b171ef130127fc2a30c2632ea9d3abff/execute/async - {"script":"<script> [1562 bytes]","args":[{"selector":{"id":"application-managepartners-display-component---NewPartner--btnAddTableRow-img"},"wdio_ui5_key":"applicationmanagepartners-display-component---NewPartner--btnAddTableRow-img"}]}
RESULT: {"script":"<script> [1562 bytes]","args":[{"selector":{"id":"application-managepartners-display-component---NewPartner--btnAddTableRow-img"},"wdio_ui5_key":"applicationmanagepartners-display-component---NewPartner--btnAddTableRow-img"}]}
RESULT: undefined
COMMAND: POST /session/b171ef130127fc2a30c2632ea9d3abff/element - {"using":"xpath","value":"//*[@id=\"application-managepartners-display-component---NewPartner--btnAddTableRow-img\"]"}
RESULT: {"using":"xpath","value":"//*[@id=\"application-managepartners-display-component---NewPartner--btnAddTableRow-img\"]"}
COMMAND: POST /session/b171ef130127fc2a30c2632ea9d3abff/element/f.727CE9CF6895B2C759CBC992552C29E0.d.98D56C56A30DD7F775B9F82D153E7095.e.4909/click - {}
RESULT: {}
COMMAND: GET /session/b171ef130127fc2a30c2632ea9d3abff/screenshot - {}
RESULT: {}
COMMAND: POST /session/b171ef130127fc2a30c2632ea9d3abff/element - {"using":"xpath","value":"//input[@id=\"application-managepartners-display-component---NewPartner--assignmentYard-application-managepartners-display-component---NewPartner--assignmentsTable-0-inner\"]"}
RESULT: {"using":"xpath","value":"//input[@id=\"application-managepartners-display-component---NewPartner--assignmentYard-application-managepartners-display-component---NewPartner--assignmentsTable-0-inner\"]"}
COMMAND: POST /session/b171ef130127fc2a30c2632ea9d3abff/element/f.727CE9CF6895B2C759CBC992552C29E0.d.98D56C56A30DD7F775B9F82D153E7095.e.4912/clear - {}
RESULT: {}
COMMAND: POST /session/b171ef130127fc2a30c2632ea9d3abff/element/f.727CE9CF6895B2C759CBC992552C29E0.d.98D56C56A30DD7F775B9F82D153E7095.e.4912/value - {"text":"636"}
COMMAND: GET /session/b171ef130127fc2a30c2632ea9d3abff/screenshot - {}
RESULT: {"text":"636"}
COMMAND: GET /session/b171ef130127fc2a30c2632ea9d3abff/screenshot - {}
RESULT: {}
RESULT: {}
COMMAND: POST /session/b171ef130127fc2a30c2632ea9d3abff/element - {"using":"xpath","value":"//li[.//span[text()='636']]"}
RESULT: {"using":"xpath","value":"//li[.//span[text()='636']]"}
COMMAND: POST /session/b171ef130127fc2a30c2632ea9d3abff/element/f.727CE9CF6895B2C759CBC992552C29E0.d.98D56C56A30DD7F775B9F82D153E7095.e.4920/click - {}
RESULT: {}
COMMAND: GET /session/b171ef130127fc2a30c2632ea9d3abff/screenshot - {}
RESULT: {}
COMMAND: POST /session/b171ef130127fc2a30c2632ea9d3abff/actions - {"actions":[{"id":"action20","type":"key","parameters":{},"actions":[{"type":"keyDown","value":"î€‡"},{"type":"pause","duration":10},{"type":"keyUp","value":"î€‡"}]}]}
RESULT: {"actions":[{"id":"action20","type":"key","parameters":{},"actions":[{"type":"keyDown","value":"î€‡"},{"type":"pause","duration":10},{"type":"keyUp","value":"î€‡"}]}]}
COMMAND: POST /session/b171ef130127fc2a30c2632ea9d3abff/element - {"using":"xpath","value":"//td[contains(@id, \"assignmentsTable-0-cell2\")]/div/div"}
COMMAND: GET /session/b171ef130127fc2a30c2632ea9d3abff/screenshot - {}
RESULT: {"using":"xpath","value":"//td[contains(@id, \"assignmentsTable-0-cell2\")]/div/div"}
COMMAND: POST /session/b171ef130127fc2a30c2632ea9d3abff/element/f.727CE9CF6895B2C759CBC992552C29E0.d.98D56C56A30DD7F775B9F82D153E7095.e.4923/click - {}
RESULT: {}
RESULT: {}
COMMAND: GET /session/b171ef130127fc2a30c2632ea9d3abff/screenshot - {}
RESULT: {}
COMMAND: POST /session/b171ef130127fc2a30c2632ea9d3abff/element - {"using":"xpath","value":"//button[@data-kt=\"saveButton\"]"}
RESULT: {"using":"xpath","value":"//button[@data-kt=\"saveButton\"]"}
COMMAND: POST /session/b171ef130127fc2a30c2632ea9d3abff/element/f.727CE9CF6895B2C759CBC992552C29E0.d.98D56C56A30DD7F775B9F82D153E7095.e.4811/click - {}
RESULT: {}
COMMAND: GET /session/b171ef130127fc2a30c2632ea9d3abff/screenshot - {}
RESULT: {}
COMMAND: POST /session/b171ef130127fc2a30c2632ea9d3abff/element - {"using":"xpath","value":"//header[contains(@id, 'ObjectPageLayout-headerTitle')]/div[1]/div[2]/div[2]/span[1]"}
RESULT: {"using":"xpath","value":"//header[contains(@id, 'ObjectPageLayout-headerTitle')]/div[1]/div[2]/div[2]/span[1]"}
COMMAND: POST /session/b171ef130127fc2a30c2632ea9d3abff/elements - {"using":"xpath","value":"//header[contains(@id, 'ObjectPageLayout-headerTitle')]/div[1]/div[2]/div[2]/span[1]"}
RESULT: {"using":"xpath","value":"//header[contains(@id, 'ObjectPageLayout-headerTitle')]/div[1]/div[2]/div[2]/span[1]"}
COMMAND: POST /session/b171ef130127fc2a30c2632ea9d3abff/execute/sync - {"script":"<script> [56 bytes]","args":[{"element-6066-11e4-a52e-4f735466cecf":"f.727CE9CF6895B2C759CBC992552C29E0.d.98D56C56A30DD7F775B9F82D153E7095.e.5085","ELEMENT":"f.727CE9CF6895B2C759CBC992552C29E0.d.98D56C56A30DD7F775B9F82D153E7095.e.5085"}]}
RESULT: {"script":"<script> [56 bytes]","args":[{"element-6066-11e4-a52e-4f735466cecf":"f.727CE9CF6895B2C759CBC992552C29E0.d.98D56C56A30DD7F775B9F82D153E7095.e.5085","ELEMENT":"f.727CE9CF6895B2C759CBC992552C29E0.d.98D56C56A30DD7F775B9F82D153E7095.e.5085"}]}
COMMAND: POST /session/b171ef130127fc2a30c2632ea9d3abff/element - {"using":"css selector","value":"#shell-header-logo"}
COMMAND: GET /session/b171ef130127fc2a30c2632ea9d3abff/screenshot - {}
RESULT: {"using":"css selector","value":"#shell-header-logo"}
COMMAND: POST /session/b171ef130127fc2a30c2632ea9d3abff/element/f.727CE9CF6895B2C759CBC992552C29E0.d.98D56C56A30DD7F775B9F82D153E7095.e.4397/click - {}
RESULT: {}
RESULT: {}
COMMAND: GET /session/b171ef130127fc2a30c2632ea9d3abff/screenshot - {}
RESULT: {}
COMMAND: POST /session/b171ef130127fc2a30c2632ea9d3abff/execute/sync - {"script":"<script> [299 bytes]","args":[["getModel","getResource"]]}
RESULT: {"script":"<script> [299 bytes]","args":[["getModel","getResource"]]}
]]></system-out>
    </testcase>
    <testcase classname="chrome.135_0_7049_115.windows.Provide_to_Site_w/_warehouse_management_w/_clarification_US115878" name="Should create a new WHM site" time="100.327">
      <system-out><![CDATA[
COMMAND: POST /session/b171ef130127fc2a30c2632ea9d3abff/execute/async - {"script":"<script> [1562 bytes]","args":[{"selector":{"controlType":"sap.m.TileContent","bindingPath":{"path":"","propertyPath":"/properties/info"},"ancestor":{"controlType":"sap.m.GenericTile","properties":{"header":"Manage Sites"}}},"wdio_ui5_key":"sapm.TileContent{\"path\":\"\",\"propertyPath\":\"/properties/info\"}{\"controlType\":\"sap.m.GenericTile\",\"properties\":{\"header\":\"Manage Sites\"}}"}]}
COMMAND: GET /session/b171ef130127fc2a30c2632ea9d3abff/screenshot - {}
RESULT: {"script":"<script> [1562 bytes]","args":[{"selector":{"controlType":"sap.m.TileContent","bindingPath":{"path":"","propertyPath":"/properties/info"},"ancestor":{"controlType":"sap.m.GenericTile","properties":{"header":"Manage Sites"}}},"wdio_ui5_key":"sapm.TileContent{\"path\":\"\",\"propertyPath\":\"/properties/info\"}{\"controlType\":\"sap.m.GenericTile\",\"properties\":{\"header\":\"Manage Sites\"}}"}]}
RESULT: undefined
COMMAND: POST /session/b171ef130127fc2a30c2632ea9d3abff/element - {"using":"xpath","value":"//*[@id=\"__xmlview7--numericTileContent\"]"}
RESULT: {}
RESULT: {"using":"xpath","value":"//*[@id=\"__xmlview7--numericTileContent\"]"}
COMMAND: POST /session/b171ef130127fc2a30c2632ea9d3abff/element/f.727CE9CF6895B2C759CBC992552C29E0.d.98D56C56A30DD7F775B9F82D153E7095.e.5087/click - {}
RESULT: {}
COMMAND: POST /session/b171ef130127fc2a30c2632ea9d3abff/element - {"using":"xpath","value":"//button[@data-kt=\"addOverflowToolbarButton\"]"}
COMMAND: GET /session/b171ef130127fc2a30c2632ea9d3abff/screenshot - {}
RESULT: {"using":"xpath","value":"//button[@data-kt=\"addOverflowToolbarButton\"]"}
COMMAND: POST /session/b171ef130127fc2a30c2632ea9d3abff/elements - {"using":"xpath","value":"//button[@data-kt=\"addOverflowToolbarButton\"]"}
RESULT: {}
RESULT: {"using":"xpath","value":"//button[@data-kt=\"addOverflowToolbarButton\"]"}
COMMAND: POST /session/b171ef130127fc2a30c2632ea9d3abff/elements - {"using":"xpath","value":"//button[@data-kt=\"addOverflowToolbarButton\"]"}
RESULT: {"using":"xpath","value":"//button[@data-kt=\"addOverflowToolbarButton\"]"}
COMMAND: POST /session/b171ef130127fc2a30c2632ea9d3abff/element - {"using":"xpath","value":"//button[@data-kt=\"addOverflowToolbarButton\"]"}
RESULT: {"using":"xpath","value":"//button[@data-kt=\"addOverflowToolbarButton\"]"}
COMMAND: POST /session/b171ef130127fc2a30c2632ea9d3abff/execute/sync - {"script":"<script> [8489 bytes]","args":[{"element-6066-11e4-a52e-4f735466cecf":"f.727CE9CF6895B2C759CBC992552C29E0.d.98D56C56A30DD7F775B9F82D153E7095.e.5133","ELEMENT":"f.727CE9CF6895B2C759CBC992552C29E0.d.98D56C56A30DD7F775B9F82D153E7095.e.5133"}]}
RESULT: {"script":"<script> [8489 bytes]","args":[{"element-6066-11e4-a52e-4f735466cecf":"f.727CE9CF6895B2C759CBC992552C29E0.d.98D56C56A30DD7F775B9F82D153E7095.e.5133","ELEMENT":"f.727CE9CF6895B2C759CBC992552C29E0.d.98D56C56A30DD7F775B9F82D153E7095.e.5133"}]}
COMMAND: GET /session/b171ef130127fc2a30c2632ea9d3abff/element/f.727CE9CF6895B2C759CBC992552C29E0.d.98D56C56A30DD7F775B9F82D153E7095.e.5133/enabled - {}
COMMAND: GET /session/b171ef130127fc2a30c2632ea9d3abff/screenshot - {}
RESULT: {}
COMMAND: POST /session/b171ef130127fc2a30c2632ea9d3abff/execute/sync - {"script":"<script> [8489 bytes]","args":[{"element-6066-11e4-a52e-4f735466cecf":"f.727CE9CF6895B2C759CBC992552C29E0.d.98D56C56A30DD7F775B9F82D153E7095.e.5133","ELEMENT":"f.727CE9CF6895B2C759CBC992552C29E0.d.98D56C56A30DD7F775B9F82D153E7095.e.5133"}]}
COMMAND: GET /session/b171ef130127fc2a30c2632ea9d3abff/screenshot - {}
RESULT: {}
RESULT: {"script":"<script> [8489 bytes]","args":[{"element-6066-11e4-a52e-4f735466cecf":"f.727CE9CF6895B2C759CBC992552C29E0.d.98D56C56A30DD7F775B9F82D153E7095.e.5133","ELEMENT":"f.727CE9CF6895B2C759CBC992552C29E0.d.98D56C56A30DD7F775B9F82D153E7095.e.5133"}]}
COMMAND: POST /session/b171ef130127fc2a30c2632ea9d3abff/execute/sync - {"script":"<script> [5351 bytes]","args":[{"element-6066-11e4-a52e-4f735466cecf":"f.727CE9CF6895B2C759CBC992552C29E0.d.98D56C56A30DD7F775B9F82D153E7095.e.5133","ELEMENT":"f.727CE9CF6895B2C759CBC992552C29E0.d.98D56C56A30DD7F775B9F82D153E7095.e.5133"}]}
COMMAND: GET /session/b171ef130127fc2a30c2632ea9d3abff/screenshot - {}
RESULT: {}
RESULT: {"script":"<script> [5351 bytes]","args":[{"element-6066-11e4-a52e-4f735466cecf":"f.727CE9CF6895B2C759CBC992552C29E0.d.98D56C56A30DD7F775B9F82D153E7095.e.5133","ELEMENT":"f.727CE9CF6895B2C759CBC992552C29E0.d.98D56C56A30DD7F775B9F82D153E7095.e.5133"}]}
COMMAND: POST /session/b171ef130127fc2a30c2632ea9d3abff/element/f.727CE9CF6895B2C759CBC992552C29E0.d.98D56C56A30DD7F775B9F82D153E7095.e.5133/click - {}
COMMAND: GET /session/b171ef130127fc2a30c2632ea9d3abff/screenshot - {}
RESULT: {}
RESULT: {}
COMMAND: GET /session/b171ef130127fc2a30c2632ea9d3abff/screenshot - {}
RESULT: {}
RESULT: {}
COMMAND: POST /session/b171ef130127fc2a30c2632ea9d3abff/element - {"using":"xpath","value":"//input[@id=\"application-managesites-display-component---NewSite--siteId-inner\"]"}
RESULT: {"using":"xpath","value":"//input[@id=\"application-managesites-display-component---NewSite--siteId-inner\"]"}
COMMAND: POST /session/b171ef130127fc2a30c2632ea9d3abff/element - {"using":"xpath","value":"//input[@id=\"application-managesites-display-component---NewSite--siteId-inner\"]"}
RESULT: {"using":"xpath","value":"//input[@id=\"application-managesites-display-component---NewSite--siteId-inner\"]"}
COMMAND: POST /session/b171ef130127fc2a30c2632ea9d3abff/execute/async - {"script":"<script> [1562 bytes]","args":[{"selector":{"id":"application-managesites-display-component---NewSite--addressDetailDetailsName1","interaction":{"idSuffix":"inner"}},"wdio_ui5_key":"applicationmanagesites-display-component---NewSite--addressDetailDetailsName1"}]}
RESULT: {"script":"<script> [1562 bytes]","args":[{"selector":{"id":"application-managesites-display-component---NewSite--addressDetailDetailsName1","interaction":{"idSuffix":"inner"}},"wdio_ui5_key":"applicationmanagesites-display-component---NewSite--addressDetailDetailsName1"}]}
RESULT: undefined
COMMAND: POST /session/b171ef130127fc2a30c2632ea9d3abff/execute/async - {"script":"<script> [776 bytes]","args":[{"enterText":"Warehouse Managed Site WDIO","selector":{"id":"application-managesites-display-component---NewSite--addressDetailDetailsName1","interaction":{"idSuffix":"inner"}},"clearTextFirst":true,"interactionType":"ENTER_TEXT"}]}
RESULT: {"script":"<script> [776 bytes]","args":[{"enterText":"Warehouse Managed Site WDIO","selector":{"id":"application-managesites-display-component---NewSite--addressDetailDetailsName1","interaction":{"idSuffix":"inner"}},"clearTextFirst":true,"interactionType":"ENTER_TEXT"}]}
COMMAND: POST /session/b171ef130127fc2a30c2632ea9d3abff/execute/async - {"script":"<script> [1562 bytes]","args":[{"selector":{"id":"application-managesites-display-component---NewSite--addressDetailDetailsLanguage-arrow"},"wdio_ui5_key":"applicationmanagesites-display-component---NewSite--addressDetailDetailsLanguage-arrow"}]}
RESULT: {"script":"<script> [1562 bytes]","args":[{"selector":{"id":"application-managesites-display-component---NewSite--addressDetailDetailsLanguage-arrow"},"wdio_ui5_key":"applicationmanagesites-display-component---NewSite--addressDetailDetailsLanguage-arrow"}]}
RESULT: undefined
COMMAND: POST /session/b171ef130127fc2a30c2632ea9d3abff/element - {"using":"xpath","value":"//*[@id=\"application-managesites-display-component---NewSite--addressDetailDetailsLanguage-arrow\"]"}
RESULT: {"using":"xpath","value":"//*[@id=\"application-managesites-display-component---NewSite--addressDetailDetailsLanguage-arrow\"]"}
COMMAND: POST /session/b171ef130127fc2a30c2632ea9d3abff/element/f.727CE9CF6895B2C759CBC992552C29E0.d.98D56C56A30DD7F775B9F82D153E7095.e.5750/click - {}
RESULT: {}
COMMAND: POST /session/b171ef130127fc2a30c2632ea9d3abff/element - {"using":"xpath","value":"//span[contains(text(), \"English\")]"}
COMMAND: GET /session/b171ef130127fc2a30c2632ea9d3abff/screenshot - {}
RESULT: {"using":"xpath","value":"//span[contains(text(), \"English\")]"}
COMMAND: POST /session/b171ef130127fc2a30c2632ea9d3abff/element/f.727CE9CF6895B2C759CBC992552C29E0.d.98D56C56A30DD7F775B9F82D153E7095.e.5751/click - {}
RESULT: {}
RESULT: {}
COMMAND: POST /session/b171ef130127fc2a30c2632ea9d3abff/execute/async - {"script":"<script> [1562 bytes]","args":[{"selector":{"id":"application-managesites-display-component---NewSite--addressDetailDetailsCity1","interaction":{"idSuffix":"inner"}},"wdio_ui5_key":"applicationmanagesites-display-component---NewSite--addressDetailDetailsCity1"}]}
COMMAND: GET /session/b171ef130127fc2a30c2632ea9d3abff/screenshot - {}
RESULT: {"script":"<script> [1562 bytes]","args":[{"selector":{"id":"application-managesites-display-component---NewSite--addressDetailDetailsCity1","interaction":{"idSuffix":"inner"}},"wdio_ui5_key":"applicationmanagesites-display-component---NewSite--addressDetailDetailsCity1"}]}
RESULT: undefined
COMMAND: POST /session/b171ef130127fc2a30c2632ea9d3abff/execute/async - {"script":"<script> [776 bytes]","args":[{"enterText":"Rosario","selector":{"id":"application-managesites-display-component---NewSite--addressDetailDetailsCity1","interaction":{"idSuffix":"inner"}},"clearTextFirst":true,"interactionType":"ENTER_TEXT"}]}
RESULT: {}
RESULT: {"script":"<script> [776 bytes]","args":[{"enterText":"Rosario","selector":{"id":"application-managesites-display-component---NewSite--addressDetailDetailsCity1","interaction":{"idSuffix":"inner"}},"clearTextFirst":true,"interactionType":"ENTER_TEXT"}]}
COMMAND: POST /session/b171ef130127fc2a30c2632ea9d3abff/execute/async - {"script":"<script> [1562 bytes]","args":[{"selector":{"id":"application-managesites-display-component---NewSite--addressDetailDetailsCountry-arrow"},"wdio_ui5_key":"applicationmanagesites-display-component---NewSite--addressDetailDetailsCountry-arrow"}]}
RESULT: {"script":"<script> [1562 bytes]","args":[{"selector":{"id":"application-managesites-display-component---NewSite--addressDetailDetailsCountry-arrow"},"wdio_ui5_key":"applicationmanagesites-display-component---NewSite--addressDetailDetailsCountry-arrow"}]}
RESULT: undefined
COMMAND: POST /session/b171ef130127fc2a30c2632ea9d3abff/element - {"using":"xpath","value":"//*[@id=\"application-managesites-display-component---NewSite--addressDetailDetailsCountry-arrow\"]"}
RESULT: {"using":"xpath","value":"//*[@id=\"application-managesites-display-component---NewSite--addressDetailDetailsCountry-arrow\"]"}
COMMAND: POST /session/b171ef130127fc2a30c2632ea9d3abff/element/f.727CE9CF6895B2C759CBC992552C29E0.d.98D56C56A30DD7F775B9F82D153E7095.e.5753/click - {}
RESULT: {}
COMMAND: POST /session/b171ef130127fc2a30c2632ea9d3abff/element - {"using":"xpath","value":"//span[contains(text(), \"Argentina\")]"}
COMMAND: GET /session/b171ef130127fc2a30c2632ea9d3abff/screenshot - {}
RESULT: {"using":"xpath","value":"//span[contains(text(), \"Argentina\")]"}
COMMAND: POST /session/b171ef130127fc2a30c2632ea9d3abff/element/f.727CE9CF6895B2C759CBC992552C29E0.d.98D56C56A30DD7F775B9F82D153E7095.e.5754/click - {}
RESULT: {}
RESULT: {}
COMMAND: GET /session/b171ef130127fc2a30c2632ea9d3abff/screenshot - {}
RESULT: {}
COMMAND: POST /session/b171ef130127fc2a30c2632ea9d3abff/execute/async - {"script":"<script> [1562 bytes]","args":[{"selector":{"id":"application-managesites-display-component---NewSite--addressEditDetailsCostObjectCstType-arrow"},"wdio_ui5_key":"applicationmanagesites-display-component---NewSite--addressEditDetailsCostObjectCstType-arrow"}]}
RESULT: {"script":"<script> [1562 bytes]","args":[{"selector":{"id":"application-managesites-display-component---NewSite--addressEditDetailsCostObjectCstType-arrow"},"wdio_ui5_key":"applicationmanagesites-display-component---NewSite--addressEditDetailsCostObjectCstType-arrow"}]}
RESULT: undefined
COMMAND: POST /session/b171ef130127fc2a30c2632ea9d3abff/element - {"using":"xpath","value":"//*[@id=\"application-managesites-display-component---NewSite--addressEditDetailsCostObjectCstType-arrow\"]"}
RESULT: {"using":"xpath","value":"//*[@id=\"application-managesites-display-component---NewSite--addressEditDetailsCostObjectCstType-arrow\"]"}
COMMAND: POST /session/b171ef130127fc2a30c2632ea9d3abff/element/f.727CE9CF6895B2C759CBC992552C29E0.d.98D56C56A30DD7F775B9F82D153E7095.e.5756/click - {}
RESULT: {}
COMMAND: POST /session/b171ef130127fc2a30c2632ea9d3abff/element - {"using":"xpath","value":"//span[contains(text(), \"Cost Center\")]"}
COMMAND: GET /session/b171ef130127fc2a30c2632ea9d3abff/screenshot - {}
RESULT: {"using":"xpath","value":"//span[contains(text(), \"Cost Center\")]"}
COMMAND: POST /session/b171ef130127fc2a30c2632ea9d3abff/element/f.727CE9CF6895B2C759CBC992552C29E0.d.98D56C56A30DD7F775B9F82D153E7095.e.5757/click - {}
RESULT: {}
RESULT: {}
COMMAND: GET /session/b171ef130127fc2a30c2632ea9d3abff/screenshot - {}
RESULT: {}
COMMAND: POST /session/b171ef130127fc2a30c2632ea9d3abff/element - {"using":"xpath","value":"//span[@id=\"application-managesites-display-component---NewSite--addressNewCostObjectCstID-vhi\"]"}
RESULT: {"using":"xpath","value":"//span[@id=\"application-managesites-display-component---NewSite--addressNewCostObjectCstID-vhi\"]"}
COMMAND: POST /session/b171ef130127fc2a30c2632ea9d3abff/execute/sync - {"script":"<script> [8489 bytes]","args":[{"element-6066-11e4-a52e-4f735466cecf":"f.727CE9CF6895B2C759CBC992552C29E0.d.98D56C56A30DD7F775B9F82D153E7095.e.5762","ELEMENT":"f.727CE9CF6895B2C759CBC992552C29E0.d.98D56C56A30DD7F775B9F82D153E7095.e.5762"}]}
RESULT: {"script":"<script> [8489 bytes]","args":[{"element-6066-11e4-a52e-4f735466cecf":"f.727CE9CF6895B2C759CBC992552C29E0.d.98D56C56A30DD7F775B9F82D153E7095.e.5762","ELEMENT":"f.727CE9CF6895B2C759CBC992552C29E0.d.98D56C56A30DD7F775B9F82D153E7095.e.5762"}]}
COMMAND: POST /session/b171ef130127fc2a30c2632ea9d3abff/execute/async - {"script":"<script> [1562 bytes]","args":[{"selector":{"id":"application-managesites-display-component---NewSite--addressNewCostObjectCstID-vhi"},"wdio_ui5_key":"applicationmanagesites-display-component---NewSite--addressNewCostObjectCstID-vhi"}]}
COMMAND: GET /session/b171ef130127fc2a30c2632ea9d3abff/screenshot - {}
RESULT: {"script":"<script> [1562 bytes]","args":[{"selector":{"id":"application-managesites-display-component---NewSite--addressNewCostObjectCstID-vhi"},"wdio_ui5_key":"applicationmanagesites-display-component---NewSite--addressNewCostObjectCstID-vhi"}]}
RESULT: undefined
COMMAND: POST /session/b171ef130127fc2a30c2632ea9d3abff/element - {"using":"xpath","value":"//*[@id=\"application-managesites-display-component---NewSite--addressNewCostObjectCstID-vhi\"]"}
RESULT: {}
RESULT: {"using":"xpath","value":"//*[@id=\"application-managesites-display-component---NewSite--addressNewCostObjectCstID-vhi\"]"}
COMMAND: POST /session/b171ef130127fc2a30c2632ea9d3abff/element/f.727CE9CF6895B2C759CBC992552C29E0.d.98D56C56A30DD7F775B9F82D153E7095.e.5762/click - {}
RESULT: {}
COMMAND: GET /session/b171ef130127fc2a30c2632ea9d3abff/screenshot - {}
RESULT: {}
RESULT: undefined
COMMAND: POST /session/b171ef130127fc2a30c2632ea9d3abff/execute/async - {"script":"<script> [776 bytes]","args":[{"enterText":"10001013","selector":{"controlType":"sap.m.SearchField","properties":{"placeholder":"Search"},"searchOpenDialogs":true,"interaction":{"idSuffix":"I"}},"clearTextFirst":true,"interactionType":"ENTER_TEXT"}]}
RESULT: {"script":"<script> [776 bytes]","args":[{"enterText":"10001013","selector":{"controlType":"sap.m.SearchField","properties":{"placeholder":"Search"},"searchOpenDialogs":true,"interaction":{"idSuffix":"I"}},"clearTextFirst":true,"interactionType":"ENTER_TEXT"}]}
COMMAND: POST /session/b171ef130127fc2a30c2632ea9d3abff/actions - {"actions":[{"id":"action21","type":"key","parameters":{},"actions":[{"type":"keyDown","value":"î€‡"},{"type":"pause","duration":10},{"type":"keyUp","value":"î€‡"}]}]}
RESULT: {"actions":[{"id":"action21","type":"key","parameters":{},"actions":[{"type":"keyDown","value":"î€‡"},{"type":"pause","duration":10},{"type":"keyUp","value":"î€‡"}]}]}
COMMAND: GET /session/b171ef130127fc2a30c2632ea9d3abff/screenshot - {}
RESULT: {}
COMMAND: POST /session/b171ef130127fc2a30c2632ea9d3abff/element - {"using":"xpath","value":"//span[contains(text(), \"General Management\")]"}
RESULT: {"using":"xpath","value":"//span[contains(text(), \"General Management\")]"}
COMMAND: POST /session/b171ef130127fc2a30c2632ea9d3abff/element/f.727CE9CF6895B2C759CBC992552C29E0.d.98D56C56A30DD7F775B9F82D153E7095.e.5800/click - {}
RESULT: {}
COMMAND: GET /session/b171ef130127fc2a30c2632ea9d3abff/screenshot - {}
RESULT: {}
COMMAND: POST /session/b171ef130127fc2a30c2632ea9d3abff/element - {"using":"xpath","value":"//bdi[contains(text(), \"OK\")]"}
RESULT: {"using":"xpath","value":"//bdi[contains(text(), \"OK\")]"}
COMMAND: POST /session/b171ef130127fc2a30c2632ea9d3abff/element/f.727CE9CF6895B2C759CBC992552C29E0.d.98D56C56A30DD7F775B9F82D153E7095.e.5801/click - {}
RESULT: {}
COMMAND: GET /session/b171ef130127fc2a30c2632ea9d3abff/screenshot - {}
RESULT: {}
COMMAND: POST /session/b171ef130127fc2a30c2632ea9d3abff/element - {"using":"xpath","value":"//input[@id=\"application-managesites-display-component---NewSite--addressDetailDetailsCalendar-inner\"]"}
RESULT: {"using":"xpath","value":"//input[@id=\"application-managesites-display-component---NewSite--addressDetailDetailsCalendar-inner\"]"}
COMMAND: POST /session/b171ef130127fc2a30c2632ea9d3abff/element/f.727CE9CF6895B2C759CBC992552C29E0.d.98D56C56A30DD7F775B9F82D153E7095.e.5548/clear - {}
RESULT: {}
COMMAND: POST /session/b171ef130127fc2a30c2632ea9d3abff/element/f.727CE9CF6895B2C759CBC992552C29E0.d.98D56C56A30DD7F775B9F82D153E7095.e.5548/value - {"text":"Unit"}
COMMAND: GET /session/b171ef130127fc2a30c2632ea9d3abff/screenshot - {}
RESULT: {"text":"Unit"}
COMMAND: GET /session/b171ef130127fc2a30c2632ea9d3abff/screenshot - {}
RESULT: {}
RESULT: {}
COMMAND: POST /session/b171ef130127fc2a30c2632ea9d3abff/actions - {"actions":[{"id":"action22","type":"key","parameters":{},"actions":[{"type":"keyDown","value":"î€‡"},{"type":"pause","duration":10},{"type":"keyUp","value":"î€‡"}]}]}
RESULT: {"actions":[{"id":"action22","type":"key","parameters":{},"actions":[{"type":"keyDown","value":"î€‡"},{"type":"pause","duration":10},{"type":"keyUp","value":"î€‡"}]}]}
COMMAND: POST /session/b171ef130127fc2a30c2632ea9d3abff/element - {"using":"xpath","value":"//input[@id=\"application-managesites-display-component---NewSite--addressDetailDetailsYard-inner\"]"}
COMMAND: GET /session/b171ef130127fc2a30c2632ea9d3abff/screenshot - {}
RESULT: {"using":"xpath","value":"//input[@id=\"application-managesites-display-component---NewSite--addressDetailDetailsYard-inner\"]"}
COMMAND: POST /session/b171ef130127fc2a30c2632ea9d3abff/element/f.727CE9CF6895B2C759CBC992552C29E0.d.98D56C56A30DD7F775B9F82D153E7095.e.5549/clear - {}
RESULT: {}
RESULT: {}
COMMAND: POST /session/b171ef130127fc2a30c2632ea9d3abff/element/f.727CE9CF6895B2C759CBC992552C29E0.d.98D56C56A30DD7F775B9F82D153E7095.e.5549/value - {"text":"636"}
COMMAND: GET /session/b171ef130127fc2a30c2632ea9d3abff/screenshot - {}
RESULT: {"text":"636"}
COMMAND: GET /session/b171ef130127fc2a30c2632ea9d3abff/screenshot - {}
RESULT: {}
RESULT: {}
COMMAND: POST /session/b171ef130127fc2a30c2632ea9d3abff/element - {"using":"xpath","value":"//li[.//span[text()='636']]"}
RESULT: {"using":"xpath","value":"//li[.//span[text()='636']]"}
COMMAND: POST /session/b171ef130127fc2a30c2632ea9d3abff/element/f.727CE9CF6895B2C759CBC992552C29E0.d.98D56C56A30DD7F775B9F82D153E7095.e.5809/click - {}
RESULT: {}
COMMAND: GET /session/b171ef130127fc2a30c2632ea9d3abff/screenshot - {}
RESULT: {}
COMMAND: POST /session/b171ef130127fc2a30c2632ea9d3abff/element - {"using":"xpath","value":"//input[@id=\"application-managesites-display-component---NewSite--addressDetailDetailsPartner-inner\"]"}
RESULT: {"using":"xpath","value":"//input[@id=\"application-managesites-display-component---NewSite--addressDetailDetailsPartner-inner\"]"}
COMMAND: POST /session/b171ef130127fc2a30c2632ea9d3abff/element - {"using":"xpath","value":"//input[@id=\"application-managesites-display-component---NewSite--addressDetailDetailsPartner-inner\"]"}
RESULT: {"using":"xpath","value":"//input[@id=\"application-managesites-display-component---NewSite--addressDetailDetailsPartner-inner\"]"}
COMMAND: POST /session/b171ef130127fc2a30c2632ea9d3abff/execute/async - {"script":"<script> [1562 bytes]","args":[{"selector":{"id":"application-managesites-display-component---NewSite--siteWhmCheckBox-label","interaction":{"idSuffix":"bdi"}},"wdio_ui5_key":"applicationmanagesites-display-component---NewSite--siteWhmCheckBox-label"}]}
RESULT: {"script":"<script> [1562 bytes]","args":[{"selector":{"id":"application-managesites-display-component---NewSite--siteWhmCheckBox-label","interaction":{"idSuffix":"bdi"}},"wdio_ui5_key":"applicationmanagesites-display-component---NewSite--siteWhmCheckBox-label"}]}
RESULT: undefined
COMMAND: POST /session/b171ef130127fc2a30c2632ea9d3abff/element - {"using":"xpath","value":"//*[@id=\"application-managesites-display-component---NewSite--siteWhmCheckBox-label\"]"}
RESULT: {"using":"xpath","value":"//*[@id=\"application-managesites-display-component---NewSite--siteWhmCheckBox-label\"]"}
COMMAND: POST /session/b171ef130127fc2a30c2632ea9d3abff/element/f.727CE9CF6895B2C759CBC992552C29E0.d.98D56C56A30DD7F775B9F82D153E7095.e.5811/click - {}
RESULT: {}
COMMAND: GET /session/b171ef130127fc2a30c2632ea9d3abff/screenshot - {}
RESULT: {}
COMMAND: POST /session/b171ef130127fc2a30c2632ea9d3abff/element - {"using":"xpath","value":"//button[@data-kt=\"saveButton\"]"}
RESULT: {"using":"xpath","value":"//button[@data-kt=\"saveButton\"]"}
COMMAND: POST /session/b171ef130127fc2a30c2632ea9d3abff/element/f.727CE9CF6895B2C759CBC992552C29E0.d.98D56C56A30DD7F775B9F82D153E7095.e.5735/click - {}
RESULT: {}
COMMAND: GET /session/b171ef130127fc2a30c2632ea9d3abff/screenshot - {}
RESULT: {}
COMMAND: POST /session/b171ef130127fc2a30c2632ea9d3abff/element - {"using":"xpath","value":"//header[contains(@id, 'ObjectPageLayout-headerTitle')]/div[1]/div[2]/div[2]/span[1]"}
RESULT: {"using":"xpath","value":"//header[contains(@id, 'ObjectPageLayout-headerTitle')]/div[1]/div[2]/div[2]/span[1]"}
COMMAND: POST /session/b171ef130127fc2a30c2632ea9d3abff/elements - {"using":"xpath","value":"//header[contains(@id, 'ObjectPageLayout-headerTitle')]/div[1]/div[2]/div[2]/span[1]"}
RESULT: {"using":"xpath","value":"//header[contains(@id, 'ObjectPageLayout-headerTitle')]/div[1]/div[2]/div[2]/span[1]"}
COMMAND: POST /session/b171ef130127fc2a30c2632ea9d3abff/execute/sync - {"script":"<script> [56 bytes]","args":[{"element-6066-11e4-a52e-4f735466cecf":"f.727CE9CF6895B2C759CBC992552C29E0.d.98D56C56A30DD7F775B9F82D153E7095.e.6014","ELEMENT":"f.727CE9CF6895B2C759CBC992552C29E0.d.98D56C56A30DD7F775B9F82D153E7095.e.6014"}]}
RESULT: {"script":"<script> [56 bytes]","args":[{"element-6066-11e4-a52e-4f735466cecf":"f.727CE9CF6895B2C759CBC992552C29E0.d.98D56C56A30DD7F775B9F82D153E7095.e.6014","ELEMENT":"f.727CE9CF6895B2C759CBC992552C29E0.d.98D56C56A30DD7F775B9F82D153E7095.e.6014"}]}
COMMAND: POST /session/b171ef130127fc2a30c2632ea9d3abff/element - {"using":"css selector","value":"#shell-header-logo"}
COMMAND: GET /session/b171ef130127fc2a30c2632ea9d3abff/screenshot - {}
RESULT: {"using":"css selector","value":"#shell-header-logo"}
COMMAND: POST /session/b171ef130127fc2a30c2632ea9d3abff/element/f.727CE9CF6895B2C759CBC992552C29E0.d.98D56C56A30DD7F775B9F82D153E7095.e.5090/click - {}
RESULT: {}
RESULT: {}
COMMAND: GET /session/b171ef130127fc2a30c2632ea9d3abff/screenshot - {}
RESULT: {}
COMMAND: POST /session/b171ef130127fc2a30c2632ea9d3abff/execute/sync - {"script":"<script> [299 bytes]","args":[["getModel","getResource"]]}
RESULT: {"script":"<script> [299 bytes]","args":[["getModel","getResource"]]}
]]></system-out>
    </testcase>
    <testcase classname="chrome.135_0_7049_115.windows.Provide_to_Site_w/_warehouse_management_w/_clarification_US115878" name="Should create a new material" time="112.052">
      <system-out><![CDATA[
COMMAND: POST /session/b171ef130127fc2a30c2632ea9d3abff/execute/async - {"script":"<script> [1562 bytes]","args":[{"selector":{"controlType":"sap.m.GenericTile","properties":{"header":"Manage Resources"}},"wdio_ui5_key":"sapm.GenericTile{\"header\":\"Manage Resources\"}"}]}
COMMAND: GET /session/b171ef130127fc2a30c2632ea9d3abff/screenshot - {}
RESULT: {"script":"<script> [1562 bytes]","args":[{"selector":{"controlType":"sap.m.GenericTile","properties":{"header":"Manage Resources"}},"wdio_ui5_key":"sapm.GenericTile{\"header\":\"Manage Resources\"}"}]}
RESULT: undefined
COMMAND: POST /session/b171ef130127fc2a30c2632ea9d3abff/element - {"using":"xpath","value":"//*[@id=\"__tile31\"]"}
RESULT: {}
RESULT: {"using":"xpath","value":"//*[@id=\"__tile31\"]"}
COMMAND: POST /session/b171ef130127fc2a30c2632ea9d3abff/element/f.727CE9CF6895B2C759CBC992552C29E0.d.98D56C56A30DD7F775B9F82D153E7095.e.3546/click - {}
RESULT: {}
COMMAND: POST /session/b171ef130127fc2a30c2632ea9d3abff/element - {"using":"xpath","value":"//button[@data-kt=\"addNewRUOverflowToolbarButton\"]"}
COMMAND: GET /session/b171ef130127fc2a30c2632ea9d3abff/screenshot - {}
RESULT: {"using":"xpath","value":"//button[@data-kt=\"addNewRUOverflowToolbarButton\"]"}
COMMAND: POST /session/b171ef130127fc2a30c2632ea9d3abff/elements - {"using":"xpath","value":"//button[@data-kt=\"addNewRUOverflowToolbarButton\"]"}
RESULT: {}
RESULT: {"using":"xpath","value":"//button[@data-kt=\"addNewRUOverflowToolbarButton\"]"}
COMMAND: POST /session/b171ef130127fc2a30c2632ea9d3abff/elements - {"using":"xpath","value":"//button[@data-kt=\"addNewRUOverflowToolbarButton\"]"}
RESULT: {"using":"xpath","value":"//button[@data-kt=\"addNewRUOverflowToolbarButton\"]"}
COMMAND: POST /session/b171ef130127fc2a30c2632ea9d3abff/elements - {"using":"xpath","value":"//button[@data-kt=\"addNewRUOverflowToolbarButton\"]"}
RESULT: {"using":"xpath","value":"//button[@data-kt=\"addNewRUOverflowToolbarButton\"]"}
COMMAND: POST /session/b171ef130127fc2a30c2632ea9d3abff/elements - {"using":"xpath","value":"//button[@data-kt=\"addNewRUOverflowToolbarButton\"]"}
RESULT: {"using":"xpath","value":"//button[@data-kt=\"addNewRUOverflowToolbarButton\"]"}
COMMAND: POST /session/b171ef130127fc2a30c2632ea9d3abff/elements - {"using":"xpath","value":"//button[@data-kt=\"addNewRUOverflowToolbarButton\"]"}
RESULT: {"using":"xpath","value":"//button[@data-kt=\"addNewRUOverflowToolbarButton\"]"}
COMMAND: POST /session/b171ef130127fc2a30c2632ea9d3abff/elements - {"using":"xpath","value":"//button[@data-kt=\"addNewRUOverflowToolbarButton\"]"}
RESULT: {"using":"xpath","value":"//button[@data-kt=\"addNewRUOverflowToolbarButton\"]"}
COMMAND: POST /session/b171ef130127fc2a30c2632ea9d3abff/elements - {"using":"xpath","value":"//button[@data-kt=\"addNewRUOverflowToolbarButton\"]"}
RESULT: {"using":"xpath","value":"//button[@data-kt=\"addNewRUOverflowToolbarButton\"]"}
COMMAND: POST /session/b171ef130127fc2a30c2632ea9d3abff/elements - {"using":"xpath","value":"//button[@data-kt=\"addNewRUOverflowToolbarButton\"]"}
RESULT: {"using":"xpath","value":"//button[@data-kt=\"addNewRUOverflowToolbarButton\"]"}
COMMAND: POST /session/b171ef130127fc2a30c2632ea9d3abff/elements - {"using":"xpath","value":"//button[@data-kt=\"addNewRUOverflowToolbarButton\"]"}
RESULT: {"using":"xpath","value":"//button[@data-kt=\"addNewRUOverflowToolbarButton\"]"}
COMMAND: POST /session/b171ef130127fc2a30c2632ea9d3abff/elements - {"using":"xpath","value":"//button[@data-kt=\"addNewRUOverflowToolbarButton\"]"}
RESULT: {"using":"xpath","value":"//button[@data-kt=\"addNewRUOverflowToolbarButton\"]"}
COMMAND: POST /session/b171ef130127fc2a30c2632ea9d3abff/elements - {"using":"xpath","value":"//button[@data-kt=\"addNewRUOverflowToolbarButton\"]"}
RESULT: {"using":"xpath","value":"//button[@data-kt=\"addNewRUOverflowToolbarButton\"]"}
COMMAND: POST /session/b171ef130127fc2a30c2632ea9d3abff/elements - {"using":"xpath","value":"//button[@data-kt=\"addNewRUOverflowToolbarButton\"]"}
RESULT: {"using":"xpath","value":"//button[@data-kt=\"addNewRUOverflowToolbarButton\"]"}
COMMAND: POST /session/b171ef130127fc2a30c2632ea9d3abff/element - {"using":"xpath","value":"//button[@data-kt=\"addNewRUOverflowToolbarButton\"]"}
RESULT: {"using":"xpath","value":"//button[@data-kt=\"addNewRUOverflowToolbarButton\"]"}
COMMAND: POST /session/b171ef130127fc2a30c2632ea9d3abff/execute/sync - {"script":"<script> [8489 bytes]","args":[{"element-6066-11e4-a52e-4f735466cecf":"f.727CE9CF6895B2C759CBC992552C29E0.d.98D56C56A30DD7F775B9F82D153E7095.e.6047","ELEMENT":"f.727CE9CF6895B2C759CBC992552C29E0.d.98D56C56A30DD7F775B9F82D153E7095.e.6047"}]}
RESULT: {"script":"<script> [8489 bytes]","args":[{"element-6066-11e4-a52e-4f735466cecf":"f.727CE9CF6895B2C759CBC992552C29E0.d.98D56C56A30DD7F775B9F82D153E7095.e.6047","ELEMENT":"f.727CE9CF6895B2C759CBC992552C29E0.d.98D56C56A30DD7F775B9F82D153E7095.e.6047"}]}
COMMAND: GET /session/b171ef130127fc2a30c2632ea9d3abff/element/f.727CE9CF6895B2C759CBC992552C29E0.d.98D56C56A30DD7F775B9F82D153E7095.e.6047/enabled - {}
COMMAND: GET /session/b171ef130127fc2a30c2632ea9d3abff/screenshot - {}
RESULT: {}
COMMAND: POST /session/b171ef130127fc2a30c2632ea9d3abff/execute/sync - {"script":"<script> [8489 bytes]","args":[{"element-6066-11e4-a52e-4f735466cecf":"f.727CE9CF6895B2C759CBC992552C29E0.d.98D56C56A30DD7F775B9F82D153E7095.e.6047","ELEMENT":"f.727CE9CF6895B2C759CBC992552C29E0.d.98D56C56A30DD7F775B9F82D153E7095.e.6047"}]}
COMMAND: GET /session/b171ef130127fc2a30c2632ea9d3abff/screenshot - {}
RESULT: {}
RESULT: {"script":"<script> [8489 bytes]","args":[{"element-6066-11e4-a52e-4f735466cecf":"f.727CE9CF6895B2C759CBC992552C29E0.d.98D56C56A30DD7F775B9F82D153E7095.e.6047","ELEMENT":"f.727CE9CF6895B2C759CBC992552C29E0.d.98D56C56A30DD7F775B9F82D153E7095.e.6047"}]}
COMMAND: POST /session/b171ef130127fc2a30c2632ea9d3abff/execute/sync - {"script":"<script> [5351 bytes]","args":[{"element-6066-11e4-a52e-4f735466cecf":"f.727CE9CF6895B2C759CBC992552C29E0.d.98D56C56A30DD7F775B9F82D153E7095.e.6047","ELEMENT":"f.727CE9CF6895B2C759CBC992552C29E0.d.98D56C56A30DD7F775B9F82D153E7095.e.6047"}]}
COMMAND: GET /session/b171ef130127fc2a30c2632ea9d3abff/screenshot - {}
RESULT: {}
RESULT: {"script":"<script> [5351 bytes]","args":[{"element-6066-11e4-a52e-4f735466cecf":"f.727CE9CF6895B2C759CBC992552C29E0.d.98D56C56A30DD7F775B9F82D153E7095.e.6047","ELEMENT":"f.727CE9CF6895B2C759CBC992552C29E0.d.98D56C56A30DD7F775B9F82D153E7095.e.6047"}]}
COMMAND: POST /session/b171ef130127fc2a30c2632ea9d3abff/element/f.727CE9CF6895B2C759CBC992552C29E0.d.98D56C56A30DD7F775B9F82D153E7095.e.6047/click - {}
COMMAND: GET /session/b171ef130127fc2a30c2632ea9d3abff/screenshot - {}
RESULT: {}
RESULT: {}
COMMAND: GET /session/b171ef130127fc2a30c2632ea9d3abff/screenshot - {}
COMMAND: POST /session/b171ef130127fc2a30c2632ea9d3abff/execute/async - {"script":"<script> [1562 bytes]","args":[{"selector":{"id":"application-manageresources-display-component---newResourceUnit--TYPE-arrow"},"wdio_ui5_key":"applicationmanageresources-display-component---newResourceUnit--TYPE-arrow"}]}
RESULT: {}
RESULT: {}
RESULT: {"script":"<script> [1562 bytes]","args":[{"selector":{"id":"application-manageresources-display-component---newResourceUnit--TYPE-arrow"},"wdio_ui5_key":"applicationmanageresources-display-component---newResourceUnit--TYPE-arrow"}]}
RESULT: undefined
COMMAND: POST /session/b171ef130127fc2a30c2632ea9d3abff/element - {"using":"xpath","value":"//*[@id=\"application-manageresources-display-component---newResourceUnit--TYPE-arrow\"]"}
RESULT: {"using":"xpath","value":"//*[@id=\"application-manageresources-display-component---newResourceUnit--TYPE-arrow\"]"}
COMMAND: POST /session/b171ef130127fc2a30c2632ea9d3abff/element/f.727CE9CF6895B2C759CBC992552C29E0.d.98D56C56A30DD7F775B9F82D153E7095.e.6471/click - {}
RESULT: {}
COMMAND: POST /session/b171ef130127fc2a30c2632ea9d3abff/element - {"using":"xpath","value":"//input[@id=\"application-manageresources-display-component---newResourceUnit--TYPE-inner\"]"}
COMMAND: GET /session/b171ef130127fc2a30c2632ea9d3abff/screenshot - {}
RESULT: {"using":"xpath","value":"//input[@id=\"application-manageresources-display-component---newResourceUnit--TYPE-inner\"]"}
COMMAND: POST /session/b171ef130127fc2a30c2632ea9d3abff/element/f.727CE9CF6895B2C759CBC992552C29E0.d.98D56C56A30DD7F775B9F82D153E7095.e.6351/clear - {}
RESULT: {}
RESULT: {}
COMMAND: POST /session/b171ef130127fc2a30c2632ea9d3abff/element/f.727CE9CF6895B2C759CBC992552C29E0.d.98D56C56A30DD7F775B9F82D153E7095.e.6351/value - {"text":"Material"}
COMMAND: GET /session/b171ef130127fc2a30c2632ea9d3abff/screenshot - {}
RESULT: {"text":"Material"}
COMMAND: GET /session/b171ef130127fc2a30c2632ea9d3abff/screenshot - {}
RESULT: {}
RESULT: {}
COMMAND: POST /session/b171ef130127fc2a30c2632ea9d3abff/actions - {"actions":[{"id":"action23","type":"key","parameters":{},"actions":[{"type":"keyDown","value":"î€‡"},{"type":"pause","duration":10},{"type":"keyUp","value":"î€‡"}]}]}
RESULT: {"actions":[{"id":"action23","type":"key","parameters":{},"actions":[{"type":"keyDown","value":"î€‡"},{"type":"pause","duration":10},{"type":"keyUp","value":"î€‡"}]}]}
COMMAND: POST /session/b171ef130127fc2a30c2632ea9d3abff/execute/async - {"script":"<script> [1562 bytes]","args":[{"selector":{"id":"application-manageresources-display-component---newResourceUnit--SHORT_TEXT","interaction":{"idSuffix":"inner"}},"wdio_ui5_key":"applicationmanageresources-display-component---newResourceUnit--SHORT_TEXT"}]}
COMMAND: GET /session/b171ef130127fc2a30c2632ea9d3abff/screenshot - {}
RESULT: {"script":"<script> [1562 bytes]","args":[{"selector":{"id":"application-manageresources-display-component---newResourceUnit--SHORT_TEXT","interaction":{"idSuffix":"inner"}},"wdio_ui5_key":"applicationmanageresources-display-component---newResourceUnit--SHORT_TEXT"}]}
RESULT: undefined
COMMAND: POST /session/b171ef130127fc2a30c2632ea9d3abff/execute/async - {"script":"<script> [776 bytes]","args":[{"enterText":"Cement WDIO","selector":{"id":"application-manageresources-display-component---newResourceUnit--SHORT_TEXT","interaction":{"idSuffix":"inner"}},"clearTextFirst":true,"interactionType":"ENTER_TEXT"}]}
RESULT: {}
RESULT: {"script":"<script> [776 bytes]","args":[{"enterText":"Cement WDIO","selector":{"id":"application-manageresources-display-component---newResourceUnit--SHORT_TEXT","interaction":{"idSuffix":"inner"}},"clearTextFirst":true,"interactionType":"ENTER_TEXT"}]}
COMMAND: POST /session/b171ef130127fc2a30c2632ea9d3abff/execute/async - {"script":"<script> [1562 bytes]","args":[{"selector":{"id":"application-manageresources-display-component---newResourceUnit--BASE_UNIT_OF_MEASURE","interaction":{"idSuffix":"inner"}},"wdio_ui5_key":"applicationmanageresources-display-component---newResourceUnit--BASE_UNIT_OF_MEASURE"}]}
RESULT: {"script":"<script> [1562 bytes]","args":[{"selector":{"id":"application-manageresources-display-component---newResourceUnit--BASE_UNIT_OF_MEASURE","interaction":{"idSuffix":"inner"}},"wdio_ui5_key":"applicationmanageresources-display-component---newResourceUnit--BASE_UNIT_OF_MEASURE"}]}
RESULT: undefined
COMMAND: POST /session/b171ef130127fc2a30c2632ea9d3abff/execute/async - {"script":"<script> [776 bytes]","args":[{"enterText":"Piece","selector":{"id":"application-manageresources-display-component---newResourceUnit--BASE_UNIT_OF_MEASURE","interaction":{"idSuffix":"inner"}},"clearTextFirst":true,"interactionType":"ENTER_TEXT"}]}
RESULT: {"script":"<script> [776 bytes]","args":[{"enterText":"Piece","selector":{"id":"application-manageresources-display-component---newResourceUnit--BASE_UNIT_OF_MEASURE","interaction":{"idSuffix":"inner"}},"clearTextFirst":true,"interactionType":"ENTER_TEXT"}]}
COMMAND: POST /session/b171ef130127fc2a30c2632ea9d3abff/execute/async - {"script":"<script> [1562 bytes]","args":[{"selector":{"id":"application-manageresources-display-component---newResourceUnit--WEIGHT_UNIT","interaction":{"idSuffix":"inner"}},"wdio_ui5_key":"applicationmanageresources-display-component---newResourceUnit--WEIGHT_UNIT"}]}
RESULT: {"script":"<script> [1562 bytes]","args":[{"selector":{"id":"application-manageresources-display-component---newResourceUnit--WEIGHT_UNIT","interaction":{"idSuffix":"inner"}},"wdio_ui5_key":"applicationmanageresources-display-component---newResourceUnit--WEIGHT_UNIT"}]}
RESULT: undefined
COMMAND: POST /session/b171ef130127fc2a30c2632ea9d3abff/execute/async - {"script":"<script> [776 bytes]","args":[{"enterText":"Gram","selector":{"id":"application-manageresources-display-component---newResourceUnit--WEIGHT_UNIT","interaction":{"idSuffix":"inner"}},"clearTextFirst":true,"interactionType":"ENTER_TEXT"}]}
RESULT: {"script":"<script> [776 bytes]","args":[{"enterText":"Gram","selector":{"id":"application-manageresources-display-component---newResourceUnit--WEIGHT_UNIT","interaction":{"idSuffix":"inner"}},"clearTextFirst":true,"interactionType":"ENTER_TEXT"}]}
COMMAND: POST /session/b171ef130127fc2a30c2632ea9d3abff/execute/async - {"script":"<script> [1562 bytes]","args":[{"selector":{"id":"application-manageresources-display-component---newResourceUnit--DIMENSION_UNIT","interaction":{"idSuffix":"inner"}},"wdio_ui5_key":"applicationmanageresources-display-component---newResourceUnit--DIMENSION_UNIT"}]}
RESULT: {"script":"<script> [1562 bytes]","args":[{"selector":{"id":"application-manageresources-display-component---newResourceUnit--DIMENSION_UNIT","interaction":{"idSuffix":"inner"}},"wdio_ui5_key":"applicationmanageresources-display-component---newResourceUnit--DIMENSION_UNIT"}]}
RESULT: undefined
COMMAND: POST /session/b171ef130127fc2a30c2632ea9d3abff/execute/async - {"script":"<script> [776 bytes]","args":[{"enterText":"Meter","selector":{"id":"application-manageresources-display-component---newResourceUnit--DIMENSION_UNIT","interaction":{"idSuffix":"inner"}},"clearTextFirst":true,"interactionType":"ENTER_TEXT"}]}
RESULT: {"script":"<script> [776 bytes]","args":[{"enterText":"Meter","selector":{"id":"application-manageresources-display-component---newResourceUnit--DIMENSION_UNIT","interaction":{"idSuffix":"inner"}},"clearTextFirst":true,"interactionType":"ENTER_TEXT"}]}
COMMAND: POST /session/b171ef130127fc2a30c2632ea9d3abff/execute/async - {"script":"<script> [1562 bytes]","args":[{"selector":{"id":"application-manageresources-display-component---newResourceUnit--newRRUPage-anchBar-application-manageresources-display-component---newResourceUnit--control-anchor","interaction":{"idSuffix":"BDI-content"}},"wdio_ui5_key":"applicationmanageresources-display-component---newResourceUnit--newRRUPage-anchBar-application-manageresources-display-component---newResourceUnit--control-anchor"}]}
RESULT: {"script":"<script> [1562 bytes]","args":[{"selector":{"id":"application-manageresources-display-component---newResourceUnit--newRRUPage-anchBar-application-manageresources-display-component---newResourceUnit--control-anchor","interaction":{"idSuffix":"BDI-content"}},"wdio_ui5_key":"applicationmanageresources-display-component---newResourceUnit--newRRUPage-anchBar-application-manageresources-display-component---newResourceUnit--control-anchor"}]}
RESULT: undefined
COMMAND: POST /session/b171ef130127fc2a30c2632ea9d3abff/element - {"using":"xpath","value":"//*[@id=\"application-manageresources-display-component---newResourceUnit--newRRUPage-anchBar-application-manageresources-display-component---newResourceUnit--control-anchor\"]"}
RESULT: {"using":"xpath","value":"//*[@id=\"application-manageresources-display-component---newResourceUnit--newRRUPage-anchBar-application-manageresources-display-component---newResourceUnit--control-anchor\"]"}
COMMAND: POST /session/b171ef130127fc2a30c2632ea9d3abff/element/f.727CE9CF6895B2C759CBC992552C29E0.d.98D56C56A30DD7F775B9F82D153E7095.e.6536/click - {}
RESULT: {}
COMMAND: POST /session/b171ef130127fc2a30c2632ea9d3abff/execute/async - {"script":"<script> [1562 bytes]","args":[{"selector":{"id":"application-manageresources-display-component---newResourceUnit--PLANNING_GROUP","interaction":{"idSuffix":"inner"}},"wdio_ui5_key":"applicationmanageresources-display-component---newResourceUnit--PLANNING_GROUP"}]}
COMMAND: GET /session/b171ef130127fc2a30c2632ea9d3abff/screenshot - {}
RESULT: {"script":"<script> [1562 bytes]","args":[{"selector":{"id":"application-manageresources-display-component---newResourceUnit--PLANNING_GROUP","interaction":{"idSuffix":"inner"}},"wdio_ui5_key":"applicationmanageresources-display-component---newResourceUnit--PLANNING_GROUP"}]}
RESULT: undefined
COMMAND: POST /session/b171ef130127fc2a30c2632ea9d3abff/execute/async - {"script":"<script> [776 bytes]","args":[{"enterText":"Material","selector":{"id":"application-manageresources-display-component---newResourceUnit--PLANNING_GROUP","interaction":{"idSuffix":"inner"}},"clearTextFirst":true,"interactionType":"ENTER_TEXT"}]}
RESULT: {}
RESULT: {"script":"<script> [776 bytes]","args":[{"enterText":"Material","selector":{"id":"application-manageresources-display-component---newResourceUnit--PLANNING_GROUP","interaction":{"idSuffix":"inner"}},"clearTextFirst":true,"interactionType":"ENTER_TEXT"}]}
COMMAND: POST /session/b171ef130127fc2a30c2632ea9d3abff/execute/async - {"script":"<script> [1562 bytes]","args":[{"selector":{"id":"application-manageresources-display-component---newResourceUnit--PLANNING_INDICATOR","interaction":{"idSuffix":"inner"}},"wdio_ui5_key":"applicationmanageresources-display-component---newResourceUnit--PLANNING_INDICATOR"}]}
RESULT: {"script":"<script> [1562 bytes]","args":[{"selector":{"id":"application-manageresources-display-component---newResourceUnit--PLANNING_INDICATOR","interaction":{"idSuffix":"inner"}},"wdio_ui5_key":"applicationmanageresources-display-component---newResourceUnit--PLANNING_INDICATOR"}]}
RESULT: undefined
COMMAND: POST /session/b171ef130127fc2a30c2632ea9d3abff/execute/async - {"script":"<script> [776 bytes]","args":[{"enterText":"10 - infinite","selector":{"id":"application-manageresources-display-component---newResourceUnit--PLANNING_INDICATOR","interaction":{"idSuffix":"inner"}},"clearTextFirst":true,"interactionType":"ENTER_TEXT"}]}
RESULT: {"script":"<script> [776 bytes]","args":[{"enterText":"10 - infinite","selector":{"id":"application-manageresources-display-component---newResourceUnit--PLANNING_INDICATOR","interaction":{"idSuffix":"inner"}},"clearTextFirst":true,"interactionType":"ENTER_TEXT"}]}
COMMAND: POST /session/b171ef130127fc2a30c2632ea9d3abff/element - {"using":"css selector","value":"#application-manageresources-display-component---newResourceUnit--btnAddTimeSegment"}
RESULT: {"using":"css selector","value":"#application-manageresources-display-component---newResourceUnit--btnAddTimeSegment"}
COMMAND: GET /session/b171ef130127fc2a30c2632ea9d3abff/element/f.727CE9CF6895B2C759CBC992552C29E0.d.98D56C56A30DD7F775B9F82D153E7095.e.6546/rect - {}
RESULT: {}
COMMAND: GET /session/b171ef130127fc2a30c2632ea9d3abff/window/rect - {}
RESULT: {}
COMMAND: POST /session/b171ef130127fc2a30c2632ea9d3abff/execute/sync - {"script":"<script> [92 bytes]","args":[]}
RESULT: {"script":"<script> [92 bytes]","args":[]}
COMMAND: POST /session/b171ef130127fc2a30c2632ea9d3abff/actions - {"actions":[{"id":"action24","type":"wheel","parameters":{},"actions":[{"type":"scroll","x":-1888,"y":-32,"deltaX":0,"deltaY":0,"duration":0,"origin":{"element-6066-11e4-a52e-4f735466cecf":"f.727CE9CF6895B2C759CBC992552C29E0.d.98D56C56A30DD7F775B9F82D153E7095.e.6546"}}]}]}
COMMAND: GET /session/b171ef130127fc2a30c2632ea9d3abff/screenshot - {}
RESULT: {}
COMMAND: POST /session/b171ef130127fc2a30c2632ea9d3abff/execute/sync - {"script":"<script> [79 bytes]","args":[{"element-6066-11e4-a52e-4f735466cecf":"f.727CE9CF6895B2C759CBC992552C29E0.d.98D56C56A30DD7F775B9F82D153E7095.e.6546","ELEMENT":"f.727CE9CF6895B2C759CBC992552C29E0.d.98D56C56A30DD7F775B9F82D153E7095.e.6546"},{"block":"start","inline":"nearest"}]}
RESULT: {"script":"<script> [79 bytes]","args":[{"element-6066-11e4-a52e-4f735466cecf":"f.727CE9CF6895B2C759CBC992552C29E0.d.98D56C56A30DD7F775B9F82D153E7095.e.6546","ELEMENT":"f.727CE9CF6895B2C759CBC992552C29E0.d.98D56C56A30DD7F775B9F82D153E7095.e.6546"},{"block":"start","inline":"nearest"}]}
COMMAND: POST /session/b171ef130127fc2a30c2632ea9d3abff/execute/async - {"script":"<script> [1562 bytes]","args":[{"selector":{"id":"application-manageresources-display-component---newResourceUnit--btnAddTimeSegment","interaction":{"idSuffix":"inner"}},"wdio_ui5_key":"applicationmanageresources-display-component---newResourceUnit--btnAddTimeSegment"}]}
COMMAND: GET /session/b171ef130127fc2a30c2632ea9d3abff/screenshot - {}
RESULT: {"script":"<script> [1562 bytes]","args":[{"selector":{"id":"application-manageresources-display-component---newResourceUnit--btnAddTimeSegment","interaction":{"idSuffix":"inner"}},"wdio_ui5_key":"applicationmanageresources-display-component---newResourceUnit--btnAddTimeSegment"}]}
RESULT: undefined
COMMAND: POST /session/b171ef130127fc2a30c2632ea9d3abff/element - {"using":"xpath","value":"//*[@id=\"application-manageresources-display-component---newResourceUnit--btnAddTimeSegment\"]"}
RESULT: {}
RESULT: {"using":"xpath","value":"//*[@id=\"application-manageresources-display-component---newResourceUnit--btnAddTimeSegment\"]"}
COMMAND: POST /session/b171ef130127fc2a30c2632ea9d3abff/element/f.727CE9CF6895B2C759CBC992552C29E0.d.98D56C56A30DD7F775B9F82D153E7095.e.6546/click - {}
RESULT: {}
COMMAND: GET /session/b171ef130127fc2a30c2632ea9d3abff/screenshot - {}
RESULT: {}
COMMAND: POST /session/b171ef130127fc2a30c2632ea9d3abff/element - {"using":"xpath","value":"//input[@id=\"application-manageresources-display-component---newResourceUnit--idRuTSAdmin-application-manageresources-display-component---newResourceUnit--RUTimeSegment-0-inner\"]"}
RESULT: {"using":"xpath","value":"//input[@id=\"application-manageresources-display-component---newResourceUnit--idRuTSAdmin-application-manageresources-display-component---newResourceUnit--RUTimeSegment-0-inner\"]"}
COMMAND: POST /session/b171ef130127fc2a30c2632ea9d3abff/element/f.727CE9CF6895B2C759CBC992552C29E0.d.98D56C56A30DD7F775B9F82D153E7095.e.6551/clear - {}
RESULT: {}
COMMAND: POST /session/b171ef130127fc2a30c2632ea9d3abff/element/f.727CE9CF6895B2C759CBC992552C29E0.d.98D56C56A30DD7F775B9F82D153E7095.e.6551/value - {"text":"636"}
COMMAND: GET /session/b171ef130127fc2a30c2632ea9d3abff/screenshot - {}
RESULT: {"text":"636"}
COMMAND: GET /session/b171ef130127fc2a30c2632ea9d3abff/screenshot - {}
RESULT: {}
RESULT: {}
COMMAND: POST /session/b171ef130127fc2a30c2632ea9d3abff/element - {"using":"xpath","value":"//li[.//span[text()='636']]"}
RESULT: {"using":"xpath","value":"//li[.//span[text()='636']]"}
COMMAND: POST /session/b171ef130127fc2a30c2632ea9d3abff/element/f.727CE9CF6895B2C759CBC992552C29E0.d.98D56C56A30DD7F775B9F82D153E7095.e.6560/click - {}
RESULT: {}
COMMAND: GET /session/b171ef130127fc2a30c2632ea9d3abff/screenshot - {}
RESULT: {}
COMMAND: POST /session/b171ef130127fc2a30c2632ea9d3abff/element - {"using":"xpath","value":"(//span[contains(@id, \"-application-manageresources-display-component---newResourceUnit--RUTimeSegment-0-arrow\")])[2]"}
RESULT: {"using":"xpath","value":"(//span[contains(@id, \"-application-manageresources-display-component---newResourceUnit--RUTimeSegment-0-arrow\")])[2]"}
COMMAND: POST /session/b171ef130127fc2a30c2632ea9d3abff/element/f.727CE9CF6895B2C759CBC992552C29E0.d.98D56C56A30DD7F775B9F82D153E7095.e.6561/click - {}
RESULT: {}
COMMAND: POST /session/b171ef130127fc2a30c2632ea9d3abff/element - {"using":"xpath","value":"//span[contains(text(), \"PM Order\")]"}
COMMAND: GET /session/b171ef130127fc2a30c2632ea9d3abff/screenshot - {}
RESULT: {"using":"xpath","value":"//span[contains(text(), \"PM Order\")]"}
COMMAND: POST /session/b171ef130127fc2a30c2632ea9d3abff/element/f.727CE9CF6895B2C759CBC992552C29E0.d.98D56C56A30DD7F775B9F82D153E7095.e.6562/click - {}
RESULT: {}
RESULT: {}
COMMAND: GET /session/b171ef130127fc2a30c2632ea9d3abff/screenshot - {}
RESULT: {}
COMMAND: POST /session/b171ef130127fc2a30c2632ea9d3abff/element - {"using":"xpath","value":"//td/div/div/div/span[contains(@id, \"newResourceUnit--RUTimeSegment-0-vhi\")][1]"}
RESULT: {"using":"xpath","value":"//td/div/div/div/span[contains(@id, \"newResourceUnit--RUTimeSegment-0-vhi\")][1]"}
COMMAND: GET /session/b171ef130127fc2a30c2632ea9d3abff/element/f.727CE9CF6895B2C759CBC992552C29E0.d.98D56C56A30DD7F775B9F82D153E7095.e.6566/rect - {}
RESULT: {}
COMMAND: GET /session/b171ef130127fc2a30c2632ea9d3abff/window/rect - {}
RESULT: {}
COMMAND: POST /session/b171ef130127fc2a30c2632ea9d3abff/execute/sync - {"script":"<script> [92 bytes]","args":[]}
RESULT: {"script":"<script> [92 bytes]","args":[]}
COMMAND: POST /session/b171ef130127fc2a30c2632ea9d3abff/actions - {"actions":[{"id":"action25","type":"wheel","parameters":{},"actions":[{"type":"scroll","x":-1888,"y":-24,"deltaX":0,"deltaY":0,"duration":0,"origin":{"element-6066-11e4-a52e-4f735466cecf":"f.727CE9CF6895B2C759CBC992552C29E0.d.98D56C56A30DD7F775B9F82D153E7095.e.6566"}}]}]}
COMMAND: GET /session/b171ef130127fc2a30c2632ea9d3abff/screenshot - {}
RESULT: {}
COMMAND: POST /session/b171ef130127fc2a30c2632ea9d3abff/execute/sync - {"script":"<script> [79 bytes]","args":[{"element-6066-11e4-a52e-4f735466cecf":"f.727CE9CF6895B2C759CBC992552C29E0.d.98D56C56A30DD7F775B9F82D153E7095.e.6566","ELEMENT":"f.727CE9CF6895B2C759CBC992552C29E0.d.98D56C56A30DD7F775B9F82D153E7095.e.6566"},{"block":"start","inline":"nearest"}]}
RESULT: {"script":"<script> [79 bytes]","args":[{"element-6066-11e4-a52e-4f735466cecf":"f.727CE9CF6895B2C759CBC992552C29E0.d.98D56C56A30DD7F775B9F82D153E7095.e.6566","ELEMENT":"f.727CE9CF6895B2C759CBC992552C29E0.d.98D56C56A30DD7F775B9F82D153E7095.e.6566"},{"block":"start","inline":"nearest"}]}
COMMAND: GET /session/b171ef130127fc2a30c2632ea9d3abff/screenshot - {}
RESULT: {}
COMMAND: POST /session/b171ef130127fc2a30c2632ea9d3abff/element/f.727CE9CF6895B2C759CBC992552C29E0.d.98D56C56A30DD7F775B9F82D153E7095.e.6566/click - {}
RESULT: {}
COMMAND: GET /session/b171ef130127fc2a30c2632ea9d3abff/screenshot - {}
RESULT: {}
RESULT: undefined
COMMAND: POST /session/b171ef130127fc2a30c2632ea9d3abff/execute/async - {"script":"<script> [776 bytes]","args":[{"enterText":"4000360","selector":{"controlType":"sap.m.SearchField","properties":{"placeholder":"Search"},"searchOpenDialogs":true,"interaction":{"idSuffix":"I"}},"clearTextFirst":true,"interactionType":"ENTER_TEXT"}]}
RESULT: {"script":"<script> [776 bytes]","args":[{"enterText":"4000360","selector":{"controlType":"sap.m.SearchField","properties":{"placeholder":"Search"},"searchOpenDialogs":true,"interaction":{"idSuffix":"I"}},"clearTextFirst":true,"interactionType":"ENTER_TEXT"}]}
COMMAND: POST /session/b171ef130127fc2a30c2632ea9d3abff/actions - {"actions":[{"id":"action26","type":"key","parameters":{},"actions":[{"type":"keyDown","value":"î€‡"},{"type":"pause","duration":10},{"type":"keyUp","value":"î€‡"}]}]}
RESULT: {"actions":[{"id":"action26","type":"key","parameters":{},"actions":[{"type":"keyDown","value":"î€‡"},{"type":"pause","duration":10},{"type":"keyUp","value":"î€‡"}]}]}
COMMAND: GET /session/b171ef130127fc2a30c2632ea9d3abff/screenshot - {}
RESULT: {}
COMMAND: POST /session/b171ef130127fc2a30c2632ea9d3abff/element - {"using":"xpath","value":"//td/div/span[contains(text(), \"BGL Vehicles\")]"}
RESULT: {"using":"xpath","value":"//td/div/span[contains(text(), \"BGL Vehicles\")]"}
COMMAND: POST /session/b171ef130127fc2a30c2632ea9d3abff/element/f.727CE9CF6895B2C759CBC992552C29E0.d.98D56C56A30DD7F775B9F82D153E7095.e.6584/click - {}
RESULT: {}
COMMAND: GET /session/b171ef130127fc2a30c2632ea9d3abff/screenshot - {}
RESULT: {}
COMMAND: POST /session/b171ef130127fc2a30c2632ea9d3abff/element - {"using":"xpath","value":"//bdi[contains(text(), \"OK\")]"}
RESULT: {"using":"xpath","value":"//bdi[contains(text(), \"OK\")]"}
COMMAND: POST /session/b171ef130127fc2a30c2632ea9d3abff/element/f.727CE9CF6895B2C759CBC992552C29E0.d.98D56C56A30DD7F775B9F82D153E7095.e.6585/click - {}
RESULT: {}
COMMAND: GET /session/b171ef130127fc2a30c2632ea9d3abff/screenshot - {}
RESULT: {}
COMMAND: POST /session/b171ef130127fc2a30c2632ea9d3abff/element - {"using":"xpath","value":"//label[contains(@class, 'sapMLabelRequired') and .//bdi[contains(text(), 'Planned Retirement')]]"}
RESULT: {"using":"xpath","value":"//label[contains(@class, 'sapMLabelRequired') and .//bdi[contains(text(), 'Planned Retirement')]]"}
COMMAND: POST /session/b171ef130127fc2a30c2632ea9d3abff/elements - {"using":"xpath","value":"//label[contains(@class, 'sapMLabelRequired') and .//bdi[contains(text(), 'Planned Retirement')]]"}
RESULT: {"using":"xpath","value":"//label[contains(@class, 'sapMLabelRequired') and .//bdi[contains(text(), 'Planned Retirement')]]"}
COMMAND: POST /session/b171ef130127fc2a30c2632ea9d3abff/element - {"using":"xpath","value":"//button[@data-kt=\"resourceUnitSaveButton\"]"}
RESULT: {"using":"xpath","value":"//button[@data-kt=\"resourceUnitSaveButton\"]"}
COMMAND: POST /session/b171ef130127fc2a30c2632ea9d3abff/element/f.727CE9CF6895B2C759CBC992552C29E0.d.98D56C56A30DD7F775B9F82D153E7095.e.6487/click - {}
RESULT: {}
COMMAND: GET /session/b171ef130127fc2a30c2632ea9d3abff/screenshot - {}
RESULT: {}
COMMAND: POST /session/b171ef130127fc2a30c2632ea9d3abff/element - {"using":"xpath","value":"//bdi[contains(text(), \"Close\")]"}
RESULT: {"using":"xpath","value":"//bdi[contains(text(), \"Close\")]"}
COMMAND: POST /session/b171ef130127fc2a30c2632ea9d3abff/element/f.727CE9CF6895B2C759CBC992552C29E0.d.98D56C56A30DD7F775B9F82D153E7095.e.6592/click - {}
RESULT: {}
COMMAND: GET /session/b171ef130127fc2a30c2632ea9d3abff/screenshot - {}
RESULT: {}
COMMAND: POST /session/b171ef130127fc2a30c2632ea9d3abff/element - {"using":"xpath","value":"//header[contains(@id, 'detailRruPage-headerTitle')]/div[1]/div[2]/div[2]/span[1]"}
RESULT: {"using":"xpath","value":"//header[contains(@id, 'detailRruPage-headerTitle')]/div[1]/div[2]/div[2]/span[1]"}
COMMAND: POST /session/b171ef130127fc2a30c2632ea9d3abff/elements - {"using":"xpath","value":"//header[contains(@id, 'detailRruPage-headerTitle')]/div[1]/div[2]/div[2]/span[1]"}
RESULT: {"using":"xpath","value":"//header[contains(@id, 'detailRruPage-headerTitle')]/div[1]/div[2]/div[2]/span[1]"}
COMMAND: POST /session/b171ef130127fc2a30c2632ea9d3abff/execute/sync - {"script":"<script> [56 bytes]","args":[{"element-6066-11e4-a52e-4f735466cecf":"f.727CE9CF6895B2C759CBC992552C29E0.d.98D56C56A30DD7F775B9F82D153E7095.e.6618","ELEMENT":"f.727CE9CF6895B2C759CBC992552C29E0.d.98D56C56A30DD7F775B9F82D153E7095.e.6618"}]}
RESULT: {"script":"<script> [56 bytes]","args":[{"element-6066-11e4-a52e-4f735466cecf":"f.727CE9CF6895B2C759CBC992552C29E0.d.98D56C56A30DD7F775B9F82D153E7095.e.6618","ELEMENT":"f.727CE9CF6895B2C759CBC992552C29E0.d.98D56C56A30DD7F775B9F82D153E7095.e.6618"}]}
COMMAND: POST /session/b171ef130127fc2a30c2632ea9d3abff/element - {"using":"css selector","value":"#shell-header-logo"}
COMMAND: GET /session/b171ef130127fc2a30c2632ea9d3abff/screenshot - {}
RESULT: {"using":"css selector","value":"#shell-header-logo"}
COMMAND: POST /session/b171ef130127fc2a30c2632ea9d3abff/element/f.727CE9CF6895B2C759CBC992552C29E0.d.98D56C56A30DD7F775B9F82D153E7095.e.6018/click - {}
RESULT: {}
RESULT: {}
COMMAND: GET /session/b171ef130127fc2a30c2632ea9d3abff/screenshot - {}
RESULT: {}
]]></system-out>
    </testcase>
    <testcase classname="chrome.135_0_7049_115.windows.Provide_to_Site_w/_warehouse_management_w/_clarification_US115878" name="Bin Status Report Should Create New Organization yard" time="64.949">
      <system-out><![CDATA[
COMMAND: POST /session/b171ef130127fc2a30c2632ea9d3abff/execute/async - {"script":"<script> [1562 bytes]","args":[{"selector":{"controlType":"sap.m.GenericTile","properties":{"header":"Bin Status Report"}},"wdio_ui5_key":"sapm.GenericTile{\"header\":\"Bin Status Report\"}"}]}
RESULT: {"script":"<script> [1562 bytes]","args":[{"selector":{"controlType":"sap.m.GenericTile","properties":{"header":"Bin Status Report"}},"wdio_ui5_key":"sapm.GenericTile{\"header\":\"Bin Status Report\"}"}]}
RESULT: undefined
COMMAND: POST /session/b171ef130127fc2a30c2632ea9d3abff/element - {"using":"xpath","value":"//*[@id=\"__tile104\"]"}
RESULT: {"using":"xpath","value":"//*[@id=\"__tile104\"]"}
COMMAND: POST /session/b171ef130127fc2a30c2632ea9d3abff/element/f.727CE9CF6895B2C759CBC992552C29E0.d.98D56C56A30DD7F775B9F82D153E7095.e.6622/click - {}
RESULT: {}
COMMAND: GET /session/b171ef130127fc2a30c2632ea9d3abff/screenshot - {}
RESULT: {}
COMMAND: POST /session/b171ef130127fc2a30c2632ea9d3abff/execute/async - {"script":"<script> [1562 bytes]","args":[{"selector":{"id":"application-binstatusreport-display-component---warehousing--createOrgBtn","interaction":{"idSuffix":"content"}},"wdio_ui5_key":"applicationbinstatusreport-display-component---warehousing--createOrgBtn"}]}
RESULT: {"script":"<script> [1562 bytes]","args":[{"selector":{"id":"application-binstatusreport-display-component---warehousing--createOrgBtn","interaction":{"idSuffix":"content"}},"wdio_ui5_key":"applicationbinstatusreport-display-component---warehousing--createOrgBtn"}]}
RESULT: undefined
COMMAND: POST /session/b171ef130127fc2a30c2632ea9d3abff/element - {"using":"xpath","value":"//*[@id=\"application-binstatusreport-display-component---warehousing--createOrgBtn\"]"}
RESULT: {"using":"xpath","value":"//*[@id=\"application-binstatusreport-display-component---warehousing--createOrgBtn\"]"}
COMMAND: POST /session/b171ef130127fc2a30c2632ea9d3abff/element/f.727CE9CF6895B2C759CBC992552C29E0.d.98D56C56A30DD7F775B9F82D153E7095.e.6661/click - {}
RESULT: {}
COMMAND: GET /session/b171ef130127fc2a30c2632ea9d3abff/screenshot - {}
RESULT: {}
COMMAND: POST /session/b171ef130127fc2a30c2632ea9d3abff/execute/async - {"script":"<script> [1562 bytes]","args":[{"selector":{"id":"createOrganizationPop--sectionInput","searchOpenDialogs":true,"interaction":{"idSuffix":"inner"}},"wdio_ui5_key":"createOrganizationPopsectionInput"}]}
RESULT: {"script":"<script> [1562 bytes]","args":[{"selector":{"id":"createOrganizationPop--sectionInput","searchOpenDialogs":true,"interaction":{"idSuffix":"inner"}},"wdio_ui5_key":"createOrganizationPopsectionInput"}]}
RESULT: undefined
COMMAND: POST /session/b171ef130127fc2a30c2632ea9d3abff/execute/async - {"script":"<script> [776 bytes]","args":[{"enterText":"WDIO-636","selector":{"id":"createOrganizationPop--sectionInput","searchOpenDialogs":true,"interaction":{"idSuffix":"inner"}},"clearTextFirst":true,"interactionType":"ENTER_TEXT"}]}
RESULT: {"script":"<script> [776 bytes]","args":[{"enterText":"WDIO-636","selector":{"id":"createOrganizationPop--sectionInput","searchOpenDialogs":true,"interaction":{"idSuffix":"inner"}},"clearTextFirst":true,"interactionType":"ENTER_TEXT"}]}
COMMAND: POST /session/b171ef130127fc2a30c2632ea9d3abff/execute/async - {"script":"<script> [1562 bytes]","args":[{"selector":{"id":"createOrganizationPop--descriptionInput","searchOpenDialogs":true,"interaction":{"idSuffix":"inner"}},"wdio_ui5_key":"createOrganizationPopdescriptionInput"}]}
RESULT: {"script":"<script> [1562 bytes]","args":[{"selector":{"id":"createOrganizationPop--descriptionInput","searchOpenDialogs":true,"interaction":{"idSuffix":"inner"}},"wdio_ui5_key":"createOrganizationPopdescriptionInput"}]}
RESULT: undefined
COMMAND: POST /session/b171ef130127fc2a30c2632ea9d3abff/execute/async - {"script":"<script> [776 bytes]","args":[{"enterText":"Shipping-636","selector":{"id":"createOrganizationPop--descriptionInput","searchOpenDialogs":true,"interaction":{"idSuffix":"inner"}},"clearTextFirst":true,"interactionType":"ENTER_TEXT"}]}
RESULT: {"script":"<script> [776 bytes]","args":[{"enterText":"Shipping-636","selector":{"id":"createOrganizationPop--descriptionInput","searchOpenDialogs":true,"interaction":{"idSuffix":"inner"}},"clearTextFirst":true,"interactionType":"ENTER_TEXT"}]}
COMMAND: POST /session/b171ef130127fc2a30c2632ea9d3abff/element - {"using":"css selector","value":"#createOrganizationPop--yardOrg-inner"}
RESULT: {"using":"css selector","value":"#createOrganizationPop--yardOrg-inner"}
COMMAND: POST /session/b171ef130127fc2a30c2632ea9d3abff/element/f.727CE9CF6895B2C759CBC992552C29E0.d.98D56C56A30DD7F775B9F82D153E7095.e.6717/clear - {}
RESULT: {}
COMMAND: POST /session/b171ef130127fc2a30c2632ea9d3abff/element/f.727CE9CF6895B2C759CBC992552C29E0.d.98D56C56A30DD7F775B9F82D153E7095.e.6717/value - {"text":"636"}
COMMAND: GET /session/b171ef130127fc2a30c2632ea9d3abff/screenshot - {}
RESULT: {"text":"636"}
COMMAND: GET /session/b171ef130127fc2a30c2632ea9d3abff/screenshot - {}
RESULT: {}
RESULT: {}
COMMAND: POST /session/b171ef130127fc2a30c2632ea9d3abff/actions - {"actions":[{"id":"action27","type":"key","parameters":{},"actions":[{"type":"keyDown","value":"î€‡"},{"type":"pause","duration":10},{"type":"keyUp","value":"î€‡"}]}]}
RESULT: {"actions":[{"id":"action27","type":"key","parameters":{},"actions":[{"type":"keyDown","value":"î€‡"},{"type":"pause","duration":10},{"type":"keyUp","value":"î€‡"}]}]}
COMMAND: POST /session/b171ef130127fc2a30c2632ea9d3abff/execute/async - {"script":"<script> [1562 bytes]","args":[{"selector":{"id":"createOrganizationPop--grZone","searchOpenDialogs":true,"interaction":{"idSuffix":"CbBg"}},"wdio_ui5_key":"createOrganizationPopgrZone"}]}
COMMAND: GET /session/b171ef130127fc2a30c2632ea9d3abff/screenshot - {}
RESULT: {"script":"<script> [1562 bytes]","args":[{"selector":{"id":"createOrganizationPop--grZone","searchOpenDialogs":true,"interaction":{"idSuffix":"CbBg"}},"wdio_ui5_key":"createOrganizationPopgrZone"}]}
RESULT: undefined
COMMAND: POST /session/b171ef130127fc2a30c2632ea9d3abff/element - {"using":"xpath","value":"//*[@id=\"createOrganizationPop--grZone\"]"}
RESULT: {}
RESULT: {"using":"xpath","value":"//*[@id=\"createOrganizationPop--grZone\"]"}
COMMAND: POST /session/b171ef130127fc2a30c2632ea9d3abff/element/f.727CE9CF6895B2C759CBC992552C29E0.d.98D56C56A30DD7F775B9F82D153E7095.e.6738/click - {}
RESULT: {}
COMMAND: GET /session/b171ef130127fc2a30c2632ea9d3abff/screenshot - {}
RESULT: {}
COMMAND: POST /session/b171ef130127fc2a30c2632ea9d3abff/execute/async - {"script":"<script> [1562 bytes]","args":[{"selector":{"id":"createOrganizationPop--giZone","searchOpenDialogs":true,"interaction":{"idSuffix":"CbBg"}},"wdio_ui5_key":"createOrganizationPopgiZone"}]}
RESULT: {"script":"<script> [1562 bytes]","args":[{"selector":{"id":"createOrganizationPop--giZone","searchOpenDialogs":true,"interaction":{"idSuffix":"CbBg"}},"wdio_ui5_key":"createOrganizationPopgiZone"}]}
RESULT: undefined
COMMAND: POST /session/b171ef130127fc2a30c2632ea9d3abff/element - {"using":"xpath","value":"//*[@id=\"createOrganizationPop--giZone\"]"}
RESULT: {"using":"xpath","value":"//*[@id=\"createOrganizationPop--giZone\"]"}
COMMAND: POST /session/b171ef130127fc2a30c2632ea9d3abff/element/f.727CE9CF6895B2C759CBC992552C29E0.d.98D56C56A30DD7F775B9F82D153E7095.e.6740/click - {}
RESULT: {}
COMMAND: GET /session/b171ef130127fc2a30c2632ea9d3abff/screenshot - {}
RESULT: {}
COMMAND: POST /session/b171ef130127fc2a30c2632ea9d3abff/execute/async - {"script":"<script> [1562 bytes]","args":[{"selector":{"id":"createOrganizationPop--binNoInput","searchOpenDialogs":true,"interaction":{"idSuffix":"inner"}},"wdio_ui5_key":"createOrganizationPopbinNoInput"}]}
RESULT: {"script":"<script> [1562 bytes]","args":[{"selector":{"id":"createOrganizationPop--binNoInput","searchOpenDialogs":true,"interaction":{"idSuffix":"inner"}},"wdio_ui5_key":"createOrganizationPopbinNoInput"}]}
RESULT: undefined
COMMAND: POST /session/b171ef130127fc2a30c2632ea9d3abff/execute/async - {"script":"<script> [776 bytes]","args":[{"enterText":"Bin-Wd","selector":{"id":"createOrganizationPop--binNoInput","searchOpenDialogs":true,"interaction":{"idSuffix":"inner"}},"clearTextFirst":true,"interactionType":"ENTER_TEXT"}]}
RESULT: {"script":"<script> [776 bytes]","args":[{"enterText":"Bin-Wd","selector":{"id":"createOrganizationPop--binNoInput","searchOpenDialogs":true,"interaction":{"idSuffix":"inner"}},"clearTextFirst":true,"interactionType":"ENTER_TEXT"}]}
COMMAND: POST /session/b171ef130127fc2a30c2632ea9d3abff/execute/async - {"script":"<script> [1562 bytes]","args":[{"selector":{"id":"createOrganizationPop--descriptionId","searchOpenDialogs":true,"interaction":{"idSuffix":"inner"}},"wdio_ui5_key":"createOrganizationPopdescriptionId"}]}
RESULT: {"script":"<script> [1562 bytes]","args":[{"selector":{"id":"createOrganizationPop--descriptionId","searchOpenDialogs":true,"interaction":{"idSuffix":"inner"}},"wdio_ui5_key":"createOrganizationPopdescriptionId"}]}
RESULT: undefined
COMMAND: POST /session/b171ef130127fc2a30c2632ea9d3abff/execute/async - {"script":"<script> [776 bytes]","args":[{"enterText":"Shipping-Wd","selector":{"id":"createOrganizationPop--descriptionId","searchOpenDialogs":true,"interaction":{"idSuffix":"inner"}},"clearTextFirst":true,"interactionType":"ENTER_TEXT"}]}
RESULT: {"script":"<script> [776 bytes]","args":[{"enterText":"Shipping-Wd","selector":{"id":"createOrganizationPop--descriptionId","searchOpenDialogs":true,"interaction":{"idSuffix":"inner"}},"clearTextFirst":true,"interactionType":"ENTER_TEXT"}]}
COMMAND: POST /session/b171ef130127fc2a30c2632ea9d3abff/execute/async - {"script":"<script> [1562 bytes]","args":[{"selector":{"controlType":"sap.m.CheckBox","viewName":"etm.portal.ui.binstatusreport.view.MasterWareBins","viewId":"application-binstatusreport-display-component---warehousing","bindingPath":{"path":"","propertyPath":"/ZONE","modelName":"newBin"},"searchOpenDialogs":true,"interaction":{"idSuffix":"CbBg"}},"wdio_ui5_key":"etmportal.ui.binstatusreport.view.MasterWareBinssap.m.CheckBox{\"path\":\"\",\"propertyPath\":\"/ZONE\",\"modelName\":\"newBin\"}"}]}
RESULT: {"script":"<script> [1562 bytes]","args":[{"selector":{"controlType":"sap.m.CheckBox","viewName":"etm.portal.ui.binstatusreport.view.MasterWareBins","viewId":"application-binstatusreport-display-component---warehousing","bindingPath":{"path":"","propertyPath":"/ZONE","modelName":"newBin"},"searchOpenDialogs":true,"interaction":{"idSuffix":"CbBg"}},"wdio_ui5_key":"etmportal.ui.binstatusreport.view.MasterWareBinssap.m.CheckBox{\"path\":\"\",\"propertyPath\":\"/ZONE\",\"modelName\":\"newBin\"}"}]}
RESULT: undefined
COMMAND: POST /session/b171ef130127fc2a30c2632ea9d3abff/element - {"using":"xpath","value":"//*[@id=\"__box55\"]"}
RESULT: {"using":"xpath","value":"//*[@id=\"__box55\"]"}
COMMAND: POST /session/b171ef130127fc2a30c2632ea9d3abff/element/f.727CE9CF6895B2C759CBC992552C29E0.d.98D56C56A30DD7F775B9F82D153E7095.e.6744/click - {}
RESULT: {}
COMMAND: GET /session/b171ef130127fc2a30c2632ea9d3abff/screenshot - {}
RESULT: {}
COMMAND: POST /session/b171ef130127fc2a30c2632ea9d3abff/execute/async - {"script":"<script> [1562 bytes]","args":[{"selector":{"id":"createOrganizationPop--binTypesCB","searchOpenDialogs":true,"interaction":{"idSuffix":"inner"}},"wdio_ui5_key":"createOrganizationPopbinTypesCB"}]}
RESULT: {"script":"<script> [1562 bytes]","args":[{"selector":{"id":"createOrganizationPop--binTypesCB","searchOpenDialogs":true,"interaction":{"idSuffix":"inner"}},"wdio_ui5_key":"createOrganizationPopbinTypesCB"}]}
RESULT: undefined
COMMAND: POST /session/b171ef130127fc2a30c2632ea9d3abff/execute/async - {"script":"<script> [776 bytes]","args":[{"enterText":"1 - General / No capacity check","selector":{"id":"createOrganizationPop--binTypesCB","searchOpenDialogs":true,"interaction":{"idSuffix":"inner"}},"clearTextFirst":true,"interactionType":"ENTER_TEXT"}]}
RESULT: {"script":"<script> [776 bytes]","args":[{"enterText":"1 - General / No capacity check","selector":{"id":"createOrganizationPop--binTypesCB","searchOpenDialogs":true,"interaction":{"idSuffix":"inner"}},"clearTextFirst":true,"interactionType":"ENTER_TEXT"}]}
COMMAND: POST /session/b171ef130127fc2a30c2632ea9d3abff/actions - {"actions":[{"id":"action28","type":"key","parameters":{},"actions":[{"type":"keyDown","value":"î€‡"},{"type":"pause","duration":10},{"type":"keyUp","value":"î€‡"}]}]}
RESULT: {"actions":[{"id":"action28","type":"key","parameters":{},"actions":[{"type":"keyDown","value":"î€‡"},{"type":"pause","duration":10},{"type":"keyUp","value":"î€‡"}]}]}
COMMAND: GET /session/b171ef130127fc2a30c2632ea9d3abff/screenshot - {}
RESULT: {}
COMMAND: POST /session/b171ef130127fc2a30c2632ea9d3abff/execute/async - {"script":"<script> [1562 bytes]","args":[{"selector":{"id":"createOrganizationPop--finishBtn","searchOpenDialogs":true,"interaction":{"idSuffix":"BDI-content"}},"wdio_ui5_key":"createOrganizationPopfinishBtn"}]}
RESULT: {"script":"<script> [1562 bytes]","args":[{"selector":{"id":"createOrganizationPop--finishBtn","searchOpenDialogs":true,"interaction":{"idSuffix":"BDI-content"}},"wdio_ui5_key":"createOrganizationPopfinishBtn"}]}
RESULT: undefined
COMMAND: POST /session/b171ef130127fc2a30c2632ea9d3abff/element - {"using":"xpath","value":"//*[@id=\"createOrganizationPop--finishBtn\"]"}
RESULT: {"using":"xpath","value":"//*[@id=\"createOrganizationPop--finishBtn\"]"}
COMMAND: POST /session/b171ef130127fc2a30c2632ea9d3abff/element/f.727CE9CF6895B2C759CBC992552C29E0.d.98D56C56A30DD7F775B9F82D153E7095.e.6747/click - {}
RESULT: {}
COMMAND: GET /session/b171ef130127fc2a30c2632ea9d3abff/screenshot - {}
RESULT: {}
]]></system-out>
    </testcase>
    <testcase classname="chrome.135_0_7049_115.windows.Provide_to_Site_w/_warehouse_management_w/_clarification_US115878" name="Bin Status Report Should Create New Organization for Site" time="48.878">
      <system-out><![CDATA[
RESULT: undefined
COMMAND: POST /session/b171ef130127fc2a30c2632ea9d3abff/element - {"using":"xpath","value":"//*[@id=\"application-binstatusreport-display-component---warehousing--createOrgBtn\"]"}
RESULT: {"using":"xpath","value":"//*[@id=\"application-binstatusreport-display-component---warehousing--createOrgBtn\"]"}
COMMAND: POST /session/b171ef130127fc2a30c2632ea9d3abff/element/f.727CE9CF6895B2C759CBC992552C29E0.d.98D56C56A30DD7F775B9F82D153E7095.e.6661/click - {}
RESULT: {}
COMMAND: GET /session/b171ef130127fc2a30c2632ea9d3abff/screenshot - {}
RESULT: {}
RESULT: undefined
COMMAND: POST /session/b171ef130127fc2a30c2632ea9d3abff/execute/async - {"script":"<script> [776 bytes]","args":[{"enterText":"2469","selector":{"id":"createOrganizationPop--sectionInput","searchOpenDialogs":true,"interaction":{"idSuffix":"inner"}},"clearTextFirst":true,"interactionType":"ENTER_TEXT"}]}
RESULT: {"script":"<script> [776 bytes]","args":[{"enterText":"2469","selector":{"id":"createOrganizationPop--sectionInput","searchOpenDialogs":true,"interaction":{"idSuffix":"inner"}},"clearTextFirst":true,"interactionType":"ENTER_TEXT"}]}
RESULT: undefined
COMMAND: POST /session/b171ef130127fc2a30c2632ea9d3abff/execute/async - {"script":"<script> [776 bytes]","args":[{"enterText":"WDIO-2469","selector":{"id":"createOrganizationPop--descriptionInput","searchOpenDialogs":true,"interaction":{"idSuffix":"inner"}},"clearTextFirst":true,"interactionType":"ENTER_TEXT"}]}
RESULT: {"script":"<script> [776 bytes]","args":[{"enterText":"WDIO-2469","selector":{"id":"createOrganizationPop--descriptionInput","searchOpenDialogs":true,"interaction":{"idSuffix":"inner"}},"clearTextFirst":true,"interactionType":"ENTER_TEXT"}]}
COMMAND: POST /session/b171ef130127fc2a30c2632ea9d3abff/element - {"using":"css selector","value":"#createOrganizationPop--siteOrg-inner"}
RESULT: {"using":"css selector","value":"#createOrganizationPop--siteOrg-inner"}
COMMAND: POST /session/b171ef130127fc2a30c2632ea9d3abff/element/f.727CE9CF6895B2C759CBC992552C29E0.d.98D56C56A30DD7F775B9F82D153E7095.e.6753/clear - {}
RESULT: {}
COMMAND: POST /session/b171ef130127fc2a30c2632ea9d3abff/element/f.727CE9CF6895B2C759CBC992552C29E0.d.98D56C56A30DD7F775B9F82D153E7095.e.6753/value - {"text":"2469"}
COMMAND: GET /session/b171ef130127fc2a30c2632ea9d3abff/screenshot - {}
RESULT: {"text":"2469"}
COMMAND: GET /session/b171ef130127fc2a30c2632ea9d3abff/screenshot - {}
RESULT: {}
RESULT: {}
COMMAND: POST /session/b171ef130127fc2a30c2632ea9d3abff/actions - {"actions":[{"id":"action29","type":"key","parameters":{},"actions":[{"type":"keyDown","value":"î€‡"},{"type":"pause","duration":10},{"type":"keyUp","value":"î€‡"}]}]}
RESULT: {"actions":[{"id":"action29","type":"key","parameters":{},"actions":[{"type":"keyDown","value":"î€‡"},{"type":"pause","duration":10},{"type":"keyUp","value":"î€‡"}]}]}
RESULT: undefined
COMMAND: POST /session/b171ef130127fc2a30c2632ea9d3abff/element - {"using":"xpath","value":"//*[@id=\"createOrganizationPop--giZone\"]"}
COMMAND: GET /session/b171ef130127fc2a30c2632ea9d3abff/screenshot - {}
RESULT: {"using":"xpath","value":"//*[@id=\"createOrganizationPop--giZone\"]"}
COMMAND: POST /session/b171ef130127fc2a30c2632ea9d3abff/element/f.727CE9CF6895B2C759CBC992552C29E0.d.98D56C56A30DD7F775B9F82D153E7095.e.6771/click - {}
RESULT: {}
RESULT: {}
COMMAND: GET /session/b171ef130127fc2a30c2632ea9d3abff/screenshot - {}
RESULT: {}
RESULT: undefined
COMMAND: POST /session/b171ef130127fc2a30c2632ea9d3abff/execute/async - {"script":"<script> [776 bytes]","args":[{"enterText":"WD-BIN","selector":{"id":"createOrganizationPop--binNoInput","searchOpenDialogs":true,"interaction":{"idSuffix":"inner"}},"clearTextFirst":true,"interactionType":"ENTER_TEXT"}]}
RESULT: {"script":"<script> [776 bytes]","args":[{"enterText":"WD-BIN","selector":{"id":"createOrganizationPop--binNoInput","searchOpenDialogs":true,"interaction":{"idSuffix":"inner"}},"clearTextFirst":true,"interactionType":"ENTER_TEXT"}]}
RESULT: undefined
COMMAND: POST /session/b171ef130127fc2a30c2632ea9d3abff/execute/async - {"script":"<script> [776 bytes]","args":[{"enterText":"WD-BIN","selector":{"id":"createOrganizationPop--descriptionId","searchOpenDialogs":true,"interaction":{"idSuffix":"inner"}},"clearTextFirst":true,"interactionType":"ENTER_TEXT"}]}
RESULT: {"script":"<script> [776 bytes]","args":[{"enterText":"WD-BIN","selector":{"id":"createOrganizationPop--descriptionId","searchOpenDialogs":true,"interaction":{"idSuffix":"inner"}},"clearTextFirst":true,"interactionType":"ENTER_TEXT"}]}
COMMAND: POST /session/b171ef130127fc2a30c2632ea9d3abff/execute/async - {"script":"<script> [1562 bytes]","args":[{"selector":{"controlType":"sap.m.CheckBox","viewName":"etm.portal.ui.binstatusreport.view.MasterWareBins","viewId":"application-binstatusreport-display-component---warehousing","bindingPath":{"propertyPath":"/ZONE","modelName":"newBin"},"searchOpenDialogs":true,"interaction":{"idSuffix":"CbBg"}},"wdio_ui5_key":"etmportal.ui.binstatusreport.view.MasterWareBinssap.m.CheckBox{\"propertyPath\":\"/ZONE\",\"modelName\":\"newBin\"}"}]}
RESULT: {"script":"<script> [1562 bytes]","args":[{"selector":{"controlType":"sap.m.CheckBox","viewName":"etm.portal.ui.binstatusreport.view.MasterWareBins","viewId":"application-binstatusreport-display-component---warehousing","bindingPath":{"propertyPath":"/ZONE","modelName":"newBin"},"searchOpenDialogs":true,"interaction":{"idSuffix":"CbBg"}},"wdio_ui5_key":"etmportal.ui.binstatusreport.view.MasterWareBinssap.m.CheckBox{\"propertyPath\":\"/ZONE\",\"modelName\":\"newBin\"}"}]}
RESULT: undefined
COMMAND: POST /session/b171ef130127fc2a30c2632ea9d3abff/element - {"using":"xpath","value":"//*[@id=\"__box58\"]"}
RESULT: {"using":"xpath","value":"//*[@id=\"__box58\"]"}
COMMAND: POST /session/b171ef130127fc2a30c2632ea9d3abff/element/f.727CE9CF6895B2C759CBC992552C29E0.d.98D56C56A30DD7F775B9F82D153E7095.e.6773/click - {}
RESULT: {}
COMMAND: GET /session/b171ef130127fc2a30c2632ea9d3abff/screenshot - {}
RESULT: {}
RESULT: undefined
COMMAND: POST /session/b171ef130127fc2a30c2632ea9d3abff/execute/async - {"script":"<script> [776 bytes]","args":[{"enterText":"1 - General / No capacity check","selector":{"id":"createOrganizationPop--binTypesCB","searchOpenDialogs":true,"interaction":{"idSuffix":"inner"}},"clearTextFirst":true,"interactionType":"ENTER_TEXT"}]}
RESULT: {"script":"<script> [776 bytes]","args":[{"enterText":"1 - General / No capacity check","selector":{"id":"createOrganizationPop--binTypesCB","searchOpenDialogs":true,"interaction":{"idSuffix":"inner"}},"clearTextFirst":true,"interactionType":"ENTER_TEXT"}]}
COMMAND: POST /session/b171ef130127fc2a30c2632ea9d3abff/execute/async - {"script":"<script> [1562 bytes]","args":[{"selector":{"id":"createOrganizationPop--capacityId","searchOpenDialogs":true,"interaction":{"idSuffix":"inner"}},"wdio_ui5_key":"createOrganizationPopcapacityId"}]}
RESULT: {"script":"<script> [1562 bytes]","args":[{"selector":{"id":"createOrganizationPop--capacityId","searchOpenDialogs":true,"interaction":{"idSuffix":"inner"}},"wdio_ui5_key":"createOrganizationPopcapacityId"}]}
RESULT: undefined
COMMAND: POST /session/b171ef130127fc2a30c2632ea9d3abff/actions - {"actions":[{"id":"action30","type":"key","parameters":{},"actions":[{"type":"keyDown","value":"î€‡"},{"type":"pause","duration":10},{"type":"keyUp","value":"î€‡"}]}]}
RESULT: {"actions":[{"id":"action30","type":"key","parameters":{},"actions":[{"type":"keyDown","value":"î€‡"},{"type":"pause","duration":10},{"type":"keyUp","value":"î€‡"}]}]}
COMMAND: GET /session/b171ef130127fc2a30c2632ea9d3abff/screenshot - {}
RESULT: {}
RESULT: undefined
COMMAND: POST /session/b171ef130127fc2a30c2632ea9d3abff/element - {"using":"xpath","value":"//*[@id=\"createOrganizationPop--finishBtn\"]"}
RESULT: {"using":"xpath","value":"//*[@id=\"createOrganizationPop--finishBtn\"]"}
COMMAND: POST /session/b171ef130127fc2a30c2632ea9d3abff/element/f.727CE9CF6895B2C759CBC992552C29E0.d.98D56C56A30DD7F775B9F82D153E7095.e.6774/click - {}
RESULT: {}
COMMAND: GET /session/b171ef130127fc2a30c2632ea9d3abff/screenshot - {}
RESULT: {}
COMMAND: POST /session/b171ef130127fc2a30c2632ea9d3abff/element - {"using":"css selector","value":"#shell-header-logo"}
RESULT: {"using":"css selector","value":"#shell-header-logo"}
COMMAND: POST /session/b171ef130127fc2a30c2632ea9d3abff/element/f.727CE9CF6895B2C759CBC992552C29E0.d.98D56C56A30DD7F775B9F82D153E7095.e.6628/click - {}
RESULT: {}
COMMAND: GET /session/b171ef130127fc2a30c2632ea9d3abff/screenshot - {}
RESULT: {}
]]></system-out>
    </testcase>
  </testsuite>
  <testsuite timestamp="2025-05-06T16:38:46" time="440.534" tests="6" failures="0" errors="0" skipped="0">
    <properties>
      <property name="specId" value="0" />
      <property name="suiteName" value="Provide to Site w/ warehouse management w clarification" />
      <property name="capabilities" value="chrome.135_0_7049_115.windows" />
      <property name="file" value="file:///D:/a/1/s/test/specs/HTR/provide-to-site-w-warehouse-w-clarification.spec.js" />
    </properties>
    <testcase classname="chrome.135_0_7049_115.windows.Provide_to_Site_w/_warehouse_management_w_clarification" name="Should do a stock increase handover" time="85.785">
      <system-out><![CDATA[
COMMAND: POST /session/b171ef130127fc2a30c2632ea9d3abff/execute/async - {"script":"<script> [1562 bytes]","args":[{"selector":{"controlType":"sap.m.Text","viewName":"etm.portal.ui.managehandoverstile.view.Master","properties":{"text":"Manage Handovers"},"interaction":{"idSuffix":"inner"}},"wdio_ui5_key":"etmportal.ui.managehandoverstile.view.Mastersap.m.Text{\"text\":\"Manage Handovers\"}"}]}
RESULT: {"script":"<script> [1562 bytes]","args":[{"selector":{"controlType":"sap.m.Text","viewName":"etm.portal.ui.managehandoverstile.view.Master","properties":{"text":"Manage Handovers"},"interaction":{"idSuffix":"inner"}},"wdio_ui5_key":"etmportal.ui.managehandoverstile.view.Mastersap.m.Text{\"text\":\"Manage Handovers\"}"}]}
RESULT: undefined
COMMAND: POST /session/b171ef130127fc2a30c2632ea9d3abff/element - {"using":"xpath","value":"//*[@id=\"__tile130-title\"]"}
RESULT: {"using":"xpath","value":"//*[@id=\"__tile130-title\"]"}
COMMAND: POST /session/b171ef130127fc2a30c2632ea9d3abff/element/f.727CE9CF6895B2C759CBC992552C29E0.d.98D56C56A30DD7F775B9F82D153E7095.e.6780/click - {}
RESULT: {}
COMMAND: POST /session/b171ef130127fc2a30c2632ea9d3abff/element - {"using":"xpath","value":"//button[@data-kt=\"masterHOAddButton\"]"}
COMMAND: GET /session/b171ef130127fc2a30c2632ea9d3abff/screenshot - {}
RESULT: {"using":"xpath","value":"//button[@data-kt=\"masterHOAddButton\"]"}
COMMAND: POST /session/b171ef130127fc2a30c2632ea9d3abff/elements - {"using":"xpath","value":"//button[@data-kt=\"masterHOAddButton\"]"}
RESULT: {}
RESULT: {"using":"xpath","value":"//button[@data-kt=\"masterHOAddButton\"]"}
COMMAND: POST /session/b171ef130127fc2a30c2632ea9d3abff/elements - {"using":"xpath","value":"//button[@data-kt=\"masterHOAddButton\"]"}
RESULT: {"using":"xpath","value":"//button[@data-kt=\"masterHOAddButton\"]"}
COMMAND: POST /session/b171ef130127fc2a30c2632ea9d3abff/elements - {"using":"xpath","value":"//button[@data-kt=\"masterHOAddButton\"]"}
RESULT: {"using":"xpath","value":"//button[@data-kt=\"masterHOAddButton\"]"}
COMMAND: POST /session/b171ef130127fc2a30c2632ea9d3abff/elements - {"using":"xpath","value":"//button[@data-kt=\"masterHOAddButton\"]"}
RESULT: {"using":"xpath","value":"//button[@data-kt=\"masterHOAddButton\"]"}
COMMAND: POST /session/b171ef130127fc2a30c2632ea9d3abff/elements - {"using":"xpath","value":"//button[@data-kt=\"masterHOAddButton\"]"}
RESULT: {"using":"xpath","value":"//button[@data-kt=\"masterHOAddButton\"]"}
COMMAND: POST /session/b171ef130127fc2a30c2632ea9d3abff/elements - {"using":"xpath","value":"//button[@data-kt=\"masterHOAddButton\"]"}
RESULT: {"using":"xpath","value":"//button[@data-kt=\"masterHOAddButton\"]"}
COMMAND: POST /session/b171ef130127fc2a30c2632ea9d3abff/elements - {"using":"xpath","value":"//button[@data-kt=\"masterHOAddButton\"]"}
RESULT: {"using":"xpath","value":"//button[@data-kt=\"masterHOAddButton\"]"}
COMMAND: POST /session/b171ef130127fc2a30c2632ea9d3abff/elements - {"using":"xpath","value":"//button[@data-kt=\"masterHOAddButton\"]"}
RESULT: {"using":"xpath","value":"//button[@data-kt=\"masterHOAddButton\"]"}
COMMAND: POST /session/b171ef130127fc2a30c2632ea9d3abff/elements - {"using":"xpath","value":"//button[@data-kt=\"masterHOAddButton\"]"}
RESULT: {"using":"xpath","value":"//button[@data-kt=\"masterHOAddButton\"]"}
COMMAND: POST /session/b171ef130127fc2a30c2632ea9d3abff/elements - {"using":"xpath","value":"//button[@data-kt=\"masterHOAddButton\"]"}
RESULT: {"using":"xpath","value":"//button[@data-kt=\"masterHOAddButton\"]"}
COMMAND: POST /session/b171ef130127fc2a30c2632ea9d3abff/elements - {"using":"xpath","value":"//button[@data-kt=\"masterHOAddButton\"]"}
RESULT: {"using":"xpath","value":"//button[@data-kt=\"masterHOAddButton\"]"}
COMMAND: POST /session/b171ef130127fc2a30c2632ea9d3abff/elements - {"using":"xpath","value":"//button[@data-kt=\"masterHOAddButton\"]"}
RESULT: {"using":"xpath","value":"//button[@data-kt=\"masterHOAddButton\"]"}
COMMAND: POST /session/b171ef130127fc2a30c2632ea9d3abff/elements - {"using":"xpath","value":"//button[@data-kt=\"masterHOAddButton\"]"}
RESULT: {"using":"xpath","value":"//button[@data-kt=\"masterHOAddButton\"]"}
COMMAND: POST /session/b171ef130127fc2a30c2632ea9d3abff/elements - {"using":"xpath","value":"//button[@data-kt=\"masterHOAddButton\"]"}
RESULT: {"using":"xpath","value":"//button[@data-kt=\"masterHOAddButton\"]"}
COMMAND: POST /session/b171ef130127fc2a30c2632ea9d3abff/elements - {"using":"xpath","value":"//button[@data-kt=\"masterHOAddButton\"]"}
RESULT: {"using":"xpath","value":"//button[@data-kt=\"masterHOAddButton\"]"}
COMMAND: POST /session/b171ef130127fc2a30c2632ea9d3abff/elements - {"using":"xpath","value":"//button[@data-kt=\"masterHOAddButton\"]"}
RESULT: {"using":"xpath","value":"//button[@data-kt=\"masterHOAddButton\"]"}
COMMAND: POST /session/b171ef130127fc2a30c2632ea9d3abff/elements - {"using":"xpath","value":"//button[@data-kt=\"masterHOAddButton\"]"}
RESULT: {"using":"xpath","value":"//button[@data-kt=\"masterHOAddButton\"]"}
COMMAND: POST /session/b171ef130127fc2a30c2632ea9d3abff/elements - {"using":"xpath","value":"//button[@data-kt=\"masterHOAddButton\"]"}
RESULT: {"using":"xpath","value":"//button[@data-kt=\"masterHOAddButton\"]"}
COMMAND: POST /session/b171ef130127fc2a30c2632ea9d3abff/elements - {"using":"xpath","value":"//button[@data-kt=\"masterHOAddButton\"]"}
RESULT: {"using":"xpath","value":"//button[@data-kt=\"masterHOAddButton\"]"}
COMMAND: POST /session/b171ef130127fc2a30c2632ea9d3abff/elements - {"using":"xpath","value":"//button[@data-kt=\"masterHOAddButton\"]"}
RESULT: {"using":"xpath","value":"//button[@data-kt=\"masterHOAddButton\"]"}
COMMAND: POST /session/b171ef130127fc2a30c2632ea9d3abff/elements - {"using":"xpath","value":"//button[@data-kt=\"masterHOAddButton\"]"}
RESULT: {"using":"xpath","value":"//button[@data-kt=\"masterHOAddButton\"]"}
COMMAND: POST /session/b171ef130127fc2a30c2632ea9d3abff/elements - {"using":"xpath","value":"//button[@data-kt=\"masterHOAddButton\"]"}
RESULT: {"using":"xpath","value":"//button[@data-kt=\"masterHOAddButton\"]"}
COMMAND: POST /session/b171ef130127fc2a30c2632ea9d3abff/elements - {"using":"xpath","value":"//button[@data-kt=\"masterHOAddButton\"]"}
RESULT: {"using":"xpath","value":"//button[@data-kt=\"masterHOAddButton\"]"}
COMMAND: POST /session/b171ef130127fc2a30c2632ea9d3abff/elements - {"using":"xpath","value":"//button[@data-kt=\"masterHOAddButton\"]"}
RESULT: {"using":"xpath","value":"//button[@data-kt=\"masterHOAddButton\"]"}
COMMAND: POST /session/b171ef130127fc2a30c2632ea9d3abff/elements - {"using":"xpath","value":"//button[@data-kt=\"masterHOAddButton\"]"}
RESULT: {"using":"xpath","value":"//button[@data-kt=\"masterHOAddButton\"]"}
COMMAND: POST /session/b171ef130127fc2a30c2632ea9d3abff/elements - {"using":"xpath","value":"//button[@data-kt=\"masterHOAddButton\"]"}
RESULT: {"using":"xpath","value":"//button[@data-kt=\"masterHOAddButton\"]"}
COMMAND: POST /session/b171ef130127fc2a30c2632ea9d3abff/element - {"using":"xpath","value":"//button[@data-kt=\"masterHOAddButton\"]"}
RESULT: {"using":"xpath","value":"//button[@data-kt=\"masterHOAddButton\"]"}
COMMAND: POST /session/b171ef130127fc2a30c2632ea9d3abff/execute/sync - {"script":"<script> [8489 bytes]","args":[{"element-6066-11e4-a52e-4f735466cecf":"f.727CE9CF6895B2C759CBC992552C29E0.d.98D56C56A30DD7F775B9F82D153E7095.e.6811","ELEMENT":"f.727CE9CF6895B2C759CBC992552C29E0.d.98D56C56A30DD7F775B9F82D153E7095.e.6811"}]}
RESULT: {"script":"<script> [8489 bytes]","args":[{"element-6066-11e4-a52e-4f735466cecf":"f.727CE9CF6895B2C759CBC992552C29E0.d.98D56C56A30DD7F775B9F82D153E7095.e.6811","ELEMENT":"f.727CE9CF6895B2C759CBC992552C29E0.d.98D56C56A30DD7F775B9F82D153E7095.e.6811"}]}
COMMAND: GET /session/b171ef130127fc2a30c2632ea9d3abff/element/f.727CE9CF6895B2C759CBC992552C29E0.d.98D56C56A30DD7F775B9F82D153E7095.e.6811/enabled - {}
COMMAND: GET /session/b171ef130127fc2a30c2632ea9d3abff/screenshot - {}
RESULT: {}
COMMAND: POST /session/b171ef130127fc2a30c2632ea9d3abff/execute/sync - {"script":"<script> [8489 bytes]","args":[{"element-6066-11e4-a52e-4f735466cecf":"f.727CE9CF6895B2C759CBC992552C29E0.d.98D56C56A30DD7F775B9F82D153E7095.e.6811","ELEMENT":"f.727CE9CF6895B2C759CBC992552C29E0.d.98D56C56A30DD7F775B9F82D153E7095.e.6811"}]}
COMMAND: GET /session/b171ef130127fc2a30c2632ea9d3abff/screenshot - {}
RESULT: {}
RESULT: {"script":"<script> [8489 bytes]","args":[{"element-6066-11e4-a52e-4f735466cecf":"f.727CE9CF6895B2C759CBC992552C29E0.d.98D56C56A30DD7F775B9F82D153E7095.e.6811","ELEMENT":"f.727CE9CF6895B2C759CBC992552C29E0.d.98D56C56A30DD7F775B9F82D153E7095.e.6811"}]}
COMMAND: POST /session/b171ef130127fc2a30c2632ea9d3abff/execute/sync - {"script":"<script> [5351 bytes]","args":[{"element-6066-11e4-a52e-4f735466cecf":"f.727CE9CF6895B2C759CBC992552C29E0.d.98D56C56A30DD7F775B9F82D153E7095.e.6811","ELEMENT":"f.727CE9CF6895B2C759CBC992552C29E0.d.98D56C56A30DD7F775B9F82D153E7095.e.6811"}]}
COMMAND: GET /session/b171ef130127fc2a30c2632ea9d3abff/screenshot - {}
RESULT: {}
RESULT: {"script":"<script> [5351 bytes]","args":[{"element-6066-11e4-a52e-4f735466cecf":"f.727CE9CF6895B2C759CBC992552C29E0.d.98D56C56A30DD7F775B9F82D153E7095.e.6811","ELEMENT":"f.727CE9CF6895B2C759CBC992552C29E0.d.98D56C56A30DD7F775B9F82D153E7095.e.6811"}]}
COMMAND: POST /session/b171ef130127fc2a30c2632ea9d3abff/element/f.727CE9CF6895B2C759CBC992552C29E0.d.98D56C56A30DD7F775B9F82D153E7095.e.6811/click - {}
COMMAND: GET /session/b171ef130127fc2a30c2632ea9d3abff/screenshot - {}
RESULT: {}
RESULT: {}
COMMAND: GET /session/b171ef130127fc2a30c2632ea9d3abff/screenshot - {}
RESULT: {}
RESULT: {}
COMMAND: POST /session/b171ef130127fc2a30c2632ea9d3abff/element - {"using":"xpath","value":"//span[contains(@id ,\"AddNewHO--typeSelect-arrow\")]"}
RESULT: {"using":"xpath","value":"//span[contains(@id ,\"AddNewHO--typeSelect-arrow\")]"}
COMMAND: POST /session/b171ef130127fc2a30c2632ea9d3abff/element/f.727CE9CF6895B2C759CBC992552C29E0.d.98D56C56A30DD7F775B9F82D153E7095.e.7180/click - {}
RESULT: {}
COMMAND: GET /session/b171ef130127fc2a30c2632ea9d3abff/screenshot - {}
RESULT: {}
COMMAND: POST /session/b171ef130127fc2a30c2632ea9d3abff/element - {"using":"xpath","value":"(//li[contains(text(), \"stock increase yard\")])[1]"}
RESULT: {"using":"xpath","value":"(//li[contains(text(), \"stock increase yard\")])[1]"}
COMMAND: POST /session/b171ef130127fc2a30c2632ea9d3abff/element/f.727CE9CF6895B2C759CBC992552C29E0.d.98D56C56A30DD7F775B9F82D153E7095.e.7181/click - {}
RESULT: {}
COMMAND: GET /session/b171ef130127fc2a30c2632ea9d3abff/screenshot - {}
RESULT: {}
COMMAND: POST /session/b171ef130127fc2a30c2632ea9d3abff/execute/async - {"script":"<script> [1562 bytes]","args":[{"selector":{"id":"application-managehandovers-display-component---AddNewHO--dueDate","interaction":{"idSuffix":"inner"}},"wdio_ui5_key":"applicationmanagehandovers-display-component---AddNewHO--dueDate"}]}
RESULT: {"script":"<script> [1562 bytes]","args":[{"selector":{"id":"application-managehandovers-display-component---AddNewHO--dueDate","interaction":{"idSuffix":"inner"}},"wdio_ui5_key":"applicationmanagehandovers-display-component---AddNewHO--dueDate"}]}
RESULT: undefined
COMMAND: POST /session/b171ef130127fc2a30c2632ea9d3abff/execute/async - {"script":"<script> [6424 bytes]","args":[{"element-6066-11e4-a52e-4f735466cecf":"f.727CE9CF6895B2C759CBC992552C29E0.d.98D56C56A30DD7F775B9F82D153E7095.e.7183"},"setValue",["05/06/2025"]]}
RESULT: {"script":"<script> [6424 bytes]","args":[{"element-6066-11e4-a52e-4f735466cecf":"f.727CE9CF6895B2C759CBC992552C29E0.d.98D56C56A30DD7F775B9F82D153E7095.e.7183"},"setValue",["05/06/2025"]]}
COMMAND: POST /session/b171ef130127fc2a30c2632ea9d3abff/element - {"using":"xpath","value":"//input[@id=\"generalSectionFrg--receiveYard-inner\"]"}
RESULT: {"using":"xpath","value":"//input[@id=\"generalSectionFrg--receiveYard-inner\"]"}
COMMAND: POST /session/b171ef130127fc2a30c2632ea9d3abff/element/f.727CE9CF6895B2C759CBC992552C29E0.d.98D56C56A30DD7F775B9F82D153E7095.e.7189/clear - {}
RESULT: {}
COMMAND: POST /session/b171ef130127fc2a30c2632ea9d3abff/element/f.727CE9CF6895B2C759CBC992552C29E0.d.98D56C56A30DD7F775B9F82D153E7095.e.7189/value - {"text":"636"}
COMMAND: GET /session/b171ef130127fc2a30c2632ea9d3abff/screenshot - {}
RESULT: {"text":"636"}
COMMAND: GET /session/b171ef130127fc2a30c2632ea9d3abff/screenshot - {}
RESULT: {}
RESULT: {}
COMMAND: POST /session/b171ef130127fc2a30c2632ea9d3abff/element - {"using":"xpath","value":"//li[.//span[text()='636']]"}
RESULT: {"using":"xpath","value":"//li[.//span[text()='636']]"}
COMMAND: POST /session/b171ef130127fc2a30c2632ea9d3abff/element/f.727CE9CF6895B2C759CBC992552C29E0.d.98D56C56A30DD7F775B9F82D153E7095.e.7205/click - {}
RESULT: {}
COMMAND: GET /session/b171ef130127fc2a30c2632ea9d3abff/screenshot - {}
RESULT: {}
COMMAND: POST /session/b171ef130127fc2a30c2632ea9d3abff/execute/async - {"script":"<script> [1562 bytes]","args":[{"selector":{"id":"application-managehandovers-display-component---AddNewHO--ObjectPageLayout-anchBar-application-managehandovers-display-component---AddNewHO--section4-anchor","interaction":{"idSuffix":"BDI-content"}},"wdio_ui5_key":"applicationmanagehandovers-display-component---AddNewHO--ObjectPageLayout-anchBar-application-managehandovers-display-component---AddNewHO--section4-anchor"}]}
RESULT: {"script":"<script> [1562 bytes]","args":[{"selector":{"id":"application-managehandovers-display-component---AddNewHO--ObjectPageLayout-anchBar-application-managehandovers-display-component---AddNewHO--section4-anchor","interaction":{"idSuffix":"BDI-content"}},"wdio_ui5_key":"applicationmanagehandovers-display-component---AddNewHO--ObjectPageLayout-anchBar-application-managehandovers-display-component---AddNewHO--section4-anchor"}]}
RESULT: undefined
COMMAND: POST /session/b171ef130127fc2a30c2632ea9d3abff/element - {"using":"xpath","value":"//*[@id=\"application-managehandovers-display-component---AddNewHO--ObjectPageLayout-anchBar-application-managehandovers-display-component---AddNewHO--section4-anchor\"]"}
RESULT: {"using":"xpath","value":"//*[@id=\"application-managehandovers-display-component---AddNewHO--ObjectPageLayout-anchBar-application-managehandovers-display-component---AddNewHO--section4-anchor\"]"}
COMMAND: POST /session/b171ef130127fc2a30c2632ea9d3abff/element/f.727CE9CF6895B2C759CBC992552C29E0.d.98D56C56A30DD7F775B9F82D153E7095.e.7207/click - {}
RESULT: {}
COMMAND: POST /session/b171ef130127fc2a30c2632ea9d3abff/element - {"using":"xpath","value":"//button[@aria-label=\"Add\"]"}
COMMAND: GET /session/b171ef130127fc2a30c2632ea9d3abff/screenshot - {}
RESULT: {"using":"xpath","value":"//button[@aria-label=\"Add\"]"}
COMMAND: POST /session/b171ef130127fc2a30c2632ea9d3abff/element/f.727CE9CF6895B2C759CBC992552C29E0.d.98D56C56A30DD7F775B9F82D153E7095.e.7209/click - {}
RESULT: {}
RESULT: {}
COMMAND: GET /session/b171ef130127fc2a30c2632ea9d3abff/screenshot - {}
RESULT: {}
COMMAND: POST /session/b171ef130127fc2a30c2632ea9d3abff/execute/async - {"script":"<script> [1562 bytes]","args":[{"selector":{"id":"application-managehandovers-display-component---AddNewHO--smartFilterBar-btnBasicSearch","searchOpenDialogs":true,"interaction":{"idSuffix":"I"}},"wdio_ui5_key":"applicationmanagehandovers-display-component---AddNewHO--smartFilterBar-btnBasicSearch"}]}
RESULT: {"script":"<script> [1562 bytes]","args":[{"selector":{"id":"application-managehandovers-display-component---AddNewHO--smartFilterBar-btnBasicSearch","searchOpenDialogs":true,"interaction":{"idSuffix":"I"}},"wdio_ui5_key":"applicationmanagehandovers-display-component---AddNewHO--smartFilterBar-btnBasicSearch"}]}
RESULT: undefined
COMMAND: POST /session/b171ef130127fc2a30c2632ea9d3abff/execute/async - {"script":"<script> [776 bytes]","args":[{"enterText":"200354","selector":{"id":"application-managehandovers-display-component---AddNewHO--smartFilterBar-btnBasicSearch","searchOpenDialogs":true,"interaction":{"idSuffix":"I"}},"clearTextFirst":true,"interactionType":"ENTER_TEXT"}]}
RESULT: {"script":"<script> [776 bytes]","args":[{"enterText":"200354","selector":{"id":"application-managehandovers-display-component---AddNewHO--smartFilterBar-btnBasicSearch","searchOpenDialogs":true,"interaction":{"idSuffix":"I"}},"clearTextFirst":true,"interactionType":"ENTER_TEXT"}]}
COMMAND: POST /session/b171ef130127fc2a30c2632ea9d3abff/actions - {"actions":[{"id":"action31","type":"key","parameters":{},"actions":[{"type":"keyDown","value":"î€‡"},{"type":"pause","duration":10},{"type":"keyUp","value":"î€‡"}]}]}
RESULT: {"actions":[{"id":"action31","type":"key","parameters":{},"actions":[{"type":"keyDown","value":"î€‡"},{"type":"pause","duration":10},{"type":"keyUp","value":"î€‡"}]}]}
COMMAND: GET /session/b171ef130127fc2a30c2632ea9d3abff/screenshot - {}
RESULT: {}
COMMAND: POST /session/b171ef130127fc2a30c2632ea9d3abff/execute/async - {"script":"<script> [1562 bytes]","args":[{"selector":{"id":"application-managehandovers-display-component---AddNewHO--popup-sa","searchOpenDialogs":true,"interaction":{"idSuffix":"CbBg"}},"wdio_ui5_key":"applicationmanagehandovers-display-component---AddNewHO--popup-sa"}]}
RESULT: {"script":"<script> [1562 bytes]","args":[{"selector":{"id":"application-managehandovers-display-component---AddNewHO--popup-sa","searchOpenDialogs":true,"interaction":{"idSuffix":"CbBg"}},"wdio_ui5_key":"applicationmanagehandovers-display-component---AddNewHO--popup-sa"}]}
RESULT: undefined
COMMAND: POST /session/b171ef130127fc2a30c2632ea9d3abff/element - {"using":"xpath","value":"//*[@id=\"application-managehandovers-display-component---AddNewHO--popup-sa\"]"}
RESULT: {"using":"xpath","value":"//*[@id=\"application-managehandovers-display-component---AddNewHO--popup-sa\"]"}
COMMAND: POST /session/b171ef130127fc2a30c2632ea9d3abff/element/f.727CE9CF6895B2C759CBC992552C29E0.d.98D56C56A30DD7F775B9F82D153E7095.e.7364/click - {}
RESULT: {}
COMMAND: GET /session/b171ef130127fc2a30c2632ea9d3abff/screenshot - {}
RESULT: {}
COMMAND: POST /session/b171ef130127fc2a30c2632ea9d3abff/element - {"using":"xpath","value":"//bdi[contains(text(), \"Select\")]"}
RESULT: {"using":"xpath","value":"//bdi[contains(text(), \"Select\")]"}
COMMAND: POST /session/b171ef130127fc2a30c2632ea9d3abff/element/f.727CE9CF6895B2C759CBC992552C29E0.d.98D56C56A30DD7F775B9F82D153E7095.e.7365/click - {}
RESULT: {}
COMMAND: GET /session/b171ef130127fc2a30c2632ea9d3abff/screenshot - {}
RESULT: {}
COMMAND: POST /session/b171ef130127fc2a30c2632ea9d3abff/element - {"using":"xpath","value":"//button[@data-kt=\"AddNewHOSaveButton\"]"}
RESULT: {"using":"xpath","value":"//button[@data-kt=\"AddNewHOSaveButton\"]"}
COMMAND: POST /session/b171ef130127fc2a30c2632ea9d3abff/element/f.727CE9CF6895B2C759CBC992552C29E0.d.98D56C56A30DD7F775B9F82D153E7095.e.7369/click - {}
RESULT: {}
COMMAND: GET /session/b171ef130127fc2a30c2632ea9d3abff/screenshot - {}
RESULT: {}
COMMAND: POST /session/b171ef130127fc2a30c2632ea9d3abff/execute/async - {"script":"<script> [1562 bytes]","args":[{"selector":{"id":"receiptDatePicker","viewName":"etm.portal.ui.managehandovers.view.DetailExecuteHO","interaction":{"idSuffix":"inner"}},"wdio_ui5_key":"receiptDatePickeretmportal.ui.managehandovers.view.DetailExecuteHO"}]}
RESULT: {"script":"<script> [1562 bytes]","args":[{"selector":{"id":"receiptDatePicker","viewName":"etm.portal.ui.managehandovers.view.DetailExecuteHO","interaction":{"idSuffix":"inner"}},"wdio_ui5_key":"receiptDatePickeretmportal.ui.managehandovers.view.DetailExecuteHO"}]}
RESULT: undefined
COMMAND: POST /session/b171ef130127fc2a30c2632ea9d3abff/execute/async - {"script":"<script> [6424 bytes]","args":[{"element-6066-11e4-a52e-4f735466cecf":"f.727CE9CF6895B2C759CBC992552C29E0.d.98D56C56A30DD7F775B9F82D153E7095.e.7399"},"setValue",["05/06/2025"]]}
RESULT: {"script":"<script> [6424 bytes]","args":[{"element-6066-11e4-a52e-4f735466cecf":"f.727CE9CF6895B2C759CBC992552C29E0.d.98D56C56A30DD7F775B9F82D153E7095.e.7399"},"setValue",["05/06/2025"]]}
COMMAND: POST /session/b171ef130127fc2a30c2632ea9d3abff/element - {"using":"xpath","value":"//button[@data-kt=\"PickingTableConfirmAllButton\"]"}
RESULT: {"using":"xpath","value":"//button[@data-kt=\"PickingTableConfirmAllButton\"]"}
COMMAND: POST /session/b171ef130127fc2a30c2632ea9d3abff/element/f.727CE9CF6895B2C759CBC992552C29E0.d.98D56C56A30DD7F775B9F82D153E7095.e.7416/click - {}
RESULT: {}
COMMAND: GET /session/b171ef130127fc2a30c2632ea9d3abff/screenshot - {}
RESULT: {}
COMMAND: POST /session/b171ef130127fc2a30c2632ea9d3abff/element - {"using":"xpath","value":"//bdi[contains(text(), \"OK\")]"}
RESULT: {"using":"xpath","value":"//bdi[contains(text(), \"OK\")]"}
COMMAND: POST /session/b171ef130127fc2a30c2632ea9d3abff/element/f.727CE9CF6895B2C759CBC992552C29E0.d.98D56C56A30DD7F775B9F82D153E7095.e.7418/click - {}
RESULT: {}
COMMAND: GET /session/b171ef130127fc2a30c2632ea9d3abff/screenshot - {}
RESULT: {}
COMMAND: POST /session/b171ef130127fc2a30c2632ea9d3abff/element - {"using":"xpath","value":"(//bdi[contains(text(), \"Receive\")])[2]"}
RESULT: {"using":"xpath","value":"(//bdi[contains(text(), \"Receive\")])[2]"}
COMMAND: POST /session/b171ef130127fc2a30c2632ea9d3abff/element/f.727CE9CF6895B2C759CBC992552C29E0.d.98D56C56A30DD7F775B9F82D153E7095.e.7420/click - {}
RESULT: {}
COMMAND: GET /session/b171ef130127fc2a30c2632ea9d3abff/screenshot - {}
RESULT: {}
COMMAND: POST /session/b171ef130127fc2a30c2632ea9d3abff/element - {"using":"css selector","value":"#shell-header-logo"}
RESULT: {"using":"css selector","value":"#shell-header-logo"}
COMMAND: POST /session/b171ef130127fc2a30c2632ea9d3abff/element/f.727CE9CF6895B2C759CBC992552C29E0.d.98D56C56A30DD7F775B9F82D153E7095.e.6783/click - {}
RESULT: {}
COMMAND: GET /session/b171ef130127fc2a30c2632ea9d3abff/screenshot - {}
RESULT: {}
]]></system-out>
    </testcase>
    <testcase classname="chrome.135_0_7049_115.windows.Provide_to_Site_w/_warehouse_management_w_clarification" name="Should create a new contract" time="62.812">
      <system-out><![CDATA[
COMMAND: POST /session/b171ef130127fc2a30c2632ea9d3abff/execute/async - {"script":"<script> [1562 bytes]","args":[{"selector":{"controlType":"sap.m.Text","viewName":"etm.portal.ui.managecontractstile.view.Master","properties":{"text":"Manage Contracts"},"interaction":{"idSuffix":"inner"}},"wdio_ui5_key":"etmportal.ui.managecontractstile.view.Mastersap.m.Text{\"text\":\"Manage Contracts\"}"}]}
RESULT: {"script":"<script> [1562 bytes]","args":[{"selector":{"controlType":"sap.m.Text","viewName":"etm.portal.ui.managecontractstile.view.Master","properties":{"text":"Manage Contracts"},"interaction":{"idSuffix":"inner"}},"wdio_ui5_key":"etmportal.ui.managecontractstile.view.Mastersap.m.Text{\"text\":\"Manage Contracts\"}"}]}
RESULT: undefined
COMMAND: POST /session/b171ef130127fc2a30c2632ea9d3abff/element - {"using":"xpath","value":"//*[@id=\"__tile131-title\"]"}
RESULT: {"using":"xpath","value":"//*[@id=\"__tile131-title\"]"}
COMMAND: POST /session/b171ef130127fc2a30c2632ea9d3abff/element/f.727CE9CF6895B2C759CBC992552C29E0.d.98D56C56A30DD7F775B9F82D153E7095.e.7592/click - {}
RESULT: {}
COMMAND: GET /session/b171ef130127fc2a30c2632ea9d3abff/screenshot - {}
RESULT: {}
COMMAND: POST /session/b171ef130127fc2a30c2632ea9d3abff/element - {"using":"xpath","value":"//button[@data-kt=\"addButton\"]"}
RESULT: {"using":"xpath","value":"//button[@data-kt=\"addButton\"]"}
COMMAND: POST /session/b171ef130127fc2a30c2632ea9d3abff/elements - {"using":"xpath","value":"//button[@data-kt=\"addButton\"]"}
RESULT: {"using":"xpath","value":"//button[@data-kt=\"addButton\"]"}
COMMAND: POST /session/b171ef130127fc2a30c2632ea9d3abff/execute/sync - {"script":"<script> [8489 bytes]","args":[{"element-6066-11e4-a52e-4f735466cecf":"f.727CE9CF6895B2C759CBC992552C29E0.d.98D56C56A30DD7F775B9F82D153E7095.e.7661","ELEMENT":"f.727CE9CF6895B2C759CBC992552C29E0.d.98D56C56A30DD7F775B9F82D153E7095.e.7661"}]}
RESULT: {"script":"<script> [8489 bytes]","args":[{"element-6066-11e4-a52e-4f735466cecf":"f.727CE9CF6895B2C759CBC992552C29E0.d.98D56C56A30DD7F775B9F82D153E7095.e.7661","ELEMENT":"f.727CE9CF6895B2C759CBC992552C29E0.d.98D56C56A30DD7F775B9F82D153E7095.e.7661"}]}
COMMAND: GET /session/b171ef130127fc2a30c2632ea9d3abff/element/f.727CE9CF6895B2C759CBC992552C29E0.d.98D56C56A30DD7F775B9F82D153E7095.e.7661/enabled - {}
COMMAND: GET /session/b171ef130127fc2a30c2632ea9d3abff/screenshot - {}
RESULT: {}
COMMAND: POST /session/b171ef130127fc2a30c2632ea9d3abff/execute/sync - {"script":"<script> [8489 bytes]","args":[{"element-6066-11e4-a52e-4f735466cecf":"f.727CE9CF6895B2C759CBC992552C29E0.d.98D56C56A30DD7F775B9F82D153E7095.e.7661","ELEMENT":"f.727CE9CF6895B2C759CBC992552C29E0.d.98D56C56A30DD7F775B9F82D153E7095.e.7661"}]}
COMMAND: GET /session/b171ef130127fc2a30c2632ea9d3abff/screenshot - {}
RESULT: {}
RESULT: {}
RESULT: {"script":"<script> [8489 bytes]","args":[{"element-6066-11e4-a52e-4f735466cecf":"f.727CE9CF6895B2C759CBC992552C29E0.d.98D56C56A30DD7F775B9F82D153E7095.e.7661","ELEMENT":"f.727CE9CF6895B2C759CBC992552C29E0.d.98D56C56A30DD7F775B9F82D153E7095.e.7661"}]}
COMMAND: POST /session/b171ef130127fc2a30c2632ea9d3abff/execute/sync - {"script":"<script> [5351 bytes]","args":[{"element-6066-11e4-a52e-4f735466cecf":"f.727CE9CF6895B2C759CBC992552C29E0.d.98D56C56A30DD7F775B9F82D153E7095.e.7661","ELEMENT":"f.727CE9CF6895B2C759CBC992552C29E0.d.98D56C56A30DD7F775B9F82D153E7095.e.7661"}]}
COMMAND: GET /session/b171ef130127fc2a30c2632ea9d3abff/screenshot - {}
RESULT: {"script":"<script> [5351 bytes]","args":[{"element-6066-11e4-a52e-4f735466cecf":"f.727CE9CF6895B2C759CBC992552C29E0.d.98D56C56A30DD7F775B9F82D153E7095.e.7661","ELEMENT":"f.727CE9CF6895B2C759CBC992552C29E0.d.98D56C56A30DD7F775B9F82D153E7095.e.7661"}]}
COMMAND: GET /session/b171ef130127fc2a30c2632ea9d3abff/screenshot - {}
RESULT: {}
RESULT: {}
COMMAND: POST /session/b171ef130127fc2a30c2632ea9d3abff/element/f.727CE9CF6895B2C759CBC992552C29E0.d.98D56C56A30DD7F775B9F82D153E7095.e.7661/click - {}
RESULT: {}
COMMAND: GET /session/b171ef130127fc2a30c2632ea9d3abff/screenshot - {}
COMMAND: POST /session/b171ef130127fc2a30c2632ea9d3abff/execute/async - {"script":"<script> [1562 bytes]","args":[{"selector":{"id":"application-managecontracts-display-component---AddNewContract--projectDescription","interaction":{"idSuffix":"inner"}},"wdio_ui5_key":"applicationmanagecontracts-display-component---AddNewContract--projectDescription"}]}
RESULT: {}
RESULT: {"script":"<script> [1562 bytes]","args":[{"selector":{"id":"application-managecontracts-display-component---AddNewContract--projectDescription","interaction":{"idSuffix":"inner"}},"wdio_ui5_key":"applicationmanagecontracts-display-component---AddNewContract--projectDescription"}]}
RESULT: undefined
COMMAND: POST /session/b171ef130127fc2a30c2632ea9d3abff/execute/async - {"script":"<script> [776 bytes]","args":[{"enterText":"Contract WDIO","selector":{"id":"application-managecontracts-display-component---AddNewContract--projectDescription","interaction":{"idSuffix":"inner"}},"clearTextFirst":true,"interactionType":"ENTER_TEXT"}]}
RESULT: {"script":"<script> [776 bytes]","args":[{"enterText":"Contract WDIO","selector":{"id":"application-managecontracts-display-component---AddNewContract--projectDescription","interaction":{"idSuffix":"inner"}},"clearTextFirst":true,"interactionType":"ENTER_TEXT"}]}
COMMAND: POST /session/b171ef130127fc2a30c2632ea9d3abff/element - {"using":"xpath","value":"//input[@id=\"application-managecontracts-display-component---AddNewContract--site-inner\"]"}
RESULT: {"using":"xpath","value":"//input[@id=\"application-managecontracts-display-component---AddNewContract--site-inner\"]"}
COMMAND: POST /session/b171ef130127fc2a30c2632ea9d3abff/element/f.727CE9CF6895B2C759CBC992552C29E0.d.98D56C56A30DD7F775B9F82D153E7095.e.7954/clear - {}
RESULT: {}
COMMAND: POST /session/b171ef130127fc2a30c2632ea9d3abff/element/f.727CE9CF6895B2C759CBC992552C29E0.d.98D56C56A30DD7F775B9F82D153E7095.e.7954/value - {"text":"2469"}
COMMAND: GET /session/b171ef130127fc2a30c2632ea9d3abff/screenshot - {}
RESULT: {"text":"2469"}
COMMAND: GET /session/b171ef130127fc2a30c2632ea9d3abff/screenshot - {}
RESULT: {}
RESULT: {}
COMMAND: POST /session/b171ef130127fc2a30c2632ea9d3abff/element - {"using":"xpath","value":"//li[.//span[text()='2469']]"}
RESULT: {"using":"xpath","value":"//li[.//span[text()='2469']]"}
COMMAND: POST /session/b171ef130127fc2a30c2632ea9d3abff/element/f.727CE9CF6895B2C759CBC992552C29E0.d.98D56C56A30DD7F775B9F82D153E7095.e.7978/click - {}
RESULT: {}
COMMAND: GET /session/b171ef130127fc2a30c2632ea9d3abff/screenshot - {}
RESULT: {}
COMMAND: POST /session/b171ef130127fc2a30c2632ea9d3abff/element - {"using":"xpath","value":"//input[@id=\"application-managecontracts-display-component---AddNewContract--yardId-inner\"]"}
RESULT: {"using":"xpath","value":"//input[@id=\"application-managecontracts-display-component---AddNewContract--yardId-inner\"]"}
COMMAND: GET /session/b171ef130127fc2a30c2632ea9d3abff/element/f.727CE9CF6895B2C759CBC992552C29E0.d.98D56C56A30DD7F775B9F82D153E7095.e.7955/property/value - {}
RESULT: {}
COMMAND: POST /session/b171ef130127fc2a30c2632ea9d3abff/element - {"using":"xpath","value":"//input[@id=\"application-managecontracts-display-component---AddNewContract--customerSelect-inner\"]"}
COMMAND: GET /session/b171ef130127fc2a30c2632ea9d3abff/screenshot - {}
RESULT: {"using":"xpath","value":"//input[@id=\"application-managecontracts-display-component---AddNewContract--customerSelect-inner\"]"}
COMMAND: POST /session/b171ef130127fc2a30c2632ea9d3abff/element/f.727CE9CF6895B2C759CBC992552C29E0.d.98D56C56A30DD7F775B9F82D153E7095.e.7953/clear - {}
RESULT: {}
RESULT: {}
COMMAND: POST /session/b171ef130127fc2a30c2632ea9d3abff/element/f.727CE9CF6895B2C759CBC992552C29E0.d.98D56C56A30DD7F775B9F82D153E7095.e.7953/value - {"text":"1510"}
COMMAND: GET /session/b171ef130127fc2a30c2632ea9d3abff/screenshot - {}
RESULT: {}
RESULT: {"text":"1510"}
COMMAND: GET /session/b171ef130127fc2a30c2632ea9d3abff/screenshot - {}
RESULT: {}
COMMAND: POST /session/b171ef130127fc2a30c2632ea9d3abff/element - {"using":"xpath","value":"//li[.//span[text()='1510']]"}
RESULT: {"using":"xpath","value":"//li[.//span[text()='1510']]"}
COMMAND: POST /session/b171ef130127fc2a30c2632ea9d3abff/element/f.727CE9CF6895B2C759CBC992552C29E0.d.98D56C56A30DD7F775B9F82D153E7095.e.7981/click - {}
RESULT: {}
COMMAND: GET /session/b171ef130127fc2a30c2632ea9d3abff/screenshot - {}
RESULT: {}
COMMAND: POST /session/b171ef130127fc2a30c2632ea9d3abff/element - {"using":"xpath","value":"//button[@data-kt=\"saveButton\"]"}
RESULT: {"using":"xpath","value":"//button[@data-kt=\"saveButton\"]"}
COMMAND: POST /session/b171ef130127fc2a30c2632ea9d3abff/element/f.727CE9CF6895B2C759CBC992552C29E0.d.98D56C56A30DD7F775B9F82D153E7095.e.7971/click - {}
RESULT: {}
COMMAND: GET /session/b171ef130127fc2a30c2632ea9d3abff/screenshot - {}
RESULT: {}
COMMAND: POST /session/b171ef130127fc2a30c2632ea9d3abff/element - {"using":"xpath","value":"//span[contains(@id ,\"contractDetailTitleNoExpanded\")]"}
RESULT: {"using":"xpath","value":"//span[contains(@id ,\"contractDetailTitleNoExpanded\")]"}
COMMAND: POST /session/b171ef130127fc2a30c2632ea9d3abff/elements - {"using":"xpath","value":"//span[contains(@id ,\"contractDetailTitleNoExpanded\")]"}
RESULT: {"using":"xpath","value":"//span[contains(@id ,\"contractDetailTitleNoExpanded\")]"}
COMMAND: POST /session/b171ef130127fc2a30c2632ea9d3abff/execute/sync - {"script":"<script> [56 bytes]","args":[{"element-6066-11e4-a52e-4f735466cecf":"f.727CE9CF6895B2C759CBC992552C29E0.d.98D56C56A30DD7F775B9F82D153E7095.e.8051","ELEMENT":"f.727CE9CF6895B2C759CBC992552C29E0.d.98D56C56A30DD7F775B9F82D153E7095.e.8051"}]}
RESULT: {"script":"<script> [56 bytes]","args":[{"element-6066-11e4-a52e-4f735466cecf":"f.727CE9CF6895B2C759CBC992552C29E0.d.98D56C56A30DD7F775B9F82D153E7095.e.8051","ELEMENT":"f.727CE9CF6895B2C759CBC992552C29E0.d.98D56C56A30DD7F775B9F82D153E7095.e.8051"}]}
COMMAND: GET /session/b171ef130127fc2a30c2632ea9d3abff/screenshot - {}
RESULT: {}
]]></system-out>
    </testcase>
    <testcase classname="chrome.135_0_7049_115.windows.Provide_to_Site_w/_warehouse_management_w_clarification" name="Should add equipment to the contract" time="55.027">
      <system-out><![CDATA[
COMMAND: POST /session/b171ef130127fc2a30c2632ea9d3abff/element - {"using":"xpath","value":"//button[@data-kt=\"contractDetailEditBtnButton\"]"}
RESULT: {"using":"xpath","value":"//button[@data-kt=\"contractDetailEditBtnButton\"]"}
COMMAND: POST /session/b171ef130127fc2a30c2632ea9d3abff/element/f.727CE9CF6895B2C759CBC992552C29E0.d.98D56C56A30DD7F775B9F82D153E7095.e.8054/click - {}
RESULT: {}
COMMAND: GET /session/b171ef130127fc2a30c2632ea9d3abff/screenshot - {}
RESULT: {}
COMMAND: POST /session/b171ef130127fc2a30c2632ea9d3abff/element - {"using":"xpath","value":"(//span[contains(text(), \"Additional Addresses\")])[2]"}
RESULT: {"using":"xpath","value":"(//span[contains(text(), \"Additional Addresses\")])[2]"}
COMMAND: POST /session/b171ef130127fc2a30c2632ea9d3abff/element/f.727CE9CF6895B2C759CBC992552C29E0.d.98D56C56A30DD7F775B9F82D153E7095.e.8109/click - {}
RESULT: {}
COMMAND: GET /session/b171ef130127fc2a30c2632ea9d3abff/screenshot - {}
RESULT: {}
COMMAND: POST /session/b171ef130127fc2a30c2632ea9d3abff/element - {"using":"xpath","value":"//button[@data-kt=\"btnAddTableRowOverflowToolbarButton\"]"}
RESULT: {"using":"xpath","value":"//button[@data-kt=\"btnAddTableRowOverflowToolbarButton\"]"}
COMMAND: POST /session/b171ef130127fc2a30c2632ea9d3abff/element/f.727CE9CF6895B2C759CBC992552C29E0.d.98D56C56A30DD7F775B9F82D153E7095.e.8111/click - {}
RESULT: {}
COMMAND: GET /session/b171ef130127fc2a30c2632ea9d3abff/screenshot - {}
RESULT: {}
COMMAND: POST /session/b171ef130127fc2a30c2632ea9d3abff/element - {"using":"xpath","value":"//div[(text() = 'Standard Entry' or . = 'Standard Entry')]"}
RESULT: {"using":"xpath","value":"//div[(text() = 'Standard Entry' or . = 'Standard Entry')]"}
COMMAND: POST /session/b171ef130127fc2a30c2632ea9d3abff/element/f.727CE9CF6895B2C759CBC992552C29E0.d.98D56C56A30DD7F775B9F82D153E7095.e.8113/click - {}
RESULT: {}
COMMAND: GET /session/b171ef130127fc2a30c2632ea9d3abff/screenshot - {}
RESULT: {}
COMMAND: POST /session/b171ef130127fc2a30c2632ea9d3abff/element - {"using":"xpath","value":"//td[6]/div/div/div/span"}
RESULT: {"using":"xpath","value":"//td[6]/div/div/div/span"}
COMMAND: POST /session/b171ef130127fc2a30c2632ea9d3abff/element/f.727CE9CF6895B2C759CBC992552C29E0.d.98D56C56A30DD7F775B9F82D153E7095.e.8125/click - {}
RESULT: {}
COMMAND: GET /session/b171ef130127fc2a30c2632ea9d3abff/screenshot - {}
RESULT: {}
COMMAND: POST /session/b171ef130127fc2a30c2632ea9d3abff/element - {"using":"xpath","value":"(//span[contains(text(), \"Material\")])"}
RESULT: {"using":"xpath","value":"(//span[contains(text(), \"Material\")])"}
COMMAND: POST /session/b171ef130127fc2a30c2632ea9d3abff/element/f.727CE9CF6895B2C759CBC992552C29E0.d.98D56C56A30DD7F775B9F82D153E7095.e.8126/click - {}
RESULT: {}
COMMAND: GET /session/b171ef130127fc2a30c2632ea9d3abff/screenshot - {}
RESULT: {}
COMMAND: POST /session/b171ef130127fc2a30c2632ea9d3abff/element - {"using":"xpath","value":"//td[7]/div/div/input"}
RESULT: {"using":"xpath","value":"//td[7]/div/div/input"}
COMMAND: POST /session/b171ef130127fc2a30c2632ea9d3abff/element/f.727CE9CF6895B2C759CBC992552C29E0.d.98D56C56A30DD7F775B9F82D153E7095.e.8130/clear - {}
RESULT: {}
COMMAND: POST /session/b171ef130127fc2a30c2632ea9d3abff/element/f.727CE9CF6895B2C759CBC992552C29E0.d.98D56C56A30DD7F775B9F82D153E7095.e.8130/value - {"text":"200354"}
COMMAND: GET /session/b171ef130127fc2a30c2632ea9d3abff/screenshot - {}
RESULT: {"text":"200354"}
COMMAND: GET /session/b171ef130127fc2a30c2632ea9d3abff/screenshot - {}
RESULT: {}
RESULT: {}
COMMAND: POST /session/b171ef130127fc2a30c2632ea9d3abff/actions - {"actions":[{"id":"action32","type":"key","parameters":{},"actions":[{"type":"keyDown","value":"î€‡"},{"type":"pause","duration":10},{"type":"keyUp","value":"î€‡"}]}]}
RESULT: {"actions":[{"id":"action32","type":"key","parameters":{},"actions":[{"type":"keyDown","value":"î€‡"},{"type":"pause","duration":10},{"type":"keyUp","value":"î€‡"}]}]}
COMMAND: GET /session/b171ef130127fc2a30c2632ea9d3abff/screenshot - {}
RESULT: {}
COMMAND: POST /session/b171ef130127fc2a30c2632ea9d3abff/execute/sync - {"script":"<script> [276 bytes]","args":["No pricing information was found"]}
RESULT: {"script":"<script> [276 bytes]","args":["No pricing information was found"]}
COMMAND: POST /session/b171ef130127fc2a30c2632ea9d3abff/element - {"using":"xpath","value":"//bdi[contains(text(), \"OK\")]"}
COMMAND: GET /session/b171ef130127fc2a30c2632ea9d3abff/screenshot - {}
RESULT: {"using":"xpath","value":"//bdi[contains(text(), \"OK\")]"}
COMMAND: POST /session/b171ef130127fc2a30c2632ea9d3abff/element/f.727CE9CF6895B2C759CBC992552C29E0.d.98D56C56A30DD7F775B9F82D153E7095.e.8156/click - {}
RESULT: {}
RESULT: {}
COMMAND: GET /session/b171ef130127fc2a30c2632ea9d3abff/screenshot - {}
RESULT: {}
COMMAND: POST /session/b171ef130127fc2a30c2632ea9d3abff/element - {"using":"xpath","value":"(//button[@data-kt=\"saveButton\"])[2]"}
RESULT: {"using":"xpath","value":"(//button[@data-kt=\"saveButton\"])[2]"}
COMMAND: POST /session/b171ef130127fc2a30c2632ea9d3abff/element/f.727CE9CF6895B2C759CBC992552C29E0.d.98D56C56A30DD7F775B9F82D153E7095.e.8157/click - {}
RESULT: {}
COMMAND: GET /session/b171ef130127fc2a30c2632ea9d3abff/screenshot - {}
RESULT: {}
COMMAND: POST /session/b171ef130127fc2a30c2632ea9d3abff/execute/sync - {"script":"<script> [276 bytes]","args":["Some contract items are having rental validity exceeding header rental validity"]}
RESULT: {"script":"<script> [276 bytes]","args":["Some contract items are having rental validity exceeding header rental validity"]}
COMMAND: GET /session/b171ef130127fc2a30c2632ea9d3abff/screenshot - {}
RESULT: {}
COMMAND: POST /session/b171ef130127fc2a30c2632ea9d3abff/element - {"using":"xpath","value":"//span[contains(@id ,\"contractItemsSmartTable-header-inner\")]"}
RESULT: {"using":"xpath","value":"//span[contains(@id ,\"contractItemsSmartTable-header-inner\")]"}
COMMAND: POST /session/b171ef130127fc2a30c2632ea9d3abff/elements - {"using":"xpath","value":"//span[contains(@id ,\"contractItemsSmartTable-header-inner\")]"}
RESULT: {"using":"xpath","value":"//span[contains(@id ,\"contractItemsSmartTable-header-inner\")]"}
COMMAND: POST /session/b171ef130127fc2a30c2632ea9d3abff/execute/sync - {"script":"<script> [56 bytes]","args":[{"element-6066-11e4-a52e-4f735466cecf":"f.727CE9CF6895B2C759CBC992552C29E0.d.98D56C56A30DD7F775B9F82D153E7095.e.8162","ELEMENT":"f.727CE9CF6895B2C759CBC992552C29E0.d.98D56C56A30DD7F775B9F82D153E7095.e.8162"}]}
RESULT: {"script":"<script> [56 bytes]","args":[{"element-6066-11e4-a52e-4f735466cecf":"f.727CE9CF6895B2C759CBC992552C29E0.d.98D56C56A30DD7F775B9F82D153E7095.e.8162","ELEMENT":"f.727CE9CF6895B2C759CBC992552C29E0.d.98D56C56A30DD7F775B9F82D153E7095.e.8162"}]}
COMMAND: GET /session/b171ef130127fc2a30c2632ea9d3abff/screenshot - {}
]]></system-out>
    </testcase>
    <testcase classname="chrome.135_0_7049_115.windows.Provide_to_Site_w/_warehouse_management_w_clarification" name="Should provide to site" time="40.505">
      <system-out><![CDATA[
COMMAND: POST /session/b171ef130127fc2a30c2632ea9d3abff/element - {"using":"xpath","value":"//button[@data-kt=\"provideButton\"]"}
RESULT: {}
RESULT: {"using":"xpath","value":"//button[@data-kt=\"provideButton\"]"}
COMMAND: POST /session/b171ef130127fc2a30c2632ea9d3abff/element/f.727CE9CF6895B2C759CBC992552C29E0.d.98D56C56A30DD7F775B9F82D153E7095.e.8163/click - {}
RESULT: {}
COMMAND: GET /session/b171ef130127fc2a30c2632ea9d3abff/screenshot - {}
RESULT: {}
RESULT: undefined
COMMAND: POST /session/b171ef130127fc2a30c2632ea9d3abff/execute/async - {"script":"<script> [6424 bytes]","args":[{"element-6066-11e4-a52e-4f735466cecf":"f.727CE9CF6895B2C759CBC992552C29E0.d.98D56C56A30DD7F775B9F82D153E7095.e.7183"},"setValue",["05/06/2025"]]}
COMMAND: POST /session/b171ef130127fc2a30c2632ea9d3abff/execute/async - {"script":"<script> [1562 bytes]","args":[{"selector":{"id":"application-managehandovers-display-component---AddNewHO--dueDate","interaction":{"idSuffix":"inner"}},"wdio_ui5_key":"applicationmanagehandovers-display-component---AddNewHO--dueDate"}]}
RESULT: {"script":"<script> [1562 bytes]","args":[{"selector":{"id":"application-managehandovers-display-component---AddNewHO--dueDate","interaction":{"idSuffix":"inner"}},"wdio_ui5_key":"applicationmanagehandovers-display-component---AddNewHO--dueDate"}]}
COMMAND: POST /session/b171ef130127fc2a30c2632ea9d3abff/execute/async - {"script":"<script> [6424 bytes]","args":[{"element-6066-11e4-a52e-4f735466cecf":"f.727CE9CF6895B2C759CBC992552C29E0.d.98D56C56A30DD7F775B9F82D153E7095.e.8239"},"setValue",["05/06/2025"]]}
RESULT: {"script":"<script> [6424 bytes]","args":[{"element-6066-11e4-a52e-4f735466cecf":"f.727CE9CF6895B2C759CBC992552C29E0.d.98D56C56A30DD7F775B9F82D153E7095.e.8239"},"setValue",["05/06/2025"]]}
COMMAND: POST /session/b171ef130127fc2a30c2632ea9d3abff/element - {"using":"xpath","value":"//bdi[contains(text(), \"Instructions\")]"}
RESULT: {"using":"xpath","value":"//bdi[contains(text(), \"Instructions\")]"}
COMMAND: POST /session/b171ef130127fc2a30c2632ea9d3abff/element/f.727CE9CF6895B2C759CBC992552C29E0.d.98D56C56A30DD7F775B9F82D153E7095.e.8483/click - {}
RESULT: {}
COMMAND: GET /session/b171ef130127fc2a30c2632ea9d3abff/screenshot - {}
RESULT: {}
COMMAND: POST /session/b171ef130127fc2a30c2632ea9d3abff/element - {"using":"xpath","value":"//button[@data-kt=\"AddNewHOProvideAddItemsButton\"]"}
RESULT: {"using":"xpath","value":"//button[@data-kt=\"AddNewHOProvideAddItemsButton\"]"}
COMMAND: POST /session/b171ef130127fc2a30c2632ea9d3abff/element/f.727CE9CF6895B2C759CBC992552C29E0.d.98D56C56A30DD7F775B9F82D153E7095.e.8487/click - {}
RESULT: {}
COMMAND: GET /session/b171ef130127fc2a30c2632ea9d3abff/screenshot - {}
RESULT: {}
RESULT: undefined
COMMAND: POST /session/b171ef130127fc2a30c2632ea9d3abff/element - {"using":"xpath","value":"//*[@id=\"application-managehandovers-display-component---AddNewHO--popup-sa\"]"}
RESULT: {"using":"xpath","value":"//*[@id=\"application-managehandovers-display-component---AddNewHO--popup-sa\"]"}
COMMAND: POST /session/b171ef130127fc2a30c2632ea9d3abff/element/f.727CE9CF6895B2C759CBC992552C29E0.d.98D56C56A30DD7F775B9F82D153E7095.e.8496/click - {}
RESULT: {}
COMMAND: GET /session/b171ef130127fc2a30c2632ea9d3abff/screenshot - {}
RESULT: {}
COMMAND: POST /session/b171ef130127fc2a30c2632ea9d3abff/element - {"using":"xpath","value":"//*[contains(@id ,\"BDI-content\")][contains(text(), \"Select\")]"}
RESULT: {"using":"xpath","value":"//*[contains(@id ,\"BDI-content\")][contains(text(), \"Select\")]"}
COMMAND: POST /session/b171ef130127fc2a30c2632ea9d3abff/element/f.727CE9CF6895B2C759CBC992552C29E0.d.98D56C56A30DD7F775B9F82D153E7095.e.8498/click - {}
RESULT: {}
COMMAND: GET /session/b171ef130127fc2a30c2632ea9d3abff/screenshot - {}
RESULT: {}
COMMAND: POST /session/b171ef130127fc2a30c2632ea9d3abff/element - {"using":"xpath","value":"//bdi[(text() = 'Save' or . = 'Save')]"}
RESULT: {"using":"xpath","value":"//bdi[(text() = 'Save' or . = 'Save')]"}
COMMAND: POST /session/b171ef130127fc2a30c2632ea9d3abff/element/f.727CE9CF6895B2C759CBC992552C29E0.d.98D56C56A30DD7F775B9F82D153E7095.e.8506/click - {}
RESULT: {}
COMMAND: GET /session/b171ef130127fc2a30c2632ea9d3abff/screenshot - {}
RESULT: {}
]]></system-out>
    </testcase>
    <testcase classname="chrome.135_0_7049_115.windows.Provide_to_Site_w/_warehouse_management_w_clarification" name="Should test for Handover Execution" time="147.561">
      <system-out><![CDATA[
COMMAND: POST /session/b171ef130127fc2a30c2632ea9d3abff/execute/async - {"script":"<script> [1562 bytes]","args":[{"selector":{"controlType":"sap.m.Link","viewName":"etm.portal.ui.managehandovers.view.DetailExecuteHO","bindingPath":{"path":"","propertyPath":"/wmDoc","modelName":"warehouseMovModel"}},"wdio_ui5_key":"etmportal.ui.managehandovers.view.DetailExecuteHOsap.m.Link{\"path\":\"\",\"propertyPath\":\"/wmDoc\",\"modelName\":\"warehouseMovModel\"}"}]}
RESULT: {"script":"<script> [1562 bytes]","args":[{"selector":{"controlType":"sap.m.Link","viewName":"etm.portal.ui.managehandovers.view.DetailExecuteHO","bindingPath":{"path":"","propertyPath":"/wmDoc","modelName":"warehouseMovModel"}},"wdio_ui5_key":"etmportal.ui.managehandovers.view.DetailExecuteHOsap.m.Link{\"path\":\"\",\"propertyPath\":\"/wmDoc\",\"modelName\":\"warehouseMovModel\"}"}]}
RESULT: undefined
COMMAND: POST /session/b171ef130127fc2a30c2632ea9d3abff/element - {"using":"xpath","value":"//*[@id=\"__link93\"]"}
RESULT: {"using":"xpath","value":"//*[@id=\"__link93\"]"}
COMMAND: POST /session/b171ef130127fc2a30c2632ea9d3abff/element/f.727CE9CF6895B2C759CBC992552C29E0.d.98D56C56A30DD7F775B9F82D153E7095.e.8538/click - {}
RESULT: {}
COMMAND: GET /session/b171ef130127fc2a30c2632ea9d3abff/screenshot - {}
RESULT: {}
COMMAND: POST /session/b171ef130127fc2a30c2632ea9d3abff/execute/async - {"script":"<script> [1562 bytes]","args":[{"selector":{"controlType":"sap.m.Link","viewName":"etm.portal.ui.managehandovers.view.DetailExecuteHO","properties":{"text":"Warehouse Overview"},"searchOpenDialogs":true},"wdio_ui5_key":"etmportal.ui.managehandovers.view.DetailExecuteHOsap.m.Link{\"text\":\"Warehouse Overview\"}"}]}
RESULT: {"script":"<script> [1562 bytes]","args":[{"selector":{"controlType":"sap.m.Link","viewName":"etm.portal.ui.managehandovers.view.DetailExecuteHO","properties":{"text":"Warehouse Overview"},"searchOpenDialogs":true},"wdio_ui5_key":"etmportal.ui.managehandovers.view.DetailExecuteHOsap.m.Link{\"text\":\"Warehouse Overview\"}"}]}
RESULT: undefined
COMMAND: POST /session/b171ef130127fc2a30c2632ea9d3abff/element - {"using":"xpath","value":"//*[@id=\"__link108\"]"}
RESULT: {"using":"xpath","value":"//*[@id=\"__link108\"]"}
COMMAND: POST /session/b171ef130127fc2a30c2632ea9d3abff/element/f.727CE9CF6895B2C759CBC992552C29E0.d.98D56C56A30DD7F775B9F82D153E7095.e.8540/click - {}
RESULT: {}
COMMAND: GET /session/b171ef130127fc2a30c2632ea9d3abff/screenshot - {}
RESULT: {}
COMMAND: POST /session/b171ef130127fc2a30c2632ea9d3abff/execute/async - {"script":"<script> [1562 bytes]","args":[{"selector":{"controlType":"sap.m.Button","viewName":"etm.portal.ui.warehousemovements.view.DisplayMovement","viewId":"application-warehousemovements-display-component---displayMovement","i18NText":{"propertyName":"text","key":"execution"},"interaction":{"idSuffix":"BDI-content"}},"wdio_ui5_key":"etmportal.ui.warehousemovements.view.DisplayMovementsap.m.Button{\"propertyName\":\"text\",\"key\":\"execution\"}"}]}
RESULT: {"script":"<script> [1562 bytes]","args":[{"selector":{"controlType":"sap.m.Button","viewName":"etm.portal.ui.warehousemovements.view.DisplayMovement","viewId":"application-warehousemovements-display-component---displayMovement","i18NText":{"propertyName":"text","key":"execution"},"interaction":{"idSuffix":"BDI-content"}},"wdio_ui5_key":"etmportal.ui.warehousemovements.view.DisplayMovementsap.m.Button{\"propertyName\":\"text\",\"key\":\"execution\"}"}]}
RESULT: undefined
COMMAND: POST /session/b171ef130127fc2a30c2632ea9d3abff/element - {"using":"xpath","value":"//*[@id=\"__button401\"]"}
RESULT: {"using":"xpath","value":"//*[@id=\"__button401\"]"}
COMMAND: POST /session/b171ef130127fc2a30c2632ea9d3abff/element/f.727CE9CF6895B2C759CBC992552C29E0.d.98D56C56A30DD7F775B9F82D153E7095.e.8671/click - {}
RESULT: {}
COMMAND: GET /session/b171ef130127fc2a30c2632ea9d3abff/screenshot - {}
RESULT: {}
COMMAND: POST /session/b171ef130127fc2a30c2632ea9d3abff/execute/async - {"script":"<script> [1562 bytes]","args":[{"selector":{"controlType":"sap.m.Button","viewName":"etm.portal.ui.warehousemovements.view.ExecuteMovement","viewId":"application-warehousemovements-display-component---executeMovement","properties":{"text":"Items"},"interaction":{"idSuffix":"BDI-content"}},"wdio_ui5_key":"etmportal.ui.warehousemovements.view.ExecuteMovementsap.m.Button{\"text\":\"Items\"}"}]}
RESULT: {"script":"<script> [1562 bytes]","args":[{"selector":{"controlType":"sap.m.Button","viewName":"etm.portal.ui.warehousemovements.view.ExecuteMovement","viewId":"application-warehousemovements-display-component---executeMovement","properties":{"text":"Items"},"interaction":{"idSuffix":"BDI-content"}},"wdio_ui5_key":"etmportal.ui.warehousemovements.view.ExecuteMovementsap.m.Button{\"text\":\"Items\"}"}]}
RESULT: undefined
COMMAND: POST /session/b171ef130127fc2a30c2632ea9d3abff/element - {"using":"xpath","value":"//*[@id=\"__layout504-anchBar-application-warehousemovements-display-component---executeMovement--itemsSection-anchor\"]"}
RESULT: {"using":"xpath","value":"//*[@id=\"__layout504-anchBar-application-warehousemovements-display-component---executeMovement--itemsSection-anchor\"]"}
COMMAND: POST /session/b171ef130127fc2a30c2632ea9d3abff/element/f.727CE9CF6895B2C759CBC992552C29E0.d.98D56C56A30DD7F775B9F82D153E7095.e.8766/click - {}
RESULT: {}
COMMAND: GET /session/b171ef130127fc2a30c2632ea9d3abff/screenshot - {}
RESULT: {}
COMMAND: POST /session/b171ef130127fc2a30c2632ea9d3abff/execute/async - {"script":"<script> [1562 bytes]","args":[{"selector":{"controlType":"sap.m.ToggleButton","viewName":"etm.portal.ui.warehousemovements.view.ExecuteMovement","viewId":"application-warehousemovements-display-component---executeMovement","bindingPath":{"propertyPath":"STATUS","modelName":"catalogModel"},"interaction":{"idSuffix":"BDI-content"}},"wdio_ui5_key":"etmportal.ui.warehousemovements.view.ExecuteMovementsap.m.ToggleButton{\"propertyPath\":\"STATUS\",\"modelName\":\"catalogModel\"}"}]}
RESULT: {"script":"<script> [1562 bytes]","args":[{"selector":{"controlType":"sap.m.ToggleButton","viewName":"etm.portal.ui.warehousemovements.view.ExecuteMovement","viewId":"application-warehousemovements-display-component---executeMovement","bindingPath":{"propertyPath":"STATUS","modelName":"catalogModel"},"interaction":{"idSuffix":"BDI-content"}},"wdio_ui5_key":"etmportal.ui.warehousemovements.view.ExecuteMovementsap.m.ToggleButton{\"propertyPath\":\"STATUS\",\"modelName\":\"catalogModel\"}"}]}
RESULT: undefined
COMMAND: POST /session/b171ef130127fc2a30c2632ea9d3abff/element - {"using":"xpath","value":"//*[@id=\"__button426-__clone10020\"]"}
RESULT: {"using":"xpath","value":"//*[@id=\"__button426-__clone10020\"]"}
COMMAND: POST /session/b171ef130127fc2a30c2632ea9d3abff/element/f.727CE9CF6895B2C759CBC992552C29E0.d.98D56C56A30DD7F775B9F82D153E7095.e.8744/click - {}
RESULT: {}
RESULT: undefined
COMMAND: POST /session/b171ef130127fc2a30c2632ea9d3abff/element - {"using":"xpath","value":"//*[@id=\"__button426-__clone10020\"]"}
COMMAND: GET /session/b171ef130127fc2a30c2632ea9d3abff/screenshot - {}
RESULT: {"using":"xpath","value":"//*[@id=\"__button426-__clone10020\"]"}
COMMAND: POST /session/b171ef130127fc2a30c2632ea9d3abff/element/f.727CE9CF6895B2C759CBC992552C29E0.d.98D56C56A30DD7F775B9F82D153E7095.e.8744/click - {}
RESULT: {}
RESULT: {}
COMMAND: GET /session/b171ef130127fc2a30c2632ea9d3abff/screenshot - {}
RESULT: {}
COMMAND: POST /session/b171ef130127fc2a30c2632ea9d3abff/element - {"using":"xpath","value":"//section[contains(@id,\"FC-NoHead\")]/div[1]/div[5]/div[2]/span"}
RESULT: {"using":"xpath","value":"//section[contains(@id,\"FC-NoHead\")]/div[1]/div[5]/div[2]/span"}
COMMAND: POST /session/b171ef130127fc2a30c2632ea9d3abff/elements - {"using":"xpath","value":"//section[contains(@id,\"FC-NoHead\")]/div[1]/div[5]/div[2]/span"}
RESULT: {"using":"xpath","value":"//section[contains(@id,\"FC-NoHead\")]/div[1]/div[5]/div[2]/span"}
COMMAND: POST /session/b171ef130127fc2a30c2632ea9d3abff/execute/sync - {"script":"<script> [56 bytes]","args":[{"element-6066-11e4-a52e-4f735466cecf":"f.727CE9CF6895B2C759CBC992552C29E0.d.98D56C56A30DD7F775B9F82D153E7095.e.8773","ELEMENT":"f.727CE9CF6895B2C759CBC992552C29E0.d.98D56C56A30DD7F775B9F82D153E7095.e.8773"}]}
RESULT: {"script":"<script> [56 bytes]","args":[{"element-6066-11e4-a52e-4f735466cecf":"f.727CE9CF6895B2C759CBC992552C29E0.d.98D56C56A30DD7F775B9F82D153E7095.e.8773","ELEMENT":"f.727CE9CF6895B2C759CBC992552C29E0.d.98D56C56A30DD7F775B9F82D153E7095.e.8773"}]}
COMMAND: POST /session/b171ef130127fc2a30c2632ea9d3abff/actions - {"actions":[{"id":"action33","type":"key","parameters":{},"actions":[{"type":"keyDown","value":"î€‡"},{"type":"pause","duration":10},{"type":"keyUp","value":"î€‡"}]}]}
COMMAND: GET /session/b171ef130127fc2a30c2632ea9d3abff/screenshot - {}
RESULT: {"actions":[{"id":"action33","type":"key","parameters":{},"actions":[{"type":"keyDown","value":"î€‡"},{"type":"pause","duration":10},{"type":"keyUp","value":"î€‡"}]}]}
COMMAND: POST /session/b171ef130127fc2a30c2632ea9d3abff/execute/async - {"script":"<script> [1562 bytes]","args":[{"selector":{"id":"application-warehousemovements-display-component---executeMovement--executeId","interaction":{"idSuffix":"BDI-content"}},"wdio_ui5_key":"applicationwarehousemovements-display-component---executeMovement--executeId"}]}
COMMAND: GET /session/b171ef130127fc2a30c2632ea9d3abff/screenshot - {}
RESULT: {}
RESULT: {"script":"<script> [1562 bytes]","args":[{"selector":{"id":"application-warehousemovements-display-component---executeMovement--executeId","interaction":{"idSuffix":"BDI-content"}},"wdio_ui5_key":"applicationwarehousemovements-display-component---executeMovement--executeId"}]}
RESULT: undefined
COMMAND: POST /session/b171ef130127fc2a30c2632ea9d3abff/element - {"using":"xpath","value":"//*[@id=\"application-warehousemovements-display-component---executeMovement--executeId\"]"}
RESULT: {}
RESULT: {"using":"xpath","value":"//*[@id=\"application-warehousemovements-display-component---executeMovement--executeId\"]"}
COMMAND: POST /session/b171ef130127fc2a30c2632ea9d3abff/element/f.727CE9CF6895B2C759CBC992552C29E0.d.98D56C56A30DD7F775B9F82D153E7095.e.8738/click - {}
RESULT: {}
COMMAND: GET /session/b171ef130127fc2a30c2632ea9d3abff/screenshot - {}
RESULT: {}
COMMAND: POST /session/b171ef130127fc2a30c2632ea9d3abff/element - {"using":"css selector","value":"#shell-header-logo"}
RESULT: {"using":"css selector","value":"#shell-header-logo"}
COMMAND: POST /session/b171ef130127fc2a30c2632ea9d3abff/element/f.727CE9CF6895B2C759CBC992552C29E0.d.98D56C56A30DD7F775B9F82D153E7095.e.7595/click - {}
RESULT: {}
COMMAND: GET /session/b171ef130127fc2a30c2632ea9d3abff/screenshot - {}
RESULT: {}
COMMAND: POST /session/b171ef130127fc2a30c2632ea9d3abff/execute/async - {"script":"<script> [1562 bytes]","args":[{"selector":{"controlType":"sap.m.GenericTile","properties":{"header":"Manage Handovers"}},"wdio_ui5_key":"sapm.GenericTile{\"header\":\"Manage Handovers\"}"}]}
RESULT: {"script":"<script> [1562 bytes]","args":[{"selector":{"controlType":"sap.m.GenericTile","properties":{"header":"Manage Handovers"}},"wdio_ui5_key":"sapm.GenericTile{\"header\":\"Manage Handovers\"}"}]}
RESULT: undefined
COMMAND: POST /session/b171ef130127fc2a30c2632ea9d3abff/element - {"using":"xpath","value":"//*[@id=\"__tile130\"]"}
RESULT: {"using":"xpath","value":"//*[@id=\"__tile130\"]"}
COMMAND: POST /session/b171ef130127fc2a30c2632ea9d3abff/element/f.727CE9CF6895B2C759CBC992552C29E0.d.98D56C56A30DD7F775B9F82D153E7095.e.3573/click - {}
RESULT: {}
COMMAND: GET /session/b171ef130127fc2a30c2632ea9d3abff/screenshot - {}
RESULT: {}
COMMAND: POST /session/b171ef130127fc2a30c2632ea9d3abff/execute/async - {"script":"<script> [1562 bytes]","args":[{"selector":{"controlType":"sap.m.SearchField","viewName":"etm.portal.ui.managehandovers.view.MasterHO","bindingPath":{"propertyPath":"/_BASIC_SEARCH_FIELD","modelName":"fi1t3rM0d31"},"interaction":{"idSuffix":"I"}},"wdio_ui5_key":"etmportal.ui.managehandovers.view.MasterHOsap.m.SearchField{\"propertyPath\":\"/_BASIC_SEARCH_FIELD\",\"modelName\":\"fi1t3rM0d31\"}"}]}
RESULT: {"script":"<script> [1562 bytes]","args":[{"selector":{"controlType":"sap.m.SearchField","viewName":"etm.portal.ui.managehandovers.view.MasterHO","bindingPath":{"propertyPath":"/_BASIC_SEARCH_FIELD","modelName":"fi1t3rM0d31"},"interaction":{"idSuffix":"I"}},"wdio_ui5_key":"etmportal.ui.managehandovers.view.MasterHOsap.m.SearchField{\"propertyPath\":\"/_BASIC_SEARCH_FIELD\",\"modelName\":\"fi1t3rM0d31\"}"}]}
RESULT: undefined
COMMAND: POST /session/b171ef130127fc2a30c2632ea9d3abff/execute/async - {"script":"<script> [776 bytes]","args":[{"enterText":"30889","selector":{"controlType":"sap.m.SearchField","viewName":"etm.portal.ui.managehandovers.view.MasterHO","bindingPath":{"propertyPath":"/_BASIC_SEARCH_FIELD","modelName":"fi1t3rM0d31"},"interaction":{"idSuffix":"I"}},"clearTextFirst":true,"interactionType":"ENTER_TEXT"}]}
RESULT: {"script":"<script> [776 bytes]","args":[{"enterText":"30889","selector":{"controlType":"sap.m.SearchField","viewName":"etm.portal.ui.managehandovers.view.MasterHO","bindingPath":{"propertyPath":"/_BASIC_SEARCH_FIELD","modelName":"fi1t3rM0d31"},"interaction":{"idSuffix":"I"}},"clearTextFirst":true,"interactionType":"ENTER_TEXT"}]}
COMMAND: POST /session/b171ef130127fc2a30c2632ea9d3abff/actions - {"actions":[{"id":"action34","type":"key","parameters":{},"actions":[{"type":"keyDown","value":"î€‡"},{"type":"pause","duration":10},{"type":"keyUp","value":"î€‡"}]}]}
RESULT: {"actions":[{"id":"action34","type":"key","parameters":{},"actions":[{"type":"keyDown","value":"î€‡"},{"type":"pause","duration":10},{"type":"keyUp","value":"î€‡"}]}]}
COMMAND: GET /session/b171ef130127fc2a30c2632ea9d3abff/screenshot - {}
RESULT: {}
COMMAND: POST /session/b171ef130127fc2a30c2632ea9d3abff/execute/async - {"script":"<script> [1562 bytes]","args":[{"selector":{"controlType":"sap.ui.core.Icon","viewName":"etm.portal.ui.managehandovers.view.MasterHO","properties":{"src":{"regex":{"source":"slim\\-arrow\\-right"}}}},"wdio_ui5_key":"etmportal.ui.managehandovers.view.MasterHOsap.ui.core.Icon{\"src\":{\"regex\":{\"source\":\"slim\\\\-arrow\\\\-right\"}}}"}]}
RESULT: {"script":"<script> [1562 bytes]","args":[{"selector":{"controlType":"sap.ui.core.Icon","viewName":"etm.portal.ui.managehandovers.view.MasterHO","properties":{"src":{"regex":{"source":"slim\\-arrow\\-right"}}}},"wdio_ui5_key":"etmportal.ui.managehandovers.view.MasterHOsap.ui.core.Icon{\"src\":{\"regex\":{\"source\":\"slim\\\\-arrow\\\\-right\"}}}"}]}
RESULT: undefined
COMMAND: POST /session/b171ef130127fc2a30c2632ea9d3abff/element - {"using":"xpath","value":"//*[@id=\"__item4136-__clone10098-imgNav\"]"}
RESULT: {"using":"xpath","value":"//*[@id=\"__item4136-__clone10098-imgNav\"]"}
COMMAND: POST /session/b171ef130127fc2a30c2632ea9d3abff/element/f.727CE9CF6895B2C759CBC992552C29E0.d.98D56C56A30DD7F775B9F82D153E7095.e.9100/click - {}
RESULT: {}
COMMAND: GET /session/b171ef130127fc2a30c2632ea9d3abff/screenshot - {}
RESULT: {}
COMMAND: POST /session/b171ef130127fc2a30c2632ea9d3abff/execute/async - {"script":"<script> [1562 bytes]","args":[{"selector":{"controlType":"sap.m.Button","viewName":"etm.portal.ui.managehandovers.view.DetailExecuteHO","i18NText":{"propertyName":"text","key":"confirmAll"},"interaction":{"idSuffix":"BDI-content"}},"wdio_ui5_key":"etmportal.ui.managehandovers.view.DetailExecuteHOsap.m.Button{\"propertyName\":\"text\",\"key\":\"confirmAll\"}"}]}
RESULT: {"script":"<script> [1562 bytes]","args":[{"selector":{"controlType":"sap.m.Button","viewName":"etm.portal.ui.managehandovers.view.DetailExecuteHO","i18NText":{"propertyName":"text","key":"confirmAll"},"interaction":{"idSuffix":"BDI-content"}},"wdio_ui5_key":"etmportal.ui.managehandovers.view.DetailExecuteHOsap.m.Button{\"propertyName\":\"text\",\"key\":\"confirmAll\"}"}]}
RESULT: undefined
COMMAND: POST /session/b171ef130127fc2a30c2632ea9d3abff/element - {"using":"xpath","value":"//*[@id=\"__button467\"]"}
RESULT: {"using":"xpath","value":"//*[@id=\"__button467\"]"}
COMMAND: POST /session/b171ef130127fc2a30c2632ea9d3abff/element/f.727CE9CF6895B2C759CBC992552C29E0.d.98D56C56A30DD7F775B9F82D153E7095.e.9188/click - {}
RESULT: {}
COMMAND: GET /session/b171ef130127fc2a30c2632ea9d3abff/screenshot - {}
RESULT: {}
COMMAND: POST /session/b171ef130127fc2a30c2632ea9d3abff/actions - {"actions":[{"id":"action35","type":"key","parameters":{},"actions":[{"type":"keyDown","value":"î€‡"},{"type":"pause","duration":10},{"type":"keyUp","value":"î€‡"}]}]}
RESULT: {"actions":[{"id":"action35","type":"key","parameters":{},"actions":[{"type":"keyDown","value":"î€‡"},{"type":"pause","duration":10},{"type":"keyUp","value":"î€‡"}]}]}
COMMAND: GET /session/b171ef130127fc2a30c2632ea9d3abff/screenshot - {}
RESULT: {}
COMMAND: POST /session/b171ef130127fc2a30c2632ea9d3abff/element - {"using":"xpath","value":"//button[@data-kt=\"execHoIssueButton\"]"}
RESULT: {"using":"xpath","value":"//button[@data-kt=\"execHoIssueButton\"]"}
COMMAND: POST /session/b171ef130127fc2a30c2632ea9d3abff/element/f.727CE9CF6895B2C759CBC992552C29E0.d.98D56C56A30DD7F775B9F82D153E7095.e.9197/click - {}
RESULT: {}
COMMAND: GET /session/b171ef130127fc2a30c2632ea9d3abff/screenshot - {}
RESULT: {}
RESULT: undefined
COMMAND: POST /session/b171ef130127fc2a30c2632ea9d3abff/execute/async - {"script":"<script> [776 bytes]","args":[{"enterText":"30889","selector":{"controlType":"sap.m.SearchField","viewName":"etm.portal.ui.managehandovers.view.MasterHO","bindingPath":{"propertyPath":"/_BASIC_SEARCH_FIELD","modelName":"fi1t3rM0d31"},"interaction":{"idSuffix":"I"}},"clearTextFirst":true,"interactionType":"ENTER_TEXT"}]}
RESULT: {"script":"<script> [776 bytes]","args":[{"enterText":"30889","selector":{"controlType":"sap.m.SearchField","viewName":"etm.portal.ui.managehandovers.view.MasterHO","bindingPath":{"propertyPath":"/_BASIC_SEARCH_FIELD","modelName":"fi1t3rM0d31"},"interaction":{"idSuffix":"I"}},"clearTextFirst":true,"interactionType":"ENTER_TEXT"}]}
COMMAND: POST /session/b171ef130127fc2a30c2632ea9d3abff/actions - {"actions":[{"id":"action36","type":"key","parameters":{},"actions":[{"type":"keyDown","value":"î€‡"},{"type":"pause","duration":10},{"type":"keyUp","value":"î€‡"}]}]}
RESULT: {"actions":[{"id":"action36","type":"key","parameters":{},"actions":[{"type":"keyDown","value":"î€‡"},{"type":"pause","duration":10},{"type":"keyUp","value":"î€‡"}]}]}
COMMAND: GET /session/b171ef130127fc2a30c2632ea9d3abff/screenshot - {}
RESULT: {}
COMMAND: POST /session/b171ef130127fc2a30c2632ea9d3abff/element - {"using":"xpath","value":"//span[(text() = '30889' or . = '30889')]"}
RESULT: {"using":"xpath","value":"//span[(text() = '30889' or . = '30889')]"}
COMMAND: POST /session/b171ef130127fc2a30c2632ea9d3abff/element/f.727CE9CF6895B2C759CBC992552C29E0.d.98D56C56A30DD7F775B9F82D153E7095.e.9241/click - {}
RESULT: {}
COMMAND: GET /session/b171ef130127fc2a30c2632ea9d3abff/screenshot - {}
RESULT: {}
COMMAND: POST /session/b171ef130127fc2a30c2632ea9d3abff/element - {"using":"xpath","value":"//span[contains(text(), \"Instructions\")]"}
RESULT: {"using":"xpath","value":"//span[contains(text(), \"Instructions\")]"}
COMMAND: POST /session/b171ef130127fc2a30c2632ea9d3abff/element/f.727CE9CF6895B2C759CBC992552C29E0.d.98D56C56A30DD7F775B9F82D153E7095.e.9280/click - {}
RESULT: {}
COMMAND: GET /session/b171ef130127fc2a30c2632ea9d3abff/screenshot - {}
RESULT: {}
COMMAND: POST /session/b171ef130127fc2a30c2632ea9d3abff/element - {"using":"xpath","value":"//span[contains(text(), \"Instructions\")]"}
RESULT: {"using":"xpath","value":"//span[contains(text(), \"Instructions\")]"}
COMMAND: POST /session/b171ef130127fc2a30c2632ea9d3abff/element/f.727CE9CF6895B2C759CBC992552C29E0.d.98D56C56A30DD7F775B9F82D153E7095.e.9280/click - {}
RESULT: {}
COMMAND: GET /session/b171ef130127fc2a30c2632ea9d3abff/screenshot - {}
RESULT: {}
COMMAND: POST /session/b171ef130127fc2a30c2632ea9d3abff/execute/async - {"script":"<script> [1562 bytes]","args":[{"selector":{"controlType":"sap.m.ComboBox","viewName":"etm.portal.ui.managehandovers.view.DetailExecuteHO","bindingPath":{"propertyPath":"RECEIVING_SECTION","modelName":"catalogModel"},"interaction":{"idSuffix":"inner"}},"wdio_ui5_key":"etmportal.ui.managehandovers.view.DetailExecuteHOsap.m.ComboBox{\"propertyPath\":\"RECEIVING_SECTION\",\"modelName\":\"catalogModel\"}"}]}
RESULT: {"script":"<script> [1562 bytes]","args":[{"selector":{"controlType":"sap.m.ComboBox","viewName":"etm.portal.ui.managehandovers.view.DetailExecuteHO","bindingPath":{"propertyPath":"RECEIVING_SECTION","modelName":"catalogModel"},"interaction":{"idSuffix":"inner"}},"wdio_ui5_key":"etmportal.ui.managehandovers.view.DetailExecuteHOsap.m.ComboBox{\"propertyPath\":\"RECEIVING_SECTION\",\"modelName\":\"catalogModel\"}"}]}
RESULT: undefined
COMMAND: POST /session/b171ef130127fc2a30c2632ea9d3abff/execute/async - {"script":"<script> [776 bytes]","args":[{"enterText":"WDIO-2469","selector":{"controlType":"sap.m.ComboBox","viewName":"etm.portal.ui.managehandovers.view.DetailExecuteHO","bindingPath":{"propertyPath":"RECEIVING_SECTION","modelName":"catalogModel"},"interaction":{"idSuffix":"inner"}},"clearTextFirst":true,"interactionType":"ENTER_TEXT"}]}
RESULT: {"script":"<script> [776 bytes]","args":[{"enterText":"WDIO-2469","selector":{"controlType":"sap.m.ComboBox","viewName":"etm.portal.ui.managehandovers.view.DetailExecuteHO","bindingPath":{"propertyPath":"RECEIVING_SECTION","modelName":"catalogModel"},"interaction":{"idSuffix":"inner"}},"clearTextFirst":true,"interactionType":"ENTER_TEXT"}]}
COMMAND: POST /session/b171ef130127fc2a30c2632ea9d3abff/actions - {"actions":[{"id":"action37","type":"key","parameters":{},"actions":[{"type":"keyDown","value":"î€‡"},{"type":"pause","duration":10},{"type":"keyUp","value":"î€‡"}]}]}
RESULT: {"actions":[{"id":"action37","type":"key","parameters":{},"actions":[{"type":"keyDown","value":"î€‡"},{"type":"pause","duration":10},{"type":"keyUp","value":"î€‡"}]}]}
COMMAND: GET /session/b171ef130127fc2a30c2632ea9d3abff/screenshot - {}
RESULT: {}
COMMAND: POST /session/b171ef130127fc2a30c2632ea9d3abff/element - {"using":"xpath","value":"//button[@data-kt= \"execHoReceiveButton\"]"}
RESULT: {"using":"xpath","value":"//button[@data-kt= \"execHoReceiveButton\"]"}
COMMAND: POST /session/b171ef130127fc2a30c2632ea9d3abff/element/f.727CE9CF6895B2C759CBC992552C29E0.d.98D56C56A30DD7F775B9F82D153E7095.e.9286/click - {}
RESULT: {}
COMMAND: GET /session/b171ef130127fc2a30c2632ea9d3abff/screenshot - {}
RESULT: {}
COMMAND: POST /session/b171ef130127fc2a30c2632ea9d3abff/execute/async - {"script":"<script> [1562 bytes]","args":[{"selector":{"controlType":"sap.m.Button","properties":{"text":"Continue"},"searchOpenDialogs":true,"interaction":{"idSuffix":"content"}},"wdio_ui5_key":"sapm.Button{\"text\":\"Continue\"}"}]}
RESULT: {"script":"<script> [1562 bytes]","args":[{"selector":{"controlType":"sap.m.Button","properties":{"text":"Continue"},"searchOpenDialogs":true,"interaction":{"idSuffix":"content"}},"wdio_ui5_key":"sapm.Button{\"text\":\"Continue\"}"}]}
RESULT: undefined
COMMAND: POST /session/b171ef130127fc2a30c2632ea9d3abff/element - {"using":"xpath","value":"//*[@id=\"__mbox-btn-6\"]"}
RESULT: {"using":"xpath","value":"//*[@id=\"__mbox-btn-6\"]"}
COMMAND: POST /session/b171ef130127fc2a30c2632ea9d3abff/element/f.727CE9CF6895B2C759CBC992552C29E0.d.98D56C56A30DD7F775B9F82D153E7095.e.9287/click - {}
RESULT: {}
COMMAND: GET /session/b171ef130127fc2a30c2632ea9d3abff/screenshot - {}
RESULT: {}
COMMAND: POST /session/b171ef130127fc2a30c2632ea9d3abff/element - {"using":"css selector","value":"#shell-header-logo"}
RESULT: {"using":"css selector","value":"#shell-header-logo"}
COMMAND: POST /session/b171ef130127fc2a30c2632ea9d3abff/element/f.727CE9CF6895B2C759CBC992552C29E0.d.98D56C56A30DD7F775B9F82D153E7095.e.8825/click - {}
RESULT: {}
COMMAND: GET /session/b171ef130127fc2a30c2632ea9d3abff/screenshot - {}
RESULT: {}
]]></system-out>
    </testcase>
    <testcase classname="chrome.135_0_7049_115.windows.Provide_to_Site_w/_warehouse_management_w_clarification" name="Should test for Clarification" time="48.832">
      <system-out><![CDATA[
RESULT: undefined
COMMAND: POST /session/b171ef130127fc2a30c2632ea9d3abff/element - {"using":"xpath","value":"//*[@id=\"__tile130\"]"}
RESULT: {"using":"xpath","value":"//*[@id=\"__tile130\"]"}
COMMAND: POST /session/b171ef130127fc2a30c2632ea9d3abff/element/f.727CE9CF6895B2C759CBC992552C29E0.d.98D56C56A30DD7F775B9F82D153E7095.e.3573/click - {}
RESULT: {}
COMMAND: GET /session/b171ef130127fc2a30c2632ea9d3abff/screenshot - {}
RESULT: {}
RESULT: undefined
COMMAND: POST /session/b171ef130127fc2a30c2632ea9d3abff/execute/async - {"script":"<script> [776 bytes]","args":[{"enterText":"30889","selector":{"controlType":"sap.m.SearchField","viewName":"etm.portal.ui.managehandovers.view.MasterHO","bindingPath":{"propertyPath":"/_BASIC_SEARCH_FIELD","modelName":"fi1t3rM0d31"},"interaction":{"idSuffix":"I"}},"clearTextFirst":true,"interactionType":"ENTER_TEXT"}]}
RESULT: {"script":"<script> [776 bytes]","args":[{"enterText":"30889","selector":{"controlType":"sap.m.SearchField","viewName":"etm.portal.ui.managehandovers.view.MasterHO","bindingPath":{"propertyPath":"/_BASIC_SEARCH_FIELD","modelName":"fi1t3rM0d31"},"interaction":{"idSuffix":"I"}},"clearTextFirst":true,"interactionType":"ENTER_TEXT"}]}
COMMAND: POST /session/b171ef130127fc2a30c2632ea9d3abff/actions - {"actions":[{"id":"action38","type":"key","parameters":{},"actions":[{"type":"keyDown","value":"î€‡"},{"type":"pause","duration":10},{"type":"keyUp","value":"î€‡"}]}]}
RESULT: {"actions":[{"id":"action38","type":"key","parameters":{},"actions":[{"type":"keyDown","value":"î€‡"},{"type":"pause","duration":10},{"type":"keyUp","value":"î€‡"}]}]}
COMMAND: GET /session/b171ef130127fc2a30c2632ea9d3abff/screenshot - {}
RESULT: {}
COMMAND: POST /session/b171ef130127fc2a30c2632ea9d3abff/element - {"using":"xpath","value":"//span[(text() = '30889' or . = '30889')]"}
RESULT: {"using":"xpath","value":"//span[(text() = '30889' or . = '30889')]"}
COMMAND: POST /session/b171ef130127fc2a30c2632ea9d3abff/element/f.727CE9CF6895B2C759CBC992552C29E0.d.98D56C56A30DD7F775B9F82D153E7095.e.9454/click - {}
RESULT: {}
COMMAND: GET /session/b171ef130127fc2a30c2632ea9d3abff/screenshot - {}
RESULT: {}
COMMAND: POST /session/b171ef130127fc2a30c2632ea9d3abff/element - {"using":"xpath","value":"//span[contains(text(), \"Instructions\")]"}
RESULT: {"using":"xpath","value":"//span[contains(text(), \"Instructions\")]"}
COMMAND: POST /session/b171ef130127fc2a30c2632ea9d3abff/element/f.727CE9CF6895B2C759CBC992552C29E0.d.98D56C56A30DD7F775B9F82D153E7095.e.9551/click - {}
RESULT: {}
COMMAND: GET /session/b171ef130127fc2a30c2632ea9d3abff/screenshot - {}
RESULT: {}
COMMAND: POST /session/b171ef130127fc2a30c2632ea9d3abff/element - {"using":"xpath","value":"//span[contains(text(), \"Instructions\")]"}
RESULT: {"using":"xpath","value":"//span[contains(text(), \"Instructions\")]"}
COMMAND: POST /session/b171ef130127fc2a30c2632ea9d3abff/element/f.727CE9CF6895B2C759CBC992552C29E0.d.98D56C56A30DD7F775B9F82D153E7095.e.9551/click - {}
RESULT: {}
COMMAND: GET /session/b171ef130127fc2a30c2632ea9d3abff/screenshot - {}
RESULT: {}
COMMAND: POST /session/b171ef130127fc2a30c2632ea9d3abff/element - {"using":"xpath","value":"//button[.//bdi[text() = \"Refuse\"]]"}
RESULT: {"using":"xpath","value":"//button[.//bdi[text() = \"Refuse\"]]"}
COMMAND: POST /session/b171ef130127fc2a30c2632ea9d3abff/element/f.727CE9CF6895B2C759CBC992552C29E0.d.98D56C56A30DD7F775B9F82D153E7095.e.9557/click - {}
RESULT: {}
COMMAND: GET /session/b171ef130127fc2a30c2632ea9d3abff/screenshot - {}
RESULT: {}
COMMAND: POST /session/b171ef130127fc2a30c2632ea9d3abff/element - {"using":"xpath","value":"//button[@data-kt= \"execHoReceiveRefuseButton\"]"}
RESULT: {"using":"xpath","value":"//button[@data-kt= \"execHoReceiveRefuseButton\"]"}
COMMAND: POST /session/b171ef130127fc2a30c2632ea9d3abff/element/f.727CE9CF6895B2C759CBC992552C29E0.d.98D56C56A30DD7F775B9F82D153E7095.e.9559/click - {}
RESULT: {}
COMMAND: GET /session/b171ef130127fc2a30c2632ea9d3abff/screenshot - {}
RESULT: {}
COMMAND: POST /session/b171ef130127fc2a30c2632ea9d3abff/element - {"using":"css selector","value":"#shell-header-logo"}
RESULT: {"using":"css selector","value":"#shell-header-logo"}
COMMAND: POST /session/b171ef130127fc2a30c2632ea9d3abff/element/f.727CE9CF6895B2C759CBC992552C29E0.d.98D56C56A30DD7F775B9F82D153E7095.e.9332/click - {}
RESULT: {}
COMMAND: GET /session/b171ef130127fc2a30c2632ea9d3abff/screenshot - {}
RESULT: {}
COMMAND: POST /session/b171ef130127fc2a30c2632ea9d3abff/element - {"using":"css selector","value":"#j_username"}
COMMAND: POST /session/b171ef130127fc2a30c2632ea9d3abff/url - {"url":"https://qa-testing-00-live-etm-ui.cfapps.eu10-004.hana.ondemand.com/"}
RESULT: {"using":"css selector","value":"#j_username"}
COMMAND: POST /session/b171ef130127fc2a30c2632ea9d3abff/element - {"using":"css selector","value":"#j_username"}
RESULT: {"url":"https://qa-testing-00-live-etm-ui.cfapps.eu10-004.hana.ondemand.com/"}
RESULT: undefined
COMMAND: GET /session/b171ef130127fc2a30c2632ea9d3abff/screenshot - {}
RESULT: {"using":"css selector","value":"#j_username"}
COMMAND: POST /session/b171ef130127fc2a30c2632ea9d3abff/element - {"using":"css selector","value":"#shell-header-logo"}
RESULT: {}
RESULT: {"using":"css selector","value":"#shell-header-logo"}
COMMAND: POST /session/b171ef130127fc2a30c2632ea9d3abff/execute/sync - {"script":"<script> [8489 bytes]","args":[{"element-6066-11e4-a52e-4f735466cecf":"f.727CE9CF6895B2C759CBC992552C29E0.d.D70109925194E632379976BA1C854280.e.9631","ELEMENT":"f.727CE9CF6895B2C759CBC992552C29E0.d.D70109925194E632379976BA1C854280.e.9631"}]}
RESULT: {"script":"<script> [8489 bytes]","args":[{"element-6066-11e4-a52e-4f735466cecf":"f.727CE9CF6895B2C759CBC992552C29E0.d.D70109925194E632379976BA1C854280.e.9631","ELEMENT":"f.727CE9CF6895B2C759CBC992552C29E0.d.D70109925194E632379976BA1C854280.e.9631"}]}
COMMAND: POST /session/b171ef130127fc2a30c2632ea9d3abff/element - {"using":"css selector","value":"#shell-header-logo"}
COMMAND: GET /session/b171ef130127fc2a30c2632ea9d3abff/screenshot - {}
RESULT: {"using":"css selector","value":"#shell-header-logo"}
COMMAND: POST /session/b171ef130127fc2a30c2632ea9d3abff/execute/sync - {"script":"<script> [8489 bytes]","args":[{"element-6066-11e4-a52e-4f735466cecf":"f.727CE9CF6895B2C759CBC992552C29E0.d.D70109925194E632379976BA1C854280.e.9631","ELEMENT":"f.727CE9CF6895B2C759CBC992552C29E0.d.D70109925194E632379976BA1C854280.e.9631"}]}
RESULT: {}
RESULT: {"script":"<script> [8489 bytes]","args":[{"element-6066-11e4-a52e-4f735466cecf":"f.727CE9CF6895B2C759CBC992552C29E0.d.D70109925194E632379976BA1C854280.e.9631","ELEMENT":"f.727CE9CF6895B2C759CBC992552C29E0.d.D70109925194E632379976BA1C854280.e.9631"}]}
COMMAND: POST /session/b171ef130127fc2a30c2632ea9d3abff/execute/sync - {"script":"<script> [5351 bytes]","args":[{"element-6066-11e4-a52e-4f735466cecf":"f.727CE9CF6895B2C759CBC992552C29E0.d.D70109925194E632379976BA1C854280.e.9631","ELEMENT":"f.727CE9CF6895B2C759CBC992552C29E0.d.D70109925194E632379976BA1C854280.e.9631"}]}
COMMAND: GET /session/b171ef130127fc2a30c2632ea9d3abff/screenshot - {}
RESULT: {"script":"<script> [5351 bytes]","args":[{"element-6066-11e4-a52e-4f735466cecf":"f.727CE9CF6895B2C759CBC992552C29E0.d.D70109925194E632379976BA1C854280.e.9631","ELEMENT":"f.727CE9CF6895B2C759CBC992552C29E0.d.D70109925194E632379976BA1C854280.e.9631"}]}
COMMAND: POST /session/b171ef130127fc2a30c2632ea9d3abff/element - {"using":"css selector","value":"#shell-header-logo"}
COMMAND: GET /session/b171ef130127fc2a30c2632ea9d3abff/screenshot - {}
RESULT: {}
RESULT: {"using":"css selector","value":"#shell-header-logo"}
COMMAND: POST /session/b171ef130127fc2a30c2632ea9d3abff/element/f.727CE9CF6895B2C759CBC992552C29E0.d.D70109925194E632379976BA1C854280.e.9631/click - {}
RESULT: {}
RESULT: {}
COMMAND: GET /session/b171ef130127fc2a30c2632ea9d3abff/screenshot - {}
RESULT: {}
COMMAND: POST /session/b171ef130127fc2a30c2632ea9d3abff/execute/async - {"script":"<script> [189 bytes]","args":[]}
RESULT: {"script":"<script> [189 bytes]","args":[]}
COMMAND: POST /session/b171ef130127fc2a30c2632ea9d3abff/execute/async - {"script":"<script> [123 bytes]","args":[]}
RESULT: {"script":"<script> [123 bytes]","args":[]}
COMMAND: POST /session/b171ef130127fc2a30c2632ea9d3abff/timeouts - {"script":"<number>"}
RESULT: {"script":"<number>"}
COMMAND: GET /session/b171ef130127fc2a30c2632ea9d3abff/timeouts - {}
RESULT: {}
RESULT: undefined
COMMAND: POST /session/b171ef130127fc2a30c2632ea9d3abff/execute/async - {"script":"<script> [2676 bytes]","args":[]}
RESULT: {"script":"<script> [2676 bytes]","args":[]}
COMMAND: POST /session/b171ef130127fc2a30c2632ea9d3abff/execute/async - {"script":"<script> [2342 bytes]","args":[{"protocol":"http","hostname":"0.0.0.0","path":"/","capabilities":{"browserName":"chrome","goog:chromeOptions":{"binary":"C:\\Program Files\\Google\\Chrome\\Application\\chrome.exe","args":["--start-maximized"]}},"logLevel":"warn","connectionRetryTimeout":120000,"connectionRetryCount":3,"logLevels":{},"enableDirectConnect":true,"strictSSL":true,"_":"65 more keys: [\"cacheDir\",\"port\",\"requestedCapabilities\",\"automationProtocol\",\"baseUrl\",\"waitforInterval\",\"waitforTimeout\",\"onReload\",\"beforeCommand\",\"afterCommand\",\"rootDir\",\"specs\",\"suites\",\"exclude\",\"groupLogsByTestSpec\",\"excludeDriverLogs\",\"bail\",\"framework\",\"reporters\",\"services\",\"maxInstances\",\"maxInstancesPerCapability\",\"injectGlobals\",\"filesToWatch\",\"execArgv\",\"runnerEnv\",\"runner\",\"shard\",\"specFileRetries\",\"specFileRetriesDelay\",\"specFileRetriesDeferred\",\"reporterSyncInterval\",\"reporterSyncTimeout\",\"cucumberFeaturesWithLineNumbers\",\"autoCompileOpts\",\"mochaOpts\",\"jasmineOpts\",\"cucumberOpts\",\"onPrepare\",\"onWorkerStart\",\"onWorkerEnd\",\"before\",\"beforeSession\",\"beforeSuite\",\"beforeHook\",\"beforeTest\",\"afterTest\",\"afterHook\",\"afterSuite\",\"afterSession\",\"after\",\"onComplete\",\"beforeAssertion\",\"afterAssertion\",\"beforeFeature\",\"beforeScenario\",\"beforeStep\",\"afterStep\",\"afterScenario\",\"afterFeature\",\"_\",\"suite\",\"$0\",\"ignoredWorkerServices\",\"wdi5\"]"}]}
RESULT: {"script":"<script> [2342 bytes]","args":[{"protocol":"http","hostname":"0.0.0.0","path":"/","capabilities":{"browserName":"chrome","goog:chromeOptions":{"binary":"C:\\Program Files\\Google\\Chrome\\Application\\chrome.exe","args":["--start-maximized"]}},"logLevel":"warn","connectionRetryTimeout":120000,"connectionRetryCount":3,"logLevels":{},"enableDirectConnect":true,"strictSSL":true,"_":"65 more keys: [\"cacheDir\",\"port\",\"requestedCapabilities\",\"automationProtocol\",\"baseUrl\",\"waitforInterval\",\"waitforTimeout\",\"onReload\",\"beforeCommand\",\"afterCommand\",\"rootDir\",\"specs\",\"suites\",\"exclude\",\"groupLogsByTestSpec\",\"excludeDriverLogs\",\"bail\",\"framework\",\"reporters\",\"services\",\"maxInstances\",\"maxInstancesPerCapability\",\"injectGlobals\",\"filesToWatch\",\"execArgv\",\"runnerEnv\",\"runner\",\"shard\",\"specFileRetries\",\"specFileRetriesDelay\",\"specFileRetriesDeferred\",\"reporterSyncInterval\",\"reporterSyncTimeout\",\"cucumberFeaturesWithLineNumbers\",\"autoCompileOpts\",\"mochaOpts\",\"jasmineOpts\",\"cucumberOpts\",\"onPrepare\",\"onWorkerStart\",\"onWorkerEnd\",\"before\",\"beforeSession\",\"beforeSuite\",\"beforeHook\",\"beforeTest\",\"afterTest\",\"afterHook\",\"afterSuite\",\"afterSession\",\"after\",\"onComplete\",\"beforeAssertion\",\"afterAssertion\",\"beforeFeature\",\"beforeScenario\",\"beforeStep\",\"afterStep\",\"afterScenario\",\"afterFeature\",\"_\",\"suite\",\"$0\",\"ignoredWorkerServices\",\"wdi5\"]"}]}
COMMAND: POST /session/b171ef130127fc2a30c2632ea9d3abff/execute/async - {"script":"<script> [21126 bytes]","args":[35000]}
RESULT: {"script":"<script> [21126 bytes]","args":[35000]}
COMMAND: POST /session/b171ef130127fc2a30c2632ea9d3abff/window/maximize - {}
RESULT: {}
COMMAND: POST /session/b171ef130127fc2a30c2632ea9d3abff/execute/async - {"script":"<script> [1562 bytes]","args":[{"selector":{"id":"shell-header","interaction":{"idSuffix":"icon"}},"wdio_ui5_key":"shellheader"}]}
COMMAND: GET /session/b171ef130127fc2a30c2632ea9d3abff/screenshot - {}
RESULT: {"script":"<script> [1562 bytes]","args":[{"selector":{"id":"shell-header","interaction":{"idSuffix":"icon"}},"wdio_ui5_key":"shellheader"}]}
RESULT: undefined
COMMAND: POST /session/b171ef130127fc2a30c2632ea9d3abff/refresh - {}
RESULT: {}
RESULT: {}
COMMAND: GET /session/b171ef130127fc2a30c2632ea9d3abff/screenshot - {}
RESULT: {}
COMMAND: POST /session/b171ef130127fc2a30c2632ea9d3abff/refresh - {}
RESULT: {}
COMMAND: GET /session/b171ef130127fc2a30c2632ea9d3abff/screenshot - {}
RESULT: {}
COMMAND: POST /session/b171ef130127fc2a30c2632ea9d3abff/window/fullscreen - {}
RESULT: {}
COMMAND: POST /session/b171ef130127fc2a30c2632ea9d3abff/execute/async - {"script":"<script> [189 bytes]","args":[]}
RESULT: {"script":"<script> [189 bytes]","args":[]}
COMMAND: POST /session/b171ef130127fc2a30c2632ea9d3abff/execute/async - {"script":"<script> [123 bytes]","args":[]}
RESULT: {"script":"<script> [123 bytes]","args":[]}
COMMAND: POST /session/b171ef130127fc2a30c2632ea9d3abff/timeouts - {"script":"<number>"}
RESULT: {"script":"<number>"}
COMMAND: GET /session/b171ef130127fc2a30c2632ea9d3abff/timeouts - {}
RESULT: {}
RESULT: undefined
COMMAND: POST /session/b171ef130127fc2a30c2632ea9d3abff/execute/async - {"script":"<script> [2676 bytes]","args":[]}
RESULT: {"script":"<script> [2676 bytes]","args":[]}
COMMAND: POST /session/b171ef130127fc2a30c2632ea9d3abff/execute/async - {"script":"<script> [2342 bytes]","args":[{"protocol":"http","hostname":"0.0.0.0","path":"/","capabilities":{"browserName":"chrome","goog:chromeOptions":{"binary":"C:\\Program Files\\Google\\Chrome\\Application\\chrome.exe","args":["--start-maximized"]}},"logLevel":"warn","connectionRetryTimeout":120000,"connectionRetryCount":3,"logLevels":{},"enableDirectConnect":true,"strictSSL":true,"_":"65 more keys: [\"cacheDir\",\"port\",\"requestedCapabilities\",\"automationProtocol\",\"baseUrl\",\"waitforInterval\",\"waitforTimeout\",\"onReload\",\"beforeCommand\",\"afterCommand\",\"rootDir\",\"specs\",\"suites\",\"exclude\",\"groupLogsByTestSpec\",\"excludeDriverLogs\",\"bail\",\"framework\",\"reporters\",\"services\",\"maxInstances\",\"maxInstancesPerCapability\",\"injectGlobals\",\"filesToWatch\",\"execArgv\",\"runnerEnv\",\"runner\",\"shard\",\"specFileRetries\",\"specFileRetriesDelay\",\"specFileRetriesDeferred\",\"reporterSyncInterval\",\"reporterSyncTimeout\",\"cucumberFeaturesWithLineNumbers\",\"autoCompileOpts\",\"mochaOpts\",\"jasmineOpts\",\"cucumberOpts\",\"onPrepare\",\"onWorkerStart\",\"onWorkerEnd\",\"before\",\"beforeSession\",\"beforeSuite\",\"beforeHook\",\"beforeTest\",\"afterTest\",\"afterHook\",\"afterSuite\",\"afterSession\",\"after\",\"onComplete\",\"beforeAssertion\",\"afterAssertion\",\"beforeFeature\",\"beforeScenario\",\"beforeStep\",\"afterStep\",\"afterScenario\",\"afterFeature\",\"_\",\"suite\",\"$0\",\"ignoredWorkerServices\",\"wdi5\"]"}]}
RESULT: {"script":"<script> [2342 bytes]","args":[{"protocol":"http","hostname":"0.0.0.0","path":"/","capabilities":{"browserName":"chrome","goog:chromeOptions":{"binary":"C:\\Program Files\\Google\\Chrome\\Application\\chrome.exe","args":["--start-maximized"]}},"logLevel":"warn","connectionRetryTimeout":120000,"connectionRetryCount":3,"logLevels":{},"enableDirectConnect":true,"strictSSL":true,"_":"65 more keys: [\"cacheDir\",\"port\",\"requestedCapabilities\",\"automationProtocol\",\"baseUrl\",\"waitforInterval\",\"waitforTimeout\",\"onReload\",\"beforeCommand\",\"afterCommand\",\"rootDir\",\"specs\",\"suites\",\"exclude\",\"groupLogsByTestSpec\",\"excludeDriverLogs\",\"bail\",\"framework\",\"reporters\",\"services\",\"maxInstances\",\"maxInstancesPerCapability\",\"injectGlobals\",\"filesToWatch\",\"execArgv\",\"runnerEnv\",\"runner\",\"shard\",\"specFileRetries\",\"specFileRetriesDelay\",\"specFileRetriesDeferred\",\"reporterSyncInterval\",\"reporterSyncTimeout\",\"cucumberFeaturesWithLineNumbers\",\"autoCompileOpts\",\"mochaOpts\",\"jasmineOpts\",\"cucumberOpts\",\"onPrepare\",\"onWorkerStart\",\"onWorkerEnd\",\"before\",\"beforeSession\",\"beforeSuite\",\"beforeHook\",\"beforeTest\",\"afterTest\",\"afterHook\",\"afterSuite\",\"afterSession\",\"after\",\"onComplete\",\"beforeAssertion\",\"afterAssertion\",\"beforeFeature\",\"beforeScenario\",\"beforeStep\",\"afterStep\",\"afterScenario\",\"afterFeature\",\"_\",\"suite\",\"$0\",\"ignoredWorkerServices\",\"wdi5\"]"}]}
COMMAND: POST /session/b171ef130127fc2a30c2632ea9d3abff/execute/async - {"script":"<script> [21126 bytes]","args":[35000]}
RESULT: {"script":"<script> [21126 bytes]","args":[35000]}
]]></system-out>
    </testcase>
  </testsuite>
  <testsuite timestamp="2025-05-06T16:46:06" time="472.383" tests="6" failures="0" errors="0" skipped="0">
    <properties>
      <property name="specId" value="0" />
      <property name="suiteName" value="Provide to Site w/ warehouse management w/o clarification US113782 " />
      <property name="capabilities" value="chrome.135_0_7049_115.windows" />
      <property name="file" value="file:///D:/a/1/s/test/specs/HTR/provide-to-site-w-warehouse-wo-clarification.spec.js" />
    </properties>
    <testcase classname="chrome.135_0_7049_115.windows.Provide_to_Site_w/_warehouse_management_w/o_clarification_US113782_" name="Should create a WHM yard" time="92.867">
      <system-out><![CDATA[
COMMAND: POST /session/b171ef130127fc2a30c2632ea9d3abff/execute/async - {"script":"<script> [1562 bytes]","args":[{"selector":{"controlType":"sap.m.GenericTile","properties":{"header":"Manage Yards"}},"wdio_ui5_key":"sapm.GenericTile{\"header\":\"Manage Yards\"}"}]}
RESULT: {"script":"<script> [1562 bytes]","args":[{"selector":{"controlType":"sap.m.GenericTile","properties":{"header":"Manage Yards"}},"wdio_ui5_key":"sapm.GenericTile{\"header\":\"Manage Yards\"}"}]}
RESULT: undefined
COMMAND: POST /session/b171ef130127fc2a30c2632ea9d3abff/element - {"using":"xpath","value":"//*[@id=\"__tile41\"]"}
RESULT: {"using":"xpath","value":"//*[@id=\"__tile41\"]"}
COMMAND: POST /session/b171ef130127fc2a30c2632ea9d3abff/element/f.727CE9CF6895B2C759CBC992552C29E0.d.CE687615043E9FD7ECB43944BABD3556.e.9794/click - {}
RESULT: {}
COMMAND: POST /session/b171ef130127fc2a30c2632ea9d3abff/execute/async - {"script":"<script> [1562 bytes]","args":[{"selector":{"controlType":"sap.ui.core.Icon","viewName":"etm.portal.ui.manageyards.view.Master","viewId":"application-manageyards-display-component---masterYard","properties":{"src":{"regex":{"source":"add"}}}},"wdio_ui5_key":"etmportal.ui.manageyards.view.Mastersap.ui.core.Icon{\"src\":{\"regex\":{\"source\":\"add\"}}}"}]}
COMMAND: GET /session/b171ef130127fc2a30c2632ea9d3abff/screenshot - {}
RESULT: {"script":"<script> [1562 bytes]","args":[{"selector":{"controlType":"sap.ui.core.Icon","viewName":"etm.portal.ui.manageyards.view.Master","viewId":"application-manageyards-display-component---masterYard","properties":{"src":{"regex":{"source":"add"}}}},"wdio_ui5_key":"etmportal.ui.manageyards.view.Mastersap.ui.core.Icon{\"src\":{\"regex\":{\"source\":\"add\"}}}"}]}
RESULT: undefined
COMMAND: POST /session/b171ef130127fc2a30c2632ea9d3abff/element - {"using":"xpath","value":"//*[@id=\"__button4-img\"]"}
RESULT: {}
RESULT: {"using":"xpath","value":"//*[@id=\"__button4-img\"]"}
COMMAND: POST /session/b171ef130127fc2a30c2632ea9d3abff/element/f.727CE9CF6895B2C759CBC992552C29E0.d.CE687615043E9FD7ECB43944BABD3556.e.10029/click - {}
RESULT: {}
COMMAND: POST /session/b171ef130127fc2a30c2632ea9d3abff/execute/async - {"script":"<script> [1562 bytes]","args":[{"selector":{"id":"application-manageyards-display-component---NewYard--addressDetailDetailsName1","interaction":{"idSuffix":"inner"}},"wdio_ui5_key":"applicationmanageyards-display-component---NewYard--addressDetailDetailsName1"}]}
COMMAND: GET /session/b171ef130127fc2a30c2632ea9d3abff/screenshot - {}
RESULT: {"script":"<script> [1562 bytes]","args":[{"selector":{"id":"application-manageyards-display-component---NewYard--addressDetailDetailsName1","interaction":{"idSuffix":"inner"}},"wdio_ui5_key":"applicationmanageyards-display-component---NewYard--addressDetailDetailsName1"}]}
RESULT: undefined
COMMAND: POST /session/b171ef130127fc2a30c2632ea9d3abff/execute/async - {"script":"<script> [776 bytes]","args":[{"enterText":"warehouse managed Yard","selector":{"id":"application-manageyards-display-component---NewYard--addressDetailDetailsName1","interaction":{"idSuffix":"inner"}},"clearTextFirst":true,"interactionType":"ENTER_TEXT"}]}
RESULT: {}
RESULT: {"script":"<script> [776 bytes]","args":[{"enterText":"warehouse managed Yard","selector":{"id":"application-manageyards-display-component---NewYard--addressDetailDetailsName1","interaction":{"idSuffix":"inner"}},"clearTextFirst":true,"interactionType":"ENTER_TEXT"}]}
COMMAND: POST /session/b171ef130127fc2a30c2632ea9d3abff/execute/async - {"script":"<script> [1562 bytes]","args":[{"selector":{"id":"application-manageyards-display-component---NewYard--addressDetailDetailsLanguage-arrow"},"wdio_ui5_key":"applicationmanageyards-display-component---NewYard--addressDetailDetailsLanguage-arrow"}]}
RESULT: {"script":"<script> [1562 bytes]","args":[{"selector":{"id":"application-manageyards-display-component---NewYard--addressDetailDetailsLanguage-arrow"},"wdio_ui5_key":"applicationmanageyards-display-component---NewYard--addressDetailDetailsLanguage-arrow"}]}
RESULT: undefined
COMMAND: POST /session/b171ef130127fc2a30c2632ea9d3abff/element - {"using":"xpath","value":"//*[@id=\"application-manageyards-display-component---NewYard--addressDetailDetailsLanguage-arrow\"]"}
RESULT: {"using":"xpath","value":"//*[@id=\"application-manageyards-display-component---NewYard--addressDetailDetailsLanguage-arrow\"]"}
COMMAND: POST /session/b171ef130127fc2a30c2632ea9d3abff/element/f.727CE9CF6895B2C759CBC992552C29E0.d.CE687615043E9FD7ECB43944BABD3556.e.10355/click - {}
RESULT: {}
COMMAND: POST /session/b171ef130127fc2a30c2632ea9d3abff/execute/async - {"script":"<script> [1562 bytes]","args":[{"selector":{"controlType":"sap.m.StandardListItem","viewName":"etm.portal.ui.manageyards.view.New","viewId":"application-manageyards-display-component---NewYard","properties":{"title":"English"},"searchOpenDialogs":true,"interaction":{"idSuffix":"content"}},"wdio_ui5_key":"etmportal.ui.manageyards.view.Newsap.m.StandardListItem{\"title\":\"English\"}"}]}
COMMAND: GET /session/b171ef130127fc2a30c2632ea9d3abff/screenshot - {}
RESULT: {"script":"<script> [1562 bytes]","args":[{"selector":{"controlType":"sap.m.StandardListItem","viewName":"etm.portal.ui.manageyards.view.New","viewId":"application-manageyards-display-component---NewYard","properties":{"title":"English"},"searchOpenDialogs":true,"interaction":{"idSuffix":"content"}},"wdio_ui5_key":"etmportal.ui.manageyards.view.Newsap.m.StandardListItem{\"title\":\"English\"}"}]}
RESULT: undefined
COMMAND: POST /session/b171ef130127fc2a30c2632ea9d3abff/element - {"using":"xpath","value":"//*[@id=\"__item101\"]"}
RESULT: {}
RESULT: {"using":"xpath","value":"//*[@id=\"__item101\"]"}
COMMAND: POST /session/b171ef130127fc2a30c2632ea9d3abff/element/f.727CE9CF6895B2C759CBC992552C29E0.d.CE687615043E9FD7ECB43944BABD3556.e.10357/click - {}
RESULT: {}
COMMAND: POST /session/b171ef130127fc2a30c2632ea9d3abff/execute/async - {"script":"<script> [1562 bytes]","args":[{"selector":{"id":"application-manageyards-display-component---NewYard--addressDetailDetailsCity1","interaction":{"idSuffix":"inner"}},"wdio_ui5_key":"applicationmanageyards-display-component---NewYard--addressDetailDetailsCity1"}]}
COMMAND: GET /session/b171ef130127fc2a30c2632ea9d3abff/screenshot - {}
RESULT: {"script":"<script> [1562 bytes]","args":[{"selector":{"id":"application-manageyards-display-component---NewYard--addressDetailDetailsCity1","interaction":{"idSuffix":"inner"}},"wdio_ui5_key":"applicationmanageyards-display-component---NewYard--addressDetailDetailsCity1"}]}
RESULT: undefined
COMMAND: POST /session/b171ef130127fc2a30c2632ea9d3abff/execute/async - {"script":"<script> [776 bytes]","args":[{"enterText":"Rosario","selector":{"id":"application-manageyards-display-component---NewYard--addressDetailDetailsCity1","interaction":{"idSuffix":"inner"}},"clearTextFirst":true,"interactionType":"ENTER_TEXT"}]}
RESULT: {}
RESULT: {"script":"<script> [776 bytes]","args":[{"enterText":"Rosario","selector":{"id":"application-manageyards-display-component---NewYard--addressDetailDetailsCity1","interaction":{"idSuffix":"inner"}},"clearTextFirst":true,"interactionType":"ENTER_TEXT"}]}
COMMAND: POST /session/b171ef130127fc2a30c2632ea9d3abff/execute/async - {"script":"<script> [1562 bytes]","args":[{"selector":{"id":"application-manageyards-display-component---NewYard--addressDetailDetailsCountry-arrow"},"wdio_ui5_key":"applicationmanageyards-display-component---NewYard--addressDetailDetailsCountry-arrow"}]}
RESULT: {"script":"<script> [1562 bytes]","args":[{"selector":{"id":"application-manageyards-display-component---NewYard--addressDetailDetailsCountry-arrow"},"wdio_ui5_key":"applicationmanageyards-display-component---NewYard--addressDetailDetailsCountry-arrow"}]}
RESULT: undefined
COMMAND: POST /session/b171ef130127fc2a30c2632ea9d3abff/element - {"using":"xpath","value":"//*[@id=\"application-manageyards-display-component---NewYard--addressDetailDetailsCountry-arrow\"]"}
RESULT: {"using":"xpath","value":"//*[@id=\"application-manageyards-display-component---NewYard--addressDetailDetailsCountry-arrow\"]"}
COMMAND: POST /session/b171ef130127fc2a30c2632ea9d3abff/element/f.727CE9CF6895B2C759CBC992552C29E0.d.CE687615043E9FD7ECB43944BABD3556.e.10359/click - {}
RESULT: {}
COMMAND: POST /session/b171ef130127fc2a30c2632ea9d3abff/execute/async - {"script":"<script> [1562 bytes]","args":[{"selector":{"controlType":"sap.m.StandardListItem","viewName":"etm.portal.ui.manageyards.view.New","viewId":"application-manageyards-display-component---NewYard","properties":{"title":"Argentina"},"searchOpenDialogs":true,"interaction":{"idSuffix":"content"}},"wdio_ui5_key":"etmportal.ui.manageyards.view.Newsap.m.StandardListItem{\"title\":\"Argentina\"}"}]}
COMMAND: GET /session/b171ef130127fc2a30c2632ea9d3abff/screenshot - {}
RESULT: {"script":"<script> [1562 bytes]","args":[{"selector":{"controlType":"sap.m.StandardListItem","viewName":"etm.portal.ui.manageyards.view.New","viewId":"application-manageyards-display-component---NewYard","properties":{"title":"Argentina"},"searchOpenDialogs":true,"interaction":{"idSuffix":"content"}},"wdio_ui5_key":"etmportal.ui.manageyards.view.Newsap.m.StandardListItem{\"title\":\"Argentina\"}"}]}
RESULT: undefined
COMMAND: POST /session/b171ef130127fc2a30c2632ea9d3abff/element - {"using":"xpath","value":"//*[@id=\"__item144\"]"}
RESULT: {}
RESULT: {"using":"xpath","value":"//*[@id=\"__item144\"]"}
COMMAND: POST /session/b171ef130127fc2a30c2632ea9d3abff/element/f.727CE9CF6895B2C759CBC992552C29E0.d.CE687615043E9FD7ECB43944BABD3556.e.10362/click - {}
RESULT: {}
COMMAND: POST /session/b171ef130127fc2a30c2632ea9d3abff/execute/async - {"script":"<script> [1562 bytes]","args":[{"selector":{"controlType":"sap.m.Button","viewName":"etm.portal.ui.manageyards.view.New","viewId":"application-manageyards-display-component---NewYard","properties":{"text":"Commercial"},"interaction":{"idSuffix":"BDI-content"}},"wdio_ui5_key":"etmportal.ui.manageyards.view.Newsap.m.Button{\"text\":\"Commercial\"}"}]}
COMMAND: GET /session/b171ef130127fc2a30c2632ea9d3abff/screenshot - {}
RESULT: {"script":"<script> [1562 bytes]","args":[{"selector":{"controlType":"sap.m.Button","viewName":"etm.portal.ui.manageyards.view.New","viewId":"application-manageyards-display-component---NewYard","properties":{"text":"Commercial"},"interaction":{"idSuffix":"BDI-content"}},"wdio_ui5_key":"etmportal.ui.manageyards.view.Newsap.m.Button{\"text\":\"Commercial\"}"}]}
RESULT: undefined
COMMAND: POST /session/b171ef130127fc2a30c2632ea9d3abff/element - {"using":"xpath","value":"//*[@id=\"application-manageyards-display-component---NewYard--ObjectPageLayout-anchBar-__section5-anchor\"]"}
RESULT: {}
RESULT: {"using":"xpath","value":"//*[@id=\"application-manageyards-display-component---NewYard--ObjectPageLayout-anchBar-__section5-anchor\"]"}
COMMAND: POST /session/b171ef130127fc2a30c2632ea9d3abff/element/f.727CE9CF6895B2C759CBC992552C29E0.d.CE687615043E9FD7ECB43944BABD3556.e.10364/click - {}
RESULT: {}
COMMAND: GET /session/b171ef130127fc2a30c2632ea9d3abff/screenshot - {}
RESULT: {}
COMMAND: POST /session/b171ef130127fc2a30c2632ea9d3abff/execute/async - {"script":"<script> [1562 bytes]","args":[{"selector":{"id":"application-manageyards-display-component---NewYard--addressEditDetailsCostObjectCstType-arrow"},"wdio_ui5_key":"applicationmanageyards-display-component---NewYard--addressEditDetailsCostObjectCstType-arrow"}]}
RESULT: {"script":"<script> [1562 bytes]","args":[{"selector":{"id":"application-manageyards-display-component---NewYard--addressEditDetailsCostObjectCstType-arrow"},"wdio_ui5_key":"applicationmanageyards-display-component---NewYard--addressEditDetailsCostObjectCstType-arrow"}]}
RESULT: undefined
COMMAND: POST /session/b171ef130127fc2a30c2632ea9d3abff/element - {"using":"xpath","value":"//*[@id=\"application-manageyards-display-component---NewYard--addressEditDetailsCostObjectCstType-arrow\"]"}
RESULT: {"using":"xpath","value":"//*[@id=\"application-manageyards-display-component---NewYard--addressEditDetailsCostObjectCstType-arrow\"]"}
COMMAND: POST /session/b171ef130127fc2a30c2632ea9d3abff/element/f.727CE9CF6895B2C759CBC992552C29E0.d.CE687615043E9FD7ECB43944BABD3556.e.10373/click - {}
RESULT: {}
COMMAND: GET /session/b171ef130127fc2a30c2632ea9d3abff/screenshot - {}
RESULT: {}
COMMAND: POST /session/b171ef130127fc2a30c2632ea9d3abff/execute/async - {"script":"<script> [1562 bytes]","args":[{"selector":{"controlType":"sap.m.StandardListItem","viewName":"etm.portal.ui.manageyards.view.New","viewId":"application-manageyards-display-component---NewYard","properties":{"title":"Cost Center"},"searchOpenDialogs":true,"interaction":{"idSuffix":"titleText"}},"wdio_ui5_key":"etmportal.ui.manageyards.view.Newsap.m.StandardListItem{\"title\":\"Cost Center\"}"}]}
RESULT: {"script":"<script> [1562 bytes]","args":[{"selector":{"controlType":"sap.m.StandardListItem","viewName":"etm.portal.ui.manageyards.view.New","viewId":"application-manageyards-display-component---NewYard","properties":{"title":"Cost Center"},"searchOpenDialogs":true,"interaction":{"idSuffix":"titleText"}},"wdio_ui5_key":"etmportal.ui.manageyards.view.Newsap.m.StandardListItem{\"title\":\"Cost Center\"}"}]}
RESULT: undefined
COMMAND: POST /session/b171ef130127fc2a30c2632ea9d3abff/element - {"using":"xpath","value":"//*[@id=\"__item234\"]"}
RESULT: {"using":"xpath","value":"//*[@id=\"__item234\"]"}
COMMAND: POST /session/b171ef130127fc2a30c2632ea9d3abff/element/f.727CE9CF6895B2C759CBC992552C29E0.d.CE687615043E9FD7ECB43944BABD3556.e.10375/click - {}
RESULT: {}
COMMAND: POST /session/b171ef130127fc2a30c2632ea9d3abff/element - {"using":"xpath","value":"//input[@id=\"application-manageyards-display-component---NewYard--addressNewCostObjectCstID-inner\"]"}
COMMAND: GET /session/b171ef130127fc2a30c2632ea9d3abff/screenshot - {}
RESULT: {"using":"xpath","value":"//input[@id=\"application-manageyards-display-component---NewYard--addressNewCostObjectCstID-inner\"]"}
COMMAND: POST /session/b171ef130127fc2a30c2632ea9d3abff/element/f.727CE9CF6895B2C759CBC992552C29E0.d.CE687615043E9FD7ECB43944BABD3556.e.10168/clear - {}
RESULT: {}
COMMAND: POST /session/b171ef130127fc2a30c2632ea9d3abff/element - {"using":"xpath","value":"//input[@id=\"application-manageyards-display-component---NewYard--addressNewCostObjectCstID-inner\"]"}
RESULT: {"using":"xpath","value":"//input[@id=\"application-manageyards-display-component---NewYard--addressNewCostObjectCstID-inner\"]"}
COMMAND: POST /session/b171ef130127fc2a30c2632ea9d3abff/element/f.727CE9CF6895B2C759CBC992552C29E0.d.CE687615043E9FD7ECB43944BABD3556.e.10168/clear - {}
COMMAND: POST /session/b171ef130127fc2a30c2632ea9d3abff/element - {"using":"xpath","value":"//input[@id=\"application-manageyards-display-component---NewYard--addressNewCostObjectCstID-inner\"]"}
RESULT: {"using":"xpath","value":"//input[@id=\"application-manageyards-display-component---NewYard--addressNewCostObjectCstID-inner\"]"}
COMMAND: POST /session/b171ef130127fc2a30c2632ea9d3abff/element/f.727CE9CF6895B2C759CBC992552C29E0.d.CE687615043E9FD7ECB43944BABD3556.e.10378/clear - {}
COMMAND: POST /session/b171ef130127fc2a30c2632ea9d3abff/element - {"using":"xpath","value":"//input[@id=\"application-manageyards-display-component---NewYard--addressNewCostObjectCstID-inner\"]"}
RESULT: {"using":"xpath","value":"//input[@id=\"application-manageyards-display-component---NewYard--addressNewCostObjectCstID-inner\"]"}
COMMAND: POST /session/b171ef130127fc2a30c2632ea9d3abff/element/f.727CE9CF6895B2C759CBC992552C29E0.d.CE687615043E9FD7ECB43944BABD3556.e.10378/clear - {}
COMMAND: POST /session/b171ef130127fc2a30c2632ea9d3abff/element - {"using":"xpath","value":"//input[@id=\"application-manageyards-display-component---NewYard--addressNewCostObjectCstID-inner\"]"}
RESULT: {"using":"xpath","value":"//input[@id=\"application-manageyards-display-component---NewYard--addressNewCostObjectCstID-inner\"]"}
COMMAND: POST /session/b171ef130127fc2a30c2632ea9d3abff/element/f.727CE9CF6895B2C759CBC992552C29E0.d.CE687615043E9FD7ECB43944BABD3556.e.10380/clear - {}
RESULT: {}
COMMAND: POST /session/b171ef130127fc2a30c2632ea9d3abff/element/f.727CE9CF6895B2C759CBC992552C29E0.d.CE687615043E9FD7ECB43944BABD3556.e.10380/value - {"text":"10001013"}
COMMAND: GET /session/b171ef130127fc2a30c2632ea9d3abff/screenshot - {}
RESULT: {"text":"10001013"}
COMMAND: GET /session/b171ef130127fc2a30c2632ea9d3abff/screenshot - {}
RESULT: {}
RESULT: {}
COMMAND: POST /session/b171ef130127fc2a30c2632ea9d3abff/execute/async - {"script":"<script> [1562 bytes]","args":[{"selector":{"controlType":"sap.m.StandardListItem","viewName":"etm.portal.ui.manageyards.view.New","viewId":"application-manageyards-display-component---NewYard","properties":{"type":"Active"},"searchOpenDialogs":true,"interaction":{"idSuffix":"titleText"}},"wdio_ui5_key":"etmportal.ui.manageyards.view.Newsap.m.StandardListItem{\"type\":\"Active\"}"}]}
RESULT: {"script":"<script> [1562 bytes]","args":[{"selector":{"controlType":"sap.m.StandardListItem","viewName":"etm.portal.ui.manageyards.view.New","viewId":"application-manageyards-display-component---NewYard","properties":{"type":"Active"},"searchOpenDialogs":true,"interaction":{"idSuffix":"titleText"}},"wdio_ui5_key":"etmportal.ui.manageyards.view.Newsap.m.StandardListItem{\"type\":\"Active\"}"}]}
RESULT: undefined
COMMAND: POST /session/b171ef130127fc2a30c2632ea9d3abff/element - {"using":"xpath","value":"//*[@id=\"__item339\"]"}
RESULT: {"using":"xpath","value":"//*[@id=\"__item339\"]"}
COMMAND: POST /session/b171ef130127fc2a30c2632ea9d3abff/element/f.727CE9CF6895B2C759CBC992552C29E0.d.CE687615043E9FD7ECB43944BABD3556.e.10384/click - {}
RESULT: {}
COMMAND: POST /session/b171ef130127fc2a30c2632ea9d3abff/execute/async - {"script":"<script> [1562 bytes]","args":[{"selector":{"id":"application-manageyards-display-component---NewYard--addressEditDetailsCurrency-arrow"},"wdio_ui5_key":"applicationmanageyards-display-component---NewYard--addressEditDetailsCurrency-arrow"}]}
COMMAND: GET /session/b171ef130127fc2a30c2632ea9d3abff/screenshot - {}
RESULT: {"script":"<script> [1562 bytes]","args":[{"selector":{"id":"application-manageyards-display-component---NewYard--addressEditDetailsCurrency-arrow"},"wdio_ui5_key":"applicationmanageyards-display-component---NewYard--addressEditDetailsCurrency-arrow"}]}
RESULT: undefined
COMMAND: POST /session/b171ef130127fc2a30c2632ea9d3abff/element - {"using":"xpath","value":"//*[@id=\"application-manageyards-display-component---NewYard--addressEditDetailsCurrency-arrow\"]"}
RESULT: {}
RESULT: {"using":"xpath","value":"//*[@id=\"application-manageyards-display-component---NewYard--addressEditDetailsCurrency-arrow\"]"}
COMMAND: POST /session/b171ef130127fc2a30c2632ea9d3abff/element/f.727CE9CF6895B2C759CBC992552C29E0.d.CE687615043E9FD7ECB43944BABD3556.e.10386/click - {}
RESULT: {}
COMMAND: POST /session/b171ef130127fc2a30c2632ea9d3abff/execute/async - {"script":"<script> [1562 bytes]","args":[{"selector":{"controlType":"sap.m.StandardListItem","viewName":"etm.portal.ui.manageyards.view.New","viewId":"application-manageyards-display-component---NewYard","properties":{"title":"Euro"},"searchOpenDialogs":true,"interaction":{"idSuffix":"content"}},"wdio_ui5_key":"etmportal.ui.manageyards.view.Newsap.m.StandardListItem{\"title\":\"Euro\"}"}]}
COMMAND: GET /session/b171ef130127fc2a30c2632ea9d3abff/screenshot - {}
RESULT: {"script":"<script> [1562 bytes]","args":[{"selector":{"controlType":"sap.m.StandardListItem","viewName":"etm.portal.ui.manageyards.view.New","viewId":"application-manageyards-display-component---NewYard","properties":{"title":"Euro"},"searchOpenDialogs":true,"interaction":{"idSuffix":"content"}},"wdio_ui5_key":"etmportal.ui.manageyards.view.Newsap.m.StandardListItem{\"title\":\"Euro\"}"}]}
RESULT: undefined
COMMAND: POST /session/b171ef130127fc2a30c2632ea9d3abff/element - {"using":"xpath","value":"//*[@id=\"__item340\"]"}
RESULT: {}
RESULT: {"using":"xpath","value":"//*[@id=\"__item340\"]"}
COMMAND: POST /session/b171ef130127fc2a30c2632ea9d3abff/element/f.727CE9CF6895B2C759CBC992552C29E0.d.CE687615043E9FD7ECB43944BABD3556.e.10388/click - {}
RESULT: {}
COMMAND: POST /session/b171ef130127fc2a30c2632ea9d3abff/execute/async - {"script":"<script> [1562 bytes]","args":[{"selector":{"controlType":"sap.m.Input","viewName":"etm.portal.ui.manageyards.view.New","viewId":"application-manageyards-display-component---NewYard","bindingPath":{"path":"","propertyPath":"/CONTROLLING_AREA","modelName":"NewYardModel"},"interaction":{"idSuffix":"inner"}},"wdio_ui5_key":"etmportal.ui.manageyards.view.Newsap.m.Input{\"path\":\"\",\"propertyPath\":\"/CONTROLLING_AREA\",\"modelName\":\"NewYardModel\"}"}]}
COMMAND: GET /session/b171ef130127fc2a30c2632ea9d3abff/screenshot - {}
RESULT: {"script":"<script> [1562 bytes]","args":[{"selector":{"controlType":"sap.m.Input","viewName":"etm.portal.ui.manageyards.view.New","viewId":"application-manageyards-display-component---NewYard","bindingPath":{"path":"","propertyPath":"/CONTROLLING_AREA","modelName":"NewYardModel"},"interaction":{"idSuffix":"inner"}},"wdio_ui5_key":"etmportal.ui.manageyards.view.Newsap.m.Input{\"path\":\"\",\"propertyPath\":\"/CONTROLLING_AREA\",\"modelName\":\"NewYardModel\"}"}]}
RESULT: undefined
COMMAND: POST /session/b171ef130127fc2a30c2632ea9d3abff/execute/async - {"script":"<script> [776 bytes]","args":[{"enterText":"Z001","selector":{"controlType":"sap.m.Input","viewName":"etm.portal.ui.manageyards.view.New","viewId":"application-manageyards-display-component---NewYard","bindingPath":{"path":"","propertyPath":"/CONTROLLING_AREA","modelName":"NewYardModel"},"interaction":{"idSuffix":"inner"}},"clearTextFirst":true,"interactionType":"ENTER_TEXT"}]}
RESULT: {}
RESULT: {"script":"<script> [776 bytes]","args":[{"enterText":"Z001","selector":{"controlType":"sap.m.Input","viewName":"etm.portal.ui.manageyards.view.New","viewId":"application-manageyards-display-component---NewYard","bindingPath":{"path":"","propertyPath":"/CONTROLLING_AREA","modelName":"NewYardModel"},"interaction":{"idSuffix":"inner"}},"clearTextFirst":true,"interactionType":"ENTER_TEXT"}]}
COMMAND: POST /session/b171ef130127fc2a30c2632ea9d3abff/execute/async - {"script":"<script> [1562 bytes]","args":[{"selector":{"id":"application-manageyards-display-component---NewYard--companyCodeComboBox","interaction":{"idSuffix":"inner"}},"wdio_ui5_key":"applicationmanageyards-display-component---NewYard--companyCodeComboBox"}]}
RESULT: {"script":"<script> [1562 bytes]","args":[{"selector":{"id":"application-manageyards-display-component---NewYard--companyCodeComboBox","interaction":{"idSuffix":"inner"}},"wdio_ui5_key":"applicationmanageyards-display-component---NewYard--companyCodeComboBox"}]}
RESULT: undefined
COMMAND: POST /session/b171ef130127fc2a30c2632ea9d3abff/execute/async - {"script":"<script> [776 bytes]","args":[{"enterText":"1000","selector":{"id":"application-manageyards-display-component---NewYard--companyCodeComboBox","interaction":{"idSuffix":"inner"}},"clearTextFirst":true,"interactionType":"ENTER_TEXT"}]}
RESULT: {"script":"<script> [776 bytes]","args":[{"enterText":"1000","selector":{"id":"application-manageyards-display-component---NewYard--companyCodeComboBox","interaction":{"idSuffix":"inner"}},"clearTextFirst":true,"interactionType":"ENTER_TEXT"}]}
COMMAND: POST /session/b171ef130127fc2a30c2632ea9d3abff/execute/async - {"script":"<script> [1562 bytes]","args":[{"selector":{"controlType":"sap.m.Input","viewName":"etm.portal.ui.manageyards.view.New","viewId":"application-manageyards-display-component---NewYard","bindingPath":{"path":"","propertyPath":"/PLANT","modelName":"NewYardModel"},"interaction":{"idSuffix":"inner"}},"wdio_ui5_key":"etmportal.ui.manageyards.view.Newsap.m.Input{\"path\":\"\",\"propertyPath\":\"/PLANT\",\"modelName\":\"NewYardModel\"}"}]}
RESULT: {"script":"<script> [1562 bytes]","args":[{"selector":{"controlType":"sap.m.Input","viewName":"etm.portal.ui.manageyards.view.New","viewId":"application-manageyards-display-component---NewYard","bindingPath":{"path":"","propertyPath":"/PLANT","modelName":"NewYardModel"},"interaction":{"idSuffix":"inner"}},"wdio_ui5_key":"etmportal.ui.manageyards.view.Newsap.m.Input{\"path\":\"\",\"propertyPath\":\"/PLANT\",\"modelName\":\"NewYardModel\"}"}]}
RESULT: undefined
COMMAND: POST /session/b171ef130127fc2a30c2632ea9d3abff/execute/async - {"script":"<script> [776 bytes]","args":[{"enterText":"1001","selector":{"controlType":"sap.m.Input","viewName":"etm.portal.ui.manageyards.view.New","viewId":"application-manageyards-display-component---NewYard","bindingPath":{"path":"","propertyPath":"/PLANT","modelName":"NewYardModel"},"interaction":{"idSuffix":"inner"}},"clearTextFirst":true,"interactionType":"ENTER_TEXT"}]}
RESULT: {"script":"<script> [776 bytes]","args":[{"enterText":"1001","selector":{"controlType":"sap.m.Input","viewName":"etm.portal.ui.manageyards.view.New","viewId":"application-manageyards-display-component---NewYard","bindingPath":{"path":"","propertyPath":"/PLANT","modelName":"NewYardModel"},"interaction":{"idSuffix":"inner"}},"clearTextFirst":true,"interactionType":"ENTER_TEXT"}]}
COMMAND: POST /session/b171ef130127fc2a30c2632ea9d3abff/execute/async - {"script":"<script> [1562 bytes]","args":[{"selector":{"controlType":"sap.m.Input","viewName":"etm.portal.ui.manageyards.view.New","viewId":"application-manageyards-display-component---NewYard","bindingPath":{"path":"","propertyPath":"/SALES_AREA_VKORG","modelName":"NewYardModel"},"interaction":{"idSuffix":"inner"}},"wdio_ui5_key":"etmportal.ui.manageyards.view.Newsap.m.Input{\"path\":\"\",\"propertyPath\":\"/SALES_AREA_VKORG\",\"modelName\":\"NewYardModel\"}"}]}
RESULT: {"script":"<script> [1562 bytes]","args":[{"selector":{"controlType":"sap.m.Input","viewName":"etm.portal.ui.manageyards.view.New","viewId":"application-manageyards-display-component---NewYard","bindingPath":{"path":"","propertyPath":"/SALES_AREA_VKORG","modelName":"NewYardModel"},"interaction":{"idSuffix":"inner"}},"wdio_ui5_key":"etmportal.ui.manageyards.view.Newsap.m.Input{\"path\":\"\",\"propertyPath\":\"/SALES_AREA_VKORG\",\"modelName\":\"NewYardModel\"}"}]}
RESULT: undefined
COMMAND: POST /session/b171ef130127fc2a30c2632ea9d3abff/execute/async - {"script":"<script> [776 bytes]","args":[{"enterText":"C002","selector":{"controlType":"sap.m.Input","viewName":"etm.portal.ui.manageyards.view.New","viewId":"application-manageyards-display-component---NewYard","bindingPath":{"path":"","propertyPath":"/SALES_AREA_VKORG","modelName":"NewYardModel"},"interaction":{"idSuffix":"inner"}},"clearTextFirst":true,"interactionType":"ENTER_TEXT"}]}
RESULT: {"script":"<script> [776 bytes]","args":[{"enterText":"C002","selector":{"controlType":"sap.m.Input","viewName":"etm.portal.ui.manageyards.view.New","viewId":"application-manageyards-display-component---NewYard","bindingPath":{"path":"","propertyPath":"/SALES_AREA_VKORG","modelName":"NewYardModel"},"interaction":{"idSuffix":"inner"}},"clearTextFirst":true,"interactionType":"ENTER_TEXT"}]}
COMMAND: POST /session/b171ef130127fc2a30c2632ea9d3abff/execute/async - {"script":"<script> [1562 bytes]","args":[{"selector":{"controlType":"sap.m.Input","viewName":"etm.portal.ui.manageyards.view.New","viewId":"application-manageyards-display-component---NewYard","bindingPath":{"path":"","propertyPath":"/SALES_AREA_VTWEG","modelName":"NewYardModel"},"interaction":{"idSuffix":"inner"}},"wdio_ui5_key":"etmportal.ui.manageyards.view.Newsap.m.Input{\"path\":\"\",\"propertyPath\":\"/SALES_AREA_VTWEG\",\"modelName\":\"NewYardModel\"}"}]}
RESULT: {"script":"<script> [1562 bytes]","args":[{"selector":{"controlType":"sap.m.Input","viewName":"etm.portal.ui.manageyards.view.New","viewId":"application-manageyards-display-component---NewYard","bindingPath":{"path":"","propertyPath":"/SALES_AREA_VTWEG","modelName":"NewYardModel"},"interaction":{"idSuffix":"inner"}},"wdio_ui5_key":"etmportal.ui.manageyards.view.Newsap.m.Input{\"path\":\"\",\"propertyPath\":\"/SALES_AREA_VTWEG\",\"modelName\":\"NewYardModel\"}"}]}
RESULT: undefined
COMMAND: POST /session/b171ef130127fc2a30c2632ea9d3abff/execute/async - {"script":"<script> [776 bytes]","args":[{"enterText":"C2","selector":{"controlType":"sap.m.Input","viewName":"etm.portal.ui.manageyards.view.New","viewId":"application-manageyards-display-component---NewYard","bindingPath":{"path":"","propertyPath":"/SALES_AREA_VTWEG","modelName":"NewYardModel"},"interaction":{"idSuffix":"inner"}},"clearTextFirst":true,"interactionType":"ENTER_TEXT"}]}
RESULT: {"script":"<script> [776 bytes]","args":[{"enterText":"C2","selector":{"controlType":"sap.m.Input","viewName":"etm.portal.ui.manageyards.view.New","viewId":"application-manageyards-display-component---NewYard","bindingPath":{"path":"","propertyPath":"/SALES_AREA_VTWEG","modelName":"NewYardModel"},"interaction":{"idSuffix":"inner"}},"clearTextFirst":true,"interactionType":"ENTER_TEXT"}]}
COMMAND: POST /session/b171ef130127fc2a30c2632ea9d3abff/execute/async - {"script":"<script> [1562 bytes]","args":[{"selector":{"controlType":"sap.m.Input","viewName":"etm.portal.ui.manageyards.view.New","viewId":"application-manageyards-display-component---NewYard","bindingPath":{"path":"","propertyPath":"/SALES_AREA_SPART","modelName":"NewYardModel"},"interaction":{"idSuffix":"inner"}},"wdio_ui5_key":"etmportal.ui.manageyards.view.Newsap.m.Input{\"path\":\"\",\"propertyPath\":\"/SALES_AREA_SPART\",\"modelName\":\"NewYardModel\"}"}]}
RESULT: {"script":"<script> [1562 bytes]","args":[{"selector":{"controlType":"sap.m.Input","viewName":"etm.portal.ui.manageyards.view.New","viewId":"application-manageyards-display-component---NewYard","bindingPath":{"path":"","propertyPath":"/SALES_AREA_SPART","modelName":"NewYardModel"},"interaction":{"idSuffix":"inner"}},"wdio_ui5_key":"etmportal.ui.manageyards.view.Newsap.m.Input{\"path\":\"\",\"propertyPath\":\"/SALES_AREA_SPART\",\"modelName\":\"NewYardModel\"}"}]}
RESULT: undefined
COMMAND: POST /session/b171ef130127fc2a30c2632ea9d3abff/execute/async - {"script":"<script> [776 bytes]","args":[{"enterText":"C2","selector":{"controlType":"sap.m.Input","viewName":"etm.portal.ui.manageyards.view.New","viewId":"application-manageyards-display-component---NewYard","bindingPath":{"path":"","propertyPath":"/SALES_AREA_SPART","modelName":"NewYardModel"},"interaction":{"idSuffix":"inner"}},"clearTextFirst":true,"interactionType":"ENTER_TEXT"}]}
RESULT: {"script":"<script> [776 bytes]","args":[{"enterText":"C2","selector":{"controlType":"sap.m.Input","viewName":"etm.portal.ui.manageyards.view.New","viewId":"application-manageyards-display-component---NewYard","bindingPath":{"path":"","propertyPath":"/SALES_AREA_SPART","modelName":"NewYardModel"},"interaction":{"idSuffix":"inner"}},"clearTextFirst":true,"interactionType":"ENTER_TEXT"}]}
COMMAND: POST /session/b171ef130127fc2a30c2632ea9d3abff/execute/async - {"script":"<script> [1562 bytes]","args":[{"selector":{"controlType":"sap.m.Input","viewName":"etm.portal.ui.manageyards.view.New","viewId":"application-manageyards-display-component---NewYard","bindingPath":{"path":"","propertyPath":"/SHIP_POINT","modelName":"NewYardModel"},"interaction":{"idSuffix":"inner"}},"wdio_ui5_key":"etmportal.ui.manageyards.view.Newsap.m.Input{\"path\":\"\",\"propertyPath\":\"/SHIP_POINT\",\"modelName\":\"NewYardModel\"}"}]}
RESULT: {"script":"<script> [1562 bytes]","args":[{"selector":{"controlType":"sap.m.Input","viewName":"etm.portal.ui.manageyards.view.New","viewId":"application-manageyards-display-component---NewYard","bindingPath":{"path":"","propertyPath":"/SHIP_POINT","modelName":"NewYardModel"},"interaction":{"idSuffix":"inner"}},"wdio_ui5_key":"etmportal.ui.manageyards.view.Newsap.m.Input{\"path\":\"\",\"propertyPath\":\"/SHIP_POINT\",\"modelName\":\"NewYardModel\"}"}]}
RESULT: undefined
COMMAND: POST /session/b171ef130127fc2a30c2632ea9d3abff/execute/async - {"script":"<script> [776 bytes]","args":[{"enterText":"1710","selector":{"controlType":"sap.m.Input","viewName":"etm.portal.ui.manageyards.view.New","viewId":"application-manageyards-display-component---NewYard","bindingPath":{"path":"","propertyPath":"/SHIP_POINT","modelName":"NewYardModel"},"interaction":{"idSuffix":"inner"}},"clearTextFirst":true,"interactionType":"ENTER_TEXT"}]}
RESULT: {"script":"<script> [776 bytes]","args":[{"enterText":"1710","selector":{"controlType":"sap.m.Input","viewName":"etm.portal.ui.manageyards.view.New","viewId":"application-manageyards-display-component---NewYard","bindingPath":{"path":"","propertyPath":"/SHIP_POINT","modelName":"NewYardModel"},"interaction":{"idSuffix":"inner"}},"clearTextFirst":true,"interactionType":"ENTER_TEXT"}]}
COMMAND: POST /session/b171ef130127fc2a30c2632ea9d3abff/execute/async - {"script":"<script> [1562 bytes]","args":[{"selector":{"controlType":"sap.m.Input","viewName":"etm.portal.ui.manageyards.view.New","viewId":"application-manageyards-display-component---NewYard","bindingPath":{"path":"","propertyPath":"/DELIVERY_TYPE","modelName":"NewYardModel"},"interaction":{"idSuffix":"inner"}},"wdio_ui5_key":"etmportal.ui.manageyards.view.Newsap.m.Input{\"path\":\"\",\"propertyPath\":\"/DELIVERY_TYPE\",\"modelName\":\"NewYardModel\"}"}]}
RESULT: {"script":"<script> [1562 bytes]","args":[{"selector":{"controlType":"sap.m.Input","viewName":"etm.portal.ui.manageyards.view.New","viewId":"application-manageyards-display-component---NewYard","bindingPath":{"path":"","propertyPath":"/DELIVERY_TYPE","modelName":"NewYardModel"},"interaction":{"idSuffix":"inner"}},"wdio_ui5_key":"etmportal.ui.manageyards.view.Newsap.m.Input{\"path\":\"\",\"propertyPath\":\"/DELIVERY_TYPE\",\"modelName\":\"NewYardModel\"}"}]}
RESULT: undefined
COMMAND: POST /session/b171ef130127fc2a30c2632ea9d3abff/execute/async - {"script":"<script> [776 bytes]","args":[{"enterText":"ZL01","selector":{"controlType":"sap.m.Input","viewName":"etm.portal.ui.manageyards.view.New","viewId":"application-manageyards-display-component---NewYard","bindingPath":{"path":"","propertyPath":"/DELIVERY_TYPE","modelName":"NewYardModel"},"interaction":{"idSuffix":"inner"}},"clearTextFirst":true,"interactionType":"ENTER_TEXT"}]}
RESULT: {"script":"<script> [776 bytes]","args":[{"enterText":"ZL01","selector":{"controlType":"sap.m.Input","viewName":"etm.portal.ui.manageyards.view.New","viewId":"application-manageyards-display-component---NewYard","bindingPath":{"path":"","propertyPath":"/DELIVERY_TYPE","modelName":"NewYardModel"},"interaction":{"idSuffix":"inner"}},"clearTextFirst":true,"interactionType":"ENTER_TEXT"}]}
COMMAND: POST /session/b171ef130127fc2a30c2632ea9d3abff/execute/async - {"script":"<script> [1562 bytes]","args":[{"selector":{"controlType":"sap.m.Input","viewName":"etm.portal.ui.manageyards.view.New","viewId":"application-manageyards-display-component---NewYard","bindingPath":{"path":"","propertyPath":"/AUART","modelName":"NewYardModel"},"interaction":{"idSuffix":"inner"}},"wdio_ui5_key":"etmportal.ui.manageyards.view.Newsap.m.Input{\"path\":\"\",\"propertyPath\":\"/AUART\",\"modelName\":\"NewYardModel\"}"}]}
RESULT: {"script":"<script> [1562 bytes]","args":[{"selector":{"controlType":"sap.m.Input","viewName":"etm.portal.ui.manageyards.view.New","viewId":"application-manageyards-display-component---NewYard","bindingPath":{"path":"","propertyPath":"/AUART","modelName":"NewYardModel"},"interaction":{"idSuffix":"inner"}},"wdio_ui5_key":"etmportal.ui.manageyards.view.Newsap.m.Input{\"path\":\"\",\"propertyPath\":\"/AUART\",\"modelName\":\"NewYardModel\"}"}]}
RESULT: undefined
COMMAND: POST /session/b171ef130127fc2a30c2632ea9d3abff/execute/async - {"script":"<script> [776 bytes]","args":[{"enterText":"TA","selector":{"controlType":"sap.m.Input","viewName":"etm.portal.ui.manageyards.view.New","viewId":"application-manageyards-display-component---NewYard","bindingPath":{"path":"","propertyPath":"/AUART","modelName":"NewYardModel"},"interaction":{"idSuffix":"inner"}},"clearTextFirst":true,"interactionType":"ENTER_TEXT"}]}
RESULT: {"script":"<script> [776 bytes]","args":[{"enterText":"TA","selector":{"controlType":"sap.m.Input","viewName":"etm.portal.ui.manageyards.view.New","viewId":"application-manageyards-display-component---NewYard","bindingPath":{"path":"","propertyPath":"/AUART","modelName":"NewYardModel"},"interaction":{"idSuffix":"inner"}},"clearTextFirst":true,"interactionType":"ENTER_TEXT"}]}
COMMAND: POST /session/b171ef130127fc2a30c2632ea9d3abff/execute/async - {"script":"<script> [1562 bytes]","args":[{"selector":{"id":"application-manageyards-display-component---NewYard--whmCheckBox","interaction":{"idSuffix":"CbBg"}},"wdio_ui5_key":"applicationmanageyards-display-component---NewYard--whmCheckBox"}]}
RESULT: {"script":"<script> [1562 bytes]","args":[{"selector":{"id":"application-manageyards-display-component---NewYard--whmCheckBox","interaction":{"idSuffix":"CbBg"}},"wdio_ui5_key":"applicationmanageyards-display-component---NewYard--whmCheckBox"}]}
RESULT: undefined
COMMAND: POST /session/b171ef130127fc2a30c2632ea9d3abff/element - {"using":"xpath","value":"//*[@id=\"application-manageyards-display-component---NewYard--whmCheckBox\"]"}
RESULT: {"using":"xpath","value":"//*[@id=\"application-manageyards-display-component---NewYard--whmCheckBox\"]"}
COMMAND: POST /session/b171ef130127fc2a30c2632ea9d3abff/element/f.727CE9CF6895B2C759CBC992552C29E0.d.CE687615043E9FD7ECB43944BABD3556.e.10399/click - {}
RESULT: {}
COMMAND: POST /session/b171ef130127fc2a30c2632ea9d3abff/execute/async - {"script":"<script> [1562 bytes]","args":[{"selector":{"controlType":"sap.m.Button","viewName":"etm.portal.ui.manageyards.view.New","viewId":"application-manageyards-display-component---NewYard","i18NText":{"propertyName":"text","key":"save"},"interaction":{"idSuffix":"BDI-content"}},"wdio_ui5_key":"etmportal.ui.manageyards.view.Newsap.m.Button{\"propertyName\":\"text\",\"key\":\"save\"}"}]}
COMMAND: GET /session/b171ef130127fc2a30c2632ea9d3abff/screenshot - {}
RESULT: {"script":"<script> [1562 bytes]","args":[{"selector":{"controlType":"sap.m.Button","viewName":"etm.portal.ui.manageyards.view.New","viewId":"application-manageyards-display-component---NewYard","i18NText":{"propertyName":"text","key":"save"},"interaction":{"idSuffix":"BDI-content"}},"wdio_ui5_key":"etmportal.ui.manageyards.view.Newsap.m.Button{\"propertyName\":\"text\",\"key\":\"save\"}"}]}
RESULT: undefined
COMMAND: POST /session/b171ef130127fc2a30c2632ea9d3abff/element - {"using":"xpath","value":"//*[@id=\"__button18\"]"}
RESULT: {}
RESULT: {"using":"xpath","value":"//*[@id=\"__button18\"]"}
COMMAND: POST /session/b171ef130127fc2a30c2632ea9d3abff/element/f.727CE9CF6895B2C759CBC992552C29E0.d.CE687615043E9FD7ECB43944BABD3556.e.10336/click - {}
RESULT: {}
COMMAND: GET /session/b171ef130127fc2a30c2632ea9d3abff/screenshot - {}
RESULT: {}
COMMAND: POST /session/b171ef130127fc2a30c2632ea9d3abff/execute/async - {"script":"<script> [1562 bytes]","args":[{"selector":{"controlType":"sap.m.Text","viewName":"etm.portal.ui.manageyards.view.Detail","viewId":"application-manageyards-display-component---detailYard","bindingPath":{"propertyPath":"ID","modelName":"catalogModel"}},"wdio_ui5_key":"etmportal.ui.manageyards.view.Detailsap.m.Text{\"propertyPath\":\"ID\",\"modelName\":\"catalogModel\"}"}]}
RESULT: {"script":"<script> [1562 bytes]","args":[{"selector":{"controlType":"sap.m.Text","viewName":"etm.portal.ui.manageyards.view.Detail","viewId":"application-manageyards-display-component---detailYard","bindingPath":{"propertyPath":"ID","modelName":"catalogModel"}},"wdio_ui5_key":"etmportal.ui.manageyards.view.Detailsap.m.Text{\"propertyPath\":\"ID\",\"modelName\":\"catalogModel\"}"}]}
RESULT: undefined
COMMAND: POST /session/b171ef130127fc2a30c2632ea9d3abff/execute/async - {"script":"<script> [6424 bytes]","args":[{"element-6066-11e4-a52e-4f735466cecf":"f.727CE9CF6895B2C759CBC992552C29E0.d.CE687615043E9FD7ECB43944BABD3556.e.10606"},"getText",[]]}
RESULT: {"script":"<script> [6424 bytes]","args":[{"element-6066-11e4-a52e-4f735466cecf":"f.727CE9CF6895B2C759CBC992552C29E0.d.CE687615043E9FD7ECB43944BABD3556.e.10606"},"getText",[]]}
COMMAND: POST /session/b171ef130127fc2a30c2632ea9d3abff/element - {"using":"css selector","value":"#shell-header-logo"}
RESULT: {"using":"css selector","value":"#shell-header-logo"}
COMMAND: POST /session/b171ef130127fc2a30c2632ea9d3abff/element/f.727CE9CF6895B2C759CBC992552C29E0.d.CE687615043E9FD7ECB43944BABD3556.e.9886/click - {}
RESULT: {}
COMMAND: GET /session/b171ef130127fc2a30c2632ea9d3abff/screenshot - {}
RESULT: {}
]]></system-out>
    </testcase>
    <testcase classname="chrome.135_0_7049_115.windows.Provide_to_Site_w/_warehouse_management_w/o_clarification_US113782_" name="Should create WHM site" time="111.269">
      <system-out><![CDATA[
COMMAND: POST /session/b171ef130127fc2a30c2632ea9d3abff/execute/async - {"script":"<script> [1562 bytes]","args":[{"selector":{"controlType":"sap.m.GenericTile","properties":{"header":"Manage Sites"}},"wdio_ui5_key":"sapm.GenericTile{\"header\":\"Manage Sites\"}"}]}
RESULT: {"script":"<script> [1562 bytes]","args":[{"selector":{"controlType":"sap.m.GenericTile","properties":{"header":"Manage Sites"}},"wdio_ui5_key":"sapm.GenericTile{\"header\":\"Manage Sites\"}"}]}
RESULT: undefined
COMMAND: POST /session/b171ef130127fc2a30c2632ea9d3abff/element - {"using":"xpath","value":"//*[@id=\"__tile40\"]"}
RESULT: {"using":"xpath","value":"//*[@id=\"__tile40\"]"}
COMMAND: POST /session/b171ef130127fc2a30c2632ea9d3abff/element/f.727CE9CF6895B2C759CBC992552C29E0.d.CE687615043E9FD7ECB43944BABD3556.e.9791/click - {}
RESULT: {}
COMMAND: GET /session/b171ef130127fc2a30c2632ea9d3abff/screenshot - {}
COMMAND: POST /session/b171ef130127fc2a30c2632ea9d3abff/execute/async - {"script":"<script> [1562 bytes]","args":[{"selector":{"controlType":"sap.ui.core.Icon","viewName":"etm.portal.ui.managesites.view.Master","viewId":"application-managesites-display-component---masterSite","properties":{"src":{"regex":{"source":"add"}}}},"wdio_ui5_key":"etmportal.ui.managesites.view.Mastersap.ui.core.Icon{\"src\":{\"regex\":{\"source\":\"add\"}}}"}]}
RESULT: {}
RESULT: {"script":"<script> [1562 bytes]","args":[{"selector":{"controlType":"sap.ui.core.Icon","viewName":"etm.portal.ui.managesites.view.Master","viewId":"application-managesites-display-component---masterSite","properties":{"src":{"regex":{"source":"add"}}}},"wdio_ui5_key":"etmportal.ui.managesites.view.Mastersap.ui.core.Icon{\"src\":{\"regex\":{\"source\":\"add\"}}}"}]}
RESULT: undefined
COMMAND: POST /session/b171ef130127fc2a30c2632ea9d3abff/element - {"using":"xpath","value":"//*[@id=\"__button64-img\"]"}
RESULT: {"using":"xpath","value":"//*[@id=\"__button64-img\"]"}
COMMAND: POST /session/b171ef130127fc2a30c2632ea9d3abff/element/f.727CE9CF6895B2C759CBC992552C29E0.d.CE687615043E9FD7ECB43944BABD3556.e.10655/click - {}
RESULT: {}
COMMAND: POST /session/b171ef130127fc2a30c2632ea9d3abff/element - {"using":"xpath","value":"//*[text()='Add New Site']"}
COMMAND: GET /session/b171ef130127fc2a30c2632ea9d3abff/screenshot - {}
RESULT: {"using":"xpath","value":"//*[text()='Add New Site']"}
COMMAND: GET /session/b171ef130127fc2a30c2632ea9d3abff/element/f.727CE9CF6895B2C759CBC992552C29E0.d.CE687615043E9FD7ECB43944BABD3556.e.11246/enabled - {}
RESULT: {}
RESULT: {}
COMMAND: POST /session/b171ef130127fc2a30c2632ea9d3abff/execute/sync - {"script":"<script> [8489 bytes]","args":[{"element-6066-11e4-a52e-4f735466cecf":"f.727CE9CF6895B2C759CBC992552C29E0.d.CE687615043E9FD7ECB43944BABD3556.e.11246","ELEMENT":"f.727CE9CF6895B2C759CBC992552C29E0.d.CE687615043E9FD7ECB43944BABD3556.e.11246"}]}
COMMAND: GET /session/b171ef130127fc2a30c2632ea9d3abff/screenshot - {}
RESULT: {"script":"<script> [8489 bytes]","args":[{"element-6066-11e4-a52e-4f735466cecf":"f.727CE9CF6895B2C759CBC992552C29E0.d.CE687615043E9FD7ECB43944BABD3556.e.11246","ELEMENT":"f.727CE9CF6895B2C759CBC992552C29E0.d.CE687615043E9FD7ECB43944BABD3556.e.11246"}]}
COMMAND: GET /session/b171ef130127fc2a30c2632ea9d3abff/screenshot - {}
RESULT: {}
COMMAND: POST /session/b171ef130127fc2a30c2632ea9d3abff/execute/sync - {"script":"<script> [8489 bytes]","args":[{"element-6066-11e4-a52e-4f735466cecf":"f.727CE9CF6895B2C759CBC992552C29E0.d.CE687615043E9FD7ECB43944BABD3556.e.11246","ELEMENT":"f.727CE9CF6895B2C759CBC992552C29E0.d.CE687615043E9FD7ECB43944BABD3556.e.11246"}]}
RESULT: {}
RESULT: {"script":"<script> [8489 bytes]","args":[{"element-6066-11e4-a52e-4f735466cecf":"f.727CE9CF6895B2C759CBC992552C29E0.d.CE687615043E9FD7ECB43944BABD3556.e.11246","ELEMENT":"f.727CE9CF6895B2C759CBC992552C29E0.d.CE687615043E9FD7ECB43944BABD3556.e.11246"}]}
COMMAND: GET /session/b171ef130127fc2a30c2632ea9d3abff/screenshot - {}
RESULT: {}
COMMAND: POST /session/b171ef130127fc2a30c2632ea9d3abff/execute/sync - {"script":"<script> [8489 bytes]","args":[{"element-6066-11e4-a52e-4f735466cecf":"f.727CE9CF6895B2C759CBC992552C29E0.d.CE687615043E9FD7ECB43944BABD3556.e.11246","ELEMENT":"f.727CE9CF6895B2C759CBC992552C29E0.d.CE687615043E9FD7ECB43944BABD3556.e.11246"}]}
RESULT: {"script":"<script> [8489 bytes]","args":[{"element-6066-11e4-a52e-4f735466cecf":"f.727CE9CF6895B2C759CBC992552C29E0.d.CE687615043E9FD7ECB43944BABD3556.e.11246","ELEMENT":"f.727CE9CF6895B2C759CBC992552C29E0.d.CE687615043E9FD7ECB43944BABD3556.e.11246"}]}
COMMAND: GET /session/b171ef130127fc2a30c2632ea9d3abff/screenshot - {}
RESULT: {}
COMMAND: POST /session/b171ef130127fc2a30c2632ea9d3abff/execute/sync - {"script":"<script> [8489 bytes]","args":[{"element-6066-11e4-a52e-4f735466cecf":"f.727CE9CF6895B2C759CBC992552C29E0.d.CE687615043E9FD7ECB43944BABD3556.e.11246","ELEMENT":"f.727CE9CF6895B2C759CBC992552C29E0.d.CE687615043E9FD7ECB43944BABD3556.e.11246"}]}
RESULT: {"script":"<script> [8489 bytes]","args":[{"element-6066-11e4-a52e-4f735466cecf":"f.727CE9CF6895B2C759CBC992552C29E0.d.CE687615043E9FD7ECB43944BABD3556.e.11246","ELEMENT":"f.727CE9CF6895B2C759CBC992552C29E0.d.CE687615043E9FD7ECB43944BABD3556.e.11246"}]}
COMMAND: GET /session/b171ef130127fc2a30c2632ea9d3abff/screenshot - {}
RESULT: {}
COMMAND: POST /session/b171ef130127fc2a30c2632ea9d3abff/execute/sync - {"script":"<script> [8489 bytes]","args":[{"element-6066-11e4-a52e-4f735466cecf":"f.727CE9CF6895B2C759CBC992552C29E0.d.CE687615043E9FD7ECB43944BABD3556.e.11246","ELEMENT":"f.727CE9CF6895B2C759CBC992552C29E0.d.CE687615043E9FD7ECB43944BABD3556.e.11246"}]}
RESULT: {"script":"<script> [8489 bytes]","args":[{"element-6066-11e4-a52e-4f735466cecf":"f.727CE9CF6895B2C759CBC992552C29E0.d.CE687615043E9FD7ECB43944BABD3556.e.11246","ELEMENT":"f.727CE9CF6895B2C759CBC992552C29E0.d.CE687615043E9FD7ECB43944BABD3556.e.11246"}]}
COMMAND: GET /session/b171ef130127fc2a30c2632ea9d3abff/screenshot - {}
RESULT: {}
COMMAND: POST /session/b171ef130127fc2a30c2632ea9d3abff/execute/sync - {"script":"<script> [8489 bytes]","args":[{"element-6066-11e4-a52e-4f735466cecf":"f.727CE9CF6895B2C759CBC992552C29E0.d.CE687615043E9FD7ECB43944BABD3556.e.11246","ELEMENT":"f.727CE9CF6895B2C759CBC992552C29E0.d.CE687615043E9FD7ECB43944BABD3556.e.11246"}]}
RESULT: {"script":"<script> [8489 bytes]","args":[{"element-6066-11e4-a52e-4f735466cecf":"f.727CE9CF6895B2C759CBC992552C29E0.d.CE687615043E9FD7ECB43944BABD3556.e.11246","ELEMENT":"f.727CE9CF6895B2C759CBC992552C29E0.d.CE687615043E9FD7ECB43944BABD3556.e.11246"}]}
COMMAND: GET /session/b171ef130127fc2a30c2632ea9d3abff/screenshot - {}
RESULT: {}
COMMAND: POST /session/b171ef130127fc2a30c2632ea9d3abff/execute/sync - {"script":"<script> [8489 bytes]","args":[{"element-6066-11e4-a52e-4f735466cecf":"f.727CE9CF6895B2C759CBC992552C29E0.d.CE687615043E9FD7ECB43944BABD3556.e.11246","ELEMENT":"f.727CE9CF6895B2C759CBC992552C29E0.d.CE687615043E9FD7ECB43944BABD3556.e.11246"}]}
RESULT: {"script":"<script> [8489 bytes]","args":[{"element-6066-11e4-a52e-4f735466cecf":"f.727CE9CF6895B2C759CBC992552C29E0.d.CE687615043E9FD7ECB43944BABD3556.e.11246","ELEMENT":"f.727CE9CF6895B2C759CBC992552C29E0.d.CE687615043E9FD7ECB43944BABD3556.e.11246"}]}
COMMAND: GET /session/b171ef130127fc2a30c2632ea9d3abff/screenshot - {}
RESULT: {}
COMMAND: POST /session/b171ef130127fc2a30c2632ea9d3abff/execute/sync - {"script":"<script> [8489 bytes]","args":[{"element-6066-11e4-a52e-4f735466cecf":"f.727CE9CF6895B2C759CBC992552C29E0.d.CE687615043E9FD7ECB43944BABD3556.e.11246","ELEMENT":"f.727CE9CF6895B2C759CBC992552C29E0.d.CE687615043E9FD7ECB43944BABD3556.e.11246"}]}
RESULT: {"script":"<script> [8489 bytes]","args":[{"element-6066-11e4-a52e-4f735466cecf":"f.727CE9CF6895B2C759CBC992552C29E0.d.CE687615043E9FD7ECB43944BABD3556.e.11246","ELEMENT":"f.727CE9CF6895B2C759CBC992552C29E0.d.CE687615043E9FD7ECB43944BABD3556.e.11246"}]}
COMMAND: GET /session/b171ef130127fc2a30c2632ea9d3abff/screenshot - {}
RESULT: {}
COMMAND: POST /session/b171ef130127fc2a30c2632ea9d3abff/execute/sync - {"script":"<script> [8489 bytes]","args":[{"element-6066-11e4-a52e-4f735466cecf":"f.727CE9CF6895B2C759CBC992552C29E0.d.CE687615043E9FD7ECB43944BABD3556.e.11246","ELEMENT":"f.727CE9CF6895B2C759CBC992552C29E0.d.CE687615043E9FD7ECB43944BABD3556.e.11246"}]}
RESULT: {"script":"<script> [8489 bytes]","args":[{"element-6066-11e4-a52e-4f735466cecf":"f.727CE9CF6895B2C759CBC992552C29E0.d.CE687615043E9FD7ECB43944BABD3556.e.11246","ELEMENT":"f.727CE9CF6895B2C759CBC992552C29E0.d.CE687615043E9FD7ECB43944BABD3556.e.11246"}]}
COMMAND: GET /session/b171ef130127fc2a30c2632ea9d3abff/screenshot - {}
RESULT: {}
COMMAND: POST /session/b171ef130127fc2a30c2632ea9d3abff/execute/sync - {"script":"<script> [8489 bytes]","args":[{"element-6066-11e4-a52e-4f735466cecf":"f.727CE9CF6895B2C759CBC992552C29E0.d.CE687615043E9FD7ECB43944BABD3556.e.11246","ELEMENT":"f.727CE9CF6895B2C759CBC992552C29E0.d.CE687615043E9FD7ECB43944BABD3556.e.11246"}]}
RESULT: {"script":"<script> [8489 bytes]","args":[{"element-6066-11e4-a52e-4f735466cecf":"f.727CE9CF6895B2C759CBC992552C29E0.d.CE687615043E9FD7ECB43944BABD3556.e.11246","ELEMENT":"f.727CE9CF6895B2C759CBC992552C29E0.d.CE687615043E9FD7ECB43944BABD3556.e.11246"}]}
COMMAND: GET /session/b171ef130127fc2a30c2632ea9d3abff/screenshot - {}
RESULT: {}
COMMAND: POST /session/b171ef130127fc2a30c2632ea9d3abff/execute/sync - {"script":"<script> [8489 bytes]","args":[{"element-6066-11e4-a52e-4f735466cecf":"f.727CE9CF6895B2C759CBC992552C29E0.d.CE687615043E9FD7ECB43944BABD3556.e.11246","ELEMENT":"f.727CE9CF6895B2C759CBC992552C29E0.d.CE687615043E9FD7ECB43944BABD3556.e.11246"}]}
RESULT: {"script":"<script> [8489 bytes]","args":[{"element-6066-11e4-a52e-4f735466cecf":"f.727CE9CF6895B2C759CBC992552C29E0.d.CE687615043E9FD7ECB43944BABD3556.e.11246","ELEMENT":"f.727CE9CF6895B2C759CBC992552C29E0.d.CE687615043E9FD7ECB43944BABD3556.e.11246"}]}
COMMAND: GET /session/b171ef130127fc2a30c2632ea9d3abff/screenshot - {}
RESULT: {}
COMMAND: POST /session/b171ef130127fc2a30c2632ea9d3abff/execute/sync - {"script":"<script> [8489 bytes]","args":[{"element-6066-11e4-a52e-4f735466cecf":"f.727CE9CF6895B2C759CBC992552C29E0.d.CE687615043E9FD7ECB43944BABD3556.e.11246","ELEMENT":"f.727CE9CF6895B2C759CBC992552C29E0.d.CE687615043E9FD7ECB43944BABD3556.e.11246"}]}
RESULT: {"script":"<script> [8489 bytes]","args":[{"element-6066-11e4-a52e-4f735466cecf":"f.727CE9CF6895B2C759CBC992552C29E0.d.CE687615043E9FD7ECB43944BABD3556.e.11246","ELEMENT":"f.727CE9CF6895B2C759CBC992552C29E0.d.CE687615043E9FD7ECB43944BABD3556.e.11246"}]}
COMMAND: GET /session/b171ef130127fc2a30c2632ea9d3abff/screenshot - {}
RESULT: {}
COMMAND: POST /session/b171ef130127fc2a30c2632ea9d3abff/execute/sync - {"script":"<script> [8489 bytes]","args":[{"element-6066-11e4-a52e-4f735466cecf":"f.727CE9CF6895B2C759CBC992552C29E0.d.CE687615043E9FD7ECB43944BABD3556.e.11246","ELEMENT":"f.727CE9CF6895B2C759CBC992552C29E0.d.CE687615043E9FD7ECB43944BABD3556.e.11246"}]}
RESULT: {"script":"<script> [8489 bytes]","args":[{"element-6066-11e4-a52e-4f735466cecf":"f.727CE9CF6895B2C759CBC992552C29E0.d.CE687615043E9FD7ECB43944BABD3556.e.11246","ELEMENT":"f.727CE9CF6895B2C759CBC992552C29E0.d.CE687615043E9FD7ECB43944BABD3556.e.11246"}]}
COMMAND: GET /session/b171ef130127fc2a30c2632ea9d3abff/screenshot - {}
COMMAND: POST /session/b171ef130127fc2a30c2632ea9d3abff/execute/sync - {"script":"<script> [8489 bytes]","args":[{"element-6066-11e4-a52e-4f735466cecf":"f.727CE9CF6895B2C759CBC992552C29E0.d.CE687615043E9FD7ECB43944BABD3556.e.11246","ELEMENT":"f.727CE9CF6895B2C759CBC992552C29E0.d.CE687615043E9FD7ECB43944BABD3556.e.11246"}]}
RESULT: {}
RESULT: {"script":"<script> [8489 bytes]","args":[{"element-6066-11e4-a52e-4f735466cecf":"f.727CE9CF6895B2C759CBC992552C29E0.d.CE687615043E9FD7ECB43944BABD3556.e.11246","ELEMENT":"f.727CE9CF6895B2C759CBC992552C29E0.d.CE687615043E9FD7ECB43944BABD3556.e.11246"}]}
COMMAND: GET /session/b171ef130127fc2a30c2632ea9d3abff/screenshot - {}
COMMAND: POST /session/b171ef130127fc2a30c2632ea9d3abff/execute/sync - {"script":"<script> [8489 bytes]","args":[{"element-6066-11e4-a52e-4f735466cecf":"f.727CE9CF6895B2C759CBC992552C29E0.d.CE687615043E9FD7ECB43944BABD3556.e.11246","ELEMENT":"f.727CE9CF6895B2C759CBC992552C29E0.d.CE687615043E9FD7ECB43944BABD3556.e.11246"}]}
RESULT: {}
RESULT: {"script":"<script> [8489 bytes]","args":[{"element-6066-11e4-a52e-4f735466cecf":"f.727CE9CF6895B2C759CBC992552C29E0.d.CE687615043E9FD7ECB43944BABD3556.e.11246","ELEMENT":"f.727CE9CF6895B2C759CBC992552C29E0.d.CE687615043E9FD7ECB43944BABD3556.e.11246"}]}
COMMAND: GET /session/b171ef130127fc2a30c2632ea9d3abff/screenshot - {}
RESULT: {}
COMMAND: POST /session/b171ef130127fc2a30c2632ea9d3abff/execute/sync - {"script":"<script> [8489 bytes]","args":[{"element-6066-11e4-a52e-4f735466cecf":"f.727CE9CF6895B2C759CBC992552C29E0.d.CE687615043E9FD7ECB43944BABD3556.e.11246","ELEMENT":"f.727CE9CF6895B2C759CBC992552C29E0.d.CE687615043E9FD7ECB43944BABD3556.e.11246"}]}
RESULT: {"script":"<script> [8489 bytes]","args":[{"element-6066-11e4-a52e-4f735466cecf":"f.727CE9CF6895B2C759CBC992552C29E0.d.CE687615043E9FD7ECB43944BABD3556.e.11246","ELEMENT":"f.727CE9CF6895B2C759CBC992552C29E0.d.CE687615043E9FD7ECB43944BABD3556.e.11246"}]}
COMMAND: GET /session/b171ef130127fc2a30c2632ea9d3abff/screenshot - {}
RESULT: {}
COMMAND: POST /session/b171ef130127fc2a30c2632ea9d3abff/execute/sync - {"script":"<script> [8489 bytes]","args":[{"element-6066-11e4-a52e-4f735466cecf":"f.727CE9CF6895B2C759CBC992552C29E0.d.CE687615043E9FD7ECB43944BABD3556.e.11246","ELEMENT":"f.727CE9CF6895B2C759CBC992552C29E0.d.CE687615043E9FD7ECB43944BABD3556.e.11246"}]}
RESULT: {"script":"<script> [8489 bytes]","args":[{"element-6066-11e4-a52e-4f735466cecf":"f.727CE9CF6895B2C759CBC992552C29E0.d.CE687615043E9FD7ECB43944BABD3556.e.11246","ELEMENT":"f.727CE9CF6895B2C759CBC992552C29E0.d.CE687615043E9FD7ECB43944BABD3556.e.11246"}]}
COMMAND: GET /session/b171ef130127fc2a30c2632ea9d3abff/screenshot - {}
RESULT: {}
COMMAND: POST /session/b171ef130127fc2a30c2632ea9d3abff/execute/sync - {"script":"<script> [8489 bytes]","args":[{"element-6066-11e4-a52e-4f735466cecf":"f.727CE9CF6895B2C759CBC992552C29E0.d.CE687615043E9FD7ECB43944BABD3556.e.11246","ELEMENT":"f.727CE9CF6895B2C759CBC992552C29E0.d.CE687615043E9FD7ECB43944BABD3556.e.11246"}]}
RESULT: {"script":"<script> [8489 bytes]","args":[{"element-6066-11e4-a52e-4f735466cecf":"f.727CE9CF6895B2C759CBC992552C29E0.d.CE687615043E9FD7ECB43944BABD3556.e.11246","ELEMENT":"f.727CE9CF6895B2C759CBC992552C29E0.d.CE687615043E9FD7ECB43944BABD3556.e.11246"}]}
COMMAND: GET /session/b171ef130127fc2a30c2632ea9d3abff/screenshot - {}
RESULT: {}
COMMAND: POST /session/b171ef130127fc2a30c2632ea9d3abff/execute/sync - {"script":"<script> [8489 bytes]","args":[{"element-6066-11e4-a52e-4f735466cecf":"f.727CE9CF6895B2C759CBC992552C29E0.d.CE687615043E9FD7ECB43944BABD3556.e.11246","ELEMENT":"f.727CE9CF6895B2C759CBC992552C29E0.d.CE687615043E9FD7ECB43944BABD3556.e.11246"}]}
RESULT: {"script":"<script> [8489 bytes]","args":[{"element-6066-11e4-a52e-4f735466cecf":"f.727CE9CF6895B2C759CBC992552C29E0.d.CE687615043E9FD7ECB43944BABD3556.e.11246","ELEMENT":"f.727CE9CF6895B2C759CBC992552C29E0.d.CE687615043E9FD7ECB43944BABD3556.e.11246"}]}
COMMAND: GET /session/b171ef130127fc2a30c2632ea9d3abff/screenshot - {}
RESULT: {}
COMMAND: POST /session/b171ef130127fc2a30c2632ea9d3abff/execute/sync - {"script":"<script> [8489 bytes]","args":[{"element-6066-11e4-a52e-4f735466cecf":"f.727CE9CF6895B2C759CBC992552C29E0.d.CE687615043E9FD7ECB43944BABD3556.e.11246","ELEMENT":"f.727CE9CF6895B2C759CBC992552C29E0.d.CE687615043E9FD7ECB43944BABD3556.e.11246"}]}
RESULT: {"script":"<script> [8489 bytes]","args":[{"element-6066-11e4-a52e-4f735466cecf":"f.727CE9CF6895B2C759CBC992552C29E0.d.CE687615043E9FD7ECB43944BABD3556.e.11246","ELEMENT":"f.727CE9CF6895B2C759CBC992552C29E0.d.CE687615043E9FD7ECB43944BABD3556.e.11246"}]}
COMMAND: GET /session/b171ef130127fc2a30c2632ea9d3abff/screenshot - {}
RESULT: {}
COMMAND: POST /session/b171ef130127fc2a30c2632ea9d3abff/execute/sync - {"script":"<script> [8489 bytes]","args":[{"element-6066-11e4-a52e-4f735466cecf":"f.727CE9CF6895B2C759CBC992552C29E0.d.CE687615043E9FD7ECB43944BABD3556.e.11246","ELEMENT":"f.727CE9CF6895B2C759CBC992552C29E0.d.CE687615043E9FD7ECB43944BABD3556.e.11246"}]}
RESULT: {"script":"<script> [8489 bytes]","args":[{"element-6066-11e4-a52e-4f735466cecf":"f.727CE9CF6895B2C759CBC992552C29E0.d.CE687615043E9FD7ECB43944BABD3556.e.11246","ELEMENT":"f.727CE9CF6895B2C759CBC992552C29E0.d.CE687615043E9FD7ECB43944BABD3556.e.11246"}]}
COMMAND: GET /session/b171ef130127fc2a30c2632ea9d3abff/screenshot - {}
RESULT: {}
COMMAND: POST /session/b171ef130127fc2a30c2632ea9d3abff/execute/sync - {"script":"<script> [8489 bytes]","args":[{"element-6066-11e4-a52e-4f735466cecf":"f.727CE9CF6895B2C759CBC992552C29E0.d.CE687615043E9FD7ECB43944BABD3556.e.11246","ELEMENT":"f.727CE9CF6895B2C759CBC992552C29E0.d.CE687615043E9FD7ECB43944BABD3556.e.11246"}]}
RESULT: {"script":"<script> [8489 bytes]","args":[{"element-6066-11e4-a52e-4f735466cecf":"f.727CE9CF6895B2C759CBC992552C29E0.d.CE687615043E9FD7ECB43944BABD3556.e.11246","ELEMENT":"f.727CE9CF6895B2C759CBC992552C29E0.d.CE687615043E9FD7ECB43944BABD3556.e.11246"}]}
COMMAND: GET /session/b171ef130127fc2a30c2632ea9d3abff/screenshot - {}
RESULT: {}
COMMAND: POST /session/b171ef130127fc2a30c2632ea9d3abff/execute/sync - {"script":"<script> [8489 bytes]","args":[{"element-6066-11e4-a52e-4f735466cecf":"f.727CE9CF6895B2C759CBC992552C29E0.d.CE687615043E9FD7ECB43944BABD3556.e.11246","ELEMENT":"f.727CE9CF6895B2C759CBC992552C29E0.d.CE687615043E9FD7ECB43944BABD3556.e.11246"}]}
RESULT: {"script":"<script> [8489 bytes]","args":[{"element-6066-11e4-a52e-4f735466cecf":"f.727CE9CF6895B2C759CBC992552C29E0.d.CE687615043E9FD7ECB43944BABD3556.e.11246","ELEMENT":"f.727CE9CF6895B2C759CBC992552C29E0.d.CE687615043E9FD7ECB43944BABD3556.e.11246"}]}
COMMAND: GET /session/b171ef130127fc2a30c2632ea9d3abff/screenshot - {}
RESULT: {}
COMMAND: POST /session/b171ef130127fc2a30c2632ea9d3abff/execute/sync - {"script":"<script> [8489 bytes]","args":[{"element-6066-11e4-a52e-4f735466cecf":"f.727CE9CF6895B2C759CBC992552C29E0.d.CE687615043E9FD7ECB43944BABD3556.e.11246","ELEMENT":"f.727CE9CF6895B2C759CBC992552C29E0.d.CE687615043E9FD7ECB43944BABD3556.e.11246"}]}
RESULT: {"script":"<script> [8489 bytes]","args":[{"element-6066-11e4-a52e-4f735466cecf":"f.727CE9CF6895B2C759CBC992552C29E0.d.CE687615043E9FD7ECB43944BABD3556.e.11246","ELEMENT":"f.727CE9CF6895B2C759CBC992552C29E0.d.CE687615043E9FD7ECB43944BABD3556.e.11246"}]}
COMMAND: GET /session/b171ef130127fc2a30c2632ea9d3abff/screenshot - {}
RESULT: {}
COMMAND: POST /session/b171ef130127fc2a30c2632ea9d3abff/execute/sync - {"script":"<script> [8489 bytes]","args":[{"element-6066-11e4-a52e-4f735466cecf":"f.727CE9CF6895B2C759CBC992552C29E0.d.CE687615043E9FD7ECB43944BABD3556.e.11246","ELEMENT":"f.727CE9CF6895B2C759CBC992552C29E0.d.CE687615043E9FD7ECB43944BABD3556.e.11246"}]}
RESULT: {"script":"<script> [8489 bytes]","args":[{"element-6066-11e4-a52e-4f735466cecf":"f.727CE9CF6895B2C759CBC992552C29E0.d.CE687615043E9FD7ECB43944BABD3556.e.11246","ELEMENT":"f.727CE9CF6895B2C759CBC992552C29E0.d.CE687615043E9FD7ECB43944BABD3556.e.11246"}]}
COMMAND: GET /session/b171ef130127fc2a30c2632ea9d3abff/screenshot - {}
RESULT: {}
COMMAND: POST /session/b171ef130127fc2a30c2632ea9d3abff/execute/sync - {"script":"<script> [8489 bytes]","args":[{"element-6066-11e4-a52e-4f735466cecf":"f.727CE9CF6895B2C759CBC992552C29E0.d.CE687615043E9FD7ECB43944BABD3556.e.11246","ELEMENT":"f.727CE9CF6895B2C759CBC992552C29E0.d.CE687615043E9FD7ECB43944BABD3556.e.11246"}]}
RESULT: {"script":"<script> [8489 bytes]","args":[{"element-6066-11e4-a52e-4f735466cecf":"f.727CE9CF6895B2C759CBC992552C29E0.d.CE687615043E9FD7ECB43944BABD3556.e.11246","ELEMENT":"f.727CE9CF6895B2C759CBC992552C29E0.d.CE687615043E9FD7ECB43944BABD3556.e.11246"}]}
COMMAND: GET /session/b171ef130127fc2a30c2632ea9d3abff/screenshot - {}
RESULT: {}
COMMAND: POST /session/b171ef130127fc2a30c2632ea9d3abff/execute/sync - {"script":"<script> [8489 bytes]","args":[{"element-6066-11e4-a52e-4f735466cecf":"f.727CE9CF6895B2C759CBC992552C29E0.d.CE687615043E9FD7ECB43944BABD3556.e.11246","ELEMENT":"f.727CE9CF6895B2C759CBC992552C29E0.d.CE687615043E9FD7ECB43944BABD3556.e.11246"}]}
RESULT: {"script":"<script> [8489 bytes]","args":[{"element-6066-11e4-a52e-4f735466cecf":"f.727CE9CF6895B2C759CBC992552C29E0.d.CE687615043E9FD7ECB43944BABD3556.e.11246","ELEMENT":"f.727CE9CF6895B2C759CBC992552C29E0.d.CE687615043E9FD7ECB43944BABD3556.e.11246"}]}
COMMAND: GET /session/b171ef130127fc2a30c2632ea9d3abff/screenshot - {}
RESULT: {}
COMMAND: POST /session/b171ef130127fc2a30c2632ea9d3abff/execute/sync - {"script":"<script> [8489 bytes]","args":[{"element-6066-11e4-a52e-4f735466cecf":"f.727CE9CF6895B2C759CBC992552C29E0.d.CE687615043E9FD7ECB43944BABD3556.e.11246","ELEMENT":"f.727CE9CF6895B2C759CBC992552C29E0.d.CE687615043E9FD7ECB43944BABD3556.e.11246"}]}
RESULT: {"script":"<script> [8489 bytes]","args":[{"element-6066-11e4-a52e-4f735466cecf":"f.727CE9CF6895B2C759CBC992552C29E0.d.CE687615043E9FD7ECB43944BABD3556.e.11246","ELEMENT":"f.727CE9CF6895B2C759CBC992552C29E0.d.CE687615043E9FD7ECB43944BABD3556.e.11246"}]}
COMMAND: GET /session/b171ef130127fc2a30c2632ea9d3abff/screenshot - {}
RESULT: {}
COMMAND: POST /session/b171ef130127fc2a30c2632ea9d3abff/execute/sync - {"script":"<script> [8489 bytes]","args":[{"element-6066-11e4-a52e-4f735466cecf":"f.727CE9CF6895B2C759CBC992552C29E0.d.CE687615043E9FD7ECB43944BABD3556.e.11246","ELEMENT":"f.727CE9CF6895B2C759CBC992552C29E0.d.CE687615043E9FD7ECB43944BABD3556.e.11246"}]}
RESULT: {"script":"<script> [8489 bytes]","args":[{"element-6066-11e4-a52e-4f735466cecf":"f.727CE9CF6895B2C759CBC992552C29E0.d.CE687615043E9FD7ECB43944BABD3556.e.11246","ELEMENT":"f.727CE9CF6895B2C759CBC992552C29E0.d.CE687615043E9FD7ECB43944BABD3556.e.11246"}]}
COMMAND: GET /session/b171ef130127fc2a30c2632ea9d3abff/screenshot - {}
RESULT: {}
COMMAND: POST /session/b171ef130127fc2a30c2632ea9d3abff/execute/sync - {"script":"<script> [8489 bytes]","args":[{"element-6066-11e4-a52e-4f735466cecf":"f.727CE9CF6895B2C759CBC992552C29E0.d.CE687615043E9FD7ECB43944BABD3556.e.11246","ELEMENT":"f.727CE9CF6895B2C759CBC992552C29E0.d.CE687615043E9FD7ECB43944BABD3556.e.11246"}]}
RESULT: {"script":"<script> [8489 bytes]","args":[{"element-6066-11e4-a52e-4f735466cecf":"f.727CE9CF6895B2C759CBC992552C29E0.d.CE687615043E9FD7ECB43944BABD3556.e.11246","ELEMENT":"f.727CE9CF6895B2C759CBC992552C29E0.d.CE687615043E9FD7ECB43944BABD3556.e.11246"}]}
COMMAND: GET /session/b171ef130127fc2a30c2632ea9d3abff/screenshot - {}
RESULT: {}
COMMAND: POST /session/b171ef130127fc2a30c2632ea9d3abff/execute/sync - {"script":"<script> [8489 bytes]","args":[{"element-6066-11e4-a52e-4f735466cecf":"f.727CE9CF6895B2C759CBC992552C29E0.d.CE687615043E9FD7ECB43944BABD3556.e.11246","ELEMENT":"f.727CE9CF6895B2C759CBC992552C29E0.d.CE687615043E9FD7ECB43944BABD3556.e.11246"}]}
RESULT: {"script":"<script> [8489 bytes]","args":[{"element-6066-11e4-a52e-4f735466cecf":"f.727CE9CF6895B2C759CBC992552C29E0.d.CE687615043E9FD7ECB43944BABD3556.e.11246","ELEMENT":"f.727CE9CF6895B2C759CBC992552C29E0.d.CE687615043E9FD7ECB43944BABD3556.e.11246"}]}
COMMAND: GET /session/b171ef130127fc2a30c2632ea9d3abff/screenshot - {}
RESULT: {}
COMMAND: POST /session/b171ef130127fc2a30c2632ea9d3abff/execute/sync - {"script":"<script> [8489 bytes]","args":[{"element-6066-11e4-a52e-4f735466cecf":"f.727CE9CF6895B2C759CBC992552C29E0.d.CE687615043E9FD7ECB43944BABD3556.e.11246","ELEMENT":"f.727CE9CF6895B2C759CBC992552C29E0.d.CE687615043E9FD7ECB43944BABD3556.e.11246"}]}
RESULT: {"script":"<script> [8489 bytes]","args":[{"element-6066-11e4-a52e-4f735466cecf":"f.727CE9CF6895B2C759CBC992552C29E0.d.CE687615043E9FD7ECB43944BABD3556.e.11246","ELEMENT":"f.727CE9CF6895B2C759CBC992552C29E0.d.CE687615043E9FD7ECB43944BABD3556.e.11246"}]}
COMMAND: POST /session/b171ef130127fc2a30c2632ea9d3abff/execute/sync - {"script":"<script> [8489 bytes]","args":[{"element-6066-11e4-a52e-4f735466cecf":"f.727CE9CF6895B2C759CBC992552C29E0.d.CE687615043E9FD7ECB43944BABD3556.e.11246","ELEMENT":"f.727CE9CF6895B2C759CBC992552C29E0.d.CE687615043E9FD7ECB43944BABD3556.e.11246"}]}
COMMAND: GET /session/b171ef130127fc2a30c2632ea9d3abff/screenshot - {}
RESULT: {"script":"<script> [8489 bytes]","args":[{"element-6066-11e4-a52e-4f735466cecf":"f.727CE9CF6895B2C759CBC992552C29E0.d.CE687615043E9FD7ECB43944BABD3556.e.11246","ELEMENT":"f.727CE9CF6895B2C759CBC992552C29E0.d.CE687615043E9FD7ECB43944BABD3556.e.11246"}]}
COMMAND: GET /session/b171ef130127fc2a30c2632ea9d3abff/screenshot - {}
COMMAND: POST /session/b171ef130127fc2a30c2632ea9d3abff/execute/sync - {"script":"<script> [8489 bytes]","args":[{"element-6066-11e4-a52e-4f735466cecf":"f.727CE9CF6895B2C759CBC992552C29E0.d.CE687615043E9FD7ECB43944BABD3556.e.11246","ELEMENT":"f.727CE9CF6895B2C759CBC992552C29E0.d.CE687615043E9FD7ECB43944BABD3556.e.11246"}]}
RESULT: {}
RESULT: {}
RESULT: {"script":"<script> [8489 bytes]","args":[{"element-6066-11e4-a52e-4f735466cecf":"f.727CE9CF6895B2C759CBC992552C29E0.d.CE687615043E9FD7ECB43944BABD3556.e.11246","ELEMENT":"f.727CE9CF6895B2C759CBC992552C29E0.d.CE687615043E9FD7ECB43944BABD3556.e.11246"}]}
COMMAND: POST /session/b171ef130127fc2a30c2632ea9d3abff/execute/sync - {"script":"<script> [8489 bytes]","args":[{"element-6066-11e4-a52e-4f735466cecf":"f.727CE9CF6895B2C759CBC992552C29E0.d.CE687615043E9FD7ECB43944BABD3556.e.11246","ELEMENT":"f.727CE9CF6895B2C759CBC992552C29E0.d.CE687615043E9FD7ECB43944BABD3556.e.11246"}]}
COMMAND: GET /session/b171ef130127fc2a30c2632ea9d3abff/screenshot - {}
RESULT: {"script":"<script> [8489 bytes]","args":[{"element-6066-11e4-a52e-4f735466cecf":"f.727CE9CF6895B2C759CBC992552C29E0.d.CE687615043E9FD7ECB43944BABD3556.e.11246","ELEMENT":"f.727CE9CF6895B2C759CBC992552C29E0.d.CE687615043E9FD7ECB43944BABD3556.e.11246"}]}
COMMAND: GET /session/b171ef130127fc2a30c2632ea9d3abff/screenshot - {}
RESULT: {}
COMMAND: POST /session/b171ef130127fc2a30c2632ea9d3abff/execute/sync - {"script":"<script> [8489 bytes]","args":[{"element-6066-11e4-a52e-4f735466cecf":"f.727CE9CF6895B2C759CBC992552C29E0.d.CE687615043E9FD7ECB43944BABD3556.e.11246","ELEMENT":"f.727CE9CF6895B2C759CBC992552C29E0.d.CE687615043E9FD7ECB43944BABD3556.e.11246"}]}
RESULT: {}
RESULT: {"script":"<script> [8489 bytes]","args":[{"element-6066-11e4-a52e-4f735466cecf":"f.727CE9CF6895B2C759CBC992552C29E0.d.CE687615043E9FD7ECB43944BABD3556.e.11246","ELEMENT":"f.727CE9CF6895B2C759CBC992552C29E0.d.CE687615043E9FD7ECB43944BABD3556.e.11246"}]}
COMMAND: GET /session/b171ef130127fc2a30c2632ea9d3abff/screenshot - {}
COMMAND: POST /session/b171ef130127fc2a30c2632ea9d3abff/execute/sync - {"script":"<script> [8489 bytes]","args":[{"element-6066-11e4-a52e-4f735466cecf":"f.727CE9CF6895B2C759CBC992552C29E0.d.CE687615043E9FD7ECB43944BABD3556.e.11246","ELEMENT":"f.727CE9CF6895B2C759CBC992552C29E0.d.CE687615043E9FD7ECB43944BABD3556.e.11246"}]}
RESULT: {}
RESULT: {"script":"<script> [8489 bytes]","args":[{"element-6066-11e4-a52e-4f735466cecf":"f.727CE9CF6895B2C759CBC992552C29E0.d.CE687615043E9FD7ECB43944BABD3556.e.11246","ELEMENT":"f.727CE9CF6895B2C759CBC992552C29E0.d.CE687615043E9FD7ECB43944BABD3556.e.11246"}]}
COMMAND: POST /session/b171ef130127fc2a30c2632ea9d3abff/execute/sync - {"script":"<script> [8489 bytes]","args":[{"element-6066-11e4-a52e-4f735466cecf":"f.727CE9CF6895B2C759CBC992552C29E0.d.CE687615043E9FD7ECB43944BABD3556.e.11246","ELEMENT":"f.727CE9CF6895B2C759CBC992552C29E0.d.CE687615043E9FD7ECB43944BABD3556.e.11246"}]}
COMMAND: GET /session/b171ef130127fc2a30c2632ea9d3abff/screenshot - {}
RESULT: {"script":"<script> [8489 bytes]","args":[{"element-6066-11e4-a52e-4f735466cecf":"f.727CE9CF6895B2C759CBC992552C29E0.d.CE687615043E9FD7ECB43944BABD3556.e.11246","ELEMENT":"f.727CE9CF6895B2C759CBC992552C29E0.d.CE687615043E9FD7ECB43944BABD3556.e.11246"}]}
COMMAND: POST /session/b171ef130127fc2a30c2632ea9d3abff/execute/sync - {"script":"<script> [8489 bytes]","args":[{"element-6066-11e4-a52e-4f735466cecf":"f.727CE9CF6895B2C759CBC992552C29E0.d.CE687615043E9FD7ECB43944BABD3556.e.11246","ELEMENT":"f.727CE9CF6895B2C759CBC992552C29E0.d.CE687615043E9FD7ECB43944BABD3556.e.11246"}]}
COMMAND: GET /session/b171ef130127fc2a30c2632ea9d3abff/screenshot - {}
RESULT: {}
RESULT: {"script":"<script> [8489 bytes]","args":[{"element-6066-11e4-a52e-4f735466cecf":"f.727CE9CF6895B2C759CBC992552C29E0.d.CE687615043E9FD7ECB43944BABD3556.e.11246","ELEMENT":"f.727CE9CF6895B2C759CBC992552C29E0.d.CE687615043E9FD7ECB43944BABD3556.e.11246"}]}
COMMAND: POST /session/b171ef130127fc2a30c2632ea9d3abff/execute/sync - {"script":"<script> [8489 bytes]","args":[{"element-6066-11e4-a52e-4f735466cecf":"f.727CE9CF6895B2C759CBC992552C29E0.d.CE687615043E9FD7ECB43944BABD3556.e.11246","ELEMENT":"f.727CE9CF6895B2C759CBC992552C29E0.d.CE687615043E9FD7ECB43944BABD3556.e.11246"}]}
COMMAND: GET /session/b171ef130127fc2a30c2632ea9d3abff/screenshot - {}
RESULT: {}
RESULT: {"script":"<script> [8489 bytes]","args":[{"element-6066-11e4-a52e-4f735466cecf":"f.727CE9CF6895B2C759CBC992552C29E0.d.CE687615043E9FD7ECB43944BABD3556.e.11246","ELEMENT":"f.727CE9CF6895B2C759CBC992552C29E0.d.CE687615043E9FD7ECB43944BABD3556.e.11246"}]}
COMMAND: GET /session/b171ef130127fc2a30c2632ea9d3abff/screenshot - {}
COMMAND: POST /session/b171ef130127fc2a30c2632ea9d3abff/execute/sync - {"script":"<script> [8489 bytes]","args":[{"element-6066-11e4-a52e-4f735466cecf":"f.727CE9CF6895B2C759CBC992552C29E0.d.CE687615043E9FD7ECB43944BABD3556.e.11246","ELEMENT":"f.727CE9CF6895B2C759CBC992552C29E0.d.CE687615043E9FD7ECB43944BABD3556.e.11246"}]}
RESULT: {}
RESULT: {}
RESULT: {"script":"<script> [8489 bytes]","args":[{"element-6066-11e4-a52e-4f735466cecf":"f.727CE9CF6895B2C759CBC992552C29E0.d.CE687615043E9FD7ECB43944BABD3556.e.11246","ELEMENT":"f.727CE9CF6895B2C759CBC992552C29E0.d.CE687615043E9FD7ECB43944BABD3556.e.11246"}]}
COMMAND: POST /session/b171ef130127fc2a30c2632ea9d3abff/execute/sync - {"script":"<script> [8489 bytes]","args":[{"element-6066-11e4-a52e-4f735466cecf":"f.727CE9CF6895B2C759CBC992552C29E0.d.CE687615043E9FD7ECB43944BABD3556.e.11246","ELEMENT":"f.727CE9CF6895B2C759CBC992552C29E0.d.CE687615043E9FD7ECB43944BABD3556.e.11246"}]}
COMMAND: GET /session/b171ef130127fc2a30c2632ea9d3abff/screenshot - {}
RESULT: {"script":"<script> [8489 bytes]","args":[{"element-6066-11e4-a52e-4f735466cecf":"f.727CE9CF6895B2C759CBC992552C29E0.d.CE687615043E9FD7ECB43944BABD3556.e.11246","ELEMENT":"f.727CE9CF6895B2C759CBC992552C29E0.d.CE687615043E9FD7ECB43944BABD3556.e.11246"}]}
COMMAND: GET /session/b171ef130127fc2a30c2632ea9d3abff/screenshot - {}
RESULT: {}
COMMAND: POST /session/b171ef130127fc2a30c2632ea9d3abff/execute/sync - {"script":"<script> [8489 bytes]","args":[{"element-6066-11e4-a52e-4f735466cecf":"f.727CE9CF6895B2C759CBC992552C29E0.d.CE687615043E9FD7ECB43944BABD3556.e.11246","ELEMENT":"f.727CE9CF6895B2C759CBC992552C29E0.d.CE687615043E9FD7ECB43944BABD3556.e.11246"}]}
RESULT: {}
RESULT: {"script":"<script> [8489 bytes]","args":[{"element-6066-11e4-a52e-4f735466cecf":"f.727CE9CF6895B2C759CBC992552C29E0.d.CE687615043E9FD7ECB43944BABD3556.e.11246","ELEMENT":"f.727CE9CF6895B2C759CBC992552C29E0.d.CE687615043E9FD7ECB43944BABD3556.e.11246"}]}
COMMAND: GET /session/b171ef130127fc2a30c2632ea9d3abff/screenshot - {}
RESULT: {}
COMMAND: POST /session/b171ef130127fc2a30c2632ea9d3abff/execute/sync - {"script":"<script> [8489 bytes]","args":[{"element-6066-11e4-a52e-4f735466cecf":"f.727CE9CF6895B2C759CBC992552C29E0.d.CE687615043E9FD7ECB43944BABD3556.e.11246","ELEMENT":"f.727CE9CF6895B2C759CBC992552C29E0.d.CE687615043E9FD7ECB43944BABD3556.e.11246"}]}
RESULT: {"script":"<script> [8489 bytes]","args":[{"element-6066-11e4-a52e-4f735466cecf":"f.727CE9CF6895B2C759CBC992552C29E0.d.CE687615043E9FD7ECB43944BABD3556.e.11246","ELEMENT":"f.727CE9CF6895B2C759CBC992552C29E0.d.CE687615043E9FD7ECB43944BABD3556.e.11246"}]}
COMMAND: GET /session/b171ef130127fc2a30c2632ea9d3abff/screenshot - {}
RESULT: {}
COMMAND: POST /session/b171ef130127fc2a30c2632ea9d3abff/execute/sync - {"script":"<script> [8489 bytes]","args":[{"element-6066-11e4-a52e-4f735466cecf":"f.727CE9CF6895B2C759CBC992552C29E0.d.CE687615043E9FD7ECB43944BABD3556.e.11246","ELEMENT":"f.727CE9CF6895B2C759CBC992552C29E0.d.CE687615043E9FD7ECB43944BABD3556.e.11246"}]}
RESULT: {"script":"<script> [8489 bytes]","args":[{"element-6066-11e4-a52e-4f735466cecf":"f.727CE9CF6895B2C759CBC992552C29E0.d.CE687615043E9FD7ECB43944BABD3556.e.11246","ELEMENT":"f.727CE9CF6895B2C759CBC992552C29E0.d.CE687615043E9FD7ECB43944BABD3556.e.11246"}]}
COMMAND: GET /session/b171ef130127fc2a30c2632ea9d3abff/screenshot - {}
RESULT: {}
COMMAND: POST /session/b171ef130127fc2a30c2632ea9d3abff/execute/sync - {"script":"<script> [8489 bytes]","args":[{"element-6066-11e4-a52e-4f735466cecf":"f.727CE9CF6895B2C759CBC992552C29E0.d.CE687615043E9FD7ECB43944BABD3556.e.11246","ELEMENT":"f.727CE9CF6895B2C759CBC992552C29E0.d.CE687615043E9FD7ECB43944BABD3556.e.11246"}]}
RESULT: {"script":"<script> [8489 bytes]","args":[{"element-6066-11e4-a52e-4f735466cecf":"f.727CE9CF6895B2C759CBC992552C29E0.d.CE687615043E9FD7ECB43944BABD3556.e.11246","ELEMENT":"f.727CE9CF6895B2C759CBC992552C29E0.d.CE687615043E9FD7ECB43944BABD3556.e.11246"}]}
COMMAND: GET /session/b171ef130127fc2a30c2632ea9d3abff/screenshot - {}
RESULT: {}
COMMAND: POST /session/b171ef130127fc2a30c2632ea9d3abff/execute/sync - {"script":"<script> [8489 bytes]","args":[{"element-6066-11e4-a52e-4f735466cecf":"f.727CE9CF6895B2C759CBC992552C29E0.d.CE687615043E9FD7ECB43944BABD3556.e.11246","ELEMENT":"f.727CE9CF6895B2C759CBC992552C29E0.d.CE687615043E9FD7ECB43944BABD3556.e.11246"}]}
RESULT: {"script":"<script> [8489 bytes]","args":[{"element-6066-11e4-a52e-4f735466cecf":"f.727CE9CF6895B2C759CBC992552C29E0.d.CE687615043E9FD7ECB43944BABD3556.e.11246","ELEMENT":"f.727CE9CF6895B2C759CBC992552C29E0.d.CE687615043E9FD7ECB43944BABD3556.e.11246"}]}
COMMAND: GET /session/b171ef130127fc2a30c2632ea9d3abff/screenshot - {}
RESULT: {}
COMMAND: POST /session/b171ef130127fc2a30c2632ea9d3abff/execute/sync - {"script":"<script> [8489 bytes]","args":[{"element-6066-11e4-a52e-4f735466cecf":"f.727CE9CF6895B2C759CBC992552C29E0.d.CE687615043E9FD7ECB43944BABD3556.e.11246","ELEMENT":"f.727CE9CF6895B2C759CBC992552C29E0.d.CE687615043E9FD7ECB43944BABD3556.e.11246"}]}
RESULT: {"script":"<script> [8489 bytes]","args":[{"element-6066-11e4-a52e-4f735466cecf":"f.727CE9CF6895B2C759CBC992552C29E0.d.CE687615043E9FD7ECB43944BABD3556.e.11246","ELEMENT":"f.727CE9CF6895B2C759CBC992552C29E0.d.CE687615043E9FD7ECB43944BABD3556.e.11246"}]}
COMMAND: GET /session/b171ef130127fc2a30c2632ea9d3abff/screenshot - {}
RESULT: {}
COMMAND: POST /session/b171ef130127fc2a30c2632ea9d3abff/execute/sync - {"script":"<script> [8489 bytes]","args":[{"element-6066-11e4-a52e-4f735466cecf":"f.727CE9CF6895B2C759CBC992552C29E0.d.CE687615043E9FD7ECB43944BABD3556.e.11246","ELEMENT":"f.727CE9CF6895B2C759CBC992552C29E0.d.CE687615043E9FD7ECB43944BABD3556.e.11246"}]}
RESULT: {"script":"<script> [8489 bytes]","args":[{"element-6066-11e4-a52e-4f735466cecf":"f.727CE9CF6895B2C759CBC992552C29E0.d.CE687615043E9FD7ECB43944BABD3556.e.11246","ELEMENT":"f.727CE9CF6895B2C759CBC992552C29E0.d.CE687615043E9FD7ECB43944BABD3556.e.11246"}]}
COMMAND: GET /session/b171ef130127fc2a30c2632ea9d3abff/screenshot - {}
RESULT: {}
COMMAND: POST /session/b171ef130127fc2a30c2632ea9d3abff/execute/sync - {"script":"<script> [8489 bytes]","args":[{"element-6066-11e4-a52e-4f735466cecf":"f.727CE9CF6895B2C759CBC992552C29E0.d.CE687615043E9FD7ECB43944BABD3556.e.11246","ELEMENT":"f.727CE9CF6895B2C759CBC992552C29E0.d.CE687615043E9FD7ECB43944BABD3556.e.11246"}]}
RESULT: {"script":"<script> [8489 bytes]","args":[{"element-6066-11e4-a52e-4f735466cecf":"f.727CE9CF6895B2C759CBC992552C29E0.d.CE687615043E9FD7ECB43944BABD3556.e.11246","ELEMENT":"f.727CE9CF6895B2C759CBC992552C29E0.d.CE687615043E9FD7ECB43944BABD3556.e.11246"}]}
COMMAND: GET /session/b171ef130127fc2a30c2632ea9d3abff/screenshot - {}
RESULT: {}
COMMAND: POST /session/b171ef130127fc2a30c2632ea9d3abff/execute/sync - {"script":"<script> [8489 bytes]","args":[{"element-6066-11e4-a52e-4f735466cecf":"f.727CE9CF6895B2C759CBC992552C29E0.d.CE687615043E9FD7ECB43944BABD3556.e.11246","ELEMENT":"f.727CE9CF6895B2C759CBC992552C29E0.d.CE687615043E9FD7ECB43944BABD3556.e.11246"}]}
RESULT: {"script":"<script> [8489 bytes]","args":[{"element-6066-11e4-a52e-4f735466cecf":"f.727CE9CF6895B2C759CBC992552C29E0.d.CE687615043E9FD7ECB43944BABD3556.e.11246","ELEMENT":"f.727CE9CF6895B2C759CBC992552C29E0.d.CE687615043E9FD7ECB43944BABD3556.e.11246"}]}
COMMAND: GET /session/b171ef130127fc2a30c2632ea9d3abff/screenshot - {}
RESULT: {}
COMMAND: POST /session/b171ef130127fc2a30c2632ea9d3abff/execute/sync - {"script":"<script> [8489 bytes]","args":[{"element-6066-11e4-a52e-4f735466cecf":"f.727CE9CF6895B2C759CBC992552C29E0.d.CE687615043E9FD7ECB43944BABD3556.e.11246","ELEMENT":"f.727CE9CF6895B2C759CBC992552C29E0.d.CE687615043E9FD7ECB43944BABD3556.e.11246"}]}
RESULT: {"script":"<script> [8489 bytes]","args":[{"element-6066-11e4-a52e-4f735466cecf":"f.727CE9CF6895B2C759CBC992552C29E0.d.CE687615043E9FD7ECB43944BABD3556.e.11246","ELEMENT":"f.727CE9CF6895B2C759CBC992552C29E0.d.CE687615043E9FD7ECB43944BABD3556.e.11246"}]}
COMMAND: GET /session/b171ef130127fc2a30c2632ea9d3abff/screenshot - {}
RESULT: {}
COMMAND: POST /session/b171ef130127fc2a30c2632ea9d3abff/execute/sync - {"script":"<script> [8489 bytes]","args":[{"element-6066-11e4-a52e-4f735466cecf":"f.727CE9CF6895B2C759CBC992552C29E0.d.CE687615043E9FD7ECB43944BABD3556.e.11246","ELEMENT":"f.727CE9CF6895B2C759CBC992552C29E0.d.CE687615043E9FD7ECB43944BABD3556.e.11246"}]}
RESULT: {"script":"<script> [8489 bytes]","args":[{"element-6066-11e4-a52e-4f735466cecf":"f.727CE9CF6895B2C759CBC992552C29E0.d.CE687615043E9FD7ECB43944BABD3556.e.11246","ELEMENT":"f.727CE9CF6895B2C759CBC992552C29E0.d.CE687615043E9FD7ECB43944BABD3556.e.11246"}]}
COMMAND: GET /session/b171ef130127fc2a30c2632ea9d3abff/screenshot - {}
RESULT: {}
COMMAND: POST /session/b171ef130127fc2a30c2632ea9d3abff/execute/sync - {"script":"<script> [8489 bytes]","args":[{"element-6066-11e4-a52e-4f735466cecf":"f.727CE9CF6895B2C759CBC992552C29E0.d.CE687615043E9FD7ECB43944BABD3556.e.11246","ELEMENT":"f.727CE9CF6895B2C759CBC992552C29E0.d.CE687615043E9FD7ECB43944BABD3556.e.11246"}]}
RESULT: {"script":"<script> [8489 bytes]","args":[{"element-6066-11e4-a52e-4f735466cecf":"f.727CE9CF6895B2C759CBC992552C29E0.d.CE687615043E9FD7ECB43944BABD3556.e.11246","ELEMENT":"f.727CE9CF6895B2C759CBC992552C29E0.d.CE687615043E9FD7ECB43944BABD3556.e.11246"}]}
COMMAND: GET /session/b171ef130127fc2a30c2632ea9d3abff/screenshot - {}
RESULT: {}
COMMAND: POST /session/b171ef130127fc2a30c2632ea9d3abff/execute/sync - {"script":"<script> [8489 bytes]","args":[{"element-6066-11e4-a52e-4f735466cecf":"f.727CE9CF6895B2C759CBC992552C29E0.d.CE687615043E9FD7ECB43944BABD3556.e.11246","ELEMENT":"f.727CE9CF6895B2C759CBC992552C29E0.d.CE687615043E9FD7ECB43944BABD3556.e.11246"}]}
RESULT: {"script":"<script> [8489 bytes]","args":[{"element-6066-11e4-a52e-4f735466cecf":"f.727CE9CF6895B2C759CBC992552C29E0.d.CE687615043E9FD7ECB43944BABD3556.e.11246","ELEMENT":"f.727CE9CF6895B2C759CBC992552C29E0.d.CE687615043E9FD7ECB43944BABD3556.e.11246"}]}
COMMAND: GET /session/b171ef130127fc2a30c2632ea9d3abff/screenshot - {}
RESULT: {}
COMMAND: POST /session/b171ef130127fc2a30c2632ea9d3abff/execute/sync - {"script":"<script> [8489 bytes]","args":[{"element-6066-11e4-a52e-4f735466cecf":"f.727CE9CF6895B2C759CBC992552C29E0.d.CE687615043E9FD7ECB43944BABD3556.e.11246","ELEMENT":"f.727CE9CF6895B2C759CBC992552C29E0.d.CE687615043E9FD7ECB43944BABD3556.e.11246"}]}
RESULT: {"script":"<script> [8489 bytes]","args":[{"element-6066-11e4-a52e-4f735466cecf":"f.727CE9CF6895B2C759CBC992552C29E0.d.CE687615043E9FD7ECB43944BABD3556.e.11246","ELEMENT":"f.727CE9CF6895B2C759CBC992552C29E0.d.CE687615043E9FD7ECB43944BABD3556.e.11246"}]}
COMMAND: GET /session/b171ef130127fc2a30c2632ea9d3abff/screenshot - {}
RESULT: {}
COMMAND: POST /session/b171ef130127fc2a30c2632ea9d3abff/execute/sync - {"script":"<script> [8489 bytes]","args":[{"element-6066-11e4-a52e-4f735466cecf":"f.727CE9CF6895B2C759CBC992552C29E0.d.CE687615043E9FD7ECB43944BABD3556.e.11246","ELEMENT":"f.727CE9CF6895B2C759CBC992552C29E0.d.CE687615043E9FD7ECB43944BABD3556.e.11246"}]}
RESULT: {"script":"<script> [8489 bytes]","args":[{"element-6066-11e4-a52e-4f735466cecf":"f.727CE9CF6895B2C759CBC992552C29E0.d.CE687615043E9FD7ECB43944BABD3556.e.11246","ELEMENT":"f.727CE9CF6895B2C759CBC992552C29E0.d.CE687615043E9FD7ECB43944BABD3556.e.11246"}]}
COMMAND: GET /session/b171ef130127fc2a30c2632ea9d3abff/screenshot - {}
RESULT: {}
COMMAND: POST /session/b171ef130127fc2a30c2632ea9d3abff/execute/sync - {"script":"<script> [8489 bytes]","args":[{"element-6066-11e4-a52e-4f735466cecf":"f.727CE9CF6895B2C759CBC992552C29E0.d.CE687615043E9FD7ECB43944BABD3556.e.11246","ELEMENT":"f.727CE9CF6895B2C759CBC992552C29E0.d.CE687615043E9FD7ECB43944BABD3556.e.11246"}]}
RESULT: {"script":"<script> [8489 bytes]","args":[{"element-6066-11e4-a52e-4f735466cecf":"f.727CE9CF6895B2C759CBC992552C29E0.d.CE687615043E9FD7ECB43944BABD3556.e.11246","ELEMENT":"f.727CE9CF6895B2C759CBC992552C29E0.d.CE687615043E9FD7ECB43944BABD3556.e.11246"}]}
COMMAND: GET /session/b171ef130127fc2a30c2632ea9d3abff/screenshot - {}
RESULT: {}
COMMAND: POST /session/b171ef130127fc2a30c2632ea9d3abff/execute/sync - {"script":"<script> [8489 bytes]","args":[{"element-6066-11e4-a52e-4f735466cecf":"f.727CE9CF6895B2C759CBC992552C29E0.d.CE687615043E9FD7ECB43944BABD3556.e.11246","ELEMENT":"f.727CE9CF6895B2C759CBC992552C29E0.d.CE687615043E9FD7ECB43944BABD3556.e.11246"}]}
RESULT: {"script":"<script> [8489 bytes]","args":[{"element-6066-11e4-a52e-4f735466cecf":"f.727CE9CF6895B2C759CBC992552C29E0.d.CE687615043E9FD7ECB43944BABD3556.e.11246","ELEMENT":"f.727CE9CF6895B2C759CBC992552C29E0.d.CE687615043E9FD7ECB43944BABD3556.e.11246"}]}
COMMAND: GET /session/b171ef130127fc2a30c2632ea9d3abff/screenshot - {}
RESULT: {}
COMMAND: POST /session/b171ef130127fc2a30c2632ea9d3abff/execute/sync - {"script":"<script> [8489 bytes]","args":[{"element-6066-11e4-a52e-4f735466cecf":"f.727CE9CF6895B2C759CBC992552C29E0.d.CE687615043E9FD7ECB43944BABD3556.e.11246","ELEMENT":"f.727CE9CF6895B2C759CBC992552C29E0.d.CE687615043E9FD7ECB43944BABD3556.e.11246"}]}
RESULT: {"script":"<script> [8489 bytes]","args":[{"element-6066-11e4-a52e-4f735466cecf":"f.727CE9CF6895B2C759CBC992552C29E0.d.CE687615043E9FD7ECB43944BABD3556.e.11246","ELEMENT":"f.727CE9CF6895B2C759CBC992552C29E0.d.CE687615043E9FD7ECB43944BABD3556.e.11246"}]}
COMMAND: GET /session/b171ef130127fc2a30c2632ea9d3abff/screenshot - {}
RESULT: {}
COMMAND: POST /session/b171ef130127fc2a30c2632ea9d3abff/execute/sync - {"script":"<script> [8489 bytes]","args":[{"element-6066-11e4-a52e-4f735466cecf":"f.727CE9CF6895B2C759CBC992552C29E0.d.CE687615043E9FD7ECB43944BABD3556.e.11246","ELEMENT":"f.727CE9CF6895B2C759CBC992552C29E0.d.CE687615043E9FD7ECB43944BABD3556.e.11246"}]}
RESULT: {"script":"<script> [8489 bytes]","args":[{"element-6066-11e4-a52e-4f735466cecf":"f.727CE9CF6895B2C759CBC992552C29E0.d.CE687615043E9FD7ECB43944BABD3556.e.11246","ELEMENT":"f.727CE9CF6895B2C759CBC992552C29E0.d.CE687615043E9FD7ECB43944BABD3556.e.11246"}]}
COMMAND: GET /session/b171ef130127fc2a30c2632ea9d3abff/screenshot - {}
RESULT: {}
COMMAND: POST /session/b171ef130127fc2a30c2632ea9d3abff/execute/sync - {"script":"<script> [8489 bytes]","args":[{"element-6066-11e4-a52e-4f735466cecf":"f.727CE9CF6895B2C759CBC992552C29E0.d.CE687615043E9FD7ECB43944BABD3556.e.11246","ELEMENT":"f.727CE9CF6895B2C759CBC992552C29E0.d.CE687615043E9FD7ECB43944BABD3556.e.11246"}]}
RESULT: {"script":"<script> [8489 bytes]","args":[{"element-6066-11e4-a52e-4f735466cecf":"f.727CE9CF6895B2C759CBC992552C29E0.d.CE687615043E9FD7ECB43944BABD3556.e.11246","ELEMENT":"f.727CE9CF6895B2C759CBC992552C29E0.d.CE687615043E9FD7ECB43944BABD3556.e.11246"}]}
COMMAND: GET /session/b171ef130127fc2a30c2632ea9d3abff/screenshot - {}
RESULT: {}
COMMAND: POST /session/b171ef130127fc2a30c2632ea9d3abff/execute/sync - {"script":"<script> [8489 bytes]","args":[{"element-6066-11e4-a52e-4f735466cecf":"f.727CE9CF6895B2C759CBC992552C29E0.d.CE687615043E9FD7ECB43944BABD3556.e.11246","ELEMENT":"f.727CE9CF6895B2C759CBC992552C29E0.d.CE687615043E9FD7ECB43944BABD3556.e.11246"}]}
RESULT: {"script":"<script> [8489 bytes]","args":[{"element-6066-11e4-a52e-4f735466cecf":"f.727CE9CF6895B2C759CBC992552C29E0.d.CE687615043E9FD7ECB43944BABD3556.e.11246","ELEMENT":"f.727CE9CF6895B2C759CBC992552C29E0.d.CE687615043E9FD7ECB43944BABD3556.e.11246"}]}
COMMAND: GET /session/b171ef130127fc2a30c2632ea9d3abff/screenshot - {}
RESULT: {}
COMMAND: POST /session/b171ef130127fc2a30c2632ea9d3abff/execute/sync - {"script":"<script> [8489 bytes]","args":[{"element-6066-11e4-a52e-4f735466cecf":"f.727CE9CF6895B2C759CBC992552C29E0.d.CE687615043E9FD7ECB43944BABD3556.e.11246","ELEMENT":"f.727CE9CF6895B2C759CBC992552C29E0.d.CE687615043E9FD7ECB43944BABD3556.e.11246"}]}
RESULT: {"script":"<script> [8489 bytes]","args":[{"element-6066-11e4-a52e-4f735466cecf":"f.727CE9CF6895B2C759CBC992552C29E0.d.CE687615043E9FD7ECB43944BABD3556.e.11246","ELEMENT":"f.727CE9CF6895B2C759CBC992552C29E0.d.CE687615043E9FD7ECB43944BABD3556.e.11246"}]}
COMMAND: GET /session/b171ef130127fc2a30c2632ea9d3abff/screenshot - {}
RESULT: {}
COMMAND: POST /session/b171ef130127fc2a30c2632ea9d3abff/execute/sync - {"script":"<script> [8489 bytes]","args":[{"element-6066-11e4-a52e-4f735466cecf":"f.727CE9CF6895B2C759CBC992552C29E0.d.CE687615043E9FD7ECB43944BABD3556.e.11246","ELEMENT":"f.727CE9CF6895B2C759CBC992552C29E0.d.CE687615043E9FD7ECB43944BABD3556.e.11246"}]}
RESULT: {"script":"<script> [8489 bytes]","args":[{"element-6066-11e4-a52e-4f735466cecf":"f.727CE9CF6895B2C759CBC992552C29E0.d.CE687615043E9FD7ECB43944BABD3556.e.11246","ELEMENT":"f.727CE9CF6895B2C759CBC992552C29E0.d.CE687615043E9FD7ECB43944BABD3556.e.11246"}]}
COMMAND: GET /session/b171ef130127fc2a30c2632ea9d3abff/screenshot - {}
RESULT: {}
COMMAND: POST /session/b171ef130127fc2a30c2632ea9d3abff/execute/sync - {"script":"<script> [8489 bytes]","args":[{"element-6066-11e4-a52e-4f735466cecf":"f.727CE9CF6895B2C759CBC992552C29E0.d.CE687615043E9FD7ECB43944BABD3556.e.11246","ELEMENT":"f.727CE9CF6895B2C759CBC992552C29E0.d.CE687615043E9FD7ECB43944BABD3556.e.11246"}]}
RESULT: {"script":"<script> [8489 bytes]","args":[{"element-6066-11e4-a52e-4f735466cecf":"f.727CE9CF6895B2C759CBC992552C29E0.d.CE687615043E9FD7ECB43944BABD3556.e.11246","ELEMENT":"f.727CE9CF6895B2C759CBC992552C29E0.d.CE687615043E9FD7ECB43944BABD3556.e.11246"}]}
COMMAND: GET /session/b171ef130127fc2a30c2632ea9d3abff/screenshot - {}
RESULT: {}
COMMAND: POST /session/b171ef130127fc2a30c2632ea9d3abff/execute/sync - {"script":"<script> [8489 bytes]","args":[{"element-6066-11e4-a52e-4f735466cecf":"f.727CE9CF6895B2C759CBC992552C29E0.d.CE687615043E9FD7ECB43944BABD3556.e.11246","ELEMENT":"f.727CE9CF6895B2C759CBC992552C29E0.d.CE687615043E9FD7ECB43944BABD3556.e.11246"}]}
RESULT: {"script":"<script> [8489 bytes]","args":[{"element-6066-11e4-a52e-4f735466cecf":"f.727CE9CF6895B2C759CBC992552C29E0.d.CE687615043E9FD7ECB43944BABD3556.e.11246","ELEMENT":"f.727CE9CF6895B2C759CBC992552C29E0.d.CE687615043E9FD7ECB43944BABD3556.e.11246"}]}
COMMAND: GET /session/b171ef130127fc2a30c2632ea9d3abff/screenshot - {}
RESULT: {}
COMMAND: POST /session/b171ef130127fc2a30c2632ea9d3abff/execute/sync - {"script":"<script> [8489 bytes]","args":[{"element-6066-11e4-a52e-4f735466cecf":"f.727CE9CF6895B2C759CBC992552C29E0.d.CE687615043E9FD7ECB43944BABD3556.e.11246","ELEMENT":"f.727CE9CF6895B2C759CBC992552C29E0.d.CE687615043E9FD7ECB43944BABD3556.e.11246"}]}
RESULT: {"script":"<script> [8489 bytes]","args":[{"element-6066-11e4-a52e-4f735466cecf":"f.727CE9CF6895B2C759CBC992552C29E0.d.CE687615043E9FD7ECB43944BABD3556.e.11246","ELEMENT":"f.727CE9CF6895B2C759CBC992552C29E0.d.CE687615043E9FD7ECB43944BABD3556.e.11246"}]}
COMMAND: GET /session/b171ef130127fc2a30c2632ea9d3abff/screenshot - {}
RESULT: {}
COMMAND: POST /session/b171ef130127fc2a30c2632ea9d3abff/execute/sync - {"script":"<script> [8489 bytes]","args":[{"element-6066-11e4-a52e-4f735466cecf":"f.727CE9CF6895B2C759CBC992552C29E0.d.CE687615043E9FD7ECB43944BABD3556.e.11246","ELEMENT":"f.727CE9CF6895B2C759CBC992552C29E0.d.CE687615043E9FD7ECB43944BABD3556.e.11246"}]}
RESULT: {"script":"<script> [8489 bytes]","args":[{"element-6066-11e4-a52e-4f735466cecf":"f.727CE9CF6895B2C759CBC992552C29E0.d.CE687615043E9FD7ECB43944BABD3556.e.11246","ELEMENT":"f.727CE9CF6895B2C759CBC992552C29E0.d.CE687615043E9FD7ECB43944BABD3556.e.11246"}]}
COMMAND: GET /session/b171ef130127fc2a30c2632ea9d3abff/screenshot - {}
RESULT: {}
COMMAND: POST /session/b171ef130127fc2a30c2632ea9d3abff/execute/sync - {"script":"<script> [8489 bytes]","args":[{"element-6066-11e4-a52e-4f735466cecf":"f.727CE9CF6895B2C759CBC992552C29E0.d.CE687615043E9FD7ECB43944BABD3556.e.11246","ELEMENT":"f.727CE9CF6895B2C759CBC992552C29E0.d.CE687615043E9FD7ECB43944BABD3556.e.11246"}]}
RESULT: {"script":"<script> [8489 bytes]","args":[{"element-6066-11e4-a52e-4f735466cecf":"f.727CE9CF6895B2C759CBC992552C29E0.d.CE687615043E9FD7ECB43944BABD3556.e.11246","ELEMENT":"f.727CE9CF6895B2C759CBC992552C29E0.d.CE687615043E9FD7ECB43944BABD3556.e.11246"}]}
COMMAND: GET /session/b171ef130127fc2a30c2632ea9d3abff/screenshot - {}
RESULT: {}
COMMAND: POST /session/b171ef130127fc2a30c2632ea9d3abff/execute/sync - {"script":"<script> [8489 bytes]","args":[{"element-6066-11e4-a52e-4f735466cecf":"f.727CE9CF6895B2C759CBC992552C29E0.d.CE687615043E9FD7ECB43944BABD3556.e.11246","ELEMENT":"f.727CE9CF6895B2C759CBC992552C29E0.d.CE687615043E9FD7ECB43944BABD3556.e.11246"}]}
RESULT: {"script":"<script> [8489 bytes]","args":[{"element-6066-11e4-a52e-4f735466cecf":"f.727CE9CF6895B2C759CBC992552C29E0.d.CE687615043E9FD7ECB43944BABD3556.e.11246","ELEMENT":"f.727CE9CF6895B2C759CBC992552C29E0.d.CE687615043E9FD7ECB43944BABD3556.e.11246"}]}
COMMAND: GET /session/b171ef130127fc2a30c2632ea9d3abff/screenshot - {}
RESULT: {}
COMMAND: POST /session/b171ef130127fc2a30c2632ea9d3abff/execute/sync - {"script":"<script> [8489 bytes]","args":[{"element-6066-11e4-a52e-4f735466cecf":"f.727CE9CF6895B2C759CBC992552C29E0.d.CE687615043E9FD7ECB43944BABD3556.e.11246","ELEMENT":"f.727CE9CF6895B2C759CBC992552C29E0.d.CE687615043E9FD7ECB43944BABD3556.e.11246"}]}
RESULT: {"script":"<script> [8489 bytes]","args":[{"element-6066-11e4-a52e-4f735466cecf":"f.727CE9CF6895B2C759CBC992552C29E0.d.CE687615043E9FD7ECB43944BABD3556.e.11246","ELEMENT":"f.727CE9CF6895B2C759CBC992552C29E0.d.CE687615043E9FD7ECB43944BABD3556.e.11246"}]}
COMMAND: GET /session/b171ef130127fc2a30c2632ea9d3abff/screenshot - {}
RESULT: {}
COMMAND: POST /session/b171ef130127fc2a30c2632ea9d3abff/execute/sync - {"script":"<script> [8489 bytes]","args":[{"element-6066-11e4-a52e-4f735466cecf":"f.727CE9CF6895B2C759CBC992552C29E0.d.CE687615043E9FD7ECB43944BABD3556.e.11246","ELEMENT":"f.727CE9CF6895B2C759CBC992552C29E0.d.CE687615043E9FD7ECB43944BABD3556.e.11246"}]}
RESULT: {"script":"<script> [8489 bytes]","args":[{"element-6066-11e4-a52e-4f735466cecf":"f.727CE9CF6895B2C759CBC992552C29E0.d.CE687615043E9FD7ECB43944BABD3556.e.11246","ELEMENT":"f.727CE9CF6895B2C759CBC992552C29E0.d.CE687615043E9FD7ECB43944BABD3556.e.11246"}]}
COMMAND: GET /session/b171ef130127fc2a30c2632ea9d3abff/screenshot - {}
RESULT: {}
COMMAND: POST /session/b171ef130127fc2a30c2632ea9d3abff/execute/sync - {"script":"<script> [8489 bytes]","args":[{"element-6066-11e4-a52e-4f735466cecf":"f.727CE9CF6895B2C759CBC992552C29E0.d.CE687615043E9FD7ECB43944BABD3556.e.11246","ELEMENT":"f.727CE9CF6895B2C759CBC992552C29E0.d.CE687615043E9FD7ECB43944BABD3556.e.11246"}]}
RESULT: {"script":"<script> [8489 bytes]","args":[{"element-6066-11e4-a52e-4f735466cecf":"f.727CE9CF6895B2C759CBC992552C29E0.d.CE687615043E9FD7ECB43944BABD3556.e.11246","ELEMENT":"f.727CE9CF6895B2C759CBC992552C29E0.d.CE687615043E9FD7ECB43944BABD3556.e.11246"}]}
COMMAND: GET /session/b171ef130127fc2a30c2632ea9d3abff/screenshot - {}
RESULT: {}
COMMAND: POST /session/b171ef130127fc2a30c2632ea9d3abff/execute/sync - {"script":"<script> [8489 bytes]","args":[{"element-6066-11e4-a52e-4f735466cecf":"f.727CE9CF6895B2C759CBC992552C29E0.d.CE687615043E9FD7ECB43944BABD3556.e.11246","ELEMENT":"f.727CE9CF6895B2C759CBC992552C29E0.d.CE687615043E9FD7ECB43944BABD3556.e.11246"}]}
RESULT: {"script":"<script> [8489 bytes]","args":[{"element-6066-11e4-a52e-4f735466cecf":"f.727CE9CF6895B2C759CBC992552C29E0.d.CE687615043E9FD7ECB43944BABD3556.e.11246","ELEMENT":"f.727CE9CF6895B2C759CBC992552C29E0.d.CE687615043E9FD7ECB43944BABD3556.e.11246"}]}
COMMAND: GET /session/b171ef130127fc2a30c2632ea9d3abff/screenshot - {}
RESULT: {}
COMMAND: POST /session/b171ef130127fc2a30c2632ea9d3abff/execute/sync - {"script":"<script> [8489 bytes]","args":[{"element-6066-11e4-a52e-4f735466cecf":"f.727CE9CF6895B2C759CBC992552C29E0.d.CE687615043E9FD7ECB43944BABD3556.e.11246","ELEMENT":"f.727CE9CF6895B2C759CBC992552C29E0.d.CE687615043E9FD7ECB43944BABD3556.e.11246"}]}
RESULT: {"script":"<script> [8489 bytes]","args":[{"element-6066-11e4-a52e-4f735466cecf":"f.727CE9CF6895B2C759CBC992552C29E0.d.CE687615043E9FD7ECB43944BABD3556.e.11246","ELEMENT":"f.727CE9CF6895B2C759CBC992552C29E0.d.CE687615043E9FD7ECB43944BABD3556.e.11246"}]}
COMMAND: GET /session/b171ef130127fc2a30c2632ea9d3abff/screenshot - {}
RESULT: {}
COMMAND: POST /session/b171ef130127fc2a30c2632ea9d3abff/execute/sync - {"script":"<script> [8489 bytes]","args":[{"element-6066-11e4-a52e-4f735466cecf":"f.727CE9CF6895B2C759CBC992552C29E0.d.CE687615043E9FD7ECB43944BABD3556.e.11246","ELEMENT":"f.727CE9CF6895B2C759CBC992552C29E0.d.CE687615043E9FD7ECB43944BABD3556.e.11246"}]}
RESULT: {"script":"<script> [8489 bytes]","args":[{"element-6066-11e4-a52e-4f735466cecf":"f.727CE9CF6895B2C759CBC992552C29E0.d.CE687615043E9FD7ECB43944BABD3556.e.11246","ELEMENT":"f.727CE9CF6895B2C759CBC992552C29E0.d.CE687615043E9FD7ECB43944BABD3556.e.11246"}]}
COMMAND: GET /session/b171ef130127fc2a30c2632ea9d3abff/screenshot - {}
RESULT: {}
COMMAND: POST /session/b171ef130127fc2a30c2632ea9d3abff/execute/sync - {"script":"<script> [8489 bytes]","args":[{"element-6066-11e4-a52e-4f735466cecf":"f.727CE9CF6895B2C759CBC992552C29E0.d.CE687615043E9FD7ECB43944BABD3556.e.11246","ELEMENT":"f.727CE9CF6895B2C759CBC992552C29E0.d.CE687615043E9FD7ECB43944BABD3556.e.11246"}]}
RESULT: {"script":"<script> [8489 bytes]","args":[{"element-6066-11e4-a52e-4f735466cecf":"f.727CE9CF6895B2C759CBC992552C29E0.d.CE687615043E9FD7ECB43944BABD3556.e.11246","ELEMENT":"f.727CE9CF6895B2C759CBC992552C29E0.d.CE687615043E9FD7ECB43944BABD3556.e.11246"}]}
COMMAND: GET /session/b171ef130127fc2a30c2632ea9d3abff/screenshot - {}
RESULT: {}
COMMAND: POST /session/b171ef130127fc2a30c2632ea9d3abff/execute/sync - {"script":"<script> [8489 bytes]","args":[{"element-6066-11e4-a52e-4f735466cecf":"f.727CE9CF6895B2C759CBC992552C29E0.d.CE687615043E9FD7ECB43944BABD3556.e.11246","ELEMENT":"f.727CE9CF6895B2C759CBC992552C29E0.d.CE687615043E9FD7ECB43944BABD3556.e.11246"}]}
RESULT: {"script":"<script> [8489 bytes]","args":[{"element-6066-11e4-a52e-4f735466cecf":"f.727CE9CF6895B2C759CBC992552C29E0.d.CE687615043E9FD7ECB43944BABD3556.e.11246","ELEMENT":"f.727CE9CF6895B2C759CBC992552C29E0.d.CE687615043E9FD7ECB43944BABD3556.e.11246"}]}
COMMAND: GET /session/b171ef130127fc2a30c2632ea9d3abff/screenshot - {}
RESULT: {}
COMMAND: POST /session/b171ef130127fc2a30c2632ea9d3abff/execute/sync - {"script":"<script> [8489 bytes]","args":[{"element-6066-11e4-a52e-4f735466cecf":"f.727CE9CF6895B2C759CBC992552C29E0.d.CE687615043E9FD7ECB43944BABD3556.e.11246","ELEMENT":"f.727CE9CF6895B2C759CBC992552C29E0.d.CE687615043E9FD7ECB43944BABD3556.e.11246"}]}
RESULT: {"script":"<script> [8489 bytes]","args":[{"element-6066-11e4-a52e-4f735466cecf":"f.727CE9CF6895B2C759CBC992552C29E0.d.CE687615043E9FD7ECB43944BABD3556.e.11246","ELEMENT":"f.727CE9CF6895B2C759CBC992552C29E0.d.CE687615043E9FD7ECB43944BABD3556.e.11246"}]}
COMMAND: GET /session/b171ef130127fc2a30c2632ea9d3abff/screenshot - {}
RESULT: {}
COMMAND: POST /session/b171ef130127fc2a30c2632ea9d3abff/execute/sync - {"script":"<script> [8489 bytes]","args":[{"element-6066-11e4-a52e-4f735466cecf":"f.727CE9CF6895B2C759CBC992552C29E0.d.CE687615043E9FD7ECB43944BABD3556.e.11246","ELEMENT":"f.727CE9CF6895B2C759CBC992552C29E0.d.CE687615043E9FD7ECB43944BABD3556.e.11246"}]}
RESULT: {"script":"<script> [8489 bytes]","args":[{"element-6066-11e4-a52e-4f735466cecf":"f.727CE9CF6895B2C759CBC992552C29E0.d.CE687615043E9FD7ECB43944BABD3556.e.11246","ELEMENT":"f.727CE9CF6895B2C759CBC992552C29E0.d.CE687615043E9FD7ECB43944BABD3556.e.11246"}]}
COMMAND: GET /session/b171ef130127fc2a30c2632ea9d3abff/screenshot - {}
RESULT: {}
COMMAND: POST /session/b171ef130127fc2a30c2632ea9d3abff/execute/sync - {"script":"<script> [8489 bytes]","args":[{"element-6066-11e4-a52e-4f735466cecf":"f.727CE9CF6895B2C759CBC992552C29E0.d.CE687615043E9FD7ECB43944BABD3556.e.11246","ELEMENT":"f.727CE9CF6895B2C759CBC992552C29E0.d.CE687615043E9FD7ECB43944BABD3556.e.11246"}]}
RESULT: {"script":"<script> [8489 bytes]","args":[{"element-6066-11e4-a52e-4f735466cecf":"f.727CE9CF6895B2C759CBC992552C29E0.d.CE687615043E9FD7ECB43944BABD3556.e.11246","ELEMENT":"f.727CE9CF6895B2C759CBC992552C29E0.d.CE687615043E9FD7ECB43944BABD3556.e.11246"}]}
COMMAND: GET /session/b171ef130127fc2a30c2632ea9d3abff/screenshot - {}
RESULT: {}
COMMAND: POST /session/b171ef130127fc2a30c2632ea9d3abff/execute/sync - {"script":"<script> [8489 bytes]","args":[{"element-6066-11e4-a52e-4f735466cecf":"f.727CE9CF6895B2C759CBC992552C29E0.d.CE687615043E9FD7ECB43944BABD3556.e.11246","ELEMENT":"f.727CE9CF6895B2C759CBC992552C29E0.d.CE687615043E9FD7ECB43944BABD3556.e.11246"}]}
RESULT: {"script":"<script> [8489 bytes]","args":[{"element-6066-11e4-a52e-4f735466cecf":"f.727CE9CF6895B2C759CBC992552C29E0.d.CE687615043E9FD7ECB43944BABD3556.e.11246","ELEMENT":"f.727CE9CF6895B2C759CBC992552C29E0.d.CE687615043E9FD7ECB43944BABD3556.e.11246"}]}
COMMAND: GET /session/b171ef130127fc2a30c2632ea9d3abff/screenshot - {}
RESULT: {}
COMMAND: POST /session/b171ef130127fc2a30c2632ea9d3abff/execute/sync - {"script":"<script> [8489 bytes]","args":[{"element-6066-11e4-a52e-4f735466cecf":"f.727CE9CF6895B2C759CBC992552C29E0.d.CE687615043E9FD7ECB43944BABD3556.e.11246","ELEMENT":"f.727CE9CF6895B2C759CBC992552C29E0.d.CE687615043E9FD7ECB43944BABD3556.e.11246"}]}
RESULT: {"script":"<script> [8489 bytes]","args":[{"element-6066-11e4-a52e-4f735466cecf":"f.727CE9CF6895B2C759CBC992552C29E0.d.CE687615043E9FD7ECB43944BABD3556.e.11246","ELEMENT":"f.727CE9CF6895B2C759CBC992552C29E0.d.CE687615043E9FD7ECB43944BABD3556.e.11246"}]}
COMMAND: GET /session/b171ef130127fc2a30c2632ea9d3abff/screenshot - {}
RESULT: {}
COMMAND: POST /session/b171ef130127fc2a30c2632ea9d3abff/execute/sync - {"script":"<script> [8489 bytes]","args":[{"element-6066-11e4-a52e-4f735466cecf":"f.727CE9CF6895B2C759CBC992552C29E0.d.CE687615043E9FD7ECB43944BABD3556.e.11246","ELEMENT":"f.727CE9CF6895B2C759CBC992552C29E0.d.CE687615043E9FD7ECB43944BABD3556.e.11246"}]}
RESULT: {"script":"<script> [8489 bytes]","args":[{"element-6066-11e4-a52e-4f735466cecf":"f.727CE9CF6895B2C759CBC992552C29E0.d.CE687615043E9FD7ECB43944BABD3556.e.11246","ELEMENT":"f.727CE9CF6895B2C759CBC992552C29E0.d.CE687615043E9FD7ECB43944BABD3556.e.11246"}]}
COMMAND: GET /session/b171ef130127fc2a30c2632ea9d3abff/screenshot - {}
RESULT: {}
COMMAND: POST /session/b171ef130127fc2a30c2632ea9d3abff/execute/sync - {"script":"<script> [8489 bytes]","args":[{"element-6066-11e4-a52e-4f735466cecf":"f.727CE9CF6895B2C759CBC992552C29E0.d.CE687615043E9FD7ECB43944BABD3556.e.11246","ELEMENT":"f.727CE9CF6895B2C759CBC992552C29E0.d.CE687615043E9FD7ECB43944BABD3556.e.11246"}]}
RESULT: {"script":"<script> [8489 bytes]","args":[{"element-6066-11e4-a52e-4f735466cecf":"f.727CE9CF6895B2C759CBC992552C29E0.d.CE687615043E9FD7ECB43944BABD3556.e.11246","ELEMENT":"f.727CE9CF6895B2C759CBC992552C29E0.d.CE687615043E9FD7ECB43944BABD3556.e.11246"}]}
COMMAND: GET /session/b171ef130127fc2a30c2632ea9d3abff/screenshot - {}
COMMAND: POST /session/b171ef130127fc2a30c2632ea9d3abff/execute/sync - {"script":"<script> [8489 bytes]","args":[{"element-6066-11e4-a52e-4f735466cecf":"f.727CE9CF6895B2C759CBC992552C29E0.d.CE687615043E9FD7ECB43944BABD3556.e.11246","ELEMENT":"f.727CE9CF6895B2C759CBC992552C29E0.d.CE687615043E9FD7ECB43944BABD3556.e.11246"}]}
RESULT: {}
RESULT: {"script":"<script> [8489 bytes]","args":[{"element-6066-11e4-a52e-4f735466cecf":"f.727CE9CF6895B2C759CBC992552C29E0.d.CE687615043E9FD7ECB43944BABD3556.e.11246","ELEMENT":"f.727CE9CF6895B2C759CBC992552C29E0.d.CE687615043E9FD7ECB43944BABD3556.e.11246"}]}
COMMAND: GET /session/b171ef130127fc2a30c2632ea9d3abff/screenshot - {}
RESULT: {}
COMMAND: POST /session/b171ef130127fc2a30c2632ea9d3abff/execute/sync - {"script":"<script> [8489 bytes]","args":[{"element-6066-11e4-a52e-4f735466cecf":"f.727CE9CF6895B2C759CBC992552C29E0.d.CE687615043E9FD7ECB43944BABD3556.e.11246","ELEMENT":"f.727CE9CF6895B2C759CBC992552C29E0.d.CE687615043E9FD7ECB43944BABD3556.e.11246"}]}
RESULT: {"script":"<script> [8489 bytes]","args":[{"element-6066-11e4-a52e-4f735466cecf":"f.727CE9CF6895B2C759CBC992552C29E0.d.CE687615043E9FD7ECB43944BABD3556.e.11246","ELEMENT":"f.727CE9CF6895B2C759CBC992552C29E0.d.CE687615043E9FD7ECB43944BABD3556.e.11246"}]}
COMMAND: GET /session/b171ef130127fc2a30c2632ea9d3abff/screenshot - {}
RESULT: {}
COMMAND: POST /session/b171ef130127fc2a30c2632ea9d3abff/execute/sync - {"script":"<script> [8489 bytes]","args":[{"element-6066-11e4-a52e-4f735466cecf":"f.727CE9CF6895B2C759CBC992552C29E0.d.CE687615043E9FD7ECB43944BABD3556.e.11246","ELEMENT":"f.727CE9CF6895B2C759CBC992552C29E0.d.CE687615043E9FD7ECB43944BABD3556.e.11246"}]}
RESULT: {"script":"<script> [8489 bytes]","args":[{"element-6066-11e4-a52e-4f735466cecf":"f.727CE9CF6895B2C759CBC992552C29E0.d.CE687615043E9FD7ECB43944BABD3556.e.11246","ELEMENT":"f.727CE9CF6895B2C759CBC992552C29E0.d.CE687615043E9FD7ECB43944BABD3556.e.11246"}]}
COMMAND: GET /session/b171ef130127fc2a30c2632ea9d3abff/screenshot - {}
RESULT: {}
COMMAND: POST /session/b171ef130127fc2a30c2632ea9d3abff/execute/sync - {"script":"<script> [8489 bytes]","args":[{"element-6066-11e4-a52e-4f735466cecf":"f.727CE9CF6895B2C759CBC992552C29E0.d.CE687615043E9FD7ECB43944BABD3556.e.11246","ELEMENT":"f.727CE9CF6895B2C759CBC992552C29E0.d.CE687615043E9FD7ECB43944BABD3556.e.11246"}]}
RESULT: {"script":"<script> [8489 bytes]","args":[{"element-6066-11e4-a52e-4f735466cecf":"f.727CE9CF6895B2C759CBC992552C29E0.d.CE687615043E9FD7ECB43944BABD3556.e.11246","ELEMENT":"f.727CE9CF6895B2C759CBC992552C29E0.d.CE687615043E9FD7ECB43944BABD3556.e.11246"}]}
COMMAND: GET /session/b171ef130127fc2a30c2632ea9d3abff/screenshot - {}
RESULT: {}
COMMAND: POST /session/b171ef130127fc2a30c2632ea9d3abff/execute/sync - {"script":"<script> [8489 bytes]","args":[{"element-6066-11e4-a52e-4f735466cecf":"f.727CE9CF6895B2C759CBC992552C29E0.d.CE687615043E9FD7ECB43944BABD3556.e.11246","ELEMENT":"f.727CE9CF6895B2C759CBC992552C29E0.d.CE687615043E9FD7ECB43944BABD3556.e.11246"}]}
RESULT: {"script":"<script> [8489 bytes]","args":[{"element-6066-11e4-a52e-4f735466cecf":"f.727CE9CF6895B2C759CBC992552C29E0.d.CE687615043E9FD7ECB43944BABD3556.e.11246","ELEMENT":"f.727CE9CF6895B2C759CBC992552C29E0.d.CE687615043E9FD7ECB43944BABD3556.e.11246"}]}
COMMAND: GET /session/b171ef130127fc2a30c2632ea9d3abff/screenshot - {}
RESULT: {}
COMMAND: POST /session/b171ef130127fc2a30c2632ea9d3abff/execute/async - {"script":"<script> [1562 bytes]","args":[{"selector":{"controlType":"sap.m.Button","viewName":"etm.portal.ui.managesites.view.NewSmartSite","viewId":"application-managesites-display-component---NewSite","properties":{"text":"General Information"},"interaction":{"idSuffix":"BDI-content"}},"wdio_ui5_key":"etmportal.ui.managesites.view.NewSmartSitesap.m.Button{\"text\":\"General Information\"}"}]}
RESULT: {"script":"<script> [1562 bytes]","args":[{"selector":{"controlType":"sap.m.Button","viewName":"etm.portal.ui.managesites.view.NewSmartSite","viewId":"application-managesites-display-component---NewSite","properties":{"text":"General Information"},"interaction":{"idSuffix":"BDI-content"}},"wdio_ui5_key":"etmportal.ui.managesites.view.NewSmartSitesap.m.Button{\"text\":\"General Information\"}"}]}
RESULT: undefined
COMMAND: POST /session/b171ef130127fc2a30c2632ea9d3abff/element - {"using":"xpath","value":"//*[@id=\"application-managesites-display-component---NewSite--ObjectPageLayout-anchBar-__section31-anchor\"]"}
RESULT: {"using":"xpath","value":"//*[@id=\"application-managesites-display-component---NewSite--ObjectPageLayout-anchBar-__section31-anchor\"]"}
COMMAND: POST /session/b171ef130127fc2a30c2632ea9d3abff/element/f.727CE9CF6895B2C759CBC992552C29E0.d.CE687615043E9FD7ECB43944BABD3556.e.11249/click - {}
RESULT: {}
COMMAND: POST /session/b171ef130127fc2a30c2632ea9d3abff/execute/async - {"script":"<script> [1562 bytes]","args":[{"selector":{"id":"application-managesites-display-component---NewSite--addressDetailDetailsName1","interaction":{"idSuffix":"inner"}},"wdio_ui5_key":"applicationmanagesites-display-component---NewSite--addressDetailDetailsName1"}]}
COMMAND: GET /session/b171ef130127fc2a30c2632ea9d3abff/screenshot - {}
RESULT: {"script":"<script> [1562 bytes]","args":[{"selector":{"id":"application-managesites-display-component---NewSite--addressDetailDetailsName1","interaction":{"idSuffix":"inner"}},"wdio_ui5_key":"applicationmanagesites-display-component---NewSite--addressDetailDetailsName1"}]}
RESULT: undefined
COMMAND: POST /session/b171ef130127fc2a30c2632ea9d3abff/execute/async - {"script":"<script> [776 bytes]","args":[{"enterText":"WDI5 WHM Site","selector":{"id":"application-managesites-display-component---NewSite--addressDetailDetailsName1","interaction":{"idSuffix":"inner"}},"clearTextFirst":true,"interactionType":"ENTER_TEXT"}]}
RESULT: {}
RESULT: {"script":"<script> [776 bytes]","args":[{"enterText":"WDI5 WHM Site","selector":{"id":"application-managesites-display-component---NewSite--addressDetailDetailsName1","interaction":{"idSuffix":"inner"}},"clearTextFirst":true,"interactionType":"ENTER_TEXT"}]}
COMMAND: POST /session/b171ef130127fc2a30c2632ea9d3abff/execute/async - {"script":"<script> [1562 bytes]","args":[{"selector":{"id":"application-managesites-display-component---NewSite--addressDetailDetailsLanguage","interaction":{"idSuffix":"inner"}},"wdio_ui5_key":"applicationmanagesites-display-component---NewSite--addressDetailDetailsLanguage"}]}
RESULT: {"script":"<script> [1562 bytes]","args":[{"selector":{"id":"application-managesites-display-component---NewSite--addressDetailDetailsLanguage","interaction":{"idSuffix":"inner"}},"wdio_ui5_key":"applicationmanagesites-display-component---NewSite--addressDetailDetailsLanguage"}]}
RESULT: undefined
COMMAND: POST /session/b171ef130127fc2a30c2632ea9d3abff/execute/async - {"script":"<script> [776 bytes]","args":[{"enterText":"Romanian","selector":{"id":"application-managesites-display-component---NewSite--addressDetailDetailsLanguage","interaction":{"idSuffix":"inner"}},"clearTextFirst":true,"interactionType":"ENTER_TEXT"}]}
RESULT: {"script":"<script> [776 bytes]","args":[{"enterText":"Romanian","selector":{"id":"application-managesites-display-component---NewSite--addressDetailDetailsLanguage","interaction":{"idSuffix":"inner"}},"clearTextFirst":true,"interactionType":"ENTER_TEXT"}]}
COMMAND: POST /session/b171ef130127fc2a30c2632ea9d3abff/execute/async - {"script":"<script> [1562 bytes]","args":[{"selector":{"id":"application-managesites-display-component---NewSite--addressDetailDetailsCity1","interaction":{"idSuffix":"inner"}},"wdio_ui5_key":"applicationmanagesites-display-component---NewSite--addressDetailDetailsCity1"}]}
RESULT: {"script":"<script> [1562 bytes]","args":[{"selector":{"id":"application-managesites-display-component---NewSite--addressDetailDetailsCity1","interaction":{"idSuffix":"inner"}},"wdio_ui5_key":"applicationmanagesites-display-component---NewSite--addressDetailDetailsCity1"}]}
RESULT: undefined
COMMAND: POST /session/b171ef130127fc2a30c2632ea9d3abff/execute/async - {"script":"<script> [776 bytes]","args":[{"enterText":"Bucharest","selector":{"id":"application-managesites-display-component---NewSite--addressDetailDetailsCity1","interaction":{"idSuffix":"inner"}},"clearTextFirst":true,"interactionType":"ENTER_TEXT"}]}
RESULT: {"script":"<script> [776 bytes]","args":[{"enterText":"Bucharest","selector":{"id":"application-managesites-display-component---NewSite--addressDetailDetailsCity1","interaction":{"idSuffix":"inner"}},"clearTextFirst":true,"interactionType":"ENTER_TEXT"}]}
COMMAND: POST /session/b171ef130127fc2a30c2632ea9d3abff/execute/async - {"script":"<script> [1562 bytes]","args":[{"selector":{"id":"application-managesites-display-component---NewSite--addressDetailDetailsCountry","interaction":{"idSuffix":"inner"}},"wdio_ui5_key":"applicationmanagesites-display-component---NewSite--addressDetailDetailsCountry"}]}
RESULT: {"script":"<script> [1562 bytes]","args":[{"selector":{"id":"application-managesites-display-component---NewSite--addressDetailDetailsCountry","interaction":{"idSuffix":"inner"}},"wdio_ui5_key":"applicationmanagesites-display-component---NewSite--addressDetailDetailsCountry"}]}
RESULT: undefined
COMMAND: POST /session/b171ef130127fc2a30c2632ea9d3abff/execute/async - {"script":"<script> [6424 bytes]","args":[{"element-6066-11e4-a52e-4f735466cecf":"f.727CE9CF6895B2C759CBC992552C29E0.d.CE687615043E9FD7ECB43944BABD3556.e.11078"},"setValue",["Romania"]]}
RESULT: {"script":"<script> [6424 bytes]","args":[{"element-6066-11e4-a52e-4f735466cecf":"f.727CE9CF6895B2C759CBC992552C29E0.d.CE687615043E9FD7ECB43944BABD3556.e.11078"},"setValue",["Romania"]]}
COMMAND: POST /session/b171ef130127fc2a30c2632ea9d3abff/execute/async - {"script":"<script> [1562 bytes]","args":[{"selector":{"id":"application-managesites-display-component---NewSite--addressDetailDetailsCalendar","interaction":{"idSuffix":"inner"}},"wdio_ui5_key":"applicationmanagesites-display-component---NewSite--addressDetailDetailsCalendar"}]}
RESULT: {"script":"<script> [1562 bytes]","args":[{"selector":{"id":"application-managesites-display-component---NewSite--addressDetailDetailsCalendar","interaction":{"idSuffix":"inner"}},"wdio_ui5_key":"applicationmanagesites-display-component---NewSite--addressDetailDetailsCalendar"}]}
RESULT: undefined
COMMAND: POST /session/b171ef130127fc2a30c2632ea9d3abff/execute/async - {"script":"<script> [776 bytes]","args":[{"enterText":"8 - Germany (Standard)","selector":{"id":"application-managesites-display-component---NewSite--addressDetailDetailsCalendar","interaction":{"idSuffix":"inner"}},"clearTextFirst":true,"interactionType":"ENTER_TEXT"}]}
RESULT: {"script":"<script> [776 bytes]","args":[{"enterText":"8 - Germany (Standard)","selector":{"id":"application-managesites-display-component---NewSite--addressDetailDetailsCalendar","interaction":{"idSuffix":"inner"}},"clearTextFirst":true,"interactionType":"ENTER_TEXT"}]}
COMMAND: POST /session/b171ef130127fc2a30c2632ea9d3abff/element - {"using":"xpath","value":"//input[@id=\"application-managesites-display-component---NewSite--addressDetailDetailsYard-inner\"]"}
RESULT: {"using":"xpath","value":"//input[@id=\"application-managesites-display-component---NewSite--addressDetailDetailsYard-inner\"]"}
COMMAND: POST /session/b171ef130127fc2a30c2632ea9d3abff/element/f.727CE9CF6895B2C759CBC992552C29E0.d.CE687615043E9FD7ECB43944BABD3556.e.11089/clear - {}
RESULT: {}
COMMAND: POST /session/b171ef130127fc2a30c2632ea9d3abff/element/f.727CE9CF6895B2C759CBC992552C29E0.d.CE687615043E9FD7ECB43944BABD3556.e.11089/value - {"text":"638"}
COMMAND: GET /session/b171ef130127fc2a30c2632ea9d3abff/screenshot - {}
RESULT: {"text":"638"}
COMMAND: GET /session/b171ef130127fc2a30c2632ea9d3abff/screenshot - {}
RESULT: {}
RESULT: {}
COMMAND: POST /session/b171ef130127fc2a30c2632ea9d3abff/execute/async - {"script":"<script> [1562 bytes]","args":[{"selector":{"controlType":"sap.m.Button","viewName":"etm.portal.ui.managesites.view.NewSmartSite","viewId":"application-managesites-display-component---NewSite","properties":{"text":"Commercial"},"interaction":{"idSuffix":"BDI-content"}},"wdio_ui5_key":"etmportal.ui.managesites.view.NewSmartSitesap.m.Button{\"text\":\"Commercial\"}"}]}
RESULT: {"script":"<script> [1562 bytes]","args":[{"selector":{"controlType":"sap.m.Button","viewName":"etm.portal.ui.managesites.view.NewSmartSite","viewId":"application-managesites-display-component---NewSite","properties":{"text":"Commercial"},"interaction":{"idSuffix":"BDI-content"}},"wdio_ui5_key":"etmportal.ui.managesites.view.NewSmartSitesap.m.Button{\"text\":\"Commercial\"}"}]}
RESULT: undefined
COMMAND: POST /session/b171ef130127fc2a30c2632ea9d3abff/element - {"using":"xpath","value":"//*[@id=\"application-managesites-display-component---NewSite--ObjectPageLayout-anchBar-__section33-anchor\"]"}
RESULT: {"using":"xpath","value":"//*[@id=\"application-managesites-display-component---NewSite--ObjectPageLayout-anchBar-__section33-anchor\"]"}
COMMAND: POST /session/b171ef130127fc2a30c2632ea9d3abff/element/f.727CE9CF6895B2C759CBC992552C29E0.d.CE687615043E9FD7ECB43944BABD3556.e.11259/click - {}
RESULT: {}
COMMAND: POST /session/b171ef130127fc2a30c2632ea9d3abff/execute/async - {"script":"<script> [1562 bytes]","args":[{"selector":{"id":"application-managesites-display-component---NewSite--siteWhmCheckBox-label","interaction":{"idSuffix":"bdi"}},"wdio_ui5_key":"applicationmanagesites-display-component---NewSite--siteWhmCheckBox-label"}]}
COMMAND: GET /session/b171ef130127fc2a30c2632ea9d3abff/screenshot - {}
RESULT: {"script":"<script> [1562 bytes]","args":[{"selector":{"id":"application-managesites-display-component---NewSite--siteWhmCheckBox-label","interaction":{"idSuffix":"bdi"}},"wdio_ui5_key":"applicationmanagesites-display-component---NewSite--siteWhmCheckBox-label"}]}
RESULT: undefined
COMMAND: POST /session/b171ef130127fc2a30c2632ea9d3abff/element - {"using":"xpath","value":"//*[@id=\"application-managesites-display-component---NewSite--siteWhmCheckBox-label\"]"}
RESULT: {}
RESULT: {"using":"xpath","value":"//*[@id=\"application-managesites-display-component---NewSite--siteWhmCheckBox-label\"]"}
COMMAND: POST /session/b171ef130127fc2a30c2632ea9d3abff/element/f.727CE9CF6895B2C759CBC992552C29E0.d.CE687615043E9FD7ECB43944BABD3556.e.11267/click - {}
RESULT: {}
COMMAND: POST /session/b171ef130127fc2a30c2632ea9d3abff/execute/async - {"script":"<script> [1562 bytes]","args":[{"selector":{"controlType":"sap.m.Button","viewName":"etm.portal.ui.managesites.view.NewSmartSite","viewId":"application-managesites-display-component---NewSite","i18NText":{"propertyName":"text","key":"save"},"interaction":{"idSuffix":"BDI-content"}},"wdio_ui5_key":"etmportal.ui.managesites.view.NewSmartSitesap.m.Button{\"propertyName\":\"text\",\"key\":\"save\"}"}]}
COMMAND: GET /session/b171ef130127fc2a30c2632ea9d3abff/screenshot - {}
RESULT: {"script":"<script> [1562 bytes]","args":[{"selector":{"controlType":"sap.m.Button","viewName":"etm.portal.ui.managesites.view.NewSmartSite","viewId":"application-managesites-display-component---NewSite","i18NText":{"propertyName":"text","key":"save"},"interaction":{"idSuffix":"BDI-content"}},"wdio_ui5_key":"etmportal.ui.managesites.view.NewSmartSitesap.m.Button{\"propertyName\":\"text\",\"key\":\"save\"}"}]}
RESULT: undefined
COMMAND: POST /session/b171ef130127fc2a30c2632ea9d3abff/element - {"using":"xpath","value":"//*[@id=\"__button76\"]"}
RESULT: {}
RESULT: {"using":"xpath","value":"//*[@id=\"__button76\"]"}
COMMAND: POST /session/b171ef130127fc2a30c2632ea9d3abff/element/f.727CE9CF6895B2C759CBC992552C29E0.d.CE687615043E9FD7ECB43944BABD3556.e.11241/click - {}
RESULT: {}
COMMAND: GET /session/b171ef130127fc2a30c2632ea9d3abff/screenshot - {}
COMMAND: POST /session/b171ef130127fc2a30c2632ea9d3abff/execute/async - {"script":"<script> [1562 bytes]","args":[{"selector":{"controlType":"sap.m.Text","viewName":"etm.portal.ui.managesites.view.Detail","viewId":"application-managesites-display-component---detailSite","bindingPath":{"propertyPath":"ID","modelName":"catalogModel"}},"wdio_ui5_key":"etmportal.ui.managesites.view.Detailsap.m.Text{\"propertyPath\":\"ID\",\"modelName\":\"catalogModel\"}"}]}
RESULT: undefined
RESULT: undefined
RESULT: {}
RESULT: {"script":"<script> [1562 bytes]","args":[{"selector":{"controlType":"sap.m.Text","viewName":"etm.portal.ui.managesites.view.Detail","viewId":"application-managesites-display-component---detailSite","bindingPath":{"propertyPath":"ID","modelName":"catalogModel"}},"wdio_ui5_key":"etmportal.ui.managesites.view.Detailsap.m.Text{\"propertyPath\":\"ID\",\"modelName\":\"catalogModel\"}"}]}
RESULT: undefined
COMMAND: POST /session/b171ef130127fc2a30c2632ea9d3abff/execute/async - {"script":"<script> [6424 bytes]","args":[{"element-6066-11e4-a52e-4f735466cecf":"f.727CE9CF6895B2C759CBC992552C29E0.d.CE687615043E9FD7ECB43944BABD3556.e.11468"},"getText",[]]}
RESULT: {"script":"<script> [6424 bytes]","args":[{"element-6066-11e4-a52e-4f735466cecf":"f.727CE9CF6895B2C759CBC992552C29E0.d.CE687615043E9FD7ECB43944BABD3556.e.11468"},"getText",[]]}
COMMAND: POST /session/b171ef130127fc2a30c2632ea9d3abff/execute/async - {"script":"<script> [1562 bytes]","args":[{"selector":{"controlType":"sap.m.Label","viewName":"etm.portal.ui.managesites.view.Detail","viewId":"application-managesites-display-component---detailSite","i18NText":{"propertyName":"text","key":"status"}},"wdio_ui5_key":"etmportal.ui.managesites.view.Detailsap.m.Label{\"propertyName\":\"text\",\"key\":\"status\"}"}]}
RESULT: {"script":"<script> [1562 bytes]","args":[{"selector":{"controlType":"sap.m.Label","viewName":"etm.portal.ui.managesites.view.Detail","viewId":"application-managesites-display-component---detailSite","i18NText":{"propertyName":"text","key":"status"}},"wdio_ui5_key":"etmportal.ui.managesites.view.Detailsap.m.Label{\"propertyName\":\"text\",\"key\":\"status\"}"}]}
RESULT: undefined
COMMAND: POST /session/b171ef130127fc2a30c2632ea9d3abff/execute/async - {"script":"<script> [6424 bytes]","args":[{"element-6066-11e4-a52e-4f735466cecf":"f.727CE9CF6895B2C759CBC992552C29E0.d.CE687615043E9FD7ECB43944BABD3556.e.11458"},"getText",[]]}
RESULT: {"script":"<script> [6424 bytes]","args":[{"element-6066-11e4-a52e-4f735466cecf":"f.727CE9CF6895B2C759CBC992552C29E0.d.CE687615043E9FD7ECB43944BABD3556.e.11458"},"getText",[]]}
COMMAND: POST /session/b171ef130127fc2a30c2632ea9d3abff/execute/async - {"script":"<script> [1562 bytes]","args":[{"selector":{"id":"shell-header","interaction":{"idSuffix":"icon"}},"wdio_ui5_key":"shellheader"}]}
RESULT: {"script":"<script> [1562 bytes]","args":[{"selector":{"id":"shell-header","interaction":{"idSuffix":"icon"}},"wdio_ui5_key":"shellheader"}]}
RESULT: undefined
COMMAND: POST /session/b171ef130127fc2a30c2632ea9d3abff/element - {"using":"xpath","value":"//*[@id=\"shell-header\"]"}
RESULT: {"using":"xpath","value":"//*[@id=\"shell-header\"]"}
COMMAND: POST /session/b171ef130127fc2a30c2632ea9d3abff/element/f.727CE9CF6895B2C759CBC992552C29E0.d.CE687615043E9FD7ECB43944BABD3556.e.11469/click - {}
RESULT: {}
COMMAND: POST /session/b171ef130127fc2a30c2632ea9d3abff/element - {"using":"css selector","value":"#shell-header-logo"}
COMMAND: GET /session/b171ef130127fc2a30c2632ea9d3abff/screenshot - {}
RESULT: {"using":"css selector","value":"#shell-header-logo"}
COMMAND: POST /session/b171ef130127fc2a30c2632ea9d3abff/element/f.727CE9CF6895B2C759CBC992552C29E0.d.CE687615043E9FD7ECB43944BABD3556.e.10611/click - {}
RESULT: {}
RESULT: {}
]]></system-out>
    </testcase>
    <testcase classname="chrome.135_0_7049_115.windows.Provide_to_Site_w/_warehouse_management_w/o_clarification_US113782_" name="Should create WHM Partner" time="54.188">
      <system-out><![CDATA[
COMMAND: POST /session/b171ef130127fc2a30c2632ea9d3abff/execute/async - {"script":"<script> [1562 bytes]","args":[{"selector":{"controlType":"sap.m.GenericTile","properties":{"header":"Manage Partners"}},"wdio_ui5_key":"sapm.GenericTile{\"header\":\"Manage Partners\"}"}]}
COMMAND: GET /session/b171ef130127fc2a30c2632ea9d3abff/screenshot - {}
RESULT: {"script":"<script> [1562 bytes]","args":[{"selector":{"controlType":"sap.m.GenericTile","properties":{"header":"Manage Partners"}},"wdio_ui5_key":"sapm.GenericTile{\"header\":\"Manage Partners\"}"}]}
RESULT: undefined
COMMAND: POST /session/b171ef130127fc2a30c2632ea9d3abff/element - {"using":"xpath","value":"//*[@id=\"__tile38\"]"}
RESULT: {}
RESULT: {"using":"xpath","value":"//*[@id=\"__tile38\"]"}
COMMAND: POST /session/b171ef130127fc2a30c2632ea9d3abff/element/f.727CE9CF6895B2C759CBC992552C29E0.d.CE687615043E9FD7ECB43944BABD3556.e.9785/click - {}
RESULT: {}
COMMAND: GET /session/b171ef130127fc2a30c2632ea9d3abff/screenshot - {}
COMMAND: POST /session/b171ef130127fc2a30c2632ea9d3abff/element - {"using":"xpath","value":"//button[(@data-kt = 'addButton')]"}
RESULT: {}
RESULT: {"using":"xpath","value":"//button[(@data-kt = 'addButton')]"}
COMMAND: POST /session/b171ef130127fc2a30c2632ea9d3abff/element/f.727CE9CF6895B2C759CBC992552C29E0.d.CE687615043E9FD7ECB43944BABD3556.e.11519/click - {}
RESULT: {}
COMMAND: POST /session/b171ef130127fc2a30c2632ea9d3abff/execute/async - {"script":"<script> [1562 bytes]","args":[{"selector":{"id":"application-managepartners-display-component---NewPartner--addressDetailDetailsName1","interaction":{"idSuffix":"inner"}},"wdio_ui5_key":"applicationmanagepartners-display-component---NewPartner--addressDetailDetailsName1"}]}
COMMAND: GET /session/b171ef130127fc2a30c2632ea9d3abff/screenshot - {}
RESULT: {"script":"<script> [1562 bytes]","args":[{"selector":{"id":"application-managepartners-display-component---NewPartner--addressDetailDetailsName1","interaction":{"idSuffix":"inner"}},"wdio_ui5_key":"applicationmanagepartners-display-component---NewPartner--addressDetailDetailsName1"}]}
RESULT: undefined
COMMAND: POST /session/b171ef130127fc2a30c2632ea9d3abff/execute/async - {"script":"<script> [776 bytes]","args":[{"enterText":"WDI5-Partners","selector":{"id":"application-managepartners-display-component---NewPartner--addressDetailDetailsName1","interaction":{"idSuffix":"inner"}},"clearTextFirst":true,"interactionType":"ENTER_TEXT"}]}
RESULT: {}
RESULT: {"script":"<script> [776 bytes]","args":[{"enterText":"WDI5-Partners","selector":{"id":"application-managepartners-display-component---NewPartner--addressDetailDetailsName1","interaction":{"idSuffix":"inner"}},"clearTextFirst":true,"interactionType":"ENTER_TEXT"}]}
COMMAND: POST /session/b171ef130127fc2a30c2632ea9d3abff/execute/async - {"script":"<script> [1562 bytes]","args":[{"selector":{"id":"application-managepartners-display-component---NewPartner--addressDetailDetailsLanguage-arrow"},"wdio_ui5_key":"applicationmanagepartners-display-component---NewPartner--addressDetailDetailsLanguage-arrow"}]}
RESULT: {"script":"<script> [1562 bytes]","args":[{"selector":{"id":"application-managepartners-display-component---NewPartner--addressDetailDetailsLanguage-arrow"},"wdio_ui5_key":"applicationmanagepartners-display-component---NewPartner--addressDetailDetailsLanguage-arrow"}]}
RESULT: undefined
COMMAND: POST /session/b171ef130127fc2a30c2632ea9d3abff/element - {"using":"xpath","value":"//*[@id=\"application-managepartners-display-component---NewPartner--addressDetailDetailsLanguage-arrow\"]"}
RESULT: {"using":"xpath","value":"//*[@id=\"application-managepartners-display-component---NewPartner--addressDetailDetailsLanguage-arrow\"]"}
COMMAND: POST /session/b171ef130127fc2a30c2632ea9d3abff/element/f.727CE9CF6895B2C759CBC992552C29E0.d.CE687615043E9FD7ECB43944BABD3556.e.11961/click - {}
RESULT: {}
COMMAND: POST /session/b171ef130127fc2a30c2632ea9d3abff/execute/async - {"script":"<script> [1562 bytes]","args":[{"selector":{"controlType":"sap.m.StandardListItem","viewName":"etm.portal.ui.managepartners.view.NewPartner","viewId":"application-managepartners-display-component---NewPartner","properties":{"title":"English"},"searchOpenDialogs":true,"interaction":{"idSuffix":"content"}},"wdio_ui5_key":"etmportal.ui.managepartners.view.NewPartnersap.m.StandardListItem{\"title\":\"English\"}"}]}
COMMAND: GET /session/b171ef130127fc2a30c2632ea9d3abff/screenshot - {}
RESULT: {"script":"<script> [1562 bytes]","args":[{"selector":{"controlType":"sap.m.StandardListItem","viewName":"etm.portal.ui.managepartners.view.NewPartner","viewId":"application-managepartners-display-component---NewPartner","properties":{"title":"English"},"searchOpenDialogs":true,"interaction":{"idSuffix":"content"}},"wdio_ui5_key":"etmportal.ui.managepartners.view.NewPartnersap.m.StandardListItem{\"title\":\"English\"}"}]}
RESULT: undefined
COMMAND: POST /session/b171ef130127fc2a30c2632ea9d3abff/element - {"using":"xpath","value":"//*[@id=\"__item1252\"]"}
RESULT: {}
RESULT: {"using":"xpath","value":"//*[@id=\"__item1252\"]"}
COMMAND: POST /session/b171ef130127fc2a30c2632ea9d3abff/element/f.727CE9CF6895B2C759CBC992552C29E0.d.CE687615043E9FD7ECB43944BABD3556.e.11963/click - {}
RESULT: {}
COMMAND: POST /session/b171ef130127fc2a30c2632ea9d3abff/execute/async - {"script":"<script> [1562 bytes]","args":[{"selector":{"id":"application-managepartners-display-component---NewPartner--addressDetailDetailsCity1","interaction":{"idSuffix":"inner"}},"wdio_ui5_key":"applicationmanagepartners-display-component---NewPartner--addressDetailDetailsCity1"}]}
COMMAND: GET /session/b171ef130127fc2a30c2632ea9d3abff/screenshot - {}
RESULT: {"script":"<script> [1562 bytes]","args":[{"selector":{"id":"application-managepartners-display-component---NewPartner--addressDetailDetailsCity1","interaction":{"idSuffix":"inner"}},"wdio_ui5_key":"applicationmanagepartners-display-component---NewPartner--addressDetailDetailsCity1"}]}
RESULT: undefined
COMMAND: POST /session/b171ef130127fc2a30c2632ea9d3abff/execute/async - {"script":"<script> [776 bytes]","args":[{"enterText":"Bangalore","selector":{"id":"application-managepartners-display-component---NewPartner--addressDetailDetailsCity1","interaction":{"idSuffix":"inner"}},"clearTextFirst":true,"interactionType":"ENTER_TEXT"}]}
RESULT: {}
RESULT: {"script":"<script> [776 bytes]","args":[{"enterText":"Bangalore","selector":{"id":"application-managepartners-display-component---NewPartner--addressDetailDetailsCity1","interaction":{"idSuffix":"inner"}},"clearTextFirst":true,"interactionType":"ENTER_TEXT"}]}
COMMAND: POST /session/b171ef130127fc2a30c2632ea9d3abff/execute/async - {"script":"<script> [1562 bytes]","args":[{"selector":{"id":"application-managepartners-display-component---NewPartner--addressDetailDetailsCountry-arrow"},"wdio_ui5_key":"applicationmanagepartners-display-component---NewPartner--addressDetailDetailsCountry-arrow"}]}
RESULT: {"script":"<script> [1562 bytes]","args":[{"selector":{"id":"application-managepartners-display-component---NewPartner--addressDetailDetailsCountry-arrow"},"wdio_ui5_key":"applicationmanagepartners-display-component---NewPartner--addressDetailDetailsCountry-arrow"}]}
RESULT: undefined
COMMAND: POST /session/b171ef130127fc2a30c2632ea9d3abff/element - {"using":"xpath","value":"//*[@id=\"application-managepartners-display-component---NewPartner--addressDetailDetailsCountry-arrow\"]"}
RESULT: {"using":"xpath","value":"//*[@id=\"application-managepartners-display-component---NewPartner--addressDetailDetailsCountry-arrow\"]"}
COMMAND: POST /session/b171ef130127fc2a30c2632ea9d3abff/element/f.727CE9CF6895B2C759CBC992552C29E0.d.CE687615043E9FD7ECB43944BABD3556.e.11948/click - {}
RESULT: {}
COMMAND: POST /session/b171ef130127fc2a30c2632ea9d3abff/execute/async - {"script":"<script> [1562 bytes]","args":[{"selector":{"id":"application-managepartners-display-component---NewPartner--addressDetailDetailsCountry","interaction":{"idSuffix":"inner"}},"wdio_ui5_key":"applicationmanagepartners-display-component---NewPartner--addressDetailDetailsCountry"}]}
COMMAND: GET /session/b171ef130127fc2a30c2632ea9d3abff/screenshot - {}
RESULT: {"script":"<script> [1562 bytes]","args":[{"selector":{"id":"application-managepartners-display-component---NewPartner--addressDetailDetailsCountry","interaction":{"idSuffix":"inner"}},"wdio_ui5_key":"applicationmanagepartners-display-component---NewPartner--addressDetailDetailsCountry"}]}
RESULT: undefined
COMMAND: POST /session/b171ef130127fc2a30c2632ea9d3abff/execute/async - {"script":"<script> [776 bytes]","args":[{"enterText":"India","selector":{"id":"application-managepartners-display-component---NewPartner--addressDetailDetailsCountry","interaction":{"idSuffix":"inner"}},"clearTextFirst":true,"interactionType":"ENTER_TEXT"}]}
RESULT: {}
RESULT: {"script":"<script> [776 bytes]","args":[{"enterText":"India","selector":{"id":"application-managepartners-display-component---NewPartner--addressDetailDetailsCountry","interaction":{"idSuffix":"inner"}},"clearTextFirst":true,"interactionType":"ENTER_TEXT"}]}
COMMAND: POST /session/b171ef130127fc2a30c2632ea9d3abff/execute/async - {"script":"<script> [1562 bytes]","args":[{"selector":{"controlType":"sap.m.StandardListItem","viewName":"etm.portal.ui.managepartners.view.NewPartner","viewId":"application-managepartners-display-component---NewPartner","properties":{"title":"India"},"searchOpenDialogs":true,"interaction":{"idSuffix":"content"}},"wdio_ui5_key":"etmportal.ui.managepartners.view.NewPartnersap.m.StandardListItem{\"title\":\"India\"}"}]}
RESULT: {"script":"<script> [1562 bytes]","args":[{"selector":{"controlType":"sap.m.StandardListItem","viewName":"etm.portal.ui.managepartners.view.NewPartner","viewId":"application-managepartners-display-component---NewPartner","properties":{"title":"India"},"searchOpenDialogs":true,"interaction":{"idSuffix":"content"}},"wdio_ui5_key":"etmportal.ui.managepartners.view.NewPartnersap.m.StandardListItem{\"title\":\"India\"}"}]}
RESULT: undefined
COMMAND: POST /session/b171ef130127fc2a30c2632ea9d3abff/execute/async - {"script":"<script> [1562 bytes]","args":[{"selector":{"controlType":"sap.m.Button","viewName":"etm.portal.ui.managepartners.view.NewPartner","viewId":"application-managepartners-display-component---NewPartner","properties":{"text":"Commercial"},"interaction":{"idSuffix":"BDI-content"}},"wdio_ui5_key":"etmportal.ui.managepartners.view.NewPartnersap.m.Button{\"text\":\"Commercial\"}"}]}
RESULT: {"script":"<script> [1562 bytes]","args":[{"selector":{"controlType":"sap.m.Button","viewName":"etm.portal.ui.managepartners.view.NewPartner","viewId":"application-managepartners-display-component---NewPartner","properties":{"text":"Commercial"},"interaction":{"idSuffix":"BDI-content"}},"wdio_ui5_key":"etmportal.ui.managepartners.view.NewPartnersap.m.Button{\"text\":\"Commercial\"}"}]}
RESULT: undefined
COMMAND: POST /session/b171ef130127fc2a30c2632ea9d3abff/element - {"using":"xpath","value":"//*[@id=\"application-managepartners-display-component---NewPartner--ObjectPageLayout-anchBar-__section57-anchor\"]"}
RESULT: {"using":"xpath","value":"//*[@id=\"application-managepartners-display-component---NewPartner--ObjectPageLayout-anchBar-__section57-anchor\"]"}
COMMAND: POST /session/b171ef130127fc2a30c2632ea9d3abff/element/f.727CE9CF6895B2C759CBC992552C29E0.d.CE687615043E9FD7ECB43944BABD3556.e.11968/click - {}
RESULT: {}
COMMAND: POST /session/b171ef130127fc2a30c2632ea9d3abff/execute/async - {"script":"<script> [1562 bytes]","args":[{"selector":{"id":"application-managepartners-display-component---NewPartner--partnerDetailInternal-arrow"},"wdio_ui5_key":"applicationmanagepartners-display-component---NewPartner--partnerDetailInternal-arrow"}]}
COMMAND: GET /session/b171ef130127fc2a30c2632ea9d3abff/screenshot - {}
RESULT: {"script":"<script> [1562 bytes]","args":[{"selector":{"id":"application-managepartners-display-component---NewPartner--partnerDetailInternal-arrow"},"wdio_ui5_key":"applicationmanagepartners-display-component---NewPartner--partnerDetailInternal-arrow"}]}
RESULT: undefined
COMMAND: POST /session/b171ef130127fc2a30c2632ea9d3abff/element - {"using":"xpath","value":"//*[@id=\"application-managepartners-display-component---NewPartner--partnerDetailInternal-arrow\"]"}
RESULT: {}
RESULT: {"using":"xpath","value":"//*[@id=\"application-managepartners-display-component---NewPartner--partnerDetailInternal-arrow\"]"}
COMMAND: POST /session/b171ef130127fc2a30c2632ea9d3abff/element/f.727CE9CF6895B2C759CBC992552C29E0.d.CE687615043E9FD7ECB43944BABD3556.e.11973/click - {}
RESULT: {}
COMMAND: POST /session/b171ef130127fc2a30c2632ea9d3abff/execute/async - {"script":"<script> [1562 bytes]","args":[{"selector":{"controlType":"sap.m.StandardListItem","viewName":"etm.portal.ui.managepartners.view.NewPartner","viewId":"application-managepartners-display-component---NewPartner","properties":{"title":"External partner"},"searchOpenDialogs":true,"interaction":{"idSuffix":"content"}},"wdio_ui5_key":"etmportal.ui.managepartners.view.NewPartnersap.m.StandardListItem{\"title\":\"External partner\"}"}]}
COMMAND: GET /session/b171ef130127fc2a30c2632ea9d3abff/screenshot - {}
RESULT: {"script":"<script> [1562 bytes]","args":[{"selector":{"controlType":"sap.m.StandardListItem","viewName":"etm.portal.ui.managepartners.view.NewPartner","viewId":"application-managepartners-display-component---NewPartner","properties":{"title":"External partner"},"searchOpenDialogs":true,"interaction":{"idSuffix":"content"}},"wdio_ui5_key":"etmportal.ui.managepartners.view.NewPartnersap.m.StandardListItem{\"title\":\"External partner\"}"}]}
RESULT: undefined
COMMAND: POST /session/b171ef130127fc2a30c2632ea9d3abff/element - {"using":"xpath","value":"//*[@id=\"__item1386\"]"}
RESULT: {}
RESULT: {"using":"xpath","value":"//*[@id=\"__item1386\"]"}
COMMAND: POST /session/b171ef130127fc2a30c2632ea9d3abff/element/f.727CE9CF6895B2C759CBC992552C29E0.d.CE687615043E9FD7ECB43944BABD3556.e.11975/click - {}
RESULT: {}
COMMAND: POST /session/b171ef130127fc2a30c2632ea9d3abff/execute/async - {"script":"<script> [1562 bytes]","args":[{"selector":{"id":"application-managepartners-display-component---NewPartner--partnerDetailsCurrency-arrow"},"wdio_ui5_key":"applicationmanagepartners-display-component---NewPartner--partnerDetailsCurrency-arrow"}]}
COMMAND: GET /session/b171ef130127fc2a30c2632ea9d3abff/screenshot - {}
RESULT: {"script":"<script> [1562 bytes]","args":[{"selector":{"id":"application-managepartners-display-component---NewPartner--partnerDetailsCurrency-arrow"},"wdio_ui5_key":"applicationmanagepartners-display-component---NewPartner--partnerDetailsCurrency-arrow"}]}
RESULT: undefined
COMMAND: POST /session/b171ef130127fc2a30c2632ea9d3abff/element - {"using":"xpath","value":"//*[@id=\"application-managepartners-display-component---NewPartner--partnerDetailsCurrency-arrow\"]"}
RESULT: {}
RESULT: {"using":"xpath","value":"//*[@id=\"application-managepartners-display-component---NewPartner--partnerDetailsCurrency-arrow\"]"}
COMMAND: POST /session/b171ef130127fc2a30c2632ea9d3abff/element/f.727CE9CF6895B2C759CBC992552C29E0.d.CE687615043E9FD7ECB43944BABD3556.e.11980/click - {}
RESULT: {}
COMMAND: POST /session/b171ef130127fc2a30c2632ea9d3abff/execute/async - {"script":"<script> [1562 bytes]","args":[{"selector":{"controlType":"sap.m.StandardListItem","viewName":"etm.portal.ui.managepartners.view.NewPartner","viewId":"application-managepartners-display-component---NewPartner","properties":{"title":"Euro"},"searchOpenDialogs":true,"interaction":{"idSuffix":"content"}},"wdio_ui5_key":"etmportal.ui.managepartners.view.NewPartnersap.m.StandardListItem{\"title\":\"Euro\"}"}]}
COMMAND: GET /session/b171ef130127fc2a30c2632ea9d3abff/screenshot - {}
RESULT: {"script":"<script> [1562 bytes]","args":[{"selector":{"controlType":"sap.m.StandardListItem","viewName":"etm.portal.ui.managepartners.view.NewPartner","viewId":"application-managepartners-display-component---NewPartner","properties":{"title":"Euro"},"searchOpenDialogs":true,"interaction":{"idSuffix":"content"}},"wdio_ui5_key":"etmportal.ui.managepartners.view.NewPartnersap.m.StandardListItem{\"title\":\"Euro\"}"}]}
RESULT: undefined
COMMAND: POST /session/b171ef130127fc2a30c2632ea9d3abff/element - {"using":"xpath","value":"//*[@id=\"__item1388\"]"}
RESULT: {}
RESULT: {"using":"xpath","value":"//*[@id=\"__item1388\"]"}
COMMAND: POST /session/b171ef130127fc2a30c2632ea9d3abff/element/f.727CE9CF6895B2C759CBC992552C29E0.d.CE687615043E9FD7ECB43944BABD3556.e.11982/click - {}
RESULT: {}
COMMAND: POST /session/b171ef130127fc2a30c2632ea9d3abff/execute/async - {"script":"<script> [1562 bytes]","args":[{"selector":{"controlType":"sap.m.Button","viewName":"etm.portal.ui.managepartners.view.NewPartner","viewId":"application-managepartners-display-component---NewPartner","properties":{"text":"Assignments"},"interaction":{"idSuffix":"BDI-content"}},"wdio_ui5_key":"etmportal.ui.managepartners.view.NewPartnersap.m.Button{\"text\":\"Assignments\"}"}]}
COMMAND: GET /session/b171ef130127fc2a30c2632ea9d3abff/screenshot - {}
RESULT: {"script":"<script> [1562 bytes]","args":[{"selector":{"controlType":"sap.m.Button","viewName":"etm.portal.ui.managepartners.view.NewPartner","viewId":"application-managepartners-display-component---NewPartner","properties":{"text":"Assignments"},"interaction":{"idSuffix":"BDI-content"}},"wdio_ui5_key":"etmportal.ui.managepartners.view.NewPartnersap.m.Button{\"text\":\"Assignments\"}"}]}
RESULT: undefined
COMMAND: POST /session/b171ef130127fc2a30c2632ea9d3abff/element - {"using":"xpath","value":"//*[@id=\"application-managepartners-display-component---NewPartner--ObjectPageLayout-anchBar-__section61-anchor\"]"}
RESULT: {}
RESULT: {"using":"xpath","value":"//*[@id=\"application-managepartners-display-component---NewPartner--ObjectPageLayout-anchBar-__section61-anchor\"]"}
COMMAND: POST /session/b171ef130127fc2a30c2632ea9d3abff/element/f.727CE9CF6895B2C759CBC992552C29E0.d.CE687615043E9FD7ECB43944BABD3556.e.11984/click - {}
RESULT: {}
COMMAND: POST /session/b171ef130127fc2a30c2632ea9d3abff/execute/async - {"script":"<script> [1562 bytes]","args":[{"selector":{"id":"application-managepartners-display-component---NewPartner--btnAddTableRow","interaction":{"idSuffix":"inner"}},"wdio_ui5_key":"applicationmanagepartners-display-component---NewPartner--btnAddTableRow"}]}
COMMAND: GET /session/b171ef130127fc2a30c2632ea9d3abff/screenshot - {}
RESULT: {"script":"<script> [1562 bytes]","args":[{"selector":{"id":"application-managepartners-display-component---NewPartner--btnAddTableRow","interaction":{"idSuffix":"inner"}},"wdio_ui5_key":"applicationmanagepartners-display-component---NewPartner--btnAddTableRow"}]}
RESULT: undefined
COMMAND: POST /session/b171ef130127fc2a30c2632ea9d3abff/element - {"using":"xpath","value":"//*[@id=\"application-managepartners-display-component---NewPartner--btnAddTableRow\"]"}
RESULT: {}
RESULT: {"using":"xpath","value":"//*[@id=\"application-managepartners-display-component---NewPartner--btnAddTableRow\"]"}
COMMAND: POST /session/b171ef130127fc2a30c2632ea9d3abff/element/f.727CE9CF6895B2C759CBC992552C29E0.d.CE687615043E9FD7ECB43944BABD3556.e.11989/click - {}
RESULT: {}
COMMAND: POST /session/b171ef130127fc2a30c2632ea9d3abff/element - {"using":"css selector","value":"#application-managepartners-display-component---NewPartner--assignmentYard-application-managepartners-display-component---NewPartner--assignmentsTable-0-inner"}
COMMAND: GET /session/b171ef130127fc2a30c2632ea9d3abff/screenshot - {}
RESULT: {"using":"css selector","value":"#application-managepartners-display-component---NewPartner--assignmentYard-application-managepartners-display-component---NewPartner--assignmentsTable-0-inner"}
COMMAND: POST /session/b171ef130127fc2a30c2632ea9d3abff/element/f.727CE9CF6895B2C759CBC992552C29E0.d.CE687615043E9FD7ECB43944BABD3556.e.11991/clear - {}
RESULT: {}
RESULT: {}
COMMAND: POST /session/b171ef130127fc2a30c2632ea9d3abff/element/f.727CE9CF6895B2C759CBC992552C29E0.d.CE687615043E9FD7ECB43944BABD3556.e.11991/value - {"text":"638"}
COMMAND: GET /session/b171ef130127fc2a30c2632ea9d3abff/screenshot - {}
RESULT: {"text":"638"}
COMMAND: POST /session/b171ef130127fc2a30c2632ea9d3abff/execute/async - {"script":"<script> [1562 bytes]","args":[{"selector":{"id":"application-managepartners-display-component---NewPartner--assignmentYard-application-managepartners-display-component---NewPartner--assignmentsTable-0-arrow"},"wdio_ui5_key":"applicationmanagepartners-display-component---NewPartner--assignmentYard-application-managepartners-display-component---NewPartner--assignmentsTable-0-arrow"}]}
COMMAND: GET /session/b171ef130127fc2a30c2632ea9d3abff/screenshot - {}
RESULT: {}
RESULT: {"script":"<script> [1562 bytes]","args":[{"selector":{"id":"application-managepartners-display-component---NewPartner--assignmentYard-application-managepartners-display-component---NewPartner--assignmentsTable-0-arrow"},"wdio_ui5_key":"applicationmanagepartners-display-component---NewPartner--assignmentYard-application-managepartners-display-component---NewPartner--assignmentsTable-0-arrow"}]}
RESULT: undefined
COMMAND: POST /session/b171ef130127fc2a30c2632ea9d3abff/element - {"using":"xpath","value":"//*[@id=\"application-managepartners-display-component---NewPartner--assignmentYard-application-managepartners-display-component---NewPartner--assignmentsTable-0-arrow\"]"}
RESULT: {}
RESULT: {"using":"xpath","value":"//*[@id=\"application-managepartners-display-component---NewPartner--assignmentYard-application-managepartners-display-component---NewPartner--assignmentsTable-0-arrow\"]"}
COMMAND: POST /session/b171ef130127fc2a30c2632ea9d3abff/element/f.727CE9CF6895B2C759CBC992552C29E0.d.CE687615043E9FD7ECB43944BABD3556.e.11999/click - {}
RESULT: {}
COMMAND: GET /session/b171ef130127fc2a30c2632ea9d3abff/screenshot - {}
RESULT: {}
COMMAND: POST /session/b171ef130127fc2a30c2632ea9d3abff/execute/async - {"script":"<script> [1562 bytes]","args":[{"selector":{"controlType":"sap.m.Button","viewName":"etm.portal.ui.managepartners.view.NewPartner","viewId":"application-managepartners-display-component---NewPartner","i18NText":{"propertyName":"text","key":"save"},"interaction":{"idSuffix":"BDI-content"}},"wdio_ui5_key":"etmportal.ui.managepartners.view.NewPartnersap.m.Button{\"propertyName\":\"text\",\"key\":\"save\"}"}]}
RESULT: {"script":"<script> [1562 bytes]","args":[{"selector":{"controlType":"sap.m.Button","viewName":"etm.portal.ui.managepartners.view.NewPartner","viewId":"application-managepartners-display-component---NewPartner","i18NText":{"propertyName":"text","key":"save"},"interaction":{"idSuffix":"BDI-content"}},"wdio_ui5_key":"etmportal.ui.managepartners.view.NewPartnersap.m.Button{\"propertyName\":\"text\",\"key\":\"save\"}"}]}
RESULT: undefined
COMMAND: POST /session/b171ef130127fc2a30c2632ea9d3abff/element - {"using":"xpath","value":"//*[@id=\"__button127\"]"}
RESULT: {"using":"xpath","value":"//*[@id=\"__button127\"]"}
COMMAND: POST /session/b171ef130127fc2a30c2632ea9d3abff/element/f.727CE9CF6895B2C759CBC992552C29E0.d.CE687615043E9FD7ECB43944BABD3556.e.11898/click - {}
RESULT: {}
COMMAND: GET /session/b171ef130127fc2a30c2632ea9d3abff/screenshot - {}
RESULT: {}
COMMAND: POST /session/b171ef130127fc2a30c2632ea9d3abff/execute/async - {"script":"<script> [1562 bytes]","args":[{"selector":{"controlType":"sap.m.Text","viewName":"etm.portal.ui.managepartners.view.Detail","viewId":"application-managepartners-display-component---detailPtm","bindingPath":{"propertyPath":"ID","modelName":"catalogModel"}},"wdio_ui5_key":"etmportal.ui.managepartners.view.Detailsap.m.Text{\"propertyPath\":\"ID\",\"modelName\":\"catalogModel\"}"}]}
RESULT: {"script":"<script> [1562 bytes]","args":[{"selector":{"controlType":"sap.m.Text","viewName":"etm.portal.ui.managepartners.view.Detail","viewId":"application-managepartners-display-component---detailPtm","bindingPath":{"propertyPath":"ID","modelName":"catalogModel"}},"wdio_ui5_key":"etmportal.ui.managepartners.view.Detailsap.m.Text{\"propertyPath\":\"ID\",\"modelName\":\"catalogModel\"}"}]}
RESULT: undefined
COMMAND: POST /session/b171ef130127fc2a30c2632ea9d3abff/execute/async - {"script":"<script> [6424 bytes]","args":[{"element-6066-11e4-a52e-4f735466cecf":"f.727CE9CF6895B2C759CBC992552C29E0.d.CE687615043E9FD7ECB43944BABD3556.e.12163"},"getText",[]]}
RESULT: {"script":"<script> [6424 bytes]","args":[{"element-6066-11e4-a52e-4f735466cecf":"f.727CE9CF6895B2C759CBC992552C29E0.d.CE687615043E9FD7ECB43944BABD3556.e.12163"},"getText",[]]}
COMMAND: POST /session/b171ef130127fc2a30c2632ea9d3abff/element - {"using":"css selector","value":"#shell-header-logo"}
RESULT: {"using":"css selector","value":"#shell-header-logo"}
COMMAND: POST /session/b171ef130127fc2a30c2632ea9d3abff/element/f.727CE9CF6895B2C759CBC992552C29E0.d.CE687615043E9FD7ECB43944BABD3556.e.11474/click - {}
RESULT: {}
COMMAND: GET /session/b171ef130127fc2a30c2632ea9d3abff/screenshot - {}
]]></system-out>
    </testcase>
    <testcase classname="chrome.135_0_7049_115.windows.Provide_to_Site_w/_warehouse_management_w/o_clarification_US113782_" name="Should create a new WHM Material" time="80.233">
      <system-out><![CDATA[
COMMAND: POST /session/b171ef130127fc2a30c2632ea9d3abff/execute/async - {"script":"<script> [1562 bytes]","args":[{"selector":{"controlType":"sap.m.GenericTile","properties":{"header":"Manage Resources"}},"wdio_ui5_key":"sapm.GenericTile{\"header\":\"Manage Resources\"}"}]}
RESULT: {"script":"<script> [1562 bytes]","args":[{"selector":{"controlType":"sap.m.GenericTile","properties":{"header":"Manage Resources"}},"wdio_ui5_key":"sapm.GenericTile{\"header\":\"Manage Resources\"}"}]}
RESULT: undefined
COMMAND: POST /session/b171ef130127fc2a30c2632ea9d3abff/element - {"using":"xpath","value":"//*[@id=\"__tile39\"]"}
RESULT: {}
RESULT: {"using":"xpath","value":"//*[@id=\"__tile39\"]"}
COMMAND: POST /session/b171ef130127fc2a30c2632ea9d3abff/element/f.727CE9CF6895B2C759CBC992552C29E0.d.CE687615043E9FD7ECB43944BABD3556.e.9788/click - {}
RESULT: {}
COMMAND: POST /session/b171ef130127fc2a30c2632ea9d3abff/execute/async - {"script":"<script> [1562 bytes]","args":[{"selector":{"controlType":"sap.m.OverflowToolbarButton","viewName":"etm.portal.ui.manageresources.view.Master","viewId":"application-manageresources-display-component---masterRU","bindingPath":{"path":"","propertyPath":"/isLogbook","modelName":"minimumStockRPGModel"},"interaction":{"idSuffix":"inner"}},"wdio_ui5_key":"etmportal.ui.manageresources.view.Mastersap.m.OverflowToolbarButton{\"path\":\"\",\"propertyPath\":\"/isLogbook\",\"modelName\":\"minimumStockRPGModel\"}"}]}
COMMAND: GET /session/b171ef130127fc2a30c2632ea9d3abff/screenshot - {}
RESULT: {"script":"<script> [1562 bytes]","args":[{"selector":{"controlType":"sap.m.OverflowToolbarButton","viewName":"etm.portal.ui.manageresources.view.Master","viewId":"application-manageresources-display-component---masterRU","bindingPath":{"path":"","propertyPath":"/isLogbook","modelName":"minimumStockRPGModel"},"interaction":{"idSuffix":"inner"}},"wdio_ui5_key":"etmportal.ui.manageresources.view.Mastersap.m.OverflowToolbarButton{\"path\":\"\",\"propertyPath\":\"/isLogbook\",\"modelName\":\"minimumStockRPGModel\"}"}]}
RESULT: undefined
COMMAND: POST /session/b171ef130127fc2a30c2632ea9d3abff/element - {"using":"xpath","value":"//*[@id=\"__button168\"]"}
RESULT: {}
RESULT: {"using":"xpath","value":"//*[@id=\"__button168\"]"}
COMMAND: POST /session/b171ef130127fc2a30c2632ea9d3abff/element/f.727CE9CF6895B2C759CBC992552C29E0.d.CE687615043E9FD7ECB43944BABD3556.e.12204/click - {}
RESULT: {}
COMMAND: GET /session/b171ef130127fc2a30c2632ea9d3abff/screenshot - {}
COMMAND: POST /session/b171ef130127fc2a30c2632ea9d3abff/execute/async - {"script":"<script> [1562 bytes]","args":[{"selector":{"id":"application-manageresources-display-component---newResourceUnit--TYPE-arrow"},"wdio_ui5_key":"applicationmanageresources-display-component---newResourceUnit--TYPE-arrow"}]}
RESULT: {}
RESULT: {"script":"<script> [1562 bytes]","args":[{"selector":{"id":"application-manageresources-display-component---newResourceUnit--TYPE-arrow"},"wdio_ui5_key":"applicationmanageresources-display-component---newResourceUnit--TYPE-arrow"}]}
RESULT: undefined
COMMAND: POST /session/b171ef130127fc2a30c2632ea9d3abff/element - {"using":"xpath","value":"//*[@id=\"application-manageresources-display-component---newResourceUnit--TYPE-arrow\"]"}
RESULT: {"using":"xpath","value":"//*[@id=\"application-manageresources-display-component---newResourceUnit--TYPE-arrow\"]"}
COMMAND: POST /session/b171ef130127fc2a30c2632ea9d3abff/element/f.727CE9CF6895B2C759CBC992552C29E0.d.CE687615043E9FD7ECB43944BABD3556.e.12563/click - {}
RESULT: {}
COMMAND: POST /session/b171ef130127fc2a30c2632ea9d3abff/execute/async - {"script":"<script> [1562 bytes]","args":[{"selector":{"controlType":"sap.m.StandardListItem","viewName":"reusables.view.manageresources.NewResourceUnit","viewId":"application-manageresources-display-component---newResourceUnit","properties":{"title":"Material"},"searchOpenDialogs":true,"interaction":{"idSuffix":"content"}},"wdio_ui5_key":"reusablesview.manageresources.NewResourceUnitsap.m.StandardListItem{\"title\":\"Material\"}"}]}
COMMAND: GET /session/b171ef130127fc2a30c2632ea9d3abff/screenshot - {}
RESULT: {}
RESULT: {"script":"<script> [1562 bytes]","args":[{"selector":{"controlType":"sap.m.StandardListItem","viewName":"reusables.view.manageresources.NewResourceUnit","viewId":"application-manageresources-display-component---newResourceUnit","properties":{"title":"Material"},"searchOpenDialogs":true,"interaction":{"idSuffix":"content"}},"wdio_ui5_key":"reusablesview.manageresources.NewResourceUnitsap.m.StandardListItem{\"title\":\"Material\"}"}]}
RESULT: undefined
COMMAND: POST /session/b171ef130127fc2a30c2632ea9d3abff/element - {"using":"xpath","value":"//*[@id=\"__item1661\"]"}
RESULT: {"using":"xpath","value":"//*[@id=\"__item1661\"]"}
COMMAND: POST /session/b171ef130127fc2a30c2632ea9d3abff/element/f.727CE9CF6895B2C759CBC992552C29E0.d.CE687615043E9FD7ECB43944BABD3556.e.12566/click - {}
RESULT: {}
COMMAND: POST /session/b171ef130127fc2a30c2632ea9d3abff/execute/async - {"script":"<script> [1562 bytes]","args":[{"selector":{"id":"application-manageresources-display-component---newResourceUnit--resourceId","interaction":{"idSuffix":"inner"}},"wdio_ui5_key":"applicationmanageresources-display-component---newResourceUnit--resourceId"}]}
COMMAND: GET /session/b171ef130127fc2a30c2632ea9d3abff/screenshot - {}
RESULT: {"script":"<script> [1562 bytes]","args":[{"selector":{"id":"application-manageresources-display-component---newResourceUnit--resourceId","interaction":{"idSuffix":"inner"}},"wdio_ui5_key":"applicationmanageresources-display-component---newResourceUnit--resourceId"}]}
RESULT: undefined
COMMAND: POST /session/b171ef130127fc2a30c2632ea9d3abff/execute/async - {"script":"<script> [1562 bytes]","args":[{"selector":{"id":"application-manageresources-display-component---newResourceUnit--SHORT_TEXT","interaction":{"idSuffix":"inner"}},"wdio_ui5_key":"applicationmanageresources-display-component---newResourceUnit--SHORT_TEXT"}]}
RESULT: {}
RESULT: {"script":"<script> [1562 bytes]","args":[{"selector":{"id":"application-manageresources-display-component---newResourceUnit--SHORT_TEXT","interaction":{"idSuffix":"inner"}},"wdio_ui5_key":"applicationmanageresources-display-component---newResourceUnit--SHORT_TEXT"}]}
RESULT: undefined
COMMAND: POST /session/b171ef130127fc2a30c2632ea9d3abff/execute/async - {"script":"<script> [776 bytes]","args":[{"enterText":"material WHM","selector":{"id":"application-manageresources-display-component---newResourceUnit--SHORT_TEXT","interaction":{"idSuffix":"inner"}},"clearTextFirst":true,"interactionType":"ENTER_TEXT"}]}
RESULT: {"script":"<script> [776 bytes]","args":[{"enterText":"material WHM","selector":{"id":"application-manageresources-display-component---newResourceUnit--SHORT_TEXT","interaction":{"idSuffix":"inner"}},"clearTextFirst":true,"interactionType":"ENTER_TEXT"}]}
COMMAND: POST /session/b171ef130127fc2a30c2632ea9d3abff/execute/async - {"script":"<script> [1562 bytes]","args":[{"selector":{"id":"application-manageresources-display-component---newResourceUnit--BASE_UNIT_OF_MEASURE","interaction":{"idSuffix":"inner"}},"wdio_ui5_key":"applicationmanageresources-display-component---newResourceUnit--BASE_UNIT_OF_MEASURE"}]}
RESULT: {"script":"<script> [1562 bytes]","args":[{"selector":{"id":"application-manageresources-display-component---newResourceUnit--BASE_UNIT_OF_MEASURE","interaction":{"idSuffix":"inner"}},"wdio_ui5_key":"applicationmanageresources-display-component---newResourceUnit--BASE_UNIT_OF_MEASURE"}]}
RESULT: undefined
COMMAND: POST /session/b171ef130127fc2a30c2632ea9d3abff/execute/async - {"script":"<script> [776 bytes]","args":[{"enterText":"Piece","selector":{"id":"application-manageresources-display-component---newResourceUnit--BASE_UNIT_OF_MEASURE","interaction":{"idSuffix":"inner"}},"clearTextFirst":true,"interactionType":"ENTER_TEXT"}]}
RESULT: {"script":"<script> [776 bytes]","args":[{"enterText":"Piece","selector":{"id":"application-manageresources-display-component---newResourceUnit--BASE_UNIT_OF_MEASURE","interaction":{"idSuffix":"inner"}},"clearTextFirst":true,"interactionType":"ENTER_TEXT"}]}
COMMAND: POST /session/b171ef130127fc2a30c2632ea9d3abff/execute/async - {"script":"<script> [1562 bytes]","args":[{"selector":{"id":"application-manageresources-display-component---newResourceUnit--WEIGHT_UNIT","interaction":{"idSuffix":"inner"}},"wdio_ui5_key":"applicationmanageresources-display-component---newResourceUnit--WEIGHT_UNIT"}]}
RESULT: {"script":"<script> [1562 bytes]","args":[{"selector":{"id":"application-manageresources-display-component---newResourceUnit--WEIGHT_UNIT","interaction":{"idSuffix":"inner"}},"wdio_ui5_key":"applicationmanageresources-display-component---newResourceUnit--WEIGHT_UNIT"}]}
RESULT: undefined
COMMAND: POST /session/b171ef130127fc2a30c2632ea9d3abff/execute/async - {"script":"<script> [776 bytes]","args":[{"enterText":"Gram","selector":{"id":"application-manageresources-display-component---newResourceUnit--WEIGHT_UNIT","interaction":{"idSuffix":"inner"}},"clearTextFirst":true,"interactionType":"ENTER_TEXT"}]}
RESULT: {"script":"<script> [776 bytes]","args":[{"enterText":"Gram","selector":{"id":"application-manageresources-display-component---newResourceUnit--WEIGHT_UNIT","interaction":{"idSuffix":"inner"}},"clearTextFirst":true,"interactionType":"ENTER_TEXT"}]}
COMMAND: POST /session/b171ef130127fc2a30c2632ea9d3abff/execute/async - {"script":"<script> [1562 bytes]","args":[{"selector":{"id":"application-manageresources-display-component---newResourceUnit--DIMENSION_UNIT","interaction":{"idSuffix":"inner"}},"wdio_ui5_key":"applicationmanageresources-display-component---newResourceUnit--DIMENSION_UNIT"}]}
RESULT: {"script":"<script> [1562 bytes]","args":[{"selector":{"id":"application-manageresources-display-component---newResourceUnit--DIMENSION_UNIT","interaction":{"idSuffix":"inner"}},"wdio_ui5_key":"applicationmanageresources-display-component---newResourceUnit--DIMENSION_UNIT"}]}
RESULT: undefined
COMMAND: POST /session/b171ef130127fc2a30c2632ea9d3abff/execute/async - {"script":"<script> [776 bytes]","args":[{"enterText":"Meter","selector":{"id":"application-manageresources-display-component---newResourceUnit--DIMENSION_UNIT","interaction":{"idSuffix":"inner"}},"clearTextFirst":true,"interactionType":"ENTER_TEXT"}]}
RESULT: {"script":"<script> [776 bytes]","args":[{"enterText":"Meter","selector":{"id":"application-manageresources-display-component---newResourceUnit--DIMENSION_UNIT","interaction":{"idSuffix":"inner"}},"clearTextFirst":true,"interactionType":"ENTER_TEXT"}]}
COMMAND: POST /session/b171ef130127fc2a30c2632ea9d3abff/execute/async - {"script":"<script> [1562 bytes]","args":[{"selector":{"id":"application-manageresources-display-component---newResourceUnit--newRRUPage-anchBar-application-manageresources-display-component---newResourceUnit--control-anchor","interaction":{"idSuffix":"content"}},"wdio_ui5_key":"applicationmanageresources-display-component---newResourceUnit--newRRUPage-anchBar-application-manageresources-display-component---newResourceUnit--control-anchor"}]}
RESULT: {"script":"<script> [1562 bytes]","args":[{"selector":{"id":"application-manageresources-display-component---newResourceUnit--newRRUPage-anchBar-application-manageresources-display-component---newResourceUnit--control-anchor","interaction":{"idSuffix":"content"}},"wdio_ui5_key":"applicationmanageresources-display-component---newResourceUnit--newRRUPage-anchBar-application-manageresources-display-component---newResourceUnit--control-anchor"}]}
RESULT: undefined
COMMAND: POST /session/b171ef130127fc2a30c2632ea9d3abff/element - {"using":"xpath","value":"//*[@id=\"application-manageresources-display-component---newResourceUnit--newRRUPage-anchBar-application-manageresources-display-component---newResourceUnit--control-anchor\"]"}
RESULT: {"using":"xpath","value":"//*[@id=\"application-manageresources-display-component---newResourceUnit--newRRUPage-anchBar-application-manageresources-display-component---newResourceUnit--control-anchor\"]"}
COMMAND: POST /session/b171ef130127fc2a30c2632ea9d3abff/element/f.727CE9CF6895B2C759CBC992552C29E0.d.CE687615043E9FD7ECB43944BABD3556.e.12628/click - {}
RESULT: {}
COMMAND: POST /session/b171ef130127fc2a30c2632ea9d3abff/execute/async - {"script":"<script> [1562 bytes]","args":[{"selector":{"id":"application-manageresources-display-component---newResourceUnit--PLANNING_GROUP","interaction":{"idSuffix":"inner"}},"wdio_ui5_key":"applicationmanageresources-display-component---newResourceUnit--PLANNING_GROUP"}]}
COMMAND: GET /session/b171ef130127fc2a30c2632ea9d3abff/screenshot - {}
RESULT: {"script":"<script> [1562 bytes]","args":[{"selector":{"id":"application-manageresources-display-component---newResourceUnit--PLANNING_GROUP","interaction":{"idSuffix":"inner"}},"wdio_ui5_key":"applicationmanageresources-display-component---newResourceUnit--PLANNING_GROUP"}]}
RESULT: undefined
COMMAND: POST /session/b171ef130127fc2a30c2632ea9d3abff/execute/async - {"script":"<script> [776 bytes]","args":[{"enterText":"Heavy Equi","selector":{"id":"application-manageresources-display-component---newResourceUnit--PLANNING_GROUP","interaction":{"idSuffix":"inner"}},"clearTextFirst":true,"interactionType":"ENTER_TEXT"}]}
RESULT: {}
RESULT: {"script":"<script> [776 bytes]","args":[{"enterText":"Heavy Equi","selector":{"id":"application-manageresources-display-component---newResourceUnit--PLANNING_GROUP","interaction":{"idSuffix":"inner"}},"clearTextFirst":true,"interactionType":"ENTER_TEXT"}]}
COMMAND: POST /session/b171ef130127fc2a30c2632ea9d3abff/execute/async - {"script":"<script> [1562 bytes]","args":[{"selector":{"id":"application-manageresources-display-component---newResourceUnit--PLANNING_INDICATOR","interaction":{"idSuffix":"inner"}},"wdio_ui5_key":"applicationmanageresources-display-component---newResourceUnit--PLANNING_INDICATOR"}]}
RESULT: {"script":"<script> [1562 bytes]","args":[{"selector":{"id":"application-manageresources-display-component---newResourceUnit--PLANNING_INDICATOR","interaction":{"idSuffix":"inner"}},"wdio_ui5_key":"applicationmanageresources-display-component---newResourceUnit--PLANNING_INDICATOR"}]}
RESULT: undefined
COMMAND: POST /session/b171ef130127fc2a30c2632ea9d3abff/execute/async - {"script":"<script> [776 bytes]","args":[{"enterText":"10 - infinite","selector":{"id":"application-manageresources-display-component---newResourceUnit--PLANNING_INDICATOR","interaction":{"idSuffix":"inner"}},"clearTextFirst":true,"interactionType":"ENTER_TEXT"}]}
RESULT: {"script":"<script> [776 bytes]","args":[{"enterText":"10 - infinite","selector":{"id":"application-manageresources-display-component---newResourceUnit--PLANNING_INDICATOR","interaction":{"idSuffix":"inner"}},"clearTextFirst":true,"interactionType":"ENTER_TEXT"}]}
COMMAND: POST /session/b171ef130127fc2a30c2632ea9d3abff/actions - {"actions":[{"id":"action39","type":"key","parameters":{},"actions":[{"type":"keyDown","value":"î€‡"},{"type":"pause","duration":10},{"type":"keyUp","value":"î€‡"}]}]}
RESULT: {"actions":[{"id":"action39","type":"key","parameters":{},"actions":[{"type":"keyDown","value":"î€‡"},{"type":"pause","duration":10},{"type":"keyUp","value":"î€‡"}]}]}
COMMAND: POST /session/b171ef130127fc2a30c2632ea9d3abff/execute/async - {"script":"<script> [1562 bytes]","args":[{"selector":{"id":"application-manageresources-display-component---newResourceUnit--ITEM_TYPE-arrow"},"wdio_ui5_key":"applicationmanageresources-display-component---newResourceUnit--ITEM_TYPE-arrow"}]}
COMMAND: GET /session/b171ef130127fc2a30c2632ea9d3abff/screenshot - {}
RESULT: {"script":"<script> [1562 bytes]","args":[{"selector":{"id":"application-manageresources-display-component---newResourceUnit--ITEM_TYPE-arrow"},"wdio_ui5_key":"applicationmanageresources-display-component---newResourceUnit--ITEM_TYPE-arrow"}]}
RESULT: undefined
COMMAND: POST /session/b171ef130127fc2a30c2632ea9d3abff/element - {"using":"xpath","value":"//*[@id=\"application-manageresources-display-component---newResourceUnit--ITEM_TYPE-arrow\"]"}
RESULT: {}
RESULT: {"using":"xpath","value":"//*[@id=\"application-manageresources-display-component---newResourceUnit--ITEM_TYPE-arrow\"]"}
COMMAND: POST /session/b171ef130127fc2a30c2632ea9d3abff/element/f.727CE9CF6895B2C759CBC992552C29E0.d.CE687615043E9FD7ECB43944BABD3556.e.12636/click - {}
RESULT: {}
COMMAND: POST /session/b171ef130127fc2a30c2632ea9d3abff/execute/async - {"script":"<script> [1562 bytes]","args":[{"selector":{"controlType":"sap.m.StandardListItem","viewName":"reusables.view.manageresources.NewResourceUnit","viewId":"application-manageresources-display-component---newResourceUnit","properties":{"title":"Resource Unit"},"searchOpenDialogs":true,"interaction":{"idSuffix":"titleText"}},"wdio_ui5_key":"reusablesview.manageresources.NewResourceUnitsap.m.StandardListItem{\"title\":\"Resource Unit\"}"}]}
COMMAND: GET /session/b171ef130127fc2a30c2632ea9d3abff/screenshot - {}
RESULT: {"script":"<script> [1562 bytes]","args":[{"selector":{"controlType":"sap.m.StandardListItem","viewName":"reusables.view.manageresources.NewResourceUnit","viewId":"application-manageresources-display-component---newResourceUnit","properties":{"title":"Resource Unit"},"searchOpenDialogs":true,"interaction":{"idSuffix":"titleText"}},"wdio_ui5_key":"reusablesview.manageresources.NewResourceUnitsap.m.StandardListItem{\"title\":\"Resource Unit\"}"}]}
RESULT: undefined
RESULT: {}
COMMAND: POST /session/b171ef130127fc2a30c2632ea9d3abff/execute/async - {"script":"<script> [1562 bytes]","args":[{"selector":{"controlType":"sap.m.Label","viewName":"reusables.view.manageresources.NewResourceUnit","viewId":"application-manageresources-display-component---newResourceUnit","i18NText":{"propertyName":"text","key":"planningGroup"},"interaction":{"idSuffix":"bdi"}},"wdio_ui5_key":"reusablesview.manageresources.NewResourceUnitsap.m.Label{\"propertyName\":\"text\",\"key\":\"planningGroup\"}"}]}
RESULT: {"script":"<script> [1562 bytes]","args":[{"selector":{"controlType":"sap.m.Label","viewName":"reusables.view.manageresources.NewResourceUnit","viewId":"application-manageresources-display-component---newResourceUnit","i18NText":{"propertyName":"text","key":"planningGroup"},"interaction":{"idSuffix":"bdi"}},"wdio_ui5_key":"reusablesview.manageresources.NewResourceUnitsap.m.Label{\"propertyName\":\"text\",\"key\":\"planningGroup\"}"}]}
RESULT: undefined
COMMAND: POST /session/b171ef130127fc2a30c2632ea9d3abff/element - {"using":"xpath","value":"//*[@id=\"__label263\"]"}
RESULT: {"using":"xpath","value":"//*[@id=\"__label263\"]"}
COMMAND: POST /session/b171ef130127fc2a30c2632ea9d3abff/element/f.727CE9CF6895B2C759CBC992552C29E0.d.CE687615043E9FD7ECB43944BABD3556.e.12638/click - {}
RESULT: {}
COMMAND: GET /session/b171ef130127fc2a30c2632ea9d3abff/screenshot - {}
RESULT: {}
COMMAND: POST /session/b171ef130127fc2a30c2632ea9d3abff/actions - {"actions":[{"type":"key","id":"keyboard","actions":[{"type":"keyDown","value":"î›"}]}]}
RESULT: {"actions":[{"type":"key","id":"keyboard","actions":[{"type":"keyDown","value":"î›"}]}]}
COMMAND: GET /session/b171ef130127fc2a30c2632ea9d3abff/screenshot - {}
RESULT: {}
COMMAND: POST /session/b171ef130127fc2a30c2632ea9d3abff/actions - {"actions":[{"type":"key","id":"keyboard","actions":[{"type":"keyDown","value":"î›"}]}]}
RESULT: {"actions":[{"type":"key","id":"keyboard","actions":[{"type":"keyDown","value":"î›"}]}]}
COMMAND: GET /session/b171ef130127fc2a30c2632ea9d3abff/screenshot - {}
RESULT: {}
COMMAND: POST /session/b171ef130127fc2a30c2632ea9d3abff/actions - {"actions":[{"type":"key","id":"keyboard","actions":[{"type":"keyDown","value":"î›"}]}]}
RESULT: {"actions":[{"type":"key","id":"keyboard","actions":[{"type":"keyDown","value":"î›"}]}]}
COMMAND: GET /session/b171ef130127fc2a30c2632ea9d3abff/screenshot - {}
RESULT: {}
COMMAND: POST /session/b171ef130127fc2a30c2632ea9d3abff/actions - {"actions":[{"type":"key","id":"keyboard","actions":[{"type":"keyDown","value":"î›"}]}]}
RESULT: {"actions":[{"type":"key","id":"keyboard","actions":[{"type":"keyDown","value":"î›"}]}]}
COMMAND: GET /session/b171ef130127fc2a30c2632ea9d3abff/screenshot - {}
RESULT: {}
COMMAND: POST /session/b171ef130127fc2a30c2632ea9d3abff/actions - {"actions":[{"type":"key","id":"keyboard","actions":[{"type":"keyDown","value":"î›"}]}]}
RESULT: {"actions":[{"type":"key","id":"keyboard","actions":[{"type":"keyDown","value":"î›"}]}]}
COMMAND: GET /session/b171ef130127fc2a30c2632ea9d3abff/screenshot - {}
RESULT: {}
COMMAND: POST /session/b171ef130127fc2a30c2632ea9d3abff/actions - {"actions":[{"type":"key","id":"keyboard","actions":[{"type":"keyDown","value":"î›"}]}]}
RESULT: {"actions":[{"type":"key","id":"keyboard","actions":[{"type":"keyDown","value":"î›"}]}]}
COMMAND: GET /session/b171ef130127fc2a30c2632ea9d3abff/screenshot - {}
RESULT: {}
COMMAND: POST /session/b171ef130127fc2a30c2632ea9d3abff/execute/async - {"script":"<script> [1562 bytes]","args":[{"selector":{"id":"application-manageresources-display-component---newResourceUnit--btnAddTimeSegment-img"},"wdio_ui5_key":"applicationmanageresources-display-component---newResourceUnit--btnAddTimeSegment-img"}]}
RESULT: {"script":"<script> [1562 bytes]","args":[{"selector":{"id":"application-manageresources-display-component---newResourceUnit--btnAddTimeSegment-img"},"wdio_ui5_key":"applicationmanageresources-display-component---newResourceUnit--btnAddTimeSegment-img"}]}
RESULT: undefined
COMMAND: POST /session/b171ef130127fc2a30c2632ea9d3abff/element - {"using":"xpath","value":"//*[@id=\"application-manageresources-display-component---newResourceUnit--btnAddTimeSegment-img\"]"}
RESULT: {"using":"xpath","value":"//*[@id=\"application-manageresources-display-component---newResourceUnit--btnAddTimeSegment-img\"]"}
COMMAND: POST /session/b171ef130127fc2a30c2632ea9d3abff/element/f.727CE9CF6895B2C759CBC992552C29E0.d.CE687615043E9FD7ECB43944BABD3556.e.12639/click - {}
RESULT: {}
COMMAND: POST /session/b171ef130127fc2a30c2632ea9d3abff/element - {"using":"xpath","value":"//input[@id=\"application-manageresources-display-component---newResourceUnit--idRuTSAdmin-application-manageresources-display-component---newResourceUnit--RUTimeSegment-0-inner\"]"}
COMMAND: GET /session/b171ef130127fc2a30c2632ea9d3abff/screenshot - {}
RESULT: {"using":"xpath","value":"//input[@id=\"application-manageresources-display-component---newResourceUnit--idRuTSAdmin-application-manageresources-display-component---newResourceUnit--RUTimeSegment-0-inner\"]"}
COMMAND: POST /session/b171ef130127fc2a30c2632ea9d3abff/element/f.727CE9CF6895B2C759CBC992552C29E0.d.CE687615043E9FD7ECB43944BABD3556.e.12642/clear - {}
RESULT: {}
RESULT: {}
COMMAND: POST /session/b171ef130127fc2a30c2632ea9d3abff/element/f.727CE9CF6895B2C759CBC992552C29E0.d.CE687615043E9FD7ECB43944BABD3556.e.12642/value - {"text":"638"}
COMMAND: GET /session/b171ef130127fc2a30c2632ea9d3abff/screenshot - {}
RESULT: {"text":"638"}
COMMAND: GET /session/b171ef130127fc2a30c2632ea9d3abff/screenshot - {}
RESULT: {}
RESULT: {}
COMMAND: POST /session/b171ef130127fc2a30c2632ea9d3abff/actions - {"actions":[{"id":"action40","type":"key","parameters":{},"actions":[{"type":"keyDown","value":"î€‡"},{"type":"pause","duration":10},{"type":"keyUp","value":"î€‡"}]}]}
RESULT: {"actions":[{"id":"action40","type":"key","parameters":{},"actions":[{"type":"keyDown","value":"î€‡"},{"type":"pause","duration":10},{"type":"keyUp","value":"î€‡"}]}]}
COMMAND: GET /session/b171ef130127fc2a30c2632ea9d3abff/screenshot - {}
RESULT: {}
COMMAND: POST /session/b171ef130127fc2a30c2632ea9d3abff/execute/async - {"script":"<script> [1562 bytes]","args":[{"selector":{"controlType":"sap.m.Button","viewName":"reusables.view.manageresources.NewResourceUnit","viewId":"application-manageresources-display-component---newResourceUnit","i18NText":{"propertyName":"tooltip","key":"save"},"interaction":{"idSuffix":"BDI-content"}},"wdio_ui5_key":"reusablesview.manageresources.NewResourceUnitsap.m.Button{\"propertyName\":\"tooltip\",\"key\":\"save\"}"}]}
RESULT: {"script":"<script> [1562 bytes]","args":[{"selector":{"controlType":"sap.m.Button","viewName":"reusables.view.manageresources.NewResourceUnit","viewId":"application-manageresources-display-component---newResourceUnit","i18NText":{"propertyName":"tooltip","key":"save"},"interaction":{"idSuffix":"BDI-content"}},"wdio_ui5_key":"reusablesview.manageresources.NewResourceUnitsap.m.Button{\"propertyName\":\"tooltip\",\"key\":\"save\"}"}]}
RESULT: undefined
COMMAND: POST /session/b171ef130127fc2a30c2632ea9d3abff/element - {"using":"xpath","value":"//*[@id=\"application-manageresources-display-component---newResourceUnit--createRuButton\"]"}
RESULT: {"using":"xpath","value":"//*[@id=\"application-manageresources-display-component---newResourceUnit--createRuButton\"]"}
COMMAND: POST /session/b171ef130127fc2a30c2632ea9d3abff/element/f.727CE9CF6895B2C759CBC992552C29E0.d.CE687615043E9FD7ECB43944BABD3556.e.12579/click - {}
RESULT: {}
COMMAND: POST /session/b171ef130127fc2a30c2632ea9d3abff/execute/async - {"script":"<script> [1562 bytes]","args":[{"selector":{"controlType":"sap.m.Button","properties":{"text":"Close"},"searchOpenDialogs":true,"interaction":{"idSuffix":"BDI-content"}},"wdio_ui5_key":"sapm.Button{\"text\":\"Close\"}"}]}
COMMAND: GET /session/b171ef130127fc2a30c2632ea9d3abff/screenshot - {}
RESULT: {"script":"<script> [1562 bytes]","args":[{"selector":{"controlType":"sap.m.Button","properties":{"text":"Close"},"searchOpenDialogs":true,"interaction":{"idSuffix":"BDI-content"}},"wdio_ui5_key":"sapm.Button{\"text\":\"Close\"}"}]}
RESULT: undefined
COMMAND: POST /session/b171ef130127fc2a30c2632ea9d3abff/element - {"using":"xpath","value":"//*[@id=\"__mbox-btn-0\"]"}
RESULT: {}
RESULT: {"using":"xpath","value":"//*[@id=\"__mbox-btn-0\"]"}
COMMAND: POST /session/b171ef130127fc2a30c2632ea9d3abff/element/f.727CE9CF6895B2C759CBC992552C29E0.d.CE687615043E9FD7ECB43944BABD3556.e.12655/click - {}
RESULT: {}
COMMAND: GET /session/b171ef130127fc2a30c2632ea9d3abff/screenshot - {}
RESULT: {}
COMMAND: POST /session/b171ef130127fc2a30c2632ea9d3abff/execute/async - {"script":"<script> [1562 bytes]","args":[{"selector":{"controlType":"sap.m.Text","viewName":"etm.portal.ui.manageresources.view.Detail","viewId":"application-manageresources-display-component---detailRU","bindingPath":{"propertyPath":"ID","modelName":"catalogModel"}},"wdio_ui5_key":"etmportal.ui.manageresources.view.Detailsap.m.Text{\"propertyPath\":\"ID\",\"modelName\":\"catalogModel\"}"}]}
RESULT: {"script":"<script> [1562 bytes]","args":[{"selector":{"controlType":"sap.m.Text","viewName":"etm.portal.ui.manageresources.view.Detail","viewId":"application-manageresources-display-component---detailRU","bindingPath":{"propertyPath":"ID","modelName":"catalogModel"}},"wdio_ui5_key":"etmportal.ui.manageresources.view.Detailsap.m.Text{\"propertyPath\":\"ID\",\"modelName\":\"catalogModel\"}"}]}
RESULT: undefined
COMMAND: POST /session/b171ef130127fc2a30c2632ea9d3abff/execute/async - {"script":"<script> [6424 bytes]","args":[{"element-6066-11e4-a52e-4f735466cecf":"f.727CE9CF6895B2C759CBC992552C29E0.d.CE687615043E9FD7ECB43944BABD3556.e.12689"},"getText",[]]}
RESULT: {"script":"<script> [6424 bytes]","args":[{"element-6066-11e4-a52e-4f735466cecf":"f.727CE9CF6895B2C759CBC992552C29E0.d.CE687615043E9FD7ECB43944BABD3556.e.12689"},"getText",[]]}
COMMAND: POST /session/b171ef130127fc2a30c2632ea9d3abff/element - {"using":"css selector","value":"#shell-header-logo"}
RESULT: {"using":"css selector","value":"#shell-header-logo"}
COMMAND: POST /session/b171ef130127fc2a30c2632ea9d3abff/element/f.727CE9CF6895B2C759CBC992552C29E0.d.CE687615043E9FD7ECB43944BABD3556.e.12166/click - {}
RESULT: {}
COMMAND: GET /session/b171ef130127fc2a30c2632ea9d3abff/screenshot - {}
RESULT: {}
]]></system-out>
    </testcase>
    <testcase classname="chrome.135_0_7049_115.windows.Provide_to_Site_w/_warehouse_management_w/o_clarification_US113782_" name="Bin Status Report Should Create New Organization yard" time="42.942">
      <system-out><![CDATA[
COMMAND: POST /session/b171ef130127fc2a30c2632ea9d3abff/execute/async - {"script":"<script> [1562 bytes]","args":[{"selector":{"controlType":"sap.m.GenericTile","properties":{"header":"Bin Status Report"}},"wdio_ui5_key":"sapm.GenericTile{\"header\":\"Bin Status Report\"}"}]}
RESULT: {"script":"<script> [1562 bytes]","args":[{"selector":{"controlType":"sap.m.GenericTile","properties":{"header":"Bin Status Report"}},"wdio_ui5_key":"sapm.GenericTile{\"header\":\"Bin Status Report\"}"}]}
RESULT: undefined
COMMAND: POST /session/b171ef130127fc2a30c2632ea9d3abff/element - {"using":"xpath","value":"//*[@id=\"__tile104\"]"}
RESULT: {"using":"xpath","value":"//*[@id=\"__tile104\"]"}
COMMAND: POST /session/b171ef130127fc2a30c2632ea9d3abff/element/f.727CE9CF6895B2C759CBC992552C29E0.d.CE687615043E9FD7ECB43944BABD3556.e.12693/click - {}
RESULT: {}
COMMAND: GET /session/b171ef130127fc2a30c2632ea9d3abff/screenshot - {}
RESULT: {}
COMMAND: POST /session/b171ef130127fc2a30c2632ea9d3abff/execute/async - {"script":"<script> [1562 bytes]","args":[{"selector":{"id":"application-binstatusreport-display-component---warehousing--createOrgBtn","interaction":{"idSuffix":"content"}},"wdio_ui5_key":"applicationbinstatusreport-display-component---warehousing--createOrgBtn"}]}
RESULT: {"script":"<script> [1562 bytes]","args":[{"selector":{"id":"application-binstatusreport-display-component---warehousing--createOrgBtn","interaction":{"idSuffix":"content"}},"wdio_ui5_key":"applicationbinstatusreport-display-component---warehousing--createOrgBtn"}]}
RESULT: undefined
COMMAND: POST /session/b171ef130127fc2a30c2632ea9d3abff/element - {"using":"xpath","value":"//*[@id=\"application-binstatusreport-display-component---warehousing--createOrgBtn\"]"}
RESULT: {"using":"xpath","value":"//*[@id=\"application-binstatusreport-display-component---warehousing--createOrgBtn\"]"}
COMMAND: POST /session/b171ef130127fc2a30c2632ea9d3abff/element/f.727CE9CF6895B2C759CBC992552C29E0.d.CE687615043E9FD7ECB43944BABD3556.e.12752/click - {}
RESULT: {}
COMMAND: POST /session/b171ef130127fc2a30c2632ea9d3abff/execute/async - {"script":"<script> [1562 bytes]","args":[{"selector":{"id":"createOrganizationPop--sectionInput","searchOpenDialogs":true,"interaction":{"idSuffix":"inner"}},"wdio_ui5_key":"createOrganizationPopsectionInput"}]}
COMMAND: GET /session/b171ef130127fc2a30c2632ea9d3abff/screenshot - {}
RESULT: {"script":"<script> [1562 bytes]","args":[{"selector":{"id":"createOrganizationPop--sectionInput","searchOpenDialogs":true,"interaction":{"idSuffix":"inner"}},"wdio_ui5_key":"createOrganizationPopsectionInput"}]}
RESULT: undefined
COMMAND: POST /session/b171ef130127fc2a30c2632ea9d3abff/execute/async - {"script":"<script> [776 bytes]","args":[{"enterText":"WDI638","selector":{"id":"createOrganizationPop--sectionInput","searchOpenDialogs":true,"interaction":{"idSuffix":"inner"}},"clearTextFirst":true,"interactionType":"ENTER_TEXT"}]}
RESULT: {}
RESULT: {"script":"<script> [776 bytes]","args":[{"enterText":"WDI638","selector":{"id":"createOrganizationPop--sectionInput","searchOpenDialogs":true,"interaction":{"idSuffix":"inner"}},"clearTextFirst":true,"interactionType":"ENTER_TEXT"}]}
COMMAND: POST /session/b171ef130127fc2a30c2632ea9d3abff/execute/async - {"script":"<script> [1562 bytes]","args":[{"selector":{"id":"createOrganizationPop--descriptionInput","searchOpenDialogs":true,"interaction":{"idSuffix":"inner"}},"wdio_ui5_key":"createOrganizationPopdescriptionInput"}]}
RESULT: {"script":"<script> [1562 bytes]","args":[{"selector":{"id":"createOrganizationPop--descriptionInput","searchOpenDialogs":true,"interaction":{"idSuffix":"inner"}},"wdio_ui5_key":"createOrganizationPopdescriptionInput"}]}
RESULT: undefined
COMMAND: POST /session/b171ef130127fc2a30c2632ea9d3abff/execute/async - {"script":"<script> [776 bytes]","args":[{"enterText":"Shipping638","selector":{"id":"createOrganizationPop--descriptionInput","searchOpenDialogs":true,"interaction":{"idSuffix":"inner"}},"clearTextFirst":true,"interactionType":"ENTER_TEXT"}]}
RESULT: {"script":"<script> [776 bytes]","args":[{"enterText":"Shipping638","selector":{"id":"createOrganizationPop--descriptionInput","searchOpenDialogs":true,"interaction":{"idSuffix":"inner"}},"clearTextFirst":true,"interactionType":"ENTER_TEXT"}]}
COMMAND: POST /session/b171ef130127fc2a30c2632ea9d3abff/element - {"using":"css selector","value":"#createOrganizationPop--yardOrg-inner"}
RESULT: {"using":"css selector","value":"#createOrganizationPop--yardOrg-inner"}
COMMAND: POST /session/b171ef130127fc2a30c2632ea9d3abff/element/f.727CE9CF6895B2C759CBC992552C29E0.d.CE687615043E9FD7ECB43944BABD3556.e.12790/clear - {}
RESULT: {}
COMMAND: POST /session/b171ef130127fc2a30c2632ea9d3abff/element/f.727CE9CF6895B2C759CBC992552C29E0.d.CE687615043E9FD7ECB43944BABD3556.e.12790/value - {"text":"638"}
COMMAND: GET /session/b171ef130127fc2a30c2632ea9d3abff/screenshot - {}
RESULT: {"text":"638"}
COMMAND: GET /session/b171ef130127fc2a30c2632ea9d3abff/screenshot - {}
RESULT: {}
RESULT: {}
COMMAND: POST /session/b171ef130127fc2a30c2632ea9d3abff/actions - {"actions":[{"id":"action41","type":"key","parameters":{},"actions":[{"type":"keyDown","value":"î€‡"},{"type":"pause","duration":10},{"type":"keyUp","value":"î€‡"}]}]}
RESULT: {"actions":[{"id":"action41","type":"key","parameters":{},"actions":[{"type":"keyDown","value":"î€‡"},{"type":"pause","duration":10},{"type":"keyUp","value":"î€‡"}]}]}
COMMAND: POST /session/b171ef130127fc2a30c2632ea9d3abff/execute/async - {"script":"<script> [1562 bytes]","args":[{"selector":{"id":"createOrganizationPop--grZone","searchOpenDialogs":true,"interaction":{"idSuffix":"CbBg"}},"wdio_ui5_key":"createOrganizationPopgrZone"}]}
COMMAND: GET /session/b171ef130127fc2a30c2632ea9d3abff/screenshot - {}
RESULT: {"script":"<script> [1562 bytes]","args":[{"selector":{"id":"createOrganizationPop--grZone","searchOpenDialogs":true,"interaction":{"idSuffix":"CbBg"}},"wdio_ui5_key":"createOrganizationPopgrZone"}]}
RESULT: undefined
COMMAND: POST /session/b171ef130127fc2a30c2632ea9d3abff/element - {"using":"xpath","value":"//*[@id=\"createOrganizationPop--grZone\"]"}
RESULT: {}
RESULT: {"using":"xpath","value":"//*[@id=\"createOrganizationPop--grZone\"]"}
COMMAND: POST /session/b171ef130127fc2a30c2632ea9d3abff/element/f.727CE9CF6895B2C759CBC992552C29E0.d.CE687615043E9FD7ECB43944BABD3556.e.12810/click - {}
RESULT: {}
COMMAND: POST /session/b171ef130127fc2a30c2632ea9d3abff/execute/async - {"script":"<script> [1562 bytes]","args":[{"selector":{"id":"createOrganizationPop--giZone","searchOpenDialogs":true,"interaction":{"idSuffix":"CbBg"}},"wdio_ui5_key":"createOrganizationPopgiZone"}]}
COMMAND: GET /session/b171ef130127fc2a30c2632ea9d3abff/screenshot - {}
RESULT: {"script":"<script> [1562 bytes]","args":[{"selector":{"id":"createOrganizationPop--giZone","searchOpenDialogs":true,"interaction":{"idSuffix":"CbBg"}},"wdio_ui5_key":"createOrganizationPopgiZone"}]}
RESULT: undefined
COMMAND: POST /session/b171ef130127fc2a30c2632ea9d3abff/element - {"using":"xpath","value":"//*[@id=\"createOrganizationPop--giZone\"]"}
RESULT: {}
RESULT: {"using":"xpath","value":"//*[@id=\"createOrganizationPop--giZone\"]"}
COMMAND: POST /session/b171ef130127fc2a30c2632ea9d3abff/element/f.727CE9CF6895B2C759CBC992552C29E0.d.CE687615043E9FD7ECB43944BABD3556.e.12812/click - {}
RESULT: {}
COMMAND: POST /session/b171ef130127fc2a30c2632ea9d3abff/execute/async - {"script":"<script> [1562 bytes]","args":[{"selector":{"id":"createOrganizationPop--binNoInput","searchOpenDialogs":true,"interaction":{"idSuffix":"inner"}},"wdio_ui5_key":"createOrganizationPopbinNoInput"}]}
COMMAND: GET /session/b171ef130127fc2a30c2632ea9d3abff/screenshot - {}
RESULT: {"script":"<script> [1562 bytes]","args":[{"selector":{"id":"createOrganizationPop--binNoInput","searchOpenDialogs":true,"interaction":{"idSuffix":"inner"}},"wdio_ui5_key":"createOrganizationPopbinNoInput"}]}
RESULT: undefined
COMMAND: POST /session/b171ef130127fc2a30c2632ea9d3abff/execute/async - {"script":"<script> [776 bytes]","args":[{"enterText":"Bin-Wd","selector":{"id":"createOrganizationPop--binNoInput","searchOpenDialogs":true,"interaction":{"idSuffix":"inner"}},"clearTextFirst":true,"interactionType":"ENTER_TEXT"}]}
RESULT: {}
RESULT: {"script":"<script> [776 bytes]","args":[{"enterText":"Bin-Wd","selector":{"id":"createOrganizationPop--binNoInput","searchOpenDialogs":true,"interaction":{"idSuffix":"inner"}},"clearTextFirst":true,"interactionType":"ENTER_TEXT"}]}
COMMAND: POST /session/b171ef130127fc2a30c2632ea9d3abff/execute/async - {"script":"<script> [1562 bytes]","args":[{"selector":{"id":"createOrganizationPop--descriptionId","searchOpenDialogs":true,"interaction":{"idSuffix":"inner"}},"wdio_ui5_key":"createOrganizationPopdescriptionId"}]}
RESULT: {"script":"<script> [1562 bytes]","args":[{"selector":{"id":"createOrganizationPop--descriptionId","searchOpenDialogs":true,"interaction":{"idSuffix":"inner"}},"wdio_ui5_key":"createOrganizationPopdescriptionId"}]}
RESULT: undefined
COMMAND: POST /session/b171ef130127fc2a30c2632ea9d3abff/execute/async - {"script":"<script> [776 bytes]","args":[{"enterText":"Shipping-Wd","selector":{"id":"createOrganizationPop--descriptionId","searchOpenDialogs":true,"interaction":{"idSuffix":"inner"}},"clearTextFirst":true,"interactionType":"ENTER_TEXT"}]}
RESULT: {"script":"<script> [776 bytes]","args":[{"enterText":"Shipping-Wd","selector":{"id":"createOrganizationPop--descriptionId","searchOpenDialogs":true,"interaction":{"idSuffix":"inner"}},"clearTextFirst":true,"interactionType":"ENTER_TEXT"}]}
COMMAND: POST /session/b171ef130127fc2a30c2632ea9d3abff/execute/async - {"script":"<script> [1562 bytes]","args":[{"selector":{"controlType":"sap.m.CheckBox","viewName":"etm.portal.ui.binstatusreport.view.MasterWareBins","viewId":"application-binstatusreport-display-component---warehousing","bindingPath":{"path":"","propertyPath":"/ZONE","modelName":"newBin"},"searchOpenDialogs":true,"interaction":{"idSuffix":"CbBg"}},"wdio_ui5_key":"etmportal.ui.binstatusreport.view.MasterWareBinssap.m.CheckBox{\"path\":\"\",\"propertyPath\":\"/ZONE\",\"modelName\":\"newBin\"}"}]}
RESULT: {"script":"<script> [1562 bytes]","args":[{"selector":{"controlType":"sap.m.CheckBox","viewName":"etm.portal.ui.binstatusreport.view.MasterWareBins","viewId":"application-binstatusreport-display-component---warehousing","bindingPath":{"path":"","propertyPath":"/ZONE","modelName":"newBin"},"searchOpenDialogs":true,"interaction":{"idSuffix":"CbBg"}},"wdio_ui5_key":"etmportal.ui.binstatusreport.view.MasterWareBinssap.m.CheckBox{\"path\":\"\",\"propertyPath\":\"/ZONE\",\"modelName\":\"newBin\"}"}]}
RESULT: undefined
COMMAND: POST /session/b171ef130127fc2a30c2632ea9d3abff/element - {"using":"xpath","value":"//*[@id=\"__box56\"]"}
RESULT: {"using":"xpath","value":"//*[@id=\"__box56\"]"}
COMMAND: POST /session/b171ef130127fc2a30c2632ea9d3abff/element/f.727CE9CF6895B2C759CBC992552C29E0.d.CE687615043E9FD7ECB43944BABD3556.e.12816/click - {}
RESULT: {}
COMMAND: POST /session/b171ef130127fc2a30c2632ea9d3abff/execute/async - {"script":"<script> [1562 bytes]","args":[{"selector":{"id":"createOrganizationPop--binTypesCB","searchOpenDialogs":true,"interaction":{"idSuffix":"inner"}},"wdio_ui5_key":"createOrganizationPopbinTypesCB"}]}
COMMAND: GET /session/b171ef130127fc2a30c2632ea9d3abff/screenshot - {}
RESULT: {"script":"<script> [1562 bytes]","args":[{"selector":{"id":"createOrganizationPop--binTypesCB","searchOpenDialogs":true,"interaction":{"idSuffix":"inner"}},"wdio_ui5_key":"createOrganizationPopbinTypesCB"}]}
RESULT: undefined
COMMAND: POST /session/b171ef130127fc2a30c2632ea9d3abff/execute/async - {"script":"<script> [776 bytes]","args":[{"enterText":"1 - General / No capacity check","selector":{"id":"createOrganizationPop--binTypesCB","searchOpenDialogs":true,"interaction":{"idSuffix":"inner"}},"clearTextFirst":true,"interactionType":"ENTER_TEXT"}]}
RESULT: {}
RESULT: {"script":"<script> [776 bytes]","args":[{"enterText":"1 - General / No capacity check","selector":{"id":"createOrganizationPop--binTypesCB","searchOpenDialogs":true,"interaction":{"idSuffix":"inner"}},"clearTextFirst":true,"interactionType":"ENTER_TEXT"}]}
COMMAND: POST /session/b171ef130127fc2a30c2632ea9d3abff/actions - {"actions":[{"id":"action42","type":"key","parameters":{},"actions":[{"type":"keyDown","value":"î€‡"},{"type":"pause","duration":10},{"type":"keyUp","value":"î€‡"}]}]}
RESULT: {"actions":[{"id":"action42","type":"key","parameters":{},"actions":[{"type":"keyDown","value":"î€‡"},{"type":"pause","duration":10},{"type":"keyUp","value":"î€‡"}]}]}
COMMAND: GET /session/b171ef130127fc2a30c2632ea9d3abff/screenshot - {}
RESULT: {}
COMMAND: POST /session/b171ef130127fc2a30c2632ea9d3abff/execute/async - {"script":"<script> [1562 bytes]","args":[{"selector":{"id":"createOrganizationPop--finishBtn","searchOpenDialogs":true,"interaction":{"idSuffix":"BDI-content"}},"wdio_ui5_key":"createOrganizationPopfinishBtn"}]}
RESULT: {"script":"<script> [1562 bytes]","args":[{"selector":{"id":"createOrganizationPop--finishBtn","searchOpenDialogs":true,"interaction":{"idSuffix":"BDI-content"}},"wdio_ui5_key":"createOrganizationPopfinishBtn"}]}
RESULT: undefined
COMMAND: POST /session/b171ef130127fc2a30c2632ea9d3abff/element - {"using":"xpath","value":"//*[@id=\"createOrganizationPop--finishBtn\"]"}
RESULT: {"using":"xpath","value":"//*[@id=\"createOrganizationPop--finishBtn\"]"}
COMMAND: POST /session/b171ef130127fc2a30c2632ea9d3abff/element/f.727CE9CF6895B2C759CBC992552C29E0.d.CE687615043E9FD7ECB43944BABD3556.e.12819/click - {}
RESULT: {}
]]></system-out>
    </testcase>
    <testcase classname="chrome.135_0_7049_115.windows.Provide_to_Site_w/_warehouse_management_w/o_clarification_US113782_" name="Bin Status Report Should Create New Organization for Site" time="35.746">
      <system-out><![CDATA[
COMMAND: GET /session/b171ef130127fc2a30c2632ea9d3abff/screenshot - {}
RESULT: {}
RESULT: undefined
COMMAND: POST /session/b171ef130127fc2a30c2632ea9d3abff/element - {"using":"xpath","value":"//*[@id=\"application-binstatusreport-display-component---warehousing--createOrgBtn\"]"}
RESULT: {"using":"xpath","value":"//*[@id=\"application-binstatusreport-display-component---warehousing--createOrgBtn\"]"}
COMMAND: POST /session/b171ef130127fc2a30c2632ea9d3abff/element/f.727CE9CF6895B2C759CBC992552C29E0.d.CE687615043E9FD7ECB43944BABD3556.e.12752/click - {}
RESULT: {}
RESULT: undefined
COMMAND: POST /session/b171ef130127fc2a30c2632ea9d3abff/execute/async - {"script":"<script> [776 bytes]","args":[{"enterText":"2471","selector":{"id":"createOrganizationPop--sectionInput","searchOpenDialogs":true,"interaction":{"idSuffix":"inner"}},"clearTextFirst":true,"interactionType":"ENTER_TEXT"}]}
COMMAND: GET /session/b171ef130127fc2a30c2632ea9d3abff/screenshot - {}
RESULT: {"script":"<script> [776 bytes]","args":[{"enterText":"2471","selector":{"id":"createOrganizationPop--sectionInput","searchOpenDialogs":true,"interaction":{"idSuffix":"inner"}},"clearTextFirst":true,"interactionType":"ENTER_TEXT"}]}
RESULT: undefined
COMMAND: POST /session/b171ef130127fc2a30c2632ea9d3abff/execute/async - {"script":"<script> [776 bytes]","args":[{"enterText":"WDI2471","selector":{"id":"createOrganizationPop--descriptionInput","searchOpenDialogs":true,"interaction":{"idSuffix":"inner"}},"clearTextFirst":true,"interactionType":"ENTER_TEXT"}]}
RESULT: {}
RESULT: {"script":"<script> [776 bytes]","args":[{"enterText":"WDI2471","selector":{"id":"createOrganizationPop--descriptionInput","searchOpenDialogs":true,"interaction":{"idSuffix":"inner"}},"clearTextFirst":true,"interactionType":"ENTER_TEXT"}]}
COMMAND: POST /session/b171ef130127fc2a30c2632ea9d3abff/element - {"using":"css selector","value":"#createOrganizationPop--siteOrg-inner"}
RESULT: {"using":"css selector","value":"#createOrganizationPop--siteOrg-inner"}
COMMAND: POST /session/b171ef130127fc2a30c2632ea9d3abff/element/f.727CE9CF6895B2C759CBC992552C29E0.d.CE687615043E9FD7ECB43944BABD3556.e.12826/clear - {}
RESULT: {}
COMMAND: POST /session/b171ef130127fc2a30c2632ea9d3abff/element/f.727CE9CF6895B2C759CBC992552C29E0.d.CE687615043E9FD7ECB43944BABD3556.e.12826/value - {"text":"2471"}
COMMAND: GET /session/b171ef130127fc2a30c2632ea9d3abff/screenshot - {}
RESULT: {"text":"2471"}
COMMAND: GET /session/b171ef130127fc2a30c2632ea9d3abff/screenshot - {}
RESULT: {}
RESULT: {}
COMMAND: POST /session/b171ef130127fc2a30c2632ea9d3abff/actions - {"actions":[{"id":"action43","type":"key","parameters":{},"actions":[{"type":"keyDown","value":"î€‡"},{"type":"pause","duration":10},{"type":"keyUp","value":"î€‡"}]}]}
RESULT: {"actions":[{"id":"action43","type":"key","parameters":{},"actions":[{"type":"keyDown","value":"î€‡"},{"type":"pause","duration":10},{"type":"keyUp","value":"î€‡"}]}]}
RESULT: undefined
COMMAND: POST /session/b171ef130127fc2a30c2632ea9d3abff/element - {"using":"xpath","value":"//*[@id=\"createOrganizationPop--giZone\"]"}
COMMAND: GET /session/b171ef130127fc2a30c2632ea9d3abff/screenshot - {}
RESULT: {"using":"xpath","value":"//*[@id=\"createOrganizationPop--giZone\"]"}
COMMAND: POST /session/b171ef130127fc2a30c2632ea9d3abff/element/f.727CE9CF6895B2C759CBC992552C29E0.d.CE687615043E9FD7ECB43944BABD3556.e.12843/click - {}
RESULT: {}
RESULT: {}
RESULT: undefined
COMMAND: POST /session/b171ef130127fc2a30c2632ea9d3abff/execute/async - {"script":"<script> [776 bytes]","args":[{"enterText":"WD-BIN","selector":{"id":"createOrganizationPop--binNoInput","searchOpenDialogs":true,"interaction":{"idSuffix":"inner"}},"clearTextFirst":true,"interactionType":"ENTER_TEXT"}]}
COMMAND: GET /session/b171ef130127fc2a30c2632ea9d3abff/screenshot - {}
RESULT: {"script":"<script> [776 bytes]","args":[{"enterText":"WD-BIN","selector":{"id":"createOrganizationPop--binNoInput","searchOpenDialogs":true,"interaction":{"idSuffix":"inner"}},"clearTextFirst":true,"interactionType":"ENTER_TEXT"}]}
RESULT: undefined
COMMAND: POST /session/b171ef130127fc2a30c2632ea9d3abff/execute/async - {"script":"<script> [776 bytes]","args":[{"enterText":"WD-BIN","selector":{"id":"createOrganizationPop--descriptionId","searchOpenDialogs":true,"interaction":{"idSuffix":"inner"}},"clearTextFirst":true,"interactionType":"ENTER_TEXT"}]}
RESULT: {}
RESULT: {"script":"<script> [776 bytes]","args":[{"enterText":"WD-BIN","selector":{"id":"createOrganizationPop--descriptionId","searchOpenDialogs":true,"interaction":{"idSuffix":"inner"}},"clearTextFirst":true,"interactionType":"ENTER_TEXT"}]}
COMMAND: POST /session/b171ef130127fc2a30c2632ea9d3abff/execute/async - {"script":"<script> [1562 bytes]","args":[{"selector":{"controlType":"sap.m.CheckBox","viewName":"etm.portal.ui.binstatusreport.view.MasterWareBins","viewId":"application-binstatusreport-display-component---warehousing","bindingPath":{"propertyPath":"/ZONE","modelName":"newBin"},"searchOpenDialogs":true,"interaction":{"idSuffix":"CbBg"}},"wdio_ui5_key":"etmportal.ui.binstatusreport.view.MasterWareBinssap.m.CheckBox{\"propertyPath\":\"/ZONE\",\"modelName\":\"newBin\"}"}]}
RESULT: {"script":"<script> [1562 bytes]","args":[{"selector":{"controlType":"sap.m.CheckBox","viewName":"etm.portal.ui.binstatusreport.view.MasterWareBins","viewId":"application-binstatusreport-display-component---warehousing","bindingPath":{"propertyPath":"/ZONE","modelName":"newBin"},"searchOpenDialogs":true,"interaction":{"idSuffix":"CbBg"}},"wdio_ui5_key":"etmportal.ui.binstatusreport.view.MasterWareBinssap.m.CheckBox{\"propertyPath\":\"/ZONE\",\"modelName\":\"newBin\"}"}]}
RESULT: undefined
COMMAND: POST /session/b171ef130127fc2a30c2632ea9d3abff/element - {"using":"xpath","value":"//*[@id=\"__box59\"]"}
RESULT: {"using":"xpath","value":"//*[@id=\"__box59\"]"}
COMMAND: POST /session/b171ef130127fc2a30c2632ea9d3abff/element/f.727CE9CF6895B2C759CBC992552C29E0.d.CE687615043E9FD7ECB43944BABD3556.e.12845/click - {}
RESULT: {}
COMMAND: GET /session/b171ef130127fc2a30c2632ea9d3abff/screenshot - {}
RESULT: {}
RESULT: undefined
COMMAND: POST /session/b171ef130127fc2a30c2632ea9d3abff/execute/async - {"script":"<script> [776 bytes]","args":[{"enterText":"1 - General / No capacity check","selector":{"id":"createOrganizationPop--binTypesCB","searchOpenDialogs":true,"interaction":{"idSuffix":"inner"}},"clearTextFirst":true,"interactionType":"ENTER_TEXT"}]}
RESULT: {"script":"<script> [776 bytes]","args":[{"enterText":"1 - General / No capacity check","selector":{"id":"createOrganizationPop--binTypesCB","searchOpenDialogs":true,"interaction":{"idSuffix":"inner"}},"clearTextFirst":true,"interactionType":"ENTER_TEXT"}]}
COMMAND: POST /session/b171ef130127fc2a30c2632ea9d3abff/execute/async - {"script":"<script> [1562 bytes]","args":[{"selector":{"id":"createOrganizationPop--capacityId","searchOpenDialogs":true,"interaction":{"idSuffix":"inner"}},"wdio_ui5_key":"createOrganizationPopcapacityId"}]}
RESULT: {"script":"<script> [1562 bytes]","args":[{"selector":{"id":"createOrganizationPop--capacityId","searchOpenDialogs":true,"interaction":{"idSuffix":"inner"}},"wdio_ui5_key":"createOrganizationPopcapacityId"}]}
RESULT: undefined
COMMAND: POST /session/b171ef130127fc2a30c2632ea9d3abff/actions - {"actions":[{"id":"action44","type":"key","parameters":{},"actions":[{"type":"keyDown","value":"î€‡"},{"type":"pause","duration":10},{"type":"keyUp","value":"î€‡"}]}]}
RESULT: {"actions":[{"id":"action44","type":"key","parameters":{},"actions":[{"type":"keyDown","value":"î€‡"},{"type":"pause","duration":10},{"type":"keyUp","value":"î€‡"}]}]}
COMMAND: GET /session/b171ef130127fc2a30c2632ea9d3abff/screenshot - {}
RESULT: {}
RESULT: undefined
COMMAND: POST /session/b171ef130127fc2a30c2632ea9d3abff/element - {"using":"xpath","value":"//*[@id=\"createOrganizationPop--finishBtn\"]"}
RESULT: {"using":"xpath","value":"//*[@id=\"createOrganizationPop--finishBtn\"]"}
COMMAND: POST /session/b171ef130127fc2a30c2632ea9d3abff/element/f.727CE9CF6895B2C759CBC992552C29E0.d.CE687615043E9FD7ECB43944BABD3556.e.12851/click - {}
RESULT: {}
COMMAND: POST /session/b171ef130127fc2a30c2632ea9d3abff/element - {"using":"css selector","value":"#shell-header-logo"}
COMMAND: GET /session/b171ef130127fc2a30c2632ea9d3abff/screenshot - {}
RESULT: {"using":"css selector","value":"#shell-header-logo"}
COMMAND: POST /session/b171ef130127fc2a30c2632ea9d3abff/element/f.727CE9CF6895B2C759CBC992552C29E0.d.CE687615043E9FD7ECB43944BABD3556.e.12699/click - {}
RESULT: {}
RESULT: {}
]]></system-out>
    </testcase>
  </testsuite>
  <testsuite timestamp="2025-05-06T16:53:58" time="471.511" tests="5" failures="0" errors="0" skipped="0">
    <properties>
      <property name="specId" value="0" />
      <property name="suiteName" value="Provide to Site w/ warehouse management wo clarification" />
      <property name="capabilities" value="chrome.135_0_7049_115.windows" />
      <property name="file" value="file:///D:/a/1/s/test/specs/HTR/provide-to-site-w-warehouse-wo-clarification.spec.js" />
    </properties>
    <testcase classname="chrome.135_0_7049_115.windows.Provide_to_Site_w/_warehouse_management_wo_clarification" name="Should do a stock increase handover" time="72.516">
      <system-out><![CDATA[
COMMAND: POST /session/b171ef130127fc2a30c2632ea9d3abff/execute/async - {"script":"<script> [1562 bytes]","args":[{"selector":{"controlType":"sap.m.GenericTile","properties":{"header":"Manage Handovers"}},"wdio_ui5_key":"sapm.GenericTile{\"header\":\"Manage Handovers\"}"}]}
COMMAND: GET /session/b171ef130127fc2a30c2632ea9d3abff/screenshot - {}
RESULT: {"script":"<script> [1562 bytes]","args":[{"selector":{"controlType":"sap.m.GenericTile","properties":{"header":"Manage Handovers"}},"wdio_ui5_key":"sapm.GenericTile{\"header\":\"Manage Handovers\"}"}]}
RESULT: undefined
COMMAND: POST /session/b171ef130127fc2a30c2632ea9d3abff/element - {"using":"xpath","value":"//*[@id=\"__tile130\"]"}
RESULT: {}
RESULT: {"using":"xpath","value":"//*[@id=\"__tile130\"]"}
COMMAND: POST /session/b171ef130127fc2a30c2632ea9d3abff/element/f.727CE9CF6895B2C759CBC992552C29E0.d.CE687615043E9FD7ECB43944BABD3556.e.9863/click - {}
RESULT: {}
COMMAND: GET /session/b171ef130127fc2a30c2632ea9d3abff/screenshot - {}
RESULT: {}
COMMAND: POST /session/b171ef130127fc2a30c2632ea9d3abff/element - {"using":"xpath","value":"//button[(@data-kt = 'masterHOAddButton')]"}
RESULT: {"using":"xpath","value":"//button[(@data-kt = 'masterHOAddButton')]"}
COMMAND: POST /session/b171ef130127fc2a30c2632ea9d3abff/elements - {"using":"xpath","value":"//button[(@data-kt = 'masterHOAddButton')]"}
RESULT: {"using":"xpath","value":"//button[(@data-kt = 'masterHOAddButton')]"}
COMMAND: POST /session/b171ef130127fc2a30c2632ea9d3abff/elements - {"using":"xpath","value":"//button[(@data-kt = 'masterHOAddButton')]"}
RESULT: {"using":"xpath","value":"//button[(@data-kt = 'masterHOAddButton')]"}
COMMAND: POST /session/b171ef130127fc2a30c2632ea9d3abff/element - {"using":"xpath","value":"//button[(@data-kt = 'masterHOAddButton')]"}
RESULT: {"using":"xpath","value":"//button[(@data-kt = 'masterHOAddButton')]"}
COMMAND: POST /session/b171ef130127fc2a30c2632ea9d3abff/element/f.727CE9CF6895B2C759CBC992552C29E0.d.CE687615043E9FD7ECB43944BABD3556.e.12881/click - {}
RESULT: {}
COMMAND: POST /session/b171ef130127fc2a30c2632ea9d3abff/element - {"using":"css selector","value":"span[id=\"application-managehandovers-display-component---AddNewHO--typeSelect-label\"]"}
COMMAND: GET /session/b171ef130127fc2a30c2632ea9d3abff/screenshot - {}
RESULT: {"using":"css selector","value":"span[id=\"application-managehandovers-display-component---AddNewHO--typeSelect-label\"]"}
COMMAND: POST /session/b171ef130127fc2a30c2632ea9d3abff/elements - {"using":"css selector","value":"span[id=\"application-managehandovers-display-component---AddNewHO--typeSelect-label\"]"}
RESULT: {}
RESULT: {"using":"css selector","value":"span[id=\"application-managehandovers-display-component---AddNewHO--typeSelect-label\"]"}
COMMAND: POST /session/b171ef130127fc2a30c2632ea9d3abff/element - {"using":"css selector","value":"span[id=\"application-managehandovers-display-component---AddNewHO--typeSelect-label\"]"}
RESULT: {"using":"css selector","value":"span[id=\"application-managehandovers-display-component---AddNewHO--typeSelect-label\"]"}
COMMAND: POST /session/b171ef130127fc2a30c2632ea9d3abff/element/f.727CE9CF6895B2C759CBC992552C29E0.d.CE687615043E9FD7ECB43944BABD3556.e.13243/click - {}
RESULT: {}
COMMAND: POST /session/b171ef130127fc2a30c2632ea9d3abff/element - {"using":"css selector","value":"#application-managehandovers-display-component---AddNewHO--oneStep-CB"}
COMMAND: GET /session/b171ef130127fc2a30c2632ea9d3abff/screenshot - {}
RESULT: {"using":"css selector","value":"#application-managehandovers-display-component---AddNewHO--oneStep-CB"}
COMMAND: GET /session/b171ef130127fc2a30c2632ea9d3abff/element/f.727CE9CF6895B2C759CBC992552C29E0.d.CE687615043E9FD7ECB43944BABD3556.e.13174/selected - {}
RESULT: {}
RESULT: {}
COMMAND: POST /session/b171ef130127fc2a30c2632ea9d3abff/element - {"using":"xpath","value":"//li[contains(text(), \"stock increase yard\")]"}
COMMAND: GET /session/b171ef130127fc2a30c2632ea9d3abff/screenshot - {}
RESULT: {"using":"xpath","value":"//li[contains(text(), \"stock increase yard\")]"}
COMMAND: POST /session/b171ef130127fc2a30c2632ea9d3abff/element/f.727CE9CF6895B2C759CBC992552C29E0.d.CE687615043E9FD7ECB43944BABD3556.e.13244/click - {}
RESULT: {}
RESULT: {}
COMMAND: GET /session/b171ef130127fc2a30c2632ea9d3abff/screenshot - {}
RESULT: {}
COMMAND: POST /session/b171ef130127fc2a30c2632ea9d3abff/element - {"using":"css selector","value":"input[id=\"generalSectionFrg--receiveYard-inner\"]"}
RESULT: {"using":"css selector","value":"input[id=\"generalSectionFrg--receiveYard-inner\"]"}
COMMAND: POST /session/b171ef130127fc2a30c2632ea9d3abff/element/f.727CE9CF6895B2C759CBC992552C29E0.d.CE687615043E9FD7ECB43944BABD3556.e.13254/clear - {}
RESULT: {}
COMMAND: POST /session/b171ef130127fc2a30c2632ea9d3abff/element/f.727CE9CF6895B2C759CBC992552C29E0.d.CE687615043E9FD7ECB43944BABD3556.e.13254/value - {"text":"638"}
COMMAND: GET /session/b171ef130127fc2a30c2632ea9d3abff/screenshot - {}
RESULT: {"text":"638"}
COMMAND: GET /session/b171ef130127fc2a30c2632ea9d3abff/screenshot - {}
RESULT: {}
RESULT: {}
COMMAND: POST /session/b171ef130127fc2a30c2632ea9d3abff/element - {"using":"css selector","value":"#application-managehandovers-display-component---AddNewHO--dueDate-inner"}
RESULT: {"using":"css selector","value":"#application-managehandovers-display-component---AddNewHO--dueDate-inner"}
COMMAND: POST /session/b171ef130127fc2a30c2632ea9d3abff/element/f.727CE9CF6895B2C759CBC992552C29E0.d.CE687615043E9FD7ECB43944BABD3556.e.13248/clear - {}
RESULT: {}
COMMAND: POST /session/b171ef130127fc2a30c2632ea9d3abff/element/f.727CE9CF6895B2C759CBC992552C29E0.d.CE687615043E9FD7ECB43944BABD3556.e.13248/value - {"text":"5/6/25"}
COMMAND: GET /session/b171ef130127fc2a30c2632ea9d3abff/screenshot - {}
RESULT: {"text":"5/6/25"}
COMMAND: GET /session/b171ef130127fc2a30c2632ea9d3abff/screenshot - {}
RESULT: {}
RESULT: {}
COMMAND: POST /session/b171ef130127fc2a30c2632ea9d3abff/element - {"using":"xpath","value":"//bdi[(text() = 'Items' or . = 'Items')]"}
RESULT: {"using":"xpath","value":"//bdi[(text() = 'Items' or . = 'Items')]"}
COMMAND: POST /session/b171ef130127fc2a30c2632ea9d3abff/element/f.727CE9CF6895B2C759CBC992552C29E0.d.CE687615043E9FD7ECB43944BABD3556.e.13269/click - {}
RESULT: {}
COMMAND: GET /session/b171ef130127fc2a30c2632ea9d3abff/screenshot - {}
RESULT: {}
COMMAND: POST /session/b171ef130127fc2a30c2632ea9d3abff/element - {"using":"xpath","value":"//button[@aria-label=\"Add\"]"}
RESULT: {"using":"xpath","value":"//button[@aria-label=\"Add\"]"}
COMMAND: POST /session/b171ef130127fc2a30c2632ea9d3abff/element/f.727CE9CF6895B2C759CBC992552C29E0.d.CE687615043E9FD7ECB43944BABD3556.e.13274/click - {}
RESULT: {}
COMMAND: GET /session/b171ef130127fc2a30c2632ea9d3abff/screenshot - {}
RESULT: {}
COMMAND: POST /session/b171ef130127fc2a30c2632ea9d3abff/element - {"using":"css selector","value":"input[id= \"application-managehandovers-display-component---AddNewHO--smartFilterBar-btnBasicSearch-I\"]"}
RESULT: {"using":"css selector","value":"input[id= \"application-managehandovers-display-component---AddNewHO--smartFilterBar-btnBasicSearch-I\"]"}
COMMAND: POST /session/b171ef130127fc2a30c2632ea9d3abff/element/f.727CE9CF6895B2C759CBC992552C29E0.d.CE687615043E9FD7ECB43944BABD3556.e.13277/clear - {}
RESULT: {}
COMMAND: POST /session/b171ef130127fc2a30c2632ea9d3abff/element/f.727CE9CF6895B2C759CBC992552C29E0.d.CE687615043E9FD7ECB43944BABD3556.e.13277/value - {"text":"200357"}
COMMAND: GET /session/b171ef130127fc2a30c2632ea9d3abff/screenshot - {}
RESULT: {"text":"200357"}
COMMAND: POST /session/b171ef130127fc2a30c2632ea9d3abff/actions - {"actions":[{"id":"action45","type":"key","parameters":{},"actions":[{"type":"keyDown","value":"î€‡"},{"type":"pause","duration":10},{"type":"keyUp","value":"î€‡"}]}]}
COMMAND: GET /session/b171ef130127fc2a30c2632ea9d3abff/screenshot - {}
RESULT: {}
RESULT: {"actions":[{"id":"action45","type":"key","parameters":{},"actions":[{"type":"keyDown","value":"î€‡"},{"type":"pause","duration":10},{"type":"keyUp","value":"î€‡"}]}]}
COMMAND: POST /session/b171ef130127fc2a30c2632ea9d3abff/element - {"using":"css selector","value":"div[id= \"application-managehandovers-display-component---AddNewHO--smartFilterBar-btnBasicSearch-search\"]"}
COMMAND: GET /session/b171ef130127fc2a30c2632ea9d3abff/screenshot - {}
RESULT: {}
RESULT: {"using":"css selector","value":"div[id= \"application-managehandovers-display-component---AddNewHO--smartFilterBar-btnBasicSearch-search\"]"}
COMMAND: POST /session/b171ef130127fc2a30c2632ea9d3abff/element/f.727CE9CF6895B2C759CBC992552C29E0.d.CE687615043E9FD7ECB43944BABD3556.e.13426/click - {}
RESULT: {}
RESULT: {}
COMMAND: GET /session/b171ef130127fc2a30c2632ea9d3abff/screenshot - {}
RESULT: {}
COMMAND: POST /session/b171ef130127fc2a30c2632ea9d3abff/element - {"using":"css selector","value":"div[id= \"application-managehandovers-display-component---AddNewHO--popup-sa-CbBg\"]"}
RESULT: {"using":"css selector","value":"div[id= \"application-managehandovers-display-component---AddNewHO--popup-sa-CbBg\"]"}
COMMAND: POST /session/b171ef130127fc2a30c2632ea9d3abff/element/f.727CE9CF6895B2C759CBC992552C29E0.d.CE687615043E9FD7ECB43944BABD3556.e.13427/click - {}
RESULT: {}
COMMAND: POST /session/b171ef130127fc2a30c2632ea9d3abff/element - {"using":"xpath","value":"//bdi[(text() = 'Select' or . = 'Select')]"}
COMMAND: GET /session/b171ef130127fc2a30c2632ea9d3abff/screenshot - {}
RESULT: {"using":"xpath","value":"//bdi[(text() = 'Select' or . = 'Select')]"}
COMMAND: POST /session/b171ef130127fc2a30c2632ea9d3abff/element/f.727CE9CF6895B2C759CBC992552C29E0.d.CE687615043E9FD7ECB43944BABD3556.e.13428/click - {}
RESULT: {}
RESULT: {}
COMMAND: GET /session/b171ef130127fc2a30c2632ea9d3abff/screenshot - {}
RESULT: {}
COMMAND: POST /session/b171ef130127fc2a30c2632ea9d3abff/element - {"using":"xpath","value":"//bdi[(text() = 'Save' or . = 'Save')]"}
RESULT: {"using":"xpath","value":"//bdi[(text() = 'Save' or . = 'Save')]"}
COMMAND: POST /session/b171ef130127fc2a30c2632ea9d3abff/element/f.727CE9CF6895B2C759CBC992552C29E0.d.CE687615043E9FD7ECB43944BABD3556.e.13432/click - {}
RESULT: {}
COMMAND: GET /session/b171ef130127fc2a30c2632ea9d3abff/screenshot - {}
RESULT: {}
COMMAND: POST /session/b171ef130127fc2a30c2632ea9d3abff/element - {"using":"xpath","value":"//input[contains(@id ,\"receiptDatePicker-inner\")]"}
RESULT: {"using":"xpath","value":"//input[contains(@id ,\"receiptDatePicker-inner\")]"}
COMMAND: POST /session/b171ef130127fc2a30c2632ea9d3abff/element/f.727CE9CF6895B2C759CBC992552C29E0.d.CE687615043E9FD7ECB43944BABD3556.e.13463/click - {}
RESULT: {}
COMMAND: POST /session/b171ef130127fc2a30c2632ea9d3abff/element - {"using":"xpath","value":"//input[contains(@id ,\"receiptDatePicker-inner\")]"}
COMMAND: GET /session/b171ef130127fc2a30c2632ea9d3abff/screenshot - {}
RESULT: {"using":"xpath","value":"//input[contains(@id ,\"receiptDatePicker-inner\")]"}
COMMAND: POST /session/b171ef130127fc2a30c2632ea9d3abff/element/f.727CE9CF6895B2C759CBC992552C29E0.d.CE687615043E9FD7ECB43944BABD3556.e.13463/clear - {}
RESULT: {}
RESULT: {}
COMMAND: POST /session/b171ef130127fc2a30c2632ea9d3abff/element/f.727CE9CF6895B2C759CBC992552C29E0.d.CE687615043E9FD7ECB43944BABD3556.e.13463/value - {"text":"5/6/25"}
COMMAND: GET /session/b171ef130127fc2a30c2632ea9d3abff/screenshot - {}
RESULT: {"text":"5/6/25"}
COMMAND: GET /session/b171ef130127fc2a30c2632ea9d3abff/screenshot - {}
RESULT: {}
RESULT: {}
COMMAND: POST /session/b171ef130127fc2a30c2632ea9d3abff/execute/async - {"script":"<script> [1562 bytes]","args":[{"selector":{"id":"administrationTabFilter","viewName":"etm.portal.ui.managehandovers.view.DetailExecuteHO","interaction":{"idSuffix":"text"}},"wdio_ui5_key":"administrationTabFilteretmportal.ui.managehandovers.view.DetailExecuteHO"}]}
RESULT: {"script":"<script> [1562 bytes]","args":[{"selector":{"id":"administrationTabFilter","viewName":"etm.portal.ui.managehandovers.view.DetailExecuteHO","interaction":{"idSuffix":"text"}},"wdio_ui5_key":"administrationTabFilteretmportal.ui.managehandovers.view.DetailExecuteHO"}]}
RESULT: undefined
COMMAND: POST /session/b171ef130127fc2a30c2632ea9d3abff/element - {"using":"xpath","value":"//*[@id=\"__xmlview61--administrationTabFilter\"]"}
RESULT: {"using":"xpath","value":"//*[@id=\"__xmlview61--administrationTabFilter\"]"}
COMMAND: POST /session/b171ef130127fc2a30c2632ea9d3abff/element/f.727CE9CF6895B2C759CBC992552C29E0.d.CE687615043E9FD7ECB43944BABD3556.e.13481/click - {}
RESULT: {}
RESULT: undefined
COMMAND: POST /session/b171ef130127fc2a30c2632ea9d3abff/element - {"using":"xpath","value":"//*[@id=\"__xmlview61--administrationTabFilter\"]"}
COMMAND: GET /session/b171ef130127fc2a30c2632ea9d3abff/screenshot - {}
RESULT: {"using":"xpath","value":"//*[@id=\"__xmlview61--administrationTabFilter\"]"}
COMMAND: POST /session/b171ef130127fc2a30c2632ea9d3abff/element/f.727CE9CF6895B2C759CBC992552C29E0.d.CE687615043E9FD7ECB43944BABD3556.e.13481/click - {}
RESULT: {}
RESULT: {}
COMMAND: GET /session/b171ef130127fc2a30c2632ea9d3abff/screenshot - {}
RESULT: {}
COMMAND: POST /session/b171ef130127fc2a30c2632ea9d3abff/element - {"using":"xpath","value":"//bdi[(text() = 'Confirm' or . = 'Confirm')]"}
RESULT: {"using":"xpath","value":"//bdi[(text() = 'Confirm' or . = 'Confirm')]"}
COMMAND: POST /session/b171ef130127fc2a30c2632ea9d3abff/element/f.727CE9CF6895B2C759CBC992552C29E0.d.CE687615043E9FD7ECB43944BABD3556.e.13489/click - {}
RESULT: {}
COMMAND: GET /session/b171ef130127fc2a30c2632ea9d3abff/screenshot - {}
RESULT: {}
COMMAND: POST /session/b171ef130127fc2a30c2632ea9d3abff/execute/async - {"script":"<script> [1562 bytes]","args":[{"selector":{"id":"confirmationButton","viewName":"etm.portal.ui.managehandovers.view.DetailExecuteHO","interaction":{"idSuffix":"BDI-content"}},"wdio_ui5_key":"confirmationButtonetmportal.ui.managehandovers.view.DetailExecuteHO"}]}
RESULT: {"script":"<script> [1562 bytes]","args":[{"selector":{"id":"confirmationButton","viewName":"etm.portal.ui.managehandovers.view.DetailExecuteHO","interaction":{"idSuffix":"BDI-content"}},"wdio_ui5_key":"confirmationButtonetmportal.ui.managehandovers.view.DetailExecuteHO"}]}
RESULT: undefined
COMMAND: POST /session/b171ef130127fc2a30c2632ea9d3abff/element - {"using":"xpath","value":"(//*[text()='Receive'])[2]"}
RESULT: {"using":"xpath","value":"(//*[text()='Receive'])[2]"}
COMMAND: GET /session/b171ef130127fc2a30c2632ea9d3abff/element/f.727CE9CF6895B2C759CBC992552C29E0.d.CE687615043E9FD7ECB43944BABD3556.e.13492/enabled - {}
RESULT: {}
COMMAND: POST /session/b171ef130127fc2a30c2632ea9d3abff/execute/sync - {"script":"<script> [8489 bytes]","args":[{"element-6066-11e4-a52e-4f735466cecf":"f.727CE9CF6895B2C759CBC992552C29E0.d.CE687615043E9FD7ECB43944BABD3556.e.13492","ELEMENT":"f.727CE9CF6895B2C759CBC992552C29E0.d.CE687615043E9FD7ECB43944BABD3556.e.13492"}]}
COMMAND: GET /session/b171ef130127fc2a30c2632ea9d3abff/screenshot - {}
RESULT: {"script":"<script> [8489 bytes]","args":[{"element-6066-11e4-a52e-4f735466cecf":"f.727CE9CF6895B2C759CBC992552C29E0.d.CE687615043E9FD7ECB43944BABD3556.e.13492","ELEMENT":"f.727CE9CF6895B2C759CBC992552C29E0.d.CE687615043E9FD7ECB43944BABD3556.e.13492"}]}
COMMAND: POST /session/b171ef130127fc2a30c2632ea9d3abff/execute/sync - {"script":"<script> [5351 bytes]","args":[{"element-6066-11e4-a52e-4f735466cecf":"f.727CE9CF6895B2C759CBC992552C29E0.d.CE687615043E9FD7ECB43944BABD3556.e.13492","ELEMENT":"f.727CE9CF6895B2C759CBC992552C29E0.d.CE687615043E9FD7ECB43944BABD3556.e.13492"}]}
COMMAND: GET /session/b171ef130127fc2a30c2632ea9d3abff/screenshot - {}
RESULT: {}
RESULT: {"script":"<script> [5351 bytes]","args":[{"element-6066-11e4-a52e-4f735466cecf":"f.727CE9CF6895B2C759CBC992552C29E0.d.CE687615043E9FD7ECB43944BABD3556.e.13492","ELEMENT":"f.727CE9CF6895B2C759CBC992552C29E0.d.CE687615043E9FD7ECB43944BABD3556.e.13492"}]}
COMMAND: POST /session/b171ef130127fc2a30c2632ea9d3abff/element/f.727CE9CF6895B2C759CBC992552C29E0.d.CE687615043E9FD7ECB43944BABD3556.e.13492/click - {}
COMMAND: GET /session/b171ef130127fc2a30c2632ea9d3abff/screenshot - {}
RESULT: {}
RESULT: {}
COMMAND: GET /session/b171ef130127fc2a30c2632ea9d3abff/screenshot - {}
RESULT: {}
RESULT: {}
COMMAND: POST /session/b171ef130127fc2a30c2632ea9d3abff/element - {"using":"css selector","value":"#shell-header-logo"}
RESULT: {"using":"css selector","value":"#shell-header-logo"}
COMMAND: POST /session/b171ef130127fc2a30c2632ea9d3abff/element/f.727CE9CF6895B2C759CBC992552C29E0.d.CE687615043E9FD7ECB43944BABD3556.e.12857/click - {}
RESULT: {}
COMMAND: GET /session/b171ef130127fc2a30c2632ea9d3abff/screenshot - {}
RESULT: {}
]]></system-out>
    </testcase>
    <testcase classname="chrome.135_0_7049_115.windows.Provide_to_Site_w/_warehouse_management_wo_clarification" name="Should create a new contract" time="59.183">
      <system-out><![CDATA[
COMMAND: POST /session/b171ef130127fc2a30c2632ea9d3abff/execute/async - {"script":"<script> [1562 bytes]","args":[{"selector":{"controlType":"sap.m.GenericTile","properties":{"header":"Manage Contracts"}},"wdio_ui5_key":"sapm.GenericTile{\"header\":\"Manage Contracts\"}"}]}
RESULT: {"script":"<script> [1562 bytes]","args":[{"selector":{"controlType":"sap.m.GenericTile","properties":{"header":"Manage Contracts"}},"wdio_ui5_key":"sapm.GenericTile{\"header\":\"Manage Contracts\"}"}]}
RESULT: undefined
COMMAND: POST /session/b171ef130127fc2a30c2632ea9d3abff/element - {"using":"xpath","value":"//*[@id=\"__tile131\"]"}
RESULT: {"using":"xpath","value":"//*[@id=\"__tile131\"]"}
COMMAND: POST /session/b171ef130127fc2a30c2632ea9d3abff/element/f.727CE9CF6895B2C759CBC992552C29E0.d.CE687615043E9FD7ECB43944BABD3556.e.9804/click - {}
RESULT: {}
COMMAND: GET /session/b171ef130127fc2a30c2632ea9d3abff/screenshot - {}
COMMAND: POST /session/b171ef130127fc2a30c2632ea9d3abff/execute/async - {"script":"<script> [1562 bytes]","args":[{"selector":{"controlType":"sap.ui.core.Icon","viewName":"etm.portal.ui.managecontracts.view.Master","properties":{"src":{"regex":{"source":"add"}}}},"wdio_ui5_key":"etmportal.ui.managecontracts.view.Mastersap.ui.core.Icon{\"src\":{\"regex\":{\"source\":\"add\"}}}"}]}
RESULT: {}
RESULT: {"script":"<script> [1562 bytes]","args":[{"selector":{"controlType":"sap.ui.core.Icon","viewName":"etm.portal.ui.managecontracts.view.Master","properties":{"src":{"regex":{"source":"add"}}}},"wdio_ui5_key":"etmportal.ui.managecontracts.view.Mastersap.ui.core.Icon{\"src\":{\"regex\":{\"source\":\"add\"}}}"}]}
RESULT: undefined
COMMAND: POST /session/b171ef130127fc2a30c2632ea9d3abff/element - {"using":"xpath","value":"//*[@id=\"__button303-img\"]"}
RESULT: {"using":"xpath","value":"//*[@id=\"__button303-img\"]"}
COMMAND: POST /session/b171ef130127fc2a30c2632ea9d3abff/element/f.727CE9CF6895B2C759CBC992552C29E0.d.CE687615043E9FD7ECB43944BABD3556.e.13757/click - {}
RESULT: {}
COMMAND: POST /session/b171ef130127fc2a30c2632ea9d3abff/execute/async - {"script":"<script> [1562 bytes]","args":[{"selector":{"id":"application-managecontracts-display-component---AddNewContract--projectDescription","interaction":{"idSuffix":"inner"}},"wdio_ui5_key":"applicationmanagecontracts-display-component---AddNewContract--projectDescription"}]}
COMMAND: GET /session/b171ef130127fc2a30c2632ea9d3abff/screenshot - {}
RESULT: {"script":"<script> [1562 bytes]","args":[{"selector":{"id":"application-managecontracts-display-component---AddNewContract--projectDescription","interaction":{"idSuffix":"inner"}},"wdio_ui5_key":"applicationmanagecontracts-display-component---AddNewContract--projectDescription"}]}
RESULT: undefined
COMMAND: POST /session/b171ef130127fc2a30c2632ea9d3abff/execute/async - {"script":"<script> [776 bytes]","args":[{"enterText":"wdi5 contract for billing","selector":{"id":"application-managecontracts-display-component---AddNewContract--projectDescription","interaction":{"idSuffix":"inner"}},"clearTextFirst":true,"interactionType":"ENTER_TEXT"}]}
RESULT: {}
RESULT: {"script":"<script> [776 bytes]","args":[{"enterText":"wdi5 contract for billing","selector":{"id":"application-managecontracts-display-component---AddNewContract--projectDescription","interaction":{"idSuffix":"inner"}},"clearTextFirst":true,"interactionType":"ENTER_TEXT"}]}
COMMAND: POST /session/b171ef130127fc2a30c2632ea9d3abff/element - {"using":"xpath","value":"//input[@id=\"application-managecontracts-display-component---AddNewContract--customerSelect-inner\"]"}
RESULT: {"using":"xpath","value":"//input[@id=\"application-managecontracts-display-component---AddNewContract--customerSelect-inner\"]"}
COMMAND: POST /session/b171ef130127fc2a30c2632ea9d3abff/element/f.727CE9CF6895B2C759CBC992552C29E0.d.CE687615043E9FD7ECB43944BABD3556.e.14027/clear - {}
RESULT: {}
COMMAND: POST /session/b171ef130127fc2a30c2632ea9d3abff/element/f.727CE9CF6895B2C759CBC992552C29E0.d.CE687615043E9FD7ECB43944BABD3556.e.14027/value - {"text":"1512"}
COMMAND: GET /session/b171ef130127fc2a30c2632ea9d3abff/screenshot - {}
RESULT: {"text":"1512"}
COMMAND: GET /session/b171ef130127fc2a30c2632ea9d3abff/screenshot - {}
RESULT: {}
RESULT: {}
COMMAND: POST /session/b171ef130127fc2a30c2632ea9d3abff/actions - {"actions":[{"id":"action46","type":"key","parameters":{},"actions":[{"type":"keyDown","value":"î€‡"},{"type":"pause","duration":10},{"type":"keyUp","value":"î€‡"}]}]}
RESULT: {"actions":[{"id":"action46","type":"key","parameters":{},"actions":[{"type":"keyDown","value":"î€‡"},{"type":"pause","duration":10},{"type":"keyUp","value":"î€‡"}]}]}
COMMAND: POST /session/b171ef130127fc2a30c2632ea9d3abff/element - {"using":"xpath","value":"//input[@id=\"application-managecontracts-display-component---AddNewContract--site-inner\"]"}
COMMAND: GET /session/b171ef130127fc2a30c2632ea9d3abff/screenshot - {}
RESULT: {"using":"xpath","value":"//input[@id=\"application-managecontracts-display-component---AddNewContract--site-inner\"]"}
COMMAND: POST /session/b171ef130127fc2a30c2632ea9d3abff/element/f.727CE9CF6895B2C759CBC992552C29E0.d.CE687615043E9FD7ECB43944BABD3556.e.14028/clear - {}
RESULT: {}
RESULT: {}
COMMAND: POST /session/b171ef130127fc2a30c2632ea9d3abff/element/f.727CE9CF6895B2C759CBC992552C29E0.d.CE687615043E9FD7ECB43944BABD3556.e.14028/value - {"text":"2471"}
COMMAND: GET /session/b171ef130127fc2a30c2632ea9d3abff/screenshot - {}
RESULT: {"text":"2471"}
COMMAND: GET /session/b171ef130127fc2a30c2632ea9d3abff/screenshot - {}
RESULT: {}
RESULT: {}
COMMAND: POST /session/b171ef130127fc2a30c2632ea9d3abff/actions - {"actions":[{"id":"action47","type":"key","parameters":{},"actions":[{"type":"keyDown","value":"î€‡"},{"type":"pause","duration":10},{"type":"keyUp","value":"î€‡"}]}]}
RESULT: {"actions":[{"id":"action47","type":"key","parameters":{},"actions":[{"type":"keyDown","value":"î€‡"},{"type":"pause","duration":10},{"type":"keyUp","value":"î€‡"}]}]}
COMMAND: POST /session/b171ef130127fc2a30c2632ea9d3abff/execute/async - {"script":"<script> [1562 bytes]","args":[{"selector":{"id":"application-managecontracts-display-component---AddNewContract--calendarInput","interaction":{"idSuffix":"inner"}},"wdio_ui5_key":"applicationmanagecontracts-display-component---AddNewContract--calendarInput"}]}
COMMAND: GET /session/b171ef130127fc2a30c2632ea9d3abff/screenshot - {}
RESULT: {"script":"<script> [1562 bytes]","args":[{"selector":{"id":"application-managecontracts-display-component---AddNewContract--calendarInput","interaction":{"idSuffix":"inner"}},"wdio_ui5_key":"applicationmanagecontracts-display-component---AddNewContract--calendarInput"}]}
RESULT: undefined
COMMAND: POST /session/b171ef130127fc2a30c2632ea9d3abff/execute/async - {"script":"<script> [776 bytes]","args":[{"enterText":"1 - Calendar unit test patch","selector":{"id":"application-managecontracts-display-component---AddNewContract--calendarInput","interaction":{"idSuffix":"inner"}},"clearTextFirst":true,"interactionType":"ENTER_TEXT"}]}
RESULT: {}
RESULT: {"script":"<script> [776 bytes]","args":[{"enterText":"1 - Calendar unit test patch","selector":{"id":"application-managecontracts-display-component---AddNewContract--calendarInput","interaction":{"idSuffix":"inner"}},"clearTextFirst":true,"interactionType":"ENTER_TEXT"}]}
COMMAND: POST /session/b171ef130127fc2a30c2632ea9d3abff/actions - {"actions":[{"id":"action48","type":"key","parameters":{},"actions":[{"type":"keyDown","value":"î€‡"},{"type":"pause","duration":10},{"type":"keyUp","value":"î€‡"}]}]}
RESULT: {"actions":[{"id":"action48","type":"key","parameters":{},"actions":[{"type":"keyDown","value":"î€‡"},{"type":"pause","duration":10},{"type":"keyUp","value":"î€‡"}]}]}
COMMAND: POST /session/b171ef130127fc2a30c2632ea9d3abff/execute/async - {"script":"<script> [1562 bytes]","args":[{"selector":{"id":"application-managecontracts-display-component---AddNewContract--languageCB","interaction":{"idSuffix":"inner"}},"wdio_ui5_key":"applicationmanagecontracts-display-component---AddNewContract--languageCB"}]}
COMMAND: GET /session/b171ef130127fc2a30c2632ea9d3abff/screenshot - {}
RESULT: {"script":"<script> [1562 bytes]","args":[{"selector":{"id":"application-managecontracts-display-component---AddNewContract--languageCB","interaction":{"idSuffix":"inner"}},"wdio_ui5_key":"applicationmanagecontracts-display-component---AddNewContract--languageCB"}]}
RESULT: undefined
COMMAND: POST /session/b171ef130127fc2a30c2632ea9d3abff/execute/async - {"script":"<script> [776 bytes]","args":[{"enterText":"EN - English","selector":{"id":"application-managecontracts-display-component---AddNewContract--languageCB","interaction":{"idSuffix":"inner"}},"clearTextFirst":true,"interactionType":"ENTER_TEXT"}]}
RESULT: {}
RESULT: {"script":"<script> [776 bytes]","args":[{"enterText":"EN - English","selector":{"id":"application-managecontracts-display-component---AddNewContract--languageCB","interaction":{"idSuffix":"inner"}},"clearTextFirst":true,"interactionType":"ENTER_TEXT"}]}
COMMAND: POST /session/b171ef130127fc2a30c2632ea9d3abff/actions - {"actions":[{"id":"action49","type":"key","parameters":{},"actions":[{"type":"keyDown","value":"î€‡"},{"type":"pause","duration":10},{"type":"keyUp","value":"î€‡"}]}]}
RESULT: {"actions":[{"id":"action49","type":"key","parameters":{},"actions":[{"type":"keyDown","value":"î€‡"},{"type":"pause","duration":10},{"type":"keyUp","value":"î€‡"}]}]}
COMMAND: POST /session/b171ef130127fc2a30c2632ea9d3abff/execute/async - {"script":"<script> [1562 bytes]","args":[{"selector":{"id":"application-managecontracts-display-component---AddNewContract--saveBtn","interaction":{"idSuffix":"BDI-content"}},"wdio_ui5_key":"applicationmanagecontracts-display-component---AddNewContract--saveBtn"}]}
COMMAND: GET /session/b171ef130127fc2a30c2632ea9d3abff/screenshot - {}
RESULT: {"script":"<script> [1562 bytes]","args":[{"selector":{"id":"application-managecontracts-display-component---AddNewContract--saveBtn","interaction":{"idSuffix":"BDI-content"}},"wdio_ui5_key":"applicationmanagecontracts-display-component---AddNewContract--saveBtn"}]}
RESULT: undefined
COMMAND: POST /session/b171ef130127fc2a30c2632ea9d3abff/element - {"using":"xpath","value":"//*[@id=\"application-managecontracts-display-component---AddNewContract--saveBtn\"]"}
RESULT: {}
RESULT: {"using":"xpath","value":"//*[@id=\"application-managecontracts-display-component---AddNewContract--saveBtn\"]"}
COMMAND: POST /session/b171ef130127fc2a30c2632ea9d3abff/element/f.727CE9CF6895B2C759CBC992552C29E0.d.CE687615043E9FD7ECB43944BABD3556.e.14046/click - {}
RESULT: {}
COMMAND: GET /session/b171ef130127fc2a30c2632ea9d3abff/screenshot - {}
RESULT: {}
COMMAND: POST /session/b171ef130127fc2a30c2632ea9d3abff/execute/async - {"script":"<script> [1562 bytes]","args":[{"selector":{"id":"contractDetailTitleNoExpanded","viewName":"etm.portal.ui.managecontracts.view.Detail"},"wdio_ui5_key":"contractDetailTitleNoExpandedetmportal.ui.managecontracts.view.Detail"}]}
RESULT: {"script":"<script> [1562 bytes]","args":[{"selector":{"id":"contractDetailTitleNoExpanded","viewName":"etm.portal.ui.managecontracts.view.Detail"},"wdio_ui5_key":"contractDetailTitleNoExpandedetmportal.ui.managecontracts.view.Detail"}]}
RESULT: undefined
COMMAND: POST /session/b171ef130127fc2a30c2632ea9d3abff/execute/async - {"script":"<script> [6424 bytes]","args":[{"element-6066-11e4-a52e-4f735466cecf":"f.727CE9CF6895B2C759CBC992552C29E0.d.CE687615043E9FD7ECB43944BABD3556.e.14130"},"getText",[]]}
RESULT: {"script":"<script> [6424 bytes]","args":[{"element-6066-11e4-a52e-4f735466cecf":"f.727CE9CF6895B2C759CBC992552C29E0.d.CE687615043E9FD7ECB43944BABD3556.e.14130"},"getText",[]]}
]]></system-out>
    </testcase>
    <testcase classname="chrome.135_0_7049_115.windows.Provide_to_Site_w/_warehouse_management_wo_clarification" name="Should add resource to the contract" time="56.497">
      <system-out><![CDATA[
COMMAND: POST /session/b171ef130127fc2a30c2632ea9d3abff/execute/async - {"script":"<script> [1562 bytes]","args":[{"selector":{"id":"contractDetailEditBtn","viewName":"etm.portal.ui.managecontracts.view.Detail","interaction":{"idSuffix":"BDI-content"}},"wdio_ui5_key":"contractDetailEditBtnetmportal.ui.managecontracts.view.Detail"}]}
RESULT: {"script":"<script> [1562 bytes]","args":[{"selector":{"id":"contractDetailEditBtn","viewName":"etm.portal.ui.managecontracts.view.Detail","interaction":{"idSuffix":"BDI-content"}},"wdio_ui5_key":"contractDetailEditBtnetmportal.ui.managecontracts.view.Detail"}]}
RESULT: undefined
COMMAND: POST /session/b171ef130127fc2a30c2632ea9d3abff/element - {"using":"xpath","value":"//*[@id=\"__xmlview63--contractDetailEditBtn\"]"}
RESULT: {"using":"xpath","value":"//*[@id=\"__xmlview63--contractDetailEditBtn\"]"}
COMMAND: POST /session/b171ef130127fc2a30c2632ea9d3abff/element/f.727CE9CF6895B2C759CBC992552C29E0.d.CE687615043E9FD7ECB43944BABD3556.e.14132/click - {}
RESULT: {}
COMMAND: GET /session/b171ef130127fc2a30c2632ea9d3abff/screenshot - {}
RESULT: {}
COMMAND: POST /session/b171ef130127fc2a30c2632ea9d3abff/execute/async - {"script":"<script> [1562 bytes]","args":[{"selector":{"id":"additionalAddressesTabFilter","viewName":"etm.portal.ui.managecontracts.view.EditContract","interaction":{"idSuffix":"text"}},"wdio_ui5_key":"additionalAddressesTabFilteretmportal.ui.managecontracts.view.EditContract"}]}
RESULT: {"script":"<script> [1562 bytes]","args":[{"selector":{"id":"additionalAddressesTabFilter","viewName":"etm.portal.ui.managecontracts.view.EditContract","interaction":{"idSuffix":"text"}},"wdio_ui5_key":"additionalAddressesTabFilteretmportal.ui.managecontracts.view.EditContract"}]}
RESULT: undefined
COMMAND: POST /session/b171ef130127fc2a30c2632ea9d3abff/element - {"using":"xpath","value":"//*[@id=\"__xmlview64--additionalAddressesTabFilter\"]"}
RESULT: {"using":"xpath","value":"//*[@id=\"__xmlview64--additionalAddressesTabFilter\"]"}
COMMAND: POST /session/b171ef130127fc2a30c2632ea9d3abff/element/f.727CE9CF6895B2C759CBC992552C29E0.d.CE687615043E9FD7ECB43944BABD3556.e.14189/click - {}
RESULT: {}
RESULT: undefined
COMMAND: POST /session/b171ef130127fc2a30c2632ea9d3abff/element - {"using":"xpath","value":"//*[@id=\"__xmlview64--additionalAddressesTabFilter\"]"}
COMMAND: GET /session/b171ef130127fc2a30c2632ea9d3abff/screenshot - {}
RESULT: {"using":"xpath","value":"//*[@id=\"__xmlview64--additionalAddressesTabFilter\"]"}
COMMAND: POST /session/b171ef130127fc2a30c2632ea9d3abff/element/f.727CE9CF6895B2C759CBC992552C29E0.d.CE687615043E9FD7ECB43944BABD3556.e.14189/click - {}
RESULT: {}
RESULT: {}
COMMAND: POST /session/b171ef130127fc2a30c2632ea9d3abff/execute/async - {"script":"<script> [1562 bytes]","args":[{"selector":{"controlType":"sap.ui.core.Icon","viewName":"etm.portal.ui.managecontracts.view.EditContract","properties":{"src":{"regex":{"source":"add"}}}},"wdio_ui5_key":"etmportal.ui.managecontracts.view.EditContractsap.ui.core.Icon{\"src\":{\"regex\":{\"source\":\"add\"}}}"}]}
COMMAND: GET /session/b171ef130127fc2a30c2632ea9d3abff/screenshot - {}
RESULT: {"script":"<script> [1562 bytes]","args":[{"selector":{"controlType":"sap.ui.core.Icon","viewName":"etm.portal.ui.managecontracts.view.EditContract","properties":{"src":{"regex":{"source":"add"}}}},"wdio_ui5_key":"etmportal.ui.managecontracts.view.EditContractsap.ui.core.Icon{\"src\":{\"regex\":{\"source\":\"add\"}}}"}]}
RESULT: undefined
COMMAND: POST /session/b171ef130127fc2a30c2632ea9d3abff/element - {"using":"xpath","value":"//*[@id=\"__xmlview64--btnAddTableRow-img\"]"}
RESULT: {}
RESULT: {"using":"xpath","value":"//*[@id=\"__xmlview64--btnAddTableRow-img\"]"}
COMMAND: POST /session/b171ef130127fc2a30c2632ea9d3abff/element/f.727CE9CF6895B2C759CBC992552C29E0.d.CE687615043E9FD7ECB43944BABD3556.e.14193/click - {}
RESULT: {}
COMMAND: POST /session/b171ef130127fc2a30c2632ea9d3abff/element - {"using":"xpath","value":"//div[(text() = 'Standard Entry' or . = 'Standard Entry')]"}
COMMAND: GET /session/b171ef130127fc2a30c2632ea9d3abff/screenshot - {}
RESULT: {"using":"xpath","value":"//div[(text() = 'Standard Entry' or . = 'Standard Entry')]"}
COMMAND: POST /session/b171ef130127fc2a30c2632ea9d3abff/element/f.727CE9CF6895B2C759CBC992552C29E0.d.CE687615043E9FD7ECB43944BABD3556.e.14195/click - {}
RESULT: {}
RESULT: {}
COMMAND: POST /session/b171ef130127fc2a30c2632ea9d3abff/execute/async - {"script":"<script> [1562 bytes]","args":[{"selector":{"controlType":"sap.ui.core.Icon","viewName":"etm.portal.ui.managecontracts.view.EditContract","properties":{"src":{"regex":{"source":"inspect"}}}},"wdio_ui5_key":"etmportal.ui.managecontracts.view.EditContractsap.ui.core.Icon{\"src\":{\"regex\":{\"source\":\"inspect\"}}}"}]}
COMMAND: GET /session/b171ef130127fc2a30c2632ea9d3abff/screenshot - {}
RESULT: {"script":"<script> [1562 bytes]","args":[{"selector":{"controlType":"sap.ui.core.Icon","viewName":"etm.portal.ui.managecontracts.view.EditContract","properties":{"src":{"regex":{"source":"inspect"}}}},"wdio_ui5_key":"etmportal.ui.managecontracts.view.EditContractsap.ui.core.Icon{\"src\":{\"regex\":{\"source\":\"inspect\"}}}"}]}
RESULT: undefined
COMMAND: POST /session/b171ef130127fc2a30c2632ea9d3abff/element - {"using":"xpath","value":"//*[@id=\"__button329-img\"]"}
RESULT: {}
RESULT: {"using":"xpath","value":"//*[@id=\"__button329-img\"]"}
COMMAND: POST /session/b171ef130127fc2a30c2632ea9d3abff/element/f.727CE9CF6895B2C759CBC992552C29E0.d.CE687615043E9FD7ECB43944BABD3556.e.14208/click - {}
RESULT: {}
COMMAND: GET /session/b171ef130127fc2a30c2632ea9d3abff/screenshot - {}
RESULT: {}
COMMAND: POST /session/b171ef130127fc2a30c2632ea9d3abff/element - {"using":"xpath","value":"//td[6]/div/div/input[1]"}
RESULT: {"using":"xpath","value":"//td[6]/div/div/input[1]"}
COMMAND: POST /session/b171ef130127fc2a30c2632ea9d3abff/element/f.727CE9CF6895B2C759CBC992552C29E0.d.CE687615043E9FD7ECB43944BABD3556.e.14197/clear - {}
RESULT: {}
COMMAND: GET /session/b171ef130127fc2a30c2632ea9d3abff/screenshot - {}
RESULT: {}
COMMAND: POST /session/b171ef130127fc2a30c2632ea9d3abff/element - {"using":"xpath","value":"//td[6]/div/div/input[1]"}
RESULT: {"using":"xpath","value":"//td[6]/div/div/input[1]"}
COMMAND: POST /session/b171ef130127fc2a30c2632ea9d3abff/element/f.727CE9CF6895B2C759CBC992552C29E0.d.CE687615043E9FD7ECB43944BABD3556.e.14224/click - {}
RESULT: {}
COMMAND: POST /session/b171ef130127fc2a30c2632ea9d3abff/actions - {"actions":[{"id":"action50","type":"key","parameters":{},"actions":[{"type":"keyDown","value":"î€ƒ"},{"type":"pause","duration":10},{"type":"keyUp","value":"î€ƒ"}]}]}
COMMAND: GET /session/b171ef130127fc2a30c2632ea9d3abff/screenshot - {}
RESULT: {"actions":[{"id":"action50","type":"key","parameters":{},"actions":[{"type":"keyDown","value":"î€ƒ"},{"type":"pause","duration":10},{"type":"keyUp","value":"î€ƒ"}]}]}
COMMAND: POST /session/b171ef130127fc2a30c2632ea9d3abff/element - {"using":"xpath","value":"//td[6]/div/div/input[1]"}
COMMAND: GET /session/b171ef130127fc2a30c2632ea9d3abff/screenshot - {}
RESULT: {}
RESULT: {"using":"xpath","value":"//td[6]/div/div/input[1]"}
COMMAND: POST /session/b171ef130127fc2a30c2632ea9d3abff/element/f.727CE9CF6895B2C759CBC992552C29E0.d.CE687615043E9FD7ECB43944BABD3556.e.14224/clear - {}
RESULT: {}
RESULT: {}
COMMAND: POST /session/b171ef130127fc2a30c2632ea9d3abff/element/f.727CE9CF6895B2C759CBC992552C29E0.d.CE687615043E9FD7ECB43944BABD3556.e.14224/value - {"text":"Material"}
COMMAND: GET /session/b171ef130127fc2a30c2632ea9d3abff/screenshot - {}
RESULT: {"text":"Material"}
COMMAND: GET /session/b171ef130127fc2a30c2632ea9d3abff/screenshot - {}
RESULT: {}
RESULT: {}
COMMAND: POST /session/b171ef130127fc2a30c2632ea9d3abff/actions - {"actions":[{"id":"action51","type":"key","parameters":{},"actions":[{"type":"keyDown","value":"î€‡"},{"type":"pause","duration":10},{"type":"keyUp","value":"î€‡"}]}]}
RESULT: {"actions":[{"id":"action51","type":"key","parameters":{},"actions":[{"type":"keyDown","value":"î€‡"},{"type":"pause","duration":10},{"type":"keyUp","value":"î€‡"}]}]}
COMMAND: POST /session/b171ef130127fc2a30c2632ea9d3abff/element - {"using":"xpath","value":"//td[7]/div/div/input[1]"}
COMMAND: GET /session/b171ef130127fc2a30c2632ea9d3abff/screenshot - {}
RESULT: {"using":"xpath","value":"//td[7]/div/div/input[1]"}
COMMAND: POST /session/b171ef130127fc2a30c2632ea9d3abff/element/f.727CE9CF6895B2C759CBC992552C29E0.d.CE687615043E9FD7ECB43944BABD3556.e.14247/clear - {}
RESULT: {}
RESULT: {}
COMMAND: POST /session/b171ef130127fc2a30c2632ea9d3abff/element/f.727CE9CF6895B2C759CBC992552C29E0.d.CE687615043E9FD7ECB43944BABD3556.e.14247/value - {"text":"200357"}
COMMAND: GET /session/b171ef130127fc2a30c2632ea9d3abff/screenshot - {}
RESULT: {"text":"200357"}
COMMAND: GET /session/b171ef130127fc2a30c2632ea9d3abff/screenshot - {}
RESULT: {}
RESULT: {}
COMMAND: POST /session/b171ef130127fc2a30c2632ea9d3abff/actions - {"actions":[{"id":"action52","type":"key","parameters":{},"actions":[{"type":"keyDown","value":"î€‡"},{"type":"pause","duration":10},{"type":"keyUp","value":"î€‡"}]}]}
RESULT: {"actions":[{"id":"action52","type":"key","parameters":{},"actions":[{"type":"keyDown","value":"î€‡"},{"type":"pause","duration":10},{"type":"keyUp","value":"î€‡"}]}]}
COMMAND: POST /session/b171ef130127fc2a30c2632ea9d3abff/execute/async - {"script":"<script> [1562 bytes]","args":[{"selector":{"controlType":"sap.m.Button","properties":{"text":"OK"},"searchOpenDialogs":true,"interaction":{"idSuffix":"BDI-content"}},"wdio_ui5_key":"sapm.Button{\"text\":\"OK\"}"}]}
COMMAND: GET /session/b171ef130127fc2a30c2632ea9d3abff/screenshot - {}
RESULT: {"script":"<script> [1562 bytes]","args":[{"selector":{"controlType":"sap.m.Button","properties":{"text":"OK"},"searchOpenDialogs":true,"interaction":{"idSuffix":"BDI-content"}},"wdio_ui5_key":"sapm.Button{\"text\":\"OK\"}"}]}
RESULT: undefined
COMMAND: POST /session/b171ef130127fc2a30c2632ea9d3abff/element - {"using":"xpath","value":"//*[@id=\"__mbox-btn-1\"]"}
RESULT: {}
RESULT: {"using":"xpath","value":"//*[@id=\"__mbox-btn-1\"]"}
COMMAND: POST /session/b171ef130127fc2a30c2632ea9d3abff/element/f.727CE9CF6895B2C759CBC992552C29E0.d.CE687615043E9FD7ECB43944BABD3556.e.14268/click - {}
RESULT: {}
COMMAND: POST /session/b171ef130127fc2a30c2632ea9d3abff/execute/async - {"script":"<script> [1562 bytes]","args":[{"selector":{"id":"saveBtn","viewName":"etm.portal.ui.managecontracts.view.EditContract","interaction":{"idSuffix":"BDI-content"}},"wdio_ui5_key":"saveBtnetmportal.ui.managecontracts.view.EditContract"}]}
COMMAND: GET /session/b171ef130127fc2a30c2632ea9d3abff/screenshot - {}
RESULT: {"script":"<script> [1562 bytes]","args":[{"selector":{"id":"saveBtn","viewName":"etm.portal.ui.managecontracts.view.EditContract","interaction":{"idSuffix":"BDI-content"}},"wdio_ui5_key":"saveBtnetmportal.ui.managecontracts.view.EditContract"}]}
RESULT: undefined
COMMAND: POST /session/b171ef130127fc2a30c2632ea9d3abff/element - {"using":"xpath","value":"//*[@id=\"__xmlview64--saveBtn\"]"}
RESULT: {}
RESULT: {"using":"xpath","value":"//*[@id=\"__xmlview64--saveBtn\"]"}
COMMAND: POST /session/b171ef130127fc2a30c2632ea9d3abff/element/f.727CE9CF6895B2C759CBC992552C29E0.d.CE687615043E9FD7ECB43944BABD3556.e.14295/click - {}
RESULT: {}
COMMAND: GET /session/b171ef130127fc2a30c2632ea9d3abff/screenshot - {}
RESULT: {}
COMMAND: POST /session/b171ef130127fc2a30c2632ea9d3abff/execute/async - {"script":"<script> [1562 bytes]","args":[{"selector":{"id":"additionalAddressesTabFilter","viewName":"etm.portal.ui.managecontracts.view.Detail","interaction":{"idSuffix":"text"}},"wdio_ui5_key":"additionalAddressesTabFilteretmportal.ui.managecontracts.view.Detail"}]}
RESULT: {"script":"<script> [1562 bytes]","args":[{"selector":{"id":"additionalAddressesTabFilter","viewName":"etm.portal.ui.managecontracts.view.Detail","interaction":{"idSuffix":"text"}},"wdio_ui5_key":"additionalAddressesTabFilteretmportal.ui.managecontracts.view.Detail"}]}
RESULT: undefined
COMMAND: POST /session/b171ef130127fc2a30c2632ea9d3abff/element - {"using":"xpath","value":"//*[@id=\"__xmlview63--additionalAddressesTabFilter\"]"}
RESULT: {"using":"xpath","value":"//*[@id=\"__xmlview63--additionalAddressesTabFilter\"]"}
COMMAND: POST /session/b171ef130127fc2a30c2632ea9d3abff/element/f.727CE9CF6895B2C759CBC992552C29E0.d.CE687615043E9FD7ECB43944BABD3556.e.14300/click - {}
RESULT: {}
COMMAND: POST /session/b171ef130127fc2a30c2632ea9d3abff/execute/async - {"script":"<script> [1562 bytes]","args":[{"selector":{"id":"contractDetailProvideButton","viewName":"etm.portal.ui.managecontracts.view.Detail","interaction":{"idSuffix":"BDI-content"}},"wdio_ui5_key":"contractDetailProvideButtonetmportal.ui.managecontracts.view.Detail"}]}
COMMAND: GET /session/b171ef130127fc2a30c2632ea9d3abff/screenshot - {}
RESULT: {"script":"<script> [1562 bytes]","args":[{"selector":{"id":"contractDetailProvideButton","viewName":"etm.portal.ui.managecontracts.view.Detail","interaction":{"idSuffix":"BDI-content"}},"wdio_ui5_key":"contractDetailProvideButtonetmportal.ui.managecontracts.view.Detail"}]}
RESULT: undefined
COMMAND: POST /session/b171ef130127fc2a30c2632ea9d3abff/element - {"using":"xpath","value":"//*[@id=\"__xmlview63--contractDetailProvideButton\"]"}
RESULT: {}
RESULT: {"using":"xpath","value":"//*[@id=\"__xmlview63--contractDetailProvideButton\"]"}
COMMAND: POST /session/b171ef130127fc2a30c2632ea9d3abff/element/f.727CE9CF6895B2C759CBC992552C29E0.d.CE687615043E9FD7ECB43944BABD3556.e.14306/click - {}
RESULT: {}
COMMAND: GET /session/b171ef130127fc2a30c2632ea9d3abff/screenshot - {}
RESULT: {}
]]></system-out>
    </testcase>
    <testcase classname="chrome.135_0_7049_115.windows.Provide_to_Site_w/_warehouse_management_wo_clarification" name="Should Create HandOvers provide to site" time="69.502">
      <system-out><![CDATA[
COMMAND: POST /session/b171ef130127fc2a30c2632ea9d3abff/element - {"using":"css selector","value":"#application-managehandovers-display-component---AddNewHO--dueDate-inner"}
RESULT: {"using":"css selector","value":"#application-managehandovers-display-component---AddNewHO--dueDate-inner"}
COMMAND: POST /session/b171ef130127fc2a30c2632ea9d3abff/element/f.727CE9CF6895B2C759CBC992552C29E0.d.CE687615043E9FD7ECB43944BABD3556.e.14380/clear - {}
RESULT: {}
COMMAND: POST /session/b171ef130127fc2a30c2632ea9d3abff/element/f.727CE9CF6895B2C759CBC992552C29E0.d.CE687615043E9FD7ECB43944BABD3556.e.14380/value - {"text":"5/6/25"}
COMMAND: GET /session/b171ef130127fc2a30c2632ea9d3abff/screenshot - {}
RESULT: {"text":"5/6/25"}
COMMAND: POST /session/b171ef130127fc2a30c2632ea9d3abff/element - {"using":"xpath","value":"//bdi[(text() = 'Items' or . = 'Items')]"}
COMMAND: GET /session/b171ef130127fc2a30c2632ea9d3abff/screenshot - {}
RESULT: {}
RESULT: {"using":"xpath","value":"//bdi[(text() = 'Items' or . = 'Items')]"}
COMMAND: POST /session/b171ef130127fc2a30c2632ea9d3abff/element/f.727CE9CF6895B2C759CBC992552C29E0.d.CE687615043E9FD7ECB43944BABD3556.e.14648/click - {}
RESULT: {}
RESULT: {}
COMMAND: POST /session/b171ef130127fc2a30c2632ea9d3abff/execute/async - {"script":"<script> [1562 bytes]","args":[{"selector":{"controlType":"sap.m.Button","viewName":"etm.portal.ui.managehandovers.view.AddNewHO","viewId":"application-managehandovers-display-component---AddNewHO","i18NText":{"propertyName":"tooltip","key":"addItems"}},"wdio_ui5_key":"etmportal.ui.managehandovers.view.AddNewHOsap.m.Button{\"propertyName\":\"tooltip\",\"key\":\"addItems\"}"}]}
COMMAND: GET /session/b171ef130127fc2a30c2632ea9d3abff/screenshot - {}
RESULT: {"script":"<script> [1562 bytes]","args":[{"selector":{"controlType":"sap.m.Button","viewName":"etm.portal.ui.managehandovers.view.AddNewHO","viewId":"application-managehandovers-display-component---AddNewHO","i18NText":{"propertyName":"tooltip","key":"addItems"}},"wdio_ui5_key":"etmportal.ui.managehandovers.view.AddNewHOsap.m.Button{\"propertyName\":\"tooltip\",\"key\":\"addItems\"}"}]}
RESULT: undefined
COMMAND: POST /session/b171ef130127fc2a30c2632ea9d3abff/element - {"using":"xpath","value":"//*[@id=\"__button354\"]"}
RESULT: {}
RESULT: {"using":"xpath","value":"//*[@id=\"__button354\"]"}
COMMAND: POST /session/b171ef130127fc2a30c2632ea9d3abff/element/f.727CE9CF6895B2C759CBC992552C29E0.d.CE687615043E9FD7ECB43944BABD3556.e.14653/click - {}
RESULT: {}
COMMAND: GET /session/b171ef130127fc2a30c2632ea9d3abff/screenshot - {}
RESULT: {}
COMMAND: POST /session/b171ef130127fc2a30c2632ea9d3abff/element - {"using":"css selector","value":"div[id= \"application-managehandovers-display-component---AddNewHO--popup-sa-CbBg\"]"}
RESULT: {"using":"css selector","value":"div[id= \"application-managehandovers-display-component---AddNewHO--popup-sa-CbBg\"]"}
COMMAND: POST /session/b171ef130127fc2a30c2632ea9d3abff/element/f.727CE9CF6895B2C759CBC992552C29E0.d.CE687615043E9FD7ECB43944BABD3556.e.14665/click - {}
RESULT: {}
COMMAND: GET /session/b171ef130127fc2a30c2632ea9d3abff/screenshot - {}
RESULT: {}
COMMAND: POST /session/b171ef130127fc2a30c2632ea9d3abff/element - {"using":"xpath","value":"//bdi[(text() = 'Select' or . = 'Select')]"}
RESULT: {"using":"xpath","value":"//bdi[(text() = 'Select' or . = 'Select')]"}
COMMAND: POST /session/b171ef130127fc2a30c2632ea9d3abff/element/f.727CE9CF6895B2C759CBC992552C29E0.d.CE687615043E9FD7ECB43944BABD3556.e.14666/click - {}
RESULT: {}
COMMAND: GET /session/b171ef130127fc2a30c2632ea9d3abff/screenshot - {}
RESULT: {}
COMMAND: POST /session/b171ef130127fc2a30c2632ea9d3abff/element - {"using":"xpath","value":"//bdi[(text() = 'Save' or . = 'Save')]"}
RESULT: {"using":"xpath","value":"//bdi[(text() = 'Save' or . = 'Save')]"}
COMMAND: POST /session/b171ef130127fc2a30c2632ea9d3abff/element/f.727CE9CF6895B2C759CBC992552C29E0.d.CE687615043E9FD7ECB43944BABD3556.e.14678/click - {}
RESULT: {}
COMMAND: GET /session/b171ef130127fc2a30c2632ea9d3abff/screenshot - {}
RESULT: {}
COMMAND: POST /session/b171ef130127fc2a30c2632ea9d3abff/elements - {"using":"xpath","value":"//*[text()='Close']"}
RESULT: {"using":"xpath","value":"//*[text()='Close']"}
COMMAND: GET /session/b171ef130127fc2a30c2632ea9d3abff/element/f.727CE9CF6895B2C759CBC992552C29E0.d.CE687615043E9FD7ECB43944BABD3556.e.14722/enabled - {}
RESULT: {}
COMMAND: POST /session/b171ef130127fc2a30c2632ea9d3abff/execute/sync - {"script":"<script> [8489 bytes]","args":[{"element-6066-11e4-a52e-4f735466cecf":"f.727CE9CF6895B2C759CBC992552C29E0.d.CE687615043E9FD7ECB43944BABD3556.e.14722","ELEMENT":"f.727CE9CF6895B2C759CBC992552C29E0.d.CE687615043E9FD7ECB43944BABD3556.e.14722"}]}
COMMAND: GET /session/b171ef130127fc2a30c2632ea9d3abff/screenshot - {}
RESULT: {"script":"<script> [8489 bytes]","args":[{"element-6066-11e4-a52e-4f735466cecf":"f.727CE9CF6895B2C759CBC992552C29E0.d.CE687615043E9FD7ECB43944BABD3556.e.14722","ELEMENT":"f.727CE9CF6895B2C759CBC992552C29E0.d.CE687615043E9FD7ECB43944BABD3556.e.14722"}]}
COMMAND: GET /session/b171ef130127fc2a30c2632ea9d3abff/screenshot - {}
RESULT: {}
COMMAND: POST /session/b171ef130127fc2a30c2632ea9d3abff/execute/sync - {"script":"<script> [8489 bytes]","args":[{"element-6066-11e4-a52e-4f735466cecf":"f.727CE9CF6895B2C759CBC992552C29E0.d.CE687615043E9FD7ECB43944BABD3556.e.14722","ELEMENT":"f.727CE9CF6895B2C759CBC992552C29E0.d.CE687615043E9FD7ECB43944BABD3556.e.14722"}]}
RESULT: {}
RESULT: {"script":"<script> [8489 bytes]","args":[{"element-6066-11e4-a52e-4f735466cecf":"f.727CE9CF6895B2C759CBC992552C29E0.d.CE687615043E9FD7ECB43944BABD3556.e.14722","ELEMENT":"f.727CE9CF6895B2C759CBC992552C29E0.d.CE687615043E9FD7ECB43944BABD3556.e.14722"}]}
COMMAND: GET /session/b171ef130127fc2a30c2632ea9d3abff/screenshot - {}
RESULT: {}
COMMAND: POST /session/b171ef130127fc2a30c2632ea9d3abff/execute/sync - {"script":"<script> [8489 bytes]","args":[{"element-6066-11e4-a52e-4f735466cecf":"f.727CE9CF6895B2C759CBC992552C29E0.d.CE687615043E9FD7ECB43944BABD3556.e.14722","ELEMENT":"f.727CE9CF6895B2C759CBC992552C29E0.d.CE687615043E9FD7ECB43944BABD3556.e.14722"}]}
RESULT: {"script":"<script> [8489 bytes]","args":[{"element-6066-11e4-a52e-4f735466cecf":"f.727CE9CF6895B2C759CBC992552C29E0.d.CE687615043E9FD7ECB43944BABD3556.e.14722","ELEMENT":"f.727CE9CF6895B2C759CBC992552C29E0.d.CE687615043E9FD7ECB43944BABD3556.e.14722"}]}
COMMAND: GET /session/b171ef130127fc2a30c2632ea9d3abff/screenshot - {}
COMMAND: POST /session/b171ef130127fc2a30c2632ea9d3abff/execute/sync - {"script":"<script> [8489 bytes]","args":[{"element-6066-11e4-a52e-4f735466cecf":"f.727CE9CF6895B2C759CBC992552C29E0.d.CE687615043E9FD7ECB43944BABD3556.e.14722","ELEMENT":"f.727CE9CF6895B2C759CBC992552C29E0.d.CE687615043E9FD7ECB43944BABD3556.e.14722"}]}
RESULT: {}
RESULT: {"script":"<script> [8489 bytes]","args":[{"element-6066-11e4-a52e-4f735466cecf":"f.727CE9CF6895B2C759CBC992552C29E0.d.CE687615043E9FD7ECB43944BABD3556.e.14722","ELEMENT":"f.727CE9CF6895B2C759CBC992552C29E0.d.CE687615043E9FD7ECB43944BABD3556.e.14722"}]}
COMMAND: GET /session/b171ef130127fc2a30c2632ea9d3abff/screenshot - {}
COMMAND: POST /session/b171ef130127fc2a30c2632ea9d3abff/execute/sync - {"script":"<script> [8489 bytes]","args":[{"element-6066-11e4-a52e-4f735466cecf":"f.727CE9CF6895B2C759CBC992552C29E0.d.CE687615043E9FD7ECB43944BABD3556.e.14722","ELEMENT":"f.727CE9CF6895B2C759CBC992552C29E0.d.CE687615043E9FD7ECB43944BABD3556.e.14722"}]}
RESULT: {}
RESULT: {"script":"<script> [8489 bytes]","args":[{"element-6066-11e4-a52e-4f735466cecf":"f.727CE9CF6895B2C759CBC992552C29E0.d.CE687615043E9FD7ECB43944BABD3556.e.14722","ELEMENT":"f.727CE9CF6895B2C759CBC992552C29E0.d.CE687615043E9FD7ECB43944BABD3556.e.14722"}]}
COMMAND: GET /session/b171ef130127fc2a30c2632ea9d3abff/screenshot - {}
COMMAND: POST /session/b171ef130127fc2a30c2632ea9d3abff/execute/sync - {"script":"<script> [8489 bytes]","args":[{"element-6066-11e4-a52e-4f735466cecf":"f.727CE9CF6895B2C759CBC992552C29E0.d.CE687615043E9FD7ECB43944BABD3556.e.14722","ELEMENT":"f.727CE9CF6895B2C759CBC992552C29E0.d.CE687615043E9FD7ECB43944BABD3556.e.14722"}]}
RESULT: {}
RESULT: {"script":"<script> [8489 bytes]","args":[{"element-6066-11e4-a52e-4f735466cecf":"f.727CE9CF6895B2C759CBC992552C29E0.d.CE687615043E9FD7ECB43944BABD3556.e.14722","ELEMENT":"f.727CE9CF6895B2C759CBC992552C29E0.d.CE687615043E9FD7ECB43944BABD3556.e.14722"}]}
COMMAND: GET /session/b171ef130127fc2a30c2632ea9d3abff/screenshot - {}
RESULT: {}
COMMAND: POST /session/b171ef130127fc2a30c2632ea9d3abff/execute/sync - {"script":"<script> [8489 bytes]","args":[{"element-6066-11e4-a52e-4f735466cecf":"f.727CE9CF6895B2C759CBC992552C29E0.d.CE687615043E9FD7ECB43944BABD3556.e.14722","ELEMENT":"f.727CE9CF6895B2C759CBC992552C29E0.d.CE687615043E9FD7ECB43944BABD3556.e.14722"}]}
RESULT: {"script":"<script> [8489 bytes]","args":[{"element-6066-11e4-a52e-4f735466cecf":"f.727CE9CF6895B2C759CBC992552C29E0.d.CE687615043E9FD7ECB43944BABD3556.e.14722","ELEMENT":"f.727CE9CF6895B2C759CBC992552C29E0.d.CE687615043E9FD7ECB43944BABD3556.e.14722"}]}
COMMAND: GET /session/b171ef130127fc2a30c2632ea9d3abff/screenshot - {}
RESULT: {}
COMMAND: POST /session/b171ef130127fc2a30c2632ea9d3abff/execute/sync - {"script":"<script> [8489 bytes]","args":[{"element-6066-11e4-a52e-4f735466cecf":"f.727CE9CF6895B2C759CBC992552C29E0.d.CE687615043E9FD7ECB43944BABD3556.e.14722","ELEMENT":"f.727CE9CF6895B2C759CBC992552C29E0.d.CE687615043E9FD7ECB43944BABD3556.e.14722"}]}
RESULT: {"script":"<script> [8489 bytes]","args":[{"element-6066-11e4-a52e-4f735466cecf":"f.727CE9CF6895B2C759CBC992552C29E0.d.CE687615043E9FD7ECB43944BABD3556.e.14722","ELEMENT":"f.727CE9CF6895B2C759CBC992552C29E0.d.CE687615043E9FD7ECB43944BABD3556.e.14722"}]}
COMMAND: GET /session/b171ef130127fc2a30c2632ea9d3abff/screenshot - {}
RESULT: {}
COMMAND: POST /session/b171ef130127fc2a30c2632ea9d3abff/execute/sync - {"script":"<script> [8489 bytes]","args":[{"element-6066-11e4-a52e-4f735466cecf":"f.727CE9CF6895B2C759CBC992552C29E0.d.CE687615043E9FD7ECB43944BABD3556.e.14722","ELEMENT":"f.727CE9CF6895B2C759CBC992552C29E0.d.CE687615043E9FD7ECB43944BABD3556.e.14722"}]}
RESULT: {"script":"<script> [8489 bytes]","args":[{"element-6066-11e4-a52e-4f735466cecf":"f.727CE9CF6895B2C759CBC992552C29E0.d.CE687615043E9FD7ECB43944BABD3556.e.14722","ELEMENT":"f.727CE9CF6895B2C759CBC992552C29E0.d.CE687615043E9FD7ECB43944BABD3556.e.14722"}]}
COMMAND: GET /session/b171ef130127fc2a30c2632ea9d3abff/screenshot - {}
RESULT: {}
COMMAND: POST /session/b171ef130127fc2a30c2632ea9d3abff/execute/sync - {"script":"<script> [8489 bytes]","args":[{"element-6066-11e4-a52e-4f735466cecf":"f.727CE9CF6895B2C759CBC992552C29E0.d.CE687615043E9FD7ECB43944BABD3556.e.14722","ELEMENT":"f.727CE9CF6895B2C759CBC992552C29E0.d.CE687615043E9FD7ECB43944BABD3556.e.14722"}]}
RESULT: {"script":"<script> [8489 bytes]","args":[{"element-6066-11e4-a52e-4f735466cecf":"f.727CE9CF6895B2C759CBC992552C29E0.d.CE687615043E9FD7ECB43944BABD3556.e.14722","ELEMENT":"f.727CE9CF6895B2C759CBC992552C29E0.d.CE687615043E9FD7ECB43944BABD3556.e.14722"}]}
COMMAND: GET /session/b171ef130127fc2a30c2632ea9d3abff/screenshot - {}
RESULT: {}
COMMAND: POST /session/b171ef130127fc2a30c2632ea9d3abff/execute/sync - {"script":"<script> [8489 bytes]","args":[{"element-6066-11e4-a52e-4f735466cecf":"f.727CE9CF6895B2C759CBC992552C29E0.d.CE687615043E9FD7ECB43944BABD3556.e.14722","ELEMENT":"f.727CE9CF6895B2C759CBC992552C29E0.d.CE687615043E9FD7ECB43944BABD3556.e.14722"}]}
RESULT: {"script":"<script> [8489 bytes]","args":[{"element-6066-11e4-a52e-4f735466cecf":"f.727CE9CF6895B2C759CBC992552C29E0.d.CE687615043E9FD7ECB43944BABD3556.e.14722","ELEMENT":"f.727CE9CF6895B2C759CBC992552C29E0.d.CE687615043E9FD7ECB43944BABD3556.e.14722"}]}
COMMAND: GET /session/b171ef130127fc2a30c2632ea9d3abff/screenshot - {}
RESULT: {}
COMMAND: POST /session/b171ef130127fc2a30c2632ea9d3abff/execute/sync - {"script":"<script> [8489 bytes]","args":[{"element-6066-11e4-a52e-4f735466cecf":"f.727CE9CF6895B2C759CBC992552C29E0.d.CE687615043E9FD7ECB43944BABD3556.e.14722","ELEMENT":"f.727CE9CF6895B2C759CBC992552C29E0.d.CE687615043E9FD7ECB43944BABD3556.e.14722"}]}
RESULT: {"script":"<script> [8489 bytes]","args":[{"element-6066-11e4-a52e-4f735466cecf":"f.727CE9CF6895B2C759CBC992552C29E0.d.CE687615043E9FD7ECB43944BABD3556.e.14722","ELEMENT":"f.727CE9CF6895B2C759CBC992552C29E0.d.CE687615043E9FD7ECB43944BABD3556.e.14722"}]}
COMMAND: GET /session/b171ef130127fc2a30c2632ea9d3abff/screenshot - {}
RESULT: {}
COMMAND: POST /session/b171ef130127fc2a30c2632ea9d3abff/execute/sync - {"script":"<script> [8489 bytes]","args":[{"element-6066-11e4-a52e-4f735466cecf":"f.727CE9CF6895B2C759CBC992552C29E0.d.CE687615043E9FD7ECB43944BABD3556.e.14722","ELEMENT":"f.727CE9CF6895B2C759CBC992552C29E0.d.CE687615043E9FD7ECB43944BABD3556.e.14722"}]}
RESULT: {"script":"<script> [8489 bytes]","args":[{"element-6066-11e4-a52e-4f735466cecf":"f.727CE9CF6895B2C759CBC992552C29E0.d.CE687615043E9FD7ECB43944BABD3556.e.14722","ELEMENT":"f.727CE9CF6895B2C759CBC992552C29E0.d.CE687615043E9FD7ECB43944BABD3556.e.14722"}]}
COMMAND: GET /session/b171ef130127fc2a30c2632ea9d3abff/screenshot - {}
RESULT: {}
COMMAND: POST /session/b171ef130127fc2a30c2632ea9d3abff/execute/sync - {"script":"<script> [8489 bytes]","args":[{"element-6066-11e4-a52e-4f735466cecf":"f.727CE9CF6895B2C759CBC992552C29E0.d.CE687615043E9FD7ECB43944BABD3556.e.14722","ELEMENT":"f.727CE9CF6895B2C759CBC992552C29E0.d.CE687615043E9FD7ECB43944BABD3556.e.14722"}]}
RESULT: {"script":"<script> [8489 bytes]","args":[{"element-6066-11e4-a52e-4f735466cecf":"f.727CE9CF6895B2C759CBC992552C29E0.d.CE687615043E9FD7ECB43944BABD3556.e.14722","ELEMENT":"f.727CE9CF6895B2C759CBC992552C29E0.d.CE687615043E9FD7ECB43944BABD3556.e.14722"}]}
COMMAND: GET /session/b171ef130127fc2a30c2632ea9d3abff/screenshot - {}
RESULT: {}
COMMAND: POST /session/b171ef130127fc2a30c2632ea9d3abff/execute/sync - {"script":"<script> [8489 bytes]","args":[{"element-6066-11e4-a52e-4f735466cecf":"f.727CE9CF6895B2C759CBC992552C29E0.d.CE687615043E9FD7ECB43944BABD3556.e.14722","ELEMENT":"f.727CE9CF6895B2C759CBC992552C29E0.d.CE687615043E9FD7ECB43944BABD3556.e.14722"}]}
RESULT: {"script":"<script> [8489 bytes]","args":[{"element-6066-11e4-a52e-4f735466cecf":"f.727CE9CF6895B2C759CBC992552C29E0.d.CE687615043E9FD7ECB43944BABD3556.e.14722","ELEMENT":"f.727CE9CF6895B2C759CBC992552C29E0.d.CE687615043E9FD7ECB43944BABD3556.e.14722"}]}
COMMAND: GET /session/b171ef130127fc2a30c2632ea9d3abff/screenshot - {}
COMMAND: POST /session/b171ef130127fc2a30c2632ea9d3abff/execute/sync - {"script":"<script> [8489 bytes]","args":[{"element-6066-11e4-a52e-4f735466cecf":"f.727CE9CF6895B2C759CBC992552C29E0.d.CE687615043E9FD7ECB43944BABD3556.e.14722","ELEMENT":"f.727CE9CF6895B2C759CBC992552C29E0.d.CE687615043E9FD7ECB43944BABD3556.e.14722"}]}
RESULT: {}
RESULT: {"script":"<script> [8489 bytes]","args":[{"element-6066-11e4-a52e-4f735466cecf":"f.727CE9CF6895B2C759CBC992552C29E0.d.CE687615043E9FD7ECB43944BABD3556.e.14722","ELEMENT":"f.727CE9CF6895B2C759CBC992552C29E0.d.CE687615043E9FD7ECB43944BABD3556.e.14722"}]}
COMMAND: GET /session/b171ef130127fc2a30c2632ea9d3abff/screenshot - {}
RESULT: {}
COMMAND: POST /session/b171ef130127fc2a30c2632ea9d3abff/execute/sync - {"script":"<script> [8489 bytes]","args":[{"element-6066-11e4-a52e-4f735466cecf":"f.727CE9CF6895B2C759CBC992552C29E0.d.CE687615043E9FD7ECB43944BABD3556.e.14722","ELEMENT":"f.727CE9CF6895B2C759CBC992552C29E0.d.CE687615043E9FD7ECB43944BABD3556.e.14722"}]}
RESULT: {"script":"<script> [8489 bytes]","args":[{"element-6066-11e4-a52e-4f735466cecf":"f.727CE9CF6895B2C759CBC992552C29E0.d.CE687615043E9FD7ECB43944BABD3556.e.14722","ELEMENT":"f.727CE9CF6895B2C759CBC992552C29E0.d.CE687615043E9FD7ECB43944BABD3556.e.14722"}]}
COMMAND: GET /session/b171ef130127fc2a30c2632ea9d3abff/screenshot - {}
RESULT: {}
COMMAND: POST /session/b171ef130127fc2a30c2632ea9d3abff/execute/sync - {"script":"<script> [8489 bytes]","args":[{"element-6066-11e4-a52e-4f735466cecf":"f.727CE9CF6895B2C759CBC992552C29E0.d.CE687615043E9FD7ECB43944BABD3556.e.14722","ELEMENT":"f.727CE9CF6895B2C759CBC992552C29E0.d.CE687615043E9FD7ECB43944BABD3556.e.14722"}]}
RESULT: {"script":"<script> [8489 bytes]","args":[{"element-6066-11e4-a52e-4f735466cecf":"f.727CE9CF6895B2C759CBC992552C29E0.d.CE687615043E9FD7ECB43944BABD3556.e.14722","ELEMENT":"f.727CE9CF6895B2C759CBC992552C29E0.d.CE687615043E9FD7ECB43944BABD3556.e.14722"}]}
COMMAND: GET /session/b171ef130127fc2a30c2632ea9d3abff/screenshot - {}
RESULT: {}
COMMAND: POST /session/b171ef130127fc2a30c2632ea9d3abff/execute/sync - {"script":"<script> [8489 bytes]","args":[{"element-6066-11e4-a52e-4f735466cecf":"f.727CE9CF6895B2C759CBC992552C29E0.d.CE687615043E9FD7ECB43944BABD3556.e.14722","ELEMENT":"f.727CE9CF6895B2C759CBC992552C29E0.d.CE687615043E9FD7ECB43944BABD3556.e.14722"}]}
RESULT: {"script":"<script> [8489 bytes]","args":[{"element-6066-11e4-a52e-4f735466cecf":"f.727CE9CF6895B2C759CBC992552C29E0.d.CE687615043E9FD7ECB43944BABD3556.e.14722","ELEMENT":"f.727CE9CF6895B2C759CBC992552C29E0.d.CE687615043E9FD7ECB43944BABD3556.e.14722"}]}
COMMAND: GET /session/b171ef130127fc2a30c2632ea9d3abff/screenshot - {}
RESULT: {}
COMMAND: POST /session/b171ef130127fc2a30c2632ea9d3abff/execute/sync - {"script":"<script> [8489 bytes]","args":[{"element-6066-11e4-a52e-4f735466cecf":"f.727CE9CF6895B2C759CBC992552C29E0.d.CE687615043E9FD7ECB43944BABD3556.e.14722","ELEMENT":"f.727CE9CF6895B2C759CBC992552C29E0.d.CE687615043E9FD7ECB43944BABD3556.e.14722"}]}
RESULT: {"script":"<script> [8489 bytes]","args":[{"element-6066-11e4-a52e-4f735466cecf":"f.727CE9CF6895B2C759CBC992552C29E0.d.CE687615043E9FD7ECB43944BABD3556.e.14722","ELEMENT":"f.727CE9CF6895B2C759CBC992552C29E0.d.CE687615043E9FD7ECB43944BABD3556.e.14722"}]}
COMMAND: GET /session/b171ef130127fc2a30c2632ea9d3abff/screenshot - {}
RESULT: {}
COMMAND: POST /session/b171ef130127fc2a30c2632ea9d3abff/execute/sync - {"script":"<script> [8489 bytes]","args":[{"element-6066-11e4-a52e-4f735466cecf":"f.727CE9CF6895B2C759CBC992552C29E0.d.CE687615043E9FD7ECB43944BABD3556.e.14722","ELEMENT":"f.727CE9CF6895B2C759CBC992552C29E0.d.CE687615043E9FD7ECB43944BABD3556.e.14722"}]}
RESULT: {"script":"<script> [8489 bytes]","args":[{"element-6066-11e4-a52e-4f735466cecf":"f.727CE9CF6895B2C759CBC992552C29E0.d.CE687615043E9FD7ECB43944BABD3556.e.14722","ELEMENT":"f.727CE9CF6895B2C759CBC992552C29E0.d.CE687615043E9FD7ECB43944BABD3556.e.14722"}]}
COMMAND: GET /session/b171ef130127fc2a30c2632ea9d3abff/screenshot - {}
RESULT: {}
COMMAND: POST /session/b171ef130127fc2a30c2632ea9d3abff/execute/sync - {"script":"<script> [8489 bytes]","args":[{"element-6066-11e4-a52e-4f735466cecf":"f.727CE9CF6895B2C759CBC992552C29E0.d.CE687615043E9FD7ECB43944BABD3556.e.14722","ELEMENT":"f.727CE9CF6895B2C759CBC992552C29E0.d.CE687615043E9FD7ECB43944BABD3556.e.14722"}]}
RESULT: {"script":"<script> [8489 bytes]","args":[{"element-6066-11e4-a52e-4f735466cecf":"f.727CE9CF6895B2C759CBC992552C29E0.d.CE687615043E9FD7ECB43944BABD3556.e.14722","ELEMENT":"f.727CE9CF6895B2C759CBC992552C29E0.d.CE687615043E9FD7ECB43944BABD3556.e.14722"}]}
COMMAND: GET /session/b171ef130127fc2a30c2632ea9d3abff/screenshot - {}
RESULT: {}
COMMAND: POST /session/b171ef130127fc2a30c2632ea9d3abff/execute/sync - {"script":"<script> [8489 bytes]","args":[{"element-6066-11e4-a52e-4f735466cecf":"f.727CE9CF6895B2C759CBC992552C29E0.d.CE687615043E9FD7ECB43944BABD3556.e.14722","ELEMENT":"f.727CE9CF6895B2C759CBC992552C29E0.d.CE687615043E9FD7ECB43944BABD3556.e.14722"}]}
RESULT: {"script":"<script> [8489 bytes]","args":[{"element-6066-11e4-a52e-4f735466cecf":"f.727CE9CF6895B2C759CBC992552C29E0.d.CE687615043E9FD7ECB43944BABD3556.e.14722","ELEMENT":"f.727CE9CF6895B2C759CBC992552C29E0.d.CE687615043E9FD7ECB43944BABD3556.e.14722"}]}
COMMAND: GET /session/b171ef130127fc2a30c2632ea9d3abff/screenshot - {}
RESULT: {}
COMMAND: POST /session/b171ef130127fc2a30c2632ea9d3abff/execute/sync - {"script":"<script> [8489 bytes]","args":[{"element-6066-11e4-a52e-4f735466cecf":"f.727CE9CF6895B2C759CBC992552C29E0.d.CE687615043E9FD7ECB43944BABD3556.e.14722","ELEMENT":"f.727CE9CF6895B2C759CBC992552C29E0.d.CE687615043E9FD7ECB43944BABD3556.e.14722"}]}
RESULT: {"script":"<script> [8489 bytes]","args":[{"element-6066-11e4-a52e-4f735466cecf":"f.727CE9CF6895B2C759CBC992552C29E0.d.CE687615043E9FD7ECB43944BABD3556.e.14722","ELEMENT":"f.727CE9CF6895B2C759CBC992552C29E0.d.CE687615043E9FD7ECB43944BABD3556.e.14722"}]}
COMMAND: GET /session/b171ef130127fc2a30c2632ea9d3abff/screenshot - {}
RESULT: {}
COMMAND: POST /session/b171ef130127fc2a30c2632ea9d3abff/execute/sync - {"script":"<script> [8489 bytes]","args":[{"element-6066-11e4-a52e-4f735466cecf":"f.727CE9CF6895B2C759CBC992552C29E0.d.CE687615043E9FD7ECB43944BABD3556.e.14722","ELEMENT":"f.727CE9CF6895B2C759CBC992552C29E0.d.CE687615043E9FD7ECB43944BABD3556.e.14722"}]}
RESULT: {"script":"<script> [8489 bytes]","args":[{"element-6066-11e4-a52e-4f735466cecf":"f.727CE9CF6895B2C759CBC992552C29E0.d.CE687615043E9FD7ECB43944BABD3556.e.14722","ELEMENT":"f.727CE9CF6895B2C759CBC992552C29E0.d.CE687615043E9FD7ECB43944BABD3556.e.14722"}]}
COMMAND: GET /session/b171ef130127fc2a30c2632ea9d3abff/screenshot - {}
RESULT: {}
COMMAND: POST /session/b171ef130127fc2a30c2632ea9d3abff/execute/sync - {"script":"<script> [8489 bytes]","args":[{"element-6066-11e4-a52e-4f735466cecf":"f.727CE9CF6895B2C759CBC992552C29E0.d.CE687615043E9FD7ECB43944BABD3556.e.14722","ELEMENT":"f.727CE9CF6895B2C759CBC992552C29E0.d.CE687615043E9FD7ECB43944BABD3556.e.14722"}]}
RESULT: {"script":"<script> [8489 bytes]","args":[{"element-6066-11e4-a52e-4f735466cecf":"f.727CE9CF6895B2C759CBC992552C29E0.d.CE687615043E9FD7ECB43944BABD3556.e.14722","ELEMENT":"f.727CE9CF6895B2C759CBC992552C29E0.d.CE687615043E9FD7ECB43944BABD3556.e.14722"}]}
COMMAND: GET /session/b171ef130127fc2a30c2632ea9d3abff/screenshot - {}
RESULT: {}
COMMAND: POST /session/b171ef130127fc2a30c2632ea9d3abff/execute/sync - {"script":"<script> [8489 bytes]","args":[{"element-6066-11e4-a52e-4f735466cecf":"f.727CE9CF6895B2C759CBC992552C29E0.d.CE687615043E9FD7ECB43944BABD3556.e.14722","ELEMENT":"f.727CE9CF6895B2C759CBC992552C29E0.d.CE687615043E9FD7ECB43944BABD3556.e.14722"}]}
RESULT: {"script":"<script> [8489 bytes]","args":[{"element-6066-11e4-a52e-4f735466cecf":"f.727CE9CF6895B2C759CBC992552C29E0.d.CE687615043E9FD7ECB43944BABD3556.e.14722","ELEMENT":"f.727CE9CF6895B2C759CBC992552C29E0.d.CE687615043E9FD7ECB43944BABD3556.e.14722"}]}
COMMAND: GET /session/b171ef130127fc2a30c2632ea9d3abff/screenshot - {}
RESULT: {}
COMMAND: POST /session/b171ef130127fc2a30c2632ea9d3abff/execute/sync - {"script":"<script> [8489 bytes]","args":[{"element-6066-11e4-a52e-4f735466cecf":"f.727CE9CF6895B2C759CBC992552C29E0.d.CE687615043E9FD7ECB43944BABD3556.e.14722","ELEMENT":"f.727CE9CF6895B2C759CBC992552C29E0.d.CE687615043E9FD7ECB43944BABD3556.e.14722"}]}
RESULT: {"script":"<script> [8489 bytes]","args":[{"element-6066-11e4-a52e-4f735466cecf":"f.727CE9CF6895B2C759CBC992552C29E0.d.CE687615043E9FD7ECB43944BABD3556.e.14722","ELEMENT":"f.727CE9CF6895B2C759CBC992552C29E0.d.CE687615043E9FD7ECB43944BABD3556.e.14722"}]}
COMMAND: GET /session/b171ef130127fc2a30c2632ea9d3abff/screenshot - {}
RESULT: {}
COMMAND: POST /session/b171ef130127fc2a30c2632ea9d3abff/execute/sync - {"script":"<script> [8489 bytes]","args":[{"element-6066-11e4-a52e-4f735466cecf":"f.727CE9CF6895B2C759CBC992552C29E0.d.CE687615043E9FD7ECB43944BABD3556.e.14722","ELEMENT":"f.727CE9CF6895B2C759CBC992552C29E0.d.CE687615043E9FD7ECB43944BABD3556.e.14722"}]}
RESULT: {"script":"<script> [8489 bytes]","args":[{"element-6066-11e4-a52e-4f735466cecf":"f.727CE9CF6895B2C759CBC992552C29E0.d.CE687615043E9FD7ECB43944BABD3556.e.14722","ELEMENT":"f.727CE9CF6895B2C759CBC992552C29E0.d.CE687615043E9FD7ECB43944BABD3556.e.14722"}]}
COMMAND: GET /session/b171ef130127fc2a30c2632ea9d3abff/screenshot - {}
RESULT: {}
COMMAND: POST /session/b171ef130127fc2a30c2632ea9d3abff/execute/sync - {"script":"<script> [8489 bytes]","args":[{"element-6066-11e4-a52e-4f735466cecf":"f.727CE9CF6895B2C759CBC992552C29E0.d.CE687615043E9FD7ECB43944BABD3556.e.14722","ELEMENT":"f.727CE9CF6895B2C759CBC992552C29E0.d.CE687615043E9FD7ECB43944BABD3556.e.14722"}]}
RESULT: {"script":"<script> [8489 bytes]","args":[{"element-6066-11e4-a52e-4f735466cecf":"f.727CE9CF6895B2C759CBC992552C29E0.d.CE687615043E9FD7ECB43944BABD3556.e.14722","ELEMENT":"f.727CE9CF6895B2C759CBC992552C29E0.d.CE687615043E9FD7ECB43944BABD3556.e.14722"}]}
COMMAND: GET /session/b171ef130127fc2a30c2632ea9d3abff/screenshot - {}
RESULT: {}
COMMAND: POST /session/b171ef130127fc2a30c2632ea9d3abff/execute/sync - {"script":"<script> [8489 bytes]","args":[{"element-6066-11e4-a52e-4f735466cecf":"f.727CE9CF6895B2C759CBC992552C29E0.d.CE687615043E9FD7ECB43944BABD3556.e.14722","ELEMENT":"f.727CE9CF6895B2C759CBC992552C29E0.d.CE687615043E9FD7ECB43944BABD3556.e.14722"}]}
RESULT: {"script":"<script> [8489 bytes]","args":[{"element-6066-11e4-a52e-4f735466cecf":"f.727CE9CF6895B2C759CBC992552C29E0.d.CE687615043E9FD7ECB43944BABD3556.e.14722","ELEMENT":"f.727CE9CF6895B2C759CBC992552C29E0.d.CE687615043E9FD7ECB43944BABD3556.e.14722"}]}
COMMAND: GET /session/b171ef130127fc2a30c2632ea9d3abff/screenshot - {}
RESULT: {}
COMMAND: POST /session/b171ef130127fc2a30c2632ea9d3abff/execute/sync - {"script":"<script> [8489 bytes]","args":[{"element-6066-11e4-a52e-4f735466cecf":"f.727CE9CF6895B2C759CBC992552C29E0.d.CE687615043E9FD7ECB43944BABD3556.e.14722","ELEMENT":"f.727CE9CF6895B2C759CBC992552C29E0.d.CE687615043E9FD7ECB43944BABD3556.e.14722"}]}
RESULT: {"script":"<script> [8489 bytes]","args":[{"element-6066-11e4-a52e-4f735466cecf":"f.727CE9CF6895B2C759CBC992552C29E0.d.CE687615043E9FD7ECB43944BABD3556.e.14722","ELEMENT":"f.727CE9CF6895B2C759CBC992552C29E0.d.CE687615043E9FD7ECB43944BABD3556.e.14722"}]}
COMMAND: GET /session/b171ef130127fc2a30c2632ea9d3abff/screenshot - {}
RESULT: {}
COMMAND: POST /session/b171ef130127fc2a30c2632ea9d3abff/execute/sync - {"script":"<script> [8489 bytes]","args":[{"element-6066-11e4-a52e-4f735466cecf":"f.727CE9CF6895B2C759CBC992552C29E0.d.CE687615043E9FD7ECB43944BABD3556.e.14722","ELEMENT":"f.727CE9CF6895B2C759CBC992552C29E0.d.CE687615043E9FD7ECB43944BABD3556.e.14722"}]}
RESULT: {"script":"<script> [8489 bytes]","args":[{"element-6066-11e4-a52e-4f735466cecf":"f.727CE9CF6895B2C759CBC992552C29E0.d.CE687615043E9FD7ECB43944BABD3556.e.14722","ELEMENT":"f.727CE9CF6895B2C759CBC992552C29E0.d.CE687615043E9FD7ECB43944BABD3556.e.14722"}]}
COMMAND: GET /session/b171ef130127fc2a30c2632ea9d3abff/screenshot - {}
RESULT: {}
COMMAND: POST /session/b171ef130127fc2a30c2632ea9d3abff/execute/sync - {"script":"<script> [8489 bytes]","args":[{"element-6066-11e4-a52e-4f735466cecf":"f.727CE9CF6895B2C759CBC992552C29E0.d.CE687615043E9FD7ECB43944BABD3556.e.14722","ELEMENT":"f.727CE9CF6895B2C759CBC992552C29E0.d.CE687615043E9FD7ECB43944BABD3556.e.14722"}]}
RESULT: {"script":"<script> [8489 bytes]","args":[{"element-6066-11e4-a52e-4f735466cecf":"f.727CE9CF6895B2C759CBC992552C29E0.d.CE687615043E9FD7ECB43944BABD3556.e.14722","ELEMENT":"f.727CE9CF6895B2C759CBC992552C29E0.d.CE687615043E9FD7ECB43944BABD3556.e.14722"}]}
COMMAND: GET /session/b171ef130127fc2a30c2632ea9d3abff/screenshot - {}
RESULT: {}
COMMAND: POST /session/b171ef130127fc2a30c2632ea9d3abff/execute/sync - {"script":"<script> [8489 bytes]","args":[{"element-6066-11e4-a52e-4f735466cecf":"f.727CE9CF6895B2C759CBC992552C29E0.d.CE687615043E9FD7ECB43944BABD3556.e.14722","ELEMENT":"f.727CE9CF6895B2C759CBC992552C29E0.d.CE687615043E9FD7ECB43944BABD3556.e.14722"}]}
RESULT: {"script":"<script> [8489 bytes]","args":[{"element-6066-11e4-a52e-4f735466cecf":"f.727CE9CF6895B2C759CBC992552C29E0.d.CE687615043E9FD7ECB43944BABD3556.e.14722","ELEMENT":"f.727CE9CF6895B2C759CBC992552C29E0.d.CE687615043E9FD7ECB43944BABD3556.e.14722"}]}
COMMAND: GET /session/b171ef130127fc2a30c2632ea9d3abff/screenshot - {}
RESULT: {}
COMMAND: POST /session/b171ef130127fc2a30c2632ea9d3abff/execute/sync - {"script":"<script> [8489 bytes]","args":[{"element-6066-11e4-a52e-4f735466cecf":"f.727CE9CF6895B2C759CBC992552C29E0.d.CE687615043E9FD7ECB43944BABD3556.e.14722","ELEMENT":"f.727CE9CF6895B2C759CBC992552C29E0.d.CE687615043E9FD7ECB43944BABD3556.e.14722"}]}
RESULT: {"script":"<script> [8489 bytes]","args":[{"element-6066-11e4-a52e-4f735466cecf":"f.727CE9CF6895B2C759CBC992552C29E0.d.CE687615043E9FD7ECB43944BABD3556.e.14722","ELEMENT":"f.727CE9CF6895B2C759CBC992552C29E0.d.CE687615043E9FD7ECB43944BABD3556.e.14722"}]}
COMMAND: GET /session/b171ef130127fc2a30c2632ea9d3abff/screenshot - {}
RESULT: {}
COMMAND: POST /session/b171ef130127fc2a30c2632ea9d3abff/execute/sync - {"script":"<script> [8489 bytes]","args":[{"element-6066-11e4-a52e-4f735466cecf":"f.727CE9CF6895B2C759CBC992552C29E0.d.CE687615043E9FD7ECB43944BABD3556.e.14722","ELEMENT":"f.727CE9CF6895B2C759CBC992552C29E0.d.CE687615043E9FD7ECB43944BABD3556.e.14722"}]}
RESULT: {"script":"<script> [8489 bytes]","args":[{"element-6066-11e4-a52e-4f735466cecf":"f.727CE9CF6895B2C759CBC992552C29E0.d.CE687615043E9FD7ECB43944BABD3556.e.14722","ELEMENT":"f.727CE9CF6895B2C759CBC992552C29E0.d.CE687615043E9FD7ECB43944BABD3556.e.14722"}]}
COMMAND: GET /session/b171ef130127fc2a30c2632ea9d3abff/screenshot - {}
RESULT: {}
COMMAND: POST /session/b171ef130127fc2a30c2632ea9d3abff/execute/sync - {"script":"<script> [8489 bytes]","args":[{"element-6066-11e4-a52e-4f735466cecf":"f.727CE9CF6895B2C759CBC992552C29E0.d.CE687615043E9FD7ECB43944BABD3556.e.14722","ELEMENT":"f.727CE9CF6895B2C759CBC992552C29E0.d.CE687615043E9FD7ECB43944BABD3556.e.14722"}]}
RESULT: {"script":"<script> [8489 bytes]","args":[{"element-6066-11e4-a52e-4f735466cecf":"f.727CE9CF6895B2C759CBC992552C29E0.d.CE687615043E9FD7ECB43944BABD3556.e.14722","ELEMENT":"f.727CE9CF6895B2C759CBC992552C29E0.d.CE687615043E9FD7ECB43944BABD3556.e.14722"}]}
COMMAND: GET /session/b171ef130127fc2a30c2632ea9d3abff/screenshot - {}
RESULT: {}
COMMAND: POST /session/b171ef130127fc2a30c2632ea9d3abff/execute/sync - {"script":"<script> [8489 bytes]","args":[{"element-6066-11e4-a52e-4f735466cecf":"f.727CE9CF6895B2C759CBC992552C29E0.d.CE687615043E9FD7ECB43944BABD3556.e.14722","ELEMENT":"f.727CE9CF6895B2C759CBC992552C29E0.d.CE687615043E9FD7ECB43944BABD3556.e.14722"}]}
RESULT: {"script":"<script> [8489 bytes]","args":[{"element-6066-11e4-a52e-4f735466cecf":"f.727CE9CF6895B2C759CBC992552C29E0.d.CE687615043E9FD7ECB43944BABD3556.e.14722","ELEMENT":"f.727CE9CF6895B2C759CBC992552C29E0.d.CE687615043E9FD7ECB43944BABD3556.e.14722"}]}
COMMAND: GET /session/b171ef130127fc2a30c2632ea9d3abff/screenshot - {}
RESULT: {}
COMMAND: POST /session/b171ef130127fc2a30c2632ea9d3abff/execute/sync - {"script":"<script> [8489 bytes]","args":[{"element-6066-11e4-a52e-4f735466cecf":"f.727CE9CF6895B2C759CBC992552C29E0.d.CE687615043E9FD7ECB43944BABD3556.e.14722","ELEMENT":"f.727CE9CF6895B2C759CBC992552C29E0.d.CE687615043E9FD7ECB43944BABD3556.e.14722"}]}
RESULT: {"script":"<script> [8489 bytes]","args":[{"element-6066-11e4-a52e-4f735466cecf":"f.727CE9CF6895B2C759CBC992552C29E0.d.CE687615043E9FD7ECB43944BABD3556.e.14722","ELEMENT":"f.727CE9CF6895B2C759CBC992552C29E0.d.CE687615043E9FD7ECB43944BABD3556.e.14722"}]}
COMMAND: GET /session/b171ef130127fc2a30c2632ea9d3abff/screenshot - {}
RESULT: {}
COMMAND: POST /session/b171ef130127fc2a30c2632ea9d3abff/execute/sync - {"script":"<script> [8489 bytes]","args":[{"element-6066-11e4-a52e-4f735466cecf":"f.727CE9CF6895B2C759CBC992552C29E0.d.CE687615043E9FD7ECB43944BABD3556.e.14722","ELEMENT":"f.727CE9CF6895B2C759CBC992552C29E0.d.CE687615043E9FD7ECB43944BABD3556.e.14722"}]}
RESULT: {"script":"<script> [8489 bytes]","args":[{"element-6066-11e4-a52e-4f735466cecf":"f.727CE9CF6895B2C759CBC992552C29E0.d.CE687615043E9FD7ECB43944BABD3556.e.14722","ELEMENT":"f.727CE9CF6895B2C759CBC992552C29E0.d.CE687615043E9FD7ECB43944BABD3556.e.14722"}]}
COMMAND: GET /session/b171ef130127fc2a30c2632ea9d3abff/screenshot - {}
RESULT: {}
COMMAND: POST /session/b171ef130127fc2a30c2632ea9d3abff/execute/sync - {"script":"<script> [8489 bytes]","args":[{"element-6066-11e4-a52e-4f735466cecf":"f.727CE9CF6895B2C759CBC992552C29E0.d.CE687615043E9FD7ECB43944BABD3556.e.14722","ELEMENT":"f.727CE9CF6895B2C759CBC992552C29E0.d.CE687615043E9FD7ECB43944BABD3556.e.14722"}]}
RESULT: {"script":"<script> [8489 bytes]","args":[{"element-6066-11e4-a52e-4f735466cecf":"f.727CE9CF6895B2C759CBC992552C29E0.d.CE687615043E9FD7ECB43944BABD3556.e.14722","ELEMENT":"f.727CE9CF6895B2C759CBC992552C29E0.d.CE687615043E9FD7ECB43944BABD3556.e.14722"}]}
COMMAND: GET /session/b171ef130127fc2a30c2632ea9d3abff/screenshot - {}
COMMAND: POST /session/b171ef130127fc2a30c2632ea9d3abff/execute/sync - {"script":"<script> [8489 bytes]","args":[{"element-6066-11e4-a52e-4f735466cecf":"f.727CE9CF6895B2C759CBC992552C29E0.d.CE687615043E9FD7ECB43944BABD3556.e.14722","ELEMENT":"f.727CE9CF6895B2C759CBC992552C29E0.d.CE687615043E9FD7ECB43944BABD3556.e.14722"}]}
RESULT: {}
RESULT: {"script":"<script> [8489 bytes]","args":[{"element-6066-11e4-a52e-4f735466cecf":"f.727CE9CF6895B2C759CBC992552C29E0.d.CE687615043E9FD7ECB43944BABD3556.e.14722","ELEMENT":"f.727CE9CF6895B2C759CBC992552C29E0.d.CE687615043E9FD7ECB43944BABD3556.e.14722"}]}
COMMAND: GET /session/b171ef130127fc2a30c2632ea9d3abff/screenshot - {}
RESULT: {}
COMMAND: POST /session/b171ef130127fc2a30c2632ea9d3abff/execute/sync - {"script":"<script> [8489 bytes]","args":[{"element-6066-11e4-a52e-4f735466cecf":"f.727CE9CF6895B2C759CBC992552C29E0.d.CE687615043E9FD7ECB43944BABD3556.e.14722","ELEMENT":"f.727CE9CF6895B2C759CBC992552C29E0.d.CE687615043E9FD7ECB43944BABD3556.e.14722"}]}
RESULT: {"script":"<script> [8489 bytes]","args":[{"element-6066-11e4-a52e-4f735466cecf":"f.727CE9CF6895B2C759CBC992552C29E0.d.CE687615043E9FD7ECB43944BABD3556.e.14722","ELEMENT":"f.727CE9CF6895B2C759CBC992552C29E0.d.CE687615043E9FD7ECB43944BABD3556.e.14722"}]}
COMMAND: GET /session/b171ef130127fc2a30c2632ea9d3abff/screenshot - {}
RESULT: {}
COMMAND: POST /session/b171ef130127fc2a30c2632ea9d3abff/execute/sync - {"script":"<script> [8489 bytes]","args":[{"element-6066-11e4-a52e-4f735466cecf":"f.727CE9CF6895B2C759CBC992552C29E0.d.CE687615043E9FD7ECB43944BABD3556.e.14722","ELEMENT":"f.727CE9CF6895B2C759CBC992552C29E0.d.CE687615043E9FD7ECB43944BABD3556.e.14722"}]}
RESULT: {"script":"<script> [8489 bytes]","args":[{"element-6066-11e4-a52e-4f735466cecf":"f.727CE9CF6895B2C759CBC992552C29E0.d.CE687615043E9FD7ECB43944BABD3556.e.14722","ELEMENT":"f.727CE9CF6895B2C759CBC992552C29E0.d.CE687615043E9FD7ECB43944BABD3556.e.14722"}]}
COMMAND: GET /session/b171ef130127fc2a30c2632ea9d3abff/screenshot - {}
RESULT: {}
COMMAND: POST /session/b171ef130127fc2a30c2632ea9d3abff/execute/sync - {"script":"<script> [8489 bytes]","args":[{"element-6066-11e4-a52e-4f735466cecf":"f.727CE9CF6895B2C759CBC992552C29E0.d.CE687615043E9FD7ECB43944BABD3556.e.14722","ELEMENT":"f.727CE9CF6895B2C759CBC992552C29E0.d.CE687615043E9FD7ECB43944BABD3556.e.14722"}]}
RESULT: {"script":"<script> [8489 bytes]","args":[{"element-6066-11e4-a52e-4f735466cecf":"f.727CE9CF6895B2C759CBC992552C29E0.d.CE687615043E9FD7ECB43944BABD3556.e.14722","ELEMENT":"f.727CE9CF6895B2C759CBC992552C29E0.d.CE687615043E9FD7ECB43944BABD3556.e.14722"}]}
COMMAND: GET /session/b171ef130127fc2a30c2632ea9d3abff/screenshot - {}
RESULT: {}
COMMAND: POST /session/b171ef130127fc2a30c2632ea9d3abff/execute/sync - {"script":"<script> [8489 bytes]","args":[{"element-6066-11e4-a52e-4f735466cecf":"f.727CE9CF6895B2C759CBC992552C29E0.d.CE687615043E9FD7ECB43944BABD3556.e.14722","ELEMENT":"f.727CE9CF6895B2C759CBC992552C29E0.d.CE687615043E9FD7ECB43944BABD3556.e.14722"}]}
RESULT: {"script":"<script> [8489 bytes]","args":[{"element-6066-11e4-a52e-4f735466cecf":"f.727CE9CF6895B2C759CBC992552C29E0.d.CE687615043E9FD7ECB43944BABD3556.e.14722","ELEMENT":"f.727CE9CF6895B2C759CBC992552C29E0.d.CE687615043E9FD7ECB43944BABD3556.e.14722"}]}
COMMAND: GET /session/b171ef130127fc2a30c2632ea9d3abff/screenshot - {}
RESULT: {}
COMMAND: POST /session/b171ef130127fc2a30c2632ea9d3abff/execute/sync - {"script":"<script> [8489 bytes]","args":[{"element-6066-11e4-a52e-4f735466cecf":"f.727CE9CF6895B2C759CBC992552C29E0.d.CE687615043E9FD7ECB43944BABD3556.e.14722","ELEMENT":"f.727CE9CF6895B2C759CBC992552C29E0.d.CE687615043E9FD7ECB43944BABD3556.e.14722"}]}
RESULT: {"script":"<script> [8489 bytes]","args":[{"element-6066-11e4-a52e-4f735466cecf":"f.727CE9CF6895B2C759CBC992552C29E0.d.CE687615043E9FD7ECB43944BABD3556.e.14722","ELEMENT":"f.727CE9CF6895B2C759CBC992552C29E0.d.CE687615043E9FD7ECB43944BABD3556.e.14722"}]}
COMMAND: GET /session/b171ef130127fc2a30c2632ea9d3abff/screenshot - {}
RESULT: {}
COMMAND: POST /session/b171ef130127fc2a30c2632ea9d3abff/execute/sync - {"script":"<script> [8489 bytes]","args":[{"element-6066-11e4-a52e-4f735466cecf":"f.727CE9CF6895B2C759CBC992552C29E0.d.CE687615043E9FD7ECB43944BABD3556.e.14722","ELEMENT":"f.727CE9CF6895B2C759CBC992552C29E0.d.CE687615043E9FD7ECB43944BABD3556.e.14722"}]}
RESULT: {"script":"<script> [8489 bytes]","args":[{"element-6066-11e4-a52e-4f735466cecf":"f.727CE9CF6895B2C759CBC992552C29E0.d.CE687615043E9FD7ECB43944BABD3556.e.14722","ELEMENT":"f.727CE9CF6895B2C759CBC992552C29E0.d.CE687615043E9FD7ECB43944BABD3556.e.14722"}]}
COMMAND: GET /session/b171ef130127fc2a30c2632ea9d3abff/screenshot - {}
RESULT: {}
COMMAND: POST /session/b171ef130127fc2a30c2632ea9d3abff/execute/sync - {"script":"<script> [8489 bytes]","args":[{"element-6066-11e4-a52e-4f735466cecf":"f.727CE9CF6895B2C759CBC992552C29E0.d.CE687615043E9FD7ECB43944BABD3556.e.14722","ELEMENT":"f.727CE9CF6895B2C759CBC992552C29E0.d.CE687615043E9FD7ECB43944BABD3556.e.14722"}]}
RESULT: {"script":"<script> [8489 bytes]","args":[{"element-6066-11e4-a52e-4f735466cecf":"f.727CE9CF6895B2C759CBC992552C29E0.d.CE687615043E9FD7ECB43944BABD3556.e.14722","ELEMENT":"f.727CE9CF6895B2C759CBC992552C29E0.d.CE687615043E9FD7ECB43944BABD3556.e.14722"}]}
COMMAND: GET /session/b171ef130127fc2a30c2632ea9d3abff/screenshot - {}
RESULT: {}
COMMAND: POST /session/b171ef130127fc2a30c2632ea9d3abff/execute/sync - {"script":"<script> [8489 bytes]","args":[{"element-6066-11e4-a52e-4f735466cecf":"f.727CE9CF6895B2C759CBC992552C29E0.d.CE687615043E9FD7ECB43944BABD3556.e.14722","ELEMENT":"f.727CE9CF6895B2C759CBC992552C29E0.d.CE687615043E9FD7ECB43944BABD3556.e.14722"}]}
RESULT: {"script":"<script> [8489 bytes]","args":[{"element-6066-11e4-a52e-4f735466cecf":"f.727CE9CF6895B2C759CBC992552C29E0.d.CE687615043E9FD7ECB43944BABD3556.e.14722","ELEMENT":"f.727CE9CF6895B2C759CBC992552C29E0.d.CE687615043E9FD7ECB43944BABD3556.e.14722"}]}
COMMAND: GET /session/b171ef130127fc2a30c2632ea9d3abff/screenshot - {}
RESULT: {}
COMMAND: POST /session/b171ef130127fc2a30c2632ea9d3abff/execute/sync - {"script":"<script> [8489 bytes]","args":[{"element-6066-11e4-a52e-4f735466cecf":"f.727CE9CF6895B2C759CBC992552C29E0.d.CE687615043E9FD7ECB43944BABD3556.e.14722","ELEMENT":"f.727CE9CF6895B2C759CBC992552C29E0.d.CE687615043E9FD7ECB43944BABD3556.e.14722"}]}
RESULT: {"script":"<script> [8489 bytes]","args":[{"element-6066-11e4-a52e-4f735466cecf":"f.727CE9CF6895B2C759CBC992552C29E0.d.CE687615043E9FD7ECB43944BABD3556.e.14722","ELEMENT":"f.727CE9CF6895B2C759CBC992552C29E0.d.CE687615043E9FD7ECB43944BABD3556.e.14722"}]}
COMMAND: GET /session/b171ef130127fc2a30c2632ea9d3abff/screenshot - {}
RESULT: {}
COMMAND: POST /session/b171ef130127fc2a30c2632ea9d3abff/execute/sync - {"script":"<script> [8489 bytes]","args":[{"element-6066-11e4-a52e-4f735466cecf":"f.727CE9CF6895B2C759CBC992552C29E0.d.CE687615043E9FD7ECB43944BABD3556.e.14722","ELEMENT":"f.727CE9CF6895B2C759CBC992552C29E0.d.CE687615043E9FD7ECB43944BABD3556.e.14722"}]}
RESULT: {"script":"<script> [8489 bytes]","args":[{"element-6066-11e4-a52e-4f735466cecf":"f.727CE9CF6895B2C759CBC992552C29E0.d.CE687615043E9FD7ECB43944BABD3556.e.14722","ELEMENT":"f.727CE9CF6895B2C759CBC992552C29E0.d.CE687615043E9FD7ECB43944BABD3556.e.14722"}]}
COMMAND: GET /session/b171ef130127fc2a30c2632ea9d3abff/screenshot - {}
RESULT: {}
COMMAND: POST /session/b171ef130127fc2a30c2632ea9d3abff/execute/sync - {"script":"<script> [8489 bytes]","args":[{"element-6066-11e4-a52e-4f735466cecf":"f.727CE9CF6895B2C759CBC992552C29E0.d.CE687615043E9FD7ECB43944BABD3556.e.14722","ELEMENT":"f.727CE9CF6895B2C759CBC992552C29E0.d.CE687615043E9FD7ECB43944BABD3556.e.14722"}]}
RESULT: {"script":"<script> [8489 bytes]","args":[{"element-6066-11e4-a52e-4f735466cecf":"f.727CE9CF6895B2C759CBC992552C29E0.d.CE687615043E9FD7ECB43944BABD3556.e.14722","ELEMENT":"f.727CE9CF6895B2C759CBC992552C29E0.d.CE687615043E9FD7ECB43944BABD3556.e.14722"}]}
COMMAND: GET /session/b171ef130127fc2a30c2632ea9d3abff/screenshot - {}
RESULT: {}
COMMAND: POST /session/b171ef130127fc2a30c2632ea9d3abff/execute/sync - {"script":"<script> [8489 bytes]","args":[{"element-6066-11e4-a52e-4f735466cecf":"f.727CE9CF6895B2C759CBC992552C29E0.d.CE687615043E9FD7ECB43944BABD3556.e.14722","ELEMENT":"f.727CE9CF6895B2C759CBC992552C29E0.d.CE687615043E9FD7ECB43944BABD3556.e.14722"}]}
RESULT: {"script":"<script> [8489 bytes]","args":[{"element-6066-11e4-a52e-4f735466cecf":"f.727CE9CF6895B2C759CBC992552C29E0.d.CE687615043E9FD7ECB43944BABD3556.e.14722","ELEMENT":"f.727CE9CF6895B2C759CBC992552C29E0.d.CE687615043E9FD7ECB43944BABD3556.e.14722"}]}
COMMAND: GET /session/b171ef130127fc2a30c2632ea9d3abff/screenshot - {}
RESULT: {}
COMMAND: POST /session/b171ef130127fc2a30c2632ea9d3abff/execute/sync - {"script":"<script> [8489 bytes]","args":[{"element-6066-11e4-a52e-4f735466cecf":"f.727CE9CF6895B2C759CBC992552C29E0.d.CE687615043E9FD7ECB43944BABD3556.e.14722","ELEMENT":"f.727CE9CF6895B2C759CBC992552C29E0.d.CE687615043E9FD7ECB43944BABD3556.e.14722"}]}
RESULT: {"script":"<script> [8489 bytes]","args":[{"element-6066-11e4-a52e-4f735466cecf":"f.727CE9CF6895B2C759CBC992552C29E0.d.CE687615043E9FD7ECB43944BABD3556.e.14722","ELEMENT":"f.727CE9CF6895B2C759CBC992552C29E0.d.CE687615043E9FD7ECB43944BABD3556.e.14722"}]}
COMMAND: GET /session/b171ef130127fc2a30c2632ea9d3abff/screenshot - {}
RESULT: {}
COMMAND: POST /session/b171ef130127fc2a30c2632ea9d3abff/execute/sync - {"script":"<script> [8489 bytes]","args":[{"element-6066-11e4-a52e-4f735466cecf":"f.727CE9CF6895B2C759CBC992552C29E0.d.CE687615043E9FD7ECB43944BABD3556.e.14722","ELEMENT":"f.727CE9CF6895B2C759CBC992552C29E0.d.CE687615043E9FD7ECB43944BABD3556.e.14722"}]}
RESULT: {"script":"<script> [8489 bytes]","args":[{"element-6066-11e4-a52e-4f735466cecf":"f.727CE9CF6895B2C759CBC992552C29E0.d.CE687615043E9FD7ECB43944BABD3556.e.14722","ELEMENT":"f.727CE9CF6895B2C759CBC992552C29E0.d.CE687615043E9FD7ECB43944BABD3556.e.14722"}]}
COMMAND: GET /session/b171ef130127fc2a30c2632ea9d3abff/screenshot - {}
RESULT: {}
COMMAND: POST /session/b171ef130127fc2a30c2632ea9d3abff/execute/sync - {"script":"<script> [8489 bytes]","args":[{"element-6066-11e4-a52e-4f735466cecf":"f.727CE9CF6895B2C759CBC992552C29E0.d.CE687615043E9FD7ECB43944BABD3556.e.14722","ELEMENT":"f.727CE9CF6895B2C759CBC992552C29E0.d.CE687615043E9FD7ECB43944BABD3556.e.14722"}]}
RESULT: {"script":"<script> [8489 bytes]","args":[{"element-6066-11e4-a52e-4f735466cecf":"f.727CE9CF6895B2C759CBC992552C29E0.d.CE687615043E9FD7ECB43944BABD3556.e.14722","ELEMENT":"f.727CE9CF6895B2C759CBC992552C29E0.d.CE687615043E9FD7ECB43944BABD3556.e.14722"}]}
COMMAND: GET /session/b171ef130127fc2a30c2632ea9d3abff/screenshot - {}
COMMAND: POST /session/b171ef130127fc2a30c2632ea9d3abff/execute/sync - {"script":"<script> [8489 bytes]","args":[{"element-6066-11e4-a52e-4f735466cecf":"f.727CE9CF6895B2C759CBC992552C29E0.d.CE687615043E9FD7ECB43944BABD3556.e.14722","ELEMENT":"f.727CE9CF6895B2C759CBC992552C29E0.d.CE687615043E9FD7ECB43944BABD3556.e.14722"}]}
RESULT: {}
RESULT: {"script":"<script> [8489 bytes]","args":[{"element-6066-11e4-a52e-4f735466cecf":"f.727CE9CF6895B2C759CBC992552C29E0.d.CE687615043E9FD7ECB43944BABD3556.e.14722","ELEMENT":"f.727CE9CF6895B2C759CBC992552C29E0.d.CE687615043E9FD7ECB43944BABD3556.e.14722"}]}
COMMAND: GET /session/b171ef130127fc2a30c2632ea9d3abff/screenshot - {}
RESULT: {}
COMMAND: POST /session/b171ef130127fc2a30c2632ea9d3abff/execute/sync - {"script":"<script> [8489 bytes]","args":[{"element-6066-11e4-a52e-4f735466cecf":"f.727CE9CF6895B2C759CBC992552C29E0.d.CE687615043E9FD7ECB43944BABD3556.e.14722","ELEMENT":"f.727CE9CF6895B2C759CBC992552C29E0.d.CE687615043E9FD7ECB43944BABD3556.e.14722"}]}
RESULT: {"script":"<script> [8489 bytes]","args":[{"element-6066-11e4-a52e-4f735466cecf":"f.727CE9CF6895B2C759CBC992552C29E0.d.CE687615043E9FD7ECB43944BABD3556.e.14722","ELEMENT":"f.727CE9CF6895B2C759CBC992552C29E0.d.CE687615043E9FD7ECB43944BABD3556.e.14722"}]}
COMMAND: GET /session/b171ef130127fc2a30c2632ea9d3abff/screenshot - {}
RESULT: {}
COMMAND: POST /session/b171ef130127fc2a30c2632ea9d3abff/execute/sync - {"script":"<script> [8489 bytes]","args":[{"element-6066-11e4-a52e-4f735466cecf":"f.727CE9CF6895B2C759CBC992552C29E0.d.CE687615043E9FD7ECB43944BABD3556.e.14722","ELEMENT":"f.727CE9CF6895B2C759CBC992552C29E0.d.CE687615043E9FD7ECB43944BABD3556.e.14722"}]}
RESULT: {"script":"<script> [8489 bytes]","args":[{"element-6066-11e4-a52e-4f735466cecf":"f.727CE9CF6895B2C759CBC992552C29E0.d.CE687615043E9FD7ECB43944BABD3556.e.14722","ELEMENT":"f.727CE9CF6895B2C759CBC992552C29E0.d.CE687615043E9FD7ECB43944BABD3556.e.14722"}]}
COMMAND: GET /session/b171ef130127fc2a30c2632ea9d3abff/screenshot - {}
RESULT: {}
COMMAND: POST /session/b171ef130127fc2a30c2632ea9d3abff/execute/sync - {"script":"<script> [8489 bytes]","args":[{"element-6066-11e4-a52e-4f735466cecf":"f.727CE9CF6895B2C759CBC992552C29E0.d.CE687615043E9FD7ECB43944BABD3556.e.14722","ELEMENT":"f.727CE9CF6895B2C759CBC992552C29E0.d.CE687615043E9FD7ECB43944BABD3556.e.14722"}]}
RESULT: {"script":"<script> [8489 bytes]","args":[{"element-6066-11e4-a52e-4f735466cecf":"f.727CE9CF6895B2C759CBC992552C29E0.d.CE687615043E9FD7ECB43944BABD3556.e.14722","ELEMENT":"f.727CE9CF6895B2C759CBC992552C29E0.d.CE687615043E9FD7ECB43944BABD3556.e.14722"}]}
COMMAND: GET /session/b171ef130127fc2a30c2632ea9d3abff/screenshot - {}
RESULT: {}
COMMAND: POST /session/b171ef130127fc2a30c2632ea9d3abff/execute/sync - {"script":"<script> [8489 bytes]","args":[{"element-6066-11e4-a52e-4f735466cecf":"f.727CE9CF6895B2C759CBC992552C29E0.d.CE687615043E9FD7ECB43944BABD3556.e.14722","ELEMENT":"f.727CE9CF6895B2C759CBC992552C29E0.d.CE687615043E9FD7ECB43944BABD3556.e.14722"}]}
RESULT: {"script":"<script> [8489 bytes]","args":[{"element-6066-11e4-a52e-4f735466cecf":"f.727CE9CF6895B2C759CBC992552C29E0.d.CE687615043E9FD7ECB43944BABD3556.e.14722","ELEMENT":"f.727CE9CF6895B2C759CBC992552C29E0.d.CE687615043E9FD7ECB43944BABD3556.e.14722"}]}
COMMAND: GET /session/b171ef130127fc2a30c2632ea9d3abff/screenshot - {}
RESULT: {}
COMMAND: POST /session/b171ef130127fc2a30c2632ea9d3abff/execute/sync - {"script":"<script> [8489 bytes]","args":[{"element-6066-11e4-a52e-4f735466cecf":"f.727CE9CF6895B2C759CBC992552C29E0.d.CE687615043E9FD7ECB43944BABD3556.e.14722","ELEMENT":"f.727CE9CF6895B2C759CBC992552C29E0.d.CE687615043E9FD7ECB43944BABD3556.e.14722"}]}
RESULT: {"script":"<script> [8489 bytes]","args":[{"element-6066-11e4-a52e-4f735466cecf":"f.727CE9CF6895B2C759CBC992552C29E0.d.CE687615043E9FD7ECB43944BABD3556.e.14722","ELEMENT":"f.727CE9CF6895B2C759CBC992552C29E0.d.CE687615043E9FD7ECB43944BABD3556.e.14722"}]}
COMMAND: GET /session/b171ef130127fc2a30c2632ea9d3abff/screenshot - {}
RESULT: {}
COMMAND: POST /session/b171ef130127fc2a30c2632ea9d3abff/execute/sync - {"script":"<script> [8489 bytes]","args":[{"element-6066-11e4-a52e-4f735466cecf":"f.727CE9CF6895B2C759CBC992552C29E0.d.CE687615043E9FD7ECB43944BABD3556.e.14722","ELEMENT":"f.727CE9CF6895B2C759CBC992552C29E0.d.CE687615043E9FD7ECB43944BABD3556.e.14722"}]}
RESULT: {"script":"<script> [8489 bytes]","args":[{"element-6066-11e4-a52e-4f735466cecf":"f.727CE9CF6895B2C759CBC992552C29E0.d.CE687615043E9FD7ECB43944BABD3556.e.14722","ELEMENT":"f.727CE9CF6895B2C759CBC992552C29E0.d.CE687615043E9FD7ECB43944BABD3556.e.14722"}]}
COMMAND: GET /session/b171ef130127fc2a30c2632ea9d3abff/screenshot - {}
RESULT: {}
COMMAND: POST /session/b171ef130127fc2a30c2632ea9d3abff/execute/sync - {"script":"<script> [8489 bytes]","args":[{"element-6066-11e4-a52e-4f735466cecf":"f.727CE9CF6895B2C759CBC992552C29E0.d.CE687615043E9FD7ECB43944BABD3556.e.14722","ELEMENT":"f.727CE9CF6895B2C759CBC992552C29E0.d.CE687615043E9FD7ECB43944BABD3556.e.14722"}]}
RESULT: {"script":"<script> [8489 bytes]","args":[{"element-6066-11e4-a52e-4f735466cecf":"f.727CE9CF6895B2C759CBC992552C29E0.d.CE687615043E9FD7ECB43944BABD3556.e.14722","ELEMENT":"f.727CE9CF6895B2C759CBC992552C29E0.d.CE687615043E9FD7ECB43944BABD3556.e.14722"}]}
COMMAND: GET /session/b171ef130127fc2a30c2632ea9d3abff/screenshot - {}
RESULT: {}
COMMAND: POST /session/b171ef130127fc2a30c2632ea9d3abff/execute/sync - {"script":"<script> [8489 bytes]","args":[{"element-6066-11e4-a52e-4f735466cecf":"f.727CE9CF6895B2C759CBC992552C29E0.d.CE687615043E9FD7ECB43944BABD3556.e.14722","ELEMENT":"f.727CE9CF6895B2C759CBC992552C29E0.d.CE687615043E9FD7ECB43944BABD3556.e.14722"}]}
RESULT: {"script":"<script> [8489 bytes]","args":[{"element-6066-11e4-a52e-4f735466cecf":"f.727CE9CF6895B2C759CBC992552C29E0.d.CE687615043E9FD7ECB43944BABD3556.e.14722","ELEMENT":"f.727CE9CF6895B2C759CBC992552C29E0.d.CE687615043E9FD7ECB43944BABD3556.e.14722"}]}
COMMAND: GET /session/b171ef130127fc2a30c2632ea9d3abff/screenshot - {}
RESULT: {}
COMMAND: POST /session/b171ef130127fc2a30c2632ea9d3abff/execute/sync - {"script":"<script> [8489 bytes]","args":[{"element-6066-11e4-a52e-4f735466cecf":"f.727CE9CF6895B2C759CBC992552C29E0.d.CE687615043E9FD7ECB43944BABD3556.e.14722","ELEMENT":"f.727CE9CF6895B2C759CBC992552C29E0.d.CE687615043E9FD7ECB43944BABD3556.e.14722"}]}
RESULT: {"script":"<script> [8489 bytes]","args":[{"element-6066-11e4-a52e-4f735466cecf":"f.727CE9CF6895B2C759CBC992552C29E0.d.CE687615043E9FD7ECB43944BABD3556.e.14722","ELEMENT":"f.727CE9CF6895B2C759CBC992552C29E0.d.CE687615043E9FD7ECB43944BABD3556.e.14722"}]}
COMMAND: GET /session/b171ef130127fc2a30c2632ea9d3abff/screenshot - {}
RESULT: {}
COMMAND: POST /session/b171ef130127fc2a30c2632ea9d3abff/execute/sync - {"script":"<script> [8489 bytes]","args":[{"element-6066-11e4-a52e-4f735466cecf":"f.727CE9CF6895B2C759CBC992552C29E0.d.CE687615043E9FD7ECB43944BABD3556.e.14722","ELEMENT":"f.727CE9CF6895B2C759CBC992552C29E0.d.CE687615043E9FD7ECB43944BABD3556.e.14722"}]}
RESULT: {"script":"<script> [8489 bytes]","args":[{"element-6066-11e4-a52e-4f735466cecf":"f.727CE9CF6895B2C759CBC992552C29E0.d.CE687615043E9FD7ECB43944BABD3556.e.14722","ELEMENT":"f.727CE9CF6895B2C759CBC992552C29E0.d.CE687615043E9FD7ECB43944BABD3556.e.14722"}]}
COMMAND: GET /session/b171ef130127fc2a30c2632ea9d3abff/screenshot - {}
RESULT: {}
COMMAND: POST /session/b171ef130127fc2a30c2632ea9d3abff/execute/sync - {"script":"<script> [8489 bytes]","args":[{"element-6066-11e4-a52e-4f735466cecf":"f.727CE9CF6895B2C759CBC992552C29E0.d.CE687615043E9FD7ECB43944BABD3556.e.14722","ELEMENT":"f.727CE9CF6895B2C759CBC992552C29E0.d.CE687615043E9FD7ECB43944BABD3556.e.14722"}]}
RESULT: {"script":"<script> [8489 bytes]","args":[{"element-6066-11e4-a52e-4f735466cecf":"f.727CE9CF6895B2C759CBC992552C29E0.d.CE687615043E9FD7ECB43944BABD3556.e.14722","ELEMENT":"f.727CE9CF6895B2C759CBC992552C29E0.d.CE687615043E9FD7ECB43944BABD3556.e.14722"}]}
COMMAND: GET /session/b171ef130127fc2a30c2632ea9d3abff/screenshot - {}
RESULT: {}
COMMAND: POST /session/b171ef130127fc2a30c2632ea9d3abff/execute/sync - {"script":"<script> [8489 bytes]","args":[{"element-6066-11e4-a52e-4f735466cecf":"f.727CE9CF6895B2C759CBC992552C29E0.d.CE687615043E9FD7ECB43944BABD3556.e.14722","ELEMENT":"f.727CE9CF6895B2C759CBC992552C29E0.d.CE687615043E9FD7ECB43944BABD3556.e.14722"}]}
RESULT: {"script":"<script> [8489 bytes]","args":[{"element-6066-11e4-a52e-4f735466cecf":"f.727CE9CF6895B2C759CBC992552C29E0.d.CE687615043E9FD7ECB43944BABD3556.e.14722","ELEMENT":"f.727CE9CF6895B2C759CBC992552C29E0.d.CE687615043E9FD7ECB43944BABD3556.e.14722"}]}
COMMAND: GET /session/b171ef130127fc2a30c2632ea9d3abff/screenshot - {}
RESULT: {}
COMMAND: POST /session/b171ef130127fc2a30c2632ea9d3abff/execute/sync - {"script":"<script> [8489 bytes]","args":[{"element-6066-11e4-a52e-4f735466cecf":"f.727CE9CF6895B2C759CBC992552C29E0.d.CE687615043E9FD7ECB43944BABD3556.e.14722","ELEMENT":"f.727CE9CF6895B2C759CBC992552C29E0.d.CE687615043E9FD7ECB43944BABD3556.e.14722"}]}
RESULT: {"script":"<script> [8489 bytes]","args":[{"element-6066-11e4-a52e-4f735466cecf":"f.727CE9CF6895B2C759CBC992552C29E0.d.CE687615043E9FD7ECB43944BABD3556.e.14722","ELEMENT":"f.727CE9CF6895B2C759CBC992552C29E0.d.CE687615043E9FD7ECB43944BABD3556.e.14722"}]}
COMMAND: GET /session/b171ef130127fc2a30c2632ea9d3abff/screenshot - {}
RESULT: {}
COMMAND: POST /session/b171ef130127fc2a30c2632ea9d3abff/execute/sync - {"script":"<script> [8489 bytes]","args":[{"element-6066-11e4-a52e-4f735466cecf":"f.727CE9CF6895B2C759CBC992552C29E0.d.CE687615043E9FD7ECB43944BABD3556.e.14722","ELEMENT":"f.727CE9CF6895B2C759CBC992552C29E0.d.CE687615043E9FD7ECB43944BABD3556.e.14722"}]}
RESULT: {"script":"<script> [8489 bytes]","args":[{"element-6066-11e4-a52e-4f735466cecf":"f.727CE9CF6895B2C759CBC992552C29E0.d.CE687615043E9FD7ECB43944BABD3556.e.14722","ELEMENT":"f.727CE9CF6895B2C759CBC992552C29E0.d.CE687615043E9FD7ECB43944BABD3556.e.14722"}]}
COMMAND: GET /session/b171ef130127fc2a30c2632ea9d3abff/screenshot - {}
RESULT: {}
COMMAND: POST /session/b171ef130127fc2a30c2632ea9d3abff/execute/sync - {"script":"<script> [8489 bytes]","args":[{"element-6066-11e4-a52e-4f735466cecf":"f.727CE9CF6895B2C759CBC992552C29E0.d.CE687615043E9FD7ECB43944BABD3556.e.14722","ELEMENT":"f.727CE9CF6895B2C759CBC992552C29E0.d.CE687615043E9FD7ECB43944BABD3556.e.14722"}]}
RESULT: {"script":"<script> [8489 bytes]","args":[{"element-6066-11e4-a52e-4f735466cecf":"f.727CE9CF6895B2C759CBC992552C29E0.d.CE687615043E9FD7ECB43944BABD3556.e.14722","ELEMENT":"f.727CE9CF6895B2C759CBC992552C29E0.d.CE687615043E9FD7ECB43944BABD3556.e.14722"}]}
COMMAND: GET /session/b171ef130127fc2a30c2632ea9d3abff/screenshot - {}
RESULT: {}
COMMAND: POST /session/b171ef130127fc2a30c2632ea9d3abff/execute/sync - {"script":"<script> [8489 bytes]","args":[{"element-6066-11e4-a52e-4f735466cecf":"f.727CE9CF6895B2C759CBC992552C29E0.d.CE687615043E9FD7ECB43944BABD3556.e.14722","ELEMENT":"f.727CE9CF6895B2C759CBC992552C29E0.d.CE687615043E9FD7ECB43944BABD3556.e.14722"}]}
RESULT: {"script":"<script> [8489 bytes]","args":[{"element-6066-11e4-a52e-4f735466cecf":"f.727CE9CF6895B2C759CBC992552C29E0.d.CE687615043E9FD7ECB43944BABD3556.e.14722","ELEMENT":"f.727CE9CF6895B2C759CBC992552C29E0.d.CE687615043E9FD7ECB43944BABD3556.e.14722"}]}
COMMAND: GET /session/b171ef130127fc2a30c2632ea9d3abff/screenshot - {}
RESULT: {}
COMMAND: POST /session/b171ef130127fc2a30c2632ea9d3abff/execute/sync - {"script":"<script> [8489 bytes]","args":[{"element-6066-11e4-a52e-4f735466cecf":"f.727CE9CF6895B2C759CBC992552C29E0.d.CE687615043E9FD7ECB43944BABD3556.e.14722","ELEMENT":"f.727CE9CF6895B2C759CBC992552C29E0.d.CE687615043E9FD7ECB43944BABD3556.e.14722"}]}
RESULT: {"script":"<script> [8489 bytes]","args":[{"element-6066-11e4-a52e-4f735466cecf":"f.727CE9CF6895B2C759CBC992552C29E0.d.CE687615043E9FD7ECB43944BABD3556.e.14722","ELEMENT":"f.727CE9CF6895B2C759CBC992552C29E0.d.CE687615043E9FD7ECB43944BABD3556.e.14722"}]}
COMMAND: GET /session/b171ef130127fc2a30c2632ea9d3abff/screenshot - {}
RESULT: {}
COMMAND: POST /session/b171ef130127fc2a30c2632ea9d3abff/execute/sync - {"script":"<script> [8489 bytes]","args":[{"element-6066-11e4-a52e-4f735466cecf":"f.727CE9CF6895B2C759CBC992552C29E0.d.CE687615043E9FD7ECB43944BABD3556.e.14722","ELEMENT":"f.727CE9CF6895B2C759CBC992552C29E0.d.CE687615043E9FD7ECB43944BABD3556.e.14722"}]}
RESULT: {"script":"<script> [8489 bytes]","args":[{"element-6066-11e4-a52e-4f735466cecf":"f.727CE9CF6895B2C759CBC992552C29E0.d.CE687615043E9FD7ECB43944BABD3556.e.14722","ELEMENT":"f.727CE9CF6895B2C759CBC992552C29E0.d.CE687615043E9FD7ECB43944BABD3556.e.14722"}]}
COMMAND: GET /session/b171ef130127fc2a30c2632ea9d3abff/screenshot - {}
RESULT: {}
COMMAND: POST /session/b171ef130127fc2a30c2632ea9d3abff/execute/sync - {"script":"<script> [8489 bytes]","args":[{"element-6066-11e4-a52e-4f735466cecf":"f.727CE9CF6895B2C759CBC992552C29E0.d.CE687615043E9FD7ECB43944BABD3556.e.14722","ELEMENT":"f.727CE9CF6895B2C759CBC992552C29E0.d.CE687615043E9FD7ECB43944BABD3556.e.14722"}]}
RESULT: {"script":"<script> [8489 bytes]","args":[{"element-6066-11e4-a52e-4f735466cecf":"f.727CE9CF6895B2C759CBC992552C29E0.d.CE687615043E9FD7ECB43944BABD3556.e.14722","ELEMENT":"f.727CE9CF6895B2C759CBC992552C29E0.d.CE687615043E9FD7ECB43944BABD3556.e.14722"}]}
COMMAND: GET /session/b171ef130127fc2a30c2632ea9d3abff/screenshot - {}
RESULT: {}
COMMAND: POST /session/b171ef130127fc2a30c2632ea9d3abff/execute/sync - {"script":"<script> [8489 bytes]","args":[{"element-6066-11e4-a52e-4f735466cecf":"f.727CE9CF6895B2C759CBC992552C29E0.d.CE687615043E9FD7ECB43944BABD3556.e.14722","ELEMENT":"f.727CE9CF6895B2C759CBC992552C29E0.d.CE687615043E9FD7ECB43944BABD3556.e.14722"}]}
RESULT: {"script":"<script> [8489 bytes]","args":[{"element-6066-11e4-a52e-4f735466cecf":"f.727CE9CF6895B2C759CBC992552C29E0.d.CE687615043E9FD7ECB43944BABD3556.e.14722","ELEMENT":"f.727CE9CF6895B2C759CBC992552C29E0.d.CE687615043E9FD7ECB43944BABD3556.e.14722"}]}
COMMAND: GET /session/b171ef130127fc2a30c2632ea9d3abff/screenshot - {}
RESULT: {}
COMMAND: POST /session/b171ef130127fc2a30c2632ea9d3abff/execute/sync - {"script":"<script> [8489 bytes]","args":[{"element-6066-11e4-a52e-4f735466cecf":"f.727CE9CF6895B2C759CBC992552C29E0.d.CE687615043E9FD7ECB43944BABD3556.e.14722","ELEMENT":"f.727CE9CF6895B2C759CBC992552C29E0.d.CE687615043E9FD7ECB43944BABD3556.e.14722"}]}
RESULT: {"script":"<script> [8489 bytes]","args":[{"element-6066-11e4-a52e-4f735466cecf":"f.727CE9CF6895B2C759CBC992552C29E0.d.CE687615043E9FD7ECB43944BABD3556.e.14722","ELEMENT":"f.727CE9CF6895B2C759CBC992552C29E0.d.CE687615043E9FD7ECB43944BABD3556.e.14722"}]}
COMMAND: GET /session/b171ef130127fc2a30c2632ea9d3abff/screenshot - {}
RESULT: {}
COMMAND: POST /session/b171ef130127fc2a30c2632ea9d3abff/execute/sync - {"script":"<script> [8489 bytes]","args":[{"element-6066-11e4-a52e-4f735466cecf":"f.727CE9CF6895B2C759CBC992552C29E0.d.CE687615043E9FD7ECB43944BABD3556.e.14722","ELEMENT":"f.727CE9CF6895B2C759CBC992552C29E0.d.CE687615043E9FD7ECB43944BABD3556.e.14722"}]}
RESULT: {"script":"<script> [8489 bytes]","args":[{"element-6066-11e4-a52e-4f735466cecf":"f.727CE9CF6895B2C759CBC992552C29E0.d.CE687615043E9FD7ECB43944BABD3556.e.14722","ELEMENT":"f.727CE9CF6895B2C759CBC992552C29E0.d.CE687615043E9FD7ECB43944BABD3556.e.14722"}]}
COMMAND: GET /session/b171ef130127fc2a30c2632ea9d3abff/screenshot - {}
RESULT: {}
COMMAND: POST /session/b171ef130127fc2a30c2632ea9d3abff/execute/sync - {"script":"<script> [8489 bytes]","args":[{"element-6066-11e4-a52e-4f735466cecf":"f.727CE9CF6895B2C759CBC992552C29E0.d.CE687615043E9FD7ECB43944BABD3556.e.14722","ELEMENT":"f.727CE9CF6895B2C759CBC992552C29E0.d.CE687615043E9FD7ECB43944BABD3556.e.14722"}]}
RESULT: {"script":"<script> [8489 bytes]","args":[{"element-6066-11e4-a52e-4f735466cecf":"f.727CE9CF6895B2C759CBC992552C29E0.d.CE687615043E9FD7ECB43944BABD3556.e.14722","ELEMENT":"f.727CE9CF6895B2C759CBC992552C29E0.d.CE687615043E9FD7ECB43944BABD3556.e.14722"}]}
COMMAND: GET /session/b171ef130127fc2a30c2632ea9d3abff/screenshot - {}
RESULT: {}
COMMAND: POST /session/b171ef130127fc2a30c2632ea9d3abff/execute/sync - {"script":"<script> [8489 bytes]","args":[{"element-6066-11e4-a52e-4f735466cecf":"f.727CE9CF6895B2C759CBC992552C29E0.d.CE687615043E9FD7ECB43944BABD3556.e.14722","ELEMENT":"f.727CE9CF6895B2C759CBC992552C29E0.d.CE687615043E9FD7ECB43944BABD3556.e.14722"}]}
RESULT: {"script":"<script> [8489 bytes]","args":[{"element-6066-11e4-a52e-4f735466cecf":"f.727CE9CF6895B2C759CBC992552C29E0.d.CE687615043E9FD7ECB43944BABD3556.e.14722","ELEMENT":"f.727CE9CF6895B2C759CBC992552C29E0.d.CE687615043E9FD7ECB43944BABD3556.e.14722"}]}
COMMAND: GET /session/b171ef130127fc2a30c2632ea9d3abff/screenshot - {}
RESULT: {}
COMMAND: POST /session/b171ef130127fc2a30c2632ea9d3abff/execute/sync - {"script":"<script> [8489 bytes]","args":[{"element-6066-11e4-a52e-4f735466cecf":"f.727CE9CF6895B2C759CBC992552C29E0.d.CE687615043E9FD7ECB43944BABD3556.e.14722","ELEMENT":"f.727CE9CF6895B2C759CBC992552C29E0.d.CE687615043E9FD7ECB43944BABD3556.e.14722"}]}
RESULT: {"script":"<script> [8489 bytes]","args":[{"element-6066-11e4-a52e-4f735466cecf":"f.727CE9CF6895B2C759CBC992552C29E0.d.CE687615043E9FD7ECB43944BABD3556.e.14722","ELEMENT":"f.727CE9CF6895B2C759CBC992552C29E0.d.CE687615043E9FD7ECB43944BABD3556.e.14722"}]}
COMMAND: GET /session/b171ef130127fc2a30c2632ea9d3abff/screenshot - {}
COMMAND: POST /session/b171ef130127fc2a30c2632ea9d3abff/execute/sync - {"script":"<script> [8489 bytes]","args":[{"element-6066-11e4-a52e-4f735466cecf":"f.727CE9CF6895B2C759CBC992552C29E0.d.CE687615043E9FD7ECB43944BABD3556.e.14722","ELEMENT":"f.727CE9CF6895B2C759CBC992552C29E0.d.CE687615043E9FD7ECB43944BABD3556.e.14722"}]}
RESULT: {}
RESULT: {"script":"<script> [8489 bytes]","args":[{"element-6066-11e4-a52e-4f735466cecf":"f.727CE9CF6895B2C759CBC992552C29E0.d.CE687615043E9FD7ECB43944BABD3556.e.14722","ELEMENT":"f.727CE9CF6895B2C759CBC992552C29E0.d.CE687615043E9FD7ECB43944BABD3556.e.14722"}]}
COMMAND: GET /session/b171ef130127fc2a30c2632ea9d3abff/screenshot - {}
RESULT: {}
COMMAND: POST /session/b171ef130127fc2a30c2632ea9d3abff/execute/sync - {"script":"<script> [8489 bytes]","args":[{"element-6066-11e4-a52e-4f735466cecf":"f.727CE9CF6895B2C759CBC992552C29E0.d.CE687615043E9FD7ECB43944BABD3556.e.14722","ELEMENT":"f.727CE9CF6895B2C759CBC992552C29E0.d.CE687615043E9FD7ECB43944BABD3556.e.14722"}]}
RESULT: {"script":"<script> [8489 bytes]","args":[{"element-6066-11e4-a52e-4f735466cecf":"f.727CE9CF6895B2C759CBC992552C29E0.d.CE687615043E9FD7ECB43944BABD3556.e.14722","ELEMENT":"f.727CE9CF6895B2C759CBC992552C29E0.d.CE687615043E9FD7ECB43944BABD3556.e.14722"}]}
COMMAND: GET /session/b171ef130127fc2a30c2632ea9d3abff/screenshot - {}
RESULT: {}
COMMAND: POST /session/b171ef130127fc2a30c2632ea9d3abff/execute/sync - {"script":"<script> [8489 bytes]","args":[{"element-6066-11e4-a52e-4f735466cecf":"f.727CE9CF6895B2C759CBC992552C29E0.d.CE687615043E9FD7ECB43944BABD3556.e.14722","ELEMENT":"f.727CE9CF6895B2C759CBC992552C29E0.d.CE687615043E9FD7ECB43944BABD3556.e.14722"}]}
RESULT: {"script":"<script> [8489 bytes]","args":[{"element-6066-11e4-a52e-4f735466cecf":"f.727CE9CF6895B2C759CBC992552C29E0.d.CE687615043E9FD7ECB43944BABD3556.e.14722","ELEMENT":"f.727CE9CF6895B2C759CBC992552C29E0.d.CE687615043E9FD7ECB43944BABD3556.e.14722"}]}
COMMAND: GET /session/b171ef130127fc2a30c2632ea9d3abff/screenshot - {}
RESULT: {}
COMMAND: POST /session/b171ef130127fc2a30c2632ea9d3abff/execute/sync - {"script":"<script> [8489 bytes]","args":[{"element-6066-11e4-a52e-4f735466cecf":"f.727CE9CF6895B2C759CBC992552C29E0.d.CE687615043E9FD7ECB43944BABD3556.e.14722","ELEMENT":"f.727CE9CF6895B2C759CBC992552C29E0.d.CE687615043E9FD7ECB43944BABD3556.e.14722"}]}
RESULT: {"script":"<script> [8489 bytes]","args":[{"element-6066-11e4-a52e-4f735466cecf":"f.727CE9CF6895B2C759CBC992552C29E0.d.CE687615043E9FD7ECB43944BABD3556.e.14722","ELEMENT":"f.727CE9CF6895B2C759CBC992552C29E0.d.CE687615043E9FD7ECB43944BABD3556.e.14722"}]}
COMMAND: GET /session/b171ef130127fc2a30c2632ea9d3abff/screenshot - {}
RESULT: {}
COMMAND: POST /session/b171ef130127fc2a30c2632ea9d3abff/execute/sync - {"script":"<script> [8489 bytes]","args":[{"element-6066-11e4-a52e-4f735466cecf":"f.727CE9CF6895B2C759CBC992552C29E0.d.CE687615043E9FD7ECB43944BABD3556.e.14722","ELEMENT":"f.727CE9CF6895B2C759CBC992552C29E0.d.CE687615043E9FD7ECB43944BABD3556.e.14722"}]}
RESULT: {"script":"<script> [8489 bytes]","args":[{"element-6066-11e4-a52e-4f735466cecf":"f.727CE9CF6895B2C759CBC992552C29E0.d.CE687615043E9FD7ECB43944BABD3556.e.14722","ELEMENT":"f.727CE9CF6895B2C759CBC992552C29E0.d.CE687615043E9FD7ECB43944BABD3556.e.14722"}]}
COMMAND: GET /session/b171ef130127fc2a30c2632ea9d3abff/screenshot - {}
RESULT: {}
COMMAND: POST /session/b171ef130127fc2a30c2632ea9d3abff/execute/sync - {"script":"<script> [8489 bytes]","args":[{"element-6066-11e4-a52e-4f735466cecf":"f.727CE9CF6895B2C759CBC992552C29E0.d.CE687615043E9FD7ECB43944BABD3556.e.14722","ELEMENT":"f.727CE9CF6895B2C759CBC992552C29E0.d.CE687615043E9FD7ECB43944BABD3556.e.14722"}]}
RESULT: {"script":"<script> [8489 bytes]","args":[{"element-6066-11e4-a52e-4f735466cecf":"f.727CE9CF6895B2C759CBC992552C29E0.d.CE687615043E9FD7ECB43944BABD3556.e.14722","ELEMENT":"f.727CE9CF6895B2C759CBC992552C29E0.d.CE687615043E9FD7ECB43944BABD3556.e.14722"}]}
COMMAND: GET /session/b171ef130127fc2a30c2632ea9d3abff/screenshot - {}
RESULT: {}
COMMAND: POST /session/b171ef130127fc2a30c2632ea9d3abff/execute/sync - {"script":"<script> [8489 bytes]","args":[{"element-6066-11e4-a52e-4f735466cecf":"f.727CE9CF6895B2C759CBC992552C29E0.d.CE687615043E9FD7ECB43944BABD3556.e.14722","ELEMENT":"f.727CE9CF6895B2C759CBC992552C29E0.d.CE687615043E9FD7ECB43944BABD3556.e.14722"}]}
]]></system-out>
    </testcase>
    <testcase classname="chrome.135_0_7049_115.windows.Provide_to_Site_w/_warehouse_management_wo_clarification" name="Should Test for Handover Execution" time="213.8">
      <system-out><![CDATA[
RESULT: {"script":"<script> [8489 bytes]","args":[{"element-6066-11e4-a52e-4f735466cecf":"f.727CE9CF6895B2C759CBC992552C29E0.d.CE687615043E9FD7ECB43944BABD3556.e.14722","ELEMENT":"f.727CE9CF6895B2C759CBC992552C29E0.d.CE687615043E9FD7ECB43944BABD3556.e.14722"}]}
COMMAND: GET /session/b171ef130127fc2a30c2632ea9d3abff/screenshot - {}
RESULT: {}
COMMAND: POST /session/b171ef130127fc2a30c2632ea9d3abff/execute/async - {"script":"<script> [1562 bytes]","args":[{"selector":{"controlType":"sap.m.Link","viewName":"etm.portal.ui.managehandovers.view.DetailExecuteHO","bindingPath":{"path":"","propertyPath":"/wmDoc","modelName":"warehouseMovModel"}},"wdio_ui5_key":"etmportal.ui.managehandovers.view.DetailExecuteHOsap.m.Link{\"path\":\"\",\"propertyPath\":\"/wmDoc\",\"modelName\":\"warehouseMovModel\"}"}]}
RESULT: {"script":"<script> [1562 bytes]","args":[{"selector":{"controlType":"sap.m.Link","viewName":"etm.portal.ui.managehandovers.view.DetailExecuteHO","bindingPath":{"path":"","propertyPath":"/wmDoc","modelName":"warehouseMovModel"}},"wdio_ui5_key":"etmportal.ui.managehandovers.view.DetailExecuteHOsap.m.Link{\"path\":\"\",\"propertyPath\":\"/wmDoc\",\"modelName\":\"warehouseMovModel\"}"}]}
RESULT: undefined
COMMAND: POST /session/b171ef130127fc2a30c2632ea9d3abff/element - {"using":"xpath","value":"//*[@id=\"__link93\"]"}
RESULT: {"using":"xpath","value":"//*[@id=\"__link93\"]"}
COMMAND: POST /session/b171ef130127fc2a30c2632ea9d3abff/element/f.727CE9CF6895B2C759CBC992552C29E0.d.CE687615043E9FD7ECB43944BABD3556.e.14724/click - {}
RESULT: {}
COMMAND: GET /session/b171ef130127fc2a30c2632ea9d3abff/screenshot - {}
RESULT: {}
COMMAND: POST /session/b171ef130127fc2a30c2632ea9d3abff/execute/async - {"script":"<script> [1562 bytes]","args":[{"selector":{"controlType":"sap.m.Link","viewName":"etm.portal.ui.managehandovers.view.DetailExecuteHO","properties":{"text":"Warehouse Overview"},"searchOpenDialogs":true},"wdio_ui5_key":"etmportal.ui.managehandovers.view.DetailExecuteHOsap.m.Link{\"text\":\"Warehouse Overview\"}"}]}
RESULT: {"script":"<script> [1562 bytes]","args":[{"selector":{"controlType":"sap.m.Link","viewName":"etm.portal.ui.managehandovers.view.DetailExecuteHO","properties":{"text":"Warehouse Overview"},"searchOpenDialogs":true},"wdio_ui5_key":"etmportal.ui.managehandovers.view.DetailExecuteHOsap.m.Link{\"text\":\"Warehouse Overview\"}"}]}
RESULT: undefined
COMMAND: POST /session/b171ef130127fc2a30c2632ea9d3abff/element - {"using":"xpath","value":"//*[@id=\"__link108\"]"}
RESULT: {"using":"xpath","value":"//*[@id=\"__link108\"]"}
COMMAND: POST /session/b171ef130127fc2a30c2632ea9d3abff/element/f.727CE9CF6895B2C759CBC992552C29E0.d.CE687615043E9FD7ECB43944BABD3556.e.14726/click - {}
RESULT: {}
COMMAND: POST /session/b171ef130127fc2a30c2632ea9d3abff/execute/async - {"script":"<script> [1562 bytes]","args":[{"selector":{"controlType":"sap.m.Button","viewName":"etm.portal.ui.warehousemovements.view.DisplayMovement","viewId":"application-warehousemovements-display-component---displayMovement","i18NText":{"propertyName":"text","key":"execution"},"interaction":{"idSuffix":"BDI-content"}},"wdio_ui5_key":"etmportal.ui.warehousemovements.view.DisplayMovementsap.m.Button{\"propertyName\":\"text\",\"key\":\"execution\"}"}]}
COMMAND: GET /session/b171ef130127fc2a30c2632ea9d3abff/screenshot - {}
RESULT: {"script":"<script> [1562 bytes]","args":[{"selector":{"controlType":"sap.m.Button","viewName":"etm.portal.ui.warehousemovements.view.DisplayMovement","viewId":"application-warehousemovements-display-component---displayMovement","i18NText":{"propertyName":"text","key":"execution"},"interaction":{"idSuffix":"BDI-content"}},"wdio_ui5_key":"etmportal.ui.warehousemovements.view.DisplayMovementsap.m.Button{\"propertyName\":\"text\",\"key\":\"execution\"}"}]}
RESULT: undefined
COMMAND: POST /session/b171ef130127fc2a30c2632ea9d3abff/element - {"using":"xpath","value":"//*[@id=\"__button402\"]"}
RESULT: {}
RESULT: {"using":"xpath","value":"//*[@id=\"__button402\"]"}
COMMAND: POST /session/b171ef130127fc2a30c2632ea9d3abff/element/f.727CE9CF6895B2C759CBC992552C29E0.d.CE687615043E9FD7ECB43944BABD3556.e.14847/click - {}
RESULT: {}
COMMAND: POST /session/b171ef130127fc2a30c2632ea9d3abff/execute/async - {"script":"<script> [1562 bytes]","args":[{"selector":{"controlType":"sap.m.Button","viewName":"etm.portal.ui.warehousemovements.view.ExecuteMovement","viewId":"application-warehousemovements-display-component---executeMovement","properties":{"text":"Items"},"interaction":{"idSuffix":"BDI-content"}},"wdio_ui5_key":"etmportal.ui.warehousemovements.view.ExecuteMovementsap.m.Button{\"text\":\"Items\"}"}]}
COMMAND: GET /session/b171ef130127fc2a30c2632ea9d3abff/screenshot - {}
RESULT: {"script":"<script> [1562 bytes]","args":[{"selector":{"controlType":"sap.m.Button","viewName":"etm.portal.ui.warehousemovements.view.ExecuteMovement","viewId":"application-warehousemovements-display-component---executeMovement","properties":{"text":"Items"},"interaction":{"idSuffix":"BDI-content"}},"wdio_ui5_key":"etmportal.ui.warehousemovements.view.ExecuteMovementsap.m.Button{\"text\":\"Items\"}"}]}
RESULT: undefined
COMMAND: POST /session/b171ef130127fc2a30c2632ea9d3abff/element - {"using":"xpath","value":"//*[@id=\"__layout489-anchBar-application-warehousemovements-display-component---executeMovement--itemsSection-anchor\"]"}
RESULT: {}
RESULT: {"using":"xpath","value":"//*[@id=\"__layout489-anchBar-application-warehousemovements-display-component---executeMovement--itemsSection-anchor\"]"}
COMMAND: POST /session/b171ef130127fc2a30c2632ea9d3abff/element/f.727CE9CF6895B2C759CBC992552C29E0.d.CE687615043E9FD7ECB43944BABD3556.e.14945/click - {}
RESULT: {}
COMMAND: POST /session/b171ef130127fc2a30c2632ea9d3abff/element - {"using":"xpath","value":"//*[text()='Pick From Warehouse']"}
COMMAND: GET /session/b171ef130127fc2a30c2632ea9d3abff/screenshot - {}
RESULT: {"using":"xpath","value":"//*[text()='Pick From Warehouse']"}
COMMAND: POST /session/b171ef130127fc2a30c2632ea9d3abff/elements - {"using":"xpath","value":"//*[text()='Pick From Warehouse']"}
RESULT: {}
RESULT: {"using":"xpath","value":"//*[text()='Pick From Warehouse']"}
COMMAND: POST /session/b171ef130127fc2a30c2632ea9d3abff/elements - {"using":"xpath","value":"//*[text()='Pick From Warehouse']"}
RESULT: {"using":"xpath","value":"//*[text()='Pick From Warehouse']"}
COMMAND: POST /session/b171ef130127fc2a30c2632ea9d3abff/elements - {"using":"xpath","value":"//*[text()='Pick From Warehouse']"}
RESULT: {"using":"xpath","value":"//*[text()='Pick From Warehouse']"}
COMMAND: POST /session/b171ef130127fc2a30c2632ea9d3abff/elements - {"using":"xpath","value":"//*[text()='Pick From Warehouse']"}
RESULT: {"using":"xpath","value":"//*[text()='Pick From Warehouse']"}
COMMAND: POST /session/b171ef130127fc2a30c2632ea9d3abff/elements - {"using":"xpath","value":"//*[text()='Pick From Warehouse']"}
RESULT: {"using":"xpath","value":"//*[text()='Pick From Warehouse']"}
COMMAND: POST /session/b171ef130127fc2a30c2632ea9d3abff/elements - {"using":"xpath","value":"//*[text()='Pick From Warehouse']"}
RESULT: {"using":"xpath","value":"//*[text()='Pick From Warehouse']"}
COMMAND: POST /session/b171ef130127fc2a30c2632ea9d3abff/elements - {"using":"xpath","value":"//*[text()='Pick From Warehouse']"}
RESULT: {"using":"xpath","value":"//*[text()='Pick From Warehouse']"}
COMMAND: POST /session/b171ef130127fc2a30c2632ea9d3abff/elements - {"using":"xpath","value":"//*[text()='Pick From Warehouse']"}
RESULT: {"using":"xpath","value":"//*[text()='Pick From Warehouse']"}
COMMAND: POST /session/b171ef130127fc2a30c2632ea9d3abff/elements - {"using":"xpath","value":"//*[text()='Pick From Warehouse']"}
RESULT: {"using":"xpath","value":"//*[text()='Pick From Warehouse']"}
COMMAND: POST /session/b171ef130127fc2a30c2632ea9d3abff/elements - {"using":"xpath","value":"//*[text()='Pick From Warehouse']"}
RESULT: {"using":"xpath","value":"//*[text()='Pick From Warehouse']"}
COMMAND: POST /session/b171ef130127fc2a30c2632ea9d3abff/elements - {"using":"xpath","value":"//*[text()='Pick From Warehouse']"}
RESULT: {"using":"xpath","value":"//*[text()='Pick From Warehouse']"}
COMMAND: POST /session/b171ef130127fc2a30c2632ea9d3abff/elements - {"using":"xpath","value":"//*[text()='Pick From Warehouse']"}
RESULT: {"using":"xpath","value":"//*[text()='Pick From Warehouse']"}
COMMAND: POST /session/b171ef130127fc2a30c2632ea9d3abff/elements - {"using":"xpath","value":"//*[text()='Pick From Warehouse']"}
RESULT: {"using":"xpath","value":"//*[text()='Pick From Warehouse']"}
COMMAND: POST /session/b171ef130127fc2a30c2632ea9d3abff/elements - {"using":"xpath","value":"//*[text()='Pick From Warehouse']"}
RESULT: {"using":"xpath","value":"//*[text()='Pick From Warehouse']"}
COMMAND: POST /session/b171ef130127fc2a30c2632ea9d3abff/elements - {"using":"xpath","value":"//*[text()='Pick From Warehouse']"}
RESULT: {"using":"xpath","value":"//*[text()='Pick From Warehouse']"}
COMMAND: POST /session/b171ef130127fc2a30c2632ea9d3abff/elements - {"using":"xpath","value":"//*[text()='Pick From Warehouse']"}
RESULT: {"using":"xpath","value":"//*[text()='Pick From Warehouse']"}
COMMAND: POST /session/b171ef130127fc2a30c2632ea9d3abff/elements - {"using":"xpath","value":"//*[text()='Pick From Warehouse']"}
RESULT: {"using":"xpath","value":"//*[text()='Pick From Warehouse']"}
COMMAND: POST /session/b171ef130127fc2a30c2632ea9d3abff/elements - {"using":"xpath","value":"//*[text()='Pick From Warehouse']"}
RESULT: {"using":"xpath","value":"//*[text()='Pick From Warehouse']"}
COMMAND: POST /session/b171ef130127fc2a30c2632ea9d3abff/elements - {"using":"xpath","value":"//*[text()='Pick From Warehouse']"}
RESULT: {"using":"xpath","value":"//*[text()='Pick From Warehouse']"}
COMMAND: POST /session/b171ef130127fc2a30c2632ea9d3abff/elements - {"using":"xpath","value":"//*[text()='Pick From Warehouse']"}
RESULT: {"using":"xpath","value":"//*[text()='Pick From Warehouse']"}
COMMAND: POST /session/b171ef130127fc2a30c2632ea9d3abff/elements - {"using":"xpath","value":"//*[text()='Pick From Warehouse']"}
RESULT: {"using":"xpath","value":"//*[text()='Pick From Warehouse']"}
COMMAND: POST /session/b171ef130127fc2a30c2632ea9d3abff/elements - {"using":"xpath","value":"//*[text()='Pick From Warehouse']"}
RESULT: {"using":"xpath","value":"//*[text()='Pick From Warehouse']"}
COMMAND: POST /session/b171ef130127fc2a30c2632ea9d3abff/elements - {"using":"xpath","value":"//*[text()='Pick From Warehouse']"}
RESULT: {"using":"xpath","value":"//*[text()='Pick From Warehouse']"}
COMMAND: POST /session/b171ef130127fc2a30c2632ea9d3abff/elements - {"using":"xpath","value":"//*[text()='Pick From Warehouse']"}
RESULT: {"using":"xpath","value":"//*[text()='Pick From Warehouse']"}
COMMAND: POST /session/b171ef130127fc2a30c2632ea9d3abff/elements - {"using":"xpath","value":"//*[text()='Pick From Warehouse']"}
RESULT: {"using":"xpath","value":"//*[text()='Pick From Warehouse']"}
COMMAND: POST /session/b171ef130127fc2a30c2632ea9d3abff/elements - {"using":"xpath","value":"//*[text()='Pick From Warehouse']"}
RESULT: {"using":"xpath","value":"//*[text()='Pick From Warehouse']"}
COMMAND: POST /session/b171ef130127fc2a30c2632ea9d3abff/elements - {"using":"xpath","value":"//*[text()='Pick From Warehouse']"}
RESULT: {"using":"xpath","value":"//*[text()='Pick From Warehouse']"}
COMMAND: POST /session/b171ef130127fc2a30c2632ea9d3abff/elements - {"using":"xpath","value":"//*[text()='Pick From Warehouse']"}
RESULT: {"using":"xpath","value":"//*[text()='Pick From Warehouse']"}
COMMAND: POST /session/b171ef130127fc2a30c2632ea9d3abff/elements - {"using":"xpath","value":"//*[text()='Pick From Warehouse']"}
RESULT: {"using":"xpath","value":"//*[text()='Pick From Warehouse']"}
COMMAND: POST /session/b171ef130127fc2a30c2632ea9d3abff/elements - {"using":"xpath","value":"//*[text()='Pick From Warehouse']"}
RESULT: {"using":"xpath","value":"//*[text()='Pick From Warehouse']"}
COMMAND: POST /session/b171ef130127fc2a30c2632ea9d3abff/elements - {"using":"xpath","value":"//*[text()='Pick From Warehouse']"}
RESULT: {"using":"xpath","value":"//*[text()='Pick From Warehouse']"}
COMMAND: POST /session/b171ef130127fc2a30c2632ea9d3abff/elements - {"using":"xpath","value":"//*[text()='Pick From Warehouse']"}
RESULT: {"using":"xpath","value":"//*[text()='Pick From Warehouse']"}
COMMAND: POST /session/b171ef130127fc2a30c2632ea9d3abff/elements - {"using":"xpath","value":"//*[text()='Pick From Warehouse']"}
RESULT: {"using":"xpath","value":"//*[text()='Pick From Warehouse']"}
COMMAND: POST /session/b171ef130127fc2a30c2632ea9d3abff/elements - {"using":"xpath","value":"//*[text()='Pick From Warehouse']"}
RESULT: {"using":"xpath","value":"//*[text()='Pick From Warehouse']"}
COMMAND: POST /session/b171ef130127fc2a30c2632ea9d3abff/elements - {"using":"xpath","value":"//*[text()='Pick From Warehouse']"}
RESULT: {"using":"xpath","value":"//*[text()='Pick From Warehouse']"}
COMMAND: POST /session/b171ef130127fc2a30c2632ea9d3abff/elements - {"using":"xpath","value":"//*[text()='Pick From Warehouse']"}
RESULT: {"using":"xpath","value":"//*[text()='Pick From Warehouse']"}
COMMAND: POST /session/b171ef130127fc2a30c2632ea9d3abff/elements - {"using":"xpath","value":"//*[text()='Pick From Warehouse']"}
RESULT: {"using":"xpath","value":"//*[text()='Pick From Warehouse']"}
COMMAND: POST /session/b171ef130127fc2a30c2632ea9d3abff/elements - {"using":"xpath","value":"//*[text()='Pick From Warehouse']"}
RESULT: {"using":"xpath","value":"//*[text()='Pick From Warehouse']"}
COMMAND: POST /session/b171ef130127fc2a30c2632ea9d3abff/elements - {"using":"xpath","value":"//*[text()='Pick From Warehouse']"}
RESULT: {"using":"xpath","value":"//*[text()='Pick From Warehouse']"}
COMMAND: POST /session/b171ef130127fc2a30c2632ea9d3abff/elements - {"using":"xpath","value":"//*[text()='Pick From Warehouse']"}
RESULT: {"using":"xpath","value":"//*[text()='Pick From Warehouse']"}
COMMAND: POST /session/b171ef130127fc2a30c2632ea9d3abff/elements - {"using":"xpath","value":"//*[text()='Pick From Warehouse']"}
RESULT: {"using":"xpath","value":"//*[text()='Pick From Warehouse']"}
COMMAND: POST /session/b171ef130127fc2a30c2632ea9d3abff/elements - {"using":"xpath","value":"//*[text()='Pick From Warehouse']"}
RESULT: {"using":"xpath","value":"//*[text()='Pick From Warehouse']"}
COMMAND: POST /session/b171ef130127fc2a30c2632ea9d3abff/elements - {"using":"xpath","value":"//*[text()='Pick From Warehouse']"}
RESULT: {"using":"xpath","value":"//*[text()='Pick From Warehouse']"}
COMMAND: POST /session/b171ef130127fc2a30c2632ea9d3abff/elements - {"using":"xpath","value":"//*[text()='Pick From Warehouse']"}
RESULT: {"using":"xpath","value":"//*[text()='Pick From Warehouse']"}
COMMAND: POST /session/b171ef130127fc2a30c2632ea9d3abff/elements - {"using":"xpath","value":"//*[text()='Pick From Warehouse']"}
RESULT: {"using":"xpath","value":"//*[text()='Pick From Warehouse']"}
COMMAND: POST /session/b171ef130127fc2a30c2632ea9d3abff/elements - {"using":"xpath","value":"//*[text()='Pick From Warehouse']"}
RESULT: {"using":"xpath","value":"//*[text()='Pick From Warehouse']"}
COMMAND: POST /session/b171ef130127fc2a30c2632ea9d3abff/elements - {"using":"xpath","value":"//*[text()='Pick From Warehouse']"}
RESULT: {"using":"xpath","value":"//*[text()='Pick From Warehouse']"}
COMMAND: POST /session/b171ef130127fc2a30c2632ea9d3abff/elements - {"using":"xpath","value":"//*[text()='Pick From Warehouse']"}
RESULT: {"using":"xpath","value":"//*[text()='Pick From Warehouse']"}
COMMAND: POST /session/b171ef130127fc2a30c2632ea9d3abff/elements - {"using":"xpath","value":"//*[text()='Pick From Warehouse']"}
RESULT: {"using":"xpath","value":"//*[text()='Pick From Warehouse']"}
COMMAND: POST /session/b171ef130127fc2a30c2632ea9d3abff/elements - {"using":"xpath","value":"//*[text()='Pick From Warehouse']"}
RESULT: {"using":"xpath","value":"//*[text()='Pick From Warehouse']"}
COMMAND: POST /session/b171ef130127fc2a30c2632ea9d3abff/elements - {"using":"xpath","value":"//*[text()='Pick From Warehouse']"}
RESULT: {"using":"xpath","value":"//*[text()='Pick From Warehouse']"}
COMMAND: POST /session/b171ef130127fc2a30c2632ea9d3abff/elements - {"using":"xpath","value":"//*[text()='Pick From Warehouse']"}
RESULT: {"using":"xpath","value":"//*[text()='Pick From Warehouse']"}
COMMAND: POST /session/b171ef130127fc2a30c2632ea9d3abff/elements - {"using":"xpath","value":"//*[text()='Pick From Warehouse']"}
RESULT: {"using":"xpath","value":"//*[text()='Pick From Warehouse']"}
COMMAND: POST /session/b171ef130127fc2a30c2632ea9d3abff/elements - {"using":"xpath","value":"//*[text()='Pick From Warehouse']"}
RESULT: {"using":"xpath","value":"//*[text()='Pick From Warehouse']"}
COMMAND: POST /session/b171ef130127fc2a30c2632ea9d3abff/elements - {"using":"xpath","value":"//*[text()='Pick From Warehouse']"}
RESULT: {"using":"xpath","value":"//*[text()='Pick From Warehouse']"}
COMMAND: POST /session/b171ef130127fc2a30c2632ea9d3abff/elements - {"using":"xpath","value":"//*[text()='Pick From Warehouse']"}
RESULT: {"using":"xpath","value":"//*[text()='Pick From Warehouse']"}
COMMAND: POST /session/b171ef130127fc2a30c2632ea9d3abff/elements - {"using":"xpath","value":"//*[text()='Pick From Warehouse']"}
RESULT: {"using":"xpath","value":"//*[text()='Pick From Warehouse']"}
COMMAND: POST /session/b171ef130127fc2a30c2632ea9d3abff/elements - {"using":"xpath","value":"//*[text()='Pick From Warehouse']"}
RESULT: {"using":"xpath","value":"//*[text()='Pick From Warehouse']"}
COMMAND: POST /session/b171ef130127fc2a30c2632ea9d3abff/elements - {"using":"xpath","value":"//*[text()='Pick From Warehouse']"}
RESULT: {"using":"xpath","value":"//*[text()='Pick From Warehouse']"}
COMMAND: POST /session/b171ef130127fc2a30c2632ea9d3abff/elements - {"using":"xpath","value":"//*[text()='Pick From Warehouse']"}
RESULT: {"using":"xpath","value":"//*[text()='Pick From Warehouse']"}
COMMAND: POST /session/b171ef130127fc2a30c2632ea9d3abff/elements - {"using":"xpath","value":"//*[text()='Pick From Warehouse']"}
RESULT: {"using":"xpath","value":"//*[text()='Pick From Warehouse']"}
COMMAND: POST /session/b171ef130127fc2a30c2632ea9d3abff/elements - {"using":"xpath","value":"//*[text()='Pick From Warehouse']"}
RESULT: {"using":"xpath","value":"//*[text()='Pick From Warehouse']"}
COMMAND: POST /session/b171ef130127fc2a30c2632ea9d3abff/elements - {"using":"xpath","value":"//*[text()='Pick From Warehouse']"}
RESULT: {"using":"xpath","value":"//*[text()='Pick From Warehouse']"}
COMMAND: POST /session/b171ef130127fc2a30c2632ea9d3abff/elements - {"using":"xpath","value":"//*[text()='Pick From Warehouse']"}
RESULT: {"using":"xpath","value":"//*[text()='Pick From Warehouse']"}
COMMAND: POST /session/b171ef130127fc2a30c2632ea9d3abff/elements - {"using":"xpath","value":"//*[text()='Pick From Warehouse']"}
RESULT: {"using":"xpath","value":"//*[text()='Pick From Warehouse']"}
COMMAND: POST /session/b171ef130127fc2a30c2632ea9d3abff/elements - {"using":"xpath","value":"//*[text()='Pick From Warehouse']"}
RESULT: {"using":"xpath","value":"//*[text()='Pick From Warehouse']"}
COMMAND: POST /session/b171ef130127fc2a30c2632ea9d3abff/elements - {"using":"xpath","value":"//*[text()='Pick From Warehouse']"}
RESULT: {"using":"xpath","value":"//*[text()='Pick From Warehouse']"}
COMMAND: POST /session/b171ef130127fc2a30c2632ea9d3abff/elements - {"using":"xpath","value":"//*[text()='Pick From Warehouse']"}
RESULT: {"using":"xpath","value":"//*[text()='Pick From Warehouse']"}
COMMAND: POST /session/b171ef130127fc2a30c2632ea9d3abff/elements - {"using":"xpath","value":"//*[text()='Pick From Warehouse']"}
RESULT: {"using":"xpath","value":"//*[text()='Pick From Warehouse']"}
COMMAND: POST /session/b171ef130127fc2a30c2632ea9d3abff/elements - {"using":"xpath","value":"//*[text()='Pick From Warehouse']"}
RESULT: {"using":"xpath","value":"//*[text()='Pick From Warehouse']"}
COMMAND: POST /session/b171ef130127fc2a30c2632ea9d3abff/elements - {"using":"xpath","value":"//*[text()='Pick From Warehouse']"}
RESULT: {"using":"xpath","value":"//*[text()='Pick From Warehouse']"}
COMMAND: POST /session/b171ef130127fc2a30c2632ea9d3abff/elements - {"using":"xpath","value":"//*[text()='Pick From Warehouse']"}
RESULT: {"using":"xpath","value":"//*[text()='Pick From Warehouse']"}
COMMAND: POST /session/b171ef130127fc2a30c2632ea9d3abff/elements - {"using":"xpath","value":"//*[text()='Pick From Warehouse']"}
RESULT: {"using":"xpath","value":"//*[text()='Pick From Warehouse']"}
COMMAND: POST /session/b171ef130127fc2a30c2632ea9d3abff/elements - {"using":"xpath","value":"//*[text()='Pick From Warehouse']"}
RESULT: {"using":"xpath","value":"//*[text()='Pick From Warehouse']"}
COMMAND: POST /session/b171ef130127fc2a30c2632ea9d3abff/elements - {"using":"xpath","value":"//*[text()='Pick From Warehouse']"}
RESULT: {"using":"xpath","value":"//*[text()='Pick From Warehouse']"}
COMMAND: POST /session/b171ef130127fc2a30c2632ea9d3abff/elements - {"using":"xpath","value":"//*[text()='Pick From Warehouse']"}
RESULT: {"using":"xpath","value":"//*[text()='Pick From Warehouse']"}
COMMAND: POST /session/b171ef130127fc2a30c2632ea9d3abff/elements - {"using":"xpath","value":"//*[text()='Pick From Warehouse']"}
RESULT: {"using":"xpath","value":"//*[text()='Pick From Warehouse']"}
COMMAND: POST /session/b171ef130127fc2a30c2632ea9d3abff/elements - {"using":"xpath","value":"//*[text()='Pick From Warehouse']"}
RESULT: {"using":"xpath","value":"//*[text()='Pick From Warehouse']"}
COMMAND: POST /session/b171ef130127fc2a30c2632ea9d3abff/elements - {"using":"xpath","value":"//*[text()='Pick From Warehouse']"}
RESULT: {"using":"xpath","value":"//*[text()='Pick From Warehouse']"}
COMMAND: POST /session/b171ef130127fc2a30c2632ea9d3abff/elements - {"using":"xpath","value":"//*[text()='Pick From Warehouse']"}
RESULT: {"using":"xpath","value":"//*[text()='Pick From Warehouse']"}
COMMAND: POST /session/b171ef130127fc2a30c2632ea9d3abff/elements - {"using":"xpath","value":"//*[text()='Pick From Warehouse']"}
RESULT: {"using":"xpath","value":"//*[text()='Pick From Warehouse']"}
COMMAND: POST /session/b171ef130127fc2a30c2632ea9d3abff/elements - {"using":"xpath","value":"//*[text()='Pick From Warehouse']"}
RESULT: {"using":"xpath","value":"//*[text()='Pick From Warehouse']"}
COMMAND: POST /session/b171ef130127fc2a30c2632ea9d3abff/elements - {"using":"xpath","value":"//*[text()='Pick From Warehouse']"}
RESULT: {"using":"xpath","value":"//*[text()='Pick From Warehouse']"}
COMMAND: POST /session/b171ef130127fc2a30c2632ea9d3abff/elements - {"using":"xpath","value":"//*[text()='Pick From Warehouse']"}
RESULT: {"using":"xpath","value":"//*[text()='Pick From Warehouse']"}
COMMAND: POST /session/b171ef130127fc2a30c2632ea9d3abff/elements - {"using":"xpath","value":"//*[text()='Pick From Warehouse']"}
RESULT: {"using":"xpath","value":"//*[text()='Pick From Warehouse']"}
COMMAND: POST /session/b171ef130127fc2a30c2632ea9d3abff/elements - {"using":"xpath","value":"//*[text()='Pick From Warehouse']"}
RESULT: {"using":"xpath","value":"//*[text()='Pick From Warehouse']"}
COMMAND: POST /session/b171ef130127fc2a30c2632ea9d3abff/elements - {"using":"xpath","value":"//*[text()='Pick From Warehouse']"}
RESULT: {"using":"xpath","value":"//*[text()='Pick From Warehouse']"}
COMMAND: POST /session/b171ef130127fc2a30c2632ea9d3abff/elements - {"using":"xpath","value":"//*[text()='Pick From Warehouse']"}
RESULT: {"using":"xpath","value":"//*[text()='Pick From Warehouse']"}
COMMAND: POST /session/b171ef130127fc2a30c2632ea9d3abff/elements - {"using":"xpath","value":"//*[text()='Pick From Warehouse']"}
RESULT: {"using":"xpath","value":"//*[text()='Pick From Warehouse']"}
COMMAND: POST /session/b171ef130127fc2a30c2632ea9d3abff/elements - {"using":"xpath","value":"//*[text()='Pick From Warehouse']"}
RESULT: {"using":"xpath","value":"//*[text()='Pick From Warehouse']"}
COMMAND: POST /session/b171ef130127fc2a30c2632ea9d3abff/elements - {"using":"xpath","value":"//*[text()='Pick From Warehouse']"}
RESULT: {"using":"xpath","value":"//*[text()='Pick From Warehouse']"}
COMMAND: POST /session/b171ef130127fc2a30c2632ea9d3abff/elements - {"using":"xpath","value":"//*[text()='Close']"}
RESULT: {"using":"xpath","value":"//*[text()='Close']"}
COMMAND: GET /session/b171ef130127fc2a30c2632ea9d3abff/element/f.727CE9CF6895B2C759CBC992552C29E0.d.CE687615043E9FD7ECB43944BABD3556.e.14950/enabled - {}
RESULT: {}
COMMAND: POST /session/b171ef130127fc2a30c2632ea9d3abff/execute/sync - {"script":"<script> [8489 bytes]","args":[{"element-6066-11e4-a52e-4f735466cecf":"f.727CE9CF6895B2C759CBC992552C29E0.d.CE687615043E9FD7ECB43944BABD3556.e.14950","ELEMENT":"f.727CE9CF6895B2C759CBC992552C29E0.d.CE687615043E9FD7ECB43944BABD3556.e.14950"}]}
COMMAND: GET /session/b171ef130127fc2a30c2632ea9d3abff/screenshot - {}
RESULT: {"script":"<script> [8489 bytes]","args":[{"element-6066-11e4-a52e-4f735466cecf":"f.727CE9CF6895B2C759CBC992552C29E0.d.CE687615043E9FD7ECB43944BABD3556.e.14950","ELEMENT":"f.727CE9CF6895B2C759CBC992552C29E0.d.CE687615043E9FD7ECB43944BABD3556.e.14950"}]}
COMMAND: GET /session/b171ef130127fc2a30c2632ea9d3abff/screenshot - {}
RESULT: {}
COMMAND: POST /session/b171ef130127fc2a30c2632ea9d3abff/execute/sync - {"script":"<script> [8489 bytes]","args":[{"element-6066-11e4-a52e-4f735466cecf":"f.727CE9CF6895B2C759CBC992552C29E0.d.CE687615043E9FD7ECB43944BABD3556.e.14950","ELEMENT":"f.727CE9CF6895B2C759CBC992552C29E0.d.CE687615043E9FD7ECB43944BABD3556.e.14950"}]}
RESULT: {}
RESULT: {"script":"<script> [8489 bytes]","args":[{"element-6066-11e4-a52e-4f735466cecf":"f.727CE9CF6895B2C759CBC992552C29E0.d.CE687615043E9FD7ECB43944BABD3556.e.14950","ELEMENT":"f.727CE9CF6895B2C759CBC992552C29E0.d.CE687615043E9FD7ECB43944BABD3556.e.14950"}]}
COMMAND: GET /session/b171ef130127fc2a30c2632ea9d3abff/screenshot - {}
RESULT: {}
COMMAND: POST /session/b171ef130127fc2a30c2632ea9d3abff/execute/sync - {"script":"<script> [8489 bytes]","args":[{"element-6066-11e4-a52e-4f735466cecf":"f.727CE9CF6895B2C759CBC992552C29E0.d.CE687615043E9FD7ECB43944BABD3556.e.14950","ELEMENT":"f.727CE9CF6895B2C759CBC992552C29E0.d.CE687615043E9FD7ECB43944BABD3556.e.14950"}]}
RESULT: {"script":"<script> [8489 bytes]","args":[{"element-6066-11e4-a52e-4f735466cecf":"f.727CE9CF6895B2C759CBC992552C29E0.d.CE687615043E9FD7ECB43944BABD3556.e.14950","ELEMENT":"f.727CE9CF6895B2C759CBC992552C29E0.d.CE687615043E9FD7ECB43944BABD3556.e.14950"}]}
COMMAND: GET /session/b171ef130127fc2a30c2632ea9d3abff/screenshot - {}
RESULT: {}
COMMAND: POST /session/b171ef130127fc2a30c2632ea9d3abff/execute/sync - {"script":"<script> [8489 bytes]","args":[{"element-6066-11e4-a52e-4f735466cecf":"f.727CE9CF6895B2C759CBC992552C29E0.d.CE687615043E9FD7ECB43944BABD3556.e.14950","ELEMENT":"f.727CE9CF6895B2C759CBC992552C29E0.d.CE687615043E9FD7ECB43944BABD3556.e.14950"}]}
RESULT: {"script":"<script> [8489 bytes]","args":[{"element-6066-11e4-a52e-4f735466cecf":"f.727CE9CF6895B2C759CBC992552C29E0.d.CE687615043E9FD7ECB43944BABD3556.e.14950","ELEMENT":"f.727CE9CF6895B2C759CBC992552C29E0.d.CE687615043E9FD7ECB43944BABD3556.e.14950"}]}
COMMAND: GET /session/b171ef130127fc2a30c2632ea9d3abff/screenshot - {}
RESULT: {}
COMMAND: POST /session/b171ef130127fc2a30c2632ea9d3abff/execute/sync - {"script":"<script> [8489 bytes]","args":[{"element-6066-11e4-a52e-4f735466cecf":"f.727CE9CF6895B2C759CBC992552C29E0.d.CE687615043E9FD7ECB43944BABD3556.e.14950","ELEMENT":"f.727CE9CF6895B2C759CBC992552C29E0.d.CE687615043E9FD7ECB43944BABD3556.e.14950"}]}
RESULT: {"script":"<script> [8489 bytes]","args":[{"element-6066-11e4-a52e-4f735466cecf":"f.727CE9CF6895B2C759CBC992552C29E0.d.CE687615043E9FD7ECB43944BABD3556.e.14950","ELEMENT":"f.727CE9CF6895B2C759CBC992552C29E0.d.CE687615043E9FD7ECB43944BABD3556.e.14950"}]}
COMMAND: GET /session/b171ef130127fc2a30c2632ea9d3abff/screenshot - {}
RESULT: {}
COMMAND: POST /session/b171ef130127fc2a30c2632ea9d3abff/execute/sync - {"script":"<script> [8489 bytes]","args":[{"element-6066-11e4-a52e-4f735466cecf":"f.727CE9CF6895B2C759CBC992552C29E0.d.CE687615043E9FD7ECB43944BABD3556.e.14950","ELEMENT":"f.727CE9CF6895B2C759CBC992552C29E0.d.CE687615043E9FD7ECB43944BABD3556.e.14950"}]}
RESULT: {"script":"<script> [8489 bytes]","args":[{"element-6066-11e4-a52e-4f735466cecf":"f.727CE9CF6895B2C759CBC992552C29E0.d.CE687615043E9FD7ECB43944BABD3556.e.14950","ELEMENT":"f.727CE9CF6895B2C759CBC992552C29E0.d.CE687615043E9FD7ECB43944BABD3556.e.14950"}]}
COMMAND: GET /session/b171ef130127fc2a30c2632ea9d3abff/screenshot - {}
RESULT: {}
COMMAND: POST /session/b171ef130127fc2a30c2632ea9d3abff/execute/sync - {"script":"<script> [8489 bytes]","args":[{"element-6066-11e4-a52e-4f735466cecf":"f.727CE9CF6895B2C759CBC992552C29E0.d.CE687615043E9FD7ECB43944BABD3556.e.14950","ELEMENT":"f.727CE9CF6895B2C759CBC992552C29E0.d.CE687615043E9FD7ECB43944BABD3556.e.14950"}]}
RESULT: {"script":"<script> [8489 bytes]","args":[{"element-6066-11e4-a52e-4f735466cecf":"f.727CE9CF6895B2C759CBC992552C29E0.d.CE687615043E9FD7ECB43944BABD3556.e.14950","ELEMENT":"f.727CE9CF6895B2C759CBC992552C29E0.d.CE687615043E9FD7ECB43944BABD3556.e.14950"}]}
COMMAND: GET /session/b171ef130127fc2a30c2632ea9d3abff/screenshot - {}
RESULT: {}
COMMAND: POST /session/b171ef130127fc2a30c2632ea9d3abff/execute/sync - {"script":"<script> [8489 bytes]","args":[{"element-6066-11e4-a52e-4f735466cecf":"f.727CE9CF6895B2C759CBC992552C29E0.d.CE687615043E9FD7ECB43944BABD3556.e.14950","ELEMENT":"f.727CE9CF6895B2C759CBC992552C29E0.d.CE687615043E9FD7ECB43944BABD3556.e.14950"}]}
RESULT: {"script":"<script> [8489 bytes]","args":[{"element-6066-11e4-a52e-4f735466cecf":"f.727CE9CF6895B2C759CBC992552C29E0.d.CE687615043E9FD7ECB43944BABD3556.e.14950","ELEMENT":"f.727CE9CF6895B2C759CBC992552C29E0.d.CE687615043E9FD7ECB43944BABD3556.e.14950"}]}
COMMAND: GET /session/b171ef130127fc2a30c2632ea9d3abff/screenshot - {}
RESULT: {}
COMMAND: POST /session/b171ef130127fc2a30c2632ea9d3abff/execute/sync - {"script":"<script> [8489 bytes]","args":[{"element-6066-11e4-a52e-4f735466cecf":"f.727CE9CF6895B2C759CBC992552C29E0.d.CE687615043E9FD7ECB43944BABD3556.e.14950","ELEMENT":"f.727CE9CF6895B2C759CBC992552C29E0.d.CE687615043E9FD7ECB43944BABD3556.e.14950"}]}
RESULT: {"script":"<script> [8489 bytes]","args":[{"element-6066-11e4-a52e-4f735466cecf":"f.727CE9CF6895B2C759CBC992552C29E0.d.CE687615043E9FD7ECB43944BABD3556.e.14950","ELEMENT":"f.727CE9CF6895B2C759CBC992552C29E0.d.CE687615043E9FD7ECB43944BABD3556.e.14950"}]}
COMMAND: GET /session/b171ef130127fc2a30c2632ea9d3abff/screenshot - {}
RESULT: {}
COMMAND: POST /session/b171ef130127fc2a30c2632ea9d3abff/execute/sync - {"script":"<script> [8489 bytes]","args":[{"element-6066-11e4-a52e-4f735466cecf":"f.727CE9CF6895B2C759CBC992552C29E0.d.CE687615043E9FD7ECB43944BABD3556.e.14950","ELEMENT":"f.727CE9CF6895B2C759CBC992552C29E0.d.CE687615043E9FD7ECB43944BABD3556.e.14950"}]}
RESULT: {"script":"<script> [8489 bytes]","args":[{"element-6066-11e4-a52e-4f735466cecf":"f.727CE9CF6895B2C759CBC992552C29E0.d.CE687615043E9FD7ECB43944BABD3556.e.14950","ELEMENT":"f.727CE9CF6895B2C759CBC992552C29E0.d.CE687615043E9FD7ECB43944BABD3556.e.14950"}]}
COMMAND: GET /session/b171ef130127fc2a30c2632ea9d3abff/screenshot - {}
RESULT: {}
COMMAND: POST /session/b171ef130127fc2a30c2632ea9d3abff/execute/sync - {"script":"<script> [8489 bytes]","args":[{"element-6066-11e4-a52e-4f735466cecf":"f.727CE9CF6895B2C759CBC992552C29E0.d.CE687615043E9FD7ECB43944BABD3556.e.14950","ELEMENT":"f.727CE9CF6895B2C759CBC992552C29E0.d.CE687615043E9FD7ECB43944BABD3556.e.14950"}]}
RESULT: {"script":"<script> [8489 bytes]","args":[{"element-6066-11e4-a52e-4f735466cecf":"f.727CE9CF6895B2C759CBC992552C29E0.d.CE687615043E9FD7ECB43944BABD3556.e.14950","ELEMENT":"f.727CE9CF6895B2C759CBC992552C29E0.d.CE687615043E9FD7ECB43944BABD3556.e.14950"}]}
COMMAND: GET /session/b171ef130127fc2a30c2632ea9d3abff/screenshot - {}
RESULT: {}
COMMAND: POST /session/b171ef130127fc2a30c2632ea9d3abff/execute/sync - {"script":"<script> [8489 bytes]","args":[{"element-6066-11e4-a52e-4f735466cecf":"f.727CE9CF6895B2C759CBC992552C29E0.d.CE687615043E9FD7ECB43944BABD3556.e.14950","ELEMENT":"f.727CE9CF6895B2C759CBC992552C29E0.d.CE687615043E9FD7ECB43944BABD3556.e.14950"}]}
RESULT: {"script":"<script> [8489 bytes]","args":[{"element-6066-11e4-a52e-4f735466cecf":"f.727CE9CF6895B2C759CBC992552C29E0.d.CE687615043E9FD7ECB43944BABD3556.e.14950","ELEMENT":"f.727CE9CF6895B2C759CBC992552C29E0.d.CE687615043E9FD7ECB43944BABD3556.e.14950"}]}
COMMAND: GET /session/b171ef130127fc2a30c2632ea9d3abff/screenshot - {}
RESULT: {}
COMMAND: POST /session/b171ef130127fc2a30c2632ea9d3abff/execute/sync - {"script":"<script> [8489 bytes]","args":[{"element-6066-11e4-a52e-4f735466cecf":"f.727CE9CF6895B2C759CBC992552C29E0.d.CE687615043E9FD7ECB43944BABD3556.e.14950","ELEMENT":"f.727CE9CF6895B2C759CBC992552C29E0.d.CE687615043E9FD7ECB43944BABD3556.e.14950"}]}
RESULT: {"script":"<script> [8489 bytes]","args":[{"element-6066-11e4-a52e-4f735466cecf":"f.727CE9CF6895B2C759CBC992552C29E0.d.CE687615043E9FD7ECB43944BABD3556.e.14950","ELEMENT":"f.727CE9CF6895B2C759CBC992552C29E0.d.CE687615043E9FD7ECB43944BABD3556.e.14950"}]}
COMMAND: GET /session/b171ef130127fc2a30c2632ea9d3abff/screenshot - {}
RESULT: {}
COMMAND: POST /session/b171ef130127fc2a30c2632ea9d3abff/execute/sync - {"script":"<script> [8489 bytes]","args":[{"element-6066-11e4-a52e-4f735466cecf":"f.727CE9CF6895B2C759CBC992552C29E0.d.CE687615043E9FD7ECB43944BABD3556.e.14950","ELEMENT":"f.727CE9CF6895B2C759CBC992552C29E0.d.CE687615043E9FD7ECB43944BABD3556.e.14950"}]}
RESULT: {"script":"<script> [8489 bytes]","args":[{"element-6066-11e4-a52e-4f735466cecf":"f.727CE9CF6895B2C759CBC992552C29E0.d.CE687615043E9FD7ECB43944BABD3556.e.14950","ELEMENT":"f.727CE9CF6895B2C759CBC992552C29E0.d.CE687615043E9FD7ECB43944BABD3556.e.14950"}]}
COMMAND: GET /session/b171ef130127fc2a30c2632ea9d3abff/screenshot - {}
RESULT: {}
COMMAND: POST /session/b171ef130127fc2a30c2632ea9d3abff/execute/sync - {"script":"<script> [8489 bytes]","args":[{"element-6066-11e4-a52e-4f735466cecf":"f.727CE9CF6895B2C759CBC992552C29E0.d.CE687615043E9FD7ECB43944BABD3556.e.14950","ELEMENT":"f.727CE9CF6895B2C759CBC992552C29E0.d.CE687615043E9FD7ECB43944BABD3556.e.14950"}]}
RESULT: {"script":"<script> [8489 bytes]","args":[{"element-6066-11e4-a52e-4f735466cecf":"f.727CE9CF6895B2C759CBC992552C29E0.d.CE687615043E9FD7ECB43944BABD3556.e.14950","ELEMENT":"f.727CE9CF6895B2C759CBC992552C29E0.d.CE687615043E9FD7ECB43944BABD3556.e.14950"}]}
COMMAND: GET /session/b171ef130127fc2a30c2632ea9d3abff/screenshot - {}
RESULT: {}
COMMAND: POST /session/b171ef130127fc2a30c2632ea9d3abff/execute/sync - {"script":"<script> [8489 bytes]","args":[{"element-6066-11e4-a52e-4f735466cecf":"f.727CE9CF6895B2C759CBC992552C29E0.d.CE687615043E9FD7ECB43944BABD3556.e.14950","ELEMENT":"f.727CE9CF6895B2C759CBC992552C29E0.d.CE687615043E9FD7ECB43944BABD3556.e.14950"}]}
RESULT: {"script":"<script> [8489 bytes]","args":[{"element-6066-11e4-a52e-4f735466cecf":"f.727CE9CF6895B2C759CBC992552C29E0.d.CE687615043E9FD7ECB43944BABD3556.e.14950","ELEMENT":"f.727CE9CF6895B2C759CBC992552C29E0.d.CE687615043E9FD7ECB43944BABD3556.e.14950"}]}
COMMAND: GET /session/b171ef130127fc2a30c2632ea9d3abff/screenshot - {}
RESULT: {}
COMMAND: POST /session/b171ef130127fc2a30c2632ea9d3abff/execute/sync - {"script":"<script> [8489 bytes]","args":[{"element-6066-11e4-a52e-4f735466cecf":"f.727CE9CF6895B2C759CBC992552C29E0.d.CE687615043E9FD7ECB43944BABD3556.e.14950","ELEMENT":"f.727CE9CF6895B2C759CBC992552C29E0.d.CE687615043E9FD7ECB43944BABD3556.e.14950"}]}
RESULT: {"script":"<script> [8489 bytes]","args":[{"element-6066-11e4-a52e-4f735466cecf":"f.727CE9CF6895B2C759CBC992552C29E0.d.CE687615043E9FD7ECB43944BABD3556.e.14950","ELEMENT":"f.727CE9CF6895B2C759CBC992552C29E0.d.CE687615043E9FD7ECB43944BABD3556.e.14950"}]}
COMMAND: GET /session/b171ef130127fc2a30c2632ea9d3abff/screenshot - {}
RESULT: {}
COMMAND: POST /session/b171ef130127fc2a30c2632ea9d3abff/execute/sync - {"script":"<script> [8489 bytes]","args":[{"element-6066-11e4-a52e-4f735466cecf":"f.727CE9CF6895B2C759CBC992552C29E0.d.CE687615043E9FD7ECB43944BABD3556.e.14950","ELEMENT":"f.727CE9CF6895B2C759CBC992552C29E0.d.CE687615043E9FD7ECB43944BABD3556.e.14950"}]}
RESULT: {"script":"<script> [8489 bytes]","args":[{"element-6066-11e4-a52e-4f735466cecf":"f.727CE9CF6895B2C759CBC992552C29E0.d.CE687615043E9FD7ECB43944BABD3556.e.14950","ELEMENT":"f.727CE9CF6895B2C759CBC992552C29E0.d.CE687615043E9FD7ECB43944BABD3556.e.14950"}]}
COMMAND: GET /session/b171ef130127fc2a30c2632ea9d3abff/screenshot - {}
RESULT: {}
COMMAND: POST /session/b171ef130127fc2a30c2632ea9d3abff/execute/sync - {"script":"<script> [8489 bytes]","args":[{"element-6066-11e4-a52e-4f735466cecf":"f.727CE9CF6895B2C759CBC992552C29E0.d.CE687615043E9FD7ECB43944BABD3556.e.14950","ELEMENT":"f.727CE9CF6895B2C759CBC992552C29E0.d.CE687615043E9FD7ECB43944BABD3556.e.14950"}]}
RESULT: {"script":"<script> [8489 bytes]","args":[{"element-6066-11e4-a52e-4f735466cecf":"f.727CE9CF6895B2C759CBC992552C29E0.d.CE687615043E9FD7ECB43944BABD3556.e.14950","ELEMENT":"f.727CE9CF6895B2C759CBC992552C29E0.d.CE687615043E9FD7ECB43944BABD3556.e.14950"}]}
COMMAND: GET /session/b171ef130127fc2a30c2632ea9d3abff/screenshot - {}
RESULT: {}
COMMAND: POST /session/b171ef130127fc2a30c2632ea9d3abff/execute/sync - {"script":"<script> [8489 bytes]","args":[{"element-6066-11e4-a52e-4f735466cecf":"f.727CE9CF6895B2C759CBC992552C29E0.d.CE687615043E9FD7ECB43944BABD3556.e.14950","ELEMENT":"f.727CE9CF6895B2C759CBC992552C29E0.d.CE687615043E9FD7ECB43944BABD3556.e.14950"}]}
RESULT: {"script":"<script> [8489 bytes]","args":[{"element-6066-11e4-a52e-4f735466cecf":"f.727CE9CF6895B2C759CBC992552C29E0.d.CE687615043E9FD7ECB43944BABD3556.e.14950","ELEMENT":"f.727CE9CF6895B2C759CBC992552C29E0.d.CE687615043E9FD7ECB43944BABD3556.e.14950"}]}
COMMAND: GET /session/b171ef130127fc2a30c2632ea9d3abff/screenshot - {}
RESULT: {}
COMMAND: POST /session/b171ef130127fc2a30c2632ea9d3abff/execute/sync - {"script":"<script> [8489 bytes]","args":[{"element-6066-11e4-a52e-4f735466cecf":"f.727CE9CF6895B2C759CBC992552C29E0.d.CE687615043E9FD7ECB43944BABD3556.e.14950","ELEMENT":"f.727CE9CF6895B2C759CBC992552C29E0.d.CE687615043E9FD7ECB43944BABD3556.e.14950"}]}
RESULT: {"script":"<script> [8489 bytes]","args":[{"element-6066-11e4-a52e-4f735466cecf":"f.727CE9CF6895B2C759CBC992552C29E0.d.CE687615043E9FD7ECB43944BABD3556.e.14950","ELEMENT":"f.727CE9CF6895B2C759CBC992552C29E0.d.CE687615043E9FD7ECB43944BABD3556.e.14950"}]}
COMMAND: GET /session/b171ef130127fc2a30c2632ea9d3abff/screenshot - {}
COMMAND: POST /session/b171ef130127fc2a30c2632ea9d3abff/execute/sync - {"script":"<script> [8489 bytes]","args":[{"element-6066-11e4-a52e-4f735466cecf":"f.727CE9CF6895B2C759CBC992552C29E0.d.CE687615043E9FD7ECB43944BABD3556.e.14950","ELEMENT":"f.727CE9CF6895B2C759CBC992552C29E0.d.CE687615043E9FD7ECB43944BABD3556.e.14950"}]}
RESULT: {}
RESULT: {"script":"<script> [8489 bytes]","args":[{"element-6066-11e4-a52e-4f735466cecf":"f.727CE9CF6895B2C759CBC992552C29E0.d.CE687615043E9FD7ECB43944BABD3556.e.14950","ELEMENT":"f.727CE9CF6895B2C759CBC992552C29E0.d.CE687615043E9FD7ECB43944BABD3556.e.14950"}]}
COMMAND: GET /session/b171ef130127fc2a30c2632ea9d3abff/screenshot - {}
RESULT: {}
COMMAND: POST /session/b171ef130127fc2a30c2632ea9d3abff/execute/sync - {"script":"<script> [8489 bytes]","args":[{"element-6066-11e4-a52e-4f735466cecf":"f.727CE9CF6895B2C759CBC992552C29E0.d.CE687615043E9FD7ECB43944BABD3556.e.14950","ELEMENT":"f.727CE9CF6895B2C759CBC992552C29E0.d.CE687615043E9FD7ECB43944BABD3556.e.14950"}]}
RESULT: {"script":"<script> [8489 bytes]","args":[{"element-6066-11e4-a52e-4f735466cecf":"f.727CE9CF6895B2C759CBC992552C29E0.d.CE687615043E9FD7ECB43944BABD3556.e.14950","ELEMENT":"f.727CE9CF6895B2C759CBC992552C29E0.d.CE687615043E9FD7ECB43944BABD3556.e.14950"}]}
COMMAND: GET /session/b171ef130127fc2a30c2632ea9d3abff/screenshot - {}
RESULT: {}
COMMAND: POST /session/b171ef130127fc2a30c2632ea9d3abff/execute/sync - {"script":"<script> [8489 bytes]","args":[{"element-6066-11e4-a52e-4f735466cecf":"f.727CE9CF6895B2C759CBC992552C29E0.d.CE687615043E9FD7ECB43944BABD3556.e.14950","ELEMENT":"f.727CE9CF6895B2C759CBC992552C29E0.d.CE687615043E9FD7ECB43944BABD3556.e.14950"}]}
RESULT: {"script":"<script> [8489 bytes]","args":[{"element-6066-11e4-a52e-4f735466cecf":"f.727CE9CF6895B2C759CBC992552C29E0.d.CE687615043E9FD7ECB43944BABD3556.e.14950","ELEMENT":"f.727CE9CF6895B2C759CBC992552C29E0.d.CE687615043E9FD7ECB43944BABD3556.e.14950"}]}
COMMAND: GET /session/b171ef130127fc2a30c2632ea9d3abff/screenshot - {}
RESULT: {}
COMMAND: POST /session/b171ef130127fc2a30c2632ea9d3abff/execute/sync - {"script":"<script> [8489 bytes]","args":[{"element-6066-11e4-a52e-4f735466cecf":"f.727CE9CF6895B2C759CBC992552C29E0.d.CE687615043E9FD7ECB43944BABD3556.e.14950","ELEMENT":"f.727CE9CF6895B2C759CBC992552C29E0.d.CE687615043E9FD7ECB43944BABD3556.e.14950"}]}
RESULT: {"script":"<script> [8489 bytes]","args":[{"element-6066-11e4-a52e-4f735466cecf":"f.727CE9CF6895B2C759CBC992552C29E0.d.CE687615043E9FD7ECB43944BABD3556.e.14950","ELEMENT":"f.727CE9CF6895B2C759CBC992552C29E0.d.CE687615043E9FD7ECB43944BABD3556.e.14950"}]}
COMMAND: GET /session/b171ef130127fc2a30c2632ea9d3abff/screenshot - {}
RESULT: {}
COMMAND: POST /session/b171ef130127fc2a30c2632ea9d3abff/execute/sync - {"script":"<script> [8489 bytes]","args":[{"element-6066-11e4-a52e-4f735466cecf":"f.727CE9CF6895B2C759CBC992552C29E0.d.CE687615043E9FD7ECB43944BABD3556.e.14950","ELEMENT":"f.727CE9CF6895B2C759CBC992552C29E0.d.CE687615043E9FD7ECB43944BABD3556.e.14950"}]}
RESULT: {"script":"<script> [8489 bytes]","args":[{"element-6066-11e4-a52e-4f735466cecf":"f.727CE9CF6895B2C759CBC992552C29E0.d.CE687615043E9FD7ECB43944BABD3556.e.14950","ELEMENT":"f.727CE9CF6895B2C759CBC992552C29E0.d.CE687615043E9FD7ECB43944BABD3556.e.14950"}]}
COMMAND: GET /session/b171ef130127fc2a30c2632ea9d3abff/screenshot - {}
RESULT: {}
COMMAND: POST /session/b171ef130127fc2a30c2632ea9d3abff/execute/sync - {"script":"<script> [8489 bytes]","args":[{"element-6066-11e4-a52e-4f735466cecf":"f.727CE9CF6895B2C759CBC992552C29E0.d.CE687615043E9FD7ECB43944BABD3556.e.14950","ELEMENT":"f.727CE9CF6895B2C759CBC992552C29E0.d.CE687615043E9FD7ECB43944BABD3556.e.14950"}]}
RESULT: {"script":"<script> [8489 bytes]","args":[{"element-6066-11e4-a52e-4f735466cecf":"f.727CE9CF6895B2C759CBC992552C29E0.d.CE687615043E9FD7ECB43944BABD3556.e.14950","ELEMENT":"f.727CE9CF6895B2C759CBC992552C29E0.d.CE687615043E9FD7ECB43944BABD3556.e.14950"}]}
COMMAND: GET /session/b171ef130127fc2a30c2632ea9d3abff/screenshot - {}
RESULT: {}
COMMAND: POST /session/b171ef130127fc2a30c2632ea9d3abff/execute/sync - {"script":"<script> [8489 bytes]","args":[{"element-6066-11e4-a52e-4f735466cecf":"f.727CE9CF6895B2C759CBC992552C29E0.d.CE687615043E9FD7ECB43944BABD3556.e.14950","ELEMENT":"f.727CE9CF6895B2C759CBC992552C29E0.d.CE687615043E9FD7ECB43944BABD3556.e.14950"}]}
RESULT: {"script":"<script> [8489 bytes]","args":[{"element-6066-11e4-a52e-4f735466cecf":"f.727CE9CF6895B2C759CBC992552C29E0.d.CE687615043E9FD7ECB43944BABD3556.e.14950","ELEMENT":"f.727CE9CF6895B2C759CBC992552C29E0.d.CE687615043E9FD7ECB43944BABD3556.e.14950"}]}
COMMAND: GET /session/b171ef130127fc2a30c2632ea9d3abff/screenshot - {}
RESULT: {}
COMMAND: POST /session/b171ef130127fc2a30c2632ea9d3abff/execute/sync - {"script":"<script> [8489 bytes]","args":[{"element-6066-11e4-a52e-4f735466cecf":"f.727CE9CF6895B2C759CBC992552C29E0.d.CE687615043E9FD7ECB43944BABD3556.e.14950","ELEMENT":"f.727CE9CF6895B2C759CBC992552C29E0.d.CE687615043E9FD7ECB43944BABD3556.e.14950"}]}
RESULT: {"script":"<script> [8489 bytes]","args":[{"element-6066-11e4-a52e-4f735466cecf":"f.727CE9CF6895B2C759CBC992552C29E0.d.CE687615043E9FD7ECB43944BABD3556.e.14950","ELEMENT":"f.727CE9CF6895B2C759CBC992552C29E0.d.CE687615043E9FD7ECB43944BABD3556.e.14950"}]}
COMMAND: GET /session/b171ef130127fc2a30c2632ea9d3abff/screenshot - {}
RESULT: {}
COMMAND: POST /session/b171ef130127fc2a30c2632ea9d3abff/execute/sync - {"script":"<script> [8489 bytes]","args":[{"element-6066-11e4-a52e-4f735466cecf":"f.727CE9CF6895B2C759CBC992552C29E0.d.CE687615043E9FD7ECB43944BABD3556.e.14950","ELEMENT":"f.727CE9CF6895B2C759CBC992552C29E0.d.CE687615043E9FD7ECB43944BABD3556.e.14950"}]}
RESULT: {"script":"<script> [8489 bytes]","args":[{"element-6066-11e4-a52e-4f735466cecf":"f.727CE9CF6895B2C759CBC992552C29E0.d.CE687615043E9FD7ECB43944BABD3556.e.14950","ELEMENT":"f.727CE9CF6895B2C759CBC992552C29E0.d.CE687615043E9FD7ECB43944BABD3556.e.14950"}]}
COMMAND: GET /session/b171ef130127fc2a30c2632ea9d3abff/screenshot - {}
RESULT: {}
COMMAND: POST /session/b171ef130127fc2a30c2632ea9d3abff/execute/sync - {"script":"<script> [8489 bytes]","args":[{"element-6066-11e4-a52e-4f735466cecf":"f.727CE9CF6895B2C759CBC992552C29E0.d.CE687615043E9FD7ECB43944BABD3556.e.14950","ELEMENT":"f.727CE9CF6895B2C759CBC992552C29E0.d.CE687615043E9FD7ECB43944BABD3556.e.14950"}]}
RESULT: {"script":"<script> [8489 bytes]","args":[{"element-6066-11e4-a52e-4f735466cecf":"f.727CE9CF6895B2C759CBC992552C29E0.d.CE687615043E9FD7ECB43944BABD3556.e.14950","ELEMENT":"f.727CE9CF6895B2C759CBC992552C29E0.d.CE687615043E9FD7ECB43944BABD3556.e.14950"}]}
COMMAND: GET /session/b171ef130127fc2a30c2632ea9d3abff/screenshot - {}
RESULT: {}
COMMAND: POST /session/b171ef130127fc2a30c2632ea9d3abff/execute/sync - {"script":"<script> [8489 bytes]","args":[{"element-6066-11e4-a52e-4f735466cecf":"f.727CE9CF6895B2C759CBC992552C29E0.d.CE687615043E9FD7ECB43944BABD3556.e.14950","ELEMENT":"f.727CE9CF6895B2C759CBC992552C29E0.d.CE687615043E9FD7ECB43944BABD3556.e.14950"}]}
RESULT: {"script":"<script> [8489 bytes]","args":[{"element-6066-11e4-a52e-4f735466cecf":"f.727CE9CF6895B2C759CBC992552C29E0.d.CE687615043E9FD7ECB43944BABD3556.e.14950","ELEMENT":"f.727CE9CF6895B2C759CBC992552C29E0.d.CE687615043E9FD7ECB43944BABD3556.e.14950"}]}
COMMAND: GET /session/b171ef130127fc2a30c2632ea9d3abff/screenshot - {}
RESULT: {}
COMMAND: POST /session/b171ef130127fc2a30c2632ea9d3abff/execute/sync - {"script":"<script> [8489 bytes]","args":[{"element-6066-11e4-a52e-4f735466cecf":"f.727CE9CF6895B2C759CBC992552C29E0.d.CE687615043E9FD7ECB43944BABD3556.e.14950","ELEMENT":"f.727CE9CF6895B2C759CBC992552C29E0.d.CE687615043E9FD7ECB43944BABD3556.e.14950"}]}
RESULT: {"script":"<script> [8489 bytes]","args":[{"element-6066-11e4-a52e-4f735466cecf":"f.727CE9CF6895B2C759CBC992552C29E0.d.CE687615043E9FD7ECB43944BABD3556.e.14950","ELEMENT":"f.727CE9CF6895B2C759CBC992552C29E0.d.CE687615043E9FD7ECB43944BABD3556.e.14950"}]}
COMMAND: GET /session/b171ef130127fc2a30c2632ea9d3abff/screenshot - {}
RESULT: {}
COMMAND: POST /session/b171ef130127fc2a30c2632ea9d3abff/execute/sync - {"script":"<script> [8489 bytes]","args":[{"element-6066-11e4-a52e-4f735466cecf":"f.727CE9CF6895B2C759CBC992552C29E0.d.CE687615043E9FD7ECB43944BABD3556.e.14950","ELEMENT":"f.727CE9CF6895B2C759CBC992552C29E0.d.CE687615043E9FD7ECB43944BABD3556.e.14950"}]}
RESULT: {"script":"<script> [8489 bytes]","args":[{"element-6066-11e4-a52e-4f735466cecf":"f.727CE9CF6895B2C759CBC992552C29E0.d.CE687615043E9FD7ECB43944BABD3556.e.14950","ELEMENT":"f.727CE9CF6895B2C759CBC992552C29E0.d.CE687615043E9FD7ECB43944BABD3556.e.14950"}]}
COMMAND: GET /session/b171ef130127fc2a30c2632ea9d3abff/screenshot - {}
RESULT: {}
COMMAND: POST /session/b171ef130127fc2a30c2632ea9d3abff/execute/sync - {"script":"<script> [8489 bytes]","args":[{"element-6066-11e4-a52e-4f735466cecf":"f.727CE9CF6895B2C759CBC992552C29E0.d.CE687615043E9FD7ECB43944BABD3556.e.14950","ELEMENT":"f.727CE9CF6895B2C759CBC992552C29E0.d.CE687615043E9FD7ECB43944BABD3556.e.14950"}]}
RESULT: {"script":"<script> [8489 bytes]","args":[{"element-6066-11e4-a52e-4f735466cecf":"f.727CE9CF6895B2C759CBC992552C29E0.d.CE687615043E9FD7ECB43944BABD3556.e.14950","ELEMENT":"f.727CE9CF6895B2C759CBC992552C29E0.d.CE687615043E9FD7ECB43944BABD3556.e.14950"}]}
COMMAND: GET /session/b171ef130127fc2a30c2632ea9d3abff/screenshot - {}
RESULT: {}
COMMAND: POST /session/b171ef130127fc2a30c2632ea9d3abff/execute/sync - {"script":"<script> [8489 bytes]","args":[{"element-6066-11e4-a52e-4f735466cecf":"f.727CE9CF6895B2C759CBC992552C29E0.d.CE687615043E9FD7ECB43944BABD3556.e.14950","ELEMENT":"f.727CE9CF6895B2C759CBC992552C29E0.d.CE687615043E9FD7ECB43944BABD3556.e.14950"}]}
RESULT: {"script":"<script> [8489 bytes]","args":[{"element-6066-11e4-a52e-4f735466cecf":"f.727CE9CF6895B2C759CBC992552C29E0.d.CE687615043E9FD7ECB43944BABD3556.e.14950","ELEMENT":"f.727CE9CF6895B2C759CBC992552C29E0.d.CE687615043E9FD7ECB43944BABD3556.e.14950"}]}
COMMAND: GET /session/b171ef130127fc2a30c2632ea9d3abff/screenshot - {}
RESULT: {}
COMMAND: POST /session/b171ef130127fc2a30c2632ea9d3abff/execute/sync - {"script":"<script> [8489 bytes]","args":[{"element-6066-11e4-a52e-4f735466cecf":"f.727CE9CF6895B2C759CBC992552C29E0.d.CE687615043E9FD7ECB43944BABD3556.e.14950","ELEMENT":"f.727CE9CF6895B2C759CBC992552C29E0.d.CE687615043E9FD7ECB43944BABD3556.e.14950"}]}
RESULT: {"script":"<script> [8489 bytes]","args":[{"element-6066-11e4-a52e-4f735466cecf":"f.727CE9CF6895B2C759CBC992552C29E0.d.CE687615043E9FD7ECB43944BABD3556.e.14950","ELEMENT":"f.727CE9CF6895B2C759CBC992552C29E0.d.CE687615043E9FD7ECB43944BABD3556.e.14950"}]}
COMMAND: GET /session/b171ef130127fc2a30c2632ea9d3abff/screenshot - {}
RESULT: {}
COMMAND: POST /session/b171ef130127fc2a30c2632ea9d3abff/execute/sync - {"script":"<script> [8489 bytes]","args":[{"element-6066-11e4-a52e-4f735466cecf":"f.727CE9CF6895B2C759CBC992552C29E0.d.CE687615043E9FD7ECB43944BABD3556.e.14950","ELEMENT":"f.727CE9CF6895B2C759CBC992552C29E0.d.CE687615043E9FD7ECB43944BABD3556.e.14950"}]}
RESULT: {"script":"<script> [8489 bytes]","args":[{"element-6066-11e4-a52e-4f735466cecf":"f.727CE9CF6895B2C759CBC992552C29E0.d.CE687615043E9FD7ECB43944BABD3556.e.14950","ELEMENT":"f.727CE9CF6895B2C759CBC992552C29E0.d.CE687615043E9FD7ECB43944BABD3556.e.14950"}]}
COMMAND: GET /session/b171ef130127fc2a30c2632ea9d3abff/screenshot - {}
RESULT: {}
COMMAND: POST /session/b171ef130127fc2a30c2632ea9d3abff/execute/sync - {"script":"<script> [8489 bytes]","args":[{"element-6066-11e4-a52e-4f735466cecf":"f.727CE9CF6895B2C759CBC992552C29E0.d.CE687615043E9FD7ECB43944BABD3556.e.14950","ELEMENT":"f.727CE9CF6895B2C759CBC992552C29E0.d.CE687615043E9FD7ECB43944BABD3556.e.14950"}]}
RESULT: {"script":"<script> [8489 bytes]","args":[{"element-6066-11e4-a52e-4f735466cecf":"f.727CE9CF6895B2C759CBC992552C29E0.d.CE687615043E9FD7ECB43944BABD3556.e.14950","ELEMENT":"f.727CE9CF6895B2C759CBC992552C29E0.d.CE687615043E9FD7ECB43944BABD3556.e.14950"}]}
COMMAND: GET /session/b171ef130127fc2a30c2632ea9d3abff/screenshot - {}
RESULT: {}
COMMAND: POST /session/b171ef130127fc2a30c2632ea9d3abff/execute/sync - {"script":"<script> [8489 bytes]","args":[{"element-6066-11e4-a52e-4f735466cecf":"f.727CE9CF6895B2C759CBC992552C29E0.d.CE687615043E9FD7ECB43944BABD3556.e.14950","ELEMENT":"f.727CE9CF6895B2C759CBC992552C29E0.d.CE687615043E9FD7ECB43944BABD3556.e.14950"}]}
RESULT: {"script":"<script> [8489 bytes]","args":[{"element-6066-11e4-a52e-4f735466cecf":"f.727CE9CF6895B2C759CBC992552C29E0.d.CE687615043E9FD7ECB43944BABD3556.e.14950","ELEMENT":"f.727CE9CF6895B2C759CBC992552C29E0.d.CE687615043E9FD7ECB43944BABD3556.e.14950"}]}
COMMAND: GET /session/b171ef130127fc2a30c2632ea9d3abff/screenshot - {}
RESULT: {}
COMMAND: POST /session/b171ef130127fc2a30c2632ea9d3abff/execute/sync - {"script":"<script> [8489 bytes]","args":[{"element-6066-11e4-a52e-4f735466cecf":"f.727CE9CF6895B2C759CBC992552C29E0.d.CE687615043E9FD7ECB43944BABD3556.e.14950","ELEMENT":"f.727CE9CF6895B2C759CBC992552C29E0.d.CE687615043E9FD7ECB43944BABD3556.e.14950"}]}
RESULT: {"script":"<script> [8489 bytes]","args":[{"element-6066-11e4-a52e-4f735466cecf":"f.727CE9CF6895B2C759CBC992552C29E0.d.CE687615043E9FD7ECB43944BABD3556.e.14950","ELEMENT":"f.727CE9CF6895B2C759CBC992552C29E0.d.CE687615043E9FD7ECB43944BABD3556.e.14950"}]}
COMMAND: GET /session/b171ef130127fc2a30c2632ea9d3abff/screenshot - {}
RESULT: {}
COMMAND: POST /session/b171ef130127fc2a30c2632ea9d3abff/execute/sync - {"script":"<script> [8489 bytes]","args":[{"element-6066-11e4-a52e-4f735466cecf":"f.727CE9CF6895B2C759CBC992552C29E0.d.CE687615043E9FD7ECB43944BABD3556.e.14950","ELEMENT":"f.727CE9CF6895B2C759CBC992552C29E0.d.CE687615043E9FD7ECB43944BABD3556.e.14950"}]}
RESULT: {"script":"<script> [8489 bytes]","args":[{"element-6066-11e4-a52e-4f735466cecf":"f.727CE9CF6895B2C759CBC992552C29E0.d.CE687615043E9FD7ECB43944BABD3556.e.14950","ELEMENT":"f.727CE9CF6895B2C759CBC992552C29E0.d.CE687615043E9FD7ECB43944BABD3556.e.14950"}]}
COMMAND: GET /session/b171ef130127fc2a30c2632ea9d3abff/screenshot - {}
RESULT: {}
COMMAND: POST /session/b171ef130127fc2a30c2632ea9d3abff/execute/sync - {"script":"<script> [8489 bytes]","args":[{"element-6066-11e4-a52e-4f735466cecf":"f.727CE9CF6895B2C759CBC992552C29E0.d.CE687615043E9FD7ECB43944BABD3556.e.14950","ELEMENT":"f.727CE9CF6895B2C759CBC992552C29E0.d.CE687615043E9FD7ECB43944BABD3556.e.14950"}]}
RESULT: {"script":"<script> [8489 bytes]","args":[{"element-6066-11e4-a52e-4f735466cecf":"f.727CE9CF6895B2C759CBC992552C29E0.d.CE687615043E9FD7ECB43944BABD3556.e.14950","ELEMENT":"f.727CE9CF6895B2C759CBC992552C29E0.d.CE687615043E9FD7ECB43944BABD3556.e.14950"}]}
COMMAND: GET /session/b171ef130127fc2a30c2632ea9d3abff/screenshot - {}
RESULT: {}
COMMAND: POST /session/b171ef130127fc2a30c2632ea9d3abff/execute/sync - {"script":"<script> [8489 bytes]","args":[{"element-6066-11e4-a52e-4f735466cecf":"f.727CE9CF6895B2C759CBC992552C29E0.d.CE687615043E9FD7ECB43944BABD3556.e.14950","ELEMENT":"f.727CE9CF6895B2C759CBC992552C29E0.d.CE687615043E9FD7ECB43944BABD3556.e.14950"}]}
RESULT: {"script":"<script> [8489 bytes]","args":[{"element-6066-11e4-a52e-4f735466cecf":"f.727CE9CF6895B2C759CBC992552C29E0.d.CE687615043E9FD7ECB43944BABD3556.e.14950","ELEMENT":"f.727CE9CF6895B2C759CBC992552C29E0.d.CE687615043E9FD7ECB43944BABD3556.e.14950"}]}
COMMAND: GET /session/b171ef130127fc2a30c2632ea9d3abff/screenshot - {}
RESULT: {}
COMMAND: POST /session/b171ef130127fc2a30c2632ea9d3abff/execute/sync - {"script":"<script> [8489 bytes]","args":[{"element-6066-11e4-a52e-4f735466cecf":"f.727CE9CF6895B2C759CBC992552C29E0.d.CE687615043E9FD7ECB43944BABD3556.e.14950","ELEMENT":"f.727CE9CF6895B2C759CBC992552C29E0.d.CE687615043E9FD7ECB43944BABD3556.e.14950"}]}
RESULT: {"script":"<script> [8489 bytes]","args":[{"element-6066-11e4-a52e-4f735466cecf":"f.727CE9CF6895B2C759CBC992552C29E0.d.CE687615043E9FD7ECB43944BABD3556.e.14950","ELEMENT":"f.727CE9CF6895B2C759CBC992552C29E0.d.CE687615043E9FD7ECB43944BABD3556.e.14950"}]}
COMMAND: GET /session/b171ef130127fc2a30c2632ea9d3abff/screenshot - {}
RESULT: {}
COMMAND: POST /session/b171ef130127fc2a30c2632ea9d3abff/execute/sync - {"script":"<script> [8489 bytes]","args":[{"element-6066-11e4-a52e-4f735466cecf":"f.727CE9CF6895B2C759CBC992552C29E0.d.CE687615043E9FD7ECB43944BABD3556.e.14950","ELEMENT":"f.727CE9CF6895B2C759CBC992552C29E0.d.CE687615043E9FD7ECB43944BABD3556.e.14950"}]}
RESULT: {"script":"<script> [8489 bytes]","args":[{"element-6066-11e4-a52e-4f735466cecf":"f.727CE9CF6895B2C759CBC992552C29E0.d.CE687615043E9FD7ECB43944BABD3556.e.14950","ELEMENT":"f.727CE9CF6895B2C759CBC992552C29E0.d.CE687615043E9FD7ECB43944BABD3556.e.14950"}]}
COMMAND: GET /session/b171ef130127fc2a30c2632ea9d3abff/screenshot - {}
RESULT: {}
COMMAND: POST /session/b171ef130127fc2a30c2632ea9d3abff/execute/sync - {"script":"<script> [8489 bytes]","args":[{"element-6066-11e4-a52e-4f735466cecf":"f.727CE9CF6895B2C759CBC992552C29E0.d.CE687615043E9FD7ECB43944BABD3556.e.14950","ELEMENT":"f.727CE9CF6895B2C759CBC992552C29E0.d.CE687615043E9FD7ECB43944BABD3556.e.14950"}]}
RESULT: {"script":"<script> [8489 bytes]","args":[{"element-6066-11e4-a52e-4f735466cecf":"f.727CE9CF6895B2C759CBC992552C29E0.d.CE687615043E9FD7ECB43944BABD3556.e.14950","ELEMENT":"f.727CE9CF6895B2C759CBC992552C29E0.d.CE687615043E9FD7ECB43944BABD3556.e.14950"}]}
COMMAND: GET /session/b171ef130127fc2a30c2632ea9d3abff/screenshot - {}
RESULT: {}
COMMAND: POST /session/b171ef130127fc2a30c2632ea9d3abff/execute/sync - {"script":"<script> [8489 bytes]","args":[{"element-6066-11e4-a52e-4f735466cecf":"f.727CE9CF6895B2C759CBC992552C29E0.d.CE687615043E9FD7ECB43944BABD3556.e.14950","ELEMENT":"f.727CE9CF6895B2C759CBC992552C29E0.d.CE687615043E9FD7ECB43944BABD3556.e.14950"}]}
RESULT: {"script":"<script> [8489 bytes]","args":[{"element-6066-11e4-a52e-4f735466cecf":"f.727CE9CF6895B2C759CBC992552C29E0.d.CE687615043E9FD7ECB43944BABD3556.e.14950","ELEMENT":"f.727CE9CF6895B2C759CBC992552C29E0.d.CE687615043E9FD7ECB43944BABD3556.e.14950"}]}
COMMAND: GET /session/b171ef130127fc2a30c2632ea9d3abff/screenshot - {}
RESULT: {}
COMMAND: POST /session/b171ef130127fc2a30c2632ea9d3abff/execute/sync - {"script":"<script> [8489 bytes]","args":[{"element-6066-11e4-a52e-4f735466cecf":"f.727CE9CF6895B2C759CBC992552C29E0.d.CE687615043E9FD7ECB43944BABD3556.e.14950","ELEMENT":"f.727CE9CF6895B2C759CBC992552C29E0.d.CE687615043E9FD7ECB43944BABD3556.e.14950"}]}
RESULT: {"script":"<script> [8489 bytes]","args":[{"element-6066-11e4-a52e-4f735466cecf":"f.727CE9CF6895B2C759CBC992552C29E0.d.CE687615043E9FD7ECB43944BABD3556.e.14950","ELEMENT":"f.727CE9CF6895B2C759CBC992552C29E0.d.CE687615043E9FD7ECB43944BABD3556.e.14950"}]}
COMMAND: GET /session/b171ef130127fc2a30c2632ea9d3abff/screenshot - {}
RESULT: {}
COMMAND: POST /session/b171ef130127fc2a30c2632ea9d3abff/execute/sync - {"script":"<script> [8489 bytes]","args":[{"element-6066-11e4-a52e-4f735466cecf":"f.727CE9CF6895B2C759CBC992552C29E0.d.CE687615043E9FD7ECB43944BABD3556.e.14950","ELEMENT":"f.727CE9CF6895B2C759CBC992552C29E0.d.CE687615043E9FD7ECB43944BABD3556.e.14950"}]}
RESULT: {"script":"<script> [8489 bytes]","args":[{"element-6066-11e4-a52e-4f735466cecf":"f.727CE9CF6895B2C759CBC992552C29E0.d.CE687615043E9FD7ECB43944BABD3556.e.14950","ELEMENT":"f.727CE9CF6895B2C759CBC992552C29E0.d.CE687615043E9FD7ECB43944BABD3556.e.14950"}]}
COMMAND: GET /session/b171ef130127fc2a30c2632ea9d3abff/screenshot - {}
RESULT: {}
COMMAND: POST /session/b171ef130127fc2a30c2632ea9d3abff/execute/sync - {"script":"<script> [8489 bytes]","args":[{"element-6066-11e4-a52e-4f735466cecf":"f.727CE9CF6895B2C759CBC992552C29E0.d.CE687615043E9FD7ECB43944BABD3556.e.14950","ELEMENT":"f.727CE9CF6895B2C759CBC992552C29E0.d.CE687615043E9FD7ECB43944BABD3556.e.14950"}]}
RESULT: {"script":"<script> [8489 bytes]","args":[{"element-6066-11e4-a52e-4f735466cecf":"f.727CE9CF6895B2C759CBC992552C29E0.d.CE687615043E9FD7ECB43944BABD3556.e.14950","ELEMENT":"f.727CE9CF6895B2C759CBC992552C29E0.d.CE687615043E9FD7ECB43944BABD3556.e.14950"}]}
COMMAND: GET /session/b171ef130127fc2a30c2632ea9d3abff/screenshot - {}
RESULT: {}
COMMAND: POST /session/b171ef130127fc2a30c2632ea9d3abff/execute/sync - {"script":"<script> [8489 bytes]","args":[{"element-6066-11e4-a52e-4f735466cecf":"f.727CE9CF6895B2C759CBC992552C29E0.d.CE687615043E9FD7ECB43944BABD3556.e.14950","ELEMENT":"f.727CE9CF6895B2C759CBC992552C29E0.d.CE687615043E9FD7ECB43944BABD3556.e.14950"}]}
RESULT: {"script":"<script> [8489 bytes]","args":[{"element-6066-11e4-a52e-4f735466cecf":"f.727CE9CF6895B2C759CBC992552C29E0.d.CE687615043E9FD7ECB43944BABD3556.e.14950","ELEMENT":"f.727CE9CF6895B2C759CBC992552C29E0.d.CE687615043E9FD7ECB43944BABD3556.e.14950"}]}
COMMAND: GET /session/b171ef130127fc2a30c2632ea9d3abff/screenshot - {}
RESULT: {}
COMMAND: POST /session/b171ef130127fc2a30c2632ea9d3abff/execute/sync - {"script":"<script> [8489 bytes]","args":[{"element-6066-11e4-a52e-4f735466cecf":"f.727CE9CF6895B2C759CBC992552C29E0.d.CE687615043E9FD7ECB43944BABD3556.e.14950","ELEMENT":"f.727CE9CF6895B2C759CBC992552C29E0.d.CE687615043E9FD7ECB43944BABD3556.e.14950"}]}
RESULT: {"script":"<script> [8489 bytes]","args":[{"element-6066-11e4-a52e-4f735466cecf":"f.727CE9CF6895B2C759CBC992552C29E0.d.CE687615043E9FD7ECB43944BABD3556.e.14950","ELEMENT":"f.727CE9CF6895B2C759CBC992552C29E0.d.CE687615043E9FD7ECB43944BABD3556.e.14950"}]}
COMMAND: GET /session/b171ef130127fc2a30c2632ea9d3abff/screenshot - {}
RESULT: {}
COMMAND: POST /session/b171ef130127fc2a30c2632ea9d3abff/execute/sync - {"script":"<script> [8489 bytes]","args":[{"element-6066-11e4-a52e-4f735466cecf":"f.727CE9CF6895B2C759CBC992552C29E0.d.CE687615043E9FD7ECB43944BABD3556.e.14950","ELEMENT":"f.727CE9CF6895B2C759CBC992552C29E0.d.CE687615043E9FD7ECB43944BABD3556.e.14950"}]}
RESULT: {"script":"<script> [8489 bytes]","args":[{"element-6066-11e4-a52e-4f735466cecf":"f.727CE9CF6895B2C759CBC992552C29E0.d.CE687615043E9FD7ECB43944BABD3556.e.14950","ELEMENT":"f.727CE9CF6895B2C759CBC992552C29E0.d.CE687615043E9FD7ECB43944BABD3556.e.14950"}]}
COMMAND: GET /session/b171ef130127fc2a30c2632ea9d3abff/screenshot - {}
RESULT: {}
COMMAND: POST /session/b171ef130127fc2a30c2632ea9d3abff/execute/sync - {"script":"<script> [8489 bytes]","args":[{"element-6066-11e4-a52e-4f735466cecf":"f.727CE9CF6895B2C759CBC992552C29E0.d.CE687615043E9FD7ECB43944BABD3556.e.14950","ELEMENT":"f.727CE9CF6895B2C759CBC992552C29E0.d.CE687615043E9FD7ECB43944BABD3556.e.14950"}]}
RESULT: {"script":"<script> [8489 bytes]","args":[{"element-6066-11e4-a52e-4f735466cecf":"f.727CE9CF6895B2C759CBC992552C29E0.d.CE687615043E9FD7ECB43944BABD3556.e.14950","ELEMENT":"f.727CE9CF6895B2C759CBC992552C29E0.d.CE687615043E9FD7ECB43944BABD3556.e.14950"}]}
COMMAND: GET /session/b171ef130127fc2a30c2632ea9d3abff/screenshot - {}
RESULT: {}
COMMAND: POST /session/b171ef130127fc2a30c2632ea9d3abff/execute/sync - {"script":"<script> [8489 bytes]","args":[{"element-6066-11e4-a52e-4f735466cecf":"f.727CE9CF6895B2C759CBC992552C29E0.d.CE687615043E9FD7ECB43944BABD3556.e.14950","ELEMENT":"f.727CE9CF6895B2C759CBC992552C29E0.d.CE687615043E9FD7ECB43944BABD3556.e.14950"}]}
RESULT: {"script":"<script> [8489 bytes]","args":[{"element-6066-11e4-a52e-4f735466cecf":"f.727CE9CF6895B2C759CBC992552C29E0.d.CE687615043E9FD7ECB43944BABD3556.e.14950","ELEMENT":"f.727CE9CF6895B2C759CBC992552C29E0.d.CE687615043E9FD7ECB43944BABD3556.e.14950"}]}
COMMAND: GET /session/b171ef130127fc2a30c2632ea9d3abff/screenshot - {}
RESULT: {}
COMMAND: POST /session/b171ef130127fc2a30c2632ea9d3abff/execute/sync - {"script":"<script> [8489 bytes]","args":[{"element-6066-11e4-a52e-4f735466cecf":"f.727CE9CF6895B2C759CBC992552C29E0.d.CE687615043E9FD7ECB43944BABD3556.e.14950","ELEMENT":"f.727CE9CF6895B2C759CBC992552C29E0.d.CE687615043E9FD7ECB43944BABD3556.e.14950"}]}
RESULT: {"script":"<script> [8489 bytes]","args":[{"element-6066-11e4-a52e-4f735466cecf":"f.727CE9CF6895B2C759CBC992552C29E0.d.CE687615043E9FD7ECB43944BABD3556.e.14950","ELEMENT":"f.727CE9CF6895B2C759CBC992552C29E0.d.CE687615043E9FD7ECB43944BABD3556.e.14950"}]}
COMMAND: GET /session/b171ef130127fc2a30c2632ea9d3abff/screenshot - {}
COMMAND: POST /session/b171ef130127fc2a30c2632ea9d3abff/execute/sync - {"script":"<script> [8489 bytes]","args":[{"element-6066-11e4-a52e-4f735466cecf":"f.727CE9CF6895B2C759CBC992552C29E0.d.CE687615043E9FD7ECB43944BABD3556.e.14950","ELEMENT":"f.727CE9CF6895B2C759CBC992552C29E0.d.CE687615043E9FD7ECB43944BABD3556.e.14950"}]}
RESULT: {}
RESULT: {"script":"<script> [8489 bytes]","args":[{"element-6066-11e4-a52e-4f735466cecf":"f.727CE9CF6895B2C759CBC992552C29E0.d.CE687615043E9FD7ECB43944BABD3556.e.14950","ELEMENT":"f.727CE9CF6895B2C759CBC992552C29E0.d.CE687615043E9FD7ECB43944BABD3556.e.14950"}]}
COMMAND: GET /session/b171ef130127fc2a30c2632ea9d3abff/screenshot - {}
RESULT: {}
COMMAND: POST /session/b171ef130127fc2a30c2632ea9d3abff/execute/sync - {"script":"<script> [8489 bytes]","args":[{"element-6066-11e4-a52e-4f735466cecf":"f.727CE9CF6895B2C759CBC992552C29E0.d.CE687615043E9FD7ECB43944BABD3556.e.14950","ELEMENT":"f.727CE9CF6895B2C759CBC992552C29E0.d.CE687615043E9FD7ECB43944BABD3556.e.14950"}]}
RESULT: {"script":"<script> [8489 bytes]","args":[{"element-6066-11e4-a52e-4f735466cecf":"f.727CE9CF6895B2C759CBC992552C29E0.d.CE687615043E9FD7ECB43944BABD3556.e.14950","ELEMENT":"f.727CE9CF6895B2C759CBC992552C29E0.d.CE687615043E9FD7ECB43944BABD3556.e.14950"}]}
COMMAND: GET /session/b171ef130127fc2a30c2632ea9d3abff/screenshot - {}
RESULT: {}
COMMAND: POST /session/b171ef130127fc2a30c2632ea9d3abff/execute/sync - {"script":"<script> [8489 bytes]","args":[{"element-6066-11e4-a52e-4f735466cecf":"f.727CE9CF6895B2C759CBC992552C29E0.d.CE687615043E9FD7ECB43944BABD3556.e.14950","ELEMENT":"f.727CE9CF6895B2C759CBC992552C29E0.d.CE687615043E9FD7ECB43944BABD3556.e.14950"}]}
RESULT: {"script":"<script> [8489 bytes]","args":[{"element-6066-11e4-a52e-4f735466cecf":"f.727CE9CF6895B2C759CBC992552C29E0.d.CE687615043E9FD7ECB43944BABD3556.e.14950","ELEMENT":"f.727CE9CF6895B2C759CBC992552C29E0.d.CE687615043E9FD7ECB43944BABD3556.e.14950"}]}
COMMAND: GET /session/b171ef130127fc2a30c2632ea9d3abff/screenshot - {}
RESULT: {}
COMMAND: POST /session/b171ef130127fc2a30c2632ea9d3abff/execute/sync - {"script":"<script> [8489 bytes]","args":[{"element-6066-11e4-a52e-4f735466cecf":"f.727CE9CF6895B2C759CBC992552C29E0.d.CE687615043E9FD7ECB43944BABD3556.e.14950","ELEMENT":"f.727CE9CF6895B2C759CBC992552C29E0.d.CE687615043E9FD7ECB43944BABD3556.e.14950"}]}
RESULT: {"script":"<script> [8489 bytes]","args":[{"element-6066-11e4-a52e-4f735466cecf":"f.727CE9CF6895B2C759CBC992552C29E0.d.CE687615043E9FD7ECB43944BABD3556.e.14950","ELEMENT":"f.727CE9CF6895B2C759CBC992552C29E0.d.CE687615043E9FD7ECB43944BABD3556.e.14950"}]}
COMMAND: GET /session/b171ef130127fc2a30c2632ea9d3abff/screenshot - {}
RESULT: {}
COMMAND: POST /session/b171ef130127fc2a30c2632ea9d3abff/execute/sync - {"script":"<script> [8489 bytes]","args":[{"element-6066-11e4-a52e-4f735466cecf":"f.727CE9CF6895B2C759CBC992552C29E0.d.CE687615043E9FD7ECB43944BABD3556.e.14950","ELEMENT":"f.727CE9CF6895B2C759CBC992552C29E0.d.CE687615043E9FD7ECB43944BABD3556.e.14950"}]}
RESULT: {"script":"<script> [8489 bytes]","args":[{"element-6066-11e4-a52e-4f735466cecf":"f.727CE9CF6895B2C759CBC992552C29E0.d.CE687615043E9FD7ECB43944BABD3556.e.14950","ELEMENT":"f.727CE9CF6895B2C759CBC992552C29E0.d.CE687615043E9FD7ECB43944BABD3556.e.14950"}]}
COMMAND: GET /session/b171ef130127fc2a30c2632ea9d3abff/screenshot - {}
RESULT: {}
COMMAND: POST /session/b171ef130127fc2a30c2632ea9d3abff/execute/sync - {"script":"<script> [8489 bytes]","args":[{"element-6066-11e4-a52e-4f735466cecf":"f.727CE9CF6895B2C759CBC992552C29E0.d.CE687615043E9FD7ECB43944BABD3556.e.14950","ELEMENT":"f.727CE9CF6895B2C759CBC992552C29E0.d.CE687615043E9FD7ECB43944BABD3556.e.14950"}]}
RESULT: {"script":"<script> [8489 bytes]","args":[{"element-6066-11e4-a52e-4f735466cecf":"f.727CE9CF6895B2C759CBC992552C29E0.d.CE687615043E9FD7ECB43944BABD3556.e.14950","ELEMENT":"f.727CE9CF6895B2C759CBC992552C29E0.d.CE687615043E9FD7ECB43944BABD3556.e.14950"}]}
COMMAND: GET /session/b171ef130127fc2a30c2632ea9d3abff/screenshot - {}
RESULT: {}
COMMAND: POST /session/b171ef130127fc2a30c2632ea9d3abff/execute/sync - {"script":"<script> [8489 bytes]","args":[{"element-6066-11e4-a52e-4f735466cecf":"f.727CE9CF6895B2C759CBC992552C29E0.d.CE687615043E9FD7ECB43944BABD3556.e.14950","ELEMENT":"f.727CE9CF6895B2C759CBC992552C29E0.d.CE687615043E9FD7ECB43944BABD3556.e.14950"}]}
RESULT: {"script":"<script> [8489 bytes]","args":[{"element-6066-11e4-a52e-4f735466cecf":"f.727CE9CF6895B2C759CBC992552C29E0.d.CE687615043E9FD7ECB43944BABD3556.e.14950","ELEMENT":"f.727CE9CF6895B2C759CBC992552C29E0.d.CE687615043E9FD7ECB43944BABD3556.e.14950"}]}
COMMAND: GET /session/b171ef130127fc2a30c2632ea9d3abff/screenshot - {}
RESULT: {}
COMMAND: POST /session/b171ef130127fc2a30c2632ea9d3abff/execute/sync - {"script":"<script> [8489 bytes]","args":[{"element-6066-11e4-a52e-4f735466cecf":"f.727CE9CF6895B2C759CBC992552C29E0.d.CE687615043E9FD7ECB43944BABD3556.e.14950","ELEMENT":"f.727CE9CF6895B2C759CBC992552C29E0.d.CE687615043E9FD7ECB43944BABD3556.e.14950"}]}
RESULT: {"script":"<script> [8489 bytes]","args":[{"element-6066-11e4-a52e-4f735466cecf":"f.727CE9CF6895B2C759CBC992552C29E0.d.CE687615043E9FD7ECB43944BABD3556.e.14950","ELEMENT":"f.727CE9CF6895B2C759CBC992552C29E0.d.CE687615043E9FD7ECB43944BABD3556.e.14950"}]}
COMMAND: GET /session/b171ef130127fc2a30c2632ea9d3abff/screenshot - {}
RESULT: {}
COMMAND: POST /session/b171ef130127fc2a30c2632ea9d3abff/execute/sync - {"script":"<script> [8489 bytes]","args":[{"element-6066-11e4-a52e-4f735466cecf":"f.727CE9CF6895B2C759CBC992552C29E0.d.CE687615043E9FD7ECB43944BABD3556.e.14950","ELEMENT":"f.727CE9CF6895B2C759CBC992552C29E0.d.CE687615043E9FD7ECB43944BABD3556.e.14950"}]}
RESULT: {"script":"<script> [8489 bytes]","args":[{"element-6066-11e4-a52e-4f735466cecf":"f.727CE9CF6895B2C759CBC992552C29E0.d.CE687615043E9FD7ECB43944BABD3556.e.14950","ELEMENT":"f.727CE9CF6895B2C759CBC992552C29E0.d.CE687615043E9FD7ECB43944BABD3556.e.14950"}]}
COMMAND: GET /session/b171ef130127fc2a30c2632ea9d3abff/screenshot - {}
RESULT: {}
COMMAND: POST /session/b171ef130127fc2a30c2632ea9d3abff/execute/sync - {"script":"<script> [8489 bytes]","args":[{"element-6066-11e4-a52e-4f735466cecf":"f.727CE9CF6895B2C759CBC992552C29E0.d.CE687615043E9FD7ECB43944BABD3556.e.14950","ELEMENT":"f.727CE9CF6895B2C759CBC992552C29E0.d.CE687615043E9FD7ECB43944BABD3556.e.14950"}]}
RESULT: {"script":"<script> [8489 bytes]","args":[{"element-6066-11e4-a52e-4f735466cecf":"f.727CE9CF6895B2C759CBC992552C29E0.d.CE687615043E9FD7ECB43944BABD3556.e.14950","ELEMENT":"f.727CE9CF6895B2C759CBC992552C29E0.d.CE687615043E9FD7ECB43944BABD3556.e.14950"}]}
COMMAND: GET /session/b171ef130127fc2a30c2632ea9d3abff/screenshot - {}
RESULT: {}
COMMAND: POST /session/b171ef130127fc2a30c2632ea9d3abff/execute/sync - {"script":"<script> [8489 bytes]","args":[{"element-6066-11e4-a52e-4f735466cecf":"f.727CE9CF6895B2C759CBC992552C29E0.d.CE687615043E9FD7ECB43944BABD3556.e.14950","ELEMENT":"f.727CE9CF6895B2C759CBC992552C29E0.d.CE687615043E9FD7ECB43944BABD3556.e.14950"}]}
RESULT: {"script":"<script> [8489 bytes]","args":[{"element-6066-11e4-a52e-4f735466cecf":"f.727CE9CF6895B2C759CBC992552C29E0.d.CE687615043E9FD7ECB43944BABD3556.e.14950","ELEMENT":"f.727CE9CF6895B2C759CBC992552C29E0.d.CE687615043E9FD7ECB43944BABD3556.e.14950"}]}
COMMAND: GET /session/b171ef130127fc2a30c2632ea9d3abff/screenshot - {}
RESULT: {}
COMMAND: POST /session/b171ef130127fc2a30c2632ea9d3abff/execute/sync - {"script":"<script> [8489 bytes]","args":[{"element-6066-11e4-a52e-4f735466cecf":"f.727CE9CF6895B2C759CBC992552C29E0.d.CE687615043E9FD7ECB43944BABD3556.e.14950","ELEMENT":"f.727CE9CF6895B2C759CBC992552C29E0.d.CE687615043E9FD7ECB43944BABD3556.e.14950"}]}
RESULT: {"script":"<script> [8489 bytes]","args":[{"element-6066-11e4-a52e-4f735466cecf":"f.727CE9CF6895B2C759CBC992552C29E0.d.CE687615043E9FD7ECB43944BABD3556.e.14950","ELEMENT":"f.727CE9CF6895B2C759CBC992552C29E0.d.CE687615043E9FD7ECB43944BABD3556.e.14950"}]}
COMMAND: GET /session/b171ef130127fc2a30c2632ea9d3abff/screenshot - {}
RESULT: {}
COMMAND: POST /session/b171ef130127fc2a30c2632ea9d3abff/execute/sync - {"script":"<script> [8489 bytes]","args":[{"element-6066-11e4-a52e-4f735466cecf":"f.727CE9CF6895B2C759CBC992552C29E0.d.CE687615043E9FD7ECB43944BABD3556.e.14950","ELEMENT":"f.727CE9CF6895B2C759CBC992552C29E0.d.CE687615043E9FD7ECB43944BABD3556.e.14950"}]}
RESULT: {"script":"<script> [8489 bytes]","args":[{"element-6066-11e4-a52e-4f735466cecf":"f.727CE9CF6895B2C759CBC992552C29E0.d.CE687615043E9FD7ECB43944BABD3556.e.14950","ELEMENT":"f.727CE9CF6895B2C759CBC992552C29E0.d.CE687615043E9FD7ECB43944BABD3556.e.14950"}]}
COMMAND: GET /session/b171ef130127fc2a30c2632ea9d3abff/screenshot - {}
RESULT: {}
COMMAND: POST /session/b171ef130127fc2a30c2632ea9d3abff/execute/sync - {"script":"<script> [8489 bytes]","args":[{"element-6066-11e4-a52e-4f735466cecf":"f.727CE9CF6895B2C759CBC992552C29E0.d.CE687615043E9FD7ECB43944BABD3556.e.14950","ELEMENT":"f.727CE9CF6895B2C759CBC992552C29E0.d.CE687615043E9FD7ECB43944BABD3556.e.14950"}]}
RESULT: {"script":"<script> [8489 bytes]","args":[{"element-6066-11e4-a52e-4f735466cecf":"f.727CE9CF6895B2C759CBC992552C29E0.d.CE687615043E9FD7ECB43944BABD3556.e.14950","ELEMENT":"f.727CE9CF6895B2C759CBC992552C29E0.d.CE687615043E9FD7ECB43944BABD3556.e.14950"}]}
COMMAND: GET /session/b171ef130127fc2a30c2632ea9d3abff/screenshot - {}
RESULT: {}
COMMAND: POST /session/b171ef130127fc2a30c2632ea9d3abff/execute/sync - {"script":"<script> [8489 bytes]","args":[{"element-6066-11e4-a52e-4f735466cecf":"f.727CE9CF6895B2C759CBC992552C29E0.d.CE687615043E9FD7ECB43944BABD3556.e.14950","ELEMENT":"f.727CE9CF6895B2C759CBC992552C29E0.d.CE687615043E9FD7ECB43944BABD3556.e.14950"}]}
RESULT: {"script":"<script> [8489 bytes]","args":[{"element-6066-11e4-a52e-4f735466cecf":"f.727CE9CF6895B2C759CBC992552C29E0.d.CE687615043E9FD7ECB43944BABD3556.e.14950","ELEMENT":"f.727CE9CF6895B2C759CBC992552C29E0.d.CE687615043E9FD7ECB43944BABD3556.e.14950"}]}
COMMAND: GET /session/b171ef130127fc2a30c2632ea9d3abff/screenshot - {}
RESULT: {}
COMMAND: POST /session/b171ef130127fc2a30c2632ea9d3abff/execute/sync - {"script":"<script> [8489 bytes]","args":[{"element-6066-11e4-a52e-4f735466cecf":"f.727CE9CF6895B2C759CBC992552C29E0.d.CE687615043E9FD7ECB43944BABD3556.e.14950","ELEMENT":"f.727CE9CF6895B2C759CBC992552C29E0.d.CE687615043E9FD7ECB43944BABD3556.e.14950"}]}
RESULT: {"script":"<script> [8489 bytes]","args":[{"element-6066-11e4-a52e-4f735466cecf":"f.727CE9CF6895B2C759CBC992552C29E0.d.CE687615043E9FD7ECB43944BABD3556.e.14950","ELEMENT":"f.727CE9CF6895B2C759CBC992552C29E0.d.CE687615043E9FD7ECB43944BABD3556.e.14950"}]}
COMMAND: GET /session/b171ef130127fc2a30c2632ea9d3abff/screenshot - {}
RESULT: {}
COMMAND: POST /session/b171ef130127fc2a30c2632ea9d3abff/execute/sync - {"script":"<script> [8489 bytes]","args":[{"element-6066-11e4-a52e-4f735466cecf":"f.727CE9CF6895B2C759CBC992552C29E0.d.CE687615043E9FD7ECB43944BABD3556.e.14950","ELEMENT":"f.727CE9CF6895B2C759CBC992552C29E0.d.CE687615043E9FD7ECB43944BABD3556.e.14950"}]}
RESULT: {"script":"<script> [8489 bytes]","args":[{"element-6066-11e4-a52e-4f735466cecf":"f.727CE9CF6895B2C759CBC992552C29E0.d.CE687615043E9FD7ECB43944BABD3556.e.14950","ELEMENT":"f.727CE9CF6895B2C759CBC992552C29E0.d.CE687615043E9FD7ECB43944BABD3556.e.14950"}]}
COMMAND: GET /session/b171ef130127fc2a30c2632ea9d3abff/screenshot - {}
RESULT: {}
COMMAND: POST /session/b171ef130127fc2a30c2632ea9d3abff/execute/sync - {"script":"<script> [8489 bytes]","args":[{"element-6066-11e4-a52e-4f735466cecf":"f.727CE9CF6895B2C759CBC992552C29E0.d.CE687615043E9FD7ECB43944BABD3556.e.14950","ELEMENT":"f.727CE9CF6895B2C759CBC992552C29E0.d.CE687615043E9FD7ECB43944BABD3556.e.14950"}]}
RESULT: {"script":"<script> [8489 bytes]","args":[{"element-6066-11e4-a52e-4f735466cecf":"f.727CE9CF6895B2C759CBC992552C29E0.d.CE687615043E9FD7ECB43944BABD3556.e.14950","ELEMENT":"f.727CE9CF6895B2C759CBC992552C29E0.d.CE687615043E9FD7ECB43944BABD3556.e.14950"}]}
COMMAND: GET /session/b171ef130127fc2a30c2632ea9d3abff/screenshot - {}
RESULT: {}
COMMAND: POST /session/b171ef130127fc2a30c2632ea9d3abff/execute/sync - {"script":"<script> [8489 bytes]","args":[{"element-6066-11e4-a52e-4f735466cecf":"f.727CE9CF6895B2C759CBC992552C29E0.d.CE687615043E9FD7ECB43944BABD3556.e.14950","ELEMENT":"f.727CE9CF6895B2C759CBC992552C29E0.d.CE687615043E9FD7ECB43944BABD3556.e.14950"}]}
RESULT: {"script":"<script> [8489 bytes]","args":[{"element-6066-11e4-a52e-4f735466cecf":"f.727CE9CF6895B2C759CBC992552C29E0.d.CE687615043E9FD7ECB43944BABD3556.e.14950","ELEMENT":"f.727CE9CF6895B2C759CBC992552C29E0.d.CE687615043E9FD7ECB43944BABD3556.e.14950"}]}
COMMAND: GET /session/b171ef130127fc2a30c2632ea9d3abff/screenshot - {}
RESULT: {}
COMMAND: POST /session/b171ef130127fc2a30c2632ea9d3abff/execute/sync - {"script":"<script> [8489 bytes]","args":[{"element-6066-11e4-a52e-4f735466cecf":"f.727CE9CF6895B2C759CBC992552C29E0.d.CE687615043E9FD7ECB43944BABD3556.e.14950","ELEMENT":"f.727CE9CF6895B2C759CBC992552C29E0.d.CE687615043E9FD7ECB43944BABD3556.e.14950"}]}
RESULT: {"script":"<script> [8489 bytes]","args":[{"element-6066-11e4-a52e-4f735466cecf":"f.727CE9CF6895B2C759CBC992552C29E0.d.CE687615043E9FD7ECB43944BABD3556.e.14950","ELEMENT":"f.727CE9CF6895B2C759CBC992552C29E0.d.CE687615043E9FD7ECB43944BABD3556.e.14950"}]}
COMMAND: GET /session/b171ef130127fc2a30c2632ea9d3abff/screenshot - {}
RESULT: {}
COMMAND: POST /session/b171ef130127fc2a30c2632ea9d3abff/execute/sync - {"script":"<script> [8489 bytes]","args":[{"element-6066-11e4-a52e-4f735466cecf":"f.727CE9CF6895B2C759CBC992552C29E0.d.CE687615043E9FD7ECB43944BABD3556.e.14950","ELEMENT":"f.727CE9CF6895B2C759CBC992552C29E0.d.CE687615043E9FD7ECB43944BABD3556.e.14950"}]}
RESULT: {"script":"<script> [8489 bytes]","args":[{"element-6066-11e4-a52e-4f735466cecf":"f.727CE9CF6895B2C759CBC992552C29E0.d.CE687615043E9FD7ECB43944BABD3556.e.14950","ELEMENT":"f.727CE9CF6895B2C759CBC992552C29E0.d.CE687615043E9FD7ECB43944BABD3556.e.14950"}]}
COMMAND: GET /session/b171ef130127fc2a30c2632ea9d3abff/screenshot - {}
RESULT: {}
COMMAND: POST /session/b171ef130127fc2a30c2632ea9d3abff/execute/sync - {"script":"<script> [8489 bytes]","args":[{"element-6066-11e4-a52e-4f735466cecf":"f.727CE9CF6895B2C759CBC992552C29E0.d.CE687615043E9FD7ECB43944BABD3556.e.14950","ELEMENT":"f.727CE9CF6895B2C759CBC992552C29E0.d.CE687615043E9FD7ECB43944BABD3556.e.14950"}]}
RESULT: {"script":"<script> [8489 bytes]","args":[{"element-6066-11e4-a52e-4f735466cecf":"f.727CE9CF6895B2C759CBC992552C29E0.d.CE687615043E9FD7ECB43944BABD3556.e.14950","ELEMENT":"f.727CE9CF6895B2C759CBC992552C29E0.d.CE687615043E9FD7ECB43944BABD3556.e.14950"}]}
COMMAND: GET /session/b171ef130127fc2a30c2632ea9d3abff/screenshot - {}
RESULT: {}
COMMAND: POST /session/b171ef130127fc2a30c2632ea9d3abff/execute/sync - {"script":"<script> [8489 bytes]","args":[{"element-6066-11e4-a52e-4f735466cecf":"f.727CE9CF6895B2C759CBC992552C29E0.d.CE687615043E9FD7ECB43944BABD3556.e.14950","ELEMENT":"f.727CE9CF6895B2C759CBC992552C29E0.d.CE687615043E9FD7ECB43944BABD3556.e.14950"}]}
RESULT: {"script":"<script> [8489 bytes]","args":[{"element-6066-11e4-a52e-4f735466cecf":"f.727CE9CF6895B2C759CBC992552C29E0.d.CE687615043E9FD7ECB43944BABD3556.e.14950","ELEMENT":"f.727CE9CF6895B2C759CBC992552C29E0.d.CE687615043E9FD7ECB43944BABD3556.e.14950"}]}
COMMAND: GET /session/b171ef130127fc2a30c2632ea9d3abff/screenshot - {}
RESULT: {}
COMMAND: POST /session/b171ef130127fc2a30c2632ea9d3abff/execute/sync - {"script":"<script> [8489 bytes]","args":[{"element-6066-11e4-a52e-4f735466cecf":"f.727CE9CF6895B2C759CBC992552C29E0.d.CE687615043E9FD7ECB43944BABD3556.e.14950","ELEMENT":"f.727CE9CF6895B2C759CBC992552C29E0.d.CE687615043E9FD7ECB43944BABD3556.e.14950"}]}
RESULT: {"script":"<script> [8489 bytes]","args":[{"element-6066-11e4-a52e-4f735466cecf":"f.727CE9CF6895B2C759CBC992552C29E0.d.CE687615043E9FD7ECB43944BABD3556.e.14950","ELEMENT":"f.727CE9CF6895B2C759CBC992552C29E0.d.CE687615043E9FD7ECB43944BABD3556.e.14950"}]}
COMMAND: GET /session/b171ef130127fc2a30c2632ea9d3abff/screenshot - {}
RESULT: {}
COMMAND: POST /session/b171ef130127fc2a30c2632ea9d3abff/execute/sync - {"script":"<script> [8489 bytes]","args":[{"element-6066-11e4-a52e-4f735466cecf":"f.727CE9CF6895B2C759CBC992552C29E0.d.CE687615043E9FD7ECB43944BABD3556.e.14950","ELEMENT":"f.727CE9CF6895B2C759CBC992552C29E0.d.CE687615043E9FD7ECB43944BABD3556.e.14950"}]}
RESULT: {"script":"<script> [8489 bytes]","args":[{"element-6066-11e4-a52e-4f735466cecf":"f.727CE9CF6895B2C759CBC992552C29E0.d.CE687615043E9FD7ECB43944BABD3556.e.14950","ELEMENT":"f.727CE9CF6895B2C759CBC992552C29E0.d.CE687615043E9FD7ECB43944BABD3556.e.14950"}]}
COMMAND: GET /session/b171ef130127fc2a30c2632ea9d3abff/screenshot - {}
RESULT: {}
COMMAND: POST /session/b171ef130127fc2a30c2632ea9d3abff/execute/sync - {"script":"<script> [8489 bytes]","args":[{"element-6066-11e4-a52e-4f735466cecf":"f.727CE9CF6895B2C759CBC992552C29E0.d.CE687615043E9FD7ECB43944BABD3556.e.14950","ELEMENT":"f.727CE9CF6895B2C759CBC992552C29E0.d.CE687615043E9FD7ECB43944BABD3556.e.14950"}]}
RESULT: {"script":"<script> [8489 bytes]","args":[{"element-6066-11e4-a52e-4f735466cecf":"f.727CE9CF6895B2C759CBC992552C29E0.d.CE687615043E9FD7ECB43944BABD3556.e.14950","ELEMENT":"f.727CE9CF6895B2C759CBC992552C29E0.d.CE687615043E9FD7ECB43944BABD3556.e.14950"}]}
COMMAND: GET /session/b171ef130127fc2a30c2632ea9d3abff/screenshot - {}
RESULT: {}
COMMAND: POST /session/b171ef130127fc2a30c2632ea9d3abff/execute/sync - {"script":"<script> [8489 bytes]","args":[{"element-6066-11e4-a52e-4f735466cecf":"f.727CE9CF6895B2C759CBC992552C29E0.d.CE687615043E9FD7ECB43944BABD3556.e.14950","ELEMENT":"f.727CE9CF6895B2C759CBC992552C29E0.d.CE687615043E9FD7ECB43944BABD3556.e.14950"}]}
RESULT: {"script":"<script> [8489 bytes]","args":[{"element-6066-11e4-a52e-4f735466cecf":"f.727CE9CF6895B2C759CBC992552C29E0.d.CE687615043E9FD7ECB43944BABD3556.e.14950","ELEMENT":"f.727CE9CF6895B2C759CBC992552C29E0.d.CE687615043E9FD7ECB43944BABD3556.e.14950"}]}
COMMAND: GET /session/b171ef130127fc2a30c2632ea9d3abff/screenshot - {}
RESULT: {}
COMMAND: POST /session/b171ef130127fc2a30c2632ea9d3abff/execute/sync - {"script":"<script> [8489 bytes]","args":[{"element-6066-11e4-a52e-4f735466cecf":"f.727CE9CF6895B2C759CBC992552C29E0.d.CE687615043E9FD7ECB43944BABD3556.e.14950","ELEMENT":"f.727CE9CF6895B2C759CBC992552C29E0.d.CE687615043E9FD7ECB43944BABD3556.e.14950"}]}
RESULT: {"script":"<script> [8489 bytes]","args":[{"element-6066-11e4-a52e-4f735466cecf":"f.727CE9CF6895B2C759CBC992552C29E0.d.CE687615043E9FD7ECB43944BABD3556.e.14950","ELEMENT":"f.727CE9CF6895B2C759CBC992552C29E0.d.CE687615043E9FD7ECB43944BABD3556.e.14950"}]}
COMMAND: GET /session/b171ef130127fc2a30c2632ea9d3abff/screenshot - {}
RESULT: {}
COMMAND: POST /session/b171ef130127fc2a30c2632ea9d3abff/execute/sync - {"script":"<script> [8489 bytes]","args":[{"element-6066-11e4-a52e-4f735466cecf":"f.727CE9CF6895B2C759CBC992552C29E0.d.CE687615043E9FD7ECB43944BABD3556.e.14950","ELEMENT":"f.727CE9CF6895B2C759CBC992552C29E0.d.CE687615043E9FD7ECB43944BABD3556.e.14950"}]}
RESULT: {"script":"<script> [8489 bytes]","args":[{"element-6066-11e4-a52e-4f735466cecf":"f.727CE9CF6895B2C759CBC992552C29E0.d.CE687615043E9FD7ECB43944BABD3556.e.14950","ELEMENT":"f.727CE9CF6895B2C759CBC992552C29E0.d.CE687615043E9FD7ECB43944BABD3556.e.14950"}]}
COMMAND: GET /session/b171ef130127fc2a30c2632ea9d3abff/screenshot - {}
RESULT: {}
COMMAND: POST /session/b171ef130127fc2a30c2632ea9d3abff/execute/sync - {"script":"<script> [8489 bytes]","args":[{"element-6066-11e4-a52e-4f735466cecf":"f.727CE9CF6895B2C759CBC992552C29E0.d.CE687615043E9FD7ECB43944BABD3556.e.14950","ELEMENT":"f.727CE9CF6895B2C759CBC992552C29E0.d.CE687615043E9FD7ECB43944BABD3556.e.14950"}]}
RESULT: {"script":"<script> [8489 bytes]","args":[{"element-6066-11e4-a52e-4f735466cecf":"f.727CE9CF6895B2C759CBC992552C29E0.d.CE687615043E9FD7ECB43944BABD3556.e.14950","ELEMENT":"f.727CE9CF6895B2C759CBC992552C29E0.d.CE687615043E9FD7ECB43944BABD3556.e.14950"}]}
COMMAND: GET /session/b171ef130127fc2a30c2632ea9d3abff/screenshot - {}
RESULT: {}
COMMAND: POST /session/b171ef130127fc2a30c2632ea9d3abff/execute/sync - {"script":"<script> [8489 bytes]","args":[{"element-6066-11e4-a52e-4f735466cecf":"f.727CE9CF6895B2C759CBC992552C29E0.d.CE687615043E9FD7ECB43944BABD3556.e.14950","ELEMENT":"f.727CE9CF6895B2C759CBC992552C29E0.d.CE687615043E9FD7ECB43944BABD3556.e.14950"}]}
RESULT: {"script":"<script> [8489 bytes]","args":[{"element-6066-11e4-a52e-4f735466cecf":"f.727CE9CF6895B2C759CBC992552C29E0.d.CE687615043E9FD7ECB43944BABD3556.e.14950","ELEMENT":"f.727CE9CF6895B2C759CBC992552C29E0.d.CE687615043E9FD7ECB43944BABD3556.e.14950"}]}
COMMAND: GET /session/b171ef130127fc2a30c2632ea9d3abff/screenshot - {}
RESULT: {}
COMMAND: POST /session/b171ef130127fc2a30c2632ea9d3abff/execute/sync - {"script":"<script> [8489 bytes]","args":[{"element-6066-11e4-a52e-4f735466cecf":"f.727CE9CF6895B2C759CBC992552C29E0.d.CE687615043E9FD7ECB43944BABD3556.e.14950","ELEMENT":"f.727CE9CF6895B2C759CBC992552C29E0.d.CE687615043E9FD7ECB43944BABD3556.e.14950"}]}
RESULT: {"script":"<script> [8489 bytes]","args":[{"element-6066-11e4-a52e-4f735466cecf":"f.727CE9CF6895B2C759CBC992552C29E0.d.CE687615043E9FD7ECB43944BABD3556.e.14950","ELEMENT":"f.727CE9CF6895B2C759CBC992552C29E0.d.CE687615043E9FD7ECB43944BABD3556.e.14950"}]}
COMMAND: GET /session/b171ef130127fc2a30c2632ea9d3abff/screenshot - {}
COMMAND: POST /session/b171ef130127fc2a30c2632ea9d3abff/execute/sync - {"script":"<script> [8489 bytes]","args":[{"element-6066-11e4-a52e-4f735466cecf":"f.727CE9CF6895B2C759CBC992552C29E0.d.CE687615043E9FD7ECB43944BABD3556.e.14950","ELEMENT":"f.727CE9CF6895B2C759CBC992552C29E0.d.CE687615043E9FD7ECB43944BABD3556.e.14950"}]}
RESULT: {}
RESULT: {"script":"<script> [8489 bytes]","args":[{"element-6066-11e4-a52e-4f735466cecf":"f.727CE9CF6895B2C759CBC992552C29E0.d.CE687615043E9FD7ECB43944BABD3556.e.14950","ELEMENT":"f.727CE9CF6895B2C759CBC992552C29E0.d.CE687615043E9FD7ECB43944BABD3556.e.14950"}]}
COMMAND: GET /session/b171ef130127fc2a30c2632ea9d3abff/screenshot - {}
RESULT: {}
COMMAND: POST /session/b171ef130127fc2a30c2632ea9d3abff/execute/sync - {"script":"<script> [8489 bytes]","args":[{"element-6066-11e4-a52e-4f735466cecf":"f.727CE9CF6895B2C759CBC992552C29E0.d.CE687615043E9FD7ECB43944BABD3556.e.14950","ELEMENT":"f.727CE9CF6895B2C759CBC992552C29E0.d.CE687615043E9FD7ECB43944BABD3556.e.14950"}]}
COMMAND: POST /session/b171ef130127fc2a30c2632ea9d3abff/execute/async - {"script":"<script> [1562 bytes]","args":[{"selector":{"controlType":"sap.m.ToggleButton","viewName":"etm.portal.ui.warehousemovements.view.ExecuteMovement","viewId":"application-warehousemovements-display-component---executeMovement","bindingPath":{"propertyPath":"STATUS","modelName":"catalogModel"},"interaction":{"idSuffix":"BDI-content"}},"wdio_ui5_key":"etmportal.ui.warehousemovements.view.ExecuteMovementsap.m.ToggleButton{\"propertyPath\":\"STATUS\",\"modelName\":\"catalogModel\"}"}]}
RESULT: {"script":"<script> [8489 bytes]","args":[{"element-6066-11e4-a52e-4f735466cecf":"f.727CE9CF6895B2C759CBC992552C29E0.d.CE687615043E9FD7ECB43944BABD3556.e.14950","ELEMENT":"f.727CE9CF6895B2C759CBC992552C29E0.d.CE687615043E9FD7ECB43944BABD3556.e.14950"}]}
COMMAND: GET /session/b171ef130127fc2a30c2632ea9d3abff/screenshot - {}
RESULT: {"script":"<script> [1562 bytes]","args":[{"selector":{"controlType":"sap.m.ToggleButton","viewName":"etm.portal.ui.warehousemovements.view.ExecuteMovement","viewId":"application-warehousemovements-display-component---executeMovement","bindingPath":{"propertyPath":"STATUS","modelName":"catalogModel"},"interaction":{"idSuffix":"BDI-content"}},"wdio_ui5_key":"etmportal.ui.warehousemovements.view.ExecuteMovementsap.m.ToggleButton{\"propertyPath\":\"STATUS\",\"modelName\":\"catalogModel\"}"}]}
RESULT: undefined
COMMAND: POST /session/b171ef130127fc2a30c2632ea9d3abff/element - {"using":"xpath","value":"//*[@id=\"__button427-__clone10401\"]"}
RESULT: {}
RESULT: {"using":"xpath","value":"//*[@id=\"__button427-__clone10401\"]"}
COMMAND: POST /session/b171ef130127fc2a30c2632ea9d3abff/element/f.727CE9CF6895B2C759CBC992552C29E0.d.CE687615043E9FD7ECB43944BABD3556.e.14923/click - {}
RESULT: {}
RESULT: undefined
COMMAND: POST /session/b171ef130127fc2a30c2632ea9d3abff/element - {"using":"xpath","value":"//*[@id=\"__button427-__clone10401\"]"}
COMMAND: GET /session/b171ef130127fc2a30c2632ea9d3abff/screenshot - {}
RESULT: {"using":"xpath","value":"//*[@id=\"__button427-__clone10401\"]"}
COMMAND: POST /session/b171ef130127fc2a30c2632ea9d3abff/element/f.727CE9CF6895B2C759CBC992552C29E0.d.CE687615043E9FD7ECB43944BABD3556.e.14923/click - {}
RESULT: {}
RESULT: {}
RESULT: undefined
COMMAND: POST /session/b171ef130127fc2a30c2632ea9d3abff/execute/async - {"script":"<script> [6424 bytes]","args":[{"element-6066-11e4-a52e-4f735466cecf":"f.727CE9CF6895B2C759CBC992552C29E0.d.CE687615043E9FD7ECB43944BABD3556.e.14951"},"getText",[]]}
COMMAND: GET /session/b171ef130127fc2a30c2632ea9d3abff/screenshot - {}
RESULT: {"script":"<script> [6424 bytes]","args":[{"element-6066-11e4-a52e-4f735466cecf":"f.727CE9CF6895B2C759CBC992552C29E0.d.CE687615043E9FD7ECB43944BABD3556.e.14951"},"getText",[]]}
COMMAND: POST /session/b171ef130127fc2a30c2632ea9d3abff/execute/async - {"script":"<script> [1562 bytes]","args":[{"selector":{"id":"application-warehousemovements-display-component---executeMovement--executeId","interaction":{"idSuffix":"BDI-content"}},"wdio_ui5_key":"applicationwarehousemovements-display-component---executeMovement--executeId"}]}
RESULT: {}
RESULT: {"script":"<script> [1562 bytes]","args":[{"selector":{"id":"application-warehousemovements-display-component---executeMovement--executeId","interaction":{"idSuffix":"BDI-content"}},"wdio_ui5_key":"applicationwarehousemovements-display-component---executeMovement--executeId"}]}
RESULT: undefined
COMMAND: POST /session/b171ef130127fc2a30c2632ea9d3abff/element - {"using":"xpath","value":"//*[@id=\"application-warehousemovements-display-component---executeMovement--executeId\"]"}
RESULT: {"using":"xpath","value":"//*[@id=\"application-warehousemovements-display-component---executeMovement--executeId\"]"}
COMMAND: POST /session/b171ef130127fc2a30c2632ea9d3abff/element/f.727CE9CF6895B2C759CBC992552C29E0.d.CE687615043E9FD7ECB43944BABD3556.e.14916/click - {}
RESULT: {}
COMMAND: POST /session/b171ef130127fc2a30c2632ea9d3abff/execute/async - {"script":"<script> [1562 bytes]","args":[{"selector":{"controlType":"sap.m.Link","viewName":"etm.portal.ui.warehousemovements.view.DisplayMovement","viewId":"application-warehousemovements-display-component---displayMovement","bindingPath":{"propertyPath":"HAND_OVER_NO","modelName":"catalogModel"}},"wdio_ui5_key":"etmportal.ui.warehousemovements.view.DisplayMovementsap.m.Link{\"propertyPath\":\"HAND_OVER_NO\",\"modelName\":\"catalogModel\"}"}]}
COMMAND: GET /session/b171ef130127fc2a30c2632ea9d3abff/screenshot - {}
RESULT: {"script":"<script> [1562 bytes]","args":[{"selector":{"controlType":"sap.m.Link","viewName":"etm.portal.ui.warehousemovements.view.DisplayMovement","viewId":"application-warehousemovements-display-component---displayMovement","bindingPath":{"propertyPath":"HAND_OVER_NO","modelName":"catalogModel"}},"wdio_ui5_key":"etmportal.ui.warehousemovements.view.DisplayMovementsap.m.Link{\"propertyPath\":\"HAND_OVER_NO\",\"modelName\":\"catalogModel\"}"}]}
RESULT: undefined
COMMAND: POST /session/b171ef130127fc2a30c2632ea9d3abff/execute/async - {"script":"<script> [6424 bytes]","args":[{"element-6066-11e4-a52e-4f735466cecf":"f.727CE9CF6895B2C759CBC992552C29E0.d.CE687615043E9FD7ECB43944BABD3556.e.14998"},"getText",[]]}
RESULT: {}
RESULT: {"script":"<script> [6424 bytes]","args":[{"element-6066-11e4-a52e-4f735466cecf":"f.727CE9CF6895B2C759CBC992552C29E0.d.CE687615043E9FD7ECB43944BABD3556.e.14998"},"getText",[]]}
COMMAND: POST /session/b171ef130127fc2a30c2632ea9d3abff/element - {"using":"css selector","value":"#shell-header-logo"}
RESULT: {"using":"css selector","value":"#shell-header-logo"}
COMMAND: POST /session/b171ef130127fc2a30c2632ea9d3abff/element/f.727CE9CF6895B2C759CBC992552C29E0.d.CE687615043E9FD7ECB43944BABD3556.e.13666/click - {}
RESULT: {}
COMMAND: GET /session/b171ef130127fc2a30c2632ea9d3abff/screenshot - {}
RESULT: {}
RESULT: undefined
COMMAND: POST /session/b171ef130127fc2a30c2632ea9d3abff/element - {"using":"xpath","value":"//*[@id=\"__tile130\"]"}
RESULT: {"using":"xpath","value":"//*[@id=\"__tile130\"]"}
COMMAND: POST /session/b171ef130127fc2a30c2632ea9d3abff/element/f.727CE9CF6895B2C759CBC992552C29E0.d.CE687615043E9FD7ECB43944BABD3556.e.9863/click - {}
RESULT: {}
COMMAND: GET /session/b171ef130127fc2a30c2632ea9d3abff/screenshot - {}
RESULT: {}
COMMAND: POST /session/b171ef130127fc2a30c2632ea9d3abff/execute/async - {"script":"<script> [1562 bytes]","args":[{"selector":{"controlType":"sap.m.SearchField","viewName":"etm.portal.ui.managehandovers.view.MasterHO","bindingPath":{"propertyPath":"/_BASIC_SEARCH_FIELD","modelName":"fi1t3rM0d31"},"interaction":{"idSuffix":"I"}},"wdio_ui5_key":"etmportal.ui.managehandovers.view.MasterHOsap.m.SearchField{\"propertyPath\":\"/_BASIC_SEARCH_FIELD\",\"modelName\":\"fi1t3rM0d31\"}"}]}
RESULT: {"script":"<script> [1562 bytes]","args":[{"selector":{"controlType":"sap.m.SearchField","viewName":"etm.portal.ui.managehandovers.view.MasterHO","bindingPath":{"propertyPath":"/_BASIC_SEARCH_FIELD","modelName":"fi1t3rM0d31"},"interaction":{"idSuffix":"I"}},"wdio_ui5_key":"etmportal.ui.managehandovers.view.MasterHOsap.m.SearchField{\"propertyPath\":\"/_BASIC_SEARCH_FIELD\",\"modelName\":\"fi1t3rM0d31\"}"}]}
RESULT: undefined
COMMAND: POST /session/b171ef130127fc2a30c2632ea9d3abff/execute/async - {"script":"<script> [776 bytes]","args":[{"enterText":"30895","selector":{"controlType":"sap.m.SearchField","viewName":"etm.portal.ui.managehandovers.view.MasterHO","bindingPath":{"propertyPath":"/_BASIC_SEARCH_FIELD","modelName":"fi1t3rM0d31"},"interaction":{"idSuffix":"I"}},"clearTextFirst":true,"interactionType":"ENTER_TEXT"}]}
RESULT: {"script":"<script> [776 bytes]","args":[{"enterText":"30895","selector":{"controlType":"sap.m.SearchField","viewName":"etm.portal.ui.managehandovers.view.MasterHO","bindingPath":{"propertyPath":"/_BASIC_SEARCH_FIELD","modelName":"fi1t3rM0d31"},"interaction":{"idSuffix":"I"}},"clearTextFirst":true,"interactionType":"ENTER_TEXT"}]}
COMMAND: POST /session/b171ef130127fc2a30c2632ea9d3abff/actions - {"actions":[{"id":"action53","type":"key","parameters":{},"actions":[{"type":"keyDown","value":"î€‡"},{"type":"pause","duration":10},{"type":"keyUp","value":"î€‡"}]}]}
RESULT: {"actions":[{"id":"action53","type":"key","parameters":{},"actions":[{"type":"keyDown","value":"î€‡"},{"type":"pause","duration":10},{"type":"keyUp","value":"î€‡"}]}]}
COMMAND: GET /session/b171ef130127fc2a30c2632ea9d3abff/screenshot - {}
RESULT: {}
COMMAND: POST /session/b171ef130127fc2a30c2632ea9d3abff/execute/async - {"script":"<script> [1562 bytes]","args":[{"selector":{"controlType":"sap.ui.core.Icon","viewName":"etm.portal.ui.managehandovers.view.MasterHO","properties":{"src":{"regex":{"source":"slim\\-arrow\\-right"}}}},"wdio_ui5_key":"etmportal.ui.managehandovers.view.MasterHOsap.ui.core.Icon{\"src\":{\"regex\":{\"source\":\"slim\\\\-arrow\\\\-right\"}}}"}]}
RESULT: {"script":"<script> [1562 bytes]","args":[{"selector":{"controlType":"sap.ui.core.Icon","viewName":"etm.portal.ui.managehandovers.view.MasterHO","properties":{"src":{"regex":{"source":"slim\\-arrow\\-right"}}}},"wdio_ui5_key":"etmportal.ui.managehandovers.view.MasterHOsap.ui.core.Icon{\"src\":{\"regex\":{\"source\":\"slim\\\\-arrow\\\\-right\"}}}"}]}
RESULT: undefined
COMMAND: POST /session/b171ef130127fc2a30c2632ea9d3abff/element - {"using":"xpath","value":"//*[@id=\"__item4290-__clone10479-imgNav\"]"}
RESULT: {"using":"xpath","value":"//*[@id=\"__item4290-__clone10479-imgNav\"]"}
COMMAND: POST /session/b171ef130127fc2a30c2632ea9d3abff/element/f.727CE9CF6895B2C759CBC992552C29E0.d.CE687615043E9FD7ECB43944BABD3556.e.15127/click - {}
RESULT: {}
COMMAND: POST /session/b171ef130127fc2a30c2632ea9d3abff/execute/async - {"script":"<script> [1562 bytes]","args":[{"selector":{"controlType":"sap.m.Button","viewName":"etm.portal.ui.managehandovers.view.DetailExecuteHO","i18NText":{"propertyName":"text","key":"confirmAll"},"interaction":{"idSuffix":"BDI-content"}},"wdio_ui5_key":"etmportal.ui.managehandovers.view.DetailExecuteHOsap.m.Button{\"propertyName\":\"text\",\"key\":\"confirmAll\"}"}]}
COMMAND: GET /session/b171ef130127fc2a30c2632ea9d3abff/screenshot - {}
RESULT: {"script":"<script> [1562 bytes]","args":[{"selector":{"controlType":"sap.m.Button","viewName":"etm.portal.ui.managehandovers.view.DetailExecuteHO","i18NText":{"propertyName":"text","key":"confirmAll"},"interaction":{"idSuffix":"BDI-content"}},"wdio_ui5_key":"etmportal.ui.managehandovers.view.DetailExecuteHOsap.m.Button{\"propertyName\":\"text\",\"key\":\"confirmAll\"}"}]}
RESULT: undefined
COMMAND: POST /session/b171ef130127fc2a30c2632ea9d3abff/element - {"using":"xpath","value":"//*[@id=\"__button468\"]"}
RESULT: {}
RESULT: {"using":"xpath","value":"//*[@id=\"__button468\"]"}
COMMAND: POST /session/b171ef130127fc2a30c2632ea9d3abff/element/f.727CE9CF6895B2C759CBC992552C29E0.d.CE687615043E9FD7ECB43944BABD3556.e.15227/click - {}
RESULT: {}
COMMAND: GET /session/b171ef130127fc2a30c2632ea9d3abff/screenshot - {}
RESULT: {}
COMMAND: POST /session/b171ef130127fc2a30c2632ea9d3abff/actions - {"actions":[{"id":"action54","type":"key","parameters":{},"actions":[{"type":"keyDown","value":"î€‡"},{"type":"pause","duration":10},{"type":"keyUp","value":"î€‡"}]}]}
RESULT: {"actions":[{"id":"action54","type":"key","parameters":{},"actions":[{"type":"keyDown","value":"î€‡"},{"type":"pause","duration":10},{"type":"keyUp","value":"î€‡"}]}]}
COMMAND: GET /session/b171ef130127fc2a30c2632ea9d3abff/screenshot - {}
RESULT: {}
COMMAND: POST /session/b171ef130127fc2a30c2632ea9d3abff/execute/async - {"script":"<script> [1562 bytes]","args":[{"selector":{"id":"confirmationButton","viewName":"etm.portal.ui.managehandovers.view.DetailExecuteHO","properties":{"text":"Issue"},"interaction":{"idSuffix":"BDI-content"}},"wdio_ui5_key":"confirmationButtonetmportal.ui.managehandovers.view.DetailExecuteHO{\"text\":\"Issue\"}"}]}
RESULT: {"script":"<script> [1562 bytes]","args":[{"selector":{"id":"confirmationButton","viewName":"etm.portal.ui.managehandovers.view.DetailExecuteHO","properties":{"text":"Issue"},"interaction":{"idSuffix":"BDI-content"}},"wdio_ui5_key":"confirmationButtonetmportal.ui.managehandovers.view.DetailExecuteHO{\"text\":\"Issue\"}"}]}
RESULT: undefined
RESULT: undefined
COMMAND: POST /session/b171ef130127fc2a30c2632ea9d3abff/execute/async - {"script":"<script> [776 bytes]","args":[{"enterText":"30895","selector":{"controlType":"sap.m.SearchField","viewName":"etm.portal.ui.managehandovers.view.MasterHO","bindingPath":{"propertyPath":"/_BASIC_SEARCH_FIELD","modelName":"fi1t3rM0d31"},"interaction":{"idSuffix":"I"}},"clearTextFirst":true,"interactionType":"ENTER_TEXT"}]}
RESULT: {"script":"<script> [776 bytes]","args":[{"enterText":"30895","selector":{"controlType":"sap.m.SearchField","viewName":"etm.portal.ui.managehandovers.view.MasterHO","bindingPath":{"propertyPath":"/_BASIC_SEARCH_FIELD","modelName":"fi1t3rM0d31"},"interaction":{"idSuffix":"I"}},"clearTextFirst":true,"interactionType":"ENTER_TEXT"}]}
COMMAND: POST /session/b171ef130127fc2a30c2632ea9d3abff/actions - {"actions":[{"id":"action55","type":"key","parameters":{},"actions":[{"type":"keyDown","value":"î€‡"},{"type":"pause","duration":10},{"type":"keyUp","value":"î€‡"}]}]}
RESULT: {"actions":[{"id":"action55","type":"key","parameters":{},"actions":[{"type":"keyDown","value":"î€‡"},{"type":"pause","duration":10},{"type":"keyUp","value":"î€‡"}]}]}
COMMAND: GET /session/b171ef130127fc2a30c2632ea9d3abff/screenshot - {}
RESULT: {}
COMMAND: POST /session/b171ef130127fc2a30c2632ea9d3abff/element - {"using":"xpath","value":"//span[(text() = '30895' or . = '30895')]"}
RESULT: {"using":"xpath","value":"//span[(text() = '30895' or . = '30895')]"}
COMMAND: POST /session/b171ef130127fc2a30c2632ea9d3abff/element/f.727CE9CF6895B2C759CBC992552C29E0.d.CE687615043E9FD7ECB43944BABD3556.e.15135/click - {}
RESULT: {}
COMMAND: GET /session/b171ef130127fc2a30c2632ea9d3abff/screenshot - {}
RESULT: {}
COMMAND: POST /session/b171ef130127fc2a30c2632ea9d3abff/execute/async - {"script":"<script> [1562 bytes]","args":[{"selector":{"id":"instructionsTabFilter","viewName":"etm.portal.ui.managehandovers.view.DetailExecuteHO","interaction":{"idSuffix":"text"}},"wdio_ui5_key":"instructionsTabFilteretmportal.ui.managehandovers.view.DetailExecuteHO"}]}
RESULT: {"script":"<script> [1562 bytes]","args":[{"selector":{"id":"instructionsTabFilter","viewName":"etm.portal.ui.managehandovers.view.DetailExecuteHO","interaction":{"idSuffix":"text"}},"wdio_ui5_key":"instructionsTabFilteretmportal.ui.managehandovers.view.DetailExecuteHO"}]}
RESULT: undefined
COMMAND: POST /session/b171ef130127fc2a30c2632ea9d3abff/element - {"using":"xpath","value":"//*[@id=\"__xmlview68--instructionsTabFilter\"]"}
RESULT: {"using":"xpath","value":"//*[@id=\"__xmlview68--instructionsTabFilter\"]"}
COMMAND: POST /session/b171ef130127fc2a30c2632ea9d3abff/element/f.727CE9CF6895B2C759CBC992552C29E0.d.CE687615043E9FD7ECB43944BABD3556.e.15233/click - {}
RESULT: undefined
COMMAND: POST /session/b171ef130127fc2a30c2632ea9d3abff/element - {"using":"xpath","value":"//*[@id=\"__xmlview68--instructionsTabFilter\"]"}
RESULT: {"using":"xpath","value":"//*[@id=\"__xmlview68--instructionsTabFilter\"]"}
COMMAND: POST /session/b171ef130127fc2a30c2632ea9d3abff/element/f.727CE9CF6895B2C759CBC992552C29E0.d.CE687615043E9FD7ECB43944BABD3556.e.15233/click - {}
COMMAND: POST /session/b171ef130127fc2a30c2632ea9d3abff/execute/async - {"script":"<script> [1562 bytes]","args":[{"selector":{"controlType":"sap.m.ComboBox","viewName":"etm.portal.ui.managehandovers.view.DetailExecuteHO","bindingPath":{"propertyPath":"RECEIVING_SECTION","modelName":"catalogModel"},"interaction":{"idSuffix":"inner"}},"wdio_ui5_key":"etmportal.ui.managehandovers.view.DetailExecuteHOsap.m.ComboBox{\"propertyPath\":\"RECEIVING_SECTION\",\"modelName\":\"catalogModel\"}"}]}
RESULT: {"script":"<script> [1562 bytes]","args":[{"selector":{"controlType":"sap.m.ComboBox","viewName":"etm.portal.ui.managehandovers.view.DetailExecuteHO","bindingPath":{"propertyPath":"RECEIVING_SECTION","modelName":"catalogModel"},"interaction":{"idSuffix":"inner"}},"wdio_ui5_key":"etmportal.ui.managehandovers.view.DetailExecuteHOsap.m.ComboBox{\"propertyPath\":\"RECEIVING_SECTION\",\"modelName\":\"catalogModel\"}"}]}
RESULT: undefined
COMMAND: POST /session/b171ef130127fc2a30c2632ea9d3abff/actions - {"actions":[{"id":"action56","type":"key","parameters":{},"actions":[{"type":"keyDown","value":"î€‡"},{"type":"pause","duration":10},{"type":"keyUp","value":"î€‡"}]}]}
RESULT: {"actions":[{"id":"action56","type":"key","parameters":{},"actions":[{"type":"keyDown","value":"î€‡"},{"type":"pause","duration":10},{"type":"keyUp","value":"î€‡"}]}]}
COMMAND: GET /session/b171ef130127fc2a30c2632ea9d3abff/screenshot - {}
RESULT: {}
COMMAND: POST /session/b171ef130127fc2a30c2632ea9d3abff/execute/async - {"script":"<script> [1562 bytes]","args":[{"selector":{"id":"confirmationButton","viewName":"etm.portal.ui.managehandovers.view.DetailExecuteHO","properties":{"text":"Receive"},"interaction":{"idSuffix":"BDI-content"}},"wdio_ui5_key":"confirmationButtonetmportal.ui.managehandovers.view.DetailExecuteHO{\"text\":\"Receive\"}"}]}
RESULT: {"script":"<script> [1562 bytes]","args":[{"selector":{"id":"confirmationButton","viewName":"etm.portal.ui.managehandovers.view.DetailExecuteHO","properties":{"text":"Receive"},"interaction":{"idSuffix":"BDI-content"}},"wdio_ui5_key":"confirmationButtonetmportal.ui.managehandovers.view.DetailExecuteHO{\"text\":\"Receive\"}"}]}
RESULT: undefined
COMMAND: POST /session/b171ef130127fc2a30c2632ea9d3abff/execute/async - {"script":"<script> [1562 bytes]","args":[{"selector":{"controlType":"sap.m.Button","properties":{"text":"Continue"},"searchOpenDialogs":true,"interaction":{"idSuffix":"content"}},"wdio_ui5_key":"sapm.Button{\"text\":\"Continue\"}"}]}
RESULT: {"script":"<script> [1562 bytes]","args":[{"selector":{"controlType":"sap.m.Button","properties":{"text":"Continue"},"searchOpenDialogs":true,"interaction":{"idSuffix":"content"}},"wdio_ui5_key":"sapm.Button{\"text\":\"Continue\"}"}]}
RESULT: undefined
COMMAND: POST /session/b171ef130127fc2a30c2632ea9d3abff/element - {"using":"css selector","value":"#j_username"}
COMMAND: POST /session/b171ef130127fc2a30c2632ea9d3abff/url - {"url":"https://qa-testing-00-live-etm-ui.cfapps.eu10-004.hana.ondemand.com/"}
RESULT: {"using":"css selector","value":"#j_username"}
COMMAND: POST /session/b171ef130127fc2a30c2632ea9d3abff/element - {"using":"css selector","value":"#j_username"}
RESULT: {"url":"https://qa-testing-00-live-etm-ui.cfapps.eu10-004.hana.ondemand.com/"}
RESULT: undefined
COMMAND: GET /session/b171ef130127fc2a30c2632ea9d3abff/screenshot - {}
RESULT: {"using":"css selector","value":"#j_username"}
COMMAND: POST /session/b171ef130127fc2a30c2632ea9d3abff/element - {"using":"css selector","value":"#shell-header-logo"}
RESULT: {}
RESULT: {"using":"css selector","value":"#shell-header-logo"}
COMMAND: POST /session/b171ef130127fc2a30c2632ea9d3abff/execute/sync - {"script":"<script> [8489 bytes]","args":[{"element-6066-11e4-a52e-4f735466cecf":"f.727CE9CF6895B2C759CBC992552C29E0.d.E292F1479625DE3C1E72AE38FB002DB3.e.15246","ELEMENT":"f.727CE9CF6895B2C759CBC992552C29E0.d.E292F1479625DE3C1E72AE38FB002DB3.e.15246"}]}
RESULT: {"script":"<script> [8489 bytes]","args":[{"element-6066-11e4-a52e-4f735466cecf":"f.727CE9CF6895B2C759CBC992552C29E0.d.E292F1479625DE3C1E72AE38FB002DB3.e.15246","ELEMENT":"f.727CE9CF6895B2C759CBC992552C29E0.d.E292F1479625DE3C1E72AE38FB002DB3.e.15246"}]}
COMMAND: POST /session/b171ef130127fc2a30c2632ea9d3abff/element - {"using":"css selector","value":"#shell-header-logo"}
COMMAND: GET /session/b171ef130127fc2a30c2632ea9d3abff/screenshot - {}
RESULT: {"using":"css selector","value":"#shell-header-logo"}
COMMAND: POST /session/b171ef130127fc2a30c2632ea9d3abff/execute/sync - {"script":"<script> [8489 bytes]","args":[{"element-6066-11e4-a52e-4f735466cecf":"f.727CE9CF6895B2C759CBC992552C29E0.d.E292F1479625DE3C1E72AE38FB002DB3.e.15246","ELEMENT":"f.727CE9CF6895B2C759CBC992552C29E0.d.E292F1479625DE3C1E72AE38FB002DB3.e.15246"}]}
RESULT: {}
RESULT: {"script":"<script> [8489 bytes]","args":[{"element-6066-11e4-a52e-4f735466cecf":"f.727CE9CF6895B2C759CBC992552C29E0.d.E292F1479625DE3C1E72AE38FB002DB3.e.15246","ELEMENT":"f.727CE9CF6895B2C759CBC992552C29E0.d.E292F1479625DE3C1E72AE38FB002DB3.e.15246"}]}
COMMAND: POST /session/b171ef130127fc2a30c2632ea9d3abff/execute/sync - {"script":"<script> [5351 bytes]","args":[{"element-6066-11e4-a52e-4f735466cecf":"f.727CE9CF6895B2C759CBC992552C29E0.d.E292F1479625DE3C1E72AE38FB002DB3.e.15246","ELEMENT":"f.727CE9CF6895B2C759CBC992552C29E0.d.E292F1479625DE3C1E72AE38FB002DB3.e.15246"}]}
COMMAND: GET /session/b171ef130127fc2a30c2632ea9d3abff/screenshot - {}
RESULT: {"script":"<script> [5351 bytes]","args":[{"element-6066-11e4-a52e-4f735466cecf":"f.727CE9CF6895B2C759CBC992552C29E0.d.E292F1479625DE3C1E72AE38FB002DB3.e.15246","ELEMENT":"f.727CE9CF6895B2C759CBC992552C29E0.d.E292F1479625DE3C1E72AE38FB002DB3.e.15246"}]}
COMMAND: POST /session/b171ef130127fc2a30c2632ea9d3abff/element - {"using":"css selector","value":"#shell-header-logo"}
COMMAND: GET /session/b171ef130127fc2a30c2632ea9d3abff/screenshot - {}
RESULT: {}
RESULT: {"using":"css selector","value":"#shell-header-logo"}
COMMAND: POST /session/b171ef130127fc2a30c2632ea9d3abff/element/f.727CE9CF6895B2C759CBC992552C29E0.d.E292F1479625DE3C1E72AE38FB002DB3.e.15246/click - {}
RESULT: {}
RESULT: {}
COMMAND: GET /session/b171ef130127fc2a30c2632ea9d3abff/screenshot - {}
RESULT: {}
COMMAND: POST /session/b171ef130127fc2a30c2632ea9d3abff/execute/async - {"script":"<script> [189 bytes]","args":[]}
RESULT: {"script":"<script> [189 bytes]","args":[]}
COMMAND: POST /session/b171ef130127fc2a30c2632ea9d3abff/execute/async - {"script":"<script> [123 bytes]","args":[]}
RESULT: {"script":"<script> [123 bytes]","args":[]}
COMMAND: POST /session/b171ef130127fc2a30c2632ea9d3abff/timeouts - {"script":"<number>"}
RESULT: {"script":"<number>"}
COMMAND: GET /session/b171ef130127fc2a30c2632ea9d3abff/timeouts - {}
RESULT: {}
RESULT: undefined
COMMAND: POST /session/b171ef130127fc2a30c2632ea9d3abff/execute/async - {"script":"<script> [2676 bytes]","args":[]}
RESULT: {"script":"<script> [2676 bytes]","args":[]}
COMMAND: POST /session/b171ef130127fc2a30c2632ea9d3abff/execute/async - {"script":"<script> [2342 bytes]","args":[{"protocol":"http","hostname":"0.0.0.0","path":"/","capabilities":{"browserName":"chrome","goog:chromeOptions":{"binary":"C:\\Program Files\\Google\\Chrome\\Application\\chrome.exe","args":["--start-maximized"]}},"logLevel":"warn","connectionRetryTimeout":120000,"connectionRetryCount":3,"logLevels":{},"enableDirectConnect":true,"strictSSL":true,"_":"65 more keys: [\"cacheDir\",\"port\",\"requestedCapabilities\",\"automationProtocol\",\"baseUrl\",\"waitforInterval\",\"waitforTimeout\",\"onReload\",\"beforeCommand\",\"afterCommand\",\"rootDir\",\"specs\",\"suites\",\"exclude\",\"groupLogsByTestSpec\",\"excludeDriverLogs\",\"bail\",\"framework\",\"reporters\",\"services\",\"maxInstances\",\"maxInstancesPerCapability\",\"injectGlobals\",\"filesToWatch\",\"execArgv\",\"runnerEnv\",\"runner\",\"shard\",\"specFileRetries\",\"specFileRetriesDelay\",\"specFileRetriesDeferred\",\"reporterSyncInterval\",\"reporterSyncTimeout\",\"cucumberFeaturesWithLineNumbers\",\"autoCompileOpts\",\"mochaOpts\",\"jasmineOpts\",\"cucumberOpts\",\"onPrepare\",\"onWorkerStart\",\"onWorkerEnd\",\"before\",\"beforeSession\",\"beforeSuite\",\"beforeHook\",\"beforeTest\",\"afterTest\",\"afterHook\",\"afterSuite\",\"afterSession\",\"after\",\"onComplete\",\"beforeAssertion\",\"afterAssertion\",\"beforeFeature\",\"beforeScenario\",\"beforeStep\",\"afterStep\",\"afterScenario\",\"afterFeature\",\"_\",\"suite\",\"$0\",\"ignoredWorkerServices\",\"wdi5\"]"}]}
RESULT: {"script":"<script> [2342 bytes]","args":[{"protocol":"http","hostname":"0.0.0.0","path":"/","capabilities":{"browserName":"chrome","goog:chromeOptions":{"binary":"C:\\Program Files\\Google\\Chrome\\Application\\chrome.exe","args":["--start-maximized"]}},"logLevel":"warn","connectionRetryTimeout":120000,"connectionRetryCount":3,"logLevels":{},"enableDirectConnect":true,"strictSSL":true,"_":"65 more keys: [\"cacheDir\",\"port\",\"requestedCapabilities\",\"automationProtocol\",\"baseUrl\",\"waitforInterval\",\"waitforTimeout\",\"onReload\",\"beforeCommand\",\"afterCommand\",\"rootDir\",\"specs\",\"suites\",\"exclude\",\"groupLogsByTestSpec\",\"excludeDriverLogs\",\"bail\",\"framework\",\"reporters\",\"services\",\"maxInstances\",\"maxInstancesPerCapability\",\"injectGlobals\",\"filesToWatch\",\"execArgv\",\"runnerEnv\",\"runner\",\"shard\",\"specFileRetries\",\"specFileRetriesDelay\",\"specFileRetriesDeferred\",\"reporterSyncInterval\",\"reporterSyncTimeout\",\"cucumberFeaturesWithLineNumbers\",\"autoCompileOpts\",\"mochaOpts\",\"jasmineOpts\",\"cucumberOpts\",\"onPrepare\",\"onWorkerStart\",\"onWorkerEnd\",\"before\",\"beforeSession\",\"beforeSuite\",\"beforeHook\",\"beforeTest\",\"afterTest\",\"afterHook\",\"afterSuite\",\"afterSession\",\"after\",\"onComplete\",\"beforeAssertion\",\"afterAssertion\",\"beforeFeature\",\"beforeScenario\",\"beforeStep\",\"afterStep\",\"afterScenario\",\"afterFeature\",\"_\",\"suite\",\"$0\",\"ignoredWorkerServices\",\"wdi5\"]"}]}
COMMAND: POST /session/b171ef130127fc2a30c2632ea9d3abff/execute/async - {"script":"<script> [21126 bytes]","args":[35000]}
RESULT: {"script":"<script> [21126 bytes]","args":[35000]}
COMMAND: POST /session/b171ef130127fc2a30c2632ea9d3abff/window/maximize - {}
RESULT: {}
COMMAND: POST /session/b171ef130127fc2a30c2632ea9d3abff/execute/async - {"script":"<script> [1562 bytes]","args":[{"selector":{"id":"shell-header","interaction":{"idSuffix":"icon"}},"wdio_ui5_key":"shellheader"}]}
COMMAND: GET /session/b171ef130127fc2a30c2632ea9d3abff/screenshot - {}
RESULT: {"script":"<script> [1562 bytes]","args":[{"selector":{"id":"shell-header","interaction":{"idSuffix":"icon"}},"wdio_ui5_key":"shellheader"}]}
RESULT: undefined
COMMAND: POST /session/b171ef130127fc2a30c2632ea9d3abff/refresh - {}
RESULT: {}
RESULT: {}
COMMAND: GET /session/b171ef130127fc2a30c2632ea9d3abff/screenshot - {}
RESULT: {}
COMMAND: POST /session/b171ef130127fc2a30c2632ea9d3abff/refresh - {}
RESULT: {}
COMMAND: GET /session/b171ef130127fc2a30c2632ea9d3abff/screenshot - {}
RESULT: {}
COMMAND: POST /session/b171ef130127fc2a30c2632ea9d3abff/window/fullscreen - {}
RESULT: {}
COMMAND: POST /session/b171ef130127fc2a30c2632ea9d3abff/execute/async - {"script":"<script> [189 bytes]","args":[]}
RESULT: {"script":"<script> [189 bytes]","args":[]}
COMMAND: POST /session/b171ef130127fc2a30c2632ea9d3abff/execute/async - {"script":"<script> [123 bytes]","args":[]}
RESULT: {"script":"<script> [123 bytes]","args":[]}
COMMAND: POST /session/b171ef130127fc2a30c2632ea9d3abff/timeouts - {"script":"<number>"}
RESULT: {"script":"<number>"}
COMMAND: GET /session/b171ef130127fc2a30c2632ea9d3abff/timeouts - {}
RESULT: {}
RESULT: undefined
COMMAND: POST /session/b171ef130127fc2a30c2632ea9d3abff/execute/async - {"script":"<script> [2676 bytes]","args":[]}
RESULT: {"script":"<script> [2676 bytes]","args":[]}
COMMAND: POST /session/b171ef130127fc2a30c2632ea9d3abff/execute/async - {"script":"<script> [2342 bytes]","args":[{"protocol":"http","hostname":"0.0.0.0","path":"/","capabilities":{"browserName":"chrome","goog:chromeOptions":{"binary":"C:\\Program Files\\Google\\Chrome\\Application\\chrome.exe","args":["--start-maximized"]}},"logLevel":"warn","connectionRetryTimeout":120000,"connectionRetryCount":3,"logLevels":{},"enableDirectConnect":true,"strictSSL":true,"_":"65 more keys: [\"cacheDir\",\"port\",\"requestedCapabilities\",\"automationProtocol\",\"baseUrl\",\"waitforInterval\",\"waitforTimeout\",\"onReload\",\"beforeCommand\",\"afterCommand\",\"rootDir\",\"specs\",\"suites\",\"exclude\",\"groupLogsByTestSpec\",\"excludeDriverLogs\",\"bail\",\"framework\",\"reporters\",\"services\",\"maxInstances\",\"maxInstancesPerCapability\",\"injectGlobals\",\"filesToWatch\",\"execArgv\",\"runnerEnv\",\"runner\",\"shard\",\"specFileRetries\",\"specFileRetriesDelay\",\"specFileRetriesDeferred\",\"reporterSyncInterval\",\"reporterSyncTimeout\",\"cucumberFeaturesWithLineNumbers\",\"autoCompileOpts\",\"mochaOpts\",\"jasmineOpts\",\"cucumberOpts\",\"onPrepare\",\"onWorkerStart\",\"onWorkerEnd\",\"before\",\"beforeSession\",\"beforeSuite\",\"beforeHook\",\"beforeTest\",\"afterTest\",\"afterHook\",\"afterSuite\",\"afterSession\",\"after\",\"onComplete\",\"beforeAssertion\",\"afterAssertion\",\"beforeFeature\",\"beforeScenario\",\"beforeStep\",\"afterStep\",\"afterScenario\",\"afterFeature\",\"_\",\"suite\",\"$0\",\"ignoredWorkerServices\",\"wdi5\"]"}]}
RESULT: {"script":"<script> [2342 bytes]","args":[{"protocol":"http","hostname":"0.0.0.0","path":"/","capabilities":{"browserName":"chrome","goog:chromeOptions":{"binary":"C:\\Program Files\\Google\\Chrome\\Application\\chrome.exe","args":["--start-maximized"]}},"logLevel":"warn","connectionRetryTimeout":120000,"connectionRetryCount":3,"logLevels":{},"enableDirectConnect":true,"strictSSL":true,"_":"65 more keys: [\"cacheDir\",\"port\",\"requestedCapabilities\",\"automationProtocol\",\"baseUrl\",\"waitforInterval\",\"waitforTimeout\",\"onReload\",\"beforeCommand\",\"afterCommand\",\"rootDir\",\"specs\",\"suites\",\"exclude\",\"groupLogsByTestSpec\",\"excludeDriverLogs\",\"bail\",\"framework\",\"reporters\",\"services\",\"maxInstances\",\"maxInstancesPerCapability\",\"injectGlobals\",\"filesToWatch\",\"execArgv\",\"runnerEnv\",\"runner\",\"shard\",\"specFileRetries\",\"specFileRetriesDelay\",\"specFileRetriesDeferred\",\"reporterSyncInterval\",\"reporterSyncTimeout\",\"cucumberFeaturesWithLineNumbers\",\"autoCompileOpts\",\"mochaOpts\",\"jasmineOpts\",\"cucumberOpts\",\"onPrepare\",\"onWorkerStart\",\"onWorkerEnd\",\"before\",\"beforeSession\",\"beforeSuite\",\"beforeHook\",\"beforeTest\",\"afterTest\",\"afterHook\",\"afterSuite\",\"afterSession\",\"after\",\"onComplete\",\"beforeAssertion\",\"afterAssertion\",\"beforeFeature\",\"beforeScenario\",\"beforeStep\",\"afterStep\",\"afterScenario\",\"afterFeature\",\"_\",\"suite\",\"$0\",\"ignoredWorkerServices\",\"wdi5\"]"}]}
COMMAND: POST /session/b171ef130127fc2a30c2632ea9d3abff/execute/async - {"script":"<script> [21126 bytes]","args":[35000]}
RESULT: {"script":"<script> [21126 bytes]","args":[35000]}
]]></system-out>
    </testcase>
  </testsuite>
  <testsuite timestamp="2025-05-06T17:01:50" time="338.262" tests="4" failures="4" errors="4" skipped="0">
    <properties>
      <property name="specId" value="0" />
      <property name="suiteName" value="Provide to Site w/o warehouse management w/ clarification US116605" />
      <property name="capabilities" value="chrome.135_0_7049_115.windows" />
      <property name="file" value="file:///D:/a/1/s/test/specs/HTR/provide-to-site-wo-warehouse-w-clarification.spec.js" />
    </properties>
  </testsuite>
  <testsuite timestamp="2025-05-06T17:07:28" time="456.863" tests="6" failures="4" errors="4" skipped="0">
    <properties>
      <property name="specId" value="0" />
      <property name="suiteName" value="Provide to Site w/o warehouse management w clarification" />
      <property name="capabilities" value="chrome.135_0_7049_115.windows" />
      <property name="file" value="file:///D:/a/1/s/test/specs/HTR/provide-to-site-wo-warehouse-w-clarification.spec.js" />
    </properties>
    <testcase classname="chrome.135_0_7049_115.windows.Provide_to_Site_w/o_warehouse_management_w_clarification" name="Should Test for Handover Execution" time="169.636">
      <system-out><![CDATA[
COMMAND: GET /session/b171ef130127fc2a30c2632ea9d3abff/screenshot - {}
COMMAND: POST /session/b171ef130127fc2a30c2632ea9d3abff/element - {"using":"xpath","value":"//*[text()='Provide to site']"}
RESULT: {}
RESULT: {"using":"xpath","value":"//*[text()='Provide to site']"}
COMMAND: POST /session/b171ef130127fc2a30c2632ea9d3abff/elements - {"using":"xpath","value":"//*[text()='Provide to site']"}
RESULT: {"using":"xpath","value":"//*[text()='Provide to site']"}
COMMAND: POST /session/b171ef130127fc2a30c2632ea9d3abff/elements - {"using":"xpath","value":"//*[text()='Provide to site']"}
RESULT: {"using":"xpath","value":"//*[text()='Provide to site']"}
COMMAND: POST /session/b171ef130127fc2a30c2632ea9d3abff/elements - {"using":"xpath","value":"//*[text()='Provide to site']"}
RESULT: {"using":"xpath","value":"//*[text()='Provide to site']"}
COMMAND: POST /session/b171ef130127fc2a30c2632ea9d3abff/elements - {"using":"xpath","value":"//*[text()='Provide to site']"}
RESULT: {"using":"xpath","value":"//*[text()='Provide to site']"}
COMMAND: POST /session/b171ef130127fc2a30c2632ea9d3abff/elements - {"using":"xpath","value":"//*[text()='Provide to site']"}
RESULT: {"using":"xpath","value":"//*[text()='Provide to site']"}
COMMAND: POST /session/b171ef130127fc2a30c2632ea9d3abff/elements - {"using":"xpath","value":"//*[text()='Provide to site']"}
RESULT: {"using":"xpath","value":"//*[text()='Provide to site']"}
COMMAND: POST /session/b171ef130127fc2a30c2632ea9d3abff/elements - {"using":"xpath","value":"//*[text()='Provide to site']"}
RESULT: {"using":"xpath","value":"//*[text()='Provide to site']"}
COMMAND: POST /session/b171ef130127fc2a30c2632ea9d3abff/elements - {"using":"xpath","value":"//*[text()='Provide to site']"}
RESULT: {"using":"xpath","value":"//*[text()='Provide to site']"}
COMMAND: POST /session/b171ef130127fc2a30c2632ea9d3abff/elements - {"using":"xpath","value":"//*[text()='Provide to site']"}
RESULT: {"using":"xpath","value":"//*[text()='Provide to site']"}
COMMAND: POST /session/b171ef130127fc2a30c2632ea9d3abff/elements - {"using":"xpath","value":"//*[text()='Provide to site']"}
RESULT: {"using":"xpath","value":"//*[text()='Provide to site']"}
COMMAND: POST /session/b171ef130127fc2a30c2632ea9d3abff/elements - {"using":"xpath","value":"//*[text()='Provide to site']"}
RESULT: {"using":"xpath","value":"//*[text()='Provide to site']"}
COMMAND: POST /session/b171ef130127fc2a30c2632ea9d3abff/elements - {"using":"xpath","value":"//*[text()='Provide to site']"}
RESULT: {"using":"xpath","value":"//*[text()='Provide to site']"}
COMMAND: POST /session/b171ef130127fc2a30c2632ea9d3abff/elements - {"using":"xpath","value":"//*[text()='Provide to site']"}
RESULT: {"using":"xpath","value":"//*[text()='Provide to site']"}
COMMAND: POST /session/b171ef130127fc2a30c2632ea9d3abff/elements - {"using":"xpath","value":"//*[text()='Provide to site']"}
RESULT: {"using":"xpath","value":"//*[text()='Provide to site']"}
COMMAND: POST /session/b171ef130127fc2a30c2632ea9d3abff/elements - {"using":"xpath","value":"//*[text()='Provide to site']"}
RESULT: {"using":"xpath","value":"//*[text()='Provide to site']"}
COMMAND: POST /session/b171ef130127fc2a30c2632ea9d3abff/elements - {"using":"xpath","value":"//*[text()='Provide to site']"}
RESULT: {"using":"xpath","value":"//*[text()='Provide to site']"}
COMMAND: POST /session/b171ef130127fc2a30c2632ea9d3abff/elements - {"using":"xpath","value":"//*[text()='Provide to site']"}
RESULT: {"using":"xpath","value":"//*[text()='Provide to site']"}
COMMAND: POST /session/b171ef130127fc2a30c2632ea9d3abff/elements - {"using":"xpath","value":"//*[text()='Provide to site']"}
RESULT: {"using":"xpath","value":"//*[text()='Provide to site']"}
COMMAND: POST /session/b171ef130127fc2a30c2632ea9d3abff/elements - {"using":"xpath","value":"//*[text()='Provide to site']"}
RESULT: {"using":"xpath","value":"//*[text()='Provide to site']"}
COMMAND: POST /session/b171ef130127fc2a30c2632ea9d3abff/elements - {"using":"xpath","value":"//*[text()='Provide to site']"}
RESULT: {"using":"xpath","value":"//*[text()='Provide to site']"}
COMMAND: POST /session/b171ef130127fc2a30c2632ea9d3abff/elements - {"using":"xpath","value":"//*[text()='Provide to site']"}
RESULT: {"using":"xpath","value":"//*[text()='Provide to site']"}
COMMAND: POST /session/b171ef130127fc2a30c2632ea9d3abff/elements - {"using":"xpath","value":"//*[text()='Provide to site']"}
RESULT: {"using":"xpath","value":"//*[text()='Provide to site']"}
COMMAND: POST /session/b171ef130127fc2a30c2632ea9d3abff/elements - {"using":"xpath","value":"//*[text()='Provide to site']"}
RESULT: {"using":"xpath","value":"//*[text()='Provide to site']"}
COMMAND: POST /session/b171ef130127fc2a30c2632ea9d3abff/elements - {"using":"xpath","value":"//*[text()='Provide to site']"}
RESULT: {"using":"xpath","value":"//*[text()='Provide to site']"}
COMMAND: POST /session/b171ef130127fc2a30c2632ea9d3abff/elements - {"using":"xpath","value":"//*[text()='Provide to site']"}
RESULT: {"using":"xpath","value":"//*[text()='Provide to site']"}
COMMAND: POST /session/b171ef130127fc2a30c2632ea9d3abff/elements - {"using":"xpath","value":"//*[text()='Provide to site']"}
RESULT: {"using":"xpath","value":"//*[text()='Provide to site']"}
COMMAND: POST /session/b171ef130127fc2a30c2632ea9d3abff/elements - {"using":"xpath","value":"//*[text()='Provide to site']"}
RESULT: {"using":"xpath","value":"//*[text()='Provide to site']"}
COMMAND: POST /session/b171ef130127fc2a30c2632ea9d3abff/elements - {"using":"xpath","value":"//*[text()='Provide to site']"}
RESULT: {"using":"xpath","value":"//*[text()='Provide to site']"}
COMMAND: POST /session/b171ef130127fc2a30c2632ea9d3abff/elements - {"using":"xpath","value":"//*[text()='Provide to site']"}
RESULT: {"using":"xpath","value":"//*[text()='Provide to site']"}
COMMAND: POST /session/b171ef130127fc2a30c2632ea9d3abff/elements - {"using":"xpath","value":"//*[text()='Provide to site']"}
RESULT: {"using":"xpath","value":"//*[text()='Provide to site']"}
COMMAND: POST /session/b171ef130127fc2a30c2632ea9d3abff/elements - {"using":"xpath","value":"//*[text()='Provide to site']"}
RESULT: {"using":"xpath","value":"//*[text()='Provide to site']"}
COMMAND: POST /session/b171ef130127fc2a30c2632ea9d3abff/elements - {"using":"xpath","value":"//*[text()='Provide to site']"}
RESULT: {"using":"xpath","value":"//*[text()='Provide to site']"}
COMMAND: POST /session/b171ef130127fc2a30c2632ea9d3abff/elements - {"using":"xpath","value":"//*[text()='Provide to site']"}
RESULT: {"using":"xpath","value":"//*[text()='Provide to site']"}
COMMAND: POST /session/b171ef130127fc2a30c2632ea9d3abff/elements - {"using":"xpath","value":"//*[text()='Provide to site']"}
RESULT: {"using":"xpath","value":"//*[text()='Provide to site']"}
COMMAND: POST /session/b171ef130127fc2a30c2632ea9d3abff/elements - {"using":"xpath","value":"//*[text()='Provide to site']"}
RESULT: {"using":"xpath","value":"//*[text()='Provide to site']"}
COMMAND: POST /session/b171ef130127fc2a30c2632ea9d3abff/elements - {"using":"xpath","value":"//*[text()='Provide to site']"}
RESULT: {"using":"xpath","value":"//*[text()='Provide to site']"}
COMMAND: POST /session/b171ef130127fc2a30c2632ea9d3abff/elements - {"using":"xpath","value":"//*[text()='Provide to site']"}
RESULT: {"using":"xpath","value":"//*[text()='Provide to site']"}
COMMAND: POST /session/b171ef130127fc2a30c2632ea9d3abff/elements - {"using":"xpath","value":"//*[text()='Provide to site']"}
RESULT: {"using":"xpath","value":"//*[text()='Provide to site']"}
COMMAND: POST /session/b171ef130127fc2a30c2632ea9d3abff/elements - {"using":"xpath","value":"//*[text()='Provide to site']"}
RESULT: {"using":"xpath","value":"//*[text()='Provide to site']"}
COMMAND: POST /session/b171ef130127fc2a30c2632ea9d3abff/elements - {"using":"xpath","value":"//*[text()='Provide to site']"}
RESULT: {"using":"xpath","value":"//*[text()='Provide to site']"}
COMMAND: POST /session/b171ef130127fc2a30c2632ea9d3abff/elements - {"using":"xpath","value":"//*[text()='Provide to site']"}
RESULT: {"using":"xpath","value":"//*[text()='Provide to site']"}
COMMAND: POST /session/b171ef130127fc2a30c2632ea9d3abff/elements - {"using":"xpath","value":"//*[text()='Provide to site']"}
RESULT: {"using":"xpath","value":"//*[text()='Provide to site']"}
COMMAND: POST /session/b171ef130127fc2a30c2632ea9d3abff/elements - {"using":"xpath","value":"//*[text()='Provide to site']"}
RESULT: {"using":"xpath","value":"//*[text()='Provide to site']"}
COMMAND: POST /session/b171ef130127fc2a30c2632ea9d3abff/elements - {"using":"xpath","value":"//*[text()='Provide to site']"}
RESULT: {"using":"xpath","value":"//*[text()='Provide to site']"}
COMMAND: POST /session/b171ef130127fc2a30c2632ea9d3abff/elements - {"using":"xpath","value":"//*[text()='Provide to site']"}
RESULT: {"using":"xpath","value":"//*[text()='Provide to site']"}
COMMAND: POST /session/b171ef130127fc2a30c2632ea9d3abff/elements - {"using":"xpath","value":"//*[text()='Provide to site']"}
RESULT: {"using":"xpath","value":"//*[text()='Provide to site']"}
COMMAND: POST /session/b171ef130127fc2a30c2632ea9d3abff/elements - {"using":"xpath","value":"//*[text()='Provide to site']"}
RESULT: {"using":"xpath","value":"//*[text()='Provide to site']"}
COMMAND: POST /session/b171ef130127fc2a30c2632ea9d3abff/elements - {"using":"xpath","value":"//*[text()='Provide to site']"}
RESULT: {"using":"xpath","value":"//*[text()='Provide to site']"}
COMMAND: POST /session/b171ef130127fc2a30c2632ea9d3abff/elements - {"using":"xpath","value":"//*[text()='Provide to site']"}
RESULT: {"using":"xpath","value":"//*[text()='Provide to site']"}
COMMAND: POST /session/b171ef130127fc2a30c2632ea9d3abff/elements - {"using":"xpath","value":"//*[text()='Provide to site']"}
RESULT: {"using":"xpath","value":"//*[text()='Provide to site']"}
COMMAND: POST /session/b171ef130127fc2a30c2632ea9d3abff/elements - {"using":"xpath","value":"//*[text()='Provide to site']"}
RESULT: {"using":"xpath","value":"//*[text()='Provide to site']"}
COMMAND: POST /session/b171ef130127fc2a30c2632ea9d3abff/elements - {"using":"xpath","value":"//*[text()='Provide to site']"}
RESULT: {"using":"xpath","value":"//*[text()='Provide to site']"}
COMMAND: POST /session/b171ef130127fc2a30c2632ea9d3abff/elements - {"using":"xpath","value":"//*[text()='Provide to site']"}
RESULT: {"using":"xpath","value":"//*[text()='Provide to site']"}
COMMAND: POST /session/b171ef130127fc2a30c2632ea9d3abff/elements - {"using":"xpath","value":"//*[text()='Provide to site']"}
RESULT: {"using":"xpath","value":"//*[text()='Provide to site']"}
COMMAND: POST /session/b171ef130127fc2a30c2632ea9d3abff/elements - {"using":"xpath","value":"//*[text()='Provide to site']"}
RESULT: {"using":"xpath","value":"//*[text()='Provide to site']"}
COMMAND: POST /session/b171ef130127fc2a30c2632ea9d3abff/elements - {"using":"xpath","value":"//*[text()='Provide to site']"}
RESULT: {"using":"xpath","value":"//*[text()='Provide to site']"}
COMMAND: POST /session/b171ef130127fc2a30c2632ea9d3abff/elements - {"using":"xpath","value":"//*[text()='Provide to site']"}
RESULT: {"using":"xpath","value":"//*[text()='Provide to site']"}
COMMAND: POST /session/b171ef130127fc2a30c2632ea9d3abff/elements - {"using":"xpath","value":"//*[text()='Provide to site']"}
RESULT: {"using":"xpath","value":"//*[text()='Provide to site']"}
COMMAND: POST /session/b171ef130127fc2a30c2632ea9d3abff/elements - {"using":"xpath","value":"//*[text()='Provide to site']"}
RESULT: {"using":"xpath","value":"//*[text()='Provide to site']"}
COMMAND: POST /session/b171ef130127fc2a30c2632ea9d3abff/elements - {"using":"xpath","value":"//*[text()='Provide to site']"}
RESULT: {"using":"xpath","value":"//*[text()='Provide to site']"}
COMMAND: POST /session/b171ef130127fc2a30c2632ea9d3abff/elements - {"using":"xpath","value":"//*[text()='Provide to site']"}
RESULT: {"using":"xpath","value":"//*[text()='Provide to site']"}
COMMAND: POST /session/b171ef130127fc2a30c2632ea9d3abff/elements - {"using":"xpath","value":"//*[text()='Provide to site']"}
RESULT: {"using":"xpath","value":"//*[text()='Provide to site']"}
COMMAND: POST /session/b171ef130127fc2a30c2632ea9d3abff/elements - {"using":"xpath","value":"//*[text()='Provide to site']"}
RESULT: {"using":"xpath","value":"//*[text()='Provide to site']"}
COMMAND: POST /session/b171ef130127fc2a30c2632ea9d3abff/elements - {"using":"xpath","value":"//*[text()='Provide to site']"}
RESULT: {"using":"xpath","value":"//*[text()='Provide to site']"}
COMMAND: POST /session/b171ef130127fc2a30c2632ea9d3abff/elements - {"using":"xpath","value":"//*[text()='Provide to site']"}
RESULT: {"using":"xpath","value":"//*[text()='Provide to site']"}
COMMAND: POST /session/b171ef130127fc2a30c2632ea9d3abff/elements - {"using":"xpath","value":"//*[text()='Provide to site']"}
RESULT: {"using":"xpath","value":"//*[text()='Provide to site']"}
COMMAND: POST /session/b171ef130127fc2a30c2632ea9d3abff/elements - {"using":"xpath","value":"//*[text()='Provide to site']"}
RESULT: {"using":"xpath","value":"//*[text()='Provide to site']"}
COMMAND: POST /session/b171ef130127fc2a30c2632ea9d3abff/elements - {"using":"xpath","value":"//*[text()='Provide to site']"}
RESULT: {"using":"xpath","value":"//*[text()='Provide to site']"}
COMMAND: POST /session/b171ef130127fc2a30c2632ea9d3abff/elements - {"using":"xpath","value":"//*[text()='Provide to site']"}
RESULT: {"using":"xpath","value":"//*[text()='Provide to site']"}
COMMAND: POST /session/b171ef130127fc2a30c2632ea9d3abff/elements - {"using":"xpath","value":"//*[text()='Provide to site']"}
RESULT: {"using":"xpath","value":"//*[text()='Provide to site']"}
COMMAND: POST /session/b171ef130127fc2a30c2632ea9d3abff/elements - {"using":"xpath","value":"//*[text()='Provide to site']"}
RESULT: {"using":"xpath","value":"//*[text()='Provide to site']"}
COMMAND: POST /session/b171ef130127fc2a30c2632ea9d3abff/elements - {"using":"xpath","value":"//*[text()='Provide to site']"}
RESULT: {"using":"xpath","value":"//*[text()='Provide to site']"}
COMMAND: POST /session/b171ef130127fc2a30c2632ea9d3abff/elements - {"using":"xpath","value":"//*[text()='Provide to site']"}
RESULT: {"using":"xpath","value":"//*[text()='Provide to site']"}
COMMAND: POST /session/b171ef130127fc2a30c2632ea9d3abff/elements - {"using":"xpath","value":"//*[text()='Provide to site']"}
RESULT: {"using":"xpath","value":"//*[text()='Provide to site']"}
COMMAND: POST /session/b171ef130127fc2a30c2632ea9d3abff/elements - {"using":"xpath","value":"//*[text()='Provide to site']"}
RESULT: {"using":"xpath","value":"//*[text()='Provide to site']"}
COMMAND: POST /session/b171ef130127fc2a30c2632ea9d3abff/elements - {"using":"xpath","value":"//*[text()='Provide to site']"}
RESULT: {"using":"xpath","value":"//*[text()='Provide to site']"}
COMMAND: POST /session/b171ef130127fc2a30c2632ea9d3abff/elements - {"using":"xpath","value":"//*[text()='Provide to site']"}
RESULT: {"using":"xpath","value":"//*[text()='Provide to site']"}
COMMAND: POST /session/b171ef130127fc2a30c2632ea9d3abff/elements - {"using":"xpath","value":"//*[text()='Provide to site']"}
RESULT: {"using":"xpath","value":"//*[text()='Provide to site']"}
COMMAND: POST /session/b171ef130127fc2a30c2632ea9d3abff/elements - {"using":"xpath","value":"//*[text()='Provide to site']"}
RESULT: {"using":"xpath","value":"//*[text()='Provide to site']"}
COMMAND: POST /session/b171ef130127fc2a30c2632ea9d3abff/elements - {"using":"xpath","value":"//*[text()='Provide to site']"}
RESULT: {"using":"xpath","value":"//*[text()='Provide to site']"}
COMMAND: POST /session/b171ef130127fc2a30c2632ea9d3abff/elements - {"using":"xpath","value":"//*[text()='Provide to site']"}
RESULT: {"using":"xpath","value":"//*[text()='Provide to site']"}
COMMAND: POST /session/b171ef130127fc2a30c2632ea9d3abff/elements - {"using":"xpath","value":"//*[text()='Provide to site']"}
RESULT: {"using":"xpath","value":"//*[text()='Provide to site']"}
COMMAND: POST /session/b171ef130127fc2a30c2632ea9d3abff/elements - {"using":"xpath","value":"//*[text()='Provide to site']"}
RESULT: {"using":"xpath","value":"//*[text()='Provide to site']"}
COMMAND: POST /session/b171ef130127fc2a30c2632ea9d3abff/elements - {"using":"xpath","value":"//*[text()='Provide to site']"}
RESULT: {"using":"xpath","value":"//*[text()='Provide to site']"}
COMMAND: POST /session/b171ef130127fc2a30c2632ea9d3abff/elements - {"using":"xpath","value":"//*[text()='Provide to site']"}
RESULT: {"using":"xpath","value":"//*[text()='Provide to site']"}
COMMAND: POST /session/b171ef130127fc2a30c2632ea9d3abff/elements - {"using":"xpath","value":"//*[text()='Provide to site']"}
RESULT: {"using":"xpath","value":"//*[text()='Provide to site']"}
COMMAND: POST /session/b171ef130127fc2a30c2632ea9d3abff/elements - {"using":"xpath","value":"//*[text()='Provide to site']"}
RESULT: {"using":"xpath","value":"//*[text()='Provide to site']"}
COMMAND: POST /session/b171ef130127fc2a30c2632ea9d3abff/elements - {"using":"xpath","value":"//*[text()='Provide to site']"}
RESULT: {"using":"xpath","value":"//*[text()='Provide to site']"}
COMMAND: POST /session/b171ef130127fc2a30c2632ea9d3abff/elements - {"using":"xpath","value":"//*[text()='Provide to site']"}
RESULT: {"using":"xpath","value":"//*[text()='Provide to site']"}
COMMAND: POST /session/b171ef130127fc2a30c2632ea9d3abff/elements - {"using":"xpath","value":"//*[text()='Provide to site']"}
RESULT: {"using":"xpath","value":"//*[text()='Provide to site']"}
COMMAND: POST /session/b171ef130127fc2a30c2632ea9d3abff/elements - {"using":"xpath","value":"//*[text()='Provide to site']"}
RESULT: {"using":"xpath","value":"//*[text()='Provide to site']"}
COMMAND: POST /session/b171ef130127fc2a30c2632ea9d3abff/element - {"using":"xpath","value":"//span[text()='Provide to site - Completed']"}
RESULT: {"using":"xpath","value":"//span[text()='Provide to site - Completed']"}
COMMAND: POST /session/b171ef130127fc2a30c2632ea9d3abff/elements - {"using":"xpath","value":"//span[text()='Provide to site - Completed']"}
RESULT: {"using":"xpath","value":"//span[text()='Provide to site - Completed']"}
COMMAND: POST /session/b171ef130127fc2a30c2632ea9d3abff/elements - {"using":"xpath","value":"//span[text()='Provide to site - Completed']"}
RESULT: {"using":"xpath","value":"//span[text()='Provide to site - Completed']"}
COMMAND: POST /session/b171ef130127fc2a30c2632ea9d3abff/elements - {"using":"xpath","value":"//span[text()='Provide to site - Completed']"}
RESULT: {"using":"xpath","value":"//span[text()='Provide to site - Completed']"}
COMMAND: POST /session/b171ef130127fc2a30c2632ea9d3abff/elements - {"using":"xpath","value":"//span[text()='Provide to site - Completed']"}
RESULT: {"using":"xpath","value":"//span[text()='Provide to site - Completed']"}
COMMAND: POST /session/b171ef130127fc2a30c2632ea9d3abff/elements - {"using":"xpath","value":"//span[text()='Provide to site - Completed']"}
RESULT: {"using":"xpath","value":"//span[text()='Provide to site - Completed']"}
COMMAND: POST /session/b171ef130127fc2a30c2632ea9d3abff/elements - {"using":"xpath","value":"//span[text()='Provide to site - Completed']"}
RESULT: {"using":"xpath","value":"//span[text()='Provide to site - Completed']"}
COMMAND: POST /session/b171ef130127fc2a30c2632ea9d3abff/elements - {"using":"xpath","value":"//span[text()='Provide to site - Completed']"}
RESULT: {"using":"xpath","value":"//span[text()='Provide to site - Completed']"}
COMMAND: POST /session/b171ef130127fc2a30c2632ea9d3abff/elements - {"using":"xpath","value":"//span[text()='Provide to site - Completed']"}
RESULT: {"using":"xpath","value":"//span[text()='Provide to site - Completed']"}
COMMAND: POST /session/b171ef130127fc2a30c2632ea9d3abff/elements - {"using":"xpath","value":"//span[text()='Provide to site - Completed']"}
RESULT: {"using":"xpath","value":"//span[text()='Provide to site - Completed']"}
COMMAND: POST /session/b171ef130127fc2a30c2632ea9d3abff/elements - {"using":"xpath","value":"//span[text()='Provide to site - Completed']"}
RESULT: {"using":"xpath","value":"//span[text()='Provide to site - Completed']"}
COMMAND: POST /session/b171ef130127fc2a30c2632ea9d3abff/elements - {"using":"xpath","value":"//span[text()='Provide to site - Completed']"}
RESULT: {"using":"xpath","value":"//span[text()='Provide to site - Completed']"}
COMMAND: POST /session/b171ef130127fc2a30c2632ea9d3abff/elements - {"using":"xpath","value":"//span[text()='Provide to site - Completed']"}
RESULT: {"using":"xpath","value":"//span[text()='Provide to site - Completed']"}
COMMAND: POST /session/b171ef130127fc2a30c2632ea9d3abff/elements - {"using":"xpath","value":"//span[text()='Provide to site - Completed']"}
RESULT: {"using":"xpath","value":"//span[text()='Provide to site - Completed']"}
COMMAND: POST /session/b171ef130127fc2a30c2632ea9d3abff/elements - {"using":"xpath","value":"//span[text()='Provide to site - Completed']"}
RESULT: {"using":"xpath","value":"//span[text()='Provide to site - Completed']"}
COMMAND: POST /session/b171ef130127fc2a30c2632ea9d3abff/elements - {"using":"xpath","value":"//span[text()='Provide to site - Completed']"}
RESULT: {"using":"xpath","value":"//span[text()='Provide to site - Completed']"}
COMMAND: POST /session/b171ef130127fc2a30c2632ea9d3abff/elements - {"using":"xpath","value":"//span[text()='Provide to site - Completed']"}
RESULT: {"using":"xpath","value":"//span[text()='Provide to site - Completed']"}
COMMAND: POST /session/b171ef130127fc2a30c2632ea9d3abff/elements - {"using":"xpath","value":"//span[text()='Provide to site - Completed']"}
RESULT: {"using":"xpath","value":"//span[text()='Provide to site - Completed']"}
COMMAND: POST /session/b171ef130127fc2a30c2632ea9d3abff/elements - {"using":"xpath","value":"//span[text()='Provide to site - Completed']"}
RESULT: {"using":"xpath","value":"//span[text()='Provide to site - Completed']"}
COMMAND: POST /session/b171ef130127fc2a30c2632ea9d3abff/elements - {"using":"xpath","value":"//span[text()='Provide to site - Completed']"}
RESULT: {"using":"xpath","value":"//span[text()='Provide to site - Completed']"}
COMMAND: POST /session/b171ef130127fc2a30c2632ea9d3abff/elements - {"using":"xpath","value":"//span[text()='Provide to site - Completed']"}
RESULT: {"using":"xpath","value":"//span[text()='Provide to site - Completed']"}
COMMAND: POST /session/b171ef130127fc2a30c2632ea9d3abff/elements - {"using":"xpath","value":"//span[text()='Provide to site - Completed']"}
RESULT: {"using":"xpath","value":"//span[text()='Provide to site - Completed']"}
COMMAND: POST /session/b171ef130127fc2a30c2632ea9d3abff/elements - {"using":"xpath","value":"//span[text()='Provide to site - Completed']"}
RESULT: {"using":"xpath","value":"//span[text()='Provide to site - Completed']"}
COMMAND: POST /session/b171ef130127fc2a30c2632ea9d3abff/elements - {"using":"xpath","value":"//span[text()='Provide to site - Completed']"}
RESULT: {"using":"xpath","value":"//span[text()='Provide to site - Completed']"}
COMMAND: POST /session/b171ef130127fc2a30c2632ea9d3abff/elements - {"using":"xpath","value":"//span[text()='Provide to site - Completed']"}
RESULT: {"using":"xpath","value":"//span[text()='Provide to site - Completed']"}
COMMAND: POST /session/b171ef130127fc2a30c2632ea9d3abff/elements - {"using":"xpath","value":"//span[text()='Provide to site - Completed']"}
RESULT: {"using":"xpath","value":"//span[text()='Provide to site - Completed']"}
COMMAND: POST /session/b171ef130127fc2a30c2632ea9d3abff/elements - {"using":"xpath","value":"//span[text()='Provide to site - Completed']"}
RESULT: {"using":"xpath","value":"//span[text()='Provide to site - Completed']"}
COMMAND: POST /session/b171ef130127fc2a30c2632ea9d3abff/elements - {"using":"xpath","value":"//span[text()='Provide to site - Completed']"}
RESULT: {"using":"xpath","value":"//span[text()='Provide to site - Completed']"}
COMMAND: POST /session/b171ef130127fc2a30c2632ea9d3abff/elements - {"using":"xpath","value":"//span[text()='Provide to site - Completed']"}
RESULT: {"using":"xpath","value":"//span[text()='Provide to site - Completed']"}
COMMAND: POST /session/b171ef130127fc2a30c2632ea9d3abff/elements - {"using":"xpath","value":"//span[text()='Provide to site - Completed']"}
RESULT: {"using":"xpath","value":"//span[text()='Provide to site - Completed']"}
COMMAND: POST /session/b171ef130127fc2a30c2632ea9d3abff/elements - {"using":"xpath","value":"//span[text()='Provide to site - Completed']"}
RESULT: {"using":"xpath","value":"//span[text()='Provide to site - Completed']"}
COMMAND: POST /session/b171ef130127fc2a30c2632ea9d3abff/elements - {"using":"xpath","value":"//span[text()='Provide to site - Completed']"}
RESULT: {"using":"xpath","value":"//span[text()='Provide to site - Completed']"}
COMMAND: POST /session/b171ef130127fc2a30c2632ea9d3abff/elements - {"using":"xpath","value":"//span[text()='Provide to site - Completed']"}
RESULT: {"using":"xpath","value":"//span[text()='Provide to site - Completed']"}
COMMAND: POST /session/b171ef130127fc2a30c2632ea9d3abff/elements - {"using":"xpath","value":"//span[text()='Provide to site - Completed']"}
RESULT: {"using":"xpath","value":"//span[text()='Provide to site - Completed']"}
COMMAND: POST /session/b171ef130127fc2a30c2632ea9d3abff/elements - {"using":"xpath","value":"//span[text()='Provide to site - Completed']"}
RESULT: {"using":"xpath","value":"//span[text()='Provide to site - Completed']"}
COMMAND: POST /session/b171ef130127fc2a30c2632ea9d3abff/elements - {"using":"xpath","value":"//span[text()='Provide to site - Completed']"}
RESULT: {"using":"xpath","value":"//span[text()='Provide to site - Completed']"}
COMMAND: POST /session/b171ef130127fc2a30c2632ea9d3abff/elements - {"using":"xpath","value":"//span[text()='Provide to site - Completed']"}
RESULT: {"using":"xpath","value":"//span[text()='Provide to site - Completed']"}
COMMAND: POST /session/b171ef130127fc2a30c2632ea9d3abff/elements - {"using":"xpath","value":"//span[text()='Provide to site - Completed']"}
RESULT: {"using":"xpath","value":"//span[text()='Provide to site - Completed']"}
COMMAND: POST /session/b171ef130127fc2a30c2632ea9d3abff/elements - {"using":"xpath","value":"//span[text()='Provide to site - Completed']"}
RESULT: {"using":"xpath","value":"//span[text()='Provide to site - Completed']"}
COMMAND: POST /session/b171ef130127fc2a30c2632ea9d3abff/elements - {"using":"xpath","value":"//span[text()='Provide to site - Completed']"}
RESULT: {"using":"xpath","value":"//span[text()='Provide to site - Completed']"}
COMMAND: POST /session/b171ef130127fc2a30c2632ea9d3abff/elements - {"using":"xpath","value":"//span[text()='Provide to site - Completed']"}
RESULT: {"using":"xpath","value":"//span[text()='Provide to site - Completed']"}
COMMAND: POST /session/b171ef130127fc2a30c2632ea9d3abff/elements - {"using":"xpath","value":"//span[text()='Provide to site - Completed']"}
RESULT: {"using":"xpath","value":"//span[text()='Provide to site - Completed']"}
COMMAND: POST /session/b171ef130127fc2a30c2632ea9d3abff/elements - {"using":"xpath","value":"//span[text()='Provide to site - Completed']"}
RESULT: {"using":"xpath","value":"//span[text()='Provide to site - Completed']"}
COMMAND: POST /session/b171ef130127fc2a30c2632ea9d3abff/elements - {"using":"xpath","value":"//span[text()='Provide to site - Completed']"}
RESULT: {"using":"xpath","value":"//span[text()='Provide to site - Completed']"}
COMMAND: POST /session/b171ef130127fc2a30c2632ea9d3abff/elements - {"using":"xpath","value":"//span[text()='Provide to site - Completed']"}
RESULT: {"using":"xpath","value":"//span[text()='Provide to site - Completed']"}
COMMAND: POST /session/b171ef130127fc2a30c2632ea9d3abff/elements - {"using":"xpath","value":"//span[text()='Provide to site - Completed']"}
RESULT: {"using":"xpath","value":"//span[text()='Provide to site - Completed']"}
COMMAND: POST /session/b171ef130127fc2a30c2632ea9d3abff/elements - {"using":"xpath","value":"//span[text()='Provide to site - Completed']"}
RESULT: {"using":"xpath","value":"//span[text()='Provide to site - Completed']"}
COMMAND: POST /session/b171ef130127fc2a30c2632ea9d3abff/elements - {"using":"xpath","value":"//span[text()='Provide to site - Completed']"}
RESULT: {"using":"xpath","value":"//span[text()='Provide to site - Completed']"}
COMMAND: POST /session/b171ef130127fc2a30c2632ea9d3abff/elements - {"using":"xpath","value":"//span[text()='Provide to site - Completed']"}
RESULT: {"using":"xpath","value":"//span[text()='Provide to site - Completed']"}
COMMAND: POST /session/b171ef130127fc2a30c2632ea9d3abff/elements - {"using":"xpath","value":"//span[text()='Provide to site - Completed']"}
RESULT: {"using":"xpath","value":"//span[text()='Provide to site - Completed']"}
COMMAND: POST /session/b171ef130127fc2a30c2632ea9d3abff/elements - {"using":"xpath","value":"//span[text()='Provide to site - Completed']"}
RESULT: {"using":"xpath","value":"//span[text()='Provide to site - Completed']"}
COMMAND: POST /session/b171ef130127fc2a30c2632ea9d3abff/elements - {"using":"xpath","value":"//span[text()='Provide to site - Completed']"}
RESULT: {"using":"xpath","value":"//span[text()='Provide to site - Completed']"}
COMMAND: POST /session/b171ef130127fc2a30c2632ea9d3abff/elements - {"using":"xpath","value":"//span[text()='Provide to site - Completed']"}
RESULT: {"using":"xpath","value":"//span[text()='Provide to site - Completed']"}
COMMAND: POST /session/b171ef130127fc2a30c2632ea9d3abff/elements - {"using":"xpath","value":"//span[text()='Provide to site - Completed']"}
RESULT: {"using":"xpath","value":"//span[text()='Provide to site - Completed']"}
COMMAND: POST /session/b171ef130127fc2a30c2632ea9d3abff/elements - {"using":"xpath","value":"//span[text()='Provide to site - Completed']"}
RESULT: {"using":"xpath","value":"//span[text()='Provide to site - Completed']"}
COMMAND: POST /session/b171ef130127fc2a30c2632ea9d3abff/elements - {"using":"xpath","value":"//span[text()='Provide to site - Completed']"}
RESULT: {"using":"xpath","value":"//span[text()='Provide to site - Completed']"}
COMMAND: POST /session/b171ef130127fc2a30c2632ea9d3abff/elements - {"using":"xpath","value":"//span[text()='Provide to site - Completed']"}
RESULT: {"using":"xpath","value":"//span[text()='Provide to site - Completed']"}
COMMAND: POST /session/b171ef130127fc2a30c2632ea9d3abff/elements - {"using":"xpath","value":"//span[text()='Provide to site - Completed']"}
RESULT: {"using":"xpath","value":"//span[text()='Provide to site - Completed']"}
COMMAND: POST /session/b171ef130127fc2a30c2632ea9d3abff/elements - {"using":"xpath","value":"//span[text()='Provide to site - Completed']"}
RESULT: {"using":"xpath","value":"//span[text()='Provide to site - Completed']"}
COMMAND: POST /session/b171ef130127fc2a30c2632ea9d3abff/elements - {"using":"xpath","value":"//span[text()='Provide to site - Completed']"}
RESULT: {"using":"xpath","value":"//span[text()='Provide to site - Completed']"}
COMMAND: POST /session/b171ef130127fc2a30c2632ea9d3abff/elements - {"using":"xpath","value":"//span[text()='Provide to site - Completed']"}
RESULT: {"using":"xpath","value":"//span[text()='Provide to site - Completed']"}
COMMAND: POST /session/b171ef130127fc2a30c2632ea9d3abff/elements - {"using":"xpath","value":"//span[text()='Provide to site - Completed']"}
RESULT: {"using":"xpath","value":"//span[text()='Provide to site - Completed']"}
COMMAND: POST /session/b171ef130127fc2a30c2632ea9d3abff/elements - {"using":"xpath","value":"//span[text()='Provide to site - Completed']"}
RESULT: {"using":"xpath","value":"//span[text()='Provide to site - Completed']"}
COMMAND: POST /session/b171ef130127fc2a30c2632ea9d3abff/elements - {"using":"xpath","value":"//span[text()='Provide to site - Completed']"}
RESULT: {"using":"xpath","value":"//span[text()='Provide to site - Completed']"}
COMMAND: POST /session/b171ef130127fc2a30c2632ea9d3abff/elements - {"using":"xpath","value":"//span[text()='Provide to site - Completed']"}
RESULT: {"using":"xpath","value":"//span[text()='Provide to site - Completed']"}
COMMAND: POST /session/b171ef130127fc2a30c2632ea9d3abff/elements - {"using":"xpath","value":"//span[text()='Provide to site - Completed']"}
RESULT: {"using":"xpath","value":"//span[text()='Provide to site - Completed']"}
COMMAND: POST /session/b171ef130127fc2a30c2632ea9d3abff/elements - {"using":"xpath","value":"//span[text()='Provide to site - Completed']"}
RESULT: {"using":"xpath","value":"//span[text()='Provide to site - Completed']"}
COMMAND: POST /session/b171ef130127fc2a30c2632ea9d3abff/elements - {"using":"xpath","value":"//span[text()='Provide to site - Completed']"}
RESULT: {"using":"xpath","value":"//span[text()='Provide to site - Completed']"}
COMMAND: POST /session/b171ef130127fc2a30c2632ea9d3abff/elements - {"using":"xpath","value":"//span[text()='Provide to site - Completed']"}
RESULT: {"using":"xpath","value":"//span[text()='Provide to site - Completed']"}
COMMAND: POST /session/b171ef130127fc2a30c2632ea9d3abff/elements - {"using":"xpath","value":"//span[text()='Provide to site - Completed']"}
RESULT: {"using":"xpath","value":"//span[text()='Provide to site - Completed']"}
COMMAND: POST /session/b171ef130127fc2a30c2632ea9d3abff/elements - {"using":"xpath","value":"//span[text()='Provide to site - Completed']"}
RESULT: {"using":"xpath","value":"//span[text()='Provide to site - Completed']"}
COMMAND: POST /session/b171ef130127fc2a30c2632ea9d3abff/elements - {"using":"xpath","value":"//span[text()='Provide to site - Completed']"}
RESULT: {"using":"xpath","value":"//span[text()='Provide to site - Completed']"}
COMMAND: POST /session/b171ef130127fc2a30c2632ea9d3abff/elements - {"using":"xpath","value":"//span[text()='Provide to site - Completed']"}
RESULT: {"using":"xpath","value":"//span[text()='Provide to site - Completed']"}
COMMAND: POST /session/b171ef130127fc2a30c2632ea9d3abff/elements - {"using":"xpath","value":"//span[text()='Provide to site - Completed']"}
RESULT: {"using":"xpath","value":"//span[text()='Provide to site - Completed']"}
COMMAND: POST /session/b171ef130127fc2a30c2632ea9d3abff/elements - {"using":"xpath","value":"//span[text()='Provide to site - Completed']"}
RESULT: {"using":"xpath","value":"//span[text()='Provide to site - Completed']"}
COMMAND: POST /session/b171ef130127fc2a30c2632ea9d3abff/elements - {"using":"xpath","value":"//span[text()='Provide to site - Completed']"}
RESULT: {"using":"xpath","value":"//span[text()='Provide to site - Completed']"}
COMMAND: POST /session/b171ef130127fc2a30c2632ea9d3abff/elements - {"using":"xpath","value":"//span[text()='Provide to site - Completed']"}
RESULT: {"using":"xpath","value":"//span[text()='Provide to site - Completed']"}
COMMAND: POST /session/b171ef130127fc2a30c2632ea9d3abff/elements - {"using":"xpath","value":"//span[text()='Provide to site - Completed']"}
RESULT: {"using":"xpath","value":"//span[text()='Provide to site - Completed']"}
COMMAND: POST /session/b171ef130127fc2a30c2632ea9d3abff/elements - {"using":"xpath","value":"//span[text()='Provide to site - Completed']"}
RESULT: {"using":"xpath","value":"//span[text()='Provide to site - Completed']"}
COMMAND: POST /session/b171ef130127fc2a30c2632ea9d3abff/elements - {"using":"xpath","value":"//span[text()='Provide to site - Completed']"}
RESULT: {"using":"xpath","value":"//span[text()='Provide to site - Completed']"}
COMMAND: POST /session/b171ef130127fc2a30c2632ea9d3abff/elements - {"using":"xpath","value":"//span[text()='Provide to site - Completed']"}
RESULT: {"using":"xpath","value":"//span[text()='Provide to site - Completed']"}
COMMAND: POST /session/b171ef130127fc2a30c2632ea9d3abff/elements - {"using":"xpath","value":"//span[text()='Provide to site - Completed']"}
RESULT: {"using":"xpath","value":"//span[text()='Provide to site - Completed']"}
COMMAND: POST /session/b171ef130127fc2a30c2632ea9d3abff/elements - {"using":"xpath","value":"//span[text()='Provide to site - Completed']"}
RESULT: {"using":"xpath","value":"//span[text()='Provide to site - Completed']"}
COMMAND: POST /session/b171ef130127fc2a30c2632ea9d3abff/elements - {"using":"xpath","value":"//span[text()='Provide to site - Completed']"}
RESULT: {"using":"xpath","value":"//span[text()='Provide to site - Completed']"}
COMMAND: POST /session/b171ef130127fc2a30c2632ea9d3abff/elements - {"using":"xpath","value":"//span[text()='Provide to site - Completed']"}
RESULT: {"using":"xpath","value":"//span[text()='Provide to site - Completed']"}
COMMAND: POST /session/b171ef130127fc2a30c2632ea9d3abff/elements - {"using":"xpath","value":"//span[text()='Provide to site - Completed']"}
RESULT: {"using":"xpath","value":"//span[text()='Provide to site - Completed']"}
COMMAND: POST /session/b171ef130127fc2a30c2632ea9d3abff/elements - {"using":"xpath","value":"//span[text()='Provide to site - Completed']"}
RESULT: {"using":"xpath","value":"//span[text()='Provide to site - Completed']"}
COMMAND: POST /session/b171ef130127fc2a30c2632ea9d3abff/elements - {"using":"xpath","value":"//span[text()='Provide to site - Completed']"}
RESULT: {"using":"xpath","value":"//span[text()='Provide to site - Completed']"}
COMMAND: POST /session/b171ef130127fc2a30c2632ea9d3abff/elements - {"using":"xpath","value":"//span[text()='Provide to site - Completed']"}
RESULT: {"using":"xpath","value":"//span[text()='Provide to site - Completed']"}
COMMAND: POST /session/b171ef130127fc2a30c2632ea9d3abff/elements - {"using":"xpath","value":"//span[text()='Provide to site - Completed']"}
RESULT: {"using":"xpath","value":"//span[text()='Provide to site - Completed']"}
COMMAND: POST /session/b171ef130127fc2a30c2632ea9d3abff/elements - {"using":"xpath","value":"//span[text()='Provide to site - Completed']"}
RESULT: {"using":"xpath","value":"//span[text()='Provide to site - Completed']"}
COMMAND: POST /session/b171ef130127fc2a30c2632ea9d3abff/elements - {"using":"xpath","value":"//span[text()='Provide to site - Completed']"}
COMMAND: POST /session/b171ef130127fc2a30c2632ea9d3abff/execute/async - {"script":"<script> [1562 bytes]","args":[{"selector":{"controlType":"sap.m.Button","viewName":"etm.portal.ui.managehandovers.view.DetailExecuteHO","i18NText":{"propertyName":"text","key":"pickQty"},"interaction":{"idSuffix":"BDI-content"}},"wdio_ui5_key":"etmportal.ui.managehandovers.view.DetailExecuteHOsap.m.Button{\"propertyName\":\"text\",\"key\":\"pickQty\"}"}]}
RESULT: {"using":"xpath","value":"//span[text()='Provide to site - Completed']"}
RESULT: {"script":"<script> [1562 bytes]","args":[{"selector":{"controlType":"sap.m.Button","viewName":"etm.portal.ui.managehandovers.view.DetailExecuteHO","i18NText":{"propertyName":"text","key":"pickQty"},"interaction":{"idSuffix":"BDI-content"}},"wdio_ui5_key":"etmportal.ui.managehandovers.view.DetailExecuteHOsap.m.Button{\"propertyName\":\"text\",\"key\":\"pickQty\"}"}]}
RESULT: undefined
COMMAND: POST /session/b171ef130127fc2a30c2632ea9d3abff/execute/async - {"script":"<script> [1562 bytes]","args":[{"selector":{"controlType":"sap.m.Link","viewName":"etm.portal.ui.managehandovers.view.DetailExecuteHO","bindingPath":{"path":"","propertyPath":"/wmDoc","modelName":"warehouseMovModel"}},"wdio_ui5_key":"etmportal.ui.managehandovers.view.DetailExecuteHOsap.m.Link{\"path\":\"\",\"propertyPath\":\"/wmDoc\",\"modelName\":\"warehouseMovModel\"}"}]}
RESULT: {"script":"<script> [1562 bytes]","args":[{"selector":{"controlType":"sap.m.Link","viewName":"etm.portal.ui.managehandovers.view.DetailExecuteHO","bindingPath":{"path":"","propertyPath":"/wmDoc","modelName":"warehouseMovModel"}},"wdio_ui5_key":"etmportal.ui.managehandovers.view.DetailExecuteHOsap.m.Link{\"path\":\"\",\"propertyPath\":\"/wmDoc\",\"modelName\":\"warehouseMovModel\"}"}]}
RESULT: undefined
COMMAND: POST /session/b171ef130127fc2a30c2632ea9d3abff/execute/async - {"script":"<script> [1562 bytes]","args":[{"selector":{"controlType":"sap.m.Link","viewName":"etm.portal.ui.managehandovers.view.DetailExecuteHO","properties":{"text":"Warehouse Overview"},"searchOpenDialogs":true},"wdio_ui5_key":"etmportal.ui.managehandovers.view.DetailExecuteHOsap.m.Link{\"text\":\"Warehouse Overview\"}"}]}
RESULT: {"script":"<script> [1562 bytes]","args":[{"selector":{"controlType":"sap.m.Link","viewName":"etm.portal.ui.managehandovers.view.DetailExecuteHO","properties":{"text":"Warehouse Overview"},"searchOpenDialogs":true},"wdio_ui5_key":"etmportal.ui.managehandovers.view.DetailExecuteHOsap.m.Link{\"text\":\"Warehouse Overview\"}"}]}
RESULT: undefined
COMMAND: POST /session/b171ef130127fc2a30c2632ea9d3abff/execute/async - {"script":"<script> [1562 bytes]","args":[{"selector":{"controlType":"sap.m.Button","viewName":"etm.portal.ui.warehousemovements.view.DisplayMovement","viewId":"application-warehousemovements-display-component---displayMovement","i18NText":{"propertyName":"text","key":"execution"},"interaction":{"idSuffix":"BDI-content"}},"wdio_ui5_key":"etmportal.ui.warehousemovements.view.DisplayMovementsap.m.Button{\"propertyName\":\"text\",\"key\":\"execution\"}"}]}
RESULT: {"script":"<script> [1562 bytes]","args":[{"selector":{"controlType":"sap.m.Button","viewName":"etm.portal.ui.warehousemovements.view.DisplayMovement","viewId":"application-warehousemovements-display-component---displayMovement","i18NText":{"propertyName":"text","key":"execution"},"interaction":{"idSuffix":"BDI-content"}},"wdio_ui5_key":"etmportal.ui.warehousemovements.view.DisplayMovementsap.m.Button{\"propertyName\":\"text\",\"key\":\"execution\"}"}]}
RESULT: undefined
COMMAND: POST /session/b171ef130127fc2a30c2632ea9d3abff/execute/async - {"script":"<script> [1562 bytes]","args":[{"selector":{"controlType":"sap.m.Button","viewName":"etm.portal.ui.warehousemovements.view.ExecuteMovement","viewId":"application-warehousemovements-display-component---executeMovement","properties":{"text":"Items"},"interaction":{"idSuffix":"BDI-content"}},"wdio_ui5_key":"etmportal.ui.warehousemovements.view.ExecuteMovementsap.m.Button{\"text\":\"Items\"}"}]}
RESULT: {"script":"<script> [1562 bytes]","args":[{"selector":{"controlType":"sap.m.Button","viewName":"etm.portal.ui.warehousemovements.view.ExecuteMovement","viewId":"application-warehousemovements-display-component---executeMovement","properties":{"text":"Items"},"interaction":{"idSuffix":"BDI-content"}},"wdio_ui5_key":"etmportal.ui.warehousemovements.view.ExecuteMovementsap.m.Button{\"text\":\"Items\"}"}]}
RESULT: undefined
COMMAND: POST /session/b171ef130127fc2a30c2632ea9d3abff/execute/async - {"script":"<script> [1562 bytes]","args":[{"selector":{"controlType":"sap.m.ToggleButton","viewName":"etm.portal.ui.warehousemovements.view.ExecuteMovement","viewId":"application-warehousemovements-display-component---executeMovement","bindingPath":{"propertyPath":"STATUS","modelName":"catalogModel"},"interaction":{"idSuffix":"BDI-content"}},"wdio_ui5_key":"etmportal.ui.warehousemovements.view.ExecuteMovementsap.m.ToggleButton{\"propertyPath\":\"STATUS\",\"modelName\":\"catalogModel\"}"}]}
RESULT: {"script":"<script> [1562 bytes]","args":[{"selector":{"controlType":"sap.m.ToggleButton","viewName":"etm.portal.ui.warehousemovements.view.ExecuteMovement","viewId":"application-warehousemovements-display-component---executeMovement","bindingPath":{"propertyPath":"STATUS","modelName":"catalogModel"},"interaction":{"idSuffix":"BDI-content"}},"wdio_ui5_key":"etmportal.ui.warehousemovements.view.ExecuteMovementsap.m.ToggleButton{\"propertyPath\":\"STATUS\",\"modelName\":\"catalogModel\"}"}]}
RESULT: undefined
RESULT: undefined
RESULT: undefined
COMMAND: POST /session/b171ef130127fc2a30c2632ea9d3abff/execute/async - {"script":"<script> [1562 bytes]","args":[{"selector":{"id":"application-warehousemovements-display-component---executeMovement--executeId","interaction":{"idSuffix":"BDI-content"}},"wdio_ui5_key":"applicationwarehousemovements-display-component---executeMovement--executeId"}]}
RESULT: {"script":"<script> [1562 bytes]","args":[{"selector":{"id":"application-warehousemovements-display-component---executeMovement--executeId","interaction":{"idSuffix":"BDI-content"}},"wdio_ui5_key":"applicationwarehousemovements-display-component---executeMovement--executeId"}]}
RESULT: undefined
COMMAND: POST /session/b171ef130127fc2a30c2632ea9d3abff/element - {"using":"css selector","value":"#shell-header-logo"}
RESULT: {"using":"css selector","value":"#shell-header-logo"}
COMMAND: POST /session/b171ef130127fc2a30c2632ea9d3abff/element/f.727CE9CF6895B2C759CBC992552C29E0.d.4C9BEDFB5751FC2DE6DB89114B831776.e.15498/click - {}
RESULT: {}
COMMAND: GET /session/b171ef130127fc2a30c2632ea9d3abff/screenshot - {}
RESULT: {}
RESULT: undefined
COMMAND: POST /session/b171ef130127fc2a30c2632ea9d3abff/execute/async - {"script":"<script> [1562 bytes]","args":[{"selector":{"controlType":"sap.m.SearchField","viewName":"etm.portal.ui.managehandovers.view.MasterHO","bindingPath":{"propertyPath":"/_BASIC_SEARCH_FIELD","modelName":"fi1t3rM0d31"},"interaction":{"idSuffix":"I"}},"wdio_ui5_key":"etmportal.ui.managehandovers.view.MasterHOsap.m.SearchField{\"propertyPath\":\"/_BASIC_SEARCH_FIELD\",\"modelName\":\"fi1t3rM0d31\"}"}]}
RESULT: {"script":"<script> [1562 bytes]","args":[{"selector":{"controlType":"sap.m.SearchField","viewName":"etm.portal.ui.managehandovers.view.MasterHO","bindingPath":{"propertyPath":"/_BASIC_SEARCH_FIELD","modelName":"fi1t3rM0d31"},"interaction":{"idSuffix":"I"}},"wdio_ui5_key":"etmportal.ui.managehandovers.view.MasterHOsap.m.SearchField{\"propertyPath\":\"/_BASIC_SEARCH_FIELD\",\"modelName\":\"fi1t3rM0d31\"}"}]}
RESULT: undefined
COMMAND: POST /session/b171ef130127fc2a30c2632ea9d3abff/actions - {"actions":[{"id":"action58","type":"key","parameters":{},"actions":[{"type":"keyDown","value":"î€‡"},{"type":"pause","duration":10},{"type":"keyUp","value":"î€‡"}]}]}
RESULT: {"actions":[{"id":"action58","type":"key","parameters":{},"actions":[{"type":"keyDown","value":"î€‡"},{"type":"pause","duration":10},{"type":"keyUp","value":"î€‡"}]}]}
COMMAND: GET /session/b171ef130127fc2a30c2632ea9d3abff/screenshot - {}
RESULT: {}
COMMAND: POST /session/b171ef130127fc2a30c2632ea9d3abff/execute/async - {"script":"<script> [1562 bytes]","args":[{"selector":{"controlType":"sap.ui.core.Icon","viewName":"etm.portal.ui.managehandovers.view.MasterHO","properties":{"src":{"regex":{"source":"slim\\-arrow\\-right"}}}},"wdio_ui5_key":"etmportal.ui.managehandovers.view.MasterHOsap.ui.core.Icon{\"src\":{\"regex\":{\"source\":\"slim\\\\-arrow\\\\-right\"}}}"}]}
RESULT: {"script":"<script> [1562 bytes]","args":[{"selector":{"controlType":"sap.ui.core.Icon","viewName":"etm.portal.ui.managehandovers.view.MasterHO","properties":{"src":{"regex":{"source":"slim\\-arrow\\-right"}}}},"wdio_ui5_key":"etmportal.ui.managehandovers.view.MasterHOsap.ui.core.Icon{\"src\":{\"regex\":{\"source\":\"slim\\\\-arrow\\\\-right\"}}}"}]}
RESULT: undefined
COMMAND: POST /session/b171ef130127fc2a30c2632ea9d3abff/execute/async - {"script":"<script> [1562 bytes]","args":[{"selector":{"controlType":"sap.m.Button","viewName":"etm.portal.ui.managehandovers.view.DetailExecuteHO","i18NText":{"propertyName":"text","key":"confirmAll"},"interaction":{"idSuffix":"BDI-content"}},"wdio_ui5_key":"etmportal.ui.managehandovers.view.DetailExecuteHOsap.m.Button{\"propertyName\":\"text\",\"key\":\"confirmAll\"}"}]}
RESULT: {"script":"<script> [1562 bytes]","args":[{"selector":{"controlType":"sap.m.Button","viewName":"etm.portal.ui.managehandovers.view.DetailExecuteHO","i18NText":{"propertyName":"text","key":"confirmAll"},"interaction":{"idSuffix":"BDI-content"}},"wdio_ui5_key":"etmportal.ui.managehandovers.view.DetailExecuteHOsap.m.Button{\"propertyName\":\"text\",\"key\":\"confirmAll\"}"}]}
RESULT: undefined
COMMAND: POST /session/b171ef130127fc2a30c2632ea9d3abff/actions - {"actions":[{"id":"action59","type":"key","parameters":{},"actions":[{"type":"keyDown","value":"î€‡"},{"type":"pause","duration":10},{"type":"keyUp","value":"î€‡"}]}]}
RESULT: {"actions":[{"id":"action59","type":"key","parameters":{},"actions":[{"type":"keyDown","value":"î€‡"},{"type":"pause","duration":10},{"type":"keyUp","value":"î€‡"}]}]}
COMMAND: GET /session/b171ef130127fc2a30c2632ea9d3abff/screenshot - {}
RESULT: {}
COMMAND: POST /session/b171ef130127fc2a30c2632ea9d3abff/execute/async - {"script":"<script> [1562 bytes]","args":[{"selector":{"id":"confirmationButton","viewName":"etm.portal.ui.managehandovers.view.DetailExecuteHO","properties":{"text":"Issue"},"interaction":{"idSuffix":"BDI-content"}},"wdio_ui5_key":"confirmationButtonetmportal.ui.managehandovers.view.DetailExecuteHO{\"text\":\"Issue\"}"}]}
RESULT: {"script":"<script> [1562 bytes]","args":[{"selector":{"id":"confirmationButton","viewName":"etm.portal.ui.managehandovers.view.DetailExecuteHO","properties":{"text":"Issue"},"interaction":{"idSuffix":"BDI-content"}},"wdio_ui5_key":"confirmationButtonetmportal.ui.managehandovers.view.DetailExecuteHO{\"text\":\"Issue\"}"}]}
RESULT: undefined
RESULT: undefined
COMMAND: POST /session/b171ef130127fc2a30c2632ea9d3abff/actions - {"actions":[{"id":"action60","type":"key","parameters":{},"actions":[{"type":"keyDown","value":"î€‡"},{"type":"pause","duration":10},{"type":"keyUp","value":"î€‡"}]}]}
RESULT: {"actions":[{"id":"action60","type":"key","parameters":{},"actions":[{"type":"keyDown","value":"î€‡"},{"type":"pause","duration":10},{"type":"keyUp","value":"î€‡"}]}]}
COMMAND: GET /session/b171ef130127fc2a30c2632ea9d3abff/screenshot - {}
RESULT: {}
RESULT: undefined
COMMAND: POST /session/b171ef130127fc2a30c2632ea9d3abff/execute/async - {"script":"<script> [1562 bytes]","args":[{"selector":{"id":"instructionsTabFilter","viewName":"etm.portal.ui.managehandovers.view.DetailExecuteHO","interaction":{"idSuffix":"text"}},"wdio_ui5_key":"instructionsTabFilteretmportal.ui.managehandovers.view.DetailExecuteHO"}]}
RESULT: {"script":"<script> [1562 bytes]","args":[{"selector":{"id":"instructionsTabFilter","viewName":"etm.portal.ui.managehandovers.view.DetailExecuteHO","interaction":{"idSuffix":"text"}},"wdio_ui5_key":"instructionsTabFilteretmportal.ui.managehandovers.view.DetailExecuteHO"}]}
RESULT: undefined
RESULT: undefined
COMMAND: POST /session/b171ef130127fc2a30c2632ea9d3abff/execute/async - {"script":"<script> [1562 bytes]","args":[{"selector":{"controlType":"sap.m.ComboBox","viewName":"etm.portal.ui.managehandovers.view.DetailExecuteHO","bindingPath":{"propertyPath":"RECEIVING_SECTION","modelName":"catalogModel"},"interaction":{"idSuffix":"inner"}},"wdio_ui5_key":"etmportal.ui.managehandovers.view.DetailExecuteHOsap.m.ComboBox{\"propertyPath\":\"RECEIVING_SECTION\",\"modelName\":\"catalogModel\"}"}]}
RESULT: {"script":"<script> [1562 bytes]","args":[{"selector":{"controlType":"sap.m.ComboBox","viewName":"etm.portal.ui.managehandovers.view.DetailExecuteHO","bindingPath":{"propertyPath":"RECEIVING_SECTION","modelName":"catalogModel"},"interaction":{"idSuffix":"inner"}},"wdio_ui5_key":"etmportal.ui.managehandovers.view.DetailExecuteHOsap.m.ComboBox{\"propertyPath\":\"RECEIVING_SECTION\",\"modelName\":\"catalogModel\"}"}]}
RESULT: undefined
COMMAND: POST /session/b171ef130127fc2a30c2632ea9d3abff/actions - {"actions":[{"id":"action61","type":"key","parameters":{},"actions":[{"type":"keyDown","value":"î€‡"},{"type":"pause","duration":10},{"type":"keyUp","value":"î€‡"}]}]}
RESULT: {"actions":[{"id":"action61","type":"key","parameters":{},"actions":[{"type":"keyDown","value":"î€‡"},{"type":"pause","duration":10},{"type":"keyUp","value":"î€‡"}]}]}
COMMAND: GET /session/b171ef130127fc2a30c2632ea9d3abff/screenshot - {}
RESULT: {}
COMMAND: POST /session/b171ef130127fc2a30c2632ea9d3abff/execute/async - {"script":"<script> [1562 bytes]","args":[{"selector":{"id":"confirmationButton","viewName":"etm.portal.ui.managehandovers.view.DetailExecuteHO","properties":{"text":"Receive"},"interaction":{"idSuffix":"BDI-content"}},"wdio_ui5_key":"confirmationButtonetmportal.ui.managehandovers.view.DetailExecuteHO{\"text\":\"Receive\"}"}]}
RESULT: {"script":"<script> [1562 bytes]","args":[{"selector":{"id":"confirmationButton","viewName":"etm.portal.ui.managehandovers.view.DetailExecuteHO","properties":{"text":"Receive"},"interaction":{"idSuffix":"BDI-content"}},"wdio_ui5_key":"confirmationButtonetmportal.ui.managehandovers.view.DetailExecuteHO{\"text\":\"Receive\"}"}]}
RESULT: undefined
COMMAND: POST /session/b171ef130127fc2a30c2632ea9d3abff/execute/async - {"script":"<script> [1562 bytes]","args":[{"selector":{"controlType":"sap.m.Button","properties":{"text":"Continue"},"searchOpenDialogs":true,"interaction":{"idSuffix":"content"}},"wdio_ui5_key":"sapm.Button{\"text\":\"Continue\"}"}]}
RESULT: {"script":"<script> [1562 bytes]","args":[{"selector":{"controlType":"sap.m.Button","properties":{"text":"Continue"},"searchOpenDialogs":true,"interaction":{"idSuffix":"content"}},"wdio_ui5_key":"sapm.Button{\"text\":\"Continue\"}"}]}
RESULT: undefined
]]></system-out>
    </testcase>
    <testcase classname="chrome.135_0_7049_115.windows.Provide_to_Site_w/o_warehouse_management_w_clarification" name="Should test for Clarification" time="27.012">
      <system-out><![CDATA[
RESULT: undefined
RESULT: undefined
COMMAND: POST /session/b171ef130127fc2a30c2632ea9d3abff/actions - {"actions":[{"id":"action62","type":"key","parameters":{},"actions":[{"type":"keyDown","value":"î€‡"},{"type":"pause","duration":10},{"type":"keyUp","value":"î€‡"}]}]}
RESULT: {"actions":[{"id":"action62","type":"key","parameters":{},"actions":[{"type":"keyDown","value":"î€‡"},{"type":"pause","duration":10},{"type":"keyUp","value":"î€‡"}]}]}
COMMAND: GET /session/b171ef130127fc2a30c2632ea9d3abff/screenshot - {}
RESULT: {}
RESULT: undefined
RESULT: undefined
RESULT: undefined
COMMAND: POST /session/b171ef130127fc2a30c2632ea9d3abff/execute/async - {"script":"<script> [1562 bytes]","args":[{"selector":{"controlType":"sap.m.ToggleButton","viewName":"etm.portal.ui.managehandovers.view.DetailExecuteHO","i18NText":{"propertyName":"text","key":"refuse"},"interaction":{"idSuffix":"BDI-content"}},"wdio_ui5_key":"etmportal.ui.managehandovers.view.DetailExecuteHOsap.m.ToggleButton{\"propertyName\":\"text\",\"key\":\"refuse\"}"}]}
RESULT: {"script":"<script> [1562 bytes]","args":[{"selector":{"controlType":"sap.m.ToggleButton","viewName":"etm.portal.ui.managehandovers.view.DetailExecuteHO","i18NText":{"propertyName":"text","key":"refuse"},"interaction":{"idSuffix":"BDI-content"}},"wdio_ui5_key":"etmportal.ui.managehandovers.view.DetailExecuteHOsap.m.ToggleButton{\"propertyName\":\"text\",\"key\":\"refuse\"}"}]}
RESULT: undefined
COMMAND: POST /session/b171ef130127fc2a30c2632ea9d3abff/execute/async - {"script":"<script> [1562 bytes]","args":[{"selector":{"id":"confirmationButton","viewName":"etm.portal.ui.managehandovers.view.DetailExecuteHO","interaction":{"idSuffix":"BDI-content"},"properties":{"text":"Receive / Refuse"}},"wdio_ui5_key":"confirmationButtonetmportal.ui.managehandovers.view.DetailExecuteHO{\"text\":\"Receive / Refuse\"}"}]}
RESULT: {"script":"<script> [1562 bytes]","args":[{"selector":{"id":"confirmationButton","viewName":"etm.portal.ui.managehandovers.view.DetailExecuteHO","interaction":{"idSuffix":"BDI-content"},"properties":{"text":"Receive / Refuse"}},"wdio_ui5_key":"confirmationButtonetmportal.ui.managehandovers.view.DetailExecuteHO{\"text\":\"Receive / Refuse\"}"}]}
RESULT: undefined
COMMAND: POST /session/b171ef130127fc2a30c2632ea9d3abff/element - {"using":"css selector","value":"#j_username"}
COMMAND: POST /session/b171ef130127fc2a30c2632ea9d3abff/url - {"url":"https://qa-testing-00-live-etm-ui.cfapps.eu10-004.hana.ondemand.com/"}
COMMAND: GET /session/b171ef130127fc2a30c2632ea9d3abff/screenshot - {}
RESULT: {"using":"css selector","value":"#j_username"}
COMMAND: POST /session/b171ef130127fc2a30c2632ea9d3abff/element - {"using":"css selector","value":"#j_username"}
RESULT: {"url":"https://qa-testing-00-live-etm-ui.cfapps.eu10-004.hana.ondemand.com/"}
RESULT: undefined
COMMAND: GET /session/b171ef130127fc2a30c2632ea9d3abff/screenshot - {}
RESULT: {}
RESULT: {"using":"css selector","value":"#j_username"}
COMMAND: POST /session/b171ef130127fc2a30c2632ea9d3abff/element - {"using":"css selector","value":"#shell-header-logo"}
RESULT: {}
RESULT: {"using":"css selector","value":"#shell-header-logo"}
COMMAND: POST /session/b171ef130127fc2a30c2632ea9d3abff/execute/sync - {"script":"<script> [8489 bytes]","args":[{"element-6066-11e4-a52e-4f735466cecf":"f.727CE9CF6895B2C759CBC992552C29E0.d.0A726486E4376355086A499F23D9D7E9.e.16385","ELEMENT":"f.727CE9CF6895B2C759CBC992552C29E0.d.0A726486E4376355086A499F23D9D7E9.e.16385"}]}
RESULT: {"script":"<script> [8489 bytes]","args":[{"element-6066-11e4-a52e-4f735466cecf":"f.727CE9CF6895B2C759CBC992552C29E0.d.0A726486E4376355086A499F23D9D7E9.e.16385","ELEMENT":"f.727CE9CF6895B2C759CBC992552C29E0.d.0A726486E4376355086A499F23D9D7E9.e.16385"}]}
COMMAND: POST /session/b171ef130127fc2a30c2632ea9d3abff/element - {"using":"css selector","value":"#shell-header-logo"}
COMMAND: GET /session/b171ef130127fc2a30c2632ea9d3abff/screenshot - {}
RESULT: {"using":"css selector","value":"#shell-header-logo"}
COMMAND: POST /session/b171ef130127fc2a30c2632ea9d3abff/execute/sync - {"script":"<script> [8489 bytes]","args":[{"element-6066-11e4-a52e-4f735466cecf":"f.727CE9CF6895B2C759CBC992552C29E0.d.0A726486E4376355086A499F23D9D7E9.e.16385","ELEMENT":"f.727CE9CF6895B2C759CBC992552C29E0.d.0A726486E4376355086A499F23D9D7E9.e.16385"}]}
RESULT: {}
RESULT: {"script":"<script> [8489 bytes]","args":[{"element-6066-11e4-a52e-4f735466cecf":"f.727CE9CF6895B2C759CBC992552C29E0.d.0A726486E4376355086A499F23D9D7E9.e.16385","ELEMENT":"f.727CE9CF6895B2C759CBC992552C29E0.d.0A726486E4376355086A499F23D9D7E9.e.16385"}]}
COMMAND: POST /session/b171ef130127fc2a30c2632ea9d3abff/execute/sync - {"script":"<script> [5351 bytes]","args":[{"element-6066-11e4-a52e-4f735466cecf":"f.727CE9CF6895B2C759CBC992552C29E0.d.0A726486E4376355086A499F23D9D7E9.e.16385","ELEMENT":"f.727CE9CF6895B2C759CBC992552C29E0.d.0A726486E4376355086A499F23D9D7E9.e.16385"}]}
COMMAND: GET /session/b171ef130127fc2a30c2632ea9d3abff/screenshot - {}
RESULT: {"script":"<script> [5351 bytes]","args":[{"element-6066-11e4-a52e-4f735466cecf":"f.727CE9CF6895B2C759CBC992552C29E0.d.0A726486E4376355086A499F23D9D7E9.e.16385","ELEMENT":"f.727CE9CF6895B2C759CBC992552C29E0.d.0A726486E4376355086A499F23D9D7E9.e.16385"}]}
COMMAND: POST /session/b171ef130127fc2a30c2632ea9d3abff/element - {"using":"css selector","value":"#shell-header-logo"}
COMMAND: GET /session/b171ef130127fc2a30c2632ea9d3abff/screenshot - {}
RESULT: {}
RESULT: {"using":"css selector","value":"#shell-header-logo"}
COMMAND: POST /session/b171ef130127fc2a30c2632ea9d3abff/element/f.727CE9CF6895B2C759CBC992552C29E0.d.0A726486E4376355086A499F23D9D7E9.e.16385/click - {}
RESULT: {}
RESULT: {}
COMMAND: GET /session/b171ef130127fc2a30c2632ea9d3abff/screenshot - {}
RESULT: {}
COMMAND: POST /session/b171ef130127fc2a30c2632ea9d3abff/execute/async - {"script":"<script> [189 bytes]","args":[]}
RESULT: {"script":"<script> [189 bytes]","args":[]}
COMMAND: POST /session/b171ef130127fc2a30c2632ea9d3abff/execute/async - {"script":"<script> [123 bytes]","args":[]}
RESULT: {"script":"<script> [123 bytes]","args":[]}
COMMAND: POST /session/b171ef130127fc2a30c2632ea9d3abff/timeouts - {"script":"<number>"}
RESULT: {"script":"<number>"}
COMMAND: GET /session/b171ef130127fc2a30c2632ea9d3abff/timeouts - {}
RESULT: {}
RESULT: undefined
COMMAND: POST /session/b171ef130127fc2a30c2632ea9d3abff/execute/async - {"script":"<script> [2676 bytes]","args":[]}
RESULT: {"script":"<script> [2676 bytes]","args":[]}
COMMAND: POST /session/b171ef130127fc2a30c2632ea9d3abff/execute/async - {"script":"<script> [2342 bytes]","args":[{"protocol":"http","hostname":"0.0.0.0","path":"/","capabilities":{"browserName":"chrome","goog:chromeOptions":{"binary":"C:\\Program Files\\Google\\Chrome\\Application\\chrome.exe","args":["--start-maximized"]}},"logLevel":"warn","connectionRetryTimeout":120000,"connectionRetryCount":3,"logLevels":{},"enableDirectConnect":true,"strictSSL":true,"_":"65 more keys: [\"cacheDir\",\"port\",\"requestedCapabilities\",\"automationProtocol\",\"baseUrl\",\"waitforInterval\",\"waitforTimeout\",\"onReload\",\"beforeCommand\",\"afterCommand\",\"rootDir\",\"specs\",\"suites\",\"exclude\",\"groupLogsByTestSpec\",\"excludeDriverLogs\",\"bail\",\"framework\",\"reporters\",\"services\",\"maxInstances\",\"maxInstancesPerCapability\",\"injectGlobals\",\"filesToWatch\",\"execArgv\",\"runnerEnv\",\"runner\",\"shard\",\"specFileRetries\",\"specFileRetriesDelay\",\"specFileRetriesDeferred\",\"reporterSyncInterval\",\"reporterSyncTimeout\",\"cucumberFeaturesWithLineNumbers\",\"autoCompileOpts\",\"mochaOpts\",\"jasmineOpts\",\"cucumberOpts\",\"onPrepare\",\"onWorkerStart\",\"onWorkerEnd\",\"before\",\"beforeSession\",\"beforeSuite\",\"beforeHook\",\"beforeTest\",\"afterTest\",\"afterHook\",\"afterSuite\",\"afterSession\",\"after\",\"onComplete\",\"beforeAssertion\",\"afterAssertion\",\"beforeFeature\",\"beforeScenario\",\"beforeStep\",\"afterStep\",\"afterScenario\",\"afterFeature\",\"_\",\"suite\",\"$0\",\"ignoredWorkerServices\",\"wdi5\"]"}]}
RESULT: {"script":"<script> [2342 bytes]","args":[{"protocol":"http","hostname":"0.0.0.0","path":"/","capabilities":{"browserName":"chrome","goog:chromeOptions":{"binary":"C:\\Program Files\\Google\\Chrome\\Application\\chrome.exe","args":["--start-maximized"]}},"logLevel":"warn","connectionRetryTimeout":120000,"connectionRetryCount":3,"logLevels":{},"enableDirectConnect":true,"strictSSL":true,"_":"65 more keys: [\"cacheDir\",\"port\",\"requestedCapabilities\",\"automationProtocol\",\"baseUrl\",\"waitforInterval\",\"waitforTimeout\",\"onReload\",\"beforeCommand\",\"afterCommand\",\"rootDir\",\"specs\",\"suites\",\"exclude\",\"groupLogsByTestSpec\",\"excludeDriverLogs\",\"bail\",\"framework\",\"reporters\",\"services\",\"maxInstances\",\"maxInstancesPerCapability\",\"injectGlobals\",\"filesToWatch\",\"execArgv\",\"runnerEnv\",\"runner\",\"shard\",\"specFileRetries\",\"specFileRetriesDelay\",\"specFileRetriesDeferred\",\"reporterSyncInterval\",\"reporterSyncTimeout\",\"cucumberFeaturesWithLineNumbers\",\"autoCompileOpts\",\"mochaOpts\",\"jasmineOpts\",\"cucumberOpts\",\"onPrepare\",\"onWorkerStart\",\"onWorkerEnd\",\"before\",\"beforeSession\",\"beforeSuite\",\"beforeHook\",\"beforeTest\",\"afterTest\",\"afterHook\",\"afterSuite\",\"afterSession\",\"after\",\"onComplete\",\"beforeAssertion\",\"afterAssertion\",\"beforeFeature\",\"beforeScenario\",\"beforeStep\",\"afterStep\",\"afterScenario\",\"afterFeature\",\"_\",\"suite\",\"$0\",\"ignoredWorkerServices\",\"wdi5\"]"}]}
COMMAND: POST /session/b171ef130127fc2a30c2632ea9d3abff/execute/async - {"script":"<script> [21126 bytes]","args":[35000]}
RESULT: {"script":"<script> [21126 bytes]","args":[35000]}
COMMAND: POST /session/b171ef130127fc2a30c2632ea9d3abff/window/maximize - {}
RESULT: {}
COMMAND: POST /session/b171ef130127fc2a30c2632ea9d3abff/execute/async - {"script":"<script> [1562 bytes]","args":[{"selector":{"id":"shell-header","interaction":{"idSuffix":"icon"}},"wdio_ui5_key":"shellheader"}]}
COMMAND: GET /session/b171ef130127fc2a30c2632ea9d3abff/screenshot - {}
RESULT: {"script":"<script> [1562 bytes]","args":[{"selector":{"id":"shell-header","interaction":{"idSuffix":"icon"}},"wdio_ui5_key":"shellheader"}]}
RESULT: undefined
COMMAND: POST /session/b171ef130127fc2a30c2632ea9d3abff/refresh - {}
RESULT: {}
RESULT: {}
COMMAND: GET /session/b171ef130127fc2a30c2632ea9d3abff/screenshot - {}
RESULT: {}
COMMAND: POST /session/b171ef130127fc2a30c2632ea9d3abff/refresh - {}
RESULT: {}
COMMAND: GET /session/b171ef130127fc2a30c2632ea9d3abff/screenshot - {}
RESULT: {}
COMMAND: POST /session/b171ef130127fc2a30c2632ea9d3abff/window/fullscreen - {}
RESULT: {}
COMMAND: POST /session/b171ef130127fc2a30c2632ea9d3abff/execute/async - {"script":"<script> [189 bytes]","args":[]}
RESULT: {"script":"<script> [189 bytes]","args":[]}
COMMAND: POST /session/b171ef130127fc2a30c2632ea9d3abff/execute/async - {"script":"<script> [123 bytes]","args":[]}
RESULT: {"script":"<script> [123 bytes]","args":[]}
COMMAND: POST /session/b171ef130127fc2a30c2632ea9d3abff/timeouts - {"script":"<number>"}
RESULT: {"script":"<number>"}
COMMAND: GET /session/b171ef130127fc2a30c2632ea9d3abff/timeouts - {}
RESULT: {}
RESULT: undefined
COMMAND: POST /session/b171ef130127fc2a30c2632ea9d3abff/execute/async - {"script":"<script> [2676 bytes]","args":[]}
RESULT: {"script":"<script> [2676 bytes]","args":[]}
COMMAND: POST /session/b171ef130127fc2a30c2632ea9d3abff/execute/async - {"script":"<script> [2342 bytes]","args":[{"protocol":"http","hostname":"0.0.0.0","path":"/","capabilities":{"browserName":"chrome","goog:chromeOptions":{"binary":"C:\\Program Files\\Google\\Chrome\\Application\\chrome.exe","args":["--start-maximized"]}},"logLevel":"warn","connectionRetryTimeout":120000,"connectionRetryCount":3,"logLevels":{},"enableDirectConnect":true,"strictSSL":true,"_":"65 more keys: [\"cacheDir\",\"port\",\"requestedCapabilities\",\"automationProtocol\",\"baseUrl\",\"waitforInterval\",\"waitforTimeout\",\"onReload\",\"beforeCommand\",\"afterCommand\",\"rootDir\",\"specs\",\"suites\",\"exclude\",\"groupLogsByTestSpec\",\"excludeDriverLogs\",\"bail\",\"framework\",\"reporters\",\"services\",\"maxInstances\",\"maxInstancesPerCapability\",\"injectGlobals\",\"filesToWatch\",\"execArgv\",\"runnerEnv\",\"runner\",\"shard\",\"specFileRetries\",\"specFileRetriesDelay\",\"specFileRetriesDeferred\",\"reporterSyncInterval\",\"reporterSyncTimeout\",\"cucumberFeaturesWithLineNumbers\",\"autoCompileOpts\",\"mochaOpts\",\"jasmineOpts\",\"cucumberOpts\",\"onPrepare\",\"onWorkerStart\",\"onWorkerEnd\",\"before\",\"beforeSession\",\"beforeSuite\",\"beforeHook\",\"beforeTest\",\"afterTest\",\"afterHook\",\"afterSuite\",\"afterSession\",\"after\",\"onComplete\",\"beforeAssertion\",\"afterAssertion\",\"beforeFeature\",\"beforeScenario\",\"beforeStep\",\"afterStep\",\"afterScenario\",\"afterFeature\",\"_\",\"suite\",\"$0\",\"ignoredWorkerServices\",\"wdi5\"]"}]}
RESULT: {"script":"<script> [2342 bytes]","args":[{"protocol":"http","hostname":"0.0.0.0","path":"/","capabilities":{"browserName":"chrome","goog:chromeOptions":{"binary":"C:\\Program Files\\Google\\Chrome\\Application\\chrome.exe","args":["--start-maximized"]}},"logLevel":"warn","connectionRetryTimeout":120000,"connectionRetryCount":3,"logLevels":{},"enableDirectConnect":true,"strictSSL":true,"_":"65 more keys: [\"cacheDir\",\"port\",\"requestedCapabilities\",\"automationProtocol\",\"baseUrl\",\"waitforInterval\",\"waitforTimeout\",\"onReload\",\"beforeCommand\",\"afterCommand\",\"rootDir\",\"specs\",\"suites\",\"exclude\",\"groupLogsByTestSpec\",\"excludeDriverLogs\",\"bail\",\"framework\",\"reporters\",\"services\",\"maxInstances\",\"maxInstancesPerCapability\",\"injectGlobals\",\"filesToWatch\",\"execArgv\",\"runnerEnv\",\"runner\",\"shard\",\"specFileRetries\",\"specFileRetriesDelay\",\"specFileRetriesDeferred\",\"reporterSyncInterval\",\"reporterSyncTimeout\",\"cucumberFeaturesWithLineNumbers\",\"autoCompileOpts\",\"mochaOpts\",\"jasmineOpts\",\"cucumberOpts\",\"onPrepare\",\"onWorkerStart\",\"onWorkerEnd\",\"before\",\"beforeSession\",\"beforeSuite\",\"beforeHook\",\"beforeTest\",\"afterTest\",\"afterHook\",\"afterSuite\",\"afterSession\",\"after\",\"onComplete\",\"beforeAssertion\",\"afterAssertion\",\"beforeFeature\",\"beforeScenario\",\"beforeStep\",\"afterStep\",\"afterScenario\",\"afterFeature\",\"_\",\"suite\",\"$0\",\"ignoredWorkerServices\",\"wdi5\"]"}]}
COMMAND: POST /session/b171ef130127fc2a30c2632ea9d3abff/execute/async - {"script":"<script> [21126 bytes]","args":[35000]}
RESULT: {"script":"<script> [21126 bytes]","args":[35000]}
]]></system-out>
    </testcase>
  </testsuite>
  <testsuite timestamp="2025-05-06T17:15:05" time="334.147" tests="4" failures="4" errors="4" skipped="0">
    <properties>
      <property name="specId" value="0" />
      <property name="suiteName" value="Provide to Site w/o warehouse management w/o clarification US116612" />
      <property name="capabilities" value="chrome.135_0_7049_115.windows" />
      <property name="file" value="file:///D:/a/1/s/test/specs/HTR/provide-to-site-wo-warehouse-wo-clarification.spec.js" />
    </properties>
  </testsuite>
  <testsuite timestamp="2025-05-06T17:20:39" time="429.531" tests="5" failures="4" errors="4" skipped="0">
    <properties>
      <property name="specId" value="0" />
      <property name="suiteName" value="Provide to Site w/o warehouse management wo clarification" />
      <property name="capabilities" value="chrome.135_0_7049_115.windows" />
      <property name="file" value="file:///D:/a/1/s/test/specs/HTR/provide-to-site-wo-warehouse-wo-clarification.spec.js" />
    </properties>
    <testcase classname="chrome.135_0_7049_115.windows.Provide_to_Site_w/o_warehouse_management_wo_clarification" name="Should Test for Handover Execution" time="169.083">
      <system-out><![CDATA[
COMMAND: POST /session/b171ef130127fc2a30c2632ea9d3abff/element - {"using":"xpath","value":"//*[text()='false']"}
COMMAND: GET /session/b171ef130127fc2a30c2632ea9d3abff/screenshot - {}
RESULT: {"using":"xpath","value":"//*[text()='false']"}
COMMAND: POST /session/b171ef130127fc2a30c2632ea9d3abff/elements - {"using":"xpath","value":"//*[text()='false']"}
RESULT: {}
RESULT: {"using":"xpath","value":"//*[text()='false']"}
COMMAND: POST /session/b171ef130127fc2a30c2632ea9d3abff/elements - {"using":"xpath","value":"//*[text()='false']"}
RESULT: {"using":"xpath","value":"//*[text()='false']"}
COMMAND: POST /session/b171ef130127fc2a30c2632ea9d3abff/elements - {"using":"xpath","value":"//*[text()='false']"}
RESULT: {"using":"xpath","value":"//*[text()='false']"}
COMMAND: POST /session/b171ef130127fc2a30c2632ea9d3abff/elements - {"using":"xpath","value":"//*[text()='false']"}
RESULT: {"using":"xpath","value":"//*[text()='false']"}
COMMAND: POST /session/b171ef130127fc2a30c2632ea9d3abff/elements - {"using":"xpath","value":"//*[text()='false']"}
RESULT: {"using":"xpath","value":"//*[text()='false']"}
COMMAND: POST /session/b171ef130127fc2a30c2632ea9d3abff/elements - {"using":"xpath","value":"//*[text()='false']"}
RESULT: {"using":"xpath","value":"//*[text()='false']"}
COMMAND: POST /session/b171ef130127fc2a30c2632ea9d3abff/elements - {"using":"xpath","value":"//*[text()='false']"}
RESULT: {"using":"xpath","value":"//*[text()='false']"}
COMMAND: POST /session/b171ef130127fc2a30c2632ea9d3abff/elements - {"using":"xpath","value":"//*[text()='false']"}
RESULT: {"using":"xpath","value":"//*[text()='false']"}
COMMAND: POST /session/b171ef130127fc2a30c2632ea9d3abff/elements - {"using":"xpath","value":"//*[text()='false']"}
RESULT: {"using":"xpath","value":"//*[text()='false']"}
COMMAND: POST /session/b171ef130127fc2a30c2632ea9d3abff/elements - {"using":"xpath","value":"//*[text()='false']"}
RESULT: {"using":"xpath","value":"//*[text()='false']"}
COMMAND: POST /session/b171ef130127fc2a30c2632ea9d3abff/elements - {"using":"xpath","value":"//*[text()='false']"}
RESULT: {"using":"xpath","value":"//*[text()='false']"}
COMMAND: POST /session/b171ef130127fc2a30c2632ea9d3abff/elements - {"using":"xpath","value":"//*[text()='false']"}
RESULT: {"using":"xpath","value":"//*[text()='false']"}
COMMAND: POST /session/b171ef130127fc2a30c2632ea9d3abff/elements - {"using":"xpath","value":"//*[text()='false']"}
RESULT: {"using":"xpath","value":"//*[text()='false']"}
COMMAND: POST /session/b171ef130127fc2a30c2632ea9d3abff/elements - {"using":"xpath","value":"//*[text()='false']"}
RESULT: {"using":"xpath","value":"//*[text()='false']"}
COMMAND: POST /session/b171ef130127fc2a30c2632ea9d3abff/elements - {"using":"xpath","value":"//*[text()='false']"}
RESULT: {"using":"xpath","value":"//*[text()='false']"}
COMMAND: POST /session/b171ef130127fc2a30c2632ea9d3abff/elements - {"using":"xpath","value":"//*[text()='false']"}
RESULT: {"using":"xpath","value":"//*[text()='false']"}
COMMAND: POST /session/b171ef130127fc2a30c2632ea9d3abff/elements - {"using":"xpath","value":"//*[text()='false']"}
RESULT: {"using":"xpath","value":"//*[text()='false']"}
COMMAND: POST /session/b171ef130127fc2a30c2632ea9d3abff/elements - {"using":"xpath","value":"//*[text()='false']"}
RESULT: {"using":"xpath","value":"//*[text()='false']"}
COMMAND: POST /session/b171ef130127fc2a30c2632ea9d3abff/elements - {"using":"xpath","value":"//*[text()='false']"}
RESULT: {"using":"xpath","value":"//*[text()='false']"}
COMMAND: POST /session/b171ef130127fc2a30c2632ea9d3abff/elements - {"using":"xpath","value":"//*[text()='false']"}
RESULT: {"using":"xpath","value":"//*[text()='false']"}
COMMAND: POST /session/b171ef130127fc2a30c2632ea9d3abff/elements - {"using":"xpath","value":"//*[text()='false']"}
RESULT: {"using":"xpath","value":"//*[text()='false']"}
COMMAND: POST /session/b171ef130127fc2a30c2632ea9d3abff/elements - {"using":"xpath","value":"//*[text()='false']"}
RESULT: {"using":"xpath","value":"//*[text()='false']"}
COMMAND: POST /session/b171ef130127fc2a30c2632ea9d3abff/elements - {"using":"xpath","value":"//*[text()='false']"}
RESULT: {"using":"xpath","value":"//*[text()='false']"}
COMMAND: POST /session/b171ef130127fc2a30c2632ea9d3abff/elements - {"using":"xpath","value":"//*[text()='false']"}
RESULT: {"using":"xpath","value":"//*[text()='false']"}
COMMAND: POST /session/b171ef130127fc2a30c2632ea9d3abff/elements - {"using":"xpath","value":"//*[text()='false']"}
RESULT: {"using":"xpath","value":"//*[text()='false']"}
COMMAND: POST /session/b171ef130127fc2a30c2632ea9d3abff/elements - {"using":"xpath","value":"//*[text()='false']"}
RESULT: {"using":"xpath","value":"//*[text()='false']"}
COMMAND: POST /session/b171ef130127fc2a30c2632ea9d3abff/elements - {"using":"xpath","value":"//*[text()='false']"}
RESULT: {"using":"xpath","value":"//*[text()='false']"}
COMMAND: POST /session/b171ef130127fc2a30c2632ea9d3abff/elements - {"using":"xpath","value":"//*[text()='false']"}
RESULT: {"using":"xpath","value":"//*[text()='false']"}
COMMAND: POST /session/b171ef130127fc2a30c2632ea9d3abff/elements - {"using":"xpath","value":"//*[text()='false']"}
RESULT: {"using":"xpath","value":"//*[text()='false']"}
COMMAND: POST /session/b171ef130127fc2a30c2632ea9d3abff/elements - {"using":"xpath","value":"//*[text()='false']"}
RESULT: {"using":"xpath","value":"//*[text()='false']"}
COMMAND: POST /session/b171ef130127fc2a30c2632ea9d3abff/elements - {"using":"xpath","value":"//*[text()='false']"}
RESULT: {"using":"xpath","value":"//*[text()='false']"}
COMMAND: POST /session/b171ef130127fc2a30c2632ea9d3abff/elements - {"using":"xpath","value":"//*[text()='false']"}
RESULT: {"using":"xpath","value":"//*[text()='false']"}
COMMAND: POST /session/b171ef130127fc2a30c2632ea9d3abff/elements - {"using":"xpath","value":"//*[text()='false']"}
RESULT: {"using":"xpath","value":"//*[text()='false']"}
COMMAND: POST /session/b171ef130127fc2a30c2632ea9d3abff/elements - {"using":"xpath","value":"//*[text()='false']"}
RESULT: {"using":"xpath","value":"//*[text()='false']"}
COMMAND: POST /session/b171ef130127fc2a30c2632ea9d3abff/elements - {"using":"xpath","value":"//*[text()='false']"}
RESULT: {"using":"xpath","value":"//*[text()='false']"}
COMMAND: POST /session/b171ef130127fc2a30c2632ea9d3abff/elements - {"using":"xpath","value":"//*[text()='false']"}
RESULT: {"using":"xpath","value":"//*[text()='false']"}
COMMAND: POST /session/b171ef130127fc2a30c2632ea9d3abff/elements - {"using":"xpath","value":"//*[text()='false']"}
RESULT: {"using":"xpath","value":"//*[text()='false']"}
COMMAND: POST /session/b171ef130127fc2a30c2632ea9d3abff/elements - {"using":"xpath","value":"//*[text()='false']"}
RESULT: {"using":"xpath","value":"//*[text()='false']"}
COMMAND: POST /session/b171ef130127fc2a30c2632ea9d3abff/elements - {"using":"xpath","value":"//*[text()='false']"}
RESULT: {"using":"xpath","value":"//*[text()='false']"}
COMMAND: POST /session/b171ef130127fc2a30c2632ea9d3abff/elements - {"using":"xpath","value":"//*[text()='false']"}
RESULT: {"using":"xpath","value":"//*[text()='false']"}
COMMAND: POST /session/b171ef130127fc2a30c2632ea9d3abff/elements - {"using":"xpath","value":"//*[text()='false']"}
RESULT: {"using":"xpath","value":"//*[text()='false']"}
COMMAND: POST /session/b171ef130127fc2a30c2632ea9d3abff/elements - {"using":"xpath","value":"//*[text()='false']"}
RESULT: {"using":"xpath","value":"//*[text()='false']"}
COMMAND: POST /session/b171ef130127fc2a30c2632ea9d3abff/elements - {"using":"xpath","value":"//*[text()='false']"}
RESULT: {"using":"xpath","value":"//*[text()='false']"}
COMMAND: POST /session/b171ef130127fc2a30c2632ea9d3abff/elements - {"using":"xpath","value":"//*[text()='false']"}
RESULT: {"using":"xpath","value":"//*[text()='false']"}
COMMAND: POST /session/b171ef130127fc2a30c2632ea9d3abff/elements - {"using":"xpath","value":"//*[text()='false']"}
RESULT: {"using":"xpath","value":"//*[text()='false']"}
COMMAND: POST /session/b171ef130127fc2a30c2632ea9d3abff/elements - {"using":"xpath","value":"//*[text()='false']"}
RESULT: {"using":"xpath","value":"//*[text()='false']"}
COMMAND: POST /session/b171ef130127fc2a30c2632ea9d3abff/elements - {"using":"xpath","value":"//*[text()='false']"}
RESULT: {"using":"xpath","value":"//*[text()='false']"}
COMMAND: POST /session/b171ef130127fc2a30c2632ea9d3abff/elements - {"using":"xpath","value":"//*[text()='false']"}
RESULT: {"using":"xpath","value":"//*[text()='false']"}
COMMAND: POST /session/b171ef130127fc2a30c2632ea9d3abff/elements - {"using":"xpath","value":"//*[text()='false']"}
RESULT: {"using":"xpath","value":"//*[text()='false']"}
COMMAND: POST /session/b171ef130127fc2a30c2632ea9d3abff/elements - {"using":"xpath","value":"//*[text()='false']"}
RESULT: {"using":"xpath","value":"//*[text()='false']"}
COMMAND: POST /session/b171ef130127fc2a30c2632ea9d3abff/elements - {"using":"xpath","value":"//*[text()='false']"}
RESULT: {"using":"xpath","value":"//*[text()='false']"}
COMMAND: POST /session/b171ef130127fc2a30c2632ea9d3abff/elements - {"using":"xpath","value":"//*[text()='false']"}
RESULT: {"using":"xpath","value":"//*[text()='false']"}
COMMAND: POST /session/b171ef130127fc2a30c2632ea9d3abff/elements - {"using":"xpath","value":"//*[text()='false']"}
RESULT: {"using":"xpath","value":"//*[text()='false']"}
COMMAND: POST /session/b171ef130127fc2a30c2632ea9d3abff/elements - {"using":"xpath","value":"//*[text()='false']"}
RESULT: {"using":"xpath","value":"//*[text()='false']"}
COMMAND: POST /session/b171ef130127fc2a30c2632ea9d3abff/elements - {"using":"xpath","value":"//*[text()='false']"}
RESULT: {"using":"xpath","value":"//*[text()='false']"}
COMMAND: POST /session/b171ef130127fc2a30c2632ea9d3abff/elements - {"using":"xpath","value":"//*[text()='false']"}
RESULT: {"using":"xpath","value":"//*[text()='false']"}
COMMAND: POST /session/b171ef130127fc2a30c2632ea9d3abff/elements - {"using":"xpath","value":"//*[text()='false']"}
RESULT: {"using":"xpath","value":"//*[text()='false']"}
COMMAND: POST /session/b171ef130127fc2a30c2632ea9d3abff/elements - {"using":"xpath","value":"//*[text()='false']"}
RESULT: {"using":"xpath","value":"//*[text()='false']"}
COMMAND: POST /session/b171ef130127fc2a30c2632ea9d3abff/elements - {"using":"xpath","value":"//*[text()='false']"}
RESULT: {"using":"xpath","value":"//*[text()='false']"}
COMMAND: POST /session/b171ef130127fc2a30c2632ea9d3abff/elements - {"using":"xpath","value":"//*[text()='false']"}
RESULT: {"using":"xpath","value":"//*[text()='false']"}
COMMAND: POST /session/b171ef130127fc2a30c2632ea9d3abff/elements - {"using":"xpath","value":"//*[text()='false']"}
RESULT: {"using":"xpath","value":"//*[text()='false']"}
COMMAND: POST /session/b171ef130127fc2a30c2632ea9d3abff/elements - {"using":"xpath","value":"//*[text()='false']"}
RESULT: {"using":"xpath","value":"//*[text()='false']"}
COMMAND: POST /session/b171ef130127fc2a30c2632ea9d3abff/elements - {"using":"xpath","value":"//*[text()='false']"}
RESULT: {"using":"xpath","value":"//*[text()='false']"}
COMMAND: POST /session/b171ef130127fc2a30c2632ea9d3abff/elements - {"using":"xpath","value":"//*[text()='false']"}
RESULT: {"using":"xpath","value":"//*[text()='false']"}
COMMAND: POST /session/b171ef130127fc2a30c2632ea9d3abff/elements - {"using":"xpath","value":"//*[text()='false']"}
RESULT: {"using":"xpath","value":"//*[text()='false']"}
COMMAND: POST /session/b171ef130127fc2a30c2632ea9d3abff/elements - {"using":"xpath","value":"//*[text()='false']"}
RESULT: {"using":"xpath","value":"//*[text()='false']"}
COMMAND: POST /session/b171ef130127fc2a30c2632ea9d3abff/elements - {"using":"xpath","value":"//*[text()='false']"}
RESULT: {"using":"xpath","value":"//*[text()='false']"}
COMMAND: POST /session/b171ef130127fc2a30c2632ea9d3abff/elements - {"using":"xpath","value":"//*[text()='false']"}
RESULT: {"using":"xpath","value":"//*[text()='false']"}
COMMAND: POST /session/b171ef130127fc2a30c2632ea9d3abff/elements - {"using":"xpath","value":"//*[text()='false']"}
RESULT: {"using":"xpath","value":"//*[text()='false']"}
COMMAND: POST /session/b171ef130127fc2a30c2632ea9d3abff/elements - {"using":"xpath","value":"//*[text()='false']"}
RESULT: {"using":"xpath","value":"//*[text()='false']"}
COMMAND: POST /session/b171ef130127fc2a30c2632ea9d3abff/elements - {"using":"xpath","value":"//*[text()='false']"}
RESULT: {"using":"xpath","value":"//*[text()='false']"}
COMMAND: POST /session/b171ef130127fc2a30c2632ea9d3abff/elements - {"using":"xpath","value":"//*[text()='false']"}
RESULT: {"using":"xpath","value":"//*[text()='false']"}
COMMAND: POST /session/b171ef130127fc2a30c2632ea9d3abff/elements - {"using":"xpath","value":"//*[text()='false']"}
RESULT: {"using":"xpath","value":"//*[text()='false']"}
COMMAND: POST /session/b171ef130127fc2a30c2632ea9d3abff/elements - {"using":"xpath","value":"//*[text()='false']"}
RESULT: {"using":"xpath","value":"//*[text()='false']"}
COMMAND: POST /session/b171ef130127fc2a30c2632ea9d3abff/elements - {"using":"xpath","value":"//*[text()='false']"}
RESULT: {"using":"xpath","value":"//*[text()='false']"}
COMMAND: POST /session/b171ef130127fc2a30c2632ea9d3abff/elements - {"using":"xpath","value":"//*[text()='false']"}
RESULT: {"using":"xpath","value":"//*[text()='false']"}
COMMAND: POST /session/b171ef130127fc2a30c2632ea9d3abff/elements - {"using":"xpath","value":"//*[text()='false']"}
RESULT: {"using":"xpath","value":"//*[text()='false']"}
COMMAND: POST /session/b171ef130127fc2a30c2632ea9d3abff/elements - {"using":"xpath","value":"//*[text()='false']"}
RESULT: {"using":"xpath","value":"//*[text()='false']"}
COMMAND: POST /session/b171ef130127fc2a30c2632ea9d3abff/elements - {"using":"xpath","value":"//*[text()='false']"}
RESULT: {"using":"xpath","value":"//*[text()='false']"}
COMMAND: POST /session/b171ef130127fc2a30c2632ea9d3abff/elements - {"using":"xpath","value":"//*[text()='false']"}
RESULT: {"using":"xpath","value":"//*[text()='false']"}
COMMAND: POST /session/b171ef130127fc2a30c2632ea9d3abff/elements - {"using":"xpath","value":"//*[text()='false']"}
RESULT: {"using":"xpath","value":"//*[text()='false']"}
COMMAND: POST /session/b171ef130127fc2a30c2632ea9d3abff/elements - {"using":"xpath","value":"//*[text()='false']"}
RESULT: {"using":"xpath","value":"//*[text()='false']"}
COMMAND: POST /session/b171ef130127fc2a30c2632ea9d3abff/elements - {"using":"xpath","value":"//*[text()='false']"}
RESULT: {"using":"xpath","value":"//*[text()='false']"}
COMMAND: POST /session/b171ef130127fc2a30c2632ea9d3abff/elements - {"using":"xpath","value":"//*[text()='false']"}
RESULT: {"using":"xpath","value":"//*[text()='false']"}
COMMAND: POST /session/b171ef130127fc2a30c2632ea9d3abff/elements - {"using":"xpath","value":"//*[text()='false']"}
RESULT: {"using":"xpath","value":"//*[text()='false']"}
COMMAND: POST /session/b171ef130127fc2a30c2632ea9d3abff/elements - {"using":"xpath","value":"//*[text()='false']"}
RESULT: {"using":"xpath","value":"//*[text()='false']"}
COMMAND: POST /session/b171ef130127fc2a30c2632ea9d3abff/elements - {"using":"xpath","value":"//*[text()='false']"}
RESULT: {"using":"xpath","value":"//*[text()='false']"}
COMMAND: POST /session/b171ef130127fc2a30c2632ea9d3abff/elements - {"using":"xpath","value":"//*[text()='false']"}
RESULT: {"using":"xpath","value":"//*[text()='false']"}
COMMAND: POST /session/b171ef130127fc2a30c2632ea9d3abff/elements - {"using":"xpath","value":"//*[text()='false']"}
RESULT: {"using":"xpath","value":"//*[text()='false']"}
COMMAND: POST /session/b171ef130127fc2a30c2632ea9d3abff/elements - {"using":"xpath","value":"//*[text()='false']"}
RESULT: {"using":"xpath","value":"//*[text()='false']"}
COMMAND: POST /session/b171ef130127fc2a30c2632ea9d3abff/element - {"using":"xpath","value":"//span[text()='Provide to site - Completed']"}
RESULT: {"using":"xpath","value":"//span[text()='Provide to site - Completed']"}
COMMAND: POST /session/b171ef130127fc2a30c2632ea9d3abff/elements - {"using":"xpath","value":"//span[text()='Provide to site - Completed']"}
RESULT: {"using":"xpath","value":"//span[text()='Provide to site - Completed']"}
COMMAND: POST /session/b171ef130127fc2a30c2632ea9d3abff/elements - {"using":"xpath","value":"//span[text()='Provide to site - Completed']"}
RESULT: {"using":"xpath","value":"//span[text()='Provide to site - Completed']"}
COMMAND: POST /session/b171ef130127fc2a30c2632ea9d3abff/elements - {"using":"xpath","value":"//span[text()='Provide to site - Completed']"}
RESULT: {"using":"xpath","value":"//span[text()='Provide to site - Completed']"}
COMMAND: POST /session/b171ef130127fc2a30c2632ea9d3abff/elements - {"using":"xpath","value":"//span[text()='Provide to site - Completed']"}
RESULT: {"using":"xpath","value":"//span[text()='Provide to site - Completed']"}
COMMAND: POST /session/b171ef130127fc2a30c2632ea9d3abff/elements - {"using":"xpath","value":"//span[text()='Provide to site - Completed']"}
RESULT: {"using":"xpath","value":"//span[text()='Provide to site - Completed']"}
COMMAND: POST /session/b171ef130127fc2a30c2632ea9d3abff/elements - {"using":"xpath","value":"//span[text()='Provide to site - Completed']"}
RESULT: {"using":"xpath","value":"//span[text()='Provide to site - Completed']"}
COMMAND: POST /session/b171ef130127fc2a30c2632ea9d3abff/elements - {"using":"xpath","value":"//span[text()='Provide to site - Completed']"}
RESULT: {"using":"xpath","value":"//span[text()='Provide to site - Completed']"}
COMMAND: POST /session/b171ef130127fc2a30c2632ea9d3abff/elements - {"using":"xpath","value":"//span[text()='Provide to site - Completed']"}
RESULT: {"using":"xpath","value":"//span[text()='Provide to site - Completed']"}
COMMAND: POST /session/b171ef130127fc2a30c2632ea9d3abff/elements - {"using":"xpath","value":"//span[text()='Provide to site - Completed']"}
RESULT: {"using":"xpath","value":"//span[text()='Provide to site - Completed']"}
COMMAND: POST /session/b171ef130127fc2a30c2632ea9d3abff/elements - {"using":"xpath","value":"//span[text()='Provide to site - Completed']"}
RESULT: {"using":"xpath","value":"//span[text()='Provide to site - Completed']"}
COMMAND: POST /session/b171ef130127fc2a30c2632ea9d3abff/elements - {"using":"xpath","value":"//span[text()='Provide to site - Completed']"}
RESULT: {"using":"xpath","value":"//span[text()='Provide to site - Completed']"}
COMMAND: POST /session/b171ef130127fc2a30c2632ea9d3abff/elements - {"using":"xpath","value":"//span[text()='Provide to site - Completed']"}
RESULT: {"using":"xpath","value":"//span[text()='Provide to site - Completed']"}
COMMAND: POST /session/b171ef130127fc2a30c2632ea9d3abff/elements - {"using":"xpath","value":"//span[text()='Provide to site - Completed']"}
RESULT: {"using":"xpath","value":"//span[text()='Provide to site - Completed']"}
COMMAND: POST /session/b171ef130127fc2a30c2632ea9d3abff/elements - {"using":"xpath","value":"//span[text()='Provide to site - Completed']"}
RESULT: {"using":"xpath","value":"//span[text()='Provide to site - Completed']"}
COMMAND: POST /session/b171ef130127fc2a30c2632ea9d3abff/elements - {"using":"xpath","value":"//span[text()='Provide to site - Completed']"}
RESULT: {"using":"xpath","value":"//span[text()='Provide to site - Completed']"}
COMMAND: POST /session/b171ef130127fc2a30c2632ea9d3abff/elements - {"using":"xpath","value":"//span[text()='Provide to site - Completed']"}
RESULT: {"using":"xpath","value":"//span[text()='Provide to site - Completed']"}
COMMAND: POST /session/b171ef130127fc2a30c2632ea9d3abff/elements - {"using":"xpath","value":"//span[text()='Provide to site - Completed']"}
RESULT: {"using":"xpath","value":"//span[text()='Provide to site - Completed']"}
COMMAND: POST /session/b171ef130127fc2a30c2632ea9d3abff/elements - {"using":"xpath","value":"//span[text()='Provide to site - Completed']"}
RESULT: {"using":"xpath","value":"//span[text()='Provide to site - Completed']"}
COMMAND: POST /session/b171ef130127fc2a30c2632ea9d3abff/elements - {"using":"xpath","value":"//span[text()='Provide to site - Completed']"}
RESULT: {"using":"xpath","value":"//span[text()='Provide to site - Completed']"}
COMMAND: POST /session/b171ef130127fc2a30c2632ea9d3abff/elements - {"using":"xpath","value":"//span[text()='Provide to site - Completed']"}
RESULT: {"using":"xpath","value":"//span[text()='Provide to site - Completed']"}
COMMAND: POST /session/b171ef130127fc2a30c2632ea9d3abff/elements - {"using":"xpath","value":"//span[text()='Provide to site - Completed']"}
RESULT: {"using":"xpath","value":"//span[text()='Provide to site - Completed']"}
COMMAND: POST /session/b171ef130127fc2a30c2632ea9d3abff/elements - {"using":"xpath","value":"//span[text()='Provide to site - Completed']"}
RESULT: {"using":"xpath","value":"//span[text()='Provide to site - Completed']"}
COMMAND: POST /session/b171ef130127fc2a30c2632ea9d3abff/elements - {"using":"xpath","value":"//span[text()='Provide to site - Completed']"}
RESULT: {"using":"xpath","value":"//span[text()='Provide to site - Completed']"}
COMMAND: POST /session/b171ef130127fc2a30c2632ea9d3abff/elements - {"using":"xpath","value":"//span[text()='Provide to site - Completed']"}
RESULT: {"using":"xpath","value":"//span[text()='Provide to site - Completed']"}
COMMAND: POST /session/b171ef130127fc2a30c2632ea9d3abff/elements - {"using":"xpath","value":"//span[text()='Provide to site - Completed']"}
RESULT: {"using":"xpath","value":"//span[text()='Provide to site - Completed']"}
COMMAND: POST /session/b171ef130127fc2a30c2632ea9d3abff/elements - {"using":"xpath","value":"//span[text()='Provide to site - Completed']"}
RESULT: {"using":"xpath","value":"//span[text()='Provide to site - Completed']"}
COMMAND: POST /session/b171ef130127fc2a30c2632ea9d3abff/elements - {"using":"xpath","value":"//span[text()='Provide to site - Completed']"}
RESULT: {"using":"xpath","value":"//span[text()='Provide to site - Completed']"}
COMMAND: POST /session/b171ef130127fc2a30c2632ea9d3abff/elements - {"using":"xpath","value":"//span[text()='Provide to site - Completed']"}
RESULT: {"using":"xpath","value":"//span[text()='Provide to site - Completed']"}
COMMAND: POST /session/b171ef130127fc2a30c2632ea9d3abff/elements - {"using":"xpath","value":"//span[text()='Provide to site - Completed']"}
RESULT: {"using":"xpath","value":"//span[text()='Provide to site - Completed']"}
COMMAND: POST /session/b171ef130127fc2a30c2632ea9d3abff/elements - {"using":"xpath","value":"//span[text()='Provide to site - Completed']"}
RESULT: {"using":"xpath","value":"//span[text()='Provide to site - Completed']"}
COMMAND: POST /session/b171ef130127fc2a30c2632ea9d3abff/elements - {"using":"xpath","value":"//span[text()='Provide to site - Completed']"}
RESULT: {"using":"xpath","value":"//span[text()='Provide to site - Completed']"}
COMMAND: POST /session/b171ef130127fc2a30c2632ea9d3abff/elements - {"using":"xpath","value":"//span[text()='Provide to site - Completed']"}
RESULT: {"using":"xpath","value":"//span[text()='Provide to site - Completed']"}
COMMAND: POST /session/b171ef130127fc2a30c2632ea9d3abff/elements - {"using":"xpath","value":"//span[text()='Provide to site - Completed']"}
RESULT: {"using":"xpath","value":"//span[text()='Provide to site - Completed']"}
COMMAND: POST /session/b171ef130127fc2a30c2632ea9d3abff/elements - {"using":"xpath","value":"//span[text()='Provide to site - Completed']"}
RESULT: {"using":"xpath","value":"//span[text()='Provide to site - Completed']"}
COMMAND: POST /session/b171ef130127fc2a30c2632ea9d3abff/elements - {"using":"xpath","value":"//span[text()='Provide to site - Completed']"}
RESULT: {"using":"xpath","value":"//span[text()='Provide to site - Completed']"}
COMMAND: POST /session/b171ef130127fc2a30c2632ea9d3abff/elements - {"using":"xpath","value":"//span[text()='Provide to site - Completed']"}
RESULT: {"using":"xpath","value":"//span[text()='Provide to site - Completed']"}
COMMAND: POST /session/b171ef130127fc2a30c2632ea9d3abff/elements - {"using":"xpath","value":"//span[text()='Provide to site - Completed']"}
RESULT: {"using":"xpath","value":"//span[text()='Provide to site - Completed']"}
COMMAND: POST /session/b171ef130127fc2a30c2632ea9d3abff/elements - {"using":"xpath","value":"//span[text()='Provide to site - Completed']"}
RESULT: {"using":"xpath","value":"//span[text()='Provide to site - Completed']"}
COMMAND: POST /session/b171ef130127fc2a30c2632ea9d3abff/elements - {"using":"xpath","value":"//span[text()='Provide to site - Completed']"}
RESULT: {"using":"xpath","value":"//span[text()='Provide to site - Completed']"}
COMMAND: POST /session/b171ef130127fc2a30c2632ea9d3abff/elements - {"using":"xpath","value":"//span[text()='Provide to site - Completed']"}
RESULT: {"using":"xpath","value":"//span[text()='Provide to site - Completed']"}
COMMAND: POST /session/b171ef130127fc2a30c2632ea9d3abff/elements - {"using":"xpath","value":"//span[text()='Provide to site - Completed']"}
RESULT: {"using":"xpath","value":"//span[text()='Provide to site - Completed']"}
COMMAND: POST /session/b171ef130127fc2a30c2632ea9d3abff/elements - {"using":"xpath","value":"//span[text()='Provide to site - Completed']"}
RESULT: {"using":"xpath","value":"//span[text()='Provide to site - Completed']"}
COMMAND: POST /session/b171ef130127fc2a30c2632ea9d3abff/elements - {"using":"xpath","value":"//span[text()='Provide to site - Completed']"}
RESULT: {"using":"xpath","value":"//span[text()='Provide to site - Completed']"}
COMMAND: POST /session/b171ef130127fc2a30c2632ea9d3abff/elements - {"using":"xpath","value":"//span[text()='Provide to site - Completed']"}
RESULT: {"using":"xpath","value":"//span[text()='Provide to site - Completed']"}
COMMAND: POST /session/b171ef130127fc2a30c2632ea9d3abff/elements - {"using":"xpath","value":"//span[text()='Provide to site - Completed']"}
RESULT: {"using":"xpath","value":"//span[text()='Provide to site - Completed']"}
COMMAND: POST /session/b171ef130127fc2a30c2632ea9d3abff/elements - {"using":"xpath","value":"//span[text()='Provide to site - Completed']"}
RESULT: {"using":"xpath","value":"//span[text()='Provide to site - Completed']"}
COMMAND: POST /session/b171ef130127fc2a30c2632ea9d3abff/elements - {"using":"xpath","value":"//span[text()='Provide to site - Completed']"}
RESULT: {"using":"xpath","value":"//span[text()='Provide to site - Completed']"}
COMMAND: POST /session/b171ef130127fc2a30c2632ea9d3abff/elements - {"using":"xpath","value":"//span[text()='Provide to site - Completed']"}
RESULT: {"using":"xpath","value":"//span[text()='Provide to site - Completed']"}
COMMAND: POST /session/b171ef130127fc2a30c2632ea9d3abff/elements - {"using":"xpath","value":"//span[text()='Provide to site - Completed']"}
RESULT: {"using":"xpath","value":"//span[text()='Provide to site - Completed']"}
COMMAND: POST /session/b171ef130127fc2a30c2632ea9d3abff/elements - {"using":"xpath","value":"//span[text()='Provide to site - Completed']"}
RESULT: {"using":"xpath","value":"//span[text()='Provide to site - Completed']"}
COMMAND: POST /session/b171ef130127fc2a30c2632ea9d3abff/elements - {"using":"xpath","value":"//span[text()='Provide to site - Completed']"}
RESULT: {"using":"xpath","value":"//span[text()='Provide to site - Completed']"}
COMMAND: POST /session/b171ef130127fc2a30c2632ea9d3abff/elements - {"using":"xpath","value":"//span[text()='Provide to site - Completed']"}
RESULT: {"using":"xpath","value":"//span[text()='Provide to site - Completed']"}
COMMAND: POST /session/b171ef130127fc2a30c2632ea9d3abff/elements - {"using":"xpath","value":"//span[text()='Provide to site - Completed']"}
RESULT: {"using":"xpath","value":"//span[text()='Provide to site - Completed']"}
COMMAND: POST /session/b171ef130127fc2a30c2632ea9d3abff/elements - {"using":"xpath","value":"//span[text()='Provide to site - Completed']"}
RESULT: {"using":"xpath","value":"//span[text()='Provide to site - Completed']"}
COMMAND: POST /session/b171ef130127fc2a30c2632ea9d3abff/elements - {"using":"xpath","value":"//span[text()='Provide to site - Completed']"}
RESULT: {"using":"xpath","value":"//span[text()='Provide to site - Completed']"}
COMMAND: POST /session/b171ef130127fc2a30c2632ea9d3abff/elements - {"using":"xpath","value":"//span[text()='Provide to site - Completed']"}
RESULT: {"using":"xpath","value":"//span[text()='Provide to site - Completed']"}
COMMAND: POST /session/b171ef130127fc2a30c2632ea9d3abff/elements - {"using":"xpath","value":"//span[text()='Provide to site - Completed']"}
RESULT: {"using":"xpath","value":"//span[text()='Provide to site - Completed']"}
COMMAND: POST /session/b171ef130127fc2a30c2632ea9d3abff/elements - {"using":"xpath","value":"//span[text()='Provide to site - Completed']"}
RESULT: {"using":"xpath","value":"//span[text()='Provide to site - Completed']"}
COMMAND: POST /session/b171ef130127fc2a30c2632ea9d3abff/elements - {"using":"xpath","value":"//span[text()='Provide to site - Completed']"}
RESULT: {"using":"xpath","value":"//span[text()='Provide to site - Completed']"}
COMMAND: POST /session/b171ef130127fc2a30c2632ea9d3abff/elements - {"using":"xpath","value":"//span[text()='Provide to site - Completed']"}
RESULT: {"using":"xpath","value":"//span[text()='Provide to site - Completed']"}
COMMAND: POST /session/b171ef130127fc2a30c2632ea9d3abff/elements - {"using":"xpath","value":"//span[text()='Provide to site - Completed']"}
RESULT: {"using":"xpath","value":"//span[text()='Provide to site - Completed']"}
COMMAND: POST /session/b171ef130127fc2a30c2632ea9d3abff/elements - {"using":"xpath","value":"//span[text()='Provide to site - Completed']"}
RESULT: {"using":"xpath","value":"//span[text()='Provide to site - Completed']"}
COMMAND: POST /session/b171ef130127fc2a30c2632ea9d3abff/elements - {"using":"xpath","value":"//span[text()='Provide to site - Completed']"}
RESULT: {"using":"xpath","value":"//span[text()='Provide to site - Completed']"}
COMMAND: POST /session/b171ef130127fc2a30c2632ea9d3abff/elements - {"using":"xpath","value":"//span[text()='Provide to site - Completed']"}
RESULT: {"using":"xpath","value":"//span[text()='Provide to site - Completed']"}
COMMAND: POST /session/b171ef130127fc2a30c2632ea9d3abff/elements - {"using":"xpath","value":"//span[text()='Provide to site - Completed']"}
RESULT: {"using":"xpath","value":"//span[text()='Provide to site - Completed']"}
COMMAND: POST /session/b171ef130127fc2a30c2632ea9d3abff/elements - {"using":"xpath","value":"//span[text()='Provide to site - Completed']"}
RESULT: {"using":"xpath","value":"//span[text()='Provide to site - Completed']"}
COMMAND: POST /session/b171ef130127fc2a30c2632ea9d3abff/elements - {"using":"xpath","value":"//span[text()='Provide to site - Completed']"}
RESULT: {"using":"xpath","value":"//span[text()='Provide to site - Completed']"}
COMMAND: POST /session/b171ef130127fc2a30c2632ea9d3abff/elements - {"using":"xpath","value":"//span[text()='Provide to site - Completed']"}
RESULT: {"using":"xpath","value":"//span[text()='Provide to site - Completed']"}
COMMAND: POST /session/b171ef130127fc2a30c2632ea9d3abff/elements - {"using":"xpath","value":"//span[text()='Provide to site - Completed']"}
RESULT: {"using":"xpath","value":"//span[text()='Provide to site - Completed']"}
COMMAND: POST /session/b171ef130127fc2a30c2632ea9d3abff/elements - {"using":"xpath","value":"//span[text()='Provide to site - Completed']"}
RESULT: {"using":"xpath","value":"//span[text()='Provide to site - Completed']"}
COMMAND: POST /session/b171ef130127fc2a30c2632ea9d3abff/elements - {"using":"xpath","value":"//span[text()='Provide to site - Completed']"}
RESULT: {"using":"xpath","value":"//span[text()='Provide to site - Completed']"}
COMMAND: POST /session/b171ef130127fc2a30c2632ea9d3abff/elements - {"using":"xpath","value":"//span[text()='Provide to site - Completed']"}
RESULT: {"using":"xpath","value":"//span[text()='Provide to site - Completed']"}
COMMAND: POST /session/b171ef130127fc2a30c2632ea9d3abff/elements - {"using":"xpath","value":"//span[text()='Provide to site - Completed']"}
RESULT: {"using":"xpath","value":"//span[text()='Provide to site - Completed']"}
COMMAND: POST /session/b171ef130127fc2a30c2632ea9d3abff/elements - {"using":"xpath","value":"//span[text()='Provide to site - Completed']"}
RESULT: {"using":"xpath","value":"//span[text()='Provide to site - Completed']"}
COMMAND: POST /session/b171ef130127fc2a30c2632ea9d3abff/elements - {"using":"xpath","value":"//span[text()='Provide to site - Completed']"}
RESULT: {"using":"xpath","value":"//span[text()='Provide to site - Completed']"}
COMMAND: POST /session/b171ef130127fc2a30c2632ea9d3abff/elements - {"using":"xpath","value":"//span[text()='Provide to site - Completed']"}
RESULT: {"using":"xpath","value":"//span[text()='Provide to site - Completed']"}
COMMAND: POST /session/b171ef130127fc2a30c2632ea9d3abff/elements - {"using":"xpath","value":"//span[text()='Provide to site - Completed']"}
RESULT: {"using":"xpath","value":"//span[text()='Provide to site - Completed']"}
COMMAND: POST /session/b171ef130127fc2a30c2632ea9d3abff/elements - {"using":"xpath","value":"//span[text()='Provide to site - Completed']"}
RESULT: {"using":"xpath","value":"//span[text()='Provide to site - Completed']"}
COMMAND: POST /session/b171ef130127fc2a30c2632ea9d3abff/elements - {"using":"xpath","value":"//span[text()='Provide to site - Completed']"}
RESULT: {"using":"xpath","value":"//span[text()='Provide to site - Completed']"}
COMMAND: POST /session/b171ef130127fc2a30c2632ea9d3abff/elements - {"using":"xpath","value":"//span[text()='Provide to site - Completed']"}
RESULT: {"using":"xpath","value":"//span[text()='Provide to site - Completed']"}
COMMAND: POST /session/b171ef130127fc2a30c2632ea9d3abff/elements - {"using":"xpath","value":"//span[text()='Provide to site - Completed']"}
RESULT: {"using":"xpath","value":"//span[text()='Provide to site - Completed']"}
COMMAND: POST /session/b171ef130127fc2a30c2632ea9d3abff/elements - {"using":"xpath","value":"//span[text()='Provide to site - Completed']"}
RESULT: {"using":"xpath","value":"//span[text()='Provide to site - Completed']"}
COMMAND: POST /session/b171ef130127fc2a30c2632ea9d3abff/elements - {"using":"xpath","value":"//span[text()='Provide to site - Completed']"}
RESULT: {"using":"xpath","value":"//span[text()='Provide to site - Completed']"}
COMMAND: POST /session/b171ef130127fc2a30c2632ea9d3abff/elements - {"using":"xpath","value":"//span[text()='Provide to site - Completed']"}
RESULT: {"using":"xpath","value":"//span[text()='Provide to site - Completed']"}
COMMAND: POST /session/b171ef130127fc2a30c2632ea9d3abff/elements - {"using":"xpath","value":"//span[text()='Provide to site - Completed']"}
RESULT: {"using":"xpath","value":"//span[text()='Provide to site - Completed']"}
COMMAND: POST /session/b171ef130127fc2a30c2632ea9d3abff/elements - {"using":"xpath","value":"//span[text()='Provide to site - Completed']"}
RESULT: {"using":"xpath","value":"//span[text()='Provide to site - Completed']"}
COMMAND: POST /session/b171ef130127fc2a30c2632ea9d3abff/elements - {"using":"xpath","value":"//span[text()='Provide to site - Completed']"}
RESULT: {"using":"xpath","value":"//span[text()='Provide to site - Completed']"}
COMMAND: POST /session/b171ef130127fc2a30c2632ea9d3abff/elements - {"using":"xpath","value":"//span[text()='Provide to site - Completed']"}
RESULT: {"using":"xpath","value":"//span[text()='Provide to site - Completed']"}
COMMAND: POST /session/b171ef130127fc2a30c2632ea9d3abff/elements - {"using":"xpath","value":"//span[text()='Provide to site - Completed']"}
RESULT: {"using":"xpath","value":"//span[text()='Provide to site - Completed']"}
COMMAND: POST /session/b171ef130127fc2a30c2632ea9d3abff/elements - {"using":"xpath","value":"//span[text()='Provide to site - Completed']"}
RESULT: {"using":"xpath","value":"//span[text()='Provide to site - Completed']"}
COMMAND: POST /session/b171ef130127fc2a30c2632ea9d3abff/elements - {"using":"xpath","value":"//span[text()='Provide to site - Completed']"}
COMMAND: POST /session/b171ef130127fc2a30c2632ea9d3abff/execute/async - {"script":"<script> [1562 bytes]","args":[{"selector":{"controlType":"sap.m.Button","viewName":"etm.portal.ui.managehandovers.view.DetailExecuteHO","i18NText":{"propertyName":"text","key":"pickQty"},"interaction":{"idSuffix":"BDI-content"}},"wdio_ui5_key":"etmportal.ui.managehandovers.view.DetailExecuteHOsap.m.Button{\"propertyName\":\"text\",\"key\":\"pickQty\"}"}]}
RESULT: {"using":"xpath","value":"//span[text()='Provide to site - Completed']"}
RESULT: {"script":"<script> [1562 bytes]","args":[{"selector":{"controlType":"sap.m.Button","viewName":"etm.portal.ui.managehandovers.view.DetailExecuteHO","i18NText":{"propertyName":"text","key":"pickQty"},"interaction":{"idSuffix":"BDI-content"}},"wdio_ui5_key":"etmportal.ui.managehandovers.view.DetailExecuteHOsap.m.Button{\"propertyName\":\"text\",\"key\":\"pickQty\"}"}]}
RESULT: undefined
COMMAND: POST /session/b171ef130127fc2a30c2632ea9d3abff/execute/async - {"script":"<script> [1562 bytes]","args":[{"selector":{"controlType":"sap.m.Link","viewName":"etm.portal.ui.managehandovers.view.DetailExecuteHO","bindingPath":{"path":"","propertyPath":"/wmDoc","modelName":"warehouseMovModel"}},"wdio_ui5_key":"etmportal.ui.managehandovers.view.DetailExecuteHOsap.m.Link{\"path\":\"\",\"propertyPath\":\"/wmDoc\",\"modelName\":\"warehouseMovModel\"}"}]}
RESULT: {"script":"<script> [1562 bytes]","args":[{"selector":{"controlType":"sap.m.Link","viewName":"etm.portal.ui.managehandovers.view.DetailExecuteHO","bindingPath":{"path":"","propertyPath":"/wmDoc","modelName":"warehouseMovModel"}},"wdio_ui5_key":"etmportal.ui.managehandovers.view.DetailExecuteHOsap.m.Link{\"path\":\"\",\"propertyPath\":\"/wmDoc\",\"modelName\":\"warehouseMovModel\"}"}]}
RESULT: undefined
COMMAND: POST /session/b171ef130127fc2a30c2632ea9d3abff/execute/async - {"script":"<script> [1562 bytes]","args":[{"selector":{"controlType":"sap.m.Link","viewName":"etm.portal.ui.managehandovers.view.DetailExecuteHO","properties":{"text":"Warehouse Overview"},"searchOpenDialogs":true},"wdio_ui5_key":"etmportal.ui.managehandovers.view.DetailExecuteHOsap.m.Link{\"text\":\"Warehouse Overview\"}"}]}
RESULT: {"script":"<script> [1562 bytes]","args":[{"selector":{"controlType":"sap.m.Link","viewName":"etm.portal.ui.managehandovers.view.DetailExecuteHO","properties":{"text":"Warehouse Overview"},"searchOpenDialogs":true},"wdio_ui5_key":"etmportal.ui.managehandovers.view.DetailExecuteHOsap.m.Link{\"text\":\"Warehouse Overview\"}"}]}
RESULT: undefined
COMMAND: POST /session/b171ef130127fc2a30c2632ea9d3abff/execute/async - {"script":"<script> [1562 bytes]","args":[{"selector":{"controlType":"sap.m.Button","viewName":"etm.portal.ui.warehousemovements.view.DisplayMovement","viewId":"application-warehousemovements-display-component---displayMovement","i18NText":{"propertyName":"text","key":"execution"},"interaction":{"idSuffix":"BDI-content"}},"wdio_ui5_key":"etmportal.ui.warehousemovements.view.DisplayMovementsap.m.Button{\"propertyName\":\"text\",\"key\":\"execution\"}"}]}
RESULT: {"script":"<script> [1562 bytes]","args":[{"selector":{"controlType":"sap.m.Button","viewName":"etm.portal.ui.warehousemovements.view.DisplayMovement","viewId":"application-warehousemovements-display-component---displayMovement","i18NText":{"propertyName":"text","key":"execution"},"interaction":{"idSuffix":"BDI-content"}},"wdio_ui5_key":"etmportal.ui.warehousemovements.view.DisplayMovementsap.m.Button{\"propertyName\":\"text\",\"key\":\"execution\"}"}]}
RESULT: undefined
COMMAND: POST /session/b171ef130127fc2a30c2632ea9d3abff/execute/async - {"script":"<script> [1562 bytes]","args":[{"selector":{"controlType":"sap.m.Button","viewName":"etm.portal.ui.warehousemovements.view.ExecuteMovement","viewId":"application-warehousemovements-display-component---executeMovement","properties":{"text":"Items"},"interaction":{"idSuffix":"BDI-content"}},"wdio_ui5_key":"etmportal.ui.warehousemovements.view.ExecuteMovementsap.m.Button{\"text\":\"Items\"}"}]}
RESULT: {"script":"<script> [1562 bytes]","args":[{"selector":{"controlType":"sap.m.Button","viewName":"etm.portal.ui.warehousemovements.view.ExecuteMovement","viewId":"application-warehousemovements-display-component---executeMovement","properties":{"text":"Items"},"interaction":{"idSuffix":"BDI-content"}},"wdio_ui5_key":"etmportal.ui.warehousemovements.view.ExecuteMovementsap.m.Button{\"text\":\"Items\"}"}]}
RESULT: undefined
COMMAND: POST /session/b171ef130127fc2a30c2632ea9d3abff/execute/async - {"script":"<script> [1562 bytes]","args":[{"selector":{"controlType":"sap.m.ToggleButton","viewName":"etm.portal.ui.warehousemovements.view.ExecuteMovement","viewId":"application-warehousemovements-display-component---executeMovement","bindingPath":{"propertyPath":"STATUS","modelName":"catalogModel"},"interaction":{"idSuffix":"BDI-content"}},"wdio_ui5_key":"etmportal.ui.warehousemovements.view.ExecuteMovementsap.m.ToggleButton{\"propertyPath\":\"STATUS\",\"modelName\":\"catalogModel\"}"}]}
RESULT: {"script":"<script> [1562 bytes]","args":[{"selector":{"controlType":"sap.m.ToggleButton","viewName":"etm.portal.ui.warehousemovements.view.ExecuteMovement","viewId":"application-warehousemovements-display-component---executeMovement","bindingPath":{"propertyPath":"STATUS","modelName":"catalogModel"},"interaction":{"idSuffix":"BDI-content"}},"wdio_ui5_key":"etmportal.ui.warehousemovements.view.ExecuteMovementsap.m.ToggleButton{\"propertyPath\":\"STATUS\",\"modelName\":\"catalogModel\"}"}]}
RESULT: undefined
RESULT: undefined
RESULT: undefined
COMMAND: POST /session/b171ef130127fc2a30c2632ea9d3abff/execute/async - {"script":"<script> [1562 bytes]","args":[{"selector":{"id":"application-warehousemovements-display-component---executeMovement--executeId","interaction":{"idSuffix":"BDI-content"}},"wdio_ui5_key":"applicationwarehousemovements-display-component---executeMovement--executeId"}]}
RESULT: {"script":"<script> [1562 bytes]","args":[{"selector":{"id":"application-warehousemovements-display-component---executeMovement--executeId","interaction":{"idSuffix":"BDI-content"}},"wdio_ui5_key":"applicationwarehousemovements-display-component---executeMovement--executeId"}]}
RESULT: undefined
COMMAND: POST /session/b171ef130127fc2a30c2632ea9d3abff/element - {"using":"css selector","value":"#shell-header-logo"}
RESULT: {"using":"css selector","value":"#shell-header-logo"}
COMMAND: POST /session/b171ef130127fc2a30c2632ea9d3abff/element/f.727CE9CF6895B2C759CBC992552C29E0.d.9A57C463B00A846206CBF165C684FCB6.e.16652/click - {}
RESULT: {}
COMMAND: GET /session/b171ef130127fc2a30c2632ea9d3abff/screenshot - {}
RESULT: {}
RESULT: undefined
COMMAND: POST /session/b171ef130127fc2a30c2632ea9d3abff/execute/async - {"script":"<script> [1562 bytes]","args":[{"selector":{"controlType":"sap.m.SearchField","viewName":"etm.portal.ui.managehandovers.view.MasterHO","bindingPath":{"propertyPath":"/_BASIC_SEARCH_FIELD","modelName":"fi1t3rM0d31"},"interaction":{"idSuffix":"I"}},"wdio_ui5_key":"etmportal.ui.managehandovers.view.MasterHOsap.m.SearchField{\"propertyPath\":\"/_BASIC_SEARCH_FIELD\",\"modelName\":\"fi1t3rM0d31\"}"}]}
RESULT: {"script":"<script> [1562 bytes]","args":[{"selector":{"controlType":"sap.m.SearchField","viewName":"etm.portal.ui.managehandovers.view.MasterHO","bindingPath":{"propertyPath":"/_BASIC_SEARCH_FIELD","modelName":"fi1t3rM0d31"},"interaction":{"idSuffix":"I"}},"wdio_ui5_key":"etmportal.ui.managehandovers.view.MasterHOsap.m.SearchField{\"propertyPath\":\"/_BASIC_SEARCH_FIELD\",\"modelName\":\"fi1t3rM0d31\"}"}]}
RESULT: undefined
COMMAND: POST /session/b171ef130127fc2a30c2632ea9d3abff/actions - {"actions":[{"id":"action64","type":"key","parameters":{},"actions":[{"type":"keyDown","value":"î€‡"},{"type":"pause","duration":10},{"type":"keyUp","value":"î€‡"}]}]}
RESULT: {"actions":[{"id":"action64","type":"key","parameters":{},"actions":[{"type":"keyDown","value":"î€‡"},{"type":"pause","duration":10},{"type":"keyUp","value":"î€‡"}]}]}
COMMAND: GET /session/b171ef130127fc2a30c2632ea9d3abff/screenshot - {}
RESULT: {}
COMMAND: POST /session/b171ef130127fc2a30c2632ea9d3abff/execute/async - {"script":"<script> [1562 bytes]","args":[{"selector":{"controlType":"sap.ui.core.Icon","viewName":"etm.portal.ui.managehandovers.view.MasterHO","properties":{"src":{"regex":{"source":"slim\\-arrow\\-right"}}}},"wdio_ui5_key":"etmportal.ui.managehandovers.view.MasterHOsap.ui.core.Icon{\"src\":{\"regex\":{\"source\":\"slim\\\\-arrow\\\\-right\"}}}"}]}
RESULT: {"script":"<script> [1562 bytes]","args":[{"selector":{"controlType":"sap.ui.core.Icon","viewName":"etm.portal.ui.managehandovers.view.MasterHO","properties":{"src":{"regex":{"source":"slim\\-arrow\\-right"}}}},"wdio_ui5_key":"etmportal.ui.managehandovers.view.MasterHOsap.ui.core.Icon{\"src\":{\"regex\":{\"source\":\"slim\\\\-arrow\\\\-right\"}}}"}]}
RESULT: undefined
COMMAND: POST /session/b171ef130127fc2a30c2632ea9d3abff/execute/async - {"script":"<script> [1562 bytes]","args":[{"selector":{"controlType":"sap.m.Button","viewName":"etm.portal.ui.managehandovers.view.DetailExecuteHO","i18NText":{"propertyName":"text","key":"confirmAll"},"interaction":{"idSuffix":"BDI-content"}},"wdio_ui5_key":"etmportal.ui.managehandovers.view.DetailExecuteHOsap.m.Button{\"propertyName\":\"text\",\"key\":\"confirmAll\"}"}]}
RESULT: {"script":"<script> [1562 bytes]","args":[{"selector":{"controlType":"sap.m.Button","viewName":"etm.portal.ui.managehandovers.view.DetailExecuteHO","i18NText":{"propertyName":"text","key":"confirmAll"},"interaction":{"idSuffix":"BDI-content"}},"wdio_ui5_key":"etmportal.ui.managehandovers.view.DetailExecuteHOsap.m.Button{\"propertyName\":\"text\",\"key\":\"confirmAll\"}"}]}
RESULT: undefined
COMMAND: POST /session/b171ef130127fc2a30c2632ea9d3abff/actions - {"actions":[{"id":"action65","type":"key","parameters":{},"actions":[{"type":"keyDown","value":"î€‡"},{"type":"pause","duration":10},{"type":"keyUp","value":"î€‡"}]}]}
RESULT: {"actions":[{"id":"action65","type":"key","parameters":{},"actions":[{"type":"keyDown","value":"î€‡"},{"type":"pause","duration":10},{"type":"keyUp","value":"î€‡"}]}]}
COMMAND: GET /session/b171ef130127fc2a30c2632ea9d3abff/screenshot - {}
RESULT: {}
COMMAND: POST /session/b171ef130127fc2a30c2632ea9d3abff/execute/async - {"script":"<script> [1562 bytes]","args":[{"selector":{"id":"confirmationButton","viewName":"etm.portal.ui.managehandovers.view.DetailExecuteHO","properties":{"text":"Issue"},"interaction":{"idSuffix":"BDI-content"}},"wdio_ui5_key":"confirmationButtonetmportal.ui.managehandovers.view.DetailExecuteHO{\"text\":\"Issue\"}"}]}
RESULT: {"script":"<script> [1562 bytes]","args":[{"selector":{"id":"confirmationButton","viewName":"etm.portal.ui.managehandovers.view.DetailExecuteHO","properties":{"text":"Issue"},"interaction":{"idSuffix":"BDI-content"}},"wdio_ui5_key":"confirmationButtonetmportal.ui.managehandovers.view.DetailExecuteHO{\"text\":\"Issue\"}"}]}
RESULT: undefined
RESULT: undefined
COMMAND: POST /session/b171ef130127fc2a30c2632ea9d3abff/actions - {"actions":[{"id":"action66","type":"key","parameters":{},"actions":[{"type":"keyDown","value":"î€‡"},{"type":"pause","duration":10},{"type":"keyUp","value":"î€‡"}]}]}
RESULT: {"actions":[{"id":"action66","type":"key","parameters":{},"actions":[{"type":"keyDown","value":"î€‡"},{"type":"pause","duration":10},{"type":"keyUp","value":"î€‡"}]}]}
COMMAND: GET /session/b171ef130127fc2a30c2632ea9d3abff/screenshot - {}
RESULT: {}
RESULT: undefined
COMMAND: POST /session/b171ef130127fc2a30c2632ea9d3abff/execute/async - {"script":"<script> [1562 bytes]","args":[{"selector":{"id":"instructionsTabFilter","viewName":"etm.portal.ui.managehandovers.view.DetailExecuteHO","interaction":{"idSuffix":"text"}},"wdio_ui5_key":"instructionsTabFilteretmportal.ui.managehandovers.view.DetailExecuteHO"}]}
RESULT: {"script":"<script> [1562 bytes]","args":[{"selector":{"id":"instructionsTabFilter","viewName":"etm.portal.ui.managehandovers.view.DetailExecuteHO","interaction":{"idSuffix":"text"}},"wdio_ui5_key":"instructionsTabFilteretmportal.ui.managehandovers.view.DetailExecuteHO"}]}
RESULT: undefined
RESULT: undefined
COMMAND: POST /session/b171ef130127fc2a30c2632ea9d3abff/execute/async - {"script":"<script> [1562 bytes]","args":[{"selector":{"controlType":"sap.m.ComboBox","viewName":"etm.portal.ui.managehandovers.view.DetailExecuteHO","bindingPath":{"propertyPath":"RECEIVING_SECTION","modelName":"catalogModel"},"interaction":{"idSuffix":"inner"}},"wdio_ui5_key":"etmportal.ui.managehandovers.view.DetailExecuteHOsap.m.ComboBox{\"propertyPath\":\"RECEIVING_SECTION\",\"modelName\":\"catalogModel\"}"}]}
RESULT: {"script":"<script> [1562 bytes]","args":[{"selector":{"controlType":"sap.m.ComboBox","viewName":"etm.portal.ui.managehandovers.view.DetailExecuteHO","bindingPath":{"propertyPath":"RECEIVING_SECTION","modelName":"catalogModel"},"interaction":{"idSuffix":"inner"}},"wdio_ui5_key":"etmportal.ui.managehandovers.view.DetailExecuteHOsap.m.ComboBox{\"propertyPath\":\"RECEIVING_SECTION\",\"modelName\":\"catalogModel\"}"}]}
RESULT: undefined
COMMAND: POST /session/b171ef130127fc2a30c2632ea9d3abff/actions - {"actions":[{"id":"action67","type":"key","parameters":{},"actions":[{"type":"keyDown","value":"î€‡"},{"type":"pause","duration":10},{"type":"keyUp","value":"î€‡"}]}]}
RESULT: {"actions":[{"id":"action67","type":"key","parameters":{},"actions":[{"type":"keyDown","value":"î€‡"},{"type":"pause","duration":10},{"type":"keyUp","value":"î€‡"}]}]}
COMMAND: GET /session/b171ef130127fc2a30c2632ea9d3abff/screenshot - {}
RESULT: {}
COMMAND: POST /session/b171ef130127fc2a30c2632ea9d3abff/execute/async - {"script":"<script> [1562 bytes]","args":[{"selector":{"id":"confirmationButton","viewName":"etm.portal.ui.managehandovers.view.DetailExecuteHO","properties":{"text":"Receive"},"interaction":{"idSuffix":"BDI-content"}},"wdio_ui5_key":"confirmationButtonetmportal.ui.managehandovers.view.DetailExecuteHO{\"text\":\"Receive\"}"}]}
RESULT: {"script":"<script> [1562 bytes]","args":[{"selector":{"id":"confirmationButton","viewName":"etm.portal.ui.managehandovers.view.DetailExecuteHO","properties":{"text":"Receive"},"interaction":{"idSuffix":"BDI-content"}},"wdio_ui5_key":"confirmationButtonetmportal.ui.managehandovers.view.DetailExecuteHO{\"text\":\"Receive\"}"}]}
RESULT: undefined
COMMAND: POST /session/b171ef130127fc2a30c2632ea9d3abff/execute/async - {"script":"<script> [1562 bytes]","args":[{"selector":{"controlType":"sap.m.Button","properties":{"text":"Continue"},"searchOpenDialogs":true,"interaction":{"idSuffix":"content"}},"wdio_ui5_key":"sapm.Button{\"text\":\"Continue\"}"}]}
RESULT: {"script":"<script> [1562 bytes]","args":[{"selector":{"controlType":"sap.m.Button","properties":{"text":"Continue"},"searchOpenDialogs":true,"interaction":{"idSuffix":"content"}},"wdio_ui5_key":"sapm.Button{\"text\":\"Continue\"}"}]}
RESULT: undefined
COMMAND: POST /session/b171ef130127fc2a30c2632ea9d3abff/element - {"using":"css selector","value":"#j_username"}
COMMAND: POST /session/b171ef130127fc2a30c2632ea9d3abff/url - {"url":"https://qa-testing-00-live-etm-ui.cfapps.eu10-004.hana.ondemand.com/"}
COMMAND: GET /session/b171ef130127fc2a30c2632ea9d3abff/screenshot - {}
RESULT: {"using":"css selector","value":"#j_username"}
COMMAND: POST /session/b171ef130127fc2a30c2632ea9d3abff/element - {"using":"css selector","value":"#j_username"}
RESULT: {"url":"https://qa-testing-00-live-etm-ui.cfapps.eu10-004.hana.ondemand.com/"}
RESULT: undefined
COMMAND: GET /session/b171ef130127fc2a30c2632ea9d3abff/screenshot - {}
RESULT: {}
RESULT: {"using":"css selector","value":"#j_username"}
COMMAND: POST /session/b171ef130127fc2a30c2632ea9d3abff/element - {"using":"css selector","value":"#shell-header-logo"}
RESULT: {}
RESULT: {"using":"css selector","value":"#shell-header-logo"}
COMMAND: POST /session/b171ef130127fc2a30c2632ea9d3abff/execute/sync - {"script":"<script> [8489 bytes]","args":[{"element-6066-11e4-a52e-4f735466cecf":"f.727CE9CF6895B2C759CBC992552C29E0.d.A05F543F094CAD502FD504CF27A58F6A.e.17514","ELEMENT":"f.727CE9CF6895B2C759CBC992552C29E0.d.A05F543F094CAD502FD504CF27A58F6A.e.17514"}]}
RESULT: {"script":"<script> [8489 bytes]","args":[{"element-6066-11e4-a52e-4f735466cecf":"f.727CE9CF6895B2C759CBC992552C29E0.d.A05F543F094CAD502FD504CF27A58F6A.e.17514","ELEMENT":"f.727CE9CF6895B2C759CBC992552C29E0.d.A05F543F094CAD502FD504CF27A58F6A.e.17514"}]}
COMMAND: POST /session/b171ef130127fc2a30c2632ea9d3abff/element - {"using":"css selector","value":"#shell-header-logo"}
COMMAND: GET /session/b171ef130127fc2a30c2632ea9d3abff/screenshot - {}
RESULT: {"using":"css selector","value":"#shell-header-logo"}
COMMAND: POST /session/b171ef130127fc2a30c2632ea9d3abff/execute/sync - {"script":"<script> [8489 bytes]","args":[{"element-6066-11e4-a52e-4f735466cecf":"f.727CE9CF6895B2C759CBC992552C29E0.d.A05F543F094CAD502FD504CF27A58F6A.e.17514","ELEMENT":"f.727CE9CF6895B2C759CBC992552C29E0.d.A05F543F094CAD502FD504CF27A58F6A.e.17514"}]}
RESULT: {}
RESULT: {"script":"<script> [8489 bytes]","args":[{"element-6066-11e4-a52e-4f735466cecf":"f.727CE9CF6895B2C759CBC992552C29E0.d.A05F543F094CAD502FD504CF27A58F6A.e.17514","ELEMENT":"f.727CE9CF6895B2C759CBC992552C29E0.d.A05F543F094CAD502FD504CF27A58F6A.e.17514"}]}
COMMAND: POST /session/b171ef130127fc2a30c2632ea9d3abff/execute/sync - {"script":"<script> [5351 bytes]","args":[{"element-6066-11e4-a52e-4f735466cecf":"f.727CE9CF6895B2C759CBC992552C29E0.d.A05F543F094CAD502FD504CF27A58F6A.e.17514","ELEMENT":"f.727CE9CF6895B2C759CBC992552C29E0.d.A05F543F094CAD502FD504CF27A58F6A.e.17514"}]}
COMMAND: GET /session/b171ef130127fc2a30c2632ea9d3abff/screenshot - {}
RESULT: {"script":"<script> [5351 bytes]","args":[{"element-6066-11e4-a52e-4f735466cecf":"f.727CE9CF6895B2C759CBC992552C29E0.d.A05F543F094CAD502FD504CF27A58F6A.e.17514","ELEMENT":"f.727CE9CF6895B2C759CBC992552C29E0.d.A05F543F094CAD502FD504CF27A58F6A.e.17514"}]}
COMMAND: POST /session/b171ef130127fc2a30c2632ea9d3abff/element - {"using":"css selector","value":"#shell-header-logo"}
COMMAND: GET /session/b171ef130127fc2a30c2632ea9d3abff/screenshot - {}
RESULT: {}
RESULT: {"using":"css selector","value":"#shell-header-logo"}
COMMAND: POST /session/b171ef130127fc2a30c2632ea9d3abff/element/f.727CE9CF6895B2C759CBC992552C29E0.d.A05F543F094CAD502FD504CF27A58F6A.e.17514/click - {}
RESULT: {}
RESULT: {}
COMMAND: GET /session/b171ef130127fc2a30c2632ea9d3abff/screenshot - {}
RESULT: {}
COMMAND: POST /session/b171ef130127fc2a30c2632ea9d3abff/execute/async - {"script":"<script> [189 bytes]","args":[]}
RESULT: {"script":"<script> [189 bytes]","args":[]}
COMMAND: POST /session/b171ef130127fc2a30c2632ea9d3abff/execute/async - {"script":"<script> [123 bytes]","args":[]}
RESULT: {"script":"<script> [123 bytes]","args":[]}
COMMAND: POST /session/b171ef130127fc2a30c2632ea9d3abff/timeouts - {"script":"<number>"}
RESULT: {"script":"<number>"}
COMMAND: GET /session/b171ef130127fc2a30c2632ea9d3abff/timeouts - {}
RESULT: {}
RESULT: undefined
COMMAND: POST /session/b171ef130127fc2a30c2632ea9d3abff/execute/async - {"script":"<script> [2676 bytes]","args":[]}
RESULT: {"script":"<script> [2676 bytes]","args":[]}
COMMAND: POST /session/b171ef130127fc2a30c2632ea9d3abff/execute/async - {"script":"<script> [2342 bytes]","args":[{"protocol":"http","hostname":"0.0.0.0","path":"/","capabilities":{"browserName":"chrome","goog:chromeOptions":{"binary":"C:\\Program Files\\Google\\Chrome\\Application\\chrome.exe","args":["--start-maximized"]}},"logLevel":"warn","connectionRetryTimeout":120000,"connectionRetryCount":3,"logLevels":{},"enableDirectConnect":true,"strictSSL":true,"_":"65 more keys: [\"cacheDir\",\"port\",\"requestedCapabilities\",\"automationProtocol\",\"baseUrl\",\"waitforInterval\",\"waitforTimeout\",\"onReload\",\"beforeCommand\",\"afterCommand\",\"rootDir\",\"specs\",\"suites\",\"exclude\",\"groupLogsByTestSpec\",\"excludeDriverLogs\",\"bail\",\"framework\",\"reporters\",\"services\",\"maxInstances\",\"maxInstancesPerCapability\",\"injectGlobals\",\"filesToWatch\",\"execArgv\",\"runnerEnv\",\"runner\",\"shard\",\"specFileRetries\",\"specFileRetriesDelay\",\"specFileRetriesDeferred\",\"reporterSyncInterval\",\"reporterSyncTimeout\",\"cucumberFeaturesWithLineNumbers\",\"autoCompileOpts\",\"mochaOpts\",\"jasmineOpts\",\"cucumberOpts\",\"onPrepare\",\"onWorkerStart\",\"onWorkerEnd\",\"before\",\"beforeSession\",\"beforeSuite\",\"beforeHook\",\"beforeTest\",\"afterTest\",\"afterHook\",\"afterSuite\",\"afterSession\",\"after\",\"onComplete\",\"beforeAssertion\",\"afterAssertion\",\"beforeFeature\",\"beforeScenario\",\"beforeStep\",\"afterStep\",\"afterScenario\",\"afterFeature\",\"_\",\"suite\",\"$0\",\"ignoredWorkerServices\",\"wdi5\"]"}]}
RESULT: {"script":"<script> [2342 bytes]","args":[{"protocol":"http","hostname":"0.0.0.0","path":"/","capabilities":{"browserName":"chrome","goog:chromeOptions":{"binary":"C:\\Program Files\\Google\\Chrome\\Application\\chrome.exe","args":["--start-maximized"]}},"logLevel":"warn","connectionRetryTimeout":120000,"connectionRetryCount":3,"logLevels":{},"enableDirectConnect":true,"strictSSL":true,"_":"65 more keys: [\"cacheDir\",\"port\",\"requestedCapabilities\",\"automationProtocol\",\"baseUrl\",\"waitforInterval\",\"waitforTimeout\",\"onReload\",\"beforeCommand\",\"afterCommand\",\"rootDir\",\"specs\",\"suites\",\"exclude\",\"groupLogsByTestSpec\",\"excludeDriverLogs\",\"bail\",\"framework\",\"reporters\",\"services\",\"maxInstances\",\"maxInstancesPerCapability\",\"injectGlobals\",\"filesToWatch\",\"execArgv\",\"runnerEnv\",\"runner\",\"shard\",\"specFileRetries\",\"specFileRetriesDelay\",\"specFileRetriesDeferred\",\"reporterSyncInterval\",\"reporterSyncTimeout\",\"cucumberFeaturesWithLineNumbers\",\"autoCompileOpts\",\"mochaOpts\",\"jasmineOpts\",\"cucumberOpts\",\"onPrepare\",\"onWorkerStart\",\"onWorkerEnd\",\"before\",\"beforeSession\",\"beforeSuite\",\"beforeHook\",\"beforeTest\",\"afterTest\",\"afterHook\",\"afterSuite\",\"afterSession\",\"after\",\"onComplete\",\"beforeAssertion\",\"afterAssertion\",\"beforeFeature\",\"beforeScenario\",\"beforeStep\",\"afterStep\",\"afterScenario\",\"afterFeature\",\"_\",\"suite\",\"$0\",\"ignoredWorkerServices\",\"wdi5\"]"}]}
COMMAND: POST /session/b171ef130127fc2a30c2632ea9d3abff/execute/async - {"script":"<script> [21126 bytes]","args":[35000]}
RESULT: {"script":"<script> [21126 bytes]","args":[35000]}
COMMAND: POST /session/b171ef130127fc2a30c2632ea9d3abff/window/maximize - {}
RESULT: {}
COMMAND: POST /session/b171ef130127fc2a30c2632ea9d3abff/execute/async - {"script":"<script> [1562 bytes]","args":[{"selector":{"id":"shell-header","interaction":{"idSuffix":"icon"}},"wdio_ui5_key":"shellheader"}]}
COMMAND: GET /session/b171ef130127fc2a30c2632ea9d3abff/screenshot - {}
RESULT: {"script":"<script> [1562 bytes]","args":[{"selector":{"id":"shell-header","interaction":{"idSuffix":"icon"}},"wdio_ui5_key":"shellheader"}]}
RESULT: undefined
COMMAND: POST /session/b171ef130127fc2a30c2632ea9d3abff/refresh - {}
RESULT: {}
RESULT: {}
COMMAND: GET /session/b171ef130127fc2a30c2632ea9d3abff/screenshot - {}
RESULT: {}
COMMAND: POST /session/b171ef130127fc2a30c2632ea9d3abff/refresh - {}
RESULT: {}
COMMAND: GET /session/b171ef130127fc2a30c2632ea9d3abff/screenshot - {}
RESULT: {}
COMMAND: POST /session/b171ef130127fc2a30c2632ea9d3abff/window/fullscreen - {}
RESULT: {}
COMMAND: POST /session/b171ef130127fc2a30c2632ea9d3abff/execute/async - {"script":"<script> [189 bytes]","args":[]}
RESULT: {"script":"<script> [189 bytes]","args":[]}
COMMAND: POST /session/b171ef130127fc2a30c2632ea9d3abff/execute/async - {"script":"<script> [123 bytes]","args":[]}
RESULT: {"script":"<script> [123 bytes]","args":[]}
COMMAND: POST /session/b171ef130127fc2a30c2632ea9d3abff/timeouts - {"script":"<number>"}
RESULT: {"script":"<number>"}
COMMAND: GET /session/b171ef130127fc2a30c2632ea9d3abff/timeouts - {}
RESULT: {}
RESULT: undefined
COMMAND: POST /session/b171ef130127fc2a30c2632ea9d3abff/execute/async - {"script":"<script> [2676 bytes]","args":[]}
RESULT: {"script":"<script> [2676 bytes]","args":[]}
COMMAND: POST /session/b171ef130127fc2a30c2632ea9d3abff/execute/async - {"script":"<script> [2342 bytes]","args":[{"protocol":"http","hostname":"0.0.0.0","path":"/","capabilities":{"browserName":"chrome","goog:chromeOptions":{"binary":"C:\\Program Files\\Google\\Chrome\\Application\\chrome.exe","args":["--start-maximized"]}},"logLevel":"warn","connectionRetryTimeout":120000,"connectionRetryCount":3,"logLevels":{},"enableDirectConnect":true,"strictSSL":true,"_":"65 more keys: [\"cacheDir\",\"port\",\"requestedCapabilities\",\"automationProtocol\",\"baseUrl\",\"waitforInterval\",\"waitforTimeout\",\"onReload\",\"beforeCommand\",\"afterCommand\",\"rootDir\",\"specs\",\"suites\",\"exclude\",\"groupLogsByTestSpec\",\"excludeDriverLogs\",\"bail\",\"framework\",\"reporters\",\"services\",\"maxInstances\",\"maxInstancesPerCapability\",\"injectGlobals\",\"filesToWatch\",\"execArgv\",\"runnerEnv\",\"runner\",\"shard\",\"specFileRetries\",\"specFileRetriesDelay\",\"specFileRetriesDeferred\",\"reporterSyncInterval\",\"reporterSyncTimeout\",\"cucumberFeaturesWithLineNumbers\",\"autoCompileOpts\",\"mochaOpts\",\"jasmineOpts\",\"cucumberOpts\",\"onPrepare\",\"onWorkerStart\",\"onWorkerEnd\",\"before\",\"beforeSession\",\"beforeSuite\",\"beforeHook\",\"beforeTest\",\"afterTest\",\"afterHook\",\"afterSuite\",\"afterSession\",\"after\",\"onComplete\",\"beforeAssertion\",\"afterAssertion\",\"beforeFeature\",\"beforeScenario\",\"beforeStep\",\"afterStep\",\"afterScenario\",\"afterFeature\",\"_\",\"suite\",\"$0\",\"ignoredWorkerServices\",\"wdi5\"]"}]}
RESULT: {"script":"<script> [2342 bytes]","args":[{"protocol":"http","hostname":"0.0.0.0","path":"/","capabilities":{"browserName":"chrome","goog:chromeOptions":{"binary":"C:\\Program Files\\Google\\Chrome\\Application\\chrome.exe","args":["--start-maximized"]}},"logLevel":"warn","connectionRetryTimeout":120000,"connectionRetryCount":3,"logLevels":{},"enableDirectConnect":true,"strictSSL":true,"_":"65 more keys: [\"cacheDir\",\"port\",\"requestedCapabilities\",\"automationProtocol\",\"baseUrl\",\"waitforInterval\",\"waitforTimeout\",\"onReload\",\"beforeCommand\",\"afterCommand\",\"rootDir\",\"specs\",\"suites\",\"exclude\",\"groupLogsByTestSpec\",\"excludeDriverLogs\",\"bail\",\"framework\",\"reporters\",\"services\",\"maxInstances\",\"maxInstancesPerCapability\",\"injectGlobals\",\"filesToWatch\",\"execArgv\",\"runnerEnv\",\"runner\",\"shard\",\"specFileRetries\",\"specFileRetriesDelay\",\"specFileRetriesDeferred\",\"reporterSyncInterval\",\"reporterSyncTimeout\",\"cucumberFeaturesWithLineNumbers\",\"autoCompileOpts\",\"mochaOpts\",\"jasmineOpts\",\"cucumberOpts\",\"onPrepare\",\"onWorkerStart\",\"onWorkerEnd\",\"before\",\"beforeSession\",\"beforeSuite\",\"beforeHook\",\"beforeTest\",\"afterTest\",\"afterHook\",\"afterSuite\",\"afterSession\",\"after\",\"onComplete\",\"beforeAssertion\",\"afterAssertion\",\"beforeFeature\",\"beforeScenario\",\"beforeStep\",\"afterStep\",\"afterScenario\",\"afterFeature\",\"_\",\"suite\",\"$0\",\"ignoredWorkerServices\",\"wdi5\"]"}]}
COMMAND: POST /session/b171ef130127fc2a30c2632ea9d3abff/execute/async - {"script":"<script> [21126 bytes]","args":[35000]}
RESULT: {"script":"<script> [21126 bytes]","args":[35000]}
]]></system-out>
    </testcase>
  </testsuite>
  <testsuite timestamp="2025-05-06T17:27:49" time="478.384" tests="6" failures="6" errors="6" skipped="0">
    <properties>
      <property name="specId" value="0" />
      <property name="suiteName" value="Return from Site w/ warehouse management w/ clarification US125588" />
      <property name="capabilities" value="chrome.135_0_7049_115.windows" />
      <property name="file" value="file:///D:/a/1/s/test/specs/HTR/return-from-site-w-warehouse-management-w-clarification.spec.js" />
    </properties>
  </testsuite>
  <testsuite timestamp="2025-05-06T17:35:47" time="406.711" tests="7" failures="7" errors="7" skipped="0">
    <properties>
      <property name="specId" value="0" />
      <property name="suiteName" value="Provide to Site w/ warehouse management w clarification" />
      <property name="capabilities" value="chrome.135_0_7049_115.windows" />
      <property name="file" value="file:///D:/a/1/s/test/specs/HTR/return-from-site-w-warehouse-management-w-clarification.spec.js" />
    </properties>
  </testsuite>
  <testsuite timestamp="2025-05-06T17:42:34" time="454.404" tests="9" failures="7" errors="7" skipped="0">
    <properties>
      <property name="specId" value="0" />
      <property name="suiteName" value="Create masterdata for Yard Overview - trigger provide US130988" />
      <property name="capabilities" value="chrome.135_0_7049_115.windows" />
      <property name="file" value="file:///D:/a/1/s/test/specs/HTR/stock-decrease.spec.js" />
    </properties>
    <testcase classname="chrome.135_0_7049_115.windows.Create_masterdata_for_Yard_Overview_-_trigger_provide_US130988" name="create a whm for yard" time="45.884">
      <system-out><![CDATA[
COMMAND: POST /session/b171ef130127fc2a30c2632ea9d3abff/element - {"using":"css selector","value":"#shell-header-icon"}
COMMAND: GET /session/b171ef130127fc2a30c2632ea9d3abff/screenshot - {}
RESULT: {"using":"css selector","value":"#shell-header-icon"}
COMMAND: POST /session/b171ef130127fc2a30c2632ea9d3abff/execute/sync - {"script":"<script> [8489 bytes]","args":[{"element-6066-11e4-a52e-4f735466cecf":"f.727CE9CF6895B2C759CBC992552C29E0.d.F3C3816C2C5F4E08EB96ECBA3E8FC6A2.e.18665","ELEMENT":"f.727CE9CF6895B2C759CBC992552C29E0.d.F3C3816C2C5F4E08EB96ECBA3E8FC6A2.e.18665"}]}
RESULT: {}
RESULT: {"script":"<script> [8489 bytes]","args":[{"element-6066-11e4-a52e-4f735466cecf":"f.727CE9CF6895B2C759CBC992552C29E0.d.F3C3816C2C5F4E08EB96ECBA3E8FC6A2.e.18665","ELEMENT":"f.727CE9CF6895B2C759CBC992552C29E0.d.F3C3816C2C5F4E08EB96ECBA3E8FC6A2.e.18665"}]}
COMMAND: GET /session/b171ef130127fc2a30c2632ea9d3abff/element/f.727CE9CF6895B2C759CBC992552C29E0.d.F3C3816C2C5F4E08EB96ECBA3E8FC6A2.e.18665/enabled - {}
COMMAND: GET /session/b171ef130127fc2a30c2632ea9d3abff/screenshot - {}
RESULT: {}
COMMAND: POST /session/b171ef130127fc2a30c2632ea9d3abff/element/f.727CE9CF6895B2C759CBC992552C29E0.d.F3C3816C2C5F4E08EB96ECBA3E8FC6A2.e.18665/click - {}
COMMAND: GET /session/b171ef130127fc2a30c2632ea9d3abff/screenshot - {}
RESULT: {}
RESULT: {}
COMMAND: GET /session/b171ef130127fc2a30c2632ea9d3abff/screenshot - {}
RESULT: {}
RESULT: {}
COMMAND: POST /session/b171ef130127fc2a30c2632ea9d3abff/element - {"using":"xpath","value":"//div[text()='Warehouse']"}
RESULT: {"using":"xpath","value":"//div[text()='Warehouse']"}
COMMAND: POST /session/b171ef130127fc2a30c2632ea9d3abff/elements - {"using":"xpath","value":"//div[text()='Warehouse']"}
RESULT: {"using":"xpath","value":"//div[text()='Warehouse']"}
COMMAND: POST /session/b171ef130127fc2a30c2632ea9d3abff/element/f.727CE9CF6895B2C759CBC992552C29E0.d.F3C3816C2C5F4E08EB96ECBA3E8FC6A2.e.19270/click - {}
RESULT: {}
COMMAND: POST /session/b171ef130127fc2a30c2632ea9d3abff/element - {"using":"xpath","value":"//span[text()='Manage Warehouse Movements']"}
COMMAND: GET /session/b171ef130127fc2a30c2632ea9d3abff/screenshot - {}
RESULT: {"using":"xpath","value":"//span[text()='Manage Warehouse Movements']"}
COMMAND: POST /session/b171ef130127fc2a30c2632ea9d3abff/elements - {"using":"xpath","value":"//span[text()='Manage Warehouse Movements']"}
RESULT: {}
RESULT: {"using":"xpath","value":"//span[text()='Manage Warehouse Movements']"}
COMMAND: POST /session/b171ef130127fc2a30c2632ea9d3abff/element - {"using":"xpath","value":"//input[@id='application-warehousemovements-display-component---warehouseMovements--smartFilterBar-filterItemControl_BASIC-YARD-inner']"}
RESULT: {"using":"xpath","value":"//input[@id='application-warehousemovements-display-component---warehouseMovements--smartFilterBar-filterItemControl_BASIC-YARD-inner']"}
COMMAND: POST /session/b171ef130127fc2a30c2632ea9d3abff/element - {"using":"xpath","value":"//input[@id='application-warehousemovements-display-component---warehouseMovements--smartFilterBar-filterItemControl_BASIC-YARD-inner']"}
RESULT: {"using":"xpath","value":"//input[@id='application-warehousemovements-display-component---warehouseMovements--smartFilterBar-filterItemControl_BASIC-YARD-inner']"}
COMMAND: POST /session/b171ef130127fc2a30c2632ea9d3abff/actions - {"actions":[{"id":"action70","type":"key","parameters":{},"actions":[{"type":"keyDown","value":"î€‡"},{"type":"pause","duration":10},{"type":"keyUp","value":"î€‡"}]}]}
RESULT: {"actions":[{"id":"action70","type":"key","parameters":{},"actions":[{"type":"keyDown","value":"î€‡"},{"type":"pause","duration":10},{"type":"keyUp","value":"î€‡"}]}]}
COMMAND: POST /session/b171ef130127fc2a30c2632ea9d3abff/element - {"using":"xpath","value":"(//*[@title=\"Add New Movement\"])[1]"}
COMMAND: GET /session/b171ef130127fc2a30c2632ea9d3abff/screenshot - {}
RESULT: {"using":"xpath","value":"(//*[@title=\"Add New Movement\"])[1]"}
COMMAND: POST /session/b171ef130127fc2a30c2632ea9d3abff/element - {"using":"xpath","value":"(//*[@title=\"Add New Movement\"])[1]"}
RESULT: {}
RESULT: {"using":"xpath","value":"(//*[@title=\"Add New Movement\"])[1]"}
COMMAND: POST /session/b171ef130127fc2a30c2632ea9d3abff/element - {"using":"xpath","value":"//*[@id=\"application-warehousemovements-display-component---addMovement--sectionsList-arrow\"]"}
RESULT: {"using":"xpath","value":"//*[@id=\"application-warehousemovements-display-component---addMovement--sectionsList-arrow\"]"}
COMMAND: POST /session/b171ef130127fc2a30c2632ea9d3abff/element - {"using":"xpath","value":"//*[@id=\"application-warehousemovements-display-component---addMovement--sectionsList-arrow\"]"}
RESULT: {"using":"xpath","value":"//*[@id=\"application-warehousemovements-display-component---addMovement--sectionsList-arrow\"]"}
COMMAND: POST /session/b171ef130127fc2a30c2632ea9d3abff/element - {"using":"xpath","value":"//*[@id=\"application-warehousemovements-display-component---addMovement--saveMovementBtn-BDI-content\" and text()=\"Save\"]"}
RESULT: {"using":"xpath","value":"//*[@id=\"application-warehousemovements-display-component---addMovement--saveMovementBtn-BDI-content\" and text()=\"Save\"]"}
COMMAND: POST /session/b171ef130127fc2a30c2632ea9d3abff/element - {"using":"xpath","value":"//*[@id=\"application-warehousemovements-display-component---addMovement--saveMovementBtn-BDI-content\" and text()=\"Save\"]"}
RESULT: {"using":"xpath","value":"//*[@id=\"application-warehousemovements-display-component---addMovement--saveMovementBtn-BDI-content\" and text()=\"Save\"]"}
COMMAND: POST /session/b171ef130127fc2a30c2632ea9d3abff/execute/sync - {"script":"<script> [8489 bytes]","args":[{"element-6066-11e4-a52e-4f735466cecf":"f.727CE9CF6895B2C759CBC992552C29E0.d.F3C3816C2C5F4E08EB96ECBA3E8FC6A2.e.18665","ELEMENT":"f.727CE9CF6895B2C759CBC992552C29E0.d.F3C3816C2C5F4E08EB96ECBA3E8FC6A2.e.18665"}]}
COMMAND: POST /session/b171ef130127fc2a30c2632ea9d3abff/element - {"using":"css selector","value":"#shell-header-icon"}
RESULT: {"using":"css selector","value":"#shell-header-icon"}
COMMAND: POST /session/b171ef130127fc2a30c2632ea9d3abff/execute/sync - {"script":"<script> [8489 bytes]","args":[{"element-6066-11e4-a52e-4f735466cecf":"f.727CE9CF6895B2C759CBC992552C29E0.d.F3C3816C2C5F4E08EB96ECBA3E8FC6A2.e.19271","ELEMENT":"f.727CE9CF6895B2C759CBC992552C29E0.d.F3C3816C2C5F4E08EB96ECBA3E8FC6A2.e.19271"}]}
RESULT: {"script":"<script> [8489 bytes]","args":[{"element-6066-11e4-a52e-4f735466cecf":"f.727CE9CF6895B2C759CBC992552C29E0.d.F3C3816C2C5F4E08EB96ECBA3E8FC6A2.e.19271","ELEMENT":"f.727CE9CF6895B2C759CBC992552C29E0.d.F3C3816C2C5F4E08EB96ECBA3E8FC6A2.e.19271"}]}
COMMAND: GET /session/b171ef130127fc2a30c2632ea9d3abff/element/f.727CE9CF6895B2C759CBC992552C29E0.d.F3C3816C2C5F4E08EB96ECBA3E8FC6A2.e.19271/enabled - {}
COMMAND: GET /session/b171ef130127fc2a30c2632ea9d3abff/screenshot - {}
RESULT: {}
COMMAND: POST /session/b171ef130127fc2a30c2632ea9d3abff/element/f.727CE9CF6895B2C759CBC992552C29E0.d.F3C3816C2C5F4E08EB96ECBA3E8FC6A2.e.19271/click - {}
COMMAND: GET /session/b171ef130127fc2a30c2632ea9d3abff/screenshot - {}
RESULT: {}
RESULT: {}
COMMAND: GET /session/b171ef130127fc2a30c2632ea9d3abff/screenshot - {}
RESULT: {}
RESULT: {}
]]></system-out>
    </testcase>
    <testcase classname="chrome.135_0_7049_115.windows.Create_masterdata_for_Yard_Overview_-_trigger_provide_US130988" name="Set status to defect" time="24.371">
      <system-out><![CDATA[
COMMAND: POST /session/b171ef130127fc2a30c2632ea9d3abff/execute/async - {"script":"<script> [1562 bytes]","args":[{"selector":{"controlType":"sap.ushell.ui.launchpad.AnchorItem","bindingPath":{"path":"/groups/3","propertyPath":"index"},"interaction":{"idSuffix":"inner"}},"wdio_ui5_key":"sapushell.ui.launchpad.AnchorItem{\"path\":\"/groups/3\",\"propertyPath\":\"index\"}"}]}
COMMAND: GET /session/b171ef130127fc2a30c2632ea9d3abff/screenshot - {}
RESULT: {"script":"<script> [1562 bytes]","args":[{"selector":{"controlType":"sap.ushell.ui.launchpad.AnchorItem","bindingPath":{"path":"/groups/3","propertyPath":"index"},"interaction":{"idSuffix":"inner"}},"wdio_ui5_key":"sapushell.ui.launchpad.AnchorItem{\"path\":\"/groups/3\",\"propertyPath\":\"index\"}"}]}
RESULT: undefined
RESULT: {}
COMMAND: POST /session/b171ef130127fc2a30c2632ea9d3abff/execute/async - {"script":"<script> [1562 bytes]","args":[{"selector":{"controlType":"sap.m.GenericTile","properties":{"header":"Manage States & Performance"}},"wdio_ui5_key":"sapm.GenericTile{\"header\":\"Manage States & Performance\"}"}]}
RESULT: {"script":"<script> [1562 bytes]","args":[{"selector":{"controlType":"sap.m.GenericTile","properties":{"header":"Manage States & Performance"}},"wdio_ui5_key":"sapm.GenericTile{\"header\":\"Manage States & Performance\"}"}]}
RESULT: undefined
COMMAND: POST /session/b171ef130127fc2a30c2632ea9d3abff/execute/async - {"script":"<script> [1562 bytes]","args":[{"selector":{"controlType":"sap.ui.core.Icon","viewName":"etm.portal.ui.managestatesandperformance.view.Master","viewId":"application-managestatesandperformance-display-component---stateAndPerform","properties":{"src":{"regex":{"source":"inventory"}}}},"wdio_ui5_key":"etmportal.ui.managestatesandperformance.view.Mastersap.ui.core.Icon{\"src\":{\"regex\":{\"source\":\"inventory\"}}}"}]}
RESULT: {"script":"<script> [1562 bytes]","args":[{"selector":{"controlType":"sap.ui.core.Icon","viewName":"etm.portal.ui.managestatesandperformance.view.Master","viewId":"application-managestatesandperformance-display-component---stateAndPerform","properties":{"src":{"regex":{"source":"inventory"}}}},"wdio_ui5_key":"etmportal.ui.managestatesandperformance.view.Mastersap.ui.core.Icon{\"src\":{\"regex\":{\"source\":\"inventory\"}}}"}]}
RESULT: undefined
COMMAND: POST /session/b171ef130127fc2a30c2632ea9d3abff/execute/async - {"script":"<script> [1562 bytes]","args":[{"selector":{"id":"application-managestatesandperformance-display-component---stateAndPerform--smartFilterBarYard-btnBasicSearch","interaction":{"idSuffix":"I"}},"wdio_ui5_key":"applicationmanagestatesandperformance-display-component---stateAndPerform--smartFilterBarYard-btnBasicSearch"}]}
RESULT: {"script":"<script> [1562 bytes]","args":[{"selector":{"id":"application-managestatesandperformance-display-component---stateAndPerform--smartFilterBarYard-btnBasicSearch","interaction":{"idSuffix":"I"}},"wdio_ui5_key":"applicationmanagestatesandperformance-display-component---stateAndPerform--smartFilterBarYard-btnBasicSearch"}]}
RESULT: undefined
COMMAND: POST /session/b171ef130127fc2a30c2632ea9d3abff/execute/async - {"script":"<script> [1562 bytes]","args":[{"selector":{"controlType":"sap.m.ColumnListItem","viewName":"etm.portal.ui.managestatesandperformance.view.Master","viewId":"application-managestatesandperformance-display-component---stateAndPerform","properties":{"type":"Navigation"},"interaction":{"idSuffix":"cell0"}},"wdio_ui5_key":"etmportal.ui.managestatesandperformance.view.Mastersap.m.ColumnListItem{\"type\":\"Navigation\"}"}]}
RESULT: {"script":"<script> [1562 bytes]","args":[{"selector":{"controlType":"sap.m.ColumnListItem","viewName":"etm.portal.ui.managestatesandperformance.view.Master","viewId":"application-managestatesandperformance-display-component---stateAndPerform","properties":{"type":"Navigation"},"interaction":{"idSuffix":"cell0"}},"wdio_ui5_key":"etmportal.ui.managestatesandperformance.view.Mastersap.m.ColumnListItem{\"type\":\"Navigation\"}"}]}
RESULT: undefined
COMMAND: POST /session/b171ef130127fc2a30c2632ea9d3abff/execute/async - {"script":"<script> [1562 bytes]","args":[{"selector":{"controlType":"sap.m.Button","viewName":"etm.portal.ui.managestatesandperformance.view.Detail","viewId":"application-managestatesandperformance-display-component---detailStateAndPerform","i18NText":{"propertyName":"text","key":"createStateChange"},"interaction":{"idSuffix":"content"}},"wdio_ui5_key":"etmportal.ui.managestatesandperformance.view.Detailsap.m.Button{\"propertyName\":\"text\",\"key\":\"createStateChange\"}"}]}
RESULT: {"script":"<script> [1562 bytes]","args":[{"selector":{"controlType":"sap.m.Button","viewName":"etm.portal.ui.managestatesandperformance.view.Detail","viewId":"application-managestatesandperformance-display-component---detailStateAndPerform","i18NText":{"propertyName":"text","key":"createStateChange"},"interaction":{"idSuffix":"content"}},"wdio_ui5_key":"etmportal.ui.managestatesandperformance.view.Detailsap.m.Button{\"propertyName\":\"text\",\"key\":\"createStateChange\"}"}]}
RESULT: undefined
COMMAND: POST /session/b171ef130127fc2a30c2632ea9d3abff/execute/async - {"script":"<script> [1562 bytes]","args":[{"selector":{"id":"addStateDialog--stateSelect","searchOpenDialogs":true,"interaction":{"idSuffix":"arrow"}},"wdio_ui5_key":"addStateDialogstateSelect"}]}
RESULT: {"script":"<script> [1562 bytes]","args":[{"selector":{"id":"addStateDialog--stateSelect","searchOpenDialogs":true,"interaction":{"idSuffix":"arrow"}},"wdio_ui5_key":"addStateDialogstateSelect"}]}
RESULT: undefined
COMMAND: POST /session/b171ef130127fc2a30c2632ea9d3abff/execute/async - {"script":"<script> [1562 bytes]","args":[{"selector":{"controlType":"sap.ui.core.Item","viewName":"etm.portal.ui.managestatesandperformance.view.Detail","viewId":"application-managestatesandperformance-display-component---detailStateAndPerform","bindingPath":{"path":"/StateTypes(70)","propertyPath":"STATE","modelName":"catalogModel"},"searchOpenDialogs":true},"wdio_ui5_key":"etmportal.ui.managestatesandperformance.view.Detailsap.ui.core.Item{\"path\":\"/StateTypes(70)\",\"propertyPath\":\"STATE\",\"modelName\":\"catalogModel\"}"}]}
RESULT: {"script":"<script> [1562 bytes]","args":[{"selector":{"controlType":"sap.ui.core.Item","viewName":"etm.portal.ui.managestatesandperformance.view.Detail","viewId":"application-managestatesandperformance-display-component---detailStateAndPerform","bindingPath":{"path":"/StateTypes(70)","propertyPath":"STATE","modelName":"catalogModel"},"searchOpenDialogs":true},"wdio_ui5_key":"etmportal.ui.managestatesandperformance.view.Detailsap.ui.core.Item{\"path\":\"/StateTypes(70)\",\"propertyPath\":\"STATE\",\"modelName\":\"catalogModel\"}"}]}
RESULT: undefined
COMMAND: POST /session/b171ef130127fc2a30c2632ea9d3abff/execute/async - {"script":"<script> [1562 bytes]","args":[{"selector":{"controlType":"sap.m.NumericInput","viewName":"etm.portal.ui.managestatesandperformance.view.Detail","viewId":"application-managestatesandperformance-display-component---detailStateAndPerform","properties":{"value":"0"},"searchOpenDialogs":true,"interaction":{"idSuffix":"inner"}},"wdio_ui5_key":"etmportal.ui.managestatesandperformance.view.Detailsap.m.NumericInput{\"value\":\"0\"}"}]}
RESULT: {"script":"<script> [1562 bytes]","args":[{"selector":{"controlType":"sap.m.NumericInput","viewName":"etm.portal.ui.managestatesandperformance.view.Detail","viewId":"application-managestatesandperformance-display-component---detailStateAndPerform","properties":{"value":"0"},"searchOpenDialogs":true,"interaction":{"idSuffix":"inner"}},"wdio_ui5_key":"etmportal.ui.managestatesandperformance.view.Detailsap.m.NumericInput{\"value\":\"0\"}"}]}
RESULT: undefined
COMMAND: POST /session/b171ef130127fc2a30c2632ea9d3abff/execute/async - {"script":"<script> [1562 bytes]","args":[{"selector":{"controlType":"sap.m.Button","viewName":"etm.portal.ui.managestatesandperformance.view.Detail","viewId":"application-managestatesandperformance-display-component---detailStateAndPerform","i18NText":{"propertyName":"text","key":"save"},"searchOpenDialogs":true,"interaction":{"idSuffix":"BDI-content"}},"wdio_ui5_key":"etmportal.ui.managestatesandperformance.view.Detailsap.m.Button{\"propertyName\":\"text\",\"key\":\"save\"}"}]}
RESULT: {"script":"<script> [1562 bytes]","args":[{"selector":{"controlType":"sap.m.Button","viewName":"etm.portal.ui.managestatesandperformance.view.Detail","viewId":"application-managestatesandperformance-display-component---detailStateAndPerform","i18NText":{"propertyName":"text","key":"save"},"searchOpenDialogs":true,"interaction":{"idSuffix":"BDI-content"}},"wdio_ui5_key":"etmportal.ui.managestatesandperformance.view.Detailsap.m.Button{\"propertyName\":\"text\",\"key\":\"save\"}"}]}
RESULT: undefined
COMMAND: POST /session/b171ef130127fc2a30c2632ea9d3abff/element - {"using":"css selector","value":"#shell-header-logo"}
RESULT: {"using":"css selector","value":"#shell-header-logo"}
COMMAND: POST /session/b171ef130127fc2a30c2632ea9d3abff/element/f.727CE9CF6895B2C759CBC992552C29E0.d.F3C3816C2C5F4E08EB96ECBA3E8FC6A2.e.19276/click - {}
RESULT: {}
COMMAND: GET /session/b171ef130127fc2a30c2632ea9d3abff/screenshot - {}
RESULT: {}
]]></system-out>
    </testcase>
  </testsuite>
  <testsuite timestamp="2025-05-06T17:50:08" time="262.76" tests="3" failures="1" errors="1" skipped="0">
    <properties>
      <property name="specId" value="0" />
      <property name="suiteName" value="Transfer Yard to Yard US131076" />
      <property name="capabilities" value="chrome.135_0_7049_115.windows" />
      <property name="file" value="file:///D:/a/1/s/test/specs/HTR/transfer-yard-to-yard.spec.js" />
    </properties>
    <testcase classname="chrome.135_0_7049_115.windows.Transfer_Yard_to_Yard_US131076" name="Should create one equipment and one multipart" time="159.588">
      <system-out><![CDATA[
COMMAND: POST /session/b171ef130127fc2a30c2632ea9d3abff/execute/async - {"script":"<script> [1562 bytes]","args":[{"selector":{"controlType":"sap.m.GenericTile","properties":{"header":"Manage Resources"}},"wdio_ui5_key":"sapm.GenericTile{\"header\":\"Manage Resources\"}"}]}
RESULT: {}
RESULT: {"script":"<script> [1562 bytes]","args":[{"selector":{"controlType":"sap.m.GenericTile","properties":{"header":"Manage Resources"}},"wdio_ui5_key":"sapm.GenericTile{\"header\":\"Manage Resources\"}"}]}
RESULT: undefined
COMMAND: POST /session/b171ef130127fc2a30c2632ea9d3abff/element - {"using":"xpath","value":"//*[@id=\"__tile39\"]"}
RESULT: {"using":"xpath","value":"//*[@id=\"__tile39\"]"}
COMMAND: POST /session/b171ef130127fc2a30c2632ea9d3abff/element/f.727CE9CF6895B2C759CBC992552C29E0.d.C7E270D6B7AAC2AB2A3DEB6C1E3AC433.e.20150/click - {}
RESULT: {}
COMMAND: GET /session/b171ef130127fc2a30c2632ea9d3abff/screenshot - {}
COMMAND: POST /session/b171ef130127fc2a30c2632ea9d3abff/execute/async - {"script":"<script> [1562 bytes]","args":[{"selector":{"controlType":"sap.ui.core.Icon","viewName":"etm.portal.ui.manageresources.view.Master","viewId":"application-manageresources-display-component---masterRU","properties":{"src":{"regex":{"source":"add"}}}},"wdio_ui5_key":"etmportal.ui.manageresources.view.Mastersap.ui.core.Icon{\"src\":{\"regex\":{\"source\":\"add\"}}}"}]}
RESULT: {}
RESULT: {"script":"<script> [1562 bytes]","args":[{"selector":{"controlType":"sap.ui.core.Icon","viewName":"etm.portal.ui.manageresources.view.Master","viewId":"application-manageresources-display-component---masterRU","properties":{"src":{"regex":{"source":"add"}}}},"wdio_ui5_key":"etmportal.ui.manageresources.view.Mastersap.ui.core.Icon{\"src\":{\"regex\":{\"source\":\"add\"}}}"}]}
RESULT: undefined
COMMAND: POST /session/b171ef130127fc2a30c2632ea9d3abff/element - {"using":"xpath","value":"//*[@id=\"__button5-img\"]"}
RESULT: {"using":"xpath","value":"//*[@id=\"__button5-img\"]"}
COMMAND: POST /session/b171ef130127fc2a30c2632ea9d3abff/element/f.727CE9CF6895B2C759CBC992552C29E0.d.C7E270D6B7AAC2AB2A3DEB6C1E3AC433.e.20297/click - {}
RESULT: {}
COMMAND: GET /session/b171ef130127fc2a30c2632ea9d3abff/screenshot - {}
COMMAND: POST /session/b171ef130127fc2a30c2632ea9d3abff/execute/async - {"script":"<script> [1562 bytes]","args":[{"selector":{"id":"application-manageresources-display-component---newResourceUnit--TYPE-arrow"},"wdio_ui5_key":"applicationmanageresources-display-component---newResourceUnit--TYPE-arrow"}]}
RESULT: {}
RESULT: {"script":"<script> [1562 bytes]","args":[{"selector":{"id":"application-manageresources-display-component---newResourceUnit--TYPE-arrow"},"wdio_ui5_key":"applicationmanageresources-display-component---newResourceUnit--TYPE-arrow"}]}
RESULT: undefined
COMMAND: POST /session/b171ef130127fc2a30c2632ea9d3abff/element - {"using":"xpath","value":"//*[@id=\"application-manageresources-display-component---newResourceUnit--TYPE-arrow\"]"}
RESULT: {"using":"xpath","value":"//*[@id=\"application-manageresources-display-component---newResourceUnit--TYPE-arrow\"]"}
COMMAND: POST /session/b171ef130127fc2a30c2632ea9d3abff/element/f.727CE9CF6895B2C759CBC992552C29E0.d.C7E270D6B7AAC2AB2A3DEB6C1E3AC433.e.20512/click - {}
RESULT: {}
COMMAND: POST /session/b171ef130127fc2a30c2632ea9d3abff/execute/async - {"script":"<script> [1562 bytes]","args":[{"selector":{"controlType":"sap.m.StandardListItem","viewName":"reusables.view.manageresources.NewResourceUnit","viewId":"application-manageresources-display-component---newResourceUnit","properties":{"title":"Equipment"},"searchOpenDialogs":true,"interaction":{"idSuffix":"content"}},"wdio_ui5_key":"reusablesview.manageresources.NewResourceUnitsap.m.StandardListItem{\"title\":\"Equipment\"}"}]}
COMMAND: GET /session/b171ef130127fc2a30c2632ea9d3abff/screenshot - {}
RESULT: {"script":"<script> [1562 bytes]","args":[{"selector":{"controlType":"sap.m.StandardListItem","viewName":"reusables.view.manageresources.NewResourceUnit","viewId":"application-manageresources-display-component---newResourceUnit","properties":{"title":"Equipment"},"searchOpenDialogs":true,"interaction":{"idSuffix":"content"}},"wdio_ui5_key":"reusablesview.manageresources.NewResourceUnitsap.m.StandardListItem{\"title\":\"Equipment\"}"}]}
RESULT: undefined
COMMAND: POST /session/b171ef130127fc2a30c2632ea9d3abff/element - {"using":"xpath","value":"//*[@id=\"__item141\"]"}
RESULT: {}
RESULT: {"using":"xpath","value":"//*[@id=\"__item141\"]"}
COMMAND: POST /session/b171ef130127fc2a30c2632ea9d3abff/element/f.727CE9CF6895B2C759CBC992552C29E0.d.C7E270D6B7AAC2AB2A3DEB6C1E3AC433.e.20515/click - {}
RESULT: {}
COMMAND: POST /session/b171ef130127fc2a30c2632ea9d3abff/execute/async - {"script":"<script> [1562 bytes]","args":[{"selector":{"id":"application-manageresources-display-component---newResourceUnit--resourceId","interaction":{"idSuffix":"inner"}},"wdio_ui5_key":"applicationmanageresources-display-component---newResourceUnit--resourceId"}]}
COMMAND: GET /session/b171ef130127fc2a30c2632ea9d3abff/screenshot - {}
RESULT: {"script":"<script> [1562 bytes]","args":[{"selector":{"id":"application-manageresources-display-component---newResourceUnit--resourceId","interaction":{"idSuffix":"inner"}},"wdio_ui5_key":"applicationmanageresources-display-component---newResourceUnit--resourceId"}]}
RESULT: undefined
COMMAND: POST /session/b171ef130127fc2a30c2632ea9d3abff/execute/async - {"script":"<script> [776 bytes]","args":[{"enterText":"TransferYardEquipmd4eb","selector":{"id":"application-manageresources-display-component---newResourceUnit--resourceId","interaction":{"idSuffix":"inner"}},"clearTextFirst":true,"interactionType":"ENTER_TEXT"}]}
RESULT: {}
RESULT: {"script":"<script> [776 bytes]","args":[{"enterText":"TransferYardEquipmd4eb","selector":{"id":"application-manageresources-display-component---newResourceUnit--resourceId","interaction":{"idSuffix":"inner"}},"clearTextFirst":true,"interactionType":"ENTER_TEXT"}]}
COMMAND: POST /session/b171ef130127fc2a30c2632ea9d3abff/execute/async - {"script":"<script> [1562 bytes]","args":[{"selector":{"id":"application-manageresources-display-component---newResourceUnit--SHORT_TEXT","interaction":{"idSuffix":"inner"}},"wdio_ui5_key":"applicationmanageresources-display-component---newResourceUnit--SHORT_TEXT"}]}
RESULT: {"script":"<script> [1562 bytes]","args":[{"selector":{"id":"application-manageresources-display-component---newResourceUnit--SHORT_TEXT","interaction":{"idSuffix":"inner"}},"wdio_ui5_key":"applicationmanageresources-display-component---newResourceUnit--SHORT_TEXT"}]}
RESULT: undefined
COMMAND: POST /session/b171ef130127fc2a30c2632ea9d3abff/execute/async - {"script":"<script> [776 bytes]","args":[{"enterText":"Equip4transfer","selector":{"id":"application-manageresources-display-component---newResourceUnit--SHORT_TEXT","interaction":{"idSuffix":"inner"}},"clearTextFirst":true,"interactionType":"ENTER_TEXT"}]}
RESULT: {"script":"<script> [776 bytes]","args":[{"enterText":"Equip4transfer","selector":{"id":"application-manageresources-display-component---newResourceUnit--SHORT_TEXT","interaction":{"idSuffix":"inner"}},"clearTextFirst":true,"interactionType":"ENTER_TEXT"}]}
COMMAND: POST /session/b171ef130127fc2a30c2632ea9d3abff/execute/async - {"script":"<script> [1562 bytes]","args":[{"selector":{"id":"application-manageresources-display-component---newResourceUnit--BASE_UNIT_OF_MEASURE","interaction":{"idSuffix":"inner"}},"wdio_ui5_key":"applicationmanageresources-display-component---newResourceUnit--BASE_UNIT_OF_MEASURE"}]}
RESULT: {"script":"<script> [1562 bytes]","args":[{"selector":{"id":"application-manageresources-display-component---newResourceUnit--BASE_UNIT_OF_MEASURE","interaction":{"idSuffix":"inner"}},"wdio_ui5_key":"applicationmanageresources-display-component---newResourceUnit--BASE_UNIT_OF_MEASURE"}]}
RESULT: undefined
COMMAND: POST /session/b171ef130127fc2a30c2632ea9d3abff/execute/async - {"script":"<script> [776 bytes]","args":[{"enterText":"Piece","selector":{"id":"application-manageresources-display-component---newResourceUnit--BASE_UNIT_OF_MEASURE","interaction":{"idSuffix":"inner"}},"clearTextFirst":true,"interactionType":"ENTER_TEXT"}]}
RESULT: {"script":"<script> [776 bytes]","args":[{"enterText":"Piece","selector":{"id":"application-manageresources-display-component---newResourceUnit--BASE_UNIT_OF_MEASURE","interaction":{"idSuffix":"inner"}},"clearTextFirst":true,"interactionType":"ENTER_TEXT"}]}
COMMAND: POST /session/b171ef130127fc2a30c2632ea9d3abff/execute/async - {"script":"<script> [1562 bytes]","args":[{"selector":{"id":"application-manageresources-display-component---newResourceUnit--WEIGHT_UNIT","interaction":{"idSuffix":"inner"}},"wdio_ui5_key":"applicationmanageresources-display-component---newResourceUnit--WEIGHT_UNIT"}]}
RESULT: {"script":"<script> [1562 bytes]","args":[{"selector":{"id":"application-manageresources-display-component---newResourceUnit--WEIGHT_UNIT","interaction":{"idSuffix":"inner"}},"wdio_ui5_key":"applicationmanageresources-display-component---newResourceUnit--WEIGHT_UNIT"}]}
RESULT: undefined
COMMAND: POST /session/b171ef130127fc2a30c2632ea9d3abff/execute/async - {"script":"<script> [776 bytes]","args":[{"enterText":"Gram","selector":{"id":"application-manageresources-display-component---newResourceUnit--WEIGHT_UNIT","interaction":{"idSuffix":"inner"}},"clearTextFirst":true,"interactionType":"ENTER_TEXT"}]}
RESULT: {"script":"<script> [776 bytes]","args":[{"enterText":"Gram","selector":{"id":"application-manageresources-display-component---newResourceUnit--WEIGHT_UNIT","interaction":{"idSuffix":"inner"}},"clearTextFirst":true,"interactionType":"ENTER_TEXT"}]}
COMMAND: POST /session/b171ef130127fc2a30c2632ea9d3abff/execute/async - {"script":"<script> [1562 bytes]","args":[{"selector":{"id":"application-manageresources-display-component---newResourceUnit--DIMENSION_UNIT","interaction":{"idSuffix":"inner"}},"wdio_ui5_key":"applicationmanageresources-display-component---newResourceUnit--DIMENSION_UNIT"}]}
RESULT: {"script":"<script> [1562 bytes]","args":[{"selector":{"id":"application-manageresources-display-component---newResourceUnit--DIMENSION_UNIT","interaction":{"idSuffix":"inner"}},"wdio_ui5_key":"applicationmanageresources-display-component---newResourceUnit--DIMENSION_UNIT"}]}
RESULT: undefined
COMMAND: POST /session/b171ef130127fc2a30c2632ea9d3abff/execute/async - {"script":"<script> [776 bytes]","args":[{"enterText":"Meter","selector":{"id":"application-manageresources-display-component---newResourceUnit--DIMENSION_UNIT","interaction":{"idSuffix":"inner"}},"clearTextFirst":true,"interactionType":"ENTER_TEXT"}]}
RESULT: {"script":"<script> [776 bytes]","args":[{"enterText":"Meter","selector":{"id":"application-manageresources-display-component---newResourceUnit--DIMENSION_UNIT","interaction":{"idSuffix":"inner"}},"clearTextFirst":true,"interactionType":"ENTER_TEXT"}]}
COMMAND: POST /session/b171ef130127fc2a30c2632ea9d3abff/execute/async - {"script":"<script> [1562 bytes]","args":[{"selector":{"id":"application-manageresources-display-component---newResourceUnit--newRRUPage-anchBar-application-manageresources-display-component---newResourceUnit--control-anchor","interaction":{"idSuffix":"BDI-content"}},"wdio_ui5_key":"applicationmanageresources-display-component---newResourceUnit--newRRUPage-anchBar-application-manageresources-display-component---newResourceUnit--control-anchor"}]}
RESULT: {"script":"<script> [1562 bytes]","args":[{"selector":{"id":"application-manageresources-display-component---newResourceUnit--newRRUPage-anchBar-application-manageresources-display-component---newResourceUnit--control-anchor","interaction":{"idSuffix":"BDI-content"}},"wdio_ui5_key":"applicationmanageresources-display-component---newResourceUnit--newRRUPage-anchBar-application-manageresources-display-component---newResourceUnit--control-anchor"}]}
RESULT: undefined
COMMAND: POST /session/b171ef130127fc2a30c2632ea9d3abff/element - {"using":"xpath","value":"//*[@id=\"application-manageresources-display-component---newResourceUnit--newRRUPage-anchBar-application-manageresources-display-component---newResourceUnit--control-anchor\"]"}
RESULT: {"using":"xpath","value":"//*[@id=\"application-manageresources-display-component---newResourceUnit--newRRUPage-anchBar-application-manageresources-display-component---newResourceUnit--control-anchor\"]"}
COMMAND: POST /session/b171ef130127fc2a30c2632ea9d3abff/element/f.727CE9CF6895B2C759CBC992552C29E0.d.C7E270D6B7AAC2AB2A3DEB6C1E3AC433.e.20648/click - {}
RESULT: {}
COMMAND: POST /session/b171ef130127fc2a30c2632ea9d3abff/execute/async - {"script":"<script> [1562 bytes]","args":[{"selector":{"id":"application-manageresources-display-component---newResourceUnit--PLANNING_GROUP","interaction":{"idSuffix":"inner"}},"wdio_ui5_key":"applicationmanageresources-display-component---newResourceUnit--PLANNING_GROUP"}]}
COMMAND: GET /session/b171ef130127fc2a30c2632ea9d3abff/screenshot - {}
RESULT: {"script":"<script> [1562 bytes]","args":[{"selector":{"id":"application-manageresources-display-component---newResourceUnit--PLANNING_GROUP","interaction":{"idSuffix":"inner"}},"wdio_ui5_key":"applicationmanageresources-display-component---newResourceUnit--PLANNING_GROUP"}]}
RESULT: undefined
COMMAND: POST /session/b171ef130127fc2a30c2632ea9d3abff/execute/async - {"script":"<script> [776 bytes]","args":[{"enterText":"Heavy Equi","selector":{"id":"application-manageresources-display-component---newResourceUnit--PLANNING_GROUP","interaction":{"idSuffix":"inner"}},"clearTextFirst":true,"interactionType":"ENTER_TEXT"}]}
RESULT: {}
RESULT: {"script":"<script> [776 bytes]","args":[{"enterText":"Heavy Equi","selector":{"id":"application-manageresources-display-component---newResourceUnit--PLANNING_GROUP","interaction":{"idSuffix":"inner"}},"clearTextFirst":true,"interactionType":"ENTER_TEXT"}]}
COMMAND: POST /session/b171ef130127fc2a30c2632ea9d3abff/execute/async - {"script":"<script> [1562 bytes]","args":[{"selector":{"id":"application-manageresources-display-component---newResourceUnit--ITEM_TYPE-arrow"},"wdio_ui5_key":"applicationmanageresources-display-component---newResourceUnit--ITEM_TYPE-arrow"}]}
RESULT: {"script":"<script> [1562 bytes]","args":[{"selector":{"id":"application-manageresources-display-component---newResourceUnit--ITEM_TYPE-arrow"},"wdio_ui5_key":"applicationmanageresources-display-component---newResourceUnit--ITEM_TYPE-arrow"}]}
RESULT: undefined
COMMAND: POST /session/b171ef130127fc2a30c2632ea9d3abff/element - {"using":"xpath","value":"//*[@id=\"application-manageresources-display-component---newResourceUnit--ITEM_TYPE-arrow\"]"}
RESULT: {"using":"xpath","value":"//*[@id=\"application-manageresources-display-component---newResourceUnit--ITEM_TYPE-arrow\"]"}
COMMAND: POST /session/b171ef130127fc2a30c2632ea9d3abff/element/f.727CE9CF6895B2C759CBC992552C29E0.d.C7E270D6B7AAC2AB2A3DEB6C1E3AC433.e.20656/click - {}
RESULT: {}
COMMAND: POST /session/b171ef130127fc2a30c2632ea9d3abff/execute/async - {"script":"<script> [1562 bytes]","args":[{"selector":{"controlType":"sap.m.StandardListItem","viewName":"reusables.view.manageresources.NewResourceUnit","viewId":"application-manageresources-display-component---newResourceUnit","properties":{"title":"Resource Unit"},"searchOpenDialogs":true,"interaction":{"idSuffix":"titleText"}},"wdio_ui5_key":"reusablesview.manageresources.NewResourceUnitsap.m.StandardListItem{\"title\":\"Resource Unit\"}"}]}
COMMAND: GET /session/b171ef130127fc2a30c2632ea9d3abff/screenshot - {}
RESULT: {"script":"<script> [1562 bytes]","args":[{"selector":{"controlType":"sap.m.StandardListItem","viewName":"reusables.view.manageresources.NewResourceUnit","viewId":"application-manageresources-display-component---newResourceUnit","properties":{"title":"Resource Unit"},"searchOpenDialogs":true,"interaction":{"idSuffix":"titleText"}},"wdio_ui5_key":"reusablesview.manageresources.NewResourceUnitsap.m.StandardListItem{\"title\":\"Resource Unit\"}"}]}
RESULT: undefined
COMMAND: POST /session/b171ef130127fc2a30c2632ea9d3abff/element - {"using":"xpath","value":"//*[@id=\"__item210\"]"}
RESULT: {}
RESULT: {"using":"xpath","value":"//*[@id=\"__item210\"]"}
COMMAND: POST /session/b171ef130127fc2a30c2632ea9d3abff/element/f.727CE9CF6895B2C759CBC992552C29E0.d.C7E270D6B7AAC2AB2A3DEB6C1E3AC433.e.20658/click - {}
RESULT: {}
COMMAND: POST /session/b171ef130127fc2a30c2632ea9d3abff/execute/async - {"script":"<script> [1562 bytes]","args":[{"selector":{"id":"application-manageresources-display-component---newResourceUnit--btnAddTimeSegment-img"},"wdio_ui5_key":"applicationmanageresources-display-component---newResourceUnit--btnAddTimeSegment-img"}]}
COMMAND: GET /session/b171ef130127fc2a30c2632ea9d3abff/screenshot - {}
RESULT: {"script":"<script> [1562 bytes]","args":[{"selector":{"id":"application-manageresources-display-component---newResourceUnit--btnAddTimeSegment-img"},"wdio_ui5_key":"applicationmanageresources-display-component---newResourceUnit--btnAddTimeSegment-img"}]}
RESULT: undefined
COMMAND: POST /session/b171ef130127fc2a30c2632ea9d3abff/element - {"using":"xpath","value":"//*[@id=\"application-manageresources-display-component---newResourceUnit--btnAddTimeSegment-img\"]"}
RESULT: {}
RESULT: {"using":"xpath","value":"//*[@id=\"application-manageresources-display-component---newResourceUnit--btnAddTimeSegment-img\"]"}
COMMAND: POST /session/b171ef130127fc2a30c2632ea9d3abff/element/f.727CE9CF6895B2C759CBC992552C29E0.d.C7E270D6B7AAC2AB2A3DEB6C1E3AC433.e.20659/click - {}
RESULT: {}
COMMAND: POST /session/b171ef130127fc2a30c2632ea9d3abff/element - {"using":"xpath","value":"//input[@id=\"application-manageresources-display-component---newResourceUnit--idRuTSAdmin-application-manageresources-display-component---newResourceUnit--RUTimeSegment-0-inner\"]"}
COMMAND: GET /session/b171ef130127fc2a30c2632ea9d3abff/screenshot - {}
RESULT: {"using":"xpath","value":"//input[@id=\"application-manageresources-display-component---newResourceUnit--idRuTSAdmin-application-manageresources-display-component---newResourceUnit--RUTimeSegment-0-inner\"]"}
COMMAND: POST /session/b171ef130127fc2a30c2632ea9d3abff/element/f.727CE9CF6895B2C759CBC992552C29E0.d.C7E270D6B7AAC2AB2A3DEB6C1E3AC433.e.20663/clear - {}
RESULT: {}
RESULT: {}
COMMAND: POST /session/b171ef130127fc2a30c2632ea9d3abff/element/f.727CE9CF6895B2C759CBC992552C29E0.d.C7E270D6B7AAC2AB2A3DEB6C1E3AC433.e.20663/value - {"text":"106"}
COMMAND: GET /session/b171ef130127fc2a30c2632ea9d3abff/screenshot - {}
RESULT: {"text":"106"}
COMMAND: GET /session/b171ef130127fc2a30c2632ea9d3abff/screenshot - {}
RESULT: {}
RESULT: {}
COMMAND: POST /session/b171ef130127fc2a30c2632ea9d3abff/actions - {"actions":[{"id":"action72","type":"key","parameters":{},"actions":[{"type":"keyDown","value":"î€‡"},{"type":"pause","duration":10},{"type":"keyUp","value":"î€‡"}]}]}
RESULT: {"actions":[{"id":"action72","type":"key","parameters":{},"actions":[{"type":"keyDown","value":"î€‡"},{"type":"pause","duration":10},{"type":"keyUp","value":"î€‡"}]}]}
COMMAND: POST /session/b171ef130127fc2a30c2632ea9d3abff/execute/async - {"script":"<script> [1562 bytes]","args":[{"selector":{"controlType":"sap.ui.core.Icon","viewName":"reusables.view.manageresources.NewResourceUnit","viewId":"application-manageresources-display-component---newResourceUnit","properties":{"src":{"regex":{"source":"slim\\-arrow\\-down"}}},"ancestor":{"controlType":"sap.m.ComboBox","viewName":"reusables.view.manageresources.NewResourceUnit","viewId":"application-manageresources-display-component---newResourceUnit","bindingPath":{"path":"/RESOURCE_UNIT_TIME_SEQUENCES/0","propertyPath":"COST_OBJECT_ADMIN_CST_TYPE","modelName":"oNewRruModel"}}},"wdio_ui5_key":"reusablesview.manageresources.NewResourceUnitsap.ui.core.Icon{\"src\":{\"regex\":{\"source\":\"slim\\\\-arrow\\\\-down\"}}}{\"controlType\":\"sap.m.ComboBox\",\"viewName\":\"reusables.view.manageresources.NewResourceUnit\",\"viewId\":\"application-manageresources-display-component---newResourceUnit\",\"bindingPath\":{\"path\":\"/RESOURCE_UNIT_TIME_SEQUENCES/0\",\"propertyPath\":\"COST_OBJECT_ADMIN_CST_TYPE\",\"modelName\":\"oNewRruModel\"}}"}]}
COMMAND: GET /session/b171ef130127fc2a30c2632ea9d3abff/screenshot - {}
RESULT: {"script":"<script> [1562 bytes]","args":[{"selector":{"controlType":"sap.ui.core.Icon","viewName":"reusables.view.manageresources.NewResourceUnit","viewId":"application-manageresources-display-component---newResourceUnit","properties":{"src":{"regex":{"source":"slim\\-arrow\\-down"}}},"ancestor":{"controlType":"sap.m.ComboBox","viewName":"reusables.view.manageresources.NewResourceUnit","viewId":"application-manageresources-display-component---newResourceUnit","bindingPath":{"path":"/RESOURCE_UNIT_TIME_SEQUENCES/0","propertyPath":"COST_OBJECT_ADMIN_CST_TYPE","modelName":"oNewRruModel"}}},"wdio_ui5_key":"reusablesview.manageresources.NewResourceUnitsap.ui.core.Icon{\"src\":{\"regex\":{\"source\":\"slim\\\\-arrow\\\\-down\"}}}{\"controlType\":\"sap.m.ComboBox\",\"viewName\":\"reusables.view.manageresources.NewResourceUnit\",\"viewId\":\"application-manageresources-display-component---newResourceUnit\",\"bindingPath\":{\"path\":\"/RESOURCE_UNIT_TIME_SEQUENCES/0\",\"propertyPath\":\"COST_OBJECT_ADMIN_CST_TYPE\",\"modelName\":\"oNewRruModel\"}}"}]}
RESULT: undefined
COMMAND: POST /session/b171ef130127fc2a30c2632ea9d3abff/element - {"using":"xpath","value":"//*[@id=\"__box5-application-manageresources-display-component---newResourceUnit--RUTimeSegment-0-arrow\"]"}
RESULT: {}
RESULT: {"using":"xpath","value":"//*[@id=\"__box5-application-manageresources-display-component---newResourceUnit--RUTimeSegment-0-arrow\"]"}
COMMAND: POST /session/b171ef130127fc2a30c2632ea9d3abff/element/f.727CE9CF6895B2C759CBC992552C29E0.d.C7E270D6B7AAC2AB2A3DEB6C1E3AC433.e.20678/click - {}
RESULT: {}
COMMAND: POST /session/b171ef130127fc2a30c2632ea9d3abff/execute/async - {"script":"<script> [1562 bytes]","args":[{"selector":{"controlType":"sap.m.StandardListItem","viewName":"reusables.view.manageresources.NewResourceUnit","viewId":"application-manageresources-display-component---newResourceUnit","properties":{"title":"PM Order"},"searchOpenDialogs":true,"interaction":{"idSuffix":"titleText"}},"wdio_ui5_key":"reusablesview.manageresources.NewResourceUnitsap.m.StandardListItem{\"title\":\"PM Order\"}"}]}
COMMAND: GET /session/b171ef130127fc2a30c2632ea9d3abff/screenshot - {}
RESULT: {"script":"<script> [1562 bytes]","args":[{"selector":{"controlType":"sap.m.StandardListItem","viewName":"reusables.view.manageresources.NewResourceUnit","viewId":"application-manageresources-display-component---newResourceUnit","properties":{"title":"PM Order"},"searchOpenDialogs":true,"interaction":{"idSuffix":"titleText"}},"wdio_ui5_key":"reusablesview.manageresources.NewResourceUnitsap.m.StandardListItem{\"title\":\"PM Order\"}"}]}
RESULT: undefined
COMMAND: POST /session/b171ef130127fc2a30c2632ea9d3abff/element - {"using":"xpath","value":"//*[@id=\"__item958\"]"}
RESULT: {}
RESULT: {"using":"xpath","value":"//*[@id=\"__item958\"]"}
COMMAND: POST /session/b171ef130127fc2a30c2632ea9d3abff/element/f.727CE9CF6895B2C759CBC992552C29E0.d.C7E270D6B7AAC2AB2A3DEB6C1E3AC433.e.20682/click - {}
RESULT: {}
COMMAND: POST /session/b171ef130127fc2a30c2632ea9d3abff/element - {"using":"xpath","value":"(//input[contains(@id ,\"-application-manageresources-display-component---newResourceUnit--RUTimeSegment-0-inner\")])[8]"}
COMMAND: GET /session/b171ef130127fc2a30c2632ea9d3abff/screenshot - {}
RESULT: {"using":"xpath","value":"(//input[contains(@id ,\"-application-manageresources-display-component---newResourceUnit--RUTimeSegment-0-inner\")])[8]"}
COMMAND: POST /session/b171ef130127fc2a30c2632ea9d3abff/element/f.727CE9CF6895B2C759CBC992552C29E0.d.C7E270D6B7AAC2AB2A3DEB6C1E3AC433.e.20669/clear - {}
RESULT: {}
COMMAND: POST /session/b171ef130127fc2a30c2632ea9d3abff/element - {"using":"xpath","value":"(//input[contains(@id ,\"-application-manageresources-display-component---newResourceUnit--RUTimeSegment-0-inner\")])[8]"}
RESULT: {"using":"xpath","value":"(//input[contains(@id ,\"-application-manageresources-display-component---newResourceUnit--RUTimeSegment-0-inner\")])[8]"}
COMMAND: POST /session/b171ef130127fc2a30c2632ea9d3abff/element/f.727CE9CF6895B2C759CBC992552C29E0.d.C7E270D6B7AAC2AB2A3DEB6C1E3AC433.e.20669/clear - {}
COMMAND: POST /session/b171ef130127fc2a30c2632ea9d3abff/element - {"using":"xpath","value":"(//input[contains(@id ,\"-application-manageresources-display-component---newResourceUnit--RUTimeSegment-0-inner\")])[8]"}
RESULT: {"using":"xpath","value":"(//input[contains(@id ,\"-application-manageresources-display-component---newResourceUnit--RUTimeSegment-0-inner\")])[8]"}
COMMAND: POST /session/b171ef130127fc2a30c2632ea9d3abff/element/f.727CE9CF6895B2C759CBC992552C29E0.d.C7E270D6B7AAC2AB2A3DEB6C1E3AC433.e.20684/clear - {}
COMMAND: POST /session/b171ef130127fc2a30c2632ea9d3abff/element - {"using":"xpath","value":"(//input[contains(@id ,\"-application-manageresources-display-component---newResourceUnit--RUTimeSegment-0-inner\")])[8]"}
RESULT: {"using":"xpath","value":"(//input[contains(@id ,\"-application-manageresources-display-component---newResourceUnit--RUTimeSegment-0-inner\")])[8]"}
COMMAND: POST /session/b171ef130127fc2a30c2632ea9d3abff/element/f.727CE9CF6895B2C759CBC992552C29E0.d.C7E270D6B7AAC2AB2A3DEB6C1E3AC433.e.20684/clear - {}
COMMAND: POST /session/b171ef130127fc2a30c2632ea9d3abff/element - {"using":"xpath","value":"(//input[contains(@id ,\"-application-manageresources-display-component---newResourceUnit--RUTimeSegment-0-inner\")])[8]"}
RESULT: {"using":"xpath","value":"(//input[contains(@id ,\"-application-manageresources-display-component---newResourceUnit--RUTimeSegment-0-inner\")])[8]"}
COMMAND: POST /session/b171ef130127fc2a30c2632ea9d3abff/element/f.727CE9CF6895B2C759CBC992552C29E0.d.C7E270D6B7AAC2AB2A3DEB6C1E3AC433.e.20688/clear - {}
RESULT: {}
COMMAND: POST /session/b171ef130127fc2a30c2632ea9d3abff/element/f.727CE9CF6895B2C759CBC992552C29E0.d.C7E270D6B7AAC2AB2A3DEB6C1E3AC433.e.20688/value - {"text":"4000360"}
COMMAND: GET /session/b171ef130127fc2a30c2632ea9d3abff/screenshot - {}
RESULT: {"text":"4000360"}
COMMAND: GET /session/b171ef130127fc2a30c2632ea9d3abff/screenshot - {}
RESULT: {}
RESULT: {}
COMMAND: POST /session/b171ef130127fc2a30c2632ea9d3abff/actions - {"actions":[{"id":"action73","type":"key","parameters":{},"actions":[{"type":"keyDown","value":"î€‡"},{"type":"pause","duration":10},{"type":"keyUp","value":"î€‡"}]}]}
RESULT: {"actions":[{"id":"action73","type":"key","parameters":{},"actions":[{"type":"keyDown","value":"î€‡"},{"type":"pause","duration":10},{"type":"keyUp","value":"î€‡"}]}]}
COMMAND: GET /session/b171ef130127fc2a30c2632ea9d3abff/screenshot - {}
RESULT: {}
COMMAND: POST /session/b171ef130127fc2a30c2632ea9d3abff/execute/async - {"script":"<script> [1562 bytes]","args":[{"selector":{"id":"application-manageresources-display-component---newResourceUnit--newRRUPage-anchBar-application-manageresources-display-component---newResourceUnit--resource-anchor","interaction":{"idSuffix":"BDI-content"}},"wdio_ui5_key":"applicationmanageresources-display-component---newResourceUnit--newRRUPage-anchBar-application-manageresources-display-component---newResourceUnit--resource-anchor"}]}
RESULT: {"script":"<script> [1562 bytes]","args":[{"selector":{"id":"application-manageresources-display-component---newResourceUnit--newRRUPage-anchBar-application-manageresources-display-component---newResourceUnit--resource-anchor","interaction":{"idSuffix":"BDI-content"}},"wdio_ui5_key":"applicationmanageresources-display-component---newResourceUnit--newRRUPage-anchBar-application-manageresources-display-component---newResourceUnit--resource-anchor"}]}
RESULT: undefined
COMMAND: POST /session/b171ef130127fc2a30c2632ea9d3abff/element - {"using":"xpath","value":"//*[@id=\"application-manageresources-display-component---newResourceUnit--newRRUPage-anchBar-application-manageresources-display-component---newResourceUnit--resource-anchor\"]"}
RESULT: {"using":"xpath","value":"//*[@id=\"application-manageresources-display-component---newResourceUnit--newRRUPage-anchBar-application-manageresources-display-component---newResourceUnit--resource-anchor\"]"}
COMMAND: POST /session/b171ef130127fc2a30c2632ea9d3abff/element/f.727CE9CF6895B2C759CBC992552C29E0.d.C7E270D6B7AAC2AB2A3DEB6C1E3AC433.e.20705/click - {}
RESULT: {}
COMMAND: POST /session/b171ef130127fc2a30c2632ea9d3abff/execute/async - {"script":"<script> [1562 bytes]","args":[{"selector":{"id":"application-manageresources-display-component---newResourceUnit--PLANNED_DELIVERY_DATE","interaction":{"idSuffix":"inner"}},"wdio_ui5_key":"applicationmanageresources-display-component---newResourceUnit--PLANNED_DELIVERY_DATE"}]}
COMMAND: GET /session/b171ef130127fc2a30c2632ea9d3abff/screenshot - {}
RESULT: {"script":"<script> [1562 bytes]","args":[{"selector":{"id":"application-manageresources-display-component---newResourceUnit--PLANNED_DELIVERY_DATE","interaction":{"idSuffix":"inner"}},"wdio_ui5_key":"applicationmanageresources-display-component---newResourceUnit--PLANNED_DELIVERY_DATE"}]}
RESULT: undefined
COMMAND: POST /session/b171ef130127fc2a30c2632ea9d3abff/execute/async - {"script":"<script> [6424 bytes]","args":[{"element-6066-11e4-a52e-4f735466cecf":"f.727CE9CF6895B2C759CBC992552C29E0.d.C7E270D6B7AAC2AB2A3DEB6C1E3AC433.e.20569"},"setValue",["5/6/25"]]}
RESULT: {}
RESULT: {"script":"<script> [6424 bytes]","args":[{"element-6066-11e4-a52e-4f735466cecf":"f.727CE9CF6895B2C759CBC992552C29E0.d.C7E270D6B7AAC2AB2A3DEB6C1E3AC433.e.20569"},"setValue",["5/6/25"]]}
COMMAND: POST /session/b171ef130127fc2a30c2632ea9d3abff/execute/async - {"script":"<script> [1562 bytes]","args":[{"selector":{"controlType":"sap.m.Button","viewName":"reusables.view.manageresources.NewResourceUnit","viewId":"application-manageresources-display-component---newResourceUnit","i18NText":{"propertyName":"tooltip","key":"save"},"interaction":{"idSuffix":"BDI-content"}},"wdio_ui5_key":"reusablesview.manageresources.NewResourceUnitsap.m.Button{\"propertyName\":\"tooltip\",\"key\":\"save\"}"}]}
RESULT: {"script":"<script> [1562 bytes]","args":[{"selector":{"controlType":"sap.m.Button","viewName":"reusables.view.manageresources.NewResourceUnit","viewId":"application-manageresources-display-component---newResourceUnit","i18NText":{"propertyName":"tooltip","key":"save"},"interaction":{"idSuffix":"BDI-content"}},"wdio_ui5_key":"reusablesview.manageresources.NewResourceUnitsap.m.Button{\"propertyName\":\"tooltip\",\"key\":\"save\"}"}]}
RESULT: undefined
COMMAND: POST /session/b171ef130127fc2a30c2632ea9d3abff/element - {"using":"xpath","value":"//*[@id=\"application-manageresources-display-component---newResourceUnit--createRuButton\"]"}
RESULT: {"using":"xpath","value":"//*[@id=\"application-manageresources-display-component---newResourceUnit--createRuButton\"]"}
COMMAND: POST /session/b171ef130127fc2a30c2632ea9d3abff/element/f.727CE9CF6895B2C759CBC992552C29E0.d.C7E270D6B7AAC2AB2A3DEB6C1E3AC433.e.20529/click - {}
RESULT: {}
COMMAND: GET /session/b171ef130127fc2a30c2632ea9d3abff/screenshot - {}
RESULT: {}
COMMAND: POST /session/b171ef130127fc2a30c2632ea9d3abff/execute/async - {"script":"<script> [1562 bytes]","args":[{"selector":{"controlType":"sap.m.Button","properties":{"text":"Close"},"searchOpenDialogs":true,"interaction":{"idSuffix":"inner"}},"wdio_ui5_key":"sapm.Button{\"text\":\"Close\"}"}]}
RESULT: {"script":"<script> [1562 bytes]","args":[{"selector":{"controlType":"sap.m.Button","properties":{"text":"Close"},"searchOpenDialogs":true,"interaction":{"idSuffix":"inner"}},"wdio_ui5_key":"sapm.Button{\"text\":\"Close\"}"}]}
RESULT: undefined
COMMAND: POST /session/b171ef130127fc2a30c2632ea9d3abff/element - {"using":"xpath","value":"//*[@id=\"__mbox-btn-0\"]"}
RESULT: {"using":"xpath","value":"//*[@id=\"__mbox-btn-0\"]"}
COMMAND: POST /session/b171ef130127fc2a30c2632ea9d3abff/element/f.727CE9CF6895B2C759CBC992552C29E0.d.C7E270D6B7AAC2AB2A3DEB6C1E3AC433.e.20713/click - {}
RESULT: {}
COMMAND: GET /session/b171ef130127fc2a30c2632ea9d3abff/screenshot - {}
COMMAND: POST /session/b171ef130127fc2a30c2632ea9d3abff/execute/async - {"script":"<script> [1562 bytes]","args":[{"selector":{"controlType":"sap.m.Text","viewName":"etm.portal.ui.manageresources.view.Detail","viewId":"application-manageresources-display-component---detailRU","bindingPath":{"propertyPath":"ID","modelName":"catalogModel"}},"wdio_ui5_key":"etmportal.ui.manageresources.view.Detailsap.m.Text{\"propertyPath\":\"ID\",\"modelName\":\"catalogModel\"}"}]}
RESULT: {}
RESULT: {"script":"<script> [1562 bytes]","args":[{"selector":{"controlType":"sap.m.Text","viewName":"etm.portal.ui.manageresources.view.Detail","viewId":"application-manageresources-display-component---detailRU","bindingPath":{"propertyPath":"ID","modelName":"catalogModel"}},"wdio_ui5_key":"etmportal.ui.manageresources.view.Detailsap.m.Text{\"propertyPath\":\"ID\",\"modelName\":\"catalogModel\"}"}]}
RESULT: undefined
COMMAND: POST /session/b171ef130127fc2a30c2632ea9d3abff/execute/async - {"script":"<script> [6424 bytes]","args":[{"element-6066-11e4-a52e-4f735466cecf":"f.727CE9CF6895B2C759CBC992552C29E0.d.C7E270D6B7AAC2AB2A3DEB6C1E3AC433.e.20770"},"getText",[]]}
RESULT: {"script":"<script> [6424 bytes]","args":[{"element-6066-11e4-a52e-4f735466cecf":"f.727CE9CF6895B2C759CBC992552C29E0.d.C7E270D6B7AAC2AB2A3DEB6C1E3AC433.e.20770"},"getText",[]]}
COMMAND: POST /session/b171ef130127fc2a30c2632ea9d3abff/execute/async - {"script":"<script> [1562 bytes]","args":[{"selector":{"controlType":"sap.m.OverflowToolbarButton","viewName":"etm.portal.ui.manageresources.view.Master","viewId":"application-manageresources-display-component---masterRU","bindingPath":{"path":"","propertyPath":"/isLogbook","modelName":"minimumStockRPGModel"},"interaction":{"idSuffix":"inner"}},"wdio_ui5_key":"etmportal.ui.manageresources.view.Mastersap.m.OverflowToolbarButton{\"path\":\"\",\"propertyPath\":\"/isLogbook\",\"modelName\":\"minimumStockRPGModel\"}"}]}
RESULT: {"script":"<script> [1562 bytes]","args":[{"selector":{"controlType":"sap.m.OverflowToolbarButton","viewName":"etm.portal.ui.manageresources.view.Master","viewId":"application-manageresources-display-component---masterRU","bindingPath":{"path":"","propertyPath":"/isLogbook","modelName":"minimumStockRPGModel"},"interaction":{"idSuffix":"inner"}},"wdio_ui5_key":"etmportal.ui.manageresources.view.Mastersap.m.OverflowToolbarButton{\"path\":\"\",\"propertyPath\":\"/isLogbook\",\"modelName\":\"minimumStockRPGModel\"}"}]}
RESULT: undefined
COMMAND: POST /session/b171ef130127fc2a30c2632ea9d3abff/element - {"using":"xpath","value":"//*[@id=\"__button5\"]"}
RESULT: {"using":"xpath","value":"//*[@id=\"__button5\"]"}
COMMAND: POST /session/b171ef130127fc2a30c2632ea9d3abff/element/f.727CE9CF6895B2C759CBC992552C29E0.d.C7E270D6B7AAC2AB2A3DEB6C1E3AC433.e.20295/click - {}
RESULT: {}
COMMAND: GET /session/b171ef130127fc2a30c2632ea9d3abff/screenshot - {}
RESULT: undefined
COMMAND: POST /session/b171ef130127fc2a30c2632ea9d3abff/element - {"using":"xpath","value":"//*[@id=\"application-manageresources-display-component---newResourceUnit--TYPE-arrow\"]"}
RESULT: {}
RESULT: {"using":"xpath","value":"//*[@id=\"application-manageresources-display-component---newResourceUnit--TYPE-arrow\"]"}
COMMAND: POST /session/b171ef130127fc2a30c2632ea9d3abff/element/f.727CE9CF6895B2C759CBC992552C29E0.d.C7E270D6B7AAC2AB2A3DEB6C1E3AC433.e.20512/click - {}
RESULT: {}
COMMAND: POST /session/b171ef130127fc2a30c2632ea9d3abff/execute/async - {"script":"<script> [1562 bytes]","args":[{"selector":{"controlType":"sap.m.StandardListItem","viewName":"reusables.view.manageresources.NewResourceUnit","viewId":"application-manageresources-display-component---newResourceUnit","properties":{"title":"Equi Multipart"},"searchOpenDialogs":true,"interaction":{"idSuffix":"titleText"}},"wdio_ui5_key":"reusablesview.manageresources.NewResourceUnitsap.m.StandardListItem{\"title\":\"Equi Multipart\"}"}]}
COMMAND: GET /session/b171ef130127fc2a30c2632ea9d3abff/screenshot - {}
RESULT: {"script":"<script> [1562 bytes]","args":[{"selector":{"controlType":"sap.m.StandardListItem","viewName":"reusables.view.manageresources.NewResourceUnit","viewId":"application-manageresources-display-component---newResourceUnit","properties":{"title":"Equi Multipart"},"searchOpenDialogs":true,"interaction":{"idSuffix":"titleText"}},"wdio_ui5_key":"reusablesview.manageresources.NewResourceUnitsap.m.StandardListItem{\"title\":\"Equi Multipart\"}"}]}
RESULT: undefined
COMMAND: POST /session/b171ef130127fc2a30c2632ea9d3abff/element - {"using":"xpath","value":"//*[@id=\"__item146\"]"}
RESULT: {}
RESULT: {"using":"xpath","value":"//*[@id=\"__item146\"]"}
COMMAND: POST /session/b171ef130127fc2a30c2632ea9d3abff/element/f.727CE9CF6895B2C759CBC992552C29E0.d.C7E270D6B7AAC2AB2A3DEB6C1E3AC433.e.20794/click - {}
RESULT: {}
RESULT: undefined
COMMAND: POST /session/b171ef130127fc2a30c2632ea9d3abff/execute/async - {"script":"<script> [776 bytes]","args":[{"enterText":"TransferYardmultipartmd4eb","selector":{"id":"application-manageresources-display-component---newResourceUnit--SHORT_TEXT","interaction":{"idSuffix":"inner"}},"clearTextFirst":true,"interactionType":"ENTER_TEXT"}]}
COMMAND: GET /session/b171ef130127fc2a30c2632ea9d3abff/screenshot - {}
RESULT: {"script":"<script> [776 bytes]","args":[{"enterText":"TransferYardmultipartmd4eb","selector":{"id":"application-manageresources-display-component---newResourceUnit--SHORT_TEXT","interaction":{"idSuffix":"inner"}},"clearTextFirst":true,"interactionType":"ENTER_TEXT"}]}
RESULT: undefined
COMMAND: POST /session/b171ef130127fc2a30c2632ea9d3abff/execute/async - {"script":"<script> [776 bytes]","args":[{"enterText":"Piece","selector":{"id":"application-manageresources-display-component---newResourceUnit--BASE_UNIT_OF_MEASURE","interaction":{"idSuffix":"inner"}},"clearTextFirst":true,"interactionType":"ENTER_TEXT"}]}
RESULT: {}
RESULT: {"script":"<script> [776 bytes]","args":[{"enterText":"Piece","selector":{"id":"application-manageresources-display-component---newResourceUnit--BASE_UNIT_OF_MEASURE","interaction":{"idSuffix":"inner"}},"clearTextFirst":true,"interactionType":"ENTER_TEXT"}]}
RESULT: undefined
COMMAND: POST /session/b171ef130127fc2a30c2632ea9d3abff/execute/async - {"script":"<script> [776 bytes]","args":[{"enterText":"Gram","selector":{"id":"application-manageresources-display-component---newResourceUnit--WEIGHT_UNIT","interaction":{"idSuffix":"inner"}},"clearTextFirst":true,"interactionType":"ENTER_TEXT"}]}
RESULT: {"script":"<script> [776 bytes]","args":[{"enterText":"Gram","selector":{"id":"application-manageresources-display-component---newResourceUnit--WEIGHT_UNIT","interaction":{"idSuffix":"inner"}},"clearTextFirst":true,"interactionType":"ENTER_TEXT"}]}
RESULT: undefined
COMMAND: POST /session/b171ef130127fc2a30c2632ea9d3abff/execute/async - {"script":"<script> [776 bytes]","args":[{"enterText":"Meter","selector":{"id":"application-manageresources-display-component---newResourceUnit--DIMENSION_UNIT","interaction":{"idSuffix":"inner"}},"clearTextFirst":true,"interactionType":"ENTER_TEXT"}]}
RESULT: {"script":"<script> [776 bytes]","args":[{"enterText":"Meter","selector":{"id":"application-manageresources-display-component---newResourceUnit--DIMENSION_UNIT","interaction":{"idSuffix":"inner"}},"clearTextFirst":true,"interactionType":"ENTER_TEXT"}]}
RESULT: undefined
COMMAND: POST /session/b171ef130127fc2a30c2632ea9d3abff/execute/async - {"script":"<script> [776 bytes]","args":[{"enterText":"Heavy equip","selector":{"id":"application-manageresources-display-component---newResourceUnit--PLANNING_GROUP","interaction":{"idSuffix":"inner"}},"clearTextFirst":true,"interactionType":"ENTER_TEXT"}]}
RESULT: {"script":"<script> [776 bytes]","args":[{"enterText":"Heavy equip","selector":{"id":"application-manageresources-display-component---newResourceUnit--PLANNING_GROUP","interaction":{"idSuffix":"inner"}},"clearTextFirst":true,"interactionType":"ENTER_TEXT"}]}
RESULT: undefined
COMMAND: POST /session/b171ef130127fc2a30c2632ea9d3abff/element - {"using":"xpath","value":"//*[@id=\"application-manageresources-display-component---newResourceUnit--ITEM_TYPE-arrow\"]"}
RESULT: {"using":"xpath","value":"//*[@id=\"application-manageresources-display-component---newResourceUnit--ITEM_TYPE-arrow\"]"}
COMMAND: POST /session/b171ef130127fc2a30c2632ea9d3abff/element/f.727CE9CF6895B2C759CBC992552C29E0.d.C7E270D6B7AAC2AB2A3DEB6C1E3AC433.e.20857/click - {}
RESULT: {}
COMMAND: POST /session/b171ef130127fc2a30c2632ea9d3abff/execute/async - {"script":"<script> [1562 bytes]","args":[{"selector":{"controlType":"sap.m.StandardListItem","viewName":"reusables.view.manageresources.NewResourceUnit","viewId":"application-manageresources-display-component---newResourceUnit","properties":{"title":"Pool Equipment"},"searchOpenDialogs":true,"interaction":{"idSuffix":"content"}},"wdio_ui5_key":"reusablesview.manageresources.NewResourceUnitsap.m.StandardListItem{\"title\":\"Pool Equipment\"}"}]}
COMMAND: GET /session/b171ef130127fc2a30c2632ea9d3abff/screenshot - {}
RESULT: {"script":"<script> [1562 bytes]","args":[{"selector":{"controlType":"sap.m.StandardListItem","viewName":"reusables.view.manageresources.NewResourceUnit","viewId":"application-manageresources-display-component---newResourceUnit","properties":{"title":"Pool Equipment"},"searchOpenDialogs":true,"interaction":{"idSuffix":"content"}},"wdio_ui5_key":"reusablesview.manageresources.NewResourceUnitsap.m.StandardListItem{\"title\":\"Pool Equipment\"}"}]}
RESULT: undefined
COMMAND: POST /session/b171ef130127fc2a30c2632ea9d3abff/element - {"using":"xpath","value":"//*[@id=\"__item1184\"]"}
RESULT: {}
RESULT: {"using":"xpath","value":"//*[@id=\"__item1184\"]"}
COMMAND: POST /session/b171ef130127fc2a30c2632ea9d3abff/element/f.727CE9CF6895B2C759CBC992552C29E0.d.C7E270D6B7AAC2AB2A3DEB6C1E3AC433.e.20859/click - {}
RESULT: {}
COMMAND: POST /session/b171ef130127fc2a30c2632ea9d3abff/execute/async - {"script":"<script> [1562 bytes]","args":[{"selector":{"id":"application-manageresources-display-component---newResourceUnit--PLANNING_INDICATOR","interaction":{"idSuffix":"inner"}},"wdio_ui5_key":"applicationmanageresources-display-component---newResourceUnit--PLANNING_INDICATOR"}]}
COMMAND: GET /session/b171ef130127fc2a30c2632ea9d3abff/screenshot - {}
RESULT: {"script":"<script> [1562 bytes]","args":[{"selector":{"id":"application-manageresources-display-component---newResourceUnit--PLANNING_INDICATOR","interaction":{"idSuffix":"inner"}},"wdio_ui5_key":"applicationmanageresources-display-component---newResourceUnit--PLANNING_INDICATOR"}]}
RESULT: undefined
COMMAND: POST /session/b171ef130127fc2a30c2632ea9d3abff/execute/async - {"script":"<script> [776 bytes]","args":[{"enterText":"10 - infinite","selector":{"id":"application-manageresources-display-component---newResourceUnit--PLANNING_INDICATOR","interaction":{"idSuffix":"inner"}},"clearTextFirst":true,"interactionType":"ENTER_TEXT"}]}
RESULT: {}
RESULT: {"script":"<script> [776 bytes]","args":[{"enterText":"10 - infinite","selector":{"id":"application-manageresources-display-component---newResourceUnit--PLANNING_INDICATOR","interaction":{"idSuffix":"inner"}},"clearTextFirst":true,"interactionType":"ENTER_TEXT"}]}
COMMAND: POST /session/b171ef130127fc2a30c2632ea9d3abff/actions - {"actions":[{"id":"action74","type":"key","parameters":{},"actions":[{"type":"keyDown","value":"î€‡"},{"type":"pause","duration":10},{"type":"keyUp","value":"î€‡"}]}]}
RESULT: {"actions":[{"id":"action74","type":"key","parameters":{},"actions":[{"type":"keyDown","value":"î€‡"},{"type":"pause","duration":10},{"type":"keyUp","value":"î€‡"}]}]}
RESULT: undefined
COMMAND: POST /session/b171ef130127fc2a30c2632ea9d3abff/element - {"using":"xpath","value":"//*[@id=\"application-manageresources-display-component---newResourceUnit--newRRUPage-anchBar-application-manageresources-display-component---newResourceUnit--control-anchor\"]"}
COMMAND: GET /session/b171ef130127fc2a30c2632ea9d3abff/screenshot - {}
RESULT: {"using":"xpath","value":"//*[@id=\"application-manageresources-display-component---newResourceUnit--newRRUPage-anchBar-application-manageresources-display-component---newResourceUnit--control-anchor\"]"}
COMMAND: POST /session/b171ef130127fc2a30c2632ea9d3abff/element/f.727CE9CF6895B2C759CBC992552C29E0.d.C7E270D6B7AAC2AB2A3DEB6C1E3AC433.e.20861/click - {}
RESULT: {}
RESULT: {}
RESULT: undefined
COMMAND: POST /session/b171ef130127fc2a30c2632ea9d3abff/element - {"using":"xpath","value":"//*[@id=\"application-manageresources-display-component---newResourceUnit--btnAddTimeSegment-img\"]"}
COMMAND: GET /session/b171ef130127fc2a30c2632ea9d3abff/screenshot - {}
RESULT: {"using":"xpath","value":"//*[@id=\"application-manageresources-display-component---newResourceUnit--btnAddTimeSegment-img\"]"}
COMMAND: POST /session/b171ef130127fc2a30c2632ea9d3abff/element/f.727CE9CF6895B2C759CBC992552C29E0.d.C7E270D6B7AAC2AB2A3DEB6C1E3AC433.e.20863/click - {}
RESULT: {}
RESULT: {}
COMMAND: POST /session/b171ef130127fc2a30c2632ea9d3abff/element - {"using":"xpath","value":"//input[@id=\"application-manageresources-display-component---newResourceUnit--idRuTSAdmin-application-manageresources-display-component---newResourceUnit--RUTimeSegment-0-inner\"]"}
COMMAND: GET /session/b171ef130127fc2a30c2632ea9d3abff/screenshot - {}
RESULT: {"using":"xpath","value":"//input[@id=\"application-manageresources-display-component---newResourceUnit--idRuTSAdmin-application-manageresources-display-component---newResourceUnit--RUTimeSegment-0-inner\"]"}
COMMAND: POST /session/b171ef130127fc2a30c2632ea9d3abff/element/f.727CE9CF6895B2C759CBC992552C29E0.d.C7E270D6B7AAC2AB2A3DEB6C1E3AC433.e.20868/clear - {}
RESULT: {}
RESULT: {}
COMMAND: POST /session/b171ef130127fc2a30c2632ea9d3abff/element/f.727CE9CF6895B2C759CBC992552C29E0.d.C7E270D6B7AAC2AB2A3DEB6C1E3AC433.e.20868/value - {"text":"106"}
COMMAND: GET /session/b171ef130127fc2a30c2632ea9d3abff/screenshot - {}
RESULT: {"text":"106"}
COMMAND: GET /session/b171ef130127fc2a30c2632ea9d3abff/screenshot - {}
RESULT: {}
RESULT: {}
COMMAND: POST /session/b171ef130127fc2a30c2632ea9d3abff/actions - {"actions":[{"id":"action75","type":"key","parameters":{},"actions":[{"type":"keyDown","value":"î€‡"},{"type":"pause","duration":10},{"type":"keyUp","value":"î€‡"}]}]}
RESULT: {"actions":[{"id":"action75","type":"key","parameters":{},"actions":[{"type":"keyDown","value":"î€‡"},{"type":"pause","duration":10},{"type":"keyUp","value":"î€‡"}]}]}
COMMAND: GET /session/b171ef130127fc2a30c2632ea9d3abff/screenshot - {}
RESULT: {}
COMMAND: POST /session/b171ef130127fc2a30c2632ea9d3abff/element - {"using":"xpath","value":"//*[text()=\"Save\"]"}
RESULT: {"using":"xpath","value":"//*[text()=\"Save\"]"}
COMMAND: POST /session/b171ef130127fc2a30c2632ea9d3abff/execute/sync - {"script":"<script> [8489 bytes]","args":[{"element-6066-11e4-a52e-4f735466cecf":"f.727CE9CF6895B2C759CBC992552C29E0.d.C7E270D6B7AAC2AB2A3DEB6C1E3AC433.e.20712","ELEMENT":"f.727CE9CF6895B2C759CBC992552C29E0.d.C7E270D6B7AAC2AB2A3DEB6C1E3AC433.e.20712"}]}
RESULT: {"script":"<script> [8489 bytes]","args":[{"element-6066-11e4-a52e-4f735466cecf":"f.727CE9CF6895B2C759CBC992552C29E0.d.C7E270D6B7AAC2AB2A3DEB6C1E3AC433.e.20712","ELEMENT":"f.727CE9CF6895B2C759CBC992552C29E0.d.C7E270D6B7AAC2AB2A3DEB6C1E3AC433.e.20712"}]}
COMMAND: POST /session/b171ef130127fc2a30c2632ea9d3abff/execute/sync - {"script":"<script> [5351 bytes]","args":[{"element-6066-11e4-a52e-4f735466cecf":"f.727CE9CF6895B2C759CBC992552C29E0.d.C7E270D6B7AAC2AB2A3DEB6C1E3AC433.e.20712","ELEMENT":"f.727CE9CF6895B2C759CBC992552C29E0.d.C7E270D6B7AAC2AB2A3DEB6C1E3AC433.e.20712"}]}
COMMAND: GET /session/b171ef130127fc2a30c2632ea9d3abff/screenshot - {}
RESULT: {"script":"<script> [5351 bytes]","args":[{"element-6066-11e4-a52e-4f735466cecf":"f.727CE9CF6895B2C759CBC992552C29E0.d.C7E270D6B7AAC2AB2A3DEB6C1E3AC433.e.20712","ELEMENT":"f.727CE9CF6895B2C759CBC992552C29E0.d.C7E270D6B7AAC2AB2A3DEB6C1E3AC433.e.20712"}]}
COMMAND: POST /session/b171ef130127fc2a30c2632ea9d3abff/element/f.727CE9CF6895B2C759CBC992552C29E0.d.C7E270D6B7AAC2AB2A3DEB6C1E3AC433.e.20712/click - {}
COMMAND: GET /session/b171ef130127fc2a30c2632ea9d3abff/screenshot - {}
RESULT: {}
RESULT: {}
COMMAND: GET /session/b171ef130127fc2a30c2632ea9d3abff/screenshot - {}
RESULT: {}
RESULT: {}
COMMAND: POST /session/b171ef130127fc2a30c2632ea9d3abff/element - {"using":"xpath","value":"//bdi[contains(text(), \"Close\")]"}
RESULT: {"using":"xpath","value":"//bdi[contains(text(), \"Close\")]"}
COMMAND: POST /session/b171ef130127fc2a30c2632ea9d3abff/element/f.727CE9CF6895B2C759CBC992552C29E0.d.C7E270D6B7AAC2AB2A3DEB6C1E3AC433.e.20887/click - {}
RESULT: {}
COMMAND: GET /session/b171ef130127fc2a30c2632ea9d3abff/screenshot - {}
RESULT: {}
RESULT: undefined
COMMAND: POST /session/b171ef130127fc2a30c2632ea9d3abff/execute/async - {"script":"<script> [6424 bytes]","args":[{"element-6066-11e4-a52e-4f735466cecf":"f.727CE9CF6895B2C759CBC992552C29E0.d.C7E270D6B7AAC2AB2A3DEB6C1E3AC433.e.20770"},"getText",[]]}
RESULT: {"script":"<script> [6424 bytes]","args":[{"element-6066-11e4-a52e-4f735466cecf":"f.727CE9CF6895B2C759CBC992552C29E0.d.C7E270D6B7AAC2AB2A3DEB6C1E3AC433.e.20770"},"getText",[]]}
COMMAND: POST /session/b171ef130127fc2a30c2632ea9d3abff/element - {"using":"css selector","value":"#shell-header-logo"}
RESULT: {"using":"css selector","value":"#shell-header-logo"}
COMMAND: POST /session/b171ef130127fc2a30c2632ea9d3abff/element/f.727CE9CF6895B2C759CBC992552C29E0.d.C7E270D6B7AAC2AB2A3DEB6C1E3AC433.e.20143/click - {}
RESULT: {}
COMMAND: GET /session/b171ef130127fc2a30c2632ea9d3abff/screenshot - {}
RESULT: {}
]]></system-out>
    </testcase>
    <testcase classname="chrome.135_0_7049_115.windows.Transfer_Yard_to_Yard_US131076" name="Should do a stock increase for the equipment and multipart" time="61.391">
      <system-out><![CDATA[
COMMAND: POST /session/b171ef130127fc2a30c2632ea9d3abff/execute/async - {"script":"<script> [1562 bytes]","args":[{"selector":{"controlType":"sap.m.Text","viewName":"etm.portal.ui.managehandoverstile.view.Master","properties":{"text":"Manage Handovers"},"interaction":{"idSuffix":"inner"}},"wdio_ui5_key":"etmportal.ui.managehandoverstile.view.Mastersap.m.Text{\"text\":\"Manage Handovers\"}"}]}
RESULT: {"script":"<script> [1562 bytes]","args":[{"selector":{"controlType":"sap.m.Text","viewName":"etm.portal.ui.managehandoverstile.view.Master","properties":{"text":"Manage Handovers"},"interaction":{"idSuffix":"inner"}},"wdio_ui5_key":"etmportal.ui.managehandoverstile.view.Mastersap.m.Text{\"text\":\"Manage Handovers\"}"}]}
RESULT: undefined
COMMAND: POST /session/b171ef130127fc2a30c2632ea9d3abff/element - {"using":"xpath","value":"//*[@id=\"__tile131-title\"]"}
RESULT: {"using":"xpath","value":"//*[@id=\"__tile131-title\"]"}
COMMAND: POST /session/b171ef130127fc2a30c2632ea9d3abff/element/f.727CE9CF6895B2C759CBC992552C29E0.d.C7E270D6B7AAC2AB2A3DEB6C1E3AC433.e.20902/click - {}
RESULT: {}
COMMAND: GET /session/b171ef130127fc2a30c2632ea9d3abff/screenshot - {}
COMMAND: POST /session/b171ef130127fc2a30c2632ea9d3abff/execute/async - {"script":"<script> [1562 bytes]","args":[{"selector":{"controlType":"sap.ui.core.Icon","viewName":"etm.portal.ui.managehandovers.view.MasterHO","properties":{"src":{"regex":{"source":"add"}}}},"wdio_ui5_key":"etmportal.ui.managehandovers.view.MasterHOsap.ui.core.Icon{\"src\":{\"regex\":{\"source\":\"add\"}}}"}]}
RESULT: {}
RESULT: {"script":"<script> [1562 bytes]","args":[{"selector":{"controlType":"sap.ui.core.Icon","viewName":"etm.portal.ui.managehandovers.view.MasterHO","properties":{"src":{"regex":{"source":"add"}}}},"wdio_ui5_key":"etmportal.ui.managehandovers.view.MasterHOsap.ui.core.Icon{\"src\":{\"regex\":{\"source\":\"add\"}}}"}]}
RESULT: undefined
COMMAND: POST /session/b171ef130127fc2a30c2632ea9d3abff/element - {"using":"xpath","value":"//*[@id=\"__button85-img\"]"}
RESULT: {"using":"xpath","value":"//*[@id=\"__button85-img\"]"}
COMMAND: POST /session/b171ef130127fc2a30c2632ea9d3abff/element/f.727CE9CF6895B2C759CBC992552C29E0.d.C7E270D6B7AAC2AB2A3DEB6C1E3AC433.e.20942/click - {}
RESULT: {}
COMMAND: POST /session/b171ef130127fc2a30c2632ea9d3abff/execute/async - {"script":"<script> [1562 bytes]","args":[{"selector":{"id":"application-managehandovers-display-component---AddNewHO--typeSelect","interaction":{"idSuffix":"arrow"}},"wdio_ui5_key":"applicationmanagehandovers-display-component---AddNewHO--typeSelect"}]}
COMMAND: GET /session/b171ef130127fc2a30c2632ea9d3abff/screenshot - {}
RESULT: {"script":"<script> [1562 bytes]","args":[{"selector":{"id":"application-managehandovers-display-component---AddNewHO--typeSelect","interaction":{"idSuffix":"arrow"}},"wdio_ui5_key":"applicationmanagehandovers-display-component---AddNewHO--typeSelect"}]}
RESULT: undefined
COMMAND: POST /session/b171ef130127fc2a30c2632ea9d3abff/element - {"using":"xpath","value":"//*[@id=\"application-managehandovers-display-component---AddNewHO--typeSelect\"]"}
RESULT: {}
RESULT: {"using":"xpath","value":"//*[@id=\"application-managehandovers-display-component---AddNewHO--typeSelect\"]"}
COMMAND: POST /session/b171ef130127fc2a30c2632ea9d3abff/element/f.727CE9CF6895B2C759CBC992552C29E0.d.C7E270D6B7AAC2AB2A3DEB6C1E3AC433.e.21250/click - {}
RESULT: {}
COMMAND: POST /session/b171ef130127fc2a30c2632ea9d3abff/execute/async - {"script":"<script> [1562 bytes]","args":[{"selector":{"controlType":"sap.ui.core.Item","viewName":"etm.portal.ui.managehandovers.view.AddNewHO","viewId":"application-managehandovers-display-component---AddNewHO","bindingPath":{"path":"/HandOverTypes('100')","propertyPath":"ID","modelName":"catalogModel"},"searchOpenDialogs":true},"wdio_ui5_key":"etmportal.ui.managehandovers.view.AddNewHOsap.ui.core.Item{\"path\":\"/HandOverTypes('100')\",\"propertyPath\":\"ID\",\"modelName\":\"catalogModel\"}"}]}
COMMAND: GET /session/b171ef130127fc2a30c2632ea9d3abff/screenshot - {}
RESULT: {"script":"<script> [1562 bytes]","args":[{"selector":{"controlType":"sap.ui.core.Item","viewName":"etm.portal.ui.managehandovers.view.AddNewHO","viewId":"application-managehandovers-display-component---AddNewHO","bindingPath":{"path":"/HandOverTypes('100')","propertyPath":"ID","modelName":"catalogModel"},"searchOpenDialogs":true},"wdio_ui5_key":"etmportal.ui.managehandovers.view.AddNewHOsap.ui.core.Item{\"path\":\"/HandOverTypes('100')\",\"propertyPath\":\"ID\",\"modelName\":\"catalogModel\"}"}]}
RESULT: undefined
COMMAND: POST /session/b171ef130127fc2a30c2632ea9d3abff/element - {"using":"xpath","value":"//*[@id=\"__item1756-application-managehandovers-display-component---AddNewHO--typeSelect-1\"]"}
RESULT: {}
RESULT: {"using":"xpath","value":"//*[@id=\"__item1756-application-managehandovers-display-component---AddNewHO--typeSelect-1\"]"}
COMMAND: POST /session/b171ef130127fc2a30c2632ea9d3abff/element/f.727CE9CF6895B2C759CBC992552C29E0.d.C7E270D6B7AAC2AB2A3DEB6C1E3AC433.e.21251/click - {}
RESULT: {}
COMMAND: POST /session/b171ef130127fc2a30c2632ea9d3abff/execute/async - {"script":"<script> [1562 bytes]","args":[{"selector":{"id":"application-managehandovers-display-component---AddNewHO--dueDate","interaction":{"idSuffix":"inner"}},"wdio_ui5_key":"applicationmanagehandovers-display-component---AddNewHO--dueDate"}]}
COMMAND: GET /session/b171ef130127fc2a30c2632ea9d3abff/screenshot - {}
RESULT: {"script":"<script> [1562 bytes]","args":[{"selector":{"id":"application-managehandovers-display-component---AddNewHO--dueDate","interaction":{"idSuffix":"inner"}},"wdio_ui5_key":"applicationmanagehandovers-display-component---AddNewHO--dueDate"}]}
RESULT: undefined
COMMAND: POST /session/b171ef130127fc2a30c2632ea9d3abff/element - {"using":"xpath","value":"//input[@id=\"generalSectionFrg--receiveYard-inner\"]"}
RESULT: {}
RESULT: {"using":"xpath","value":"//input[@id=\"generalSectionFrg--receiveYard-inner\"]"}
COMMAND: POST /session/b171ef130127fc2a30c2632ea9d3abff/element/f.727CE9CF6895B2C759CBC992552C29E0.d.C7E270D6B7AAC2AB2A3DEB6C1E3AC433.e.21261/clear - {}
RESULT: {}
COMMAND: POST /session/b171ef130127fc2a30c2632ea9d3abff/element/f.727CE9CF6895B2C759CBC992552C29E0.d.C7E270D6B7AAC2AB2A3DEB6C1E3AC433.e.21261/value - {"text":"106"}
COMMAND: GET /session/b171ef130127fc2a30c2632ea9d3abff/screenshot - {}
RESULT: {}
RESULT: {"text":"106"}
COMMAND: GET /session/b171ef130127fc2a30c2632ea9d3abff/screenshot - {}
RESULT: {}
COMMAND: POST /session/b171ef130127fc2a30c2632ea9d3abff/element - {"using":"xpath","value":"//input[@id=\"application-managehandovers-display-component---AddNewHO--dueDate-inner\"]"}
RESULT: {"using":"xpath","value":"//input[@id=\"application-managehandovers-display-component---AddNewHO--dueDate-inner\"]"}
COMMAND: POST /session/b171ef130127fc2a30c2632ea9d3abff/elements - {"using":"xpath","value":"//input[@id=\"application-managehandovers-display-component---AddNewHO--dueDate-inner\"]"}
RESULT: {"using":"xpath","value":"//input[@id=\"application-managehandovers-display-component---AddNewHO--dueDate-inner\"]"}
COMMAND: POST /session/b171ef130127fc2a30c2632ea9d3abff/execute/sync - {"script":"<script> [8489 bytes]","args":[{"element-6066-11e4-a52e-4f735466cecf":"f.727CE9CF6895B2C759CBC992552C29E0.d.C7E270D6B7AAC2AB2A3DEB6C1E3AC433.e.21255","ELEMENT":"f.727CE9CF6895B2C759CBC992552C29E0.d.C7E270D6B7AAC2AB2A3DEB6C1E3AC433.e.21255"}]}
RESULT: {"script":"<script> [8489 bytes]","args":[{"element-6066-11e4-a52e-4f735466cecf":"f.727CE9CF6895B2C759CBC992552C29E0.d.C7E270D6B7AAC2AB2A3DEB6C1E3AC433.e.21255","ELEMENT":"f.727CE9CF6895B2C759CBC992552C29E0.d.C7E270D6B7AAC2AB2A3DEB6C1E3AC433.e.21255"}]}
COMMAND: GET /session/b171ef130127fc2a30c2632ea9d3abff/element/f.727CE9CF6895B2C759CBC992552C29E0.d.C7E270D6B7AAC2AB2A3DEB6C1E3AC433.e.21255/enabled - {}
COMMAND: GET /session/b171ef130127fc2a30c2632ea9d3abff/screenshot - {}
RESULT: {}
COMMAND: POST /session/b171ef130127fc2a30c2632ea9d3abff/element/f.727CE9CF6895B2C759CBC992552C29E0.d.C7E270D6B7AAC2AB2A3DEB6C1E3AC433.e.21255/click - {}
COMMAND: GET /session/b171ef130127fc2a30c2632ea9d3abff/screenshot - {}
RESULT: {}
RESULT: {}
COMMAND: POST /session/b171ef130127fc2a30c2632ea9d3abff/element/f.727CE9CF6895B2C759CBC992552C29E0.d.C7E270D6B7AAC2AB2A3DEB6C1E3AC433.e.21255/clear - {}
COMMAND: GET /session/b171ef130127fc2a30c2632ea9d3abff/screenshot - {}
RESULT: {}
RESULT: {}
COMMAND: POST /session/b171ef130127fc2a30c2632ea9d3abff/element/f.727CE9CF6895B2C759CBC992552C29E0.d.C7E270D6B7AAC2AB2A3DEB6C1E3AC433.e.21255/clear - {}
COMMAND: GET /session/b171ef130127fc2a30c2632ea9d3abff/screenshot - {}
RESULT: {}
RESULT: {}
COMMAND: POST /session/b171ef130127fc2a30c2632ea9d3abff/element/f.727CE9CF6895B2C759CBC992552C29E0.d.C7E270D6B7AAC2AB2A3DEB6C1E3AC433.e.21255/value - {"text":"5/6/25"}
COMMAND: GET /session/b171ef130127fc2a30c2632ea9d3abff/screenshot - {}
RESULT: {}
RESULT: {"text":"5/6/25"}
COMMAND: POST /session/b171ef130127fc2a30c2632ea9d3abff/execute/async - {"script":"<script> [1562 bytes]","args":[{"selector":{"id":"application-managehandovers-display-component---AddNewHO--ObjectPageLayout-anchBar-application-managehandovers-display-component---AddNewHO--section4-anchor","interaction":{"idSuffix":"BDI-content"}},"wdio_ui5_key":"applicationmanagehandovers-display-component---AddNewHO--ObjectPageLayout-anchBar-application-managehandovers-display-component---AddNewHO--section4-anchor"}]}
COMMAND: GET /session/b171ef130127fc2a30c2632ea9d3abff/screenshot - {}
RESULT: {}
RESULT: {"script":"<script> [1562 bytes]","args":[{"selector":{"id":"application-managehandovers-display-component---AddNewHO--ObjectPageLayout-anchBar-application-managehandovers-display-component---AddNewHO--section4-anchor","interaction":{"idSuffix":"BDI-content"}},"wdio_ui5_key":"applicationmanagehandovers-display-component---AddNewHO--ObjectPageLayout-anchBar-application-managehandovers-display-component---AddNewHO--section4-anchor"}]}
RESULT: undefined
COMMAND: POST /session/b171ef130127fc2a30c2632ea9d3abff/element - {"using":"xpath","value":"//*[@id=\"application-managehandovers-display-component---AddNewHO--ObjectPageLayout-anchBar-application-managehandovers-display-component---AddNewHO--section4-anchor\"]"}
RESULT: {}
RESULT: {"using":"xpath","value":"//*[@id=\"application-managehandovers-display-component---AddNewHO--ObjectPageLayout-anchBar-application-managehandovers-display-component---AddNewHO--section4-anchor\"]"}
COMMAND: POST /session/b171ef130127fc2a30c2632ea9d3abff/element/f.727CE9CF6895B2C759CBC992552C29E0.d.C7E270D6B7AAC2AB2A3DEB6C1E3AC433.e.21278/click - {}
RESULT: {}
COMMAND: POST /session/b171ef130127fc2a30c2632ea9d3abff/execute/async - {"script":"<script> [1562 bytes]","args":[{"selector":{"controlType":"sap.ui.core.Icon","viewName":"etm.portal.ui.managehandovers.view.AddNewHO","viewId":"application-managehandovers-display-component---AddNewHO","properties":{"src":{"regex":{"source":"add"}}}},"wdio_ui5_key":"etmportal.ui.managehandovers.view.AddNewHOsap.ui.core.Icon{\"src\":{\"regex\":{\"source\":\"add\"}}}"}]}
COMMAND: GET /session/b171ef130127fc2a30c2632ea9d3abff/screenshot - {}
RESULT: {"script":"<script> [1562 bytes]","args":[{"selector":{"controlType":"sap.ui.core.Icon","viewName":"etm.portal.ui.managehandovers.view.AddNewHO","viewId":"application-managehandovers-display-component---AddNewHO","properties":{"src":{"regex":{"source":"add"}}}},"wdio_ui5_key":"etmportal.ui.managehandovers.view.AddNewHOsap.ui.core.Icon{\"src\":{\"regex\":{\"source\":\"add\"}}}"}]}
RESULT: undefined
COMMAND: POST /session/b171ef130127fc2a30c2632ea9d3abff/element - {"using":"xpath","value":"//*[@id=\"__button104-img\"]"}
RESULT: {}
RESULT: {"using":"xpath","value":"//*[@id=\"__button104-img\"]"}
COMMAND: POST /session/b171ef130127fc2a30c2632ea9d3abff/element/f.727CE9CF6895B2C759CBC992552C29E0.d.C7E270D6B7AAC2AB2A3DEB6C1E3AC433.e.21282/click - {}
RESULT: {}
COMMAND: POST /session/b171ef130127fc2a30c2632ea9d3abff/execute/async - {"script":"<script> [1562 bytes]","args":[{"selector":{"id":"application-managehandovers-display-component---AddNewHO--smartFilterBar-btnBasicSearch","searchOpenDialogs":true,"interaction":{"idSuffix":"I"}},"wdio_ui5_key":"applicationmanagehandovers-display-component---AddNewHO--smartFilterBar-btnBasicSearch"}]}
COMMAND: GET /session/b171ef130127fc2a30c2632ea9d3abff/screenshot - {}
RESULT: {"script":"<script> [1562 bytes]","args":[{"selector":{"id":"application-managehandovers-display-component---AddNewHO--smartFilterBar-btnBasicSearch","searchOpenDialogs":true,"interaction":{"idSuffix":"I"}},"wdio_ui5_key":"applicationmanagehandovers-display-component---AddNewHO--smartFilterBar-btnBasicSearch"}]}
RESULT: undefined
COMMAND: POST /session/b171ef130127fc2a30c2632ea9d3abff/execute/async - {"script":"<script> [776 bytes]","args":[{"enterText":"TransferYard","selector":{"id":"application-managehandovers-display-component---AddNewHO--smartFilterBar-btnBasicSearch","searchOpenDialogs":true,"interaction":{"idSuffix":"I"}},"clearTextFirst":true,"interactionType":"ENTER_TEXT"}]}
RESULT: {}
RESULT: {"script":"<script> [776 bytes]","args":[{"enterText":"TransferYard","selector":{"id":"application-managehandovers-display-component---AddNewHO--smartFilterBar-btnBasicSearch","searchOpenDialogs":true,"interaction":{"idSuffix":"I"}},"clearTextFirst":true,"interactionType":"ENTER_TEXT"}]}
COMMAND: POST /session/b171ef130127fc2a30c2632ea9d3abff/actions - {"actions":[{"id":"action76","type":"key","parameters":{},"actions":[{"type":"keyDown","value":"î€‡"},{"type":"pause","duration":10},{"type":"keyUp","value":"î€‡"}]}]}
RESULT: {"actions":[{"id":"action76","type":"key","parameters":{},"actions":[{"type":"keyDown","value":"î€‡"},{"type":"pause","duration":10},{"type":"keyUp","value":"î€‡"}]}]}
COMMAND: POST /session/b171ef130127fc2a30c2632ea9d3abff/execute/async - {"script":"<script> [1562 bytes]","args":[{"selector":{"id":"application-managehandovers-display-component---AddNewHO--popup-sa","searchOpenDialogs":true,"interaction":{"idSuffix":"CbBg"}},"wdio_ui5_key":"applicationmanagehandovers-display-component---AddNewHO--popup-sa"}]}
COMMAND: GET /session/b171ef130127fc2a30c2632ea9d3abff/screenshot - {}
RESULT: {"script":"<script> [1562 bytes]","args":[{"selector":{"id":"application-managehandovers-display-component---AddNewHO--popup-sa","searchOpenDialogs":true,"interaction":{"idSuffix":"CbBg"}},"wdio_ui5_key":"applicationmanagehandovers-display-component---AddNewHO--popup-sa"}]}
RESULT: undefined
COMMAND: POST /session/b171ef130127fc2a30c2632ea9d3abff/element - {"using":"xpath","value":"//*[@id=\"application-managehandovers-display-component---AddNewHO--popup-sa\"]"}
RESULT: {}
RESULT: {"using":"xpath","value":"//*[@id=\"application-managehandovers-display-component---AddNewHO--popup-sa\"]"}
COMMAND: POST /session/b171ef130127fc2a30c2632ea9d3abff/element/f.727CE9CF6895B2C759CBC992552C29E0.d.C7E270D6B7AAC2AB2A3DEB6C1E3AC433.e.21450/click - {}
RESULT: {}
COMMAND: POST /session/b171ef130127fc2a30c2632ea9d3abff/execute/async - {"script":"<script> [1562 bytes]","args":[{"selector":{"controlType":"sap.m.Button","viewName":"etm.portal.ui.managehandovers.view.AddNewHO","viewId":"application-managehandovers-display-component---AddNewHO","i18NText":{"propertyName":"text","key":"select"},"searchOpenDialogs":true,"interaction":{"idSuffix":"BDI-content"}},"wdio_ui5_key":"etmportal.ui.managehandovers.view.AddNewHOsap.m.Button{\"propertyName\":\"text\",\"key\":\"select\"}"}]}
COMMAND: GET /session/b171ef130127fc2a30c2632ea9d3abff/screenshot - {}
RESULT: {"script":"<script> [1562 bytes]","args":[{"selector":{"controlType":"sap.m.Button","viewName":"etm.portal.ui.managehandovers.view.AddNewHO","viewId":"application-managehandovers-display-component---AddNewHO","i18NText":{"propertyName":"text","key":"select"},"searchOpenDialogs":true,"interaction":{"idSuffix":"BDI-content"}},"wdio_ui5_key":"etmportal.ui.managehandovers.view.AddNewHOsap.m.Button{\"propertyName\":\"text\",\"key\":\"select\"}"}]}
RESULT: undefined
COMMAND: POST /session/b171ef130127fc2a30c2632ea9d3abff/element - {"using":"xpath","value":"//*[@id=\"__button107\"]"}
RESULT: {}
RESULT: {"using":"xpath","value":"//*[@id=\"__button107\"]"}
COMMAND: POST /session/b171ef130127fc2a30c2632ea9d3abff/element/f.727CE9CF6895B2C759CBC992552C29E0.d.C7E270D6B7AAC2AB2A3DEB6C1E3AC433.e.21452/click - {}
RESULT: {}
COMMAND: GET /session/b171ef130127fc2a30c2632ea9d3abff/screenshot - {}
RESULT: {}
COMMAND: POST /session/b171ef130127fc2a30c2632ea9d3abff/execute/async - {"script":"<script> [1562 bytes]","args":[{"selector":{"controlType":"sap.m.Input","viewName":"etm.portal.ui.managehandovers.view.AddNewHO","viewId":"application-managehandovers-display-component---AddNewHO","bindingPath":{"path":"/items/0","propertyPath":"TYPE","modelName":"hoItemsModel"},"interaction":{"idSuffix":"inner"}},"wdio_ui5_key":"etmportal.ui.managehandovers.view.AddNewHOsap.m.Input{\"path\":\"/items/0\",\"propertyPath\":\"TYPE\",\"modelName\":\"hoItemsModel\"}"}]}
RESULT: {"script":"<script> [1562 bytes]","args":[{"selector":{"controlType":"sap.m.Input","viewName":"etm.portal.ui.managehandovers.view.AddNewHO","viewId":"application-managehandovers-display-component---AddNewHO","bindingPath":{"path":"/items/0","propertyPath":"TYPE","modelName":"hoItemsModel"},"interaction":{"idSuffix":"inner"}},"wdio_ui5_key":"etmportal.ui.managehandovers.view.AddNewHOsap.m.Input{\"path\":\"/items/0\",\"propertyPath\":\"TYPE\",\"modelName\":\"hoItemsModel\"}"}]}
RESULT: undefined
COMMAND: POST /session/b171ef130127fc2a30c2632ea9d3abff/execute/async - {"script":"<script> [776 bytes]","args":[{"enterText":"100","selector":{"controlType":"sap.m.Input","viewName":"etm.portal.ui.managehandovers.view.AddNewHO","viewId":"application-managehandovers-display-component---AddNewHO","bindingPath":{"path":"/items/0","propertyPath":"TYPE","modelName":"hoItemsModel"},"interaction":{"idSuffix":"inner"}},"clearTextFirst":true,"interactionType":"ENTER_TEXT"}]}
RESULT: {"script":"<script> [776 bytes]","args":[{"enterText":"100","selector":{"controlType":"sap.m.Input","viewName":"etm.portal.ui.managehandovers.view.AddNewHO","viewId":"application-managehandovers-display-component---AddNewHO","bindingPath":{"path":"/items/0","propertyPath":"TYPE","modelName":"hoItemsModel"},"interaction":{"idSuffix":"inner"}},"clearTextFirst":true,"interactionType":"ENTER_TEXT"}]}
COMMAND: POST /session/b171ef130127fc2a30c2632ea9d3abff/execute/async - {"script":"<script> [1562 bytes]","args":[{"selector":{"id":"application-managehandovers-display-component---AddNewHO--confirmCreationButton","interaction":{"idSuffix":"BDI-content"}},"wdio_ui5_key":"applicationmanagehandovers-display-component---AddNewHO--confirmCreationButton"}]}
RESULT: {"script":"<script> [1562 bytes]","args":[{"selector":{"id":"application-managehandovers-display-component---AddNewHO--confirmCreationButton","interaction":{"idSuffix":"BDI-content"}},"wdio_ui5_key":"applicationmanagehandovers-display-component---AddNewHO--confirmCreationButton"}]}
RESULT: undefined
COMMAND: POST /session/b171ef130127fc2a30c2632ea9d3abff/element - {"using":"xpath","value":"//*[@id=\"application-managehandovers-display-component---AddNewHO--confirmCreationButton\"]"}
RESULT: {"using":"xpath","value":"//*[@id=\"application-managehandovers-display-component---AddNewHO--confirmCreationButton\"]"}
COMMAND: POST /session/b171ef130127fc2a30c2632ea9d3abff/element/f.727CE9CF6895B2C759CBC992552C29E0.d.C7E270D6B7AAC2AB2A3DEB6C1E3AC433.e.21496/click - {}
RESULT: {}
COMMAND: GET /session/b171ef130127fc2a30c2632ea9d3abff/screenshot - {}
RESULT: {}
COMMAND: POST /session/b171ef130127fc2a30c2632ea9d3abff/execute/async - {"script":"<script> [1562 bytes]","args":[{"selector":{"controlType":"sap.m.Button","viewName":"etm.portal.ui.managehandovers.view.DetailExecuteHO","i18NText":{"propertyName":"text","key":"confirmAll"},"interaction":{"idSuffix":"BDI-content"}},"wdio_ui5_key":"etmportal.ui.managehandovers.view.DetailExecuteHOsap.m.Button{\"propertyName\":\"text\",\"key\":\"confirmAll\"}"}]}
RESULT: {"script":"<script> [1562 bytes]","args":[{"selector":{"controlType":"sap.m.Button","viewName":"etm.portal.ui.managehandovers.view.DetailExecuteHO","i18NText":{"propertyName":"text","key":"confirmAll"},"interaction":{"idSuffix":"BDI-content"}},"wdio_ui5_key":"etmportal.ui.managehandovers.view.DetailExecuteHOsap.m.Button{\"propertyName\":\"text\",\"key\":\"confirmAll\"}"}]}
RESULT: undefined
COMMAND: POST /session/b171ef130127fc2a30c2632ea9d3abff/element - {"using":"xpath","value":"//*[@id=\"__button136\"]"}
RESULT: {"using":"xpath","value":"//*[@id=\"__button136\"]"}
COMMAND: POST /session/b171ef130127fc2a30c2632ea9d3abff/element/f.727CE9CF6895B2C759CBC992552C29E0.d.C7E270D6B7AAC2AB2A3DEB6C1E3AC433.e.21627/click - {}
RESULT: {}
COMMAND: POST /session/b171ef130127fc2a30c2632ea9d3abff/execute/async - {"script":"<script> [1562 bytes]","args":[{"selector":{"controlType":"sap.m.Button","properties":{"text":"OK"},"searchOpenDialogs":true,"interaction":{"idSuffix":"BDI-content"}},"wdio_ui5_key":"sapm.Button{\"text\":\"OK\"}"}]}
COMMAND: GET /session/b171ef130127fc2a30c2632ea9d3abff/screenshot - {}
RESULT: {"script":"<script> [1562 bytes]","args":[{"selector":{"controlType":"sap.m.Button","properties":{"text":"OK"},"searchOpenDialogs":true,"interaction":{"idSuffix":"BDI-content"}},"wdio_ui5_key":"sapm.Button{\"text\":\"OK\"}"}]}
RESULT: undefined
COMMAND: POST /session/b171ef130127fc2a30c2632ea9d3abff/element - {"using":"xpath","value":"//*[@id=\"__mbox-btn-2\"]"}
RESULT: {}
RESULT: {"using":"xpath","value":"//*[@id=\"__mbox-btn-2\"]"}
COMMAND: POST /session/b171ef130127fc2a30c2632ea9d3abff/element/f.727CE9CF6895B2C759CBC992552C29E0.d.C7E270D6B7AAC2AB2A3DEB6C1E3AC433.e.21628/click - {}
RESULT: {}
COMMAND: GET /session/b171ef130127fc2a30c2632ea9d3abff/screenshot - {}
RESULT: {}
COMMAND: POST /session/b171ef130127fc2a30c2632ea9d3abff/element - {"using":"xpath","value":"//input[contains(@id, \"receiptDatePicker-inner\")]"}
RESULT: {"using":"xpath","value":"//input[contains(@id, \"receiptDatePicker-inner\")]"}
COMMAND: POST /session/b171ef130127fc2a30c2632ea9d3abff/elements - {"using":"xpath","value":"//input[contains(@id, \"receiptDatePicker-inner\")]"}
RESULT: {"using":"xpath","value":"//input[contains(@id, \"receiptDatePicker-inner\")]"}
COMMAND: POST /session/b171ef130127fc2a30c2632ea9d3abff/execute/sync - {"script":"<script> [8489 bytes]","args":[{"element-6066-11e4-a52e-4f735466cecf":"f.727CE9CF6895B2C759CBC992552C29E0.d.C7E270D6B7AAC2AB2A3DEB6C1E3AC433.e.21526","ELEMENT":"f.727CE9CF6895B2C759CBC992552C29E0.d.C7E270D6B7AAC2AB2A3DEB6C1E3AC433.e.21526"}]}
RESULT: {"script":"<script> [8489 bytes]","args":[{"element-6066-11e4-a52e-4f735466cecf":"f.727CE9CF6895B2C759CBC992552C29E0.d.C7E270D6B7AAC2AB2A3DEB6C1E3AC433.e.21526","ELEMENT":"f.727CE9CF6895B2C759CBC992552C29E0.d.C7E270D6B7AAC2AB2A3DEB6C1E3AC433.e.21526"}]}
COMMAND: GET /session/b171ef130127fc2a30c2632ea9d3abff/element/f.727CE9CF6895B2C759CBC992552C29E0.d.C7E270D6B7AAC2AB2A3DEB6C1E3AC433.e.21526/enabled - {}
COMMAND: GET /session/b171ef130127fc2a30c2632ea9d3abff/screenshot - {}
RESULT: {}
COMMAND: POST /session/b171ef130127fc2a30c2632ea9d3abff/element/f.727CE9CF6895B2C759CBC992552C29E0.d.C7E270D6B7AAC2AB2A3DEB6C1E3AC433.e.21526/click - {}
COMMAND: GET /session/b171ef130127fc2a30c2632ea9d3abff/screenshot - {}
RESULT: {}
RESULT: {}
COMMAND: POST /session/b171ef130127fc2a30c2632ea9d3abff/element/f.727CE9CF6895B2C759CBC992552C29E0.d.C7E270D6B7AAC2AB2A3DEB6C1E3AC433.e.21526/clear - {}
COMMAND: GET /session/b171ef130127fc2a30c2632ea9d3abff/screenshot - {}
RESULT: {}
RESULT: {}
COMMAND: POST /session/b171ef130127fc2a30c2632ea9d3abff/element/f.727CE9CF6895B2C759CBC992552C29E0.d.C7E270D6B7AAC2AB2A3DEB6C1E3AC433.e.21526/clear - {}
COMMAND: GET /session/b171ef130127fc2a30c2632ea9d3abff/screenshot - {}
RESULT: {}
RESULT: {}
COMMAND: POST /session/b171ef130127fc2a30c2632ea9d3abff/element/f.727CE9CF6895B2C759CBC992552C29E0.d.C7E270D6B7AAC2AB2A3DEB6C1E3AC433.e.21526/value - {"text":"5/6/25"}
COMMAND: GET /session/b171ef130127fc2a30c2632ea9d3abff/screenshot - {}
RESULT: {}
RESULT: {"text":"5/6/25"}
COMMAND: POST /session/b171ef130127fc2a30c2632ea9d3abff/execute/async - {"script":"<script> [1562 bytes]","args":[{"selector":{"id":"confirmationButton","viewName":"etm.portal.ui.managehandovers.view.DetailExecuteHO","interaction":{"idSuffix":"BDI-content"}},"wdio_ui5_key":"confirmationButtonetmportal.ui.managehandovers.view.DetailExecuteHO"}]}
COMMAND: GET /session/b171ef130127fc2a30c2632ea9d3abff/screenshot - {}
RESULT: {}
RESULT: {"script":"<script> [1562 bytes]","args":[{"selector":{"id":"confirmationButton","viewName":"etm.portal.ui.managehandovers.view.DetailExecuteHO","interaction":{"idSuffix":"BDI-content"}},"wdio_ui5_key":"confirmationButtonetmportal.ui.managehandovers.view.DetailExecuteHO"}]}
RESULT: undefined
RESULT: {}
]]></system-out>
    </testcase>
  </testsuite>
</testsuites>