<?xml version="1.0" encoding="UTF-8"?>
<testsuites tests="4" failures="1" errors="1" skipped="0">
  <testsuite timestamp="2025-05-06T16:14:57" time="965.28" tests="3" failures="1" errors="1" skipped="0">
    <properties>
      <property name="specId" value="0" />
      <property name="suiteName" value="Webshop - Hyperlinks visible and working properly  US139085" />
      <property name="capabilities" value="chrome.135_0_7049_115.windows" />
      <property name="file" value="file:///D:/a/1/s/test/specs/R2C/webshop-hyperlinks-yard-site.spec.js" />
    </properties>
    <testcase classname="chrome.135_0_7049_115.windows.Webshop_-_Hyperlinks_visible_and_working_properly__US139085" name="Should create prerequisites for webshop suite" time="311.485">
      <system-out><![CDATA[
COMMAND: POST /session/f9c35cb0f654fe0671c8af76f3348fe1/execute/async - {"script":"<script> [1562 bytes]","args":[{"selector":{"controlType":"sap.m.GenericTile","properties":{"header":"Manage Yards"}},"wdio_ui5_key":"sapm.GenericTile{\"header\":\"Manage Yards\"}"}]}
RESULT: {"script":"<script> [1562 bytes]","args":[{"selector":{"controlType":"sap.m.GenericTile","properties":{"header":"Manage Yards"}},"wdio_ui5_key":"sapm.GenericTile{\"header\":\"Manage Yards\"}"}]}
RESULT: undefined
COMMAND: POST /session/f9c35cb0f654fe0671c8af76f3348fe1/element - {"using":"xpath","value":"//*[@id=\"__tile41\"]"}
RESULT: {"using":"xpath","value":"//*[@id=\"__tile41\"]"}
COMMAND: POST /session/f9c35cb0f654fe0671c8af76f3348fe1/element/f.BE4AEF3124ECB576A082C674F7474D70.d.2CFCE5605B9E65ECE5D8D5B94D250F8F.e.119/click - {}
RESULT: {}
COMMAND: GET /session/f9c35cb0f654fe0671c8af76f3348fe1/screenshot - {}
RESULT: {}
COMMAND: POST /session/f9c35cb0f654fe0671c8af76f3348fe1/execute/async - {"script":"<script> [1562 bytes]","args":[{"selector":{"controlType":"sap.ui.core.Icon","viewName":"etm.portal.ui.manageyards.view.Master","viewId":"application-manageyards-display-component---masterYard","properties":{"src":{"regex":{"source":"add"}}}},"wdio_ui5_key":"etmportal.ui.manageyards.view.Mastersap.ui.core.Icon{\"src\":{\"regex\":{\"source\":\"add\"}}}"}]}
RESULT: {"script":"<script> [1562 bytes]","args":[{"selector":{"controlType":"sap.ui.core.Icon","viewName":"etm.portal.ui.manageyards.view.Master","viewId":"application-manageyards-display-component---masterYard","properties":{"src":{"regex":{"source":"add"}}}},"wdio_ui5_key":"etmportal.ui.manageyards.view.Mastersap.ui.core.Icon{\"src\":{\"regex\":{\"source\":\"add\"}}}"}]}
RESULT: undefined
COMMAND: POST /session/f9c35cb0f654fe0671c8af76f3348fe1/element - {"using":"xpath","value":"//*[@id=\"__button4-img\"]"}
RESULT: {"using":"xpath","value":"//*[@id=\"__button4-img\"]"}
COMMAND: POST /session/f9c35cb0f654fe0671c8af76f3348fe1/element/f.BE4AEF3124ECB576A082C674F7474D70.d.2CFCE5605B9E65ECE5D8D5B94D250F8F.e.166/click - {}
RESULT: {}
COMMAND: GET /session/f9c35cb0f654fe0671c8af76f3348fe1/screenshot - {}
RESULT: {}
COMMAND: POST /session/f9c35cb0f654fe0671c8af76f3348fe1/execute/async - {"script":"<script> [1562 bytes]","args":[{"selector":{"id":"application-manageyards-display-component---NewYard--yardId","interaction":{"idSuffix":"inner"}},"wdio_ui5_key":"applicationmanageyards-display-component---NewYard--yardId"}]}
RESULT: {"script":"<script> [1562 bytes]","args":[{"selector":{"id":"application-manageyards-display-component---NewYard--yardId","interaction":{"idSuffix":"inner"}},"wdio_ui5_key":"applicationmanageyards-display-component---NewYard--yardId"}]}
RESULT: undefined
COMMAND: POST /session/f9c35cb0f654fe0671c8af76f3348fe1/element - {"using":"xpath","value":"//*[@id=\"application-manageyards-display-component---NewYard--addressDetailDetailsName1-inner\"]"}
RESULT: {"using":"xpath","value":"//*[@id=\"application-manageyards-display-component---NewYard--addressDetailDetailsName1-inner\"]"}
COMMAND: POST /session/f9c35cb0f654fe0671c8af76f3348fe1/element/f.BE4AEF3124ECB576A082C674F7474D70.d.2CFCE5605B9E65ECE5D8D5B94D250F8F.e.401/clear - {}
RESULT: {}
COMMAND: POST /session/f9c35cb0f654fe0671c8af76f3348fe1/element/f.BE4AEF3124ECB576A082C674F7474D70.d.2CFCE5605B9E65ECE5D8D5B94D250F8F.e.401/value - {"text":"WebdriverYard7n4im"}
COMMAND: GET /session/f9c35cb0f654fe0671c8af76f3348fe1/screenshot - {}
RESULT: {"text":"WebdriverYard7n4im"}
COMMAND: POST /session/f9c35cb0f654fe0671c8af76f3348fe1/element - {"using":"xpath","value":"//*[@id=\"application-manageyards-display-component---NewYard--addressDetailDetailsLanguage-inner\"]"}
COMMAND: GET /session/f9c35cb0f654fe0671c8af76f3348fe1/screenshot - {}
RESULT: {}
RESULT: {"using":"xpath","value":"//*[@id=\"application-manageyards-display-component---NewYard--addressDetailDetailsLanguage-inner\"]"}
COMMAND: POST /session/f9c35cb0f654fe0671c8af76f3348fe1/element/f.BE4AEF3124ECB576A082C674F7474D70.d.2CFCE5605B9E65ECE5D8D5B94D250F8F.e.402/clear - {}
RESULT: {}
RESULT: {}
COMMAND: POST /session/f9c35cb0f654fe0671c8af76f3348fe1/element/f.BE4AEF3124ECB576A082C674F7474D70.d.2CFCE5605B9E65ECE5D8D5B94D250F8F.e.402/value - {"text":"Romanian"}
COMMAND: GET /session/f9c35cb0f654fe0671c8af76f3348fe1/screenshot - {}
RESULT: {"text":"Romanian"}
COMMAND: POST /session/f9c35cb0f654fe0671c8af76f3348fe1/element - {"using":"xpath","value":"//input[contains(@id ,\"application-manageyards-display-component---NewYard--addressDetailDetailsName1-inner\")]"}
COMMAND: GET /session/f9c35cb0f654fe0671c8af76f3348fe1/screenshot - {}
RESULT: {}
RESULT: {"using":"xpath","value":"//input[contains(@id ,\"application-manageyards-display-component---NewYard--addressDetailDetailsName1-inner\")]"}
COMMAND: GET /session/f9c35cb0f654fe0671c8af76f3348fe1/element/f.BE4AEF3124ECB576A082C674F7474D70.d.2CFCE5605B9E65ECE5D8D5B94D250F8F.e.401/property/value - {}
RESULT: {}
RESULT: {}
COMMAND: GET /session/f9c35cb0f654fe0671c8af76f3348fe1/screenshot - {}
RESULT: {}
COMMAND: POST /session/f9c35cb0f654fe0671c8af76f3348fe1/element - {"using":"xpath","value":"//*[@id=\"application-manageyards-display-component---NewYard--addressDetailDetailsCity1-inner\"]"}
RESULT: {"using":"xpath","value":"//*[@id=\"application-manageyards-display-component---NewYard--addressDetailDetailsCity1-inner\"]"}
COMMAND: POST /session/f9c35cb0f654fe0671c8af76f3348fe1/element/f.BE4AEF3124ECB576A082C674F7474D70.d.2CFCE5605B9E65ECE5D8D5B94D250F8F.e.404/clear - {}
RESULT: {}
COMMAND: POST /session/f9c35cb0f654fe0671c8af76f3348fe1/element/f.BE4AEF3124ECB576A082C674F7474D70.d.2CFCE5605B9E65ECE5D8D5B94D250F8F.e.404/value - {"text":"Bucuresti"}
COMMAND: GET /session/f9c35cb0f654fe0671c8af76f3348fe1/screenshot - {}
RESULT: {"text":"Bucuresti"}
COMMAND: GET /session/f9c35cb0f654fe0671c8af76f3348fe1/screenshot - {}
RESULT: {}
RESULT: {}
COMMAND: POST /session/f9c35cb0f654fe0671c8af76f3348fe1/element - {"using":"xpath","value":"//*[@id=\"application-manageyards-display-component---NewYard--addressDetailDetailsCountry-inner\"]"}
RESULT: {"using":"xpath","value":"//*[@id=\"application-manageyards-display-component---NewYard--addressDetailDetailsCountry-inner\"]"}
COMMAND: POST /session/f9c35cb0f654fe0671c8af76f3348fe1/element/f.BE4AEF3124ECB576A082C674F7474D70.d.2CFCE5605B9E65ECE5D8D5B94D250F8F.e.408/clear - {}
RESULT: {}
COMMAND: POST /session/f9c35cb0f654fe0671c8af76f3348fe1/element/f.BE4AEF3124ECB576A082C674F7474D70.d.2CFCE5605B9E65ECE5D8D5B94D250F8F.e.408/value - {"text":"Romania"}
COMMAND: GET /session/f9c35cb0f654fe0671c8af76f3348fe1/screenshot - {}
RESULT: {"text":"Romania"}
COMMAND: GET /session/f9c35cb0f654fe0671c8af76f3348fe1/screenshot - {}
RESULT: {}
RESULT: {}
COMMAND: POST /session/f9c35cb0f654fe0671c8af76f3348fe1/element - {"using":"xpath","value":"//div[contains(text(), \"Commercial\")]"}
RESULT: {"using":"xpath","value":"//div[contains(text(), \"Commercial\")]"}
COMMAND: GET /session/f9c35cb0f654fe0671c8af76f3348fe1/element/f.BE4AEF3124ECB576A082C674F7474D70.d.2CFCE5605B9E65ECE5D8D5B94D250F8F.e.576/rect - {}
RESULT: {}
COMMAND: GET /session/f9c35cb0f654fe0671c8af76f3348fe1/window/rect - {}
RESULT: {}
COMMAND: POST /session/f9c35cb0f654fe0671c8af76f3348fe1/execute/sync - {"script":"<script> [92 bytes]","args":[]}
RESULT: {"script":"<script> [92 bytes]","args":[]}
COMMAND: POST /session/f9c35cb0f654fe0671c8af76f3348fe1/actions - {"actions":[{"id":"action1","type":"wheel","parameters":{},"actions":[{"type":"scroll","x":-1841,"y":-44,"deltaX":0,"deltaY":0,"duration":0,"origin":{"element-6066-11e4-a52e-4f735466cecf":"f.BE4AEF3124ECB576A082C674F7474D70.d.2CFCE5605B9E65ECE5D8D5B94D250F8F.e.576"}}]}]}
COMMAND: GET /session/f9c35cb0f654fe0671c8af76f3348fe1/screenshot - {}
RESULT: {}
COMMAND: POST /session/f9c35cb0f654fe0671c8af76f3348fe1/execute/sync - {"script":"<script> [79 bytes]","args":[{"element-6066-11e4-a52e-4f735466cecf":"f.BE4AEF3124ECB576A082C674F7474D70.d.2CFCE5605B9E65ECE5D8D5B94D250F8F.e.576","ELEMENT":"f.BE4AEF3124ECB576A082C674F7474D70.d.2CFCE5605B9E65ECE5D8D5B94D250F8F.e.576"},{"block":"start","inline":"nearest"}]}
RESULT: {"script":"<script> [79 bytes]","args":[{"element-6066-11e4-a52e-4f735466cecf":"f.BE4AEF3124ECB576A082C674F7474D70.d.2CFCE5605B9E65ECE5D8D5B94D250F8F.e.576","ELEMENT":"f.BE4AEF3124ECB576A082C674F7474D70.d.2CFCE5605B9E65ECE5D8D5B94D250F8F.e.576"},{"block":"start","inline":"nearest"}]}
COMMAND: GET /session/f9c35cb0f654fe0671c8af76f3348fe1/screenshot - {}
RESULT: {}
COMMAND: POST /session/f9c35cb0f654fe0671c8af76f3348fe1/execute/async - {"script":"<script> [1562 bytes]","args":[{"selector":{"id":"application-manageyards-display-component---NewYard--addressEditDetailsCostObjectCstType-arrow"},"wdio_ui5_key":"applicationmanageyards-display-component---NewYard--addressEditDetailsCostObjectCstType-arrow"}]}
RESULT: {"script":"<script> [1562 bytes]","args":[{"selector":{"id":"application-manageyards-display-component---NewYard--addressEditDetailsCostObjectCstType-arrow"},"wdio_ui5_key":"applicationmanageyards-display-component---NewYard--addressEditDetailsCostObjectCstType-arrow"}]}
RESULT: undefined
COMMAND: POST /session/f9c35cb0f654fe0671c8af76f3348fe1/element - {"using":"xpath","value":"//*[@id=\"application-manageyards-display-component---NewYard--addressEditDetailsCostObjectCstType-arrow\"]"}
RESULT: {"using":"xpath","value":"//*[@id=\"application-manageyards-display-component---NewYard--addressEditDetailsCostObjectCstType-arrow\"]"}
COMMAND: POST /session/f9c35cb0f654fe0671c8af76f3348fe1/element/f.BE4AEF3124ECB576A082C674F7474D70.d.2CFCE5605B9E65ECE5D8D5B94D250F8F.e.584/click - {}
RESULT: {}
COMMAND: POST /session/f9c35cb0f654fe0671c8af76f3348fe1/element - {"using":"xpath","value":"//span[contains(text(), \"Cost Center\")]"}
COMMAND: GET /session/f9c35cb0f654fe0671c8af76f3348fe1/screenshot - {}
RESULT: {"using":"xpath","value":"//span[contains(text(), \"Cost Center\")]"}
COMMAND: POST /session/f9c35cb0f654fe0671c8af76f3348fe1/element/f.BE4AEF3124ECB576A082C674F7474D70.d.2CFCE5605B9E65ECE5D8D5B94D250F8F.e.585/click - {}
RESULT: {}
RESULT: {}
COMMAND: GET /session/f9c35cb0f654fe0671c8af76f3348fe1/screenshot - {}
RESULT: {}
COMMAND: POST /session/f9c35cb0f654fe0671c8af76f3348fe1/execute/async - {"script":"<script> [1562 bytes]","args":[{"selector":{"id":"application-manageyards-display-component---NewYard--addressNewCostObjectCstID-vhi"},"wdio_ui5_key":"applicationmanageyards-display-component---NewYard--addressNewCostObjectCstID-vhi"}]}
RESULT: {"script":"<script> [1562 bytes]","args":[{"selector":{"id":"application-manageyards-display-component---NewYard--addressNewCostObjectCstID-vhi"},"wdio_ui5_key":"applicationmanageyards-display-component---NewYard--addressNewCostObjectCstID-vhi"}]}
RESULT: undefined
COMMAND: POST /session/f9c35cb0f654fe0671c8af76f3348fe1/element - {"using":"xpath","value":"//*[@id=\"application-manageyards-display-component---NewYard--addressNewCostObjectCstID-vhi\"]"}
RESULT: {"using":"xpath","value":"//*[@id=\"application-manageyards-display-component---NewYard--addressNewCostObjectCstID-vhi\"]"}
COMMAND: POST /session/f9c35cb0f654fe0671c8af76f3348fe1/element/f.BE4AEF3124ECB576A082C674F7474D70.d.2CFCE5605B9E65ECE5D8D5B94D250F8F.e.589/click - {}
RESULT: {}
COMMAND: GET /session/f9c35cb0f654fe0671c8af76f3348fe1/screenshot - {}
RESULT: {}
COMMAND: POST /session/f9c35cb0f654fe0671c8af76f3348fe1/execute/async - {"script":"<script> [1562 bytes]","args":[{"selector":{"controlType":"sap.m.SearchField","properties":{"placeholder":"Search"},"searchOpenDialogs":true,"interaction":{"idSuffix":"I"}},"wdio_ui5_key":"sapm.SearchField{\"placeholder\":\"Search\"}"}]}
RESULT: {"script":"<script> [1562 bytes]","args":[{"selector":{"controlType":"sap.m.SearchField","properties":{"placeholder":"Search"},"searchOpenDialogs":true,"interaction":{"idSuffix":"I"}},"wdio_ui5_key":"sapm.SearchField{\"placeholder\":\"Search\"}"}]}
RESULT: undefined
COMMAND: POST /session/f9c35cb0f654fe0671c8af76f3348fe1/execute/async - {"script":"<script> [776 bytes]","args":[{"enterText":"10001013","selector":{"controlType":"sap.m.SearchField","properties":{"placeholder":"Search"},"searchOpenDialogs":true,"interaction":{"idSuffix":"I"}},"clearTextFirst":true,"interactionType":"ENTER_TEXT"}]}
RESULT: {"script":"<script> [776 bytes]","args":[{"enterText":"10001013","selector":{"controlType":"sap.m.SearchField","properties":{"placeholder":"Search"},"searchOpenDialogs":true,"interaction":{"idSuffix":"I"}},"clearTextFirst":true,"interactionType":"ENTER_TEXT"}]}
COMMAND: POST /session/f9c35cb0f654fe0671c8af76f3348fe1/actions - {"actions":[{"id":"action2","type":"key","parameters":{},"actions":[{"type":"keyDown","value":"î€‡"},{"type":"pause","duration":10},{"type":"keyUp","value":"î€‡"}]}]}
RESULT: {"actions":[{"id":"action2","type":"key","parameters":{},"actions":[{"type":"keyDown","value":"î€‡"},{"type":"pause","duration":10},{"type":"keyUp","value":"î€‡"}]}]}
COMMAND: GET /session/f9c35cb0f654fe0671c8af76f3348fe1/screenshot - {}
RESULT: {}
COMMAND: POST /session/f9c35cb0f654fe0671c8af76f3348fe1/element - {"using":"xpath","value":"//span[contains(text(), \"General Management\")]"}
RESULT: {"using":"xpath","value":"//span[contains(text(), \"General Management\")]"}
COMMAND: POST /session/f9c35cb0f654fe0671c8af76f3348fe1/element/f.BE4AEF3124ECB576A082C674F7474D70.d.2CFCE5605B9E65ECE5D8D5B94D250F8F.e.630/click - {}
RESULT: {}
COMMAND: GET /session/f9c35cb0f654fe0671c8af76f3348fe1/screenshot - {}
RESULT: {}
COMMAND: POST /session/f9c35cb0f654fe0671c8af76f3348fe1/element - {"using":"xpath","value":"//bdi[contains(text(), \"OK\")]"}
RESULT: {"using":"xpath","value":"//bdi[contains(text(), \"OK\")]"}
COMMAND: POST /session/f9c35cb0f654fe0671c8af76f3348fe1/element/f.BE4AEF3124ECB576A082C674F7474D70.d.2CFCE5605B9E65ECE5D8D5B94D250F8F.e.631/click - {}
RESULT: {}
COMMAND: GET /session/f9c35cb0f654fe0671c8af76f3348fe1/screenshot - {}
RESULT: {}
COMMAND: POST /session/f9c35cb0f654fe0671c8af76f3348fe1/execute/async - {"script":"<script> [1562 bytes]","args":[{"selector":{"controlType":"sap.m.Button","viewName":"etm.portal.ui.manageyards.view.New","viewId":"application-manageyards-display-component---NewYard","i18NText":{"propertyName":"text","key":"save"},"interaction":{"idSuffix":"inner"}},"wdio_ui5_key":"etmportal.ui.manageyards.view.Newsap.m.Button{\"propertyName\":\"text\",\"key\":\"save\"}"}]}
RESULT: {"script":"<script> [1562 bytes]","args":[{"selector":{"controlType":"sap.m.Button","viewName":"etm.portal.ui.manageyards.view.New","viewId":"application-manageyards-display-component---NewYard","i18NText":{"propertyName":"text","key":"save"},"interaction":{"idSuffix":"inner"}},"wdio_ui5_key":"etmportal.ui.manageyards.view.Newsap.m.Button{\"propertyName\":\"text\",\"key\":\"save\"}"}]}
RESULT: undefined
COMMAND: POST /session/f9c35cb0f654fe0671c8af76f3348fe1/element - {"using":"xpath","value":"//*[@id=\"__button18\"]"}
RESULT: {"using":"xpath","value":"//*[@id=\"__button18\"]"}
COMMAND: POST /session/f9c35cb0f654fe0671c8af76f3348fe1/element/f.BE4AEF3124ECB576A082C674F7474D70.d.2CFCE5605B9E65ECE5D8D5B94D250F8F.e.557/click - {}
RESULT: {}
COMMAND: GET /session/f9c35cb0f654fe0671c8af76f3348fe1/screenshot - {}
RESULT: {}
COMMAND: POST /session/f9c35cb0f654fe0671c8af76f3348fe1/element - {"using":"xpath","value":"//header/div/div[2]/div[2]/span"}
RESULT: {"using":"xpath","value":"//header/div/div[2]/div[2]/span"}
COMMAND: GET /session/f9c35cb0f654fe0671c8af76f3348fe1/element/f.BE4AEF3124ECB576A082C674F7474D70.d.2CFCE5605B9E65ECE5D8D5B94D250F8F.e.831/text - {}
RESULT: {}
COMMAND: POST /session/f9c35cb0f654fe0671c8af76f3348fe1/execute/async - {"script":"<script> [1562 bytes]","args":[{"selector":{"controlType":"sap.m.OverflowToolbarButton","viewName":"etm.portal.ui.manageyards.view.Detail","viewId":"application-manageyards-display-component---detailYard","i18NText":{"propertyName":"tooltip","key":"closeColumn"},"interaction":{"idSuffix":"inner"}},"wdio_ui5_key":"etmportal.ui.manageyards.view.Detailsap.m.OverflowToolbarButton{\"propertyName\":\"tooltip\",\"key\":\"closeColumn\"}"}]}
RESULT: {"script":"<script> [1562 bytes]","args":[{"selector":{"controlType":"sap.m.OverflowToolbarButton","viewName":"etm.portal.ui.manageyards.view.Detail","viewId":"application-manageyards-display-component---detailYard","i18NText":{"propertyName":"tooltip","key":"closeColumn"},"interaction":{"idSuffix":"inner"}},"wdio_ui5_key":"etmportal.ui.manageyards.view.Detailsap.m.OverflowToolbarButton{\"propertyName\":\"tooltip\",\"key\":\"closeColumn\"}"}]}
RESULT: undefined
COMMAND: POST /session/f9c35cb0f654fe0671c8af76f3348fe1/element - {"using":"xpath","value":"//*[@id=\"__button42\"]"}
RESULT: {"using":"xpath","value":"//*[@id=\"__button42\"]"}
COMMAND: POST /session/f9c35cb0f654fe0671c8af76f3348fe1/element/f.BE4AEF3124ECB576A082C674F7474D70.d.2CFCE5605B9E65ECE5D8D5B94D250F8F.e.833/click - {}
RESULT: {}
COMMAND: GET /session/f9c35cb0f654fe0671c8af76f3348fe1/screenshot - {}
RESULT: {}
COMMAND: POST /session/f9c35cb0f654fe0671c8af76f3348fe1/element - {"using":"css selector","value":"#shell-header-logo"}
RESULT: {"using":"css selector","value":"#shell-header-logo"}
COMMAND: POST /session/f9c35cb0f654fe0671c8af76f3348fe1/element/f.BE4AEF3124ECB576A082C674F7474D70.d.2CFCE5605B9E65ECE5D8D5B94D250F8F.e.122/click - {}
RESULT: {}
COMMAND: GET /session/f9c35cb0f654fe0671c8af76f3348fe1/screenshot - {}
RESULT: {}
COMMAND: POST /session/f9c35cb0f654fe0671c8af76f3348fe1/refresh - {}
RESULT: {}
COMMAND: GET /session/f9c35cb0f654fe0671c8af76f3348fe1/screenshot - {}
RESULT: {}
COMMAND: POST /session/f9c35cb0f654fe0671c8af76f3348fe1/execute/async - {"script":"<script> [189 bytes]","args":[]}
RESULT: {"script":"<script> [189 bytes]","args":[]}
COMMAND: POST /session/f9c35cb0f654fe0671c8af76f3348fe1/execute/async - {"script":"<script> [123 bytes]","args":[]}
RESULT: {"script":"<script> [123 bytes]","args":[]}
COMMAND: POST /session/f9c35cb0f654fe0671c8af76f3348fe1/timeouts - {"script":"<number>"}
RESULT: {"script":"<number>"}
COMMAND: GET /session/f9c35cb0f654fe0671c8af76f3348fe1/timeouts - {}
RESULT: {}
RESULT: undefined
COMMAND: POST /session/f9c35cb0f654fe0671c8af76f3348fe1/execute/async - {"script":"<script> [2676 bytes]","args":[]}
RESULT: {"script":"<script> [2676 bytes]","args":[]}
COMMAND: POST /session/f9c35cb0f654fe0671c8af76f3348fe1/execute/async - {"script":"<script> [2342 bytes]","args":[{"protocol":"http","hostname":"0.0.0.0","path":"/","capabilities":{"browserName":"chrome","goog:chromeOptions":{"binary":"C:\\Program Files\\Google\\Chrome\\Application\\chrome.exe","args":["--start-maximized"]}},"logLevel":"warn","connectionRetryTimeout":120000,"connectionRetryCount":3,"logLevels":{},"enableDirectConnect":true,"strictSSL":true,"_":"65 more keys: [\"cacheDir\",\"port\",\"requestedCapabilities\",\"automationProtocol\",\"baseUrl\",\"waitforInterval\",\"waitforTimeout\",\"onReload\",\"beforeCommand\",\"afterCommand\",\"rootDir\",\"specs\",\"suites\",\"exclude\",\"groupLogsByTestSpec\",\"excludeDriverLogs\",\"bail\",\"framework\",\"reporters\",\"services\",\"maxInstances\",\"maxInstancesPerCapability\",\"injectGlobals\",\"filesToWatch\",\"execArgv\",\"runnerEnv\",\"runner\",\"shard\",\"specFileRetries\",\"specFileRetriesDelay\",\"specFileRetriesDeferred\",\"reporterSyncInterval\",\"reporterSyncTimeout\",\"cucumberFeaturesWithLineNumbers\",\"autoCompileOpts\",\"mochaOpts\",\"jasmineOpts\",\"cucumberOpts\",\"onPrepare\",\"onWorkerStart\",\"onWorkerEnd\",\"before\",\"beforeSession\",\"beforeSuite\",\"beforeHook\",\"beforeTest\",\"afterTest\",\"afterHook\",\"afterSuite\",\"afterSession\",\"after\",\"onComplete\",\"beforeAssertion\",\"afterAssertion\",\"beforeFeature\",\"beforeScenario\",\"beforeStep\",\"afterStep\",\"afterScenario\",\"afterFeature\",\"_\",\"suite\",\"$0\",\"ignoredWorkerServices\",\"wdi5\"]"}]}
RESULT: {"script":"<script> [2342 bytes]","args":[{"protocol":"http","hostname":"0.0.0.0","path":"/","capabilities":{"browserName":"chrome","goog:chromeOptions":{"binary":"C:\\Program Files\\Google\\Chrome\\Application\\chrome.exe","args":["--start-maximized"]}},"logLevel":"warn","connectionRetryTimeout":120000,"connectionRetryCount":3,"logLevels":{},"enableDirectConnect":true,"strictSSL":true,"_":"65 more keys: [\"cacheDir\",\"port\",\"requestedCapabilities\",\"automationProtocol\",\"baseUrl\",\"waitforInterval\",\"waitforTimeout\",\"onReload\",\"beforeCommand\",\"afterCommand\",\"rootDir\",\"specs\",\"suites\",\"exclude\",\"groupLogsByTestSpec\",\"excludeDriverLogs\",\"bail\",\"framework\",\"reporters\",\"services\",\"maxInstances\",\"maxInstancesPerCapability\",\"injectGlobals\",\"filesToWatch\",\"execArgv\",\"runnerEnv\",\"runner\",\"shard\",\"specFileRetries\",\"specFileRetriesDelay\",\"specFileRetriesDeferred\",\"reporterSyncInterval\",\"reporterSyncTimeout\",\"cucumberFeaturesWithLineNumbers\",\"autoCompileOpts\",\"mochaOpts\",\"jasmineOpts\",\"cucumberOpts\",\"onPrepare\",\"onWorkerStart\",\"onWorkerEnd\",\"before\",\"beforeSession\",\"beforeSuite\",\"beforeHook\",\"beforeTest\",\"afterTest\",\"afterHook\",\"afterSuite\",\"afterSession\",\"after\",\"onComplete\",\"beforeAssertion\",\"afterAssertion\",\"beforeFeature\",\"beforeScenario\",\"beforeStep\",\"afterStep\",\"afterScenario\",\"afterFeature\",\"_\",\"suite\",\"$0\",\"ignoredWorkerServices\",\"wdi5\"]"}]}
COMMAND: POST /session/f9c35cb0f654fe0671c8af76f3348fe1/execute/async - {"script":"<script> [21126 bytes]","args":[35000]}
RESULT: {"script":"<script> [21126 bytes]","args":[35000]}
COMMAND: POST /session/f9c35cb0f654fe0671c8af76f3348fe1/execute/async - {"script":"<script> [1562 bytes]","args":[{"selector":{"controlType":"sap.m.GenericTile","properties":{"header":"Manage Sites"}},"wdio_ui5_key":"sapm.GenericTile{\"header\":\"Manage Sites\"}"}]}
RESULT: {"script":"<script> [1562 bytes]","args":[{"selector":{"controlType":"sap.m.GenericTile","properties":{"header":"Manage Sites"}},"wdio_ui5_key":"sapm.GenericTile{\"header\":\"Manage Sites\"}"}]}
RESULT: undefined
COMMAND: POST /session/f9c35cb0f654fe0671c8af76f3348fe1/element - {"using":"xpath","value":"//*[@id=\"__tile40\"]"}
RESULT: {"using":"xpath","value":"//*[@id=\"__tile40\"]"}
COMMAND: POST /session/f9c35cb0f654fe0671c8af76f3348fe1/element/f.BE4AEF3124ECB576A082C674F7474D70.d.31D9CA1C004D767F8C0ACB40BABF54A6.e.1179/click - {}
RESULT: {}
COMMAND: GET /session/f9c35cb0f654fe0671c8af76f3348fe1/screenshot - {}
RESULT: {}
COMMAND: POST /session/f9c35cb0f654fe0671c8af76f3348fe1/execute/async - {"script":"<script> [1562 bytes]","args":[{"selector":{"controlType":"sap.ui.core.Icon","viewName":"etm.portal.ui.managesites.view.Master","viewId":"application-managesites-display-component---masterSite","properties":{"src":{"regex":{"source":"add"}}}},"wdio_ui5_key":"etmportal.ui.managesites.view.Mastersap.ui.core.Icon{\"src\":{\"regex\":{\"source\":\"add\"}}}"}]}
RESULT: {"script":"<script> [1562 bytes]","args":[{"selector":{"controlType":"sap.ui.core.Icon","viewName":"etm.portal.ui.managesites.view.Master","viewId":"application-managesites-display-component---masterSite","properties":{"src":{"regex":{"source":"add"}}}},"wdio_ui5_key":"etmportal.ui.managesites.view.Mastersap.ui.core.Icon{\"src\":{\"regex\":{\"source\":\"add\"}}}"}]}
RESULT: undefined
COMMAND: POST /session/f9c35cb0f654fe0671c8af76f3348fe1/element - {"using":"xpath","value":"//*[@id=\"__button4-img\"]"}
RESULT: {"using":"xpath","value":"//*[@id=\"__button4-img\"]"}
COMMAND: POST /session/f9c35cb0f654fe0671c8af76f3348fe1/element/f.BE4AEF3124ECB576A082C674F7474D70.d.31D9CA1C004D767F8C0ACB40BABF54A6.e.1228/click - {}
RESULT: {}
COMMAND: POST /session/f9c35cb0f654fe0671c8af76f3348fe1/execute/async - {"script":"<script> [1562 bytes]","args":[{"selector":{"id":"application-managesites-display-component---NewSite--siteId","interaction":{"idSuffix":"inner"}},"wdio_ui5_key":"applicationmanagesites-display-component---NewSite--siteId"}]}
COMMAND: GET /session/f9c35cb0f654fe0671c8af76f3348fe1/screenshot - {}
RESULT: {"script":"<script> [1562 bytes]","args":[{"selector":{"id":"application-managesites-display-component---NewSite--siteId","interaction":{"idSuffix":"inner"}},"wdio_ui5_key":"applicationmanagesites-display-component---NewSite--siteId"}]}
RESULT: undefined
COMMAND: POST /session/f9c35cb0f654fe0671c8af76f3348fe1/execute/async - {"script":"<script> [1562 bytes]","args":[{"selector":{"id":"application-managesites-display-component---NewSite--addressDetailDetailsName1","interaction":{"idSuffix":"inner"}},"wdio_ui5_key":"applicationmanagesites-display-component---NewSite--addressDetailDetailsName1"}]}
RESULT: {}
RESULT: {"script":"<script> [1562 bytes]","args":[{"selector":{"id":"application-managesites-display-component---NewSite--addressDetailDetailsName1","interaction":{"idSuffix":"inner"}},"wdio_ui5_key":"applicationmanagesites-display-component---NewSite--addressDetailDetailsName1"}]}
RESULT: undefined
COMMAND: POST /session/f9c35cb0f654fe0671c8af76f3348fe1/execute/async - {"script":"<script> [776 bytes]","args":[{"enterText":"WebdriverSitel5gmg","selector":{"id":"application-managesites-display-component---NewSite--addressDetailDetailsName1","interaction":{"idSuffix":"inner"}},"clearTextFirst":true,"interactionType":"ENTER_TEXT"}]}
RESULT: {"script":"<script> [776 bytes]","args":[{"enterText":"WebdriverSitel5gmg","selector":{"id":"application-managesites-display-component---NewSite--addressDetailDetailsName1","interaction":{"idSuffix":"inner"}},"clearTextFirst":true,"interactionType":"ENTER_TEXT"}]}
COMMAND: POST /session/f9c35cb0f654fe0671c8af76f3348fe1/execute/async - {"script":"<script> [1562 bytes]","args":[{"selector":{"id":"application-managesites-display-component---NewSite--addressDetailDetailsLanguage","interaction":{"idSuffix":"inner"}},"wdio_ui5_key":"applicationmanagesites-display-component---NewSite--addressDetailDetailsLanguage"}]}
RESULT: {"script":"<script> [1562 bytes]","args":[{"selector":{"id":"application-managesites-display-component---NewSite--addressDetailDetailsLanguage","interaction":{"idSuffix":"inner"}},"wdio_ui5_key":"applicationmanagesites-display-component---NewSite--addressDetailDetailsLanguage"}]}
RESULT: undefined
COMMAND: POST /session/f9c35cb0f654fe0671c8af76f3348fe1/execute/async - {"script":"<script> [776 bytes]","args":[{"enterText":"Romanian","selector":{"id":"application-managesites-display-component---NewSite--addressDetailDetailsLanguage","interaction":{"idSuffix":"inner"}},"clearTextFirst":true,"interactionType":"ENTER_TEXT"}]}
RESULT: {"script":"<script> [776 bytes]","args":[{"enterText":"Romanian","selector":{"id":"application-managesites-display-component---NewSite--addressDetailDetailsLanguage","interaction":{"idSuffix":"inner"}},"clearTextFirst":true,"interactionType":"ENTER_TEXT"}]}
COMMAND: POST /session/f9c35cb0f654fe0671c8af76f3348fe1/execute/async - {"script":"<script> [1562 bytes]","args":[{"selector":{"id":"application-managesites-display-component---NewSite--addressDetailDetailsCity1","interaction":{"idSuffix":"inner"}},"wdio_ui5_key":"applicationmanagesites-display-component---NewSite--addressDetailDetailsCity1"}]}
RESULT: {"script":"<script> [1562 bytes]","args":[{"selector":{"id":"application-managesites-display-component---NewSite--addressDetailDetailsCity1","interaction":{"idSuffix":"inner"}},"wdio_ui5_key":"applicationmanagesites-display-component---NewSite--addressDetailDetailsCity1"}]}
RESULT: undefined
COMMAND: POST /session/f9c35cb0f654fe0671c8af76f3348fe1/execute/async - {"script":"<script> [776 bytes]","args":[{"enterText":"Bucharest","selector":{"id":"application-managesites-display-component---NewSite--addressDetailDetailsCity1","interaction":{"idSuffix":"inner"}},"clearTextFirst":true,"interactionType":"ENTER_TEXT"}]}
RESULT: {"script":"<script> [776 bytes]","args":[{"enterText":"Bucharest","selector":{"id":"application-managesites-display-component---NewSite--addressDetailDetailsCity1","interaction":{"idSuffix":"inner"}},"clearTextFirst":true,"interactionType":"ENTER_TEXT"}]}
COMMAND: POST /session/f9c35cb0f654fe0671c8af76f3348fe1/execute/async - {"script":"<script> [1562 bytes]","args":[{"selector":{"id":"application-managesites-display-component---NewSite--addressDetailDetailsCountry","interaction":{"idSuffix":"inner"}},"wdio_ui5_key":"applicationmanagesites-display-component---NewSite--addressDetailDetailsCountry"}]}
RESULT: {"script":"<script> [1562 bytes]","args":[{"selector":{"id":"application-managesites-display-component---NewSite--addressDetailDetailsCountry","interaction":{"idSuffix":"inner"}},"wdio_ui5_key":"applicationmanagesites-display-component---NewSite--addressDetailDetailsCountry"}]}
RESULT: undefined
COMMAND: POST /session/f9c35cb0f654fe0671c8af76f3348fe1/execute/async - {"script":"<script> [776 bytes]","args":[{"enterText":"Romania","selector":{"id":"application-managesites-display-component---NewSite--addressDetailDetailsCountry","interaction":{"idSuffix":"inner"}},"clearTextFirst":true,"interactionType":"ENTER_TEXT"}]}
RESULT: {"script":"<script> [776 bytes]","args":[{"enterText":"Romania","selector":{"id":"application-managesites-display-component---NewSite--addressDetailDetailsCountry","interaction":{"idSuffix":"inner"}},"clearTextFirst":true,"interactionType":"ENTER_TEXT"}]}
COMMAND: POST /session/f9c35cb0f654fe0671c8af76f3348fe1/element - {"using":"css selector","value":"#application-managesites-display-component---NewSite--addressDetailDetailsCalendar-inner"}
RESULT: {"using":"css selector","value":"#application-managesites-display-component---NewSite--addressDetailDetailsCalendar-inner"}
COMMAND: POST /session/f9c35cb0f654fe0671c8af76f3348fe1/element/f.BE4AEF3124ECB576A082C674F7474D70.d.31D9CA1C004D767F8C0ACB40BABF54A6.e.1413/clear - {}
RESULT: {}
COMMAND: POST /session/f9c35cb0f654fe0671c8af76f3348fe1/element/f.BE4AEF3124ECB576A082C674F7474D70.d.31D9CA1C004D767F8C0ACB40BABF54A6.e.1413/value - {"text":"Germany"}
COMMAND: GET /session/f9c35cb0f654fe0671c8af76f3348fe1/screenshot - {}
RESULT: {"text":"Germany"}
COMMAND: POST /session/f9c35cb0f654fe0671c8af76f3348fe1/execute/async - {"script":"<script> [1562 bytes]","args":[{"selector":{"id":"application-managesites-display-component---NewSite--addressEditDetailsCostObjectCstType-arrow"},"wdio_ui5_key":"applicationmanagesites-display-component---NewSite--addressEditDetailsCostObjectCstType-arrow"}]}
COMMAND: GET /session/f9c35cb0f654fe0671c8af76f3348fe1/screenshot - {}
RESULT: {}
RESULT: {"script":"<script> [1562 bytes]","args":[{"selector":{"id":"application-managesites-display-component---NewSite--addressEditDetailsCostObjectCstType-arrow"},"wdio_ui5_key":"applicationmanagesites-display-component---NewSite--addressEditDetailsCostObjectCstType-arrow"}]}
RESULT: undefined
COMMAND: POST /session/f9c35cb0f654fe0671c8af76f3348fe1/element - {"using":"xpath","value":"//*[@id=\"application-managesites-display-component---NewSite--addressEditDetailsCostObjectCstType-arrow\"]"}
RESULT: {}
RESULT: {"using":"xpath","value":"//*[@id=\"application-managesites-display-component---NewSite--addressEditDetailsCostObjectCstType-arrow\"]"}
COMMAND: POST /session/f9c35cb0f654fe0671c8af76f3348fe1/element/f.BE4AEF3124ECB576A082C674F7474D70.d.31D9CA1C004D767F8C0ACB40BABF54A6.e.1611/click - {}
RESULT: {}
COMMAND: POST /session/f9c35cb0f654fe0671c8af76f3348fe1/element - {"using":"xpath","value":"//span[contains(text(), \"Work Breakdown Structure\")]"}
COMMAND: GET /session/f9c35cb0f654fe0671c8af76f3348fe1/screenshot - {}
RESULT: {"using":"xpath","value":"//span[contains(text(), \"Work Breakdown Structure\")]"}
COMMAND: POST /session/f9c35cb0f654fe0671c8af76f3348fe1/element/f.BE4AEF3124ECB576A082C674F7474D70.d.31D9CA1C004D767F8C0ACB40BABF54A6.e.1612/click - {}
RESULT: {}
RESULT: {}
COMMAND: GET /session/f9c35cb0f654fe0671c8af76f3348fe1/screenshot - {}
RESULT: {}
COMMAND: POST /session/f9c35cb0f654fe0671c8af76f3348fe1/execute/async - {"script":"<script> [1562 bytes]","args":[{"selector":{"id":"application-managesites-display-component---NewSite--addressNewCostObjectCstID-vhi"},"wdio_ui5_key":"applicationmanagesites-display-component---NewSite--addressNewCostObjectCstID-vhi"}]}
RESULT: {"script":"<script> [1562 bytes]","args":[{"selector":{"id":"application-managesites-display-component---NewSite--addressNewCostObjectCstID-vhi"},"wdio_ui5_key":"applicationmanagesites-display-component---NewSite--addressNewCostObjectCstID-vhi"}]}
RESULT: undefined
COMMAND: POST /session/f9c35cb0f654fe0671c8af76f3348fe1/element - {"using":"xpath","value":"//*[@id=\"application-managesites-display-component---NewSite--addressNewCostObjectCstID-vhi\"]"}
RESULT: {"using":"xpath","value":"//*[@id=\"application-managesites-display-component---NewSite--addressNewCostObjectCstID-vhi\"]"}
COMMAND: POST /session/f9c35cb0f654fe0671c8af76f3348fe1/element/f.BE4AEF3124ECB576A082C674F7474D70.d.31D9CA1C004D767F8C0ACB40BABF54A6.e.1616/click - {}
RESULT: {}
COMMAND: GET /session/f9c35cb0f654fe0671c8af76f3348fe1/screenshot - {}
RESULT: {}
COMMAND: POST /session/f9c35cb0f654fe0671c8af76f3348fe1/execute/async - {"script":"<script> [1562 bytes]","args":[{"selector":{"controlType":"sap.m.SearchField","properties":{"placeholder":"Search"},"searchOpenDialogs":true,"interaction":{"idSuffix":"I"}},"wdio_ui5_key":"sapm.SearchField{\"placeholder\":\"Search\"}"}]}
RESULT: {"script":"<script> [1562 bytes]","args":[{"selector":{"controlType":"sap.m.SearchField","properties":{"placeholder":"Search"},"searchOpenDialogs":true,"interaction":{"idSuffix":"I"}},"wdio_ui5_key":"sapm.SearchField{\"placeholder\":\"Search\"}"}]}
RESULT: undefined
COMMAND: POST /session/f9c35cb0f654fe0671c8af76f3348fe1/execute/async - {"script":"<script> [776 bytes]","args":[{"enterText":"A1-000100-01","selector":{"controlType":"sap.m.SearchField","properties":{"placeholder":"Search"},"searchOpenDialogs":true,"interaction":{"idSuffix":"I"}},"clearTextFirst":true,"interactionType":"ENTER_TEXT"}]}
RESULT: {"script":"<script> [776 bytes]","args":[{"enterText":"A1-000100-01","selector":{"controlType":"sap.m.SearchField","properties":{"placeholder":"Search"},"searchOpenDialogs":true,"interaction":{"idSuffix":"I"}},"clearTextFirst":true,"interactionType":"ENTER_TEXT"}]}
COMMAND: POST /session/f9c35cb0f654fe0671c8af76f3348fe1/actions - {"actions":[{"id":"action3","type":"key","parameters":{},"actions":[{"type":"keyDown","value":"î€‡"},{"type":"pause","duration":10},{"type":"keyUp","value":"î€‡"}]}]}
RESULT: {"actions":[{"id":"action3","type":"key","parameters":{},"actions":[{"type":"keyDown","value":"î€‡"},{"type":"pause","duration":10},{"type":"keyUp","value":"î€‡"}]}]}
COMMAND: GET /session/f9c35cb0f654fe0671c8af76f3348fe1/screenshot - {}
RESULT: {}
COMMAND: POST /session/f9c35cb0f654fe0671c8af76f3348fe1/element - {"using":"xpath","value":"//span[contains(text(), \"Template for ETO-Process\")]"}
RESULT: {"using":"xpath","value":"//span[contains(text(), \"Template for ETO-Process\")]"}
COMMAND: POST /session/f9c35cb0f654fe0671c8af76f3348fe1/element/f.BE4AEF3124ECB576A082C674F7474D70.d.31D9CA1C004D767F8C0ACB40BABF54A6.e.1625/click - {}
RESULT: {}
COMMAND: GET /session/f9c35cb0f654fe0671c8af76f3348fe1/screenshot - {}
RESULT: {}
COMMAND: POST /session/f9c35cb0f654fe0671c8af76f3348fe1/element - {"using":"xpath","value":"//bdi[contains(text(), \"OK\")]"}
RESULT: {"using":"xpath","value":"//bdi[contains(text(), \"OK\")]"}
COMMAND: POST /session/f9c35cb0f654fe0671c8af76f3348fe1/element/f.BE4AEF3124ECB576A082C674F7474D70.d.31D9CA1C004D767F8C0ACB40BABF54A6.e.1627/click - {}
RESULT: {}
COMMAND: GET /session/f9c35cb0f654fe0671c8af76f3348fe1/screenshot - {}
RESULT: {}
COMMAND: POST /session/f9c35cb0f654fe0671c8af76f3348fe1/element - {"using":"xpath","value":"//input[@id=\"application-managesites-display-component---NewSite--addressDetailDetailsYard-inner\"]"}
RESULT: {"using":"xpath","value":"//input[@id=\"application-managesites-display-component---NewSite--addressDetailDetailsYard-inner\"]"}
COMMAND: POST /session/f9c35cb0f654fe0671c8af76f3348fe1/element/f.BE4AEF3124ECB576A082C674F7474D70.d.31D9CA1C004D767F8C0ACB40BABF54A6.e.1414/value - {"text":"633"}
RESULT: {"text":"633"}
COMMAND: GET /session/f9c35cb0f654fe0671c8af76f3348fe1/screenshot - {}
RESULT: {}
COMMAND: POST /session/f9c35cb0f654fe0671c8af76f3348fe1/actions - {"actions":[{"id":"action4","type":"key","parameters":{},"actions":[{"type":"keyDown","value":"î€‡"},{"type":"pause","duration":10},{"type":"keyUp","value":"î€‡"}]}]}
RESULT: {"actions":[{"id":"action4","type":"key","parameters":{},"actions":[{"type":"keyDown","value":"î€‡"},{"type":"pause","duration":10},{"type":"keyUp","value":"î€‡"}]}]}
COMMAND: GET /session/f9c35cb0f654fe0671c8af76f3348fe1/screenshot - {}
RESULT: {}
COMMAND: POST /session/f9c35cb0f654fe0671c8af76f3348fe1/element - {"using":"xpath","value":"//input[@id=\"application-managesites-display-component---NewSite--addressDetailDetailsPartner-inner\"]"}
RESULT: {"using":"xpath","value":"//input[@id=\"application-managesites-display-component---NewSite--addressDetailDetailsPartner-inner\"]"}
COMMAND: POST /session/f9c35cb0f654fe0671c8af76f3348fe1/elements - {"using":"xpath","value":"//input[@id=\"application-managesites-display-component---NewSite--addressDetailDetailsPartner-inner\"]"}
RESULT: {"using":"xpath","value":"//input[@id=\"application-managesites-display-component---NewSite--addressDetailDetailsPartner-inner\"]"}
COMMAND: POST /session/f9c35cb0f654fe0671c8af76f3348fe1/execute/async - {"script":"<script> [1562 bytes]","args":[{"selector":{"controlType":"sap.m.Button","viewName":"etm.portal.ui.managesites.view.NewSmartSite","viewId":"application-managesites-display-component---NewSite","properties":{"text":"Commercial"},"interaction":{"idSuffix":"BDI-content"}},"wdio_ui5_key":"etmportal.ui.managesites.view.NewSmartSitesap.m.Button{\"text\":\"Commercial\"}"}]}
RESULT: {"script":"<script> [1562 bytes]","args":[{"selector":{"controlType":"sap.m.Button","viewName":"etm.portal.ui.managesites.view.NewSmartSite","viewId":"application-managesites-display-component---NewSite","properties":{"text":"Commercial"},"interaction":{"idSuffix":"BDI-content"}},"wdio_ui5_key":"etmportal.ui.managesites.view.NewSmartSitesap.m.Button{\"text\":\"Commercial\"}"}]}
RESULT: undefined
COMMAND: POST /session/f9c35cb0f654fe0671c8af76f3348fe1/element - {"using":"xpath","value":"//*[@id=\"application-managesites-display-component---NewSite--ObjectPageLayout-anchBar-__section5-anchor\"]"}
RESULT: {"using":"xpath","value":"//*[@id=\"application-managesites-display-component---NewSite--ObjectPageLayout-anchBar-__section5-anchor\"]"}
COMMAND: POST /session/f9c35cb0f654fe0671c8af76f3348fe1/element/f.BE4AEF3124ECB576A082C674F7474D70.d.31D9CA1C004D767F8C0ACB40BABF54A6.e.1634/click - {}
RESULT: {}
COMMAND: POST /session/f9c35cb0f654fe0671c8af76f3348fe1/execute/async - {"script":"<script> [1562 bytes]","args":[{"selector":{"controlType":"sap.m.Button","viewName":"etm.portal.ui.managesites.view.NewSmartSite","viewId":"application-managesites-display-component---NewSite","i18NText":{"propertyName":"text","key":"save"},"interaction":{"idSuffix":"BDI-content"}},"wdio_ui5_key":"etmportal.ui.managesites.view.NewSmartSitesap.m.Button{\"propertyName\":\"text\",\"key\":\"save\"}"}]}
COMMAND: GET /session/f9c35cb0f654fe0671c8af76f3348fe1/screenshot - {}
RESULT: {"script":"<script> [1562 bytes]","args":[{"selector":{"controlType":"sap.m.Button","viewName":"etm.portal.ui.managesites.view.NewSmartSite","viewId":"application-managesites-display-component---NewSite","i18NText":{"propertyName":"text","key":"save"},"interaction":{"idSuffix":"BDI-content"}},"wdio_ui5_key":"etmportal.ui.managesites.view.NewSmartSitesap.m.Button{\"propertyName\":\"text\",\"key\":\"save\"}"}]}
RESULT: undefined
COMMAND: POST /session/f9c35cb0f654fe0671c8af76f3348fe1/element - {"using":"xpath","value":"//*[@id=\"__button16\"]"}
RESULT: {}
RESULT: {"using":"xpath","value":"//*[@id=\"__button16\"]"}
COMMAND: POST /session/f9c35cb0f654fe0671c8af76f3348fe1/element/f.BE4AEF3124ECB576A082C674F7474D70.d.31D9CA1C004D767F8C0ACB40BABF54A6.e.1598/click - {}
RESULT: {}
COMMAND: GET /session/f9c35cb0f654fe0671c8af76f3348fe1/screenshot - {}
RESULT: {}
COMMAND: POST /session/f9c35cb0f654fe0671c8af76f3348fe1/execute/async - {"script":"<script> [1562 bytes]","args":[{"selector":{"id":"application-managesites-display-component---detailSite--addressDetailDetailsYardText"},"wdio_ui5_key":"applicationmanagesites-display-component---detailSite--addressDetailDetailsYardText"}]}
RESULT: {"script":"<script> [1562 bytes]","args":[{"selector":{"id":"application-managesites-display-component---detailSite--addressDetailDetailsYardText"},"wdio_ui5_key":"applicationmanagesites-display-component---detailSite--addressDetailDetailsYardText"}]}
RESULT: undefined
COMMAND: POST /session/f9c35cb0f654fe0671c8af76f3348fe1/element - {"using":"xpath","value":"//header/div/div[2]/div[2]/span"}
RESULT: {"using":"xpath","value":"//header/div/div[2]/div[2]/span"}
COMMAND: GET /session/f9c35cb0f654fe0671c8af76f3348fe1/element/f.BE4AEF3124ECB576A082C674F7474D70.d.31D9CA1C004D767F8C0ACB40BABF54A6.e.1838/text - {}
RESULT: {}
COMMAND: POST /session/f9c35cb0f654fe0671c8af76f3348fe1/element - {"using":"xpath","value":"//header/div/div/div/div/div/div[2]/div/span"}
RESULT: {"using":"xpath","value":"//header/div/div/div/div/div/div[2]/div/span"}
COMMAND: GET /session/f9c35cb0f654fe0671c8af76f3348fe1/element/f.BE4AEF3124ECB576A082C674F7474D70.d.31D9CA1C004D767F8C0ACB40BABF54A6.e.1839/text - {}
RESULT: {}
COMMAND: POST /session/f9c35cb0f654fe0671c8af76f3348fe1/element - {"using":"css selector","value":"#shell-header-logo"}
RESULT: {"using":"css selector","value":"#shell-header-logo"}
COMMAND: POST /session/f9c35cb0f654fe0671c8af76f3348fe1/element/f.BE4AEF3124ECB576A082C674F7474D70.d.31D9CA1C004D767F8C0ACB40BABF54A6.e.1181/click - {}
RESULT: {}
COMMAND: GET /session/f9c35cb0f654fe0671c8af76f3348fe1/screenshot - {}
RESULT: {}
COMMAND: POST /session/f9c35cb0f654fe0671c8af76f3348fe1/execute/async - {"script":"<script> [1562 bytes]","args":[{"selector":{"controlType":"sap.m.GenericTile","properties":{"header":"Manage Partners"}},"wdio_ui5_key":"sapm.GenericTile{\"header\":\"Manage Partners\"}"}]}
RESULT: {"script":"<script> [1562 bytes]","args":[{"selector":{"controlType":"sap.m.GenericTile","properties":{"header":"Manage Partners"}},"wdio_ui5_key":"sapm.GenericTile{\"header\":\"Manage Partners\"}"}]}
RESULT: undefined
COMMAND: POST /session/f9c35cb0f654fe0671c8af76f3348fe1/element - {"using":"xpath","value":"//*[@id=\"__tile38\"]"}
RESULT: {"using":"xpath","value":"//*[@id=\"__tile38\"]"}
COMMAND: POST /session/f9c35cb0f654fe0671c8af76f3348fe1/element/f.BE4AEF3124ECB576A082C674F7474D70.d.31D9CA1C004D767F8C0ACB40BABF54A6.e.1841/click - {}
RESULT: {}
COMMAND: GET /session/f9c35cb0f654fe0671c8af76f3348fe1/screenshot - {}
RESULT: {}
COMMAND: POST /session/f9c35cb0f654fe0671c8af76f3348fe1/execute/async - {"script":"<script> [1562 bytes]","args":[{"selector":{"controlType":"sap.ui.core.Icon","viewName":"etm.portal.ui.managepartners.view.Master","viewId":"application-managepartners-display-component---masterPtm","properties":{"src":{"regex":{"source":"add"}}}},"wdio_ui5_key":"etmportal.ui.managepartners.view.Mastersap.ui.core.Icon{\"src\":{\"regex\":{\"source\":\"add\"}}}"}]}
RESULT: {"script":"<script> [1562 bytes]","args":[{"selector":{"controlType":"sap.ui.core.Icon","viewName":"etm.portal.ui.managepartners.view.Master","viewId":"application-managepartners-display-component---masterPtm","properties":{"src":{"regex":{"source":"add"}}}},"wdio_ui5_key":"etmportal.ui.managepartners.view.Mastersap.ui.core.Icon{\"src\":{\"regex\":{\"source\":\"add\"}}}"}]}
RESULT: undefined
COMMAND: POST /session/f9c35cb0f654fe0671c8af76f3348fe1/element - {"using":"xpath","value":"//*[@id=\"__button60-img\"]"}
RESULT: {"using":"xpath","value":"//*[@id=\"__button60-img\"]"}
COMMAND: POST /session/f9c35cb0f654fe0671c8af76f3348fe1/element/f.BE4AEF3124ECB576A082C674F7474D70.d.31D9CA1C004D767F8C0ACB40BABF54A6.e.1891/click - {}
RESULT: {}
COMMAND: GET /session/f9c35cb0f654fe0671c8af76f3348fe1/screenshot - {}
COMMAND: POST /session/f9c35cb0f654fe0671c8af76f3348fe1/execute/async - {"script":"<script> [1562 bytes]","args":[{"selector":{"id":"application-managepartners-display-component---NewPartner--partnerId","interaction":{"idSuffix":"inner"}},"wdio_ui5_key":"applicationmanagepartners-display-component---NewPartner--partnerId"}]}
RESULT: {}
RESULT: {"script":"<script> [1562 bytes]","args":[{"selector":{"id":"application-managepartners-display-component---NewPartner--partnerId","interaction":{"idSuffix":"inner"}},"wdio_ui5_key":"applicationmanagepartners-display-component---NewPartner--partnerId"}]}
RESULT: undefined
COMMAND: POST /session/f9c35cb0f654fe0671c8af76f3348fe1/execute/async - {"script":"<script> [1562 bytes]","args":[{"selector":{"id":"application-managepartners-display-component---NewPartner--addressDetailDetailsName1","interaction":{"idSuffix":"inner"}},"wdio_ui5_key":"applicationmanagepartners-display-component---NewPartner--addressDetailDetailsName1"}]}
RESULT: {"script":"<script> [1562 bytes]","args":[{"selector":{"id":"application-managepartners-display-component---NewPartner--addressDetailDetailsName1","interaction":{"idSuffix":"inner"}},"wdio_ui5_key":"applicationmanagepartners-display-component---NewPartner--addressDetailDetailsName1"}]}
RESULT: undefined
COMMAND: POST /session/f9c35cb0f654fe0671c8af76f3348fe1/execute/async - {"script":"<script> [776 bytes]","args":[{"enterText":"WebdriverPartnerury0qf","selector":{"id":"application-managepartners-display-component---NewPartner--addressDetailDetailsName1","interaction":{"idSuffix":"inner"}},"clearTextFirst":true,"interactionType":"ENTER_TEXT"}]}
RESULT: {"script":"<script> [776 bytes]","args":[{"enterText":"WebdriverPartnerury0qf","selector":{"id":"application-managepartners-display-component---NewPartner--addressDetailDetailsName1","interaction":{"idSuffix":"inner"}},"clearTextFirst":true,"interactionType":"ENTER_TEXT"}]}
COMMAND: POST /session/f9c35cb0f654fe0671c8af76f3348fe1/execute/async - {"script":"<script> [1562 bytes]","args":[{"selector":{"id":"application-managepartners-display-component---NewPartner--addressDetailDetailsLanguage","interaction":{"idSuffix":"inner"}},"wdio_ui5_key":"applicationmanagepartners-display-component---NewPartner--addressDetailDetailsLanguage"}]}
RESULT: {"script":"<script> [1562 bytes]","args":[{"selector":{"id":"application-managepartners-display-component---NewPartner--addressDetailDetailsLanguage","interaction":{"idSuffix":"inner"}},"wdio_ui5_key":"applicationmanagepartners-display-component---NewPartner--addressDetailDetailsLanguage"}]}
RESULT: undefined
COMMAND: POST /session/f9c35cb0f654fe0671c8af76f3348fe1/execute/async - {"script":"<script> [776 bytes]","args":[{"enterText":"Romanian","selector":{"id":"application-managepartners-display-component---NewPartner--addressDetailDetailsLanguage","interaction":{"idSuffix":"inner"}},"clearTextFirst":true,"interactionType":"ENTER_TEXT"}]}
RESULT: {"script":"<script> [776 bytes]","args":[{"enterText":"Romanian","selector":{"id":"application-managepartners-display-component---NewPartner--addressDetailDetailsLanguage","interaction":{"idSuffix":"inner"}},"clearTextFirst":true,"interactionType":"ENTER_TEXT"}]}
COMMAND: POST /session/f9c35cb0f654fe0671c8af76f3348fe1/element - {"using":"xpath","value":"//input[contains(@id ,\"application-managepartners-display-component---NewPartner--addressDetailDetailsName1-inner\")]"}
RESULT: {"using":"xpath","value":"//input[contains(@id ,\"application-managepartners-display-component---NewPartner--addressDetailDetailsName1-inner\")]"}
COMMAND: GET /session/f9c35cb0f654fe0671c8af76f3348fe1/element/f.BE4AEF3124ECB576A082C674F7474D70.d.31D9CA1C004D767F8C0ACB40BABF54A6.e.2109/property/value - {}
RESULT: {}
COMMAND: POST /session/f9c35cb0f654fe0671c8af76f3348fe1/execute/async - {"script":"<script> [1562 bytes]","args":[{"selector":{"id":"application-managepartners-display-component---NewPartner--addressDetailDetailsCity1","interaction":{"idSuffix":"inner"}},"wdio_ui5_key":"applicationmanagepartners-display-component---NewPartner--addressDetailDetailsCity1"}]}
COMMAND: GET /session/f9c35cb0f654fe0671c8af76f3348fe1/screenshot - {}
RESULT: {"script":"<script> [1562 bytes]","args":[{"selector":{"id":"application-managepartners-display-component---NewPartner--addressDetailDetailsCity1","interaction":{"idSuffix":"inner"}},"wdio_ui5_key":"applicationmanagepartners-display-component---NewPartner--addressDetailDetailsCity1"}]}
RESULT: undefined
COMMAND: POST /session/f9c35cb0f654fe0671c8af76f3348fe1/execute/async - {"script":"<script> [776 bytes]","args":[{"enterText":"Bucharest","selector":{"id":"application-managepartners-display-component---NewPartner--addressDetailDetailsCity1","interaction":{"idSuffix":"inner"}},"clearTextFirst":true,"interactionType":"ENTER_TEXT"}]}
RESULT: {}
RESULT: {"script":"<script> [776 bytes]","args":[{"enterText":"Bucharest","selector":{"id":"application-managepartners-display-component---NewPartner--addressDetailDetailsCity1","interaction":{"idSuffix":"inner"}},"clearTextFirst":true,"interactionType":"ENTER_TEXT"}]}
COMMAND: POST /session/f9c35cb0f654fe0671c8af76f3348fe1/execute/async - {"script":"<script> [1562 bytes]","args":[{"selector":{"id":"application-managepartners-display-component---NewPartner--addressDetailDetailsCountry","interaction":{"idSuffix":"inner"}},"wdio_ui5_key":"applicationmanagepartners-display-component---NewPartner--addressDetailDetailsCountry"}]}
RESULT: {"script":"<script> [1562 bytes]","args":[{"selector":{"id":"application-managepartners-display-component---NewPartner--addressDetailDetailsCountry","interaction":{"idSuffix":"inner"}},"wdio_ui5_key":"applicationmanagepartners-display-component---NewPartner--addressDetailDetailsCountry"}]}
RESULT: undefined
COMMAND: POST /session/f9c35cb0f654fe0671c8af76f3348fe1/execute/async - {"script":"<script> [6424 bytes]","args":[{"element-6066-11e4-a52e-4f735466cecf":"f.BE4AEF3124ECB576A082C674F7474D70.d.31D9CA1C004D767F8C0ACB40BABF54A6.e.2116"},"setValue",["Romania"]]}
RESULT: {"script":"<script> [6424 bytes]","args":[{"element-6066-11e4-a52e-4f735466cecf":"f.BE4AEF3124ECB576A082C674F7474D70.d.31D9CA1C004D767F8C0ACB40BABF54A6.e.2116"},"setValue",["Romania"]]}
COMMAND: POST /session/f9c35cb0f654fe0671c8af76f3348fe1/execute/async - {"script":"<script> [1562 bytes]","args":[{"selector":{"id":"application-managepartners-display-component---NewPartner--partnerDetailInternal","interaction":{"idSuffix":"inner"}},"wdio_ui5_key":"applicationmanagepartners-display-component---NewPartner--partnerDetailInternal"}]}
RESULT: {"script":"<script> [1562 bytes]","args":[{"selector":{"id":"application-managepartners-display-component---NewPartner--partnerDetailInternal","interaction":{"idSuffix":"inner"}},"wdio_ui5_key":"applicationmanagepartners-display-component---NewPartner--partnerDetailInternal"}]}
RESULT: undefined
COMMAND: POST /session/f9c35cb0f654fe0671c8af76f3348fe1/execute/async - {"script":"<script> [776 bytes]","args":[{"enterText":"External partner","selector":{"id":"application-managepartners-display-component---NewPartner--partnerDetailInternal","interaction":{"idSuffix":"inner"}},"clearTextFirst":true,"interactionType":"ENTER_TEXT"}]}
RESULT: {"script":"<script> [776 bytes]","args":[{"enterText":"External partner","selector":{"id":"application-managepartners-display-component---NewPartner--partnerDetailInternal","interaction":{"idSuffix":"inner"}},"clearTextFirst":true,"interactionType":"ENTER_TEXT"}]}
COMMAND: POST /session/f9c35cb0f654fe0671c8af76f3348fe1/execute/async - {"script":"<script> [1562 bytes]","args":[{"selector":{"id":"application-managepartners-display-component---NewPartner--partnerDetailsCurrency","interaction":{"idSuffix":"inner"}},"wdio_ui5_key":"applicationmanagepartners-display-component---NewPartner--partnerDetailsCurrency"}]}
RESULT: {"script":"<script> [1562 bytes]","args":[{"selector":{"id":"application-managepartners-display-component---NewPartner--partnerDetailsCurrency","interaction":{"idSuffix":"inner"}},"wdio_ui5_key":"applicationmanagepartners-display-component---NewPartner--partnerDetailsCurrency"}]}
RESULT: undefined
COMMAND: POST /session/f9c35cb0f654fe0671c8af76f3348fe1/execute/async - {"script":"<script> [776 bytes]","args":[{"enterText":"Euro","selector":{"id":"application-managepartners-display-component---NewPartner--partnerDetailsCurrency","interaction":{"idSuffix":"inner"}},"clearTextFirst":true,"interactionType":"ENTER_TEXT"}]}
RESULT: {"script":"<script> [776 bytes]","args":[{"enterText":"Euro","selector":{"id":"application-managepartners-display-component---NewPartner--partnerDetailsCurrency","interaction":{"idSuffix":"inner"}},"clearTextFirst":true,"interactionType":"ENTER_TEXT"}]}
COMMAND: POST /session/f9c35cb0f654fe0671c8af76f3348fe1/execute/async - {"script":"<script> [1562 bytes]","args":[{"selector":{"controlType":"sap.m.Button","viewName":"etm.portal.ui.managepartners.view.NewPartner","viewId":"application-managepartners-display-component---NewPartner","properties":{"text":"Commercial"},"interaction":{"idSuffix":"BDI-content"}},"wdio_ui5_key":"etmportal.ui.managepartners.view.NewPartnersap.m.Button{\"text\":\"Commercial\"}"}]}
RESULT: {"script":"<script> [1562 bytes]","args":[{"selector":{"controlType":"sap.m.Button","viewName":"etm.portal.ui.managepartners.view.NewPartner","viewId":"application-managepartners-display-component---NewPartner","properties":{"text":"Commercial"},"interaction":{"idSuffix":"BDI-content"}},"wdio_ui5_key":"etmportal.ui.managepartners.view.NewPartnersap.m.Button{\"text\":\"Commercial\"}"}]}
RESULT: undefined
COMMAND: POST /session/f9c35cb0f654fe0671c8af76f3348fe1/element - {"using":"xpath","value":"//*[@id=\"application-managepartners-display-component---NewPartner--ObjectPageLayout-anchBar-__section29-anchor\"]"}
RESULT: {"using":"xpath","value":"//*[@id=\"application-managepartners-display-component---NewPartner--ObjectPageLayout-anchBar-__section29-anchor\"]"}
COMMAND: POST /session/f9c35cb0f654fe0671c8af76f3348fe1/element/f.BE4AEF3124ECB576A082C674F7474D70.d.31D9CA1C004D767F8C0ACB40BABF54A6.e.2313/click - {}
RESULT: {}
COMMAND: GET /session/f9c35cb0f654fe0671c8af76f3348fe1/screenshot - {}
RESULT: {}
COMMAND: POST /session/f9c35cb0f654fe0671c8af76f3348fe1/execute/async - {"script":"<script> [1562 bytes]","args":[{"selector":{"id":"application-managepartners-display-component---NewPartner--btnAddTableRow-img"},"wdio_ui5_key":"applicationmanagepartners-display-component---NewPartner--btnAddTableRow-img"}]}
RESULT: {"script":"<script> [1562 bytes]","args":[{"selector":{"id":"application-managepartners-display-component---NewPartner--btnAddTableRow-img"},"wdio_ui5_key":"applicationmanagepartners-display-component---NewPartner--btnAddTableRow-img"}]}
RESULT: undefined
COMMAND: POST /session/f9c35cb0f654fe0671c8af76f3348fe1/element - {"using":"xpath","value":"//*[@id=\"application-managepartners-display-component---NewPartner--btnAddTableRow-img\"]"}
RESULT: {"using":"xpath","value":"//*[@id=\"application-managepartners-display-component---NewPartner--btnAddTableRow-img\"]"}
COMMAND: POST /session/f9c35cb0f654fe0671c8af76f3348fe1/element/f.BE4AEF3124ECB576A082C674F7474D70.d.31D9CA1C004D767F8C0ACB40BABF54A6.e.2319/click - {}
RESULT: {}
COMMAND: POST /session/f9c35cb0f654fe0671c8af76f3348fe1/element - {"using":"xpath","value":"//input[contains(@id ,\"application-managepartners-display-component---NewPartner--assignmentYard-application-managepartners-display-component---NewPartner\")]"}
COMMAND: GET /session/f9c35cb0f654fe0671c8af76f3348fe1/screenshot - {}
RESULT: {"using":"xpath","value":"//input[contains(@id ,\"application-managepartners-display-component---NewPartner--assignmentYard-application-managepartners-display-component---NewPartner\")]"}
COMMAND: POST /session/f9c35cb0f654fe0671c8af76f3348fe1/element/f.BE4AEF3124ECB576A082C674F7474D70.d.31D9CA1C004D767F8C0ACB40BABF54A6.e.2324/clear - {}
RESULT: {}
RESULT: {}
COMMAND: POST /session/f9c35cb0f654fe0671c8af76f3348fe1/element/f.BE4AEF3124ECB576A082C674F7474D70.d.31D9CA1C004D767F8C0ACB40BABF54A6.e.2324/value - {"text":"633"}
COMMAND: GET /session/f9c35cb0f654fe0671c8af76f3348fe1/screenshot - {}
RESULT: {"text":"633"}
COMMAND: GET /session/f9c35cb0f654fe0671c8af76f3348fe1/screenshot - {}
RESULT: {}
RESULT: {}
COMMAND: POST /session/f9c35cb0f654fe0671c8af76f3348fe1/execute/async - {"script":"<script> [1562 bytes]","args":[{"selector":{"controlType":"sap.m.Button","viewName":"etm.portal.ui.managepartners.view.NewPartner","viewId":"application-managepartners-display-component---NewPartner","i18NText":{"propertyName":"text","key":"save"},"interaction":{"idSuffix":"BDI-content"}},"wdio_ui5_key":"etmportal.ui.managepartners.view.NewPartnersap.m.Button{\"propertyName\":\"text\",\"key\":\"save\"}"}]}
RESULT: {"script":"<script> [1562 bytes]","args":[{"selector":{"controlType":"sap.m.Button","viewName":"etm.portal.ui.managepartners.view.NewPartner","viewId":"application-managepartners-display-component---NewPartner","i18NText":{"propertyName":"text","key":"save"},"interaction":{"idSuffix":"BDI-content"}},"wdio_ui5_key":"etmportal.ui.managepartners.view.NewPartnersap.m.Button{\"propertyName\":\"text\",\"key\":\"save\"}"}]}
RESULT: undefined
COMMAND: POST /session/f9c35cb0f654fe0671c8af76f3348fe1/element - {"using":"xpath","value":"//*[@id=\"__button68\"]"}
RESULT: {"using":"xpath","value":"//*[@id=\"__button68\"]"}
COMMAND: POST /session/f9c35cb0f654fe0671c8af76f3348fe1/element/f.BE4AEF3124ECB576A082C674F7474D70.d.31D9CA1C004D767F8C0ACB40BABF54A6.e.2284/click - {}
RESULT: {}
COMMAND: GET /session/f9c35cb0f654fe0671c8af76f3348fe1/screenshot - {}
RESULT: {}
COMMAND: POST /session/f9c35cb0f654fe0671c8af76f3348fe1/element - {"using":"xpath","value":"//header/div/div[2]/div[2]/span"}
RESULT: {"using":"xpath","value":"//header/div/div[2]/div[2]/span"}
COMMAND: GET /session/f9c35cb0f654fe0671c8af76f3348fe1/element/f.BE4AEF3124ECB576A082C674F7474D70.d.31D9CA1C004D767F8C0ACB40BABF54A6.e.2498/text - {}
RESULT: {}
COMMAND: POST /session/f9c35cb0f654fe0671c8af76f3348fe1/element - {"using":"xpath","value":"//header/div/div/div/div/div/div[2]/div/span"}
RESULT: {"using":"xpath","value":"//header/div/div/div/div/div/div[2]/div/span"}
COMMAND: GET /session/f9c35cb0f654fe0671c8af76f3348fe1/element/f.BE4AEF3124ECB576A082C674F7474D70.d.31D9CA1C004D767F8C0ACB40BABF54A6.e.2499/text - {}
RESULT: {}
COMMAND: POST /session/f9c35cb0f654fe0671c8af76f3348fe1/execute/async - {"script":"<script> [1562 bytes]","args":[{"selector":{"id":"application-managepartners-display-component---detailPtm--partnerType"},"wdio_ui5_key":"applicationmanagepartners-display-component---detailPtm--partnerType"}]}
RESULT: {"script":"<script> [1562 bytes]","args":[{"selector":{"id":"application-managepartners-display-component---detailPtm--partnerType"},"wdio_ui5_key":"applicationmanagepartners-display-component---detailPtm--partnerType"}]}
RESULT: undefined
COMMAND: POST /session/f9c35cb0f654fe0671c8af76f3348fe1/execute/async - {"script":"<script> [6424 bytes]","args":[{"element-6066-11e4-a52e-4f735466cecf":"f.BE4AEF3124ECB576A082C674F7474D70.d.31D9CA1C004D767F8C0ACB40BABF54A6.e.2500"},"getText",[]]}
RESULT: {"script":"<script> [6424 bytes]","args":[{"element-6066-11e4-a52e-4f735466cecf":"f.BE4AEF3124ECB576A082C674F7474D70.d.31D9CA1C004D767F8C0ACB40BABF54A6.e.2500"},"getText",[]]}
COMMAND: POST /session/f9c35cb0f654fe0671c8af76f3348fe1/element - {"using":"css selector","value":"#shell-header-logo"}
RESULT: {"using":"css selector","value":"#shell-header-logo"}
COMMAND: POST /session/f9c35cb0f654fe0671c8af76f3348fe1/element/f.BE4AEF3124ECB576A082C674F7474D70.d.31D9CA1C004D767F8C0ACB40BABF54A6.e.1843/click - {}
RESULT: {}
COMMAND: GET /session/f9c35cb0f654fe0671c8af76f3348fe1/screenshot - {}
RESULT: {}
]]></system-out>
    </testcase>
    <testcase classname="chrome.135_0_7049_115.windows.Webshop_-_Hyperlinks_visible_and_working_properly__US139085" name="Should create a new contract" time="113.184">
      <system-out><![CDATA[
COMMAND: POST /session/f9c35cb0f654fe0671c8af76f3348fe1/execute/async - {"script":"<script> [1562 bytes]","args":[{"selector":{"controlType":"sap.m.Text","viewName":"etm.portal.ui.managecontractstile.view.Master","properties":{"text":"Manage Contracts"},"interaction":{"idSuffix":"inner"}},"wdio_ui5_key":"etmportal.ui.managecontractstile.view.Mastersap.m.Text{\"text\":\"Manage Contracts\"}"}]}
RESULT: {"script":"<script> [1562 bytes]","args":[{"selector":{"controlType":"sap.m.Text","viewName":"etm.portal.ui.managecontractstile.view.Master","properties":{"text":"Manage Contracts"},"interaction":{"idSuffix":"inner"}},"wdio_ui5_key":"etmportal.ui.managecontractstile.view.Mastersap.m.Text{\"text\":\"Manage Contracts\"}"}]}
RESULT: undefined
COMMAND: POST /session/f9c35cb0f654fe0671c8af76f3348fe1/element - {"using":"xpath","value":"//*[@id=\"__tile130-title\"]"}
RESULT: {"using":"xpath","value":"//*[@id=\"__tile130-title\"]"}
COMMAND: POST /session/f9c35cb0f654fe0671c8af76f3348fe1/element/f.BE4AEF3124ECB576A082C674F7474D70.d.31D9CA1C004D767F8C0ACB40BABF54A6.e.2503/click - {}
RESULT: {}
COMMAND: GET /session/f9c35cb0f654fe0671c8af76f3348fe1/screenshot - {}
RESULT: {}
COMMAND: POST /session/f9c35cb0f654fe0671c8af76f3348fe1/element - {"using":"xpath","value":"//button[@data-kt=\"addButton\"]"}
RESULT: {"using":"xpath","value":"//button[@data-kt=\"addButton\"]"}
COMMAND: POST /session/f9c35cb0f654fe0671c8af76f3348fe1/element/f.BE4AEF3124ECB576A082C674F7474D70.d.31D9CA1C004D767F8C0ACB40BABF54A6.e.2545/click - {}
RESULT: {}
COMMAND: GET /session/f9c35cb0f654fe0671c8af76f3348fe1/screenshot - {}
COMMAND: POST /session/f9c35cb0f654fe0671c8af76f3348fe1/execute/async - {"script":"<script> [1562 bytes]","args":[{"selector":{"id":"application-managecontracts-display-component---AddNewContract--projectDescription","interaction":{"idSuffix":"inner"}},"wdio_ui5_key":"applicationmanagecontracts-display-component---AddNewContract--projectDescription"}]}
RESULT: {}
RESULT: {"script":"<script> [1562 bytes]","args":[{"selector":{"id":"application-managecontracts-display-component---AddNewContract--projectDescription","interaction":{"idSuffix":"inner"}},"wdio_ui5_key":"applicationmanagecontracts-display-component---AddNewContract--projectDescription"}]}
RESULT: undefined
COMMAND: POST /session/f9c35cb0f654fe0671c8af76f3348fe1/execute/async - {"script":"<script> [776 bytes]","args":[{"enterText":"WdIOR2csn80r","selector":{"id":"application-managecontracts-display-component---AddNewContract--projectDescription","interaction":{"idSuffix":"inner"}},"clearTextFirst":true,"interactionType":"ENTER_TEXT"}]}
RESULT: {"script":"<script> [776 bytes]","args":[{"enterText":"WdIOR2csn80r","selector":{"id":"application-managecontracts-display-component---AddNewContract--projectDescription","interaction":{"idSuffix":"inner"}},"clearTextFirst":true,"interactionType":"ENTER_TEXT"}]}
COMMAND: POST /session/f9c35cb0f654fe0671c8af76f3348fe1/element - {"using":"xpath","value":"//input[@id=\"application-managecontracts-display-component---AddNewContract--yardId-inner\"]"}
RESULT: {"using":"xpath","value":"//input[@id=\"application-managecontracts-display-component---AddNewContract--yardId-inner\"]"}
COMMAND: POST /session/f9c35cb0f654fe0671c8af76f3348fe1/element/f.BE4AEF3124ECB576A082C674F7474D70.d.31D9CA1C004D767F8C0ACB40BABF54A6.e.2838/clear - {}
RESULT: {}
COMMAND: POST /session/f9c35cb0f654fe0671c8af76f3348fe1/element/f.BE4AEF3124ECB576A082C674F7474D70.d.31D9CA1C004D767F8C0ACB40BABF54A6.e.2838/value - {"text":"WebdriverYard7n4im"}
COMMAND: GET /session/f9c35cb0f654fe0671c8af76f3348fe1/screenshot - {}
RESULT: {}
RESULT: {"text":"WebdriverYard7n4im"}
COMMAND: GET /session/f9c35cb0f654fe0671c8af76f3348fe1/screenshot - {}
RESULT: {}
COMMAND: POST /session/f9c35cb0f654fe0671c8af76f3348fe1/actions - {"actions":[{"id":"action5","type":"key","parameters":{},"actions":[{"type":"keyDown","value":"î€‡"},{"type":"pause","duration":10},{"type":"keyUp","value":"î€‡"}]}]}
RESULT: {"actions":[{"id":"action5","type":"key","parameters":{},"actions":[{"type":"keyDown","value":"î€‡"},{"type":"pause","duration":10},{"type":"keyUp","value":"î€‡"}]}]}
COMMAND: GET /session/f9c35cb0f654fe0671c8af76f3348fe1/screenshot - {}
RESULT: {}
COMMAND: POST /session/f9c35cb0f654fe0671c8af76f3348fe1/element - {"using":"xpath","value":"//input[@id=\"application-managecontracts-display-component---AddNewContract--customerSelect-inner\"]"}
RESULT: {"using":"xpath","value":"//input[@id=\"application-managecontracts-display-component---AddNewContract--customerSelect-inner\"]"}
COMMAND: POST /session/f9c35cb0f654fe0671c8af76f3348fe1/element/f.BE4AEF3124ECB576A082C674F7474D70.d.31D9CA1C004D767F8C0ACB40BABF54A6.e.2836/clear - {}
RESULT: {}
COMMAND: POST /session/f9c35cb0f654fe0671c8af76f3348fe1/element/f.BE4AEF3124ECB576A082C674F7474D70.d.31D9CA1C004D767F8C0ACB40BABF54A6.e.2836/value - {"text":"WebdriverPartnerury0qf"}
COMMAND: GET /session/f9c35cb0f654fe0671c8af76f3348fe1/screenshot - {}
RESULT: {"text":"WebdriverPartnerury0qf"}
COMMAND: GET /session/f9c35cb0f654fe0671c8af76f3348fe1/screenshot - {}
RESULT: {}
RESULT: {}
COMMAND: POST /session/f9c35cb0f654fe0671c8af76f3348fe1/actions - {"actions":[{"id":"action6","type":"key","parameters":{},"actions":[{"type":"keyDown","value":"î€‡"},{"type":"pause","duration":10},{"type":"keyUp","value":"î€‡"}]}]}
RESULT: {"actions":[{"id":"action6","type":"key","parameters":{},"actions":[{"type":"keyDown","value":"î€‡"},{"type":"pause","duration":10},{"type":"keyUp","value":"î€‡"}]}]}
COMMAND: GET /session/f9c35cb0f654fe0671c8af76f3348fe1/screenshot - {}
RESULT: {}
COMMAND: POST /session/f9c35cb0f654fe0671c8af76f3348fe1/element - {"using":"xpath","value":"//input[@id=\"application-managecontracts-display-component---AddNewContract--site-inner\"]"}
RESULT: {"using":"xpath","value":"//input[@id=\"application-managecontracts-display-component---AddNewContract--site-inner\"]"}
COMMAND: POST /session/f9c35cb0f654fe0671c8af76f3348fe1/element/f.BE4AEF3124ECB576A082C674F7474D70.d.31D9CA1C004D767F8C0ACB40BABF54A6.e.2837/clear - {}
RESULT: {}
COMMAND: POST /session/f9c35cb0f654fe0671c8af76f3348fe1/element/f.BE4AEF3124ECB576A082C674F7474D70.d.31D9CA1C004D767F8C0ACB40BABF54A6.e.2837/value - {"text":"WebdriverSitel5gmg"}
COMMAND: GET /session/f9c35cb0f654fe0671c8af76f3348fe1/screenshot - {}
RESULT: {"text":"WebdriverSitel5gmg"}
COMMAND: GET /session/f9c35cb0f654fe0671c8af76f3348fe1/screenshot - {}
RESULT: {}
RESULT: {}
COMMAND: POST /session/f9c35cb0f654fe0671c8af76f3348fe1/actions - {"actions":[{"id":"action7","type":"key","parameters":{},"actions":[{"type":"keyDown","value":"î€‡"},{"type":"pause","duration":10},{"type":"keyUp","value":"î€‡"}]}]}
RESULT: {"actions":[{"id":"action7","type":"key","parameters":{},"actions":[{"type":"keyDown","value":"î€‡"},{"type":"pause","duration":10},{"type":"keyUp","value":"î€‡"}]}]}
COMMAND: GET /session/f9c35cb0f654fe0671c8af76f3348fe1/screenshot - {}
RESULT: {}
COMMAND: POST /session/f9c35cb0f654fe0671c8af76f3348fe1/element - {"using":"xpath","value":"//button[@data-kt=\"saveButton\"]"}
RESULT: {"using":"xpath","value":"//button[@data-kt=\"saveButton\"]"}
COMMAND: POST /session/f9c35cb0f654fe0671c8af76f3348fe1/element/f.BE4AEF3124ECB576A082C674F7474D70.d.31D9CA1C004D767F8C0ACB40BABF54A6.e.2853/click - {}
RESULT: {}
COMMAND: GET /session/f9c35cb0f654fe0671c8af76f3348fe1/screenshot - {}
RESULT: {}
COMMAND: POST /session/f9c35cb0f654fe0671c8af76f3348fe1/execute/async - {"script":"<script> [1562 bytes]","args":[{"selector":{"id":"contractDetailTitleNoExpanded","viewName":"etm.portal.ui.managecontracts.view.Detail"},"wdio_ui5_key":"contractDetailTitleNoExpandedetmportal.ui.managecontracts.view.Detail"}]}
RESULT: {"script":"<script> [1562 bytes]","args":[{"selector":{"id":"contractDetailTitleNoExpanded","viewName":"etm.portal.ui.managecontracts.view.Detail"},"wdio_ui5_key":"contractDetailTitleNoExpandedetmportal.ui.managecontracts.view.Detail"}]}
RESULT: undefined
COMMAND: POST /session/f9c35cb0f654fe0671c8af76f3348fe1/execute/async - {"script":"<script> [6424 bytes]","args":[{"element-6066-11e4-a52e-4f735466cecf":"f.BE4AEF3124ECB576A082C674F7474D70.d.31D9CA1C004D767F8C0ACB40BABF54A6.e.2934"},"getText",[]]}
RESULT: {"script":"<script> [6424 bytes]","args":[{"element-6066-11e4-a52e-4f735466cecf":"f.BE4AEF3124ECB576A082C674F7474D70.d.31D9CA1C004D767F8C0ACB40BABF54A6.e.2934"},"getText",[]]}
COMMAND: POST /session/f9c35cb0f654fe0671c8af76f3348fe1/element - {"using":"css selector","value":"#shell-header-logo"}
RESULT: {"using":"css selector","value":"#shell-header-logo"}
COMMAND: POST /session/f9c35cb0f654fe0671c8af76f3348fe1/element/f.BE4AEF3124ECB576A082C674F7474D70.d.31D9CA1C004D767F8C0ACB40BABF54A6.e.2506/click - {}
RESULT: {}
COMMAND: GET /session/f9c35cb0f654fe0671c8af76f3348fe1/screenshot - {}
RESULT: {}
]]></system-out>
    </testcase>
  </testsuite>
  <testsuite timestamp="2025-05-06T16:31:02" time="309.99" tests="1" failures="0" errors="0" skipped="0">
    <properties>
      <property name="specId" value="0" />
      <property name="suiteName" value="Webshop - Hyperlinks visible and working properly  US139085" />
      <property name="capabilities" value="chrome.135_0_7049_115.windows" />
      <property name="file" value="file:///D:/a/1/s/test/specs/R2C/webshop-hyperlinks-partner-address-contract-item.spec.js" />
    </properties>
    <testcase classname="chrome.135_0_7049_115.windows.Webshop_-_Hyperlinks_visible_and_working_properly__US139085" name="Should verify the customer address contract and catalog item hyperlinks" time="309.967">
      <system-out><![CDATA[
COMMAND: POST /session/f9c35cb0f654fe0671c8af76f3348fe1/element - {"using":"xpath","value":"//*[contains(@data-kt ,\"webshopDetailAddressLink\")]"}
RESULT: {}
COMMAND: POST /session/f9c35cb0f654fe0671c8af76f3348fe1/window - {"handle":"9E27DC5ACD997DE79C8654E4B51E3D48"}
RESULT: {}
RESULT: {}
RESULT: {}
RESULT: {"using":"xpath","value":"//*[contains(@data-kt ,\"webshopDetailAddressLink\")]"}
COMMAND: POST /session/f9c35cb0f654fe0671c8af76f3348fe1/execute/sync - {"script":"<script> [8489 bytes]","args":[{"element-6066-11e4-a52e-4f735466cecf":"f.BE4AEF3124ECB576A082C674F7474D70.d.31D9CA1C004D767F8C0ACB40BABF54A6.e.5209","ELEMENT":"f.BE4AEF3124ECB576A082C674F7474D70.d.31D9CA1C004D767F8C0ACB40BABF54A6.e.5209"}]}
RESULT: {"handle":"9E27DC5ACD997DE79C8654E4B51E3D48"}
COMMAND: GET /session/f9c35cb0f654fe0671c8af76f3348fe1/url - {}
RESULT: {"script":"<script> [8489 bytes]","args":[{"element-6066-11e4-a52e-4f735466cecf":"f.BE4AEF3124ECB576A082C674F7474D70.d.31D9CA1C004D767F8C0ACB40BABF54A6.e.5209","ELEMENT":"f.BE4AEF3124ECB576A082C674F7474D70.d.31D9CA1C004D767F8C0ACB40BABF54A6.e.5209"}]}
COMMAND: POST /session/f9c35cb0f654fe0671c8af76f3348fe1/execute/sync - {"script":"<script> [5351 bytes]","args":[{"element-6066-11e4-a52e-4f735466cecf":"f.BE4AEF3124ECB576A082C674F7474D70.d.31D9CA1C004D767F8C0ACB40BABF54A6.e.5209","ELEMENT":"f.BE4AEF3124ECB576A082C674F7474D70.d.31D9CA1C004D767F8C0ACB40BABF54A6.e.5209"}]}
COMMAND: GET /session/f9c35cb0f654fe0671c8af76f3348fe1/screenshot - {}
RESULT: {}
COMMAND: GET /session/f9c35cb0f654fe0671c8af76f3348fe1/screenshot - {}
COMMAND: POST /session/f9c35cb0f654fe0671c8af76f3348fe1/execute/sync - {"script":"<script> [8489 bytes]","args":[{"element-6066-11e4-a52e-4f735466cecf":"f.BE4AEF3124ECB576A082C674F7474D70.d.31D9CA1C004D767F8C0ACB40BABF54A6.e.4741","ELEMENT":"f.BE4AEF3124ECB576A082C674F7474D70.d.31D9CA1C004D767F8C0ACB40BABF54A6.e.4741"}]}
RESULT: {"script":"<script> [5351 bytes]","args":[{"element-6066-11e4-a52e-4f735466cecf":"f.BE4AEF3124ECB576A082C674F7474D70.d.31D9CA1C004D767F8C0ACB40BABF54A6.e.5209","ELEMENT":"f.BE4AEF3124ECB576A082C674F7474D70.d.31D9CA1C004D767F8C0ACB40BABF54A6.e.5209"}]}
COMMAND: GET /session/f9c35cb0f654fe0671c8af76f3348fe1/screenshot - {}
RESULT: {}
RESULT: {}
RESULT: {"script":"<script> [8489 bytes]","args":[{"element-6066-11e4-a52e-4f735466cecf":"f.BE4AEF3124ECB576A082C674F7474D70.d.31D9CA1C004D767F8C0ACB40BABF54A6.e.4741","ELEMENT":"f.BE4AEF3124ECB576A082C674F7474D70.d.31D9CA1C004D767F8C0ACB40BABF54A6.e.4741"}]}
RESULT: {}
COMMAND: GET /session/f9c35cb0f654fe0671c8af76f3348fe1/screenshot - {}
COMMAND: POST /session/f9c35cb0f654fe0671c8af76f3348fe1/execute/sync - {"script":"<script> [8489 bytes]","args":[{"element-6066-11e4-a52e-4f735466cecf":"f.BE4AEF3124ECB576A082C674F7474D70.d.31D9CA1C004D767F8C0ACB40BABF54A6.e.4741","ELEMENT":"f.BE4AEF3124ECB576A082C674F7474D70.d.31D9CA1C004D767F8C0ACB40BABF54A6.e.4741"}]}
RESULT: {}
RESULT: {"script":"<script> [8489 bytes]","args":[{"element-6066-11e4-a52e-4f735466cecf":"f.BE4AEF3124ECB576A082C674F7474D70.d.31D9CA1C004D767F8C0ACB40BABF54A6.e.4741","ELEMENT":"f.BE4AEF3124ECB576A082C674F7474D70.d.31D9CA1C004D767F8C0ACB40BABF54A6.e.4741"}]}
COMMAND: GET /session/f9c35cb0f654fe0671c8af76f3348fe1/screenshot - {}
RESULT: {}
COMMAND: POST /session/f9c35cb0f654fe0671c8af76f3348fe1/execute/sync - {"script":"<script> [8489 bytes]","args":[{"element-6066-11e4-a52e-4f735466cecf":"f.BE4AEF3124ECB576A082C674F7474D70.d.31D9CA1C004D767F8C0ACB40BABF54A6.e.4741","ELEMENT":"f.BE4AEF3124ECB576A082C674F7474D70.d.31D9CA1C004D767F8C0ACB40BABF54A6.e.4741"}]}
RESULT: {"script":"<script> [8489 bytes]","args":[{"element-6066-11e4-a52e-4f735466cecf":"f.BE4AEF3124ECB576A082C674F7474D70.d.31D9CA1C004D767F8C0ACB40BABF54A6.e.4741","ELEMENT":"f.BE4AEF3124ECB576A082C674F7474D70.d.31D9CA1C004D767F8C0ACB40BABF54A6.e.4741"}]}
COMMAND: GET /session/f9c35cb0f654fe0671c8af76f3348fe1/screenshot - {}
RESULT: {}
COMMAND: POST /session/f9c35cb0f654fe0671c8af76f3348fe1/execute/sync - {"script":"<script> [8489 bytes]","args":[{"element-6066-11e4-a52e-4f735466cecf":"f.BE4AEF3124ECB576A082C674F7474D70.d.31D9CA1C004D767F8C0ACB40BABF54A6.e.4741","ELEMENT":"f.BE4AEF3124ECB576A082C674F7474D70.d.31D9CA1C004D767F8C0ACB40BABF54A6.e.4741"}]}
RESULT: {"script":"<script> [8489 bytes]","args":[{"element-6066-11e4-a52e-4f735466cecf":"f.BE4AEF3124ECB576A082C674F7474D70.d.31D9CA1C004D767F8C0ACB40BABF54A6.e.4741","ELEMENT":"f.BE4AEF3124ECB576A082C674F7474D70.d.31D9CA1C004D767F8C0ACB40BABF54A6.e.4741"}]}
COMMAND: GET /session/f9c35cb0f654fe0671c8af76f3348fe1/screenshot - {}
RESULT: {}
COMMAND: POST /session/f9c35cb0f654fe0671c8af76f3348fe1/execute/sync - {"script":"<script> [8489 bytes]","args":[{"element-6066-11e4-a52e-4f735466cecf":"f.BE4AEF3124ECB576A082C674F7474D70.d.31D9CA1C004D767F8C0ACB40BABF54A6.e.4741","ELEMENT":"f.BE4AEF3124ECB576A082C674F7474D70.d.31D9CA1C004D767F8C0ACB40BABF54A6.e.4741"}]}
COMMAND: DELETE /session/f9c35cb0f654fe0671c8af76f3348fe1/window - {}
COMMAND: POST /session/f9c35cb0f654fe0671c8af76f3348fe1/element - {"using":"xpath","value":"//*[contains(@data-kt ,\"webshopDetailAddressLink\")]"}
RESULT: {"script":"<script> [8489 bytes]","args":[{"element-6066-11e4-a52e-4f735466cecf":"f.BE4AEF3124ECB576A082C674F7474D70.d.31D9CA1C004D767F8C0ACB40BABF54A6.e.4741","ELEMENT":"f.BE4AEF3124ECB576A082C674F7474D70.d.31D9CA1C004D767F8C0ACB40BABF54A6.e.4741"}]}
COMMAND: GET /session/f9c35cb0f654fe0671c8af76f3348fe1/screenshot - {}
COMMAND: POST /session/f9c35cb0f654fe0671c8af76f3348fe1/execute/sync - {"script":"<script> [8489 bytes]","args":[{"element-6066-11e4-a52e-4f735466cecf":"f.BE4AEF3124ECB576A082C674F7474D70.d.31D9CA1C004D767F8C0ACB40BABF54A6.e.4741","ELEMENT":"f.BE4AEF3124ECB576A082C674F7474D70.d.31D9CA1C004D767F8C0ACB40BABF54A6.e.4741"}]}
RESULT: {}
COMMAND: POST /session/f9c35cb0f654fe0671c8af76f3348fe1/window - {"handle":"BE4AEF3124ECB576A082C674F7474D70"}
RESULT: {"handle":"BE4AEF3124ECB576A082C674F7474D70"}
COMMAND: GET /session/f9c35cb0f654fe0671c8af76f3348fe1/url - {}
RESULT: {"using":"xpath","value":"//*[contains(@data-kt ,\"webshopDetailAddressLink\")]"}
COMMAND: POST /session/f9c35cb0f654fe0671c8af76f3348fe1/element/f.BE4AEF3124ECB576A082C674F7474D70.d.31D9CA1C004D767F8C0ACB40BABF54A6.e.5209/click - {}
COMMAND: POST /session/f9c35cb0f654fe0671c8af76f3348fe1/element - {"using":"xpath","value":"//span[contains(@id ,\"application-addressmanagement-display-component---detailAdm--addressDetailDetailsName1\")][contains(text(), \"WebdriverSitel5gmg\")]"}
RESULT: {}
RESULT: {}
COMMAND: GET /session/f9c35cb0f654fe0671c8af76f3348fe1/screenshot - {}
RESULT: {}
COMMAND: GET /session/f9c35cb0f654fe0671c8af76f3348fe1/screenshot - {}
RESULT: {"using":"xpath","value":"//span[contains(@id ,\"application-addressmanagement-display-component---detailAdm--addressDetailDetailsName1\")][contains(text(), \"WebdriverSitel5gmg\")]"}
COMMAND: POST /session/f9c35cb0f654fe0671c8af76f3348fe1/element - {"using":"xpath","value":"//span[contains(@id ,\"application-addressmanagement-display-component---detailAdm--addressDetailDetailsName1\")][contains(text(), \"WebdriverSitel5gmg\")]"}
RESULT: {}
RESULT: {}
RESULT: {"using":"xpath","value":"//span[contains(@id ,\"application-addressmanagement-display-component---detailAdm--addressDetailDetailsName1\")][contains(text(), \"WebdriverSitel5gmg\")]"}
COMMAND: POST /session/f9c35cb0f654fe0671c8af76f3348fe1/element - {"using":"xpath","value":"//span[contains(@id ,\"application-addressmanagement-display-component---detailAdm--addressDetailDetailsName1\")][contains(text(), \"WebdriverSitel5gmg\")]"}
RESULT: {"using":"xpath","value":"//span[contains(@id ,\"application-addressmanagement-display-component---detailAdm--addressDetailDetailsName1\")][contains(text(), \"WebdriverSitel5gmg\")]"}
COMMAND: POST /session/f9c35cb0f654fe0671c8af76f3348fe1/element - {"using":"xpath","value":"//span[contains(@id ,\"application-addressmanagement-display-component---detailAdm--addressDetailDetailsName1\")][contains(text(), \"WebdriverSitel5gmg\")]"}
RESULT: {"using":"xpath","value":"//span[contains(@id ,\"application-addressmanagement-display-component---detailAdm--addressDetailDetailsName1\")][contains(text(), \"WebdriverSitel5gmg\")]"}
COMMAND: POST /session/f9c35cb0f654fe0671c8af76f3348fe1/element - {"using":"xpath","value":"//*[contains(@data-kt ,\"ContextMenuId2Link\")][contains(text(), \"Address Overview\")]"}
RESULT: {"using":"xpath","value":"//*[contains(@data-kt ,\"ContextMenuId2Link\")][contains(text(), \"Address Overview\")]"}
COMMAND: POST /session/f9c35cb0f654fe0671c8af76f3348fe1/execute/sync - {"script":"<script> [8489 bytes]","args":[{"element-6066-11e4-a52e-4f735466cecf":"f.BE4AEF3124ECB576A082C674F7474D70.d.31D9CA1C004D767F8C0ACB40BABF54A6.e.5436","ELEMENT":"f.BE4AEF3124ECB576A082C674F7474D70.d.31D9CA1C004D767F8C0ACB40BABF54A6.e.5436"}]}
COMMAND: POST /session/f9c35cb0f654fe0671c8af76f3348fe1/element - {"using":"xpath","value":"//*[contains(@data-kt ,\"ContextMenuId2Link\")][contains(text(), \"Address Overview\")]"}
RESULT: {"script":"<script> [8489 bytes]","args":[{"element-6066-11e4-a52e-4f735466cecf":"f.BE4AEF3124ECB576A082C674F7474D70.d.31D9CA1C004D767F8C0ACB40BABF54A6.e.5436","ELEMENT":"f.BE4AEF3124ECB576A082C674F7474D70.d.31D9CA1C004D767F8C0ACB40BABF54A6.e.5436"}]}
COMMAND: GET /session/f9c35cb0f654fe0671c8af76f3348fe1/screenshot - {}
RESULT: {"using":"xpath","value":"//*[contains(@data-kt ,\"ContextMenuId2Link\")][contains(text(), \"Address Overview\")]"}
COMMAND: POST /session/f9c35cb0f654fe0671c8af76f3348fe1/element/f.BE4AEF3124ECB576A082C674F7474D70.d.31D9CA1C004D767F8C0ACB40BABF54A6.e.5436/click - {}
COMMAND: POST /session/f9c35cb0f654fe0671c8af76f3348fe1/element - {"using":"xpath","value":"//span[contains(@id ,\"application-addressmanagement-display-component---detailAdm--addressDetailDetailsName1\")][contains(text(), \"WebdriverSitel5gmg\")]"}
RESULT: {}
RESULT: {}
COMMAND: GET /session/f9c35cb0f654fe0671c8af76f3348fe1/screenshot - {}
RESULT: {"using":"xpath","value":"//span[contains(@id ,\"application-addressmanagement-display-component---detailAdm--addressDetailDetailsName1\")][contains(text(), \"WebdriverSitel5gmg\")]"}
COMMAND: POST /session/f9c35cb0f654fe0671c8af76f3348fe1/element - {"using":"xpath","value":"//span[contains(@id ,\"application-addressmanagement-display-component---detailAdm--addressDetailDetailsName1\")][contains(text(), \"WebdriverSitel5gmg\")]"}
RESULT: {}
RESULT: {"using":"xpath","value":"//span[contains(@id ,\"application-addressmanagement-display-component---detailAdm--addressDetailDetailsName1\")][contains(text(), \"WebdriverSitel5gmg\")]"}
COMMAND: POST /session/f9c35cb0f654fe0671c8af76f3348fe1/element - {"using":"xpath","value":"//span[contains(@id ,\"application-addressmanagement-display-component---detailAdm--addressDetailDetailsName1\")][contains(text(), \"WebdriverSitel5gmg\")]"}
RESULT: {"using":"xpath","value":"//span[contains(@id ,\"application-addressmanagement-display-component---detailAdm--addressDetailDetailsName1\")][contains(text(), \"WebdriverSitel5gmg\")]"}
COMMAND: POST /session/f9c35cb0f654fe0671c8af76f3348fe1/execute/sync - {"script":"<script> [8489 bytes]","args":[{"element-6066-11e4-a52e-4f735466cecf":"f.BE4AEF3124ECB576A082C674F7474D70.d.31D9CA1C004D767F8C0ACB40BABF54A6.e.5625","ELEMENT":"f.BE4AEF3124ECB576A082C674F7474D70.d.31D9CA1C004D767F8C0ACB40BABF54A6.e.5625"}]}
RESULT: {"script":"<script> [8489 bytes]","args":[{"element-6066-11e4-a52e-4f735466cecf":"f.BE4AEF3124ECB576A082C674F7474D70.d.31D9CA1C004D767F8C0ACB40BABF54A6.e.5625","ELEMENT":"f.BE4AEF3124ECB576A082C674F7474D70.d.31D9CA1C004D767F8C0ACB40BABF54A6.e.5625"}]}
COMMAND: GET /session/f9c35cb0f654fe0671c8af76f3348fe1/screenshot - {}
RESULT: {}
RESULT: undefined
COMMAND: POST /session/f9c35cb0f654fe0671c8af76f3348fe1/execute/async - {"script":"<script> [6424 bytes]","args":[{"element-6066-11e4-a52e-4f735466cecf":"f.BE4AEF3124ECB576A082C674F7474D70.d.31D9CA1C004D767F8C0ACB40BABF54A6.e.3145"},"getTitle",[]]}
COMMAND: POST /session/f9c35cb0f654fe0671c8af76f3348fe1/execute/async - {"script":"<script> [1562 bytes]","args":[{"selector":{"id":"shellAppTitle"},"wdio_ui5_key":"shellAppTitle"}]}
RESULT: {"script":"<script> [1562 bytes]","args":[{"selector":{"id":"shellAppTitle"},"wdio_ui5_key":"shellAppTitle"}]}
COMMAND: POST /session/f9c35cb0f654fe0671c8af76f3348fe1/execute/async - {"script":"<script> [6424 bytes]","args":[{"element-6066-11e4-a52e-4f735466cecf":"f.BE4AEF3124ECB576A082C674F7474D70.d.31D9CA1C004D767F8C0ACB40BABF54A6.e.5628"},"getTitle",[]]}
RESULT: {"script":"<script> [6424 bytes]","args":[{"element-6066-11e4-a52e-4f735466cecf":"f.BE4AEF3124ECB576A082C674F7474D70.d.31D9CA1C004D767F8C0ACB40BABF54A6.e.5628"},"getTitle",[]]}
COMMAND: POST /session/f9c35cb0f654fe0671c8af76f3348fe1/element - {"using":"xpath","value":"//span[contains(@id ,\"application-addressmanagement-display-component---detailAdm--addressDetailDetailsName1\")][contains(text(), \"WebdriverSitel5gmg\")]"}
RESULT: {"using":"xpath","value":"//span[contains(@id ,\"application-addressmanagement-display-component---detailAdm--addressDetailDetailsName1\")][contains(text(), \"WebdriverSitel5gmg\")]"}
COMMAND: POST /session/f9c35cb0f654fe0671c8af76f3348fe1/execute/sync - {"script":"<script> [8489 bytes]","args":[{"element-6066-11e4-a52e-4f735466cecf":"f.BE4AEF3124ECB576A082C674F7474D70.d.31D9CA1C004D767F8C0ACB40BABF54A6.e.5625","ELEMENT":"f.BE4AEF3124ECB576A082C674F7474D70.d.31D9CA1C004D767F8C0ACB40BABF54A6.e.5625"}]}
RESULT: undefined
COMMAND: POST /session/f9c35cb0f654fe0671c8af76f3348fe1/element - {"using":"xpath","value":"//*[@id=\"backBtn\"]"}
RESULT: {"using":"xpath","value":"//*[@id=\"backBtn\"]"}
COMMAND: POST /session/f9c35cb0f654fe0671c8af76f3348fe1/element/f.BE4AEF3124ECB576A082C674F7474D70.d.31D9CA1C004D767F8C0ACB40BABF54A6.e.3147/click - {}
RESULT: {"script":"<script> [8489 bytes]","args":[{"element-6066-11e4-a52e-4f735466cecf":"f.BE4AEF3124ECB576A082C674F7474D70.d.31D9CA1C004D767F8C0ACB40BABF54A6.e.5625","ELEMENT":"f.BE4AEF3124ECB576A082C674F7474D70.d.31D9CA1C004D767F8C0ACB40BABF54A6.e.5625"}]}
COMMAND: GET /session/f9c35cb0f654fe0671c8af76f3348fe1/screenshot - {}
RESULT: {}
COMMAND: GET /session/f9c35cb0f654fe0671c8af76f3348fe1/screenshot - {}
RESULT: {}
RESULT: {}
COMMAND: POST /session/f9c35cb0f654fe0671c8af76f3348fe1/execute/sync - {"script":"<script> [8489 bytes]","args":[{"element-6066-11e4-a52e-4f735466cecf":"f.BE4AEF3124ECB576A082C674F7474D70.d.31D9CA1C004D767F8C0ACB40BABF54A6.e.5209","ELEMENT":"f.BE4AEF3124ECB576A082C674F7474D70.d.31D9CA1C004D767F8C0ACB40BABF54A6.e.5209"}]}
COMMAND: POST /session/f9c35cb0f654fe0671c8af76f3348fe1/element - {"using":"xpath","value":"//*[contains(@data-kt ,\"webshopDetailAddressLink\")]"}
RESULT: {"using":"xpath","value":"//*[contains(@data-kt ,\"webshopDetailAddressLink\")]"}
COMMAND: POST /session/f9c35cb0f654fe0671c8af76f3348fe1/execute/sync - {"script":"<script> [8489 bytes]","args":[{"element-6066-11e4-a52e-4f735466cecf":"f.BE4AEF3124ECB576A082C674F7474D70.d.31D9CA1C004D767F8C0ACB40BABF54A6.e.5795","ELEMENT":"f.BE4AEF3124ECB576A082C674F7474D70.d.31D9CA1C004D767F8C0ACB40BABF54A6.e.5795"}]}
RESULT: {"script":"<script> [8489 bytes]","args":[{"element-6066-11e4-a52e-4f735466cecf":"f.BE4AEF3124ECB576A082C674F7474D70.d.31D9CA1C004D767F8C0ACB40BABF54A6.e.5795","ELEMENT":"f.BE4AEF3124ECB576A082C674F7474D70.d.31D9CA1C004D767F8C0ACB40BABF54A6.e.5795"}]}
COMMAND: POST /session/f9c35cb0f654fe0671c8af76f3348fe1/execute/sync - {"script":"<script> [5351 bytes]","args":[{"element-6066-11e4-a52e-4f735466cecf":"f.BE4AEF3124ECB576A082C674F7474D70.d.31D9CA1C004D767F8C0ACB40BABF54A6.e.5795","ELEMENT":"f.BE4AEF3124ECB576A082C674F7474D70.d.31D9CA1C004D767F8C0ACB40BABF54A6.e.5795"}]}
COMMAND: GET /session/f9c35cb0f654fe0671c8af76f3348fe1/screenshot - {}
RESULT: {"script":"<script> [5351 bytes]","args":[{"element-6066-11e4-a52e-4f735466cecf":"f.BE4AEF3124ECB576A082C674F7474D70.d.31D9CA1C004D767F8C0ACB40BABF54A6.e.5795","ELEMENT":"f.BE4AEF3124ECB576A082C674F7474D70.d.31D9CA1C004D767F8C0ACB40BABF54A6.e.5795"}]}
COMMAND: POST /session/f9c35cb0f654fe0671c8af76f3348fe1/element - {"using":"xpath","value":"//*[contains(@data-kt ,\"webshopDetailAddressLink\")]"}
COMMAND: GET /session/f9c35cb0f654fe0671c8af76f3348fe1/screenshot - {}
RESULT: {}
RESULT: {"using":"xpath","value":"//*[contains(@data-kt ,\"webshopDetailAddressLink\")]"}
COMMAND: POST /session/f9c35cb0f654fe0671c8af76f3348fe1/element/f.BE4AEF3124ECB576A082C674F7474D70.d.31D9CA1C004D767F8C0ACB40BABF54A6.e.5795/click - {}
RESULT: {}
RESULT: {}
COMMAND: GET /session/f9c35cb0f654fe0671c8af76f3348fe1/screenshot - {}
RESULT: {}
COMMAND: POST /session/f9c35cb0f654fe0671c8af76f3348fe1/element - {"using":"xpath","value":"//button[contains(@data-kt ,\"ContextMenuExternalId2Link\")]"}
RESULT: {"using":"xpath","value":"//button[contains(@data-kt ,\"ContextMenuExternalId2Link\")]"}
COMMAND: POST /session/f9c35cb0f654fe0671c8af76f3348fe1/element/f.BE4AEF3124ECB576A082C674F7474D70.d.31D9CA1C004D767F8C0ACB40BABF54A6.e.5796/click - {}
RESULT: {}
COMMAND: GET /session/f9c35cb0f654fe0671c8af76f3348fe1/screenshot - {}
RESULT: {}
COMMAND: GET /session/f9c35cb0f654fe0671c8af76f3348fe1/window/handles - {}
RESULT: {}
COMMAND: POST /session/f9c35cb0f654fe0671c8af76f3348fe1/window - {"handle":"780C7370D02CDF765A0E7D69DEAF0DE7"}
RESULT: {"handle":"780C7370D02CDF765A0E7D69DEAF0DE7"}
COMMAND: GET /session/f9c35cb0f654fe0671c8af76f3348fe1/url - {}
RESULT: {}
COMMAND: GET /session/f9c35cb0f654fe0671c8af76f3348fe1/screenshot - {}
RESULT: {}
COMMAND: POST /session/f9c35cb0f654fe0671c8af76f3348fe1/execute/sync - {"script":"<script> [8489 bytes]","args":[{"element-6066-11e4-a52e-4f735466cecf":"f.BE4AEF3124ECB576A082C674F7474D70.d.31D9CA1C004D767F8C0ACB40BABF54A6.e.5625","ELEMENT":"f.BE4AEF3124ECB576A082C674F7474D70.d.31D9CA1C004D767F8C0ACB40BABF54A6.e.5625"}]}
COMMAND: DELETE /session/f9c35cb0f654fe0671c8af76f3348fe1/window - {}
RESULT: {}
COMMAND: POST /session/f9c35cb0f654fe0671c8af76f3348fe1/window - {"handle":"BE4AEF3124ECB576A082C674F7474D70"}
RESULT: {"handle":"BE4AEF3124ECB576A082C674F7474D70"}
COMMAND: GET /session/f9c35cb0f654fe0671c8af76f3348fe1/url - {}
COMMAND: POST /session/f9c35cb0f654fe0671c8af76f3348fe1/element - {"using":"xpath","value":"//span[contains(@id ,\"application-addressmanagement-display-component---detailAdm--addressDetailDetailsName1\")][contains(text(), \"WebdriverSitel5gmg\")]"}
RESULT: {}
COMMAND: GET /session/f9c35cb0f654fe0671c8af76f3348fe1/screenshot - {}
RESULT: {"using":"xpath","value":"//span[contains(@id ,\"application-addressmanagement-display-component---detailAdm--addressDetailDetailsName1\")][contains(text(), \"WebdriverSitel5gmg\")]"}
COMMAND: POST /session/f9c35cb0f654fe0671c8af76f3348fe1/element - {"using":"xpath","value":"//span[contains(@id ,\"application-addressmanagement-display-component---detailAdm--addressDetailDetailsName1\")][contains(text(), \"WebdriverSitel5gmg\")]"}
RESULT: {}
RESULT: {"using":"xpath","value":"//span[contains(@id ,\"application-addressmanagement-display-component---detailAdm--addressDetailDetailsName1\")][contains(text(), \"WebdriverSitel5gmg\")]"}
COMMAND: POST /session/f9c35cb0f654fe0671c8af76f3348fe1/element - {"using":"xpath","value":"//span[contains(@id ,\"application-addressmanagement-display-component---detailAdm--addressDetailDetailsName1\")][contains(text(), \"WebdriverSitel5gmg\")]"}
RESULT: {"using":"xpath","value":"//span[contains(@id ,\"application-addressmanagement-display-component---detailAdm--addressDetailDetailsName1\")][contains(text(), \"WebdriverSitel5gmg\")]"}
COMMAND: POST /session/f9c35cb0f654fe0671c8af76f3348fe1/element - {"using":"xpath","value":"//span[contains(@id ,\"application-addressmanagement-display-component---detailAdm--addressDetailDetailsName1\")][contains(text(), \"WebdriverSitel5gmg\")]"}
RESULT: {"using":"xpath","value":"//span[contains(@id ,\"application-addressmanagement-display-component---detailAdm--addressDetailDetailsName1\")][contains(text(), \"WebdriverSitel5gmg\")]"}
COMMAND: POST /session/f9c35cb0f654fe0671c8af76f3348fe1/element - {"using":"xpath","value":"//span[contains(@id ,\"application-addressmanagement-display-component---detailAdm--addressDetailDetailsName1\")][contains(text(), \"WebdriverSitel5gmg\")]"}
RESULT: {"using":"xpath","value":"//span[contains(@id ,\"application-addressmanagement-display-component---detailAdm--addressDetailDetailsName1\")][contains(text(), \"WebdriverSitel5gmg\")]"}
COMMAND: POST /session/f9c35cb0f654fe0671c8af76f3348fe1/element - {"using":"xpath","value":"//span[contains(@id ,\"application-addressmanagement-display-component---detailAdm--addressDetailDetailsName1\")][contains(text(), \"WebdriverSitel5gmg\")]"}
RESULT: {"using":"xpath","value":"//span[contains(@id ,\"application-addressmanagement-display-component---detailAdm--addressDetailDetailsName1\")][contains(text(), \"WebdriverSitel5gmg\")]"}
COMMAND: POST /session/f9c35cb0f654fe0671c8af76f3348fe1/element - {"using":"xpath","value":"//*[contains(@data-kt ,\"webshopDetailCustomerLink\")]"}
RESULT: {"using":"xpath","value":"//*[contains(@data-kt ,\"webshopDetailCustomerLink\")]"}
COMMAND: POST /session/f9c35cb0f654fe0671c8af76f3348fe1/execute/sync - {"script":"<script> [8489 bytes]","args":[{"element-6066-11e4-a52e-4f735466cecf":"f.BE4AEF3124ECB576A082C674F7474D70.d.31D9CA1C004D767F8C0ACB40BABF54A6.e.6003","ELEMENT":"f.BE4AEF3124ECB576A082C674F7474D70.d.31D9CA1C004D767F8C0ACB40BABF54A6.e.6003"}]}
RESULT: {"script":"<script> [8489 bytes]","args":[{"element-6066-11e4-a52e-4f735466cecf":"f.BE4AEF3124ECB576A082C674F7474D70.d.31D9CA1C004D767F8C0ACB40BABF54A6.e.6003","ELEMENT":"f.BE4AEF3124ECB576A082C674F7474D70.d.31D9CA1C004D767F8C0ACB40BABF54A6.e.6003"}]}
COMMAND: POST /session/f9c35cb0f654fe0671c8af76f3348fe1/execute/sync - {"script":"<script> [5351 bytes]","args":[{"element-6066-11e4-a52e-4f735466cecf":"f.BE4AEF3124ECB576A082C674F7474D70.d.31D9CA1C004D767F8C0ACB40BABF54A6.e.6003","ELEMENT":"f.BE4AEF3124ECB576A082C674F7474D70.d.31D9CA1C004D767F8C0ACB40BABF54A6.e.6003"}]}
COMMAND: GET /session/f9c35cb0f654fe0671c8af76f3348fe1/screenshot - {}
COMMAND: POST /session/f9c35cb0f654fe0671c8af76f3348fe1/element - {"using":"xpath","value":"//span[contains(@id ,\"application-addressmanagement-display-component---detailAdm--addressDetailDetailsName1\")][contains(text(), \"WebdriverSitel5gmg\")]"}
RESULT: {"script":"<script> [5351 bytes]","args":[{"element-6066-11e4-a52e-4f735466cecf":"f.BE4AEF3124ECB576A082C674F7474D70.d.31D9CA1C004D767F8C0ACB40BABF54A6.e.6003","ELEMENT":"f.BE4AEF3124ECB576A082C674F7474D70.d.31D9CA1C004D767F8C0ACB40BABF54A6.e.6003"}]}
COMMAND: POST /session/f9c35cb0f654fe0671c8af76f3348fe1/element - {"using":"xpath","value":"//*[contains(@data-kt ,\"webshopDetailCustomerLink\")]"}
COMMAND: GET /session/f9c35cb0f654fe0671c8af76f3348fe1/screenshot - {}
RESULT: {}
RESULT: {"using":"xpath","value":"//span[contains(@id ,\"application-addressmanagement-display-component---detailAdm--addressDetailDetailsName1\")][contains(text(), \"WebdriverSitel5gmg\")]"}
RESULT: {"using":"xpath","value":"//*[contains(@data-kt ,\"webshopDetailCustomerLink\")]"}
COMMAND: POST /session/f9c35cb0f654fe0671c8af76f3348fe1/element/f.BE4AEF3124ECB576A082C674F7474D70.d.31D9CA1C004D767F8C0ACB40BABF54A6.e.6003/click - {}
RESULT: {}
COMMAND: POST /session/f9c35cb0f654fe0671c8af76f3348fe1/element - {"using":"xpath","value":"//span[contains(@id ,\"application-addressmanagement-display-component---detailAdm--addressDetailDetailsName1\")][contains(text(), \"WebdriverSitel5gmg\")]"}
RESULT: {}
COMMAND: GET /session/f9c35cb0f654fe0671c8af76f3348fe1/screenshot - {}
RESULT: {"using":"xpath","value":"//span[contains(@id ,\"application-addressmanagement-display-component---detailAdm--addressDetailDetailsName1\")][contains(text(), \"WebdriverSitel5gmg\")]"}
RESULT: {}
COMMAND: POST /session/f9c35cb0f654fe0671c8af76f3348fe1/element - {"using":"xpath","value":"//span[contains(@id ,\"application-addressmanagement-display-component---detailAdm--addressDetailDetailsName1\")][contains(text(), \"WebdriverSitel5gmg\")]"}
RESULT: {"using":"xpath","value":"//span[contains(@id ,\"application-addressmanagement-display-component---detailAdm--addressDetailDetailsName1\")][contains(text(), \"WebdriverSitel5gmg\")]"}
COMMAND: POST /session/f9c35cb0f654fe0671c8af76f3348fe1/element - {"using":"xpath","value":"//span[contains(@id ,\"application-addressmanagement-display-component---detailAdm--addressDetailDetailsName1\")][contains(text(), \"WebdriverSitel5gmg\")]"}
RESULT: {"using":"xpath","value":"//span[contains(@id ,\"application-addressmanagement-display-component---detailAdm--addressDetailDetailsName1\")][contains(text(), \"WebdriverSitel5gmg\")]"}
COMMAND: POST /session/f9c35cb0f654fe0671c8af76f3348fe1/element - {"using":"xpath","value":"//span[contains(@id ,\"application-addressmanagement-display-component---detailAdm--addressDetailDetailsName1\")][contains(text(), \"WebdriverSitel5gmg\")]"}
RESULT: {"using":"xpath","value":"//span[contains(@id ,\"application-addressmanagement-display-component---detailAdm--addressDetailDetailsName1\")][contains(text(), \"WebdriverSitel5gmg\")]"}
COMMAND: POST /session/f9c35cb0f654fe0671c8af76f3348fe1/element - {"using":"xpath","value":"//*[contains(@data-kt ,\"ContextMenuId2Link\")][contains(text(), \"Partner Overview\")]"}
RESULT: {"using":"xpath","value":"//*[contains(@data-kt ,\"ContextMenuId2Link\")][contains(text(), \"Partner Overview\")]"}
COMMAND: POST /session/f9c35cb0f654fe0671c8af76f3348fe1/execute/sync - {"script":"<script> [8489 bytes]","args":[{"element-6066-11e4-a52e-4f735466cecf":"f.BE4AEF3124ECB576A082C674F7474D70.d.31D9CA1C004D767F8C0ACB40BABF54A6.e.6005","ELEMENT":"f.BE4AEF3124ECB576A082C674F7474D70.d.31D9CA1C004D767F8C0ACB40BABF54A6.e.6005"}]}
COMMAND: POST /session/f9c35cb0f654fe0671c8af76f3348fe1/element - {"using":"xpath","value":"//*[contains(@data-kt ,\"ContextMenuId2Link\")][contains(text(), \"Partner Overview\")]"}
RESULT: {"using":"xpath","value":"//*[contains(@data-kt ,\"ContextMenuId2Link\")][contains(text(), \"Partner Overview\")]"}
COMMAND: POST /session/f9c35cb0f654fe0671c8af76f3348fe1/element/f.BE4AEF3124ECB576A082C674F7474D70.d.31D9CA1C004D767F8C0ACB40BABF54A6.e.6005/click - {}
RESULT: {"script":"<script> [8489 bytes]","args":[{"element-6066-11e4-a52e-4f735466cecf":"f.BE4AEF3124ECB576A082C674F7474D70.d.31D9CA1C004D767F8C0ACB40BABF54A6.e.6005","ELEMENT":"f.BE4AEF3124ECB576A082C674F7474D70.d.31D9CA1C004D767F8C0ACB40BABF54A6.e.6005"}]}
COMMAND: GET /session/f9c35cb0f654fe0671c8af76f3348fe1/screenshot - {}
COMMAND: POST /session/f9c35cb0f654fe0671c8af76f3348fe1/element - {"using":"xpath","value":"//span[contains(@id ,\"application-addressmanagement-display-component---detailAdm--addressDetailDetailsName1\")][contains(text(), \"WebdriverSitel5gmg\")]"}
RESULT: {}
COMMAND: GET /session/f9c35cb0f654fe0671c8af76f3348fe1/screenshot - {}
RESULT: {}
RESULT: {"using":"xpath","value":"//span[contains(@id ,\"application-addressmanagement-display-component---detailAdm--addressDetailDetailsName1\")][contains(text(), \"WebdriverSitel5gmg\")]"}
COMMAND: POST /session/f9c35cb0f654fe0671c8af76f3348fe1/element - {"using":"xpath","value":"//span[contains(@id ,\"application-addressmanagement-display-component---detailAdm--addressDetailDetailsName1\")][contains(text(), \"WebdriverSitel5gmg\")]"}
RESULT: {}
RESULT: {"using":"xpath","value":"//span[contains(@id ,\"application-addressmanagement-display-component---detailAdm--addressDetailDetailsName1\")][contains(text(), \"WebdriverSitel5gmg\")]"}
COMMAND: POST /session/f9c35cb0f654fe0671c8af76f3348fe1/element - {"using":"xpath","value":"//span[contains(@id ,\"application-addressmanagement-display-component---detailAdm--addressDetailDetailsName1\")][contains(text(), \"WebdriverSitel5gmg\")]"}
RESULT: {"using":"xpath","value":"//span[contains(@id ,\"application-addressmanagement-display-component---detailAdm--addressDetailDetailsName1\")][contains(text(), \"WebdriverSitel5gmg\")]"}
COMMAND: POST /session/f9c35cb0f654fe0671c8af76f3348fe1/element - {"using":"xpath","value":"//span[contains(@id ,\"application-addressmanagement-display-component---detailAdm--addressDetailDetailsName1\")][contains(text(), \"WebdriverSitel5gmg\")]"}
RESULT: {"using":"xpath","value":"//span[contains(@id ,\"application-addressmanagement-display-component---detailAdm--addressDetailDetailsName1\")][contains(text(), \"WebdriverSitel5gmg\")]"}
COMMAND: POST /session/f9c35cb0f654fe0671c8af76f3348fe1/element - {"using":"xpath","value":"//span[contains(@id ,\"application-addressmanagement-display-component---detailAdm--addressDetailDetailsName1\")][contains(text(), \"WebdriverSitel5gmg\")]"}
RESULT: {"using":"xpath","value":"//span[contains(@id ,\"application-addressmanagement-display-component---detailAdm--addressDetailDetailsName1\")][contains(text(), \"WebdriverSitel5gmg\")]"}
COMMAND: POST /session/f9c35cb0f654fe0671c8af76f3348fe1/element - {"using":"xpath","value":"//span[contains(@id ,\"application-addressmanagement-display-component---detailAdm--addressDetailDetailsName1\")][contains(text(), \"WebdriverSitel5gmg\")]"}
RESULT: {"using":"xpath","value":"//span[contains(@id ,\"application-addressmanagement-display-component---detailAdm--addressDetailDetailsName1\")][contains(text(), \"WebdriverSitel5gmg\")]"}
COMMAND: POST /session/f9c35cb0f654fe0671c8af76f3348fe1/element - {"using":"xpath","value":"//span[contains(@id ,\"application-addressmanagement-display-component---detailAdm--addressDetailDetailsName1\")][contains(text(), \"WebdriverSitel5gmg\")]"}
RESULT: {"using":"xpath","value":"//span[contains(@id ,\"application-addressmanagement-display-component---detailAdm--addressDetailDetailsName1\")][contains(text(), \"WebdriverSitel5gmg\")]"}
COMMAND: POST /session/f9c35cb0f654fe0671c8af76f3348fe1/element - {"using":"xpath","value":"//span[contains(@id ,\"application-addressmanagement-display-component---detailAdm--addressDetailDetailsName1\")][contains(text(), \"WebdriverSitel5gmg\")]"}
RESULT: {"using":"xpath","value":"//span[contains(@id ,\"application-addressmanagement-display-component---detailAdm--addressDetailDetailsName1\")][contains(text(), \"WebdriverSitel5gmg\")]"}
COMMAND: POST /session/f9c35cb0f654fe0671c8af76f3348fe1/element - {"using":"xpath","value":"//span[contains(@id ,\"application-addressmanagement-display-component---detailAdm--addressDetailDetailsName1\")][contains(text(), \"WebdriverSitel5gmg\")]"}
RESULT: {"using":"xpath","value":"//span[contains(@id ,\"application-addressmanagement-display-component---detailAdm--addressDetailDetailsName1\")][contains(text(), \"WebdriverSitel5gmg\")]"}
RESULT: undefined
COMMAND: POST /session/f9c35cb0f654fe0671c8af76f3348fe1/execute/async - {"script":"<script> [6424 bytes]","args":[{"element-6066-11e4-a52e-4f735466cecf":"f.BE4AEF3124ECB576A082C674F7474D70.d.31D9CA1C004D767F8C0ACB40BABF54A6.e.3145"},"getTitle",[]]}
COMMAND: POST /session/f9c35cb0f654fe0671c8af76f3348fe1/execute/async - {"script":"<script> [1562 bytes]","args":[{"selector":{"id":"shellAppTitle"},"wdio_ui5_key":"shellAppTitle"}]}
COMMAND: POST /session/f9c35cb0f654fe0671c8af76f3348fe1/element - {"using":"xpath","value":"//span[contains(@id ,\"application-addressmanagement-display-component---detailAdm--addressDetailDetailsName1\")][contains(text(), \"WebdriverSitel5gmg\")]"}
RESULT: {"script":"<script> [1562 bytes]","args":[{"selector":{"id":"shellAppTitle"},"wdio_ui5_key":"shellAppTitle"}]}
COMMAND: POST /session/f9c35cb0f654fe0671c8af76f3348fe1/execute/async - {"script":"<script> [6424 bytes]","args":[{"element-6066-11e4-a52e-4f735466cecf":"f.BE4AEF3124ECB576A082C674F7474D70.d.31D9CA1C004D767F8C0ACB40BABF54A6.e.6244"},"getTitle",[]]}
RESULT: {"using":"xpath","value":"//span[contains(@id ,\"application-addressmanagement-display-component---detailAdm--addressDetailDetailsName1\")][contains(text(), \"WebdriverSitel5gmg\")]"}
RESULT: {"script":"<script> [6424 bytes]","args":[{"element-6066-11e4-a52e-4f735466cecf":"f.BE4AEF3124ECB576A082C674F7474D70.d.31D9CA1C004D767F8C0ACB40BABF54A6.e.6244"},"getTitle",[]]}
COMMAND: POST /session/f9c35cb0f654fe0671c8af76f3348fe1/element - {"using":"xpath","value":"//span[contains(@id ,\"title\")][contains(text(), \"WebdriverPartnerury0qf\")]"}
RESULT: {"using":"xpath","value":"//span[contains(@id ,\"title\")][contains(text(), \"WebdriverPartnerury0qf\")]"}
COMMAND: POST /session/f9c35cb0f654fe0671c8af76f3348fe1/execute/sync - {"script":"<script> [8489 bytes]","args":[{"element-6066-11e4-a52e-4f735466cecf":"f.BE4AEF3124ECB576A082C674F7474D70.d.31D9CA1C004D767F8C0ACB40BABF54A6.e.6245","ELEMENT":"f.BE4AEF3124ECB576A082C674F7474D70.d.31D9CA1C004D767F8C0ACB40BABF54A6.e.6245"}]}
RESULT: undefined
COMMAND: POST /session/f9c35cb0f654fe0671c8af76f3348fe1/element - {"using":"xpath","value":"//*[@id=\"backBtn\"]"}
RESULT: {"script":"<script> [8489 bytes]","args":[{"element-6066-11e4-a52e-4f735466cecf":"f.BE4AEF3124ECB576A082C674F7474D70.d.31D9CA1C004D767F8C0ACB40BABF54A6.e.6245","ELEMENT":"f.BE4AEF3124ECB576A082C674F7474D70.d.31D9CA1C004D767F8C0ACB40BABF54A6.e.6245"}]}
COMMAND: POST /session/f9c35cb0f654fe0671c8af76f3348fe1/element - {"using":"xpath","value":"//span[contains(@id ,\"application-addressmanagement-display-component---detailAdm--addressDetailDetailsName1\")][contains(text(), \"WebdriverSitel5gmg\")]"}
COMMAND: GET /session/f9c35cb0f654fe0671c8af76f3348fe1/screenshot - {}
RESULT: {"using":"xpath","value":"//*[@id=\"backBtn\"]"}
COMMAND: POST /session/f9c35cb0f654fe0671c8af76f3348fe1/element/f.BE4AEF3124ECB576A082C674F7474D70.d.31D9CA1C004D767F8C0ACB40BABF54A6.e.3147/click - {}
RESULT: {"using":"xpath","value":"//span[contains(@id ,\"application-addressmanagement-display-component---detailAdm--addressDetailDetailsName1\")][contains(text(), \"WebdriverSitel5gmg\")]"}
RESULT: {}
COMMAND: POST /session/f9c35cb0f654fe0671c8af76f3348fe1/execute/sync - {"script":"<script> [8489 bytes]","args":[{"element-6066-11e4-a52e-4f735466cecf":"f.BE4AEF3124ECB576A082C674F7474D70.d.31D9CA1C004D767F8C0ACB40BABF54A6.e.6245","ELEMENT":"f.BE4AEF3124ECB576A082C674F7474D70.d.31D9CA1C004D767F8C0ACB40BABF54A6.e.6245"}]}
RESULT: {}
COMMAND: GET /session/f9c35cb0f654fe0671c8af76f3348fe1/screenshot - {}
RESULT: {"script":"<script> [8489 bytes]","args":[{"element-6066-11e4-a52e-4f735466cecf":"f.BE4AEF3124ECB576A082C674F7474D70.d.31D9CA1C004D767F8C0ACB40BABF54A6.e.6245","ELEMENT":"f.BE4AEF3124ECB576A082C674F7474D70.d.31D9CA1C004D767F8C0ACB40BABF54A6.e.6245"}]}
COMMAND: GET /session/f9c35cb0f654fe0671c8af76f3348fe1/screenshot - {}
COMMAND: POST /session/f9c35cb0f654fe0671c8af76f3348fe1/element - {"using":"xpath","value":"//span[contains(@id ,\"application-addressmanagement-display-component---detailAdm--addressDetailDetailsName1\")][contains(text(), \"WebdriverSitel5gmg\")]"}
COMMAND: POST /session/f9c35cb0f654fe0671c8af76f3348fe1/execute/sync - {"script":"<script> [8489 bytes]","args":[{"element-6066-11e4-a52e-4f735466cecf":"f.BE4AEF3124ECB576A082C674F7474D70.d.31D9CA1C004D767F8C0ACB40BABF54A6.e.6245","ELEMENT":"f.BE4AEF3124ECB576A082C674F7474D70.d.31D9CA1C004D767F8C0ACB40BABF54A6.e.6245"}]}
RESULT: {}
RESULT: {}
RESULT: {"using":"xpath","value":"//span[contains(@id ,\"application-addressmanagement-display-component---detailAdm--addressDetailDetailsName1\")][contains(text(), \"WebdriverSitel5gmg\")]"}
COMMAND: POST /session/f9c35cb0f654fe0671c8af76f3348fe1/element - {"using":"xpath","value":"//span[contains(@id ,\"title\")][contains(text(), \"WebdriverPartnerury0qf\")]"}
RESULT: {"using":"xpath","value":"//span[contains(@id ,\"title\")][contains(text(), \"WebdriverPartnerury0qf\")]"}
COMMAND: POST /session/f9c35cb0f654fe0671c8af76f3348fe1/element - {"using":"xpath","value":"//span[contains(@id ,\"title\")][contains(text(), \"WebdriverPartnerury0qf\")]"}
RESULT: {"using":"xpath","value":"//span[contains(@id ,\"title\")][contains(text(), \"WebdriverPartnerury0qf\")]"}
COMMAND: POST /session/f9c35cb0f654fe0671c8af76f3348fe1/element - {"using":"xpath","value":"//span[contains(@id ,\"application-addressmanagement-display-component---detailAdm--addressDetailDetailsName1\")][contains(text(), \"WebdriverSitel5gmg\")]"}
RESULT: {"using":"xpath","value":"//span[contains(@id ,\"application-addressmanagement-display-component---detailAdm--addressDetailDetailsName1\")][contains(text(), \"WebdriverSitel5gmg\")]"}
COMMAND: POST /session/f9c35cb0f654fe0671c8af76f3348fe1/element - {"using":"xpath","value":"//span[contains(@id ,\"title\")][contains(text(), \"WebdriverPartnerury0qf\")]"}
RESULT: {"using":"xpath","value":"//span[contains(@id ,\"title\")][contains(text(), \"WebdriverPartnerury0qf\")]"}
COMMAND: POST /session/f9c35cb0f654fe0671c8af76f3348fe1/element - {"using":"xpath","value":"//span[contains(@id ,\"application-addressmanagement-display-component---detailAdm--addressDetailDetailsName1\")][contains(text(), \"WebdriverSitel5gmg\")]"}
RESULT: {"using":"xpath","value":"//span[contains(@id ,\"application-addressmanagement-display-component---detailAdm--addressDetailDetailsName1\")][contains(text(), \"WebdriverSitel5gmg\")]"}
COMMAND: POST /session/f9c35cb0f654fe0671c8af76f3348fe1/element - {"using":"xpath","value":"//span[contains(@id ,\"title\")][contains(text(), \"WebdriverPartnerury0qf\")]"}
RESULT: {"using":"xpath","value":"//span[contains(@id ,\"title\")][contains(text(), \"WebdriverPartnerury0qf\")]"}
COMMAND: POST /session/f9c35cb0f654fe0671c8af76f3348fe1/element - {"using":"xpath","value":"//span[contains(@id ,\"application-addressmanagement-display-component---detailAdm--addressDetailDetailsName1\")][contains(text(), \"WebdriverSitel5gmg\")]"}
RESULT: {"using":"xpath","value":"//span[contains(@id ,\"application-addressmanagement-display-component---detailAdm--addressDetailDetailsName1\")][contains(text(), \"WebdriverSitel5gmg\")]"}
COMMAND: POST /session/f9c35cb0f654fe0671c8af76f3348fe1/element - {"using":"xpath","value":"//span[contains(@id ,\"title\")][contains(text(), \"WebdriverPartnerury0qf\")]"}
RESULT: {"using":"xpath","value":"//span[contains(@id ,\"title\")][contains(text(), \"WebdriverPartnerury0qf\")]"}
COMMAND: POST /session/f9c35cb0f654fe0671c8af76f3348fe1/element - {"using":"xpath","value":"//span[contains(@id ,\"application-addressmanagement-display-component---detailAdm--addressDetailDetailsName1\")][contains(text(), \"WebdriverSitel5gmg\")]"}
RESULT: {"using":"xpath","value":"//span[contains(@id ,\"application-addressmanagement-display-component---detailAdm--addressDetailDetailsName1\")][contains(text(), \"WebdriverSitel5gmg\")]"}
COMMAND: POST /session/f9c35cb0f654fe0671c8af76f3348fe1/element - {"using":"xpath","value":"//span[contains(@id ,\"title\")][contains(text(), \"WebdriverPartnerury0qf\")]"}
RESULT: {"using":"xpath","value":"//span[contains(@id ,\"title\")][contains(text(), \"WebdriverPartnerury0qf\")]"}
COMMAND: POST /session/f9c35cb0f654fe0671c8af76f3348fe1/element - {"using":"xpath","value":"//span[contains(@id ,\"application-addressmanagement-display-component---detailAdm--addressDetailDetailsName1\")][contains(text(), \"WebdriverSitel5gmg\")]"}
RESULT: {"using":"xpath","value":"//span[contains(@id ,\"application-addressmanagement-display-component---detailAdm--addressDetailDetailsName1\")][contains(text(), \"WebdriverSitel5gmg\")]"}
COMMAND: POST /session/f9c35cb0f654fe0671c8af76f3348fe1/element - {"using":"xpath","value":"//span[contains(@id ,\"title\")][contains(text(), \"WebdriverPartnerury0qf\")]"}
RESULT: {"using":"xpath","value":"//span[contains(@id ,\"title\")][contains(text(), \"WebdriverPartnerury0qf\")]"}
COMMAND: POST /session/f9c35cb0f654fe0671c8af76f3348fe1/element - {"using":"xpath","value":"//span[contains(@id ,\"application-addressmanagement-display-component---detailAdm--addressDetailDetailsName1\")][contains(text(), \"WebdriverSitel5gmg\")]"}
COMMAND: POST /session/f9c35cb0f654fe0671c8af76f3348fe1/element - {"using":"xpath","value":"//span[contains(@id ,\"title\")][contains(text(), \"WebdriverPartnerury0qf\")]"}
RESULT: {"using":"xpath","value":"//span[contains(@id ,\"application-addressmanagement-display-component---detailAdm--addressDetailDetailsName1\")][contains(text(), \"WebdriverSitel5gmg\")]"}
RESULT: {"using":"xpath","value":"//span[contains(@id ,\"title\")][contains(text(), \"WebdriverPartnerury0qf\")]"}
COMMAND: POST /session/f9c35cb0f654fe0671c8af76f3348fe1/execute/sync - {"script":"<script> [8489 bytes]","args":[{"element-6066-11e4-a52e-4f735466cecf":"f.BE4AEF3124ECB576A082C674F7474D70.d.31D9CA1C004D767F8C0ACB40BABF54A6.e.6003","ELEMENT":"f.BE4AEF3124ECB576A082C674F7474D70.d.31D9CA1C004D767F8C0ACB40BABF54A6.e.6003"}]}
COMMAND: POST /session/f9c35cb0f654fe0671c8af76f3348fe1/element - {"using":"xpath","value":"//*[contains(@data-kt ,\"webshopDetailCustomerLink\")]"}
RESULT: {"using":"xpath","value":"//*[contains(@data-kt ,\"webshopDetailCustomerLink\")]"}
COMMAND: POST /session/f9c35cb0f654fe0671c8af76f3348fe1/execute/sync - {"script":"<script> [8489 bytes]","args":[{"element-6066-11e4-a52e-4f735466cecf":"f.BE4AEF3124ECB576A082C674F7474D70.d.31D9CA1C004D767F8C0ACB40BABF54A6.e.6396","ELEMENT":"f.BE4AEF3124ECB576A082C674F7474D70.d.31D9CA1C004D767F8C0ACB40BABF54A6.e.6396"}]}
RESULT: {"script":"<script> [8489 bytes]","args":[{"element-6066-11e4-a52e-4f735466cecf":"f.BE4AEF3124ECB576A082C674F7474D70.d.31D9CA1C004D767F8C0ACB40BABF54A6.e.6396","ELEMENT":"f.BE4AEF3124ECB576A082C674F7474D70.d.31D9CA1C004D767F8C0ACB40BABF54A6.e.6396"}]}
COMMAND: POST /session/f9c35cb0f654fe0671c8af76f3348fe1/execute/sync - {"script":"<script> [5351 bytes]","args":[{"element-6066-11e4-a52e-4f735466cecf":"f.BE4AEF3124ECB576A082C674F7474D70.d.31D9CA1C004D767F8C0ACB40BABF54A6.e.6396","ELEMENT":"f.BE4AEF3124ECB576A082C674F7474D70.d.31D9CA1C004D767F8C0ACB40BABF54A6.e.6396"}]}
COMMAND: GET /session/f9c35cb0f654fe0671c8af76f3348fe1/screenshot - {}
RESULT: {"script":"<script> [5351 bytes]","args":[{"element-6066-11e4-a52e-4f735466cecf":"f.BE4AEF3124ECB576A082C674F7474D70.d.31D9CA1C004D767F8C0ACB40BABF54A6.e.6396","ELEMENT":"f.BE4AEF3124ECB576A082C674F7474D70.d.31D9CA1C004D767F8C0ACB40BABF54A6.e.6396"}]}
COMMAND: POST /session/f9c35cb0f654fe0671c8af76f3348fe1/element - {"using":"xpath","value":"//*[contains(@data-kt ,\"webshopDetailCustomerLink\")]"}
COMMAND: GET /session/f9c35cb0f654fe0671c8af76f3348fe1/screenshot - {}
RESULT: {}
RESULT: {"using":"xpath","value":"//*[contains(@data-kt ,\"webshopDetailCustomerLink\")]"}
COMMAND: POST /session/f9c35cb0f654fe0671c8af76f3348fe1/element/f.BE4AEF3124ECB576A082C674F7474D70.d.31D9CA1C004D767F8C0ACB40BABF54A6.e.6396/click - {}
COMMAND: POST /session/f9c35cb0f654fe0671c8af76f3348fe1/element - {"using":"xpath","value":"//span[contains(@id ,\"title\")][contains(text(), \"WebdriverPartnerury0qf\")]"}
RESULT: {}
RESULT: {"using":"xpath","value":"//span[contains(@id ,\"title\")][contains(text(), \"WebdriverPartnerury0qf\")]"}
RESULT: {}
COMMAND: GET /session/f9c35cb0f654fe0671c8af76f3348fe1/screenshot - {}
COMMAND: POST /session/f9c35cb0f654fe0671c8af76f3348fe1/element - {"using":"xpath","value":"//span[contains(@id ,\"title\")][contains(text(), \"WebdriverPartnerury0qf\")]"}
RESULT: {}
RESULT: {"using":"xpath","value":"//span[contains(@id ,\"title\")][contains(text(), \"WebdriverPartnerury0qf\")]"}
COMMAND: POST /session/f9c35cb0f654fe0671c8af76f3348fe1/execute/sync - {"script":"<script> [8489 bytes]","args":[{"element-6066-11e4-a52e-4f735466cecf":"f.BE4AEF3124ECB576A082C674F7474D70.d.31D9CA1C004D767F8C0ACB40BABF54A6.e.6399","ELEMENT":"f.BE4AEF3124ECB576A082C674F7474D70.d.31D9CA1C004D767F8C0ACB40BABF54A6.e.6399"}]}
RESULT: {"script":"<script> [8489 bytes]","args":[{"element-6066-11e4-a52e-4f735466cecf":"f.BE4AEF3124ECB576A082C674F7474D70.d.31D9CA1C004D767F8C0ACB40BABF54A6.e.6399","ELEMENT":"f.BE4AEF3124ECB576A082C674F7474D70.d.31D9CA1C004D767F8C0ACB40BABF54A6.e.6399"}]}
COMMAND: GET /session/f9c35cb0f654fe0671c8af76f3348fe1/screenshot - {}
RESULT: {}
COMMAND: POST /session/f9c35cb0f654fe0671c8af76f3348fe1/element - {"using":"xpath","value":"//button[contains(@data-kt ,\"ContextMenuExternalId2Link\")]"}
RESULT: {"using":"xpath","value":"//button[contains(@data-kt ,\"ContextMenuExternalId2Link\")]"}
COMMAND: POST /session/f9c35cb0f654fe0671c8af76f3348fe1/element/f.BE4AEF3124ECB576A082C674F7474D70.d.31D9CA1C004D767F8C0ACB40BABF54A6.e.6398/click - {}
RESULT: {}
COMMAND: GET /session/f9c35cb0f654fe0671c8af76f3348fe1/screenshot - {}
RESULT: {}
COMMAND: GET /session/f9c35cb0f654fe0671c8af76f3348fe1/window/handles - {}
RESULT: {}
COMMAND: POST /session/f9c35cb0f654fe0671c8af76f3348fe1/window - {"handle":"77529F2FA3190644D005BC8DDB5542A8"}
RESULT: {"handle":"77529F2FA3190644D005BC8DDB5542A8"}
COMMAND: GET /session/f9c35cb0f654fe0671c8af76f3348fe1/url - {}
RESULT: {}
COMMAND: GET /session/f9c35cb0f654fe0671c8af76f3348fe1/screenshot - {}
COMMAND: POST /session/f9c35cb0f654fe0671c8af76f3348fe1/execute/sync - {"script":"<script> [8489 bytes]","args":[{"element-6066-11e4-a52e-4f735466cecf":"f.BE4AEF3124ECB576A082C674F7474D70.d.31D9CA1C004D767F8C0ACB40BABF54A6.e.6399","ELEMENT":"f.BE4AEF3124ECB576A082C674F7474D70.d.31D9CA1C004D767F8C0ACB40BABF54A6.e.6399"}]}
COMMAND: DELETE /session/f9c35cb0f654fe0671c8af76f3348fe1/window - {}
RESULT: {}
RESULT: {"script":"<script> [8489 bytes]","args":[{"element-6066-11e4-a52e-4f735466cecf":"f.BE4AEF3124ECB576A082C674F7474D70.d.31D9CA1C004D767F8C0ACB40BABF54A6.e.6399","ELEMENT":"f.BE4AEF3124ECB576A082C674F7474D70.d.31D9CA1C004D767F8C0ACB40BABF54A6.e.6399"}]}
COMMAND: GET /session/f9c35cb0f654fe0671c8af76f3348fe1/screenshot - {}
COMMAND: POST /session/f9c35cb0f654fe0671c8af76f3348fe1/execute/sync - {"script":"<script> [8489 bytes]","args":[{"element-6066-11e4-a52e-4f735466cecf":"f.BE4AEF3124ECB576A082C674F7474D70.d.31D9CA1C004D767F8C0ACB40BABF54A6.e.6399","ELEMENT":"f.BE4AEF3124ECB576A082C674F7474D70.d.31D9CA1C004D767F8C0ACB40BABF54A6.e.6399"}]}
RESULT: {}
COMMAND: POST /session/f9c35cb0f654fe0671c8af76f3348fe1/window - {"handle":"BE4AEF3124ECB576A082C674F7474D70"}
RESULT: {"handle":"BE4AEF3124ECB576A082C674F7474D70"}
COMMAND: GET /session/f9c35cb0f654fe0671c8af76f3348fe1/url - {}
RESULT: {}
RESULT: {"script":"<script> [8489 bytes]","args":[{"element-6066-11e4-a52e-4f735466cecf":"f.BE4AEF3124ECB576A082C674F7474D70.d.31D9CA1C004D767F8C0ACB40BABF54A6.e.6399","ELEMENT":"f.BE4AEF3124ECB576A082C674F7474D70.d.31D9CA1C004D767F8C0ACB40BABF54A6.e.6399"}]}
COMMAND: GET /session/f9c35cb0f654fe0671c8af76f3348fe1/screenshot - {}
RESULT: {}
COMMAND: GET /session/f9c35cb0f654fe0671c8af76f3348fe1/screenshot - {}
RESULT: {}
RESULT: {}
COMMAND: POST /session/f9c35cb0f654fe0671c8af76f3348fe1/element - {"using":"xpath","value":"//*[contains(@data-kt ,\"webshopDetailContractLink\")]"}
RESULT: {"using":"xpath","value":"//*[contains(@data-kt ,\"webshopDetailContractLink\")]"}
COMMAND: POST /session/f9c35cb0f654fe0671c8af76f3348fe1/execute/sync - {"script":"<script> [8489 bytes]","args":[{"element-6066-11e4-a52e-4f735466cecf":"f.BE4AEF3124ECB576A082C674F7474D70.d.31D9CA1C004D767F8C0ACB40BABF54A6.e.6637","ELEMENT":"f.BE4AEF3124ECB576A082C674F7474D70.d.31D9CA1C004D767F8C0ACB40BABF54A6.e.6637"}]}
RESULT: {"script":"<script> [8489 bytes]","args":[{"element-6066-11e4-a52e-4f735466cecf":"f.BE4AEF3124ECB576A082C674F7474D70.d.31D9CA1C004D767F8C0ACB40BABF54A6.e.6637","ELEMENT":"f.BE4AEF3124ECB576A082C674F7474D70.d.31D9CA1C004D767F8C0ACB40BABF54A6.e.6637"}]}
COMMAND: POST /session/f9c35cb0f654fe0671c8af76f3348fe1/execute/sync - {"script":"<script> [5351 bytes]","args":[{"element-6066-11e4-a52e-4f735466cecf":"f.BE4AEF3124ECB576A082C674F7474D70.d.31D9CA1C004D767F8C0ACB40BABF54A6.e.6637","ELEMENT":"f.BE4AEF3124ECB576A082C674F7474D70.d.31D9CA1C004D767F8C0ACB40BABF54A6.e.6637"}]}
COMMAND: GET /session/f9c35cb0f654fe0671c8af76f3348fe1/screenshot - {}
RESULT: {"script":"<script> [5351 bytes]","args":[{"element-6066-11e4-a52e-4f735466cecf":"f.BE4AEF3124ECB576A082C674F7474D70.d.31D9CA1C004D767F8C0ACB40BABF54A6.e.6637","ELEMENT":"f.BE4AEF3124ECB576A082C674F7474D70.d.31D9CA1C004D767F8C0ACB40BABF54A6.e.6637"}]}
COMMAND: POST /session/f9c35cb0f654fe0671c8af76f3348fe1/element - {"using":"xpath","value":"//*[contains(@data-kt ,\"webshopDetailContractLink\")]"}
COMMAND: GET /session/f9c35cb0f654fe0671c8af76f3348fe1/screenshot - {}
RESULT: {}
RESULT: {"using":"xpath","value":"//*[contains(@data-kt ,\"webshopDetailContractLink\")]"}
COMMAND: POST /session/f9c35cb0f654fe0671c8af76f3348fe1/element/f.BE4AEF3124ECB576A082C674F7474D70.d.31D9CA1C004D767F8C0ACB40BABF54A6.e.6637/click - {}
RESULT: {}
RESULT: {}
COMMAND: GET /session/f9c35cb0f654fe0671c8af76f3348fe1/screenshot - {}
RESULT: {}
COMMAND: POST /session/f9c35cb0f654fe0671c8af76f3348fe1/element - {"using":"xpath","value":"//*[contains(@data-kt ,\"ContextMenuId2Link\")][contains(text(), \"Contract Overview\")]"}
RESULT: {"using":"xpath","value":"//*[contains(@data-kt ,\"ContextMenuId2Link\")][contains(text(), \"Contract Overview\")]"}
COMMAND: POST /session/f9c35cb0f654fe0671c8af76f3348fe1/execute/sync - {"script":"<script> [8489 bytes]","args":[{"element-6066-11e4-a52e-4f735466cecf":"f.BE4AEF3124ECB576A082C674F7474D70.d.31D9CA1C004D767F8C0ACB40BABF54A6.e.6639","ELEMENT":"f.BE4AEF3124ECB576A082C674F7474D70.d.31D9CA1C004D767F8C0ACB40BABF54A6.e.6639"}]}
COMMAND: POST /session/f9c35cb0f654fe0671c8af76f3348fe1/element - {"using":"xpath","value":"//*[contains(@data-kt ,\"ContextMenuId2Link\")][contains(text(), \"Contract Overview\")]"}
RESULT: {"script":"<script> [8489 bytes]","args":[{"element-6066-11e4-a52e-4f735466cecf":"f.BE4AEF3124ECB576A082C674F7474D70.d.31D9CA1C004D767F8C0ACB40BABF54A6.e.6639","ELEMENT":"f.BE4AEF3124ECB576A082C674F7474D70.d.31D9CA1C004D767F8C0ACB40BABF54A6.e.6639"}]}
COMMAND: GET /session/f9c35cb0f654fe0671c8af76f3348fe1/screenshot - {}
RESULT: {"using":"xpath","value":"//*[contains(@data-kt ,\"ContextMenuId2Link\")][contains(text(), \"Contract Overview\")]"}
COMMAND: POST /session/f9c35cb0f654fe0671c8af76f3348fe1/element/f.BE4AEF3124ECB576A082C674F7474D70.d.31D9CA1C004D767F8C0ACB40BABF54A6.e.6639/click - {}
RESULT: {}
RESULT: {}
COMMAND: GET /session/f9c35cb0f654fe0671c8af76f3348fe1/screenshot - {}
RESULT: {}
RESULT: undefined
COMMAND: POST /session/f9c35cb0f654fe0671c8af76f3348fe1/execute/async - {"script":"<script> [6424 bytes]","args":[{"element-6066-11e4-a52e-4f735466cecf":"f.BE4AEF3124ECB576A082C674F7474D70.d.31D9CA1C004D767F8C0ACB40BABF54A6.e.3145"},"getTitle",[]]}
COMMAND: POST /session/f9c35cb0f654fe0671c8af76f3348fe1/execute/async - {"script":"<script> [1562 bytes]","args":[{"selector":{"id":"shellAppTitle"},"wdio_ui5_key":"shellAppTitle"}]}
RESULT: {"script":"<script> [1562 bytes]","args":[{"selector":{"id":"shellAppTitle"},"wdio_ui5_key":"shellAppTitle"}]}
COMMAND: POST /session/f9c35cb0f654fe0671c8af76f3348fe1/execute/async - {"script":"<script> [6424 bytes]","args":[{"element-6066-11e4-a52e-4f735466cecf":"f.BE4AEF3124ECB576A082C674F7474D70.d.31D9CA1C004D767F8C0ACB40BABF54A6.e.6883"},"getTitle",[]]}
RESULT: {"script":"<script> [6424 bytes]","args":[{"element-6066-11e4-a52e-4f735466cecf":"f.BE4AEF3124ECB576A082C674F7474D70.d.31D9CA1C004D767F8C0ACB40BABF54A6.e.6883"},"getTitle",[]]}
COMMAND: POST /session/f9c35cb0f654fe0671c8af76f3348fe1/element - {"using":"xpath","value":"//span[contains(@id ,\"contractDetailTitleNoExpanded\")][contains(text(), \"10586\")]"}
RESULT: {"using":"xpath","value":"//span[contains(@id ,\"contractDetailTitleNoExpanded\")][contains(text(), \"10586\")]"}
COMMAND: POST /session/f9c35cb0f654fe0671c8af76f3348fe1/execute/sync - {"script":"<script> [8489 bytes]","args":[{"element-6066-11e4-a52e-4f735466cecf":"f.BE4AEF3124ECB576A082C674F7474D70.d.31D9CA1C004D767F8C0ACB40BABF54A6.e.6884","ELEMENT":"f.BE4AEF3124ECB576A082C674F7474D70.d.31D9CA1C004D767F8C0ACB40BABF54A6.e.6884"}]}
RESULT: undefined
COMMAND: POST /session/f9c35cb0f654fe0671c8af76f3348fe1/element - {"using":"xpath","value":"//*[@id=\"backBtn\"]"}
RESULT: {"script":"<script> [8489 bytes]","args":[{"element-6066-11e4-a52e-4f735466cecf":"f.BE4AEF3124ECB576A082C674F7474D70.d.31D9CA1C004D767F8C0ACB40BABF54A6.e.6884","ELEMENT":"f.BE4AEF3124ECB576A082C674F7474D70.d.31D9CA1C004D767F8C0ACB40BABF54A6.e.6884"}]}
COMMAND: GET /session/f9c35cb0f654fe0671c8af76f3348fe1/screenshot - {}
RESULT: {"using":"xpath","value":"//*[@id=\"backBtn\"]"}
COMMAND: POST /session/f9c35cb0f654fe0671c8af76f3348fe1/element/f.BE4AEF3124ECB576A082C674F7474D70.d.31D9CA1C004D767F8C0ACB40BABF54A6.e.3147/click - {}
RESULT: {}
RESULT: {}
COMMAND: GET /session/f9c35cb0f654fe0671c8af76f3348fe1/screenshot - {}
RESULT: {}
COMMAND: POST /session/f9c35cb0f654fe0671c8af76f3348fe1/execute/sync - {"script":"<script> [8489 bytes]","args":[{"element-6066-11e4-a52e-4f735466cecf":"f.BE4AEF3124ECB576A082C674F7474D70.d.31D9CA1C004D767F8C0ACB40BABF54A6.e.6637","ELEMENT":"f.BE4AEF3124ECB576A082C674F7474D70.d.31D9CA1C004D767F8C0ACB40BABF54A6.e.6637"}]}
COMMAND: POST /session/f9c35cb0f654fe0671c8af76f3348fe1/element - {"using":"xpath","value":"//*[contains(@data-kt ,\"webshopDetailContractLink\")]"}
RESULT: {"using":"xpath","value":"//*[contains(@data-kt ,\"webshopDetailContractLink\")]"}
COMMAND: POST /session/f9c35cb0f654fe0671c8af76f3348fe1/execute/sync - {"script":"<script> [8489 bytes]","args":[{"element-6066-11e4-a52e-4f735466cecf":"f.BE4AEF3124ECB576A082C674F7474D70.d.31D9CA1C004D767F8C0ACB40BABF54A6.e.7036","ELEMENT":"f.BE4AEF3124ECB576A082C674F7474D70.d.31D9CA1C004D767F8C0ACB40BABF54A6.e.7036"}]}
RESULT: {"script":"<script> [8489 bytes]","args":[{"element-6066-11e4-a52e-4f735466cecf":"f.BE4AEF3124ECB576A082C674F7474D70.d.31D9CA1C004D767F8C0ACB40BABF54A6.e.7036","ELEMENT":"f.BE4AEF3124ECB576A082C674F7474D70.d.31D9CA1C004D767F8C0ACB40BABF54A6.e.7036"}]}
COMMAND: POST /session/f9c35cb0f654fe0671c8af76f3348fe1/execute/sync - {"script":"<script> [5351 bytes]","args":[{"element-6066-11e4-a52e-4f735466cecf":"f.BE4AEF3124ECB576A082C674F7474D70.d.31D9CA1C004D767F8C0ACB40BABF54A6.e.7036","ELEMENT":"f.BE4AEF3124ECB576A082C674F7474D70.d.31D9CA1C004D767F8C0ACB40BABF54A6.e.7036"}]}
COMMAND: GET /session/f9c35cb0f654fe0671c8af76f3348fe1/screenshot - {}
RESULT: {"script":"<script> [5351 bytes]","args":[{"element-6066-11e4-a52e-4f735466cecf":"f.BE4AEF3124ECB576A082C674F7474D70.d.31D9CA1C004D767F8C0ACB40BABF54A6.e.7036","ELEMENT":"f.BE4AEF3124ECB576A082C674F7474D70.d.31D9CA1C004D767F8C0ACB40BABF54A6.e.7036"}]}
COMMAND: POST /session/f9c35cb0f654fe0671c8af76f3348fe1/element - {"using":"xpath","value":"//*[contains(@data-kt ,\"webshopDetailContractLink\")]"}
COMMAND: GET /session/f9c35cb0f654fe0671c8af76f3348fe1/screenshot - {}
RESULT: {}
RESULT: {"using":"xpath","value":"//*[contains(@data-kt ,\"webshopDetailContractLink\")]"}
COMMAND: POST /session/f9c35cb0f654fe0671c8af76f3348fe1/element/f.BE4AEF3124ECB576A082C674F7474D70.d.31D9CA1C004D767F8C0ACB40BABF54A6.e.7036/click - {}
RESULT: {}
RESULT: {}
COMMAND: GET /session/f9c35cb0f654fe0671c8af76f3348fe1/screenshot - {}
RESULT: {}
COMMAND: POST /session/f9c35cb0f654fe0671c8af76f3348fe1/element - {"using":"xpath","value":"//button[contains(@data-kt ,\"ContextMenuExternalId2Link\")]"}
RESULT: {"using":"xpath","value":"//button[contains(@data-kt ,\"ContextMenuExternalId2Link\")]"}
COMMAND: POST /session/f9c35cb0f654fe0671c8af76f3348fe1/element/f.BE4AEF3124ECB576A082C674F7474D70.d.31D9CA1C004D767F8C0ACB40BABF54A6.e.7037/click - {}
RESULT: {}
COMMAND: GET /session/f9c35cb0f654fe0671c8af76f3348fe1/screenshot - {}
RESULT: {}
COMMAND: GET /session/f9c35cb0f654fe0671c8af76f3348fe1/window/handles - {}
RESULT: {}
COMMAND: POST /session/f9c35cb0f654fe0671c8af76f3348fe1/window - {"handle":"80905346B82D116B590342CB44C1DE11"}
RESULT: {"handle":"80905346B82D116B590342CB44C1DE11"}
COMMAND: GET /session/f9c35cb0f654fe0671c8af76f3348fe1/url - {}
RESULT: {}
COMMAND: GET /session/f9c35cb0f654fe0671c8af76f3348fe1/screenshot - {}
RESULT: {}
COMMAND: POST /session/f9c35cb0f654fe0671c8af76f3348fe1/execute/sync - {"script":"<script> [8489 bytes]","args":[{"element-6066-11e4-a52e-4f735466cecf":"f.BE4AEF3124ECB576A082C674F7474D70.d.31D9CA1C004D767F8C0ACB40BABF54A6.e.6884","ELEMENT":"f.BE4AEF3124ECB576A082C674F7474D70.d.31D9CA1C004D767F8C0ACB40BABF54A6.e.6884"}]}
COMMAND: DELETE /session/f9c35cb0f654fe0671c8af76f3348fe1/window - {}
RESULT: {}
COMMAND: POST /session/f9c35cb0f654fe0671c8af76f3348fe1/window - {"handle":"BE4AEF3124ECB576A082C674F7474D70"}
RESULT: {"handle":"BE4AEF3124ECB576A082C674F7474D70"}
COMMAND: GET /session/f9c35cb0f654fe0671c8af76f3348fe1/url - {}
COMMAND: POST /session/f9c35cb0f654fe0671c8af76f3348fe1/element - {"using":"xpath","value":"//span[contains(@id ,\"contractDetailTitleNoExpanded\")][contains(text(), \"10586\")]"}
RESULT: {}
COMMAND: GET /session/f9c35cb0f654fe0671c8af76f3348fe1/screenshot - {}
RESULT: {"using":"xpath","value":"//span[contains(@id ,\"contractDetailTitleNoExpanded\")][contains(text(), \"10586\")]"}
COMMAND: POST /session/f9c35cb0f654fe0671c8af76f3348fe1/element - {"using":"xpath","value":"//span[contains(@id ,\"contractDetailTitleNoExpanded\")][contains(text(), \"10586\")]"}
RESULT: {}
RESULT: {"using":"xpath","value":"//span[contains(@id ,\"contractDetailTitleNoExpanded\")][contains(text(), \"10586\")]"}
COMMAND: POST /session/f9c35cb0f654fe0671c8af76f3348fe1/element - {"using":"xpath","value":"//span[contains(@id ,\"contractDetailTitleNoExpanded\")][contains(text(), \"10586\")]"}
RESULT: {"using":"xpath","value":"//span[contains(@id ,\"contractDetailTitleNoExpanded\")][contains(text(), \"10586\")]"}
COMMAND: POST /session/f9c35cb0f654fe0671c8af76f3348fe1/element - {"using":"xpath","value":"//span[contains(@id ,\"contractDetailTitleNoExpanded\")][contains(text(), \"10586\")]"}
RESULT: {"using":"xpath","value":"//span[contains(@id ,\"contractDetailTitleNoExpanded\")][contains(text(), \"10586\")]"}
COMMAND: POST /session/f9c35cb0f654fe0671c8af76f3348fe1/element - {"using":"xpath","value":"//span[contains(@id ,\"contractDetailTitleNoExpanded\")][contains(text(), \"10586\")]"}
RESULT: {"using":"xpath","value":"//span[contains(@id ,\"contractDetailTitleNoExpanded\")][contains(text(), \"10586\")]"}
COMMAND: POST /session/f9c35cb0f654fe0671c8af76f3348fe1/element - {"using":"xpath","value":"//span[contains(@id ,\"contractDetailTitleNoExpanded\")][contains(text(), \"10586\")]"}
RESULT: {"using":"xpath","value":"//span[contains(@id ,\"contractDetailTitleNoExpanded\")][contains(text(), \"10586\")]"}
COMMAND: POST /session/f9c35cb0f654fe0671c8af76f3348fe1/element - {"using":"xpath","value":"//span[contains(@id ,\"contractDetailTitleNoExpanded\")][contains(text(), \"10586\")]"}
RESULT: {"using":"xpath","value":"//span[contains(@id ,\"contractDetailTitleNoExpanded\")][contains(text(), \"10586\")]"}
COMMAND: POST /session/f9c35cb0f654fe0671c8af76f3348fe1/element - {"using":"xpath","value":"//span[contains(@id ,\"contractDetailTitleNoExpanded\")][contains(text(), \"10586\")]"}
RESULT: {"using":"xpath","value":"//span[contains(@id ,\"contractDetailTitleNoExpanded\")][contains(text(), \"10586\")]"}
COMMAND: POST /session/f9c35cb0f654fe0671c8af76f3348fe1/element - {"using":"xpath","value":"//span[contains(@id ,\"contractDetailTitleNoExpanded\")][contains(text(), \"10586\")]"}
RESULT: {"using":"xpath","value":"//span[contains(@id ,\"contractDetailTitleNoExpanded\")][contains(text(), \"10586\")]"}
COMMAND: POST /session/f9c35cb0f654fe0671c8af76f3348fe1/element - {"using":"xpath","value":"//span[contains(@id ,\"contractDetailTitleNoExpanded\")][contains(text(), \"10586\")]"}
RESULT: {"using":"xpath","value":"//span[contains(@id ,\"contractDetailTitleNoExpanded\")][contains(text(), \"10586\")]"}
COMMAND: POST /session/f9c35cb0f654fe0671c8af76f3348fe1/element - {"using":"xpath","value":"//*[contains(@data-kt ,\"webshopDetailCatalogItemLink\")]"}
RESULT: {"using":"xpath","value":"//*[contains(@data-kt ,\"webshopDetailCatalogItemLink\")]"}
COMMAND: POST /session/f9c35cb0f654fe0671c8af76f3348fe1/execute/sync - {"script":"<script> [8489 bytes]","args":[{"element-6066-11e4-a52e-4f735466cecf":"f.BE4AEF3124ECB576A082C674F7474D70.d.31D9CA1C004D767F8C0ACB40BABF54A6.e.7188","ELEMENT":"f.BE4AEF3124ECB576A082C674F7474D70.d.31D9CA1C004D767F8C0ACB40BABF54A6.e.7188"}]}
RESULT: {"script":"<script> [8489 bytes]","args":[{"element-6066-11e4-a52e-4f735466cecf":"f.BE4AEF3124ECB576A082C674F7474D70.d.31D9CA1C004D767F8C0ACB40BABF54A6.e.7188","ELEMENT":"f.BE4AEF3124ECB576A082C674F7474D70.d.31D9CA1C004D767F8C0ACB40BABF54A6.e.7188"}]}
COMMAND: POST /session/f9c35cb0f654fe0671c8af76f3348fe1/execute/sync - {"script":"<script> [5351 bytes]","args":[{"element-6066-11e4-a52e-4f735466cecf":"f.BE4AEF3124ECB576A082C674F7474D70.d.31D9CA1C004D767F8C0ACB40BABF54A6.e.7188","ELEMENT":"f.BE4AEF3124ECB576A082C674F7474D70.d.31D9CA1C004D767F8C0ACB40BABF54A6.e.7188"}]}
COMMAND: GET /session/f9c35cb0f654fe0671c8af76f3348fe1/screenshot - {}
RESULT: {"script":"<script> [5351 bytes]","args":[{"element-6066-11e4-a52e-4f735466cecf":"f.BE4AEF3124ECB576A082C674F7474D70.d.31D9CA1C004D767F8C0ACB40BABF54A6.e.7188","ELEMENT":"f.BE4AEF3124ECB576A082C674F7474D70.d.31D9CA1C004D767F8C0ACB40BABF54A6.e.7188"}]}
COMMAND: POST /session/f9c35cb0f654fe0671c8af76f3348fe1/element - {"using":"xpath","value":"//*[contains(@data-kt ,\"webshopDetailCatalogItemLink\")]"}
COMMAND: GET /session/f9c35cb0f654fe0671c8af76f3348fe1/screenshot - {}
RESULT: {}
RESULT: {"using":"xpath","value":"//*[contains(@data-kt ,\"webshopDetailCatalogItemLink\")]"}
COMMAND: POST /session/f9c35cb0f654fe0671c8af76f3348fe1/element/f.BE4AEF3124ECB576A082C674F7474D70.d.31D9CA1C004D767F8C0ACB40BABF54A6.e.7188/click - {}
COMMAND: POST /session/f9c35cb0f654fe0671c8af76f3348fe1/element - {"using":"xpath","value":"//span[contains(@id ,\"contractDetailTitleNoExpanded\")][contains(text(), \"10586\")]"}
RESULT: {}
RESULT: {}
RESULT: {"using":"xpath","value":"//span[contains(@id ,\"contractDetailTitleNoExpanded\")][contains(text(), \"10586\")]"}
COMMAND: GET /session/f9c35cb0f654fe0671c8af76f3348fe1/screenshot - {}
RESULT: {}
COMMAND: POST /session/f9c35cb0f654fe0671c8af76f3348fe1/element - {"using":"xpath","value":"//span[contains(@id ,\"contractDetailTitleNoExpanded\")][contains(text(), \"10586\")]"}
RESULT: {"using":"xpath","value":"//span[contains(@id ,\"contractDetailTitleNoExpanded\")][contains(text(), \"10586\")]"}
COMMAND: POST /session/f9c35cb0f654fe0671c8af76f3348fe1/element - {"using":"xpath","value":"//span[contains(@id ,\"contractDetailTitleNoExpanded\")][contains(text(), \"10586\")]"}
RESULT: {"using":"xpath","value":"//span[contains(@id ,\"contractDetailTitleNoExpanded\")][contains(text(), \"10586\")]"}
COMMAND: POST /session/f9c35cb0f654fe0671c8af76f3348fe1/element - {"using":"xpath","value":"//span[contains(@id ,\"contractDetailTitleNoExpanded\")][contains(text(), \"10586\")]"}
RESULT: {"using":"xpath","value":"//span[contains(@id ,\"contractDetailTitleNoExpanded\")][contains(text(), \"10586\")]"}
COMMAND: POST /session/f9c35cb0f654fe0671c8af76f3348fe1/element - {"using":"xpath","value":"//span[contains(@id ,\"contractDetailTitleNoExpanded\")][contains(text(), \"10586\")]"}
RESULT: {"using":"xpath","value":"//span[contains(@id ,\"contractDetailTitleNoExpanded\")][contains(text(), \"10586\")]"}
COMMAND: POST /session/f9c35cb0f654fe0671c8af76f3348fe1/element - {"using":"xpath","value":"//span[contains(@id ,\"contractDetailTitleNoExpanded\")][contains(text(), \"10586\")]"}
RESULT: {"using":"xpath","value":"//span[contains(@id ,\"contractDetailTitleNoExpanded\")][contains(text(), \"10586\")]"}
COMMAND: POST /session/f9c35cb0f654fe0671c8af76f3348fe1/element - {"using":"xpath","value":"//span[contains(@id ,\"contractDetailTitleNoExpanded\")][contains(text(), \"10586\")]"}
RESULT: {"using":"xpath","value":"//span[contains(@id ,\"contractDetailTitleNoExpanded\")][contains(text(), \"10586\")]"}
COMMAND: POST /session/f9c35cb0f654fe0671c8af76f3348fe1/element - {"using":"xpath","value":"//span[contains(@id ,\"contractDetailTitleNoExpanded\")][contains(text(), \"10586\")]"}
RESULT: {"using":"xpath","value":"//span[contains(@id ,\"contractDetailTitleNoExpanded\")][contains(text(), \"10586\")]"}
COMMAND: POST /session/f9c35cb0f654fe0671c8af76f3348fe1/element - {"using":"xpath","value":"(//span[contains(text(), \"Dri-Prime CD150M Diesel Pump\")])[2]"}
RESULT: {"using":"xpath","value":"(//span[contains(text(), \"Dri-Prime CD150M Diesel Pump\")])[2]"}
COMMAND: POST /session/f9c35cb0f654fe0671c8af76f3348fe1/execute/sync - {"script":"<script> [8489 bytes]","args":[{"element-6066-11e4-a52e-4f735466cecf":"f.BE4AEF3124ECB576A082C674F7474D70.d.31D9CA1C004D767F8C0ACB40BABF54A6.e.7195","ELEMENT":"f.BE4AEF3124ECB576A082C674F7474D70.d.31D9CA1C004D767F8C0ACB40BABF54A6.e.7195"}]}
COMMAND: POST /session/f9c35cb0f654fe0671c8af76f3348fe1/element - {"using":"xpath","value":"(//span[contains(text(), \"Description\")])[1]"}
RESULT: {"using":"xpath","value":"(//span[contains(text(), \"Description\")])[1]"}
COMMAND: GET /session/f9c35cb0f654fe0671c8af76f3348fe1/element/f.BE4AEF3124ECB576A082C674F7474D70.d.31D9CA1C004D767F8C0ACB40BABF54A6.e.7196/rect - {}
RESULT: {"script":"<script> [8489 bytes]","args":[{"element-6066-11e4-a52e-4f735466cecf":"f.BE4AEF3124ECB576A082C674F7474D70.d.31D9CA1C004D767F8C0ACB40BABF54A6.e.7195","ELEMENT":"f.BE4AEF3124ECB576A082C674F7474D70.d.31D9CA1C004D767F8C0ACB40BABF54A6.e.7195"}]}
COMMAND: GET /session/f9c35cb0f654fe0671c8af76f3348fe1/screenshot - {}
RESULT: {}
COMMAND: GET /session/f9c35cb0f654fe0671c8af76f3348fe1/window/rect - {}
RESULT: {}
RESULT: {}
COMMAND: POST /session/f9c35cb0f654fe0671c8af76f3348fe1/execute/sync - {"script":"<script> [92 bytes]","args":[]}
COMMAND: POST /session/f9c35cb0f654fe0671c8af76f3348fe1/element - {"using":"xpath","value":"//span[contains(@id ,\"contractDetailTitleNoExpanded\")][contains(text(), \"10586\")]"}
RESULT: {"script":"<script> [92 bytes]","args":[]}
COMMAND: POST /session/f9c35cb0f654fe0671c8af76f3348fe1/actions - {"actions":[{"id":"action10","type":"wheel","parameters":{},"actions":[{"type":"scroll","x":-1833,"y":-23,"deltaX":0,"deltaY":0,"duration":0,"origin":{"element-6066-11e4-a52e-4f735466cecf":"f.BE4AEF3124ECB576A082C674F7474D70.d.31D9CA1C004D767F8C0ACB40BABF54A6.e.7196"}}]}]}
COMMAND: GET /session/f9c35cb0f654fe0671c8af76f3348fe1/screenshot - {}
RESULT: {"using":"xpath","value":"//span[contains(@id ,\"contractDetailTitleNoExpanded\")][contains(text(), \"10586\")]"}
RESULT: {}
COMMAND: POST /session/f9c35cb0f654fe0671c8af76f3348fe1/execute/sync - {"script":"<script> [79 bytes]","args":[{"element-6066-11e4-a52e-4f735466cecf":"f.BE4AEF3124ECB576A082C674F7474D70.d.31D9CA1C004D767F8C0ACB40BABF54A6.e.7196","ELEMENT":"f.BE4AEF3124ECB576A082C674F7474D70.d.31D9CA1C004D767F8C0ACB40BABF54A6.e.7196"},{"block":"start","inline":"nearest"}]}
RESULT: {"script":"<script> [79 bytes]","args":[{"element-6066-11e4-a52e-4f735466cecf":"f.BE4AEF3124ECB576A082C674F7474D70.d.31D9CA1C004D767F8C0ACB40BABF54A6.e.7196","ELEMENT":"f.BE4AEF3124ECB576A082C674F7474D70.d.31D9CA1C004D767F8C0ACB40BABF54A6.e.7196"},{"block":"start","inline":"nearest"}]}
COMMAND: GET /session/f9c35cb0f654fe0671c8af76f3348fe1/screenshot - {}
COMMAND: POST /session/f9c35cb0f654fe0671c8af76f3348fe1/element - {"using":"xpath","value":"//span[contains(@id ,\"contractDetailTitleNoExpanded\")][contains(text(), \"10586\")]"}
RESULT: {}
RESULT: {"using":"xpath","value":"//span[contains(@id ,\"contractDetailTitleNoExpanded\")][contains(text(), \"10586\")]"}
COMMAND: POST /session/f9c35cb0f654fe0671c8af76f3348fe1/element - {"using":"xpath","value":"//span[contains(@id ,\"contractDetailTitleNoExpanded\")][contains(text(), \"10586\")]"}
RESULT: {"using":"xpath","value":"//span[contains(@id ,\"contractDetailTitleNoExpanded\")][contains(text(), \"10586\")]"}
COMMAND: POST /session/f9c35cb0f654fe0671c8af76f3348fe1/element - {"using":"xpath","value":"//span[contains(@id ,\"contractDetailTitleNoExpanded\")][contains(text(), \"10586\")]"}
RESULT: {"using":"xpath","value":"//span[contains(@id ,\"contractDetailTitleNoExpanded\")][contains(text(), \"10586\")]"}
COMMAND: POST /session/f9c35cb0f654fe0671c8af76f3348fe1/element - {"using":"xpath","value":"//span[contains(@id ,\"contractDetailTitleNoExpanded\")][contains(text(), \"10586\")]"}
RESULT: {"using":"xpath","value":"//span[contains(@id ,\"contractDetailTitleNoExpanded\")][contains(text(), \"10586\")]"}
COMMAND: POST /session/f9c35cb0f654fe0671c8af76f3348fe1/element - {"using":"xpath","value":"//span[contains(@id ,\"contractDetailTitleNoExpanded\")][contains(text(), \"10586\")]"}
RESULT: {"using":"xpath","value":"//span[contains(@id ,\"contractDetailTitleNoExpanded\")][contains(text(), \"10586\")]"}
COMMAND: POST /session/f9c35cb0f654fe0671c8af76f3348fe1/element - {"using":"xpath","value":"//span[contains(@id ,\"contractDetailTitleNoExpanded\")][contains(text(), \"10586\")]"}
COMMAND: POST /session/f9c35cb0f654fe0671c8af76f3348fe1/element - {"using":"xpath","value":"(//textarea[@rows=\"15\"])[1]"}
RESULT: {"using":"xpath","value":"//span[contains(@id ,\"contractDetailTitleNoExpanded\")][contains(text(), \"10586\")]"}
RESULT: {"using":"xpath","value":"(//textarea[@rows=\"15\"])[1]"}
COMMAND: POST /session/f9c35cb0f654fe0671c8af76f3348fe1/execute/sync - {"script":"<script> [8489 bytes]","args":[{"element-6066-11e4-a52e-4f735466cecf":"f.BE4AEF3124ECB576A082C674F7474D70.d.31D9CA1C004D767F8C0ACB40BABF54A6.e.7194","ELEMENT":"f.BE4AEF3124ECB576A082C674F7474D70.d.31D9CA1C004D767F8C0ACB40BABF54A6.e.7194"}]}
RESULT: {"script":"<script> [8489 bytes]","args":[{"element-6066-11e4-a52e-4f735466cecf":"f.BE4AEF3124ECB576A082C674F7474D70.d.31D9CA1C004D767F8C0ACB40BABF54A6.e.7194","ELEMENT":"f.BE4AEF3124ECB576A082C674F7474D70.d.31D9CA1C004D767F8C0ACB40BABF54A6.e.7194"}]}
COMMAND: GET /session/f9c35cb0f654fe0671c8af76f3348fe1/screenshot - {}
COMMAND: POST /session/f9c35cb0f654fe0671c8af76f3348fe1/element - {"using":"xpath","value":"//span[contains(@id ,\"contractDetailTitleNoExpanded\")][contains(text(), \"10586\")]"}
RESULT: {}
RESULT: {"using":"xpath","value":"//span[contains(@id ,\"contractDetailTitleNoExpanded\")][contains(text(), \"10586\")]"}
COMMAND: POST /session/f9c35cb0f654fe0671c8af76f3348fe1/element - {"using":"xpath","value":"//span[contains(@id ,\"contractDetailTitleNoExpanded\")][contains(text(), \"10586\")]"}
RESULT: {"using":"xpath","value":"//span[contains(@id ,\"contractDetailTitleNoExpanded\")][contains(text(), \"10586\")]"}
COMMAND: POST /session/f9c35cb0f654fe0671c8af76f3348fe1/element - {"using":"xpath","value":"//span[contains(@id ,\"contractDetailTitleNoExpanded\")][contains(text(), \"10586\")]"}
RESULT: {"using":"xpath","value":"//span[contains(@id ,\"contractDetailTitleNoExpanded\")][contains(text(), \"10586\")]"}
COMMAND: POST /session/f9c35cb0f654fe0671c8af76f3348fe1/element - {"using":"xpath","value":"//span[contains(@id ,\"contractDetailTitleNoExpanded\")][contains(text(), \"10586\")]"}
RESULT: {"using":"xpath","value":"//span[contains(@id ,\"contractDetailTitleNoExpanded\")][contains(text(), \"10586\")]"}
COMMAND: POST /session/f9c35cb0f654fe0671c8af76f3348fe1/element - {"using":"xpath","value":"//span[contains(@id ,\"contractDetailTitleNoExpanded\")][contains(text(), \"10586\")]"}
RESULT: {"using":"xpath","value":"//span[contains(@id ,\"contractDetailTitleNoExpanded\")][contains(text(), \"10586\")]"}
COMMAND: POST /session/f9c35cb0f654fe0671c8af76f3348fe1/element - {"using":"xpath","value":"//span[contains(@id ,\"contractDetailTitleNoExpanded\")][contains(text(), \"10586\")]"}
RESULT: {"using":"xpath","value":"//span[contains(@id ,\"contractDetailTitleNoExpanded\")][contains(text(), \"10586\")]"}
COMMAND: POST /session/f9c35cb0f654fe0671c8af76f3348fe1/element - {"using":"xpath","value":"//span[contains(@id ,\"contractDetailTitleNoExpanded\")][contains(text(), \"10586\")]"}
RESULT: {"using":"xpath","value":"//span[contains(@id ,\"contractDetailTitleNoExpanded\")][contains(text(), \"10586\")]"}
COMMAND: POST /session/f9c35cb0f654fe0671c8af76f3348fe1/element - {"using":"xpath","value":"//span[contains(@id ,\"contractDetailTitleNoExpanded\")][contains(text(), \"10586\")]"}
RESULT: {"using":"xpath","value":"//span[contains(@id ,\"contractDetailTitleNoExpanded\")][contains(text(), \"10586\")]"}
COMMAND: POST /session/f9c35cb0f654fe0671c8af76f3348fe1/element - {"using":"xpath","value":"//span[contains(@id ,\"contractDetailTitleNoExpanded\")][contains(text(), \"10586\")]"}
RESULT: {"using":"xpath","value":"//span[contains(@id ,\"contractDetailTitleNoExpanded\")][contains(text(), \"10586\")]"}
COMMAND: POST /session/f9c35cb0f654fe0671c8af76f3348fe1/execute/async - {"script":"<script> [1562 bytes]","args":[{"selector":{"controlType":"sap.tnt.NavigationListItem","viewName":"etm.portal.ui.webshop.view.RequestDetail","i18NText":{"propertyName":"text","key":"exit"},"interaction":{"idSuffix":"a"}},"wdio_ui5_key":"etmportal.ui.webshop.view.RequestDetailsap.tnt.NavigationListItem{\"propertyName\":\"text\",\"key\":\"exit\"}"}]}
COMMAND: POST /session/f9c35cb0f654fe0671c8af76f3348fe1/element - {"using":"xpath","value":"//span[contains(@id ,\"contractDetailTitleNoExpanded\")][contains(text(), \"10586\")]"}
RESULT: {"script":"<script> [1562 bytes]","args":[{"selector":{"controlType":"sap.tnt.NavigationListItem","viewName":"etm.portal.ui.webshop.view.RequestDetail","i18NText":{"propertyName":"text","key":"exit"},"interaction":{"idSuffix":"a"}},"wdio_ui5_key":"etmportal.ui.webshop.view.RequestDetailsap.tnt.NavigationListItem{\"propertyName\":\"text\",\"key\":\"exit\"}"}]}
RESULT: undefined
COMMAND: POST /session/f9c35cb0f654fe0671c8af76f3348fe1/element - {"using":"xpath","value":"//*[@id=\"__item5329\"]"}
RESULT: {"using":"xpath","value":"//span[contains(@id ,\"contractDetailTitleNoExpanded\")][contains(text(), \"10586\")]"}
RESULT: {"using":"xpath","value":"//*[@id=\"__item5329\"]"}
COMMAND: POST /session/f9c35cb0f654fe0671c8af76f3348fe1/element/f.BE4AEF3124ECB576A082C674F7474D70.d.31D9CA1C004D767F8C0ACB40BABF54A6.e.7202/click - {}
COMMAND: POST /session/f9c35cb0f654fe0671c8af76f3348fe1/element - {"using":"xpath","value":"//span[contains(@id ,\"contractDetailTitleNoExpanded\")][contains(text(), \"10586\")]"}
RESULT: {}
COMMAND: GET /session/f9c35cb0f654fe0671c8af76f3348fe1/screenshot - {}
RESULT: {"using":"xpath","value":"//span[contains(@id ,\"contractDetailTitleNoExpanded\")][contains(text(), \"10586\")]"}
COMMAND: POST /session/f9c35cb0f654fe0671c8af76f3348fe1/element - {"using":"xpath","value":"//span[contains(@id ,\"contractDetailTitleNoExpanded\")][contains(text(), \"10586\")]"}
RESULT: {}
RESULT: {"using":"xpath","value":"//span[contains(@id ,\"contractDetailTitleNoExpanded\")][contains(text(), \"10586\")]"}
COMMAND: POST /session/f9c35cb0f654fe0671c8af76f3348fe1/element - {"using":"xpath","value":"//span[contains(@id ,\"contractDetailTitleNoExpanded\")][contains(text(), \"10586\")]"}
RESULT: {"using":"xpath","value":"//span[contains(@id ,\"contractDetailTitleNoExpanded\")][contains(text(), \"10586\")]"}
COMMAND: POST /session/f9c35cb0f654fe0671c8af76f3348fe1/element - {"using":"xpath","value":"//span[contains(@id ,\"contractDetailTitleNoExpanded\")][contains(text(), \"10586\")]"}
RESULT: {"using":"xpath","value":"//span[contains(@id ,\"contractDetailTitleNoExpanded\")][contains(text(), \"10586\")]"}
COMMAND: POST /session/f9c35cb0f654fe0671c8af76f3348fe1/element - {"using":"xpath","value":"//span[contains(@id ,\"contractDetailTitleNoExpanded\")][contains(text(), \"10586\")]"}
RESULT: {"using":"xpath","value":"//span[contains(@id ,\"contractDetailTitleNoExpanded\")][contains(text(), \"10586\")]"}
COMMAND: POST /session/f9c35cb0f654fe0671c8af76f3348fe1/element - {"using":"xpath","value":"//span[contains(@id ,\"contractDetailTitleNoExpanded\")][contains(text(), \"10586\")]"}
RESULT: {"using":"xpath","value":"//span[contains(@id ,\"contractDetailTitleNoExpanded\")][contains(text(), \"10586\")]"}
COMMAND: POST /session/f9c35cb0f654fe0671c8af76f3348fe1/element - {"using":"xpath","value":"//span[contains(@id ,\"contractDetailTitleNoExpanded\")][contains(text(), \"10586\")]"}
RESULT: {"using":"xpath","value":"//span[contains(@id ,\"contractDetailTitleNoExpanded\")][contains(text(), \"10586\")]"}
COMMAND: POST /session/f9c35cb0f654fe0671c8af76f3348fe1/element - {"using":"xpath","value":"//span[contains(@id ,\"contractDetailTitleNoExpanded\")][contains(text(), \"10586\")]"}
RESULT: {"using":"xpath","value":"//span[contains(@id ,\"contractDetailTitleNoExpanded\")][contains(text(), \"10586\")]"}
COMMAND: POST /session/f9c35cb0f654fe0671c8af76f3348fe1/element - {"using":"xpath","value":"//span[contains(@id ,\"contractDetailTitleNoExpanded\")][contains(text(), \"10586\")]"}
RESULT: {"using":"xpath","value":"//span[contains(@id ,\"contractDetailTitleNoExpanded\")][contains(text(), \"10586\")]"}
COMMAND: POST /session/f9c35cb0f654fe0671c8af76f3348fe1/element - {"using":"xpath","value":"//span[contains(@id ,\"contractDetailTitleNoExpanded\")][contains(text(), \"10586\")]"}
RESULT: {"using":"xpath","value":"//span[contains(@id ,\"contractDetailTitleNoExpanded\")][contains(text(), \"10586\")]"}
COMMAND: POST /session/f9c35cb0f654fe0671c8af76f3348fe1/element - {"using":"xpath","value":"//span[contains(@id ,\"contractDetailTitleNoExpanded\")][contains(text(), \"10586\")]"}
RESULT: {"using":"xpath","value":"//span[contains(@id ,\"contractDetailTitleNoExpanded\")][contains(text(), \"10586\")]"}
COMMAND: POST /session/f9c35cb0f654fe0671c8af76f3348fe1/element - {"using":"xpath","value":"//span[contains(@id ,\"contractDetailTitleNoExpanded\")][contains(text(), \"10586\")]"}
RESULT: {"using":"xpath","value":"//span[contains(@id ,\"contractDetailTitleNoExpanded\")][contains(text(), \"10586\")]"}
COMMAND: POST /session/f9c35cb0f654fe0671c8af76f3348fe1/element - {"using":"xpath","value":"//span[contains(@id ,\"contractDetailTitleNoExpanded\")][contains(text(), \"10586\")]"}
RESULT: {"using":"xpath","value":"//span[contains(@id ,\"contractDetailTitleNoExpanded\")][contains(text(), \"10586\")]"}
COMMAND: POST /session/f9c35cb0f654fe0671c8af76f3348fe1/element - {"using":"xpath","value":"//span[contains(@id ,\"contractDetailTitleNoExpanded\")][contains(text(), \"10586\")]"}
RESULT: {"using":"xpath","value":"//span[contains(@id ,\"contractDetailTitleNoExpanded\")][contains(text(), \"10586\")]"}
COMMAND: POST /session/f9c35cb0f654fe0671c8af76f3348fe1/element - {"using":"xpath","value":"//span[contains(@id ,\"contractDetailTitleNoExpanded\")][contains(text(), \"10586\")]"}
RESULT: {"using":"xpath","value":"//span[contains(@id ,\"contractDetailTitleNoExpanded\")][contains(text(), \"10586\")]"}
COMMAND: POST /session/f9c35cb0f654fe0671c8af76f3348fe1/element - {"using":"xpath","value":"//span[contains(@id ,\"contractDetailTitleNoExpanded\")][contains(text(), \"10586\")]"}
RESULT: {"using":"xpath","value":"//span[contains(@id ,\"contractDetailTitleNoExpanded\")][contains(text(), \"10586\")]"}
COMMAND: POST /session/f9c35cb0f654fe0671c8af76f3348fe1/element - {"using":"xpath","value":"//span[contains(@id ,\"contractDetailTitleNoExpanded\")][contains(text(), \"10586\")]"}
RESULT: {"using":"xpath","value":"//span[contains(@id ,\"contractDetailTitleNoExpanded\")][contains(text(), \"10586\")]"}
COMMAND: POST /session/f9c35cb0f654fe0671c8af76f3348fe1/element - {"using":"xpath","value":"//span[contains(@id ,\"contractDetailTitleNoExpanded\")][contains(text(), \"10586\")]"}
RESULT: {"using":"xpath","value":"//span[contains(@id ,\"contractDetailTitleNoExpanded\")][contains(text(), \"10586\")]"}
COMMAND: POST /session/f9c35cb0f654fe0671c8af76f3348fe1/element - {"using":"xpath","value":"//span[contains(@id ,\"contractDetailTitleNoExpanded\")][contains(text(), \"10586\")]"}
RESULT: {"using":"xpath","value":"//span[contains(@id ,\"contractDetailTitleNoExpanded\")][contains(text(), \"10586\")]"}
COMMAND: POST /session/f9c35cb0f654fe0671c8af76f3348fe1/element - {"using":"xpath","value":"//span[contains(@id ,\"contractDetailTitleNoExpanded\")][contains(text(), \"10586\")]"}
RESULT: {"using":"xpath","value":"//span[contains(@id ,\"contractDetailTitleNoExpanded\")][contains(text(), \"10586\")]"}
COMMAND: POST /session/f9c35cb0f654fe0671c8af76f3348fe1/element - {"using":"xpath","value":"//span[contains(@id ,\"contractDetailTitleNoExpanded\")][contains(text(), \"10586\")]"}
RESULT: {"using":"xpath","value":"//span[contains(@id ,\"contractDetailTitleNoExpanded\")][contains(text(), \"10586\")]"}
COMMAND: POST /session/f9c35cb0f654fe0671c8af76f3348fe1/element - {"using":"xpath","value":"//span[contains(@id ,\"contractDetailTitleNoExpanded\")][contains(text(), \"10586\")]"}
RESULT: {"using":"xpath","value":"//span[contains(@id ,\"contractDetailTitleNoExpanded\")][contains(text(), \"10586\")]"}
COMMAND: POST /session/f9c35cb0f654fe0671c8af76f3348fe1/element - {"using":"xpath","value":"//span[contains(@id ,\"contractDetailTitleNoExpanded\")][contains(text(), \"10586\")]"}
RESULT: {"using":"xpath","value":"//span[contains(@id ,\"contractDetailTitleNoExpanded\")][contains(text(), \"10586\")]"}
COMMAND: POST /session/f9c35cb0f654fe0671c8af76f3348fe1/element - {"using":"xpath","value":"//span[contains(@id ,\"contractDetailTitleNoExpanded\")][contains(text(), \"10586\")]"}
RESULT: {"using":"xpath","value":"//span[contains(@id ,\"contractDetailTitleNoExpanded\")][contains(text(), \"10586\")]"}
COMMAND: POST /session/f9c35cb0f654fe0671c8af76f3348fe1/element - {"using":"xpath","value":"//span[contains(@id ,\"contractDetailTitleNoExpanded\")][contains(text(), \"10586\")]"}
RESULT: {"using":"xpath","value":"//span[contains(@id ,\"contractDetailTitleNoExpanded\")][contains(text(), \"10586\")]"}
COMMAND: POST /session/f9c35cb0f654fe0671c8af76f3348fe1/element - {"using":"xpath","value":"//span[contains(@id ,\"contractDetailTitleNoExpanded\")][contains(text(), \"10586\")]"}
RESULT: {"using":"xpath","value":"//span[contains(@id ,\"contractDetailTitleNoExpanded\")][contains(text(), \"10586\")]"}
COMMAND: POST /session/f9c35cb0f654fe0671c8af76f3348fe1/element - {"using":"xpath","value":"//span[contains(@id ,\"contractDetailTitleNoExpanded\")][contains(text(), \"10586\")]"}
RESULT: {"using":"xpath","value":"//span[contains(@id ,\"contractDetailTitleNoExpanded\")][contains(text(), \"10586\")]"}
COMMAND: POST /session/f9c35cb0f654fe0671c8af76f3348fe1/element - {"using":"xpath","value":"//span[contains(@id ,\"contractDetailTitleNoExpanded\")][contains(text(), \"10586\")]"}
RESULT: {"using":"xpath","value":"//span[contains(@id ,\"contractDetailTitleNoExpanded\")][contains(text(), \"10586\")]"}
COMMAND: POST /session/f9c35cb0f654fe0671c8af76f3348fe1/element - {"using":"xpath","value":"//span[contains(@id ,\"contractDetailTitleNoExpanded\")][contains(text(), \"10586\")]"}
RESULT: {"using":"xpath","value":"//span[contains(@id ,\"contractDetailTitleNoExpanded\")][contains(text(), \"10586\")]"}
COMMAND: POST /session/f9c35cb0f654fe0671c8af76f3348fe1/element - {"using":"xpath","value":"//span[contains(@id ,\"contractDetailTitleNoExpanded\")][contains(text(), \"10586\")]"}
RESULT: {"using":"xpath","value":"//span[contains(@id ,\"contractDetailTitleNoExpanded\")][contains(text(), \"10586\")]"}
COMMAND: POST /session/f9c35cb0f654fe0671c8af76f3348fe1/element - {"using":"xpath","value":"//span[contains(@id ,\"contractDetailTitleNoExpanded\")][contains(text(), \"10586\")]"}
RESULT: {"using":"xpath","value":"//span[contains(@id ,\"contractDetailTitleNoExpanded\")][contains(text(), \"10586\")]"}
COMMAND: POST /session/f9c35cb0f654fe0671c8af76f3348fe1/element - {"using":"xpath","value":"//span[contains(@id ,\"contractDetailTitleNoExpanded\")][contains(text(), \"10586\")]"}
RESULT: {"using":"xpath","value":"//span[contains(@id ,\"contractDetailTitleNoExpanded\")][contains(text(), \"10586\")]"}
COMMAND: POST /session/f9c35cb0f654fe0671c8af76f3348fe1/element - {"using":"xpath","value":"//span[contains(@id ,\"contractDetailTitleNoExpanded\")][contains(text(), \"10586\")]"}
RESULT: {"using":"xpath","value":"//span[contains(@id ,\"contractDetailTitleNoExpanded\")][contains(text(), \"10586\")]"}
COMMAND: POST /session/f9c35cb0f654fe0671c8af76f3348fe1/element - {"using":"xpath","value":"//span[contains(@id ,\"contractDetailTitleNoExpanded\")][contains(text(), \"10586\")]"}
RESULT: {"using":"xpath","value":"//span[contains(@id ,\"contractDetailTitleNoExpanded\")][contains(text(), \"10586\")]"}
COMMAND: POST /session/f9c35cb0f654fe0671c8af76f3348fe1/element - {"using":"xpath","value":"//span[contains(@id ,\"contractDetailTitleNoExpanded\")][contains(text(), \"10586\")]"}
RESULT: {"using":"xpath","value":"//span[contains(@id ,\"contractDetailTitleNoExpanded\")][contains(text(), \"10586\")]"}
COMMAND: POST /session/f9c35cb0f654fe0671c8af76f3348fe1/element - {"using":"xpath","value":"//span[contains(@id ,\"contractDetailTitleNoExpanded\")][contains(text(), \"10586\")]"}
RESULT: {"using":"xpath","value":"//span[contains(@id ,\"contractDetailTitleNoExpanded\")][contains(text(), \"10586\")]"}
COMMAND: POST /session/f9c35cb0f654fe0671c8af76f3348fe1/element - {"using":"xpath","value":"//span[contains(@id ,\"contractDetailTitleNoExpanded\")][contains(text(), \"10586\")]"}
RESULT: {"using":"xpath","value":"//span[contains(@id ,\"contractDetailTitleNoExpanded\")][contains(text(), \"10586\")]"}
COMMAND: POST /session/f9c35cb0f654fe0671c8af76f3348fe1/element - {"using":"xpath","value":"//span[contains(@id ,\"contractDetailTitleNoExpanded\")][contains(text(), \"10586\")]"}
RESULT: {"using":"xpath","value":"//span[contains(@id ,\"contractDetailTitleNoExpanded\")][contains(text(), \"10586\")]"}
COMMAND: POST /session/f9c35cb0f654fe0671c8af76f3348fe1/element - {"using":"xpath","value":"//span[contains(@id ,\"contractDetailTitleNoExpanded\")][contains(text(), \"10586\")]"}
RESULT: {"using":"xpath","value":"//span[contains(@id ,\"contractDetailTitleNoExpanded\")][contains(text(), \"10586\")]"}
COMMAND: POST /session/f9c35cb0f654fe0671c8af76f3348fe1/element - {"using":"xpath","value":"//span[contains(@id ,\"contractDetailTitleNoExpanded\")][contains(text(), \"10586\")]"}
RESULT: {"using":"xpath","value":"//span[contains(@id ,\"contractDetailTitleNoExpanded\")][contains(text(), \"10586\")]"}
COMMAND: POST /session/f9c35cb0f654fe0671c8af76f3348fe1/element - {"using":"xpath","value":"//span[contains(@id ,\"contractDetailTitleNoExpanded\")][contains(text(), \"10586\")]"}
RESULT: {"using":"xpath","value":"//span[contains(@id ,\"contractDetailTitleNoExpanded\")][contains(text(), \"10586\")]"}
COMMAND: POST /session/f9c35cb0f654fe0671c8af76f3348fe1/element - {"using":"xpath","value":"//span[contains(@id ,\"contractDetailTitleNoExpanded\")][contains(text(), \"10586\")]"}
RESULT: {"using":"xpath","value":"//span[contains(@id ,\"contractDetailTitleNoExpanded\")][contains(text(), \"10586\")]"}
COMMAND: POST /session/f9c35cb0f654fe0671c8af76f3348fe1/element - {"using":"xpath","value":"//span[contains(@id ,\"contractDetailTitleNoExpanded\")][contains(text(), \"10586\")]"}
RESULT: {"using":"xpath","value":"//span[contains(@id ,\"contractDetailTitleNoExpanded\")][contains(text(), \"10586\")]"}
COMMAND: POST /session/f9c35cb0f654fe0671c8af76f3348fe1/element - {"using":"xpath","value":"//span[contains(@id ,\"contractDetailTitleNoExpanded\")][contains(text(), \"10586\")]"}
RESULT: {"using":"xpath","value":"//span[contains(@id ,\"contractDetailTitleNoExpanded\")][contains(text(), \"10586\")]"}
COMMAND: POST /session/f9c35cb0f654fe0671c8af76f3348fe1/element - {"using":"xpath","value":"//span[contains(@id ,\"contractDetailTitleNoExpanded\")][contains(text(), \"10586\")]"}
RESULT: {"using":"xpath","value":"//span[contains(@id ,\"contractDetailTitleNoExpanded\")][contains(text(), \"10586\")]"}
COMMAND: POST /session/f9c35cb0f654fe0671c8af76f3348fe1/element - {"using":"xpath","value":"//span[contains(@id ,\"contractDetailTitleNoExpanded\")][contains(text(), \"10586\")]"}
RESULT: {"using":"xpath","value":"//span[contains(@id ,\"contractDetailTitleNoExpanded\")][contains(text(), \"10586\")]"}
COMMAND: POST /session/f9c35cb0f654fe0671c8af76f3348fe1/element - {"using":"xpath","value":"//span[contains(@id ,\"contractDetailTitleNoExpanded\")][contains(text(), \"10586\")]"}
RESULT: {"using":"xpath","value":"//span[contains(@id ,\"contractDetailTitleNoExpanded\")][contains(text(), \"10586\")]"}
COMMAND: POST /session/f9c35cb0f654fe0671c8af76f3348fe1/element - {"using":"xpath","value":"//span[contains(@id ,\"contractDetailTitleNoExpanded\")][contains(text(), \"10586\")]"}
RESULT: {"using":"xpath","value":"//span[contains(@id ,\"contractDetailTitleNoExpanded\")][contains(text(), \"10586\")]"}
COMMAND: POST /session/f9c35cb0f654fe0671c8af76f3348fe1/element - {"using":"xpath","value":"//span[contains(@id ,\"contractDetailTitleNoExpanded\")][contains(text(), \"10586\")]"}
RESULT: {"using":"xpath","value":"//span[contains(@id ,\"contractDetailTitleNoExpanded\")][contains(text(), \"10586\")]"}
COMMAND: POST /session/f9c35cb0f654fe0671c8af76f3348fe1/element - {"using":"xpath","value":"//span[contains(@id ,\"contractDetailTitleNoExpanded\")][contains(text(), \"10586\")]"}
RESULT: {"using":"xpath","value":"//span[contains(@id ,\"contractDetailTitleNoExpanded\")][contains(text(), \"10586\")]"}
COMMAND: POST /session/f9c35cb0f654fe0671c8af76f3348fe1/element - {"using":"xpath","value":"//span[contains(@id ,\"contractDetailTitleNoExpanded\")][contains(text(), \"10586\")]"}
RESULT: {"using":"xpath","value":"//span[contains(@id ,\"contractDetailTitleNoExpanded\")][contains(text(), \"10586\")]"}
COMMAND: POST /session/f9c35cb0f654fe0671c8af76f3348fe1/element - {"using":"xpath","value":"//span[contains(@id ,\"contractDetailTitleNoExpanded\")][contains(text(), \"10586\")]"}
RESULT: {"using":"xpath","value":"//span[contains(@id ,\"contractDetailTitleNoExpanded\")][contains(text(), \"10586\")]"}
COMMAND: POST /session/f9c35cb0f654fe0671c8af76f3348fe1/element - {"using":"xpath","value":"//span[contains(@id ,\"contractDetailTitleNoExpanded\")][contains(text(), \"10586\")]"}
RESULT: {"using":"xpath","value":"//span[contains(@id ,\"contractDetailTitleNoExpanded\")][contains(text(), \"10586\")]"}
COMMAND: POST /session/f9c35cb0f654fe0671c8af76f3348fe1/element - {"using":"xpath","value":"//span[contains(@id ,\"contractDetailTitleNoExpanded\")][contains(text(), \"10586\")]"}
RESULT: {"using":"xpath","value":"//span[contains(@id ,\"contractDetailTitleNoExpanded\")][contains(text(), \"10586\")]"}
COMMAND: POST /session/f9c35cb0f654fe0671c8af76f3348fe1/element - {"using":"xpath","value":"//span[contains(@id ,\"contractDetailTitleNoExpanded\")][contains(text(), \"10586\")]"}
RESULT: {"using":"xpath","value":"//span[contains(@id ,\"contractDetailTitleNoExpanded\")][contains(text(), \"10586\")]"}
COMMAND: POST /session/f9c35cb0f654fe0671c8af76f3348fe1/element - {"using":"xpath","value":"//span[contains(@id ,\"contractDetailTitleNoExpanded\")][contains(text(), \"10586\")]"}
RESULT: {"using":"xpath","value":"//span[contains(@id ,\"contractDetailTitleNoExpanded\")][contains(text(), \"10586\")]"}
COMMAND: POST /session/f9c35cb0f654fe0671c8af76f3348fe1/element - {"using":"xpath","value":"//span[contains(@id ,\"contractDetailTitleNoExpanded\")][contains(text(), \"10586\")]"}
RESULT: {"using":"xpath","value":"//span[contains(@id ,\"contractDetailTitleNoExpanded\")][contains(text(), \"10586\")]"}
COMMAND: POST /session/f9c35cb0f654fe0671c8af76f3348fe1/element - {"using":"xpath","value":"//span[contains(@id ,\"contractDetailTitleNoExpanded\")][contains(text(), \"10586\")]"}
RESULT: {"using":"xpath","value":"//span[contains(@id ,\"contractDetailTitleNoExpanded\")][contains(text(), \"10586\")]"}
COMMAND: POST /session/f9c35cb0f654fe0671c8af76f3348fe1/element - {"using":"xpath","value":"//span[contains(@id ,\"contractDetailTitleNoExpanded\")][contains(text(), \"10586\")]"}
RESULT: {"using":"xpath","value":"//span[contains(@id ,\"contractDetailTitleNoExpanded\")][contains(text(), \"10586\")]"}
COMMAND: POST /session/f9c35cb0f654fe0671c8af76f3348fe1/element - {"using":"xpath","value":"//span[contains(@id ,\"contractDetailTitleNoExpanded\")][contains(text(), \"10586\")]"}
RESULT: {"using":"xpath","value":"//span[contains(@id ,\"contractDetailTitleNoExpanded\")][contains(text(), \"10586\")]"}
COMMAND: POST /session/f9c35cb0f654fe0671c8af76f3348fe1/element - {"using":"xpath","value":"//span[contains(@id ,\"contractDetailTitleNoExpanded\")][contains(text(), \"10586\")]"}
RESULT: {"using":"xpath","value":"//span[contains(@id ,\"contractDetailTitleNoExpanded\")][contains(text(), \"10586\")]"}
COMMAND: POST /session/f9c35cb0f654fe0671c8af76f3348fe1/element - {"using":"xpath","value":"//span[contains(@id ,\"contractDetailTitleNoExpanded\")][contains(text(), \"10586\")]"}
RESULT: {"using":"xpath","value":"//span[contains(@id ,\"contractDetailTitleNoExpanded\")][contains(text(), \"10586\")]"}
COMMAND: POST /session/f9c35cb0f654fe0671c8af76f3348fe1/element - {"using":"xpath","value":"//span[contains(@id ,\"contractDetailTitleNoExpanded\")][contains(text(), \"10586\")]"}
RESULT: {"using":"xpath","value":"//span[contains(@id ,\"contractDetailTitleNoExpanded\")][contains(text(), \"10586\")]"}
COMMAND: POST /session/f9c35cb0f654fe0671c8af76f3348fe1/element - {"using":"xpath","value":"//span[contains(@id ,\"contractDetailTitleNoExpanded\")][contains(text(), \"10586\")]"}
RESULT: {"using":"xpath","value":"//span[contains(@id ,\"contractDetailTitleNoExpanded\")][contains(text(), \"10586\")]"}
COMMAND: POST /session/f9c35cb0f654fe0671c8af76f3348fe1/element - {"using":"xpath","value":"//span[contains(@id ,\"contractDetailTitleNoExpanded\")][contains(text(), \"10586\")]"}
RESULT: {"using":"xpath","value":"//span[contains(@id ,\"contractDetailTitleNoExpanded\")][contains(text(), \"10586\")]"}
COMMAND: DELETE /session/f9c35cb0f654fe0671c8af76f3348fe1 - {}
RESULT: {}
]]></system-out>
    </testcase>
  </testsuite>
</testsuites>