<?xml version="1.0" encoding="UTF-8"?>
<testsuites tests="58" failures="0" errors="0" skipped="0">
  <testsuite timestamp="2025-05-16T05:45:19" time="1151.111" tests="11" failures="0" errors="0" skipped="0">
    <properties>
      <property name="specId" value="0" />
      <property name="suiteName" value="Billing confirm US117289" />
      <property name="capabilities" value="chrome.136_0_7103_93.windows" />
      <property name="file" value="file:///D:/a/1/s/test/specs/BTS/billing-confirm.spec.js" />
    </properties>
    <testcase classname="chrome.136_0_7103_93.windows.Billing_confirm_US117289" name="Should create a new yard" time="148.038">
      <system-out><![CDATA[
COMMAND: POST /session/36177e4d45fb5698ad30062df7661002/window/fullscreen - {}
RESULT: {}
COMMAND: POST /session/36177e4d45fb5698ad30062df7661002/execute/async - {"script":"<script> [1562 bytes]","args":[{"selector":{"controlType":"sap.m.GenericTile","properties":{"header":"Manage Yards"}},"wdio_ui5_key":"sapm.GenericTile{\"header\":\"Manage Yards\"}"}]}
RESULT: {"script":"<script> [1562 bytes]","args":[{"selector":{"controlType":"sap.m.GenericTile","properties":{"header":"Manage Yards"}},"wdio_ui5_key":"sapm.GenericTile{\"header\":\"Manage Yards\"}"}]}
RESULT: undefined
COMMAND: POST /session/36177e4d45fb5698ad30062df7661002/element - {"using":"xpath","value":"//*[@id=\"__tile41\"]"}
RESULT: {"using":"xpath","value":"//*[@id=\"__tile41\"]"}
COMMAND: POST /session/36177e4d45fb5698ad30062df7661002/element/f.165F0B9F83AB8D5533DBC2556707DBA6.d.69F113810CC795896E446A00094E16D7.e.172/click - {}
RESULT: {}
COMMAND: GET /session/36177e4d45fb5698ad30062df7661002/screenshot - {}
RESULT: {}
COMMAND: POST /session/36177e4d45fb5698ad30062df7661002/elements - {"using":"xpath","value":"//span[text()='Error']"}
RESULT: {"using":"xpath","value":"//span[text()='Error']"}
COMMAND: POST /session/36177e4d45fb5698ad30062df7661002/element - {"using":"xpath","value":"//button[@data-kt=\"addNewYardOverflowToolbarButton\"]"}
RESULT: {"using":"xpath","value":"//button[@data-kt=\"addNewYardOverflowToolbarButton\"]"}
COMMAND: POST /session/36177e4d45fb5698ad30062df7661002/elements - {"using":"xpath","value":"//button[@data-kt=\"addNewYardOverflowToolbarButton\"]"}
RESULT: {"using":"xpath","value":"//button[@data-kt=\"addNewYardOverflowToolbarButton\"]"}
COMMAND: POST /session/36177e4d45fb5698ad30062df7661002/elements - {"using":"xpath","value":"//button[@data-kt=\"addNewYardOverflowToolbarButton\"]"}
RESULT: {"using":"xpath","value":"//button[@data-kt=\"addNewYardOverflowToolbarButton\"]"}
COMMAND: POST /session/36177e4d45fb5698ad30062df7661002/elements - {"using":"xpath","value":"//button[@data-kt=\"addNewYardOverflowToolbarButton\"]"}
RESULT: {"using":"xpath","value":"//button[@data-kt=\"addNewYardOverflowToolbarButton\"]"}
COMMAND: POST /session/36177e4d45fb5698ad30062df7661002/elements - {"using":"xpath","value":"//button[@data-kt=\"addNewYardOverflowToolbarButton\"]"}
RESULT: {"using":"xpath","value":"//button[@data-kt=\"addNewYardOverflowToolbarButton\"]"}
COMMAND: POST /session/36177e4d45fb5698ad30062df7661002/elements - {"using":"xpath","value":"//button[@data-kt=\"addNewYardOverflowToolbarButton\"]"}
RESULT: {"using":"xpath","value":"//button[@data-kt=\"addNewYardOverflowToolbarButton\"]"}
COMMAND: POST /session/36177e4d45fb5698ad30062df7661002/elements - {"using":"xpath","value":"//button[@data-kt=\"addNewYardOverflowToolbarButton\"]"}
RESULT: {"using":"xpath","value":"//button[@data-kt=\"addNewYardOverflowToolbarButton\"]"}
COMMAND: POST /session/36177e4d45fb5698ad30062df7661002/elements - {"using":"xpath","value":"//button[@data-kt=\"addNewYardOverflowToolbarButton\"]"}
RESULT: {"using":"xpath","value":"//button[@data-kt=\"addNewYardOverflowToolbarButton\"]"}
COMMAND: POST /session/36177e4d45fb5698ad30062df7661002/elements - {"using":"xpath","value":"//button[@data-kt=\"addNewYardOverflowToolbarButton\"]"}
RESULT: {"using":"xpath","value":"//button[@data-kt=\"addNewYardOverflowToolbarButton\"]"}
COMMAND: POST /session/36177e4d45fb5698ad30062df7661002/elements - {"using":"xpath","value":"//button[@data-kt=\"addNewYardOverflowToolbarButton\"]"}
RESULT: {"using":"xpath","value":"//button[@data-kt=\"addNewYardOverflowToolbarButton\"]"}
COMMAND: POST /session/36177e4d45fb5698ad30062df7661002/elements - {"using":"xpath","value":"//button[@data-kt=\"addNewYardOverflowToolbarButton\"]"}
RESULT: {"using":"xpath","value":"//button[@data-kt=\"addNewYardOverflowToolbarButton\"]"}
COMMAND: POST /session/36177e4d45fb5698ad30062df7661002/element - {"using":"xpath","value":"//button[@data-kt=\"addNewYardOverflowToolbarButton\"]"}
RESULT: {"using":"xpath","value":"//button[@data-kt=\"addNewYardOverflowToolbarButton\"]"}
COMMAND: POST /session/36177e4d45fb5698ad30062df7661002/execute/sync - {"script":"<script> [8489 bytes]","args":[{"element-6066-11e4-a52e-4f735466cecf":"f.165F0B9F83AB8D5533DBC2556707DBA6.d.69F113810CC795896E446A00094E16D7.e.304","ELEMENT":"f.165F0B9F83AB8D5533DBC2556707DBA6.d.69F113810CC795896E446A00094E16D7.e.304"}]}
RESULT: {"script":"<script> [8489 bytes]","args":[{"element-6066-11e4-a52e-4f735466cecf":"f.165F0B9F83AB8D5533DBC2556707DBA6.d.69F113810CC795896E446A00094E16D7.e.304","ELEMENT":"f.165F0B9F83AB8D5533DBC2556707DBA6.d.69F113810CC795896E446A00094E16D7.e.304"}]}
COMMAND: GET /session/36177e4d45fb5698ad30062df7661002/element/f.165F0B9F83AB8D5533DBC2556707DBA6.d.69F113810CC795896E446A00094E16D7.e.304/enabled - {}
COMMAND: GET /session/36177e4d45fb5698ad30062df7661002/screenshot - {}
RESULT: {}
COMMAND: POST /session/36177e4d45fb5698ad30062df7661002/execute/sync - {"script":"<script> [8489 bytes]","args":[{"element-6066-11e4-a52e-4f735466cecf":"f.165F0B9F83AB8D5533DBC2556707DBA6.d.69F113810CC795896E446A00094E16D7.e.304","ELEMENT":"f.165F0B9F83AB8D5533DBC2556707DBA6.d.69F113810CC795896E446A00094E16D7.e.304"}]}
COMMAND: GET /session/36177e4d45fb5698ad30062df7661002/screenshot - {}
RESULT: {}
RESULT: {"script":"<script> [8489 bytes]","args":[{"element-6066-11e4-a52e-4f735466cecf":"f.165F0B9F83AB8D5533DBC2556707DBA6.d.69F113810CC795896E446A00094E16D7.e.304","ELEMENT":"f.165F0B9F83AB8D5533DBC2556707DBA6.d.69F113810CC795896E446A00094E16D7.e.304"}]}
COMMAND: POST /session/36177e4d45fb5698ad30062df7661002/execute/sync - {"script":"<script> [5351 bytes]","args":[{"element-6066-11e4-a52e-4f735466cecf":"f.165F0B9F83AB8D5533DBC2556707DBA6.d.69F113810CC795896E446A00094E16D7.e.304","ELEMENT":"f.165F0B9F83AB8D5533DBC2556707DBA6.d.69F113810CC795896E446A00094E16D7.e.304"}]}
COMMAND: GET /session/36177e4d45fb5698ad30062df7661002/screenshot - {}
RESULT: {}
RESULT: {"script":"<script> [5351 bytes]","args":[{"element-6066-11e4-a52e-4f735466cecf":"f.165F0B9F83AB8D5533DBC2556707DBA6.d.69F113810CC795896E446A00094E16D7.e.304","ELEMENT":"f.165F0B9F83AB8D5533DBC2556707DBA6.d.69F113810CC795896E446A00094E16D7.e.304"}]}
COMMAND: POST /session/36177e4d45fb5698ad30062df7661002/element/f.165F0B9F83AB8D5533DBC2556707DBA6.d.69F113810CC795896E446A00094E16D7.e.304/click - {}
COMMAND: GET /session/36177e4d45fb5698ad30062df7661002/screenshot - {}
RESULT: {}
RESULT: {}
COMMAND: GET /session/36177e4d45fb5698ad30062df7661002/screenshot - {}
RESULT: {}
RESULT: {}
COMMAND: POST /session/36177e4d45fb5698ad30062df7661002/element - {"using":"xpath","value":"//input[@id=\"application-manageyards-display-component---NewYard--yardId-inner\"]"}
RESULT: {"using":"xpath","value":"//input[@id=\"application-manageyards-display-component---NewYard--yardId-inner\"]"}
COMMAND: POST /session/36177e4d45fb5698ad30062df7661002/element - {"using":"xpath","value":"//input[@id=\"application-manageyards-display-component---NewYard--yardId-inner\"]"}
RESULT: {"using":"xpath","value":"//input[@id=\"application-manageyards-display-component---NewYard--yardId-inner\"]"}
COMMAND: POST /session/36177e4d45fb5698ad30062df7661002/execute/async - {"script":"<script> [1562 bytes]","args":[{"selector":{"id":"application-manageyards-display-component---NewYard--addressDetailDetailsName1","interaction":{"idSuffix":"inner"}},"wdio_ui5_key":"applicationmanageyards-display-component---NewYard--addressDetailDetailsName1"}]}
RESULT: {"script":"<script> [1562 bytes]","args":[{"selector":{"id":"application-manageyards-display-component---NewYard--addressDetailDetailsName1","interaction":{"idSuffix":"inner"}},"wdio_ui5_key":"applicationmanageyards-display-component---NewYard--addressDetailDetailsName1"}]}
RESULT: undefined
COMMAND: POST /session/36177e4d45fb5698ad30062df7661002/execute/async - {"script":"<script> [776 bytes]","args":[{"enterText":"Intracompany Yard wdIO","selector":{"id":"application-manageyards-display-component---NewYard--addressDetailDetailsName1","interaction":{"idSuffix":"inner"}},"clearTextFirst":true,"interactionType":"ENTER_TEXT"}]}
RESULT: {"script":"<script> [776 bytes]","args":[{"enterText":"Intracompany Yard wdIO","selector":{"id":"application-manageyards-display-component---NewYard--addressDetailDetailsName1","interaction":{"idSuffix":"inner"}},"clearTextFirst":true,"interactionType":"ENTER_TEXT"}]}
COMMAND: POST /session/36177e4d45fb5698ad30062df7661002/execute/async - {"script":"<script> [1562 bytes]","args":[{"selector":{"id":"application-manageyards-display-component---NewYard--addressDetailDetailsLanguage-arrow"},"wdio_ui5_key":"applicationmanageyards-display-component---NewYard--addressDetailDetailsLanguage-arrow"}]}
RESULT: {"script":"<script> [1562 bytes]","args":[{"selector":{"id":"application-manageyards-display-component---NewYard--addressDetailDetailsLanguage-arrow"},"wdio_ui5_key":"applicationmanageyards-display-component---NewYard--addressDetailDetailsLanguage-arrow"}]}
RESULT: undefined
COMMAND: POST /session/36177e4d45fb5698ad30062df7661002/element - {"using":"xpath","value":"//*[@id=\"application-manageyards-display-component---NewYard--addressDetailDetailsLanguage-arrow\"]"}
RESULT: {"using":"xpath","value":"//*[@id=\"application-manageyards-display-component---NewYard--addressDetailDetailsLanguage-arrow\"]"}
COMMAND: POST /session/36177e4d45fb5698ad30062df7661002/element/f.165F0B9F83AB8D5533DBC2556707DBA6.d.69F113810CC795896E446A00094E16D7.e.738/click - {}
RESULT: {}
COMMAND: POST /session/36177e4d45fb5698ad30062df7661002/element - {"using":"xpath","value":"//span[contains(text(), \"English\")]"}
COMMAND: GET /session/36177e4d45fb5698ad30062df7661002/screenshot - {}
RESULT: {"using":"xpath","value":"//span[contains(text(), \"English\")]"}
COMMAND: POST /session/36177e4d45fb5698ad30062df7661002/element/f.165F0B9F83AB8D5533DBC2556707DBA6.d.69F113810CC795896E446A00094E16D7.e.739/click - {}
RESULT: {}
RESULT: {}
COMMAND: POST /session/36177e4d45fb5698ad30062df7661002/execute/async - {"script":"<script> [1562 bytes]","args":[{"selector":{"id":"application-manageyards-display-component---NewYard--addressDetailDetailsCity1","interaction":{"idSuffix":"inner"}},"wdio_ui5_key":"applicationmanageyards-display-component---NewYard--addressDetailDetailsCity1"}]}
COMMAND: GET /session/36177e4d45fb5698ad30062df7661002/screenshot - {}
RESULT: {"script":"<script> [1562 bytes]","args":[{"selector":{"id":"application-manageyards-display-component---NewYard--addressDetailDetailsCity1","interaction":{"idSuffix":"inner"}},"wdio_ui5_key":"applicationmanageyards-display-component---NewYard--addressDetailDetailsCity1"}]}
RESULT: undefined
COMMAND: POST /session/36177e4d45fb5698ad30062df7661002/execute/async - {"script":"<script> [776 bytes]","args":[{"enterText":"Rosario","selector":{"id":"application-manageyards-display-component---NewYard--addressDetailDetailsCity1","interaction":{"idSuffix":"inner"}},"clearTextFirst":true,"interactionType":"ENTER_TEXT"}]}
RESULT: {}
RESULT: {"script":"<script> [776 bytes]","args":[{"enterText":"Rosario","selector":{"id":"application-manageyards-display-component---NewYard--addressDetailDetailsCity1","interaction":{"idSuffix":"inner"}},"clearTextFirst":true,"interactionType":"ENTER_TEXT"}]}
COMMAND: POST /session/36177e4d45fb5698ad30062df7661002/execute/async - {"script":"<script> [1562 bytes]","args":[{"selector":{"id":"application-manageyards-display-component---NewYard--addressDetailDetailsCountry-arrow"},"wdio_ui5_key":"applicationmanageyards-display-component---NewYard--addressDetailDetailsCountry-arrow"}]}
RESULT: {"script":"<script> [1562 bytes]","args":[{"selector":{"id":"application-manageyards-display-component---NewYard--addressDetailDetailsCountry-arrow"},"wdio_ui5_key":"applicationmanageyards-display-component---NewYard--addressDetailDetailsCountry-arrow"}]}
RESULT: undefined
COMMAND: POST /session/36177e4d45fb5698ad30062df7661002/element - {"using":"xpath","value":"//*[@id=\"application-manageyards-display-component---NewYard--addressDetailDetailsCountry-arrow\"]"}
RESULT: {"using":"xpath","value":"//*[@id=\"application-manageyards-display-component---NewYard--addressDetailDetailsCountry-arrow\"]"}
COMMAND: POST /session/36177e4d45fb5698ad30062df7661002/element/f.165F0B9F83AB8D5533DBC2556707DBA6.d.69F113810CC795896E446A00094E16D7.e.741/click - {}
RESULT: {}
COMMAND: POST /session/36177e4d45fb5698ad30062df7661002/element - {"using":"xpath","value":"//span[contains(text(), \"Argentina\")]"}
COMMAND: GET /session/36177e4d45fb5698ad30062df7661002/screenshot - {}
RESULT: {"using":"xpath","value":"//span[contains(text(), \"Argentina\")]"}
COMMAND: POST /session/36177e4d45fb5698ad30062df7661002/element/f.165F0B9F83AB8D5533DBC2556707DBA6.d.69F113810CC795896E446A00094E16D7.e.743/click - {}
RESULT: {}
RESULT: {}
COMMAND: POST /session/36177e4d45fb5698ad30062df7661002/execute/async - {"script":"<script> [1562 bytes]","args":[{"selector":{"id":"application-manageyards-display-component---NewYard--addressEditDetailsCostObjectCstType-arrow"},"wdio_ui5_key":"applicationmanageyards-display-component---NewYard--addressEditDetailsCostObjectCstType-arrow"}]}
COMMAND: GET /session/36177e4d45fb5698ad30062df7661002/screenshot - {}
RESULT: {"script":"<script> [1562 bytes]","args":[{"selector":{"id":"application-manageyards-display-component---NewYard--addressEditDetailsCostObjectCstType-arrow"},"wdio_ui5_key":"applicationmanageyards-display-component---NewYard--addressEditDetailsCostObjectCstType-arrow"}]}
RESULT: undefined
COMMAND: POST /session/36177e4d45fb5698ad30062df7661002/element - {"using":"xpath","value":"//*[@id=\"application-manageyards-display-component---NewYard--addressEditDetailsCostObjectCstType-arrow\"]"}
RESULT: {}
RESULT: {"using":"xpath","value":"//*[@id=\"application-manageyards-display-component---NewYard--addressEditDetailsCostObjectCstType-arrow\"]"}
COMMAND: POST /session/36177e4d45fb5698ad30062df7661002/element/f.165F0B9F83AB8D5533DBC2556707DBA6.d.69F113810CC795896E446A00094E16D7.e.744/click - {}
RESULT: {}
COMMAND: POST /session/36177e4d45fb5698ad30062df7661002/element - {"using":"xpath","value":"//span[contains(text(), \"Cost Center\")]"}
COMMAND: GET /session/36177e4d45fb5698ad30062df7661002/screenshot - {}
RESULT: {"using":"xpath","value":"//span[contains(text(), \"Cost Center\")]"}
COMMAND: POST /session/36177e4d45fb5698ad30062df7661002/element/f.165F0B9F83AB8D5533DBC2556707DBA6.d.69F113810CC795896E446A00094E16D7.e.745/click - {}
RESULT: {}
RESULT: {}
COMMAND: GET /session/36177e4d45fb5698ad30062df7661002/screenshot - {}
RESULT: {}
COMMAND: POST /session/36177e4d45fb5698ad30062df7661002/element - {"using":"xpath","value":"//span[@id=\"application-manageyards-display-component---NewYard--addressNewCostObjectCstID-vhi\"]"}
RESULT: {"using":"xpath","value":"//span[@id=\"application-manageyards-display-component---NewYard--addressNewCostObjectCstID-vhi\"]"}
COMMAND: POST /session/36177e4d45fb5698ad30062df7661002/execute/sync - {"script":"<script> [8489 bytes]","args":[{"element-6066-11e4-a52e-4f735466cecf":"f.165F0B9F83AB8D5533DBC2556707DBA6.d.69F113810CC795896E446A00094E16D7.e.749","ELEMENT":"f.165F0B9F83AB8D5533DBC2556707DBA6.d.69F113810CC795896E446A00094E16D7.e.749"}]}
RESULT: {"script":"<script> [8489 bytes]","args":[{"element-6066-11e4-a52e-4f735466cecf":"f.165F0B9F83AB8D5533DBC2556707DBA6.d.69F113810CC795896E446A00094E16D7.e.749","ELEMENT":"f.165F0B9F83AB8D5533DBC2556707DBA6.d.69F113810CC795896E446A00094E16D7.e.749"}]}
COMMAND: POST /session/36177e4d45fb5698ad30062df7661002/execute/async - {"script":"<script> [1562 bytes]","args":[{"selector":{"id":"application-manageyards-display-component---NewYard--addressNewCostObjectCstID-vhi"},"wdio_ui5_key":"applicationmanageyards-display-component---NewYard--addressNewCostObjectCstID-vhi"}]}
COMMAND: GET /session/36177e4d45fb5698ad30062df7661002/screenshot - {}
RESULT: {"script":"<script> [1562 bytes]","args":[{"selector":{"id":"application-manageyards-display-component---NewYard--addressNewCostObjectCstID-vhi"},"wdio_ui5_key":"applicationmanageyards-display-component---NewYard--addressNewCostObjectCstID-vhi"}]}
RESULT: undefined
COMMAND: POST /session/36177e4d45fb5698ad30062df7661002/element - {"using":"xpath","value":"//*[@id=\"application-manageyards-display-component---NewYard--addressNewCostObjectCstID-vhi\"]"}
RESULT: {}
RESULT: {"using":"xpath","value":"//*[@id=\"application-manageyards-display-component---NewYard--addressNewCostObjectCstID-vhi\"]"}
COMMAND: POST /session/36177e4d45fb5698ad30062df7661002/element/f.165F0B9F83AB8D5533DBC2556707DBA6.d.69F113810CC795896E446A00094E16D7.e.749/click - {}
RESULT: {}
COMMAND: GET /session/36177e4d45fb5698ad30062df7661002/screenshot - {}
RESULT: {}
COMMAND: POST /session/36177e4d45fb5698ad30062df7661002/execute/async - {"script":"<script> [1562 bytes]","args":[{"selector":{"controlType":"sap.m.SearchField","properties":{"placeholder":"Search"},"searchOpenDialogs":true,"interaction":{"idSuffix":"I"}},"wdio_ui5_key":"sapm.SearchField{\"placeholder\":\"Search\"}"}]}
RESULT: {"script":"<script> [1562 bytes]","args":[{"selector":{"controlType":"sap.m.SearchField","properties":{"placeholder":"Search"},"searchOpenDialogs":true,"interaction":{"idSuffix":"I"}},"wdio_ui5_key":"sapm.SearchField{\"placeholder\":\"Search\"}"}]}
RESULT: undefined
COMMAND: POST /session/36177e4d45fb5698ad30062df7661002/execute/async - {"script":"<script> [776 bytes]","args":[{"enterText":"bauh_b","selector":{"controlType":"sap.m.SearchField","properties":{"placeholder":"Search"},"searchOpenDialogs":true,"interaction":{"idSuffix":"I"}},"clearTextFirst":true,"interactionType":"ENTER_TEXT"}]}
RESULT: {"script":"<script> [776 bytes]","args":[{"enterText":"bauh_b","selector":{"controlType":"sap.m.SearchField","properties":{"placeholder":"Search"},"searchOpenDialogs":true,"interaction":{"idSuffix":"I"}},"clearTextFirst":true,"interactionType":"ENTER_TEXT"}]}
COMMAND: POST /session/36177e4d45fb5698ad30062df7661002/actions - {"actions":[{"id":"action1","type":"key","parameters":{},"actions":[{"type":"keyDown","value":"î€‡"},{"type":"pause","duration":10},{"type":"keyUp","value":"î€‡"}]}]}
RESULT: {"actions":[{"id":"action1","type":"key","parameters":{},"actions":[{"type":"keyDown","value":"î€‡"},{"type":"pause","duration":10},{"type":"keyUp","value":"î€‡"}]}]}
COMMAND: GET /session/36177e4d45fb5698ad30062df7661002/screenshot - {}
RESULT: {}
COMMAND: POST /session/36177e4d45fb5698ad30062df7661002/element - {"using":"xpath","value":"//span[contains(text(), \"Demo Yard\")]"}
RESULT: {"using":"xpath","value":"//span[contains(text(), \"Demo Yard\")]"}
COMMAND: POST /session/36177e4d45fb5698ad30062df7661002/element/f.165F0B9F83AB8D5533DBC2556707DBA6.d.69F113810CC795896E446A00094E16D7.e.791/click - {}
RESULT: {}
COMMAND: GET /session/36177e4d45fb5698ad30062df7661002/screenshot - {}
RESULT: {}
COMMAND: POST /session/36177e4d45fb5698ad30062df7661002/element - {"using":"xpath","value":"//bdi[contains(text(), \"OK\")]"}
RESULT: {"using":"xpath","value":"//bdi[contains(text(), \"OK\")]"}
COMMAND: POST /session/36177e4d45fb5698ad30062df7661002/element/f.165F0B9F83AB8D5533DBC2556707DBA6.d.69F113810CC795896E446A00094E16D7.e.792/click - {}
RESULT: {}
COMMAND: GET /session/36177e4d45fb5698ad30062df7661002/screenshot - {}
RESULT: {}
COMMAND: POST /session/36177e4d45fb5698ad30062df7661002/execute/async - {"script":"<script> [1562 bytes]","args":[{"selector":{"id":"application-manageyards-display-component---NewYard--addressEditDetailsCurrency-arrow"},"wdio_ui5_key":"applicationmanageyards-display-component---NewYard--addressEditDetailsCurrency-arrow"}]}
RESULT: {"script":"<script> [1562 bytes]","args":[{"selector":{"id":"application-manageyards-display-component---NewYard--addressEditDetailsCurrency-arrow"},"wdio_ui5_key":"applicationmanageyards-display-component---NewYard--addressEditDetailsCurrency-arrow"}]}
RESULT: undefined
COMMAND: POST /session/36177e4d45fb5698ad30062df7661002/element - {"using":"xpath","value":"//*[@id=\"application-manageyards-display-component---NewYard--addressEditDetailsCurrency-arrow\"]"}
RESULT: {"using":"xpath","value":"//*[@id=\"application-manageyards-display-component---NewYard--addressEditDetailsCurrency-arrow\"]"}
COMMAND: POST /session/36177e4d45fb5698ad30062df7661002/element/f.165F0B9F83AB8D5533DBC2556707DBA6.d.69F113810CC795896E446A00094E16D7.e.795/click - {}
RESULT: {}
COMMAND: POST /session/36177e4d45fb5698ad30062df7661002/element - {"using":"xpath","value":"//span[contains(text(), \"Euro\")]"}
COMMAND: GET /session/36177e4d45fb5698ad30062df7661002/screenshot - {}
RESULT: {"using":"xpath","value":"//span[contains(text(), \"Euro\")]"}
COMMAND: POST /session/36177e4d45fb5698ad30062df7661002/element/f.165F0B9F83AB8D5533DBC2556707DBA6.d.69F113810CC795896E446A00094E16D7.e.796/click - {}
RESULT: {}
RESULT: {}
COMMAND: POST /session/36177e4d45fb5698ad30062df7661002/execute/async - {"script":"<script> [1562 bytes]","args":[{"selector":{"controlType":"sap.m.Input","viewName":"etm.portal.ui.manageyards.view.New","viewId":"application-manageyards-display-component---NewYard","bindingPath":{"path":"","propertyPath":"/CONTROLLING_AREA","modelName":"NewYardModel"},"interaction":{"idSuffix":"inner"}},"wdio_ui5_key":"etmportal.ui.manageyards.view.Newsap.m.Input{\"path\":\"\",\"propertyPath\":\"/CONTROLLING_AREA\",\"modelName\":\"NewYardModel\"}"}]}
COMMAND: GET /session/36177e4d45fb5698ad30062df7661002/screenshot - {}
RESULT: {"script":"<script> [1562 bytes]","args":[{"selector":{"controlType":"sap.m.Input","viewName":"etm.portal.ui.manageyards.view.New","viewId":"application-manageyards-display-component---NewYard","bindingPath":{"path":"","propertyPath":"/CONTROLLING_AREA","modelName":"NewYardModel"},"interaction":{"idSuffix":"inner"}},"wdio_ui5_key":"etmportal.ui.manageyards.view.Newsap.m.Input{\"path\":\"\",\"propertyPath\":\"/CONTROLLING_AREA\",\"modelName\":\"NewYardModel\"}"}]}
RESULT: undefined
COMMAND: POST /session/36177e4d45fb5698ad30062df7661002/execute/async - {"script":"<script> [776 bytes]","args":[{"enterText":"Z001","selector":{"controlType":"sap.m.Input","viewName":"etm.portal.ui.manageyards.view.New","viewId":"application-manageyards-display-component---NewYard","bindingPath":{"path":"","propertyPath":"/CONTROLLING_AREA","modelName":"NewYardModel"},"interaction":{"idSuffix":"inner"}},"clearTextFirst":true,"interactionType":"ENTER_TEXT"}]}
RESULT: {}
RESULT: {"script":"<script> [776 bytes]","args":[{"enterText":"Z001","selector":{"controlType":"sap.m.Input","viewName":"etm.portal.ui.manageyards.view.New","viewId":"application-manageyards-display-component---NewYard","bindingPath":{"path":"","propertyPath":"/CONTROLLING_AREA","modelName":"NewYardModel"},"interaction":{"idSuffix":"inner"}},"clearTextFirst":true,"interactionType":"ENTER_TEXT"}]}
COMMAND: POST /session/36177e4d45fb5698ad30062df7661002/execute/async - {"script":"<script> [1562 bytes]","args":[{"selector":{"id":"application-manageyards-display-component---NewYard--companyCodeComboBox","interaction":{"idSuffix":"inner"}},"wdio_ui5_key":"applicationmanageyards-display-component---NewYard--companyCodeComboBox"}]}
RESULT: {"script":"<script> [1562 bytes]","args":[{"selector":{"id":"application-manageyards-display-component---NewYard--companyCodeComboBox","interaction":{"idSuffix":"inner"}},"wdio_ui5_key":"applicationmanageyards-display-component---NewYard--companyCodeComboBox"}]}
RESULT: undefined
COMMAND: POST /session/36177e4d45fb5698ad30062df7661002/execute/async - {"script":"<script> [776 bytes]","args":[{"enterText":"1000","selector":{"id":"application-manageyards-display-component---NewYard--companyCodeComboBox","interaction":{"idSuffix":"inner"}},"clearTextFirst":true,"interactionType":"ENTER_TEXT"}]}
RESULT: {"script":"<script> [776 bytes]","args":[{"enterText":"1000","selector":{"id":"application-manageyards-display-component---NewYard--companyCodeComboBox","interaction":{"idSuffix":"inner"}},"clearTextFirst":true,"interactionType":"ENTER_TEXT"}]}
COMMAND: POST /session/36177e4d45fb5698ad30062df7661002/execute/async - {"script":"<script> [1562 bytes]","args":[{"selector":{"controlType":"sap.m.Input","viewName":"etm.portal.ui.manageyards.view.New","viewId":"application-manageyards-display-component---NewYard","bindingPath":{"path":"","propertyPath":"/PLANT","modelName":"NewYardModel"},"interaction":{"idSuffix":"inner"}},"wdio_ui5_key":"etmportal.ui.manageyards.view.Newsap.m.Input{\"path\":\"\",\"propertyPath\":\"/PLANT\",\"modelName\":\"NewYardModel\"}"}]}
RESULT: {"script":"<script> [1562 bytes]","args":[{"selector":{"controlType":"sap.m.Input","viewName":"etm.portal.ui.manageyards.view.New","viewId":"application-manageyards-display-component---NewYard","bindingPath":{"path":"","propertyPath":"/PLANT","modelName":"NewYardModel"},"interaction":{"idSuffix":"inner"}},"wdio_ui5_key":"etmportal.ui.manageyards.view.Newsap.m.Input{\"path\":\"\",\"propertyPath\":\"/PLANT\",\"modelName\":\"NewYardModel\"}"}]}
RESULT: undefined
COMMAND: POST /session/36177e4d45fb5698ad30062df7661002/execute/async - {"script":"<script> [776 bytes]","args":[{"enterText":"1001","selector":{"controlType":"sap.m.Input","viewName":"etm.portal.ui.manageyards.view.New","viewId":"application-manageyards-display-component---NewYard","bindingPath":{"path":"","propertyPath":"/PLANT","modelName":"NewYardModel"},"interaction":{"idSuffix":"inner"}},"clearTextFirst":true,"interactionType":"ENTER_TEXT"}]}
RESULT: {"script":"<script> [776 bytes]","args":[{"enterText":"1001","selector":{"controlType":"sap.m.Input","viewName":"etm.portal.ui.manageyards.view.New","viewId":"application-manageyards-display-component---NewYard","bindingPath":{"path":"","propertyPath":"/PLANT","modelName":"NewYardModel"},"interaction":{"idSuffix":"inner"}},"clearTextFirst":true,"interactionType":"ENTER_TEXT"}]}
COMMAND: POST /session/36177e4d45fb5698ad30062df7661002/execute/async - {"script":"<script> [1562 bytes]","args":[{"selector":{"controlType":"sap.m.Input","viewName":"etm.portal.ui.manageyards.view.New","viewId":"application-manageyards-display-component---NewYard","bindingPath":{"path":"","propertyPath":"/SALES_AREA_VKORG","modelName":"NewYardModel"},"interaction":{"idSuffix":"inner"}},"wdio_ui5_key":"etmportal.ui.manageyards.view.Newsap.m.Input{\"path\":\"\",\"propertyPath\":\"/SALES_AREA_VKORG\",\"modelName\":\"NewYardModel\"}"}]}
RESULT: {"script":"<script> [1562 bytes]","args":[{"selector":{"controlType":"sap.m.Input","viewName":"etm.portal.ui.manageyards.view.New","viewId":"application-manageyards-display-component---NewYard","bindingPath":{"path":"","propertyPath":"/SALES_AREA_VKORG","modelName":"NewYardModel"},"interaction":{"idSuffix":"inner"}},"wdio_ui5_key":"etmportal.ui.manageyards.view.Newsap.m.Input{\"path\":\"\",\"propertyPath\":\"/SALES_AREA_VKORG\",\"modelName\":\"NewYardModel\"}"}]}
RESULT: undefined
COMMAND: POST /session/36177e4d45fb5698ad30062df7661002/execute/async - {"script":"<script> [776 bytes]","args":[{"enterText":"C002","selector":{"controlType":"sap.m.Input","viewName":"etm.portal.ui.manageyards.view.New","viewId":"application-manageyards-display-component---NewYard","bindingPath":{"path":"","propertyPath":"/SALES_AREA_VKORG","modelName":"NewYardModel"},"interaction":{"idSuffix":"inner"}},"clearTextFirst":true,"interactionType":"ENTER_TEXT"}]}
RESULT: {"script":"<script> [776 bytes]","args":[{"enterText":"C002","selector":{"controlType":"sap.m.Input","viewName":"etm.portal.ui.manageyards.view.New","viewId":"application-manageyards-display-component---NewYard","bindingPath":{"path":"","propertyPath":"/SALES_AREA_VKORG","modelName":"NewYardModel"},"interaction":{"idSuffix":"inner"}},"clearTextFirst":true,"interactionType":"ENTER_TEXT"}]}
COMMAND: POST /session/36177e4d45fb5698ad30062df7661002/execute/async - {"script":"<script> [1562 bytes]","args":[{"selector":{"controlType":"sap.m.Input","viewName":"etm.portal.ui.manageyards.view.New","viewId":"application-manageyards-display-component---NewYard","bindingPath":{"path":"","propertyPath":"/SALES_AREA_VTWEG","modelName":"NewYardModel"},"interaction":{"idSuffix":"inner"}},"wdio_ui5_key":"etmportal.ui.manageyards.view.Newsap.m.Input{\"path\":\"\",\"propertyPath\":\"/SALES_AREA_VTWEG\",\"modelName\":\"NewYardModel\"}"}]}
RESULT: {"script":"<script> [1562 bytes]","args":[{"selector":{"controlType":"sap.m.Input","viewName":"etm.portal.ui.manageyards.view.New","viewId":"application-manageyards-display-component---NewYard","bindingPath":{"path":"","propertyPath":"/SALES_AREA_VTWEG","modelName":"NewYardModel"},"interaction":{"idSuffix":"inner"}},"wdio_ui5_key":"etmportal.ui.manageyards.view.Newsap.m.Input{\"path\":\"\",\"propertyPath\":\"/SALES_AREA_VTWEG\",\"modelName\":\"NewYardModel\"}"}]}
RESULT: undefined
COMMAND: POST /session/36177e4d45fb5698ad30062df7661002/execute/async - {"script":"<script> [776 bytes]","args":[{"enterText":"C2","selector":{"controlType":"sap.m.Input","viewName":"etm.portal.ui.manageyards.view.New","viewId":"application-manageyards-display-component---NewYard","bindingPath":{"path":"","propertyPath":"/SALES_AREA_VTWEG","modelName":"NewYardModel"},"interaction":{"idSuffix":"inner"}},"clearTextFirst":true,"interactionType":"ENTER_TEXT"}]}
RESULT: {"script":"<script> [776 bytes]","args":[{"enterText":"C2","selector":{"controlType":"sap.m.Input","viewName":"etm.portal.ui.manageyards.view.New","viewId":"application-manageyards-display-component---NewYard","bindingPath":{"path":"","propertyPath":"/SALES_AREA_VTWEG","modelName":"NewYardModel"},"interaction":{"idSuffix":"inner"}},"clearTextFirst":true,"interactionType":"ENTER_TEXT"}]}
COMMAND: POST /session/36177e4d45fb5698ad30062df7661002/execute/async - {"script":"<script> [1562 bytes]","args":[{"selector":{"controlType":"sap.m.Input","viewName":"etm.portal.ui.manageyards.view.New","viewId":"application-manageyards-display-component---NewYard","bindingPath":{"path":"","propertyPath":"/SALES_AREA_SPART","modelName":"NewYardModel"},"interaction":{"idSuffix":"inner"}},"wdio_ui5_key":"etmportal.ui.manageyards.view.Newsap.m.Input{\"path\":\"\",\"propertyPath\":\"/SALES_AREA_SPART\",\"modelName\":\"NewYardModel\"}"}]}
RESULT: {"script":"<script> [1562 bytes]","args":[{"selector":{"controlType":"sap.m.Input","viewName":"etm.portal.ui.manageyards.view.New","viewId":"application-manageyards-display-component---NewYard","bindingPath":{"path":"","propertyPath":"/SALES_AREA_SPART","modelName":"NewYardModel"},"interaction":{"idSuffix":"inner"}},"wdio_ui5_key":"etmportal.ui.manageyards.view.Newsap.m.Input{\"path\":\"\",\"propertyPath\":\"/SALES_AREA_SPART\",\"modelName\":\"NewYardModel\"}"}]}
RESULT: undefined
COMMAND: POST /session/36177e4d45fb5698ad30062df7661002/execute/async - {"script":"<script> [776 bytes]","args":[{"enterText":"C2","selector":{"controlType":"sap.m.Input","viewName":"etm.portal.ui.manageyards.view.New","viewId":"application-manageyards-display-component---NewYard","bindingPath":{"path":"","propertyPath":"/SALES_AREA_SPART","modelName":"NewYardModel"},"interaction":{"idSuffix":"inner"}},"clearTextFirst":true,"interactionType":"ENTER_TEXT"}]}
RESULT: {"script":"<script> [776 bytes]","args":[{"enterText":"C2","selector":{"controlType":"sap.m.Input","viewName":"etm.portal.ui.manageyards.view.New","viewId":"application-manageyards-display-component---NewYard","bindingPath":{"path":"","propertyPath":"/SALES_AREA_SPART","modelName":"NewYardModel"},"interaction":{"idSuffix":"inner"}},"clearTextFirst":true,"interactionType":"ENTER_TEXT"}]}
COMMAND: POST /session/36177e4d45fb5698ad30062df7661002/execute/async - {"script":"<script> [1562 bytes]","args":[{"selector":{"controlType":"sap.m.Input","viewName":"etm.portal.ui.manageyards.view.New","viewId":"application-manageyards-display-component---NewYard","bindingPath":{"path":"","propertyPath":"/SHIP_POINT","modelName":"NewYardModel"},"interaction":{"idSuffix":"inner"}},"wdio_ui5_key":"etmportal.ui.manageyards.view.Newsap.m.Input{\"path\":\"\",\"propertyPath\":\"/SHIP_POINT\",\"modelName\":\"NewYardModel\"}"}]}
RESULT: {"script":"<script> [1562 bytes]","args":[{"selector":{"controlType":"sap.m.Input","viewName":"etm.portal.ui.manageyards.view.New","viewId":"application-manageyards-display-component---NewYard","bindingPath":{"path":"","propertyPath":"/SHIP_POINT","modelName":"NewYardModel"},"interaction":{"idSuffix":"inner"}},"wdio_ui5_key":"etmportal.ui.manageyards.view.Newsap.m.Input{\"path\":\"\",\"propertyPath\":\"/SHIP_POINT\",\"modelName\":\"NewYardModel\"}"}]}
RESULT: undefined
COMMAND: POST /session/36177e4d45fb5698ad30062df7661002/execute/async - {"script":"<script> [776 bytes]","args":[{"enterText":"1710","selector":{"controlType":"sap.m.Input","viewName":"etm.portal.ui.manageyards.view.New","viewId":"application-manageyards-display-component---NewYard","bindingPath":{"path":"","propertyPath":"/SHIP_POINT","modelName":"NewYardModel"},"interaction":{"idSuffix":"inner"}},"clearTextFirst":true,"interactionType":"ENTER_TEXT"}]}
RESULT: {"script":"<script> [776 bytes]","args":[{"enterText":"1710","selector":{"controlType":"sap.m.Input","viewName":"etm.portal.ui.manageyards.view.New","viewId":"application-manageyards-display-component---NewYard","bindingPath":{"path":"","propertyPath":"/SHIP_POINT","modelName":"NewYardModel"},"interaction":{"idSuffix":"inner"}},"clearTextFirst":true,"interactionType":"ENTER_TEXT"}]}
COMMAND: POST /session/36177e4d45fb5698ad30062df7661002/execute/async - {"script":"<script> [1562 bytes]","args":[{"selector":{"controlType":"sap.m.Input","viewName":"etm.portal.ui.manageyards.view.New","viewId":"application-manageyards-display-component---NewYard","bindingPath":{"path":"","propertyPath":"/DELIVERY_TYPE","modelName":"NewYardModel"},"interaction":{"idSuffix":"inner"}},"wdio_ui5_key":"etmportal.ui.manageyards.view.Newsap.m.Input{\"path\":\"\",\"propertyPath\":\"/DELIVERY_TYPE\",\"modelName\":\"NewYardModel\"}"}]}
RESULT: {"script":"<script> [1562 bytes]","args":[{"selector":{"controlType":"sap.m.Input","viewName":"etm.portal.ui.manageyards.view.New","viewId":"application-manageyards-display-component---NewYard","bindingPath":{"path":"","propertyPath":"/DELIVERY_TYPE","modelName":"NewYardModel"},"interaction":{"idSuffix":"inner"}},"wdio_ui5_key":"etmportal.ui.manageyards.view.Newsap.m.Input{\"path\":\"\",\"propertyPath\":\"/DELIVERY_TYPE\",\"modelName\":\"NewYardModel\"}"}]}
RESULT: undefined
COMMAND: POST /session/36177e4d45fb5698ad30062df7661002/execute/async - {"script":"<script> [776 bytes]","args":[{"enterText":"ZL01","selector":{"controlType":"sap.m.Input","viewName":"etm.portal.ui.manageyards.view.New","viewId":"application-manageyards-display-component---NewYard","bindingPath":{"path":"","propertyPath":"/DELIVERY_TYPE","modelName":"NewYardModel"},"interaction":{"idSuffix":"inner"}},"clearTextFirst":true,"interactionType":"ENTER_TEXT"}]}
RESULT: {"script":"<script> [776 bytes]","args":[{"enterText":"ZL01","selector":{"controlType":"sap.m.Input","viewName":"etm.portal.ui.manageyards.view.New","viewId":"application-manageyards-display-component---NewYard","bindingPath":{"path":"","propertyPath":"/DELIVERY_TYPE","modelName":"NewYardModel"},"interaction":{"idSuffix":"inner"}},"clearTextFirst":true,"interactionType":"ENTER_TEXT"}]}
COMMAND: POST /session/36177e4d45fb5698ad30062df7661002/execute/async - {"script":"<script> [1562 bytes]","args":[{"selector":{"controlType":"sap.m.Input","viewName":"etm.portal.ui.manageyards.view.New","viewId":"application-manageyards-display-component---NewYard","bindingPath":{"path":"","propertyPath":"/AUART","modelName":"NewYardModel"},"interaction":{"idSuffix":"inner"}},"wdio_ui5_key":"etmportal.ui.manageyards.view.Newsap.m.Input{\"path\":\"\",\"propertyPath\":\"/AUART\",\"modelName\":\"NewYardModel\"}"}]}
RESULT: {"script":"<script> [1562 bytes]","args":[{"selector":{"controlType":"sap.m.Input","viewName":"etm.portal.ui.manageyards.view.New","viewId":"application-manageyards-display-component---NewYard","bindingPath":{"path":"","propertyPath":"/AUART","modelName":"NewYardModel"},"interaction":{"idSuffix":"inner"}},"wdio_ui5_key":"etmportal.ui.manageyards.view.Newsap.m.Input{\"path\":\"\",\"propertyPath\":\"/AUART\",\"modelName\":\"NewYardModel\"}"}]}
RESULT: undefined
COMMAND: POST /session/36177e4d45fb5698ad30062df7661002/execute/async - {"script":"<script> [776 bytes]","args":[{"enterText":"TA","selector":{"controlType":"sap.m.Input","viewName":"etm.portal.ui.manageyards.view.New","viewId":"application-manageyards-display-component---NewYard","bindingPath":{"path":"","propertyPath":"/AUART","modelName":"NewYardModel"},"interaction":{"idSuffix":"inner"}},"clearTextFirst":true,"interactionType":"ENTER_TEXT"}]}
RESULT: {"script":"<script> [776 bytes]","args":[{"enterText":"TA","selector":{"controlType":"sap.m.Input","viewName":"etm.portal.ui.manageyards.view.New","viewId":"application-manageyards-display-component---NewYard","bindingPath":{"path":"","propertyPath":"/AUART","modelName":"NewYardModel"},"interaction":{"idSuffix":"inner"}},"clearTextFirst":true,"interactionType":"ENTER_TEXT"}]}
COMMAND: POST /session/36177e4d45fb5698ad30062df7661002/element - {"using":"xpath","value":"//button[@data-kt=\"newYardSaveButton\"]"}
RESULT: {"using":"xpath","value":"//button[@data-kt=\"newYardSaveButton\"]"}
COMMAND: POST /session/36177e4d45fb5698ad30062df7661002/element/f.165F0B9F83AB8D5533DBC2556707DBA6.d.69F113810CC795896E446A00094E16D7.e.704/click - {}
RESULT: {}
COMMAND: GET /session/36177e4d45fb5698ad30062df7661002/screenshot - {}
RESULT: {}
COMMAND: POST /session/36177e4d45fb5698ad30062df7661002/element - {"using":"xpath","value":"//header[contains(@id, 'ObjectPageLayout-headerTitle')]/div[1]/div[2]/div[1]/span[1]"}
RESULT: {"using":"xpath","value":"//header[contains(@id, 'ObjectPageLayout-headerTitle')]/div[1]/div[2]/div[1]/span[1]"}
COMMAND: POST /session/36177e4d45fb5698ad30062df7661002/elements - {"using":"xpath","value":"//header[contains(@id, 'ObjectPageLayout-headerTitle')]/div[1]/div[2]/div[1]/span[1]"}
RESULT: {"using":"xpath","value":"//header[contains(@id, 'ObjectPageLayout-headerTitle')]/div[1]/div[2]/div[1]/span[1]"}
COMMAND: POST /session/36177e4d45fb5698ad30062df7661002/execute/sync - {"script":"<script> [56 bytes]","args":[{"element-6066-11e4-a52e-4f735466cecf":"f.165F0B9F83AB8D5533DBC2556707DBA6.d.69F113810CC795896E446A00094E16D7.e.1024","ELEMENT":"f.165F0B9F83AB8D5533DBC2556707DBA6.d.69F113810CC795896E446A00094E16D7.e.1024"}]}
RESULT: {"script":"<script> [56 bytes]","args":[{"element-6066-11e4-a52e-4f735466cecf":"f.165F0B9F83AB8D5533DBC2556707DBA6.d.69F113810CC795896E446A00094E16D7.e.1024","ELEMENT":"f.165F0B9F83AB8D5533DBC2556707DBA6.d.69F113810CC795896E446A00094E16D7.e.1024"}]}
COMMAND: GET /session/36177e4d45fb5698ad30062df7661002/screenshot - {}
RESULT: {}
COMMAND: POST /session/36177e4d45fb5698ad30062df7661002/element - {"using":"css selector","value":"#shell-header-logo"}
RESULT: {"using":"css selector","value":"#shell-header-logo"}
COMMAND: POST /session/36177e4d45fb5698ad30062df7661002/element/f.165F0B9F83AB8D5533DBC2556707DBA6.d.69F113810CC795896E446A00094E16D7.e.273/click - {}
RESULT: {}
COMMAND: GET /session/36177e4d45fb5698ad30062df7661002/screenshot - {}
RESULT: {}
COMMAND: POST /session/36177e4d45fb5698ad30062df7661002/execute/sync - {"script":"<script> [299 bytes]","args":[["getModel","getResource"]]}
RESULT: {"script":"<script> [299 bytes]","args":[["getModel","getResource"]]}
]]></system-out>
    </testcase>
    <testcase classname="chrome.136_0_7103_93.windows.Billing_confirm_US117289" name="Should create a new partner" time="148.868">
      <system-out><![CDATA[
COMMAND: GET /session/36177e4d45fb5698ad30062df7661002/screenshot - {}
COMMAND: POST /session/36177e4d45fb5698ad30062df7661002/window/fullscreen - {}
RESULT: {}
RESULT: {}
COMMAND: POST /session/36177e4d45fb5698ad30062df7661002/execute/async - {"script":"<script> [1562 bytes]","args":[{"selector":{"controlType":"sap.m.GenericTile","properties":{"header":"Manage Partners"}},"wdio_ui5_key":"sapm.GenericTile{\"header\":\"Manage Partners\"}"}]}
RESULT: {"script":"<script> [1562 bytes]","args":[{"selector":{"controlType":"sap.m.GenericTile","properties":{"header":"Manage Partners"}},"wdio_ui5_key":"sapm.GenericTile{\"header\":\"Manage Partners\"}"}]}
RESULT: undefined
COMMAND: POST /session/36177e4d45fb5698ad30062df7661002/element - {"using":"xpath","value":"//*[@id=\"__tile38\"]"}
RESULT: {"using":"xpath","value":"//*[@id=\"__tile38\"]"}
COMMAND: POST /session/36177e4d45fb5698ad30062df7661002/element/f.165F0B9F83AB8D5533DBC2556707DBA6.d.69F113810CC795896E446A00094E16D7.e.163/click - {}
RESULT: {}
COMMAND: GET /session/36177e4d45fb5698ad30062df7661002/screenshot - {}
RESULT: {}
COMMAND: POST /session/36177e4d45fb5698ad30062df7661002/elements - {"using":"xpath","value":"//span[text()='Error']"}
RESULT: {"using":"xpath","value":"//span[text()='Error']"}
COMMAND: POST /session/36177e4d45fb5698ad30062df7661002/element - {"using":"xpath","value":"//button[@data-kt=\"addButton\"]"}
RESULT: {"using":"xpath","value":"//button[@data-kt=\"addButton\"]"}
COMMAND: POST /session/36177e4d45fb5698ad30062df7661002/elements - {"using":"xpath","value":"//button[@data-kt=\"addButton\"]"}
RESULT: {"using":"xpath","value":"//button[@data-kt=\"addButton\"]"}
COMMAND: POST /session/36177e4d45fb5698ad30062df7661002/elements - {"using":"xpath","value":"//button[@data-kt=\"addButton\"]"}
RESULT: {"using":"xpath","value":"//button[@data-kt=\"addButton\"]"}
COMMAND: POST /session/36177e4d45fb5698ad30062df7661002/elements - {"using":"xpath","value":"//button[@data-kt=\"addButton\"]"}
RESULT: {"using":"xpath","value":"//button[@data-kt=\"addButton\"]"}
COMMAND: POST /session/36177e4d45fb5698ad30062df7661002/elements - {"using":"xpath","value":"//button[@data-kt=\"addButton\"]"}
RESULT: {"using":"xpath","value":"//button[@data-kt=\"addButton\"]"}
COMMAND: POST /session/36177e4d45fb5698ad30062df7661002/element - {"using":"xpath","value":"//button[@data-kt=\"addButton\"]"}
RESULT: {"using":"xpath","value":"//button[@data-kt=\"addButton\"]"}
COMMAND: POST /session/36177e4d45fb5698ad30062df7661002/execute/sync - {"script":"<script> [8489 bytes]","args":[{"element-6066-11e4-a52e-4f735466cecf":"f.165F0B9F83AB8D5533DBC2556707DBA6.d.69F113810CC795896E446A00094E16D7.e.1074","ELEMENT":"f.165F0B9F83AB8D5533DBC2556707DBA6.d.69F113810CC795896E446A00094E16D7.e.1074"}]}
RESULT: {"script":"<script> [8489 bytes]","args":[{"element-6066-11e4-a52e-4f735466cecf":"f.165F0B9F83AB8D5533DBC2556707DBA6.d.69F113810CC795896E446A00094E16D7.e.1074","ELEMENT":"f.165F0B9F83AB8D5533DBC2556707DBA6.d.69F113810CC795896E446A00094E16D7.e.1074"}]}
COMMAND: GET /session/36177e4d45fb5698ad30062df7661002/element/f.165F0B9F83AB8D5533DBC2556707DBA6.d.69F113810CC795896E446A00094E16D7.e.1074/enabled - {}
COMMAND: GET /session/36177e4d45fb5698ad30062df7661002/screenshot - {}
RESULT: {}
COMMAND: POST /session/36177e4d45fb5698ad30062df7661002/execute/sync - {"script":"<script> [8489 bytes]","args":[{"element-6066-11e4-a52e-4f735466cecf":"f.165F0B9F83AB8D5533DBC2556707DBA6.d.69F113810CC795896E446A00094E16D7.e.1074","ELEMENT":"f.165F0B9F83AB8D5533DBC2556707DBA6.d.69F113810CC795896E446A00094E16D7.e.1074"}]}
COMMAND: GET /session/36177e4d45fb5698ad30062df7661002/screenshot - {}
RESULT: {}
RESULT: {"script":"<script> [8489 bytes]","args":[{"element-6066-11e4-a52e-4f735466cecf":"f.165F0B9F83AB8D5533DBC2556707DBA6.d.69F113810CC795896E446A00094E16D7.e.1074","ELEMENT":"f.165F0B9F83AB8D5533DBC2556707DBA6.d.69F113810CC795896E446A00094E16D7.e.1074"}]}
COMMAND: POST /session/36177e4d45fb5698ad30062df7661002/execute/sync - {"script":"<script> [5351 bytes]","args":[{"element-6066-11e4-a52e-4f735466cecf":"f.165F0B9F83AB8D5533DBC2556707DBA6.d.69F113810CC795896E446A00094E16D7.e.1074","ELEMENT":"f.165F0B9F83AB8D5533DBC2556707DBA6.d.69F113810CC795896E446A00094E16D7.e.1074"}]}
COMMAND: GET /session/36177e4d45fb5698ad30062df7661002/screenshot - {}
RESULT: {}
RESULT: {"script":"<script> [5351 bytes]","args":[{"element-6066-11e4-a52e-4f735466cecf":"f.165F0B9F83AB8D5533DBC2556707DBA6.d.69F113810CC795896E446A00094E16D7.e.1074","ELEMENT":"f.165F0B9F83AB8D5533DBC2556707DBA6.d.69F113810CC795896E446A00094E16D7.e.1074"}]}
COMMAND: POST /session/36177e4d45fb5698ad30062df7661002/element/f.165F0B9F83AB8D5533DBC2556707DBA6.d.69F113810CC795896E446A00094E16D7.e.1074/click - {}
COMMAND: GET /session/36177e4d45fb5698ad30062df7661002/screenshot - {}
RESULT: {}
RESULT: {}
COMMAND: GET /session/36177e4d45fb5698ad30062df7661002/screenshot - {}
COMMAND: POST /session/36177e4d45fb5698ad30062df7661002/execute/async - {"script":"<script> [1562 bytes]","args":[{"selector":{"id":"application-managepartners-display-component---NewPartner--addressDetailDetailsName1","interaction":{"idSuffix":"inner"}},"wdio_ui5_key":"applicationmanagepartners-display-component---NewPartner--addressDetailDetailsName1"}]}
RESULT: {}
RESULT: {}
RESULT: {"script":"<script> [1562 bytes]","args":[{"selector":{"id":"application-managepartners-display-component---NewPartner--addressDetailDetailsName1","interaction":{"idSuffix":"inner"}},"wdio_ui5_key":"applicationmanagepartners-display-component---NewPartner--addressDetailDetailsName1"}]}
RESULT: undefined
COMMAND: POST /session/36177e4d45fb5698ad30062df7661002/execute/async - {"script":"<script> [776 bytes]","args":[{"enterText":"Intracompany Partner WDIO","selector":{"id":"application-managepartners-display-component---NewPartner--addressDetailDetailsName1","interaction":{"idSuffix":"inner"}},"clearTextFirst":true,"interactionType":"ENTER_TEXT"}]}
RESULT: {"script":"<script> [776 bytes]","args":[{"enterText":"Intracompany Partner WDIO","selector":{"id":"application-managepartners-display-component---NewPartner--addressDetailDetailsName1","interaction":{"idSuffix":"inner"}},"clearTextFirst":true,"interactionType":"ENTER_TEXT"}]}
COMMAND: POST /session/36177e4d45fb5698ad30062df7661002/execute/async - {"script":"<script> [1562 bytes]","args":[{"selector":{"id":"application-managepartners-display-component---NewPartner--addressDetailDetailsLanguage-arrow"},"wdio_ui5_key":"applicationmanagepartners-display-component---NewPartner--addressDetailDetailsLanguage-arrow"}]}
RESULT: {"script":"<script> [1562 bytes]","args":[{"selector":{"id":"application-managepartners-display-component---NewPartner--addressDetailDetailsLanguage-arrow"},"wdio_ui5_key":"applicationmanagepartners-display-component---NewPartner--addressDetailDetailsLanguage-arrow"}]}
RESULT: undefined
COMMAND: POST /session/36177e4d45fb5698ad30062df7661002/element - {"using":"xpath","value":"//*[@id=\"application-managepartners-display-component---NewPartner--addressDetailDetailsLanguage-arrow\"]"}
RESULT: {"using":"xpath","value":"//*[@id=\"application-managepartners-display-component---NewPartner--addressDetailDetailsLanguage-arrow\"]"}
COMMAND: POST /session/36177e4d45fb5698ad30062df7661002/element/f.165F0B9F83AB8D5533DBC2556707DBA6.d.69F113810CC795896E446A00094E16D7.e.1513/click - {}
RESULT: {}
COMMAND: POST /session/36177e4d45fb5698ad30062df7661002/element - {"using":"xpath","value":"//span[contains(text(), \"English\")]"}
COMMAND: GET /session/36177e4d45fb5698ad30062df7661002/screenshot - {}
RESULT: {"using":"xpath","value":"//span[contains(text(), \"English\")]"}
COMMAND: POST /session/36177e4d45fb5698ad30062df7661002/element/f.165F0B9F83AB8D5533DBC2556707DBA6.d.69F113810CC795896E446A00094E16D7.e.1514/click - {}
RESULT: {}
RESULT: {}
COMMAND: GET /session/36177e4d45fb5698ad30062df7661002/screenshot - {}
RESULT: {}
COMMAND: POST /session/36177e4d45fb5698ad30062df7661002/execute/async - {"script":"<script> [1562 bytes]","args":[{"selector":{"id":"application-managepartners-display-component---NewPartner--addressDetailDetailsCity1","interaction":{"idSuffix":"inner"}},"wdio_ui5_key":"applicationmanagepartners-display-component---NewPartner--addressDetailDetailsCity1"}]}
RESULT: {"script":"<script> [1562 bytes]","args":[{"selector":{"id":"application-managepartners-display-component---NewPartner--addressDetailDetailsCity1","interaction":{"idSuffix":"inner"}},"wdio_ui5_key":"applicationmanagepartners-display-component---NewPartner--addressDetailDetailsCity1"}]}
RESULT: undefined
COMMAND: POST /session/36177e4d45fb5698ad30062df7661002/execute/async - {"script":"<script> [776 bytes]","args":[{"enterText":"Rosario","selector":{"id":"application-managepartners-display-component---NewPartner--addressDetailDetailsCity1","interaction":{"idSuffix":"inner"}},"clearTextFirst":true,"interactionType":"ENTER_TEXT"}]}
RESULT: {"script":"<script> [776 bytes]","args":[{"enterText":"Rosario","selector":{"id":"application-managepartners-display-component---NewPartner--addressDetailDetailsCity1","interaction":{"idSuffix":"inner"}},"clearTextFirst":true,"interactionType":"ENTER_TEXT"}]}
COMMAND: POST /session/36177e4d45fb5698ad30062df7661002/execute/async - {"script":"<script> [1562 bytes]","args":[{"selector":{"id":"application-managepartners-display-component---NewPartner--addressDetailDetailsCountry-arrow"},"wdio_ui5_key":"applicationmanagepartners-display-component---NewPartner--addressDetailDetailsCountry-arrow"}]}
RESULT: {"script":"<script> [1562 bytes]","args":[{"selector":{"id":"application-managepartners-display-component---NewPartner--addressDetailDetailsCountry-arrow"},"wdio_ui5_key":"applicationmanagepartners-display-component---NewPartner--addressDetailDetailsCountry-arrow"}]}
RESULT: undefined
COMMAND: POST /session/36177e4d45fb5698ad30062df7661002/element - {"using":"xpath","value":"//*[@id=\"application-managepartners-display-component---NewPartner--addressDetailDetailsCountry-arrow\"]"}
RESULT: {"using":"xpath","value":"//*[@id=\"application-managepartners-display-component---NewPartner--addressDetailDetailsCountry-arrow\"]"}
COMMAND: POST /session/36177e4d45fb5698ad30062df7661002/element/f.165F0B9F83AB8D5533DBC2556707DBA6.d.69F113810CC795896E446A00094E16D7.e.1500/click - {}
RESULT: {}
COMMAND: POST /session/36177e4d45fb5698ad30062df7661002/element - {"using":"xpath","value":"//span[contains(text(), \"Argentina\")]"}
COMMAND: GET /session/36177e4d45fb5698ad30062df7661002/screenshot - {}
RESULT: {"using":"xpath","value":"//span[contains(text(), \"Argentina\")]"}
COMMAND: POST /session/36177e4d45fb5698ad30062df7661002/element/f.165F0B9F83AB8D5533DBC2556707DBA6.d.69F113810CC795896E446A00094E16D7.e.1516/click - {}
RESULT: {}
RESULT: {}
COMMAND: GET /session/36177e4d45fb5698ad30062df7661002/screenshot - {}
RESULT: {}
COMMAND: POST /session/36177e4d45fb5698ad30062df7661002/element - {"using":"xpath","value":"//bdi[contains(text(), \"Commercial\")]"}
RESULT: {"using":"xpath","value":"//bdi[contains(text(), \"Commercial\")]"}
COMMAND: POST /session/36177e4d45fb5698ad30062df7661002/element/f.165F0B9F83AB8D5533DBC2556707DBA6.d.69F113810CC795896E446A00094E16D7.e.1517/click - {}
RESULT: {}
COMMAND: GET /session/36177e4d45fb5698ad30062df7661002/screenshot - {}
RESULT: {}
COMMAND: POST /session/36177e4d45fb5698ad30062df7661002/execute/async - {"script":"<script> [1562 bytes]","args":[{"selector":{"id":"application-managepartners-display-component---NewPartner--partnerDetailInternal-arrow"},"wdio_ui5_key":"applicationmanagepartners-display-component---NewPartner--partnerDetailInternal-arrow"}]}
RESULT: {"script":"<script> [1562 bytes]","args":[{"selector":{"id":"application-managepartners-display-component---NewPartner--partnerDetailInternal-arrow"},"wdio_ui5_key":"applicationmanagepartners-display-component---NewPartner--partnerDetailInternal-arrow"}]}
RESULT: undefined
COMMAND: POST /session/36177e4d45fb5698ad30062df7661002/element - {"using":"xpath","value":"//*[@id=\"application-managepartners-display-component---NewPartner--partnerDetailInternal-arrow\"]"}
RESULT: {"using":"xpath","value":"//*[@id=\"application-managepartners-display-component---NewPartner--partnerDetailInternal-arrow\"]"}
COMMAND: POST /session/36177e4d45fb5698ad30062df7661002/element/f.165F0B9F83AB8D5533DBC2556707DBA6.d.69F113810CC795896E446A00094E16D7.e.1523/click - {}
RESULT: {}
COMMAND: POST /session/36177e4d45fb5698ad30062df7661002/element - {"using":"xpath","value":"//span[contains(text(), \"Affiliated company\")]"}
COMMAND: GET /session/36177e4d45fb5698ad30062df7661002/screenshot - {}
RESULT: {"using":"xpath","value":"//span[contains(text(), \"Affiliated company\")]"}
COMMAND: POST /session/36177e4d45fb5698ad30062df7661002/element/f.165F0B9F83AB8D5533DBC2556707DBA6.d.69F113810CC795896E446A00094E16D7.e.1524/click - {}
RESULT: {}
RESULT: {}
COMMAND: POST /session/36177e4d45fb5698ad30062df7661002/execute/async - {"script":"<script> [1562 bytes]","args":[{"selector":{"id":"application-managepartners-display-component---NewPartner--partnerDetailsCurrency-arrow"},"wdio_ui5_key":"applicationmanagepartners-display-component---NewPartner--partnerDetailsCurrency-arrow"}]}
COMMAND: GET /session/36177e4d45fb5698ad30062df7661002/screenshot - {}
RESULT: {"script":"<script> [1562 bytes]","args":[{"selector":{"id":"application-managepartners-display-component---NewPartner--partnerDetailsCurrency-arrow"},"wdio_ui5_key":"applicationmanagepartners-display-component---NewPartner--partnerDetailsCurrency-arrow"}]}
RESULT: undefined
COMMAND: POST /session/36177e4d45fb5698ad30062df7661002/element - {"using":"xpath","value":"//*[@id=\"application-managepartners-display-component---NewPartner--partnerDetailsCurrency-arrow\"]"}
RESULT: {}
RESULT: {"using":"xpath","value":"//*[@id=\"application-managepartners-display-component---NewPartner--partnerDetailsCurrency-arrow\"]"}
COMMAND: POST /session/36177e4d45fb5698ad30062df7661002/element/f.165F0B9F83AB8D5533DBC2556707DBA6.d.69F113810CC795896E446A00094E16D7.e.1531/click - {}
RESULT: {}
COMMAND: POST /session/36177e4d45fb5698ad30062df7661002/element - {"using":"xpath","value":"//span[contains(text(), \"Euro\")]"}
COMMAND: GET /session/36177e4d45fb5698ad30062df7661002/screenshot - {}
RESULT: {"using":"xpath","value":"//span[contains(text(), \"Euro\")]"}
COMMAND: POST /session/36177e4d45fb5698ad30062df7661002/element/f.165F0B9F83AB8D5533DBC2556707DBA6.d.69F113810CC795896E446A00094E16D7.e.1532/click - {}
RESULT: {}
RESULT: {}
COMMAND: POST /session/36177e4d45fb5698ad30062df7661002/execute/async - {"script":"<script> [1562 bytes]","args":[{"selector":{"id":"application-managepartners-display-component---NewPartner--addressEditDetailsCostObjectCstType-arrow"},"wdio_ui5_key":"applicationmanagepartners-display-component---NewPartner--addressEditDetailsCostObjectCstType-arrow"}]}
COMMAND: GET /session/36177e4d45fb5698ad30062df7661002/screenshot - {}
RESULT: {"script":"<script> [1562 bytes]","args":[{"selector":{"id":"application-managepartners-display-component---NewPartner--addressEditDetailsCostObjectCstType-arrow"},"wdio_ui5_key":"applicationmanagepartners-display-component---NewPartner--addressEditDetailsCostObjectCstType-arrow"}]}
RESULT: undefined
COMMAND: POST /session/36177e4d45fb5698ad30062df7661002/element - {"using":"xpath","value":"//*[@id=\"application-managepartners-display-component---NewPartner--addressEditDetailsCostObjectCstType-arrow\"]"}
RESULT: {}
RESULT: {"using":"xpath","value":"//*[@id=\"application-managepartners-display-component---NewPartner--addressEditDetailsCostObjectCstType-arrow\"]"}
COMMAND: POST /session/36177e4d45fb5698ad30062df7661002/element/f.165F0B9F83AB8D5533DBC2556707DBA6.d.69F113810CC795896E446A00094E16D7.e.1533/click - {}
RESULT: {}
COMMAND: POST /session/36177e4d45fb5698ad30062df7661002/element - {"using":"xpath","value":"//span[contains(text(), \"Cost Center\")]"}
COMMAND: GET /session/36177e4d45fb5698ad30062df7661002/screenshot - {}
RESULT: {"using":"xpath","value":"//span[contains(text(), \"Cost Center\")]"}
COMMAND: POST /session/36177e4d45fb5698ad30062df7661002/element/f.165F0B9F83AB8D5533DBC2556707DBA6.d.69F113810CC795896E446A00094E16D7.e.1534/click - {}
RESULT: {}
RESULT: {}
COMMAND: GET /session/36177e4d45fb5698ad30062df7661002/screenshot - {}
RESULT: {}
COMMAND: POST /session/36177e4d45fb5698ad30062df7661002/element - {"using":"xpath","value":"//span[@id=\"application-managepartners-display-component---NewPartner--addressNewCostObjectCstID-vhi\"]"}
RESULT: {"using":"xpath","value":"//span[@id=\"application-managepartners-display-component---NewPartner--addressNewCostObjectCstID-vhi\"]"}
COMMAND: POST /session/36177e4d45fb5698ad30062df7661002/execute/sync - {"script":"<script> [8489 bytes]","args":[{"element-6066-11e4-a52e-4f735466cecf":"f.165F0B9F83AB8D5533DBC2556707DBA6.d.69F113810CC795896E446A00094E16D7.e.1538","ELEMENT":"f.165F0B9F83AB8D5533DBC2556707DBA6.d.69F113810CC795896E446A00094E16D7.e.1538"}]}
RESULT: {"script":"<script> [8489 bytes]","args":[{"element-6066-11e4-a52e-4f735466cecf":"f.165F0B9F83AB8D5533DBC2556707DBA6.d.69F113810CC795896E446A00094E16D7.e.1538","ELEMENT":"f.165F0B9F83AB8D5533DBC2556707DBA6.d.69F113810CC795896E446A00094E16D7.e.1538"}]}
COMMAND: POST /session/36177e4d45fb5698ad30062df7661002/execute/async - {"script":"<script> [1562 bytes]","args":[{"selector":{"id":"application-managepartners-display-component---NewPartner--addressNewCostObjectCstID-vhi"},"wdio_ui5_key":"applicationmanagepartners-display-component---NewPartner--addressNewCostObjectCstID-vhi"}]}
COMMAND: GET /session/36177e4d45fb5698ad30062df7661002/screenshot - {}
RESULT: {"script":"<script> [1562 bytes]","args":[{"selector":{"id":"application-managepartners-display-component---NewPartner--addressNewCostObjectCstID-vhi"},"wdio_ui5_key":"applicationmanagepartners-display-component---NewPartner--addressNewCostObjectCstID-vhi"}]}
RESULT: undefined
COMMAND: POST /session/36177e4d45fb5698ad30062df7661002/element - {"using":"xpath","value":"//*[@id=\"application-managepartners-display-component---NewPartner--addressNewCostObjectCstID-vhi\"]"}
RESULT: {}
RESULT: {"using":"xpath","value":"//*[@id=\"application-managepartners-display-component---NewPartner--addressNewCostObjectCstID-vhi\"]"}
COMMAND: POST /session/36177e4d45fb5698ad30062df7661002/element/f.165F0B9F83AB8D5533DBC2556707DBA6.d.69F113810CC795896E446A00094E16D7.e.1538/click - {}
RESULT: {}
COMMAND: GET /session/36177e4d45fb5698ad30062df7661002/screenshot - {}
RESULT: {}
RESULT: undefined
COMMAND: POST /session/36177e4d45fb5698ad30062df7661002/execute/async - {"script":"<script> [776 bytes]","args":[{"enterText":"10001013","selector":{"controlType":"sap.m.SearchField","properties":{"placeholder":"Search"},"searchOpenDialogs":true,"interaction":{"idSuffix":"I"}},"clearTextFirst":true,"interactionType":"ENTER_TEXT"}]}
RESULT: {"script":"<script> [776 bytes]","args":[{"enterText":"10001013","selector":{"controlType":"sap.m.SearchField","properties":{"placeholder":"Search"},"searchOpenDialogs":true,"interaction":{"idSuffix":"I"}},"clearTextFirst":true,"interactionType":"ENTER_TEXT"}]}
COMMAND: POST /session/36177e4d45fb5698ad30062df7661002/actions - {"actions":[{"id":"action2","type":"key","parameters":{},"actions":[{"type":"keyDown","value":"î€‡"},{"type":"pause","duration":10},{"type":"keyUp","value":"î€‡"}]}]}
RESULT: {"actions":[{"id":"action2","type":"key","parameters":{},"actions":[{"type":"keyDown","value":"î€‡"},{"type":"pause","duration":10},{"type":"keyUp","value":"î€‡"}]}]}
COMMAND: GET /session/36177e4d45fb5698ad30062df7661002/screenshot - {}
RESULT: {}
COMMAND: POST /session/36177e4d45fb5698ad30062df7661002/element - {"using":"xpath","value":"//span[contains(text(), \"General Management\")]"}
RESULT: {"using":"xpath","value":"//span[contains(text(), \"General Management\")]"}
COMMAND: POST /session/36177e4d45fb5698ad30062df7661002/element/f.165F0B9F83AB8D5533DBC2556707DBA6.d.69F113810CC795896E446A00094E16D7.e.1578/click - {}
RESULT: {}
COMMAND: GET /session/36177e4d45fb5698ad30062df7661002/screenshot - {}
RESULT: {}
COMMAND: POST /session/36177e4d45fb5698ad30062df7661002/element - {"using":"xpath","value":"//bdi[contains(text(), \"OK\")]"}
RESULT: {"using":"xpath","value":"//bdi[contains(text(), \"OK\")]"}
COMMAND: POST /session/36177e4d45fb5698ad30062df7661002/element/f.165F0B9F83AB8D5533DBC2556707DBA6.d.69F113810CC795896E446A00094E16D7.e.1579/click - {}
RESULT: {}
COMMAND: GET /session/36177e4d45fb5698ad30062df7661002/screenshot - {}
RESULT: {}
COMMAND: POST /session/36177e4d45fb5698ad30062df7661002/element - {"using":"xpath","value":"//input[@id=\"application-managepartners-display-component---NewPartner--companyCodeComboBox-inner\"]"}
RESULT: {"using":"xpath","value":"//input[@id=\"application-managepartners-display-component---NewPartner--companyCodeComboBox-inner\"]"}
COMMAND: POST /session/36177e4d45fb5698ad30062df7661002/element/f.165F0B9F83AB8D5533DBC2556707DBA6.d.69F113810CC795896E446A00094E16D7.e.1391/clear - {}
RESULT: {}
COMMAND: POST /session/36177e4d45fb5698ad30062df7661002/element/f.165F0B9F83AB8D5533DBC2556707DBA6.d.69F113810CC795896E446A00094E16D7.e.1391/value - {"text":"1000"}
COMMAND: GET /session/36177e4d45fb5698ad30062df7661002/screenshot - {}
RESULT: {"text":"1000"}
COMMAND: GET /session/36177e4d45fb5698ad30062df7661002/screenshot - {}
RESULT: {}
RESULT: {}
COMMAND: POST /session/36177e4d45fb5698ad30062df7661002/element - {"using":"xpath","value":"//li[.//span[text()= \"1000\"]]"}
RESULT: {"using":"xpath","value":"//li[.//span[text()= \"1000\"]]"}
COMMAND: POST /session/36177e4d45fb5698ad30062df7661002/element/f.165F0B9F83AB8D5533DBC2556707DBA6.d.69F113810CC795896E446A00094E16D7.e.1585/click - {}
RESULT: {}
COMMAND: GET /session/36177e4d45fb5698ad30062df7661002/screenshot - {}
RESULT: {}
COMMAND: POST /session/36177e4d45fb5698ad30062df7661002/execute/async - {"script":"<script> [1562 bytes]","args":[{"selector":{"id":"application-managepartners-display-component---NewPartner--btnAddTableRow-img"},"wdio_ui5_key":"applicationmanagepartners-display-component---NewPartner--btnAddTableRow-img"}]}
RESULT: {"script":"<script> [1562 bytes]","args":[{"selector":{"id":"application-managepartners-display-component---NewPartner--btnAddTableRow-img"},"wdio_ui5_key":"applicationmanagepartners-display-component---NewPartner--btnAddTableRow-img"}]}
RESULT: undefined
COMMAND: POST /session/36177e4d45fb5698ad30062df7661002/element - {"using":"xpath","value":"//*[@id=\"application-managepartners-display-component---NewPartner--btnAddTableRow-img\"]"}
RESULT: {"using":"xpath","value":"//*[@id=\"application-managepartners-display-component---NewPartner--btnAddTableRow-img\"]"}
COMMAND: POST /session/36177e4d45fb5698ad30062df7661002/element/f.165F0B9F83AB8D5533DBC2556707DBA6.d.69F113810CC795896E446A00094E16D7.e.1586/click - {}
RESULT: {}
COMMAND: GET /session/36177e4d45fb5698ad30062df7661002/screenshot - {}
RESULT: {}
COMMAND: POST /session/36177e4d45fb5698ad30062df7661002/element - {"using":"xpath","value":"//input[@id=\"application-managepartners-display-component---NewPartner--assignmentYard-application-managepartners-display-component---NewPartner--assignmentsTable-0-inner\"]"}
RESULT: {"using":"xpath","value":"//input[@id=\"application-managepartners-display-component---NewPartner--assignmentYard-application-managepartners-display-component---NewPartner--assignmentsTable-0-inner\"]"}
COMMAND: POST /session/36177e4d45fb5698ad30062df7661002/element/f.165F0B9F83AB8D5533DBC2556707DBA6.d.69F113810CC795896E446A00094E16D7.e.1589/clear - {}
RESULT: {}
COMMAND: POST /session/36177e4d45fb5698ad30062df7661002/element/f.165F0B9F83AB8D5533DBC2556707DBA6.d.69F113810CC795896E446A00094E16D7.e.1589/value - {"text":"433"}
COMMAND: GET /session/36177e4d45fb5698ad30062df7661002/screenshot - {}
RESULT: {"text":"433"}
COMMAND: GET /session/36177e4d45fb5698ad30062df7661002/screenshot - {}
RESULT: {}
RESULT: {}
COMMAND: POST /session/36177e4d45fb5698ad30062df7661002/element - {"using":"xpath","value":"//li[.//span[text()='433']]"}
RESULT: {"using":"xpath","value":"//li[.//span[text()='433']]"}
COMMAND: POST /session/36177e4d45fb5698ad30062df7661002/element/f.165F0B9F83AB8D5533DBC2556707DBA6.d.69F113810CC795896E446A00094E16D7.e.1598/click - {}
RESULT: {}
COMMAND: GET /session/36177e4d45fb5698ad30062df7661002/screenshot - {}
RESULT: {}
COMMAND: POST /session/36177e4d45fb5698ad30062df7661002/actions - {"actions":[{"id":"action3","type":"key","parameters":{},"actions":[{"type":"keyDown","value":"î€‡"},{"type":"pause","duration":10},{"type":"keyUp","value":"î€‡"}]}]}
RESULT: {"actions":[{"id":"action3","type":"key","parameters":{},"actions":[{"type":"keyDown","value":"î€‡"},{"type":"pause","duration":10},{"type":"keyUp","value":"î€‡"}]}]}
COMMAND: POST /session/36177e4d45fb5698ad30062df7661002/execute/async - {"script":"<script> [1562 bytes]","args":[{"selector":{"id":"application-managepartners-display-component---NewPartner--externalCustomerComboBox-application-managepartners-display-component---NewPartner--assignmentsTable-0-vhi"},"wdio_ui5_key":"applicationmanagepartners-display-component---NewPartner--externalCustomerComboBox-application-managepartners-display-component---NewPartner--assignmentsTable-0-vhi"}]}
COMMAND: GET /session/36177e4d45fb5698ad30062df7661002/screenshot - {}
RESULT: {"script":"<script> [1562 bytes]","args":[{"selector":{"id":"application-managepartners-display-component---NewPartner--externalCustomerComboBox-application-managepartners-display-component---NewPartner--assignmentsTable-0-vhi"},"wdio_ui5_key":"applicationmanagepartners-display-component---NewPartner--externalCustomerComboBox-application-managepartners-display-component---NewPartner--assignmentsTable-0-vhi"}]}
RESULT: undefined
COMMAND: POST /session/36177e4d45fb5698ad30062df7661002/element - {"using":"xpath","value":"//*[@id=\"application-managepartners-display-component---NewPartner--externalCustomerComboBox-application-managepartners-display-component---NewPartner--assignmentsTable-0-vhi\"]"}
RESULT: {}
RESULT: {"using":"xpath","value":"//*[@id=\"application-managepartners-display-component---NewPartner--externalCustomerComboBox-application-managepartners-display-component---NewPartner--assignmentsTable-0-vhi\"]"}
COMMAND: POST /session/36177e4d45fb5698ad30062df7661002/element/f.165F0B9F83AB8D5533DBC2556707DBA6.d.69F113810CC795896E446A00094E16D7.e.1602/click - {}
RESULT: {}
RESULT: undefined
COMMAND: POST /session/36177e4d45fb5698ad30062df7661002/execute/async - {"script":"<script> [776 bytes]","args":[{"enterText":"300003","selector":{"controlType":"sap.m.SearchField","properties":{"placeholder":"Search"},"searchOpenDialogs":true,"interaction":{"idSuffix":"I"}},"clearTextFirst":true,"interactionType":"ENTER_TEXT"}]}
COMMAND: GET /session/36177e4d45fb5698ad30062df7661002/screenshot - {}
RESULT: {"script":"<script> [776 bytes]","args":[{"enterText":"300003","selector":{"controlType":"sap.m.SearchField","properties":{"placeholder":"Search"},"searchOpenDialogs":true,"interaction":{"idSuffix":"I"}},"clearTextFirst":true,"interactionType":"ENTER_TEXT"}]}
COMMAND: POST /session/36177e4d45fb5698ad30062df7661002/actions - {"actions":[{"id":"action4","type":"key","parameters":{},"actions":[{"type":"keyDown","value":"î€‡"},{"type":"pause","duration":10},{"type":"keyUp","value":"î€‡"}]}]}
RESULT: {}
RESULT: {"actions":[{"id":"action4","type":"key","parameters":{},"actions":[{"type":"keyDown","value":"î€‡"},{"type":"pause","duration":10},{"type":"keyUp","value":"î€‡"}]}]}
COMMAND: GET /session/36177e4d45fb5698ad30062df7661002/screenshot - {}
RESULT: {}
COMMAND: POST /session/36177e4d45fb5698ad30062df7661002/element - {"using":"xpath","value":"//span[contains(text(), \"300003\")]"}
RESULT: {"using":"xpath","value":"//span[contains(text(), \"300003\")]"}
COMMAND: POST /session/36177e4d45fb5698ad30062df7661002/element/f.165F0B9F83AB8D5533DBC2556707DBA6.d.69F113810CC795896E446A00094E16D7.e.1620/click - {}
RESULT: {}
COMMAND: GET /session/36177e4d45fb5698ad30062df7661002/screenshot - {}
RESULT: {}
COMMAND: POST /session/36177e4d45fb5698ad30062df7661002/element - {"using":"xpath","value":"//bdi[contains(text(), \"OK\")]"}
RESULT: {"using":"xpath","value":"//bdi[contains(text(), \"OK\")]"}
COMMAND: POST /session/36177e4d45fb5698ad30062df7661002/element/f.165F0B9F83AB8D5533DBC2556707DBA6.d.69F113810CC795896E446A00094E16D7.e.1622/click - {}
RESULT: {}
COMMAND: GET /session/36177e4d45fb5698ad30062df7661002/screenshot - {}
RESULT: {}
COMMAND: POST /session/36177e4d45fb5698ad30062df7661002/execute/async - {"script":"<script> [1562 bytes]","args":[{"selector":{"id":"application-managepartners-display-component---NewPartner--intercompVendorComboBox-application-managepartners-display-component---NewPartner--assignmentsTable-0-vhi"},"wdio_ui5_key":"applicationmanagepartners-display-component---NewPartner--intercompVendorComboBox-application-managepartners-display-component---NewPartner--assignmentsTable-0-vhi"}]}
RESULT: {"script":"<script> [1562 bytes]","args":[{"selector":{"id":"application-managepartners-display-component---NewPartner--intercompVendorComboBox-application-managepartners-display-component---NewPartner--assignmentsTable-0-vhi"},"wdio_ui5_key":"applicationmanagepartners-display-component---NewPartner--intercompVendorComboBox-application-managepartners-display-component---NewPartner--assignmentsTable-0-vhi"}]}
RESULT: undefined
COMMAND: POST /session/36177e4d45fb5698ad30062df7661002/element - {"using":"xpath","value":"//*[@id=\"application-managepartners-display-component---NewPartner--intercompVendorComboBox-application-managepartners-display-component---NewPartner--assignmentsTable-0-vhi\"]"}
RESULT: {"using":"xpath","value":"//*[@id=\"application-managepartners-display-component---NewPartner--intercompVendorComboBox-application-managepartners-display-component---NewPartner--assignmentsTable-0-vhi\"]"}
COMMAND: POST /session/36177e4d45fb5698ad30062df7661002/element/f.165F0B9F83AB8D5533DBC2556707DBA6.d.69F113810CC795896E446A00094E16D7.e.1625/click - {}
RESULT: {}
RESULT: undefined
COMMAND: POST /session/36177e4d45fb5698ad30062df7661002/execute/async - {"script":"<script> [776 bytes]","args":[{"enterText":"100005","selector":{"controlType":"sap.m.SearchField","properties":{"placeholder":"Search"},"searchOpenDialogs":true,"interaction":{"idSuffix":"I"}},"clearTextFirst":true,"interactionType":"ENTER_TEXT"}]}
COMMAND: GET /session/36177e4d45fb5698ad30062df7661002/screenshot - {}
RESULT: {"script":"<script> [776 bytes]","args":[{"enterText":"100005","selector":{"controlType":"sap.m.SearchField","properties":{"placeholder":"Search"},"searchOpenDialogs":true,"interaction":{"idSuffix":"I"}},"clearTextFirst":true,"interactionType":"ENTER_TEXT"}]}
COMMAND: POST /session/36177e4d45fb5698ad30062df7661002/actions - {"actions":[{"id":"action5","type":"key","parameters":{},"actions":[{"type":"keyDown","value":"î€‡"},{"type":"pause","duration":10},{"type":"keyUp","value":"î€‡"}]}]}
RESULT: {}
RESULT: {"actions":[{"id":"action5","type":"key","parameters":{},"actions":[{"type":"keyDown","value":"î€‡"},{"type":"pause","duration":10},{"type":"keyUp","value":"î€‡"}]}]}
COMMAND: GET /session/36177e4d45fb5698ad30062df7661002/screenshot - {}
RESULT: {}
COMMAND: POST /session/36177e4d45fb5698ad30062df7661002/element - {"using":"xpath","value":"//span[contains(text(), \"Penguins - Field/12345 Berlin\")]"}
RESULT: {"using":"xpath","value":"//span[contains(text(), \"Penguins - Field/12345 Berlin\")]"}
COMMAND: POST /session/36177e4d45fb5698ad30062df7661002/element/f.165F0B9F83AB8D5533DBC2556707DBA6.d.69F113810CC795896E446A00094E16D7.e.1643/click - {}
RESULT: {}
COMMAND: GET /session/36177e4d45fb5698ad30062df7661002/screenshot - {}
RESULT: {}
COMMAND: POST /session/36177e4d45fb5698ad30062df7661002/element - {"using":"xpath","value":"//bdi[contains(text(), \"OK\")]"}
RESULT: {"using":"xpath","value":"//bdi[contains(text(), \"OK\")]"}
COMMAND: POST /session/36177e4d45fb5698ad30062df7661002/element/f.165F0B9F83AB8D5533DBC2556707DBA6.d.69F113810CC795896E446A00094E16D7.e.1644/click - {}
RESULT: {}
COMMAND: GET /session/36177e4d45fb5698ad30062df7661002/screenshot - {}
RESULT: {}
COMMAND: POST /session/36177e4d45fb5698ad30062df7661002/element - {"using":"xpath","value":"//button[@data-kt=\"saveButton\"]"}
RESULT: {"using":"xpath","value":"//button[@data-kt=\"saveButton\"]"}
COMMAND: POST /session/36177e4d45fb5698ad30062df7661002/element/f.165F0B9F83AB8D5533DBC2556707DBA6.d.69F113810CC795896E446A00094E16D7.e.1424/click - {}
RESULT: {}
COMMAND: GET /session/36177e4d45fb5698ad30062df7661002/screenshot - {}
RESULT: {}
COMMAND: POST /session/36177e4d45fb5698ad30062df7661002/element - {"using":"xpath","value":"//header[contains(@id, 'ObjectPageLayout-headerTitle')]/div[1]/div[2]/div[2]/span[1]"}
RESULT: {"using":"xpath","value":"//header[contains(@id, 'ObjectPageLayout-headerTitle')]/div[1]/div[2]/div[2]/span[1]"}
COMMAND: POST /session/36177e4d45fb5698ad30062df7661002/elements - {"using":"xpath","value":"//header[contains(@id, 'ObjectPageLayout-headerTitle')]/div[1]/div[2]/div[2]/span[1]"}
RESULT: {"using":"xpath","value":"//header[contains(@id, 'ObjectPageLayout-headerTitle')]/div[1]/div[2]/div[2]/span[1]"}
COMMAND: POST /session/36177e4d45fb5698ad30062df7661002/execute/sync - {"script":"<script> [56 bytes]","args":[{"element-6066-11e4-a52e-4f735466cecf":"f.165F0B9F83AB8D5533DBC2556707DBA6.d.69F113810CC795896E446A00094E16D7.e.1808","ELEMENT":"f.165F0B9F83AB8D5533DBC2556707DBA6.d.69F113810CC795896E446A00094E16D7.e.1808"}]}
RESULT: {"script":"<script> [56 bytes]","args":[{"element-6066-11e4-a52e-4f735466cecf":"f.165F0B9F83AB8D5533DBC2556707DBA6.d.69F113810CC795896E446A00094E16D7.e.1808","ELEMENT":"f.165F0B9F83AB8D5533DBC2556707DBA6.d.69F113810CC795896E446A00094E16D7.e.1808"}]}
COMMAND: POST /session/36177e4d45fb5698ad30062df7661002/element - {"using":"css selector","value":"#shell-header-logo"}
COMMAND: GET /session/36177e4d45fb5698ad30062df7661002/screenshot - {}
RESULT: {"using":"css selector","value":"#shell-header-logo"}
COMMAND: POST /session/36177e4d45fb5698ad30062df7661002/element/f.165F0B9F83AB8D5533DBC2556707DBA6.d.69F113810CC795896E446A00094E16D7.e.1029/click - {}
RESULT: {}
RESULT: {}
COMMAND: GET /session/36177e4d45fb5698ad30062df7661002/screenshot - {}
RESULT: {}
COMMAND: POST /session/36177e4d45fb5698ad30062df7661002/execute/sync - {"script":"<script> [299 bytes]","args":[["getModel","getResource"]]}
RESULT: {"script":"<script> [299 bytes]","args":[["getModel","getResource"]]}
]]></system-out>
    </testcase>
    <testcase classname="chrome.136_0_7103_93.windows.Billing_confirm_US117289" name="Should create a new site" time="155.047">
      <system-out><![CDATA[
COMMAND: GET /session/36177e4d45fb5698ad30062df7661002/screenshot - {}
COMMAND: POST /session/36177e4d45fb5698ad30062df7661002/execute/async - {"script":"<script> [1562 bytes]","args":[{"selector":{"controlType":"sap.m.GenericTile","properties":{"header":"Manage Sites"}},"wdio_ui5_key":"sapm.GenericTile{\"header\":\"Manage Sites\"}"}]}
RESULT: {}
RESULT: {"script":"<script> [1562 bytes]","args":[{"selector":{"controlType":"sap.m.GenericTile","properties":{"header":"Manage Sites"}},"wdio_ui5_key":"sapm.GenericTile{\"header\":\"Manage Sites\"}"}]}
RESULT: undefined
COMMAND: POST /session/36177e4d45fb5698ad30062df7661002/element - {"using":"xpath","value":"//*[@id=\"__tile40\"]"}
RESULT: {"using":"xpath","value":"//*[@id=\"__tile40\"]"}
COMMAND: POST /session/36177e4d45fb5698ad30062df7661002/element/f.165F0B9F83AB8D5533DBC2556707DBA6.d.69F113810CC795896E446A00094E16D7.e.169/click - {}
RESULT: {}
COMMAND: GET /session/36177e4d45fb5698ad30062df7661002/screenshot - {}
RESULT: {}
COMMAND: POST /session/36177e4d45fb5698ad30062df7661002/elements - {"using":"xpath","value":"//span[text()='Error']"}
RESULT: {"using":"xpath","value":"//span[text()='Error']"}
COMMAND: POST /session/36177e4d45fb5698ad30062df7661002/element - {"using":"xpath","value":"//button[@data-kt=\"addOverflowToolbarButton\"]"}
RESULT: {"using":"xpath","value":"//button[@data-kt=\"addOverflowToolbarButton\"]"}
COMMAND: POST /session/36177e4d45fb5698ad30062df7661002/elements - {"using":"xpath","value":"//button[@data-kt=\"addOverflowToolbarButton\"]"}
RESULT: {"using":"xpath","value":"//button[@data-kt=\"addOverflowToolbarButton\"]"}
COMMAND: POST /session/36177e4d45fb5698ad30062df7661002/execute/sync - {"script":"<script> [8489 bytes]","args":[{"element-6066-11e4-a52e-4f735466cecf":"f.165F0B9F83AB8D5533DBC2556707DBA6.d.69F113810CC795896E446A00094E16D7.e.1856","ELEMENT":"f.165F0B9F83AB8D5533DBC2556707DBA6.d.69F113810CC795896E446A00094E16D7.e.1856"}]}
RESULT: {"script":"<script> [8489 bytes]","args":[{"element-6066-11e4-a52e-4f735466cecf":"f.165F0B9F83AB8D5533DBC2556707DBA6.d.69F113810CC795896E446A00094E16D7.e.1856","ELEMENT":"f.165F0B9F83AB8D5533DBC2556707DBA6.d.69F113810CC795896E446A00094E16D7.e.1856"}]}
COMMAND: GET /session/36177e4d45fb5698ad30062df7661002/element/f.165F0B9F83AB8D5533DBC2556707DBA6.d.69F113810CC795896E446A00094E16D7.e.1856/enabled - {}
COMMAND: GET /session/36177e4d45fb5698ad30062df7661002/screenshot - {}
RESULT: {}
COMMAND: POST /session/36177e4d45fb5698ad30062df7661002/execute/sync - {"script":"<script> [8489 bytes]","args":[{"element-6066-11e4-a52e-4f735466cecf":"f.165F0B9F83AB8D5533DBC2556707DBA6.d.69F113810CC795896E446A00094E16D7.e.1856","ELEMENT":"f.165F0B9F83AB8D5533DBC2556707DBA6.d.69F113810CC795896E446A00094E16D7.e.1856"}]}
COMMAND: GET /session/36177e4d45fb5698ad30062df7661002/screenshot - {}
RESULT: {}
RESULT: {"script":"<script> [8489 bytes]","args":[{"element-6066-11e4-a52e-4f735466cecf":"f.165F0B9F83AB8D5533DBC2556707DBA6.d.69F113810CC795896E446A00094E16D7.e.1856","ELEMENT":"f.165F0B9F83AB8D5533DBC2556707DBA6.d.69F113810CC795896E446A00094E16D7.e.1856"}]}
COMMAND: POST /session/36177e4d45fb5698ad30062df7661002/execute/sync - {"script":"<script> [5351 bytes]","args":[{"element-6066-11e4-a52e-4f735466cecf":"f.165F0B9F83AB8D5533DBC2556707DBA6.d.69F113810CC795896E446A00094E16D7.e.1856","ELEMENT":"f.165F0B9F83AB8D5533DBC2556707DBA6.d.69F113810CC795896E446A00094E16D7.e.1856"}]}
COMMAND: GET /session/36177e4d45fb5698ad30062df7661002/screenshot - {}
RESULT: {}
RESULT: {"script":"<script> [5351 bytes]","args":[{"element-6066-11e4-a52e-4f735466cecf":"f.165F0B9F83AB8D5533DBC2556707DBA6.d.69F113810CC795896E446A00094E16D7.e.1856","ELEMENT":"f.165F0B9F83AB8D5533DBC2556707DBA6.d.69F113810CC795896E446A00094E16D7.e.1856"}]}
COMMAND: POST /session/36177e4d45fb5698ad30062df7661002/element/f.165F0B9F83AB8D5533DBC2556707DBA6.d.69F113810CC795896E446A00094E16D7.e.1856/click - {}
COMMAND: GET /session/36177e4d45fb5698ad30062df7661002/screenshot - {}
RESULT: {}
RESULT: {}
COMMAND: GET /session/36177e4d45fb5698ad30062df7661002/screenshot - {}
COMMAND: POST /session/36177e4d45fb5698ad30062df7661002/element - {"using":"xpath","value":"//input[@id=\"application-managesites-display-component---NewSite--siteId-inner\"]"}
RESULT: {}
RESULT: {}
RESULT: {"using":"xpath","value":"//input[@id=\"application-managesites-display-component---NewSite--siteId-inner\"]"}
COMMAND: POST /session/36177e4d45fb5698ad30062df7661002/element - {"using":"xpath","value":"//input[@id=\"application-managesites-display-component---NewSite--siteId-inner\"]"}
RESULT: {"using":"xpath","value":"//input[@id=\"application-managesites-display-component---NewSite--siteId-inner\"]"}
COMMAND: POST /session/36177e4d45fb5698ad30062df7661002/execute/async - {"script":"<script> [1562 bytes]","args":[{"selector":{"id":"application-managesites-display-component---NewSite--addressDetailDetailsName1","interaction":{"idSuffix":"inner"}},"wdio_ui5_key":"applicationmanagesites-display-component---NewSite--addressDetailDetailsName1"}]}
RESULT: {"script":"<script> [1562 bytes]","args":[{"selector":{"id":"application-managesites-display-component---NewSite--addressDetailDetailsName1","interaction":{"idSuffix":"inner"}},"wdio_ui5_key":"applicationmanagesites-display-component---NewSite--addressDetailDetailsName1"}]}
RESULT: undefined
COMMAND: POST /session/36177e4d45fb5698ad30062df7661002/execute/async - {"script":"<script> [776 bytes]","args":[{"enterText":"Intracompany Site wdIO","selector":{"id":"application-managesites-display-component---NewSite--addressDetailDetailsName1","interaction":{"idSuffix":"inner"}},"clearTextFirst":true,"interactionType":"ENTER_TEXT"}]}
RESULT: {"script":"<script> [776 bytes]","args":[{"enterText":"Intracompany Site wdIO","selector":{"id":"application-managesites-display-component---NewSite--addressDetailDetailsName1","interaction":{"idSuffix":"inner"}},"clearTextFirst":true,"interactionType":"ENTER_TEXT"}]}
COMMAND: POST /session/36177e4d45fb5698ad30062df7661002/execute/async - {"script":"<script> [1562 bytes]","args":[{"selector":{"id":"application-managesites-display-component---NewSite--addressDetailDetailsLanguage-arrow"},"wdio_ui5_key":"applicationmanagesites-display-component---NewSite--addressDetailDetailsLanguage-arrow"}]}
RESULT: {"script":"<script> [1562 bytes]","args":[{"selector":{"id":"application-managesites-display-component---NewSite--addressDetailDetailsLanguage-arrow"},"wdio_ui5_key":"applicationmanagesites-display-component---NewSite--addressDetailDetailsLanguage-arrow"}]}
RESULT: undefined
COMMAND: POST /session/36177e4d45fb5698ad30062df7661002/element - {"using":"xpath","value":"//*[@id=\"application-managesites-display-component---NewSite--addressDetailDetailsLanguage-arrow\"]"}
RESULT: {"using":"xpath","value":"//*[@id=\"application-managesites-display-component---NewSite--addressDetailDetailsLanguage-arrow\"]"}
COMMAND: POST /session/36177e4d45fb5698ad30062df7661002/element/f.165F0B9F83AB8D5533DBC2556707DBA6.d.69F113810CC795896E446A00094E16D7.e.2477/click - {}
RESULT: {}
COMMAND: POST /session/36177e4d45fb5698ad30062df7661002/element - {"using":"xpath","value":"//span[contains(text(), \"English\")]"}
COMMAND: GET /session/36177e4d45fb5698ad30062df7661002/screenshot - {}
RESULT: {"using":"xpath","value":"//span[contains(text(), \"English\")]"}
COMMAND: POST /session/36177e4d45fb5698ad30062df7661002/element/f.165F0B9F83AB8D5533DBC2556707DBA6.d.69F113810CC795896E446A00094E16D7.e.2478/click - {}
RESULT: {}
RESULT: {}
COMMAND: POST /session/36177e4d45fb5698ad30062df7661002/execute/async - {"script":"<script> [1562 bytes]","args":[{"selector":{"id":"application-managesites-display-component---NewSite--addressDetailDetailsCity1","interaction":{"idSuffix":"inner"}},"wdio_ui5_key":"applicationmanagesites-display-component---NewSite--addressDetailDetailsCity1"}]}
COMMAND: GET /session/36177e4d45fb5698ad30062df7661002/screenshot - {}
RESULT: {"script":"<script> [1562 bytes]","args":[{"selector":{"id":"application-managesites-display-component---NewSite--addressDetailDetailsCity1","interaction":{"idSuffix":"inner"}},"wdio_ui5_key":"applicationmanagesites-display-component---NewSite--addressDetailDetailsCity1"}]}
RESULT: undefined
COMMAND: POST /session/36177e4d45fb5698ad30062df7661002/execute/async - {"script":"<script> [776 bytes]","args":[{"enterText":"Rosario","selector":{"id":"application-managesites-display-component---NewSite--addressDetailDetailsCity1","interaction":{"idSuffix":"inner"}},"clearTextFirst":true,"interactionType":"ENTER_TEXT"}]}
RESULT: {}
RESULT: {"script":"<script> [776 bytes]","args":[{"enterText":"Rosario","selector":{"id":"application-managesites-display-component---NewSite--addressDetailDetailsCity1","interaction":{"idSuffix":"inner"}},"clearTextFirst":true,"interactionType":"ENTER_TEXT"}]}
COMMAND: POST /session/36177e4d45fb5698ad30062df7661002/execute/async - {"script":"<script> [1562 bytes]","args":[{"selector":{"id":"application-managesites-display-component---NewSite--addressDetailDetailsCountry-arrow"},"wdio_ui5_key":"applicationmanagesites-display-component---NewSite--addressDetailDetailsCountry-arrow"}]}
RESULT: {"script":"<script> [1562 bytes]","args":[{"selector":{"id":"application-managesites-display-component---NewSite--addressDetailDetailsCountry-arrow"},"wdio_ui5_key":"applicationmanagesites-display-component---NewSite--addressDetailDetailsCountry-arrow"}]}
RESULT: undefined
COMMAND: POST /session/36177e4d45fb5698ad30062df7661002/element - {"using":"xpath","value":"//*[@id=\"application-managesites-display-component---NewSite--addressDetailDetailsCountry-arrow\"]"}
RESULT: {"using":"xpath","value":"//*[@id=\"application-managesites-display-component---NewSite--addressDetailDetailsCountry-arrow\"]"}
COMMAND: POST /session/36177e4d45fb5698ad30062df7661002/element/f.165F0B9F83AB8D5533DBC2556707DBA6.d.69F113810CC795896E446A00094E16D7.e.2480/click - {}
RESULT: {}
COMMAND: POST /session/36177e4d45fb5698ad30062df7661002/element - {"using":"xpath","value":"//span[contains(text(), \"Argentina\")]"}
COMMAND: GET /session/36177e4d45fb5698ad30062df7661002/screenshot - {}
RESULT: {"using":"xpath","value":"//span[contains(text(), \"Argentina\")]"}
COMMAND: POST /session/36177e4d45fb5698ad30062df7661002/element/f.165F0B9F83AB8D5533DBC2556707DBA6.d.69F113810CC795896E446A00094E16D7.e.2481/click - {}
RESULT: {}
RESULT: {}
COMMAND: GET /session/36177e4d45fb5698ad30062df7661002/screenshot - {}
RESULT: {}
COMMAND: POST /session/36177e4d45fb5698ad30062df7661002/execute/async - {"script":"<script> [1562 bytes]","args":[{"selector":{"id":"application-managesites-display-component---NewSite--addressEditDetailsCostObjectCstType-arrow"},"wdio_ui5_key":"applicationmanagesites-display-component---NewSite--addressEditDetailsCostObjectCstType-arrow"}]}
RESULT: {"script":"<script> [1562 bytes]","args":[{"selector":{"id":"application-managesites-display-component---NewSite--addressEditDetailsCostObjectCstType-arrow"},"wdio_ui5_key":"applicationmanagesites-display-component---NewSite--addressEditDetailsCostObjectCstType-arrow"}]}
RESULT: undefined
COMMAND: POST /session/36177e4d45fb5698ad30062df7661002/element - {"using":"xpath","value":"//*[@id=\"application-managesites-display-component---NewSite--addressEditDetailsCostObjectCstType-arrow\"]"}
RESULT: {"using":"xpath","value":"//*[@id=\"application-managesites-display-component---NewSite--addressEditDetailsCostObjectCstType-arrow\"]"}
COMMAND: POST /session/36177e4d45fb5698ad30062df7661002/element/f.165F0B9F83AB8D5533DBC2556707DBA6.d.69F113810CC795896E446A00094E16D7.e.2483/click - {}
RESULT: {}
COMMAND: POST /session/36177e4d45fb5698ad30062df7661002/element - {"using":"xpath","value":"//span[contains(text(), \"Cost Center\")]"}
COMMAND: GET /session/36177e4d45fb5698ad30062df7661002/screenshot - {}
RESULT: {"using":"xpath","value":"//span[contains(text(), \"Cost Center\")]"}
COMMAND: POST /session/36177e4d45fb5698ad30062df7661002/element/f.165F0B9F83AB8D5533DBC2556707DBA6.d.69F113810CC795896E446A00094E16D7.e.2484/click - {}
RESULT: {}
RESULT: {}
COMMAND: GET /session/36177e4d45fb5698ad30062df7661002/screenshot - {}
RESULT: {}
COMMAND: POST /session/36177e4d45fb5698ad30062df7661002/element - {"using":"xpath","value":"//span[@id=\"application-managesites-display-component---NewSite--addressNewCostObjectCstID-vhi\"]"}
RESULT: {"using":"xpath","value":"//span[@id=\"application-managesites-display-component---NewSite--addressNewCostObjectCstID-vhi\"]"}
COMMAND: POST /session/36177e4d45fb5698ad30062df7661002/execute/sync - {"script":"<script> [8489 bytes]","args":[{"element-6066-11e4-a52e-4f735466cecf":"f.165F0B9F83AB8D5533DBC2556707DBA6.d.69F113810CC795896E446A00094E16D7.e.2489","ELEMENT":"f.165F0B9F83AB8D5533DBC2556707DBA6.d.69F113810CC795896E446A00094E16D7.e.2489"}]}
RESULT: {"script":"<script> [8489 bytes]","args":[{"element-6066-11e4-a52e-4f735466cecf":"f.165F0B9F83AB8D5533DBC2556707DBA6.d.69F113810CC795896E446A00094E16D7.e.2489","ELEMENT":"f.165F0B9F83AB8D5533DBC2556707DBA6.d.69F113810CC795896E446A00094E16D7.e.2489"}]}
COMMAND: POST /session/36177e4d45fb5698ad30062df7661002/execute/async - {"script":"<script> [1562 bytes]","args":[{"selector":{"id":"application-managesites-display-component---NewSite--addressNewCostObjectCstID-vhi"},"wdio_ui5_key":"applicationmanagesites-display-component---NewSite--addressNewCostObjectCstID-vhi"}]}
COMMAND: GET /session/36177e4d45fb5698ad30062df7661002/screenshot - {}
RESULT: {"script":"<script> [1562 bytes]","args":[{"selector":{"id":"application-managesites-display-component---NewSite--addressNewCostObjectCstID-vhi"},"wdio_ui5_key":"applicationmanagesites-display-component---NewSite--addressNewCostObjectCstID-vhi"}]}
RESULT: undefined
COMMAND: POST /session/36177e4d45fb5698ad30062df7661002/element - {"using":"xpath","value":"//*[@id=\"application-managesites-display-component---NewSite--addressNewCostObjectCstID-vhi\"]"}
RESULT: {}
RESULT: {"using":"xpath","value":"//*[@id=\"application-managesites-display-component---NewSite--addressNewCostObjectCstID-vhi\"]"}
COMMAND: POST /session/36177e4d45fb5698ad30062df7661002/element/f.165F0B9F83AB8D5533DBC2556707DBA6.d.69F113810CC795896E446A00094E16D7.e.2489/click - {}
RESULT: {}
COMMAND: GET /session/36177e4d45fb5698ad30062df7661002/screenshot - {}
RESULT: {}
RESULT: undefined
COMMAND: POST /session/36177e4d45fb5698ad30062df7661002/execute/async - {"script":"<script> [776 bytes]","args":[{"enterText":"10001013","selector":{"controlType":"sap.m.SearchField","properties":{"placeholder":"Search"},"searchOpenDialogs":true,"interaction":{"idSuffix":"I"}},"clearTextFirst":true,"interactionType":"ENTER_TEXT"}]}
RESULT: {"script":"<script> [776 bytes]","args":[{"enterText":"10001013","selector":{"controlType":"sap.m.SearchField","properties":{"placeholder":"Search"},"searchOpenDialogs":true,"interaction":{"idSuffix":"I"}},"clearTextFirst":true,"interactionType":"ENTER_TEXT"}]}
COMMAND: POST /session/36177e4d45fb5698ad30062df7661002/actions - {"actions":[{"id":"action6","type":"key","parameters":{},"actions":[{"type":"keyDown","value":"î€‡"},{"type":"pause","duration":10},{"type":"keyUp","value":"î€‡"}]}]}
RESULT: {"actions":[{"id":"action6","type":"key","parameters":{},"actions":[{"type":"keyDown","value":"î€‡"},{"type":"pause","duration":10},{"type":"keyUp","value":"î€‡"}]}]}
COMMAND: GET /session/36177e4d45fb5698ad30062df7661002/screenshot - {}
RESULT: {}
COMMAND: POST /session/36177e4d45fb5698ad30062df7661002/element - {"using":"xpath","value":"//span[contains(text(), \"General Management\")]"}
RESULT: {"using":"xpath","value":"//span[contains(text(), \"General Management\")]"}
COMMAND: POST /session/36177e4d45fb5698ad30062df7661002/element/f.165F0B9F83AB8D5533DBC2556707DBA6.d.69F113810CC795896E446A00094E16D7.e.2528/click - {}
RESULT: {}
COMMAND: GET /session/36177e4d45fb5698ad30062df7661002/screenshot - {}
RESULT: {}
COMMAND: POST /session/36177e4d45fb5698ad30062df7661002/element - {"using":"xpath","value":"//bdi[contains(text(), \"OK\")]"}
RESULT: {"using":"xpath","value":"//bdi[contains(text(), \"OK\")]"}
COMMAND: POST /session/36177e4d45fb5698ad30062df7661002/element/f.165F0B9F83AB8D5533DBC2556707DBA6.d.69F113810CC795896E446A00094E16D7.e.2529/click - {}
RESULT: {}
COMMAND: GET /session/36177e4d45fb5698ad30062df7661002/screenshot - {}
RESULT: {}
COMMAND: POST /session/36177e4d45fb5698ad30062df7661002/element - {"using":"xpath","value":"//input[@id=\"application-managesites-display-component---NewSite--addressDetailDetailsCalendar-inner\"]"}
RESULT: {"using":"xpath","value":"//input[@id=\"application-managesites-display-component---NewSite--addressDetailDetailsCalendar-inner\"]"}
COMMAND: POST /session/36177e4d45fb5698ad30062df7661002/element/f.165F0B9F83AB8D5533DBC2556707DBA6.d.69F113810CC795896E446A00094E16D7.e.2273/clear - {}
RESULT: {}
COMMAND: POST /session/36177e4d45fb5698ad30062df7661002/element/f.165F0B9F83AB8D5533DBC2556707DBA6.d.69F113810CC795896E446A00094E16D7.e.2273/value - {"text":"Unit"}
COMMAND: GET /session/36177e4d45fb5698ad30062df7661002/screenshot - {}
RESULT: {"text":"Unit"}
COMMAND: GET /session/36177e4d45fb5698ad30062df7661002/screenshot - {}
RESULT: {}
RESULT: {}
COMMAND: POST /session/36177e4d45fb5698ad30062df7661002/actions - {"actions":[{"id":"action7","type":"key","parameters":{},"actions":[{"type":"keyDown","value":"î€‡"},{"type":"pause","duration":10},{"type":"keyUp","value":"î€‡"}]}]}
RESULT: {"actions":[{"id":"action7","type":"key","parameters":{},"actions":[{"type":"keyDown","value":"î€‡"},{"type":"pause","duration":10},{"type":"keyUp","value":"î€‡"}]}]}
COMMAND: POST /session/36177e4d45fb5698ad30062df7661002/element - {"using":"xpath","value":"//input[@id=\"application-managesites-display-component---NewSite--addressDetailDetailsYard-inner\"]"}
COMMAND: GET /session/36177e4d45fb5698ad30062df7661002/screenshot - {}
RESULT: {"using":"xpath","value":"//input[@id=\"application-managesites-display-component---NewSite--addressDetailDetailsYard-inner\"]"}
COMMAND: POST /session/36177e4d45fb5698ad30062df7661002/element/f.165F0B9F83AB8D5533DBC2556707DBA6.d.69F113810CC795896E446A00094E16D7.e.2274/clear - {}
RESULT: {}
RESULT: {}
COMMAND: POST /session/36177e4d45fb5698ad30062df7661002/element/f.165F0B9F83AB8D5533DBC2556707DBA6.d.69F113810CC795896E446A00094E16D7.e.2274/value - {"text":"433"}
COMMAND: GET /session/36177e4d45fb5698ad30062df7661002/screenshot - {}
RESULT: {"text":"433"}
COMMAND: GET /session/36177e4d45fb5698ad30062df7661002/screenshot - {}
RESULT: {}
RESULT: {}
COMMAND: POST /session/36177e4d45fb5698ad30062df7661002/element - {"using":"xpath","value":"//li[.//span[text()='433']]"}
RESULT: {"using":"xpath","value":"//li[.//span[text()='433']]"}
COMMAND: POST /session/36177e4d45fb5698ad30062df7661002/element/f.165F0B9F83AB8D5533DBC2556707DBA6.d.69F113810CC795896E446A00094E16D7.e.2537/click - {}
RESULT: {}
COMMAND: GET /session/36177e4d45fb5698ad30062df7661002/screenshot - {}
RESULT: {}
COMMAND: POST /session/36177e4d45fb5698ad30062df7661002/element - {"using":"xpath","value":"//input[@id=\"application-managesites-display-component---NewSite--addressDetailDetailsPartner-inner\"]"}
RESULT: {"using":"xpath","value":"//input[@id=\"application-managesites-display-component---NewSite--addressDetailDetailsPartner-inner\"]"}
COMMAND: POST /session/36177e4d45fb5698ad30062df7661002/element - {"using":"xpath","value":"//input[@id=\"application-managesites-display-component---NewSite--addressDetailDetailsPartner-inner\"]"}
RESULT: {"using":"xpath","value":"//input[@id=\"application-managesites-display-component---NewSite--addressDetailDetailsPartner-inner\"]"}
COMMAND: POST /session/36177e4d45fb5698ad30062df7661002/element - {"using":"xpath","value":"//button[@data-kt=\"saveButton\"]"}
RESULT: {"using":"xpath","value":"//button[@data-kt=\"saveButton\"]"}
COMMAND: POST /session/36177e4d45fb5698ad30062df7661002/element/f.165F0B9F83AB8D5533DBC2556707DBA6.d.69F113810CC795896E446A00094E16D7.e.2410/click - {}
RESULT: {}
COMMAND: GET /session/36177e4d45fb5698ad30062df7661002/screenshot - {}
RESULT: {}
COMMAND: POST /session/36177e4d45fb5698ad30062df7661002/element - {"using":"xpath","value":"//header[contains(@id, 'ObjectPageLayout-headerTitle')]/div[1]/div[2]/div[2]/span[1]"}
RESULT: {"using":"xpath","value":"//header[contains(@id, 'ObjectPageLayout-headerTitle')]/div[1]/div[2]/div[2]/span[1]"}
COMMAND: POST /session/36177e4d45fb5698ad30062df7661002/elements - {"using":"xpath","value":"//header[contains(@id, 'ObjectPageLayout-headerTitle')]/div[1]/div[2]/div[2]/span[1]"}
RESULT: {"using":"xpath","value":"//header[contains(@id, 'ObjectPageLayout-headerTitle')]/div[1]/div[2]/div[2]/span[1]"}
COMMAND: POST /session/36177e4d45fb5698ad30062df7661002/execute/sync - {"script":"<script> [56 bytes]","args":[{"element-6066-11e4-a52e-4f735466cecf":"f.165F0B9F83AB8D5533DBC2556707DBA6.d.69F113810CC795896E446A00094E16D7.e.2744","ELEMENT":"f.165F0B9F83AB8D5533DBC2556707DBA6.d.69F113810CC795896E446A00094E16D7.e.2744"}]}
RESULT: {"script":"<script> [56 bytes]","args":[{"element-6066-11e4-a52e-4f735466cecf":"f.165F0B9F83AB8D5533DBC2556707DBA6.d.69F113810CC795896E446A00094E16D7.e.2744","ELEMENT":"f.165F0B9F83AB8D5533DBC2556707DBA6.d.69F113810CC795896E446A00094E16D7.e.2744"}]}
COMMAND: POST /session/36177e4d45fb5698ad30062df7661002/element - {"using":"css selector","value":"#shell-header-logo"}
COMMAND: GET /session/36177e4d45fb5698ad30062df7661002/screenshot - {}
RESULT: {"using":"css selector","value":"#shell-header-logo"}
COMMAND: POST /session/36177e4d45fb5698ad30062df7661002/element/f.165F0B9F83AB8D5533DBC2556707DBA6.d.69F113810CC795896E446A00094E16D7.e.1814/click - {}
RESULT: {}
RESULT: {}
COMMAND: GET /session/36177e4d45fb5698ad30062df7661002/screenshot - {}
RESULT: {}
COMMAND: POST /session/36177e4d45fb5698ad30062df7661002/execute/sync - {"script":"<script> [299 bytes]","args":[["getModel","getResource"]]}
RESULT: {"script":"<script> [299 bytes]","args":[["getModel","getResource"]]}
COMMAND: POST /session/36177e4d45fb5698ad30062df7661002/actions - {"actions":[{"id":"action8","type":"key","parameters":{},"actions":[{"type":"keyDown","value":"î€‡"},{"type":"pause","duration":10},{"type":"keyUp","value":"î€‡"}]}]}
COMMAND: GET /session/36177e4d45fb5698ad30062df7661002/screenshot - {}
RESULT: {"actions":[{"id":"action8","type":"key","parameters":{},"actions":[{"type":"keyDown","value":"î€‡"},{"type":"pause","duration":10},{"type":"keyUp","value":"î€‡"}]}]}
COMMAND: GET /session/36177e4d45fb5698ad30062df7661002/screenshot - {}
RESULT: {}
RESULT: {}
COMMAND: POST /session/36177e4d45fb5698ad30062df7661002/refresh - {}
RESULT: {}
COMMAND: GET /session/36177e4d45fb5698ad30062df7661002/screenshot - {}
RESULT: {}
COMMAND: POST /session/36177e4d45fb5698ad30062df7661002/refresh - {}
RESULT: {}
COMMAND: GET /session/36177e4d45fb5698ad30062df7661002/screenshot - {}
RESULT: {}
COMMAND: POST /session/36177e4d45fb5698ad30062df7661002/window/fullscreen - {}
RESULT: {}
COMMAND: POST /session/36177e4d45fb5698ad30062df7661002/execute/async - {"script":"<script> [189 bytes]","args":[]}
RESULT: {"script":"<script> [189 bytes]","args":[]}
COMMAND: POST /session/36177e4d45fb5698ad30062df7661002/execute/async - {"script":"<script> [123 bytes]","args":[]}
RESULT: {"script":"<script> [123 bytes]","args":[]}
COMMAND: POST /session/36177e4d45fb5698ad30062df7661002/timeouts - {"script":"<number>"}
RESULT: {"script":"<number>"}
COMMAND: GET /session/36177e4d45fb5698ad30062df7661002/timeouts - {}
RESULT: {}
RESULT: undefined
COMMAND: POST /session/36177e4d45fb5698ad30062df7661002/execute/async - {"script":"<script> [2676 bytes]","args":[]}
RESULT: {"script":"<script> [2676 bytes]","args":[]}
COMMAND: POST /session/36177e4d45fb5698ad30062df7661002/execute/async - {"script":"<script> [2342 bytes]","args":[{"protocol":"http","hostname":"0.0.0.0","path":"/","capabilities":{"browserName":"chrome","goog:chromeOptions":{"binary":"C:\\Program Files\\Google\\Chrome\\Application\\chrome.exe","args":["--start-maximized"]}},"logLevel":"warn","connectionRetryTimeout":120000,"connectionRetryCount":3,"logLevels":{},"enableDirectConnect":true,"strictSSL":true,"_":"65 more keys: [\"cacheDir\",\"port\",\"requestedCapabilities\",\"automationProtocol\",\"baseUrl\",\"waitforInterval\",\"waitforTimeout\",\"onReload\",\"beforeCommand\",\"afterCommand\",\"rootDir\",\"specs\",\"suites\",\"exclude\",\"groupLogsByTestSpec\",\"excludeDriverLogs\",\"bail\",\"framework\",\"reporters\",\"services\",\"maxInstances\",\"maxInstancesPerCapability\",\"injectGlobals\",\"filesToWatch\",\"execArgv\",\"runnerEnv\",\"runner\",\"shard\",\"specFileRetries\",\"specFileRetriesDelay\",\"specFileRetriesDeferred\",\"reporterSyncInterval\",\"reporterSyncTimeout\",\"cucumberFeaturesWithLineNumbers\",\"autoCompileOpts\",\"mochaOpts\",\"jasmineOpts\",\"cucumberOpts\",\"onPrepare\",\"onWorkerStart\",\"onWorkerEnd\",\"before\",\"beforeSession\",\"beforeSuite\",\"beforeHook\",\"beforeTest\",\"afterTest\",\"afterHook\",\"afterSuite\",\"afterSession\",\"after\",\"onComplete\",\"beforeAssertion\",\"afterAssertion\",\"beforeFeature\",\"beforeScenario\",\"beforeStep\",\"afterStep\",\"afterScenario\",\"afterFeature\",\"_\",\"suite\",\"$0\",\"ignoredWorkerServices\",\"wdi5\"]"}]}
RESULT: {"script":"<script> [2342 bytes]","args":[{"protocol":"http","hostname":"0.0.0.0","path":"/","capabilities":{"browserName":"chrome","goog:chromeOptions":{"binary":"C:\\Program Files\\Google\\Chrome\\Application\\chrome.exe","args":["--start-maximized"]}},"logLevel":"warn","connectionRetryTimeout":120000,"connectionRetryCount":3,"logLevels":{},"enableDirectConnect":true,"strictSSL":true,"_":"65 more keys: [\"cacheDir\",\"port\",\"requestedCapabilities\",\"automationProtocol\",\"baseUrl\",\"waitforInterval\",\"waitforTimeout\",\"onReload\",\"beforeCommand\",\"afterCommand\",\"rootDir\",\"specs\",\"suites\",\"exclude\",\"groupLogsByTestSpec\",\"excludeDriverLogs\",\"bail\",\"framework\",\"reporters\",\"services\",\"maxInstances\",\"maxInstancesPerCapability\",\"injectGlobals\",\"filesToWatch\",\"execArgv\",\"runnerEnv\",\"runner\",\"shard\",\"specFileRetries\",\"specFileRetriesDelay\",\"specFileRetriesDeferred\",\"reporterSyncInterval\",\"reporterSyncTimeout\",\"cucumberFeaturesWithLineNumbers\",\"autoCompileOpts\",\"mochaOpts\",\"jasmineOpts\",\"cucumberOpts\",\"onPrepare\",\"onWorkerStart\",\"onWorkerEnd\",\"before\",\"beforeSession\",\"beforeSuite\",\"beforeHook\",\"beforeTest\",\"afterTest\",\"afterHook\",\"afterSuite\",\"afterSession\",\"after\",\"onComplete\",\"beforeAssertion\",\"afterAssertion\",\"beforeFeature\",\"beforeScenario\",\"beforeStep\",\"afterStep\",\"afterScenario\",\"afterFeature\",\"_\",\"suite\",\"$0\",\"ignoredWorkerServices\",\"wdi5\"]"}]}
COMMAND: POST /session/36177e4d45fb5698ad30062df7661002/execute/async - {"script":"<script> [21126 bytes]","args":[35000]}
RESULT: {"script":"<script> [21126 bytes]","args":[35000]}
COMMAND: POST /session/36177e4d45fb5698ad30062df7661002/window/fullscreen - {}
RESULT: {}
]]></system-out>
    </testcase>
    <testcase classname="chrome.136_0_7103_93.windows.Billing_confirm_US117289" name="Should create a new equipment" time="148.978">
      <system-out><![CDATA[
COMMAND: POST /session/36177e4d45fb5698ad30062df7661002/execute/async - {"script":"<script> [1562 bytes]","args":[{"selector":{"controlType":"sap.m.GenericTile","properties":{"header":"Manage Resources"}},"wdio_ui5_key":"sapm.GenericTile{\"header\":\"Manage Resources\"}"}]}
RESULT: {"script":"<script> [1562 bytes]","args":[{"selector":{"controlType":"sap.m.GenericTile","properties":{"header":"Manage Resources"}},"wdio_ui5_key":"sapm.GenericTile{\"header\":\"Manage Resources\"}"}]}
RESULT: undefined
COMMAND: POST /session/36177e4d45fb5698ad30062df7661002/element - {"using":"xpath","value":"//*[@id=\"__tile31\"]"}
RESULT: {"using":"xpath","value":"//*[@id=\"__tile31\"]"}
COMMAND: POST /session/36177e4d45fb5698ad30062df7661002/element/f.165F0B9F83AB8D5533DBC2556707DBA6.d.B95726F5C2F8BEC3628B49CD29F5B84D.e.2779/click - {}
RESULT: {}
COMMAND: GET /session/36177e4d45fb5698ad30062df7661002/screenshot - {}
RESULT: {}
COMMAND: POST /session/36177e4d45fb5698ad30062df7661002/elements - {"using":"xpath","value":"//span[text()='Error']"}
RESULT: {"using":"xpath","value":"//span[text()='Error']"}
COMMAND: POST /session/36177e4d45fb5698ad30062df7661002/element - {"using":"xpath","value":"//button[@data-kt=\"addNewRUOverflowToolbarButton\"]"}
RESULT: {"using":"xpath","value":"//button[@data-kt=\"addNewRUOverflowToolbarButton\"]"}
COMMAND: POST /session/36177e4d45fb5698ad30062df7661002/elements - {"using":"xpath","value":"//button[@data-kt=\"addNewRUOverflowToolbarButton\"]"}
RESULT: {"using":"xpath","value":"//button[@data-kt=\"addNewRUOverflowToolbarButton\"]"}
COMMAND: POST /session/36177e4d45fb5698ad30062df7661002/elements - {"using":"xpath","value":"//button[@data-kt=\"addNewRUOverflowToolbarButton\"]"}
RESULT: {"using":"xpath","value":"//button[@data-kt=\"addNewRUOverflowToolbarButton\"]"}
COMMAND: POST /session/36177e4d45fb5698ad30062df7661002/elements - {"using":"xpath","value":"//button[@data-kt=\"addNewRUOverflowToolbarButton\"]"}
RESULT: {"using":"xpath","value":"//button[@data-kt=\"addNewRUOverflowToolbarButton\"]"}
COMMAND: POST /session/36177e4d45fb5698ad30062df7661002/elements - {"using":"xpath","value":"//button[@data-kt=\"addNewRUOverflowToolbarButton\"]"}
RESULT: {"using":"xpath","value":"//button[@data-kt=\"addNewRUOverflowToolbarButton\"]"}
COMMAND: POST /session/36177e4d45fb5698ad30062df7661002/elements - {"using":"xpath","value":"//button[@data-kt=\"addNewRUOverflowToolbarButton\"]"}
RESULT: {"using":"xpath","value":"//button[@data-kt=\"addNewRUOverflowToolbarButton\"]"}
COMMAND: POST /session/36177e4d45fb5698ad30062df7661002/elements - {"using":"xpath","value":"//button[@data-kt=\"addNewRUOverflowToolbarButton\"]"}
RESULT: {"using":"xpath","value":"//button[@data-kt=\"addNewRUOverflowToolbarButton\"]"}
COMMAND: POST /session/36177e4d45fb5698ad30062df7661002/elements - {"using":"xpath","value":"//button[@data-kt=\"addNewRUOverflowToolbarButton\"]"}
RESULT: {"using":"xpath","value":"//button[@data-kt=\"addNewRUOverflowToolbarButton\"]"}
COMMAND: POST /session/36177e4d45fb5698ad30062df7661002/elements - {"using":"xpath","value":"//button[@data-kt=\"addNewRUOverflowToolbarButton\"]"}
RESULT: {"using":"xpath","value":"//button[@data-kt=\"addNewRUOverflowToolbarButton\"]"}
COMMAND: POST /session/36177e4d45fb5698ad30062df7661002/elements - {"using":"xpath","value":"//button[@data-kt=\"addNewRUOverflowToolbarButton\"]"}
RESULT: {"using":"xpath","value":"//button[@data-kt=\"addNewRUOverflowToolbarButton\"]"}
COMMAND: POST /session/36177e4d45fb5698ad30062df7661002/elements - {"using":"xpath","value":"//button[@data-kt=\"addNewRUOverflowToolbarButton\"]"}
RESULT: {"using":"xpath","value":"//button[@data-kt=\"addNewRUOverflowToolbarButton\"]"}
COMMAND: POST /session/36177e4d45fb5698ad30062df7661002/elements - {"using":"xpath","value":"//button[@data-kt=\"addNewRUOverflowToolbarButton\"]"}
RESULT: {"using":"xpath","value":"//button[@data-kt=\"addNewRUOverflowToolbarButton\"]"}
COMMAND: POST /session/36177e4d45fb5698ad30062df7661002/elements - {"using":"xpath","value":"//button[@data-kt=\"addNewRUOverflowToolbarButton\"]"}
RESULT: {"using":"xpath","value":"//button[@data-kt=\"addNewRUOverflowToolbarButton\"]"}
COMMAND: POST /session/36177e4d45fb5698ad30062df7661002/elements - {"using":"xpath","value":"//button[@data-kt=\"addNewRUOverflowToolbarButton\"]"}
RESULT: {"using":"xpath","value":"//button[@data-kt=\"addNewRUOverflowToolbarButton\"]"}
COMMAND: POST /session/36177e4d45fb5698ad30062df7661002/elements - {"using":"xpath","value":"//button[@data-kt=\"addNewRUOverflowToolbarButton\"]"}
RESULT: {"using":"xpath","value":"//button[@data-kt=\"addNewRUOverflowToolbarButton\"]"}
COMMAND: POST /session/36177e4d45fb5698ad30062df7661002/elements - {"using":"xpath","value":"//button[@data-kt=\"addNewRUOverflowToolbarButton\"]"}
RESULT: {"using":"xpath","value":"//button[@data-kt=\"addNewRUOverflowToolbarButton\"]"}
COMMAND: POST /session/36177e4d45fb5698ad30062df7661002/elements - {"using":"xpath","value":"//button[@data-kt=\"addNewRUOverflowToolbarButton\"]"}
RESULT: {"using":"xpath","value":"//button[@data-kt=\"addNewRUOverflowToolbarButton\"]"}
COMMAND: POST /session/36177e4d45fb5698ad30062df7661002/elements - {"using":"xpath","value":"//button[@data-kt=\"addNewRUOverflowToolbarButton\"]"}
RESULT: {"using":"xpath","value":"//button[@data-kt=\"addNewRUOverflowToolbarButton\"]"}
COMMAND: POST /session/36177e4d45fb5698ad30062df7661002/elements - {"using":"xpath","value":"//button[@data-kt=\"addNewRUOverflowToolbarButton\"]"}
RESULT: {"using":"xpath","value":"//button[@data-kt=\"addNewRUOverflowToolbarButton\"]"}
COMMAND: POST /session/36177e4d45fb5698ad30062df7661002/elements - {"using":"xpath","value":"//button[@data-kt=\"addNewRUOverflowToolbarButton\"]"}
RESULT: {"using":"xpath","value":"//button[@data-kt=\"addNewRUOverflowToolbarButton\"]"}
COMMAND: POST /session/36177e4d45fb5698ad30062df7661002/elements - {"using":"xpath","value":"//button[@data-kt=\"addNewRUOverflowToolbarButton\"]"}
RESULT: {"using":"xpath","value":"//button[@data-kt=\"addNewRUOverflowToolbarButton\"]"}
COMMAND: POST /session/36177e4d45fb5698ad30062df7661002/elements - {"using":"xpath","value":"//button[@data-kt=\"addNewRUOverflowToolbarButton\"]"}
RESULT: {"using":"xpath","value":"//button[@data-kt=\"addNewRUOverflowToolbarButton\"]"}
COMMAND: POST /session/36177e4d45fb5698ad30062df7661002/element - {"using":"xpath","value":"//button[@data-kt=\"addNewRUOverflowToolbarButton\"]"}
RESULT: {"using":"xpath","value":"//button[@data-kt=\"addNewRUOverflowToolbarButton\"]"}
COMMAND: POST /session/36177e4d45fb5698ad30062df7661002/execute/sync - {"script":"<script> [8489 bytes]","args":[{"element-6066-11e4-a52e-4f735466cecf":"f.165F0B9F83AB8D5533DBC2556707DBA6.d.B95726F5C2F8BEC3628B49CD29F5B84D.e.2925","ELEMENT":"f.165F0B9F83AB8D5533DBC2556707DBA6.d.B95726F5C2F8BEC3628B49CD29F5B84D.e.2925"}]}
RESULT: {"script":"<script> [8489 bytes]","args":[{"element-6066-11e4-a52e-4f735466cecf":"f.165F0B9F83AB8D5533DBC2556707DBA6.d.B95726F5C2F8BEC3628B49CD29F5B84D.e.2925","ELEMENT":"f.165F0B9F83AB8D5533DBC2556707DBA6.d.B95726F5C2F8BEC3628B49CD29F5B84D.e.2925"}]}
COMMAND: GET /session/36177e4d45fb5698ad30062df7661002/element/f.165F0B9F83AB8D5533DBC2556707DBA6.d.B95726F5C2F8BEC3628B49CD29F5B84D.e.2925/enabled - {}
COMMAND: GET /session/36177e4d45fb5698ad30062df7661002/screenshot - {}
RESULT: {}
COMMAND: POST /session/36177e4d45fb5698ad30062df7661002/execute/sync - {"script":"<script> [8489 bytes]","args":[{"element-6066-11e4-a52e-4f735466cecf":"f.165F0B9F83AB8D5533DBC2556707DBA6.d.B95726F5C2F8BEC3628B49CD29F5B84D.e.2925","ELEMENT":"f.165F0B9F83AB8D5533DBC2556707DBA6.d.B95726F5C2F8BEC3628B49CD29F5B84D.e.2925"}]}
COMMAND: GET /session/36177e4d45fb5698ad30062df7661002/screenshot - {}
RESULT: {}
RESULT: {"script":"<script> [8489 bytes]","args":[{"element-6066-11e4-a52e-4f735466cecf":"f.165F0B9F83AB8D5533DBC2556707DBA6.d.B95726F5C2F8BEC3628B49CD29F5B84D.e.2925","ELEMENT":"f.165F0B9F83AB8D5533DBC2556707DBA6.d.B95726F5C2F8BEC3628B49CD29F5B84D.e.2925"}]}
COMMAND: POST /session/36177e4d45fb5698ad30062df7661002/execute/sync - {"script":"<script> [5351 bytes]","args":[{"element-6066-11e4-a52e-4f735466cecf":"f.165F0B9F83AB8D5533DBC2556707DBA6.d.B95726F5C2F8BEC3628B49CD29F5B84D.e.2925","ELEMENT":"f.165F0B9F83AB8D5533DBC2556707DBA6.d.B95726F5C2F8BEC3628B49CD29F5B84D.e.2925"}]}
RESULT: {}
COMMAND: GET /session/36177e4d45fb5698ad30062df7661002/screenshot - {}
RESULT: {"script":"<script> [5351 bytes]","args":[{"element-6066-11e4-a52e-4f735466cecf":"f.165F0B9F83AB8D5533DBC2556707DBA6.d.B95726F5C2F8BEC3628B49CD29F5B84D.e.2925","ELEMENT":"f.165F0B9F83AB8D5533DBC2556707DBA6.d.B95726F5C2F8BEC3628B49CD29F5B84D.e.2925"}]}
COMMAND: POST /session/36177e4d45fb5698ad30062df7661002/element/f.165F0B9F83AB8D5533DBC2556707DBA6.d.B95726F5C2F8BEC3628B49CD29F5B84D.e.2925/click - {}
COMMAND: GET /session/36177e4d45fb5698ad30062df7661002/screenshot - {}
RESULT: {}
RESULT: {}
COMMAND: GET /session/36177e4d45fb5698ad30062df7661002/screenshot - {}
RESULT: {}
RESULT: {}
COMMAND: POST /session/36177e4d45fb5698ad30062df7661002/execute/async - {"script":"<script> [1562 bytes]","args":[{"selector":{"id":"application-manageresources-display-component---newResourceUnit--TYPE-arrow"},"wdio_ui5_key":"applicationmanageresources-display-component---newResourceUnit--TYPE-arrow"}]}
RESULT: {"script":"<script> [1562 bytes]","args":[{"selector":{"id":"application-manageresources-display-component---newResourceUnit--TYPE-arrow"},"wdio_ui5_key":"applicationmanageresources-display-component---newResourceUnit--TYPE-arrow"}]}
RESULT: undefined
COMMAND: POST /session/36177e4d45fb5698ad30062df7661002/element - {"using":"xpath","value":"//*[@id=\"application-manageresources-display-component---newResourceUnit--TYPE-arrow\"]"}
RESULT: {"using":"xpath","value":"//*[@id=\"application-manageresources-display-component---newResourceUnit--TYPE-arrow\"]"}
COMMAND: POST /session/36177e4d45fb5698ad30062df7661002/element/f.165F0B9F83AB8D5533DBC2556707DBA6.d.B95726F5C2F8BEC3628B49CD29F5B84D.e.3283/click - {}
RESULT: {}
COMMAND: POST /session/36177e4d45fb5698ad30062df7661002/element - {"using":"xpath","value":"//input[@id=\"application-manageresources-display-component---newResourceUnit--TYPE-inner\"]"}
COMMAND: GET /session/36177e4d45fb5698ad30062df7661002/screenshot - {}
RESULT: {"using":"xpath","value":"//input[@id=\"application-manageresources-display-component---newResourceUnit--TYPE-inner\"]"}
COMMAND: POST /session/36177e4d45fb5698ad30062df7661002/element/f.165F0B9F83AB8D5533DBC2556707DBA6.d.B95726F5C2F8BEC3628B49CD29F5B84D.e.3277/clear - {}
RESULT: {}
RESULT: {}
COMMAND: POST /session/36177e4d45fb5698ad30062df7661002/element/f.165F0B9F83AB8D5533DBC2556707DBA6.d.B95726F5C2F8BEC3628B49CD29F5B84D.e.3277/value - {"text":"Equipment"}
COMMAND: GET /session/36177e4d45fb5698ad30062df7661002/screenshot - {}
RESULT: {"text":"Equipment"}
COMMAND: GET /session/36177e4d45fb5698ad30062df7661002/screenshot - {}
RESULT: {}
RESULT: {}
COMMAND: POST /session/36177e4d45fb5698ad30062df7661002/actions - {"actions":[{"id":"action9","type":"key","parameters":{},"actions":[{"type":"keyDown","value":"î€‡"},{"type":"pause","duration":10},{"type":"keyUp","value":"î€‡"}]}]}
RESULT: {"actions":[{"id":"action9","type":"key","parameters":{},"actions":[{"type":"keyDown","value":"î€‡"},{"type":"pause","duration":10},{"type":"keyUp","value":"î€‡"}]}]}
COMMAND: POST /session/36177e4d45fb5698ad30062df7661002/execute/async - {"script":"<script> [1562 bytes]","args":[{"selector":{"id":"application-manageresources-display-component---newResourceUnit--resourceId","interaction":{"idSuffix":"inner"}},"wdio_ui5_key":"applicationmanageresources-display-component---newResourceUnit--resourceId"}]}
COMMAND: GET /session/36177e4d45fb5698ad30062df7661002/screenshot - {}
RESULT: {"script":"<script> [1562 bytes]","args":[{"selector":{"id":"application-manageresources-display-component---newResourceUnit--resourceId","interaction":{"idSuffix":"inner"}},"wdio_ui5_key":"applicationmanageresources-display-component---newResourceUnit--resourceId"}]}
RESULT: undefined
COMMAND: POST /session/36177e4d45fb5698ad30062df7661002/execute/async - {"script":"<script> [776 bytes]","args":[{"enterText":"rMox7QJRAy","selector":{"id":"application-manageresources-display-component---newResourceUnit--resourceId","interaction":{"idSuffix":"inner"}},"clearTextFirst":true,"interactionType":"ENTER_TEXT"}]}
RESULT: {}
RESULT: {"script":"<script> [776 bytes]","args":[{"enterText":"rMox7QJRAy","selector":{"id":"application-manageresources-display-component---newResourceUnit--resourceId","interaction":{"idSuffix":"inner"}},"clearTextFirst":true,"interactionType":"ENTER_TEXT"}]}
COMMAND: POST /session/36177e4d45fb5698ad30062df7661002/execute/async - {"script":"<script> [1562 bytes]","args":[{"selector":{"id":"application-manageresources-display-component---newResourceUnit--SHORT_TEXT","interaction":{"idSuffix":"inner"}},"wdio_ui5_key":"applicationmanageresources-display-component---newResourceUnit--SHORT_TEXT"}]}
RESULT: {"script":"<script> [1562 bytes]","args":[{"selector":{"id":"application-manageresources-display-component---newResourceUnit--SHORT_TEXT","interaction":{"idSuffix":"inner"}},"wdio_ui5_key":"applicationmanageresources-display-component---newResourceUnit--SHORT_TEXT"}]}
RESULT: undefined
COMMAND: POST /session/36177e4d45fb5698ad30062df7661002/execute/async - {"script":"<script> [776 bytes]","args":[{"enterText":"Intercompany Equipment WDIO","selector":{"id":"application-manageresources-display-component---newResourceUnit--SHORT_TEXT","interaction":{"idSuffix":"inner"}},"clearTextFirst":true,"interactionType":"ENTER_TEXT"}]}
RESULT: {"script":"<script> [776 bytes]","args":[{"enterText":"Intercompany Equipment WDIO","selector":{"id":"application-manageresources-display-component---newResourceUnit--SHORT_TEXT","interaction":{"idSuffix":"inner"}},"clearTextFirst":true,"interactionType":"ENTER_TEXT"}]}
COMMAND: POST /session/36177e4d45fb5698ad30062df7661002/execute/async - {"script":"<script> [1562 bytes]","args":[{"selector":{"id":"application-manageresources-display-component---newResourceUnit--BASE_UNIT_OF_MEASURE","interaction":{"idSuffix":"inner"}},"wdio_ui5_key":"applicationmanageresources-display-component---newResourceUnit--BASE_UNIT_OF_MEASURE"}]}
RESULT: {"script":"<script> [1562 bytes]","args":[{"selector":{"id":"application-manageresources-display-component---newResourceUnit--BASE_UNIT_OF_MEASURE","interaction":{"idSuffix":"inner"}},"wdio_ui5_key":"applicationmanageresources-display-component---newResourceUnit--BASE_UNIT_OF_MEASURE"}]}
RESULT: undefined
COMMAND: POST /session/36177e4d45fb5698ad30062df7661002/execute/async - {"script":"<script> [776 bytes]","args":[{"enterText":"Piece","selector":{"id":"application-manageresources-display-component---newResourceUnit--BASE_UNIT_OF_MEASURE","interaction":{"idSuffix":"inner"}},"clearTextFirst":true,"interactionType":"ENTER_TEXT"}]}
RESULT: {"script":"<script> [776 bytes]","args":[{"enterText":"Piece","selector":{"id":"application-manageresources-display-component---newResourceUnit--BASE_UNIT_OF_MEASURE","interaction":{"idSuffix":"inner"}},"clearTextFirst":true,"interactionType":"ENTER_TEXT"}]}
COMMAND: POST /session/36177e4d45fb5698ad30062df7661002/execute/async - {"script":"<script> [1562 bytes]","args":[{"selector":{"id":"application-manageresources-display-component---newResourceUnit--WEIGHT_UNIT","interaction":{"idSuffix":"inner"}},"wdio_ui5_key":"applicationmanageresources-display-component---newResourceUnit--WEIGHT_UNIT"}]}
RESULT: {"script":"<script> [1562 bytes]","args":[{"selector":{"id":"application-manageresources-display-component---newResourceUnit--WEIGHT_UNIT","interaction":{"idSuffix":"inner"}},"wdio_ui5_key":"applicationmanageresources-display-component---newResourceUnit--WEIGHT_UNIT"}]}
RESULT: undefined
COMMAND: POST /session/36177e4d45fb5698ad30062df7661002/execute/async - {"script":"<script> [776 bytes]","args":[{"enterText":"Gram","selector":{"id":"application-manageresources-display-component---newResourceUnit--WEIGHT_UNIT","interaction":{"idSuffix":"inner"}},"clearTextFirst":true,"interactionType":"ENTER_TEXT"}]}
RESULT: {"script":"<script> [776 bytes]","args":[{"enterText":"Gram","selector":{"id":"application-manageresources-display-component---newResourceUnit--WEIGHT_UNIT","interaction":{"idSuffix":"inner"}},"clearTextFirst":true,"interactionType":"ENTER_TEXT"}]}
COMMAND: POST /session/36177e4d45fb5698ad30062df7661002/execute/async - {"script":"<script> [1562 bytes]","args":[{"selector":{"id":"application-manageresources-display-component---newResourceUnit--DIMENSION_UNIT","interaction":{"idSuffix":"inner"}},"wdio_ui5_key":"applicationmanageresources-display-component---newResourceUnit--DIMENSION_UNIT"}]}
RESULT: {"script":"<script> [1562 bytes]","args":[{"selector":{"id":"application-manageresources-display-component---newResourceUnit--DIMENSION_UNIT","interaction":{"idSuffix":"inner"}},"wdio_ui5_key":"applicationmanageresources-display-component---newResourceUnit--DIMENSION_UNIT"}]}
RESULT: undefined
COMMAND: POST /session/36177e4d45fb5698ad30062df7661002/execute/async - {"script":"<script> [776 bytes]","args":[{"enterText":"Meter","selector":{"id":"application-manageresources-display-component---newResourceUnit--DIMENSION_UNIT","interaction":{"idSuffix":"inner"}},"clearTextFirst":true,"interactionType":"ENTER_TEXT"}]}
RESULT: {"script":"<script> [776 bytes]","args":[{"enterText":"Meter","selector":{"id":"application-manageresources-display-component---newResourceUnit--DIMENSION_UNIT","interaction":{"idSuffix":"inner"}},"clearTextFirst":true,"interactionType":"ENTER_TEXT"}]}
COMMAND: POST /session/36177e4d45fb5698ad30062df7661002/execute/async - {"script":"<script> [1562 bytes]","args":[{"selector":{"id":"application-manageresources-display-component---newResourceUnit--newRRUPage-anchBar-application-manageresources-display-component---newResourceUnit--control-anchor","interaction":{"idSuffix":"BDI-content"}},"wdio_ui5_key":"applicationmanageresources-display-component---newResourceUnit--newRRUPage-anchBar-application-manageresources-display-component---newResourceUnit--control-anchor"}]}
RESULT: {"script":"<script> [1562 bytes]","args":[{"selector":{"id":"application-manageresources-display-component---newResourceUnit--newRRUPage-anchBar-application-manageresources-display-component---newResourceUnit--control-anchor","interaction":{"idSuffix":"BDI-content"}},"wdio_ui5_key":"applicationmanageresources-display-component---newResourceUnit--newRRUPage-anchBar-application-manageresources-display-component---newResourceUnit--control-anchor"}]}
RESULT: undefined
COMMAND: POST /session/36177e4d45fb5698ad30062df7661002/element - {"using":"xpath","value":"//*[@id=\"application-manageresources-display-component---newResourceUnit--newRRUPage-anchBar-application-manageresources-display-component---newResourceUnit--control-anchor\"]"}
RESULT: {"using":"xpath","value":"//*[@id=\"application-manageresources-display-component---newResourceUnit--newRRUPage-anchBar-application-manageresources-display-component---newResourceUnit--control-anchor\"]"}
COMMAND: POST /session/36177e4d45fb5698ad30062df7661002/element/f.165F0B9F83AB8D5533DBC2556707DBA6.d.B95726F5C2F8BEC3628B49CD29F5B84D.e.3415/click - {}
RESULT: {}
COMMAND: POST /session/36177e4d45fb5698ad30062df7661002/execute/async - {"script":"<script> [1562 bytes]","args":[{"selector":{"id":"application-manageresources-display-component---newResourceUnit--PLANNING_GROUP","interaction":{"idSuffix":"inner"}},"wdio_ui5_key":"applicationmanageresources-display-component---newResourceUnit--PLANNING_GROUP"}]}
COMMAND: GET /session/36177e4d45fb5698ad30062df7661002/screenshot - {}
RESULT: {"script":"<script> [1562 bytes]","args":[{"selector":{"id":"application-manageresources-display-component---newResourceUnit--PLANNING_GROUP","interaction":{"idSuffix":"inner"}},"wdio_ui5_key":"applicationmanageresources-display-component---newResourceUnit--PLANNING_GROUP"}]}
RESULT: undefined
COMMAND: POST /session/36177e4d45fb5698ad30062df7661002/execute/async - {"script":"<script> [776 bytes]","args":[{"enterText":"Heavy Equi","selector":{"id":"application-manageresources-display-component---newResourceUnit--PLANNING_GROUP","interaction":{"idSuffix":"inner"}},"clearTextFirst":true,"interactionType":"ENTER_TEXT"}]}
RESULT: {}
RESULT: {"script":"<script> [776 bytes]","args":[{"enterText":"Heavy Equi","selector":{"id":"application-manageresources-display-component---newResourceUnit--PLANNING_GROUP","interaction":{"idSuffix":"inner"}},"clearTextFirst":true,"interactionType":"ENTER_TEXT"}]}
COMMAND: POST /session/36177e4d45fb5698ad30062df7661002/execute/async - {"script":"<script> [1562 bytes]","args":[{"selector":{"id":"application-manageresources-display-component---newResourceUnit--ITEM_TYPE-arrow"},"wdio_ui5_key":"applicationmanageresources-display-component---newResourceUnit--ITEM_TYPE-arrow"}]}
RESULT: {"script":"<script> [1562 bytes]","args":[{"selector":{"id":"application-manageresources-display-component---newResourceUnit--ITEM_TYPE-arrow"},"wdio_ui5_key":"applicationmanageresources-display-component---newResourceUnit--ITEM_TYPE-arrow"}]}
RESULT: undefined
COMMAND: POST /session/36177e4d45fb5698ad30062df7661002/element - {"using":"xpath","value":"//*[@id=\"application-manageresources-display-component---newResourceUnit--ITEM_TYPE-arrow\"]"}
RESULT: {"using":"xpath","value":"//*[@id=\"application-manageresources-display-component---newResourceUnit--ITEM_TYPE-arrow\"]"}
COMMAND: POST /session/36177e4d45fb5698ad30062df7661002/element/f.165F0B9F83AB8D5533DBC2556707DBA6.d.B95726F5C2F8BEC3628B49CD29F5B84D.e.3424/click - {}
RESULT: {}
COMMAND: POST /session/36177e4d45fb5698ad30062df7661002/element - {"using":"xpath","value":"(//span[contains(text(), \"Resource Unit\")])[2]"}
COMMAND: GET /session/36177e4d45fb5698ad30062df7661002/screenshot - {}
RESULT: {"using":"xpath","value":"(//span[contains(text(), \"Resource Unit\")])[2]"}
COMMAND: POST /session/36177e4d45fb5698ad30062df7661002/element/f.165F0B9F83AB8D5533DBC2556707DBA6.d.B95726F5C2F8BEC3628B49CD29F5B84D.e.3425/click - {}
RESULT: {}
RESULT: {}
COMMAND: GET /session/36177e4d45fb5698ad30062df7661002/screenshot - {}
RESULT: {}
COMMAND: POST /session/36177e4d45fb5698ad30062df7661002/element - {"using":"css selector","value":"#application-manageresources-display-component---newResourceUnit--btnAddTimeSegment"}
RESULT: {"using":"css selector","value":"#application-manageresources-display-component---newResourceUnit--btnAddTimeSegment"}
COMMAND: GET /session/36177e4d45fb5698ad30062df7661002/element/f.165F0B9F83AB8D5533DBC2556707DBA6.d.B95726F5C2F8BEC3628B49CD29F5B84D.e.3426/rect - {}
RESULT: {}
COMMAND: GET /session/36177e4d45fb5698ad30062df7661002/window/rect - {}
RESULT: {}
COMMAND: POST /session/36177e4d45fb5698ad30062df7661002/execute/sync - {"script":"<script> [92 bytes]","args":[]}
RESULT: {"script":"<script> [92 bytes]","args":[]}
COMMAND: POST /session/36177e4d45fb5698ad30062df7661002/actions - {"actions":[{"id":"action10","type":"wheel","parameters":{},"actions":[{"type":"scroll","x":-1888,"y":-32,"deltaX":0,"deltaY":0,"duration":0,"origin":{"element-6066-11e4-a52e-4f735466cecf":"f.165F0B9F83AB8D5533DBC2556707DBA6.d.B95726F5C2F8BEC3628B49CD29F5B84D.e.3426"}}]}]}
COMMAND: GET /session/36177e4d45fb5698ad30062df7661002/screenshot - {}
RESULT: {}
COMMAND: POST /session/36177e4d45fb5698ad30062df7661002/execute/sync - {"script":"<script> [79 bytes]","args":[{"element-6066-11e4-a52e-4f735466cecf":"f.165F0B9F83AB8D5533DBC2556707DBA6.d.B95726F5C2F8BEC3628B49CD29F5B84D.e.3426","ELEMENT":"f.165F0B9F83AB8D5533DBC2556707DBA6.d.B95726F5C2F8BEC3628B49CD29F5B84D.e.3426"},{"block":"start","inline":"nearest"}]}
RESULT: {"script":"<script> [79 bytes]","args":[{"element-6066-11e4-a52e-4f735466cecf":"f.165F0B9F83AB8D5533DBC2556707DBA6.d.B95726F5C2F8BEC3628B49CD29F5B84D.e.3426","ELEMENT":"f.165F0B9F83AB8D5533DBC2556707DBA6.d.B95726F5C2F8BEC3628B49CD29F5B84D.e.3426"},{"block":"start","inline":"nearest"}]}
COMMAND: POST /session/36177e4d45fb5698ad30062df7661002/execute/async - {"script":"<script> [1562 bytes]","args":[{"selector":{"id":"application-manageresources-display-component---newResourceUnit--btnAddTimeSegment","interaction":{"idSuffix":"inner"}},"wdio_ui5_key":"applicationmanageresources-display-component---newResourceUnit--btnAddTimeSegment"}]}
COMMAND: GET /session/36177e4d45fb5698ad30062df7661002/screenshot - {}
RESULT: {"script":"<script> [1562 bytes]","args":[{"selector":{"id":"application-manageresources-display-component---newResourceUnit--btnAddTimeSegment","interaction":{"idSuffix":"inner"}},"wdio_ui5_key":"applicationmanageresources-display-component---newResourceUnit--btnAddTimeSegment"}]}
RESULT: undefined
COMMAND: POST /session/36177e4d45fb5698ad30062df7661002/element - {"using":"xpath","value":"//*[@id=\"application-manageresources-display-component---newResourceUnit--btnAddTimeSegment\"]"}
RESULT: {}
RESULT: {"using":"xpath","value":"//*[@id=\"application-manageresources-display-component---newResourceUnit--btnAddTimeSegment\"]"}
COMMAND: POST /session/36177e4d45fb5698ad30062df7661002/element/f.165F0B9F83AB8D5533DBC2556707DBA6.d.B95726F5C2F8BEC3628B49CD29F5B84D.e.3426/click - {}
RESULT: {}
COMMAND: GET /session/36177e4d45fb5698ad30062df7661002/screenshot - {}
RESULT: {}
COMMAND: POST /session/36177e4d45fb5698ad30062df7661002/element - {"using":"xpath","value":"//input[@id=\"application-manageresources-display-component---newResourceUnit--idRuTSAdmin-application-manageresources-display-component---newResourceUnit--RUTimeSegment-0-inner\"]"}
RESULT: {"using":"xpath","value":"//input[@id=\"application-manageresources-display-component---newResourceUnit--idRuTSAdmin-application-manageresources-display-component---newResourceUnit--RUTimeSegment-0-inner\"]"}
COMMAND: POST /session/36177e4d45fb5698ad30062df7661002/element/f.165F0B9F83AB8D5533DBC2556707DBA6.d.B95726F5C2F8BEC3628B49CD29F5B84D.e.3432/clear - {}
RESULT: {}
COMMAND: POST /session/36177e4d45fb5698ad30062df7661002/element/f.165F0B9F83AB8D5533DBC2556707DBA6.d.B95726F5C2F8BEC3628B49CD29F5B84D.e.3432/value - {"text":"433"}
COMMAND: GET /session/36177e4d45fb5698ad30062df7661002/screenshot - {}
RESULT: {"text":"433"}
COMMAND: GET /session/36177e4d45fb5698ad30062df7661002/screenshot - {}
RESULT: {}
RESULT: {}
COMMAND: POST /session/36177e4d45fb5698ad30062df7661002/element - {"using":"xpath","value":"//li[.//span[text()='433']]"}
RESULT: {"using":"xpath","value":"//li[.//span[text()='433']]"}
COMMAND: POST /session/36177e4d45fb5698ad30062df7661002/element/f.165F0B9F83AB8D5533DBC2556707DBA6.d.B95726F5C2F8BEC3628B49CD29F5B84D.e.3444/click - {}
RESULT: {}
COMMAND: GET /session/36177e4d45fb5698ad30062df7661002/screenshot - {}
RESULT: {}
COMMAND: POST /session/36177e4d45fb5698ad30062df7661002/element - {"using":"xpath","value":"(//span[contains(@id, \"-application-manageresources-display-component---newResourceUnit--RUTimeSegment-0-arrow\")])[6]"}
RESULT: {"using":"xpath","value":"(//span[contains(@id, \"-application-manageresources-display-component---newResourceUnit--RUTimeSegment-0-arrow\")])[6]"}
COMMAND: POST /session/36177e4d45fb5698ad30062df7661002/element/f.165F0B9F83AB8D5533DBC2556707DBA6.d.B95726F5C2F8BEC3628B49CD29F5B84D.e.3445/click - {}
RESULT: {}
COMMAND: GET /session/36177e4d45fb5698ad30062df7661002/screenshot - {}
RESULT: {}
COMMAND: POST /session/36177e4d45fb5698ad30062df7661002/element - {"using":"xpath","value":"//span[contains(text(), \"PM Order\")]"}
RESULT: {"using":"xpath","value":"//span[contains(text(), \"PM Order\")]"}
COMMAND: POST /session/36177e4d45fb5698ad30062df7661002/element/f.165F0B9F83AB8D5533DBC2556707DBA6.d.B95726F5C2F8BEC3628B49CD29F5B84D.e.3448/click - {}
RESULT: {}
COMMAND: GET /session/36177e4d45fb5698ad30062df7661002/screenshot - {}
RESULT: {}
COMMAND: POST /session/36177e4d45fb5698ad30062df7661002/element - {"using":"xpath","value":"(//span[contains(@id ,\"manageresources-display-component---newResourceUnit--RUTimeSegment-0-vhi\")])[1]"}
RESULT: {"using":"xpath","value":"(//span[contains(@id ,\"manageresources-display-component---newResourceUnit--RUTimeSegment-0-vhi\")])[1]"}
COMMAND: GET /session/36177e4d45fb5698ad30062df7661002/element/f.165F0B9F83AB8D5533DBC2556707DBA6.d.B95726F5C2F8BEC3628B49CD29F5B84D.e.3452/rect - {}
RESULT: {}
COMMAND: GET /session/36177e4d45fb5698ad30062df7661002/window/rect - {}
RESULT: {}
COMMAND: POST /session/36177e4d45fb5698ad30062df7661002/execute/sync - {"script":"<script> [92 bytes]","args":[]}
RESULT: {"script":"<script> [92 bytes]","args":[]}
COMMAND: POST /session/36177e4d45fb5698ad30062df7661002/actions - {"actions":[{"id":"action11","type":"wheel","parameters":{},"actions":[{"type":"scroll","x":-869,"y":-24,"deltaX":0,"deltaY":0,"duration":0,"origin":{"element-6066-11e4-a52e-4f735466cecf":"f.165F0B9F83AB8D5533DBC2556707DBA6.d.B95726F5C2F8BEC3628B49CD29F5B84D.e.3452"}}]}]}
COMMAND: GET /session/36177e4d45fb5698ad30062df7661002/screenshot - {}
RESULT: {"actions":[{"id":"action11","type":"wheel","parameters":{},"actions":[{"type":"scroll","x":-869,"y":-24,"deltaX":0,"deltaY":0,"duration":0,"origin":{"element-6066-11e4-a52e-4f735466cecf":"f.165F0B9F83AB8D5533DBC2556707DBA6.d.B95726F5C2F8BEC3628B49CD29F5B84D.e.3452"}}]}]}
COMMAND: DELETE /session/36177e4d45fb5698ad30062df7661002/actions - {}
COMMAND: GET /session/36177e4d45fb5698ad30062df7661002/screenshot - {}
RESULT: {}
RESULT: {}
COMMAND: GET /session/36177e4d45fb5698ad30062df7661002/screenshot - {}
RESULT: {}
RESULT: {}
COMMAND: POST /session/36177e4d45fb5698ad30062df7661002/element/f.165F0B9F83AB8D5533DBC2556707DBA6.d.B95726F5C2F8BEC3628B49CD29F5B84D.e.3452/click - {}
RESULT: {}
COMMAND: GET /session/36177e4d45fb5698ad30062df7661002/screenshot - {}
RESULT: {}
COMMAND: POST /session/36177e4d45fb5698ad30062df7661002/execute/async - {"script":"<script> [1562 bytes]","args":[{"selector":{"controlType":"sap.m.SearchField","properties":{"placeholder":"Search"},"searchOpenDialogs":true,"interaction":{"idSuffix":"I"}},"wdio_ui5_key":"sapm.SearchField{\"placeholder\":\"Search\"}"}]}
RESULT: {"script":"<script> [1562 bytes]","args":[{"selector":{"controlType":"sap.m.SearchField","properties":{"placeholder":"Search"},"searchOpenDialogs":true,"interaction":{"idSuffix":"I"}},"wdio_ui5_key":"sapm.SearchField{\"placeholder\":\"Search\"}"}]}
RESULT: undefined
COMMAND: POST /session/36177e4d45fb5698ad30062df7661002/execute/async - {"script":"<script> [776 bytes]","args":[{"enterText":"4000360","selector":{"controlType":"sap.m.SearchField","properties":{"placeholder":"Search"},"searchOpenDialogs":true,"interaction":{"idSuffix":"I"}},"clearTextFirst":true,"interactionType":"ENTER_TEXT"}]}
RESULT: {"script":"<script> [776 bytes]","args":[{"enterText":"4000360","selector":{"controlType":"sap.m.SearchField","properties":{"placeholder":"Search"},"searchOpenDialogs":true,"interaction":{"idSuffix":"I"}},"clearTextFirst":true,"interactionType":"ENTER_TEXT"}]}
COMMAND: POST /session/36177e4d45fb5698ad30062df7661002/actions - {"actions":[{"id":"action12","type":"key","parameters":{},"actions":[{"type":"keyDown","value":"î€‡"},{"type":"pause","duration":10},{"type":"keyUp","value":"î€‡"}]}]}
RESULT: {"actions":[{"id":"action12","type":"key","parameters":{},"actions":[{"type":"keyDown","value":"î€‡"},{"type":"pause","duration":10},{"type":"keyUp","value":"î€‡"}]}]}
COMMAND: GET /session/36177e4d45fb5698ad30062df7661002/screenshot - {}
RESULT: {}
COMMAND: POST /session/36177e4d45fb5698ad30062df7661002/element - {"using":"xpath","value":"//td/div/span[contains(text(), \"BGL Vehicles\")]"}
RESULT: {"using":"xpath","value":"//td/div/span[contains(text(), \"BGL Vehicles\")]"}
COMMAND: POST /session/36177e4d45fb5698ad30062df7661002/element/f.165F0B9F83AB8D5533DBC2556707DBA6.d.B95726F5C2F8BEC3628B49CD29F5B84D.e.3473/click - {}
RESULT: {}
COMMAND: GET /session/36177e4d45fb5698ad30062df7661002/screenshot - {}
RESULT: {}
COMMAND: POST /session/36177e4d45fb5698ad30062df7661002/element - {"using":"xpath","value":"//bdi[contains(text(), \"OK\")]"}
RESULT: {"using":"xpath","value":"//bdi[contains(text(), \"OK\")]"}
COMMAND: POST /session/36177e4d45fb5698ad30062df7661002/element/f.165F0B9F83AB8D5533DBC2556707DBA6.d.B95726F5C2F8BEC3628B49CD29F5B84D.e.3474/click - {}
RESULT: {}
COMMAND: GET /session/36177e4d45fb5698ad30062df7661002/screenshot - {}
RESULT: {}
COMMAND: POST /session/36177e4d45fb5698ad30062df7661002/execute/async - {"script":"<script> [1562 bytes]","args":[{"selector":{"id":"application-manageresources-display-component---newResourceUnit--newRRUPage-anchBar-application-manageresources-display-component---newResourceUnit--resource-anchor","interaction":{"idSuffix":"BDI-content"}},"wdio_ui5_key":"applicationmanageresources-display-component---newResourceUnit--newRRUPage-anchBar-application-manageresources-display-component---newResourceUnit--resource-anchor"}]}
RESULT: {"script":"<script> [1562 bytes]","args":[{"selector":{"id":"application-manageresources-display-component---newResourceUnit--newRRUPage-anchBar-application-manageresources-display-component---newResourceUnit--resource-anchor","interaction":{"idSuffix":"BDI-content"}},"wdio_ui5_key":"applicationmanageresources-display-component---newResourceUnit--newRRUPage-anchBar-application-manageresources-display-component---newResourceUnit--resource-anchor"}]}
RESULT: undefined
COMMAND: POST /session/36177e4d45fb5698ad30062df7661002/element - {"using":"xpath","value":"//*[@id=\"application-manageresources-display-component---newResourceUnit--newRRUPage-anchBar-application-manageresources-display-component---newResourceUnit--resource-anchor\"]"}
RESULT: {"using":"xpath","value":"//*[@id=\"application-manageresources-display-component---newResourceUnit--newRRUPage-anchBar-application-manageresources-display-component---newResourceUnit--resource-anchor\"]"}
COMMAND: POST /session/36177e4d45fb5698ad30062df7661002/element/f.165F0B9F83AB8D5533DBC2556707DBA6.d.B95726F5C2F8BEC3628B49CD29F5B84D.e.3478/click - {}
RESULT: {}
COMMAND: POST /session/36177e4d45fb5698ad30062df7661002/execute/async - {"script":"<script> [1562 bytes]","args":[{"selector":{"id":"application-manageresources-display-component---newResourceUnit--PLANNED_DELIVERY_DATE","interaction":{"idSuffix":"inner"}},"wdio_ui5_key":"applicationmanageresources-display-component---newResourceUnit--PLANNED_DELIVERY_DATE"}]}
COMMAND: GET /session/36177e4d45fb5698ad30062df7661002/screenshot - {}
RESULT: {"script":"<script> [1562 bytes]","args":[{"selector":{"id":"application-manageresources-display-component---newResourceUnit--PLANNED_DELIVERY_DATE","interaction":{"idSuffix":"inner"}},"wdio_ui5_key":"applicationmanageresources-display-component---newResourceUnit--PLANNED_DELIVERY_DATE"}]}
RESULT: undefined
COMMAND: POST /session/36177e4d45fb5698ad30062df7661002/execute/async - {"script":"<script> [6424 bytes]","args":[{"element-6066-11e4-a52e-4f735466cecf":"f.165F0B9F83AB8D5533DBC2556707DBA6.d.B95726F5C2F8BEC3628B49CD29F5B84D.e.3340"},"setValue",["5/16/25"]]}
RESULT: {}
RESULT: {"script":"<script> [6424 bytes]","args":[{"element-6066-11e4-a52e-4f735466cecf":"f.165F0B9F83AB8D5533DBC2556707DBA6.d.B95726F5C2F8BEC3628B49CD29F5B84D.e.3340"},"setValue",["5/16/25"]]}
COMMAND: POST /session/36177e4d45fb5698ad30062df7661002/element - {"using":"xpath","value":"//label[contains(@class, 'sapMLabelRequired') and .//bdi[contains(text(), 'Planned Retirement')]]"}
RESULT: {"using":"xpath","value":"//label[contains(@class, 'sapMLabelRequired') and .//bdi[contains(text(), 'Planned Retirement')]]"}
COMMAND: POST /session/36177e4d45fb5698ad30062df7661002/elements - {"using":"xpath","value":"//label[contains(@class, 'sapMLabelRequired') and .//bdi[contains(text(), 'Planned Retirement')]]"}
RESULT: {"using":"xpath","value":"//label[contains(@class, 'sapMLabelRequired') and .//bdi[contains(text(), 'Planned Retirement')]]"}
COMMAND: POST /session/36177e4d45fb5698ad30062df7661002/element - {"using":"xpath","value":"//button[@data-kt=\"resourceUnitSaveButton\"]"}
RESULT: {"using":"xpath","value":"//button[@data-kt=\"resourceUnitSaveButton\"]"}
COMMAND: POST /session/36177e4d45fb5698ad30062df7661002/element/f.165F0B9F83AB8D5533DBC2556707DBA6.d.B95726F5C2F8BEC3628B49CD29F5B84D.e.3300/click - {}
RESULT: {}
COMMAND: GET /session/36177e4d45fb5698ad30062df7661002/screenshot - {}
RESULT: {}
COMMAND: POST /session/36177e4d45fb5698ad30062df7661002/element - {"using":"xpath","value":"//bdi[contains(text(), \"Close\")]"}
RESULT: {"using":"xpath","value":"//bdi[contains(text(), \"Close\")]"}
COMMAND: POST /session/36177e4d45fb5698ad30062df7661002/element/f.165F0B9F83AB8D5533DBC2556707DBA6.d.B95726F5C2F8BEC3628B49CD29F5B84D.e.3487/click - {}
RESULT: {}
COMMAND: GET /session/36177e4d45fb5698ad30062df7661002/screenshot - {}
RESULT: {}
COMMAND: POST /session/36177e4d45fb5698ad30062df7661002/element - {"using":"xpath","value":"(//button[contains(@id ,\"actionsToolbar-overflowButton\")])[1]"}
RESULT: {"using":"xpath","value":"(//button[contains(@id ,\"actionsToolbar-overflowButton\")])[1]"}
COMMAND: POST /session/36177e4d45fb5698ad30062df7661002/element/f.165F0B9F83AB8D5533DBC2556707DBA6.d.B95726F5C2F8BEC3628B49CD29F5B84D.e.3522/click - {}
RESULT: {}
COMMAND: GET /session/36177e4d45fb5698ad30062df7661002/screenshot - {}
RESULT: {}
COMMAND: POST /session/36177e4d45fb5698ad30062df7661002/element - {"using":"xpath","value":"//button[@data-kt=\"priceInfoButton\"]"}
RESULT: {"using":"xpath","value":"//button[@data-kt=\"priceInfoButton\"]"}
COMMAND: POST /session/36177e4d45fb5698ad30062df7661002/element/f.165F0B9F83AB8D5533DBC2556707DBA6.d.B95726F5C2F8BEC3628B49CD29F5B84D.e.3524/click - {}
RESULT: {}
COMMAND: GET /session/36177e4d45fb5698ad30062df7661002/screenshot - {}
RESULT: {}
]]></system-out>
    </testcase>
    <testcase classname="chrome.136_0_7103_93.windows.Billing_confirm_US117289" name="Should create new pricing rule" time="58.302">
      <system-out><![CDATA[
COMMAND: POST /session/36177e4d45fb5698ad30062df7661002/element - {"using":"xpath","value":"//button[@data-kt=\"addButton\"]"}
RESULT: {"using":"xpath","value":"//button[@data-kt=\"addButton\"]"}
COMMAND: POST /session/36177e4d45fb5698ad30062df7661002/elements - {"using":"xpath","value":"//button[@data-kt=\"addButton\"]"}
RESULT: {"using":"xpath","value":"//button[@data-kt=\"addButton\"]"}
COMMAND: POST /session/36177e4d45fb5698ad30062df7661002/execute/sync - {"script":"<script> [8489 bytes]","args":[{"element-6066-11e4-a52e-4f735466cecf":"f.165F0B9F83AB8D5533DBC2556707DBA6.d.B95726F5C2F8BEC3628B49CD29F5B84D.e.3560","ELEMENT":"f.165F0B9F83AB8D5533DBC2556707DBA6.d.B95726F5C2F8BEC3628B49CD29F5B84D.e.3560"}]}
RESULT: {"script":"<script> [8489 bytes]","args":[{"element-6066-11e4-a52e-4f735466cecf":"f.165F0B9F83AB8D5533DBC2556707DBA6.d.B95726F5C2F8BEC3628B49CD29F5B84D.e.3560","ELEMENT":"f.165F0B9F83AB8D5533DBC2556707DBA6.d.B95726F5C2F8BEC3628B49CD29F5B84D.e.3560"}]}
COMMAND: GET /session/36177e4d45fb5698ad30062df7661002/element/f.165F0B9F83AB8D5533DBC2556707DBA6.d.B95726F5C2F8BEC3628B49CD29F5B84D.e.3560/enabled - {}
COMMAND: GET /session/36177e4d45fb5698ad30062df7661002/screenshot - {}
RESULT: {}
COMMAND: POST /session/36177e4d45fb5698ad30062df7661002/execute/sync - {"script":"<script> [8489 bytes]","args":[{"element-6066-11e4-a52e-4f735466cecf":"f.165F0B9F83AB8D5533DBC2556707DBA6.d.B95726F5C2F8BEC3628B49CD29F5B84D.e.3560","ELEMENT":"f.165F0B9F83AB8D5533DBC2556707DBA6.d.B95726F5C2F8BEC3628B49CD29F5B84D.e.3560"}]}
COMMAND: GET /session/36177e4d45fb5698ad30062df7661002/screenshot - {}
RESULT: {}
RESULT: {"script":"<script> [8489 bytes]","args":[{"element-6066-11e4-a52e-4f735466cecf":"f.165F0B9F83AB8D5533DBC2556707DBA6.d.B95726F5C2F8BEC3628B49CD29F5B84D.e.3560","ELEMENT":"f.165F0B9F83AB8D5533DBC2556707DBA6.d.B95726F5C2F8BEC3628B49CD29F5B84D.e.3560"}]}
COMMAND: POST /session/36177e4d45fb5698ad30062df7661002/execute/sync - {"script":"<script> [5351 bytes]","args":[{"element-6066-11e4-a52e-4f735466cecf":"f.165F0B9F83AB8D5533DBC2556707DBA6.d.B95726F5C2F8BEC3628B49CD29F5B84D.e.3560","ELEMENT":"f.165F0B9F83AB8D5533DBC2556707DBA6.d.B95726F5C2F8BEC3628B49CD29F5B84D.e.3560"}]}
COMMAND: GET /session/36177e4d45fb5698ad30062df7661002/screenshot - {}
RESULT: {}
RESULT: {"script":"<script> [5351 bytes]","args":[{"element-6066-11e4-a52e-4f735466cecf":"f.165F0B9F83AB8D5533DBC2556707DBA6.d.B95726F5C2F8BEC3628B49CD29F5B84D.e.3560","ELEMENT":"f.165F0B9F83AB8D5533DBC2556707DBA6.d.B95726F5C2F8BEC3628B49CD29F5B84D.e.3560"}]}
COMMAND: POST /session/36177e4d45fb5698ad30062df7661002/element/f.165F0B9F83AB8D5533DBC2556707DBA6.d.B95726F5C2F8BEC3628B49CD29F5B84D.e.3560/click - {}
COMMAND: GET /session/36177e4d45fb5698ad30062df7661002/screenshot - {}
RESULT: {}
RESULT: {}
COMMAND: GET /session/36177e4d45fb5698ad30062df7661002/screenshot - {}
RESULT: {}
RESULT: {}
COMMAND: POST /session/36177e4d45fb5698ad30062df7661002/execute/async - {"script":"<script> [1562 bytes]","args":[{"selector":{"controlType":"sap.m.Title","viewName":"etm.portal.ui.managepricingrules.view.NewItem","viewId":"application-managepricingrules-display-component---newInfoPriceItem","properties":{"text":"New Pricing Rules - Item Level"}},"wdio_ui5_key":"etmportal.ui.managepricingrules.view.NewItemsap.m.Title{\"text\":\"New Pricing Rules - Item Level\"}"}]}
RESULT: {"script":"<script> [1562 bytes]","args":[{"selector":{"controlType":"sap.m.Title","viewName":"etm.portal.ui.managepricingrules.view.NewItem","viewId":"application-managepricingrules-display-component---newInfoPriceItem","properties":{"text":"New Pricing Rules - Item Level"}},"wdio_ui5_key":"etmportal.ui.managepricingrules.view.NewItemsap.m.Title{\"text\":\"New Pricing Rules - Item Level\"}"}]}
RESULT: undefined
COMMAND: POST /session/36177e4d45fb5698ad30062df7661002/execute/async - {"script":"<script> [6424 bytes]","args":[{"element-6066-11e4-a52e-4f735466cecf":"f.165F0B9F83AB8D5533DBC2556707DBA6.d.B95726F5C2F8BEC3628B49CD29F5B84D.e.3642"},"getText",[]]}
RESULT: {"script":"<script> [6424 bytes]","args":[{"element-6066-11e4-a52e-4f735466cecf":"f.165F0B9F83AB8D5533DBC2556707DBA6.d.B95726F5C2F8BEC3628B49CD29F5B84D.e.3642"},"getText",[]]}
COMMAND: POST /session/36177e4d45fb5698ad30062df7661002/execute/async - {"script":"<script> [1562 bytes]","args":[{"selector":{"id":"application-managepricingrules-display-component---newInfoPriceItem--condValidTo","interaction":{"idSuffix":"inner"}},"wdio_ui5_key":"applicationmanagepricingrules-display-component---newInfoPriceItem--condValidTo"}]}
RESULT: {"script":"<script> [1562 bytes]","args":[{"selector":{"id":"application-managepricingrules-display-component---newInfoPriceItem--condValidTo","interaction":{"idSuffix":"inner"}},"wdio_ui5_key":"applicationmanagepricingrules-display-component---newInfoPriceItem--condValidTo"}]}
RESULT: undefined
COMMAND: POST /session/36177e4d45fb5698ad30062df7661002/execute/async - {"script":"<script> [776 bytes]","args":[{"enterText":"1/16/26","selector":{"id":"application-managepricingrules-display-component---newInfoPriceItem--condValidTo","interaction":{"idSuffix":"inner"}},"clearTextFirst":true,"interactionType":"ENTER_TEXT"}]}
RESULT: {"script":"<script> [776 bytes]","args":[{"enterText":"1/16/26","selector":{"id":"application-managepricingrules-display-component---newInfoPriceItem--condValidTo","interaction":{"idSuffix":"inner"}},"clearTextFirst":true,"interactionType":"ENTER_TEXT"}]}
COMMAND: POST /session/36177e4d45fb5698ad30062df7661002/execute/async - {"script":"<script> [1562 bytes]","args":[{"selector":{"id":"application-managepricingrules-display-component---newInfoPriceItem--billType-arrow"},"wdio_ui5_key":"applicationmanagepricingrules-display-component---newInfoPriceItem--billType-arrow"}]}
RESULT: {"script":"<script> [1562 bytes]","args":[{"selector":{"id":"application-managepricingrules-display-component---newInfoPriceItem--billType-arrow"},"wdio_ui5_key":"applicationmanagepricingrules-display-component---newInfoPriceItem--billType-arrow"}]}
RESULT: undefined
COMMAND: POST /session/36177e4d45fb5698ad30062df7661002/element - {"using":"xpath","value":"//*[@id=\"application-managepricingrules-display-component---newInfoPriceItem--billType-arrow\"]"}
RESULT: {"using":"xpath","value":"//*[@id=\"application-managepricingrules-display-component---newInfoPriceItem--billType-arrow\"]"}
COMMAND: POST /session/36177e4d45fb5698ad30062df7661002/element/f.165F0B9F83AB8D5533DBC2556707DBA6.d.B95726F5C2F8BEC3628B49CD29F5B84D.e.3644/click - {}
RESULT: {}
COMMAND: POST /session/36177e4d45fb5698ad30062df7661002/element - {"using":"xpath","value":"//span[contains(text(), \"TB - Time based\")]"}
COMMAND: GET /session/36177e4d45fb5698ad30062df7661002/screenshot - {}
RESULT: {"using":"xpath","value":"//span[contains(text(), \"TB - Time based\")]"}
COMMAND: POST /session/36177e4d45fb5698ad30062df7661002/element/f.165F0B9F83AB8D5533DBC2556707DBA6.d.B95726F5C2F8BEC3628B49CD29F5B84D.e.3645/click - {}
RESULT: {}
RESULT: {}
COMMAND: POST /session/36177e4d45fb5698ad30062df7661002/execute/async - {"script":"<script> [1562 bytes]","args":[{"selector":{"id":"application-managepricingrules-display-component---newInfoPriceItem--priceProc-arrow"},"wdio_ui5_key":"applicationmanagepricingrules-display-component---newInfoPriceItem--priceProc-arrow"}]}
COMMAND: GET /session/36177e4d45fb5698ad30062df7661002/screenshot - {}
RESULT: {"script":"<script> [1562 bytes]","args":[{"selector":{"id":"application-managepricingrules-display-component---newInfoPriceItem--priceProc-arrow"},"wdio_ui5_key":"applicationmanagepricingrules-display-component---newInfoPriceItem--priceProc-arrow"}]}
RESULT: undefined
COMMAND: POST /session/36177e4d45fb5698ad30062df7661002/element - {"using":"xpath","value":"//*[@id=\"application-managepricingrules-display-component---newInfoPriceItem--priceProc-arrow\"]"}
RESULT: {}
RESULT: {"using":"xpath","value":"//*[@id=\"application-managepricingrules-display-component---newInfoPriceItem--priceProc-arrow\"]"}
COMMAND: POST /session/36177e4d45fb5698ad30062df7661002/element/f.165F0B9F83AB8D5533DBC2556707DBA6.d.B95726F5C2F8BEC3628B49CD29F5B84D.e.3646/click - {}
RESULT: {}
COMMAND: POST /session/36177e4d45fb5698ad30062df7661002/element - {"using":"xpath","value":"//span[contains(text(), \"TBS - Time based standard\")]"}
COMMAND: GET /session/36177e4d45fb5698ad30062df7661002/screenshot - {}
RESULT: {"using":"xpath","value":"//span[contains(text(), \"TBS - Time based standard\")]"}
COMMAND: POST /session/36177e4d45fb5698ad30062df7661002/element/f.165F0B9F83AB8D5533DBC2556707DBA6.d.B95726F5C2F8BEC3628B49CD29F5B84D.e.3647/click - {}
RESULT: {}
RESULT: {}
COMMAND: POST /session/36177e4d45fb5698ad30062df7661002/execute/async - {"script":"<script> [1562 bytes]","args":[{"selector":{"id":"application-managepricingrules-display-component---newInfoPriceItem--calcBase-arrow"},"wdio_ui5_key":"applicationmanagepricingrules-display-component---newInfoPriceItem--calcBase-arrow"}]}
COMMAND: GET /session/36177e4d45fb5698ad30062df7661002/screenshot - {}
RESULT: {"script":"<script> [1562 bytes]","args":[{"selector":{"id":"application-managepricingrules-display-component---newInfoPriceItem--calcBase-arrow"},"wdio_ui5_key":"applicationmanagepricingrules-display-component---newInfoPriceItem--calcBase-arrow"}]}
RESULT: undefined
COMMAND: POST /session/36177e4d45fb5698ad30062df7661002/element - {"using":"xpath","value":"//*[@id=\"application-managepricingrules-display-component---newInfoPriceItem--calcBase-arrow\"]"}
RESULT: {}
RESULT: {"using":"xpath","value":"//*[@id=\"application-managepricingrules-display-component---newInfoPriceItem--calcBase-arrow\"]"}
COMMAND: POST /session/36177e4d45fb5698ad30062df7661002/element/f.165F0B9F83AB8D5533DBC2556707DBA6.d.B95726F5C2F8BEC3628B49CD29F5B84D.e.3648/click - {}
RESULT: {}
COMMAND: GET /session/36177e4d45fb5698ad30062df7661002/screenshot - {}
RESULT: {}
COMMAND: POST /session/36177e4d45fb5698ad30062df7661002/element - {"using":"xpath","value":"//span[contains(text(), \"0006 - TB(calendar days)\")]"}
RESULT: {"using":"xpath","value":"//span[contains(text(), \"0006 - TB(calendar days)\")]"}
COMMAND: POST /session/36177e4d45fb5698ad30062df7661002/element/f.165F0B9F83AB8D5533DBC2556707DBA6.d.B95726F5C2F8BEC3628B49CD29F5B84D.e.3649/click - {}
RESULT: {}
COMMAND: GET /session/36177e4d45fb5698ad30062df7661002/screenshot - {}
RESULT: {}
COMMAND: POST /session/36177e4d45fb5698ad30062df7661002/execute/async - {"script":"<script> [1562 bytes]","args":[{"selector":{"id":"application-managepricingrules-display-component---newInfoPriceItem--daysMonth","interaction":{"idSuffix":"inner"}},"wdio_ui5_key":"applicationmanagepricingrules-display-component---newInfoPriceItem--daysMonth"}]}
RESULT: {"script":"<script> [1562 bytes]","args":[{"selector":{"id":"application-managepricingrules-display-component---newInfoPriceItem--daysMonth","interaction":{"idSuffix":"inner"}},"wdio_ui5_key":"applicationmanagepricingrules-display-component---newInfoPriceItem--daysMonth"}]}
RESULT: undefined
COMMAND: POST /session/36177e4d45fb5698ad30062df7661002/execute/async - {"script":"<script> [776 bytes]","args":[{"enterText":"30","selector":{"id":"application-managepricingrules-display-component---newInfoPriceItem--daysMonth","interaction":{"idSuffix":"inner"}},"clearTextFirst":true,"interactionType":"ENTER_TEXT"}]}
RESULT: {"script":"<script> [776 bytes]","args":[{"enterText":"30","selector":{"id":"application-managepricingrules-display-component---newInfoPriceItem--daysMonth","interaction":{"idSuffix":"inner"}},"clearTextFirst":true,"interactionType":"ENTER_TEXT"}]}
COMMAND: POST /session/36177e4d45fb5698ad30062df7661002/element - {"using":"xpath","value":"//button[@data-kt=\"saveNewRuleButton\"]"}
RESULT: {"using":"xpath","value":"//button[@data-kt=\"saveNewRuleButton\"]"}
COMMAND: POST /session/36177e4d45fb5698ad30062df7661002/element/f.165F0B9F83AB8D5533DBC2556707DBA6.d.B95726F5C2F8BEC3628B49CD29F5B84D.e.3651/click - {}
RESULT: {}
COMMAND: GET /session/36177e4d45fb5698ad30062df7661002/screenshot - {}
RESULT: {}
COMMAND: POST /session/36177e4d45fb5698ad30062df7661002/execute/async - {"script":"<script> [1562 bytes]","args":[{"selector":{"id":"application-managepricingrules-display-component---priceInfoItem--smartFilterBar-btnBasicSearch","interaction":{"idSuffix":"I"}},"wdio_ui5_key":"applicationmanagepricingrules-display-component---priceInfoItem--smartFilterBar-btnBasicSearch"}]}
RESULT: {"script":"<script> [1562 bytes]","args":[{"selector":{"id":"application-managepricingrules-display-component---priceInfoItem--smartFilterBar-btnBasicSearch","interaction":{"idSuffix":"I"}},"wdio_ui5_key":"applicationmanagepricingrules-display-component---priceInfoItem--smartFilterBar-btnBasicSearch"}]}
RESULT: undefined
COMMAND: POST /session/36177e4d45fb5698ad30062df7661002/execute/async - {"script":"<script> [776 bytes]","args":[{"enterText":"rMox7QJRAy","selector":{"id":"application-managepricingrules-display-component---priceInfoItem--smartFilterBar-btnBasicSearch","interaction":{"idSuffix":"I"}},"clearTextFirst":true,"interactionType":"ENTER_TEXT"}]}
RESULT: {"script":"<script> [776 bytes]","args":[{"enterText":"rMox7QJRAy","selector":{"id":"application-managepricingrules-display-component---priceInfoItem--smartFilterBar-btnBasicSearch","interaction":{"idSuffix":"I"}},"clearTextFirst":true,"interactionType":"ENTER_TEXT"}]}
COMMAND: POST /session/36177e4d45fb5698ad30062df7661002/actions - {"actions":[{"id":"action13","type":"key","parameters":{},"actions":[{"type":"keyDown","value":"î€‡"},{"type":"pause","duration":10},{"type":"keyUp","value":"î€‡"}]}]}
RESULT: {"actions":[{"id":"action13","type":"key","parameters":{},"actions":[{"type":"keyDown","value":"î€‡"},{"type":"pause","duration":10},{"type":"keyUp","value":"î€‡"}]}]}
COMMAND: GET /session/36177e4d45fb5698ad30062df7661002/screenshot - {}
RESULT: {}
COMMAND: POST /session/36177e4d45fb5698ad30062df7661002/element - {"using":"xpath","value":"//span[@id=\"application-managepricingrules-display-component---priceInfoItem--smartTable-header-inner\"]"}
RESULT: {"using":"xpath","value":"//span[@id=\"application-managepricingrules-display-component---priceInfoItem--smartTable-header-inner\"]"}
COMMAND: POST /session/36177e4d45fb5698ad30062df7661002/elements - {"using":"xpath","value":"//span[@id=\"application-managepricingrules-display-component---priceInfoItem--smartTable-header-inner\"]"}
RESULT: {"using":"xpath","value":"//span[@id=\"application-managepricingrules-display-component---priceInfoItem--smartTable-header-inner\"]"}
COMMAND: POST /session/36177e4d45fb5698ad30062df7661002/execute/sync - {"script":"<script> [56 bytes]","args":[{"element-6066-11e4-a52e-4f735466cecf":"f.165F0B9F83AB8D5533DBC2556707DBA6.d.B95726F5C2F8BEC3628B49CD29F5B84D.e.3675","ELEMENT":"f.165F0B9F83AB8D5533DBC2556707DBA6.d.B95726F5C2F8BEC3628B49CD29F5B84D.e.3675"}]}
RESULT: {"script":"<script> [56 bytes]","args":[{"element-6066-11e4-a52e-4f735466cecf":"f.165F0B9F83AB8D5533DBC2556707DBA6.d.B95726F5C2F8BEC3628B49CD29F5B84D.e.3675","ELEMENT":"f.165F0B9F83AB8D5533DBC2556707DBA6.d.B95726F5C2F8BEC3628B49CD29F5B84D.e.3675"}]}
COMMAND: POST /session/36177e4d45fb5698ad30062df7661002/element - {"using":"css selector","value":"#shell-header-logo"}
COMMAND: GET /session/36177e4d45fb5698ad30062df7661002/screenshot - {}
RESULT: {"using":"css selector","value":"#shell-header-logo"}
COMMAND: POST /session/36177e4d45fb5698ad30062df7661002/element/f.165F0B9F83AB8D5533DBC2556707DBA6.d.B95726F5C2F8BEC3628B49CD29F5B84D.e.2895/click - {}
RESULT: {}
RESULT: {}
COMMAND: GET /session/36177e4d45fb5698ad30062df7661002/screenshot - {}
RESULT: {}
]]></system-out>
    </testcase>
    <testcase classname="chrome.136_0_7103_93.windows.Billing_confirm_US117289" name="Should create new condition for equipment" time="67.88">
      <system-out><![CDATA[
COMMAND: POST /session/36177e4d45fb5698ad30062df7661002/execute/async - {"script":"<script> [1562 bytes]","args":[{"selector":{"controlType":"sap.m.GenericTile","properties":{"header":"Manage Conditions & Prices"}},"wdio_ui5_key":"sapm.GenericTile{\"header\":\"Manage Conditions & Prices\"}"}]}
RESULT: {"script":"<script> [1562 bytes]","args":[{"selector":{"controlType":"sap.m.GenericTile","properties":{"header":"Manage Conditions & Prices"}},"wdio_ui5_key":"sapm.GenericTile{\"header\":\"Manage Conditions & Prices\"}"}]}
RESULT: undefined
COMMAND: POST /session/36177e4d45fb5698ad30062df7661002/element - {"using":"xpath","value":"//*[@id=\"__tile93\"]"}
RESULT: {"using":"xpath","value":"//*[@id=\"__tile93\"]"}
COMMAND: POST /session/36177e4d45fb5698ad30062df7661002/element/f.165F0B9F83AB8D5533DBC2556707DBA6.d.B95726F5C2F8BEC3628B49CD29F5B84D.e.2880/click - {}
RESULT: {}
COMMAND: GET /session/36177e4d45fb5698ad30062df7661002/screenshot - {}
RESULT: {}
COMMAND: POST /session/36177e4d45fb5698ad30062df7661002/elements - {"using":"xpath","value":"//span[text()='Error']"}
RESULT: {"using":"xpath","value":"//span[text()='Error']"}
COMMAND: POST /session/36177e4d45fb5698ad30062df7661002/element - {"using":"xpath","value":"//button[@aria-label=\"Create\"]"}
RESULT: {"using":"xpath","value":"//button[@aria-label=\"Create\"]"}
COMMAND: POST /session/36177e4d45fb5698ad30062df7661002/elements - {"using":"xpath","value":"//button[@aria-label=\"Create\"]"}
RESULT: {"using":"xpath","value":"//button[@aria-label=\"Create\"]"}
COMMAND: POST /session/36177e4d45fb5698ad30062df7661002/execute/sync - {"script":"<script> [8489 bytes]","args":[{"element-6066-11e4-a52e-4f735466cecf":"f.165F0B9F83AB8D5533DBC2556707DBA6.d.B95726F5C2F8BEC3628B49CD29F5B84D.e.3711","ELEMENT":"f.165F0B9F83AB8D5533DBC2556707DBA6.d.B95726F5C2F8BEC3628B49CD29F5B84D.e.3711"}]}
RESULT: {"script":"<script> [8489 bytes]","args":[{"element-6066-11e4-a52e-4f735466cecf":"f.165F0B9F83AB8D5533DBC2556707DBA6.d.B95726F5C2F8BEC3628B49CD29F5B84D.e.3711","ELEMENT":"f.165F0B9F83AB8D5533DBC2556707DBA6.d.B95726F5C2F8BEC3628B49CD29F5B84D.e.3711"}]}
COMMAND: GET /session/36177e4d45fb5698ad30062df7661002/element/f.165F0B9F83AB8D5533DBC2556707DBA6.d.B95726F5C2F8BEC3628B49CD29F5B84D.e.3711/enabled - {}
COMMAND: GET /session/36177e4d45fb5698ad30062df7661002/screenshot - {}
RESULT: {}
COMMAND: POST /session/36177e4d45fb5698ad30062df7661002/execute/sync - {"script":"<script> [8489 bytes]","args":[{"element-6066-11e4-a52e-4f735466cecf":"f.165F0B9F83AB8D5533DBC2556707DBA6.d.B95726F5C2F8BEC3628B49CD29F5B84D.e.3711","ELEMENT":"f.165F0B9F83AB8D5533DBC2556707DBA6.d.B95726F5C2F8BEC3628B49CD29F5B84D.e.3711"}]}
COMMAND: GET /session/36177e4d45fb5698ad30062df7661002/screenshot - {}
RESULT: {}
RESULT: {"script":"<script> [8489 bytes]","args":[{"element-6066-11e4-a52e-4f735466cecf":"f.165F0B9F83AB8D5533DBC2556707DBA6.d.B95726F5C2F8BEC3628B49CD29F5B84D.e.3711","ELEMENT":"f.165F0B9F83AB8D5533DBC2556707DBA6.d.B95726F5C2F8BEC3628B49CD29F5B84D.e.3711"}]}
COMMAND: POST /session/36177e4d45fb5698ad30062df7661002/execute/sync - {"script":"<script> [5351 bytes]","args":[{"element-6066-11e4-a52e-4f735466cecf":"f.165F0B9F83AB8D5533DBC2556707DBA6.d.B95726F5C2F8BEC3628B49CD29F5B84D.e.3711","ELEMENT":"f.165F0B9F83AB8D5533DBC2556707DBA6.d.B95726F5C2F8BEC3628B49CD29F5B84D.e.3711"}]}
COMMAND: GET /session/36177e4d45fb5698ad30062df7661002/screenshot - {}
RESULT: {}
RESULT: {"script":"<script> [5351 bytes]","args":[{"element-6066-11e4-a52e-4f735466cecf":"f.165F0B9F83AB8D5533DBC2556707DBA6.d.B95726F5C2F8BEC3628B49CD29F5B84D.e.3711","ELEMENT":"f.165F0B9F83AB8D5533DBC2556707DBA6.d.B95726F5C2F8BEC3628B49CD29F5B84D.e.3711"}]}
COMMAND: POST /session/36177e4d45fb5698ad30062df7661002/element/f.165F0B9F83AB8D5533DBC2556707DBA6.d.B95726F5C2F8BEC3628B49CD29F5B84D.e.3711/click - {}
COMMAND: GET /session/36177e4d45fb5698ad30062df7661002/screenshot - {}
RESULT: {}
RESULT: {}
COMMAND: GET /session/36177e4d45fb5698ad30062df7661002/screenshot - {}
RESULT: {}
RESULT: {}
COMMAND: POST /session/36177e4d45fb5698ad30062df7661002/actions - {"actions":[{"id":"action14","type":"key","parameters":{},"actions":[{"type":"keyDown","value":"î€‡"},{"type":"pause","duration":10},{"type":"keyUp","value":"î€‡"}]}]}
RESULT: {"actions":[{"id":"action14","type":"key","parameters":{},"actions":[{"type":"keyDown","value":"î€‡"},{"type":"pause","duration":10},{"type":"keyUp","value":"î€‡"}]}]}
COMMAND: GET /session/36177e4d45fb5698ad30062df7661002/screenshot - {}
RESULT: {}
COMMAND: POST /session/36177e4d45fb5698ad30062df7661002/execute/async - {"script":"<script> [1562 bytes]","args":[{"selector":{"id":"application-manageconditionprice-display-component---newCondition--condBillCond-arrow"},"wdio_ui5_key":"applicationmanageconditionprice-display-component---newCondition--condBillCond-arrow"}]}
RESULT: {"script":"<script> [1562 bytes]","args":[{"selector":{"id":"application-manageconditionprice-display-component---newCondition--condBillCond-arrow"},"wdio_ui5_key":"applicationmanageconditionprice-display-component---newCondition--condBillCond-arrow"}]}
RESULT: undefined
COMMAND: POST /session/36177e4d45fb5698ad30062df7661002/element - {"using":"xpath","value":"//*[@id=\"application-manageconditionprice-display-component---newCondition--condBillCond-arrow\"]"}
RESULT: {"using":"xpath","value":"//*[@id=\"application-manageconditionprice-display-component---newCondition--condBillCond-arrow\"]"}
COMMAND: POST /session/36177e4d45fb5698ad30062df7661002/element/f.165F0B9F83AB8D5533DBC2556707DBA6.d.B95726F5C2F8BEC3628B49CD29F5B84D.e.3896/click - {}
RESULT: {}
COMMAND: GET /session/36177e4d45fb5698ad30062df7661002/screenshot - {}
RESULT: {}
COMMAND: POST /session/36177e4d45fb5698ad30062df7661002/element - {"using":"xpath","value":"//li[.//span[contains(text(), \"DISP - D&I special price\")]]"}
RESULT: {"using":"xpath","value":"//li[.//span[contains(text(), \"DISP - D&I special price\")]]"}
COMMAND: POST /session/36177e4d45fb5698ad30062df7661002/element/f.165F0B9F83AB8D5533DBC2556707DBA6.d.B95726F5C2F8BEC3628B49CD29F5B84D.e.3900/click - {}
RESULT: {}
COMMAND: GET /session/36177e4d45fb5698ad30062df7661002/screenshot - {}
RESULT: {}
COMMAND: POST /session/36177e4d45fb5698ad30062df7661002/execute/async - {"script":"<script> [1562 bytes]","args":[{"selector":{"id":"application-manageconditionprice-display-component---newCondition--condValidTo","interaction":{"idSuffix":"inner"}},"wdio_ui5_key":"applicationmanageconditionprice-display-component---newCondition--condValidTo"}]}
RESULT: {"script":"<script> [1562 bytes]","args":[{"selector":{"id":"application-manageconditionprice-display-component---newCondition--condValidTo","interaction":{"idSuffix":"inner"}},"wdio_ui5_key":"applicationmanageconditionprice-display-component---newCondition--condValidTo"}]}
RESULT: undefined
COMMAND: POST /session/36177e4d45fb5698ad30062df7661002/execute/async - {"script":"<script> [776 bytes]","args":[{"enterText":"1/16/26","selector":{"id":"application-manageconditionprice-display-component---newCondition--condValidTo","interaction":{"idSuffix":"inner"}},"clearTextFirst":true,"interactionType":"ENTER_TEXT"}]}
RESULT: {"script":"<script> [776 bytes]","args":[{"enterText":"1/16/26","selector":{"id":"application-manageconditionprice-display-component---newCondition--condValidTo","interaction":{"idSuffix":"inner"}},"clearTextFirst":true,"interactionType":"ENTER_TEXT"}]}
COMMAND: POST /session/36177e4d45fb5698ad30062df7661002/element - {"using":"xpath","value":"//input[@id=\"application-manageconditionprice-display-component---newCondition--condRU-inner\"]"}
RESULT: {"using":"xpath","value":"//input[@id=\"application-manageconditionprice-display-component---newCondition--condRU-inner\"]"}
COMMAND: POST /session/36177e4d45fb5698ad30062df7661002/element/f.165F0B9F83AB8D5533DBC2556707DBA6.d.B95726F5C2F8BEC3628B49CD29F5B84D.e.3727/clear - {}
RESULT: {}
COMMAND: POST /session/36177e4d45fb5698ad30062df7661002/element/f.165F0B9F83AB8D5533DBC2556707DBA6.d.B95726F5C2F8BEC3628B49CD29F5B84D.e.3727/value - {"text":"rMox7QJRAy"}
COMMAND: GET /session/36177e4d45fb5698ad30062df7661002/screenshot - {}
RESULT: {"text":"rMox7QJRAy"}
COMMAND: GET /session/36177e4d45fb5698ad30062df7661002/screenshot - {}
RESULT: {}
RESULT: {}
COMMAND: POST /session/36177e4d45fb5698ad30062df7661002/actions - {"actions":[{"id":"action15","type":"key","parameters":{},"actions":[{"type":"keyDown","value":"î€‡"},{"type":"pause","duration":10},{"type":"keyUp","value":"î€‡"}]}]}
RESULT: {"actions":[{"id":"action15","type":"key","parameters":{},"actions":[{"type":"keyDown","value":"î€‡"},{"type":"pause","duration":10},{"type":"keyUp","value":"î€‡"}]}]}
COMMAND: POST /session/36177e4d45fb5698ad30062df7661002/execute/async - {"script":"<script> [1562 bytes]","args":[{"selector":{"id":"application-manageconditionprice-display-component---newCondition--condBaseQty","interaction":{"idSuffix":"inner"}},"wdio_ui5_key":"applicationmanageconditionprice-display-component---newCondition--condBaseQty"}]}
COMMAND: GET /session/36177e4d45fb5698ad30062df7661002/screenshot - {}
RESULT: {"script":"<script> [1562 bytes]","args":[{"selector":{"id":"application-manageconditionprice-display-component---newCondition--condBaseQty","interaction":{"idSuffix":"inner"}},"wdio_ui5_key":"applicationmanageconditionprice-display-component---newCondition--condBaseQty"}]}
RESULT: undefined
COMMAND: POST /session/36177e4d45fb5698ad30062df7661002/execute/async - {"script":"<script> [776 bytes]","args":[{"enterText":"1","selector":{"id":"application-manageconditionprice-display-component---newCondition--condBaseQty","interaction":{"idSuffix":"inner"}},"clearTextFirst":true,"interactionType":"ENTER_TEXT"}]}
RESULT: {}
RESULT: {"script":"<script> [776 bytes]","args":[{"enterText":"1","selector":{"id":"application-manageconditionprice-display-component---newCondition--condBaseQty","interaction":{"idSuffix":"inner"}},"clearTextFirst":true,"interactionType":"ENTER_TEXT"}]}
COMMAND: POST /session/36177e4d45fb5698ad30062df7661002/execute/async - {"script":"<script> [1562 bytes]","args":[{"selector":{"id":"application-manageconditionprice-display-component---newCondition--condValue","interaction":{"idSuffix":"inner"}},"wdio_ui5_key":"applicationmanageconditionprice-display-component---newCondition--condValue"}]}
RESULT: {"script":"<script> [1562 bytes]","args":[{"selector":{"id":"application-manageconditionprice-display-component---newCondition--condValue","interaction":{"idSuffix":"inner"}},"wdio_ui5_key":"applicationmanageconditionprice-display-component---newCondition--condValue"}]}
RESULT: undefined
COMMAND: POST /session/36177e4d45fb5698ad30062df7661002/execute/async - {"script":"<script> [776 bytes]","args":[{"enterText":"100","selector":{"id":"application-manageconditionprice-display-component---newCondition--condValue","interaction":{"idSuffix":"inner"}},"clearTextFirst":true,"interactionType":"ENTER_TEXT"}]}
RESULT: {"script":"<script> [776 bytes]","args":[{"enterText":"100","selector":{"id":"application-manageconditionprice-display-component---newCondition--condValue","interaction":{"idSuffix":"inner"}},"clearTextFirst":true,"interactionType":"ENTER_TEXT"}]}
COMMAND: POST /session/36177e4d45fb5698ad30062df7661002/execute/async - {"script":"<script> [1562 bytes]","args":[{"selector":{"id":"application-manageconditionprice-display-component---newCondition--condCurr-arrow"},"wdio_ui5_key":"applicationmanageconditionprice-display-component---newCondition--condCurr-arrow"}]}
RESULT: {"script":"<script> [1562 bytes]","args":[{"selector":{"id":"application-manageconditionprice-display-component---newCondition--condCurr-arrow"},"wdio_ui5_key":"applicationmanageconditionprice-display-component---newCondition--condCurr-arrow"}]}
RESULT: undefined
COMMAND: POST /session/36177e4d45fb5698ad30062df7661002/element - {"using":"xpath","value":"//*[@id=\"application-manageconditionprice-display-component---newCondition--condCurr-arrow\"]"}
RESULT: {"using":"xpath","value":"//*[@id=\"application-manageconditionprice-display-component---newCondition--condCurr-arrow\"]"}
COMMAND: POST /session/36177e4d45fb5698ad30062df7661002/element/f.165F0B9F83AB8D5533DBC2556707DBA6.d.B95726F5C2F8BEC3628B49CD29F5B84D.e.3886/click - {}
RESULT: {}
COMMAND: POST /session/36177e4d45fb5698ad30062df7661002/element - {"using":"xpath","value":"//span[contains(text(), \"Euro\")]"}
COMMAND: GET /session/36177e4d45fb5698ad30062df7661002/screenshot - {}
RESULT: {"using":"xpath","value":"//span[contains(text(), \"Euro\")]"}
COMMAND: POST /session/36177e4d45fb5698ad30062df7661002/element/f.165F0B9F83AB8D5533DBC2556707DBA6.d.B95726F5C2F8BEC3628B49CD29F5B84D.e.3936/click - {}
RESULT: {}
RESULT: {}
COMMAND: POST /session/36177e4d45fb5698ad30062df7661002/element - {"using":"xpath","value":"//button[@data-kt=\"saveButton\"]"}
COMMAND: GET /session/36177e4d45fb5698ad30062df7661002/screenshot - {}
RESULT: {"using":"xpath","value":"//button[@data-kt=\"saveButton\"]"}
COMMAND: POST /session/36177e4d45fb5698ad30062df7661002/element/f.165F0B9F83AB8D5533DBC2556707DBA6.d.B95726F5C2F8BEC3628B49CD29F5B84D.e.3887/click - {}
RESULT: {}
RESULT: {}
COMMAND: GET /session/36177e4d45fb5698ad30062df7661002/screenshot - {}
RESULT: {}
COMMAND: POST /session/36177e4d45fb5698ad30062df7661002/execute/async - {"script":"<script> [1562 bytes]","args":[{"selector":{"id":"application-manageconditionprice-display-component---conditions--smartFilterBar-btnBasicSearch","interaction":{"idSuffix":"I"}},"wdio_ui5_key":"applicationmanageconditionprice-display-component---conditions--smartFilterBar-btnBasicSearch"}]}
RESULT: {"script":"<script> [1562 bytes]","args":[{"selector":{"id":"application-manageconditionprice-display-component---conditions--smartFilterBar-btnBasicSearch","interaction":{"idSuffix":"I"}},"wdio_ui5_key":"applicationmanageconditionprice-display-component---conditions--smartFilterBar-btnBasicSearch"}]}
RESULT: undefined
COMMAND: POST /session/36177e4d45fb5698ad30062df7661002/execute/async - {"script":"<script> [776 bytes]","args":[{"enterText":"rMox7QJRAy","selector":{"id":"application-manageconditionprice-display-component---conditions--smartFilterBar-btnBasicSearch","interaction":{"idSuffix":"I"}},"clearTextFirst":true,"interactionType":"ENTER_TEXT"}]}
RESULT: {"script":"<script> [776 bytes]","args":[{"enterText":"rMox7QJRAy","selector":{"id":"application-manageconditionprice-display-component---conditions--smartFilterBar-btnBasicSearch","interaction":{"idSuffix":"I"}},"clearTextFirst":true,"interactionType":"ENTER_TEXT"}]}
COMMAND: POST /session/36177e4d45fb5698ad30062df7661002/actions - {"actions":[{"id":"action16","type":"key","parameters":{},"actions":[{"type":"keyDown","value":"î€‡"},{"type":"pause","duration":10},{"type":"keyUp","value":"î€‡"}]}]}
RESULT: {"actions":[{"id":"action16","type":"key","parameters":{},"actions":[{"type":"keyDown","value":"î€‡"},{"type":"pause","duration":10},{"type":"keyUp","value":"î€‡"}]}]}
COMMAND: GET /session/36177e4d45fb5698ad30062df7661002/screenshot - {}
RESULT: {}
COMMAND: POST /session/36177e4d45fb5698ad30062df7661002/execute/async - {"script":"<script> [1562 bytes]","args":[{"selector":{"id":"application-manageconditionprice-display-component---conditions--smartFilterBar-filterItemControl_BASIC-BILL_TYPES-vhi"},"wdio_ui5_key":"applicationmanageconditionprice-display-component---conditions--smartFilterBar-filterItemControl_BASIC-BILL_TYPES-vhi"}]}
RESULT: {"script":"<script> [1562 bytes]","args":[{"selector":{"id":"application-manageconditionprice-display-component---conditions--smartFilterBar-filterItemControl_BASIC-BILL_TYPES-vhi"},"wdio_ui5_key":"applicationmanageconditionprice-display-component---conditions--smartFilterBar-filterItemControl_BASIC-BILL_TYPES-vhi"}]}
RESULT: undefined
COMMAND: POST /session/36177e4d45fb5698ad30062df7661002/element - {"using":"xpath","value":"//*[@id=\"application-manageconditionprice-display-component---conditions--smartFilterBar-filterItemControl_BASIC-BILL_TYPES-vhi\"]"}
RESULT: {"using":"xpath","value":"//*[@id=\"application-manageconditionprice-display-component---conditions--smartFilterBar-filterItemControl_BASIC-BILL_TYPES-vhi\"]"}
COMMAND: POST /session/36177e4d45fb5698ad30062df7661002/element/f.165F0B9F83AB8D5533DBC2556707DBA6.d.B95726F5C2F8BEC3628B49CD29F5B84D.e.4042/click - {}
RESULT: {}
COMMAND: POST /session/36177e4d45fb5698ad30062df7661002/execute/async - {"script":"<script> [1562 bytes]","args":[{"selector":{"id":"application-manageconditionprice-display-component---conditions--smartFilterBar-filterItemControl_BASIC-BILL_TYPES-valueHelpDialog-smartFilterBar-btnBasicSearch","searchOpenDialogs":true,"interaction":{"idSuffix":"I"}},"wdio_ui5_key":"applicationmanageconditionprice-display-component---conditions--smartFilterBar-filterItemControl_BASIC-BILL_TYPES-valueHelpDialog-smartFilterBar-btnBasicSearch"}]}
COMMAND: GET /session/36177e4d45fb5698ad30062df7661002/screenshot - {}
RESULT: {"script":"<script> [1562 bytes]","args":[{"selector":{"id":"application-manageconditionprice-display-component---conditions--smartFilterBar-filterItemControl_BASIC-BILL_TYPES-valueHelpDialog-smartFilterBar-btnBasicSearch","searchOpenDialogs":true,"interaction":{"idSuffix":"I"}},"wdio_ui5_key":"applicationmanageconditionprice-display-component---conditions--smartFilterBar-filterItemControl_BASIC-BILL_TYPES-valueHelpDialog-smartFilterBar-btnBasicSearch"}]}
RESULT: undefined
COMMAND: POST /session/36177e4d45fb5698ad30062df7661002/execute/async - {"script":"<script> [776 bytes]","args":[{"enterText":"TB","selector":{"id":"application-manageconditionprice-display-component---conditions--smartFilterBar-filterItemControl_BASIC-BILL_TYPES-valueHelpDialog-smartFilterBar-btnBasicSearch","searchOpenDialogs":true,"interaction":{"idSuffix":"I"}},"clearTextFirst":true,"interactionType":"ENTER_TEXT"}]}
RESULT: {}
RESULT: {"script":"<script> [776 bytes]","args":[{"enterText":"TB","selector":{"id":"application-manageconditionprice-display-component---conditions--smartFilterBar-filterItemControl_BASIC-BILL_TYPES-valueHelpDialog-smartFilterBar-btnBasicSearch","searchOpenDialogs":true,"interaction":{"idSuffix":"I"}},"clearTextFirst":true,"interactionType":"ENTER_TEXT"}]}
COMMAND: POST /session/36177e4d45fb5698ad30062df7661002/actions - {"actions":[{"id":"action17","type":"key","parameters":{},"actions":[{"type":"keyDown","value":"î€‡"},{"type":"pause","duration":10},{"type":"keyUp","value":"î€‡"}]}]}
RESULT: {"actions":[{"id":"action17","type":"key","parameters":{},"actions":[{"type":"keyDown","value":"î€‡"},{"type":"pause","duration":10},{"type":"keyUp","value":"î€‡"}]}]}
COMMAND: GET /session/36177e4d45fb5698ad30062df7661002/screenshot - {}
RESULT: {}
COMMAND: POST /session/36177e4d45fb5698ad30062df7661002/element - {"using":"xpath","value":"//div[contains(@id, 'application-manageconditionprice-display-component---conditions--smartFilterBar-filterItemControl_BASIC-BILL_TYPES-valueHelpDialog-table-rowsel0')]"}
RESULT: {"using":"xpath","value":"//div[contains(@id, 'application-manageconditionprice-display-component---conditions--smartFilterBar-filterItemControl_BASIC-BILL_TYPES-valueHelpDialog-table-rowsel0')]"}
COMMAND: POST /session/36177e4d45fb5698ad30062df7661002/element/f.165F0B9F83AB8D5533DBC2556707DBA6.d.B95726F5C2F8BEC3628B49CD29F5B84D.e.4051/click - {}
RESULT: {}
COMMAND: GET /session/36177e4d45fb5698ad30062df7661002/screenshot - {}
RESULT: {}
COMMAND: POST /session/36177e4d45fb5698ad30062df7661002/element - {"using":"xpath","value":"//bdi[contains(text(), \"OK\")]"}
RESULT: {"using":"xpath","value":"//bdi[contains(text(), \"OK\")]"}
COMMAND: POST /session/36177e4d45fb5698ad30062df7661002/element/f.165F0B9F83AB8D5533DBC2556707DBA6.d.B95726F5C2F8BEC3628B49CD29F5B84D.e.4053/click - {}
RESULT: {}
COMMAND: GET /session/36177e4d45fb5698ad30062df7661002/screenshot - {}
RESULT: {}
COMMAND: POST /session/36177e4d45fb5698ad30062df7661002/element - {"using":"xpath","value":"//span[@id=\"application-manageconditionprice-display-component---conditions--smartTable-header-inner\"]"}
RESULT: {"using":"xpath","value":"//span[@id=\"application-manageconditionprice-display-component---conditions--smartTable-header-inner\"]"}
COMMAND: POST /session/36177e4d45fb5698ad30062df7661002/elements - {"using":"xpath","value":"//span[@id=\"application-manageconditionprice-display-component---conditions--smartTable-header-inner\"]"}
RESULT: {"using":"xpath","value":"//span[@id=\"application-manageconditionprice-display-component---conditions--smartTable-header-inner\"]"}
COMMAND: POST /session/36177e4d45fb5698ad30062df7661002/execute/sync - {"script":"<script> [56 bytes]","args":[{"element-6066-11e4-a52e-4f735466cecf":"f.165F0B9F83AB8D5533DBC2556707DBA6.d.B95726F5C2F8BEC3628B49CD29F5B84D.e.4056","ELEMENT":"f.165F0B9F83AB8D5533DBC2556707DBA6.d.B95726F5C2F8BEC3628B49CD29F5B84D.e.4056"}]}
RESULT: {"script":"<script> [56 bytes]","args":[{"element-6066-11e4-a52e-4f735466cecf":"f.165F0B9F83AB8D5533DBC2556707DBA6.d.B95726F5C2F8BEC3628B49CD29F5B84D.e.4056","ELEMENT":"f.165F0B9F83AB8D5533DBC2556707DBA6.d.B95726F5C2F8BEC3628B49CD29F5B84D.e.4056"}]}
COMMAND: POST /session/36177e4d45fb5698ad30062df7661002/element - {"using":"css selector","value":"#shell-header-logo"}
COMMAND: GET /session/36177e4d45fb5698ad30062df7661002/screenshot - {}
RESULT: {"using":"css selector","value":"#shell-header-logo"}
COMMAND: POST /session/36177e4d45fb5698ad30062df7661002/element/f.165F0B9F83AB8D5533DBC2556707DBA6.d.B95726F5C2F8BEC3628B49CD29F5B84D.e.3679/click - {}
RESULT: {}
RESULT: {}
COMMAND: GET /session/36177e4d45fb5698ad30062df7661002/screenshot - {}
RESULT: {}
]]></system-out>
    </testcase>
    <testcase classname="chrome.136_0_7103_93.windows.Billing_confirm_US117289" name="Should do a stock increase" time="89.912">
      <system-out><![CDATA[
COMMAND: POST /session/36177e4d45fb5698ad30062df7661002/execute/async - {"script":"<script> [1562 bytes]","args":[{"selector":{"controlType":"sap.m.GenericTile","properties":{"header":"Manage Handovers"}},"wdio_ui5_key":"sapm.GenericTile{\"header\":\"Manage Handovers\"}"}]}
RESULT: {"script":"<script> [1562 bytes]","args":[{"selector":{"controlType":"sap.m.GenericTile","properties":{"header":"Manage Handovers"}},"wdio_ui5_key":"sapm.GenericTile{\"header\":\"Manage Handovers\"}"}]}
RESULT: undefined
COMMAND: POST /session/36177e4d45fb5698ad30062df7661002/element - {"using":"xpath","value":"//*[@id=\"__tile130\"]"}
RESULT: {"using":"xpath","value":"//*[@id=\"__tile130\"]"}
COMMAND: POST /session/36177e4d45fb5698ad30062df7661002/element/f.165F0B9F83AB8D5533DBC2556707DBA6.d.B95726F5C2F8BEC3628B49CD29F5B84D.e.2845/click - {}
RESULT: {}
COMMAND: GET /session/36177e4d45fb5698ad30062df7661002/screenshot - {}
RESULT: {}
COMMAND: POST /session/36177e4d45fb5698ad30062df7661002/elements - {"using":"xpath","value":"//span[text()='Error']"}
RESULT: {"using":"xpath","value":"//span[text()='Error']"}
COMMAND: POST /session/36177e4d45fb5698ad30062df7661002/element - {"using":"xpath","value":"//button[@data-kt=\"masterHOAddButton\"]"}
RESULT: {"using":"xpath","value":"//button[@data-kt=\"masterHOAddButton\"]"}
COMMAND: POST /session/36177e4d45fb5698ad30062df7661002/elements - {"using":"xpath","value":"//button[@data-kt=\"masterHOAddButton\"]"}
RESULT: {"using":"xpath","value":"//button[@data-kt=\"masterHOAddButton\"]"}
COMMAND: POST /session/36177e4d45fb5698ad30062df7661002/execute/sync - {"script":"<script> [8489 bytes]","args":[{"element-6066-11e4-a52e-4f735466cecf":"f.165F0B9F83AB8D5533DBC2556707DBA6.d.B95726F5C2F8BEC3628B49CD29F5B84D.e.4102","ELEMENT":"f.165F0B9F83AB8D5533DBC2556707DBA6.d.B95726F5C2F8BEC3628B49CD29F5B84D.e.4102"}]}
RESULT: {"script":"<script> [8489 bytes]","args":[{"element-6066-11e4-a52e-4f735466cecf":"f.165F0B9F83AB8D5533DBC2556707DBA6.d.B95726F5C2F8BEC3628B49CD29F5B84D.e.4102","ELEMENT":"f.165F0B9F83AB8D5533DBC2556707DBA6.d.B95726F5C2F8BEC3628B49CD29F5B84D.e.4102"}]}
COMMAND: GET /session/36177e4d45fb5698ad30062df7661002/element/f.165F0B9F83AB8D5533DBC2556707DBA6.d.B95726F5C2F8BEC3628B49CD29F5B84D.e.4102/enabled - {}
COMMAND: GET /session/36177e4d45fb5698ad30062df7661002/screenshot - {}
RESULT: {}
COMMAND: POST /session/36177e4d45fb5698ad30062df7661002/execute/sync - {"script":"<script> [8489 bytes]","args":[{"element-6066-11e4-a52e-4f735466cecf":"f.165F0B9F83AB8D5533DBC2556707DBA6.d.B95726F5C2F8BEC3628B49CD29F5B84D.e.4102","ELEMENT":"f.165F0B9F83AB8D5533DBC2556707DBA6.d.B95726F5C2F8BEC3628B49CD29F5B84D.e.4102"}]}
COMMAND: GET /session/36177e4d45fb5698ad30062df7661002/screenshot - {}
RESULT: {}
RESULT: {"script":"<script> [8489 bytes]","args":[{"element-6066-11e4-a52e-4f735466cecf":"f.165F0B9F83AB8D5533DBC2556707DBA6.d.B95726F5C2F8BEC3628B49CD29F5B84D.e.4102","ELEMENT":"f.165F0B9F83AB8D5533DBC2556707DBA6.d.B95726F5C2F8BEC3628B49CD29F5B84D.e.4102"}]}
COMMAND: POST /session/36177e4d45fb5698ad30062df7661002/execute/sync - {"script":"<script> [5351 bytes]","args":[{"element-6066-11e4-a52e-4f735466cecf":"f.165F0B9F83AB8D5533DBC2556707DBA6.d.B95726F5C2F8BEC3628B49CD29F5B84D.e.4102","ELEMENT":"f.165F0B9F83AB8D5533DBC2556707DBA6.d.B95726F5C2F8BEC3628B49CD29F5B84D.e.4102"}]}
COMMAND: GET /session/36177e4d45fb5698ad30062df7661002/screenshot - {}
RESULT: {}
RESULT: {"script":"<script> [5351 bytes]","args":[{"element-6066-11e4-a52e-4f735466cecf":"f.165F0B9F83AB8D5533DBC2556707DBA6.d.B95726F5C2F8BEC3628B49CD29F5B84D.e.4102","ELEMENT":"f.165F0B9F83AB8D5533DBC2556707DBA6.d.B95726F5C2F8BEC3628B49CD29F5B84D.e.4102"}]}
COMMAND: POST /session/36177e4d45fb5698ad30062df7661002/element/f.165F0B9F83AB8D5533DBC2556707DBA6.d.B95726F5C2F8BEC3628B49CD29F5B84D.e.4102/click - {}
COMMAND: GET /session/36177e4d45fb5698ad30062df7661002/screenshot - {}
RESULT: {}
RESULT: {}
COMMAND: GET /session/36177e4d45fb5698ad30062df7661002/screenshot - {}
RESULT: {}
RESULT: {}
COMMAND: POST /session/36177e4d45fb5698ad30062df7661002/element - {"using":"xpath","value":"//span[contains(@id ,\"AddNewHO--typeSelect-arrow\")]"}
RESULT: {"using":"xpath","value":"//span[contains(@id ,\"AddNewHO--typeSelect-arrow\")]"}
COMMAND: POST /session/36177e4d45fb5698ad30062df7661002/element/f.165F0B9F83AB8D5533DBC2556707DBA6.d.B95726F5C2F8BEC3628B49CD29F5B84D.e.4461/click - {}
RESULT: {}
COMMAND: GET /session/36177e4d45fb5698ad30062df7661002/screenshot - {}
RESULT: {}
COMMAND: POST /session/36177e4d45fb5698ad30062df7661002/element - {"using":"xpath","value":"(//li[contains(text(), \"stock increase yard\")])[1]"}
RESULT: {"using":"xpath","value":"(//li[contains(text(), \"stock increase yard\")])[1]"}
COMMAND: POST /session/36177e4d45fb5698ad30062df7661002/element/f.165F0B9F83AB8D5533DBC2556707DBA6.d.B95726F5C2F8BEC3628B49CD29F5B84D.e.4462/click - {}
RESULT: {}
COMMAND: GET /session/36177e4d45fb5698ad30062df7661002/screenshot - {}
RESULT: {}
COMMAND: POST /session/36177e4d45fb5698ad30062df7661002/execute/async - {"script":"<script> [1562 bytes]","args":[{"selector":{"id":"application-managehandovers-display-component---AddNewHO--dueDate","interaction":{"idSuffix":"inner"}},"wdio_ui5_key":"applicationmanagehandovers-display-component---AddNewHO--dueDate"}]}
RESULT: {"script":"<script> [1562 bytes]","args":[{"selector":{"id":"application-managehandovers-display-component---AddNewHO--dueDate","interaction":{"idSuffix":"inner"}},"wdio_ui5_key":"applicationmanagehandovers-display-component---AddNewHO--dueDate"}]}
RESULT: undefined
COMMAND: POST /session/36177e4d45fb5698ad30062df7661002/execute/async - {"script":"<script> [6424 bytes]","args":[{"element-6066-11e4-a52e-4f735466cecf":"f.165F0B9F83AB8D5533DBC2556707DBA6.d.B95726F5C2F8BEC3628B49CD29F5B84D.e.4464"},"setValue",["5/16/25"]]}
RESULT: {"script":"<script> [6424 bytes]","args":[{"element-6066-11e4-a52e-4f735466cecf":"f.165F0B9F83AB8D5533DBC2556707DBA6.d.B95726F5C2F8BEC3628B49CD29F5B84D.e.4464"},"setValue",["5/16/25"]]}
COMMAND: POST /session/36177e4d45fb5698ad30062df7661002/element - {"using":"xpath","value":"//input[@id=\"generalSectionFrg--receiveYard-inner\"]"}
RESULT: {"using":"xpath","value":"//input[@id=\"generalSectionFrg--receiveYard-inner\"]"}
COMMAND: POST /session/36177e4d45fb5698ad30062df7661002/element/f.165F0B9F83AB8D5533DBC2556707DBA6.d.B95726F5C2F8BEC3628B49CD29F5B84D.e.4468/clear - {}
RESULT: {}
COMMAND: POST /session/36177e4d45fb5698ad30062df7661002/element/f.165F0B9F83AB8D5533DBC2556707DBA6.d.B95726F5C2F8BEC3628B49CD29F5B84D.e.4468/value - {"text":"433"}
COMMAND: GET /session/36177e4d45fb5698ad30062df7661002/screenshot - {}
RESULT: {"text":"433"}
COMMAND: GET /session/36177e4d45fb5698ad30062df7661002/screenshot - {}
RESULT: {}
RESULT: {}
COMMAND: POST /session/36177e4d45fb5698ad30062df7661002/element - {"using":"xpath","value":"//li[.//span[text()='433']]"}
RESULT: {"using":"xpath","value":"//li[.//span[text()='433']]"}
COMMAND: POST /session/36177e4d45fb5698ad30062df7661002/element/f.165F0B9F83AB8D5533DBC2556707DBA6.d.B95726F5C2F8BEC3628B49CD29F5B84D.e.4486/click - {}
RESULT: {}
COMMAND: GET /session/36177e4d45fb5698ad30062df7661002/screenshot - {}
RESULT: {}
COMMAND: POST /session/36177e4d45fb5698ad30062df7661002/execute/async - {"script":"<script> [1562 bytes]","args":[{"selector":{"id":"application-managehandovers-display-component---AddNewHO--ObjectPageLayout-anchBar-application-managehandovers-display-component---AddNewHO--section4-anchor","interaction":{"idSuffix":"BDI-content"}},"wdio_ui5_key":"applicationmanagehandovers-display-component---AddNewHO--ObjectPageLayout-anchBar-application-managehandovers-display-component---AddNewHO--section4-anchor"}]}
RESULT: {"script":"<script> [1562 bytes]","args":[{"selector":{"id":"application-managehandovers-display-component---AddNewHO--ObjectPageLayout-anchBar-application-managehandovers-display-component---AddNewHO--section4-anchor","interaction":{"idSuffix":"BDI-content"}},"wdio_ui5_key":"applicationmanagehandovers-display-component---AddNewHO--ObjectPageLayout-anchBar-application-managehandovers-display-component---AddNewHO--section4-anchor"}]}
RESULT: undefined
COMMAND: POST /session/36177e4d45fb5698ad30062df7661002/element - {"using":"xpath","value":"//*[@id=\"application-managehandovers-display-component---AddNewHO--ObjectPageLayout-anchBar-application-managehandovers-display-component---AddNewHO--section4-anchor\"]"}
RESULT: {"using":"xpath","value":"//*[@id=\"application-managehandovers-display-component---AddNewHO--ObjectPageLayout-anchBar-application-managehandovers-display-component---AddNewHO--section4-anchor\"]"}
COMMAND: POST /session/36177e4d45fb5698ad30062df7661002/element/f.165F0B9F83AB8D5533DBC2556707DBA6.d.B95726F5C2F8BEC3628B49CD29F5B84D.e.4488/click - {}
RESULT: {}
COMMAND: POST /session/36177e4d45fb5698ad30062df7661002/element - {"using":"xpath","value":"//button[@aria-label=\"Add\"]"}
COMMAND: GET /session/36177e4d45fb5698ad30062df7661002/screenshot - {}
RESULT: {"using":"xpath","value":"//button[@aria-label=\"Add\"]"}
COMMAND: POST /session/36177e4d45fb5698ad30062df7661002/element/f.165F0B9F83AB8D5533DBC2556707DBA6.d.B95726F5C2F8BEC3628B49CD29F5B84D.e.4491/click - {}
RESULT: {}
RESULT: {}
COMMAND: GET /session/36177e4d45fb5698ad30062df7661002/screenshot - {}
RESULT: {}
COMMAND: POST /session/36177e4d45fb5698ad30062df7661002/execute/async - {"script":"<script> [1562 bytes]","args":[{"selector":{"id":"application-managehandovers-display-component---AddNewHO--smartFilterBar-btnBasicSearch","searchOpenDialogs":true,"interaction":{"idSuffix":"I"}},"wdio_ui5_key":"applicationmanagehandovers-display-component---AddNewHO--smartFilterBar-btnBasicSearch"}]}
RESULT: {"script":"<script> [1562 bytes]","args":[{"selector":{"id":"application-managehandovers-display-component---AddNewHO--smartFilterBar-btnBasicSearch","searchOpenDialogs":true,"interaction":{"idSuffix":"I"}},"wdio_ui5_key":"applicationmanagehandovers-display-component---AddNewHO--smartFilterBar-btnBasicSearch"}]}
RESULT: undefined
COMMAND: POST /session/36177e4d45fb5698ad30062df7661002/execute/async - {"script":"<script> [776 bytes]","args":[{"enterText":"rMox7QJRAy","selector":{"id":"application-managehandovers-display-component---AddNewHO--smartFilterBar-btnBasicSearch","searchOpenDialogs":true,"interaction":{"idSuffix":"I"}},"clearTextFirst":true,"interactionType":"ENTER_TEXT"}]}
RESULT: {"script":"<script> [776 bytes]","args":[{"enterText":"rMox7QJRAy","selector":{"id":"application-managehandovers-display-component---AddNewHO--smartFilterBar-btnBasicSearch","searchOpenDialogs":true,"interaction":{"idSuffix":"I"}},"clearTextFirst":true,"interactionType":"ENTER_TEXT"}]}
COMMAND: POST /session/36177e4d45fb5698ad30062df7661002/actions - {"actions":[{"id":"action18","type":"key","parameters":{},"actions":[{"type":"keyDown","value":"î€‡"},{"type":"pause","duration":10},{"type":"keyUp","value":"î€‡"}]}]}
RESULT: {"actions":[{"id":"action18","type":"key","parameters":{},"actions":[{"type":"keyDown","value":"î€‡"},{"type":"pause","duration":10},{"type":"keyUp","value":"î€‡"}]}]}
COMMAND: GET /session/36177e4d45fb5698ad30062df7661002/screenshot - {}
RESULT: {}
COMMAND: POST /session/36177e4d45fb5698ad30062df7661002/execute/async - {"script":"<script> [1562 bytes]","args":[{"selector":{"id":"application-managehandovers-display-component---AddNewHO--popup-sa","searchOpenDialogs":true,"interaction":{"idSuffix":"CbBg"}},"wdio_ui5_key":"applicationmanagehandovers-display-component---AddNewHO--popup-sa"}]}
RESULT: {"script":"<script> [1562 bytes]","args":[{"selector":{"id":"application-managehandovers-display-component---AddNewHO--popup-sa","searchOpenDialogs":true,"interaction":{"idSuffix":"CbBg"}},"wdio_ui5_key":"applicationmanagehandovers-display-component---AddNewHO--popup-sa"}]}
RESULT: undefined
COMMAND: POST /session/36177e4d45fb5698ad30062df7661002/element - {"using":"xpath","value":"//*[@id=\"application-managehandovers-display-component---AddNewHO--popup-sa\"]"}
RESULT: {"using":"xpath","value":"//*[@id=\"application-managehandovers-display-component---AddNewHO--popup-sa\"]"}
COMMAND: POST /session/36177e4d45fb5698ad30062df7661002/element/f.165F0B9F83AB8D5533DBC2556707DBA6.d.B95726F5C2F8BEC3628B49CD29F5B84D.e.4644/click - {}
RESULT: {}
COMMAND: GET /session/36177e4d45fb5698ad30062df7661002/screenshot - {}
RESULT: {}
COMMAND: POST /session/36177e4d45fb5698ad30062df7661002/element - {"using":"xpath","value":"//bdi[contains(text(), \"Select\")]"}
RESULT: {"using":"xpath","value":"//bdi[contains(text(), \"Select\")]"}
COMMAND: POST /session/36177e4d45fb5698ad30062df7661002/element/f.165F0B9F83AB8D5533DBC2556707DBA6.d.B95726F5C2F8BEC3628B49CD29F5B84D.e.4645/click - {}
RESULT: {}
COMMAND: GET /session/36177e4d45fb5698ad30062df7661002/screenshot - {}
RESULT: {}
COMMAND: POST /session/36177e4d45fb5698ad30062df7661002/element - {"using":"xpath","value":"//button[@data-kt=\"AddNewHOSaveButton\"]"}
RESULT: {"using":"xpath","value":"//button[@data-kt=\"AddNewHOSaveButton\"]"}
COMMAND: POST /session/36177e4d45fb5698ad30062df7661002/element/f.165F0B9F83AB8D5533DBC2556707DBA6.d.B95726F5C2F8BEC3628B49CD29F5B84D.e.4649/click - {}
RESULT: {}
COMMAND: GET /session/36177e4d45fb5698ad30062df7661002/screenshot - {}
COMMAND: POST /session/36177e4d45fb5698ad30062df7661002/execute/async - {"script":"<script> [1562 bytes]","args":[{"selector":{"id":"receiptDatePicker","viewName":"etm.portal.ui.managehandovers.view.DetailExecuteHO","interaction":{"idSuffix":"inner"}},"wdio_ui5_key":"receiptDatePickeretmportal.ui.managehandovers.view.DetailExecuteHO"}]}
RESULT: {}
RESULT: {"script":"<script> [1562 bytes]","args":[{"selector":{"id":"receiptDatePicker","viewName":"etm.portal.ui.managehandovers.view.DetailExecuteHO","interaction":{"idSuffix":"inner"}},"wdio_ui5_key":"receiptDatePickeretmportal.ui.managehandovers.view.DetailExecuteHO"}]}
RESULT: undefined
COMMAND: POST /session/36177e4d45fb5698ad30062df7661002/execute/async - {"script":"<script> [6424 bytes]","args":[{"element-6066-11e4-a52e-4f735466cecf":"f.165F0B9F83AB8D5533DBC2556707DBA6.d.B95726F5C2F8BEC3628B49CD29F5B84D.e.4669"},"setValue",["5/16/25"]]}
RESULT: {"script":"<script> [6424 bytes]","args":[{"element-6066-11e4-a52e-4f735466cecf":"f.165F0B9F83AB8D5533DBC2556707DBA6.d.B95726F5C2F8BEC3628B49CD29F5B84D.e.4669"},"setValue",["5/16/25"]]}
COMMAND: POST /session/36177e4d45fb5698ad30062df7661002/element - {"using":"xpath","value":"//button[@data-kt=\"PickingTableConfirmAllButton\"]"}
RESULT: {"using":"xpath","value":"//button[@data-kt=\"PickingTableConfirmAllButton\"]"}
COMMAND: POST /session/36177e4d45fb5698ad30062df7661002/element/f.165F0B9F83AB8D5533DBC2556707DBA6.d.B95726F5C2F8BEC3628B49CD29F5B84D.e.4684/click - {}
RESULT: {}
COMMAND: GET /session/36177e4d45fb5698ad30062df7661002/screenshot - {}
RESULT: {}
COMMAND: POST /session/36177e4d45fb5698ad30062df7661002/element - {"using":"xpath","value":"//bdi[contains(text(), \"OK\")]"}
RESULT: {"using":"xpath","value":"//bdi[contains(text(), \"OK\")]"}
COMMAND: POST /session/36177e4d45fb5698ad30062df7661002/element/f.165F0B9F83AB8D5533DBC2556707DBA6.d.B95726F5C2F8BEC3628B49CD29F5B84D.e.4686/click - {}
RESULT: {}
COMMAND: GET /session/36177e4d45fb5698ad30062df7661002/screenshot - {}
RESULT: {}
COMMAND: POST /session/36177e4d45fb5698ad30062df7661002/element - {"using":"xpath","value":"(//bdi[contains(text(), \"Receive\")])[2]"}
RESULT: {"using":"xpath","value":"(//bdi[contains(text(), \"Receive\")])[2]"}
COMMAND: POST /session/36177e4d45fb5698ad30062df7661002/element/f.165F0B9F83AB8D5533DBC2556707DBA6.d.B95726F5C2F8BEC3628B49CD29F5B84D.e.4688/click - {}
RESULT: {}
COMMAND: GET /session/36177e4d45fb5698ad30062df7661002/screenshot - {}
RESULT: {}
COMMAND: POST /session/36177e4d45fb5698ad30062df7661002/element - {"using":"css selector","value":"#shell-header-logo"}
RESULT: {"using":"css selector","value":"#shell-header-logo"}
COMMAND: POST /session/36177e4d45fb5698ad30062df7661002/element/f.165F0B9F83AB8D5533DBC2556707DBA6.d.B95726F5C2F8BEC3628B49CD29F5B84D.e.4063/click - {}
RESULT: {}
COMMAND: GET /session/36177e4d45fb5698ad30062df7661002/screenshot - {}
RESULT: {}
]]></system-out>
    </testcase>
    <testcase classname="chrome.136_0_7103_93.windows.Billing_confirm_US117289" name="Should create a new contract" time="61.927">
      <system-out><![CDATA[
COMMAND: POST /session/36177e4d45fb5698ad30062df7661002/execute/async - {"script":"<script> [1562 bytes]","args":[{"selector":{"controlType":"sap.m.GenericTile","properties":{"header":"Manage Contracts"}},"wdio_ui5_key":"sapm.GenericTile{\"header\":\"Manage Contracts\"}"}]}
RESULT: {"script":"<script> [1562 bytes]","args":[{"selector":{"controlType":"sap.m.GenericTile","properties":{"header":"Manage Contracts"}},"wdio_ui5_key":"sapm.GenericTile{\"header\":\"Manage Contracts\"}"}]}
RESULT: undefined
COMMAND: POST /session/36177e4d45fb5698ad30062df7661002/element - {"using":"xpath","value":"//*[@id=\"__tile132\"]"}
RESULT: {"using":"xpath","value":"//*[@id=\"__tile132\"]"}
COMMAND: POST /session/36177e4d45fb5698ad30062df7661002/element/f.165F0B9F83AB8D5533DBC2556707DBA6.d.B95726F5C2F8BEC3628B49CD29F5B84D.e.2834/click - {}
RESULT: {}
COMMAND: GET /session/36177e4d45fb5698ad30062df7661002/screenshot - {}
RESULT: {}
COMMAND: POST /session/36177e4d45fb5698ad30062df7661002/elements - {"using":"xpath","value":"//span[text()='Error']"}
RESULT: {"using":"xpath","value":"//span[text()='Error']"}
COMMAND: POST /session/36177e4d45fb5698ad30062df7661002/element - {"using":"xpath","value":"//button[@data-kt=\"addButton\"]"}
RESULT: {"using":"xpath","value":"//button[@data-kt=\"addButton\"]"}
COMMAND: POST /session/36177e4d45fb5698ad30062df7661002/elements - {"using":"xpath","value":"//button[@data-kt=\"addButton\"]"}
RESULT: {"using":"xpath","value":"//button[@data-kt=\"addButton\"]"}
COMMAND: POST /session/36177e4d45fb5698ad30062df7661002/execute/sync - {"script":"<script> [8489 bytes]","args":[{"element-6066-11e4-a52e-4f735466cecf":"f.165F0B9F83AB8D5533DBC2556707DBA6.d.B95726F5C2F8BEC3628B49CD29F5B84D.e.4904","ELEMENT":"f.165F0B9F83AB8D5533DBC2556707DBA6.d.B95726F5C2F8BEC3628B49CD29F5B84D.e.4904"}]}
RESULT: {"script":"<script> [8489 bytes]","args":[{"element-6066-11e4-a52e-4f735466cecf":"f.165F0B9F83AB8D5533DBC2556707DBA6.d.B95726F5C2F8BEC3628B49CD29F5B84D.e.4904","ELEMENT":"f.165F0B9F83AB8D5533DBC2556707DBA6.d.B95726F5C2F8BEC3628B49CD29F5B84D.e.4904"}]}
COMMAND: GET /session/36177e4d45fb5698ad30062df7661002/element/f.165F0B9F83AB8D5533DBC2556707DBA6.d.B95726F5C2F8BEC3628B49CD29F5B84D.e.4904/enabled - {}
COMMAND: GET /session/36177e4d45fb5698ad30062df7661002/screenshot - {}
RESULT: {}
COMMAND: POST /session/36177e4d45fb5698ad30062df7661002/execute/sync - {"script":"<script> [8489 bytes]","args":[{"element-6066-11e4-a52e-4f735466cecf":"f.165F0B9F83AB8D5533DBC2556707DBA6.d.B95726F5C2F8BEC3628B49CD29F5B84D.e.4904","ELEMENT":"f.165F0B9F83AB8D5533DBC2556707DBA6.d.B95726F5C2F8BEC3628B49CD29F5B84D.e.4904"}]}
COMMAND: GET /session/36177e4d45fb5698ad30062df7661002/screenshot - {}
RESULT: {}
RESULT: {"script":"<script> [8489 bytes]","args":[{"element-6066-11e4-a52e-4f735466cecf":"f.165F0B9F83AB8D5533DBC2556707DBA6.d.B95726F5C2F8BEC3628B49CD29F5B84D.e.4904","ELEMENT":"f.165F0B9F83AB8D5533DBC2556707DBA6.d.B95726F5C2F8BEC3628B49CD29F5B84D.e.4904"}]}
COMMAND: POST /session/36177e4d45fb5698ad30062df7661002/execute/sync - {"script":"<script> [5351 bytes]","args":[{"element-6066-11e4-a52e-4f735466cecf":"f.165F0B9F83AB8D5533DBC2556707DBA6.d.B95726F5C2F8BEC3628B49CD29F5B84D.e.4904","ELEMENT":"f.165F0B9F83AB8D5533DBC2556707DBA6.d.B95726F5C2F8BEC3628B49CD29F5B84D.e.4904"}]}
COMMAND: GET /session/36177e4d45fb5698ad30062df7661002/screenshot - {}
RESULT: {}
RESULT: {"script":"<script> [5351 bytes]","args":[{"element-6066-11e4-a52e-4f735466cecf":"f.165F0B9F83AB8D5533DBC2556707DBA6.d.B95726F5C2F8BEC3628B49CD29F5B84D.e.4904","ELEMENT":"f.165F0B9F83AB8D5533DBC2556707DBA6.d.B95726F5C2F8BEC3628B49CD29F5B84D.e.4904"}]}
COMMAND: GET /session/36177e4d45fb5698ad30062df7661002/screenshot - {}
RESULT: {}
RESULT: {}
COMMAND: POST /session/36177e4d45fb5698ad30062df7661002/element/f.165F0B9F83AB8D5533DBC2556707DBA6.d.B95726F5C2F8BEC3628B49CD29F5B84D.e.4904/click - {}
RESULT: {}
COMMAND: GET /session/36177e4d45fb5698ad30062df7661002/screenshot - {}
RESULT: {}
COMMAND: POST /session/36177e4d45fb5698ad30062df7661002/execute/async - {"script":"<script> [1562 bytes]","args":[{"selector":{"id":"application-managecontracts-display-component---AddNewContract--projectDescription","interaction":{"idSuffix":"inner"}},"wdio_ui5_key":"applicationmanagecontracts-display-component---AddNewContract--projectDescription"}]}
RESULT: {"script":"<script> [1562 bytes]","args":[{"selector":{"id":"application-managecontracts-display-component---AddNewContract--projectDescription","interaction":{"idSuffix":"inner"}},"wdio_ui5_key":"applicationmanagecontracts-display-component---AddNewContract--projectDescription"}]}
RESULT: undefined
COMMAND: POST /session/36177e4d45fb5698ad30062df7661002/execute/async - {"script":"<script> [776 bytes]","args":[{"enterText":"Contract WDIO","selector":{"id":"application-managecontracts-display-component---AddNewContract--projectDescription","interaction":{"idSuffix":"inner"}},"clearTextFirst":true,"interactionType":"ENTER_TEXT"}]}
RESULT: {"script":"<script> [776 bytes]","args":[{"enterText":"Contract WDIO","selector":{"id":"application-managecontracts-display-component---AddNewContract--projectDescription","interaction":{"idSuffix":"inner"}},"clearTextFirst":true,"interactionType":"ENTER_TEXT"}]}
COMMAND: POST /session/36177e4d45fb5698ad30062df7661002/element - {"using":"xpath","value":"//input[@id=\"application-managecontracts-display-component---AddNewContract--site-inner\"]"}
RESULT: {"using":"xpath","value":"//input[@id=\"application-managecontracts-display-component---AddNewContract--site-inner\"]"}
COMMAND: POST /session/36177e4d45fb5698ad30062df7661002/element/f.165F0B9F83AB8D5533DBC2556707DBA6.d.B95726F5C2F8BEC3628B49CD29F5B84D.e.5261/clear - {}
RESULT: {}
COMMAND: POST /session/36177e4d45fb5698ad30062df7661002/element/f.165F0B9F83AB8D5533DBC2556707DBA6.d.B95726F5C2F8BEC3628B49CD29F5B84D.e.5261/value - {"text":"2199"}
COMMAND: GET /session/36177e4d45fb5698ad30062df7661002/screenshot - {}
RESULT: {"text":"2199"}
COMMAND: GET /session/36177e4d45fb5698ad30062df7661002/screenshot - {}
RESULT: {}
RESULT: {}
COMMAND: POST /session/36177e4d45fb5698ad30062df7661002/element - {"using":"xpath","value":"//li[.//span[text()='2199']]"}
RESULT: {"using":"xpath","value":"//li[.//span[text()='2199']]"}
COMMAND: POST /session/36177e4d45fb5698ad30062df7661002/element/f.165F0B9F83AB8D5533DBC2556707DBA6.d.B95726F5C2F8BEC3628B49CD29F5B84D.e.5298/click - {}
RESULT: {}
COMMAND: GET /session/36177e4d45fb5698ad30062df7661002/screenshot - {}
RESULT: {}
COMMAND: POST /session/36177e4d45fb5698ad30062df7661002/element - {"using":"xpath","value":"//input[@id=\"application-managecontracts-display-component---AddNewContract--yardId-inner\"]"}
RESULT: {"using":"xpath","value":"//input[@id=\"application-managecontracts-display-component---AddNewContract--yardId-inner\"]"}
COMMAND: GET /session/36177e4d45fb5698ad30062df7661002/element/f.165F0B9F83AB8D5533DBC2556707DBA6.d.B95726F5C2F8BEC3628B49CD29F5B84D.e.5262/property/value - {}
RESULT: {}
COMMAND: POST /session/36177e4d45fb5698ad30062df7661002/element - {"using":"xpath","value":"//input[@id=\"application-managecontracts-display-component---AddNewContract--customerSelect-inner\"]"}
COMMAND: GET /session/36177e4d45fb5698ad30062df7661002/screenshot - {}
RESULT: {"using":"xpath","value":"//input[@id=\"application-managecontracts-display-component---AddNewContract--customerSelect-inner\"]"}
COMMAND: POST /session/36177e4d45fb5698ad30062df7661002/element/f.165F0B9F83AB8D5533DBC2556707DBA6.d.B95726F5C2F8BEC3628B49CD29F5B84D.e.5260/clear - {}
RESULT: {}
RESULT: {}
COMMAND: POST /session/36177e4d45fb5698ad30062df7661002/element/f.165F0B9F83AB8D5533DBC2556707DBA6.d.B95726F5C2F8BEC3628B49CD29F5B84D.e.5260/value - {"text":"1241"}
COMMAND: GET /session/36177e4d45fb5698ad30062df7661002/screenshot - {}
RESULT: {"text":"1241"}
COMMAND: GET /session/36177e4d45fb5698ad30062df7661002/screenshot - {}
RESULT: {}
RESULT: {}
COMMAND: POST /session/36177e4d45fb5698ad30062df7661002/element - {"using":"xpath","value":"//li[.//span[text()='1241']]"}
RESULT: {"using":"xpath","value":"//li[.//span[text()='1241']]"}
COMMAND: POST /session/36177e4d45fb5698ad30062df7661002/element/f.165F0B9F83AB8D5533DBC2556707DBA6.d.B95726F5C2F8BEC3628B49CD29F5B84D.e.5301/click - {}
RESULT: {}
COMMAND: GET /session/36177e4d45fb5698ad30062df7661002/screenshot - {}
RESULT: {}
COMMAND: POST /session/36177e4d45fb5698ad30062df7661002/element - {"using":"xpath","value":"//button[@data-kt=\"saveButton\"]"}
RESULT: {"using":"xpath","value":"//button[@data-kt=\"saveButton\"]"}
COMMAND: POST /session/36177e4d45fb5698ad30062df7661002/element/f.165F0B9F83AB8D5533DBC2556707DBA6.d.B95726F5C2F8BEC3628B49CD29F5B84D.e.5302/click - {}
RESULT: {}
COMMAND: GET /session/36177e4d45fb5698ad30062df7661002/screenshot - {}
RESULT: {}
COMMAND: POST /session/36177e4d45fb5698ad30062df7661002/element - {"using":"xpath","value":"//span[contains(@id ,\"contractDetailTitleNoExpanded\")]"}
RESULT: {"using":"xpath","value":"//span[contains(@id ,\"contractDetailTitleNoExpanded\")]"}
COMMAND: POST /session/36177e4d45fb5698ad30062df7661002/elements - {"using":"xpath","value":"//span[contains(@id ,\"contractDetailTitleNoExpanded\")]"}
RESULT: {"using":"xpath","value":"//span[contains(@id ,\"contractDetailTitleNoExpanded\")]"}
COMMAND: POST /session/36177e4d45fb5698ad30062df7661002/execute/sync - {"script":"<script> [56 bytes]","args":[{"element-6066-11e4-a52e-4f735466cecf":"f.165F0B9F83AB8D5533DBC2556707DBA6.d.B95726F5C2F8BEC3628B49CD29F5B84D.e.5373","ELEMENT":"f.165F0B9F83AB8D5533DBC2556707DBA6.d.B95726F5C2F8BEC3628B49CD29F5B84D.e.5373"}]}
RESULT: {"script":"<script> [56 bytes]","args":[{"element-6066-11e4-a52e-4f735466cecf":"f.165F0B9F83AB8D5533DBC2556707DBA6.d.B95726F5C2F8BEC3628B49CD29F5B84D.e.5373","ELEMENT":"f.165F0B9F83AB8D5533DBC2556707DBA6.d.B95726F5C2F8BEC3628B49CD29F5B84D.e.5373"}]}
COMMAND: GET /session/36177e4d45fb5698ad30062df7661002/screenshot - {}
RESULT: {}
]]></system-out>
    </testcase>
    <testcase classname="chrome.136_0_7103_93.windows.Billing_confirm_US117289" name="Should add created equipment to contract" time="49.113">
      <system-out><![CDATA[
COMMAND: POST /session/36177e4d45fb5698ad30062df7661002/element - {"using":"xpath","value":"//button[@data-kt=\"contractDetailEditBtnButton\"]"}
RESULT: {"using":"xpath","value":"//button[@data-kt=\"contractDetailEditBtnButton\"]"}
COMMAND: POST /session/36177e4d45fb5698ad30062df7661002/element/f.165F0B9F83AB8D5533DBC2556707DBA6.d.B95726F5C2F8BEC3628B49CD29F5B84D.e.5375/click - {}
RESULT: {}
COMMAND: GET /session/36177e4d45fb5698ad30062df7661002/screenshot - {}
RESULT: {}
COMMAND: POST /session/36177e4d45fb5698ad30062df7661002/element - {"using":"xpath","value":"(//span[contains(text(), \"Additional Addresses\")])[2]"}
RESULT: {"using":"xpath","value":"(//span[contains(text(), \"Additional Addresses\")])[2]"}
COMMAND: POST /session/36177e4d45fb5698ad30062df7661002/element/f.165F0B9F83AB8D5533DBC2556707DBA6.d.B95726F5C2F8BEC3628B49CD29F5B84D.e.5431/click - {}
RESULT: {}
COMMAND: GET /session/36177e4d45fb5698ad30062df7661002/screenshot - {}
RESULT: {}
COMMAND: POST /session/36177e4d45fb5698ad30062df7661002/element - {"using":"xpath","value":"//button[@data-kt=\"btnAddTableRowOverflowToolbarButton\"]"}
RESULT: {"using":"xpath","value":"//button[@data-kt=\"btnAddTableRowOverflowToolbarButton\"]"}
COMMAND: POST /session/36177e4d45fb5698ad30062df7661002/element/f.165F0B9F83AB8D5533DBC2556707DBA6.d.B95726F5C2F8BEC3628B49CD29F5B84D.e.5434/click - {}
RESULT: {}
COMMAND: GET /session/36177e4d45fb5698ad30062df7661002/screenshot - {}
RESULT: {}
COMMAND: POST /session/36177e4d45fb5698ad30062df7661002/element - {"using":"xpath","value":"//div[(text() = 'Standard Entry' or . = 'Standard Entry')]"}
RESULT: {"using":"xpath","value":"//div[(text() = 'Standard Entry' or . = 'Standard Entry')]"}
COMMAND: POST /session/36177e4d45fb5698ad30062df7661002/element/f.165F0B9F83AB8D5533DBC2556707DBA6.d.B95726F5C2F8BEC3628B49CD29F5B84D.e.5436/click - {}
RESULT: {}
COMMAND: GET /session/36177e4d45fb5698ad30062df7661002/screenshot - {}
RESULT: {}
COMMAND: POST /session/36177e4d45fb5698ad30062df7661002/element - {"using":"xpath","value":"//td[7]/div/div/input"}
RESULT: {"using":"xpath","value":"//td[7]/div/div/input"}
COMMAND: POST /session/36177e4d45fb5698ad30062df7661002/element/f.165F0B9F83AB8D5533DBC2556707DBA6.d.B95726F5C2F8BEC3628B49CD29F5B84D.e.5445/clear - {}
RESULT: {}
COMMAND: POST /session/36177e4d45fb5698ad30062df7661002/element/f.165F0B9F83AB8D5533DBC2556707DBA6.d.B95726F5C2F8BEC3628B49CD29F5B84D.e.5445/value - {"text":"rMox7QJRAy"}
COMMAND: GET /session/36177e4d45fb5698ad30062df7661002/screenshot - {}
RESULT: {"text":"rMox7QJRAy"}
COMMAND: GET /session/36177e4d45fb5698ad30062df7661002/screenshot - {}
RESULT: {}
RESULT: {}
COMMAND: POST /session/36177e4d45fb5698ad30062df7661002/actions - {"actions":[{"id":"action19","type":"key","parameters":{},"actions":[{"type":"keyDown","value":"î€‡"},{"type":"pause","duration":10},{"type":"keyUp","value":"î€‡"}]}]}
RESULT: {"actions":[{"id":"action19","type":"key","parameters":{},"actions":[{"type":"keyDown","value":"î€‡"},{"type":"pause","duration":10},{"type":"keyUp","value":"î€‡"}]}]}
COMMAND: GET /session/36177e4d45fb5698ad30062df7661002/screenshot - {}
RESULT: {}
COMMAND: POST /session/36177e4d45fb5698ad30062df7661002/execute/sync - {"script":"<script> [276 bytes]","args":["No pricing information was found"]}
RESULT: {"script":"<script> [276 bytes]","args":["No pricing information was found"]}
COMMAND: POST /session/36177e4d45fb5698ad30062df7661002/element - {"using":"xpath","value":"(//button[@data-kt=\"saveButton\"])[2]"}
COMMAND: GET /session/36177e4d45fb5698ad30062df7661002/screenshot - {}
RESULT: {"using":"xpath","value":"(//button[@data-kt=\"saveButton\"])[2]"}
COMMAND: POST /session/36177e4d45fb5698ad30062df7661002/element/f.165F0B9F83AB8D5533DBC2556707DBA6.d.B95726F5C2F8BEC3628B49CD29F5B84D.e.5460/click - {}
RESULT: {}
RESULT: {}
COMMAND: GET /session/36177e4d45fb5698ad30062df7661002/screenshot - {}
RESULT: {}
COMMAND: POST /session/36177e4d45fb5698ad30062df7661002/execute/sync - {"script":"<script> [276 bytes]","args":["Some contract items are having rental validity exceeding header rental validity"]}
RESULT: {"script":"<script> [276 bytes]","args":["Some contract items are having rental validity exceeding header rental validity"]}
COMMAND: GET /session/36177e4d45fb5698ad30062df7661002/screenshot - {}
RESULT: {}
COMMAND: POST /session/36177e4d45fb5698ad30062df7661002/element - {"using":"xpath","value":"//span[contains(@id ,\"contractItemsSmartTable-header-inner\")]"}
RESULT: {"using":"xpath","value":"//span[contains(@id ,\"contractItemsSmartTable-header-inner\")]"}
COMMAND: POST /session/36177e4d45fb5698ad30062df7661002/elements - {"using":"xpath","value":"//span[contains(@id ,\"contractItemsSmartTable-header-inner\")]"}
RESULT: {"using":"xpath","value":"//span[contains(@id ,\"contractItemsSmartTable-header-inner\")]"}
COMMAND: POST /session/36177e4d45fb5698ad30062df7661002/execute/sync - {"script":"<script> [56 bytes]","args":[{"element-6066-11e4-a52e-4f735466cecf":"f.165F0B9F83AB8D5533DBC2556707DBA6.d.B95726F5C2F8BEC3628B49CD29F5B84D.e.5466","ELEMENT":"f.165F0B9F83AB8D5533DBC2556707DBA6.d.B95726F5C2F8BEC3628B49CD29F5B84D.e.5466"}]}
RESULT: {"script":"<script> [56 bytes]","args":[{"element-6066-11e4-a52e-4f735466cecf":"f.165F0B9F83AB8D5533DBC2556707DBA6.d.B95726F5C2F8BEC3628B49CD29F5B84D.e.5466","ELEMENT":"f.165F0B9F83AB8D5533DBC2556707DBA6.d.B95726F5C2F8BEC3628B49CD29F5B84D.e.5466"}]}
COMMAND: GET /session/36177e4d45fb5698ad30062df7661002/screenshot - {}
]]></system-out>
    </testcase>
    <testcase classname="chrome.136_0_7103_93.windows.Billing_confirm_US117289" name="Should do a provide to site handover" time="70.314">
      <system-out><![CDATA[
COMMAND: POST /session/36177e4d45fb5698ad30062df7661002/element - {"using":"xpath","value":"//button[@data-kt=\"provideButton\"]"}
RESULT: {"using":"xpath","value":"//button[@data-kt=\"provideButton\"]"}
COMMAND: POST /session/36177e4d45fb5698ad30062df7661002/element/f.165F0B9F83AB8D5533DBC2556707DBA6.d.B95726F5C2F8BEC3628B49CD29F5B84D.e.5467/click - {}
RESULT: {}
RESULT: {}
COMMAND: GET /session/36177e4d45fb5698ad30062df7661002/screenshot - {}
RESULT: {}
RESULT: undefined
COMMAND: POST /session/36177e4d45fb5698ad30062df7661002/execute/async - {"script":"<script> [6424 bytes]","args":[{"element-6066-11e4-a52e-4f735466cecf":"f.165F0B9F83AB8D5533DBC2556707DBA6.d.B95726F5C2F8BEC3628B49CD29F5B84D.e.4464"},"setValue",["5/16/25"]]}
COMMAND: POST /session/36177e4d45fb5698ad30062df7661002/execute/async - {"script":"<script> [1562 bytes]","args":[{"selector":{"id":"application-managehandovers-display-component---AddNewHO--dueDate","interaction":{"idSuffix":"inner"}},"wdio_ui5_key":"applicationmanagehandovers-display-component---AddNewHO--dueDate"}]}
RESULT: {"script":"<script> [1562 bytes]","args":[{"selector":{"id":"application-managehandovers-display-component---AddNewHO--dueDate","interaction":{"idSuffix":"inner"}},"wdio_ui5_key":"applicationmanagehandovers-display-component---AddNewHO--dueDate"}]}
COMMAND: POST /session/36177e4d45fb5698ad30062df7661002/execute/async - {"script":"<script> [6424 bytes]","args":[{"element-6066-11e4-a52e-4f735466cecf":"f.165F0B9F83AB8D5533DBC2556707DBA6.d.B95726F5C2F8BEC3628B49CD29F5B84D.e.5473"},"setValue",["5/16/25"]]}
RESULT: {"script":"<script> [6424 bytes]","args":[{"element-6066-11e4-a52e-4f735466cecf":"f.165F0B9F83AB8D5533DBC2556707DBA6.d.B95726F5C2F8BEC3628B49CD29F5B84D.e.5473"},"setValue",["5/16/25"]]}
COMMAND: POST /session/36177e4d45fb5698ad30062df7661002/element - {"using":"xpath","value":"//bdi[contains(text(), \"Instructions\")]"}
RESULT: {"using":"xpath","value":"//bdi[contains(text(), \"Instructions\")]"}
COMMAND: POST /session/36177e4d45fb5698ad30062df7661002/element/f.165F0B9F83AB8D5533DBC2556707DBA6.d.B95726F5C2F8BEC3628B49CD29F5B84D.e.5751/click - {}
RESULT: {}
COMMAND: GET /session/36177e4d45fb5698ad30062df7661002/screenshot - {}
RESULT: {}
COMMAND: POST /session/36177e4d45fb5698ad30062df7661002/element - {"using":"xpath","value":"//button[@data-kt=\"AddNewHOProvideAddItemsButton\"]"}
RESULT: {"using":"xpath","value":"//button[@data-kt=\"AddNewHOProvideAddItemsButton\"]"}
COMMAND: POST /session/36177e4d45fb5698ad30062df7661002/element/f.165F0B9F83AB8D5533DBC2556707DBA6.d.B95726F5C2F8BEC3628B49CD29F5B84D.e.5755/click - {}
RESULT: {}
COMMAND: GET /session/36177e4d45fb5698ad30062df7661002/screenshot - {}
RESULT: {}
RESULT: undefined
COMMAND: POST /session/36177e4d45fb5698ad30062df7661002/element - {"using":"xpath","value":"//*[@id=\"application-managehandovers-display-component---AddNewHO--popup-sa\"]"}
RESULT: {"using":"xpath","value":"//*[@id=\"application-managehandovers-display-component---AddNewHO--popup-sa\"]"}
COMMAND: POST /session/36177e4d45fb5698ad30062df7661002/element/f.165F0B9F83AB8D5533DBC2556707DBA6.d.B95726F5C2F8BEC3628B49CD29F5B84D.e.5770/click - {}
RESULT: {}
COMMAND: GET /session/36177e4d45fb5698ad30062df7661002/screenshot - {}
RESULT: {}
COMMAND: POST /session/36177e4d45fb5698ad30062df7661002/element - {"using":"xpath","value":"//*[contains(@id ,\"BDI-content\")][contains(text(), \"Select\")]"}
RESULT: {"using":"xpath","value":"//*[contains(@id ,\"BDI-content\")][contains(text(), \"Select\")]"}
COMMAND: POST /session/36177e4d45fb5698ad30062df7661002/element/f.165F0B9F83AB8D5533DBC2556707DBA6.d.B95726F5C2F8BEC3628B49CD29F5B84D.e.5772/click - {}
RESULT: {}
COMMAND: GET /session/36177e4d45fb5698ad30062df7661002/screenshot - {}
RESULT: {}
COMMAND: POST /session/36177e4d45fb5698ad30062df7661002/execute/async - {"script":"<script> [1562 bytes]","args":[{"selector":{"id":"application-managehandovers-display-component---AddNewHO--confirmCreationButton","interaction":{"idSuffix":"BDI-content"}},"wdio_ui5_key":"applicationmanagehandovers-display-component---AddNewHO--confirmCreationButton"}]}
RESULT: {"script":"<script> [1562 bytes]","args":[{"selector":{"id":"application-managehandovers-display-component---AddNewHO--confirmCreationButton","interaction":{"idSuffix":"BDI-content"}},"wdio_ui5_key":"applicationmanagehandovers-display-component---AddNewHO--confirmCreationButton"}]}
RESULT: undefined
COMMAND: POST /session/36177e4d45fb5698ad30062df7661002/element - {"using":"xpath","value":"//*[@id=\"application-managehandovers-display-component---AddNewHO--confirmCreationButton\"]"}
RESULT: {"using":"xpath","value":"//*[@id=\"application-managehandovers-display-component---AddNewHO--confirmCreationButton\"]"}
COMMAND: POST /session/36177e4d45fb5698ad30062df7661002/element/f.165F0B9F83AB8D5533DBC2556707DBA6.d.B95726F5C2F8BEC3628B49CD29F5B84D.e.5543/click - {}
RESULT: {}
COMMAND: GET /session/36177e4d45fb5698ad30062df7661002/screenshot - {}
RESULT: {}
COMMAND: POST /session/36177e4d45fb5698ad30062df7661002/execute/async - {"script":"<script> [1562 bytes]","args":[{"selector":{"id":"issueDatePicker","viewName":"etm.portal.ui.managehandovers.view.DetailExecuteHO","interaction":{"idSuffix":"inner"}},"wdio_ui5_key":"issueDatePickeretmportal.ui.managehandovers.view.DetailExecuteHO"}]}
RESULT: {"script":"<script> [1562 bytes]","args":[{"selector":{"id":"issueDatePicker","viewName":"etm.portal.ui.managehandovers.view.DetailExecuteHO","interaction":{"idSuffix":"inner"}},"wdio_ui5_key":"issueDatePickeretmportal.ui.managehandovers.view.DetailExecuteHO"}]}
RESULT: undefined
COMMAND: POST /session/36177e4d45fb5698ad30062df7661002/execute/async - {"script":"<script> [776 bytes]","args":[{"enterText":"5/16/25","selector":{"id":"issueDatePicker","viewName":"etm.portal.ui.managehandovers.view.DetailExecuteHO","interaction":{"idSuffix":"inner"}},"clearTextFirst":true,"interactionType":"ENTER_TEXT"}]}
RESULT: {"script":"<script> [776 bytes]","args":[{"enterText":"5/16/25","selector":{"id":"issueDatePicker","viewName":"etm.portal.ui.managehandovers.view.DetailExecuteHO","interaction":{"idSuffix":"inner"}},"clearTextFirst":true,"interactionType":"ENTER_TEXT"}]}
COMMAND: POST /session/36177e4d45fb5698ad30062df7661002/element - {"using":"xpath","value":"//bdi[contains(text(), \"OK\")]"}
RESULT: {"using":"xpath","value":"//bdi[contains(text(), \"OK\")]"}
COMMAND: POST /session/36177e4d45fb5698ad30062df7661002/element/f.165F0B9F83AB8D5533DBC2556707DBA6.d.B95726F5C2F8BEC3628B49CD29F5B84D.e.5822/click - {}
RESULT: {}
COMMAND: GET /session/36177e4d45fb5698ad30062df7661002/screenshot - {}
RESULT: {}
COMMAND: POST /session/36177e4d45fb5698ad30062df7661002/element - {"using":"xpath","value":"//button[@data-kt=\"PickingTableConfirmAllButton\"]"}
RESULT: {"using":"xpath","value":"//button[@data-kt=\"PickingTableConfirmAllButton\"]"}
COMMAND: POST /session/36177e4d45fb5698ad30062df7661002/element/f.165F0B9F83AB8D5533DBC2556707DBA6.d.B95726F5C2F8BEC3628B49CD29F5B84D.e.5829/click - {}
RESULT: {}
COMMAND: GET /session/36177e4d45fb5698ad30062df7661002/screenshot - {}
RESULT: {}
COMMAND: POST /session/36177e4d45fb5698ad30062df7661002/element - {"using":"xpath","value":"//bdi[contains(text(), \"OK\")]"}
RESULT: {"using":"xpath","value":"//bdi[contains(text(), \"OK\")]"}
COMMAND: POST /session/36177e4d45fb5698ad30062df7661002/element/f.165F0B9F83AB8D5533DBC2556707DBA6.d.B95726F5C2F8BEC3628B49CD29F5B84D.e.5833/click - {}
RESULT: {}
COMMAND: GET /session/36177e4d45fb5698ad30062df7661002/screenshot - {}
RESULT: {}
COMMAND: POST /session/36177e4d45fb5698ad30062df7661002/element - {"using":"xpath","value":"//bdi[contains(text(), \"Issue\")]"}
RESULT: {"using":"xpath","value":"//bdi[contains(text(), \"Issue\")]"}
COMMAND: POST /session/36177e4d45fb5698ad30062df7661002/element/f.165F0B9F83AB8D5533DBC2556707DBA6.d.B95726F5C2F8BEC3628B49CD29F5B84D.e.5834/click - {}
RESULT: {}
COMMAND: GET /session/36177e4d45fb5698ad30062df7661002/screenshot - {}
RESULT: {}
COMMAND: POST /session/36177e4d45fb5698ad30062df7661002/element - {"using":"css selector","value":"#shell-header-logo"}
RESULT: {"using":"css selector","value":"#shell-header-logo"}
COMMAND: POST /session/36177e4d45fb5698ad30062df7661002/element/f.165F0B9F83AB8D5533DBC2556707DBA6.d.B95726F5C2F8BEC3628B49CD29F5B84D.e.4858/click - {}
RESULT: {}
COMMAND: GET /session/36177e4d45fb5698ad30062df7661002/screenshot - {}
RESULT: {}
]]></system-out>
    </testcase>
    <testcase classname="chrome.136_0_7103_93.windows.Billing_confirm_US117289" name="Should trigger calculation" time="84.211">
      <system-out><![CDATA[
COMMAND: POST /session/36177e4d45fb5698ad30062df7661002/execute/async - {"script":"<script> [1562 bytes]","args":[{"selector":{"controlType":"sap.m.GenericTile","properties":{"header":"Manage Billings"}},"wdio_ui5_key":"sapm.GenericTile{\"header\":\"Manage Billings\"}"}]}
RESULT: {"script":"<script> [1562 bytes]","args":[{"selector":{"controlType":"sap.m.GenericTile","properties":{"header":"Manage Billings"}},"wdio_ui5_key":"sapm.GenericTile{\"header\":\"Manage Billings\"}"}]}
RESULT: undefined
COMMAND: POST /session/36177e4d45fb5698ad30062df7661002/element - {"using":"xpath","value":"//*[@id=\"__tile91\"]"}
RESULT: {"using":"xpath","value":"//*[@id=\"__tile91\"]"}
COMMAND: POST /session/36177e4d45fb5698ad30062df7661002/element/f.165F0B9F83AB8D5533DBC2556707DBA6.d.B95726F5C2F8BEC3628B49CD29F5B84D.e.2874/click - {}
RESULT: {}
COMMAND: GET /session/36177e4d45fb5698ad30062df7661002/screenshot - {}
RESULT: {}
COMMAND: POST /session/36177e4d45fb5698ad30062df7661002/elements - {"using":"xpath","value":"//span[text()='Error']"}
RESULT: {"using":"xpath","value":"//span[text()='Error']"}
COMMAND: POST /session/36177e4d45fb5698ad30062df7661002/execute/async - {"script":"<script> [1562 bytes]","args":[{"selector":{"id":"application-managebillings-display-component---billRunCalcResult--smartFilterBar-btnBasicSearch","interaction":{"idSuffix":"I"}},"wdio_ui5_key":"applicationmanagebillings-display-component---billRunCalcResult--smartFilterBar-btnBasicSearch"}]}
RESULT: {"script":"<script> [1562 bytes]","args":[{"selector":{"id":"application-managebillings-display-component---billRunCalcResult--smartFilterBar-btnBasicSearch","interaction":{"idSuffix":"I"}},"wdio_ui5_key":"applicationmanagebillings-display-component---billRunCalcResult--smartFilterBar-btnBasicSearch"}]}
RESULT: undefined
COMMAND: POST /session/36177e4d45fb5698ad30062df7661002/execute/async - {"script":"<script> [776 bytes]","args":[{"enterText":"10285","selector":{"id":"application-managebillings-display-component---billRunCalcResult--smartFilterBar-btnBasicSearch","interaction":{"idSuffix":"I"}},"clearTextFirst":true,"interactionType":"ENTER_TEXT"}]}
RESULT: {"script":"<script> [776 bytes]","args":[{"enterText":"10285","selector":{"id":"application-managebillings-display-component---billRunCalcResult--smartFilterBar-btnBasicSearch","interaction":{"idSuffix":"I"}},"clearTextFirst":true,"interactionType":"ENTER_TEXT"}]}
COMMAND: POST /session/36177e4d45fb5698ad30062df7661002/actions - {"actions":[{"id":"action20","type":"key","parameters":{},"actions":[{"type":"keyDown","value":"î€‡"},{"type":"pause","duration":10},{"type":"keyUp","value":"î€‡"}]}]}
RESULT: {"actions":[{"id":"action20","type":"key","parameters":{},"actions":[{"type":"keyDown","value":"î€‡"},{"type":"pause","duration":10},{"type":"keyUp","value":"î€‡"}]}]}
COMMAND: GET /session/36177e4d45fb5698ad30062df7661002/screenshot - {}
RESULT: {}
COMMAND: POST /session/36177e4d45fb5698ad30062df7661002/element - {"using":"xpath","value":"//td[@aria-colindex=\"1\"]/div/div[contains(@class, \"sapMCbBg\")]"}
RESULT: {"using":"xpath","value":"//td[@aria-colindex=\"1\"]/div/div[contains(@class, \"sapMCbBg\")]"}
COMMAND: POST /session/36177e4d45fb5698ad30062df7661002/element/f.165F0B9F83AB8D5533DBC2556707DBA6.d.B95726F5C2F8BEC3628B49CD29F5B84D.e.6260/click - {}
RESULT: {}
COMMAND: GET /session/36177e4d45fb5698ad30062df7661002/screenshot - {}
RESULT: {}
COMMAND: POST /session/36177e4d45fb5698ad30062df7661002/execute/async - {"script":"<script> [1562 bytes]","args":[{"selector":{"id":"application-managebillings-display-component---billRunCalcResult--contractBillRunDate","interaction":{"idSuffix":"inner"}},"wdio_ui5_key":"applicationmanagebillings-display-component---billRunCalcResult--contractBillRunDate"}]}
RESULT: {"script":"<script> [1562 bytes]","args":[{"selector":{"id":"application-managebillings-display-component---billRunCalcResult--contractBillRunDate","interaction":{"idSuffix":"inner"}},"wdio_ui5_key":"applicationmanagebillings-display-component---billRunCalcResult--contractBillRunDate"}]}
RESULT: undefined
COMMAND: POST /session/36177e4d45fb5698ad30062df7661002/execute/async - {"script":"<script> [776 bytes]","args":[{"enterText":"6/16/25","selector":{"id":"application-managebillings-display-component---billRunCalcResult--contractBillRunDate","interaction":{"idSuffix":"inner"}},"clearTextFirst":true,"interactionType":"ENTER_TEXT"}]}
RESULT: {"script":"<script> [776 bytes]","args":[{"enterText":"6/16/25","selector":{"id":"application-managebillings-display-component---billRunCalcResult--contractBillRunDate","interaction":{"idSuffix":"inner"}},"clearTextFirst":true,"interactionType":"ENTER_TEXT"}]}
COMMAND: POST /session/36177e4d45fb5698ad30062df7661002/element - {"using":"xpath","value":"//bdi[contains(text(), \"Trigger Calculation\")]"}
RESULT: {"using":"xpath","value":"//bdi[contains(text(), \"Trigger Calculation\")]"}
COMMAND: POST /session/36177e4d45fb5698ad30062df7661002/element/f.165F0B9F83AB8D5533DBC2556707DBA6.d.B95726F5C2F8BEC3628B49CD29F5B84D.e.6281/click - {}
RESULT: {}
COMMAND: GET /session/36177e4d45fb5698ad30062df7661002/screenshot - {}
RESULT: {}
COMMAND: POST /session/36177e4d45fb5698ad30062df7661002/element - {"using":"xpath","value":"(//span[contains(@id, \"imgNav\")])[1]"}
RESULT: {"using":"xpath","value":"(//span[contains(@id, \"imgNav\")])[1]"}
COMMAND: POST /session/36177e4d45fb5698ad30062df7661002/element/f.165F0B9F83AB8D5533DBC2556707DBA6.d.B95726F5C2F8BEC3628B49CD29F5B84D.e.6274/click - {}
RESULT: {}
COMMAND: GET /session/36177e4d45fb5698ad30062df7661002/screenshot - {}
RESULT: {}
COMMAND: POST /session/36177e4d45fb5698ad30062df7661002/element - {"using":"xpath","value":"//tr/td[6]/div[1]/span[1]/span[1]"}
RESULT: {"using":"xpath","value":"//tr/td[6]/div[1]/span[1]/span[1]"}
COMMAND: GET /session/36177e4d45fb5698ad30062df7661002/element/f.165F0B9F83AB8D5533DBC2556707DBA6.d.B95726F5C2F8BEC3628B49CD29F5B84D.e.6286/text - {}
RESULT: {}
COMMAND: POST /session/36177e4d45fb5698ad30062df7661002/element - {"using":"xpath","value":"(//span[contains(@id, \"imgNav\")])[2]"}
RESULT: {"using":"xpath","value":"(//span[contains(@id, \"imgNav\")])[2]"}
COMMAND: POST /session/36177e4d45fb5698ad30062df7661002/element/f.165F0B9F83AB8D5533DBC2556707DBA6.d.B95726F5C2F8BEC3628B49CD29F5B84D.e.6287/click - {}
RESULT: {}
COMMAND: GET /session/36177e4d45fb5698ad30062df7661002/screenshot - {}
RESULT: {}
COMMAND: POST /session/36177e4d45fb5698ad30062df7661002/element - {"using":"xpath","value":"//bdi[contains(text(), \"Business Confirm\")]"}
RESULT: {"using":"xpath","value":"//bdi[contains(text(), \"Business Confirm\")]"}
COMMAND: POST /session/36177e4d45fb5698ad30062df7661002/element/f.165F0B9F83AB8D5533DBC2556707DBA6.d.B95726F5C2F8BEC3628B49CD29F5B84D.e.6359/click - {}
RESULT: {}
COMMAND: GET /session/36177e4d45fb5698ad30062df7661002/screenshot - {}
RESULT: {}
COMMAND: POST /session/36177e4d45fb5698ad30062df7661002/element - {"using":"xpath","value":"//bdi[contains(text(), \"Business Confirmed\")]"}
RESULT: {"using":"xpath","value":"//bdi[contains(text(), \"Business Confirmed\")]"}
COMMAND: POST /session/36177e4d45fb5698ad30062df7661002/execute/sync - {"script":"<script> [56 bytes]","args":[{"element-6066-11e4-a52e-4f735466cecf":"f.165F0B9F83AB8D5533DBC2556707DBA6.d.B95726F5C2F8BEC3628B49CD29F5B84D.e.6359","ELEMENT":"f.165F0B9F83AB8D5533DBC2556707DBA6.d.B95726F5C2F8BEC3628B49CD29F5B84D.e.6359"}]}
RESULT: {"script":"<script> [56 bytes]","args":[{"element-6066-11e4-a52e-4f735466cecf":"f.165F0B9F83AB8D5533DBC2556707DBA6.d.B95726F5C2F8BEC3628B49CD29F5B84D.e.6359","ELEMENT":"f.165F0B9F83AB8D5533DBC2556707DBA6.d.B95726F5C2F8BEC3628B49CD29F5B84D.e.6359"}]}
COMMAND: POST /session/36177e4d45fb5698ad30062df7661002/element - {"using":"css selector","value":"#shell-header-logo"}
COMMAND: GET /session/36177e4d45fb5698ad30062df7661002/screenshot - {}
RESULT: {"using":"css selector","value":"#shell-header-logo"}
COMMAND: POST /session/36177e4d45fb5698ad30062df7661002/element/f.165F0B9F83AB8D5533DBC2556707DBA6.d.B95726F5C2F8BEC3628B49CD29F5B84D.e.6014/click - {}
RESULT: {}
RESULT: {}
COMMAND: GET /session/36177e4d45fb5698ad30062df7661002/screenshot - {}
RESULT: {}
COMMAND: POST /session/36177e4d45fb5698ad30062df7661002/element - {"using":"css selector","value":"#j_username"}
COMMAND: POST /session/36177e4d45fb5698ad30062df7661002/url - {"url":"https://qa-testing-00-live-etm-ui.cfapps.eu10-004.hana.ondemand.com/"}
RESULT: {"using":"css selector","value":"#j_username"}
COMMAND: POST /session/36177e4d45fb5698ad30062df7661002/element - {"using":"css selector","value":"#j_username"}
RESULT: {"url":"https://qa-testing-00-live-etm-ui.cfapps.eu10-004.hana.ondemand.com/"}
RESULT: undefined
COMMAND: GET /session/36177e4d45fb5698ad30062df7661002/screenshot - {}
RESULT: {"using":"css selector","value":"#j_username"}
COMMAND: POST /session/36177e4d45fb5698ad30062df7661002/element - {"using":"css selector","value":"#shell-header-logo"}
RESULT: {}
RESULT: {"using":"css selector","value":"#shell-header-logo"}
COMMAND: POST /session/36177e4d45fb5698ad30062df7661002/execute/sync - {"script":"<script> [8489 bytes]","args":[{"element-6066-11e4-a52e-4f735466cecf":"f.165F0B9F83AB8D5533DBC2556707DBA6.d.2243531F77D163CE5E9922F0FE685DA0.e.6376","ELEMENT":"f.165F0B9F83AB8D5533DBC2556707DBA6.d.2243531F77D163CE5E9922F0FE685DA0.e.6376"}]}
RESULT: {"script":"<script> [8489 bytes]","args":[{"element-6066-11e4-a52e-4f735466cecf":"f.165F0B9F83AB8D5533DBC2556707DBA6.d.2243531F77D163CE5E9922F0FE685DA0.e.6376","ELEMENT":"f.165F0B9F83AB8D5533DBC2556707DBA6.d.2243531F77D163CE5E9922F0FE685DA0.e.6376"}]}
COMMAND: POST /session/36177e4d45fb5698ad30062df7661002/element - {"using":"css selector","value":"#shell-header-logo"}
COMMAND: GET /session/36177e4d45fb5698ad30062df7661002/screenshot - {}
RESULT: {"using":"css selector","value":"#shell-header-logo"}
COMMAND: POST /session/36177e4d45fb5698ad30062df7661002/execute/sync - {"script":"<script> [8489 bytes]","args":[{"element-6066-11e4-a52e-4f735466cecf":"f.165F0B9F83AB8D5533DBC2556707DBA6.d.2243531F77D163CE5E9922F0FE685DA0.e.6376","ELEMENT":"f.165F0B9F83AB8D5533DBC2556707DBA6.d.2243531F77D163CE5E9922F0FE685DA0.e.6376"}]}
RESULT: {}
RESULT: {"script":"<script> [8489 bytes]","args":[{"element-6066-11e4-a52e-4f735466cecf":"f.165F0B9F83AB8D5533DBC2556707DBA6.d.2243531F77D163CE5E9922F0FE685DA0.e.6376","ELEMENT":"f.165F0B9F83AB8D5533DBC2556707DBA6.d.2243531F77D163CE5E9922F0FE685DA0.e.6376"}]}
COMMAND: POST /session/36177e4d45fb5698ad30062df7661002/execute/sync - {"script":"<script> [5351 bytes]","args":[{"element-6066-11e4-a52e-4f735466cecf":"f.165F0B9F83AB8D5533DBC2556707DBA6.d.2243531F77D163CE5E9922F0FE685DA0.e.6376","ELEMENT":"f.165F0B9F83AB8D5533DBC2556707DBA6.d.2243531F77D163CE5E9922F0FE685DA0.e.6376"}]}
COMMAND: GET /session/36177e4d45fb5698ad30062df7661002/screenshot - {}
RESULT: {"script":"<script> [5351 bytes]","args":[{"element-6066-11e4-a52e-4f735466cecf":"f.165F0B9F83AB8D5533DBC2556707DBA6.d.2243531F77D163CE5E9922F0FE685DA0.e.6376","ELEMENT":"f.165F0B9F83AB8D5533DBC2556707DBA6.d.2243531F77D163CE5E9922F0FE685DA0.e.6376"}]}
COMMAND: POST /session/36177e4d45fb5698ad30062df7661002/element - {"using":"css selector","value":"#shell-header-logo"}
COMMAND: GET /session/36177e4d45fb5698ad30062df7661002/screenshot - {}
RESULT: {}
RESULT: {"using":"css selector","value":"#shell-header-logo"}
COMMAND: POST /session/36177e4d45fb5698ad30062df7661002/element/f.165F0B9F83AB8D5533DBC2556707DBA6.d.2243531F77D163CE5E9922F0FE685DA0.e.6376/click - {}
RESULT: {}
RESULT: {}
COMMAND: GET /session/36177e4d45fb5698ad30062df7661002/screenshot - {}
RESULT: {}
COMMAND: POST /session/36177e4d45fb5698ad30062df7661002/execute/async - {"script":"<script> [189 bytes]","args":[]}
RESULT: {"script":"<script> [189 bytes]","args":[]}
COMMAND: POST /session/36177e4d45fb5698ad30062df7661002/execute/async - {"script":"<script> [123 bytes]","args":[]}
RESULT: {"script":"<script> [123 bytes]","args":[]}
COMMAND: POST /session/36177e4d45fb5698ad30062df7661002/timeouts - {"script":"<number>"}
RESULT: {"script":"<number>"}
COMMAND: GET /session/36177e4d45fb5698ad30062df7661002/timeouts - {}
RESULT: {}
RESULT: undefined
COMMAND: POST /session/36177e4d45fb5698ad30062df7661002/execute/async - {"script":"<script> [2676 bytes]","args":[]}
RESULT: {"script":"<script> [2676 bytes]","args":[]}
COMMAND: POST /session/36177e4d45fb5698ad30062df7661002/execute/async - {"script":"<script> [2342 bytes]","args":[{"protocol":"http","hostname":"0.0.0.0","path":"/","capabilities":{"browserName":"chrome","goog:chromeOptions":{"binary":"C:\\Program Files\\Google\\Chrome\\Application\\chrome.exe","args":["--start-maximized"]}},"logLevel":"warn","connectionRetryTimeout":120000,"connectionRetryCount":3,"logLevels":{},"enableDirectConnect":true,"strictSSL":true,"_":"65 more keys: [\"cacheDir\",\"port\",\"requestedCapabilities\",\"automationProtocol\",\"baseUrl\",\"waitforInterval\",\"waitforTimeout\",\"onReload\",\"beforeCommand\",\"afterCommand\",\"rootDir\",\"specs\",\"suites\",\"exclude\",\"groupLogsByTestSpec\",\"excludeDriverLogs\",\"bail\",\"framework\",\"reporters\",\"services\",\"maxInstances\",\"maxInstancesPerCapability\",\"injectGlobals\",\"filesToWatch\",\"execArgv\",\"runnerEnv\",\"runner\",\"shard\",\"specFileRetries\",\"specFileRetriesDelay\",\"specFileRetriesDeferred\",\"reporterSyncInterval\",\"reporterSyncTimeout\",\"cucumberFeaturesWithLineNumbers\",\"autoCompileOpts\",\"mochaOpts\",\"jasmineOpts\",\"cucumberOpts\",\"onPrepare\",\"onWorkerStart\",\"onWorkerEnd\",\"before\",\"beforeSession\",\"beforeSuite\",\"beforeHook\",\"beforeTest\",\"afterTest\",\"afterHook\",\"afterSuite\",\"afterSession\",\"after\",\"onComplete\",\"beforeAssertion\",\"afterAssertion\",\"beforeFeature\",\"beforeScenario\",\"beforeStep\",\"afterStep\",\"afterScenario\",\"afterFeature\",\"_\",\"suite\",\"$0\",\"ignoredWorkerServices\",\"wdi5\"]"}]}
RESULT: {"script":"<script> [2342 bytes]","args":[{"protocol":"http","hostname":"0.0.0.0","path":"/","capabilities":{"browserName":"chrome","goog:chromeOptions":{"binary":"C:\\Program Files\\Google\\Chrome\\Application\\chrome.exe","args":["--start-maximized"]}},"logLevel":"warn","connectionRetryTimeout":120000,"connectionRetryCount":3,"logLevels":{},"enableDirectConnect":true,"strictSSL":true,"_":"65 more keys: [\"cacheDir\",\"port\",\"requestedCapabilities\",\"automationProtocol\",\"baseUrl\",\"waitforInterval\",\"waitforTimeout\",\"onReload\",\"beforeCommand\",\"afterCommand\",\"rootDir\",\"specs\",\"suites\",\"exclude\",\"groupLogsByTestSpec\",\"excludeDriverLogs\",\"bail\",\"framework\",\"reporters\",\"services\",\"maxInstances\",\"maxInstancesPerCapability\",\"injectGlobals\",\"filesToWatch\",\"execArgv\",\"runnerEnv\",\"runner\",\"shard\",\"specFileRetries\",\"specFileRetriesDelay\",\"specFileRetriesDeferred\",\"reporterSyncInterval\",\"reporterSyncTimeout\",\"cucumberFeaturesWithLineNumbers\",\"autoCompileOpts\",\"mochaOpts\",\"jasmineOpts\",\"cucumberOpts\",\"onPrepare\",\"onWorkerStart\",\"onWorkerEnd\",\"before\",\"beforeSession\",\"beforeSuite\",\"beforeHook\",\"beforeTest\",\"afterTest\",\"afterHook\",\"afterSuite\",\"afterSession\",\"after\",\"onComplete\",\"beforeAssertion\",\"afterAssertion\",\"beforeFeature\",\"beforeScenario\",\"beforeStep\",\"afterStep\",\"afterScenario\",\"afterFeature\",\"_\",\"suite\",\"$0\",\"ignoredWorkerServices\",\"wdi5\"]"}]}
COMMAND: POST /session/36177e4d45fb5698ad30062df7661002/execute/async - {"script":"<script> [21126 bytes]","args":[35000]}
RESULT: {"script":"<script> [21126 bytes]","args":[35000]}
COMMAND: POST /session/36177e4d45fb5698ad30062df7661002/window/maximize - {}
RESULT: {}
COMMAND: POST /session/36177e4d45fb5698ad30062df7661002/execute/async - {"script":"<script> [1562 bytes]","args":[{"selector":{"id":"shell-header","interaction":{"idSuffix":"icon"}},"wdio_ui5_key":"shellheader"}]}
COMMAND: GET /session/36177e4d45fb5698ad30062df7661002/screenshot - {}
RESULT: {"script":"<script> [1562 bytes]","args":[{"selector":{"id":"shell-header","interaction":{"idSuffix":"icon"}},"wdio_ui5_key":"shellheader"}]}
RESULT: undefined
COMMAND: POST /session/36177e4d45fb5698ad30062df7661002/refresh - {}
RESULT: {}
RESULT: {}
COMMAND: GET /session/36177e4d45fb5698ad30062df7661002/screenshot - {}
RESULT: {}
COMMAND: POST /session/36177e4d45fb5698ad30062df7661002/refresh - {}
RESULT: {}
COMMAND: GET /session/36177e4d45fb5698ad30062df7661002/screenshot - {}
RESULT: {}
COMMAND: POST /session/36177e4d45fb5698ad30062df7661002/window/fullscreen - {}
RESULT: {}
COMMAND: POST /session/36177e4d45fb5698ad30062df7661002/execute/async - {"script":"<script> [189 bytes]","args":[]}
RESULT: {"script":"<script> [189 bytes]","args":[]}
COMMAND: POST /session/36177e4d45fb5698ad30062df7661002/execute/async - {"script":"<script> [123 bytes]","args":[]}
RESULT: {"script":"<script> [123 bytes]","args":[]}
COMMAND: POST /session/36177e4d45fb5698ad30062df7661002/timeouts - {"script":"<number>"}
RESULT: {"script":"<number>"}
COMMAND: GET /session/36177e4d45fb5698ad30062df7661002/timeouts - {}
RESULT: {}
RESULT: undefined
COMMAND: POST /session/36177e4d45fb5698ad30062df7661002/execute/async - {"script":"<script> [2676 bytes]","args":[]}
RESULT: {"script":"<script> [2676 bytes]","args":[]}
COMMAND: POST /session/36177e4d45fb5698ad30062df7661002/execute/async - {"script":"<script> [2342 bytes]","args":[{"protocol":"http","hostname":"0.0.0.0","path":"/","capabilities":{"browserName":"chrome","goog:chromeOptions":{"binary":"C:\\Program Files\\Google\\Chrome\\Application\\chrome.exe","args":["--start-maximized"]}},"logLevel":"warn","connectionRetryTimeout":120000,"connectionRetryCount":3,"logLevels":{},"enableDirectConnect":true,"strictSSL":true,"_":"65 more keys: [\"cacheDir\",\"port\",\"requestedCapabilities\",\"automationProtocol\",\"baseUrl\",\"waitforInterval\",\"waitforTimeout\",\"onReload\",\"beforeCommand\",\"afterCommand\",\"rootDir\",\"specs\",\"suites\",\"exclude\",\"groupLogsByTestSpec\",\"excludeDriverLogs\",\"bail\",\"framework\",\"reporters\",\"services\",\"maxInstances\",\"maxInstancesPerCapability\",\"injectGlobals\",\"filesToWatch\",\"execArgv\",\"runnerEnv\",\"runner\",\"shard\",\"specFileRetries\",\"specFileRetriesDelay\",\"specFileRetriesDeferred\",\"reporterSyncInterval\",\"reporterSyncTimeout\",\"cucumberFeaturesWithLineNumbers\",\"autoCompileOpts\",\"mochaOpts\",\"jasmineOpts\",\"cucumberOpts\",\"onPrepare\",\"onWorkerStart\",\"onWorkerEnd\",\"before\",\"beforeSession\",\"beforeSuite\",\"beforeHook\",\"beforeTest\",\"afterTest\",\"afterHook\",\"afterSuite\",\"afterSession\",\"after\",\"onComplete\",\"beforeAssertion\",\"afterAssertion\",\"beforeFeature\",\"beforeScenario\",\"beforeStep\",\"afterStep\",\"afterScenario\",\"afterFeature\",\"_\",\"suite\",\"$0\",\"ignoredWorkerServices\",\"wdi5\"]"}]}
RESULT: {"script":"<script> [2342 bytes]","args":[{"protocol":"http","hostname":"0.0.0.0","path":"/","capabilities":{"browserName":"chrome","goog:chromeOptions":{"binary":"C:\\Program Files\\Google\\Chrome\\Application\\chrome.exe","args":["--start-maximized"]}},"logLevel":"warn","connectionRetryTimeout":120000,"connectionRetryCount":3,"logLevels":{},"enableDirectConnect":true,"strictSSL":true,"_":"65 more keys: [\"cacheDir\",\"port\",\"requestedCapabilities\",\"automationProtocol\",\"baseUrl\",\"waitforInterval\",\"waitforTimeout\",\"onReload\",\"beforeCommand\",\"afterCommand\",\"rootDir\",\"specs\",\"suites\",\"exclude\",\"groupLogsByTestSpec\",\"excludeDriverLogs\",\"bail\",\"framework\",\"reporters\",\"services\",\"maxInstances\",\"maxInstancesPerCapability\",\"injectGlobals\",\"filesToWatch\",\"execArgv\",\"runnerEnv\",\"runner\",\"shard\",\"specFileRetries\",\"specFileRetriesDelay\",\"specFileRetriesDeferred\",\"reporterSyncInterval\",\"reporterSyncTimeout\",\"cucumberFeaturesWithLineNumbers\",\"autoCompileOpts\",\"mochaOpts\",\"jasmineOpts\",\"cucumberOpts\",\"onPrepare\",\"onWorkerStart\",\"onWorkerEnd\",\"before\",\"beforeSession\",\"beforeSuite\",\"beforeHook\",\"beforeTest\",\"afterTest\",\"afterHook\",\"afterSuite\",\"afterSession\",\"after\",\"onComplete\",\"beforeAssertion\",\"afterAssertion\",\"beforeFeature\",\"beforeScenario\",\"beforeStep\",\"afterStep\",\"afterScenario\",\"afterFeature\",\"_\",\"suite\",\"$0\",\"ignoredWorkerServices\",\"wdi5\"]"}]}
COMMAND: POST /session/36177e4d45fb5698ad30062df7661002/execute/async - {"script":"<script> [21126 bytes]","args":[35000]}
RESULT: {"script":"<script> [21126 bytes]","args":[35000]}
]]></system-out>
    </testcase>
  </testsuite>
  <testsuite timestamp="2025-05-16T06:04:30" time="1343.166" tests="14" failures="0" errors="0" skipped="0">
    <properties>
      <property name="specId" value="0" />
      <property name="suiteName" value="Create master data for mixed billing &amp; do billing calculation US151661" />
      <property name="capabilities" value="chrome.136_0_7103_93.windows" />
      <property name="file" value="file:///D:/a/1/s/test/specs/BTS/billing-calculation-mixed.spec.js" />
    </properties>
    <testcase classname="chrome.136_0_7103_93.windows.Create_master_data_for_mixed_billing_&amp;_do_billing_calculation_US151661" name="Should create a new yard" time="126.869">
      <system-out><![CDATA[
COMMAND: POST /session/36177e4d45fb5698ad30062df7661002/window/fullscreen - {}
RESULT: {}
COMMAND: POST /session/36177e4d45fb5698ad30062df7661002/execute/async - {"script":"<script> [1562 bytes]","args":[{"selector":{"controlType":"sap.m.GenericTile","properties":{"header":"Manage Yards"}},"wdio_ui5_key":"sapm.GenericTile{\"header\":\"Manage Yards\"}"}]}
RESULT: {"script":"<script> [1562 bytes]","args":[{"selector":{"controlType":"sap.m.GenericTile","properties":{"header":"Manage Yards"}},"wdio_ui5_key":"sapm.GenericTile{\"header\":\"Manage Yards\"}"}]}
RESULT: undefined
COMMAND: POST /session/36177e4d45fb5698ad30062df7661002/element - {"using":"xpath","value":"//*[@id=\"__tile41\"]"}
RESULT: {"using":"xpath","value":"//*[@id=\"__tile41\"]"}
COMMAND: POST /session/36177e4d45fb5698ad30062df7661002/element/f.165F0B9F83AB8D5533DBC2556707DBA6.d.19AA826F96E4C286567F60F02ACDF39F.e.6548/click - {}
RESULT: {}
COMMAND: GET /session/36177e4d45fb5698ad30062df7661002/screenshot - {}
RESULT: {}
COMMAND: POST /session/36177e4d45fb5698ad30062df7661002/elements - {"using":"xpath","value":"//span[text()='Error']"}
RESULT: {"using":"xpath","value":"//span[text()='Error']"}
COMMAND: POST /session/36177e4d45fb5698ad30062df7661002/element - {"using":"xpath","value":"//button[@data-kt=\"addNewYardOverflowToolbarButton\"]"}
RESULT: {"using":"xpath","value":"//button[@data-kt=\"addNewYardOverflowToolbarButton\"]"}
COMMAND: POST /session/36177e4d45fb5698ad30062df7661002/elements - {"using":"xpath","value":"//button[@data-kt=\"addNewYardOverflowToolbarButton\"]"}
RESULT: {"using":"xpath","value":"//button[@data-kt=\"addNewYardOverflowToolbarButton\"]"}
COMMAND: POST /session/36177e4d45fb5698ad30062df7661002/elements - {"using":"xpath","value":"//button[@data-kt=\"addNewYardOverflowToolbarButton\"]"}
RESULT: {"using":"xpath","value":"//button[@data-kt=\"addNewYardOverflowToolbarButton\"]"}
COMMAND: POST /session/36177e4d45fb5698ad30062df7661002/elements - {"using":"xpath","value":"//button[@data-kt=\"addNewYardOverflowToolbarButton\"]"}
RESULT: {"using":"xpath","value":"//button[@data-kt=\"addNewYardOverflowToolbarButton\"]"}
COMMAND: POST /session/36177e4d45fb5698ad30062df7661002/elements - {"using":"xpath","value":"//button[@data-kt=\"addNewYardOverflowToolbarButton\"]"}
RESULT: {"using":"xpath","value":"//button[@data-kt=\"addNewYardOverflowToolbarButton\"]"}
COMMAND: POST /session/36177e4d45fb5698ad30062df7661002/elements - {"using":"xpath","value":"//button[@data-kt=\"addNewYardOverflowToolbarButton\"]"}
RESULT: {"using":"xpath","value":"//button[@data-kt=\"addNewYardOverflowToolbarButton\"]"}
COMMAND: POST /session/36177e4d45fb5698ad30062df7661002/elements - {"using":"xpath","value":"//button[@data-kt=\"addNewYardOverflowToolbarButton\"]"}
RESULT: {"using":"xpath","value":"//button[@data-kt=\"addNewYardOverflowToolbarButton\"]"}
COMMAND: POST /session/36177e4d45fb5698ad30062df7661002/elements - {"using":"xpath","value":"//button[@data-kt=\"addNewYardOverflowToolbarButton\"]"}
RESULT: {"using":"xpath","value":"//button[@data-kt=\"addNewYardOverflowToolbarButton\"]"}
COMMAND: POST /session/36177e4d45fb5698ad30062df7661002/elements - {"using":"xpath","value":"//button[@data-kt=\"addNewYardOverflowToolbarButton\"]"}
RESULT: {"using":"xpath","value":"//button[@data-kt=\"addNewYardOverflowToolbarButton\"]"}
COMMAND: POST /session/36177e4d45fb5698ad30062df7661002/elements - {"using":"xpath","value":"//button[@data-kt=\"addNewYardOverflowToolbarButton\"]"}
RESULT: {"using":"xpath","value":"//button[@data-kt=\"addNewYardOverflowToolbarButton\"]"}
COMMAND: POST /session/36177e4d45fb5698ad30062df7661002/elements - {"using":"xpath","value":"//button[@data-kt=\"addNewYardOverflowToolbarButton\"]"}
RESULT: {"using":"xpath","value":"//button[@data-kt=\"addNewYardOverflowToolbarButton\"]"}
COMMAND: POST /session/36177e4d45fb5698ad30062df7661002/elements - {"using":"xpath","value":"//button[@data-kt=\"addNewYardOverflowToolbarButton\"]"}
RESULT: {"using":"xpath","value":"//button[@data-kt=\"addNewYardOverflowToolbarButton\"]"}
COMMAND: POST /session/36177e4d45fb5698ad30062df7661002/elements - {"using":"xpath","value":"//button[@data-kt=\"addNewYardOverflowToolbarButton\"]"}
RESULT: {"using":"xpath","value":"//button[@data-kt=\"addNewYardOverflowToolbarButton\"]"}
COMMAND: POST /session/36177e4d45fb5698ad30062df7661002/elements - {"using":"xpath","value":"//button[@data-kt=\"addNewYardOverflowToolbarButton\"]"}
RESULT: {"using":"xpath","value":"//button[@data-kt=\"addNewYardOverflowToolbarButton\"]"}
COMMAND: POST /session/36177e4d45fb5698ad30062df7661002/elements - {"using":"xpath","value":"//button[@data-kt=\"addNewYardOverflowToolbarButton\"]"}
RESULT: {"using":"xpath","value":"//button[@data-kt=\"addNewYardOverflowToolbarButton\"]"}
COMMAND: POST /session/36177e4d45fb5698ad30062df7661002/elements - {"using":"xpath","value":"//button[@data-kt=\"addNewYardOverflowToolbarButton\"]"}
RESULT: {"using":"xpath","value":"//button[@data-kt=\"addNewYardOverflowToolbarButton\"]"}
COMMAND: POST /session/36177e4d45fb5698ad30062df7661002/element - {"using":"xpath","value":"//button[@data-kt=\"addNewYardOverflowToolbarButton\"]"}
RESULT: {"using":"xpath","value":"//button[@data-kt=\"addNewYardOverflowToolbarButton\"]"}
COMMAND: POST /session/36177e4d45fb5698ad30062df7661002/execute/sync - {"script":"<script> [8489 bytes]","args":[{"element-6066-11e4-a52e-4f735466cecf":"f.165F0B9F83AB8D5533DBC2556707DBA6.d.19AA826F96E4C286567F60F02ACDF39F.e.6672","ELEMENT":"f.165F0B9F83AB8D5533DBC2556707DBA6.d.19AA826F96E4C286567F60F02ACDF39F.e.6672"}]}
RESULT: {"script":"<script> [8489 bytes]","args":[{"element-6066-11e4-a52e-4f735466cecf":"f.165F0B9F83AB8D5533DBC2556707DBA6.d.19AA826F96E4C286567F60F02ACDF39F.e.6672","ELEMENT":"f.165F0B9F83AB8D5533DBC2556707DBA6.d.19AA826F96E4C286567F60F02ACDF39F.e.6672"}]}
COMMAND: GET /session/36177e4d45fb5698ad30062df7661002/element/f.165F0B9F83AB8D5533DBC2556707DBA6.d.19AA826F96E4C286567F60F02ACDF39F.e.6672/enabled - {}
COMMAND: GET /session/36177e4d45fb5698ad30062df7661002/screenshot - {}
RESULT: {}
COMMAND: POST /session/36177e4d45fb5698ad30062df7661002/execute/sync - {"script":"<script> [8489 bytes]","args":[{"element-6066-11e4-a52e-4f735466cecf":"f.165F0B9F83AB8D5533DBC2556707DBA6.d.19AA826F96E4C286567F60F02ACDF39F.e.6672","ELEMENT":"f.165F0B9F83AB8D5533DBC2556707DBA6.d.19AA826F96E4C286567F60F02ACDF39F.e.6672"}]}
COMMAND: GET /session/36177e4d45fb5698ad30062df7661002/screenshot - {}
RESULT: {}
RESULT: {"script":"<script> [8489 bytes]","args":[{"element-6066-11e4-a52e-4f735466cecf":"f.165F0B9F83AB8D5533DBC2556707DBA6.d.19AA826F96E4C286567F60F02ACDF39F.e.6672","ELEMENT":"f.165F0B9F83AB8D5533DBC2556707DBA6.d.19AA826F96E4C286567F60F02ACDF39F.e.6672"}]}
COMMAND: POST /session/36177e4d45fb5698ad30062df7661002/execute/sync - {"script":"<script> [5351 bytes]","args":[{"element-6066-11e4-a52e-4f735466cecf":"f.165F0B9F83AB8D5533DBC2556707DBA6.d.19AA826F96E4C286567F60F02ACDF39F.e.6672","ELEMENT":"f.165F0B9F83AB8D5533DBC2556707DBA6.d.19AA826F96E4C286567F60F02ACDF39F.e.6672"}]}
COMMAND: GET /session/36177e4d45fb5698ad30062df7661002/screenshot - {}
RESULT: {}
RESULT: {"script":"<script> [5351 bytes]","args":[{"element-6066-11e4-a52e-4f735466cecf":"f.165F0B9F83AB8D5533DBC2556707DBA6.d.19AA826F96E4C286567F60F02ACDF39F.e.6672","ELEMENT":"f.165F0B9F83AB8D5533DBC2556707DBA6.d.19AA826F96E4C286567F60F02ACDF39F.e.6672"}]}
COMMAND: POST /session/36177e4d45fb5698ad30062df7661002/element/f.165F0B9F83AB8D5533DBC2556707DBA6.d.19AA826F96E4C286567F60F02ACDF39F.e.6672/click - {}
COMMAND: GET /session/36177e4d45fb5698ad30062df7661002/screenshot - {}
RESULT: {}
RESULT: {}
COMMAND: GET /session/36177e4d45fb5698ad30062df7661002/screenshot - {}
RESULT: {}
RESULT: {}
COMMAND: POST /session/36177e4d45fb5698ad30062df7661002/element - {"using":"xpath","value":"//input[@id=\"application-manageyards-display-component---NewYard--yardId-inner\"]"}
RESULT: {"using":"xpath","value":"//input[@id=\"application-manageyards-display-component---NewYard--yardId-inner\"]"}
COMMAND: POST /session/36177e4d45fb5698ad30062df7661002/element - {"using":"xpath","value":"//input[@id=\"application-manageyards-display-component---NewYard--yardId-inner\"]"}
RESULT: {"using":"xpath","value":"//input[@id=\"application-manageyards-display-component---NewYard--yardId-inner\"]"}
COMMAND: POST /session/36177e4d45fb5698ad30062df7661002/execute/async - {"script":"<script> [1562 bytes]","args":[{"selector":{"id":"application-manageyards-display-component---NewYard--addressDetailDetailsName1","interaction":{"idSuffix":"inner"}},"wdio_ui5_key":"applicationmanageyards-display-component---NewYard--addressDetailDetailsName1"}]}
RESULT: {"script":"<script> [1562 bytes]","args":[{"selector":{"id":"application-manageyards-display-component---NewYard--addressDetailDetailsName1","interaction":{"idSuffix":"inner"}},"wdio_ui5_key":"applicationmanageyards-display-component---NewYard--addressDetailDetailsName1"}]}
RESULT: undefined
COMMAND: POST /session/36177e4d45fb5698ad30062df7661002/execute/async - {"script":"<script> [776 bytes]","args":[{"enterText":"Intercompany Yard wdIO","selector":{"id":"application-manageyards-display-component---NewYard--addressDetailDetailsName1","interaction":{"idSuffix":"inner"}},"clearTextFirst":true,"interactionType":"ENTER_TEXT"}]}
RESULT: {"script":"<script> [776 bytes]","args":[{"enterText":"Intercompany Yard wdIO","selector":{"id":"application-manageyards-display-component---NewYard--addressDetailDetailsName1","interaction":{"idSuffix":"inner"}},"clearTextFirst":true,"interactionType":"ENTER_TEXT"}]}
COMMAND: POST /session/36177e4d45fb5698ad30062df7661002/execute/async - {"script":"<script> [1562 bytes]","args":[{"selector":{"id":"application-manageyards-display-component---NewYard--addressDetailDetailsLanguage-arrow"},"wdio_ui5_key":"applicationmanageyards-display-component---NewYard--addressDetailDetailsLanguage-arrow"}]}
RESULT: {"script":"<script> [1562 bytes]","args":[{"selector":{"id":"application-manageyards-display-component---NewYard--addressDetailDetailsLanguage-arrow"},"wdio_ui5_key":"applicationmanageyards-display-component---NewYard--addressDetailDetailsLanguage-arrow"}]}
RESULT: undefined
COMMAND: POST /session/36177e4d45fb5698ad30062df7661002/element - {"using":"xpath","value":"//*[@id=\"application-manageyards-display-component---NewYard--addressDetailDetailsLanguage-arrow\"]"}
RESULT: {"using":"xpath","value":"//*[@id=\"application-manageyards-display-component---NewYard--addressDetailDetailsLanguage-arrow\"]"}
COMMAND: POST /session/36177e4d45fb5698ad30062df7661002/element/f.165F0B9F83AB8D5533DBC2556707DBA6.d.19AA826F96E4C286567F60F02ACDF39F.e.7112/click - {}
RESULT: {}
COMMAND: POST /session/36177e4d45fb5698ad30062df7661002/element - {"using":"xpath","value":"//span[contains(text(), \"English\")]"}
COMMAND: GET /session/36177e4d45fb5698ad30062df7661002/screenshot - {}
RESULT: {"using":"xpath","value":"//span[contains(text(), \"English\")]"}
COMMAND: POST /session/36177e4d45fb5698ad30062df7661002/element/f.165F0B9F83AB8D5533DBC2556707DBA6.d.19AA826F96E4C286567F60F02ACDF39F.e.7113/click - {}
RESULT: {}
RESULT: {}
COMMAND: POST /session/36177e4d45fb5698ad30062df7661002/execute/async - {"script":"<script> [1562 bytes]","args":[{"selector":{"id":"application-manageyards-display-component---NewYard--addressDetailDetailsCity1","interaction":{"idSuffix":"inner"}},"wdio_ui5_key":"applicationmanageyards-display-component---NewYard--addressDetailDetailsCity1"}]}
COMMAND: GET /session/36177e4d45fb5698ad30062df7661002/screenshot - {}
RESULT: {"script":"<script> [1562 bytes]","args":[{"selector":{"id":"application-manageyards-display-component---NewYard--addressDetailDetailsCity1","interaction":{"idSuffix":"inner"}},"wdio_ui5_key":"applicationmanageyards-display-component---NewYard--addressDetailDetailsCity1"}]}
RESULT: undefined
COMMAND: POST /session/36177e4d45fb5698ad30062df7661002/execute/async - {"script":"<script> [776 bytes]","args":[{"enterText":"Rosario","selector":{"id":"application-manageyards-display-component---NewYard--addressDetailDetailsCity1","interaction":{"idSuffix":"inner"}},"clearTextFirst":true,"interactionType":"ENTER_TEXT"}]}
RESULT: {}
RESULT: {"script":"<script> [776 bytes]","args":[{"enterText":"Rosario","selector":{"id":"application-manageyards-display-component---NewYard--addressDetailDetailsCity1","interaction":{"idSuffix":"inner"}},"clearTextFirst":true,"interactionType":"ENTER_TEXT"}]}
COMMAND: POST /session/36177e4d45fb5698ad30062df7661002/execute/async - {"script":"<script> [1562 bytes]","args":[{"selector":{"id":"application-manageyards-display-component---NewYard--addressDetailDetailsCountry-arrow"},"wdio_ui5_key":"applicationmanageyards-display-component---NewYard--addressDetailDetailsCountry-arrow"}]}
RESULT: {"script":"<script> [1562 bytes]","args":[{"selector":{"id":"application-manageyards-display-component---NewYard--addressDetailDetailsCountry-arrow"},"wdio_ui5_key":"applicationmanageyards-display-component---NewYard--addressDetailDetailsCountry-arrow"}]}
RESULT: undefined
COMMAND: POST /session/36177e4d45fb5698ad30062df7661002/element - {"using":"xpath","value":"//*[@id=\"application-manageyards-display-component---NewYard--addressDetailDetailsCountry-arrow\"]"}
RESULT: {"using":"xpath","value":"//*[@id=\"application-manageyards-display-component---NewYard--addressDetailDetailsCountry-arrow\"]"}
COMMAND: POST /session/36177e4d45fb5698ad30062df7661002/element/f.165F0B9F83AB8D5533DBC2556707DBA6.d.19AA826F96E4C286567F60F02ACDF39F.e.7115/click - {}
RESULT: {}
COMMAND: POST /session/36177e4d45fb5698ad30062df7661002/element - {"using":"xpath","value":"//span[contains(text(), \"Argentina\")]"}
COMMAND: GET /session/36177e4d45fb5698ad30062df7661002/screenshot - {}
RESULT: {"using":"xpath","value":"//span[contains(text(), \"Argentina\")]"}
COMMAND: POST /session/36177e4d45fb5698ad30062df7661002/element/f.165F0B9F83AB8D5533DBC2556707DBA6.d.19AA826F96E4C286567F60F02ACDF39F.e.7116/click - {}
RESULT: {}
RESULT: {}
COMMAND: POST /session/36177e4d45fb5698ad30062df7661002/execute/async - {"script":"<script> [1562 bytes]","args":[{"selector":{"id":"application-manageyards-display-component---NewYard--addressEditDetailsCostObjectCstType-arrow"},"wdio_ui5_key":"applicationmanageyards-display-component---NewYard--addressEditDetailsCostObjectCstType-arrow"}]}
COMMAND: GET /session/36177e4d45fb5698ad30062df7661002/screenshot - {}
RESULT: {"script":"<script> [1562 bytes]","args":[{"selector":{"id":"application-manageyards-display-component---NewYard--addressEditDetailsCostObjectCstType-arrow"},"wdio_ui5_key":"applicationmanageyards-display-component---NewYard--addressEditDetailsCostObjectCstType-arrow"}]}
RESULT: undefined
COMMAND: POST /session/36177e4d45fb5698ad30062df7661002/element - {"using":"xpath","value":"//*[@id=\"application-manageyards-display-component---NewYard--addressEditDetailsCostObjectCstType-arrow\"]"}
RESULT: {}
RESULT: {"using":"xpath","value":"//*[@id=\"application-manageyards-display-component---NewYard--addressEditDetailsCostObjectCstType-arrow\"]"}
COMMAND: POST /session/36177e4d45fb5698ad30062df7661002/element/f.165F0B9F83AB8D5533DBC2556707DBA6.d.19AA826F96E4C286567F60F02ACDF39F.e.7117/click - {}
RESULT: {}
COMMAND: POST /session/36177e4d45fb5698ad30062df7661002/element - {"using":"xpath","value":"//span[contains(text(), \"Cost Center\")]"}
COMMAND: GET /session/36177e4d45fb5698ad30062df7661002/screenshot - {}
RESULT: {"using":"xpath","value":"//span[contains(text(), \"Cost Center\")]"}
COMMAND: POST /session/36177e4d45fb5698ad30062df7661002/element/f.165F0B9F83AB8D5533DBC2556707DBA6.d.19AA826F96E4C286567F60F02ACDF39F.e.7118/click - {}
RESULT: {}
RESULT: {}
COMMAND: GET /session/36177e4d45fb5698ad30062df7661002/screenshot - {}
RESULT: {}
COMMAND: POST /session/36177e4d45fb5698ad30062df7661002/element - {"using":"xpath","value":"//span[@id=\"application-manageyards-display-component---NewYard--addressNewCostObjectCstID-vhi\"]"}
RESULT: {"using":"xpath","value":"//span[@id=\"application-manageyards-display-component---NewYard--addressNewCostObjectCstID-vhi\"]"}
COMMAND: POST /session/36177e4d45fb5698ad30062df7661002/execute/sync - {"script":"<script> [8489 bytes]","args":[{"element-6066-11e4-a52e-4f735466cecf":"f.165F0B9F83AB8D5533DBC2556707DBA6.d.19AA826F96E4C286567F60F02ACDF39F.e.7122","ELEMENT":"f.165F0B9F83AB8D5533DBC2556707DBA6.d.19AA826F96E4C286567F60F02ACDF39F.e.7122"}]}
RESULT: {"script":"<script> [8489 bytes]","args":[{"element-6066-11e4-a52e-4f735466cecf":"f.165F0B9F83AB8D5533DBC2556707DBA6.d.19AA826F96E4C286567F60F02ACDF39F.e.7122","ELEMENT":"f.165F0B9F83AB8D5533DBC2556707DBA6.d.19AA826F96E4C286567F60F02ACDF39F.e.7122"}]}
COMMAND: POST /session/36177e4d45fb5698ad30062df7661002/execute/async - {"script":"<script> [1562 bytes]","args":[{"selector":{"id":"application-manageyards-display-component---NewYard--addressNewCostObjectCstID-vhi"},"wdio_ui5_key":"applicationmanageyards-display-component---NewYard--addressNewCostObjectCstID-vhi"}]}
COMMAND: GET /session/36177e4d45fb5698ad30062df7661002/screenshot - {}
RESULT: {"script":"<script> [1562 bytes]","args":[{"selector":{"id":"application-manageyards-display-component---NewYard--addressNewCostObjectCstID-vhi"},"wdio_ui5_key":"applicationmanageyards-display-component---NewYard--addressNewCostObjectCstID-vhi"}]}
RESULT: undefined
COMMAND: POST /session/36177e4d45fb5698ad30062df7661002/element - {"using":"xpath","value":"//*[@id=\"application-manageyards-display-component---NewYard--addressNewCostObjectCstID-vhi\"]"}
RESULT: {}
RESULT: {"using":"xpath","value":"//*[@id=\"application-manageyards-display-component---NewYard--addressNewCostObjectCstID-vhi\"]"}
COMMAND: POST /session/36177e4d45fb5698ad30062df7661002/element/f.165F0B9F83AB8D5533DBC2556707DBA6.d.19AA826F96E4C286567F60F02ACDF39F.e.7122/click - {}
RESULT: {}
COMMAND: GET /session/36177e4d45fb5698ad30062df7661002/screenshot - {}
RESULT: {}
COMMAND: POST /session/36177e4d45fb5698ad30062df7661002/execute/async - {"script":"<script> [1562 bytes]","args":[{"selector":{"controlType":"sap.m.SearchField","properties":{"placeholder":"Search"},"searchOpenDialogs":true,"interaction":{"idSuffix":"I"}},"wdio_ui5_key":"sapm.SearchField{\"placeholder\":\"Search\"}"}]}
RESULT: {"script":"<script> [1562 bytes]","args":[{"selector":{"controlType":"sap.m.SearchField","properties":{"placeholder":"Search"},"searchOpenDialogs":true,"interaction":{"idSuffix":"I"}},"wdio_ui5_key":"sapm.SearchField{\"placeholder\":\"Search\"}"}]}
RESULT: undefined
COMMAND: POST /session/36177e4d45fb5698ad30062df7661002/execute/async - {"script":"<script> [776 bytes]","args":[{"enterText":"bauh_b","selector":{"controlType":"sap.m.SearchField","properties":{"placeholder":"Search"},"searchOpenDialogs":true,"interaction":{"idSuffix":"I"}},"clearTextFirst":true,"interactionType":"ENTER_TEXT"}]}
RESULT: {"script":"<script> [776 bytes]","args":[{"enterText":"bauh_b","selector":{"controlType":"sap.m.SearchField","properties":{"placeholder":"Search"},"searchOpenDialogs":true,"interaction":{"idSuffix":"I"}},"clearTextFirst":true,"interactionType":"ENTER_TEXT"}]}
COMMAND: POST /session/36177e4d45fb5698ad30062df7661002/actions - {"actions":[{"id":"action21","type":"key","parameters":{},"actions":[{"type":"keyDown","value":"î€‡"},{"type":"pause","duration":10},{"type":"keyUp","value":"î€‡"}]}]}
RESULT: {"actions":[{"id":"action21","type":"key","parameters":{},"actions":[{"type":"keyDown","value":"î€‡"},{"type":"pause","duration":10},{"type":"keyUp","value":"î€‡"}]}]}
COMMAND: GET /session/36177e4d45fb5698ad30062df7661002/screenshot - {}
RESULT: {}
COMMAND: POST /session/36177e4d45fb5698ad30062df7661002/element - {"using":"xpath","value":"//span[contains(text(), \"Demo Yard\")]"}
RESULT: {"using":"xpath","value":"//span[contains(text(), \"Demo Yard\")]"}
COMMAND: POST /session/36177e4d45fb5698ad30062df7661002/element/f.165F0B9F83AB8D5533DBC2556707DBA6.d.19AA826F96E4C286567F60F02ACDF39F.e.7163/click - {}
RESULT: {}
COMMAND: GET /session/36177e4d45fb5698ad30062df7661002/screenshot - {}
RESULT: {}
COMMAND: POST /session/36177e4d45fb5698ad30062df7661002/element - {"using":"xpath","value":"//bdi[contains(text(), \"OK\")]"}
RESULT: {"using":"xpath","value":"//bdi[contains(text(), \"OK\")]"}
COMMAND: POST /session/36177e4d45fb5698ad30062df7661002/element/f.165F0B9F83AB8D5533DBC2556707DBA6.d.19AA826F96E4C286567F60F02ACDF39F.e.7164/click - {}
RESULT: {}
COMMAND: GET /session/36177e4d45fb5698ad30062df7661002/screenshot - {}
RESULT: {}
COMMAND: POST /session/36177e4d45fb5698ad30062df7661002/execute/async - {"script":"<script> [1562 bytes]","args":[{"selector":{"id":"application-manageyards-display-component---NewYard--addressEditDetailsCurrency-arrow"},"wdio_ui5_key":"applicationmanageyards-display-component---NewYard--addressEditDetailsCurrency-arrow"}]}
RESULT: {"script":"<script> [1562 bytes]","args":[{"selector":{"id":"application-manageyards-display-component---NewYard--addressEditDetailsCurrency-arrow"},"wdio_ui5_key":"applicationmanageyards-display-component---NewYard--addressEditDetailsCurrency-arrow"}]}
RESULT: undefined
COMMAND: POST /session/36177e4d45fb5698ad30062df7661002/element - {"using":"xpath","value":"//*[@id=\"application-manageyards-display-component---NewYard--addressEditDetailsCurrency-arrow\"]"}
RESULT: {"using":"xpath","value":"//*[@id=\"application-manageyards-display-component---NewYard--addressEditDetailsCurrency-arrow\"]"}
COMMAND: POST /session/36177e4d45fb5698ad30062df7661002/element/f.165F0B9F83AB8D5533DBC2556707DBA6.d.19AA826F96E4C286567F60F02ACDF39F.e.7167/click - {}
RESULT: {}
COMMAND: POST /session/36177e4d45fb5698ad30062df7661002/element - {"using":"xpath","value":"//span[contains(text(), \"Euro\")]"}
COMMAND: GET /session/36177e4d45fb5698ad30062df7661002/screenshot - {}
RESULT: {"using":"xpath","value":"//span[contains(text(), \"Euro\")]"}
COMMAND: POST /session/36177e4d45fb5698ad30062df7661002/element/f.165F0B9F83AB8D5533DBC2556707DBA6.d.19AA826F96E4C286567F60F02ACDF39F.e.7168/click - {}
RESULT: {}
RESULT: {}
COMMAND: POST /session/36177e4d45fb5698ad30062df7661002/execute/async - {"script":"<script> [1562 bytes]","args":[{"selector":{"controlType":"sap.m.Input","viewName":"etm.portal.ui.manageyards.view.New","viewId":"application-manageyards-display-component---NewYard","bindingPath":{"path":"","propertyPath":"/CONTROLLING_AREA","modelName":"NewYardModel"},"interaction":{"idSuffix":"inner"}},"wdio_ui5_key":"etmportal.ui.manageyards.view.Newsap.m.Input{\"path\":\"\",\"propertyPath\":\"/CONTROLLING_AREA\",\"modelName\":\"NewYardModel\"}"}]}
COMMAND: GET /session/36177e4d45fb5698ad30062df7661002/screenshot - {}
RESULT: {"script":"<script> [1562 bytes]","args":[{"selector":{"controlType":"sap.m.Input","viewName":"etm.portal.ui.manageyards.view.New","viewId":"application-manageyards-display-component---NewYard","bindingPath":{"path":"","propertyPath":"/CONTROLLING_AREA","modelName":"NewYardModel"},"interaction":{"idSuffix":"inner"}},"wdio_ui5_key":"etmportal.ui.manageyards.view.Newsap.m.Input{\"path\":\"\",\"propertyPath\":\"/CONTROLLING_AREA\",\"modelName\":\"NewYardModel\"}"}]}
RESULT: undefined
COMMAND: POST /session/36177e4d45fb5698ad30062df7661002/execute/async - {"script":"<script> [776 bytes]","args":[{"enterText":"Z001","selector":{"controlType":"sap.m.Input","viewName":"etm.portal.ui.manageyards.view.New","viewId":"application-manageyards-display-component---NewYard","bindingPath":{"path":"","propertyPath":"/CONTROLLING_AREA","modelName":"NewYardModel"},"interaction":{"idSuffix":"inner"}},"clearTextFirst":true,"interactionType":"ENTER_TEXT"}]}
RESULT: {}
RESULT: {"script":"<script> [776 bytes]","args":[{"enterText":"Z001","selector":{"controlType":"sap.m.Input","viewName":"etm.portal.ui.manageyards.view.New","viewId":"application-manageyards-display-component---NewYard","bindingPath":{"path":"","propertyPath":"/CONTROLLING_AREA","modelName":"NewYardModel"},"interaction":{"idSuffix":"inner"}},"clearTextFirst":true,"interactionType":"ENTER_TEXT"}]}
COMMAND: POST /session/36177e4d45fb5698ad30062df7661002/execute/async - {"script":"<script> [1562 bytes]","args":[{"selector":{"id":"application-manageyards-display-component---NewYard--companyCodeComboBox","interaction":{"idSuffix":"inner"}},"wdio_ui5_key":"applicationmanageyards-display-component---NewYard--companyCodeComboBox"}]}
RESULT: {"script":"<script> [1562 bytes]","args":[{"selector":{"id":"application-manageyards-display-component---NewYard--companyCodeComboBox","interaction":{"idSuffix":"inner"}},"wdio_ui5_key":"applicationmanageyards-display-component---NewYard--companyCodeComboBox"}]}
RESULT: undefined
COMMAND: POST /session/36177e4d45fb5698ad30062df7661002/execute/async - {"script":"<script> [776 bytes]","args":[{"enterText":"1000","selector":{"id":"application-manageyards-display-component---NewYard--companyCodeComboBox","interaction":{"idSuffix":"inner"}},"clearTextFirst":true,"interactionType":"ENTER_TEXT"}]}
RESULT: {"script":"<script> [776 bytes]","args":[{"enterText":"1000","selector":{"id":"application-manageyards-display-component---NewYard--companyCodeComboBox","interaction":{"idSuffix":"inner"}},"clearTextFirst":true,"interactionType":"ENTER_TEXT"}]}
COMMAND: POST /session/36177e4d45fb5698ad30062df7661002/execute/async - {"script":"<script> [1562 bytes]","args":[{"selector":{"controlType":"sap.m.Input","viewName":"etm.portal.ui.manageyards.view.New","viewId":"application-manageyards-display-component---NewYard","bindingPath":{"path":"","propertyPath":"/PLANT","modelName":"NewYardModel"},"interaction":{"idSuffix":"inner"}},"wdio_ui5_key":"etmportal.ui.manageyards.view.Newsap.m.Input{\"path\":\"\",\"propertyPath\":\"/PLANT\",\"modelName\":\"NewYardModel\"}"}]}
RESULT: {"script":"<script> [1562 bytes]","args":[{"selector":{"controlType":"sap.m.Input","viewName":"etm.portal.ui.manageyards.view.New","viewId":"application-manageyards-display-component---NewYard","bindingPath":{"path":"","propertyPath":"/PLANT","modelName":"NewYardModel"},"interaction":{"idSuffix":"inner"}},"wdio_ui5_key":"etmportal.ui.manageyards.view.Newsap.m.Input{\"path\":\"\",\"propertyPath\":\"/PLANT\",\"modelName\":\"NewYardModel\"}"}]}
RESULT: undefined
COMMAND: POST /session/36177e4d45fb5698ad30062df7661002/execute/async - {"script":"<script> [776 bytes]","args":[{"enterText":"1001","selector":{"controlType":"sap.m.Input","viewName":"etm.portal.ui.manageyards.view.New","viewId":"application-manageyards-display-component---NewYard","bindingPath":{"path":"","propertyPath":"/PLANT","modelName":"NewYardModel"},"interaction":{"idSuffix":"inner"}},"clearTextFirst":true,"interactionType":"ENTER_TEXT"}]}
RESULT: {"script":"<script> [776 bytes]","args":[{"enterText":"1001","selector":{"controlType":"sap.m.Input","viewName":"etm.portal.ui.manageyards.view.New","viewId":"application-manageyards-display-component---NewYard","bindingPath":{"path":"","propertyPath":"/PLANT","modelName":"NewYardModel"},"interaction":{"idSuffix":"inner"}},"clearTextFirst":true,"interactionType":"ENTER_TEXT"}]}
COMMAND: POST /session/36177e4d45fb5698ad30062df7661002/execute/async - {"script":"<script> [1562 bytes]","args":[{"selector":{"controlType":"sap.m.Input","viewName":"etm.portal.ui.manageyards.view.New","viewId":"application-manageyards-display-component---NewYard","bindingPath":{"path":"","propertyPath":"/SALES_AREA_VKORG","modelName":"NewYardModel"},"interaction":{"idSuffix":"inner"}},"wdio_ui5_key":"etmportal.ui.manageyards.view.Newsap.m.Input{\"path\":\"\",\"propertyPath\":\"/SALES_AREA_VKORG\",\"modelName\":\"NewYardModel\"}"}]}
RESULT: {"script":"<script> [1562 bytes]","args":[{"selector":{"controlType":"sap.m.Input","viewName":"etm.portal.ui.manageyards.view.New","viewId":"application-manageyards-display-component---NewYard","bindingPath":{"path":"","propertyPath":"/SALES_AREA_VKORG","modelName":"NewYardModel"},"interaction":{"idSuffix":"inner"}},"wdio_ui5_key":"etmportal.ui.manageyards.view.Newsap.m.Input{\"path\":\"\",\"propertyPath\":\"/SALES_AREA_VKORG\",\"modelName\":\"NewYardModel\"}"}]}
RESULT: undefined
COMMAND: POST /session/36177e4d45fb5698ad30062df7661002/execute/async - {"script":"<script> [776 bytes]","args":[{"enterText":"C002","selector":{"controlType":"sap.m.Input","viewName":"etm.portal.ui.manageyards.view.New","viewId":"application-manageyards-display-component---NewYard","bindingPath":{"path":"","propertyPath":"/SALES_AREA_VKORG","modelName":"NewYardModel"},"interaction":{"idSuffix":"inner"}},"clearTextFirst":true,"interactionType":"ENTER_TEXT"}]}
RESULT: {"script":"<script> [776 bytes]","args":[{"enterText":"C002","selector":{"controlType":"sap.m.Input","viewName":"etm.portal.ui.manageyards.view.New","viewId":"application-manageyards-display-component---NewYard","bindingPath":{"path":"","propertyPath":"/SALES_AREA_VKORG","modelName":"NewYardModel"},"interaction":{"idSuffix":"inner"}},"clearTextFirst":true,"interactionType":"ENTER_TEXT"}]}
COMMAND: POST /session/36177e4d45fb5698ad30062df7661002/execute/async - {"script":"<script> [1562 bytes]","args":[{"selector":{"controlType":"sap.m.Input","viewName":"etm.portal.ui.manageyards.view.New","viewId":"application-manageyards-display-component---NewYard","bindingPath":{"path":"","propertyPath":"/SALES_AREA_VTWEG","modelName":"NewYardModel"},"interaction":{"idSuffix":"inner"}},"wdio_ui5_key":"etmportal.ui.manageyards.view.Newsap.m.Input{\"path\":\"\",\"propertyPath\":\"/SALES_AREA_VTWEG\",\"modelName\":\"NewYardModel\"}"}]}
RESULT: {"script":"<script> [1562 bytes]","args":[{"selector":{"controlType":"sap.m.Input","viewName":"etm.portal.ui.manageyards.view.New","viewId":"application-manageyards-display-component---NewYard","bindingPath":{"path":"","propertyPath":"/SALES_AREA_VTWEG","modelName":"NewYardModel"},"interaction":{"idSuffix":"inner"}},"wdio_ui5_key":"etmportal.ui.manageyards.view.Newsap.m.Input{\"path\":\"\",\"propertyPath\":\"/SALES_AREA_VTWEG\",\"modelName\":\"NewYardModel\"}"}]}
RESULT: undefined
COMMAND: POST /session/36177e4d45fb5698ad30062df7661002/execute/async - {"script":"<script> [776 bytes]","args":[{"enterText":"C2","selector":{"controlType":"sap.m.Input","viewName":"etm.portal.ui.manageyards.view.New","viewId":"application-manageyards-display-component---NewYard","bindingPath":{"path":"","propertyPath":"/SALES_AREA_VTWEG","modelName":"NewYardModel"},"interaction":{"idSuffix":"inner"}},"clearTextFirst":true,"interactionType":"ENTER_TEXT"}]}
RESULT: {"script":"<script> [776 bytes]","args":[{"enterText":"C2","selector":{"controlType":"sap.m.Input","viewName":"etm.portal.ui.manageyards.view.New","viewId":"application-manageyards-display-component---NewYard","bindingPath":{"path":"","propertyPath":"/SALES_AREA_VTWEG","modelName":"NewYardModel"},"interaction":{"idSuffix":"inner"}},"clearTextFirst":true,"interactionType":"ENTER_TEXT"}]}
COMMAND: POST /session/36177e4d45fb5698ad30062df7661002/execute/async - {"script":"<script> [1562 bytes]","args":[{"selector":{"controlType":"sap.m.Input","viewName":"etm.portal.ui.manageyards.view.New","viewId":"application-manageyards-display-component---NewYard","bindingPath":{"path":"","propertyPath":"/SALES_AREA_SPART","modelName":"NewYardModel"},"interaction":{"idSuffix":"inner"}},"wdio_ui5_key":"etmportal.ui.manageyards.view.Newsap.m.Input{\"path\":\"\",\"propertyPath\":\"/SALES_AREA_SPART\",\"modelName\":\"NewYardModel\"}"}]}
RESULT: {"script":"<script> [1562 bytes]","args":[{"selector":{"controlType":"sap.m.Input","viewName":"etm.portal.ui.manageyards.view.New","viewId":"application-manageyards-display-component---NewYard","bindingPath":{"path":"","propertyPath":"/SALES_AREA_SPART","modelName":"NewYardModel"},"interaction":{"idSuffix":"inner"}},"wdio_ui5_key":"etmportal.ui.manageyards.view.Newsap.m.Input{\"path\":\"\",\"propertyPath\":\"/SALES_AREA_SPART\",\"modelName\":\"NewYardModel\"}"}]}
RESULT: undefined
COMMAND: POST /session/36177e4d45fb5698ad30062df7661002/execute/async - {"script":"<script> [776 bytes]","args":[{"enterText":"C2","selector":{"controlType":"sap.m.Input","viewName":"etm.portal.ui.manageyards.view.New","viewId":"application-manageyards-display-component---NewYard","bindingPath":{"path":"","propertyPath":"/SALES_AREA_SPART","modelName":"NewYardModel"},"interaction":{"idSuffix":"inner"}},"clearTextFirst":true,"interactionType":"ENTER_TEXT"}]}
RESULT: {"script":"<script> [776 bytes]","args":[{"enterText":"C2","selector":{"controlType":"sap.m.Input","viewName":"etm.portal.ui.manageyards.view.New","viewId":"application-manageyards-display-component---NewYard","bindingPath":{"path":"","propertyPath":"/SALES_AREA_SPART","modelName":"NewYardModel"},"interaction":{"idSuffix":"inner"}},"clearTextFirst":true,"interactionType":"ENTER_TEXT"}]}
COMMAND: POST /session/36177e4d45fb5698ad30062df7661002/execute/async - {"script":"<script> [1562 bytes]","args":[{"selector":{"controlType":"sap.m.Input","viewName":"etm.portal.ui.manageyards.view.New","viewId":"application-manageyards-display-component---NewYard","bindingPath":{"path":"","propertyPath":"/SHIP_POINT","modelName":"NewYardModel"},"interaction":{"idSuffix":"inner"}},"wdio_ui5_key":"etmportal.ui.manageyards.view.Newsap.m.Input{\"path\":\"\",\"propertyPath\":\"/SHIP_POINT\",\"modelName\":\"NewYardModel\"}"}]}
RESULT: {"script":"<script> [1562 bytes]","args":[{"selector":{"controlType":"sap.m.Input","viewName":"etm.portal.ui.manageyards.view.New","viewId":"application-manageyards-display-component---NewYard","bindingPath":{"path":"","propertyPath":"/SHIP_POINT","modelName":"NewYardModel"},"interaction":{"idSuffix":"inner"}},"wdio_ui5_key":"etmportal.ui.manageyards.view.Newsap.m.Input{\"path\":\"\",\"propertyPath\":\"/SHIP_POINT\",\"modelName\":\"NewYardModel\"}"}]}
RESULT: undefined
COMMAND: POST /session/36177e4d45fb5698ad30062df7661002/execute/async - {"script":"<script> [776 bytes]","args":[{"enterText":"1710","selector":{"controlType":"sap.m.Input","viewName":"etm.portal.ui.manageyards.view.New","viewId":"application-manageyards-display-component---NewYard","bindingPath":{"path":"","propertyPath":"/SHIP_POINT","modelName":"NewYardModel"},"interaction":{"idSuffix":"inner"}},"clearTextFirst":true,"interactionType":"ENTER_TEXT"}]}
RESULT: {"script":"<script> [776 bytes]","args":[{"enterText":"1710","selector":{"controlType":"sap.m.Input","viewName":"etm.portal.ui.manageyards.view.New","viewId":"application-manageyards-display-component---NewYard","bindingPath":{"path":"","propertyPath":"/SHIP_POINT","modelName":"NewYardModel"},"interaction":{"idSuffix":"inner"}},"clearTextFirst":true,"interactionType":"ENTER_TEXT"}]}
COMMAND: POST /session/36177e4d45fb5698ad30062df7661002/execute/async - {"script":"<script> [1562 bytes]","args":[{"selector":{"controlType":"sap.m.Input","viewName":"etm.portal.ui.manageyards.view.New","viewId":"application-manageyards-display-component---NewYard","bindingPath":{"path":"","propertyPath":"/DELIVERY_TYPE","modelName":"NewYardModel"},"interaction":{"idSuffix":"inner"}},"wdio_ui5_key":"etmportal.ui.manageyards.view.Newsap.m.Input{\"path\":\"\",\"propertyPath\":\"/DELIVERY_TYPE\",\"modelName\":\"NewYardModel\"}"}]}
RESULT: {"script":"<script> [1562 bytes]","args":[{"selector":{"controlType":"sap.m.Input","viewName":"etm.portal.ui.manageyards.view.New","viewId":"application-manageyards-display-component---NewYard","bindingPath":{"path":"","propertyPath":"/DELIVERY_TYPE","modelName":"NewYardModel"},"interaction":{"idSuffix":"inner"}},"wdio_ui5_key":"etmportal.ui.manageyards.view.Newsap.m.Input{\"path\":\"\",\"propertyPath\":\"/DELIVERY_TYPE\",\"modelName\":\"NewYardModel\"}"}]}
RESULT: undefined
COMMAND: POST /session/36177e4d45fb5698ad30062df7661002/execute/async - {"script":"<script> [776 bytes]","args":[{"enterText":"ZL01","selector":{"controlType":"sap.m.Input","viewName":"etm.portal.ui.manageyards.view.New","viewId":"application-manageyards-display-component---NewYard","bindingPath":{"path":"","propertyPath":"/DELIVERY_TYPE","modelName":"NewYardModel"},"interaction":{"idSuffix":"inner"}},"clearTextFirst":true,"interactionType":"ENTER_TEXT"}]}
RESULT: {"script":"<script> [776 bytes]","args":[{"enterText":"ZL01","selector":{"controlType":"sap.m.Input","viewName":"etm.portal.ui.manageyards.view.New","viewId":"application-manageyards-display-component---NewYard","bindingPath":{"path":"","propertyPath":"/DELIVERY_TYPE","modelName":"NewYardModel"},"interaction":{"idSuffix":"inner"}},"clearTextFirst":true,"interactionType":"ENTER_TEXT"}]}
COMMAND: POST /session/36177e4d45fb5698ad30062df7661002/execute/async - {"script":"<script> [1562 bytes]","args":[{"selector":{"controlType":"sap.m.Input","viewName":"etm.portal.ui.manageyards.view.New","viewId":"application-manageyards-display-component---NewYard","bindingPath":{"path":"","propertyPath":"/AUART","modelName":"NewYardModel"},"interaction":{"idSuffix":"inner"}},"wdio_ui5_key":"etmportal.ui.manageyards.view.Newsap.m.Input{\"path\":\"\",\"propertyPath\":\"/AUART\",\"modelName\":\"NewYardModel\"}"}]}
RESULT: {"script":"<script> [1562 bytes]","args":[{"selector":{"controlType":"sap.m.Input","viewName":"etm.portal.ui.manageyards.view.New","viewId":"application-manageyards-display-component---NewYard","bindingPath":{"path":"","propertyPath":"/AUART","modelName":"NewYardModel"},"interaction":{"idSuffix":"inner"}},"wdio_ui5_key":"etmportal.ui.manageyards.view.Newsap.m.Input{\"path\":\"\",\"propertyPath\":\"/AUART\",\"modelName\":\"NewYardModel\"}"}]}
RESULT: undefined
COMMAND: POST /session/36177e4d45fb5698ad30062df7661002/execute/async - {"script":"<script> [776 bytes]","args":[{"enterText":"TA","selector":{"controlType":"sap.m.Input","viewName":"etm.portal.ui.manageyards.view.New","viewId":"application-manageyards-display-component---NewYard","bindingPath":{"path":"","propertyPath":"/AUART","modelName":"NewYardModel"},"interaction":{"idSuffix":"inner"}},"clearTextFirst":true,"interactionType":"ENTER_TEXT"}]}
RESULT: {"script":"<script> [776 bytes]","args":[{"enterText":"TA","selector":{"controlType":"sap.m.Input","viewName":"etm.portal.ui.manageyards.view.New","viewId":"application-manageyards-display-component---NewYard","bindingPath":{"path":"","propertyPath":"/AUART","modelName":"NewYardModel"},"interaction":{"idSuffix":"inner"}},"clearTextFirst":true,"interactionType":"ENTER_TEXT"}]}
COMMAND: POST /session/36177e4d45fb5698ad30062df7661002/element - {"using":"xpath","value":"//button[@data-kt=\"newYardSaveButton\"]"}
RESULT: {"using":"xpath","value":"//button[@data-kt=\"newYardSaveButton\"]"}
COMMAND: POST /session/36177e4d45fb5698ad30062df7661002/element/f.165F0B9F83AB8D5533DBC2556707DBA6.d.19AA826F96E4C286567F60F02ACDF39F.e.7072/click - {}
RESULT: {}
COMMAND: GET /session/36177e4d45fb5698ad30062df7661002/screenshot - {}
RESULT: {}
COMMAND: POST /session/36177e4d45fb5698ad30062df7661002/element - {"using":"xpath","value":"//header[contains(@id, 'ObjectPageLayout-headerTitle')]/div[1]/div[2]/div[1]/span[1]"}
RESULT: {"using":"xpath","value":"//header[contains(@id, 'ObjectPageLayout-headerTitle')]/div[1]/div[2]/div[1]/span[1]"}
COMMAND: POST /session/36177e4d45fb5698ad30062df7661002/elements - {"using":"xpath","value":"//header[contains(@id, 'ObjectPageLayout-headerTitle')]/div[1]/div[2]/div[1]/span[1]"}
RESULT: {"using":"xpath","value":"//header[contains(@id, 'ObjectPageLayout-headerTitle')]/div[1]/div[2]/div[1]/span[1]"}
COMMAND: POST /session/36177e4d45fb5698ad30062df7661002/execute/sync - {"script":"<script> [56 bytes]","args":[{"element-6066-11e4-a52e-4f735466cecf":"f.165F0B9F83AB8D5533DBC2556707DBA6.d.19AA826F96E4C286567F60F02ACDF39F.e.7402","ELEMENT":"f.165F0B9F83AB8D5533DBC2556707DBA6.d.19AA826F96E4C286567F60F02ACDF39F.e.7402"}]}
RESULT: {"script":"<script> [56 bytes]","args":[{"element-6066-11e4-a52e-4f735466cecf":"f.165F0B9F83AB8D5533DBC2556707DBA6.d.19AA826F96E4C286567F60F02ACDF39F.e.7402","ELEMENT":"f.165F0B9F83AB8D5533DBC2556707DBA6.d.19AA826F96E4C286567F60F02ACDF39F.e.7402"}]}
COMMAND: GET /session/36177e4d45fb5698ad30062df7661002/screenshot - {}
RESULT: {}
COMMAND: POST /session/36177e4d45fb5698ad30062df7661002/element - {"using":"css selector","value":"#shell-header-logo"}
RESULT: {"using":"css selector","value":"#shell-header-logo"}
COMMAND: POST /session/36177e4d45fb5698ad30062df7661002/element/f.165F0B9F83AB8D5533DBC2556707DBA6.d.19AA826F96E4C286567F60F02ACDF39F.e.6640/click - {}
RESULT: {}
COMMAND: GET /session/36177e4d45fb5698ad30062df7661002/screenshot - {}
RESULT: {}
COMMAND: POST /session/36177e4d45fb5698ad30062df7661002/execute/sync - {"script":"<script> [299 bytes]","args":[["getModel","getResource"]]}
RESULT: {"script":"<script> [299 bytes]","args":[["getModel","getResource"]]}
]]></system-out>
    </testcase>
    <testcase classname="chrome.136_0_7103_93.windows.Create_master_data_for_mixed_billing_&amp;_do_billing_calculation_US151661" name="Should create a new partner" time="142.759">
      <system-out><![CDATA[
COMMAND: POST /session/36177e4d45fb5698ad30062df7661002/window/fullscreen - {}
COMMAND: GET /session/36177e4d45fb5698ad30062df7661002/screenshot - {}
RESULT: {}
COMMAND: POST /session/36177e4d45fb5698ad30062df7661002/execute/async - {"script":"<script> [1562 bytes]","args":[{"selector":{"controlType":"sap.m.GenericTile","properties":{"header":"Manage Partners"}},"wdio_ui5_key":"sapm.GenericTile{\"header\":\"Manage Partners\"}"}]}
RESULT: {}
RESULT: {"script":"<script> [1562 bytes]","args":[{"selector":{"controlType":"sap.m.GenericTile","properties":{"header":"Manage Partners"}},"wdio_ui5_key":"sapm.GenericTile{\"header\":\"Manage Partners\"}"}]}
RESULT: undefined
COMMAND: POST /session/36177e4d45fb5698ad30062df7661002/element - {"using":"xpath","value":"//*[@id=\"__tile38\"]"}
RESULT: {"using":"xpath","value":"//*[@id=\"__tile38\"]"}
COMMAND: POST /session/36177e4d45fb5698ad30062df7661002/element/f.165F0B9F83AB8D5533DBC2556707DBA6.d.19AA826F96E4C286567F60F02ACDF39F.e.6539/click - {}
RESULT: {}
COMMAND: GET /session/36177e4d45fb5698ad30062df7661002/screenshot - {}
RESULT: {}
COMMAND: POST /session/36177e4d45fb5698ad30062df7661002/elements - {"using":"xpath","value":"//span[text()='Error']"}
RESULT: {"using":"xpath","value":"//span[text()='Error']"}
COMMAND: POST /session/36177e4d45fb5698ad30062df7661002/element - {"using":"xpath","value":"//button[@data-kt=\"addButton\"]"}
RESULT: {"using":"xpath","value":"//button[@data-kt=\"addButton\"]"}
COMMAND: POST /session/36177e4d45fb5698ad30062df7661002/elements - {"using":"xpath","value":"//button[@data-kt=\"addButton\"]"}
RESULT: {"using":"xpath","value":"//button[@data-kt=\"addButton\"]"}
COMMAND: POST /session/36177e4d45fb5698ad30062df7661002/elements - {"using":"xpath","value":"//button[@data-kt=\"addButton\"]"}
RESULT: {"using":"xpath","value":"//button[@data-kt=\"addButton\"]"}
COMMAND: POST /session/36177e4d45fb5698ad30062df7661002/elements - {"using":"xpath","value":"//button[@data-kt=\"addButton\"]"}
RESULT: {"using":"xpath","value":"//button[@data-kt=\"addButton\"]"}
COMMAND: POST /session/36177e4d45fb5698ad30062df7661002/elements - {"using":"xpath","value":"//button[@data-kt=\"addButton\"]"}
RESULT: {"using":"xpath","value":"//button[@data-kt=\"addButton\"]"}
COMMAND: POST /session/36177e4d45fb5698ad30062df7661002/element - {"using":"xpath","value":"//button[@data-kt=\"addButton\"]"}
RESULT: {"using":"xpath","value":"//button[@data-kt=\"addButton\"]"}
COMMAND: POST /session/36177e4d45fb5698ad30062df7661002/execute/sync - {"script":"<script> [8489 bytes]","args":[{"element-6066-11e4-a52e-4f735466cecf":"f.165F0B9F83AB8D5533DBC2556707DBA6.d.19AA826F96E4C286567F60F02ACDF39F.e.7451","ELEMENT":"f.165F0B9F83AB8D5533DBC2556707DBA6.d.19AA826F96E4C286567F60F02ACDF39F.e.7451"}]}
RESULT: {"script":"<script> [8489 bytes]","args":[{"element-6066-11e4-a52e-4f735466cecf":"f.165F0B9F83AB8D5533DBC2556707DBA6.d.19AA826F96E4C286567F60F02ACDF39F.e.7451","ELEMENT":"f.165F0B9F83AB8D5533DBC2556707DBA6.d.19AA826F96E4C286567F60F02ACDF39F.e.7451"}]}
COMMAND: GET /session/36177e4d45fb5698ad30062df7661002/element/f.165F0B9F83AB8D5533DBC2556707DBA6.d.19AA826F96E4C286567F60F02ACDF39F.e.7451/enabled - {}
COMMAND: GET /session/36177e4d45fb5698ad30062df7661002/screenshot - {}
RESULT: {}
COMMAND: POST /session/36177e4d45fb5698ad30062df7661002/execute/sync - {"script":"<script> [8489 bytes]","args":[{"element-6066-11e4-a52e-4f735466cecf":"f.165F0B9F83AB8D5533DBC2556707DBA6.d.19AA826F96E4C286567F60F02ACDF39F.e.7451","ELEMENT":"f.165F0B9F83AB8D5533DBC2556707DBA6.d.19AA826F96E4C286567F60F02ACDF39F.e.7451"}]}
COMMAND: GET /session/36177e4d45fb5698ad30062df7661002/screenshot - {}
RESULT: {}
RESULT: {"script":"<script> [8489 bytes]","args":[{"element-6066-11e4-a52e-4f735466cecf":"f.165F0B9F83AB8D5533DBC2556707DBA6.d.19AA826F96E4C286567F60F02ACDF39F.e.7451","ELEMENT":"f.165F0B9F83AB8D5533DBC2556707DBA6.d.19AA826F96E4C286567F60F02ACDF39F.e.7451"}]}
COMMAND: POST /session/36177e4d45fb5698ad30062df7661002/execute/sync - {"script":"<script> [5351 bytes]","args":[{"element-6066-11e4-a52e-4f735466cecf":"f.165F0B9F83AB8D5533DBC2556707DBA6.d.19AA826F96E4C286567F60F02ACDF39F.e.7451","ELEMENT":"f.165F0B9F83AB8D5533DBC2556707DBA6.d.19AA826F96E4C286567F60F02ACDF39F.e.7451"}]}
COMMAND: GET /session/36177e4d45fb5698ad30062df7661002/screenshot - {}
RESULT: {}
RESULT: {"script":"<script> [5351 bytes]","args":[{"element-6066-11e4-a52e-4f735466cecf":"f.165F0B9F83AB8D5533DBC2556707DBA6.d.19AA826F96E4C286567F60F02ACDF39F.e.7451","ELEMENT":"f.165F0B9F83AB8D5533DBC2556707DBA6.d.19AA826F96E4C286567F60F02ACDF39F.e.7451"}]}
COMMAND: POST /session/36177e4d45fb5698ad30062df7661002/element/f.165F0B9F83AB8D5533DBC2556707DBA6.d.19AA826F96E4C286567F60F02ACDF39F.e.7451/click - {}
COMMAND: GET /session/36177e4d45fb5698ad30062df7661002/screenshot - {}
RESULT: {}
RESULT: {}
COMMAND: GET /session/36177e4d45fb5698ad30062df7661002/screenshot - {}
RESULT: {}
COMMAND: POST /session/36177e4d45fb5698ad30062df7661002/execute/async - {"script":"<script> [1562 bytes]","args":[{"selector":{"id":"application-managepartners-display-component---NewPartner--addressDetailDetailsName1","interaction":{"idSuffix":"inner"}},"wdio_ui5_key":"applicationmanagepartners-display-component---NewPartner--addressDetailDetailsName1"}]}
RESULT: {}
RESULT: {"script":"<script> [1562 bytes]","args":[{"selector":{"id":"application-managepartners-display-component---NewPartner--addressDetailDetailsName1","interaction":{"idSuffix":"inner"}},"wdio_ui5_key":"applicationmanagepartners-display-component---NewPartner--addressDetailDetailsName1"}]}
RESULT: undefined
COMMAND: POST /session/36177e4d45fb5698ad30062df7661002/execute/async - {"script":"<script> [776 bytes]","args":[{"enterText":"Intercompany Partner WDIO","selector":{"id":"application-managepartners-display-component---NewPartner--addressDetailDetailsName1","interaction":{"idSuffix":"inner"}},"clearTextFirst":true,"interactionType":"ENTER_TEXT"}]}
RESULT: {"script":"<script> [776 bytes]","args":[{"enterText":"Intercompany Partner WDIO","selector":{"id":"application-managepartners-display-component---NewPartner--addressDetailDetailsName1","interaction":{"idSuffix":"inner"}},"clearTextFirst":true,"interactionType":"ENTER_TEXT"}]}
COMMAND: POST /session/36177e4d45fb5698ad30062df7661002/execute/async - {"script":"<script> [1562 bytes]","args":[{"selector":{"id":"application-managepartners-display-component---NewPartner--addressDetailDetailsLanguage-arrow"},"wdio_ui5_key":"applicationmanagepartners-display-component---NewPartner--addressDetailDetailsLanguage-arrow"}]}
RESULT: {"script":"<script> [1562 bytes]","args":[{"selector":{"id":"application-managepartners-display-component---NewPartner--addressDetailDetailsLanguage-arrow"},"wdio_ui5_key":"applicationmanagepartners-display-component---NewPartner--addressDetailDetailsLanguage-arrow"}]}
RESULT: undefined
COMMAND: POST /session/36177e4d45fb5698ad30062df7661002/element - {"using":"xpath","value":"//*[@id=\"application-managepartners-display-component---NewPartner--addressDetailDetailsLanguage-arrow\"]"}
RESULT: {"using":"xpath","value":"//*[@id=\"application-managepartners-display-component---NewPartner--addressDetailDetailsLanguage-arrow\"]"}
COMMAND: POST /session/36177e4d45fb5698ad30062df7661002/element/f.165F0B9F83AB8D5533DBC2556707DBA6.d.19AA826F96E4C286567F60F02ACDF39F.e.7895/click - {}
RESULT: {}
COMMAND: POST /session/36177e4d45fb5698ad30062df7661002/element - {"using":"xpath","value":"//span[contains(text(), \"English\")]"}
COMMAND: GET /session/36177e4d45fb5698ad30062df7661002/screenshot - {}
RESULT: {"using":"xpath","value":"//span[contains(text(), \"English\")]"}
COMMAND: POST /session/36177e4d45fb5698ad30062df7661002/element/f.165F0B9F83AB8D5533DBC2556707DBA6.d.19AA826F96E4C286567F60F02ACDF39F.e.7896/click - {}
RESULT: {}
RESULT: {}
COMMAND: GET /session/36177e4d45fb5698ad30062df7661002/screenshot - {}
RESULT: {}
COMMAND: POST /session/36177e4d45fb5698ad30062df7661002/execute/async - {"script":"<script> [1562 bytes]","args":[{"selector":{"id":"application-managepartners-display-component---NewPartner--addressDetailDetailsCity1","interaction":{"idSuffix":"inner"}},"wdio_ui5_key":"applicationmanagepartners-display-component---NewPartner--addressDetailDetailsCity1"}]}
RESULT: {"script":"<script> [1562 bytes]","args":[{"selector":{"id":"application-managepartners-display-component---NewPartner--addressDetailDetailsCity1","interaction":{"idSuffix":"inner"}},"wdio_ui5_key":"applicationmanagepartners-display-component---NewPartner--addressDetailDetailsCity1"}]}
RESULT: undefined
COMMAND: POST /session/36177e4d45fb5698ad30062df7661002/execute/async - {"script":"<script> [776 bytes]","args":[{"enterText":"Rosario","selector":{"id":"application-managepartners-display-component---NewPartner--addressDetailDetailsCity1","interaction":{"idSuffix":"inner"}},"clearTextFirst":true,"interactionType":"ENTER_TEXT"}]}
RESULT: {"script":"<script> [776 bytes]","args":[{"enterText":"Rosario","selector":{"id":"application-managepartners-display-component---NewPartner--addressDetailDetailsCity1","interaction":{"idSuffix":"inner"}},"clearTextFirst":true,"interactionType":"ENTER_TEXT"}]}
COMMAND: POST /session/36177e4d45fb5698ad30062df7661002/execute/async - {"script":"<script> [1562 bytes]","args":[{"selector":{"id":"application-managepartners-display-component---NewPartner--addressDetailDetailsCountry-arrow"},"wdio_ui5_key":"applicationmanagepartners-display-component---NewPartner--addressDetailDetailsCountry-arrow"}]}
RESULT: {"script":"<script> [1562 bytes]","args":[{"selector":{"id":"application-managepartners-display-component---NewPartner--addressDetailDetailsCountry-arrow"},"wdio_ui5_key":"applicationmanagepartners-display-component---NewPartner--addressDetailDetailsCountry-arrow"}]}
RESULT: undefined
COMMAND: POST /session/36177e4d45fb5698ad30062df7661002/element - {"using":"xpath","value":"//*[@id=\"application-managepartners-display-component---NewPartner--addressDetailDetailsCountry-arrow\"]"}
RESULT: {"using":"xpath","value":"//*[@id=\"application-managepartners-display-component---NewPartner--addressDetailDetailsCountry-arrow\"]"}
COMMAND: POST /session/36177e4d45fb5698ad30062df7661002/element/f.165F0B9F83AB8D5533DBC2556707DBA6.d.19AA826F96E4C286567F60F02ACDF39F.e.7881/click - {}
RESULT: {}
COMMAND: POST /session/36177e4d45fb5698ad30062df7661002/element - {"using":"xpath","value":"//span[contains(text(), \"Argentina\")]"}
COMMAND: GET /session/36177e4d45fb5698ad30062df7661002/screenshot - {}
RESULT: {"using":"xpath","value":"//span[contains(text(), \"Argentina\")]"}
COMMAND: POST /session/36177e4d45fb5698ad30062df7661002/element/f.165F0B9F83AB8D5533DBC2556707DBA6.d.19AA826F96E4C286567F60F02ACDF39F.e.7898/click - {}
RESULT: {}
RESULT: {}
COMMAND: GET /session/36177e4d45fb5698ad30062df7661002/screenshot - {}
RESULT: {}
COMMAND: POST /session/36177e4d45fb5698ad30062df7661002/element - {"using":"xpath","value":"//bdi[contains(text(), \"Commercial\")]"}
RESULT: {"using":"xpath","value":"//bdi[contains(text(), \"Commercial\")]"}
COMMAND: POST /session/36177e4d45fb5698ad30062df7661002/element/f.165F0B9F83AB8D5533DBC2556707DBA6.d.19AA826F96E4C286567F60F02ACDF39F.e.7899/click - {}
RESULT: {}
COMMAND: GET /session/36177e4d45fb5698ad30062df7661002/screenshot - {}
RESULT: {}
COMMAND: POST /session/36177e4d45fb5698ad30062df7661002/execute/async - {"script":"<script> [1562 bytes]","args":[{"selector":{"id":"application-managepartners-display-component---NewPartner--partnerDetailInternal-arrow"},"wdio_ui5_key":"applicationmanagepartners-display-component---NewPartner--partnerDetailInternal-arrow"}]}
RESULT: {"script":"<script> [1562 bytes]","args":[{"selector":{"id":"application-managepartners-display-component---NewPartner--partnerDetailInternal-arrow"},"wdio_ui5_key":"applicationmanagepartners-display-component---NewPartner--partnerDetailInternal-arrow"}]}
RESULT: undefined
COMMAND: POST /session/36177e4d45fb5698ad30062df7661002/element - {"using":"xpath","value":"//*[@id=\"application-managepartners-display-component---NewPartner--partnerDetailInternal-arrow\"]"}
RESULT: {"using":"xpath","value":"//*[@id=\"application-managepartners-display-component---NewPartner--partnerDetailInternal-arrow\"]"}
COMMAND: POST /session/36177e4d45fb5698ad30062df7661002/element/f.165F0B9F83AB8D5533DBC2556707DBA6.d.19AA826F96E4C286567F60F02ACDF39F.e.7905/click - {}
RESULT: {}
COMMAND: POST /session/36177e4d45fb5698ad30062df7661002/element - {"using":"xpath","value":"//span[contains(text(), \"Affiliated company\")]"}
COMMAND: GET /session/36177e4d45fb5698ad30062df7661002/screenshot - {}
RESULT: {"using":"xpath","value":"//span[contains(text(), \"Affiliated company\")]"}
COMMAND: POST /session/36177e4d45fb5698ad30062df7661002/element/f.165F0B9F83AB8D5533DBC2556707DBA6.d.19AA826F96E4C286567F60F02ACDF39F.e.7906/click - {}
RESULT: {}
RESULT: {}
COMMAND: POST /session/36177e4d45fb5698ad30062df7661002/execute/async - {"script":"<script> [1562 bytes]","args":[{"selector":{"id":"application-managepartners-display-component---NewPartner--partnerDetailsCurrency-arrow"},"wdio_ui5_key":"applicationmanagepartners-display-component---NewPartner--partnerDetailsCurrency-arrow"}]}
COMMAND: GET /session/36177e4d45fb5698ad30062df7661002/screenshot - {}
RESULT: {"script":"<script> [1562 bytes]","args":[{"selector":{"id":"application-managepartners-display-component---NewPartner--partnerDetailsCurrency-arrow"},"wdio_ui5_key":"applicationmanagepartners-display-component---NewPartner--partnerDetailsCurrency-arrow"}]}
RESULT: undefined
COMMAND: POST /session/36177e4d45fb5698ad30062df7661002/element - {"using":"xpath","value":"//*[@id=\"application-managepartners-display-component---NewPartner--partnerDetailsCurrency-arrow\"]"}
RESULT: {}
RESULT: {"using":"xpath","value":"//*[@id=\"application-managepartners-display-component---NewPartner--partnerDetailsCurrency-arrow\"]"}
COMMAND: POST /session/36177e4d45fb5698ad30062df7661002/element/f.165F0B9F83AB8D5533DBC2556707DBA6.d.19AA826F96E4C286567F60F02ACDF39F.e.7913/click - {}
RESULT: {}
COMMAND: POST /session/36177e4d45fb5698ad30062df7661002/element - {"using":"xpath","value":"//span[contains(text(), \"Euro\")]"}
COMMAND: GET /session/36177e4d45fb5698ad30062df7661002/screenshot - {}
RESULT: {"using":"xpath","value":"//span[contains(text(), \"Euro\")]"}
COMMAND: POST /session/36177e4d45fb5698ad30062df7661002/element/f.165F0B9F83AB8D5533DBC2556707DBA6.d.19AA826F96E4C286567F60F02ACDF39F.e.7914/click - {}
RESULT: {}
RESULT: {}
COMMAND: POST /session/36177e4d45fb5698ad30062df7661002/execute/async - {"script":"<script> [1562 bytes]","args":[{"selector":{"id":"application-managepartners-display-component---NewPartner--addressEditDetailsCostObjectCstType-arrow"},"wdio_ui5_key":"applicationmanagepartners-display-component---NewPartner--addressEditDetailsCostObjectCstType-arrow"}]}
COMMAND: GET /session/36177e4d45fb5698ad30062df7661002/screenshot - {}
RESULT: {"script":"<script> [1562 bytes]","args":[{"selector":{"id":"application-managepartners-display-component---NewPartner--addressEditDetailsCostObjectCstType-arrow"},"wdio_ui5_key":"applicationmanagepartners-display-component---NewPartner--addressEditDetailsCostObjectCstType-arrow"}]}
RESULT: undefined
COMMAND: POST /session/36177e4d45fb5698ad30062df7661002/element - {"using":"xpath","value":"//*[@id=\"application-managepartners-display-component---NewPartner--addressEditDetailsCostObjectCstType-arrow\"]"}
RESULT: {}
RESULT: {"using":"xpath","value":"//*[@id=\"application-managepartners-display-component---NewPartner--addressEditDetailsCostObjectCstType-arrow\"]"}
COMMAND: POST /session/36177e4d45fb5698ad30062df7661002/element/f.165F0B9F83AB8D5533DBC2556707DBA6.d.19AA826F96E4C286567F60F02ACDF39F.e.7915/click - {}
RESULT: {}
COMMAND: POST /session/36177e4d45fb5698ad30062df7661002/element - {"using":"xpath","value":"//span[contains(text(), \"Cost Center\")]"}
COMMAND: GET /session/36177e4d45fb5698ad30062df7661002/screenshot - {}
RESULT: {"using":"xpath","value":"//span[contains(text(), \"Cost Center\")]"}
COMMAND: POST /session/36177e4d45fb5698ad30062df7661002/element/f.165F0B9F83AB8D5533DBC2556707DBA6.d.19AA826F96E4C286567F60F02ACDF39F.e.7916/click - {}
RESULT: {}
RESULT: {}
COMMAND: GET /session/36177e4d45fb5698ad30062df7661002/screenshot - {}
RESULT: {}
COMMAND: POST /session/36177e4d45fb5698ad30062df7661002/element - {"using":"xpath","value":"//span[@id=\"application-managepartners-display-component---NewPartner--addressNewCostObjectCstID-vhi\"]"}
RESULT: {"using":"xpath","value":"//span[@id=\"application-managepartners-display-component---NewPartner--addressNewCostObjectCstID-vhi\"]"}
COMMAND: POST /session/36177e4d45fb5698ad30062df7661002/execute/sync - {"script":"<script> [8489 bytes]","args":[{"element-6066-11e4-a52e-4f735466cecf":"f.165F0B9F83AB8D5533DBC2556707DBA6.d.19AA826F96E4C286567F60F02ACDF39F.e.7920","ELEMENT":"f.165F0B9F83AB8D5533DBC2556707DBA6.d.19AA826F96E4C286567F60F02ACDF39F.e.7920"}]}
RESULT: {"script":"<script> [8489 bytes]","args":[{"element-6066-11e4-a52e-4f735466cecf":"f.165F0B9F83AB8D5533DBC2556707DBA6.d.19AA826F96E4C286567F60F02ACDF39F.e.7920","ELEMENT":"f.165F0B9F83AB8D5533DBC2556707DBA6.d.19AA826F96E4C286567F60F02ACDF39F.e.7920"}]}
COMMAND: POST /session/36177e4d45fb5698ad30062df7661002/execute/async - {"script":"<script> [1562 bytes]","args":[{"selector":{"id":"application-managepartners-display-component---NewPartner--addressNewCostObjectCstID-vhi"},"wdio_ui5_key":"applicationmanagepartners-display-component---NewPartner--addressNewCostObjectCstID-vhi"}]}
COMMAND: GET /session/36177e4d45fb5698ad30062df7661002/screenshot - {}
RESULT: {"script":"<script> [1562 bytes]","args":[{"selector":{"id":"application-managepartners-display-component---NewPartner--addressNewCostObjectCstID-vhi"},"wdio_ui5_key":"applicationmanagepartners-display-component---NewPartner--addressNewCostObjectCstID-vhi"}]}
RESULT: undefined
COMMAND: POST /session/36177e4d45fb5698ad30062df7661002/element - {"using":"xpath","value":"//*[@id=\"application-managepartners-display-component---NewPartner--addressNewCostObjectCstID-vhi\"]"}
RESULT: {}
RESULT: {"using":"xpath","value":"//*[@id=\"application-managepartners-display-component---NewPartner--addressNewCostObjectCstID-vhi\"]"}
COMMAND: POST /session/36177e4d45fb5698ad30062df7661002/element/f.165F0B9F83AB8D5533DBC2556707DBA6.d.19AA826F96E4C286567F60F02ACDF39F.e.7920/click - {}
RESULT: {}
COMMAND: GET /session/36177e4d45fb5698ad30062df7661002/screenshot - {}
RESULT: {}
RESULT: undefined
COMMAND: POST /session/36177e4d45fb5698ad30062df7661002/execute/async - {"script":"<script> [776 bytes]","args":[{"enterText":"10001013","selector":{"controlType":"sap.m.SearchField","properties":{"placeholder":"Search"},"searchOpenDialogs":true,"interaction":{"idSuffix":"I"}},"clearTextFirst":true,"interactionType":"ENTER_TEXT"}]}
RESULT: {"script":"<script> [776 bytes]","args":[{"enterText":"10001013","selector":{"controlType":"sap.m.SearchField","properties":{"placeholder":"Search"},"searchOpenDialogs":true,"interaction":{"idSuffix":"I"}},"clearTextFirst":true,"interactionType":"ENTER_TEXT"}]}
COMMAND: POST /session/36177e4d45fb5698ad30062df7661002/actions - {"actions":[{"id":"action22","type":"key","parameters":{},"actions":[{"type":"keyDown","value":"î€‡"},{"type":"pause","duration":10},{"type":"keyUp","value":"î€‡"}]}]}
RESULT: {"actions":[{"id":"action22","type":"key","parameters":{},"actions":[{"type":"keyDown","value":"î€‡"},{"type":"pause","duration":10},{"type":"keyUp","value":"î€‡"}]}]}
COMMAND: GET /session/36177e4d45fb5698ad30062df7661002/screenshot - {}
RESULT: {}
COMMAND: POST /session/36177e4d45fb5698ad30062df7661002/element - {"using":"xpath","value":"//span[contains(text(), \"General Management\")]"}
RESULT: {"using":"xpath","value":"//span[contains(text(), \"General Management\")]"}
COMMAND: POST /session/36177e4d45fb5698ad30062df7661002/element/f.165F0B9F83AB8D5533DBC2556707DBA6.d.19AA826F96E4C286567F60F02ACDF39F.e.7958/click - {}
RESULT: {}
COMMAND: GET /session/36177e4d45fb5698ad30062df7661002/screenshot - {}
RESULT: {}
COMMAND: POST /session/36177e4d45fb5698ad30062df7661002/element - {"using":"xpath","value":"//bdi[contains(text(), \"OK\")]"}
RESULT: {"using":"xpath","value":"//bdi[contains(text(), \"OK\")]"}
COMMAND: POST /session/36177e4d45fb5698ad30062df7661002/element/f.165F0B9F83AB8D5533DBC2556707DBA6.d.19AA826F96E4C286567F60F02ACDF39F.e.7959/click - {}
RESULT: {}
COMMAND: GET /session/36177e4d45fb5698ad30062df7661002/screenshot - {}
RESULT: {}
COMMAND: POST /session/36177e4d45fb5698ad30062df7661002/element - {"using":"xpath","value":"//input[@id=\"application-managepartners-display-component---NewPartner--companyCodeComboBox-inner\"]"}
RESULT: {"using":"xpath","value":"//input[@id=\"application-managepartners-display-component---NewPartner--companyCodeComboBox-inner\"]"}
COMMAND: POST /session/36177e4d45fb5698ad30062df7661002/element/f.165F0B9F83AB8D5533DBC2556707DBA6.d.19AA826F96E4C286567F60F02ACDF39F.e.7755/clear - {}
RESULT: {}
COMMAND: POST /session/36177e4d45fb5698ad30062df7661002/element/f.165F0B9F83AB8D5533DBC2556707DBA6.d.19AA826F96E4C286567F60F02ACDF39F.e.7755/value - {"text":"C002"}
COMMAND: GET /session/36177e4d45fb5698ad30062df7661002/screenshot - {}
RESULT: {"text":"C002"}
COMMAND: GET /session/36177e4d45fb5698ad30062df7661002/screenshot - {}
RESULT: {}
RESULT: {}
COMMAND: POST /session/36177e4d45fb5698ad30062df7661002/element - {"using":"xpath","value":"//li[.//span[text()= \"C002\"]]"}
RESULT: {"using":"xpath","value":"//li[.//span[text()= \"C002\"]]"}
COMMAND: POST /session/36177e4d45fb5698ad30062df7661002/element/f.165F0B9F83AB8D5533DBC2556707DBA6.d.19AA826F96E4C286567F60F02ACDF39F.e.7965/click - {}
RESULT: {}
COMMAND: GET /session/36177e4d45fb5698ad30062df7661002/screenshot - {}
RESULT: {}
COMMAND: POST /session/36177e4d45fb5698ad30062df7661002/execute/async - {"script":"<script> [1562 bytes]","args":[{"selector":{"id":"application-managepartners-display-component---NewPartner--btnAddTableRow-img"},"wdio_ui5_key":"applicationmanagepartners-display-component---NewPartner--btnAddTableRow-img"}]}
RESULT: {"script":"<script> [1562 bytes]","args":[{"selector":{"id":"application-managepartners-display-component---NewPartner--btnAddTableRow-img"},"wdio_ui5_key":"applicationmanagepartners-display-component---NewPartner--btnAddTableRow-img"}]}
RESULT: undefined
COMMAND: POST /session/36177e4d45fb5698ad30062df7661002/element - {"using":"xpath","value":"//*[@id=\"application-managepartners-display-component---NewPartner--btnAddTableRow-img\"]"}
RESULT: {"using":"xpath","value":"//*[@id=\"application-managepartners-display-component---NewPartner--btnAddTableRow-img\"]"}
COMMAND: POST /session/36177e4d45fb5698ad30062df7661002/element/f.165F0B9F83AB8D5533DBC2556707DBA6.d.19AA826F96E4C286567F60F02ACDF39F.e.7966/click - {}
RESULT: {}
COMMAND: GET /session/36177e4d45fb5698ad30062df7661002/screenshot - {}
RESULT: {}
COMMAND: POST /session/36177e4d45fb5698ad30062df7661002/element - {"using":"xpath","value":"//input[@id=\"application-managepartners-display-component---NewPartner--assignmentYard-application-managepartners-display-component---NewPartner--assignmentsTable-0-inner\"]"}
RESULT: {"using":"xpath","value":"//input[@id=\"application-managepartners-display-component---NewPartner--assignmentYard-application-managepartners-display-component---NewPartner--assignmentsTable-0-inner\"]"}
COMMAND: POST /session/36177e4d45fb5698ad30062df7661002/element/f.165F0B9F83AB8D5533DBC2556707DBA6.d.19AA826F96E4C286567F60F02ACDF39F.e.7969/clear - {}
RESULT: {}
COMMAND: POST /session/36177e4d45fb5698ad30062df7661002/element/f.165F0B9F83AB8D5533DBC2556707DBA6.d.19AA826F96E4C286567F60F02ACDF39F.e.7969/value - {"text":"435"}
COMMAND: GET /session/36177e4d45fb5698ad30062df7661002/screenshot - {}
RESULT: {"text":"435"}
COMMAND: GET /session/36177e4d45fb5698ad30062df7661002/screenshot - {}
RESULT: {}
RESULT: {}
COMMAND: POST /session/36177e4d45fb5698ad30062df7661002/element - {"using":"xpath","value":"//li[.//span[text()='435']]"}
RESULT: {"using":"xpath","value":"//li[.//span[text()='435']]"}
COMMAND: POST /session/36177e4d45fb5698ad30062df7661002/element/f.165F0B9F83AB8D5533DBC2556707DBA6.d.19AA826F96E4C286567F60F02ACDF39F.e.7978/click - {}
RESULT: {}
COMMAND: GET /session/36177e4d45fb5698ad30062df7661002/screenshot - {}
RESULT: {}
COMMAND: POST /session/36177e4d45fb5698ad30062df7661002/actions - {"actions":[{"id":"action23","type":"key","parameters":{},"actions":[{"type":"keyDown","value":"î€‡"},{"type":"pause","duration":10},{"type":"keyUp","value":"î€‡"}]}]}
RESULT: {"actions":[{"id":"action23","type":"key","parameters":{},"actions":[{"type":"keyDown","value":"î€‡"},{"type":"pause","duration":10},{"type":"keyUp","value":"î€‡"}]}]}
COMMAND: POST /session/36177e4d45fb5698ad30062df7661002/execute/async - {"script":"<script> [1562 bytes]","args":[{"selector":{"id":"application-managepartners-display-component---NewPartner--externalCustomerComboBox-application-managepartners-display-component---NewPartner--assignmentsTable-0-vhi"},"wdio_ui5_key":"applicationmanagepartners-display-component---NewPartner--externalCustomerComboBox-application-managepartners-display-component---NewPartner--assignmentsTable-0-vhi"}]}
COMMAND: GET /session/36177e4d45fb5698ad30062df7661002/screenshot - {}
RESULT: {"script":"<script> [1562 bytes]","args":[{"selector":{"id":"application-managepartners-display-component---NewPartner--externalCustomerComboBox-application-managepartners-display-component---NewPartner--assignmentsTable-0-vhi"},"wdio_ui5_key":"applicationmanagepartners-display-component---NewPartner--externalCustomerComboBox-application-managepartners-display-component---NewPartner--assignmentsTable-0-vhi"}]}
RESULT: undefined
COMMAND: POST /session/36177e4d45fb5698ad30062df7661002/element - {"using":"xpath","value":"//*[@id=\"application-managepartners-display-component---NewPartner--externalCustomerComboBox-application-managepartners-display-component---NewPartner--assignmentsTable-0-vhi\"]"}
RESULT: {}
RESULT: {"using":"xpath","value":"//*[@id=\"application-managepartners-display-component---NewPartner--externalCustomerComboBox-application-managepartners-display-component---NewPartner--assignmentsTable-0-vhi\"]"}
COMMAND: POST /session/36177e4d45fb5698ad30062df7661002/element/f.165F0B9F83AB8D5533DBC2556707DBA6.d.19AA826F96E4C286567F60F02ACDF39F.e.7982/click - {}
RESULT: {}
RESULT: undefined
COMMAND: POST /session/36177e4d45fb5698ad30062df7661002/execute/async - {"script":"<script> [776 bytes]","args":[{"enterText":"300003","selector":{"controlType":"sap.m.SearchField","properties":{"placeholder":"Search"},"searchOpenDialogs":true,"interaction":{"idSuffix":"I"}},"clearTextFirst":true,"interactionType":"ENTER_TEXT"}]}
COMMAND: GET /session/36177e4d45fb5698ad30062df7661002/screenshot - {}
RESULT: {"script":"<script> [776 bytes]","args":[{"enterText":"300003","selector":{"controlType":"sap.m.SearchField","properties":{"placeholder":"Search"},"searchOpenDialogs":true,"interaction":{"idSuffix":"I"}},"clearTextFirst":true,"interactionType":"ENTER_TEXT"}]}
COMMAND: POST /session/36177e4d45fb5698ad30062df7661002/actions - {"actions":[{"id":"action24","type":"key","parameters":{},"actions":[{"type":"keyDown","value":"î€‡"},{"type":"pause","duration":10},{"type":"keyUp","value":"î€‡"}]}]}
RESULT: {}
RESULT: {"actions":[{"id":"action24","type":"key","parameters":{},"actions":[{"type":"keyDown","value":"î€‡"},{"type":"pause","duration":10},{"type":"keyUp","value":"î€‡"}]}]}
COMMAND: GET /session/36177e4d45fb5698ad30062df7661002/screenshot - {}
RESULT: {}
COMMAND: POST /session/36177e4d45fb5698ad30062df7661002/element - {"using":"xpath","value":"//span[contains(text(), \"300003\")]"}
RESULT: {"using":"xpath","value":"//span[contains(text(), \"300003\")]"}
COMMAND: POST /session/36177e4d45fb5698ad30062df7661002/element/f.165F0B9F83AB8D5533DBC2556707DBA6.d.19AA826F96E4C286567F60F02ACDF39F.e.8000/click - {}
RESULT: {}
COMMAND: GET /session/36177e4d45fb5698ad30062df7661002/screenshot - {}
RESULT: {}
COMMAND: POST /session/36177e4d45fb5698ad30062df7661002/element - {"using":"xpath","value":"//bdi[contains(text(), \"OK\")]"}
RESULT: {"using":"xpath","value":"//bdi[contains(text(), \"OK\")]"}
COMMAND: POST /session/36177e4d45fb5698ad30062df7661002/element/f.165F0B9F83AB8D5533DBC2556707DBA6.d.19AA826F96E4C286567F60F02ACDF39F.e.8002/click - {}
RESULT: {}
COMMAND: GET /session/36177e4d45fb5698ad30062df7661002/screenshot - {}
RESULT: {}
COMMAND: POST /session/36177e4d45fb5698ad30062df7661002/execute/async - {"script":"<script> [1562 bytes]","args":[{"selector":{"id":"application-managepartners-display-component---NewPartner--intercompVendorComboBox-application-managepartners-display-component---NewPartner--assignmentsTable-0-vhi"},"wdio_ui5_key":"applicationmanagepartners-display-component---NewPartner--intercompVendorComboBox-application-managepartners-display-component---NewPartner--assignmentsTable-0-vhi"}]}
RESULT: {"script":"<script> [1562 bytes]","args":[{"selector":{"id":"application-managepartners-display-component---NewPartner--intercompVendorComboBox-application-managepartners-display-component---NewPartner--assignmentsTable-0-vhi"},"wdio_ui5_key":"applicationmanagepartners-display-component---NewPartner--intercompVendorComboBox-application-managepartners-display-component---NewPartner--assignmentsTable-0-vhi"}]}
RESULT: undefined
COMMAND: POST /session/36177e4d45fb5698ad30062df7661002/element - {"using":"xpath","value":"//*[@id=\"application-managepartners-display-component---NewPartner--intercompVendorComboBox-application-managepartners-display-component---NewPartner--assignmentsTable-0-vhi\"]"}
RESULT: {"using":"xpath","value":"//*[@id=\"application-managepartners-display-component---NewPartner--intercompVendorComboBox-application-managepartners-display-component---NewPartner--assignmentsTable-0-vhi\"]"}
COMMAND: POST /session/36177e4d45fb5698ad30062df7661002/element/f.165F0B9F83AB8D5533DBC2556707DBA6.d.19AA826F96E4C286567F60F02ACDF39F.e.8005/click - {}
RESULT: {}
RESULT: undefined
COMMAND: POST /session/36177e4d45fb5698ad30062df7661002/execute/async - {"script":"<script> [776 bytes]","args":[{"enterText":"100005","selector":{"controlType":"sap.m.SearchField","properties":{"placeholder":"Search"},"searchOpenDialogs":true,"interaction":{"idSuffix":"I"}},"clearTextFirst":true,"interactionType":"ENTER_TEXT"}]}
COMMAND: GET /session/36177e4d45fb5698ad30062df7661002/screenshot - {}
RESULT: {"script":"<script> [776 bytes]","args":[{"enterText":"100005","selector":{"controlType":"sap.m.SearchField","properties":{"placeholder":"Search"},"searchOpenDialogs":true,"interaction":{"idSuffix":"I"}},"clearTextFirst":true,"interactionType":"ENTER_TEXT"}]}
COMMAND: POST /session/36177e4d45fb5698ad30062df7661002/actions - {"actions":[{"id":"action25","type":"key","parameters":{},"actions":[{"type":"keyDown","value":"î€‡"},{"type":"pause","duration":10},{"type":"keyUp","value":"î€‡"}]}]}
RESULT: {}
RESULT: {"actions":[{"id":"action25","type":"key","parameters":{},"actions":[{"type":"keyDown","value":"î€‡"},{"type":"pause","duration":10},{"type":"keyUp","value":"î€‡"}]}]}
COMMAND: GET /session/36177e4d45fb5698ad30062df7661002/screenshot - {}
RESULT: {}
COMMAND: POST /session/36177e4d45fb5698ad30062df7661002/element - {"using":"xpath","value":"//span[contains(text(), \"Penguins - Field/12345 Berlin\")]"}
RESULT: {"using":"xpath","value":"//span[contains(text(), \"Penguins - Field/12345 Berlin\")]"}
COMMAND: POST /session/36177e4d45fb5698ad30062df7661002/element/f.165F0B9F83AB8D5533DBC2556707DBA6.d.19AA826F96E4C286567F60F02ACDF39F.e.8023/click - {}
RESULT: {}
COMMAND: GET /session/36177e4d45fb5698ad30062df7661002/screenshot - {}
RESULT: {}
COMMAND: POST /session/36177e4d45fb5698ad30062df7661002/element - {"using":"xpath","value":"//bdi[contains(text(), \"OK\")]"}
RESULT: {"using":"xpath","value":"//bdi[contains(text(), \"OK\")]"}
COMMAND: POST /session/36177e4d45fb5698ad30062df7661002/element/f.165F0B9F83AB8D5533DBC2556707DBA6.d.19AA826F96E4C286567F60F02ACDF39F.e.8024/click - {}
RESULT: {}
COMMAND: GET /session/36177e4d45fb5698ad30062df7661002/screenshot - {}
RESULT: {}
COMMAND: POST /session/36177e4d45fb5698ad30062df7661002/element - {"using":"xpath","value":"//button[@data-kt=\"saveButton\"]"}
RESULT: {"using":"xpath","value":"//button[@data-kt=\"saveButton\"]"}
COMMAND: POST /session/36177e4d45fb5698ad30062df7661002/element/f.165F0B9F83AB8D5533DBC2556707DBA6.d.19AA826F96E4C286567F60F02ACDF39F.e.7809/click - {}
RESULT: {}
COMMAND: GET /session/36177e4d45fb5698ad30062df7661002/screenshot - {}
RESULT: {}
COMMAND: POST /session/36177e4d45fb5698ad30062df7661002/element - {"using":"xpath","value":"//header[contains(@id, 'ObjectPageLayout-headerTitle')]/div[1]/div[2]/div[2]/span[1]"}
RESULT: {"using":"xpath","value":"//header[contains(@id, 'ObjectPageLayout-headerTitle')]/div[1]/div[2]/div[2]/span[1]"}
COMMAND: POST /session/36177e4d45fb5698ad30062df7661002/elements - {"using":"xpath","value":"//header[contains(@id, 'ObjectPageLayout-headerTitle')]/div[1]/div[2]/div[2]/span[1]"}
RESULT: {"using":"xpath","value":"//header[contains(@id, 'ObjectPageLayout-headerTitle')]/div[1]/div[2]/div[2]/span[1]"}
COMMAND: POST /session/36177e4d45fb5698ad30062df7661002/execute/sync - {"script":"<script> [56 bytes]","args":[{"element-6066-11e4-a52e-4f735466cecf":"f.165F0B9F83AB8D5533DBC2556707DBA6.d.19AA826F96E4C286567F60F02ACDF39F.e.8187","ELEMENT":"f.165F0B9F83AB8D5533DBC2556707DBA6.d.19AA826F96E4C286567F60F02ACDF39F.e.8187"}]}
RESULT: {"script":"<script> [56 bytes]","args":[{"element-6066-11e4-a52e-4f735466cecf":"f.165F0B9F83AB8D5533DBC2556707DBA6.d.19AA826F96E4C286567F60F02ACDF39F.e.8187","ELEMENT":"f.165F0B9F83AB8D5533DBC2556707DBA6.d.19AA826F96E4C286567F60F02ACDF39F.e.8187"}]}
COMMAND: POST /session/36177e4d45fb5698ad30062df7661002/element - {"using":"css selector","value":"#shell-header-logo"}
COMMAND: GET /session/36177e4d45fb5698ad30062df7661002/screenshot - {}
RESULT: {"using":"css selector","value":"#shell-header-logo"}
COMMAND: POST /session/36177e4d45fb5698ad30062df7661002/element/f.165F0B9F83AB8D5533DBC2556707DBA6.d.19AA826F96E4C286567F60F02ACDF39F.e.7406/click - {}
RESULT: {}
RESULT: {}
COMMAND: GET /session/36177e4d45fb5698ad30062df7661002/screenshot - {}
RESULT: {}
COMMAND: POST /session/36177e4d45fb5698ad30062df7661002/execute/sync - {"script":"<script> [299 bytes]","args":[["getModel","getResource"]]}
RESULT: {"script":"<script> [299 bytes]","args":[["getModel","getResource"]]}
]]></system-out>
    </testcase>
    <testcase classname="chrome.136_0_7103_93.windows.Create_master_data_for_mixed_billing_&amp;_do_billing_calculation_US151661" name="Should create a new site" time="99.242">
      <system-out><![CDATA[
COMMAND: GET /session/36177e4d45fb5698ad30062df7661002/screenshot - {}
COMMAND: POST /session/36177e4d45fb5698ad30062df7661002/execute/async - {"script":"<script> [1562 bytes]","args":[{"selector":{"controlType":"sap.m.GenericTile","properties":{"header":"Manage Sites"}},"wdio_ui5_key":"sapm.GenericTile{\"header\":\"Manage Sites\"}"}]}
RESULT: {}
RESULT: {"script":"<script> [1562 bytes]","args":[{"selector":{"controlType":"sap.m.GenericTile","properties":{"header":"Manage Sites"}},"wdio_ui5_key":"sapm.GenericTile{\"header\":\"Manage Sites\"}"}]}
RESULT: undefined
COMMAND: POST /session/36177e4d45fb5698ad30062df7661002/element - {"using":"xpath","value":"//*[@id=\"__tile40\"]"}
RESULT: {"using":"xpath","value":"//*[@id=\"__tile40\"]"}
COMMAND: POST /session/36177e4d45fb5698ad30062df7661002/element/f.165F0B9F83AB8D5533DBC2556707DBA6.d.19AA826F96E4C286567F60F02ACDF39F.e.6545/click - {}
RESULT: {}
COMMAND: GET /session/36177e4d45fb5698ad30062df7661002/screenshot - {}
COMMAND: POST /session/36177e4d45fb5698ad30062df7661002/elements - {"using":"xpath","value":"//span[text()='Error']"}
RESULT: {}
RESULT: {"using":"xpath","value":"//span[text()='Error']"}
COMMAND: POST /session/36177e4d45fb5698ad30062df7661002/element - {"using":"xpath","value":"//button[@data-kt=\"addOverflowToolbarButton\"]"}
RESULT: {"using":"xpath","value":"//button[@data-kt=\"addOverflowToolbarButton\"]"}
COMMAND: POST /session/36177e4d45fb5698ad30062df7661002/elements - {"using":"xpath","value":"//button[@data-kt=\"addOverflowToolbarButton\"]"}
RESULT: {"using":"xpath","value":"//button[@data-kt=\"addOverflowToolbarButton\"]"}
COMMAND: POST /session/36177e4d45fb5698ad30062df7661002/execute/sync - {"script":"<script> [8489 bytes]","args":[{"element-6066-11e4-a52e-4f735466cecf":"f.165F0B9F83AB8D5533DBC2556707DBA6.d.19AA826F96E4C286567F60F02ACDF39F.e.8235","ELEMENT":"f.165F0B9F83AB8D5533DBC2556707DBA6.d.19AA826F96E4C286567F60F02ACDF39F.e.8235"}]}
RESULT: {"script":"<script> [8489 bytes]","args":[{"element-6066-11e4-a52e-4f735466cecf":"f.165F0B9F83AB8D5533DBC2556707DBA6.d.19AA826F96E4C286567F60F02ACDF39F.e.8235","ELEMENT":"f.165F0B9F83AB8D5533DBC2556707DBA6.d.19AA826F96E4C286567F60F02ACDF39F.e.8235"}]}
COMMAND: GET /session/36177e4d45fb5698ad30062df7661002/element/f.165F0B9F83AB8D5533DBC2556707DBA6.d.19AA826F96E4C286567F60F02ACDF39F.e.8235/enabled - {}
COMMAND: GET /session/36177e4d45fb5698ad30062df7661002/screenshot - {}
RESULT: {}
COMMAND: POST /session/36177e4d45fb5698ad30062df7661002/execute/sync - {"script":"<script> [8489 bytes]","args":[{"element-6066-11e4-a52e-4f735466cecf":"f.165F0B9F83AB8D5533DBC2556707DBA6.d.19AA826F96E4C286567F60F02ACDF39F.e.8235","ELEMENT":"f.165F0B9F83AB8D5533DBC2556707DBA6.d.19AA826F96E4C286567F60F02ACDF39F.e.8235"}]}
COMMAND: GET /session/36177e4d45fb5698ad30062df7661002/screenshot - {}
RESULT: {}
RESULT: {"script":"<script> [8489 bytes]","args":[{"element-6066-11e4-a52e-4f735466cecf":"f.165F0B9F83AB8D5533DBC2556707DBA6.d.19AA826F96E4C286567F60F02ACDF39F.e.8235","ELEMENT":"f.165F0B9F83AB8D5533DBC2556707DBA6.d.19AA826F96E4C286567F60F02ACDF39F.e.8235"}]}
COMMAND: POST /session/36177e4d45fb5698ad30062df7661002/execute/sync - {"script":"<script> [5351 bytes]","args":[{"element-6066-11e4-a52e-4f735466cecf":"f.165F0B9F83AB8D5533DBC2556707DBA6.d.19AA826F96E4C286567F60F02ACDF39F.e.8235","ELEMENT":"f.165F0B9F83AB8D5533DBC2556707DBA6.d.19AA826F96E4C286567F60F02ACDF39F.e.8235"}]}
COMMAND: GET /session/36177e4d45fb5698ad30062df7661002/screenshot - {}
RESULT: {}
RESULT: {"script":"<script> [5351 bytes]","args":[{"element-6066-11e4-a52e-4f735466cecf":"f.165F0B9F83AB8D5533DBC2556707DBA6.d.19AA826F96E4C286567F60F02ACDF39F.e.8235","ELEMENT":"f.165F0B9F83AB8D5533DBC2556707DBA6.d.19AA826F96E4C286567F60F02ACDF39F.e.8235"}]}
COMMAND: POST /session/36177e4d45fb5698ad30062df7661002/element/f.165F0B9F83AB8D5533DBC2556707DBA6.d.19AA826F96E4C286567F60F02ACDF39F.e.8235/click - {}
COMMAND: GET /session/36177e4d45fb5698ad30062df7661002/screenshot - {}
RESULT: {}
RESULT: {}
COMMAND: GET /session/36177e4d45fb5698ad30062df7661002/screenshot - {}
COMMAND: POST /session/36177e4d45fb5698ad30062df7661002/element - {"using":"xpath","value":"//input[@id=\"application-managesites-display-component---NewSite--siteId-inner\"]"}
RESULT: {}
RESULT: {}
RESULT: {"using":"xpath","value":"//input[@id=\"application-managesites-display-component---NewSite--siteId-inner\"]"}
COMMAND: POST /session/36177e4d45fb5698ad30062df7661002/element - {"using":"xpath","value":"//input[@id=\"application-managesites-display-component---NewSite--siteId-inner\"]"}
RESULT: {"using":"xpath","value":"//input[@id=\"application-managesites-display-component---NewSite--siteId-inner\"]"}
COMMAND: POST /session/36177e4d45fb5698ad30062df7661002/execute/async - {"script":"<script> [1562 bytes]","args":[{"selector":{"id":"application-managesites-display-component---NewSite--addressDetailDetailsName1","interaction":{"idSuffix":"inner"}},"wdio_ui5_key":"applicationmanagesites-display-component---NewSite--addressDetailDetailsName1"}]}
RESULT: {"script":"<script> [1562 bytes]","args":[{"selector":{"id":"application-managesites-display-component---NewSite--addressDetailDetailsName1","interaction":{"idSuffix":"inner"}},"wdio_ui5_key":"applicationmanagesites-display-component---NewSite--addressDetailDetailsName1"}]}
RESULT: undefined
COMMAND: POST /session/36177e4d45fb5698ad30062df7661002/execute/async - {"script":"<script> [776 bytes]","args":[{"enterText":"Intercompany Site wdIO","selector":{"id":"application-managesites-display-component---NewSite--addressDetailDetailsName1","interaction":{"idSuffix":"inner"}},"clearTextFirst":true,"interactionType":"ENTER_TEXT"}]}
RESULT: {"script":"<script> [776 bytes]","args":[{"enterText":"Intercompany Site wdIO","selector":{"id":"application-managesites-display-component---NewSite--addressDetailDetailsName1","interaction":{"idSuffix":"inner"}},"clearTextFirst":true,"interactionType":"ENTER_TEXT"}]}
COMMAND: POST /session/36177e4d45fb5698ad30062df7661002/execute/async - {"script":"<script> [1562 bytes]","args":[{"selector":{"id":"application-managesites-display-component---NewSite--addressDetailDetailsLanguage-arrow"},"wdio_ui5_key":"applicationmanagesites-display-component---NewSite--addressDetailDetailsLanguage-arrow"}]}
RESULT: {"script":"<script> [1562 bytes]","args":[{"selector":{"id":"application-managesites-display-component---NewSite--addressDetailDetailsLanguage-arrow"},"wdio_ui5_key":"applicationmanagesites-display-component---NewSite--addressDetailDetailsLanguage-arrow"}]}
RESULT: undefined
COMMAND: POST /session/36177e4d45fb5698ad30062df7661002/element - {"using":"xpath","value":"//*[@id=\"application-managesites-display-component---NewSite--addressDetailDetailsLanguage-arrow\"]"}
RESULT: {"using":"xpath","value":"//*[@id=\"application-managesites-display-component---NewSite--addressDetailDetailsLanguage-arrow\"]"}
COMMAND: POST /session/36177e4d45fb5698ad30062df7661002/element/f.165F0B9F83AB8D5533DBC2556707DBA6.d.19AA826F96E4C286567F60F02ACDF39F.e.8691/click - {}
RESULT: {}
COMMAND: POST /session/36177e4d45fb5698ad30062df7661002/element - {"using":"xpath","value":"//span[contains(text(), \"English\")]"}
COMMAND: GET /session/36177e4d45fb5698ad30062df7661002/screenshot - {}
RESULT: {"using":"xpath","value":"//span[contains(text(), \"English\")]"}
COMMAND: POST /session/36177e4d45fb5698ad30062df7661002/element/f.165F0B9F83AB8D5533DBC2556707DBA6.d.19AA826F96E4C286567F60F02ACDF39F.e.8692/click - {}
RESULT: {}
RESULT: {}
COMMAND: POST /session/36177e4d45fb5698ad30062df7661002/execute/async - {"script":"<script> [1562 bytes]","args":[{"selector":{"id":"application-managesites-display-component---NewSite--addressDetailDetailsCity1","interaction":{"idSuffix":"inner"}},"wdio_ui5_key":"applicationmanagesites-display-component---NewSite--addressDetailDetailsCity1"}]}
COMMAND: GET /session/36177e4d45fb5698ad30062df7661002/screenshot - {}
RESULT: {"script":"<script> [1562 bytes]","args":[{"selector":{"id":"application-managesites-display-component---NewSite--addressDetailDetailsCity1","interaction":{"idSuffix":"inner"}},"wdio_ui5_key":"applicationmanagesites-display-component---NewSite--addressDetailDetailsCity1"}]}
RESULT: undefined
COMMAND: POST /session/36177e4d45fb5698ad30062df7661002/execute/async - {"script":"<script> [776 bytes]","args":[{"enterText":"Rosario","selector":{"id":"application-managesites-display-component---NewSite--addressDetailDetailsCity1","interaction":{"idSuffix":"inner"}},"clearTextFirst":true,"interactionType":"ENTER_TEXT"}]}
RESULT: {}
RESULT: {"script":"<script> [776 bytes]","args":[{"enterText":"Rosario","selector":{"id":"application-managesites-display-component---NewSite--addressDetailDetailsCity1","interaction":{"idSuffix":"inner"}},"clearTextFirst":true,"interactionType":"ENTER_TEXT"}]}
COMMAND: POST /session/36177e4d45fb5698ad30062df7661002/execute/async - {"script":"<script> [1562 bytes]","args":[{"selector":{"id":"application-managesites-display-component---NewSite--addressDetailDetailsCountry-arrow"},"wdio_ui5_key":"applicationmanagesites-display-component---NewSite--addressDetailDetailsCountry-arrow"}]}
RESULT: {"script":"<script> [1562 bytes]","args":[{"selector":{"id":"application-managesites-display-component---NewSite--addressDetailDetailsCountry-arrow"},"wdio_ui5_key":"applicationmanagesites-display-component---NewSite--addressDetailDetailsCountry-arrow"}]}
RESULT: undefined
COMMAND: POST /session/36177e4d45fb5698ad30062df7661002/element - {"using":"xpath","value":"//*[@id=\"application-managesites-display-component---NewSite--addressDetailDetailsCountry-arrow\"]"}
RESULT: {"using":"xpath","value":"//*[@id=\"application-managesites-display-component---NewSite--addressDetailDetailsCountry-arrow\"]"}
COMMAND: POST /session/36177e4d45fb5698ad30062df7661002/element/f.165F0B9F83AB8D5533DBC2556707DBA6.d.19AA826F96E4C286567F60F02ACDF39F.e.8694/click - {}
RESULT: {}
COMMAND: POST /session/36177e4d45fb5698ad30062df7661002/element - {"using":"xpath","value":"//span[contains(text(), \"Argentina\")]"}
COMMAND: GET /session/36177e4d45fb5698ad30062df7661002/screenshot - {}
RESULT: {"using":"xpath","value":"//span[contains(text(), \"Argentina\")]"}
COMMAND: POST /session/36177e4d45fb5698ad30062df7661002/element/f.165F0B9F83AB8D5533DBC2556707DBA6.d.19AA826F96E4C286567F60F02ACDF39F.e.8695/click - {}
RESULT: {}
RESULT: {}
COMMAND: GET /session/36177e4d45fb5698ad30062df7661002/screenshot - {}
RESULT: {}
COMMAND: POST /session/36177e4d45fb5698ad30062df7661002/execute/async - {"script":"<script> [1562 bytes]","args":[{"selector":{"id":"application-managesites-display-component---NewSite--addressEditDetailsCostObjectCstType-arrow"},"wdio_ui5_key":"applicationmanagesites-display-component---NewSite--addressEditDetailsCostObjectCstType-arrow"}]}
RESULT: {"script":"<script> [1562 bytes]","args":[{"selector":{"id":"application-managesites-display-component---NewSite--addressEditDetailsCostObjectCstType-arrow"},"wdio_ui5_key":"applicationmanagesites-display-component---NewSite--addressEditDetailsCostObjectCstType-arrow"}]}
RESULT: undefined
COMMAND: POST /session/36177e4d45fb5698ad30062df7661002/element - {"using":"xpath","value":"//*[@id=\"application-managesites-display-component---NewSite--addressEditDetailsCostObjectCstType-arrow\"]"}
RESULT: {"using":"xpath","value":"//*[@id=\"application-managesites-display-component---NewSite--addressEditDetailsCostObjectCstType-arrow\"]"}
COMMAND: POST /session/36177e4d45fb5698ad30062df7661002/element/f.165F0B9F83AB8D5533DBC2556707DBA6.d.19AA826F96E4C286567F60F02ACDF39F.e.8697/click - {}
RESULT: {}
COMMAND: POST /session/36177e4d45fb5698ad30062df7661002/element - {"using":"xpath","value":"//span[contains(text(), \"Cost Center\")]"}
COMMAND: GET /session/36177e4d45fb5698ad30062df7661002/screenshot - {}
RESULT: {"using":"xpath","value":"//span[contains(text(), \"Cost Center\")]"}
COMMAND: POST /session/36177e4d45fb5698ad30062df7661002/element/f.165F0B9F83AB8D5533DBC2556707DBA6.d.19AA826F96E4C286567F60F02ACDF39F.e.8699/click - {}
RESULT: {}
RESULT: {}
COMMAND: GET /session/36177e4d45fb5698ad30062df7661002/screenshot - {}
RESULT: {}
COMMAND: POST /session/36177e4d45fb5698ad30062df7661002/element - {"using":"xpath","value":"//span[@id=\"application-managesites-display-component---NewSite--addressNewCostObjectCstID-vhi\"]"}
RESULT: {"using":"xpath","value":"//span[@id=\"application-managesites-display-component---NewSite--addressNewCostObjectCstID-vhi\"]"}
COMMAND: POST /session/36177e4d45fb5698ad30062df7661002/execute/sync - {"script":"<script> [8489 bytes]","args":[{"element-6066-11e4-a52e-4f735466cecf":"f.165F0B9F83AB8D5533DBC2556707DBA6.d.19AA826F96E4C286567F60F02ACDF39F.e.8703","ELEMENT":"f.165F0B9F83AB8D5533DBC2556707DBA6.d.19AA826F96E4C286567F60F02ACDF39F.e.8703"}]}
RESULT: {"script":"<script> [8489 bytes]","args":[{"element-6066-11e4-a52e-4f735466cecf":"f.165F0B9F83AB8D5533DBC2556707DBA6.d.19AA826F96E4C286567F60F02ACDF39F.e.8703","ELEMENT":"f.165F0B9F83AB8D5533DBC2556707DBA6.d.19AA826F96E4C286567F60F02ACDF39F.e.8703"}]}
COMMAND: POST /session/36177e4d45fb5698ad30062df7661002/execute/async - {"script":"<script> [1562 bytes]","args":[{"selector":{"id":"application-managesites-display-component---NewSite--addressNewCostObjectCstID-vhi"},"wdio_ui5_key":"applicationmanagesites-display-component---NewSite--addressNewCostObjectCstID-vhi"}]}
COMMAND: GET /session/36177e4d45fb5698ad30062df7661002/screenshot - {}
RESULT: {"script":"<script> [1562 bytes]","args":[{"selector":{"id":"application-managesites-display-component---NewSite--addressNewCostObjectCstID-vhi"},"wdio_ui5_key":"applicationmanagesites-display-component---NewSite--addressNewCostObjectCstID-vhi"}]}
RESULT: undefined
COMMAND: POST /session/36177e4d45fb5698ad30062df7661002/element - {"using":"xpath","value":"//*[@id=\"application-managesites-display-component---NewSite--addressNewCostObjectCstID-vhi\"]"}
RESULT: {}
RESULT: {"using":"xpath","value":"//*[@id=\"application-managesites-display-component---NewSite--addressNewCostObjectCstID-vhi\"]"}
COMMAND: POST /session/36177e4d45fb5698ad30062df7661002/element/f.165F0B9F83AB8D5533DBC2556707DBA6.d.19AA826F96E4C286567F60F02ACDF39F.e.8703/click - {}
RESULT: {}
COMMAND: GET /session/36177e4d45fb5698ad30062df7661002/screenshot - {}
RESULT: {}
RESULT: undefined
COMMAND: POST /session/36177e4d45fb5698ad30062df7661002/execute/async - {"script":"<script> [776 bytes]","args":[{"enterText":"10001013","selector":{"controlType":"sap.m.SearchField","properties":{"placeholder":"Search"},"searchOpenDialogs":true,"interaction":{"idSuffix":"I"}},"clearTextFirst":true,"interactionType":"ENTER_TEXT"}]}
RESULT: {"script":"<script> [776 bytes]","args":[{"enterText":"10001013","selector":{"controlType":"sap.m.SearchField","properties":{"placeholder":"Search"},"searchOpenDialogs":true,"interaction":{"idSuffix":"I"}},"clearTextFirst":true,"interactionType":"ENTER_TEXT"}]}
COMMAND: POST /session/36177e4d45fb5698ad30062df7661002/actions - {"actions":[{"id":"action26","type":"key","parameters":{},"actions":[{"type":"keyDown","value":"î€‡"},{"type":"pause","duration":10},{"type":"keyUp","value":"î€‡"}]}]}
RESULT: {"actions":[{"id":"action26","type":"key","parameters":{},"actions":[{"type":"keyDown","value":"î€‡"},{"type":"pause","duration":10},{"type":"keyUp","value":"î€‡"}]}]}
COMMAND: GET /session/36177e4d45fb5698ad30062df7661002/screenshot - {}
RESULT: {}
COMMAND: POST /session/36177e4d45fb5698ad30062df7661002/element - {"using":"xpath","value":"//span[contains(text(), \"General Management\")]"}
RESULT: {"using":"xpath","value":"//span[contains(text(), \"General Management\")]"}
COMMAND: POST /session/36177e4d45fb5698ad30062df7661002/element/f.165F0B9F83AB8D5533DBC2556707DBA6.d.19AA826F96E4C286567F60F02ACDF39F.e.8743/click - {}
RESULT: {}
COMMAND: GET /session/36177e4d45fb5698ad30062df7661002/screenshot - {}
RESULT: {}
COMMAND: POST /session/36177e4d45fb5698ad30062df7661002/element - {"using":"xpath","value":"//bdi[contains(text(), \"OK\")]"}
RESULT: {"using":"xpath","value":"//bdi[contains(text(), \"OK\")]"}
COMMAND: POST /session/36177e4d45fb5698ad30062df7661002/element/f.165F0B9F83AB8D5533DBC2556707DBA6.d.19AA826F96E4C286567F60F02ACDF39F.e.8744/click - {}
RESULT: {}
COMMAND: GET /session/36177e4d45fb5698ad30062df7661002/screenshot - {}
RESULT: {}
COMMAND: POST /session/36177e4d45fb5698ad30062df7661002/element - {"using":"xpath","value":"//input[@id=\"application-managesites-display-component---NewSite--addressDetailDetailsCalendar-inner\"]"}
RESULT: {"using":"xpath","value":"//input[@id=\"application-managesites-display-component---NewSite--addressDetailDetailsCalendar-inner\"]"}
COMMAND: POST /session/36177e4d45fb5698ad30062df7661002/element/f.165F0B9F83AB8D5533DBC2556707DBA6.d.19AA826F96E4C286567F60F02ACDF39F.e.8491/clear - {}
RESULT: {}
COMMAND: POST /session/36177e4d45fb5698ad30062df7661002/element/f.165F0B9F83AB8D5533DBC2556707DBA6.d.19AA826F96E4C286567F60F02ACDF39F.e.8491/value - {"text":"Unit"}
COMMAND: GET /session/36177e4d45fb5698ad30062df7661002/screenshot - {}
RESULT: {"text":"Unit"}
COMMAND: GET /session/36177e4d45fb5698ad30062df7661002/screenshot - {}
RESULT: {}
RESULT: {}
COMMAND: POST /session/36177e4d45fb5698ad30062df7661002/actions - {"actions":[{"id":"action27","type":"key","parameters":{},"actions":[{"type":"keyDown","value":"î€‡"},{"type":"pause","duration":10},{"type":"keyUp","value":"î€‡"}]}]}
RESULT: {"actions":[{"id":"action27","type":"key","parameters":{},"actions":[{"type":"keyDown","value":"î€‡"},{"type":"pause","duration":10},{"type":"keyUp","value":"î€‡"}]}]}
COMMAND: POST /session/36177e4d45fb5698ad30062df7661002/element - {"using":"xpath","value":"//input[@id=\"application-managesites-display-component---NewSite--addressDetailDetailsYard-inner\"]"}
COMMAND: GET /session/36177e4d45fb5698ad30062df7661002/screenshot - {}
RESULT: {"using":"xpath","value":"//input[@id=\"application-managesites-display-component---NewSite--addressDetailDetailsYard-inner\"]"}
COMMAND: POST /session/36177e4d45fb5698ad30062df7661002/element/f.165F0B9F83AB8D5533DBC2556707DBA6.d.19AA826F96E4C286567F60F02ACDF39F.e.8492/clear - {}
RESULT: {}
RESULT: {}
COMMAND: POST /session/36177e4d45fb5698ad30062df7661002/element/f.165F0B9F83AB8D5533DBC2556707DBA6.d.19AA826F96E4C286567F60F02ACDF39F.e.8492/value - {"text":"435"}
COMMAND: GET /session/36177e4d45fb5698ad30062df7661002/screenshot - {}
RESULT: {"text":"435"}
COMMAND: GET /session/36177e4d45fb5698ad30062df7661002/screenshot - {}
RESULT: {}
RESULT: {}
COMMAND: POST /session/36177e4d45fb5698ad30062df7661002/element - {"using":"xpath","value":"//li[.//span[text()='435']]"}
RESULT: {"using":"xpath","value":"//li[.//span[text()='435']]"}
COMMAND: POST /session/36177e4d45fb5698ad30062df7661002/element/f.165F0B9F83AB8D5533DBC2556707DBA6.d.19AA826F96E4C286567F60F02ACDF39F.e.8752/click - {}
RESULT: {}
COMMAND: GET /session/36177e4d45fb5698ad30062df7661002/screenshot - {}
RESULT: {}
COMMAND: POST /session/36177e4d45fb5698ad30062df7661002/element - {"using":"xpath","value":"//input[@id=\"application-managesites-display-component---NewSite--addressDetailDetailsPartner-inner\"]"}
RESULT: {"using":"xpath","value":"//input[@id=\"application-managesites-display-component---NewSite--addressDetailDetailsPartner-inner\"]"}
COMMAND: POST /session/36177e4d45fb5698ad30062df7661002/element - {"using":"xpath","value":"//input[@id=\"application-managesites-display-component---NewSite--addressDetailDetailsPartner-inner\"]"}
RESULT: {"using":"xpath","value":"//input[@id=\"application-managesites-display-component---NewSite--addressDetailDetailsPartner-inner\"]"}
COMMAND: POST /session/36177e4d45fb5698ad30062df7661002/element - {"using":"xpath","value":"//button[@data-kt=\"saveButton\"]"}
RESULT: {"using":"xpath","value":"//button[@data-kt=\"saveButton\"]"}
COMMAND: POST /session/36177e4d45fb5698ad30062df7661002/element/f.165F0B9F83AB8D5533DBC2556707DBA6.d.19AA826F96E4C286567F60F02ACDF39F.e.8645/click - {}
RESULT: {}
COMMAND: GET /session/36177e4d45fb5698ad30062df7661002/screenshot - {}
RESULT: {}
COMMAND: POST /session/36177e4d45fb5698ad30062df7661002/element - {"using":"xpath","value":"//header[contains(@id, 'ObjectPageLayout-headerTitle')]/div[1]/div[2]/div[2]/span[1]"}
RESULT: {"using":"xpath","value":"//header[contains(@id, 'ObjectPageLayout-headerTitle')]/div[1]/div[2]/div[2]/span[1]"}
COMMAND: POST /session/36177e4d45fb5698ad30062df7661002/elements - {"using":"xpath","value":"//header[contains(@id, 'ObjectPageLayout-headerTitle')]/div[1]/div[2]/div[2]/span[1]"}
RESULT: {"using":"xpath","value":"//header[contains(@id, 'ObjectPageLayout-headerTitle')]/div[1]/div[2]/div[2]/span[1]"}
COMMAND: POST /session/36177e4d45fb5698ad30062df7661002/execute/sync - {"script":"<script> [56 bytes]","args":[{"element-6066-11e4-a52e-4f735466cecf":"f.165F0B9F83AB8D5533DBC2556707DBA6.d.19AA826F96E4C286567F60F02ACDF39F.e.8961","ELEMENT":"f.165F0B9F83AB8D5533DBC2556707DBA6.d.19AA826F96E4C286567F60F02ACDF39F.e.8961"}]}
RESULT: {"script":"<script> [56 bytes]","args":[{"element-6066-11e4-a52e-4f735466cecf":"f.165F0B9F83AB8D5533DBC2556707DBA6.d.19AA826F96E4C286567F60F02ACDF39F.e.8961","ELEMENT":"f.165F0B9F83AB8D5533DBC2556707DBA6.d.19AA826F96E4C286567F60F02ACDF39F.e.8961"}]}
COMMAND: POST /session/36177e4d45fb5698ad30062df7661002/element - {"using":"css selector","value":"#shell-header-logo"}
COMMAND: GET /session/36177e4d45fb5698ad30062df7661002/screenshot - {}
RESULT: {"using":"css selector","value":"#shell-header-logo"}
COMMAND: POST /session/36177e4d45fb5698ad30062df7661002/element/f.165F0B9F83AB8D5533DBC2556707DBA6.d.19AA826F96E4C286567F60F02ACDF39F.e.8192/click - {}
RESULT: {}
RESULT: {}
COMMAND: GET /session/36177e4d45fb5698ad30062df7661002/screenshot - {}
RESULT: {}
COMMAND: POST /session/36177e4d45fb5698ad30062df7661002/execute/sync - {"script":"<script> [299 bytes]","args":[["getModel","getResource"]]}
RESULT: {"script":"<script> [299 bytes]","args":[["getModel","getResource"]]}
]]></system-out>
    </testcase>
    <testcase classname="chrome.136_0_7103_93.windows.Create_master_data_for_mixed_billing_&amp;_do_billing_calculation_US151661" name="Should create a new equipment and add a counter to it" time="169.96">
      <system-out><![CDATA[
COMMAND: GET /session/36177e4d45fb5698ad30062df7661002/screenshot - {}
COMMAND: POST /session/36177e4d45fb5698ad30062df7661002/execute/async - {"script":"<script> [1562 bytes]","args":[{"selector":{"controlType":"sap.m.GenericTile","properties":{"header":"Manage Resources"}},"wdio_ui5_key":"sapm.GenericTile{\"header\":\"Manage Resources\"}"}]}
RESULT: {}
RESULT: {"script":"<script> [1562 bytes]","args":[{"selector":{"controlType":"sap.m.GenericTile","properties":{"header":"Manage Resources"}},"wdio_ui5_key":"sapm.GenericTile{\"header\":\"Manage Resources\"}"}]}
RESULT: undefined
COMMAND: POST /session/36177e4d45fb5698ad30062df7661002/element - {"using":"xpath","value":"//*[@id=\"__tile39\"]"}
RESULT: {"using":"xpath","value":"//*[@id=\"__tile39\"]"}
COMMAND: POST /session/36177e4d45fb5698ad30062df7661002/element/f.165F0B9F83AB8D5533DBC2556707DBA6.d.19AA826F96E4C286567F60F02ACDF39F.e.6542/click - {}
RESULT: {}
COMMAND: GET /session/36177e4d45fb5698ad30062df7661002/screenshot - {}
RESULT: {}
COMMAND: POST /session/36177e4d45fb5698ad30062df7661002/elements - {"using":"xpath","value":"//span[text()='Error']"}
RESULT: {"using":"xpath","value":"//span[text()='Error']"}
COMMAND: POST /session/36177e4d45fb5698ad30062df7661002/element - {"using":"xpath","value":"//button[@data-kt=\"addNewRUOverflowToolbarButton\"]"}
RESULT: {"using":"xpath","value":"//button[@data-kt=\"addNewRUOverflowToolbarButton\"]"}
COMMAND: POST /session/36177e4d45fb5698ad30062df7661002/elements - {"using":"xpath","value":"//button[@data-kt=\"addNewRUOverflowToolbarButton\"]"}
RESULT: {"using":"xpath","value":"//button[@data-kt=\"addNewRUOverflowToolbarButton\"]"}
COMMAND: POST /session/36177e4d45fb5698ad30062df7661002/element - {"using":"xpath","value":"//button[@data-kt=\"addNewRUOverflowToolbarButton\"]"}
RESULT: {"using":"xpath","value":"//button[@data-kt=\"addNewRUOverflowToolbarButton\"]"}
COMMAND: POST /session/36177e4d45fb5698ad30062df7661002/execute/sync - {"script":"<script> [8489 bytes]","args":[{"element-6066-11e4-a52e-4f735466cecf":"f.165F0B9F83AB8D5533DBC2556707DBA6.d.19AA826F96E4C286567F60F02ACDF39F.e.9005","ELEMENT":"f.165F0B9F83AB8D5533DBC2556707DBA6.d.19AA826F96E4C286567F60F02ACDF39F.e.9005"}]}
RESULT: {"script":"<script> [8489 bytes]","args":[{"element-6066-11e4-a52e-4f735466cecf":"f.165F0B9F83AB8D5533DBC2556707DBA6.d.19AA826F96E4C286567F60F02ACDF39F.e.9005","ELEMENT":"f.165F0B9F83AB8D5533DBC2556707DBA6.d.19AA826F96E4C286567F60F02ACDF39F.e.9005"}]}
COMMAND: GET /session/36177e4d45fb5698ad30062df7661002/element/f.165F0B9F83AB8D5533DBC2556707DBA6.d.19AA826F96E4C286567F60F02ACDF39F.e.9005/enabled - {}
COMMAND: GET /session/36177e4d45fb5698ad30062df7661002/screenshot - {}
RESULT: {}
COMMAND: POST /session/36177e4d45fb5698ad30062df7661002/execute/sync - {"script":"<script> [8489 bytes]","args":[{"element-6066-11e4-a52e-4f735466cecf":"f.165F0B9F83AB8D5533DBC2556707DBA6.d.19AA826F96E4C286567F60F02ACDF39F.e.9005","ELEMENT":"f.165F0B9F83AB8D5533DBC2556707DBA6.d.19AA826F96E4C286567F60F02ACDF39F.e.9005"}]}
COMMAND: GET /session/36177e4d45fb5698ad30062df7661002/screenshot - {}
RESULT: {}
RESULT: {"script":"<script> [8489 bytes]","args":[{"element-6066-11e4-a52e-4f735466cecf":"f.165F0B9F83AB8D5533DBC2556707DBA6.d.19AA826F96E4C286567F60F02ACDF39F.e.9005","ELEMENT":"f.165F0B9F83AB8D5533DBC2556707DBA6.d.19AA826F96E4C286567F60F02ACDF39F.e.9005"}]}
COMMAND: POST /session/36177e4d45fb5698ad30062df7661002/execute/sync - {"script":"<script> [5351 bytes]","args":[{"element-6066-11e4-a52e-4f735466cecf":"f.165F0B9F83AB8D5533DBC2556707DBA6.d.19AA826F96E4C286567F60F02ACDF39F.e.9005","ELEMENT":"f.165F0B9F83AB8D5533DBC2556707DBA6.d.19AA826F96E4C286567F60F02ACDF39F.e.9005"}]}
COMMAND: GET /session/36177e4d45fb5698ad30062df7661002/screenshot - {}
RESULT: {}
RESULT: {"script":"<script> [5351 bytes]","args":[{"element-6066-11e4-a52e-4f735466cecf":"f.165F0B9F83AB8D5533DBC2556707DBA6.d.19AA826F96E4C286567F60F02ACDF39F.e.9005","ELEMENT":"f.165F0B9F83AB8D5533DBC2556707DBA6.d.19AA826F96E4C286567F60F02ACDF39F.e.9005"}]}
COMMAND: POST /session/36177e4d45fb5698ad30062df7661002/element/f.165F0B9F83AB8D5533DBC2556707DBA6.d.19AA826F96E4C286567F60F02ACDF39F.e.9005/click - {}
COMMAND: GET /session/36177e4d45fb5698ad30062df7661002/screenshot - {}
RESULT: {}
RESULT: {}
COMMAND: GET /session/36177e4d45fb5698ad30062df7661002/screenshot - {}
COMMAND: POST /session/36177e4d45fb5698ad30062df7661002/execute/async - {"script":"<script> [1562 bytes]","args":[{"selector":{"id":"application-manageresources-display-component---newResourceUnit--TYPE-arrow"},"wdio_ui5_key":"applicationmanageresources-display-component---newResourceUnit--TYPE-arrow"}]}
RESULT: {}
RESULT: {}
RESULT: {"script":"<script> [1562 bytes]","args":[{"selector":{"id":"application-manageresources-display-component---newResourceUnit--TYPE-arrow"},"wdio_ui5_key":"applicationmanageresources-display-component---newResourceUnit--TYPE-arrow"}]}
RESULT: undefined
COMMAND: POST /session/36177e4d45fb5698ad30062df7661002/element - {"using":"xpath","value":"//*[@id=\"application-manageresources-display-component---newResourceUnit--TYPE-arrow\"]"}
RESULT: {"using":"xpath","value":"//*[@id=\"application-manageresources-display-component---newResourceUnit--TYPE-arrow\"]"}
COMMAND: POST /session/36177e4d45fb5698ad30062df7661002/element/f.165F0B9F83AB8D5533DBC2556707DBA6.d.19AA826F96E4C286567F60F02ACDF39F.e.9356/click - {}
RESULT: {}
COMMAND: POST /session/36177e4d45fb5698ad30062df7661002/element - {"using":"xpath","value":"//input[@id=\"application-manageresources-display-component---newResourceUnit--TYPE-inner\"]"}
COMMAND: GET /session/36177e4d45fb5698ad30062df7661002/screenshot - {}
RESULT: {"using":"xpath","value":"//input[@id=\"application-manageresources-display-component---newResourceUnit--TYPE-inner\"]"}
COMMAND: POST /session/36177e4d45fb5698ad30062df7661002/element/f.165F0B9F83AB8D5533DBC2556707DBA6.d.19AA826F96E4C286567F60F02ACDF39F.e.9347/clear - {}
RESULT: {}
RESULT: {}
COMMAND: POST /session/36177e4d45fb5698ad30062df7661002/element/f.165F0B9F83AB8D5533DBC2556707DBA6.d.19AA826F96E4C286567F60F02ACDF39F.e.9347/value - {"text":"Equipment"}
COMMAND: GET /session/36177e4d45fb5698ad30062df7661002/screenshot - {}
RESULT: {"text":"Equipment"}
COMMAND: GET /session/36177e4d45fb5698ad30062df7661002/screenshot - {}
RESULT: {}
RESULT: {}
COMMAND: POST /session/36177e4d45fb5698ad30062df7661002/actions - {"actions":[{"id":"action28","type":"key","parameters":{},"actions":[{"type":"keyDown","value":"î€‡"},{"type":"pause","duration":10},{"type":"keyUp","value":"î€‡"}]}]}
RESULT: {"actions":[{"id":"action28","type":"key","parameters":{},"actions":[{"type":"keyDown","value":"î€‡"},{"type":"pause","duration":10},{"type":"keyUp","value":"î€‡"}]}]}
COMMAND: POST /session/36177e4d45fb5698ad30062df7661002/execute/async - {"script":"<script> [1562 bytes]","args":[{"selector":{"id":"application-manageresources-display-component---newResourceUnit--resourceId","interaction":{"idSuffix":"inner"}},"wdio_ui5_key":"applicationmanageresources-display-component---newResourceUnit--resourceId"}]}
COMMAND: GET /session/36177e4d45fb5698ad30062df7661002/screenshot - {}
RESULT: {"script":"<script> [1562 bytes]","args":[{"selector":{"id":"application-manageresources-display-component---newResourceUnit--resourceId","interaction":{"idSuffix":"inner"}},"wdio_ui5_key":"applicationmanageresources-display-component---newResourceUnit--resourceId"}]}
RESULT: undefined
COMMAND: POST /session/36177e4d45fb5698ad30062df7661002/execute/async - {"script":"<script> [776 bytes]","args":[{"enterText":"x5zLcSGVxu","selector":{"id":"application-manageresources-display-component---newResourceUnit--resourceId","interaction":{"idSuffix":"inner"}},"clearTextFirst":true,"interactionType":"ENTER_TEXT"}]}
RESULT: {}
RESULT: {"script":"<script> [776 bytes]","args":[{"enterText":"x5zLcSGVxu","selector":{"id":"application-manageresources-display-component---newResourceUnit--resourceId","interaction":{"idSuffix":"inner"}},"clearTextFirst":true,"interactionType":"ENTER_TEXT"}]}
COMMAND: POST /session/36177e4d45fb5698ad30062df7661002/execute/async - {"script":"<script> [1562 bytes]","args":[{"selector":{"id":"application-manageresources-display-component---newResourceUnit--SHORT_TEXT","interaction":{"idSuffix":"inner"}},"wdio_ui5_key":"applicationmanageresources-display-component---newResourceUnit--SHORT_TEXT"}]}
RESULT: {"script":"<script> [1562 bytes]","args":[{"selector":{"id":"application-manageresources-display-component---newResourceUnit--SHORT_TEXT","interaction":{"idSuffix":"inner"}},"wdio_ui5_key":"applicationmanageresources-display-component---newResourceUnit--SHORT_TEXT"}]}
RESULT: undefined
COMMAND: POST /session/36177e4d45fb5698ad30062df7661002/execute/async - {"script":"<script> [776 bytes]","args":[{"enterText":"Intercompany Equipment WDIO","selector":{"id":"application-manageresources-display-component---newResourceUnit--SHORT_TEXT","interaction":{"idSuffix":"inner"}},"clearTextFirst":true,"interactionType":"ENTER_TEXT"}]}
RESULT: {"script":"<script> [776 bytes]","args":[{"enterText":"Intercompany Equipment WDIO","selector":{"id":"application-manageresources-display-component---newResourceUnit--SHORT_TEXT","interaction":{"idSuffix":"inner"}},"clearTextFirst":true,"interactionType":"ENTER_TEXT"}]}
COMMAND: POST /session/36177e4d45fb5698ad30062df7661002/execute/async - {"script":"<script> [1562 bytes]","args":[{"selector":{"id":"application-manageresources-display-component---newResourceUnit--BASE_UNIT_OF_MEASURE","interaction":{"idSuffix":"inner"}},"wdio_ui5_key":"applicationmanageresources-display-component---newResourceUnit--BASE_UNIT_OF_MEASURE"}]}
RESULT: {"script":"<script> [1562 bytes]","args":[{"selector":{"id":"application-manageresources-display-component---newResourceUnit--BASE_UNIT_OF_MEASURE","interaction":{"idSuffix":"inner"}},"wdio_ui5_key":"applicationmanageresources-display-component---newResourceUnit--BASE_UNIT_OF_MEASURE"}]}
RESULT: undefined
COMMAND: POST /session/36177e4d45fb5698ad30062df7661002/execute/async - {"script":"<script> [776 bytes]","args":[{"enterText":"Piece","selector":{"id":"application-manageresources-display-component---newResourceUnit--BASE_UNIT_OF_MEASURE","interaction":{"idSuffix":"inner"}},"clearTextFirst":true,"interactionType":"ENTER_TEXT"}]}
RESULT: {"script":"<script> [776 bytes]","args":[{"enterText":"Piece","selector":{"id":"application-manageresources-display-component---newResourceUnit--BASE_UNIT_OF_MEASURE","interaction":{"idSuffix":"inner"}},"clearTextFirst":true,"interactionType":"ENTER_TEXT"}]}
COMMAND: POST /session/36177e4d45fb5698ad30062df7661002/execute/async - {"script":"<script> [1562 bytes]","args":[{"selector":{"id":"application-manageresources-display-component---newResourceUnit--WEIGHT_UNIT","interaction":{"idSuffix":"inner"}},"wdio_ui5_key":"applicationmanageresources-display-component---newResourceUnit--WEIGHT_UNIT"}]}
RESULT: {"script":"<script> [1562 bytes]","args":[{"selector":{"id":"application-manageresources-display-component---newResourceUnit--WEIGHT_UNIT","interaction":{"idSuffix":"inner"}},"wdio_ui5_key":"applicationmanageresources-display-component---newResourceUnit--WEIGHT_UNIT"}]}
RESULT: undefined
COMMAND: POST /session/36177e4d45fb5698ad30062df7661002/execute/async - {"script":"<script> [776 bytes]","args":[{"enterText":"Gram","selector":{"id":"application-manageresources-display-component---newResourceUnit--WEIGHT_UNIT","interaction":{"idSuffix":"inner"}},"clearTextFirst":true,"interactionType":"ENTER_TEXT"}]}
RESULT: {"script":"<script> [776 bytes]","args":[{"enterText":"Gram","selector":{"id":"application-manageresources-display-component---newResourceUnit--WEIGHT_UNIT","interaction":{"idSuffix":"inner"}},"clearTextFirst":true,"interactionType":"ENTER_TEXT"}]}
COMMAND: POST /session/36177e4d45fb5698ad30062df7661002/execute/async - {"script":"<script> [1562 bytes]","args":[{"selector":{"id":"application-manageresources-display-component---newResourceUnit--DIMENSION_UNIT","interaction":{"idSuffix":"inner"}},"wdio_ui5_key":"applicationmanageresources-display-component---newResourceUnit--DIMENSION_UNIT"}]}
RESULT: {"script":"<script> [1562 bytes]","args":[{"selector":{"id":"application-manageresources-display-component---newResourceUnit--DIMENSION_UNIT","interaction":{"idSuffix":"inner"}},"wdio_ui5_key":"applicationmanageresources-display-component---newResourceUnit--DIMENSION_UNIT"}]}
RESULT: undefined
COMMAND: POST /session/36177e4d45fb5698ad30062df7661002/execute/async - {"script":"<script> [776 bytes]","args":[{"enterText":"Meter","selector":{"id":"application-manageresources-display-component---newResourceUnit--DIMENSION_UNIT","interaction":{"idSuffix":"inner"}},"clearTextFirst":true,"interactionType":"ENTER_TEXT"}]}
RESULT: {"script":"<script> [776 bytes]","args":[{"enterText":"Meter","selector":{"id":"application-manageresources-display-component---newResourceUnit--DIMENSION_UNIT","interaction":{"idSuffix":"inner"}},"clearTextFirst":true,"interactionType":"ENTER_TEXT"}]}
COMMAND: POST /session/36177e4d45fb5698ad30062df7661002/execute/async - {"script":"<script> [1562 bytes]","args":[{"selector":{"id":"application-manageresources-display-component---newResourceUnit--newRRUPage-anchBar-application-manageresources-display-component---newResourceUnit--control-anchor","interaction":{"idSuffix":"BDI-content"}},"wdio_ui5_key":"applicationmanageresources-display-component---newResourceUnit--newRRUPage-anchBar-application-manageresources-display-component---newResourceUnit--control-anchor"}]}
RESULT: {"script":"<script> [1562 bytes]","args":[{"selector":{"id":"application-manageresources-display-component---newResourceUnit--newRRUPage-anchBar-application-manageresources-display-component---newResourceUnit--control-anchor","interaction":{"idSuffix":"BDI-content"}},"wdio_ui5_key":"applicationmanageresources-display-component---newResourceUnit--newRRUPage-anchBar-application-manageresources-display-component---newResourceUnit--control-anchor"}]}
RESULT: undefined
COMMAND: POST /session/36177e4d45fb5698ad30062df7661002/element - {"using":"xpath","value":"//*[@id=\"application-manageresources-display-component---newResourceUnit--newRRUPage-anchBar-application-manageresources-display-component---newResourceUnit--control-anchor\"]"}
RESULT: {"using":"xpath","value":"//*[@id=\"application-manageresources-display-component---newResourceUnit--newRRUPage-anchBar-application-manageresources-display-component---newResourceUnit--control-anchor\"]"}
COMMAND: POST /session/36177e4d45fb5698ad30062df7661002/element/f.165F0B9F83AB8D5533DBC2556707DBA6.d.19AA826F96E4C286567F60F02ACDF39F.e.9486/click - {}
RESULT: {}
COMMAND: POST /session/36177e4d45fb5698ad30062df7661002/execute/async - {"script":"<script> [1562 bytes]","args":[{"selector":{"id":"application-manageresources-display-component---newResourceUnit--PLANNING_GROUP","interaction":{"idSuffix":"inner"}},"wdio_ui5_key":"applicationmanageresources-display-component---newResourceUnit--PLANNING_GROUP"}]}
COMMAND: GET /session/36177e4d45fb5698ad30062df7661002/screenshot - {}
RESULT: {"script":"<script> [1562 bytes]","args":[{"selector":{"id":"application-manageresources-display-component---newResourceUnit--PLANNING_GROUP","interaction":{"idSuffix":"inner"}},"wdio_ui5_key":"applicationmanageresources-display-component---newResourceUnit--PLANNING_GROUP"}]}
RESULT: undefined
COMMAND: POST /session/36177e4d45fb5698ad30062df7661002/execute/async - {"script":"<script> [776 bytes]","args":[{"enterText":"Heavy Equi","selector":{"id":"application-manageresources-display-component---newResourceUnit--PLANNING_GROUP","interaction":{"idSuffix":"inner"}},"clearTextFirst":true,"interactionType":"ENTER_TEXT"}]}
RESULT: {}
RESULT: {"script":"<script> [776 bytes]","args":[{"enterText":"Heavy Equi","selector":{"id":"application-manageresources-display-component---newResourceUnit--PLANNING_GROUP","interaction":{"idSuffix":"inner"}},"clearTextFirst":true,"interactionType":"ENTER_TEXT"}]}
COMMAND: POST /session/36177e4d45fb5698ad30062df7661002/execute/async - {"script":"<script> [1562 bytes]","args":[{"selector":{"id":"application-manageresources-display-component---newResourceUnit--ITEM_TYPE-arrow"},"wdio_ui5_key":"applicationmanageresources-display-component---newResourceUnit--ITEM_TYPE-arrow"}]}
RESULT: {"script":"<script> [1562 bytes]","args":[{"selector":{"id":"application-manageresources-display-component---newResourceUnit--ITEM_TYPE-arrow"},"wdio_ui5_key":"applicationmanageresources-display-component---newResourceUnit--ITEM_TYPE-arrow"}]}
RESULT: undefined
COMMAND: POST /session/36177e4d45fb5698ad30062df7661002/element - {"using":"xpath","value":"//*[@id=\"application-manageresources-display-component---newResourceUnit--ITEM_TYPE-arrow\"]"}
RESULT: {"using":"xpath","value":"//*[@id=\"application-manageresources-display-component---newResourceUnit--ITEM_TYPE-arrow\"]"}
COMMAND: POST /session/36177e4d45fb5698ad30062df7661002/element/f.165F0B9F83AB8D5533DBC2556707DBA6.d.19AA826F96E4C286567F60F02ACDF39F.e.9495/click - {}
RESULT: {}
COMMAND: POST /session/36177e4d45fb5698ad30062df7661002/element - {"using":"xpath","value":"(//span[contains(text(), \"Resource Unit\")])[2]"}
COMMAND: GET /session/36177e4d45fb5698ad30062df7661002/screenshot - {}
RESULT: {"using":"xpath","value":"(//span[contains(text(), \"Resource Unit\")])[2]"}
COMMAND: POST /session/36177e4d45fb5698ad30062df7661002/element/f.165F0B9F83AB8D5533DBC2556707DBA6.d.19AA826F96E4C286567F60F02ACDF39F.e.9496/click - {}
RESULT: {}
RESULT: {}
COMMAND: GET /session/36177e4d45fb5698ad30062df7661002/screenshot - {}
RESULT: {}
COMMAND: POST /session/36177e4d45fb5698ad30062df7661002/element - {"using":"css selector","value":"#application-manageresources-display-component---newResourceUnit--btnAddTimeSegment"}
RESULT: {"using":"css selector","value":"#application-manageresources-display-component---newResourceUnit--btnAddTimeSegment"}
COMMAND: GET /session/36177e4d45fb5698ad30062df7661002/element/f.165F0B9F83AB8D5533DBC2556707DBA6.d.19AA826F96E4C286567F60F02ACDF39F.e.9497/rect - {}
RESULT: {}
COMMAND: GET /session/36177e4d45fb5698ad30062df7661002/window/rect - {}
RESULT: {}
COMMAND: POST /session/36177e4d45fb5698ad30062df7661002/execute/sync - {"script":"<script> [92 bytes]","args":[]}
RESULT: {"script":"<script> [92 bytes]","args":[]}
COMMAND: POST /session/36177e4d45fb5698ad30062df7661002/actions - {"actions":[{"id":"action29","type":"wheel","parameters":{},"actions":[{"type":"scroll","x":-1888,"y":-32,"deltaX":0,"deltaY":0,"duration":0,"origin":{"element-6066-11e4-a52e-4f735466cecf":"f.165F0B9F83AB8D5533DBC2556707DBA6.d.19AA826F96E4C286567F60F02ACDF39F.e.9497"}}]}]}
COMMAND: GET /session/36177e4d45fb5698ad30062df7661002/screenshot - {}
RESULT: {}
COMMAND: POST /session/36177e4d45fb5698ad30062df7661002/execute/sync - {"script":"<script> [79 bytes]","args":[{"element-6066-11e4-a52e-4f735466cecf":"f.165F0B9F83AB8D5533DBC2556707DBA6.d.19AA826F96E4C286567F60F02ACDF39F.e.9497","ELEMENT":"f.165F0B9F83AB8D5533DBC2556707DBA6.d.19AA826F96E4C286567F60F02ACDF39F.e.9497"},{"block":"start","inline":"nearest"}]}
RESULT: {"script":"<script> [79 bytes]","args":[{"element-6066-11e4-a52e-4f735466cecf":"f.165F0B9F83AB8D5533DBC2556707DBA6.d.19AA826F96E4C286567F60F02ACDF39F.e.9497","ELEMENT":"f.165F0B9F83AB8D5533DBC2556707DBA6.d.19AA826F96E4C286567F60F02ACDF39F.e.9497"},{"block":"start","inline":"nearest"}]}
COMMAND: POST /session/36177e4d45fb5698ad30062df7661002/execute/async - {"script":"<script> [1562 bytes]","args":[{"selector":{"id":"application-manageresources-display-component---newResourceUnit--btnAddTimeSegment","interaction":{"idSuffix":"inner"}},"wdio_ui5_key":"applicationmanageresources-display-component---newResourceUnit--btnAddTimeSegment"}]}
COMMAND: GET /session/36177e4d45fb5698ad30062df7661002/screenshot - {}
RESULT: {"script":"<script> [1562 bytes]","args":[{"selector":{"id":"application-manageresources-display-component---newResourceUnit--btnAddTimeSegment","interaction":{"idSuffix":"inner"}},"wdio_ui5_key":"applicationmanageresources-display-component---newResourceUnit--btnAddTimeSegment"}]}
RESULT: undefined
COMMAND: POST /session/36177e4d45fb5698ad30062df7661002/element - {"using":"xpath","value":"//*[@id=\"application-manageresources-display-component---newResourceUnit--btnAddTimeSegment\"]"}
RESULT: {}
RESULT: {"using":"xpath","value":"//*[@id=\"application-manageresources-display-component---newResourceUnit--btnAddTimeSegment\"]"}
COMMAND: POST /session/36177e4d45fb5698ad30062df7661002/element/f.165F0B9F83AB8D5533DBC2556707DBA6.d.19AA826F96E4C286567F60F02ACDF39F.e.9497/click - {}
RESULT: {}
COMMAND: GET /session/36177e4d45fb5698ad30062df7661002/screenshot - {}
RESULT: {}
COMMAND: POST /session/36177e4d45fb5698ad30062df7661002/element - {"using":"xpath","value":"//input[@id=\"application-manageresources-display-component---newResourceUnit--idRuTSAdmin-application-manageresources-display-component---newResourceUnit--RUTimeSegment-0-inner\"]"}
RESULT: {"using":"xpath","value":"//input[@id=\"application-manageresources-display-component---newResourceUnit--idRuTSAdmin-application-manageresources-display-component---newResourceUnit--RUTimeSegment-0-inner\"]"}
COMMAND: POST /session/36177e4d45fb5698ad30062df7661002/element/f.165F0B9F83AB8D5533DBC2556707DBA6.d.19AA826F96E4C286567F60F02ACDF39F.e.9503/clear - {}
RESULT: {}
COMMAND: POST /session/36177e4d45fb5698ad30062df7661002/element/f.165F0B9F83AB8D5533DBC2556707DBA6.d.19AA826F96E4C286567F60F02ACDF39F.e.9503/value - {"text":"435"}
COMMAND: GET /session/36177e4d45fb5698ad30062df7661002/screenshot - {}
RESULT: {"text":"435"}
COMMAND: GET /session/36177e4d45fb5698ad30062df7661002/screenshot - {}
RESULT: {}
RESULT: {}
COMMAND: POST /session/36177e4d45fb5698ad30062df7661002/element - {"using":"xpath","value":"//li[.//span[text()='435']]"}
RESULT: {"using":"xpath","value":"//li[.//span[text()='435']]"}
COMMAND: POST /session/36177e4d45fb5698ad30062df7661002/element/f.165F0B9F83AB8D5533DBC2556707DBA6.d.19AA826F96E4C286567F60F02ACDF39F.e.9515/click - {}
RESULT: {}
COMMAND: GET /session/36177e4d45fb5698ad30062df7661002/screenshot - {}
RESULT: {}
COMMAND: POST /session/36177e4d45fb5698ad30062df7661002/element - {"using":"xpath","value":"(//span[contains(@id, \"-application-manageresources-display-component---newResourceUnit--RUTimeSegment-0-arrow\")])[6]"}
RESULT: {"using":"xpath","value":"(//span[contains(@id, \"-application-manageresources-display-component---newResourceUnit--RUTimeSegment-0-arrow\")])[6]"}
COMMAND: POST /session/36177e4d45fb5698ad30062df7661002/element/f.165F0B9F83AB8D5533DBC2556707DBA6.d.19AA826F96E4C286567F60F02ACDF39F.e.9516/click - {}
RESULT: {}
COMMAND: GET /session/36177e4d45fb5698ad30062df7661002/screenshot - {}
RESULT: {}
COMMAND: POST /session/36177e4d45fb5698ad30062df7661002/element - {"using":"xpath","value":"//span[contains(text(), \"PM Order\")]"}
RESULT: {"using":"xpath","value":"//span[contains(text(), \"PM Order\")]"}
COMMAND: POST /session/36177e4d45fb5698ad30062df7661002/element/f.165F0B9F83AB8D5533DBC2556707DBA6.d.19AA826F96E4C286567F60F02ACDF39F.e.9519/click - {}
RESULT: {}
COMMAND: GET /session/36177e4d45fb5698ad30062df7661002/screenshot - {}
RESULT: {}
COMMAND: POST /session/36177e4d45fb5698ad30062df7661002/element - {"using":"xpath","value":"(//span[contains(@id ,\"manageresources-display-component---newResourceUnit--RUTimeSegment-0-vhi\")])[1]"}
RESULT: {"using":"xpath","value":"(//span[contains(@id ,\"manageresources-display-component---newResourceUnit--RUTimeSegment-0-vhi\")])[1]"}
COMMAND: GET /session/36177e4d45fb5698ad30062df7661002/element/f.165F0B9F83AB8D5533DBC2556707DBA6.d.19AA826F96E4C286567F60F02ACDF39F.e.9523/rect - {}
RESULT: {}
COMMAND: GET /session/36177e4d45fb5698ad30062df7661002/window/rect - {}
RESULT: {}
COMMAND: POST /session/36177e4d45fb5698ad30062df7661002/execute/sync - {"script":"<script> [92 bytes]","args":[]}
RESULT: {"script":"<script> [92 bytes]","args":[]}
COMMAND: POST /session/36177e4d45fb5698ad30062df7661002/actions - {"actions":[{"id":"action30","type":"wheel","parameters":{},"actions":[{"type":"scroll","x":-869,"y":-24,"deltaX":0,"deltaY":0,"duration":0,"origin":{"element-6066-11e4-a52e-4f735466cecf":"f.165F0B9F83AB8D5533DBC2556707DBA6.d.19AA826F96E4C286567F60F02ACDF39F.e.9523"}}]}]}
COMMAND: GET /session/36177e4d45fb5698ad30062df7661002/screenshot - {}
RESULT: {"actions":[{"id":"action30","type":"wheel","parameters":{},"actions":[{"type":"scroll","x":-869,"y":-24,"deltaX":0,"deltaY":0,"duration":0,"origin":{"element-6066-11e4-a52e-4f735466cecf":"f.165F0B9F83AB8D5533DBC2556707DBA6.d.19AA826F96E4C286567F60F02ACDF39F.e.9523"}}]}]}
COMMAND: DELETE /session/36177e4d45fb5698ad30062df7661002/actions - {}
COMMAND: GET /session/36177e4d45fb5698ad30062df7661002/screenshot - {}
RESULT: {}
RESULT: {}
COMMAND: GET /session/36177e4d45fb5698ad30062df7661002/screenshot - {}
RESULT: {}
RESULT: {}
COMMAND: POST /session/36177e4d45fb5698ad30062df7661002/element/f.165F0B9F83AB8D5533DBC2556707DBA6.d.19AA826F96E4C286567F60F02ACDF39F.e.9523/click - {}
RESULT: {}
COMMAND: GET /session/36177e4d45fb5698ad30062df7661002/screenshot - {}
RESULT: {}
RESULT: undefined
COMMAND: POST /session/36177e4d45fb5698ad30062df7661002/execute/async - {"script":"<script> [776 bytes]","args":[{"enterText":"4000360","selector":{"controlType":"sap.m.SearchField","properties":{"placeholder":"Search"},"searchOpenDialogs":true,"interaction":{"idSuffix":"I"}},"clearTextFirst":true,"interactionType":"ENTER_TEXT"}]}
RESULT: {"script":"<script> [776 bytes]","args":[{"enterText":"4000360","selector":{"controlType":"sap.m.SearchField","properties":{"placeholder":"Search"},"searchOpenDialogs":true,"interaction":{"idSuffix":"I"}},"clearTextFirst":true,"interactionType":"ENTER_TEXT"}]}
COMMAND: POST /session/36177e4d45fb5698ad30062df7661002/actions - {"actions":[{"id":"action31","type":"key","parameters":{},"actions":[{"type":"keyDown","value":"î€‡"},{"type":"pause","duration":10},{"type":"keyUp","value":"î€‡"}]}]}
RESULT: {"actions":[{"id":"action31","type":"key","parameters":{},"actions":[{"type":"keyDown","value":"î€‡"},{"type":"pause","duration":10},{"type":"keyUp","value":"î€‡"}]}]}
COMMAND: GET /session/36177e4d45fb5698ad30062df7661002/screenshot - {}
RESULT: {}
COMMAND: POST /session/36177e4d45fb5698ad30062df7661002/element - {"using":"xpath","value":"//td/div/span[contains(text(), \"BGL Vehicles\")]"}
RESULT: {"using":"xpath","value":"//td/div/span[contains(text(), \"BGL Vehicles\")]"}
COMMAND: POST /session/36177e4d45fb5698ad30062df7661002/element/f.165F0B9F83AB8D5533DBC2556707DBA6.d.19AA826F96E4C286567F60F02ACDF39F.e.9542/click - {}
RESULT: {}
COMMAND: GET /session/36177e4d45fb5698ad30062df7661002/screenshot - {}
RESULT: {}
COMMAND: POST /session/36177e4d45fb5698ad30062df7661002/element - {"using":"xpath","value":"//bdi[contains(text(), \"OK\")]"}
RESULT: {"using":"xpath","value":"//bdi[contains(text(), \"OK\")]"}
COMMAND: POST /session/36177e4d45fb5698ad30062df7661002/element/f.165F0B9F83AB8D5533DBC2556707DBA6.d.19AA826F96E4C286567F60F02ACDF39F.e.9543/click - {}
RESULT: {}
COMMAND: GET /session/36177e4d45fb5698ad30062df7661002/screenshot - {}
RESULT: {}
COMMAND: POST /session/36177e4d45fb5698ad30062df7661002/execute/async - {"script":"<script> [1562 bytes]","args":[{"selector":{"id":"application-manageresources-display-component---newResourceUnit--newRRUPage-anchBar-application-manageresources-display-component---newResourceUnit--resource-anchor","interaction":{"idSuffix":"BDI-content"}},"wdio_ui5_key":"applicationmanageresources-display-component---newResourceUnit--newRRUPage-anchBar-application-manageresources-display-component---newResourceUnit--resource-anchor"}]}
RESULT: {"script":"<script> [1562 bytes]","args":[{"selector":{"id":"application-manageresources-display-component---newResourceUnit--newRRUPage-anchBar-application-manageresources-display-component---newResourceUnit--resource-anchor","interaction":{"idSuffix":"BDI-content"}},"wdio_ui5_key":"applicationmanageresources-display-component---newResourceUnit--newRRUPage-anchBar-application-manageresources-display-component---newResourceUnit--resource-anchor"}]}
RESULT: undefined
COMMAND: POST /session/36177e4d45fb5698ad30062df7661002/element - {"using":"xpath","value":"//*[@id=\"application-manageresources-display-component---newResourceUnit--newRRUPage-anchBar-application-manageresources-display-component---newResourceUnit--resource-anchor\"]"}
RESULT: {"using":"xpath","value":"//*[@id=\"application-manageresources-display-component---newResourceUnit--newRRUPage-anchBar-application-manageresources-display-component---newResourceUnit--resource-anchor\"]"}
COMMAND: POST /session/36177e4d45fb5698ad30062df7661002/element/f.165F0B9F83AB8D5533DBC2556707DBA6.d.19AA826F96E4C286567F60F02ACDF39F.e.9547/click - {}
RESULT: {}
COMMAND: POST /session/36177e4d45fb5698ad30062df7661002/execute/async - {"script":"<script> [1562 bytes]","args":[{"selector":{"id":"application-manageresources-display-component---newResourceUnit--PLANNED_DELIVERY_DATE","interaction":{"idSuffix":"inner"}},"wdio_ui5_key":"applicationmanageresources-display-component---newResourceUnit--PLANNED_DELIVERY_DATE"}]}
COMMAND: GET /session/36177e4d45fb5698ad30062df7661002/screenshot - {}
RESULT: {"script":"<script> [1562 bytes]","args":[{"selector":{"id":"application-manageresources-display-component---newResourceUnit--PLANNED_DELIVERY_DATE","interaction":{"idSuffix":"inner"}},"wdio_ui5_key":"applicationmanageresources-display-component---newResourceUnit--PLANNED_DELIVERY_DATE"}]}
RESULT: undefined
COMMAND: POST /session/36177e4d45fb5698ad30062df7661002/execute/async - {"script":"<script> [6424 bytes]","args":[{"element-6066-11e4-a52e-4f735466cecf":"f.165F0B9F83AB8D5533DBC2556707DBA6.d.19AA826F96E4C286567F60F02ACDF39F.e.9411"},"setValue",["5/16/25"]]}
RESULT: {}
RESULT: {"script":"<script> [6424 bytes]","args":[{"element-6066-11e4-a52e-4f735466cecf":"f.165F0B9F83AB8D5533DBC2556707DBA6.d.19AA826F96E4C286567F60F02ACDF39F.e.9411"},"setValue",["5/16/25"]]}
COMMAND: POST /session/36177e4d45fb5698ad30062df7661002/element - {"using":"xpath","value":"//label[contains(@class, 'sapMLabelRequired') and .//bdi[contains(text(), 'Planned Retirement')]]"}
RESULT: {"using":"xpath","value":"//label[contains(@class, 'sapMLabelRequired') and .//bdi[contains(text(), 'Planned Retirement')]]"}
COMMAND: POST /session/36177e4d45fb5698ad30062df7661002/elements - {"using":"xpath","value":"//label[contains(@class, 'sapMLabelRequired') and .//bdi[contains(text(), 'Planned Retirement')]]"}
RESULT: {"using":"xpath","value":"//label[contains(@class, 'sapMLabelRequired') and .//bdi[contains(text(), 'Planned Retirement')]]"}
COMMAND: POST /session/36177e4d45fb5698ad30062df7661002/element - {"using":"xpath","value":"//button[@data-kt=\"resourceUnitSaveButton\"]"}
RESULT: {"using":"xpath","value":"//button[@data-kt=\"resourceUnitSaveButton\"]"}
COMMAND: POST /session/36177e4d45fb5698ad30062df7661002/element/f.165F0B9F83AB8D5533DBC2556707DBA6.d.19AA826F96E4C286567F60F02ACDF39F.e.9372/click - {}
RESULT: {}
COMMAND: GET /session/36177e4d45fb5698ad30062df7661002/screenshot - {}
RESULT: {}
COMMAND: POST /session/36177e4d45fb5698ad30062df7661002/element - {"using":"xpath","value":"//bdi[contains(text(), \"Close\")]"}
RESULT: {"using":"xpath","value":"//bdi[contains(text(), \"Close\")]"}
COMMAND: POST /session/36177e4d45fb5698ad30062df7661002/element/f.165F0B9F83AB8D5533DBC2556707DBA6.d.19AA826F96E4C286567F60F02ACDF39F.e.9555/click - {}
RESULT: {}
COMMAND: GET /session/36177e4d45fb5698ad30062df7661002/screenshot - {}
RESULT: {}
COMMAND: POST /session/36177e4d45fb5698ad30062df7661002/element - {"using":"xpath","value":"//bdi[contains(text(), \"Edit\")]"}
RESULT: {"using":"xpath","value":"//bdi[contains(text(), \"Edit\")]"}
COMMAND: POST /session/36177e4d45fb5698ad30062df7661002/execute/sync - {"script":"<script> [8489 bytes]","args":[{"element-6066-11e4-a52e-4f735466cecf":"f.165F0B9F83AB8D5533DBC2556707DBA6.d.19AA826F96E4C286567F60F02ACDF39F.e.9585","ELEMENT":"f.165F0B9F83AB8D5533DBC2556707DBA6.d.19AA826F96E4C286567F60F02ACDF39F.e.9585"}]}
RESULT: {"script":"<script> [8489 bytes]","args":[{"element-6066-11e4-a52e-4f735466cecf":"f.165F0B9F83AB8D5533DBC2556707DBA6.d.19AA826F96E4C286567F60F02ACDF39F.e.9585","ELEMENT":"f.165F0B9F83AB8D5533DBC2556707DBA6.d.19AA826F96E4C286567F60F02ACDF39F.e.9585"}]}
COMMAND: POST /session/36177e4d45fb5698ad30062df7661002/element/f.165F0B9F83AB8D5533DBC2556707DBA6.d.19AA826F96E4C286567F60F02ACDF39F.e.9585/click - {}
COMMAND: GET /session/36177e4d45fb5698ad30062df7661002/screenshot - {}
RESULT: {}
COMMAND: GET /session/36177e4d45fb5698ad30062df7661002/screenshot - {}
RESULT: {}
RESULT: {}
COMMAND: POST /session/36177e4d45fb5698ad30062df7661002/execute/async - {"script":"<script> [1562 bytes]","args":[{"selector":{"id":"application-manageresources-display-component---editResource--editRruPage-anchBar-application-manageresources-display-component---editResource--counters-anchor","interaction":{"idSuffix":"BDI-content"}},"wdio_ui5_key":"applicationmanageresources-display-component---editResource--editRruPage-anchBar-application-manageresources-display-component---editResource--counters-anchor"}]}
RESULT: {"script":"<script> [1562 bytes]","args":[{"selector":{"id":"application-manageresources-display-component---editResource--editRruPage-anchBar-application-manageresources-display-component---editResource--counters-anchor","interaction":{"idSuffix":"BDI-content"}},"wdio_ui5_key":"applicationmanageresources-display-component---editResource--editRruPage-anchBar-application-manageresources-display-component---editResource--counters-anchor"}]}
RESULT: undefined
COMMAND: POST /session/36177e4d45fb5698ad30062df7661002/element - {"using":"xpath","value":"//*[@id=\"application-manageresources-display-component---editResource--editRruPage-anchBar-application-manageresources-display-component---editResource--counters-anchor\"]"}
RESULT: {"using":"xpath","value":"//*[@id=\"application-manageresources-display-component---editResource--editRruPage-anchBar-application-manageresources-display-component---editResource--counters-anchor\"]"}
COMMAND: POST /session/36177e4d45fb5698ad30062df7661002/element/f.165F0B9F83AB8D5533DBC2556707DBA6.d.19AA826F96E4C286567F60F02ACDF39F.e.9696/click - {}
RESULT: {}
COMMAND: GET /session/36177e4d45fb5698ad30062df7661002/screenshot - {}
RESULT: {}
COMMAND: POST /session/36177e4d45fb5698ad30062df7661002/execute/async - {"script":"<script> [1562 bytes]","args":[{"selector":{"id":"application-manageresources-display-component---editResource--btnAddCounter-img"},"wdio_ui5_key":"applicationmanageresources-display-component---editResource--btnAddCounter-img"}]}
RESULT: {"script":"<script> [1562 bytes]","args":[{"selector":{"id":"application-manageresources-display-component---editResource--btnAddCounter-img"},"wdio_ui5_key":"applicationmanageresources-display-component---editResource--btnAddCounter-img"}]}
RESULT: undefined
COMMAND: POST /session/36177e4d45fb5698ad30062df7661002/element - {"using":"xpath","value":"//*[@id=\"application-manageresources-display-component---editResource--btnAddCounter-img\"]"}
RESULT: {"using":"xpath","value":"//*[@id=\"application-manageresources-display-component---editResource--btnAddCounter-img\"]"}
COMMAND: POST /session/36177e4d45fb5698ad30062df7661002/element/f.165F0B9F83AB8D5533DBC2556707DBA6.d.19AA826F96E4C286567F60F02ACDF39F.e.9730/click - {}
RESULT: {}
COMMAND: POST /session/36177e4d45fb5698ad30062df7661002/execute/async - {"script":"<script> [1562 bytes]","args":[{"selector":{"id":"application-manageresources-display-component---editResource--COUNTER_ID-application-manageresources-display-component---editResource--RUCounters-0-arrow"},"wdio_ui5_key":"applicationmanageresources-display-component---editResource--COUNTER_ID-application-manageresources-display-component---editResource--RUCounters-0-arrow"}]}
COMMAND: GET /session/36177e4d45fb5698ad30062df7661002/screenshot - {}
RESULT: {"script":"<script> [1562 bytes]","args":[{"selector":{"id":"application-manageresources-display-component---editResource--COUNTER_ID-application-manageresources-display-component---editResource--RUCounters-0-arrow"},"wdio_ui5_key":"applicationmanageresources-display-component---editResource--COUNTER_ID-application-manageresources-display-component---editResource--RUCounters-0-arrow"}]}
RESULT: undefined
COMMAND: POST /session/36177e4d45fb5698ad30062df7661002/element - {"using":"xpath","value":"//*[@id=\"application-manageresources-display-component---editResource--COUNTER_ID-application-manageresources-display-component---editResource--RUCounters-0-arrow\"]"}
RESULT: {}
RESULT: {"using":"xpath","value":"//*[@id=\"application-manageresources-display-component---editResource--COUNTER_ID-application-manageresources-display-component---editResource--RUCounters-0-arrow\"]"}
COMMAND: POST /session/36177e4d45fb5698ad30062df7661002/element/f.165F0B9F83AB8D5533DBC2556707DBA6.d.19AA826F96E4C286567F60F02ACDF39F.e.9737/click - {}
RESULT: {}
COMMAND: POST /session/36177e4d45fb5698ad30062df7661002/execute/async - {"script":"<script> [1562 bytes]","args":[{"selector":{"controlType":"sap.m.StandardListItem","viewName":"etm.portal.ui.manageresources.view.EditResource","viewId":"application-manageresources-display-component---editResource","properties":{"title":"fuel"},"searchOpenDialogs":true,"interaction":{"idSuffix":"content"}},"wdio_ui5_key":"etmportal.ui.manageresources.view.EditResourcesap.m.StandardListItem{\"title\":\"fuel\"}"}]}
COMMAND: GET /session/36177e4d45fb5698ad30062df7661002/screenshot - {}
RESULT: {"script":"<script> [1562 bytes]","args":[{"selector":{"controlType":"sap.m.StandardListItem","viewName":"etm.portal.ui.manageresources.view.EditResource","viewId":"application-manageresources-display-component---editResource","properties":{"title":"fuel"},"searchOpenDialogs":true,"interaction":{"idSuffix":"content"}},"wdio_ui5_key":"etmportal.ui.manageresources.view.EditResourcesap.m.StandardListItem{\"title\":\"fuel\"}"}]}
RESULT: undefined
COMMAND: POST /session/36177e4d45fb5698ad30062df7661002/element - {"using":"xpath","value":"//*[@id=\"__item2240\"]"}
RESULT: {}
RESULT: {"using":"xpath","value":"//*[@id=\"__item2240\"]"}
COMMAND: POST /session/36177e4d45fb5698ad30062df7661002/element/f.165F0B9F83AB8D5533DBC2556707DBA6.d.19AA826F96E4C286567F60F02ACDF39F.e.9739/click - {}
RESULT: {}
COMMAND: GET /session/36177e4d45fb5698ad30062df7661002/screenshot - {}
RESULT: {}
COMMAND: POST /session/36177e4d45fb5698ad30062df7661002/element - {"using":"xpath","value":"//button[@data-kt=\"saveButton\"]"}
RESULT: {"using":"xpath","value":"//button[@data-kt=\"saveButton\"]"}
COMMAND: POST /session/36177e4d45fb5698ad30062df7661002/element/f.165F0B9F83AB8D5533DBC2556707DBA6.d.19AA826F96E4C286567F60F02ACDF39F.e.9740/click - {}
RESULT: {}
COMMAND: GET /session/36177e4d45fb5698ad30062df7661002/screenshot - {}
RESULT: {}
COMMAND: POST /session/36177e4d45fb5698ad30062df7661002/element - {"using":"xpath","value":"(//button[contains(@id ,\"actionsToolbar-overflowButton\")])[1]"}
RESULT: {"using":"xpath","value":"(//button[contains(@id ,\"actionsToolbar-overflowButton\")])[1]"}
COMMAND: POST /session/36177e4d45fb5698ad30062df7661002/element/f.165F0B9F83AB8D5533DBC2556707DBA6.d.19AA826F96E4C286567F60F02ACDF39F.e.9751/click - {}
RESULT: {}
COMMAND: GET /session/36177e4d45fb5698ad30062df7661002/screenshot - {}
RESULT: {}
COMMAND: POST /session/36177e4d45fb5698ad30062df7661002/element - {"using":"xpath","value":"//button[@data-kt=\"priceInfoButton\"]"}
RESULT: {"using":"xpath","value":"//button[@data-kt=\"priceInfoButton\"]"}
COMMAND: POST /session/36177e4d45fb5698ad30062df7661002/element/f.165F0B9F83AB8D5533DBC2556707DBA6.d.19AA826F96E4C286567F60F02ACDF39F.e.9753/click - {}
RESULT: {}
COMMAND: GET /session/36177e4d45fb5698ad30062df7661002/screenshot - {}
RESULT: {}
]]></system-out>
    </testcase>
    <testcase classname="chrome.136_0_7103_93.windows.Create_master_data_for_mixed_billing_&amp;_do_billing_calculation_US151661" name="Should create a TB pricing procedure" time="58.574">
      <system-out><![CDATA[
COMMAND: POST /session/36177e4d45fb5698ad30062df7661002/element - {"using":"xpath","value":"//button[@data-kt=\"addButton\"]"}
RESULT: {"using":"xpath","value":"//button[@data-kt=\"addButton\"]"}
COMMAND: POST /session/36177e4d45fb5698ad30062df7661002/elements - {"using":"xpath","value":"//button[@data-kt=\"addButton\"]"}
RESULT: {"using":"xpath","value":"//button[@data-kt=\"addButton\"]"}
COMMAND: POST /session/36177e4d45fb5698ad30062df7661002/execute/sync - {"script":"<script> [8489 bytes]","args":[{"element-6066-11e4-a52e-4f735466cecf":"f.165F0B9F83AB8D5533DBC2556707DBA6.d.19AA826F96E4C286567F60F02ACDF39F.e.9792","ELEMENT":"f.165F0B9F83AB8D5533DBC2556707DBA6.d.19AA826F96E4C286567F60F02ACDF39F.e.9792"}]}
RESULT: {"script":"<script> [8489 bytes]","args":[{"element-6066-11e4-a52e-4f735466cecf":"f.165F0B9F83AB8D5533DBC2556707DBA6.d.19AA826F96E4C286567F60F02ACDF39F.e.9792","ELEMENT":"f.165F0B9F83AB8D5533DBC2556707DBA6.d.19AA826F96E4C286567F60F02ACDF39F.e.9792"}]}
COMMAND: GET /session/36177e4d45fb5698ad30062df7661002/element/f.165F0B9F83AB8D5533DBC2556707DBA6.d.19AA826F96E4C286567F60F02ACDF39F.e.9792/enabled - {}
COMMAND: GET /session/36177e4d45fb5698ad30062df7661002/screenshot - {}
RESULT: {}
COMMAND: POST /session/36177e4d45fb5698ad30062df7661002/execute/sync - {"script":"<script> [8489 bytes]","args":[{"element-6066-11e4-a52e-4f735466cecf":"f.165F0B9F83AB8D5533DBC2556707DBA6.d.19AA826F96E4C286567F60F02ACDF39F.e.9792","ELEMENT":"f.165F0B9F83AB8D5533DBC2556707DBA6.d.19AA826F96E4C286567F60F02ACDF39F.e.9792"}]}
COMMAND: GET /session/36177e4d45fb5698ad30062df7661002/screenshot - {}
RESULT: {}
RESULT: {"script":"<script> [8489 bytes]","args":[{"element-6066-11e4-a52e-4f735466cecf":"f.165F0B9F83AB8D5533DBC2556707DBA6.d.19AA826F96E4C286567F60F02ACDF39F.e.9792","ELEMENT":"f.165F0B9F83AB8D5533DBC2556707DBA6.d.19AA826F96E4C286567F60F02ACDF39F.e.9792"}]}
COMMAND: POST /session/36177e4d45fb5698ad30062df7661002/execute/sync - {"script":"<script> [5351 bytes]","args":[{"element-6066-11e4-a52e-4f735466cecf":"f.165F0B9F83AB8D5533DBC2556707DBA6.d.19AA826F96E4C286567F60F02ACDF39F.e.9792","ELEMENT":"f.165F0B9F83AB8D5533DBC2556707DBA6.d.19AA826F96E4C286567F60F02ACDF39F.e.9792"}]}
COMMAND: GET /session/36177e4d45fb5698ad30062df7661002/screenshot - {}
RESULT: {}
RESULT: {"script":"<script> [5351 bytes]","args":[{"element-6066-11e4-a52e-4f735466cecf":"f.165F0B9F83AB8D5533DBC2556707DBA6.d.19AA826F96E4C286567F60F02ACDF39F.e.9792","ELEMENT":"f.165F0B9F83AB8D5533DBC2556707DBA6.d.19AA826F96E4C286567F60F02ACDF39F.e.9792"}]}
COMMAND: POST /session/36177e4d45fb5698ad30062df7661002/element/f.165F0B9F83AB8D5533DBC2556707DBA6.d.19AA826F96E4C286567F60F02ACDF39F.e.9792/click - {}
COMMAND: GET /session/36177e4d45fb5698ad30062df7661002/screenshot - {}
RESULT: {}
RESULT: {}
COMMAND: GET /session/36177e4d45fb5698ad30062df7661002/screenshot - {}
RESULT: {}
RESULT: {}
COMMAND: POST /session/36177e4d45fb5698ad30062df7661002/execute/async - {"script":"<script> [1562 bytes]","args":[{"selector":{"controlType":"sap.m.Title","viewName":"etm.portal.ui.managepricingrules.view.NewItem","viewId":"application-managepricingrules-display-component---newInfoPriceItem","properties":{"text":"New Pricing Rules - Item Level"}},"wdio_ui5_key":"etmportal.ui.managepricingrules.view.NewItemsap.m.Title{\"text\":\"New Pricing Rules - Item Level\"}"}]}
RESULT: {"script":"<script> [1562 bytes]","args":[{"selector":{"controlType":"sap.m.Title","viewName":"etm.portal.ui.managepricingrules.view.NewItem","viewId":"application-managepricingrules-display-component---newInfoPriceItem","properties":{"text":"New Pricing Rules - Item Level"}},"wdio_ui5_key":"etmportal.ui.managepricingrules.view.NewItemsap.m.Title{\"text\":\"New Pricing Rules - Item Level\"}"}]}
RESULT: undefined
COMMAND: POST /session/36177e4d45fb5698ad30062df7661002/execute/async - {"script":"<script> [6424 bytes]","args":[{"element-6066-11e4-a52e-4f735466cecf":"f.165F0B9F83AB8D5533DBC2556707DBA6.d.19AA826F96E4C286567F60F02ACDF39F.e.9919"},"getText",[]]}
RESULT: {"script":"<script> [6424 bytes]","args":[{"element-6066-11e4-a52e-4f735466cecf":"f.165F0B9F83AB8D5533DBC2556707DBA6.d.19AA826F96E4C286567F60F02ACDF39F.e.9919"},"getText",[]]}
COMMAND: POST /session/36177e4d45fb5698ad30062df7661002/execute/async - {"script":"<script> [1562 bytes]","args":[{"selector":{"id":"application-managepricingrules-display-component---newInfoPriceItem--condValidTo","interaction":{"idSuffix":"inner"}},"wdio_ui5_key":"applicationmanagepricingrules-display-component---newInfoPriceItem--condValidTo"}]}
RESULT: {"script":"<script> [1562 bytes]","args":[{"selector":{"id":"application-managepricingrules-display-component---newInfoPriceItem--condValidTo","interaction":{"idSuffix":"inner"}},"wdio_ui5_key":"applicationmanagepricingrules-display-component---newInfoPriceItem--condValidTo"}]}
RESULT: undefined
COMMAND: POST /session/36177e4d45fb5698ad30062df7661002/execute/async - {"script":"<script> [776 bytes]","args":[{"enterText":"1/16/26","selector":{"id":"application-managepricingrules-display-component---newInfoPriceItem--condValidTo","interaction":{"idSuffix":"inner"}},"clearTextFirst":true,"interactionType":"ENTER_TEXT"}]}
RESULT: {"script":"<script> [776 bytes]","args":[{"enterText":"1/16/26","selector":{"id":"application-managepricingrules-display-component---newInfoPriceItem--condValidTo","interaction":{"idSuffix":"inner"}},"clearTextFirst":true,"interactionType":"ENTER_TEXT"}]}
COMMAND: POST /session/36177e4d45fb5698ad30062df7661002/execute/async - {"script":"<script> [1562 bytes]","args":[{"selector":{"id":"application-managepricingrules-display-component---newInfoPriceItem--billType-arrow"},"wdio_ui5_key":"applicationmanagepricingrules-display-component---newInfoPriceItem--billType-arrow"}]}
RESULT: {"script":"<script> [1562 bytes]","args":[{"selector":{"id":"application-managepricingrules-display-component---newInfoPriceItem--billType-arrow"},"wdio_ui5_key":"applicationmanagepricingrules-display-component---newInfoPriceItem--billType-arrow"}]}
RESULT: undefined
COMMAND: POST /session/36177e4d45fb5698ad30062df7661002/element - {"using":"xpath","value":"//*[@id=\"application-managepricingrules-display-component---newInfoPriceItem--billType-arrow\"]"}
RESULT: {"using":"xpath","value":"//*[@id=\"application-managepricingrules-display-component---newInfoPriceItem--billType-arrow\"]"}
COMMAND: POST /session/36177e4d45fb5698ad30062df7661002/element/f.165F0B9F83AB8D5533DBC2556707DBA6.d.19AA826F96E4C286567F60F02ACDF39F.e.9921/click - {}
RESULT: {}
COMMAND: POST /session/36177e4d45fb5698ad30062df7661002/element - {"using":"xpath","value":"//span[contains(text(), \"TB - Time based\")]"}
COMMAND: GET /session/36177e4d45fb5698ad30062df7661002/screenshot - {}
RESULT: {"using":"xpath","value":"//span[contains(text(), \"TB - Time based\")]"}
COMMAND: POST /session/36177e4d45fb5698ad30062df7661002/element/f.165F0B9F83AB8D5533DBC2556707DBA6.d.19AA826F96E4C286567F60F02ACDF39F.e.9922/click - {}
RESULT: {}
RESULT: {}
COMMAND: POST /session/36177e4d45fb5698ad30062df7661002/execute/async - {"script":"<script> [1562 bytes]","args":[{"selector":{"id":"application-managepricingrules-display-component---newInfoPriceItem--priceProc-arrow"},"wdio_ui5_key":"applicationmanagepricingrules-display-component---newInfoPriceItem--priceProc-arrow"}]}
COMMAND: GET /session/36177e4d45fb5698ad30062df7661002/screenshot - {}
RESULT: {"script":"<script> [1562 bytes]","args":[{"selector":{"id":"application-managepricingrules-display-component---newInfoPriceItem--priceProc-arrow"},"wdio_ui5_key":"applicationmanagepricingrules-display-component---newInfoPriceItem--priceProc-arrow"}]}
RESULT: undefined
COMMAND: POST /session/36177e4d45fb5698ad30062df7661002/element - {"using":"xpath","value":"//*[@id=\"application-managepricingrules-display-component---newInfoPriceItem--priceProc-arrow\"]"}
RESULT: {}
RESULT: {"using":"xpath","value":"//*[@id=\"application-managepricingrules-display-component---newInfoPriceItem--priceProc-arrow\"]"}
COMMAND: POST /session/36177e4d45fb5698ad30062df7661002/element/f.165F0B9F83AB8D5533DBC2556707DBA6.d.19AA826F96E4C286567F60F02ACDF39F.e.9923/click - {}
RESULT: {}
COMMAND: POST /session/36177e4d45fb5698ad30062df7661002/element - {"using":"xpath","value":"//span[contains(text(), \"TB - Time based BGL\")]"}
COMMAND: GET /session/36177e4d45fb5698ad30062df7661002/screenshot - {}
RESULT: {"using":"xpath","value":"//span[contains(text(), \"TB - Time based BGL\")]"}
COMMAND: POST /session/36177e4d45fb5698ad30062df7661002/element/f.165F0B9F83AB8D5533DBC2556707DBA6.d.19AA826F96E4C286567F60F02ACDF39F.e.9924/click - {}
RESULT: {}
RESULT: {}
COMMAND: POST /session/36177e4d45fb5698ad30062df7661002/execute/async - {"script":"<script> [1562 bytes]","args":[{"selector":{"id":"application-managepricingrules-display-component---newInfoPriceItem--calcBase-arrow"},"wdio_ui5_key":"applicationmanagepricingrules-display-component---newInfoPriceItem--calcBase-arrow"}]}
COMMAND: GET /session/36177e4d45fb5698ad30062df7661002/screenshot - {}
RESULT: {"script":"<script> [1562 bytes]","args":[{"selector":{"id":"application-managepricingrules-display-component---newInfoPriceItem--calcBase-arrow"},"wdio_ui5_key":"applicationmanagepricingrules-display-component---newInfoPriceItem--calcBase-arrow"}]}
RESULT: undefined
COMMAND: POST /session/36177e4d45fb5698ad30062df7661002/element - {"using":"xpath","value":"//*[@id=\"application-managepricingrules-display-component---newInfoPriceItem--calcBase-arrow\"]"}
RESULT: {}
RESULT: {"using":"xpath","value":"//*[@id=\"application-managepricingrules-display-component---newInfoPriceItem--calcBase-arrow\"]"}
COMMAND: POST /session/36177e4d45fb5698ad30062df7661002/element/f.165F0B9F83AB8D5533DBC2556707DBA6.d.19AA826F96E4C286567F60F02ACDF39F.e.9895/click - {}
RESULT: {}
COMMAND: GET /session/36177e4d45fb5698ad30062df7661002/screenshot - {}
RESULT: {}
COMMAND: POST /session/36177e4d45fb5698ad30062df7661002/element - {"using":"xpath","value":"//span[contains(text(), \"0006 - TB(calendar days)\")]"}
RESULT: {"using":"xpath","value":"//span[contains(text(), \"0006 - TB(calendar days)\")]"}
COMMAND: POST /session/36177e4d45fb5698ad30062df7661002/element/f.165F0B9F83AB8D5533DBC2556707DBA6.d.19AA826F96E4C286567F60F02ACDF39F.e.9925/click - {}
RESULT: {}
COMMAND: GET /session/36177e4d45fb5698ad30062df7661002/screenshot - {}
RESULT: {}
COMMAND: POST /session/36177e4d45fb5698ad30062df7661002/execute/async - {"script":"<script> [1562 bytes]","args":[{"selector":{"id":"application-managepricingrules-display-component---newInfoPriceItem--hoursMonth","interaction":{"idSuffix":"inner"}},"wdio_ui5_key":"applicationmanagepricingrules-display-component---newInfoPriceItem--hoursMonth"}]}
RESULT: {"script":"<script> [1562 bytes]","args":[{"selector":{"id":"application-managepricingrules-display-component---newInfoPriceItem--hoursMonth","interaction":{"idSuffix":"inner"}},"wdio_ui5_key":"applicationmanagepricingrules-display-component---newInfoPriceItem--hoursMonth"}]}
RESULT: undefined
COMMAND: POST /session/36177e4d45fb5698ad30062df7661002/execute/async - {"script":"<script> [776 bytes]","args":[{"enterText":"160","selector":{"id":"application-managepricingrules-display-component---newInfoPriceItem--hoursMonth","interaction":{"idSuffix":"inner"}},"clearTextFirst":true,"interactionType":"ENTER_TEXT"}]}
RESULT: {"script":"<script> [776 bytes]","args":[{"enterText":"160","selector":{"id":"application-managepricingrules-display-component---newInfoPriceItem--hoursMonth","interaction":{"idSuffix":"inner"}},"clearTextFirst":true,"interactionType":"ENTER_TEXT"}]}
COMMAND: POST /session/36177e4d45fb5698ad30062df7661002/execute/async - {"script":"<script> [1562 bytes]","args":[{"selector":{"id":"application-managepricingrules-display-component---newInfoPriceItem--daysMonth","interaction":{"idSuffix":"inner"}},"wdio_ui5_key":"applicationmanagepricingrules-display-component---newInfoPriceItem--daysMonth"}]}
RESULT: {"script":"<script> [1562 bytes]","args":[{"selector":{"id":"application-managepricingrules-display-component---newInfoPriceItem--daysMonth","interaction":{"idSuffix":"inner"}},"wdio_ui5_key":"applicationmanagepricingrules-display-component---newInfoPriceItem--daysMonth"}]}
RESULT: undefined
COMMAND: POST /session/36177e4d45fb5698ad30062df7661002/execute/async - {"script":"<script> [776 bytes]","args":[{"enterText":"30","selector":{"id":"application-managepricingrules-display-component---newInfoPriceItem--daysMonth","interaction":{"idSuffix":"inner"}},"clearTextFirst":true,"interactionType":"ENTER_TEXT"}]}
RESULT: {"script":"<script> [776 bytes]","args":[{"enterText":"30","selector":{"id":"application-managepricingrules-display-component---newInfoPriceItem--daysMonth","interaction":{"idSuffix":"inner"}},"clearTextFirst":true,"interactionType":"ENTER_TEXT"}]}
COMMAND: POST /session/36177e4d45fb5698ad30062df7661002/element - {"using":"xpath","value":"//button[@data-kt=\"saveNewRuleButton\"]"}
RESULT: {"using":"xpath","value":"//button[@data-kt=\"saveNewRuleButton\"]"}
COMMAND: POST /session/36177e4d45fb5698ad30062df7661002/element/f.165F0B9F83AB8D5533DBC2556707DBA6.d.19AA826F96E4C286567F60F02ACDF39F.e.9907/click - {}
RESULT: {}
COMMAND: GET /session/36177e4d45fb5698ad30062df7661002/screenshot - {}
RESULT: {}
COMMAND: POST /session/36177e4d45fb5698ad30062df7661002/execute/async - {"script":"<script> [1562 bytes]","args":[{"selector":{"id":"application-managepricingrules-display-component---priceInfoItem--smartFilterBar-btnBasicSearch","interaction":{"idSuffix":"I"}},"wdio_ui5_key":"applicationmanagepricingrules-display-component---priceInfoItem--smartFilterBar-btnBasicSearch"}]}
RESULT: {"script":"<script> [1562 bytes]","args":[{"selector":{"id":"application-managepricingrules-display-component---priceInfoItem--smartFilterBar-btnBasicSearch","interaction":{"idSuffix":"I"}},"wdio_ui5_key":"applicationmanagepricingrules-display-component---priceInfoItem--smartFilterBar-btnBasicSearch"}]}
RESULT: undefined
COMMAND: POST /session/36177e4d45fb5698ad30062df7661002/execute/async - {"script":"<script> [776 bytes]","args":[{"enterText":"x5zLcSGVxu","selector":{"id":"application-managepricingrules-display-component---priceInfoItem--smartFilterBar-btnBasicSearch","interaction":{"idSuffix":"I"}},"clearTextFirst":true,"interactionType":"ENTER_TEXT"}]}
RESULT: {"script":"<script> [776 bytes]","args":[{"enterText":"x5zLcSGVxu","selector":{"id":"application-managepricingrules-display-component---priceInfoItem--smartFilterBar-btnBasicSearch","interaction":{"idSuffix":"I"}},"clearTextFirst":true,"interactionType":"ENTER_TEXT"}]}
COMMAND: POST /session/36177e4d45fb5698ad30062df7661002/actions - {"actions":[{"id":"action32","type":"key","parameters":{},"actions":[{"type":"keyDown","value":"î€‡"},{"type":"pause","duration":10},{"type":"keyUp","value":"î€‡"}]}]}
RESULT: {"actions":[{"id":"action32","type":"key","parameters":{},"actions":[{"type":"keyDown","value":"î€‡"},{"type":"pause","duration":10},{"type":"keyUp","value":"î€‡"}]}]}
COMMAND: GET /session/36177e4d45fb5698ad30062df7661002/screenshot - {}
RESULT: {}
COMMAND: POST /session/36177e4d45fb5698ad30062df7661002/element - {"using":"xpath","value":"//span[@id=\"application-managepricingrules-display-component---priceInfoItem--smartTable-header-inner\"]"}
RESULT: {"using":"xpath","value":"//span[@id=\"application-managepricingrules-display-component---priceInfoItem--smartTable-header-inner\"]"}
COMMAND: POST /session/36177e4d45fb5698ad30062df7661002/elements - {"using":"xpath","value":"//span[@id=\"application-managepricingrules-display-component---priceInfoItem--smartTable-header-inner\"]"}
RESULT: {"using":"xpath","value":"//span[@id=\"application-managepricingrules-display-component---priceInfoItem--smartTable-header-inner\"]"}
COMMAND: POST /session/36177e4d45fb5698ad30062df7661002/execute/sync - {"script":"<script> [56 bytes]","args":[{"element-6066-11e4-a52e-4f735466cecf":"f.165F0B9F83AB8D5533DBC2556707DBA6.d.19AA826F96E4C286567F60F02ACDF39F.e.9951","ELEMENT":"f.165F0B9F83AB8D5533DBC2556707DBA6.d.19AA826F96E4C286567F60F02ACDF39F.e.9951"}]}
RESULT: {"script":"<script> [56 bytes]","args":[{"element-6066-11e4-a52e-4f735466cecf":"f.165F0B9F83AB8D5533DBC2556707DBA6.d.19AA826F96E4C286567F60F02ACDF39F.e.9951","ELEMENT":"f.165F0B9F83AB8D5533DBC2556707DBA6.d.19AA826F96E4C286567F60F02ACDF39F.e.9951"}]}
COMMAND: POST /session/36177e4d45fb5698ad30062df7661002/element - {"using":"css selector","value":"#shell-header-logo"}
COMMAND: GET /session/36177e4d45fb5698ad30062df7661002/screenshot - {}
RESULT: {"using":"css selector","value":"#shell-header-logo"}
COMMAND: POST /session/36177e4d45fb5698ad30062df7661002/element/f.165F0B9F83AB8D5533DBC2556707DBA6.d.19AA826F96E4C286567F60F02ACDF39F.e.8965/click - {}
RESULT: {}
RESULT: {}
COMMAND: GET /session/36177e4d45fb5698ad30062df7661002/screenshot - {}
RESULT: {}
]]></system-out>
    </testcase>
    <testcase classname="chrome.136_0_7103_93.windows.Create_master_data_for_mixed_billing_&amp;_do_billing_calculation_US151661" name="Should add one time condition" time="73.165">
      <system-out><![CDATA[
COMMAND: POST /session/36177e4d45fb5698ad30062df7661002/execute/async - {"script":"<script> [1562 bytes]","args":[{"selector":{"controlType":"sap.m.GenericTile","properties":{"header":"Manage Conditions & Prices"}},"wdio_ui5_key":"sapm.GenericTile{\"header\":\"Manage Conditions & Prices\"}"}]}
RESULT: {"script":"<script> [1562 bytes]","args":[{"selector":{"controlType":"sap.m.GenericTile","properties":{"header":"Manage Conditions & Prices"}},"wdio_ui5_key":"sapm.GenericTile{\"header\":\"Manage Conditions & Prices\"}"}]}
RESULT: undefined
COMMAND: POST /session/36177e4d45fb5698ad30062df7661002/element - {"using":"xpath","value":"//*[@id=\"__tile53\"]"}
RESULT: {"using":"xpath","value":"//*[@id=\"__tile53\"]"}
COMMAND: POST /session/36177e4d45fb5698ad30062df7661002/element/f.165F0B9F83AB8D5533DBC2556707DBA6.d.19AA826F96E4C286567F60F02ACDF39F.e.6588/click - {}
RESULT: {}
COMMAND: GET /session/36177e4d45fb5698ad30062df7661002/screenshot - {}
RESULT: {}
COMMAND: POST /session/36177e4d45fb5698ad30062df7661002/elements - {"using":"xpath","value":"//span[text()='Error']"}
RESULT: {"using":"xpath","value":"//span[text()='Error']"}
COMMAND: POST /session/36177e4d45fb5698ad30062df7661002/element - {"using":"xpath","value":"//button[@aria-label=\"Create\"]"}
RESULT: {"using":"xpath","value":"//button[@aria-label=\"Create\"]"}
COMMAND: POST /session/36177e4d45fb5698ad30062df7661002/elements - {"using":"xpath","value":"//button[@aria-label=\"Create\"]"}
RESULT: {"using":"xpath","value":"//button[@aria-label=\"Create\"]"}
COMMAND: POST /session/36177e4d45fb5698ad30062df7661002/execute/sync - {"script":"<script> [8489 bytes]","args":[{"element-6066-11e4-a52e-4f735466cecf":"f.165F0B9F83AB8D5533DBC2556707DBA6.d.19AA826F96E4C286567F60F02ACDF39F.e.9987","ELEMENT":"f.165F0B9F83AB8D5533DBC2556707DBA6.d.19AA826F96E4C286567F60F02ACDF39F.e.9987"}]}
RESULT: {"script":"<script> [8489 bytes]","args":[{"element-6066-11e4-a52e-4f735466cecf":"f.165F0B9F83AB8D5533DBC2556707DBA6.d.19AA826F96E4C286567F60F02ACDF39F.e.9987","ELEMENT":"f.165F0B9F83AB8D5533DBC2556707DBA6.d.19AA826F96E4C286567F60F02ACDF39F.e.9987"}]}
COMMAND: GET /session/36177e4d45fb5698ad30062df7661002/element/f.165F0B9F83AB8D5533DBC2556707DBA6.d.19AA826F96E4C286567F60F02ACDF39F.e.9987/enabled - {}
COMMAND: GET /session/36177e4d45fb5698ad30062df7661002/screenshot - {}
RESULT: {}
COMMAND: POST /session/36177e4d45fb5698ad30062df7661002/execute/sync - {"script":"<script> [8489 bytes]","args":[{"element-6066-11e4-a52e-4f735466cecf":"f.165F0B9F83AB8D5533DBC2556707DBA6.d.19AA826F96E4C286567F60F02ACDF39F.e.9987","ELEMENT":"f.165F0B9F83AB8D5533DBC2556707DBA6.d.19AA826F96E4C286567F60F02ACDF39F.e.9987"}]}
COMMAND: GET /session/36177e4d45fb5698ad30062df7661002/screenshot - {}
RESULT: {}
RESULT: {"script":"<script> [8489 bytes]","args":[{"element-6066-11e4-a52e-4f735466cecf":"f.165F0B9F83AB8D5533DBC2556707DBA6.d.19AA826F96E4C286567F60F02ACDF39F.e.9987","ELEMENT":"f.165F0B9F83AB8D5533DBC2556707DBA6.d.19AA826F96E4C286567F60F02ACDF39F.e.9987"}]}
COMMAND: POST /session/36177e4d45fb5698ad30062df7661002/execute/sync - {"script":"<script> [5351 bytes]","args":[{"element-6066-11e4-a52e-4f735466cecf":"f.165F0B9F83AB8D5533DBC2556707DBA6.d.19AA826F96E4C286567F60F02ACDF39F.e.9987","ELEMENT":"f.165F0B9F83AB8D5533DBC2556707DBA6.d.19AA826F96E4C286567F60F02ACDF39F.e.9987"}]}
COMMAND: GET /session/36177e4d45fb5698ad30062df7661002/screenshot - {}
RESULT: {}
RESULT: {"script":"<script> [5351 bytes]","args":[{"element-6066-11e4-a52e-4f735466cecf":"f.165F0B9F83AB8D5533DBC2556707DBA6.d.19AA826F96E4C286567F60F02ACDF39F.e.9987","ELEMENT":"f.165F0B9F83AB8D5533DBC2556707DBA6.d.19AA826F96E4C286567F60F02ACDF39F.e.9987"}]}
COMMAND: POST /session/36177e4d45fb5698ad30062df7661002/element/f.165F0B9F83AB8D5533DBC2556707DBA6.d.19AA826F96E4C286567F60F02ACDF39F.e.9987/click - {}
COMMAND: GET /session/36177e4d45fb5698ad30062df7661002/screenshot - {}
RESULT: {}
RESULT: {}
COMMAND: GET /session/36177e4d45fb5698ad30062df7661002/screenshot - {}
RESULT: {}
RESULT: {}
COMMAND: POST /session/36177e4d45fb5698ad30062df7661002/actions - {"actions":[{"id":"action33","type":"key","parameters":{},"actions":[{"type":"keyDown","value":"î€‡"},{"type":"pause","duration":10},{"type":"keyUp","value":"î€‡"}]}]}
RESULT: {"actions":[{"id":"action33","type":"key","parameters":{},"actions":[{"type":"keyDown","value":"î€‡"},{"type":"pause","duration":10},{"type":"keyUp","value":"î€‡"}]}]}
COMMAND: GET /session/36177e4d45fb5698ad30062df7661002/screenshot - {}
RESULT: {}
COMMAND: POST /session/36177e4d45fb5698ad30062df7661002/execute/async - {"script":"<script> [1562 bytes]","args":[{"selector":{"id":"application-manageconditionprice-display-component---newCondition--condBillCond-arrow"},"wdio_ui5_key":"applicationmanageconditionprice-display-component---newCondition--condBillCond-arrow"}]}
RESULT: {"script":"<script> [1562 bytes]","args":[{"selector":{"id":"application-manageconditionprice-display-component---newCondition--condBillCond-arrow"},"wdio_ui5_key":"applicationmanageconditionprice-display-component---newCondition--condBillCond-arrow"}]}
RESULT: undefined
COMMAND: POST /session/36177e4d45fb5698ad30062df7661002/element - {"using":"xpath","value":"//*[@id=\"application-manageconditionprice-display-component---newCondition--condBillCond-arrow\"]"}
RESULT: {"using":"xpath","value":"//*[@id=\"application-manageconditionprice-display-component---newCondition--condBillCond-arrow\"]"}
COMMAND: POST /session/36177e4d45fb5698ad30062df7661002/element/f.165F0B9F83AB8D5533DBC2556707DBA6.d.19AA826F96E4C286567F60F02ACDF39F.e.10167/click - {}
RESULT: {}
COMMAND: GET /session/36177e4d45fb5698ad30062df7661002/screenshot - {}
RESULT: {}
COMMAND: POST /session/36177e4d45fb5698ad30062df7661002/element - {"using":"xpath","value":"//li[.//span[contains(text(), \"SAPR - Sales price\")]]"}
RESULT: {"using":"xpath","value":"//li[.//span[contains(text(), \"SAPR - Sales price\")]]"}
COMMAND: POST /session/36177e4d45fb5698ad30062df7661002/element/f.165F0B9F83AB8D5533DBC2556707DBA6.d.19AA826F96E4C286567F60F02ACDF39F.e.10170/click - {}
RESULT: {}
COMMAND: GET /session/36177e4d45fb5698ad30062df7661002/screenshot - {}
RESULT: {}
COMMAND: POST /session/36177e4d45fb5698ad30062df7661002/execute/async - {"script":"<script> [1562 bytes]","args":[{"selector":{"id":"application-manageconditionprice-display-component---newCondition--condValidTo","interaction":{"idSuffix":"inner"}},"wdio_ui5_key":"applicationmanageconditionprice-display-component---newCondition--condValidTo"}]}
RESULT: {"script":"<script> [1562 bytes]","args":[{"selector":{"id":"application-manageconditionprice-display-component---newCondition--condValidTo","interaction":{"idSuffix":"inner"}},"wdio_ui5_key":"applicationmanageconditionprice-display-component---newCondition--condValidTo"}]}
RESULT: undefined
COMMAND: POST /session/36177e4d45fb5698ad30062df7661002/execute/async - {"script":"<script> [776 bytes]","args":[{"enterText":"1/16/26","selector":{"id":"application-manageconditionprice-display-component---newCondition--condValidTo","interaction":{"idSuffix":"inner"}},"clearTextFirst":true,"interactionType":"ENTER_TEXT"}]}
RESULT: {"script":"<script> [776 bytes]","args":[{"enterText":"1/16/26","selector":{"id":"application-manageconditionprice-display-component---newCondition--condValidTo","interaction":{"idSuffix":"inner"}},"clearTextFirst":true,"interactionType":"ENTER_TEXT"}]}
COMMAND: POST /session/36177e4d45fb5698ad30062df7661002/element - {"using":"xpath","value":"//input[@id=\"application-manageconditionprice-display-component---newCondition--condRU-inner\"]"}
RESULT: {"using":"xpath","value":"//input[@id=\"application-manageconditionprice-display-component---newCondition--condRU-inner\"]"}
COMMAND: POST /session/36177e4d45fb5698ad30062df7661002/element/f.165F0B9F83AB8D5533DBC2556707DBA6.d.19AA826F96E4C286567F60F02ACDF39F.e.10003/clear - {}
RESULT: {}
COMMAND: POST /session/36177e4d45fb5698ad30062df7661002/element/f.165F0B9F83AB8D5533DBC2556707DBA6.d.19AA826F96E4C286567F60F02ACDF39F.e.10003/value - {"text":"x5zLcSGVxu"}
COMMAND: GET /session/36177e4d45fb5698ad30062df7661002/screenshot - {}
RESULT: {"text":"x5zLcSGVxu"}
COMMAND: GET /session/36177e4d45fb5698ad30062df7661002/screenshot - {}
RESULT: {}
RESULT: {}
COMMAND: POST /session/36177e4d45fb5698ad30062df7661002/actions - {"actions":[{"id":"action34","type":"key","parameters":{},"actions":[{"type":"keyDown","value":"î€‡"},{"type":"pause","duration":10},{"type":"keyUp","value":"î€‡"}]}]}
RESULT: {"actions":[{"id":"action34","type":"key","parameters":{},"actions":[{"type":"keyDown","value":"î€‡"},{"type":"pause","duration":10},{"type":"keyUp","value":"î€‡"}]}]}
COMMAND: POST /session/36177e4d45fb5698ad30062df7661002/execute/async - {"script":"<script> [1562 bytes]","args":[{"selector":{"id":"application-manageconditionprice-display-component---newCondition--condBaseQty","interaction":{"idSuffix":"inner"}},"wdio_ui5_key":"applicationmanageconditionprice-display-component---newCondition--condBaseQty"}]}
COMMAND: GET /session/36177e4d45fb5698ad30062df7661002/screenshot - {}
RESULT: {"script":"<script> [1562 bytes]","args":[{"selector":{"id":"application-manageconditionprice-display-component---newCondition--condBaseQty","interaction":{"idSuffix":"inner"}},"wdio_ui5_key":"applicationmanageconditionprice-display-component---newCondition--condBaseQty"}]}
RESULT: undefined
COMMAND: POST /session/36177e4d45fb5698ad30062df7661002/execute/async - {"script":"<script> [776 bytes]","args":[{"enterText":"1","selector":{"id":"application-manageconditionprice-display-component---newCondition--condBaseQty","interaction":{"idSuffix":"inner"}},"clearTextFirst":true,"interactionType":"ENTER_TEXT"}]}
RESULT: {}
RESULT: {"script":"<script> [776 bytes]","args":[{"enterText":"1","selector":{"id":"application-manageconditionprice-display-component---newCondition--condBaseQty","interaction":{"idSuffix":"inner"}},"clearTextFirst":true,"interactionType":"ENTER_TEXT"}]}
COMMAND: POST /session/36177e4d45fb5698ad30062df7661002/execute/async - {"script":"<script> [1562 bytes]","args":[{"selector":{"id":"application-manageconditionprice-display-component---newCondition--condValue","interaction":{"idSuffix":"inner"}},"wdio_ui5_key":"applicationmanageconditionprice-display-component---newCondition--condValue"}]}
RESULT: {"script":"<script> [1562 bytes]","args":[{"selector":{"id":"application-manageconditionprice-display-component---newCondition--condValue","interaction":{"idSuffix":"inner"}},"wdio_ui5_key":"applicationmanageconditionprice-display-component---newCondition--condValue"}]}
RESULT: undefined
COMMAND: POST /session/36177e4d45fb5698ad30062df7661002/execute/async - {"script":"<script> [776 bytes]","args":[{"enterText":"200","selector":{"id":"application-manageconditionprice-display-component---newCondition--condValue","interaction":{"idSuffix":"inner"}},"clearTextFirst":true,"interactionType":"ENTER_TEXT"}]}
RESULT: {"script":"<script> [776 bytes]","args":[{"enterText":"200","selector":{"id":"application-manageconditionprice-display-component---newCondition--condValue","interaction":{"idSuffix":"inner"}},"clearTextFirst":true,"interactionType":"ENTER_TEXT"}]}
COMMAND: POST /session/36177e4d45fb5698ad30062df7661002/execute/async - {"script":"<script> [1562 bytes]","args":[{"selector":{"id":"application-manageconditionprice-display-component---newCondition--condCurr-arrow"},"wdio_ui5_key":"applicationmanageconditionprice-display-component---newCondition--condCurr-arrow"}]}
RESULT: {"script":"<script> [1562 bytes]","args":[{"selector":{"id":"application-manageconditionprice-display-component---newCondition--condCurr-arrow"},"wdio_ui5_key":"applicationmanageconditionprice-display-component---newCondition--condCurr-arrow"}]}
RESULT: undefined
COMMAND: POST /session/36177e4d45fb5698ad30062df7661002/element - {"using":"xpath","value":"//*[@id=\"application-manageconditionprice-display-component---newCondition--condCurr-arrow\"]"}
RESULT: {"using":"xpath","value":"//*[@id=\"application-manageconditionprice-display-component---newCondition--condCurr-arrow\"]"}
COMMAND: POST /session/36177e4d45fb5698ad30062df7661002/element/f.165F0B9F83AB8D5533DBC2556707DBA6.d.19AA826F96E4C286567F60F02ACDF39F.e.10126/click - {}
RESULT: {}
COMMAND: POST /session/36177e4d45fb5698ad30062df7661002/element - {"using":"xpath","value":"//span[contains(text(), \"Euro\")]"}
COMMAND: GET /session/36177e4d45fb5698ad30062df7661002/screenshot - {}
RESULT: {"using":"xpath","value":"//span[contains(text(), \"Euro\")]"}
COMMAND: POST /session/36177e4d45fb5698ad30062df7661002/element/f.165F0B9F83AB8D5533DBC2556707DBA6.d.19AA826F96E4C286567F60F02ACDF39F.e.10208/click - {}
RESULT: {}
RESULT: {}
COMMAND: POST /session/36177e4d45fb5698ad30062df7661002/element - {"using":"xpath","value":"//button[@data-kt=\"saveButton\"]"}
COMMAND: GET /session/36177e4d45fb5698ad30062df7661002/screenshot - {}
RESULT: {"using":"xpath","value":"//button[@data-kt=\"saveButton\"]"}
COMMAND: POST /session/36177e4d45fb5698ad30062df7661002/element/f.165F0B9F83AB8D5533DBC2556707DBA6.d.19AA826F96E4C286567F60F02ACDF39F.e.10127/click - {}
RESULT: {}
RESULT: {}
COMMAND: GET /session/36177e4d45fb5698ad30062df7661002/screenshot - {}
RESULT: {}
COMMAND: POST /session/36177e4d45fb5698ad30062df7661002/execute/async - {"script":"<script> [1562 bytes]","args":[{"selector":{"id":"application-manageconditionprice-display-component---conditions--smartFilterBar-btnBasicSearch","interaction":{"idSuffix":"I"}},"wdio_ui5_key":"applicationmanageconditionprice-display-component---conditions--smartFilterBar-btnBasicSearch"}]}
RESULT: {"script":"<script> [1562 bytes]","args":[{"selector":{"id":"application-manageconditionprice-display-component---conditions--smartFilterBar-btnBasicSearch","interaction":{"idSuffix":"I"}},"wdio_ui5_key":"applicationmanageconditionprice-display-component---conditions--smartFilterBar-btnBasicSearch"}]}
RESULT: undefined
COMMAND: POST /session/36177e4d45fb5698ad30062df7661002/execute/async - {"script":"<script> [776 bytes]","args":[{"enterText":"x5zLcSGVxu","selector":{"id":"application-manageconditionprice-display-component---conditions--smartFilterBar-btnBasicSearch","interaction":{"idSuffix":"I"}},"clearTextFirst":true,"interactionType":"ENTER_TEXT"}]}
RESULT: {"script":"<script> [776 bytes]","args":[{"enterText":"x5zLcSGVxu","selector":{"id":"application-manageconditionprice-display-component---conditions--smartFilterBar-btnBasicSearch","interaction":{"idSuffix":"I"}},"clearTextFirst":true,"interactionType":"ENTER_TEXT"}]}
COMMAND: POST /session/36177e4d45fb5698ad30062df7661002/actions - {"actions":[{"id":"action35","type":"key","parameters":{},"actions":[{"type":"keyDown","value":"î€‡"},{"type":"pause","duration":10},{"type":"keyUp","value":"î€‡"}]}]}
RESULT: {"actions":[{"id":"action35","type":"key","parameters":{},"actions":[{"type":"keyDown","value":"î€‡"},{"type":"pause","duration":10},{"type":"keyUp","value":"î€‡"}]}]}
COMMAND: GET /session/36177e4d45fb5698ad30062df7661002/screenshot - {}
RESULT: {}
COMMAND: POST /session/36177e4d45fb5698ad30062df7661002/execute/async - {"script":"<script> [1562 bytes]","args":[{"selector":{"id":"application-manageconditionprice-display-component---conditions--smartFilterBar-filterItemControl_BASIC-BILL_TYPES-vhi"},"wdio_ui5_key":"applicationmanageconditionprice-display-component---conditions--smartFilterBar-filterItemControl_BASIC-BILL_TYPES-vhi"}]}
RESULT: {"script":"<script> [1562 bytes]","args":[{"selector":{"id":"application-manageconditionprice-display-component---conditions--smartFilterBar-filterItemControl_BASIC-BILL_TYPES-vhi"},"wdio_ui5_key":"applicationmanageconditionprice-display-component---conditions--smartFilterBar-filterItemControl_BASIC-BILL_TYPES-vhi"}]}
RESULT: undefined
COMMAND: POST /session/36177e4d45fb5698ad30062df7661002/element - {"using":"xpath","value":"//*[@id=\"application-manageconditionprice-display-component---conditions--smartFilterBar-filterItemControl_BASIC-BILL_TYPES-vhi\"]"}
RESULT: {"using":"xpath","value":"//*[@id=\"application-manageconditionprice-display-component---conditions--smartFilterBar-filterItemControl_BASIC-BILL_TYPES-vhi\"]"}
COMMAND: POST /session/36177e4d45fb5698ad30062df7661002/element/f.165F0B9F83AB8D5533DBC2556707DBA6.d.19AA826F96E4C286567F60F02ACDF39F.e.10224/click - {}
RESULT: {}
COMMAND: POST /session/36177e4d45fb5698ad30062df7661002/execute/async - {"script":"<script> [1562 bytes]","args":[{"selector":{"id":"application-manageconditionprice-display-component---conditions--smartFilterBar-filterItemControl_BASIC-BILL_TYPES-valueHelpDialog-smartFilterBar-btnBasicSearch","searchOpenDialogs":true,"interaction":{"idSuffix":"I"}},"wdio_ui5_key":"applicationmanageconditionprice-display-component---conditions--smartFilterBar-filterItemControl_BASIC-BILL_TYPES-valueHelpDialog-smartFilterBar-btnBasicSearch"}]}
COMMAND: GET /session/36177e4d45fb5698ad30062df7661002/screenshot - {}
RESULT: {"script":"<script> [1562 bytes]","args":[{"selector":{"id":"application-manageconditionprice-display-component---conditions--smartFilterBar-filterItemControl_BASIC-BILL_TYPES-valueHelpDialog-smartFilterBar-btnBasicSearch","searchOpenDialogs":true,"interaction":{"idSuffix":"I"}},"wdio_ui5_key":"applicationmanageconditionprice-display-component---conditions--smartFilterBar-filterItemControl_BASIC-BILL_TYPES-valueHelpDialog-smartFilterBar-btnBasicSearch"}]}
RESULT: undefined
COMMAND: POST /session/36177e4d45fb5698ad30062df7661002/execute/async - {"script":"<script> [776 bytes]","args":[{"enterText":"one","selector":{"id":"application-manageconditionprice-display-component---conditions--smartFilterBar-filterItemControl_BASIC-BILL_TYPES-valueHelpDialog-smartFilterBar-btnBasicSearch","searchOpenDialogs":true,"interaction":{"idSuffix":"I"}},"clearTextFirst":true,"interactionType":"ENTER_TEXT"}]}
RESULT: {}
RESULT: {"script":"<script> [776 bytes]","args":[{"enterText":"one","selector":{"id":"application-manageconditionprice-display-component---conditions--smartFilterBar-filterItemControl_BASIC-BILL_TYPES-valueHelpDialog-smartFilterBar-btnBasicSearch","searchOpenDialogs":true,"interaction":{"idSuffix":"I"}},"clearTextFirst":true,"interactionType":"ENTER_TEXT"}]}
COMMAND: POST /session/36177e4d45fb5698ad30062df7661002/actions - {"actions":[{"id":"action36","type":"key","parameters":{},"actions":[{"type":"keyDown","value":"î€‡"},{"type":"pause","duration":10},{"type":"keyUp","value":"î€‡"}]}]}
RESULT: {"actions":[{"id":"action36","type":"key","parameters":{},"actions":[{"type":"keyDown","value":"î€‡"},{"type":"pause","duration":10},{"type":"keyUp","value":"î€‡"}]}]}
COMMAND: GET /session/36177e4d45fb5698ad30062df7661002/screenshot - {}
RESULT: {}
COMMAND: POST /session/36177e4d45fb5698ad30062df7661002/element - {"using":"xpath","value":"//div[contains(@id, 'application-manageconditionprice-display-component---conditions--smartFilterBar-filterItemControl_BASIC-BILL_TYPES-valueHelpDialog-table-rowsel0')]"}
RESULT: {"using":"xpath","value":"//div[contains(@id, 'application-manageconditionprice-display-component---conditions--smartFilterBar-filterItemControl_BASIC-BILL_TYPES-valueHelpDialog-table-rowsel0')]"}
COMMAND: POST /session/36177e4d45fb5698ad30062df7661002/element/f.165F0B9F83AB8D5533DBC2556707DBA6.d.19AA826F96E4C286567F60F02ACDF39F.e.10233/click - {}
RESULT: {}
COMMAND: GET /session/36177e4d45fb5698ad30062df7661002/screenshot - {}
RESULT: {}
COMMAND: POST /session/36177e4d45fb5698ad30062df7661002/element - {"using":"xpath","value":"//bdi[contains(text(), \"OK\")]"}
RESULT: {"using":"xpath","value":"//bdi[contains(text(), \"OK\")]"}
COMMAND: POST /session/36177e4d45fb5698ad30062df7661002/element/f.165F0B9F83AB8D5533DBC2556707DBA6.d.19AA826F96E4C286567F60F02ACDF39F.e.10235/click - {}
RESULT: {}
COMMAND: GET /session/36177e4d45fb5698ad30062df7661002/screenshot - {}
RESULT: {}
COMMAND: POST /session/36177e4d45fb5698ad30062df7661002/element - {"using":"xpath","value":"//span[@id=\"application-manageconditionprice-display-component---conditions--smartTable-header-inner\"]"}
RESULT: {"using":"xpath","value":"//span[@id=\"application-manageconditionprice-display-component---conditions--smartTable-header-inner\"]"}
COMMAND: POST /session/36177e4d45fb5698ad30062df7661002/elements - {"using":"xpath","value":"//span[@id=\"application-manageconditionprice-display-component---conditions--smartTable-header-inner\"]"}
RESULT: {"using":"xpath","value":"//span[@id=\"application-manageconditionprice-display-component---conditions--smartTable-header-inner\"]"}
COMMAND: POST /session/36177e4d45fb5698ad30062df7661002/execute/sync - {"script":"<script> [56 bytes]","args":[{"element-6066-11e4-a52e-4f735466cecf":"f.165F0B9F83AB8D5533DBC2556707DBA6.d.19AA826F96E4C286567F60F02ACDF39F.e.10238","ELEMENT":"f.165F0B9F83AB8D5533DBC2556707DBA6.d.19AA826F96E4C286567F60F02ACDF39F.e.10238"}]}
RESULT: {"script":"<script> [56 bytes]","args":[{"element-6066-11e4-a52e-4f735466cecf":"f.165F0B9F83AB8D5533DBC2556707DBA6.d.19AA826F96E4C286567F60F02ACDF39F.e.10238","ELEMENT":"f.165F0B9F83AB8D5533DBC2556707DBA6.d.19AA826F96E4C286567F60F02ACDF39F.e.10238"}]}
COMMAND: POST /session/36177e4d45fb5698ad30062df7661002/element - {"using":"css selector","value":"#shell-header-logo"}
COMMAND: GET /session/36177e4d45fb5698ad30062df7661002/screenshot - {}
RESULT: {"using":"css selector","value":"#shell-header-logo"}
COMMAND: POST /session/36177e4d45fb5698ad30062df7661002/element/f.165F0B9F83AB8D5533DBC2556707DBA6.d.19AA826F96E4C286567F60F02ACDF39F.e.9954/click - {}
RESULT: {}
RESULT: {}
COMMAND: GET /session/36177e4d45fb5698ad30062df7661002/screenshot - {}
RESULT: {}
]]></system-out>
    </testcase>
    <testcase classname="chrome.136_0_7103_93.windows.Create_master_data_for_mixed_billing_&amp;_do_billing_calculation_US151661" name="Should add performance based condition" time="86.49">
      <system-out><![CDATA[
RESULT: undefined
COMMAND: POST /session/36177e4d45fb5698ad30062df7661002/element - {"using":"xpath","value":"//*[@id=\"__tile53\"]"}
RESULT: {"using":"xpath","value":"//*[@id=\"__tile53\"]"}
COMMAND: POST /session/36177e4d45fb5698ad30062df7661002/element/f.165F0B9F83AB8D5533DBC2556707DBA6.d.19AA826F96E4C286567F60F02ACDF39F.e.6588/click - {}
RESULT: {}
COMMAND: GET /session/36177e4d45fb5698ad30062df7661002/screenshot - {}
RESULT: {}
COMMAND: POST /session/36177e4d45fb5698ad30062df7661002/elements - {"using":"xpath","value":"//span[text()='Error']"}
RESULT: {"using":"xpath","value":"//span[text()='Error']"}
COMMAND: POST /session/36177e4d45fb5698ad30062df7661002/element - {"using":"xpath","value":"//button[@aria-label=\"Create\"]"}
RESULT: {"using":"xpath","value":"//button[@aria-label=\"Create\"]"}
COMMAND: POST /session/36177e4d45fb5698ad30062df7661002/elements - {"using":"xpath","value":"//button[@aria-label=\"Create\"]"}
RESULT: {"using":"xpath","value":"//button[@aria-label=\"Create\"]"}
COMMAND: POST /session/36177e4d45fb5698ad30062df7661002/execute/sync - {"script":"<script> [8489 bytes]","args":[{"element-6066-11e4-a52e-4f735466cecf":"f.165F0B9F83AB8D5533DBC2556707DBA6.d.19AA826F96E4C286567F60F02ACDF39F.e.10279","ELEMENT":"f.165F0B9F83AB8D5533DBC2556707DBA6.d.19AA826F96E4C286567F60F02ACDF39F.e.10279"}]}
RESULT: {"script":"<script> [8489 bytes]","args":[{"element-6066-11e4-a52e-4f735466cecf":"f.165F0B9F83AB8D5533DBC2556707DBA6.d.19AA826F96E4C286567F60F02ACDF39F.e.10279","ELEMENT":"f.165F0B9F83AB8D5533DBC2556707DBA6.d.19AA826F96E4C286567F60F02ACDF39F.e.10279"}]}
COMMAND: GET /session/36177e4d45fb5698ad30062df7661002/element/f.165F0B9F83AB8D5533DBC2556707DBA6.d.19AA826F96E4C286567F60F02ACDF39F.e.10279/enabled - {}
COMMAND: GET /session/36177e4d45fb5698ad30062df7661002/screenshot - {}
RESULT: {}
COMMAND: POST /session/36177e4d45fb5698ad30062df7661002/execute/sync - {"script":"<script> [8489 bytes]","args":[{"element-6066-11e4-a52e-4f735466cecf":"f.165F0B9F83AB8D5533DBC2556707DBA6.d.19AA826F96E4C286567F60F02ACDF39F.e.10279","ELEMENT":"f.165F0B9F83AB8D5533DBC2556707DBA6.d.19AA826F96E4C286567F60F02ACDF39F.e.10279"}]}
COMMAND: GET /session/36177e4d45fb5698ad30062df7661002/screenshot - {}
RESULT: {}
RESULT: {"script":"<script> [8489 bytes]","args":[{"element-6066-11e4-a52e-4f735466cecf":"f.165F0B9F83AB8D5533DBC2556707DBA6.d.19AA826F96E4C286567F60F02ACDF39F.e.10279","ELEMENT":"f.165F0B9F83AB8D5533DBC2556707DBA6.d.19AA826F96E4C286567F60F02ACDF39F.e.10279"}]}
COMMAND: POST /session/36177e4d45fb5698ad30062df7661002/execute/sync - {"script":"<script> [5351 bytes]","args":[{"element-6066-11e4-a52e-4f735466cecf":"f.165F0B9F83AB8D5533DBC2556707DBA6.d.19AA826F96E4C286567F60F02ACDF39F.e.10279","ELEMENT":"f.165F0B9F83AB8D5533DBC2556707DBA6.d.19AA826F96E4C286567F60F02ACDF39F.e.10279"}]}
COMMAND: GET /session/36177e4d45fb5698ad30062df7661002/screenshot - {}
RESULT: {}
RESULT: {"script":"<script> [5351 bytes]","args":[{"element-6066-11e4-a52e-4f735466cecf":"f.165F0B9F83AB8D5533DBC2556707DBA6.d.19AA826F96E4C286567F60F02ACDF39F.e.10279","ELEMENT":"f.165F0B9F83AB8D5533DBC2556707DBA6.d.19AA826F96E4C286567F60F02ACDF39F.e.10279"}]}
COMMAND: POST /session/36177e4d45fb5698ad30062df7661002/element/f.165F0B9F83AB8D5533DBC2556707DBA6.d.19AA826F96E4C286567F60F02ACDF39F.e.10279/click - {}
COMMAND: GET /session/36177e4d45fb5698ad30062df7661002/screenshot - {}
RESULT: {}
RESULT: {}
COMMAND: GET /session/36177e4d45fb5698ad30062df7661002/screenshot - {}
RESULT: {}
RESULT: {}
COMMAND: POST /session/36177e4d45fb5698ad30062df7661002/actions - {"actions":[{"id":"action37","type":"key","parameters":{},"actions":[{"type":"keyDown","value":"î€‡"},{"type":"pause","duration":10},{"type":"keyUp","value":"î€‡"}]}]}
RESULT: {"actions":[{"id":"action37","type":"key","parameters":{},"actions":[{"type":"keyDown","value":"î€‡"},{"type":"pause","duration":10},{"type":"keyUp","value":"î€‡"}]}]}
COMMAND: GET /session/36177e4d45fb5698ad30062df7661002/screenshot - {}
RESULT: undefined
COMMAND: POST /session/36177e4d45fb5698ad30062df7661002/element - {"using":"xpath","value":"//*[@id=\"application-manageconditionprice-display-component---newCondition--condBillCond-arrow\"]"}
RESULT: {}
RESULT: {"using":"xpath","value":"//*[@id=\"application-manageconditionprice-display-component---newCondition--condBillCond-arrow\"]"}
COMMAND: POST /session/36177e4d45fb5698ad30062df7661002/element/f.165F0B9F83AB8D5533DBC2556707DBA6.d.19AA826F96E4C286567F60F02ACDF39F.e.10760/click - {}
RESULT: {}
COMMAND: GET /session/36177e4d45fb5698ad30062df7661002/screenshot - {}
RESULT: {}
COMMAND: POST /session/36177e4d45fb5698ad30062df7661002/element - {"using":"xpath","value":"//li[.//span[contains(text(), \"PC06 - Performance Price - fuel\")]]"}
RESULT: {"using":"xpath","value":"//li[.//span[contains(text(), \"PC06 - Performance Price - fuel\")]]"}
COMMAND: POST /session/36177e4d45fb5698ad30062df7661002/element/f.165F0B9F83AB8D5533DBC2556707DBA6.d.19AA826F96E4C286567F60F02ACDF39F.e.10763/click - {}
RESULT: {}
COMMAND: GET /session/36177e4d45fb5698ad30062df7661002/screenshot - {}
RESULT: {}
RESULT: undefined
COMMAND: POST /session/36177e4d45fb5698ad30062df7661002/execute/async - {"script":"<script> [776 bytes]","args":[{"enterText":"1/16/26","selector":{"id":"application-manageconditionprice-display-component---newCondition--condValidTo","interaction":{"idSuffix":"inner"}},"clearTextFirst":true,"interactionType":"ENTER_TEXT"}]}
RESULT: {"script":"<script> [776 bytes]","args":[{"enterText":"1/16/26","selector":{"id":"application-manageconditionprice-display-component---newCondition--condValidTo","interaction":{"idSuffix":"inner"}},"clearTextFirst":true,"interactionType":"ENTER_TEXT"}]}
COMMAND: POST /session/36177e4d45fb5698ad30062df7661002/element - {"using":"xpath","value":"//input[@id=\"application-manageconditionprice-display-component---newCondition--condRU-inner\"]"}
RESULT: {"using":"xpath","value":"//input[@id=\"application-manageconditionprice-display-component---newCondition--condRU-inner\"]"}
COMMAND: POST /session/36177e4d45fb5698ad30062df7661002/element/f.165F0B9F83AB8D5533DBC2556707DBA6.d.19AA826F96E4C286567F60F02ACDF39F.e.10481/clear - {}
RESULT: {}
COMMAND: POST /session/36177e4d45fb5698ad30062df7661002/element/f.165F0B9F83AB8D5533DBC2556707DBA6.d.19AA826F96E4C286567F60F02ACDF39F.e.10481/value - {"text":"x5zLcSGVxu"}
COMMAND: GET /session/36177e4d45fb5698ad30062df7661002/screenshot - {}
RESULT: {"text":"x5zLcSGVxu"}
COMMAND: GET /session/36177e4d45fb5698ad30062df7661002/screenshot - {}
RESULT: {}
RESULT: {}
COMMAND: POST /session/36177e4d45fb5698ad30062df7661002/actions - {"actions":[{"id":"action38","type":"key","parameters":{},"actions":[{"type":"keyDown","value":"î€‡"},{"type":"pause","duration":10},{"type":"keyUp","value":"î€‡"}]}]}
RESULT: {"actions":[{"id":"action38","type":"key","parameters":{},"actions":[{"type":"keyDown","value":"î€‡"},{"type":"pause","duration":10},{"type":"keyUp","value":"î€‡"}]}]}
RESULT: undefined
COMMAND: POST /session/36177e4d45fb5698ad30062df7661002/execute/async - {"script":"<script> [776 bytes]","args":[{"enterText":"1","selector":{"id":"application-manageconditionprice-display-component---newCondition--condBaseQty","interaction":{"idSuffix":"inner"}},"clearTextFirst":true,"interactionType":"ENTER_TEXT"}]}
COMMAND: GET /session/36177e4d45fb5698ad30062df7661002/screenshot - {}
RESULT: {"script":"<script> [776 bytes]","args":[{"enterText":"1","selector":{"id":"application-manageconditionprice-display-component---newCondition--condBaseQty","interaction":{"idSuffix":"inner"}},"clearTextFirst":true,"interactionType":"ENTER_TEXT"}]}
RESULT: undefined
COMMAND: POST /session/36177e4d45fb5698ad30062df7661002/execute/async - {"script":"<script> [776 bytes]","args":[{"enterText":"10","selector":{"id":"application-manageconditionprice-display-component---newCondition--condValue","interaction":{"idSuffix":"inner"}},"clearTextFirst":true,"interactionType":"ENTER_TEXT"}]}
RESULT: {}
RESULT: {"script":"<script> [776 bytes]","args":[{"enterText":"10","selector":{"id":"application-manageconditionprice-display-component---newCondition--condValue","interaction":{"idSuffix":"inner"}},"clearTextFirst":true,"interactionType":"ENTER_TEXT"}]}
RESULT: undefined
COMMAND: POST /session/36177e4d45fb5698ad30062df7661002/element - {"using":"xpath","value":"//*[@id=\"application-manageconditionprice-display-component---newCondition--condCurr-arrow\"]"}
RESULT: {"using":"xpath","value":"//*[@id=\"application-manageconditionprice-display-component---newCondition--condCurr-arrow\"]"}
COMMAND: POST /session/36177e4d45fb5698ad30062df7661002/element/f.165F0B9F83AB8D5533DBC2556707DBA6.d.19AA826F96E4C286567F60F02ACDF39F.e.10717/click - {}
RESULT: {}
COMMAND: POST /session/36177e4d45fb5698ad30062df7661002/element - {"using":"xpath","value":"//span[contains(text(), \"Euro\")]"}
COMMAND: GET /session/36177e4d45fb5698ad30062df7661002/screenshot - {}
RESULT: {"using":"xpath","value":"//span[contains(text(), \"Euro\")]"}
COMMAND: POST /session/36177e4d45fb5698ad30062df7661002/element/f.165F0B9F83AB8D5533DBC2556707DBA6.d.19AA826F96E4C286567F60F02ACDF39F.e.10796/click - {}
RESULT: {}
RESULT: {}
COMMAND: POST /session/36177e4d45fb5698ad30062df7661002/element - {"using":"xpath","value":"//button[@data-kt=\"saveButton\"]"}
COMMAND: GET /session/36177e4d45fb5698ad30062df7661002/screenshot - {}
RESULT: {"using":"xpath","value":"//button[@data-kt=\"saveButton\"]"}
COMMAND: POST /session/36177e4d45fb5698ad30062df7661002/element/f.165F0B9F83AB8D5533DBC2556707DBA6.d.19AA826F96E4C286567F60F02ACDF39F.e.10718/click - {}
RESULT: {}
RESULT: {}
COMMAND: GET /session/36177e4d45fb5698ad30062df7661002/screenshot - {}
RESULT: {}
RESULT: undefined
COMMAND: POST /session/36177e4d45fb5698ad30062df7661002/execute/async - {"script":"<script> [776 bytes]","args":[{"enterText":"x5zLcSGVxu","selector":{"id":"application-manageconditionprice-display-component---conditions--smartFilterBar-btnBasicSearch","interaction":{"idSuffix":"I"}},"clearTextFirst":true,"interactionType":"ENTER_TEXT"}]}
RESULT: {"script":"<script> [776 bytes]","args":[{"enterText":"x5zLcSGVxu","selector":{"id":"application-manageconditionprice-display-component---conditions--smartFilterBar-btnBasicSearch","interaction":{"idSuffix":"I"}},"clearTextFirst":true,"interactionType":"ENTER_TEXT"}]}
COMMAND: POST /session/36177e4d45fb5698ad30062df7661002/actions - {"actions":[{"id":"action39","type":"key","parameters":{},"actions":[{"type":"keyDown","value":"î€‡"},{"type":"pause","duration":10},{"type":"keyUp","value":"î€‡"}]}]}
RESULT: {"actions":[{"id":"action39","type":"key","parameters":{},"actions":[{"type":"keyDown","value":"î€‡"},{"type":"pause","duration":10},{"type":"keyUp","value":"î€‡"}]}]}
COMMAND: GET /session/36177e4d45fb5698ad30062df7661002/screenshot - {}
RESULT: {}
RESULT: undefined
COMMAND: POST /session/36177e4d45fb5698ad30062df7661002/element - {"using":"xpath","value":"//*[@id=\"application-manageconditionprice-display-component---conditions--smartFilterBar-filterItemControl_BASIC-BILL_TYPES-vhi\"]"}
RESULT: {"using":"xpath","value":"//*[@id=\"application-manageconditionprice-display-component---conditions--smartFilterBar-filterItemControl_BASIC-BILL_TYPES-vhi\"]"}
COMMAND: POST /session/36177e4d45fb5698ad30062df7661002/element/f.165F0B9F83AB8D5533DBC2556707DBA6.d.19AA826F96E4C286567F60F02ACDF39F.e.11046/click - {}
RESULT: {}
RESULT: undefined
COMMAND: POST /session/36177e4d45fb5698ad30062df7661002/execute/async - {"script":"<script> [776 bytes]","args":[{"enterText":"PB","selector":{"id":"application-manageconditionprice-display-component---conditions--smartFilterBar-filterItemControl_BASIC-BILL_TYPES-valueHelpDialog-smartFilterBar-btnBasicSearch","searchOpenDialogs":true,"interaction":{"idSuffix":"I"}},"clearTextFirst":true,"interactionType":"ENTER_TEXT"}]}
COMMAND: GET /session/36177e4d45fb5698ad30062df7661002/screenshot - {}
RESULT: {"script":"<script> [776 bytes]","args":[{"enterText":"PB","selector":{"id":"application-manageconditionprice-display-component---conditions--smartFilterBar-filterItemControl_BASIC-BILL_TYPES-valueHelpDialog-smartFilterBar-btnBasicSearch","searchOpenDialogs":true,"interaction":{"idSuffix":"I"}},"clearTextFirst":true,"interactionType":"ENTER_TEXT"}]}
COMMAND: POST /session/36177e4d45fb5698ad30062df7661002/actions - {"actions":[{"id":"action40","type":"key","parameters":{},"actions":[{"type":"keyDown","value":"î€‡"},{"type":"pause","duration":10},{"type":"keyUp","value":"î€‡"}]}]}
RESULT: {}
RESULT: {"actions":[{"id":"action40","type":"key","parameters":{},"actions":[{"type":"keyDown","value":"î€‡"},{"type":"pause","duration":10},{"type":"keyUp","value":"î€‡"}]}]}
COMMAND: GET /session/36177e4d45fb5698ad30062df7661002/screenshot - {}
RESULT: {}
COMMAND: POST /session/36177e4d45fb5698ad30062df7661002/element - {"using":"xpath","value":"//div[contains(@id, 'application-manageconditionprice-display-component---conditions--smartFilterBar-filterItemControl_BASIC-BILL_TYPES-valueHelpDialog-table-rowsel0')]"}
RESULT: {"using":"xpath","value":"//div[contains(@id, 'application-manageconditionprice-display-component---conditions--smartFilterBar-filterItemControl_BASIC-BILL_TYPES-valueHelpDialog-table-rowsel0')]"}
COMMAND: POST /session/36177e4d45fb5698ad30062df7661002/element/f.165F0B9F83AB8D5533DBC2556707DBA6.d.19AA826F96E4C286567F60F02ACDF39F.e.11054/click - {}
RESULT: {}
COMMAND: GET /session/36177e4d45fb5698ad30062df7661002/screenshot - {}
RESULT: {}
COMMAND: POST /session/36177e4d45fb5698ad30062df7661002/element - {"using":"xpath","value":"//bdi[contains(text(), \"OK\")]"}
RESULT: {"using":"xpath","value":"//bdi[contains(text(), \"OK\")]"}
COMMAND: POST /session/36177e4d45fb5698ad30062df7661002/element/f.165F0B9F83AB8D5533DBC2556707DBA6.d.19AA826F96E4C286567F60F02ACDF39F.e.11056/click - {}
RESULT: {}
COMMAND: GET /session/36177e4d45fb5698ad30062df7661002/screenshot - {}
RESULT: {}
COMMAND: POST /session/36177e4d45fb5698ad30062df7661002/element - {"using":"xpath","value":"//span[@id=\"application-manageconditionprice-display-component---conditions--smartTable-header-inner\"]"}
RESULT: {"using":"xpath","value":"//span[@id=\"application-manageconditionprice-display-component---conditions--smartTable-header-inner\"]"}
COMMAND: POST /session/36177e4d45fb5698ad30062df7661002/elements - {"using":"xpath","value":"//span[@id=\"application-manageconditionprice-display-component---conditions--smartTable-header-inner\"]"}
RESULT: {"using":"xpath","value":"//span[@id=\"application-manageconditionprice-display-component---conditions--smartTable-header-inner\"]"}
COMMAND: POST /session/36177e4d45fb5698ad30062df7661002/execute/sync - {"script":"<script> [56 bytes]","args":[{"element-6066-11e4-a52e-4f735466cecf":"f.165F0B9F83AB8D5533DBC2556707DBA6.d.19AA826F96E4C286567F60F02ACDF39F.e.11060","ELEMENT":"f.165F0B9F83AB8D5533DBC2556707DBA6.d.19AA826F96E4C286567F60F02ACDF39F.e.11060"}]}
RESULT: {"script":"<script> [56 bytes]","args":[{"element-6066-11e4-a52e-4f735466cecf":"f.165F0B9F83AB8D5533DBC2556707DBA6.d.19AA826F96E4C286567F60F02ACDF39F.e.11060","ELEMENT":"f.165F0B9F83AB8D5533DBC2556707DBA6.d.19AA826F96E4C286567F60F02ACDF39F.e.11060"}]}
COMMAND: POST /session/36177e4d45fb5698ad30062df7661002/element - {"using":"css selector","value":"#shell-header-logo"}
COMMAND: GET /session/36177e4d45fb5698ad30062df7661002/screenshot - {}
RESULT: {"using":"css selector","value":"#shell-header-logo"}
COMMAND: POST /session/36177e4d45fb5698ad30062df7661002/element/f.165F0B9F83AB8D5533DBC2556707DBA6.d.19AA826F96E4C286567F60F02ACDF39F.e.10245/click - {}
RESULT: {}
RESULT: {}
COMMAND: GET /session/36177e4d45fb5698ad30062df7661002/screenshot - {}
RESULT: {}
]]></system-out>
    </testcase>
    <testcase classname="chrome.136_0_7103_93.windows.Create_master_data_for_mixed_billing_&amp;_do_billing_calculation_US151661" name="Should add time based condition" time="83.776">
      <system-out><![CDATA[
RESULT: undefined
COMMAND: POST /session/36177e4d45fb5698ad30062df7661002/element - {"using":"xpath","value":"//*[@id=\"__tile53\"]"}
RESULT: {"using":"xpath","value":"//*[@id=\"__tile53\"]"}
COMMAND: POST /session/36177e4d45fb5698ad30062df7661002/element/f.165F0B9F83AB8D5533DBC2556707DBA6.d.19AA826F96E4C286567F60F02ACDF39F.e.6588/click - {}
RESULT: {}
COMMAND: GET /session/36177e4d45fb5698ad30062df7661002/screenshot - {}
RESULT: {}
COMMAND: POST /session/36177e4d45fb5698ad30062df7661002/elements - {"using":"xpath","value":"//span[text()='Error']"}
RESULT: {"using":"xpath","value":"//span[text()='Error']"}
COMMAND: POST /session/36177e4d45fb5698ad30062df7661002/element - {"using":"xpath","value":"//button[@aria-label=\"Create\"]"}
RESULT: {"using":"xpath","value":"//button[@aria-label=\"Create\"]"}
COMMAND: POST /session/36177e4d45fb5698ad30062df7661002/elements - {"using":"xpath","value":"//button[@aria-label=\"Create\"]"}
RESULT: {"using":"xpath","value":"//button[@aria-label=\"Create\"]"}
COMMAND: POST /session/36177e4d45fb5698ad30062df7661002/execute/sync - {"script":"<script> [8489 bytes]","args":[{"element-6066-11e4-a52e-4f735466cecf":"f.165F0B9F83AB8D5533DBC2556707DBA6.d.19AA826F96E4C286567F60F02ACDF39F.e.11099","ELEMENT":"f.165F0B9F83AB8D5533DBC2556707DBA6.d.19AA826F96E4C286567F60F02ACDF39F.e.11099"}]}
RESULT: {"script":"<script> [8489 bytes]","args":[{"element-6066-11e4-a52e-4f735466cecf":"f.165F0B9F83AB8D5533DBC2556707DBA6.d.19AA826F96E4C286567F60F02ACDF39F.e.11099","ELEMENT":"f.165F0B9F83AB8D5533DBC2556707DBA6.d.19AA826F96E4C286567F60F02ACDF39F.e.11099"}]}
COMMAND: GET /session/36177e4d45fb5698ad30062df7661002/element/f.165F0B9F83AB8D5533DBC2556707DBA6.d.19AA826F96E4C286567F60F02ACDF39F.e.11099/enabled - {}
COMMAND: GET /session/36177e4d45fb5698ad30062df7661002/screenshot - {}
RESULT: {}
COMMAND: POST /session/36177e4d45fb5698ad30062df7661002/execute/sync - {"script":"<script> [8489 bytes]","args":[{"element-6066-11e4-a52e-4f735466cecf":"f.165F0B9F83AB8D5533DBC2556707DBA6.d.19AA826F96E4C286567F60F02ACDF39F.e.11099","ELEMENT":"f.165F0B9F83AB8D5533DBC2556707DBA6.d.19AA826F96E4C286567F60F02ACDF39F.e.11099"}]}
COMMAND: GET /session/36177e4d45fb5698ad30062df7661002/screenshot - {}
RESULT: {}
RESULT: {"script":"<script> [8489 bytes]","args":[{"element-6066-11e4-a52e-4f735466cecf":"f.165F0B9F83AB8D5533DBC2556707DBA6.d.19AA826F96E4C286567F60F02ACDF39F.e.11099","ELEMENT":"f.165F0B9F83AB8D5533DBC2556707DBA6.d.19AA826F96E4C286567F60F02ACDF39F.e.11099"}]}
COMMAND: POST /session/36177e4d45fb5698ad30062df7661002/execute/sync - {"script":"<script> [5351 bytes]","args":[{"element-6066-11e4-a52e-4f735466cecf":"f.165F0B9F83AB8D5533DBC2556707DBA6.d.19AA826F96E4C286567F60F02ACDF39F.e.11099","ELEMENT":"f.165F0B9F83AB8D5533DBC2556707DBA6.d.19AA826F96E4C286567F60F02ACDF39F.e.11099"}]}
COMMAND: GET /session/36177e4d45fb5698ad30062df7661002/screenshot - {}
RESULT: {}
RESULT: {"script":"<script> [5351 bytes]","args":[{"element-6066-11e4-a52e-4f735466cecf":"f.165F0B9F83AB8D5533DBC2556707DBA6.d.19AA826F96E4C286567F60F02ACDF39F.e.11099","ELEMENT":"f.165F0B9F83AB8D5533DBC2556707DBA6.d.19AA826F96E4C286567F60F02ACDF39F.e.11099"}]}
COMMAND: POST /session/36177e4d45fb5698ad30062df7661002/element/f.165F0B9F83AB8D5533DBC2556707DBA6.d.19AA826F96E4C286567F60F02ACDF39F.e.11099/click - {}
COMMAND: GET /session/36177e4d45fb5698ad30062df7661002/screenshot - {}
RESULT: {}
RESULT: {}
COMMAND: GET /session/36177e4d45fb5698ad30062df7661002/screenshot - {}
RESULT: {}
RESULT: {}
COMMAND: POST /session/36177e4d45fb5698ad30062df7661002/actions - {"actions":[{"id":"action41","type":"key","parameters":{},"actions":[{"type":"keyDown","value":"î€‡"},{"type":"pause","duration":10},{"type":"keyUp","value":"î€‡"}]}]}
RESULT: {"actions":[{"id":"action41","type":"key","parameters":{},"actions":[{"type":"keyDown","value":"î€‡"},{"type":"pause","duration":10},{"type":"keyUp","value":"î€‡"}]}]}
COMMAND: GET /session/36177e4d45fb5698ad30062df7661002/screenshot - {}
RESULT: undefined
COMMAND: POST /session/36177e4d45fb5698ad30062df7661002/element - {"using":"xpath","value":"//*[@id=\"application-manageconditionprice-display-component---newCondition--condBillCond-arrow\"]"}
RESULT: {}
RESULT: {"using":"xpath","value":"//*[@id=\"application-manageconditionprice-display-component---newCondition--condBillCond-arrow\"]"}
COMMAND: POST /session/36177e4d45fb5698ad30062df7661002/element/f.165F0B9F83AB8D5533DBC2556707DBA6.d.19AA826F96E4C286567F60F02ACDF39F.e.11586/click - {}
RESULT: {}
COMMAND: GET /session/36177e4d45fb5698ad30062df7661002/screenshot - {}
RESULT: {}
COMMAND: POST /session/36177e4d45fb5698ad30062df7661002/element - {"using":"xpath","value":"//li[.//span[contains(text(), \"DISP - D&I special price\")]]"}
RESULT: {"using":"xpath","value":"//li[.//span[contains(text(), \"DISP - D&I special price\")]]"}
COMMAND: POST /session/36177e4d45fb5698ad30062df7661002/element/f.165F0B9F83AB8D5533DBC2556707DBA6.d.19AA826F96E4C286567F60F02ACDF39F.e.11589/click - {}
RESULT: {}
COMMAND: GET /session/36177e4d45fb5698ad30062df7661002/screenshot - {}
RESULT: {}
RESULT: undefined
COMMAND: POST /session/36177e4d45fb5698ad30062df7661002/execute/async - {"script":"<script> [776 bytes]","args":[{"enterText":"1/16/26","selector":{"id":"application-manageconditionprice-display-component---newCondition--condValidTo","interaction":{"idSuffix":"inner"}},"clearTextFirst":true,"interactionType":"ENTER_TEXT"}]}
RESULT: {"script":"<script> [776 bytes]","args":[{"enterText":"1/16/26","selector":{"id":"application-manageconditionprice-display-component---newCondition--condValidTo","interaction":{"idSuffix":"inner"}},"clearTextFirst":true,"interactionType":"ENTER_TEXT"}]}
COMMAND: POST /session/36177e4d45fb5698ad30062df7661002/element - {"using":"xpath","value":"//input[@id=\"application-manageconditionprice-display-component---newCondition--condRU-inner\"]"}
RESULT: {"using":"xpath","value":"//input[@id=\"application-manageconditionprice-display-component---newCondition--condRU-inner\"]"}
COMMAND: POST /session/36177e4d45fb5698ad30062df7661002/element/f.165F0B9F83AB8D5533DBC2556707DBA6.d.19AA826F96E4C286567F60F02ACDF39F.e.11305/clear - {}
RESULT: {}
COMMAND: POST /session/36177e4d45fb5698ad30062df7661002/element/f.165F0B9F83AB8D5533DBC2556707DBA6.d.19AA826F96E4C286567F60F02ACDF39F.e.11305/value - {"text":"x5zLcSGVxu"}
COMMAND: GET /session/36177e4d45fb5698ad30062df7661002/screenshot - {}
RESULT: {"text":"x5zLcSGVxu"}
COMMAND: GET /session/36177e4d45fb5698ad30062df7661002/screenshot - {}
RESULT: {}
RESULT: {}
COMMAND: POST /session/36177e4d45fb5698ad30062df7661002/actions - {"actions":[{"id":"action42","type":"key","parameters":{},"actions":[{"type":"keyDown","value":"î€‡"},{"type":"pause","duration":10},{"type":"keyUp","value":"î€‡"}]}]}
RESULT: {"actions":[{"id":"action42","type":"key","parameters":{},"actions":[{"type":"keyDown","value":"î€‡"},{"type":"pause","duration":10},{"type":"keyUp","value":"î€‡"}]}]}
RESULT: undefined
COMMAND: POST /session/36177e4d45fb5698ad30062df7661002/execute/async - {"script":"<script> [776 bytes]","args":[{"enterText":"1","selector":{"id":"application-manageconditionprice-display-component---newCondition--condBaseQty","interaction":{"idSuffix":"inner"}},"clearTextFirst":true,"interactionType":"ENTER_TEXT"}]}
COMMAND: GET /session/36177e4d45fb5698ad30062df7661002/screenshot - {}
RESULT: {"script":"<script> [776 bytes]","args":[{"enterText":"1","selector":{"id":"application-manageconditionprice-display-component---newCondition--condBaseQty","interaction":{"idSuffix":"inner"}},"clearTextFirst":true,"interactionType":"ENTER_TEXT"}]}
RESULT: undefined
COMMAND: POST /session/36177e4d45fb5698ad30062df7661002/execute/async - {"script":"<script> [776 bytes]","args":[{"enterText":"100","selector":{"id":"application-manageconditionprice-display-component---newCondition--condValue","interaction":{"idSuffix":"inner"}},"clearTextFirst":true,"interactionType":"ENTER_TEXT"}]}
RESULT: {}
RESULT: {"script":"<script> [776 bytes]","args":[{"enterText":"100","selector":{"id":"application-manageconditionprice-display-component---newCondition--condValue","interaction":{"idSuffix":"inner"}},"clearTextFirst":true,"interactionType":"ENTER_TEXT"}]}
RESULT: undefined
COMMAND: POST /session/36177e4d45fb5698ad30062df7661002/element - {"using":"xpath","value":"//*[@id=\"application-manageconditionprice-display-component---newCondition--condCurr-arrow\"]"}
RESULT: {"using":"xpath","value":"//*[@id=\"application-manageconditionprice-display-component---newCondition--condCurr-arrow\"]"}
COMMAND: POST /session/36177e4d45fb5698ad30062df7661002/element/f.165F0B9F83AB8D5533DBC2556707DBA6.d.19AA826F96E4C286567F60F02ACDF39F.e.11561/click - {}
RESULT: {}
COMMAND: POST /session/36177e4d45fb5698ad30062df7661002/element - {"using":"xpath","value":"//span[contains(text(), \"Euro\")]"}
COMMAND: GET /session/36177e4d45fb5698ad30062df7661002/screenshot - {}
RESULT: {"using":"xpath","value":"//span[contains(text(), \"Euro\")]"}
COMMAND: POST /session/36177e4d45fb5698ad30062df7661002/element/f.165F0B9F83AB8D5533DBC2556707DBA6.d.19AA826F96E4C286567F60F02ACDF39F.e.11624/click - {}
RESULT: {}
RESULT: {}
COMMAND: POST /session/36177e4d45fb5698ad30062df7661002/element - {"using":"xpath","value":"//button[@data-kt=\"saveButton\"]"}
COMMAND: GET /session/36177e4d45fb5698ad30062df7661002/screenshot - {}
RESULT: {"using":"xpath","value":"//button[@data-kt=\"saveButton\"]"}
COMMAND: POST /session/36177e4d45fb5698ad30062df7661002/element/f.165F0B9F83AB8D5533DBC2556707DBA6.d.19AA826F96E4C286567F60F02ACDF39F.e.11562/click - {}
RESULT: {}
RESULT: {}
COMMAND: GET /session/36177e4d45fb5698ad30062df7661002/screenshot - {}
RESULT: {}
RESULT: undefined
COMMAND: POST /session/36177e4d45fb5698ad30062df7661002/execute/async - {"script":"<script> [776 bytes]","args":[{"enterText":"x5zLcSGVxu","selector":{"id":"application-manageconditionprice-display-component---conditions--smartFilterBar-btnBasicSearch","interaction":{"idSuffix":"I"}},"clearTextFirst":true,"interactionType":"ENTER_TEXT"}]}
RESULT: {"script":"<script> [776 bytes]","args":[{"enterText":"x5zLcSGVxu","selector":{"id":"application-manageconditionprice-display-component---conditions--smartFilterBar-btnBasicSearch","interaction":{"idSuffix":"I"}},"clearTextFirst":true,"interactionType":"ENTER_TEXT"}]}
COMMAND: POST /session/36177e4d45fb5698ad30062df7661002/actions - {"actions":[{"id":"action43","type":"key","parameters":{},"actions":[{"type":"keyDown","value":"î€‡"},{"type":"pause","duration":10},{"type":"keyUp","value":"î€‡"}]}]}
RESULT: {"actions":[{"id":"action43","type":"key","parameters":{},"actions":[{"type":"keyDown","value":"î€‡"},{"type":"pause","duration":10},{"type":"keyUp","value":"î€‡"}]}]}
COMMAND: GET /session/36177e4d45fb5698ad30062df7661002/screenshot - {}
RESULT: {}
RESULT: undefined
COMMAND: POST /session/36177e4d45fb5698ad30062df7661002/element - {"using":"xpath","value":"//*[@id=\"application-manageconditionprice-display-component---conditions--smartFilterBar-filterItemControl_BASIC-BILL_TYPES-vhi\"]"}
RESULT: {"using":"xpath","value":"//*[@id=\"application-manageconditionprice-display-component---conditions--smartFilterBar-filterItemControl_BASIC-BILL_TYPES-vhi\"]"}
COMMAND: POST /session/36177e4d45fb5698ad30062df7661002/element/f.165F0B9F83AB8D5533DBC2556707DBA6.d.19AA826F96E4C286567F60F02ACDF39F.e.11862/click - {}
RESULT: {}
RESULT: undefined
COMMAND: POST /session/36177e4d45fb5698ad30062df7661002/execute/async - {"script":"<script> [776 bytes]","args":[{"enterText":"TB","selector":{"id":"application-manageconditionprice-display-component---conditions--smartFilterBar-filterItemControl_BASIC-BILL_TYPES-valueHelpDialog-smartFilterBar-btnBasicSearch","searchOpenDialogs":true,"interaction":{"idSuffix":"I"}},"clearTextFirst":true,"interactionType":"ENTER_TEXT"}]}
COMMAND: GET /session/36177e4d45fb5698ad30062df7661002/screenshot - {}
RESULT: {"script":"<script> [776 bytes]","args":[{"enterText":"TB","selector":{"id":"application-manageconditionprice-display-component---conditions--smartFilterBar-filterItemControl_BASIC-BILL_TYPES-valueHelpDialog-smartFilterBar-btnBasicSearch","searchOpenDialogs":true,"interaction":{"idSuffix":"I"}},"clearTextFirst":true,"interactionType":"ENTER_TEXT"}]}
COMMAND: POST /session/36177e4d45fb5698ad30062df7661002/actions - {"actions":[{"id":"action44","type":"key","parameters":{},"actions":[{"type":"keyDown","value":"î€‡"},{"type":"pause","duration":10},{"type":"keyUp","value":"î€‡"}]}]}
RESULT: {}
RESULT: {"actions":[{"id":"action44","type":"key","parameters":{},"actions":[{"type":"keyDown","value":"î€‡"},{"type":"pause","duration":10},{"type":"keyUp","value":"î€‡"}]}]}
COMMAND: GET /session/36177e4d45fb5698ad30062df7661002/screenshot - {}
RESULT: {}
COMMAND: POST /session/36177e4d45fb5698ad30062df7661002/element - {"using":"xpath","value":"//div[contains(@id, 'application-manageconditionprice-display-component---conditions--smartFilterBar-filterItemControl_BASIC-BILL_TYPES-valueHelpDialog-table-rowsel0')]"}
RESULT: {"using":"xpath","value":"//div[contains(@id, 'application-manageconditionprice-display-component---conditions--smartFilterBar-filterItemControl_BASIC-BILL_TYPES-valueHelpDialog-table-rowsel0')]"}
COMMAND: POST /session/36177e4d45fb5698ad30062df7661002/element/f.165F0B9F83AB8D5533DBC2556707DBA6.d.19AA826F96E4C286567F60F02ACDF39F.e.11871/click - {}
RESULT: {}
COMMAND: GET /session/36177e4d45fb5698ad30062df7661002/screenshot - {}
RESULT: {}
COMMAND: POST /session/36177e4d45fb5698ad30062df7661002/element - {"using":"xpath","value":"//bdi[contains(text(), \"OK\")]"}
RESULT: {"using":"xpath","value":"//bdi[contains(text(), \"OK\")]"}
COMMAND: POST /session/36177e4d45fb5698ad30062df7661002/element/f.165F0B9F83AB8D5533DBC2556707DBA6.d.19AA826F96E4C286567F60F02ACDF39F.e.11873/click - {}
RESULT: {}
COMMAND: GET /session/36177e4d45fb5698ad30062df7661002/screenshot - {}
COMMAND: POST /session/36177e4d45fb5698ad30062df7661002/element - {"using":"xpath","value":"//span[@id=\"application-manageconditionprice-display-component---conditions--smartTable-header-inner\"]"}
RESULT: {}
RESULT: {"using":"xpath","value":"//span[@id=\"application-manageconditionprice-display-component---conditions--smartTable-header-inner\"]"}
COMMAND: POST /session/36177e4d45fb5698ad30062df7661002/elements - {"using":"xpath","value":"//span[@id=\"application-manageconditionprice-display-component---conditions--smartTable-header-inner\"]"}
RESULT: {"using":"xpath","value":"//span[@id=\"application-manageconditionprice-display-component---conditions--smartTable-header-inner\"]"}
COMMAND: POST /session/36177e4d45fb5698ad30062df7661002/execute/sync - {"script":"<script> [56 bytes]","args":[{"element-6066-11e4-a52e-4f735466cecf":"f.165F0B9F83AB8D5533DBC2556707DBA6.d.19AA826F96E4C286567F60F02ACDF39F.e.11909","ELEMENT":"f.165F0B9F83AB8D5533DBC2556707DBA6.d.19AA826F96E4C286567F60F02ACDF39F.e.11909"}]}
RESULT: {"script":"<script> [56 bytes]","args":[{"element-6066-11e4-a52e-4f735466cecf":"f.165F0B9F83AB8D5533DBC2556707DBA6.d.19AA826F96E4C286567F60F02ACDF39F.e.11909","ELEMENT":"f.165F0B9F83AB8D5533DBC2556707DBA6.d.19AA826F96E4C286567F60F02ACDF39F.e.11909"}]}
COMMAND: POST /session/36177e4d45fb5698ad30062df7661002/element - {"using":"css selector","value":"#shell-header-logo"}
COMMAND: GET /session/36177e4d45fb5698ad30062df7661002/screenshot - {}
RESULT: {"using":"css selector","value":"#shell-header-logo"}
COMMAND: POST /session/36177e4d45fb5698ad30062df7661002/element/f.165F0B9F83AB8D5533DBC2556707DBA6.d.19AA826F96E4C286567F60F02ACDF39F.e.11065/click - {}
RESULT: {}
RESULT: {}
COMMAND: GET /session/36177e4d45fb5698ad30062df7661002/screenshot - {}
RESULT: {}
]]></system-out>
    </testcase>
    <testcase classname="chrome.136_0_7103_93.windows.Create_master_data_for_mixed_billing_&amp;_do_billing_calculation_US151661" name="Should do a stock increase handover" time="87.672">
      <system-out><![CDATA[
COMMAND: POST /session/36177e4d45fb5698ad30062df7661002/execute/async - {"script":"<script> [1562 bytes]","args":[{"selector":{"controlType":"sap.m.GenericTile","properties":{"header":"Manage Handovers"}},"wdio_ui5_key":"sapm.GenericTile{\"header\":\"Manage Handovers\"}"}]}
RESULT: {"script":"<script> [1562 bytes]","args":[{"selector":{"controlType":"sap.m.GenericTile","properties":{"header":"Manage Handovers"}},"wdio_ui5_key":"sapm.GenericTile{\"header\":\"Manage Handovers\"}"}]}
RESULT: undefined
COMMAND: POST /session/36177e4d45fb5698ad30062df7661002/element - {"using":"xpath","value":"//*[@id=\"__tile132\"]"}
RESULT: {"using":"xpath","value":"//*[@id=\"__tile132\"]"}
COMMAND: POST /session/36177e4d45fb5698ad30062df7661002/element/f.165F0B9F83AB8D5533DBC2556707DBA6.d.19AA826F96E4C286567F60F02ACDF39F.e.6616/click - {}
RESULT: {}
COMMAND: GET /session/36177e4d45fb5698ad30062df7661002/screenshot - {}
RESULT: {}
COMMAND: POST /session/36177e4d45fb5698ad30062df7661002/elements - {"using":"xpath","value":"//span[text()='Error']"}
RESULT: {"using":"xpath","value":"//span[text()='Error']"}
COMMAND: POST /session/36177e4d45fb5698ad30062df7661002/element - {"using":"xpath","value":"//button[@data-kt=\"masterHOAddButton\"]"}
RESULT: {"using":"xpath","value":"//button[@data-kt=\"masterHOAddButton\"]"}
COMMAND: POST /session/36177e4d45fb5698ad30062df7661002/elements - {"using":"xpath","value":"//button[@data-kt=\"masterHOAddButton\"]"}
RESULT: {"using":"xpath","value":"//button[@data-kt=\"masterHOAddButton\"]"}
COMMAND: POST /session/36177e4d45fb5698ad30062df7661002/elements - {"using":"xpath","value":"//button[@data-kt=\"masterHOAddButton\"]"}
RESULT: {"using":"xpath","value":"//button[@data-kt=\"masterHOAddButton\"]"}
COMMAND: POST /session/36177e4d45fb5698ad30062df7661002/element - {"using":"xpath","value":"//button[@data-kt=\"masterHOAddButton\"]"}
RESULT: {"using":"xpath","value":"//button[@data-kt=\"masterHOAddButton\"]"}
COMMAND: POST /session/36177e4d45fb5698ad30062df7661002/execute/sync - {"script":"<script> [8489 bytes]","args":[{"element-6066-11e4-a52e-4f735466cecf":"f.165F0B9F83AB8D5533DBC2556707DBA6.d.19AA826F96E4C286567F60F02ACDF39F.e.11941","ELEMENT":"f.165F0B9F83AB8D5533DBC2556707DBA6.d.19AA826F96E4C286567F60F02ACDF39F.e.11941"}]}
RESULT: {"script":"<script> [8489 bytes]","args":[{"element-6066-11e4-a52e-4f735466cecf":"f.165F0B9F83AB8D5533DBC2556707DBA6.d.19AA826F96E4C286567F60F02ACDF39F.e.11941","ELEMENT":"f.165F0B9F83AB8D5533DBC2556707DBA6.d.19AA826F96E4C286567F60F02ACDF39F.e.11941"}]}
COMMAND: GET /session/36177e4d45fb5698ad30062df7661002/element/f.165F0B9F83AB8D5533DBC2556707DBA6.d.19AA826F96E4C286567F60F02ACDF39F.e.11941/enabled - {}
COMMAND: GET /session/36177e4d45fb5698ad30062df7661002/screenshot - {}
RESULT: {}
COMMAND: POST /session/36177e4d45fb5698ad30062df7661002/execute/sync - {"script":"<script> [8489 bytes]","args":[{"element-6066-11e4-a52e-4f735466cecf":"f.165F0B9F83AB8D5533DBC2556707DBA6.d.19AA826F96E4C286567F60F02ACDF39F.e.11941","ELEMENT":"f.165F0B9F83AB8D5533DBC2556707DBA6.d.19AA826F96E4C286567F60F02ACDF39F.e.11941"}]}
COMMAND: GET /session/36177e4d45fb5698ad30062df7661002/screenshot - {}
RESULT: {}
RESULT: {"script":"<script> [8489 bytes]","args":[{"element-6066-11e4-a52e-4f735466cecf":"f.165F0B9F83AB8D5533DBC2556707DBA6.d.19AA826F96E4C286567F60F02ACDF39F.e.11941","ELEMENT":"f.165F0B9F83AB8D5533DBC2556707DBA6.d.19AA826F96E4C286567F60F02ACDF39F.e.11941"}]}
COMMAND: POST /session/36177e4d45fb5698ad30062df7661002/execute/sync - {"script":"<script> [5351 bytes]","args":[{"element-6066-11e4-a52e-4f735466cecf":"f.165F0B9F83AB8D5533DBC2556707DBA6.d.19AA826F96E4C286567F60F02ACDF39F.e.11941","ELEMENT":"f.165F0B9F83AB8D5533DBC2556707DBA6.d.19AA826F96E4C286567F60F02ACDF39F.e.11941"}]}
COMMAND: GET /session/36177e4d45fb5698ad30062df7661002/screenshot - {}
RESULT: {}
RESULT: {"script":"<script> [5351 bytes]","args":[{"element-6066-11e4-a52e-4f735466cecf":"f.165F0B9F83AB8D5533DBC2556707DBA6.d.19AA826F96E4C286567F60F02ACDF39F.e.11941","ELEMENT":"f.165F0B9F83AB8D5533DBC2556707DBA6.d.19AA826F96E4C286567F60F02ACDF39F.e.11941"}]}
COMMAND: POST /session/36177e4d45fb5698ad30062df7661002/element/f.165F0B9F83AB8D5533DBC2556707DBA6.d.19AA826F96E4C286567F60F02ACDF39F.e.11941/click - {}
COMMAND: GET /session/36177e4d45fb5698ad30062df7661002/screenshot - {}
RESULT: {}
RESULT: {}
RESULT: {}
COMMAND: GET /session/36177e4d45fb5698ad30062df7661002/screenshot - {}
RESULT: {}
COMMAND: POST /session/36177e4d45fb5698ad30062df7661002/element - {"using":"xpath","value":"//span[contains(@id ,\"AddNewHO--typeSelect-arrow\")]"}
RESULT: {"using":"xpath","value":"//span[contains(@id ,\"AddNewHO--typeSelect-arrow\")]"}
COMMAND: POST /session/36177e4d45fb5698ad30062df7661002/element/f.165F0B9F83AB8D5533DBC2556707DBA6.d.19AA826F96E4C286567F60F02ACDF39F.e.12302/click - {}
RESULT: {}
COMMAND: GET /session/36177e4d45fb5698ad30062df7661002/screenshot - {}
RESULT: {}
COMMAND: POST /session/36177e4d45fb5698ad30062df7661002/element - {"using":"xpath","value":"(//li[contains(text(), \"stock increase yard\")])[1]"}
RESULT: {"using":"xpath","value":"(//li[contains(text(), \"stock increase yard\")])[1]"}
COMMAND: POST /session/36177e4d45fb5698ad30062df7661002/element/f.165F0B9F83AB8D5533DBC2556707DBA6.d.19AA826F96E4C286567F60F02ACDF39F.e.12303/click - {}
RESULT: {}
COMMAND: GET /session/36177e4d45fb5698ad30062df7661002/screenshot - {}
RESULT: {}
COMMAND: POST /session/36177e4d45fb5698ad30062df7661002/execute/async - {"script":"<script> [1562 bytes]","args":[{"selector":{"id":"application-managehandovers-display-component---AddNewHO--dueDate","interaction":{"idSuffix":"inner"}},"wdio_ui5_key":"applicationmanagehandovers-display-component---AddNewHO--dueDate"}]}
RESULT: {"script":"<script> [1562 bytes]","args":[{"selector":{"id":"application-managehandovers-display-component---AddNewHO--dueDate","interaction":{"idSuffix":"inner"}},"wdio_ui5_key":"applicationmanagehandovers-display-component---AddNewHO--dueDate"}]}
RESULT: undefined
COMMAND: POST /session/36177e4d45fb5698ad30062df7661002/execute/async - {"script":"<script> [6424 bytes]","args":[{"element-6066-11e4-a52e-4f735466cecf":"f.165F0B9F83AB8D5533DBC2556707DBA6.d.19AA826F96E4C286567F60F02ACDF39F.e.12305"},"setValue",["5/16/25"]]}
RESULT: {"script":"<script> [6424 bytes]","args":[{"element-6066-11e4-a52e-4f735466cecf":"f.165F0B9F83AB8D5533DBC2556707DBA6.d.19AA826F96E4C286567F60F02ACDF39F.e.12305"},"setValue",["5/16/25"]]}
COMMAND: POST /session/36177e4d45fb5698ad30062df7661002/element - {"using":"xpath","value":"//input[@id=\"generalSectionFrg--receiveYard-inner\"]"}
RESULT: {"using":"xpath","value":"//input[@id=\"generalSectionFrg--receiveYard-inner\"]"}
COMMAND: POST /session/36177e4d45fb5698ad30062df7661002/element/f.165F0B9F83AB8D5533DBC2556707DBA6.d.19AA826F96E4C286567F60F02ACDF39F.e.12309/clear - {}
RESULT: {}
COMMAND: POST /session/36177e4d45fb5698ad30062df7661002/element/f.165F0B9F83AB8D5533DBC2556707DBA6.d.19AA826F96E4C286567F60F02ACDF39F.e.12309/value - {"text":"435"}
COMMAND: GET /session/36177e4d45fb5698ad30062df7661002/screenshot - {}
RESULT: {}
RESULT: {"text":"435"}
COMMAND: GET /session/36177e4d45fb5698ad30062df7661002/screenshot - {}
RESULT: {}
COMMAND: POST /session/36177e4d45fb5698ad30062df7661002/element - {"using":"xpath","value":"//li[.//span[text()='435']]"}
RESULT: {"using":"xpath","value":"//li[.//span[text()='435']]"}
COMMAND: POST /session/36177e4d45fb5698ad30062df7661002/element/f.165F0B9F83AB8D5533DBC2556707DBA6.d.19AA826F96E4C286567F60F02ACDF39F.e.12327/click - {}
RESULT: {}
COMMAND: GET /session/36177e4d45fb5698ad30062df7661002/screenshot - {}
RESULT: {}
COMMAND: POST /session/36177e4d45fb5698ad30062df7661002/execute/async - {"script":"<script> [1562 bytes]","args":[{"selector":{"id":"application-managehandovers-display-component---AddNewHO--ObjectPageLayout-anchBar-application-managehandovers-display-component---AddNewHO--section4-anchor","interaction":{"idSuffix":"BDI-content"}},"wdio_ui5_key":"applicationmanagehandovers-display-component---AddNewHO--ObjectPageLayout-anchBar-application-managehandovers-display-component---AddNewHO--section4-anchor"}]}
RESULT: {"script":"<script> [1562 bytes]","args":[{"selector":{"id":"application-managehandovers-display-component---AddNewHO--ObjectPageLayout-anchBar-application-managehandovers-display-component---AddNewHO--section4-anchor","interaction":{"idSuffix":"BDI-content"}},"wdio_ui5_key":"applicationmanagehandovers-display-component---AddNewHO--ObjectPageLayout-anchBar-application-managehandovers-display-component---AddNewHO--section4-anchor"}]}
RESULT: undefined
COMMAND: POST /session/36177e4d45fb5698ad30062df7661002/element - {"using":"xpath","value":"//*[@id=\"application-managehandovers-display-component---AddNewHO--ObjectPageLayout-anchBar-application-managehandovers-display-component---AddNewHO--section4-anchor\"]"}
RESULT: {"using":"xpath","value":"//*[@id=\"application-managehandovers-display-component---AddNewHO--ObjectPageLayout-anchBar-application-managehandovers-display-component---AddNewHO--section4-anchor\"]"}
COMMAND: POST /session/36177e4d45fb5698ad30062df7661002/element/f.165F0B9F83AB8D5533DBC2556707DBA6.d.19AA826F96E4C286567F60F02ACDF39F.e.12329/click - {}
RESULT: {}
COMMAND: POST /session/36177e4d45fb5698ad30062df7661002/element - {"using":"xpath","value":"//button[@aria-label=\"Add\"]"}
COMMAND: GET /session/36177e4d45fb5698ad30062df7661002/screenshot - {}
RESULT: {"using":"xpath","value":"//button[@aria-label=\"Add\"]"}
COMMAND: POST /session/36177e4d45fb5698ad30062df7661002/element/f.165F0B9F83AB8D5533DBC2556707DBA6.d.19AA826F96E4C286567F60F02ACDF39F.e.12331/click - {}
RESULT: {}
RESULT: {}
COMMAND: GET /session/36177e4d45fb5698ad30062df7661002/screenshot - {}
RESULT: {}
COMMAND: POST /session/36177e4d45fb5698ad30062df7661002/execute/async - {"script":"<script> [1562 bytes]","args":[{"selector":{"id":"application-managehandovers-display-component---AddNewHO--smartFilterBar-btnBasicSearch","searchOpenDialogs":true,"interaction":{"idSuffix":"I"}},"wdio_ui5_key":"applicationmanagehandovers-display-component---AddNewHO--smartFilterBar-btnBasicSearch"}]}
RESULT: {"script":"<script> [1562 bytes]","args":[{"selector":{"id":"application-managehandovers-display-component---AddNewHO--smartFilterBar-btnBasicSearch","searchOpenDialogs":true,"interaction":{"idSuffix":"I"}},"wdio_ui5_key":"applicationmanagehandovers-display-component---AddNewHO--smartFilterBar-btnBasicSearch"}]}
RESULT: undefined
COMMAND: POST /session/36177e4d45fb5698ad30062df7661002/execute/async - {"script":"<script> [776 bytes]","args":[{"enterText":"x5zLcSGVxu","selector":{"id":"application-managehandovers-display-component---AddNewHO--smartFilterBar-btnBasicSearch","searchOpenDialogs":true,"interaction":{"idSuffix":"I"}},"clearTextFirst":true,"interactionType":"ENTER_TEXT"}]}
RESULT: {"script":"<script> [776 bytes]","args":[{"enterText":"x5zLcSGVxu","selector":{"id":"application-managehandovers-display-component---AddNewHO--smartFilterBar-btnBasicSearch","searchOpenDialogs":true,"interaction":{"idSuffix":"I"}},"clearTextFirst":true,"interactionType":"ENTER_TEXT"}]}
COMMAND: POST /session/36177e4d45fb5698ad30062df7661002/actions - {"actions":[{"id":"action45","type":"key","parameters":{},"actions":[{"type":"keyDown","value":"î€‡"},{"type":"pause","duration":10},{"type":"keyUp","value":"î€‡"}]}]}
RESULT: {"actions":[{"id":"action45","type":"key","parameters":{},"actions":[{"type":"keyDown","value":"î€‡"},{"type":"pause","duration":10},{"type":"keyUp","value":"î€‡"}]}]}
COMMAND: GET /session/36177e4d45fb5698ad30062df7661002/screenshot - {}
RESULT: {}
COMMAND: POST /session/36177e4d45fb5698ad30062df7661002/execute/async - {"script":"<script> [1562 bytes]","args":[{"selector":{"id":"application-managehandovers-display-component---AddNewHO--popup-sa","searchOpenDialogs":true,"interaction":{"idSuffix":"CbBg"}},"wdio_ui5_key":"applicationmanagehandovers-display-component---AddNewHO--popup-sa"}]}
RESULT: {"script":"<script> [1562 bytes]","args":[{"selector":{"id":"application-managehandovers-display-component---AddNewHO--popup-sa","searchOpenDialogs":true,"interaction":{"idSuffix":"CbBg"}},"wdio_ui5_key":"applicationmanagehandovers-display-component---AddNewHO--popup-sa"}]}
RESULT: undefined
COMMAND: POST /session/36177e4d45fb5698ad30062df7661002/element - {"using":"xpath","value":"//*[@id=\"application-managehandovers-display-component---AddNewHO--popup-sa\"]"}
RESULT: {"using":"xpath","value":"//*[@id=\"application-managehandovers-display-component---AddNewHO--popup-sa\"]"}
COMMAND: POST /session/36177e4d45fb5698ad30062df7661002/element/f.165F0B9F83AB8D5533DBC2556707DBA6.d.19AA826F96E4C286567F60F02ACDF39F.e.12485/click - {}
RESULT: {}
COMMAND: GET /session/36177e4d45fb5698ad30062df7661002/screenshot - {}
RESULT: {}
COMMAND: POST /session/36177e4d45fb5698ad30062df7661002/element - {"using":"xpath","value":"//bdi[contains(text(), \"Select\")]"}
RESULT: {"using":"xpath","value":"//bdi[contains(text(), \"Select\")]"}
COMMAND: POST /session/36177e4d45fb5698ad30062df7661002/element/f.165F0B9F83AB8D5533DBC2556707DBA6.d.19AA826F96E4C286567F60F02ACDF39F.e.12486/click - {}
RESULT: {}
COMMAND: GET /session/36177e4d45fb5698ad30062df7661002/screenshot - {}
RESULT: {}
COMMAND: POST /session/36177e4d45fb5698ad30062df7661002/element - {"using":"xpath","value":"//button[@data-kt=\"AddNewHOSaveButton\"]"}
RESULT: {"using":"xpath","value":"//button[@data-kt=\"AddNewHOSaveButton\"]"}
COMMAND: POST /session/36177e4d45fb5698ad30062df7661002/element/f.165F0B9F83AB8D5533DBC2556707DBA6.d.19AA826F96E4C286567F60F02ACDF39F.e.12490/click - {}
RESULT: {}
COMMAND: GET /session/36177e4d45fb5698ad30062df7661002/screenshot - {}
RESULT: {}
COMMAND: POST /session/36177e4d45fb5698ad30062df7661002/execute/async - {"script":"<script> [1562 bytes]","args":[{"selector":{"id":"receiptDatePicker","viewName":"etm.portal.ui.managehandovers.view.DetailExecuteHO","interaction":{"idSuffix":"inner"}},"wdio_ui5_key":"receiptDatePickeretmportal.ui.managehandovers.view.DetailExecuteHO"}]}
RESULT: {"script":"<script> [1562 bytes]","args":[{"selector":{"id":"receiptDatePicker","viewName":"etm.portal.ui.managehandovers.view.DetailExecuteHO","interaction":{"idSuffix":"inner"}},"wdio_ui5_key":"receiptDatePickeretmportal.ui.managehandovers.view.DetailExecuteHO"}]}
RESULT: undefined
COMMAND: POST /session/36177e4d45fb5698ad30062df7661002/execute/async - {"script":"<script> [6424 bytes]","args":[{"element-6066-11e4-a52e-4f735466cecf":"f.165F0B9F83AB8D5533DBC2556707DBA6.d.19AA826F96E4C286567F60F02ACDF39F.e.12509"},"setValue",["5/16/25"]]}
RESULT: {"script":"<script> [6424 bytes]","args":[{"element-6066-11e4-a52e-4f735466cecf":"f.165F0B9F83AB8D5533DBC2556707DBA6.d.19AA826F96E4C286567F60F02ACDF39F.e.12509"},"setValue",["5/16/25"]]}
COMMAND: POST /session/36177e4d45fb5698ad30062df7661002/element - {"using":"xpath","value":"//button[@data-kt=\"PickingTableConfirmAllButton\"]"}
RESULT: {"using":"xpath","value":"//button[@data-kt=\"PickingTableConfirmAllButton\"]"}
COMMAND: POST /session/36177e4d45fb5698ad30062df7661002/element/f.165F0B9F83AB8D5533DBC2556707DBA6.d.19AA826F96E4C286567F60F02ACDF39F.e.12524/click - {}
RESULT: {}
COMMAND: GET /session/36177e4d45fb5698ad30062df7661002/screenshot - {}
RESULT: {}
COMMAND: POST /session/36177e4d45fb5698ad30062df7661002/element - {"using":"xpath","value":"//bdi[contains(text(), \"OK\")]"}
RESULT: {"using":"xpath","value":"//bdi[contains(text(), \"OK\")]"}
COMMAND: POST /session/36177e4d45fb5698ad30062df7661002/element/f.165F0B9F83AB8D5533DBC2556707DBA6.d.19AA826F96E4C286567F60F02ACDF39F.e.12526/click - {}
RESULT: {}
COMMAND: GET /session/36177e4d45fb5698ad30062df7661002/screenshot - {}
RESULT: {}
COMMAND: POST /session/36177e4d45fb5698ad30062df7661002/element - {"using":"xpath","value":"(//bdi[contains(text(), \"Receive\")])[2]"}
RESULT: {"using":"xpath","value":"(//bdi[contains(text(), \"Receive\")])[2]"}
COMMAND: POST /session/36177e4d45fb5698ad30062df7661002/element/f.165F0B9F83AB8D5533DBC2556707DBA6.d.19AA826F96E4C286567F60F02ACDF39F.e.12528/click - {}
RESULT: {}
COMMAND: GET /session/36177e4d45fb5698ad30062df7661002/screenshot - {}
RESULT: {}
COMMAND: POST /session/36177e4d45fb5698ad30062df7661002/element - {"using":"css selector","value":"#shell-header-logo"}
RESULT: {"using":"css selector","value":"#shell-header-logo"}
COMMAND: POST /session/36177e4d45fb5698ad30062df7661002/element/f.165F0B9F83AB8D5533DBC2556707DBA6.d.19AA826F96E4C286567F60F02ACDF39F.e.11913/click - {}
RESULT: {}
COMMAND: GET /session/36177e4d45fb5698ad30062df7661002/screenshot - {}
RESULT: {}
]]></system-out>
    </testcase>
    <testcase classname="chrome.136_0_7103_93.windows.Create_master_data_for_mixed_billing_&amp;_do_billing_calculation_US151661" name="Should create a new contract" time="66.609">
      <system-out><![CDATA[
COMMAND: POST /session/36177e4d45fb5698ad30062df7661002/execute/async - {"script":"<script> [1562 bytes]","args":[{"selector":{"controlType":"sap.m.GenericTile","properties":{"header":"Manage Contracts"}},"wdio_ui5_key":"sapm.GenericTile{\"header\":\"Manage Contracts\"}"}]}
RESULT: {"script":"<script> [1562 bytes]","args":[{"selector":{"controlType":"sap.m.GenericTile","properties":{"header":"Manage Contracts"}},"wdio_ui5_key":"sapm.GenericTile{\"header\":\"Manage Contracts\"}"}]}
RESULT: undefined
COMMAND: POST /session/36177e4d45fb5698ad30062df7661002/element - {"using":"xpath","value":"//*[@id=\"__tile130\"]"}
RESULT: {"using":"xpath","value":"//*[@id=\"__tile130\"]"}
COMMAND: POST /session/36177e4d45fb5698ad30062df7661002/element/f.165F0B9F83AB8D5533DBC2556707DBA6.d.19AA826F96E4C286567F60F02ACDF39F.e.6557/click - {}
RESULT: {}
COMMAND: GET /session/36177e4d45fb5698ad30062df7661002/screenshot - {}
RESULT: {}
COMMAND: POST /session/36177e4d45fb5698ad30062df7661002/elements - {"using":"xpath","value":"//span[text()='Error']"}
RESULT: {"using":"xpath","value":"//span[text()='Error']"}
COMMAND: POST /session/36177e4d45fb5698ad30062df7661002/element - {"using":"xpath","value":"//button[@data-kt=\"addButton\"]"}
RESULT: {"using":"xpath","value":"//button[@data-kt=\"addButton\"]"}
COMMAND: POST /session/36177e4d45fb5698ad30062df7661002/elements - {"using":"xpath","value":"//button[@data-kt=\"addButton\"]"}
RESULT: {"using":"xpath","value":"//button[@data-kt=\"addButton\"]"}
COMMAND: POST /session/36177e4d45fb5698ad30062df7661002/execute/sync - {"script":"<script> [8489 bytes]","args":[{"element-6066-11e4-a52e-4f735466cecf":"f.165F0B9F83AB8D5533DBC2556707DBA6.d.19AA826F96E4C286567F60F02ACDF39F.e.12748","ELEMENT":"f.165F0B9F83AB8D5533DBC2556707DBA6.d.19AA826F96E4C286567F60F02ACDF39F.e.12748"}]}
RESULT: {"script":"<script> [8489 bytes]","args":[{"element-6066-11e4-a52e-4f735466cecf":"f.165F0B9F83AB8D5533DBC2556707DBA6.d.19AA826F96E4C286567F60F02ACDF39F.e.12748","ELEMENT":"f.165F0B9F83AB8D5533DBC2556707DBA6.d.19AA826F96E4C286567F60F02ACDF39F.e.12748"}]}
COMMAND: GET /session/36177e4d45fb5698ad30062df7661002/element/f.165F0B9F83AB8D5533DBC2556707DBA6.d.19AA826F96E4C286567F60F02ACDF39F.e.12748/enabled - {}
COMMAND: GET /session/36177e4d45fb5698ad30062df7661002/screenshot - {}
RESULT: {}
COMMAND: POST /session/36177e4d45fb5698ad30062df7661002/execute/sync - {"script":"<script> [8489 bytes]","args":[{"element-6066-11e4-a52e-4f735466cecf":"f.165F0B9F83AB8D5533DBC2556707DBA6.d.19AA826F96E4C286567F60F02ACDF39F.e.12748","ELEMENT":"f.165F0B9F83AB8D5533DBC2556707DBA6.d.19AA826F96E4C286567F60F02ACDF39F.e.12748"}]}
COMMAND: GET /session/36177e4d45fb5698ad30062df7661002/screenshot - {}
RESULT: {}
RESULT: {"script":"<script> [8489 bytes]","args":[{"element-6066-11e4-a52e-4f735466cecf":"f.165F0B9F83AB8D5533DBC2556707DBA6.d.19AA826F96E4C286567F60F02ACDF39F.e.12748","ELEMENT":"f.165F0B9F83AB8D5533DBC2556707DBA6.d.19AA826F96E4C286567F60F02ACDF39F.e.12748"}]}
COMMAND: POST /session/36177e4d45fb5698ad30062df7661002/execute/sync - {"script":"<script> [5351 bytes]","args":[{"element-6066-11e4-a52e-4f735466cecf":"f.165F0B9F83AB8D5533DBC2556707DBA6.d.19AA826F96E4C286567F60F02ACDF39F.e.12748","ELEMENT":"f.165F0B9F83AB8D5533DBC2556707DBA6.d.19AA826F96E4C286567F60F02ACDF39F.e.12748"}]}
COMMAND: GET /session/36177e4d45fb5698ad30062df7661002/screenshot - {}
RESULT: {}
RESULT: {"script":"<script> [5351 bytes]","args":[{"element-6066-11e4-a52e-4f735466cecf":"f.165F0B9F83AB8D5533DBC2556707DBA6.d.19AA826F96E4C286567F60F02ACDF39F.e.12748","ELEMENT":"f.165F0B9F83AB8D5533DBC2556707DBA6.d.19AA826F96E4C286567F60F02ACDF39F.e.12748"}]}
COMMAND: GET /session/36177e4d45fb5698ad30062df7661002/screenshot - {}
RESULT: {}
RESULT: {}
COMMAND: POST /session/36177e4d45fb5698ad30062df7661002/element/f.165F0B9F83AB8D5533DBC2556707DBA6.d.19AA826F96E4C286567F60F02ACDF39F.e.12748/click - {}
RESULT: {}
COMMAND: GET /session/36177e4d45fb5698ad30062df7661002/screenshot - {}
COMMAND: POST /session/36177e4d45fb5698ad30062df7661002/execute/async - {"script":"<script> [1562 bytes]","args":[{"selector":{"id":"application-managecontracts-display-component---AddNewContract--projectDescription","interaction":{"idSuffix":"inner"}},"wdio_ui5_key":"applicationmanagecontracts-display-component---AddNewContract--projectDescription"}]}
RESULT: {}
RESULT: {"script":"<script> [1562 bytes]","args":[{"selector":{"id":"application-managecontracts-display-component---AddNewContract--projectDescription","interaction":{"idSuffix":"inner"}},"wdio_ui5_key":"applicationmanagecontracts-display-component---AddNewContract--projectDescription"}]}
RESULT: undefined
COMMAND: POST /session/36177e4d45fb5698ad30062df7661002/execute/async - {"script":"<script> [776 bytes]","args":[{"enterText":"Mixed Contract WDIO","selector":{"id":"application-managecontracts-display-component---AddNewContract--projectDescription","interaction":{"idSuffix":"inner"}},"clearTextFirst":true,"interactionType":"ENTER_TEXT"}]}
RESULT: {"script":"<script> [776 bytes]","args":[{"enterText":"Mixed Contract WDIO","selector":{"id":"application-managecontracts-display-component---AddNewContract--projectDescription","interaction":{"idSuffix":"inner"}},"clearTextFirst":true,"interactionType":"ENTER_TEXT"}]}
COMMAND: POST /session/36177e4d45fb5698ad30062df7661002/element - {"using":"xpath","value":"//input[@id=\"application-managecontracts-display-component---AddNewContract--site-inner\"]"}
RESULT: {"using":"xpath","value":"//input[@id=\"application-managecontracts-display-component---AddNewContract--site-inner\"]"}
COMMAND: POST /session/36177e4d45fb5698ad30062df7661002/element/f.165F0B9F83AB8D5533DBC2556707DBA6.d.19AA826F96E4C286567F60F02ACDF39F.e.13104/clear - {}
RESULT: {}
COMMAND: POST /session/36177e4d45fb5698ad30062df7661002/element/f.165F0B9F83AB8D5533DBC2556707DBA6.d.19AA826F96E4C286567F60F02ACDF39F.e.13104/value - {"text":"2203"}
COMMAND: GET /session/36177e4d45fb5698ad30062df7661002/screenshot - {}
RESULT: {"text":"2203"}
COMMAND: GET /session/36177e4d45fb5698ad30062df7661002/screenshot - {}
RESULT: {}
RESULT: {}
COMMAND: POST /session/36177e4d45fb5698ad30062df7661002/element - {"using":"xpath","value":"//li[.//span[text()='2203']]"}
RESULT: {"using":"xpath","value":"//li[.//span[text()='2203']]"}
COMMAND: POST /session/36177e4d45fb5698ad30062df7661002/element/f.165F0B9F83AB8D5533DBC2556707DBA6.d.19AA826F96E4C286567F60F02ACDF39F.e.13139/click - {}
RESULT: {}
COMMAND: GET /session/36177e4d45fb5698ad30062df7661002/screenshot - {}
RESULT: {}
COMMAND: POST /session/36177e4d45fb5698ad30062df7661002/element - {"using":"xpath","value":"//input[@id=\"application-managecontracts-display-component---AddNewContract--yardId-inner\"]"}
RESULT: {"using":"xpath","value":"//input[@id=\"application-managecontracts-display-component---AddNewContract--yardId-inner\"]"}
COMMAND: GET /session/36177e4d45fb5698ad30062df7661002/element/f.165F0B9F83AB8D5533DBC2556707DBA6.d.19AA826F96E4C286567F60F02ACDF39F.e.13105/property/value - {}
RESULT: {}
COMMAND: POST /session/36177e4d45fb5698ad30062df7661002/element - {"using":"xpath","value":"//input[@id=\"application-managecontracts-display-component---AddNewContract--customerSelect-inner\"]"}
COMMAND: GET /session/36177e4d45fb5698ad30062df7661002/screenshot - {}
RESULT: {"using":"xpath","value":"//input[@id=\"application-managecontracts-display-component---AddNewContract--customerSelect-inner\"]"}
COMMAND: POST /session/36177e4d45fb5698ad30062df7661002/element/f.165F0B9F83AB8D5533DBC2556707DBA6.d.19AA826F96E4C286567F60F02ACDF39F.e.13103/clear - {}
RESULT: {}
RESULT: {}
COMMAND: POST /session/36177e4d45fb5698ad30062df7661002/element/f.165F0B9F83AB8D5533DBC2556707DBA6.d.19AA826F96E4C286567F60F02ACDF39F.e.13103/value - {"text":"1244"}
COMMAND: GET /session/36177e4d45fb5698ad30062df7661002/screenshot - {}
RESULT: {"text":"1244"}
COMMAND: GET /session/36177e4d45fb5698ad30062df7661002/screenshot - {}
RESULT: {}
RESULT: {}
COMMAND: POST /session/36177e4d45fb5698ad30062df7661002/element - {"using":"xpath","value":"//li[.//span[text()='1244']]"}
RESULT: {"using":"xpath","value":"//li[.//span[text()='1244']]"}
COMMAND: POST /session/36177e4d45fb5698ad30062df7661002/element/f.165F0B9F83AB8D5533DBC2556707DBA6.d.19AA826F96E4C286567F60F02ACDF39F.e.13142/click - {}
RESULT: {}
COMMAND: GET /session/36177e4d45fb5698ad30062df7661002/screenshot - {}
RESULT: {}
COMMAND: POST /session/36177e4d45fb5698ad30062df7661002/element - {"using":"xpath","value":"//button[@data-kt=\"saveButton\"]"}
RESULT: {"using":"xpath","value":"//button[@data-kt=\"saveButton\"]"}
COMMAND: POST /session/36177e4d45fb5698ad30062df7661002/element/f.165F0B9F83AB8D5533DBC2556707DBA6.d.19AA826F96E4C286567F60F02ACDF39F.e.13143/click - {}
RESULT: {}
COMMAND: GET /session/36177e4d45fb5698ad30062df7661002/screenshot - {}
RESULT: {}
COMMAND: POST /session/36177e4d45fb5698ad30062df7661002/element - {"using":"xpath","value":"//span[contains(@id ,\"contractDetailTitleNoExpanded\")]"}
RESULT: {"using":"xpath","value":"//span[contains(@id ,\"contractDetailTitleNoExpanded\")]"}
COMMAND: POST /session/36177e4d45fb5698ad30062df7661002/elements - {"using":"xpath","value":"//span[contains(@id ,\"contractDetailTitleNoExpanded\")]"}
RESULT: {"using":"xpath","value":"//span[contains(@id ,\"contractDetailTitleNoExpanded\")]"}
COMMAND: POST /session/36177e4d45fb5698ad30062df7661002/execute/sync - {"script":"<script> [56 bytes]","args":[{"element-6066-11e4-a52e-4f735466cecf":"f.165F0B9F83AB8D5533DBC2556707DBA6.d.19AA826F96E4C286567F60F02ACDF39F.e.13216","ELEMENT":"f.165F0B9F83AB8D5533DBC2556707DBA6.d.19AA826F96E4C286567F60F02ACDF39F.e.13216"}]}
RESULT: {"script":"<script> [56 bytes]","args":[{"element-6066-11e4-a52e-4f735466cecf":"f.165F0B9F83AB8D5533DBC2556707DBA6.d.19AA826F96E4C286567F60F02ACDF39F.e.13216","ELEMENT":"f.165F0B9F83AB8D5533DBC2556707DBA6.d.19AA826F96E4C286567F60F02ACDF39F.e.13216"}]}
COMMAND: GET /session/36177e4d45fb5698ad30062df7661002/screenshot - {}
RESULT: {}
]]></system-out>
    </testcase>
    <testcase classname="chrome.136_0_7103_93.windows.Create_master_data_for_mixed_billing_&amp;_do_billing_calculation_US151661" name="Should add equipment to the contract" time="48.497">
      <system-out><![CDATA[
COMMAND: POST /session/36177e4d45fb5698ad30062df7661002/element - {"using":"xpath","value":"//button[@data-kt=\"contractDetailEditBtnButton\"]"}
RESULT: {"using":"xpath","value":"//button[@data-kt=\"contractDetailEditBtnButton\"]"}
COMMAND: POST /session/36177e4d45fb5698ad30062df7661002/element/f.165F0B9F83AB8D5533DBC2556707DBA6.d.19AA826F96E4C286567F60F02ACDF39F.e.13217/click - {}
RESULT: {}
COMMAND: GET /session/36177e4d45fb5698ad30062df7661002/screenshot - {}
RESULT: {}
COMMAND: POST /session/36177e4d45fb5698ad30062df7661002/element - {"using":"xpath","value":"(//span[contains(text(), \"Additional Addresses\")])[2]"}
RESULT: {"using":"xpath","value":"(//span[contains(text(), \"Additional Addresses\")])[2]"}
COMMAND: POST /session/36177e4d45fb5698ad30062df7661002/element/f.165F0B9F83AB8D5533DBC2556707DBA6.d.19AA826F96E4C286567F60F02ACDF39F.e.13274/click - {}
RESULT: {}
COMMAND: GET /session/36177e4d45fb5698ad30062df7661002/screenshot - {}
RESULT: {}
COMMAND: POST /session/36177e4d45fb5698ad30062df7661002/element - {"using":"xpath","value":"//button[@data-kt=\"btnAddTableRowOverflowToolbarButton\"]"}
RESULT: {"using":"xpath","value":"//button[@data-kt=\"btnAddTableRowOverflowToolbarButton\"]"}
COMMAND: POST /session/36177e4d45fb5698ad30062df7661002/element/f.165F0B9F83AB8D5533DBC2556707DBA6.d.19AA826F96E4C286567F60F02ACDF39F.e.13276/click - {}
RESULT: {}
COMMAND: GET /session/36177e4d45fb5698ad30062df7661002/screenshot - {}
RESULT: {}
COMMAND: POST /session/36177e4d45fb5698ad30062df7661002/element - {"using":"xpath","value":"//div[(text() = 'Standard Entry' or . = 'Standard Entry')]"}
RESULT: {"using":"xpath","value":"//div[(text() = 'Standard Entry' or . = 'Standard Entry')]"}
COMMAND: POST /session/36177e4d45fb5698ad30062df7661002/element/f.165F0B9F83AB8D5533DBC2556707DBA6.d.19AA826F96E4C286567F60F02ACDF39F.e.13278/click - {}
RESULT: {}
COMMAND: GET /session/36177e4d45fb5698ad30062df7661002/screenshot - {}
RESULT: {}
COMMAND: POST /session/36177e4d45fb5698ad30062df7661002/element - {"using":"xpath","value":"//td[7]/div/div/input"}
RESULT: {"using":"xpath","value":"//td[7]/div/div/input"}
COMMAND: POST /session/36177e4d45fb5698ad30062df7661002/element/f.165F0B9F83AB8D5533DBC2556707DBA6.d.19AA826F96E4C286567F60F02ACDF39F.e.13287/clear - {}
RESULT: {}
COMMAND: POST /session/36177e4d45fb5698ad30062df7661002/element/f.165F0B9F83AB8D5533DBC2556707DBA6.d.19AA826F96E4C286567F60F02ACDF39F.e.13287/value - {"text":"x5zLcSGVxu"}
COMMAND: GET /session/36177e4d45fb5698ad30062df7661002/screenshot - {}
RESULT: {"text":"x5zLcSGVxu"}
COMMAND: GET /session/36177e4d45fb5698ad30062df7661002/screenshot - {}
RESULT: {}
RESULT: {}
COMMAND: POST /session/36177e4d45fb5698ad30062df7661002/actions - {"actions":[{"id":"action46","type":"key","parameters":{},"actions":[{"type":"keyDown","value":"î€‡"},{"type":"pause","duration":10},{"type":"keyUp","value":"î€‡"}]}]}
RESULT: {"actions":[{"id":"action46","type":"key","parameters":{},"actions":[{"type":"keyDown","value":"î€‡"},{"type":"pause","duration":10},{"type":"keyUp","value":"î€‡"}]}]}
COMMAND: GET /session/36177e4d45fb5698ad30062df7661002/screenshot - {}
RESULT: {}
COMMAND: POST /session/36177e4d45fb5698ad30062df7661002/execute/sync - {"script":"<script> [276 bytes]","args":["No pricing information was found"]}
RESULT: {"script":"<script> [276 bytes]","args":["No pricing information was found"]}
COMMAND: POST /session/36177e4d45fb5698ad30062df7661002/element - {"using":"xpath","value":"(//button[@data-kt=\"saveButton\"])[2]"}
COMMAND: GET /session/36177e4d45fb5698ad30062df7661002/screenshot - {}
RESULT: {"using":"xpath","value":"(//button[@data-kt=\"saveButton\"])[2]"}
COMMAND: POST /session/36177e4d45fb5698ad30062df7661002/element/f.165F0B9F83AB8D5533DBC2556707DBA6.d.19AA826F96E4C286567F60F02ACDF39F.e.13302/click - {}
RESULT: {}
RESULT: {}
COMMAND: GET /session/36177e4d45fb5698ad30062df7661002/screenshot - {}
RESULT: {}
COMMAND: POST /session/36177e4d45fb5698ad30062df7661002/execute/sync - {"script":"<script> [276 bytes]","args":["Some contract items are having rental validity exceeding header rental validity"]}
RESULT: {"script":"<script> [276 bytes]","args":["Some contract items are having rental validity exceeding header rental validity"]}
COMMAND: GET /session/36177e4d45fb5698ad30062df7661002/screenshot - {}
RESULT: {}
COMMAND: POST /session/36177e4d45fb5698ad30062df7661002/element - {"using":"xpath","value":"//span[contains(@id ,\"contractItemsSmartTable-header-inner\")]"}
RESULT: {"using":"xpath","value":"//span[contains(@id ,\"contractItemsSmartTable-header-inner\")]"}
COMMAND: POST /session/36177e4d45fb5698ad30062df7661002/elements - {"using":"xpath","value":"//span[contains(@id ,\"contractItemsSmartTable-header-inner\")]"}
RESULT: {"using":"xpath","value":"//span[contains(@id ,\"contractItemsSmartTable-header-inner\")]"}
COMMAND: POST /session/36177e4d45fb5698ad30062df7661002/execute/sync - {"script":"<script> [56 bytes]","args":[{"element-6066-11e4-a52e-4f735466cecf":"f.165F0B9F83AB8D5533DBC2556707DBA6.d.19AA826F96E4C286567F60F02ACDF39F.e.13308","ELEMENT":"f.165F0B9F83AB8D5533DBC2556707DBA6.d.19AA826F96E4C286567F60F02ACDF39F.e.13308"}]}
RESULT: {"script":"<script> [56 bytes]","args":[{"element-6066-11e4-a52e-4f735466cecf":"f.165F0B9F83AB8D5533DBC2556707DBA6.d.19AA826F96E4C286567F60F02ACDF39F.e.13308","ELEMENT":"f.165F0B9F83AB8D5533DBC2556707DBA6.d.19AA826F96E4C286567F60F02ACDF39F.e.13308"}]}
COMMAND: GET /session/36177e4d45fb5698ad30062df7661002/screenshot - {}
]]></system-out>
    </testcase>
    <testcase classname="chrome.136_0_7103_93.windows.Create_master_data_for_mixed_billing_&amp;_do_billing_calculation_US151661" name="Should do a provide to site handover" time="69.411">
      <system-out><![CDATA[
COMMAND: POST /session/36177e4d45fb5698ad30062df7661002/element - {"using":"xpath","value":"//button[@data-kt=\"provideButton\"]"}
RESULT: {}
RESULT: {"using":"xpath","value":"//button[@data-kt=\"provideButton\"]"}
COMMAND: POST /session/36177e4d45fb5698ad30062df7661002/element/f.165F0B9F83AB8D5533DBC2556707DBA6.d.19AA826F96E4C286567F60F02ACDF39F.e.13309/click - {}
RESULT: {}
COMMAND: GET /session/36177e4d45fb5698ad30062df7661002/screenshot - {}
RESULT: undefined
COMMAND: POST /session/36177e4d45fb5698ad30062df7661002/execute/async - {"script":"<script> [6424 bytes]","args":[{"element-6066-11e4-a52e-4f735466cecf":"f.165F0B9F83AB8D5533DBC2556707DBA6.d.19AA826F96E4C286567F60F02ACDF39F.e.12305"},"setValue",["5/16/25"]]}
RESULT: {}
COMMAND: POST /session/36177e4d45fb5698ad30062df7661002/execute/async - {"script":"<script> [1562 bytes]","args":[{"selector":{"id":"application-managehandovers-display-component---AddNewHO--dueDate","interaction":{"idSuffix":"inner"}},"wdio_ui5_key":"applicationmanagehandovers-display-component---AddNewHO--dueDate"}]}
RESULT: {"script":"<script> [1562 bytes]","args":[{"selector":{"id":"application-managehandovers-display-component---AddNewHO--dueDate","interaction":{"idSuffix":"inner"}},"wdio_ui5_key":"applicationmanagehandovers-display-component---AddNewHO--dueDate"}]}
COMMAND: POST /session/36177e4d45fb5698ad30062df7661002/execute/async - {"script":"<script> [6424 bytes]","args":[{"element-6066-11e4-a52e-4f735466cecf":"f.165F0B9F83AB8D5533DBC2556707DBA6.d.19AA826F96E4C286567F60F02ACDF39F.e.13371"},"setValue",["5/16/25"]]}
RESULT: {"script":"<script> [6424 bytes]","args":[{"element-6066-11e4-a52e-4f735466cecf":"f.165F0B9F83AB8D5533DBC2556707DBA6.d.19AA826F96E4C286567F60F02ACDF39F.e.13371"},"setValue",["5/16/25"]]}
COMMAND: POST /session/36177e4d45fb5698ad30062df7661002/element - {"using":"xpath","value":"//bdi[contains(text(), \"Instructions\")]"}
RESULT: {"using":"xpath","value":"//bdi[contains(text(), \"Instructions\")]"}
COMMAND: POST /session/36177e4d45fb5698ad30062df7661002/element/f.165F0B9F83AB8D5533DBC2556707DBA6.d.19AA826F96E4C286567F60F02ACDF39F.e.13585/click - {}
RESULT: {}
COMMAND: GET /session/36177e4d45fb5698ad30062df7661002/screenshot - {}
RESULT: {}
COMMAND: POST /session/36177e4d45fb5698ad30062df7661002/element - {"using":"xpath","value":"//button[@data-kt=\"AddNewHOProvideAddItemsButton\"]"}
RESULT: {"using":"xpath","value":"//button[@data-kt=\"AddNewHOProvideAddItemsButton\"]"}
COMMAND: POST /session/36177e4d45fb5698ad30062df7661002/element/f.165F0B9F83AB8D5533DBC2556707DBA6.d.19AA826F96E4C286567F60F02ACDF39F.e.13589/click - {}
RESULT: {}
COMMAND: GET /session/36177e4d45fb5698ad30062df7661002/screenshot - {}
RESULT: {}
RESULT: undefined
COMMAND: POST /session/36177e4d45fb5698ad30062df7661002/element - {"using":"xpath","value":"//*[@id=\"application-managehandovers-display-component---AddNewHO--popup-sa\"]"}
RESULT: {"using":"xpath","value":"//*[@id=\"application-managehandovers-display-component---AddNewHO--popup-sa\"]"}
COMMAND: POST /session/36177e4d45fb5698ad30062df7661002/element/f.165F0B9F83AB8D5533DBC2556707DBA6.d.19AA826F96E4C286567F60F02ACDF39F.e.13604/click - {}
RESULT: {}
COMMAND: GET /session/36177e4d45fb5698ad30062df7661002/screenshot - {}
RESULT: {}
COMMAND: POST /session/36177e4d45fb5698ad30062df7661002/element - {"using":"xpath","value":"//*[contains(@id ,\"BDI-content\")][contains(text(), \"Select\")]"}
RESULT: {"using":"xpath","value":"//*[contains(@id ,\"BDI-content\")][contains(text(), \"Select\")]"}
COMMAND: POST /session/36177e4d45fb5698ad30062df7661002/element/f.165F0B9F83AB8D5533DBC2556707DBA6.d.19AA826F96E4C286567F60F02ACDF39F.e.13606/click - {}
RESULT: {}
COMMAND: GET /session/36177e4d45fb5698ad30062df7661002/screenshot - {}
RESULT: {}
COMMAND: POST /session/36177e4d45fb5698ad30062df7661002/execute/async - {"script":"<script> [1562 bytes]","args":[{"selector":{"id":"application-managehandovers-display-component---AddNewHO--confirmCreationButton","interaction":{"idSuffix":"BDI-content"}},"wdio_ui5_key":"applicationmanagehandovers-display-component---AddNewHO--confirmCreationButton"}]}
RESULT: {"script":"<script> [1562 bytes]","args":[{"selector":{"id":"application-managehandovers-display-component---AddNewHO--confirmCreationButton","interaction":{"idSuffix":"BDI-content"}},"wdio_ui5_key":"applicationmanagehandovers-display-component---AddNewHO--confirmCreationButton"}]}
RESULT: undefined
COMMAND: POST /session/36177e4d45fb5698ad30062df7661002/element - {"using":"xpath","value":"//*[@id=\"application-managehandovers-display-component---AddNewHO--confirmCreationButton\"]"}
RESULT: {"using":"xpath","value":"//*[@id=\"application-managehandovers-display-component---AddNewHO--confirmCreationButton\"]"}
COMMAND: POST /session/36177e4d45fb5698ad30062df7661002/element/f.165F0B9F83AB8D5533DBC2556707DBA6.d.19AA826F96E4C286567F60F02ACDF39F.e.13392/click - {}
RESULT: {}
COMMAND: GET /session/36177e4d45fb5698ad30062df7661002/screenshot - {}
RESULT: {}
COMMAND: POST /session/36177e4d45fb5698ad30062df7661002/execute/async - {"script":"<script> [1562 bytes]","args":[{"selector":{"id":"issueDatePicker","viewName":"etm.portal.ui.managehandovers.view.DetailExecuteHO","interaction":{"idSuffix":"inner"}},"wdio_ui5_key":"issueDatePickeretmportal.ui.managehandovers.view.DetailExecuteHO"}]}
RESULT: {"script":"<script> [1562 bytes]","args":[{"selector":{"id":"issueDatePicker","viewName":"etm.portal.ui.managehandovers.view.DetailExecuteHO","interaction":{"idSuffix":"inner"}},"wdio_ui5_key":"issueDatePickeretmportal.ui.managehandovers.view.DetailExecuteHO"}]}
RESULT: undefined
COMMAND: POST /session/36177e4d45fb5698ad30062df7661002/execute/async - {"script":"<script> [776 bytes]","args":[{"enterText":"5/16/25","selector":{"id":"issueDatePicker","viewName":"etm.portal.ui.managehandovers.view.DetailExecuteHO","interaction":{"idSuffix":"inner"}},"clearTextFirst":true,"interactionType":"ENTER_TEXT"}]}
RESULT: {"script":"<script> [776 bytes]","args":[{"enterText":"5/16/25","selector":{"id":"issueDatePicker","viewName":"etm.portal.ui.managehandovers.view.DetailExecuteHO","interaction":{"idSuffix":"inner"}},"clearTextFirst":true,"interactionType":"ENTER_TEXT"}]}
COMMAND: POST /session/36177e4d45fb5698ad30062df7661002/element - {"using":"xpath","value":"//bdi[contains(text(), \"OK\")]"}
RESULT: {"using":"xpath","value":"//bdi[contains(text(), \"OK\")]"}
COMMAND: POST /session/36177e4d45fb5698ad30062df7661002/element/f.165F0B9F83AB8D5533DBC2556707DBA6.d.19AA826F96E4C286567F60F02ACDF39F.e.13654/click - {}
RESULT: {}
COMMAND: GET /session/36177e4d45fb5698ad30062df7661002/screenshot - {}
RESULT: {}
COMMAND: POST /session/36177e4d45fb5698ad30062df7661002/element - {"using":"xpath","value":"//button[@data-kt=\"PickingTableConfirmAllButton\"]"}
RESULT: {"using":"xpath","value":"//button[@data-kt=\"PickingTableConfirmAllButton\"]"}
COMMAND: POST /session/36177e4d45fb5698ad30062df7661002/element/f.165F0B9F83AB8D5533DBC2556707DBA6.d.19AA826F96E4C286567F60F02ACDF39F.e.13662/click - {}
RESULT: {}
COMMAND: GET /session/36177e4d45fb5698ad30062df7661002/screenshot - {}
RESULT: {}
COMMAND: POST /session/36177e4d45fb5698ad30062df7661002/element - {"using":"xpath","value":"//bdi[contains(text(), \"OK\")]"}
RESULT: {"using":"xpath","value":"//bdi[contains(text(), \"OK\")]"}
COMMAND: POST /session/36177e4d45fb5698ad30062df7661002/element/f.165F0B9F83AB8D5533DBC2556707DBA6.d.19AA826F96E4C286567F60F02ACDF39F.e.13665/click - {}
RESULT: {}
COMMAND: GET /session/36177e4d45fb5698ad30062df7661002/screenshot - {}
RESULT: {}
COMMAND: POST /session/36177e4d45fb5698ad30062df7661002/element - {"using":"xpath","value":"//bdi[contains(text(), \"Issue\")]"}
RESULT: {"using":"xpath","value":"//bdi[contains(text(), \"Issue\")]"}
COMMAND: POST /session/36177e4d45fb5698ad30062df7661002/element/f.165F0B9F83AB8D5533DBC2556707DBA6.d.19AA826F96E4C286567F60F02ACDF39F.e.13667/click - {}
RESULT: {}
COMMAND: GET /session/36177e4d45fb5698ad30062df7661002/screenshot - {}
RESULT: {}
COMMAND: POST /session/36177e4d45fb5698ad30062df7661002/element - {"using":"css selector","value":"#shell-header-logo"}
RESULT: {"using":"css selector","value":"#shell-header-logo"}
COMMAND: POST /session/36177e4d45fb5698ad30062df7661002/element/f.165F0B9F83AB8D5533DBC2556707DBA6.d.19AA826F96E4C286567F60F02ACDF39F.e.12699/click - {}
RESULT: {}
COMMAND: GET /session/36177e4d45fb5698ad30062df7661002/screenshot - {}
RESULT: {}
]]></system-out>
    </testcase>
    <testcase classname="chrome.136_0_7103_93.windows.Create_master_data_for_mixed_billing_&amp;_do_billing_calculation_US151661" name="Should create a few performance documents" time="109.696">
      <system-out><![CDATA[
COMMAND: POST /session/36177e4d45fb5698ad30062df7661002/execute/async - {"script":"<script> [1562 bytes]","args":[{"selector":{"controlType":"sap.m.GenericTile","properties":{"header":"Manage States & Performance"}},"wdio_ui5_key":"sapm.GenericTile{\"header\":\"Manage States & Performance\"}"}]}
RESULT: {"script":"<script> [1562 bytes]","args":[{"selector":{"controlType":"sap.m.GenericTile","properties":{"header":"Manage States & Performance"}},"wdio_ui5_key":"sapm.GenericTile{\"header\":\"Manage States & Performance\"}"}]}
RESULT: undefined
COMMAND: POST /session/36177e4d45fb5698ad30062df7661002/element - {"using":"xpath","value":"//*[@id=\"__tile56\"]"}
RESULT: {"using":"xpath","value":"//*[@id=\"__tile56\"]"}
COMMAND: POST /session/36177e4d45fb5698ad30062df7661002/element/f.165F0B9F83AB8D5533DBC2556707DBA6.d.19AA826F96E4C286567F60F02ACDF39F.e.6637/click - {}
RESULT: {}
COMMAND: GET /session/36177e4d45fb5698ad30062df7661002/screenshot - {}
RESULT: {}
COMMAND: POST /session/36177e4d45fb5698ad30062df7661002/elements - {"using":"xpath","value":"//span[text()='Error']"}
RESULT: {"using":"xpath","value":"//span[text()='Error']"}
COMMAND: POST /session/36177e4d45fb5698ad30062df7661002/execute/async - {"script":"<script> [1562 bytes]","args":[{"selector":{"id":"application-managestatesandperformance-display-component---stateAndPerform--smartFilterBarResources-btnBasicSearch","interaction":{"idSuffix":"I"}},"wdio_ui5_key":"applicationmanagestatesandperformance-display-component---stateAndPerform--smartFilterBarResources-btnBasicSearch"}]}
RESULT: {"script":"<script> [1562 bytes]","args":[{"selector":{"id":"application-managestatesandperformance-display-component---stateAndPerform--smartFilterBarResources-btnBasicSearch","interaction":{"idSuffix":"I"}},"wdio_ui5_key":"applicationmanagestatesandperformance-display-component---stateAndPerform--smartFilterBarResources-btnBasicSearch"}]}
RESULT: undefined
COMMAND: POST /session/36177e4d45fb5698ad30062df7661002/execute/async - {"script":"<script> [776 bytes]","args":[{"enterText":"x5zLcSGVxu","selector":{"id":"application-managestatesandperformance-display-component---stateAndPerform--smartFilterBarResources-btnBasicSearch","interaction":{"idSuffix":"I"}},"clearTextFirst":true,"interactionType":"ENTER_TEXT"}]}
RESULT: {"script":"<script> [776 bytes]","args":[{"enterText":"x5zLcSGVxu","selector":{"id":"application-managestatesandperformance-display-component---stateAndPerform--smartFilterBarResources-btnBasicSearch","interaction":{"idSuffix":"I"}},"clearTextFirst":true,"interactionType":"ENTER_TEXT"}]}
COMMAND: POST /session/36177e4d45fb5698ad30062df7661002/actions - {"actions":[{"id":"action47","type":"key","parameters":{},"actions":[{"type":"keyDown","value":"î€‡"},{"type":"pause","duration":10},{"type":"keyUp","value":"î€‡"}]}]}
RESULT: {"actions":[{"id":"action47","type":"key","parameters":{},"actions":[{"type":"keyDown","value":"î€‡"},{"type":"pause","duration":10},{"type":"keyUp","value":"î€‡"}]}]}
COMMAND: GET /session/36177e4d45fb5698ad30062df7661002/screenshot - {}
RESULT: {}
COMMAND: POST /session/36177e4d45fb5698ad30062df7661002/execute/async - {"script":"<script> [1562 bytes]","args":[{"selector":{"id":"application-managestatesandperformance-display-component---stateAndPerform--stateAndPerformResourcesSmartTable-header"},"wdio_ui5_key":"applicationmanagestatesandperformance-display-component---stateAndPerform--stateAndPerformResourcesSmartTable-header"}]}
RESULT: {"script":"<script> [1562 bytes]","args":[{"selector":{"id":"application-managestatesandperformance-display-component---stateAndPerform--stateAndPerformResourcesSmartTable-header"},"wdio_ui5_key":"applicationmanagestatesandperformance-display-component---stateAndPerform--stateAndPerformResourcesSmartTable-header"}]}
RESULT: undefined
COMMAND: POST /session/36177e4d45fb5698ad30062df7661002/execute/async - {"script":"<script> [6424 bytes]","args":[{"element-6066-11e4-a52e-4f735466cecf":"f.165F0B9F83AB8D5533DBC2556707DBA6.d.19AA826F96E4C286567F60F02ACDF39F.e.13951"},"getText",[]]}
RESULT: {"script":"<script> [6424 bytes]","args":[{"element-6066-11e4-a52e-4f735466cecf":"f.165F0B9F83AB8D5533DBC2556707DBA6.d.19AA826F96E4C286567F60F02ACDF39F.e.13951"},"getText",[]]}
COMMAND: POST /session/36177e4d45fb5698ad30062df7661002/execute/async - {"script":"<script> [1562 bytes]","args":[{"selector":{"controlType":"sap.ui.core.Icon","viewName":"etm.portal.ui.managestatesandperformance.view.Master","viewId":"application-managestatesandperformance-display-component---stateAndPerform","properties":{"src":{"regex":{"source":"slim\\-arrow\\-right"}}}},"wdio_ui5_key":"etmportal.ui.managestatesandperformance.view.Mastersap.ui.core.Icon{\"src\":{\"regex\":{\"source\":\"slim\\\\-arrow\\\\-right\"}}}"}]}
RESULT: {"script":"<script> [1562 bytes]","args":[{"selector":{"controlType":"sap.ui.core.Icon","viewName":"etm.portal.ui.managestatesandperformance.view.Master","viewId":"application-managestatesandperformance-display-component---stateAndPerform","properties":{"src":{"regex":{"source":"slim\\-arrow\\-right"}}}},"wdio_ui5_key":"etmportal.ui.managestatesandperformance.view.Mastersap.ui.core.Icon{\"src\":{\"regex\":{\"source\":\"slim\\\\-arrow\\\\-right\"}}}"}]}
RESULT: undefined
COMMAND: POST /session/36177e4d45fb5698ad30062df7661002/element - {"using":"xpath","value":"//*[@id=\"__item3790-__clone16484-imgNav\"]"}
RESULT: {"using":"xpath","value":"//*[@id=\"__item3790-__clone16484-imgNav\"]"}
COMMAND: POST /session/36177e4d45fb5698ad30062df7661002/element/f.165F0B9F83AB8D5533DBC2556707DBA6.d.19AA826F96E4C286567F60F02ACDF39F.e.13950/click - {}
RESULT: {}
COMMAND: GET /session/36177e4d45fb5698ad30062df7661002/screenshot - {}
RESULT: {}
COMMAND: POST /session/36177e4d45fb5698ad30062df7661002/execute/async - {"script":"<script> [1562 bytes]","args":[{"selector":{"controlType":"sap.m.Button","viewName":"etm.portal.ui.managestatesandperformance.view.Detail","viewId":"application-managestatesandperformance-display-component---detailStateAndPerform","properties":{"text":"Performance Documents"}},"wdio_ui5_key":"etmportal.ui.managestatesandperformance.view.Detailsap.m.Button{\"text\":\"Performance Documents\"}"}]}
RESULT: {"script":"<script> [1562 bytes]","args":[{"selector":{"controlType":"sap.m.Button","viewName":"etm.portal.ui.managestatesandperformance.view.Detail","viewId":"application-managestatesandperformance-display-component---detailStateAndPerform","properties":{"text":"Performance Documents"}},"wdio_ui5_key":"etmportal.ui.managestatesandperformance.view.Detailsap.m.Button{\"text\":\"Performance Documents\"}"}]}
RESULT: undefined
COMMAND: POST /session/36177e4d45fb5698ad30062df7661002/element - {"using":"xpath","value":"//*[@id=\"__item3813-button\"]"}
RESULT: {"using":"xpath","value":"//*[@id=\"__item3813-button\"]"}
COMMAND: POST /session/36177e4d45fb5698ad30062df7661002/element/f.165F0B9F83AB8D5533DBC2556707DBA6.d.19AA826F96E4C286567F60F02ACDF39F.e.13999/click - {}
RESULT: {}
COMMAND: POST /session/36177e4d45fb5698ad30062df7661002/execute/async - {"script":"<script> [1562 bytes]","args":[{"selector":{"controlType":"sap.m.Button","viewName":"etm.portal.ui.managestatesandperformance.view.Detail","viewId":"application-managestatesandperformance-display-component---detailStateAndPerform","i18NText":{"propertyName":"text","key":"createPerformanceDoc"},"interaction":{"idSuffix":"BDI-content"}},"wdio_ui5_key":"etmportal.ui.managestatesandperformance.view.Detailsap.m.Button{\"propertyName\":\"text\",\"key\":\"createPerformanceDoc\"}"}]}
COMMAND: GET /session/36177e4d45fb5698ad30062df7661002/screenshot - {}
RESULT: {"script":"<script> [1562 bytes]","args":[{"selector":{"controlType":"sap.m.Button","viewName":"etm.portal.ui.managestatesandperformance.view.Detail","viewId":"application-managestatesandperformance-display-component---detailStateAndPerform","i18NText":{"propertyName":"text","key":"createPerformanceDoc"},"interaction":{"idSuffix":"BDI-content"}},"wdio_ui5_key":"etmportal.ui.managestatesandperformance.view.Detailsap.m.Button{\"propertyName\":\"text\",\"key\":\"createPerformanceDoc\"}"}]}
RESULT: undefined
COMMAND: POST /session/36177e4d45fb5698ad30062df7661002/element - {"using":"xpath","value":"//*[@id=\"__button516\"]"}
RESULT: {}
RESULT: {"using":"xpath","value":"//*[@id=\"__button516\"]"}
COMMAND: POST /session/36177e4d45fb5698ad30062df7661002/element/f.165F0B9F83AB8D5533DBC2556707DBA6.d.19AA826F96E4C286567F60F02ACDF39F.e.14002/click - {}
RESULT: {}
COMMAND: POST /session/36177e4d45fb5698ad30062df7661002/execute/async - {"script":"<script> [1562 bytes]","args":[{"selector":{"id":"application-managestatesandperformance-display-component---detailStateAndPerform--perfDocDatePicker","searchOpenDialogs":true,"interaction":{"idSuffix":"inner"}},"wdio_ui5_key":"applicationmanagestatesandperformance-display-component---detailStateAndPerform--perfDocDatePicker"}]}
COMMAND: GET /session/36177e4d45fb5698ad30062df7661002/screenshot - {}
RESULT: {"script":"<script> [1562 bytes]","args":[{"selector":{"id":"application-managestatesandperformance-display-component---detailStateAndPerform--perfDocDatePicker","searchOpenDialogs":true,"interaction":{"idSuffix":"inner"}},"wdio_ui5_key":"applicationmanagestatesandperformance-display-component---detailStateAndPerform--perfDocDatePicker"}]}
RESULT: undefined
COMMAND: POST /session/36177e4d45fb5698ad30062df7661002/execute/async - {"script":"<script> [776 bytes]","args":[{"enterText":"5/18/25","selector":{"id":"application-managestatesandperformance-display-component---detailStateAndPerform--perfDocDatePicker","searchOpenDialogs":true,"interaction":{"idSuffix":"inner"}},"clearTextFirst":true,"interactionType":"ENTER_TEXT"}]}
RESULT: {}
RESULT: {"script":"<script> [776 bytes]","args":[{"enterText":"5/18/25","selector":{"id":"application-managestatesandperformance-display-component---detailStateAndPerform--perfDocDatePicker","searchOpenDialogs":true,"interaction":{"idSuffix":"inner"}},"clearTextFirst":true,"interactionType":"ENTER_TEXT"}]}
COMMAND: POST /session/36177e4d45fb5698ad30062df7661002/execute/async - {"script":"<script> [1562 bytes]","args":[{"selector":{"id":"application-managestatesandperformance-display-component---detailStateAndPerform--counterValue-input","searchOpenDialogs":true,"interaction":{"idSuffix":"inner"}},"wdio_ui5_key":"applicationmanagestatesandperformance-display-component---detailStateAndPerform--counterValue-input"}]}
RESULT: {"script":"<script> [1562 bytes]","args":[{"selector":{"id":"application-managestatesandperformance-display-component---detailStateAndPerform--counterValue-input","searchOpenDialogs":true,"interaction":{"idSuffix":"inner"}},"wdio_ui5_key":"applicationmanagestatesandperformance-display-component---detailStateAndPerform--counterValue-input"}]}
RESULT: undefined
COMMAND: POST /session/36177e4d45fb5698ad30062df7661002/execute/async - {"script":"<script> [776 bytes]","args":[{"enterText":"15.00","selector":{"id":"application-managestatesandperformance-display-component---detailStateAndPerform--counterValue-input","searchOpenDialogs":true,"interaction":{"idSuffix":"inner"}},"clearTextFirst":true,"interactionType":"ENTER_TEXT"}]}
RESULT: {"script":"<script> [776 bytes]","args":[{"enterText":"15.00","selector":{"id":"application-managestatesandperformance-display-component---detailStateAndPerform--counterValue-input","searchOpenDialogs":true,"interaction":{"idSuffix":"inner"}},"clearTextFirst":true,"interactionType":"ENTER_TEXT"}]}
COMMAND: POST /session/36177e4d45fb5698ad30062df7661002/execute/async - {"script":"<script> [1562 bytes]","args":[{"selector":{"controlType":"sap.m.Button","viewName":"etm.portal.ui.managestatesandperformance.view.Detail","viewId":"application-managestatesandperformance-display-component---detailStateAndPerform","bindingPath":{"path":"","propertyPath":"/allowAddEdit","modelName":"oScreenModel"},"searchOpenDialogs":true,"interaction":{"idSuffix":"BDI-content"}},"wdio_ui5_key":"etmportal.ui.managestatesandperformance.view.Detailsap.m.Button{\"path\":\"\",\"propertyPath\":\"/allowAddEdit\",\"modelName\":\"oScreenModel\"}"}]}
RESULT: {"script":"<script> [1562 bytes]","args":[{"selector":{"controlType":"sap.m.Button","viewName":"etm.portal.ui.managestatesandperformance.view.Detail","viewId":"application-managestatesandperformance-display-component---detailStateAndPerform","bindingPath":{"path":"","propertyPath":"/allowAddEdit","modelName":"oScreenModel"},"searchOpenDialogs":true,"interaction":{"idSuffix":"BDI-content"}},"wdio_ui5_key":"etmportal.ui.managestatesandperformance.view.Detailsap.m.Button{\"path\":\"\",\"propertyPath\":\"/allowAddEdit\",\"modelName\":\"oScreenModel\"}"}]}
RESULT: undefined
COMMAND: POST /session/36177e4d45fb5698ad30062df7661002/element - {"using":"xpath","value":"//*[@id=\"__button523\"]"}
RESULT: {"using":"xpath","value":"//*[@id=\"__button523\"]"}
COMMAND: POST /session/36177e4d45fb5698ad30062df7661002/element/f.165F0B9F83AB8D5533DBC2556707DBA6.d.19AA826F96E4C286567F60F02ACDF39F.e.14017/click - {}
RESULT: {}
RESULT: undefined
COMMAND: POST /session/36177e4d45fb5698ad30062df7661002/element - {"using":"xpath","value":"//*[@id=\"__button516\"]"}
COMMAND: GET /session/36177e4d45fb5698ad30062df7661002/screenshot - {}
RESULT: {}
RESULT: {"using":"xpath","value":"//*[@id=\"__button516\"]"}
COMMAND: POST /session/36177e4d45fb5698ad30062df7661002/element/f.165F0B9F83AB8D5533DBC2556707DBA6.d.19AA826F96E4C286567F60F02ACDF39F.e.14002/click - {}
RESULT: {}
RESULT: undefined
COMMAND: POST /session/36177e4d45fb5698ad30062df7661002/execute/async - {"script":"<script> [776 bytes]","args":[{"enterText":"5/22/25","selector":{"id":"application-managestatesandperformance-display-component---detailStateAndPerform--perfDocDatePicker","searchOpenDialogs":true,"interaction":{"idSuffix":"inner"}},"clearTextFirst":true,"interactionType":"ENTER_TEXT"}]}
COMMAND: GET /session/36177e4d45fb5698ad30062df7661002/screenshot - {}
RESULT: {"script":"<script> [776 bytes]","args":[{"enterText":"5/22/25","selector":{"id":"application-managestatesandperformance-display-component---detailStateAndPerform--perfDocDatePicker","searchOpenDialogs":true,"interaction":{"idSuffix":"inner"}},"clearTextFirst":true,"interactionType":"ENTER_TEXT"}]}
RESULT: undefined
COMMAND: POST /session/36177e4d45fb5698ad30062df7661002/execute/async - {"script":"<script> [776 bytes]","args":[{"enterText":"20.00","selector":{"id":"application-managestatesandperformance-display-component---detailStateAndPerform--counterValue-input","searchOpenDialogs":true,"interaction":{"idSuffix":"inner"}},"clearTextFirst":true,"interactionType":"ENTER_TEXT"}]}
RESULT: {}
RESULT: {"script":"<script> [776 bytes]","args":[{"enterText":"20.00","selector":{"id":"application-managestatesandperformance-display-component---detailStateAndPerform--counterValue-input","searchOpenDialogs":true,"interaction":{"idSuffix":"inner"}},"clearTextFirst":true,"interactionType":"ENTER_TEXT"}]}
COMMAND: POST /session/36177e4d45fb5698ad30062df7661002/actions - {"actions":[{"id":"action48","type":"key","parameters":{},"actions":[{"type":"keyDown","value":"î€„"},{"type":"keyDown","value":"î€„"},{"type":"pause","duration":10},{"type":"keyUp","value":"î€„"},{"type":"keyUp","value":"î€„"}]}]}
RESULT: {"actions":[{"id":"action48","type":"key","parameters":{},"actions":[{"type":"keyDown","value":"î€„"},{"type":"keyDown","value":"î€„"},{"type":"pause","duration":10},{"type":"keyUp","value":"î€„"},{"type":"keyUp","value":"î€„"}]}]}
COMMAND: POST /session/36177e4d45fb5698ad30062df7661002/actions - {"actions":[{"id":"action49","type":"key","parameters":{},"actions":[{"type":"keyDown","value":"î€‡"},{"type":"pause","duration":10},{"type":"keyUp","value":"î€‡"}]}]}
COMMAND: GET /session/36177e4d45fb5698ad30062df7661002/screenshot - {}
RESULT: {"actions":[{"id":"action49","type":"key","parameters":{},"actions":[{"type":"keyDown","value":"î€‡"},{"type":"pause","duration":10},{"type":"keyUp","value":"î€‡"}]}]}
RESULT: undefined
COMMAND: POST /session/36177e4d45fb5698ad30062df7661002/element - {"using":"xpath","value":"//*[@id=\"__button523\"]"}
COMMAND: GET /session/36177e4d45fb5698ad30062df7661002/screenshot - {}
RESULT: {}
RESULT: {"using":"xpath","value":"//*[@id=\"__button523\"]"}
COMMAND: POST /session/36177e4d45fb5698ad30062df7661002/elements - {"using":"xpath","value":"//*[@id=\"__button523\"]"}
RESULT: {}
RESULT: {"using":"xpath","value":"//*[@id=\"__button523\"]"}
COMMAND: POST /session/36177e4d45fb5698ad30062df7661002/elements - {"using":"xpath","value":"//*[@id=\"__button523\"]"}
RESULT: {"using":"xpath","value":"//*[@id=\"__button523\"]"}
COMMAND: POST /session/36177e4d45fb5698ad30062df7661002/elements - {"using":"xpath","value":"//*[@id=\"__button523\"]"}
RESULT: {"using":"xpath","value":"//*[@id=\"__button523\"]"}
COMMAND: POST /session/36177e4d45fb5698ad30062df7661002/elements - {"using":"xpath","value":"//*[@id=\"__button523\"]"}
RESULT: {"using":"xpath","value":"//*[@id=\"__button523\"]"}
COMMAND: POST /session/36177e4d45fb5698ad30062df7661002/elements - {"using":"xpath","value":"//*[@id=\"__button523\"]"}
RESULT: {"using":"xpath","value":"//*[@id=\"__button523\"]"}
COMMAND: POST /session/36177e4d45fb5698ad30062df7661002/elements - {"using":"xpath","value":"//*[@id=\"__button523\"]"}
RESULT: {"using":"xpath","value":"//*[@id=\"__button523\"]"}
COMMAND: POST /session/36177e4d45fb5698ad30062df7661002/elements - {"using":"xpath","value":"//*[@id=\"__button523\"]"}
RESULT: {"using":"xpath","value":"//*[@id=\"__button523\"]"}
COMMAND: POST /session/36177e4d45fb5698ad30062df7661002/elements - {"using":"xpath","value":"//*[@id=\"__button523\"]"}
RESULT: {"using":"xpath","value":"//*[@id=\"__button523\"]"}
COMMAND: POST /session/36177e4d45fb5698ad30062df7661002/elements - {"using":"xpath","value":"//*[@id=\"__button523\"]"}
RESULT: {"using":"xpath","value":"//*[@id=\"__button523\"]"}
COMMAND: POST /session/36177e4d45fb5698ad30062df7661002/elements - {"using":"xpath","value":"//*[@id=\"__button523\"]"}
RESULT: {"using":"xpath","value":"//*[@id=\"__button523\"]"}
COMMAND: POST /session/36177e4d45fb5698ad30062df7661002/elements - {"using":"xpath","value":"//*[@id=\"__button523\"]"}
RESULT: {"using":"xpath","value":"//*[@id=\"__button523\"]"}
COMMAND: POST /session/36177e4d45fb5698ad30062df7661002/elements - {"using":"xpath","value":"//*[@id=\"__button523\"]"}
RESULT: {"using":"xpath","value":"//*[@id=\"__button523\"]"}
COMMAND: POST /session/36177e4d45fb5698ad30062df7661002/elements - {"using":"xpath","value":"//*[@id=\"__button523\"]"}
RESULT: {"using":"xpath","value":"//*[@id=\"__button523\"]"}
COMMAND: POST /session/36177e4d45fb5698ad30062df7661002/elements - {"using":"xpath","value":"//*[@id=\"__button523\"]"}
RESULT: {"using":"xpath","value":"//*[@id=\"__button523\"]"}
COMMAND: POST /session/36177e4d45fb5698ad30062df7661002/elements - {"using":"xpath","value":"//*[@id=\"__button523\"]"}
RESULT: {"using":"xpath","value":"//*[@id=\"__button523\"]"}
COMMAND: POST /session/36177e4d45fb5698ad30062df7661002/elements - {"using":"xpath","value":"//*[@id=\"__button523\"]"}
RESULT: {"using":"xpath","value":"//*[@id=\"__button523\"]"}
COMMAND: POST /session/36177e4d45fb5698ad30062df7661002/elements - {"using":"xpath","value":"//*[@id=\"__button523\"]"}
RESULT: {"using":"xpath","value":"//*[@id=\"__button523\"]"}
COMMAND: POST /session/36177e4d45fb5698ad30062df7661002/elements - {"using":"xpath","value":"//*[@id=\"__button523\"]"}
RESULT: {"using":"xpath","value":"//*[@id=\"__button523\"]"}
COMMAND: POST /session/36177e4d45fb5698ad30062df7661002/elements - {"using":"xpath","value":"//*[@id=\"__button523\"]"}
RESULT: {"using":"xpath","value":"//*[@id=\"__button523\"]"}
COMMAND: POST /session/36177e4d45fb5698ad30062df7661002/elements - {"using":"xpath","value":"//*[@id=\"__button523\"]"}
RESULT: {"using":"xpath","value":"//*[@id=\"__button523\"]"}
COMMAND: POST /session/36177e4d45fb5698ad30062df7661002/elements - {"using":"xpath","value":"//*[@id=\"__button523\"]"}
RESULT: {"using":"xpath","value":"//*[@id=\"__button523\"]"}
COMMAND: POST /session/36177e4d45fb5698ad30062df7661002/elements - {"using":"xpath","value":"//*[@id=\"__button523\"]"}
RESULT: {"using":"xpath","value":"//*[@id=\"__button523\"]"}
COMMAND: POST /session/36177e4d45fb5698ad30062df7661002/elements - {"using":"xpath","value":"//*[@id=\"__button523\"]"}
RESULT: {"using":"xpath","value":"//*[@id=\"__button523\"]"}
COMMAND: POST /session/36177e4d45fb5698ad30062df7661002/elements - {"using":"xpath","value":"//*[@id=\"__button523\"]"}
RESULT: {"using":"xpath","value":"//*[@id=\"__button523\"]"}
COMMAND: POST /session/36177e4d45fb5698ad30062df7661002/elements - {"using":"xpath","value":"//*[@id=\"__button523\"]"}
RESULT: {"using":"xpath","value":"//*[@id=\"__button523\"]"}
COMMAND: POST /session/36177e4d45fb5698ad30062df7661002/elements - {"using":"xpath","value":"//*[@id=\"__button523\"]"}
RESULT: {"using":"xpath","value":"//*[@id=\"__button523\"]"}
COMMAND: POST /session/36177e4d45fb5698ad30062df7661002/elements - {"using":"xpath","value":"//*[@id=\"__button523\"]"}
RESULT: {"using":"xpath","value":"//*[@id=\"__button523\"]"}
COMMAND: POST /session/36177e4d45fb5698ad30062df7661002/elements - {"using":"xpath","value":"//*[@id=\"__button523\"]"}
RESULT: {"using":"xpath","value":"//*[@id=\"__button523\"]"}
COMMAND: POST /session/36177e4d45fb5698ad30062df7661002/elements - {"using":"xpath","value":"//*[@id=\"__button523\"]"}
RESULT: {"using":"xpath","value":"//*[@id=\"__button523\"]"}
COMMAND: POST /session/36177e4d45fb5698ad30062df7661002/elements - {"using":"xpath","value":"//*[@id=\"__button523\"]"}
RESULT: {"using":"xpath","value":"//*[@id=\"__button523\"]"}
COMMAND: POST /session/36177e4d45fb5698ad30062df7661002/elements - {"using":"xpath","value":"//*[@id=\"__button523\"]"}
RESULT: {"using":"xpath","value":"//*[@id=\"__button523\"]"}
COMMAND: POST /session/36177e4d45fb5698ad30062df7661002/elements - {"using":"xpath","value":"//*[@id=\"__button523\"]"}
RESULT: {"using":"xpath","value":"//*[@id=\"__button523\"]"}
COMMAND: POST /session/36177e4d45fb5698ad30062df7661002/elements - {"using":"xpath","value":"//*[@id=\"__button523\"]"}
RESULT: {"using":"xpath","value":"//*[@id=\"__button523\"]"}
COMMAND: POST /session/36177e4d45fb5698ad30062df7661002/elements - {"using":"xpath","value":"//*[@id=\"__button523\"]"}
RESULT: {"using":"xpath","value":"//*[@id=\"__button523\"]"}
COMMAND: POST /session/36177e4d45fb5698ad30062df7661002/elements - {"using":"xpath","value":"//*[@id=\"__button523\"]"}
RESULT: {"using":"xpath","value":"//*[@id=\"__button523\"]"}
COMMAND: POST /session/36177e4d45fb5698ad30062df7661002/elements - {"using":"xpath","value":"//*[@id=\"__button523\"]"}
RESULT: {"using":"xpath","value":"//*[@id=\"__button523\"]"}
COMMAND: POST /session/36177e4d45fb5698ad30062df7661002/elements - {"using":"xpath","value":"//*[@id=\"__button523\"]"}
RESULT: {"using":"xpath","value":"//*[@id=\"__button523\"]"}
COMMAND: POST /session/36177e4d45fb5698ad30062df7661002/elements - {"using":"xpath","value":"//*[@id=\"__button523\"]"}
RESULT: {"using":"xpath","value":"//*[@id=\"__button523\"]"}
COMMAND: POST /session/36177e4d45fb5698ad30062df7661002/elements - {"using":"xpath","value":"//*[@id=\"__button523\"]"}
RESULT: {"using":"xpath","value":"//*[@id=\"__button523\"]"}
COMMAND: POST /session/36177e4d45fb5698ad30062df7661002/elements - {"using":"xpath","value":"//*[@id=\"__button523\"]"}
RESULT: {"using":"xpath","value":"//*[@id=\"__button523\"]"}
COMMAND: POST /session/36177e4d45fb5698ad30062df7661002/elements - {"using":"xpath","value":"//*[@id=\"__button523\"]"}
RESULT: {"using":"xpath","value":"//*[@id=\"__button523\"]"}
COMMAND: POST /session/36177e4d45fb5698ad30062df7661002/elements - {"using":"xpath","value":"//*[@id=\"__button523\"]"}
RESULT: {"using":"xpath","value":"//*[@id=\"__button523\"]"}
COMMAND: POST /session/36177e4d45fb5698ad30062df7661002/elements - {"using":"xpath","value":"//*[@id=\"__button523\"]"}
RESULT: {"using":"xpath","value":"//*[@id=\"__button523\"]"}
COMMAND: POST /session/36177e4d45fb5698ad30062df7661002/elements - {"using":"xpath","value":"//*[@id=\"__button523\"]"}
RESULT: {"using":"xpath","value":"//*[@id=\"__button523\"]"}
COMMAND: POST /session/36177e4d45fb5698ad30062df7661002/elements - {"using":"xpath","value":"//*[@id=\"__button523\"]"}
RESULT: {"using":"xpath","value":"//*[@id=\"__button523\"]"}
COMMAND: POST /session/36177e4d45fb5698ad30062df7661002/elements - {"using":"xpath","value":"//*[@id=\"__button523\"]"}
RESULT: {"using":"xpath","value":"//*[@id=\"__button523\"]"}
COMMAND: POST /session/36177e4d45fb5698ad30062df7661002/elements - {"using":"xpath","value":"//*[@id=\"__button523\"]"}
RESULT: {"using":"xpath","value":"//*[@id=\"__button523\"]"}
COMMAND: POST /session/36177e4d45fb5698ad30062df7661002/elements - {"using":"xpath","value":"//*[@id=\"__button523\"]"}
RESULT: {"using":"xpath","value":"//*[@id=\"__button523\"]"}
COMMAND: POST /session/36177e4d45fb5698ad30062df7661002/elements - {"using":"xpath","value":"//*[@id=\"__button523\"]"}
RESULT: {"using":"xpath","value":"//*[@id=\"__button523\"]"}
COMMAND: POST /session/36177e4d45fb5698ad30062df7661002/elements - {"using":"xpath","value":"//*[@id=\"__button523\"]"}
RESULT: {"using":"xpath","value":"//*[@id=\"__button523\"]"}
COMMAND: POST /session/36177e4d45fb5698ad30062df7661002/elements - {"using":"xpath","value":"//*[@id=\"__button523\"]"}
RESULT: {"using":"xpath","value":"//*[@id=\"__button523\"]"}
COMMAND: POST /session/36177e4d45fb5698ad30062df7661002/elements - {"using":"xpath","value":"//*[@id=\"__button523\"]"}
RESULT: {"using":"xpath","value":"//*[@id=\"__button523\"]"}
COMMAND: POST /session/36177e4d45fb5698ad30062df7661002/elements - {"using":"xpath","value":"//*[@id=\"__button523\"]"}
RESULT: {"using":"xpath","value":"//*[@id=\"__button523\"]"}
COMMAND: POST /session/36177e4d45fb5698ad30062df7661002/elements - {"using":"xpath","value":"//*[@id=\"__button523\"]"}
RESULT: {"using":"xpath","value":"//*[@id=\"__button523\"]"}
COMMAND: POST /session/36177e4d45fb5698ad30062df7661002/elements - {"using":"xpath","value":"//*[@id=\"__button523\"]"}
RESULT: {"using":"xpath","value":"//*[@id=\"__button523\"]"}
COMMAND: POST /session/36177e4d45fb5698ad30062df7661002/elements - {"using":"xpath","value":"//*[@id=\"__button523\"]"}
RESULT: {"using":"xpath","value":"//*[@id=\"__button523\"]"}
COMMAND: POST /session/36177e4d45fb5698ad30062df7661002/elements - {"using":"xpath","value":"//*[@id=\"__button523\"]"}
RESULT: {"using":"xpath","value":"//*[@id=\"__button523\"]"}
COMMAND: POST /session/36177e4d45fb5698ad30062df7661002/elements - {"using":"xpath","value":"//*[@id=\"__button523\"]"}
RESULT: {"using":"xpath","value":"//*[@id=\"__button523\"]"}
COMMAND: POST /session/36177e4d45fb5698ad30062df7661002/elements - {"using":"xpath","value":"//*[@id=\"__button523\"]"}
RESULT: {"using":"xpath","value":"//*[@id=\"__button523\"]"}
COMMAND: POST /session/36177e4d45fb5698ad30062df7661002/elements - {"using":"xpath","value":"//*[@id=\"__button523\"]"}
RESULT: {"using":"xpath","value":"//*[@id=\"__button523\"]"}
COMMAND: POST /session/36177e4d45fb5698ad30062df7661002/elements - {"using":"xpath","value":"//*[@id=\"__button523\"]"}
RESULT: {"using":"xpath","value":"//*[@id=\"__button523\"]"}
COMMAND: POST /session/36177e4d45fb5698ad30062df7661002/elements - {"using":"xpath","value":"//*[@id=\"__button523\"]"}
RESULT: {"using":"xpath","value":"//*[@id=\"__button523\"]"}
COMMAND: POST /session/36177e4d45fb5698ad30062df7661002/elements - {"using":"xpath","value":"//*[@id=\"__button523\"]"}
RESULT: {"using":"xpath","value":"//*[@id=\"__button523\"]"}
COMMAND: POST /session/36177e4d45fb5698ad30062df7661002/elements - {"using":"xpath","value":"//*[@id=\"__button523\"]"}
RESULT: {"using":"xpath","value":"//*[@id=\"__button523\"]"}
COMMAND: POST /session/36177e4d45fb5698ad30062df7661002/elements - {"using":"xpath","value":"//*[@id=\"__button523\"]"}
RESULT: {"using":"xpath","value":"//*[@id=\"__button523\"]"}
COMMAND: POST /session/36177e4d45fb5698ad30062df7661002/elements - {"using":"xpath","value":"//*[@id=\"__button523\"]"}
RESULT: {"using":"xpath","value":"//*[@id=\"__button523\"]"}
COMMAND: POST /session/36177e4d45fb5698ad30062df7661002/elements - {"using":"xpath","value":"//*[@id=\"__button523\"]"}
RESULT: {"using":"xpath","value":"//*[@id=\"__button523\"]"}
COMMAND: POST /session/36177e4d45fb5698ad30062df7661002/elements - {"using":"xpath","value":"//*[@id=\"__button523\"]"}
RESULT: {"using":"xpath","value":"//*[@id=\"__button523\"]"}
COMMAND: POST /session/36177e4d45fb5698ad30062df7661002/elements - {"using":"xpath","value":"//*[@id=\"__button523\"]"}
RESULT: {"using":"xpath","value":"//*[@id=\"__button523\"]"}
COMMAND: POST /session/36177e4d45fb5698ad30062df7661002/elements - {"using":"xpath","value":"//*[@id=\"__button523\"]"}
RESULT: {"using":"xpath","value":"//*[@id=\"__button523\"]"}
COMMAND: POST /session/36177e4d45fb5698ad30062df7661002/elements - {"using":"xpath","value":"//*[@id=\"__button523\"]"}
RESULT: {"using":"xpath","value":"//*[@id=\"__button523\"]"}
COMMAND: POST /session/36177e4d45fb5698ad30062df7661002/elements - {"using":"xpath","value":"//*[@id=\"__button523\"]"}
RESULT: {"using":"xpath","value":"//*[@id=\"__button523\"]"}
COMMAND: POST /session/36177e4d45fb5698ad30062df7661002/elements - {"using":"xpath","value":"//*[@id=\"__button523\"]"}
RESULT: {"using":"xpath","value":"//*[@id=\"__button523\"]"}
COMMAND: POST /session/36177e4d45fb5698ad30062df7661002/elements - {"using":"xpath","value":"//*[@id=\"__button523\"]"}
RESULT: {"using":"xpath","value":"//*[@id=\"__button523\"]"}
COMMAND: POST /session/36177e4d45fb5698ad30062df7661002/elements - {"using":"xpath","value":"//*[@id=\"__button523\"]"}
RESULT: {"using":"xpath","value":"//*[@id=\"__button523\"]"}
COMMAND: POST /session/36177e4d45fb5698ad30062df7661002/elements - {"using":"xpath","value":"//*[@id=\"__button523\"]"}
RESULT: {"using":"xpath","value":"//*[@id=\"__button523\"]"}
COMMAND: POST /session/36177e4d45fb5698ad30062df7661002/elements - {"using":"xpath","value":"//*[@id=\"__button523\"]"}
RESULT: {"using":"xpath","value":"//*[@id=\"__button523\"]"}
COMMAND: POST /session/36177e4d45fb5698ad30062df7661002/elements - {"using":"xpath","value":"//*[@id=\"__button523\"]"}
RESULT: {"using":"xpath","value":"//*[@id=\"__button523\"]"}
COMMAND: POST /session/36177e4d45fb5698ad30062df7661002/elements - {"using":"xpath","value":"//*[@id=\"__button523\"]"}
RESULT: {"using":"xpath","value":"//*[@id=\"__button523\"]"}
COMMAND: POST /session/36177e4d45fb5698ad30062df7661002/elements - {"using":"xpath","value":"//*[@id=\"__button523\"]"}
RESULT: {"using":"xpath","value":"//*[@id=\"__button523\"]"}
COMMAND: POST /session/36177e4d45fb5698ad30062df7661002/elements - {"using":"xpath","value":"//*[@id=\"__button523\"]"}
RESULT: {"using":"xpath","value":"//*[@id=\"__button523\"]"}
COMMAND: POST /session/36177e4d45fb5698ad30062df7661002/elements - {"using":"xpath","value":"//*[@id=\"__button523\"]"}
RESULT: {"using":"xpath","value":"//*[@id=\"__button523\"]"}
COMMAND: POST /session/36177e4d45fb5698ad30062df7661002/elements - {"using":"xpath","value":"//*[@id=\"__button523\"]"}
RESULT: {"using":"xpath","value":"//*[@id=\"__button523\"]"}
COMMAND: POST /session/36177e4d45fb5698ad30062df7661002/elements - {"using":"xpath","value":"//*[@id=\"__button523\"]"}
RESULT: {"using":"xpath","value":"//*[@id=\"__button523\"]"}
COMMAND: POST /session/36177e4d45fb5698ad30062df7661002/elements - {"using":"xpath","value":"//*[@id=\"__button523\"]"}
RESULT: {"using":"xpath","value":"//*[@id=\"__button523\"]"}
COMMAND: POST /session/36177e4d45fb5698ad30062df7661002/elements - {"using":"xpath","value":"//*[@id=\"__button523\"]"}
RESULT: {"using":"xpath","value":"//*[@id=\"__button523\"]"}
COMMAND: POST /session/36177e4d45fb5698ad30062df7661002/elements - {"using":"xpath","value":"//*[@id=\"__button523\"]"}
RESULT: {"using":"xpath","value":"//*[@id=\"__button523\"]"}
COMMAND: POST /session/36177e4d45fb5698ad30062df7661002/elements - {"using":"xpath","value":"//*[@id=\"__button523\"]"}
RESULT: {"using":"xpath","value":"//*[@id=\"__button523\"]"}
COMMAND: POST /session/36177e4d45fb5698ad30062df7661002/elements - {"using":"xpath","value":"//*[@id=\"__button523\"]"}
RESULT: {"using":"xpath","value":"//*[@id=\"__button523\"]"}
COMMAND: POST /session/36177e4d45fb5698ad30062df7661002/elements - {"using":"xpath","value":"//*[@id=\"__button523\"]"}
RESULT: {"using":"xpath","value":"//*[@id=\"__button523\"]"}
COMMAND: POST /session/36177e4d45fb5698ad30062df7661002/elements - {"using":"xpath","value":"//*[@id=\"__button523\"]"}
RESULT: {"using":"xpath","value":"//*[@id=\"__button523\"]"}
COMMAND: POST /session/36177e4d45fb5698ad30062df7661002/elements - {"using":"xpath","value":"//*[@id=\"__button523\"]"}
RESULT: {"using":"xpath","value":"//*[@id=\"__button523\"]"}
COMMAND: POST /session/36177e4d45fb5698ad30062df7661002/elements - {"using":"xpath","value":"//*[@id=\"__button523\"]"}
RESULT: {"using":"xpath","value":"//*[@id=\"__button523\"]"}
COMMAND: POST /session/36177e4d45fb5698ad30062df7661002/elements - {"using":"xpath","value":"//*[@id=\"__button523\"]"}
RESULT: {"using":"xpath","value":"//*[@id=\"__button523\"]"}
COMMAND: POST /session/36177e4d45fb5698ad30062df7661002/elements - {"using":"xpath","value":"//*[@id=\"__button523\"]"}
RESULT: {"using":"xpath","value":"//*[@id=\"__button523\"]"}
COMMAND: POST /session/36177e4d45fb5698ad30062df7661002/elements - {"using":"xpath","value":"//*[@id=\"__button523\"]"}
RESULT: {"using":"xpath","value":"//*[@id=\"__button523\"]"}
COMMAND: POST /session/36177e4d45fb5698ad30062df7661002/elements - {"using":"xpath","value":"//*[@id=\"__button523\"]"}
RESULT: {"using":"xpath","value":"//*[@id=\"__button523\"]"}
COMMAND: POST /session/36177e4d45fb5698ad30062df7661002/elements - {"using":"xpath","value":"//*[@id=\"__button523\"]"}
RESULT: {"using":"xpath","value":"//*[@id=\"__button523\"]"}
COMMAND: POST /session/36177e4d45fb5698ad30062df7661002/elements - {"using":"xpath","value":"//*[@id=\"__button523\"]"}
RESULT: {"using":"xpath","value":"//*[@id=\"__button523\"]"}
COMMAND: POST /session/36177e4d45fb5698ad30062df7661002/elements - {"using":"xpath","value":"//*[@id=\"__button523\"]"}
RESULT: {"using":"xpath","value":"//*[@id=\"__button523\"]"}
COMMAND: POST /session/36177e4d45fb5698ad30062df7661002/elements - {"using":"xpath","value":"//*[@id=\"__button523\"]"}
RESULT: {"using":"xpath","value":"//*[@id=\"__button523\"]"}
COMMAND: POST /session/36177e4d45fb5698ad30062df7661002/elements - {"using":"xpath","value":"//*[@id=\"__button523\"]"}
RESULT: {"using":"xpath","value":"//*[@id=\"__button523\"]"}
COMMAND: POST /session/36177e4d45fb5698ad30062df7661002/elements - {"using":"xpath","value":"//*[@id=\"__button523\"]"}
RESULT: {"using":"xpath","value":"//*[@id=\"__button523\"]"}
COMMAND: POST /session/36177e4d45fb5698ad30062df7661002/elements - {"using":"xpath","value":"//*[@id=\"__button523\"]"}
RESULT: {"using":"xpath","value":"//*[@id=\"__button523\"]"}
COMMAND: POST /session/36177e4d45fb5698ad30062df7661002/elements - {"using":"xpath","value":"//*[@id=\"__button523\"]"}
RESULT: {"using":"xpath","value":"//*[@id=\"__button523\"]"}
COMMAND: POST /session/36177e4d45fb5698ad30062df7661002/elements - {"using":"xpath","value":"//*[@id=\"__button523\"]"}
RESULT: {"using":"xpath","value":"//*[@id=\"__button523\"]"}
COMMAND: POST /session/36177e4d45fb5698ad30062df7661002/elements - {"using":"xpath","value":"//*[@id=\"__button523\"]"}
RESULT: {"using":"xpath","value":"//*[@id=\"__button523\"]"}
COMMAND: POST /session/36177e4d45fb5698ad30062df7661002/elements - {"using":"xpath","value":"//*[@id=\"__button523\"]"}
RESULT: {"using":"xpath","value":"//*[@id=\"__button523\"]"}
COMMAND: POST /session/36177e4d45fb5698ad30062df7661002/elements - {"using":"xpath","value":"//*[@id=\"__button523\"]"}
RESULT: {"using":"xpath","value":"//*[@id=\"__button523\"]"}
COMMAND: POST /session/36177e4d45fb5698ad30062df7661002/elements - {"using":"xpath","value":"//*[@id=\"__button523\"]"}
RESULT: {"using":"xpath","value":"//*[@id=\"__button523\"]"}
COMMAND: POST /session/36177e4d45fb5698ad30062df7661002/elements - {"using":"xpath","value":"//*[@id=\"__button523\"]"}
RESULT: {"using":"xpath","value":"//*[@id=\"__button523\"]"}
COMMAND: POST /session/36177e4d45fb5698ad30062df7661002/elements - {"using":"xpath","value":"//*[@id=\"__button523\"]"}
RESULT: {"using":"xpath","value":"//*[@id=\"__button523\"]"}
COMMAND: POST /session/36177e4d45fb5698ad30062df7661002/elements - {"using":"xpath","value":"//*[@id=\"__button523\"]"}
RESULT: {"using":"xpath","value":"//*[@id=\"__button523\"]"}
COMMAND: POST /session/36177e4d45fb5698ad30062df7661002/elements - {"using":"xpath","value":"//*[@id=\"__button523\"]"}
RESULT: {"using":"xpath","value":"//*[@id=\"__button523\"]"}
COMMAND: POST /session/36177e4d45fb5698ad30062df7661002/elements - {"using":"xpath","value":"//*[@id=\"__button523\"]"}
RESULT: {"using":"xpath","value":"//*[@id=\"__button523\"]"}
COMMAND: POST /session/36177e4d45fb5698ad30062df7661002/elements - {"using":"xpath","value":"//*[@id=\"__button523\"]"}
RESULT: {"using":"xpath","value":"//*[@id=\"__button523\"]"}
COMMAND: POST /session/36177e4d45fb5698ad30062df7661002/elements - {"using":"xpath","value":"//*[@id=\"__button523\"]"}
RESULT: {"using":"xpath","value":"//*[@id=\"__button523\"]"}
COMMAND: POST /session/36177e4d45fb5698ad30062df7661002/elements - {"using":"xpath","value":"//*[@id=\"__button523\"]"}
RESULT: {"using":"xpath","value":"//*[@id=\"__button523\"]"}
COMMAND: POST /session/36177e4d45fb5698ad30062df7661002/elements - {"using":"xpath","value":"//*[@id=\"__button523\"]"}
RESULT: {"using":"xpath","value":"//*[@id=\"__button523\"]"}
COMMAND: POST /session/36177e4d45fb5698ad30062df7661002/elements - {"using":"xpath","value":"//*[@id=\"__button523\"]"}
RESULT: {"using":"xpath","value":"//*[@id=\"__button523\"]"}
COMMAND: POST /session/36177e4d45fb5698ad30062df7661002/element - {"using":"css selector","value":"#shell-header-logo"}
RESULT: {"using":"css selector","value":"#shell-header-logo"}
COMMAND: POST /session/36177e4d45fb5698ad30062df7661002/execute/sync - {"script":"<script> [8489 bytes]","args":[{"element-6066-11e4-a52e-4f735466cecf":"f.165F0B9F83AB8D5533DBC2556707DBA6.d.19AA826F96E4C286567F60F02ACDF39F.e.13847","ELEMENT":"f.165F0B9F83AB8D5533DBC2556707DBA6.d.19AA826F96E4C286567F60F02ACDF39F.e.13847"}]}
RESULT: {"script":"<script> [8489 bytes]","args":[{"element-6066-11e4-a52e-4f735466cecf":"f.165F0B9F83AB8D5533DBC2556707DBA6.d.19AA826F96E4C286567F60F02ACDF39F.e.13847","ELEMENT":"f.165F0B9F83AB8D5533DBC2556707DBA6.d.19AA826F96E4C286567F60F02ACDF39F.e.13847"}]}
COMMAND: POST /session/36177e4d45fb5698ad30062df7661002/execute/sync - {"script":"<script> [5351 bytes]","args":[{"element-6066-11e4-a52e-4f735466cecf":"f.165F0B9F83AB8D5533DBC2556707DBA6.d.19AA826F96E4C286567F60F02ACDF39F.e.13847","ELEMENT":"f.165F0B9F83AB8D5533DBC2556707DBA6.d.19AA826F96E4C286567F60F02ACDF39F.e.13847"}]}
COMMAND: GET /session/36177e4d45fb5698ad30062df7661002/screenshot - {}
RESULT: {"script":"<script> [5351 bytes]","args":[{"element-6066-11e4-a52e-4f735466cecf":"f.165F0B9F83AB8D5533DBC2556707DBA6.d.19AA826F96E4C286567F60F02ACDF39F.e.13847","ELEMENT":"f.165F0B9F83AB8D5533DBC2556707DBA6.d.19AA826F96E4C286567F60F02ACDF39F.e.13847"}]}
COMMAND: POST /session/36177e4d45fb5698ad30062df7661002/element/f.165F0B9F83AB8D5533DBC2556707DBA6.d.19AA826F96E4C286567F60F02ACDF39F.e.13847/click - {}
COMMAND: GET /session/36177e4d45fb5698ad30062df7661002/screenshot - {}
RESULT: {}
RESULT: {}
]]></system-out>
    </testcase>
    <testcase classname="chrome.136_0_7103_93.windows.Create_master_data_for_mixed_billing_&amp;_do_billing_calculation_US151661" name="Should go to Manage Billings and trigger calculation check the conditions applied" time="72.402">
      <system-out><![CDATA[
COMMAND: POST /session/36177e4d45fb5698ad30062df7661002/execute/async - {"script":"<script> [1562 bytes]","args":[{"selector":{"controlType":"sap.m.GenericTile","properties":{"header":"Manage Billings"}},"wdio_ui5_key":"sapm.GenericTile{\"header\":\"Manage Billings\"}"}]}
COMMAND: GET /session/36177e4d45fb5698ad30062df7661002/screenshot - {}
RESULT: {}
RESULT: {"script":"<script> [1562 bytes]","args":[{"selector":{"controlType":"sap.m.GenericTile","properties":{"header":"Manage Billings"}},"wdio_ui5_key":"sapm.GenericTile{\"header\":\"Manage Billings\"}"}]}
RESULT: undefined
COMMAND: POST /session/36177e4d45fb5698ad30062df7661002/element - {"using":"xpath","value":"//*[@id=\"__tile51\"]"}
RESULT: {}
RESULT: {"using":"xpath","value":"//*[@id=\"__tile51\"]"}
COMMAND: POST /session/36177e4d45fb5698ad30062df7661002/element/f.165F0B9F83AB8D5533DBC2556707DBA6.d.19AA826F96E4C286567F60F02ACDF39F.e.6584/click - {}
RESULT: {}
COMMAND: GET /session/36177e4d45fb5698ad30062df7661002/screenshot - {}
RESULT: {}
COMMAND: POST /session/36177e4d45fb5698ad30062df7661002/elements - {"using":"xpath","value":"//span[text()='Error']"}
RESULT: {"using":"xpath","value":"//span[text()='Error']"}
COMMAND: POST /session/36177e4d45fb5698ad30062df7661002/execute/async - {"script":"<script> [1562 bytes]","args":[{"selector":{"id":"application-managebillings-display-component---billRunCalcResult--smartFilterBar-btnBasicSearch","interaction":{"idSuffix":"I"}},"wdio_ui5_key":"applicationmanagebillings-display-component---billRunCalcResult--smartFilterBar-btnBasicSearch"}]}
RESULT: {"script":"<script> [1562 bytes]","args":[{"selector":{"id":"application-managebillings-display-component---billRunCalcResult--smartFilterBar-btnBasicSearch","interaction":{"idSuffix":"I"}},"wdio_ui5_key":"applicationmanagebillings-display-component---billRunCalcResult--smartFilterBar-btnBasicSearch"}]}
RESULT: undefined
COMMAND: POST /session/36177e4d45fb5698ad30062df7661002/execute/async - {"script":"<script> [776 bytes]","args":[{"enterText":"10289","selector":{"id":"application-managebillings-display-component---billRunCalcResult--smartFilterBar-btnBasicSearch","interaction":{"idSuffix":"I"}},"clearTextFirst":true,"interactionType":"ENTER_TEXT"}]}
RESULT: {"script":"<script> [776 bytes]","args":[{"enterText":"10289","selector":{"id":"application-managebillings-display-component---billRunCalcResult--smartFilterBar-btnBasicSearch","interaction":{"idSuffix":"I"}},"clearTextFirst":true,"interactionType":"ENTER_TEXT"}]}
COMMAND: POST /session/36177e4d45fb5698ad30062df7661002/actions - {"actions":[{"id":"action50","type":"key","parameters":{},"actions":[{"type":"keyDown","value":"î€‡"},{"type":"pause","duration":10},{"type":"keyUp","value":"î€‡"}]}]}
RESULT: {"actions":[{"id":"action50","type":"key","parameters":{},"actions":[{"type":"keyDown","value":"î€‡"},{"type":"pause","duration":10},{"type":"keyUp","value":"î€‡"}]}]}
COMMAND: GET /session/36177e4d45fb5698ad30062df7661002/screenshot - {}
RESULT: {}
COMMAND: POST /session/36177e4d45fb5698ad30062df7661002/element - {"using":"xpath","value":"//td[@aria-colindex=\"1\"]/div/div[contains(@class, \"sapMCbBg\")]"}
RESULT: {"using":"xpath","value":"//td[@aria-colindex=\"1\"]/div/div[contains(@class, \"sapMCbBg\")]"}
COMMAND: POST /session/36177e4d45fb5698ad30062df7661002/element/f.165F0B9F83AB8D5533DBC2556707DBA6.d.19AA826F96E4C286567F60F02ACDF39F.e.14280/click - {}
RESULT: {}
COMMAND: GET /session/36177e4d45fb5698ad30062df7661002/screenshot - {}
RESULT: {}
COMMAND: POST /session/36177e4d45fb5698ad30062df7661002/execute/async - {"script":"<script> [1562 bytes]","args":[{"selector":{"id":"application-managebillings-display-component---billRunCalcResult--contractBillRunDate","interaction":{"idSuffix":"inner"}},"wdio_ui5_key":"applicationmanagebillings-display-component---billRunCalcResult--contractBillRunDate"}]}
RESULT: {"script":"<script> [1562 bytes]","args":[{"selector":{"id":"application-managebillings-display-component---billRunCalcResult--contractBillRunDate","interaction":{"idSuffix":"inner"}},"wdio_ui5_key":"applicationmanagebillings-display-component---billRunCalcResult--contractBillRunDate"}]}
RESULT: undefined
COMMAND: POST /session/36177e4d45fb5698ad30062df7661002/execute/async - {"script":"<script> [776 bytes]","args":[{"enterText":"6/16/25","selector":{"id":"application-managebillings-display-component---billRunCalcResult--contractBillRunDate","interaction":{"idSuffix":"inner"}},"clearTextFirst":true,"interactionType":"ENTER_TEXT"}]}
RESULT: {"script":"<script> [776 bytes]","args":[{"enterText":"6/16/25","selector":{"id":"application-managebillings-display-component---billRunCalcResult--contractBillRunDate","interaction":{"idSuffix":"inner"}},"clearTextFirst":true,"interactionType":"ENTER_TEXT"}]}
COMMAND: POST /session/36177e4d45fb5698ad30062df7661002/element - {"using":"xpath","value":"//bdi[contains(text(), \"Trigger Calculation\")]"}
RESULT: {"using":"xpath","value":"//bdi[contains(text(), \"Trigger Calculation\")]"}
COMMAND: POST /session/36177e4d45fb5698ad30062df7661002/element/f.165F0B9F83AB8D5533DBC2556707DBA6.d.19AA826F96E4C286567F60F02ACDF39F.e.14301/click - {}
RESULT: {}
COMMAND: GET /session/36177e4d45fb5698ad30062df7661002/screenshot - {}
RESULT: {}
COMMAND: POST /session/36177e4d45fb5698ad30062df7661002/element - {"using":"xpath","value":"(//span[contains(@id, \"imgNav\")])[1]"}
RESULT: {"using":"xpath","value":"(//span[contains(@id, \"imgNav\")])[1]"}
COMMAND: POST /session/36177e4d45fb5698ad30062df7661002/element/f.165F0B9F83AB8D5533DBC2556707DBA6.d.19AA826F96E4C286567F60F02ACDF39F.e.14294/click - {}
RESULT: {}
COMMAND: GET /session/36177e4d45fb5698ad30062df7661002/screenshot - {}
RESULT: {}
COMMAND: POST /session/36177e4d45fb5698ad30062df7661002/element - {"using":"xpath","value":"//tr/td[6]/div[1]/span[1]/span[1]"}
RESULT: {"using":"xpath","value":"//tr/td[6]/div[1]/span[1]/span[1]"}
COMMAND: GET /session/36177e4d45fb5698ad30062df7661002/element/f.165F0B9F83AB8D5533DBC2556707DBA6.d.19AA826F96E4C286567F60F02ACDF39F.e.14306/text - {}
RESULT: {}
COMMAND: POST /session/36177e4d45fb5698ad30062df7661002/element - {"using":"xpath","value":"(//span[contains(@id, \"imgNav\")])[2]"}
RESULT: {"using":"xpath","value":"(//span[contains(@id, \"imgNav\")])[2]"}
COMMAND: POST /session/36177e4d45fb5698ad30062df7661002/element/f.165F0B9F83AB8D5533DBC2556707DBA6.d.19AA826F96E4C286567F60F02ACDF39F.e.14307/click - {}
RESULT: {}
COMMAND: POST /session/36177e4d45fb5698ad30062df7661002/element - {"using":"xpath","value":"//bdi[contains(text(), \"Business Confirm\")]"}
COMMAND: GET /session/36177e4d45fb5698ad30062df7661002/screenshot - {}
RESULT: {"using":"xpath","value":"//bdi[contains(text(), \"Business Confirm\")]"}
COMMAND: POST /session/36177e4d45fb5698ad30062df7661002/elements - {"using":"xpath","value":"//bdi[contains(text(), \"Business Confirm\")]"}
RESULT: {}
RESULT: {"using":"xpath","value":"//bdi[contains(text(), \"Business Confirm\")]"}
COMMAND: POST /session/36177e4d45fb5698ad30062df7661002/element - {"using":"xpath","value":"//bdi[contains(text(), \"Business Confirm\")]"}
RESULT: {"using":"xpath","value":"//bdi[contains(text(), \"Business Confirm\")]"}
COMMAND: POST /session/36177e4d45fb5698ad30062df7661002/element/f.165F0B9F83AB8D5533DBC2556707DBA6.d.19AA826F96E4C286567F60F02ACDF39F.e.14311/click - {}
COMMAND: POST /session/36177e4d45fb5698ad30062df7661002/element - {"using":"xpath","value":"//bdi[contains(text(), \"Business Confirm\")]"}
RESULT: {"using":"xpath","value":"//bdi[contains(text(), \"Business Confirm\")]"}
COMMAND: POST /session/36177e4d45fb5698ad30062df7661002/element/f.165F0B9F83AB8D5533DBC2556707DBA6.d.19AA826F96E4C286567F60F02ACDF39F.e.14311/click - {}
COMMAND: POST /session/36177e4d45fb5698ad30062df7661002/element - {"using":"xpath","value":"//bdi[contains(text(), \"Business Confirm\")]"}
RESULT: {"using":"xpath","value":"//bdi[contains(text(), \"Business Confirm\")]"}
COMMAND: POST /session/36177e4d45fb5698ad30062df7661002/element/f.165F0B9F83AB8D5533DBC2556707DBA6.d.19AA826F96E4C286567F60F02ACDF39F.e.14351/click - {}
RESULT: {}
COMMAND: POST /session/36177e4d45fb5698ad30062df7661002/element - {"using":"css selector","value":"#shell-header-logo"}
COMMAND: GET /session/36177e4d45fb5698ad30062df7661002/screenshot - {}
RESULT: {"using":"css selector","value":"#shell-header-logo"}
COMMAND: POST /session/36177e4d45fb5698ad30062df7661002/element/f.165F0B9F83AB8D5533DBC2556707DBA6.d.19AA826F96E4C286567F60F02ACDF39F.e.14042/click - {}
RESULT: {}
RESULT: {}
COMMAND: GET /session/36177e4d45fb5698ad30062df7661002/screenshot - {}
RESULT: {}
COMMAND: POST /session/36177e4d45fb5698ad30062df7661002/element - {"using":"css selector","value":"#j_username"}
COMMAND: POST /session/36177e4d45fb5698ad30062df7661002/url - {"url":"https://qa-testing-00-live-etm-ui.cfapps.eu10-004.hana.ondemand.com/"}
RESULT: {"using":"css selector","value":"#j_username"}
COMMAND: POST /session/36177e4d45fb5698ad30062df7661002/element - {"using":"css selector","value":"#j_username"}
RESULT: {"url":"https://qa-testing-00-live-etm-ui.cfapps.eu10-004.hana.ondemand.com/"}
RESULT: undefined
COMMAND: GET /session/36177e4d45fb5698ad30062df7661002/screenshot - {}
RESULT: {"using":"css selector","value":"#j_username"}
COMMAND: POST /session/36177e4d45fb5698ad30062df7661002/element - {"using":"css selector","value":"#shell-header-logo"}
RESULT: {}
RESULT: {"using":"css selector","value":"#shell-header-logo"}
COMMAND: POST /session/36177e4d45fb5698ad30062df7661002/execute/sync - {"script":"<script> [8489 bytes]","args":[{"element-6066-11e4-a52e-4f735466cecf":"f.165F0B9F83AB8D5533DBC2556707DBA6.d.B22A4429588AFA0B22CA6CDAF365FAA5.e.14395","ELEMENT":"f.165F0B9F83AB8D5533DBC2556707DBA6.d.B22A4429588AFA0B22CA6CDAF365FAA5.e.14395"}]}
RESULT: {"script":"<script> [8489 bytes]","args":[{"element-6066-11e4-a52e-4f735466cecf":"f.165F0B9F83AB8D5533DBC2556707DBA6.d.B22A4429588AFA0B22CA6CDAF365FAA5.e.14395","ELEMENT":"f.165F0B9F83AB8D5533DBC2556707DBA6.d.B22A4429588AFA0B22CA6CDAF365FAA5.e.14395"}]}
COMMAND: POST /session/36177e4d45fb5698ad30062df7661002/element - {"using":"css selector","value":"#shell-header-logo"}
COMMAND: GET /session/36177e4d45fb5698ad30062df7661002/screenshot - {}
RESULT: {"using":"css selector","value":"#shell-header-logo"}
COMMAND: POST /session/36177e4d45fb5698ad30062df7661002/execute/sync - {"script":"<script> [8489 bytes]","args":[{"element-6066-11e4-a52e-4f735466cecf":"f.165F0B9F83AB8D5533DBC2556707DBA6.d.B22A4429588AFA0B22CA6CDAF365FAA5.e.14395","ELEMENT":"f.165F0B9F83AB8D5533DBC2556707DBA6.d.B22A4429588AFA0B22CA6CDAF365FAA5.e.14395"}]}
RESULT: {}
RESULT: {"script":"<script> [8489 bytes]","args":[{"element-6066-11e4-a52e-4f735466cecf":"f.165F0B9F83AB8D5533DBC2556707DBA6.d.B22A4429588AFA0B22CA6CDAF365FAA5.e.14395","ELEMENT":"f.165F0B9F83AB8D5533DBC2556707DBA6.d.B22A4429588AFA0B22CA6CDAF365FAA5.e.14395"}]}
COMMAND: POST /session/36177e4d45fb5698ad30062df7661002/execute/sync - {"script":"<script> [5351 bytes]","args":[{"element-6066-11e4-a52e-4f735466cecf":"f.165F0B9F83AB8D5533DBC2556707DBA6.d.B22A4429588AFA0B22CA6CDAF365FAA5.e.14395","ELEMENT":"f.165F0B9F83AB8D5533DBC2556707DBA6.d.B22A4429588AFA0B22CA6CDAF365FAA5.e.14395"}]}
COMMAND: GET /session/36177e4d45fb5698ad30062df7661002/screenshot - {}
RESULT: {"script":"<script> [5351 bytes]","args":[{"element-6066-11e4-a52e-4f735466cecf":"f.165F0B9F83AB8D5533DBC2556707DBA6.d.B22A4429588AFA0B22CA6CDAF365FAA5.e.14395","ELEMENT":"f.165F0B9F83AB8D5533DBC2556707DBA6.d.B22A4429588AFA0B22CA6CDAF365FAA5.e.14395"}]}
COMMAND: POST /session/36177e4d45fb5698ad30062df7661002/element - {"using":"css selector","value":"#shell-header-logo"}
COMMAND: GET /session/36177e4d45fb5698ad30062df7661002/screenshot - {}
RESULT: {}
RESULT: {"using":"css selector","value":"#shell-header-logo"}
COMMAND: POST /session/36177e4d45fb5698ad30062df7661002/element/f.165F0B9F83AB8D5533DBC2556707DBA6.d.B22A4429588AFA0B22CA6CDAF365FAA5.e.14395/click - {}
RESULT: {}
RESULT: {}
COMMAND: GET /session/36177e4d45fb5698ad30062df7661002/screenshot - {}
RESULT: {}
COMMAND: POST /session/36177e4d45fb5698ad30062df7661002/execute/async - {"script":"<script> [189 bytes]","args":[]}
RESULT: {"script":"<script> [189 bytes]","args":[]}
COMMAND: POST /session/36177e4d45fb5698ad30062df7661002/execute/async - {"script":"<script> [123 bytes]","args":[]}
RESULT: {"script":"<script> [123 bytes]","args":[]}
COMMAND: POST /session/36177e4d45fb5698ad30062df7661002/timeouts - {"script":"<number>"}
RESULT: {"script":"<number>"}
COMMAND: GET /session/36177e4d45fb5698ad30062df7661002/timeouts - {}
RESULT: {}
RESULT: undefined
COMMAND: POST /session/36177e4d45fb5698ad30062df7661002/execute/async - {"script":"<script> [2676 bytes]","args":[]}
RESULT: {"script":"<script> [2676 bytes]","args":[]}
COMMAND: POST /session/36177e4d45fb5698ad30062df7661002/execute/async - {"script":"<script> [2342 bytes]","args":[{"protocol":"http","hostname":"0.0.0.0","path":"/","capabilities":{"browserName":"chrome","goog:chromeOptions":{"binary":"C:\\Program Files\\Google\\Chrome\\Application\\chrome.exe","args":["--start-maximized"]}},"logLevel":"warn","connectionRetryTimeout":120000,"connectionRetryCount":3,"logLevels":{},"enableDirectConnect":true,"strictSSL":true,"_":"65 more keys: [\"cacheDir\",\"port\",\"requestedCapabilities\",\"automationProtocol\",\"baseUrl\",\"waitforInterval\",\"waitforTimeout\",\"onReload\",\"beforeCommand\",\"afterCommand\",\"rootDir\",\"specs\",\"suites\",\"exclude\",\"groupLogsByTestSpec\",\"excludeDriverLogs\",\"bail\",\"framework\",\"reporters\",\"services\",\"maxInstances\",\"maxInstancesPerCapability\",\"injectGlobals\",\"filesToWatch\",\"execArgv\",\"runnerEnv\",\"runner\",\"shard\",\"specFileRetries\",\"specFileRetriesDelay\",\"specFileRetriesDeferred\",\"reporterSyncInterval\",\"reporterSyncTimeout\",\"cucumberFeaturesWithLineNumbers\",\"autoCompileOpts\",\"mochaOpts\",\"jasmineOpts\",\"cucumberOpts\",\"onPrepare\",\"onWorkerStart\",\"onWorkerEnd\",\"before\",\"beforeSession\",\"beforeSuite\",\"beforeHook\",\"beforeTest\",\"afterTest\",\"afterHook\",\"afterSuite\",\"afterSession\",\"after\",\"onComplete\",\"beforeAssertion\",\"afterAssertion\",\"beforeFeature\",\"beforeScenario\",\"beforeStep\",\"afterStep\",\"afterScenario\",\"afterFeature\",\"_\",\"suite\",\"$0\",\"ignoredWorkerServices\",\"wdi5\"]"}]}
RESULT: {"script":"<script> [2342 bytes]","args":[{"protocol":"http","hostname":"0.0.0.0","path":"/","capabilities":{"browserName":"chrome","goog:chromeOptions":{"binary":"C:\\Program Files\\Google\\Chrome\\Application\\chrome.exe","args":["--start-maximized"]}},"logLevel":"warn","connectionRetryTimeout":120000,"connectionRetryCount":3,"logLevels":{},"enableDirectConnect":true,"strictSSL":true,"_":"65 more keys: [\"cacheDir\",\"port\",\"requestedCapabilities\",\"automationProtocol\",\"baseUrl\",\"waitforInterval\",\"waitforTimeout\",\"onReload\",\"beforeCommand\",\"afterCommand\",\"rootDir\",\"specs\",\"suites\",\"exclude\",\"groupLogsByTestSpec\",\"excludeDriverLogs\",\"bail\",\"framework\",\"reporters\",\"services\",\"maxInstances\",\"maxInstancesPerCapability\",\"injectGlobals\",\"filesToWatch\",\"execArgv\",\"runnerEnv\",\"runner\",\"shard\",\"specFileRetries\",\"specFileRetriesDelay\",\"specFileRetriesDeferred\",\"reporterSyncInterval\",\"reporterSyncTimeout\",\"cucumberFeaturesWithLineNumbers\",\"autoCompileOpts\",\"mochaOpts\",\"jasmineOpts\",\"cucumberOpts\",\"onPrepare\",\"onWorkerStart\",\"onWorkerEnd\",\"before\",\"beforeSession\",\"beforeSuite\",\"beforeHook\",\"beforeTest\",\"afterTest\",\"afterHook\",\"afterSuite\",\"afterSession\",\"after\",\"onComplete\",\"beforeAssertion\",\"afterAssertion\",\"beforeFeature\",\"beforeScenario\",\"beforeStep\",\"afterStep\",\"afterScenario\",\"afterFeature\",\"_\",\"suite\",\"$0\",\"ignoredWorkerServices\",\"wdi5\"]"}]}
COMMAND: POST /session/36177e4d45fb5698ad30062df7661002/execute/async - {"script":"<script> [21126 bytes]","args":[35000]}
RESULT: {"script":"<script> [21126 bytes]","args":[35000]}
COMMAND: POST /session/36177e4d45fb5698ad30062df7661002/window/maximize - {}
RESULT: {}
COMMAND: POST /session/36177e4d45fb5698ad30062df7661002/execute/async - {"script":"<script> [1562 bytes]","args":[{"selector":{"id":"shell-header","interaction":{"idSuffix":"icon"}},"wdio_ui5_key":"shellheader"}]}
COMMAND: GET /session/36177e4d45fb5698ad30062df7661002/screenshot - {}
RESULT: {"script":"<script> [1562 bytes]","args":[{"selector":{"id":"shell-header","interaction":{"idSuffix":"icon"}},"wdio_ui5_key":"shellheader"}]}
RESULT: undefined
COMMAND: POST /session/36177e4d45fb5698ad30062df7661002/refresh - {}
RESULT: {}
RESULT: {}
COMMAND: GET /session/36177e4d45fb5698ad30062df7661002/screenshot - {}
RESULT: {}
COMMAND: POST /session/36177e4d45fb5698ad30062df7661002/refresh - {}
RESULT: {}
COMMAND: GET /session/36177e4d45fb5698ad30062df7661002/screenshot - {}
RESULT: {}
COMMAND: POST /session/36177e4d45fb5698ad30062df7661002/window/fullscreen - {}
RESULT: {}
COMMAND: POST /session/36177e4d45fb5698ad30062df7661002/execute/async - {"script":"<script> [189 bytes]","args":[]}
RESULT: {"script":"<script> [189 bytes]","args":[]}
COMMAND: POST /session/36177e4d45fb5698ad30062df7661002/execute/async - {"script":"<script> [123 bytes]","args":[]}
RESULT: {"script":"<script> [123 bytes]","args":[]}
COMMAND: POST /session/36177e4d45fb5698ad30062df7661002/timeouts - {"script":"<number>"}
RESULT: {"script":"<number>"}
COMMAND: GET /session/36177e4d45fb5698ad30062df7661002/timeouts - {}
RESULT: {}
RESULT: undefined
COMMAND: POST /session/36177e4d45fb5698ad30062df7661002/execute/async - {"script":"<script> [2676 bytes]","args":[]}
RESULT: {"script":"<script> [2676 bytes]","args":[]}
COMMAND: POST /session/36177e4d45fb5698ad30062df7661002/execute/async - {"script":"<script> [2342 bytes]","args":[{"protocol":"http","hostname":"0.0.0.0","path":"/","capabilities":{"browserName":"chrome","goog:chromeOptions":{"binary":"C:\\Program Files\\Google\\Chrome\\Application\\chrome.exe","args":["--start-maximized"]}},"logLevel":"warn","connectionRetryTimeout":120000,"connectionRetryCount":3,"logLevels":{},"enableDirectConnect":true,"strictSSL":true,"_":"65 more keys: [\"cacheDir\",\"port\",\"requestedCapabilities\",\"automationProtocol\",\"baseUrl\",\"waitforInterval\",\"waitforTimeout\",\"onReload\",\"beforeCommand\",\"afterCommand\",\"rootDir\",\"specs\",\"suites\",\"exclude\",\"groupLogsByTestSpec\",\"excludeDriverLogs\",\"bail\",\"framework\",\"reporters\",\"services\",\"maxInstances\",\"maxInstancesPerCapability\",\"injectGlobals\",\"filesToWatch\",\"execArgv\",\"runnerEnv\",\"runner\",\"shard\",\"specFileRetries\",\"specFileRetriesDelay\",\"specFileRetriesDeferred\",\"reporterSyncInterval\",\"reporterSyncTimeout\",\"cucumberFeaturesWithLineNumbers\",\"autoCompileOpts\",\"mochaOpts\",\"jasmineOpts\",\"cucumberOpts\",\"onPrepare\",\"onWorkerStart\",\"onWorkerEnd\",\"before\",\"beforeSession\",\"beforeSuite\",\"beforeHook\",\"beforeTest\",\"afterTest\",\"afterHook\",\"afterSuite\",\"afterSession\",\"after\",\"onComplete\",\"beforeAssertion\",\"afterAssertion\",\"beforeFeature\",\"beforeScenario\",\"beforeStep\",\"afterStep\",\"afterScenario\",\"afterFeature\",\"_\",\"suite\",\"$0\",\"ignoredWorkerServices\",\"wdi5\"]"}]}
RESULT: {"script":"<script> [2342 bytes]","args":[{"protocol":"http","hostname":"0.0.0.0","path":"/","capabilities":{"browserName":"chrome","goog:chromeOptions":{"binary":"C:\\Program Files\\Google\\Chrome\\Application\\chrome.exe","args":["--start-maximized"]}},"logLevel":"warn","connectionRetryTimeout":120000,"connectionRetryCount":3,"logLevels":{},"enableDirectConnect":true,"strictSSL":true,"_":"65 more keys: [\"cacheDir\",\"port\",\"requestedCapabilities\",\"automationProtocol\",\"baseUrl\",\"waitforInterval\",\"waitforTimeout\",\"onReload\",\"beforeCommand\",\"afterCommand\",\"rootDir\",\"specs\",\"suites\",\"exclude\",\"groupLogsByTestSpec\",\"excludeDriverLogs\",\"bail\",\"framework\",\"reporters\",\"services\",\"maxInstances\",\"maxInstancesPerCapability\",\"injectGlobals\",\"filesToWatch\",\"execArgv\",\"runnerEnv\",\"runner\",\"shard\",\"specFileRetries\",\"specFileRetriesDelay\",\"specFileRetriesDeferred\",\"reporterSyncInterval\",\"reporterSyncTimeout\",\"cucumberFeaturesWithLineNumbers\",\"autoCompileOpts\",\"mochaOpts\",\"jasmineOpts\",\"cucumberOpts\",\"onPrepare\",\"onWorkerStart\",\"onWorkerEnd\",\"before\",\"beforeSession\",\"beforeSuite\",\"beforeHook\",\"beforeTest\",\"afterTest\",\"afterHook\",\"afterSuite\",\"afterSession\",\"after\",\"onComplete\",\"beforeAssertion\",\"afterAssertion\",\"beforeFeature\",\"beforeScenario\",\"beforeStep\",\"afterStep\",\"afterScenario\",\"afterFeature\",\"_\",\"suite\",\"$0\",\"ignoredWorkerServices\",\"wdi5\"]"}]}
COMMAND: POST /session/36177e4d45fb5698ad30062df7661002/execute/async - {"script":"<script> [21126 bytes]","args":[35000]}
RESULT: {"script":"<script> [21126 bytes]","args":[35000]}
]]></system-out>
    </testcase>
  </testsuite>
  <testsuite timestamp="2025-05-16T06:26:53" time="804.516" tests="13" failures="0" errors="0" skipped="0">
    <properties>
      <property name="specId" value="0" />
      <property name="suiteName" value="Performance based billing (work days) US139742" />
      <property name="capabilities" value="chrome.136_0_7103_93.windows" />
      <property name="file" value="file:///D:/a/1/s/test/specs/BTS/billing-performance-workdays.spec.js" />
    </properties>
    <testcase classname="chrome.136_0_7103_93.windows.Performance_based_billing_(work_days)_US139742" name="Should create a new yard" time="0.015">
      <system-out><![CDATA[
COMMAND: POST /session/36177e4d45fb5698ad30062df7661002/window/fullscreen - {}
RESULT: {}
]]></system-out>
    </testcase>
    <testcase classname="chrome.136_0_7103_93.windows.Performance_based_billing_(work_days)_US139742" name="Should create a new partner" time="0.004" />
    <testcase classname="chrome.136_0_7103_93.windows.Performance_based_billing_(work_days)_US139742" name="Should create a new site" time="0.004" />
    <testcase classname="chrome.136_0_7103_93.windows.Performance_based_billing_(work_days)_US139742" name="Should do prerequisite steps add equipment" time="137.31">
      <system-out><![CDATA[
COMMAND: POST /session/36177e4d45fb5698ad30062df7661002/execute/async - {"script":"<script> [1562 bytes]","args":[{"selector":{"controlType":"sap.m.GenericTile","properties":{"header":"Manage Resources"}},"wdio_ui5_key":"sapm.GenericTile{\"header\":\"Manage Resources\"}"}]}
RESULT: {"script":"<script> [1562 bytes]","args":[{"selector":{"controlType":"sap.m.GenericTile","properties":{"header":"Manage Resources"}},"wdio_ui5_key":"sapm.GenericTile{\"header\":\"Manage Resources\"}"}]}
RESULT: undefined
COMMAND: POST /session/36177e4d45fb5698ad30062df7661002/element - {"using":"xpath","value":"//*[@id=\"__tile39\"]"}
RESULT: {"using":"xpath","value":"//*[@id=\"__tile39\"]"}
COMMAND: POST /session/36177e4d45fb5698ad30062df7661002/element/f.165F0B9F83AB8D5533DBC2556707DBA6.d.6464C32B6371E34F994492AB925C6C1D.e.14544/click - {}
RESULT: {}
COMMAND: GET /session/36177e4d45fb5698ad30062df7661002/screenshot - {}
RESULT: {}
COMMAND: POST /session/36177e4d45fb5698ad30062df7661002/elements - {"using":"xpath","value":"//span[text()='Error']"}
RESULT: {"using":"xpath","value":"//span[text()='Error']"}
COMMAND: POST /session/36177e4d45fb5698ad30062df7661002/element - {"using":"xpath","value":"//button[@data-kt=\"addNewRUOverflowToolbarButton\"]"}
RESULT: {"using":"xpath","value":"//button[@data-kt=\"addNewRUOverflowToolbarButton\"]"}
COMMAND: POST /session/36177e4d45fb5698ad30062df7661002/elements - {"using":"xpath","value":"//button[@data-kt=\"addNewRUOverflowToolbarButton\"]"}
RESULT: {"using":"xpath","value":"//button[@data-kt=\"addNewRUOverflowToolbarButton\"]"}
COMMAND: POST /session/36177e4d45fb5698ad30062df7661002/execute/sync - {"script":"<script> [8489 bytes]","args":[{"element-6066-11e4-a52e-4f735466cecf":"f.165F0B9F83AB8D5533DBC2556707DBA6.d.6464C32B6371E34F994492AB925C6C1D.e.14797","ELEMENT":"f.165F0B9F83AB8D5533DBC2556707DBA6.d.6464C32B6371E34F994492AB925C6C1D.e.14797"}]}
RESULT: {"script":"<script> [8489 bytes]","args":[{"element-6066-11e4-a52e-4f735466cecf":"f.165F0B9F83AB8D5533DBC2556707DBA6.d.6464C32B6371E34F994492AB925C6C1D.e.14797","ELEMENT":"f.165F0B9F83AB8D5533DBC2556707DBA6.d.6464C32B6371E34F994492AB925C6C1D.e.14797"}]}
COMMAND: GET /session/36177e4d45fb5698ad30062df7661002/element/f.165F0B9F83AB8D5533DBC2556707DBA6.d.6464C32B6371E34F994492AB925C6C1D.e.14797/enabled - {}
COMMAND: GET /session/36177e4d45fb5698ad30062df7661002/screenshot - {}
RESULT: {}
COMMAND: POST /session/36177e4d45fb5698ad30062df7661002/execute/sync - {"script":"<script> [8489 bytes]","args":[{"element-6066-11e4-a52e-4f735466cecf":"f.165F0B9F83AB8D5533DBC2556707DBA6.d.6464C32B6371E34F994492AB925C6C1D.e.14797","ELEMENT":"f.165F0B9F83AB8D5533DBC2556707DBA6.d.6464C32B6371E34F994492AB925C6C1D.e.14797"}]}
COMMAND: GET /session/36177e4d45fb5698ad30062df7661002/screenshot - {}
RESULT: {}
RESULT: {"script":"<script> [8489 bytes]","args":[{"element-6066-11e4-a52e-4f735466cecf":"f.165F0B9F83AB8D5533DBC2556707DBA6.d.6464C32B6371E34F994492AB925C6C1D.e.14797","ELEMENT":"f.165F0B9F83AB8D5533DBC2556707DBA6.d.6464C32B6371E34F994492AB925C6C1D.e.14797"}]}
COMMAND: POST /session/36177e4d45fb5698ad30062df7661002/execute/sync - {"script":"<script> [5351 bytes]","args":[{"element-6066-11e4-a52e-4f735466cecf":"f.165F0B9F83AB8D5533DBC2556707DBA6.d.6464C32B6371E34F994492AB925C6C1D.e.14797","ELEMENT":"f.165F0B9F83AB8D5533DBC2556707DBA6.d.6464C32B6371E34F994492AB925C6C1D.e.14797"}]}
COMMAND: GET /session/36177e4d45fb5698ad30062df7661002/screenshot - {}
RESULT: {}
RESULT: {"script":"<script> [5351 bytes]","args":[{"element-6066-11e4-a52e-4f735466cecf":"f.165F0B9F83AB8D5533DBC2556707DBA6.d.6464C32B6371E34F994492AB925C6C1D.e.14797","ELEMENT":"f.165F0B9F83AB8D5533DBC2556707DBA6.d.6464C32B6371E34F994492AB925C6C1D.e.14797"}]}
COMMAND: POST /session/36177e4d45fb5698ad30062df7661002/element/f.165F0B9F83AB8D5533DBC2556707DBA6.d.6464C32B6371E34F994492AB925C6C1D.e.14797/click - {}
COMMAND: GET /session/36177e4d45fb5698ad30062df7661002/screenshot - {}
RESULT: {}
RESULT: {}
COMMAND: GET /session/36177e4d45fb5698ad30062df7661002/screenshot - {}
RESULT: {}
COMMAND: POST /session/36177e4d45fb5698ad30062df7661002/execute/async - {"script":"<script> [1562 bytes]","args":[{"selector":{"id":"application-manageresources-display-component---newResourceUnit--TYPE-arrow"},"wdio_ui5_key":"applicationmanageresources-display-component---newResourceUnit--TYPE-arrow"}]}
RESULT: {}
RESULT: {"script":"<script> [1562 bytes]","args":[{"selector":{"id":"application-manageresources-display-component---newResourceUnit--TYPE-arrow"},"wdio_ui5_key":"applicationmanageresources-display-component---newResourceUnit--TYPE-arrow"}]}
RESULT: undefined
COMMAND: POST /session/36177e4d45fb5698ad30062df7661002/element - {"using":"xpath","value":"//*[@id=\"application-manageresources-display-component---newResourceUnit--TYPE-arrow\"]"}
RESULT: {"using":"xpath","value":"//*[@id=\"application-manageresources-display-component---newResourceUnit--TYPE-arrow\"]"}
COMMAND: POST /session/36177e4d45fb5698ad30062df7661002/element/f.165F0B9F83AB8D5533DBC2556707DBA6.d.6464C32B6371E34F994492AB925C6C1D.e.15040/click - {}
RESULT: {}
COMMAND: POST /session/36177e4d45fb5698ad30062df7661002/element - {"using":"xpath","value":"//input[@id=\"application-manageresources-display-component---newResourceUnit--TYPE-inner\"]"}
COMMAND: GET /session/36177e4d45fb5698ad30062df7661002/screenshot - {}
RESULT: {"using":"xpath","value":"//input[@id=\"application-manageresources-display-component---newResourceUnit--TYPE-inner\"]"}
COMMAND: POST /session/36177e4d45fb5698ad30062df7661002/element/f.165F0B9F83AB8D5533DBC2556707DBA6.d.6464C32B6371E34F994492AB925C6C1D.e.15036/clear - {}
RESULT: {}
RESULT: {}
COMMAND: POST /session/36177e4d45fb5698ad30062df7661002/element/f.165F0B9F83AB8D5533DBC2556707DBA6.d.6464C32B6371E34F994492AB925C6C1D.e.15036/value - {"text":"Equipment"}
COMMAND: GET /session/36177e4d45fb5698ad30062df7661002/screenshot - {}
RESULT: {"text":"Equipment"}
COMMAND: GET /session/36177e4d45fb5698ad30062df7661002/screenshot - {}
RESULT: {}
RESULT: {}
COMMAND: POST /session/36177e4d45fb5698ad30062df7661002/actions - {"actions":[{"id":"action51","type":"key","parameters":{},"actions":[{"type":"keyDown","value":"î€‡"},{"type":"pause","duration":10},{"type":"keyUp","value":"î€‡"}]}]}
RESULT: {"actions":[{"id":"action51","type":"key","parameters":{},"actions":[{"type":"keyDown","value":"î€‡"},{"type":"pause","duration":10},{"type":"keyUp","value":"î€‡"}]}]}
COMMAND: POST /session/36177e4d45fb5698ad30062df7661002/execute/async - {"script":"<script> [1562 bytes]","args":[{"selector":{"id":"application-manageresources-display-component---newResourceUnit--resourceId","interaction":{"idSuffix":"inner"}},"wdio_ui5_key":"applicationmanageresources-display-component---newResourceUnit--resourceId"}]}
COMMAND: GET /session/36177e4d45fb5698ad30062df7661002/screenshot - {}
RESULT: {"script":"<script> [1562 bytes]","args":[{"selector":{"id":"application-manageresources-display-component---newResourceUnit--resourceId","interaction":{"idSuffix":"inner"}},"wdio_ui5_key":"applicationmanageresources-display-component---newResourceUnit--resourceId"}]}
RESULT: undefined
COMMAND: POST /session/36177e4d45fb5698ad30062df7661002/execute/async - {"script":"<script> [776 bytes]","args":[{"enterText":"mtigTLRf1o","selector":{"id":"application-manageresources-display-component---newResourceUnit--resourceId","interaction":{"idSuffix":"inner"}},"clearTextFirst":true,"interactionType":"ENTER_TEXT"}]}
RESULT: {}
RESULT: {"script":"<script> [776 bytes]","args":[{"enterText":"mtigTLRf1o","selector":{"id":"application-manageresources-display-component---newResourceUnit--resourceId","interaction":{"idSuffix":"inner"}},"clearTextFirst":true,"interactionType":"ENTER_TEXT"}]}
COMMAND: POST /session/36177e4d45fb5698ad30062df7661002/execute/async - {"script":"<script> [1562 bytes]","args":[{"selector":{"id":"application-manageresources-display-component---newResourceUnit--SHORT_TEXT","interaction":{"idSuffix":"inner"}},"wdio_ui5_key":"applicationmanageresources-display-component---newResourceUnit--SHORT_TEXT"}]}
RESULT: {"script":"<script> [1562 bytes]","args":[{"selector":{"id":"application-manageresources-display-component---newResourceUnit--SHORT_TEXT","interaction":{"idSuffix":"inner"}},"wdio_ui5_key":"applicationmanageresources-display-component---newResourceUnit--SHORT_TEXT"}]}
RESULT: undefined
COMMAND: POST /session/36177e4d45fb5698ad30062df7661002/execute/async - {"script":"<script> [776 bytes]","args":[{"enterText":"Intercompany Equipment WDIO","selector":{"id":"application-manageresources-display-component---newResourceUnit--SHORT_TEXT","interaction":{"idSuffix":"inner"}},"clearTextFirst":true,"interactionType":"ENTER_TEXT"}]}
RESULT: {"script":"<script> [776 bytes]","args":[{"enterText":"Intercompany Equipment WDIO","selector":{"id":"application-manageresources-display-component---newResourceUnit--SHORT_TEXT","interaction":{"idSuffix":"inner"}},"clearTextFirst":true,"interactionType":"ENTER_TEXT"}]}
COMMAND: POST /session/36177e4d45fb5698ad30062df7661002/execute/async - {"script":"<script> [1562 bytes]","args":[{"selector":{"id":"application-manageresources-display-component---newResourceUnit--BASE_UNIT_OF_MEASURE","interaction":{"idSuffix":"inner"}},"wdio_ui5_key":"applicationmanageresources-display-component---newResourceUnit--BASE_UNIT_OF_MEASURE"}]}
RESULT: {"script":"<script> [1562 bytes]","args":[{"selector":{"id":"application-manageresources-display-component---newResourceUnit--BASE_UNIT_OF_MEASURE","interaction":{"idSuffix":"inner"}},"wdio_ui5_key":"applicationmanageresources-display-component---newResourceUnit--BASE_UNIT_OF_MEASURE"}]}
RESULT: undefined
COMMAND: POST /session/36177e4d45fb5698ad30062df7661002/execute/async - {"script":"<script> [776 bytes]","args":[{"enterText":"Piece","selector":{"id":"application-manageresources-display-component---newResourceUnit--BASE_UNIT_OF_MEASURE","interaction":{"idSuffix":"inner"}},"clearTextFirst":true,"interactionType":"ENTER_TEXT"}]}
RESULT: {"script":"<script> [776 bytes]","args":[{"enterText":"Piece","selector":{"id":"application-manageresources-display-component---newResourceUnit--BASE_UNIT_OF_MEASURE","interaction":{"idSuffix":"inner"}},"clearTextFirst":true,"interactionType":"ENTER_TEXT"}]}
COMMAND: POST /session/36177e4d45fb5698ad30062df7661002/execute/async - {"script":"<script> [1562 bytes]","args":[{"selector":{"id":"application-manageresources-display-component---newResourceUnit--WEIGHT_UNIT","interaction":{"idSuffix":"inner"}},"wdio_ui5_key":"applicationmanageresources-display-component---newResourceUnit--WEIGHT_UNIT"}]}
RESULT: {"script":"<script> [1562 bytes]","args":[{"selector":{"id":"application-manageresources-display-component---newResourceUnit--WEIGHT_UNIT","interaction":{"idSuffix":"inner"}},"wdio_ui5_key":"applicationmanageresources-display-component---newResourceUnit--WEIGHT_UNIT"}]}
RESULT: undefined
COMMAND: POST /session/36177e4d45fb5698ad30062df7661002/execute/async - {"script":"<script> [776 bytes]","args":[{"enterText":"Gram","selector":{"id":"application-manageresources-display-component---newResourceUnit--WEIGHT_UNIT","interaction":{"idSuffix":"inner"}},"clearTextFirst":true,"interactionType":"ENTER_TEXT"}]}
RESULT: {"script":"<script> [776 bytes]","args":[{"enterText":"Gram","selector":{"id":"application-manageresources-display-component---newResourceUnit--WEIGHT_UNIT","interaction":{"idSuffix":"inner"}},"clearTextFirst":true,"interactionType":"ENTER_TEXT"}]}
COMMAND: POST /session/36177e4d45fb5698ad30062df7661002/execute/async - {"script":"<script> [1562 bytes]","args":[{"selector":{"id":"application-manageresources-display-component---newResourceUnit--DIMENSION_UNIT","interaction":{"idSuffix":"inner"}},"wdio_ui5_key":"applicationmanageresources-display-component---newResourceUnit--DIMENSION_UNIT"}]}
RESULT: {"script":"<script> [1562 bytes]","args":[{"selector":{"id":"application-manageresources-display-component---newResourceUnit--DIMENSION_UNIT","interaction":{"idSuffix":"inner"}},"wdio_ui5_key":"applicationmanageresources-display-component---newResourceUnit--DIMENSION_UNIT"}]}
RESULT: undefined
COMMAND: POST /session/36177e4d45fb5698ad30062df7661002/execute/async - {"script":"<script> [776 bytes]","args":[{"enterText":"Meter","selector":{"id":"application-manageresources-display-component---newResourceUnit--DIMENSION_UNIT","interaction":{"idSuffix":"inner"}},"clearTextFirst":true,"interactionType":"ENTER_TEXT"}]}
RESULT: {"script":"<script> [776 bytes]","args":[{"enterText":"Meter","selector":{"id":"application-manageresources-display-component---newResourceUnit--DIMENSION_UNIT","interaction":{"idSuffix":"inner"}},"clearTextFirst":true,"interactionType":"ENTER_TEXT"}]}
COMMAND: POST /session/36177e4d45fb5698ad30062df7661002/execute/async - {"script":"<script> [1562 bytes]","args":[{"selector":{"id":"application-manageresources-display-component---newResourceUnit--newRRUPage-anchBar-application-manageresources-display-component---newResourceUnit--control-anchor","interaction":{"idSuffix":"BDI-content"}},"wdio_ui5_key":"applicationmanageresources-display-component---newResourceUnit--newRRUPage-anchBar-application-manageresources-display-component---newResourceUnit--control-anchor"}]}
RESULT: {"script":"<script> [1562 bytes]","args":[{"selector":{"id":"application-manageresources-display-component---newResourceUnit--newRRUPage-anchBar-application-manageresources-display-component---newResourceUnit--control-anchor","interaction":{"idSuffix":"BDI-content"}},"wdio_ui5_key":"applicationmanageresources-display-component---newResourceUnit--newRRUPage-anchBar-application-manageresources-display-component---newResourceUnit--control-anchor"}]}
RESULT: undefined
COMMAND: POST /session/36177e4d45fb5698ad30062df7661002/element - {"using":"xpath","value":"//*[@id=\"application-manageresources-display-component---newResourceUnit--newRRUPage-anchBar-application-manageresources-display-component---newResourceUnit--control-anchor\"]"}
RESULT: {"using":"xpath","value":"//*[@id=\"application-manageresources-display-component---newResourceUnit--newRRUPage-anchBar-application-manageresources-display-component---newResourceUnit--control-anchor\"]"}
COMMAND: POST /session/36177e4d45fb5698ad30062df7661002/element/f.165F0B9F83AB8D5533DBC2556707DBA6.d.6464C32B6371E34F994492AB925C6C1D.e.15171/click - {}
RESULT: {}
COMMAND: POST /session/36177e4d45fb5698ad30062df7661002/execute/async - {"script":"<script> [1562 bytes]","args":[{"selector":{"id":"application-manageresources-display-component---newResourceUnit--PLANNING_GROUP","interaction":{"idSuffix":"inner"}},"wdio_ui5_key":"applicationmanageresources-display-component---newResourceUnit--PLANNING_GROUP"}]}
COMMAND: GET /session/36177e4d45fb5698ad30062df7661002/screenshot - {}
RESULT: {"script":"<script> [1562 bytes]","args":[{"selector":{"id":"application-manageresources-display-component---newResourceUnit--PLANNING_GROUP","interaction":{"idSuffix":"inner"}},"wdio_ui5_key":"applicationmanageresources-display-component---newResourceUnit--PLANNING_GROUP"}]}
RESULT: undefined
COMMAND: POST /session/36177e4d45fb5698ad30062df7661002/execute/async - {"script":"<script> [776 bytes]","args":[{"enterText":"Heavy Equi","selector":{"id":"application-manageresources-display-component---newResourceUnit--PLANNING_GROUP","interaction":{"idSuffix":"inner"}},"clearTextFirst":true,"interactionType":"ENTER_TEXT"}]}
RESULT: {}
RESULT: {"script":"<script> [776 bytes]","args":[{"enterText":"Heavy Equi","selector":{"id":"application-manageresources-display-component---newResourceUnit--PLANNING_GROUP","interaction":{"idSuffix":"inner"}},"clearTextFirst":true,"interactionType":"ENTER_TEXT"}]}
COMMAND: POST /session/36177e4d45fb5698ad30062df7661002/execute/async - {"script":"<script> [1562 bytes]","args":[{"selector":{"id":"application-manageresources-display-component---newResourceUnit--ITEM_TYPE-arrow"},"wdio_ui5_key":"applicationmanageresources-display-component---newResourceUnit--ITEM_TYPE-arrow"}]}
RESULT: {"script":"<script> [1562 bytes]","args":[{"selector":{"id":"application-manageresources-display-component---newResourceUnit--ITEM_TYPE-arrow"},"wdio_ui5_key":"applicationmanageresources-display-component---newResourceUnit--ITEM_TYPE-arrow"}]}
RESULT: undefined
COMMAND: POST /session/36177e4d45fb5698ad30062df7661002/element - {"using":"xpath","value":"//*[@id=\"application-manageresources-display-component---newResourceUnit--ITEM_TYPE-arrow\"]"}
RESULT: {"using":"xpath","value":"//*[@id=\"application-manageresources-display-component---newResourceUnit--ITEM_TYPE-arrow\"]"}
COMMAND: POST /session/36177e4d45fb5698ad30062df7661002/element/f.165F0B9F83AB8D5533DBC2556707DBA6.d.6464C32B6371E34F994492AB925C6C1D.e.15180/click - {}
RESULT: {}
COMMAND: POST /session/36177e4d45fb5698ad30062df7661002/element - {"using":"xpath","value":"(//span[contains(text(), \"Resource Unit\")])[2]"}
COMMAND: GET /session/36177e4d45fb5698ad30062df7661002/screenshot - {}
RESULT: {"using":"xpath","value":"(//span[contains(text(), \"Resource Unit\")])[2]"}
COMMAND: POST /session/36177e4d45fb5698ad30062df7661002/element/f.165F0B9F83AB8D5533DBC2556707DBA6.d.6464C32B6371E34F994492AB925C6C1D.e.15181/click - {}
RESULT: {}
RESULT: {}
COMMAND: GET /session/36177e4d45fb5698ad30062df7661002/screenshot - {}
RESULT: {}
COMMAND: POST /session/36177e4d45fb5698ad30062df7661002/element - {"using":"css selector","value":"#application-manageresources-display-component---newResourceUnit--btnAddTimeSegment"}
RESULT: {"using":"css selector","value":"#application-manageresources-display-component---newResourceUnit--btnAddTimeSegment"}
COMMAND: GET /session/36177e4d45fb5698ad30062df7661002/element/f.165F0B9F83AB8D5533DBC2556707DBA6.d.6464C32B6371E34F994492AB925C6C1D.e.15182/rect - {}
RESULT: {}
COMMAND: GET /session/36177e4d45fb5698ad30062df7661002/window/rect - {}
RESULT: {}
COMMAND: POST /session/36177e4d45fb5698ad30062df7661002/execute/sync - {"script":"<script> [92 bytes]","args":[]}
RESULT: {"script":"<script> [92 bytes]","args":[]}
COMMAND: POST /session/36177e4d45fb5698ad30062df7661002/actions - {"actions":[{"id":"action52","type":"wheel","parameters":{},"actions":[{"type":"scroll","x":-1888,"y":-32,"deltaX":0,"deltaY":0,"duration":0,"origin":{"element-6066-11e4-a52e-4f735466cecf":"f.165F0B9F83AB8D5533DBC2556707DBA6.d.6464C32B6371E34F994492AB925C6C1D.e.15182"}}]}]}
COMMAND: GET /session/36177e4d45fb5698ad30062df7661002/screenshot - {}
RESULT: {}
COMMAND: POST /session/36177e4d45fb5698ad30062df7661002/execute/sync - {"script":"<script> [79 bytes]","args":[{"element-6066-11e4-a52e-4f735466cecf":"f.165F0B9F83AB8D5533DBC2556707DBA6.d.6464C32B6371E34F994492AB925C6C1D.e.15182","ELEMENT":"f.165F0B9F83AB8D5533DBC2556707DBA6.d.6464C32B6371E34F994492AB925C6C1D.e.15182"},{"block":"start","inline":"nearest"}]}
RESULT: {"script":"<script> [79 bytes]","args":[{"element-6066-11e4-a52e-4f735466cecf":"f.165F0B9F83AB8D5533DBC2556707DBA6.d.6464C32B6371E34F994492AB925C6C1D.e.15182","ELEMENT":"f.165F0B9F83AB8D5533DBC2556707DBA6.d.6464C32B6371E34F994492AB925C6C1D.e.15182"},{"block":"start","inline":"nearest"}]}
COMMAND: POST /session/36177e4d45fb5698ad30062df7661002/execute/async - {"script":"<script> [1562 bytes]","args":[{"selector":{"id":"application-manageresources-display-component---newResourceUnit--btnAddTimeSegment","interaction":{"idSuffix":"inner"}},"wdio_ui5_key":"applicationmanageresources-display-component---newResourceUnit--btnAddTimeSegment"}]}
COMMAND: GET /session/36177e4d45fb5698ad30062df7661002/screenshot - {}
RESULT: {"script":"<script> [1562 bytes]","args":[{"selector":{"id":"application-manageresources-display-component---newResourceUnit--btnAddTimeSegment","interaction":{"idSuffix":"inner"}},"wdio_ui5_key":"applicationmanageresources-display-component---newResourceUnit--btnAddTimeSegment"}]}
RESULT: undefined
COMMAND: POST /session/36177e4d45fb5698ad30062df7661002/element - {"using":"xpath","value":"//*[@id=\"application-manageresources-display-component---newResourceUnit--btnAddTimeSegment\"]"}
RESULT: {}
RESULT: {"using":"xpath","value":"//*[@id=\"application-manageresources-display-component---newResourceUnit--btnAddTimeSegment\"]"}
COMMAND: POST /session/36177e4d45fb5698ad30062df7661002/element/f.165F0B9F83AB8D5533DBC2556707DBA6.d.6464C32B6371E34F994492AB925C6C1D.e.15182/click - {}
RESULT: {}
COMMAND: GET /session/36177e4d45fb5698ad30062df7661002/screenshot - {}
RESULT: {}
COMMAND: POST /session/36177e4d45fb5698ad30062df7661002/element - {"using":"xpath","value":"//input[@id=\"application-manageresources-display-component---newResourceUnit--idRuTSAdmin-application-manageresources-display-component---newResourceUnit--RUTimeSegment-0-inner\"]"}
RESULT: {"using":"xpath","value":"//input[@id=\"application-manageresources-display-component---newResourceUnit--idRuTSAdmin-application-manageresources-display-component---newResourceUnit--RUTimeSegment-0-inner\"]"}
COMMAND: POST /session/36177e4d45fb5698ad30062df7661002/element/f.165F0B9F83AB8D5533DBC2556707DBA6.d.6464C32B6371E34F994492AB925C6C1D.e.15188/clear - {}
RESULT: {}
COMMAND: POST /session/36177e4d45fb5698ad30062df7661002/element/f.165F0B9F83AB8D5533DBC2556707DBA6.d.6464C32B6371E34F994492AB925C6C1D.e.15188/value - {"text":"435"}
COMMAND: GET /session/36177e4d45fb5698ad30062df7661002/screenshot - {}
RESULT: {"text":"435"}
COMMAND: GET /session/36177e4d45fb5698ad30062df7661002/screenshot - {}
RESULT: {}
RESULT: {}
COMMAND: POST /session/36177e4d45fb5698ad30062df7661002/element - {"using":"xpath","value":"//li[.//span[text()='435']]"}
RESULT: {"using":"xpath","value":"//li[.//span[text()='435']]"}
COMMAND: POST /session/36177e4d45fb5698ad30062df7661002/element/f.165F0B9F83AB8D5533DBC2556707DBA6.d.6464C32B6371E34F994492AB925C6C1D.e.15200/click - {}
RESULT: {}
COMMAND: GET /session/36177e4d45fb5698ad30062df7661002/screenshot - {}
RESULT: {}
COMMAND: POST /session/36177e4d45fb5698ad30062df7661002/element - {"using":"xpath","value":"(//span[contains(@id, \"-application-manageresources-display-component---newResourceUnit--RUTimeSegment-0-arrow\")])[6]"}
RESULT: {"using":"xpath","value":"(//span[contains(@id, \"-application-manageresources-display-component---newResourceUnit--RUTimeSegment-0-arrow\")])[6]"}
COMMAND: POST /session/36177e4d45fb5698ad30062df7661002/element/f.165F0B9F83AB8D5533DBC2556707DBA6.d.6464C32B6371E34F994492AB925C6C1D.e.15201/click - {}
RESULT: {}
COMMAND: GET /session/36177e4d45fb5698ad30062df7661002/screenshot - {}
RESULT: {}
COMMAND: POST /session/36177e4d45fb5698ad30062df7661002/element - {"using":"xpath","value":"//span[contains(text(), \"PM Order\")]"}
RESULT: {"using":"xpath","value":"//span[contains(text(), \"PM Order\")]"}
COMMAND: POST /session/36177e4d45fb5698ad30062df7661002/element/f.165F0B9F83AB8D5533DBC2556707DBA6.d.6464C32B6371E34F994492AB925C6C1D.e.15204/click - {}
RESULT: {}
COMMAND: GET /session/36177e4d45fb5698ad30062df7661002/screenshot - {}
RESULT: {}
COMMAND: POST /session/36177e4d45fb5698ad30062df7661002/element - {"using":"xpath","value":"(//span[contains(@id ,\"manageresources-display-component---newResourceUnit--RUTimeSegment-0-vhi\")])[1]"}
RESULT: {"using":"xpath","value":"(//span[contains(@id ,\"manageresources-display-component---newResourceUnit--RUTimeSegment-0-vhi\")])[1]"}
COMMAND: GET /session/36177e4d45fb5698ad30062df7661002/element/f.165F0B9F83AB8D5533DBC2556707DBA6.d.6464C32B6371E34F994492AB925C6C1D.e.15208/rect - {}
RESULT: {}
COMMAND: GET /session/36177e4d45fb5698ad30062df7661002/window/rect - {}
RESULT: {}
COMMAND: POST /session/36177e4d45fb5698ad30062df7661002/execute/sync - {"script":"<script> [92 bytes]","args":[]}
RESULT: {"script":"<script> [92 bytes]","args":[]}
COMMAND: POST /session/36177e4d45fb5698ad30062df7661002/actions - {"actions":[{"id":"action53","type":"wheel","parameters":{},"actions":[{"type":"scroll","x":-869,"y":-24,"deltaX":0,"deltaY":0,"duration":0,"origin":{"element-6066-11e4-a52e-4f735466cecf":"f.165F0B9F83AB8D5533DBC2556707DBA6.d.6464C32B6371E34F994492AB925C6C1D.e.15208"}}]}]}
COMMAND: GET /session/36177e4d45fb5698ad30062df7661002/screenshot - {}
RESULT: {"actions":[{"id":"action53","type":"wheel","parameters":{},"actions":[{"type":"scroll","x":-869,"y":-24,"deltaX":0,"deltaY":0,"duration":0,"origin":{"element-6066-11e4-a52e-4f735466cecf":"f.165F0B9F83AB8D5533DBC2556707DBA6.d.6464C32B6371E34F994492AB925C6C1D.e.15208"}}]}]}
COMMAND: DELETE /session/36177e4d45fb5698ad30062df7661002/actions - {}
COMMAND: GET /session/36177e4d45fb5698ad30062df7661002/screenshot - {}
RESULT: {}
RESULT: {}
COMMAND: GET /session/36177e4d45fb5698ad30062df7661002/screenshot - {}
RESULT: {}
RESULT: {}
COMMAND: POST /session/36177e4d45fb5698ad30062df7661002/element/f.165F0B9F83AB8D5533DBC2556707DBA6.d.6464C32B6371E34F994492AB925C6C1D.e.15208/click - {}
RESULT: {}
COMMAND: GET /session/36177e4d45fb5698ad30062df7661002/screenshot - {}
RESULT: {}
COMMAND: POST /session/36177e4d45fb5698ad30062df7661002/execute/async - {"script":"<script> [1562 bytes]","args":[{"selector":{"controlType":"sap.m.SearchField","properties":{"placeholder":"Search"},"searchOpenDialogs":true,"interaction":{"idSuffix":"I"}},"wdio_ui5_key":"sapm.SearchField{\"placeholder\":\"Search\"}"}]}
RESULT: {"script":"<script> [1562 bytes]","args":[{"selector":{"controlType":"sap.m.SearchField","properties":{"placeholder":"Search"},"searchOpenDialogs":true,"interaction":{"idSuffix":"I"}},"wdio_ui5_key":"sapm.SearchField{\"placeholder\":\"Search\"}"}]}
RESULT: undefined
COMMAND: POST /session/36177e4d45fb5698ad30062df7661002/execute/async - {"script":"<script> [776 bytes]","args":[{"enterText":"4000360","selector":{"controlType":"sap.m.SearchField","properties":{"placeholder":"Search"},"searchOpenDialogs":true,"interaction":{"idSuffix":"I"}},"clearTextFirst":true,"interactionType":"ENTER_TEXT"}]}
RESULT: {"script":"<script> [776 bytes]","args":[{"enterText":"4000360","selector":{"controlType":"sap.m.SearchField","properties":{"placeholder":"Search"},"searchOpenDialogs":true,"interaction":{"idSuffix":"I"}},"clearTextFirst":true,"interactionType":"ENTER_TEXT"}]}
COMMAND: POST /session/36177e4d45fb5698ad30062df7661002/actions - {"actions":[{"id":"action54","type":"key","parameters":{},"actions":[{"type":"keyDown","value":"î€‡"},{"type":"pause","duration":10},{"type":"keyUp","value":"î€‡"}]}]}
RESULT: {"actions":[{"id":"action54","type":"key","parameters":{},"actions":[{"type":"keyDown","value":"î€‡"},{"type":"pause","duration":10},{"type":"keyUp","value":"î€‡"}]}]}
COMMAND: GET /session/36177e4d45fb5698ad30062df7661002/screenshot - {}
RESULT: {}
COMMAND: POST /session/36177e4d45fb5698ad30062df7661002/element - {"using":"xpath","value":"//td/div/span[contains(text(), \"BGL Vehicles\")]"}
RESULT: {"using":"xpath","value":"//td/div/span[contains(text(), \"BGL Vehicles\")]"}
COMMAND: POST /session/36177e4d45fb5698ad30062df7661002/element/f.165F0B9F83AB8D5533DBC2556707DBA6.d.6464C32B6371E34F994492AB925C6C1D.e.15230/click - {}
RESULT: {}
COMMAND: GET /session/36177e4d45fb5698ad30062df7661002/screenshot - {}
RESULT: {}
COMMAND: POST /session/36177e4d45fb5698ad30062df7661002/element - {"using":"xpath","value":"//bdi[contains(text(), \"OK\")]"}
RESULT: {"using":"xpath","value":"//bdi[contains(text(), \"OK\")]"}
COMMAND: POST /session/36177e4d45fb5698ad30062df7661002/element/f.165F0B9F83AB8D5533DBC2556707DBA6.d.6464C32B6371E34F994492AB925C6C1D.e.15231/click - {}
RESULT: {}
COMMAND: GET /session/36177e4d45fb5698ad30062df7661002/screenshot - {}
RESULT: {}
COMMAND: POST /session/36177e4d45fb5698ad30062df7661002/execute/async - {"script":"<script> [1562 bytes]","args":[{"selector":{"id":"application-manageresources-display-component---newResourceUnit--newRRUPage-anchBar-application-manageresources-display-component---newResourceUnit--resource-anchor","interaction":{"idSuffix":"BDI-content"}},"wdio_ui5_key":"applicationmanageresources-display-component---newResourceUnit--newRRUPage-anchBar-application-manageresources-display-component---newResourceUnit--resource-anchor"}]}
RESULT: {"script":"<script> [1562 bytes]","args":[{"selector":{"id":"application-manageresources-display-component---newResourceUnit--newRRUPage-anchBar-application-manageresources-display-component---newResourceUnit--resource-anchor","interaction":{"idSuffix":"BDI-content"}},"wdio_ui5_key":"applicationmanageresources-display-component---newResourceUnit--newRRUPage-anchBar-application-manageresources-display-component---newResourceUnit--resource-anchor"}]}
RESULT: undefined
COMMAND: POST /session/36177e4d45fb5698ad30062df7661002/element - {"using":"xpath","value":"//*[@id=\"application-manageresources-display-component---newResourceUnit--newRRUPage-anchBar-application-manageresources-display-component---newResourceUnit--resource-anchor\"]"}
RESULT: {"using":"xpath","value":"//*[@id=\"application-manageresources-display-component---newResourceUnit--newRRUPage-anchBar-application-manageresources-display-component---newResourceUnit--resource-anchor\"]"}
COMMAND: POST /session/36177e4d45fb5698ad30062df7661002/element/f.165F0B9F83AB8D5533DBC2556707DBA6.d.6464C32B6371E34F994492AB925C6C1D.e.15235/click - {}
RESULT: {}
COMMAND: POST /session/36177e4d45fb5698ad30062df7661002/execute/async - {"script":"<script> [1562 bytes]","args":[{"selector":{"id":"application-manageresources-display-component---newResourceUnit--PLANNED_DELIVERY_DATE","interaction":{"idSuffix":"inner"}},"wdio_ui5_key":"applicationmanageresources-display-component---newResourceUnit--PLANNED_DELIVERY_DATE"}]}
COMMAND: GET /session/36177e4d45fb5698ad30062df7661002/screenshot - {}
RESULT: {"script":"<script> [1562 bytes]","args":[{"selector":{"id":"application-manageresources-display-component---newResourceUnit--PLANNED_DELIVERY_DATE","interaction":{"idSuffix":"inner"}},"wdio_ui5_key":"applicationmanageresources-display-component---newResourceUnit--PLANNED_DELIVERY_DATE"}]}
RESULT: undefined
COMMAND: POST /session/36177e4d45fb5698ad30062df7661002/execute/async - {"script":"<script> [6424 bytes]","args":[{"element-6066-11e4-a52e-4f735466cecf":"f.165F0B9F83AB8D5533DBC2556707DBA6.d.6464C32B6371E34F994492AB925C6C1D.e.15096"},"setValue",["5/16/25"]]}
RESULT: {}
RESULT: {"script":"<script> [6424 bytes]","args":[{"element-6066-11e4-a52e-4f735466cecf":"f.165F0B9F83AB8D5533DBC2556707DBA6.d.6464C32B6371E34F994492AB925C6C1D.e.15096"},"setValue",["5/16/25"]]}
COMMAND: POST /session/36177e4d45fb5698ad30062df7661002/element - {"using":"xpath","value":"//label[contains(@class, 'sapMLabelRequired') and .//bdi[contains(text(), 'Planned Retirement')]]"}
RESULT: {"using":"xpath","value":"//label[contains(@class, 'sapMLabelRequired') and .//bdi[contains(text(), 'Planned Retirement')]]"}
COMMAND: POST /session/36177e4d45fb5698ad30062df7661002/elements - {"using":"xpath","value":"//label[contains(@class, 'sapMLabelRequired') and .//bdi[contains(text(), 'Planned Retirement')]]"}
RESULT: {"using":"xpath","value":"//label[contains(@class, 'sapMLabelRequired') and .//bdi[contains(text(), 'Planned Retirement')]]"}
COMMAND: POST /session/36177e4d45fb5698ad30062df7661002/element - {"using":"xpath","value":"//button[@data-kt=\"resourceUnitSaveButton\"]"}
RESULT: {"using":"xpath","value":"//button[@data-kt=\"resourceUnitSaveButton\"]"}
COMMAND: POST /session/36177e4d45fb5698ad30062df7661002/element/f.165F0B9F83AB8D5533DBC2556707DBA6.d.6464C32B6371E34F994492AB925C6C1D.e.15056/click - {}
RESULT: {}
COMMAND: GET /session/36177e4d45fb5698ad30062df7661002/screenshot - {}
RESULT: {}
COMMAND: POST /session/36177e4d45fb5698ad30062df7661002/element - {"using":"xpath","value":"//bdi[contains(text(), \"Close\")]"}
RESULT: {"using":"xpath","value":"//bdi[contains(text(), \"Close\")]"}
COMMAND: POST /session/36177e4d45fb5698ad30062df7661002/element/f.165F0B9F83AB8D5533DBC2556707DBA6.d.6464C32B6371E34F994492AB925C6C1D.e.15243/click - {}
RESULT: {}
COMMAND: GET /session/36177e4d45fb5698ad30062df7661002/screenshot - {}
RESULT: {}
COMMAND: POST /session/36177e4d45fb5698ad30062df7661002/element - {"using":"xpath","value":"(//button[contains(@id ,\"actionsToolbar-overflowButton\")])[1]"}
RESULT: {"using":"xpath","value":"(//button[contains(@id ,\"actionsToolbar-overflowButton\")])[1]"}
COMMAND: POST /session/36177e4d45fb5698ad30062df7661002/element/f.165F0B9F83AB8D5533DBC2556707DBA6.d.6464C32B6371E34F994492AB925C6C1D.e.15273/click - {}
RESULT: {}
COMMAND: GET /session/36177e4d45fb5698ad30062df7661002/screenshot - {}
RESULT: {}
COMMAND: POST /session/36177e4d45fb5698ad30062df7661002/element - {"using":"xpath","value":"//button[@data-kt=\"priceInfoButton\"]"}
RESULT: {"using":"xpath","value":"//button[@data-kt=\"priceInfoButton\"]"}
COMMAND: POST /session/36177e4d45fb5698ad30062df7661002/element/f.165F0B9F83AB8D5533DBC2556707DBA6.d.6464C32B6371E34F994492AB925C6C1D.e.15275/click - {}
RESULT: {}
COMMAND: GET /session/36177e4d45fb5698ad30062df7661002/screenshot - {}
]]></system-out>
    </testcase>
    <testcase classname="chrome.136_0_7103_93.windows.Performance_based_billing_(work_days)_US139742" name="Should create a pricing rule perf based on the equipment" time="53.7">
      <system-out><![CDATA[
COMMAND: POST /session/36177e4d45fb5698ad30062df7661002/element - {"using":"xpath","value":"//button[@data-kt=\"addButton\"]"}
RESULT: {}
RESULT: {"using":"xpath","value":"//button[@data-kt=\"addButton\"]"}
COMMAND: POST /session/36177e4d45fb5698ad30062df7661002/elements - {"using":"xpath","value":"//button[@data-kt=\"addButton\"]"}
RESULT: {"using":"xpath","value":"//button[@data-kt=\"addButton\"]"}
COMMAND: POST /session/36177e4d45fb5698ad30062df7661002/execute/sync - {"script":"<script> [8489 bytes]","args":[{"element-6066-11e4-a52e-4f735466cecf":"f.165F0B9F83AB8D5533DBC2556707DBA6.d.6464C32B6371E34F994492AB925C6C1D.e.15311","ELEMENT":"f.165F0B9F83AB8D5533DBC2556707DBA6.d.6464C32B6371E34F994492AB925C6C1D.e.15311"}]}
RESULT: {"script":"<script> [8489 bytes]","args":[{"element-6066-11e4-a52e-4f735466cecf":"f.165F0B9F83AB8D5533DBC2556707DBA6.d.6464C32B6371E34F994492AB925C6C1D.e.15311","ELEMENT":"f.165F0B9F83AB8D5533DBC2556707DBA6.d.6464C32B6371E34F994492AB925C6C1D.e.15311"}]}
COMMAND: GET /session/36177e4d45fb5698ad30062df7661002/element/f.165F0B9F83AB8D5533DBC2556707DBA6.d.6464C32B6371E34F994492AB925C6C1D.e.15311/enabled - {}
COMMAND: GET /session/36177e4d45fb5698ad30062df7661002/screenshot - {}
RESULT: {}
COMMAND: POST /session/36177e4d45fb5698ad30062df7661002/execute/sync - {"script":"<script> [8489 bytes]","args":[{"element-6066-11e4-a52e-4f735466cecf":"f.165F0B9F83AB8D5533DBC2556707DBA6.d.6464C32B6371E34F994492AB925C6C1D.e.15311","ELEMENT":"f.165F0B9F83AB8D5533DBC2556707DBA6.d.6464C32B6371E34F994492AB925C6C1D.e.15311"}]}
COMMAND: GET /session/36177e4d45fb5698ad30062df7661002/screenshot - {}
RESULT: {}
RESULT: {"script":"<script> [8489 bytes]","args":[{"element-6066-11e4-a52e-4f735466cecf":"f.165F0B9F83AB8D5533DBC2556707DBA6.d.6464C32B6371E34F994492AB925C6C1D.e.15311","ELEMENT":"f.165F0B9F83AB8D5533DBC2556707DBA6.d.6464C32B6371E34F994492AB925C6C1D.e.15311"}]}
COMMAND: POST /session/36177e4d45fb5698ad30062df7661002/execute/sync - {"script":"<script> [5351 bytes]","args":[{"element-6066-11e4-a52e-4f735466cecf":"f.165F0B9F83AB8D5533DBC2556707DBA6.d.6464C32B6371E34F994492AB925C6C1D.e.15311","ELEMENT":"f.165F0B9F83AB8D5533DBC2556707DBA6.d.6464C32B6371E34F994492AB925C6C1D.e.15311"}]}
COMMAND: GET /session/36177e4d45fb5698ad30062df7661002/screenshot - {}
RESULT: {}
RESULT: {"script":"<script> [5351 bytes]","args":[{"element-6066-11e4-a52e-4f735466cecf":"f.165F0B9F83AB8D5533DBC2556707DBA6.d.6464C32B6371E34F994492AB925C6C1D.e.15311","ELEMENT":"f.165F0B9F83AB8D5533DBC2556707DBA6.d.6464C32B6371E34F994492AB925C6C1D.e.15311"}]}
COMMAND: POST /session/36177e4d45fb5698ad30062df7661002/element/f.165F0B9F83AB8D5533DBC2556707DBA6.d.6464C32B6371E34F994492AB925C6C1D.e.15311/click - {}
COMMAND: GET /session/36177e4d45fb5698ad30062df7661002/screenshot - {}
RESULT: {}
RESULT: {}
COMMAND: GET /session/36177e4d45fb5698ad30062df7661002/screenshot - {}
RESULT: {}
RESULT: {}
COMMAND: POST /session/36177e4d45fb5698ad30062df7661002/execute/async - {"script":"<script> [1562 bytes]","args":[{"selector":{"controlType":"sap.m.Title","viewName":"etm.portal.ui.managepricingrules.view.NewItem","viewId":"application-managepricingrules-display-component---newInfoPriceItem","properties":{"text":"New Pricing Rules - Item Level"}},"wdio_ui5_key":"etmportal.ui.managepricingrules.view.NewItemsap.m.Title{\"text\":\"New Pricing Rules - Item Level\"}"}]}
RESULT: {"script":"<script> [1562 bytes]","args":[{"selector":{"controlType":"sap.m.Title","viewName":"etm.portal.ui.managepricingrules.view.NewItem","viewId":"application-managepricingrules-display-component---newInfoPriceItem","properties":{"text":"New Pricing Rules - Item Level"}},"wdio_ui5_key":"etmportal.ui.managepricingrules.view.NewItemsap.m.Title{\"text\":\"New Pricing Rules - Item Level\"}"}]}
RESULT: undefined
COMMAND: POST /session/36177e4d45fb5698ad30062df7661002/execute/async - {"script":"<script> [6424 bytes]","args":[{"element-6066-11e4-a52e-4f735466cecf":"f.165F0B9F83AB8D5533DBC2556707DBA6.d.6464C32B6371E34F994492AB925C6C1D.e.15483"},"getText",[]]}
RESULT: {"script":"<script> [6424 bytes]","args":[{"element-6066-11e4-a52e-4f735466cecf":"f.165F0B9F83AB8D5533DBC2556707DBA6.d.6464C32B6371E34F994492AB925C6C1D.e.15483"},"getText",[]]}
COMMAND: POST /session/36177e4d45fb5698ad30062df7661002/execute/async - {"script":"<script> [1562 bytes]","args":[{"selector":{"id":"application-managepricingrules-display-component---newInfoPriceItem--condValidTo","interaction":{"idSuffix":"inner"}},"wdio_ui5_key":"applicationmanagepricingrules-display-component---newInfoPriceItem--condValidTo"}]}
RESULT: {"script":"<script> [1562 bytes]","args":[{"selector":{"id":"application-managepricingrules-display-component---newInfoPriceItem--condValidTo","interaction":{"idSuffix":"inner"}},"wdio_ui5_key":"applicationmanagepricingrules-display-component---newInfoPriceItem--condValidTo"}]}
RESULT: undefined
COMMAND: POST /session/36177e4d45fb5698ad30062df7661002/execute/async - {"script":"<script> [776 bytes]","args":[{"enterText":"1/16/26","selector":{"id":"application-managepricingrules-display-component---newInfoPriceItem--condValidTo","interaction":{"idSuffix":"inner"}},"clearTextFirst":true,"interactionType":"ENTER_TEXT"}]}
RESULT: {"script":"<script> [776 bytes]","args":[{"enterText":"1/16/26","selector":{"id":"application-managepricingrules-display-component---newInfoPriceItem--condValidTo","interaction":{"idSuffix":"inner"}},"clearTextFirst":true,"interactionType":"ENTER_TEXT"}]}
COMMAND: POST /session/36177e4d45fb5698ad30062df7661002/execute/async - {"script":"<script> [1562 bytes]","args":[{"selector":{"id":"application-managepricingrules-display-component---newInfoPriceItem--billType-arrow"},"wdio_ui5_key":"applicationmanagepricingrules-display-component---newInfoPriceItem--billType-arrow"}]}
RESULT: {"script":"<script> [1562 bytes]","args":[{"selector":{"id":"application-managepricingrules-display-component---newInfoPriceItem--billType-arrow"},"wdio_ui5_key":"applicationmanagepricingrules-display-component---newInfoPriceItem--billType-arrow"}]}
RESULT: undefined
COMMAND: POST /session/36177e4d45fb5698ad30062df7661002/element - {"using":"xpath","value":"//*[@id=\"application-managepricingrules-display-component---newInfoPriceItem--billType-arrow\"]"}
RESULT: {"using":"xpath","value":"//*[@id=\"application-managepricingrules-display-component---newInfoPriceItem--billType-arrow\"]"}
COMMAND: POST /session/36177e4d45fb5698ad30062df7661002/element/f.165F0B9F83AB8D5533DBC2556707DBA6.d.6464C32B6371E34F994492AB925C6C1D.e.15441/click - {}
RESULT: {}
COMMAND: POST /session/36177e4d45fb5698ad30062df7661002/element - {"using":"xpath","value":"//span[contains(text(), \"PB - Performance based\")]"}
COMMAND: GET /session/36177e4d45fb5698ad30062df7661002/screenshot - {}
RESULT: {"using":"xpath","value":"//span[contains(text(), \"PB - Performance based\")]"}
COMMAND: POST /session/36177e4d45fb5698ad30062df7661002/element/f.165F0B9F83AB8D5533DBC2556707DBA6.d.6464C32B6371E34F994492AB925C6C1D.e.15485/click - {}
RESULT: {}
RESULT: {}
COMMAND: POST /session/36177e4d45fb5698ad30062df7661002/execute/async - {"script":"<script> [1562 bytes]","args":[{"selector":{"id":"application-managepricingrules-display-component---newInfoPriceItem--priceProc-arrow"},"wdio_ui5_key":"applicationmanagepricingrules-display-component---newInfoPriceItem--priceProc-arrow"}]}
COMMAND: GET /session/36177e4d45fb5698ad30062df7661002/screenshot - {}
RESULT: {"script":"<script> [1562 bytes]","args":[{"selector":{"id":"application-managepricingrules-display-component---newInfoPriceItem--priceProc-arrow"},"wdio_ui5_key":"applicationmanagepricingrules-display-component---newInfoPriceItem--priceProc-arrow"}]}
RESULT: undefined
COMMAND: POST /session/36177e4d45fb5698ad30062df7661002/element - {"using":"xpath","value":"//*[@id=\"application-managepricingrules-display-component---newInfoPriceItem--priceProc-arrow\"]"}
RESULT: {}
RESULT: {"using":"xpath","value":"//*[@id=\"application-managepricingrules-display-component---newInfoPriceItem--priceProc-arrow\"]"}
COMMAND: POST /session/36177e4d45fb5698ad30062df7661002/element/f.165F0B9F83AB8D5533DBC2556707DBA6.d.6464C32B6371E34F994492AB925C6C1D.e.15448/click - {}
RESULT: {}
COMMAND: POST /session/36177e4d45fb5698ad30062df7661002/element - {"using":"xpath","value":"//span[contains(text(), \"PRF - Performance based\")]"}
COMMAND: GET /session/36177e4d45fb5698ad30062df7661002/screenshot - {}
RESULT: {"using":"xpath","value":"//span[contains(text(), \"PRF - Performance based\")]"}
COMMAND: POST /session/36177e4d45fb5698ad30062df7661002/element/f.165F0B9F83AB8D5533DBC2556707DBA6.d.6464C32B6371E34F994492AB925C6C1D.e.15486/click - {}
RESULT: {}
RESULT: {}
COMMAND: POST /session/36177e4d45fb5698ad30062df7661002/execute/async - {"script":"<script> [1562 bytes]","args":[{"selector":{"id":"application-managepricingrules-display-component---newInfoPriceItem--calcBase-arrow"},"wdio_ui5_key":"applicationmanagepricingrules-display-component---newInfoPriceItem--calcBase-arrow"}]}
COMMAND: GET /session/36177e4d45fb5698ad30062df7661002/screenshot - {}
RESULT: {"script":"<script> [1562 bytes]","args":[{"selector":{"id":"application-managepricingrules-display-component---newInfoPriceItem--calcBase-arrow"},"wdio_ui5_key":"applicationmanagepricingrules-display-component---newInfoPriceItem--calcBase-arrow"}]}
RESULT: undefined
COMMAND: POST /session/36177e4d45fb5698ad30062df7661002/element - {"using":"xpath","value":"//*[@id=\"application-managepricingrules-display-component---newInfoPriceItem--calcBase-arrow\"]"}
RESULT: {}
RESULT: {"using":"xpath","value":"//*[@id=\"application-managepricingrules-display-component---newInfoPriceItem--calcBase-arrow\"]"}
COMMAND: POST /session/36177e4d45fb5698ad30062df7661002/element/f.165F0B9F83AB8D5533DBC2556707DBA6.d.6464C32B6371E34F994492AB925C6C1D.e.15455/click - {}
RESULT: {}
COMMAND: GET /session/36177e4d45fb5698ad30062df7661002/screenshot - {}
RESULT: {}
COMMAND: POST /session/36177e4d45fb5698ad30062df7661002/element - {"using":"xpath","value":"//span[contains(text(), \"0007 - PB(work days)\")]"}
RESULT: {"using":"xpath","value":"//span[contains(text(), \"0007 - PB(work days)\")]"}
COMMAND: POST /session/36177e4d45fb5698ad30062df7661002/element/f.165F0B9F83AB8D5533DBC2556707DBA6.d.6464C32B6371E34F994492AB925C6C1D.e.15487/click - {}
RESULT: {}
COMMAND: GET /session/36177e4d45fb5698ad30062df7661002/screenshot - {}
RESULT: {}
COMMAND: POST /session/36177e4d45fb5698ad30062df7661002/execute/async - {"script":"<script> [1562 bytes]","args":[{"selector":{"id":"application-managepricingrules-display-component---newInfoPriceItem--hoursMonth","interaction":{"idSuffix":"inner"}},"wdio_ui5_key":"applicationmanagepricingrules-display-component---newInfoPriceItem--hoursMonth"}]}
RESULT: {"script":"<script> [1562 bytes]","args":[{"selector":{"id":"application-managepricingrules-display-component---newInfoPriceItem--hoursMonth","interaction":{"idSuffix":"inner"}},"wdio_ui5_key":"applicationmanagepricingrules-display-component---newInfoPriceItem--hoursMonth"}]}
RESULT: undefined
COMMAND: POST /session/36177e4d45fb5698ad30062df7661002/execute/async - {"script":"<script> [776 bytes]","args":[{"enterText":"160","selector":{"id":"application-managepricingrules-display-component---newInfoPriceItem--hoursMonth","interaction":{"idSuffix":"inner"}},"clearTextFirst":true,"interactionType":"ENTER_TEXT"}]}
RESULT: {"script":"<script> [776 bytes]","args":[{"enterText":"160","selector":{"id":"application-managepricingrules-display-component---newInfoPriceItem--hoursMonth","interaction":{"idSuffix":"inner"}},"clearTextFirst":true,"interactionType":"ENTER_TEXT"}]}
COMMAND: POST /session/36177e4d45fb5698ad30062df7661002/element - {"using":"xpath","value":"//button[@data-kt=\"saveNewRuleButton\"]"}
RESULT: {"using":"xpath","value":"//button[@data-kt=\"saveNewRuleButton\"]"}
COMMAND: POST /session/36177e4d45fb5698ad30062df7661002/element/f.165F0B9F83AB8D5533DBC2556707DBA6.d.6464C32B6371E34F994492AB925C6C1D.e.15475/click - {}
RESULT: {}
COMMAND: GET /session/36177e4d45fb5698ad30062df7661002/screenshot - {}
RESULT: {}
COMMAND: POST /session/36177e4d45fb5698ad30062df7661002/execute/async - {"script":"<script> [1562 bytes]","args":[{"selector":{"id":"application-managepricingrules-display-component---priceInfoItem--smartFilterBar-btnBasicSearch","interaction":{"idSuffix":"I"}},"wdio_ui5_key":"applicationmanagepricingrules-display-component---priceInfoItem--smartFilterBar-btnBasicSearch"}]}
RESULT: {"script":"<script> [1562 bytes]","args":[{"selector":{"id":"application-managepricingrules-display-component---priceInfoItem--smartFilterBar-btnBasicSearch","interaction":{"idSuffix":"I"}},"wdio_ui5_key":"applicationmanagepricingrules-display-component---priceInfoItem--smartFilterBar-btnBasicSearch"}]}
RESULT: undefined
COMMAND: POST /session/36177e4d45fb5698ad30062df7661002/execute/async - {"script":"<script> [776 bytes]","args":[{"enterText":"mtigTLRf1o","selector":{"id":"application-managepricingrules-display-component---priceInfoItem--smartFilterBar-btnBasicSearch","interaction":{"idSuffix":"I"}},"clearTextFirst":true,"interactionType":"ENTER_TEXT"}]}
RESULT: {"script":"<script> [776 bytes]","args":[{"enterText":"mtigTLRf1o","selector":{"id":"application-managepricingrules-display-component---priceInfoItem--smartFilterBar-btnBasicSearch","interaction":{"idSuffix":"I"}},"clearTextFirst":true,"interactionType":"ENTER_TEXT"}]}
COMMAND: POST /session/36177e4d45fb5698ad30062df7661002/actions - {"actions":[{"id":"action55","type":"key","parameters":{},"actions":[{"type":"keyDown","value":"î€‡"},{"type":"pause","duration":10},{"type":"keyUp","value":"î€‡"}]}]}
RESULT: {"actions":[{"id":"action55","type":"key","parameters":{},"actions":[{"type":"keyDown","value":"î€‡"},{"type":"pause","duration":10},{"type":"keyUp","value":"î€‡"}]}]}
COMMAND: GET /session/36177e4d45fb5698ad30062df7661002/screenshot - {}
RESULT: {}
COMMAND: POST /session/36177e4d45fb5698ad30062df7661002/element - {"using":"xpath","value":"//span[@id=\"application-managepricingrules-display-component---priceInfoItem--smartTable-header-inner\"]"}
RESULT: {"using":"xpath","value":"//span[@id=\"application-managepricingrules-display-component---priceInfoItem--smartTable-header-inner\"]"}
COMMAND: POST /session/36177e4d45fb5698ad30062df7661002/elements - {"using":"xpath","value":"//span[@id=\"application-managepricingrules-display-component---priceInfoItem--smartTable-header-inner\"]"}
RESULT: {"using":"xpath","value":"//span[@id=\"application-managepricingrules-display-component---priceInfoItem--smartTable-header-inner\"]"}
COMMAND: POST /session/36177e4d45fb5698ad30062df7661002/execute/sync - {"script":"<script> [56 bytes]","args":[{"element-6066-11e4-a52e-4f735466cecf":"f.165F0B9F83AB8D5533DBC2556707DBA6.d.6464C32B6371E34F994492AB925C6C1D.e.15511","ELEMENT":"f.165F0B9F83AB8D5533DBC2556707DBA6.d.6464C32B6371E34F994492AB925C6C1D.e.15511"}]}
RESULT: {"script":"<script> [56 bytes]","args":[{"element-6066-11e4-a52e-4f735466cecf":"f.165F0B9F83AB8D5533DBC2556707DBA6.d.6464C32B6371E34F994492AB925C6C1D.e.15511","ELEMENT":"f.165F0B9F83AB8D5533DBC2556707DBA6.d.6464C32B6371E34F994492AB925C6C1D.e.15511"}]}
COMMAND: POST /session/36177e4d45fb5698ad30062df7661002/element - {"using":"css selector","value":"#shell-header-logo"}
COMMAND: GET /session/36177e4d45fb5698ad30062df7661002/screenshot - {}
RESULT: {"using":"css selector","value":"#shell-header-logo"}
COMMAND: POST /session/36177e4d45fb5698ad30062df7661002/element/f.165F0B9F83AB8D5533DBC2556707DBA6.d.6464C32B6371E34F994492AB925C6C1D.e.14653/click - {}
RESULT: {}
RESULT: {}
COMMAND: GET /session/36177e4d45fb5698ad30062df7661002/screenshot - {}
RESULT: {}
]]></system-out>
    </testcase>
    <testcase classname="chrome.136_0_7103_93.windows.Performance_based_billing_(work_days)_US139742" name="Should create a performance based billing condition on the equipment" time="66.868">
      <system-out><![CDATA[
COMMAND: POST /session/36177e4d45fb5698ad30062df7661002/execute/async - {"script":"<script> [1562 bytes]","args":[{"selector":{"controlType":"sap.m.GenericTile","properties":{"header":"Manage Conditions & Prices"}},"wdio_ui5_key":"sapm.GenericTile{\"header\":\"Manage Conditions & Prices\"}"}]}
RESULT: {"script":"<script> [1562 bytes]","args":[{"selector":{"controlType":"sap.m.GenericTile","properties":{"header":"Manage Conditions & Prices"}},"wdio_ui5_key":"sapm.GenericTile{\"header\":\"Manage Conditions & Prices\"}"}]}
RESULT: undefined
COMMAND: POST /session/36177e4d45fb5698ad30062df7661002/element - {"using":"xpath","value":"//*[@id=\"__tile53\"]"}
RESULT: {"using":"xpath","value":"//*[@id=\"__tile53\"]"}
COMMAND: POST /session/36177e4d45fb5698ad30062df7661002/element/f.165F0B9F83AB8D5533DBC2556707DBA6.d.6464C32B6371E34F994492AB925C6C1D.e.14591/click - {}
RESULT: {}
COMMAND: GET /session/36177e4d45fb5698ad30062df7661002/screenshot - {}
RESULT: {}
COMMAND: POST /session/36177e4d45fb5698ad30062df7661002/elements - {"using":"xpath","value":"//span[text()='Error']"}
RESULT: {"using":"xpath","value":"//span[text()='Error']"}
COMMAND: POST /session/36177e4d45fb5698ad30062df7661002/element - {"using":"xpath","value":"//button[@aria-label=\"Create\"]"}
RESULT: {"using":"xpath","value":"//button[@aria-label=\"Create\"]"}
COMMAND: POST /session/36177e4d45fb5698ad30062df7661002/elements - {"using":"xpath","value":"//button[@aria-label=\"Create\"]"}
RESULT: {"using":"xpath","value":"//button[@aria-label=\"Create\"]"}
COMMAND: POST /session/36177e4d45fb5698ad30062df7661002/execute/sync - {"script":"<script> [8489 bytes]","args":[{"element-6066-11e4-a52e-4f735466cecf":"f.165F0B9F83AB8D5533DBC2556707DBA6.d.6464C32B6371E34F994492AB925C6C1D.e.15546","ELEMENT":"f.165F0B9F83AB8D5533DBC2556707DBA6.d.6464C32B6371E34F994492AB925C6C1D.e.15546"}]}
RESULT: {"script":"<script> [8489 bytes]","args":[{"element-6066-11e4-a52e-4f735466cecf":"f.165F0B9F83AB8D5533DBC2556707DBA6.d.6464C32B6371E34F994492AB925C6C1D.e.15546","ELEMENT":"f.165F0B9F83AB8D5533DBC2556707DBA6.d.6464C32B6371E34F994492AB925C6C1D.e.15546"}]}
COMMAND: GET /session/36177e4d45fb5698ad30062df7661002/element/f.165F0B9F83AB8D5533DBC2556707DBA6.d.6464C32B6371E34F994492AB925C6C1D.e.15546/enabled - {}
COMMAND: GET /session/36177e4d45fb5698ad30062df7661002/screenshot - {}
RESULT: {}
COMMAND: POST /session/36177e4d45fb5698ad30062df7661002/execute/sync - {"script":"<script> [8489 bytes]","args":[{"element-6066-11e4-a52e-4f735466cecf":"f.165F0B9F83AB8D5533DBC2556707DBA6.d.6464C32B6371E34F994492AB925C6C1D.e.15546","ELEMENT":"f.165F0B9F83AB8D5533DBC2556707DBA6.d.6464C32B6371E34F994492AB925C6C1D.e.15546"}]}
COMMAND: GET /session/36177e4d45fb5698ad30062df7661002/screenshot - {}
RESULT: {}
RESULT: {"script":"<script> [8489 bytes]","args":[{"element-6066-11e4-a52e-4f735466cecf":"f.165F0B9F83AB8D5533DBC2556707DBA6.d.6464C32B6371E34F994492AB925C6C1D.e.15546","ELEMENT":"f.165F0B9F83AB8D5533DBC2556707DBA6.d.6464C32B6371E34F994492AB925C6C1D.e.15546"}]}
COMMAND: POST /session/36177e4d45fb5698ad30062df7661002/execute/sync - {"script":"<script> [5351 bytes]","args":[{"element-6066-11e4-a52e-4f735466cecf":"f.165F0B9F83AB8D5533DBC2556707DBA6.d.6464C32B6371E34F994492AB925C6C1D.e.15546","ELEMENT":"f.165F0B9F83AB8D5533DBC2556707DBA6.d.6464C32B6371E34F994492AB925C6C1D.e.15546"}]}
COMMAND: GET /session/36177e4d45fb5698ad30062df7661002/screenshot - {}
RESULT: {}
RESULT: {"script":"<script> [5351 bytes]","args":[{"element-6066-11e4-a52e-4f735466cecf":"f.165F0B9F83AB8D5533DBC2556707DBA6.d.6464C32B6371E34F994492AB925C6C1D.e.15546","ELEMENT":"f.165F0B9F83AB8D5533DBC2556707DBA6.d.6464C32B6371E34F994492AB925C6C1D.e.15546"}]}
COMMAND: POST /session/36177e4d45fb5698ad30062df7661002/element/f.165F0B9F83AB8D5533DBC2556707DBA6.d.6464C32B6371E34F994492AB925C6C1D.e.15546/click - {}
COMMAND: GET /session/36177e4d45fb5698ad30062df7661002/screenshot - {}
RESULT: {}
RESULT: {}
COMMAND: GET /session/36177e4d45fb5698ad30062df7661002/screenshot - {}
RESULT: {}
RESULT: {}
COMMAND: POST /session/36177e4d45fb5698ad30062df7661002/actions - {"actions":[{"id":"action56","type":"key","parameters":{},"actions":[{"type":"keyDown","value":"î€‡"},{"type":"pause","duration":10},{"type":"keyUp","value":"î€‡"}]}]}
RESULT: {"actions":[{"id":"action56","type":"key","parameters":{},"actions":[{"type":"keyDown","value":"î€‡"},{"type":"pause","duration":10},{"type":"keyUp","value":"î€‡"}]}]}
COMMAND: GET /session/36177e4d45fb5698ad30062df7661002/screenshot - {}
RESULT: {}
COMMAND: POST /session/36177e4d45fb5698ad30062df7661002/execute/async - {"script":"<script> [1562 bytes]","args":[{"selector":{"id":"application-manageconditionprice-display-component---newCondition--condBillCond-arrow"},"wdio_ui5_key":"applicationmanageconditionprice-display-component---newCondition--condBillCond-arrow"}]}
RESULT: {"script":"<script> [1562 bytes]","args":[{"selector":{"id":"application-manageconditionprice-display-component---newCondition--condBillCond-arrow"},"wdio_ui5_key":"applicationmanageconditionprice-display-component---newCondition--condBillCond-arrow"}]}
RESULT: undefined
COMMAND: POST /session/36177e4d45fb5698ad30062df7661002/element - {"using":"xpath","value":"//*[@id=\"application-manageconditionprice-display-component---newCondition--condBillCond-arrow\"]"}
RESULT: {"using":"xpath","value":"//*[@id=\"application-manageconditionprice-display-component---newCondition--condBillCond-arrow\"]"}
COMMAND: POST /session/36177e4d45fb5698ad30062df7661002/element/f.165F0B9F83AB8D5533DBC2556707DBA6.d.6464C32B6371E34F994492AB925C6C1D.e.15726/click - {}
RESULT: {}
COMMAND: GET /session/36177e4d45fb5698ad30062df7661002/screenshot - {}
RESULT: {}
COMMAND: POST /session/36177e4d45fb5698ad30062df7661002/element - {"using":"xpath","value":"//li[.//span[contains(text(), \"PC06 - Performance Price - fuel\")]]"}
RESULT: {"using":"xpath","value":"//li[.//span[contains(text(), \"PC06 - Performance Price - fuel\")]]"}
COMMAND: POST /session/36177e4d45fb5698ad30062df7661002/element/f.165F0B9F83AB8D5533DBC2556707DBA6.d.6464C32B6371E34F994492AB925C6C1D.e.15729/click - {}
RESULT: {}
COMMAND: GET /session/36177e4d45fb5698ad30062df7661002/screenshot - {}
RESULT: {}
COMMAND: POST /session/36177e4d45fb5698ad30062df7661002/execute/async - {"script":"<script> [1562 bytes]","args":[{"selector":{"id":"application-manageconditionprice-display-component---newCondition--condValidTo","interaction":{"idSuffix":"inner"}},"wdio_ui5_key":"applicationmanageconditionprice-display-component---newCondition--condValidTo"}]}
RESULT: {"script":"<script> [1562 bytes]","args":[{"selector":{"id":"application-manageconditionprice-display-component---newCondition--condValidTo","interaction":{"idSuffix":"inner"}},"wdio_ui5_key":"applicationmanageconditionprice-display-component---newCondition--condValidTo"}]}
RESULT: undefined
COMMAND: POST /session/36177e4d45fb5698ad30062df7661002/execute/async - {"script":"<script> [776 bytes]","args":[{"enterText":"1/16/26","selector":{"id":"application-manageconditionprice-display-component---newCondition--condValidTo","interaction":{"idSuffix":"inner"}},"clearTextFirst":true,"interactionType":"ENTER_TEXT"}]}
RESULT: {"script":"<script> [776 bytes]","args":[{"enterText":"1/16/26","selector":{"id":"application-manageconditionprice-display-component---newCondition--condValidTo","interaction":{"idSuffix":"inner"}},"clearTextFirst":true,"interactionType":"ENTER_TEXT"}]}
COMMAND: POST /session/36177e4d45fb5698ad30062df7661002/element - {"using":"xpath","value":"//input[@id=\"application-manageconditionprice-display-component---newCondition--condRU-inner\"]"}
RESULT: {"using":"xpath","value":"//input[@id=\"application-manageconditionprice-display-component---newCondition--condRU-inner\"]"}
COMMAND: POST /session/36177e4d45fb5698ad30062df7661002/element/f.165F0B9F83AB8D5533DBC2556707DBA6.d.6464C32B6371E34F994492AB925C6C1D.e.15562/clear - {}
RESULT: {}
COMMAND: POST /session/36177e4d45fb5698ad30062df7661002/element/f.165F0B9F83AB8D5533DBC2556707DBA6.d.6464C32B6371E34F994492AB925C6C1D.e.15562/value - {"text":"mtigTLRf1o"}
COMMAND: GET /session/36177e4d45fb5698ad30062df7661002/screenshot - {}
RESULT: {"text":"mtigTLRf1o"}
COMMAND: GET /session/36177e4d45fb5698ad30062df7661002/screenshot - {}
RESULT: {}
RESULT: {}
COMMAND: POST /session/36177e4d45fb5698ad30062df7661002/actions - {"actions":[{"id":"action57","type":"key","parameters":{},"actions":[{"type":"keyDown","value":"î€‡"},{"type":"pause","duration":10},{"type":"keyUp","value":"î€‡"}]}]}
RESULT: {"actions":[{"id":"action57","type":"key","parameters":{},"actions":[{"type":"keyDown","value":"î€‡"},{"type":"pause","duration":10},{"type":"keyUp","value":"î€‡"}]}]}
COMMAND: POST /session/36177e4d45fb5698ad30062df7661002/execute/async - {"script":"<script> [1562 bytes]","args":[{"selector":{"id":"application-manageconditionprice-display-component---newCondition--condBaseQty","interaction":{"idSuffix":"inner"}},"wdio_ui5_key":"applicationmanageconditionprice-display-component---newCondition--condBaseQty"}]}
COMMAND: GET /session/36177e4d45fb5698ad30062df7661002/screenshot - {}
RESULT: {"script":"<script> [1562 bytes]","args":[{"selector":{"id":"application-manageconditionprice-display-component---newCondition--condBaseQty","interaction":{"idSuffix":"inner"}},"wdio_ui5_key":"applicationmanageconditionprice-display-component---newCondition--condBaseQty"}]}
RESULT: undefined
COMMAND: POST /session/36177e4d45fb5698ad30062df7661002/execute/async - {"script":"<script> [776 bytes]","args":[{"enterText":"1","selector":{"id":"application-manageconditionprice-display-component---newCondition--condBaseQty","interaction":{"idSuffix":"inner"}},"clearTextFirst":true,"interactionType":"ENTER_TEXT"}]}
RESULT: {}
RESULT: {"script":"<script> [776 bytes]","args":[{"enterText":"1","selector":{"id":"application-manageconditionprice-display-component---newCondition--condBaseQty","interaction":{"idSuffix":"inner"}},"clearTextFirst":true,"interactionType":"ENTER_TEXT"}]}
COMMAND: POST /session/36177e4d45fb5698ad30062df7661002/execute/async - {"script":"<script> [1562 bytes]","args":[{"selector":{"id":"application-manageconditionprice-display-component---newCondition--condValue","interaction":{"idSuffix":"inner"}},"wdio_ui5_key":"applicationmanageconditionprice-display-component---newCondition--condValue"}]}
RESULT: {"script":"<script> [1562 bytes]","args":[{"selector":{"id":"application-manageconditionprice-display-component---newCondition--condValue","interaction":{"idSuffix":"inner"}},"wdio_ui5_key":"applicationmanageconditionprice-display-component---newCondition--condValue"}]}
RESULT: undefined
COMMAND: POST /session/36177e4d45fb5698ad30062df7661002/execute/async - {"script":"<script> [776 bytes]","args":[{"enterText":"10","selector":{"id":"application-manageconditionprice-display-component---newCondition--condValue","interaction":{"idSuffix":"inner"}},"clearTextFirst":true,"interactionType":"ENTER_TEXT"}]}
RESULT: {"script":"<script> [776 bytes]","args":[{"enterText":"10","selector":{"id":"application-manageconditionprice-display-component---newCondition--condValue","interaction":{"idSuffix":"inner"}},"clearTextFirst":true,"interactionType":"ENTER_TEXT"}]}
COMMAND: POST /session/36177e4d45fb5698ad30062df7661002/execute/async - {"script":"<script> [1562 bytes]","args":[{"selector":{"id":"application-manageconditionprice-display-component---newCondition--condCurr-arrow"},"wdio_ui5_key":"applicationmanageconditionprice-display-component---newCondition--condCurr-arrow"}]}
RESULT: {"script":"<script> [1562 bytes]","args":[{"selector":{"id":"application-manageconditionprice-display-component---newCondition--condCurr-arrow"},"wdio_ui5_key":"applicationmanageconditionprice-display-component---newCondition--condCurr-arrow"}]}
RESULT: undefined
COMMAND: POST /session/36177e4d45fb5698ad30062df7661002/element - {"using":"xpath","value":"//*[@id=\"application-manageconditionprice-display-component---newCondition--condCurr-arrow\"]"}
RESULT: {"using":"xpath","value":"//*[@id=\"application-manageconditionprice-display-component---newCondition--condCurr-arrow\"]"}
COMMAND: POST /session/36177e4d45fb5698ad30062df7661002/element/f.165F0B9F83AB8D5533DBC2556707DBA6.d.6464C32B6371E34F994492AB925C6C1D.e.15701/click - {}
RESULT: {}
COMMAND: POST /session/36177e4d45fb5698ad30062df7661002/element - {"using":"xpath","value":"//span[contains(text(), \"Euro\")]"}
COMMAND: GET /session/36177e4d45fb5698ad30062df7661002/screenshot - {}
RESULT: {"using":"xpath","value":"//span[contains(text(), \"Euro\")]"}
COMMAND: POST /session/36177e4d45fb5698ad30062df7661002/element/f.165F0B9F83AB8D5533DBC2556707DBA6.d.6464C32B6371E34F994492AB925C6C1D.e.15764/click - {}
RESULT: {}
RESULT: {}
COMMAND: POST /session/36177e4d45fb5698ad30062df7661002/element - {"using":"xpath","value":"//button[@data-kt=\"saveButton\"]"}
COMMAND: GET /session/36177e4d45fb5698ad30062df7661002/screenshot - {}
RESULT: {"using":"xpath","value":"//button[@data-kt=\"saveButton\"]"}
COMMAND: POST /session/36177e4d45fb5698ad30062df7661002/element/f.165F0B9F83AB8D5533DBC2556707DBA6.d.6464C32B6371E34F994492AB925C6C1D.e.15702/click - {}
RESULT: {}
RESULT: {}
COMMAND: GET /session/36177e4d45fb5698ad30062df7661002/screenshot - {}
RESULT: {}
COMMAND: POST /session/36177e4d45fb5698ad30062df7661002/execute/async - {"script":"<script> [1562 bytes]","args":[{"selector":{"id":"application-manageconditionprice-display-component---conditions--smartFilterBar-btnBasicSearch","interaction":{"idSuffix":"I"}},"wdio_ui5_key":"applicationmanageconditionprice-display-component---conditions--smartFilterBar-btnBasicSearch"}]}
RESULT: {"script":"<script> [1562 bytes]","args":[{"selector":{"id":"application-manageconditionprice-display-component---conditions--smartFilterBar-btnBasicSearch","interaction":{"idSuffix":"I"}},"wdio_ui5_key":"applicationmanageconditionprice-display-component---conditions--smartFilterBar-btnBasicSearch"}]}
RESULT: undefined
COMMAND: POST /session/36177e4d45fb5698ad30062df7661002/execute/async - {"script":"<script> [776 bytes]","args":[{"enterText":"mtigTLRf1o","selector":{"id":"application-manageconditionprice-display-component---conditions--smartFilterBar-btnBasicSearch","interaction":{"idSuffix":"I"}},"clearTextFirst":true,"interactionType":"ENTER_TEXT"}]}
RESULT: {"script":"<script> [776 bytes]","args":[{"enterText":"mtigTLRf1o","selector":{"id":"application-manageconditionprice-display-component---conditions--smartFilterBar-btnBasicSearch","interaction":{"idSuffix":"I"}},"clearTextFirst":true,"interactionType":"ENTER_TEXT"}]}
COMMAND: POST /session/36177e4d45fb5698ad30062df7661002/actions - {"actions":[{"id":"action58","type":"key","parameters":{},"actions":[{"type":"keyDown","value":"î€‡"},{"type":"pause","duration":10},{"type":"keyUp","value":"î€‡"}]}]}
RESULT: {"actions":[{"id":"action58","type":"key","parameters":{},"actions":[{"type":"keyDown","value":"î€‡"},{"type":"pause","duration":10},{"type":"keyUp","value":"î€‡"}]}]}
COMMAND: GET /session/36177e4d45fb5698ad30062df7661002/screenshot - {}
RESULT: {}
COMMAND: POST /session/36177e4d45fb5698ad30062df7661002/execute/async - {"script":"<script> [1562 bytes]","args":[{"selector":{"id":"application-manageconditionprice-display-component---conditions--smartFilterBar-filterItemControl_BASIC-BILL_TYPES-vhi"},"wdio_ui5_key":"applicationmanageconditionprice-display-component---conditions--smartFilterBar-filterItemControl_BASIC-BILL_TYPES-vhi"}]}
RESULT: {"script":"<script> [1562 bytes]","args":[{"selector":{"id":"application-manageconditionprice-display-component---conditions--smartFilterBar-filterItemControl_BASIC-BILL_TYPES-vhi"},"wdio_ui5_key":"applicationmanageconditionprice-display-component---conditions--smartFilterBar-filterItemControl_BASIC-BILL_TYPES-vhi"}]}
RESULT: undefined
COMMAND: POST /session/36177e4d45fb5698ad30062df7661002/element - {"using":"xpath","value":"//*[@id=\"application-manageconditionprice-display-component---conditions--smartFilterBar-filterItemControl_BASIC-BILL_TYPES-vhi\"]"}
RESULT: {"using":"xpath","value":"//*[@id=\"application-manageconditionprice-display-component---conditions--smartFilterBar-filterItemControl_BASIC-BILL_TYPES-vhi\"]"}
COMMAND: POST /session/36177e4d45fb5698ad30062df7661002/element/f.165F0B9F83AB8D5533DBC2556707DBA6.d.6464C32B6371E34F994492AB925C6C1D.e.15859/click - {}
RESULT: {}
COMMAND: POST /session/36177e4d45fb5698ad30062df7661002/execute/async - {"script":"<script> [1562 bytes]","args":[{"selector":{"id":"application-manageconditionprice-display-component---conditions--smartFilterBar-filterItemControl_BASIC-BILL_TYPES-valueHelpDialog-smartFilterBar-btnBasicSearch","searchOpenDialogs":true,"interaction":{"idSuffix":"I"}},"wdio_ui5_key":"applicationmanageconditionprice-display-component---conditions--smartFilterBar-filterItemControl_BASIC-BILL_TYPES-valueHelpDialog-smartFilterBar-btnBasicSearch"}]}
COMMAND: GET /session/36177e4d45fb5698ad30062df7661002/screenshot - {}
RESULT: {"script":"<script> [1562 bytes]","args":[{"selector":{"id":"application-manageconditionprice-display-component---conditions--smartFilterBar-filterItemControl_BASIC-BILL_TYPES-valueHelpDialog-smartFilterBar-btnBasicSearch","searchOpenDialogs":true,"interaction":{"idSuffix":"I"}},"wdio_ui5_key":"applicationmanageconditionprice-display-component---conditions--smartFilterBar-filterItemControl_BASIC-BILL_TYPES-valueHelpDialog-smartFilterBar-btnBasicSearch"}]}
RESULT: undefined
COMMAND: POST /session/36177e4d45fb5698ad30062df7661002/execute/async - {"script":"<script> [776 bytes]","args":[{"enterText":"PB","selector":{"id":"application-manageconditionprice-display-component---conditions--smartFilterBar-filterItemControl_BASIC-BILL_TYPES-valueHelpDialog-smartFilterBar-btnBasicSearch","searchOpenDialogs":true,"interaction":{"idSuffix":"I"}},"clearTextFirst":true,"interactionType":"ENTER_TEXT"}]}
RESULT: {}
RESULT: {"script":"<script> [776 bytes]","args":[{"enterText":"PB","selector":{"id":"application-manageconditionprice-display-component---conditions--smartFilterBar-filterItemControl_BASIC-BILL_TYPES-valueHelpDialog-smartFilterBar-btnBasicSearch","searchOpenDialogs":true,"interaction":{"idSuffix":"I"}},"clearTextFirst":true,"interactionType":"ENTER_TEXT"}]}
COMMAND: POST /session/36177e4d45fb5698ad30062df7661002/actions - {"actions":[{"id":"action59","type":"key","parameters":{},"actions":[{"type":"keyDown","value":"î€‡"},{"type":"pause","duration":10},{"type":"keyUp","value":"î€‡"}]}]}
RESULT: {"actions":[{"id":"action59","type":"key","parameters":{},"actions":[{"type":"keyDown","value":"î€‡"},{"type":"pause","duration":10},{"type":"keyUp","value":"î€‡"}]}]}
COMMAND: GET /session/36177e4d45fb5698ad30062df7661002/screenshot - {}
RESULT: {}
COMMAND: POST /session/36177e4d45fb5698ad30062df7661002/element - {"using":"xpath","value":"//div[contains(@id, 'application-manageconditionprice-display-component---conditions--smartFilterBar-filterItemControl_BASIC-BILL_TYPES-valueHelpDialog-table-rowsel0')]"}
RESULT: {"using":"xpath","value":"//div[contains(@id, 'application-manageconditionprice-display-component---conditions--smartFilterBar-filterItemControl_BASIC-BILL_TYPES-valueHelpDialog-table-rowsel0')]"}
COMMAND: POST /session/36177e4d45fb5698ad30062df7661002/element/f.165F0B9F83AB8D5533DBC2556707DBA6.d.6464C32B6371E34F994492AB925C6C1D.e.15868/click - {}
RESULT: {}
COMMAND: GET /session/36177e4d45fb5698ad30062df7661002/screenshot - {}
RESULT: {}
COMMAND: POST /session/36177e4d45fb5698ad30062df7661002/element - {"using":"xpath","value":"//bdi[contains(text(), \"OK\")]"}
RESULT: {"using":"xpath","value":"//bdi[contains(text(), \"OK\")]"}
COMMAND: POST /session/36177e4d45fb5698ad30062df7661002/element/f.165F0B9F83AB8D5533DBC2556707DBA6.d.6464C32B6371E34F994492AB925C6C1D.e.15870/click - {}
RESULT: {}
COMMAND: GET /session/36177e4d45fb5698ad30062df7661002/screenshot - {}
RESULT: {}
COMMAND: POST /session/36177e4d45fb5698ad30062df7661002/element - {"using":"xpath","value":"//span[@id=\"application-manageconditionprice-display-component---conditions--smartTable-header-inner\"]"}
RESULT: {"using":"xpath","value":"//span[@id=\"application-manageconditionprice-display-component---conditions--smartTable-header-inner\"]"}
COMMAND: POST /session/36177e4d45fb5698ad30062df7661002/elements - {"using":"xpath","value":"//span[@id=\"application-manageconditionprice-display-component---conditions--smartTable-header-inner\"]"}
RESULT: {"using":"xpath","value":"//span[@id=\"application-manageconditionprice-display-component---conditions--smartTable-header-inner\"]"}
COMMAND: POST /session/36177e4d45fb5698ad30062df7661002/execute/sync - {"script":"<script> [56 bytes]","args":[{"element-6066-11e4-a52e-4f735466cecf":"f.165F0B9F83AB8D5533DBC2556707DBA6.d.6464C32B6371E34F994492AB925C6C1D.e.15873","ELEMENT":"f.165F0B9F83AB8D5533DBC2556707DBA6.d.6464C32B6371E34F994492AB925C6C1D.e.15873"}]}
RESULT: {"script":"<script> [56 bytes]","args":[{"element-6066-11e4-a52e-4f735466cecf":"f.165F0B9F83AB8D5533DBC2556707DBA6.d.6464C32B6371E34F994492AB925C6C1D.e.15873","ELEMENT":"f.165F0B9F83AB8D5533DBC2556707DBA6.d.6464C32B6371E34F994492AB925C6C1D.e.15873"}]}
COMMAND: POST /session/36177e4d45fb5698ad30062df7661002/element - {"using":"css selector","value":"#shell-header-logo"}
COMMAND: GET /session/36177e4d45fb5698ad30062df7661002/screenshot - {}
RESULT: {"using":"css selector","value":"#shell-header-logo"}
COMMAND: POST /session/36177e4d45fb5698ad30062df7661002/element/f.165F0B9F83AB8D5533DBC2556707DBA6.d.6464C32B6371E34F994492AB925C6C1D.e.15514/click - {}
RESULT: {}
RESULT: {}
COMMAND: GET /session/36177e4d45fb5698ad30062df7661002/screenshot - {}
RESULT: {}
]]></system-out>
    </testcase>
    <testcase classname="chrome.136_0_7103_93.windows.Performance_based_billing_(work_days)_US139742" name="Should add a counter to the equipment" time="57.34">
      <system-out><![CDATA[
RESULT: undefined
COMMAND: POST /session/36177e4d45fb5698ad30062df7661002/element - {"using":"xpath","value":"//*[@id=\"__tile39\"]"}
RESULT: {"using":"xpath","value":"//*[@id=\"__tile39\"]"}
COMMAND: POST /session/36177e4d45fb5698ad30062df7661002/element/f.165F0B9F83AB8D5533DBC2556707DBA6.d.6464C32B6371E34F994492AB925C6C1D.e.14544/click - {}
RESULT: {}
COMMAND: GET /session/36177e4d45fb5698ad30062df7661002/screenshot - {}
RESULT: {}
COMMAND: POST /session/36177e4d45fb5698ad30062df7661002/elements - {"using":"xpath","value":"//span[text()='Error']"}
RESULT: {"using":"xpath","value":"//span[text()='Error']"}
COMMAND: POST /session/36177e4d45fb5698ad30062df7661002/execute/async - {"script":"<script> [1562 bytes]","args":[{"selector":{"id":"application-manageresources-display-component---masterRU--smartFilterBar-btnBasicSearch","interaction":{"idSuffix":"I"}},"wdio_ui5_key":"applicationmanageresources-display-component---masterRU--smartFilterBar-btnBasicSearch"}]}
RESULT: {"script":"<script> [1562 bytes]","args":[{"selector":{"id":"application-manageresources-display-component---masterRU--smartFilterBar-btnBasicSearch","interaction":{"idSuffix":"I"}},"wdio_ui5_key":"applicationmanageresources-display-component---masterRU--smartFilterBar-btnBasicSearch"}]}
RESULT: undefined
COMMAND: POST /session/36177e4d45fb5698ad30062df7661002/execute/async - {"script":"<script> [776 bytes]","args":[{"enterText":"mtigTLRf1o","selector":{"id":"application-manageresources-display-component---masterRU--smartFilterBar-btnBasicSearch","interaction":{"idSuffix":"I"}},"clearTextFirst":true,"interactionType":"ENTER_TEXT"}]}
RESULT: {"script":"<script> [776 bytes]","args":[{"enterText":"mtigTLRf1o","selector":{"id":"application-manageresources-display-component---masterRU--smartFilterBar-btnBasicSearch","interaction":{"idSuffix":"I"}},"clearTextFirst":true,"interactionType":"ENTER_TEXT"}]}
COMMAND: POST /session/36177e4d45fb5698ad30062df7661002/actions - {"actions":[{"id":"action60","type":"key","parameters":{},"actions":[{"type":"keyDown","value":"î€‡"},{"type":"pause","duration":10},{"type":"keyUp","value":"î€‡"}]}]}
RESULT: {"actions":[{"id":"action60","type":"key","parameters":{},"actions":[{"type":"keyDown","value":"î€‡"},{"type":"pause","duration":10},{"type":"keyUp","value":"î€‡"}]}]}
COMMAND: GET /session/36177e4d45fb5698ad30062df7661002/screenshot - {}
RESULT: {}
COMMAND: POST /session/36177e4d45fb5698ad30062df7661002/execute/async - {"script":"<script> [1562 bytes]","args":[{"selector":{"id":"application-manageresources-display-component---masterRU--smartTable-header"},"wdio_ui5_key":"applicationmanageresources-display-component---masterRU--smartTable-header"}]}
RESULT: {"script":"<script> [1562 bytes]","args":[{"selector":{"id":"application-manageresources-display-component---masterRU--smartTable-header"},"wdio_ui5_key":"applicationmanageresources-display-component---masterRU--smartTable-header"}]}
RESULT: undefined
COMMAND: POST /session/36177e4d45fb5698ad30062df7661002/execute/async - {"script":"<script> [6424 bytes]","args":[{"element-6066-11e4-a52e-4f735466cecf":"f.165F0B9F83AB8D5533DBC2556707DBA6.d.6464C32B6371E34F994492AB925C6C1D.e.16062"},"getText",[]]}
RESULT: {"script":"<script> [6424 bytes]","args":[{"element-6066-11e4-a52e-4f735466cecf":"f.165F0B9F83AB8D5533DBC2556707DBA6.d.6464C32B6371E34F994492AB925C6C1D.e.16062"},"getText",[]]}
COMMAND: POST /session/36177e4d45fb5698ad30062df7661002/execute/async - {"script":"<script> [1562 bytes]","args":[{"selector":{"controlType":"sap.ui.core.Icon","viewName":"etm.portal.ui.manageresources.view.Master","viewId":"application-manageresources-display-component---masterRU","properties":{"src":{"regex":{"source":"slim\\-arrow\\-right"}}}},"wdio_ui5_key":"etmportal.ui.manageresources.view.Mastersap.ui.core.Icon{\"src\":{\"regex\":{\"source\":\"slim\\\\-arrow\\\\-right\"}}}"}]}
RESULT: {"script":"<script> [1562 bytes]","args":[{"selector":{"controlType":"sap.ui.core.Icon","viewName":"etm.portal.ui.manageresources.view.Master","viewId":"application-manageresources-display-component---masterRU","properties":{"src":{"regex":{"source":"slim\\-arrow\\-right"}}}},"wdio_ui5_key":"etmportal.ui.manageresources.view.Mastersap.ui.core.Icon{\"src\":{\"regex\":{\"source\":\"slim\\\\-arrow\\\\-right\"}}}"}]}
RESULT: undefined
COMMAND: POST /session/36177e4d45fb5698ad30062df7661002/element - {"using":"xpath","value":"//*[@id=\"__item941-__clone2312-imgNav\"]"}
RESULT: {"using":"xpath","value":"//*[@id=\"__item941-__clone2312-imgNav\"]"}
COMMAND: POST /session/36177e4d45fb5698ad30062df7661002/element/f.165F0B9F83AB8D5533DBC2556707DBA6.d.6464C32B6371E34F994492AB925C6C1D.e.16061/click - {}
RESULT: {}
COMMAND: GET /session/36177e4d45fb5698ad30062df7661002/screenshot - {}
COMMAND: POST /session/36177e4d45fb5698ad30062df7661002/element - {"using":"xpath","value":"//bdi[contains(text(), \"Edit\")]"}
RESULT: {}
RESULT: {"using":"xpath","value":"//bdi[contains(text(), \"Edit\")]"}
COMMAND: POST /session/36177e4d45fb5698ad30062df7661002/execute/sync - {"script":"<script> [8489 bytes]","args":[{"element-6066-11e4-a52e-4f735466cecf":"f.165F0B9F83AB8D5533DBC2556707DBA6.d.6464C32B6371E34F994492AB925C6C1D.e.16167","ELEMENT":"f.165F0B9F83AB8D5533DBC2556707DBA6.d.6464C32B6371E34F994492AB925C6C1D.e.16167"}]}
RESULT: {"script":"<script> [8489 bytes]","args":[{"element-6066-11e4-a52e-4f735466cecf":"f.165F0B9F83AB8D5533DBC2556707DBA6.d.6464C32B6371E34F994492AB925C6C1D.e.16167","ELEMENT":"f.165F0B9F83AB8D5533DBC2556707DBA6.d.6464C32B6371E34F994492AB925C6C1D.e.16167"}]}
COMMAND: POST /session/36177e4d45fb5698ad30062df7661002/element/f.165F0B9F83AB8D5533DBC2556707DBA6.d.6464C32B6371E34F994492AB925C6C1D.e.16167/click - {}
COMMAND: GET /session/36177e4d45fb5698ad30062df7661002/screenshot - {}
RESULT: {}
COMMAND: GET /session/36177e4d45fb5698ad30062df7661002/screenshot - {}
RESULT: {}
COMMAND: POST /session/36177e4d45fb5698ad30062df7661002/execute/async - {"script":"<script> [1562 bytes]","args":[{"selector":{"id":"application-manageresources-display-component---editResource--editRruPage-anchBar-application-manageresources-display-component---editResource--counters-anchor","interaction":{"idSuffix":"BDI-content"}},"wdio_ui5_key":"applicationmanageresources-display-component---editResource--editRruPage-anchBar-application-manageresources-display-component---editResource--counters-anchor"}]}
RESULT: {}
RESULT: {"script":"<script> [1562 bytes]","args":[{"selector":{"id":"application-manageresources-display-component---editResource--editRruPage-anchBar-application-manageresources-display-component---editResource--counters-anchor","interaction":{"idSuffix":"BDI-content"}},"wdio_ui5_key":"applicationmanageresources-display-component---editResource--editRruPage-anchBar-application-manageresources-display-component---editResource--counters-anchor"}]}
RESULT: undefined
COMMAND: POST /session/36177e4d45fb5698ad30062df7661002/element - {"using":"xpath","value":"//*[@id=\"application-manageresources-display-component---editResource--editRruPage-anchBar-application-manageresources-display-component---editResource--counters-anchor\"]"}
RESULT: {"using":"xpath","value":"//*[@id=\"application-manageresources-display-component---editResource--editRruPage-anchBar-application-manageresources-display-component---editResource--counters-anchor\"]"}
COMMAND: POST /session/36177e4d45fb5698ad30062df7661002/element/f.165F0B9F83AB8D5533DBC2556707DBA6.d.6464C32B6371E34F994492AB925C6C1D.e.16329/click - {}
RESULT: {}
COMMAND: GET /session/36177e4d45fb5698ad30062df7661002/screenshot - {}
RESULT: {}
COMMAND: POST /session/36177e4d45fb5698ad30062df7661002/execute/async - {"script":"<script> [1562 bytes]","args":[{"selector":{"id":"application-manageresources-display-component---editResource--btnAddCounter-img"},"wdio_ui5_key":"applicationmanageresources-display-component---editResource--btnAddCounter-img"}]}
RESULT: {"script":"<script> [1562 bytes]","args":[{"selector":{"id":"application-manageresources-display-component---editResource--btnAddCounter-img"},"wdio_ui5_key":"applicationmanageresources-display-component---editResource--btnAddCounter-img"}]}
RESULT: undefined
COMMAND: POST /session/36177e4d45fb5698ad30062df7661002/element - {"using":"xpath","value":"//*[@id=\"application-manageresources-display-component---editResource--btnAddCounter-img\"]"}
RESULT: {"using":"xpath","value":"//*[@id=\"application-manageresources-display-component---editResource--btnAddCounter-img\"]"}
COMMAND: POST /session/36177e4d45fb5698ad30062df7661002/element/f.165F0B9F83AB8D5533DBC2556707DBA6.d.6464C32B6371E34F994492AB925C6C1D.e.16334/click - {}
RESULT: {}
COMMAND: POST /session/36177e4d45fb5698ad30062df7661002/execute/async - {"script":"<script> [1562 bytes]","args":[{"selector":{"id":"application-manageresources-display-component---editResource--COUNTER_ID-application-manageresources-display-component---editResource--RUCounters-0-arrow"},"wdio_ui5_key":"applicationmanageresources-display-component---editResource--COUNTER_ID-application-manageresources-display-component---editResource--RUCounters-0-arrow"}]}
COMMAND: GET /session/36177e4d45fb5698ad30062df7661002/screenshot - {}
RESULT: {"script":"<script> [1562 bytes]","args":[{"selector":{"id":"application-manageresources-display-component---editResource--COUNTER_ID-application-manageresources-display-component---editResource--RUCounters-0-arrow"},"wdio_ui5_key":"applicationmanageresources-display-component---editResource--COUNTER_ID-application-manageresources-display-component---editResource--RUCounters-0-arrow"}]}
RESULT: undefined
COMMAND: POST /session/36177e4d45fb5698ad30062df7661002/element - {"using":"xpath","value":"//*[@id=\"application-manageresources-display-component---editResource--COUNTER_ID-application-manageresources-display-component---editResource--RUCounters-0-arrow\"]"}
RESULT: {}
RESULT: {"using":"xpath","value":"//*[@id=\"application-manageresources-display-component---editResource--COUNTER_ID-application-manageresources-display-component---editResource--RUCounters-0-arrow\"]"}
COMMAND: POST /session/36177e4d45fb5698ad30062df7661002/element/f.165F0B9F83AB8D5533DBC2556707DBA6.d.6464C32B6371E34F994492AB925C6C1D.e.16347/click - {}
RESULT: {}
COMMAND: POST /session/36177e4d45fb5698ad30062df7661002/execute/async - {"script":"<script> [1562 bytes]","args":[{"selector":{"controlType":"sap.m.StandardListItem","viewName":"etm.portal.ui.manageresources.view.EditResource","viewId":"application-manageresources-display-component---editResource","properties":{"title":"fuel"},"searchOpenDialogs":true,"interaction":{"idSuffix":"content"}},"wdio_ui5_key":"etmportal.ui.manageresources.view.EditResourcesap.m.StandardListItem{\"title\":\"fuel\"}"}]}
COMMAND: GET /session/36177e4d45fb5698ad30062df7661002/screenshot - {}
RESULT: {"script":"<script> [1562 bytes]","args":[{"selector":{"controlType":"sap.m.StandardListItem","viewName":"etm.portal.ui.manageresources.view.EditResource","viewId":"application-manageresources-display-component---editResource","properties":{"title":"fuel"},"searchOpenDialogs":true,"interaction":{"idSuffix":"content"}},"wdio_ui5_key":"etmportal.ui.manageresources.view.EditResourcesap.m.StandardListItem{\"title\":\"fuel\"}"}]}
RESULT: undefined
COMMAND: POST /session/36177e4d45fb5698ad30062df7661002/element - {"using":"xpath","value":"//*[@id=\"__item1221\"]"}
RESULT: {}
RESULT: {"using":"xpath","value":"//*[@id=\"__item1221\"]"}
COMMAND: POST /session/36177e4d45fb5698ad30062df7661002/element/f.165F0B9F83AB8D5533DBC2556707DBA6.d.6464C32B6371E34F994492AB925C6C1D.e.16349/click - {}
RESULT: {}
COMMAND: POST /session/36177e4d45fb5698ad30062df7661002/execute/async - {"script":"<script> [1562 bytes]","args":[{"selector":{"controlType":"sap.m.Button","viewName":"etm.portal.ui.manageresources.view.EditResource","viewId":"application-manageresources-display-component---editResource","i18NText":{"propertyName":"text","key":"save"},"interaction":{"idSuffix":"BDI-content"}},"wdio_ui5_key":"etmportal.ui.manageresources.view.EditResourcesap.m.Button{\"propertyName\":\"text\",\"key\":\"save\"}"}]}
COMMAND: GET /session/36177e4d45fb5698ad30062df7661002/screenshot - {}
RESULT: {"script":"<script> [1562 bytes]","args":[{"selector":{"controlType":"sap.m.Button","viewName":"etm.portal.ui.manageresources.view.EditResource","viewId":"application-manageresources-display-component---editResource","i18NText":{"propertyName":"text","key":"save"},"interaction":{"idSuffix":"BDI-content"}},"wdio_ui5_key":"etmportal.ui.manageresources.view.EditResourcesap.m.Button{\"propertyName\":\"text\",\"key\":\"save\"}"}]}
RESULT: undefined
COMMAND: POST /session/36177e4d45fb5698ad30062df7661002/element - {"using":"xpath","value":"//*[@id=\"__button186\"]"}
RESULT: {}
RESULT: {"using":"xpath","value":"//*[@id=\"__button186\"]"}
COMMAND: POST /session/36177e4d45fb5698ad30062df7661002/element/f.165F0B9F83AB8D5533DBC2556707DBA6.d.6464C32B6371E34F994492AB925C6C1D.e.16351/click - {}
RESULT: {}
COMMAND: GET /session/36177e4d45fb5698ad30062df7661002/screenshot - {}
RESULT: {}
COMMAND: POST /session/36177e4d45fb5698ad30062df7661002/element - {"using":"css selector","value":"#shell-header-logo"}
RESULT: {"using":"css selector","value":"#shell-header-logo"}
COMMAND: POST /session/36177e4d45fb5698ad30062df7661002/element/f.165F0B9F83AB8D5533DBC2556707DBA6.d.6464C32B6371E34F994492AB925C6C1D.e.15878/click - {}
RESULT: {}
COMMAND: GET /session/36177e4d45fb5698ad30062df7661002/screenshot - {}
RESULT: {}
]]></system-out>
    </testcase>
    <testcase classname="chrome.136_0_7103_93.windows.Performance_based_billing_(work_days)_US139742" name="Should do a stock increase on the yard for the equipment" time="87.704">
      <system-out><![CDATA[
COMMAND: POST /session/36177e4d45fb5698ad30062df7661002/execute/async - {"script":"<script> [1562 bytes]","args":[{"selector":{"controlType":"sap.m.GenericTile","properties":{"header":"Manage Handovers"}},"wdio_ui5_key":"sapm.GenericTile{\"header\":\"Manage Handovers\"}"}]}
RESULT: {"script":"<script> [1562 bytes]","args":[{"selector":{"controlType":"sap.m.GenericTile","properties":{"header":"Manage Handovers"}},"wdio_ui5_key":"sapm.GenericTile{\"header\":\"Manage Handovers\"}"}]}
RESULT: undefined
COMMAND: POST /session/36177e4d45fb5698ad30062df7661002/element - {"using":"xpath","value":"//*[@id=\"__tile131\"]"}
RESULT: {"using":"xpath","value":"//*[@id=\"__tile131\"]"}
COMMAND: POST /session/36177e4d45fb5698ad30062df7661002/element/f.165F0B9F83AB8D5533DBC2556707DBA6.d.6464C32B6371E34F994492AB925C6C1D.e.14629/click - {}
RESULT: {}
COMMAND: GET /session/36177e4d45fb5698ad30062df7661002/screenshot - {}
RESULT: {}
COMMAND: POST /session/36177e4d45fb5698ad30062df7661002/elements - {"using":"xpath","value":"//span[text()='Error']"}
RESULT: {"using":"xpath","value":"//span[text()='Error']"}
COMMAND: POST /session/36177e4d45fb5698ad30062df7661002/element - {"using":"xpath","value":"//button[@data-kt=\"masterHOAddButton\"]"}
RESULT: {"using":"xpath","value":"//button[@data-kt=\"masterHOAddButton\"]"}
COMMAND: POST /session/36177e4d45fb5698ad30062df7661002/elements - {"using":"xpath","value":"//button[@data-kt=\"masterHOAddButton\"]"}
RESULT: {"using":"xpath","value":"//button[@data-kt=\"masterHOAddButton\"]"}
COMMAND: POST /session/36177e4d45fb5698ad30062df7661002/execute/sync - {"script":"<script> [8489 bytes]","args":[{"element-6066-11e4-a52e-4f735466cecf":"f.165F0B9F83AB8D5533DBC2556707DBA6.d.6464C32B6371E34F994492AB925C6C1D.e.16393","ELEMENT":"f.165F0B9F83AB8D5533DBC2556707DBA6.d.6464C32B6371E34F994492AB925C6C1D.e.16393"}]}
RESULT: {"script":"<script> [8489 bytes]","args":[{"element-6066-11e4-a52e-4f735466cecf":"f.165F0B9F83AB8D5533DBC2556707DBA6.d.6464C32B6371E34F994492AB925C6C1D.e.16393","ELEMENT":"f.165F0B9F83AB8D5533DBC2556707DBA6.d.6464C32B6371E34F994492AB925C6C1D.e.16393"}]}
COMMAND: GET /session/36177e4d45fb5698ad30062df7661002/element/f.165F0B9F83AB8D5533DBC2556707DBA6.d.6464C32B6371E34F994492AB925C6C1D.e.16393/enabled - {}
COMMAND: GET /session/36177e4d45fb5698ad30062df7661002/screenshot - {}
RESULT: {}
COMMAND: POST /session/36177e4d45fb5698ad30062df7661002/execute/sync - {"script":"<script> [8489 bytes]","args":[{"element-6066-11e4-a52e-4f735466cecf":"f.165F0B9F83AB8D5533DBC2556707DBA6.d.6464C32B6371E34F994492AB925C6C1D.e.16393","ELEMENT":"f.165F0B9F83AB8D5533DBC2556707DBA6.d.6464C32B6371E34F994492AB925C6C1D.e.16393"}]}
COMMAND: GET /session/36177e4d45fb5698ad30062df7661002/screenshot - {}
RESULT: {}
RESULT: {"script":"<script> [8489 bytes]","args":[{"element-6066-11e4-a52e-4f735466cecf":"f.165F0B9F83AB8D5533DBC2556707DBA6.d.6464C32B6371E34F994492AB925C6C1D.e.16393","ELEMENT":"f.165F0B9F83AB8D5533DBC2556707DBA6.d.6464C32B6371E34F994492AB925C6C1D.e.16393"}]}
COMMAND: POST /session/36177e4d45fb5698ad30062df7661002/execute/sync - {"script":"<script> [5351 bytes]","args":[{"element-6066-11e4-a52e-4f735466cecf":"f.165F0B9F83AB8D5533DBC2556707DBA6.d.6464C32B6371E34F994492AB925C6C1D.e.16393","ELEMENT":"f.165F0B9F83AB8D5533DBC2556707DBA6.d.6464C32B6371E34F994492AB925C6C1D.e.16393"}]}
COMMAND: GET /session/36177e4d45fb5698ad30062df7661002/screenshot - {}
RESULT: {}
RESULT: {"script":"<script> [5351 bytes]","args":[{"element-6066-11e4-a52e-4f735466cecf":"f.165F0B9F83AB8D5533DBC2556707DBA6.d.6464C32B6371E34F994492AB925C6C1D.e.16393","ELEMENT":"f.165F0B9F83AB8D5533DBC2556707DBA6.d.6464C32B6371E34F994492AB925C6C1D.e.16393"}]}
COMMAND: POST /session/36177e4d45fb5698ad30062df7661002/element/f.165F0B9F83AB8D5533DBC2556707DBA6.d.6464C32B6371E34F994492AB925C6C1D.e.16393/click - {}
COMMAND: GET /session/36177e4d45fb5698ad30062df7661002/screenshot - {}
RESULT: {}
RESULT: {}
COMMAND: GET /session/36177e4d45fb5698ad30062df7661002/screenshot - {}
RESULT: {}
RESULT: {}
COMMAND: POST /session/36177e4d45fb5698ad30062df7661002/element - {"using":"xpath","value":"//span[contains(@id ,\"AddNewHO--typeSelect-arrow\")]"}
RESULT: {"using":"xpath","value":"//span[contains(@id ,\"AddNewHO--typeSelect-arrow\")]"}
COMMAND: POST /session/36177e4d45fb5698ad30062df7661002/element/f.165F0B9F83AB8D5533DBC2556707DBA6.d.6464C32B6371E34F994492AB925C6C1D.e.16751/click - {}
RESULT: {}
COMMAND: GET /session/36177e4d45fb5698ad30062df7661002/screenshot - {}
RESULT: {}
COMMAND: POST /session/36177e4d45fb5698ad30062df7661002/element - {"using":"xpath","value":"(//li[contains(text(), \"stock increase yard\")])[1]"}
RESULT: {"using":"xpath","value":"(//li[contains(text(), \"stock increase yard\")])[1]"}
COMMAND: POST /session/36177e4d45fb5698ad30062df7661002/element/f.165F0B9F83AB8D5533DBC2556707DBA6.d.6464C32B6371E34F994492AB925C6C1D.e.16752/click - {}
RESULT: {}
COMMAND: GET /session/36177e4d45fb5698ad30062df7661002/screenshot - {}
RESULT: {}
COMMAND: POST /session/36177e4d45fb5698ad30062df7661002/execute/async - {"script":"<script> [1562 bytes]","args":[{"selector":{"id":"application-managehandovers-display-component---AddNewHO--dueDate","interaction":{"idSuffix":"inner"}},"wdio_ui5_key":"applicationmanagehandovers-display-component---AddNewHO--dueDate"}]}
RESULT: {"script":"<script> [1562 bytes]","args":[{"selector":{"id":"application-managehandovers-display-component---AddNewHO--dueDate","interaction":{"idSuffix":"inner"}},"wdio_ui5_key":"applicationmanagehandovers-display-component---AddNewHO--dueDate"}]}
RESULT: undefined
COMMAND: POST /session/36177e4d45fb5698ad30062df7661002/execute/async - {"script":"<script> [6424 bytes]","args":[{"element-6066-11e4-a52e-4f735466cecf":"f.165F0B9F83AB8D5533DBC2556707DBA6.d.6464C32B6371E34F994492AB925C6C1D.e.16754"},"setValue",["5/16/25"]]}
RESULT: {"script":"<script> [6424 bytes]","args":[{"element-6066-11e4-a52e-4f735466cecf":"f.165F0B9F83AB8D5533DBC2556707DBA6.d.6464C32B6371E34F994492AB925C6C1D.e.16754"},"setValue",["5/16/25"]]}
COMMAND: POST /session/36177e4d45fb5698ad30062df7661002/element - {"using":"xpath","value":"//input[@id=\"generalSectionFrg--receiveYard-inner\"]"}
RESULT: {"using":"xpath","value":"//input[@id=\"generalSectionFrg--receiveYard-inner\"]"}
COMMAND: POST /session/36177e4d45fb5698ad30062df7661002/element/f.165F0B9F83AB8D5533DBC2556707DBA6.d.6464C32B6371E34F994492AB925C6C1D.e.16758/clear - {}
RESULT: {}
COMMAND: POST /session/36177e4d45fb5698ad30062df7661002/element/f.165F0B9F83AB8D5533DBC2556707DBA6.d.6464C32B6371E34F994492AB925C6C1D.e.16758/value - {"text":"435"}
COMMAND: GET /session/36177e4d45fb5698ad30062df7661002/screenshot - {}
RESULT: {}
RESULT: {"text":"435"}
COMMAND: GET /session/36177e4d45fb5698ad30062df7661002/screenshot - {}
RESULT: {}
COMMAND: POST /session/36177e4d45fb5698ad30062df7661002/element - {"using":"xpath","value":"//li[.//span[text()='435']]"}
RESULT: {"using":"xpath","value":"//li[.//span[text()='435']]"}
COMMAND: POST /session/36177e4d45fb5698ad30062df7661002/element/f.165F0B9F83AB8D5533DBC2556707DBA6.d.6464C32B6371E34F994492AB925C6C1D.e.16776/click - {}
RESULT: {}
COMMAND: GET /session/36177e4d45fb5698ad30062df7661002/screenshot - {}
RESULT: {}
COMMAND: POST /session/36177e4d45fb5698ad30062df7661002/execute/async - {"script":"<script> [1562 bytes]","args":[{"selector":{"id":"application-managehandovers-display-component---AddNewHO--ObjectPageLayout-anchBar-application-managehandovers-display-component---AddNewHO--section4-anchor","interaction":{"idSuffix":"BDI-content"}},"wdio_ui5_key":"applicationmanagehandovers-display-component---AddNewHO--ObjectPageLayout-anchBar-application-managehandovers-display-component---AddNewHO--section4-anchor"}]}
RESULT: {"script":"<script> [1562 bytes]","args":[{"selector":{"id":"application-managehandovers-display-component---AddNewHO--ObjectPageLayout-anchBar-application-managehandovers-display-component---AddNewHO--section4-anchor","interaction":{"idSuffix":"BDI-content"}},"wdio_ui5_key":"applicationmanagehandovers-display-component---AddNewHO--ObjectPageLayout-anchBar-application-managehandovers-display-component---AddNewHO--section4-anchor"}]}
RESULT: undefined
COMMAND: POST /session/36177e4d45fb5698ad30062df7661002/element - {"using":"xpath","value":"//*[@id=\"application-managehandovers-display-component---AddNewHO--ObjectPageLayout-anchBar-application-managehandovers-display-component---AddNewHO--section4-anchor\"]"}
RESULT: {"using":"xpath","value":"//*[@id=\"application-managehandovers-display-component---AddNewHO--ObjectPageLayout-anchBar-application-managehandovers-display-component---AddNewHO--section4-anchor\"]"}
COMMAND: POST /session/36177e4d45fb5698ad30062df7661002/element/f.165F0B9F83AB8D5533DBC2556707DBA6.d.6464C32B6371E34F994492AB925C6C1D.e.16778/click - {}
RESULT: {}
COMMAND: POST /session/36177e4d45fb5698ad30062df7661002/element - {"using":"xpath","value":"//button[@aria-label=\"Add\"]"}
COMMAND: GET /session/36177e4d45fb5698ad30062df7661002/screenshot - {}
RESULT: {"using":"xpath","value":"//button[@aria-label=\"Add\"]"}
COMMAND: POST /session/36177e4d45fb5698ad30062df7661002/element/f.165F0B9F83AB8D5533DBC2556707DBA6.d.6464C32B6371E34F994492AB925C6C1D.e.16780/click - {}
RESULT: {}
RESULT: {}
COMMAND: GET /session/36177e4d45fb5698ad30062df7661002/screenshot - {}
RESULT: {}
COMMAND: POST /session/36177e4d45fb5698ad30062df7661002/execute/async - {"script":"<script> [1562 bytes]","args":[{"selector":{"id":"application-managehandovers-display-component---AddNewHO--smartFilterBar-btnBasicSearch","searchOpenDialogs":true,"interaction":{"idSuffix":"I"}},"wdio_ui5_key":"applicationmanagehandovers-display-component---AddNewHO--smartFilterBar-btnBasicSearch"}]}
RESULT: {"script":"<script> [1562 bytes]","args":[{"selector":{"id":"application-managehandovers-display-component---AddNewHO--smartFilterBar-btnBasicSearch","searchOpenDialogs":true,"interaction":{"idSuffix":"I"}},"wdio_ui5_key":"applicationmanagehandovers-display-component---AddNewHO--smartFilterBar-btnBasicSearch"}]}
RESULT: undefined
COMMAND: POST /session/36177e4d45fb5698ad30062df7661002/execute/async - {"script":"<script> [776 bytes]","args":[{"enterText":"mtigTLRf1o","selector":{"id":"application-managehandovers-display-component---AddNewHO--smartFilterBar-btnBasicSearch","searchOpenDialogs":true,"interaction":{"idSuffix":"I"}},"clearTextFirst":true,"interactionType":"ENTER_TEXT"}]}
RESULT: {"script":"<script> [776 bytes]","args":[{"enterText":"mtigTLRf1o","selector":{"id":"application-managehandovers-display-component---AddNewHO--smartFilterBar-btnBasicSearch","searchOpenDialogs":true,"interaction":{"idSuffix":"I"}},"clearTextFirst":true,"interactionType":"ENTER_TEXT"}]}
COMMAND: POST /session/36177e4d45fb5698ad30062df7661002/actions - {"actions":[{"id":"action61","type":"key","parameters":{},"actions":[{"type":"keyDown","value":"î€‡"},{"type":"pause","duration":10},{"type":"keyUp","value":"î€‡"}]}]}
RESULT: {"actions":[{"id":"action61","type":"key","parameters":{},"actions":[{"type":"keyDown","value":"î€‡"},{"type":"pause","duration":10},{"type":"keyUp","value":"î€‡"}]}]}
COMMAND: GET /session/36177e4d45fb5698ad30062df7661002/screenshot - {}
RESULT: {}
COMMAND: POST /session/36177e4d45fb5698ad30062df7661002/execute/async - {"script":"<script> [1562 bytes]","args":[{"selector":{"id":"application-managehandovers-display-component---AddNewHO--popup-sa","searchOpenDialogs":true,"interaction":{"idSuffix":"CbBg"}},"wdio_ui5_key":"applicationmanagehandovers-display-component---AddNewHO--popup-sa"}]}
RESULT: {"script":"<script> [1562 bytes]","args":[{"selector":{"id":"application-managehandovers-display-component---AddNewHO--popup-sa","searchOpenDialogs":true,"interaction":{"idSuffix":"CbBg"}},"wdio_ui5_key":"applicationmanagehandovers-display-component---AddNewHO--popup-sa"}]}
RESULT: undefined
COMMAND: POST /session/36177e4d45fb5698ad30062df7661002/element - {"using":"xpath","value":"//*[@id=\"application-managehandovers-display-component---AddNewHO--popup-sa\"]"}
RESULT: {"using":"xpath","value":"//*[@id=\"application-managehandovers-display-component---AddNewHO--popup-sa\"]"}
COMMAND: POST /session/36177e4d45fb5698ad30062df7661002/element/f.165F0B9F83AB8D5533DBC2556707DBA6.d.6464C32B6371E34F994492AB925C6C1D.e.16933/click - {}
RESULT: {}
COMMAND: GET /session/36177e4d45fb5698ad30062df7661002/screenshot - {}
RESULT: {}
COMMAND: POST /session/36177e4d45fb5698ad30062df7661002/element - {"using":"xpath","value":"//bdi[contains(text(), \"Select\")]"}
RESULT: {"using":"xpath","value":"//bdi[contains(text(), \"Select\")]"}
COMMAND: POST /session/36177e4d45fb5698ad30062df7661002/element/f.165F0B9F83AB8D5533DBC2556707DBA6.d.6464C32B6371E34F994492AB925C6C1D.e.16934/click - {}
RESULT: {}
COMMAND: GET /session/36177e4d45fb5698ad30062df7661002/screenshot - {}
RESULT: {}
COMMAND: POST /session/36177e4d45fb5698ad30062df7661002/element - {"using":"xpath","value":"//button[@data-kt=\"AddNewHOSaveButton\"]"}
RESULT: {"using":"xpath","value":"//button[@data-kt=\"AddNewHOSaveButton\"]"}
COMMAND: POST /session/36177e4d45fb5698ad30062df7661002/element/f.165F0B9F83AB8D5533DBC2556707DBA6.d.6464C32B6371E34F994492AB925C6C1D.e.16938/click - {}
RESULT: {}
COMMAND: GET /session/36177e4d45fb5698ad30062df7661002/screenshot - {}
RESULT: {}
COMMAND: POST /session/36177e4d45fb5698ad30062df7661002/execute/async - {"script":"<script> [1562 bytes]","args":[{"selector":{"id":"receiptDatePicker","viewName":"etm.portal.ui.managehandovers.view.DetailExecuteHO","interaction":{"idSuffix":"inner"}},"wdio_ui5_key":"receiptDatePickeretmportal.ui.managehandovers.view.DetailExecuteHO"}]}
RESULT: {"script":"<script> [1562 bytes]","args":[{"selector":{"id":"receiptDatePicker","viewName":"etm.portal.ui.managehandovers.view.DetailExecuteHO","interaction":{"idSuffix":"inner"}},"wdio_ui5_key":"receiptDatePickeretmportal.ui.managehandovers.view.DetailExecuteHO"}]}
RESULT: undefined
COMMAND: POST /session/36177e4d45fb5698ad30062df7661002/execute/async - {"script":"<script> [6424 bytes]","args":[{"element-6066-11e4-a52e-4f735466cecf":"f.165F0B9F83AB8D5533DBC2556707DBA6.d.6464C32B6371E34F994492AB925C6C1D.e.16959"},"setValue",["5/16/25"]]}
RESULT: {"script":"<script> [6424 bytes]","args":[{"element-6066-11e4-a52e-4f735466cecf":"f.165F0B9F83AB8D5533DBC2556707DBA6.d.6464C32B6371E34F994492AB925C6C1D.e.16959"},"setValue",["5/16/25"]]}
COMMAND: POST /session/36177e4d45fb5698ad30062df7661002/element - {"using":"xpath","value":"//button[@data-kt=\"PickingTableConfirmAllButton\"]"}
RESULT: {"using":"xpath","value":"//button[@data-kt=\"PickingTableConfirmAllButton\"]"}
COMMAND: POST /session/36177e4d45fb5698ad30062df7661002/element/f.165F0B9F83AB8D5533DBC2556707DBA6.d.6464C32B6371E34F994492AB925C6C1D.e.16974/click - {}
RESULT: {}
COMMAND: GET /session/36177e4d45fb5698ad30062df7661002/screenshot - {}
RESULT: {}
COMMAND: POST /session/36177e4d45fb5698ad30062df7661002/element - {"using":"xpath","value":"//bdi[contains(text(), \"OK\")]"}
RESULT: {"using":"xpath","value":"//bdi[contains(text(), \"OK\")]"}
COMMAND: POST /session/36177e4d45fb5698ad30062df7661002/element/f.165F0B9F83AB8D5533DBC2556707DBA6.d.6464C32B6371E34F994492AB925C6C1D.e.16976/click - {}
RESULT: {}
COMMAND: GET /session/36177e4d45fb5698ad30062df7661002/screenshot - {}
RESULT: {}
COMMAND: POST /session/36177e4d45fb5698ad30062df7661002/element - {"using":"xpath","value":"(//bdi[contains(text(), \"Receive\")])[2]"}
RESULT: {"using":"xpath","value":"(//bdi[contains(text(), \"Receive\")])[2]"}
COMMAND: POST /session/36177e4d45fb5698ad30062df7661002/element/f.165F0B9F83AB8D5533DBC2556707DBA6.d.6464C32B6371E34F994492AB925C6C1D.e.16978/click - {}
RESULT: {}
COMMAND: GET /session/36177e4d45fb5698ad30062df7661002/screenshot - {}
RESULT: {}
COMMAND: POST /session/36177e4d45fb5698ad30062df7661002/element - {"using":"css selector","value":"#shell-header-logo"}
RESULT: {"using":"css selector","value":"#shell-header-logo"}
COMMAND: POST /session/36177e4d45fb5698ad30062df7661002/element/f.165F0B9F83AB8D5533DBC2556707DBA6.d.6464C32B6371E34F994492AB925C6C1D.e.16362/click - {}
RESULT: {}
COMMAND: GET /session/36177e4d45fb5698ad30062df7661002/screenshot - {}
RESULT: {}
]]></system-out>
    </testcase>
    <testcase classname="chrome.136_0_7103_93.windows.Performance_based_billing_(work_days)_US139742" name="Should create a new contract" time="62.392">
      <system-out><![CDATA[
COMMAND: POST /session/36177e4d45fb5698ad30062df7661002/execute/async - {"script":"<script> [1562 bytes]","args":[{"selector":{"controlType":"sap.m.GenericTile","properties":{"header":"Manage Contracts"}},"wdio_ui5_key":"sapm.GenericTile{\"header\":\"Manage Contracts\"}"}]}
RESULT: {"script":"<script> [1562 bytes]","args":[{"selector":{"controlType":"sap.m.GenericTile","properties":{"header":"Manage Contracts"}},"wdio_ui5_key":"sapm.GenericTile{\"header\":\"Manage Contracts\"}"}]}
RESULT: undefined
COMMAND: POST /session/36177e4d45fb5698ad30062df7661002/element - {"using":"xpath","value":"//*[@id=\"__tile130\"]"}
RESULT: {"using":"xpath","value":"//*[@id=\"__tile130\"]"}
COMMAND: POST /session/36177e4d45fb5698ad30062df7661002/element/f.165F0B9F83AB8D5533DBC2556707DBA6.d.6464C32B6371E34F994492AB925C6C1D.e.14560/click - {}
RESULT: {}
COMMAND: GET /session/36177e4d45fb5698ad30062df7661002/screenshot - {}
RESULT: {}
COMMAND: POST /session/36177e4d45fb5698ad30062df7661002/elements - {"using":"xpath","value":"//span[text()='Error']"}
RESULT: {"using":"xpath","value":"//span[text()='Error']"}
COMMAND: POST /session/36177e4d45fb5698ad30062df7661002/element - {"using":"xpath","value":"//button[@data-kt=\"addButton\"]"}
RESULT: {"using":"xpath","value":"//button[@data-kt=\"addButton\"]"}
COMMAND: POST /session/36177e4d45fb5698ad30062df7661002/elements - {"using":"xpath","value":"//button[@data-kt=\"addButton\"]"}
RESULT: {"using":"xpath","value":"//button[@data-kt=\"addButton\"]"}
COMMAND: POST /session/36177e4d45fb5698ad30062df7661002/execute/sync - {"script":"<script> [8489 bytes]","args":[{"element-6066-11e4-a52e-4f735466cecf":"f.165F0B9F83AB8D5533DBC2556707DBA6.d.6464C32B6371E34F994492AB925C6C1D.e.17195","ELEMENT":"f.165F0B9F83AB8D5533DBC2556707DBA6.d.6464C32B6371E34F994492AB925C6C1D.e.17195"}]}
RESULT: {"script":"<script> [8489 bytes]","args":[{"element-6066-11e4-a52e-4f735466cecf":"f.165F0B9F83AB8D5533DBC2556707DBA6.d.6464C32B6371E34F994492AB925C6C1D.e.17195","ELEMENT":"f.165F0B9F83AB8D5533DBC2556707DBA6.d.6464C32B6371E34F994492AB925C6C1D.e.17195"}]}
COMMAND: GET /session/36177e4d45fb5698ad30062df7661002/element/f.165F0B9F83AB8D5533DBC2556707DBA6.d.6464C32B6371E34F994492AB925C6C1D.e.17195/enabled - {}
COMMAND: GET /session/36177e4d45fb5698ad30062df7661002/screenshot - {}
RESULT: {}
COMMAND: POST /session/36177e4d45fb5698ad30062df7661002/execute/sync - {"script":"<script> [8489 bytes]","args":[{"element-6066-11e4-a52e-4f735466cecf":"f.165F0B9F83AB8D5533DBC2556707DBA6.d.6464C32B6371E34F994492AB925C6C1D.e.17195","ELEMENT":"f.165F0B9F83AB8D5533DBC2556707DBA6.d.6464C32B6371E34F994492AB925C6C1D.e.17195"}]}
COMMAND: GET /session/36177e4d45fb5698ad30062df7661002/screenshot - {}
RESULT: {}
RESULT: {"script":"<script> [8489 bytes]","args":[{"element-6066-11e4-a52e-4f735466cecf":"f.165F0B9F83AB8D5533DBC2556707DBA6.d.6464C32B6371E34F994492AB925C6C1D.e.17195","ELEMENT":"f.165F0B9F83AB8D5533DBC2556707DBA6.d.6464C32B6371E34F994492AB925C6C1D.e.17195"}]}
COMMAND: POST /session/36177e4d45fb5698ad30062df7661002/execute/sync - {"script":"<script> [5351 bytes]","args":[{"element-6066-11e4-a52e-4f735466cecf":"f.165F0B9F83AB8D5533DBC2556707DBA6.d.6464C32B6371E34F994492AB925C6C1D.e.17195","ELEMENT":"f.165F0B9F83AB8D5533DBC2556707DBA6.d.6464C32B6371E34F994492AB925C6C1D.e.17195"}]}
COMMAND: GET /session/36177e4d45fb5698ad30062df7661002/screenshot - {}
RESULT: {}
RESULT: {"script":"<script> [5351 bytes]","args":[{"element-6066-11e4-a52e-4f735466cecf":"f.165F0B9F83AB8D5533DBC2556707DBA6.d.6464C32B6371E34F994492AB925C6C1D.e.17195","ELEMENT":"f.165F0B9F83AB8D5533DBC2556707DBA6.d.6464C32B6371E34F994492AB925C6C1D.e.17195"}]}
COMMAND: GET /session/36177e4d45fb5698ad30062df7661002/screenshot - {}
RESULT: {}
RESULT: {}
COMMAND: POST /session/36177e4d45fb5698ad30062df7661002/element/f.165F0B9F83AB8D5533DBC2556707DBA6.d.6464C32B6371E34F994492AB925C6C1D.e.17195/click - {}
RESULT: {}
COMMAND: GET /session/36177e4d45fb5698ad30062df7661002/screenshot - {}
COMMAND: POST /session/36177e4d45fb5698ad30062df7661002/execute/async - {"script":"<script> [1562 bytes]","args":[{"selector":{"id":"application-managecontracts-display-component---AddNewContract--projectDescription","interaction":{"idSuffix":"inner"}},"wdio_ui5_key":"applicationmanagecontracts-display-component---AddNewContract--projectDescription"}]}
RESULT: {}
RESULT: {"script":"<script> [1562 bytes]","args":[{"selector":{"id":"application-managecontracts-display-component---AddNewContract--projectDescription","interaction":{"idSuffix":"inner"}},"wdio_ui5_key":"applicationmanagecontracts-display-component---AddNewContract--projectDescription"}]}
RESULT: undefined
COMMAND: POST /session/36177e4d45fb5698ad30062df7661002/execute/async - {"script":"<script> [776 bytes]","args":[{"enterText":"Performance Contract WDIO","selector":{"id":"application-managecontracts-display-component---AddNewContract--projectDescription","interaction":{"idSuffix":"inner"}},"clearTextFirst":true,"interactionType":"ENTER_TEXT"}]}
RESULT: {"script":"<script> [776 bytes]","args":[{"enterText":"Performance Contract WDIO","selector":{"id":"application-managecontracts-display-component---AddNewContract--projectDescription","interaction":{"idSuffix":"inner"}},"clearTextFirst":true,"interactionType":"ENTER_TEXT"}]}
COMMAND: POST /session/36177e4d45fb5698ad30062df7661002/element - {"using":"xpath","value":"//input[@id=\"application-managecontracts-display-component---AddNewContract--site-inner\"]"}
RESULT: {"using":"xpath","value":"//input[@id=\"application-managecontracts-display-component---AddNewContract--site-inner\"]"}
COMMAND: POST /session/36177e4d45fb5698ad30062df7661002/element/f.165F0B9F83AB8D5533DBC2556707DBA6.d.6464C32B6371E34F994492AB925C6C1D.e.17554/clear - {}
RESULT: {}
COMMAND: POST /session/36177e4d45fb5698ad30062df7661002/element/f.165F0B9F83AB8D5533DBC2556707DBA6.d.6464C32B6371E34F994492AB925C6C1D.e.17554/value - {"text":"2203"}
COMMAND: GET /session/36177e4d45fb5698ad30062df7661002/screenshot - {}
RESULT: {"text":"2203"}
COMMAND: GET /session/36177e4d45fb5698ad30062df7661002/screenshot - {}
RESULT: {}
RESULT: {}
COMMAND: POST /session/36177e4d45fb5698ad30062df7661002/element - {"using":"xpath","value":"//li[.//span[text()='2203']]"}
RESULT: {"using":"xpath","value":"//li[.//span[text()='2203']]"}
COMMAND: POST /session/36177e4d45fb5698ad30062df7661002/element/f.165F0B9F83AB8D5533DBC2556707DBA6.d.6464C32B6371E34F994492AB925C6C1D.e.17583/click - {}
RESULT: {}
COMMAND: GET /session/36177e4d45fb5698ad30062df7661002/screenshot - {}
RESULT: {}
COMMAND: POST /session/36177e4d45fb5698ad30062df7661002/element - {"using":"xpath","value":"//input[@id=\"application-managecontracts-display-component---AddNewContract--yardId-inner\"]"}
RESULT: {"using":"xpath","value":"//input[@id=\"application-managecontracts-display-component---AddNewContract--yardId-inner\"]"}
COMMAND: GET /session/36177e4d45fb5698ad30062df7661002/element/f.165F0B9F83AB8D5533DBC2556707DBA6.d.6464C32B6371E34F994492AB925C6C1D.e.17555/property/value - {}
RESULT: {}
COMMAND: POST /session/36177e4d45fb5698ad30062df7661002/element - {"using":"xpath","value":"//input[@id=\"application-managecontracts-display-component---AddNewContract--customerSelect-inner\"]"}
COMMAND: GET /session/36177e4d45fb5698ad30062df7661002/screenshot - {}
RESULT: {"using":"xpath","value":"//input[@id=\"application-managecontracts-display-component---AddNewContract--customerSelect-inner\"]"}
COMMAND: POST /session/36177e4d45fb5698ad30062df7661002/element/f.165F0B9F83AB8D5533DBC2556707DBA6.d.6464C32B6371E34F994492AB925C6C1D.e.17553/clear - {}
RESULT: {}
RESULT: {}
COMMAND: POST /session/36177e4d45fb5698ad30062df7661002/element/f.165F0B9F83AB8D5533DBC2556707DBA6.d.6464C32B6371E34F994492AB925C6C1D.e.17553/value - {"text":"1244"}
COMMAND: GET /session/36177e4d45fb5698ad30062df7661002/screenshot - {}
RESULT: {"text":"1244"}
COMMAND: GET /session/36177e4d45fb5698ad30062df7661002/screenshot - {}
RESULT: {}
RESULT: {}
COMMAND: POST /session/36177e4d45fb5698ad30062df7661002/element - {"using":"xpath","value":"//li[.//span[text()='1244']]"}
RESULT: {"using":"xpath","value":"//li[.//span[text()='1244']]"}
COMMAND: POST /session/36177e4d45fb5698ad30062df7661002/element/f.165F0B9F83AB8D5533DBC2556707DBA6.d.6464C32B6371E34F994492AB925C6C1D.e.17586/click - {}
RESULT: {}
COMMAND: GET /session/36177e4d45fb5698ad30062df7661002/screenshot - {}
RESULT: {}
COMMAND: POST /session/36177e4d45fb5698ad30062df7661002/element - {"using":"xpath","value":"//button[@data-kt=\"saveButton\"]"}
RESULT: {"using":"xpath","value":"//button[@data-kt=\"saveButton\"]"}
COMMAND: POST /session/36177e4d45fb5698ad30062df7661002/element/f.165F0B9F83AB8D5533DBC2556707DBA6.d.6464C32B6371E34F994492AB925C6C1D.e.17587/click - {}
RESULT: {}
COMMAND: GET /session/36177e4d45fb5698ad30062df7661002/screenshot - {}
RESULT: {}
COMMAND: POST /session/36177e4d45fb5698ad30062df7661002/element - {"using":"xpath","value":"//span[contains(@id ,\"contractDetailTitleNoExpanded\")]"}
RESULT: {"using":"xpath","value":"//span[contains(@id ,\"contractDetailTitleNoExpanded\")]"}
COMMAND: POST /session/36177e4d45fb5698ad30062df7661002/elements - {"using":"xpath","value":"//span[contains(@id ,\"contractDetailTitleNoExpanded\")]"}
RESULT: {"using":"xpath","value":"//span[contains(@id ,\"contractDetailTitleNoExpanded\")]"}
COMMAND: POST /session/36177e4d45fb5698ad30062df7661002/execute/sync - {"script":"<script> [56 bytes]","args":[{"element-6066-11e4-a52e-4f735466cecf":"f.165F0B9F83AB8D5533DBC2556707DBA6.d.6464C32B6371E34F994492AB925C6C1D.e.17659","ELEMENT":"f.165F0B9F83AB8D5533DBC2556707DBA6.d.6464C32B6371E34F994492AB925C6C1D.e.17659"}]}
RESULT: {"script":"<script> [56 bytes]","args":[{"element-6066-11e4-a52e-4f735466cecf":"f.165F0B9F83AB8D5533DBC2556707DBA6.d.6464C32B6371E34F994492AB925C6C1D.e.17659","ELEMENT":"f.165F0B9F83AB8D5533DBC2556707DBA6.d.6464C32B6371E34F994492AB925C6C1D.e.17659"}]}
COMMAND: GET /session/36177e4d45fb5698ad30062df7661002/screenshot - {}
RESULT: {}
]]></system-out>
    </testcase>
    <testcase classname="chrome.136_0_7103_93.windows.Performance_based_billing_(work_days)_US139742" name="Should add equipment to the contract" time="47.83">
      <system-out><![CDATA[
COMMAND: POST /session/36177e4d45fb5698ad30062df7661002/element - {"using":"xpath","value":"//button[@data-kt=\"contractDetailEditBtnButton\"]"}
RESULT: {"using":"xpath","value":"//button[@data-kt=\"contractDetailEditBtnButton\"]"}
COMMAND: POST /session/36177e4d45fb5698ad30062df7661002/element/f.165F0B9F83AB8D5533DBC2556707DBA6.d.6464C32B6371E34F994492AB925C6C1D.e.17661/click - {}
RESULT: {}
COMMAND: GET /session/36177e4d45fb5698ad30062df7661002/screenshot - {}
RESULT: {}
COMMAND: POST /session/36177e4d45fb5698ad30062df7661002/element - {"using":"xpath","value":"(//span[contains(text(), \"Additional Addresses\")])[2]"}
RESULT: {"using":"xpath","value":"(//span[contains(text(), \"Additional Addresses\")])[2]"}
COMMAND: POST /session/36177e4d45fb5698ad30062df7661002/element/f.165F0B9F83AB8D5533DBC2556707DBA6.d.6464C32B6371E34F994492AB925C6C1D.e.17716/click - {}
RESULT: {}
COMMAND: GET /session/36177e4d45fb5698ad30062df7661002/screenshot - {}
RESULT: {}
COMMAND: POST /session/36177e4d45fb5698ad30062df7661002/element - {"using":"xpath","value":"//button[@data-kt=\"btnAddTableRowOverflowToolbarButton\"]"}
RESULT: {"using":"xpath","value":"//button[@data-kt=\"btnAddTableRowOverflowToolbarButton\"]"}
COMMAND: POST /session/36177e4d45fb5698ad30062df7661002/element/f.165F0B9F83AB8D5533DBC2556707DBA6.d.6464C32B6371E34F994492AB925C6C1D.e.17719/click - {}
RESULT: {}
COMMAND: GET /session/36177e4d45fb5698ad30062df7661002/screenshot - {}
RESULT: {}
COMMAND: POST /session/36177e4d45fb5698ad30062df7661002/element - {"using":"xpath","value":"//div[(text() = 'Standard Entry' or . = 'Standard Entry')]"}
RESULT: {"using":"xpath","value":"//div[(text() = 'Standard Entry' or . = 'Standard Entry')]"}
COMMAND: POST /session/36177e4d45fb5698ad30062df7661002/element/f.165F0B9F83AB8D5533DBC2556707DBA6.d.6464C32B6371E34F994492AB925C6C1D.e.17721/click - {}
RESULT: {}
COMMAND: GET /session/36177e4d45fb5698ad30062df7661002/screenshot - {}
RESULT: {}
COMMAND: POST /session/36177e4d45fb5698ad30062df7661002/element - {"using":"xpath","value":"//td[7]/div/div/input"}
RESULT: {"using":"xpath","value":"//td[7]/div/div/input"}
COMMAND: POST /session/36177e4d45fb5698ad30062df7661002/element/f.165F0B9F83AB8D5533DBC2556707DBA6.d.6464C32B6371E34F994492AB925C6C1D.e.17730/clear - {}
RESULT: {}
COMMAND: POST /session/36177e4d45fb5698ad30062df7661002/element/f.165F0B9F83AB8D5533DBC2556707DBA6.d.6464C32B6371E34F994492AB925C6C1D.e.17730/value - {"text":"mtigTLRf1o"}
COMMAND: GET /session/36177e4d45fb5698ad30062df7661002/screenshot - {}
RESULT: {"text":"mtigTLRf1o"}
COMMAND: GET /session/36177e4d45fb5698ad30062df7661002/screenshot - {}
RESULT: {}
RESULT: {}
COMMAND: POST /session/36177e4d45fb5698ad30062df7661002/actions - {"actions":[{"id":"action62","type":"key","parameters":{},"actions":[{"type":"keyDown","value":"î€‡"},{"type":"pause","duration":10},{"type":"keyUp","value":"î€‡"}]}]}
RESULT: {"actions":[{"id":"action62","type":"key","parameters":{},"actions":[{"type":"keyDown","value":"î€‡"},{"type":"pause","duration":10},{"type":"keyUp","value":"î€‡"}]}]}
COMMAND: GET /session/36177e4d45fb5698ad30062df7661002/screenshot - {}
RESULT: {}
COMMAND: POST /session/36177e4d45fb5698ad30062df7661002/execute/sync - {"script":"<script> [276 bytes]","args":["No pricing information was found"]}
RESULT: {"script":"<script> [276 bytes]","args":["No pricing information was found"]}
COMMAND: POST /session/36177e4d45fb5698ad30062df7661002/element - {"using":"xpath","value":"(//button[@data-kt=\"saveButton\"])[2]"}
COMMAND: GET /session/36177e4d45fb5698ad30062df7661002/screenshot - {}
RESULT: {"using":"xpath","value":"(//button[@data-kt=\"saveButton\"])[2]"}
COMMAND: POST /session/36177e4d45fb5698ad30062df7661002/element/f.165F0B9F83AB8D5533DBC2556707DBA6.d.6464C32B6371E34F994492AB925C6C1D.e.17745/click - {}
RESULT: {}
RESULT: {}
COMMAND: GET /session/36177e4d45fb5698ad30062df7661002/screenshot - {}
RESULT: {}
COMMAND: POST /session/36177e4d45fb5698ad30062df7661002/execute/sync - {"script":"<script> [276 bytes]","args":["Some contract items are having rental validity exceeding header rental validity"]}
RESULT: {"script":"<script> [276 bytes]","args":["Some contract items are having rental validity exceeding header rental validity"]}
COMMAND: GET /session/36177e4d45fb5698ad30062df7661002/screenshot - {}
RESULT: {}
COMMAND: POST /session/36177e4d45fb5698ad30062df7661002/element - {"using":"xpath","value":"//span[contains(@id ,\"contractItemsSmartTable-header-inner\")]"}
RESULT: {"using":"xpath","value":"//span[contains(@id ,\"contractItemsSmartTable-header-inner\")]"}
COMMAND: POST /session/36177e4d45fb5698ad30062df7661002/elements - {"using":"xpath","value":"//span[contains(@id ,\"contractItemsSmartTable-header-inner\")]"}
RESULT: {"using":"xpath","value":"//span[contains(@id ,\"contractItemsSmartTable-header-inner\")]"}
COMMAND: POST /session/36177e4d45fb5698ad30062df7661002/execute/sync - {"script":"<script> [56 bytes]","args":[{"element-6066-11e4-a52e-4f735466cecf":"f.165F0B9F83AB8D5533DBC2556707DBA6.d.6464C32B6371E34F994492AB925C6C1D.e.17751","ELEMENT":"f.165F0B9F83AB8D5533DBC2556707DBA6.d.6464C32B6371E34F994492AB925C6C1D.e.17751"}]}
RESULT: {"script":"<script> [56 bytes]","args":[{"element-6066-11e4-a52e-4f735466cecf":"f.165F0B9F83AB8D5533DBC2556707DBA6.d.6464C32B6371E34F994492AB925C6C1D.e.17751","ELEMENT":"f.165F0B9F83AB8D5533DBC2556707DBA6.d.6464C32B6371E34F994492AB925C6C1D.e.17751"}]}
]]></system-out>
    </testcase>
    <testcase classname="chrome.136_0_7103_93.windows.Performance_based_billing_(work_days)_US139742" name="Should do a provide to site handover" time="68.304">
      <system-out><![CDATA[
COMMAND: POST /session/36177e4d45fb5698ad30062df7661002/element - {"using":"xpath","value":"//button[@data-kt=\"provideButton\"]"}
COMMAND: GET /session/36177e4d45fb5698ad30062df7661002/screenshot - {}
RESULT: {"using":"xpath","value":"//button[@data-kt=\"provideButton\"]"}
COMMAND: POST /session/36177e4d45fb5698ad30062df7661002/element/f.165F0B9F83AB8D5533DBC2556707DBA6.d.6464C32B6371E34F994492AB925C6C1D.e.17752/click - {}
RESULT: {}
RESULT: {}
COMMAND: GET /session/36177e4d45fb5698ad30062df7661002/screenshot - {}
RESULT: {}
RESULT: undefined
COMMAND: POST /session/36177e4d45fb5698ad30062df7661002/execute/async - {"script":"<script> [6424 bytes]","args":[{"element-6066-11e4-a52e-4f735466cecf":"f.165F0B9F83AB8D5533DBC2556707DBA6.d.6464C32B6371E34F994492AB925C6C1D.e.16754"},"setValue",["5/16/25"]]}
COMMAND: POST /session/36177e4d45fb5698ad30062df7661002/execute/async - {"script":"<script> [1562 bytes]","args":[{"selector":{"id":"application-managehandovers-display-component---AddNewHO--dueDate","interaction":{"idSuffix":"inner"}},"wdio_ui5_key":"applicationmanagehandovers-display-component---AddNewHO--dueDate"}]}
RESULT: {"script":"<script> [1562 bytes]","args":[{"selector":{"id":"application-managehandovers-display-component---AddNewHO--dueDate","interaction":{"idSuffix":"inner"}},"wdio_ui5_key":"applicationmanagehandovers-display-component---AddNewHO--dueDate"}]}
COMMAND: POST /session/36177e4d45fb5698ad30062df7661002/execute/async - {"script":"<script> [6424 bytes]","args":[{"element-6066-11e4-a52e-4f735466cecf":"f.165F0B9F83AB8D5533DBC2556707DBA6.d.6464C32B6371E34F994492AB925C6C1D.e.17828"},"setValue",["5/16/25"]]}
RESULT: {"script":"<script> [6424 bytes]","args":[{"element-6066-11e4-a52e-4f735466cecf":"f.165F0B9F83AB8D5533DBC2556707DBA6.d.6464C32B6371E34F994492AB925C6C1D.e.17828"},"setValue",["5/16/25"]]}
COMMAND: POST /session/36177e4d45fb5698ad30062df7661002/element - {"using":"xpath","value":"//bdi[contains(text(), \"Instructions\")]"}
RESULT: {"using":"xpath","value":"//bdi[contains(text(), \"Instructions\")]"}
COMMAND: POST /session/36177e4d45fb5698ad30062df7661002/element/f.165F0B9F83AB8D5533DBC2556707DBA6.d.6464C32B6371E34F994492AB925C6C1D.e.17911/click - {}
RESULT: {}
COMMAND: GET /session/36177e4d45fb5698ad30062df7661002/screenshot - {}
RESULT: {}
COMMAND: POST /session/36177e4d45fb5698ad30062df7661002/element - {"using":"xpath","value":"//button[@data-kt=\"AddNewHOProvideAddItemsButton\"]"}
RESULT: {"using":"xpath","value":"//button[@data-kt=\"AddNewHOProvideAddItemsButton\"]"}
COMMAND: POST /session/36177e4d45fb5698ad30062df7661002/element/f.165F0B9F83AB8D5533DBC2556707DBA6.d.6464C32B6371E34F994492AB925C6C1D.e.17915/click - {}
RESULT: {}
COMMAND: GET /session/36177e4d45fb5698ad30062df7661002/screenshot - {}
RESULT: {}
RESULT: undefined
COMMAND: POST /session/36177e4d45fb5698ad30062df7661002/element - {"using":"xpath","value":"//*[@id=\"application-managehandovers-display-component---AddNewHO--popup-sa\"]"}
RESULT: {"using":"xpath","value":"//*[@id=\"application-managehandovers-display-component---AddNewHO--popup-sa\"]"}
COMMAND: POST /session/36177e4d45fb5698ad30062df7661002/element/f.165F0B9F83AB8D5533DBC2556707DBA6.d.6464C32B6371E34F994492AB925C6C1D.e.17924/click - {}
RESULT: {}
COMMAND: GET /session/36177e4d45fb5698ad30062df7661002/screenshot - {}
RESULT: {}
COMMAND: POST /session/36177e4d45fb5698ad30062df7661002/element - {"using":"xpath","value":"//*[contains(@id ,\"BDI-content\")][contains(text(), \"Select\")]"}
RESULT: {"using":"xpath","value":"//*[contains(@id ,\"BDI-content\")][contains(text(), \"Select\")]"}
COMMAND: POST /session/36177e4d45fb5698ad30062df7661002/element/f.165F0B9F83AB8D5533DBC2556707DBA6.d.6464C32B6371E34F994492AB925C6C1D.e.17926/click - {}
RESULT: {}
COMMAND: GET /session/36177e4d45fb5698ad30062df7661002/screenshot - {}
RESULT: {}
COMMAND: POST /session/36177e4d45fb5698ad30062df7661002/execute/async - {"script":"<script> [1562 bytes]","args":[{"selector":{"id":"application-managehandovers-display-component---AddNewHO--confirmCreationButton","interaction":{"idSuffix":"BDI-content"}},"wdio_ui5_key":"applicationmanagehandovers-display-component---AddNewHO--confirmCreationButton"}]}
RESULT: {"script":"<script> [1562 bytes]","args":[{"selector":{"id":"application-managehandovers-display-component---AddNewHO--confirmCreationButton","interaction":{"idSuffix":"BDI-content"}},"wdio_ui5_key":"applicationmanagehandovers-display-component---AddNewHO--confirmCreationButton"}]}
RESULT: undefined
COMMAND: POST /session/36177e4d45fb5698ad30062df7661002/element - {"using":"xpath","value":"//*[@id=\"application-managehandovers-display-component---AddNewHO--confirmCreationButton\"]"}
RESULT: {"using":"xpath","value":"//*[@id=\"application-managehandovers-display-component---AddNewHO--confirmCreationButton\"]"}
COMMAND: POST /session/36177e4d45fb5698ad30062df7661002/element/f.165F0B9F83AB8D5533DBC2556707DBA6.d.6464C32B6371E34F994492AB925C6C1D.e.17873/click - {}
RESULT: {}
COMMAND: GET /session/36177e4d45fb5698ad30062df7661002/screenshot - {}
RESULT: {}
COMMAND: POST /session/36177e4d45fb5698ad30062df7661002/execute/async - {"script":"<script> [1562 bytes]","args":[{"selector":{"id":"issueDatePicker","viewName":"etm.portal.ui.managehandovers.view.DetailExecuteHO","interaction":{"idSuffix":"inner"}},"wdio_ui5_key":"issueDatePickeretmportal.ui.managehandovers.view.DetailExecuteHO"}]}
RESULT: {"script":"<script> [1562 bytes]","args":[{"selector":{"id":"issueDatePicker","viewName":"etm.portal.ui.managehandovers.view.DetailExecuteHO","interaction":{"idSuffix":"inner"}},"wdio_ui5_key":"issueDatePickeretmportal.ui.managehandovers.view.DetailExecuteHO"}]}
RESULT: undefined
COMMAND: POST /session/36177e4d45fb5698ad30062df7661002/execute/async - {"script":"<script> [776 bytes]","args":[{"enterText":"5/16/25","selector":{"id":"issueDatePicker","viewName":"etm.portal.ui.managehandovers.view.DetailExecuteHO","interaction":{"idSuffix":"inner"}},"clearTextFirst":true,"interactionType":"ENTER_TEXT"}]}
RESULT: {"script":"<script> [776 bytes]","args":[{"enterText":"5/16/25","selector":{"id":"issueDatePicker","viewName":"etm.portal.ui.managehandovers.view.DetailExecuteHO","interaction":{"idSuffix":"inner"}},"clearTextFirst":true,"interactionType":"ENTER_TEXT"}]}
COMMAND: POST /session/36177e4d45fb5698ad30062df7661002/element - {"using":"xpath","value":"//bdi[contains(text(), \"OK\")]"}
RESULT: {"using":"xpath","value":"//bdi[contains(text(), \"OK\")]"}
COMMAND: POST /session/36177e4d45fb5698ad30062df7661002/element/f.165F0B9F83AB8D5533DBC2556707DBA6.d.6464C32B6371E34F994492AB925C6C1D.e.17975/click - {}
RESULT: {}
COMMAND: GET /session/36177e4d45fb5698ad30062df7661002/screenshot - {}
RESULT: {}
COMMAND: POST /session/36177e4d45fb5698ad30062df7661002/element - {"using":"xpath","value":"//button[@data-kt=\"PickingTableConfirmAllButton\"]"}
RESULT: {"using":"xpath","value":"//button[@data-kt=\"PickingTableConfirmAllButton\"]"}
COMMAND: POST /session/36177e4d45fb5698ad30062df7661002/element/f.165F0B9F83AB8D5533DBC2556707DBA6.d.6464C32B6371E34F994492AB925C6C1D.e.17982/click - {}
RESULT: {}
COMMAND: GET /session/36177e4d45fb5698ad30062df7661002/screenshot - {}
RESULT: {}
COMMAND: POST /session/36177e4d45fb5698ad30062df7661002/element - {"using":"xpath","value":"//bdi[contains(text(), \"OK\")]"}
RESULT: {"using":"xpath","value":"//bdi[contains(text(), \"OK\")]"}
COMMAND: POST /session/36177e4d45fb5698ad30062df7661002/element/f.165F0B9F83AB8D5533DBC2556707DBA6.d.6464C32B6371E34F994492AB925C6C1D.e.17985/click - {}
RESULT: {}
COMMAND: GET /session/36177e4d45fb5698ad30062df7661002/screenshot - {}
RESULT: {}
COMMAND: POST /session/36177e4d45fb5698ad30062df7661002/element - {"using":"xpath","value":"//bdi[contains(text(), \"Issue\")]"}
RESULT: {"using":"xpath","value":"//bdi[contains(text(), \"Issue\")]"}
COMMAND: POST /session/36177e4d45fb5698ad30062df7661002/element/f.165F0B9F83AB8D5533DBC2556707DBA6.d.6464C32B6371E34F994492AB925C6C1D.e.17987/click - {}
RESULT: {}
COMMAND: GET /session/36177e4d45fb5698ad30062df7661002/screenshot - {}
RESULT: {}
COMMAND: POST /session/36177e4d45fb5698ad30062df7661002/element - {"using":"css selector","value":"#shell-header-logo"}
RESULT: {"using":"css selector","value":"#shell-header-logo"}
COMMAND: POST /session/36177e4d45fb5698ad30062df7661002/element/f.165F0B9F83AB8D5533DBC2556707DBA6.d.6464C32B6371E34F994492AB925C6C1D.e.17149/click - {}
RESULT: {}
COMMAND: GET /session/36177e4d45fb5698ad30062df7661002/screenshot - {}
RESULT: {}
]]></system-out>
    </testcase>
    <testcase classname="chrome.136_0_7103_93.windows.Performance_based_billing_(work_days)_US139742" name="Should create a few performance documents" time="107.927">
      <system-out><![CDATA[
COMMAND: POST /session/36177e4d45fb5698ad30062df7661002/execute/async - {"script":"<script> [1562 bytes]","args":[{"selector":{"controlType":"sap.m.GenericTile","properties":{"header":"Manage States & Performance"}},"wdio_ui5_key":"sapm.GenericTile{\"header\":\"Manage States & Performance\"}"}]}
RESULT: {"script":"<script> [1562 bytes]","args":[{"selector":{"controlType":"sap.m.GenericTile","properties":{"header":"Manage States & Performance"}},"wdio_ui5_key":"sapm.GenericTile{\"header\":\"Manage States & Performance\"}"}]}
RESULT: undefined
COMMAND: POST /session/36177e4d45fb5698ad30062df7661002/element - {"using":"xpath","value":"//*[@id=\"__tile56\"]"}
RESULT: {"using":"xpath","value":"//*[@id=\"__tile56\"]"}
COMMAND: POST /session/36177e4d45fb5698ad30062df7661002/element/f.165F0B9F83AB8D5533DBC2556707DBA6.d.6464C32B6371E34F994492AB925C6C1D.e.14650/click - {}
RESULT: {}
COMMAND: GET /session/36177e4d45fb5698ad30062df7661002/screenshot - {}
RESULT: {}
COMMAND: POST /session/36177e4d45fb5698ad30062df7661002/elements - {"using":"xpath","value":"//span[text()='Error']"}
RESULT: {"using":"xpath","value":"//span[text()='Error']"}
COMMAND: POST /session/36177e4d45fb5698ad30062df7661002/element - {"using":"xpath","value":"//div[@id=\"application-managestatesandperformance-display-component---stateAndPerform--smartFilterBarResources-btnBasicSearch\"]"}
RESULT: {"using":"xpath","value":"//div[@id=\"application-managestatesandperformance-display-component---stateAndPerform--smartFilterBarResources-btnBasicSearch\"]"}
COMMAND: POST /session/36177e4d45fb5698ad30062df7661002/elements - {"using":"xpath","value":"//div[@id=\"application-managestatesandperformance-display-component---stateAndPerform--smartFilterBarResources-btnBasicSearch\"]"}
RESULT: {"using":"xpath","value":"//div[@id=\"application-managestatesandperformance-display-component---stateAndPerform--smartFilterBarResources-btnBasicSearch\"]"}
COMMAND: POST /session/36177e4d45fb5698ad30062df7661002/execute/sync - {"script":"<script> [8489 bytes]","args":[{"element-6066-11e4-a52e-4f735466cecf":"f.165F0B9F83AB8D5533DBC2556707DBA6.d.6464C32B6371E34F994492AB925C6C1D.e.18388","ELEMENT":"f.165F0B9F83AB8D5533DBC2556707DBA6.d.6464C32B6371E34F994492AB925C6C1D.e.18388"}]}
RESULT: {"script":"<script> [8489 bytes]","args":[{"element-6066-11e4-a52e-4f735466cecf":"f.165F0B9F83AB8D5533DBC2556707DBA6.d.6464C32B6371E34F994492AB925C6C1D.e.18388","ELEMENT":"f.165F0B9F83AB8D5533DBC2556707DBA6.d.6464C32B6371E34F994492AB925C6C1D.e.18388"}]}
COMMAND: GET /session/36177e4d45fb5698ad30062df7661002/element/f.165F0B9F83AB8D5533DBC2556707DBA6.d.6464C32B6371E34F994492AB925C6C1D.e.18388/enabled - {}
COMMAND: GET /session/36177e4d45fb5698ad30062df7661002/screenshot - {}
RESULT: {}
COMMAND: POST /session/36177e4d45fb5698ad30062df7661002/execute/sync - {"script":"<script> [8489 bytes]","args":[{"element-6066-11e4-a52e-4f735466cecf":"f.165F0B9F83AB8D5533DBC2556707DBA6.d.6464C32B6371E34F994492AB925C6C1D.e.18388","ELEMENT":"f.165F0B9F83AB8D5533DBC2556707DBA6.d.6464C32B6371E34F994492AB925C6C1D.e.18388"}]}
COMMAND: GET /session/36177e4d45fb5698ad30062df7661002/screenshot - {}
RESULT: {}
RESULT: {"script":"<script> [8489 bytes]","args":[{"element-6066-11e4-a52e-4f735466cecf":"f.165F0B9F83AB8D5533DBC2556707DBA6.d.6464C32B6371E34F994492AB925C6C1D.e.18388","ELEMENT":"f.165F0B9F83AB8D5533DBC2556707DBA6.d.6464C32B6371E34F994492AB925C6C1D.e.18388"}]}
COMMAND: POST /session/36177e4d45fb5698ad30062df7661002/execute/sync - {"script":"<script> [5351 bytes]","args":[{"element-6066-11e4-a52e-4f735466cecf":"f.165F0B9F83AB8D5533DBC2556707DBA6.d.6464C32B6371E34F994492AB925C6C1D.e.18388","ELEMENT":"f.165F0B9F83AB8D5533DBC2556707DBA6.d.6464C32B6371E34F994492AB925C6C1D.e.18388"}]}
COMMAND: GET /session/36177e4d45fb5698ad30062df7661002/screenshot - {}
RESULT: {}
RESULT: {"script":"<script> [5351 bytes]","args":[{"element-6066-11e4-a52e-4f735466cecf":"f.165F0B9F83AB8D5533DBC2556707DBA6.d.6464C32B6371E34F994492AB925C6C1D.e.18388","ELEMENT":"f.165F0B9F83AB8D5533DBC2556707DBA6.d.6464C32B6371E34F994492AB925C6C1D.e.18388"}]}
COMMAND: POST /session/36177e4d45fb5698ad30062df7661002/execute/async - {"script":"<script> [1562 bytes]","args":[{"selector":{"id":"application-managestatesandperformance-display-component---stateAndPerform--smartFilterBarResources-btnBasicSearch","interaction":{"idSuffix":"I"}},"wdio_ui5_key":"applicationmanagestatesandperformance-display-component---stateAndPerform--smartFilterBarResources-btnBasicSearch"}]}
COMMAND: GET /session/36177e4d45fb5698ad30062df7661002/screenshot - {}
RESULT: {}
RESULT: {"script":"<script> [1562 bytes]","args":[{"selector":{"id":"application-managestatesandperformance-display-component---stateAndPerform--smartFilterBarResources-btnBasicSearch","interaction":{"idSuffix":"I"}},"wdio_ui5_key":"applicationmanagestatesandperformance-display-component---stateAndPerform--smartFilterBarResources-btnBasicSearch"}]}
RESULT: undefined
COMMAND: POST /session/36177e4d45fb5698ad30062df7661002/execute/async - {"script":"<script> [776 bytes]","args":[{"enterText":"mtigTLRf1o","selector":{"id":"application-managestatesandperformance-display-component---stateAndPerform--smartFilterBarResources-btnBasicSearch","interaction":{"idSuffix":"I"}},"clearTextFirst":true,"interactionType":"ENTER_TEXT"}]}
RESULT: {}
RESULT: {"script":"<script> [776 bytes]","args":[{"enterText":"mtigTLRf1o","selector":{"id":"application-managestatesandperformance-display-component---stateAndPerform--smartFilterBarResources-btnBasicSearch","interaction":{"idSuffix":"I"}},"clearTextFirst":true,"interactionType":"ENTER_TEXT"}]}
COMMAND: POST /session/36177e4d45fb5698ad30062df7661002/actions - {"actions":[{"id":"action63","type":"key","parameters":{},"actions":[{"type":"keyDown","value":"î€‡"},{"type":"pause","duration":10},{"type":"keyUp","value":"î€‡"}]}]}
RESULT: {"actions":[{"id":"action63","type":"key","parameters":{},"actions":[{"type":"keyDown","value":"î€‡"},{"type":"pause","duration":10},{"type":"keyUp","value":"î€‡"}]}]}
COMMAND: GET /session/36177e4d45fb5698ad30062df7661002/screenshot - {}
RESULT: {}
COMMAND: POST /session/36177e4d45fb5698ad30062df7661002/execute/async - {"script":"<script> [1562 bytes]","args":[{"selector":{"id":"application-managestatesandperformance-display-component---stateAndPerform--stateAndPerformResourcesSmartTable-header"},"wdio_ui5_key":"applicationmanagestatesandperformance-display-component---stateAndPerform--stateAndPerformResourcesSmartTable-header"}]}
RESULT: {"script":"<script> [1562 bytes]","args":[{"selector":{"id":"application-managestatesandperformance-display-component---stateAndPerform--stateAndPerformResourcesSmartTable-header"},"wdio_ui5_key":"applicationmanagestatesandperformance-display-component---stateAndPerform--stateAndPerformResourcesSmartTable-header"}]}
RESULT: undefined
COMMAND: POST /session/36177e4d45fb5698ad30062df7661002/execute/async - {"script":"<script> [6424 bytes]","args":[{"element-6066-11e4-a52e-4f735466cecf":"f.165F0B9F83AB8D5533DBC2556707DBA6.d.6464C32B6371E34F994492AB925C6C1D.e.18403"},"getText",[]]}
RESULT: {"script":"<script> [6424 bytes]","args":[{"element-6066-11e4-a52e-4f735466cecf":"f.165F0B9F83AB8D5533DBC2556707DBA6.d.6464C32B6371E34F994492AB925C6C1D.e.18403"},"getText",[]]}
COMMAND: POST /session/36177e4d45fb5698ad30062df7661002/execute/async - {"script":"<script> [1562 bytes]","args":[{"selector":{"controlType":"sap.ui.core.Icon","viewName":"etm.portal.ui.managestatesandperformance.view.Master","viewId":"application-managestatesandperformance-display-component---stateAndPerform","properties":{"src":{"regex":{"source":"slim\\-arrow\\-right"}}}},"wdio_ui5_key":"etmportal.ui.managestatesandperformance.view.Mastersap.ui.core.Icon{\"src\":{\"regex\":{\"source\":\"slim\\\\-arrow\\\\-right\"}}}"}]}
RESULT: {"script":"<script> [1562 bytes]","args":[{"selector":{"controlType":"sap.ui.core.Icon","viewName":"etm.portal.ui.managestatesandperformance.view.Master","viewId":"application-managestatesandperformance-display-component---stateAndPerform","properties":{"src":{"regex":{"source":"slim\\-arrow\\-right"}}}},"wdio_ui5_key":"etmportal.ui.managestatesandperformance.view.Mastersap.ui.core.Icon{\"src\":{\"regex\":{\"source\":\"slim\\\\-arrow\\\\-right\"}}}"}]}
RESULT: undefined
COMMAND: POST /session/36177e4d45fb5698ad30062df7661002/element - {"using":"xpath","value":"//*[@id=\"__item2042-__clone3736-imgNav\"]"}
RESULT: {"using":"xpath","value":"//*[@id=\"__item2042-__clone3736-imgNav\"]"}
COMMAND: POST /session/36177e4d45fb5698ad30062df7661002/element/f.165F0B9F83AB8D5533DBC2556707DBA6.d.6464C32B6371E34F994492AB925C6C1D.e.18402/click - {}
RESULT: {}
COMMAND: GET /session/36177e4d45fb5698ad30062df7661002/screenshot - {}
RESULT: {}
COMMAND: POST /session/36177e4d45fb5698ad30062df7661002/execute/async - {"script":"<script> [1562 bytes]","args":[{"selector":{"controlType":"sap.m.Button","viewName":"etm.portal.ui.managestatesandperformance.view.Detail","viewId":"application-managestatesandperformance-display-component---detailStateAndPerform","properties":{"text":"Performance Documents"}},"wdio_ui5_key":"etmportal.ui.managestatesandperformance.view.Detailsap.m.Button{\"text\":\"Performance Documents\"}"}]}
RESULT: {"script":"<script> [1562 bytes]","args":[{"selector":{"controlType":"sap.m.Button","viewName":"etm.portal.ui.managestatesandperformance.view.Detail","viewId":"application-managestatesandperformance-display-component---detailStateAndPerform","properties":{"text":"Performance Documents"}},"wdio_ui5_key":"etmportal.ui.managestatesandperformance.view.Detailsap.m.Button{\"text\":\"Performance Documents\"}"}]}
RESULT: undefined
COMMAND: POST /session/36177e4d45fb5698ad30062df7661002/element - {"using":"xpath","value":"//*[@id=\"__item2065-button\"]"}
RESULT: {"using":"xpath","value":"//*[@id=\"__item2065-button\"]"}
COMMAND: POST /session/36177e4d45fb5698ad30062df7661002/element/f.165F0B9F83AB8D5533DBC2556707DBA6.d.6464C32B6371E34F994492AB925C6C1D.e.18447/click - {}
RESULT: {}
COMMAND: POST /session/36177e4d45fb5698ad30062df7661002/execute/async - {"script":"<script> [1562 bytes]","args":[{"selector":{"controlType":"sap.m.Button","viewName":"etm.portal.ui.managestatesandperformance.view.Detail","viewId":"application-managestatesandperformance-display-component---detailStateAndPerform","i18NText":{"propertyName":"text","key":"createPerformanceDoc"},"interaction":{"idSuffix":"BDI-content"}},"wdio_ui5_key":"etmportal.ui.managestatesandperformance.view.Detailsap.m.Button{\"propertyName\":\"text\",\"key\":\"createPerformanceDoc\"}"}]}
COMMAND: GET /session/36177e4d45fb5698ad30062df7661002/screenshot - {}
RESULT: {"script":"<script> [1562 bytes]","args":[{"selector":{"controlType":"sap.m.Button","viewName":"etm.portal.ui.managestatesandperformance.view.Detail","viewId":"application-managestatesandperformance-display-component---detailStateAndPerform","i18NText":{"propertyName":"text","key":"createPerformanceDoc"},"interaction":{"idSuffix":"BDI-content"}},"wdio_ui5_key":"etmportal.ui.managestatesandperformance.view.Detailsap.m.Button{\"propertyName\":\"text\",\"key\":\"createPerformanceDoc\"}"}]}
RESULT: undefined
COMMAND: POST /session/36177e4d45fb5698ad30062df7661002/element - {"using":"xpath","value":"//*[@id=\"__button369\"]"}
RESULT: {}
RESULT: {"using":"xpath","value":"//*[@id=\"__button369\"]"}
COMMAND: POST /session/36177e4d45fb5698ad30062df7661002/element/f.165F0B9F83AB8D5533DBC2556707DBA6.d.6464C32B6371E34F994492AB925C6C1D.e.18451/click - {}
RESULT: {}
COMMAND: POST /session/36177e4d45fb5698ad30062df7661002/execute/async - {"script":"<script> [1562 bytes]","args":[{"selector":{"id":"application-managestatesandperformance-display-component---detailStateAndPerform--perfDocDatePicker","searchOpenDialogs":true,"interaction":{"idSuffix":"inner"}},"wdio_ui5_key":"applicationmanagestatesandperformance-display-component---detailStateAndPerform--perfDocDatePicker"}]}
COMMAND: GET /session/36177e4d45fb5698ad30062df7661002/screenshot - {}
RESULT: {"script":"<script> [1562 bytes]","args":[{"selector":{"id":"application-managestatesandperformance-display-component---detailStateAndPerform--perfDocDatePicker","searchOpenDialogs":true,"interaction":{"idSuffix":"inner"}},"wdio_ui5_key":"applicationmanagestatesandperformance-display-component---detailStateAndPerform--perfDocDatePicker"}]}
RESULT: undefined
COMMAND: POST /session/36177e4d45fb5698ad30062df7661002/execute/async - {"script":"<script> [776 bytes]","args":[{"enterText":"5/18/25","selector":{"id":"application-managestatesandperformance-display-component---detailStateAndPerform--perfDocDatePicker","searchOpenDialogs":true,"interaction":{"idSuffix":"inner"}},"clearTextFirst":true,"interactionType":"ENTER_TEXT"}]}
RESULT: {}
RESULT: {"script":"<script> [776 bytes]","args":[{"enterText":"5/18/25","selector":{"id":"application-managestatesandperformance-display-component---detailStateAndPerform--perfDocDatePicker","searchOpenDialogs":true,"interaction":{"idSuffix":"inner"}},"clearTextFirst":true,"interactionType":"ENTER_TEXT"}]}
COMMAND: POST /session/36177e4d45fb5698ad30062df7661002/execute/async - {"script":"<script> [1562 bytes]","args":[{"selector":{"id":"application-managestatesandperformance-display-component---detailStateAndPerform--counterValue-input","searchOpenDialogs":true,"interaction":{"idSuffix":"inner"}},"wdio_ui5_key":"applicationmanagestatesandperformance-display-component---detailStateAndPerform--counterValue-input"}]}
RESULT: {"script":"<script> [1562 bytes]","args":[{"selector":{"id":"application-managestatesandperformance-display-component---detailStateAndPerform--counterValue-input","searchOpenDialogs":true,"interaction":{"idSuffix":"inner"}},"wdio_ui5_key":"applicationmanagestatesandperformance-display-component---detailStateAndPerform--counterValue-input"}]}
RESULT: undefined
COMMAND: POST /session/36177e4d45fb5698ad30062df7661002/execute/async - {"script":"<script> [776 bytes]","args":[{"enterText":"15.00","selector":{"id":"application-managestatesandperformance-display-component---detailStateAndPerform--counterValue-input","searchOpenDialogs":true,"interaction":{"idSuffix":"inner"}},"clearTextFirst":true,"interactionType":"ENTER_TEXT"}]}
RESULT: {"script":"<script> [776 bytes]","args":[{"enterText":"15.00","selector":{"id":"application-managestatesandperformance-display-component---detailStateAndPerform--counterValue-input","searchOpenDialogs":true,"interaction":{"idSuffix":"inner"}},"clearTextFirst":true,"interactionType":"ENTER_TEXT"}]}
COMMAND: POST /session/36177e4d45fb5698ad30062df7661002/execute/async - {"script":"<script> [1562 bytes]","args":[{"selector":{"controlType":"sap.m.Button","viewName":"etm.portal.ui.managestatesandperformance.view.Detail","viewId":"application-managestatesandperformance-display-component---detailStateAndPerform","bindingPath":{"path":"","propertyPath":"/allowAddEdit","modelName":"oScreenModel"},"searchOpenDialogs":true,"interaction":{"idSuffix":"BDI-content"}},"wdio_ui5_key":"etmportal.ui.managestatesandperformance.view.Detailsap.m.Button{\"path\":\"\",\"propertyPath\":\"/allowAddEdit\",\"modelName\":\"oScreenModel\"}"}]}
RESULT: {"script":"<script> [1562 bytes]","args":[{"selector":{"controlType":"sap.m.Button","viewName":"etm.portal.ui.managestatesandperformance.view.Detail","viewId":"application-managestatesandperformance-display-component---detailStateAndPerform","bindingPath":{"path":"","propertyPath":"/allowAddEdit","modelName":"oScreenModel"},"searchOpenDialogs":true,"interaction":{"idSuffix":"BDI-content"}},"wdio_ui5_key":"etmportal.ui.managestatesandperformance.view.Detailsap.m.Button{\"path\":\"\",\"propertyPath\":\"/allowAddEdit\",\"modelName\":\"oScreenModel\"}"}]}
RESULT: undefined
COMMAND: POST /session/36177e4d45fb5698ad30062df7661002/element - {"using":"xpath","value":"//*[@id=\"__button376\"]"}
RESULT: {"using":"xpath","value":"//*[@id=\"__button376\"]"}
COMMAND: POST /session/36177e4d45fb5698ad30062df7661002/element/f.165F0B9F83AB8D5533DBC2556707DBA6.d.6464C32B6371E34F994492AB925C6C1D.e.18472/click - {}
RESULT: {}
RESULT: undefined
COMMAND: POST /session/36177e4d45fb5698ad30062df7661002/element - {"using":"xpath","value":"//*[@id=\"__button369\"]"}
COMMAND: GET /session/36177e4d45fb5698ad30062df7661002/screenshot - {}
RESULT: {"using":"xpath","value":"//*[@id=\"__button369\"]"}
COMMAND: POST /session/36177e4d45fb5698ad30062df7661002/element/f.165F0B9F83AB8D5533DBC2556707DBA6.d.6464C32B6371E34F994492AB925C6C1D.e.18451/click - {}
RESULT: {}
RESULT: {}
RESULT: undefined
COMMAND: POST /session/36177e4d45fb5698ad30062df7661002/execute/async - {"script":"<script> [776 bytes]","args":[{"enterText":"5/22/25","selector":{"id":"application-managestatesandperformance-display-component---detailStateAndPerform--perfDocDatePicker","searchOpenDialogs":true,"interaction":{"idSuffix":"inner"}},"clearTextFirst":true,"interactionType":"ENTER_TEXT"}]}
COMMAND: GET /session/36177e4d45fb5698ad30062df7661002/screenshot - {}
RESULT: {"script":"<script> [776 bytes]","args":[{"enterText":"5/22/25","selector":{"id":"application-managestatesandperformance-display-component---detailStateAndPerform--perfDocDatePicker","searchOpenDialogs":true,"interaction":{"idSuffix":"inner"}},"clearTextFirst":true,"interactionType":"ENTER_TEXT"}]}
RESULT: undefined
COMMAND: POST /session/36177e4d45fb5698ad30062df7661002/execute/async - {"script":"<script> [776 bytes]","args":[{"enterText":"20.00","selector":{"id":"application-managestatesandperformance-display-component---detailStateAndPerform--counterValue-input","searchOpenDialogs":true,"interaction":{"idSuffix":"inner"}},"clearTextFirst":true,"interactionType":"ENTER_TEXT"}]}
RESULT: {}
RESULT: {"script":"<script> [776 bytes]","args":[{"enterText":"20.00","selector":{"id":"application-managestatesandperformance-display-component---detailStateAndPerform--counterValue-input","searchOpenDialogs":true,"interaction":{"idSuffix":"inner"}},"clearTextFirst":true,"interactionType":"ENTER_TEXT"}]}
COMMAND: POST /session/36177e4d45fb5698ad30062df7661002/actions - {"actions":[{"id":"action64","type":"key","parameters":{},"actions":[{"type":"keyDown","value":"î€„"},{"type":"keyDown","value":"î€„"},{"type":"pause","duration":10},{"type":"keyUp","value":"î€„"},{"type":"keyUp","value":"î€„"}]}]}
RESULT: {"actions":[{"id":"action64","type":"key","parameters":{},"actions":[{"type":"keyDown","value":"î€„"},{"type":"keyDown","value":"î€„"},{"type":"pause","duration":10},{"type":"keyUp","value":"î€„"},{"type":"keyUp","value":"î€„"}]}]}
COMMAND: POST /session/36177e4d45fb5698ad30062df7661002/actions - {"actions":[{"id":"action65","type":"key","parameters":{},"actions":[{"type":"keyDown","value":"î€‡"},{"type":"pause","duration":10},{"type":"keyUp","value":"î€‡"}]}]}
COMMAND: GET /session/36177e4d45fb5698ad30062df7661002/screenshot - {}
RESULT: {"actions":[{"id":"action65","type":"key","parameters":{},"actions":[{"type":"keyDown","value":"î€‡"},{"type":"pause","duration":10},{"type":"keyUp","value":"î€‡"}]}]}
RESULT: undefined
COMMAND: POST /session/36177e4d45fb5698ad30062df7661002/element - {"using":"xpath","value":"//*[@id=\"__button376\"]"}
COMMAND: GET /session/36177e4d45fb5698ad30062df7661002/screenshot - {}
RESULT: {}
RESULT: {"using":"xpath","value":"//*[@id=\"__button376\"]"}
COMMAND: POST /session/36177e4d45fb5698ad30062df7661002/elements - {"using":"xpath","value":"//*[@id=\"__button376\"]"}
RESULT: {}
RESULT: {"using":"xpath","value":"//*[@id=\"__button376\"]"}
COMMAND: POST /session/36177e4d45fb5698ad30062df7661002/elements - {"using":"xpath","value":"//*[@id=\"__button376\"]"}
RESULT: {"using":"xpath","value":"//*[@id=\"__button376\"]"}
COMMAND: POST /session/36177e4d45fb5698ad30062df7661002/elements - {"using":"xpath","value":"//*[@id=\"__button376\"]"}
RESULT: {"using":"xpath","value":"//*[@id=\"__button376\"]"}
COMMAND: POST /session/36177e4d45fb5698ad30062df7661002/elements - {"using":"xpath","value":"//*[@id=\"__button376\"]"}
RESULT: {"using":"xpath","value":"//*[@id=\"__button376\"]"}
COMMAND: POST /session/36177e4d45fb5698ad30062df7661002/elements - {"using":"xpath","value":"//*[@id=\"__button376\"]"}
RESULT: {"using":"xpath","value":"//*[@id=\"__button376\"]"}
COMMAND: POST /session/36177e4d45fb5698ad30062df7661002/elements - {"using":"xpath","value":"//*[@id=\"__button376\"]"}
RESULT: {"using":"xpath","value":"//*[@id=\"__button376\"]"}
COMMAND: POST /session/36177e4d45fb5698ad30062df7661002/elements - {"using":"xpath","value":"//*[@id=\"__button376\"]"}
RESULT: {"using":"xpath","value":"//*[@id=\"__button376\"]"}
COMMAND: POST /session/36177e4d45fb5698ad30062df7661002/elements - {"using":"xpath","value":"//*[@id=\"__button376\"]"}
RESULT: {"using":"xpath","value":"//*[@id=\"__button376\"]"}
COMMAND: POST /session/36177e4d45fb5698ad30062df7661002/elements - {"using":"xpath","value":"//*[@id=\"__button376\"]"}
RESULT: {"using":"xpath","value":"//*[@id=\"__button376\"]"}
COMMAND: POST /session/36177e4d45fb5698ad30062df7661002/elements - {"using":"xpath","value":"//*[@id=\"__button376\"]"}
RESULT: {"using":"xpath","value":"//*[@id=\"__button376\"]"}
COMMAND: POST /session/36177e4d45fb5698ad30062df7661002/elements - {"using":"xpath","value":"//*[@id=\"__button376\"]"}
RESULT: {"using":"xpath","value":"//*[@id=\"__button376\"]"}
COMMAND: POST /session/36177e4d45fb5698ad30062df7661002/elements - {"using":"xpath","value":"//*[@id=\"__button376\"]"}
RESULT: {"using":"xpath","value":"//*[@id=\"__button376\"]"}
COMMAND: POST /session/36177e4d45fb5698ad30062df7661002/elements - {"using":"xpath","value":"//*[@id=\"__button376\"]"}
RESULT: {"using":"xpath","value":"//*[@id=\"__button376\"]"}
COMMAND: POST /session/36177e4d45fb5698ad30062df7661002/elements - {"using":"xpath","value":"//*[@id=\"__button376\"]"}
RESULT: {"using":"xpath","value":"//*[@id=\"__button376\"]"}
COMMAND: POST /session/36177e4d45fb5698ad30062df7661002/elements - {"using":"xpath","value":"//*[@id=\"__button376\"]"}
RESULT: {"using":"xpath","value":"//*[@id=\"__button376\"]"}
COMMAND: POST /session/36177e4d45fb5698ad30062df7661002/elements - {"using":"xpath","value":"//*[@id=\"__button376\"]"}
RESULT: {"using":"xpath","value":"//*[@id=\"__button376\"]"}
COMMAND: POST /session/36177e4d45fb5698ad30062df7661002/elements - {"using":"xpath","value":"//*[@id=\"__button376\"]"}
RESULT: {"using":"xpath","value":"//*[@id=\"__button376\"]"}
COMMAND: POST /session/36177e4d45fb5698ad30062df7661002/elements - {"using":"xpath","value":"//*[@id=\"__button376\"]"}
RESULT: {"using":"xpath","value":"//*[@id=\"__button376\"]"}
COMMAND: POST /session/36177e4d45fb5698ad30062df7661002/elements - {"using":"xpath","value":"//*[@id=\"__button376\"]"}
RESULT: {"using":"xpath","value":"//*[@id=\"__button376\"]"}
COMMAND: POST /session/36177e4d45fb5698ad30062df7661002/elements - {"using":"xpath","value":"//*[@id=\"__button376\"]"}
RESULT: {"using":"xpath","value":"//*[@id=\"__button376\"]"}
COMMAND: POST /session/36177e4d45fb5698ad30062df7661002/elements - {"using":"xpath","value":"//*[@id=\"__button376\"]"}
RESULT: {"using":"xpath","value":"//*[@id=\"__button376\"]"}
COMMAND: POST /session/36177e4d45fb5698ad30062df7661002/elements - {"using":"xpath","value":"//*[@id=\"__button376\"]"}
RESULT: {"using":"xpath","value":"//*[@id=\"__button376\"]"}
COMMAND: POST /session/36177e4d45fb5698ad30062df7661002/elements - {"using":"xpath","value":"//*[@id=\"__button376\"]"}
RESULT: {"using":"xpath","value":"//*[@id=\"__button376\"]"}
COMMAND: POST /session/36177e4d45fb5698ad30062df7661002/elements - {"using":"xpath","value":"//*[@id=\"__button376\"]"}
RESULT: {"using":"xpath","value":"//*[@id=\"__button376\"]"}
COMMAND: POST /session/36177e4d45fb5698ad30062df7661002/elements - {"using":"xpath","value":"//*[@id=\"__button376\"]"}
RESULT: {"using":"xpath","value":"//*[@id=\"__button376\"]"}
COMMAND: POST /session/36177e4d45fb5698ad30062df7661002/elements - {"using":"xpath","value":"//*[@id=\"__button376\"]"}
RESULT: {"using":"xpath","value":"//*[@id=\"__button376\"]"}
COMMAND: POST /session/36177e4d45fb5698ad30062df7661002/elements - {"using":"xpath","value":"//*[@id=\"__button376\"]"}
RESULT: {"using":"xpath","value":"//*[@id=\"__button376\"]"}
COMMAND: POST /session/36177e4d45fb5698ad30062df7661002/elements - {"using":"xpath","value":"//*[@id=\"__button376\"]"}
RESULT: {"using":"xpath","value":"//*[@id=\"__button376\"]"}
COMMAND: POST /session/36177e4d45fb5698ad30062df7661002/elements - {"using":"xpath","value":"//*[@id=\"__button376\"]"}
RESULT: {"using":"xpath","value":"//*[@id=\"__button376\"]"}
COMMAND: POST /session/36177e4d45fb5698ad30062df7661002/elements - {"using":"xpath","value":"//*[@id=\"__button376\"]"}
RESULT: {"using":"xpath","value":"//*[@id=\"__button376\"]"}
COMMAND: POST /session/36177e4d45fb5698ad30062df7661002/elements - {"using":"xpath","value":"//*[@id=\"__button376\"]"}
RESULT: {"using":"xpath","value":"//*[@id=\"__button376\"]"}
COMMAND: POST /session/36177e4d45fb5698ad30062df7661002/elements - {"using":"xpath","value":"//*[@id=\"__button376\"]"}
RESULT: {"using":"xpath","value":"//*[@id=\"__button376\"]"}
COMMAND: POST /session/36177e4d45fb5698ad30062df7661002/elements - {"using":"xpath","value":"//*[@id=\"__button376\"]"}
RESULT: {"using":"xpath","value":"//*[@id=\"__button376\"]"}
COMMAND: POST /session/36177e4d45fb5698ad30062df7661002/elements - {"using":"xpath","value":"//*[@id=\"__button376\"]"}
RESULT: {"using":"xpath","value":"//*[@id=\"__button376\"]"}
COMMAND: POST /session/36177e4d45fb5698ad30062df7661002/elements - {"using":"xpath","value":"//*[@id=\"__button376\"]"}
RESULT: {"using":"xpath","value":"//*[@id=\"__button376\"]"}
COMMAND: POST /session/36177e4d45fb5698ad30062df7661002/elements - {"using":"xpath","value":"//*[@id=\"__button376\"]"}
RESULT: {"using":"xpath","value":"//*[@id=\"__button376\"]"}
COMMAND: POST /session/36177e4d45fb5698ad30062df7661002/elements - {"using":"xpath","value":"//*[@id=\"__button376\"]"}
RESULT: {"using":"xpath","value":"//*[@id=\"__button376\"]"}
COMMAND: POST /session/36177e4d45fb5698ad30062df7661002/elements - {"using":"xpath","value":"//*[@id=\"__button376\"]"}
RESULT: {"using":"xpath","value":"//*[@id=\"__button376\"]"}
COMMAND: POST /session/36177e4d45fb5698ad30062df7661002/elements - {"using":"xpath","value":"//*[@id=\"__button376\"]"}
RESULT: {"using":"xpath","value":"//*[@id=\"__button376\"]"}
COMMAND: POST /session/36177e4d45fb5698ad30062df7661002/elements - {"using":"xpath","value":"//*[@id=\"__button376\"]"}
RESULT: {"using":"xpath","value":"//*[@id=\"__button376\"]"}
COMMAND: POST /session/36177e4d45fb5698ad30062df7661002/elements - {"using":"xpath","value":"//*[@id=\"__button376\"]"}
RESULT: {"using":"xpath","value":"//*[@id=\"__button376\"]"}
COMMAND: POST /session/36177e4d45fb5698ad30062df7661002/elements - {"using":"xpath","value":"//*[@id=\"__button376\"]"}
RESULT: {"using":"xpath","value":"//*[@id=\"__button376\"]"}
COMMAND: POST /session/36177e4d45fb5698ad30062df7661002/elements - {"using":"xpath","value":"//*[@id=\"__button376\"]"}
RESULT: {"using":"xpath","value":"//*[@id=\"__button376\"]"}
COMMAND: POST /session/36177e4d45fb5698ad30062df7661002/elements - {"using":"xpath","value":"//*[@id=\"__button376\"]"}
RESULT: {"using":"xpath","value":"//*[@id=\"__button376\"]"}
COMMAND: POST /session/36177e4d45fb5698ad30062df7661002/elements - {"using":"xpath","value":"//*[@id=\"__button376\"]"}
RESULT: {"using":"xpath","value":"//*[@id=\"__button376\"]"}
COMMAND: POST /session/36177e4d45fb5698ad30062df7661002/elements - {"using":"xpath","value":"//*[@id=\"__button376\"]"}
RESULT: {"using":"xpath","value":"//*[@id=\"__button376\"]"}
COMMAND: POST /session/36177e4d45fb5698ad30062df7661002/elements - {"using":"xpath","value":"//*[@id=\"__button376\"]"}
RESULT: {"using":"xpath","value":"//*[@id=\"__button376\"]"}
COMMAND: POST /session/36177e4d45fb5698ad30062df7661002/elements - {"using":"xpath","value":"//*[@id=\"__button376\"]"}
RESULT: {"using":"xpath","value":"//*[@id=\"__button376\"]"}
COMMAND: POST /session/36177e4d45fb5698ad30062df7661002/elements - {"using":"xpath","value":"//*[@id=\"__button376\"]"}
RESULT: {"using":"xpath","value":"//*[@id=\"__button376\"]"}
COMMAND: POST /session/36177e4d45fb5698ad30062df7661002/elements - {"using":"xpath","value":"//*[@id=\"__button376\"]"}
RESULT: {"using":"xpath","value":"//*[@id=\"__button376\"]"}
COMMAND: POST /session/36177e4d45fb5698ad30062df7661002/elements - {"using":"xpath","value":"//*[@id=\"__button376\"]"}
RESULT: {"using":"xpath","value":"//*[@id=\"__button376\"]"}
COMMAND: POST /session/36177e4d45fb5698ad30062df7661002/elements - {"using":"xpath","value":"//*[@id=\"__button376\"]"}
RESULT: {"using":"xpath","value":"//*[@id=\"__button376\"]"}
COMMAND: POST /session/36177e4d45fb5698ad30062df7661002/elements - {"using":"xpath","value":"//*[@id=\"__button376\"]"}
RESULT: {"using":"xpath","value":"//*[@id=\"__button376\"]"}
COMMAND: POST /session/36177e4d45fb5698ad30062df7661002/elements - {"using":"xpath","value":"//*[@id=\"__button376\"]"}
RESULT: {"using":"xpath","value":"//*[@id=\"__button376\"]"}
COMMAND: POST /session/36177e4d45fb5698ad30062df7661002/elements - {"using":"xpath","value":"//*[@id=\"__button376\"]"}
RESULT: {"using":"xpath","value":"//*[@id=\"__button376\"]"}
COMMAND: POST /session/36177e4d45fb5698ad30062df7661002/elements - {"using":"xpath","value":"//*[@id=\"__button376\"]"}
RESULT: {"using":"xpath","value":"//*[@id=\"__button376\"]"}
COMMAND: POST /session/36177e4d45fb5698ad30062df7661002/elements - {"using":"xpath","value":"//*[@id=\"__button376\"]"}
RESULT: {"using":"xpath","value":"//*[@id=\"__button376\"]"}
COMMAND: POST /session/36177e4d45fb5698ad30062df7661002/elements - {"using":"xpath","value":"//*[@id=\"__button376\"]"}
RESULT: {"using":"xpath","value":"//*[@id=\"__button376\"]"}
COMMAND: POST /session/36177e4d45fb5698ad30062df7661002/elements - {"using":"xpath","value":"//*[@id=\"__button376\"]"}
RESULT: {"using":"xpath","value":"//*[@id=\"__button376\"]"}
COMMAND: POST /session/36177e4d45fb5698ad30062df7661002/elements - {"using":"xpath","value":"//*[@id=\"__button376\"]"}
RESULT: {"using":"xpath","value":"//*[@id=\"__button376\"]"}
COMMAND: POST /session/36177e4d45fb5698ad30062df7661002/elements - {"using":"xpath","value":"//*[@id=\"__button376\"]"}
RESULT: {"using":"xpath","value":"//*[@id=\"__button376\"]"}
COMMAND: POST /session/36177e4d45fb5698ad30062df7661002/elements - {"using":"xpath","value":"//*[@id=\"__button376\"]"}
RESULT: {"using":"xpath","value":"//*[@id=\"__button376\"]"}
COMMAND: POST /session/36177e4d45fb5698ad30062df7661002/elements - {"using":"xpath","value":"//*[@id=\"__button376\"]"}
RESULT: {"using":"xpath","value":"//*[@id=\"__button376\"]"}
COMMAND: POST /session/36177e4d45fb5698ad30062df7661002/elements - {"using":"xpath","value":"//*[@id=\"__button376\"]"}
RESULT: {"using":"xpath","value":"//*[@id=\"__button376\"]"}
COMMAND: POST /session/36177e4d45fb5698ad30062df7661002/elements - {"using":"xpath","value":"//*[@id=\"__button376\"]"}
RESULT: {"using":"xpath","value":"//*[@id=\"__button376\"]"}
COMMAND: POST /session/36177e4d45fb5698ad30062df7661002/elements - {"using":"xpath","value":"//*[@id=\"__button376\"]"}
RESULT: {"using":"xpath","value":"//*[@id=\"__button376\"]"}
COMMAND: POST /session/36177e4d45fb5698ad30062df7661002/elements - {"using":"xpath","value":"//*[@id=\"__button376\"]"}
RESULT: {"using":"xpath","value":"//*[@id=\"__button376\"]"}
COMMAND: POST /session/36177e4d45fb5698ad30062df7661002/elements - {"using":"xpath","value":"//*[@id=\"__button376\"]"}
RESULT: {"using":"xpath","value":"//*[@id=\"__button376\"]"}
COMMAND: POST /session/36177e4d45fb5698ad30062df7661002/elements - {"using":"xpath","value":"//*[@id=\"__button376\"]"}
RESULT: {"using":"xpath","value":"//*[@id=\"__button376\"]"}
COMMAND: POST /session/36177e4d45fb5698ad30062df7661002/elements - {"using":"xpath","value":"//*[@id=\"__button376\"]"}
RESULT: {"using":"xpath","value":"//*[@id=\"__button376\"]"}
COMMAND: POST /session/36177e4d45fb5698ad30062df7661002/elements - {"using":"xpath","value":"//*[@id=\"__button376\"]"}
RESULT: {"using":"xpath","value":"//*[@id=\"__button376\"]"}
COMMAND: POST /session/36177e4d45fb5698ad30062df7661002/elements - {"using":"xpath","value":"//*[@id=\"__button376\"]"}
RESULT: {"using":"xpath","value":"//*[@id=\"__button376\"]"}
COMMAND: POST /session/36177e4d45fb5698ad30062df7661002/elements - {"using":"xpath","value":"//*[@id=\"__button376\"]"}
RESULT: {"using":"xpath","value":"//*[@id=\"__button376\"]"}
COMMAND: POST /session/36177e4d45fb5698ad30062df7661002/elements - {"using":"xpath","value":"//*[@id=\"__button376\"]"}
RESULT: {"using":"xpath","value":"//*[@id=\"__button376\"]"}
COMMAND: POST /session/36177e4d45fb5698ad30062df7661002/elements - {"using":"xpath","value":"//*[@id=\"__button376\"]"}
RESULT: {"using":"xpath","value":"//*[@id=\"__button376\"]"}
COMMAND: POST /session/36177e4d45fb5698ad30062df7661002/elements - {"using":"xpath","value":"//*[@id=\"__button376\"]"}
RESULT: {"using":"xpath","value":"//*[@id=\"__button376\"]"}
COMMAND: POST /session/36177e4d45fb5698ad30062df7661002/elements - {"using":"xpath","value":"//*[@id=\"__button376\"]"}
RESULT: {"using":"xpath","value":"//*[@id=\"__button376\"]"}
COMMAND: POST /session/36177e4d45fb5698ad30062df7661002/elements - {"using":"xpath","value":"//*[@id=\"__button376\"]"}
RESULT: {"using":"xpath","value":"//*[@id=\"__button376\"]"}
COMMAND: POST /session/36177e4d45fb5698ad30062df7661002/elements - {"using":"xpath","value":"//*[@id=\"__button376\"]"}
RESULT: {"using":"xpath","value":"//*[@id=\"__button376\"]"}
COMMAND: POST /session/36177e4d45fb5698ad30062df7661002/elements - {"using":"xpath","value":"//*[@id=\"__button376\"]"}
RESULT: {"using":"xpath","value":"//*[@id=\"__button376\"]"}
COMMAND: POST /session/36177e4d45fb5698ad30062df7661002/elements - {"using":"xpath","value":"//*[@id=\"__button376\"]"}
RESULT: {"using":"xpath","value":"//*[@id=\"__button376\"]"}
COMMAND: POST /session/36177e4d45fb5698ad30062df7661002/elements - {"using":"xpath","value":"//*[@id=\"__button376\"]"}
RESULT: {"using":"xpath","value":"//*[@id=\"__button376\"]"}
COMMAND: POST /session/36177e4d45fb5698ad30062df7661002/elements - {"using":"xpath","value":"//*[@id=\"__button376\"]"}
RESULT: {"using":"xpath","value":"//*[@id=\"__button376\"]"}
COMMAND: POST /session/36177e4d45fb5698ad30062df7661002/elements - {"using":"xpath","value":"//*[@id=\"__button376\"]"}
RESULT: {"using":"xpath","value":"//*[@id=\"__button376\"]"}
COMMAND: POST /session/36177e4d45fb5698ad30062df7661002/elements - {"using":"xpath","value":"//*[@id=\"__button376\"]"}
RESULT: {"using":"xpath","value":"//*[@id=\"__button376\"]"}
COMMAND: POST /session/36177e4d45fb5698ad30062df7661002/elements - {"using":"xpath","value":"//*[@id=\"__button376\"]"}
RESULT: {"using":"xpath","value":"//*[@id=\"__button376\"]"}
COMMAND: POST /session/36177e4d45fb5698ad30062df7661002/elements - {"using":"xpath","value":"//*[@id=\"__button376\"]"}
RESULT: {"using":"xpath","value":"//*[@id=\"__button376\"]"}
COMMAND: POST /session/36177e4d45fb5698ad30062df7661002/elements - {"using":"xpath","value":"//*[@id=\"__button376\"]"}
RESULT: {"using":"xpath","value":"//*[@id=\"__button376\"]"}
COMMAND: POST /session/36177e4d45fb5698ad30062df7661002/elements - {"using":"xpath","value":"//*[@id=\"__button376\"]"}
RESULT: {"using":"xpath","value":"//*[@id=\"__button376\"]"}
COMMAND: POST /session/36177e4d45fb5698ad30062df7661002/elements - {"using":"xpath","value":"//*[@id=\"__button376\"]"}
RESULT: {"using":"xpath","value":"//*[@id=\"__button376\"]"}
COMMAND: POST /session/36177e4d45fb5698ad30062df7661002/elements - {"using":"xpath","value":"//*[@id=\"__button376\"]"}
RESULT: {"using":"xpath","value":"//*[@id=\"__button376\"]"}
COMMAND: POST /session/36177e4d45fb5698ad30062df7661002/elements - {"using":"xpath","value":"//*[@id=\"__button376\"]"}
RESULT: {"using":"xpath","value":"//*[@id=\"__button376\"]"}
COMMAND: POST /session/36177e4d45fb5698ad30062df7661002/elements - {"using":"xpath","value":"//*[@id=\"__button376\"]"}
RESULT: {"using":"xpath","value":"//*[@id=\"__button376\"]"}
COMMAND: POST /session/36177e4d45fb5698ad30062df7661002/elements - {"using":"xpath","value":"//*[@id=\"__button376\"]"}
RESULT: {"using":"xpath","value":"//*[@id=\"__button376\"]"}
COMMAND: POST /session/36177e4d45fb5698ad30062df7661002/elements - {"using":"xpath","value":"//*[@id=\"__button376\"]"}
RESULT: {"using":"xpath","value":"//*[@id=\"__button376\"]"}
COMMAND: POST /session/36177e4d45fb5698ad30062df7661002/elements - {"using":"xpath","value":"//*[@id=\"__button376\"]"}
RESULT: {"using":"xpath","value":"//*[@id=\"__button376\"]"}
COMMAND: POST /session/36177e4d45fb5698ad30062df7661002/elements - {"using":"xpath","value":"//*[@id=\"__button376\"]"}
RESULT: {"using":"xpath","value":"//*[@id=\"__button376\"]"}
COMMAND: POST /session/36177e4d45fb5698ad30062df7661002/elements - {"using":"xpath","value":"//*[@id=\"__button376\"]"}
RESULT: {"using":"xpath","value":"//*[@id=\"__button376\"]"}
COMMAND: POST /session/36177e4d45fb5698ad30062df7661002/elements - {"using":"xpath","value":"//*[@id=\"__button376\"]"}
RESULT: {"using":"xpath","value":"//*[@id=\"__button376\"]"}
COMMAND: POST /session/36177e4d45fb5698ad30062df7661002/elements - {"using":"xpath","value":"//*[@id=\"__button376\"]"}
RESULT: {"using":"xpath","value":"//*[@id=\"__button376\"]"}
COMMAND: POST /session/36177e4d45fb5698ad30062df7661002/elements - {"using":"xpath","value":"//*[@id=\"__button376\"]"}
RESULT: {"using":"xpath","value":"//*[@id=\"__button376\"]"}
COMMAND: POST /session/36177e4d45fb5698ad30062df7661002/elements - {"using":"xpath","value":"//*[@id=\"__button376\"]"}
RESULT: {"using":"xpath","value":"//*[@id=\"__button376\"]"}
COMMAND: POST /session/36177e4d45fb5698ad30062df7661002/elements - {"using":"xpath","value":"//*[@id=\"__button376\"]"}
RESULT: {"using":"xpath","value":"//*[@id=\"__button376\"]"}
COMMAND: POST /session/36177e4d45fb5698ad30062df7661002/elements - {"using":"xpath","value":"//*[@id=\"__button376\"]"}
RESULT: {"using":"xpath","value":"//*[@id=\"__button376\"]"}
COMMAND: POST /session/36177e4d45fb5698ad30062df7661002/elements - {"using":"xpath","value":"//*[@id=\"__button376\"]"}
RESULT: {"using":"xpath","value":"//*[@id=\"__button376\"]"}
COMMAND: POST /session/36177e4d45fb5698ad30062df7661002/elements - {"using":"xpath","value":"//*[@id=\"__button376\"]"}
RESULT: {"using":"xpath","value":"//*[@id=\"__button376\"]"}
COMMAND: POST /session/36177e4d45fb5698ad30062df7661002/elements - {"using":"xpath","value":"//*[@id=\"__button376\"]"}
RESULT: {"using":"xpath","value":"//*[@id=\"__button376\"]"}
COMMAND: POST /session/36177e4d45fb5698ad30062df7661002/elements - {"using":"xpath","value":"//*[@id=\"__button376\"]"}
RESULT: {"using":"xpath","value":"//*[@id=\"__button376\"]"}
COMMAND: POST /session/36177e4d45fb5698ad30062df7661002/elements - {"using":"xpath","value":"//*[@id=\"__button376\"]"}
RESULT: {"using":"xpath","value":"//*[@id=\"__button376\"]"}
COMMAND: POST /session/36177e4d45fb5698ad30062df7661002/elements - {"using":"xpath","value":"//*[@id=\"__button376\"]"}
RESULT: {"using":"xpath","value":"//*[@id=\"__button376\"]"}
COMMAND: POST /session/36177e4d45fb5698ad30062df7661002/elements - {"using":"xpath","value":"//*[@id=\"__button376\"]"}
RESULT: {"using":"xpath","value":"//*[@id=\"__button376\"]"}
COMMAND: POST /session/36177e4d45fb5698ad30062df7661002/elements - {"using":"xpath","value":"//*[@id=\"__button376\"]"}
RESULT: {"using":"xpath","value":"//*[@id=\"__button376\"]"}
COMMAND: POST /session/36177e4d45fb5698ad30062df7661002/elements - {"using":"xpath","value":"//*[@id=\"__button376\"]"}
RESULT: {"using":"xpath","value":"//*[@id=\"__button376\"]"}
COMMAND: POST /session/36177e4d45fb5698ad30062df7661002/elements - {"using":"xpath","value":"//*[@id=\"__button376\"]"}
RESULT: {"using":"xpath","value":"//*[@id=\"__button376\"]"}
COMMAND: POST /session/36177e4d45fb5698ad30062df7661002/elements - {"using":"xpath","value":"//*[@id=\"__button376\"]"}
RESULT: {"using":"xpath","value":"//*[@id=\"__button376\"]"}
COMMAND: POST /session/36177e4d45fb5698ad30062df7661002/elements - {"using":"xpath","value":"//*[@id=\"__button376\"]"}
RESULT: {"using":"xpath","value":"//*[@id=\"__button376\"]"}
COMMAND: POST /session/36177e4d45fb5698ad30062df7661002/elements - {"using":"xpath","value":"//*[@id=\"__button376\"]"}
RESULT: {"using":"xpath","value":"//*[@id=\"__button376\"]"}
COMMAND: POST /session/36177e4d45fb5698ad30062df7661002/elements - {"using":"xpath","value":"//*[@id=\"__button376\"]"}
RESULT: {"using":"xpath","value":"//*[@id=\"__button376\"]"}
COMMAND: POST /session/36177e4d45fb5698ad30062df7661002/elements - {"using":"xpath","value":"//*[@id=\"__button376\"]"}
RESULT: {"using":"xpath","value":"//*[@id=\"__button376\"]"}
COMMAND: POST /session/36177e4d45fb5698ad30062df7661002/elements - {"using":"xpath","value":"//*[@id=\"__button376\"]"}
RESULT: {"using":"xpath","value":"//*[@id=\"__button376\"]"}
COMMAND: POST /session/36177e4d45fb5698ad30062df7661002/element - {"using":"css selector","value":"#shell-header-logo"}
RESULT: {"using":"css selector","value":"#shell-header-logo"}
COMMAND: POST /session/36177e4d45fb5698ad30062df7661002/execute/sync - {"script":"<script> [8489 bytes]","args":[{"element-6066-11e4-a52e-4f735466cecf":"f.165F0B9F83AB8D5533DBC2556707DBA6.d.6464C32B6371E34F994492AB925C6C1D.e.18300","ELEMENT":"f.165F0B9F83AB8D5533DBC2556707DBA6.d.6464C32B6371E34F994492AB925C6C1D.e.18300"}]}
RESULT: {"script":"<script> [8489 bytes]","args":[{"element-6066-11e4-a52e-4f735466cecf":"f.165F0B9F83AB8D5533DBC2556707DBA6.d.6464C32B6371E34F994492AB925C6C1D.e.18300","ELEMENT":"f.165F0B9F83AB8D5533DBC2556707DBA6.d.6464C32B6371E34F994492AB925C6C1D.e.18300"}]}
COMMAND: POST /session/36177e4d45fb5698ad30062df7661002/execute/sync - {"script":"<script> [5351 bytes]","args":[{"element-6066-11e4-a52e-4f735466cecf":"f.165F0B9F83AB8D5533DBC2556707DBA6.d.6464C32B6371E34F994492AB925C6C1D.e.18300","ELEMENT":"f.165F0B9F83AB8D5533DBC2556707DBA6.d.6464C32B6371E34F994492AB925C6C1D.e.18300"}]}
COMMAND: GET /session/36177e4d45fb5698ad30062df7661002/screenshot - {}
RESULT: {"script":"<script> [5351 bytes]","args":[{"element-6066-11e4-a52e-4f735466cecf":"f.165F0B9F83AB8D5533DBC2556707DBA6.d.6464C32B6371E34F994492AB925C6C1D.e.18300","ELEMENT":"f.165F0B9F83AB8D5533DBC2556707DBA6.d.6464C32B6371E34F994492AB925C6C1D.e.18300"}]}
COMMAND: POST /session/36177e4d45fb5698ad30062df7661002/element/f.165F0B9F83AB8D5533DBC2556707DBA6.d.6464C32B6371E34F994492AB925C6C1D.e.18300/click - {}
COMMAND: GET /session/36177e4d45fb5698ad30062df7661002/screenshot - {}
RESULT: {}
RESULT: {}
RESULT: {}
]]></system-out>
    </testcase>
    <testcase classname="chrome.136_0_7103_93.windows.Performance_based_billing_(work_days)_US139742" name="Should go to Manage Billings and trigger calculation check the conditions applied" time="66.539">
      <system-out><![CDATA[
COMMAND: POST /session/36177e4d45fb5698ad30062df7661002/execute/async - {"script":"<script> [1562 bytes]","args":[{"selector":{"controlType":"sap.m.GenericTile","properties":{"header":"Manage Billings"}},"wdio_ui5_key":"sapm.GenericTile{\"header\":\"Manage Billings\"}"}]}
COMMAND: GET /session/36177e4d45fb5698ad30062df7661002/screenshot - {}
RESULT: {"script":"<script> [1562 bytes]","args":[{"selector":{"controlType":"sap.m.GenericTile","properties":{"header":"Manage Billings"}},"wdio_ui5_key":"sapm.GenericTile{\"header\":\"Manage Billings\"}"}]}
RESULT: undefined
COMMAND: POST /session/36177e4d45fb5698ad30062df7661002/element - {"using":"xpath","value":"//*[@id=\"__tile51\"]"}
RESULT: {}
RESULT: {"using":"xpath","value":"//*[@id=\"__tile51\"]"}
COMMAND: POST /session/36177e4d45fb5698ad30062df7661002/element/f.165F0B9F83AB8D5533DBC2556707DBA6.d.6464C32B6371E34F994492AB925C6C1D.e.14587/click - {}
RESULT: {}
COMMAND: GET /session/36177e4d45fb5698ad30062df7661002/screenshot - {}
RESULT: {}
COMMAND: POST /session/36177e4d45fb5698ad30062df7661002/elements - {"using":"xpath","value":"//span[text()='Error']"}
RESULT: {"using":"xpath","value":"//span[text()='Error']"}
COMMAND: POST /session/36177e4d45fb5698ad30062df7661002/execute/async - {"script":"<script> [1562 bytes]","args":[{"selector":{"id":"application-managebillings-display-component---billRunCalcResult--smartFilterBar-btnBasicSearch","interaction":{"idSuffix":"I"}},"wdio_ui5_key":"applicationmanagebillings-display-component---billRunCalcResult--smartFilterBar-btnBasicSearch"}]}
RESULT: {"script":"<script> [1562 bytes]","args":[{"selector":{"id":"application-managebillings-display-component---billRunCalcResult--smartFilterBar-btnBasicSearch","interaction":{"idSuffix":"I"}},"wdio_ui5_key":"applicationmanagebillings-display-component---billRunCalcResult--smartFilterBar-btnBasicSearch"}]}
RESULT: undefined
COMMAND: POST /session/36177e4d45fb5698ad30062df7661002/execute/async - {"script":"<script> [776 bytes]","args":[{"enterText":"10292","selector":{"id":"application-managebillings-display-component---billRunCalcResult--smartFilterBar-btnBasicSearch","interaction":{"idSuffix":"I"}},"clearTextFirst":true,"interactionType":"ENTER_TEXT"}]}
RESULT: {"script":"<script> [776 bytes]","args":[{"enterText":"10292","selector":{"id":"application-managebillings-display-component---billRunCalcResult--smartFilterBar-btnBasicSearch","interaction":{"idSuffix":"I"}},"clearTextFirst":true,"interactionType":"ENTER_TEXT"}]}
COMMAND: POST /session/36177e4d45fb5698ad30062df7661002/actions - {"actions":[{"id":"action66","type":"key","parameters":{},"actions":[{"type":"keyDown","value":"î€‡"},{"type":"pause","duration":10},{"type":"keyUp","value":"î€‡"}]}]}
RESULT: {"actions":[{"id":"action66","type":"key","parameters":{},"actions":[{"type":"keyDown","value":"î€‡"},{"type":"pause","duration":10},{"type":"keyUp","value":"î€‡"}]}]}
COMMAND: GET /session/36177e4d45fb5698ad30062df7661002/screenshot - {}
RESULT: {}
COMMAND: POST /session/36177e4d45fb5698ad30062df7661002/element - {"using":"xpath","value":"//td[@aria-colindex=\"1\"]/div/div[contains(@class, \"sapMCbBg\")]"}
RESULT: {"using":"xpath","value":"//td[@aria-colindex=\"1\"]/div/div[contains(@class, \"sapMCbBg\")]"}
COMMAND: POST /session/36177e4d45fb5698ad30062df7661002/element/f.165F0B9F83AB8D5533DBC2556707DBA6.d.6464C32B6371E34F994492AB925C6C1D.e.18702/click - {}
RESULT: {}
COMMAND: GET /session/36177e4d45fb5698ad30062df7661002/screenshot - {}
RESULT: {}
COMMAND: POST /session/36177e4d45fb5698ad30062df7661002/execute/async - {"script":"<script> [1562 bytes]","args":[{"selector":{"id":"application-managebillings-display-component---billRunCalcResult--contractBillRunDate","interaction":{"idSuffix":"inner"}},"wdio_ui5_key":"applicationmanagebillings-display-component---billRunCalcResult--contractBillRunDate"}]}
RESULT: {"script":"<script> [1562 bytes]","args":[{"selector":{"id":"application-managebillings-display-component---billRunCalcResult--contractBillRunDate","interaction":{"idSuffix":"inner"}},"wdio_ui5_key":"applicationmanagebillings-display-component---billRunCalcResult--contractBillRunDate"}]}
RESULT: undefined
COMMAND: POST /session/36177e4d45fb5698ad30062df7661002/execute/async - {"script":"<script> [776 bytes]","args":[{"enterText":"6/16/25","selector":{"id":"application-managebillings-display-component---billRunCalcResult--contractBillRunDate","interaction":{"idSuffix":"inner"}},"clearTextFirst":true,"interactionType":"ENTER_TEXT"}]}
RESULT: {"script":"<script> [776 bytes]","args":[{"enterText":"6/16/25","selector":{"id":"application-managebillings-display-component---billRunCalcResult--contractBillRunDate","interaction":{"idSuffix":"inner"}},"clearTextFirst":true,"interactionType":"ENTER_TEXT"}]}
COMMAND: POST /session/36177e4d45fb5698ad30062df7661002/element - {"using":"xpath","value":"//bdi[contains(text(), \"Trigger Calculation\")]"}
RESULT: {"using":"xpath","value":"//bdi[contains(text(), \"Trigger Calculation\")]"}
COMMAND: POST /session/36177e4d45fb5698ad30062df7661002/element/f.165F0B9F83AB8D5533DBC2556707DBA6.d.6464C32B6371E34F994492AB925C6C1D.e.18751/click - {}
RESULT: {}
COMMAND: GET /session/36177e4d45fb5698ad30062df7661002/screenshot - {}
RESULT: {}
COMMAND: POST /session/36177e4d45fb5698ad30062df7661002/element - {"using":"xpath","value":"(//span[contains(@id, \"imgNav\")])[1]"}
RESULT: {"using":"xpath","value":"(//span[contains(@id, \"imgNav\")])[1]"}
COMMAND: POST /session/36177e4d45fb5698ad30062df7661002/element/f.165F0B9F83AB8D5533DBC2556707DBA6.d.6464C32B6371E34F994492AB925C6C1D.e.18703/click - {}
RESULT: {}
COMMAND: GET /session/36177e4d45fb5698ad30062df7661002/screenshot - {}
RESULT: {}
COMMAND: POST /session/36177e4d45fb5698ad30062df7661002/element - {"using":"xpath","value":"//tr/td[6]/div[1]/span[1]/span[1]"}
RESULT: {"using":"xpath","value":"//tr/td[6]/div[1]/span[1]/span[1]"}
COMMAND: GET /session/36177e4d45fb5698ad30062df7661002/element/f.165F0B9F83AB8D5533DBC2556707DBA6.d.6464C32B6371E34F994492AB925C6C1D.e.18757/text - {}
RESULT: {}
COMMAND: POST /session/36177e4d45fb5698ad30062df7661002/element - {"using":"xpath","value":"(//span[contains(@id, \"imgNav\")])[2]"}
RESULT: {"using":"xpath","value":"(//span[contains(@id, \"imgNav\")])[2]"}
COMMAND: POST /session/36177e4d45fb5698ad30062df7661002/element/f.165F0B9F83AB8D5533DBC2556707DBA6.d.6464C32B6371E34F994492AB925C6C1D.e.18758/click - {}
RESULT: {}
COMMAND: POST /session/36177e4d45fb5698ad30062df7661002/element - {"using":"xpath","value":"//bdi[contains(text(), \"Business Confirm\")]"}
COMMAND: GET /session/36177e4d45fb5698ad30062df7661002/screenshot - {}
RESULT: {"using":"xpath","value":"//bdi[contains(text(), \"Business Confirm\")]"}
COMMAND: POST /session/36177e4d45fb5698ad30062df7661002/elements - {"using":"xpath","value":"//bdi[contains(text(), \"Business Confirm\")]"}
RESULT: {}
RESULT: {"using":"xpath","value":"//bdi[contains(text(), \"Business Confirm\")]"}
COMMAND: POST /session/36177e4d45fb5698ad30062df7661002/element - {"using":"xpath","value":"//bdi[contains(text(), \"Business Confirm\")]"}
RESULT: {"using":"xpath","value":"//bdi[contains(text(), \"Business Confirm\")]"}
COMMAND: POST /session/36177e4d45fb5698ad30062df7661002/element/f.165F0B9F83AB8D5533DBC2556707DBA6.d.6464C32B6371E34F994492AB925C6C1D.e.18807/click - {}
RESULT: {}
COMMAND: POST /session/36177e4d45fb5698ad30062df7661002/element - {"using":"css selector","value":"#shell-header-logo"}
COMMAND: GET /session/36177e4d45fb5698ad30062df7661002/screenshot - {}
RESULT: {"using":"css selector","value":"#shell-header-logo"}
COMMAND: POST /session/36177e4d45fb5698ad30062df7661002/element/f.165F0B9F83AB8D5533DBC2556707DBA6.d.6464C32B6371E34F994492AB925C6C1D.e.18487/click - {}
RESULT: {}
RESULT: {}
COMMAND: GET /session/36177e4d45fb5698ad30062df7661002/screenshot - {}
RESULT: {}
COMMAND: POST /session/36177e4d45fb5698ad30062df7661002/element - {"using":"css selector","value":"#j_username"}
COMMAND: POST /session/36177e4d45fb5698ad30062df7661002/url - {"url":"https://qa-testing-00-live-etm-ui.cfapps.eu10-004.hana.ondemand.com/"}
RESULT: {"using":"css selector","value":"#j_username"}
COMMAND: POST /session/36177e4d45fb5698ad30062df7661002/element - {"using":"css selector","value":"#j_username"}
RESULT: {"url":"https://qa-testing-00-live-etm-ui.cfapps.eu10-004.hana.ondemand.com/"}
RESULT: undefined
COMMAND: GET /session/36177e4d45fb5698ad30062df7661002/screenshot - {}
RESULT: {"using":"css selector","value":"#j_username"}
COMMAND: POST /session/36177e4d45fb5698ad30062df7661002/element - {"using":"css selector","value":"#shell-header-logo"}
RESULT: {}
RESULT: {"using":"css selector","value":"#shell-header-logo"}
COMMAND: POST /session/36177e4d45fb5698ad30062df7661002/execute/sync - {"script":"<script> [8489 bytes]","args":[{"element-6066-11e4-a52e-4f735466cecf":"f.165F0B9F83AB8D5533DBC2556707DBA6.d.4C05DE60B16ACA49ECB9CE70ACCD8B88.e.18845","ELEMENT":"f.165F0B9F83AB8D5533DBC2556707DBA6.d.4C05DE60B16ACA49ECB9CE70ACCD8B88.e.18845"}]}
RESULT: {"script":"<script> [8489 bytes]","args":[{"element-6066-11e4-a52e-4f735466cecf":"f.165F0B9F83AB8D5533DBC2556707DBA6.d.4C05DE60B16ACA49ECB9CE70ACCD8B88.e.18845","ELEMENT":"f.165F0B9F83AB8D5533DBC2556707DBA6.d.4C05DE60B16ACA49ECB9CE70ACCD8B88.e.18845"}]}
COMMAND: POST /session/36177e4d45fb5698ad30062df7661002/element - {"using":"css selector","value":"#shell-header-logo"}
COMMAND: GET /session/36177e4d45fb5698ad30062df7661002/screenshot - {}
RESULT: {"using":"css selector","value":"#shell-header-logo"}
COMMAND: POST /session/36177e4d45fb5698ad30062df7661002/execute/sync - {"script":"<script> [8489 bytes]","args":[{"element-6066-11e4-a52e-4f735466cecf":"f.165F0B9F83AB8D5533DBC2556707DBA6.d.4C05DE60B16ACA49ECB9CE70ACCD8B88.e.18845","ELEMENT":"f.165F0B9F83AB8D5533DBC2556707DBA6.d.4C05DE60B16ACA49ECB9CE70ACCD8B88.e.18845"}]}
RESULT: {}
RESULT: {"script":"<script> [8489 bytes]","args":[{"element-6066-11e4-a52e-4f735466cecf":"f.165F0B9F83AB8D5533DBC2556707DBA6.d.4C05DE60B16ACA49ECB9CE70ACCD8B88.e.18845","ELEMENT":"f.165F0B9F83AB8D5533DBC2556707DBA6.d.4C05DE60B16ACA49ECB9CE70ACCD8B88.e.18845"}]}
COMMAND: POST /session/36177e4d45fb5698ad30062df7661002/execute/sync - {"script":"<script> [5351 bytes]","args":[{"element-6066-11e4-a52e-4f735466cecf":"f.165F0B9F83AB8D5533DBC2556707DBA6.d.4C05DE60B16ACA49ECB9CE70ACCD8B88.e.18845","ELEMENT":"f.165F0B9F83AB8D5533DBC2556707DBA6.d.4C05DE60B16ACA49ECB9CE70ACCD8B88.e.18845"}]}
COMMAND: GET /session/36177e4d45fb5698ad30062df7661002/screenshot - {}
RESULT: {"script":"<script> [5351 bytes]","args":[{"element-6066-11e4-a52e-4f735466cecf":"f.165F0B9F83AB8D5533DBC2556707DBA6.d.4C05DE60B16ACA49ECB9CE70ACCD8B88.e.18845","ELEMENT":"f.165F0B9F83AB8D5533DBC2556707DBA6.d.4C05DE60B16ACA49ECB9CE70ACCD8B88.e.18845"}]}
COMMAND: POST /session/36177e4d45fb5698ad30062df7661002/element - {"using":"css selector","value":"#shell-header-logo"}
COMMAND: GET /session/36177e4d45fb5698ad30062df7661002/screenshot - {}
RESULT: {}
RESULT: {"using":"css selector","value":"#shell-header-logo"}
COMMAND: POST /session/36177e4d45fb5698ad30062df7661002/element/f.165F0B9F83AB8D5533DBC2556707DBA6.d.4C05DE60B16ACA49ECB9CE70ACCD8B88.e.18845/click - {}
RESULT: {}
RESULT: {}
COMMAND: GET /session/36177e4d45fb5698ad30062df7661002/screenshot - {}
RESULT: {}
COMMAND: POST /session/36177e4d45fb5698ad30062df7661002/execute/async - {"script":"<script> [189 bytes]","args":[]}
RESULT: {"script":"<script> [189 bytes]","args":[]}
COMMAND: POST /session/36177e4d45fb5698ad30062df7661002/execute/async - {"script":"<script> [123 bytes]","args":[]}
RESULT: {"script":"<script> [123 bytes]","args":[]}
COMMAND: POST /session/36177e4d45fb5698ad30062df7661002/timeouts - {"script":"<number>"}
RESULT: {"script":"<number>"}
COMMAND: GET /session/36177e4d45fb5698ad30062df7661002/timeouts - {}
RESULT: {}
RESULT: undefined
COMMAND: POST /session/36177e4d45fb5698ad30062df7661002/execute/async - {"script":"<script> [2676 bytes]","args":[]}
RESULT: {"script":"<script> [2676 bytes]","args":[]}
COMMAND: POST /session/36177e4d45fb5698ad30062df7661002/execute/async - {"script":"<script> [2342 bytes]","args":[{"protocol":"http","hostname":"0.0.0.0","path":"/","capabilities":{"browserName":"chrome","goog:chromeOptions":{"binary":"C:\\Program Files\\Google\\Chrome\\Application\\chrome.exe","args":["--start-maximized"]}},"logLevel":"warn","connectionRetryTimeout":120000,"connectionRetryCount":3,"logLevels":{},"enableDirectConnect":true,"strictSSL":true,"_":"65 more keys: [\"cacheDir\",\"port\",\"requestedCapabilities\",\"automationProtocol\",\"baseUrl\",\"waitforInterval\",\"waitforTimeout\",\"onReload\",\"beforeCommand\",\"afterCommand\",\"rootDir\",\"specs\",\"suites\",\"exclude\",\"groupLogsByTestSpec\",\"excludeDriverLogs\",\"bail\",\"framework\",\"reporters\",\"services\",\"maxInstances\",\"maxInstancesPerCapability\",\"injectGlobals\",\"filesToWatch\",\"execArgv\",\"runnerEnv\",\"runner\",\"shard\",\"specFileRetries\",\"specFileRetriesDelay\",\"specFileRetriesDeferred\",\"reporterSyncInterval\",\"reporterSyncTimeout\",\"cucumberFeaturesWithLineNumbers\",\"autoCompileOpts\",\"mochaOpts\",\"jasmineOpts\",\"cucumberOpts\",\"onPrepare\",\"onWorkerStart\",\"onWorkerEnd\",\"before\",\"beforeSession\",\"beforeSuite\",\"beforeHook\",\"beforeTest\",\"afterTest\",\"afterHook\",\"afterSuite\",\"afterSession\",\"after\",\"onComplete\",\"beforeAssertion\",\"afterAssertion\",\"beforeFeature\",\"beforeScenario\",\"beforeStep\",\"afterStep\",\"afterScenario\",\"afterFeature\",\"_\",\"suite\",\"$0\",\"ignoredWorkerServices\",\"wdi5\"]"}]}
RESULT: {"script":"<script> [2342 bytes]","args":[{"protocol":"http","hostname":"0.0.0.0","path":"/","capabilities":{"browserName":"chrome","goog:chromeOptions":{"binary":"C:\\Program Files\\Google\\Chrome\\Application\\chrome.exe","args":["--start-maximized"]}},"logLevel":"warn","connectionRetryTimeout":120000,"connectionRetryCount":3,"logLevels":{},"enableDirectConnect":true,"strictSSL":true,"_":"65 more keys: [\"cacheDir\",\"port\",\"requestedCapabilities\",\"automationProtocol\",\"baseUrl\",\"waitforInterval\",\"waitforTimeout\",\"onReload\",\"beforeCommand\",\"afterCommand\",\"rootDir\",\"specs\",\"suites\",\"exclude\",\"groupLogsByTestSpec\",\"excludeDriverLogs\",\"bail\",\"framework\",\"reporters\",\"services\",\"maxInstances\",\"maxInstancesPerCapability\",\"injectGlobals\",\"filesToWatch\",\"execArgv\",\"runnerEnv\",\"runner\",\"shard\",\"specFileRetries\",\"specFileRetriesDelay\",\"specFileRetriesDeferred\",\"reporterSyncInterval\",\"reporterSyncTimeout\",\"cucumberFeaturesWithLineNumbers\",\"autoCompileOpts\",\"mochaOpts\",\"jasmineOpts\",\"cucumberOpts\",\"onPrepare\",\"onWorkerStart\",\"onWorkerEnd\",\"before\",\"beforeSession\",\"beforeSuite\",\"beforeHook\",\"beforeTest\",\"afterTest\",\"afterHook\",\"afterSuite\",\"afterSession\",\"after\",\"onComplete\",\"beforeAssertion\",\"afterAssertion\",\"beforeFeature\",\"beforeScenario\",\"beforeStep\",\"afterStep\",\"afterScenario\",\"afterFeature\",\"_\",\"suite\",\"$0\",\"ignoredWorkerServices\",\"wdi5\"]"}]}
COMMAND: POST /session/36177e4d45fb5698ad30062df7661002/execute/async - {"script":"<script> [21126 bytes]","args":[35000]}
RESULT: {"script":"<script> [21126 bytes]","args":[35000]}
COMMAND: POST /session/36177e4d45fb5698ad30062df7661002/window/maximize - {}
RESULT: {}
COMMAND: POST /session/36177e4d45fb5698ad30062df7661002/execute/async - {"script":"<script> [1562 bytes]","args":[{"selector":{"id":"shell-header","interaction":{"idSuffix":"icon"}},"wdio_ui5_key":"shellheader"}]}
COMMAND: GET /session/36177e4d45fb5698ad30062df7661002/screenshot - {}
RESULT: {"script":"<script> [1562 bytes]","args":[{"selector":{"id":"shell-header","interaction":{"idSuffix":"icon"}},"wdio_ui5_key":"shellheader"}]}
RESULT: undefined
COMMAND: POST /session/36177e4d45fb5698ad30062df7661002/refresh - {}
RESULT: {}
RESULT: {}
COMMAND: GET /session/36177e4d45fb5698ad30062df7661002/screenshot - {}
RESULT: {}
COMMAND: POST /session/36177e4d45fb5698ad30062df7661002/refresh - {}
RESULT: {}
COMMAND: GET /session/36177e4d45fb5698ad30062df7661002/screenshot - {}
RESULT: {}
COMMAND: POST /session/36177e4d45fb5698ad30062df7661002/window/fullscreen - {}
RESULT: {}
COMMAND: POST /session/36177e4d45fb5698ad30062df7661002/execute/async - {"script":"<script> [189 bytes]","args":[]}
RESULT: {"script":"<script> [189 bytes]","args":[]}
COMMAND: POST /session/36177e4d45fb5698ad30062df7661002/execute/async - {"script":"<script> [123 bytes]","args":[]}
RESULT: {"script":"<script> [123 bytes]","args":[]}
COMMAND: POST /session/36177e4d45fb5698ad30062df7661002/timeouts - {"script":"<number>"}
RESULT: {"script":"<number>"}
COMMAND: GET /session/36177e4d45fb5698ad30062df7661002/timeouts - {}
RESULT: {}
RESULT: undefined
COMMAND: POST /session/36177e4d45fb5698ad30062df7661002/execute/async - {"script":"<script> [2676 bytes]","args":[]}
RESULT: {"script":"<script> [2676 bytes]","args":[]}
COMMAND: POST /session/36177e4d45fb5698ad30062df7661002/execute/async - {"script":"<script> [2342 bytes]","args":[{"protocol":"http","hostname":"0.0.0.0","path":"/","capabilities":{"browserName":"chrome","goog:chromeOptions":{"binary":"C:\\Program Files\\Google\\Chrome\\Application\\chrome.exe","args":["--start-maximized"]}},"logLevel":"warn","connectionRetryTimeout":120000,"connectionRetryCount":3,"logLevels":{},"enableDirectConnect":true,"strictSSL":true,"_":"65 more keys: [\"cacheDir\",\"port\",\"requestedCapabilities\",\"automationProtocol\",\"baseUrl\",\"waitforInterval\",\"waitforTimeout\",\"onReload\",\"beforeCommand\",\"afterCommand\",\"rootDir\",\"specs\",\"suites\",\"exclude\",\"groupLogsByTestSpec\",\"excludeDriverLogs\",\"bail\",\"framework\",\"reporters\",\"services\",\"maxInstances\",\"maxInstancesPerCapability\",\"injectGlobals\",\"filesToWatch\",\"execArgv\",\"runnerEnv\",\"runner\",\"shard\",\"specFileRetries\",\"specFileRetriesDelay\",\"specFileRetriesDeferred\",\"reporterSyncInterval\",\"reporterSyncTimeout\",\"cucumberFeaturesWithLineNumbers\",\"autoCompileOpts\",\"mochaOpts\",\"jasmineOpts\",\"cucumberOpts\",\"onPrepare\",\"onWorkerStart\",\"onWorkerEnd\",\"before\",\"beforeSession\",\"beforeSuite\",\"beforeHook\",\"beforeTest\",\"afterTest\",\"afterHook\",\"afterSuite\",\"afterSession\",\"after\",\"onComplete\",\"beforeAssertion\",\"afterAssertion\",\"beforeFeature\",\"beforeScenario\",\"beforeStep\",\"afterStep\",\"afterScenario\",\"afterFeature\",\"_\",\"suite\",\"$0\",\"ignoredWorkerServices\",\"wdi5\"]"}]}
RESULT: {"script":"<script> [2342 bytes]","args":[{"protocol":"http","hostname":"0.0.0.0","path":"/","capabilities":{"browserName":"chrome","goog:chromeOptions":{"binary":"C:\\Program Files\\Google\\Chrome\\Application\\chrome.exe","args":["--start-maximized"]}},"logLevel":"warn","connectionRetryTimeout":120000,"connectionRetryCount":3,"logLevels":{},"enableDirectConnect":true,"strictSSL":true,"_":"65 more keys: [\"cacheDir\",\"port\",\"requestedCapabilities\",\"automationProtocol\",\"baseUrl\",\"waitforInterval\",\"waitforTimeout\",\"onReload\",\"beforeCommand\",\"afterCommand\",\"rootDir\",\"specs\",\"suites\",\"exclude\",\"groupLogsByTestSpec\",\"excludeDriverLogs\",\"bail\",\"framework\",\"reporters\",\"services\",\"maxInstances\",\"maxInstancesPerCapability\",\"injectGlobals\",\"filesToWatch\",\"execArgv\",\"runnerEnv\",\"runner\",\"shard\",\"specFileRetries\",\"specFileRetriesDelay\",\"specFileRetriesDeferred\",\"reporterSyncInterval\",\"reporterSyncTimeout\",\"cucumberFeaturesWithLineNumbers\",\"autoCompileOpts\",\"mochaOpts\",\"jasmineOpts\",\"cucumberOpts\",\"onPrepare\",\"onWorkerStart\",\"onWorkerEnd\",\"before\",\"beforeSession\",\"beforeSuite\",\"beforeHook\",\"beforeTest\",\"afterTest\",\"afterHook\",\"afterSuite\",\"afterSession\",\"after\",\"onComplete\",\"beforeAssertion\",\"afterAssertion\",\"beforeFeature\",\"beforeScenario\",\"beforeStep\",\"afterStep\",\"afterScenario\",\"afterFeature\",\"_\",\"suite\",\"$0\",\"ignoredWorkerServices\",\"wdi5\"]"}]}
COMMAND: POST /session/36177e4d45fb5698ad30062df7661002/execute/async - {"script":"<script> [21126 bytes]","args":[35000]}
RESULT: {"script":"<script> [21126 bytes]","args":[35000]}
]]></system-out>
    </testcase>
  </testsuite>
  <testsuite timestamp="2025-05-16T06:40:18" time="1419.264" tests="20" failures="0" errors="0" skipped="0">
    <properties>
      <property name="specId" value="0" />
      <property name="suiteName" value="Billing Calculation - Time based (considering transport times) US139738" />
      <property name="capabilities" value="chrome.136_0_7103_93.windows" />
      <property name="file" value="file:///D:/a/1/s/test/specs/BTS/billing-calculation-transp-times.spec.js" />
    </properties>
    <testcase classname="chrome.136_0_7103_93.windows.Billing_Calculation_-_Time_based_(considering_transport_times)_US139738" name="Should create a new yard" time="0.014">
      <system-out><![CDATA[
COMMAND: POST /session/36177e4d45fb5698ad30062df7661002/window/fullscreen - {}
RESULT: {}
]]></system-out>
    </testcase>
    <testcase classname="chrome.136_0_7103_93.windows.Billing_Calculation_-_Time_based_(considering_transport_times)_US139738" name="Should create a new partner" time="0.015" />
    <testcase classname="chrome.136_0_7103_93.windows.Billing_Calculation_-_Time_based_(considering_transport_times)_US139738" name="Should create a new site" time="0.006" />
    <testcase classname="chrome.136_0_7103_93.windows.Billing_Calculation_-_Time_based_(considering_transport_times)_US139738" name="Should create the equipment" time="133.383">
      <system-out><![CDATA[
COMMAND: POST /session/36177e4d45fb5698ad30062df7661002/execute/async - {"script":"<script> [1562 bytes]","args":[{"selector":{"controlType":"sap.m.GenericTile","properties":{"header":"Manage Resources"}},"wdio_ui5_key":"sapm.GenericTile{\"header\":\"Manage Resources\"}"}]}
RESULT: {"script":"<script> [1562 bytes]","args":[{"selector":{"controlType":"sap.m.GenericTile","properties":{"header":"Manage Resources"}},"wdio_ui5_key":"sapm.GenericTile{\"header\":\"Manage Resources\"}"}]}
RESULT: undefined
COMMAND: POST /session/36177e4d45fb5698ad30062df7661002/element - {"using":"xpath","value":"//*[@id=\"__tile39\"]"}
RESULT: {"using":"xpath","value":"//*[@id=\"__tile39\"]"}
COMMAND: POST /session/36177e4d45fb5698ad30062df7661002/element/f.165F0B9F83AB8D5533DBC2556707DBA6.d.26B1D559323B54BF1B480E4F1C9D9FCF.e.18990/click - {}
RESULT: {}
COMMAND: GET /session/36177e4d45fb5698ad30062df7661002/screenshot - {}
RESULT: {}
COMMAND: POST /session/36177e4d45fb5698ad30062df7661002/elements - {"using":"xpath","value":"//span[text()='Error']"}
RESULT: {"using":"xpath","value":"//span[text()='Error']"}
COMMAND: POST /session/36177e4d45fb5698ad30062df7661002/element - {"using":"xpath","value":"//button[@data-kt=\"addNewRUOverflowToolbarButton\"]"}
RESULT: {"using":"xpath","value":"//button[@data-kt=\"addNewRUOverflowToolbarButton\"]"}
COMMAND: POST /session/36177e4d45fb5698ad30062df7661002/elements - {"using":"xpath","value":"//button[@data-kt=\"addNewRUOverflowToolbarButton\"]"}
RESULT: {"using":"xpath","value":"//button[@data-kt=\"addNewRUOverflowToolbarButton\"]"}
COMMAND: POST /session/36177e4d45fb5698ad30062df7661002/execute/sync - {"script":"<script> [8489 bytes]","args":[{"element-6066-11e4-a52e-4f735466cecf":"f.165F0B9F83AB8D5533DBC2556707DBA6.d.26B1D559323B54BF1B480E4F1C9D9FCF.e.19122","ELEMENT":"f.165F0B9F83AB8D5533DBC2556707DBA6.d.26B1D559323B54BF1B480E4F1C9D9FCF.e.19122"}]}
RESULT: {"script":"<script> [8489 bytes]","args":[{"element-6066-11e4-a52e-4f735466cecf":"f.165F0B9F83AB8D5533DBC2556707DBA6.d.26B1D559323B54BF1B480E4F1C9D9FCF.e.19122","ELEMENT":"f.165F0B9F83AB8D5533DBC2556707DBA6.d.26B1D559323B54BF1B480E4F1C9D9FCF.e.19122"}]}
COMMAND: GET /session/36177e4d45fb5698ad30062df7661002/element/f.165F0B9F83AB8D5533DBC2556707DBA6.d.26B1D559323B54BF1B480E4F1C9D9FCF.e.19122/enabled - {}
COMMAND: GET /session/36177e4d45fb5698ad30062df7661002/screenshot - {}
RESULT: {}
COMMAND: POST /session/36177e4d45fb5698ad30062df7661002/execute/sync - {"script":"<script> [8489 bytes]","args":[{"element-6066-11e4-a52e-4f735466cecf":"f.165F0B9F83AB8D5533DBC2556707DBA6.d.26B1D559323B54BF1B480E4F1C9D9FCF.e.19122","ELEMENT":"f.165F0B9F83AB8D5533DBC2556707DBA6.d.26B1D559323B54BF1B480E4F1C9D9FCF.e.19122"}]}
COMMAND: GET /session/36177e4d45fb5698ad30062df7661002/screenshot - {}
RESULT: {}
RESULT: {"script":"<script> [8489 bytes]","args":[{"element-6066-11e4-a52e-4f735466cecf":"f.165F0B9F83AB8D5533DBC2556707DBA6.d.26B1D559323B54BF1B480E4F1C9D9FCF.e.19122","ELEMENT":"f.165F0B9F83AB8D5533DBC2556707DBA6.d.26B1D559323B54BF1B480E4F1C9D9FCF.e.19122"}]}
COMMAND: POST /session/36177e4d45fb5698ad30062df7661002/execute/sync - {"script":"<script> [5351 bytes]","args":[{"element-6066-11e4-a52e-4f735466cecf":"f.165F0B9F83AB8D5533DBC2556707DBA6.d.26B1D559323B54BF1B480E4F1C9D9FCF.e.19122","ELEMENT":"f.165F0B9F83AB8D5533DBC2556707DBA6.d.26B1D559323B54BF1B480E4F1C9D9FCF.e.19122"}]}
RESULT: {}
RESULT: {"script":"<script> [5351 bytes]","args":[{"element-6066-11e4-a52e-4f735466cecf":"f.165F0B9F83AB8D5533DBC2556707DBA6.d.26B1D559323B54BF1B480E4F1C9D9FCF.e.19122","ELEMENT":"f.165F0B9F83AB8D5533DBC2556707DBA6.d.26B1D559323B54BF1B480E4F1C9D9FCF.e.19122"}]}
COMMAND: POST /session/36177e4d45fb5698ad30062df7661002/element/f.165F0B9F83AB8D5533DBC2556707DBA6.d.26B1D559323B54BF1B480E4F1C9D9FCF.e.19122/click - {}
COMMAND: GET /session/36177e4d45fb5698ad30062df7661002/screenshot - {}
COMMAND: GET /session/36177e4d45fb5698ad30062df7661002/screenshot - {}
RESULT: {}
COMMAND: GET /session/36177e4d45fb5698ad30062df7661002/screenshot - {}
RESULT: {}
RESULT: {}
RESULT: {}
COMMAND: POST /session/36177e4d45fb5698ad30062df7661002/execute/async - {"script":"<script> [1562 bytes]","args":[{"selector":{"id":"application-manageresources-display-component---newResourceUnit--TYPE-arrow"},"wdio_ui5_key":"applicationmanageresources-display-component---newResourceUnit--TYPE-arrow"}]}
RESULT: {"script":"<script> [1562 bytes]","args":[{"selector":{"id":"application-manageresources-display-component---newResourceUnit--TYPE-arrow"},"wdio_ui5_key":"applicationmanageresources-display-component---newResourceUnit--TYPE-arrow"}]}
RESULT: undefined
COMMAND: POST /session/36177e4d45fb5698ad30062df7661002/element - {"using":"xpath","value":"//*[@id=\"application-manageresources-display-component---newResourceUnit--TYPE-arrow\"]"}
RESULT: {"using":"xpath","value":"//*[@id=\"application-manageresources-display-component---newResourceUnit--TYPE-arrow\"]"}
COMMAND: POST /session/36177e4d45fb5698ad30062df7661002/element/f.165F0B9F83AB8D5533DBC2556707DBA6.d.26B1D559323B54BF1B480E4F1C9D9FCF.e.19479/click - {}
RESULT: {}
COMMAND: POST /session/36177e4d45fb5698ad30062df7661002/element - {"using":"xpath","value":"//input[@id=\"application-manageresources-display-component---newResourceUnit--TYPE-inner\"]"}
COMMAND: GET /session/36177e4d45fb5698ad30062df7661002/screenshot - {}
RESULT: {"using":"xpath","value":"//input[@id=\"application-manageresources-display-component---newResourceUnit--TYPE-inner\"]"}
COMMAND: POST /session/36177e4d45fb5698ad30062df7661002/element/f.165F0B9F83AB8D5533DBC2556707DBA6.d.26B1D559323B54BF1B480E4F1C9D9FCF.e.19473/clear - {}
RESULT: {}
RESULT: {}
COMMAND: POST /session/36177e4d45fb5698ad30062df7661002/element/f.165F0B9F83AB8D5533DBC2556707DBA6.d.26B1D559323B54BF1B480E4F1C9D9FCF.e.19473/value - {"text":"Equipment"}
COMMAND: GET /session/36177e4d45fb5698ad30062df7661002/screenshot - {}
RESULT: {"text":"Equipment"}
COMMAND: GET /session/36177e4d45fb5698ad30062df7661002/screenshot - {}
RESULT: {}
RESULT: {}
COMMAND: POST /session/36177e4d45fb5698ad30062df7661002/actions - {"actions":[{"id":"action67","type":"key","parameters":{},"actions":[{"type":"keyDown","value":"î€‡"},{"type":"pause","duration":10},{"type":"keyUp","value":"î€‡"}]}]}
RESULT: {"actions":[{"id":"action67","type":"key","parameters":{},"actions":[{"type":"keyDown","value":"î€‡"},{"type":"pause","duration":10},{"type":"keyUp","value":"î€‡"}]}]}
COMMAND: POST /session/36177e4d45fb5698ad30062df7661002/execute/async - {"script":"<script> [1562 bytes]","args":[{"selector":{"id":"application-manageresources-display-component---newResourceUnit--resourceId","interaction":{"idSuffix":"inner"}},"wdio_ui5_key":"applicationmanageresources-display-component---newResourceUnit--resourceId"}]}
COMMAND: GET /session/36177e4d45fb5698ad30062df7661002/screenshot - {}
RESULT: {"script":"<script> [1562 bytes]","args":[{"selector":{"id":"application-manageresources-display-component---newResourceUnit--resourceId","interaction":{"idSuffix":"inner"}},"wdio_ui5_key":"applicationmanageresources-display-component---newResourceUnit--resourceId"}]}
RESULT: undefined
COMMAND: POST /session/36177e4d45fb5698ad30062df7661002/execute/async - {"script":"<script> [776 bytes]","args":[{"enterText":"i5xoloxsdr","selector":{"id":"application-manageresources-display-component---newResourceUnit--resourceId","interaction":{"idSuffix":"inner"}},"clearTextFirst":true,"interactionType":"ENTER_TEXT"}]}
RESULT: {}
RESULT: {"script":"<script> [776 bytes]","args":[{"enterText":"i5xoloxsdr","selector":{"id":"application-manageresources-display-component---newResourceUnit--resourceId","interaction":{"idSuffix":"inner"}},"clearTextFirst":true,"interactionType":"ENTER_TEXT"}]}
COMMAND: POST /session/36177e4d45fb5698ad30062df7661002/execute/async - {"script":"<script> [1562 bytes]","args":[{"selector":{"id":"application-manageresources-display-component---newResourceUnit--SHORT_TEXT","interaction":{"idSuffix":"inner"}},"wdio_ui5_key":"applicationmanageresources-display-component---newResourceUnit--SHORT_TEXT"}]}
RESULT: {"script":"<script> [1562 bytes]","args":[{"selector":{"id":"application-manageresources-display-component---newResourceUnit--SHORT_TEXT","interaction":{"idSuffix":"inner"}},"wdio_ui5_key":"applicationmanageresources-display-component---newResourceUnit--SHORT_TEXT"}]}
RESULT: undefined
COMMAND: POST /session/36177e4d45fb5698ad30062df7661002/execute/async - {"script":"<script> [776 bytes]","args":[{"enterText":"Intercompany Equipment WDIO","selector":{"id":"application-manageresources-display-component---newResourceUnit--SHORT_TEXT","interaction":{"idSuffix":"inner"}},"clearTextFirst":true,"interactionType":"ENTER_TEXT"}]}
RESULT: {"script":"<script> [776 bytes]","args":[{"enterText":"Intercompany Equipment WDIO","selector":{"id":"application-manageresources-display-component---newResourceUnit--SHORT_TEXT","interaction":{"idSuffix":"inner"}},"clearTextFirst":true,"interactionType":"ENTER_TEXT"}]}
COMMAND: POST /session/36177e4d45fb5698ad30062df7661002/execute/async - {"script":"<script> [1562 bytes]","args":[{"selector":{"id":"application-manageresources-display-component---newResourceUnit--BASE_UNIT_OF_MEASURE","interaction":{"idSuffix":"inner"}},"wdio_ui5_key":"applicationmanageresources-display-component---newResourceUnit--BASE_UNIT_OF_MEASURE"}]}
RESULT: {"script":"<script> [1562 bytes]","args":[{"selector":{"id":"application-manageresources-display-component---newResourceUnit--BASE_UNIT_OF_MEASURE","interaction":{"idSuffix":"inner"}},"wdio_ui5_key":"applicationmanageresources-display-component---newResourceUnit--BASE_UNIT_OF_MEASURE"}]}
RESULT: undefined
COMMAND: POST /session/36177e4d45fb5698ad30062df7661002/execute/async - {"script":"<script> [776 bytes]","args":[{"enterText":"Piece","selector":{"id":"application-manageresources-display-component---newResourceUnit--BASE_UNIT_OF_MEASURE","interaction":{"idSuffix":"inner"}},"clearTextFirst":true,"interactionType":"ENTER_TEXT"}]}
RESULT: {"script":"<script> [776 bytes]","args":[{"enterText":"Piece","selector":{"id":"application-manageresources-display-component---newResourceUnit--BASE_UNIT_OF_MEASURE","interaction":{"idSuffix":"inner"}},"clearTextFirst":true,"interactionType":"ENTER_TEXT"}]}
COMMAND: POST /session/36177e4d45fb5698ad30062df7661002/execute/async - {"script":"<script> [1562 bytes]","args":[{"selector":{"id":"application-manageresources-display-component---newResourceUnit--WEIGHT_UNIT","interaction":{"idSuffix":"inner"}},"wdio_ui5_key":"applicationmanageresources-display-component---newResourceUnit--WEIGHT_UNIT"}]}
RESULT: {"script":"<script> [1562 bytes]","args":[{"selector":{"id":"application-manageresources-display-component---newResourceUnit--WEIGHT_UNIT","interaction":{"idSuffix":"inner"}},"wdio_ui5_key":"applicationmanageresources-display-component---newResourceUnit--WEIGHT_UNIT"}]}
RESULT: undefined
COMMAND: POST /session/36177e4d45fb5698ad30062df7661002/execute/async - {"script":"<script> [776 bytes]","args":[{"enterText":"Gram","selector":{"id":"application-manageresources-display-component---newResourceUnit--WEIGHT_UNIT","interaction":{"idSuffix":"inner"}},"clearTextFirst":true,"interactionType":"ENTER_TEXT"}]}
RESULT: {"script":"<script> [776 bytes]","args":[{"enterText":"Gram","selector":{"id":"application-manageresources-display-component---newResourceUnit--WEIGHT_UNIT","interaction":{"idSuffix":"inner"}},"clearTextFirst":true,"interactionType":"ENTER_TEXT"}]}
COMMAND: POST /session/36177e4d45fb5698ad30062df7661002/execute/async - {"script":"<script> [1562 bytes]","args":[{"selector":{"id":"application-manageresources-display-component---newResourceUnit--DIMENSION_UNIT","interaction":{"idSuffix":"inner"}},"wdio_ui5_key":"applicationmanageresources-display-component---newResourceUnit--DIMENSION_UNIT"}]}
RESULT: {"script":"<script> [1562 bytes]","args":[{"selector":{"id":"application-manageresources-display-component---newResourceUnit--DIMENSION_UNIT","interaction":{"idSuffix":"inner"}},"wdio_ui5_key":"applicationmanageresources-display-component---newResourceUnit--DIMENSION_UNIT"}]}
RESULT: undefined
COMMAND: POST /session/36177e4d45fb5698ad30062df7661002/execute/async - {"script":"<script> [776 bytes]","args":[{"enterText":"Meter","selector":{"id":"application-manageresources-display-component---newResourceUnit--DIMENSION_UNIT","interaction":{"idSuffix":"inner"}},"clearTextFirst":true,"interactionType":"ENTER_TEXT"}]}
RESULT: {"script":"<script> [776 bytes]","args":[{"enterText":"Meter","selector":{"id":"application-manageresources-display-component---newResourceUnit--DIMENSION_UNIT","interaction":{"idSuffix":"inner"}},"clearTextFirst":true,"interactionType":"ENTER_TEXT"}]}
COMMAND: POST /session/36177e4d45fb5698ad30062df7661002/execute/async - {"script":"<script> [1562 bytes]","args":[{"selector":{"id":"application-manageresources-display-component---newResourceUnit--newRRUPage-anchBar-application-manageresources-display-component---newResourceUnit--control-anchor","interaction":{"idSuffix":"BDI-content"}},"wdio_ui5_key":"applicationmanageresources-display-component---newResourceUnit--newRRUPage-anchBar-application-manageresources-display-component---newResourceUnit--control-anchor"}]}
RESULT: {"script":"<script> [1562 bytes]","args":[{"selector":{"id":"application-manageresources-display-component---newResourceUnit--newRRUPage-anchBar-application-manageresources-display-component---newResourceUnit--control-anchor","interaction":{"idSuffix":"BDI-content"}},"wdio_ui5_key":"applicationmanageresources-display-component---newResourceUnit--newRRUPage-anchBar-application-manageresources-display-component---newResourceUnit--control-anchor"}]}
RESULT: undefined
COMMAND: POST /session/36177e4d45fb5698ad30062df7661002/element - {"using":"xpath","value":"//*[@id=\"application-manageresources-display-component---newResourceUnit--newRRUPage-anchBar-application-manageresources-display-component---newResourceUnit--control-anchor\"]"}
RESULT: {"using":"xpath","value":"//*[@id=\"application-manageresources-display-component---newResourceUnit--newRRUPage-anchBar-application-manageresources-display-component---newResourceUnit--control-anchor\"]"}
COMMAND: POST /session/36177e4d45fb5698ad30062df7661002/element/f.165F0B9F83AB8D5533DBC2556707DBA6.d.26B1D559323B54BF1B480E4F1C9D9FCF.e.19610/click - {}
RESULT: {}
COMMAND: POST /session/36177e4d45fb5698ad30062df7661002/execute/async - {"script":"<script> [1562 bytes]","args":[{"selector":{"id":"application-manageresources-display-component---newResourceUnit--PLANNING_GROUP","interaction":{"idSuffix":"inner"}},"wdio_ui5_key":"applicationmanageresources-display-component---newResourceUnit--PLANNING_GROUP"}]}
COMMAND: GET /session/36177e4d45fb5698ad30062df7661002/screenshot - {}
RESULT: {"script":"<script> [1562 bytes]","args":[{"selector":{"id":"application-manageresources-display-component---newResourceUnit--PLANNING_GROUP","interaction":{"idSuffix":"inner"}},"wdio_ui5_key":"applicationmanageresources-display-component---newResourceUnit--PLANNING_GROUP"}]}
RESULT: undefined
COMMAND: POST /session/36177e4d45fb5698ad30062df7661002/execute/async - {"script":"<script> [776 bytes]","args":[{"enterText":"Heavy Equi","selector":{"id":"application-manageresources-display-component---newResourceUnit--PLANNING_GROUP","interaction":{"idSuffix":"inner"}},"clearTextFirst":true,"interactionType":"ENTER_TEXT"}]}
RESULT: {}
RESULT: {"script":"<script> [776 bytes]","args":[{"enterText":"Heavy Equi","selector":{"id":"application-manageresources-display-component---newResourceUnit--PLANNING_GROUP","interaction":{"idSuffix":"inner"}},"clearTextFirst":true,"interactionType":"ENTER_TEXT"}]}
COMMAND: POST /session/36177e4d45fb5698ad30062df7661002/execute/async - {"script":"<script> [1562 bytes]","args":[{"selector":{"id":"application-manageresources-display-component---newResourceUnit--ITEM_TYPE-arrow"},"wdio_ui5_key":"applicationmanageresources-display-component---newResourceUnit--ITEM_TYPE-arrow"}]}
RESULT: {"script":"<script> [1562 bytes]","args":[{"selector":{"id":"application-manageresources-display-component---newResourceUnit--ITEM_TYPE-arrow"},"wdio_ui5_key":"applicationmanageresources-display-component---newResourceUnit--ITEM_TYPE-arrow"}]}
RESULT: undefined
COMMAND: POST /session/36177e4d45fb5698ad30062df7661002/element - {"using":"xpath","value":"//*[@id=\"application-manageresources-display-component---newResourceUnit--ITEM_TYPE-arrow\"]"}
RESULT: {"using":"xpath","value":"//*[@id=\"application-manageresources-display-component---newResourceUnit--ITEM_TYPE-arrow\"]"}
COMMAND: POST /session/36177e4d45fb5698ad30062df7661002/element/f.165F0B9F83AB8D5533DBC2556707DBA6.d.26B1D559323B54BF1B480E4F1C9D9FCF.e.19619/click - {}
RESULT: {}
COMMAND: POST /session/36177e4d45fb5698ad30062df7661002/element - {"using":"xpath","value":"(//span[contains(text(), \"Resource Unit\")])[2]"}
COMMAND: GET /session/36177e4d45fb5698ad30062df7661002/screenshot - {}
RESULT: {"using":"xpath","value":"(//span[contains(text(), \"Resource Unit\")])[2]"}
COMMAND: POST /session/36177e4d45fb5698ad30062df7661002/element/f.165F0B9F83AB8D5533DBC2556707DBA6.d.26B1D559323B54BF1B480E4F1C9D9FCF.e.19620/click - {}
RESULT: {}
RESULT: {}
COMMAND: GET /session/36177e4d45fb5698ad30062df7661002/screenshot - {}
RESULT: {}
COMMAND: POST /session/36177e4d45fb5698ad30062df7661002/element - {"using":"css selector","value":"#application-manageresources-display-component---newResourceUnit--btnAddTimeSegment"}
RESULT: {"using":"css selector","value":"#application-manageresources-display-component---newResourceUnit--btnAddTimeSegment"}
COMMAND: GET /session/36177e4d45fb5698ad30062df7661002/element/f.165F0B9F83AB8D5533DBC2556707DBA6.d.26B1D559323B54BF1B480E4F1C9D9FCF.e.19621/rect - {}
RESULT: {}
COMMAND: GET /session/36177e4d45fb5698ad30062df7661002/window/rect - {}
RESULT: {}
COMMAND: POST /session/36177e4d45fb5698ad30062df7661002/execute/sync - {"script":"<script> [92 bytes]","args":[]}
RESULT: {"script":"<script> [92 bytes]","args":[]}
COMMAND: POST /session/36177e4d45fb5698ad30062df7661002/actions - {"actions":[{"id":"action68","type":"wheel","parameters":{},"actions":[{"type":"scroll","x":-1888,"y":-32,"deltaX":0,"deltaY":0,"duration":0,"origin":{"element-6066-11e4-a52e-4f735466cecf":"f.165F0B9F83AB8D5533DBC2556707DBA6.d.26B1D559323B54BF1B480E4F1C9D9FCF.e.19621"}}]}]}
COMMAND: GET /session/36177e4d45fb5698ad30062df7661002/screenshot - {}
RESULT: {}
COMMAND: POST /session/36177e4d45fb5698ad30062df7661002/execute/sync - {"script":"<script> [79 bytes]","args":[{"element-6066-11e4-a52e-4f735466cecf":"f.165F0B9F83AB8D5533DBC2556707DBA6.d.26B1D559323B54BF1B480E4F1C9D9FCF.e.19621","ELEMENT":"f.165F0B9F83AB8D5533DBC2556707DBA6.d.26B1D559323B54BF1B480E4F1C9D9FCF.e.19621"},{"block":"start","inline":"nearest"}]}
RESULT: {"script":"<script> [79 bytes]","args":[{"element-6066-11e4-a52e-4f735466cecf":"f.165F0B9F83AB8D5533DBC2556707DBA6.d.26B1D559323B54BF1B480E4F1C9D9FCF.e.19621","ELEMENT":"f.165F0B9F83AB8D5533DBC2556707DBA6.d.26B1D559323B54BF1B480E4F1C9D9FCF.e.19621"},{"block":"start","inline":"nearest"}]}
COMMAND: POST /session/36177e4d45fb5698ad30062df7661002/execute/async - {"script":"<script> [1562 bytes]","args":[{"selector":{"id":"application-manageresources-display-component---newResourceUnit--btnAddTimeSegment","interaction":{"idSuffix":"inner"}},"wdio_ui5_key":"applicationmanageresources-display-component---newResourceUnit--btnAddTimeSegment"}]}
COMMAND: GET /session/36177e4d45fb5698ad30062df7661002/screenshot - {}
RESULT: {"script":"<script> [1562 bytes]","args":[{"selector":{"id":"application-manageresources-display-component---newResourceUnit--btnAddTimeSegment","interaction":{"idSuffix":"inner"}},"wdio_ui5_key":"applicationmanageresources-display-component---newResourceUnit--btnAddTimeSegment"}]}
RESULT: undefined
COMMAND: POST /session/36177e4d45fb5698ad30062df7661002/element - {"using":"xpath","value":"//*[@id=\"application-manageresources-display-component---newResourceUnit--btnAddTimeSegment\"]"}
RESULT: {}
RESULT: {"using":"xpath","value":"//*[@id=\"application-manageresources-display-component---newResourceUnit--btnAddTimeSegment\"]"}
COMMAND: POST /session/36177e4d45fb5698ad30062df7661002/element/f.165F0B9F83AB8D5533DBC2556707DBA6.d.26B1D559323B54BF1B480E4F1C9D9FCF.e.19621/click - {}
RESULT: {}
COMMAND: GET /session/36177e4d45fb5698ad30062df7661002/screenshot - {}
RESULT: {}
COMMAND: POST /session/36177e4d45fb5698ad30062df7661002/element - {"using":"xpath","value":"//input[@id=\"application-manageresources-display-component---newResourceUnit--idRuTSAdmin-application-manageresources-display-component---newResourceUnit--RUTimeSegment-0-inner\"]"}
RESULT: {"using":"xpath","value":"//input[@id=\"application-manageresources-display-component---newResourceUnit--idRuTSAdmin-application-manageresources-display-component---newResourceUnit--RUTimeSegment-0-inner\"]"}
COMMAND: POST /session/36177e4d45fb5698ad30062df7661002/element/f.165F0B9F83AB8D5533DBC2556707DBA6.d.26B1D559323B54BF1B480E4F1C9D9FCF.e.19627/clear - {}
RESULT: {}
COMMAND: POST /session/36177e4d45fb5698ad30062df7661002/element/f.165F0B9F83AB8D5533DBC2556707DBA6.d.26B1D559323B54BF1B480E4F1C9D9FCF.e.19627/value - {"text":"433"}
COMMAND: GET /session/36177e4d45fb5698ad30062df7661002/screenshot - {}
RESULT: {"text":"433"}
COMMAND: GET /session/36177e4d45fb5698ad30062df7661002/screenshot - {}
RESULT: {}
RESULT: {}
COMMAND: POST /session/36177e4d45fb5698ad30062df7661002/element - {"using":"xpath","value":"//li[.//span[text()='433']]"}
RESULT: {"using":"xpath","value":"//li[.//span[text()='433']]"}
COMMAND: POST /session/36177e4d45fb5698ad30062df7661002/element/f.165F0B9F83AB8D5533DBC2556707DBA6.d.26B1D559323B54BF1B480E4F1C9D9FCF.e.19639/click - {}
RESULT: {}
COMMAND: GET /session/36177e4d45fb5698ad30062df7661002/screenshot - {}
RESULT: {}
COMMAND: POST /session/36177e4d45fb5698ad30062df7661002/element - {"using":"xpath","value":"(//span[contains(@id, \"-application-manageresources-display-component---newResourceUnit--RUTimeSegment-0-arrow\")])[6]"}
RESULT: {"using":"xpath","value":"(//span[contains(@id, \"-application-manageresources-display-component---newResourceUnit--RUTimeSegment-0-arrow\")])[6]"}
COMMAND: POST /session/36177e4d45fb5698ad30062df7661002/element/f.165F0B9F83AB8D5533DBC2556707DBA6.d.26B1D559323B54BF1B480E4F1C9D9FCF.e.19640/click - {}
RESULT: {}
COMMAND: GET /session/36177e4d45fb5698ad30062df7661002/screenshot - {}
RESULT: {}
COMMAND: POST /session/36177e4d45fb5698ad30062df7661002/element - {"using":"xpath","value":"//span[contains(text(), \"PM Order\")]"}
RESULT: {"using":"xpath","value":"//span[contains(text(), \"PM Order\")]"}
COMMAND: POST /session/36177e4d45fb5698ad30062df7661002/element/f.165F0B9F83AB8D5533DBC2556707DBA6.d.26B1D559323B54BF1B480E4F1C9D9FCF.e.19643/click - {}
RESULT: {}
COMMAND: GET /session/36177e4d45fb5698ad30062df7661002/screenshot - {}
RESULT: {}
COMMAND: POST /session/36177e4d45fb5698ad30062df7661002/element - {"using":"xpath","value":"(//span[contains(@id ,\"manageresources-display-component---newResourceUnit--RUTimeSegment-0-vhi\")])[1]"}
RESULT: {"using":"xpath","value":"(//span[contains(@id ,\"manageresources-display-component---newResourceUnit--RUTimeSegment-0-vhi\")])[1]"}
COMMAND: GET /session/36177e4d45fb5698ad30062df7661002/element/f.165F0B9F83AB8D5533DBC2556707DBA6.d.26B1D559323B54BF1B480E4F1C9D9FCF.e.19647/rect - {}
RESULT: {}
COMMAND: GET /session/36177e4d45fb5698ad30062df7661002/window/rect - {}
RESULT: {}
COMMAND: POST /session/36177e4d45fb5698ad30062df7661002/execute/sync - {"script":"<script> [92 bytes]","args":[]}
RESULT: {"script":"<script> [92 bytes]","args":[]}
COMMAND: POST /session/36177e4d45fb5698ad30062df7661002/actions - {"actions":[{"id":"action69","type":"wheel","parameters":{},"actions":[{"type":"scroll","x":-869,"y":-24,"deltaX":0,"deltaY":0,"duration":0,"origin":{"element-6066-11e4-a52e-4f735466cecf":"f.165F0B9F83AB8D5533DBC2556707DBA6.d.26B1D559323B54BF1B480E4F1C9D9FCF.e.19647"}}]}]}
COMMAND: GET /session/36177e4d45fb5698ad30062df7661002/screenshot - {}
RESULT: {"actions":[{"id":"action69","type":"wheel","parameters":{},"actions":[{"type":"scroll","x":-869,"y":-24,"deltaX":0,"deltaY":0,"duration":0,"origin":{"element-6066-11e4-a52e-4f735466cecf":"f.165F0B9F83AB8D5533DBC2556707DBA6.d.26B1D559323B54BF1B480E4F1C9D9FCF.e.19647"}}]}]}
COMMAND: DELETE /session/36177e4d45fb5698ad30062df7661002/actions - {}
COMMAND: GET /session/36177e4d45fb5698ad30062df7661002/screenshot - {}
RESULT: {}
RESULT: {}
COMMAND: GET /session/36177e4d45fb5698ad30062df7661002/screenshot - {}
RESULT: {}
RESULT: {}
COMMAND: POST /session/36177e4d45fb5698ad30062df7661002/element/f.165F0B9F83AB8D5533DBC2556707DBA6.d.26B1D559323B54BF1B480E4F1C9D9FCF.e.19647/click - {}
RESULT: {}
COMMAND: GET /session/36177e4d45fb5698ad30062df7661002/screenshot - {}
RESULT: {}
COMMAND: POST /session/36177e4d45fb5698ad30062df7661002/execute/async - {"script":"<script> [1562 bytes]","args":[{"selector":{"controlType":"sap.m.SearchField","properties":{"placeholder":"Search"},"searchOpenDialogs":true,"interaction":{"idSuffix":"I"}},"wdio_ui5_key":"sapm.SearchField{\"placeholder\":\"Search\"}"}]}
RESULT: {"script":"<script> [1562 bytes]","args":[{"selector":{"controlType":"sap.m.SearchField","properties":{"placeholder":"Search"},"searchOpenDialogs":true,"interaction":{"idSuffix":"I"}},"wdio_ui5_key":"sapm.SearchField{\"placeholder\":\"Search\"}"}]}
RESULT: undefined
COMMAND: POST /session/36177e4d45fb5698ad30062df7661002/execute/async - {"script":"<script> [776 bytes]","args":[{"enterText":"4000360","selector":{"controlType":"sap.m.SearchField","properties":{"placeholder":"Search"},"searchOpenDialogs":true,"interaction":{"idSuffix":"I"}},"clearTextFirst":true,"interactionType":"ENTER_TEXT"}]}
RESULT: {"script":"<script> [776 bytes]","args":[{"enterText":"4000360","selector":{"controlType":"sap.m.SearchField","properties":{"placeholder":"Search"},"searchOpenDialogs":true,"interaction":{"idSuffix":"I"}},"clearTextFirst":true,"interactionType":"ENTER_TEXT"}]}
COMMAND: POST /session/36177e4d45fb5698ad30062df7661002/actions - {"actions":[{"id":"action70","type":"key","parameters":{},"actions":[{"type":"keyDown","value":"î€‡"},{"type":"pause","duration":10},{"type":"keyUp","value":"î€‡"}]}]}
RESULT: {"actions":[{"id":"action70","type":"key","parameters":{},"actions":[{"type":"keyDown","value":"î€‡"},{"type":"pause","duration":10},{"type":"keyUp","value":"î€‡"}]}]}
COMMAND: GET /session/36177e4d45fb5698ad30062df7661002/screenshot - {}
RESULT: {}
COMMAND: POST /session/36177e4d45fb5698ad30062df7661002/element - {"using":"xpath","value":"//td/div/span[contains(text(), \"BGL Vehicles\")]"}
RESULT: {"using":"xpath","value":"//td/div/span[contains(text(), \"BGL Vehicles\")]"}
COMMAND: POST /session/36177e4d45fb5698ad30062df7661002/element/f.165F0B9F83AB8D5533DBC2556707DBA6.d.26B1D559323B54BF1B480E4F1C9D9FCF.e.19668/click - {}
RESULT: {}
COMMAND: GET /session/36177e4d45fb5698ad30062df7661002/screenshot - {}
RESULT: {}
COMMAND: POST /session/36177e4d45fb5698ad30062df7661002/element - {"using":"xpath","value":"//bdi[contains(text(), \"OK\")]"}
RESULT: {"using":"xpath","value":"//bdi[contains(text(), \"OK\")]"}
COMMAND: POST /session/36177e4d45fb5698ad30062df7661002/element/f.165F0B9F83AB8D5533DBC2556707DBA6.d.26B1D559323B54BF1B480E4F1C9D9FCF.e.19669/click - {}
RESULT: {}
COMMAND: GET /session/36177e4d45fb5698ad30062df7661002/screenshot - {}
RESULT: {}
COMMAND: POST /session/36177e4d45fb5698ad30062df7661002/execute/async - {"script":"<script> [1562 bytes]","args":[{"selector":{"id":"application-manageresources-display-component---newResourceUnit--newRRUPage-anchBar-application-manageresources-display-component---newResourceUnit--resource-anchor","interaction":{"idSuffix":"BDI-content"}},"wdio_ui5_key":"applicationmanageresources-display-component---newResourceUnit--newRRUPage-anchBar-application-manageresources-display-component---newResourceUnit--resource-anchor"}]}
RESULT: {"script":"<script> [1562 bytes]","args":[{"selector":{"id":"application-manageresources-display-component---newResourceUnit--newRRUPage-anchBar-application-manageresources-display-component---newResourceUnit--resource-anchor","interaction":{"idSuffix":"BDI-content"}},"wdio_ui5_key":"applicationmanageresources-display-component---newResourceUnit--newRRUPage-anchBar-application-manageresources-display-component---newResourceUnit--resource-anchor"}]}
RESULT: undefined
COMMAND: POST /session/36177e4d45fb5698ad30062df7661002/element - {"using":"xpath","value":"//*[@id=\"application-manageresources-display-component---newResourceUnit--newRRUPage-anchBar-application-manageresources-display-component---newResourceUnit--resource-anchor\"]"}
RESULT: {"using":"xpath","value":"//*[@id=\"application-manageresources-display-component---newResourceUnit--newRRUPage-anchBar-application-manageresources-display-component---newResourceUnit--resource-anchor\"]"}
COMMAND: POST /session/36177e4d45fb5698ad30062df7661002/element/f.165F0B9F83AB8D5533DBC2556707DBA6.d.26B1D559323B54BF1B480E4F1C9D9FCF.e.19673/click - {}
RESULT: {}
COMMAND: POST /session/36177e4d45fb5698ad30062df7661002/execute/async - {"script":"<script> [1562 bytes]","args":[{"selector":{"id":"application-manageresources-display-component---newResourceUnit--PLANNED_DELIVERY_DATE","interaction":{"idSuffix":"inner"}},"wdio_ui5_key":"applicationmanageresources-display-component---newResourceUnit--PLANNED_DELIVERY_DATE"}]}
COMMAND: GET /session/36177e4d45fb5698ad30062df7661002/screenshot - {}
RESULT: {"script":"<script> [1562 bytes]","args":[{"selector":{"id":"application-manageresources-display-component---newResourceUnit--PLANNED_DELIVERY_DATE","interaction":{"idSuffix":"inner"}},"wdio_ui5_key":"applicationmanageresources-display-component---newResourceUnit--PLANNED_DELIVERY_DATE"}]}
RESULT: undefined
COMMAND: POST /session/36177e4d45fb5698ad30062df7661002/execute/async - {"script":"<script> [6424 bytes]","args":[{"element-6066-11e4-a52e-4f735466cecf":"f.165F0B9F83AB8D5533DBC2556707DBA6.d.26B1D559323B54BF1B480E4F1C9D9FCF.e.19535"},"setValue",["5/16/25"]]}
RESULT: {}
RESULT: {"script":"<script> [6424 bytes]","args":[{"element-6066-11e4-a52e-4f735466cecf":"f.165F0B9F83AB8D5533DBC2556707DBA6.d.26B1D559323B54BF1B480E4F1C9D9FCF.e.19535"},"setValue",["5/16/25"]]}
COMMAND: POST /session/36177e4d45fb5698ad30062df7661002/element - {"using":"xpath","value":"//label[contains(@class, 'sapMLabelRequired') and .//bdi[contains(text(), 'Planned Retirement')]]"}
RESULT: {"using":"xpath","value":"//label[contains(@class, 'sapMLabelRequired') and .//bdi[contains(text(), 'Planned Retirement')]]"}
COMMAND: POST /session/36177e4d45fb5698ad30062df7661002/elements - {"using":"xpath","value":"//label[contains(@class, 'sapMLabelRequired') and .//bdi[contains(text(), 'Planned Retirement')]]"}
RESULT: {"using":"xpath","value":"//label[contains(@class, 'sapMLabelRequired') and .//bdi[contains(text(), 'Planned Retirement')]]"}
COMMAND: POST /session/36177e4d45fb5698ad30062df7661002/element - {"using":"xpath","value":"//button[@data-kt=\"resourceUnitSaveButton\"]"}
RESULT: {"using":"xpath","value":"//button[@data-kt=\"resourceUnitSaveButton\"]"}
COMMAND: POST /session/36177e4d45fb5698ad30062df7661002/element/f.165F0B9F83AB8D5533DBC2556707DBA6.d.26B1D559323B54BF1B480E4F1C9D9FCF.e.19496/click - {}
RESULT: {}
COMMAND: GET /session/36177e4d45fb5698ad30062df7661002/screenshot - {}
RESULT: {}
COMMAND: POST /session/36177e4d45fb5698ad30062df7661002/element - {"using":"xpath","value":"//bdi[contains(text(), \"Close\")]"}
RESULT: {"using":"xpath","value":"//bdi[contains(text(), \"Close\")]"}
COMMAND: POST /session/36177e4d45fb5698ad30062df7661002/element/f.165F0B9F83AB8D5533DBC2556707DBA6.d.26B1D559323B54BF1B480E4F1C9D9FCF.e.19681/click - {}
RESULT: {}
COMMAND: GET /session/36177e4d45fb5698ad30062df7661002/screenshot - {}
RESULT: {}
COMMAND: POST /session/36177e4d45fb5698ad30062df7661002/element - {"using":"xpath","value":"(//button[contains(@id ,\"actionsToolbar-overflowButton\")])[1]"}
RESULT: {"using":"xpath","value":"(//button[contains(@id ,\"actionsToolbar-overflowButton\")])[1]"}
COMMAND: POST /session/36177e4d45fb5698ad30062df7661002/element/f.165F0B9F83AB8D5533DBC2556707DBA6.d.26B1D559323B54BF1B480E4F1C9D9FCF.e.19733/click - {}
RESULT: {}
COMMAND: GET /session/36177e4d45fb5698ad30062df7661002/screenshot - {}
RESULT: {}
COMMAND: POST /session/36177e4d45fb5698ad30062df7661002/element - {"using":"xpath","value":"//button[@data-kt=\"priceInfoButton\"]"}
RESULT: {"using":"xpath","value":"//button[@data-kt=\"priceInfoButton\"]"}
COMMAND: POST /session/36177e4d45fb5698ad30062df7661002/element/f.165F0B9F83AB8D5533DBC2556707DBA6.d.26B1D559323B54BF1B480E4F1C9D9FCF.e.19735/click - {}
RESULT: {}
COMMAND: GET /session/36177e4d45fb5698ad30062df7661002/screenshot - {}
]]></system-out>
    </testcase>
    <testcase classname="chrome.136_0_7103_93.windows.Billing_Calculation_-_Time_based_(considering_transport_times)_US139738" name="Should create new pricing rule for the equipment" time="53.402">
      <system-out><![CDATA[
COMMAND: POST /session/36177e4d45fb5698ad30062df7661002/element - {"using":"xpath","value":"//button[@data-kt=\"addButton\"]"}
RESULT: {}
RESULT: {"using":"xpath","value":"//button[@data-kt=\"addButton\"]"}
COMMAND: POST /session/36177e4d45fb5698ad30062df7661002/elements - {"using":"xpath","value":"//button[@data-kt=\"addButton\"]"}
RESULT: {"using":"xpath","value":"//button[@data-kt=\"addButton\"]"}
COMMAND: POST /session/36177e4d45fb5698ad30062df7661002/execute/sync - {"script":"<script> [8489 bytes]","args":[{"element-6066-11e4-a52e-4f735466cecf":"f.165F0B9F83AB8D5533DBC2556707DBA6.d.26B1D559323B54BF1B480E4F1C9D9FCF.e.19771","ELEMENT":"f.165F0B9F83AB8D5533DBC2556707DBA6.d.26B1D559323B54BF1B480E4F1C9D9FCF.e.19771"}]}
RESULT: {"script":"<script> [8489 bytes]","args":[{"element-6066-11e4-a52e-4f735466cecf":"f.165F0B9F83AB8D5533DBC2556707DBA6.d.26B1D559323B54BF1B480E4F1C9D9FCF.e.19771","ELEMENT":"f.165F0B9F83AB8D5533DBC2556707DBA6.d.26B1D559323B54BF1B480E4F1C9D9FCF.e.19771"}]}
COMMAND: GET /session/36177e4d45fb5698ad30062df7661002/element/f.165F0B9F83AB8D5533DBC2556707DBA6.d.26B1D559323B54BF1B480E4F1C9D9FCF.e.19771/enabled - {}
COMMAND: GET /session/36177e4d45fb5698ad30062df7661002/screenshot - {}
RESULT: {}
COMMAND: POST /session/36177e4d45fb5698ad30062df7661002/execute/sync - {"script":"<script> [8489 bytes]","args":[{"element-6066-11e4-a52e-4f735466cecf":"f.165F0B9F83AB8D5533DBC2556707DBA6.d.26B1D559323B54BF1B480E4F1C9D9FCF.e.19771","ELEMENT":"f.165F0B9F83AB8D5533DBC2556707DBA6.d.26B1D559323B54BF1B480E4F1C9D9FCF.e.19771"}]}
COMMAND: GET /session/36177e4d45fb5698ad30062df7661002/screenshot - {}
RESULT: {}
RESULT: {"script":"<script> [8489 bytes]","args":[{"element-6066-11e4-a52e-4f735466cecf":"f.165F0B9F83AB8D5533DBC2556707DBA6.d.26B1D559323B54BF1B480E4F1C9D9FCF.e.19771","ELEMENT":"f.165F0B9F83AB8D5533DBC2556707DBA6.d.26B1D559323B54BF1B480E4F1C9D9FCF.e.19771"}]}
COMMAND: POST /session/36177e4d45fb5698ad30062df7661002/execute/sync - {"script":"<script> [5351 bytes]","args":[{"element-6066-11e4-a52e-4f735466cecf":"f.165F0B9F83AB8D5533DBC2556707DBA6.d.26B1D559323B54BF1B480E4F1C9D9FCF.e.19771","ELEMENT":"f.165F0B9F83AB8D5533DBC2556707DBA6.d.26B1D559323B54BF1B480E4F1C9D9FCF.e.19771"}]}
COMMAND: GET /session/36177e4d45fb5698ad30062df7661002/screenshot - {}
RESULT: {}
RESULT: {"script":"<script> [5351 bytes]","args":[{"element-6066-11e4-a52e-4f735466cecf":"f.165F0B9F83AB8D5533DBC2556707DBA6.d.26B1D559323B54BF1B480E4F1C9D9FCF.e.19771","ELEMENT":"f.165F0B9F83AB8D5533DBC2556707DBA6.d.26B1D559323B54BF1B480E4F1C9D9FCF.e.19771"}]}
COMMAND: POST /session/36177e4d45fb5698ad30062df7661002/element/f.165F0B9F83AB8D5533DBC2556707DBA6.d.26B1D559323B54BF1B480E4F1C9D9FCF.e.19771/click - {}
COMMAND: GET /session/36177e4d45fb5698ad30062df7661002/screenshot - {}
RESULT: {}
RESULT: {}
COMMAND: GET /session/36177e4d45fb5698ad30062df7661002/screenshot - {}
RESULT: {}
RESULT: {}
COMMAND: POST /session/36177e4d45fb5698ad30062df7661002/execute/async - {"script":"<script> [1562 bytes]","args":[{"selector":{"controlType":"sap.m.Title","viewName":"etm.portal.ui.managepricingrules.view.NewItem","viewId":"application-managepricingrules-display-component---newInfoPriceItem","properties":{"text":"New Pricing Rules - Item Level"}},"wdio_ui5_key":"etmportal.ui.managepricingrules.view.NewItemsap.m.Title{\"text\":\"New Pricing Rules - Item Level\"}"}]}
RESULT: {"script":"<script> [1562 bytes]","args":[{"selector":{"controlType":"sap.m.Title","viewName":"etm.portal.ui.managepricingrules.view.NewItem","viewId":"application-managepricingrules-display-component---newInfoPriceItem","properties":{"text":"New Pricing Rules - Item Level"}},"wdio_ui5_key":"etmportal.ui.managepricingrules.view.NewItemsap.m.Title{\"text\":\"New Pricing Rules - Item Level\"}"}]}
RESULT: undefined
COMMAND: POST /session/36177e4d45fb5698ad30062df7661002/execute/async - {"script":"<script> [6424 bytes]","args":[{"element-6066-11e4-a52e-4f735466cecf":"f.165F0B9F83AB8D5533DBC2556707DBA6.d.26B1D559323B54BF1B480E4F1C9D9FCF.e.19944"},"getText",[]]}
RESULT: {"script":"<script> [6424 bytes]","args":[{"element-6066-11e4-a52e-4f735466cecf":"f.165F0B9F83AB8D5533DBC2556707DBA6.d.26B1D559323B54BF1B480E4F1C9D9FCF.e.19944"},"getText",[]]}
COMMAND: POST /session/36177e4d45fb5698ad30062df7661002/execute/async - {"script":"<script> [1562 bytes]","args":[{"selector":{"id":"application-managepricingrules-display-component---newInfoPriceItem--condValidTo","interaction":{"idSuffix":"inner"}},"wdio_ui5_key":"applicationmanagepricingrules-display-component---newInfoPriceItem--condValidTo"}]}
RESULT: {"script":"<script> [1562 bytes]","args":[{"selector":{"id":"application-managepricingrules-display-component---newInfoPriceItem--condValidTo","interaction":{"idSuffix":"inner"}},"wdio_ui5_key":"applicationmanagepricingrules-display-component---newInfoPriceItem--condValidTo"}]}
RESULT: undefined
COMMAND: POST /session/36177e4d45fb5698ad30062df7661002/execute/async - {"script":"<script> [776 bytes]","args":[{"enterText":"1/16/26","selector":{"id":"application-managepricingrules-display-component---newInfoPriceItem--condValidTo","interaction":{"idSuffix":"inner"}},"clearTextFirst":true,"interactionType":"ENTER_TEXT"}]}
RESULT: {"script":"<script> [776 bytes]","args":[{"enterText":"1/16/26","selector":{"id":"application-managepricingrules-display-component---newInfoPriceItem--condValidTo","interaction":{"idSuffix":"inner"}},"clearTextFirst":true,"interactionType":"ENTER_TEXT"}]}
COMMAND: POST /session/36177e4d45fb5698ad30062df7661002/execute/async - {"script":"<script> [1562 bytes]","args":[{"selector":{"id":"application-managepricingrules-display-component---newInfoPriceItem--billType-arrow"},"wdio_ui5_key":"applicationmanagepricingrules-display-component---newInfoPriceItem--billType-arrow"}]}
RESULT: {"script":"<script> [1562 bytes]","args":[{"selector":{"id":"application-managepricingrules-display-component---newInfoPriceItem--billType-arrow"},"wdio_ui5_key":"applicationmanagepricingrules-display-component---newInfoPriceItem--billType-arrow"}]}
RESULT: undefined
COMMAND: POST /session/36177e4d45fb5698ad30062df7661002/element - {"using":"xpath","value":"//*[@id=\"application-managepricingrules-display-component---newInfoPriceItem--billType-arrow\"]"}
RESULT: {"using":"xpath","value":"//*[@id=\"application-managepricingrules-display-component---newInfoPriceItem--billType-arrow\"]"}
COMMAND: POST /session/36177e4d45fb5698ad30062df7661002/element/f.165F0B9F83AB8D5533DBC2556707DBA6.d.26B1D559323B54BF1B480E4F1C9D9FCF.e.19902/click - {}
RESULT: {}
COMMAND: POST /session/36177e4d45fb5698ad30062df7661002/element - {"using":"xpath","value":"//span[contains(text(), \"TB - Time based\")]"}
COMMAND: GET /session/36177e4d45fb5698ad30062df7661002/screenshot - {}
RESULT: {"using":"xpath","value":"//span[contains(text(), \"TB - Time based\")]"}
COMMAND: POST /session/36177e4d45fb5698ad30062df7661002/element/f.165F0B9F83AB8D5533DBC2556707DBA6.d.26B1D559323B54BF1B480E4F1C9D9FCF.e.19946/click - {}
RESULT: {}
RESULT: {}
COMMAND: POST /session/36177e4d45fb5698ad30062df7661002/execute/async - {"script":"<script> [1562 bytes]","args":[{"selector":{"id":"application-managepricingrules-display-component---newInfoPriceItem--priceProc-arrow"},"wdio_ui5_key":"applicationmanagepricingrules-display-component---newInfoPriceItem--priceProc-arrow"}]}
COMMAND: GET /session/36177e4d45fb5698ad30062df7661002/screenshot - {}
RESULT: {"script":"<script> [1562 bytes]","args":[{"selector":{"id":"application-managepricingrules-display-component---newInfoPriceItem--priceProc-arrow"},"wdio_ui5_key":"applicationmanagepricingrules-display-component---newInfoPriceItem--priceProc-arrow"}]}
RESULT: undefined
COMMAND: POST /session/36177e4d45fb5698ad30062df7661002/element - {"using":"xpath","value":"//*[@id=\"application-managepricingrules-display-component---newInfoPriceItem--priceProc-arrow\"]"}
RESULT: {}
RESULT: {"using":"xpath","value":"//*[@id=\"application-managepricingrules-display-component---newInfoPriceItem--priceProc-arrow\"]"}
COMMAND: POST /session/36177e4d45fb5698ad30062df7661002/element/f.165F0B9F83AB8D5533DBC2556707DBA6.d.26B1D559323B54BF1B480E4F1C9D9FCF.e.19909/click - {}
RESULT: {}
COMMAND: POST /session/36177e4d45fb5698ad30062df7661002/element - {"using":"xpath","value":"//span[contains(text(), \"TBS - Time based standard\")]"}
COMMAND: GET /session/36177e4d45fb5698ad30062df7661002/screenshot - {}
RESULT: {"using":"xpath","value":"//span[contains(text(), \"TBS - Time based standard\")]"}
COMMAND: POST /session/36177e4d45fb5698ad30062df7661002/element/f.165F0B9F83AB8D5533DBC2556707DBA6.d.26B1D559323B54BF1B480E4F1C9D9FCF.e.19947/click - {}
RESULT: {}
RESULT: {}
COMMAND: POST /session/36177e4d45fb5698ad30062df7661002/execute/async - {"script":"<script> [1562 bytes]","args":[{"selector":{"id":"application-managepricingrules-display-component---newInfoPriceItem--calcBase-arrow"},"wdio_ui5_key":"applicationmanagepricingrules-display-component---newInfoPriceItem--calcBase-arrow"}]}
COMMAND: GET /session/36177e4d45fb5698ad30062df7661002/screenshot - {}
RESULT: {"script":"<script> [1562 bytes]","args":[{"selector":{"id":"application-managepricingrules-display-component---newInfoPriceItem--calcBase-arrow"},"wdio_ui5_key":"applicationmanagepricingrules-display-component---newInfoPriceItem--calcBase-arrow"}]}
RESULT: undefined
COMMAND: POST /session/36177e4d45fb5698ad30062df7661002/element - {"using":"xpath","value":"//*[@id=\"application-managepricingrules-display-component---newInfoPriceItem--calcBase-arrow\"]"}
RESULT: {}
RESULT: {"using":"xpath","value":"//*[@id=\"application-managepricingrules-display-component---newInfoPriceItem--calcBase-arrow\"]"}
COMMAND: POST /session/36177e4d45fb5698ad30062df7661002/element/f.165F0B9F83AB8D5533DBC2556707DBA6.d.26B1D559323B54BF1B480E4F1C9D9FCF.e.19916/click - {}
RESULT: {}
COMMAND: GET /session/36177e4d45fb5698ad30062df7661002/screenshot - {}
RESULT: {}
COMMAND: POST /session/36177e4d45fb5698ad30062df7661002/element - {"using":"xpath","value":"//span[contains(text(), \"0006 - TB(calendar days)\")]"}
RESULT: {"using":"xpath","value":"//span[contains(text(), \"0006 - TB(calendar days)\")]"}
COMMAND: POST /session/36177e4d45fb5698ad30062df7661002/element/f.165F0B9F83AB8D5533DBC2556707DBA6.d.26B1D559323B54BF1B480E4F1C9D9FCF.e.19948/click - {}
RESULT: {}
COMMAND: GET /session/36177e4d45fb5698ad30062df7661002/screenshot - {}
RESULT: {}
COMMAND: POST /session/36177e4d45fb5698ad30062df7661002/execute/async - {"script":"<script> [1562 bytes]","args":[{"selector":{"id":"application-managepricingrules-display-component---newInfoPriceItem--daysMonth","interaction":{"idSuffix":"inner"}},"wdio_ui5_key":"applicationmanagepricingrules-display-component---newInfoPriceItem--daysMonth"}]}
RESULT: {"script":"<script> [1562 bytes]","args":[{"selector":{"id":"application-managepricingrules-display-component---newInfoPriceItem--daysMonth","interaction":{"idSuffix":"inner"}},"wdio_ui5_key":"applicationmanagepricingrules-display-component---newInfoPriceItem--daysMonth"}]}
RESULT: undefined
COMMAND: POST /session/36177e4d45fb5698ad30062df7661002/execute/async - {"script":"<script> [776 bytes]","args":[{"enterText":"30","selector":{"id":"application-managepricingrules-display-component---newInfoPriceItem--daysMonth","interaction":{"idSuffix":"inner"}},"clearTextFirst":true,"interactionType":"ENTER_TEXT"}]}
RESULT: {"script":"<script> [776 bytes]","args":[{"enterText":"30","selector":{"id":"application-managepricingrules-display-component---newInfoPriceItem--daysMonth","interaction":{"idSuffix":"inner"}},"clearTextFirst":true,"interactionType":"ENTER_TEXT"}]}
COMMAND: POST /session/36177e4d45fb5698ad30062df7661002/element - {"using":"xpath","value":"//button[@data-kt=\"saveNewRuleButton\"]"}
RESULT: {"using":"xpath","value":"//button[@data-kt=\"saveNewRuleButton\"]"}
COMMAND: POST /session/36177e4d45fb5698ad30062df7661002/element/f.165F0B9F83AB8D5533DBC2556707DBA6.d.26B1D559323B54BF1B480E4F1C9D9FCF.e.19936/click - {}
RESULT: {}
COMMAND: GET /session/36177e4d45fb5698ad30062df7661002/screenshot - {}
RESULT: {}
COMMAND: POST /session/36177e4d45fb5698ad30062df7661002/execute/async - {"script":"<script> [1562 bytes]","args":[{"selector":{"id":"application-managepricingrules-display-component---priceInfoItem--smartFilterBar-btnBasicSearch","interaction":{"idSuffix":"I"}},"wdio_ui5_key":"applicationmanagepricingrules-display-component---priceInfoItem--smartFilterBar-btnBasicSearch"}]}
RESULT: {"script":"<script> [1562 bytes]","args":[{"selector":{"id":"application-managepricingrules-display-component---priceInfoItem--smartFilterBar-btnBasicSearch","interaction":{"idSuffix":"I"}},"wdio_ui5_key":"applicationmanagepricingrules-display-component---priceInfoItem--smartFilterBar-btnBasicSearch"}]}
RESULT: undefined
COMMAND: POST /session/36177e4d45fb5698ad30062df7661002/execute/async - {"script":"<script> [776 bytes]","args":[{"enterText":"i5xoloxsdr","selector":{"id":"application-managepricingrules-display-component---priceInfoItem--smartFilterBar-btnBasicSearch","interaction":{"idSuffix":"I"}},"clearTextFirst":true,"interactionType":"ENTER_TEXT"}]}
RESULT: {"script":"<script> [776 bytes]","args":[{"enterText":"i5xoloxsdr","selector":{"id":"application-managepricingrules-display-component---priceInfoItem--smartFilterBar-btnBasicSearch","interaction":{"idSuffix":"I"}},"clearTextFirst":true,"interactionType":"ENTER_TEXT"}]}
COMMAND: POST /session/36177e4d45fb5698ad30062df7661002/actions - {"actions":[{"id":"action71","type":"key","parameters":{},"actions":[{"type":"keyDown","value":"î€‡"},{"type":"pause","duration":10},{"type":"keyUp","value":"î€‡"}]}]}
RESULT: {"actions":[{"id":"action71","type":"key","parameters":{},"actions":[{"type":"keyDown","value":"î€‡"},{"type":"pause","duration":10},{"type":"keyUp","value":"î€‡"}]}]}
COMMAND: GET /session/36177e4d45fb5698ad30062df7661002/screenshot - {}
RESULT: {}
COMMAND: POST /session/36177e4d45fb5698ad30062df7661002/element - {"using":"xpath","value":"//span[@id=\"application-managepricingrules-display-component---priceInfoItem--smartTable-header-inner\"]"}
RESULT: {"using":"xpath","value":"//span[@id=\"application-managepricingrules-display-component---priceInfoItem--smartTable-header-inner\"]"}
COMMAND: POST /session/36177e4d45fb5698ad30062df7661002/elements - {"using":"xpath","value":"//span[@id=\"application-managepricingrules-display-component---priceInfoItem--smartTable-header-inner\"]"}
RESULT: {"using":"xpath","value":"//span[@id=\"application-managepricingrules-display-component---priceInfoItem--smartTable-header-inner\"]"}
COMMAND: POST /session/36177e4d45fb5698ad30062df7661002/execute/sync - {"script":"<script> [56 bytes]","args":[{"element-6066-11e4-a52e-4f735466cecf":"f.165F0B9F83AB8D5533DBC2556707DBA6.d.26B1D559323B54BF1B480E4F1C9D9FCF.e.19971","ELEMENT":"f.165F0B9F83AB8D5533DBC2556707DBA6.d.26B1D559323B54BF1B480E4F1C9D9FCF.e.19971"}]}
RESULT: {"script":"<script> [56 bytes]","args":[{"element-6066-11e4-a52e-4f735466cecf":"f.165F0B9F83AB8D5533DBC2556707DBA6.d.26B1D559323B54BF1B480E4F1C9D9FCF.e.19971","ELEMENT":"f.165F0B9F83AB8D5533DBC2556707DBA6.d.26B1D559323B54BF1B480E4F1C9D9FCF.e.19971"}]}
COMMAND: POST /session/36177e4d45fb5698ad30062df7661002/element - {"using":"css selector","value":"#shell-header-logo"}
COMMAND: GET /session/36177e4d45fb5698ad30062df7661002/screenshot - {}
RESULT: {"using":"css selector","value":"#shell-header-logo"}
COMMAND: POST /session/36177e4d45fb5698ad30062df7661002/element/f.165F0B9F83AB8D5533DBC2556707DBA6.d.26B1D559323B54BF1B480E4F1C9D9FCF.e.19091/click - {}
RESULT: {}
RESULT: {}
COMMAND: GET /session/36177e4d45fb5698ad30062df7661002/screenshot - {}
RESULT: {}
]]></system-out>
    </testcase>
    <testcase classname="chrome.136_0_7103_93.windows.Billing_Calculation_-_Time_based_(considering_transport_times)_US139738" name="Should create new pricing condition for the equipment" time="66.328">
      <system-out><![CDATA[
COMMAND: POST /session/36177e4d45fb5698ad30062df7661002/execute/async - {"script":"<script> [1562 bytes]","args":[{"selector":{"controlType":"sap.m.GenericTile","properties":{"header":"Manage Conditions & Prices"}},"wdio_ui5_key":"sapm.GenericTile{\"header\":\"Manage Conditions & Prices\"}"}]}
RESULT: {"script":"<script> [1562 bytes]","args":[{"selector":{"controlType":"sap.m.GenericTile","properties":{"header":"Manage Conditions & Prices"}},"wdio_ui5_key":"sapm.GenericTile{\"header\":\"Manage Conditions & Prices\"}"}]}
RESULT: undefined
COMMAND: POST /session/36177e4d45fb5698ad30062df7661002/element - {"using":"xpath","value":"//*[@id=\"__tile53\"]"}
RESULT: {"using":"xpath","value":"//*[@id=\"__tile53\"]"}
COMMAND: POST /session/36177e4d45fb5698ad30062df7661002/element/f.165F0B9F83AB8D5533DBC2556707DBA6.d.26B1D559323B54BF1B480E4F1C9D9FCF.e.19037/click - {}
RESULT: {}
COMMAND: GET /session/36177e4d45fb5698ad30062df7661002/screenshot - {}
RESULT: {}
COMMAND: POST /session/36177e4d45fb5698ad30062df7661002/elements - {"using":"xpath","value":"//span[text()='Error']"}
RESULT: {"using":"xpath","value":"//span[text()='Error']"}
COMMAND: POST /session/36177e4d45fb5698ad30062df7661002/element - {"using":"xpath","value":"//button[@aria-label=\"Create\"]"}
RESULT: {"using":"xpath","value":"//button[@aria-label=\"Create\"]"}
COMMAND: POST /session/36177e4d45fb5698ad30062df7661002/elements - {"using":"xpath","value":"//button[@aria-label=\"Create\"]"}
RESULT: {"using":"xpath","value":"//button[@aria-label=\"Create\"]"}
COMMAND: POST /session/36177e4d45fb5698ad30062df7661002/execute/sync - {"script":"<script> [8489 bytes]","args":[{"element-6066-11e4-a52e-4f735466cecf":"f.165F0B9F83AB8D5533DBC2556707DBA6.d.26B1D559323B54BF1B480E4F1C9D9FCF.e.20006","ELEMENT":"f.165F0B9F83AB8D5533DBC2556707DBA6.d.26B1D559323B54BF1B480E4F1C9D9FCF.e.20006"}]}
RESULT: {"script":"<script> [8489 bytes]","args":[{"element-6066-11e4-a52e-4f735466cecf":"f.165F0B9F83AB8D5533DBC2556707DBA6.d.26B1D559323B54BF1B480E4F1C9D9FCF.e.20006","ELEMENT":"f.165F0B9F83AB8D5533DBC2556707DBA6.d.26B1D559323B54BF1B480E4F1C9D9FCF.e.20006"}]}
COMMAND: GET /session/36177e4d45fb5698ad30062df7661002/element/f.165F0B9F83AB8D5533DBC2556707DBA6.d.26B1D559323B54BF1B480E4F1C9D9FCF.e.20006/enabled - {}
COMMAND: GET /session/36177e4d45fb5698ad30062df7661002/screenshot - {}
RESULT: {}
COMMAND: POST /session/36177e4d45fb5698ad30062df7661002/execute/sync - {"script":"<script> [8489 bytes]","args":[{"element-6066-11e4-a52e-4f735466cecf":"f.165F0B9F83AB8D5533DBC2556707DBA6.d.26B1D559323B54BF1B480E4F1C9D9FCF.e.20006","ELEMENT":"f.165F0B9F83AB8D5533DBC2556707DBA6.d.26B1D559323B54BF1B480E4F1C9D9FCF.e.20006"}]}
COMMAND: GET /session/36177e4d45fb5698ad30062df7661002/screenshot - {}
RESULT: {}
RESULT: {"script":"<script> [8489 bytes]","args":[{"element-6066-11e4-a52e-4f735466cecf":"f.165F0B9F83AB8D5533DBC2556707DBA6.d.26B1D559323B54BF1B480E4F1C9D9FCF.e.20006","ELEMENT":"f.165F0B9F83AB8D5533DBC2556707DBA6.d.26B1D559323B54BF1B480E4F1C9D9FCF.e.20006"}]}
COMMAND: POST /session/36177e4d45fb5698ad30062df7661002/execute/sync - {"script":"<script> [5351 bytes]","args":[{"element-6066-11e4-a52e-4f735466cecf":"f.165F0B9F83AB8D5533DBC2556707DBA6.d.26B1D559323B54BF1B480E4F1C9D9FCF.e.20006","ELEMENT":"f.165F0B9F83AB8D5533DBC2556707DBA6.d.26B1D559323B54BF1B480E4F1C9D9FCF.e.20006"}]}
COMMAND: GET /session/36177e4d45fb5698ad30062df7661002/screenshot - {}
RESULT: {}
RESULT: {"script":"<script> [5351 bytes]","args":[{"element-6066-11e4-a52e-4f735466cecf":"f.165F0B9F83AB8D5533DBC2556707DBA6.d.26B1D559323B54BF1B480E4F1C9D9FCF.e.20006","ELEMENT":"f.165F0B9F83AB8D5533DBC2556707DBA6.d.26B1D559323B54BF1B480E4F1C9D9FCF.e.20006"}]}
COMMAND: POST /session/36177e4d45fb5698ad30062df7661002/element/f.165F0B9F83AB8D5533DBC2556707DBA6.d.26B1D559323B54BF1B480E4F1C9D9FCF.e.20006/click - {}
COMMAND: GET /session/36177e4d45fb5698ad30062df7661002/screenshot - {}
RESULT: {}
RESULT: {}
COMMAND: GET /session/36177e4d45fb5698ad30062df7661002/screenshot - {}
RESULT: {}
RESULT: {}
COMMAND: POST /session/36177e4d45fb5698ad30062df7661002/actions - {"actions":[{"id":"action72","type":"key","parameters":{},"actions":[{"type":"keyDown","value":"î€‡"},{"type":"pause","duration":10},{"type":"keyUp","value":"î€‡"}]}]}
RESULT: {"actions":[{"id":"action72","type":"key","parameters":{},"actions":[{"type":"keyDown","value":"î€‡"},{"type":"pause","duration":10},{"type":"keyUp","value":"î€‡"}]}]}
COMMAND: GET /session/36177e4d45fb5698ad30062df7661002/screenshot - {}
RESULT: {}
COMMAND: POST /session/36177e4d45fb5698ad30062df7661002/execute/async - {"script":"<script> [1562 bytes]","args":[{"selector":{"id":"application-manageconditionprice-display-component---newCondition--condBillCond-arrow"},"wdio_ui5_key":"applicationmanageconditionprice-display-component---newCondition--condBillCond-arrow"}]}
RESULT: {"script":"<script> [1562 bytes]","args":[{"selector":{"id":"application-manageconditionprice-display-component---newCondition--condBillCond-arrow"},"wdio_ui5_key":"applicationmanageconditionprice-display-component---newCondition--condBillCond-arrow"}]}
RESULT: undefined
COMMAND: POST /session/36177e4d45fb5698ad30062df7661002/element - {"using":"xpath","value":"//*[@id=\"application-manageconditionprice-display-component---newCondition--condBillCond-arrow\"]"}
RESULT: {"using":"xpath","value":"//*[@id=\"application-manageconditionprice-display-component---newCondition--condBillCond-arrow\"]"}
COMMAND: POST /session/36177e4d45fb5698ad30062df7661002/element/f.165F0B9F83AB8D5533DBC2556707DBA6.d.26B1D559323B54BF1B480E4F1C9D9FCF.e.20185/click - {}
RESULT: {}
COMMAND: GET /session/36177e4d45fb5698ad30062df7661002/screenshot - {}
RESULT: {}
COMMAND: POST /session/36177e4d45fb5698ad30062df7661002/element - {"using":"xpath","value":"//li[.//span[contains(text(), \"DISP - D&I special price\")]]"}
RESULT: {"using":"xpath","value":"//li[.//span[contains(text(), \"DISP - D&I special price\")]]"}
COMMAND: POST /session/36177e4d45fb5698ad30062df7661002/element/f.165F0B9F83AB8D5533DBC2556707DBA6.d.26B1D559323B54BF1B480E4F1C9D9FCF.e.20188/click - {}
RESULT: {}
COMMAND: GET /session/36177e4d45fb5698ad30062df7661002/screenshot - {}
RESULT: {}
COMMAND: POST /session/36177e4d45fb5698ad30062df7661002/execute/async - {"script":"<script> [1562 bytes]","args":[{"selector":{"id":"application-manageconditionprice-display-component---newCondition--condValidTo","interaction":{"idSuffix":"inner"}},"wdio_ui5_key":"applicationmanageconditionprice-display-component---newCondition--condValidTo"}]}
RESULT: {"script":"<script> [1562 bytes]","args":[{"selector":{"id":"application-manageconditionprice-display-component---newCondition--condValidTo","interaction":{"idSuffix":"inner"}},"wdio_ui5_key":"applicationmanageconditionprice-display-component---newCondition--condValidTo"}]}
RESULT: undefined
COMMAND: POST /session/36177e4d45fb5698ad30062df7661002/execute/async - {"script":"<script> [776 bytes]","args":[{"enterText":"1/16/26","selector":{"id":"application-manageconditionprice-display-component---newCondition--condValidTo","interaction":{"idSuffix":"inner"}},"clearTextFirst":true,"interactionType":"ENTER_TEXT"}]}
RESULT: {"script":"<script> [776 bytes]","args":[{"enterText":"1/16/26","selector":{"id":"application-manageconditionprice-display-component---newCondition--condValidTo","interaction":{"idSuffix":"inner"}},"clearTextFirst":true,"interactionType":"ENTER_TEXT"}]}
COMMAND: POST /session/36177e4d45fb5698ad30062df7661002/element - {"using":"xpath","value":"//input[@id=\"application-manageconditionprice-display-component---newCondition--condRU-inner\"]"}
RESULT: {"using":"xpath","value":"//input[@id=\"application-manageconditionprice-display-component---newCondition--condRU-inner\"]"}
COMMAND: POST /session/36177e4d45fb5698ad30062df7661002/element/f.165F0B9F83AB8D5533DBC2556707DBA6.d.26B1D559323B54BF1B480E4F1C9D9FCF.e.20050/clear - {}
RESULT: {}
COMMAND: POST /session/36177e4d45fb5698ad30062df7661002/element/f.165F0B9F83AB8D5533DBC2556707DBA6.d.26B1D559323B54BF1B480E4F1C9D9FCF.e.20050/value - {"text":"i5xoloxsdr"}
COMMAND: GET /session/36177e4d45fb5698ad30062df7661002/screenshot - {}
RESULT: {"text":"i5xoloxsdr"}
COMMAND: GET /session/36177e4d45fb5698ad30062df7661002/screenshot - {}
RESULT: {}
RESULT: {}
COMMAND: POST /session/36177e4d45fb5698ad30062df7661002/actions - {"actions":[{"id":"action73","type":"key","parameters":{},"actions":[{"type":"keyDown","value":"î€‡"},{"type":"pause","duration":10},{"type":"keyUp","value":"î€‡"}]}]}
RESULT: {"actions":[{"id":"action73","type":"key","parameters":{},"actions":[{"type":"keyDown","value":"î€‡"},{"type":"pause","duration":10},{"type":"keyUp","value":"î€‡"}]}]}
COMMAND: POST /session/36177e4d45fb5698ad30062df7661002/execute/async - {"script":"<script> [1562 bytes]","args":[{"selector":{"id":"application-manageconditionprice-display-component---newCondition--condBaseQty","interaction":{"idSuffix":"inner"}},"wdio_ui5_key":"applicationmanageconditionprice-display-component---newCondition--condBaseQty"}]}
COMMAND: GET /session/36177e4d45fb5698ad30062df7661002/screenshot - {}
RESULT: {"script":"<script> [1562 bytes]","args":[{"selector":{"id":"application-manageconditionprice-display-component---newCondition--condBaseQty","interaction":{"idSuffix":"inner"}},"wdio_ui5_key":"applicationmanageconditionprice-display-component---newCondition--condBaseQty"}]}
RESULT: undefined
COMMAND: POST /session/36177e4d45fb5698ad30062df7661002/execute/async - {"script":"<script> [776 bytes]","args":[{"enterText":"1","selector":{"id":"application-manageconditionprice-display-component---newCondition--condBaseQty","interaction":{"idSuffix":"inner"}},"clearTextFirst":true,"interactionType":"ENTER_TEXT"}]}
RESULT: {}
RESULT: {"script":"<script> [776 bytes]","args":[{"enterText":"1","selector":{"id":"application-manageconditionprice-display-component---newCondition--condBaseQty","interaction":{"idSuffix":"inner"}},"clearTextFirst":true,"interactionType":"ENTER_TEXT"}]}
COMMAND: POST /session/36177e4d45fb5698ad30062df7661002/execute/async - {"script":"<script> [1562 bytes]","args":[{"selector":{"id":"application-manageconditionprice-display-component---newCondition--condValue","interaction":{"idSuffix":"inner"}},"wdio_ui5_key":"applicationmanageconditionprice-display-component---newCondition--condValue"}]}
RESULT: {"script":"<script> [1562 bytes]","args":[{"selector":{"id":"application-manageconditionprice-display-component---newCondition--condValue","interaction":{"idSuffix":"inner"}},"wdio_ui5_key":"applicationmanageconditionprice-display-component---newCondition--condValue"}]}
RESULT: undefined
COMMAND: POST /session/36177e4d45fb5698ad30062df7661002/execute/async - {"script":"<script> [776 bytes]","args":[{"enterText":"100","selector":{"id":"application-manageconditionprice-display-component---newCondition--condValue","interaction":{"idSuffix":"inner"}},"clearTextFirst":true,"interactionType":"ENTER_TEXT"}]}
RESULT: {"script":"<script> [776 bytes]","args":[{"enterText":"100","selector":{"id":"application-manageconditionprice-display-component---newCondition--condValue","interaction":{"idSuffix":"inner"}},"clearTextFirst":true,"interactionType":"ENTER_TEXT"}]}
COMMAND: POST /session/36177e4d45fb5698ad30062df7661002/execute/async - {"script":"<script> [1562 bytes]","args":[{"selector":{"id":"application-manageconditionprice-display-component---newCondition--condCurr-arrow"},"wdio_ui5_key":"applicationmanageconditionprice-display-component---newCondition--condCurr-arrow"}]}
RESULT: {"script":"<script> [1562 bytes]","args":[{"selector":{"id":"application-manageconditionprice-display-component---newCondition--condCurr-arrow"},"wdio_ui5_key":"applicationmanageconditionprice-display-component---newCondition--condCurr-arrow"}]}
RESULT: undefined
COMMAND: POST /session/36177e4d45fb5698ad30062df7661002/element - {"using":"xpath","value":"//*[@id=\"application-manageconditionprice-display-component---newCondition--condCurr-arrow\"]"}
RESULT: {"using":"xpath","value":"//*[@id=\"application-manageconditionprice-display-component---newCondition--condCurr-arrow\"]"}
COMMAND: POST /session/36177e4d45fb5698ad30062df7661002/element/f.165F0B9F83AB8D5533DBC2556707DBA6.d.26B1D559323B54BF1B480E4F1C9D9FCF.e.20145/click - {}
RESULT: {}
COMMAND: POST /session/36177e4d45fb5698ad30062df7661002/element - {"using":"xpath","value":"//span[contains(text(), \"Euro\")]"}
COMMAND: GET /session/36177e4d45fb5698ad30062df7661002/screenshot - {}
RESULT: {"using":"xpath","value":"//span[contains(text(), \"Euro\")]"}
COMMAND: POST /session/36177e4d45fb5698ad30062df7661002/element/f.165F0B9F83AB8D5533DBC2556707DBA6.d.26B1D559323B54BF1B480E4F1C9D9FCF.e.20225/click - {}
RESULT: {}
RESULT: {}
COMMAND: POST /session/36177e4d45fb5698ad30062df7661002/element - {"using":"xpath","value":"//button[@data-kt=\"saveButton\"]"}
COMMAND: GET /session/36177e4d45fb5698ad30062df7661002/screenshot - {}
RESULT: {"using":"xpath","value":"//button[@data-kt=\"saveButton\"]"}
COMMAND: POST /session/36177e4d45fb5698ad30062df7661002/element/f.165F0B9F83AB8D5533DBC2556707DBA6.d.26B1D559323B54BF1B480E4F1C9D9FCF.e.20146/click - {}
RESULT: {}
RESULT: {}
COMMAND: GET /session/36177e4d45fb5698ad30062df7661002/screenshot - {}
RESULT: {}
COMMAND: POST /session/36177e4d45fb5698ad30062df7661002/execute/async - {"script":"<script> [1562 bytes]","args":[{"selector":{"id":"application-manageconditionprice-display-component---conditions--smartFilterBar-btnBasicSearch","interaction":{"idSuffix":"I"}},"wdio_ui5_key":"applicationmanageconditionprice-display-component---conditions--smartFilterBar-btnBasicSearch"}]}
RESULT: {"script":"<script> [1562 bytes]","args":[{"selector":{"id":"application-manageconditionprice-display-component---conditions--smartFilterBar-btnBasicSearch","interaction":{"idSuffix":"I"}},"wdio_ui5_key":"applicationmanageconditionprice-display-component---conditions--smartFilterBar-btnBasicSearch"}]}
RESULT: undefined
COMMAND: POST /session/36177e4d45fb5698ad30062df7661002/execute/async - {"script":"<script> [776 bytes]","args":[{"enterText":"i5xoloxsdr","selector":{"id":"application-manageconditionprice-display-component---conditions--smartFilterBar-btnBasicSearch","interaction":{"idSuffix":"I"}},"clearTextFirst":true,"interactionType":"ENTER_TEXT"}]}
RESULT: {"script":"<script> [776 bytes]","args":[{"enterText":"i5xoloxsdr","selector":{"id":"application-manageconditionprice-display-component---conditions--smartFilterBar-btnBasicSearch","interaction":{"idSuffix":"I"}},"clearTextFirst":true,"interactionType":"ENTER_TEXT"}]}
COMMAND: POST /session/36177e4d45fb5698ad30062df7661002/actions - {"actions":[{"id":"action74","type":"key","parameters":{},"actions":[{"type":"keyDown","value":"î€‡"},{"type":"pause","duration":10},{"type":"keyUp","value":"î€‡"}]}]}
RESULT: {"actions":[{"id":"action74","type":"key","parameters":{},"actions":[{"type":"keyDown","value":"î€‡"},{"type":"pause","duration":10},{"type":"keyUp","value":"î€‡"}]}]}
COMMAND: GET /session/36177e4d45fb5698ad30062df7661002/screenshot - {}
RESULT: {}
COMMAND: POST /session/36177e4d45fb5698ad30062df7661002/execute/async - {"script":"<script> [1562 bytes]","args":[{"selector":{"id":"application-manageconditionprice-display-component---conditions--smartFilterBar-filterItemControl_BASIC-BILL_TYPES-vhi"},"wdio_ui5_key":"applicationmanageconditionprice-display-component---conditions--smartFilterBar-filterItemControl_BASIC-BILL_TYPES-vhi"}]}
RESULT: {"script":"<script> [1562 bytes]","args":[{"selector":{"id":"application-manageconditionprice-display-component---conditions--smartFilterBar-filterItemControl_BASIC-BILL_TYPES-vhi"},"wdio_ui5_key":"applicationmanageconditionprice-display-component---conditions--smartFilterBar-filterItemControl_BASIC-BILL_TYPES-vhi"}]}
RESULT: undefined
COMMAND: POST /session/36177e4d45fb5698ad30062df7661002/element - {"using":"xpath","value":"//*[@id=\"application-manageconditionprice-display-component---conditions--smartFilterBar-filterItemControl_BASIC-BILL_TYPES-vhi\"]"}
RESULT: {"using":"xpath","value":"//*[@id=\"application-manageconditionprice-display-component---conditions--smartFilterBar-filterItemControl_BASIC-BILL_TYPES-vhi\"]"}
COMMAND: POST /session/36177e4d45fb5698ad30062df7661002/element/f.165F0B9F83AB8D5533DBC2556707DBA6.d.26B1D559323B54BF1B480E4F1C9D9FCF.e.20332/click - {}
RESULT: {}
COMMAND: POST /session/36177e4d45fb5698ad30062df7661002/execute/async - {"script":"<script> [1562 bytes]","args":[{"selector":{"id":"application-manageconditionprice-display-component---conditions--smartFilterBar-filterItemControl_BASIC-BILL_TYPES-valueHelpDialog-smartFilterBar-btnBasicSearch","searchOpenDialogs":true,"interaction":{"idSuffix":"I"}},"wdio_ui5_key":"applicationmanageconditionprice-display-component---conditions--smartFilterBar-filterItemControl_BASIC-BILL_TYPES-valueHelpDialog-smartFilterBar-btnBasicSearch"}]}
COMMAND: GET /session/36177e4d45fb5698ad30062df7661002/screenshot - {}
RESULT: {"script":"<script> [1562 bytes]","args":[{"selector":{"id":"application-manageconditionprice-display-component---conditions--smartFilterBar-filterItemControl_BASIC-BILL_TYPES-valueHelpDialog-smartFilterBar-btnBasicSearch","searchOpenDialogs":true,"interaction":{"idSuffix":"I"}},"wdio_ui5_key":"applicationmanageconditionprice-display-component---conditions--smartFilterBar-filterItemControl_BASIC-BILL_TYPES-valueHelpDialog-smartFilterBar-btnBasicSearch"}]}
RESULT: undefined
COMMAND: POST /session/36177e4d45fb5698ad30062df7661002/execute/async - {"script":"<script> [776 bytes]","args":[{"enterText":"TB","selector":{"id":"application-manageconditionprice-display-component---conditions--smartFilterBar-filterItemControl_BASIC-BILL_TYPES-valueHelpDialog-smartFilterBar-btnBasicSearch","searchOpenDialogs":true,"interaction":{"idSuffix":"I"}},"clearTextFirst":true,"interactionType":"ENTER_TEXT"}]}
RESULT: {}
RESULT: {"script":"<script> [776 bytes]","args":[{"enterText":"TB","selector":{"id":"application-manageconditionprice-display-component---conditions--smartFilterBar-filterItemControl_BASIC-BILL_TYPES-valueHelpDialog-smartFilterBar-btnBasicSearch","searchOpenDialogs":true,"interaction":{"idSuffix":"I"}},"clearTextFirst":true,"interactionType":"ENTER_TEXT"}]}
COMMAND: POST /session/36177e4d45fb5698ad30062df7661002/actions - {"actions":[{"id":"action75","type":"key","parameters":{},"actions":[{"type":"keyDown","value":"î€‡"},{"type":"pause","duration":10},{"type":"keyUp","value":"î€‡"}]}]}
RESULT: {"actions":[{"id":"action75","type":"key","parameters":{},"actions":[{"type":"keyDown","value":"î€‡"},{"type":"pause","duration":10},{"type":"keyUp","value":"î€‡"}]}]}
COMMAND: GET /session/36177e4d45fb5698ad30062df7661002/screenshot - {}
RESULT: {}
COMMAND: POST /session/36177e4d45fb5698ad30062df7661002/element - {"using":"xpath","value":"//div[contains(@id, 'application-manageconditionprice-display-component---conditions--smartFilterBar-filterItemControl_BASIC-BILL_TYPES-valueHelpDialog-table-rowsel0')]"}
RESULT: {"using":"xpath","value":"//div[contains(@id, 'application-manageconditionprice-display-component---conditions--smartFilterBar-filterItemControl_BASIC-BILL_TYPES-valueHelpDialog-table-rowsel0')]"}
COMMAND: POST /session/36177e4d45fb5698ad30062df7661002/element/f.165F0B9F83AB8D5533DBC2556707DBA6.d.26B1D559323B54BF1B480E4F1C9D9FCF.e.20341/click - {}
RESULT: {}
COMMAND: GET /session/36177e4d45fb5698ad30062df7661002/screenshot - {}
RESULT: {}
COMMAND: POST /session/36177e4d45fb5698ad30062df7661002/element - {"using":"xpath","value":"//bdi[contains(text(), \"OK\")]"}
RESULT: {"using":"xpath","value":"//bdi[contains(text(), \"OK\")]"}
COMMAND: POST /session/36177e4d45fb5698ad30062df7661002/element/f.165F0B9F83AB8D5533DBC2556707DBA6.d.26B1D559323B54BF1B480E4F1C9D9FCF.e.20343/click - {}
RESULT: {}
COMMAND: GET /session/36177e4d45fb5698ad30062df7661002/screenshot - {}
RESULT: {}
COMMAND: POST /session/36177e4d45fb5698ad30062df7661002/element - {"using":"xpath","value":"//span[@id=\"application-manageconditionprice-display-component---conditions--smartTable-header-inner\"]"}
RESULT: {"using":"xpath","value":"//span[@id=\"application-manageconditionprice-display-component---conditions--smartTable-header-inner\"]"}
COMMAND: POST /session/36177e4d45fb5698ad30062df7661002/elements - {"using":"xpath","value":"//span[@id=\"application-manageconditionprice-display-component---conditions--smartTable-header-inner\"]"}
RESULT: {"using":"xpath","value":"//span[@id=\"application-manageconditionprice-display-component---conditions--smartTable-header-inner\"]"}
COMMAND: POST /session/36177e4d45fb5698ad30062df7661002/execute/sync - {"script":"<script> [56 bytes]","args":[{"element-6066-11e4-a52e-4f735466cecf":"f.165F0B9F83AB8D5533DBC2556707DBA6.d.26B1D559323B54BF1B480E4F1C9D9FCF.e.20346","ELEMENT":"f.165F0B9F83AB8D5533DBC2556707DBA6.d.26B1D559323B54BF1B480E4F1C9D9FCF.e.20346"}]}
RESULT: {"script":"<script> [56 bytes]","args":[{"element-6066-11e4-a52e-4f735466cecf":"f.165F0B9F83AB8D5533DBC2556707DBA6.d.26B1D559323B54BF1B480E4F1C9D9FCF.e.20346","ELEMENT":"f.165F0B9F83AB8D5533DBC2556707DBA6.d.26B1D559323B54BF1B480E4F1C9D9FCF.e.20346"}]}
COMMAND: POST /session/36177e4d45fb5698ad30062df7661002/element - {"using":"css selector","value":"#shell-header-logo"}
COMMAND: GET /session/36177e4d45fb5698ad30062df7661002/screenshot - {}
RESULT: {"using":"css selector","value":"#shell-header-logo"}
COMMAND: POST /session/36177e4d45fb5698ad30062df7661002/element/f.165F0B9F83AB8D5533DBC2556707DBA6.d.26B1D559323B54BF1B480E4F1C9D9FCF.e.19974/click - {}
RESULT: {}
RESULT: {}
COMMAND: GET /session/36177e4d45fb5698ad30062df7661002/screenshot - {}
RESULT: {}
]]></system-out>
    </testcase>
    <testcase classname="chrome.136_0_7103_93.windows.Billing_Calculation_-_Time_based_(considering_transport_times)_US139738" name="Should do a stock increase for the equipment" time="91.967">
      <system-out><![CDATA[
COMMAND: POST /session/36177e4d45fb5698ad30062df7661002/execute/async - {"script":"<script> [1562 bytes]","args":[{"selector":{"controlType":"sap.m.GenericTile","properties":{"header":"Manage Handovers"}},"wdio_ui5_key":"sapm.GenericTile{\"header\":\"Manage Handovers\"}"}]}
RESULT: {"script":"<script> [1562 bytes]","args":[{"selector":{"controlType":"sap.m.GenericTile","properties":{"header":"Manage Handovers"}},"wdio_ui5_key":"sapm.GenericTile{\"header\":\"Manage Handovers\"}"}]}
RESULT: undefined
COMMAND: POST /session/36177e4d45fb5698ad30062df7661002/element - {"using":"xpath","value":"//*[@id=\"__tile130\"]"}
RESULT: {"using":"xpath","value":"//*[@id=\"__tile130\"]"}
COMMAND: POST /session/36177e4d45fb5698ad30062df7661002/element/f.165F0B9F83AB8D5533DBC2556707DBA6.d.26B1D559323B54BF1B480E4F1C9D9FCF.e.19067/click - {}
RESULT: {}
COMMAND: GET /session/36177e4d45fb5698ad30062df7661002/screenshot - {}
RESULT: {}
COMMAND: POST /session/36177e4d45fb5698ad30062df7661002/elements - {"using":"xpath","value":"//span[text()='Error']"}
RESULT: {"using":"xpath","value":"//span[text()='Error']"}
COMMAND: POST /session/36177e4d45fb5698ad30062df7661002/element - {"using":"xpath","value":"//button[@data-kt=\"masterHOAddButton\"]"}
RESULT: {"using":"xpath","value":"//button[@data-kt=\"masterHOAddButton\"]"}
COMMAND: POST /session/36177e4d45fb5698ad30062df7661002/elements - {"using":"xpath","value":"//button[@data-kt=\"masterHOAddButton\"]"}
RESULT: {"using":"xpath","value":"//button[@data-kt=\"masterHOAddButton\"]"}
COMMAND: POST /session/36177e4d45fb5698ad30062df7661002/execute/sync - {"script":"<script> [8489 bytes]","args":[{"element-6066-11e4-a52e-4f735466cecf":"f.165F0B9F83AB8D5533DBC2556707DBA6.d.26B1D559323B54BF1B480E4F1C9D9FCF.e.20391","ELEMENT":"f.165F0B9F83AB8D5533DBC2556707DBA6.d.26B1D559323B54BF1B480E4F1C9D9FCF.e.20391"}]}
RESULT: {"script":"<script> [8489 bytes]","args":[{"element-6066-11e4-a52e-4f735466cecf":"f.165F0B9F83AB8D5533DBC2556707DBA6.d.26B1D559323B54BF1B480E4F1C9D9FCF.e.20391","ELEMENT":"f.165F0B9F83AB8D5533DBC2556707DBA6.d.26B1D559323B54BF1B480E4F1C9D9FCF.e.20391"}]}
COMMAND: GET /session/36177e4d45fb5698ad30062df7661002/element/f.165F0B9F83AB8D5533DBC2556707DBA6.d.26B1D559323B54BF1B480E4F1C9D9FCF.e.20391/enabled - {}
COMMAND: GET /session/36177e4d45fb5698ad30062df7661002/screenshot - {}
RESULT: {}
COMMAND: POST /session/36177e4d45fb5698ad30062df7661002/execute/sync - {"script":"<script> [8489 bytes]","args":[{"element-6066-11e4-a52e-4f735466cecf":"f.165F0B9F83AB8D5533DBC2556707DBA6.d.26B1D559323B54BF1B480E4F1C9D9FCF.e.20391","ELEMENT":"f.165F0B9F83AB8D5533DBC2556707DBA6.d.26B1D559323B54BF1B480E4F1C9D9FCF.e.20391"}]}
COMMAND: GET /session/36177e4d45fb5698ad30062df7661002/screenshot - {}
RESULT: {}
RESULT: {"script":"<script> [8489 bytes]","args":[{"element-6066-11e4-a52e-4f735466cecf":"f.165F0B9F83AB8D5533DBC2556707DBA6.d.26B1D559323B54BF1B480E4F1C9D9FCF.e.20391","ELEMENT":"f.165F0B9F83AB8D5533DBC2556707DBA6.d.26B1D559323B54BF1B480E4F1C9D9FCF.e.20391"}]}
COMMAND: POST /session/36177e4d45fb5698ad30062df7661002/execute/sync - {"script":"<script> [5351 bytes]","args":[{"element-6066-11e4-a52e-4f735466cecf":"f.165F0B9F83AB8D5533DBC2556707DBA6.d.26B1D559323B54BF1B480E4F1C9D9FCF.e.20391","ELEMENT":"f.165F0B9F83AB8D5533DBC2556707DBA6.d.26B1D559323B54BF1B480E4F1C9D9FCF.e.20391"}]}
COMMAND: GET /session/36177e4d45fb5698ad30062df7661002/screenshot - {}
RESULT: {}
RESULT: {"script":"<script> [5351 bytes]","args":[{"element-6066-11e4-a52e-4f735466cecf":"f.165F0B9F83AB8D5533DBC2556707DBA6.d.26B1D559323B54BF1B480E4F1C9D9FCF.e.20391","ELEMENT":"f.165F0B9F83AB8D5533DBC2556707DBA6.d.26B1D559323B54BF1B480E4F1C9D9FCF.e.20391"}]}
COMMAND: POST /session/36177e4d45fb5698ad30062df7661002/element/f.165F0B9F83AB8D5533DBC2556707DBA6.d.26B1D559323B54BF1B480E4F1C9D9FCF.e.20391/click - {}
COMMAND: GET /session/36177e4d45fb5698ad30062df7661002/screenshot - {}
RESULT: {}
RESULT: {}
COMMAND: GET /session/36177e4d45fb5698ad30062df7661002/screenshot - {}
RESULT: {}
RESULT: {}
COMMAND: POST /session/36177e4d45fb5698ad30062df7661002/element - {"using":"xpath","value":"//span[contains(@id ,\"AddNewHO--typeSelect-arrow\")]"}
RESULT: {"using":"xpath","value":"//span[contains(@id ,\"AddNewHO--typeSelect-arrow\")]"}
COMMAND: POST /session/36177e4d45fb5698ad30062df7661002/element/f.165F0B9F83AB8D5533DBC2556707DBA6.d.26B1D559323B54BF1B480E4F1C9D9FCF.e.20741/click - {}
RESULT: {}
COMMAND: GET /session/36177e4d45fb5698ad30062df7661002/screenshot - {}
RESULT: {}
COMMAND: POST /session/36177e4d45fb5698ad30062df7661002/element - {"using":"xpath","value":"(//li[contains(text(), \"stock increase yard\")])[1]"}
RESULT: {"using":"xpath","value":"(//li[contains(text(), \"stock increase yard\")])[1]"}
COMMAND: POST /session/36177e4d45fb5698ad30062df7661002/element/f.165F0B9F83AB8D5533DBC2556707DBA6.d.26B1D559323B54BF1B480E4F1C9D9FCF.e.20742/click - {}
RESULT: {}
COMMAND: GET /session/36177e4d45fb5698ad30062df7661002/screenshot - {}
RESULT: {}
COMMAND: POST /session/36177e4d45fb5698ad30062df7661002/execute/async - {"script":"<script> [1562 bytes]","args":[{"selector":{"id":"application-managehandovers-display-component---AddNewHO--dueDate","interaction":{"idSuffix":"inner"}},"wdio_ui5_key":"applicationmanagehandovers-display-component---AddNewHO--dueDate"}]}
RESULT: {"script":"<script> [1562 bytes]","args":[{"selector":{"id":"application-managehandovers-display-component---AddNewHO--dueDate","interaction":{"idSuffix":"inner"}},"wdio_ui5_key":"applicationmanagehandovers-display-component---AddNewHO--dueDate"}]}
RESULT: undefined
COMMAND: POST /session/36177e4d45fb5698ad30062df7661002/execute/async - {"script":"<script> [6424 bytes]","args":[{"element-6066-11e4-a52e-4f735466cecf":"f.165F0B9F83AB8D5533DBC2556707DBA6.d.26B1D559323B54BF1B480E4F1C9D9FCF.e.20744"},"setValue",["5/16/25"]]}
RESULT: {"script":"<script> [6424 bytes]","args":[{"element-6066-11e4-a52e-4f735466cecf":"f.165F0B9F83AB8D5533DBC2556707DBA6.d.26B1D559323B54BF1B480E4F1C9D9FCF.e.20744"},"setValue",["5/16/25"]]}
COMMAND: POST /session/36177e4d45fb5698ad30062df7661002/element - {"using":"xpath","value":"//input[@id=\"generalSectionFrg--receiveYard-inner\"]"}
RESULT: {"using":"xpath","value":"//input[@id=\"generalSectionFrg--receiveYard-inner\"]"}
COMMAND: POST /session/36177e4d45fb5698ad30062df7661002/element/f.165F0B9F83AB8D5533DBC2556707DBA6.d.26B1D559323B54BF1B480E4F1C9D9FCF.e.20748/clear - {}
RESULT: {}
COMMAND: POST /session/36177e4d45fb5698ad30062df7661002/element/f.165F0B9F83AB8D5533DBC2556707DBA6.d.26B1D559323B54BF1B480E4F1C9D9FCF.e.20748/value - {"text":"433"}
COMMAND: GET /session/36177e4d45fb5698ad30062df7661002/screenshot - {}
RESULT: {"text":"433"}
COMMAND: GET /session/36177e4d45fb5698ad30062df7661002/screenshot - {}
RESULT: {}
RESULT: {}
COMMAND: POST /session/36177e4d45fb5698ad30062df7661002/element - {"using":"xpath","value":"//li[.//span[text()='433']]"}
RESULT: {"using":"xpath","value":"//li[.//span[text()='433']]"}
COMMAND: POST /session/36177e4d45fb5698ad30062df7661002/element/f.165F0B9F83AB8D5533DBC2556707DBA6.d.26B1D559323B54BF1B480E4F1C9D9FCF.e.20765/click - {}
RESULT: {}
COMMAND: GET /session/36177e4d45fb5698ad30062df7661002/screenshot - {}
RESULT: {}
COMMAND: POST /session/36177e4d45fb5698ad30062df7661002/execute/async - {"script":"<script> [1562 bytes]","args":[{"selector":{"id":"application-managehandovers-display-component---AddNewHO--ObjectPageLayout-anchBar-application-managehandovers-display-component---AddNewHO--section4-anchor","interaction":{"idSuffix":"BDI-content"}},"wdio_ui5_key":"applicationmanagehandovers-display-component---AddNewHO--ObjectPageLayout-anchBar-application-managehandovers-display-component---AddNewHO--section4-anchor"}]}
RESULT: {"script":"<script> [1562 bytes]","args":[{"selector":{"id":"application-managehandovers-display-component---AddNewHO--ObjectPageLayout-anchBar-application-managehandovers-display-component---AddNewHO--section4-anchor","interaction":{"idSuffix":"BDI-content"}},"wdio_ui5_key":"applicationmanagehandovers-display-component---AddNewHO--ObjectPageLayout-anchBar-application-managehandovers-display-component---AddNewHO--section4-anchor"}]}
RESULT: undefined
COMMAND: POST /session/36177e4d45fb5698ad30062df7661002/element - {"using":"xpath","value":"//*[@id=\"application-managehandovers-display-component---AddNewHO--ObjectPageLayout-anchBar-application-managehandovers-display-component---AddNewHO--section4-anchor\"]"}
RESULT: {"using":"xpath","value":"//*[@id=\"application-managehandovers-display-component---AddNewHO--ObjectPageLayout-anchBar-application-managehandovers-display-component---AddNewHO--section4-anchor\"]"}
COMMAND: POST /session/36177e4d45fb5698ad30062df7661002/element/f.165F0B9F83AB8D5533DBC2556707DBA6.d.26B1D559323B54BF1B480E4F1C9D9FCF.e.20767/click - {}
RESULT: {}
COMMAND: POST /session/36177e4d45fb5698ad30062df7661002/element - {"using":"xpath","value":"//button[@aria-label=\"Add\"]"}
COMMAND: GET /session/36177e4d45fb5698ad30062df7661002/screenshot - {}
RESULT: {"using":"xpath","value":"//button[@aria-label=\"Add\"]"}
COMMAND: POST /session/36177e4d45fb5698ad30062df7661002/element/f.165F0B9F83AB8D5533DBC2556707DBA6.d.26B1D559323B54BF1B480E4F1C9D9FCF.e.20769/click - {}
RESULT: {}
RESULT: {}
COMMAND: GET /session/36177e4d45fb5698ad30062df7661002/screenshot - {}
RESULT: {}
COMMAND: POST /session/36177e4d45fb5698ad30062df7661002/execute/async - {"script":"<script> [1562 bytes]","args":[{"selector":{"id":"application-managehandovers-display-component---AddNewHO--smartFilterBar-btnBasicSearch","searchOpenDialogs":true,"interaction":{"idSuffix":"I"}},"wdio_ui5_key":"applicationmanagehandovers-display-component---AddNewHO--smartFilterBar-btnBasicSearch"}]}
RESULT: {"script":"<script> [1562 bytes]","args":[{"selector":{"id":"application-managehandovers-display-component---AddNewHO--smartFilterBar-btnBasicSearch","searchOpenDialogs":true,"interaction":{"idSuffix":"I"}},"wdio_ui5_key":"applicationmanagehandovers-display-component---AddNewHO--smartFilterBar-btnBasicSearch"}]}
RESULT: undefined
COMMAND: POST /session/36177e4d45fb5698ad30062df7661002/execute/async - {"script":"<script> [776 bytes]","args":[{"enterText":"i5xoloxsdr","selector":{"id":"application-managehandovers-display-component---AddNewHO--smartFilterBar-btnBasicSearch","searchOpenDialogs":true,"interaction":{"idSuffix":"I"}},"clearTextFirst":true,"interactionType":"ENTER_TEXT"}]}
RESULT: {"script":"<script> [776 bytes]","args":[{"enterText":"i5xoloxsdr","selector":{"id":"application-managehandovers-display-component---AddNewHO--smartFilterBar-btnBasicSearch","searchOpenDialogs":true,"interaction":{"idSuffix":"I"}},"clearTextFirst":true,"interactionType":"ENTER_TEXT"}]}
COMMAND: POST /session/36177e4d45fb5698ad30062df7661002/actions - {"actions":[{"id":"action76","type":"key","parameters":{},"actions":[{"type":"keyDown","value":"î€‡"},{"type":"pause","duration":10},{"type":"keyUp","value":"î€‡"}]}]}
RESULT: {"actions":[{"id":"action76","type":"key","parameters":{},"actions":[{"type":"keyDown","value":"î€‡"},{"type":"pause","duration":10},{"type":"keyUp","value":"î€‡"}]}]}
COMMAND: GET /session/36177e4d45fb5698ad30062df7661002/screenshot - {}
RESULT: {}
COMMAND: POST /session/36177e4d45fb5698ad30062df7661002/execute/async - {"script":"<script> [1562 bytes]","args":[{"selector":{"id":"application-managehandovers-display-component---AddNewHO--popup-sa","searchOpenDialogs":true,"interaction":{"idSuffix":"CbBg"}},"wdio_ui5_key":"applicationmanagehandovers-display-component---AddNewHO--popup-sa"}]}
RESULT: {"script":"<script> [1562 bytes]","args":[{"selector":{"id":"application-managehandovers-display-component---AddNewHO--popup-sa","searchOpenDialogs":true,"interaction":{"idSuffix":"CbBg"}},"wdio_ui5_key":"applicationmanagehandovers-display-component---AddNewHO--popup-sa"}]}
RESULT: undefined
COMMAND: POST /session/36177e4d45fb5698ad30062df7661002/element - {"using":"xpath","value":"//*[@id=\"application-managehandovers-display-component---AddNewHO--popup-sa\"]"}
RESULT: {"using":"xpath","value":"//*[@id=\"application-managehandovers-display-component---AddNewHO--popup-sa\"]"}
COMMAND: POST /session/36177e4d45fb5698ad30062df7661002/element/f.165F0B9F83AB8D5533DBC2556707DBA6.d.26B1D559323B54BF1B480E4F1C9D9FCF.e.20922/click - {}
RESULT: {}
COMMAND: GET /session/36177e4d45fb5698ad30062df7661002/screenshot - {}
RESULT: {}
COMMAND: POST /session/36177e4d45fb5698ad30062df7661002/element - {"using":"xpath","value":"//bdi[contains(text(), \"Select\")]"}
RESULT: {"using":"xpath","value":"//bdi[contains(text(), \"Select\")]"}
COMMAND: POST /session/36177e4d45fb5698ad30062df7661002/element/f.165F0B9F83AB8D5533DBC2556707DBA6.d.26B1D559323B54BF1B480E4F1C9D9FCF.e.20923/click - {}
RESULT: {}
COMMAND: GET /session/36177e4d45fb5698ad30062df7661002/screenshot - {}
RESULT: {}
COMMAND: POST /session/36177e4d45fb5698ad30062df7661002/element - {"using":"xpath","value":"//button[@data-kt=\"AddNewHOSaveButton\"]"}
RESULT: {"using":"xpath","value":"//button[@data-kt=\"AddNewHOSaveButton\"]"}
COMMAND: POST /session/36177e4d45fb5698ad30062df7661002/element/f.165F0B9F83AB8D5533DBC2556707DBA6.d.26B1D559323B54BF1B480E4F1C9D9FCF.e.20927/click - {}
RESULT: {}
COMMAND: GET /session/36177e4d45fb5698ad30062df7661002/screenshot - {}
COMMAND: POST /session/36177e4d45fb5698ad30062df7661002/execute/async - {"script":"<script> [1562 bytes]","args":[{"selector":{"id":"receiptDatePicker","viewName":"etm.portal.ui.managehandovers.view.DetailExecuteHO","interaction":{"idSuffix":"inner"}},"wdio_ui5_key":"receiptDatePickeretmportal.ui.managehandovers.view.DetailExecuteHO"}]}
RESULT: {}
RESULT: {"script":"<script> [1562 bytes]","args":[{"selector":{"id":"receiptDatePicker","viewName":"etm.portal.ui.managehandovers.view.DetailExecuteHO","interaction":{"idSuffix":"inner"}},"wdio_ui5_key":"receiptDatePickeretmportal.ui.managehandovers.view.DetailExecuteHO"}]}
RESULT: undefined
COMMAND: POST /session/36177e4d45fb5698ad30062df7661002/execute/async - {"script":"<script> [6424 bytes]","args":[{"element-6066-11e4-a52e-4f735466cecf":"f.165F0B9F83AB8D5533DBC2556707DBA6.d.26B1D559323B54BF1B480E4F1C9D9FCF.e.20947"},"setValue",["5/16/25"]]}
RESULT: {"script":"<script> [6424 bytes]","args":[{"element-6066-11e4-a52e-4f735466cecf":"f.165F0B9F83AB8D5533DBC2556707DBA6.d.26B1D559323B54BF1B480E4F1C9D9FCF.e.20947"},"setValue",["5/16/25"]]}
COMMAND: POST /session/36177e4d45fb5698ad30062df7661002/element - {"using":"xpath","value":"//button[@data-kt=\"PickingTableConfirmAllButton\"]"}
RESULT: {"using":"xpath","value":"//button[@data-kt=\"PickingTableConfirmAllButton\"]"}
COMMAND: POST /session/36177e4d45fb5698ad30062df7661002/element/f.165F0B9F83AB8D5533DBC2556707DBA6.d.26B1D559323B54BF1B480E4F1C9D9FCF.e.20962/click - {}
RESULT: {}
COMMAND: GET /session/36177e4d45fb5698ad30062df7661002/screenshot - {}
RESULT: {}
COMMAND: POST /session/36177e4d45fb5698ad30062df7661002/element - {"using":"xpath","value":"//bdi[contains(text(), \"OK\")]"}
RESULT: {"using":"xpath","value":"//bdi[contains(text(), \"OK\")]"}
COMMAND: POST /session/36177e4d45fb5698ad30062df7661002/element/f.165F0B9F83AB8D5533DBC2556707DBA6.d.26B1D559323B54BF1B480E4F1C9D9FCF.e.20964/click - {}
RESULT: {}
COMMAND: GET /session/36177e4d45fb5698ad30062df7661002/screenshot - {}
RESULT: {}
COMMAND: POST /session/36177e4d45fb5698ad30062df7661002/element - {"using":"xpath","value":"(//bdi[contains(text(), \"Receive\")])[2]"}
RESULT: {"using":"xpath","value":"(//bdi[contains(text(), \"Receive\")])[2]"}
COMMAND: POST /session/36177e4d45fb5698ad30062df7661002/element/f.165F0B9F83AB8D5533DBC2556707DBA6.d.26B1D559323B54BF1B480E4F1C9D9FCF.e.20966/click - {}
RESULT: {}
COMMAND: GET /session/36177e4d45fb5698ad30062df7661002/screenshot - {}
RESULT: {}
COMMAND: POST /session/36177e4d45fb5698ad30062df7661002/element - {"using":"css selector","value":"#shell-header-logo"}
RESULT: {"using":"css selector","value":"#shell-header-logo"}
COMMAND: POST /session/36177e4d45fb5698ad30062df7661002/element/f.165F0B9F83AB8D5533DBC2556707DBA6.d.26B1D559323B54BF1B480E4F1C9D9FCF.e.20352/click - {}
RESULT: {}
COMMAND: GET /session/36177e4d45fb5698ad30062df7661002/screenshot - {}
RESULT: {}
]]></system-out>
    </testcase>
    <testcase classname="chrome.136_0_7103_93.windows.Billing_Calculation_-_Time_based_(considering_transport_times)_US139738" name="Should create a new contract" time="69.972">
      <system-out><![CDATA[
COMMAND: POST /session/36177e4d45fb5698ad30062df7661002/execute/async - {"script":"<script> [1562 bytes]","args":[{"selector":{"controlType":"sap.m.GenericTile","properties":{"header":"Manage Contracts"}},"wdio_ui5_key":"sapm.GenericTile{\"header\":\"Manage Contracts\"}"}]}
RESULT: {"script":"<script> [1562 bytes]","args":[{"selector":{"controlType":"sap.m.GenericTile","properties":{"header":"Manage Contracts"}},"wdio_ui5_key":"sapm.GenericTile{\"header\":\"Manage Contracts\"}"}]}
RESULT: undefined
COMMAND: POST /session/36177e4d45fb5698ad30062df7661002/element - {"using":"xpath","value":"//*[@id=\"__tile132\"]"}
RESULT: {"using":"xpath","value":"//*[@id=\"__tile132\"]"}
COMMAND: POST /session/36177e4d45fb5698ad30062df7661002/element/f.165F0B9F83AB8D5533DBC2556707DBA6.d.26B1D559323B54BF1B480E4F1C9D9FCF.e.19006/click - {}
RESULT: {}
COMMAND: GET /session/36177e4d45fb5698ad30062df7661002/screenshot - {}
RESULT: {}
COMMAND: POST /session/36177e4d45fb5698ad30062df7661002/elements - {"using":"xpath","value":"//span[text()='Error']"}
RESULT: {"using":"xpath","value":"//span[text()='Error']"}
COMMAND: POST /session/36177e4d45fb5698ad30062df7661002/element - {"using":"xpath","value":"//button[@data-kt=\"addButton\"]"}
RESULT: {"using":"xpath","value":"//button[@data-kt=\"addButton\"]"}
COMMAND: POST /session/36177e4d45fb5698ad30062df7661002/elements - {"using":"xpath","value":"//button[@data-kt=\"addButton\"]"}
RESULT: {"using":"xpath","value":"//button[@data-kt=\"addButton\"]"}
COMMAND: POST /session/36177e4d45fb5698ad30062df7661002/execute/sync - {"script":"<script> [8489 bytes]","args":[{"element-6066-11e4-a52e-4f735466cecf":"f.165F0B9F83AB8D5533DBC2556707DBA6.d.26B1D559323B54BF1B480E4F1C9D9FCF.e.21180","ELEMENT":"f.165F0B9F83AB8D5533DBC2556707DBA6.d.26B1D559323B54BF1B480E4F1C9D9FCF.e.21180"}]}
RESULT: {"script":"<script> [8489 bytes]","args":[{"element-6066-11e4-a52e-4f735466cecf":"f.165F0B9F83AB8D5533DBC2556707DBA6.d.26B1D559323B54BF1B480E4F1C9D9FCF.e.21180","ELEMENT":"f.165F0B9F83AB8D5533DBC2556707DBA6.d.26B1D559323B54BF1B480E4F1C9D9FCF.e.21180"}]}
COMMAND: GET /session/36177e4d45fb5698ad30062df7661002/element/f.165F0B9F83AB8D5533DBC2556707DBA6.d.26B1D559323B54BF1B480E4F1C9D9FCF.e.21180/enabled - {}
COMMAND: GET /session/36177e4d45fb5698ad30062df7661002/screenshot - {}
RESULT: {}
COMMAND: POST /session/36177e4d45fb5698ad30062df7661002/execute/sync - {"script":"<script> [8489 bytes]","args":[{"element-6066-11e4-a52e-4f735466cecf":"f.165F0B9F83AB8D5533DBC2556707DBA6.d.26B1D559323B54BF1B480E4F1C9D9FCF.e.21180","ELEMENT":"f.165F0B9F83AB8D5533DBC2556707DBA6.d.26B1D559323B54BF1B480E4F1C9D9FCF.e.21180"}]}
COMMAND: GET /session/36177e4d45fb5698ad30062df7661002/screenshot - {}
RESULT: {}
RESULT: {"script":"<script> [8489 bytes]","args":[{"element-6066-11e4-a52e-4f735466cecf":"f.165F0B9F83AB8D5533DBC2556707DBA6.d.26B1D559323B54BF1B480E4F1C9D9FCF.e.21180","ELEMENT":"f.165F0B9F83AB8D5533DBC2556707DBA6.d.26B1D559323B54BF1B480E4F1C9D9FCF.e.21180"}]}
COMMAND: POST /session/36177e4d45fb5698ad30062df7661002/execute/sync - {"script":"<script> [5351 bytes]","args":[{"element-6066-11e4-a52e-4f735466cecf":"f.165F0B9F83AB8D5533DBC2556707DBA6.d.26B1D559323B54BF1B480E4F1C9D9FCF.e.21180","ELEMENT":"f.165F0B9F83AB8D5533DBC2556707DBA6.d.26B1D559323B54BF1B480E4F1C9D9FCF.e.21180"}]}
COMMAND: GET /session/36177e4d45fb5698ad30062df7661002/screenshot - {}
RESULT: {}
RESULT: {"script":"<script> [5351 bytes]","args":[{"element-6066-11e4-a52e-4f735466cecf":"f.165F0B9F83AB8D5533DBC2556707DBA6.d.26B1D559323B54BF1B480E4F1C9D9FCF.e.21180","ELEMENT":"f.165F0B9F83AB8D5533DBC2556707DBA6.d.26B1D559323B54BF1B480E4F1C9D9FCF.e.21180"}]}
COMMAND: GET /session/36177e4d45fb5698ad30062df7661002/screenshot - {}
RESULT: {}
RESULT: {}
COMMAND: POST /session/36177e4d45fb5698ad30062df7661002/element/f.165F0B9F83AB8D5533DBC2556707DBA6.d.26B1D559323B54BF1B480E4F1C9D9FCF.e.21180/click - {}
RESULT: {}
COMMAND: GET /session/36177e4d45fb5698ad30062df7661002/screenshot - {}
RESULT: {}
COMMAND: POST /session/36177e4d45fb5698ad30062df7661002/execute/async - {"script":"<script> [1562 bytes]","args":[{"selector":{"id":"application-managecontracts-display-component---AddNewContract--projectDescription","interaction":{"idSuffix":"inner"}},"wdio_ui5_key":"applicationmanagecontracts-display-component---AddNewContract--projectDescription"}]}
RESULT: {"script":"<script> [1562 bytes]","args":[{"selector":{"id":"application-managecontracts-display-component---AddNewContract--projectDescription","interaction":{"idSuffix":"inner"}},"wdio_ui5_key":"applicationmanagecontracts-display-component---AddNewContract--projectDescription"}]}
RESULT: undefined
COMMAND: POST /session/36177e4d45fb5698ad30062df7661002/execute/async - {"script":"<script> [776 bytes]","args":[{"enterText":"Contract WDIO","selector":{"id":"application-managecontracts-display-component---AddNewContract--projectDescription","interaction":{"idSuffix":"inner"}},"clearTextFirst":true,"interactionType":"ENTER_TEXT"}]}
RESULT: {"script":"<script> [776 bytes]","args":[{"enterText":"Contract WDIO","selector":{"id":"application-managecontracts-display-component---AddNewContract--projectDescription","interaction":{"idSuffix":"inner"}},"clearTextFirst":true,"interactionType":"ENTER_TEXT"}]}
COMMAND: POST /session/36177e4d45fb5698ad30062df7661002/element - {"using":"xpath","value":"//input[@id=\"application-managecontracts-display-component---AddNewContract--site-inner\"]"}
RESULT: {"using":"xpath","value":"//input[@id=\"application-managecontracts-display-component---AddNewContract--site-inner\"]"}
COMMAND: POST /session/36177e4d45fb5698ad30062df7661002/element/f.165F0B9F83AB8D5533DBC2556707DBA6.d.26B1D559323B54BF1B480E4F1C9D9FCF.e.21537/clear - {}
RESULT: {}
COMMAND: POST /session/36177e4d45fb5698ad30062df7661002/element/f.165F0B9F83AB8D5533DBC2556707DBA6.d.26B1D559323B54BF1B480E4F1C9D9FCF.e.21537/value - {"text":"2199"}
COMMAND: GET /session/36177e4d45fb5698ad30062df7661002/screenshot - {}
RESULT: {"text":"2199"}
COMMAND: GET /session/36177e4d45fb5698ad30062df7661002/screenshot - {}
RESULT: {}
RESULT: {}
COMMAND: POST /session/36177e4d45fb5698ad30062df7661002/element - {"using":"xpath","value":"//li[.//span[text()='2199']]"}
RESULT: {"using":"xpath","value":"//li[.//span[text()='2199']]"}
COMMAND: POST /session/36177e4d45fb5698ad30062df7661002/element/f.165F0B9F83AB8D5533DBC2556707DBA6.d.26B1D559323B54BF1B480E4F1C9D9FCF.e.21570/click - {}
RESULT: {}
COMMAND: GET /session/36177e4d45fb5698ad30062df7661002/screenshot - {}
RESULT: {}
COMMAND: POST /session/36177e4d45fb5698ad30062df7661002/element - {"using":"xpath","value":"//input[@id=\"application-managecontracts-display-component---AddNewContract--yardId-inner\"]"}
RESULT: {"using":"xpath","value":"//input[@id=\"application-managecontracts-display-component---AddNewContract--yardId-inner\"]"}
COMMAND: GET /session/36177e4d45fb5698ad30062df7661002/element/f.165F0B9F83AB8D5533DBC2556707DBA6.d.26B1D559323B54BF1B480E4F1C9D9FCF.e.21538/property/value - {}
RESULT: {}
COMMAND: POST /session/36177e4d45fb5698ad30062df7661002/element - {"using":"xpath","value":"//input[@id=\"application-managecontracts-display-component---AddNewContract--customerSelect-inner\"]"}
COMMAND: GET /session/36177e4d45fb5698ad30062df7661002/screenshot - {}
RESULT: {"using":"xpath","value":"//input[@id=\"application-managecontracts-display-component---AddNewContract--customerSelect-inner\"]"}
COMMAND: POST /session/36177e4d45fb5698ad30062df7661002/element/f.165F0B9F83AB8D5533DBC2556707DBA6.d.26B1D559323B54BF1B480E4F1C9D9FCF.e.21536/clear - {}
RESULT: {}
RESULT: {}
COMMAND: POST /session/36177e4d45fb5698ad30062df7661002/element/f.165F0B9F83AB8D5533DBC2556707DBA6.d.26B1D559323B54BF1B480E4F1C9D9FCF.e.21536/value - {"text":"1241"}
COMMAND: GET /session/36177e4d45fb5698ad30062df7661002/screenshot - {}
RESULT: {"text":"1241"}
COMMAND: GET /session/36177e4d45fb5698ad30062df7661002/screenshot - {}
RESULT: {}
RESULT: {}
COMMAND: POST /session/36177e4d45fb5698ad30062df7661002/element - {"using":"xpath","value":"//li[.//span[text()='1241']]"}
RESULT: {"using":"xpath","value":"//li[.//span[text()='1241']]"}
COMMAND: POST /session/36177e4d45fb5698ad30062df7661002/element/f.165F0B9F83AB8D5533DBC2556707DBA6.d.26B1D559323B54BF1B480E4F1C9D9FCF.e.21573/click - {}
RESULT: {}
COMMAND: GET /session/36177e4d45fb5698ad30062df7661002/screenshot - {}
RESULT: {}
COMMAND: POST /session/36177e4d45fb5698ad30062df7661002/element - {"using":"xpath","value":"//button[@data-kt=\"saveButton\"]"}
RESULT: {"using":"xpath","value":"//button[@data-kt=\"saveButton\"]"}
COMMAND: POST /session/36177e4d45fb5698ad30062df7661002/element/f.165F0B9F83AB8D5533DBC2556707DBA6.d.26B1D559323B54BF1B480E4F1C9D9FCF.e.21574/click - {}
RESULT: {}
COMMAND: GET /session/36177e4d45fb5698ad30062df7661002/screenshot - {}
RESULT: {}
COMMAND: POST /session/36177e4d45fb5698ad30062df7661002/element - {"using":"xpath","value":"//span[contains(@id ,\"contractDetailTitleNoExpanded\")]"}
RESULT: {"using":"xpath","value":"//span[contains(@id ,\"contractDetailTitleNoExpanded\")]"}
COMMAND: POST /session/36177e4d45fb5698ad30062df7661002/elements - {"using":"xpath","value":"//span[contains(@id ,\"contractDetailTitleNoExpanded\")]"}
RESULT: {"using":"xpath","value":"//span[contains(@id ,\"contractDetailTitleNoExpanded\")]"}
COMMAND: POST /session/36177e4d45fb5698ad30062df7661002/execute/sync - {"script":"<script> [56 bytes]","args":[{"element-6066-11e4-a52e-4f735466cecf":"f.165F0B9F83AB8D5533DBC2556707DBA6.d.26B1D559323B54BF1B480E4F1C9D9FCF.e.21646","ELEMENT":"f.165F0B9F83AB8D5533DBC2556707DBA6.d.26B1D559323B54BF1B480E4F1C9D9FCF.e.21646"}]}
RESULT: {"script":"<script> [56 bytes]","args":[{"element-6066-11e4-a52e-4f735466cecf":"f.165F0B9F83AB8D5533DBC2556707DBA6.d.26B1D559323B54BF1B480E4F1C9D9FCF.e.21646","ELEMENT":"f.165F0B9F83AB8D5533DBC2556707DBA6.d.26B1D559323B54BF1B480E4F1C9D9FCF.e.21646"}]}
COMMAND: GET /session/36177e4d45fb5698ad30062df7661002/screenshot - {}
RESULT: {}
]]></system-out>
    </testcase>
    <testcase classname="chrome.136_0_7103_93.windows.Billing_Calculation_-_Time_based_(considering_transport_times)_US139738" name="Should add transport time checkbox on contract details" time="16.421">
      <system-out><![CDATA[
COMMAND: POST /session/36177e4d45fb5698ad30062df7661002/element - {"using":"xpath","value":"//button[@data-kt=\"contractDetailEditBtnButton\"]"}
RESULT: {"using":"xpath","value":"//button[@data-kt=\"contractDetailEditBtnButton\"]"}
COMMAND: POST /session/36177e4d45fb5698ad30062df7661002/element/f.165F0B9F83AB8D5533DBC2556707DBA6.d.26B1D559323B54BF1B480E4F1C9D9FCF.e.21648/click - {}
RESULT: {}
COMMAND: GET /session/36177e4d45fb5698ad30062df7661002/screenshot - {}
RESULT: {}
COMMAND: POST /session/36177e4d45fb5698ad30062df7661002/element - {"using":"xpath","value":"(//span[contains(text(), \"Contract Billing\")])[2]"}
RESULT: {"using":"xpath","value":"(//span[contains(text(), \"Contract Billing\")])[2]"}
COMMAND: POST /session/36177e4d45fb5698ad30062df7661002/element/f.165F0B9F83AB8D5533DBC2556707DBA6.d.26B1D559323B54BF1B480E4F1C9D9FCF.e.21705/click - {}
RESULT: {}
COMMAND: GET /session/36177e4d45fb5698ad30062df7661002/screenshot - {}
RESULT: {}
COMMAND: POST /session/36177e4d45fb5698ad30062df7661002/element - {"using":"xpath","value":"(//div[contains(@id, \"transportTimesBilled-CbBg\")])"}
RESULT: {"using":"xpath","value":"(//div[contains(@id, \"transportTimesBilled-CbBg\")])"}
COMMAND: POST /session/36177e4d45fb5698ad30062df7661002/element/f.165F0B9F83AB8D5533DBC2556707DBA6.d.26B1D559323B54BF1B480E4F1C9D9FCF.e.21735/click - {}
RESULT: {}
COMMAND: GET /session/36177e4d45fb5698ad30062df7661002/screenshot - {}
RESULT: {}
COMMAND: POST /session/36177e4d45fb5698ad30062df7661002/element - {"using":"xpath","value":"(//button[@data-kt=\"saveButton\"])[2]"}
RESULT: {"using":"xpath","value":"(//button[@data-kt=\"saveButton\"])[2]"}
COMMAND: POST /session/36177e4d45fb5698ad30062df7661002/element/f.165F0B9F83AB8D5533DBC2556707DBA6.d.26B1D559323B54BF1B480E4F1C9D9FCF.e.21736/click - {}
RESULT: {}
COMMAND: GET /session/36177e4d45fb5698ad30062df7661002/screenshot - {}
RESULT: {}
]]></system-out>
    </testcase>
    <testcase classname="chrome.136_0_7103_93.windows.Billing_Calculation_-_Time_based_(considering_transport_times)_US139738" name="Should add created equipment to contract" time="47.738">
      <system-out><![CDATA[
COMMAND: POST /session/36177e4d45fb5698ad30062df7661002/element - {"using":"xpath","value":"//button[@data-kt=\"contractDetailEditBtnButton\"]"}
RESULT: {"using":"xpath","value":"//button[@data-kt=\"contractDetailEditBtnButton\"]"}
COMMAND: POST /session/36177e4d45fb5698ad30062df7661002/element/f.165F0B9F83AB8D5533DBC2556707DBA6.d.26B1D559323B54BF1B480E4F1C9D9FCF.e.21648/click - {}
RESULT: {}
COMMAND: GET /session/36177e4d45fb5698ad30062df7661002/screenshot - {}
RESULT: {}
COMMAND: POST /session/36177e4d45fb5698ad30062df7661002/element - {"using":"xpath","value":"(//span[contains(text(), \"Additional Addresses\")])[2]"}
RESULT: {"using":"xpath","value":"(//span[contains(text(), \"Additional Addresses\")])[2]"}
COMMAND: POST /session/36177e4d45fb5698ad30062df7661002/element/f.165F0B9F83AB8D5533DBC2556707DBA6.d.26B1D559323B54BF1B480E4F1C9D9FCF.e.21754/click - {}
RESULT: {}
COMMAND: GET /session/36177e4d45fb5698ad30062df7661002/screenshot - {}
RESULT: {}
COMMAND: POST /session/36177e4d45fb5698ad30062df7661002/element - {"using":"xpath","value":"//button[@data-kt=\"btnAddTableRowOverflowToolbarButton\"]"}
RESULT: {"using":"xpath","value":"//button[@data-kt=\"btnAddTableRowOverflowToolbarButton\"]"}
COMMAND: POST /session/36177e4d45fb5698ad30062df7661002/element/f.165F0B9F83AB8D5533DBC2556707DBA6.d.26B1D559323B54BF1B480E4F1C9D9FCF.e.21756/click - {}
RESULT: {}
COMMAND: GET /session/36177e4d45fb5698ad30062df7661002/screenshot - {}
RESULT: {}
COMMAND: POST /session/36177e4d45fb5698ad30062df7661002/element - {"using":"xpath","value":"//div[(text() = 'Standard Entry' or . = 'Standard Entry')]"}
RESULT: {"using":"xpath","value":"//div[(text() = 'Standard Entry' or . = 'Standard Entry')]"}
COMMAND: POST /session/36177e4d45fb5698ad30062df7661002/element/f.165F0B9F83AB8D5533DBC2556707DBA6.d.26B1D559323B54BF1B480E4F1C9D9FCF.e.21758/click - {}
RESULT: {}
COMMAND: GET /session/36177e4d45fb5698ad30062df7661002/screenshot - {}
RESULT: {}
COMMAND: POST /session/36177e4d45fb5698ad30062df7661002/element - {"using":"xpath","value":"//td[7]/div/div/input"}
RESULT: {"using":"xpath","value":"//td[7]/div/div/input"}
COMMAND: POST /session/36177e4d45fb5698ad30062df7661002/element/f.165F0B9F83AB8D5533DBC2556707DBA6.d.26B1D559323B54BF1B480E4F1C9D9FCF.e.21767/clear - {}
RESULT: {}
COMMAND: POST /session/36177e4d45fb5698ad30062df7661002/element/f.165F0B9F83AB8D5533DBC2556707DBA6.d.26B1D559323B54BF1B480E4F1C9D9FCF.e.21767/value - {"text":"i5xoloxsdr"}
COMMAND: GET /session/36177e4d45fb5698ad30062df7661002/screenshot - {}
RESULT: {"text":"i5xoloxsdr"}
COMMAND: GET /session/36177e4d45fb5698ad30062df7661002/screenshot - {}
RESULT: {}
RESULT: {}
COMMAND: POST /session/36177e4d45fb5698ad30062df7661002/actions - {"actions":[{"id":"action77","type":"key","parameters":{},"actions":[{"type":"keyDown","value":"î€‡"},{"type":"pause","duration":10},{"type":"keyUp","value":"î€‡"}]}]}
RESULT: {"actions":[{"id":"action77","type":"key","parameters":{},"actions":[{"type":"keyDown","value":"î€‡"},{"type":"pause","duration":10},{"type":"keyUp","value":"î€‡"}]}]}
COMMAND: GET /session/36177e4d45fb5698ad30062df7661002/screenshot - {}
RESULT: {}
COMMAND: POST /session/36177e4d45fb5698ad30062df7661002/execute/sync - {"script":"<script> [276 bytes]","args":["No pricing information was found"]}
RESULT: {"script":"<script> [276 bytes]","args":["No pricing information was found"]}
COMMAND: POST /session/36177e4d45fb5698ad30062df7661002/element - {"using":"xpath","value":"(//button[@data-kt=\"saveButton\"])[2]"}
COMMAND: GET /session/36177e4d45fb5698ad30062df7661002/screenshot - {}
RESULT: {"using":"xpath","value":"(//button[@data-kt=\"saveButton\"])[2]"}
COMMAND: POST /session/36177e4d45fb5698ad30062df7661002/element/f.165F0B9F83AB8D5533DBC2556707DBA6.d.26B1D559323B54BF1B480E4F1C9D9FCF.e.21736/click - {}
RESULT: {}
RESULT: {}
COMMAND: GET /session/36177e4d45fb5698ad30062df7661002/screenshot - {}
RESULT: {}
COMMAND: POST /session/36177e4d45fb5698ad30062df7661002/execute/sync - {"script":"<script> [276 bytes]","args":["Some contract items are having rental validity exceeding header rental validity"]}
RESULT: {"script":"<script> [276 bytes]","args":["Some contract items are having rental validity exceeding header rental validity"]}
COMMAND: GET /session/36177e4d45fb5698ad30062df7661002/screenshot - {}
RESULT: {}
COMMAND: POST /session/36177e4d45fb5698ad30062df7661002/element - {"using":"xpath","value":"//span[contains(@id ,\"contractItemsSmartTable-header-inner\")]"}
RESULT: {"using":"xpath","value":"//span[contains(@id ,\"contractItemsSmartTable-header-inner\")]"}
COMMAND: POST /session/36177e4d45fb5698ad30062df7661002/elements - {"using":"xpath","value":"//span[contains(@id ,\"contractItemsSmartTable-header-inner\")]"}
RESULT: {"using":"xpath","value":"//span[contains(@id ,\"contractItemsSmartTable-header-inner\")]"}
COMMAND: POST /session/36177e4d45fb5698ad30062df7661002/execute/sync - {"script":"<script> [56 bytes]","args":[{"element-6066-11e4-a52e-4f735466cecf":"f.165F0B9F83AB8D5533DBC2556707DBA6.d.26B1D559323B54BF1B480E4F1C9D9FCF.e.21787","ELEMENT":"f.165F0B9F83AB8D5533DBC2556707DBA6.d.26B1D559323B54BF1B480E4F1C9D9FCF.e.21787"}]}
RESULT: {"script":"<script> [56 bytes]","args":[{"element-6066-11e4-a52e-4f735466cecf":"f.165F0B9F83AB8D5533DBC2556707DBA6.d.26B1D559323B54BF1B480E4F1C9D9FCF.e.21787","ELEMENT":"f.165F0B9F83AB8D5533DBC2556707DBA6.d.26B1D559323B54BF1B480E4F1C9D9FCF.e.21787"}]}
]]></system-out>
    </testcase>
    <testcase classname="chrome.136_0_7103_93.windows.Billing_Calculation_-_Time_based_(considering_transport_times)_US139738" name="Should do a provide to site 2 step" time="157.604">
      <system-out><![CDATA[
COMMAND: POST /session/36177e4d45fb5698ad30062df7661002/element - {"using":"xpath","value":"//button[@data-kt=\"provideButton\"]"}
COMMAND: GET /session/36177e4d45fb5698ad30062df7661002/screenshot - {}
RESULT: {"using":"xpath","value":"//button[@data-kt=\"provideButton\"]"}
COMMAND: POST /session/36177e4d45fb5698ad30062df7661002/element/f.165F0B9F83AB8D5533DBC2556707DBA6.d.26B1D559323B54BF1B480E4F1C9D9FCF.e.21788/click - {}
RESULT: {}
RESULT: {}
COMMAND: GET /session/36177e4d45fb5698ad30062df7661002/screenshot - {}
RESULT: {}
COMMAND: POST /session/36177e4d45fb5698ad30062df7661002/element - {"using":"xpath","value":"(//div[contains(@id, \"application-managehandovers-display-component---AddNewHO--oneStep-CbBg\")])"}
RESULT: {"using":"xpath","value":"(//div[contains(@id, \"application-managehandovers-display-component---AddNewHO--oneStep-CbBg\")])"}
COMMAND: POST /session/36177e4d45fb5698ad30062df7661002/element - {"using":"xpath","value":"(//div[contains(@id, \"application-managehandovers-display-component---AddNewHO--oneStep-CbBg\")])/input"}
RESULT: {"using":"xpath","value":"(//div[contains(@id, \"application-managehandovers-display-component---AddNewHO--oneStep-CbBg\")])/input"}
COMMAND: GET /session/36177e4d45fb5698ad30062df7661002/element/f.165F0B9F83AB8D5533DBC2556707DBA6.d.26B1D559323B54BF1B480E4F1C9D9FCF.e.21880/attribute/checked - {}
RESULT: {}
RESULT: undefined
COMMAND: POST /session/36177e4d45fb5698ad30062df7661002/execute/async - {"script":"<script> [6424 bytes]","args":[{"element-6066-11e4-a52e-4f735466cecf":"f.165F0B9F83AB8D5533DBC2556707DBA6.d.26B1D559323B54BF1B480E4F1C9D9FCF.e.20744"},"setValue",["5/16/25"]]}
COMMAND: POST /session/36177e4d45fb5698ad30062df7661002/element/f.165F0B9F83AB8D5533DBC2556707DBA6.d.26B1D559323B54BF1B480E4F1C9D9FCF.e.22090/click - {}
COMMAND: POST /session/36177e4d45fb5698ad30062df7661002/execute/async - {"script":"<script> [1562 bytes]","args":[{"selector":{"id":"application-managehandovers-display-component---AddNewHO--dueDate","interaction":{"idSuffix":"inner"}},"wdio_ui5_key":"applicationmanagehandovers-display-component---AddNewHO--dueDate"}]}
RESULT: {}
COMMAND: GET /session/36177e4d45fb5698ad30062df7661002/screenshot - {}
RESULT: {"script":"<script> [1562 bytes]","args":[{"selector":{"id":"application-managehandovers-display-component---AddNewHO--dueDate","interaction":{"idSuffix":"inner"}},"wdio_ui5_key":"applicationmanagehandovers-display-component---AddNewHO--dueDate"}]}
COMMAND: POST /session/36177e4d45fb5698ad30062df7661002/execute/async - {"script":"<script> [6424 bytes]","args":[{"element-6066-11e4-a52e-4f735466cecf":"f.165F0B9F83AB8D5533DBC2556707DBA6.d.26B1D559323B54BF1B480E4F1C9D9FCF.e.21878"},"setValue",["5/16/25"]]}
RESULT: {}
RESULT: {"script":"<script> [6424 bytes]","args":[{"element-6066-11e4-a52e-4f735466cecf":"f.165F0B9F83AB8D5533DBC2556707DBA6.d.26B1D559323B54BF1B480E4F1C9D9FCF.e.21878"},"setValue",["5/16/25"]]}
COMMAND: POST /session/36177e4d45fb5698ad30062df7661002/element - {"using":"xpath","value":"//bdi[contains(text(), \"Instructions\")]"}
RESULT: {"using":"xpath","value":"//bdi[contains(text(), \"Instructions\")]"}
COMMAND: POST /session/36177e4d45fb5698ad30062df7661002/element/f.165F0B9F83AB8D5533DBC2556707DBA6.d.26B1D559323B54BF1B480E4F1C9D9FCF.e.22094/click - {}
RESULT: {}
COMMAND: GET /session/36177e4d45fb5698ad30062df7661002/screenshot - {}
RESULT: {}
COMMAND: POST /session/36177e4d45fb5698ad30062df7661002/element - {"using":"xpath","value":"//button[@data-kt=\"AddNewHOProvideAddItemsButton\"]"}
RESULT: {"using":"xpath","value":"//button[@data-kt=\"AddNewHOProvideAddItemsButton\"]"}
COMMAND: POST /session/36177e4d45fb5698ad30062df7661002/element/f.165F0B9F83AB8D5533DBC2556707DBA6.d.26B1D559323B54BF1B480E4F1C9D9FCF.e.22099/click - {}
RESULT: {}
COMMAND: GET /session/36177e4d45fb5698ad30062df7661002/screenshot - {}
RESULT: {}
RESULT: undefined
COMMAND: POST /session/36177e4d45fb5698ad30062df7661002/element - {"using":"xpath","value":"//*[@id=\"application-managehandovers-display-component---AddNewHO--popup-sa\"]"}
RESULT: {"using":"xpath","value":"//*[@id=\"application-managehandovers-display-component---AddNewHO--popup-sa\"]"}
COMMAND: POST /session/36177e4d45fb5698ad30062df7661002/element/f.165F0B9F83AB8D5533DBC2556707DBA6.d.26B1D559323B54BF1B480E4F1C9D9FCF.e.22108/click - {}
RESULT: {}
COMMAND: GET /session/36177e4d45fb5698ad30062df7661002/screenshot - {}
RESULT: {}
COMMAND: POST /session/36177e4d45fb5698ad30062df7661002/element - {"using":"xpath","value":"//*[contains(@id ,\"BDI-content\")][contains(text(), \"Select\")]"}
RESULT: {"using":"xpath","value":"//*[contains(@id ,\"BDI-content\")][contains(text(), \"Select\")]"}
COMMAND: POST /session/36177e4d45fb5698ad30062df7661002/element/f.165F0B9F83AB8D5533DBC2556707DBA6.d.26B1D559323B54BF1B480E4F1C9D9FCF.e.22110/click - {}
RESULT: {}
COMMAND: GET /session/36177e4d45fb5698ad30062df7661002/screenshot - {}
RESULT: {}
COMMAND: POST /session/36177e4d45fb5698ad30062df7661002/execute/async - {"script":"<script> [1562 bytes]","args":[{"selector":{"id":"application-managehandovers-display-component---AddNewHO--confirmCreationButton","interaction":{"idSuffix":"BDI-content"}},"wdio_ui5_key":"applicationmanagehandovers-display-component---AddNewHO--confirmCreationButton"}]}
RESULT: {"script":"<script> [1562 bytes]","args":[{"selector":{"id":"application-managehandovers-display-component---AddNewHO--confirmCreationButton","interaction":{"idSuffix":"BDI-content"}},"wdio_ui5_key":"applicationmanagehandovers-display-component---AddNewHO--confirmCreationButton"}]}
RESULT: undefined
COMMAND: POST /session/36177e4d45fb5698ad30062df7661002/element - {"using":"xpath","value":"//*[@id=\"application-managehandovers-display-component---AddNewHO--confirmCreationButton\"]"}
RESULT: {"using":"xpath","value":"//*[@id=\"application-managehandovers-display-component---AddNewHO--confirmCreationButton\"]"}
COMMAND: POST /session/36177e4d45fb5698ad30062df7661002/element/f.165F0B9F83AB8D5533DBC2556707DBA6.d.26B1D559323B54BF1B480E4F1C9D9FCF.e.21923/click - {}
RESULT: {}
COMMAND: GET /session/36177e4d45fb5698ad30062df7661002/screenshot - {}
RESULT: {}
COMMAND: POST /session/36177e4d45fb5698ad30062df7661002/execute/async - {"script":"<script> [1562 bytes]","args":[{"selector":{"id":"issueDatePicker","viewName":"etm.portal.ui.managehandovers.view.DetailExecuteHO","interaction":{"idSuffix":"inner"}},"wdio_ui5_key":"issueDatePickeretmportal.ui.managehandovers.view.DetailExecuteHO"}]}
RESULT: {"script":"<script> [1562 bytes]","args":[{"selector":{"id":"issueDatePicker","viewName":"etm.portal.ui.managehandovers.view.DetailExecuteHO","interaction":{"idSuffix":"inner"}},"wdio_ui5_key":"issueDatePickeretmportal.ui.managehandovers.view.DetailExecuteHO"}]}
RESULT: undefined
COMMAND: POST /session/36177e4d45fb5698ad30062df7661002/execute/async - {"script":"<script> [776 bytes]","args":[{"enterText":"5/16/25","selector":{"id":"issueDatePicker","viewName":"etm.portal.ui.managehandovers.view.DetailExecuteHO","interaction":{"idSuffix":"inner"}},"clearTextFirst":true,"interactionType":"ENTER_TEXT"}]}
RESULT: {"script":"<script> [776 bytes]","args":[{"enterText":"5/16/25","selector":{"id":"issueDatePicker","viewName":"etm.portal.ui.managehandovers.view.DetailExecuteHO","interaction":{"idSuffix":"inner"}},"clearTextFirst":true,"interactionType":"ENTER_TEXT"}]}
COMMAND: POST /session/36177e4d45fb5698ad30062df7661002/element - {"using":"xpath","value":"//bdi[contains(text(), \"OK\")]"}
RESULT: {"using":"xpath","value":"//bdi[contains(text(), \"OK\")]"}
COMMAND: POST /session/36177e4d45fb5698ad30062df7661002/element/f.165F0B9F83AB8D5533DBC2556707DBA6.d.26B1D559323B54BF1B480E4F1C9D9FCF.e.22157/click - {}
RESULT: {}
COMMAND: GET /session/36177e4d45fb5698ad30062df7661002/screenshot - {}
RESULT: {}
COMMAND: POST /session/36177e4d45fb5698ad30062df7661002/element - {"using":"xpath","value":"//button[@data-kt=\"PickingTableConfirmAllButton\"]"}
RESULT: {"using":"xpath","value":"//button[@data-kt=\"PickingTableConfirmAllButton\"]"}
COMMAND: POST /session/36177e4d45fb5698ad30062df7661002/element/f.165F0B9F83AB8D5533DBC2556707DBA6.d.26B1D559323B54BF1B480E4F1C9D9FCF.e.22164/click - {}
RESULT: {}
COMMAND: GET /session/36177e4d45fb5698ad30062df7661002/screenshot - {}
RESULT: {}
COMMAND: POST /session/36177e4d45fb5698ad30062df7661002/element - {"using":"xpath","value":"//bdi[contains(text(), \"OK\")]"}
RESULT: {"using":"xpath","value":"//bdi[contains(text(), \"OK\")]"}
COMMAND: POST /session/36177e4d45fb5698ad30062df7661002/element/f.165F0B9F83AB8D5533DBC2556707DBA6.d.26B1D559323B54BF1B480E4F1C9D9FCF.e.22168/click - {}
RESULT: {}
COMMAND: GET /session/36177e4d45fb5698ad30062df7661002/screenshot - {}
RESULT: {}
COMMAND: POST /session/36177e4d45fb5698ad30062df7661002/element - {"using":"xpath","value":"//button[@data-kt=\"execHoPickButton\"]"}
RESULT: {"using":"xpath","value":"//button[@data-kt=\"execHoPickButton\"]"}
COMMAND: POST /session/36177e4d45fb5698ad30062df7661002/element/f.165F0B9F83AB8D5533DBC2556707DBA6.d.26B1D559323B54BF1B480E4F1C9D9FCF.e.22169/click - {}
RESULT: {}
COMMAND: GET /session/36177e4d45fb5698ad30062df7661002/screenshot - {}
RESULT: {}
COMMAND: POST /session/36177e4d45fb5698ad30062df7661002/element - {"using":"xpath","value":"//span[contains(@id ,\"filterItemControl_BASIC-RECEIVE_CONTRACT-vhi\")]"}
RESULT: {"using":"xpath","value":"//span[contains(@id ,\"filterItemControl_BASIC-RECEIVE_CONTRACT-vhi\")]"}
COMMAND: POST /session/36177e4d45fb5698ad30062df7661002/element/f.165F0B9F83AB8D5533DBC2556707DBA6.d.26B1D559323B54BF1B480E4F1C9D9FCF.e.22339/click - {}
RESULT: {}
COMMAND: GET /session/36177e4d45fb5698ad30062df7661002/screenshot - {}
RESULT: {}
COMMAND: POST /session/36177e4d45fb5698ad30062df7661002/execute/async - {"script":"<script> [1562 bytes]","args":[{"selector":{"controlType":"sap.m.SearchField","viewName":"etm.portal.ui.managehandovers.view.MasterHO","bindingPath":{"path":"","propertyPath":"/_BASIC_SEARCH_FIELD","modelName":"fi1t3rM0d31"},"searchOpenDialogs":true,"interaction":{"idSuffix":"I"}},"wdio_ui5_key":"etmportal.ui.managehandovers.view.MasterHOsap.m.SearchField{\"path\":\"\",\"propertyPath\":\"/_BASIC_SEARCH_FIELD\",\"modelName\":\"fi1t3rM0d31\"}"}]}
RESULT: {"script":"<script> [1562 bytes]","args":[{"selector":{"controlType":"sap.m.SearchField","viewName":"etm.portal.ui.managehandovers.view.MasterHO","bindingPath":{"path":"","propertyPath":"/_BASIC_SEARCH_FIELD","modelName":"fi1t3rM0d31"},"searchOpenDialogs":true,"interaction":{"idSuffix":"I"}},"wdio_ui5_key":"etmportal.ui.managehandovers.view.MasterHOsap.m.SearchField{\"path\":\"\",\"propertyPath\":\"/_BASIC_SEARCH_FIELD\",\"modelName\":\"fi1t3rM0d31\"}"}]}
RESULT: undefined
COMMAND: POST /session/36177e4d45fb5698ad30062df7661002/execute/async - {"script":"<script> [776 bytes]","args":[{"enterText":"10294","selector":{"controlType":"sap.m.SearchField","viewName":"etm.portal.ui.managehandovers.view.MasterHO","bindingPath":{"path":"","propertyPath":"/_BASIC_SEARCH_FIELD","modelName":"fi1t3rM0d31"},"searchOpenDialogs":true,"interaction":{"idSuffix":"I"}},"clearTextFirst":true,"interactionType":"ENTER_TEXT"}]}
RESULT: {"script":"<script> [776 bytes]","args":[{"enterText":"10294","selector":{"controlType":"sap.m.SearchField","viewName":"etm.portal.ui.managehandovers.view.MasterHO","bindingPath":{"path":"","propertyPath":"/_BASIC_SEARCH_FIELD","modelName":"fi1t3rM0d31"},"searchOpenDialogs":true,"interaction":{"idSuffix":"I"}},"clearTextFirst":true,"interactionType":"ENTER_TEXT"}]}
COMMAND: POST /session/36177e4d45fb5698ad30062df7661002/actions - {"actions":[{"id":"action78","type":"key","parameters":{},"actions":[{"type":"keyDown","value":"î€‡"},{"type":"pause","duration":10},{"type":"keyUp","value":"î€‡"}]}]}
RESULT: {"actions":[{"id":"action78","type":"key","parameters":{},"actions":[{"type":"keyDown","value":"î€‡"},{"type":"pause","duration":10},{"type":"keyUp","value":"î€‡"}]}]}
COMMAND: GET /session/36177e4d45fb5698ad30062df7661002/screenshot - {}
RESULT: {}
COMMAND: POST /session/36177e4d45fb5698ad30062df7661002/element - {"using":"xpath","value":"//div[contains(@id, 'filterItemControl_BASIC-RECEIVE_CONTRACT-valueHelpDialog-table-rowsel0')]"}
RESULT: {"using":"xpath","value":"//div[contains(@id, 'filterItemControl_BASIC-RECEIVE_CONTRACT-valueHelpDialog-table-rowsel0')]"}
COMMAND: POST /session/36177e4d45fb5698ad30062df7661002/element/f.165F0B9F83AB8D5533DBC2556707DBA6.d.26B1D559323B54BF1B480E4F1C9D9FCF.e.22349/click - {}
RESULT: {}
COMMAND: GET /session/36177e4d45fb5698ad30062df7661002/screenshot - {}
RESULT: {}
COMMAND: POST /session/36177e4d45fb5698ad30062df7661002/element - {"using":"xpath","value":"//bdi[contains(text(), \"OK\")]"}
RESULT: {"using":"xpath","value":"//bdi[contains(text(), \"OK\")]"}
COMMAND: POST /session/36177e4d45fb5698ad30062df7661002/element/f.165F0B9F83AB8D5533DBC2556707DBA6.d.26B1D559323B54BF1B480E4F1C9D9FCF.e.22351/click - {}
RESULT: {}
COMMAND: GET /session/36177e4d45fb5698ad30062df7661002/screenshot - {}
RESULT: {}
COMMAND: POST /session/36177e4d45fb5698ad30062df7661002/element - {"using":"xpath","value":"//span[contains(@id, \"smartTable-header-inner\")]"}
RESULT: {"using":"xpath","value":"//span[contains(@id, \"smartTable-header-inner\")]"}
COMMAND: POST /session/36177e4d45fb5698ad30062df7661002/elements - {"using":"xpath","value":"//span[contains(@id, \"smartTable-header-inner\")]"}
RESULT: {"using":"xpath","value":"//span[contains(@id, \"smartTable-header-inner\")]"}
COMMAND: POST /session/36177e4d45fb5698ad30062df7661002/execute/sync - {"script":"<script> [56 bytes]","args":[{"element-6066-11e4-a52e-4f735466cecf":"f.165F0B9F83AB8D5533DBC2556707DBA6.d.26B1D559323B54BF1B480E4F1C9D9FCF.e.22380","ELEMENT":"f.165F0B9F83AB8D5533DBC2556707DBA6.d.26B1D559323B54BF1B480E4F1C9D9FCF.e.22380"}]}
RESULT: {"script":"<script> [56 bytes]","args":[{"element-6066-11e4-a52e-4f735466cecf":"f.165F0B9F83AB8D5533DBC2556707DBA6.d.26B1D559323B54BF1B480E4F1C9D9FCF.e.22380","ELEMENT":"f.165F0B9F83AB8D5533DBC2556707DBA6.d.26B1D559323B54BF1B480E4F1C9D9FCF.e.22380"}]}
COMMAND: POST /session/36177e4d45fb5698ad30062df7661002/element - {"using":"xpath","value":"//table[contains(@id, \"customHandovers\")]//tbody/tr[1]/td[2]/span"}
COMMAND: GET /session/36177e4d45fb5698ad30062df7661002/screenshot - {}
RESULT: {"using":"xpath","value":"//table[contains(@id, \"customHandovers\")]//tbody/tr[1]/td[2]/span"}
COMMAND: POST /session/36177e4d45fb5698ad30062df7661002/execute/sync - {"script":"<script> [56 bytes]","args":[{"element-6066-11e4-a52e-4f735466cecf":"f.165F0B9F83AB8D5533DBC2556707DBA6.d.26B1D559323B54BF1B480E4F1C9D9FCF.e.22381","ELEMENT":"f.165F0B9F83AB8D5533DBC2556707DBA6.d.26B1D559323B54BF1B480E4F1C9D9FCF.e.22381"}]}
RESULT: {}
RESULT: {"script":"<script> [56 bytes]","args":[{"element-6066-11e4-a52e-4f735466cecf":"f.165F0B9F83AB8D5533DBC2556707DBA6.d.26B1D559323B54BF1B480E4F1C9D9FCF.e.22381","ELEMENT":"f.165F0B9F83AB8D5533DBC2556707DBA6.d.26B1D559323B54BF1B480E4F1C9D9FCF.e.22381"}]}
COMMAND: POST /session/36177e4d45fb5698ad30062df7661002/element - {"using":"xpath","value":"(//span[contains(@id, \"imgNav\")])[1]"}
COMMAND: GET /session/36177e4d45fb5698ad30062df7661002/screenshot - {}
RESULT: {"using":"xpath","value":"(//span[contains(@id, \"imgNav\")])[1]"}
COMMAND: POST /session/36177e4d45fb5698ad30062df7661002/element/f.165F0B9F83AB8D5533DBC2556707DBA6.d.26B1D559323B54BF1B480E4F1C9D9FCF.e.22378/click - {}
RESULT: {}
RESULT: {}
COMMAND: GET /session/36177e4d45fb5698ad30062df7661002/screenshot - {}
RESULT: {}
RESULT: undefined
COMMAND: POST /session/36177e4d45fb5698ad30062df7661002/execute/async - {"script":"<script> [776 bytes]","args":[{"enterText":"5/16/25","selector":{"id":"issueDatePicker","viewName":"etm.portal.ui.managehandovers.view.DetailExecuteHO","interaction":{"idSuffix":"inner"}},"clearTextFirst":true,"interactionType":"ENTER_TEXT"}]}
RESULT: {"script":"<script> [776 bytes]","args":[{"enterText":"5/16/25","selector":{"id":"issueDatePicker","viewName":"etm.portal.ui.managehandovers.view.DetailExecuteHO","interaction":{"idSuffix":"inner"}},"clearTextFirst":true,"interactionType":"ENTER_TEXT"}]}
COMMAND: POST /session/36177e4d45fb5698ad30062df7661002/element - {"using":"xpath","value":"//button[@data-kt=\"PickingTableConfirmAllButton\"]"}
RESULT: {"using":"xpath","value":"//button[@data-kt=\"PickingTableConfirmAllButton\"]"}
COMMAND: POST /session/36177e4d45fb5698ad30062df7661002/element/f.165F0B9F83AB8D5533DBC2556707DBA6.d.26B1D559323B54BF1B480E4F1C9D9FCF.e.22398/click - {}
RESULT: {}
COMMAND: GET /session/36177e4d45fb5698ad30062df7661002/screenshot - {}
RESULT: {}
COMMAND: POST /session/36177e4d45fb5698ad30062df7661002/element - {"using":"xpath","value":"//bdi[contains(text(), \"OK\")]"}
RESULT: {"using":"xpath","value":"//bdi[contains(text(), \"OK\")]"}
COMMAND: POST /session/36177e4d45fb5698ad30062df7661002/element/f.165F0B9F83AB8D5533DBC2556707DBA6.d.26B1D559323B54BF1B480E4F1C9D9FCF.e.22427/click - {}
RESULT: {}
COMMAND: GET /session/36177e4d45fb5698ad30062df7661002/screenshot - {}
RESULT: {}
COMMAND: POST /session/36177e4d45fb5698ad30062df7661002/element - {"using":"xpath","value":"//button[@data-kt=\"execHoIssueButton\"]"}
RESULT: {"using":"xpath","value":"//button[@data-kt=\"execHoIssueButton\"]"}
COMMAND: POST /session/36177e4d45fb5698ad30062df7661002/element/f.165F0B9F83AB8D5533DBC2556707DBA6.d.26B1D559323B54BF1B480E4F1C9D9FCF.e.22429/click - {}
RESULT: {}
COMMAND: GET /session/36177e4d45fb5698ad30062df7661002/screenshot - {}
RESULT: {}
COMMAND: POST /session/36177e4d45fb5698ad30062df7661002/element - {"using":"xpath","value":"//input[contains(@id ,\"smartFilterBar-btnBasicSearch-I\")]"}
RESULT: {"using":"xpath","value":"//input[contains(@id ,\"smartFilterBar-btnBasicSearch-I\")]"}
COMMAND: POST /session/36177e4d45fb5698ad30062df7661002/elements - {"using":"xpath","value":"//input[contains(@id ,\"smartFilterBar-btnBasicSearch-I\")]"}
RESULT: {"using":"xpath","value":"//input[contains(@id ,\"smartFilterBar-btnBasicSearch-I\")]"}
COMMAND: POST /session/36177e4d45fb5698ad30062df7661002/execute/sync - {"script":"<script> [8489 bytes]","args":[{"element-6066-11e4-a52e-4f735466cecf":"f.165F0B9F83AB8D5533DBC2556707DBA6.d.26B1D559323B54BF1B480E4F1C9D9FCF.e.21877","ELEMENT":"f.165F0B9F83AB8D5533DBC2556707DBA6.d.26B1D559323B54BF1B480E4F1C9D9FCF.e.21877"}]}
RESULT: {"script":"<script> [8489 bytes]","args":[{"element-6066-11e4-a52e-4f735466cecf":"f.165F0B9F83AB8D5533DBC2556707DBA6.d.26B1D559323B54BF1B480E4F1C9D9FCF.e.21877","ELEMENT":"f.165F0B9F83AB8D5533DBC2556707DBA6.d.26B1D559323B54BF1B480E4F1C9D9FCF.e.21877"}]}
COMMAND: GET /session/36177e4d45fb5698ad30062df7661002/element/f.165F0B9F83AB8D5533DBC2556707DBA6.d.26B1D559323B54BF1B480E4F1C9D9FCF.e.21877/enabled - {}
COMMAND: GET /session/36177e4d45fb5698ad30062df7661002/screenshot - {}
RESULT: {}
COMMAND: POST /session/36177e4d45fb5698ad30062df7661002/element/f.165F0B9F83AB8D5533DBC2556707DBA6.d.26B1D559323B54BF1B480E4F1C9D9FCF.e.21877/clear - {}
COMMAND: GET /session/36177e4d45fb5698ad30062df7661002/screenshot - {}
RESULT: {}
RESULT: {}
COMMAND: POST /session/36177e4d45fb5698ad30062df7661002/element/f.165F0B9F83AB8D5533DBC2556707DBA6.d.26B1D559323B54BF1B480E4F1C9D9FCF.e.21877/value - {"text":"30518"}
COMMAND: GET /session/36177e4d45fb5698ad30062df7661002/screenshot - {}
RESULT: {}
RESULT: {"text":"30518"}
COMMAND: GET /session/36177e4d45fb5698ad30062df7661002/screenshot - {}
RESULT: {}
RESULT: {}
COMMAND: POST /session/36177e4d45fb5698ad30062df7661002/actions - {"actions":[{"id":"action79","type":"key","parameters":{},"actions":[{"type":"keyDown","value":"î€‡"},{"type":"pause","duration":10},{"type":"keyUp","value":"î€‡"}]}]}
RESULT: {"actions":[{"id":"action79","type":"key","parameters":{},"actions":[{"type":"keyDown","value":"î€‡"},{"type":"pause","duration":10},{"type":"keyUp","value":"î€‡"}]}]}
COMMAND: GET /session/36177e4d45fb5698ad30062df7661002/screenshot - {}
RESULT: {}
COMMAND: POST /session/36177e4d45fb5698ad30062df7661002/element - {"using":"xpath","value":"//span[contains(@id, \"smartTable-header-inner\")]"}
RESULT: {"using":"xpath","value":"//span[contains(@id, \"smartTable-header-inner\")]"}
COMMAND: POST /session/36177e4d45fb5698ad30062df7661002/elements - {"using":"xpath","value":"//span[contains(@id, \"smartTable-header-inner\")]"}
RESULT: {"using":"xpath","value":"//span[contains(@id, \"smartTable-header-inner\")]"}
COMMAND: POST /session/36177e4d45fb5698ad30062df7661002/execute/sync - {"script":"<script> [56 bytes]","args":[{"element-6066-11e4-a52e-4f735466cecf":"f.165F0B9F83AB8D5533DBC2556707DBA6.d.26B1D559323B54BF1B480E4F1C9D9FCF.e.22380","ELEMENT":"f.165F0B9F83AB8D5533DBC2556707DBA6.d.26B1D559323B54BF1B480E4F1C9D9FCF.e.22380"}]}
RESULT: {"script":"<script> [56 bytes]","args":[{"element-6066-11e4-a52e-4f735466cecf":"f.165F0B9F83AB8D5533DBC2556707DBA6.d.26B1D559323B54BF1B480E4F1C9D9FCF.e.22380","ELEMENT":"f.165F0B9F83AB8D5533DBC2556707DBA6.d.26B1D559323B54BF1B480E4F1C9D9FCF.e.22380"}]}
COMMAND: POST /session/36177e4d45fb5698ad30062df7661002/elements - {"using":"xpath","value":"//thead[contains(@class, \"sapMTableTH\")]/tr/th"}
COMMAND: GET /session/36177e4d45fb5698ad30062df7661002/screenshot - {}
RESULT: {"using":"xpath","value":"//thead[contains(@class, \"sapMTableTH\")]/tr/th"}
COMMAND: GET /session/36177e4d45fb5698ad30062df7661002/element/f.165F0B9F83AB8D5533DBC2556707DBA6.d.26B1D559323B54BF1B480E4F1C9D9FCF.e.22474/text - {}
RESULT: {}
RESULT: {}
COMMAND: GET /session/36177e4d45fb5698ad30062df7661002/element/f.165F0B9F83AB8D5533DBC2556707DBA6.d.26B1D559323B54BF1B480E4F1C9D9FCF.e.22475/text - {}
RESULT: {}
COMMAND: GET /session/36177e4d45fb5698ad30062df7661002/element/f.165F0B9F83AB8D5533DBC2556707DBA6.d.26B1D559323B54BF1B480E4F1C9D9FCF.e.21871/text - {}
RESULT: {}
COMMAND: GET /session/36177e4d45fb5698ad30062df7661002/element/f.165F0B9F83AB8D5533DBC2556707DBA6.d.26B1D559323B54BF1B480E4F1C9D9FCF.e.21873/text - {}
RESULT: {}
COMMAND: GET /session/36177e4d45fb5698ad30062df7661002/element/f.165F0B9F83AB8D5533DBC2556707DBA6.d.26B1D559323B54BF1B480E4F1C9D9FCF.e.22440/text - {}
RESULT: {}
COMMAND: GET /session/36177e4d45fb5698ad30062df7661002/element/f.165F0B9F83AB8D5533DBC2556707DBA6.d.26B1D559323B54BF1B480E4F1C9D9FCF.e.22441/text - {}
RESULT: {}
COMMAND: GET /session/36177e4d45fb5698ad30062df7661002/element/f.165F0B9F83AB8D5533DBC2556707DBA6.d.26B1D559323B54BF1B480E4F1C9D9FCF.e.22442/text - {}
RESULT: {}
COMMAND: GET /session/36177e4d45fb5698ad30062df7661002/element/f.165F0B9F83AB8D5533DBC2556707DBA6.d.26B1D559323B54BF1B480E4F1C9D9FCF.e.22443/text - {}
RESULT: {}
COMMAND: GET /session/36177e4d45fb5698ad30062df7661002/element/f.165F0B9F83AB8D5533DBC2556707DBA6.d.26B1D559323B54BF1B480E4F1C9D9FCF.e.22444/text - {}
RESULT: {}
COMMAND: GET /session/36177e4d45fb5698ad30062df7661002/element/f.165F0B9F83AB8D5533DBC2556707DBA6.d.26B1D559323B54BF1B480E4F1C9D9FCF.e.22445/text - {}
RESULT: {}
COMMAND: GET /session/36177e4d45fb5698ad30062df7661002/element/f.165F0B9F83AB8D5533DBC2556707DBA6.d.26B1D559323B54BF1B480E4F1C9D9FCF.e.22446/text - {}
RESULT: {}
COMMAND: GET /session/36177e4d45fb5698ad30062df7661002/element/f.165F0B9F83AB8D5533DBC2556707DBA6.d.26B1D559323B54BF1B480E4F1C9D9FCF.e.22447/text - {}
RESULT: {}
COMMAND: GET /session/36177e4d45fb5698ad30062df7661002/element/f.165F0B9F83AB8D5533DBC2556707DBA6.d.26B1D559323B54BF1B480E4F1C9D9FCF.e.22448/text - {}
RESULT: {}
COMMAND: GET /session/36177e4d45fb5698ad30062df7661002/element/f.165F0B9F83AB8D5533DBC2556707DBA6.d.26B1D559323B54BF1B480E4F1C9D9FCF.e.21874/text - {}
RESULT: {}
COMMAND: POST /session/36177e4d45fb5698ad30062df7661002/element - {"using":"xpath","value":"//tbody[contains(@id, \"customHandoversTable-tblBody\")]/tr[1]/td[14]/div/span"}
RESULT: {"using":"xpath","value":"//tbody[contains(@id, \"customHandoversTable-tblBody\")]/tr[1]/td[14]/div/span"}
COMMAND: POST /session/36177e4d45fb5698ad30062df7661002/execute/sync - {"script":"<script> [56 bytes]","args":[{"element-6066-11e4-a52e-4f735466cecf":"f.165F0B9F83AB8D5533DBC2556707DBA6.d.26B1D559323B54BF1B480E4F1C9D9FCF.e.22527","ELEMENT":"f.165F0B9F83AB8D5533DBC2556707DBA6.d.26B1D559323B54BF1B480E4F1C9D9FCF.e.22527"}]}
RESULT: {"script":"<script> [56 bytes]","args":[{"element-6066-11e4-a52e-4f735466cecf":"f.165F0B9F83AB8D5533DBC2556707DBA6.d.26B1D559323B54BF1B480E4F1C9D9FCF.e.22527","ELEMENT":"f.165F0B9F83AB8D5533DBC2556707DBA6.d.26B1D559323B54BF1B480E4F1C9D9FCF.e.22527"}]}
COMMAND: POST /session/36177e4d45fb5698ad30062df7661002/element - {"using":"xpath","value":"(//span[contains(@id, \"imgNav\")])[1]"}
COMMAND: GET /session/36177e4d45fb5698ad30062df7661002/screenshot - {}
RESULT: {"using":"xpath","value":"(//span[contains(@id, \"imgNav\")])[1]"}
COMMAND: POST /session/36177e4d45fb5698ad30062df7661002/element/f.165F0B9F83AB8D5533DBC2556707DBA6.d.26B1D559323B54BF1B480E4F1C9D9FCF.e.22528/click - {}
RESULT: {}
RESULT: {}
COMMAND: GET /session/36177e4d45fb5698ad30062df7661002/screenshot - {}
RESULT: {}
RESULT: undefined
COMMAND: POST /session/36177e4d45fb5698ad30062df7661002/execute/async - {"script":"<script> [776 bytes]","args":[{"enterText":"5/23/25","selector":{"id":"receiptDatePicker","viewName":"etm.portal.ui.managehandovers.view.DetailExecuteHO","interaction":{"idSuffix":"inner"}},"clearTextFirst":true,"interactionType":"ENTER_TEXT"}]}
RESULT: {"script":"<script> [776 bytes]","args":[{"enterText":"5/23/25","selector":{"id":"receiptDatePicker","viewName":"etm.portal.ui.managehandovers.view.DetailExecuteHO","interaction":{"idSuffix":"inner"}},"clearTextFirst":true,"interactionType":"ENTER_TEXT"}]}
COMMAND: POST /session/36177e4d45fb5698ad30062df7661002/element - {"using":"xpath","value":"//bdi[contains(text(), \"OK\")]"}
RESULT: {"using":"xpath","value":"//bdi[contains(text(), \"OK\")]"}
COMMAND: POST /session/36177e4d45fb5698ad30062df7661002/element/f.165F0B9F83AB8D5533DBC2556707DBA6.d.26B1D559323B54BF1B480E4F1C9D9FCF.e.22571/click - {}
RESULT: {}
COMMAND: GET /session/36177e4d45fb5698ad30062df7661002/screenshot - {}
RESULT: {}
COMMAND: POST /session/36177e4d45fb5698ad30062df7661002/element - {"using":"xpath","value":"//button[@data-kt=\"PickingTableConfirmAllButton\"]"}
RESULT: {"using":"xpath","value":"//button[@data-kt=\"PickingTableConfirmAllButton\"]"}
COMMAND: POST /session/36177e4d45fb5698ad30062df7661002/element/f.165F0B9F83AB8D5533DBC2556707DBA6.d.26B1D559323B54BF1B480E4F1C9D9FCF.e.22556/click - {}
RESULT: {}
COMMAND: GET /session/36177e4d45fb5698ad30062df7661002/screenshot - {}
RESULT: {}
COMMAND: POST /session/36177e4d45fb5698ad30062df7661002/element - {"using":"xpath","value":"//bdi[contains(text(), \"OK\")]"}
RESULT: {"using":"xpath","value":"//bdi[contains(text(), \"OK\")]"}
COMMAND: POST /session/36177e4d45fb5698ad30062df7661002/element/f.165F0B9F83AB8D5533DBC2556707DBA6.d.26B1D559323B54BF1B480E4F1C9D9FCF.e.22588/click - {}
RESULT: {}
COMMAND: GET /session/36177e4d45fb5698ad30062df7661002/screenshot - {}
RESULT: {}
COMMAND: POST /session/36177e4d45fb5698ad30062df7661002/element - {"using":"xpath","value":"//button[@data-kt= \"execHoReceiveButton\"]"}
RESULT: {"using":"xpath","value":"//button[@data-kt= \"execHoReceiveButton\"]"}
COMMAND: POST /session/36177e4d45fb5698ad30062df7661002/element/f.165F0B9F83AB8D5533DBC2556707DBA6.d.26B1D559323B54BF1B480E4F1C9D9FCF.e.22589/click - {}
RESULT: {}
COMMAND: GET /session/36177e4d45fb5698ad30062df7661002/screenshot - {}
RESULT: {}
COMMAND: POST /session/36177e4d45fb5698ad30062df7661002/element - {"using":"xpath","value":"//input[contains(@id ,\"smartFilterBar-btnBasicSearch-I\")]"}
RESULT: {"using":"xpath","value":"//input[contains(@id ,\"smartFilterBar-btnBasicSearch-I\")]"}
COMMAND: POST /session/36177e4d45fb5698ad30062df7661002/elements - {"using":"xpath","value":"//input[contains(@id ,\"smartFilterBar-btnBasicSearch-I\")]"}
RESULT: {"using":"xpath","value":"//input[contains(@id ,\"smartFilterBar-btnBasicSearch-I\")]"}
COMMAND: POST /session/36177e4d45fb5698ad30062df7661002/execute/sync - {"script":"<script> [8489 bytes]","args":[{"element-6066-11e4-a52e-4f735466cecf":"f.165F0B9F83AB8D5533DBC2556707DBA6.d.26B1D559323B54BF1B480E4F1C9D9FCF.e.21877","ELEMENT":"f.165F0B9F83AB8D5533DBC2556707DBA6.d.26B1D559323B54BF1B480E4F1C9D9FCF.e.21877"}]}
RESULT: {"script":"<script> [8489 bytes]","args":[{"element-6066-11e4-a52e-4f735466cecf":"f.165F0B9F83AB8D5533DBC2556707DBA6.d.26B1D559323B54BF1B480E4F1C9D9FCF.e.21877","ELEMENT":"f.165F0B9F83AB8D5533DBC2556707DBA6.d.26B1D559323B54BF1B480E4F1C9D9FCF.e.21877"}]}
COMMAND: GET /session/36177e4d45fb5698ad30062df7661002/element/f.165F0B9F83AB8D5533DBC2556707DBA6.d.26B1D559323B54BF1B480E4F1C9D9FCF.e.21877/enabled - {}
COMMAND: GET /session/36177e4d45fb5698ad30062df7661002/screenshot - {}
RESULT: {}
COMMAND: POST /session/36177e4d45fb5698ad30062df7661002/element/f.165F0B9F83AB8D5533DBC2556707DBA6.d.26B1D559323B54BF1B480E4F1C9D9FCF.e.21877/clear - {}
COMMAND: GET /session/36177e4d45fb5698ad30062df7661002/screenshot - {}
RESULT: {}
RESULT: {}
COMMAND: POST /session/36177e4d45fb5698ad30062df7661002/element/f.165F0B9F83AB8D5533DBC2556707DBA6.d.26B1D559323B54BF1B480E4F1C9D9FCF.e.21877/value - {"text":"30518"}
COMMAND: GET /session/36177e4d45fb5698ad30062df7661002/screenshot - {}
RESULT: {}
RESULT: {}
RESULT: {"text":"30518"}
COMMAND: GET /session/36177e4d45fb5698ad30062df7661002/screenshot - {}
RESULT: {}
COMMAND: POST /session/36177e4d45fb5698ad30062df7661002/actions - {"actions":[{"id":"action80","type":"key","parameters":{},"actions":[{"type":"keyDown","value":"î€‡"},{"type":"pause","duration":10},{"type":"keyUp","value":"î€‡"}]}]}
RESULT: {"actions":[{"id":"action80","type":"key","parameters":{},"actions":[{"type":"keyDown","value":"î€‡"},{"type":"pause","duration":10},{"type":"keyUp","value":"î€‡"}]}]}
COMMAND: GET /session/36177e4d45fb5698ad30062df7661002/screenshot - {}
RESULT: {}
COMMAND: POST /session/36177e4d45fb5698ad30062df7661002/element - {"using":"xpath","value":"//span[contains(@id, \"smartTable-header-inner\")]"}
RESULT: {"using":"xpath","value":"//span[contains(@id, \"smartTable-header-inner\")]"}
COMMAND: POST /session/36177e4d45fb5698ad30062df7661002/elements - {"using":"xpath","value":"//span[contains(@id, \"smartTable-header-inner\")]"}
RESULT: {"using":"xpath","value":"//span[contains(@id, \"smartTable-header-inner\")]"}
COMMAND: POST /session/36177e4d45fb5698ad30062df7661002/execute/sync - {"script":"<script> [56 bytes]","args":[{"element-6066-11e4-a52e-4f735466cecf":"f.165F0B9F83AB8D5533DBC2556707DBA6.d.26B1D559323B54BF1B480E4F1C9D9FCF.e.22380","ELEMENT":"f.165F0B9F83AB8D5533DBC2556707DBA6.d.26B1D559323B54BF1B480E4F1C9D9FCF.e.22380"}]}
RESULT: {"script":"<script> [56 bytes]","args":[{"element-6066-11e4-a52e-4f735466cecf":"f.165F0B9F83AB8D5533DBC2556707DBA6.d.26B1D559323B54BF1B480E4F1C9D9FCF.e.22380","ELEMENT":"f.165F0B9F83AB8D5533DBC2556707DBA6.d.26B1D559323B54BF1B480E4F1C9D9FCF.e.22380"}]}
COMMAND: POST /session/36177e4d45fb5698ad30062df7661002/elements - {"using":"xpath","value":"//thead[contains(@class, \"sapMTableTH\")]/tr/th"}
COMMAND: GET /session/36177e4d45fb5698ad30062df7661002/screenshot - {}
RESULT: {"using":"xpath","value":"//thead[contains(@class, \"sapMTableTH\")]/tr/th"}
COMMAND: GET /session/36177e4d45fb5698ad30062df7661002/element/f.165F0B9F83AB8D5533DBC2556707DBA6.d.26B1D559323B54BF1B480E4F1C9D9FCF.e.22474/text - {}
RESULT: {}
RESULT: {}
COMMAND: GET /session/36177e4d45fb5698ad30062df7661002/element/f.165F0B9F83AB8D5533DBC2556707DBA6.d.26B1D559323B54BF1B480E4F1C9D9FCF.e.22475/text - {}
RESULT: {}
COMMAND: GET /session/36177e4d45fb5698ad30062df7661002/element/f.165F0B9F83AB8D5533DBC2556707DBA6.d.26B1D559323B54BF1B480E4F1C9D9FCF.e.21871/text - {}
RESULT: {}
COMMAND: GET /session/36177e4d45fb5698ad30062df7661002/element/f.165F0B9F83AB8D5533DBC2556707DBA6.d.26B1D559323B54BF1B480E4F1C9D9FCF.e.21873/text - {}
RESULT: {}
COMMAND: GET /session/36177e4d45fb5698ad30062df7661002/element/f.165F0B9F83AB8D5533DBC2556707DBA6.d.26B1D559323B54BF1B480E4F1C9D9FCF.e.22595/text - {}
RESULT: {}
COMMAND: GET /session/36177e4d45fb5698ad30062df7661002/element/f.165F0B9F83AB8D5533DBC2556707DBA6.d.26B1D559323B54BF1B480E4F1C9D9FCF.e.22596/text - {}
RESULT: {}
COMMAND: GET /session/36177e4d45fb5698ad30062df7661002/element/f.165F0B9F83AB8D5533DBC2556707DBA6.d.26B1D559323B54BF1B480E4F1C9D9FCF.e.22597/text - {}
RESULT: {}
COMMAND: GET /session/36177e4d45fb5698ad30062df7661002/element/f.165F0B9F83AB8D5533DBC2556707DBA6.d.26B1D559323B54BF1B480E4F1C9D9FCF.e.22598/text - {}
RESULT: {}
COMMAND: GET /session/36177e4d45fb5698ad30062df7661002/element/f.165F0B9F83AB8D5533DBC2556707DBA6.d.26B1D559323B54BF1B480E4F1C9D9FCF.e.22599/text - {}
RESULT: {}
COMMAND: GET /session/36177e4d45fb5698ad30062df7661002/element/f.165F0B9F83AB8D5533DBC2556707DBA6.d.26B1D559323B54BF1B480E4F1C9D9FCF.e.22600/text - {}
RESULT: {}
COMMAND: GET /session/36177e4d45fb5698ad30062df7661002/element/f.165F0B9F83AB8D5533DBC2556707DBA6.d.26B1D559323B54BF1B480E4F1C9D9FCF.e.22601/text - {}
RESULT: {}
COMMAND: GET /session/36177e4d45fb5698ad30062df7661002/element/f.165F0B9F83AB8D5533DBC2556707DBA6.d.26B1D559323B54BF1B480E4F1C9D9FCF.e.22602/text - {}
RESULT: {}
COMMAND: GET /session/36177e4d45fb5698ad30062df7661002/element/f.165F0B9F83AB8D5533DBC2556707DBA6.d.26B1D559323B54BF1B480E4F1C9D9FCF.e.22603/text - {}
RESULT: {}
COMMAND: GET /session/36177e4d45fb5698ad30062df7661002/element/f.165F0B9F83AB8D5533DBC2556707DBA6.d.26B1D559323B54BF1B480E4F1C9D9FCF.e.21874/text - {}
RESULT: {}
COMMAND: POST /session/36177e4d45fb5698ad30062df7661002/element - {"using":"xpath","value":"//tbody[contains(@id, \"customHandoversTable-tblBody\")]/tr[1]/td[14]/div/span"}
RESULT: {"using":"xpath","value":"//tbody[contains(@id, \"customHandoversTable-tblBody\")]/tr[1]/td[14]/div/span"}
COMMAND: POST /session/36177e4d45fb5698ad30062df7661002/execute/sync - {"script":"<script> [56 bytes]","args":[{"element-6066-11e4-a52e-4f735466cecf":"f.165F0B9F83AB8D5533DBC2556707DBA6.d.26B1D559323B54BF1B480E4F1C9D9FCF.e.22648","ELEMENT":"f.165F0B9F83AB8D5533DBC2556707DBA6.d.26B1D559323B54BF1B480E4F1C9D9FCF.e.22648"}]}
RESULT: {"script":"<script> [56 bytes]","args":[{"element-6066-11e4-a52e-4f735466cecf":"f.165F0B9F83AB8D5533DBC2556707DBA6.d.26B1D559323B54BF1B480E4F1C9D9FCF.e.22648","ELEMENT":"f.165F0B9F83AB8D5533DBC2556707DBA6.d.26B1D559323B54BF1B480E4F1C9D9FCF.e.22648"}]}
COMMAND: POST /session/36177e4d45fb5698ad30062df7661002/element - {"using":"css selector","value":"#shell-header-logo"}
COMMAND: GET /session/36177e4d45fb5698ad30062df7661002/screenshot - {}
RESULT: {"using":"css selector","value":"#shell-header-logo"}
COMMAND: POST /session/36177e4d45fb5698ad30062df7661002/element/f.165F0B9F83AB8D5533DBC2556707DBA6.d.26B1D559323B54BF1B480E4F1C9D9FCF.e.21132/click - {}
RESULT: {}
RESULT: {}
COMMAND: GET /session/36177e4d45fb5698ad30062df7661002/screenshot - {}
RESULT: {}
]]></system-out>
    </testcase>
    <testcase classname="chrome.136_0_7103_93.windows.Billing_Calculation_-_Time_based_(considering_transport_times)_US139738" name="Should navigate to Manage Billings and trigger contract calculation business confirm it" time="64.273">
      <system-out><![CDATA[
COMMAND: POST /session/36177e4d45fb5698ad30062df7661002/execute/async - {"script":"<script> [1562 bytes]","args":[{"selector":{"controlType":"sap.m.GenericTile","properties":{"header":"Manage Billings"}},"wdio_ui5_key":"sapm.GenericTile{\"header\":\"Manage Billings\"}"}]}
RESULT: {"script":"<script> [1562 bytes]","args":[{"selector":{"controlType":"sap.m.GenericTile","properties":{"header":"Manage Billings"}},"wdio_ui5_key":"sapm.GenericTile{\"header\":\"Manage Billings\"}"}]}
RESULT: undefined
COMMAND: POST /session/36177e4d45fb5698ad30062df7661002/element - {"using":"xpath","value":"//*[@id=\"__tile51\"]"}
RESULT: {"using":"xpath","value":"//*[@id=\"__tile51\"]"}
COMMAND: POST /session/36177e4d45fb5698ad30062df7661002/element/f.165F0B9F83AB8D5533DBC2556707DBA6.d.26B1D559323B54BF1B480E4F1C9D9FCF.e.19033/click - {}
RESULT: {}
COMMAND: GET /session/36177e4d45fb5698ad30062df7661002/screenshot - {}
RESULT: {}
COMMAND: POST /session/36177e4d45fb5698ad30062df7661002/elements - {"using":"xpath","value":"//span[text()='Error']"}
RESULT: {"using":"xpath","value":"//span[text()='Error']"}
COMMAND: POST /session/36177e4d45fb5698ad30062df7661002/execute/async - {"script":"<script> [1562 bytes]","args":[{"selector":{"id":"application-managebillings-display-component---billRunCalcResult--smartFilterBar-btnBasicSearch","interaction":{"idSuffix":"I"}},"wdio_ui5_key":"applicationmanagebillings-display-component---billRunCalcResult--smartFilterBar-btnBasicSearch"}]}
RESULT: {"script":"<script> [1562 bytes]","args":[{"selector":{"id":"application-managebillings-display-component---billRunCalcResult--smartFilterBar-btnBasicSearch","interaction":{"idSuffix":"I"}},"wdio_ui5_key":"applicationmanagebillings-display-component---billRunCalcResult--smartFilterBar-btnBasicSearch"}]}
RESULT: undefined
COMMAND: POST /session/36177e4d45fb5698ad30062df7661002/execute/async - {"script":"<script> [776 bytes]","args":[{"enterText":"10294","selector":{"id":"application-managebillings-display-component---billRunCalcResult--smartFilterBar-btnBasicSearch","interaction":{"idSuffix":"I"}},"clearTextFirst":true,"interactionType":"ENTER_TEXT"}]}
RESULT: {"script":"<script> [776 bytes]","args":[{"enterText":"10294","selector":{"id":"application-managebillings-display-component---billRunCalcResult--smartFilterBar-btnBasicSearch","interaction":{"idSuffix":"I"}},"clearTextFirst":true,"interactionType":"ENTER_TEXT"}]}
COMMAND: POST /session/36177e4d45fb5698ad30062df7661002/actions - {"actions":[{"id":"action81","type":"key","parameters":{},"actions":[{"type":"keyDown","value":"î€‡"},{"type":"pause","duration":10},{"type":"keyUp","value":"î€‡"}]}]}
RESULT: {"actions":[{"id":"action81","type":"key","parameters":{},"actions":[{"type":"keyDown","value":"î€‡"},{"type":"pause","duration":10},{"type":"keyUp","value":"î€‡"}]}]}
COMMAND: GET /session/36177e4d45fb5698ad30062df7661002/screenshot - {}
RESULT: {}
COMMAND: POST /session/36177e4d45fb5698ad30062df7661002/element - {"using":"xpath","value":"//td[@aria-colindex=\"1\"]/div/div[contains(@class, \"sapMCbBg\")]"}
RESULT: {"using":"xpath","value":"//td[@aria-colindex=\"1\"]/div/div[contains(@class, \"sapMCbBg\")]"}
COMMAND: POST /session/36177e4d45fb5698ad30062df7661002/element/f.165F0B9F83AB8D5533DBC2556707DBA6.d.26B1D559323B54BF1B480E4F1C9D9FCF.e.22864/click - {}
RESULT: {}
COMMAND: GET /session/36177e4d45fb5698ad30062df7661002/screenshot - {}
RESULT: {}
COMMAND: POST /session/36177e4d45fb5698ad30062df7661002/execute/async - {"script":"<script> [1562 bytes]","args":[{"selector":{"id":"application-managebillings-display-component---billRunCalcResult--contractBillRunDate","interaction":{"idSuffix":"inner"}},"wdio_ui5_key":"applicationmanagebillings-display-component---billRunCalcResult--contractBillRunDate"}]}
RESULT: {"script":"<script> [1562 bytes]","args":[{"selector":{"id":"application-managebillings-display-component---billRunCalcResult--contractBillRunDate","interaction":{"idSuffix":"inner"}},"wdio_ui5_key":"applicationmanagebillings-display-component---billRunCalcResult--contractBillRunDate"}]}
RESULT: undefined
COMMAND: POST /session/36177e4d45fb5698ad30062df7661002/execute/async - {"script":"<script> [776 bytes]","args":[{"enterText":"5/16/25","selector":{"id":"application-managebillings-display-component---billRunCalcResult--contractBillRunDate","interaction":{"idSuffix":"inner"}},"clearTextFirst":true,"interactionType":"ENTER_TEXT"}]}
RESULT: {"script":"<script> [776 bytes]","args":[{"enterText":"5/16/25","selector":{"id":"application-managebillings-display-component---billRunCalcResult--contractBillRunDate","interaction":{"idSuffix":"inner"}},"clearTextFirst":true,"interactionType":"ENTER_TEXT"}]}
COMMAND: POST /session/36177e4d45fb5698ad30062df7661002/element - {"using":"xpath","value":"//bdi[contains(text(), \"Trigger Calculation\")]"}
RESULT: {"using":"xpath","value":"//bdi[contains(text(), \"Trigger Calculation\")]"}
COMMAND: POST /session/36177e4d45fb5698ad30062df7661002/element/f.165F0B9F83AB8D5533DBC2556707DBA6.d.26B1D559323B54BF1B480E4F1C9D9FCF.e.22914/click - {}
RESULT: {}
COMMAND: GET /session/36177e4d45fb5698ad30062df7661002/screenshot - {}
RESULT: {}
COMMAND: POST /session/36177e4d45fb5698ad30062df7661002/element - {"using":"xpath","value":"(//span[contains(@id, \"imgNav\")])[1]"}
RESULT: {"using":"xpath","value":"(//span[contains(@id, \"imgNav\")])[1]"}
COMMAND: POST /session/36177e4d45fb5698ad30062df7661002/element/f.165F0B9F83AB8D5533DBC2556707DBA6.d.26B1D559323B54BF1B480E4F1C9D9FCF.e.22865/click - {}
RESULT: {}
COMMAND: GET /session/36177e4d45fb5698ad30062df7661002/screenshot - {}
RESULT: {}
COMMAND: POST /session/36177e4d45fb5698ad30062df7661002/element - {"using":"xpath","value":"//tr/td[6]/div[1]/span[1]/span[1]"}
RESULT: {"using":"xpath","value":"//tr/td[6]/div[1]/span[1]/span[1]"}
COMMAND: GET /session/36177e4d45fb5698ad30062df7661002/element/f.165F0B9F83AB8D5533DBC2556707DBA6.d.26B1D559323B54BF1B480E4F1C9D9FCF.e.22920/text - {}
RESULT: {}
COMMAND: POST /session/36177e4d45fb5698ad30062df7661002/element - {"using":"xpath","value":"(//span[contains(@id, \"imgNav\")])[2]"}
RESULT: {"using":"xpath","value":"(//span[contains(@id, \"imgNav\")])[2]"}
COMMAND: POST /session/36177e4d45fb5698ad30062df7661002/element/f.165F0B9F83AB8D5533DBC2556707DBA6.d.26B1D559323B54BF1B480E4F1C9D9FCF.e.22921/click - {}
RESULT: {}
COMMAND: POST /session/36177e4d45fb5698ad30062df7661002/element - {"using":"xpath","value":"//bdi[contains(text(), \"Business Confirm\")]"}
COMMAND: GET /session/36177e4d45fb5698ad30062df7661002/screenshot - {}
RESULT: {"using":"xpath","value":"//bdi[contains(text(), \"Business Confirm\")]"}
COMMAND: POST /session/36177e4d45fb5698ad30062df7661002/elements - {"using":"xpath","value":"//bdi[contains(text(), \"Business Confirm\")]"}
RESULT: {}
RESULT: {"using":"xpath","value":"//bdi[contains(text(), \"Business Confirm\")]"}
COMMAND: POST /session/36177e4d45fb5698ad30062df7661002/element - {"using":"xpath","value":"//bdi[contains(text(), \"Business Confirm\")]"}
RESULT: {"using":"xpath","value":"//bdi[contains(text(), \"Business Confirm\")]"}
COMMAND: POST /session/36177e4d45fb5698ad30062df7661002/element/f.165F0B9F83AB8D5533DBC2556707DBA6.d.26B1D559323B54BF1B480E4F1C9D9FCF.e.22923/click - {}
COMMAND: POST /session/36177e4d45fb5698ad30062df7661002/element - {"using":"xpath","value":"//bdi[contains(text(), \"Business Confirm\")]"}
RESULT: {"using":"xpath","value":"//bdi[contains(text(), \"Business Confirm\")]"}
COMMAND: POST /session/36177e4d45fb5698ad30062df7661002/element/f.165F0B9F83AB8D5533DBC2556707DBA6.d.26B1D559323B54BF1B480E4F1C9D9FCF.e.22923/click - {}
COMMAND: POST /session/36177e4d45fb5698ad30062df7661002/element - {"using":"xpath","value":"//bdi[contains(text(), \"Business Confirm\")]"}
RESULT: {"using":"xpath","value":"//bdi[contains(text(), \"Business Confirm\")]"}
COMMAND: POST /session/36177e4d45fb5698ad30062df7661002/element/f.165F0B9F83AB8D5533DBC2556707DBA6.d.26B1D559323B54BF1B480E4F1C9D9FCF.e.22971/click - {}
RESULT: {}
COMMAND: POST /session/36177e4d45fb5698ad30062df7661002/element - {"using":"css selector","value":"#shell-header-logo"}
COMMAND: GET /session/36177e4d45fb5698ad30062df7661002/screenshot - {}
RESULT: {"using":"css selector","value":"#shell-header-logo"}
COMMAND: POST /session/36177e4d45fb5698ad30062df7661002/element/f.165F0B9F83AB8D5533DBC2556707DBA6.d.26B1D559323B54BF1B480E4F1C9D9FCF.e.22652/click - {}
RESULT: {}
RESULT: {}
COMMAND: GET /session/36177e4d45fb5698ad30062df7661002/screenshot - {}
RESULT: {}
]]></system-out>
    </testcase>
    <testcase classname="chrome.136_0_7103_93.windows.Billing_Calculation_-_Time_based_(considering_transport_times)_US139738" name="Should transfer the billing all the way to completion" time="76.799">
      <system-out><![CDATA[
COMMAND: POST /session/36177e4d45fb5698ad30062df7661002/execute/async - {"script":"<script> [1562 bytes]","args":[{"selector":{"controlType":"sap.m.GenericTile","properties":{"header":"Billing Transfer"}},"wdio_ui5_key":"sapm.GenericTile{\"header\":\"Billing Transfer\"}"}]}
RESULT: {"script":"<script> [1562 bytes]","args":[{"selector":{"controlType":"sap.m.GenericTile","properties":{"header":"Billing Transfer"}},"wdio_ui5_key":"sapm.GenericTile{\"header\":\"Billing Transfer\"}"}]}
RESULT: undefined
COMMAND: POST /session/36177e4d45fb5698ad30062df7661002/element - {"using":"xpath","value":"//*[@id=\"__tile50\"]"}
RESULT: {"using":"xpath","value":"//*[@id=\"__tile50\"]"}
COMMAND: POST /session/36177e4d45fb5698ad30062df7661002/element/f.165F0B9F83AB8D5533DBC2556707DBA6.d.26B1D559323B54BF1B480E4F1C9D9FCF.e.19031/click - {}
RESULT: {}
COMMAND: GET /session/36177e4d45fb5698ad30062df7661002/screenshot - {}
RESULT: {}
COMMAND: POST /session/36177e4d45fb5698ad30062df7661002/elements - {"using":"xpath","value":"//span[text()='Error']"}
RESULT: {"using":"xpath","value":"//span[text()='Error']"}
COMMAND: POST /session/36177e4d45fb5698ad30062df7661002/element - {"using":"xpath","value":"//input[contains(@id ,\"application-billingtransfer-display-component---billingWorkbench--smartFilterBar-btnBasicSearch\")]"}
RESULT: {"using":"xpath","value":"//input[contains(@id ,\"application-billingtransfer-display-component---billingWorkbench--smartFilterBar-btnBasicSearch\")]"}
COMMAND: POST /session/36177e4d45fb5698ad30062df7661002/elements - {"using":"xpath","value":"//input[contains(@id ,\"application-billingtransfer-display-component---billingWorkbench--smartFilterBar-btnBasicSearch\")]"}
RESULT: {"using":"xpath","value":"//input[contains(@id ,\"application-billingtransfer-display-component---billingWorkbench--smartFilterBar-btnBasicSearch\")]"}
COMMAND: POST /session/36177e4d45fb5698ad30062df7661002/execute/sync - {"script":"<script> [8489 bytes]","args":[{"element-6066-11e4-a52e-4f735466cecf":"f.165F0B9F83AB8D5533DBC2556707DBA6.d.26B1D559323B54BF1B480E4F1C9D9FCF.e.23000","ELEMENT":"f.165F0B9F83AB8D5533DBC2556707DBA6.d.26B1D559323B54BF1B480E4F1C9D9FCF.e.23000"}]}
RESULT: {"script":"<script> [8489 bytes]","args":[{"element-6066-11e4-a52e-4f735466cecf":"f.165F0B9F83AB8D5533DBC2556707DBA6.d.26B1D559323B54BF1B480E4F1C9D9FCF.e.23000","ELEMENT":"f.165F0B9F83AB8D5533DBC2556707DBA6.d.26B1D559323B54BF1B480E4F1C9D9FCF.e.23000"}]}
COMMAND: GET /session/36177e4d45fb5698ad30062df7661002/element/f.165F0B9F83AB8D5533DBC2556707DBA6.d.26B1D559323B54BF1B480E4F1C9D9FCF.e.23000/enabled - {}
COMMAND: GET /session/36177e4d45fb5698ad30062df7661002/screenshot - {}
RESULT: {}
COMMAND: POST /session/36177e4d45fb5698ad30062df7661002/element/f.165F0B9F83AB8D5533DBC2556707DBA6.d.26B1D559323B54BF1B480E4F1C9D9FCF.e.23000/click - {}
COMMAND: GET /session/36177e4d45fb5698ad30062df7661002/screenshot - {}
RESULT: {}
RESULT: {}
COMMAND: GET /session/36177e4d45fb5698ad30062df7661002/screenshot - {}
RESULT: {}
RESULT: {}
COMMAND: POST /session/36177e4d45fb5698ad30062df7661002/element/f.165F0B9F83AB8D5533DBC2556707DBA6.d.26B1D559323B54BF1B480E4F1C9D9FCF.e.23000/clear - {}
RESULT: {}
COMMAND: POST /session/36177e4d45fb5698ad30062df7661002/element/f.165F0B9F83AB8D5533DBC2556707DBA6.d.26B1D559323B54BF1B480E4F1C9D9FCF.e.23000/value - {"text":"10294"}
COMMAND: GET /session/36177e4d45fb5698ad30062df7661002/screenshot - {}
RESULT: {"text":"10294"}
COMMAND: POST /session/36177e4d45fb5698ad30062df7661002/actions - {"actions":[{"id":"action82","type":"key","parameters":{},"actions":[{"type":"keyDown","value":"î€‡"},{"type":"pause","duration":10},{"type":"keyUp","value":"î€‡"}]}]}
COMMAND: GET /session/36177e4d45fb5698ad30062df7661002/screenshot - {}
RESULT: {}
RESULT: {"actions":[{"id":"action82","type":"key","parameters":{},"actions":[{"type":"keyDown","value":"î€‡"},{"type":"pause","duration":10},{"type":"keyUp","value":"î€‡"}]}]}
COMMAND: GET /session/36177e4d45fb5698ad30062df7661002/screenshot - {}
RESULT: {}
RESULT: {}
COMMAND: POST /session/36177e4d45fb5698ad30062df7661002/element - {"using":"xpath","value":"//span[contains(@id ,\"application-billingtransfer-display-component---billingWorkbench--smartTableBillingRuns-header-inner\")]"}
RESULT: {"using":"xpath","value":"//span[contains(@id ,\"application-billingtransfer-display-component---billingWorkbench--smartTableBillingRuns-header-inner\")]"}
COMMAND: POST /session/36177e4d45fb5698ad30062df7661002/elements - {"using":"xpath","value":"//span[contains(@id ,\"application-billingtransfer-display-component---billingWorkbench--smartTableBillingRuns-header-inner\")]"}
RESULT: {"using":"xpath","value":"//span[contains(@id ,\"application-billingtransfer-display-component---billingWorkbench--smartTableBillingRuns-header-inner\")]"}
COMMAND: POST /session/36177e4d45fb5698ad30062df7661002/execute/sync - {"script":"<script> [56 bytes]","args":[{"element-6066-11e4-a52e-4f735466cecf":"f.165F0B9F83AB8D5533DBC2556707DBA6.d.26B1D559323B54BF1B480E4F1C9D9FCF.e.23385","ELEMENT":"f.165F0B9F83AB8D5533DBC2556707DBA6.d.26B1D559323B54BF1B480E4F1C9D9FCF.e.23385"}]}
RESULT: {"script":"<script> [56 bytes]","args":[{"element-6066-11e4-a52e-4f735466cecf":"f.165F0B9F83AB8D5533DBC2556707DBA6.d.26B1D559323B54BF1B480E4F1C9D9FCF.e.23385","ELEMENT":"f.165F0B9F83AB8D5533DBC2556707DBA6.d.26B1D559323B54BF1B480E4F1C9D9FCF.e.23385"}]}
COMMAND: POST /session/36177e4d45fb5698ad30062df7661002/element - {"using":"xpath","value":"//td[@aria-colindex=\"1\"]/div/div[contains(@class, \"sapMCbBg\")]"}
COMMAND: GET /session/36177e4d45fb5698ad30062df7661002/screenshot - {}
RESULT: {"using":"xpath","value":"//td[@aria-colindex=\"1\"]/div/div[contains(@class, \"sapMCbBg\")]"}
COMMAND: POST /session/36177e4d45fb5698ad30062df7661002/element/f.165F0B9F83AB8D5533DBC2556707DBA6.d.26B1D559323B54BF1B480E4F1C9D9FCF.e.23376/click - {}
RESULT: {}
RESULT: {}
COMMAND: GET /session/36177e4d45fb5698ad30062df7661002/screenshot - {}
RESULT: {}
COMMAND: POST /session/36177e4d45fb5698ad30062df7661002/element - {"using":"xpath","value":"//bdi[contains(text(), \"Check\")]"}
RESULT: {"using":"xpath","value":"//bdi[contains(text(), \"Check\")]"}
COMMAND: POST /session/36177e4d45fb5698ad30062df7661002/element/f.165F0B9F83AB8D5533DBC2556707DBA6.d.26B1D559323B54BF1B480E4F1C9D9FCF.e.23386/click - {}
RESULT: {}
COMMAND: GET /session/36177e4d45fb5698ad30062df7661002/screenshot - {}
RESULT: {}
COMMAND: POST /session/36177e4d45fb5698ad30062df7661002/element - {"using":"xpath","value":"//bdi[contains(text(), \"OK\")]"}
RESULT: {"using":"xpath","value":"//bdi[contains(text(), \"OK\")]"}
COMMAND: POST /session/36177e4d45fb5698ad30062df7661002/element/f.165F0B9F83AB8D5533DBC2556707DBA6.d.26B1D559323B54BF1B480E4F1C9D9FCF.e.23389/click - {}
RESULT: {}
COMMAND: GET /session/36177e4d45fb5698ad30062df7661002/screenshot - {}
RESULT: {}
COMMAND: POST /session/36177e4d45fb5698ad30062df7661002/element - {"using":"xpath","value":"(//span[contains(text(), \"CO/SD checked\")]/parent::div/preceding-sibling::div/span)[1]"}
RESULT: {"using":"xpath","value":"(//span[contains(text(), \"CO/SD checked\")]/parent::div/preceding-sibling::div/span)[1]"}
COMMAND: POST /session/36177e4d45fb5698ad30062df7661002/element/f.165F0B9F83AB8D5533DBC2556707DBA6.d.26B1D559323B54BF1B480E4F1C9D9FCF.e.23390/click - {}
RESULT: {}
COMMAND: GET /session/36177e4d45fb5698ad30062df7661002/screenshot - {}
RESULT: {}
COMMAND: POST /session/36177e4d45fb5698ad30062df7661002/element - {"using":"xpath","value":"//input[contains(@id ,\"application-billingtransfer-display-component---billingWorkbench--smartFilterBar-btnBasicSearch\")]"}
RESULT: {"using":"xpath","value":"//input[contains(@id ,\"application-billingtransfer-display-component---billingWorkbench--smartFilterBar-btnBasicSearch\")]"}
COMMAND: POST /session/36177e4d45fb5698ad30062df7661002/elements - {"using":"xpath","value":"//input[contains(@id ,\"application-billingtransfer-display-component---billingWorkbench--smartFilterBar-btnBasicSearch\")]"}
RESULT: {"using":"xpath","value":"//input[contains(@id ,\"application-billingtransfer-display-component---billingWorkbench--smartFilterBar-btnBasicSearch\")]"}
COMMAND: POST /session/36177e4d45fb5698ad30062df7661002/execute/sync - {"script":"<script> [8489 bytes]","args":[{"element-6066-11e4-a52e-4f735466cecf":"f.165F0B9F83AB8D5533DBC2556707DBA6.d.26B1D559323B54BF1B480E4F1C9D9FCF.e.23000","ELEMENT":"f.165F0B9F83AB8D5533DBC2556707DBA6.d.26B1D559323B54BF1B480E4F1C9D9FCF.e.23000"}]}
RESULT: {"script":"<script> [8489 bytes]","args":[{"element-6066-11e4-a52e-4f735466cecf":"f.165F0B9F83AB8D5533DBC2556707DBA6.d.26B1D559323B54BF1B480E4F1C9D9FCF.e.23000","ELEMENT":"f.165F0B9F83AB8D5533DBC2556707DBA6.d.26B1D559323B54BF1B480E4F1C9D9FCF.e.23000"}]}
COMMAND: GET /session/36177e4d45fb5698ad30062df7661002/element/f.165F0B9F83AB8D5533DBC2556707DBA6.d.26B1D559323B54BF1B480E4F1C9D9FCF.e.23000/enabled - {}
COMMAND: GET /session/36177e4d45fb5698ad30062df7661002/screenshot - {}
RESULT: {}
COMMAND: POST /session/36177e4d45fb5698ad30062df7661002/element/f.165F0B9F83AB8D5533DBC2556707DBA6.d.26B1D559323B54BF1B480E4F1C9D9FCF.e.23000/click - {}
COMMAND: GET /session/36177e4d45fb5698ad30062df7661002/screenshot - {}
RESULT: {}
RESULT: {}
RESULT: {}
COMMAND: GET /session/36177e4d45fb5698ad30062df7661002/screenshot - {}
RESULT: {}
COMMAND: POST /session/36177e4d45fb5698ad30062df7661002/element/f.165F0B9F83AB8D5533DBC2556707DBA6.d.26B1D559323B54BF1B480E4F1C9D9FCF.e.23000/clear - {}
RESULT: {}
COMMAND: POST /session/36177e4d45fb5698ad30062df7661002/element/f.165F0B9F83AB8D5533DBC2556707DBA6.d.26B1D559323B54BF1B480E4F1C9D9FCF.e.23000/value - {"text":"10294"}
COMMAND: GET /session/36177e4d45fb5698ad30062df7661002/screenshot - {}
RESULT: {"text":"10294"}
COMMAND: POST /session/36177e4d45fb5698ad30062df7661002/actions - {"actions":[{"id":"action83","type":"key","parameters":{},"actions":[{"type":"keyDown","value":"î€‡"},{"type":"pause","duration":10},{"type":"keyUp","value":"î€‡"}]}]}
COMMAND: GET /session/36177e4d45fb5698ad30062df7661002/screenshot - {}
RESULT: {}
RESULT: {"actions":[{"id":"action83","type":"key","parameters":{},"actions":[{"type":"keyDown","value":"î€‡"},{"type":"pause","duration":10},{"type":"keyUp","value":"î€‡"}]}]}
COMMAND: GET /session/36177e4d45fb5698ad30062df7661002/screenshot - {}
RESULT: {}
RESULT: {}
COMMAND: POST /session/36177e4d45fb5698ad30062df7661002/element - {"using":"xpath","value":"//span[contains(@id ,\"application-billingtransfer-display-component---billingWorkbench--smartTableBillingRuns-header-inner\")]"}
RESULT: {"using":"xpath","value":"//span[contains(@id ,\"application-billingtransfer-display-component---billingWorkbench--smartTableBillingRuns-header-inner\")]"}
COMMAND: POST /session/36177e4d45fb5698ad30062df7661002/elements - {"using":"xpath","value":"//span[contains(@id ,\"application-billingtransfer-display-component---billingWorkbench--smartTableBillingRuns-header-inner\")]"}
RESULT: {"using":"xpath","value":"//span[contains(@id ,\"application-billingtransfer-display-component---billingWorkbench--smartTableBillingRuns-header-inner\")]"}
COMMAND: POST /session/36177e4d45fb5698ad30062df7661002/execute/sync - {"script":"<script> [56 bytes]","args":[{"element-6066-11e4-a52e-4f735466cecf":"f.165F0B9F83AB8D5533DBC2556707DBA6.d.26B1D559323B54BF1B480E4F1C9D9FCF.e.23385","ELEMENT":"f.165F0B9F83AB8D5533DBC2556707DBA6.d.26B1D559323B54BF1B480E4F1C9D9FCF.e.23385"}]}
RESULT: {"script":"<script> [56 bytes]","args":[{"element-6066-11e4-a52e-4f735466cecf":"f.165F0B9F83AB8D5533DBC2556707DBA6.d.26B1D559323B54BF1B480E4F1C9D9FCF.e.23385","ELEMENT":"f.165F0B9F83AB8D5533DBC2556707DBA6.d.26B1D559323B54BF1B480E4F1C9D9FCF.e.23385"}]}
COMMAND: POST /session/36177e4d45fb5698ad30062df7661002/element - {"using":"xpath","value":"//td[@aria-colindex=\"1\"]/div/div[contains(@class, \"sapMCbBg\")]"}
COMMAND: GET /session/36177e4d45fb5698ad30062df7661002/screenshot - {}
RESULT: {"using":"xpath","value":"//td[@aria-colindex=\"1\"]/div/div[contains(@class, \"sapMCbBg\")]"}
COMMAND: POST /session/36177e4d45fb5698ad30062df7661002/element/f.165F0B9F83AB8D5533DBC2556707DBA6.d.26B1D559323B54BF1B480E4F1C9D9FCF.e.23393/click - {}
RESULT: {}
RESULT: {}
COMMAND: GET /session/36177e4d45fb5698ad30062df7661002/screenshot - {}
RESULT: {}
COMMAND: POST /session/36177e4d45fb5698ad30062df7661002/element - {"using":"xpath","value":"//bdi[text()=\"Transfer\"]"}
RESULT: {"using":"xpath","value":"//bdi[text()=\"Transfer\"]"}
COMMAND: POST /session/36177e4d45fb5698ad30062df7661002/element/f.165F0B9F83AB8D5533DBC2556707DBA6.d.26B1D559323B54BF1B480E4F1C9D9FCF.e.23394/click - {}
RESULT: {}
COMMAND: GET /session/36177e4d45fb5698ad30062df7661002/screenshot - {}
RESULT: {}
COMMAND: POST /session/36177e4d45fb5698ad30062df7661002/element - {"using":"xpath","value":"//bdi[contains(text(), \"OK\")]"}
RESULT: {"using":"xpath","value":"//bdi[contains(text(), \"OK\")]"}
COMMAND: POST /session/36177e4d45fb5698ad30062df7661002/element/f.165F0B9F83AB8D5533DBC2556707DBA6.d.26B1D559323B54BF1B480E4F1C9D9FCF.e.23397/click - {}
RESULT: {}
COMMAND: GET /session/36177e4d45fb5698ad30062df7661002/screenshot - {}
RESULT: {}
COMMAND: POST /session/36177e4d45fb5698ad30062df7661002/element - {"using":"xpath","value":"(//span[contains(text(), \"Completed\")]/parent::div/preceding-sibling::div/span)[1]"}
RESULT: {"using":"xpath","value":"(//span[contains(text(), \"Completed\")]/parent::div/preceding-sibling::div/span)[1]"}
COMMAND: POST /session/36177e4d45fb5698ad30062df7661002/element/f.165F0B9F83AB8D5533DBC2556707DBA6.d.26B1D559323B54BF1B480E4F1C9D9FCF.e.23406/click - {}
RESULT: {}
COMMAND: POST /session/36177e4d45fb5698ad30062df7661002/element - {"using":"xpath","value":"//input[contains(@id ,\"application-billingtransfer-display-component---billingWorkbench--smartFilterBar-btnBasicSearch\")]"}
COMMAND: GET /session/36177e4d45fb5698ad30062df7661002/screenshot - {}
RESULT: {"using":"xpath","value":"//input[contains(@id ,\"application-billingtransfer-display-component---billingWorkbench--smartFilterBar-btnBasicSearch\")]"}
COMMAND: POST /session/36177e4d45fb5698ad30062df7661002/elements - {"using":"xpath","value":"//input[contains(@id ,\"application-billingtransfer-display-component---billingWorkbench--smartFilterBar-btnBasicSearch\")]"}
RESULT: {}
RESULT: {"using":"xpath","value":"//input[contains(@id ,\"application-billingtransfer-display-component---billingWorkbench--smartFilterBar-btnBasicSearch\")]"}
COMMAND: POST /session/36177e4d45fb5698ad30062df7661002/execute/sync - {"script":"<script> [8489 bytes]","args":[{"element-6066-11e4-a52e-4f735466cecf":"f.165F0B9F83AB8D5533DBC2556707DBA6.d.26B1D559323B54BF1B480E4F1C9D9FCF.e.23000","ELEMENT":"f.165F0B9F83AB8D5533DBC2556707DBA6.d.26B1D559323B54BF1B480E4F1C9D9FCF.e.23000"}]}
RESULT: {"script":"<script> [8489 bytes]","args":[{"element-6066-11e4-a52e-4f735466cecf":"f.165F0B9F83AB8D5533DBC2556707DBA6.d.26B1D559323B54BF1B480E4F1C9D9FCF.e.23000","ELEMENT":"f.165F0B9F83AB8D5533DBC2556707DBA6.d.26B1D559323B54BF1B480E4F1C9D9FCF.e.23000"}]}
COMMAND: GET /session/36177e4d45fb5698ad30062df7661002/element/f.165F0B9F83AB8D5533DBC2556707DBA6.d.26B1D559323B54BF1B480E4F1C9D9FCF.e.23000/enabled - {}
COMMAND: GET /session/36177e4d45fb5698ad30062df7661002/screenshot - {}
RESULT: {}
COMMAND: POST /session/36177e4d45fb5698ad30062df7661002/element/f.165F0B9F83AB8D5533DBC2556707DBA6.d.26B1D559323B54BF1B480E4F1C9D9FCF.e.23000/click - {}
COMMAND: GET /session/36177e4d45fb5698ad30062df7661002/screenshot - {}
RESULT: {}
RESULT: {}
COMMAND: GET /session/36177e4d45fb5698ad30062df7661002/screenshot - {}
RESULT: {}
RESULT: {}
COMMAND: POST /session/36177e4d45fb5698ad30062df7661002/element/f.165F0B9F83AB8D5533DBC2556707DBA6.d.26B1D559323B54BF1B480E4F1C9D9FCF.e.23000/clear - {}
RESULT: {}
COMMAND: POST /session/36177e4d45fb5698ad30062df7661002/element/f.165F0B9F83AB8D5533DBC2556707DBA6.d.26B1D559323B54BF1B480E4F1C9D9FCF.e.23000/value - {"text":"10294"}
COMMAND: GET /session/36177e4d45fb5698ad30062df7661002/screenshot - {}
RESULT: {"text":"10294"}
COMMAND: POST /session/36177e4d45fb5698ad30062df7661002/actions - {"actions":[{"id":"action84","type":"key","parameters":{},"actions":[{"type":"keyDown","value":"î€‡"},{"type":"pause","duration":10},{"type":"keyUp","value":"î€‡"}]}]}
COMMAND: GET /session/36177e4d45fb5698ad30062df7661002/screenshot - {}
RESULT: {}
RESULT: {"actions":[{"id":"action84","type":"key","parameters":{},"actions":[{"type":"keyDown","value":"î€‡"},{"type":"pause","duration":10},{"type":"keyUp","value":"î€‡"}]}]}
COMMAND: GET /session/36177e4d45fb5698ad30062df7661002/screenshot - {}
RESULT: {}
RESULT: {}
COMMAND: POST /session/36177e4d45fb5698ad30062df7661002/element - {"using":"xpath","value":"//span[contains(@id ,\"application-billingtransfer-display-component---billingWorkbench--smartTableBillingRuns-header-inner\")]"}
RESULT: {"using":"xpath","value":"//span[contains(@id ,\"application-billingtransfer-display-component---billingWorkbench--smartTableBillingRuns-header-inner\")]"}
COMMAND: POST /session/36177e4d45fb5698ad30062df7661002/elements - {"using":"xpath","value":"//span[contains(@id ,\"application-billingtransfer-display-component---billingWorkbench--smartTableBillingRuns-header-inner\")]"}
RESULT: {"using":"xpath","value":"//span[contains(@id ,\"application-billingtransfer-display-component---billingWorkbench--smartTableBillingRuns-header-inner\")]"}
COMMAND: POST /session/36177e4d45fb5698ad30062df7661002/execute/sync - {"script":"<script> [56 bytes]","args":[{"element-6066-11e4-a52e-4f735466cecf":"f.165F0B9F83AB8D5533DBC2556707DBA6.d.26B1D559323B54BF1B480E4F1C9D9FCF.e.23385","ELEMENT":"f.165F0B9F83AB8D5533DBC2556707DBA6.d.26B1D559323B54BF1B480E4F1C9D9FCF.e.23385"}]}
RESULT: {"script":"<script> [56 bytes]","args":[{"element-6066-11e4-a52e-4f735466cecf":"f.165F0B9F83AB8D5533DBC2556707DBA6.d.26B1D559323B54BF1B480E4F1C9D9FCF.e.23385","ELEMENT":"f.165F0B9F83AB8D5533DBC2556707DBA6.d.26B1D559323B54BF1B480E4F1C9D9FCF.e.23385"}]}
COMMAND: POST /session/36177e4d45fb5698ad30062df7661002/element - {"using":"css selector","value":"#shell-header-logo"}
COMMAND: GET /session/36177e4d45fb5698ad30062df7661002/screenshot - {}
RESULT: {"using":"css selector","value":"#shell-header-logo"}
COMMAND: POST /session/36177e4d45fb5698ad30062df7661002/element/f.165F0B9F83AB8D5533DBC2556707DBA6.d.26B1D559323B54BF1B480E4F1C9D9FCF.e.22998/click - {}
RESULT: {}
RESULT: {}
COMMAND: GET /session/36177e4d45fb5698ad30062df7661002/screenshot - {}
RESULT: {}
]]></system-out>
    </testcase>
    <testcase classname="chrome.136_0_7103_93.windows.Billing_Calculation_-_Time_based_(considering_transport_times)_US139738" name="Should navigate to the contract item check the billed until field value" time="44.501">
      <system-out><![CDATA[
RESULT: undefined
COMMAND: POST /session/36177e4d45fb5698ad30062df7661002/element - {"using":"xpath","value":"//*[@id=\"__tile132\"]"}
RESULT: {"using":"xpath","value":"//*[@id=\"__tile132\"]"}
COMMAND: POST /session/36177e4d45fb5698ad30062df7661002/element/f.165F0B9F83AB8D5533DBC2556707DBA6.d.26B1D559323B54BF1B480E4F1C9D9FCF.e.19006/click - {}
RESULT: {}
COMMAND: GET /session/36177e4d45fb5698ad30062df7661002/screenshot - {}
RESULT: {}
COMMAND: POST /session/36177e4d45fb5698ad30062df7661002/elements - {"using":"xpath","value":"//span[text()='Error']"}
RESULT: {"using":"xpath","value":"//span[text()='Error']"}
COMMAND: POST /session/36177e4d45fb5698ad30062df7661002/element - {"using":"xpath","value":"//button[@data-kt=\"addButton\"]"}
RESULT: {"using":"xpath","value":"//button[@data-kt=\"addButton\"]"}
COMMAND: POST /session/36177e4d45fb5698ad30062df7661002/elements - {"using":"xpath","value":"//button[@data-kt=\"addButton\"]"}
RESULT: {"using":"xpath","value":"//button[@data-kt=\"addButton\"]"}
COMMAND: POST /session/36177e4d45fb5698ad30062df7661002/execute/sync - {"script":"<script> [8489 bytes]","args":[{"element-6066-11e4-a52e-4f735466cecf":"f.165F0B9F83AB8D5533DBC2556707DBA6.d.26B1D559323B54BF1B480E4F1C9D9FCF.e.23454","ELEMENT":"f.165F0B9F83AB8D5533DBC2556707DBA6.d.26B1D559323B54BF1B480E4F1C9D9FCF.e.23454"}]}
RESULT: {"script":"<script> [8489 bytes]","args":[{"element-6066-11e4-a52e-4f735466cecf":"f.165F0B9F83AB8D5533DBC2556707DBA6.d.26B1D559323B54BF1B480E4F1C9D9FCF.e.23454","ELEMENT":"f.165F0B9F83AB8D5533DBC2556707DBA6.d.26B1D559323B54BF1B480E4F1C9D9FCF.e.23454"}]}
COMMAND: GET /session/36177e4d45fb5698ad30062df7661002/element/f.165F0B9F83AB8D5533DBC2556707DBA6.d.26B1D559323B54BF1B480E4F1C9D9FCF.e.23454/enabled - {}
COMMAND: GET /session/36177e4d45fb5698ad30062df7661002/screenshot - {}
RESULT: {}
COMMAND: POST /session/36177e4d45fb5698ad30062df7661002/execute/sync - {"script":"<script> [8489 bytes]","args":[{"element-6066-11e4-a52e-4f735466cecf":"f.165F0B9F83AB8D5533DBC2556707DBA6.d.26B1D559323B54BF1B480E4F1C9D9FCF.e.23454","ELEMENT":"f.165F0B9F83AB8D5533DBC2556707DBA6.d.26B1D559323B54BF1B480E4F1C9D9FCF.e.23454"}]}
COMMAND: GET /session/36177e4d45fb5698ad30062df7661002/screenshot - {}
RESULT: {}
RESULT: {"script":"<script> [8489 bytes]","args":[{"element-6066-11e4-a52e-4f735466cecf":"f.165F0B9F83AB8D5533DBC2556707DBA6.d.26B1D559323B54BF1B480E4F1C9D9FCF.e.23454","ELEMENT":"f.165F0B9F83AB8D5533DBC2556707DBA6.d.26B1D559323B54BF1B480E4F1C9D9FCF.e.23454"}]}
COMMAND: POST /session/36177e4d45fb5698ad30062df7661002/execute/sync - {"script":"<script> [5351 bytes]","args":[{"element-6066-11e4-a52e-4f735466cecf":"f.165F0B9F83AB8D5533DBC2556707DBA6.d.26B1D559323B54BF1B480E4F1C9D9FCF.e.23454","ELEMENT":"f.165F0B9F83AB8D5533DBC2556707DBA6.d.26B1D559323B54BF1B480E4F1C9D9FCF.e.23454"}]}
COMMAND: GET /session/36177e4d45fb5698ad30062df7661002/screenshot - {}
RESULT: {}
RESULT: {"script":"<script> [5351 bytes]","args":[{"element-6066-11e4-a52e-4f735466cecf":"f.165F0B9F83AB8D5533DBC2556707DBA6.d.26B1D559323B54BF1B480E4F1C9D9FCF.e.23454","ELEMENT":"f.165F0B9F83AB8D5533DBC2556707DBA6.d.26B1D559323B54BF1B480E4F1C9D9FCF.e.23454"}]}
COMMAND: POST /session/36177e4d45fb5698ad30062df7661002/element - {"using":"xpath","value":"//input[contains(@id ,\"smartContractFilterBar-btnBasicSearch-I\")]"}
COMMAND: GET /session/36177e4d45fb5698ad30062df7661002/screenshot - {}
RESULT: {}
RESULT: {"using":"xpath","value":"//input[contains(@id ,\"smartContractFilterBar-btnBasicSearch-I\")]"}
COMMAND: POST /session/36177e4d45fb5698ad30062df7661002/elements - {"using":"xpath","value":"//input[contains(@id ,\"smartContractFilterBar-btnBasicSearch-I\")]"}
RESULT: {}
RESULT: {"using":"xpath","value":"//input[contains(@id ,\"smartContractFilterBar-btnBasicSearch-I\")]"}
COMMAND: POST /session/36177e4d45fb5698ad30062df7661002/execute/sync - {"script":"<script> [8489 bytes]","args":[{"element-6066-11e4-a52e-4f735466cecf":"f.165F0B9F83AB8D5533DBC2556707DBA6.d.26B1D559323B54BF1B480E4F1C9D9FCF.e.23415","ELEMENT":"f.165F0B9F83AB8D5533DBC2556707DBA6.d.26B1D559323B54BF1B480E4F1C9D9FCF.e.23415"}]}
RESULT: {"script":"<script> [8489 bytes]","args":[{"element-6066-11e4-a52e-4f735466cecf":"f.165F0B9F83AB8D5533DBC2556707DBA6.d.26B1D559323B54BF1B480E4F1C9D9FCF.e.23415","ELEMENT":"f.165F0B9F83AB8D5533DBC2556707DBA6.d.26B1D559323B54BF1B480E4F1C9D9FCF.e.23415"}]}
COMMAND: GET /session/36177e4d45fb5698ad30062df7661002/element/f.165F0B9F83AB8D5533DBC2556707DBA6.d.26B1D559323B54BF1B480E4F1C9D9FCF.e.23415/enabled - {}
COMMAND: GET /session/36177e4d45fb5698ad30062df7661002/screenshot - {}
RESULT: {}
COMMAND: POST /session/36177e4d45fb5698ad30062df7661002/element/f.165F0B9F83AB8D5533DBC2556707DBA6.d.26B1D559323B54BF1B480E4F1C9D9FCF.e.23415/clear - {}
COMMAND: GET /session/36177e4d45fb5698ad30062df7661002/screenshot - {}
RESULT: {}
RESULT: {}
COMMAND: POST /session/36177e4d45fb5698ad30062df7661002/element/f.165F0B9F83AB8D5533DBC2556707DBA6.d.26B1D559323B54BF1B480E4F1C9D9FCF.e.23415/value - {"text":"10294"}
COMMAND: GET /session/36177e4d45fb5698ad30062df7661002/screenshot - {}
RESULT: {}
RESULT: {"text":"10294"}
COMMAND: GET /session/36177e4d45fb5698ad30062df7661002/screenshot - {}
RESULT: {}
RESULT: {}
COMMAND: POST /session/36177e4d45fb5698ad30062df7661002/actions - {"actions":[{"id":"action85","type":"key","parameters":{},"actions":[{"type":"keyDown","value":"î€‡"},{"type":"pause","duration":10},{"type":"keyUp","value":"î€‡"}]}]}
RESULT: {"actions":[{"id":"action85","type":"key","parameters":{},"actions":[{"type":"keyDown","value":"î€‡"},{"type":"pause","duration":10},{"type":"keyUp","value":"î€‡"}]}]}
COMMAND: GET /session/36177e4d45fb5698ad30062df7661002/screenshot - {}
RESULT: {}
COMMAND: POST /session/36177e4d45fb5698ad30062df7661002/element - {"using":"xpath","value":"//span[contains(@id, \"masterListContractsSmartTable-header-inner\")]"}
RESULT: {"using":"xpath","value":"//span[contains(@id, \"masterListContractsSmartTable-header-inner\")]"}
COMMAND: POST /session/36177e4d45fb5698ad30062df7661002/elements - {"using":"xpath","value":"//span[contains(@id, \"masterListContractsSmartTable-header-inner\")]"}
RESULT: {"using":"xpath","value":"//span[contains(@id, \"masterListContractsSmartTable-header-inner\")]"}
COMMAND: POST /session/36177e4d45fb5698ad30062df7661002/execute/sync - {"script":"<script> [56 bytes]","args":[{"element-6066-11e4-a52e-4f735466cecf":"f.165F0B9F83AB8D5533DBC2556707DBA6.d.26B1D559323B54BF1B480E4F1C9D9FCF.e.23523","ELEMENT":"f.165F0B9F83AB8D5533DBC2556707DBA6.d.26B1D559323B54BF1B480E4F1C9D9FCF.e.23523"}]}
RESULT: {"script":"<script> [56 bytes]","args":[{"element-6066-11e4-a52e-4f735466cecf":"f.165F0B9F83AB8D5533DBC2556707DBA6.d.26B1D559323B54BF1B480E4F1C9D9FCF.e.23523","ELEMENT":"f.165F0B9F83AB8D5533DBC2556707DBA6.d.26B1D559323B54BF1B480E4F1C9D9FCF.e.23523"}]}
COMMAND: POST /session/36177e4d45fb5698ad30062df7661002/element - {"using":"xpath","value":"(//span[contains(@id, \"imgNav\")])[1]"}
COMMAND: GET /session/36177e4d45fb5698ad30062df7661002/screenshot - {}
RESULT: {"using":"xpath","value":"(//span[contains(@id, \"imgNav\")])[1]"}
COMMAND: POST /session/36177e4d45fb5698ad30062df7661002/element/f.165F0B9F83AB8D5533DBC2556707DBA6.d.26B1D559323B54BF1B480E4F1C9D9FCF.e.23522/click - {}
RESULT: {}
RESULT: {}
COMMAND: GET /session/36177e4d45fb5698ad30062df7661002/screenshot - {}
RESULT: {}
COMMAND: POST /session/36177e4d45fb5698ad30062df7661002/element - {"using":"xpath","value":"//tr[@data-kt=\"productsColumnListItem\"]//td//span[contains(@id, \"imgNav\")][1]"}
RESULT: {"using":"xpath","value":"//tr[@data-kt=\"productsColumnListItem\"]//td//span[contains(@id, \"imgNav\")][1]"}
COMMAND: POST /session/36177e4d45fb5698ad30062df7661002/element/f.165F0B9F83AB8D5533DBC2556707DBA6.d.26B1D559323B54BF1B480E4F1C9D9FCF.e.23686/click - {}
RESULT: {}
COMMAND: GET /session/36177e4d45fb5698ad30062df7661002/screenshot - {}
RESULT: {}
COMMAND: POST /session/36177e4d45fb5698ad30062df7661002/element - {"using":"xpath","value":"//section[contains(@id, \"application-managecontracts-display-component---BillingItem--ObjectPageLayout-OPHeaderContent\")]/div/div/div/div/div[2]/div/div[2]/span"}
RESULT: {"using":"xpath","value":"//section[contains(@id, \"application-managecontracts-display-component---BillingItem--ObjectPageLayout-OPHeaderContent\")]/div/div/div/div/div[2]/div/div[2]/span"}
COMMAND: POST /session/36177e4d45fb5698ad30062df7661002/execute/sync - {"script":"<script> [56 bytes]","args":[{"element-6066-11e4-a52e-4f735466cecf":"f.165F0B9F83AB8D5533DBC2556707DBA6.d.26B1D559323B54BF1B480E4F1C9D9FCF.e.23823","ELEMENT":"f.165F0B9F83AB8D5533DBC2556707DBA6.d.26B1D559323B54BF1B480E4F1C9D9FCF.e.23823"}]}
RESULT: {"script":"<script> [56 bytes]","args":[{"element-6066-11e4-a52e-4f735466cecf":"f.165F0B9F83AB8D5533DBC2556707DBA6.d.26B1D559323B54BF1B480E4F1C9D9FCF.e.23823","ELEMENT":"f.165F0B9F83AB8D5533DBC2556707DBA6.d.26B1D559323B54BF1B480E4F1C9D9FCF.e.23823"}]}
COMMAND: POST /session/36177e4d45fb5698ad30062df7661002/element - {"using":"xpath","value":"//table[contains(@id, \"application-managecontracts-display-component---BillingItem--billingList-listUl\")]//td//*[contains(text(), \"partial billed\")]"}
COMMAND: GET /session/36177e4d45fb5698ad30062df7661002/screenshot - {}
RESULT: {"using":"xpath","value":"//table[contains(@id, \"application-managecontracts-display-component---BillingItem--billingList-listUl\")]//td//*[contains(text(), \"partial billed\")]"}
COMMAND: POST /session/36177e4d45fb5698ad30062df7661002/execute/sync - {"script":"<script> [56 bytes]","args":[{"element-6066-11e4-a52e-4f735466cecf":"f.165F0B9F83AB8D5533DBC2556707DBA6.d.26B1D559323B54BF1B480E4F1C9D9FCF.e.23824","ELEMENT":"f.165F0B9F83AB8D5533DBC2556707DBA6.d.26B1D559323B54BF1B480E4F1C9D9FCF.e.23824"}]}
RESULT: {}
RESULT: {"script":"<script> [56 bytes]","args":[{"element-6066-11e4-a52e-4f735466cecf":"f.165F0B9F83AB8D5533DBC2556707DBA6.d.26B1D559323B54BF1B480E4F1C9D9FCF.e.23824","ELEMENT":"f.165F0B9F83AB8D5533DBC2556707DBA6.d.26B1D559323B54BF1B480E4F1C9D9FCF.e.23824"}]}
COMMAND: POST /session/36177e4d45fb5698ad30062df7661002/element - {"using":"css selector","value":"#shell-header-logo"}
COMMAND: GET /session/36177e4d45fb5698ad30062df7661002/screenshot - {}
RESULT: {"using":"css selector","value":"#shell-header-logo"}
COMMAND: POST /session/36177e4d45fb5698ad30062df7661002/element/f.165F0B9F83AB8D5533DBC2556707DBA6.d.26B1D559323B54BF1B480E4F1C9D9FCF.e.23410/click - {}
RESULT: {}
RESULT: {}
COMMAND: GET /session/36177e4d45fb5698ad30062df7661002/screenshot - {}
RESULT: {}
]]></system-out>
    </testcase>
    <testcase classname="chrome.136_0_7103_93.windows.Billing_Calculation_-_Time_based_(considering_transport_times)_US139738" name="Should do a handover return 2 step 7 days after provide or 14 days from today receive it in 21 days" time="179.131">
      <system-out><![CDATA[
RESULT: undefined
COMMAND: POST /session/36177e4d45fb5698ad30062df7661002/element - {"using":"xpath","value":"//*[@id=\"__tile132\"]"}
RESULT: {"using":"xpath","value":"//*[@id=\"__tile132\"]"}
COMMAND: POST /session/36177e4d45fb5698ad30062df7661002/element/f.165F0B9F83AB8D5533DBC2556707DBA6.d.26B1D559323B54BF1B480E4F1C9D9FCF.e.19006/click - {}
RESULT: {}
COMMAND: GET /session/36177e4d45fb5698ad30062df7661002/screenshot - {}
RESULT: {}
COMMAND: POST /session/36177e4d45fb5698ad30062df7661002/elements - {"using":"xpath","value":"//span[text()='Error']"}
RESULT: {"using":"xpath","value":"//span[text()='Error']"}
COMMAND: POST /session/36177e4d45fb5698ad30062df7661002/element - {"using":"xpath","value":"//button[@data-kt=\"addButton\"]"}
RESULT: {"using":"xpath","value":"//button[@data-kt=\"addButton\"]"}
COMMAND: POST /session/36177e4d45fb5698ad30062df7661002/elements - {"using":"xpath","value":"//button[@data-kt=\"addButton\"]"}
RESULT: {"using":"xpath","value":"//button[@data-kt=\"addButton\"]"}
COMMAND: POST /session/36177e4d45fb5698ad30062df7661002/execute/sync - {"script":"<script> [8489 bytes]","args":[{"element-6066-11e4-a52e-4f735466cecf":"f.165F0B9F83AB8D5533DBC2556707DBA6.d.26B1D559323B54BF1B480E4F1C9D9FCF.e.23876","ELEMENT":"f.165F0B9F83AB8D5533DBC2556707DBA6.d.26B1D559323B54BF1B480E4F1C9D9FCF.e.23876"}]}
RESULT: {"script":"<script> [8489 bytes]","args":[{"element-6066-11e4-a52e-4f735466cecf":"f.165F0B9F83AB8D5533DBC2556707DBA6.d.26B1D559323B54BF1B480E4F1C9D9FCF.e.23876","ELEMENT":"f.165F0B9F83AB8D5533DBC2556707DBA6.d.26B1D559323B54BF1B480E4F1C9D9FCF.e.23876"}]}
COMMAND: GET /session/36177e4d45fb5698ad30062df7661002/element/f.165F0B9F83AB8D5533DBC2556707DBA6.d.26B1D559323B54BF1B480E4F1C9D9FCF.e.23876/enabled - {}
COMMAND: GET /session/36177e4d45fb5698ad30062df7661002/screenshot - {}
RESULT: {}
COMMAND: POST /session/36177e4d45fb5698ad30062df7661002/execute/sync - {"script":"<script> [8489 bytes]","args":[{"element-6066-11e4-a52e-4f735466cecf":"f.165F0B9F83AB8D5533DBC2556707DBA6.d.26B1D559323B54BF1B480E4F1C9D9FCF.e.23876","ELEMENT":"f.165F0B9F83AB8D5533DBC2556707DBA6.d.26B1D559323B54BF1B480E4F1C9D9FCF.e.23876"}]}
COMMAND: GET /session/36177e4d45fb5698ad30062df7661002/screenshot - {}
RESULT: {}
RESULT: {"script":"<script> [8489 bytes]","args":[{"element-6066-11e4-a52e-4f735466cecf":"f.165F0B9F83AB8D5533DBC2556707DBA6.d.26B1D559323B54BF1B480E4F1C9D9FCF.e.23876","ELEMENT":"f.165F0B9F83AB8D5533DBC2556707DBA6.d.26B1D559323B54BF1B480E4F1C9D9FCF.e.23876"}]}
COMMAND: POST /session/36177e4d45fb5698ad30062df7661002/execute/sync - {"script":"<script> [5351 bytes]","args":[{"element-6066-11e4-a52e-4f735466cecf":"f.165F0B9F83AB8D5533DBC2556707DBA6.d.26B1D559323B54BF1B480E4F1C9D9FCF.e.23876","ELEMENT":"f.165F0B9F83AB8D5533DBC2556707DBA6.d.26B1D559323B54BF1B480E4F1C9D9FCF.e.23876"}]}
COMMAND: GET /session/36177e4d45fb5698ad30062df7661002/screenshot - {}
RESULT: {}
RESULT: {"script":"<script> [5351 bytes]","args":[{"element-6066-11e4-a52e-4f735466cecf":"f.165F0B9F83AB8D5533DBC2556707DBA6.d.26B1D559323B54BF1B480E4F1C9D9FCF.e.23876","ELEMENT":"f.165F0B9F83AB8D5533DBC2556707DBA6.d.26B1D559323B54BF1B480E4F1C9D9FCF.e.23876"}]}
COMMAND: GET /session/36177e4d45fb5698ad30062df7661002/screenshot - {}
RESULT: {}
RESULT: {}
COMMAND: POST /session/36177e4d45fb5698ad30062df7661002/element - {"using":"xpath","value":"//input[contains(@id ,\"smartContractFilterBar-btnBasicSearch-I\")]"}
RESULT: {"using":"xpath","value":"//input[contains(@id ,\"smartContractFilterBar-btnBasicSearch-I\")]"}
COMMAND: POST /session/36177e4d45fb5698ad30062df7661002/elements - {"using":"xpath","value":"//input[contains(@id ,\"smartContractFilterBar-btnBasicSearch-I\")]"}
RESULT: {"using":"xpath","value":"//input[contains(@id ,\"smartContractFilterBar-btnBasicSearch-I\")]"}
COMMAND: POST /session/36177e4d45fb5698ad30062df7661002/execute/sync - {"script":"<script> [8489 bytes]","args":[{"element-6066-11e4-a52e-4f735466cecf":"f.165F0B9F83AB8D5533DBC2556707DBA6.d.26B1D559323B54BF1B480E4F1C9D9FCF.e.23831","ELEMENT":"f.165F0B9F83AB8D5533DBC2556707DBA6.d.26B1D559323B54BF1B480E4F1C9D9FCF.e.23831"}]}
RESULT: {"script":"<script> [8489 bytes]","args":[{"element-6066-11e4-a52e-4f735466cecf":"f.165F0B9F83AB8D5533DBC2556707DBA6.d.26B1D559323B54BF1B480E4F1C9D9FCF.e.23831","ELEMENT":"f.165F0B9F83AB8D5533DBC2556707DBA6.d.26B1D559323B54BF1B480E4F1C9D9FCF.e.23831"}]}
COMMAND: GET /session/36177e4d45fb5698ad30062df7661002/element/f.165F0B9F83AB8D5533DBC2556707DBA6.d.26B1D559323B54BF1B480E4F1C9D9FCF.e.23831/enabled - {}
COMMAND: GET /session/36177e4d45fb5698ad30062df7661002/screenshot - {}
RESULT: {}
COMMAND: POST /session/36177e4d45fb5698ad30062df7661002/element/f.165F0B9F83AB8D5533DBC2556707DBA6.d.26B1D559323B54BF1B480E4F1C9D9FCF.e.23831/clear - {}
COMMAND: GET /session/36177e4d45fb5698ad30062df7661002/screenshot - {}
RESULT: {}
RESULT: {}
COMMAND: POST /session/36177e4d45fb5698ad30062df7661002/element/f.165F0B9F83AB8D5533DBC2556707DBA6.d.26B1D559323B54BF1B480E4F1C9D9FCF.e.23831/value - {"text":"10294"}
COMMAND: GET /session/36177e4d45fb5698ad30062df7661002/screenshot - {}
RESULT: {}
RESULT: {"text":"10294"}
COMMAND: GET /session/36177e4d45fb5698ad30062df7661002/screenshot - {}
RESULT: {}
RESULT: {}
COMMAND: POST /session/36177e4d45fb5698ad30062df7661002/actions - {"actions":[{"id":"action86","type":"key","parameters":{},"actions":[{"type":"keyDown","value":"î€‡"},{"type":"pause","duration":10},{"type":"keyUp","value":"î€‡"}]}]}
RESULT: {"actions":[{"id":"action86","type":"key","parameters":{},"actions":[{"type":"keyDown","value":"î€‡"},{"type":"pause","duration":10},{"type":"keyUp","value":"î€‡"}]}]}
COMMAND: GET /session/36177e4d45fb5698ad30062df7661002/screenshot - {}
RESULT: {}
COMMAND: POST /session/36177e4d45fb5698ad30062df7661002/element - {"using":"xpath","value":"//span[contains(@id, \"masterListContractsSmartTable-header-inner\")]"}
RESULT: {"using":"xpath","value":"//span[contains(@id, \"masterListContractsSmartTable-header-inner\")]"}
COMMAND: POST /session/36177e4d45fb5698ad30062df7661002/elements - {"using":"xpath","value":"//span[contains(@id, \"masterListContractsSmartTable-header-inner\")]"}
RESULT: {"using":"xpath","value":"//span[contains(@id, \"masterListContractsSmartTable-header-inner\")]"}
COMMAND: POST /session/36177e4d45fb5698ad30062df7661002/execute/sync - {"script":"<script> [56 bytes]","args":[{"element-6066-11e4-a52e-4f735466cecf":"f.165F0B9F83AB8D5533DBC2556707DBA6.d.26B1D559323B54BF1B480E4F1C9D9FCF.e.23929","ELEMENT":"f.165F0B9F83AB8D5533DBC2556707DBA6.d.26B1D559323B54BF1B480E4F1C9D9FCF.e.23929"}]}
RESULT: {"script":"<script> [56 bytes]","args":[{"element-6066-11e4-a52e-4f735466cecf":"f.165F0B9F83AB8D5533DBC2556707DBA6.d.26B1D559323B54BF1B480E4F1C9D9FCF.e.23929","ELEMENT":"f.165F0B9F83AB8D5533DBC2556707DBA6.d.26B1D559323B54BF1B480E4F1C9D9FCF.e.23929"}]}
COMMAND: POST /session/36177e4d45fb5698ad30062df7661002/element - {"using":"xpath","value":"(//span[contains(@id, \"imgNav\")])[1]"}
COMMAND: GET /session/36177e4d45fb5698ad30062df7661002/screenshot - {}
RESULT: {"using":"xpath","value":"(//span[contains(@id, \"imgNav\")])[1]"}
COMMAND: POST /session/36177e4d45fb5698ad30062df7661002/element/f.165F0B9F83AB8D5533DBC2556707DBA6.d.26B1D559323B54BF1B480E4F1C9D9FCF.e.23928/click - {}
RESULT: {}
RESULT: {}
COMMAND: GET /session/36177e4d45fb5698ad30062df7661002/screenshot - {}
RESULT: {}
COMMAND: POST /session/36177e4d45fb5698ad30062df7661002/element - {"using":"xpath","value":"//button[contains(@id, \"contractDetailReturnButton\")]"}
RESULT: {"using":"xpath","value":"//button[contains(@id, \"contractDetailReturnButton\")]"}
COMMAND: POST /session/36177e4d45fb5698ad30062df7661002/element/f.165F0B9F83AB8D5533DBC2556707DBA6.d.26B1D559323B54BF1B480E4F1C9D9FCF.e.24008/click - {}
RESULT: {}
COMMAND: GET /session/36177e4d45fb5698ad30062df7661002/screenshot - {}
RESULT: undefined
COMMAND: POST /session/36177e4d45fb5698ad30062df7661002/execute/async - {"script":"<script> [776 bytes]","args":[{"enterText":"5/30/25","selector":{"id":"application-managehandovers-display-component---AddNewHO--dueDate","interaction":{"idSuffix":"inner"}},"clearTextFirst":true,"interactionType":"ENTER_TEXT"}]}
RESULT: {}
RESULT: {"script":"<script> [776 bytes]","args":[{"enterText":"5/30/25","selector":{"id":"application-managehandovers-display-component---AddNewHO--dueDate","interaction":{"idSuffix":"inner"}},"clearTextFirst":true,"interactionType":"ENTER_TEXT"}]}
COMMAND: POST /session/36177e4d45fb5698ad30062df7661002/element - {"using":"xpath","value":"//bdi[contains(text(), \"Instructions\")]"}
RESULT: {"using":"xpath","value":"//bdi[contains(text(), \"Instructions\")]"}
COMMAND: POST /session/36177e4d45fb5698ad30062df7661002/element/f.165F0B9F83AB8D5533DBC2556707DBA6.d.26B1D559323B54BF1B480E4F1C9D9FCF.e.24408/click - {}
RESULT: {}
COMMAND: GET /session/36177e4d45fb5698ad30062df7661002/screenshot - {}
RESULT: {}
COMMAND: POST /session/36177e4d45fb5698ad30062df7661002/element - {"using":"xpath","value":"//button[@data-kt=\"AddNewHOProvideAddItemsButton\"]"}
RESULT: {"using":"xpath","value":"//button[@data-kt=\"AddNewHOProvideAddItemsButton\"]"}
COMMAND: POST /session/36177e4d45fb5698ad30062df7661002/element/f.165F0B9F83AB8D5533DBC2556707DBA6.d.26B1D559323B54BF1B480E4F1C9D9FCF.e.24218/click - {}
RESULT: {}
COMMAND: GET /session/36177e4d45fb5698ad30062df7661002/screenshot - {}
RESULT: {}
RESULT: undefined
COMMAND: POST /session/36177e4d45fb5698ad30062df7661002/element - {"using":"xpath","value":"//*[@id=\"application-managehandovers-display-component---AddNewHO--popup-sa\"]"}
RESULT: {"using":"xpath","value":"//*[@id=\"application-managehandovers-display-component---AddNewHO--popup-sa\"]"}
COMMAND: POST /session/36177e4d45fb5698ad30062df7661002/element/f.165F0B9F83AB8D5533DBC2556707DBA6.d.26B1D559323B54BF1B480E4F1C9D9FCF.e.24428/click - {}
RESULT: {}
COMMAND: GET /session/36177e4d45fb5698ad30062df7661002/screenshot - {}
RESULT: {}
COMMAND: POST /session/36177e4d45fb5698ad30062df7661002/element - {"using":"xpath","value":"//*[contains(@id ,\"BDI-content\")][contains(text(), \"Select\")]"}
RESULT: {"using":"xpath","value":"//*[contains(@id ,\"BDI-content\")][contains(text(), \"Select\")]"}
COMMAND: POST /session/36177e4d45fb5698ad30062df7661002/element/f.165F0B9F83AB8D5533DBC2556707DBA6.d.26B1D559323B54BF1B480E4F1C9D9FCF.e.24429/click - {}
RESULT: {}
COMMAND: GET /session/36177e4d45fb5698ad30062df7661002/screenshot - {}
RESULT: {}
COMMAND: POST /session/36177e4d45fb5698ad30062df7661002/element - {"using":"xpath","value":"(//div[contains(@id, \"application-managehandovers-display-component---AddNewHO--oneStep-CbBg\")])"}
RESULT: {"using":"xpath","value":"(//div[contains(@id, \"application-managehandovers-display-component---AddNewHO--oneStep-CbBg\")])"}
COMMAND: POST /session/36177e4d45fb5698ad30062df7661002/element/f.165F0B9F83AB8D5533DBC2556707DBA6.d.26B1D559323B54BF1B480E4F1C9D9FCF.e.24433/click - {}
RESULT: {}
RESULT: undefined
COMMAND: POST /session/36177e4d45fb5698ad30062df7661002/element - {"using":"xpath","value":"//*[@id=\"application-managehandovers-display-component---AddNewHO--confirmCreationButton\"]"}
COMMAND: GET /session/36177e4d45fb5698ad30062df7661002/screenshot - {}
RESULT: {"using":"xpath","value":"//*[@id=\"application-managehandovers-display-component---AddNewHO--confirmCreationButton\"]"}
COMMAND: POST /session/36177e4d45fb5698ad30062df7661002/element/f.165F0B9F83AB8D5533DBC2556707DBA6.d.26B1D559323B54BF1B480E4F1C9D9FCF.e.24225/click - {}
RESULT: {}
RESULT: {}
COMMAND: GET /session/36177e4d45fb5698ad30062df7661002/screenshot - {}
RESULT: {}
RESULT: undefined
COMMAND: POST /session/36177e4d45fb5698ad30062df7661002/execute/async - {"script":"<script> [776 bytes]","args":[{"enterText":"5/30/25","selector":{"id":"issueDatePicker","viewName":"etm.portal.ui.managehandovers.view.DetailExecuteHO","interaction":{"idSuffix":"inner"}},"clearTextFirst":true,"interactionType":"ENTER_TEXT"}]}
RESULT: {"script":"<script> [776 bytes]","args":[{"enterText":"5/30/25","selector":{"id":"issueDatePicker","viewName":"etm.portal.ui.managehandovers.view.DetailExecuteHO","interaction":{"idSuffix":"inner"}},"clearTextFirst":true,"interactionType":"ENTER_TEXT"}]}
COMMAND: POST /session/36177e4d45fb5698ad30062df7661002/element - {"using":"xpath","value":"//bdi[contains(text(), \"OK\")]"}
RESULT: {"using":"xpath","value":"//bdi[contains(text(), \"OK\")]"}
COMMAND: POST /session/36177e4d45fb5698ad30062df7661002/element/f.165F0B9F83AB8D5533DBC2556707DBA6.d.26B1D559323B54BF1B480E4F1C9D9FCF.e.24478/click - {}
RESULT: {}
COMMAND: GET /session/36177e4d45fb5698ad30062df7661002/screenshot - {}
RESULT: {}
COMMAND: POST /session/36177e4d45fb5698ad30062df7661002/element - {"using":"xpath","value":"//button[@data-kt=\"PickingTableConfirmAllButton\"]"}
RESULT: {"using":"xpath","value":"//button[@data-kt=\"PickingTableConfirmAllButton\"]"}
COMMAND: POST /session/36177e4d45fb5698ad30062df7661002/element/f.165F0B9F83AB8D5533DBC2556707DBA6.d.26B1D559323B54BF1B480E4F1C9D9FCF.e.24485/click - {}
RESULT: {}
COMMAND: GET /session/36177e4d45fb5698ad30062df7661002/screenshot - {}
RESULT: {}
COMMAND: POST /session/36177e4d45fb5698ad30062df7661002/element - {"using":"xpath","value":"//bdi[contains(text(), \"OK\")]"}
RESULT: {"using":"xpath","value":"//bdi[contains(text(), \"OK\")]"}
COMMAND: POST /session/36177e4d45fb5698ad30062df7661002/element/f.165F0B9F83AB8D5533DBC2556707DBA6.d.26B1D559323B54BF1B480E4F1C9D9FCF.e.24489/click - {}
RESULT: {}
COMMAND: GET /session/36177e4d45fb5698ad30062df7661002/screenshot - {}
RESULT: {}
COMMAND: POST /session/36177e4d45fb5698ad30062df7661002/element - {"using":"xpath","value":"//button[@data-kt=\"execHoPickButton\"]"}
RESULT: {"using":"xpath","value":"//button[@data-kt=\"execHoPickButton\"]"}
COMMAND: POST /session/36177e4d45fb5698ad30062df7661002/element/f.165F0B9F83AB8D5533DBC2556707DBA6.d.26B1D559323B54BF1B480E4F1C9D9FCF.e.24490/click - {}
RESULT: {}
COMMAND: GET /session/36177e4d45fb5698ad30062df7661002/screenshot - {}
RESULT: {}
COMMAND: POST /session/36177e4d45fb5698ad30062df7661002/element - {"using":"xpath","value":"//span[contains(@id ,\"filterItemControl_BASIC-SEND_CONTRACT-vhi\")]"}
RESULT: {"using":"xpath","value":"//span[contains(@id ,\"filterItemControl_BASIC-SEND_CONTRACT-vhi\")]"}
COMMAND: POST /session/36177e4d45fb5698ad30062df7661002/element/f.165F0B9F83AB8D5533DBC2556707DBA6.d.26B1D559323B54BF1B480E4F1C9D9FCF.e.24666/click - {}
RESULT: {}
COMMAND: GET /session/36177e4d45fb5698ad30062df7661002/screenshot - {}
RESULT: {}
RESULT: undefined
COMMAND: POST /session/36177e4d45fb5698ad30062df7661002/execute/async - {"script":"<script> [776 bytes]","args":[{"enterText":"10294","selector":{"controlType":"sap.m.SearchField","viewName":"etm.portal.ui.managehandovers.view.MasterHO","bindingPath":{"path":"","propertyPath":"/_BASIC_SEARCH_FIELD","modelName":"fi1t3rM0d31"},"searchOpenDialogs":true,"interaction":{"idSuffix":"I"}},"clearTextFirst":true,"interactionType":"ENTER_TEXT"}]}
RESULT: {"script":"<script> [776 bytes]","args":[{"enterText":"10294","selector":{"controlType":"sap.m.SearchField","viewName":"etm.portal.ui.managehandovers.view.MasterHO","bindingPath":{"path":"","propertyPath":"/_BASIC_SEARCH_FIELD","modelName":"fi1t3rM0d31"},"searchOpenDialogs":true,"interaction":{"idSuffix":"I"}},"clearTextFirst":true,"interactionType":"ENTER_TEXT"}]}
COMMAND: POST /session/36177e4d45fb5698ad30062df7661002/actions - {"actions":[{"id":"action87","type":"key","parameters":{},"actions":[{"type":"keyDown","value":"î€‡"},{"type":"pause","duration":10},{"type":"keyUp","value":"î€‡"}]}]}
RESULT: {"actions":[{"id":"action87","type":"key","parameters":{},"actions":[{"type":"keyDown","value":"î€‡"},{"type":"pause","duration":10},{"type":"keyUp","value":"î€‡"}]}]}
COMMAND: GET /session/36177e4d45fb5698ad30062df7661002/screenshot - {}
RESULT: {}
COMMAND: POST /session/36177e4d45fb5698ad30062df7661002/element - {"using":"xpath","value":"//div[contains(@id, 'filterItemControl_BASIC-SEND_CONTRACT-valueHelpDialog-table-rowsel0')]"}
RESULT: {"using":"xpath","value":"//div[contains(@id, 'filterItemControl_BASIC-SEND_CONTRACT-valueHelpDialog-table-rowsel0')]"}
COMMAND: POST /session/36177e4d45fb5698ad30062df7661002/element/f.165F0B9F83AB8D5533DBC2556707DBA6.d.26B1D559323B54BF1B480E4F1C9D9FCF.e.24675/click - {}
RESULT: {}
COMMAND: GET /session/36177e4d45fb5698ad30062df7661002/screenshot - {}
RESULT: {}
COMMAND: POST /session/36177e4d45fb5698ad30062df7661002/element - {"using":"xpath","value":"//bdi[contains(text(), \"OK\")]"}
RESULT: {"using":"xpath","value":"//bdi[contains(text(), \"OK\")]"}
COMMAND: POST /session/36177e4d45fb5698ad30062df7661002/element/f.165F0B9F83AB8D5533DBC2556707DBA6.d.26B1D559323B54BF1B480E4F1C9D9FCF.e.24677/click - {}
RESULT: {}
COMMAND: GET /session/36177e4d45fb5698ad30062df7661002/screenshot - {}
RESULT: {}
COMMAND: POST /session/36177e4d45fb5698ad30062df7661002/element - {"using":"xpath","value":"//span[contains(@id, \"smartTable-header-inner\")]"}
RESULT: {"using":"xpath","value":"//span[contains(@id, \"smartTable-header-inner\")]"}
COMMAND: POST /session/36177e4d45fb5698ad30062df7661002/elements - {"using":"xpath","value":"//span[contains(@id, \"smartTable-header-inner\")]"}
RESULT: {"using":"xpath","value":"//span[contains(@id, \"smartTable-header-inner\")]"}
COMMAND: POST /session/36177e4d45fb5698ad30062df7661002/execute/sync - {"script":"<script> [56 bytes]","args":[{"element-6066-11e4-a52e-4f735466cecf":"f.165F0B9F83AB8D5533DBC2556707DBA6.d.26B1D559323B54BF1B480E4F1C9D9FCF.e.24705","ELEMENT":"f.165F0B9F83AB8D5533DBC2556707DBA6.d.26B1D559323B54BF1B480E4F1C9D9FCF.e.24705"}]}
RESULT: {"script":"<script> [56 bytes]","args":[{"element-6066-11e4-a52e-4f735466cecf":"f.165F0B9F83AB8D5533DBC2556707DBA6.d.26B1D559323B54BF1B480E4F1C9D9FCF.e.24705","ELEMENT":"f.165F0B9F83AB8D5533DBC2556707DBA6.d.26B1D559323B54BF1B480E4F1C9D9FCF.e.24705"}]}
COMMAND: POST /session/36177e4d45fb5698ad30062df7661002/element - {"using":"xpath","value":"//table[contains(@id, \"customHandovers\")]//tbody/tr[1]/td[2]/span"}
COMMAND: GET /session/36177e4d45fb5698ad30062df7661002/screenshot - {}
RESULT: {"using":"xpath","value":"//table[contains(@id, \"customHandovers\")]//tbody/tr[1]/td[2]/span"}
COMMAND: POST /session/36177e4d45fb5698ad30062df7661002/execute/sync - {"script":"<script> [56 bytes]","args":[{"element-6066-11e4-a52e-4f735466cecf":"f.165F0B9F83AB8D5533DBC2556707DBA6.d.26B1D559323B54BF1B480E4F1C9D9FCF.e.24706","ELEMENT":"f.165F0B9F83AB8D5533DBC2556707DBA6.d.26B1D559323B54BF1B480E4F1C9D9FCF.e.24706"}]}
RESULT: {}
RESULT: {"script":"<script> [56 bytes]","args":[{"element-6066-11e4-a52e-4f735466cecf":"f.165F0B9F83AB8D5533DBC2556707DBA6.d.26B1D559323B54BF1B480E4F1C9D9FCF.e.24706","ELEMENT":"f.165F0B9F83AB8D5533DBC2556707DBA6.d.26B1D559323B54BF1B480E4F1C9D9FCF.e.24706"}]}
COMMAND: POST /session/36177e4d45fb5698ad30062df7661002/element - {"using":"xpath","value":"(//span[contains(@id, \"imgNav\")])[1]"}
COMMAND: GET /session/36177e4d45fb5698ad30062df7661002/screenshot - {}
RESULT: {"using":"xpath","value":"(//span[contains(@id, \"imgNav\")])[1]"}
COMMAND: POST /session/36177e4d45fb5698ad30062df7661002/element/f.165F0B9F83AB8D5533DBC2556707DBA6.d.26B1D559323B54BF1B480E4F1C9D9FCF.e.24704/click - {}
RESULT: {}
RESULT: {}
COMMAND: GET /session/36177e4d45fb5698ad30062df7661002/screenshot - {}
RESULT: {}
RESULT: undefined
COMMAND: POST /session/36177e4d45fb5698ad30062df7661002/execute/async - {"script":"<script> [776 bytes]","args":[{"enterText":"5/30/25","selector":{"id":"issueDatePicker","viewName":"etm.portal.ui.managehandovers.view.DetailExecuteHO","interaction":{"idSuffix":"inner"}},"clearTextFirst":true,"interactionType":"ENTER_TEXT"}]}
RESULT: {"script":"<script> [776 bytes]","args":[{"enterText":"5/30/25","selector":{"id":"issueDatePicker","viewName":"etm.portal.ui.managehandovers.view.DetailExecuteHO","interaction":{"idSuffix":"inner"}},"clearTextFirst":true,"interactionType":"ENTER_TEXT"}]}
COMMAND: POST /session/36177e4d45fb5698ad30062df7661002/element - {"using":"xpath","value":"//button[@data-kt=\"PickingTableConfirmAllButton\"]"}
RESULT: {"using":"xpath","value":"//button[@data-kt=\"PickingTableConfirmAllButton\"]"}
COMMAND: POST /session/36177e4d45fb5698ad30062df7661002/element/f.165F0B9F83AB8D5533DBC2556707DBA6.d.26B1D559323B54BF1B480E4F1C9D9FCF.e.24750/click - {}
RESULT: {}
COMMAND: GET /session/36177e4d45fb5698ad30062df7661002/screenshot - {}
RESULT: {}
COMMAND: POST /session/36177e4d45fb5698ad30062df7661002/element - {"using":"xpath","value":"//bdi[contains(text(), \"OK\")]"}
RESULT: {"using":"xpath","value":"//bdi[contains(text(), \"OK\")]"}
COMMAND: POST /session/36177e4d45fb5698ad30062df7661002/element/f.165F0B9F83AB8D5533DBC2556707DBA6.d.26B1D559323B54BF1B480E4F1C9D9FCF.e.24754/click - {}
RESULT: {}
COMMAND: GET /session/36177e4d45fb5698ad30062df7661002/screenshot - {}
RESULT: {}
COMMAND: POST /session/36177e4d45fb5698ad30062df7661002/element - {"using":"xpath","value":"//button[@data-kt=\"execHoIssueButton\"]"}
RESULT: {"using":"xpath","value":"//button[@data-kt=\"execHoIssueButton\"]"}
COMMAND: POST /session/36177e4d45fb5698ad30062df7661002/element/f.165F0B9F83AB8D5533DBC2556707DBA6.d.26B1D559323B54BF1B480E4F1C9D9FCF.e.24755/click - {}
RESULT: {}
COMMAND: GET /session/36177e4d45fb5698ad30062df7661002/screenshot - {}
RESULT: {}
COMMAND: POST /session/36177e4d45fb5698ad30062df7661002/element - {"using":"xpath","value":"//input[contains(@id ,\"smartFilterBar-btnBasicSearch-I\")]"}
RESULT: {"using":"xpath","value":"//input[contains(@id ,\"smartFilterBar-btnBasicSearch-I\")]"}
COMMAND: POST /session/36177e4d45fb5698ad30062df7661002/elements - {"using":"xpath","value":"//input[contains(@id ,\"smartFilterBar-btnBasicSearch-I\")]"}
RESULT: {"using":"xpath","value":"//input[contains(@id ,\"smartFilterBar-btnBasicSearch-I\")]"}
COMMAND: POST /session/36177e4d45fb5698ad30062df7661002/execute/sync - {"script":"<script> [8489 bytes]","args":[{"element-6066-11e4-a52e-4f735466cecf":"f.165F0B9F83AB8D5533DBC2556707DBA6.d.26B1D559323B54BF1B480E4F1C9D9FCF.e.24230","ELEMENT":"f.165F0B9F83AB8D5533DBC2556707DBA6.d.26B1D559323B54BF1B480E4F1C9D9FCF.e.24230"}]}
RESULT: {"script":"<script> [8489 bytes]","args":[{"element-6066-11e4-a52e-4f735466cecf":"f.165F0B9F83AB8D5533DBC2556707DBA6.d.26B1D559323B54BF1B480E4F1C9D9FCF.e.24230","ELEMENT":"f.165F0B9F83AB8D5533DBC2556707DBA6.d.26B1D559323B54BF1B480E4F1C9D9FCF.e.24230"}]}
COMMAND: GET /session/36177e4d45fb5698ad30062df7661002/element/f.165F0B9F83AB8D5533DBC2556707DBA6.d.26B1D559323B54BF1B480E4F1C9D9FCF.e.24230/enabled - {}
COMMAND: GET /session/36177e4d45fb5698ad30062df7661002/screenshot - {}
RESULT: {}
COMMAND: POST /session/36177e4d45fb5698ad30062df7661002/element/f.165F0B9F83AB8D5533DBC2556707DBA6.d.26B1D559323B54BF1B480E4F1C9D9FCF.e.24230/clear - {}
COMMAND: GET /session/36177e4d45fb5698ad30062df7661002/screenshot - {}
RESULT: {}
RESULT: {}
COMMAND: POST /session/36177e4d45fb5698ad30062df7661002/element/f.165F0B9F83AB8D5533DBC2556707DBA6.d.26B1D559323B54BF1B480E4F1C9D9FCF.e.24230/value - {"text":"30520"}
COMMAND: GET /session/36177e4d45fb5698ad30062df7661002/screenshot - {}
RESULT: {}
RESULT: {"text":"30520"}
COMMAND: GET /session/36177e4d45fb5698ad30062df7661002/screenshot - {}
RESULT: {}
RESULT: {}
COMMAND: POST /session/36177e4d45fb5698ad30062df7661002/actions - {"actions":[{"id":"action88","type":"key","parameters":{},"actions":[{"type":"keyDown","value":"î€‡"},{"type":"pause","duration":10},{"type":"keyUp","value":"î€‡"}]}]}
RESULT: {"actions":[{"id":"action88","type":"key","parameters":{},"actions":[{"type":"keyDown","value":"î€‡"},{"type":"pause","duration":10},{"type":"keyUp","value":"î€‡"}]}]}
COMMAND: GET /session/36177e4d45fb5698ad30062df7661002/screenshot - {}
RESULT: {}
COMMAND: POST /session/36177e4d45fb5698ad30062df7661002/element - {"using":"xpath","value":"//span[contains(@id, \"smartTable-header-inner\")]"}
RESULT: {"using":"xpath","value":"//span[contains(@id, \"smartTable-header-inner\")]"}
COMMAND: POST /session/36177e4d45fb5698ad30062df7661002/elements - {"using":"xpath","value":"//span[contains(@id, \"smartTable-header-inner\")]"}
RESULT: {"using":"xpath","value":"//span[contains(@id, \"smartTable-header-inner\")]"}
COMMAND: POST /session/36177e4d45fb5698ad30062df7661002/execute/sync - {"script":"<script> [56 bytes]","args":[{"element-6066-11e4-a52e-4f735466cecf":"f.165F0B9F83AB8D5533DBC2556707DBA6.d.26B1D559323B54BF1B480E4F1C9D9FCF.e.24705","ELEMENT":"f.165F0B9F83AB8D5533DBC2556707DBA6.d.26B1D559323B54BF1B480E4F1C9D9FCF.e.24705"}]}
RESULT: {"script":"<script> [56 bytes]","args":[{"element-6066-11e4-a52e-4f735466cecf":"f.165F0B9F83AB8D5533DBC2556707DBA6.d.26B1D559323B54BF1B480E4F1C9D9FCF.e.24705","ELEMENT":"f.165F0B9F83AB8D5533DBC2556707DBA6.d.26B1D559323B54BF1B480E4F1C9D9FCF.e.24705"}]}
COMMAND: POST /session/36177e4d45fb5698ad30062df7661002/elements - {"using":"xpath","value":"//thead[contains(@class, \"sapMTableTH\")]/tr/th"}
COMMAND: GET /session/36177e4d45fb5698ad30062df7661002/screenshot - {}
RESULT: {"using":"xpath","value":"//thead[contains(@class, \"sapMTableTH\")]/tr/th"}
COMMAND: GET /session/36177e4d45fb5698ad30062df7661002/element/f.165F0B9F83AB8D5533DBC2556707DBA6.d.26B1D559323B54BF1B480E4F1C9D9FCF.e.24792/text - {}
RESULT: {}
RESULT: {}
COMMAND: GET /session/36177e4d45fb5698ad30062df7661002/element/f.165F0B9F83AB8D5533DBC2556707DBA6.d.26B1D559323B54BF1B480E4F1C9D9FCF.e.24793/text - {}
RESULT: {}
COMMAND: GET /session/36177e4d45fb5698ad30062df7661002/element/f.165F0B9F83AB8D5533DBC2556707DBA6.d.26B1D559323B54BF1B480E4F1C9D9FCF.e.24173/text - {}
RESULT: {}
COMMAND: GET /session/36177e4d45fb5698ad30062df7661002/element/f.165F0B9F83AB8D5533DBC2556707DBA6.d.26B1D559323B54BF1B480E4F1C9D9FCF.e.24175/text - {}
RESULT: {}
COMMAND: GET /session/36177e4d45fb5698ad30062df7661002/element/f.165F0B9F83AB8D5533DBC2556707DBA6.d.26B1D559323B54BF1B480E4F1C9D9FCF.e.24760/text - {}
RESULT: {}
COMMAND: GET /session/36177e4d45fb5698ad30062df7661002/element/f.165F0B9F83AB8D5533DBC2556707DBA6.d.26B1D559323B54BF1B480E4F1C9D9FCF.e.24761/text - {}
RESULT: {}
COMMAND: GET /session/36177e4d45fb5698ad30062df7661002/element/f.165F0B9F83AB8D5533DBC2556707DBA6.d.26B1D559323B54BF1B480E4F1C9D9FCF.e.24762/text - {}
RESULT: {}
COMMAND: GET /session/36177e4d45fb5698ad30062df7661002/element/f.165F0B9F83AB8D5533DBC2556707DBA6.d.26B1D559323B54BF1B480E4F1C9D9FCF.e.24763/text - {}
RESULT: {}
COMMAND: GET /session/36177e4d45fb5698ad30062df7661002/element/f.165F0B9F83AB8D5533DBC2556707DBA6.d.26B1D559323B54BF1B480E4F1C9D9FCF.e.24764/text - {}
RESULT: {}
COMMAND: GET /session/36177e4d45fb5698ad30062df7661002/element/f.165F0B9F83AB8D5533DBC2556707DBA6.d.26B1D559323B54BF1B480E4F1C9D9FCF.e.24765/text - {}
RESULT: {}
COMMAND: GET /session/36177e4d45fb5698ad30062df7661002/element/f.165F0B9F83AB8D5533DBC2556707DBA6.d.26B1D559323B54BF1B480E4F1C9D9FCF.e.24766/text - {}
RESULT: {}
COMMAND: GET /session/36177e4d45fb5698ad30062df7661002/element/f.165F0B9F83AB8D5533DBC2556707DBA6.d.26B1D559323B54BF1B480E4F1C9D9FCF.e.24767/text - {}
RESULT: {}
COMMAND: GET /session/36177e4d45fb5698ad30062df7661002/element/f.165F0B9F83AB8D5533DBC2556707DBA6.d.26B1D559323B54BF1B480E4F1C9D9FCF.e.24768/text - {}
RESULT: {}
COMMAND: GET /session/36177e4d45fb5698ad30062df7661002/element/f.165F0B9F83AB8D5533DBC2556707DBA6.d.26B1D559323B54BF1B480E4F1C9D9FCF.e.24176/text - {}
RESULT: {}
COMMAND: POST /session/36177e4d45fb5698ad30062df7661002/element - {"using":"xpath","value":"//tbody[contains(@id, \"customHandoversTable-tblBody\")]/tr[1]/td[14]/div/span"}
RESULT: {"using":"xpath","value":"//tbody[contains(@id, \"customHandoversTable-tblBody\")]/tr[1]/td[14]/div/span"}
COMMAND: POST /session/36177e4d45fb5698ad30062df7661002/execute/sync - {"script":"<script> [56 bytes]","args":[{"element-6066-11e4-a52e-4f735466cecf":"f.165F0B9F83AB8D5533DBC2556707DBA6.d.26B1D559323B54BF1B480E4F1C9D9FCF.e.24846","ELEMENT":"f.165F0B9F83AB8D5533DBC2556707DBA6.d.26B1D559323B54BF1B480E4F1C9D9FCF.e.24846"}]}
RESULT: {"script":"<script> [56 bytes]","args":[{"element-6066-11e4-a52e-4f735466cecf":"f.165F0B9F83AB8D5533DBC2556707DBA6.d.26B1D559323B54BF1B480E4F1C9D9FCF.e.24846","ELEMENT":"f.165F0B9F83AB8D5533DBC2556707DBA6.d.26B1D559323B54BF1B480E4F1C9D9FCF.e.24846"}]}
COMMAND: POST /session/36177e4d45fb5698ad30062df7661002/element - {"using":"xpath","value":"(//span[contains(@id, \"imgNav\")])[1]"}
COMMAND: GET /session/36177e4d45fb5698ad30062df7661002/screenshot - {}
RESULT: {"using":"xpath","value":"(//span[contains(@id, \"imgNav\")])[1]"}
COMMAND: POST /session/36177e4d45fb5698ad30062df7661002/element/f.165F0B9F83AB8D5533DBC2556707DBA6.d.26B1D559323B54BF1B480E4F1C9D9FCF.e.24847/click - {}
RESULT: {}
RESULT: {}
COMMAND: GET /session/36177e4d45fb5698ad30062df7661002/screenshot - {}
RESULT: {}
RESULT: undefined
COMMAND: POST /session/36177e4d45fb5698ad30062df7661002/execute/async - {"script":"<script> [776 bytes]","args":[{"enterText":"6/6/25","selector":{"id":"receiptDatePicker","viewName":"etm.portal.ui.managehandovers.view.DetailExecuteHO","interaction":{"idSuffix":"inner"}},"clearTextFirst":true,"interactionType":"ENTER_TEXT"}]}
RESULT: {"script":"<script> [776 bytes]","args":[{"enterText":"6/6/25","selector":{"id":"receiptDatePicker","viewName":"etm.portal.ui.managehandovers.view.DetailExecuteHO","interaction":{"idSuffix":"inner"}},"clearTextFirst":true,"interactionType":"ENTER_TEXT"}]}
COMMAND: POST /session/36177e4d45fb5698ad30062df7661002/element - {"using":"xpath","value":"//bdi[contains(text(), \"OK\")]"}
RESULT: {"using":"xpath","value":"//bdi[contains(text(), \"OK\")]"}
COMMAND: POST /session/36177e4d45fb5698ad30062df7661002/element/f.165F0B9F83AB8D5533DBC2556707DBA6.d.26B1D559323B54BF1B480E4F1C9D9FCF.e.24892/click - {}
RESULT: {}
COMMAND: GET /session/36177e4d45fb5698ad30062df7661002/screenshot - {}
RESULT: {}
COMMAND: POST /session/36177e4d45fb5698ad30062df7661002/element - {"using":"xpath","value":"//button[@data-kt=\"PickingTableConfirmAllButton\"]"}
RESULT: {"using":"xpath","value":"//button[@data-kt=\"PickingTableConfirmAllButton\"]"}
COMMAND: POST /session/36177e4d45fb5698ad30062df7661002/element/f.165F0B9F83AB8D5533DBC2556707DBA6.d.26B1D559323B54BF1B480E4F1C9D9FCF.e.24876/click - {}
RESULT: {}
COMMAND: GET /session/36177e4d45fb5698ad30062df7661002/screenshot - {}
RESULT: {}
COMMAND: POST /session/36177e4d45fb5698ad30062df7661002/element - {"using":"xpath","value":"//bdi[contains(text(), \"OK\")]"}
RESULT: {"using":"xpath","value":"//bdi[contains(text(), \"OK\")]"}
COMMAND: POST /session/36177e4d45fb5698ad30062df7661002/element/f.165F0B9F83AB8D5533DBC2556707DBA6.d.26B1D559323B54BF1B480E4F1C9D9FCF.e.24906/click - {}
RESULT: {}
COMMAND: GET /session/36177e4d45fb5698ad30062df7661002/screenshot - {}
RESULT: {}
COMMAND: POST /session/36177e4d45fb5698ad30062df7661002/element - {"using":"xpath","value":"//button[@data-kt= \"execHoReceiveButton\"]"}
RESULT: {"using":"xpath","value":"//button[@data-kt= \"execHoReceiveButton\"]"}
COMMAND: POST /session/36177e4d45fb5698ad30062df7661002/element/f.165F0B9F83AB8D5533DBC2556707DBA6.d.26B1D559323B54BF1B480E4F1C9D9FCF.e.24907/click - {}
RESULT: {}
COMMAND: GET /session/36177e4d45fb5698ad30062df7661002/screenshot - {}
RESULT: {}
COMMAND: POST /session/36177e4d45fb5698ad30062df7661002/element - {"using":"xpath","value":"//input[contains(@id ,\"smartFilterBar-btnBasicSearch-I\")]"}
RESULT: {"using":"xpath","value":"//input[contains(@id ,\"smartFilterBar-btnBasicSearch-I\")]"}
COMMAND: POST /session/36177e4d45fb5698ad30062df7661002/elements - {"using":"xpath","value":"//input[contains(@id ,\"smartFilterBar-btnBasicSearch-I\")]"}
RESULT: {"using":"xpath","value":"//input[contains(@id ,\"smartFilterBar-btnBasicSearch-I\")]"}
COMMAND: POST /session/36177e4d45fb5698ad30062df7661002/execute/sync - {"script":"<script> [8489 bytes]","args":[{"element-6066-11e4-a52e-4f735466cecf":"f.165F0B9F83AB8D5533DBC2556707DBA6.d.26B1D559323B54BF1B480E4F1C9D9FCF.e.24230","ELEMENT":"f.165F0B9F83AB8D5533DBC2556707DBA6.d.26B1D559323B54BF1B480E4F1C9D9FCF.e.24230"}]}
RESULT: {"script":"<script> [8489 bytes]","args":[{"element-6066-11e4-a52e-4f735466cecf":"f.165F0B9F83AB8D5533DBC2556707DBA6.d.26B1D559323B54BF1B480E4F1C9D9FCF.e.24230","ELEMENT":"f.165F0B9F83AB8D5533DBC2556707DBA6.d.26B1D559323B54BF1B480E4F1C9D9FCF.e.24230"}]}
COMMAND: GET /session/36177e4d45fb5698ad30062df7661002/element/f.165F0B9F83AB8D5533DBC2556707DBA6.d.26B1D559323B54BF1B480E4F1C9D9FCF.e.24230/enabled - {}
COMMAND: GET /session/36177e4d45fb5698ad30062df7661002/screenshot - {}
RESULT: {}
COMMAND: POST /session/36177e4d45fb5698ad30062df7661002/element/f.165F0B9F83AB8D5533DBC2556707DBA6.d.26B1D559323B54BF1B480E4F1C9D9FCF.e.24230/clear - {}
COMMAND: GET /session/36177e4d45fb5698ad30062df7661002/screenshot - {}
RESULT: {}
RESULT: {}
RESULT: {}
COMMAND: POST /session/36177e4d45fb5698ad30062df7661002/element/f.165F0B9F83AB8D5533DBC2556707DBA6.d.26B1D559323B54BF1B480E4F1C9D9FCF.e.24230/value - {"text":"30520"}
COMMAND: GET /session/36177e4d45fb5698ad30062df7661002/screenshot - {}
RESULT: {}
RESULT: {"text":"30520"}
COMMAND: GET /session/36177e4d45fb5698ad30062df7661002/screenshot - {}
RESULT: {}
COMMAND: POST /session/36177e4d45fb5698ad30062df7661002/actions - {"actions":[{"id":"action89","type":"key","parameters":{},"actions":[{"type":"keyDown","value":"î€‡"},{"type":"pause","duration":10},{"type":"keyUp","value":"î€‡"}]}]}
RESULT: {"actions":[{"id":"action89","type":"key","parameters":{},"actions":[{"type":"keyDown","value":"î€‡"},{"type":"pause","duration":10},{"type":"keyUp","value":"î€‡"}]}]}
COMMAND: GET /session/36177e4d45fb5698ad30062df7661002/screenshot - {}
RESULT: {}
COMMAND: POST /session/36177e4d45fb5698ad30062df7661002/element - {"using":"xpath","value":"//span[contains(@id, \"smartTable-header-inner\")]"}
RESULT: {"using":"xpath","value":"//span[contains(@id, \"smartTable-header-inner\")]"}
COMMAND: POST /session/36177e4d45fb5698ad30062df7661002/elements - {"using":"xpath","value":"//span[contains(@id, \"smartTable-header-inner\")]"}
RESULT: {"using":"xpath","value":"//span[contains(@id, \"smartTable-header-inner\")]"}
COMMAND: POST /session/36177e4d45fb5698ad30062df7661002/execute/sync - {"script":"<script> [56 bytes]","args":[{"element-6066-11e4-a52e-4f735466cecf":"f.165F0B9F83AB8D5533DBC2556707DBA6.d.26B1D559323B54BF1B480E4F1C9D9FCF.e.24705","ELEMENT":"f.165F0B9F83AB8D5533DBC2556707DBA6.d.26B1D559323B54BF1B480E4F1C9D9FCF.e.24705"}]}
RESULT: {"script":"<script> [56 bytes]","args":[{"element-6066-11e4-a52e-4f735466cecf":"f.165F0B9F83AB8D5533DBC2556707DBA6.d.26B1D559323B54BF1B480E4F1C9D9FCF.e.24705","ELEMENT":"f.165F0B9F83AB8D5533DBC2556707DBA6.d.26B1D559323B54BF1B480E4F1C9D9FCF.e.24705"}]}
COMMAND: POST /session/36177e4d45fb5698ad30062df7661002/elements - {"using":"xpath","value":"//thead[contains(@class, \"sapMTableTH\")]/tr/th"}
COMMAND: GET /session/36177e4d45fb5698ad30062df7661002/screenshot - {}
RESULT: {"using":"xpath","value":"//thead[contains(@class, \"sapMTableTH\")]/tr/th"}
COMMAND: GET /session/36177e4d45fb5698ad30062df7661002/element/f.165F0B9F83AB8D5533DBC2556707DBA6.d.26B1D559323B54BF1B480E4F1C9D9FCF.e.24792/text - {}
RESULT: {}
RESULT: {}
COMMAND: GET /session/36177e4d45fb5698ad30062df7661002/element/f.165F0B9F83AB8D5533DBC2556707DBA6.d.26B1D559323B54BF1B480E4F1C9D9FCF.e.24793/text - {}
RESULT: {}
COMMAND: GET /session/36177e4d45fb5698ad30062df7661002/element/f.165F0B9F83AB8D5533DBC2556707DBA6.d.26B1D559323B54BF1B480E4F1C9D9FCF.e.24173/text - {}
RESULT: {}
COMMAND: GET /session/36177e4d45fb5698ad30062df7661002/element/f.165F0B9F83AB8D5533DBC2556707DBA6.d.26B1D559323B54BF1B480E4F1C9D9FCF.e.24175/text - {}
RESULT: {}
COMMAND: GET /session/36177e4d45fb5698ad30062df7661002/element/f.165F0B9F83AB8D5533DBC2556707DBA6.d.26B1D559323B54BF1B480E4F1C9D9FCF.e.24911/text - {}
RESULT: {}
COMMAND: GET /session/36177e4d45fb5698ad30062df7661002/element/f.165F0B9F83AB8D5533DBC2556707DBA6.d.26B1D559323B54BF1B480E4F1C9D9FCF.e.24912/text - {}
RESULT: {}
COMMAND: GET /session/36177e4d45fb5698ad30062df7661002/element/f.165F0B9F83AB8D5533DBC2556707DBA6.d.26B1D559323B54BF1B480E4F1C9D9FCF.e.24913/text - {}
RESULT: {}
COMMAND: GET /session/36177e4d45fb5698ad30062df7661002/element/f.165F0B9F83AB8D5533DBC2556707DBA6.d.26B1D559323B54BF1B480E4F1C9D9FCF.e.24914/text - {}
RESULT: {}
COMMAND: GET /session/36177e4d45fb5698ad30062df7661002/element/f.165F0B9F83AB8D5533DBC2556707DBA6.d.26B1D559323B54BF1B480E4F1C9D9FCF.e.24915/text - {}
RESULT: {}
COMMAND: GET /session/36177e4d45fb5698ad30062df7661002/element/f.165F0B9F83AB8D5533DBC2556707DBA6.d.26B1D559323B54BF1B480E4F1C9D9FCF.e.24916/text - {}
RESULT: {}
COMMAND: GET /session/36177e4d45fb5698ad30062df7661002/element/f.165F0B9F83AB8D5533DBC2556707DBA6.d.26B1D559323B54BF1B480E4F1C9D9FCF.e.24917/text - {}
RESULT: {}
COMMAND: GET /session/36177e4d45fb5698ad30062df7661002/element/f.165F0B9F83AB8D5533DBC2556707DBA6.d.26B1D559323B54BF1B480E4F1C9D9FCF.e.24918/text - {}
RESULT: {}
COMMAND: GET /session/36177e4d45fb5698ad30062df7661002/element/f.165F0B9F83AB8D5533DBC2556707DBA6.d.26B1D559323B54BF1B480E4F1C9D9FCF.e.24919/text - {}
RESULT: {}
COMMAND: GET /session/36177e4d45fb5698ad30062df7661002/element/f.165F0B9F83AB8D5533DBC2556707DBA6.d.26B1D559323B54BF1B480E4F1C9D9FCF.e.24176/text - {}
RESULT: {}
COMMAND: POST /session/36177e4d45fb5698ad30062df7661002/element - {"using":"xpath","value":"//tbody[contains(@id, \"customHandoversTable-tblBody\")]/tr[1]/td[14]/div/span"}
RESULT: {"using":"xpath","value":"//tbody[contains(@id, \"customHandoversTable-tblBody\")]/tr[1]/td[14]/div/span"}
COMMAND: POST /session/36177e4d45fb5698ad30062df7661002/execute/sync - {"script":"<script> [56 bytes]","args":[{"element-6066-11e4-a52e-4f735466cecf":"f.165F0B9F83AB8D5533DBC2556707DBA6.d.26B1D559323B54BF1B480E4F1C9D9FCF.e.24972","ELEMENT":"f.165F0B9F83AB8D5533DBC2556707DBA6.d.26B1D559323B54BF1B480E4F1C9D9FCF.e.24972"}]}
RESULT: {"script":"<script> [56 bytes]","args":[{"element-6066-11e4-a52e-4f735466cecf":"f.165F0B9F83AB8D5533DBC2556707DBA6.d.26B1D559323B54BF1B480E4F1C9D9FCF.e.24972","ELEMENT":"f.165F0B9F83AB8D5533DBC2556707DBA6.d.26B1D559323B54BF1B480E4F1C9D9FCF.e.24972"}]}
COMMAND: POST /session/36177e4d45fb5698ad30062df7661002/element - {"using":"css selector","value":"#shell-header-logo"}
COMMAND: GET /session/36177e4d45fb5698ad30062df7661002/screenshot - {}
RESULT: {"using":"css selector","value":"#shell-header-logo"}
COMMAND: POST /session/36177e4d45fb5698ad30062df7661002/element/f.165F0B9F83AB8D5533DBC2556707DBA6.d.26B1D559323B54BF1B480E4F1C9D9FCF.e.23827/click - {}
RESULT: {}
RESULT: {}
COMMAND: GET /session/36177e4d45fb5698ad30062df7661002/screenshot - {}
RESULT: {}
]]></system-out>
    </testcase>
    <testcase classname="chrome.136_0_7103_93.windows.Billing_Calculation_-_Time_based_(considering_transport_times)_US139738" name="Should do another billing run but in around 17 days from today" time="75.418">
      <system-out><![CDATA[
RESULT: undefined
COMMAND: POST /session/36177e4d45fb5698ad30062df7661002/element - {"using":"xpath","value":"//*[@id=\"__tile51\"]"}
RESULT: {"using":"xpath","value":"//*[@id=\"__tile51\"]"}
COMMAND: POST /session/36177e4d45fb5698ad30062df7661002/element/f.165F0B9F83AB8D5533DBC2556707DBA6.d.26B1D559323B54BF1B480E4F1C9D9FCF.e.19033/click - {}
RESULT: {}
COMMAND: GET /session/36177e4d45fb5698ad30062df7661002/screenshot - {}
RESULT: {}
COMMAND: POST /session/36177e4d45fb5698ad30062df7661002/elements - {"using":"xpath","value":"//span[text()='Error']"}
RESULT: {"using":"xpath","value":"//span[text()='Error']"}
RESULT: undefined
COMMAND: POST /session/36177e4d45fb5698ad30062df7661002/execute/async - {"script":"<script> [776 bytes]","args":[{"enterText":"10294","selector":{"id":"application-managebillings-display-component---billRunCalcResult--smartFilterBar-btnBasicSearch","interaction":{"idSuffix":"I"}},"clearTextFirst":true,"interactionType":"ENTER_TEXT"}]}
RESULT: {"script":"<script> [776 bytes]","args":[{"enterText":"10294","selector":{"id":"application-managebillings-display-component---billRunCalcResult--smartFilterBar-btnBasicSearch","interaction":{"idSuffix":"I"}},"clearTextFirst":true,"interactionType":"ENTER_TEXT"}]}
COMMAND: POST /session/36177e4d45fb5698ad30062df7661002/actions - {"actions":[{"id":"action90","type":"key","parameters":{},"actions":[{"type":"keyDown","value":"î€‡"},{"type":"pause","duration":10},{"type":"keyUp","value":"î€‡"}]}]}
RESULT: {"actions":[{"id":"action90","type":"key","parameters":{},"actions":[{"type":"keyDown","value":"î€‡"},{"type":"pause","duration":10},{"type":"keyUp","value":"î€‡"}]}]}
COMMAND: GET /session/36177e4d45fb5698ad30062df7661002/screenshot - {}
RESULT: {}
COMMAND: POST /session/36177e4d45fb5698ad30062df7661002/element - {"using":"xpath","value":"//td[@aria-colindex=\"1\"]/div/div[contains(@class, \"sapMCbBg\")]"}
RESULT: {"using":"xpath","value":"//td[@aria-colindex=\"1\"]/div/div[contains(@class, \"sapMCbBg\")]"}
COMMAND: POST /session/36177e4d45fb5698ad30062df7661002/element/f.165F0B9F83AB8D5533DBC2556707DBA6.d.26B1D559323B54BF1B480E4F1C9D9FCF.e.25184/click - {}
RESULT: {}
COMMAND: GET /session/36177e4d45fb5698ad30062df7661002/screenshot - {}
RESULT: {}
RESULT: undefined
COMMAND: POST /session/36177e4d45fb5698ad30062df7661002/execute/async - {"script":"<script> [776 bytes]","args":[{"enterText":"6/2/25","selector":{"id":"application-managebillings-display-component---billRunCalcResult--contractBillRunDate","interaction":{"idSuffix":"inner"}},"clearTextFirst":true,"interactionType":"ENTER_TEXT"}]}
RESULT: {"script":"<script> [776 bytes]","args":[{"enterText":"6/2/25","selector":{"id":"application-managebillings-display-component---billRunCalcResult--contractBillRunDate","interaction":{"idSuffix":"inner"}},"clearTextFirst":true,"interactionType":"ENTER_TEXT"}]}
COMMAND: POST /session/36177e4d45fb5698ad30062df7661002/element - {"using":"xpath","value":"//bdi[contains(text(), \"Trigger Calculation\")]"}
RESULT: {"using":"xpath","value":"//bdi[contains(text(), \"Trigger Calculation\")]"}
COMMAND: POST /session/36177e4d45fb5698ad30062df7661002/element/f.165F0B9F83AB8D5533DBC2556707DBA6.d.26B1D559323B54BF1B480E4F1C9D9FCF.e.25235/click - {}
RESULT: {}
COMMAND: GET /session/36177e4d45fb5698ad30062df7661002/screenshot - {}
RESULT: {}
COMMAND: POST /session/36177e4d45fb5698ad30062df7661002/element - {"using":"xpath","value":"(//span[contains(@id, \"imgNav\")])[1]"}
RESULT: {"using":"xpath","value":"(//span[contains(@id, \"imgNav\")])[1]"}
COMMAND: POST /session/36177e4d45fb5698ad30062df7661002/element/f.165F0B9F83AB8D5533DBC2556707DBA6.d.26B1D559323B54BF1B480E4F1C9D9FCF.e.25185/click - {}
RESULT: {}
COMMAND: GET /session/36177e4d45fb5698ad30062df7661002/screenshot - {}
RESULT: {}
COMMAND: POST /session/36177e4d45fb5698ad30062df7661002/element - {"using":"xpath","value":"//tr/td[6]/div[1]/span[1]/span[1]"}
RESULT: {"using":"xpath","value":"//tr/td[6]/div[1]/span[1]/span[1]"}
COMMAND: GET /session/36177e4d45fb5698ad30062df7661002/element/f.165F0B9F83AB8D5533DBC2556707DBA6.d.26B1D559323B54BF1B480E4F1C9D9FCF.e.25241/text - {}
RESULT: {}
COMMAND: POST /session/36177e4d45fb5698ad30062df7661002/element - {"using":"xpath","value":"(//span[contains(@id, \"imgNav\")])[2]"}
RESULT: {"using":"xpath","value":"(//span[contains(@id, \"imgNav\")])[2]"}
COMMAND: POST /session/36177e4d45fb5698ad30062df7661002/element/f.165F0B9F83AB8D5533DBC2556707DBA6.d.26B1D559323B54BF1B480E4F1C9D9FCF.e.25242/click - {}
RESULT: {}
COMMAND: POST /session/36177e4d45fb5698ad30062df7661002/element - {"using":"xpath","value":"//bdi[contains(text(), \"Business Confirm\")]"}
COMMAND: GET /session/36177e4d45fb5698ad30062df7661002/screenshot - {}
RESULT: {"using":"xpath","value":"//bdi[contains(text(), \"Business Confirm\")]"}
COMMAND: POST /session/36177e4d45fb5698ad30062df7661002/elements - {"using":"xpath","value":"//bdi[contains(text(), \"Business Confirm\")]"}
RESULT: {}
RESULT: {"using":"xpath","value":"//bdi[contains(text(), \"Business Confirm\")]"}
COMMAND: POST /session/36177e4d45fb5698ad30062df7661002/element - {"using":"xpath","value":"//bdi[contains(text(), \"Business Confirm\")]"}
RESULT: {"using":"xpath","value":"//bdi[contains(text(), \"Business Confirm\")]"}
COMMAND: POST /session/36177e4d45fb5698ad30062df7661002/element/f.165F0B9F83AB8D5533DBC2556707DBA6.d.26B1D559323B54BF1B480E4F1C9D9FCF.e.25245/click - {}
COMMAND: POST /session/36177e4d45fb5698ad30062df7661002/element - {"using":"xpath","value":"//bdi[contains(text(), \"Business Confirm\")]"}
RESULT: {"using":"xpath","value":"//bdi[contains(text(), \"Business Confirm\")]"}
COMMAND: POST /session/36177e4d45fb5698ad30062df7661002/element/f.165F0B9F83AB8D5533DBC2556707DBA6.d.26B1D559323B54BF1B480E4F1C9D9FCF.e.25245/click - {}
COMMAND: POST /session/36177e4d45fb5698ad30062df7661002/element - {"using":"xpath","value":"//bdi[contains(text(), \"Business Confirm\")]"}
RESULT: {"using":"xpath","value":"//bdi[contains(text(), \"Business Confirm\")]"}
COMMAND: POST /session/36177e4d45fb5698ad30062df7661002/element/f.165F0B9F83AB8D5533DBC2556707DBA6.d.26B1D559323B54BF1B480E4F1C9D9FCF.e.25298/click - {}
RESULT: {}
COMMAND: POST /session/36177e4d45fb5698ad30062df7661002/element - {"using":"css selector","value":"#shell-header-logo"}
COMMAND: GET /session/36177e4d45fb5698ad30062df7661002/screenshot - {}
RESULT: {"using":"css selector","value":"#shell-header-logo"}
COMMAND: POST /session/36177e4d45fb5698ad30062df7661002/element/f.165F0B9F83AB8D5533DBC2556707DBA6.d.26B1D559323B54BF1B480E4F1C9D9FCF.e.24976/click - {}
RESULT: {}
RESULT: {}
COMMAND: GET /session/36177e4d45fb5698ad30062df7661002/screenshot - {}
RESULT: {}
]]></system-out>
    </testcase>
    <testcase classname="chrome.136_0_7103_93.windows.Billing_Calculation_-_Time_based_(considering_transport_times)_US139738" name="Should transfer the billing all the way to completion" time="91.023">
      <system-out><![CDATA[
RESULT: undefined
COMMAND: POST /session/36177e4d45fb5698ad30062df7661002/element - {"using":"xpath","value":"//*[@id=\"__tile50\"]"}
RESULT: {"using":"xpath","value":"//*[@id=\"__tile50\"]"}
COMMAND: POST /session/36177e4d45fb5698ad30062df7661002/element/f.165F0B9F83AB8D5533DBC2556707DBA6.d.26B1D559323B54BF1B480E4F1C9D9FCF.e.19031/click - {}
RESULT: {}
COMMAND: GET /session/36177e4d45fb5698ad30062df7661002/screenshot - {}
RESULT: {}
COMMAND: POST /session/36177e4d45fb5698ad30062df7661002/elements - {"using":"xpath","value":"//span[text()='Error']"}
RESULT: {"using":"xpath","value":"//span[text()='Error']"}
COMMAND: POST /session/36177e4d45fb5698ad30062df7661002/element - {"using":"xpath","value":"//input[contains(@id ,\"application-billingtransfer-display-component---billingWorkbench--smartFilterBar-btnBasicSearch\")]"}
RESULT: {"using":"xpath","value":"//input[contains(@id ,\"application-billingtransfer-display-component---billingWorkbench--smartFilterBar-btnBasicSearch\")]"}
COMMAND: POST /session/36177e4d45fb5698ad30062df7661002/elements - {"using":"xpath","value":"//input[contains(@id ,\"application-billingtransfer-display-component---billingWorkbench--smartFilterBar-btnBasicSearch\")]"}
RESULT: {"using":"xpath","value":"//input[contains(@id ,\"application-billingtransfer-display-component---billingWorkbench--smartFilterBar-btnBasicSearch\")]"}
COMMAND: POST /session/36177e4d45fb5698ad30062df7661002/execute/sync - {"script":"<script> [8489 bytes]","args":[{"element-6066-11e4-a52e-4f735466cecf":"f.165F0B9F83AB8D5533DBC2556707DBA6.d.26B1D559323B54BF1B480E4F1C9D9FCF.e.25323","ELEMENT":"f.165F0B9F83AB8D5533DBC2556707DBA6.d.26B1D559323B54BF1B480E4F1C9D9FCF.e.25323"}]}
RESULT: {"script":"<script> [8489 bytes]","args":[{"element-6066-11e4-a52e-4f735466cecf":"f.165F0B9F83AB8D5533DBC2556707DBA6.d.26B1D559323B54BF1B480E4F1C9D9FCF.e.25323","ELEMENT":"f.165F0B9F83AB8D5533DBC2556707DBA6.d.26B1D559323B54BF1B480E4F1C9D9FCF.e.25323"}]}
COMMAND: GET /session/36177e4d45fb5698ad30062df7661002/element/f.165F0B9F83AB8D5533DBC2556707DBA6.d.26B1D559323B54BF1B480E4F1C9D9FCF.e.25323/enabled - {}
COMMAND: GET /session/36177e4d45fb5698ad30062df7661002/screenshot - {}
RESULT: {}
COMMAND: POST /session/36177e4d45fb5698ad30062df7661002/element/f.165F0B9F83AB8D5533DBC2556707DBA6.d.26B1D559323B54BF1B480E4F1C9D9FCF.e.25323/click - {}
COMMAND: GET /session/36177e4d45fb5698ad30062df7661002/screenshot - {}
RESULT: {}
RESULT: {}
COMMAND: GET /session/36177e4d45fb5698ad30062df7661002/screenshot - {}
RESULT: {}
RESULT: {}
COMMAND: POST /session/36177e4d45fb5698ad30062df7661002/element/f.165F0B9F83AB8D5533DBC2556707DBA6.d.26B1D559323B54BF1B480E4F1C9D9FCF.e.25323/clear - {}
RESULT: {}
COMMAND: POST /session/36177e4d45fb5698ad30062df7661002/element/f.165F0B9F83AB8D5533DBC2556707DBA6.d.26B1D559323B54BF1B480E4F1C9D9FCF.e.25323/value - {"text":"10294"}
COMMAND: GET /session/36177e4d45fb5698ad30062df7661002/screenshot - {}
RESULT: {"text":"10294"}
COMMAND: POST /session/36177e4d45fb5698ad30062df7661002/actions - {"actions":[{"id":"action91","type":"key","parameters":{},"actions":[{"type":"keyDown","value":"î€‡"},{"type":"pause","duration":10},{"type":"keyUp","value":"î€‡"}]}]}
COMMAND: GET /session/36177e4d45fb5698ad30062df7661002/screenshot - {}
RESULT: {}
RESULT: {"actions":[{"id":"action91","type":"key","parameters":{},"actions":[{"type":"keyDown","value":"î€‡"},{"type":"pause","duration":10},{"type":"keyUp","value":"î€‡"}]}]}
COMMAND: GET /session/36177e4d45fb5698ad30062df7661002/screenshot - {}
RESULT: {}
RESULT: {}
COMMAND: POST /session/36177e4d45fb5698ad30062df7661002/element - {"using":"xpath","value":"//span[contains(@id ,\"application-billingtransfer-display-component---billingWorkbench--smartTableBillingRuns-header-inner\")]"}
RESULT: {"using":"xpath","value":"//span[contains(@id ,\"application-billingtransfer-display-component---billingWorkbench--smartTableBillingRuns-header-inner\")]"}
COMMAND: POST /session/36177e4d45fb5698ad30062df7661002/elements - {"using":"xpath","value":"//span[contains(@id ,\"application-billingtransfer-display-component---billingWorkbench--smartTableBillingRuns-header-inner\")]"}
RESULT: {"using":"xpath","value":"//span[contains(@id ,\"application-billingtransfer-display-component---billingWorkbench--smartTableBillingRuns-header-inner\")]"}
COMMAND: POST /session/36177e4d45fb5698ad30062df7661002/execute/sync - {"script":"<script> [56 bytes]","args":[{"element-6066-11e4-a52e-4f735466cecf":"f.165F0B9F83AB8D5533DBC2556707DBA6.d.26B1D559323B54BF1B480E4F1C9D9FCF.e.25490","ELEMENT":"f.165F0B9F83AB8D5533DBC2556707DBA6.d.26B1D559323B54BF1B480E4F1C9D9FCF.e.25490"}]}
RESULT: {"script":"<script> [56 bytes]","args":[{"element-6066-11e4-a52e-4f735466cecf":"f.165F0B9F83AB8D5533DBC2556707DBA6.d.26B1D559323B54BF1B480E4F1C9D9FCF.e.25490","ELEMENT":"f.165F0B9F83AB8D5533DBC2556707DBA6.d.26B1D559323B54BF1B480E4F1C9D9FCF.e.25490"}]}
COMMAND: POST /session/36177e4d45fb5698ad30062df7661002/element - {"using":"xpath","value":"//td[@aria-colindex=\"1\"]/div/div[contains(@class, \"sapMCbBg\")]"}
COMMAND: GET /session/36177e4d45fb5698ad30062df7661002/screenshot - {}
RESULT: {"using":"xpath","value":"//td[@aria-colindex=\"1\"]/div/div[contains(@class, \"sapMCbBg\")]"}
COMMAND: POST /session/36177e4d45fb5698ad30062df7661002/element/f.165F0B9F83AB8D5533DBC2556707DBA6.d.26B1D559323B54BF1B480E4F1C9D9FCF.e.25434/click - {}
RESULT: {}
RESULT: {}
COMMAND: GET /session/36177e4d45fb5698ad30062df7661002/screenshot - {}
RESULT: {}
COMMAND: POST /session/36177e4d45fb5698ad30062df7661002/element - {"using":"xpath","value":"//bdi[contains(text(), \"Check\")]"}
RESULT: {"using":"xpath","value":"//bdi[contains(text(), \"Check\")]"}
COMMAND: POST /session/36177e4d45fb5698ad30062df7661002/element/f.165F0B9F83AB8D5533DBC2556707DBA6.d.26B1D559323B54BF1B480E4F1C9D9FCF.e.25491/click - {}
RESULT: {}
COMMAND: GET /session/36177e4d45fb5698ad30062df7661002/screenshot - {}
RESULT: {}
COMMAND: POST /session/36177e4d45fb5698ad30062df7661002/element - {"using":"xpath","value":"//bdi[contains(text(), \"OK\")]"}
RESULT: {"using":"xpath","value":"//bdi[contains(text(), \"OK\")]"}
COMMAND: POST /session/36177e4d45fb5698ad30062df7661002/element/f.165F0B9F83AB8D5533DBC2556707DBA6.d.26B1D559323B54BF1B480E4F1C9D9FCF.e.25494/click - {}
RESULT: {}
COMMAND: GET /session/36177e4d45fb5698ad30062df7661002/screenshot - {}
RESULT: {}
COMMAND: POST /session/36177e4d45fb5698ad30062df7661002/element - {"using":"xpath","value":"(//span[contains(text(), \"CO/SD checked\")]/parent::div/preceding-sibling::div/span)[1]"}
RESULT: {"using":"xpath","value":"(//span[contains(text(), \"CO/SD checked\")]/parent::div/preceding-sibling::div/span)[1]"}
COMMAND: POST /session/36177e4d45fb5698ad30062df7661002/element/f.165F0B9F83AB8D5533DBC2556707DBA6.d.26B1D559323B54BF1B480E4F1C9D9FCF.e.25496/click - {}
RESULT: {}
COMMAND: GET /session/36177e4d45fb5698ad30062df7661002/screenshot - {}
RESULT: {}
COMMAND: POST /session/36177e4d45fb5698ad30062df7661002/element - {"using":"xpath","value":"//input[contains(@id ,\"application-billingtransfer-display-component---billingWorkbench--smartFilterBar-btnBasicSearch\")]"}
RESULT: {"using":"xpath","value":"//input[contains(@id ,\"application-billingtransfer-display-component---billingWorkbench--smartFilterBar-btnBasicSearch\")]"}
COMMAND: POST /session/36177e4d45fb5698ad30062df7661002/elements - {"using":"xpath","value":"//input[contains(@id ,\"application-billingtransfer-display-component---billingWorkbench--smartFilterBar-btnBasicSearch\")]"}
RESULT: {"using":"xpath","value":"//input[contains(@id ,\"application-billingtransfer-display-component---billingWorkbench--smartFilterBar-btnBasicSearch\")]"}
COMMAND: POST /session/36177e4d45fb5698ad30062df7661002/execute/sync - {"script":"<script> [8489 bytes]","args":[{"element-6066-11e4-a52e-4f735466cecf":"f.165F0B9F83AB8D5533DBC2556707DBA6.d.26B1D559323B54BF1B480E4F1C9D9FCF.e.25323","ELEMENT":"f.165F0B9F83AB8D5533DBC2556707DBA6.d.26B1D559323B54BF1B480E4F1C9D9FCF.e.25323"}]}
RESULT: {"script":"<script> [8489 bytes]","args":[{"element-6066-11e4-a52e-4f735466cecf":"f.165F0B9F83AB8D5533DBC2556707DBA6.d.26B1D559323B54BF1B480E4F1C9D9FCF.e.25323","ELEMENT":"f.165F0B9F83AB8D5533DBC2556707DBA6.d.26B1D559323B54BF1B480E4F1C9D9FCF.e.25323"}]}
COMMAND: GET /session/36177e4d45fb5698ad30062df7661002/element/f.165F0B9F83AB8D5533DBC2556707DBA6.d.26B1D559323B54BF1B480E4F1C9D9FCF.e.25323/enabled - {}
COMMAND: GET /session/36177e4d45fb5698ad30062df7661002/screenshot - {}
RESULT: {}
COMMAND: POST /session/36177e4d45fb5698ad30062df7661002/element/f.165F0B9F83AB8D5533DBC2556707DBA6.d.26B1D559323B54BF1B480E4F1C9D9FCF.e.25323/click - {}
COMMAND: GET /session/36177e4d45fb5698ad30062df7661002/screenshot - {}
RESULT: {}
RESULT: {}
COMMAND: GET /session/36177e4d45fb5698ad30062df7661002/screenshot - {}
RESULT: {}
RESULT: {}
COMMAND: POST /session/36177e4d45fb5698ad30062df7661002/element/f.165F0B9F83AB8D5533DBC2556707DBA6.d.26B1D559323B54BF1B480E4F1C9D9FCF.e.25323/clear - {}
RESULT: {}
COMMAND: POST /session/36177e4d45fb5698ad30062df7661002/element/f.165F0B9F83AB8D5533DBC2556707DBA6.d.26B1D559323B54BF1B480E4F1C9D9FCF.e.25323/value - {"text":"10294"}
COMMAND: GET /session/36177e4d45fb5698ad30062df7661002/screenshot - {}
RESULT: {"text":"10294"}
COMMAND: POST /session/36177e4d45fb5698ad30062df7661002/actions - {"actions":[{"id":"action92","type":"key","parameters":{},"actions":[{"type":"keyDown","value":"î€‡"},{"type":"pause","duration":10},{"type":"keyUp","value":"î€‡"}]}]}
COMMAND: GET /session/36177e4d45fb5698ad30062df7661002/screenshot - {}
RESULT: {}
RESULT: {"actions":[{"id":"action92","type":"key","parameters":{},"actions":[{"type":"keyDown","value":"î€‡"},{"type":"pause","duration":10},{"type":"keyUp","value":"î€‡"}]}]}
COMMAND: GET /session/36177e4d45fb5698ad30062df7661002/screenshot - {}
RESULT: {}
RESULT: {}
COMMAND: POST /session/36177e4d45fb5698ad30062df7661002/element - {"using":"xpath","value":"//span[contains(@id ,\"application-billingtransfer-display-component---billingWorkbench--smartTableBillingRuns-header-inner\")]"}
RESULT: {"using":"xpath","value":"//span[contains(@id ,\"application-billingtransfer-display-component---billingWorkbench--smartTableBillingRuns-header-inner\")]"}
COMMAND: POST /session/36177e4d45fb5698ad30062df7661002/elements - {"using":"xpath","value":"//span[contains(@id ,\"application-billingtransfer-display-component---billingWorkbench--smartTableBillingRuns-header-inner\")]"}
RESULT: {"using":"xpath","value":"//span[contains(@id ,\"application-billingtransfer-display-component---billingWorkbench--smartTableBillingRuns-header-inner\")]"}
COMMAND: POST /session/36177e4d45fb5698ad30062df7661002/execute/sync - {"script":"<script> [56 bytes]","args":[{"element-6066-11e4-a52e-4f735466cecf":"f.165F0B9F83AB8D5533DBC2556707DBA6.d.26B1D559323B54BF1B480E4F1C9D9FCF.e.25490","ELEMENT":"f.165F0B9F83AB8D5533DBC2556707DBA6.d.26B1D559323B54BF1B480E4F1C9D9FCF.e.25490"}]}
RESULT: {"script":"<script> [56 bytes]","args":[{"element-6066-11e4-a52e-4f735466cecf":"f.165F0B9F83AB8D5533DBC2556707DBA6.d.26B1D559323B54BF1B480E4F1C9D9FCF.e.25490","ELEMENT":"f.165F0B9F83AB8D5533DBC2556707DBA6.d.26B1D559323B54BF1B480E4F1C9D9FCF.e.25490"}]}
COMMAND: GET /session/36177e4d45fb5698ad30062df7661002/screenshot - {}
RESULT: {}
COMMAND: POST /session/36177e4d45fb5698ad30062df7661002/execute/sync - {"script":"<script> [56 bytes]","args":[{"element-6066-11e4-a52e-4f735466cecf":"f.165F0B9F83AB8D5533DBC2556707DBA6.d.26B1D559323B54BF1B480E4F1C9D9FCF.e.25490","ELEMENT":"f.165F0B9F83AB8D5533DBC2556707DBA6.d.26B1D559323B54BF1B480E4F1C9D9FCF.e.25490"}]}
RESULT: {"script":"<script> [56 bytes]","args":[{"element-6066-11e4-a52e-4f735466cecf":"f.165F0B9F83AB8D5533DBC2556707DBA6.d.26B1D559323B54BF1B480E4F1C9D9FCF.e.25490","ELEMENT":"f.165F0B9F83AB8D5533DBC2556707DBA6.d.26B1D559323B54BF1B480E4F1C9D9FCF.e.25490"}]}
COMMAND: GET /session/36177e4d45fb5698ad30062df7661002/screenshot - {}
RESULT: {}
COMMAND: POST /session/36177e4d45fb5698ad30062df7661002/execute/sync - {"script":"<script> [56 bytes]","args":[{"element-6066-11e4-a52e-4f735466cecf":"f.165F0B9F83AB8D5533DBC2556707DBA6.d.26B1D559323B54BF1B480E4F1C9D9FCF.e.25490","ELEMENT":"f.165F0B9F83AB8D5533DBC2556707DBA6.d.26B1D559323B54BF1B480E4F1C9D9FCF.e.25490"}]}
RESULT: {"script":"<script> [56 bytes]","args":[{"element-6066-11e4-a52e-4f735466cecf":"f.165F0B9F83AB8D5533DBC2556707DBA6.d.26B1D559323B54BF1B480E4F1C9D9FCF.e.25490","ELEMENT":"f.165F0B9F83AB8D5533DBC2556707DBA6.d.26B1D559323B54BF1B480E4F1C9D9FCF.e.25490"}]}
COMMAND: GET /session/36177e4d45fb5698ad30062df7661002/screenshot - {}
RESULT: {}
COMMAND: POST /session/36177e4d45fb5698ad30062df7661002/execute/sync - {"script":"<script> [56 bytes]","args":[{"element-6066-11e4-a52e-4f735466cecf":"f.165F0B9F83AB8D5533DBC2556707DBA6.d.26B1D559323B54BF1B480E4F1C9D9FCF.e.25490","ELEMENT":"f.165F0B9F83AB8D5533DBC2556707DBA6.d.26B1D559323B54BF1B480E4F1C9D9FCF.e.25490"}]}
RESULT: {"script":"<script> [56 bytes]","args":[{"element-6066-11e4-a52e-4f735466cecf":"f.165F0B9F83AB8D5533DBC2556707DBA6.d.26B1D559323B54BF1B480E4F1C9D9FCF.e.25490","ELEMENT":"f.165F0B9F83AB8D5533DBC2556707DBA6.d.26B1D559323B54BF1B480E4F1C9D9FCF.e.25490"}]}
COMMAND: GET /session/36177e4d45fb5698ad30062df7661002/screenshot - {}
RESULT: {}
COMMAND: POST /session/36177e4d45fb5698ad30062df7661002/execute/sync - {"script":"<script> [56 bytes]","args":[{"element-6066-11e4-a52e-4f735466cecf":"f.165F0B9F83AB8D5533DBC2556707DBA6.d.26B1D559323B54BF1B480E4F1C9D9FCF.e.25490","ELEMENT":"f.165F0B9F83AB8D5533DBC2556707DBA6.d.26B1D559323B54BF1B480E4F1C9D9FCF.e.25490"}]}
RESULT: {"script":"<script> [56 bytes]","args":[{"element-6066-11e4-a52e-4f735466cecf":"f.165F0B9F83AB8D5533DBC2556707DBA6.d.26B1D559323B54BF1B480E4F1C9D9FCF.e.25490","ELEMENT":"f.165F0B9F83AB8D5533DBC2556707DBA6.d.26B1D559323B54BF1B480E4F1C9D9FCF.e.25490"}]}
COMMAND: GET /session/36177e4d45fb5698ad30062df7661002/screenshot - {}
RESULT: {}
COMMAND: POST /session/36177e4d45fb5698ad30062df7661002/execute/sync - {"script":"<script> [56 bytes]","args":[{"element-6066-11e4-a52e-4f735466cecf":"f.165F0B9F83AB8D5533DBC2556707DBA6.d.26B1D559323B54BF1B480E4F1C9D9FCF.e.25490","ELEMENT":"f.165F0B9F83AB8D5533DBC2556707DBA6.d.26B1D559323B54BF1B480E4F1C9D9FCF.e.25490"}]}
RESULT: {"script":"<script> [56 bytes]","args":[{"element-6066-11e4-a52e-4f735466cecf":"f.165F0B9F83AB8D5533DBC2556707DBA6.d.26B1D559323B54BF1B480E4F1C9D9FCF.e.25490","ELEMENT":"f.165F0B9F83AB8D5533DBC2556707DBA6.d.26B1D559323B54BF1B480E4F1C9D9FCF.e.25490"}]}
COMMAND: GET /session/36177e4d45fb5698ad30062df7661002/screenshot - {}
RESULT: {}
COMMAND: POST /session/36177e4d45fb5698ad30062df7661002/execute/sync - {"script":"<script> [56 bytes]","args":[{"element-6066-11e4-a52e-4f735466cecf":"f.165F0B9F83AB8D5533DBC2556707DBA6.d.26B1D559323B54BF1B480E4F1C9D9FCF.e.25490","ELEMENT":"f.165F0B9F83AB8D5533DBC2556707DBA6.d.26B1D559323B54BF1B480E4F1C9D9FCF.e.25490"}]}
RESULT: {"script":"<script> [56 bytes]","args":[{"element-6066-11e4-a52e-4f735466cecf":"f.165F0B9F83AB8D5533DBC2556707DBA6.d.26B1D559323B54BF1B480E4F1C9D9FCF.e.25490","ELEMENT":"f.165F0B9F83AB8D5533DBC2556707DBA6.d.26B1D559323B54BF1B480E4F1C9D9FCF.e.25490"}]}
COMMAND: GET /session/36177e4d45fb5698ad30062df7661002/screenshot - {}
RESULT: {}
COMMAND: POST /session/36177e4d45fb5698ad30062df7661002/execute/sync - {"script":"<script> [56 bytes]","args":[{"element-6066-11e4-a52e-4f735466cecf":"f.165F0B9F83AB8D5533DBC2556707DBA6.d.26B1D559323B54BF1B480E4F1C9D9FCF.e.25490","ELEMENT":"f.165F0B9F83AB8D5533DBC2556707DBA6.d.26B1D559323B54BF1B480E4F1C9D9FCF.e.25490"}]}
RESULT: {"script":"<script> [56 bytes]","args":[{"element-6066-11e4-a52e-4f735466cecf":"f.165F0B9F83AB8D5533DBC2556707DBA6.d.26B1D559323B54BF1B480E4F1C9D9FCF.e.25490","ELEMENT":"f.165F0B9F83AB8D5533DBC2556707DBA6.d.26B1D559323B54BF1B480E4F1C9D9FCF.e.25490"}]}
COMMAND: GET /session/36177e4d45fb5698ad30062df7661002/screenshot - {}
RESULT: {}
COMMAND: POST /session/36177e4d45fb5698ad30062df7661002/execute/sync - {"script":"<script> [56 bytes]","args":[{"element-6066-11e4-a52e-4f735466cecf":"f.165F0B9F83AB8D5533DBC2556707DBA6.d.26B1D559323B54BF1B480E4F1C9D9FCF.e.25490","ELEMENT":"f.165F0B9F83AB8D5533DBC2556707DBA6.d.26B1D559323B54BF1B480E4F1C9D9FCF.e.25490"}]}
RESULT: {"script":"<script> [56 bytes]","args":[{"element-6066-11e4-a52e-4f735466cecf":"f.165F0B9F83AB8D5533DBC2556707DBA6.d.26B1D559323B54BF1B480E4F1C9D9FCF.e.25490","ELEMENT":"f.165F0B9F83AB8D5533DBC2556707DBA6.d.26B1D559323B54BF1B480E4F1C9D9FCF.e.25490"}]}
COMMAND: GET /session/36177e4d45fb5698ad30062df7661002/screenshot - {}
RESULT: {}
COMMAND: POST /session/36177e4d45fb5698ad30062df7661002/execute/sync - {"script":"<script> [56 bytes]","args":[{"element-6066-11e4-a52e-4f735466cecf":"f.165F0B9F83AB8D5533DBC2556707DBA6.d.26B1D559323B54BF1B480E4F1C9D9FCF.e.25490","ELEMENT":"f.165F0B9F83AB8D5533DBC2556707DBA6.d.26B1D559323B54BF1B480E4F1C9D9FCF.e.25490"}]}
RESULT: {"script":"<script> [56 bytes]","args":[{"element-6066-11e4-a52e-4f735466cecf":"f.165F0B9F83AB8D5533DBC2556707DBA6.d.26B1D559323B54BF1B480E4F1C9D9FCF.e.25490","ELEMENT":"f.165F0B9F83AB8D5533DBC2556707DBA6.d.26B1D559323B54BF1B480E4F1C9D9FCF.e.25490"}]}
COMMAND: GET /session/36177e4d45fb5698ad30062df7661002/screenshot - {}
RESULT: {}
COMMAND: POST /session/36177e4d45fb5698ad30062df7661002/execute/sync - {"script":"<script> [56 bytes]","args":[{"element-6066-11e4-a52e-4f735466cecf":"f.165F0B9F83AB8D5533DBC2556707DBA6.d.26B1D559323B54BF1B480E4F1C9D9FCF.e.25490","ELEMENT":"f.165F0B9F83AB8D5533DBC2556707DBA6.d.26B1D559323B54BF1B480E4F1C9D9FCF.e.25490"}]}
RESULT: {"script":"<script> [56 bytes]","args":[{"element-6066-11e4-a52e-4f735466cecf":"f.165F0B9F83AB8D5533DBC2556707DBA6.d.26B1D559323B54BF1B480E4F1C9D9FCF.e.25490","ELEMENT":"f.165F0B9F83AB8D5533DBC2556707DBA6.d.26B1D559323B54BF1B480E4F1C9D9FCF.e.25490"}]}
COMMAND: GET /session/36177e4d45fb5698ad30062df7661002/screenshot - {}
RESULT: {}
COMMAND: POST /session/36177e4d45fb5698ad30062df7661002/execute/sync - {"script":"<script> [56 bytes]","args":[{"element-6066-11e4-a52e-4f735466cecf":"f.165F0B9F83AB8D5533DBC2556707DBA6.d.26B1D559323B54BF1B480E4F1C9D9FCF.e.25490","ELEMENT":"f.165F0B9F83AB8D5533DBC2556707DBA6.d.26B1D559323B54BF1B480E4F1C9D9FCF.e.25490"}]}
RESULT: {"script":"<script> [56 bytes]","args":[{"element-6066-11e4-a52e-4f735466cecf":"f.165F0B9F83AB8D5533DBC2556707DBA6.d.26B1D559323B54BF1B480E4F1C9D9FCF.e.25490","ELEMENT":"f.165F0B9F83AB8D5533DBC2556707DBA6.d.26B1D559323B54BF1B480E4F1C9D9FCF.e.25490"}]}
COMMAND: GET /session/36177e4d45fb5698ad30062df7661002/screenshot - {}
RESULT: {}
COMMAND: POST /session/36177e4d45fb5698ad30062df7661002/execute/sync - {"script":"<script> [56 bytes]","args":[{"element-6066-11e4-a52e-4f735466cecf":"f.165F0B9F83AB8D5533DBC2556707DBA6.d.26B1D559323B54BF1B480E4F1C9D9FCF.e.25490","ELEMENT":"f.165F0B9F83AB8D5533DBC2556707DBA6.d.26B1D559323B54BF1B480E4F1C9D9FCF.e.25490"}]}
RESULT: {"script":"<script> [56 bytes]","args":[{"element-6066-11e4-a52e-4f735466cecf":"f.165F0B9F83AB8D5533DBC2556707DBA6.d.26B1D559323B54BF1B480E4F1C9D9FCF.e.25490","ELEMENT":"f.165F0B9F83AB8D5533DBC2556707DBA6.d.26B1D559323B54BF1B480E4F1C9D9FCF.e.25490"}]}
COMMAND: GET /session/36177e4d45fb5698ad30062df7661002/screenshot - {}
COMMAND: POST /session/36177e4d45fb5698ad30062df7661002/execute/sync - {"script":"<script> [56 bytes]","args":[{"element-6066-11e4-a52e-4f735466cecf":"f.165F0B9F83AB8D5533DBC2556707DBA6.d.26B1D559323B54BF1B480E4F1C9D9FCF.e.25490","ELEMENT":"f.165F0B9F83AB8D5533DBC2556707DBA6.d.26B1D559323B54BF1B480E4F1C9D9FCF.e.25490"}]}
RESULT: {}
RESULT: {"script":"<script> [56 bytes]","args":[{"element-6066-11e4-a52e-4f735466cecf":"f.165F0B9F83AB8D5533DBC2556707DBA6.d.26B1D559323B54BF1B480E4F1C9D9FCF.e.25490","ELEMENT":"f.165F0B9F83AB8D5533DBC2556707DBA6.d.26B1D559323B54BF1B480E4F1C9D9FCF.e.25490"}]}
COMMAND: POST /session/36177e4d45fb5698ad30062df7661002/element - {"using":"xpath","value":"//td[@aria-colindex=\"1\"]/div/div[contains(@class, \"sapMCbBg\")]"}
COMMAND: GET /session/36177e4d45fb5698ad30062df7661002/screenshot - {}
RESULT: {"using":"xpath","value":"//td[@aria-colindex=\"1\"]/div/div[contains(@class, \"sapMCbBg\")]"}
COMMAND: POST /session/36177e4d45fb5698ad30062df7661002/element/f.165F0B9F83AB8D5533DBC2556707DBA6.d.26B1D559323B54BF1B480E4F1C9D9FCF.e.25499/click - {}
RESULT: {}
RESULT: {}
COMMAND: GET /session/36177e4d45fb5698ad30062df7661002/screenshot - {}
RESULT: {}
COMMAND: POST /session/36177e4d45fb5698ad30062df7661002/element - {"using":"xpath","value":"//bdi[text()=\"Transfer\"]"}
RESULT: {"using":"xpath","value":"//bdi[text()=\"Transfer\"]"}
COMMAND: POST /session/36177e4d45fb5698ad30062df7661002/element/f.165F0B9F83AB8D5533DBC2556707DBA6.d.26B1D559323B54BF1B480E4F1C9D9FCF.e.25500/click - {}
RESULT: {}
COMMAND: GET /session/36177e4d45fb5698ad30062df7661002/screenshot - {}
RESULT: {}
COMMAND: POST /session/36177e4d45fb5698ad30062df7661002/element - {"using":"xpath","value":"//bdi[contains(text(), \"OK\")]"}
RESULT: {"using":"xpath","value":"//bdi[contains(text(), \"OK\")]"}
COMMAND: POST /session/36177e4d45fb5698ad30062df7661002/element/f.165F0B9F83AB8D5533DBC2556707DBA6.d.26B1D559323B54BF1B480E4F1C9D9FCF.e.25503/click - {}
RESULT: {}
COMMAND: GET /session/36177e4d45fb5698ad30062df7661002/screenshot - {}
RESULT: {}
COMMAND: POST /session/36177e4d45fb5698ad30062df7661002/element - {"using":"xpath","value":"(//span[contains(text(), \"Completed\")]/parent::div/preceding-sibling::div/span)[1]"}
RESULT: {"using":"xpath","value":"(//span[contains(text(), \"Completed\")]/parent::div/preceding-sibling::div/span)[1]"}
COMMAND: POST /session/36177e4d45fb5698ad30062df7661002/element/f.165F0B9F83AB8D5533DBC2556707DBA6.d.26B1D559323B54BF1B480E4F1C9D9FCF.e.25511/click - {}
RESULT: {}
COMMAND: POST /session/36177e4d45fb5698ad30062df7661002/element - {"using":"xpath","value":"//input[contains(@id ,\"application-billingtransfer-display-component---billingWorkbench--smartFilterBar-btnBasicSearch\")]"}
COMMAND: GET /session/36177e4d45fb5698ad30062df7661002/screenshot - {}
RESULT: {"using":"xpath","value":"//input[contains(@id ,\"application-billingtransfer-display-component---billingWorkbench--smartFilterBar-btnBasicSearch\")]"}
COMMAND: POST /session/36177e4d45fb5698ad30062df7661002/elements - {"using":"xpath","value":"//input[contains(@id ,\"application-billingtransfer-display-component---billingWorkbench--smartFilterBar-btnBasicSearch\")]"}
RESULT: {}
RESULT: {"using":"xpath","value":"//input[contains(@id ,\"application-billingtransfer-display-component---billingWorkbench--smartFilterBar-btnBasicSearch\")]"}
COMMAND: POST /session/36177e4d45fb5698ad30062df7661002/execute/sync - {"script":"<script> [8489 bytes]","args":[{"element-6066-11e4-a52e-4f735466cecf":"f.165F0B9F83AB8D5533DBC2556707DBA6.d.26B1D559323B54BF1B480E4F1C9D9FCF.e.25323","ELEMENT":"f.165F0B9F83AB8D5533DBC2556707DBA6.d.26B1D559323B54BF1B480E4F1C9D9FCF.e.25323"}]}
RESULT: {"script":"<script> [8489 bytes]","args":[{"element-6066-11e4-a52e-4f735466cecf":"f.165F0B9F83AB8D5533DBC2556707DBA6.d.26B1D559323B54BF1B480E4F1C9D9FCF.e.25323","ELEMENT":"f.165F0B9F83AB8D5533DBC2556707DBA6.d.26B1D559323B54BF1B480E4F1C9D9FCF.e.25323"}]}
COMMAND: GET /session/36177e4d45fb5698ad30062df7661002/element/f.165F0B9F83AB8D5533DBC2556707DBA6.d.26B1D559323B54BF1B480E4F1C9D9FCF.e.25323/enabled - {}
COMMAND: GET /session/36177e4d45fb5698ad30062df7661002/screenshot - {}
RESULT: {}
COMMAND: POST /session/36177e4d45fb5698ad30062df7661002/element/f.165F0B9F83AB8D5533DBC2556707DBA6.d.26B1D559323B54BF1B480E4F1C9D9FCF.e.25323/click - {}
COMMAND: GET /session/36177e4d45fb5698ad30062df7661002/screenshot - {}
RESULT: {}
RESULT: {}
COMMAND: GET /session/36177e4d45fb5698ad30062df7661002/screenshot - {}
RESULT: {}
RESULT: {}
COMMAND: POST /session/36177e4d45fb5698ad30062df7661002/element/f.165F0B9F83AB8D5533DBC2556707DBA6.d.26B1D559323B54BF1B480E4F1C9D9FCF.e.25323/clear - {}
RESULT: {}
COMMAND: POST /session/36177e4d45fb5698ad30062df7661002/element/f.165F0B9F83AB8D5533DBC2556707DBA6.d.26B1D559323B54BF1B480E4F1C9D9FCF.e.25323/value - {"text":"10294"}
COMMAND: GET /session/36177e4d45fb5698ad30062df7661002/screenshot - {}
RESULT: {"text":"10294"}
COMMAND: POST /session/36177e4d45fb5698ad30062df7661002/actions - {"actions":[{"id":"action93","type":"key","parameters":{},"actions":[{"type":"keyDown","value":"î€‡"},{"type":"pause","duration":10},{"type":"keyUp","value":"î€‡"}]}]}
COMMAND: GET /session/36177e4d45fb5698ad30062df7661002/screenshot - {}
RESULT: {}
RESULT: {"actions":[{"id":"action93","type":"key","parameters":{},"actions":[{"type":"keyDown","value":"î€‡"},{"type":"pause","duration":10},{"type":"keyUp","value":"î€‡"}]}]}
COMMAND: GET /session/36177e4d45fb5698ad30062df7661002/screenshot - {}
RESULT: {}
RESULT: {}
COMMAND: POST /session/36177e4d45fb5698ad30062df7661002/element - {"using":"xpath","value":"//span[contains(@id ,\"application-billingtransfer-display-component---billingWorkbench--smartTableBillingRuns-header-inner\")]"}
RESULT: {"using":"xpath","value":"//span[contains(@id ,\"application-billingtransfer-display-component---billingWorkbench--smartTableBillingRuns-header-inner\")]"}
COMMAND: POST /session/36177e4d45fb5698ad30062df7661002/elements - {"using":"xpath","value":"//span[contains(@id ,\"application-billingtransfer-display-component---billingWorkbench--smartTableBillingRuns-header-inner\")]"}
RESULT: {"using":"xpath","value":"//span[contains(@id ,\"application-billingtransfer-display-component---billingWorkbench--smartTableBillingRuns-header-inner\")]"}
COMMAND: POST /session/36177e4d45fb5698ad30062df7661002/execute/sync - {"script":"<script> [56 bytes]","args":[{"element-6066-11e4-a52e-4f735466cecf":"f.165F0B9F83AB8D5533DBC2556707DBA6.d.26B1D559323B54BF1B480E4F1C9D9FCF.e.25490","ELEMENT":"f.165F0B9F83AB8D5533DBC2556707DBA6.d.26B1D559323B54BF1B480E4F1C9D9FCF.e.25490"}]}
RESULT: {"script":"<script> [56 bytes]","args":[{"element-6066-11e4-a52e-4f735466cecf":"f.165F0B9F83AB8D5533DBC2556707DBA6.d.26B1D559323B54BF1B480E4F1C9D9FCF.e.25490","ELEMENT":"f.165F0B9F83AB8D5533DBC2556707DBA6.d.26B1D559323B54BF1B480E4F1C9D9FCF.e.25490"}]}
COMMAND: GET /session/36177e4d45fb5698ad30062df7661002/screenshot - {}
RESULT: {}
COMMAND: POST /session/36177e4d45fb5698ad30062df7661002/execute/sync - {"script":"<script> [56 bytes]","args":[{"element-6066-11e4-a52e-4f735466cecf":"f.165F0B9F83AB8D5533DBC2556707DBA6.d.26B1D559323B54BF1B480E4F1C9D9FCF.e.25490","ELEMENT":"f.165F0B9F83AB8D5533DBC2556707DBA6.d.26B1D559323B54BF1B480E4F1C9D9FCF.e.25490"}]}
RESULT: {"script":"<script> [56 bytes]","args":[{"element-6066-11e4-a52e-4f735466cecf":"f.165F0B9F83AB8D5533DBC2556707DBA6.d.26B1D559323B54BF1B480E4F1C9D9FCF.e.25490","ELEMENT":"f.165F0B9F83AB8D5533DBC2556707DBA6.d.26B1D559323B54BF1B480E4F1C9D9FCF.e.25490"}]}
COMMAND: GET /session/36177e4d45fb5698ad30062df7661002/screenshot - {}
RESULT: {}
COMMAND: POST /session/36177e4d45fb5698ad30062df7661002/execute/sync - {"script":"<script> [56 bytes]","args":[{"element-6066-11e4-a52e-4f735466cecf":"f.165F0B9F83AB8D5533DBC2556707DBA6.d.26B1D559323B54BF1B480E4F1C9D9FCF.e.25490","ELEMENT":"f.165F0B9F83AB8D5533DBC2556707DBA6.d.26B1D559323B54BF1B480E4F1C9D9FCF.e.25490"}]}
RESULT: {"script":"<script> [56 bytes]","args":[{"element-6066-11e4-a52e-4f735466cecf":"f.165F0B9F83AB8D5533DBC2556707DBA6.d.26B1D559323B54BF1B480E4F1C9D9FCF.e.25490","ELEMENT":"f.165F0B9F83AB8D5533DBC2556707DBA6.d.26B1D559323B54BF1B480E4F1C9D9FCF.e.25490"}]}
COMMAND: GET /session/36177e4d45fb5698ad30062df7661002/screenshot - {}
RESULT: {}
COMMAND: POST /session/36177e4d45fb5698ad30062df7661002/execute/sync - {"script":"<script> [56 bytes]","args":[{"element-6066-11e4-a52e-4f735466cecf":"f.165F0B9F83AB8D5533DBC2556707DBA6.d.26B1D559323B54BF1B480E4F1C9D9FCF.e.25490","ELEMENT":"f.165F0B9F83AB8D5533DBC2556707DBA6.d.26B1D559323B54BF1B480E4F1C9D9FCF.e.25490"}]}
RESULT: {"script":"<script> [56 bytes]","args":[{"element-6066-11e4-a52e-4f735466cecf":"f.165F0B9F83AB8D5533DBC2556707DBA6.d.26B1D559323B54BF1B480E4F1C9D9FCF.e.25490","ELEMENT":"f.165F0B9F83AB8D5533DBC2556707DBA6.d.26B1D559323B54BF1B480E4F1C9D9FCF.e.25490"}]}
COMMAND: GET /session/36177e4d45fb5698ad30062df7661002/screenshot - {}
RESULT: {}
COMMAND: POST /session/36177e4d45fb5698ad30062df7661002/execute/sync - {"script":"<script> [56 bytes]","args":[{"element-6066-11e4-a52e-4f735466cecf":"f.165F0B9F83AB8D5533DBC2556707DBA6.d.26B1D559323B54BF1B480E4F1C9D9FCF.e.25490","ELEMENT":"f.165F0B9F83AB8D5533DBC2556707DBA6.d.26B1D559323B54BF1B480E4F1C9D9FCF.e.25490"}]}
RESULT: {"script":"<script> [56 bytes]","args":[{"element-6066-11e4-a52e-4f735466cecf":"f.165F0B9F83AB8D5533DBC2556707DBA6.d.26B1D559323B54BF1B480E4F1C9D9FCF.e.25490","ELEMENT":"f.165F0B9F83AB8D5533DBC2556707DBA6.d.26B1D559323B54BF1B480E4F1C9D9FCF.e.25490"}]}
COMMAND: POST /session/36177e4d45fb5698ad30062df7661002/element - {"using":"css selector","value":"#shell-header-logo"}
COMMAND: GET /session/36177e4d45fb5698ad30062df7661002/screenshot - {}
RESULT: {"using":"css selector","value":"#shell-header-logo"}
COMMAND: POST /session/36177e4d45fb5698ad30062df7661002/element/f.165F0B9F83AB8D5533DBC2556707DBA6.d.26B1D559323B54BF1B480E4F1C9D9FCF.e.25321/click - {}
RESULT: {}
RESULT: {}
COMMAND: GET /session/36177e4d45fb5698ad30062df7661002/screenshot - {}
RESULT: {}
]]></system-out>
    </testcase>
    <testcase classname="chrome.136_0_7103_93.windows.Billing_Calculation_-_Time_based_(considering_transport_times)_US139738" name="Should do another billing run but in around 25 days from today" time="69.717">
      <system-out><![CDATA[
RESULT: undefined
COMMAND: POST /session/36177e4d45fb5698ad30062df7661002/element - {"using":"xpath","value":"//*[@id=\"__tile51\"]"}
RESULT: {"using":"xpath","value":"//*[@id=\"__tile51\"]"}
COMMAND: POST /session/36177e4d45fb5698ad30062df7661002/element/f.165F0B9F83AB8D5533DBC2556707DBA6.d.26B1D559323B54BF1B480E4F1C9D9FCF.e.19033/click - {}
RESULT: {}
COMMAND: GET /session/36177e4d45fb5698ad30062df7661002/screenshot - {}
RESULT: {}
COMMAND: POST /session/36177e4d45fb5698ad30062df7661002/elements - {"using":"xpath","value":"//span[text()='Error']"}
RESULT: {"using":"xpath","value":"//span[text()='Error']"}
RESULT: undefined
COMMAND: POST /session/36177e4d45fb5698ad30062df7661002/execute/async - {"script":"<script> [776 bytes]","args":[{"enterText":"10294","selector":{"id":"application-managebillings-display-component---billRunCalcResult--smartFilterBar-btnBasicSearch","interaction":{"idSuffix":"I"}},"clearTextFirst":true,"interactionType":"ENTER_TEXT"}]}
RESULT: {"script":"<script> [776 bytes]","args":[{"enterText":"10294","selector":{"id":"application-managebillings-display-component---billRunCalcResult--smartFilterBar-btnBasicSearch","interaction":{"idSuffix":"I"}},"clearTextFirst":true,"interactionType":"ENTER_TEXT"}]}
COMMAND: POST /session/36177e4d45fb5698ad30062df7661002/actions - {"actions":[{"id":"action94","type":"key","parameters":{},"actions":[{"type":"keyDown","value":"î€‡"},{"type":"pause","duration":10},{"type":"keyUp","value":"î€‡"}]}]}
RESULT: {"actions":[{"id":"action94","type":"key","parameters":{},"actions":[{"type":"keyDown","value":"î€‡"},{"type":"pause","duration":10},{"type":"keyUp","value":"î€‡"}]}]}
COMMAND: GET /session/36177e4d45fb5698ad30062df7661002/screenshot - {}
RESULT: {}
COMMAND: POST /session/36177e4d45fb5698ad30062df7661002/element - {"using":"xpath","value":"//td[@aria-colindex=\"1\"]/div/div[contains(@class, \"sapMCbBg\")]"}
RESULT: {"using":"xpath","value":"//td[@aria-colindex=\"1\"]/div/div[contains(@class, \"sapMCbBg\")]"}
COMMAND: POST /session/36177e4d45fb5698ad30062df7661002/element/f.165F0B9F83AB8D5533DBC2556707DBA6.d.26B1D559323B54BF1B480E4F1C9D9FCF.e.25732/click - {}
RESULT: {}
COMMAND: GET /session/36177e4d45fb5698ad30062df7661002/screenshot - {}
RESULT: {}
RESULT: undefined
COMMAND: POST /session/36177e4d45fb5698ad30062df7661002/execute/async - {"script":"<script> [776 bytes]","args":[{"enterText":"6/10/25","selector":{"id":"application-managebillings-display-component---billRunCalcResult--contractBillRunDate","interaction":{"idSuffix":"inner"}},"clearTextFirst":true,"interactionType":"ENTER_TEXT"}]}
RESULT: {"script":"<script> [776 bytes]","args":[{"enterText":"6/10/25","selector":{"id":"application-managebillings-display-component---billRunCalcResult--contractBillRunDate","interaction":{"idSuffix":"inner"}},"clearTextFirst":true,"interactionType":"ENTER_TEXT"}]}
COMMAND: POST /session/36177e4d45fb5698ad30062df7661002/element - {"using":"xpath","value":"//bdi[contains(text(), \"Trigger Calculation\")]"}
RESULT: {"using":"xpath","value":"//bdi[contains(text(), \"Trigger Calculation\")]"}
COMMAND: POST /session/36177e4d45fb5698ad30062df7661002/element/f.165F0B9F83AB8D5533DBC2556707DBA6.d.26B1D559323B54BF1B480E4F1C9D9FCF.e.25787/click - {}
RESULT: {}
COMMAND: GET /session/36177e4d45fb5698ad30062df7661002/screenshot - {}
RESULT: {}
COMMAND: POST /session/36177e4d45fb5698ad30062df7661002/element - {"using":"xpath","value":"(//span[contains(@id, \"imgNav\")])[1]"}
RESULT: {"using":"xpath","value":"(//span[contains(@id, \"imgNav\")])[1]"}
COMMAND: POST /session/36177e4d45fb5698ad30062df7661002/element/f.165F0B9F83AB8D5533DBC2556707DBA6.d.26B1D559323B54BF1B480E4F1C9D9FCF.e.25733/click - {}
RESULT: {}
COMMAND: GET /session/36177e4d45fb5698ad30062df7661002/screenshot - {}
RESULT: {}
COMMAND: POST /session/36177e4d45fb5698ad30062df7661002/element - {"using":"xpath","value":"//tr/td[6]/div[1]/span[1]/span[1]"}
RESULT: {"using":"xpath","value":"//tr/td[6]/div[1]/span[1]/span[1]"}
COMMAND: GET /session/36177e4d45fb5698ad30062df7661002/element/f.165F0B9F83AB8D5533DBC2556707DBA6.d.26B1D559323B54BF1B480E4F1C9D9FCF.e.25792/text - {}
RESULT: {}
COMMAND: POST /session/36177e4d45fb5698ad30062df7661002/element - {"using":"xpath","value":"(//span[contains(@id, \"imgNav\")])[2]"}
RESULT: {"using":"xpath","value":"(//span[contains(@id, \"imgNav\")])[2]"}
COMMAND: POST /session/36177e4d45fb5698ad30062df7661002/element/f.165F0B9F83AB8D5533DBC2556707DBA6.d.26B1D559323B54BF1B480E4F1C9D9FCF.e.25793/click - {}
RESULT: {}
COMMAND: POST /session/36177e4d45fb5698ad30062df7661002/element - {"using":"xpath","value":"//bdi[contains(text(), \"Business Confirm\")]"}
COMMAND: GET /session/36177e4d45fb5698ad30062df7661002/screenshot - {}
RESULT: {"using":"xpath","value":"//bdi[contains(text(), \"Business Confirm\")]"}
COMMAND: POST /session/36177e4d45fb5698ad30062df7661002/elements - {"using":"xpath","value":"//bdi[contains(text(), \"Business Confirm\")]"}
RESULT: {}
RESULT: {"using":"xpath","value":"//bdi[contains(text(), \"Business Confirm\")]"}
COMMAND: POST /session/36177e4d45fb5698ad30062df7661002/element - {"using":"xpath","value":"//bdi[contains(text(), \"Business Confirm\")]"}
RESULT: {"using":"xpath","value":"//bdi[contains(text(), \"Business Confirm\")]"}
COMMAND: POST /session/36177e4d45fb5698ad30062df7661002/element/f.165F0B9F83AB8D5533DBC2556707DBA6.d.26B1D559323B54BF1B480E4F1C9D9FCF.e.25822/click - {}
RESULT: {}
COMMAND: POST /session/36177e4d45fb5698ad30062df7661002/element - {"using":"css selector","value":"#shell-header-logo"}
COMMAND: GET /session/36177e4d45fb5698ad30062df7661002/screenshot - {}
RESULT: {"using":"css selector","value":"#shell-header-logo"}
COMMAND: POST /session/36177e4d45fb5698ad30062df7661002/element/f.165F0B9F83AB8D5533DBC2556707DBA6.d.26B1D559323B54BF1B480E4F1C9D9FCF.e.25521/click - {}
RESULT: {}
RESULT: {}
COMMAND: GET /session/36177e4d45fb5698ad30062df7661002/screenshot - {}
RESULT: {}
]]></system-out>
    </testcase>
    <testcase classname="chrome.136_0_7103_93.windows.Billing_Calculation_-_Time_based_(considering_transport_times)_US139738" name="Should transfer the billing all the way to completion" time="79.097">
      <system-out><![CDATA[
RESULT: undefined
COMMAND: POST /session/36177e4d45fb5698ad30062df7661002/element - {"using":"xpath","value":"//*[@id=\"__tile50\"]"}
RESULT: {"using":"xpath","value":"//*[@id=\"__tile50\"]"}
COMMAND: POST /session/36177e4d45fb5698ad30062df7661002/element/f.165F0B9F83AB8D5533DBC2556707DBA6.d.26B1D559323B54BF1B480E4F1C9D9FCF.e.19031/click - {}
RESULT: {}
COMMAND: GET /session/36177e4d45fb5698ad30062df7661002/screenshot - {}
RESULT: {}
COMMAND: POST /session/36177e4d45fb5698ad30062df7661002/elements - {"using":"xpath","value":"//span[text()='Error']"}
RESULT: {"using":"xpath","value":"//span[text()='Error']"}
COMMAND: POST /session/36177e4d45fb5698ad30062df7661002/element - {"using":"xpath","value":"//input[contains(@id ,\"application-billingtransfer-display-component---billingWorkbench--smartFilterBar-btnBasicSearch\")]"}
RESULT: {"using":"xpath","value":"//input[contains(@id ,\"application-billingtransfer-display-component---billingWorkbench--smartFilterBar-btnBasicSearch\")]"}
COMMAND: POST /session/36177e4d45fb5698ad30062df7661002/elements - {"using":"xpath","value":"//input[contains(@id ,\"application-billingtransfer-display-component---billingWorkbench--smartFilterBar-btnBasicSearch\")]"}
RESULT: {"using":"xpath","value":"//input[contains(@id ,\"application-billingtransfer-display-component---billingWorkbench--smartFilterBar-btnBasicSearch\")]"}
COMMAND: POST /session/36177e4d45fb5698ad30062df7661002/execute/sync - {"script":"<script> [8489 bytes]","args":[{"element-6066-11e4-a52e-4f735466cecf":"f.165F0B9F83AB8D5533DBC2556707DBA6.d.26B1D559323B54BF1B480E4F1C9D9FCF.e.25874","ELEMENT":"f.165F0B9F83AB8D5533DBC2556707DBA6.d.26B1D559323B54BF1B480E4F1C9D9FCF.e.25874"}]}
RESULT: {"script":"<script> [8489 bytes]","args":[{"element-6066-11e4-a52e-4f735466cecf":"f.165F0B9F83AB8D5533DBC2556707DBA6.d.26B1D559323B54BF1B480E4F1C9D9FCF.e.25874","ELEMENT":"f.165F0B9F83AB8D5533DBC2556707DBA6.d.26B1D559323B54BF1B480E4F1C9D9FCF.e.25874"}]}
COMMAND: GET /session/36177e4d45fb5698ad30062df7661002/element/f.165F0B9F83AB8D5533DBC2556707DBA6.d.26B1D559323B54BF1B480E4F1C9D9FCF.e.25874/enabled - {}
COMMAND: GET /session/36177e4d45fb5698ad30062df7661002/screenshot - {}
RESULT: {}
COMMAND: POST /session/36177e4d45fb5698ad30062df7661002/element/f.165F0B9F83AB8D5533DBC2556707DBA6.d.26B1D559323B54BF1B480E4F1C9D9FCF.e.25874/click - {}
COMMAND: GET /session/36177e4d45fb5698ad30062df7661002/screenshot - {}
RESULT: {}
RESULT: {}
COMMAND: GET /session/36177e4d45fb5698ad30062df7661002/screenshot - {}
RESULT: {}
RESULT: {}
COMMAND: POST /session/36177e4d45fb5698ad30062df7661002/element/f.165F0B9F83AB8D5533DBC2556707DBA6.d.26B1D559323B54BF1B480E4F1C9D9FCF.e.25874/clear - {}
RESULT: {}
COMMAND: POST /session/36177e4d45fb5698ad30062df7661002/element/f.165F0B9F83AB8D5533DBC2556707DBA6.d.26B1D559323B54BF1B480E4F1C9D9FCF.e.25874/value - {"text":"10294"}
COMMAND: GET /session/36177e4d45fb5698ad30062df7661002/screenshot - {}
RESULT: {"text":"10294"}
COMMAND: POST /session/36177e4d45fb5698ad30062df7661002/actions - {"actions":[{"id":"action95","type":"key","parameters":{},"actions":[{"type":"keyDown","value":"î€‡"},{"type":"pause","duration":10},{"type":"keyUp","value":"î€‡"}]}]}
COMMAND: GET /session/36177e4d45fb5698ad30062df7661002/screenshot - {}
RESULT: {}
RESULT: {"actions":[{"id":"action95","type":"key","parameters":{},"actions":[{"type":"keyDown","value":"î€‡"},{"type":"pause","duration":10},{"type":"keyUp","value":"î€‡"}]}]}
COMMAND: GET /session/36177e4d45fb5698ad30062df7661002/screenshot - {}
RESULT: {}
RESULT: {}
COMMAND: POST /session/36177e4d45fb5698ad30062df7661002/element - {"using":"xpath","value":"//span[contains(@id ,\"application-billingtransfer-display-component---billingWorkbench--smartTableBillingRuns-header-inner\")]"}
RESULT: {"using":"xpath","value":"//span[contains(@id ,\"application-billingtransfer-display-component---billingWorkbench--smartTableBillingRuns-header-inner\")]"}
COMMAND: POST /session/36177e4d45fb5698ad30062df7661002/elements - {"using":"xpath","value":"//span[contains(@id ,\"application-billingtransfer-display-component---billingWorkbench--smartTableBillingRuns-header-inner\")]"}
RESULT: {"using":"xpath","value":"//span[contains(@id ,\"application-billingtransfer-display-component---billingWorkbench--smartTableBillingRuns-header-inner\")]"}
COMMAND: POST /session/36177e4d45fb5698ad30062df7661002/execute/sync - {"script":"<script> [56 bytes]","args":[{"element-6066-11e4-a52e-4f735466cecf":"f.165F0B9F83AB8D5533DBC2556707DBA6.d.26B1D559323B54BF1B480E4F1C9D9FCF.e.26036","ELEMENT":"f.165F0B9F83AB8D5533DBC2556707DBA6.d.26B1D559323B54BF1B480E4F1C9D9FCF.e.26036"}]}
RESULT: {"script":"<script> [56 bytes]","args":[{"element-6066-11e4-a52e-4f735466cecf":"f.165F0B9F83AB8D5533DBC2556707DBA6.d.26B1D559323B54BF1B480E4F1C9D9FCF.e.26036","ELEMENT":"f.165F0B9F83AB8D5533DBC2556707DBA6.d.26B1D559323B54BF1B480E4F1C9D9FCF.e.26036"}]}
COMMAND: POST /session/36177e4d45fb5698ad30062df7661002/element - {"using":"xpath","value":"//td[@aria-colindex=\"1\"]/div/div[contains(@class, \"sapMCbBg\")]"}
COMMAND: GET /session/36177e4d45fb5698ad30062df7661002/screenshot - {}
RESULT: {"using":"xpath","value":"//td[@aria-colindex=\"1\"]/div/div[contains(@class, \"sapMCbBg\")]"}
COMMAND: POST /session/36177e4d45fb5698ad30062df7661002/element/f.165F0B9F83AB8D5533DBC2556707DBA6.d.26B1D559323B54BF1B480E4F1C9D9FCF.e.26027/click - {}
RESULT: {}
RESULT: {}
COMMAND: GET /session/36177e4d45fb5698ad30062df7661002/screenshot - {}
RESULT: {}
COMMAND: POST /session/36177e4d45fb5698ad30062df7661002/element - {"using":"xpath","value":"//bdi[contains(text(), \"Check\")]"}
RESULT: {"using":"xpath","value":"//bdi[contains(text(), \"Check\")]"}
COMMAND: POST /session/36177e4d45fb5698ad30062df7661002/element/f.165F0B9F83AB8D5533DBC2556707DBA6.d.26B1D559323B54BF1B480E4F1C9D9FCF.e.26037/click - {}
RESULT: {}
COMMAND: GET /session/36177e4d45fb5698ad30062df7661002/screenshot - {}
RESULT: {}
COMMAND: POST /session/36177e4d45fb5698ad30062df7661002/element - {"using":"xpath","value":"//bdi[contains(text(), \"OK\")]"}
RESULT: {"using":"xpath","value":"//bdi[contains(text(), \"OK\")]"}
COMMAND: POST /session/36177e4d45fb5698ad30062df7661002/element/f.165F0B9F83AB8D5533DBC2556707DBA6.d.26B1D559323B54BF1B480E4F1C9D9FCF.e.26040/click - {}
RESULT: {}
COMMAND: GET /session/36177e4d45fb5698ad30062df7661002/screenshot - {}
RESULT: {}
COMMAND: POST /session/36177e4d45fb5698ad30062df7661002/element - {"using":"xpath","value":"(//span[contains(text(), \"CO/SD checked\")]/parent::div/preceding-sibling::div/span)[1]"}
RESULT: {"using":"xpath","value":"(//span[contains(text(), \"CO/SD checked\")]/parent::div/preceding-sibling::div/span)[1]"}
COMMAND: POST /session/36177e4d45fb5698ad30062df7661002/element/f.165F0B9F83AB8D5533DBC2556707DBA6.d.26B1D559323B54BF1B480E4F1C9D9FCF.e.26041/click - {}
RESULT: {}
COMMAND: GET /session/36177e4d45fb5698ad30062df7661002/screenshot - {}
RESULT: {}
COMMAND: POST /session/36177e4d45fb5698ad30062df7661002/element - {"using":"xpath","value":"//input[contains(@id ,\"application-billingtransfer-display-component---billingWorkbench--smartFilterBar-btnBasicSearch\")]"}
RESULT: {"using":"xpath","value":"//input[contains(@id ,\"application-billingtransfer-display-component---billingWorkbench--smartFilterBar-btnBasicSearch\")]"}
COMMAND: POST /session/36177e4d45fb5698ad30062df7661002/elements - {"using":"xpath","value":"//input[contains(@id ,\"application-billingtransfer-display-component---billingWorkbench--smartFilterBar-btnBasicSearch\")]"}
RESULT: {"using":"xpath","value":"//input[contains(@id ,\"application-billingtransfer-display-component---billingWorkbench--smartFilterBar-btnBasicSearch\")]"}
COMMAND: POST /session/36177e4d45fb5698ad30062df7661002/execute/sync - {"script":"<script> [8489 bytes]","args":[{"element-6066-11e4-a52e-4f735466cecf":"f.165F0B9F83AB8D5533DBC2556707DBA6.d.26B1D559323B54BF1B480E4F1C9D9FCF.e.25874","ELEMENT":"f.165F0B9F83AB8D5533DBC2556707DBA6.d.26B1D559323B54BF1B480E4F1C9D9FCF.e.25874"}]}
RESULT: {"script":"<script> [8489 bytes]","args":[{"element-6066-11e4-a52e-4f735466cecf":"f.165F0B9F83AB8D5533DBC2556707DBA6.d.26B1D559323B54BF1B480E4F1C9D9FCF.e.25874","ELEMENT":"f.165F0B9F83AB8D5533DBC2556707DBA6.d.26B1D559323B54BF1B480E4F1C9D9FCF.e.25874"}]}
COMMAND: GET /session/36177e4d45fb5698ad30062df7661002/element/f.165F0B9F83AB8D5533DBC2556707DBA6.d.26B1D559323B54BF1B480E4F1C9D9FCF.e.25874/enabled - {}
COMMAND: GET /session/36177e4d45fb5698ad30062df7661002/screenshot - {}
RESULT: {}
COMMAND: POST /session/36177e4d45fb5698ad30062df7661002/element/f.165F0B9F83AB8D5533DBC2556707DBA6.d.26B1D559323B54BF1B480E4F1C9D9FCF.e.25874/click - {}
COMMAND: GET /session/36177e4d45fb5698ad30062df7661002/screenshot - {}
RESULT: {}
RESULT: {}
COMMAND: GET /session/36177e4d45fb5698ad30062df7661002/screenshot - {}
RESULT: {}
RESULT: {}
COMMAND: POST /session/36177e4d45fb5698ad30062df7661002/element/f.165F0B9F83AB8D5533DBC2556707DBA6.d.26B1D559323B54BF1B480E4F1C9D9FCF.e.25874/clear - {}
RESULT: {}
COMMAND: POST /session/36177e4d45fb5698ad30062df7661002/element/f.165F0B9F83AB8D5533DBC2556707DBA6.d.26B1D559323B54BF1B480E4F1C9D9FCF.e.25874/value - {"text":"10294"}
COMMAND: GET /session/36177e4d45fb5698ad30062df7661002/screenshot - {}
RESULT: {"text":"10294"}
COMMAND: POST /session/36177e4d45fb5698ad30062df7661002/actions - {"actions":[{"id":"action96","type":"key","parameters":{},"actions":[{"type":"keyDown","value":"î€‡"},{"type":"pause","duration":10},{"type":"keyUp","value":"î€‡"}]}]}
COMMAND: GET /session/36177e4d45fb5698ad30062df7661002/screenshot - {}
RESULT: {}
RESULT: {"actions":[{"id":"action96","type":"key","parameters":{},"actions":[{"type":"keyDown","value":"î€‡"},{"type":"pause","duration":10},{"type":"keyUp","value":"î€‡"}]}]}
COMMAND: GET /session/36177e4d45fb5698ad30062df7661002/screenshot - {}
RESULT: {}
RESULT: {}
COMMAND: POST /session/36177e4d45fb5698ad30062df7661002/element - {"using":"xpath","value":"//span[contains(@id ,\"application-billingtransfer-display-component---billingWorkbench--smartTableBillingRuns-header-inner\")]"}
RESULT: {"using":"xpath","value":"//span[contains(@id ,\"application-billingtransfer-display-component---billingWorkbench--smartTableBillingRuns-header-inner\")]"}
COMMAND: POST /session/36177e4d45fb5698ad30062df7661002/elements - {"using":"xpath","value":"//span[contains(@id ,\"application-billingtransfer-display-component---billingWorkbench--smartTableBillingRuns-header-inner\")]"}
RESULT: {"using":"xpath","value":"//span[contains(@id ,\"application-billingtransfer-display-component---billingWorkbench--smartTableBillingRuns-header-inner\")]"}
COMMAND: POST /session/36177e4d45fb5698ad30062df7661002/execute/sync - {"script":"<script> [56 bytes]","args":[{"element-6066-11e4-a52e-4f735466cecf":"f.165F0B9F83AB8D5533DBC2556707DBA6.d.26B1D559323B54BF1B480E4F1C9D9FCF.e.26036","ELEMENT":"f.165F0B9F83AB8D5533DBC2556707DBA6.d.26B1D559323B54BF1B480E4F1C9D9FCF.e.26036"}]}
RESULT: {"script":"<script> [56 bytes]","args":[{"element-6066-11e4-a52e-4f735466cecf":"f.165F0B9F83AB8D5533DBC2556707DBA6.d.26B1D559323B54BF1B480E4F1C9D9FCF.e.26036","ELEMENT":"f.165F0B9F83AB8D5533DBC2556707DBA6.d.26B1D559323B54BF1B480E4F1C9D9FCF.e.26036"}]}
COMMAND: POST /session/36177e4d45fb5698ad30062df7661002/element - {"using":"xpath","value":"//td[@aria-colindex=\"1\"]/div/div[contains(@class, \"sapMCbBg\")]"}
COMMAND: GET /session/36177e4d45fb5698ad30062df7661002/screenshot - {}
RESULT: {"using":"xpath","value":"//td[@aria-colindex=\"1\"]/div/div[contains(@class, \"sapMCbBg\")]"}
COMMAND: POST /session/36177e4d45fb5698ad30062df7661002/element/f.165F0B9F83AB8D5533DBC2556707DBA6.d.26B1D559323B54BF1B480E4F1C9D9FCF.e.26044/click - {}
RESULT: {}
RESULT: {}
COMMAND: GET /session/36177e4d45fb5698ad30062df7661002/screenshot - {}
RESULT: {}
COMMAND: POST /session/36177e4d45fb5698ad30062df7661002/element - {"using":"xpath","value":"//bdi[text()=\"Transfer\"]"}
RESULT: {"using":"xpath","value":"//bdi[text()=\"Transfer\"]"}
COMMAND: POST /session/36177e4d45fb5698ad30062df7661002/element/f.165F0B9F83AB8D5533DBC2556707DBA6.d.26B1D559323B54BF1B480E4F1C9D9FCF.e.26045/click - {}
RESULT: {}
COMMAND: GET /session/36177e4d45fb5698ad30062df7661002/screenshot - {}
RESULT: {}
COMMAND: POST /session/36177e4d45fb5698ad30062df7661002/element - {"using":"xpath","value":"//bdi[contains(text(), \"OK\")]"}
RESULT: {"using":"xpath","value":"//bdi[contains(text(), \"OK\")]"}
COMMAND: POST /session/36177e4d45fb5698ad30062df7661002/element/f.165F0B9F83AB8D5533DBC2556707DBA6.d.26B1D559323B54BF1B480E4F1C9D9FCF.e.26048/click - {}
RESULT: {}
COMMAND: GET /session/36177e4d45fb5698ad30062df7661002/screenshot - {}
RESULT: {}
COMMAND: POST /session/36177e4d45fb5698ad30062df7661002/element - {"using":"xpath","value":"(//span[contains(text(), \"Completed\")]/parent::div/preceding-sibling::div/span)[1]"}
RESULT: {"using":"xpath","value":"(//span[contains(text(), \"Completed\")]/parent::div/preceding-sibling::div/span)[1]"}
COMMAND: POST /session/36177e4d45fb5698ad30062df7661002/element/f.165F0B9F83AB8D5533DBC2556707DBA6.d.26B1D559323B54BF1B480E4F1C9D9FCF.e.26056/click - {}
RESULT: {}
COMMAND: POST /session/36177e4d45fb5698ad30062df7661002/element - {"using":"xpath","value":"//input[contains(@id ,\"application-billingtransfer-display-component---billingWorkbench--smartFilterBar-btnBasicSearch\")]"}
COMMAND: GET /session/36177e4d45fb5698ad30062df7661002/screenshot - {}
RESULT: {"using":"xpath","value":"//input[contains(@id ,\"application-billingtransfer-display-component---billingWorkbench--smartFilterBar-btnBasicSearch\")]"}
COMMAND: POST /session/36177e4d45fb5698ad30062df7661002/elements - {"using":"xpath","value":"//input[contains(@id ,\"application-billingtransfer-display-component---billingWorkbench--smartFilterBar-btnBasicSearch\")]"}
RESULT: {}
RESULT: {"using":"xpath","value":"//input[contains(@id ,\"application-billingtransfer-display-component---billingWorkbench--smartFilterBar-btnBasicSearch\")]"}
COMMAND: POST /session/36177e4d45fb5698ad30062df7661002/execute/sync - {"script":"<script> [8489 bytes]","args":[{"element-6066-11e4-a52e-4f735466cecf":"f.165F0B9F83AB8D5533DBC2556707DBA6.d.26B1D559323B54BF1B480E4F1C9D9FCF.e.25874","ELEMENT":"f.165F0B9F83AB8D5533DBC2556707DBA6.d.26B1D559323B54BF1B480E4F1C9D9FCF.e.25874"}]}
RESULT: {"script":"<script> [8489 bytes]","args":[{"element-6066-11e4-a52e-4f735466cecf":"f.165F0B9F83AB8D5533DBC2556707DBA6.d.26B1D559323B54BF1B480E4F1C9D9FCF.e.25874","ELEMENT":"f.165F0B9F83AB8D5533DBC2556707DBA6.d.26B1D559323B54BF1B480E4F1C9D9FCF.e.25874"}]}
COMMAND: GET /session/36177e4d45fb5698ad30062df7661002/element/f.165F0B9F83AB8D5533DBC2556707DBA6.d.26B1D559323B54BF1B480E4F1C9D9FCF.e.25874/enabled - {}
COMMAND: GET /session/36177e4d45fb5698ad30062df7661002/screenshot - {}
RESULT: {}
COMMAND: POST /session/36177e4d45fb5698ad30062df7661002/element/f.165F0B9F83AB8D5533DBC2556707DBA6.d.26B1D559323B54BF1B480E4F1C9D9FCF.e.25874/click - {}
COMMAND: GET /session/36177e4d45fb5698ad30062df7661002/screenshot - {}
RESULT: {}
RESULT: {}
COMMAND: GET /session/36177e4d45fb5698ad30062df7661002/screenshot - {}
RESULT: {}
RESULT: {}
COMMAND: POST /session/36177e4d45fb5698ad30062df7661002/element/f.165F0B9F83AB8D5533DBC2556707DBA6.d.26B1D559323B54BF1B480E4F1C9D9FCF.e.25874/clear - {}
RESULT: {}
COMMAND: POST /session/36177e4d45fb5698ad30062df7661002/element/f.165F0B9F83AB8D5533DBC2556707DBA6.d.26B1D559323B54BF1B480E4F1C9D9FCF.e.25874/value - {"text":"10294"}
COMMAND: GET /session/36177e4d45fb5698ad30062df7661002/screenshot - {}
RESULT: {"text":"10294"}
COMMAND: POST /session/36177e4d45fb5698ad30062df7661002/actions - {"actions":[{"id":"action97","type":"key","parameters":{},"actions":[{"type":"keyDown","value":"î€‡"},{"type":"pause","duration":10},{"type":"keyUp","value":"î€‡"}]}]}
COMMAND: GET /session/36177e4d45fb5698ad30062df7661002/screenshot - {}
RESULT: {}
RESULT: {"actions":[{"id":"action97","type":"key","parameters":{},"actions":[{"type":"keyDown","value":"î€‡"},{"type":"pause","duration":10},{"type":"keyUp","value":"î€‡"}]}]}
COMMAND: GET /session/36177e4d45fb5698ad30062df7661002/screenshot - {}
RESULT: {}
RESULT: {}
COMMAND: POST /session/36177e4d45fb5698ad30062df7661002/element - {"using":"xpath","value":"//span[contains(@id ,\"application-billingtransfer-display-component---billingWorkbench--smartTableBillingRuns-header-inner\")]"}
RESULT: {"using":"xpath","value":"//span[contains(@id ,\"application-billingtransfer-display-component---billingWorkbench--smartTableBillingRuns-header-inner\")]"}
COMMAND: POST /session/36177e4d45fb5698ad30062df7661002/elements - {"using":"xpath","value":"//span[contains(@id ,\"application-billingtransfer-display-component---billingWorkbench--smartTableBillingRuns-header-inner\")]"}
RESULT: {"using":"xpath","value":"//span[contains(@id ,\"application-billingtransfer-display-component---billingWorkbench--smartTableBillingRuns-header-inner\")]"}
COMMAND: POST /session/36177e4d45fb5698ad30062df7661002/execute/sync - {"script":"<script> [56 bytes]","args":[{"element-6066-11e4-a52e-4f735466cecf":"f.165F0B9F83AB8D5533DBC2556707DBA6.d.26B1D559323B54BF1B480E4F1C9D9FCF.e.26036","ELEMENT":"f.165F0B9F83AB8D5533DBC2556707DBA6.d.26B1D559323B54BF1B480E4F1C9D9FCF.e.26036"}]}
RESULT: {"script":"<script> [56 bytes]","args":[{"element-6066-11e4-a52e-4f735466cecf":"f.165F0B9F83AB8D5533DBC2556707DBA6.d.26B1D559323B54BF1B480E4F1C9D9FCF.e.26036","ELEMENT":"f.165F0B9F83AB8D5533DBC2556707DBA6.d.26B1D559323B54BF1B480E4F1C9D9FCF.e.26036"}]}
COMMAND: GET /session/36177e4d45fb5698ad30062df7661002/screenshot - {}
RESULT: {}
COMMAND: POST /session/36177e4d45fb5698ad30062df7661002/execute/sync - {"script":"<script> [56 bytes]","args":[{"element-6066-11e4-a52e-4f735466cecf":"f.165F0B9F83AB8D5533DBC2556707DBA6.d.26B1D559323B54BF1B480E4F1C9D9FCF.e.26036","ELEMENT":"f.165F0B9F83AB8D5533DBC2556707DBA6.d.26B1D559323B54BF1B480E4F1C9D9FCF.e.26036"}]}
RESULT: {"script":"<script> [56 bytes]","args":[{"element-6066-11e4-a52e-4f735466cecf":"f.165F0B9F83AB8D5533DBC2556707DBA6.d.26B1D559323B54BF1B480E4F1C9D9FCF.e.26036","ELEMENT":"f.165F0B9F83AB8D5533DBC2556707DBA6.d.26B1D559323B54BF1B480E4F1C9D9FCF.e.26036"}]}
COMMAND: GET /session/36177e4d45fb5698ad30062df7661002/screenshot - {}
RESULT: {}
COMMAND: POST /session/36177e4d45fb5698ad30062df7661002/execute/sync - {"script":"<script> [56 bytes]","args":[{"element-6066-11e4-a52e-4f735466cecf":"f.165F0B9F83AB8D5533DBC2556707DBA6.d.26B1D559323B54BF1B480E4F1C9D9FCF.e.26036","ELEMENT":"f.165F0B9F83AB8D5533DBC2556707DBA6.d.26B1D559323B54BF1B480E4F1C9D9FCF.e.26036"}]}
RESULT: {"script":"<script> [56 bytes]","args":[{"element-6066-11e4-a52e-4f735466cecf":"f.165F0B9F83AB8D5533DBC2556707DBA6.d.26B1D559323B54BF1B480E4F1C9D9FCF.e.26036","ELEMENT":"f.165F0B9F83AB8D5533DBC2556707DBA6.d.26B1D559323B54BF1B480E4F1C9D9FCF.e.26036"}]}
COMMAND: GET /session/36177e4d45fb5698ad30062df7661002/screenshot - {}
RESULT: {}
COMMAND: POST /session/36177e4d45fb5698ad30062df7661002/execute/sync - {"script":"<script> [56 bytes]","args":[{"element-6066-11e4-a52e-4f735466cecf":"f.165F0B9F83AB8D5533DBC2556707DBA6.d.26B1D559323B54BF1B480E4F1C9D9FCF.e.26036","ELEMENT":"f.165F0B9F83AB8D5533DBC2556707DBA6.d.26B1D559323B54BF1B480E4F1C9D9FCF.e.26036"}]}
RESULT: {"script":"<script> [56 bytes]","args":[{"element-6066-11e4-a52e-4f735466cecf":"f.165F0B9F83AB8D5533DBC2556707DBA6.d.26B1D559323B54BF1B480E4F1C9D9FCF.e.26036","ELEMENT":"f.165F0B9F83AB8D5533DBC2556707DBA6.d.26B1D559323B54BF1B480E4F1C9D9FCF.e.26036"}]}
COMMAND: GET /session/36177e4d45fb5698ad30062df7661002/screenshot - {}
RESULT: {}
COMMAND: POST /session/36177e4d45fb5698ad30062df7661002/execute/sync - {"script":"<script> [56 bytes]","args":[{"element-6066-11e4-a52e-4f735466cecf":"f.165F0B9F83AB8D5533DBC2556707DBA6.d.26B1D559323B54BF1B480E4F1C9D9FCF.e.26036","ELEMENT":"f.165F0B9F83AB8D5533DBC2556707DBA6.d.26B1D559323B54BF1B480E4F1C9D9FCF.e.26036"}]}
RESULT: {"script":"<script> [56 bytes]","args":[{"element-6066-11e4-a52e-4f735466cecf":"f.165F0B9F83AB8D5533DBC2556707DBA6.d.26B1D559323B54BF1B480E4F1C9D9FCF.e.26036","ELEMENT":"f.165F0B9F83AB8D5533DBC2556707DBA6.d.26B1D559323B54BF1B480E4F1C9D9FCF.e.26036"}]}
COMMAND: POST /session/36177e4d45fb5698ad30062df7661002/element - {"using":"css selector","value":"#shell-header-logo"}
COMMAND: GET /session/36177e4d45fb5698ad30062df7661002/screenshot - {}
RESULT: {"using":"css selector","value":"#shell-header-logo"}
COMMAND: POST /session/36177e4d45fb5698ad30062df7661002/element/f.165F0B9F83AB8D5533DBC2556707DBA6.d.26B1D559323B54BF1B480E4F1C9D9FCF.e.25872/click - {}
RESULT: {}
RESULT: {}
COMMAND: GET /session/36177e4d45fb5698ad30062df7661002/screenshot - {}
RESULT: {}
]]></system-out>
    </testcase>
    <testcase classname="chrome.136_0_7103_93.windows.Billing_Calculation_-_Time_based_(considering_transport_times)_US139738" name="Should navigate to the contract item check the billed until field value" time="52.358">
      <system-out><![CDATA[
RESULT: undefined
COMMAND: POST /session/36177e4d45fb5698ad30062df7661002/element - {"using":"xpath","value":"//*[@id=\"__tile132\"]"}
RESULT: {"using":"xpath","value":"//*[@id=\"__tile132\"]"}
COMMAND: POST /session/36177e4d45fb5698ad30062df7661002/element/f.165F0B9F83AB8D5533DBC2556707DBA6.d.26B1D559323B54BF1B480E4F1C9D9FCF.e.19006/click - {}
RESULT: {}
COMMAND: GET /session/36177e4d45fb5698ad30062df7661002/screenshot - {}
RESULT: {}
COMMAND: POST /session/36177e4d45fb5698ad30062df7661002/elements - {"using":"xpath","value":"//span[text()='Error']"}
RESULT: {"using":"xpath","value":"//span[text()='Error']"}
COMMAND: POST /session/36177e4d45fb5698ad30062df7661002/element - {"using":"xpath","value":"//button[@data-kt=\"addButton\"]"}
RESULT: {"using":"xpath","value":"//button[@data-kt=\"addButton\"]"}
COMMAND: POST /session/36177e4d45fb5698ad30062df7661002/elements - {"using":"xpath","value":"//button[@data-kt=\"addButton\"]"}
RESULT: {"using":"xpath","value":"//button[@data-kt=\"addButton\"]"}
COMMAND: POST /session/36177e4d45fb5698ad30062df7661002/execute/sync - {"script":"<script> [8489 bytes]","args":[{"element-6066-11e4-a52e-4f735466cecf":"f.165F0B9F83AB8D5533DBC2556707DBA6.d.26B1D559323B54BF1B480E4F1C9D9FCF.e.26109","ELEMENT":"f.165F0B9F83AB8D5533DBC2556707DBA6.d.26B1D559323B54BF1B480E4F1C9D9FCF.e.26109"}]}
RESULT: {"script":"<script> [8489 bytes]","args":[{"element-6066-11e4-a52e-4f735466cecf":"f.165F0B9F83AB8D5533DBC2556707DBA6.d.26B1D559323B54BF1B480E4F1C9D9FCF.e.26109","ELEMENT":"f.165F0B9F83AB8D5533DBC2556707DBA6.d.26B1D559323B54BF1B480E4F1C9D9FCF.e.26109"}]}
COMMAND: GET /session/36177e4d45fb5698ad30062df7661002/element/f.165F0B9F83AB8D5533DBC2556707DBA6.d.26B1D559323B54BF1B480E4F1C9D9FCF.e.26109/enabled - {}
COMMAND: GET /session/36177e4d45fb5698ad30062df7661002/screenshot - {}
RESULT: {}
COMMAND: POST /session/36177e4d45fb5698ad30062df7661002/execute/sync - {"script":"<script> [8489 bytes]","args":[{"element-6066-11e4-a52e-4f735466cecf":"f.165F0B9F83AB8D5533DBC2556707DBA6.d.26B1D559323B54BF1B480E4F1C9D9FCF.e.26109","ELEMENT":"f.165F0B9F83AB8D5533DBC2556707DBA6.d.26B1D559323B54BF1B480E4F1C9D9FCF.e.26109"}]}
COMMAND: GET /session/36177e4d45fb5698ad30062df7661002/screenshot - {}
RESULT: {}
RESULT: {"script":"<script> [8489 bytes]","args":[{"element-6066-11e4-a52e-4f735466cecf":"f.165F0B9F83AB8D5533DBC2556707DBA6.d.26B1D559323B54BF1B480E4F1C9D9FCF.e.26109","ELEMENT":"f.165F0B9F83AB8D5533DBC2556707DBA6.d.26B1D559323B54BF1B480E4F1C9D9FCF.e.26109"}]}
COMMAND: POST /session/36177e4d45fb5698ad30062df7661002/execute/sync - {"script":"<script> [5351 bytes]","args":[{"element-6066-11e4-a52e-4f735466cecf":"f.165F0B9F83AB8D5533DBC2556707DBA6.d.26B1D559323B54BF1B480E4F1C9D9FCF.e.26109","ELEMENT":"f.165F0B9F83AB8D5533DBC2556707DBA6.d.26B1D559323B54BF1B480E4F1C9D9FCF.e.26109"}]}
COMMAND: GET /session/36177e4d45fb5698ad30062df7661002/screenshot - {}
RESULT: {}
RESULT: {"script":"<script> [5351 bytes]","args":[{"element-6066-11e4-a52e-4f735466cecf":"f.165F0B9F83AB8D5533DBC2556707DBA6.d.26B1D559323B54BF1B480E4F1C9D9FCF.e.26109","ELEMENT":"f.165F0B9F83AB8D5533DBC2556707DBA6.d.26B1D559323B54BF1B480E4F1C9D9FCF.e.26109"}]}
COMMAND: POST /session/36177e4d45fb5698ad30062df7661002/element - {"using":"xpath","value":"//input[contains(@id ,\"smartContractFilterBar-btnBasicSearch-I\")]"}
COMMAND: GET /session/36177e4d45fb5698ad30062df7661002/screenshot - {}
RESULT: {}
RESULT: {"using":"xpath","value":"//input[contains(@id ,\"smartContractFilterBar-btnBasicSearch-I\")]"}
COMMAND: POST /session/36177e4d45fb5698ad30062df7661002/elements - {"using":"xpath","value":"//input[contains(@id ,\"smartContractFilterBar-btnBasicSearch-I\")]"}
RESULT: {}
RESULT: {"using":"xpath","value":"//input[contains(@id ,\"smartContractFilterBar-btnBasicSearch-I\")]"}
COMMAND: POST /session/36177e4d45fb5698ad30062df7661002/execute/sync - {"script":"<script> [8489 bytes]","args":[{"element-6066-11e4-a52e-4f735466cecf":"f.165F0B9F83AB8D5533DBC2556707DBA6.d.26B1D559323B54BF1B480E4F1C9D9FCF.e.26072","ELEMENT":"f.165F0B9F83AB8D5533DBC2556707DBA6.d.26B1D559323B54BF1B480E4F1C9D9FCF.e.26072"}]}
RESULT: {"script":"<script> [8489 bytes]","args":[{"element-6066-11e4-a52e-4f735466cecf":"f.165F0B9F83AB8D5533DBC2556707DBA6.d.26B1D559323B54BF1B480E4F1C9D9FCF.e.26072","ELEMENT":"f.165F0B9F83AB8D5533DBC2556707DBA6.d.26B1D559323B54BF1B480E4F1C9D9FCF.e.26072"}]}
COMMAND: GET /session/36177e4d45fb5698ad30062df7661002/element/f.165F0B9F83AB8D5533DBC2556707DBA6.d.26B1D559323B54BF1B480E4F1C9D9FCF.e.26072/enabled - {}
COMMAND: GET /session/36177e4d45fb5698ad30062df7661002/screenshot - {}
RESULT: {}
COMMAND: POST /session/36177e4d45fb5698ad30062df7661002/element/f.165F0B9F83AB8D5533DBC2556707DBA6.d.26B1D559323B54BF1B480E4F1C9D9FCF.e.26072/clear - {}
COMMAND: GET /session/36177e4d45fb5698ad30062df7661002/screenshot - {}
RESULT: {}
RESULT: {}
COMMAND: POST /session/36177e4d45fb5698ad30062df7661002/element/f.165F0B9F83AB8D5533DBC2556707DBA6.d.26B1D559323B54BF1B480E4F1C9D9FCF.e.26072/value - {"text":"10294"}
COMMAND: GET /session/36177e4d45fb5698ad30062df7661002/screenshot - {}
RESULT: {}
RESULT: {"text":"10294"}
COMMAND: GET /session/36177e4d45fb5698ad30062df7661002/screenshot - {}
RESULT: {}
RESULT: {}
COMMAND: POST /session/36177e4d45fb5698ad30062df7661002/actions - {"actions":[{"id":"action98","type":"key","parameters":{},"actions":[{"type":"keyDown","value":"î€‡"},{"type":"pause","duration":10},{"type":"keyUp","value":"î€‡"}]}]}
RESULT: {"actions":[{"id":"action98","type":"key","parameters":{},"actions":[{"type":"keyDown","value":"î€‡"},{"type":"pause","duration":10},{"type":"keyUp","value":"î€‡"}]}]}
COMMAND: GET /session/36177e4d45fb5698ad30062df7661002/screenshot - {}
RESULT: {}
COMMAND: POST /session/36177e4d45fb5698ad30062df7661002/element - {"using":"xpath","value":"//span[contains(@id, \"masterListContractsSmartTable-header-inner\")]"}
RESULT: {"using":"xpath","value":"//span[contains(@id, \"masterListContractsSmartTable-header-inner\")]"}
COMMAND: POST /session/36177e4d45fb5698ad30062df7661002/elements - {"using":"xpath","value":"//span[contains(@id, \"masterListContractsSmartTable-header-inner\")]"}
RESULT: {"using":"xpath","value":"//span[contains(@id, \"masterListContractsSmartTable-header-inner\")]"}
COMMAND: POST /session/36177e4d45fb5698ad30062df7661002/execute/sync - {"script":"<script> [56 bytes]","args":[{"element-6066-11e4-a52e-4f735466cecf":"f.165F0B9F83AB8D5533DBC2556707DBA6.d.26B1D559323B54BF1B480E4F1C9D9FCF.e.26183","ELEMENT":"f.165F0B9F83AB8D5533DBC2556707DBA6.d.26B1D559323B54BF1B480E4F1C9D9FCF.e.26183"}]}
RESULT: {"script":"<script> [56 bytes]","args":[{"element-6066-11e4-a52e-4f735466cecf":"f.165F0B9F83AB8D5533DBC2556707DBA6.d.26B1D559323B54BF1B480E4F1C9D9FCF.e.26183","ELEMENT":"f.165F0B9F83AB8D5533DBC2556707DBA6.d.26B1D559323B54BF1B480E4F1C9D9FCF.e.26183"}]}
COMMAND: POST /session/36177e4d45fb5698ad30062df7661002/element - {"using":"xpath","value":"(//span[contains(@id, \"imgNav\")])[1]"}
COMMAND: GET /session/36177e4d45fb5698ad30062df7661002/screenshot - {}
RESULT: {"using":"xpath","value":"(//span[contains(@id, \"imgNav\")])[1]"}
COMMAND: POST /session/36177e4d45fb5698ad30062df7661002/element/f.165F0B9F83AB8D5533DBC2556707DBA6.d.26B1D559323B54BF1B480E4F1C9D9FCF.e.26182/click - {}
RESULT: {}
RESULT: {}
COMMAND: GET /session/36177e4d45fb5698ad30062df7661002/screenshot - {}
RESULT: {}
COMMAND: POST /session/36177e4d45fb5698ad30062df7661002/element - {"using":"xpath","value":"//tr[@data-kt=\"productsColumnListItem\"]//td//span[contains(@id, \"imgNav\")][1]"}
RESULT: {"using":"xpath","value":"//tr[@data-kt=\"productsColumnListItem\"]//td//span[contains(@id, \"imgNav\")][1]"}
COMMAND: POST /session/36177e4d45fb5698ad30062df7661002/elements - {"using":"xpath","value":"//tr[@data-kt=\"productsColumnListItem\"]//td//span[contains(@id, \"imgNav\")][1]"}
RESULT: {"using":"xpath","value":"//tr[@data-kt=\"productsColumnListItem\"]//td//span[contains(@id, \"imgNav\")][1]"}
COMMAND: POST /session/36177e4d45fb5698ad30062df7661002/elements - {"using":"xpath","value":"//tr[@data-kt=\"productsColumnListItem\"]//td//span[contains(@id, \"imgNav\")][1]"}
RESULT: {"using":"xpath","value":"//tr[@data-kt=\"productsColumnListItem\"]//td//span[contains(@id, \"imgNav\")][1]"}
COMMAND: POST /session/36177e4d45fb5698ad30062df7661002/element - {"using":"xpath","value":"//tr[@data-kt=\"productsColumnListItem\"]//td//span[contains(@id, \"imgNav\")][1]"}
RESULT: {"using":"xpath","value":"//tr[@data-kt=\"productsColumnListItem\"]//td//span[contains(@id, \"imgNav\")][1]"}
COMMAND: POST /session/36177e4d45fb5698ad30062df7661002/element/f.165F0B9F83AB8D5533DBC2556707DBA6.d.26B1D559323B54BF1B480E4F1C9D9FCF.e.26356/click - {}
RESULT: {}
COMMAND: GET /session/36177e4d45fb5698ad30062df7661002/screenshot - {}
RESULT: {}
COMMAND: POST /session/36177e4d45fb5698ad30062df7661002/element - {"using":"xpath","value":"//section[contains(@id, \"application-managecontracts-display-component---BillingItem--ObjectPageLayout-OPHeaderContent\")]/div/div/div/div/div[2]/div/div[2]/span"}
RESULT: {"using":"xpath","value":"//section[contains(@id, \"application-managecontracts-display-component---BillingItem--ObjectPageLayout-OPHeaderContent\")]/div/div/div/div/div[2]/div/div[2]/span"}
COMMAND: POST /session/36177e4d45fb5698ad30062df7661002/execute/sync - {"script":"<script> [56 bytes]","args":[{"element-6066-11e4-a52e-4f735466cecf":"f.165F0B9F83AB8D5533DBC2556707DBA6.d.26B1D559323B54BF1B480E4F1C9D9FCF.e.26486","ELEMENT":"f.165F0B9F83AB8D5533DBC2556707DBA6.d.26B1D559323B54BF1B480E4F1C9D9FCF.e.26486"}]}
RESULT: {"script":"<script> [56 bytes]","args":[{"element-6066-11e4-a52e-4f735466cecf":"f.165F0B9F83AB8D5533DBC2556707DBA6.d.26B1D559323B54BF1B480E4F1C9D9FCF.e.26486","ELEMENT":"f.165F0B9F83AB8D5533DBC2556707DBA6.d.26B1D559323B54BF1B480E4F1C9D9FCF.e.26486"}]}
COMMAND: POST /session/36177e4d45fb5698ad30062df7661002/element - {"using":"xpath","value":"//table[contains(@id, \"application-managecontracts-display-component---BillingItem--billingList-listUl\")]//td//*[contains(text(), \"final billed\")]"}
COMMAND: GET /session/36177e4d45fb5698ad30062df7661002/screenshot - {}
RESULT: {"using":"xpath","value":"//table[contains(@id, \"application-managecontracts-display-component---BillingItem--billingList-listUl\")]//td//*[contains(text(), \"final billed\")]"}
COMMAND: POST /session/36177e4d45fb5698ad30062df7661002/execute/sync - {"script":"<script> [56 bytes]","args":[{"element-6066-11e4-a52e-4f735466cecf":"f.165F0B9F83AB8D5533DBC2556707DBA6.d.26B1D559323B54BF1B480E4F1C9D9FCF.e.26487","ELEMENT":"f.165F0B9F83AB8D5533DBC2556707DBA6.d.26B1D559323B54BF1B480E4F1C9D9FCF.e.26487"}]}
RESULT: {}
RESULT: {"script":"<script> [56 bytes]","args":[{"element-6066-11e4-a52e-4f735466cecf":"f.165F0B9F83AB8D5533DBC2556707DBA6.d.26B1D559323B54BF1B480E4F1C9D9FCF.e.26487","ELEMENT":"f.165F0B9F83AB8D5533DBC2556707DBA6.d.26B1D559323B54BF1B480E4F1C9D9FCF.e.26487"}]}
COMMAND: POST /session/36177e4d45fb5698ad30062df7661002/element - {"using":"css selector","value":"#shell-header-logo"}
COMMAND: GET /session/36177e4d45fb5698ad30062df7661002/screenshot - {}
RESULT: {"using":"css selector","value":"#shell-header-logo"}
COMMAND: POST /session/36177e4d45fb5698ad30062df7661002/element/f.165F0B9F83AB8D5533DBC2556707DBA6.d.26B1D559323B54BF1B480E4F1C9D9FCF.e.26068/click - {}
RESULT: {}
RESULT: {}
COMMAND: GET /session/36177e4d45fb5698ad30062df7661002/screenshot - {}
RESULT: {}
COMMAND: DELETE /session/36177e4d45fb5698ad30062df7661002 - {}
RESULT: {}
]]></system-out>
    </testcase>
  </testsuite>
</testsuites>