<?xml version="1.0" encoding="UTF-8"?>
<testsuites tests="49" failures="0" errors="0" skipped="0">
  <testsuite timestamp="2025-05-16T05:42:25" time="1852.066" tests="49" failures="0" errors="0" skipped="0">
    <properties>
      <property name="specId" value="0" />
      <property name="suiteName" value="Sanity Tests US104253" />
      <property name="capabilities" value="chrome.136_0_7103_93.windows" />
      <property name="file" value="file:///D:/a/1/s/test/specs/General/sanity.spec.js" />
    </properties>
    <testcase classname="chrome.136_0_7103_93.windows.Sanity_Tests_US104253" name="Should open Manage Partners page" time="36.388">
      <system-out><![CDATA[
COMMAND: POST /session/5b549bc456d4687fa6e2bea3ed9648b7/execute/async - {"script":"<script> [1562 bytes]","args":[{"selector":{"controlType":"sap.m.GenericTile","properties":{"header":"Manage Partners"}},"wdio_ui5_key":"sapm.GenericTile{\"header\":\"Manage Partners\"}"}]}
RESULT: {"script":"<script> [1562 bytes]","args":[{"selector":{"controlType":"sap.m.GenericTile","properties":{"header":"Manage Partners"}},"wdio_ui5_key":"sapm.GenericTile{\"header\":\"Manage Partners\"}"}]}
RESULT: undefined
COMMAND: POST /session/5b549bc456d4687fa6e2bea3ed9648b7/element - {"using":"xpath","value":"//*[@id=\"__tile38\"]"}
RESULT: {"using":"xpath","value":"//*[@id=\"__tile38\"]"}
COMMAND: POST /session/5b549bc456d4687fa6e2bea3ed9648b7/element/f.7F69E53355262FB42D0F590E576D92AD.d.DC1EF0EAA232461AB5B412CF41769762.e.110/click - {}
RESULT: {}
COMMAND: GET /session/5b549bc456d4687fa6e2bea3ed9648b7/screenshot - {}
RESULT: {}
COMMAND: POST /session/5b549bc456d4687fa6e2bea3ed9648b7/elements - {"using":"xpath","value":"//span[text()='Error']"}
RESULT: {"using":"xpath","value":"//span[text()='Error']"}
RESULT: undefined
COMMAND: POST /session/5b549bc456d4687fa6e2bea3ed9648b7/element - {"using":"xpath","value":"//*[@id=\"__tile38\"]"}
RESULT: {"using":"xpath","value":"//*[@id=\"__tile38\"]"}
COMMAND: POST /session/5b549bc456d4687fa6e2bea3ed9648b7/element/f.7F69E53355262FB42D0F590E576D92AD.d.DC1EF0EAA232461AB5B412CF41769762.e.110/click - {}
RESULT: undefined
COMMAND: POST /session/5b549bc456d4687fa6e2bea3ed9648b7/element - {"using":"xpath","value":"//*[@id=\"__tile38\"]"}
RESULT: {"using":"xpath","value":"//*[@id=\"__tile38\"]"}
COMMAND: POST /session/5b549bc456d4687fa6e2bea3ed9648b7/element/f.7F69E53355262FB42D0F590E576D92AD.d.DC1EF0EAA232461AB5B412CF41769762.e.110/click - {}
COMMAND: POST /session/5b549bc456d4687fa6e2bea3ed9648b7/execute/async - {"script":"<script> [1562 bytes]","args":[{"selector":{"id":"shellAppTitle"},"wdio_ui5_key":"shellAppTitle"}]}
RESULT: {"script":"<script> [1562 bytes]","args":[{"selector":{"id":"shellAppTitle"},"wdio_ui5_key":"shellAppTitle"}]}
RESULT: undefined
COMMAND: POST /session/5b549bc456d4687fa6e2bea3ed9648b7/execute/async - {"script":"<script> [6424 bytes]","args":[{"element-6066-11e4-a52e-4f735466cecf":"f.7F69E53355262FB42D0F590E576D92AD.d.DC1EF0EAA232461AB5B412CF41769762.e.284"},"getTitle",[]]}
RESULT: {"script":"<script> [6424 bytes]","args":[{"element-6066-11e4-a52e-4f735466cecf":"f.7F69E53355262FB42D0F590E576D92AD.d.DC1EF0EAA232461AB5B412CF41769762.e.284"},"getTitle",[]]}
COMMAND: POST /session/5b549bc456d4687fa6e2bea3ed9648b7/execute/async - {"script":"<script> [1562 bytes]","args":[{"selector":{"id":"backBtn"},"wdio_ui5_key":"backBtn"}]}
RESULT: {"script":"<script> [1562 bytes]","args":[{"selector":{"id":"backBtn"},"wdio_ui5_key":"backBtn"}]}
RESULT: undefined
COMMAND: POST /session/5b549bc456d4687fa6e2bea3ed9648b7/element - {"using":"xpath","value":"//*[@id=\"backBtn\"]"}
RESULT: {"using":"xpath","value":"//*[@id=\"backBtn\"]"}
COMMAND: POST /session/5b549bc456d4687fa6e2bea3ed9648b7/element/f.7F69E53355262FB42D0F590E576D92AD.d.DC1EF0EAA232461AB5B412CF41769762.e.285/click - {}
RESULT: {}
COMMAND: GET /session/5b549bc456d4687fa6e2bea3ed9648b7/screenshot - {}
RESULT: {}
]]></system-out>
    </testcase>
    <testcase classname="chrome.136_0_7103_93.windows.Sanity_Tests_US104253" name="Should open Manage Sites page" time="36.141">
      <system-out><![CDATA[
COMMAND: POST /session/5b549bc456d4687fa6e2bea3ed9648b7/execute/async - {"script":"<script> [1562 bytes]","args":[{"selector":{"controlType":"sap.m.GenericTile","properties":{"header":"Manage Sites"}},"wdio_ui5_key":"sapm.GenericTile{\"header\":\"Manage Sites\"}"}]}
RESULT: {"script":"<script> [1562 bytes]","args":[{"selector":{"controlType":"sap.m.GenericTile","properties":{"header":"Manage Sites"}},"wdio_ui5_key":"sapm.GenericTile{\"header\":\"Manage Sites\"}"}]}
RESULT: undefined
COMMAND: POST /session/5b549bc456d4687fa6e2bea3ed9648b7/element - {"using":"xpath","value":"//*[@id=\"__tile40\"]"}
RESULT: {"using":"xpath","value":"//*[@id=\"__tile40\"]"}
COMMAND: POST /session/5b549bc456d4687fa6e2bea3ed9648b7/element/f.7F69E53355262FB42D0F590E576D92AD.d.DC1EF0EAA232461AB5B412CF41769762.e.287/click - {}
RESULT: {}
COMMAND: GET /session/5b549bc456d4687fa6e2bea3ed9648b7/screenshot - {}
RESULT: {}
COMMAND: POST /session/5b549bc456d4687fa6e2bea3ed9648b7/elements - {"using":"xpath","value":"//span[text()='Error']"}
RESULT: {"using":"xpath","value":"//span[text()='Error']"}
RESULT: undefined
COMMAND: POST /session/5b549bc456d4687fa6e2bea3ed9648b7/element - {"using":"xpath","value":"//*[@id=\"__tile40\"]"}
RESULT: {"using":"xpath","value":"//*[@id=\"__tile40\"]"}
COMMAND: POST /session/5b549bc456d4687fa6e2bea3ed9648b7/element/f.7F69E53355262FB42D0F590E576D92AD.d.DC1EF0EAA232461AB5B412CF41769762.e.287/click - {}
RESULT: undefined
COMMAND: POST /session/5b549bc456d4687fa6e2bea3ed9648b7/element - {"using":"xpath","value":"//*[@id=\"__tile40\"]"}
RESULT: {"using":"xpath","value":"//*[@id=\"__tile40\"]"}
COMMAND: POST /session/5b549bc456d4687fa6e2bea3ed9648b7/element/f.7F69E53355262FB42D0F590E576D92AD.d.DC1EF0EAA232461AB5B412CF41769762.e.287/click - {}
RESULT: undefined
COMMAND: POST /session/5b549bc456d4687fa6e2bea3ed9648b7/execute/async - {"script":"<script> [6424 bytes]","args":[{"element-6066-11e4-a52e-4f735466cecf":"f.7F69E53355262FB42D0F590E576D92AD.d.DC1EF0EAA232461AB5B412CF41769762.e.284"},"getTitle",[]]}
COMMAND: POST /session/5b549bc456d4687fa6e2bea3ed9648b7/execute/async - {"script":"<script> [1562 bytes]","args":[{"selector":{"id":"shellAppTitle"},"wdio_ui5_key":"shellAppTitle"}]}
RESULT: {"script":"<script> [1562 bytes]","args":[{"selector":{"id":"shellAppTitle"},"wdio_ui5_key":"shellAppTitle"}]}
COMMAND: POST /session/5b549bc456d4687fa6e2bea3ed9648b7/execute/async - {"script":"<script> [6424 bytes]","args":[{"element-6066-11e4-a52e-4f735466cecf":"f.7F69E53355262FB42D0F590E576D92AD.d.DC1EF0EAA232461AB5B412CF41769762.e.475"},"getTitle",[]]}
RESULT: {"script":"<script> [6424 bytes]","args":[{"element-6066-11e4-a52e-4f735466cecf":"f.7F69E53355262FB42D0F590E576D92AD.d.DC1EF0EAA232461AB5B412CF41769762.e.475"},"getTitle",[]]}
RESULT: undefined
COMMAND: POST /session/5b549bc456d4687fa6e2bea3ed9648b7/element/f.7F69E53355262FB42D0F590E576D92AD.d.DC1EF0EAA232461AB5B412CF41769762.e.285/click - {}
RESULT: {}
COMMAND: GET /session/5b549bc456d4687fa6e2bea3ed9648b7/screenshot - {}
RESULT: {}
]]></system-out>
    </testcase>
    <testcase classname="chrome.136_0_7103_93.windows.Sanity_Tests_US104253" name="Should open Manage Resources page" time="36.496">
      <system-out><![CDATA[
COMMAND: POST /session/5b549bc456d4687fa6e2bea3ed9648b7/execute/async - {"script":"<script> [1562 bytes]","args":[{"selector":{"controlType":"sap.m.GenericTile","properties":{"header":"Manage Resources"}},"wdio_ui5_key":"sapm.GenericTile{\"header\":\"Manage Resources\"}"}]}
RESULT: {"script":"<script> [1562 bytes]","args":[{"selector":{"controlType":"sap.m.GenericTile","properties":{"header":"Manage Resources"}},"wdio_ui5_key":"sapm.GenericTile{\"header\":\"Manage Resources\"}"}]}
RESULT: undefined
COMMAND: POST /session/5b549bc456d4687fa6e2bea3ed9648b7/element - {"using":"xpath","value":"//*[@id=\"__tile39\"]"}
RESULT: {"using":"xpath","value":"//*[@id=\"__tile39\"]"}
COMMAND: POST /session/5b549bc456d4687fa6e2bea3ed9648b7/element/f.7F69E53355262FB42D0F590E576D92AD.d.DC1EF0EAA232461AB5B412CF41769762.e.477/click - {}
RESULT: {}
COMMAND: GET /session/5b549bc456d4687fa6e2bea3ed9648b7/screenshot - {}
RESULT: {}
COMMAND: POST /session/5b549bc456d4687fa6e2bea3ed9648b7/elements - {"using":"xpath","value":"//span[text()='Error']"}
RESULT: {"using":"xpath","value":"//span[text()='Error']"}
RESULT: undefined
COMMAND: POST /session/5b549bc456d4687fa6e2bea3ed9648b7/element - {"using":"xpath","value":"//*[@id=\"__tile39\"]"}
RESULT: {"using":"xpath","value":"//*[@id=\"__tile39\"]"}
COMMAND: POST /session/5b549bc456d4687fa6e2bea3ed9648b7/element/f.7F69E53355262FB42D0F590E576D92AD.d.DC1EF0EAA232461AB5B412CF41769762.e.477/click - {}
RESULT: undefined
COMMAND: POST /session/5b549bc456d4687fa6e2bea3ed9648b7/element - {"using":"xpath","value":"//*[@id=\"__tile39\"]"}
RESULT: {"using":"xpath","value":"//*[@id=\"__tile39\"]"}
COMMAND: POST /session/5b549bc456d4687fa6e2bea3ed9648b7/element/f.7F69E53355262FB42D0F590E576D92AD.d.DC1EF0EAA232461AB5B412CF41769762.e.477/click - {}
RESULT: undefined
COMMAND: POST /session/5b549bc456d4687fa6e2bea3ed9648b7/execute/async - {"script":"<script> [6424 bytes]","args":[{"element-6066-11e4-a52e-4f735466cecf":"f.7F69E53355262FB42D0F590E576D92AD.d.DC1EF0EAA232461AB5B412CF41769762.e.284"},"getTitle",[]]}
COMMAND: POST /session/5b549bc456d4687fa6e2bea3ed9648b7/execute/async - {"script":"<script> [1562 bytes]","args":[{"selector":{"id":"shellAppTitle"},"wdio_ui5_key":"shellAppTitle"}]}
RESULT: {"script":"<script> [1562 bytes]","args":[{"selector":{"id":"shellAppTitle"},"wdio_ui5_key":"shellAppTitle"}]}
COMMAND: POST /session/5b549bc456d4687fa6e2bea3ed9648b7/execute/async - {"script":"<script> [6424 bytes]","args":[{"element-6066-11e4-a52e-4f735466cecf":"f.7F69E53355262FB42D0F590E576D92AD.d.DC1EF0EAA232461AB5B412CF41769762.e.649"},"getTitle",[]]}
RESULT: {"script":"<script> [6424 bytes]","args":[{"element-6066-11e4-a52e-4f735466cecf":"f.7F69E53355262FB42D0F590E576D92AD.d.DC1EF0EAA232461AB5B412CF41769762.e.649"},"getTitle",[]]}
RESULT: undefined
COMMAND: POST /session/5b549bc456d4687fa6e2bea3ed9648b7/element/f.7F69E53355262FB42D0F590E576D92AD.d.DC1EF0EAA232461AB5B412CF41769762.e.285/click - {}
COMMAND: POST /session/5b549bc456d4687fa6e2bea3ed9648b7/element - {"using":"xpath","value":"//*[@id=\"backBtn\"]"}
RESULT: {"using":"xpath","value":"//*[@id=\"backBtn\"]"}
COMMAND: POST /session/5b549bc456d4687fa6e2bea3ed9648b7/element/f.7F69E53355262FB42D0F590E576D92AD.d.DC1EF0EAA232461AB5B412CF41769762.e.285/click - {}
COMMAND: POST /session/5b549bc456d4687fa6e2bea3ed9648b7/element - {"using":"xpath","value":"//*[@id=\"backBtn\"]"}
RESULT: {"using":"xpath","value":"//*[@id=\"backBtn\"]"}
COMMAND: POST /session/5b549bc456d4687fa6e2bea3ed9648b7/element/f.7F69E53355262FB42D0F590E576D92AD.d.DC1EF0EAA232461AB5B412CF41769762.e.650/click - {}
RESULT: {}
COMMAND: GET /session/5b549bc456d4687fa6e2bea3ed9648b7/screenshot - {}
RESULT: {}
]]></system-out>
    </testcase>
    <testcase classname="chrome.136_0_7103_93.windows.Sanity_Tests_US104253" name="Should open Manage Catalogs page" time="36.057">
      <system-out><![CDATA[
COMMAND: POST /session/5b549bc456d4687fa6e2bea3ed9648b7/execute/async - {"script":"<script> [1562 bytes]","args":[{"selector":{"controlType":"sap.m.GenericTile","properties":{"header":"Manage Catalogs"}},"wdio_ui5_key":"sapm.GenericTile{\"header\":\"Manage Catalogs\"}"}]}
RESULT: {"script":"<script> [1562 bytes]","args":[{"selector":{"controlType":"sap.m.GenericTile","properties":{"header":"Manage Catalogs"}},"wdio_ui5_key":"sapm.GenericTile{\"header\":\"Manage Catalogs\"}"}]}
RESULT: undefined
COMMAND: POST /session/5b549bc456d4687fa6e2bea3ed9648b7/element - {"using":"xpath","value":"//*[@id=\"__tile37\"]"}
RESULT: {"using":"xpath","value":"//*[@id=\"__tile37\"]"}
COMMAND: POST /session/5b549bc456d4687fa6e2bea3ed9648b7/element/f.7F69E53355262FB42D0F590E576D92AD.d.DC1EF0EAA232461AB5B412CF41769762.e.652/click - {}
RESULT: {}
COMMAND: GET /session/5b549bc456d4687fa6e2bea3ed9648b7/screenshot - {}
RESULT: {}
COMMAND: POST /session/5b549bc456d4687fa6e2bea3ed9648b7/elements - {"using":"xpath","value":"//span[text()='Error']"}
RESULT: {"using":"xpath","value":"//span[text()='Error']"}
RESULT: undefined
COMMAND: POST /session/5b549bc456d4687fa6e2bea3ed9648b7/element - {"using":"xpath","value":"//*[@id=\"__tile37\"]"}
RESULT: {"using":"xpath","value":"//*[@id=\"__tile37\"]"}
COMMAND: POST /session/5b549bc456d4687fa6e2bea3ed9648b7/element/f.7F69E53355262FB42D0F590E576D92AD.d.DC1EF0EAA232461AB5B412CF41769762.e.652/click - {}
RESULT: undefined
COMMAND: POST /session/5b549bc456d4687fa6e2bea3ed9648b7/element - {"using":"xpath","value":"//*[@id=\"__tile37\"]"}
RESULT: {"using":"xpath","value":"//*[@id=\"__tile37\"]"}
COMMAND: POST /session/5b549bc456d4687fa6e2bea3ed9648b7/element/f.7F69E53355262FB42D0F590E576D92AD.d.DC1EF0EAA232461AB5B412CF41769762.e.652/click - {}
RESULT: undefined
COMMAND: POST /session/5b549bc456d4687fa6e2bea3ed9648b7/execute/async - {"script":"<script> [6424 bytes]","args":[{"element-6066-11e4-a52e-4f735466cecf":"f.7F69E53355262FB42D0F590E576D92AD.d.DC1EF0EAA232461AB5B412CF41769762.e.284"},"getTitle",[]]}
COMMAND: POST /session/5b549bc456d4687fa6e2bea3ed9648b7/execute/async - {"script":"<script> [1562 bytes]","args":[{"selector":{"id":"shellAppTitle"},"wdio_ui5_key":"shellAppTitle"}]}
RESULT: {"script":"<script> [1562 bytes]","args":[{"selector":{"id":"shellAppTitle"},"wdio_ui5_key":"shellAppTitle"}]}
COMMAND: POST /session/5b549bc456d4687fa6e2bea3ed9648b7/execute/async - {"script":"<script> [6424 bytes]","args":[{"element-6066-11e4-a52e-4f735466cecf":"f.7F69E53355262FB42D0F590E576D92AD.d.DC1EF0EAA232461AB5B412CF41769762.e.721"},"getTitle",[]]}
RESULT: {"script":"<script> [6424 bytes]","args":[{"element-6066-11e4-a52e-4f735466cecf":"f.7F69E53355262FB42D0F590E576D92AD.d.DC1EF0EAA232461AB5B412CF41769762.e.721"},"getTitle",[]]}
RESULT: undefined
COMMAND: POST /session/5b549bc456d4687fa6e2bea3ed9648b7/element/f.7F69E53355262FB42D0F590E576D92AD.d.DC1EF0EAA232461AB5B412CF41769762.e.650/click - {}
RESULT: {}
COMMAND: GET /session/5b549bc456d4687fa6e2bea3ed9648b7/screenshot - {}
RESULT: {}
]]></system-out>
    </testcase>
    <testcase classname="chrome.136_0_7103_93.windows.Sanity_Tests_US104253" name="Should open Manage Calendars page" time="36.14">
      <system-out><![CDATA[
COMMAND: POST /session/5b549bc456d4687fa6e2bea3ed9648b7/execute/async - {"script":"<script> [1562 bytes]","args":[{"selector":{"controlType":"sap.m.GenericTile","properties":{"header":"Manage Calendars"}},"wdio_ui5_key":"sapm.GenericTile{\"header\":\"Manage Calendars\"}"}]}
RESULT: {"script":"<script> [1562 bytes]","args":[{"selector":{"controlType":"sap.m.GenericTile","properties":{"header":"Manage Calendars"}},"wdio_ui5_key":"sapm.GenericTile{\"header\":\"Manage Calendars\"}"}]}
RESULT: undefined
COMMAND: POST /session/5b549bc456d4687fa6e2bea3ed9648b7/element - {"using":"xpath","value":"//*[@id=\"__tile36\"]"}
RESULT: {"using":"xpath","value":"//*[@id=\"__tile36\"]"}
COMMAND: POST /session/5b549bc456d4687fa6e2bea3ed9648b7/element/f.7F69E53355262FB42D0F590E576D92AD.d.DC1EF0EAA232461AB5B412CF41769762.e.724/click - {}
RESULT: {}
COMMAND: GET /session/5b549bc456d4687fa6e2bea3ed9648b7/screenshot - {}
RESULT: {}
COMMAND: POST /session/5b549bc456d4687fa6e2bea3ed9648b7/elements - {"using":"xpath","value":"//span[text()='Error']"}
RESULT: {"using":"xpath","value":"//span[text()='Error']"}
RESULT: undefined
COMMAND: POST /session/5b549bc456d4687fa6e2bea3ed9648b7/element - {"using":"xpath","value":"//*[@id=\"__tile36\"]"}
RESULT: {"using":"xpath","value":"//*[@id=\"__tile36\"]"}
COMMAND: POST /session/5b549bc456d4687fa6e2bea3ed9648b7/element/f.7F69E53355262FB42D0F590E576D92AD.d.DC1EF0EAA232461AB5B412CF41769762.e.724/click - {}
RESULT: undefined
COMMAND: POST /session/5b549bc456d4687fa6e2bea3ed9648b7/element - {"using":"xpath","value":"//*[@id=\"__tile36\"]"}
RESULT: {"using":"xpath","value":"//*[@id=\"__tile36\"]"}
COMMAND: POST /session/5b549bc456d4687fa6e2bea3ed9648b7/element/f.7F69E53355262FB42D0F590E576D92AD.d.DC1EF0EAA232461AB5B412CF41769762.e.724/click - {}
RESULT: undefined
COMMAND: POST /session/5b549bc456d4687fa6e2bea3ed9648b7/execute/async - {"script":"<script> [6424 bytes]","args":[{"element-6066-11e4-a52e-4f735466cecf":"f.7F69E53355262FB42D0F590E576D92AD.d.DC1EF0EAA232461AB5B412CF41769762.e.284"},"getTitle",[]]}
COMMAND: POST /session/5b549bc456d4687fa6e2bea3ed9648b7/execute/async - {"script":"<script> [1562 bytes]","args":[{"selector":{"id":"shellAppTitle"},"wdio_ui5_key":"shellAppTitle"}]}
RESULT: {"script":"<script> [1562 bytes]","args":[{"selector":{"id":"shellAppTitle"},"wdio_ui5_key":"shellAppTitle"}]}
COMMAND: POST /session/5b549bc456d4687fa6e2bea3ed9648b7/execute/async - {"script":"<script> [6424 bytes]","args":[{"element-6066-11e4-a52e-4f735466cecf":"f.7F69E53355262FB42D0F590E576D92AD.d.DC1EF0EAA232461AB5B412CF41769762.e.802"},"getTitle",[]]}
RESULT: {"script":"<script> [6424 bytes]","args":[{"element-6066-11e4-a52e-4f735466cecf":"f.7F69E53355262FB42D0F590E576D92AD.d.DC1EF0EAA232461AB5B412CF41769762.e.802"},"getTitle",[]]}
RESULT: undefined
COMMAND: POST /session/5b549bc456d4687fa6e2bea3ed9648b7/element/f.7F69E53355262FB42D0F590E576D92AD.d.DC1EF0EAA232461AB5B412CF41769762.e.650/click - {}
COMMAND: POST /session/5b549bc456d4687fa6e2bea3ed9648b7/element - {"using":"xpath","value":"//*[@id=\"backBtn\"]"}
RESULT: {"using":"xpath","value":"//*[@id=\"backBtn\"]"}
COMMAND: POST /session/5b549bc456d4687fa6e2bea3ed9648b7/element/f.7F69E53355262FB42D0F590E576D92AD.d.DC1EF0EAA232461AB5B412CF41769762.e.650/click - {}
COMMAND: POST /session/5b549bc456d4687fa6e2bea3ed9648b7/element - {"using":"xpath","value":"//*[@id=\"backBtn\"]"}
RESULT: {"using":"xpath","value":"//*[@id=\"backBtn\"]"}
COMMAND: POST /session/5b549bc456d4687fa6e2bea3ed9648b7/element/f.7F69E53355262FB42D0F590E576D92AD.d.DC1EF0EAA232461AB5B412CF41769762.e.803/click - {}
RESULT: {}
COMMAND: GET /session/5b549bc456d4687fa6e2bea3ed9648b7/screenshot - {}
RESULT: {}
]]></system-out>
    </testcase>
    <testcase classname="chrome.136_0_7103_93.windows.Sanity_Tests_US104253" name="Should open Address Management page" time="36.545">
      <system-out><![CDATA[
COMMAND: POST /session/5b549bc456d4687fa6e2bea3ed9648b7/execute/async - {"script":"<script> [1562 bytes]","args":[{"selector":{"controlType":"sap.m.GenericTile","properties":{"header":"Address Management"}},"wdio_ui5_key":"sapm.GenericTile{\"header\":\"Address Management\"}"}]}
RESULT: {"script":"<script> [1562 bytes]","args":[{"selector":{"controlType":"sap.m.GenericTile","properties":{"header":"Address Management"}},"wdio_ui5_key":"sapm.GenericTile{\"header\":\"Address Management\"}"}]}
RESULT: undefined
COMMAND: POST /session/5b549bc456d4687fa6e2bea3ed9648b7/element - {"using":"xpath","value":"//*[@id=\"__tile33\"]"}
RESULT: {"using":"xpath","value":"//*[@id=\"__tile33\"]"}
COMMAND: POST /session/5b549bc456d4687fa6e2bea3ed9648b7/element/f.7F69E53355262FB42D0F590E576D92AD.d.DC1EF0EAA232461AB5B412CF41769762.e.805/click - {}
RESULT: {}
COMMAND: GET /session/5b549bc456d4687fa6e2bea3ed9648b7/screenshot - {}
RESULT: {}
COMMAND: POST /session/5b549bc456d4687fa6e2bea3ed9648b7/elements - {"using":"xpath","value":"//span[text()='Error']"}
RESULT: {"using":"xpath","value":"//span[text()='Error']"}
RESULT: undefined
COMMAND: POST /session/5b549bc456d4687fa6e2bea3ed9648b7/element - {"using":"xpath","value":"//*[@id=\"__tile33\"]"}
RESULT: {"using":"xpath","value":"//*[@id=\"__tile33\"]"}
COMMAND: POST /session/5b549bc456d4687fa6e2bea3ed9648b7/element/f.7F69E53355262FB42D0F590E576D92AD.d.DC1EF0EAA232461AB5B412CF41769762.e.805/click - {}
RESULT: undefined
COMMAND: POST /session/5b549bc456d4687fa6e2bea3ed9648b7/element - {"using":"xpath","value":"//*[@id=\"__tile33\"]"}
RESULT: {"using":"xpath","value":"//*[@id=\"__tile33\"]"}
COMMAND: POST /session/5b549bc456d4687fa6e2bea3ed9648b7/element/f.7F69E53355262FB42D0F590E576D92AD.d.DC1EF0EAA232461AB5B412CF41769762.e.805/click - {}
RESULT: undefined
COMMAND: POST /session/5b549bc456d4687fa6e2bea3ed9648b7/execute/async - {"script":"<script> [6424 bytes]","args":[{"element-6066-11e4-a52e-4f735466cecf":"f.7F69E53355262FB42D0F590E576D92AD.d.DC1EF0EAA232461AB5B412CF41769762.e.284"},"getTitle",[]]}
COMMAND: POST /session/5b549bc456d4687fa6e2bea3ed9648b7/execute/async - {"script":"<script> [1562 bytes]","args":[{"selector":{"id":"shellAppTitle"},"wdio_ui5_key":"shellAppTitle"}]}
RESULT: {"script":"<script> [1562 bytes]","args":[{"selector":{"id":"shellAppTitle"},"wdio_ui5_key":"shellAppTitle"}]}
COMMAND: POST /session/5b549bc456d4687fa6e2bea3ed9648b7/execute/async - {"script":"<script> [6424 bytes]","args":[{"element-6066-11e4-a52e-4f735466cecf":"f.7F69E53355262FB42D0F590E576D92AD.d.DC1EF0EAA232461AB5B412CF41769762.e.1004"},"getTitle",[]]}
RESULT: {"script":"<script> [6424 bytes]","args":[{"element-6066-11e4-a52e-4f735466cecf":"f.7F69E53355262FB42D0F590E576D92AD.d.DC1EF0EAA232461AB5B412CF41769762.e.1004"},"getTitle",[]]}
RESULT: undefined
COMMAND: POST /session/5b549bc456d4687fa6e2bea3ed9648b7/element/f.7F69E53355262FB42D0F590E576D92AD.d.DC1EF0EAA232461AB5B412CF41769762.e.803/click - {}
RESULT: {}
COMMAND: GET /session/5b549bc456d4687fa6e2bea3ed9648b7/screenshot - {}
RESULT: {}
]]></system-out>
    </testcase>
    <testcase classname="chrome.136_0_7103_93.windows.Sanity_Tests_US104253" name="Should open Bill Of Resources page" time="35.942">
      <system-out><![CDATA[
COMMAND: POST /session/5b549bc456d4687fa6e2bea3ed9648b7/execute/async - {"script":"<script> [1562 bytes]","args":[{"selector":{"controlType":"sap.m.GenericTile","properties":{"header":"Bill Of Resources"}},"wdio_ui5_key":"sapm.GenericTile{\"header\":\"Bill Of Resources\"}"}]}
RESULT: {"script":"<script> [1562 bytes]","args":[{"selector":{"controlType":"sap.m.GenericTile","properties":{"header":"Bill Of Resources"}},"wdio_ui5_key":"sapm.GenericTile{\"header\":\"Bill Of Resources\"}"}]}
RESULT: undefined
COMMAND: POST /session/5b549bc456d4687fa6e2bea3ed9648b7/element - {"using":"xpath","value":"//*[@id=\"__tile34\"]"}
RESULT: {"using":"xpath","value":"//*[@id=\"__tile34\"]"}
COMMAND: POST /session/5b549bc456d4687fa6e2bea3ed9648b7/element/f.7F69E53355262FB42D0F590E576D92AD.d.DC1EF0EAA232461AB5B412CF41769762.e.1006/click - {}
RESULT: {}
COMMAND: GET /session/5b549bc456d4687fa6e2bea3ed9648b7/screenshot - {}
RESULT: {}
COMMAND: POST /session/5b549bc456d4687fa6e2bea3ed9648b7/elements - {"using":"xpath","value":"//span[text()='Error']"}
RESULT: {"using":"xpath","value":"//span[text()='Error']"}
RESULT: undefined
COMMAND: POST /session/5b549bc456d4687fa6e2bea3ed9648b7/element - {"using":"xpath","value":"//*[@id=\"__tile34\"]"}
RESULT: {"using":"xpath","value":"//*[@id=\"__tile34\"]"}
COMMAND: POST /session/5b549bc456d4687fa6e2bea3ed9648b7/element/f.7F69E53355262FB42D0F590E576D92AD.d.DC1EF0EAA232461AB5B412CF41769762.e.1006/click - {}
RESULT: undefined
COMMAND: POST /session/5b549bc456d4687fa6e2bea3ed9648b7/element - {"using":"xpath","value":"//*[@id=\"__tile34\"]"}
RESULT: {"using":"xpath","value":"//*[@id=\"__tile34\"]"}
COMMAND: POST /session/5b549bc456d4687fa6e2bea3ed9648b7/element/f.7F69E53355262FB42D0F590E576D92AD.d.DC1EF0EAA232461AB5B412CF41769762.e.1006/click - {}
RESULT: undefined
COMMAND: POST /session/5b549bc456d4687fa6e2bea3ed9648b7/execute/async - {"script":"<script> [6424 bytes]","args":[{"element-6066-11e4-a52e-4f735466cecf":"f.7F69E53355262FB42D0F590E576D92AD.d.DC1EF0EAA232461AB5B412CF41769762.e.284"},"getTitle",[]]}
COMMAND: POST /session/5b549bc456d4687fa6e2bea3ed9648b7/execute/async - {"script":"<script> [1562 bytes]","args":[{"selector":{"id":"shellAppTitle"},"wdio_ui5_key":"shellAppTitle"}]}
RESULT: {"script":"<script> [1562 bytes]","args":[{"selector":{"id":"shellAppTitle"},"wdio_ui5_key":"shellAppTitle"}]}
COMMAND: POST /session/5b549bc456d4687fa6e2bea3ed9648b7/execute/async - {"script":"<script> [6424 bytes]","args":[{"element-6066-11e4-a52e-4f735466cecf":"f.7F69E53355262FB42D0F590E576D92AD.d.DC1EF0EAA232461AB5B412CF41769762.e.1100"},"getTitle",[]]}
RESULT: {"script":"<script> [6424 bytes]","args":[{"element-6066-11e4-a52e-4f735466cecf":"f.7F69E53355262FB42D0F590E576D92AD.d.DC1EF0EAA232461AB5B412CF41769762.e.1100"},"getTitle",[]]}
RESULT: undefined
COMMAND: POST /session/5b549bc456d4687fa6e2bea3ed9648b7/element/f.7F69E53355262FB42D0F590E576D92AD.d.DC1EF0EAA232461AB5B412CF41769762.e.803/click - {}
COMMAND: POST /session/5b549bc456d4687fa6e2bea3ed9648b7/element - {"using":"xpath","value":"//*[@id=\"backBtn\"]"}
RESULT: {"using":"xpath","value":"//*[@id=\"backBtn\"]"}
COMMAND: POST /session/5b549bc456d4687fa6e2bea3ed9648b7/element/f.7F69E53355262FB42D0F590E576D92AD.d.DC1EF0EAA232461AB5B412CF41769762.e.803/click - {}
COMMAND: POST /session/5b549bc456d4687fa6e2bea3ed9648b7/element - {"using":"xpath","value":"//*[@id=\"backBtn\"]"}
RESULT: {"using":"xpath","value":"//*[@id=\"backBtn\"]"}
COMMAND: POST /session/5b549bc456d4687fa6e2bea3ed9648b7/element/f.7F69E53355262FB42D0F590E576D92AD.d.DC1EF0EAA232461AB5B412CF41769762.e.1101/click - {}
RESULT: {}
COMMAND: GET /session/5b549bc456d4687fa6e2bea3ed9648b7/screenshot - {}
RESULT: {}
]]></system-out>
    </testcase>
    <testcase classname="chrome.136_0_7103_93.windows.Sanity_Tests_US104253" name="Should open Manage Yards page" time="35.998">
      <system-out><![CDATA[
COMMAND: POST /session/5b549bc456d4687fa6e2bea3ed9648b7/execute/async - {"script":"<script> [1562 bytes]","args":[{"selector":{"controlType":"sap.m.GenericTile","properties":{"header":"Manage Yards"}},"wdio_ui5_key":"sapm.GenericTile{\"header\":\"Manage Yards\"}"}]}
RESULT: {"script":"<script> [1562 bytes]","args":[{"selector":{"controlType":"sap.m.GenericTile","properties":{"header":"Manage Yards"}},"wdio_ui5_key":"sapm.GenericTile{\"header\":\"Manage Yards\"}"}]}
RESULT: undefined
COMMAND: POST /session/5b549bc456d4687fa6e2bea3ed9648b7/element - {"using":"xpath","value":"//*[@id=\"__tile41\"]"}
RESULT: {"using":"xpath","value":"//*[@id=\"__tile41\"]"}
COMMAND: POST /session/5b549bc456d4687fa6e2bea3ed9648b7/element/f.7F69E53355262FB42D0F590E576D92AD.d.DC1EF0EAA232461AB5B412CF41769762.e.1103/click - {}
RESULT: {}
COMMAND: GET /session/5b549bc456d4687fa6e2bea3ed9648b7/screenshot - {}
RESULT: {}
COMMAND: POST /session/5b549bc456d4687fa6e2bea3ed9648b7/elements - {"using":"xpath","value":"//span[text()='Error']"}
RESULT: {"using":"xpath","value":"//span[text()='Error']"}
RESULT: undefined
COMMAND: POST /session/5b549bc456d4687fa6e2bea3ed9648b7/element - {"using":"xpath","value":"//*[@id=\"__tile41\"]"}
RESULT: {"using":"xpath","value":"//*[@id=\"__tile41\"]"}
COMMAND: POST /session/5b549bc456d4687fa6e2bea3ed9648b7/element/f.7F69E53355262FB42D0F590E576D92AD.d.DC1EF0EAA232461AB5B412CF41769762.e.1103/click - {}
RESULT: undefined
COMMAND: POST /session/5b549bc456d4687fa6e2bea3ed9648b7/element - {"using":"xpath","value":"//*[@id=\"__tile41\"]"}
RESULT: {"using":"xpath","value":"//*[@id=\"__tile41\"]"}
COMMAND: POST /session/5b549bc456d4687fa6e2bea3ed9648b7/element/f.7F69E53355262FB42D0F590E576D92AD.d.DC1EF0EAA232461AB5B412CF41769762.e.1103/click - {}
RESULT: undefined
COMMAND: POST /session/5b549bc456d4687fa6e2bea3ed9648b7/execute/async - {"script":"<script> [6424 bytes]","args":[{"element-6066-11e4-a52e-4f735466cecf":"f.7F69E53355262FB42D0F590E576D92AD.d.DC1EF0EAA232461AB5B412CF41769762.e.284"},"getTitle",[]]}
COMMAND: POST /session/5b549bc456d4687fa6e2bea3ed9648b7/execute/async - {"script":"<script> [1562 bytes]","args":[{"selector":{"id":"shellAppTitle"},"wdio_ui5_key":"shellAppTitle"}]}
RESULT: {"script":"<script> [1562 bytes]","args":[{"selector":{"id":"shellAppTitle"},"wdio_ui5_key":"shellAppTitle"}]}
COMMAND: POST /session/5b549bc456d4687fa6e2bea3ed9648b7/execute/async - {"script":"<script> [6424 bytes]","args":[{"element-6066-11e4-a52e-4f735466cecf":"f.7F69E53355262FB42D0F590E576D92AD.d.DC1EF0EAA232461AB5B412CF41769762.e.1286"},"getTitle",[]]}
RESULT: {"script":"<script> [6424 bytes]","args":[{"element-6066-11e4-a52e-4f735466cecf":"f.7F69E53355262FB42D0F590E576D92AD.d.DC1EF0EAA232461AB5B412CF41769762.e.1286"},"getTitle",[]]}
RESULT: undefined
COMMAND: POST /session/5b549bc456d4687fa6e2bea3ed9648b7/element/f.7F69E53355262FB42D0F590E576D92AD.d.DC1EF0EAA232461AB5B412CF41769762.e.1101/click - {}
RESULT: {}
COMMAND: GET /session/5b549bc456d4687fa6e2bea3ed9648b7/screenshot - {}
RESULT: {}
]]></system-out>
    </testcase>
    <testcase classname="chrome.136_0_7103_93.windows.Sanity_Tests_US104253" name="Should open Manage Requests page" time="36.189">
      <system-out><![CDATA[
COMMAND: POST /session/5b549bc456d4687fa6e2bea3ed9648b7/execute/async - {"script":"<script> [1562 bytes]","args":[{"selector":{"controlType":"sap.m.GenericTile","properties":{"header":"Manage Requests"}},"wdio_ui5_key":"sapm.GenericTile{\"header\":\"Manage Requests\"}"}]}
RESULT: {"script":"<script> [1562 bytes]","args":[{"selector":{"controlType":"sap.m.GenericTile","properties":{"header":"Manage Requests"}},"wdio_ui5_key":"sapm.GenericTile{\"header\":\"Manage Requests\"}"}]}
RESULT: undefined
COMMAND: POST /session/5b549bc456d4687fa6e2bea3ed9648b7/element - {"using":"xpath","value":"//*[@id=\"__tile47\"]"}
RESULT: {"using":"xpath","value":"//*[@id=\"__tile47\"]"}
COMMAND: POST /session/5b549bc456d4687fa6e2bea3ed9648b7/element/f.7F69E53355262FB42D0F590E576D92AD.d.DC1EF0EAA232461AB5B412CF41769762.e.1288/click - {}
RESULT: {}
COMMAND: GET /session/5b549bc456d4687fa6e2bea3ed9648b7/screenshot - {}
RESULT: {}
COMMAND: POST /session/5b549bc456d4687fa6e2bea3ed9648b7/elements - {"using":"xpath","value":"//span[text()='Error']"}
RESULT: {"using":"xpath","value":"//span[text()='Error']"}
RESULT: undefined
COMMAND: POST /session/5b549bc456d4687fa6e2bea3ed9648b7/element - {"using":"xpath","value":"//*[@id=\"__tile47\"]"}
RESULT: {"using":"xpath","value":"//*[@id=\"__tile47\"]"}
COMMAND: POST /session/5b549bc456d4687fa6e2bea3ed9648b7/element/f.7F69E53355262FB42D0F590E576D92AD.d.DC1EF0EAA232461AB5B412CF41769762.e.1288/click - {}
RESULT: undefined
COMMAND: POST /session/5b549bc456d4687fa6e2bea3ed9648b7/element - {"using":"xpath","value":"//*[@id=\"__tile47\"]"}
RESULT: {"using":"xpath","value":"//*[@id=\"__tile47\"]"}
COMMAND: POST /session/5b549bc456d4687fa6e2bea3ed9648b7/element/f.7F69E53355262FB42D0F590E576D92AD.d.DC1EF0EAA232461AB5B412CF41769762.e.1288/click - {}
RESULT: undefined
COMMAND: POST /session/5b549bc456d4687fa6e2bea3ed9648b7/execute/async - {"script":"<script> [6424 bytes]","args":[{"element-6066-11e4-a52e-4f735466cecf":"f.7F69E53355262FB42D0F590E576D92AD.d.DC1EF0EAA232461AB5B412CF41769762.e.284"},"getTitle",[]]}
COMMAND: POST /session/5b549bc456d4687fa6e2bea3ed9648b7/execute/async - {"script":"<script> [1562 bytes]","args":[{"selector":{"id":"shellAppTitle"},"wdio_ui5_key":"shellAppTitle"}]}
RESULT: {"script":"<script> [1562 bytes]","args":[{"selector":{"id":"shellAppTitle"},"wdio_ui5_key":"shellAppTitle"}]}
COMMAND: POST /session/5b549bc456d4687fa6e2bea3ed9648b7/execute/async - {"script":"<script> [6424 bytes]","args":[{"element-6066-11e4-a52e-4f735466cecf":"f.7F69E53355262FB42D0F590E576D92AD.d.DC1EF0EAA232461AB5B412CF41769762.e.1390"},"getTitle",[]]}
RESULT: {"script":"<script> [6424 bytes]","args":[{"element-6066-11e4-a52e-4f735466cecf":"f.7F69E53355262FB42D0F590E576D92AD.d.DC1EF0EAA232461AB5B412CF41769762.e.1390"},"getTitle",[]]}
RESULT: undefined
COMMAND: POST /session/5b549bc456d4687fa6e2bea3ed9648b7/element/f.7F69E53355262FB42D0F590E576D92AD.d.DC1EF0EAA232461AB5B412CF41769762.e.1101/click - {}
COMMAND: POST /session/5b549bc456d4687fa6e2bea3ed9648b7/element - {"using":"xpath","value":"//*[@id=\"backBtn\"]"}
RESULT: {"using":"xpath","value":"//*[@id=\"backBtn\"]"}
COMMAND: POST /session/5b549bc456d4687fa6e2bea3ed9648b7/element/f.7F69E53355262FB42D0F590E576D92AD.d.DC1EF0EAA232461AB5B412CF41769762.e.1101/click - {}
COMMAND: POST /session/5b549bc456d4687fa6e2bea3ed9648b7/element - {"using":"xpath","value":"//*[@id=\"backBtn\"]"}
RESULT: {"using":"xpath","value":"//*[@id=\"backBtn\"]"}
COMMAND: POST /session/5b549bc456d4687fa6e2bea3ed9648b7/element/f.7F69E53355262FB42D0F590E576D92AD.d.DC1EF0EAA232461AB5B412CF41769762.e.1391/click - {}
RESULT: {}
COMMAND: GET /session/5b549bc456d4687fa6e2bea3ed9648b7/screenshot - {}
RESULT: {}
]]></system-out>
    </testcase>
    <testcase classname="chrome.136_0_7103_93.windows.Sanity_Tests_US104253" name="Should open Manage Purchasing page" time="36.641">
      <system-out><![CDATA[
COMMAND: POST /session/5b549bc456d4687fa6e2bea3ed9648b7/execute/async - {"script":"<script> [1562 bytes]","args":[{"selector":{"controlType":"sap.m.GenericTile","properties":{"header":"Manage Purchasing"}},"wdio_ui5_key":"sapm.GenericTile{\"header\":\"Manage Purchasing\"}"}]}
RESULT: {"script":"<script> [1562 bytes]","args":[{"selector":{"controlType":"sap.m.GenericTile","properties":{"header":"Manage Purchasing"}},"wdio_ui5_key":"sapm.GenericTile{\"header\":\"Manage Purchasing\"}"}]}
RESULT: undefined
COMMAND: POST /session/5b549bc456d4687fa6e2bea3ed9648b7/element - {"using":"xpath","value":"//*[@id=\"__tile46\"]"}
RESULT: {"using":"xpath","value":"//*[@id=\"__tile46\"]"}
COMMAND: POST /session/5b549bc456d4687fa6e2bea3ed9648b7/element/f.7F69E53355262FB42D0F590E576D92AD.d.DC1EF0EAA232461AB5B412CF41769762.e.1394/click - {}
RESULT: {}
COMMAND: GET /session/5b549bc456d4687fa6e2bea3ed9648b7/screenshot - {}
RESULT: {}
COMMAND: POST /session/5b549bc456d4687fa6e2bea3ed9648b7/elements - {"using":"xpath","value":"//span[text()='Error']"}
RESULT: {"using":"xpath","value":"//span[text()='Error']"}
RESULT: undefined
COMMAND: POST /session/5b549bc456d4687fa6e2bea3ed9648b7/element - {"using":"xpath","value":"//*[@id=\"__tile46\"]"}
RESULT: {"using":"xpath","value":"//*[@id=\"__tile46\"]"}
COMMAND: POST /session/5b549bc456d4687fa6e2bea3ed9648b7/element/f.7F69E53355262FB42D0F590E576D92AD.d.DC1EF0EAA232461AB5B412CF41769762.e.1394/click - {}
RESULT: undefined
COMMAND: POST /session/5b549bc456d4687fa6e2bea3ed9648b7/element - {"using":"xpath","value":"//*[@id=\"__tile46\"]"}
RESULT: {"using":"xpath","value":"//*[@id=\"__tile46\"]"}
COMMAND: POST /session/5b549bc456d4687fa6e2bea3ed9648b7/element/f.7F69E53355262FB42D0F590E576D92AD.d.DC1EF0EAA232461AB5B412CF41769762.e.1394/click - {}
RESULT: undefined
COMMAND: POST /session/5b549bc456d4687fa6e2bea3ed9648b7/execute/async - {"script":"<script> [6424 bytes]","args":[{"element-6066-11e4-a52e-4f735466cecf":"f.7F69E53355262FB42D0F590E576D92AD.d.DC1EF0EAA232461AB5B412CF41769762.e.284"},"getTitle",[]]}
COMMAND: POST /session/5b549bc456d4687fa6e2bea3ed9648b7/execute/async - {"script":"<script> [1562 bytes]","args":[{"selector":{"id":"shellAppTitle"},"wdio_ui5_key":"shellAppTitle"}]}
RESULT: {"script":"<script> [1562 bytes]","args":[{"selector":{"id":"shellAppTitle"},"wdio_ui5_key":"shellAppTitle"}]}
COMMAND: POST /session/5b549bc456d4687fa6e2bea3ed9648b7/execute/async - {"script":"<script> [6424 bytes]","args":[{"element-6066-11e4-a52e-4f735466cecf":"f.7F69E53355262FB42D0F590E576D92AD.d.DC1EF0EAA232461AB5B412CF41769762.e.1472"},"getTitle",[]]}
RESULT: {"script":"<script> [6424 bytes]","args":[{"element-6066-11e4-a52e-4f735466cecf":"f.7F69E53355262FB42D0F590E576D92AD.d.DC1EF0EAA232461AB5B412CF41769762.e.1472"},"getTitle",[]]}
RESULT: undefined
COMMAND: POST /session/5b549bc456d4687fa6e2bea3ed9648b7/element/f.7F69E53355262FB42D0F590E576D92AD.d.DC1EF0EAA232461AB5B412CF41769762.e.1391/click - {}
RESULT: {}
COMMAND: GET /session/5b549bc456d4687fa6e2bea3ed9648b7/screenshot - {}
RESULT: {}
]]></system-out>
    </testcase>
    <testcase classname="chrome.136_0_7103_93.windows.Sanity_Tests_US104253" name="Should open Planning Board page" time="37.169">
      <system-out><![CDATA[
COMMAND: POST /session/5b549bc456d4687fa6e2bea3ed9648b7/execute/async - {"script":"<script> [1562 bytes]","args":[{"selector":{"controlType":"sap.m.GenericTile","properties":{"header":"Planning Board"}},"wdio_ui5_key":"sapm.GenericTile{\"header\":\"Planning Board\"}"}]}
RESULT: {"script":"<script> [1562 bytes]","args":[{"selector":{"controlType":"sap.m.GenericTile","properties":{"header":"Planning Board"}},"wdio_ui5_key":"sapm.GenericTile{\"header\":\"Planning Board\"}"}]}
RESULT: undefined
COMMAND: POST /session/5b549bc456d4687fa6e2bea3ed9648b7/element - {"using":"xpath","value":"//*[@id=\"__tile133\"]"}
RESULT: {"using":"xpath","value":"//*[@id=\"__tile133\"]"}
COMMAND: POST /session/5b549bc456d4687fa6e2bea3ed9648b7/element/f.7F69E53355262FB42D0F590E576D92AD.d.DC1EF0EAA232461AB5B412CF41769762.e.1474/click - {}
RESULT: {}
COMMAND: GET /session/5b549bc456d4687fa6e2bea3ed9648b7/screenshot - {}
RESULT: {}
COMMAND: POST /session/5b549bc456d4687fa6e2bea3ed9648b7/elements - {"using":"xpath","value":"//span[text()='Error']"}
RESULT: {"using":"xpath","value":"//span[text()='Error']"}
RESULT: undefined
COMMAND: POST /session/5b549bc456d4687fa6e2bea3ed9648b7/element - {"using":"xpath","value":"//*[@id=\"__tile133\"]"}
RESULT: {"using":"xpath","value":"//*[@id=\"__tile133\"]"}
COMMAND: POST /session/5b549bc456d4687fa6e2bea3ed9648b7/element/f.7F69E53355262FB42D0F590E576D92AD.d.DC1EF0EAA232461AB5B412CF41769762.e.1474/click - {}
RESULT: undefined
COMMAND: POST /session/5b549bc456d4687fa6e2bea3ed9648b7/element - {"using":"xpath","value":"//*[@id=\"__tile133\"]"}
RESULT: {"using":"xpath","value":"//*[@id=\"__tile133\"]"}
COMMAND: POST /session/5b549bc456d4687fa6e2bea3ed9648b7/element/f.7F69E53355262FB42D0F590E576D92AD.d.DC1EF0EAA232461AB5B412CF41769762.e.1474/click - {}
RESULT: undefined
COMMAND: POST /session/5b549bc456d4687fa6e2bea3ed9648b7/execute/async - {"script":"<script> [6424 bytes]","args":[{"element-6066-11e4-a52e-4f735466cecf":"f.7F69E53355262FB42D0F590E576D92AD.d.DC1EF0EAA232461AB5B412CF41769762.e.284"},"getTitle",[]]}
COMMAND: POST /session/5b549bc456d4687fa6e2bea3ed9648b7/execute/async - {"script":"<script> [1562 bytes]","args":[{"selector":{"id":"shellAppTitle"},"wdio_ui5_key":"shellAppTitle"}]}
RESULT: {"script":"<script> [1562 bytes]","args":[{"selector":{"id":"shellAppTitle"},"wdio_ui5_key":"shellAppTitle"}]}
COMMAND: POST /session/5b549bc456d4687fa6e2bea3ed9648b7/execute/async - {"script":"<script> [6424 bytes]","args":[{"element-6066-11e4-a52e-4f735466cecf":"f.7F69E53355262FB42D0F590E576D92AD.d.DC1EF0EAA232461AB5B412CF41769762.e.1525"},"getTitle",[]]}
RESULT: {"script":"<script> [6424 bytes]","args":[{"element-6066-11e4-a52e-4f735466cecf":"f.7F69E53355262FB42D0F590E576D92AD.d.DC1EF0EAA232461AB5B412CF41769762.e.1525"},"getTitle",[]]}
RESULT: undefined
COMMAND: POST /session/5b549bc456d4687fa6e2bea3ed9648b7/element/f.7F69E53355262FB42D0F590E576D92AD.d.DC1EF0EAA232461AB5B412CF41769762.e.1391/click - {}
COMMAND: POST /session/5b549bc456d4687fa6e2bea3ed9648b7/element/f.7F69E53355262FB42D0F590E576D92AD.d.DC1EF0EAA232461AB5B412CF41769762.e.1391/click - {}
COMMAND: POST /session/5b549bc456d4687fa6e2bea3ed9648b7/element - {"using":"xpath","value":"//*[@id=\"backBtn\"]"}
COMMAND: POST /session/5b549bc456d4687fa6e2bea3ed9648b7/element - {"using":"xpath","value":"//*[@id=\"backBtn\"]"}
RESULT: {"using":"xpath","value":"//*[@id=\"backBtn\"]"}
COMMAND: POST /session/5b549bc456d4687fa6e2bea3ed9648b7/element/f.7F69E53355262FB42D0F590E576D92AD.d.DC1EF0EAA232461AB5B412CF41769762.e.1391/click - {}
RESULT: {"using":"xpath","value":"//*[@id=\"backBtn\"]"}
COMMAND: POST /session/5b549bc456d4687fa6e2bea3ed9648b7/element/f.7F69E53355262FB42D0F590E576D92AD.d.DC1EF0EAA232461AB5B412CF41769762.e.1391/click - {}
COMMAND: POST /session/5b549bc456d4687fa6e2bea3ed9648b7/element - {"using":"xpath","value":"//*[@id=\"backBtn\"]"}
COMMAND: POST /session/5b549bc456d4687fa6e2bea3ed9648b7/element - {"using":"xpath","value":"//*[@id=\"backBtn\"]"}
RESULT: {"using":"xpath","value":"//*[@id=\"backBtn\"]"}
COMMAND: POST /session/5b549bc456d4687fa6e2bea3ed9648b7/element/f.7F69E53355262FB42D0F590E576D92AD.d.DC1EF0EAA232461AB5B412CF41769762.e.1526/click - {}
RESULT: {"using":"xpath","value":"//*[@id=\"backBtn\"]"}
COMMAND: POST /session/5b549bc456d4687fa6e2bea3ed9648b7/element/f.7F69E53355262FB42D0F590E576D92AD.d.DC1EF0EAA232461AB5B412CF41769762.e.1526/click - {}
RESULT: {}
COMMAND: GET /session/5b549bc456d4687fa6e2bea3ed9648b7/screenshot - {}
RESULT: {}
COMMAND: GET /session/5b549bc456d4687fa6e2bea3ed9648b7/screenshot - {}
RESULT: {}
RESULT: {}
]]></system-out>
    </testcase>
    <testcase classname="chrome.136_0_7103_93.windows.Sanity_Tests_US104253" name="Should open Manage Contracts page" time="36.512">
      <system-out><![CDATA[
COMMAND: POST /session/5b549bc456d4687fa6e2bea3ed9648b7/execute/async - {"script":"<script> [1562 bytes]","args":[{"selector":{"controlType":"sap.m.GenericTile","properties":{"header":"Manage Contracts"}},"wdio_ui5_key":"sapm.GenericTile{\"header\":\"Manage Contracts\"}"}]}
RESULT: {"script":"<script> [1562 bytes]","args":[{"selector":{"controlType":"sap.m.GenericTile","properties":{"header":"Manage Contracts"}},"wdio_ui5_key":"sapm.GenericTile{\"header\":\"Manage Contracts\"}"}]}
RESULT: undefined
COMMAND: POST /session/5b549bc456d4687fa6e2bea3ed9648b7/element - {"using":"xpath","value":"//*[@id=\"__tile130\"]"}
RESULT: {"using":"xpath","value":"//*[@id=\"__tile130\"]"}
COMMAND: POST /session/5b549bc456d4687fa6e2bea3ed9648b7/element/f.7F69E53355262FB42D0F590E576D92AD.d.DC1EF0EAA232461AB5B412CF41769762.e.1528/click - {}
RESULT: {}
COMMAND: GET /session/5b549bc456d4687fa6e2bea3ed9648b7/screenshot - {}
RESULT: {}
COMMAND: POST /session/5b549bc456d4687fa6e2bea3ed9648b7/elements - {"using":"xpath","value":"//span[text()='Error']"}
RESULT: {"using":"xpath","value":"//span[text()='Error']"}
RESULT: undefined
COMMAND: POST /session/5b549bc456d4687fa6e2bea3ed9648b7/element - {"using":"xpath","value":"//*[@id=\"__tile130\"]"}
RESULT: {"using":"xpath","value":"//*[@id=\"__tile130\"]"}
COMMAND: POST /session/5b549bc456d4687fa6e2bea3ed9648b7/element/f.7F69E53355262FB42D0F590E576D92AD.d.DC1EF0EAA232461AB5B412CF41769762.e.1528/click - {}
RESULT: undefined
COMMAND: POST /session/5b549bc456d4687fa6e2bea3ed9648b7/element - {"using":"xpath","value":"//*[@id=\"__tile130\"]"}
RESULT: {"using":"xpath","value":"//*[@id=\"__tile130\"]"}
COMMAND: POST /session/5b549bc456d4687fa6e2bea3ed9648b7/element/f.7F69E53355262FB42D0F590E576D92AD.d.DC1EF0EAA232461AB5B412CF41769762.e.1528/click - {}
RESULT: undefined
COMMAND: POST /session/5b549bc456d4687fa6e2bea3ed9648b7/execute/async - {"script":"<script> [6424 bytes]","args":[{"element-6066-11e4-a52e-4f735466cecf":"f.7F69E53355262FB42D0F590E576D92AD.d.DC1EF0EAA232461AB5B412CF41769762.e.284"},"getTitle",[]]}
COMMAND: POST /session/5b549bc456d4687fa6e2bea3ed9648b7/execute/async - {"script":"<script> [1562 bytes]","args":[{"selector":{"id":"shellAppTitle"},"wdio_ui5_key":"shellAppTitle"}]}
RESULT: {"script":"<script> [1562 bytes]","args":[{"selector":{"id":"shellAppTitle"},"wdio_ui5_key":"shellAppTitle"}]}
COMMAND: POST /session/5b549bc456d4687fa6e2bea3ed9648b7/execute/async - {"script":"<script> [6424 bytes]","args":[{"element-6066-11e4-a52e-4f735466cecf":"f.7F69E53355262FB42D0F590E576D92AD.d.DC1EF0EAA232461AB5B412CF41769762.e.1593"},"getTitle",[]]}
RESULT: {"script":"<script> [6424 bytes]","args":[{"element-6066-11e4-a52e-4f735466cecf":"f.7F69E53355262FB42D0F590E576D92AD.d.DC1EF0EAA232461AB5B412CF41769762.e.1593"},"getTitle",[]]}
RESULT: undefined
COMMAND: POST /session/5b549bc456d4687fa6e2bea3ed9648b7/element/f.7F69E53355262FB42D0F590E576D92AD.d.DC1EF0EAA232461AB5B412CF41769762.e.1526/click - {}
RESULT: {}
COMMAND: GET /session/5b549bc456d4687fa6e2bea3ed9648b7/screenshot - {}
RESULT: {}
]]></system-out>
    </testcase>
    <testcase classname="chrome.136_0_7103_93.windows.Sanity_Tests_US104253" name="Should open Manage Quotations page" time="36.42">
      <system-out><![CDATA[
COMMAND: POST /session/5b549bc456d4687fa6e2bea3ed9648b7/execute/async - {"script":"<script> [1562 bytes]","args":[{"selector":{"controlType":"sap.m.GenericTile","properties":{"header":"Manage Quotations"}},"wdio_ui5_key":"sapm.GenericTile{\"header\":\"Manage Quotations\"}"}]}
RESULT: {"script":"<script> [1562 bytes]","args":[{"selector":{"controlType":"sap.m.GenericTile","properties":{"header":"Manage Quotations"}},"wdio_ui5_key":"sapm.GenericTile{\"header\":\"Manage Quotations\"}"}]}
RESULT: undefined
COMMAND: POST /session/5b549bc456d4687fa6e2bea3ed9648b7/element - {"using":"xpath","value":"//*[@id=\"__tile132\"]"}
RESULT: {"using":"xpath","value":"//*[@id=\"__tile132\"]"}
COMMAND: POST /session/5b549bc456d4687fa6e2bea3ed9648b7/element/f.7F69E53355262FB42D0F590E576D92AD.d.DC1EF0EAA232461AB5B412CF41769762.e.1595/click - {}
RESULT: {}
COMMAND: GET /session/5b549bc456d4687fa6e2bea3ed9648b7/screenshot - {}
RESULT: {}
COMMAND: POST /session/5b549bc456d4687fa6e2bea3ed9648b7/elements - {"using":"xpath","value":"//span[text()='Error']"}
RESULT: {"using":"xpath","value":"//span[text()='Error']"}
RESULT: undefined
COMMAND: POST /session/5b549bc456d4687fa6e2bea3ed9648b7/element - {"using":"xpath","value":"//*[@id=\"__tile132\"]"}
RESULT: {"using":"xpath","value":"//*[@id=\"__tile132\"]"}
COMMAND: POST /session/5b549bc456d4687fa6e2bea3ed9648b7/element/f.7F69E53355262FB42D0F590E576D92AD.d.DC1EF0EAA232461AB5B412CF41769762.e.1595/click - {}
RESULT: undefined
COMMAND: POST /session/5b549bc456d4687fa6e2bea3ed9648b7/element - {"using":"xpath","value":"//*[@id=\"__tile132\"]"}
RESULT: {"using":"xpath","value":"//*[@id=\"__tile132\"]"}
COMMAND: POST /session/5b549bc456d4687fa6e2bea3ed9648b7/element/f.7F69E53355262FB42D0F590E576D92AD.d.DC1EF0EAA232461AB5B412CF41769762.e.1595/click - {}
RESULT: undefined
COMMAND: POST /session/5b549bc456d4687fa6e2bea3ed9648b7/execute/async - {"script":"<script> [6424 bytes]","args":[{"element-6066-11e4-a52e-4f735466cecf":"f.7F69E53355262FB42D0F590E576D92AD.d.DC1EF0EAA232461AB5B412CF41769762.e.284"},"getTitle",[]]}
COMMAND: POST /session/5b549bc456d4687fa6e2bea3ed9648b7/execute/async - {"script":"<script> [1562 bytes]","args":[{"selector":{"id":"shellAppTitle"},"wdio_ui5_key":"shellAppTitle"}]}
RESULT: {"script":"<script> [1562 bytes]","args":[{"selector":{"id":"shellAppTitle"},"wdio_ui5_key":"shellAppTitle"}]}
COMMAND: POST /session/5b549bc456d4687fa6e2bea3ed9648b7/execute/async - {"script":"<script> [6424 bytes]","args":[{"element-6066-11e4-a52e-4f735466cecf":"f.7F69E53355262FB42D0F590E576D92AD.d.DC1EF0EAA232461AB5B412CF41769762.e.1678"},"getTitle",[]]}
RESULT: {"script":"<script> [6424 bytes]","args":[{"element-6066-11e4-a52e-4f735466cecf":"f.7F69E53355262FB42D0F590E576D92AD.d.DC1EF0EAA232461AB5B412CF41769762.e.1678"},"getTitle",[]]}
RESULT: undefined
COMMAND: POST /session/5b549bc456d4687fa6e2bea3ed9648b7/element/f.7F69E53355262FB42D0F590E576D92AD.d.DC1EF0EAA232461AB5B412CF41769762.e.1526/click - {}
COMMAND: POST /session/5b549bc456d4687fa6e2bea3ed9648b7/element - {"using":"xpath","value":"//*[@id=\"backBtn\"]"}
RESULT: {"using":"xpath","value":"//*[@id=\"backBtn\"]"}
COMMAND: POST /session/5b549bc456d4687fa6e2bea3ed9648b7/element/f.7F69E53355262FB42D0F590E576D92AD.d.DC1EF0EAA232461AB5B412CF41769762.e.1526/click - {}
COMMAND: POST /session/5b549bc456d4687fa6e2bea3ed9648b7/element - {"using":"xpath","value":"//*[@id=\"backBtn\"]"}
RESULT: {"using":"xpath","value":"//*[@id=\"backBtn\"]"}
COMMAND: POST /session/5b549bc456d4687fa6e2bea3ed9648b7/element/f.7F69E53355262FB42D0F590E576D92AD.d.DC1EF0EAA232461AB5B412CF41769762.e.1679/click - {}
RESULT: {}
COMMAND: GET /session/5b549bc456d4687fa6e2bea3ed9648b7/screenshot - {}
RESULT: {}
]]></system-out>
    </testcase>
    <testcase classname="chrome.136_0_7103_93.windows.Sanity_Tests_US104253" name="Should open Manage Handovers page" time="36.539">
      <system-out><![CDATA[
COMMAND: POST /session/5b549bc456d4687fa6e2bea3ed9648b7/execute/async - {"script":"<script> [1562 bytes]","args":[{"selector":{"controlType":"sap.m.GenericTile","properties":{"header":"Manage Handovers"}},"wdio_ui5_key":"sapm.GenericTile{\"header\":\"Manage Handovers\"}"}]}
RESULT: {"script":"<script> [1562 bytes]","args":[{"selector":{"controlType":"sap.m.GenericTile","properties":{"header":"Manage Handovers"}},"wdio_ui5_key":"sapm.GenericTile{\"header\":\"Manage Handovers\"}"}]}
RESULT: undefined
COMMAND: POST /session/5b549bc456d4687fa6e2bea3ed9648b7/element - {"using":"xpath","value":"//*[@id=\"__tile131\"]"}
RESULT: {"using":"xpath","value":"//*[@id=\"__tile131\"]"}
COMMAND: POST /session/5b549bc456d4687fa6e2bea3ed9648b7/element/f.7F69E53355262FB42D0F590E576D92AD.d.DC1EF0EAA232461AB5B412CF41769762.e.1681/click - {}
RESULT: {}
COMMAND: GET /session/5b549bc456d4687fa6e2bea3ed9648b7/screenshot - {}
RESULT: {}
COMMAND: POST /session/5b549bc456d4687fa6e2bea3ed9648b7/elements - {"using":"xpath","value":"//span[text()='Error']"}
RESULT: {"using":"xpath","value":"//span[text()='Error']"}
RESULT: undefined
COMMAND: POST /session/5b549bc456d4687fa6e2bea3ed9648b7/element - {"using":"xpath","value":"//*[@id=\"__tile131\"]"}
RESULT: {"using":"xpath","value":"//*[@id=\"__tile131\"]"}
COMMAND: POST /session/5b549bc456d4687fa6e2bea3ed9648b7/element/f.7F69E53355262FB42D0F590E576D92AD.d.DC1EF0EAA232461AB5B412CF41769762.e.1681/click - {}
RESULT: undefined
COMMAND: POST /session/5b549bc456d4687fa6e2bea3ed9648b7/element - {"using":"xpath","value":"//*[@id=\"__tile131\"]"}
RESULT: {"using":"xpath","value":"//*[@id=\"__tile131\"]"}
COMMAND: POST /session/5b549bc456d4687fa6e2bea3ed9648b7/element/f.7F69E53355262FB42D0F590E576D92AD.d.DC1EF0EAA232461AB5B412CF41769762.e.1681/click - {}
RESULT: undefined
COMMAND: POST /session/5b549bc456d4687fa6e2bea3ed9648b7/execute/async - {"script":"<script> [6424 bytes]","args":[{"element-6066-11e4-a52e-4f735466cecf":"f.7F69E53355262FB42D0F590E576D92AD.d.DC1EF0EAA232461AB5B412CF41769762.e.284"},"getTitle",[]]}
COMMAND: POST /session/5b549bc456d4687fa6e2bea3ed9648b7/execute/async - {"script":"<script> [1562 bytes]","args":[{"selector":{"id":"shellAppTitle"},"wdio_ui5_key":"shellAppTitle"}]}
RESULT: {"script":"<script> [1562 bytes]","args":[{"selector":{"id":"shellAppTitle"},"wdio_ui5_key":"shellAppTitle"}]}
COMMAND: POST /session/5b549bc456d4687fa6e2bea3ed9648b7/execute/async - {"script":"<script> [6424 bytes]","args":[{"element-6066-11e4-a52e-4f735466cecf":"f.7F69E53355262FB42D0F590E576D92AD.d.DC1EF0EAA232461AB5B412CF41769762.e.1782"},"getTitle",[]]}
RESULT: {"script":"<script> [6424 bytes]","args":[{"element-6066-11e4-a52e-4f735466cecf":"f.7F69E53355262FB42D0F590E576D92AD.d.DC1EF0EAA232461AB5B412CF41769762.e.1782"},"getTitle",[]]}
RESULT: undefined
COMMAND: POST /session/5b549bc456d4687fa6e2bea3ed9648b7/element/f.7F69E53355262FB42D0F590E576D92AD.d.DC1EF0EAA232461AB5B412CF41769762.e.1679/click - {}
RESULT: {}
COMMAND: GET /session/5b549bc456d4687fa6e2bea3ed9648b7/screenshot - {}
RESULT: {}
]]></system-out>
    </testcase>
    <testcase classname="chrome.136_0_7103_93.windows.Sanity_Tests_US104253" name="Should open Delivery Monitor page" time="36.205">
      <system-out><![CDATA[
COMMAND: POST /session/5b549bc456d4687fa6e2bea3ed9648b7/execute/async - {"script":"<script> [1562 bytes]","args":[{"selector":{"controlType":"sap.m.GenericTile","properties":{"header":"Delivery Monitor"}},"wdio_ui5_key":"sapm.GenericTile{\"header\":\"Delivery Monitor\"}"}]}
RESULT: {"script":"<script> [1562 bytes]","args":[{"selector":{"controlType":"sap.m.GenericTile","properties":{"header":"Delivery Monitor"}},"wdio_ui5_key":"sapm.GenericTile{\"header\":\"Delivery Monitor\"}"}]}
RESULT: undefined
COMMAND: POST /session/5b549bc456d4687fa6e2bea3ed9648b7/element - {"using":"xpath","value":"//*[@id=\"__tile43\"]"}
RESULT: {"using":"xpath","value":"//*[@id=\"__tile43\"]"}
COMMAND: POST /session/5b549bc456d4687fa6e2bea3ed9648b7/element/f.7F69E53355262FB42D0F590E576D92AD.d.DC1EF0EAA232461AB5B412CF41769762.e.1784/click - {}
RESULT: {}
COMMAND: GET /session/5b549bc456d4687fa6e2bea3ed9648b7/screenshot - {}
RESULT: {}
COMMAND: POST /session/5b549bc456d4687fa6e2bea3ed9648b7/elements - {"using":"xpath","value":"//span[text()='Error']"}
RESULT: {"using":"xpath","value":"//span[text()='Error']"}
RESULT: undefined
COMMAND: POST /session/5b549bc456d4687fa6e2bea3ed9648b7/element - {"using":"xpath","value":"//*[@id=\"__tile43\"]"}
RESULT: {"using":"xpath","value":"//*[@id=\"__tile43\"]"}
COMMAND: POST /session/5b549bc456d4687fa6e2bea3ed9648b7/element/f.7F69E53355262FB42D0F590E576D92AD.d.DC1EF0EAA232461AB5B412CF41769762.e.1784/click - {}
RESULT: undefined
COMMAND: POST /session/5b549bc456d4687fa6e2bea3ed9648b7/element - {"using":"xpath","value":"//*[@id=\"__tile43\"]"}
RESULT: {"using":"xpath","value":"//*[@id=\"__tile43\"]"}
COMMAND: POST /session/5b549bc456d4687fa6e2bea3ed9648b7/element/f.7F69E53355262FB42D0F590E576D92AD.d.DC1EF0EAA232461AB5B412CF41769762.e.1784/click - {}
RESULT: undefined
COMMAND: POST /session/5b549bc456d4687fa6e2bea3ed9648b7/execute/async - {"script":"<script> [6424 bytes]","args":[{"element-6066-11e4-a52e-4f735466cecf":"f.7F69E53355262FB42D0F590E576D92AD.d.DC1EF0EAA232461AB5B412CF41769762.e.284"},"getTitle",[]]}
COMMAND: POST /session/5b549bc456d4687fa6e2bea3ed9648b7/execute/async - {"script":"<script> [1562 bytes]","args":[{"selector":{"id":"shellAppTitle"},"wdio_ui5_key":"shellAppTitle"}]}
RESULT: {"script":"<script> [1562 bytes]","args":[{"selector":{"id":"shellAppTitle"},"wdio_ui5_key":"shellAppTitle"}]}
COMMAND: POST /session/5b549bc456d4687fa6e2bea3ed9648b7/execute/async - {"script":"<script> [6424 bytes]","args":[{"element-6066-11e4-a52e-4f735466cecf":"f.7F69E53355262FB42D0F590E576D92AD.d.DC1EF0EAA232461AB5B412CF41769762.e.1876"},"getTitle",[]]}
RESULT: {"script":"<script> [6424 bytes]","args":[{"element-6066-11e4-a52e-4f735466cecf":"f.7F69E53355262FB42D0F590E576D92AD.d.DC1EF0EAA232461AB5B412CF41769762.e.1876"},"getTitle",[]]}
RESULT: undefined
COMMAND: POST /session/5b549bc456d4687fa6e2bea3ed9648b7/element/f.7F69E53355262FB42D0F590E576D92AD.d.DC1EF0EAA232461AB5B412CF41769762.e.1679/click - {}
COMMAND: POST /session/5b549bc456d4687fa6e2bea3ed9648b7/element - {"using":"xpath","value":"//*[@id=\"backBtn\"]"}
RESULT: {"using":"xpath","value":"//*[@id=\"backBtn\"]"}
COMMAND: POST /session/5b549bc456d4687fa6e2bea3ed9648b7/element/f.7F69E53355262FB42D0F590E576D92AD.d.DC1EF0EAA232461AB5B412CF41769762.e.1679/click - {}
COMMAND: POST /session/5b549bc456d4687fa6e2bea3ed9648b7/element - {"using":"xpath","value":"//*[@id=\"backBtn\"]"}
RESULT: {"using":"xpath","value":"//*[@id=\"backBtn\"]"}
COMMAND: POST /session/5b549bc456d4687fa6e2bea3ed9648b7/element/f.7F69E53355262FB42D0F590E576D92AD.d.DC1EF0EAA232461AB5B412CF41769762.e.1877/click - {}
RESULT: {}
COMMAND: GET /session/5b549bc456d4687fa6e2bea3ed9648b7/screenshot - {}
RESULT: {}
]]></system-out>
    </testcase>
    <testcase classname="chrome.136_0_7103_93.windows.Sanity_Tests_US104253" name="Should open Manage Calendar Exceptions page" time="35.972">
      <system-out><![CDATA[
COMMAND: POST /session/5b549bc456d4687fa6e2bea3ed9648b7/execute/async - {"script":"<script> [1562 bytes]","args":[{"selector":{"controlType":"sap.m.GenericTile","properties":{"header":"Manage Calendar Exceptions"}},"wdio_ui5_key":"sapm.GenericTile{\"header\":\"Manage Calendar Exceptions\"}"}]}
RESULT: {"script":"<script> [1562 bytes]","args":[{"selector":{"controlType":"sap.m.GenericTile","properties":{"header":"Manage Calendar Exceptions"}},"wdio_ui5_key":"sapm.GenericTile{\"header\":\"Manage Calendar Exceptions\"}"}]}
RESULT: undefined
COMMAND: POST /session/5b549bc456d4687fa6e2bea3ed9648b7/element - {"using":"xpath","value":"//*[@id=\"__tile52\"]"}
RESULT: {"using":"xpath","value":"//*[@id=\"__tile52\"]"}
COMMAND: POST /session/5b549bc456d4687fa6e2bea3ed9648b7/element/f.7F69E53355262FB42D0F590E576D92AD.d.DC1EF0EAA232461AB5B412CF41769762.e.1879/click - {}
RESULT: {}
COMMAND: GET /session/5b549bc456d4687fa6e2bea3ed9648b7/screenshot - {}
RESULT: {}
COMMAND: POST /session/5b549bc456d4687fa6e2bea3ed9648b7/elements - {"using":"xpath","value":"//span[text()='Error']"}
RESULT: {"using":"xpath","value":"//span[text()='Error']"}
RESULT: undefined
COMMAND: POST /session/5b549bc456d4687fa6e2bea3ed9648b7/element - {"using":"xpath","value":"//*[@id=\"__tile52\"]"}
RESULT: {"using":"xpath","value":"//*[@id=\"__tile52\"]"}
COMMAND: POST /session/5b549bc456d4687fa6e2bea3ed9648b7/element/f.7F69E53355262FB42D0F590E576D92AD.d.DC1EF0EAA232461AB5B412CF41769762.e.1879/click - {}
RESULT: undefined
COMMAND: POST /session/5b549bc456d4687fa6e2bea3ed9648b7/element - {"using":"xpath","value":"//*[@id=\"__tile52\"]"}
RESULT: {"using":"xpath","value":"//*[@id=\"__tile52\"]"}
COMMAND: POST /session/5b549bc456d4687fa6e2bea3ed9648b7/element/f.7F69E53355262FB42D0F590E576D92AD.d.DC1EF0EAA232461AB5B412CF41769762.e.1879/click - {}
RESULT: undefined
COMMAND: POST /session/5b549bc456d4687fa6e2bea3ed9648b7/execute/async - {"script":"<script> [6424 bytes]","args":[{"element-6066-11e4-a52e-4f735466cecf":"f.7F69E53355262FB42D0F590E576D92AD.d.DC1EF0EAA232461AB5B412CF41769762.e.284"},"getTitle",[]]}
COMMAND: POST /session/5b549bc456d4687fa6e2bea3ed9648b7/execute/async - {"script":"<script> [1562 bytes]","args":[{"selector":{"id":"shellAppTitle"},"wdio_ui5_key":"shellAppTitle"}]}
RESULT: {"script":"<script> [1562 bytes]","args":[{"selector":{"id":"shellAppTitle"},"wdio_ui5_key":"shellAppTitle"}]}
COMMAND: POST /session/5b549bc456d4687fa6e2bea3ed9648b7/execute/async - {"script":"<script> [6424 bytes]","args":[{"element-6066-11e4-a52e-4f735466cecf":"f.7F69E53355262FB42D0F590E576D92AD.d.DC1EF0EAA232461AB5B412CF41769762.e.1949"},"getTitle",[]]}
RESULT: {"script":"<script> [6424 bytes]","args":[{"element-6066-11e4-a52e-4f735466cecf":"f.7F69E53355262FB42D0F590E576D92AD.d.DC1EF0EAA232461AB5B412CF41769762.e.1949"},"getTitle",[]]}
RESULT: undefined
COMMAND: POST /session/5b549bc456d4687fa6e2bea3ed9648b7/element/f.7F69E53355262FB42D0F590E576D92AD.d.DC1EF0EAA232461AB5B412CF41769762.e.1877/click - {}
RESULT: {}
COMMAND: GET /session/5b549bc456d4687fa6e2bea3ed9648b7/screenshot - {}
RESULT: {}
]]></system-out>
    </testcase>
    <testcase classname="chrome.136_0_7103_93.windows.Sanity_Tests_US104253" name="Should open Manage States Performance page" time="35.928">
      <system-out><![CDATA[
COMMAND: POST /session/5b549bc456d4687fa6e2bea3ed9648b7/execute/async - {"script":"<script> [1562 bytes]","args":[{"selector":{"controlType":"sap.m.GenericTile","properties":{"header":"Manage States & Performance"}},"wdio_ui5_key":"sapm.GenericTile{\"header\":\"Manage States & Performance\"}"}]}
RESULT: {"script":"<script> [1562 bytes]","args":[{"selector":{"controlType":"sap.m.GenericTile","properties":{"header":"Manage States & Performance"}},"wdio_ui5_key":"sapm.GenericTile{\"header\":\"Manage States & Performance\"}"}]}
RESULT: undefined
COMMAND: POST /session/5b549bc456d4687fa6e2bea3ed9648b7/element - {"using":"xpath","value":"//*[@id=\"__tile56\"]"}
RESULT: {"using":"xpath","value":"//*[@id=\"__tile56\"]"}
COMMAND: POST /session/5b549bc456d4687fa6e2bea3ed9648b7/element/f.7F69E53355262FB42D0F590E576D92AD.d.DC1EF0EAA232461AB5B412CF41769762.e.1953/click - {}
RESULT: {}
COMMAND: GET /session/5b549bc456d4687fa6e2bea3ed9648b7/screenshot - {}
RESULT: {}
COMMAND: POST /session/5b549bc456d4687fa6e2bea3ed9648b7/elements - {"using":"xpath","value":"//span[text()='Error']"}
RESULT: {"using":"xpath","value":"//span[text()='Error']"}
RESULT: undefined
COMMAND: POST /session/5b549bc456d4687fa6e2bea3ed9648b7/element - {"using":"xpath","value":"//*[@id=\"__tile56\"]"}
RESULT: {"using":"xpath","value":"//*[@id=\"__tile56\"]"}
COMMAND: POST /session/5b549bc456d4687fa6e2bea3ed9648b7/element/f.7F69E53355262FB42D0F590E576D92AD.d.DC1EF0EAA232461AB5B412CF41769762.e.1953/click - {}
RESULT: undefined
COMMAND: POST /session/5b549bc456d4687fa6e2bea3ed9648b7/element - {"using":"xpath","value":"//*[@id=\"__tile56\"]"}
RESULT: {"using":"xpath","value":"//*[@id=\"__tile56\"]"}
COMMAND: POST /session/5b549bc456d4687fa6e2bea3ed9648b7/element/f.7F69E53355262FB42D0F590E576D92AD.d.DC1EF0EAA232461AB5B412CF41769762.e.1953/click - {}
RESULT: undefined
COMMAND: POST /session/5b549bc456d4687fa6e2bea3ed9648b7/execute/async - {"script":"<script> [6424 bytes]","args":[{"element-6066-11e4-a52e-4f735466cecf":"f.7F69E53355262FB42D0F590E576D92AD.d.DC1EF0EAA232461AB5B412CF41769762.e.284"},"getTitle",[]]}
COMMAND: POST /session/5b549bc456d4687fa6e2bea3ed9648b7/execute/async - {"script":"<script> [1562 bytes]","args":[{"selector":{"id":"shellAppTitle"},"wdio_ui5_key":"shellAppTitle"}]}
RESULT: {"script":"<script> [1562 bytes]","args":[{"selector":{"id":"shellAppTitle"},"wdio_ui5_key":"shellAppTitle"}]}
COMMAND: POST /session/5b549bc456d4687fa6e2bea3ed9648b7/execute/async - {"script":"<script> [6424 bytes]","args":[{"element-6066-11e4-a52e-4f735466cecf":"f.7F69E53355262FB42D0F590E576D92AD.d.DC1EF0EAA232461AB5B412CF41769762.e.2046"},"getTitle",[]]}
RESULT: {"script":"<script> [6424 bytes]","args":[{"element-6066-11e4-a52e-4f735466cecf":"f.7F69E53355262FB42D0F590E576D92AD.d.DC1EF0EAA232461AB5B412CF41769762.e.2046"},"getTitle",[]]}
RESULT: undefined
COMMAND: POST /session/5b549bc456d4687fa6e2bea3ed9648b7/element/f.7F69E53355262FB42D0F590E576D92AD.d.DC1EF0EAA232461AB5B412CF41769762.e.1877/click - {}
COMMAND: POST /session/5b549bc456d4687fa6e2bea3ed9648b7/element - {"using":"xpath","value":"//*[@id=\"backBtn\"]"}
RESULT: {"using":"xpath","value":"//*[@id=\"backBtn\"]"}
COMMAND: POST /session/5b549bc456d4687fa6e2bea3ed9648b7/element/f.7F69E53355262FB42D0F590E576D92AD.d.DC1EF0EAA232461AB5B412CF41769762.e.1877/click - {}
COMMAND: POST /session/5b549bc456d4687fa6e2bea3ed9648b7/element - {"using":"xpath","value":"//*[@id=\"backBtn\"]"}
RESULT: {"using":"xpath","value":"//*[@id=\"backBtn\"]"}
COMMAND: POST /session/5b549bc456d4687fa6e2bea3ed9648b7/element/f.7F69E53355262FB42D0F590E576D92AD.d.DC1EF0EAA232461AB5B412CF41769762.e.2047/click - {}
RESULT: {}
COMMAND: GET /session/5b549bc456d4687fa6e2bea3ed9648b7/screenshot - {}
RESULT: {}
]]></system-out>
    </testcase>
    <testcase classname="chrome.136_0_7103_93.windows.Sanity_Tests_US104253" name="Should open Manage Billings page" time="39.393">
      <system-out><![CDATA[
COMMAND: POST /session/5b549bc456d4687fa6e2bea3ed9648b7/execute/async - {"script":"<script> [1562 bytes]","args":[{"selector":{"controlType":"sap.m.GenericTile","properties":{"header":"Manage Billings"}},"wdio_ui5_key":"sapm.GenericTile{\"header\":\"Manage Billings\"}"}]}
RESULT: {"script":"<script> [1562 bytes]","args":[{"selector":{"controlType":"sap.m.GenericTile","properties":{"header":"Manage Billings"}},"wdio_ui5_key":"sapm.GenericTile{\"header\":\"Manage Billings\"}"}]}
RESULT: undefined
COMMAND: POST /session/5b549bc456d4687fa6e2bea3ed9648b7/element - {"using":"xpath","value":"//*[@id=\"__tile51\"]"}
RESULT: {"using":"xpath","value":"//*[@id=\"__tile51\"]"}
COMMAND: POST /session/5b549bc456d4687fa6e2bea3ed9648b7/element/f.7F69E53355262FB42D0F590E576D92AD.d.DC1EF0EAA232461AB5B412CF41769762.e.2049/click - {}
RESULT: {}
COMMAND: GET /session/5b549bc456d4687fa6e2bea3ed9648b7/screenshot - {}
RESULT: {}
COMMAND: POST /session/5b549bc456d4687fa6e2bea3ed9648b7/elements - {"using":"xpath","value":"//span[text()='Error']"}
RESULT: {"using":"xpath","value":"//span[text()='Error']"}
RESULT: undefined
COMMAND: POST /session/5b549bc456d4687fa6e2bea3ed9648b7/element - {"using":"xpath","value":"//*[@id=\"__tile51\"]"}
RESULT: {"using":"xpath","value":"//*[@id=\"__tile51\"]"}
COMMAND: POST /session/5b549bc456d4687fa6e2bea3ed9648b7/element/f.7F69E53355262FB42D0F590E576D92AD.d.DC1EF0EAA232461AB5B412CF41769762.e.2049/click - {}
RESULT: undefined
COMMAND: POST /session/5b549bc456d4687fa6e2bea3ed9648b7/element - {"using":"xpath","value":"//*[@id=\"__tile51\"]"}
RESULT: {"using":"xpath","value":"//*[@id=\"__tile51\"]"}
COMMAND: POST /session/5b549bc456d4687fa6e2bea3ed9648b7/element/f.7F69E53355262FB42D0F590E576D92AD.d.DC1EF0EAA232461AB5B412CF41769762.e.2049/click - {}
RESULT: undefined
COMMAND: POST /session/5b549bc456d4687fa6e2bea3ed9648b7/execute/async - {"script":"<script> [6424 bytes]","args":[{"element-6066-11e4-a52e-4f735466cecf":"f.7F69E53355262FB42D0F590E576D92AD.d.DC1EF0EAA232461AB5B412CF41769762.e.284"},"getTitle",[]]}
COMMAND: POST /session/5b549bc456d4687fa6e2bea3ed9648b7/execute/async - {"script":"<script> [1562 bytes]","args":[{"selector":{"id":"shellAppTitle"},"wdio_ui5_key":"shellAppTitle"}]}
RESULT: {"script":"<script> [1562 bytes]","args":[{"selector":{"id":"shellAppTitle"},"wdio_ui5_key":"shellAppTitle"}]}
COMMAND: POST /session/5b549bc456d4687fa6e2bea3ed9648b7/execute/async - {"script":"<script> [6424 bytes]","args":[{"element-6066-11e4-a52e-4f735466cecf":"f.7F69E53355262FB42D0F590E576D92AD.d.DC1EF0EAA232461AB5B412CF41769762.e.2287"},"getTitle",[]]}
RESULT: {"script":"<script> [6424 bytes]","args":[{"element-6066-11e4-a52e-4f735466cecf":"f.7F69E53355262FB42D0F590E576D92AD.d.DC1EF0EAA232461AB5B412CF41769762.e.2287"},"getTitle",[]]}
RESULT: undefined
COMMAND: POST /session/5b549bc456d4687fa6e2bea3ed9648b7/element/f.7F69E53355262FB42D0F590E576D92AD.d.DC1EF0EAA232461AB5B412CF41769762.e.2047/click - {}
COMMAND: POST /session/5b549bc456d4687fa6e2bea3ed9648b7/element/f.7F69E53355262FB42D0F590E576D92AD.d.DC1EF0EAA232461AB5B412CF41769762.e.2047/click - {}
RESULT: {}
COMMAND: GET /session/5b549bc456d4687fa6e2bea3ed9648b7/screenshot - {}
COMMAND: POST /session/5b549bc456d4687fa6e2bea3ed9648b7/element - {"using":"xpath","value":"//*[@id=\"backBtn\"]"}
RESULT: {}
RESULT: {"using":"xpath","value":"//*[@id=\"backBtn\"]"}
COMMAND: POST /session/5b549bc456d4687fa6e2bea3ed9648b7/elements - {"using":"xpath","value":"//*[@id=\"backBtn\"]"}
RESULT: {"using":"xpath","value":"//*[@id=\"backBtn\"]"}
COMMAND: POST /session/5b549bc456d4687fa6e2bea3ed9648b7/elements - {"using":"xpath","value":"//*[@id=\"backBtn\"]"}
RESULT: {"using":"xpath","value":"//*[@id=\"backBtn\"]"}
COMMAND: POST /session/5b549bc456d4687fa6e2bea3ed9648b7/elements - {"using":"xpath","value":"//*[@id=\"backBtn\"]"}
RESULT: {"using":"xpath","value":"//*[@id=\"backBtn\"]"}
COMMAND: POST /session/5b549bc456d4687fa6e2bea3ed9648b7/elements - {"using":"xpath","value":"//*[@id=\"backBtn\"]"}
RESULT: {"using":"xpath","value":"//*[@id=\"backBtn\"]"}
COMMAND: POST /session/5b549bc456d4687fa6e2bea3ed9648b7/elements - {"using":"xpath","value":"//*[@id=\"backBtn\"]"}
RESULT: {"using":"xpath","value":"//*[@id=\"backBtn\"]"}
COMMAND: POST /session/5b549bc456d4687fa6e2bea3ed9648b7/elements - {"using":"xpath","value":"//*[@id=\"backBtn\"]"}
RESULT: {"using":"xpath","value":"//*[@id=\"backBtn\"]"}
COMMAND: POST /session/5b549bc456d4687fa6e2bea3ed9648b7/elements - {"using":"xpath","value":"//*[@id=\"backBtn\"]"}
RESULT: {"using":"xpath","value":"//*[@id=\"backBtn\"]"}
COMMAND: POST /session/5b549bc456d4687fa6e2bea3ed9648b7/elements - {"using":"xpath","value":"//*[@id=\"backBtn\"]"}
RESULT: {"using":"xpath","value":"//*[@id=\"backBtn\"]"}
COMMAND: POST /session/5b549bc456d4687fa6e2bea3ed9648b7/elements - {"using":"xpath","value":"//*[@id=\"backBtn\"]"}
RESULT: {"using":"xpath","value":"//*[@id=\"backBtn\"]"}
COMMAND: POST /session/5b549bc456d4687fa6e2bea3ed9648b7/elements - {"using":"xpath","value":"//*[@id=\"backBtn\"]"}
RESULT: {"using":"xpath","value":"//*[@id=\"backBtn\"]"}
COMMAND: POST /session/5b549bc456d4687fa6e2bea3ed9648b7/elements - {"using":"xpath","value":"//*[@id=\"backBtn\"]"}
RESULT: {"using":"xpath","value":"//*[@id=\"backBtn\"]"}
COMMAND: POST /session/5b549bc456d4687fa6e2bea3ed9648b7/elements - {"using":"xpath","value":"//*[@id=\"backBtn\"]"}
RESULT: {"using":"xpath","value":"//*[@id=\"backBtn\"]"}
COMMAND: POST /session/5b549bc456d4687fa6e2bea3ed9648b7/elements - {"using":"xpath","value":"//*[@id=\"backBtn\"]"}
RESULT: {"using":"xpath","value":"//*[@id=\"backBtn\"]"}
COMMAND: POST /session/5b549bc456d4687fa6e2bea3ed9648b7/elements - {"using":"xpath","value":"//*[@id=\"backBtn\"]"}
RESULT: {"using":"xpath","value":"//*[@id=\"backBtn\"]"}
COMMAND: POST /session/5b549bc456d4687fa6e2bea3ed9648b7/elements - {"using":"xpath","value":"//*[@id=\"backBtn\"]"}
RESULT: {"using":"xpath","value":"//*[@id=\"backBtn\"]"}
COMMAND: POST /session/5b549bc456d4687fa6e2bea3ed9648b7/elements - {"using":"xpath","value":"//*[@id=\"backBtn\"]"}
RESULT: {"using":"xpath","value":"//*[@id=\"backBtn\"]"}
COMMAND: POST /session/5b549bc456d4687fa6e2bea3ed9648b7/elements - {"using":"xpath","value":"//*[@id=\"backBtn\"]"}
RESULT: {"using":"xpath","value":"//*[@id=\"backBtn\"]"}
]]></system-out>
    </testcase>
    <testcase classname="chrome.136_0_7103_93.windows.Sanity_Tests_US104253" name="Should open Manage Conditions Prices page" time="44.935">
      <system-out><![CDATA[
COMMAND: POST /session/5b549bc456d4687fa6e2bea3ed9648b7/execute/async - {"script":"<script> [1562 bytes]","args":[{"selector":{"controlType":"sap.m.GenericTile","properties":{"header":"Manage Conditions & Prices"}},"wdio_ui5_key":"sapm.GenericTile{\"header\":\"Manage Conditions & Prices\"}"}]}
COMMAND: POST /session/5b549bc456d4687fa6e2bea3ed9648b7/elements - {"using":"xpath","value":"//*[@id=\"backBtn\"]"}
RESULT: {"script":"<script> [1562 bytes]","args":[{"selector":{"controlType":"sap.m.GenericTile","properties":{"header":"Manage Conditions & Prices"}},"wdio_ui5_key":"sapm.GenericTile{\"header\":\"Manage Conditions & Prices\"}"}]}
RESULT: undefined
COMMAND: POST /session/5b549bc456d4687fa6e2bea3ed9648b7/element - {"using":"xpath","value":"//*[@id=\"__tile53\"]"}
RESULT: {"using":"xpath","value":"//*[@id=\"backBtn\"]"}
RESULT: {"using":"xpath","value":"//*[@id=\"__tile53\"]"}
COMMAND: POST /session/5b549bc456d4687fa6e2bea3ed9648b7/element/f.7F69E53355262FB42D0F590E576D92AD.d.DC1EF0EAA232461AB5B412CF41769762.e.2289/click - {}
COMMAND: POST /session/5b549bc456d4687fa6e2bea3ed9648b7/elements - {"using":"xpath","value":"//*[@id=\"backBtn\"]"}
RESULT: {}
COMMAND: GET /session/5b549bc456d4687fa6e2bea3ed9648b7/screenshot - {}
RESULT: {"using":"xpath","value":"//*[@id=\"backBtn\"]"}
RESULT: {}
COMMAND: POST /session/5b549bc456d4687fa6e2bea3ed9648b7/elements - {"using":"xpath","value":"//*[@id=\"backBtn\"]"}
RESULT: {"using":"xpath","value":"//*[@id=\"backBtn\"]"}
COMMAND: POST /session/5b549bc456d4687fa6e2bea3ed9648b7/elements - {"using":"xpath","value":"//*[@id=\"backBtn\"]"}
RESULT: {"using":"xpath","value":"//*[@id=\"backBtn\"]"}
COMMAND: POST /session/5b549bc456d4687fa6e2bea3ed9648b7/elements - {"using":"xpath","value":"//*[@id=\"backBtn\"]"}
RESULT: {"using":"xpath","value":"//*[@id=\"backBtn\"]"}
COMMAND: POST /session/5b549bc456d4687fa6e2bea3ed9648b7/element - {"using":"xpath","value":"//*[@id=\"backBtn\"]"}
RESULT: {"using":"xpath","value":"//*[@id=\"backBtn\"]"}
COMMAND: POST /session/5b549bc456d4687fa6e2bea3ed9648b7/element/f.7F69E53355262FB42D0F590E576D92AD.d.DC1EF0EAA232461AB5B412CF41769762.e.2047/click - {}
COMMAND: POST /session/5b549bc456d4687fa6e2bea3ed9648b7/element - {"using":"xpath","value":"//*[@id=\"backBtn\"]"}
COMMAND: POST /session/5b549bc456d4687fa6e2bea3ed9648b7/elements - {"using":"xpath","value":"//span[text()='Error']"}
RESULT: {"using":"xpath","value":"//span[text()='Error']"}
RESULT: {"using":"xpath","value":"//*[@id=\"backBtn\"]"}
COMMAND: POST /session/5b549bc456d4687fa6e2bea3ed9648b7/element/f.7F69E53355262FB42D0F590E576D92AD.d.DC1EF0EAA232461AB5B412CF41769762.e.2293/click - {}
RESULT: {}
COMMAND: GET /session/5b549bc456d4687fa6e2bea3ed9648b7/screenshot - {}
RESULT: {}
RESULT: undefined
COMMAND: POST /session/5b549bc456d4687fa6e2bea3ed9648b7/element - {"using":"xpath","value":"//*[@id=\"__tile53\"]"}
RESULT: {"using":"xpath","value":"//*[@id=\"__tile53\"]"}
COMMAND: POST /session/5b549bc456d4687fa6e2bea3ed9648b7/element/f.7F69E53355262FB42D0F590E576D92AD.d.DC1EF0EAA232461AB5B412CF41769762.e.2289/click - {}
RESULT: {}
RESULT: undefined
COMMAND: POST /session/5b549bc456d4687fa6e2bea3ed9648b7/element - {"using":"xpath","value":"//*[@id=\"__tile53\"]"}
COMMAND: GET /session/5b549bc456d4687fa6e2bea3ed9648b7/screenshot - {}
RESULT: {"using":"xpath","value":"//*[@id=\"__tile53\"]"}
COMMAND: POST /session/5b549bc456d4687fa6e2bea3ed9648b7/element/f.7F69E53355262FB42D0F590E576D92AD.d.DC1EF0EAA232461AB5B412CF41769762.e.2289/click - {}
RESULT: {}
RESULT: undefined
COMMAND: POST /session/5b549bc456d4687fa6e2bea3ed9648b7/execute/async - {"script":"<script> [6424 bytes]","args":[{"element-6066-11e4-a52e-4f735466cecf":"f.7F69E53355262FB42D0F590E576D92AD.d.DC1EF0EAA232461AB5B412CF41769762.e.284"},"getTitle",[]]}
COMMAND: POST /session/5b549bc456d4687fa6e2bea3ed9648b7/execute/async - {"script":"<script> [1562 bytes]","args":[{"selector":{"id":"shellAppTitle"},"wdio_ui5_key":"shellAppTitle"}]}
RESULT: {"script":"<script> [1562 bytes]","args":[{"selector":{"id":"shellAppTitle"},"wdio_ui5_key":"shellAppTitle"}]}
COMMAND: POST /session/5b549bc456d4687fa6e2bea3ed9648b7/execute/async - {"script":"<script> [6424 bytes]","args":[{"element-6066-11e4-a52e-4f735466cecf":"f.7F69E53355262FB42D0F590E576D92AD.d.DC1EF0EAA232461AB5B412CF41769762.e.2505"},"getTitle",[]]}
RESULT: {"script":"<script> [6424 bytes]","args":[{"element-6066-11e4-a52e-4f735466cecf":"f.7F69E53355262FB42D0F590E576D92AD.d.DC1EF0EAA232461AB5B412CF41769762.e.2505"},"getTitle",[]]}
RESULT: undefined
COMMAND: POST /session/5b549bc456d4687fa6e2bea3ed9648b7/element/f.7F69E53355262FB42D0F590E576D92AD.d.DC1EF0EAA232461AB5B412CF41769762.e.2293/click - {}
RESULT: {}
COMMAND: GET /session/5b549bc456d4687fa6e2bea3ed9648b7/screenshot - {}
RESULT: {}
]]></system-out>
    </testcase>
    <testcase classname="chrome.136_0_7103_93.windows.Sanity_Tests_US104253" name="Should open Billing Transfer page" time="37.305">
      <system-out><![CDATA[
COMMAND: POST /session/5b549bc456d4687fa6e2bea3ed9648b7/execute/async - {"script":"<script> [1562 bytes]","args":[{"selector":{"controlType":"sap.m.GenericTile","properties":{"header":"Billing Transfer"}},"wdio_ui5_key":"sapm.GenericTile{\"header\":\"Billing Transfer\"}"}]}
RESULT: {"script":"<script> [1562 bytes]","args":[{"selector":{"controlType":"sap.m.GenericTile","properties":{"header":"Billing Transfer"}},"wdio_ui5_key":"sapm.GenericTile{\"header\":\"Billing Transfer\"}"}]}
RESULT: undefined
COMMAND: POST /session/5b549bc456d4687fa6e2bea3ed9648b7/element - {"using":"xpath","value":"//*[@id=\"__tile50\"]"}
RESULT: {"using":"xpath","value":"//*[@id=\"__tile50\"]"}
COMMAND: POST /session/5b549bc456d4687fa6e2bea3ed9648b7/element/f.7F69E53355262FB42D0F590E576D92AD.d.DC1EF0EAA232461AB5B412CF41769762.e.2507/click - {}
RESULT: {}
COMMAND: GET /session/5b549bc456d4687fa6e2bea3ed9648b7/screenshot - {}
RESULT: {}
COMMAND: POST /session/5b549bc456d4687fa6e2bea3ed9648b7/elements - {"using":"xpath","value":"//span[text()='Error']"}
RESULT: {"using":"xpath","value":"//span[text()='Error']"}
RESULT: undefined
COMMAND: POST /session/5b549bc456d4687fa6e2bea3ed9648b7/element - {"using":"xpath","value":"//*[@id=\"__tile50\"]"}
RESULT: {"using":"xpath","value":"//*[@id=\"__tile50\"]"}
COMMAND: POST /session/5b549bc456d4687fa6e2bea3ed9648b7/element/f.7F69E53355262FB42D0F590E576D92AD.d.DC1EF0EAA232461AB5B412CF41769762.e.2507/click - {}
RESULT: undefined
COMMAND: POST /session/5b549bc456d4687fa6e2bea3ed9648b7/element - {"using":"xpath","value":"//*[@id=\"__tile50\"]"}
RESULT: {"using":"xpath","value":"//*[@id=\"__tile50\"]"}
COMMAND: POST /session/5b549bc456d4687fa6e2bea3ed9648b7/element/f.7F69E53355262FB42D0F590E576D92AD.d.DC1EF0EAA232461AB5B412CF41769762.e.2507/click - {}
RESULT: undefined
COMMAND: POST /session/5b549bc456d4687fa6e2bea3ed9648b7/execute/async - {"script":"<script> [6424 bytes]","args":[{"element-6066-11e4-a52e-4f735466cecf":"f.7F69E53355262FB42D0F590E576D92AD.d.DC1EF0EAA232461AB5B412CF41769762.e.284"},"getTitle",[]]}
COMMAND: POST /session/5b549bc456d4687fa6e2bea3ed9648b7/execute/async - {"script":"<script> [1562 bytes]","args":[{"selector":{"id":"shellAppTitle"},"wdio_ui5_key":"shellAppTitle"}]}
RESULT: {"script":"<script> [1562 bytes]","args":[{"selector":{"id":"shellAppTitle"},"wdio_ui5_key":"shellAppTitle"}]}
COMMAND: POST /session/5b549bc456d4687fa6e2bea3ed9648b7/execute/async - {"script":"<script> [6424 bytes]","args":[{"element-6066-11e4-a52e-4f735466cecf":"f.7F69E53355262FB42D0F590E576D92AD.d.DC1EF0EAA232461AB5B412CF41769762.e.2636"},"getTitle",[]]}
RESULT: {"script":"<script> [6424 bytes]","args":[{"element-6066-11e4-a52e-4f735466cecf":"f.7F69E53355262FB42D0F590E576D92AD.d.DC1EF0EAA232461AB5B412CF41769762.e.2636"},"getTitle",[]]}
RESULT: undefined
COMMAND: POST /session/5b549bc456d4687fa6e2bea3ed9648b7/element/f.7F69E53355262FB42D0F590E576D92AD.d.DC1EF0EAA232461AB5B412CF41769762.e.2293/click - {}
COMMAND: POST /session/5b549bc456d4687fa6e2bea3ed9648b7/element - {"using":"xpath","value":"//*[@id=\"backBtn\"]"}
RESULT: {"using":"xpath","value":"//*[@id=\"backBtn\"]"}
COMMAND: POST /session/5b549bc456d4687fa6e2bea3ed9648b7/element/f.7F69E53355262FB42D0F590E576D92AD.d.DC1EF0EAA232461AB5B412CF41769762.e.2293/click - {}
COMMAND: POST /session/5b549bc456d4687fa6e2bea3ed9648b7/element - {"using":"xpath","value":"//*[@id=\"backBtn\"]"}
RESULT: {"using":"xpath","value":"//*[@id=\"backBtn\"]"}
COMMAND: POST /session/5b549bc456d4687fa6e2bea3ed9648b7/element/f.7F69E53355262FB42D0F590E576D92AD.d.DC1EF0EAA232461AB5B412CF41769762.e.2637/click - {}
RESULT: {}
COMMAND: GET /session/5b549bc456d4687fa6e2bea3ed9648b7/screenshot - {}
RESULT: {}
]]></system-out>
    </testcase>
    <testcase classname="chrome.136_0_7103_93.windows.Sanity_Tests_US104253" name="Should open Manage Pricing Rules page" time="35.868">
      <system-out><![CDATA[
COMMAND: POST /session/5b549bc456d4687fa6e2bea3ed9648b7/execute/async - {"script":"<script> [1562 bytes]","args":[{"selector":{"controlType":"sap.m.GenericTile","properties":{"header":"Manage Pricing Rules"}},"wdio_ui5_key":"sapm.GenericTile{\"header\":\"Manage Pricing Rules\"}"}]}
RESULT: {"script":"<script> [1562 bytes]","args":[{"selector":{"controlType":"sap.m.GenericTile","properties":{"header":"Manage Pricing Rules"}},"wdio_ui5_key":"sapm.GenericTile{\"header\":\"Manage Pricing Rules\"}"}]}
RESULT: undefined
COMMAND: POST /session/5b549bc456d4687fa6e2bea3ed9648b7/element - {"using":"xpath","value":"//*[@id=\"__tile55\"]"}
RESULT: {"using":"xpath","value":"//*[@id=\"__tile55\"]"}
COMMAND: POST /session/5b549bc456d4687fa6e2bea3ed9648b7/element/f.7F69E53355262FB42D0F590E576D92AD.d.DC1EF0EAA232461AB5B412CF41769762.e.2639/click - {}
RESULT: {}
COMMAND: GET /session/5b549bc456d4687fa6e2bea3ed9648b7/screenshot - {}
RESULT: {}
COMMAND: POST /session/5b549bc456d4687fa6e2bea3ed9648b7/elements - {"using":"xpath","value":"//span[text()='Error']"}
RESULT: {"using":"xpath","value":"//span[text()='Error']"}
RESULT: undefined
COMMAND: POST /session/5b549bc456d4687fa6e2bea3ed9648b7/element - {"using":"xpath","value":"//*[@id=\"__tile55\"]"}
RESULT: {"using":"xpath","value":"//*[@id=\"__tile55\"]"}
COMMAND: POST /session/5b549bc456d4687fa6e2bea3ed9648b7/element/f.7F69E53355262FB42D0F590E576D92AD.d.DC1EF0EAA232461AB5B412CF41769762.e.2639/click - {}
RESULT: undefined
COMMAND: POST /session/5b549bc456d4687fa6e2bea3ed9648b7/element - {"using":"xpath","value":"//*[@id=\"__tile55\"]"}
RESULT: {"using":"xpath","value":"//*[@id=\"__tile55\"]"}
COMMAND: POST /session/5b549bc456d4687fa6e2bea3ed9648b7/element/f.7F69E53355262FB42D0F590E576D92AD.d.DC1EF0EAA232461AB5B412CF41769762.e.2639/click - {}
RESULT: undefined
COMMAND: POST /session/5b549bc456d4687fa6e2bea3ed9648b7/execute/async - {"script":"<script> [6424 bytes]","args":[{"element-6066-11e4-a52e-4f735466cecf":"f.7F69E53355262FB42D0F590E576D92AD.d.DC1EF0EAA232461AB5B412CF41769762.e.284"},"getTitle",[]]}
COMMAND: POST /session/5b549bc456d4687fa6e2bea3ed9648b7/execute/async - {"script":"<script> [1562 bytes]","args":[{"selector":{"id":"shellAppTitle"},"wdio_ui5_key":"shellAppTitle"}]}
RESULT: {"script":"<script> [1562 bytes]","args":[{"selector":{"id":"shellAppTitle"},"wdio_ui5_key":"shellAppTitle"}]}
COMMAND: POST /session/5b549bc456d4687fa6e2bea3ed9648b7/execute/async - {"script":"<script> [6424 bytes]","args":[{"element-6066-11e4-a52e-4f735466cecf":"f.7F69E53355262FB42D0F590E576D92AD.d.DC1EF0EAA232461AB5B412CF41769762.e.2723"},"getTitle",[]]}
RESULT: {"script":"<script> [6424 bytes]","args":[{"element-6066-11e4-a52e-4f735466cecf":"f.7F69E53355262FB42D0F590E576D92AD.d.DC1EF0EAA232461AB5B412CF41769762.e.2723"},"getTitle",[]]}
RESULT: undefined
COMMAND: POST /session/5b549bc456d4687fa6e2bea3ed9648b7/element/f.7F69E53355262FB42D0F590E576D92AD.d.DC1EF0EAA232461AB5B412CF41769762.e.2637/click - {}
RESULT: {}
COMMAND: GET /session/5b549bc456d4687fa6e2bea3ed9648b7/screenshot - {}
RESULT: {}
]]></system-out>
    </testcase>
    <testcase classname="chrome.136_0_7103_93.windows.Sanity_Tests_US104253" name="Should open Manage Price Determination Matrices page" time="35.965">
      <system-out><![CDATA[
COMMAND: POST /session/5b549bc456d4687fa6e2bea3ed9648b7/execute/async - {"script":"<script> [1562 bytes]","args":[{"selector":{"controlType":"sap.m.GenericTile","properties":{"header":"Manage Price Determination Matrices"}},"wdio_ui5_key":"sapm.GenericTile{\"header\":\"Manage Price Determination Matrices\"}"}]}
RESULT: {"script":"<script> [1562 bytes]","args":[{"selector":{"controlType":"sap.m.GenericTile","properties":{"header":"Manage Price Determination Matrices"}},"wdio_ui5_key":"sapm.GenericTile{\"header\":\"Manage Price Determination Matrices\"}"}]}
RESULT: undefined
COMMAND: POST /session/5b549bc456d4687fa6e2bea3ed9648b7/element - {"using":"xpath","value":"//*[@id=\"__tile54\"]"}
RESULT: {"using":"xpath","value":"//*[@id=\"__tile54\"]"}
COMMAND: POST /session/5b549bc456d4687fa6e2bea3ed9648b7/element/f.7F69E53355262FB42D0F590E576D92AD.d.DC1EF0EAA232461AB5B412CF41769762.e.2725/click - {}
RESULT: {}
COMMAND: GET /session/5b549bc456d4687fa6e2bea3ed9648b7/screenshot - {}
RESULT: {}
COMMAND: POST /session/5b549bc456d4687fa6e2bea3ed9648b7/elements - {"using":"xpath","value":"//span[text()='Error']"}
RESULT: {"using":"xpath","value":"//span[text()='Error']"}
RESULT: undefined
COMMAND: POST /session/5b549bc456d4687fa6e2bea3ed9648b7/element - {"using":"xpath","value":"//*[@id=\"__tile54\"]"}
RESULT: {"using":"xpath","value":"//*[@id=\"__tile54\"]"}
COMMAND: POST /session/5b549bc456d4687fa6e2bea3ed9648b7/element/f.7F69E53355262FB42D0F590E576D92AD.d.DC1EF0EAA232461AB5B412CF41769762.e.2725/click - {}
RESULT: undefined
COMMAND: POST /session/5b549bc456d4687fa6e2bea3ed9648b7/element - {"using":"xpath","value":"//*[@id=\"__tile54\"]"}
RESULT: {"using":"xpath","value":"//*[@id=\"__tile54\"]"}
COMMAND: POST /session/5b549bc456d4687fa6e2bea3ed9648b7/element/f.7F69E53355262FB42D0F590E576D92AD.d.DC1EF0EAA232461AB5B412CF41769762.e.2725/click - {}
RESULT: undefined
COMMAND: POST /session/5b549bc456d4687fa6e2bea3ed9648b7/execute/async - {"script":"<script> [6424 bytes]","args":[{"element-6066-11e4-a52e-4f735466cecf":"f.7F69E53355262FB42D0F590E576D92AD.d.DC1EF0EAA232461AB5B412CF41769762.e.284"},"getTitle",[]]}
COMMAND: POST /session/5b549bc456d4687fa6e2bea3ed9648b7/execute/async - {"script":"<script> [1562 bytes]","args":[{"selector":{"id":"shellAppTitle"},"wdio_ui5_key":"shellAppTitle"}]}
RESULT: {"script":"<script> [1562 bytes]","args":[{"selector":{"id":"shellAppTitle"},"wdio_ui5_key":"shellAppTitle"}]}
COMMAND: POST /session/5b549bc456d4687fa6e2bea3ed9648b7/execute/async - {"script":"<script> [6424 bytes]","args":[{"element-6066-11e4-a52e-4f735466cecf":"f.7F69E53355262FB42D0F590E576D92AD.d.DC1EF0EAA232461AB5B412CF41769762.e.2808"},"getTitle",[]]}
RESULT: {"script":"<script> [6424 bytes]","args":[{"element-6066-11e4-a52e-4f735466cecf":"f.7F69E53355262FB42D0F590E576D92AD.d.DC1EF0EAA232461AB5B412CF41769762.e.2808"},"getTitle",[]]}
RESULT: undefined
COMMAND: POST /session/5b549bc456d4687fa6e2bea3ed9648b7/element/f.7F69E53355262FB42D0F590E576D92AD.d.DC1EF0EAA232461AB5B412CF41769762.e.2637/click - {}
COMMAND: POST /session/5b549bc456d4687fa6e2bea3ed9648b7/element - {"using":"xpath","value":"//*[@id=\"backBtn\"]"}
RESULT: {"using":"xpath","value":"//*[@id=\"backBtn\"]"}
COMMAND: POST /session/5b549bc456d4687fa6e2bea3ed9648b7/element/f.7F69E53355262FB42D0F590E576D92AD.d.DC1EF0EAA232461AB5B412CF41769762.e.2637/click - {}
COMMAND: POST /session/5b549bc456d4687fa6e2bea3ed9648b7/element - {"using":"xpath","value":"//*[@id=\"backBtn\"]"}
RESULT: {"using":"xpath","value":"//*[@id=\"backBtn\"]"}
COMMAND: POST /session/5b549bc456d4687fa6e2bea3ed9648b7/element/f.7F69E53355262FB42D0F590E576D92AD.d.DC1EF0EAA232461AB5B412CF41769762.e.2809/click - {}
RESULT: {}
COMMAND: GET /session/5b549bc456d4687fa6e2bea3ed9648b7/screenshot - {}
RESULT: {}
]]></system-out>
    </testcase>
    <testcase classname="chrome.136_0_7103_93.windows.Sanity_Tests_US104253" name="Should open Yard Overview page" time="36.507">
      <system-out><![CDATA[
COMMAND: POST /session/5b549bc456d4687fa6e2bea3ed9648b7/execute/async - {"script":"<script> [1562 bytes]","args":[{"selector":{"controlType":"sap.m.GenericTile","properties":{"header":"Yard Overview"}},"wdio_ui5_key":"sapm.GenericTile{\"header\":\"Yard Overview\"}"}]}
RESULT: {"script":"<script> [1562 bytes]","args":[{"selector":{"controlType":"sap.m.GenericTile","properties":{"header":"Yard Overview"}},"wdio_ui5_key":"sapm.GenericTile{\"header\":\"Yard Overview\"}"}]}
RESULT: undefined
COMMAND: POST /session/5b549bc456d4687fa6e2bea3ed9648b7/element - {"using":"xpath","value":"//*[@id=\"__tile102\"]"}
RESULT: {"using":"xpath","value":"//*[@id=\"__tile102\"]"}
COMMAND: POST /session/5b549bc456d4687fa6e2bea3ed9648b7/element/f.7F69E53355262FB42D0F590E576D92AD.d.DC1EF0EAA232461AB5B412CF41769762.e.2811/click - {}
RESULT: {}
COMMAND: GET /session/5b549bc456d4687fa6e2bea3ed9648b7/screenshot - {}
RESULT: {}
COMMAND: POST /session/5b549bc456d4687fa6e2bea3ed9648b7/elements - {"using":"xpath","value":"//span[text()='Error']"}
RESULT: {"using":"xpath","value":"//span[text()='Error']"}
RESULT: undefined
COMMAND: POST /session/5b549bc456d4687fa6e2bea3ed9648b7/element - {"using":"xpath","value":"//*[@id=\"__tile102\"]"}
RESULT: {"using":"xpath","value":"//*[@id=\"__tile102\"]"}
COMMAND: POST /session/5b549bc456d4687fa6e2bea3ed9648b7/element/f.7F69E53355262FB42D0F590E576D92AD.d.DC1EF0EAA232461AB5B412CF41769762.e.2811/click - {}
RESULT: undefined
COMMAND: POST /session/5b549bc456d4687fa6e2bea3ed9648b7/element - {"using":"xpath","value":"//*[@id=\"__tile102\"]"}
RESULT: {"using":"xpath","value":"//*[@id=\"__tile102\"]"}
COMMAND: POST /session/5b549bc456d4687fa6e2bea3ed9648b7/element/f.7F69E53355262FB42D0F590E576D92AD.d.DC1EF0EAA232461AB5B412CF41769762.e.2811/click - {}
RESULT: undefined
COMMAND: POST /session/5b549bc456d4687fa6e2bea3ed9648b7/execute/async - {"script":"<script> [6424 bytes]","args":[{"element-6066-11e4-a52e-4f735466cecf":"f.7F69E53355262FB42D0F590E576D92AD.d.DC1EF0EAA232461AB5B412CF41769762.e.284"},"getTitle",[]]}
COMMAND: POST /session/5b549bc456d4687fa6e2bea3ed9648b7/execute/async - {"script":"<script> [1562 bytes]","args":[{"selector":{"id":"shellAppTitle"},"wdio_ui5_key":"shellAppTitle"}]}
RESULT: {"script":"<script> [1562 bytes]","args":[{"selector":{"id":"shellAppTitle"},"wdio_ui5_key":"shellAppTitle"}]}
COMMAND: POST /session/5b549bc456d4687fa6e2bea3ed9648b7/execute/async - {"script":"<script> [6424 bytes]","args":[{"element-6066-11e4-a52e-4f735466cecf":"f.7F69E53355262FB42D0F590E576D92AD.d.DC1EF0EAA232461AB5B412CF41769762.e.2871"},"getTitle",[]]}
RESULT: {"script":"<script> [6424 bytes]","args":[{"element-6066-11e4-a52e-4f735466cecf":"f.7F69E53355262FB42D0F590E576D92AD.d.DC1EF0EAA232461AB5B412CF41769762.e.2871"},"getTitle",[]]}
RESULT: undefined
COMMAND: POST /session/5b549bc456d4687fa6e2bea3ed9648b7/element/f.7F69E53355262FB42D0F590E576D92AD.d.DC1EF0EAA232461AB5B412CF41769762.e.2809/click - {}
RESULT: {}
COMMAND: GET /session/5b549bc456d4687fa6e2bea3ed9648b7/screenshot - {}
RESULT: {}
]]></system-out>
    </testcase>
    <testcase classname="chrome.136_0_7103_93.windows.Sanity_Tests_US104253" name="Should open Site Overview page" time="41.782">
      <system-out><![CDATA[
COMMAND: POST /session/5b549bc456d4687fa6e2bea3ed9648b7/execute/async - {"script":"<script> [1562 bytes]","args":[{"selector":{"controlType":"sap.m.GenericTile","properties":{"header":"Site Overview"}},"wdio_ui5_key":"sapm.GenericTile{\"header\":\"Site Overview\"}"}]}
RESULT: {"script":"<script> [1562 bytes]","args":[{"selector":{"controlType":"sap.m.GenericTile","properties":{"header":"Site Overview"}},"wdio_ui5_key":"sapm.GenericTile{\"header\":\"Site Overview\"}"}]}
RESULT: undefined
COMMAND: POST /session/5b549bc456d4687fa6e2bea3ed9648b7/element - {"using":"xpath","value":"//*[@id=\"__tile100\"]"}
RESULT: {"using":"xpath","value":"//*[@id=\"__tile100\"]"}
COMMAND: POST /session/5b549bc456d4687fa6e2bea3ed9648b7/element/f.7F69E53355262FB42D0F590E576D92AD.d.DC1EF0EAA232461AB5B412CF41769762.e.2874/click - {}
RESULT: {}
COMMAND: GET /session/5b549bc456d4687fa6e2bea3ed9648b7/screenshot - {}
RESULT: {}
COMMAND: POST /session/5b549bc456d4687fa6e2bea3ed9648b7/elements - {"using":"xpath","value":"//span[text()='Error']"}
RESULT: {"using":"xpath","value":"//span[text()='Error']"}
RESULT: undefined
COMMAND: POST /session/5b549bc456d4687fa6e2bea3ed9648b7/element - {"using":"xpath","value":"//*[@id=\"__tile100\"]"}
RESULT: {"using":"xpath","value":"//*[@id=\"__tile100\"]"}
COMMAND: POST /session/5b549bc456d4687fa6e2bea3ed9648b7/element/f.7F69E53355262FB42D0F590E576D92AD.d.DC1EF0EAA232461AB5B412CF41769762.e.2874/click - {}
RESULT: undefined
COMMAND: POST /session/5b549bc456d4687fa6e2bea3ed9648b7/element - {"using":"xpath","value":"//*[@id=\"__tile100\"]"}
RESULT: {"using":"xpath","value":"//*[@id=\"__tile100\"]"}
COMMAND: POST /session/5b549bc456d4687fa6e2bea3ed9648b7/element/f.7F69E53355262FB42D0F590E576D92AD.d.DC1EF0EAA232461AB5B412CF41769762.e.2874/click - {}
RESULT: undefined
COMMAND: POST /session/5b549bc456d4687fa6e2bea3ed9648b7/execute/async - {"script":"<script> [6424 bytes]","args":[{"element-6066-11e4-a52e-4f735466cecf":"f.7F69E53355262FB42D0F590E576D92AD.d.DC1EF0EAA232461AB5B412CF41769762.e.284"},"getTitle",[]]}
COMMAND: POST /session/5b549bc456d4687fa6e2bea3ed9648b7/execute/async - {"script":"<script> [1562 bytes]","args":[{"selector":{"id":"shellAppTitle"},"wdio_ui5_key":"shellAppTitle"}]}
RESULT: {"script":"<script> [1562 bytes]","args":[{"selector":{"id":"shellAppTitle"},"wdio_ui5_key":"shellAppTitle"}]}
COMMAND: POST /session/5b549bc456d4687fa6e2bea3ed9648b7/execute/async - {"script":"<script> [6424 bytes]","args":[{"element-6066-11e4-a52e-4f735466cecf":"f.7F69E53355262FB42D0F590E576D92AD.d.DC1EF0EAA232461AB5B412CF41769762.e.2997"},"getTitle",[]]}
RESULT: {"script":"<script> [6424 bytes]","args":[{"element-6066-11e4-a52e-4f735466cecf":"f.7F69E53355262FB42D0F590E576D92AD.d.DC1EF0EAA232461AB5B412CF41769762.e.2997"},"getTitle",[]]}
RESULT: undefined
COMMAND: POST /session/5b549bc456d4687fa6e2bea3ed9648b7/element/f.7F69E53355262FB42D0F590E576D92AD.d.DC1EF0EAA232461AB5B412CF41769762.e.2809/click - {}
COMMAND: POST /session/5b549bc456d4687fa6e2bea3ed9648b7/element - {"using":"xpath","value":"//*[@id=\"backBtn\"]"}
RESULT: {"using":"xpath","value":"//*[@id=\"backBtn\"]"}
COMMAND: POST /session/5b549bc456d4687fa6e2bea3ed9648b7/element/f.7F69E53355262FB42D0F590E576D92AD.d.DC1EF0EAA232461AB5B412CF41769762.e.2809/click - {}
COMMAND: POST /session/5b549bc456d4687fa6e2bea3ed9648b7/element - {"using":"xpath","value":"//*[@id=\"backBtn\"]"}
RESULT: {"using":"xpath","value":"//*[@id=\"backBtn\"]"}
COMMAND: POST /session/5b549bc456d4687fa6e2bea3ed9648b7/element/f.7F69E53355262FB42D0F590E576D92AD.d.DC1EF0EAA232461AB5B412CF41769762.e.2998/click - {}
RESULT: {}
COMMAND: GET /session/5b549bc456d4687fa6e2bea3ed9648b7/screenshot - {}
RESULT: {}
]]></system-out>
    </testcase>
    <testcase classname="chrome.136_0_7103_93.windows.Sanity_Tests_US104253" name="Should open Trace Track Resources page" time="36.829">
      <system-out><![CDATA[
COMMAND: POST /session/5b549bc456d4687fa6e2bea3ed9648b7/execute/async - {"script":"<script> [1562 bytes]","args":[{"selector":{"controlType":"sap.m.GenericTile","properties":{"header":"Trace & Track Resources"}},"wdio_ui5_key":"sapm.GenericTile{\"header\":\"Trace & Track Resources\"}"}]}
RESULT: {"script":"<script> [1562 bytes]","args":[{"selector":{"controlType":"sap.m.GenericTile","properties":{"header":"Trace & Track Resources"}},"wdio_ui5_key":"sapm.GenericTile{\"header\":\"Trace & Track Resources\"}"}]}
RESULT: undefined
COMMAND: POST /session/5b549bc456d4687fa6e2bea3ed9648b7/element - {"using":"xpath","value":"//*[@id=\"__tile101\"]"}
RESULT: {"using":"xpath","value":"//*[@id=\"__tile101\"]"}
COMMAND: POST /session/5b549bc456d4687fa6e2bea3ed9648b7/element/f.7F69E53355262FB42D0F590E576D92AD.d.DC1EF0EAA232461AB5B412CF41769762.e.3000/click - {}
RESULT: {}
COMMAND: GET /session/5b549bc456d4687fa6e2bea3ed9648b7/screenshot - {}
RESULT: {}
COMMAND: POST /session/5b549bc456d4687fa6e2bea3ed9648b7/elements - {"using":"xpath","value":"//span[text()='Error']"}
RESULT: {"using":"xpath","value":"//span[text()='Error']"}
RESULT: undefined
COMMAND: POST /session/5b549bc456d4687fa6e2bea3ed9648b7/element - {"using":"xpath","value":"//*[@id=\"__tile101\"]"}
RESULT: {"using":"xpath","value":"//*[@id=\"__tile101\"]"}
COMMAND: POST /session/5b549bc456d4687fa6e2bea3ed9648b7/element/f.7F69E53355262FB42D0F590E576D92AD.d.DC1EF0EAA232461AB5B412CF41769762.e.3000/click - {}
RESULT: undefined
COMMAND: POST /session/5b549bc456d4687fa6e2bea3ed9648b7/element - {"using":"xpath","value":"//*[@id=\"__tile101\"]"}
RESULT: {"using":"xpath","value":"//*[@id=\"__tile101\"]"}
COMMAND: POST /session/5b549bc456d4687fa6e2bea3ed9648b7/element/f.7F69E53355262FB42D0F590E576D92AD.d.DC1EF0EAA232461AB5B412CF41769762.e.3000/click - {}
RESULT: undefined
COMMAND: POST /session/5b549bc456d4687fa6e2bea3ed9648b7/execute/async - {"script":"<script> [6424 bytes]","args":[{"element-6066-11e4-a52e-4f735466cecf":"f.7F69E53355262FB42D0F590E576D92AD.d.DC1EF0EAA232461AB5B412CF41769762.e.284"},"getTitle",[]]}
COMMAND: POST /session/5b549bc456d4687fa6e2bea3ed9648b7/execute/async - {"script":"<script> [1562 bytes]","args":[{"selector":{"id":"shellAppTitle"},"wdio_ui5_key":"shellAppTitle"}]}
RESULT: {"script":"<script> [1562 bytes]","args":[{"selector":{"id":"shellAppTitle"},"wdio_ui5_key":"shellAppTitle"}]}
COMMAND: POST /session/5b549bc456d4687fa6e2bea3ed9648b7/execute/async - {"script":"<script> [6424 bytes]","args":[{"element-6066-11e4-a52e-4f735466cecf":"f.7F69E53355262FB42D0F590E576D92AD.d.DC1EF0EAA232461AB5B412CF41769762.e.3038"},"getTitle",[]]}
RESULT: {"script":"<script> [6424 bytes]","args":[{"element-6066-11e4-a52e-4f735466cecf":"f.7F69E53355262FB42D0F590E576D92AD.d.DC1EF0EAA232461AB5B412CF41769762.e.3038"},"getTitle",[]]}
RESULT: undefined
COMMAND: POST /session/5b549bc456d4687fa6e2bea3ed9648b7/element/f.7F69E53355262FB42D0F590E576D92AD.d.DC1EF0EAA232461AB5B412CF41769762.e.2998/click - {}
RESULT: {}
COMMAND: GET /session/5b549bc456d4687fa6e2bea3ed9648b7/screenshot - {}
RESULT: {}
]]></system-out>
    </testcase>
    <testcase classname="chrome.136_0_7103_93.windows.Sanity_Tests_US104253" name="Should open RU Inventory List page" time="36.588">
      <system-out><![CDATA[
COMMAND: POST /session/5b549bc456d4687fa6e2bea3ed9648b7/execute/async - {"script":"<script> [1562 bytes]","args":[{"selector":{"controlType":"sap.m.GenericTile","properties":{"header":"RU Inventory List"}},"wdio_ui5_key":"sapm.GenericTile{\"header\":\"RU Inventory List\"}"}]}
RESULT: {"script":"<script> [1562 bytes]","args":[{"selector":{"controlType":"sap.m.GenericTile","properties":{"header":"RU Inventory List"}},"wdio_ui5_key":"sapm.GenericTile{\"header\":\"RU Inventory List\"}"}]}
RESULT: undefined
COMMAND: POST /session/5b549bc456d4687fa6e2bea3ed9648b7/element - {"using":"xpath","value":"//*[@id=\"__tile99\"]"}
RESULT: {"using":"xpath","value":"//*[@id=\"__tile99\"]"}
COMMAND: POST /session/5b549bc456d4687fa6e2bea3ed9648b7/element/f.7F69E53355262FB42D0F590E576D92AD.d.DC1EF0EAA232461AB5B412CF41769762.e.3040/click - {}
RESULT: {}
COMMAND: GET /session/5b549bc456d4687fa6e2bea3ed9648b7/screenshot - {}
RESULT: {}
COMMAND: POST /session/5b549bc456d4687fa6e2bea3ed9648b7/elements - {"using":"xpath","value":"//span[text()='Error']"}
RESULT: {"using":"xpath","value":"//span[text()='Error']"}
RESULT: undefined
COMMAND: POST /session/5b549bc456d4687fa6e2bea3ed9648b7/element - {"using":"xpath","value":"//*[@id=\"__tile99\"]"}
RESULT: {"using":"xpath","value":"//*[@id=\"__tile99\"]"}
COMMAND: POST /session/5b549bc456d4687fa6e2bea3ed9648b7/element/f.7F69E53355262FB42D0F590E576D92AD.d.DC1EF0EAA232461AB5B412CF41769762.e.3040/click - {}
RESULT: undefined
COMMAND: POST /session/5b549bc456d4687fa6e2bea3ed9648b7/element - {"using":"xpath","value":"//*[@id=\"__tile99\"]"}
RESULT: {"using":"xpath","value":"//*[@id=\"__tile99\"]"}
COMMAND: POST /session/5b549bc456d4687fa6e2bea3ed9648b7/element/f.7F69E53355262FB42D0F590E576D92AD.d.DC1EF0EAA232461AB5B412CF41769762.e.3040/click - {}
RESULT: undefined
COMMAND: POST /session/5b549bc456d4687fa6e2bea3ed9648b7/execute/async - {"script":"<script> [6424 bytes]","args":[{"element-6066-11e4-a52e-4f735466cecf":"f.7F69E53355262FB42D0F590E576D92AD.d.DC1EF0EAA232461AB5B412CF41769762.e.284"},"getTitle",[]]}
COMMAND: POST /session/5b549bc456d4687fa6e2bea3ed9648b7/execute/async - {"script":"<script> [1562 bytes]","args":[{"selector":{"id":"shellAppTitle"},"wdio_ui5_key":"shellAppTitle"}]}
RESULT: {"script":"<script> [1562 bytes]","args":[{"selector":{"id":"shellAppTitle"},"wdio_ui5_key":"shellAppTitle"}]}
COMMAND: POST /session/5b549bc456d4687fa6e2bea3ed9648b7/execute/async - {"script":"<script> [6424 bytes]","args":[{"element-6066-11e4-a52e-4f735466cecf":"f.7F69E53355262FB42D0F590E576D92AD.d.DC1EF0EAA232461AB5B412CF41769762.e.3244"},"getTitle",[]]}
RESULT: {"script":"<script> [6424 bytes]","args":[{"element-6066-11e4-a52e-4f735466cecf":"f.7F69E53355262FB42D0F590E576D92AD.d.DC1EF0EAA232461AB5B412CF41769762.e.3244"},"getTitle",[]]}
RESULT: undefined
COMMAND: POST /session/5b549bc456d4687fa6e2bea3ed9648b7/element/f.7F69E53355262FB42D0F590E576D92AD.d.DC1EF0EAA232461AB5B412CF41769762.e.2998/click - {}
COMMAND: POST /session/5b549bc456d4687fa6e2bea3ed9648b7/element - {"using":"xpath","value":"//*[@id=\"backBtn\"]"}
RESULT: {"using":"xpath","value":"//*[@id=\"backBtn\"]"}
COMMAND: POST /session/5b549bc456d4687fa6e2bea3ed9648b7/element/f.7F69E53355262FB42D0F590E576D92AD.d.DC1EF0EAA232461AB5B412CF41769762.e.2998/click - {}
COMMAND: POST /session/5b549bc456d4687fa6e2bea3ed9648b7/element - {"using":"xpath","value":"//*[@id=\"backBtn\"]"}
RESULT: {"using":"xpath","value":"//*[@id=\"backBtn\"]"}
COMMAND: POST /session/5b549bc456d4687fa6e2bea3ed9648b7/element/f.7F69E53355262FB42D0F590E576D92AD.d.DC1EF0EAA232461AB5B412CF41769762.e.3245/click - {}
RESULT: {}
COMMAND: GET /session/5b549bc456d4687fa6e2bea3ed9648b7/screenshot - {}
RESULT: {}
]]></system-out>
    </testcase>
    <testcase classname="chrome.136_0_7103_93.windows.Sanity_Tests_US104253" name="Should open Contracts Dashboard page" time="40.65">
      <system-out><![CDATA[
COMMAND: POST /session/5b549bc456d4687fa6e2bea3ed9648b7/execute/async - {"script":"<script> [1562 bytes]","args":[{"selector":{"controlType":"sap.m.GenericTile","properties":{"header":"Contracts Dashboard"}},"wdio_ui5_key":"sapm.GenericTile{\"header\":\"Contracts Dashboard\"}"}]}
RESULT: {"script":"<script> [1562 bytes]","args":[{"selector":{"controlType":"sap.m.GenericTile","properties":{"header":"Contracts Dashboard"}},"wdio_ui5_key":"sapm.GenericTile{\"header\":\"Contracts Dashboard\"}"}]}
RESULT: undefined
COMMAND: POST /session/5b549bc456d4687fa6e2bea3ed9648b7/element - {"using":"xpath","value":"//*[@id=\"__tile97\"]"}
RESULT: {"using":"xpath","value":"//*[@id=\"__tile97\"]"}
COMMAND: POST /session/5b549bc456d4687fa6e2bea3ed9648b7/element/f.7F69E53355262FB42D0F590E576D92AD.d.DC1EF0EAA232461AB5B412CF41769762.e.3247/click - {}
RESULT: {}
COMMAND: GET /session/5b549bc456d4687fa6e2bea3ed9648b7/screenshot - {}
RESULT: {}
COMMAND: POST /session/5b549bc456d4687fa6e2bea3ed9648b7/elements - {"using":"xpath","value":"//span[text()='Error']"}
RESULT: {"using":"xpath","value":"//span[text()='Error']"}
RESULT: undefined
COMMAND: POST /session/5b549bc456d4687fa6e2bea3ed9648b7/element - {"using":"xpath","value":"//*[@id=\"__tile97\"]"}
RESULT: {"using":"xpath","value":"//*[@id=\"__tile97\"]"}
COMMAND: POST /session/5b549bc456d4687fa6e2bea3ed9648b7/element/f.7F69E53355262FB42D0F590E576D92AD.d.DC1EF0EAA232461AB5B412CF41769762.e.3247/click - {}
RESULT: undefined
COMMAND: POST /session/5b549bc456d4687fa6e2bea3ed9648b7/element - {"using":"xpath","value":"//*[@id=\"__tile97\"]"}
RESULT: {"using":"xpath","value":"//*[@id=\"__tile97\"]"}
COMMAND: POST /session/5b549bc456d4687fa6e2bea3ed9648b7/element/f.7F69E53355262FB42D0F590E576D92AD.d.DC1EF0EAA232461AB5B412CF41769762.e.3247/click - {}
RESULT: undefined
COMMAND: POST /session/5b549bc456d4687fa6e2bea3ed9648b7/execute/async - {"script":"<script> [6424 bytes]","args":[{"element-6066-11e4-a52e-4f735466cecf":"f.7F69E53355262FB42D0F590E576D92AD.d.DC1EF0EAA232461AB5B412CF41769762.e.284"},"getTitle",[]]}
COMMAND: POST /session/5b549bc456d4687fa6e2bea3ed9648b7/execute/async - {"script":"<script> [1562 bytes]","args":[{"selector":{"id":"shellAppTitle"},"wdio_ui5_key":"shellAppTitle"}]}
RESULT: {"script":"<script> [1562 bytes]","args":[{"selector":{"id":"shellAppTitle"},"wdio_ui5_key":"shellAppTitle"}]}
COMMAND: POST /session/5b549bc456d4687fa6e2bea3ed9648b7/execute/async - {"script":"<script> [6424 bytes]","args":[{"element-6066-11e4-a52e-4f735466cecf":"f.7F69E53355262FB42D0F590E576D92AD.d.DC1EF0EAA232461AB5B412CF41769762.e.3266"},"getTitle",[]]}
RESULT: {"script":"<script> [6424 bytes]","args":[{"element-6066-11e4-a52e-4f735466cecf":"f.7F69E53355262FB42D0F590E576D92AD.d.DC1EF0EAA232461AB5B412CF41769762.e.3266"},"getTitle",[]]}
RESULT: undefined
COMMAND: POST /session/5b549bc456d4687fa6e2bea3ed9648b7/element/f.7F69E53355262FB42D0F590E576D92AD.d.DC1EF0EAA232461AB5B412CF41769762.e.3245/click - {}
RESULT: {}
COMMAND: GET /session/5b549bc456d4687fa6e2bea3ed9648b7/screenshot - {}
RESULT: {}
]]></system-out>
    </testcase>
    <testcase classname="chrome.136_0_7103_93.windows.Sanity_Tests_US104253" name="Should open Bin Status Report page" time="36.59">
      <system-out><![CDATA[
COMMAND: POST /session/5b549bc456d4687fa6e2bea3ed9648b7/execute/async - {"script":"<script> [1562 bytes]","args":[{"selector":{"controlType":"sap.m.GenericTile","properties":{"header":"Bin Status Report"}},"wdio_ui5_key":"sapm.GenericTile{\"header\":\"Bin Status Report\"}"}]}
RESULT: {"script":"<script> [1562 bytes]","args":[{"selector":{"controlType":"sap.m.GenericTile","properties":{"header":"Bin Status Report"}},"wdio_ui5_key":"sapm.GenericTile{\"header\":\"Bin Status Report\"}"}]}
RESULT: undefined
COMMAND: POST /session/5b549bc456d4687fa6e2bea3ed9648b7/element - {"using":"xpath","value":"//*[@id=\"__tile104\"]"}
RESULT: {"using":"xpath","value":"//*[@id=\"__tile104\"]"}
COMMAND: POST /session/5b549bc456d4687fa6e2bea3ed9648b7/element/f.7F69E53355262FB42D0F590E576D92AD.d.DC1EF0EAA232461AB5B412CF41769762.e.3268/click - {}
RESULT: {}
COMMAND: GET /session/5b549bc456d4687fa6e2bea3ed9648b7/screenshot - {}
RESULT: {}
COMMAND: POST /session/5b549bc456d4687fa6e2bea3ed9648b7/elements - {"using":"xpath","value":"//span[text()='Error']"}
RESULT: {"using":"xpath","value":"//span[text()='Error']"}
RESULT: undefined
COMMAND: POST /session/5b549bc456d4687fa6e2bea3ed9648b7/element - {"using":"xpath","value":"//*[@id=\"__tile104\"]"}
RESULT: {"using":"xpath","value":"//*[@id=\"__tile104\"]"}
COMMAND: POST /session/5b549bc456d4687fa6e2bea3ed9648b7/element/f.7F69E53355262FB42D0F590E576D92AD.d.DC1EF0EAA232461AB5B412CF41769762.e.3268/click - {}
RESULT: undefined
COMMAND: POST /session/5b549bc456d4687fa6e2bea3ed9648b7/element - {"using":"xpath","value":"//*[@id=\"__tile104\"]"}
RESULT: {"using":"xpath","value":"//*[@id=\"__tile104\"]"}
COMMAND: POST /session/5b549bc456d4687fa6e2bea3ed9648b7/element/f.7F69E53355262FB42D0F590E576D92AD.d.DC1EF0EAA232461AB5B412CF41769762.e.3268/click - {}
RESULT: undefined
COMMAND: POST /session/5b549bc456d4687fa6e2bea3ed9648b7/execute/async - {"script":"<script> [6424 bytes]","args":[{"element-6066-11e4-a52e-4f735466cecf":"f.7F69E53355262FB42D0F590E576D92AD.d.DC1EF0EAA232461AB5B412CF41769762.e.284"},"getTitle",[]]}
COMMAND: POST /session/5b549bc456d4687fa6e2bea3ed9648b7/execute/async - {"script":"<script> [1562 bytes]","args":[{"selector":{"id":"shellAppTitle"},"wdio_ui5_key":"shellAppTitle"}]}
RESULT: {"script":"<script> [1562 bytes]","args":[{"selector":{"id":"shellAppTitle"},"wdio_ui5_key":"shellAppTitle"}]}
COMMAND: POST /session/5b549bc456d4687fa6e2bea3ed9648b7/execute/async - {"script":"<script> [6424 bytes]","args":[{"element-6066-11e4-a52e-4f735466cecf":"f.7F69E53355262FB42D0F590E576D92AD.d.DC1EF0EAA232461AB5B412CF41769762.e.3365"},"getTitle",[]]}
RESULT: {"script":"<script> [6424 bytes]","args":[{"element-6066-11e4-a52e-4f735466cecf":"f.7F69E53355262FB42D0F590E576D92AD.d.DC1EF0EAA232461AB5B412CF41769762.e.3365"},"getTitle",[]]}
RESULT: undefined
COMMAND: POST /session/5b549bc456d4687fa6e2bea3ed9648b7/element/f.7F69E53355262FB42D0F590E576D92AD.d.DC1EF0EAA232461AB5B412CF41769762.e.3245/click - {}
COMMAND: POST /session/5b549bc456d4687fa6e2bea3ed9648b7/element - {"using":"xpath","value":"//*[@id=\"backBtn\"]"}
RESULT: {"using":"xpath","value":"//*[@id=\"backBtn\"]"}
COMMAND: POST /session/5b549bc456d4687fa6e2bea3ed9648b7/element/f.7F69E53355262FB42D0F590E576D92AD.d.DC1EF0EAA232461AB5B412CF41769762.e.3245/click - {}
COMMAND: POST /session/5b549bc456d4687fa6e2bea3ed9648b7/element - {"using":"xpath","value":"//*[@id=\"backBtn\"]"}
RESULT: {"using":"xpath","value":"//*[@id=\"backBtn\"]"}
COMMAND: POST /session/5b549bc456d4687fa6e2bea3ed9648b7/element/f.7F69E53355262FB42D0F590E576D92AD.d.DC1EF0EAA232461AB5B412CF41769762.e.3366/click - {}
RESULT: {}
COMMAND: GET /session/5b549bc456d4687fa6e2bea3ed9648b7/screenshot - {}
RESULT: {}
]]></system-out>
    </testcase>
    <testcase classname="chrome.136_0_7103_93.windows.Sanity_Tests_US104253" name="Should open Manage Warehouse Movements page" time="35.911">
      <system-out><![CDATA[
COMMAND: POST /session/5b549bc456d4687fa6e2bea3ed9648b7/execute/async - {"script":"<script> [1562 bytes]","args":[{"selector":{"controlType":"sap.m.GenericTile","properties":{"header":"Manage Warehouse Movements"}},"wdio_ui5_key":"sapm.GenericTile{\"header\":\"Manage Warehouse Movements\"}"}]}
RESULT: {"script":"<script> [1562 bytes]","args":[{"selector":{"controlType":"sap.m.GenericTile","properties":{"header":"Manage Warehouse Movements"}},"wdio_ui5_key":"sapm.GenericTile{\"header\":\"Manage Warehouse Movements\"}"}]}
RESULT: undefined
COMMAND: POST /session/5b549bc456d4687fa6e2bea3ed9648b7/element - {"using":"xpath","value":"//*[@id=\"__tile105\"]"}
RESULT: {"using":"xpath","value":"//*[@id=\"__tile105\"]"}
COMMAND: POST /session/5b549bc456d4687fa6e2bea3ed9648b7/element/f.7F69E53355262FB42D0F590E576D92AD.d.DC1EF0EAA232461AB5B412CF41769762.e.3370/click - {}
RESULT: {}
COMMAND: GET /session/5b549bc456d4687fa6e2bea3ed9648b7/screenshot - {}
RESULT: {}
COMMAND: POST /session/5b549bc456d4687fa6e2bea3ed9648b7/elements - {"using":"xpath","value":"//span[text()='Error']"}
RESULT: {"using":"xpath","value":"//span[text()='Error']"}
RESULT: undefined
COMMAND: POST /session/5b549bc456d4687fa6e2bea3ed9648b7/element - {"using":"xpath","value":"//*[@id=\"__tile105\"]"}
RESULT: {"using":"xpath","value":"//*[@id=\"__tile105\"]"}
COMMAND: POST /session/5b549bc456d4687fa6e2bea3ed9648b7/element/f.7F69E53355262FB42D0F590E576D92AD.d.DC1EF0EAA232461AB5B412CF41769762.e.3370/click - {}
RESULT: undefined
COMMAND: POST /session/5b549bc456d4687fa6e2bea3ed9648b7/element - {"using":"xpath","value":"//*[@id=\"__tile105\"]"}
RESULT: {"using":"xpath","value":"//*[@id=\"__tile105\"]"}
COMMAND: POST /session/5b549bc456d4687fa6e2bea3ed9648b7/element/f.7F69E53355262FB42D0F590E576D92AD.d.DC1EF0EAA232461AB5B412CF41769762.e.3370/click - {}
RESULT: undefined
COMMAND: POST /session/5b549bc456d4687fa6e2bea3ed9648b7/execute/async - {"script":"<script> [6424 bytes]","args":[{"element-6066-11e4-a52e-4f735466cecf":"f.7F69E53355262FB42D0F590E576D92AD.d.DC1EF0EAA232461AB5B412CF41769762.e.284"},"getTitle",[]]}
COMMAND: POST /session/5b549bc456d4687fa6e2bea3ed9648b7/execute/async - {"script":"<script> [1562 bytes]","args":[{"selector":{"id":"shellAppTitle"},"wdio_ui5_key":"shellAppTitle"}]}
RESULT: {"script":"<script> [1562 bytes]","args":[{"selector":{"id":"shellAppTitle"},"wdio_ui5_key":"shellAppTitle"}]}
COMMAND: POST /session/5b549bc456d4687fa6e2bea3ed9648b7/execute/async - {"script":"<script> [6424 bytes]","args":[{"element-6066-11e4-a52e-4f735466cecf":"f.7F69E53355262FB42D0F590E576D92AD.d.DC1EF0EAA232461AB5B412CF41769762.e.3464"},"getTitle",[]]}
RESULT: {"script":"<script> [6424 bytes]","args":[{"element-6066-11e4-a52e-4f735466cecf":"f.7F69E53355262FB42D0F590E576D92AD.d.DC1EF0EAA232461AB5B412CF41769762.e.3464"},"getTitle",[]]}
RESULT: undefined
COMMAND: POST /session/5b549bc456d4687fa6e2bea3ed9648b7/element/f.7F69E53355262FB42D0F590E576D92AD.d.DC1EF0EAA232461AB5B412CF41769762.e.3366/click - {}
RESULT: {}
COMMAND: GET /session/5b549bc456d4687fa6e2bea3ed9648b7/screenshot - {}
RESULT: {}
]]></system-out>
    </testcase>
    <testcase classname="chrome.136_0_7103_93.windows.Sanity_Tests_US104253" name="Should open Bin Inventory List page" time="36.835">
      <system-out><![CDATA[
COMMAND: POST /session/5b549bc456d4687fa6e2bea3ed9648b7/execute/async - {"script":"<script> [1562 bytes]","args":[{"selector":{"controlType":"sap.m.GenericTile","properties":{"header":"Bin Inventory List"}},"wdio_ui5_key":"sapm.GenericTile{\"header\":\"Bin Inventory List\"}"}]}
RESULT: {"script":"<script> [1562 bytes]","args":[{"selector":{"controlType":"sap.m.GenericTile","properties":{"header":"Bin Inventory List"}},"wdio_ui5_key":"sapm.GenericTile{\"header\":\"Bin Inventory List\"}"}]}
RESULT: undefined
COMMAND: POST /session/5b549bc456d4687fa6e2bea3ed9648b7/element - {"using":"xpath","value":"//*[@id=\"__tile103\"]"}
RESULT: {"using":"xpath","value":"//*[@id=\"__tile103\"]"}
COMMAND: POST /session/5b549bc456d4687fa6e2bea3ed9648b7/element/f.7F69E53355262FB42D0F590E576D92AD.d.DC1EF0EAA232461AB5B412CF41769762.e.3466/click - {}
RESULT: {}
COMMAND: GET /session/5b549bc456d4687fa6e2bea3ed9648b7/screenshot - {}
RESULT: {}
COMMAND: POST /session/5b549bc456d4687fa6e2bea3ed9648b7/elements - {"using":"xpath","value":"//span[text()='Error']"}
RESULT: {"using":"xpath","value":"//span[text()='Error']"}
RESULT: undefined
COMMAND: POST /session/5b549bc456d4687fa6e2bea3ed9648b7/element - {"using":"xpath","value":"//*[@id=\"__tile103\"]"}
RESULT: {"using":"xpath","value":"//*[@id=\"__tile103\"]"}
COMMAND: POST /session/5b549bc456d4687fa6e2bea3ed9648b7/element/f.7F69E53355262FB42D0F590E576D92AD.d.DC1EF0EAA232461AB5B412CF41769762.e.3466/click - {}
RESULT: undefined
COMMAND: POST /session/5b549bc456d4687fa6e2bea3ed9648b7/element - {"using":"xpath","value":"//*[@id=\"__tile103\"]"}
RESULT: {"using":"xpath","value":"//*[@id=\"__tile103\"]"}
COMMAND: POST /session/5b549bc456d4687fa6e2bea3ed9648b7/element/f.7F69E53355262FB42D0F590E576D92AD.d.DC1EF0EAA232461AB5B412CF41769762.e.3466/click - {}
RESULT: undefined
COMMAND: POST /session/5b549bc456d4687fa6e2bea3ed9648b7/execute/async - {"script":"<script> [6424 bytes]","args":[{"element-6066-11e4-a52e-4f735466cecf":"f.7F69E53355262FB42D0F590E576D92AD.d.DC1EF0EAA232461AB5B412CF41769762.e.284"},"getTitle",[]]}
COMMAND: POST /session/5b549bc456d4687fa6e2bea3ed9648b7/execute/async - {"script":"<script> [1562 bytes]","args":[{"selector":{"id":"shellAppTitle"},"wdio_ui5_key":"shellAppTitle"}]}
RESULT: {"script":"<script> [1562 bytes]","args":[{"selector":{"id":"shellAppTitle"},"wdio_ui5_key":"shellAppTitle"}]}
COMMAND: POST /session/5b549bc456d4687fa6e2bea3ed9648b7/execute/async - {"script":"<script> [6424 bytes]","args":[{"element-6066-11e4-a52e-4f735466cecf":"f.7F69E53355262FB42D0F590E576D92AD.d.DC1EF0EAA232461AB5B412CF41769762.e.3556"},"getTitle",[]]}
RESULT: {"script":"<script> [6424 bytes]","args":[{"element-6066-11e4-a52e-4f735466cecf":"f.7F69E53355262FB42D0F590E576D92AD.d.DC1EF0EAA232461AB5B412CF41769762.e.3556"},"getTitle",[]]}
RESULT: undefined
COMMAND: POST /session/5b549bc456d4687fa6e2bea3ed9648b7/element/f.7F69E53355262FB42D0F590E576D92AD.d.DC1EF0EAA232461AB5B412CF41769762.e.3366/click - {}
COMMAND: POST /session/5b549bc456d4687fa6e2bea3ed9648b7/element - {"using":"xpath","value":"//*[@id=\"backBtn\"]"}
RESULT: {"using":"xpath","value":"//*[@id=\"backBtn\"]"}
COMMAND: POST /session/5b549bc456d4687fa6e2bea3ed9648b7/element/f.7F69E53355262FB42D0F590E576D92AD.d.DC1EF0EAA232461AB5B412CF41769762.e.3366/click - {}
COMMAND: POST /session/5b549bc456d4687fa6e2bea3ed9648b7/element - {"using":"xpath","value":"//*[@id=\"backBtn\"]"}
RESULT: {"using":"xpath","value":"//*[@id=\"backBtn\"]"}
COMMAND: POST /session/5b549bc456d4687fa6e2bea3ed9648b7/element/f.7F69E53355262FB42D0F590E576D92AD.d.DC1EF0EAA232461AB5B412CF41769762.e.3557/click - {}
RESULT: {}
COMMAND: GET /session/5b549bc456d4687fa6e2bea3ed9648b7/screenshot - {}
RESULT: {}
]]></system-out>
    </testcase>
    <testcase classname="chrome.136_0_7103_93.windows.Sanity_Tests_US104253" name="Should open ISC Templates page" time="36.243">
      <system-out><![CDATA[
COMMAND: POST /session/5b549bc456d4687fa6e2bea3ed9648b7/execute/async - {"script":"<script> [1562 bytes]","args":[{"selector":{"controlType":"sap.m.GenericTile","properties":{"header":"ISC Templates"}},"wdio_ui5_key":"sapm.GenericTile{\"header\":\"ISC Templates\"}"}]}
RESULT: {"script":"<script> [1562 bytes]","args":[{"selector":{"controlType":"sap.m.GenericTile","properties":{"header":"ISC Templates"}},"wdio_ui5_key":"sapm.GenericTile{\"header\":\"ISC Templates\"}"}]}
RESULT: undefined
COMMAND: POST /session/5b549bc456d4687fa6e2bea3ed9648b7/element - {"using":"xpath","value":"//*[@id=\"__tile111\"]"}
RESULT: {"using":"xpath","value":"//*[@id=\"__tile111\"]"}
COMMAND: POST /session/5b549bc456d4687fa6e2bea3ed9648b7/element/f.7F69E53355262FB42D0F590E576D92AD.d.DC1EF0EAA232461AB5B412CF41769762.e.3559/click - {}
RESULT: {}
COMMAND: GET /session/5b549bc456d4687fa6e2bea3ed9648b7/screenshot - {}
RESULT: {}
COMMAND: POST /session/5b549bc456d4687fa6e2bea3ed9648b7/elements - {"using":"xpath","value":"//span[text()='Error']"}
RESULT: {"using":"xpath","value":"//span[text()='Error']"}
RESULT: undefined
COMMAND: POST /session/5b549bc456d4687fa6e2bea3ed9648b7/element - {"using":"xpath","value":"//*[@id=\"__tile111\"]"}
RESULT: {"using":"xpath","value":"//*[@id=\"__tile111\"]"}
COMMAND: POST /session/5b549bc456d4687fa6e2bea3ed9648b7/element/f.7F69E53355262FB42D0F590E576D92AD.d.DC1EF0EAA232461AB5B412CF41769762.e.3559/click - {}
RESULT: undefined
COMMAND: POST /session/5b549bc456d4687fa6e2bea3ed9648b7/element - {"using":"xpath","value":"//*[@id=\"__tile111\"]"}
RESULT: {"using":"xpath","value":"//*[@id=\"__tile111\"]"}
COMMAND: POST /session/5b549bc456d4687fa6e2bea3ed9648b7/element/f.7F69E53355262FB42D0F590E576D92AD.d.DC1EF0EAA232461AB5B412CF41769762.e.3559/click - {}
RESULT: undefined
COMMAND: POST /session/5b549bc456d4687fa6e2bea3ed9648b7/execute/async - {"script":"<script> [6424 bytes]","args":[{"element-6066-11e4-a52e-4f735466cecf":"f.7F69E53355262FB42D0F590E576D92AD.d.DC1EF0EAA232461AB5B412CF41769762.e.284"},"getTitle",[]]}
COMMAND: POST /session/5b549bc456d4687fa6e2bea3ed9648b7/execute/async - {"script":"<script> [1562 bytes]","args":[{"selector":{"id":"shellAppTitle"},"wdio_ui5_key":"shellAppTitle"}]}
RESULT: {"script":"<script> [1562 bytes]","args":[{"selector":{"id":"shellAppTitle"},"wdio_ui5_key":"shellAppTitle"}]}
COMMAND: POST /session/5b549bc456d4687fa6e2bea3ed9648b7/execute/async - {"script":"<script> [6424 bytes]","args":[{"element-6066-11e4-a52e-4f735466cecf":"f.7F69E53355262FB42D0F590E576D92AD.d.DC1EF0EAA232461AB5B412CF41769762.e.3632"},"getTitle",[]]}
RESULT: {"script":"<script> [6424 bytes]","args":[{"element-6066-11e4-a52e-4f735466cecf":"f.7F69E53355262FB42D0F590E576D92AD.d.DC1EF0EAA232461AB5B412CF41769762.e.3632"},"getTitle",[]]}
RESULT: undefined
COMMAND: POST /session/5b549bc456d4687fa6e2bea3ed9648b7/element/f.7F69E53355262FB42D0F590E576D92AD.d.DC1EF0EAA232461AB5B412CF41769762.e.3557/click - {}
RESULT: {}
COMMAND: GET /session/5b549bc456d4687fa6e2bea3ed9648b7/screenshot - {}
RESULT: {}
]]></system-out>
    </testcase>
    <testcase classname="chrome.136_0_7103_93.windows.Sanity_Tests_US104253" name="Should open ISC Schedules page" time="38.3">
      <system-out><![CDATA[
COMMAND: POST /session/5b549bc456d4687fa6e2bea3ed9648b7/execute/async - {"script":"<script> [1562 bytes]","args":[{"selector":{"controlType":"sap.m.GenericTile","properties":{"header":"ISC Schedules"}},"wdio_ui5_key":"sapm.GenericTile{\"header\":\"ISC Schedules\"}"}]}
RESULT: {"script":"<script> [1562 bytes]","args":[{"selector":{"controlType":"sap.m.GenericTile","properties":{"header":"ISC Schedules"}},"wdio_ui5_key":"sapm.GenericTile{\"header\":\"ISC Schedules\"}"}]}
RESULT: undefined
COMMAND: POST /session/5b549bc456d4687fa6e2bea3ed9648b7/element - {"using":"xpath","value":"//*[@id=\"__tile109\"]"}
RESULT: {"using":"xpath","value":"//*[@id=\"__tile109\"]"}
COMMAND: POST /session/5b549bc456d4687fa6e2bea3ed9648b7/element/f.7F69E53355262FB42D0F590E576D92AD.d.DC1EF0EAA232461AB5B412CF41769762.e.3635/click - {}
RESULT: {}
COMMAND: GET /session/5b549bc456d4687fa6e2bea3ed9648b7/screenshot - {}
RESULT: {}
COMMAND: POST /session/5b549bc456d4687fa6e2bea3ed9648b7/elements - {"using":"xpath","value":"//span[text()='Error']"}
RESULT: {"using":"xpath","value":"//span[text()='Error']"}
RESULT: undefined
COMMAND: POST /session/5b549bc456d4687fa6e2bea3ed9648b7/element - {"using":"xpath","value":"//*[@id=\"__tile109\"]"}
RESULT: {"using":"xpath","value":"//*[@id=\"__tile109\"]"}
COMMAND: POST /session/5b549bc456d4687fa6e2bea3ed9648b7/element/f.7F69E53355262FB42D0F590E576D92AD.d.DC1EF0EAA232461AB5B412CF41769762.e.3635/click - {}
RESULT: undefined
COMMAND: POST /session/5b549bc456d4687fa6e2bea3ed9648b7/element - {"using":"xpath","value":"//*[@id=\"__tile109\"]"}
RESULT: {"using":"xpath","value":"//*[@id=\"__tile109\"]"}
COMMAND: POST /session/5b549bc456d4687fa6e2bea3ed9648b7/element/f.7F69E53355262FB42D0F590E576D92AD.d.DC1EF0EAA232461AB5B412CF41769762.e.3635/click - {}
RESULT: undefined
COMMAND: POST /session/5b549bc456d4687fa6e2bea3ed9648b7/execute/async - {"script":"<script> [6424 bytes]","args":[{"element-6066-11e4-a52e-4f735466cecf":"f.7F69E53355262FB42D0F590E576D92AD.d.DC1EF0EAA232461AB5B412CF41769762.e.284"},"getTitle",[]]}
COMMAND: POST /session/5b549bc456d4687fa6e2bea3ed9648b7/execute/async - {"script":"<script> [1562 bytes]","args":[{"selector":{"id":"shellAppTitle"},"wdio_ui5_key":"shellAppTitle"}]}
RESULT: {"script":"<script> [1562 bytes]","args":[{"selector":{"id":"shellAppTitle"},"wdio_ui5_key":"shellAppTitle"}]}
COMMAND: POST /session/5b549bc456d4687fa6e2bea3ed9648b7/execute/async - {"script":"<script> [6424 bytes]","args":[{"element-6066-11e4-a52e-4f735466cecf":"f.7F69E53355262FB42D0F590E576D92AD.d.DC1EF0EAA232461AB5B412CF41769762.e.3708"},"getTitle",[]]}
RESULT: {"script":"<script> [6424 bytes]","args":[{"element-6066-11e4-a52e-4f735466cecf":"f.7F69E53355262FB42D0F590E576D92AD.d.DC1EF0EAA232461AB5B412CF41769762.e.3708"},"getTitle",[]]}
RESULT: undefined
COMMAND: POST /session/5b549bc456d4687fa6e2bea3ed9648b7/element/f.7F69E53355262FB42D0F590E576D92AD.d.DC1EF0EAA232461AB5B412CF41769762.e.3557/click - {}
COMMAND: POST /session/5b549bc456d4687fa6e2bea3ed9648b7/element - {"using":"xpath","value":"//*[@id=\"backBtn\"]"}
RESULT: {"using":"xpath","value":"//*[@id=\"backBtn\"]"}
COMMAND: POST /session/5b549bc456d4687fa6e2bea3ed9648b7/element/f.7F69E53355262FB42D0F590E576D92AD.d.DC1EF0EAA232461AB5B412CF41769762.e.3557/click - {}
COMMAND: POST /session/5b549bc456d4687fa6e2bea3ed9648b7/element - {"using":"xpath","value":"//*[@id=\"backBtn\"]"}
RESULT: {"using":"xpath","value":"//*[@id=\"backBtn\"]"}
COMMAND: POST /session/5b549bc456d4687fa6e2bea3ed9648b7/element/f.7F69E53355262FB42D0F590E576D92AD.d.DC1EF0EAA232461AB5B412CF41769762.e.3709/click - {}
RESULT: {}
COMMAND: GET /session/5b549bc456d4687fa6e2bea3ed9648b7/screenshot - {}
RESULT: {}
]]></system-out>
    </testcase>
    <testcase classname="chrome.136_0_7103_93.windows.Sanity_Tests_US104253" name="Should open ISC Dashboard page" time="36.701">
      <system-out><![CDATA[
COMMAND: POST /session/5b549bc456d4687fa6e2bea3ed9648b7/execute/async - {"script":"<script> [1562 bytes]","args":[{"selector":{"controlType":"sap.m.GenericTile","properties":{"header":"ISC Dashboard"}},"wdio_ui5_key":"sapm.GenericTile{\"header\":\"ISC Dashboard\"}"}]}
RESULT: {"script":"<script> [1562 bytes]","args":[{"selector":{"controlType":"sap.m.GenericTile","properties":{"header":"ISC Dashboard"}},"wdio_ui5_key":"sapm.GenericTile{\"header\":\"ISC Dashboard\"}"}]}
RESULT: undefined
COMMAND: POST /session/5b549bc456d4687fa6e2bea3ed9648b7/element - {"using":"xpath","value":"//*[@id=\"__tile106\"]"}
RESULT: {"using":"xpath","value":"//*[@id=\"__tile106\"]"}
COMMAND: POST /session/5b549bc456d4687fa6e2bea3ed9648b7/element/f.7F69E53355262FB42D0F590E576D92AD.d.DC1EF0EAA232461AB5B412CF41769762.e.3711/click - {}
RESULT: {}
COMMAND: GET /session/5b549bc456d4687fa6e2bea3ed9648b7/screenshot - {}
RESULT: {}
COMMAND: POST /session/5b549bc456d4687fa6e2bea3ed9648b7/elements - {"using":"xpath","value":"//span[text()='Error']"}
RESULT: {"using":"xpath","value":"//span[text()='Error']"}
RESULT: undefined
COMMAND: POST /session/5b549bc456d4687fa6e2bea3ed9648b7/element - {"using":"xpath","value":"//*[@id=\"__tile106\"]"}
RESULT: {"using":"xpath","value":"//*[@id=\"__tile106\"]"}
COMMAND: POST /session/5b549bc456d4687fa6e2bea3ed9648b7/element/f.7F69E53355262FB42D0F590E576D92AD.d.DC1EF0EAA232461AB5B412CF41769762.e.3711/click - {}
RESULT: undefined
COMMAND: POST /session/5b549bc456d4687fa6e2bea3ed9648b7/element - {"using":"xpath","value":"//*[@id=\"__tile106\"]"}
RESULT: {"using":"xpath","value":"//*[@id=\"__tile106\"]"}
COMMAND: POST /session/5b549bc456d4687fa6e2bea3ed9648b7/element/f.7F69E53355262FB42D0F590E576D92AD.d.DC1EF0EAA232461AB5B412CF41769762.e.3711/click - {}
RESULT: undefined
COMMAND: POST /session/5b549bc456d4687fa6e2bea3ed9648b7/execute/async - {"script":"<script> [6424 bytes]","args":[{"element-6066-11e4-a52e-4f735466cecf":"f.7F69E53355262FB42D0F590E576D92AD.d.DC1EF0EAA232461AB5B412CF41769762.e.284"},"getTitle",[]]}
COMMAND: POST /session/5b549bc456d4687fa6e2bea3ed9648b7/execute/async - {"script":"<script> [1562 bytes]","args":[{"selector":{"id":"shellAppTitle"},"wdio_ui5_key":"shellAppTitle"}]}
RESULT: {"script":"<script> [1562 bytes]","args":[{"selector":{"id":"shellAppTitle"},"wdio_ui5_key":"shellAppTitle"}]}
COMMAND: POST /session/5b549bc456d4687fa6e2bea3ed9648b7/execute/async - {"script":"<script> [6424 bytes]","args":[{"element-6066-11e4-a52e-4f735466cecf":"f.7F69E53355262FB42D0F590E576D92AD.d.DC1EF0EAA232461AB5B412CF41769762.e.3840"},"getTitle",[]]}
RESULT: {"script":"<script> [6424 bytes]","args":[{"element-6066-11e4-a52e-4f735466cecf":"f.7F69E53355262FB42D0F590E576D92AD.d.DC1EF0EAA232461AB5B412CF41769762.e.3840"},"getTitle",[]]}
RESULT: undefined
COMMAND: POST /session/5b549bc456d4687fa6e2bea3ed9648b7/element/f.7F69E53355262FB42D0F590E576D92AD.d.DC1EF0EAA232461AB5B412CF41769762.e.3709/click - {}
RESULT: {}
COMMAND: GET /session/5b549bc456d4687fa6e2bea3ed9648b7/screenshot - {}
RESULT: {}
]]></system-out>
    </testcase>
    <testcase classname="chrome.136_0_7103_93.windows.Sanity_Tests_US104253" name="Should open ISC Orders page" time="36.836">
      <system-out><![CDATA[
COMMAND: POST /session/5b549bc456d4687fa6e2bea3ed9648b7/execute/async - {"script":"<script> [1562 bytes]","args":[{"selector":{"controlType":"sap.m.GenericTile","properties":{"header":"ISC Orders"}},"wdio_ui5_key":"sapm.GenericTile{\"header\":\"ISC Orders\"}"}]}
RESULT: {"script":"<script> [1562 bytes]","args":[{"selector":{"controlType":"sap.m.GenericTile","properties":{"header":"ISC Orders"}},"wdio_ui5_key":"sapm.GenericTile{\"header\":\"ISC Orders\"}"}]}
RESULT: undefined
COMMAND: POST /session/5b549bc456d4687fa6e2bea3ed9648b7/element - {"using":"xpath","value":"//*[@id=\"__tile108\"]"}
RESULT: {"using":"xpath","value":"//*[@id=\"__tile108\"]"}
COMMAND: POST /session/5b549bc456d4687fa6e2bea3ed9648b7/element/f.7F69E53355262FB42D0F590E576D92AD.d.DC1EF0EAA232461AB5B412CF41769762.e.3842/click - {}
RESULT: {}
COMMAND: GET /session/5b549bc456d4687fa6e2bea3ed9648b7/screenshot - {}
RESULT: {}
COMMAND: POST /session/5b549bc456d4687fa6e2bea3ed9648b7/elements - {"using":"xpath","value":"//span[text()='Error']"}
RESULT: {"using":"xpath","value":"//span[text()='Error']"}
RESULT: undefined
COMMAND: POST /session/5b549bc456d4687fa6e2bea3ed9648b7/element - {"using":"xpath","value":"//*[@id=\"__tile108\"]"}
RESULT: {"using":"xpath","value":"//*[@id=\"__tile108\"]"}
COMMAND: POST /session/5b549bc456d4687fa6e2bea3ed9648b7/element/f.7F69E53355262FB42D0F590E576D92AD.d.DC1EF0EAA232461AB5B412CF41769762.e.3842/click - {}
RESULT: undefined
COMMAND: POST /session/5b549bc456d4687fa6e2bea3ed9648b7/element - {"using":"xpath","value":"//*[@id=\"__tile108\"]"}
RESULT: {"using":"xpath","value":"//*[@id=\"__tile108\"]"}
COMMAND: POST /session/5b549bc456d4687fa6e2bea3ed9648b7/element/f.7F69E53355262FB42D0F590E576D92AD.d.DC1EF0EAA232461AB5B412CF41769762.e.3842/click - {}
RESULT: undefined
COMMAND: POST /session/5b549bc456d4687fa6e2bea3ed9648b7/execute/async - {"script":"<script> [6424 bytes]","args":[{"element-6066-11e4-a52e-4f735466cecf":"f.7F69E53355262FB42D0F590E576D92AD.d.DC1EF0EAA232461AB5B412CF41769762.e.284"},"getTitle",[]]}
COMMAND: POST /session/5b549bc456d4687fa6e2bea3ed9648b7/execute/async - {"script":"<script> [1562 bytes]","args":[{"selector":{"id":"shellAppTitle"},"wdio_ui5_key":"shellAppTitle"}]}
RESULT: {"script":"<script> [1562 bytes]","args":[{"selector":{"id":"shellAppTitle"},"wdio_ui5_key":"shellAppTitle"}]}
COMMAND: POST /session/5b549bc456d4687fa6e2bea3ed9648b7/execute/async - {"script":"<script> [6424 bytes]","args":[{"element-6066-11e4-a52e-4f735466cecf":"f.7F69E53355262FB42D0F590E576D92AD.d.DC1EF0EAA232461AB5B412CF41769762.e.3958"},"getTitle",[]]}
RESULT: {"script":"<script> [6424 bytes]","args":[{"element-6066-11e4-a52e-4f735466cecf":"f.7F69E53355262FB42D0F590E576D92AD.d.DC1EF0EAA232461AB5B412CF41769762.e.3958"},"getTitle",[]]}
RESULT: undefined
COMMAND: POST /session/5b549bc456d4687fa6e2bea3ed9648b7/element/f.7F69E53355262FB42D0F590E576D92AD.d.DC1EF0EAA232461AB5B412CF41769762.e.3709/click - {}
COMMAND: POST /session/5b549bc456d4687fa6e2bea3ed9648b7/element - {"using":"xpath","value":"//*[@id=\"backBtn\"]"}
RESULT: {"using":"xpath","value":"//*[@id=\"backBtn\"]"}
COMMAND: POST /session/5b549bc456d4687fa6e2bea3ed9648b7/element/f.7F69E53355262FB42D0F590E576D92AD.d.DC1EF0EAA232461AB5B412CF41769762.e.3709/click - {}
COMMAND: POST /session/5b549bc456d4687fa6e2bea3ed9648b7/element - {"using":"xpath","value":"//*[@id=\"backBtn\"]"}
RESULT: {"using":"xpath","value":"//*[@id=\"backBtn\"]"}
COMMAND: POST /session/5b549bc456d4687fa6e2bea3ed9648b7/element/f.7F69E53355262FB42D0F590E576D92AD.d.DC1EF0EAA232461AB5B412CF41769762.e.3959/click - {}
RESULT: {}
COMMAND: GET /session/5b549bc456d4687fa6e2bea3ed9648b7/screenshot - {}
RESULT: {}
]]></system-out>
    </testcase>
    <testcase classname="chrome.136_0_7103_93.windows.Sanity_Tests_US104253" name="Should open ISC Tasks page" time="39.656">
      <system-out><![CDATA[
COMMAND: POST /session/5b549bc456d4687fa6e2bea3ed9648b7/execute/async - {"script":"<script> [1562 bytes]","args":[{"selector":{"controlType":"sap.m.GenericTile","properties":{"header":"ISC Tasks"}},"wdio_ui5_key":"sapm.GenericTile{\"header\":\"ISC Tasks\"}"}]}
RESULT: {"script":"<script> [1562 bytes]","args":[{"selector":{"controlType":"sap.m.GenericTile","properties":{"header":"ISC Tasks"}},"wdio_ui5_key":"sapm.GenericTile{\"header\":\"ISC Tasks\"}"}]}
RESULT: undefined
COMMAND: POST /session/5b549bc456d4687fa6e2bea3ed9648b7/element - {"using":"xpath","value":"//*[@id=\"__tile110\"]"}
RESULT: {"using":"xpath","value":"//*[@id=\"__tile110\"]"}
COMMAND: POST /session/5b549bc456d4687fa6e2bea3ed9648b7/element/f.7F69E53355262FB42D0F590E576D92AD.d.DC1EF0EAA232461AB5B412CF41769762.e.3961/click - {}
RESULT: {}
COMMAND: GET /session/5b549bc456d4687fa6e2bea3ed9648b7/screenshot - {}
RESULT: {}
COMMAND: POST /session/5b549bc456d4687fa6e2bea3ed9648b7/elements - {"using":"xpath","value":"//span[text()='Error']"}
RESULT: {"using":"xpath","value":"//span[text()='Error']"}
RESULT: undefined
COMMAND: POST /session/5b549bc456d4687fa6e2bea3ed9648b7/element - {"using":"xpath","value":"//*[@id=\"__tile110\"]"}
RESULT: {"using":"xpath","value":"//*[@id=\"__tile110\"]"}
COMMAND: POST /session/5b549bc456d4687fa6e2bea3ed9648b7/element/f.7F69E53355262FB42D0F590E576D92AD.d.DC1EF0EAA232461AB5B412CF41769762.e.3961/click - {}
RESULT: undefined
COMMAND: POST /session/5b549bc456d4687fa6e2bea3ed9648b7/element - {"using":"xpath","value":"//*[@id=\"__tile110\"]"}
RESULT: {"using":"xpath","value":"//*[@id=\"__tile110\"]"}
COMMAND: POST /session/5b549bc456d4687fa6e2bea3ed9648b7/element/f.7F69E53355262FB42D0F590E576D92AD.d.DC1EF0EAA232461AB5B412CF41769762.e.3961/click - {}
RESULT: undefined
COMMAND: POST /session/5b549bc456d4687fa6e2bea3ed9648b7/execute/async - {"script":"<script> [6424 bytes]","args":[{"element-6066-11e4-a52e-4f735466cecf":"f.7F69E53355262FB42D0F590E576D92AD.d.DC1EF0EAA232461AB5B412CF41769762.e.284"},"getTitle",[]]}
COMMAND: POST /session/5b549bc456d4687fa6e2bea3ed9648b7/execute/async - {"script":"<script> [1562 bytes]","args":[{"selector":{"id":"shellAppTitle"},"wdio_ui5_key":"shellAppTitle"}]}
RESULT: {"script":"<script> [1562 bytes]","args":[{"selector":{"id":"shellAppTitle"},"wdio_ui5_key":"shellAppTitle"}]}
COMMAND: POST /session/5b549bc456d4687fa6e2bea3ed9648b7/execute/async - {"script":"<script> [6424 bytes]","args":[{"element-6066-11e4-a52e-4f735466cecf":"f.7F69E53355262FB42D0F590E576D92AD.d.DC1EF0EAA232461AB5B412CF41769762.e.4057"},"getTitle",[]]}
RESULT: {"script":"<script> [6424 bytes]","args":[{"element-6066-11e4-a52e-4f735466cecf":"f.7F69E53355262FB42D0F590E576D92AD.d.DC1EF0EAA232461AB5B412CF41769762.e.4057"},"getTitle",[]]}
RESULT: undefined
COMMAND: POST /session/5b549bc456d4687fa6e2bea3ed9648b7/element/f.7F69E53355262FB42D0F590E576D92AD.d.DC1EF0EAA232461AB5B412CF41769762.e.3959/click - {}
RESULT: {}
COMMAND: GET /session/5b549bc456d4687fa6e2bea3ed9648b7/screenshot - {}
RESULT: {}
]]></system-out>
    </testcase>
    <testcase classname="chrome.136_0_7103_93.windows.Sanity_Tests_US104253" name="Should open Manage Resource Logbook page" time="39.097">
      <system-out><![CDATA[
COMMAND: POST /session/5b549bc456d4687fa6e2bea3ed9648b7/execute/async - {"script":"<script> [1562 bytes]","args":[{"selector":{"controlType":"sap.m.GenericTile","properties":{"header":"Manage Resource Logbook"}},"wdio_ui5_key":"sapm.GenericTile{\"header\":\"Manage Resource Logbook\"}"}]}
RESULT: {"script":"<script> [1562 bytes]","args":[{"selector":{"controlType":"sap.m.GenericTile","properties":{"header":"Manage Resource Logbook"}},"wdio_ui5_key":"sapm.GenericTile{\"header\":\"Manage Resource Logbook\"}"}]}
RESULT: undefined
COMMAND: POST /session/5b549bc456d4687fa6e2bea3ed9648b7/element - {"using":"xpath","value":"//*[@id=\"__tile113\"]"}
RESULT: {"using":"xpath","value":"//*[@id=\"__tile113\"]"}
COMMAND: POST /session/5b549bc456d4687fa6e2bea3ed9648b7/element/f.7F69E53355262FB42D0F590E576D92AD.d.DC1EF0EAA232461AB5B412CF41769762.e.4059/click - {}
RESULT: {}
COMMAND: GET /session/5b549bc456d4687fa6e2bea3ed9648b7/screenshot - {}
RESULT: {}
COMMAND: POST /session/5b549bc456d4687fa6e2bea3ed9648b7/elements - {"using":"xpath","value":"//span[text()='Error']"}
RESULT: {"using":"xpath","value":"//span[text()='Error']"}
RESULT: undefined
COMMAND: POST /session/5b549bc456d4687fa6e2bea3ed9648b7/element - {"using":"xpath","value":"//*[@id=\"__tile113\"]"}
RESULT: {"using":"xpath","value":"//*[@id=\"__tile113\"]"}
COMMAND: POST /session/5b549bc456d4687fa6e2bea3ed9648b7/element/f.7F69E53355262FB42D0F590E576D92AD.d.DC1EF0EAA232461AB5B412CF41769762.e.4059/click - {}
RESULT: undefined
COMMAND: POST /session/5b549bc456d4687fa6e2bea3ed9648b7/element - {"using":"xpath","value":"//*[@id=\"__tile113\"]"}
RESULT: {"using":"xpath","value":"//*[@id=\"__tile113\"]"}
COMMAND: POST /session/5b549bc456d4687fa6e2bea3ed9648b7/element/f.7F69E53355262FB42D0F590E576D92AD.d.DC1EF0EAA232461AB5B412CF41769762.e.4059/click - {}
RESULT: undefined
COMMAND: POST /session/5b549bc456d4687fa6e2bea3ed9648b7/execute/async - {"script":"<script> [6424 bytes]","args":[{"element-6066-11e4-a52e-4f735466cecf":"f.7F69E53355262FB42D0F590E576D92AD.d.DC1EF0EAA232461AB5B412CF41769762.e.284"},"getTitle",[]]}
COMMAND: POST /session/5b549bc456d4687fa6e2bea3ed9648b7/execute/async - {"script":"<script> [1562 bytes]","args":[{"selector":{"id":"shellAppTitle"},"wdio_ui5_key":"shellAppTitle"}]}
RESULT: {"script":"<script> [1562 bytes]","args":[{"selector":{"id":"shellAppTitle"},"wdio_ui5_key":"shellAppTitle"}]}
COMMAND: POST /session/5b549bc456d4687fa6e2bea3ed9648b7/execute/async - {"script":"<script> [6424 bytes]","args":[{"element-6066-11e4-a52e-4f735466cecf":"f.7F69E53355262FB42D0F590E576D92AD.d.DC1EF0EAA232461AB5B412CF41769762.e.4166"},"getTitle",[]]}
RESULT: {"script":"<script> [6424 bytes]","args":[{"element-6066-11e4-a52e-4f735466cecf":"f.7F69E53355262FB42D0F590E576D92AD.d.DC1EF0EAA232461AB5B412CF41769762.e.4166"},"getTitle",[]]}
RESULT: undefined
COMMAND: POST /session/5b549bc456d4687fa6e2bea3ed9648b7/element/f.7F69E53355262FB42D0F590E576D92AD.d.DC1EF0EAA232461AB5B412CF41769762.e.3959/click - {}
COMMAND: POST /session/5b549bc456d4687fa6e2bea3ed9648b7/element - {"using":"xpath","value":"//*[@id=\"backBtn\"]"}
RESULT: {"using":"xpath","value":"//*[@id=\"backBtn\"]"}
COMMAND: POST /session/5b549bc456d4687fa6e2bea3ed9648b7/element/f.7F69E53355262FB42D0F590E576D92AD.d.DC1EF0EAA232461AB5B412CF41769762.e.3959/click - {}
COMMAND: POST /session/5b549bc456d4687fa6e2bea3ed9648b7/element - {"using":"xpath","value":"//*[@id=\"backBtn\"]"}
RESULT: {"using":"xpath","value":"//*[@id=\"backBtn\"]"}
COMMAND: POST /session/5b549bc456d4687fa6e2bea3ed9648b7/element/f.7F69E53355262FB42D0F590E576D92AD.d.DC1EF0EAA232461AB5B412CF41769762.e.4167/click - {}
RESULT: {}
COMMAND: GET /session/5b549bc456d4687fa6e2bea3ed9648b7/screenshot - {}
RESULT: {}
]]></system-out>
    </testcase>
    <testcase classname="chrome.136_0_7103_93.windows.Sanity_Tests_US104253" name="Should open Manage Logbook page" time="37.43">
      <system-out><![CDATA[
COMMAND: POST /session/5b549bc456d4687fa6e2bea3ed9648b7/execute/async - {"script":"<script> [1562 bytes]","args":[{"selector":{"controlType":"sap.m.GenericTile","properties":{"header":"Manage Logbook"}},"wdio_ui5_key":"sapm.GenericTile{\"header\":\"Manage Logbook\"}"}]}
RESULT: {"script":"<script> [1562 bytes]","args":[{"selector":{"controlType":"sap.m.GenericTile","properties":{"header":"Manage Logbook"}},"wdio_ui5_key":"sapm.GenericTile{\"header\":\"Manage Logbook\"}"}]}
RESULT: undefined
COMMAND: POST /session/5b549bc456d4687fa6e2bea3ed9648b7/element - {"using":"xpath","value":"//*[@id=\"__tile112\"]"}
RESULT: {"using":"xpath","value":"//*[@id=\"__tile112\"]"}
COMMAND: POST /session/5b549bc456d4687fa6e2bea3ed9648b7/element/f.7F69E53355262FB42D0F590E576D92AD.d.DC1EF0EAA232461AB5B412CF41769762.e.4169/click - {}
RESULT: {}
COMMAND: GET /session/5b549bc456d4687fa6e2bea3ed9648b7/screenshot - {}
RESULT: {}
COMMAND: POST /session/5b549bc456d4687fa6e2bea3ed9648b7/elements - {"using":"xpath","value":"//span[text()='Error']"}
RESULT: {"using":"xpath","value":"//span[text()='Error']"}
RESULT: undefined
COMMAND: POST /session/5b549bc456d4687fa6e2bea3ed9648b7/element - {"using":"xpath","value":"//*[@id=\"__tile112\"]"}
RESULT: {"using":"xpath","value":"//*[@id=\"__tile112\"]"}
COMMAND: POST /session/5b549bc456d4687fa6e2bea3ed9648b7/element/f.7F69E53355262FB42D0F590E576D92AD.d.DC1EF0EAA232461AB5B412CF41769762.e.4169/click - {}
RESULT: undefined
COMMAND: POST /session/5b549bc456d4687fa6e2bea3ed9648b7/element - {"using":"xpath","value":"//*[@id=\"__tile112\"]"}
RESULT: {"using":"xpath","value":"//*[@id=\"__tile112\"]"}
COMMAND: POST /session/5b549bc456d4687fa6e2bea3ed9648b7/element/f.7F69E53355262FB42D0F590E576D92AD.d.DC1EF0EAA232461AB5B412CF41769762.e.4169/click - {}
RESULT: undefined
COMMAND: POST /session/5b549bc456d4687fa6e2bea3ed9648b7/execute/async - {"script":"<script> [6424 bytes]","args":[{"element-6066-11e4-a52e-4f735466cecf":"f.7F69E53355262FB42D0F590E576D92AD.d.DC1EF0EAA232461AB5B412CF41769762.e.284"},"getTitle",[]]}
COMMAND: POST /session/5b549bc456d4687fa6e2bea3ed9648b7/execute/async - {"script":"<script> [1562 bytes]","args":[{"selector":{"id":"shellAppTitle"},"wdio_ui5_key":"shellAppTitle"}]}
RESULT: {"script":"<script> [1562 bytes]","args":[{"selector":{"id":"shellAppTitle"},"wdio_ui5_key":"shellAppTitle"}]}
COMMAND: POST /session/5b549bc456d4687fa6e2bea3ed9648b7/execute/async - {"script":"<script> [6424 bytes]","args":[{"element-6066-11e4-a52e-4f735466cecf":"f.7F69E53355262FB42D0F590E576D92AD.d.DC1EF0EAA232461AB5B412CF41769762.e.4259"},"getTitle",[]]}
RESULT: {"script":"<script> [6424 bytes]","args":[{"element-6066-11e4-a52e-4f735466cecf":"f.7F69E53355262FB42D0F590E576D92AD.d.DC1EF0EAA232461AB5B412CF41769762.e.4259"},"getTitle",[]]}
RESULT: undefined
COMMAND: POST /session/5b549bc456d4687fa6e2bea3ed9648b7/element/f.7F69E53355262FB42D0F590E576D92AD.d.DC1EF0EAA232461AB5B412CF41769762.e.4167/click - {}
RESULT: {}
COMMAND: GET /session/5b549bc456d4687fa6e2bea3ed9648b7/screenshot - {}
RESULT: {}
]]></system-out>
    </testcase>
    <testcase classname="chrome.136_0_7103_93.windows.Sanity_Tests_US104253" name="Should open ISC Orders Calendar page" time="38.701">
      <system-out><![CDATA[
COMMAND: POST /session/5b549bc456d4687fa6e2bea3ed9648b7/execute/async - {"script":"<script> [1562 bytes]","args":[{"selector":{"controlType":"sap.m.GenericTile","properties":{"header":"ISC Orders Calendar"}},"wdio_ui5_key":"sapm.GenericTile{\"header\":\"ISC Orders Calendar\"}"}]}
RESULT: {"script":"<script> [1562 bytes]","args":[{"selector":{"controlType":"sap.m.GenericTile","properties":{"header":"ISC Orders Calendar"}},"wdio_ui5_key":"sapm.GenericTile{\"header\":\"ISC Orders Calendar\"}"}]}
RESULT: undefined
COMMAND: POST /session/5b549bc456d4687fa6e2bea3ed9648b7/element - {"using":"xpath","value":"//*[@id=\"__tile107\"]"}
RESULT: {"using":"xpath","value":"//*[@id=\"__tile107\"]"}
COMMAND: POST /session/5b549bc456d4687fa6e2bea3ed9648b7/element/f.7F69E53355262FB42D0F590E576D92AD.d.DC1EF0EAA232461AB5B412CF41769762.e.4261/click - {}
RESULT: {}
COMMAND: GET /session/5b549bc456d4687fa6e2bea3ed9648b7/screenshot - {}
RESULT: {}
COMMAND: POST /session/5b549bc456d4687fa6e2bea3ed9648b7/elements - {"using":"xpath","value":"//span[text()='Error']"}
RESULT: {"using":"xpath","value":"//span[text()='Error']"}
RESULT: undefined
COMMAND: POST /session/5b549bc456d4687fa6e2bea3ed9648b7/element - {"using":"xpath","value":"//*[@id=\"__tile107\"]"}
RESULT: {"using":"xpath","value":"//*[@id=\"__tile107\"]"}
COMMAND: POST /session/5b549bc456d4687fa6e2bea3ed9648b7/element/f.7F69E53355262FB42D0F590E576D92AD.d.DC1EF0EAA232461AB5B412CF41769762.e.4261/click - {}
RESULT: undefined
COMMAND: POST /session/5b549bc456d4687fa6e2bea3ed9648b7/element - {"using":"xpath","value":"//*[@id=\"__tile107\"]"}
RESULT: {"using":"xpath","value":"//*[@id=\"__tile107\"]"}
COMMAND: POST /session/5b549bc456d4687fa6e2bea3ed9648b7/element/f.7F69E53355262FB42D0F590E576D92AD.d.DC1EF0EAA232461AB5B412CF41769762.e.4261/click - {}
RESULT: undefined
COMMAND: POST /session/5b549bc456d4687fa6e2bea3ed9648b7/execute/async - {"script":"<script> [6424 bytes]","args":[{"element-6066-11e4-a52e-4f735466cecf":"f.7F69E53355262FB42D0F590E576D92AD.d.DC1EF0EAA232461AB5B412CF41769762.e.284"},"getTitle",[]]}
COMMAND: POST /session/5b549bc456d4687fa6e2bea3ed9648b7/execute/async - {"script":"<script> [1562 bytes]","args":[{"selector":{"id":"shellAppTitle"},"wdio_ui5_key":"shellAppTitle"}]}
RESULT: {"script":"<script> [1562 bytes]","args":[{"selector":{"id":"shellAppTitle"},"wdio_ui5_key":"shellAppTitle"}]}
COMMAND: POST /session/5b549bc456d4687fa6e2bea3ed9648b7/execute/async - {"script":"<script> [6424 bytes]","args":[{"element-6066-11e4-a52e-4f735466cecf":"f.7F69E53355262FB42D0F590E576D92AD.d.DC1EF0EAA232461AB5B412CF41769762.e.4476"},"getTitle",[]]}
RESULT: {"script":"<script> [6424 bytes]","args":[{"element-6066-11e4-a52e-4f735466cecf":"f.7F69E53355262FB42D0F590E576D92AD.d.DC1EF0EAA232461AB5B412CF41769762.e.4476"},"getTitle",[]]}
RESULT: undefined
COMMAND: POST /session/5b549bc456d4687fa6e2bea3ed9648b7/element/f.7F69E53355262FB42D0F590E576D92AD.d.DC1EF0EAA232461AB5B412CF41769762.e.4167/click - {}
COMMAND: POST /session/5b549bc456d4687fa6e2bea3ed9648b7/element - {"using":"xpath","value":"//*[@id=\"backBtn\"]"}
RESULT: {"using":"xpath","value":"//*[@id=\"backBtn\"]"}
COMMAND: POST /session/5b549bc456d4687fa6e2bea3ed9648b7/element/f.7F69E53355262FB42D0F590E576D92AD.d.DC1EF0EAA232461AB5B412CF41769762.e.4167/click - {}
COMMAND: POST /session/5b549bc456d4687fa6e2bea3ed9648b7/element - {"using":"xpath","value":"//*[@id=\"backBtn\"]"}
RESULT: {"using":"xpath","value":"//*[@id=\"backBtn\"]"}
COMMAND: POST /session/5b549bc456d4687fa6e2bea3ed9648b7/element/f.7F69E53355262FB42D0F590E576D92AD.d.DC1EF0EAA232461AB5B412CF41769762.e.4477/click - {}
RESULT: {}
COMMAND: GET /session/5b549bc456d4687fa6e2bea3ed9648b7/screenshot - {}
RESULT: {}
]]></system-out>
    </testcase>
    <testcase classname="chrome.136_0_7103_93.windows.Sanity_Tests_US104253" name="Should open Configure System page" time="36.188">
      <system-out><![CDATA[
COMMAND: POST /session/5b549bc456d4687fa6e2bea3ed9648b7/execute/async - {"script":"<script> [1562 bytes]","args":[{"selector":{"controlType":"sap.m.GenericTile","properties":{"header":"Configure System"}},"wdio_ui5_key":"sapm.GenericTile{\"header\":\"Configure System\"}"}]}
RESULT: {"script":"<script> [1562 bytes]","args":[{"selector":{"controlType":"sap.m.GenericTile","properties":{"header":"Configure System"}},"wdio_ui5_key":"sapm.GenericTile{\"header\":\"Configure System\"}"}]}
RESULT: undefined
COMMAND: POST /session/5b549bc456d4687fa6e2bea3ed9648b7/element - {"using":"xpath","value":"//*[@id=\"__tile114\"]"}
RESULT: {"using":"xpath","value":"//*[@id=\"__tile114\"]"}
COMMAND: POST /session/5b549bc456d4687fa6e2bea3ed9648b7/element/f.7F69E53355262FB42D0F590E576D92AD.d.DC1EF0EAA232461AB5B412CF41769762.e.4479/click - {}
RESULT: {}
COMMAND: GET /session/5b549bc456d4687fa6e2bea3ed9648b7/screenshot - {}
RESULT: {}
COMMAND: POST /session/5b549bc456d4687fa6e2bea3ed9648b7/elements - {"using":"xpath","value":"//span[text()='Error']"}
RESULT: {"using":"xpath","value":"//span[text()='Error']"}
RESULT: undefined
COMMAND: POST /session/5b549bc456d4687fa6e2bea3ed9648b7/element - {"using":"xpath","value":"//*[@id=\"__tile114\"]"}
RESULT: {"using":"xpath","value":"//*[@id=\"__tile114\"]"}
COMMAND: POST /session/5b549bc456d4687fa6e2bea3ed9648b7/element/f.7F69E53355262FB42D0F590E576D92AD.d.DC1EF0EAA232461AB5B412CF41769762.e.4479/click - {}
RESULT: undefined
COMMAND: POST /session/5b549bc456d4687fa6e2bea3ed9648b7/element - {"using":"xpath","value":"//*[@id=\"__tile114\"]"}
RESULT: {"using":"xpath","value":"//*[@id=\"__tile114\"]"}
COMMAND: POST /session/5b549bc456d4687fa6e2bea3ed9648b7/element/f.7F69E53355262FB42D0F590E576D92AD.d.DC1EF0EAA232461AB5B412CF41769762.e.4479/click - {}
RESULT: undefined
COMMAND: POST /session/5b549bc456d4687fa6e2bea3ed9648b7/execute/async - {"script":"<script> [6424 bytes]","args":[{"element-6066-11e4-a52e-4f735466cecf":"f.7F69E53355262FB42D0F590E576D92AD.d.DC1EF0EAA232461AB5B412CF41769762.e.284"},"getTitle",[]]}
COMMAND: POST /session/5b549bc456d4687fa6e2bea3ed9648b7/execute/async - {"script":"<script> [1562 bytes]","args":[{"selector":{"id":"shellAppTitle"},"wdio_ui5_key":"shellAppTitle"}]}
RESULT: {"script":"<script> [1562 bytes]","args":[{"selector":{"id":"shellAppTitle"},"wdio_ui5_key":"shellAppTitle"}]}
COMMAND: POST /session/5b549bc456d4687fa6e2bea3ed9648b7/execute/async - {"script":"<script> [6424 bytes]","args":[{"element-6066-11e4-a52e-4f735466cecf":"f.7F69E53355262FB42D0F590E576D92AD.d.DC1EF0EAA232461AB5B412CF41769762.e.4512"},"getTitle",[]]}
RESULT: {"script":"<script> [6424 bytes]","args":[{"element-6066-11e4-a52e-4f735466cecf":"f.7F69E53355262FB42D0F590E576D92AD.d.DC1EF0EAA232461AB5B412CF41769762.e.4512"},"getTitle",[]]}
RESULT: undefined
COMMAND: POST /session/5b549bc456d4687fa6e2bea3ed9648b7/element/f.7F69E53355262FB42D0F590E576D92AD.d.DC1EF0EAA232461AB5B412CF41769762.e.4477/click - {}
RESULT: {}
COMMAND: GET /session/5b549bc456d4687fa6e2bea3ed9648b7/screenshot - {}
RESULT: {}
]]></system-out>
    </testcase>
    <testcase classname="chrome.136_0_7103_93.windows.Sanity_Tests_US104253" name="Should open Manage Classifications page" time="38.881">
      <system-out><![CDATA[
COMMAND: POST /session/5b549bc456d4687fa6e2bea3ed9648b7/execute/async - {"script":"<script> [1562 bytes]","args":[{"selector":{"controlType":"sap.m.GenericTile","properties":{"header":"Manage Classifications"}},"wdio_ui5_key":"sapm.GenericTile{\"header\":\"Manage Classifications\"}"}]}
RESULT: {"script":"<script> [1562 bytes]","args":[{"selector":{"controlType":"sap.m.GenericTile","properties":{"header":"Manage Classifications"}},"wdio_ui5_key":"sapm.GenericTile{\"header\":\"Manage Classifications\"}"}]}
RESULT: undefined
COMMAND: POST /session/5b549bc456d4687fa6e2bea3ed9648b7/element - {"using":"xpath","value":"//*[@id=\"__tile115\"]"}
RESULT: {"using":"xpath","value":"//*[@id=\"__tile115\"]"}
COMMAND: POST /session/5b549bc456d4687fa6e2bea3ed9648b7/element/f.7F69E53355262FB42D0F590E576D92AD.d.DC1EF0EAA232461AB5B412CF41769762.e.4516/click - {}
RESULT: {}
COMMAND: GET /session/5b549bc456d4687fa6e2bea3ed9648b7/screenshot - {}
RESULT: {}
COMMAND: POST /session/5b549bc456d4687fa6e2bea3ed9648b7/elements - {"using":"xpath","value":"//span[text()='Error']"}
RESULT: {"using":"xpath","value":"//span[text()='Error']"}
RESULT: undefined
COMMAND: POST /session/5b549bc456d4687fa6e2bea3ed9648b7/element - {"using":"xpath","value":"//*[@id=\"__tile115\"]"}
RESULT: {"using":"xpath","value":"//*[@id=\"__tile115\"]"}
COMMAND: POST /session/5b549bc456d4687fa6e2bea3ed9648b7/element/f.7F69E53355262FB42D0F590E576D92AD.d.DC1EF0EAA232461AB5B412CF41769762.e.4516/click - {}
RESULT: undefined
COMMAND: POST /session/5b549bc456d4687fa6e2bea3ed9648b7/element - {"using":"xpath","value":"//*[@id=\"__tile115\"]"}
RESULT: {"using":"xpath","value":"//*[@id=\"__tile115\"]"}
COMMAND: POST /session/5b549bc456d4687fa6e2bea3ed9648b7/element/f.7F69E53355262FB42D0F590E576D92AD.d.DC1EF0EAA232461AB5B412CF41769762.e.4516/click - {}
RESULT: undefined
COMMAND: POST /session/5b549bc456d4687fa6e2bea3ed9648b7/execute/async - {"script":"<script> [6424 bytes]","args":[{"element-6066-11e4-a52e-4f735466cecf":"f.7F69E53355262FB42D0F590E576D92AD.d.DC1EF0EAA232461AB5B412CF41769762.e.284"},"getTitle",[]]}
COMMAND: POST /session/5b549bc456d4687fa6e2bea3ed9648b7/execute/async - {"script":"<script> [1562 bytes]","args":[{"selector":{"id":"shellAppTitle"},"wdio_ui5_key":"shellAppTitle"}]}
RESULT: {"script":"<script> [1562 bytes]","args":[{"selector":{"id":"shellAppTitle"},"wdio_ui5_key":"shellAppTitle"}]}
COMMAND: POST /session/5b549bc456d4687fa6e2bea3ed9648b7/execute/async - {"script":"<script> [6424 bytes]","args":[{"element-6066-11e4-a52e-4f735466cecf":"f.7F69E53355262FB42D0F590E576D92AD.d.DC1EF0EAA232461AB5B412CF41769762.e.4621"},"getTitle",[]]}
RESULT: {"script":"<script> [6424 bytes]","args":[{"element-6066-11e4-a52e-4f735466cecf":"f.7F69E53355262FB42D0F590E576D92AD.d.DC1EF0EAA232461AB5B412CF41769762.e.4621"},"getTitle",[]]}
RESULT: undefined
COMMAND: POST /session/5b549bc456d4687fa6e2bea3ed9648b7/element/f.7F69E53355262FB42D0F590E576D92AD.d.DC1EF0EAA232461AB5B412CF41769762.e.4477/click - {}
COMMAND: POST /session/5b549bc456d4687fa6e2bea3ed9648b7/element - {"using":"xpath","value":"//*[@id=\"backBtn\"]"}
RESULT: {"using":"xpath","value":"//*[@id=\"backBtn\"]"}
COMMAND: POST /session/5b549bc456d4687fa6e2bea3ed9648b7/element/f.7F69E53355262FB42D0F590E576D92AD.d.DC1EF0EAA232461AB5B412CF41769762.e.4477/click - {}
COMMAND: POST /session/5b549bc456d4687fa6e2bea3ed9648b7/element - {"using":"xpath","value":"//*[@id=\"backBtn\"]"}
RESULT: {"using":"xpath","value":"//*[@id=\"backBtn\"]"}
COMMAND: POST /session/5b549bc456d4687fa6e2bea3ed9648b7/element/f.7F69E53355262FB42D0F590E576D92AD.d.DC1EF0EAA232461AB5B412CF41769762.e.4622/click - {}
RESULT: {}
COMMAND: GET /session/5b549bc456d4687fa6e2bea3ed9648b7/screenshot - {}
RESULT: {}
]]></system-out>
    </testcase>
    <testcase classname="chrome.136_0_7103_93.windows.Sanity_Tests_US104253" name="Should open Data Explorer page" time="36.609">
      <system-out><![CDATA[
COMMAND: POST /session/5b549bc456d4687fa6e2bea3ed9648b7/execute/async - {"script":"<script> [1562 bytes]","args":[{"selector":{"controlType":"sap.m.GenericTile","properties":{"header":"Data Explorer"}},"wdio_ui5_key":"sapm.GenericTile{\"header\":\"Data Explorer\"}"}]}
RESULT: {"script":"<script> [1562 bytes]","args":[{"selector":{"controlType":"sap.m.GenericTile","properties":{"header":"Data Explorer"}},"wdio_ui5_key":"sapm.GenericTile{\"header\":\"Data Explorer\"}"}]}
RESULT: undefined
COMMAND: POST /session/5b549bc456d4687fa6e2bea3ed9648b7/element - {"using":"xpath","value":"//*[@id=\"__tile117\"]"}
RESULT: {"using":"xpath","value":"//*[@id=\"__tile117\"]"}
COMMAND: POST /session/5b549bc456d4687fa6e2bea3ed9648b7/element/f.7F69E53355262FB42D0F590E576D92AD.d.DC1EF0EAA232461AB5B412CF41769762.e.4624/click - {}
RESULT: {}
COMMAND: GET /session/5b549bc456d4687fa6e2bea3ed9648b7/screenshot - {}
RESULT: {}
COMMAND: POST /session/5b549bc456d4687fa6e2bea3ed9648b7/elements - {"using":"xpath","value":"//span[text()='Error']"}
RESULT: {"using":"xpath","value":"//span[text()='Error']"}
RESULT: undefined
COMMAND: POST /session/5b549bc456d4687fa6e2bea3ed9648b7/element - {"using":"xpath","value":"//*[@id=\"__tile117\"]"}
RESULT: {"using":"xpath","value":"//*[@id=\"__tile117\"]"}
COMMAND: POST /session/5b549bc456d4687fa6e2bea3ed9648b7/element/f.7F69E53355262FB42D0F590E576D92AD.d.DC1EF0EAA232461AB5B412CF41769762.e.4624/click - {}
RESULT: undefined
COMMAND: POST /session/5b549bc456d4687fa6e2bea3ed9648b7/element - {"using":"xpath","value":"//*[@id=\"__tile117\"]"}
RESULT: {"using":"xpath","value":"//*[@id=\"__tile117\"]"}
COMMAND: POST /session/5b549bc456d4687fa6e2bea3ed9648b7/element/f.7F69E53355262FB42D0F590E576D92AD.d.DC1EF0EAA232461AB5B412CF41769762.e.4624/click - {}
RESULT: undefined
COMMAND: POST /session/5b549bc456d4687fa6e2bea3ed9648b7/execute/async - {"script":"<script> [6424 bytes]","args":[{"element-6066-11e4-a52e-4f735466cecf":"f.7F69E53355262FB42D0F590E576D92AD.d.DC1EF0EAA232461AB5B412CF41769762.e.284"},"getTitle",[]]}
COMMAND: POST /session/5b549bc456d4687fa6e2bea3ed9648b7/execute/async - {"script":"<script> [1562 bytes]","args":[{"selector":{"id":"shellAppTitle"},"wdio_ui5_key":"shellAppTitle"}]}
RESULT: {"script":"<script> [1562 bytes]","args":[{"selector":{"id":"shellAppTitle"},"wdio_ui5_key":"shellAppTitle"}]}
COMMAND: POST /session/5b549bc456d4687fa6e2bea3ed9648b7/execute/async - {"script":"<script> [6424 bytes]","args":[{"element-6066-11e4-a52e-4f735466cecf":"f.7F69E53355262FB42D0F590E576D92AD.d.DC1EF0EAA232461AB5B412CF41769762.e.4803"},"getTitle",[]]}
RESULT: {"script":"<script> [6424 bytes]","args":[{"element-6066-11e4-a52e-4f735466cecf":"f.7F69E53355262FB42D0F590E576D92AD.d.DC1EF0EAA232461AB5B412CF41769762.e.4803"},"getTitle",[]]}
RESULT: undefined
COMMAND: POST /session/5b549bc456d4687fa6e2bea3ed9648b7/element/f.7F69E53355262FB42D0F590E576D92AD.d.DC1EF0EAA232461AB5B412CF41769762.e.4622/click - {}
RESULT: {}
COMMAND: GET /session/5b549bc456d4687fa6e2bea3ed9648b7/screenshot - {}
RESULT: {}
]]></system-out>
    </testcase>
    <testcase classname="chrome.136_0_7103_93.windows.Sanity_Tests_US104253" name="Should open Performance Monitor page" time="36.71">
      <system-out><![CDATA[
COMMAND: POST /session/5b549bc456d4687fa6e2bea3ed9648b7/execute/async - {"script":"<script> [1562 bytes]","args":[{"selector":{"controlType":"sap.m.GenericTile","properties":{"header":"Performance Monitor"}},"wdio_ui5_key":"sapm.GenericTile{\"header\":\"Performance Monitor\"}"}]}
RESULT: {"script":"<script> [1562 bytes]","args":[{"selector":{"controlType":"sap.m.GenericTile","properties":{"header":"Performance Monitor"}},"wdio_ui5_key":"sapm.GenericTile{\"header\":\"Performance Monitor\"}"}]}
RESULT: undefined
COMMAND: POST /session/5b549bc456d4687fa6e2bea3ed9648b7/element - {"using":"xpath","value":"//*[@id=\"__tile116\"]"}
RESULT: {"using":"xpath","value":"//*[@id=\"__tile116\"]"}
COMMAND: POST /session/5b549bc456d4687fa6e2bea3ed9648b7/element/f.7F69E53355262FB42D0F590E576D92AD.d.DC1EF0EAA232461AB5B412CF41769762.e.4805/click - {}
RESULT: {}
COMMAND: GET /session/5b549bc456d4687fa6e2bea3ed9648b7/screenshot - {}
RESULT: {}
COMMAND: POST /session/5b549bc456d4687fa6e2bea3ed9648b7/elements - {"using":"xpath","value":"//span[text()='Error']"}
RESULT: {"using":"xpath","value":"//span[text()='Error']"}
RESULT: undefined
COMMAND: POST /session/5b549bc456d4687fa6e2bea3ed9648b7/element - {"using":"xpath","value":"//*[@id=\"__tile116\"]"}
RESULT: {"using":"xpath","value":"//*[@id=\"__tile116\"]"}
COMMAND: POST /session/5b549bc456d4687fa6e2bea3ed9648b7/element/f.7F69E53355262FB42D0F590E576D92AD.d.DC1EF0EAA232461AB5B412CF41769762.e.4805/click - {}
RESULT: undefined
COMMAND: POST /session/5b549bc456d4687fa6e2bea3ed9648b7/element - {"using":"xpath","value":"//*[@id=\"__tile116\"]"}
RESULT: {"using":"xpath","value":"//*[@id=\"__tile116\"]"}
COMMAND: POST /session/5b549bc456d4687fa6e2bea3ed9648b7/element/f.7F69E53355262FB42D0F590E576D92AD.d.DC1EF0EAA232461AB5B412CF41769762.e.4805/click - {}
RESULT: undefined
COMMAND: POST /session/5b549bc456d4687fa6e2bea3ed9648b7/execute/async - {"script":"<script> [6424 bytes]","args":[{"element-6066-11e4-a52e-4f735466cecf":"f.7F69E53355262FB42D0F590E576D92AD.d.DC1EF0EAA232461AB5B412CF41769762.e.284"},"getTitle",[]]}
COMMAND: POST /session/5b549bc456d4687fa6e2bea3ed9648b7/execute/async - {"script":"<script> [1562 bytes]","args":[{"selector":{"id":"shellAppTitle"},"wdio_ui5_key":"shellAppTitle"}]}
RESULT: {"script":"<script> [1562 bytes]","args":[{"selector":{"id":"shellAppTitle"},"wdio_ui5_key":"shellAppTitle"}]}
COMMAND: POST /session/5b549bc456d4687fa6e2bea3ed9648b7/execute/async - {"script":"<script> [6424 bytes]","args":[{"element-6066-11e4-a52e-4f735466cecf":"f.7F69E53355262FB42D0F590E576D92AD.d.DC1EF0EAA232461AB5B412CF41769762.e.4846"},"getTitle",[]]}
RESULT: {"script":"<script> [6424 bytes]","args":[{"element-6066-11e4-a52e-4f735466cecf":"f.7F69E53355262FB42D0F590E576D92AD.d.DC1EF0EAA232461AB5B412CF41769762.e.4846"},"getTitle",[]]}
RESULT: undefined
COMMAND: POST /session/5b549bc456d4687fa6e2bea3ed9648b7/element/f.7F69E53355262FB42D0F590E576D92AD.d.DC1EF0EAA232461AB5B412CF41769762.e.4622/click - {}
COMMAND: POST /session/5b549bc456d4687fa6e2bea3ed9648b7/element - {"using":"xpath","value":"//*[@id=\"backBtn\"]"}
RESULT: {"using":"xpath","value":"//*[@id=\"backBtn\"]"}
COMMAND: POST /session/5b549bc456d4687fa6e2bea3ed9648b7/element/f.7F69E53355262FB42D0F590E576D92AD.d.DC1EF0EAA232461AB5B412CF41769762.e.4622/click - {}
COMMAND: POST /session/5b549bc456d4687fa6e2bea3ed9648b7/element - {"using":"xpath","value":"//*[@id=\"backBtn\"]"}
RESULT: {"using":"xpath","value":"//*[@id=\"backBtn\"]"}
COMMAND: POST /session/5b549bc456d4687fa6e2bea3ed9648b7/element/f.7F69E53355262FB42D0F590E576D92AD.d.DC1EF0EAA232461AB5B412CF41769762.e.4847/click - {}
RESULT: {}
COMMAND: GET /session/5b549bc456d4687fa6e2bea3ed9648b7/screenshot - {}
RESULT: {}
]]></system-out>
    </testcase>
    <testcase classname="chrome.136_0_7103_93.windows.Sanity_Tests_US104253" name="Should open Organizational Model page" time="36.073">
      <system-out><![CDATA[
COMMAND: POST /session/5b549bc456d4687fa6e2bea3ed9648b7/execute/async - {"script":"<script> [1562 bytes]","args":[{"selector":{"controlType":"sap.m.GenericTile","properties":{"header":"Organizational Model"}},"wdio_ui5_key":"sapm.GenericTile{\"header\":\"Organizational Model\"}"}]}
RESULT: {"script":"<script> [1562 bytes]","args":[{"selector":{"controlType":"sap.m.GenericTile","properties":{"header":"Organizational Model"}},"wdio_ui5_key":"sapm.GenericTile{\"header\":\"Organizational Model\"}"}]}
RESULT: undefined
COMMAND: POST /session/5b549bc456d4687fa6e2bea3ed9648b7/element - {"using":"xpath","value":"//*[@id=\"__tile120\"]"}
RESULT: {"using":"xpath","value":"//*[@id=\"__tile120\"]"}
COMMAND: POST /session/5b549bc456d4687fa6e2bea3ed9648b7/element/f.7F69E53355262FB42D0F590E576D92AD.d.DC1EF0EAA232461AB5B412CF41769762.e.4850/click - {}
RESULT: {}
COMMAND: GET /session/5b549bc456d4687fa6e2bea3ed9648b7/screenshot - {}
RESULT: {}
COMMAND: POST /session/5b549bc456d4687fa6e2bea3ed9648b7/elements - {"using":"xpath","value":"//span[text()='Error']"}
RESULT: {"using":"xpath","value":"//span[text()='Error']"}
RESULT: undefined
COMMAND: POST /session/5b549bc456d4687fa6e2bea3ed9648b7/element - {"using":"xpath","value":"//*[@id=\"__tile120\"]"}
RESULT: {"using":"xpath","value":"//*[@id=\"__tile120\"]"}
COMMAND: POST /session/5b549bc456d4687fa6e2bea3ed9648b7/element/f.7F69E53355262FB42D0F590E576D92AD.d.DC1EF0EAA232461AB5B412CF41769762.e.4850/click - {}
RESULT: undefined
COMMAND: POST /session/5b549bc456d4687fa6e2bea3ed9648b7/element - {"using":"xpath","value":"//*[@id=\"__tile120\"]"}
RESULT: {"using":"xpath","value":"//*[@id=\"__tile120\"]"}
COMMAND: POST /session/5b549bc456d4687fa6e2bea3ed9648b7/element/f.7F69E53355262FB42D0F590E576D92AD.d.DC1EF0EAA232461AB5B412CF41769762.e.4850/click - {}
RESULT: undefined
COMMAND: POST /session/5b549bc456d4687fa6e2bea3ed9648b7/execute/async - {"script":"<script> [6424 bytes]","args":[{"element-6066-11e4-a52e-4f735466cecf":"f.7F69E53355262FB42D0F590E576D92AD.d.DC1EF0EAA232461AB5B412CF41769762.e.284"},"getTitle",[]]}
COMMAND: POST /session/5b549bc456d4687fa6e2bea3ed9648b7/execute/async - {"script":"<script> [1562 bytes]","args":[{"selector":{"id":"shellAppTitle"},"wdio_ui5_key":"shellAppTitle"}]}
RESULT: {"script":"<script> [1562 bytes]","args":[{"selector":{"id":"shellAppTitle"},"wdio_ui5_key":"shellAppTitle"}]}
COMMAND: POST /session/5b549bc456d4687fa6e2bea3ed9648b7/execute/async - {"script":"<script> [6424 bytes]","args":[{"element-6066-11e4-a52e-4f735466cecf":"f.7F69E53355262FB42D0F590E576D92AD.d.DC1EF0EAA232461AB5B412CF41769762.e.4867"},"getTitle",[]]}
RESULT: {"script":"<script> [6424 bytes]","args":[{"element-6066-11e4-a52e-4f735466cecf":"f.7F69E53355262FB42D0F590E576D92AD.d.DC1EF0EAA232461AB5B412CF41769762.e.4867"},"getTitle",[]]}
RESULT: undefined
COMMAND: POST /session/5b549bc456d4687fa6e2bea3ed9648b7/element/f.7F69E53355262FB42D0F590E576D92AD.d.DC1EF0EAA232461AB5B412CF41769762.e.4847/click - {}
RESULT: {}
COMMAND: GET /session/5b549bc456d4687fa6e2bea3ed9648b7/screenshot - {}
RESULT: {}
]]></system-out>
    </testcase>
    <testcase classname="chrome.136_0_7103_93.windows.Sanity_Tests_US104253" name="Should open Manage Roles page" time="36.074">
      <system-out><![CDATA[
COMMAND: POST /session/5b549bc456d4687fa6e2bea3ed9648b7/execute/async - {"script":"<script> [1562 bytes]","args":[{"selector":{"controlType":"sap.m.GenericTile","properties":{"header":"Manage Roles"}},"wdio_ui5_key":"sapm.GenericTile{\"header\":\"Manage Roles\"}"}]}
RESULT: {"script":"<script> [1562 bytes]","args":[{"selector":{"controlType":"sap.m.GenericTile","properties":{"header":"Manage Roles"}},"wdio_ui5_key":"sapm.GenericTile{\"header\":\"Manage Roles\"}"}]}
RESULT: undefined
COMMAND: POST /session/5b549bc456d4687fa6e2bea3ed9648b7/element - {"using":"xpath","value":"//*[@id=\"__tile119\"]"}
RESULT: {"using":"xpath","value":"//*[@id=\"__tile119\"]"}
COMMAND: POST /session/5b549bc456d4687fa6e2bea3ed9648b7/element/f.7F69E53355262FB42D0F590E576D92AD.d.DC1EF0EAA232461AB5B412CF41769762.e.4871/click - {}
RESULT: {}
COMMAND: GET /session/5b549bc456d4687fa6e2bea3ed9648b7/screenshot - {}
RESULT: {}
COMMAND: POST /session/5b549bc456d4687fa6e2bea3ed9648b7/elements - {"using":"xpath","value":"//span[text()='Error']"}
RESULT: {"using":"xpath","value":"//span[text()='Error']"}
RESULT: undefined
COMMAND: POST /session/5b549bc456d4687fa6e2bea3ed9648b7/element - {"using":"xpath","value":"//*[@id=\"__tile119\"]"}
RESULT: {"using":"xpath","value":"//*[@id=\"__tile119\"]"}
COMMAND: POST /session/5b549bc456d4687fa6e2bea3ed9648b7/element/f.7F69E53355262FB42D0F590E576D92AD.d.DC1EF0EAA232461AB5B412CF41769762.e.4871/click - {}
RESULT: undefined
COMMAND: POST /session/5b549bc456d4687fa6e2bea3ed9648b7/element - {"using":"xpath","value":"//*[@id=\"__tile119\"]"}
RESULT: {"using":"xpath","value":"//*[@id=\"__tile119\"]"}
COMMAND: POST /session/5b549bc456d4687fa6e2bea3ed9648b7/element/f.7F69E53355262FB42D0F590E576D92AD.d.DC1EF0EAA232461AB5B412CF41769762.e.4871/click - {}
RESULT: undefined
COMMAND: POST /session/5b549bc456d4687fa6e2bea3ed9648b7/execute/async - {"script":"<script> [6424 bytes]","args":[{"element-6066-11e4-a52e-4f735466cecf":"f.7F69E53355262FB42D0F590E576D92AD.d.DC1EF0EAA232461AB5B412CF41769762.e.284"},"getTitle",[]]}
COMMAND: POST /session/5b549bc456d4687fa6e2bea3ed9648b7/execute/async - {"script":"<script> [1562 bytes]","args":[{"selector":{"id":"shellAppTitle"},"wdio_ui5_key":"shellAppTitle"}]}
RESULT: {"script":"<script> [1562 bytes]","args":[{"selector":{"id":"shellAppTitle"},"wdio_ui5_key":"shellAppTitle"}]}
COMMAND: POST /session/5b549bc456d4687fa6e2bea3ed9648b7/execute/async - {"script":"<script> [6424 bytes]","args":[{"element-6066-11e4-a52e-4f735466cecf":"f.7F69E53355262FB42D0F590E576D92AD.d.DC1EF0EAA232461AB5B412CF41769762.e.4915"},"getTitle",[]]}
RESULT: {"script":"<script> [6424 bytes]","args":[{"element-6066-11e4-a52e-4f735466cecf":"f.7F69E53355262FB42D0F590E576D92AD.d.DC1EF0EAA232461AB5B412CF41769762.e.4915"},"getTitle",[]]}
RESULT: undefined
COMMAND: POST /session/5b549bc456d4687fa6e2bea3ed9648b7/element/f.7F69E53355262FB42D0F590E576D92AD.d.DC1EF0EAA232461AB5B412CF41769762.e.4847/click - {}
COMMAND: POST /session/5b549bc456d4687fa6e2bea3ed9648b7/element - {"using":"xpath","value":"//*[@id=\"backBtn\"]"}
RESULT: {"using":"xpath","value":"//*[@id=\"backBtn\"]"}
COMMAND: POST /session/5b549bc456d4687fa6e2bea3ed9648b7/element/f.7F69E53355262FB42D0F590E576D92AD.d.DC1EF0EAA232461AB5B412CF41769762.e.4847/click - {}
COMMAND: POST /session/5b549bc456d4687fa6e2bea3ed9648b7/element - {"using":"xpath","value":"//*[@id=\"backBtn\"]"}
RESULT: {"using":"xpath","value":"//*[@id=\"backBtn\"]"}
COMMAND: POST /session/5b549bc456d4687fa6e2bea3ed9648b7/element/f.7F69E53355262FB42D0F590E576D92AD.d.DC1EF0EAA232461AB5B412CF41769762.e.4916/click - {}
RESULT: {}
COMMAND: GET /session/5b549bc456d4687fa6e2bea3ed9648b7/screenshot - {}
RESULT: {}
]]></system-out>
    </testcase>
    <testcase classname="chrome.136_0_7103_93.windows.Sanity_Tests_US104253" name="Should open Authorization Tables page" time="36.793">
      <system-out><![CDATA[
COMMAND: POST /session/5b549bc456d4687fa6e2bea3ed9648b7/execute/async - {"script":"<script> [1562 bytes]","args":[{"selector":{"controlType":"sap.m.GenericTile","properties":{"header":"Authorization Tables"}},"wdio_ui5_key":"sapm.GenericTile{\"header\":\"Authorization Tables\"}"}]}
RESULT: {"script":"<script> [1562 bytes]","args":[{"selector":{"controlType":"sap.m.GenericTile","properties":{"header":"Authorization Tables"}},"wdio_ui5_key":"sapm.GenericTile{\"header\":\"Authorization Tables\"}"}]}
RESULT: undefined
COMMAND: POST /session/5b549bc456d4687fa6e2bea3ed9648b7/element - {"using":"xpath","value":"//*[@id=\"__tile118\"]"}
RESULT: {"using":"xpath","value":"//*[@id=\"__tile118\"]"}
COMMAND: POST /session/5b549bc456d4687fa6e2bea3ed9648b7/element/f.7F69E53355262FB42D0F590E576D92AD.d.DC1EF0EAA232461AB5B412CF41769762.e.4918/click - {}
RESULT: {}
COMMAND: GET /session/5b549bc456d4687fa6e2bea3ed9648b7/screenshot - {}
RESULT: {}
COMMAND: POST /session/5b549bc456d4687fa6e2bea3ed9648b7/elements - {"using":"xpath","value":"//span[text()='Error']"}
RESULT: {"using":"xpath","value":"//span[text()='Error']"}
RESULT: undefined
COMMAND: POST /session/5b549bc456d4687fa6e2bea3ed9648b7/element - {"using":"xpath","value":"//*[@id=\"__tile118\"]"}
RESULT: {"using":"xpath","value":"//*[@id=\"__tile118\"]"}
COMMAND: POST /session/5b549bc456d4687fa6e2bea3ed9648b7/element/f.7F69E53355262FB42D0F590E576D92AD.d.DC1EF0EAA232461AB5B412CF41769762.e.4918/click - {}
RESULT: undefined
COMMAND: POST /session/5b549bc456d4687fa6e2bea3ed9648b7/element - {"using":"xpath","value":"//*[@id=\"__tile118\"]"}
RESULT: {"using":"xpath","value":"//*[@id=\"__tile118\"]"}
COMMAND: POST /session/5b549bc456d4687fa6e2bea3ed9648b7/element/f.7F69E53355262FB42D0F590E576D92AD.d.DC1EF0EAA232461AB5B412CF41769762.e.4918/click - {}
RESULT: undefined
COMMAND: POST /session/5b549bc456d4687fa6e2bea3ed9648b7/execute/async - {"script":"<script> [6424 bytes]","args":[{"element-6066-11e4-a52e-4f735466cecf":"f.7F69E53355262FB42D0F590E576D92AD.d.DC1EF0EAA232461AB5B412CF41769762.e.284"},"getTitle",[]]}
COMMAND: POST /session/5b549bc456d4687fa6e2bea3ed9648b7/execute/async - {"script":"<script> [1562 bytes]","args":[{"selector":{"id":"shellAppTitle"},"wdio_ui5_key":"shellAppTitle"}]}
RESULT: {"script":"<script> [1562 bytes]","args":[{"selector":{"id":"shellAppTitle"},"wdio_ui5_key":"shellAppTitle"}]}
COMMAND: POST /session/5b549bc456d4687fa6e2bea3ed9648b7/execute/async - {"script":"<script> [6424 bytes]","args":[{"element-6066-11e4-a52e-4f735466cecf":"f.7F69E53355262FB42D0F590E576D92AD.d.DC1EF0EAA232461AB5B412CF41769762.e.5003"},"getTitle",[]]}
RESULT: {"script":"<script> [6424 bytes]","args":[{"element-6066-11e4-a52e-4f735466cecf":"f.7F69E53355262FB42D0F590E576D92AD.d.DC1EF0EAA232461AB5B412CF41769762.e.5003"},"getTitle",[]]}
RESULT: undefined
COMMAND: POST /session/5b549bc456d4687fa6e2bea3ed9648b7/element/f.7F69E53355262FB42D0F590E576D92AD.d.DC1EF0EAA232461AB5B412CF41769762.e.4916/click - {}
RESULT: {}
COMMAND: GET /session/5b549bc456d4687fa6e2bea3ed9648b7/screenshot - {}
RESULT: {}
]]></system-out>
    </testcase>
    <testcase classname="chrome.136_0_7103_93.windows.Sanity_Tests_US104253" name="Should open User Maintenance page" time="37.244">
      <system-out><![CDATA[
COMMAND: POST /session/5b549bc456d4687fa6e2bea3ed9648b7/execute/async - {"script":"<script> [1562 bytes]","args":[{"selector":{"controlType":"sap.m.GenericTile","properties":{"header":"User Maintenance"}},"wdio_ui5_key":"sapm.GenericTile{\"header\":\"User Maintenance\"}"}]}
RESULT: {"script":"<script> [1562 bytes]","args":[{"selector":{"controlType":"sap.m.GenericTile","properties":{"header":"User Maintenance"}},"wdio_ui5_key":"sapm.GenericTile{\"header\":\"User Maintenance\"}"}]}
RESULT: undefined
COMMAND: POST /session/5b549bc456d4687fa6e2bea3ed9648b7/element - {"using":"xpath","value":"//*[@id=\"__tile121\"]"}
RESULT: {"using":"xpath","value":"//*[@id=\"__tile121\"]"}
COMMAND: POST /session/5b549bc456d4687fa6e2bea3ed9648b7/element/f.7F69E53355262FB42D0F590E576D92AD.d.DC1EF0EAA232461AB5B412CF41769762.e.5005/click - {}
RESULT: {}
COMMAND: GET /session/5b549bc456d4687fa6e2bea3ed9648b7/screenshot - {}
RESULT: {}
COMMAND: POST /session/5b549bc456d4687fa6e2bea3ed9648b7/elements - {"using":"xpath","value":"//span[text()='Error']"}
RESULT: {"using":"xpath","value":"//span[text()='Error']"}
RESULT: undefined
COMMAND: POST /session/5b549bc456d4687fa6e2bea3ed9648b7/element - {"using":"xpath","value":"//*[@id=\"__tile121\"]"}
RESULT: {"using":"xpath","value":"//*[@id=\"__tile121\"]"}
COMMAND: POST /session/5b549bc456d4687fa6e2bea3ed9648b7/element/f.7F69E53355262FB42D0F590E576D92AD.d.DC1EF0EAA232461AB5B412CF41769762.e.5005/click - {}
RESULT: undefined
COMMAND: POST /session/5b549bc456d4687fa6e2bea3ed9648b7/element - {"using":"xpath","value":"//*[@id=\"__tile121\"]"}
RESULT: {"using":"xpath","value":"//*[@id=\"__tile121\"]"}
COMMAND: POST /session/5b549bc456d4687fa6e2bea3ed9648b7/element/f.7F69E53355262FB42D0F590E576D92AD.d.DC1EF0EAA232461AB5B412CF41769762.e.5005/click - {}
RESULT: undefined
COMMAND: POST /session/5b549bc456d4687fa6e2bea3ed9648b7/execute/async - {"script":"<script> [6424 bytes]","args":[{"element-6066-11e4-a52e-4f735466cecf":"f.7F69E53355262FB42D0F590E576D92AD.d.DC1EF0EAA232461AB5B412CF41769762.e.284"},"getTitle",[]]}
COMMAND: POST /session/5b549bc456d4687fa6e2bea3ed9648b7/execute/async - {"script":"<script> [1562 bytes]","args":[{"selector":{"id":"shellAppTitle"},"wdio_ui5_key":"shellAppTitle"}]}
RESULT: {"script":"<script> [1562 bytes]","args":[{"selector":{"id":"shellAppTitle"},"wdio_ui5_key":"shellAppTitle"}]}
COMMAND: POST /session/5b549bc456d4687fa6e2bea3ed9648b7/execute/async - {"script":"<script> [6424 bytes]","args":[{"element-6066-11e4-a52e-4f735466cecf":"f.7F69E53355262FB42D0F590E576D92AD.d.DC1EF0EAA232461AB5B412CF41769762.e.5094"},"getTitle",[]]}
RESULT: {"script":"<script> [6424 bytes]","args":[{"element-6066-11e4-a52e-4f735466cecf":"f.7F69E53355262FB42D0F590E576D92AD.d.DC1EF0EAA232461AB5B412CF41769762.e.5094"},"getTitle",[]]}
RESULT: undefined
COMMAND: POST /session/5b549bc456d4687fa6e2bea3ed9648b7/element/f.7F69E53355262FB42D0F590E576D92AD.d.DC1EF0EAA232461AB5B412CF41769762.e.4916/click - {}
COMMAND: POST /session/5b549bc456d4687fa6e2bea3ed9648b7/element - {"using":"xpath","value":"//*[@id=\"backBtn\"]"}
RESULT: {"using":"xpath","value":"//*[@id=\"backBtn\"]"}
COMMAND: POST /session/5b549bc456d4687fa6e2bea3ed9648b7/element/f.7F69E53355262FB42D0F590E576D92AD.d.DC1EF0EAA232461AB5B412CF41769762.e.4916/click - {}
COMMAND: POST /session/5b549bc456d4687fa6e2bea3ed9648b7/element - {"using":"xpath","value":"//*[@id=\"backBtn\"]"}
RESULT: {"using":"xpath","value":"//*[@id=\"backBtn\"]"}
COMMAND: POST /session/5b549bc456d4687fa6e2bea3ed9648b7/element/f.7F69E53355262FB42D0F590E576D92AD.d.DC1EF0EAA232461AB5B412CF41769762.e.5095/click - {}
RESULT: {}
COMMAND: GET /session/5b549bc456d4687fa6e2bea3ed9648b7/screenshot - {}
RESULT: {}
]]></system-out>
    </testcase>
    <testcase classname="chrome.136_0_7103_93.windows.Sanity_Tests_US104253" name="Should open Schedule Jobs page" time="36.783">
      <system-out><![CDATA[
COMMAND: POST /session/5b549bc456d4687fa6e2bea3ed9648b7/execute/async - {"script":"<script> [1562 bytes]","args":[{"selector":{"controlType":"sap.m.GenericTile","properties":{"header":"Schedule Jobs"}},"wdio_ui5_key":"sapm.GenericTile{\"header\":\"Schedule Jobs\"}"}]}
RESULT: {"script":"<script> [1562 bytes]","args":[{"selector":{"controlType":"sap.m.GenericTile","properties":{"header":"Schedule Jobs"}},"wdio_ui5_key":"sapm.GenericTile{\"header\":\"Schedule Jobs\"}"}]}
RESULT: undefined
COMMAND: POST /session/5b549bc456d4687fa6e2bea3ed9648b7/element - {"using":"xpath","value":"//*[@id=\"__tile127\"]"}
RESULT: {"using":"xpath","value":"//*[@id=\"__tile127\"]"}
COMMAND: POST /session/5b549bc456d4687fa6e2bea3ed9648b7/element/f.7F69E53355262FB42D0F590E576D92AD.d.DC1EF0EAA232461AB5B412CF41769762.e.5098/click - {}
RESULT: {}
COMMAND: GET /session/5b549bc456d4687fa6e2bea3ed9648b7/screenshot - {}
RESULT: {}
COMMAND: POST /session/5b549bc456d4687fa6e2bea3ed9648b7/elements - {"using":"xpath","value":"//span[text()='Error']"}
RESULT: {"using":"xpath","value":"//span[text()='Error']"}
RESULT: undefined
COMMAND: POST /session/5b549bc456d4687fa6e2bea3ed9648b7/element - {"using":"xpath","value":"//*[@id=\"__tile127\"]"}
RESULT: {"using":"xpath","value":"//*[@id=\"__tile127\"]"}
COMMAND: POST /session/5b549bc456d4687fa6e2bea3ed9648b7/element/f.7F69E53355262FB42D0F590E576D92AD.d.DC1EF0EAA232461AB5B412CF41769762.e.5098/click - {}
RESULT: undefined
COMMAND: POST /session/5b549bc456d4687fa6e2bea3ed9648b7/element - {"using":"xpath","value":"//*[@id=\"__tile127\"]"}
RESULT: {"using":"xpath","value":"//*[@id=\"__tile127\"]"}
COMMAND: POST /session/5b549bc456d4687fa6e2bea3ed9648b7/element/f.7F69E53355262FB42D0F590E576D92AD.d.DC1EF0EAA232461AB5B412CF41769762.e.5098/click - {}
RESULT: undefined
COMMAND: POST /session/5b549bc456d4687fa6e2bea3ed9648b7/execute/async - {"script":"<script> [6424 bytes]","args":[{"element-6066-11e4-a52e-4f735466cecf":"f.7F69E53355262FB42D0F590E576D92AD.d.DC1EF0EAA232461AB5B412CF41769762.e.284"},"getTitle",[]]}
COMMAND: POST /session/5b549bc456d4687fa6e2bea3ed9648b7/execute/async - {"script":"<script> [1562 bytes]","args":[{"selector":{"id":"shellAppTitle"},"wdio_ui5_key":"shellAppTitle"}]}
RESULT: {"script":"<script> [1562 bytes]","args":[{"selector":{"id":"shellAppTitle"},"wdio_ui5_key":"shellAppTitle"}]}
COMMAND: POST /session/5b549bc456d4687fa6e2bea3ed9648b7/execute/async - {"script":"<script> [6424 bytes]","args":[{"element-6066-11e4-a52e-4f735466cecf":"f.7F69E53355262FB42D0F590E576D92AD.d.DC1EF0EAA232461AB5B412CF41769762.e.5143"},"getTitle",[]]}
RESULT: {"script":"<script> [6424 bytes]","args":[{"element-6066-11e4-a52e-4f735466cecf":"f.7F69E53355262FB42D0F590E576D92AD.d.DC1EF0EAA232461AB5B412CF41769762.e.5143"},"getTitle",[]]}
RESULT: undefined
COMMAND: POST /session/5b549bc456d4687fa6e2bea3ed9648b7/element/f.7F69E53355262FB42D0F590E576D92AD.d.DC1EF0EAA232461AB5B412CF41769762.e.5095/click - {}
COMMAND: POST /session/5b549bc456d4687fa6e2bea3ed9648b7/element/f.7F69E53355262FB42D0F590E576D92AD.d.DC1EF0EAA232461AB5B412CF41769762.e.5095/click - {}
RESULT: {}
COMMAND: GET /session/5b549bc456d4687fa6e2bea3ed9648b7/screenshot - {}
COMMAND: POST /session/5b549bc456d4687fa6e2bea3ed9648b7/element - {"using":"xpath","value":"//*[@id=\"backBtn\"]"}
RESULT: {}
RESULT: {"using":"xpath","value":"//*[@id=\"backBtn\"]"}
COMMAND: POST /session/5b549bc456d4687fa6e2bea3ed9648b7/elements - {"using":"xpath","value":"//*[@id=\"backBtn\"]"}
RESULT: {"using":"xpath","value":"//*[@id=\"backBtn\"]"}
COMMAND: POST /session/5b549bc456d4687fa6e2bea3ed9648b7/elements - {"using":"xpath","value":"//*[@id=\"backBtn\"]"}
RESULT: {"using":"xpath","value":"//*[@id=\"backBtn\"]"}
COMMAND: POST /session/5b549bc456d4687fa6e2bea3ed9648b7/elements - {"using":"xpath","value":"//*[@id=\"backBtn\"]"}
RESULT: {"using":"xpath","value":"//*[@id=\"backBtn\"]"}
COMMAND: POST /session/5b549bc456d4687fa6e2bea3ed9648b7/elements - {"using":"xpath","value":"//*[@id=\"backBtn\"]"}
RESULT: {"using":"xpath","value":"//*[@id=\"backBtn\"]"}
COMMAND: POST /session/5b549bc456d4687fa6e2bea3ed9648b7/elements - {"using":"xpath","value":"//*[@id=\"backBtn\"]"}
RESULT: {"using":"xpath","value":"//*[@id=\"backBtn\"]"}
COMMAND: POST /session/5b549bc456d4687fa6e2bea3ed9648b7/elements - {"using":"xpath","value":"//*[@id=\"backBtn\"]"}
RESULT: {"using":"xpath","value":"//*[@id=\"backBtn\"]"}
COMMAND: POST /session/5b549bc456d4687fa6e2bea3ed9648b7/elements - {"using":"xpath","value":"//*[@id=\"backBtn\"]"}
RESULT: {"using":"xpath","value":"//*[@id=\"backBtn\"]"}
COMMAND: POST /session/5b549bc456d4687fa6e2bea3ed9648b7/elements - {"using":"xpath","value":"//*[@id=\"backBtn\"]"}
RESULT: {"using":"xpath","value":"//*[@id=\"backBtn\"]"}
COMMAND: POST /session/5b549bc456d4687fa6e2bea3ed9648b7/elements - {"using":"xpath","value":"//*[@id=\"backBtn\"]"}
RESULT: {"using":"xpath","value":"//*[@id=\"backBtn\"]"}
COMMAND: POST /session/5b549bc456d4687fa6e2bea3ed9648b7/elements - {"using":"xpath","value":"//*[@id=\"backBtn\"]"}
RESULT: {"using":"xpath","value":"//*[@id=\"backBtn\"]"}
COMMAND: POST /session/5b549bc456d4687fa6e2bea3ed9648b7/elements - {"using":"xpath","value":"//*[@id=\"backBtn\"]"}
RESULT: {"using":"xpath","value":"//*[@id=\"backBtn\"]"}
COMMAND: POST /session/5b549bc456d4687fa6e2bea3ed9648b7/elements - {"using":"xpath","value":"//*[@id=\"backBtn\"]"}
RESULT: {"using":"xpath","value":"//*[@id=\"backBtn\"]"}
COMMAND: POST /session/5b549bc456d4687fa6e2bea3ed9648b7/elements - {"using":"xpath","value":"//*[@id=\"backBtn\"]"}
RESULT: {"using":"xpath","value":"//*[@id=\"backBtn\"]"}
COMMAND: POST /session/5b549bc456d4687fa6e2bea3ed9648b7/elements - {"using":"xpath","value":"//*[@id=\"backBtn\"]"}
RESULT: {"using":"xpath","value":"//*[@id=\"backBtn\"]"}
COMMAND: POST /session/5b549bc456d4687fa6e2bea3ed9648b7/elements - {"using":"xpath","value":"//*[@id=\"backBtn\"]"}
RESULT: {"using":"xpath","value":"//*[@id=\"backBtn\"]"}
COMMAND: POST /session/5b549bc456d4687fa6e2bea3ed9648b7/elements - {"using":"xpath","value":"//*[@id=\"backBtn\"]"}
RESULT: {"using":"xpath","value":"//*[@id=\"backBtn\"]"}
COMMAND: POST /session/5b549bc456d4687fa6e2bea3ed9648b7/elements - {"using":"xpath","value":"//*[@id=\"backBtn\"]"}
RESULT: {"using":"xpath","value":"//*[@id=\"backBtn\"]"}
COMMAND: POST /session/5b549bc456d4687fa6e2bea3ed9648b7/elements - {"using":"xpath","value":"//*[@id=\"backBtn\"]"}
RESULT: {"using":"xpath","value":"//*[@id=\"backBtn\"]"}
COMMAND: POST /session/5b549bc456d4687fa6e2bea3ed9648b7/elements - {"using":"xpath","value":"//*[@id=\"backBtn\"]"}
RESULT: {"using":"xpath","value":"//*[@id=\"backBtn\"]"}
]]></system-out>
    </testcase>
    <testcase classname="chrome.136_0_7103_93.windows.Sanity_Tests_US104253" name="Should open Jobs Setup page" time="36.635">
      <system-out><![CDATA[
COMMAND: POST /session/5b549bc456d4687fa6e2bea3ed9648b7/execute/async - {"script":"<script> [1562 bytes]","args":[{"selector":{"controlType":"sap.m.GenericTile","properties":{"header":"Jobs Setup"}},"wdio_ui5_key":"sapm.GenericTile{\"header\":\"Jobs Setup\"}"}]}
COMMAND: POST /session/5b549bc456d4687fa6e2bea3ed9648b7/elements - {"using":"xpath","value":"//*[@id=\"backBtn\"]"}
RESULT: {"script":"<script> [1562 bytes]","args":[{"selector":{"controlType":"sap.m.GenericTile","properties":{"header":"Jobs Setup"}},"wdio_ui5_key":"sapm.GenericTile{\"header\":\"Jobs Setup\"}"}]}
RESULT: undefined
COMMAND: POST /session/5b549bc456d4687fa6e2bea3ed9648b7/element - {"using":"xpath","value":"//*[@id=\"__tile128\"]"}
RESULT: {"using":"xpath","value":"//*[@id=\"backBtn\"]"}
RESULT: {"using":"xpath","value":"//*[@id=\"__tile128\"]"}
COMMAND: POST /session/5b549bc456d4687fa6e2bea3ed9648b7/element/f.7F69E53355262FB42D0F590E576D92AD.d.DC1EF0EAA232461AB5B412CF41769762.e.5145/click - {}
COMMAND: POST /session/5b549bc456d4687fa6e2bea3ed9648b7/elements - {"using":"xpath","value":"//*[@id=\"backBtn\"]"}
RESULT: {}
COMMAND: GET /session/5b549bc456d4687fa6e2bea3ed9648b7/screenshot - {}
RESULT: {"using":"xpath","value":"//*[@id=\"backBtn\"]"}
RESULT: {}
COMMAND: POST /session/5b549bc456d4687fa6e2bea3ed9648b7/elements - {"using":"xpath","value":"//*[@id=\"backBtn\"]"}
RESULT: {"using":"xpath","value":"//*[@id=\"backBtn\"]"}
COMMAND: POST /session/5b549bc456d4687fa6e2bea3ed9648b7/element - {"using":"xpath","value":"//*[@id=\"backBtn\"]"}
RESULT: {"using":"xpath","value":"//*[@id=\"backBtn\"]"}
COMMAND: POST /session/5b549bc456d4687fa6e2bea3ed9648b7/element/f.7F69E53355262FB42D0F590E576D92AD.d.DC1EF0EAA232461AB5B412CF41769762.e.5095/click - {}
COMMAND: POST /session/5b549bc456d4687fa6e2bea3ed9648b7/element - {"using":"xpath","value":"//*[@id=\"backBtn\"]"}
RESULT: {"using":"xpath","value":"//*[@id=\"backBtn\"]"}
COMMAND: POST /session/5b549bc456d4687fa6e2bea3ed9648b7/element/f.7F69E53355262FB42D0F590E576D92AD.d.DC1EF0EAA232461AB5B412CF41769762.e.5200/click - {}
RESULT: {}
COMMAND: GET /session/5b549bc456d4687fa6e2bea3ed9648b7/screenshot - {}
RESULT: {}
COMMAND: POST /session/5b549bc456d4687fa6e2bea3ed9648b7/elements - {"using":"xpath","value":"//span[text()='Error']"}
RESULT: {"using":"xpath","value":"//span[text()='Error']"}
RESULT: undefined
COMMAND: POST /session/5b549bc456d4687fa6e2bea3ed9648b7/element - {"using":"xpath","value":"//*[@id=\"__tile128\"]"}
RESULT: {"using":"xpath","value":"//*[@id=\"__tile128\"]"}
COMMAND: POST /session/5b549bc456d4687fa6e2bea3ed9648b7/element/f.7F69E53355262FB42D0F590E576D92AD.d.DC1EF0EAA232461AB5B412CF41769762.e.5145/click - {}
RESULT: undefined
COMMAND: POST /session/5b549bc456d4687fa6e2bea3ed9648b7/element - {"using":"xpath","value":"//*[@id=\"__tile128\"]"}
RESULT: {"using":"xpath","value":"//*[@id=\"__tile128\"]"}
COMMAND: POST /session/5b549bc456d4687fa6e2bea3ed9648b7/element/f.7F69E53355262FB42D0F590E576D92AD.d.DC1EF0EAA232461AB5B412CF41769762.e.5145/click - {}
RESULT: undefined
COMMAND: POST /session/5b549bc456d4687fa6e2bea3ed9648b7/execute/async - {"script":"<script> [6424 bytes]","args":[{"element-6066-11e4-a52e-4f735466cecf":"f.7F69E53355262FB42D0F590E576D92AD.d.DC1EF0EAA232461AB5B412CF41769762.e.284"},"getTitle",[]]}
COMMAND: POST /session/5b549bc456d4687fa6e2bea3ed9648b7/execute/async - {"script":"<script> [1562 bytes]","args":[{"selector":{"id":"shellAppTitle"},"wdio_ui5_key":"shellAppTitle"}]}
RESULT: {"script":"<script> [1562 bytes]","args":[{"selector":{"id":"shellAppTitle"},"wdio_ui5_key":"shellAppTitle"}]}
COMMAND: POST /session/5b549bc456d4687fa6e2bea3ed9648b7/execute/async - {"script":"<script> [6424 bytes]","args":[{"element-6066-11e4-a52e-4f735466cecf":"f.7F69E53355262FB42D0F590E576D92AD.d.DC1EF0EAA232461AB5B412CF41769762.e.5232"},"getTitle",[]]}
RESULT: {"script":"<script> [6424 bytes]","args":[{"element-6066-11e4-a52e-4f735466cecf":"f.7F69E53355262FB42D0F590E576D92AD.d.DC1EF0EAA232461AB5B412CF41769762.e.5232"},"getTitle",[]]}
RESULT: undefined
COMMAND: POST /session/5b549bc456d4687fa6e2bea3ed9648b7/element/f.7F69E53355262FB42D0F590E576D92AD.d.DC1EF0EAA232461AB5B412CF41769762.e.5200/click - {}
COMMAND: POST /session/5b549bc456d4687fa6e2bea3ed9648b7/element/f.7F69E53355262FB42D0F590E576D92AD.d.DC1EF0EAA232461AB5B412CF41769762.e.5200/click - {}
RESULT: {}
COMMAND: GET /session/5b549bc456d4687fa6e2bea3ed9648b7/screenshot - {}
RESULT: {}
COMMAND: GET /session/5b549bc456d4687fa6e2bea3ed9648b7/screenshot - {}
RESULT: {}
RESULT: {}
]]></system-out>
    </testcase>
    <testcase classname="chrome.136_0_7103_93.windows.Sanity_Tests_US104253" name="Should open Target Systems Configuration page" time="35.915">
      <system-out><![CDATA[
COMMAND: POST /session/5b549bc456d4687fa6e2bea3ed9648b7/execute/async - {"script":"<script> [1562 bytes]","args":[{"selector":{"controlType":"sap.m.GenericTile","properties":{"header":"Target Systems Configuration"}},"wdio_ui5_key":"sapm.GenericTile{\"header\":\"Target Systems Configuration\"}"}]}
RESULT: {"script":"<script> [1562 bytes]","args":[{"selector":{"controlType":"sap.m.GenericTile","properties":{"header":"Target Systems Configuration"}},"wdio_ui5_key":"sapm.GenericTile{\"header\":\"Target Systems Configuration\"}"}]}
RESULT: undefined
COMMAND: POST /session/5b549bc456d4687fa6e2bea3ed9648b7/element - {"using":"xpath","value":"//*[@id=\"__tile129\"]"}
RESULT: {"using":"xpath","value":"//*[@id=\"__tile129\"]"}
COMMAND: POST /session/5b549bc456d4687fa6e2bea3ed9648b7/element/f.7F69E53355262FB42D0F590E576D92AD.d.DC1EF0EAA232461AB5B412CF41769762.e.5234/click - {}
RESULT: {}
COMMAND: GET /session/5b549bc456d4687fa6e2bea3ed9648b7/screenshot - {}
RESULT: {}
COMMAND: POST /session/5b549bc456d4687fa6e2bea3ed9648b7/elements - {"using":"xpath","value":"//span[text()='Error']"}
RESULT: {"using":"xpath","value":"//span[text()='Error']"}
RESULT: undefined
COMMAND: POST /session/5b549bc456d4687fa6e2bea3ed9648b7/element - {"using":"xpath","value":"//*[@id=\"__tile129\"]"}
RESULT: {"using":"xpath","value":"//*[@id=\"__tile129\"]"}
COMMAND: POST /session/5b549bc456d4687fa6e2bea3ed9648b7/element/f.7F69E53355262FB42D0F590E576D92AD.d.DC1EF0EAA232461AB5B412CF41769762.e.5234/click - {}
RESULT: undefined
COMMAND: POST /session/5b549bc456d4687fa6e2bea3ed9648b7/element - {"using":"xpath","value":"//*[@id=\"__tile129\"]"}
RESULT: {"using":"xpath","value":"//*[@id=\"__tile129\"]"}
COMMAND: POST /session/5b549bc456d4687fa6e2bea3ed9648b7/element/f.7F69E53355262FB42D0F590E576D92AD.d.DC1EF0EAA232461AB5B412CF41769762.e.5234/click - {}
RESULT: undefined
COMMAND: POST /session/5b549bc456d4687fa6e2bea3ed9648b7/execute/async - {"script":"<script> [6424 bytes]","args":[{"element-6066-11e4-a52e-4f735466cecf":"f.7F69E53355262FB42D0F590E576D92AD.d.DC1EF0EAA232461AB5B412CF41769762.e.284"},"getTitle",[]]}
COMMAND: POST /session/5b549bc456d4687fa6e2bea3ed9648b7/execute/async - {"script":"<script> [1562 bytes]","args":[{"selector":{"id":"shellAppTitle"},"wdio_ui5_key":"shellAppTitle"}]}
RESULT: {"script":"<script> [1562 bytes]","args":[{"selector":{"id":"shellAppTitle"},"wdio_ui5_key":"shellAppTitle"}]}
COMMAND: POST /session/5b549bc456d4687fa6e2bea3ed9648b7/execute/async - {"script":"<script> [6424 bytes]","args":[{"element-6066-11e4-a52e-4f735466cecf":"f.7F69E53355262FB42D0F590E576D92AD.d.DC1EF0EAA232461AB5B412CF41769762.e.5306"},"getTitle",[]]}
RESULT: {"script":"<script> [6424 bytes]","args":[{"element-6066-11e4-a52e-4f735466cecf":"f.7F69E53355262FB42D0F590E576D92AD.d.DC1EF0EAA232461AB5B412CF41769762.e.5306"},"getTitle",[]]}
RESULT: undefined
COMMAND: POST /session/5b549bc456d4687fa6e2bea3ed9648b7/element/f.7F69E53355262FB42D0F590E576D92AD.d.DC1EF0EAA232461AB5B412CF41769762.e.5200/click - {}
COMMAND: POST /session/5b549bc456d4687fa6e2bea3ed9648b7/element/f.7F69E53355262FB42D0F590E576D92AD.d.DC1EF0EAA232461AB5B412CF41769762.e.5200/click - {}
RESULT: {}
COMMAND: GET /session/5b549bc456d4687fa6e2bea3ed9648b7/screenshot - {}
COMMAND: POST /session/5b549bc456d4687fa6e2bea3ed9648b7/element - {"using":"xpath","value":"//*[@id=\"backBtn\"]"}
RESULT: {}
RESULT: {"using":"xpath","value":"//*[@id=\"backBtn\"]"}
COMMAND: POST /session/5b549bc456d4687fa6e2bea3ed9648b7/elements - {"using":"xpath","value":"//*[@id=\"backBtn\"]"}
RESULT: {"using":"xpath","value":"//*[@id=\"backBtn\"]"}
COMMAND: POST /session/5b549bc456d4687fa6e2bea3ed9648b7/elements - {"using":"xpath","value":"//*[@id=\"backBtn\"]"}
RESULT: {"using":"xpath","value":"//*[@id=\"backBtn\"]"}
COMMAND: POST /session/5b549bc456d4687fa6e2bea3ed9648b7/elements - {"using":"xpath","value":"//*[@id=\"backBtn\"]"}
RESULT: {"using":"xpath","value":"//*[@id=\"backBtn\"]"}
COMMAND: POST /session/5b549bc456d4687fa6e2bea3ed9648b7/elements - {"using":"xpath","value":"//*[@id=\"backBtn\"]"}
RESULT: {"using":"xpath","value":"//*[@id=\"backBtn\"]"}
COMMAND: POST /session/5b549bc456d4687fa6e2bea3ed9648b7/elements - {"using":"xpath","value":"//*[@id=\"backBtn\"]"}
RESULT: {"using":"xpath","value":"//*[@id=\"backBtn\"]"}
COMMAND: POST /session/5b549bc456d4687fa6e2bea3ed9648b7/elements - {"using":"xpath","value":"//*[@id=\"backBtn\"]"}
RESULT: {"using":"xpath","value":"//*[@id=\"backBtn\"]"}
COMMAND: POST /session/5b549bc456d4687fa6e2bea3ed9648b7/elements - {"using":"xpath","value":"//*[@id=\"backBtn\"]"}
RESULT: {"using":"xpath","value":"//*[@id=\"backBtn\"]"}
COMMAND: POST /session/5b549bc456d4687fa6e2bea3ed9648b7/elements - {"using":"xpath","value":"//*[@id=\"backBtn\"]"}
RESULT: {"using":"xpath","value":"//*[@id=\"backBtn\"]"}
COMMAND: POST /session/5b549bc456d4687fa6e2bea3ed9648b7/elements - {"using":"xpath","value":"//*[@id=\"backBtn\"]"}
RESULT: {"using":"xpath","value":"//*[@id=\"backBtn\"]"}
COMMAND: POST /session/5b549bc456d4687fa6e2bea3ed9648b7/elements - {"using":"xpath","value":"//*[@id=\"backBtn\"]"}
RESULT: {"using":"xpath","value":"//*[@id=\"backBtn\"]"}
COMMAND: POST /session/5b549bc456d4687fa6e2bea3ed9648b7/elements - {"using":"xpath","value":"//*[@id=\"backBtn\"]"}
RESULT: {"using":"xpath","value":"//*[@id=\"backBtn\"]"}
COMMAND: POST /session/5b549bc456d4687fa6e2bea3ed9648b7/elements - {"using":"xpath","value":"//*[@id=\"backBtn\"]"}
RESULT: {"using":"xpath","value":"//*[@id=\"backBtn\"]"}
COMMAND: POST /session/5b549bc456d4687fa6e2bea3ed9648b7/elements - {"using":"xpath","value":"//*[@id=\"backBtn\"]"}
RESULT: {"using":"xpath","value":"//*[@id=\"backBtn\"]"}
COMMAND: POST /session/5b549bc456d4687fa6e2bea3ed9648b7/elements - {"using":"xpath","value":"//*[@id=\"backBtn\"]"}
RESULT: {"using":"xpath","value":"//*[@id=\"backBtn\"]"}
COMMAND: POST /session/5b549bc456d4687fa6e2bea3ed9648b7/elements - {"using":"xpath","value":"//*[@id=\"backBtn\"]"}
RESULT: {"using":"xpath","value":"//*[@id=\"backBtn\"]"}
COMMAND: POST /session/5b549bc456d4687fa6e2bea3ed9648b7/elements - {"using":"xpath","value":"//*[@id=\"backBtn\"]"}
RESULT: {"using":"xpath","value":"//*[@id=\"backBtn\"]"}
COMMAND: POST /session/5b549bc456d4687fa6e2bea3ed9648b7/elements - {"using":"xpath","value":"//*[@id=\"backBtn\"]"}
RESULT: {"using":"xpath","value":"//*[@id=\"backBtn\"]"}
COMMAND: POST /session/5b549bc456d4687fa6e2bea3ed9648b7/elements - {"using":"xpath","value":"//*[@id=\"backBtn\"]"}
RESULT: {"using":"xpath","value":"//*[@id=\"backBtn\"]"}
COMMAND: POST /session/5b549bc456d4687fa6e2bea3ed9648b7/elements - {"using":"xpath","value":"//*[@id=\"backBtn\"]"}
RESULT: {"using":"xpath","value":"//*[@id=\"backBtn\"]"}
COMMAND: POST /session/5b549bc456d4687fa6e2bea3ed9648b7/elements - {"using":"xpath","value":"//*[@id=\"backBtn\"]"}
RESULT: {"using":"xpath","value":"//*[@id=\"backBtn\"]"}
COMMAND: POST /session/5b549bc456d4687fa6e2bea3ed9648b7/elements - {"using":"xpath","value":"//*[@id=\"backBtn\"]"}
RESULT: {"using":"xpath","value":"//*[@id=\"backBtn\"]"}
COMMAND: POST /session/5b549bc456d4687fa6e2bea3ed9648b7/elements - {"using":"xpath","value":"//*[@id=\"backBtn\"]"}
RESULT: {"using":"xpath","value":"//*[@id=\"backBtn\"]"}
COMMAND: POST /session/5b549bc456d4687fa6e2bea3ed9648b7/elements - {"using":"xpath","value":"//*[@id=\"backBtn\"]"}
RESULT: {"using":"xpath","value":"//*[@id=\"backBtn\"]"}
COMMAND: POST /session/5b549bc456d4687fa6e2bea3ed9648b7/elements - {"using":"xpath","value":"//*[@id=\"backBtn\"]"}
RESULT: {"using":"xpath","value":"//*[@id=\"backBtn\"]"}
COMMAND: POST /session/5b549bc456d4687fa6e2bea3ed9648b7/elements - {"using":"xpath","value":"//*[@id=\"backBtn\"]"}
RESULT: {"using":"xpath","value":"//*[@id=\"backBtn\"]"}
COMMAND: POST /session/5b549bc456d4687fa6e2bea3ed9648b7/elements - {"using":"xpath","value":"//*[@id=\"backBtn\"]"}
RESULT: {"using":"xpath","value":"//*[@id=\"backBtn\"]"}
COMMAND: POST /session/5b549bc456d4687fa6e2bea3ed9648b7/elements - {"using":"xpath","value":"//*[@id=\"backBtn\"]"}
RESULT: {"using":"xpath","value":"//*[@id=\"backBtn\"]"}
COMMAND: POST /session/5b549bc456d4687fa6e2bea3ed9648b7/elements - {"using":"xpath","value":"//*[@id=\"backBtn\"]"}
RESULT: {"using":"xpath","value":"//*[@id=\"backBtn\"]"}
COMMAND: POST /session/5b549bc456d4687fa6e2bea3ed9648b7/elements - {"using":"xpath","value":"//*[@id=\"backBtn\"]"}
RESULT: {"using":"xpath","value":"//*[@id=\"backBtn\"]"}
COMMAND: POST /session/5b549bc456d4687fa6e2bea3ed9648b7/elements - {"using":"xpath","value":"//*[@id=\"backBtn\"]"}
RESULT: {"using":"xpath","value":"//*[@id=\"backBtn\"]"}
COMMAND: POST /session/5b549bc456d4687fa6e2bea3ed9648b7/elements - {"using":"xpath","value":"//*[@id=\"backBtn\"]"}
RESULT: {"using":"xpath","value":"//*[@id=\"backBtn\"]"}
COMMAND: POST /session/5b549bc456d4687fa6e2bea3ed9648b7/elements - {"using":"xpath","value":"//*[@id=\"backBtn\"]"}
RESULT: {"using":"xpath","value":"//*[@id=\"backBtn\"]"}
COMMAND: POST /session/5b549bc456d4687fa6e2bea3ed9648b7/elements - {"using":"xpath","value":"//*[@id=\"backBtn\"]"}
RESULT: {"using":"xpath","value":"//*[@id=\"backBtn\"]"}
COMMAND: POST /session/5b549bc456d4687fa6e2bea3ed9648b7/elements - {"using":"xpath","value":"//*[@id=\"backBtn\"]"}
RESULT: {"using":"xpath","value":"//*[@id=\"backBtn\"]"}
COMMAND: POST /session/5b549bc456d4687fa6e2bea3ed9648b7/elements - {"using":"xpath","value":"//*[@id=\"backBtn\"]"}
RESULT: {"using":"xpath","value":"//*[@id=\"backBtn\"]"}
COMMAND: POST /session/5b549bc456d4687fa6e2bea3ed9648b7/elements - {"using":"xpath","value":"//*[@id=\"backBtn\"]"}
RESULT: {"using":"xpath","value":"//*[@id=\"backBtn\"]"}
COMMAND: POST /session/5b549bc456d4687fa6e2bea3ed9648b7/elements - {"using":"xpath","value":"//*[@id=\"backBtn\"]"}
RESULT: {"using":"xpath","value":"//*[@id=\"backBtn\"]"}
COMMAND: POST /session/5b549bc456d4687fa6e2bea3ed9648b7/elements - {"using":"xpath","value":"//*[@id=\"backBtn\"]"}
RESULT: {"using":"xpath","value":"//*[@id=\"backBtn\"]"}
COMMAND: POST /session/5b549bc456d4687fa6e2bea3ed9648b7/elements - {"using":"xpath","value":"//*[@id=\"backBtn\"]"}
RESULT: {"using":"xpath","value":"//*[@id=\"backBtn\"]"}
COMMAND: DELETE /session/5b549bc456d4687fa6e2bea3ed9648b7 - {}
COMMAND: POST /session/5b549bc456d4687fa6e2bea3ed9648b7/elements - {"using":"xpath","value":"//*[@id=\"backBtn\"]"}
RESULT: {}
]]></system-out>
    </testcase>
  </testsuite>
</testsuites>