<?xml version="1.0" encoding="UTF-8"?>
<testsuites tests="21" failures="0" errors="0" skipped="0">
  <testsuite timestamp="2025-05-13T07:21:29" time="57.178" tests="16" failures="0" errors="0" skipped="0">
    <properties>
      <property name="specId" value="0" />
      <property name="suiteName" value="Configure System - Interfaces US132253" />
      <property name="capabilities" value="chrome.136_0_7103_49.windows" />
      <property name="file" value="file:///D:/a/1/s/test/specs/TECH/configure-system-endpoints.spec.js" />
    </properties>
    <testcase classname="chrome.136_0_7103_49.windows.Configure_System_-_Interfaces_US132253" name="System should have default destination system setted to S4HP" time="19.174">
      <system-out><![CDATA[
COMMAND: POST /session/a9ecac59f90ae0879adeb02b4c6e25ea/execute/async - {"script":"<script> [1562 bytes]","args":[{"selector":{"controlType":"sap.m.Text","viewName":"etm.portal.ui.configuresystem.view.Master","properties":{"text":"1 table filter active: Type"}},"wdio_ui5_key":"etmportal.ui.configuresystem.view.Mastersap.m.Text{\"text\":\"1 table filter active: Type\"}"}]}
RESULT: {"script":"<script> [1562 bytes]","args":[{"selector":{"controlType":"sap.m.Text","viewName":"etm.portal.ui.configuresystem.view.Master","properties":{"text":"1 table filter active: Type"}},"wdio_ui5_key":"etmportal.ui.configuresystem.view.Mastersap.m.Text{\"text\":\"1 table filter active: Type\"}"}]}
RESULT: undefined
COMMAND: POST /session/a9ecac59f90ae0879adeb02b4c6e25ea/execute/async - {"script":"<script> [1562 bytes]","args":[{"selector":{"controlType":"sap.m.Text","viewName":"etm.portal.ui.configuresystem.view.Master","properties":{"text":"S12_S4HC"}},"wdio_ui5_key":"etmportal.ui.configuresystem.view.Mastersap.m.Text{\"text\":\"S12_S4HC\"}"}]}
RESULT: {"script":"<script> [1562 bytes]","args":[{"selector":{"controlType":"sap.m.Text","viewName":"etm.portal.ui.configuresystem.view.Master","properties":{"text":"S12_S4HC"}},"wdio_ui5_key":"etmportal.ui.configuresystem.view.Mastersap.m.Text{\"text\":\"S12_S4HC\"}"}]}
RESULT: undefined
COMMAND: POST /session/a9ecac59f90ae0879adeb02b4c6e25ea/execute/async - {"script":"<script> [6424 bytes]","args":[{"element-6066-11e4-a52e-4f735466cecf":"f.2D4A0A0FF06FC9BC8B57DC00C93901FE.d.2143383ECB5A9D3C27CF99F887E2FCF7.e.128"},"getText",[]]}
RESULT: {"script":"<script> [6424 bytes]","args":[{"element-6066-11e4-a52e-4f735466cecf":"f.2D4A0A0FF06FC9BC8B57DC00C93901FE.d.2143383ECB5A9D3C27CF99F887E2FCF7.e.128"},"getText",[]]}
COMMAND: POST /session/a9ecac59f90ae0879adeb02b4c6e25ea/execute/async - {"script":"<script> [1562 bytes]","args":[{"selector":{"controlType":"sap.m.Button","viewName":"etm.portal.ui.configuresystem.view.Master","properties":{"text":"Endpoints"},"interaction":{"idSuffix":"BDI-content"}},"wdio_ui5_key":"etmportal.ui.configuresystem.view.Mastersap.m.Button{\"text\":\"Endpoints\"}"}]}
RESULT: {"script":"<script> [1562 bytes]","args":[{"selector":{"controlType":"sap.m.Button","viewName":"etm.portal.ui.configuresystem.view.Master","properties":{"text":"Endpoints"},"interaction":{"idSuffix":"BDI-content"}},"wdio_ui5_key":"etmportal.ui.configuresystem.view.Mastersap.m.Button{\"text\":\"Endpoints\"}"}]}
RESULT: undefined
COMMAND: POST /session/a9ecac59f90ae0879adeb02b4c6e25ea/element - {"using":"xpath","value":"//*[@id=\"__xmlview58--ObjectPageLayout-anchBar-__xmlview58--endpointsSection-anchor\"]"}
RESULT: {"using":"xpath","value":"//*[@id=\"__xmlview58--ObjectPageLayout-anchBar-__xmlview58--endpointsSection-anchor\"]"}
COMMAND: POST /session/a9ecac59f90ae0879adeb02b4c6e25ea/element/f.2D4A0A0FF06FC9BC8B57DC00C93901FE.d.2143383ECB5A9D3C27CF99F887E2FCF7.e.130/click - {}
RESULT: {}
]]></system-out>
    </testcase>
    <testcase classname="chrome.136_0_7103_49.windows.Configure_System_-_Interfaces_US132253" name="Validate Asset endpoint connection status to Success" time="3.268">
      <system-out><![CDATA[
COMMAND: POST /session/a9ecac59f90ae0879adeb02b4c6e25ea/execute/async - {"script":"<script> [1562 bytes]","args":[{"selector":{"controlType":"sap.m.Button","viewName":"etm.portal.ui.configuresystem.view.Master","bindingPath":{"path":"/EndpointsWithStatus('Asset')","propertyPath":"STATUS_TEXT"},"interaction":{"idSuffix":"BDI-content"}},"wdio_ui5_key":"etmportal.ui.configuresystem.view.Mastersap.m.Button{\"path\":\"/EndpointsWithStatus('Asset')\",\"propertyPath\":\"STATUS_TEXT\"}"}]}
COMMAND: GET /session/a9ecac59f90ae0879adeb02b4c6e25ea/screenshot - {}
RESULT: {"script":"<script> [1562 bytes]","args":[{"selector":{"controlType":"sap.m.Button","viewName":"etm.portal.ui.configuresystem.view.Master","bindingPath":{"path":"/EndpointsWithStatus('Asset')","propertyPath":"STATUS_TEXT"},"interaction":{"idSuffix":"BDI-content"}},"wdio_ui5_key":"etmportal.ui.configuresystem.view.Mastersap.m.Button{\"path\":\"/EndpointsWithStatus('Asset')\",\"propertyPath\":\"STATUS_TEXT\"}"}]}
RESULT: undefined
COMMAND: POST /session/a9ecac59f90ae0879adeb02b4c6e25ea/execute/async - {"script":"<script> [6424 bytes]","args":[{"element-6066-11e4-a52e-4f735466cecf":"f.2D4A0A0FF06FC9BC8B57DC00C93901FE.d.2143383ECB5A9D3C27CF99F887E2FCF7.e.194"},"getText",[]]}
RESULT: {}
RESULT: {"script":"<script> [6424 bytes]","args":[{"element-6066-11e4-a52e-4f735466cecf":"f.2D4A0A0FF06FC9BC8B57DC00C93901FE.d.2143383ECB5A9D3C27CF99F887E2FCF7.e.194"},"getText",[]]}
]]></system-out>
    </testcase>
    <testcase classname="chrome.136_0_7103_49.windows.Configure_System_-_Interfaces_US132253" name="Validate Equipment endpoint connection status to Success" time="1.026">
      <system-out><![CDATA[
COMMAND: POST /session/a9ecac59f90ae0879adeb02b4c6e25ea/execute/async - {"script":"<script> [1562 bytes]","args":[{"selector":{"controlType":"sap.m.Button","viewName":"etm.portal.ui.configuresystem.view.Master","bindingPath":{"path":"/EndpointsWithStatus('Equipment')","propertyPath":"STATUS_TEXT"},"interaction":{"idSuffix":"BDI-content"}},"wdio_ui5_key":"etmportal.ui.configuresystem.view.Mastersap.m.Button{\"path\":\"/EndpointsWithStatus('Equipment')\",\"propertyPath\":\"STATUS_TEXT\"}"}]}
RESULT: {"script":"<script> [1562 bytes]","args":[{"selector":{"controlType":"sap.m.Button","viewName":"etm.portal.ui.configuresystem.view.Master","bindingPath":{"path":"/EndpointsWithStatus('Equipment')","propertyPath":"STATUS_TEXT"},"interaction":{"idSuffix":"BDI-content"}},"wdio_ui5_key":"etmportal.ui.configuresystem.view.Mastersap.m.Button{\"path\":\"/EndpointsWithStatus('Equipment')\",\"propertyPath\":\"STATUS_TEXT\"}"}]}
RESULT: undefined
COMMAND: POST /session/a9ecac59f90ae0879adeb02b4c6e25ea/execute/async - {"script":"<script> [6424 bytes]","args":[{"element-6066-11e4-a52e-4f735466cecf":"f.2D4A0A0FF06FC9BC8B57DC00C93901FE.d.2143383ECB5A9D3C27CF99F887E2FCF7.e.195"},"getText",[]]}
RESULT: {"script":"<script> [6424 bytes]","args":[{"element-6066-11e4-a52e-4f735466cecf":"f.2D4A0A0FF06FC9BC8B57DC00C93901FE.d.2143383ECB5A9D3C27CF99F887E2FCF7.e.195"},"getText",[]]}
]]></system-out>
    </testcase>
    <testcase classname="chrome.136_0_7103_49.windows.Configure_System_-_Interfaces_US132253" name="Validate BillingAndGoodsMvmt endpoint connection status to Success" time="1.025">
      <system-out><![CDATA[
COMMAND: POST /session/a9ecac59f90ae0879adeb02b4c6e25ea/execute/async - {"script":"<script> [1562 bytes]","args":[{"selector":{"controlType":"sap.m.Button","viewName":"etm.portal.ui.configuresystem.view.Master","bindingPath":{"path":"/EndpointsWithStatus('BillingAndGoodsMvmt')","propertyPath":"STATUS_TEXT"},"interaction":{"idSuffix":"BDI-content"}},"wdio_ui5_key":"etmportal.ui.configuresystem.view.Mastersap.m.Button{\"path\":\"/EndpointsWithStatus('BillingAndGoodsMvmt')\",\"propertyPath\":\"STATUS_TEXT\"}"}]}
RESULT: {"script":"<script> [1562 bytes]","args":[{"selector":{"controlType":"sap.m.Button","viewName":"etm.portal.ui.configuresystem.view.Master","bindingPath":{"path":"/EndpointsWithStatus('BillingAndGoodsMvmt')","propertyPath":"STATUS_TEXT"},"interaction":{"idSuffix":"BDI-content"}},"wdio_ui5_key":"etmportal.ui.configuresystem.view.Mastersap.m.Button{\"path\":\"/EndpointsWithStatus('BillingAndGoodsMvmt')\",\"propertyPath\":\"STATUS_TEXT\"}"}]}
RESULT: undefined
COMMAND: POST /session/a9ecac59f90ae0879adeb02b4c6e25ea/execute/async - {"script":"<script> [6424 bytes]","args":[{"element-6066-11e4-a52e-4f735466cecf":"f.2D4A0A0FF06FC9BC8B57DC00C93901FE.d.2143383ECB5A9D3C27CF99F887E2FCF7.e.196"},"getText",[]]}
RESULT: {"script":"<script> [6424 bytes]","args":[{"element-6066-11e4-a52e-4f735466cecf":"f.2D4A0A0FF06FC9BC8B57DC00C93901FE.d.2143383ECB5A9D3C27CF99F887E2FCF7.e.196"},"getText",[]]}
]]></system-out>
    </testcase>
    <testcase classname="chrome.136_0_7103_49.windows.Configure_System_-_Interfaces_US132253" name="Validate CompanyCode endpoint connection status to Success" time="1.04">
      <system-out><![CDATA[
COMMAND: POST /session/a9ecac59f90ae0879adeb02b4c6e25ea/execute/async - {"script":"<script> [1562 bytes]","args":[{"selector":{"controlType":"sap.m.Button","viewName":"etm.portal.ui.configuresystem.view.Master","bindingPath":{"path":"/EndpointsWithStatus('CompanyCode')","propertyPath":"STATUS_TEXT"},"interaction":{"idSuffix":"BDI-content"}},"wdio_ui5_key":"etmportal.ui.configuresystem.view.Mastersap.m.Button{\"path\":\"/EndpointsWithStatus('CompanyCode')\",\"propertyPath\":\"STATUS_TEXT\"}"}]}
RESULT: {"script":"<script> [1562 bytes]","args":[{"selector":{"controlType":"sap.m.Button","viewName":"etm.portal.ui.configuresystem.view.Master","bindingPath":{"path":"/EndpointsWithStatus('CompanyCode')","propertyPath":"STATUS_TEXT"},"interaction":{"idSuffix":"BDI-content"}},"wdio_ui5_key":"etmportal.ui.configuresystem.view.Mastersap.m.Button{\"path\":\"/EndpointsWithStatus('CompanyCode')\",\"propertyPath\":\"STATUS_TEXT\"}"}]}
RESULT: undefined
COMMAND: POST /session/a9ecac59f90ae0879adeb02b4c6e25ea/execute/async - {"script":"<script> [6424 bytes]","args":[{"element-6066-11e4-a52e-4f735466cecf":"f.2D4A0A0FF06FC9BC8B57DC00C93901FE.d.2143383ECB5A9D3C27CF99F887E2FCF7.e.197"},"getText",[]]}
RESULT: {"script":"<script> [6424 bytes]","args":[{"element-6066-11e4-a52e-4f735466cecf":"f.2D4A0A0FF06FC9BC8B57DC00C93901FE.d.2143383ECB5A9D3C27CF99F887E2FCF7.e.197"},"getText",[]]}
]]></system-out>
    </testcase>
    <testcase classname="chrome.136_0_7103_49.windows.Configure_System_-_Interfaces_US132253" name="Validate CostCenter endpoint connection status to Success" time="1.185">
      <system-out><![CDATA[
COMMAND: POST /session/a9ecac59f90ae0879adeb02b4c6e25ea/execute/async - {"script":"<script> [1562 bytes]","args":[{"selector":{"controlType":"sap.m.Button","viewName":"etm.portal.ui.configuresystem.view.Master","bindingPath":{"path":"/EndpointsWithStatus('CostCenter')","propertyPath":"STATUS_TEXT"},"interaction":{"idSuffix":"BDI-content"}},"wdio_ui5_key":"etmportal.ui.configuresystem.view.Mastersap.m.Button{\"path\":\"/EndpointsWithStatus('CostCenter')\",\"propertyPath\":\"STATUS_TEXT\"}"}]}
RESULT: {"script":"<script> [1562 bytes]","args":[{"selector":{"controlType":"sap.m.Button","viewName":"etm.portal.ui.configuresystem.view.Master","bindingPath":{"path":"/EndpointsWithStatus('CostCenter')","propertyPath":"STATUS_TEXT"},"interaction":{"idSuffix":"BDI-content"}},"wdio_ui5_key":"etmportal.ui.configuresystem.view.Mastersap.m.Button{\"path\":\"/EndpointsWithStatus('CostCenter')\",\"propertyPath\":\"STATUS_TEXT\"}"}]}
RESULT: undefined
COMMAND: POST /session/a9ecac59f90ae0879adeb02b4c6e25ea/execute/async - {"script":"<script> [6424 bytes]","args":[{"element-6066-11e4-a52e-4f735466cecf":"f.2D4A0A0FF06FC9BC8B57DC00C93901FE.d.2143383ECB5A9D3C27CF99F887E2FCF7.e.198"},"getText",[]]}
RESULT: {"script":"<script> [6424 bytes]","args":[{"element-6066-11e4-a52e-4f735466cecf":"f.2D4A0A0FF06FC9BC8B57DC00C93901FE.d.2143383ECB5A9D3C27CF99F887E2FCF7.e.198"},"getText",[]]}
]]></system-out>
    </testcase>
    <testcase classname="chrome.136_0_7103_49.windows.Configure_System_-_Interfaces_US132253" name="Validate ExternalCustomer endpoint connection status to Success" time="1.075">
      <system-out><![CDATA[
COMMAND: POST /session/a9ecac59f90ae0879adeb02b4c6e25ea/execute/async - {"script":"<script> [1562 bytes]","args":[{"selector":{"controlType":"sap.m.Button","viewName":"etm.portal.ui.configuresystem.view.Master","bindingPath":{"path":"/EndpointsWithStatus('ExternalCustomer')","propertyPath":"STATUS_TEXT"},"interaction":{"idSuffix":"BDI-content"}},"wdio_ui5_key":"etmportal.ui.configuresystem.view.Mastersap.m.Button{\"path\":\"/EndpointsWithStatus('ExternalCustomer')\",\"propertyPath\":\"STATUS_TEXT\"}"}]}
RESULT: {"script":"<script> [1562 bytes]","args":[{"selector":{"controlType":"sap.m.Button","viewName":"etm.portal.ui.configuresystem.view.Master","bindingPath":{"path":"/EndpointsWithStatus('ExternalCustomer')","propertyPath":"STATUS_TEXT"},"interaction":{"idSuffix":"BDI-content"}},"wdio_ui5_key":"etmportal.ui.configuresystem.view.Mastersap.m.Button{\"path\":\"/EndpointsWithStatus('ExternalCustomer')\",\"propertyPath\":\"STATUS_TEXT\"}"}]}
RESULT: undefined
COMMAND: POST /session/a9ecac59f90ae0879adeb02b4c6e25ea/execute/async - {"script":"<script> [6424 bytes]","args":[{"element-6066-11e4-a52e-4f735466cecf":"f.2D4A0A0FF06FC9BC8B57DC00C93901FE.d.2143383ECB5A9D3C27CF99F887E2FCF7.e.199"},"getText",[]]}
RESULT: {"script":"<script> [6424 bytes]","args":[{"element-6066-11e4-a52e-4f735466cecf":"f.2D4A0A0FF06FC9BC8B57DC00C93901FE.d.2143383ECB5A9D3C27CF99F887E2FCF7.e.199"},"getText",[]]}
]]></system-out>
    </testcase>
    <testcase classname="chrome.136_0_7103_49.windows.Configure_System_-_Interfaces_US132253" name="Validate InternalOrder endpoint connection status to Success" time="1.029">
      <system-out><![CDATA[
COMMAND: POST /session/a9ecac59f90ae0879adeb02b4c6e25ea/execute/async - {"script":"<script> [1562 bytes]","args":[{"selector":{"controlType":"sap.m.Button","viewName":"etm.portal.ui.configuresystem.view.Master","bindingPath":{"path":"/EndpointsWithStatus('InternalOrder')","propertyPath":"STATUS_TEXT"},"interaction":{"idSuffix":"BDI-content"}},"wdio_ui5_key":"etmportal.ui.configuresystem.view.Mastersap.m.Button{\"path\":\"/EndpointsWithStatus('InternalOrder')\",\"propertyPath\":\"STATUS_TEXT\"}"}]}
RESULT: {"script":"<script> [1562 bytes]","args":[{"selector":{"controlType":"sap.m.Button","viewName":"etm.portal.ui.configuresystem.view.Master","bindingPath":{"path":"/EndpointsWithStatus('InternalOrder')","propertyPath":"STATUS_TEXT"},"interaction":{"idSuffix":"BDI-content"}},"wdio_ui5_key":"etmportal.ui.configuresystem.view.Mastersap.m.Button{\"path\":\"/EndpointsWithStatus('InternalOrder')\",\"propertyPath\":\"STATUS_TEXT\"}"}]}
RESULT: undefined
COMMAND: POST /session/a9ecac59f90ae0879adeb02b4c6e25ea/execute/async - {"script":"<script> [6424 bytes]","args":[{"element-6066-11e4-a52e-4f735466cecf":"f.2D4A0A0FF06FC9BC8B57DC00C93901FE.d.2143383ECB5A9D3C27CF99F887E2FCF7.e.200"},"getText",[]]}
RESULT: {"script":"<script> [6424 bytes]","args":[{"element-6066-11e4-a52e-4f735466cecf":"f.2D4A0A0FF06FC9BC8B57DC00C93901FE.d.2143383ECB5A9D3C27CF99F887E2FCF7.e.200"},"getText",[]]}
]]></system-out>
    </testcase>
    <testcase classname="chrome.136_0_7103_49.windows.Configure_System_-_Interfaces_US132253" name="Validate MaintenanceOrder endpoint connection status to Success" time="1.063">
      <system-out><![CDATA[
COMMAND: POST /session/a9ecac59f90ae0879adeb02b4c6e25ea/execute/async - {"script":"<script> [1562 bytes]","args":[{"selector":{"controlType":"sap.m.Button","viewName":"etm.portal.ui.configuresystem.view.Master","bindingPath":{"path":"/EndpointsWithStatus('MaintenanceOrder')","propertyPath":"STATUS_TEXT"},"interaction":{"idSuffix":"BDI-content"}},"wdio_ui5_key":"etmportal.ui.configuresystem.view.Mastersap.m.Button{\"path\":\"/EndpointsWithStatus('MaintenanceOrder')\",\"propertyPath\":\"STATUS_TEXT\"}"}]}
RESULT: {"script":"<script> [1562 bytes]","args":[{"selector":{"controlType":"sap.m.Button","viewName":"etm.portal.ui.configuresystem.view.Master","bindingPath":{"path":"/EndpointsWithStatus('MaintenanceOrder')","propertyPath":"STATUS_TEXT"},"interaction":{"idSuffix":"BDI-content"}},"wdio_ui5_key":"etmportal.ui.configuresystem.view.Mastersap.m.Button{\"path\":\"/EndpointsWithStatus('MaintenanceOrder')\",\"propertyPath\":\"STATUS_TEXT\"}"}]}
RESULT: undefined
COMMAND: POST /session/a9ecac59f90ae0879adeb02b4c6e25ea/execute/async - {"script":"<script> [6424 bytes]","args":[{"element-6066-11e4-a52e-4f735466cecf":"f.2D4A0A0FF06FC9BC8B57DC00C93901FE.d.2143383ECB5A9D3C27CF99F887E2FCF7.e.201"},"getText",[]]}
RESULT: {"script":"<script> [6424 bytes]","args":[{"element-6066-11e4-a52e-4f735466cecf":"f.2D4A0A0FF06FC9BC8B57DC00C93901FE.d.2143383ECB5A9D3C27CF99F887E2FCF7.e.201"},"getText",[]]}
]]></system-out>
    </testcase>
    <testcase classname="chrome.136_0_7103_49.windows.Configure_System_-_Interfaces_US132253" name="Validate Material endpoint connection status to Success" time="1.096">
      <system-out><![CDATA[
COMMAND: POST /session/a9ecac59f90ae0879adeb02b4c6e25ea/execute/async - {"script":"<script> [1562 bytes]","args":[{"selector":{"controlType":"sap.m.Button","viewName":"etm.portal.ui.configuresystem.view.Master","bindingPath":{"path":"/EndpointsWithStatus('Material')","propertyPath":"STATUS_TEXT"},"interaction":{"idSuffix":"BDI-content"}},"wdio_ui5_key":"etmportal.ui.configuresystem.view.Mastersap.m.Button{\"path\":\"/EndpointsWithStatus('Material')\",\"propertyPath\":\"STATUS_TEXT\"}"}]}
RESULT: {"script":"<script> [1562 bytes]","args":[{"selector":{"controlType":"sap.m.Button","viewName":"etm.portal.ui.configuresystem.view.Master","bindingPath":{"path":"/EndpointsWithStatus('Material')","propertyPath":"STATUS_TEXT"},"interaction":{"idSuffix":"BDI-content"}},"wdio_ui5_key":"etmportal.ui.configuresystem.view.Mastersap.m.Button{\"path\":\"/EndpointsWithStatus('Material')\",\"propertyPath\":\"STATUS_TEXT\"}"}]}
RESULT: undefined
COMMAND: POST /session/a9ecac59f90ae0879adeb02b4c6e25ea/execute/async - {"script":"<script> [6424 bytes]","args":[{"element-6066-11e4-a52e-4f735466cecf":"f.2D4A0A0FF06FC9BC8B57DC00C93901FE.d.2143383ECB5A9D3C27CF99F887E2FCF7.e.202"},"getText",[]]}
RESULT: {"script":"<script> [6424 bytes]","args":[{"element-6066-11e4-a52e-4f735466cecf":"f.2D4A0A0FF06FC9BC8B57DC00C93901FE.d.2143383ECB5A9D3C27CF99F887E2FCF7.e.202"},"getText",[]]}
]]></system-out>
    </testcase>
    <testcase classname="chrome.136_0_7103_49.windows.Configure_System_-_Interfaces_US132253" name="Validate MeasuringPoint endpoint connection status to Success" time="1.07">
      <system-out><![CDATA[
COMMAND: POST /session/a9ecac59f90ae0879adeb02b4c6e25ea/execute/async - {"script":"<script> [1562 bytes]","args":[{"selector":{"controlType":"sap.m.Button","viewName":"etm.portal.ui.configuresystem.view.Master","bindingPath":{"path":"/EndpointsWithStatus('MeasuringPoint')","propertyPath":"STATUS_TEXT"},"interaction":{"idSuffix":"BDI-content"}},"wdio_ui5_key":"etmportal.ui.configuresystem.view.Mastersap.m.Button{\"path\":\"/EndpointsWithStatus('MeasuringPoint')\",\"propertyPath\":\"STATUS_TEXT\"}"}]}
RESULT: {"script":"<script> [1562 bytes]","args":[{"selector":{"controlType":"sap.m.Button","viewName":"etm.portal.ui.configuresystem.view.Master","bindingPath":{"path":"/EndpointsWithStatus('MeasuringPoint')","propertyPath":"STATUS_TEXT"},"interaction":{"idSuffix":"BDI-content"}},"wdio_ui5_key":"etmportal.ui.configuresystem.view.Mastersap.m.Button{\"path\":\"/EndpointsWithStatus('MeasuringPoint')\",\"propertyPath\":\"STATUS_TEXT\"}"}]}
RESULT: undefined
COMMAND: POST /session/a9ecac59f90ae0879adeb02b4c6e25ea/execute/async - {"script":"<script> [6424 bytes]","args":[{"element-6066-11e4-a52e-4f735466cecf":"f.2D4A0A0FF06FC9BC8B57DC00C93901FE.d.2143383ECB5A9D3C27CF99F887E2FCF7.e.203"},"getText",[]]}
RESULT: {"script":"<script> [6424 bytes]","args":[{"element-6066-11e4-a52e-4f735466cecf":"f.2D4A0A0FF06FC9BC8B57DC00C93901FE.d.2143383ECB5A9D3C27CF99F887E2FCF7.e.203"},"getText",[]]}
]]></system-out>
    </testcase>
    <testcase classname="chrome.136_0_7103_49.windows.Configure_System_-_Interfaces_US132253" name="Validate OutboundDelivery endpoint connection status to Success" time="1.058">
      <system-out><![CDATA[
COMMAND: POST /session/a9ecac59f90ae0879adeb02b4c6e25ea/execute/async - {"script":"<script> [1562 bytes]","args":[{"selector":{"controlType":"sap.m.Button","viewName":"etm.portal.ui.configuresystem.view.Master","bindingPath":{"path":"/EndpointsWithStatus('OutboundDelivery')","propertyPath":"STATUS_TEXT"},"interaction":{"idSuffix":"BDI-content"}},"wdio_ui5_key":"etmportal.ui.configuresystem.view.Mastersap.m.Button{\"path\":\"/EndpointsWithStatus('OutboundDelivery')\",\"propertyPath\":\"STATUS_TEXT\"}"}]}
RESULT: {"script":"<script> [1562 bytes]","args":[{"selector":{"controlType":"sap.m.Button","viewName":"etm.portal.ui.configuresystem.view.Master","bindingPath":{"path":"/EndpointsWithStatus('OutboundDelivery')","propertyPath":"STATUS_TEXT"},"interaction":{"idSuffix":"BDI-content"}},"wdio_ui5_key":"etmportal.ui.configuresystem.view.Mastersap.m.Button{\"path\":\"/EndpointsWithStatus('OutboundDelivery')\",\"propertyPath\":\"STATUS_TEXT\"}"}]}
RESULT: undefined
COMMAND: POST /session/a9ecac59f90ae0879adeb02b4c6e25ea/execute/async - {"script":"<script> [6424 bytes]","args":[{"element-6066-11e4-a52e-4f735466cecf":"f.2D4A0A0FF06FC9BC8B57DC00C93901FE.d.2143383ECB5A9D3C27CF99F887E2FCF7.e.204"},"getText",[]]}
RESULT: {"script":"<script> [6424 bytes]","args":[{"element-6066-11e4-a52e-4f735466cecf":"f.2D4A0A0FF06FC9BC8B57DC00C93901FE.d.2143383ECB5A9D3C27CF99F887E2FCF7.e.204"},"getText",[]]}
]]></system-out>
    </testcase>
    <testcase classname="chrome.136_0_7103_49.windows.Configure_System_-_Interfaces_US132253" name="Validate PurchaseRequisition endpoint connection status to Success" time="1.014">
      <system-out><![CDATA[
COMMAND: POST /session/a9ecac59f90ae0879adeb02b4c6e25ea/execute/async - {"script":"<script> [1562 bytes]","args":[{"selector":{"controlType":"sap.m.Button","viewName":"etm.portal.ui.configuresystem.view.Master","bindingPath":{"path":"/EndpointsWithStatus('PurchaseRequisition')","propertyPath":"STATUS_TEXT"},"interaction":{"idSuffix":"BDI-content"}},"wdio_ui5_key":"etmportal.ui.configuresystem.view.Mastersap.m.Button{\"path\":\"/EndpointsWithStatus('PurchaseRequisition')\",\"propertyPath\":\"STATUS_TEXT\"}"}]}
RESULT: {"script":"<script> [1562 bytes]","args":[{"selector":{"controlType":"sap.m.Button","viewName":"etm.portal.ui.configuresystem.view.Master","bindingPath":{"path":"/EndpointsWithStatus('PurchaseRequisition')","propertyPath":"STATUS_TEXT"},"interaction":{"idSuffix":"BDI-content"}},"wdio_ui5_key":"etmportal.ui.configuresystem.view.Mastersap.m.Button{\"path\":\"/EndpointsWithStatus('PurchaseRequisition')\",\"propertyPath\":\"STATUS_TEXT\"}"}]}
RESULT: undefined
COMMAND: POST /session/a9ecac59f90ae0879adeb02b4c6e25ea/execute/async - {"script":"<script> [6424 bytes]","args":[{"element-6066-11e4-a52e-4f735466cecf":"f.2D4A0A0FF06FC9BC8B57DC00C93901FE.d.2143383ECB5A9D3C27CF99F887E2FCF7.e.205"},"getText",[]]}
RESULT: {"script":"<script> [6424 bytes]","args":[{"element-6066-11e4-a52e-4f735466cecf":"f.2D4A0A0FF06FC9BC8B57DC00C93901FE.d.2143383ECB5A9D3C27CF99F887E2FCF7.e.205"},"getText",[]]}
]]></system-out>
    </testcase>
    <testcase classname="chrome.136_0_7103_49.windows.Configure_System_-_Interfaces_US132253" name="Validate PurchaseRequisitionProcess endpoint connection status to Success" time="1.055">
      <system-out><![CDATA[
COMMAND: POST /session/a9ecac59f90ae0879adeb02b4c6e25ea/execute/async - {"script":"<script> [1562 bytes]","args":[{"selector":{"controlType":"sap.m.Button","viewName":"etm.portal.ui.configuresystem.view.Master","bindingPath":{"path":"/EndpointsWithStatus('PurchaseRequisitionProcess')","propertyPath":"STATUS_TEXT"},"interaction":{"idSuffix":"BDI-content"}},"wdio_ui5_key":"etmportal.ui.configuresystem.view.Mastersap.m.Button{\"path\":\"/EndpointsWithStatus('PurchaseRequisitionProcess')\",\"propertyPath\":\"STATUS_TEXT\"}"}]}
RESULT: {"script":"<script> [1562 bytes]","args":[{"selector":{"controlType":"sap.m.Button","viewName":"etm.portal.ui.configuresystem.view.Master","bindingPath":{"path":"/EndpointsWithStatus('PurchaseRequisitionProcess')","propertyPath":"STATUS_TEXT"},"interaction":{"idSuffix":"BDI-content"}},"wdio_ui5_key":"etmportal.ui.configuresystem.view.Mastersap.m.Button{\"path\":\"/EndpointsWithStatus('PurchaseRequisitionProcess')\",\"propertyPath\":\"STATUS_TEXT\"}"}]}
RESULT: undefined
COMMAND: POST /session/a9ecac59f90ae0879adeb02b4c6e25ea/execute/async - {"script":"<script> [6424 bytes]","args":[{"element-6066-11e4-a52e-4f735466cecf":"f.2D4A0A0FF06FC9BC8B57DC00C93901FE.d.2143383ECB5A9D3C27CF99F887E2FCF7.e.206"},"getText",[]]}
RESULT: {"script":"<script> [6424 bytes]","args":[{"element-6066-11e4-a52e-4f735466cecf":"f.2D4A0A0FF06FC9BC8B57DC00C93901FE.d.2143383ECB5A9D3C27CF99F887E2FCF7.e.206"},"getText",[]]}
]]></system-out>
    </testcase>
    <testcase classname="chrome.136_0_7103_49.windows.Configure_System_-_Interfaces_US132253" name="Validate Vendor endpoint connection status to Success" time="1.209">
      <system-out><![CDATA[
COMMAND: POST /session/a9ecac59f90ae0879adeb02b4c6e25ea/execute/async - {"script":"<script> [1562 bytes]","args":[{"selector":{"controlType":"sap.m.Button","viewName":"etm.portal.ui.configuresystem.view.Master","bindingPath":{"path":"/EndpointsWithStatus('Vendor')","propertyPath":"STATUS_TEXT"},"interaction":{"idSuffix":"BDI-content"}},"wdio_ui5_key":"etmportal.ui.configuresystem.view.Mastersap.m.Button{\"path\":\"/EndpointsWithStatus('Vendor')\",\"propertyPath\":\"STATUS_TEXT\"}"}]}
RESULT: {"script":"<script> [1562 bytes]","args":[{"selector":{"controlType":"sap.m.Button","viewName":"etm.portal.ui.configuresystem.view.Master","bindingPath":{"path":"/EndpointsWithStatus('Vendor')","propertyPath":"STATUS_TEXT"},"interaction":{"idSuffix":"BDI-content"}},"wdio_ui5_key":"etmportal.ui.configuresystem.view.Mastersap.m.Button{\"path\":\"/EndpointsWithStatus('Vendor')\",\"propertyPath\":\"STATUS_TEXT\"}"}]}
RESULT: undefined
COMMAND: POST /session/a9ecac59f90ae0879adeb02b4c6e25ea/execute/async - {"script":"<script> [6424 bytes]","args":[{"element-6066-11e4-a52e-4f735466cecf":"f.2D4A0A0FF06FC9BC8B57DC00C93901FE.d.2143383ECB5A9D3C27CF99F887E2FCF7.e.207"},"getText",[]]}
RESULT: {"script":"<script> [6424 bytes]","args":[{"element-6066-11e4-a52e-4f735466cecf":"f.2D4A0A0FF06FC9BC8B57DC00C93901FE.d.2143383ECB5A9D3C27CF99F887E2FCF7.e.207"},"getText",[]]}
]]></system-out>
    </testcase>
    <testcase classname="chrome.136_0_7103_49.windows.Configure_System_-_Interfaces_US132253" name="Validate WBSElement endpoint connection status to Success" time="1.005">
      <system-out><![CDATA[
COMMAND: POST /session/a9ecac59f90ae0879adeb02b4c6e25ea/execute/async - {"script":"<script> [1562 bytes]","args":[{"selector":{"controlType":"sap.m.Button","viewName":"etm.portal.ui.configuresystem.view.Master","bindingPath":{"path":"/EndpointsWithStatus('WBSElement')","propertyPath":"STATUS_TEXT"},"interaction":{"idSuffix":"BDI-content"}},"wdio_ui5_key":"etmportal.ui.configuresystem.view.Mastersap.m.Button{\"path\":\"/EndpointsWithStatus('WBSElement')\",\"propertyPath\":\"STATUS_TEXT\"}"}]}
RESULT: {"script":"<script> [1562 bytes]","args":[{"selector":{"controlType":"sap.m.Button","viewName":"etm.portal.ui.configuresystem.view.Master","bindingPath":{"path":"/EndpointsWithStatus('WBSElement')","propertyPath":"STATUS_TEXT"},"interaction":{"idSuffix":"BDI-content"}},"wdio_ui5_key":"etmportal.ui.configuresystem.view.Mastersap.m.Button{\"path\":\"/EndpointsWithStatus('WBSElement')\",\"propertyPath\":\"STATUS_TEXT\"}"}]}
RESULT: undefined
COMMAND: POST /session/a9ecac59f90ae0879adeb02b4c6e25ea/execute/async - {"script":"<script> [6424 bytes]","args":[{"element-6066-11e4-a52e-4f735466cecf":"f.2D4A0A0FF06FC9BC8B57DC00C93901FE.d.2143383ECB5A9D3C27CF99F887E2FCF7.e.208"},"getText",[]]}
RESULT: {"script":"<script> [6424 bytes]","args":[{"element-6066-11e4-a52e-4f735466cecf":"f.2D4A0A0FF06FC9BC8B57DC00C93901FE.d.2143383ECB5A9D3C27CF99F887E2FCF7.e.208"},"getText",[]]}
COMMAND: POST /session/a9ecac59f90ae0879adeb02b4c6e25ea/element - {"using":"css selector","value":"#j_username"}
COMMAND: POST /session/a9ecac59f90ae0879adeb02b4c6e25ea/url - {"url":"https://qa-testing-00-live-etm-ui.cfapps.eu10-004.hana.ondemand.com/"}
RESULT: {"using":"css selector","value":"#j_username"}
COMMAND: POST /session/a9ecac59f90ae0879adeb02b4c6e25ea/element - {"using":"css selector","value":"#j_username"}
RESULT: {"url":"https://qa-testing-00-live-etm-ui.cfapps.eu10-004.hana.ondemand.com/"}
RESULT: undefined
COMMAND: GET /session/a9ecac59f90ae0879adeb02b4c6e25ea/screenshot - {}
RESULT: {"using":"css selector","value":"#j_username"}
COMMAND: POST /session/a9ecac59f90ae0879adeb02b4c6e25ea/element - {"using":"css selector","value":"#shell-header-logo"}
RESULT: {}
RESULT: {"using":"css selector","value":"#shell-header-logo"}
COMMAND: POST /session/a9ecac59f90ae0879adeb02b4c6e25ea/execute/sync - {"script":"<script> [8489 bytes]","args":[{"element-6066-11e4-a52e-4f735466cecf":"f.2D4A0A0FF06FC9BC8B57DC00C93901FE.d.2D4CB18E501721451AA3BAA8A5384F04.e.217","ELEMENT":"f.2D4A0A0FF06FC9BC8B57DC00C93901FE.d.2D4CB18E501721451AA3BAA8A5384F04.e.217"}]}
RESULT: {"script":"<script> [8489 bytes]","args":[{"element-6066-11e4-a52e-4f735466cecf":"f.2D4A0A0FF06FC9BC8B57DC00C93901FE.d.2D4CB18E501721451AA3BAA8A5384F04.e.217","ELEMENT":"f.2D4A0A0FF06FC9BC8B57DC00C93901FE.d.2D4CB18E501721451AA3BAA8A5384F04.e.217"}]}
COMMAND: POST /session/a9ecac59f90ae0879adeb02b4c6e25ea/element - {"using":"css selector","value":"#shell-header-logo"}
COMMAND: GET /session/a9ecac59f90ae0879adeb02b4c6e25ea/screenshot - {}
RESULT: {"using":"css selector","value":"#shell-header-logo"}
COMMAND: POST /session/a9ecac59f90ae0879adeb02b4c6e25ea/execute/sync - {"script":"<script> [8489 bytes]","args":[{"element-6066-11e4-a52e-4f735466cecf":"f.2D4A0A0FF06FC9BC8B57DC00C93901FE.d.2D4CB18E501721451AA3BAA8A5384F04.e.217","ELEMENT":"f.2D4A0A0FF06FC9BC8B57DC00C93901FE.d.2D4CB18E501721451AA3BAA8A5384F04.e.217"}]}
RESULT: {}
RESULT: {"script":"<script> [8489 bytes]","args":[{"element-6066-11e4-a52e-4f735466cecf":"f.2D4A0A0FF06FC9BC8B57DC00C93901FE.d.2D4CB18E501721451AA3BAA8A5384F04.e.217","ELEMENT":"f.2D4A0A0FF06FC9BC8B57DC00C93901FE.d.2D4CB18E501721451AA3BAA8A5384F04.e.217"}]}
COMMAND: POST /session/a9ecac59f90ae0879adeb02b4c6e25ea/execute/sync - {"script":"<script> [5351 bytes]","args":[{"element-6066-11e4-a52e-4f735466cecf":"f.2D4A0A0FF06FC9BC8B57DC00C93901FE.d.2D4CB18E501721451AA3BAA8A5384F04.e.217","ELEMENT":"f.2D4A0A0FF06FC9BC8B57DC00C93901FE.d.2D4CB18E501721451AA3BAA8A5384F04.e.217"}]}
COMMAND: GET /session/a9ecac59f90ae0879adeb02b4c6e25ea/screenshot - {}
RESULT: {"script":"<script> [5351 bytes]","args":[{"element-6066-11e4-a52e-4f735466cecf":"f.2D4A0A0FF06FC9BC8B57DC00C93901FE.d.2D4CB18E501721451AA3BAA8A5384F04.e.217","ELEMENT":"f.2D4A0A0FF06FC9BC8B57DC00C93901FE.d.2D4CB18E501721451AA3BAA8A5384F04.e.217"}]}
COMMAND: POST /session/a9ecac59f90ae0879adeb02b4c6e25ea/element - {"using":"css selector","value":"#shell-header-logo"}
COMMAND: GET /session/a9ecac59f90ae0879adeb02b4c6e25ea/screenshot - {}
RESULT: {}
RESULT: {"using":"css selector","value":"#shell-header-logo"}
COMMAND: POST /session/a9ecac59f90ae0879adeb02b4c6e25ea/element/f.2D4A0A0FF06FC9BC8B57DC00C93901FE.d.2D4CB18E501721451AA3BAA8A5384F04.e.217/click - {}
RESULT: {}
RESULT: {}
COMMAND: GET /session/a9ecac59f90ae0879adeb02b4c6e25ea/screenshot - {}
RESULT: {}
COMMAND: POST /session/a9ecac59f90ae0879adeb02b4c6e25ea/execute/async - {"script":"<script> [189 bytes]","args":[]}
RESULT: {"script":"<script> [189 bytes]","args":[]}
COMMAND: POST /session/a9ecac59f90ae0879adeb02b4c6e25ea/execute/async - {"script":"<script> [123 bytes]","args":[]}
RESULT: {"script":"<script> [123 bytes]","args":[]}
COMMAND: POST /session/a9ecac59f90ae0879adeb02b4c6e25ea/timeouts - {"script":"<number>"}
RESULT: {"script":"<number>"}
COMMAND: GET /session/a9ecac59f90ae0879adeb02b4c6e25ea/timeouts - {}
RESULT: {}
RESULT: undefined
COMMAND: POST /session/a9ecac59f90ae0879adeb02b4c6e25ea/execute/async - {"script":"<script> [2676 bytes]","args":[]}
RESULT: {"script":"<script> [2676 bytes]","args":[]}
COMMAND: POST /session/a9ecac59f90ae0879adeb02b4c6e25ea/execute/async - {"script":"<script> [2342 bytes]","args":[{"protocol":"http","hostname":"0.0.0.0","path":"/","capabilities":{"browserName":"chrome","goog:chromeOptions":{"binary":"C:\\Program Files\\Google\\Chrome\\Application\\chrome.exe","args":["--start-maximized"]}},"logLevel":"warn","connectionRetryTimeout":120000,"connectionRetryCount":3,"logLevels":{},"enableDirectConnect":true,"strictSSL":true,"_":"65 more keys: [\"cacheDir\",\"port\",\"requestedCapabilities\",\"automationProtocol\",\"baseUrl\",\"waitforInterval\",\"waitforTimeout\",\"onReload\",\"beforeCommand\",\"afterCommand\",\"rootDir\",\"specs\",\"suites\",\"exclude\",\"groupLogsByTestSpec\",\"excludeDriverLogs\",\"bail\",\"framework\",\"reporters\",\"services\",\"maxInstances\",\"maxInstancesPerCapability\",\"injectGlobals\",\"filesToWatch\",\"execArgv\",\"runnerEnv\",\"runner\",\"shard\",\"specFileRetries\",\"specFileRetriesDelay\",\"specFileRetriesDeferred\",\"reporterSyncInterval\",\"reporterSyncTimeout\",\"cucumberFeaturesWithLineNumbers\",\"autoCompileOpts\",\"mochaOpts\",\"jasmineOpts\",\"cucumberOpts\",\"onPrepare\",\"onWorkerStart\",\"onWorkerEnd\",\"before\",\"beforeSession\",\"beforeSuite\",\"beforeHook\",\"beforeTest\",\"afterTest\",\"afterHook\",\"afterSuite\",\"afterSession\",\"after\",\"onComplete\",\"beforeAssertion\",\"afterAssertion\",\"beforeFeature\",\"beforeScenario\",\"beforeStep\",\"afterStep\",\"afterScenario\",\"afterFeature\",\"_\",\"suite\",\"$0\",\"ignoredWorkerServices\",\"wdi5\"]"}]}
RESULT: {"script":"<script> [2342 bytes]","args":[{"protocol":"http","hostname":"0.0.0.0","path":"/","capabilities":{"browserName":"chrome","goog:chromeOptions":{"binary":"C:\\Program Files\\Google\\Chrome\\Application\\chrome.exe","args":["--start-maximized"]}},"logLevel":"warn","connectionRetryTimeout":120000,"connectionRetryCount":3,"logLevels":{},"enableDirectConnect":true,"strictSSL":true,"_":"65 more keys: [\"cacheDir\",\"port\",\"requestedCapabilities\",\"automationProtocol\",\"baseUrl\",\"waitforInterval\",\"waitforTimeout\",\"onReload\",\"beforeCommand\",\"afterCommand\",\"rootDir\",\"specs\",\"suites\",\"exclude\",\"groupLogsByTestSpec\",\"excludeDriverLogs\",\"bail\",\"framework\",\"reporters\",\"services\",\"maxInstances\",\"maxInstancesPerCapability\",\"injectGlobals\",\"filesToWatch\",\"execArgv\",\"runnerEnv\",\"runner\",\"shard\",\"specFileRetries\",\"specFileRetriesDelay\",\"specFileRetriesDeferred\",\"reporterSyncInterval\",\"reporterSyncTimeout\",\"cucumberFeaturesWithLineNumbers\",\"autoCompileOpts\",\"mochaOpts\",\"jasmineOpts\",\"cucumberOpts\",\"onPrepare\",\"onWorkerStart\",\"onWorkerEnd\",\"before\",\"beforeSession\",\"beforeSuite\",\"beforeHook\",\"beforeTest\",\"afterTest\",\"afterHook\",\"afterSuite\",\"afterSession\",\"after\",\"onComplete\",\"beforeAssertion\",\"afterAssertion\",\"beforeFeature\",\"beforeScenario\",\"beforeStep\",\"afterStep\",\"afterScenario\",\"afterFeature\",\"_\",\"suite\",\"$0\",\"ignoredWorkerServices\",\"wdi5\"]"}]}
COMMAND: POST /session/a9ecac59f90ae0879adeb02b4c6e25ea/execute/async - {"script":"<script> [21126 bytes]","args":[35000]}
RESULT: {"script":"<script> [21126 bytes]","args":[35000]}
COMMAND: POST /session/a9ecac59f90ae0879adeb02b4c6e25ea/window/maximize - {}
RESULT: {}
COMMAND: POST /session/a9ecac59f90ae0879adeb02b4c6e25ea/execute/async - {"script":"<script> [1562 bytes]","args":[{"selector":{"id":"shell-header","interaction":{"idSuffix":"icon"}},"wdio_ui5_key":"shellheader"}]}
COMMAND: GET /session/a9ecac59f90ae0879adeb02b4c6e25ea/screenshot - {}
RESULT: {"script":"<script> [1562 bytes]","args":[{"selector":{"id":"shell-header","interaction":{"idSuffix":"icon"}},"wdio_ui5_key":"shellheader"}]}
RESULT: undefined
COMMAND: POST /session/a9ecac59f90ae0879adeb02b4c6e25ea/window/maximize - {}
RESULT: {}
RESULT: {}
]]></system-out>
    </testcase>
  </testsuite>
  <testsuite timestamp="2025-05-13T07:22:26" time="195.492" tests="4" failures="0" errors="0" skipped="0">
    <properties>
      <property name="specId" value="0" />
      <property name="suiteName" value="Manage RU: Interfaces Data Check for UI fields US132253" />
      <property name="capabilities" value="chrome.136_0_7103_49.windows" />
      <property name="file" value="file:///D:/a/1/s/test/specs/TECH/ru-interface-data-check.spec.js" />
    </properties>
    <testcase classname="chrome.136_0_7103_49.windows.Manage_RU:_Interfaces_Data_Check_for_UI_fields_US132253" name="Should see data from Equipment interface for Equipment Value Help Field" time="49.35">
      <system-out><![CDATA[
COMMAND: GET /session/a9ecac59f90ae0879adeb02b4c6e25ea/screenshot - {}
COMMAND: POST /session/a9ecac59f90ae0879adeb02b4c6e25ea/execute/async - {"script":"<script> [1562 bytes]","args":[{"selector":{"controlType":"sap.m.GenericTile","properties":{"header":"Manage Resources"}},"wdio_ui5_key":"sapm.GenericTile{\"header\":\"Manage Resources\"}"}]}
RESULT: {}
RESULT: {"script":"<script> [1562 bytes]","args":[{"selector":{"controlType":"sap.m.GenericTile","properties":{"header":"Manage Resources"}},"wdio_ui5_key":"sapm.GenericTile{\"header\":\"Manage Resources\"}"}]}
RESULT: undefined
COMMAND: POST /session/a9ecac59f90ae0879adeb02b4c6e25ea/element - {"using":"xpath","value":"//*[@id=\"__tile39\"]"}
RESULT: {"using":"xpath","value":"//*[@id=\"__tile39\"]"}
COMMAND: POST /session/a9ecac59f90ae0879adeb02b4c6e25ea/element/f.2D4A0A0FF06FC9BC8B57DC00C93901FE.d.2D4CB18E501721451AA3BAA8A5384F04.e.225/click - {}
RESULT: {}
COMMAND: GET /session/a9ecac59f90ae0879adeb02b4c6e25ea/screenshot - {}
RESULT: {}
COMMAND: POST /session/a9ecac59f90ae0879adeb02b4c6e25ea/elements - {"using":"xpath","value":"//span[text()='Error']"}
RESULT: {"using":"xpath","value":"//span[text()='Error']"}
COMMAND: POST /session/a9ecac59f90ae0879adeb02b4c6e25ea/execute/async - {"script":"<script> [1562 bytes]","args":[{"selector":{"controlType":"sap.ui.core.Icon","viewName":"etm.portal.ui.manageresources.view.Master","viewId":"application-manageresources-display-component---masterRU","properties":{"src":{"regex":{"source":"add"}}}},"wdio_ui5_key":"etmportal.ui.manageresources.view.Mastersap.ui.core.Icon{\"src\":{\"regex\":{\"source\":\"add\"}}}"}]}
RESULT: {"script":"<script> [1562 bytes]","args":[{"selector":{"controlType":"sap.ui.core.Icon","viewName":"etm.portal.ui.manageresources.view.Master","viewId":"application-manageresources-display-component---masterRU","properties":{"src":{"regex":{"source":"add"}}}},"wdio_ui5_key":"etmportal.ui.manageresources.view.Mastersap.ui.core.Icon{\"src\":{\"regex\":{\"source\":\"add\"}}}"}]}
RESULT: undefined
COMMAND: POST /session/a9ecac59f90ae0879adeb02b4c6e25ea/element - {"using":"xpath","value":"//*[@id=\"__button5-img\"]"}
RESULT: {"using":"xpath","value":"//*[@id=\"__button5-img\"]"}
COMMAND: POST /session/a9ecac59f90ae0879adeb02b4c6e25ea/element/f.2D4A0A0FF06FC9BC8B57DC00C93901FE.d.2D4CB18E501721451AA3BAA8A5384F04.e.271/click - {}
RESULT: {}
COMMAND: GET /session/a9ecac59f90ae0879adeb02b4c6e25ea/screenshot - {}
RESULT: {}
COMMAND: POST /session/a9ecac59f90ae0879adeb02b4c6e25ea/execute/async - {"script":"<script> [1562 bytes]","args":[{"selector":{"id":"application-manageresources-display-component---newResourceUnit--TYPE","interaction":{"idSuffix":"inner"}},"wdio_ui5_key":"applicationmanageresources-display-component---newResourceUnit--TYPE"}]}
RESULT: {"script":"<script> [1562 bytes]","args":[{"selector":{"id":"application-manageresources-display-component---newResourceUnit--TYPE","interaction":{"idSuffix":"inner"}},"wdio_ui5_key":"applicationmanageresources-display-component---newResourceUnit--TYPE"}]}
RESULT: undefined
COMMAND: POST /session/a9ecac59f90ae0879adeb02b4c6e25ea/execute/async - {"script":"<script> [776 bytes]","args":[{"enterText":"Equipment","selector":{"id":"application-manageresources-display-component---newResourceUnit--TYPE","interaction":{"idSuffix":"inner"}},"clearTextFirst":true,"interactionType":"ENTER_TEXT"}]}
RESULT: {"script":"<script> [776 bytes]","args":[{"enterText":"Equipment","selector":{"id":"application-manageresources-display-component---newResourceUnit--TYPE","interaction":{"idSuffix":"inner"}},"clearTextFirst":true,"interactionType":"ENTER_TEXT"}]}
COMMAND: POST /session/a9ecac59f90ae0879adeb02b4c6e25ea/actions - {"actions":[{"id":"action1","type":"key","parameters":{},"actions":[{"type":"keyDown","value":"î€•"},{"type":"pause","duration":10},{"type":"keyUp","value":"î€•"}]}]}
RESULT: {"actions":[{"id":"action1","type":"key","parameters":{},"actions":[{"type":"keyDown","value":"î€•"},{"type":"pause","duration":10},{"type":"keyUp","value":"î€•"}]}]}
COMMAND: POST /session/a9ecac59f90ae0879adeb02b4c6e25ea/actions - {"actions":[{"id":"action2","type":"key","parameters":{},"actions":[{"type":"keyDown","value":"î€‡"},{"type":"pause","duration":10},{"type":"keyUp","value":"î€‡"}]}]}
COMMAND: GET /session/a9ecac59f90ae0879adeb02b4c6e25ea/screenshot - {}
RESULT: {"actions":[{"id":"action2","type":"key","parameters":{},"actions":[{"type":"keyDown","value":"î€‡"},{"type":"pause","duration":10},{"type":"keyUp","value":"î€‡"}]}]}
COMMAND: GET /session/a9ecac59f90ae0879adeb02b4c6e25ea/screenshot - {}
RESULT: {}
RESULT: {}
COMMAND: POST /session/a9ecac59f90ae0879adeb02b4c6e25ea/execute/async - {"script":"<script> [1562 bytes]","args":[{"selector":{"id":"application-manageresources-display-component---newResourceUnit--rruEquipmentNo","interaction":{"idSuffix":"inner"}},"wdio_ui5_key":"applicationmanageresources-display-component---newResourceUnit--rruEquipmentNo"}]}
RESULT: {"script":"<script> [1562 bytes]","args":[{"selector":{"id":"application-manageresources-display-component---newResourceUnit--rruEquipmentNo","interaction":{"idSuffix":"inner"}},"wdio_ui5_key":"applicationmanageresources-display-component---newResourceUnit--rruEquipmentNo"}]}
RESULT: undefined
COMMAND: POST /session/a9ecac59f90ae0879adeb02b4c6e25ea/execute/async - {"script":"<script> [776 bytes]","args":[{"enterText":"","selector":{"id":"application-manageresources-display-component---newResourceUnit--rruEquipmentNo","interaction":{"idSuffix":"inner"}},"clearTextFirst":true,"interactionType":"ENTER_TEXT"}]}
RESULT: {"script":"<script> [776 bytes]","args":[{"enterText":"","selector":{"id":"application-manageresources-display-component---newResourceUnit--rruEquipmentNo","interaction":{"idSuffix":"inner"}},"clearTextFirst":true,"interactionType":"ENTER_TEXT"}]}
COMMAND: POST /session/a9ecac59f90ae0879adeb02b4c6e25ea/execute/async - {"script":"<script> [1562 bytes]","args":[{"selector":{"id":"application-manageresources-display-component---newResourceUnit--rruEquipmentNo-vhi"},"wdio_ui5_key":"applicationmanageresources-display-component---newResourceUnit--rruEquipmentNo-vhi"}]}
RESULT: {"script":"<script> [1562 bytes]","args":[{"selector":{"id":"application-manageresources-display-component---newResourceUnit--rruEquipmentNo-vhi"},"wdio_ui5_key":"applicationmanageresources-display-component---newResourceUnit--rruEquipmentNo-vhi"}]}
RESULT: undefined
COMMAND: POST /session/a9ecac59f90ae0879adeb02b4c6e25ea/element - {"using":"xpath","value":"//*[@id=\"application-manageresources-display-component---newResourceUnit--rruEquipmentNo-vhi\"]"}
RESULT: {"using":"xpath","value":"//*[@id=\"application-manageresources-display-component---newResourceUnit--rruEquipmentNo-vhi\"]"}
COMMAND: POST /session/a9ecac59f90ae0879adeb02b4c6e25ea/element/f.2D4A0A0FF06FC9BC8B57DC00C93901FE.d.2D4CB18E501721451AA3BAA8A5384F04.e.718/click - {}
RESULT: {}
COMMAND: GET /session/a9ecac59f90ae0879adeb02b4c6e25ea/screenshot - {}
RESULT: {}
COMMAND: POST /session/a9ecac59f90ae0879adeb02b4c6e25ea/execute/async - {"script":"<script> [1562 bytes]","args":[{"selector":{"controlType":"sap.m.Text","bindingPath":{"path":"/EquipmentValueHelpSet('10000007')","propertyPath":"EQUIPMENT","modelName":"EquipmentValueHelpModel"},"searchOpenDialogs":true},"wdio_ui5_key":"sapm.Text{\"path\":\"/EquipmentValueHelpSet('10000007')\",\"propertyPath\":\"EQUIPMENT\",\"modelName\":\"EquipmentValueHelpModel\"}"}]}
RESULT: {"script":"<script> [1562 bytes]","args":[{"selector":{"controlType":"sap.m.Text","bindingPath":{"path":"/EquipmentValueHelpSet('10000007')","propertyPath":"EQUIPMENT","modelName":"EquipmentValueHelpModel"},"searchOpenDialogs":true},"wdio_ui5_key":"sapm.Text{\"path\":\"/EquipmentValueHelpSet('10000007')\",\"propertyPath\":\"EQUIPMENT\",\"modelName\":\"EquipmentValueHelpModel\"}"}]}
RESULT: undefined
COMMAND: POST /session/a9ecac59f90ae0879adeb02b4c6e25ea/element - {"using":"xpath","value":"//*[@id=\"__text355-__clone238\"]"}
RESULT: {"using":"xpath","value":"//*[@id=\"__text355-__clone238\"]"}
COMMAND: POST /session/a9ecac59f90ae0879adeb02b4c6e25ea/element/f.2D4A0A0FF06FC9BC8B57DC00C93901FE.d.2D4CB18E501721451AA3BAA8A5384F04.e.726/click - {}
RESULT: {}
COMMAND: POST /session/a9ecac59f90ae0879adeb02b4c6e25ea/execute/async - {"script":"<script> [1562 bytes]","args":[{"selector":{"controlType":"sap.m.Button","properties":{"text":"OK"},"searchOpenDialogs":true,"interaction":{"idSuffix":"content"}},"wdio_ui5_key":"sapm.Button{\"text\":\"OK\"}"}]}
COMMAND: GET /session/a9ecac59f90ae0879adeb02b4c6e25ea/screenshot - {}
RESULT: {"script":"<script> [1562 bytes]","args":[{"selector":{"controlType":"sap.m.Button","properties":{"text":"OK"},"searchOpenDialogs":true,"interaction":{"idSuffix":"content"}},"wdio_ui5_key":"sapm.Button{\"text\":\"OK\"}"}]}
RESULT: undefined
COMMAND: POST /session/a9ecac59f90ae0879adeb02b4c6e25ea/element - {"using":"xpath","value":"//*[@id=\"__dialog1-ok\"]"}
RESULT: {}
RESULT: {"using":"xpath","value":"//*[@id=\"__dialog1-ok\"]"}
COMMAND: POST /session/a9ecac59f90ae0879adeb02b4c6e25ea/element/f.2D4A0A0FF06FC9BC8B57DC00C93901FE.d.2D4CB18E501721451AA3BAA8A5384F04.e.729/click - {}
RESULT: {}
COMMAND: GET /session/a9ecac59f90ae0879adeb02b4c6e25ea/screenshot - {}
RESULT: {}
RESULT: undefined
COMMAND: POST /session/a9ecac59f90ae0879adeb02b4c6e25ea/execute/async - {"script":"<script> [6424 bytes]","args":[{"element-6066-11e4-a52e-4f735466cecf":"f.2D4A0A0FF06FC9BC8B57DC00C93901FE.d.2D4CB18E501721451AA3BAA8A5384F04.e.706"},"getValue",[]]}
COMMAND: POST /session/a9ecac59f90ae0879adeb02b4c6e25ea/execute/async - {"script":"<script> [1562 bytes]","args":[{"selector":{"id":"application-manageresources-display-component---newResourceUnit--rruEquipmentNo","interaction":{"idSuffix":"inner"}},"wdio_ui5_key":"applicationmanageresources-display-component---newResourceUnit--rruEquipmentNo"}]}
RESULT: {"script":"<script> [1562 bytes]","args":[{"selector":{"id":"application-manageresources-display-component---newResourceUnit--rruEquipmentNo","interaction":{"idSuffix":"inner"}},"wdio_ui5_key":"applicationmanageresources-display-component---newResourceUnit--rruEquipmentNo"}]}
COMMAND: POST /session/a9ecac59f90ae0879adeb02b4c6e25ea/execute/async - {"script":"<script> [6424 bytes]","args":[{"element-6066-11e4-a52e-4f735466cecf":"f.2D4A0A0FF06FC9BC8B57DC00C93901FE.d.2D4CB18E501721451AA3BAA8A5384F04.e.733"},"getValue",[]]}
RESULT: {"script":"<script> [6424 bytes]","args":[{"element-6066-11e4-a52e-4f735466cecf":"f.2D4A0A0FF06FC9BC8B57DC00C93901FE.d.2D4CB18E501721451AA3BAA8A5384F04.e.733"},"getValue",[]]}
COMMAND: POST /session/a9ecac59f90ae0879adeb02b4c6e25ea/execute/async - {"script":"<script> [1562 bytes]","args":[{"selector":{"id":"application-manageresources-display-component---newResourceUnit--SHORT_TEXT"},"wdio_ui5_key":"applicationmanageresources-display-component---newResourceUnit--SHORT_TEXT"}]}
RESULT: {"script":"<script> [1562 bytes]","args":[{"selector":{"id":"application-manageresources-display-component---newResourceUnit--SHORT_TEXT"},"wdio_ui5_key":"applicationmanageresources-display-component---newResourceUnit--SHORT_TEXT"}]}
RESULT: undefined
COMMAND: POST /session/a9ecac59f90ae0879adeb02b4c6e25ea/execute/async - {"script":"<script> [6424 bytes]","args":[{"element-6066-11e4-a52e-4f735466cecf":"f.2D4A0A0FF06FC9BC8B57DC00C93901FE.d.2D4CB18E501721451AA3BAA8A5384F04.e.610"},"getValue",[]]}
RESULT: {"script":"<script> [6424 bytes]","args":[{"element-6066-11e4-a52e-4f735466cecf":"f.2D4A0A0FF06FC9BC8B57DC00C93901FE.d.2D4CB18E501721451AA3BAA8A5384F04.e.610"},"getValue",[]]}
]]></system-out>
    </testcase>
    <testcase classname="chrome.136_0_7103_49.windows.Manage_RU:_Interfaces_Data_Check_for_UI_fields_US132253" name="Should see data from Asset interface for Asset Value Help Field" time="76.34">
      <system-out><![CDATA[
COMMAND: POST /session/a9ecac59f90ae0879adeb02b4c6e25ea/execute/async - {"script":"<script> [1562 bytes]","args":[{"selector":{"id":"application-manageresources-display-component---newResourceUnit--rruAssetNo-vhi"},"wdio_ui5_key":"applicationmanageresources-display-component---newResourceUnit--rruAssetNo-vhi"}]}
RESULT: {"script":"<script> [1562 bytes]","args":[{"selector":{"id":"application-manageresources-display-component---newResourceUnit--rruAssetNo-vhi"},"wdio_ui5_key":"applicationmanageresources-display-component---newResourceUnit--rruAssetNo-vhi"}]}
RESULT: undefined
COMMAND: POST /session/a9ecac59f90ae0879adeb02b4c6e25ea/element - {"using":"xpath","value":"//*[@id=\"application-manageresources-display-component---newResourceUnit--rruAssetNo-vhi\"]"}
RESULT: {"using":"xpath","value":"//*[@id=\"application-manageresources-display-component---newResourceUnit--rruAssetNo-vhi\"]"}
COMMAND: POST /session/a9ecac59f90ae0879adeb02b4c6e25ea/element/f.2D4A0A0FF06FC9BC8B57DC00C93901FE.d.2D4CB18E501721451AA3BAA8A5384F04.e.736/click - {}
RESULT: {}
COMMAND: GET /session/a9ecac59f90ae0879adeb02b4c6e25ea/screenshot - {}
RESULT: {}
COMMAND: POST /session/a9ecac59f90ae0879adeb02b4c6e25ea/execute/async - {"script":"<script> [1562 bytes]","args":[{"selector":{"controlType":"sap.m.Text","bindingPath":{"path":"/I_FixedAssetValueHelp(CompanyCode='1000',MasterFixedAsset='400009',FixedAsset='0')","propertyPath":"MasterFixedAsset","modelName":"AssetValueHelpModel"},"searchOpenDialogs":true},"wdio_ui5_key":"sapm.Text{\"path\":\"/I_FixedAssetValueHelp(CompanyCode='1000',MasterFixedAsset='400009',FixedAsset='0')\",\"propertyPath\":\"MasterFixedAsset\",\"modelName\":\"AssetValueHelpModel\"}"}]}
RESULT: {"script":"<script> [1562 bytes]","args":[{"selector":{"controlType":"sap.m.Text","bindingPath":{"path":"/I_FixedAssetValueHelp(CompanyCode='1000',MasterFixedAsset='400009',FixedAsset='0')","propertyPath":"MasterFixedAsset","modelName":"AssetValueHelpModel"},"searchOpenDialogs":true},"wdio_ui5_key":"sapm.Text{\"path\":\"/I_FixedAssetValueHelp(CompanyCode='1000',MasterFixedAsset='400009',FixedAsset='0')\",\"propertyPath\":\"MasterFixedAsset\",\"modelName\":\"AssetValueHelpModel\"}"}]}
RESULT: undefined
COMMAND: POST /session/a9ecac59f90ae0879adeb02b4c6e25ea/element - {"using":"xpath","value":"//*[@id=\"__text363-__clone262\"]"}
RESULT: {"using":"xpath","value":"//*[@id=\"__text363-__clone262\"]"}
COMMAND: POST /session/a9ecac59f90ae0879adeb02b4c6e25ea/element/f.2D4A0A0FF06FC9BC8B57DC00C93901FE.d.2D4CB18E501721451AA3BAA8A5384F04.e.741/click - {}
RESULT: {}
RESULT: undefined
COMMAND: POST /session/a9ecac59f90ae0879adeb02b4c6e25ea/element - {"using":"xpath","value":"//*[@id=\"__dialog1-ok\"]"}
COMMAND: GET /session/a9ecac59f90ae0879adeb02b4c6e25ea/screenshot - {}
RESULT: {"using":"xpath","value":"//*[@id=\"__dialog1-ok\"]"}
COMMAND: POST /session/a9ecac59f90ae0879adeb02b4c6e25ea/elements - {"using":"xpath","value":"//*[@id=\"__dialog1-ok\"]"}
RESULT: {}
RESULT: {"using":"xpath","value":"//*[@id=\"__dialog1-ok\"]"}
COMMAND: POST /session/a9ecac59f90ae0879adeb02b4c6e25ea/elements - {"using":"xpath","value":"//*[@id=\"__dialog1-ok\"]"}
RESULT: {"using":"xpath","value":"//*[@id=\"__dialog1-ok\"]"}
COMMAND: POST /session/a9ecac59f90ae0879adeb02b4c6e25ea/elements - {"using":"xpath","value":"//*[@id=\"__dialog1-ok\"]"}
RESULT: {"using":"xpath","value":"//*[@id=\"__dialog1-ok\"]"}
COMMAND: POST /session/a9ecac59f90ae0879adeb02b4c6e25ea/elements - {"using":"xpath","value":"//*[@id=\"__dialog1-ok\"]"}
RESULT: {"using":"xpath","value":"//*[@id=\"__dialog1-ok\"]"}
COMMAND: POST /session/a9ecac59f90ae0879adeb02b4c6e25ea/elements - {"using":"xpath","value":"//*[@id=\"__dialog1-ok\"]"}
RESULT: {"using":"xpath","value":"//*[@id=\"__dialog1-ok\"]"}
COMMAND: POST /session/a9ecac59f90ae0879adeb02b4c6e25ea/elements - {"using":"xpath","value":"//*[@id=\"__dialog1-ok\"]"}
RESULT: {"using":"xpath","value":"//*[@id=\"__dialog1-ok\"]"}
COMMAND: POST /session/a9ecac59f90ae0879adeb02b4c6e25ea/elements - {"using":"xpath","value":"//*[@id=\"__dialog1-ok\"]"}
RESULT: {"using":"xpath","value":"//*[@id=\"__dialog1-ok\"]"}
COMMAND: POST /session/a9ecac59f90ae0879adeb02b4c6e25ea/elements - {"using":"xpath","value":"//*[@id=\"__dialog1-ok\"]"}
RESULT: {"using":"xpath","value":"//*[@id=\"__dialog1-ok\"]"}
COMMAND: POST /session/a9ecac59f90ae0879adeb02b4c6e25ea/elements - {"using":"xpath","value":"//*[@id=\"__dialog1-ok\"]"}
RESULT: {"using":"xpath","value":"//*[@id=\"__dialog1-ok\"]"}
COMMAND: POST /session/a9ecac59f90ae0879adeb02b4c6e25ea/elements - {"using":"xpath","value":"//*[@id=\"__dialog1-ok\"]"}
RESULT: {"using":"xpath","value":"//*[@id=\"__dialog1-ok\"]"}
COMMAND: POST /session/a9ecac59f90ae0879adeb02b4c6e25ea/elements - {"using":"xpath","value":"//*[@id=\"__dialog1-ok\"]"}
RESULT: {"using":"xpath","value":"//*[@id=\"__dialog1-ok\"]"}
COMMAND: POST /session/a9ecac59f90ae0879adeb02b4c6e25ea/elements - {"using":"xpath","value":"//*[@id=\"__dialog1-ok\"]"}
RESULT: {"using":"xpath","value":"//*[@id=\"__dialog1-ok\"]"}
COMMAND: POST /session/a9ecac59f90ae0879adeb02b4c6e25ea/elements - {"using":"xpath","value":"//*[@id=\"__dialog1-ok\"]"}
RESULT: {"using":"xpath","value":"//*[@id=\"__dialog1-ok\"]"}
COMMAND: POST /session/a9ecac59f90ae0879adeb02b4c6e25ea/elements - {"using":"xpath","value":"//*[@id=\"__dialog1-ok\"]"}
RESULT: {"using":"xpath","value":"//*[@id=\"__dialog1-ok\"]"}
COMMAND: POST /session/a9ecac59f90ae0879adeb02b4c6e25ea/elements - {"using":"xpath","value":"//*[@id=\"__dialog1-ok\"]"}
RESULT: {"using":"xpath","value":"//*[@id=\"__dialog1-ok\"]"}
COMMAND: POST /session/a9ecac59f90ae0879adeb02b4c6e25ea/elements - {"using":"xpath","value":"//*[@id=\"__dialog1-ok\"]"}
RESULT: {"using":"xpath","value":"//*[@id=\"__dialog1-ok\"]"}
COMMAND: POST /session/a9ecac59f90ae0879adeb02b4c6e25ea/elements - {"using":"xpath","value":"//*[@id=\"__dialog1-ok\"]"}
RESULT: {"using":"xpath","value":"//*[@id=\"__dialog1-ok\"]"}
COMMAND: POST /session/a9ecac59f90ae0879adeb02b4c6e25ea/elements - {"using":"xpath","value":"//*[@id=\"__dialog1-ok\"]"}
RESULT: {"using":"xpath","value":"//*[@id=\"__dialog1-ok\"]"}
COMMAND: POST /session/a9ecac59f90ae0879adeb02b4c6e25ea/elements - {"using":"xpath","value":"//*[@id=\"__dialog1-ok\"]"}
RESULT: {"using":"xpath","value":"//*[@id=\"__dialog1-ok\"]"}
COMMAND: POST /session/a9ecac59f90ae0879adeb02b4c6e25ea/elements - {"using":"xpath","value":"//*[@id=\"__dialog1-ok\"]"}
RESULT: {"using":"xpath","value":"//*[@id=\"__dialog1-ok\"]"}
COMMAND: POST /session/a9ecac59f90ae0879adeb02b4c6e25ea/elements - {"using":"xpath","value":"//*[@id=\"__dialog1-ok\"]"}
RESULT: {"using":"xpath","value":"//*[@id=\"__dialog1-ok\"]"}
COMMAND: POST /session/a9ecac59f90ae0879adeb02b4c6e25ea/elements - {"using":"xpath","value":"//*[@id=\"__dialog1-ok\"]"}
RESULT: {"using":"xpath","value":"//*[@id=\"__dialog1-ok\"]"}
COMMAND: POST /session/a9ecac59f90ae0879adeb02b4c6e25ea/elements - {"using":"xpath","value":"//*[@id=\"__dialog1-ok\"]"}
RESULT: {"using":"xpath","value":"//*[@id=\"__dialog1-ok\"]"}
COMMAND: POST /session/a9ecac59f90ae0879adeb02b4c6e25ea/elements - {"using":"xpath","value":"//*[@id=\"__dialog1-ok\"]"}
RESULT: {"using":"xpath","value":"//*[@id=\"__dialog1-ok\"]"}
COMMAND: POST /session/a9ecac59f90ae0879adeb02b4c6e25ea/elements - {"using":"xpath","value":"//*[@id=\"__dialog1-ok\"]"}
RESULT: {"using":"xpath","value":"//*[@id=\"__dialog1-ok\"]"}
COMMAND: POST /session/a9ecac59f90ae0879adeb02b4c6e25ea/elements - {"using":"xpath","value":"//*[@id=\"__dialog1-ok\"]"}
RESULT: {"using":"xpath","value":"//*[@id=\"__dialog1-ok\"]"}
COMMAND: POST /session/a9ecac59f90ae0879adeb02b4c6e25ea/elements - {"using":"xpath","value":"//*[@id=\"__dialog1-ok\"]"}
RESULT: {"using":"xpath","value":"//*[@id=\"__dialog1-ok\"]"}
COMMAND: POST /session/a9ecac59f90ae0879adeb02b4c6e25ea/elements - {"using":"xpath","value":"//*[@id=\"__dialog1-ok\"]"}
RESULT: {"using":"xpath","value":"//*[@id=\"__dialog1-ok\"]"}
COMMAND: POST /session/a9ecac59f90ae0879adeb02b4c6e25ea/elements - {"using":"xpath","value":"//*[@id=\"__dialog1-ok\"]"}
RESULT: {"using":"xpath","value":"//*[@id=\"__dialog1-ok\"]"}
COMMAND: POST /session/a9ecac59f90ae0879adeb02b4c6e25ea/elements - {"using":"xpath","value":"//*[@id=\"__dialog1-ok\"]"}
RESULT: {"using":"xpath","value":"//*[@id=\"__dialog1-ok\"]"}
COMMAND: POST /session/a9ecac59f90ae0879adeb02b4c6e25ea/elements - {"using":"xpath","value":"//*[@id=\"__dialog1-ok\"]"}
RESULT: {"using":"xpath","value":"//*[@id=\"__dialog1-ok\"]"}
COMMAND: POST /session/a9ecac59f90ae0879adeb02b4c6e25ea/elements - {"using":"xpath","value":"//*[@id=\"__dialog1-ok\"]"}
RESULT: {"using":"xpath","value":"//*[@id=\"__dialog1-ok\"]"}
COMMAND: POST /session/a9ecac59f90ae0879adeb02b4c6e25ea/elements - {"using":"xpath","value":"//*[@id=\"__dialog1-ok\"]"}
RESULT: {"using":"xpath","value":"//*[@id=\"__dialog1-ok\"]"}
COMMAND: POST /session/a9ecac59f90ae0879adeb02b4c6e25ea/elements - {"using":"xpath","value":"//*[@id=\"__dialog1-ok\"]"}
RESULT: {"using":"xpath","value":"//*[@id=\"__dialog1-ok\"]"}
COMMAND: POST /session/a9ecac59f90ae0879adeb02b4c6e25ea/elements - {"using":"xpath","value":"//*[@id=\"__dialog1-ok\"]"}
RESULT: {"using":"xpath","value":"//*[@id=\"__dialog1-ok\"]"}
COMMAND: POST /session/a9ecac59f90ae0879adeb02b4c6e25ea/elements - {"using":"xpath","value":"//*[@id=\"__dialog1-ok\"]"}
RESULT: {"using":"xpath","value":"//*[@id=\"__dialog1-ok\"]"}
COMMAND: POST /session/a9ecac59f90ae0879adeb02b4c6e25ea/elements - {"using":"xpath","value":"//*[@id=\"__dialog1-ok\"]"}
RESULT: {"using":"xpath","value":"//*[@id=\"__dialog1-ok\"]"}
COMMAND: POST /session/a9ecac59f90ae0879adeb02b4c6e25ea/elements - {"using":"xpath","value":"//*[@id=\"__dialog1-ok\"]"}
RESULT: {"using":"xpath","value":"//*[@id=\"__dialog1-ok\"]"}
COMMAND: POST /session/a9ecac59f90ae0879adeb02b4c6e25ea/elements - {"using":"xpath","value":"//*[@id=\"__dialog1-ok\"]"}
RESULT: {"using":"xpath","value":"//*[@id=\"__dialog1-ok\"]"}
COMMAND: POST /session/a9ecac59f90ae0879adeb02b4c6e25ea/elements - {"using":"xpath","value":"//*[@id=\"__dialog1-ok\"]"}
RESULT: {"using":"xpath","value":"//*[@id=\"__dialog1-ok\"]"}
COMMAND: POST /session/a9ecac59f90ae0879adeb02b4c6e25ea/elements - {"using":"xpath","value":"//*[@id=\"__dialog1-ok\"]"}
RESULT: {"using":"xpath","value":"//*[@id=\"__dialog1-ok\"]"}
COMMAND: POST /session/a9ecac59f90ae0879adeb02b4c6e25ea/elements - {"using":"xpath","value":"//*[@id=\"__dialog1-ok\"]"}
RESULT: {"using":"xpath","value":"//*[@id=\"__dialog1-ok\"]"}
COMMAND: POST /session/a9ecac59f90ae0879adeb02b4c6e25ea/elements - {"using":"xpath","value":"//*[@id=\"__dialog1-ok\"]"}
RESULT: {"using":"xpath","value":"//*[@id=\"__dialog1-ok\"]"}
COMMAND: POST /session/a9ecac59f90ae0879adeb02b4c6e25ea/elements - {"using":"xpath","value":"//*[@id=\"__dialog1-ok\"]"}
RESULT: {"using":"xpath","value":"//*[@id=\"__dialog1-ok\"]"}
COMMAND: POST /session/a9ecac59f90ae0879adeb02b4c6e25ea/elements - {"using":"xpath","value":"//*[@id=\"__dialog1-ok\"]"}
RESULT: {"using":"xpath","value":"//*[@id=\"__dialog1-ok\"]"}
COMMAND: POST /session/a9ecac59f90ae0879adeb02b4c6e25ea/elements - {"using":"xpath","value":"//*[@id=\"__dialog1-ok\"]"}
RESULT: {"using":"xpath","value":"//*[@id=\"__dialog1-ok\"]"}
COMMAND: POST /session/a9ecac59f90ae0879adeb02b4c6e25ea/elements - {"using":"xpath","value":"//*[@id=\"__dialog1-ok\"]"}
RESULT: {"using":"xpath","value":"//*[@id=\"__dialog1-ok\"]"}
COMMAND: POST /session/a9ecac59f90ae0879adeb02b4c6e25ea/elements - {"using":"xpath","value":"//*[@id=\"__dialog1-ok\"]"}
RESULT: {"using":"xpath","value":"//*[@id=\"__dialog1-ok\"]"}
COMMAND: POST /session/a9ecac59f90ae0879adeb02b4c6e25ea/elements - {"using":"xpath","value":"//*[@id=\"__dialog1-ok\"]"}
RESULT: {"using":"xpath","value":"//*[@id=\"__dialog1-ok\"]"}
COMMAND: POST /session/a9ecac59f90ae0879adeb02b4c6e25ea/elements - {"using":"xpath","value":"//*[@id=\"__dialog1-ok\"]"}
RESULT: {"using":"xpath","value":"//*[@id=\"__dialog1-ok\"]"}
COMMAND: POST /session/a9ecac59f90ae0879adeb02b4c6e25ea/elements - {"using":"xpath","value":"//*[@id=\"__dialog1-ok\"]"}
RESULT: {"using":"xpath","value":"//*[@id=\"__dialog1-ok\"]"}
COMMAND: POST /session/a9ecac59f90ae0879adeb02b4c6e25ea/elements - {"using":"xpath","value":"//*[@id=\"__dialog1-ok\"]"}
RESULT: {"using":"xpath","value":"//*[@id=\"__dialog1-ok\"]"}
COMMAND: POST /session/a9ecac59f90ae0879adeb02b4c6e25ea/elements - {"using":"xpath","value":"//*[@id=\"__dialog1-ok\"]"}
RESULT: {"using":"xpath","value":"//*[@id=\"__dialog1-ok\"]"}
COMMAND: POST /session/a9ecac59f90ae0879adeb02b4c6e25ea/elements - {"using":"xpath","value":"//*[@id=\"__dialog1-ok\"]"}
RESULT: {"using":"xpath","value":"//*[@id=\"__dialog1-ok\"]"}
COMMAND: POST /session/a9ecac59f90ae0879adeb02b4c6e25ea/elements - {"using":"xpath","value":"//*[@id=\"__dialog1-ok\"]"}
RESULT: {"using":"xpath","value":"//*[@id=\"__dialog1-ok\"]"}
COMMAND: POST /session/a9ecac59f90ae0879adeb02b4c6e25ea/elements - {"using":"xpath","value":"//*[@id=\"__dialog1-ok\"]"}
RESULT: {"using":"xpath","value":"//*[@id=\"__dialog1-ok\"]"}
COMMAND: POST /session/a9ecac59f90ae0879adeb02b4c6e25ea/elements - {"using":"xpath","value":"//*[@id=\"__dialog1-ok\"]"}
RESULT: {"using":"xpath","value":"//*[@id=\"__dialog1-ok\"]"}
COMMAND: POST /session/a9ecac59f90ae0879adeb02b4c6e25ea/elements - {"using":"xpath","value":"//*[@id=\"__dialog1-ok\"]"}
RESULT: {"using":"xpath","value":"//*[@id=\"__dialog1-ok\"]"}
COMMAND: POST /session/a9ecac59f90ae0879adeb02b4c6e25ea/elements - {"using":"xpath","value":"//*[@id=\"__dialog1-ok\"]"}
RESULT: {"using":"xpath","value":"//*[@id=\"__dialog1-ok\"]"}
COMMAND: POST /session/a9ecac59f90ae0879adeb02b4c6e25ea/elements - {"using":"xpath","value":"//*[@id=\"__dialog1-ok\"]"}
RESULT: {"using":"xpath","value":"//*[@id=\"__dialog1-ok\"]"}
COMMAND: POST /session/a9ecac59f90ae0879adeb02b4c6e25ea/elements - {"using":"xpath","value":"//*[@id=\"__dialog1-ok\"]"}
RESULT: {"using":"xpath","value":"//*[@id=\"__dialog1-ok\"]"}
COMMAND: POST /session/a9ecac59f90ae0879adeb02b4c6e25ea/elements - {"using":"xpath","value":"//*[@id=\"__dialog1-ok\"]"}
RESULT: {"using":"xpath","value":"//*[@id=\"__dialog1-ok\"]"}
COMMAND: POST /session/a9ecac59f90ae0879adeb02b4c6e25ea/elements - {"using":"xpath","value":"//*[@id=\"__dialog1-ok\"]"}
RESULT: {"using":"xpath","value":"//*[@id=\"__dialog1-ok\"]"}
COMMAND: POST /session/a9ecac59f90ae0879adeb02b4c6e25ea/elements - {"using":"xpath","value":"//*[@id=\"__dialog1-ok\"]"}
RESULT: {"using":"xpath","value":"//*[@id=\"__dialog1-ok\"]"}
COMMAND: POST /session/a9ecac59f90ae0879adeb02b4c6e25ea/elements - {"using":"xpath","value":"//*[@id=\"__dialog1-ok\"]"}
RESULT: {"using":"xpath","value":"//*[@id=\"__dialog1-ok\"]"}
COMMAND: POST /session/a9ecac59f90ae0879adeb02b4c6e25ea/elements - {"using":"xpath","value":"//*[@id=\"__dialog1-ok\"]"}
RESULT: {"using":"xpath","value":"//*[@id=\"__dialog1-ok\"]"}
COMMAND: POST /session/a9ecac59f90ae0879adeb02b4c6e25ea/elements - {"using":"xpath","value":"//*[@id=\"__dialog1-ok\"]"}
RESULT: {"using":"xpath","value":"//*[@id=\"__dialog1-ok\"]"}
COMMAND: POST /session/a9ecac59f90ae0879adeb02b4c6e25ea/elements - {"using":"xpath","value":"//*[@id=\"__dialog1-ok\"]"}
RESULT: {"using":"xpath","value":"//*[@id=\"__dialog1-ok\"]"}
COMMAND: POST /session/a9ecac59f90ae0879adeb02b4c6e25ea/elements - {"using":"xpath","value":"//*[@id=\"__dialog1-ok\"]"}
RESULT: {"using":"xpath","value":"//*[@id=\"__dialog1-ok\"]"}
COMMAND: POST /session/a9ecac59f90ae0879adeb02b4c6e25ea/elements - {"using":"xpath","value":"//*[@id=\"__dialog1-ok\"]"}
RESULT: {"using":"xpath","value":"//*[@id=\"__dialog1-ok\"]"}
COMMAND: POST /session/a9ecac59f90ae0879adeb02b4c6e25ea/elements - {"using":"xpath","value":"//*[@id=\"__dialog1-ok\"]"}
RESULT: {"using":"xpath","value":"//*[@id=\"__dialog1-ok\"]"}
COMMAND: POST /session/a9ecac59f90ae0879adeb02b4c6e25ea/elements - {"using":"xpath","value":"//*[@id=\"__dialog1-ok\"]"}
RESULT: {"using":"xpath","value":"//*[@id=\"__dialog1-ok\"]"}
COMMAND: POST /session/a9ecac59f90ae0879adeb02b4c6e25ea/elements - {"using":"xpath","value":"//*[@id=\"__dialog1-ok\"]"}
RESULT: {"using":"xpath","value":"//*[@id=\"__dialog1-ok\"]"}
COMMAND: POST /session/a9ecac59f90ae0879adeb02b4c6e25ea/elements - {"using":"xpath","value":"//*[@id=\"__dialog1-ok\"]"}
RESULT: {"using":"xpath","value":"//*[@id=\"__dialog1-ok\"]"}
COMMAND: POST /session/a9ecac59f90ae0879adeb02b4c6e25ea/elements - {"using":"xpath","value":"//*[@id=\"__dialog1-ok\"]"}
RESULT: {"using":"xpath","value":"//*[@id=\"__dialog1-ok\"]"}
COMMAND: POST /session/a9ecac59f90ae0879adeb02b4c6e25ea/elements - {"using":"xpath","value":"//*[@id=\"__dialog1-ok\"]"}
RESULT: {"using":"xpath","value":"//*[@id=\"__dialog1-ok\"]"}
COMMAND: POST /session/a9ecac59f90ae0879adeb02b4c6e25ea/elements - {"using":"xpath","value":"//*[@id=\"__dialog1-ok\"]"}
RESULT: {"using":"xpath","value":"//*[@id=\"__dialog1-ok\"]"}
COMMAND: POST /session/a9ecac59f90ae0879adeb02b4c6e25ea/elements - {"using":"xpath","value":"//*[@id=\"__dialog1-ok\"]"}
RESULT: {"using":"xpath","value":"//*[@id=\"__dialog1-ok\"]"}
COMMAND: POST /session/a9ecac59f90ae0879adeb02b4c6e25ea/elements - {"using":"xpath","value":"//*[@id=\"__dialog1-ok\"]"}
RESULT: {"using":"xpath","value":"//*[@id=\"__dialog1-ok\"]"}
COMMAND: POST /session/a9ecac59f90ae0879adeb02b4c6e25ea/elements - {"using":"xpath","value":"//*[@id=\"__dialog1-ok\"]"}
RESULT: {"using":"xpath","value":"//*[@id=\"__dialog1-ok\"]"}
COMMAND: POST /session/a9ecac59f90ae0879adeb02b4c6e25ea/elements - {"using":"xpath","value":"//*[@id=\"__dialog1-ok\"]"}
RESULT: {"using":"xpath","value":"//*[@id=\"__dialog1-ok\"]"}
COMMAND: POST /session/a9ecac59f90ae0879adeb02b4c6e25ea/elements - {"using":"xpath","value":"//*[@id=\"__dialog1-ok\"]"}
RESULT: {"using":"xpath","value":"//*[@id=\"__dialog1-ok\"]"}
COMMAND: POST /session/a9ecac59f90ae0879adeb02b4c6e25ea/elements - {"using":"xpath","value":"//*[@id=\"__dialog1-ok\"]"}
RESULT: {"using":"xpath","value":"//*[@id=\"__dialog1-ok\"]"}
COMMAND: POST /session/a9ecac59f90ae0879adeb02b4c6e25ea/elements - {"using":"xpath","value":"//*[@id=\"__dialog1-ok\"]"}
RESULT: {"using":"xpath","value":"//*[@id=\"__dialog1-ok\"]"}
COMMAND: POST /session/a9ecac59f90ae0879adeb02b4c6e25ea/elements - {"using":"xpath","value":"//*[@id=\"__dialog1-ok\"]"}
RESULT: {"using":"xpath","value":"//*[@id=\"__dialog1-ok\"]"}
COMMAND: POST /session/a9ecac59f90ae0879adeb02b4c6e25ea/elements - {"using":"xpath","value":"//*[@id=\"__dialog1-ok\"]"}
RESULT: {"using":"xpath","value":"//*[@id=\"__dialog1-ok\"]"}
COMMAND: POST /session/a9ecac59f90ae0879adeb02b4c6e25ea/elements - {"using":"xpath","value":"//*[@id=\"__dialog1-ok\"]"}
RESULT: {"using":"xpath","value":"//*[@id=\"__dialog1-ok\"]"}
COMMAND: POST /session/a9ecac59f90ae0879adeb02b4c6e25ea/elements - {"using":"xpath","value":"//*[@id=\"__dialog1-ok\"]"}
RESULT: {"using":"xpath","value":"//*[@id=\"__dialog1-ok\"]"}
COMMAND: POST /session/a9ecac59f90ae0879adeb02b4c6e25ea/elements - {"using":"xpath","value":"//*[@id=\"__dialog1-ok\"]"}
RESULT: {"using":"xpath","value":"//*[@id=\"__dialog1-ok\"]"}
COMMAND: POST /session/a9ecac59f90ae0879adeb02b4c6e25ea/elements - {"using":"xpath","value":"//*[@id=\"__dialog1-ok\"]"}
RESULT: {"using":"xpath","value":"//*[@id=\"__dialog1-ok\"]"}
COMMAND: POST /session/a9ecac59f90ae0879adeb02b4c6e25ea/elements - {"using":"xpath","value":"//*[@id=\"__dialog1-ok\"]"}
RESULT: {"using":"xpath","value":"//*[@id=\"__dialog1-ok\"]"}
COMMAND: POST /session/a9ecac59f90ae0879adeb02b4c6e25ea/elements - {"using":"xpath","value":"//*[@id=\"__dialog1-ok\"]"}
RESULT: {"using":"xpath","value":"//*[@id=\"__dialog1-ok\"]"}
COMMAND: POST /session/a9ecac59f90ae0879adeb02b4c6e25ea/elements - {"using":"xpath","value":"//*[@id=\"__dialog1-ok\"]"}
RESULT: {"using":"xpath","value":"//*[@id=\"__dialog1-ok\"]"}
COMMAND: POST /session/a9ecac59f90ae0879adeb02b4c6e25ea/elements - {"using":"xpath","value":"//*[@id=\"__dialog1-ok\"]"}
RESULT: {"using":"xpath","value":"//*[@id=\"__dialog1-ok\"]"}
COMMAND: POST /session/a9ecac59f90ae0879adeb02b4c6e25ea/elements - {"using":"xpath","value":"//*[@id=\"__dialog1-ok\"]"}
RESULT: {"using":"xpath","value":"//*[@id=\"__dialog1-ok\"]"}
COMMAND: POST /session/a9ecac59f90ae0879adeb02b4c6e25ea/elements - {"using":"xpath","value":"//*[@id=\"__dialog1-ok\"]"}
RESULT: {"using":"xpath","value":"//*[@id=\"__dialog1-ok\"]"}
COMMAND: POST /session/a9ecac59f90ae0879adeb02b4c6e25ea/elements - {"using":"xpath","value":"//*[@id=\"__dialog1-ok\"]"}
RESULT: {"using":"xpath","value":"//*[@id=\"__dialog1-ok\"]"}
COMMAND: POST /session/a9ecac59f90ae0879adeb02b4c6e25ea/elements - {"using":"xpath","value":"//*[@id=\"__dialog1-ok\"]"}
RESULT: {"using":"xpath","value":"//*[@id=\"__dialog1-ok\"]"}
COMMAND: POST /session/a9ecac59f90ae0879adeb02b4c6e25ea/elements - {"using":"xpath","value":"//*[@id=\"__dialog1-ok\"]"}
RESULT: {"using":"xpath","value":"//*[@id=\"__dialog1-ok\"]"}
COMMAND: POST /session/a9ecac59f90ae0879adeb02b4c6e25ea/elements - {"using":"xpath","value":"//*[@id=\"__dialog1-ok\"]"}
RESULT: {"using":"xpath","value":"//*[@id=\"__dialog1-ok\"]"}
COMMAND: POST /session/a9ecac59f90ae0879adeb02b4c6e25ea/elements - {"using":"xpath","value":"//*[@id=\"__dialog1-ok\"]"}
RESULT: {"using":"xpath","value":"//*[@id=\"__dialog1-ok\"]"}
COMMAND: POST /session/a9ecac59f90ae0879adeb02b4c6e25ea/elements - {"using":"xpath","value":"//*[@id=\"__dialog1-ok\"]"}
RESULT: {"using":"xpath","value":"//*[@id=\"__dialog1-ok\"]"}
COMMAND: POST /session/a9ecac59f90ae0879adeb02b4c6e25ea/elements - {"using":"xpath","value":"//*[@id=\"__dialog1-ok\"]"}
RESULT: {"using":"xpath","value":"//*[@id=\"__dialog1-ok\"]"}
COMMAND: POST /session/a9ecac59f90ae0879adeb02b4c6e25ea/elements - {"using":"xpath","value":"//*[@id=\"__dialog1-ok\"]"}
RESULT: {"using":"xpath","value":"//*[@id=\"__dialog1-ok\"]"}
COMMAND: POST /session/a9ecac59f90ae0879adeb02b4c6e25ea/elements - {"using":"xpath","value":"//*[@id=\"__dialog1-ok\"]"}
RESULT: {"using":"xpath","value":"//*[@id=\"__dialog1-ok\"]"}
COMMAND: POST /session/a9ecac59f90ae0879adeb02b4c6e25ea/elements - {"using":"xpath","value":"//*[@id=\"__dialog1-ok\"]"}
RESULT: {"using":"xpath","value":"//*[@id=\"__dialog1-ok\"]"}
COMMAND: POST /session/a9ecac59f90ae0879adeb02b4c6e25ea/elements - {"using":"xpath","value":"//*[@id=\"__dialog1-ok\"]"}
RESULT: {"using":"xpath","value":"//*[@id=\"__dialog1-ok\"]"}
COMMAND: POST /session/a9ecac59f90ae0879adeb02b4c6e25ea/elements - {"using":"xpath","value":"//*[@id=\"__dialog1-ok\"]"}
RESULT: {"using":"xpath","value":"//*[@id=\"__dialog1-ok\"]"}
COMMAND: POST /session/a9ecac59f90ae0879adeb02b4c6e25ea/elements - {"using":"xpath","value":"//*[@id=\"__dialog1-ok\"]"}
RESULT: {"using":"xpath","value":"//*[@id=\"__dialog1-ok\"]"}
COMMAND: POST /session/a9ecac59f90ae0879adeb02b4c6e25ea/elements - {"using":"xpath","value":"//*[@id=\"__dialog1-ok\"]"}
RESULT: {"using":"xpath","value":"//*[@id=\"__dialog1-ok\"]"}
COMMAND: POST /session/a9ecac59f90ae0879adeb02b4c6e25ea/elements - {"using":"xpath","value":"//*[@id=\"__dialog1-ok\"]"}
RESULT: {"using":"xpath","value":"//*[@id=\"__dialog1-ok\"]"}
COMMAND: POST /session/a9ecac59f90ae0879adeb02b4c6e25ea/elements - {"using":"xpath","value":"//*[@id=\"__dialog1-ok\"]"}
RESULT: {"using":"xpath","value":"//*[@id=\"__dialog1-ok\"]"}
COMMAND: POST /session/a9ecac59f90ae0879adeb02b4c6e25ea/elements - {"using":"xpath","value":"//*[@id=\"__dialog1-ok\"]"}
RESULT: {"using":"xpath","value":"//*[@id=\"__dialog1-ok\"]"}
COMMAND: POST /session/a9ecac59f90ae0879adeb02b4c6e25ea/elements - {"using":"xpath","value":"//*[@id=\"__dialog1-ok\"]"}
RESULT: {"using":"xpath","value":"//*[@id=\"__dialog1-ok\"]"}
COMMAND: POST /session/a9ecac59f90ae0879adeb02b4c6e25ea/elements - {"using":"xpath","value":"//*[@id=\"__dialog1-ok\"]"}
RESULT: {"using":"xpath","value":"//*[@id=\"__dialog1-ok\"]"}
COMMAND: POST /session/a9ecac59f90ae0879adeb02b4c6e25ea/elements - {"using":"xpath","value":"//*[@id=\"__dialog1-ok\"]"}
RESULT: {"using":"xpath","value":"//*[@id=\"__dialog1-ok\"]"}
COMMAND: POST /session/a9ecac59f90ae0879adeb02b4c6e25ea/elements - {"using":"xpath","value":"//*[@id=\"__dialog1-ok\"]"}
RESULT: {"using":"xpath","value":"//*[@id=\"__dialog1-ok\"]"}
COMMAND: POST /session/a9ecac59f90ae0879adeb02b4c6e25ea/elements - {"using":"xpath","value":"//*[@id=\"__dialog1-ok\"]"}
RESULT: {"using":"xpath","value":"//*[@id=\"__dialog1-ok\"]"}
COMMAND: POST /session/a9ecac59f90ae0879adeb02b4c6e25ea/elements - {"using":"xpath","value":"//*[@id=\"__dialog1-ok\"]"}
RESULT: {"using":"xpath","value":"//*[@id=\"__dialog1-ok\"]"}
COMMAND: POST /session/a9ecac59f90ae0879adeb02b4c6e25ea/elements - {"using":"xpath","value":"//*[@id=\"__dialog1-ok\"]"}
RESULT: {"using":"xpath","value":"//*[@id=\"__dialog1-ok\"]"}
COMMAND: POST /session/a9ecac59f90ae0879adeb02b4c6e25ea/elements - {"using":"xpath","value":"//*[@id=\"__dialog1-ok\"]"}
RESULT: {"using":"xpath","value":"//*[@id=\"__dialog1-ok\"]"}
COMMAND: POST /session/a9ecac59f90ae0879adeb02b4c6e25ea/element - {"using":"xpath","value":"//*[contains(text(), \"OK\")]"}
RESULT: {"using":"xpath","value":"//*[contains(text(), \"OK\")]"}
COMMAND: POST /session/a9ecac59f90ae0879adeb02b4c6e25ea/execute/sync - {"script":"<script> [8489 bytes]","args":[{"element-6066-11e4-a52e-4f735466cecf":"f.2D4A0A0FF06FC9BC8B57DC00C93901FE.d.2D4CB18E501721451AA3BAA8A5384F04.e.743","ELEMENT":"f.2D4A0A0FF06FC9BC8B57DC00C93901FE.d.2D4CB18E501721451AA3BAA8A5384F04.e.743"}]}
RESULT: {"script":"<script> [8489 bytes]","args":[{"element-6066-11e4-a52e-4f735466cecf":"f.2D4A0A0FF06FC9BC8B57DC00C93901FE.d.2D4CB18E501721451AA3BAA8A5384F04.e.743","ELEMENT":"f.2D4A0A0FF06FC9BC8B57DC00C93901FE.d.2D4CB18E501721451AA3BAA8A5384F04.e.743"}]}
COMMAND: POST /session/a9ecac59f90ae0879adeb02b4c6e25ea/execute/sync - {"script":"<script> [5351 bytes]","args":[{"element-6066-11e4-a52e-4f735466cecf":"f.2D4A0A0FF06FC9BC8B57DC00C93901FE.d.2D4CB18E501721451AA3BAA8A5384F04.e.743","ELEMENT":"f.2D4A0A0FF06FC9BC8B57DC00C93901FE.d.2D4CB18E501721451AA3BAA8A5384F04.e.743"}]}
COMMAND: GET /session/a9ecac59f90ae0879adeb02b4c6e25ea/screenshot - {}
RESULT: {"script":"<script> [5351 bytes]","args":[{"element-6066-11e4-a52e-4f735466cecf":"f.2D4A0A0FF06FC9BC8B57DC00C93901FE.d.2D4CB18E501721451AA3BAA8A5384F04.e.743","ELEMENT":"f.2D4A0A0FF06FC9BC8B57DC00C93901FE.d.2D4CB18E501721451AA3BAA8A5384F04.e.743"}]}
COMMAND: POST /session/a9ecac59f90ae0879adeb02b4c6e25ea/element/f.2D4A0A0FF06FC9BC8B57DC00C93901FE.d.2D4CB18E501721451AA3BAA8A5384F04.e.743/click - {}
COMMAND: GET /session/a9ecac59f90ae0879adeb02b4c6e25ea/screenshot - {}
RESULT: {}
RESULT: {}
COMMAND: GET /session/a9ecac59f90ae0879adeb02b4c6e25ea/screenshot - {}
RESULT: {}
RESULT: {}
COMMAND: POST /session/a9ecac59f90ae0879adeb02b4c6e25ea/execute/async - {"script":"<script> [1562 bytes]","args":[{"selector":{"id":"application-manageresources-display-component---newResourceUnit--rruAssetNo","interaction":{"idSuffix":"inner"}},"wdio_ui5_key":"applicationmanageresources-display-component---newResourceUnit--rruAssetNo"}]}
RESULT: {"script":"<script> [1562 bytes]","args":[{"selector":{"id":"application-manageresources-display-component---newResourceUnit--rruAssetNo","interaction":{"idSuffix":"inner"}},"wdio_ui5_key":"applicationmanageresources-display-component---newResourceUnit--rruAssetNo"}]}
RESULT: undefined
COMMAND: POST /session/a9ecac59f90ae0879adeb02b4c6e25ea/execute/async - {"script":"<script> [6424 bytes]","args":[{"element-6066-11e4-a52e-4f735466cecf":"f.2D4A0A0FF06FC9BC8B57DC00C93901FE.d.2D4CB18E501721451AA3BAA8A5384F04.e.746"},"getValue",[]]}
RESULT: {"script":"<script> [6424 bytes]","args":[{"element-6066-11e4-a52e-4f735466cecf":"f.2D4A0A0FF06FC9BC8B57DC00C93901FE.d.2D4CB18E501721451AA3BAA8A5384F04.e.746"},"getValue",[]]}
]]></system-out>
    </testcase>
    <testcase classname="chrome.136_0_7103_49.windows.Manage_RU:_Interfaces_Data_Check_for_UI_fields_US132253" name="Should see correct data from the Cost Object interface" time="11.8">
      <system-out><![CDATA[
COMMAND: POST /session/a9ecac59f90ae0879adeb02b4c6e25ea/execute/async - {"script":"<script> [1562 bytes]","args":[{"selector":{"id":"application-manageresources-display-component---newResourceUnit--newRRUPage-anchBar-application-manageresources-display-component---newResourceUnit--control-anchor","interaction":{"idSuffix":"BDI-content"}},"wdio_ui5_key":"applicationmanageresources-display-component---newResourceUnit--newRRUPage-anchBar-application-manageresources-display-component---newResourceUnit--control-anchor"}]}
RESULT: {"script":"<script> [1562 bytes]","args":[{"selector":{"id":"application-manageresources-display-component---newResourceUnit--newRRUPage-anchBar-application-manageresources-display-component---newResourceUnit--control-anchor","interaction":{"idSuffix":"BDI-content"}},"wdio_ui5_key":"applicationmanageresources-display-component---newResourceUnit--newRRUPage-anchBar-application-manageresources-display-component---newResourceUnit--control-anchor"}]}
RESULT: undefined
COMMAND: POST /session/a9ecac59f90ae0879adeb02b4c6e25ea/element - {"using":"xpath","value":"//*[@id=\"application-manageresources-display-component---newResourceUnit--newRRUPage-anchBar-application-manageresources-display-component---newResourceUnit--control-anchor\"]"}
RESULT: {"using":"xpath","value":"//*[@id=\"application-manageresources-display-component---newResourceUnit--newRRUPage-anchBar-application-manageresources-display-component---newResourceUnit--control-anchor\"]"}
COMMAND: POST /session/a9ecac59f90ae0879adeb02b4c6e25ea/element/f.2D4A0A0FF06FC9BC8B57DC00C93901FE.d.2D4CB18E501721451AA3BAA8A5384F04.e.749/click - {}
RESULT: {}
COMMAND: POST /session/a9ecac59f90ae0879adeb02b4c6e25ea/execute/async - {"script":"<script> [1562 bytes]","args":[{"selector":{"id":"application-manageresources-display-component---newResourceUnit--DECOMMISSIONING","interaction":{"idSuffix":"inner"}},"wdio_ui5_key":"applicationmanageresources-display-component---newResourceUnit--DECOMMISSIONING"}]}
COMMAND: GET /session/a9ecac59f90ae0879adeb02b4c6e25ea/screenshot - {}
RESULT: {"script":"<script> [1562 bytes]","args":[{"selector":{"id":"application-manageresources-display-component---newResourceUnit--DECOMMISSIONING","interaction":{"idSuffix":"inner"}},"wdio_ui5_key":"applicationmanageresources-display-component---newResourceUnit--DECOMMISSIONING"}]}
RESULT: undefined
COMMAND: POST /session/a9ecac59f90ae0879adeb02b4c6e25ea/execute/async - {"script":"<script> [776 bytes]","args":[{"enterText":0,"selector":{"id":"application-manageresources-display-component---newResourceUnit--DECOMMISSIONING","interaction":{"idSuffix":"inner"}},"clearTextFirst":true,"interactionType":"ENTER_TEXT"}]}
RESULT: {}
RESULT: {"script":"<script> [776 bytes]","args":[{"enterText":0,"selector":{"id":"application-manageresources-display-component---newResourceUnit--DECOMMISSIONING","interaction":{"idSuffix":"inner"}},"clearTextFirst":true,"interactionType":"ENTER_TEXT"}]}
COMMAND: POST /session/a9ecac59f90ae0879adeb02b4c6e25ea/execute/async - {"script":"<script> [1562 bytes]","args":[{"selector":{"id":"application-manageresources-display-component---newResourceUnit--btnAddTimeSegment-img"},"wdio_ui5_key":"applicationmanageresources-display-component---newResourceUnit--btnAddTimeSegment-img"}]}
RESULT: {"script":"<script> [1562 bytes]","args":[{"selector":{"id":"application-manageresources-display-component---newResourceUnit--btnAddTimeSegment-img"},"wdio_ui5_key":"applicationmanageresources-display-component---newResourceUnit--btnAddTimeSegment-img"}]}
RESULT: undefined
COMMAND: POST /session/a9ecac59f90ae0879adeb02b4c6e25ea/element - {"using":"xpath","value":"//*[@id=\"application-manageresources-display-component---newResourceUnit--btnAddTimeSegment-img\"]"}
COMMAND: POST /session/a9ecac59f90ae0879adeb02b4c6e25ea/execute/async - {"script":"<script> [6424 bytes]","args":[{"element-6066-11e4-a52e-4f735466cecf":"f.2D4A0A0FF06FC9BC8B57DC00C93901FE.d.2D4CB18E501721451AA3BAA8A5384F04.e.754"},"getVisible",[]]}
RESULT: {"using":"xpath","value":"//*[@id=\"application-manageresources-display-component---newResourceUnit--btnAddTimeSegment-img\"]"}
COMMAND: POST /session/a9ecac59f90ae0879adeb02b4c6e25ea/element/f.2D4A0A0FF06FC9BC8B57DC00C93901FE.d.2D4CB18E501721451AA3BAA8A5384F04.e.754/click - {}
RESULT: {"script":"<script> [6424 bytes]","args":[{"element-6066-11e4-a52e-4f735466cecf":"f.2D4A0A0FF06FC9BC8B57DC00C93901FE.d.2D4CB18E501721451AA3BAA8A5384F04.e.754"},"getVisible",[]]}
RESULT: {}
COMMAND: POST /session/a9ecac59f90ae0879adeb02b4c6e25ea/actions - {"actions":[{"id":"action3","type":"key","parameters":{},"actions":[{"type":"keyDown","value":"î€•"},{"type":"keyDown","value":"î€•"},{"type":"pause","duration":10},{"type":"keyUp","value":"î€•"},{"type":"keyUp","value":"î€•"}]}]}
COMMAND: GET /session/a9ecac59f90ae0879adeb02b4c6e25ea/screenshot - {}
RESULT: {"actions":[{"id":"action3","type":"key","parameters":{},"actions":[{"type":"keyDown","value":"î€•"},{"type":"keyDown","value":"î€•"},{"type":"pause","duration":10},{"type":"keyUp","value":"î€•"},{"type":"keyUp","value":"î€•"}]}]}
COMMAND: GET /session/a9ecac59f90ae0879adeb02b4c6e25ea/screenshot - {}
RESULT: {}
RESULT: {}
COMMAND: POST /session/a9ecac59f90ae0879adeb02b4c6e25ea/execute/async - {"script":"<script> [1562 bytes]","args":[{"selector":{"controlType":"sap.ui.core.Icon","viewName":"reusables.view.manageresources.NewResourceUnit","viewId":"application-manageresources-display-component---newResourceUnit","properties":{"src":{"regex":{"source":"slim\\-arrow\\-down"}}},"ancestor":{"controlType":"sap.m.ComboBox","viewName":"reusables.view.manageresources.NewResourceUnit","viewId":"application-manageresources-display-component---newResourceUnit","bindingPath":{"path":"/RESOURCE_UNIT_TIME_SEQUENCES/0","propertyPath":"COST_OBJECT_OWNER_CST_TYPE","modelName":"oNewRruModel"}}},"wdio_ui5_key":"reusablesview.manageresources.NewResourceUnitsap.ui.core.Icon{\"src\":{\"regex\":{\"source\":\"slim\\\\-arrow\\\\-down\"}}}{\"controlType\":\"sap.m.ComboBox\",\"viewName\":\"reusables.view.manageresources.NewResourceUnit\",\"viewId\":\"application-manageresources-display-component---newResourceUnit\",\"bindingPath\":{\"path\":\"/RESOURCE_UNIT_TIME_SEQUENCES/0\",\"propertyPath\":\"COST_OBJECT_OWNER_CST_TYPE\",\"modelName\":\"oNewRruModel\"}}"}]}
RESULT: {"script":"<script> [1562 bytes]","args":[{"selector":{"controlType":"sap.ui.core.Icon","viewName":"reusables.view.manageresources.NewResourceUnit","viewId":"application-manageresources-display-component---newResourceUnit","properties":{"src":{"regex":{"source":"slim\\-arrow\\-down"}}},"ancestor":{"controlType":"sap.m.ComboBox","viewName":"reusables.view.manageresources.NewResourceUnit","viewId":"application-manageresources-display-component---newResourceUnit","bindingPath":{"path":"/RESOURCE_UNIT_TIME_SEQUENCES/0","propertyPath":"COST_OBJECT_OWNER_CST_TYPE","modelName":"oNewRruModel"}}},"wdio_ui5_key":"reusablesview.manageresources.NewResourceUnitsap.ui.core.Icon{\"src\":{\"regex\":{\"source\":\"slim\\\\-arrow\\\\-down\"}}}{\"controlType\":\"sap.m.ComboBox\",\"viewName\":\"reusables.view.manageresources.NewResourceUnit\",\"viewId\":\"application-manageresources-display-component---newResourceUnit\",\"bindingPath\":{\"path\":\"/RESOURCE_UNIT_TIME_SEQUENCES/0\",\"propertyPath\":\"COST_OBJECT_OWNER_CST_TYPE\",\"modelName\":\"oNewRruModel\"}}"}]}
RESULT: undefined
COMMAND: POST /session/a9ecac59f90ae0879adeb02b4c6e25ea/element - {"using":"xpath","value":"//*[@id=\"__box4-application-manageresources-display-component---newResourceUnit--RUTimeSegment-0-arrow\"]"}
RESULT: {"using":"xpath","value":"//*[@id=\"__box4-application-manageresources-display-component---newResourceUnit--RUTimeSegment-0-arrow\"]"}
COMMAND: POST /session/a9ecac59f90ae0879adeb02b4c6e25ea/element/f.2D4A0A0FF06FC9BC8B57DC00C93901FE.d.2D4CB18E501721451AA3BAA8A5384F04.e.770/click - {}
RESULT: {}
COMMAND: POST /session/a9ecac59f90ae0879adeb02b4c6e25ea/element - {"using":"xpath","value":"//span[@aria-live=\"polite\" and text()=\"Cost Center\"]"}
COMMAND: GET /session/a9ecac59f90ae0879adeb02b4c6e25ea/screenshot - {}
RESULT: {"using":"xpath","value":"//span[@aria-live=\"polite\" and text()=\"Cost Center\"]"}
COMMAND: POST /session/a9ecac59f90ae0879adeb02b4c6e25ea/execute/sync - {"script":"<script> [8489 bytes]","args":[{"element-6066-11e4-a52e-4f735466cecf":"f.2D4A0A0FF06FC9BC8B57DC00C93901FE.d.2D4CB18E501721451AA3BAA8A5384F04.e.771","ELEMENT":"f.2D4A0A0FF06FC9BC8B57DC00C93901FE.d.2D4CB18E501721451AA3BAA8A5384F04.e.771"}]}
RESULT: {}
RESULT: {"script":"<script> [8489 bytes]","args":[{"element-6066-11e4-a52e-4f735466cecf":"f.2D4A0A0FF06FC9BC8B57DC00C93901FE.d.2D4CB18E501721451AA3BAA8A5384F04.e.771","ELEMENT":"f.2D4A0A0FF06FC9BC8B57DC00C93901FE.d.2D4CB18E501721451AA3BAA8A5384F04.e.771"}]}
COMMAND: POST /session/a9ecac59f90ae0879adeb02b4c6e25ea/element - {"using":"xpath","value":"//span[@aria-live=\"polite\" and text()=\"Internal Order\"]"}
COMMAND: GET /session/a9ecac59f90ae0879adeb02b4c6e25ea/screenshot - {}
RESULT: {"using":"xpath","value":"//span[@aria-live=\"polite\" and text()=\"Internal Order\"]"}
COMMAND: POST /session/a9ecac59f90ae0879adeb02b4c6e25ea/execute/sync - {"script":"<script> [8489 bytes]","args":[{"element-6066-11e4-a52e-4f735466cecf":"f.2D4A0A0FF06FC9BC8B57DC00C93901FE.d.2D4CB18E501721451AA3BAA8A5384F04.e.772","ELEMENT":"f.2D4A0A0FF06FC9BC8B57DC00C93901FE.d.2D4CB18E501721451AA3BAA8A5384F04.e.772"}]}
RESULT: {}
RESULT: {"script":"<script> [8489 bytes]","args":[{"element-6066-11e4-a52e-4f735466cecf":"f.2D4A0A0FF06FC9BC8B57DC00C93901FE.d.2D4CB18E501721451AA3BAA8A5384F04.e.772","ELEMENT":"f.2D4A0A0FF06FC9BC8B57DC00C93901FE.d.2D4CB18E501721451AA3BAA8A5384F04.e.772"}]}
COMMAND: POST /session/a9ecac59f90ae0879adeb02b4c6e25ea/element - {"using":"xpath","value":"//span[@aria-live=\"polite\" and text()=\"PM Order\"]"}
COMMAND: GET /session/a9ecac59f90ae0879adeb02b4c6e25ea/screenshot - {}
RESULT: {"using":"xpath","value":"//span[@aria-live=\"polite\" and text()=\"PM Order\"]"}
COMMAND: POST /session/a9ecac59f90ae0879adeb02b4c6e25ea/execute/sync - {"script":"<script> [8489 bytes]","args":[{"element-6066-11e4-a52e-4f735466cecf":"f.2D4A0A0FF06FC9BC8B57DC00C93901FE.d.2D4CB18E501721451AA3BAA8A5384F04.e.773","ELEMENT":"f.2D4A0A0FF06FC9BC8B57DC00C93901FE.d.2D4CB18E501721451AA3BAA8A5384F04.e.773"}]}
RESULT: {}
RESULT: {"script":"<script> [8489 bytes]","args":[{"element-6066-11e4-a52e-4f735466cecf":"f.2D4A0A0FF06FC9BC8B57DC00C93901FE.d.2D4CB18E501721451AA3BAA8A5384F04.e.773","ELEMENT":"f.2D4A0A0FF06FC9BC8B57DC00C93901FE.d.2D4CB18E501721451AA3BAA8A5384F04.e.773"}]}
COMMAND: POST /session/a9ecac59f90ae0879adeb02b4c6e25ea/element - {"using":"xpath","value":"//span[@aria-live=\"polite\" and text()=\"Work Breakdown Structure\"]"}
COMMAND: GET /session/a9ecac59f90ae0879adeb02b4c6e25ea/screenshot - {}
RESULT: {"using":"xpath","value":"//span[@aria-live=\"polite\" and text()=\"Work Breakdown Structure\"]"}
COMMAND: POST /session/a9ecac59f90ae0879adeb02b4c6e25ea/execute/sync - {"script":"<script> [8489 bytes]","args":[{"element-6066-11e4-a52e-4f735466cecf":"f.2D4A0A0FF06FC9BC8B57DC00C93901FE.d.2D4CB18E501721451AA3BAA8A5384F04.e.774","ELEMENT":"f.2D4A0A0FF06FC9BC8B57DC00C93901FE.d.2D4CB18E501721451AA3BAA8A5384F04.e.774"}]}
RESULT: {}
RESULT: {"script":"<script> [8489 bytes]","args":[{"element-6066-11e4-a52e-4f735466cecf":"f.2D4A0A0FF06FC9BC8B57DC00C93901FE.d.2D4CB18E501721451AA3BAA8A5384F04.e.774","ELEMENT":"f.2D4A0A0FF06FC9BC8B57DC00C93901FE.d.2D4CB18E501721451AA3BAA8A5384F04.e.774"}]}
]]></system-out>
    </testcase>
    <testcase classname="chrome.136_0_7103_49.windows.Manage_RU:_Interfaces_Data_Check_for_UI_fields_US132253" name="Should see data from Material interface for Material Value Help Field" time="41.021">
      <system-out><![CDATA[
COMMAND: POST /session/a9ecac59f90ae0879adeb02b4c6e25ea/execute/async - {"script":"<script> [1562 bytes]","args":[{"selector":{"id":"application-manageresources-display-component---newResourceUnit--closeButton","interaction":{"idSuffix":"BDI-content"}},"wdio_ui5_key":"applicationmanageresources-display-component---newResourceUnit--closeButton"}]}
COMMAND: GET /session/a9ecac59f90ae0879adeb02b4c6e25ea/screenshot - {}
RESULT: {"script":"<script> [1562 bytes]","args":[{"selector":{"id":"application-manageresources-display-component---newResourceUnit--closeButton","interaction":{"idSuffix":"BDI-content"}},"wdio_ui5_key":"applicationmanageresources-display-component---newResourceUnit--closeButton"}]}
RESULT: undefined
COMMAND: POST /session/a9ecac59f90ae0879adeb02b4c6e25ea/element - {"using":"xpath","value":"//*[@id=\"application-manageresources-display-component---newResourceUnit--closeButton\"]"}
RESULT: {}
RESULT: {"using":"xpath","value":"//*[@id=\"application-manageresources-display-component---newResourceUnit--closeButton\"]"}
COMMAND: POST /session/a9ecac59f90ae0879adeb02b4c6e25ea/element/f.2D4A0A0FF06FC9BC8B57DC00C93901FE.d.2D4CB18E501721451AA3BAA8A5384F04.e.607/click - {}
RESULT: {}
COMMAND: GET /session/a9ecac59f90ae0879adeb02b4c6e25ea/screenshot - {}
RESULT: {}
RESULT: undefined
COMMAND: POST /session/a9ecac59f90ae0879adeb02b4c6e25ea/element - {"using":"xpath","value":"//*[@id=\"__button5-img\"]"}
RESULT: {"using":"xpath","value":"//*[@id=\"__button5-img\"]"}
COMMAND: POST /session/a9ecac59f90ae0879adeb02b4c6e25ea/element/f.2D4A0A0FF06FC9BC8B57DC00C93901FE.d.2D4CB18E501721451AA3BAA8A5384F04.e.271/click - {}
RESULT: {}
COMMAND: GET /session/a9ecac59f90ae0879adeb02b4c6e25ea/screenshot - {}
RESULT: {}
RESULT: undefined
COMMAND: POST /session/a9ecac59f90ae0879adeb02b4c6e25ea/execute/async - {"script":"<script> [776 bytes]","args":[{"enterText":"Material","selector":{"id":"application-manageresources-display-component---newResourceUnit--TYPE","interaction":{"idSuffix":"inner"}},"clearTextFirst":true,"interactionType":"ENTER_TEXT"}]}
RESULT: {"script":"<script> [776 bytes]","args":[{"enterText":"Material","selector":{"id":"application-manageresources-display-component---newResourceUnit--TYPE","interaction":{"idSuffix":"inner"}},"clearTextFirst":true,"interactionType":"ENTER_TEXT"}]}
COMMAND: POST /session/a9ecac59f90ae0879adeb02b4c6e25ea/actions - {"actions":[{"id":"action4","type":"key","parameters":{},"actions":[{"type":"keyDown","value":"î€‡"},{"type":"pause","duration":10},{"type":"keyUp","value":"î€‡"}]}]}
RESULT: {"actions":[{"id":"action4","type":"key","parameters":{},"actions":[{"type":"keyDown","value":"î€‡"},{"type":"pause","duration":10},{"type":"keyUp","value":"î€‡"}]}]}
COMMAND: GET /session/a9ecac59f90ae0879adeb02b4c6e25ea/screenshot - {}
RESULT: {}
COMMAND: POST /session/a9ecac59f90ae0879adeb02b4c6e25ea/execute/async - {"script":"<script> [1562 bytes]","args":[{"selector":{"id":"application-manageresources-display-component---newResourceUnit--MATERIAL_NO","interaction":{"idSuffix":"inner"}},"wdio_ui5_key":"applicationmanageresources-display-component---newResourceUnit--MATERIAL_NO"}]}
RESULT: {"script":"<script> [1562 bytes]","args":[{"selector":{"id":"application-manageresources-display-component---newResourceUnit--MATERIAL_NO","interaction":{"idSuffix":"inner"}},"wdio_ui5_key":"applicationmanageresources-display-component---newResourceUnit--MATERIAL_NO"}]}
RESULT: undefined
COMMAND: POST /session/a9ecac59f90ae0879adeb02b4c6e25ea/execute/async - {"script":"<script> [776 bytes]","args":[{"enterText":"","selector":{"id":"application-manageresources-display-component---newResourceUnit--MATERIAL_NO","interaction":{"idSuffix":"inner"}},"clearTextFirst":true,"interactionType":"ENTER_TEXT"}]}
RESULT: {"script":"<script> [776 bytes]","args":[{"enterText":"","selector":{"id":"application-manageresources-display-component---newResourceUnit--MATERIAL_NO","interaction":{"idSuffix":"inner"}},"clearTextFirst":true,"interactionType":"ENTER_TEXT"}]}
COMMAND: POST /session/a9ecac59f90ae0879adeb02b4c6e25ea/execute/async - {"script":"<script> [1562 bytes]","args":[{"selector":{"id":"application-manageresources-display-component---newResourceUnit--MATERIAL_NO-vhi"},"wdio_ui5_key":"applicationmanageresources-display-component---newResourceUnit--MATERIAL_NO-vhi"}]}
RESULT: {"script":"<script> [1562 bytes]","args":[{"selector":{"id":"application-manageresources-display-component---newResourceUnit--MATERIAL_NO-vhi"},"wdio_ui5_key":"applicationmanageresources-display-component---newResourceUnit--MATERIAL_NO-vhi"}]}
RESULT: undefined
COMMAND: POST /session/a9ecac59f90ae0879adeb02b4c6e25ea/element - {"using":"xpath","value":"//*[@id=\"application-manageresources-display-component---newResourceUnit--MATERIAL_NO-vhi\"]"}
RESULT: {"using":"xpath","value":"//*[@id=\"application-manageresources-display-component---newResourceUnit--MATERIAL_NO-vhi\"]"}
COMMAND: POST /session/a9ecac59f90ae0879adeb02b4c6e25ea/element/f.2D4A0A0FF06FC9BC8B57DC00C93901FE.d.2D4CB18E501721451AA3BAA8A5384F04.e.1054/click - {}
RESULT: {}
COMMAND: POST /session/a9ecac59f90ae0879adeb02b4c6e25ea/execute/async - {"script":"<script> [1562 bytes]","args":[{"selector":{"controlType":"sap.m.SearchField","properties":{"placeholder":"Search"},"searchOpenDialogs":true,"interaction":{"idSuffix":"I"}},"wdio_ui5_key":"sapm.SearchField{\"placeholder\":\"Search\"}"}]}
COMMAND: GET /session/a9ecac59f90ae0879adeb02b4c6e25ea/screenshot - {}
RESULT: {"script":"<script> [1562 bytes]","args":[{"selector":{"controlType":"sap.m.SearchField","properties":{"placeholder":"Search"},"searchOpenDialogs":true,"interaction":{"idSuffix":"I"}},"wdio_ui5_key":"sapm.SearchField{\"placeholder\":\"Search\"}"}]}
RESULT: undefined
COMMAND: POST /session/a9ecac59f90ae0879adeb02b4c6e25ea/execute/async - {"script":"<script> [776 bytes]","args":[{"enterText":"SAP ME TEST","selector":{"controlType":"sap.m.SearchField","properties":{"placeholder":"Search"},"searchOpenDialogs":true,"interaction":{"idSuffix":"I"}},"clearTextFirst":true,"interactionType":"ENTER_TEXT"}]}
RESULT: {}
RESULT: {"script":"<script> [776 bytes]","args":[{"enterText":"SAP ME TEST","selector":{"controlType":"sap.m.SearchField","properties":{"placeholder":"Search"},"searchOpenDialogs":true,"interaction":{"idSuffix":"I"}},"clearTextFirst":true,"interactionType":"ENTER_TEXT"}]}
COMMAND: POST /session/a9ecac59f90ae0879adeb02b4c6e25ea/actions - {"actions":[{"id":"action5","type":"key","parameters":{},"actions":[{"type":"keyDown","value":"î€‡"},{"type":"pause","duration":10},{"type":"keyUp","value":"î€‡"}]}]}
RESULT: {"actions":[{"id":"action5","type":"key","parameters":{},"actions":[{"type":"keyDown","value":"î€‡"},{"type":"pause","duration":10},{"type":"keyUp","value":"î€‡"}]}]}
COMMAND: GET /session/a9ecac59f90ae0879adeb02b4c6e25ea/screenshot - {}
RESULT: {}
COMMAND: POST /session/a9ecac59f90ae0879adeb02b4c6e25ea/element - {"using":"xpath","value":"//span[text()=\"41\"]"}
RESULT: {"using":"xpath","value":"//span[text()=\"41\"]"}
COMMAND: POST /session/a9ecac59f90ae0879adeb02b4c6e25ea/elements - {"using":"xpath","value":"//span[text()=\"41\"]"}
RESULT: {"using":"xpath","value":"//span[text()=\"41\"]"}
COMMAND: POST /session/a9ecac59f90ae0879adeb02b4c6e25ea/execute/sync - {"script":"<script> [8489 bytes]","args":[{"element-6066-11e4-a52e-4f735466cecf":"f.2D4A0A0FF06FC9BC8B57DC00C93901FE.d.2D4CB18E501721451AA3BAA8A5384F04.e.1073","ELEMENT":"f.2D4A0A0FF06FC9BC8B57DC00C93901FE.d.2D4CB18E501721451AA3BAA8A5384F04.e.1073"}]}
RESULT: {"script":"<script> [8489 bytes]","args":[{"element-6066-11e4-a52e-4f735466cecf":"f.2D4A0A0FF06FC9BC8B57DC00C93901FE.d.2D4CB18E501721451AA3BAA8A5384F04.e.1073","ELEMENT":"f.2D4A0A0FF06FC9BC8B57DC00C93901FE.d.2D4CB18E501721451AA3BAA8A5384F04.e.1073"}]}
COMMAND: GET /session/a9ecac59f90ae0879adeb02b4c6e25ea/element/f.2D4A0A0FF06FC9BC8B57DC00C93901FE.d.2D4CB18E501721451AA3BAA8A5384F04.e.1073/enabled - {}
COMMAND: GET /session/a9ecac59f90ae0879adeb02b4c6e25ea/screenshot - {}
RESULT: {}
COMMAND: POST /session/a9ecac59f90ae0879adeb02b4c6e25ea/execute/sync - {"script":"<script> [8489 bytes]","args":[{"element-6066-11e4-a52e-4f735466cecf":"f.2D4A0A0FF06FC9BC8B57DC00C93901FE.d.2D4CB18E501721451AA3BAA8A5384F04.e.1073","ELEMENT":"f.2D4A0A0FF06FC9BC8B57DC00C93901FE.d.2D4CB18E501721451AA3BAA8A5384F04.e.1073"}]}
COMMAND: GET /session/a9ecac59f90ae0879adeb02b4c6e25ea/screenshot - {}
RESULT: {}
RESULT: {"script":"<script> [8489 bytes]","args":[{"element-6066-11e4-a52e-4f735466cecf":"f.2D4A0A0FF06FC9BC8B57DC00C93901FE.d.2D4CB18E501721451AA3BAA8A5384F04.e.1073","ELEMENT":"f.2D4A0A0FF06FC9BC8B57DC00C93901FE.d.2D4CB18E501721451AA3BAA8A5384F04.e.1073"}]}
COMMAND: POST /session/a9ecac59f90ae0879adeb02b4c6e25ea/execute/sync - {"script":"<script> [5351 bytes]","args":[{"element-6066-11e4-a52e-4f735466cecf":"f.2D4A0A0FF06FC9BC8B57DC00C93901FE.d.2D4CB18E501721451AA3BAA8A5384F04.e.1073","ELEMENT":"f.2D4A0A0FF06FC9BC8B57DC00C93901FE.d.2D4CB18E501721451AA3BAA8A5384F04.e.1073"}]}
COMMAND: GET /session/a9ecac59f90ae0879adeb02b4c6e25ea/screenshot - {}
RESULT: {}
RESULT: {"script":"<script> [5351 bytes]","args":[{"element-6066-11e4-a52e-4f735466cecf":"f.2D4A0A0FF06FC9BC8B57DC00C93901FE.d.2D4CB18E501721451AA3BAA8A5384F04.e.1073","ELEMENT":"f.2D4A0A0FF06FC9BC8B57DC00C93901FE.d.2D4CB18E501721451AA3BAA8A5384F04.e.1073"}]}
COMMAND: POST /session/a9ecac59f90ae0879adeb02b4c6e25ea/element/f.2D4A0A0FF06FC9BC8B57DC00C93901FE.d.2D4CB18E501721451AA3BAA8A5384F04.e.1073/click - {}
COMMAND: GET /session/a9ecac59f90ae0879adeb02b4c6e25ea/screenshot - {}
RESULT: {}
RESULT: {}
COMMAND: POST /session/a9ecac59f90ae0879adeb02b4c6e25ea/execute/async - {"script":"<script> [1562 bytes]","args":[{"selector":{"controlType":"sap.m.Token","properties":{"key":"MaterialValueHelpSet('41')"},"searchOpenDialogs":true},"wdio_ui5_key":"sapm.Token{\"key\":\"MaterialValueHelpSet('41')\"}"}]}
COMMAND: GET /session/a9ecac59f90ae0879adeb02b4c6e25ea/screenshot - {}
RESULT: {}
RESULT: {"script":"<script> [1562 bytes]","args":[{"selector":{"controlType":"sap.m.Token","properties":{"key":"MaterialValueHelpSet('41')"},"searchOpenDialogs":true},"wdio_ui5_key":"sapm.Token{\"key\":\"MaterialValueHelpSet('41')\"}"}]}
RESULT: undefined
COMMAND: POST /session/a9ecac59f90ae0879adeb02b4c6e25ea/execute/async - {"script":"<script> [6424 bytes]","args":[{"element-6066-11e4-a52e-4f735466cecf":"f.2D4A0A0FF06FC9BC8B57DC00C93901FE.d.2D4CB18E501721451AA3BAA8A5384F04.e.1075"},"getText",[]]}
RESULT: {}
RESULT: {"script":"<script> [6424 bytes]","args":[{"element-6066-11e4-a52e-4f735466cecf":"f.2D4A0A0FF06FC9BC8B57DC00C93901FE.d.2D4CB18E501721451AA3BAA8A5384F04.e.1075"},"getText",[]]}
COMMAND: POST /session/a9ecac59f90ae0879adeb02b4c6e25ea/execute/async - {"script":"<script> [1562 bytes]","args":[{"selector":{"controlType":"sap.m.Button","id":"__button41","properties":{"text":"OK"},"searchOpenDialogs":true,"interaction":{"idSuffix":"BDI-content"}},"wdio_ui5_key":"button41sap.m.Button{\"text\":\"OK\"}"}]}
RESULT: {"script":"<script> [1562 bytes]","args":[{"selector":{"controlType":"sap.m.Button","id":"__button41","properties":{"text":"OK"},"searchOpenDialogs":true,"interaction":{"idSuffix":"BDI-content"}},"wdio_ui5_key":"button41sap.m.Button{\"text\":\"OK\"}"}]}
RESULT: undefined
COMMAND: POST /session/a9ecac59f90ae0879adeb02b4c6e25ea/element - {"using":"xpath","value":"//*[contains(text(), \"OK\")]"}
RESULT: {"using":"xpath","value":"//*[contains(text(), \"OK\")]"}
COMMAND: POST /session/a9ecac59f90ae0879adeb02b4c6e25ea/execute/sync - {"script":"<script> [8489 bytes]","args":[{"element-6066-11e4-a52e-4f735466cecf":"f.2D4A0A0FF06FC9BC8B57DC00C93901FE.d.2D4CB18E501721451AA3BAA8A5384F04.e.1076","ELEMENT":"f.2D4A0A0FF06FC9BC8B57DC00C93901FE.d.2D4CB18E501721451AA3BAA8A5384F04.e.1076"}]}
RESULT: {"script":"<script> [8489 bytes]","args":[{"element-6066-11e4-a52e-4f735466cecf":"f.2D4A0A0FF06FC9BC8B57DC00C93901FE.d.2D4CB18E501721451AA3BAA8A5384F04.e.1076","ELEMENT":"f.2D4A0A0FF06FC9BC8B57DC00C93901FE.d.2D4CB18E501721451AA3BAA8A5384F04.e.1076"}]}
COMMAND: POST /session/a9ecac59f90ae0879adeb02b4c6e25ea/execute/sync - {"script":"<script> [5351 bytes]","args":[{"element-6066-11e4-a52e-4f735466cecf":"f.2D4A0A0FF06FC9BC8B57DC00C93901FE.d.2D4CB18E501721451AA3BAA8A5384F04.e.1076","ELEMENT":"f.2D4A0A0FF06FC9BC8B57DC00C93901FE.d.2D4CB18E501721451AA3BAA8A5384F04.e.1076"}]}
COMMAND: GET /session/a9ecac59f90ae0879adeb02b4c6e25ea/screenshot - {}
RESULT: {"script":"<script> [5351 bytes]","args":[{"element-6066-11e4-a52e-4f735466cecf":"f.2D4A0A0FF06FC9BC8B57DC00C93901FE.d.2D4CB18E501721451AA3BAA8A5384F04.e.1076","ELEMENT":"f.2D4A0A0FF06FC9BC8B57DC00C93901FE.d.2D4CB18E501721451AA3BAA8A5384F04.e.1076"}]}
COMMAND: POST /session/a9ecac59f90ae0879adeb02b4c6e25ea/element/f.2D4A0A0FF06FC9BC8B57DC00C93901FE.d.2D4CB18E501721451AA3BAA8A5384F04.e.1076/click - {}
COMMAND: GET /session/a9ecac59f90ae0879adeb02b4c6e25ea/screenshot - {}
RESULT: {}
RESULT: {}
COMMAND: GET /session/a9ecac59f90ae0879adeb02b4c6e25ea/screenshot - {}
RESULT: {}
RESULT: {}
COMMAND: POST /session/a9ecac59f90ae0879adeb02b4c6e25ea/element - {"using":"css selector","value":"#j_username"}
COMMAND: POST /session/a9ecac59f90ae0879adeb02b4c6e25ea/url - {"url":"https://qa-testing-00-live-etm-ui.cfapps.eu10-004.hana.ondemand.com/"}
RESULT: {"using":"css selector","value":"#j_username"}
COMMAND: POST /session/a9ecac59f90ae0879adeb02b4c6e25ea/element - {"using":"css selector","value":"#j_username"}
RESULT: {"url":"https://qa-testing-00-live-etm-ui.cfapps.eu10-004.hana.ondemand.com/"}
RESULT: undefined
COMMAND: GET /session/a9ecac59f90ae0879adeb02b4c6e25ea/screenshot - {}
RESULT: {"using":"css selector","value":"#j_username"}
COMMAND: POST /session/a9ecac59f90ae0879adeb02b4c6e25ea/element - {"using":"css selector","value":"#shell-header-logo"}
RESULT: {}
RESULT: {"using":"css selector","value":"#shell-header-logo"}
COMMAND: POST /session/a9ecac59f90ae0879adeb02b4c6e25ea/execute/sync - {"script":"<script> [8489 bytes]","args":[{"element-6066-11e4-a52e-4f735466cecf":"f.2D4A0A0FF06FC9BC8B57DC00C93901FE.d.B923DFF862D85B6CFD4B5BB8EFC60374.e.1089","ELEMENT":"f.2D4A0A0FF06FC9BC8B57DC00C93901FE.d.B923DFF862D85B6CFD4B5BB8EFC60374.e.1089"}]}
RESULT: {"script":"<script> [8489 bytes]","args":[{"element-6066-11e4-a52e-4f735466cecf":"f.2D4A0A0FF06FC9BC8B57DC00C93901FE.d.B923DFF862D85B6CFD4B5BB8EFC60374.e.1089","ELEMENT":"f.2D4A0A0FF06FC9BC8B57DC00C93901FE.d.B923DFF862D85B6CFD4B5BB8EFC60374.e.1089"}]}
COMMAND: POST /session/a9ecac59f90ae0879adeb02b4c6e25ea/element - {"using":"css selector","value":"#shell-header-logo"}
COMMAND: GET /session/a9ecac59f90ae0879adeb02b4c6e25ea/screenshot - {}
RESULT: {"using":"css selector","value":"#shell-header-logo"}
COMMAND: POST /session/a9ecac59f90ae0879adeb02b4c6e25ea/execute/sync - {"script":"<script> [8489 bytes]","args":[{"element-6066-11e4-a52e-4f735466cecf":"f.2D4A0A0FF06FC9BC8B57DC00C93901FE.d.B923DFF862D85B6CFD4B5BB8EFC60374.e.1089","ELEMENT":"f.2D4A0A0FF06FC9BC8B57DC00C93901FE.d.B923DFF862D85B6CFD4B5BB8EFC60374.e.1089"}]}
RESULT: {}
RESULT: {"script":"<script> [8489 bytes]","args":[{"element-6066-11e4-a52e-4f735466cecf":"f.2D4A0A0FF06FC9BC8B57DC00C93901FE.d.B923DFF862D85B6CFD4B5BB8EFC60374.e.1089","ELEMENT":"f.2D4A0A0FF06FC9BC8B57DC00C93901FE.d.B923DFF862D85B6CFD4B5BB8EFC60374.e.1089"}]}
COMMAND: POST /session/a9ecac59f90ae0879adeb02b4c6e25ea/execute/sync - {"script":"<script> [5351 bytes]","args":[{"element-6066-11e4-a52e-4f735466cecf":"f.2D4A0A0FF06FC9BC8B57DC00C93901FE.d.B923DFF862D85B6CFD4B5BB8EFC60374.e.1089","ELEMENT":"f.2D4A0A0FF06FC9BC8B57DC00C93901FE.d.B923DFF862D85B6CFD4B5BB8EFC60374.e.1089"}]}
COMMAND: GET /session/a9ecac59f90ae0879adeb02b4c6e25ea/screenshot - {}
RESULT: {"script":"<script> [5351 bytes]","args":[{"element-6066-11e4-a52e-4f735466cecf":"f.2D4A0A0FF06FC9BC8B57DC00C93901FE.d.B923DFF862D85B6CFD4B5BB8EFC60374.e.1089","ELEMENT":"f.2D4A0A0FF06FC9BC8B57DC00C93901FE.d.B923DFF862D85B6CFD4B5BB8EFC60374.e.1089"}]}
COMMAND: POST /session/a9ecac59f90ae0879adeb02b4c6e25ea/element - {"using":"css selector","value":"#shell-header-logo"}
COMMAND: GET /session/a9ecac59f90ae0879adeb02b4c6e25ea/screenshot - {}
RESULT: {}
RESULT: {"using":"css selector","value":"#shell-header-logo"}
COMMAND: POST /session/a9ecac59f90ae0879adeb02b4c6e25ea/element/f.2D4A0A0FF06FC9BC8B57DC00C93901FE.d.B923DFF862D85B6CFD4B5BB8EFC60374.e.1089/click - {}
RESULT: {}
RESULT: {}
COMMAND: GET /session/a9ecac59f90ae0879adeb02b4c6e25ea/screenshot - {}
RESULT: {}
COMMAND: POST /session/a9ecac59f90ae0879adeb02b4c6e25ea/execute/async - {"script":"<script> [189 bytes]","args":[]}
RESULT: {"script":"<script> [189 bytes]","args":[]}
COMMAND: POST /session/a9ecac59f90ae0879adeb02b4c6e25ea/execute/async - {"script":"<script> [123 bytes]","args":[]}
RESULT: {"script":"<script> [123 bytes]","args":[]}
COMMAND: POST /session/a9ecac59f90ae0879adeb02b4c6e25ea/timeouts - {"script":"<number>"}
RESULT: {"script":"<number>"}
COMMAND: GET /session/a9ecac59f90ae0879adeb02b4c6e25ea/timeouts - {}
RESULT: {}
RESULT: undefined
COMMAND: POST /session/a9ecac59f90ae0879adeb02b4c6e25ea/execute/async - {"script":"<script> [2676 bytes]","args":[]}
RESULT: {"script":"<script> [2676 bytes]","args":[]}
COMMAND: POST /session/a9ecac59f90ae0879adeb02b4c6e25ea/execute/async - {"script":"<script> [2342 bytes]","args":[{"protocol":"http","hostname":"0.0.0.0","path":"/","capabilities":{"browserName":"chrome","goog:chromeOptions":{"binary":"C:\\Program Files\\Google\\Chrome\\Application\\chrome.exe","args":["--start-maximized"]}},"logLevel":"warn","connectionRetryTimeout":120000,"connectionRetryCount":3,"logLevels":{},"enableDirectConnect":true,"strictSSL":true,"_":"65 more keys: [\"cacheDir\",\"port\",\"requestedCapabilities\",\"automationProtocol\",\"baseUrl\",\"waitforInterval\",\"waitforTimeout\",\"onReload\",\"beforeCommand\",\"afterCommand\",\"rootDir\",\"specs\",\"suites\",\"exclude\",\"groupLogsByTestSpec\",\"excludeDriverLogs\",\"bail\",\"framework\",\"reporters\",\"services\",\"maxInstances\",\"maxInstancesPerCapability\",\"injectGlobals\",\"filesToWatch\",\"execArgv\",\"runnerEnv\",\"runner\",\"shard\",\"specFileRetries\",\"specFileRetriesDelay\",\"specFileRetriesDeferred\",\"reporterSyncInterval\",\"reporterSyncTimeout\",\"cucumberFeaturesWithLineNumbers\",\"autoCompileOpts\",\"mochaOpts\",\"jasmineOpts\",\"cucumberOpts\",\"onPrepare\",\"onWorkerStart\",\"onWorkerEnd\",\"before\",\"beforeSession\",\"beforeSuite\",\"beforeHook\",\"beforeTest\",\"afterTest\",\"afterHook\",\"afterSuite\",\"afterSession\",\"after\",\"onComplete\",\"beforeAssertion\",\"afterAssertion\",\"beforeFeature\",\"beforeScenario\",\"beforeStep\",\"afterStep\",\"afterScenario\",\"afterFeature\",\"_\",\"suite\",\"$0\",\"ignoredWorkerServices\",\"wdi5\"]"}]}
RESULT: {"script":"<script> [2342 bytes]","args":[{"protocol":"http","hostname":"0.0.0.0","path":"/","capabilities":{"browserName":"chrome","goog:chromeOptions":{"binary":"C:\\Program Files\\Google\\Chrome\\Application\\chrome.exe","args":["--start-maximized"]}},"logLevel":"warn","connectionRetryTimeout":120000,"connectionRetryCount":3,"logLevels":{},"enableDirectConnect":true,"strictSSL":true,"_":"65 more keys: [\"cacheDir\",\"port\",\"requestedCapabilities\",\"automationProtocol\",\"baseUrl\",\"waitforInterval\",\"waitforTimeout\",\"onReload\",\"beforeCommand\",\"afterCommand\",\"rootDir\",\"specs\",\"suites\",\"exclude\",\"groupLogsByTestSpec\",\"excludeDriverLogs\",\"bail\",\"framework\",\"reporters\",\"services\",\"maxInstances\",\"maxInstancesPerCapability\",\"injectGlobals\",\"filesToWatch\",\"execArgv\",\"runnerEnv\",\"runner\",\"shard\",\"specFileRetries\",\"specFileRetriesDelay\",\"specFileRetriesDeferred\",\"reporterSyncInterval\",\"reporterSyncTimeout\",\"cucumberFeaturesWithLineNumbers\",\"autoCompileOpts\",\"mochaOpts\",\"jasmineOpts\",\"cucumberOpts\",\"onPrepare\",\"onWorkerStart\",\"onWorkerEnd\",\"before\",\"beforeSession\",\"beforeSuite\",\"beforeHook\",\"beforeTest\",\"afterTest\",\"afterHook\",\"afterSuite\",\"afterSession\",\"after\",\"onComplete\",\"beforeAssertion\",\"afterAssertion\",\"beforeFeature\",\"beforeScenario\",\"beforeStep\",\"afterStep\",\"afterScenario\",\"afterFeature\",\"_\",\"suite\",\"$0\",\"ignoredWorkerServices\",\"wdi5\"]"}]}
COMMAND: POST /session/a9ecac59f90ae0879adeb02b4c6e25ea/execute/async - {"script":"<script> [21126 bytes]","args":[35000]}
RESULT: {"script":"<script> [21126 bytes]","args":[35000]}
COMMAND: POST /session/a9ecac59f90ae0879adeb02b4c6e25ea/window/maximize - {}
RESULT: {}
COMMAND: POST /session/a9ecac59f90ae0879adeb02b4c6e25ea/execute/async - {"script":"<script> [1562 bytes]","args":[{"selector":{"id":"shell-header","interaction":{"idSuffix":"icon"}},"wdio_ui5_key":"shellheader"}]}
COMMAND: GET /session/a9ecac59f90ae0879adeb02b4c6e25ea/screenshot - {}
RESULT: {"script":"<script> [1562 bytes]","args":[{"selector":{"id":"shell-header","interaction":{"idSuffix":"icon"}},"wdio_ui5_key":"shellheader"}]}
RESULT: undefined
COMMAND: POST /session/a9ecac59f90ae0879adeb02b4c6e25ea/execute/async - {"script":"<script> [1562 bytes]","args":[{"selector":{"controlType":"sap.m.GenericTile","properties":{"header":"Manage Partners"}},"wdio_ui5_key":"sapm.GenericTile{\"header\":\"Manage Partners\"}"}]}
RESULT: {}
RESULT: {"script":"<script> [1562 bytes]","args":[{"selector":{"controlType":"sap.m.GenericTile","properties":{"header":"Manage Partners"}},"wdio_ui5_key":"sapm.GenericTile{\"header\":\"Manage Partners\"}"}]}
RESULT: undefined
COMMAND: POST /session/a9ecac59f90ae0879adeb02b4c6e25ea/element - {"using":"xpath","value":"//*[@id=\"__tile38\"]"}
RESULT: {"using":"xpath","value":"//*[@id=\"__tile38\"]"}
COMMAND: POST /session/a9ecac59f90ae0879adeb02b4c6e25ea/element/f.2D4A0A0FF06FC9BC8B57DC00C93901FE.d.B923DFF862D85B6CFD4B5BB8EFC60374.e.1096/click - {}
RESULT: {}
COMMAND: GET /session/a9ecac59f90ae0879adeb02b4c6e25ea/screenshot - {}
RESULT: {}
COMMAND: POST /session/a9ecac59f90ae0879adeb02b4c6e25ea/elements - {"using":"xpath","value":"//span[text()='Error']"}
RESULT: {"using":"xpath","value":"//span[text()='Error']"}
]]></system-out>
    </testcase>
  </testsuite>
  <testsuite timestamp="2025-05-13T07:25:41" time="70.236" tests="1" failures="0" errors="0" skipped="0">
    <properties>
      <property name="specId" value="0" />
      <property name="suiteName" value="Manage Partners: Interfaces Data Check for UI fields US132253" />
      <property name="capabilities" value="chrome.136_0_7103_49.windows" />
      <property name="file" value="file:///D:/a/1/s/test/specs/TECH/partner-interface-data-check.spec.js" />
    </properties>
    <testcase classname="chrome.136_0_7103_49.windows.Manage_Partners:_Interfaces_Data_Check_for_UI_fields_US132253" name="Should see data from Company Code interface for Company Code Field" time="40.358">
      <system-out><![CDATA[
COMMAND: POST /session/a9ecac59f90ae0879adeb02b4c6e25ea/execute/async - {"script":"<script> [1562 bytes]","args":[{"selector":{"controlType":"sap.m.Button","viewName":"etm.portal.ui.managepartners.view.Master","viewId":"application-managepartners-display-component---masterPtm","i18NText":{"propertyName":"tooltip","key":"add"}},"wdio_ui5_key":"etmportal.ui.managepartners.view.Mastersap.m.Button{\"propertyName\":\"tooltip\",\"key\":\"add\"}"}]}
RESULT: {"script":"<script> [1562 bytes]","args":[{"selector":{"controlType":"sap.m.Button","viewName":"etm.portal.ui.managepartners.view.Master","viewId":"application-managepartners-display-component---masterPtm","i18NText":{"propertyName":"tooltip","key":"add"}},"wdio_ui5_key":"etmportal.ui.managepartners.view.Mastersap.m.Button{\"propertyName\":\"tooltip\",\"key\":\"add\"}"}]}
RESULT: undefined
COMMAND: POST /session/a9ecac59f90ae0879adeb02b4c6e25ea/element - {"using":"xpath","value":"//*[@id=\"__button4\"]"}
RESULT: {"using":"xpath","value":"//*[@id=\"__button4\"]"}
COMMAND: POST /session/a9ecac59f90ae0879adeb02b4c6e25ea/element/f.2D4A0A0FF06FC9BC8B57DC00C93901FE.d.B923DFF862D85B6CFD4B5BB8EFC60374.e.1145/click - {}
RESULT: {}
COMMAND: GET /session/a9ecac59f90ae0879adeb02b4c6e25ea/screenshot - {}
RESULT: {}
COMMAND: POST /session/a9ecac59f90ae0879adeb02b4c6e25ea/execute/async - {"script":"<script> [1562 bytes]","args":[{"selector":{"id":"application-managepartners-display-component---NewPartner--partnerDetailInternal","interaction":{"idSuffix":"inner"}},"wdio_ui5_key":"applicationmanagepartners-display-component---NewPartner--partnerDetailInternal"}]}
RESULT: {"script":"<script> [1562 bytes]","args":[{"selector":{"id":"application-managepartners-display-component---NewPartner--partnerDetailInternal","interaction":{"idSuffix":"inner"}},"wdio_ui5_key":"applicationmanagepartners-display-component---NewPartner--partnerDetailInternal"}]}
RESULT: undefined
COMMAND: POST /session/a9ecac59f90ae0879adeb02b4c6e25ea/execute/async - {"script":"<script> [776 bytes]","args":[{"enterText":"","selector":{"id":"application-managepartners-display-component---NewPartner--partnerDetailInternal","interaction":{"idSuffix":"inner"}},"clearTextFirst":true,"interactionType":"ENTER_TEXT"}]}
RESULT: {"script":"<script> [776 bytes]","args":[{"enterText":"","selector":{"id":"application-managepartners-display-component---NewPartner--partnerDetailInternal","interaction":{"idSuffix":"inner"}},"clearTextFirst":true,"interactionType":"ENTER_TEXT"}]}
COMMAND: POST /session/a9ecac59f90ae0879adeb02b4c6e25ea/execute/async - {"script":"<script> [1562 bytes]","args":[{"selector":{"id":"application-managepartners-display-component---NewPartner--partnerDetailInternal-arrow"},"wdio_ui5_key":"applicationmanagepartners-display-component---NewPartner--partnerDetailInternal-arrow"}]}
RESULT: {"script":"<script> [1562 bytes]","args":[{"selector":{"id":"application-managepartners-display-component---NewPartner--partnerDetailInternal-arrow"},"wdio_ui5_key":"applicationmanagepartners-display-component---NewPartner--partnerDetailInternal-arrow"}]}
RESULT: undefined
COMMAND: POST /session/a9ecac59f90ae0879adeb02b4c6e25ea/element - {"using":"xpath","value":"//*[@id=\"application-managepartners-display-component---NewPartner--partnerDetailInternal-arrow\"]"}
RESULT: {"using":"xpath","value":"//*[@id=\"application-managepartners-display-component---NewPartner--partnerDetailInternal-arrow\"]"}
COMMAND: POST /session/a9ecac59f90ae0879adeb02b4c6e25ea/element/f.2D4A0A0FF06FC9BC8B57DC00C93901FE.d.B923DFF862D85B6CFD4B5BB8EFC60374.e.1462/click - {}
RESULT: {}
COMMAND: POST /session/a9ecac59f90ae0879adeb02b4c6e25ea/execute/async - {"script":"<script> [1562 bytes]","args":[{"selector":{"controlType":"sap.m.StandardListItem","viewName":"etm.portal.ui.managepartners.view.NewPartner","viewId":"application-managepartners-display-component---NewPartner","properties":{"title":"External partner"},"searchOpenDialogs":true},"wdio_ui5_key":"etmportal.ui.managepartners.view.NewPartnersap.m.StandardListItem{\"title\":\"External partner\"}"}]}
COMMAND: GET /session/a9ecac59f90ae0879adeb02b4c6e25ea/screenshot - {}
RESULT: {"script":"<script> [1562 bytes]","args":[{"selector":{"controlType":"sap.m.StandardListItem","viewName":"etm.portal.ui.managepartners.view.NewPartner","viewId":"application-managepartners-display-component---NewPartner","properties":{"title":"External partner"},"searchOpenDialogs":true},"wdio_ui5_key":"etmportal.ui.managepartners.view.NewPartnersap.m.StandardListItem{\"title\":\"External partner\"}"}]}
RESULT: undefined
COMMAND: POST /session/a9ecac59f90ae0879adeb02b4c6e25ea/element - {"using":"xpath","value":"//*[@id=\"__item76\"]"}
RESULT: {}
RESULT: {"using":"xpath","value":"//*[@id=\"__item76\"]"}
COMMAND: POST /session/a9ecac59f90ae0879adeb02b4c6e25ea/element/f.2D4A0A0FF06FC9BC8B57DC00C93901FE.d.B923DFF862D85B6CFD4B5BB8EFC60374.e.1464/click - {}
RESULT: {}
COMMAND: POST /session/a9ecac59f90ae0879adeb02b4c6e25ea/execute/async - {"script":"<script> [1562 bytes]","args":[{"selector":{"controlType":"sap.m.Button","viewName":"etm.portal.ui.managepartners.view.NewPartner","viewId":"application-managepartners-display-component---NewPartner","properties":{"text":"Reference"},"interaction":{"idSuffix":"BDI-content"}},"wdio_ui5_key":"etmportal.ui.managepartners.view.NewPartnersap.m.Button{\"text\":\"Reference\"}"}]}
COMMAND: GET /session/a9ecac59f90ae0879adeb02b4c6e25ea/screenshot - {}
RESULT: {"script":"<script> [1562 bytes]","args":[{"selector":{"controlType":"sap.m.Button","viewName":"etm.portal.ui.managepartners.view.NewPartner","viewId":"application-managepartners-display-component---NewPartner","properties":{"text":"Reference"},"interaction":{"idSuffix":"BDI-content"}},"wdio_ui5_key":"etmportal.ui.managepartners.view.NewPartnersap.m.Button{\"text\":\"Reference\"}"}]}
RESULT: undefined
COMMAND: POST /session/a9ecac59f90ae0879adeb02b4c6e25ea/element - {"using":"xpath","value":"//*[@id=\"application-managepartners-display-component---NewPartner--ObjectPageLayout-anchBar-__section7-anchor\"]"}
RESULT: {}
RESULT: {"using":"xpath","value":"//*[@id=\"application-managepartners-display-component---NewPartner--ObjectPageLayout-anchBar-__section7-anchor\"]"}
COMMAND: POST /session/a9ecac59f90ae0879adeb02b4c6e25ea/element/f.2D4A0A0FF06FC9BC8B57DC00C93901FE.d.B923DFF862D85B6CFD4B5BB8EFC60374.e.1466/click - {}
RESULT: {}
COMMAND: POST /session/a9ecac59f90ae0879adeb02b4c6e25ea/execute/async - {"script":"<script> [1562 bytes]","args":[{"selector":{"id":"application-managepartners-display-component---NewPartner--companyCodeComboBox","interaction":{"idSuffix":"inner"}},"wdio_ui5_key":"applicationmanagepartners-display-component---NewPartner--companyCodeComboBox"}]}
COMMAND: GET /session/a9ecac59f90ae0879adeb02b4c6e25ea/screenshot - {}
RESULT: {"script":"<script> [1562 bytes]","args":[{"selector":{"id":"application-managepartners-display-component---NewPartner--companyCodeComboBox","interaction":{"idSuffix":"inner"}},"wdio_ui5_key":"applicationmanagepartners-display-component---NewPartner--companyCodeComboBox"}]}
RESULT: undefined
COMMAND: POST /session/a9ecac59f90ae0879adeb02b4c6e25ea/execute/async - {"script":"<script> [776 bytes]","args":[{"enterText":"1010","selector":{"id":"application-managepartners-display-component---NewPartner--companyCodeComboBox","interaction":{"idSuffix":"inner"}},"clearTextFirst":true,"interactionType":"ENTER_TEXT"}]}
RESULT: {}
RESULT: {"script":"<script> [776 bytes]","args":[{"enterText":"1010","selector":{"id":"application-managepartners-display-component---NewPartner--companyCodeComboBox","interaction":{"idSuffix":"inner"}},"clearTextFirst":true,"interactionType":"ENTER_TEXT"}]}
COMMAND: POST /session/a9ecac59f90ae0879adeb02b4c6e25ea/actions - {"actions":[{"id":"action6","type":"key","parameters":{},"actions":[{"type":"keyDown","value":"î€•"},{"type":"pause","duration":10},{"type":"keyUp","value":"î€•"}]}]}
RESULT: {"actions":[{"id":"action6","type":"key","parameters":{},"actions":[{"type":"keyDown","value":"î€•"},{"type":"pause","duration":10},{"type":"keyUp","value":"î€•"}]}]}
COMMAND: POST /session/a9ecac59f90ae0879adeb02b4c6e25ea/actions - {"actions":[{"id":"action7","type":"key","parameters":{},"actions":[{"type":"keyDown","value":"î€‡"},{"type":"pause","duration":10},{"type":"keyUp","value":"î€‡"}]}]}
COMMAND: GET /session/a9ecac59f90ae0879adeb02b4c6e25ea/screenshot - {}
RESULT: {"actions":[{"id":"action7","type":"key","parameters":{},"actions":[{"type":"keyDown","value":"î€‡"},{"type":"pause","duration":10},{"type":"keyUp","value":"î€‡"}]}]}
RESULT: undefined
COMMAND: POST /session/a9ecac59f90ae0879adeb02b4c6e25ea/execute/async - {"script":"<script> [6424 bytes]","args":[{"element-6066-11e4-a52e-4f735466cecf":"f.2D4A0A0FF06FC9BC8B57DC00C93901FE.d.B923DFF862D85B6CFD4B5BB8EFC60374.e.1346"},"getValue",[]]}
COMMAND: GET /session/a9ecac59f90ae0879adeb02b4c6e25ea/screenshot - {}
RESULT: {}
RESULT: {}
RESULT: {"script":"<script> [6424 bytes]","args":[{"element-6066-11e4-a52e-4f735466cecf":"f.2D4A0A0FF06FC9BC8B57DC00C93901FE.d.B923DFF862D85B6CFD4B5BB8EFC60374.e.1346"},"getValue",[]]}
COMMAND: POST /session/a9ecac59f90ae0879adeb02b4c6e25ea/execute/async - {"script":"<script> [1562 bytes]","args":[{"selector":{"id":"application-managepartners-display-component---NewPartner--btnAddTableRow-img"},"wdio_ui5_key":"applicationmanagepartners-display-component---NewPartner--btnAddTableRow-img"}]}
RESULT: {"script":"<script> [1562 bytes]","args":[{"selector":{"id":"application-managepartners-display-component---NewPartner--btnAddTableRow-img"},"wdio_ui5_key":"applicationmanagepartners-display-component---NewPartner--btnAddTableRow-img"}]}
RESULT: undefined
COMMAND: POST /session/a9ecac59f90ae0879adeb02b4c6e25ea/element - {"using":"xpath","value":"//*[@id=\"application-managepartners-display-component---NewPartner--btnAddTableRow-img\"]"}
RESULT: {"using":"xpath","value":"//*[@id=\"application-managepartners-display-component---NewPartner--btnAddTableRow-img\"]"}
COMMAND: POST /session/a9ecac59f90ae0879adeb02b4c6e25ea/element/f.2D4A0A0FF06FC9BC8B57DC00C93901FE.d.B923DFF862D85B6CFD4B5BB8EFC60374.e.1473/click - {}
RESULT: {}
COMMAND: POST /session/a9ecac59f90ae0879adeb02b4c6e25ea/execute/async - {"script":"<script> [1562 bytes]","args":[{"selector":{"id":"application-managepartners-display-component---NewPartner--assignmentYard-application-managepartners-display-component---NewPartner--assignmentsTable-0-arrow"},"wdio_ui5_key":"applicationmanagepartners-display-component---NewPartner--assignmentYard-application-managepartners-display-component---NewPartner--assignmentsTable-0-arrow"}]}
COMMAND: GET /session/a9ecac59f90ae0879adeb02b4c6e25ea/screenshot - {}
RESULT: {"script":"<script> [1562 bytes]","args":[{"selector":{"id":"application-managepartners-display-component---NewPartner--assignmentYard-application-managepartners-display-component---NewPartner--assignmentsTable-0-arrow"},"wdio_ui5_key":"applicationmanagepartners-display-component---NewPartner--assignmentYard-application-managepartners-display-component---NewPartner--assignmentsTable-0-arrow"}]}
RESULT: undefined
COMMAND: POST /session/a9ecac59f90ae0879adeb02b4c6e25ea/element - {"using":"xpath","value":"//*[@id=\"application-managepartners-display-component---NewPartner--assignmentYard-application-managepartners-display-component---NewPartner--assignmentsTable-0-arrow\"]"}
RESULT: {}
RESULT: {"using":"xpath","value":"//*[@id=\"application-managepartners-display-component---NewPartner--assignmentYard-application-managepartners-display-component---NewPartner--assignmentsTable-0-arrow\"]"}
COMMAND: POST /session/a9ecac59f90ae0879adeb02b4c6e25ea/element/f.2D4A0A0FF06FC9BC8B57DC00C93901FE.d.B923DFF862D85B6CFD4B5BB8EFC60374.e.1481/click - {}
RESULT: {}
COMMAND: POST /session/a9ecac59f90ae0879adeb02b4c6e25ea/element - {"using":"xpath","value":"//input[@id=\"application-managepartners-display-component---NewPartner--assignmentYard-application-managepartners-display-component---NewPartner--assignmentsTable-0-inner\"]"}
COMMAND: GET /session/a9ecac59f90ae0879adeb02b4c6e25ea/screenshot - {}
RESULT: {"using":"xpath","value":"//input[@id=\"application-managepartners-display-component---NewPartner--assignmentYard-application-managepartners-display-component---NewPartner--assignmentsTable-0-inner\"]"}
COMMAND: POST /session/a9ecac59f90ae0879adeb02b4c6e25ea/elements - {"using":"xpath","value":"//input[@id=\"application-managepartners-display-component---NewPartner--assignmentYard-application-managepartners-display-component---NewPartner--assignmentsTable-0-inner\"]"}
RESULT: {}
RESULT: {"using":"xpath","value":"//input[@id=\"application-managepartners-display-component---NewPartner--assignmentYard-application-managepartners-display-component---NewPartner--assignmentsTable-0-inner\"]"}
COMMAND: POST /session/a9ecac59f90ae0879adeb02b4c6e25ea/execute/sync - {"script":"<script> [8489 bytes]","args":[{"element-6066-11e4-a52e-4f735466cecf":"f.2D4A0A0FF06FC9BC8B57DC00C93901FE.d.B923DFF862D85B6CFD4B5BB8EFC60374.e.1476","ELEMENT":"f.2D4A0A0FF06FC9BC8B57DC00C93901FE.d.B923DFF862D85B6CFD4B5BB8EFC60374.e.1476"}]}
RESULT: {"script":"<script> [8489 bytes]","args":[{"element-6066-11e4-a52e-4f735466cecf":"f.2D4A0A0FF06FC9BC8B57DC00C93901FE.d.B923DFF862D85B6CFD4B5BB8EFC60374.e.1476","ELEMENT":"f.2D4A0A0FF06FC9BC8B57DC00C93901FE.d.B923DFF862D85B6CFD4B5BB8EFC60374.e.1476"}]}
COMMAND: POST /session/a9ecac59f90ae0879adeb02b4c6e25ea/element/f.2D4A0A0FF06FC9BC8B57DC00C93901FE.d.B923DFF862D85B6CFD4B5BB8EFC60374.e.1476/clear - {}
COMMAND: GET /session/a9ecac59f90ae0879adeb02b4c6e25ea/screenshot - {}
RESULT: {}
COMMAND: POST /session/a9ecac59f90ae0879adeb02b4c6e25ea/element/f.2D4A0A0FF06FC9BC8B57DC00C93901FE.d.B923DFF862D85B6CFD4B5BB8EFC60374.e.1476/value - {"text":"176"}
COMMAND: GET /session/a9ecac59f90ae0879adeb02b4c6e25ea/screenshot - {}
RESULT: {}
RESULT: {"text":"176"}
COMMAND: GET /session/a9ecac59f90ae0879adeb02b4c6e25ea/screenshot - {}
RESULT: {}
RESULT: {}
COMMAND: POST /session/a9ecac59f90ae0879adeb02b4c6e25ea/actions - {"actions":[{"id":"action8","type":"key","parameters":{},"actions":[{"type":"keyDown","value":"î€•"},{"type":"pause","duration":10},{"type":"keyUp","value":"î€•"}]}]}
RESULT: {"actions":[{"id":"action8","type":"key","parameters":{},"actions":[{"type":"keyDown","value":"î€•"},{"type":"pause","duration":10},{"type":"keyUp","value":"î€•"}]}]}
COMMAND: POST /session/a9ecac59f90ae0879adeb02b4c6e25ea/actions - {"actions":[{"id":"action9","type":"key","parameters":{},"actions":[{"type":"keyDown","value":"î€‡"},{"type":"pause","duration":10},{"type":"keyUp","value":"î€‡"}]}]}
COMMAND: GET /session/a9ecac59f90ae0879adeb02b4c6e25ea/screenshot - {}
RESULT: {"actions":[{"id":"action9","type":"key","parameters":{},"actions":[{"type":"keyDown","value":"î€‡"},{"type":"pause","duration":10},{"type":"keyUp","value":"î€‡"}]}]}
COMMAND: POST /session/a9ecac59f90ae0879adeb02b4c6e25ea/execute/async - {"script":"<script> [1562 bytes]","args":[{"selector":{"id":"application-managepartners-display-component---NewPartner--externalCustomerComboBox-application-managepartners-display-component---NewPartner--assignmentsTable-0-vhi"},"wdio_ui5_key":"applicationmanagepartners-display-component---NewPartner--externalCustomerComboBox-application-managepartners-display-component---NewPartner--assignmentsTable-0-vhi"}]}
COMMAND: GET /session/a9ecac59f90ae0879adeb02b4c6e25ea/screenshot - {}
RESULT: {}
RESULT: {"script":"<script> [1562 bytes]","args":[{"selector":{"id":"application-managepartners-display-component---NewPartner--externalCustomerComboBox-application-managepartners-display-component---NewPartner--assignmentsTable-0-vhi"},"wdio_ui5_key":"applicationmanagepartners-display-component---NewPartner--externalCustomerComboBox-application-managepartners-display-component---NewPartner--assignmentsTable-0-vhi"}]}
RESULT: undefined
RESULT: {}
COMMAND: DELETE /session/a9ecac59f90ae0879adeb02b4c6e25ea - {}
RESULT: {}
]]></system-out>
    </testcase>
  </testsuite>
</testsuites>