<?xml version="1.0" encoding="UTF-8"?>
<testsuites tests="58" failures="31" errors="31" skipped="0">
  <testsuite timestamp="2025-05-13T06:59:57" time="906.444" tests="11" failures="5" errors="5" skipped="0">
    <properties>
      <property name="specId" value="0" />
      <property name="suiteName" value="Billing confirm US117289" />
      <property name="capabilities" value="chrome.136_0_7103_49.windows" />
      <property name="file" value="file:///D:/a/1/s/test/specs/BTS/billing-confirm.spec.js" />
    </properties>
    <testcase classname="chrome.136_0_7103_49.windows.Billing_confirm_US117289" name="Should create a new yard" time="106.274">
      <system-out><![CDATA[
COMMAND: POST /session/3c9b041fc044676a58cc73ba58d1a297/window/fullscreen - {}
RESULT: {}
COMMAND: POST /session/3c9b041fc044676a58cc73ba58d1a297/execute/async - {"script":"<script> [1562 bytes]","args":[{"selector":{"controlType":"sap.m.GenericTile","properties":{"header":"Manage Yards"}},"wdio_ui5_key":"sapm.GenericTile{\"header\":\"Manage Yards\"}"}]}
RESULT: {"script":"<script> [1562 bytes]","args":[{"selector":{"controlType":"sap.m.GenericTile","properties":{"header":"Manage Yards"}},"wdio_ui5_key":"sapm.GenericTile{\"header\":\"Manage Yards\"}"}]}
RESULT: undefined
COMMAND: POST /session/3c9b041fc044676a58cc73ba58d1a297/element - {"using":"xpath","value":"//*[@id=\"__tile41\"]"}
RESULT: {"using":"xpath","value":"//*[@id=\"__tile41\"]"}
COMMAND: POST /session/3c9b041fc044676a58cc73ba58d1a297/element/f.9E3361242BDECB3802103B61B67CD02C.d.18BB3B4798AC0F8BC0FEA3D4A05DEE1D.e.168/click - {}
RESULT: {}
COMMAND: POST /session/3c9b041fc044676a58cc73ba58d1a297/element - {"using":"xpath","value":"//button[@data-kt=\"addNewYardOverflowToolbarButton\"]"}
COMMAND: GET /session/3c9b041fc044676a58cc73ba58d1a297/screenshot - {}
RESULT: {"using":"xpath","value":"//button[@data-kt=\"addNewYardOverflowToolbarButton\"]"}
COMMAND: POST /session/3c9b041fc044676a58cc73ba58d1a297/elements - {"using":"xpath","value":"//button[@data-kt=\"addNewYardOverflowToolbarButton\"]"}
RESULT: {}
RESULT: {"using":"xpath","value":"//button[@data-kt=\"addNewYardOverflowToolbarButton\"]"}
COMMAND: POST /session/3c9b041fc044676a58cc73ba58d1a297/elements - {"using":"xpath","value":"//button[@data-kt=\"addNewYardOverflowToolbarButton\"]"}
RESULT: {"using":"xpath","value":"//button[@data-kt=\"addNewYardOverflowToolbarButton\"]"}
COMMAND: POST /session/3c9b041fc044676a58cc73ba58d1a297/elements - {"using":"xpath","value":"//button[@data-kt=\"addNewYardOverflowToolbarButton\"]"}
RESULT: {"using":"xpath","value":"//button[@data-kt=\"addNewYardOverflowToolbarButton\"]"}
COMMAND: POST /session/3c9b041fc044676a58cc73ba58d1a297/elements - {"using":"xpath","value":"//button[@data-kt=\"addNewYardOverflowToolbarButton\"]"}
RESULT: {"using":"xpath","value":"//button[@data-kt=\"addNewYardOverflowToolbarButton\"]"}
COMMAND: POST /session/3c9b041fc044676a58cc73ba58d1a297/elements - {"using":"xpath","value":"//button[@data-kt=\"addNewYardOverflowToolbarButton\"]"}
RESULT: {"using":"xpath","value":"//button[@data-kt=\"addNewYardOverflowToolbarButton\"]"}
COMMAND: POST /session/3c9b041fc044676a58cc73ba58d1a297/elements - {"using":"xpath","value":"//button[@data-kt=\"addNewYardOverflowToolbarButton\"]"}
RESULT: {"using":"xpath","value":"//button[@data-kt=\"addNewYardOverflowToolbarButton\"]"}
COMMAND: POST /session/3c9b041fc044676a58cc73ba58d1a297/elements - {"using":"xpath","value":"//button[@data-kt=\"addNewYardOverflowToolbarButton\"]"}
RESULT: {"using":"xpath","value":"//button[@data-kt=\"addNewYardOverflowToolbarButton\"]"}
COMMAND: POST /session/3c9b041fc044676a58cc73ba58d1a297/elements - {"using":"xpath","value":"//button[@data-kt=\"addNewYardOverflowToolbarButton\"]"}
RESULT: {"using":"xpath","value":"//button[@data-kt=\"addNewYardOverflowToolbarButton\"]"}
COMMAND: POST /session/3c9b041fc044676a58cc73ba58d1a297/elements - {"using":"xpath","value":"//button[@data-kt=\"addNewYardOverflowToolbarButton\"]"}
RESULT: {"using":"xpath","value":"//button[@data-kt=\"addNewYardOverflowToolbarButton\"]"}
COMMAND: POST /session/3c9b041fc044676a58cc73ba58d1a297/elements - {"using":"xpath","value":"//button[@data-kt=\"addNewYardOverflowToolbarButton\"]"}
RESULT: {"using":"xpath","value":"//button[@data-kt=\"addNewYardOverflowToolbarButton\"]"}
COMMAND: POST /session/3c9b041fc044676a58cc73ba58d1a297/elements - {"using":"xpath","value":"//button[@data-kt=\"addNewYardOverflowToolbarButton\"]"}
RESULT: {"using":"xpath","value":"//button[@data-kt=\"addNewYardOverflowToolbarButton\"]"}
COMMAND: POST /session/3c9b041fc044676a58cc73ba58d1a297/elements - {"using":"xpath","value":"//button[@data-kt=\"addNewYardOverflowToolbarButton\"]"}
RESULT: {"using":"xpath","value":"//button[@data-kt=\"addNewYardOverflowToolbarButton\"]"}
COMMAND: POST /session/3c9b041fc044676a58cc73ba58d1a297/elements - {"using":"xpath","value":"//button[@data-kt=\"addNewYardOverflowToolbarButton\"]"}
RESULT: {"using":"xpath","value":"//button[@data-kt=\"addNewYardOverflowToolbarButton\"]"}
COMMAND: POST /session/3c9b041fc044676a58cc73ba58d1a297/elements - {"using":"xpath","value":"//button[@data-kt=\"addNewYardOverflowToolbarButton\"]"}
RESULT: {"using":"xpath","value":"//button[@data-kt=\"addNewYardOverflowToolbarButton\"]"}
COMMAND: POST /session/3c9b041fc044676a58cc73ba58d1a297/elements - {"using":"xpath","value":"//button[@data-kt=\"addNewYardOverflowToolbarButton\"]"}
RESULT: {"using":"xpath","value":"//button[@data-kt=\"addNewYardOverflowToolbarButton\"]"}
COMMAND: POST /session/3c9b041fc044676a58cc73ba58d1a297/elements - {"using":"xpath","value":"//button[@data-kt=\"addNewYardOverflowToolbarButton\"]"}
RESULT: {"using":"xpath","value":"//button[@data-kt=\"addNewYardOverflowToolbarButton\"]"}
COMMAND: POST /session/3c9b041fc044676a58cc73ba58d1a297/elements - {"using":"xpath","value":"//button[@data-kt=\"addNewYardOverflowToolbarButton\"]"}
RESULT: {"using":"xpath","value":"//button[@data-kt=\"addNewYardOverflowToolbarButton\"]"}
COMMAND: POST /session/3c9b041fc044676a58cc73ba58d1a297/elements - {"using":"xpath","value":"//button[@data-kt=\"addNewYardOverflowToolbarButton\"]"}
RESULT: {"using":"xpath","value":"//button[@data-kt=\"addNewYardOverflowToolbarButton\"]"}
COMMAND: POST /session/3c9b041fc044676a58cc73ba58d1a297/elements - {"using":"xpath","value":"//button[@data-kt=\"addNewYardOverflowToolbarButton\"]"}
RESULT: {"using":"xpath","value":"//button[@data-kt=\"addNewYardOverflowToolbarButton\"]"}
COMMAND: POST /session/3c9b041fc044676a58cc73ba58d1a297/elements - {"using":"xpath","value":"//button[@data-kt=\"addNewYardOverflowToolbarButton\"]"}
RESULT: {"using":"xpath","value":"//button[@data-kt=\"addNewYardOverflowToolbarButton\"]"}
COMMAND: POST /session/3c9b041fc044676a58cc73ba58d1a297/elements - {"using":"xpath","value":"//button[@data-kt=\"addNewYardOverflowToolbarButton\"]"}
RESULT: {"using":"xpath","value":"//button[@data-kt=\"addNewYardOverflowToolbarButton\"]"}
COMMAND: POST /session/3c9b041fc044676a58cc73ba58d1a297/element - {"using":"xpath","value":"//button[@data-kt=\"addNewYardOverflowToolbarButton\"]"}
RESULT: {"using":"xpath","value":"//button[@data-kt=\"addNewYardOverflowToolbarButton\"]"}
COMMAND: POST /session/3c9b041fc044676a58cc73ba58d1a297/execute/sync - {"script":"<script> [8489 bytes]","args":[{"element-6066-11e4-a52e-4f735466cecf":"f.9E3361242BDECB3802103B61B67CD02C.d.18BB3B4798AC0F8BC0FEA3D4A05DEE1D.e.297","ELEMENT":"f.9E3361242BDECB3802103B61B67CD02C.d.18BB3B4798AC0F8BC0FEA3D4A05DEE1D.e.297"}]}
RESULT: {"script":"<script> [8489 bytes]","args":[{"element-6066-11e4-a52e-4f735466cecf":"f.9E3361242BDECB3802103B61B67CD02C.d.18BB3B4798AC0F8BC0FEA3D4A05DEE1D.e.297","ELEMENT":"f.9E3361242BDECB3802103B61B67CD02C.d.18BB3B4798AC0F8BC0FEA3D4A05DEE1D.e.297"}]}
COMMAND: GET /session/3c9b041fc044676a58cc73ba58d1a297/element/f.9E3361242BDECB3802103B61B67CD02C.d.18BB3B4798AC0F8BC0FEA3D4A05DEE1D.e.297/enabled - {}
COMMAND: GET /session/3c9b041fc044676a58cc73ba58d1a297/screenshot - {}
RESULT: {}
COMMAND: POST /session/3c9b041fc044676a58cc73ba58d1a297/execute/sync - {"script":"<script> [8489 bytes]","args":[{"element-6066-11e4-a52e-4f735466cecf":"f.9E3361242BDECB3802103B61B67CD02C.d.18BB3B4798AC0F8BC0FEA3D4A05DEE1D.e.297","ELEMENT":"f.9E3361242BDECB3802103B61B67CD02C.d.18BB3B4798AC0F8BC0FEA3D4A05DEE1D.e.297"}]}
COMMAND: GET /session/3c9b041fc044676a58cc73ba58d1a297/screenshot - {}
RESULT: {}
RESULT: {"script":"<script> [8489 bytes]","args":[{"element-6066-11e4-a52e-4f735466cecf":"f.9E3361242BDECB3802103B61B67CD02C.d.18BB3B4798AC0F8BC0FEA3D4A05DEE1D.e.297","ELEMENT":"f.9E3361242BDECB3802103B61B67CD02C.d.18BB3B4798AC0F8BC0FEA3D4A05DEE1D.e.297"}]}
COMMAND: POST /session/3c9b041fc044676a58cc73ba58d1a297/execute/sync - {"script":"<script> [5351 bytes]","args":[{"element-6066-11e4-a52e-4f735466cecf":"f.9E3361242BDECB3802103B61B67CD02C.d.18BB3B4798AC0F8BC0FEA3D4A05DEE1D.e.297","ELEMENT":"f.9E3361242BDECB3802103B61B67CD02C.d.18BB3B4798AC0F8BC0FEA3D4A05DEE1D.e.297"}]}
COMMAND: GET /session/3c9b041fc044676a58cc73ba58d1a297/screenshot - {}
RESULT: {}
RESULT: {"script":"<script> [5351 bytes]","args":[{"element-6066-11e4-a52e-4f735466cecf":"f.9E3361242BDECB3802103B61B67CD02C.d.18BB3B4798AC0F8BC0FEA3D4A05DEE1D.e.297","ELEMENT":"f.9E3361242BDECB3802103B61B67CD02C.d.18BB3B4798AC0F8BC0FEA3D4A05DEE1D.e.297"}]}
COMMAND: POST /session/3c9b041fc044676a58cc73ba58d1a297/element/f.9E3361242BDECB3802103B61B67CD02C.d.18BB3B4798AC0F8BC0FEA3D4A05DEE1D.e.297/click - {}
COMMAND: GET /session/3c9b041fc044676a58cc73ba58d1a297/screenshot - {}
RESULT: {}
RESULT: {}
COMMAND: GET /session/3c9b041fc044676a58cc73ba58d1a297/screenshot - {}
RESULT: {}
RESULT: {}
COMMAND: POST /session/3c9b041fc044676a58cc73ba58d1a297/element - {"using":"xpath","value":"//input[@id=\"application-manageyards-display-component---NewYard--yardId-inner\"]"}
RESULT: {"using":"xpath","value":"//input[@id=\"application-manageyards-display-component---NewYard--yardId-inner\"]"}
COMMAND: POST /session/3c9b041fc044676a58cc73ba58d1a297/element - {"using":"xpath","value":"//input[@id=\"application-manageyards-display-component---NewYard--yardId-inner\"]"}
RESULT: {"using":"xpath","value":"//input[@id=\"application-manageyards-display-component---NewYard--yardId-inner\"]"}
COMMAND: POST /session/3c9b041fc044676a58cc73ba58d1a297/execute/async - {"script":"<script> [1562 bytes]","args":[{"selector":{"id":"application-manageyards-display-component---NewYard--addressDetailDetailsName1","interaction":{"idSuffix":"inner"}},"wdio_ui5_key":"applicationmanageyards-display-component---NewYard--addressDetailDetailsName1"}]}
RESULT: {"script":"<script> [1562 bytes]","args":[{"selector":{"id":"application-manageyards-display-component---NewYard--addressDetailDetailsName1","interaction":{"idSuffix":"inner"}},"wdio_ui5_key":"applicationmanageyards-display-component---NewYard--addressDetailDetailsName1"}]}
RESULT: undefined
COMMAND: POST /session/3c9b041fc044676a58cc73ba58d1a297/execute/async - {"script":"<script> [776 bytes]","args":[{"enterText":"Intracompany Yard wdIO","selector":{"id":"application-manageyards-display-component---NewYard--addressDetailDetailsName1","interaction":{"idSuffix":"inner"}},"clearTextFirst":true,"interactionType":"ENTER_TEXT"}]}
RESULT: {"script":"<script> [776 bytes]","args":[{"enterText":"Intracompany Yard wdIO","selector":{"id":"application-manageyards-display-component---NewYard--addressDetailDetailsName1","interaction":{"idSuffix":"inner"}},"clearTextFirst":true,"interactionType":"ENTER_TEXT"}]}
COMMAND: POST /session/3c9b041fc044676a58cc73ba58d1a297/execute/async - {"script":"<script> [1562 bytes]","args":[{"selector":{"id":"application-manageyards-display-component---NewYard--addressDetailDetailsLanguage-arrow"},"wdio_ui5_key":"applicationmanageyards-display-component---NewYard--addressDetailDetailsLanguage-arrow"}]}
RESULT: {"script":"<script> [1562 bytes]","args":[{"selector":{"id":"application-manageyards-display-component---NewYard--addressDetailDetailsLanguage-arrow"},"wdio_ui5_key":"applicationmanageyards-display-component---NewYard--addressDetailDetailsLanguage-arrow"}]}
RESULT: undefined
COMMAND: POST /session/3c9b041fc044676a58cc73ba58d1a297/element - {"using":"xpath","value":"//*[@id=\"application-manageyards-display-component---NewYard--addressDetailDetailsLanguage-arrow\"]"}
RESULT: {"using":"xpath","value":"//*[@id=\"application-manageyards-display-component---NewYard--addressDetailDetailsLanguage-arrow\"]"}
COMMAND: POST /session/3c9b041fc044676a58cc73ba58d1a297/element/f.9E3361242BDECB3802103B61B67CD02C.d.18BB3B4798AC0F8BC0FEA3D4A05DEE1D.e.707/click - {}
RESULT: {}
COMMAND: POST /session/3c9b041fc044676a58cc73ba58d1a297/element - {"using":"xpath","value":"//span[contains(text(), \"English\")]"}
COMMAND: GET /session/3c9b041fc044676a58cc73ba58d1a297/screenshot - {}
RESULT: {"using":"xpath","value":"//span[contains(text(), \"English\")]"}
COMMAND: POST /session/3c9b041fc044676a58cc73ba58d1a297/element/f.9E3361242BDECB3802103B61B67CD02C.d.18BB3B4798AC0F8BC0FEA3D4A05DEE1D.e.708/click - {}
RESULT: {}
RESULT: {}
COMMAND: POST /session/3c9b041fc044676a58cc73ba58d1a297/execute/async - {"script":"<script> [1562 bytes]","args":[{"selector":{"id":"application-manageyards-display-component---NewYard--addressDetailDetailsCity1","interaction":{"idSuffix":"inner"}},"wdio_ui5_key":"applicationmanageyards-display-component---NewYard--addressDetailDetailsCity1"}]}
COMMAND: GET /session/3c9b041fc044676a58cc73ba58d1a297/screenshot - {}
RESULT: {"script":"<script> [1562 bytes]","args":[{"selector":{"id":"application-manageyards-display-component---NewYard--addressDetailDetailsCity1","interaction":{"idSuffix":"inner"}},"wdio_ui5_key":"applicationmanageyards-display-component---NewYard--addressDetailDetailsCity1"}]}
RESULT: undefined
COMMAND: POST /session/3c9b041fc044676a58cc73ba58d1a297/execute/async - {"script":"<script> [776 bytes]","args":[{"enterText":"Rosario","selector":{"id":"application-manageyards-display-component---NewYard--addressDetailDetailsCity1","interaction":{"idSuffix":"inner"}},"clearTextFirst":true,"interactionType":"ENTER_TEXT"}]}
RESULT: {}
RESULT: {"script":"<script> [776 bytes]","args":[{"enterText":"Rosario","selector":{"id":"application-manageyards-display-component---NewYard--addressDetailDetailsCity1","interaction":{"idSuffix":"inner"}},"clearTextFirst":true,"interactionType":"ENTER_TEXT"}]}
COMMAND: POST /session/3c9b041fc044676a58cc73ba58d1a297/execute/async - {"script":"<script> [1562 bytes]","args":[{"selector":{"id":"application-manageyards-display-component---NewYard--addressDetailDetailsCountry-arrow"},"wdio_ui5_key":"applicationmanageyards-display-component---NewYard--addressDetailDetailsCountry-arrow"}]}
RESULT: {"script":"<script> [1562 bytes]","args":[{"selector":{"id":"application-manageyards-display-component---NewYard--addressDetailDetailsCountry-arrow"},"wdio_ui5_key":"applicationmanageyards-display-component---NewYard--addressDetailDetailsCountry-arrow"}]}
RESULT: undefined
COMMAND: POST /session/3c9b041fc044676a58cc73ba58d1a297/element - {"using":"xpath","value":"//*[@id=\"application-manageyards-display-component---NewYard--addressDetailDetailsCountry-arrow\"]"}
RESULT: {"using":"xpath","value":"//*[@id=\"application-manageyards-display-component---NewYard--addressDetailDetailsCountry-arrow\"]"}
COMMAND: POST /session/3c9b041fc044676a58cc73ba58d1a297/element/f.9E3361242BDECB3802103B61B67CD02C.d.18BB3B4798AC0F8BC0FEA3D4A05DEE1D.e.710/click - {}
RESULT: {}
COMMAND: POST /session/3c9b041fc044676a58cc73ba58d1a297/element - {"using":"xpath","value":"//span[contains(text(), \"Argentina\")]"}
COMMAND: GET /session/3c9b041fc044676a58cc73ba58d1a297/screenshot - {}
RESULT: {"using":"xpath","value":"//span[contains(text(), \"Argentina\")]"}
COMMAND: POST /session/3c9b041fc044676a58cc73ba58d1a297/element/f.9E3361242BDECB3802103B61B67CD02C.d.18BB3B4798AC0F8BC0FEA3D4A05DEE1D.e.712/click - {}
RESULT: {}
RESULT: {}
COMMAND: POST /session/3c9b041fc044676a58cc73ba58d1a297/execute/async - {"script":"<script> [1562 bytes]","args":[{"selector":{"id":"application-manageyards-display-component---NewYard--addressEditDetailsCostObjectCstType-arrow"},"wdio_ui5_key":"applicationmanageyards-display-component---NewYard--addressEditDetailsCostObjectCstType-arrow"}]}
COMMAND: GET /session/3c9b041fc044676a58cc73ba58d1a297/screenshot - {}
RESULT: {"script":"<script> [1562 bytes]","args":[{"selector":{"id":"application-manageyards-display-component---NewYard--addressEditDetailsCostObjectCstType-arrow"},"wdio_ui5_key":"applicationmanageyards-display-component---NewYard--addressEditDetailsCostObjectCstType-arrow"}]}
RESULT: undefined
COMMAND: POST /session/3c9b041fc044676a58cc73ba58d1a297/element - {"using":"xpath","value":"//*[@id=\"application-manageyards-display-component---NewYard--addressEditDetailsCostObjectCstType-arrow\"]"}
RESULT: {}
RESULT: {"using":"xpath","value":"//*[@id=\"application-manageyards-display-component---NewYard--addressEditDetailsCostObjectCstType-arrow\"]"}
COMMAND: POST /session/3c9b041fc044676a58cc73ba58d1a297/element/f.9E3361242BDECB3802103B61B67CD02C.d.18BB3B4798AC0F8BC0FEA3D4A05DEE1D.e.713/click - {}
RESULT: {}
COMMAND: POST /session/3c9b041fc044676a58cc73ba58d1a297/element - {"using":"xpath","value":"//span[contains(text(), \"Cost Center\")]"}
COMMAND: GET /session/3c9b041fc044676a58cc73ba58d1a297/screenshot - {}
RESULT: {"using":"xpath","value":"//span[contains(text(), \"Cost Center\")]"}
COMMAND: POST /session/3c9b041fc044676a58cc73ba58d1a297/element/f.9E3361242BDECB3802103B61B67CD02C.d.18BB3B4798AC0F8BC0FEA3D4A05DEE1D.e.714/click - {}
RESULT: {}
RESULT: {}
COMMAND: GET /session/3c9b041fc044676a58cc73ba58d1a297/screenshot - {}
RESULT: {}
COMMAND: POST /session/3c9b041fc044676a58cc73ba58d1a297/element - {"using":"xpath","value":"//span[@id=\"application-manageyards-display-component---NewYard--addressNewCostObjectCstID-vhi\"]"}
RESULT: {"using":"xpath","value":"//span[@id=\"application-manageyards-display-component---NewYard--addressNewCostObjectCstID-vhi\"]"}
COMMAND: POST /session/3c9b041fc044676a58cc73ba58d1a297/execute/sync - {"script":"<script> [8489 bytes]","args":[{"element-6066-11e4-a52e-4f735466cecf":"f.9E3361242BDECB3802103B61B67CD02C.d.18BB3B4798AC0F8BC0FEA3D4A05DEE1D.e.718","ELEMENT":"f.9E3361242BDECB3802103B61B67CD02C.d.18BB3B4798AC0F8BC0FEA3D4A05DEE1D.e.718"}]}
RESULT: {"script":"<script> [8489 bytes]","args":[{"element-6066-11e4-a52e-4f735466cecf":"f.9E3361242BDECB3802103B61B67CD02C.d.18BB3B4798AC0F8BC0FEA3D4A05DEE1D.e.718","ELEMENT":"f.9E3361242BDECB3802103B61B67CD02C.d.18BB3B4798AC0F8BC0FEA3D4A05DEE1D.e.718"}]}
COMMAND: POST /session/3c9b041fc044676a58cc73ba58d1a297/execute/async - {"script":"<script> [1562 bytes]","args":[{"selector":{"id":"application-manageyards-display-component---NewYard--addressNewCostObjectCstID-vhi"},"wdio_ui5_key":"applicationmanageyards-display-component---NewYard--addressNewCostObjectCstID-vhi"}]}
COMMAND: GET /session/3c9b041fc044676a58cc73ba58d1a297/screenshot - {}
RESULT: {"script":"<script> [1562 bytes]","args":[{"selector":{"id":"application-manageyards-display-component---NewYard--addressNewCostObjectCstID-vhi"},"wdio_ui5_key":"applicationmanageyards-display-component---NewYard--addressNewCostObjectCstID-vhi"}]}
RESULT: undefined
COMMAND: POST /session/3c9b041fc044676a58cc73ba58d1a297/element - {"using":"xpath","value":"//*[@id=\"application-manageyards-display-component---NewYard--addressNewCostObjectCstID-vhi\"]"}
RESULT: {}
RESULT: {"using":"xpath","value":"//*[@id=\"application-manageyards-display-component---NewYard--addressNewCostObjectCstID-vhi\"]"}
COMMAND: POST /session/3c9b041fc044676a58cc73ba58d1a297/element/f.9E3361242BDECB3802103B61B67CD02C.d.18BB3B4798AC0F8BC0FEA3D4A05DEE1D.e.718/click - {}
RESULT: {}
COMMAND: GET /session/3c9b041fc044676a58cc73ba58d1a297/screenshot - {}
RESULT: {}
COMMAND: POST /session/3c9b041fc044676a58cc73ba58d1a297/execute/async - {"script":"<script> [1562 bytes]","args":[{"selector":{"controlType":"sap.m.SearchField","properties":{"placeholder":"Search"},"searchOpenDialogs":true,"interaction":{"idSuffix":"I"}},"wdio_ui5_key":"sapm.SearchField{\"placeholder\":\"Search\"}"}]}
RESULT: {"script":"<script> [1562 bytes]","args":[{"selector":{"controlType":"sap.m.SearchField","properties":{"placeholder":"Search"},"searchOpenDialogs":true,"interaction":{"idSuffix":"I"}},"wdio_ui5_key":"sapm.SearchField{\"placeholder\":\"Search\"}"}]}
RESULT: undefined
COMMAND: POST /session/3c9b041fc044676a58cc73ba58d1a297/execute/async - {"script":"<script> [776 bytes]","args":[{"enterText":"10001013","selector":{"controlType":"sap.m.SearchField","properties":{"placeholder":"Search"},"searchOpenDialogs":true,"interaction":{"idSuffix":"I"}},"clearTextFirst":true,"interactionType":"ENTER_TEXT"}]}
RESULT: {"script":"<script> [776 bytes]","args":[{"enterText":"10001013","selector":{"controlType":"sap.m.SearchField","properties":{"placeholder":"Search"},"searchOpenDialogs":true,"interaction":{"idSuffix":"I"}},"clearTextFirst":true,"interactionType":"ENTER_TEXT"}]}
COMMAND: POST /session/3c9b041fc044676a58cc73ba58d1a297/actions - {"actions":[{"id":"action1","type":"key","parameters":{},"actions":[{"type":"keyDown","value":"î€‡"},{"type":"pause","duration":10},{"type":"keyUp","value":"î€‡"}]}]}
RESULT: {"actions":[{"id":"action1","type":"key","parameters":{},"actions":[{"type":"keyDown","value":"î€‡"},{"type":"pause","duration":10},{"type":"keyUp","value":"î€‡"}]}]}
COMMAND: GET /session/3c9b041fc044676a58cc73ba58d1a297/screenshot - {}
RESULT: {}
COMMAND: POST /session/3c9b041fc044676a58cc73ba58d1a297/element - {"using":"xpath","value":"//span[contains(text(), \"General Management\")]"}
RESULT: {"using":"xpath","value":"//span[contains(text(), \"General Management\")]"}
COMMAND: POST /session/3c9b041fc044676a58cc73ba58d1a297/element/f.9E3361242BDECB3802103B61B67CD02C.d.18BB3B4798AC0F8BC0FEA3D4A05DEE1D.e.759/click - {}
RESULT: {}
COMMAND: GET /session/3c9b041fc044676a58cc73ba58d1a297/screenshot - {}
RESULT: {}
COMMAND: POST /session/3c9b041fc044676a58cc73ba58d1a297/element - {"using":"xpath","value":"//bdi[contains(text(), \"OK\")]"}
RESULT: {"using":"xpath","value":"//bdi[contains(text(), \"OK\")]"}
COMMAND: POST /session/3c9b041fc044676a58cc73ba58d1a297/element/f.9E3361242BDECB3802103B61B67CD02C.d.18BB3B4798AC0F8BC0FEA3D4A05DEE1D.e.760/click - {}
RESULT: {}
COMMAND: GET /session/3c9b041fc044676a58cc73ba58d1a297/screenshot - {}
RESULT: {}
COMMAND: POST /session/3c9b041fc044676a58cc73ba58d1a297/execute/async - {"script":"<script> [1562 bytes]","args":[{"selector":{"id":"application-manageyards-display-component---NewYard--addressEditDetailsCurrency-arrow"},"wdio_ui5_key":"applicationmanageyards-display-component---NewYard--addressEditDetailsCurrency-arrow"}]}
RESULT: {"script":"<script> [1562 bytes]","args":[{"selector":{"id":"application-manageyards-display-component---NewYard--addressEditDetailsCurrency-arrow"},"wdio_ui5_key":"applicationmanageyards-display-component---NewYard--addressEditDetailsCurrency-arrow"}]}
RESULT: undefined
COMMAND: POST /session/3c9b041fc044676a58cc73ba58d1a297/element - {"using":"xpath","value":"//*[@id=\"application-manageyards-display-component---NewYard--addressEditDetailsCurrency-arrow\"]"}
RESULT: {"using":"xpath","value":"//*[@id=\"application-manageyards-display-component---NewYard--addressEditDetailsCurrency-arrow\"]"}
COMMAND: POST /session/3c9b041fc044676a58cc73ba58d1a297/element/f.9E3361242BDECB3802103B61B67CD02C.d.18BB3B4798AC0F8BC0FEA3D4A05DEE1D.e.763/click - {}
RESULT: {}
COMMAND: POST /session/3c9b041fc044676a58cc73ba58d1a297/element - {"using":"xpath","value":"//span[contains(text(), \"Euro\")]"}
COMMAND: GET /session/3c9b041fc044676a58cc73ba58d1a297/screenshot - {}
RESULT: {"using":"xpath","value":"//span[contains(text(), \"Euro\")]"}
COMMAND: POST /session/3c9b041fc044676a58cc73ba58d1a297/element/f.9E3361242BDECB3802103B61B67CD02C.d.18BB3B4798AC0F8BC0FEA3D4A05DEE1D.e.764/click - {}
RESULT: {}
RESULT: {}
COMMAND: POST /session/3c9b041fc044676a58cc73ba58d1a297/execute/async - {"script":"<script> [1562 bytes]","args":[{"selector":{"controlType":"sap.m.Input","viewName":"etm.portal.ui.manageyards.view.New","viewId":"application-manageyards-display-component---NewYard","bindingPath":{"path":"","propertyPath":"/CONTROLLING_AREA","modelName":"NewYardModel"},"interaction":{"idSuffix":"inner"}},"wdio_ui5_key":"etmportal.ui.manageyards.view.Newsap.m.Input{\"path\":\"\",\"propertyPath\":\"/CONTROLLING_AREA\",\"modelName\":\"NewYardModel\"}"}]}
COMMAND: GET /session/3c9b041fc044676a58cc73ba58d1a297/screenshot - {}
RESULT: {"script":"<script> [1562 bytes]","args":[{"selector":{"controlType":"sap.m.Input","viewName":"etm.portal.ui.manageyards.view.New","viewId":"application-manageyards-display-component---NewYard","bindingPath":{"path":"","propertyPath":"/CONTROLLING_AREA","modelName":"NewYardModel"},"interaction":{"idSuffix":"inner"}},"wdio_ui5_key":"etmportal.ui.manageyards.view.Newsap.m.Input{\"path\":\"\",\"propertyPath\":\"/CONTROLLING_AREA\",\"modelName\":\"NewYardModel\"}"}]}
RESULT: undefined
COMMAND: POST /session/3c9b041fc044676a58cc73ba58d1a297/execute/async - {"script":"<script> [776 bytes]","args":[{"enterText":"Z001","selector":{"controlType":"sap.m.Input","viewName":"etm.portal.ui.manageyards.view.New","viewId":"application-manageyards-display-component---NewYard","bindingPath":{"path":"","propertyPath":"/CONTROLLING_AREA","modelName":"NewYardModel"},"interaction":{"idSuffix":"inner"}},"clearTextFirst":true,"interactionType":"ENTER_TEXT"}]}
RESULT: {}
RESULT: {"script":"<script> [776 bytes]","args":[{"enterText":"Z001","selector":{"controlType":"sap.m.Input","viewName":"etm.portal.ui.manageyards.view.New","viewId":"application-manageyards-display-component---NewYard","bindingPath":{"path":"","propertyPath":"/CONTROLLING_AREA","modelName":"NewYardModel"},"interaction":{"idSuffix":"inner"}},"clearTextFirst":true,"interactionType":"ENTER_TEXT"}]}
COMMAND: POST /session/3c9b041fc044676a58cc73ba58d1a297/execute/async - {"script":"<script> [1562 bytes]","args":[{"selector":{"id":"application-manageyards-display-component---NewYard--companyCodeComboBox","interaction":{"idSuffix":"inner"}},"wdio_ui5_key":"applicationmanageyards-display-component---NewYard--companyCodeComboBox"}]}
RESULT: {"script":"<script> [1562 bytes]","args":[{"selector":{"id":"application-manageyards-display-component---NewYard--companyCodeComboBox","interaction":{"idSuffix":"inner"}},"wdio_ui5_key":"applicationmanageyards-display-component---NewYard--companyCodeComboBox"}]}
RESULT: undefined
COMMAND: POST /session/3c9b041fc044676a58cc73ba58d1a297/execute/async - {"script":"<script> [776 bytes]","args":[{"enterText":"1000","selector":{"id":"application-manageyards-display-component---NewYard--companyCodeComboBox","interaction":{"idSuffix":"inner"}},"clearTextFirst":true,"interactionType":"ENTER_TEXT"}]}
RESULT: {"script":"<script> [776 bytes]","args":[{"enterText":"1000","selector":{"id":"application-manageyards-display-component---NewYard--companyCodeComboBox","interaction":{"idSuffix":"inner"}},"clearTextFirst":true,"interactionType":"ENTER_TEXT"}]}
COMMAND: POST /session/3c9b041fc044676a58cc73ba58d1a297/execute/async - {"script":"<script> [1562 bytes]","args":[{"selector":{"controlType":"sap.m.Input","viewName":"etm.portal.ui.manageyards.view.New","viewId":"application-manageyards-display-component---NewYard","bindingPath":{"path":"","propertyPath":"/PLANT","modelName":"NewYardModel"},"interaction":{"idSuffix":"inner"}},"wdio_ui5_key":"etmportal.ui.manageyards.view.Newsap.m.Input{\"path\":\"\",\"propertyPath\":\"/PLANT\",\"modelName\":\"NewYardModel\"}"}]}
RESULT: {"script":"<script> [1562 bytes]","args":[{"selector":{"controlType":"sap.m.Input","viewName":"etm.portal.ui.manageyards.view.New","viewId":"application-manageyards-display-component---NewYard","bindingPath":{"path":"","propertyPath":"/PLANT","modelName":"NewYardModel"},"interaction":{"idSuffix":"inner"}},"wdio_ui5_key":"etmportal.ui.manageyards.view.Newsap.m.Input{\"path\":\"\",\"propertyPath\":\"/PLANT\",\"modelName\":\"NewYardModel\"}"}]}
RESULT: undefined
COMMAND: POST /session/3c9b041fc044676a58cc73ba58d1a297/execute/async - {"script":"<script> [776 bytes]","args":[{"enterText":"1001","selector":{"controlType":"sap.m.Input","viewName":"etm.portal.ui.manageyards.view.New","viewId":"application-manageyards-display-component---NewYard","bindingPath":{"path":"","propertyPath":"/PLANT","modelName":"NewYardModel"},"interaction":{"idSuffix":"inner"}},"clearTextFirst":true,"interactionType":"ENTER_TEXT"}]}
RESULT: {"script":"<script> [776 bytes]","args":[{"enterText":"1001","selector":{"controlType":"sap.m.Input","viewName":"etm.portal.ui.manageyards.view.New","viewId":"application-manageyards-display-component---NewYard","bindingPath":{"path":"","propertyPath":"/PLANT","modelName":"NewYardModel"},"interaction":{"idSuffix":"inner"}},"clearTextFirst":true,"interactionType":"ENTER_TEXT"}]}
COMMAND: POST /session/3c9b041fc044676a58cc73ba58d1a297/execute/async - {"script":"<script> [1562 bytes]","args":[{"selector":{"controlType":"sap.m.Input","viewName":"etm.portal.ui.manageyards.view.New","viewId":"application-manageyards-display-component---NewYard","bindingPath":{"path":"","propertyPath":"/SALES_AREA_VKORG","modelName":"NewYardModel"},"interaction":{"idSuffix":"inner"}},"wdio_ui5_key":"etmportal.ui.manageyards.view.Newsap.m.Input{\"path\":\"\",\"propertyPath\":\"/SALES_AREA_VKORG\",\"modelName\":\"NewYardModel\"}"}]}
RESULT: {"script":"<script> [1562 bytes]","args":[{"selector":{"controlType":"sap.m.Input","viewName":"etm.portal.ui.manageyards.view.New","viewId":"application-manageyards-display-component---NewYard","bindingPath":{"path":"","propertyPath":"/SALES_AREA_VKORG","modelName":"NewYardModel"},"interaction":{"idSuffix":"inner"}},"wdio_ui5_key":"etmportal.ui.manageyards.view.Newsap.m.Input{\"path\":\"\",\"propertyPath\":\"/SALES_AREA_VKORG\",\"modelName\":\"NewYardModel\"}"}]}
RESULT: undefined
COMMAND: POST /session/3c9b041fc044676a58cc73ba58d1a297/execute/async - {"script":"<script> [776 bytes]","args":[{"enterText":"C002","selector":{"controlType":"sap.m.Input","viewName":"etm.portal.ui.manageyards.view.New","viewId":"application-manageyards-display-component---NewYard","bindingPath":{"path":"","propertyPath":"/SALES_AREA_VKORG","modelName":"NewYardModel"},"interaction":{"idSuffix":"inner"}},"clearTextFirst":true,"interactionType":"ENTER_TEXT"}]}
RESULT: {"script":"<script> [776 bytes]","args":[{"enterText":"C002","selector":{"controlType":"sap.m.Input","viewName":"etm.portal.ui.manageyards.view.New","viewId":"application-manageyards-display-component---NewYard","bindingPath":{"path":"","propertyPath":"/SALES_AREA_VKORG","modelName":"NewYardModel"},"interaction":{"idSuffix":"inner"}},"clearTextFirst":true,"interactionType":"ENTER_TEXT"}]}
COMMAND: POST /session/3c9b041fc044676a58cc73ba58d1a297/execute/async - {"script":"<script> [1562 bytes]","args":[{"selector":{"controlType":"sap.m.Input","viewName":"etm.portal.ui.manageyards.view.New","viewId":"application-manageyards-display-component---NewYard","bindingPath":{"path":"","propertyPath":"/SALES_AREA_VTWEG","modelName":"NewYardModel"},"interaction":{"idSuffix":"inner"}},"wdio_ui5_key":"etmportal.ui.manageyards.view.Newsap.m.Input{\"path\":\"\",\"propertyPath\":\"/SALES_AREA_VTWEG\",\"modelName\":\"NewYardModel\"}"}]}
RESULT: {"script":"<script> [1562 bytes]","args":[{"selector":{"controlType":"sap.m.Input","viewName":"etm.portal.ui.manageyards.view.New","viewId":"application-manageyards-display-component---NewYard","bindingPath":{"path":"","propertyPath":"/SALES_AREA_VTWEG","modelName":"NewYardModel"},"interaction":{"idSuffix":"inner"}},"wdio_ui5_key":"etmportal.ui.manageyards.view.Newsap.m.Input{\"path\":\"\",\"propertyPath\":\"/SALES_AREA_VTWEG\",\"modelName\":\"NewYardModel\"}"}]}
RESULT: undefined
COMMAND: POST /session/3c9b041fc044676a58cc73ba58d1a297/execute/async - {"script":"<script> [776 bytes]","args":[{"enterText":"C2","selector":{"controlType":"sap.m.Input","viewName":"etm.portal.ui.manageyards.view.New","viewId":"application-manageyards-display-component---NewYard","bindingPath":{"path":"","propertyPath":"/SALES_AREA_VTWEG","modelName":"NewYardModel"},"interaction":{"idSuffix":"inner"}},"clearTextFirst":true,"interactionType":"ENTER_TEXT"}]}
RESULT: {"script":"<script> [776 bytes]","args":[{"enterText":"C2","selector":{"controlType":"sap.m.Input","viewName":"etm.portal.ui.manageyards.view.New","viewId":"application-manageyards-display-component---NewYard","bindingPath":{"path":"","propertyPath":"/SALES_AREA_VTWEG","modelName":"NewYardModel"},"interaction":{"idSuffix":"inner"}},"clearTextFirst":true,"interactionType":"ENTER_TEXT"}]}
COMMAND: POST /session/3c9b041fc044676a58cc73ba58d1a297/execute/async - {"script":"<script> [1562 bytes]","args":[{"selector":{"controlType":"sap.m.Input","viewName":"etm.portal.ui.manageyards.view.New","viewId":"application-manageyards-display-component---NewYard","bindingPath":{"path":"","propertyPath":"/SALES_AREA_SPART","modelName":"NewYardModel"},"interaction":{"idSuffix":"inner"}},"wdio_ui5_key":"etmportal.ui.manageyards.view.Newsap.m.Input{\"path\":\"\",\"propertyPath\":\"/SALES_AREA_SPART\",\"modelName\":\"NewYardModel\"}"}]}
RESULT: {"script":"<script> [1562 bytes]","args":[{"selector":{"controlType":"sap.m.Input","viewName":"etm.portal.ui.manageyards.view.New","viewId":"application-manageyards-display-component---NewYard","bindingPath":{"path":"","propertyPath":"/SALES_AREA_SPART","modelName":"NewYardModel"},"interaction":{"idSuffix":"inner"}},"wdio_ui5_key":"etmportal.ui.manageyards.view.Newsap.m.Input{\"path\":\"\",\"propertyPath\":\"/SALES_AREA_SPART\",\"modelName\":\"NewYardModel\"}"}]}
RESULT: undefined
COMMAND: POST /session/3c9b041fc044676a58cc73ba58d1a297/execute/async - {"script":"<script> [776 bytes]","args":[{"enterText":"C2","selector":{"controlType":"sap.m.Input","viewName":"etm.portal.ui.manageyards.view.New","viewId":"application-manageyards-display-component---NewYard","bindingPath":{"path":"","propertyPath":"/SALES_AREA_SPART","modelName":"NewYardModel"},"interaction":{"idSuffix":"inner"}},"clearTextFirst":true,"interactionType":"ENTER_TEXT"}]}
RESULT: {"script":"<script> [776 bytes]","args":[{"enterText":"C2","selector":{"controlType":"sap.m.Input","viewName":"etm.portal.ui.manageyards.view.New","viewId":"application-manageyards-display-component---NewYard","bindingPath":{"path":"","propertyPath":"/SALES_AREA_SPART","modelName":"NewYardModel"},"interaction":{"idSuffix":"inner"}},"clearTextFirst":true,"interactionType":"ENTER_TEXT"}]}
COMMAND: POST /session/3c9b041fc044676a58cc73ba58d1a297/execute/async - {"script":"<script> [1562 bytes]","args":[{"selector":{"controlType":"sap.m.Input","viewName":"etm.portal.ui.manageyards.view.New","viewId":"application-manageyards-display-component---NewYard","bindingPath":{"path":"","propertyPath":"/SHIP_POINT","modelName":"NewYardModel"},"interaction":{"idSuffix":"inner"}},"wdio_ui5_key":"etmportal.ui.manageyards.view.Newsap.m.Input{\"path\":\"\",\"propertyPath\":\"/SHIP_POINT\",\"modelName\":\"NewYardModel\"}"}]}
RESULT: {"script":"<script> [1562 bytes]","args":[{"selector":{"controlType":"sap.m.Input","viewName":"etm.portal.ui.manageyards.view.New","viewId":"application-manageyards-display-component---NewYard","bindingPath":{"path":"","propertyPath":"/SHIP_POINT","modelName":"NewYardModel"},"interaction":{"idSuffix":"inner"}},"wdio_ui5_key":"etmportal.ui.manageyards.view.Newsap.m.Input{\"path\":\"\",\"propertyPath\":\"/SHIP_POINT\",\"modelName\":\"NewYardModel\"}"}]}
RESULT: undefined
COMMAND: POST /session/3c9b041fc044676a58cc73ba58d1a297/execute/async - {"script":"<script> [776 bytes]","args":[{"enterText":"1710","selector":{"controlType":"sap.m.Input","viewName":"etm.portal.ui.manageyards.view.New","viewId":"application-manageyards-display-component---NewYard","bindingPath":{"path":"","propertyPath":"/SHIP_POINT","modelName":"NewYardModel"},"interaction":{"idSuffix":"inner"}},"clearTextFirst":true,"interactionType":"ENTER_TEXT"}]}
RESULT: {"script":"<script> [776 bytes]","args":[{"enterText":"1710","selector":{"controlType":"sap.m.Input","viewName":"etm.portal.ui.manageyards.view.New","viewId":"application-manageyards-display-component---NewYard","bindingPath":{"path":"","propertyPath":"/SHIP_POINT","modelName":"NewYardModel"},"interaction":{"idSuffix":"inner"}},"clearTextFirst":true,"interactionType":"ENTER_TEXT"}]}
COMMAND: POST /session/3c9b041fc044676a58cc73ba58d1a297/execute/async - {"script":"<script> [1562 bytes]","args":[{"selector":{"controlType":"sap.m.Input","viewName":"etm.portal.ui.manageyards.view.New","viewId":"application-manageyards-display-component---NewYard","bindingPath":{"path":"","propertyPath":"/DELIVERY_TYPE","modelName":"NewYardModel"},"interaction":{"idSuffix":"inner"}},"wdio_ui5_key":"etmportal.ui.manageyards.view.Newsap.m.Input{\"path\":\"\",\"propertyPath\":\"/DELIVERY_TYPE\",\"modelName\":\"NewYardModel\"}"}]}
RESULT: {"script":"<script> [1562 bytes]","args":[{"selector":{"controlType":"sap.m.Input","viewName":"etm.portal.ui.manageyards.view.New","viewId":"application-manageyards-display-component---NewYard","bindingPath":{"path":"","propertyPath":"/DELIVERY_TYPE","modelName":"NewYardModel"},"interaction":{"idSuffix":"inner"}},"wdio_ui5_key":"etmportal.ui.manageyards.view.Newsap.m.Input{\"path\":\"\",\"propertyPath\":\"/DELIVERY_TYPE\",\"modelName\":\"NewYardModel\"}"}]}
RESULT: undefined
COMMAND: POST /session/3c9b041fc044676a58cc73ba58d1a297/execute/async - {"script":"<script> [776 bytes]","args":[{"enterText":"ZL01","selector":{"controlType":"sap.m.Input","viewName":"etm.portal.ui.manageyards.view.New","viewId":"application-manageyards-display-component---NewYard","bindingPath":{"path":"","propertyPath":"/DELIVERY_TYPE","modelName":"NewYardModel"},"interaction":{"idSuffix":"inner"}},"clearTextFirst":true,"interactionType":"ENTER_TEXT"}]}
RESULT: {"script":"<script> [776 bytes]","args":[{"enterText":"ZL01","selector":{"controlType":"sap.m.Input","viewName":"etm.portal.ui.manageyards.view.New","viewId":"application-manageyards-display-component---NewYard","bindingPath":{"path":"","propertyPath":"/DELIVERY_TYPE","modelName":"NewYardModel"},"interaction":{"idSuffix":"inner"}},"clearTextFirst":true,"interactionType":"ENTER_TEXT"}]}
COMMAND: POST /session/3c9b041fc044676a58cc73ba58d1a297/execute/async - {"script":"<script> [1562 bytes]","args":[{"selector":{"controlType":"sap.m.Input","viewName":"etm.portal.ui.manageyards.view.New","viewId":"application-manageyards-display-component---NewYard","bindingPath":{"path":"","propertyPath":"/AUART","modelName":"NewYardModel"},"interaction":{"idSuffix":"inner"}},"wdio_ui5_key":"etmportal.ui.manageyards.view.Newsap.m.Input{\"path\":\"\",\"propertyPath\":\"/AUART\",\"modelName\":\"NewYardModel\"}"}]}
RESULT: {"script":"<script> [1562 bytes]","args":[{"selector":{"controlType":"sap.m.Input","viewName":"etm.portal.ui.manageyards.view.New","viewId":"application-manageyards-display-component---NewYard","bindingPath":{"path":"","propertyPath":"/AUART","modelName":"NewYardModel"},"interaction":{"idSuffix":"inner"}},"wdio_ui5_key":"etmportal.ui.manageyards.view.Newsap.m.Input{\"path\":\"\",\"propertyPath\":\"/AUART\",\"modelName\":\"NewYardModel\"}"}]}
RESULT: undefined
COMMAND: POST /session/3c9b041fc044676a58cc73ba58d1a297/execute/async - {"script":"<script> [776 bytes]","args":[{"enterText":"TA","selector":{"controlType":"sap.m.Input","viewName":"etm.portal.ui.manageyards.view.New","viewId":"application-manageyards-display-component---NewYard","bindingPath":{"path":"","propertyPath":"/AUART","modelName":"NewYardModel"},"interaction":{"idSuffix":"inner"}},"clearTextFirst":true,"interactionType":"ENTER_TEXT"}]}
RESULT: {"script":"<script> [776 bytes]","args":[{"enterText":"TA","selector":{"controlType":"sap.m.Input","viewName":"etm.portal.ui.manageyards.view.New","viewId":"application-manageyards-display-component---NewYard","bindingPath":{"path":"","propertyPath":"/AUART","modelName":"NewYardModel"},"interaction":{"idSuffix":"inner"}},"clearTextFirst":true,"interactionType":"ENTER_TEXT"}]}
COMMAND: POST /session/3c9b041fc044676a58cc73ba58d1a297/element - {"using":"xpath","value":"//button[@data-kt=\"newYardSaveButton\"]"}
RESULT: {"using":"xpath","value":"//button[@data-kt=\"newYardSaveButton\"]"}
COMMAND: POST /session/3c9b041fc044676a58cc73ba58d1a297/element/f.9E3361242BDECB3802103B61B67CD02C.d.18BB3B4798AC0F8BC0FEA3D4A05DEE1D.e.653/click - {}
RESULT: {}
COMMAND: GET /session/3c9b041fc044676a58cc73ba58d1a297/screenshot - {}
COMMAND: POST /session/3c9b041fc044676a58cc73ba58d1a297/element - {"using":"xpath","value":"//header[contains(@id, 'ObjectPageLayout-headerTitle')]/div[1]/div[2]/div[1]/span[1]"}
RESULT: {}
RESULT: {"using":"xpath","value":"//header[contains(@id, 'ObjectPageLayout-headerTitle')]/div[1]/div[2]/div[1]/span[1]"}
COMMAND: POST /session/3c9b041fc044676a58cc73ba58d1a297/elements - {"using":"xpath","value":"//header[contains(@id, 'ObjectPageLayout-headerTitle')]/div[1]/div[2]/div[1]/span[1]"}
RESULT: {"using":"xpath","value":"//header[contains(@id, 'ObjectPageLayout-headerTitle')]/div[1]/div[2]/div[1]/span[1]"}
COMMAND: POST /session/3c9b041fc044676a58cc73ba58d1a297/execute/sync - {"script":"<script> [56 bytes]","args":[{"element-6066-11e4-a52e-4f735466cecf":"f.9E3361242BDECB3802103B61B67CD02C.d.18BB3B4798AC0F8BC0FEA3D4A05DEE1D.e.974","ELEMENT":"f.9E3361242BDECB3802103B61B67CD02C.d.18BB3B4798AC0F8BC0FEA3D4A05DEE1D.e.974"}]}
RESULT: {"script":"<script> [56 bytes]","args":[{"element-6066-11e4-a52e-4f735466cecf":"f.9E3361242BDECB3802103B61B67CD02C.d.18BB3B4798AC0F8BC0FEA3D4A05DEE1D.e.974","ELEMENT":"f.9E3361242BDECB3802103B61B67CD02C.d.18BB3B4798AC0F8BC0FEA3D4A05DEE1D.e.974"}]}
COMMAND: GET /session/3c9b041fc044676a58cc73ba58d1a297/screenshot - {}
RESULT: {}
COMMAND: POST /session/3c9b041fc044676a58cc73ba58d1a297/element - {"using":"css selector","value":"#shell-header-logo"}
RESULT: {"using":"css selector","value":"#shell-header-logo"}
COMMAND: POST /session/3c9b041fc044676a58cc73ba58d1a297/element/f.9E3361242BDECB3802103B61B67CD02C.d.18BB3B4798AC0F8BC0FEA3D4A05DEE1D.e.264/click - {}
RESULT: {}
COMMAND: GET /session/3c9b041fc044676a58cc73ba58d1a297/screenshot - {}
RESULT: {}
COMMAND: POST /session/3c9b041fc044676a58cc73ba58d1a297/execute/sync - {"script":"<script> [299 bytes]","args":[["getModel","getResource"]]}
RESULT: {"script":"<script> [299 bytes]","args":[["getModel","getResource"]]}
]]></system-out>
    </testcase>
    <testcase classname="chrome.136_0_7103_49.windows.Billing_confirm_US117289" name="Should create a new partner" time="116.057">
      <system-out><![CDATA[
COMMAND: GET /session/3c9b041fc044676a58cc73ba58d1a297/screenshot - {}
COMMAND: POST /session/3c9b041fc044676a58cc73ba58d1a297/window/fullscreen - {}
RESULT: {}
COMMAND: POST /session/3c9b041fc044676a58cc73ba58d1a297/execute/async - {"script":"<script> [1562 bytes]","args":[{"selector":{"controlType":"sap.m.GenericTile","properties":{"header":"Manage Partners"}},"wdio_ui5_key":"sapm.GenericTile{\"header\":\"Manage Partners\"}"}]}
RESULT: {}
RESULT: {"script":"<script> [1562 bytes]","args":[{"selector":{"controlType":"sap.m.GenericTile","properties":{"header":"Manage Partners"}},"wdio_ui5_key":"sapm.GenericTile{\"header\":\"Manage Partners\"}"}]}
RESULT: undefined
COMMAND: POST /session/3c9b041fc044676a58cc73ba58d1a297/element - {"using":"xpath","value":"//*[@id=\"__tile38\"]"}
RESULT: {"using":"xpath","value":"//*[@id=\"__tile38\"]"}
COMMAND: POST /session/3c9b041fc044676a58cc73ba58d1a297/element/f.9E3361242BDECB3802103B61B67CD02C.d.18BB3B4798AC0F8BC0FEA3D4A05DEE1D.e.159/click - {}
RESULT: {}
COMMAND: POST /session/3c9b041fc044676a58cc73ba58d1a297/element - {"using":"xpath","value":"//button[@data-kt=\"addButton\"]"}
COMMAND: GET /session/3c9b041fc044676a58cc73ba58d1a297/screenshot - {}
RESULT: {"using":"xpath","value":"//button[@data-kt=\"addButton\"]"}
COMMAND: POST /session/3c9b041fc044676a58cc73ba58d1a297/elements - {"using":"xpath","value":"//button[@data-kt=\"addButton\"]"}
RESULT: {}
RESULT: {"using":"xpath","value":"//button[@data-kt=\"addButton\"]"}
COMMAND: POST /session/3c9b041fc044676a58cc73ba58d1a297/elements - {"using":"xpath","value":"//button[@data-kt=\"addButton\"]"}
RESULT: {"using":"xpath","value":"//button[@data-kt=\"addButton\"]"}
COMMAND: POST /session/3c9b041fc044676a58cc73ba58d1a297/elements - {"using":"xpath","value":"//button[@data-kt=\"addButton\"]"}
RESULT: {"using":"xpath","value":"//button[@data-kt=\"addButton\"]"}
COMMAND: POST /session/3c9b041fc044676a58cc73ba58d1a297/elements - {"using":"xpath","value":"//button[@data-kt=\"addButton\"]"}
RESULT: {"using":"xpath","value":"//button[@data-kt=\"addButton\"]"}
COMMAND: POST /session/3c9b041fc044676a58cc73ba58d1a297/elements - {"using":"xpath","value":"//button[@data-kt=\"addButton\"]"}
RESULT: {"using":"xpath","value":"//button[@data-kt=\"addButton\"]"}
COMMAND: POST /session/3c9b041fc044676a58cc73ba58d1a297/elements - {"using":"xpath","value":"//button[@data-kt=\"addButton\"]"}
RESULT: {"using":"xpath","value":"//button[@data-kt=\"addButton\"]"}
COMMAND: POST /session/3c9b041fc044676a58cc73ba58d1a297/elements - {"using":"xpath","value":"//button[@data-kt=\"addButton\"]"}
RESULT: {"using":"xpath","value":"//button[@data-kt=\"addButton\"]"}
COMMAND: POST /session/3c9b041fc044676a58cc73ba58d1a297/elements - {"using":"xpath","value":"//button[@data-kt=\"addButton\"]"}
RESULT: {"using":"xpath","value":"//button[@data-kt=\"addButton\"]"}
COMMAND: POST /session/3c9b041fc044676a58cc73ba58d1a297/elements - {"using":"xpath","value":"//button[@data-kt=\"addButton\"]"}
RESULT: {"using":"xpath","value":"//button[@data-kt=\"addButton\"]"}
COMMAND: POST /session/3c9b041fc044676a58cc73ba58d1a297/elements - {"using":"xpath","value":"//button[@data-kt=\"addButton\"]"}
RESULT: {"using":"xpath","value":"//button[@data-kt=\"addButton\"]"}
COMMAND: POST /session/3c9b041fc044676a58cc73ba58d1a297/elements - {"using":"xpath","value":"//button[@data-kt=\"addButton\"]"}
RESULT: {"using":"xpath","value":"//button[@data-kt=\"addButton\"]"}
COMMAND: POST /session/3c9b041fc044676a58cc73ba58d1a297/elements - {"using":"xpath","value":"//button[@data-kt=\"addButton\"]"}
RESULT: {"using":"xpath","value":"//button[@data-kt=\"addButton\"]"}
COMMAND: POST /session/3c9b041fc044676a58cc73ba58d1a297/elements - {"using":"xpath","value":"//button[@data-kt=\"addButton\"]"}
RESULT: {"using":"xpath","value":"//button[@data-kt=\"addButton\"]"}
COMMAND: POST /session/3c9b041fc044676a58cc73ba58d1a297/elements - {"using":"xpath","value":"//button[@data-kt=\"addButton\"]"}
RESULT: {"using":"xpath","value":"//button[@data-kt=\"addButton\"]"}
COMMAND: POST /session/3c9b041fc044676a58cc73ba58d1a297/elements - {"using":"xpath","value":"//button[@data-kt=\"addButton\"]"}
RESULT: {"using":"xpath","value":"//button[@data-kt=\"addButton\"]"}
COMMAND: POST /session/3c9b041fc044676a58cc73ba58d1a297/elements - {"using":"xpath","value":"//button[@data-kt=\"addButton\"]"}
RESULT: {"using":"xpath","value":"//button[@data-kt=\"addButton\"]"}
COMMAND: POST /session/3c9b041fc044676a58cc73ba58d1a297/elements - {"using":"xpath","value":"//button[@data-kt=\"addButton\"]"}
RESULT: {"using":"xpath","value":"//button[@data-kt=\"addButton\"]"}
COMMAND: POST /session/3c9b041fc044676a58cc73ba58d1a297/element - {"using":"xpath","value":"//button[@data-kt=\"addButton\"]"}
RESULT: {"using":"xpath","value":"//button[@data-kt=\"addButton\"]"}
COMMAND: POST /session/3c9b041fc044676a58cc73ba58d1a297/execute/sync - {"script":"<script> [8489 bytes]","args":[{"element-6066-11e4-a52e-4f735466cecf":"f.9E3361242BDECB3802103B61B67CD02C.d.18BB3B4798AC0F8BC0FEA3D4A05DEE1D.e.1012","ELEMENT":"f.9E3361242BDECB3802103B61B67CD02C.d.18BB3B4798AC0F8BC0FEA3D4A05DEE1D.e.1012"}]}
RESULT: {"script":"<script> [8489 bytes]","args":[{"element-6066-11e4-a52e-4f735466cecf":"f.9E3361242BDECB3802103B61B67CD02C.d.18BB3B4798AC0F8BC0FEA3D4A05DEE1D.e.1012","ELEMENT":"f.9E3361242BDECB3802103B61B67CD02C.d.18BB3B4798AC0F8BC0FEA3D4A05DEE1D.e.1012"}]}
COMMAND: GET /session/3c9b041fc044676a58cc73ba58d1a297/element/f.9E3361242BDECB3802103B61B67CD02C.d.18BB3B4798AC0F8BC0FEA3D4A05DEE1D.e.1012/enabled - {}
COMMAND: GET /session/3c9b041fc044676a58cc73ba58d1a297/screenshot - {}
RESULT: {}
COMMAND: POST /session/3c9b041fc044676a58cc73ba58d1a297/execute/sync - {"script":"<script> [8489 bytes]","args":[{"element-6066-11e4-a52e-4f735466cecf":"f.9E3361242BDECB3802103B61B67CD02C.d.18BB3B4798AC0F8BC0FEA3D4A05DEE1D.e.1012","ELEMENT":"f.9E3361242BDECB3802103B61B67CD02C.d.18BB3B4798AC0F8BC0FEA3D4A05DEE1D.e.1012"}]}
COMMAND: GET /session/3c9b041fc044676a58cc73ba58d1a297/screenshot - {}
RESULT: {}
RESULT: {"script":"<script> [8489 bytes]","args":[{"element-6066-11e4-a52e-4f735466cecf":"f.9E3361242BDECB3802103B61B67CD02C.d.18BB3B4798AC0F8BC0FEA3D4A05DEE1D.e.1012","ELEMENT":"f.9E3361242BDECB3802103B61B67CD02C.d.18BB3B4798AC0F8BC0FEA3D4A05DEE1D.e.1012"}]}
COMMAND: POST /session/3c9b041fc044676a58cc73ba58d1a297/execute/sync - {"script":"<script> [5351 bytes]","args":[{"element-6066-11e4-a52e-4f735466cecf":"f.9E3361242BDECB3802103B61B67CD02C.d.18BB3B4798AC0F8BC0FEA3D4A05DEE1D.e.1012","ELEMENT":"f.9E3361242BDECB3802103B61B67CD02C.d.18BB3B4798AC0F8BC0FEA3D4A05DEE1D.e.1012"}]}
COMMAND: GET /session/3c9b041fc044676a58cc73ba58d1a297/screenshot - {}
RESULT: {}
RESULT: {"script":"<script> [5351 bytes]","args":[{"element-6066-11e4-a52e-4f735466cecf":"f.9E3361242BDECB3802103B61B67CD02C.d.18BB3B4798AC0F8BC0FEA3D4A05DEE1D.e.1012","ELEMENT":"f.9E3361242BDECB3802103B61B67CD02C.d.18BB3B4798AC0F8BC0FEA3D4A05DEE1D.e.1012"}]}
COMMAND: POST /session/3c9b041fc044676a58cc73ba58d1a297/element/f.9E3361242BDECB3802103B61B67CD02C.d.18BB3B4798AC0F8BC0FEA3D4A05DEE1D.e.1012/click - {}
COMMAND: GET /session/3c9b041fc044676a58cc73ba58d1a297/screenshot - {}
RESULT: {}
RESULT: {}
COMMAND: GET /session/3c9b041fc044676a58cc73ba58d1a297/screenshot - {}
RESULT: {}
RESULT: {}
COMMAND: POST /session/3c9b041fc044676a58cc73ba58d1a297/execute/async - {"script":"<script> [1562 bytes]","args":[{"selector":{"id":"application-managepartners-display-component---NewPartner--addressDetailDetailsName1","interaction":{"idSuffix":"inner"}},"wdio_ui5_key":"applicationmanagepartners-display-component---NewPartner--addressDetailDetailsName1"}]}
RESULT: {"script":"<script> [1562 bytes]","args":[{"selector":{"id":"application-managepartners-display-component---NewPartner--addressDetailDetailsName1","interaction":{"idSuffix":"inner"}},"wdio_ui5_key":"applicationmanagepartners-display-component---NewPartner--addressDetailDetailsName1"}]}
RESULT: undefined
COMMAND: POST /session/3c9b041fc044676a58cc73ba58d1a297/execute/async - {"script":"<script> [776 bytes]","args":[{"enterText":"Intracompany Partner WDIO","selector":{"id":"application-managepartners-display-component---NewPartner--addressDetailDetailsName1","interaction":{"idSuffix":"inner"}},"clearTextFirst":true,"interactionType":"ENTER_TEXT"}]}
RESULT: {"script":"<script> [776 bytes]","args":[{"enterText":"Intracompany Partner WDIO","selector":{"id":"application-managepartners-display-component---NewPartner--addressDetailDetailsName1","interaction":{"idSuffix":"inner"}},"clearTextFirst":true,"interactionType":"ENTER_TEXT"}]}
COMMAND: POST /session/3c9b041fc044676a58cc73ba58d1a297/execute/async - {"script":"<script> [1562 bytes]","args":[{"selector":{"id":"application-managepartners-display-component---NewPartner--addressDetailDetailsLanguage-arrow"},"wdio_ui5_key":"applicationmanagepartners-display-component---NewPartner--addressDetailDetailsLanguage-arrow"}]}
RESULT: {"script":"<script> [1562 bytes]","args":[{"selector":{"id":"application-managepartners-display-component---NewPartner--addressDetailDetailsLanguage-arrow"},"wdio_ui5_key":"applicationmanagepartners-display-component---NewPartner--addressDetailDetailsLanguage-arrow"}]}
RESULT: undefined
COMMAND: POST /session/3c9b041fc044676a58cc73ba58d1a297/element - {"using":"xpath","value":"//*[@id=\"application-managepartners-display-component---NewPartner--addressDetailDetailsLanguage-arrow\"]"}
RESULT: {"using":"xpath","value":"//*[@id=\"application-managepartners-display-component---NewPartner--addressDetailDetailsLanguage-arrow\"]"}
COMMAND: POST /session/3c9b041fc044676a58cc73ba58d1a297/element/f.9E3361242BDECB3802103B61B67CD02C.d.18BB3B4798AC0F8BC0FEA3D4A05DEE1D.e.1331/click - {}
RESULT: {}
COMMAND: POST /session/3c9b041fc044676a58cc73ba58d1a297/element - {"using":"xpath","value":"//span[contains(text(), \"English\")]"}
COMMAND: GET /session/3c9b041fc044676a58cc73ba58d1a297/screenshot - {}
RESULT: {"using":"xpath","value":"//span[contains(text(), \"English\")]"}
COMMAND: POST /session/3c9b041fc044676a58cc73ba58d1a297/element/f.9E3361242BDECB3802103B61B67CD02C.d.18BB3B4798AC0F8BC0FEA3D4A05DEE1D.e.1332/click - {}
RESULT: {}
RESULT: {}
COMMAND: GET /session/3c9b041fc044676a58cc73ba58d1a297/screenshot - {}
RESULT: {}
COMMAND: POST /session/3c9b041fc044676a58cc73ba58d1a297/execute/async - {"script":"<script> [1562 bytes]","args":[{"selector":{"id":"application-managepartners-display-component---NewPartner--addressDetailDetailsCity1","interaction":{"idSuffix":"inner"}},"wdio_ui5_key":"applicationmanagepartners-display-component---NewPartner--addressDetailDetailsCity1"}]}
RESULT: {"script":"<script> [1562 bytes]","args":[{"selector":{"id":"application-managepartners-display-component---NewPartner--addressDetailDetailsCity1","interaction":{"idSuffix":"inner"}},"wdio_ui5_key":"applicationmanagepartners-display-component---NewPartner--addressDetailDetailsCity1"}]}
RESULT: undefined
COMMAND: POST /session/3c9b041fc044676a58cc73ba58d1a297/execute/async - {"script":"<script> [776 bytes]","args":[{"enterText":"Rosario","selector":{"id":"application-managepartners-display-component---NewPartner--addressDetailDetailsCity1","interaction":{"idSuffix":"inner"}},"clearTextFirst":true,"interactionType":"ENTER_TEXT"}]}
RESULT: {"script":"<script> [776 bytes]","args":[{"enterText":"Rosario","selector":{"id":"application-managepartners-display-component---NewPartner--addressDetailDetailsCity1","interaction":{"idSuffix":"inner"}},"clearTextFirst":true,"interactionType":"ENTER_TEXT"}]}
COMMAND: POST /session/3c9b041fc044676a58cc73ba58d1a297/execute/async - {"script":"<script> [1562 bytes]","args":[{"selector":{"id":"application-managepartners-display-component---NewPartner--addressDetailDetailsCountry-arrow"},"wdio_ui5_key":"applicationmanagepartners-display-component---NewPartner--addressDetailDetailsCountry-arrow"}]}
RESULT: {"script":"<script> [1562 bytes]","args":[{"selector":{"id":"application-managepartners-display-component---NewPartner--addressDetailDetailsCountry-arrow"},"wdio_ui5_key":"applicationmanagepartners-display-component---NewPartner--addressDetailDetailsCountry-arrow"}]}
RESULT: undefined
COMMAND: POST /session/3c9b041fc044676a58cc73ba58d1a297/element - {"using":"xpath","value":"//*[@id=\"application-managepartners-display-component---NewPartner--addressDetailDetailsCountry-arrow\"]"}
RESULT: {"using":"xpath","value":"//*[@id=\"application-managepartners-display-component---NewPartner--addressDetailDetailsCountry-arrow\"]"}
COMMAND: POST /session/3c9b041fc044676a58cc73ba58d1a297/element/f.9E3361242BDECB3802103B61B67CD02C.d.18BB3B4798AC0F8BC0FEA3D4A05DEE1D.e.1318/click - {}
RESULT: {}
COMMAND: POST /session/3c9b041fc044676a58cc73ba58d1a297/element - {"using":"xpath","value":"//span[contains(text(), \"Argentina\")]"}
COMMAND: GET /session/3c9b041fc044676a58cc73ba58d1a297/screenshot - {}
RESULT: {"using":"xpath","value":"//span[contains(text(), \"Argentina\")]"}
COMMAND: POST /session/3c9b041fc044676a58cc73ba58d1a297/element/f.9E3361242BDECB3802103B61B67CD02C.d.18BB3B4798AC0F8BC0FEA3D4A05DEE1D.e.1334/click - {}
RESULT: {}
RESULT: {}
COMMAND: GET /session/3c9b041fc044676a58cc73ba58d1a297/screenshot - {}
RESULT: {}
COMMAND: POST /session/3c9b041fc044676a58cc73ba58d1a297/element - {"using":"xpath","value":"//bdi[contains(text(), \"Commercial\")]"}
RESULT: {"using":"xpath","value":"//bdi[contains(text(), \"Commercial\")]"}
COMMAND: POST /session/3c9b041fc044676a58cc73ba58d1a297/element/f.9E3361242BDECB3802103B61B67CD02C.d.18BB3B4798AC0F8BC0FEA3D4A05DEE1D.e.1335/click - {}
RESULT: {}
COMMAND: GET /session/3c9b041fc044676a58cc73ba58d1a297/screenshot - {}
RESULT: {}
COMMAND: POST /session/3c9b041fc044676a58cc73ba58d1a297/execute/async - {"script":"<script> [1562 bytes]","args":[{"selector":{"id":"application-managepartners-display-component---NewPartner--partnerDetailInternal-arrow"},"wdio_ui5_key":"applicationmanagepartners-display-component---NewPartner--partnerDetailInternal-arrow"}]}
RESULT: {"script":"<script> [1562 bytes]","args":[{"selector":{"id":"application-managepartners-display-component---NewPartner--partnerDetailInternal-arrow"},"wdio_ui5_key":"applicationmanagepartners-display-component---NewPartner--partnerDetailInternal-arrow"}]}
RESULT: undefined
COMMAND: POST /session/3c9b041fc044676a58cc73ba58d1a297/element - {"using":"xpath","value":"//*[@id=\"application-managepartners-display-component---NewPartner--partnerDetailInternal-arrow\"]"}
RESULT: {"using":"xpath","value":"//*[@id=\"application-managepartners-display-component---NewPartner--partnerDetailInternal-arrow\"]"}
COMMAND: POST /session/3c9b041fc044676a58cc73ba58d1a297/element/f.9E3361242BDECB3802103B61B67CD02C.d.18BB3B4798AC0F8BC0FEA3D4A05DEE1D.e.1341/click - {}
RESULT: {}
COMMAND: POST /session/3c9b041fc044676a58cc73ba58d1a297/element - {"using":"xpath","value":"//span[contains(text(), \"Affiliated company\")]"}
COMMAND: GET /session/3c9b041fc044676a58cc73ba58d1a297/screenshot - {}
RESULT: {"using":"xpath","value":"//span[contains(text(), \"Affiliated company\")]"}
COMMAND: POST /session/3c9b041fc044676a58cc73ba58d1a297/element/f.9E3361242BDECB3802103B61B67CD02C.d.18BB3B4798AC0F8BC0FEA3D4A05DEE1D.e.1342/click - {}
RESULT: {}
RESULT: {}
COMMAND: POST /session/3c9b041fc044676a58cc73ba58d1a297/execute/async - {"script":"<script> [1562 bytes]","args":[{"selector":{"id":"application-managepartners-display-component---NewPartner--partnerDetailsCurrency-arrow"},"wdio_ui5_key":"applicationmanagepartners-display-component---NewPartner--partnerDetailsCurrency-arrow"}]}
COMMAND: GET /session/3c9b041fc044676a58cc73ba58d1a297/screenshot - {}
RESULT: {"script":"<script> [1562 bytes]","args":[{"selector":{"id":"application-managepartners-display-component---NewPartner--partnerDetailsCurrency-arrow"},"wdio_ui5_key":"applicationmanagepartners-display-component---NewPartner--partnerDetailsCurrency-arrow"}]}
RESULT: undefined
COMMAND: POST /session/3c9b041fc044676a58cc73ba58d1a297/element - {"using":"xpath","value":"//*[@id=\"application-managepartners-display-component---NewPartner--partnerDetailsCurrency-arrow\"]"}
RESULT: {}
RESULT: {"using":"xpath","value":"//*[@id=\"application-managepartners-display-component---NewPartner--partnerDetailsCurrency-arrow\"]"}
COMMAND: POST /session/3c9b041fc044676a58cc73ba58d1a297/element/f.9E3361242BDECB3802103B61B67CD02C.d.18BB3B4798AC0F8BC0FEA3D4A05DEE1D.e.1349/click - {}
RESULT: {}
COMMAND: POST /session/3c9b041fc044676a58cc73ba58d1a297/element - {"using":"xpath","value":"//span[contains(text(), \"Euro\")]"}
COMMAND: GET /session/3c9b041fc044676a58cc73ba58d1a297/screenshot - {}
RESULT: {"using":"xpath","value":"//span[contains(text(), \"Euro\")]"}
COMMAND: POST /session/3c9b041fc044676a58cc73ba58d1a297/element/f.9E3361242BDECB3802103B61B67CD02C.d.18BB3B4798AC0F8BC0FEA3D4A05DEE1D.e.1350/click - {}
RESULT: {}
RESULT: {}
COMMAND: POST /session/3c9b041fc044676a58cc73ba58d1a297/execute/async - {"script":"<script> [1562 bytes]","args":[{"selector":{"id":"application-managepartners-display-component---NewPartner--addressEditDetailsCostObjectCstType-arrow"},"wdio_ui5_key":"applicationmanagepartners-display-component---NewPartner--addressEditDetailsCostObjectCstType-arrow"}]}
COMMAND: GET /session/3c9b041fc044676a58cc73ba58d1a297/screenshot - {}
RESULT: {"script":"<script> [1562 bytes]","args":[{"selector":{"id":"application-managepartners-display-component---NewPartner--addressEditDetailsCostObjectCstType-arrow"},"wdio_ui5_key":"applicationmanagepartners-display-component---NewPartner--addressEditDetailsCostObjectCstType-arrow"}]}
RESULT: undefined
COMMAND: POST /session/3c9b041fc044676a58cc73ba58d1a297/element - {"using":"xpath","value":"//*[@id=\"application-managepartners-display-component---NewPartner--addressEditDetailsCostObjectCstType-arrow\"]"}
RESULT: {}
RESULT: {"using":"xpath","value":"//*[@id=\"application-managepartners-display-component---NewPartner--addressEditDetailsCostObjectCstType-arrow\"]"}
COMMAND: POST /session/3c9b041fc044676a58cc73ba58d1a297/element/f.9E3361242BDECB3802103B61B67CD02C.d.18BB3B4798AC0F8BC0FEA3D4A05DEE1D.e.1351/click - {}
RESULT: {}
COMMAND: POST /session/3c9b041fc044676a58cc73ba58d1a297/element - {"using":"xpath","value":"//span[contains(text(), \"Cost Center\")]"}
COMMAND: GET /session/3c9b041fc044676a58cc73ba58d1a297/screenshot - {}
RESULT: {"using":"xpath","value":"//span[contains(text(), \"Cost Center\")]"}
COMMAND: POST /session/3c9b041fc044676a58cc73ba58d1a297/element/f.9E3361242BDECB3802103B61B67CD02C.d.18BB3B4798AC0F8BC0FEA3D4A05DEE1D.e.1352/click - {}
RESULT: {}
RESULT: {}
COMMAND: GET /session/3c9b041fc044676a58cc73ba58d1a297/screenshot - {}
RESULT: {}
COMMAND: POST /session/3c9b041fc044676a58cc73ba58d1a297/element - {"using":"xpath","value":"//span[@id=\"application-managepartners-display-component---NewPartner--addressNewCostObjectCstID-vhi\"]"}
RESULT: {"using":"xpath","value":"//span[@id=\"application-managepartners-display-component---NewPartner--addressNewCostObjectCstID-vhi\"]"}
COMMAND: POST /session/3c9b041fc044676a58cc73ba58d1a297/execute/sync - {"script":"<script> [8489 bytes]","args":[{"element-6066-11e4-a52e-4f735466cecf":"f.9E3361242BDECB3802103B61B67CD02C.d.18BB3B4798AC0F8BC0FEA3D4A05DEE1D.e.1356","ELEMENT":"f.9E3361242BDECB3802103B61B67CD02C.d.18BB3B4798AC0F8BC0FEA3D4A05DEE1D.e.1356"}]}
RESULT: {"script":"<script> [8489 bytes]","args":[{"element-6066-11e4-a52e-4f735466cecf":"f.9E3361242BDECB3802103B61B67CD02C.d.18BB3B4798AC0F8BC0FEA3D4A05DEE1D.e.1356","ELEMENT":"f.9E3361242BDECB3802103B61B67CD02C.d.18BB3B4798AC0F8BC0FEA3D4A05DEE1D.e.1356"}]}
COMMAND: POST /session/3c9b041fc044676a58cc73ba58d1a297/execute/async - {"script":"<script> [1562 bytes]","args":[{"selector":{"id":"application-managepartners-display-component---NewPartner--addressNewCostObjectCstID-vhi"},"wdio_ui5_key":"applicationmanagepartners-display-component---NewPartner--addressNewCostObjectCstID-vhi"}]}
COMMAND: GET /session/3c9b041fc044676a58cc73ba58d1a297/screenshot - {}
RESULT: {"script":"<script> [1562 bytes]","args":[{"selector":{"id":"application-managepartners-display-component---NewPartner--addressNewCostObjectCstID-vhi"},"wdio_ui5_key":"applicationmanagepartners-display-component---NewPartner--addressNewCostObjectCstID-vhi"}]}
RESULT: undefined
COMMAND: POST /session/3c9b041fc044676a58cc73ba58d1a297/element - {"using":"xpath","value":"//*[@id=\"application-managepartners-display-component---NewPartner--addressNewCostObjectCstID-vhi\"]"}
RESULT: {}
RESULT: {"using":"xpath","value":"//*[@id=\"application-managepartners-display-component---NewPartner--addressNewCostObjectCstID-vhi\"]"}
COMMAND: POST /session/3c9b041fc044676a58cc73ba58d1a297/element/f.9E3361242BDECB3802103B61B67CD02C.d.18BB3B4798AC0F8BC0FEA3D4A05DEE1D.e.1356/click - {}
RESULT: {}
COMMAND: GET /session/3c9b041fc044676a58cc73ba58d1a297/screenshot - {}
RESULT: {}
RESULT: undefined
COMMAND: POST /session/3c9b041fc044676a58cc73ba58d1a297/execute/async - {"script":"<script> [776 bytes]","args":[{"enterText":"10001013","selector":{"controlType":"sap.m.SearchField","properties":{"placeholder":"Search"},"searchOpenDialogs":true,"interaction":{"idSuffix":"I"}},"clearTextFirst":true,"interactionType":"ENTER_TEXT"}]}
RESULT: {"script":"<script> [776 bytes]","args":[{"enterText":"10001013","selector":{"controlType":"sap.m.SearchField","properties":{"placeholder":"Search"},"searchOpenDialogs":true,"interaction":{"idSuffix":"I"}},"clearTextFirst":true,"interactionType":"ENTER_TEXT"}]}
COMMAND: POST /session/3c9b041fc044676a58cc73ba58d1a297/actions - {"actions":[{"id":"action2","type":"key","parameters":{},"actions":[{"type":"keyDown","value":"î€‡"},{"type":"pause","duration":10},{"type":"keyUp","value":"î€‡"}]}]}
RESULT: {"actions":[{"id":"action2","type":"key","parameters":{},"actions":[{"type":"keyDown","value":"î€‡"},{"type":"pause","duration":10},{"type":"keyUp","value":"î€‡"}]}]}
COMMAND: GET /session/3c9b041fc044676a58cc73ba58d1a297/screenshot - {}
RESULT: {}
COMMAND: POST /session/3c9b041fc044676a58cc73ba58d1a297/element - {"using":"xpath","value":"//span[contains(text(), \"General Management\")]"}
RESULT: {"using":"xpath","value":"//span[contains(text(), \"General Management\")]"}
COMMAND: POST /session/3c9b041fc044676a58cc73ba58d1a297/element/f.9E3361242BDECB3802103B61B67CD02C.d.18BB3B4798AC0F8BC0FEA3D4A05DEE1D.e.1396/click - {}
RESULT: {}
COMMAND: GET /session/3c9b041fc044676a58cc73ba58d1a297/screenshot - {}
RESULT: {}
COMMAND: POST /session/3c9b041fc044676a58cc73ba58d1a297/element - {"using":"xpath","value":"//bdi[contains(text(), \"OK\")]"}
RESULT: {"using":"xpath","value":"//bdi[contains(text(), \"OK\")]"}
COMMAND: POST /session/3c9b041fc044676a58cc73ba58d1a297/element/f.9E3361242BDECB3802103B61B67CD02C.d.18BB3B4798AC0F8BC0FEA3D4A05DEE1D.e.1397/click - {}
RESULT: {}
COMMAND: GET /session/3c9b041fc044676a58cc73ba58d1a297/screenshot - {}
RESULT: {}
COMMAND: POST /session/3c9b041fc044676a58cc73ba58d1a297/element - {"using":"xpath","value":"//input[@id=\"application-managepartners-display-component---NewPartner--companyCodeComboBox-inner\"]"}
RESULT: {"using":"xpath","value":"//input[@id=\"application-managepartners-display-component---NewPartner--companyCodeComboBox-inner\"]"}
COMMAND: POST /session/3c9b041fc044676a58cc73ba58d1a297/element/f.9E3361242BDECB3802103B61B67CD02C.d.18BB3B4798AC0F8BC0FEA3D4A05DEE1D.e.1201/clear - {}
RESULT: {}
COMMAND: POST /session/3c9b041fc044676a58cc73ba58d1a297/element/f.9E3361242BDECB3802103B61B67CD02C.d.18BB3B4798AC0F8BC0FEA3D4A05DEE1D.e.1201/value - {"text":"1000"}
COMMAND: GET /session/3c9b041fc044676a58cc73ba58d1a297/screenshot - {}
RESULT: {"text":"1000"}
COMMAND: GET /session/3c9b041fc044676a58cc73ba58d1a297/screenshot - {}
RESULT: {}
RESULT: {}
COMMAND: POST /session/3c9b041fc044676a58cc73ba58d1a297/element - {"using":"xpath","value":"//li[.//span[text()= \"1000\"]]"}
RESULT: {"using":"xpath","value":"//li[.//span[text()= \"1000\"]]"}
COMMAND: POST /session/3c9b041fc044676a58cc73ba58d1a297/element/f.9E3361242BDECB3802103B61B67CD02C.d.18BB3B4798AC0F8BC0FEA3D4A05DEE1D.e.1403/click - {}
RESULT: {}
COMMAND: GET /session/3c9b041fc044676a58cc73ba58d1a297/screenshot - {}
RESULT: {}
COMMAND: POST /session/3c9b041fc044676a58cc73ba58d1a297/execute/async - {"script":"<script> [1562 bytes]","args":[{"selector":{"id":"application-managepartners-display-component---NewPartner--btnAddTableRow-img"},"wdio_ui5_key":"applicationmanagepartners-display-component---NewPartner--btnAddTableRow-img"}]}
RESULT: {"script":"<script> [1562 bytes]","args":[{"selector":{"id":"application-managepartners-display-component---NewPartner--btnAddTableRow-img"},"wdio_ui5_key":"applicationmanagepartners-display-component---NewPartner--btnAddTableRow-img"}]}
RESULT: undefined
COMMAND: POST /session/3c9b041fc044676a58cc73ba58d1a297/element - {"using":"xpath","value":"//*[@id=\"application-managepartners-display-component---NewPartner--btnAddTableRow-img\"]"}
RESULT: {"using":"xpath","value":"//*[@id=\"application-managepartners-display-component---NewPartner--btnAddTableRow-img\"]"}
COMMAND: POST /session/3c9b041fc044676a58cc73ba58d1a297/element/f.9E3361242BDECB3802103B61B67CD02C.d.18BB3B4798AC0F8BC0FEA3D4A05DEE1D.e.1404/click - {}
RESULT: {}
COMMAND: GET /session/3c9b041fc044676a58cc73ba58d1a297/screenshot - {}
RESULT: {}
COMMAND: POST /session/3c9b041fc044676a58cc73ba58d1a297/element - {"using":"xpath","value":"//input[@id=\"application-managepartners-display-component---NewPartner--assignmentYard-application-managepartners-display-component---NewPartner--assignmentsTable-0-inner\"]"}
RESULT: {"using":"xpath","value":"//input[@id=\"application-managepartners-display-component---NewPartner--assignmentYard-application-managepartners-display-component---NewPartner--assignmentsTable-0-inner\"]"}
COMMAND: POST /session/3c9b041fc044676a58cc73ba58d1a297/element/f.9E3361242BDECB3802103B61B67CD02C.d.18BB3B4798AC0F8BC0FEA3D4A05DEE1D.e.1407/clear - {}
RESULT: {}
COMMAND: POST /session/3c9b041fc044676a58cc73ba58d1a297/element/f.9E3361242BDECB3802103B61B67CD02C.d.18BB3B4798AC0F8BC0FEA3D4A05DEE1D.e.1407/value - {"text":"186"}
COMMAND: GET /session/3c9b041fc044676a58cc73ba58d1a297/screenshot - {}
RESULT: {"text":"186"}
COMMAND: GET /session/3c9b041fc044676a58cc73ba58d1a297/screenshot - {}
RESULT: {}
RESULT: {}
COMMAND: POST /session/3c9b041fc044676a58cc73ba58d1a297/element - {"using":"xpath","value":"//li[.//span[text()='186']]"}
RESULT: {"using":"xpath","value":"//li[.//span[text()='186']]"}
COMMAND: POST /session/3c9b041fc044676a58cc73ba58d1a297/element/f.9E3361242BDECB3802103B61B67CD02C.d.18BB3B4798AC0F8BC0FEA3D4A05DEE1D.e.1416/click - {}
RESULT: {}
COMMAND: GET /session/3c9b041fc044676a58cc73ba58d1a297/screenshot - {}
RESULT: {}
COMMAND: POST /session/3c9b041fc044676a58cc73ba58d1a297/actions - {"actions":[{"id":"action3","type":"key","parameters":{},"actions":[{"type":"keyDown","value":"î€‡"},{"type":"pause","duration":10},{"type":"keyUp","value":"î€‡"}]}]}
RESULT: {"actions":[{"id":"action3","type":"key","parameters":{},"actions":[{"type":"keyDown","value":"î€‡"},{"type":"pause","duration":10},{"type":"keyUp","value":"î€‡"}]}]}
COMMAND: POST /session/3c9b041fc044676a58cc73ba58d1a297/execute/async - {"script":"<script> [1562 bytes]","args":[{"selector":{"id":"application-managepartners-display-component---NewPartner--externalCustomerComboBox-application-managepartners-display-component---NewPartner--assignmentsTable-0-vhi"},"wdio_ui5_key":"applicationmanagepartners-display-component---NewPartner--externalCustomerComboBox-application-managepartners-display-component---NewPartner--assignmentsTable-0-vhi"}]}
COMMAND: GET /session/3c9b041fc044676a58cc73ba58d1a297/screenshot - {}
RESULT: {"script":"<script> [1562 bytes]","args":[{"selector":{"id":"application-managepartners-display-component---NewPartner--externalCustomerComboBox-application-managepartners-display-component---NewPartner--assignmentsTable-0-vhi"},"wdio_ui5_key":"applicationmanagepartners-display-component---NewPartner--externalCustomerComboBox-application-managepartners-display-component---NewPartner--assignmentsTable-0-vhi"}]}
RESULT: undefined
COMMAND: POST /session/3c9b041fc044676a58cc73ba58d1a297/element - {"using":"xpath","value":"//*[@id=\"application-managepartners-display-component---NewPartner--externalCustomerComboBox-application-managepartners-display-component---NewPartner--assignmentsTable-0-vhi\"]"}
RESULT: {}
RESULT: {"using":"xpath","value":"//*[@id=\"application-managepartners-display-component---NewPartner--externalCustomerComboBox-application-managepartners-display-component---NewPartner--assignmentsTable-0-vhi\"]"}
COMMAND: POST /session/3c9b041fc044676a58cc73ba58d1a297/element/f.9E3361242BDECB3802103B61B67CD02C.d.18BB3B4798AC0F8BC0FEA3D4A05DEE1D.e.1420/click - {}
RESULT: {}
RESULT: undefined
COMMAND: POST /session/3c9b041fc044676a58cc73ba58d1a297/execute/async - {"script":"<script> [776 bytes]","args":[{"enterText":"300003","selector":{"controlType":"sap.m.SearchField","properties":{"placeholder":"Search"},"searchOpenDialogs":true,"interaction":{"idSuffix":"I"}},"clearTextFirst":true,"interactionType":"ENTER_TEXT"}]}
COMMAND: GET /session/3c9b041fc044676a58cc73ba58d1a297/screenshot - {}
RESULT: {"script":"<script> [776 bytes]","args":[{"enterText":"300003","selector":{"controlType":"sap.m.SearchField","properties":{"placeholder":"Search"},"searchOpenDialogs":true,"interaction":{"idSuffix":"I"}},"clearTextFirst":true,"interactionType":"ENTER_TEXT"}]}
COMMAND: POST /session/3c9b041fc044676a58cc73ba58d1a297/actions - {"actions":[{"id":"action4","type":"key","parameters":{},"actions":[{"type":"keyDown","value":"î€‡"},{"type":"pause","duration":10},{"type":"keyUp","value":"î€‡"}]}]}
RESULT: {}
RESULT: {"actions":[{"id":"action4","type":"key","parameters":{},"actions":[{"type":"keyDown","value":"î€‡"},{"type":"pause","duration":10},{"type":"keyUp","value":"î€‡"}]}]}
COMMAND: GET /session/3c9b041fc044676a58cc73ba58d1a297/screenshot - {}
RESULT: {}
COMMAND: POST /session/3c9b041fc044676a58cc73ba58d1a297/element - {"using":"xpath","value":"//span[contains(text(), \"300003\")]"}
RESULT: {"using":"xpath","value":"//span[contains(text(), \"300003\")]"}
COMMAND: POST /session/3c9b041fc044676a58cc73ba58d1a297/element/f.9E3361242BDECB3802103B61B67CD02C.d.18BB3B4798AC0F8BC0FEA3D4A05DEE1D.e.1438/click - {}
RESULT: {}
COMMAND: GET /session/3c9b041fc044676a58cc73ba58d1a297/screenshot - {}
RESULT: {}
COMMAND: POST /session/3c9b041fc044676a58cc73ba58d1a297/element - {"using":"xpath","value":"//bdi[contains(text(), \"OK\")]"}
RESULT: {"using":"xpath","value":"//bdi[contains(text(), \"OK\")]"}
COMMAND: POST /session/3c9b041fc044676a58cc73ba58d1a297/element/f.9E3361242BDECB3802103B61B67CD02C.d.18BB3B4798AC0F8BC0FEA3D4A05DEE1D.e.1440/click - {}
RESULT: {}
COMMAND: GET /session/3c9b041fc044676a58cc73ba58d1a297/screenshot - {}
RESULT: {}
COMMAND: POST /session/3c9b041fc044676a58cc73ba58d1a297/execute/async - {"script":"<script> [1562 bytes]","args":[{"selector":{"id":"application-managepartners-display-component---NewPartner--intercompVendorComboBox-application-managepartners-display-component---NewPartner--assignmentsTable-0-vhi"},"wdio_ui5_key":"applicationmanagepartners-display-component---NewPartner--intercompVendorComboBox-application-managepartners-display-component---NewPartner--assignmentsTable-0-vhi"}]}
RESULT: {"script":"<script> [1562 bytes]","args":[{"selector":{"id":"application-managepartners-display-component---NewPartner--intercompVendorComboBox-application-managepartners-display-component---NewPartner--assignmentsTable-0-vhi"},"wdio_ui5_key":"applicationmanagepartners-display-component---NewPartner--intercompVendorComboBox-application-managepartners-display-component---NewPartner--assignmentsTable-0-vhi"}]}
RESULT: undefined
COMMAND: POST /session/3c9b041fc044676a58cc73ba58d1a297/element - {"using":"xpath","value":"//*[@id=\"application-managepartners-display-component---NewPartner--intercompVendorComboBox-application-managepartners-display-component---NewPartner--assignmentsTable-0-vhi\"]"}
RESULT: {"using":"xpath","value":"//*[@id=\"application-managepartners-display-component---NewPartner--intercompVendorComboBox-application-managepartners-display-component---NewPartner--assignmentsTable-0-vhi\"]"}
COMMAND: POST /session/3c9b041fc044676a58cc73ba58d1a297/element/f.9E3361242BDECB3802103B61B67CD02C.d.18BB3B4798AC0F8BC0FEA3D4A05DEE1D.e.1443/click - {}
RESULT: {}
RESULT: undefined
COMMAND: POST /session/3c9b041fc044676a58cc73ba58d1a297/execute/async - {"script":"<script> [776 bytes]","args":[{"enterText":"100005","selector":{"controlType":"sap.m.SearchField","properties":{"placeholder":"Search"},"searchOpenDialogs":true,"interaction":{"idSuffix":"I"}},"clearTextFirst":true,"interactionType":"ENTER_TEXT"}]}
COMMAND: GET /session/3c9b041fc044676a58cc73ba58d1a297/screenshot - {}
RESULT: {"script":"<script> [776 bytes]","args":[{"enterText":"100005","selector":{"controlType":"sap.m.SearchField","properties":{"placeholder":"Search"},"searchOpenDialogs":true,"interaction":{"idSuffix":"I"}},"clearTextFirst":true,"interactionType":"ENTER_TEXT"}]}
COMMAND: POST /session/3c9b041fc044676a58cc73ba58d1a297/actions - {"actions":[{"id":"action5","type":"key","parameters":{},"actions":[{"type":"keyDown","value":"î€‡"},{"type":"pause","duration":10},{"type":"keyUp","value":"î€‡"}]}]}
RESULT: {}
RESULT: {"actions":[{"id":"action5","type":"key","parameters":{},"actions":[{"type":"keyDown","value":"î€‡"},{"type":"pause","duration":10},{"type":"keyUp","value":"î€‡"}]}]}
COMMAND: GET /session/3c9b041fc044676a58cc73ba58d1a297/screenshot - {}
RESULT: {}
COMMAND: POST /session/3c9b041fc044676a58cc73ba58d1a297/element - {"using":"xpath","value":"//span[contains(text(), \"Penguins - Field/12345 Berlin\")]"}
RESULT: {"using":"xpath","value":"//span[contains(text(), \"Penguins - Field/12345 Berlin\")]"}
COMMAND: POST /session/3c9b041fc044676a58cc73ba58d1a297/element/f.9E3361242BDECB3802103B61B67CD02C.d.18BB3B4798AC0F8BC0FEA3D4A05DEE1D.e.1462/click - {}
RESULT: {}
COMMAND: GET /session/3c9b041fc044676a58cc73ba58d1a297/screenshot - {}
RESULT: {}
COMMAND: POST /session/3c9b041fc044676a58cc73ba58d1a297/element - {"using":"xpath","value":"//bdi[contains(text(), \"OK\")]"}
RESULT: {"using":"xpath","value":"//bdi[contains(text(), \"OK\")]"}
COMMAND: POST /session/3c9b041fc044676a58cc73ba58d1a297/element/f.9E3361242BDECB3802103B61B67CD02C.d.18BB3B4798AC0F8BC0FEA3D4A05DEE1D.e.1463/click - {}
RESULT: {}
COMMAND: GET /session/3c9b041fc044676a58cc73ba58d1a297/screenshot - {}
RESULT: {}
COMMAND: POST /session/3c9b041fc044676a58cc73ba58d1a297/element - {"using":"xpath","value":"//button[@data-kt=\"saveButton\"]"}
RESULT: {"using":"xpath","value":"//button[@data-kt=\"saveButton\"]"}
COMMAND: POST /session/3c9b041fc044676a58cc73ba58d1a297/element/f.9E3361242BDECB3802103B61B67CD02C.d.18BB3B4798AC0F8BC0FEA3D4A05DEE1D.e.1238/click - {}
RESULT: {}
COMMAND: GET /session/3c9b041fc044676a58cc73ba58d1a297/screenshot - {}
RESULT: {}
COMMAND: POST /session/3c9b041fc044676a58cc73ba58d1a297/element - {"using":"xpath","value":"//header[contains(@id, 'ObjectPageLayout-headerTitle')]/div[1]/div[2]/div[2]/span[1]"}
RESULT: {"using":"xpath","value":"//header[contains(@id, 'ObjectPageLayout-headerTitle')]/div[1]/div[2]/div[2]/span[1]"}
COMMAND: POST /session/3c9b041fc044676a58cc73ba58d1a297/elements - {"using":"xpath","value":"//header[contains(@id, 'ObjectPageLayout-headerTitle')]/div[1]/div[2]/div[2]/span[1]"}
RESULT: {"using":"xpath","value":"//header[contains(@id, 'ObjectPageLayout-headerTitle')]/div[1]/div[2]/div[2]/span[1]"}
COMMAND: POST /session/3c9b041fc044676a58cc73ba58d1a297/execute/sync - {"script":"<script> [56 bytes]","args":[{"element-6066-11e4-a52e-4f735466cecf":"f.9E3361242BDECB3802103B61B67CD02C.d.18BB3B4798AC0F8BC0FEA3D4A05DEE1D.e.1563","ELEMENT":"f.9E3361242BDECB3802103B61B67CD02C.d.18BB3B4798AC0F8BC0FEA3D4A05DEE1D.e.1563"}]}
RESULT: {"script":"<script> [56 bytes]","args":[{"element-6066-11e4-a52e-4f735466cecf":"f.9E3361242BDECB3802103B61B67CD02C.d.18BB3B4798AC0F8BC0FEA3D4A05DEE1D.e.1563","ELEMENT":"f.9E3361242BDECB3802103B61B67CD02C.d.18BB3B4798AC0F8BC0FEA3D4A05DEE1D.e.1563"}]}
COMMAND: POST /session/3c9b041fc044676a58cc73ba58d1a297/element - {"using":"css selector","value":"#shell-header-logo"}
COMMAND: GET /session/3c9b041fc044676a58cc73ba58d1a297/screenshot - {}
RESULT: {"using":"css selector","value":"#shell-header-logo"}
COMMAND: POST /session/3c9b041fc044676a58cc73ba58d1a297/element/f.9E3361242BDECB3802103B61B67CD02C.d.18BB3B4798AC0F8BC0FEA3D4A05DEE1D.e.979/click - {}
RESULT: {}
RESULT: {}
COMMAND: GET /session/3c9b041fc044676a58cc73ba58d1a297/screenshot - {}
RESULT: {}
COMMAND: POST /session/3c9b041fc044676a58cc73ba58d1a297/execute/sync - {"script":"<script> [299 bytes]","args":[["getModel","getResource"]]}
RESULT: {"script":"<script> [299 bytes]","args":[["getModel","getResource"]]}
COMMAND: GET /session/3c9b041fc044676a58cc73ba58d1a297/screenshot - {}
]]></system-out>
    </testcase>
    <testcase classname="chrome.136_0_7103_49.windows.Billing_confirm_US117289" name="Should create a new site" time="86.933">
      <system-out><![CDATA[
COMMAND: POST /session/3c9b041fc044676a58cc73ba58d1a297/execute/async - {"script":"<script> [1562 bytes]","args":[{"selector":{"controlType":"sap.m.TileContent","bindingPath":{"path":"","propertyPath":"/properties/info"},"ancestor":{"controlType":"sap.m.GenericTile","properties":{"header":"Manage Sites"}}},"wdio_ui5_key":"sapm.TileContent{\"path\":\"\",\"propertyPath\":\"/properties/info\"}{\"controlType\":\"sap.m.GenericTile\",\"properties\":{\"header\":\"Manage Sites\"}}"}]}
RESULT: {"script":"<script> [1562 bytes]","args":[{"selector":{"controlType":"sap.m.TileContent","bindingPath":{"path":"","propertyPath":"/properties/info"},"ancestor":{"controlType":"sap.m.GenericTile","properties":{"header":"Manage Sites"}}},"wdio_ui5_key":"sapm.TileContent{\"path\":\"\",\"propertyPath\":\"/properties/info\"}{\"controlType\":\"sap.m.GenericTile\",\"properties\":{\"header\":\"Manage Sites\"}}"}]}
RESULT: undefined
COMMAND: POST /session/3c9b041fc044676a58cc73ba58d1a297/element - {"using":"xpath","value":"//*[@id=\"__xmlview7--numericTileContent\"]"}
RESULT: {}
RESULT: {"using":"xpath","value":"//*[@id=\"__xmlview7--numericTileContent\"]"}
COMMAND: POST /session/3c9b041fc044676a58cc73ba58d1a297/element/f.9E3361242BDECB3802103B61B67CD02C.d.18BB3B4798AC0F8BC0FEA3D4A05DEE1D.e.1565/click - {}
RESULT: {}
COMMAND: POST /session/3c9b041fc044676a58cc73ba58d1a297/element - {"using":"xpath","value":"//button[@data-kt=\"addOverflowToolbarButton\"]"}
COMMAND: GET /session/3c9b041fc044676a58cc73ba58d1a297/screenshot - {}
RESULT: {"using":"xpath","value":"//button[@data-kt=\"addOverflowToolbarButton\"]"}
COMMAND: POST /session/3c9b041fc044676a58cc73ba58d1a297/elements - {"using":"xpath","value":"//button[@data-kt=\"addOverflowToolbarButton\"]"}
RESULT: {}
RESULT: {"using":"xpath","value":"//button[@data-kt=\"addOverflowToolbarButton\"]"}
COMMAND: POST /session/3c9b041fc044676a58cc73ba58d1a297/elements - {"using":"xpath","value":"//button[@data-kt=\"addOverflowToolbarButton\"]"}
RESULT: {"using":"xpath","value":"//button[@data-kt=\"addOverflowToolbarButton\"]"}
COMMAND: POST /session/3c9b041fc044676a58cc73ba58d1a297/elements - {"using":"xpath","value":"//button[@data-kt=\"addOverflowToolbarButton\"]"}
RESULT: {"using":"xpath","value":"//button[@data-kt=\"addOverflowToolbarButton\"]"}
COMMAND: POST /session/3c9b041fc044676a58cc73ba58d1a297/elements - {"using":"xpath","value":"//button[@data-kt=\"addOverflowToolbarButton\"]"}
RESULT: {"using":"xpath","value":"//button[@data-kt=\"addOverflowToolbarButton\"]"}
COMMAND: POST /session/3c9b041fc044676a58cc73ba58d1a297/element - {"using":"xpath","value":"//button[@data-kt=\"addOverflowToolbarButton\"]"}
RESULT: {"using":"xpath","value":"//button[@data-kt=\"addOverflowToolbarButton\"]"}
COMMAND: POST /session/3c9b041fc044676a58cc73ba58d1a297/execute/sync - {"script":"<script> [8489 bytes]","args":[{"element-6066-11e4-a52e-4f735466cecf":"f.9E3361242BDECB3802103B61B67CD02C.d.18BB3B4798AC0F8BC0FEA3D4A05DEE1D.e.1611","ELEMENT":"f.9E3361242BDECB3802103B61B67CD02C.d.18BB3B4798AC0F8BC0FEA3D4A05DEE1D.e.1611"}]}
RESULT: {"script":"<script> [8489 bytes]","args":[{"element-6066-11e4-a52e-4f735466cecf":"f.9E3361242BDECB3802103B61B67CD02C.d.18BB3B4798AC0F8BC0FEA3D4A05DEE1D.e.1611","ELEMENT":"f.9E3361242BDECB3802103B61B67CD02C.d.18BB3B4798AC0F8BC0FEA3D4A05DEE1D.e.1611"}]}
COMMAND: GET /session/3c9b041fc044676a58cc73ba58d1a297/element/f.9E3361242BDECB3802103B61B67CD02C.d.18BB3B4798AC0F8BC0FEA3D4A05DEE1D.e.1611/enabled - {}
COMMAND: GET /session/3c9b041fc044676a58cc73ba58d1a297/screenshot - {}
RESULT: {}
COMMAND: POST /session/3c9b041fc044676a58cc73ba58d1a297/execute/sync - {"script":"<script> [8489 bytes]","args":[{"element-6066-11e4-a52e-4f735466cecf":"f.9E3361242BDECB3802103B61B67CD02C.d.18BB3B4798AC0F8BC0FEA3D4A05DEE1D.e.1611","ELEMENT":"f.9E3361242BDECB3802103B61B67CD02C.d.18BB3B4798AC0F8BC0FEA3D4A05DEE1D.e.1611"}]}
COMMAND: GET /session/3c9b041fc044676a58cc73ba58d1a297/screenshot - {}
RESULT: {}
RESULT: {"script":"<script> [8489 bytes]","args":[{"element-6066-11e4-a52e-4f735466cecf":"f.9E3361242BDECB3802103B61B67CD02C.d.18BB3B4798AC0F8BC0FEA3D4A05DEE1D.e.1611","ELEMENT":"f.9E3361242BDECB3802103B61B67CD02C.d.18BB3B4798AC0F8BC0FEA3D4A05DEE1D.e.1611"}]}
COMMAND: POST /session/3c9b041fc044676a58cc73ba58d1a297/execute/sync - {"script":"<script> [5351 bytes]","args":[{"element-6066-11e4-a52e-4f735466cecf":"f.9E3361242BDECB3802103B61B67CD02C.d.18BB3B4798AC0F8BC0FEA3D4A05DEE1D.e.1611","ELEMENT":"f.9E3361242BDECB3802103B61B67CD02C.d.18BB3B4798AC0F8BC0FEA3D4A05DEE1D.e.1611"}]}
COMMAND: GET /session/3c9b041fc044676a58cc73ba58d1a297/screenshot - {}
RESULT: {}
RESULT: {"script":"<script> [5351 bytes]","args":[{"element-6066-11e4-a52e-4f735466cecf":"f.9E3361242BDECB3802103B61B67CD02C.d.18BB3B4798AC0F8BC0FEA3D4A05DEE1D.e.1611","ELEMENT":"f.9E3361242BDECB3802103B61B67CD02C.d.18BB3B4798AC0F8BC0FEA3D4A05DEE1D.e.1611"}]}
COMMAND: POST /session/3c9b041fc044676a58cc73ba58d1a297/element/f.9E3361242BDECB3802103B61B67CD02C.d.18BB3B4798AC0F8BC0FEA3D4A05DEE1D.e.1611/click - {}
COMMAND: GET /session/3c9b041fc044676a58cc73ba58d1a297/screenshot - {}
RESULT: {}
RESULT: {}
COMMAND: GET /session/3c9b041fc044676a58cc73ba58d1a297/screenshot - {}
RESULT: {}
RESULT: {}
COMMAND: POST /session/3c9b041fc044676a58cc73ba58d1a297/element - {"using":"xpath","value":"//input[@id=\"application-managesites-display-component---NewSite--siteId-inner\"]"}
RESULT: {"using":"xpath","value":"//input[@id=\"application-managesites-display-component---NewSite--siteId-inner\"]"}
COMMAND: POST /session/3c9b041fc044676a58cc73ba58d1a297/element - {"using":"xpath","value":"//input[@id=\"application-managesites-display-component---NewSite--siteId-inner\"]"}
RESULT: {"using":"xpath","value":"//input[@id=\"application-managesites-display-component---NewSite--siteId-inner\"]"}
COMMAND: POST /session/3c9b041fc044676a58cc73ba58d1a297/execute/async - {"script":"<script> [1562 bytes]","args":[{"selector":{"id":"application-managesites-display-component---NewSite--addressDetailDetailsName1","interaction":{"idSuffix":"inner"}},"wdio_ui5_key":"applicationmanagesites-display-component---NewSite--addressDetailDetailsName1"}]}
RESULT: {"script":"<script> [1562 bytes]","args":[{"selector":{"id":"application-managesites-display-component---NewSite--addressDetailDetailsName1","interaction":{"idSuffix":"inner"}},"wdio_ui5_key":"applicationmanagesites-display-component---NewSite--addressDetailDetailsName1"}]}
RESULT: undefined
COMMAND: POST /session/3c9b041fc044676a58cc73ba58d1a297/execute/async - {"script":"<script> [776 bytes]","args":[{"enterText":"Intracompany Site wdIO","selector":{"id":"application-managesites-display-component---NewSite--addressDetailDetailsName1","interaction":{"idSuffix":"inner"}},"clearTextFirst":true,"interactionType":"ENTER_TEXT"}]}
RESULT: {"script":"<script> [776 bytes]","args":[{"enterText":"Intracompany Site wdIO","selector":{"id":"application-managesites-display-component---NewSite--addressDetailDetailsName1","interaction":{"idSuffix":"inner"}},"clearTextFirst":true,"interactionType":"ENTER_TEXT"}]}
COMMAND: POST /session/3c9b041fc044676a58cc73ba58d1a297/execute/async - {"script":"<script> [1562 bytes]","args":[{"selector":{"id":"application-managesites-display-component---NewSite--addressDetailDetailsLanguage-arrow"},"wdio_ui5_key":"applicationmanagesites-display-component---NewSite--addressDetailDetailsLanguage-arrow"}]}
RESULT: {"script":"<script> [1562 bytes]","args":[{"selector":{"id":"application-managesites-display-component---NewSite--addressDetailDetailsLanguage-arrow"},"wdio_ui5_key":"applicationmanagesites-display-component---NewSite--addressDetailDetailsLanguage-arrow"}]}
RESULT: undefined
COMMAND: POST /session/3c9b041fc044676a58cc73ba58d1a297/element - {"using":"xpath","value":"//*[@id=\"application-managesites-display-component---NewSite--addressDetailDetailsLanguage-arrow\"]"}
RESULT: {"using":"xpath","value":"//*[@id=\"application-managesites-display-component---NewSite--addressDetailDetailsLanguage-arrow\"]"}
COMMAND: POST /session/3c9b041fc044676a58cc73ba58d1a297/element/f.9E3361242BDECB3802103B61B67CD02C.d.18BB3B4798AC0F8BC0FEA3D4A05DEE1D.e.2130/click - {}
RESULT: {}
COMMAND: POST /session/3c9b041fc044676a58cc73ba58d1a297/element - {"using":"xpath","value":"//span[contains(text(), \"English\")]"}
COMMAND: GET /session/3c9b041fc044676a58cc73ba58d1a297/screenshot - {}
RESULT: {"using":"xpath","value":"//span[contains(text(), \"English\")]"}
COMMAND: POST /session/3c9b041fc044676a58cc73ba58d1a297/element/f.9E3361242BDECB3802103B61B67CD02C.d.18BB3B4798AC0F8BC0FEA3D4A05DEE1D.e.2131/click - {}
RESULT: {}
RESULT: {}
COMMAND: POST /session/3c9b041fc044676a58cc73ba58d1a297/execute/async - {"script":"<script> [1562 bytes]","args":[{"selector":{"id":"application-managesites-display-component---NewSite--addressDetailDetailsCity1","interaction":{"idSuffix":"inner"}},"wdio_ui5_key":"applicationmanagesites-display-component---NewSite--addressDetailDetailsCity1"}]}
COMMAND: GET /session/3c9b041fc044676a58cc73ba58d1a297/screenshot - {}
RESULT: {"script":"<script> [1562 bytes]","args":[{"selector":{"id":"application-managesites-display-component---NewSite--addressDetailDetailsCity1","interaction":{"idSuffix":"inner"}},"wdio_ui5_key":"applicationmanagesites-display-component---NewSite--addressDetailDetailsCity1"}]}
RESULT: undefined
COMMAND: POST /session/3c9b041fc044676a58cc73ba58d1a297/execute/async - {"script":"<script> [776 bytes]","args":[{"enterText":"Rosario","selector":{"id":"application-managesites-display-component---NewSite--addressDetailDetailsCity1","interaction":{"idSuffix":"inner"}},"clearTextFirst":true,"interactionType":"ENTER_TEXT"}]}
RESULT: {}
RESULT: {"script":"<script> [776 bytes]","args":[{"enterText":"Rosario","selector":{"id":"application-managesites-display-component---NewSite--addressDetailDetailsCity1","interaction":{"idSuffix":"inner"}},"clearTextFirst":true,"interactionType":"ENTER_TEXT"}]}
COMMAND: POST /session/3c9b041fc044676a58cc73ba58d1a297/execute/async - {"script":"<script> [1562 bytes]","args":[{"selector":{"id":"application-managesites-display-component---NewSite--addressDetailDetailsCountry-arrow"},"wdio_ui5_key":"applicationmanagesites-display-component---NewSite--addressDetailDetailsCountry-arrow"}]}
RESULT: {"script":"<script> [1562 bytes]","args":[{"selector":{"id":"application-managesites-display-component---NewSite--addressDetailDetailsCountry-arrow"},"wdio_ui5_key":"applicationmanagesites-display-component---NewSite--addressDetailDetailsCountry-arrow"}]}
RESULT: undefined
COMMAND: POST /session/3c9b041fc044676a58cc73ba58d1a297/element - {"using":"xpath","value":"//*[@id=\"application-managesites-display-component---NewSite--addressDetailDetailsCountry-arrow\"]"}
RESULT: {"using":"xpath","value":"//*[@id=\"application-managesites-display-component---NewSite--addressDetailDetailsCountry-arrow\"]"}
COMMAND: POST /session/3c9b041fc044676a58cc73ba58d1a297/element/f.9E3361242BDECB3802103B61B67CD02C.d.18BB3B4798AC0F8BC0FEA3D4A05DEE1D.e.2133/click - {}
RESULT: {}
COMMAND: POST /session/3c9b041fc044676a58cc73ba58d1a297/element - {"using":"xpath","value":"//span[contains(text(), \"Argentina\")]"}
COMMAND: GET /session/3c9b041fc044676a58cc73ba58d1a297/screenshot - {}
RESULT: {"using":"xpath","value":"//span[contains(text(), \"Argentina\")]"}
COMMAND: POST /session/3c9b041fc044676a58cc73ba58d1a297/element/f.9E3361242BDECB3802103B61B67CD02C.d.18BB3B4798AC0F8BC0FEA3D4A05DEE1D.e.2134/click - {}
RESULT: {}
RESULT: {}
COMMAND: GET /session/3c9b041fc044676a58cc73ba58d1a297/screenshot - {}
RESULT: {}
COMMAND: POST /session/3c9b041fc044676a58cc73ba58d1a297/execute/async - {"script":"<script> [1562 bytes]","args":[{"selector":{"id":"application-managesites-display-component---NewSite--addressEditDetailsCostObjectCstType-arrow"},"wdio_ui5_key":"applicationmanagesites-display-component---NewSite--addressEditDetailsCostObjectCstType-arrow"}]}
RESULT: {"script":"<script> [1562 bytes]","args":[{"selector":{"id":"application-managesites-display-component---NewSite--addressEditDetailsCostObjectCstType-arrow"},"wdio_ui5_key":"applicationmanagesites-display-component---NewSite--addressEditDetailsCostObjectCstType-arrow"}]}
RESULT: undefined
COMMAND: POST /session/3c9b041fc044676a58cc73ba58d1a297/element - {"using":"xpath","value":"//*[@id=\"application-managesites-display-component---NewSite--addressEditDetailsCostObjectCstType-arrow\"]"}
RESULT: {"using":"xpath","value":"//*[@id=\"application-managesites-display-component---NewSite--addressEditDetailsCostObjectCstType-arrow\"]"}
COMMAND: POST /session/3c9b041fc044676a58cc73ba58d1a297/element/f.9E3361242BDECB3802103B61B67CD02C.d.18BB3B4798AC0F8BC0FEA3D4A05DEE1D.e.2137/click - {}
RESULT: {}
COMMAND: POST /session/3c9b041fc044676a58cc73ba58d1a297/element - {"using":"xpath","value":"//span[contains(text(), \"Cost Center\")]"}
COMMAND: GET /session/3c9b041fc044676a58cc73ba58d1a297/screenshot - {}
RESULT: {"using":"xpath","value":"//span[contains(text(), \"Cost Center\")]"}
COMMAND: POST /session/3c9b041fc044676a58cc73ba58d1a297/element/f.9E3361242BDECB3802103B61B67CD02C.d.18BB3B4798AC0F8BC0FEA3D4A05DEE1D.e.2138/click - {}
RESULT: {}
RESULT: {}
COMMAND: GET /session/3c9b041fc044676a58cc73ba58d1a297/screenshot - {}
RESULT: {}
COMMAND: POST /session/3c9b041fc044676a58cc73ba58d1a297/element - {"using":"xpath","value":"//span[@id=\"application-managesites-display-component---NewSite--addressNewCostObjectCstID-vhi\"]"}
RESULT: {"using":"xpath","value":"//span[@id=\"application-managesites-display-component---NewSite--addressNewCostObjectCstID-vhi\"]"}
COMMAND: POST /session/3c9b041fc044676a58cc73ba58d1a297/execute/sync - {"script":"<script> [8489 bytes]","args":[{"element-6066-11e4-a52e-4f735466cecf":"f.9E3361242BDECB3802103B61B67CD02C.d.18BB3B4798AC0F8BC0FEA3D4A05DEE1D.e.2142","ELEMENT":"f.9E3361242BDECB3802103B61B67CD02C.d.18BB3B4798AC0F8BC0FEA3D4A05DEE1D.e.2142"}]}
RESULT: {"script":"<script> [8489 bytes]","args":[{"element-6066-11e4-a52e-4f735466cecf":"f.9E3361242BDECB3802103B61B67CD02C.d.18BB3B4798AC0F8BC0FEA3D4A05DEE1D.e.2142","ELEMENT":"f.9E3361242BDECB3802103B61B67CD02C.d.18BB3B4798AC0F8BC0FEA3D4A05DEE1D.e.2142"}]}
COMMAND: POST /session/3c9b041fc044676a58cc73ba58d1a297/execute/async - {"script":"<script> [1562 bytes]","args":[{"selector":{"id":"application-managesites-display-component---NewSite--addressNewCostObjectCstID-vhi"},"wdio_ui5_key":"applicationmanagesites-display-component---NewSite--addressNewCostObjectCstID-vhi"}]}
COMMAND: GET /session/3c9b041fc044676a58cc73ba58d1a297/screenshot - {}
RESULT: {"script":"<script> [1562 bytes]","args":[{"selector":{"id":"application-managesites-display-component---NewSite--addressNewCostObjectCstID-vhi"},"wdio_ui5_key":"applicationmanagesites-display-component---NewSite--addressNewCostObjectCstID-vhi"}]}
RESULT: undefined
COMMAND: POST /session/3c9b041fc044676a58cc73ba58d1a297/element - {"using":"xpath","value":"//*[@id=\"application-managesites-display-component---NewSite--addressNewCostObjectCstID-vhi\"]"}
RESULT: {}
RESULT: {"using":"xpath","value":"//*[@id=\"application-managesites-display-component---NewSite--addressNewCostObjectCstID-vhi\"]"}
COMMAND: POST /session/3c9b041fc044676a58cc73ba58d1a297/element/f.9E3361242BDECB3802103B61B67CD02C.d.18BB3B4798AC0F8BC0FEA3D4A05DEE1D.e.2142/click - {}
RESULT: {}
COMMAND: GET /session/3c9b041fc044676a58cc73ba58d1a297/screenshot - {}
RESULT: {}
RESULT: undefined
COMMAND: POST /session/3c9b041fc044676a58cc73ba58d1a297/execute/async - {"script":"<script> [776 bytes]","args":[{"enterText":"10001013","selector":{"controlType":"sap.m.SearchField","properties":{"placeholder":"Search"},"searchOpenDialogs":true,"interaction":{"idSuffix":"I"}},"clearTextFirst":true,"interactionType":"ENTER_TEXT"}]}
RESULT: {"script":"<script> [776 bytes]","args":[{"enterText":"10001013","selector":{"controlType":"sap.m.SearchField","properties":{"placeholder":"Search"},"searchOpenDialogs":true,"interaction":{"idSuffix":"I"}},"clearTextFirst":true,"interactionType":"ENTER_TEXT"}]}
COMMAND: POST /session/3c9b041fc044676a58cc73ba58d1a297/actions - {"actions":[{"id":"action6","type":"key","parameters":{},"actions":[{"type":"keyDown","value":"î€‡"},{"type":"pause","duration":10},{"type":"keyUp","value":"î€‡"}]}]}
RESULT: {"actions":[{"id":"action6","type":"key","parameters":{},"actions":[{"type":"keyDown","value":"î€‡"},{"type":"pause","duration":10},{"type":"keyUp","value":"î€‡"}]}]}
COMMAND: GET /session/3c9b041fc044676a58cc73ba58d1a297/screenshot - {}
RESULT: {}
COMMAND: POST /session/3c9b041fc044676a58cc73ba58d1a297/element - {"using":"xpath","value":"//span[contains(text(), \"General Management\")]"}
RESULT: {"using":"xpath","value":"//span[contains(text(), \"General Management\")]"}
COMMAND: POST /session/3c9b041fc044676a58cc73ba58d1a297/element/f.9E3361242BDECB3802103B61B67CD02C.d.18BB3B4798AC0F8BC0FEA3D4A05DEE1D.e.2181/click - {}
RESULT: {}
COMMAND: GET /session/3c9b041fc044676a58cc73ba58d1a297/screenshot - {}
RESULT: {}
COMMAND: POST /session/3c9b041fc044676a58cc73ba58d1a297/element - {"using":"xpath","value":"//bdi[contains(text(), \"OK\")]"}
RESULT: {"using":"xpath","value":"//bdi[contains(text(), \"OK\")]"}
COMMAND: POST /session/3c9b041fc044676a58cc73ba58d1a297/element/f.9E3361242BDECB3802103B61B67CD02C.d.18BB3B4798AC0F8BC0FEA3D4A05DEE1D.e.2182/click - {}
RESULT: {}
COMMAND: GET /session/3c9b041fc044676a58cc73ba58d1a297/screenshot - {}
RESULT: {}
COMMAND: POST /session/3c9b041fc044676a58cc73ba58d1a297/element - {"using":"xpath","value":"//input[@id=\"application-managesites-display-component---NewSite--addressDetailDetailsCalendar-inner\"]"}
RESULT: {"using":"xpath","value":"//input[@id=\"application-managesites-display-component---NewSite--addressDetailDetailsCalendar-inner\"]"}
COMMAND: POST /session/3c9b041fc044676a58cc73ba58d1a297/element/f.9E3361242BDECB3802103B61B67CD02C.d.18BB3B4798AC0F8BC0FEA3D4A05DEE1D.e.1987/clear - {}
RESULT: {}
COMMAND: POST /session/3c9b041fc044676a58cc73ba58d1a297/element/f.9E3361242BDECB3802103B61B67CD02C.d.18BB3B4798AC0F8BC0FEA3D4A05DEE1D.e.1987/value - {"text":"Unit"}
COMMAND: GET /session/3c9b041fc044676a58cc73ba58d1a297/screenshot - {}
RESULT: {"text":"Unit"}
COMMAND: GET /session/3c9b041fc044676a58cc73ba58d1a297/screenshot - {}
RESULT: {}
RESULT: {}
COMMAND: POST /session/3c9b041fc044676a58cc73ba58d1a297/actions - {"actions":[{"id":"action7","type":"key","parameters":{},"actions":[{"type":"keyDown","value":"î€‡"},{"type":"pause","duration":10},{"type":"keyUp","value":"î€‡"}]}]}
RESULT: {"actions":[{"id":"action7","type":"key","parameters":{},"actions":[{"type":"keyDown","value":"î€‡"},{"type":"pause","duration":10},{"type":"keyUp","value":"î€‡"}]}]}
COMMAND: POST /session/3c9b041fc044676a58cc73ba58d1a297/element - {"using":"xpath","value":"//input[@id=\"application-managesites-display-component---NewSite--addressDetailDetailsYard-inner\"]"}
COMMAND: GET /session/3c9b041fc044676a58cc73ba58d1a297/screenshot - {}
RESULT: {"using":"xpath","value":"//input[@id=\"application-managesites-display-component---NewSite--addressDetailDetailsYard-inner\"]"}
COMMAND: POST /session/3c9b041fc044676a58cc73ba58d1a297/element/f.9E3361242BDECB3802103B61B67CD02C.d.18BB3B4798AC0F8BC0FEA3D4A05DEE1D.e.1988/clear - {}
RESULT: {}
RESULT: {}
COMMAND: POST /session/3c9b041fc044676a58cc73ba58d1a297/element/f.9E3361242BDECB3802103B61B67CD02C.d.18BB3B4798AC0F8BC0FEA3D4A05DEE1D.e.1988/value - {"text":"186"}
COMMAND: GET /session/3c9b041fc044676a58cc73ba58d1a297/screenshot - {}
RESULT: {"text":"186"}
COMMAND: GET /session/3c9b041fc044676a58cc73ba58d1a297/screenshot - {}
RESULT: {}
RESULT: {}
COMMAND: POST /session/3c9b041fc044676a58cc73ba58d1a297/element - {"using":"xpath","value":"//li[.//span[text()='186']]"}
RESULT: {"using":"xpath","value":"//li[.//span[text()='186']]"}
COMMAND: POST /session/3c9b041fc044676a58cc73ba58d1a297/element/f.9E3361242BDECB3802103B61B67CD02C.d.18BB3B4798AC0F8BC0FEA3D4A05DEE1D.e.2190/click - {}
RESULT: {}
COMMAND: GET /session/3c9b041fc044676a58cc73ba58d1a297/screenshot - {}
RESULT: {}
COMMAND: POST /session/3c9b041fc044676a58cc73ba58d1a297/element - {"using":"xpath","value":"//input[@id=\"application-managesites-display-component---NewSite--addressDetailDetailsPartner-inner\"]"}
RESULT: {"using":"xpath","value":"//input[@id=\"application-managesites-display-component---NewSite--addressDetailDetailsPartner-inner\"]"}
COMMAND: POST /session/3c9b041fc044676a58cc73ba58d1a297/element - {"using":"xpath","value":"//input[@id=\"application-managesites-display-component---NewSite--addressDetailDetailsPartner-inner\"]"}
RESULT: {"using":"xpath","value":"//input[@id=\"application-managesites-display-component---NewSite--addressDetailDetailsPartner-inner\"]"}
COMMAND: POST /session/3c9b041fc044676a58cc73ba58d1a297/element - {"using":"xpath","value":"//button[@data-kt=\"saveButton\"]"}
RESULT: {"using":"xpath","value":"//button[@data-kt=\"saveButton\"]"}
COMMAND: POST /session/3c9b041fc044676a58cc73ba58d1a297/element/f.9E3361242BDECB3802103B61B67CD02C.d.18BB3B4798AC0F8BC0FEA3D4A05DEE1D.e.2051/click - {}
RESULT: {}
COMMAND: GET /session/3c9b041fc044676a58cc73ba58d1a297/screenshot - {}
RESULT: {}
COMMAND: POST /session/3c9b041fc044676a58cc73ba58d1a297/element - {"using":"xpath","value":"//header[contains(@id, 'ObjectPageLayout-headerTitle')]/div[1]/div[2]/div[2]/span[1]"}
RESULT: {"using":"xpath","value":"//header[contains(@id, 'ObjectPageLayout-headerTitle')]/div[1]/div[2]/div[2]/span[1]"}
COMMAND: POST /session/3c9b041fc044676a58cc73ba58d1a297/elements - {"using":"xpath","value":"//header[contains(@id, 'ObjectPageLayout-headerTitle')]/div[1]/div[2]/div[2]/span[1]"}
RESULT: {"using":"xpath","value":"//header[contains(@id, 'ObjectPageLayout-headerTitle')]/div[1]/div[2]/div[2]/span[1]"}
COMMAND: POST /session/3c9b041fc044676a58cc73ba58d1a297/execute/sync - {"script":"<script> [56 bytes]","args":[{"element-6066-11e4-a52e-4f735466cecf":"f.9E3361242BDECB3802103B61B67CD02C.d.18BB3B4798AC0F8BC0FEA3D4A05DEE1D.e.2332","ELEMENT":"f.9E3361242BDECB3802103B61B67CD02C.d.18BB3B4798AC0F8BC0FEA3D4A05DEE1D.e.2332"}]}
RESULT: {"script":"<script> [56 bytes]","args":[{"element-6066-11e4-a52e-4f735466cecf":"f.9E3361242BDECB3802103B61B67CD02C.d.18BB3B4798AC0F8BC0FEA3D4A05DEE1D.e.2332","ELEMENT":"f.9E3361242BDECB3802103B61B67CD02C.d.18BB3B4798AC0F8BC0FEA3D4A05DEE1D.e.2332"}]}
COMMAND: POST /session/3c9b041fc044676a58cc73ba58d1a297/element - {"using":"css selector","value":"#shell-header-logo"}
COMMAND: GET /session/3c9b041fc044676a58cc73ba58d1a297/screenshot - {}
RESULT: {"using":"css selector","value":"#shell-header-logo"}
COMMAND: POST /session/3c9b041fc044676a58cc73ba58d1a297/element/f.9E3361242BDECB3802103B61B67CD02C.d.18BB3B4798AC0F8BC0FEA3D4A05DEE1D.e.1569/click - {}
RESULT: {}
RESULT: {}
COMMAND: GET /session/3c9b041fc044676a58cc73ba58d1a297/screenshot - {}
RESULT: {}
COMMAND: POST /session/3c9b041fc044676a58cc73ba58d1a297/execute/sync - {"script":"<script> [299 bytes]","args":[["getModel","getResource"]]}
RESULT: {"script":"<script> [299 bytes]","args":[["getModel","getResource"]]}
]]></system-out>
    </testcase>
    <testcase classname="chrome.136_0_7103_49.windows.Billing_confirm_US117289" name="Should create a new equipment" time="118.726">
      <system-out><![CDATA[
COMMAND: POST /session/3c9b041fc044676a58cc73ba58d1a297/execute/async - {"script":"<script> [1562 bytes]","args":[{"selector":{"controlType":"sap.m.GenericTile","properties":{"header":"Manage Resources"}},"wdio_ui5_key":"sapm.GenericTile{\"header\":\"Manage Resources\"}"}]}
COMMAND: GET /session/3c9b041fc044676a58cc73ba58d1a297/screenshot - {}
RESULT: {"script":"<script> [1562 bytes]","args":[{"selector":{"controlType":"sap.m.GenericTile","properties":{"header":"Manage Resources"}},"wdio_ui5_key":"sapm.GenericTile{\"header\":\"Manage Resources\"}"}]}
RESULT: undefined
COMMAND: POST /session/3c9b041fc044676a58cc73ba58d1a297/element - {"using":"xpath","value":"//*[@id=\"__tile39\"]"}
RESULT: {}
RESULT: {"using":"xpath","value":"//*[@id=\"__tile39\"]"}
COMMAND: POST /session/3c9b041fc044676a58cc73ba58d1a297/element/f.9E3361242BDECB3802103B61B67CD02C.d.18BB3B4798AC0F8BC0FEA3D4A05DEE1D.e.162/click - {}
RESULT: {}
COMMAND: POST /session/3c9b041fc044676a58cc73ba58d1a297/element - {"using":"xpath","value":"//button[@data-kt=\"addNewRUOverflowToolbarButton\"]"}
COMMAND: GET /session/3c9b041fc044676a58cc73ba58d1a297/screenshot - {}
RESULT: {"using":"xpath","value":"//button[@data-kt=\"addNewRUOverflowToolbarButton\"]"}
COMMAND: POST /session/3c9b041fc044676a58cc73ba58d1a297/elements - {"using":"xpath","value":"//button[@data-kt=\"addNewRUOverflowToolbarButton\"]"}
RESULT: {}
RESULT: {"using":"xpath","value":"//button[@data-kt=\"addNewRUOverflowToolbarButton\"]"}
COMMAND: POST /session/3c9b041fc044676a58cc73ba58d1a297/elements - {"using":"xpath","value":"//button[@data-kt=\"addNewRUOverflowToolbarButton\"]"}
RESULT: {"using":"xpath","value":"//button[@data-kt=\"addNewRUOverflowToolbarButton\"]"}
COMMAND: POST /session/3c9b041fc044676a58cc73ba58d1a297/elements - {"using":"xpath","value":"//button[@data-kt=\"addNewRUOverflowToolbarButton\"]"}
RESULT: {"using":"xpath","value":"//button[@data-kt=\"addNewRUOverflowToolbarButton\"]"}
COMMAND: POST /session/3c9b041fc044676a58cc73ba58d1a297/elements - {"using":"xpath","value":"//button[@data-kt=\"addNewRUOverflowToolbarButton\"]"}
RESULT: {"using":"xpath","value":"//button[@data-kt=\"addNewRUOverflowToolbarButton\"]"}
COMMAND: POST /session/3c9b041fc044676a58cc73ba58d1a297/elements - {"using":"xpath","value":"//button[@data-kt=\"addNewRUOverflowToolbarButton\"]"}
RESULT: {"using":"xpath","value":"//button[@data-kt=\"addNewRUOverflowToolbarButton\"]"}
COMMAND: POST /session/3c9b041fc044676a58cc73ba58d1a297/elements - {"using":"xpath","value":"//button[@data-kt=\"addNewRUOverflowToolbarButton\"]"}
RESULT: {"using":"xpath","value":"//button[@data-kt=\"addNewRUOverflowToolbarButton\"]"}
COMMAND: POST /session/3c9b041fc044676a58cc73ba58d1a297/elements - {"using":"xpath","value":"//button[@data-kt=\"addNewRUOverflowToolbarButton\"]"}
RESULT: {"using":"xpath","value":"//button[@data-kt=\"addNewRUOverflowToolbarButton\"]"}
COMMAND: POST /session/3c9b041fc044676a58cc73ba58d1a297/elements - {"using":"xpath","value":"//button[@data-kt=\"addNewRUOverflowToolbarButton\"]"}
RESULT: {"using":"xpath","value":"//button[@data-kt=\"addNewRUOverflowToolbarButton\"]"}
COMMAND: POST /session/3c9b041fc044676a58cc73ba58d1a297/elements - {"using":"xpath","value":"//button[@data-kt=\"addNewRUOverflowToolbarButton\"]"}
RESULT: {"using":"xpath","value":"//button[@data-kt=\"addNewRUOverflowToolbarButton\"]"}
COMMAND: POST /session/3c9b041fc044676a58cc73ba58d1a297/elements - {"using":"xpath","value":"//button[@data-kt=\"addNewRUOverflowToolbarButton\"]"}
RESULT: {"using":"xpath","value":"//button[@data-kt=\"addNewRUOverflowToolbarButton\"]"}
COMMAND: POST /session/3c9b041fc044676a58cc73ba58d1a297/elements - {"using":"xpath","value":"//button[@data-kt=\"addNewRUOverflowToolbarButton\"]"}
RESULT: {"using":"xpath","value":"//button[@data-kt=\"addNewRUOverflowToolbarButton\"]"}
COMMAND: POST /session/3c9b041fc044676a58cc73ba58d1a297/elements - {"using":"xpath","value":"//button[@data-kt=\"addNewRUOverflowToolbarButton\"]"}
RESULT: {"using":"xpath","value":"//button[@data-kt=\"addNewRUOverflowToolbarButton\"]"}
COMMAND: POST /session/3c9b041fc044676a58cc73ba58d1a297/elements - {"using":"xpath","value":"//button[@data-kt=\"addNewRUOverflowToolbarButton\"]"}
RESULT: {"using":"xpath","value":"//button[@data-kt=\"addNewRUOverflowToolbarButton\"]"}
COMMAND: POST /session/3c9b041fc044676a58cc73ba58d1a297/elements - {"using":"xpath","value":"//button[@data-kt=\"addNewRUOverflowToolbarButton\"]"}
RESULT: {"using":"xpath","value":"//button[@data-kt=\"addNewRUOverflowToolbarButton\"]"}
COMMAND: POST /session/3c9b041fc044676a58cc73ba58d1a297/elements - {"using":"xpath","value":"//button[@data-kt=\"addNewRUOverflowToolbarButton\"]"}
RESULT: {"using":"xpath","value":"//button[@data-kt=\"addNewRUOverflowToolbarButton\"]"}
COMMAND: POST /session/3c9b041fc044676a58cc73ba58d1a297/elements - {"using":"xpath","value":"//button[@data-kt=\"addNewRUOverflowToolbarButton\"]"}
RESULT: {"using":"xpath","value":"//button[@data-kt=\"addNewRUOverflowToolbarButton\"]"}
COMMAND: POST /session/3c9b041fc044676a58cc73ba58d1a297/elements - {"using":"xpath","value":"//button[@data-kt=\"addNewRUOverflowToolbarButton\"]"}
RESULT: {"using":"xpath","value":"//button[@data-kt=\"addNewRUOverflowToolbarButton\"]"}
COMMAND: POST /session/3c9b041fc044676a58cc73ba58d1a297/elements - {"using":"xpath","value":"//button[@data-kt=\"addNewRUOverflowToolbarButton\"]"}
RESULT: {"using":"xpath","value":"//button[@data-kt=\"addNewRUOverflowToolbarButton\"]"}
COMMAND: POST /session/3c9b041fc044676a58cc73ba58d1a297/elements - {"using":"xpath","value":"//button[@data-kt=\"addNewRUOverflowToolbarButton\"]"}
RESULT: {"using":"xpath","value":"//button[@data-kt=\"addNewRUOverflowToolbarButton\"]"}
COMMAND: POST /session/3c9b041fc044676a58cc73ba58d1a297/elements - {"using":"xpath","value":"//button[@data-kt=\"addNewRUOverflowToolbarButton\"]"}
RESULT: {"using":"xpath","value":"//button[@data-kt=\"addNewRUOverflowToolbarButton\"]"}
COMMAND: POST /session/3c9b041fc044676a58cc73ba58d1a297/elements - {"using":"xpath","value":"//button[@data-kt=\"addNewRUOverflowToolbarButton\"]"}
RESULT: {"using":"xpath","value":"//button[@data-kt=\"addNewRUOverflowToolbarButton\"]"}
COMMAND: POST /session/3c9b041fc044676a58cc73ba58d1a297/element - {"using":"xpath","value":"//button[@data-kt=\"addNewRUOverflowToolbarButton\"]"}
RESULT: {"using":"xpath","value":"//button[@data-kt=\"addNewRUOverflowToolbarButton\"]"}
COMMAND: POST /session/3c9b041fc044676a58cc73ba58d1a297/execute/sync - {"script":"<script> [8489 bytes]","args":[{"element-6066-11e4-a52e-4f735466cecf":"f.9E3361242BDECB3802103B61B67CD02C.d.18BB3B4798AC0F8BC0FEA3D4A05DEE1D.e.2366","ELEMENT":"f.9E3361242BDECB3802103B61B67CD02C.d.18BB3B4798AC0F8BC0FEA3D4A05DEE1D.e.2366"}]}
RESULT: {"script":"<script> [8489 bytes]","args":[{"element-6066-11e4-a52e-4f735466cecf":"f.9E3361242BDECB3802103B61B67CD02C.d.18BB3B4798AC0F8BC0FEA3D4A05DEE1D.e.2366","ELEMENT":"f.9E3361242BDECB3802103B61B67CD02C.d.18BB3B4798AC0F8BC0FEA3D4A05DEE1D.e.2366"}]}
COMMAND: GET /session/3c9b041fc044676a58cc73ba58d1a297/element/f.9E3361242BDECB3802103B61B67CD02C.d.18BB3B4798AC0F8BC0FEA3D4A05DEE1D.e.2366/enabled - {}
COMMAND: GET /session/3c9b041fc044676a58cc73ba58d1a297/screenshot - {}
RESULT: {}
COMMAND: POST /session/3c9b041fc044676a58cc73ba58d1a297/execute/sync - {"script":"<script> [8489 bytes]","args":[{"element-6066-11e4-a52e-4f735466cecf":"f.9E3361242BDECB3802103B61B67CD02C.d.18BB3B4798AC0F8BC0FEA3D4A05DEE1D.e.2366","ELEMENT":"f.9E3361242BDECB3802103B61B67CD02C.d.18BB3B4798AC0F8BC0FEA3D4A05DEE1D.e.2366"}]}
COMMAND: GET /session/3c9b041fc044676a58cc73ba58d1a297/screenshot - {}
RESULT: {}
RESULT: {"script":"<script> [8489 bytes]","args":[{"element-6066-11e4-a52e-4f735466cecf":"f.9E3361242BDECB3802103B61B67CD02C.d.18BB3B4798AC0F8BC0FEA3D4A05DEE1D.e.2366","ELEMENT":"f.9E3361242BDECB3802103B61B67CD02C.d.18BB3B4798AC0F8BC0FEA3D4A05DEE1D.e.2366"}]}
COMMAND: POST /session/3c9b041fc044676a58cc73ba58d1a297/execute/sync - {"script":"<script> [5351 bytes]","args":[{"element-6066-11e4-a52e-4f735466cecf":"f.9E3361242BDECB3802103B61B67CD02C.d.18BB3B4798AC0F8BC0FEA3D4A05DEE1D.e.2366","ELEMENT":"f.9E3361242BDECB3802103B61B67CD02C.d.18BB3B4798AC0F8BC0FEA3D4A05DEE1D.e.2366"}]}
COMMAND: GET /session/3c9b041fc044676a58cc73ba58d1a297/screenshot - {}
RESULT: {}
RESULT: {"script":"<script> [5351 bytes]","args":[{"element-6066-11e4-a52e-4f735466cecf":"f.9E3361242BDECB3802103B61B67CD02C.d.18BB3B4798AC0F8BC0FEA3D4A05DEE1D.e.2366","ELEMENT":"f.9E3361242BDECB3802103B61B67CD02C.d.18BB3B4798AC0F8BC0FEA3D4A05DEE1D.e.2366"}]}
COMMAND: POST /session/3c9b041fc044676a58cc73ba58d1a297/element/f.9E3361242BDECB3802103B61B67CD02C.d.18BB3B4798AC0F8BC0FEA3D4A05DEE1D.e.2366/click - {}
COMMAND: GET /session/3c9b041fc044676a58cc73ba58d1a297/screenshot - {}
RESULT: {}
RESULT: {}
COMMAND: GET /session/3c9b041fc044676a58cc73ba58d1a297/screenshot - {}
RESULT: {}
RESULT: {}
COMMAND: POST /session/3c9b041fc044676a58cc73ba58d1a297/execute/async - {"script":"<script> [1562 bytes]","args":[{"selector":{"id":"application-manageresources-display-component---newResourceUnit--TYPE-arrow"},"wdio_ui5_key":"applicationmanageresources-display-component---newResourceUnit--TYPE-arrow"}]}
RESULT: {"script":"<script> [1562 bytes]","args":[{"selector":{"id":"application-manageresources-display-component---newResourceUnit--TYPE-arrow"},"wdio_ui5_key":"applicationmanageresources-display-component---newResourceUnit--TYPE-arrow"}]}
RESULT: undefined
COMMAND: POST /session/3c9b041fc044676a58cc73ba58d1a297/element - {"using":"xpath","value":"//*[@id=\"application-manageresources-display-component---newResourceUnit--TYPE-arrow\"]"}
RESULT: {"using":"xpath","value":"//*[@id=\"application-manageresources-display-component---newResourceUnit--TYPE-arrow\"]"}
COMMAND: POST /session/3c9b041fc044676a58cc73ba58d1a297/element/f.9E3361242BDECB3802103B61B67CD02C.d.18BB3B4798AC0F8BC0FEA3D4A05DEE1D.e.2725/click - {}
RESULT: {}
COMMAND: POST /session/3c9b041fc044676a58cc73ba58d1a297/element - {"using":"xpath","value":"//input[@id=\"application-manageresources-display-component---newResourceUnit--TYPE-inner\"]"}
COMMAND: GET /session/3c9b041fc044676a58cc73ba58d1a297/screenshot - {}
RESULT: {"using":"xpath","value":"//input[@id=\"application-manageresources-display-component---newResourceUnit--TYPE-inner\"]"}
COMMAND: POST /session/3c9b041fc044676a58cc73ba58d1a297/element/f.9E3361242BDECB3802103B61B67CD02C.d.18BB3B4798AC0F8BC0FEA3D4A05DEE1D.e.2718/clear - {}
RESULT: {}
RESULT: {}
COMMAND: POST /session/3c9b041fc044676a58cc73ba58d1a297/element/f.9E3361242BDECB3802103B61B67CD02C.d.18BB3B4798AC0F8BC0FEA3D4A05DEE1D.e.2718/value - {"text":"Equipment"}
COMMAND: GET /session/3c9b041fc044676a58cc73ba58d1a297/screenshot - {}
RESULT: {"text":"Equipment"}
COMMAND: GET /session/3c9b041fc044676a58cc73ba58d1a297/screenshot - {}
RESULT: {}
RESULT: {}
COMMAND: POST /session/3c9b041fc044676a58cc73ba58d1a297/actions - {"actions":[{"id":"action8","type":"key","parameters":{},"actions":[{"type":"keyDown","value":"î€‡"},{"type":"pause","duration":10},{"type":"keyUp","value":"î€‡"}]}]}
RESULT: {"actions":[{"id":"action8","type":"key","parameters":{},"actions":[{"type":"keyDown","value":"î€‡"},{"type":"pause","duration":10},{"type":"keyUp","value":"î€‡"}]}]}
COMMAND: POST /session/3c9b041fc044676a58cc73ba58d1a297/execute/async - {"script":"<script> [1562 bytes]","args":[{"selector":{"id":"application-manageresources-display-component---newResourceUnit--resourceId","interaction":{"idSuffix":"inner"}},"wdio_ui5_key":"applicationmanageresources-display-component---newResourceUnit--resourceId"}]}
COMMAND: GET /session/3c9b041fc044676a58cc73ba58d1a297/screenshot - {}
RESULT: {"script":"<script> [1562 bytes]","args":[{"selector":{"id":"application-manageresources-display-component---newResourceUnit--resourceId","interaction":{"idSuffix":"inner"}},"wdio_ui5_key":"applicationmanageresources-display-component---newResourceUnit--resourceId"}]}
RESULT: undefined
COMMAND: POST /session/3c9b041fc044676a58cc73ba58d1a297/execute/async - {"script":"<script> [776 bytes]","args":[{"enterText":"A2EzGYWODr","selector":{"id":"application-manageresources-display-component---newResourceUnit--resourceId","interaction":{"idSuffix":"inner"}},"clearTextFirst":true,"interactionType":"ENTER_TEXT"}]}
RESULT: {}
RESULT: {"script":"<script> [776 bytes]","args":[{"enterText":"A2EzGYWODr","selector":{"id":"application-manageresources-display-component---newResourceUnit--resourceId","interaction":{"idSuffix":"inner"}},"clearTextFirst":true,"interactionType":"ENTER_TEXT"}]}
COMMAND: POST /session/3c9b041fc044676a58cc73ba58d1a297/execute/async - {"script":"<script> [1562 bytes]","args":[{"selector":{"id":"application-manageresources-display-component---newResourceUnit--SHORT_TEXT","interaction":{"idSuffix":"inner"}},"wdio_ui5_key":"applicationmanageresources-display-component---newResourceUnit--SHORT_TEXT"}]}
RESULT: {"script":"<script> [1562 bytes]","args":[{"selector":{"id":"application-manageresources-display-component---newResourceUnit--SHORT_TEXT","interaction":{"idSuffix":"inner"}},"wdio_ui5_key":"applicationmanageresources-display-component---newResourceUnit--SHORT_TEXT"}]}
RESULT: undefined
COMMAND: POST /session/3c9b041fc044676a58cc73ba58d1a297/execute/async - {"script":"<script> [776 bytes]","args":[{"enterText":"Intercompany Equipment WDIO","selector":{"id":"application-manageresources-display-component---newResourceUnit--SHORT_TEXT","interaction":{"idSuffix":"inner"}},"clearTextFirst":true,"interactionType":"ENTER_TEXT"}]}
RESULT: {"script":"<script> [776 bytes]","args":[{"enterText":"Intercompany Equipment WDIO","selector":{"id":"application-manageresources-display-component---newResourceUnit--SHORT_TEXT","interaction":{"idSuffix":"inner"}},"clearTextFirst":true,"interactionType":"ENTER_TEXT"}]}
COMMAND: POST /session/3c9b041fc044676a58cc73ba58d1a297/execute/async - {"script":"<script> [1562 bytes]","args":[{"selector":{"id":"application-manageresources-display-component---newResourceUnit--BASE_UNIT_OF_MEASURE","interaction":{"idSuffix":"inner"}},"wdio_ui5_key":"applicationmanageresources-display-component---newResourceUnit--BASE_UNIT_OF_MEASURE"}]}
RESULT: {"script":"<script> [1562 bytes]","args":[{"selector":{"id":"application-manageresources-display-component---newResourceUnit--BASE_UNIT_OF_MEASURE","interaction":{"idSuffix":"inner"}},"wdio_ui5_key":"applicationmanageresources-display-component---newResourceUnit--BASE_UNIT_OF_MEASURE"}]}
RESULT: undefined
COMMAND: POST /session/3c9b041fc044676a58cc73ba58d1a297/execute/async - {"script":"<script> [776 bytes]","args":[{"enterText":"Piece","selector":{"id":"application-manageresources-display-component---newResourceUnit--BASE_UNIT_OF_MEASURE","interaction":{"idSuffix":"inner"}},"clearTextFirst":true,"interactionType":"ENTER_TEXT"}]}
RESULT: {"script":"<script> [776 bytes]","args":[{"enterText":"Piece","selector":{"id":"application-manageresources-display-component---newResourceUnit--BASE_UNIT_OF_MEASURE","interaction":{"idSuffix":"inner"}},"clearTextFirst":true,"interactionType":"ENTER_TEXT"}]}
COMMAND: POST /session/3c9b041fc044676a58cc73ba58d1a297/execute/async - {"script":"<script> [1562 bytes]","args":[{"selector":{"id":"application-manageresources-display-component---newResourceUnit--WEIGHT_UNIT","interaction":{"idSuffix":"inner"}},"wdio_ui5_key":"applicationmanageresources-display-component---newResourceUnit--WEIGHT_UNIT"}]}
RESULT: {"script":"<script> [1562 bytes]","args":[{"selector":{"id":"application-manageresources-display-component---newResourceUnit--WEIGHT_UNIT","interaction":{"idSuffix":"inner"}},"wdio_ui5_key":"applicationmanageresources-display-component---newResourceUnit--WEIGHT_UNIT"}]}
RESULT: undefined
COMMAND: POST /session/3c9b041fc044676a58cc73ba58d1a297/execute/async - {"script":"<script> [776 bytes]","args":[{"enterText":"Gram","selector":{"id":"application-manageresources-display-component---newResourceUnit--WEIGHT_UNIT","interaction":{"idSuffix":"inner"}},"clearTextFirst":true,"interactionType":"ENTER_TEXT"}]}
RESULT: {"script":"<script> [776 bytes]","args":[{"enterText":"Gram","selector":{"id":"application-manageresources-display-component---newResourceUnit--WEIGHT_UNIT","interaction":{"idSuffix":"inner"}},"clearTextFirst":true,"interactionType":"ENTER_TEXT"}]}
COMMAND: POST /session/3c9b041fc044676a58cc73ba58d1a297/execute/async - {"script":"<script> [1562 bytes]","args":[{"selector":{"id":"application-manageresources-display-component---newResourceUnit--DIMENSION_UNIT","interaction":{"idSuffix":"inner"}},"wdio_ui5_key":"applicationmanageresources-display-component---newResourceUnit--DIMENSION_UNIT"}]}
RESULT: {"script":"<script> [1562 bytes]","args":[{"selector":{"id":"application-manageresources-display-component---newResourceUnit--DIMENSION_UNIT","interaction":{"idSuffix":"inner"}},"wdio_ui5_key":"applicationmanageresources-display-component---newResourceUnit--DIMENSION_UNIT"}]}
RESULT: undefined
COMMAND: POST /session/3c9b041fc044676a58cc73ba58d1a297/execute/async - {"script":"<script> [776 bytes]","args":[{"enterText":"Meter","selector":{"id":"application-manageresources-display-component---newResourceUnit--DIMENSION_UNIT","interaction":{"idSuffix":"inner"}},"clearTextFirst":true,"interactionType":"ENTER_TEXT"}]}
RESULT: {"script":"<script> [776 bytes]","args":[{"enterText":"Meter","selector":{"id":"application-manageresources-display-component---newResourceUnit--DIMENSION_UNIT","interaction":{"idSuffix":"inner"}},"clearTextFirst":true,"interactionType":"ENTER_TEXT"}]}
COMMAND: POST /session/3c9b041fc044676a58cc73ba58d1a297/execute/async - {"script":"<script> [1562 bytes]","args":[{"selector":{"id":"application-manageresources-display-component---newResourceUnit--newRRUPage-anchBar-application-manageresources-display-component---newResourceUnit--control-anchor","interaction":{"idSuffix":"BDI-content"}},"wdio_ui5_key":"applicationmanageresources-display-component---newResourceUnit--newRRUPage-anchBar-application-manageresources-display-component---newResourceUnit--control-anchor"}]}
RESULT: {"script":"<script> [1562 bytes]","args":[{"selector":{"id":"application-manageresources-display-component---newResourceUnit--newRRUPage-anchBar-application-manageresources-display-component---newResourceUnit--control-anchor","interaction":{"idSuffix":"BDI-content"}},"wdio_ui5_key":"applicationmanageresources-display-component---newResourceUnit--newRRUPage-anchBar-application-manageresources-display-component---newResourceUnit--control-anchor"}]}
RESULT: undefined
COMMAND: POST /session/3c9b041fc044676a58cc73ba58d1a297/element - {"using":"xpath","value":"//*[@id=\"application-manageresources-display-component---newResourceUnit--newRRUPage-anchBar-application-manageresources-display-component---newResourceUnit--control-anchor\"]"}
RESULT: {"using":"xpath","value":"//*[@id=\"application-manageresources-display-component---newResourceUnit--newRRUPage-anchBar-application-manageresources-display-component---newResourceUnit--control-anchor\"]"}
COMMAND: POST /session/3c9b041fc044676a58cc73ba58d1a297/element/f.9E3361242BDECB3802103B61B67CD02C.d.18BB3B4798AC0F8BC0FEA3D4A05DEE1D.e.2855/click - {}
RESULT: {}
COMMAND: POST /session/3c9b041fc044676a58cc73ba58d1a297/execute/async - {"script":"<script> [1562 bytes]","args":[{"selector":{"id":"application-manageresources-display-component---newResourceUnit--PLANNING_GROUP","interaction":{"idSuffix":"inner"}},"wdio_ui5_key":"applicationmanageresources-display-component---newResourceUnit--PLANNING_GROUP"}]}
COMMAND: GET /session/3c9b041fc044676a58cc73ba58d1a297/screenshot - {}
RESULT: {"script":"<script> [1562 bytes]","args":[{"selector":{"id":"application-manageresources-display-component---newResourceUnit--PLANNING_GROUP","interaction":{"idSuffix":"inner"}},"wdio_ui5_key":"applicationmanageresources-display-component---newResourceUnit--PLANNING_GROUP"}]}
RESULT: undefined
COMMAND: POST /session/3c9b041fc044676a58cc73ba58d1a297/execute/async - {"script":"<script> [776 bytes]","args":[{"enterText":"Heavy Equi","selector":{"id":"application-manageresources-display-component---newResourceUnit--PLANNING_GROUP","interaction":{"idSuffix":"inner"}},"clearTextFirst":true,"interactionType":"ENTER_TEXT"}]}
RESULT: {}
RESULT: {"script":"<script> [776 bytes]","args":[{"enterText":"Heavy Equi","selector":{"id":"application-manageresources-display-component---newResourceUnit--PLANNING_GROUP","interaction":{"idSuffix":"inner"}},"clearTextFirst":true,"interactionType":"ENTER_TEXT"}]}
COMMAND: POST /session/3c9b041fc044676a58cc73ba58d1a297/execute/async - {"script":"<script> [1562 bytes]","args":[{"selector":{"id":"application-manageresources-display-component---newResourceUnit--ITEM_TYPE-arrow"},"wdio_ui5_key":"applicationmanageresources-display-component---newResourceUnit--ITEM_TYPE-arrow"}]}
RESULT: {"script":"<script> [1562 bytes]","args":[{"selector":{"id":"application-manageresources-display-component---newResourceUnit--ITEM_TYPE-arrow"},"wdio_ui5_key":"applicationmanageresources-display-component---newResourceUnit--ITEM_TYPE-arrow"}]}
RESULT: undefined
COMMAND: POST /session/3c9b041fc044676a58cc73ba58d1a297/element - {"using":"xpath","value":"//*[@id=\"application-manageresources-display-component---newResourceUnit--ITEM_TYPE-arrow\"]"}
RESULT: {"using":"xpath","value":"//*[@id=\"application-manageresources-display-component---newResourceUnit--ITEM_TYPE-arrow\"]"}
COMMAND: POST /session/3c9b041fc044676a58cc73ba58d1a297/element/f.9E3361242BDECB3802103B61B67CD02C.d.18BB3B4798AC0F8BC0FEA3D4A05DEE1D.e.2864/click - {}
RESULT: {}
COMMAND: POST /session/3c9b041fc044676a58cc73ba58d1a297/element - {"using":"xpath","value":"(//span[contains(text(), \"Resource Unit\")])[2]"}
COMMAND: GET /session/3c9b041fc044676a58cc73ba58d1a297/screenshot - {}
RESULT: {"using":"xpath","value":"(//span[contains(text(), \"Resource Unit\")])[2]"}
COMMAND: POST /session/3c9b041fc044676a58cc73ba58d1a297/element/f.9E3361242BDECB3802103B61B67CD02C.d.18BB3B4798AC0F8BC0FEA3D4A05DEE1D.e.2865/click - {}
RESULT: {}
RESULT: {}
COMMAND: GET /session/3c9b041fc044676a58cc73ba58d1a297/screenshot - {}
RESULT: {}
COMMAND: POST /session/3c9b041fc044676a58cc73ba58d1a297/element - {"using":"css selector","value":"#application-manageresources-display-component---newResourceUnit--btnAddTimeSegment"}
RESULT: {"using":"css selector","value":"#application-manageresources-display-component---newResourceUnit--btnAddTimeSegment"}
COMMAND: GET /session/3c9b041fc044676a58cc73ba58d1a297/element/f.9E3361242BDECB3802103B61B67CD02C.d.18BB3B4798AC0F8BC0FEA3D4A05DEE1D.e.2866/rect - {}
RESULT: {}
COMMAND: GET /session/3c9b041fc044676a58cc73ba58d1a297/window/rect - {}
RESULT: {}
COMMAND: POST /session/3c9b041fc044676a58cc73ba58d1a297/execute/sync - {"script":"<script> [92 bytes]","args":[]}
RESULT: {"script":"<script> [92 bytes]","args":[]}
COMMAND: POST /session/3c9b041fc044676a58cc73ba58d1a297/actions - {"actions":[{"id":"action9","type":"wheel","parameters":{},"actions":[{"type":"scroll","x":-1888,"y":-32,"deltaX":0,"deltaY":0,"duration":0,"origin":{"element-6066-11e4-a52e-4f735466cecf":"f.9E3361242BDECB3802103B61B67CD02C.d.18BB3B4798AC0F8BC0FEA3D4A05DEE1D.e.2866"}}]}]}
COMMAND: GET /session/3c9b041fc044676a58cc73ba58d1a297/screenshot - {}
RESULT: {}
COMMAND: POST /session/3c9b041fc044676a58cc73ba58d1a297/execute/sync - {"script":"<script> [79 bytes]","args":[{"element-6066-11e4-a52e-4f735466cecf":"f.9E3361242BDECB3802103B61B67CD02C.d.18BB3B4798AC0F8BC0FEA3D4A05DEE1D.e.2866","ELEMENT":"f.9E3361242BDECB3802103B61B67CD02C.d.18BB3B4798AC0F8BC0FEA3D4A05DEE1D.e.2866"},{"block":"start","inline":"nearest"}]}
RESULT: {"script":"<script> [79 bytes]","args":[{"element-6066-11e4-a52e-4f735466cecf":"f.9E3361242BDECB3802103B61B67CD02C.d.18BB3B4798AC0F8BC0FEA3D4A05DEE1D.e.2866","ELEMENT":"f.9E3361242BDECB3802103B61B67CD02C.d.18BB3B4798AC0F8BC0FEA3D4A05DEE1D.e.2866"},{"block":"start","inline":"nearest"}]}
COMMAND: POST /session/3c9b041fc044676a58cc73ba58d1a297/execute/async - {"script":"<script> [1562 bytes]","args":[{"selector":{"id":"application-manageresources-display-component---newResourceUnit--btnAddTimeSegment","interaction":{"idSuffix":"inner"}},"wdio_ui5_key":"applicationmanageresources-display-component---newResourceUnit--btnAddTimeSegment"}]}
COMMAND: GET /session/3c9b041fc044676a58cc73ba58d1a297/screenshot - {}
RESULT: {"script":"<script> [1562 bytes]","args":[{"selector":{"id":"application-manageresources-display-component---newResourceUnit--btnAddTimeSegment","interaction":{"idSuffix":"inner"}},"wdio_ui5_key":"applicationmanageresources-display-component---newResourceUnit--btnAddTimeSegment"}]}
RESULT: undefined
COMMAND: POST /session/3c9b041fc044676a58cc73ba58d1a297/element - {"using":"xpath","value":"//*[@id=\"application-manageresources-display-component---newResourceUnit--btnAddTimeSegment\"]"}
RESULT: {}
RESULT: {"using":"xpath","value":"//*[@id=\"application-manageresources-display-component---newResourceUnit--btnAddTimeSegment\"]"}
COMMAND: POST /session/3c9b041fc044676a58cc73ba58d1a297/element/f.9E3361242BDECB3802103B61B67CD02C.d.18BB3B4798AC0F8BC0FEA3D4A05DEE1D.e.2866/click - {}
RESULT: {}
COMMAND: GET /session/3c9b041fc044676a58cc73ba58d1a297/screenshot - {}
RESULT: {}
COMMAND: POST /session/3c9b041fc044676a58cc73ba58d1a297/element - {"using":"xpath","value":"//input[@id=\"application-manageresources-display-component---newResourceUnit--idRuTSAdmin-application-manageresources-display-component---newResourceUnit--RUTimeSegment-0-inner\"]"}
RESULT: {"using":"xpath","value":"//input[@id=\"application-manageresources-display-component---newResourceUnit--idRuTSAdmin-application-manageresources-display-component---newResourceUnit--RUTimeSegment-0-inner\"]"}
COMMAND: POST /session/3c9b041fc044676a58cc73ba58d1a297/element/f.9E3361242BDECB3802103B61B67CD02C.d.18BB3B4798AC0F8BC0FEA3D4A05DEE1D.e.2872/clear - {}
RESULT: {}
COMMAND: POST /session/3c9b041fc044676a58cc73ba58d1a297/element/f.9E3361242BDECB3802103B61B67CD02C.d.18BB3B4798AC0F8BC0FEA3D4A05DEE1D.e.2872/value - {"text":"186"}
COMMAND: GET /session/3c9b041fc044676a58cc73ba58d1a297/screenshot - {}
RESULT: {"text":"186"}
COMMAND: GET /session/3c9b041fc044676a58cc73ba58d1a297/screenshot - {}
RESULT: {}
RESULT: {}
COMMAND: POST /session/3c9b041fc044676a58cc73ba58d1a297/element - {"using":"xpath","value":"//li[.//span[text()='186']]"}
RESULT: {"using":"xpath","value":"//li[.//span[text()='186']]"}
COMMAND: POST /session/3c9b041fc044676a58cc73ba58d1a297/element/f.9E3361242BDECB3802103B61B67CD02C.d.18BB3B4798AC0F8BC0FEA3D4A05DEE1D.e.2884/click - {}
RESULT: {}
COMMAND: GET /session/3c9b041fc044676a58cc73ba58d1a297/screenshot - {}
RESULT: {}
COMMAND: POST /session/3c9b041fc044676a58cc73ba58d1a297/element - {"using":"xpath","value":"(//span[contains(@id, \"-application-manageresources-display-component---newResourceUnit--RUTimeSegment-0-arrow\")])[6]"}
RESULT: {"using":"xpath","value":"(//span[contains(@id, \"-application-manageresources-display-component---newResourceUnit--RUTimeSegment-0-arrow\")])[6]"}
COMMAND: POST /session/3c9b041fc044676a58cc73ba58d1a297/element/f.9E3361242BDECB3802103B61B67CD02C.d.18BB3B4798AC0F8BC0FEA3D4A05DEE1D.e.2885/click - {}
RESULT: {}
COMMAND: GET /session/3c9b041fc044676a58cc73ba58d1a297/screenshot - {}
RESULT: {}
COMMAND: POST /session/3c9b041fc044676a58cc73ba58d1a297/element - {"using":"xpath","value":"//span[contains(text(), \"PM Order\")]"}
RESULT: {"using":"xpath","value":"//span[contains(text(), \"PM Order\")]"}
COMMAND: POST /session/3c9b041fc044676a58cc73ba58d1a297/element/f.9E3361242BDECB3802103B61B67CD02C.d.18BB3B4798AC0F8BC0FEA3D4A05DEE1D.e.2888/click - {}
RESULT: {}
COMMAND: GET /session/3c9b041fc044676a58cc73ba58d1a297/screenshot - {}
RESULT: {}
COMMAND: POST /session/3c9b041fc044676a58cc73ba58d1a297/element - {"using":"xpath","value":"(//span[contains(@id ,\"manageresources-display-component---newResourceUnit--RUTimeSegment-0-vhi\")])[1]"}
RESULT: {"using":"xpath","value":"(//span[contains(@id ,\"manageresources-display-component---newResourceUnit--RUTimeSegment-0-vhi\")])[1]"}
COMMAND: GET /session/3c9b041fc044676a58cc73ba58d1a297/element/f.9E3361242BDECB3802103B61B67CD02C.d.18BB3B4798AC0F8BC0FEA3D4A05DEE1D.e.2892/rect - {}
RESULT: {}
COMMAND: GET /session/3c9b041fc044676a58cc73ba58d1a297/window/rect - {}
RESULT: {}
COMMAND: POST /session/3c9b041fc044676a58cc73ba58d1a297/execute/sync - {"script":"<script> [92 bytes]","args":[]}
RESULT: {"script":"<script> [92 bytes]","args":[]}
COMMAND: POST /session/3c9b041fc044676a58cc73ba58d1a297/actions - {"actions":[{"id":"action10","type":"wheel","parameters":{},"actions":[{"type":"scroll","x":-869,"y":-24,"deltaX":0,"deltaY":0,"duration":0,"origin":{"element-6066-11e4-a52e-4f735466cecf":"f.9E3361242BDECB3802103B61B67CD02C.d.18BB3B4798AC0F8BC0FEA3D4A05DEE1D.e.2892"}}]}]}
COMMAND: GET /session/3c9b041fc044676a58cc73ba58d1a297/screenshot - {}
RESULT: {"actions":[{"id":"action10","type":"wheel","parameters":{},"actions":[{"type":"scroll","x":-869,"y":-24,"deltaX":0,"deltaY":0,"duration":0,"origin":{"element-6066-11e4-a52e-4f735466cecf":"f.9E3361242BDECB3802103B61B67CD02C.d.18BB3B4798AC0F8BC0FEA3D4A05DEE1D.e.2892"}}]}]}
COMMAND: DELETE /session/3c9b041fc044676a58cc73ba58d1a297/actions - {}
COMMAND: GET /session/3c9b041fc044676a58cc73ba58d1a297/screenshot - {}
RESULT: {}
RESULT: {}
COMMAND: GET /session/3c9b041fc044676a58cc73ba58d1a297/screenshot - {}
RESULT: {}
RESULT: {}
COMMAND: POST /session/3c9b041fc044676a58cc73ba58d1a297/element/f.9E3361242BDECB3802103B61B67CD02C.d.18BB3B4798AC0F8BC0FEA3D4A05DEE1D.e.2892/click - {}
RESULT: {}
COMMAND: GET /session/3c9b041fc044676a58cc73ba58d1a297/screenshot - {}
RESULT: {}
RESULT: undefined
COMMAND: POST /session/3c9b041fc044676a58cc73ba58d1a297/execute/async - {"script":"<script> [776 bytes]","args":[{"enterText":"4000360","selector":{"controlType":"sap.m.SearchField","properties":{"placeholder":"Search"},"searchOpenDialogs":true,"interaction":{"idSuffix":"I"}},"clearTextFirst":true,"interactionType":"ENTER_TEXT"}]}
RESULT: {"script":"<script> [776 bytes]","args":[{"enterText":"4000360","selector":{"controlType":"sap.m.SearchField","properties":{"placeholder":"Search"},"searchOpenDialogs":true,"interaction":{"idSuffix":"I"}},"clearTextFirst":true,"interactionType":"ENTER_TEXT"}]}
COMMAND: POST /session/3c9b041fc044676a58cc73ba58d1a297/actions - {"actions":[{"id":"action11","type":"key","parameters":{},"actions":[{"type":"keyDown","value":"î€‡"},{"type":"pause","duration":10},{"type":"keyUp","value":"î€‡"}]}]}
RESULT: {"actions":[{"id":"action11","type":"key","parameters":{},"actions":[{"type":"keyDown","value":"î€‡"},{"type":"pause","duration":10},{"type":"keyUp","value":"î€‡"}]}]}
COMMAND: GET /session/3c9b041fc044676a58cc73ba58d1a297/screenshot - {}
RESULT: {}
COMMAND: POST /session/3c9b041fc044676a58cc73ba58d1a297/element - {"using":"xpath","value":"//td/div/span[contains(text(), \"BGL Vehicles\")]"}
RESULT: {"using":"xpath","value":"//td/div/span[contains(text(), \"BGL Vehicles\")]"}
COMMAND: POST /session/3c9b041fc044676a58cc73ba58d1a297/element/f.9E3361242BDECB3802103B61B67CD02C.d.18BB3B4798AC0F8BC0FEA3D4A05DEE1D.e.2911/click - {}
RESULT: {}
COMMAND: GET /session/3c9b041fc044676a58cc73ba58d1a297/screenshot - {}
RESULT: {}
COMMAND: POST /session/3c9b041fc044676a58cc73ba58d1a297/element - {"using":"xpath","value":"//bdi[contains(text(), \"OK\")]"}
RESULT: {"using":"xpath","value":"//bdi[contains(text(), \"OK\")]"}
COMMAND: POST /session/3c9b041fc044676a58cc73ba58d1a297/element/f.9E3361242BDECB3802103B61B67CD02C.d.18BB3B4798AC0F8BC0FEA3D4A05DEE1D.e.2912/click - {}
RESULT: {}
COMMAND: GET /session/3c9b041fc044676a58cc73ba58d1a297/screenshot - {}
RESULT: {}
COMMAND: POST /session/3c9b041fc044676a58cc73ba58d1a297/execute/async - {"script":"<script> [1562 bytes]","args":[{"selector":{"id":"application-manageresources-display-component---newResourceUnit--newRRUPage-anchBar-application-manageresources-display-component---newResourceUnit--resource-anchor","interaction":{"idSuffix":"BDI-content"}},"wdio_ui5_key":"applicationmanageresources-display-component---newResourceUnit--newRRUPage-anchBar-application-manageresources-display-component---newResourceUnit--resource-anchor"}]}
RESULT: {"script":"<script> [1562 bytes]","args":[{"selector":{"id":"application-manageresources-display-component---newResourceUnit--newRRUPage-anchBar-application-manageresources-display-component---newResourceUnit--resource-anchor","interaction":{"idSuffix":"BDI-content"}},"wdio_ui5_key":"applicationmanageresources-display-component---newResourceUnit--newRRUPage-anchBar-application-manageresources-display-component---newResourceUnit--resource-anchor"}]}
RESULT: undefined
COMMAND: POST /session/3c9b041fc044676a58cc73ba58d1a297/element - {"using":"xpath","value":"//*[@id=\"application-manageresources-display-component---newResourceUnit--newRRUPage-anchBar-application-manageresources-display-component---newResourceUnit--resource-anchor\"]"}
RESULT: {"using":"xpath","value":"//*[@id=\"application-manageresources-display-component---newResourceUnit--newRRUPage-anchBar-application-manageresources-display-component---newResourceUnit--resource-anchor\"]"}
COMMAND: POST /session/3c9b041fc044676a58cc73ba58d1a297/element/f.9E3361242BDECB3802103B61B67CD02C.d.18BB3B4798AC0F8BC0FEA3D4A05DEE1D.e.2916/click - {}
RESULT: {}
COMMAND: POST /session/3c9b041fc044676a58cc73ba58d1a297/execute/async - {"script":"<script> [1562 bytes]","args":[{"selector":{"id":"application-manageresources-display-component---newResourceUnit--PLANNED_DELIVERY_DATE","interaction":{"idSuffix":"inner"}},"wdio_ui5_key":"applicationmanageresources-display-component---newResourceUnit--PLANNED_DELIVERY_DATE"}]}
COMMAND: GET /session/3c9b041fc044676a58cc73ba58d1a297/screenshot - {}
RESULT: {"script":"<script> [1562 bytes]","args":[{"selector":{"id":"application-manageresources-display-component---newResourceUnit--PLANNED_DELIVERY_DATE","interaction":{"idSuffix":"inner"}},"wdio_ui5_key":"applicationmanageresources-display-component---newResourceUnit--PLANNED_DELIVERY_DATE"}]}
RESULT: undefined
COMMAND: POST /session/3c9b041fc044676a58cc73ba58d1a297/execute/async - {"script":"<script> [6424 bytes]","args":[{"element-6066-11e4-a52e-4f735466cecf":"f.9E3361242BDECB3802103B61B67CD02C.d.18BB3B4798AC0F8BC0FEA3D4A05DEE1D.e.2780"},"setValue",["5/13/25"]]}
RESULT: {}
RESULT: {"script":"<script> [6424 bytes]","args":[{"element-6066-11e4-a52e-4f735466cecf":"f.9E3361242BDECB3802103B61B67CD02C.d.18BB3B4798AC0F8BC0FEA3D4A05DEE1D.e.2780"},"setValue",["5/13/25"]]}
COMMAND: POST /session/3c9b041fc044676a58cc73ba58d1a297/element - {"using":"xpath","value":"//label[contains(@class, 'sapMLabelRequired') and .//bdi[contains(text(), 'Planned Retirement')]]"}
RESULT: {"using":"xpath","value":"//label[contains(@class, 'sapMLabelRequired') and .//bdi[contains(text(), 'Planned Retirement')]]"}
COMMAND: POST /session/3c9b041fc044676a58cc73ba58d1a297/elements - {"using":"xpath","value":"//label[contains(@class, 'sapMLabelRequired') and .//bdi[contains(text(), 'Planned Retirement')]]"}
RESULT: {"using":"xpath","value":"//label[contains(@class, 'sapMLabelRequired') and .//bdi[contains(text(), 'Planned Retirement')]]"}
COMMAND: POST /session/3c9b041fc044676a58cc73ba58d1a297/element - {"using":"xpath","value":"//button[@data-kt=\"resourceUnitSaveButton\"]"}
RESULT: {"using":"xpath","value":"//button[@data-kt=\"resourceUnitSaveButton\"]"}
COMMAND: POST /session/3c9b041fc044676a58cc73ba58d1a297/element/f.9E3361242BDECB3802103B61B67CD02C.d.18BB3B4798AC0F8BC0FEA3D4A05DEE1D.e.2741/click - {}
RESULT: {}
COMMAND: GET /session/3c9b041fc044676a58cc73ba58d1a297/screenshot - {}
RESULT: {}
COMMAND: POST /session/3c9b041fc044676a58cc73ba58d1a297/element - {"using":"xpath","value":"//bdi[contains(text(), \"Close\")]"}
RESULT: {"using":"xpath","value":"//bdi[contains(text(), \"Close\")]"}
COMMAND: POST /session/3c9b041fc044676a58cc73ba58d1a297/element/f.9E3361242BDECB3802103B61B67CD02C.d.18BB3B4798AC0F8BC0FEA3D4A05DEE1D.e.2924/click - {}
RESULT: {}
COMMAND: GET /session/3c9b041fc044676a58cc73ba58d1a297/screenshot - {}
RESULT: {}
COMMAND: POST /session/3c9b041fc044676a58cc73ba58d1a297/element - {"using":"xpath","value":"(//button[contains(@id ,\"actionsToolbar-overflowButton\")])[1]"}
RESULT: {"using":"xpath","value":"(//button[contains(@id ,\"actionsToolbar-overflowButton\")])[1]"}
COMMAND: POST /session/3c9b041fc044676a58cc73ba58d1a297/element/f.9E3361242BDECB3802103B61B67CD02C.d.18BB3B4798AC0F8BC0FEA3D4A05DEE1D.e.2955/click - {}
RESULT: {}
COMMAND: GET /session/3c9b041fc044676a58cc73ba58d1a297/screenshot - {}
RESULT: {}
COMMAND: POST /session/3c9b041fc044676a58cc73ba58d1a297/element - {"using":"xpath","value":"//button[@data-kt=\"priceInfoButton\"]"}
RESULT: {"using":"xpath","value":"//button[@data-kt=\"priceInfoButton\"]"}
COMMAND: POST /session/3c9b041fc044676a58cc73ba58d1a297/element/f.9E3361242BDECB3802103B61B67CD02C.d.18BB3B4798AC0F8BC0FEA3D4A05DEE1D.e.2957/click - {}
RESULT: {}
COMMAND: GET /session/3c9b041fc044676a58cc73ba58d1a297/screenshot - {}
RESULT: {}
]]></system-out>
    </testcase>
    <testcase classname="chrome.136_0_7103_49.windows.Billing_confirm_US117289" name="Should create new pricing rule" time="51.873">
      <system-out><![CDATA[
COMMAND: POST /session/3c9b041fc044676a58cc73ba58d1a297/element - {"using":"xpath","value":"//button[@data-kt=\"addButton\"]"}
RESULT: {"using":"xpath","value":"//button[@data-kt=\"addButton\"]"}
COMMAND: POST /session/3c9b041fc044676a58cc73ba58d1a297/elements - {"using":"xpath","value":"//button[@data-kt=\"addButton\"]"}
RESULT: {"using":"xpath","value":"//button[@data-kt=\"addButton\"]"}
COMMAND: POST /session/3c9b041fc044676a58cc73ba58d1a297/elements - {"using":"xpath","value":"//button[@data-kt=\"addButton\"]"}
RESULT: {"using":"xpath","value":"//button[@data-kt=\"addButton\"]"}
COMMAND: POST /session/3c9b041fc044676a58cc73ba58d1a297/element - {"using":"xpath","value":"//button[@data-kt=\"addButton\"]"}
RESULT: {"using":"xpath","value":"//button[@data-kt=\"addButton\"]"}
COMMAND: POST /session/3c9b041fc044676a58cc73ba58d1a297/execute/sync - {"script":"<script> [8489 bytes]","args":[{"element-6066-11e4-a52e-4f735466cecf":"f.9E3361242BDECB3802103B61B67CD02C.d.18BB3B4798AC0F8BC0FEA3D4A05DEE1D.e.2993","ELEMENT":"f.9E3361242BDECB3802103B61B67CD02C.d.18BB3B4798AC0F8BC0FEA3D4A05DEE1D.e.2993"}]}
RESULT: {"script":"<script> [8489 bytes]","args":[{"element-6066-11e4-a52e-4f735466cecf":"f.9E3361242BDECB3802103B61B67CD02C.d.18BB3B4798AC0F8BC0FEA3D4A05DEE1D.e.2993","ELEMENT":"f.9E3361242BDECB3802103B61B67CD02C.d.18BB3B4798AC0F8BC0FEA3D4A05DEE1D.e.2993"}]}
COMMAND: GET /session/3c9b041fc044676a58cc73ba58d1a297/element/f.9E3361242BDECB3802103B61B67CD02C.d.18BB3B4798AC0F8BC0FEA3D4A05DEE1D.e.2993/enabled - {}
COMMAND: GET /session/3c9b041fc044676a58cc73ba58d1a297/screenshot - {}
RESULT: {}
COMMAND: POST /session/3c9b041fc044676a58cc73ba58d1a297/execute/sync - {"script":"<script> [8489 bytes]","args":[{"element-6066-11e4-a52e-4f735466cecf":"f.9E3361242BDECB3802103B61B67CD02C.d.18BB3B4798AC0F8BC0FEA3D4A05DEE1D.e.2993","ELEMENT":"f.9E3361242BDECB3802103B61B67CD02C.d.18BB3B4798AC0F8BC0FEA3D4A05DEE1D.e.2993"}]}
COMMAND: GET /session/3c9b041fc044676a58cc73ba58d1a297/screenshot - {}
RESULT: {}
RESULT: {"script":"<script> [8489 bytes]","args":[{"element-6066-11e4-a52e-4f735466cecf":"f.9E3361242BDECB3802103B61B67CD02C.d.18BB3B4798AC0F8BC0FEA3D4A05DEE1D.e.2993","ELEMENT":"f.9E3361242BDECB3802103B61B67CD02C.d.18BB3B4798AC0F8BC0FEA3D4A05DEE1D.e.2993"}]}
COMMAND: POST /session/3c9b041fc044676a58cc73ba58d1a297/execute/sync - {"script":"<script> [5351 bytes]","args":[{"element-6066-11e4-a52e-4f735466cecf":"f.9E3361242BDECB3802103B61B67CD02C.d.18BB3B4798AC0F8BC0FEA3D4A05DEE1D.e.2993","ELEMENT":"f.9E3361242BDECB3802103B61B67CD02C.d.18BB3B4798AC0F8BC0FEA3D4A05DEE1D.e.2993"}]}
COMMAND: GET /session/3c9b041fc044676a58cc73ba58d1a297/screenshot - {}
RESULT: {}
RESULT: {"script":"<script> [5351 bytes]","args":[{"element-6066-11e4-a52e-4f735466cecf":"f.9E3361242BDECB3802103B61B67CD02C.d.18BB3B4798AC0F8BC0FEA3D4A05DEE1D.e.2993","ELEMENT":"f.9E3361242BDECB3802103B61B67CD02C.d.18BB3B4798AC0F8BC0FEA3D4A05DEE1D.e.2993"}]}
COMMAND: POST /session/3c9b041fc044676a58cc73ba58d1a297/element/f.9E3361242BDECB3802103B61B67CD02C.d.18BB3B4798AC0F8BC0FEA3D4A05DEE1D.e.2993/click - {}
COMMAND: GET /session/3c9b041fc044676a58cc73ba58d1a297/screenshot - {}
RESULT: {}
RESULT: {}
COMMAND: GET /session/3c9b041fc044676a58cc73ba58d1a297/screenshot - {}
RESULT: {}
RESULT: {}
COMMAND: POST /session/3c9b041fc044676a58cc73ba58d1a297/execute/async - {"script":"<script> [1562 bytes]","args":[{"selector":{"controlType":"sap.m.Title","viewName":"etm.portal.ui.managepricingrules.view.NewItem","viewId":"application-managepricingrules-display-component---newInfoPriceItem","properties":{"text":"New Pricing Rules - Item Level"}},"wdio_ui5_key":"etmportal.ui.managepricingrules.view.NewItemsap.m.Title{\"text\":\"New Pricing Rules - Item Level\"}"}]}
RESULT: {"script":"<script> [1562 bytes]","args":[{"selector":{"controlType":"sap.m.Title","viewName":"etm.portal.ui.managepricingrules.view.NewItem","viewId":"application-managepricingrules-display-component---newInfoPriceItem","properties":{"text":"New Pricing Rules - Item Level"}},"wdio_ui5_key":"etmportal.ui.managepricingrules.view.NewItemsap.m.Title{\"text\":\"New Pricing Rules - Item Level\"}"}]}
RESULT: undefined
COMMAND: POST /session/3c9b041fc044676a58cc73ba58d1a297/execute/async - {"script":"<script> [6424 bytes]","args":[{"element-6066-11e4-a52e-4f735466cecf":"f.9E3361242BDECB3802103B61B67CD02C.d.18BB3B4798AC0F8BC0FEA3D4A05DEE1D.e.3166"},"getText",[]]}
RESULT: {"script":"<script> [6424 bytes]","args":[{"element-6066-11e4-a52e-4f735466cecf":"f.9E3361242BDECB3802103B61B67CD02C.d.18BB3B4798AC0F8BC0FEA3D4A05DEE1D.e.3166"},"getText",[]]}
COMMAND: POST /session/3c9b041fc044676a58cc73ba58d1a297/execute/async - {"script":"<script> [1562 bytes]","args":[{"selector":{"id":"application-managepricingrules-display-component---newInfoPriceItem--condValidTo","interaction":{"idSuffix":"inner"}},"wdio_ui5_key":"applicationmanagepricingrules-display-component---newInfoPriceItem--condValidTo"}]}
RESULT: {"script":"<script> [1562 bytes]","args":[{"selector":{"id":"application-managepricingrules-display-component---newInfoPriceItem--condValidTo","interaction":{"idSuffix":"inner"}},"wdio_ui5_key":"applicationmanagepricingrules-display-component---newInfoPriceItem--condValidTo"}]}
RESULT: undefined
COMMAND: POST /session/3c9b041fc044676a58cc73ba58d1a297/execute/async - {"script":"<script> [776 bytes]","args":[{"enterText":"01/13/26","selector":{"id":"application-managepricingrules-display-component---newInfoPriceItem--condValidTo","interaction":{"idSuffix":"inner"}},"clearTextFirst":true,"interactionType":"ENTER_TEXT"}]}
RESULT: {"script":"<script> [776 bytes]","args":[{"enterText":"01/13/26","selector":{"id":"application-managepricingrules-display-component---newInfoPriceItem--condValidTo","interaction":{"idSuffix":"inner"}},"clearTextFirst":true,"interactionType":"ENTER_TEXT"}]}
COMMAND: POST /session/3c9b041fc044676a58cc73ba58d1a297/execute/async - {"script":"<script> [1562 bytes]","args":[{"selector":{"id":"application-managepricingrules-display-component---newInfoPriceItem--billType-arrow"},"wdio_ui5_key":"applicationmanagepricingrules-display-component---newInfoPriceItem--billType-arrow"}]}
RESULT: {"script":"<script> [1562 bytes]","args":[{"selector":{"id":"application-managepricingrules-display-component---newInfoPriceItem--billType-arrow"},"wdio_ui5_key":"applicationmanagepricingrules-display-component---newInfoPriceItem--billType-arrow"}]}
RESULT: undefined
COMMAND: POST /session/3c9b041fc044676a58cc73ba58d1a297/element - {"using":"xpath","value":"//*[@id=\"application-managepricingrules-display-component---newInfoPriceItem--billType-arrow\"]"}
RESULT: {"using":"xpath","value":"//*[@id=\"application-managepricingrules-display-component---newInfoPriceItem--billType-arrow\"]"}
COMMAND: POST /session/3c9b041fc044676a58cc73ba58d1a297/element/f.9E3361242BDECB3802103B61B67CD02C.d.18BB3B4798AC0F8BC0FEA3D4A05DEE1D.e.3126/click - {}
RESULT: {}
COMMAND: POST /session/3c9b041fc044676a58cc73ba58d1a297/element - {"using":"xpath","value":"//span[contains(text(), \"TB - Time based\")]"}
COMMAND: GET /session/3c9b041fc044676a58cc73ba58d1a297/screenshot - {}
RESULT: {"using":"xpath","value":"//span[contains(text(), \"TB - Time based\")]"}
COMMAND: POST /session/3c9b041fc044676a58cc73ba58d1a297/element/f.9E3361242BDECB3802103B61B67CD02C.d.18BB3B4798AC0F8BC0FEA3D4A05DEE1D.e.3168/click - {}
RESULT: {}
RESULT: {}
COMMAND: POST /session/3c9b041fc044676a58cc73ba58d1a297/execute/async - {"script":"<script> [1562 bytes]","args":[{"selector":{"id":"application-managepricingrules-display-component---newInfoPriceItem--priceProc-arrow"},"wdio_ui5_key":"applicationmanagepricingrules-display-component---newInfoPriceItem--priceProc-arrow"}]}
COMMAND: GET /session/3c9b041fc044676a58cc73ba58d1a297/screenshot - {}
RESULT: {"script":"<script> [1562 bytes]","args":[{"selector":{"id":"application-managepricingrules-display-component---newInfoPriceItem--priceProc-arrow"},"wdio_ui5_key":"applicationmanagepricingrules-display-component---newInfoPriceItem--priceProc-arrow"}]}
RESULT: undefined
COMMAND: POST /session/3c9b041fc044676a58cc73ba58d1a297/element - {"using":"xpath","value":"//*[@id=\"application-managepricingrules-display-component---newInfoPriceItem--priceProc-arrow\"]"}
RESULT: {}
RESULT: {"using":"xpath","value":"//*[@id=\"application-managepricingrules-display-component---newInfoPriceItem--priceProc-arrow\"]"}
COMMAND: POST /session/3c9b041fc044676a58cc73ba58d1a297/element/f.9E3361242BDECB3802103B61B67CD02C.d.18BB3B4798AC0F8BC0FEA3D4A05DEE1D.e.3133/click - {}
RESULT: {}
COMMAND: POST /session/3c9b041fc044676a58cc73ba58d1a297/element - {"using":"xpath","value":"//span[contains(text(), \"TBS - Time based standard\")]"}
COMMAND: GET /session/3c9b041fc044676a58cc73ba58d1a297/screenshot - {}
RESULT: {"using":"xpath","value":"//span[contains(text(), \"TBS - Time based standard\")]"}
COMMAND: POST /session/3c9b041fc044676a58cc73ba58d1a297/element/f.9E3361242BDECB3802103B61B67CD02C.d.18BB3B4798AC0F8BC0FEA3D4A05DEE1D.e.3169/click - {}
RESULT: {}
RESULT: {}
COMMAND: POST /session/3c9b041fc044676a58cc73ba58d1a297/execute/async - {"script":"<script> [1562 bytes]","args":[{"selector":{"id":"application-managepricingrules-display-component---newInfoPriceItem--calcBase-arrow"},"wdio_ui5_key":"applicationmanagepricingrules-display-component---newInfoPriceItem--calcBase-arrow"}]}
COMMAND: GET /session/3c9b041fc044676a58cc73ba58d1a297/screenshot - {}
RESULT: {"script":"<script> [1562 bytes]","args":[{"selector":{"id":"application-managepricingrules-display-component---newInfoPriceItem--calcBase-arrow"},"wdio_ui5_key":"applicationmanagepricingrules-display-component---newInfoPriceItem--calcBase-arrow"}]}
RESULT: undefined
COMMAND: POST /session/3c9b041fc044676a58cc73ba58d1a297/element - {"using":"xpath","value":"//*[@id=\"application-managepricingrules-display-component---newInfoPriceItem--calcBase-arrow\"]"}
RESULT: {}
RESULT: {"using":"xpath","value":"//*[@id=\"application-managepricingrules-display-component---newInfoPriceItem--calcBase-arrow\"]"}
COMMAND: POST /session/3c9b041fc044676a58cc73ba58d1a297/element/f.9E3361242BDECB3802103B61B67CD02C.d.18BB3B4798AC0F8BC0FEA3D4A05DEE1D.e.3140/click - {}
RESULT: {}
COMMAND: GET /session/3c9b041fc044676a58cc73ba58d1a297/screenshot - {}
RESULT: {}
COMMAND: POST /session/3c9b041fc044676a58cc73ba58d1a297/element - {"using":"xpath","value":"//span[contains(text(), \"0006 - TB(calendar days)\")]"}
RESULT: {"using":"xpath","value":"//span[contains(text(), \"0006 - TB(calendar days)\")]"}
COMMAND: POST /session/3c9b041fc044676a58cc73ba58d1a297/element/f.9E3361242BDECB3802103B61B67CD02C.d.18BB3B4798AC0F8BC0FEA3D4A05DEE1D.e.3170/click - {}
RESULT: {}
COMMAND: GET /session/3c9b041fc044676a58cc73ba58d1a297/screenshot - {}
RESULT: {}
COMMAND: POST /session/3c9b041fc044676a58cc73ba58d1a297/execute/async - {"script":"<script> [1562 bytes]","args":[{"selector":{"id":"application-managepricingrules-display-component---newInfoPriceItem--daysMonth","interaction":{"idSuffix":"inner"}},"wdio_ui5_key":"applicationmanagepricingrules-display-component---newInfoPriceItem--daysMonth"}]}
RESULT: {"script":"<script> [1562 bytes]","args":[{"selector":{"id":"application-managepricingrules-display-component---newInfoPriceItem--daysMonth","interaction":{"idSuffix":"inner"}},"wdio_ui5_key":"applicationmanagepricingrules-display-component---newInfoPriceItem--daysMonth"}]}
RESULT: undefined
COMMAND: POST /session/3c9b041fc044676a58cc73ba58d1a297/execute/async - {"script":"<script> [776 bytes]","args":[{"enterText":"30","selector":{"id":"application-managepricingrules-display-component---newInfoPriceItem--daysMonth","interaction":{"idSuffix":"inner"}},"clearTextFirst":true,"interactionType":"ENTER_TEXT"}]}
RESULT: {"script":"<script> [776 bytes]","args":[{"enterText":"30","selector":{"id":"application-managepricingrules-display-component---newInfoPriceItem--daysMonth","interaction":{"idSuffix":"inner"}},"clearTextFirst":true,"interactionType":"ENTER_TEXT"}]}
COMMAND: POST /session/3c9b041fc044676a58cc73ba58d1a297/element - {"using":"xpath","value":"//button[@data-kt=\"saveNewRuleButton\"]"}
RESULT: {"using":"xpath","value":"//button[@data-kt=\"saveNewRuleButton\"]"}
COMMAND: POST /session/3c9b041fc044676a58cc73ba58d1a297/element/f.9E3361242BDECB3802103B61B67CD02C.d.18BB3B4798AC0F8BC0FEA3D4A05DEE1D.e.3160/click - {}
RESULT: {}
COMMAND: GET /session/3c9b041fc044676a58cc73ba58d1a297/screenshot - {}
RESULT: {}
COMMAND: POST /session/3c9b041fc044676a58cc73ba58d1a297/execute/async - {"script":"<script> [1562 bytes]","args":[{"selector":{"id":"application-managepricingrules-display-component---priceInfoItem--smartFilterBar-btnBasicSearch","interaction":{"idSuffix":"I"}},"wdio_ui5_key":"applicationmanagepricingrules-display-component---priceInfoItem--smartFilterBar-btnBasicSearch"}]}
RESULT: {"script":"<script> [1562 bytes]","args":[{"selector":{"id":"application-managepricingrules-display-component---priceInfoItem--smartFilterBar-btnBasicSearch","interaction":{"idSuffix":"I"}},"wdio_ui5_key":"applicationmanagepricingrules-display-component---priceInfoItem--smartFilterBar-btnBasicSearch"}]}
RESULT: undefined
COMMAND: POST /session/3c9b041fc044676a58cc73ba58d1a297/execute/async - {"script":"<script> [776 bytes]","args":[{"enterText":"A2EzGYWODr","selector":{"id":"application-managepricingrules-display-component---priceInfoItem--smartFilterBar-btnBasicSearch","interaction":{"idSuffix":"I"}},"clearTextFirst":true,"interactionType":"ENTER_TEXT"}]}
RESULT: {"script":"<script> [776 bytes]","args":[{"enterText":"A2EzGYWODr","selector":{"id":"application-managepricingrules-display-component---priceInfoItem--smartFilterBar-btnBasicSearch","interaction":{"idSuffix":"I"}},"clearTextFirst":true,"interactionType":"ENTER_TEXT"}]}
COMMAND: POST /session/3c9b041fc044676a58cc73ba58d1a297/actions - {"actions":[{"id":"action12","type":"key","parameters":{},"actions":[{"type":"keyDown","value":"î€‡"},{"type":"pause","duration":10},{"type":"keyUp","value":"î€‡"}]}]}
RESULT: {"actions":[{"id":"action12","type":"key","parameters":{},"actions":[{"type":"keyDown","value":"î€‡"},{"type":"pause","duration":10},{"type":"keyUp","value":"î€‡"}]}]}
COMMAND: GET /session/3c9b041fc044676a58cc73ba58d1a297/screenshot - {}
RESULT: {}
COMMAND: POST /session/3c9b041fc044676a58cc73ba58d1a297/element - {"using":"xpath","value":"//span[@id=\"application-managepricingrules-display-component---priceInfoItem--smartTable-header-inner\"]"}
RESULT: {"using":"xpath","value":"//span[@id=\"application-managepricingrules-display-component---priceInfoItem--smartTable-header-inner\"]"}
COMMAND: POST /session/3c9b041fc044676a58cc73ba58d1a297/elements - {"using":"xpath","value":"//span[@id=\"application-managepricingrules-display-component---priceInfoItem--smartTable-header-inner\"]"}
RESULT: {"using":"xpath","value":"//span[@id=\"application-managepricingrules-display-component---priceInfoItem--smartTable-header-inner\"]"}
COMMAND: POST /session/3c9b041fc044676a58cc73ba58d1a297/execute/sync - {"script":"<script> [56 bytes]","args":[{"element-6066-11e4-a52e-4f735466cecf":"f.9E3361242BDECB3802103B61B67CD02C.d.18BB3B4798AC0F8BC0FEA3D4A05DEE1D.e.3184","ELEMENT":"f.9E3361242BDECB3802103B61B67CD02C.d.18BB3B4798AC0F8BC0FEA3D4A05DEE1D.e.3184"}]}
RESULT: {"script":"<script> [56 bytes]","args":[{"element-6066-11e4-a52e-4f735466cecf":"f.9E3361242BDECB3802103B61B67CD02C.d.18BB3B4798AC0F8BC0FEA3D4A05DEE1D.e.3184","ELEMENT":"f.9E3361242BDECB3802103B61B67CD02C.d.18BB3B4798AC0F8BC0FEA3D4A05DEE1D.e.3184"}]}
COMMAND: POST /session/3c9b041fc044676a58cc73ba58d1a297/element - {"using":"css selector","value":"#shell-header-logo"}
COMMAND: GET /session/3c9b041fc044676a58cc73ba58d1a297/screenshot - {}
RESULT: {"using":"css selector","value":"#shell-header-logo"}
COMMAND: POST /session/3c9b041fc044676a58cc73ba58d1a297/element/f.9E3361242BDECB3802103B61B67CD02C.d.18BB3B4798AC0F8BC0FEA3D4A05DEE1D.e.2337/click - {}
RESULT: {}
RESULT: {}
COMMAND: GET /session/3c9b041fc044676a58cc73ba58d1a297/screenshot - {}
RESULT: {}
]]></system-out>
    </testcase>
    <testcase classname="chrome.136_0_7103_49.windows.Billing_confirm_US117289" name="Should create new condition for equipment" time="65.271">
      <system-out><![CDATA[
COMMAND: POST /session/3c9b041fc044676a58cc73ba58d1a297/execute/async - {"script":"<script> [1562 bytes]","args":[{"selector":{"controlType":"sap.m.Text","properties":{"text":"Manage Conditions & Prices"},"interaction":{"idSuffix":"inner"}},"wdio_ui5_key":"sapm.Text{\"text\":\"Manage Conditions & Prices\"}"}]}
RESULT: {"script":"<script> [1562 bytes]","args":[{"selector":{"controlType":"sap.m.Text","properties":{"text":"Manage Conditions & Prices"},"interaction":{"idSuffix":"inner"}},"wdio_ui5_key":"sapm.Text{\"text\":\"Manage Conditions & Prices\"}"}]}
RESULT: undefined
COMMAND: POST /session/3c9b041fc044676a58cc73ba58d1a297/element - {"using":"xpath","value":"//*[@id=\"__tile53-title\"]"}
RESULT: {"using":"xpath","value":"//*[@id=\"__tile53-title\"]"}
COMMAND: POST /session/3c9b041fc044676a58cc73ba58d1a297/element/f.9E3361242BDECB3802103B61B67CD02C.d.18BB3B4798AC0F8BC0FEA3D4A05DEE1D.e.3187/click - {}
RESULT: {}
COMMAND: POST /session/3c9b041fc044676a58cc73ba58d1a297/element - {"using":"xpath","value":"//button[@aria-label=\"Create\"]"}
COMMAND: GET /session/3c9b041fc044676a58cc73ba58d1a297/screenshot - {}
RESULT: {"using":"xpath","value":"//button[@aria-label=\"Create\"]"}
COMMAND: POST /session/3c9b041fc044676a58cc73ba58d1a297/elements - {"using":"xpath","value":"//button[@aria-label=\"Create\"]"}
RESULT: {}
RESULT: {"using":"xpath","value":"//button[@aria-label=\"Create\"]"}
COMMAND: POST /session/3c9b041fc044676a58cc73ba58d1a297/elements - {"using":"xpath","value":"//button[@aria-label=\"Create\"]"}
RESULT: {"using":"xpath","value":"//button[@aria-label=\"Create\"]"}
COMMAND: POST /session/3c9b041fc044676a58cc73ba58d1a297/elements - {"using":"xpath","value":"//button[@aria-label=\"Create\"]"}
RESULT: {"using":"xpath","value":"//button[@aria-label=\"Create\"]"}
COMMAND: POST /session/3c9b041fc044676a58cc73ba58d1a297/elements - {"using":"xpath","value":"//button[@aria-label=\"Create\"]"}
RESULT: {"using":"xpath","value":"//button[@aria-label=\"Create\"]"}
COMMAND: POST /session/3c9b041fc044676a58cc73ba58d1a297/elements - {"using":"xpath","value":"//button[@aria-label=\"Create\"]"}
RESULT: {"using":"xpath","value":"//button[@aria-label=\"Create\"]"}
COMMAND: POST /session/3c9b041fc044676a58cc73ba58d1a297/elements - {"using":"xpath","value":"//button[@aria-label=\"Create\"]"}
RESULT: {"using":"xpath","value":"//button[@aria-label=\"Create\"]"}
COMMAND: POST /session/3c9b041fc044676a58cc73ba58d1a297/elements - {"using":"xpath","value":"//button[@aria-label=\"Create\"]"}
RESULT: {"using":"xpath","value":"//button[@aria-label=\"Create\"]"}
COMMAND: POST /session/3c9b041fc044676a58cc73ba58d1a297/elements - {"using":"xpath","value":"//button[@aria-label=\"Create\"]"}
RESULT: {"using":"xpath","value":"//button[@aria-label=\"Create\"]"}
COMMAND: POST /session/3c9b041fc044676a58cc73ba58d1a297/elements - {"using":"xpath","value":"//button[@aria-label=\"Create\"]"}
RESULT: {"using":"xpath","value":"//button[@aria-label=\"Create\"]"}
COMMAND: POST /session/3c9b041fc044676a58cc73ba58d1a297/elements - {"using":"xpath","value":"//button[@aria-label=\"Create\"]"}
RESULT: {"using":"xpath","value":"//button[@aria-label=\"Create\"]"}
COMMAND: POST /session/3c9b041fc044676a58cc73ba58d1a297/elements - {"using":"xpath","value":"//button[@aria-label=\"Create\"]"}
RESULT: {"using":"xpath","value":"//button[@aria-label=\"Create\"]"}
COMMAND: POST /session/3c9b041fc044676a58cc73ba58d1a297/element - {"using":"xpath","value":"//button[@aria-label=\"Create\"]"}
RESULT: {"using":"xpath","value":"//button[@aria-label=\"Create\"]"}
COMMAND: POST /session/3c9b041fc044676a58cc73ba58d1a297/execute/sync - {"script":"<script> [8489 bytes]","args":[{"element-6066-11e4-a52e-4f735466cecf":"f.9E3361242BDECB3802103B61B67CD02C.d.18BB3B4798AC0F8BC0FEA3D4A05DEE1D.e.3222","ELEMENT":"f.9E3361242BDECB3802103B61B67CD02C.d.18BB3B4798AC0F8BC0FEA3D4A05DEE1D.e.3222"}]}
RESULT: {"script":"<script> [8489 bytes]","args":[{"element-6066-11e4-a52e-4f735466cecf":"f.9E3361242BDECB3802103B61B67CD02C.d.18BB3B4798AC0F8BC0FEA3D4A05DEE1D.e.3222","ELEMENT":"f.9E3361242BDECB3802103B61B67CD02C.d.18BB3B4798AC0F8BC0FEA3D4A05DEE1D.e.3222"}]}
COMMAND: GET /session/3c9b041fc044676a58cc73ba58d1a297/element/f.9E3361242BDECB3802103B61B67CD02C.d.18BB3B4798AC0F8BC0FEA3D4A05DEE1D.e.3222/enabled - {}
COMMAND: GET /session/3c9b041fc044676a58cc73ba58d1a297/screenshot - {}
RESULT: {}
COMMAND: POST /session/3c9b041fc044676a58cc73ba58d1a297/execute/sync - {"script":"<script> [8489 bytes]","args":[{"element-6066-11e4-a52e-4f735466cecf":"f.9E3361242BDECB3802103B61B67CD02C.d.18BB3B4798AC0F8BC0FEA3D4A05DEE1D.e.3222","ELEMENT":"f.9E3361242BDECB3802103B61B67CD02C.d.18BB3B4798AC0F8BC0FEA3D4A05DEE1D.e.3222"}]}
COMMAND: GET /session/3c9b041fc044676a58cc73ba58d1a297/screenshot - {}
RESULT: {}
RESULT: {"script":"<script> [8489 bytes]","args":[{"element-6066-11e4-a52e-4f735466cecf":"f.9E3361242BDECB3802103B61B67CD02C.d.18BB3B4798AC0F8BC0FEA3D4A05DEE1D.e.3222","ELEMENT":"f.9E3361242BDECB3802103B61B67CD02C.d.18BB3B4798AC0F8BC0FEA3D4A05DEE1D.e.3222"}]}
COMMAND: POST /session/3c9b041fc044676a58cc73ba58d1a297/execute/sync - {"script":"<script> [5351 bytes]","args":[{"element-6066-11e4-a52e-4f735466cecf":"f.9E3361242BDECB3802103B61B67CD02C.d.18BB3B4798AC0F8BC0FEA3D4A05DEE1D.e.3222","ELEMENT":"f.9E3361242BDECB3802103B61B67CD02C.d.18BB3B4798AC0F8BC0FEA3D4A05DEE1D.e.3222"}]}
COMMAND: GET /session/3c9b041fc044676a58cc73ba58d1a297/screenshot - {}
RESULT: {}
RESULT: {"script":"<script> [5351 bytes]","args":[{"element-6066-11e4-a52e-4f735466cecf":"f.9E3361242BDECB3802103B61B67CD02C.d.18BB3B4798AC0F8BC0FEA3D4A05DEE1D.e.3222","ELEMENT":"f.9E3361242BDECB3802103B61B67CD02C.d.18BB3B4798AC0F8BC0FEA3D4A05DEE1D.e.3222"}]}
COMMAND: POST /session/3c9b041fc044676a58cc73ba58d1a297/element/f.9E3361242BDECB3802103B61B67CD02C.d.18BB3B4798AC0F8BC0FEA3D4A05DEE1D.e.3222/click - {}
COMMAND: GET /session/3c9b041fc044676a58cc73ba58d1a297/screenshot - {}
RESULT: {}
RESULT: {}
COMMAND: GET /session/3c9b041fc044676a58cc73ba58d1a297/screenshot - {}
RESULT: {}
RESULT: {}
COMMAND: POST /session/3c9b041fc044676a58cc73ba58d1a297/actions - {"actions":[{"id":"action13","type":"key","parameters":{},"actions":[{"type":"keyDown","value":"î€‡"},{"type":"pause","duration":10},{"type":"keyUp","value":"î€‡"}]}]}
RESULT: {"actions":[{"id":"action13","type":"key","parameters":{},"actions":[{"type":"keyDown","value":"î€‡"},{"type":"pause","duration":10},{"type":"keyUp","value":"î€‡"}]}]}
COMMAND: GET /session/3c9b041fc044676a58cc73ba58d1a297/screenshot - {}
RESULT: {}
COMMAND: POST /session/3c9b041fc044676a58cc73ba58d1a297/execute/async - {"script":"<script> [1562 bytes]","args":[{"selector":{"id":"application-manageconditionprice-display-component---newCondition--condBillCond-arrow"},"wdio_ui5_key":"applicationmanageconditionprice-display-component---newCondition--condBillCond-arrow"}]}
RESULT: {"script":"<script> [1562 bytes]","args":[{"selector":{"id":"application-manageconditionprice-display-component---newCondition--condBillCond-arrow"},"wdio_ui5_key":"applicationmanageconditionprice-display-component---newCondition--condBillCond-arrow"}]}
RESULT: undefined
COMMAND: POST /session/3c9b041fc044676a58cc73ba58d1a297/element - {"using":"xpath","value":"//*[@id=\"application-manageconditionprice-display-component---newCondition--condBillCond-arrow\"]"}
RESULT: {"using":"xpath","value":"//*[@id=\"application-manageconditionprice-display-component---newCondition--condBillCond-arrow\"]"}
COMMAND: POST /session/3c9b041fc044676a58cc73ba58d1a297/element/f.9E3361242BDECB3802103B61B67CD02C.d.18BB3B4798AC0F8BC0FEA3D4A05DEE1D.e.3402/click - {}
RESULT: {}
COMMAND: GET /session/3c9b041fc044676a58cc73ba58d1a297/screenshot - {}
RESULT: {}
COMMAND: POST /session/3c9b041fc044676a58cc73ba58d1a297/element - {"using":"xpath","value":"//li[.//span[contains(text(), \"DISP - D&I special price\")]]"}
RESULT: {"using":"xpath","value":"//li[.//span[contains(text(), \"DISP - D&I special price\")]]"}
COMMAND: POST /session/3c9b041fc044676a58cc73ba58d1a297/element/f.9E3361242BDECB3802103B61B67CD02C.d.18BB3B4798AC0F8BC0FEA3D4A05DEE1D.e.3405/click - {}
RESULT: {}
COMMAND: GET /session/3c9b041fc044676a58cc73ba58d1a297/screenshot - {}
RESULT: {}
COMMAND: POST /session/3c9b041fc044676a58cc73ba58d1a297/execute/async - {"script":"<script> [1562 bytes]","args":[{"selector":{"id":"application-manageconditionprice-display-component---newCondition--condValidTo","interaction":{"idSuffix":"inner"}},"wdio_ui5_key":"applicationmanageconditionprice-display-component---newCondition--condValidTo"}]}
RESULT: {"script":"<script> [1562 bytes]","args":[{"selector":{"id":"application-manageconditionprice-display-component---newCondition--condValidTo","interaction":{"idSuffix":"inner"}},"wdio_ui5_key":"applicationmanageconditionprice-display-component---newCondition--condValidTo"}]}
RESULT: undefined
COMMAND: POST /session/3c9b041fc044676a58cc73ba58d1a297/execute/async - {"script":"<script> [776 bytes]","args":[{"enterText":"01/13/26","selector":{"id":"application-manageconditionprice-display-component---newCondition--condValidTo","interaction":{"idSuffix":"inner"}},"clearTextFirst":true,"interactionType":"ENTER_TEXT"}]}
RESULT: {"script":"<script> [776 bytes]","args":[{"enterText":"01/13/26","selector":{"id":"application-manageconditionprice-display-component---newCondition--condValidTo","interaction":{"idSuffix":"inner"}},"clearTextFirst":true,"interactionType":"ENTER_TEXT"}]}
COMMAND: POST /session/3c9b041fc044676a58cc73ba58d1a297/element - {"using":"xpath","value":"//input[@id=\"application-manageconditionprice-display-component---newCondition--condRU-inner\"]"}
RESULT: {"using":"xpath","value":"//input[@id=\"application-manageconditionprice-display-component---newCondition--condRU-inner\"]"}
COMMAND: POST /session/3c9b041fc044676a58cc73ba58d1a297/element/f.9E3361242BDECB3802103B61B67CD02C.d.18BB3B4798AC0F8BC0FEA3D4A05DEE1D.e.3268/clear - {}
RESULT: {}
COMMAND: POST /session/3c9b041fc044676a58cc73ba58d1a297/element/f.9E3361242BDECB3802103B61B67CD02C.d.18BB3B4798AC0F8BC0FEA3D4A05DEE1D.e.3268/value - {"text":"A2EzGYWODr"}
COMMAND: GET /session/3c9b041fc044676a58cc73ba58d1a297/screenshot - {}
RESULT: {"text":"A2EzGYWODr"}
COMMAND: GET /session/3c9b041fc044676a58cc73ba58d1a297/screenshot - {}
RESULT: {}
RESULT: {}
COMMAND: POST /session/3c9b041fc044676a58cc73ba58d1a297/actions - {"actions":[{"id":"action14","type":"key","parameters":{},"actions":[{"type":"keyDown","value":"î€‡"},{"type":"pause","duration":10},{"type":"keyUp","value":"î€‡"}]}]}
RESULT: {"actions":[{"id":"action14","type":"key","parameters":{},"actions":[{"type":"keyDown","value":"î€‡"},{"type":"pause","duration":10},{"type":"keyUp","value":"î€‡"}]}]}
COMMAND: POST /session/3c9b041fc044676a58cc73ba58d1a297/execute/async - {"script":"<script> [1562 bytes]","args":[{"selector":{"id":"application-manageconditionprice-display-component---newCondition--condBaseQty","interaction":{"idSuffix":"inner"}},"wdio_ui5_key":"applicationmanageconditionprice-display-component---newCondition--condBaseQty"}]}
COMMAND: GET /session/3c9b041fc044676a58cc73ba58d1a297/screenshot - {}
RESULT: {"script":"<script> [1562 bytes]","args":[{"selector":{"id":"application-manageconditionprice-display-component---newCondition--condBaseQty","interaction":{"idSuffix":"inner"}},"wdio_ui5_key":"applicationmanageconditionprice-display-component---newCondition--condBaseQty"}]}
RESULT: undefined
COMMAND: POST /session/3c9b041fc044676a58cc73ba58d1a297/execute/async - {"script":"<script> [776 bytes]","args":[{"enterText":"1","selector":{"id":"application-manageconditionprice-display-component---newCondition--condBaseQty","interaction":{"idSuffix":"inner"}},"clearTextFirst":true,"interactionType":"ENTER_TEXT"}]}
RESULT: {}
RESULT: {"script":"<script> [776 bytes]","args":[{"enterText":"1","selector":{"id":"application-manageconditionprice-display-component---newCondition--condBaseQty","interaction":{"idSuffix":"inner"}},"clearTextFirst":true,"interactionType":"ENTER_TEXT"}]}
COMMAND: POST /session/3c9b041fc044676a58cc73ba58d1a297/execute/async - {"script":"<script> [1562 bytes]","args":[{"selector":{"id":"application-manageconditionprice-display-component---newCondition--condValue","interaction":{"idSuffix":"inner"}},"wdio_ui5_key":"applicationmanageconditionprice-display-component---newCondition--condValue"}]}
RESULT: {"script":"<script> [1562 bytes]","args":[{"selector":{"id":"application-manageconditionprice-display-component---newCondition--condValue","interaction":{"idSuffix":"inner"}},"wdio_ui5_key":"applicationmanageconditionprice-display-component---newCondition--condValue"}]}
RESULT: undefined
COMMAND: POST /session/3c9b041fc044676a58cc73ba58d1a297/execute/async - {"script":"<script> [776 bytes]","args":[{"enterText":"100","selector":{"id":"application-manageconditionprice-display-component---newCondition--condValue","interaction":{"idSuffix":"inner"}},"clearTextFirst":true,"interactionType":"ENTER_TEXT"}]}
RESULT: {"script":"<script> [776 bytes]","args":[{"enterText":"100","selector":{"id":"application-manageconditionprice-display-component---newCondition--condValue","interaction":{"idSuffix":"inner"}},"clearTextFirst":true,"interactionType":"ENTER_TEXT"}]}
COMMAND: POST /session/3c9b041fc044676a58cc73ba58d1a297/execute/async - {"script":"<script> [1562 bytes]","args":[{"selector":{"id":"application-manageconditionprice-display-component---newCondition--condCurr-arrow"},"wdio_ui5_key":"applicationmanageconditionprice-display-component---newCondition--condCurr-arrow"}]}
RESULT: {"script":"<script> [1562 bytes]","args":[{"selector":{"id":"application-manageconditionprice-display-component---newCondition--condCurr-arrow"},"wdio_ui5_key":"applicationmanageconditionprice-display-component---newCondition--condCurr-arrow"}]}
RESULT: undefined
COMMAND: POST /session/3c9b041fc044676a58cc73ba58d1a297/element - {"using":"xpath","value":"//*[@id=\"application-manageconditionprice-display-component---newCondition--condCurr-arrow\"]"}
RESULT: {"using":"xpath","value":"//*[@id=\"application-manageconditionprice-display-component---newCondition--condCurr-arrow\"]"}
COMMAND: POST /session/3c9b041fc044676a58cc73ba58d1a297/element/f.9E3361242BDECB3802103B61B67CD02C.d.18BB3B4798AC0F8BC0FEA3D4A05DEE1D.e.3385/click - {}
RESULT: {}
COMMAND: POST /session/3c9b041fc044676a58cc73ba58d1a297/element - {"using":"xpath","value":"//span[contains(text(), \"Euro\")]"}
COMMAND: GET /session/3c9b041fc044676a58cc73ba58d1a297/screenshot - {}
RESULT: {"using":"xpath","value":"//span[contains(text(), \"Euro\")]"}
COMMAND: POST /session/3c9b041fc044676a58cc73ba58d1a297/element/f.9E3361242BDECB3802103B61B67CD02C.d.18BB3B4798AC0F8BC0FEA3D4A05DEE1D.e.3442/click - {}
RESULT: {}
RESULT: {}
COMMAND: POST /session/3c9b041fc044676a58cc73ba58d1a297/element - {"using":"xpath","value":"//button[@data-kt=\"saveButton\"]"}
COMMAND: GET /session/3c9b041fc044676a58cc73ba58d1a297/screenshot - {}
RESULT: {"using":"xpath","value":"//button[@data-kt=\"saveButton\"]"}
COMMAND: POST /session/3c9b041fc044676a58cc73ba58d1a297/element/f.9E3361242BDECB3802103B61B67CD02C.d.18BB3B4798AC0F8BC0FEA3D4A05DEE1D.e.3386/click - {}
RESULT: {}
RESULT: {}
COMMAND: GET /session/3c9b041fc044676a58cc73ba58d1a297/screenshot - {}
RESULT: {}
COMMAND: POST /session/3c9b041fc044676a58cc73ba58d1a297/execute/async - {"script":"<script> [1562 bytes]","args":[{"selector":{"id":"application-manageconditionprice-display-component---conditions--smartFilterBar-btnBasicSearch","interaction":{"idSuffix":"I"}},"wdio_ui5_key":"applicationmanageconditionprice-display-component---conditions--smartFilterBar-btnBasicSearch"}]}
RESULT: {"script":"<script> [1562 bytes]","args":[{"selector":{"id":"application-manageconditionprice-display-component---conditions--smartFilterBar-btnBasicSearch","interaction":{"idSuffix":"I"}},"wdio_ui5_key":"applicationmanageconditionprice-display-component---conditions--smartFilterBar-btnBasicSearch"}]}
RESULT: undefined
COMMAND: POST /session/3c9b041fc044676a58cc73ba58d1a297/execute/async - {"script":"<script> [776 bytes]","args":[{"enterText":"A2EzGYWODr","selector":{"id":"application-manageconditionprice-display-component---conditions--smartFilterBar-btnBasicSearch","interaction":{"idSuffix":"I"}},"clearTextFirst":true,"interactionType":"ENTER_TEXT"}]}
RESULT: {"script":"<script> [776 bytes]","args":[{"enterText":"A2EzGYWODr","selector":{"id":"application-manageconditionprice-display-component---conditions--smartFilterBar-btnBasicSearch","interaction":{"idSuffix":"I"}},"clearTextFirst":true,"interactionType":"ENTER_TEXT"}]}
COMMAND: POST /session/3c9b041fc044676a58cc73ba58d1a297/actions - {"actions":[{"id":"action15","type":"key","parameters":{},"actions":[{"type":"keyDown","value":"î€‡"},{"type":"pause","duration":10},{"type":"keyUp","value":"î€‡"}]}]}
RESULT: {"actions":[{"id":"action15","type":"key","parameters":{},"actions":[{"type":"keyDown","value":"î€‡"},{"type":"pause","duration":10},{"type":"keyUp","value":"î€‡"}]}]}
COMMAND: GET /session/3c9b041fc044676a58cc73ba58d1a297/screenshot - {}
RESULT: {}
COMMAND: POST /session/3c9b041fc044676a58cc73ba58d1a297/execute/async - {"script":"<script> [1562 bytes]","args":[{"selector":{"id":"application-manageconditionprice-display-component---conditions--smartFilterBar-filterItemControl_BASIC-BILL_TYPES-vhi"},"wdio_ui5_key":"applicationmanageconditionprice-display-component---conditions--smartFilterBar-filterItemControl_BASIC-BILL_TYPES-vhi"}]}
RESULT: {"script":"<script> [1562 bytes]","args":[{"selector":{"id":"application-manageconditionprice-display-component---conditions--smartFilterBar-filterItemControl_BASIC-BILL_TYPES-vhi"},"wdio_ui5_key":"applicationmanageconditionprice-display-component---conditions--smartFilterBar-filterItemControl_BASIC-BILL_TYPES-vhi"}]}
RESULT: undefined
COMMAND: POST /session/3c9b041fc044676a58cc73ba58d1a297/element - {"using":"xpath","value":"//*[@id=\"application-manageconditionprice-display-component---conditions--smartFilterBar-filterItemControl_BASIC-BILL_TYPES-vhi\"]"}
RESULT: {"using":"xpath","value":"//*[@id=\"application-manageconditionprice-display-component---conditions--smartFilterBar-filterItemControl_BASIC-BILL_TYPES-vhi\"]"}
COMMAND: POST /session/3c9b041fc044676a58cc73ba58d1a297/element/f.9E3361242BDECB3802103B61B67CD02C.d.18BB3B4798AC0F8BC0FEA3D4A05DEE1D.e.3549/click - {}
RESULT: {}
COMMAND: POST /session/3c9b041fc044676a58cc73ba58d1a297/execute/async - {"script":"<script> [1562 bytes]","args":[{"selector":{"id":"application-manageconditionprice-display-component---conditions--smartFilterBar-filterItemControl_BASIC-BILL_TYPES-valueHelpDialog-smartFilterBar-btnBasicSearch","searchOpenDialogs":true,"interaction":{"idSuffix":"I"}},"wdio_ui5_key":"applicationmanageconditionprice-display-component---conditions--smartFilterBar-filterItemControl_BASIC-BILL_TYPES-valueHelpDialog-smartFilterBar-btnBasicSearch"}]}
COMMAND: GET /session/3c9b041fc044676a58cc73ba58d1a297/screenshot - {}
RESULT: {"script":"<script> [1562 bytes]","args":[{"selector":{"id":"application-manageconditionprice-display-component---conditions--smartFilterBar-filterItemControl_BASIC-BILL_TYPES-valueHelpDialog-smartFilterBar-btnBasicSearch","searchOpenDialogs":true,"interaction":{"idSuffix":"I"}},"wdio_ui5_key":"applicationmanageconditionprice-display-component---conditions--smartFilterBar-filterItemControl_BASIC-BILL_TYPES-valueHelpDialog-smartFilterBar-btnBasicSearch"}]}
RESULT: undefined
COMMAND: POST /session/3c9b041fc044676a58cc73ba58d1a297/execute/async - {"script":"<script> [776 bytes]","args":[{"enterText":"TB","selector":{"id":"application-manageconditionprice-display-component---conditions--smartFilterBar-filterItemControl_BASIC-BILL_TYPES-valueHelpDialog-smartFilterBar-btnBasicSearch","searchOpenDialogs":true,"interaction":{"idSuffix":"I"}},"clearTextFirst":true,"interactionType":"ENTER_TEXT"}]}
RESULT: {}
RESULT: {"script":"<script> [776 bytes]","args":[{"enterText":"TB","selector":{"id":"application-manageconditionprice-display-component---conditions--smartFilterBar-filterItemControl_BASIC-BILL_TYPES-valueHelpDialog-smartFilterBar-btnBasicSearch","searchOpenDialogs":true,"interaction":{"idSuffix":"I"}},"clearTextFirst":true,"interactionType":"ENTER_TEXT"}]}
COMMAND: POST /session/3c9b041fc044676a58cc73ba58d1a297/actions - {"actions":[{"id":"action16","type":"key","parameters":{},"actions":[{"type":"keyDown","value":"î€‡"},{"type":"pause","duration":10},{"type":"keyUp","value":"î€‡"}]}]}
RESULT: {"actions":[{"id":"action16","type":"key","parameters":{},"actions":[{"type":"keyDown","value":"î€‡"},{"type":"pause","duration":10},{"type":"keyUp","value":"î€‡"}]}]}
COMMAND: GET /session/3c9b041fc044676a58cc73ba58d1a297/screenshot - {}
RESULT: {}
COMMAND: POST /session/3c9b041fc044676a58cc73ba58d1a297/element - {"using":"xpath","value":"//div[contains(@id, 'application-manageconditionprice-display-component---conditions--smartFilterBar-filterItemControl_BASIC-BILL_TYPES-valueHelpDialog-table-rowsel0')]"}
RESULT: {"using":"xpath","value":"//div[contains(@id, 'application-manageconditionprice-display-component---conditions--smartFilterBar-filterItemControl_BASIC-BILL_TYPES-valueHelpDialog-table-rowsel0')]"}
COMMAND: POST /session/3c9b041fc044676a58cc73ba58d1a297/element/f.9E3361242BDECB3802103B61B67CD02C.d.18BB3B4798AC0F8BC0FEA3D4A05DEE1D.e.3558/click - {}
RESULT: {}
COMMAND: GET /session/3c9b041fc044676a58cc73ba58d1a297/screenshot - {}
RESULT: {}
COMMAND: POST /session/3c9b041fc044676a58cc73ba58d1a297/element - {"using":"xpath","value":"//bdi[contains(text(), \"OK\")]"}
RESULT: {"using":"xpath","value":"//bdi[contains(text(), \"OK\")]"}
COMMAND: POST /session/3c9b041fc044676a58cc73ba58d1a297/element/f.9E3361242BDECB3802103B61B67CD02C.d.18BB3B4798AC0F8BC0FEA3D4A05DEE1D.e.3560/click - {}
RESULT: {}
COMMAND: GET /session/3c9b041fc044676a58cc73ba58d1a297/screenshot - {}
RESULT: {}
COMMAND: POST /session/3c9b041fc044676a58cc73ba58d1a297/element - {"using":"xpath","value":"//span[@id=\"application-manageconditionprice-display-component---conditions--smartTable-header-inner\"]"}
RESULT: {"using":"xpath","value":"//span[@id=\"application-manageconditionprice-display-component---conditions--smartTable-header-inner\"]"}
COMMAND: POST /session/3c9b041fc044676a58cc73ba58d1a297/elements - {"using":"xpath","value":"//span[@id=\"application-manageconditionprice-display-component---conditions--smartTable-header-inner\"]"}
RESULT: {"using":"xpath","value":"//span[@id=\"application-manageconditionprice-display-component---conditions--smartTable-header-inner\"]"}
COMMAND: POST /session/3c9b041fc044676a58cc73ba58d1a297/execute/sync - {"script":"<script> [56 bytes]","args":[{"element-6066-11e4-a52e-4f735466cecf":"f.9E3361242BDECB3802103B61B67CD02C.d.18BB3B4798AC0F8BC0FEA3D4A05DEE1D.e.3563","ELEMENT":"f.9E3361242BDECB3802103B61B67CD02C.d.18BB3B4798AC0F8BC0FEA3D4A05DEE1D.e.3563"}]}
RESULT: {"script":"<script> [56 bytes]","args":[{"element-6066-11e4-a52e-4f735466cecf":"f.9E3361242BDECB3802103B61B67CD02C.d.18BB3B4798AC0F8BC0FEA3D4A05DEE1D.e.3563","ELEMENT":"f.9E3361242BDECB3802103B61B67CD02C.d.18BB3B4798AC0F8BC0FEA3D4A05DEE1D.e.3563"}]}
COMMAND: POST /session/3c9b041fc044676a58cc73ba58d1a297/element - {"using":"css selector","value":"#shell-header-logo"}
COMMAND: GET /session/3c9b041fc044676a58cc73ba58d1a297/screenshot - {}
RESULT: {"using":"css selector","value":"#shell-header-logo"}
COMMAND: POST /session/3c9b041fc044676a58cc73ba58d1a297/element/f.9E3361242BDECB3802103B61B67CD02C.d.18BB3B4798AC0F8BC0FEA3D4A05DEE1D.e.3190/click - {}
RESULT: {}
RESULT: {}
COMMAND: GET /session/3c9b041fc044676a58cc73ba58d1a297/screenshot - {}
RESULT: {}
]]></system-out>
    </testcase>
  </testsuite>
  <testsuite timestamp="2025-05-13T07:15:03" time="1070.89" tests="14" failures="6" errors="6" skipped="0">
    <properties>
      <property name="specId" value="0" />
      <property name="suiteName" value="Create master data for mixed billing &amp; do billing calculation US151661" />
      <property name="capabilities" value="chrome.136_0_7103_49.windows" />
      <property name="file" value="file:///D:/a/1/s/test/specs/BTS/billing-calculation-mixed.spec.js" />
    </properties>
    <testcase classname="chrome.136_0_7103_49.windows.Create_master_data_for_mixed_billing_&amp;_do_billing_calculation_US151661" name="Should create a new yard" time="101.787">
      <system-out><![CDATA[
COMMAND: POST /session/3c9b041fc044676a58cc73ba58d1a297/window/fullscreen - {}
RESULT: {}
COMMAND: POST /session/3c9b041fc044676a58cc73ba58d1a297/execute/async - {"script":"<script> [1562 bytes]","args":[{"selector":{"controlType":"sap.m.GenericTile","properties":{"header":"Manage Yards"}},"wdio_ui5_key":"sapm.GenericTile{\"header\":\"Manage Yards\"}"}]}
RESULT: {"script":"<script> [1562 bytes]","args":[{"selector":{"controlType":"sap.m.GenericTile","properties":{"header":"Manage Yards"}},"wdio_ui5_key":"sapm.GenericTile{\"header\":\"Manage Yards\"}"}]}
RESULT: undefined
COMMAND: POST /session/3c9b041fc044676a58cc73ba58d1a297/element - {"using":"xpath","value":"//*[@id=\"__tile41\"]"}
RESULT: {"using":"xpath","value":"//*[@id=\"__tile41\"]"}
COMMAND: POST /session/3c9b041fc044676a58cc73ba58d1a297/element/f.9E3361242BDECB3802103B61B67CD02C.d.22E58AEB2FB85273704F4B28A9DB861F.e.4287/click - {}
RESULT: {}
COMMAND: POST /session/3c9b041fc044676a58cc73ba58d1a297/element - {"using":"xpath","value":"//button[@data-kt=\"addNewYardOverflowToolbarButton\"]"}
COMMAND: GET /session/3c9b041fc044676a58cc73ba58d1a297/screenshot - {}
RESULT: {"using":"xpath","value":"//button[@data-kt=\"addNewYardOverflowToolbarButton\"]"}
COMMAND: POST /session/3c9b041fc044676a58cc73ba58d1a297/elements - {"using":"xpath","value":"//button[@data-kt=\"addNewYardOverflowToolbarButton\"]"}
RESULT: {}
RESULT: {"using":"xpath","value":"//button[@data-kt=\"addNewYardOverflowToolbarButton\"]"}
COMMAND: POST /session/3c9b041fc044676a58cc73ba58d1a297/elements - {"using":"xpath","value":"//button[@data-kt=\"addNewYardOverflowToolbarButton\"]"}
RESULT: {"using":"xpath","value":"//button[@data-kt=\"addNewYardOverflowToolbarButton\"]"}
COMMAND: POST /session/3c9b041fc044676a58cc73ba58d1a297/elements - {"using":"xpath","value":"//button[@data-kt=\"addNewYardOverflowToolbarButton\"]"}
RESULT: {"using":"xpath","value":"//button[@data-kt=\"addNewYardOverflowToolbarButton\"]"}
COMMAND: POST /session/3c9b041fc044676a58cc73ba58d1a297/elements - {"using":"xpath","value":"//button[@data-kt=\"addNewYardOverflowToolbarButton\"]"}
RESULT: {"using":"xpath","value":"//button[@data-kt=\"addNewYardOverflowToolbarButton\"]"}
COMMAND: POST /session/3c9b041fc044676a58cc73ba58d1a297/elements - {"using":"xpath","value":"//button[@data-kt=\"addNewYardOverflowToolbarButton\"]"}
RESULT: {"using":"xpath","value":"//button[@data-kt=\"addNewYardOverflowToolbarButton\"]"}
COMMAND: POST /session/3c9b041fc044676a58cc73ba58d1a297/elements - {"using":"xpath","value":"//button[@data-kt=\"addNewYardOverflowToolbarButton\"]"}
RESULT: {"using":"xpath","value":"//button[@data-kt=\"addNewYardOverflowToolbarButton\"]"}
COMMAND: POST /session/3c9b041fc044676a58cc73ba58d1a297/elements - {"using":"xpath","value":"//button[@data-kt=\"addNewYardOverflowToolbarButton\"]"}
RESULT: {"using":"xpath","value":"//button[@data-kt=\"addNewYardOverflowToolbarButton\"]"}
COMMAND: POST /session/3c9b041fc044676a58cc73ba58d1a297/elements - {"using":"xpath","value":"//button[@data-kt=\"addNewYardOverflowToolbarButton\"]"}
RESULT: {"using":"xpath","value":"//button[@data-kt=\"addNewYardOverflowToolbarButton\"]"}
COMMAND: POST /session/3c9b041fc044676a58cc73ba58d1a297/elements - {"using":"xpath","value":"//button[@data-kt=\"addNewYardOverflowToolbarButton\"]"}
RESULT: {"using":"xpath","value":"//button[@data-kt=\"addNewYardOverflowToolbarButton\"]"}
COMMAND: POST /session/3c9b041fc044676a58cc73ba58d1a297/elements - {"using":"xpath","value":"//button[@data-kt=\"addNewYardOverflowToolbarButton\"]"}
RESULT: {"using":"xpath","value":"//button[@data-kt=\"addNewYardOverflowToolbarButton\"]"}
COMMAND: POST /session/3c9b041fc044676a58cc73ba58d1a297/elements - {"using":"xpath","value":"//button[@data-kt=\"addNewYardOverflowToolbarButton\"]"}
RESULT: {"using":"xpath","value":"//button[@data-kt=\"addNewYardOverflowToolbarButton\"]"}
COMMAND: POST /session/3c9b041fc044676a58cc73ba58d1a297/elements - {"using":"xpath","value":"//button[@data-kt=\"addNewYardOverflowToolbarButton\"]"}
RESULT: {"using":"xpath","value":"//button[@data-kt=\"addNewYardOverflowToolbarButton\"]"}
COMMAND: POST /session/3c9b041fc044676a58cc73ba58d1a297/elements - {"using":"xpath","value":"//button[@data-kt=\"addNewYardOverflowToolbarButton\"]"}
RESULT: {"using":"xpath","value":"//button[@data-kt=\"addNewYardOverflowToolbarButton\"]"}
COMMAND: POST /session/3c9b041fc044676a58cc73ba58d1a297/elements - {"using":"xpath","value":"//button[@data-kt=\"addNewYardOverflowToolbarButton\"]"}
RESULT: {"using":"xpath","value":"//button[@data-kt=\"addNewYardOverflowToolbarButton\"]"}
COMMAND: POST /session/3c9b041fc044676a58cc73ba58d1a297/elements - {"using":"xpath","value":"//button[@data-kt=\"addNewYardOverflowToolbarButton\"]"}
RESULT: {"using":"xpath","value":"//button[@data-kt=\"addNewYardOverflowToolbarButton\"]"}
COMMAND: POST /session/3c9b041fc044676a58cc73ba58d1a297/elements - {"using":"xpath","value":"//button[@data-kt=\"addNewYardOverflowToolbarButton\"]"}
RESULT: {"using":"xpath","value":"//button[@data-kt=\"addNewYardOverflowToolbarButton\"]"}
COMMAND: POST /session/3c9b041fc044676a58cc73ba58d1a297/elements - {"using":"xpath","value":"//button[@data-kt=\"addNewYardOverflowToolbarButton\"]"}
RESULT: {"using":"xpath","value":"//button[@data-kt=\"addNewYardOverflowToolbarButton\"]"}
COMMAND: POST /session/3c9b041fc044676a58cc73ba58d1a297/element - {"using":"xpath","value":"//button[@data-kt=\"addNewYardOverflowToolbarButton\"]"}
RESULT: {"using":"xpath","value":"//button[@data-kt=\"addNewYardOverflowToolbarButton\"]"}
COMMAND: POST /session/3c9b041fc044676a58cc73ba58d1a297/execute/sync - {"script":"<script> [8489 bytes]","args":[{"element-6066-11e4-a52e-4f735466cecf":"f.9E3361242BDECB3802103B61B67CD02C.d.22E58AEB2FB85273704F4B28A9DB861F.e.4421","ELEMENT":"f.9E3361242BDECB3802103B61B67CD02C.d.22E58AEB2FB85273704F4B28A9DB861F.e.4421"}]}
RESULT: {"script":"<script> [8489 bytes]","args":[{"element-6066-11e4-a52e-4f735466cecf":"f.9E3361242BDECB3802103B61B67CD02C.d.22E58AEB2FB85273704F4B28A9DB861F.e.4421","ELEMENT":"f.9E3361242BDECB3802103B61B67CD02C.d.22E58AEB2FB85273704F4B28A9DB861F.e.4421"}]}
COMMAND: GET /session/3c9b041fc044676a58cc73ba58d1a297/element/f.9E3361242BDECB3802103B61B67CD02C.d.22E58AEB2FB85273704F4B28A9DB861F.e.4421/enabled - {}
COMMAND: GET /session/3c9b041fc044676a58cc73ba58d1a297/screenshot - {}
RESULT: {}
COMMAND: POST /session/3c9b041fc044676a58cc73ba58d1a297/execute/sync - {"script":"<script> [8489 bytes]","args":[{"element-6066-11e4-a52e-4f735466cecf":"f.9E3361242BDECB3802103B61B67CD02C.d.22E58AEB2FB85273704F4B28A9DB861F.e.4421","ELEMENT":"f.9E3361242BDECB3802103B61B67CD02C.d.22E58AEB2FB85273704F4B28A9DB861F.e.4421"}]}
COMMAND: GET /session/3c9b041fc044676a58cc73ba58d1a297/screenshot - {}
RESULT: {}
RESULT: {}
RESULT: {"script":"<script> [8489 bytes]","args":[{"element-6066-11e4-a52e-4f735466cecf":"f.9E3361242BDECB3802103B61B67CD02C.d.22E58AEB2FB85273704F4B28A9DB861F.e.4421","ELEMENT":"f.9E3361242BDECB3802103B61B67CD02C.d.22E58AEB2FB85273704F4B28A9DB861F.e.4421"}]}
COMMAND: POST /session/3c9b041fc044676a58cc73ba58d1a297/execute/sync - {"script":"<script> [5351 bytes]","args":[{"element-6066-11e4-a52e-4f735466cecf":"f.9E3361242BDECB3802103B61B67CD02C.d.22E58AEB2FB85273704F4B28A9DB861F.e.4421","ELEMENT":"f.9E3361242BDECB3802103B61B67CD02C.d.22E58AEB2FB85273704F4B28A9DB861F.e.4421"}]}
COMMAND: GET /session/3c9b041fc044676a58cc73ba58d1a297/screenshot - {}
RESULT: {"script":"<script> [5351 bytes]","args":[{"element-6066-11e4-a52e-4f735466cecf":"f.9E3361242BDECB3802103B61B67CD02C.d.22E58AEB2FB85273704F4B28A9DB861F.e.4421","ELEMENT":"f.9E3361242BDECB3802103B61B67CD02C.d.22E58AEB2FB85273704F4B28A9DB861F.e.4421"}]}
COMMAND: POST /session/3c9b041fc044676a58cc73ba58d1a297/element/f.9E3361242BDECB3802103B61B67CD02C.d.22E58AEB2FB85273704F4B28A9DB861F.e.4421/click - {}
COMMAND: GET /session/3c9b041fc044676a58cc73ba58d1a297/screenshot - {}
RESULT: {}
RESULT: {}
COMMAND: GET /session/3c9b041fc044676a58cc73ba58d1a297/screenshot - {}
RESULT: {}
RESULT: {}
COMMAND: POST /session/3c9b041fc044676a58cc73ba58d1a297/element - {"using":"xpath","value":"//input[@id=\"application-manageyards-display-component---NewYard--yardId-inner\"]"}
RESULT: {"using":"xpath","value":"//input[@id=\"application-manageyards-display-component---NewYard--yardId-inner\"]"}
COMMAND: POST /session/3c9b041fc044676a58cc73ba58d1a297/element - {"using":"xpath","value":"//input[@id=\"application-manageyards-display-component---NewYard--yardId-inner\"]"}
RESULT: {"using":"xpath","value":"//input[@id=\"application-manageyards-display-component---NewYard--yardId-inner\"]"}
COMMAND: POST /session/3c9b041fc044676a58cc73ba58d1a297/execute/async - {"script":"<script> [1562 bytes]","args":[{"selector":{"id":"application-manageyards-display-component---NewYard--addressDetailDetailsName1","interaction":{"idSuffix":"inner"}},"wdio_ui5_key":"applicationmanageyards-display-component---NewYard--addressDetailDetailsName1"}]}
RESULT: {"script":"<script> [1562 bytes]","args":[{"selector":{"id":"application-manageyards-display-component---NewYard--addressDetailDetailsName1","interaction":{"idSuffix":"inner"}},"wdio_ui5_key":"applicationmanageyards-display-component---NewYard--addressDetailDetailsName1"}]}
RESULT: undefined
COMMAND: POST /session/3c9b041fc044676a58cc73ba58d1a297/execute/async - {"script":"<script> [776 bytes]","args":[{"enterText":"Intercompany Yard wdIO","selector":{"id":"application-manageyards-display-component---NewYard--addressDetailDetailsName1","interaction":{"idSuffix":"inner"}},"clearTextFirst":true,"interactionType":"ENTER_TEXT"}]}
RESULT: {"script":"<script> [776 bytes]","args":[{"enterText":"Intercompany Yard wdIO","selector":{"id":"application-manageyards-display-component---NewYard--addressDetailDetailsName1","interaction":{"idSuffix":"inner"}},"clearTextFirst":true,"interactionType":"ENTER_TEXT"}]}
COMMAND: POST /session/3c9b041fc044676a58cc73ba58d1a297/execute/async - {"script":"<script> [1562 bytes]","args":[{"selector":{"id":"application-manageyards-display-component---NewYard--addressDetailDetailsLanguage-arrow"},"wdio_ui5_key":"applicationmanageyards-display-component---NewYard--addressDetailDetailsLanguage-arrow"}]}
RESULT: {"script":"<script> [1562 bytes]","args":[{"selector":{"id":"application-manageyards-display-component---NewYard--addressDetailDetailsLanguage-arrow"},"wdio_ui5_key":"applicationmanageyards-display-component---NewYard--addressDetailDetailsLanguage-arrow"}]}
RESULT: undefined
COMMAND: POST /session/3c9b041fc044676a58cc73ba58d1a297/element - {"using":"xpath","value":"//*[@id=\"application-manageyards-display-component---NewYard--addressDetailDetailsLanguage-arrow\"]"}
RESULT: {"using":"xpath","value":"//*[@id=\"application-manageyards-display-component---NewYard--addressDetailDetailsLanguage-arrow\"]"}
COMMAND: POST /session/3c9b041fc044676a58cc73ba58d1a297/element/f.9E3361242BDECB3802103B61B67CD02C.d.22E58AEB2FB85273704F4B28A9DB861F.e.4844/click - {}
RESULT: {}
COMMAND: POST /session/3c9b041fc044676a58cc73ba58d1a297/element - {"using":"xpath","value":"//span[contains(text(), \"English\")]"}
COMMAND: GET /session/3c9b041fc044676a58cc73ba58d1a297/screenshot - {}
RESULT: {"using":"xpath","value":"//span[contains(text(), \"English\")]"}
COMMAND: POST /session/3c9b041fc044676a58cc73ba58d1a297/element/f.9E3361242BDECB3802103B61B67CD02C.d.22E58AEB2FB85273704F4B28A9DB861F.e.4845/click - {}
RESULT: {}
RESULT: {}
COMMAND: POST /session/3c9b041fc044676a58cc73ba58d1a297/execute/async - {"script":"<script> [1562 bytes]","args":[{"selector":{"id":"application-manageyards-display-component---NewYard--addressDetailDetailsCity1","interaction":{"idSuffix":"inner"}},"wdio_ui5_key":"applicationmanageyards-display-component---NewYard--addressDetailDetailsCity1"}]}
COMMAND: GET /session/3c9b041fc044676a58cc73ba58d1a297/screenshot - {}
RESULT: {"script":"<script> [1562 bytes]","args":[{"selector":{"id":"application-manageyards-display-component---NewYard--addressDetailDetailsCity1","interaction":{"idSuffix":"inner"}},"wdio_ui5_key":"applicationmanageyards-display-component---NewYard--addressDetailDetailsCity1"}]}
RESULT: undefined
COMMAND: POST /session/3c9b041fc044676a58cc73ba58d1a297/execute/async - {"script":"<script> [776 bytes]","args":[{"enterText":"Rosario","selector":{"id":"application-manageyards-display-component---NewYard--addressDetailDetailsCity1","interaction":{"idSuffix":"inner"}},"clearTextFirst":true,"interactionType":"ENTER_TEXT"}]}
RESULT: {}
RESULT: {"script":"<script> [776 bytes]","args":[{"enterText":"Rosario","selector":{"id":"application-manageyards-display-component---NewYard--addressDetailDetailsCity1","interaction":{"idSuffix":"inner"}},"clearTextFirst":true,"interactionType":"ENTER_TEXT"}]}
COMMAND: POST /session/3c9b041fc044676a58cc73ba58d1a297/execute/async - {"script":"<script> [1562 bytes]","args":[{"selector":{"id":"application-manageyards-display-component---NewYard--addressDetailDetailsCountry-arrow"},"wdio_ui5_key":"applicationmanageyards-display-component---NewYard--addressDetailDetailsCountry-arrow"}]}
RESULT: {"script":"<script> [1562 bytes]","args":[{"selector":{"id":"application-manageyards-display-component---NewYard--addressDetailDetailsCountry-arrow"},"wdio_ui5_key":"applicationmanageyards-display-component---NewYard--addressDetailDetailsCountry-arrow"}]}
RESULT: undefined
COMMAND: POST /session/3c9b041fc044676a58cc73ba58d1a297/element - {"using":"xpath","value":"//*[@id=\"application-manageyards-display-component---NewYard--addressDetailDetailsCountry-arrow\"]"}
RESULT: {"using":"xpath","value":"//*[@id=\"application-manageyards-display-component---NewYard--addressDetailDetailsCountry-arrow\"]"}
COMMAND: POST /session/3c9b041fc044676a58cc73ba58d1a297/element/f.9E3361242BDECB3802103B61B67CD02C.d.22E58AEB2FB85273704F4B28A9DB861F.e.4847/click - {}
RESULT: {}
COMMAND: POST /session/3c9b041fc044676a58cc73ba58d1a297/element - {"using":"xpath","value":"//span[contains(text(), \"Argentina\")]"}
COMMAND: GET /session/3c9b041fc044676a58cc73ba58d1a297/screenshot - {}
RESULT: {"using":"xpath","value":"//span[contains(text(), \"Argentina\")]"}
COMMAND: POST /session/3c9b041fc044676a58cc73ba58d1a297/element/f.9E3361242BDECB3802103B61B67CD02C.d.22E58AEB2FB85273704F4B28A9DB861F.e.4849/click - {}
RESULT: {}
RESULT: {}
COMMAND: POST /session/3c9b041fc044676a58cc73ba58d1a297/execute/async - {"script":"<script> [1562 bytes]","args":[{"selector":{"id":"application-manageyards-display-component---NewYard--addressEditDetailsCostObjectCstType-arrow"},"wdio_ui5_key":"applicationmanageyards-display-component---NewYard--addressEditDetailsCostObjectCstType-arrow"}]}
COMMAND: GET /session/3c9b041fc044676a58cc73ba58d1a297/screenshot - {}
RESULT: {"script":"<script> [1562 bytes]","args":[{"selector":{"id":"application-manageyards-display-component---NewYard--addressEditDetailsCostObjectCstType-arrow"},"wdio_ui5_key":"applicationmanageyards-display-component---NewYard--addressEditDetailsCostObjectCstType-arrow"}]}
RESULT: undefined
COMMAND: POST /session/3c9b041fc044676a58cc73ba58d1a297/element - {"using":"xpath","value":"//*[@id=\"application-manageyards-display-component---NewYard--addressEditDetailsCostObjectCstType-arrow\"]"}
RESULT: {}
RESULT: {"using":"xpath","value":"//*[@id=\"application-manageyards-display-component---NewYard--addressEditDetailsCostObjectCstType-arrow\"]"}
COMMAND: POST /session/3c9b041fc044676a58cc73ba58d1a297/element/f.9E3361242BDECB3802103B61B67CD02C.d.22E58AEB2FB85273704F4B28A9DB861F.e.4850/click - {}
RESULT: {}
COMMAND: POST /session/3c9b041fc044676a58cc73ba58d1a297/element - {"using":"xpath","value":"//span[contains(text(), \"Cost Center\")]"}
COMMAND: GET /session/3c9b041fc044676a58cc73ba58d1a297/screenshot - {}
RESULT: {"using":"xpath","value":"//span[contains(text(), \"Cost Center\")]"}
COMMAND: POST /session/3c9b041fc044676a58cc73ba58d1a297/element/f.9E3361242BDECB3802103B61B67CD02C.d.22E58AEB2FB85273704F4B28A9DB861F.e.4851/click - {}
RESULT: {}
RESULT: {}
COMMAND: GET /session/3c9b041fc044676a58cc73ba58d1a297/screenshot - {}
RESULT: {}
COMMAND: POST /session/3c9b041fc044676a58cc73ba58d1a297/element - {"using":"xpath","value":"//span[@id=\"application-manageyards-display-component---NewYard--addressNewCostObjectCstID-vhi\"]"}
RESULT: {"using":"xpath","value":"//span[@id=\"application-manageyards-display-component---NewYard--addressNewCostObjectCstID-vhi\"]"}
COMMAND: POST /session/3c9b041fc044676a58cc73ba58d1a297/execute/sync - {"script":"<script> [8489 bytes]","args":[{"element-6066-11e4-a52e-4f735466cecf":"f.9E3361242BDECB3802103B61B67CD02C.d.22E58AEB2FB85273704F4B28A9DB861F.e.4855","ELEMENT":"f.9E3361242BDECB3802103B61B67CD02C.d.22E58AEB2FB85273704F4B28A9DB861F.e.4855"}]}
RESULT: {"script":"<script> [8489 bytes]","args":[{"element-6066-11e4-a52e-4f735466cecf":"f.9E3361242BDECB3802103B61B67CD02C.d.22E58AEB2FB85273704F4B28A9DB861F.e.4855","ELEMENT":"f.9E3361242BDECB3802103B61B67CD02C.d.22E58AEB2FB85273704F4B28A9DB861F.e.4855"}]}
COMMAND: POST /session/3c9b041fc044676a58cc73ba58d1a297/execute/async - {"script":"<script> [1562 bytes]","args":[{"selector":{"id":"application-manageyards-display-component---NewYard--addressNewCostObjectCstID-vhi"},"wdio_ui5_key":"applicationmanageyards-display-component---NewYard--addressNewCostObjectCstID-vhi"}]}
COMMAND: GET /session/3c9b041fc044676a58cc73ba58d1a297/screenshot - {}
RESULT: {"script":"<script> [1562 bytes]","args":[{"selector":{"id":"application-manageyards-display-component---NewYard--addressNewCostObjectCstID-vhi"},"wdio_ui5_key":"applicationmanageyards-display-component---NewYard--addressNewCostObjectCstID-vhi"}]}
RESULT: undefined
COMMAND: POST /session/3c9b041fc044676a58cc73ba58d1a297/element - {"using":"xpath","value":"//*[@id=\"application-manageyards-display-component---NewYard--addressNewCostObjectCstID-vhi\"]"}
RESULT: {}
RESULT: {"using":"xpath","value":"//*[@id=\"application-manageyards-display-component---NewYard--addressNewCostObjectCstID-vhi\"]"}
COMMAND: POST /session/3c9b041fc044676a58cc73ba58d1a297/element/f.9E3361242BDECB3802103B61B67CD02C.d.22E58AEB2FB85273704F4B28A9DB861F.e.4855/click - {}
RESULT: {}
COMMAND: GET /session/3c9b041fc044676a58cc73ba58d1a297/screenshot - {}
RESULT: {}
COMMAND: POST /session/3c9b041fc044676a58cc73ba58d1a297/execute/async - {"script":"<script> [1562 bytes]","args":[{"selector":{"controlType":"sap.m.SearchField","properties":{"placeholder":"Search"},"searchOpenDialogs":true,"interaction":{"idSuffix":"I"}},"wdio_ui5_key":"sapm.SearchField{\"placeholder\":\"Search\"}"}]}
RESULT: {"script":"<script> [1562 bytes]","args":[{"selector":{"controlType":"sap.m.SearchField","properties":{"placeholder":"Search"},"searchOpenDialogs":true,"interaction":{"idSuffix":"I"}},"wdio_ui5_key":"sapm.SearchField{\"placeholder\":\"Search\"}"}]}
RESULT: undefined
COMMAND: POST /session/3c9b041fc044676a58cc73ba58d1a297/execute/async - {"script":"<script> [776 bytes]","args":[{"enterText":"10001013","selector":{"controlType":"sap.m.SearchField","properties":{"placeholder":"Search"},"searchOpenDialogs":true,"interaction":{"idSuffix":"I"}},"clearTextFirst":true,"interactionType":"ENTER_TEXT"}]}
RESULT: {"script":"<script> [776 bytes]","args":[{"enterText":"10001013","selector":{"controlType":"sap.m.SearchField","properties":{"placeholder":"Search"},"searchOpenDialogs":true,"interaction":{"idSuffix":"I"}},"clearTextFirst":true,"interactionType":"ENTER_TEXT"}]}
COMMAND: POST /session/3c9b041fc044676a58cc73ba58d1a297/actions - {"actions":[{"id":"action19","type":"key","parameters":{},"actions":[{"type":"keyDown","value":"î€‡"},{"type":"pause","duration":10},{"type":"keyUp","value":"î€‡"}]}]}
RESULT: {"actions":[{"id":"action19","type":"key","parameters":{},"actions":[{"type":"keyDown","value":"î€‡"},{"type":"pause","duration":10},{"type":"keyUp","value":"î€‡"}]}]}
COMMAND: GET /session/3c9b041fc044676a58cc73ba58d1a297/screenshot - {}
RESULT: {}
COMMAND: POST /session/3c9b041fc044676a58cc73ba58d1a297/element - {"using":"xpath","value":"//span[contains(text(), \"General Management\")]"}
RESULT: {"using":"xpath","value":"//span[contains(text(), \"General Management\")]"}
COMMAND: POST /session/3c9b041fc044676a58cc73ba58d1a297/element/f.9E3361242BDECB3802103B61B67CD02C.d.22E58AEB2FB85273704F4B28A9DB861F.e.4897/click - {}
RESULT: {}
COMMAND: GET /session/3c9b041fc044676a58cc73ba58d1a297/screenshot - {}
RESULT: {}
COMMAND: POST /session/3c9b041fc044676a58cc73ba58d1a297/element - {"using":"xpath","value":"//bdi[contains(text(), \"OK\")]"}
RESULT: {"using":"xpath","value":"//bdi[contains(text(), \"OK\")]"}
COMMAND: POST /session/3c9b041fc044676a58cc73ba58d1a297/element/f.9E3361242BDECB3802103B61B67CD02C.d.22E58AEB2FB85273704F4B28A9DB861F.e.4898/click - {}
RESULT: {}
COMMAND: GET /session/3c9b041fc044676a58cc73ba58d1a297/screenshot - {}
RESULT: {}
COMMAND: POST /session/3c9b041fc044676a58cc73ba58d1a297/execute/async - {"script":"<script> [1562 bytes]","args":[{"selector":{"id":"application-manageyards-display-component---NewYard--addressEditDetailsCurrency-arrow"},"wdio_ui5_key":"applicationmanageyards-display-component---NewYard--addressEditDetailsCurrency-arrow"}]}
RESULT: {"script":"<script> [1562 bytes]","args":[{"selector":{"id":"application-manageyards-display-component---NewYard--addressEditDetailsCurrency-arrow"},"wdio_ui5_key":"applicationmanageyards-display-component---NewYard--addressEditDetailsCurrency-arrow"}]}
RESULT: undefined
COMMAND: POST /session/3c9b041fc044676a58cc73ba58d1a297/element - {"using":"xpath","value":"//*[@id=\"application-manageyards-display-component---NewYard--addressEditDetailsCurrency-arrow\"]"}
RESULT: {"using":"xpath","value":"//*[@id=\"application-manageyards-display-component---NewYard--addressEditDetailsCurrency-arrow\"]"}
COMMAND: POST /session/3c9b041fc044676a58cc73ba58d1a297/element/f.9E3361242BDECB3802103B61B67CD02C.d.22E58AEB2FB85273704F4B28A9DB861F.e.4901/click - {}
RESULT: {}
COMMAND: POST /session/3c9b041fc044676a58cc73ba58d1a297/element - {"using":"xpath","value":"//span[contains(text(), \"Euro\")]"}
COMMAND: GET /session/3c9b041fc044676a58cc73ba58d1a297/screenshot - {}
RESULT: {"using":"xpath","value":"//span[contains(text(), \"Euro\")]"}
COMMAND: POST /session/3c9b041fc044676a58cc73ba58d1a297/element/f.9E3361242BDECB3802103B61B67CD02C.d.22E58AEB2FB85273704F4B28A9DB861F.e.4902/click - {}
RESULT: {}
RESULT: {}
COMMAND: POST /session/3c9b041fc044676a58cc73ba58d1a297/execute/async - {"script":"<script> [1562 bytes]","args":[{"selector":{"controlType":"sap.m.Input","viewName":"etm.portal.ui.manageyards.view.New","viewId":"application-manageyards-display-component---NewYard","bindingPath":{"path":"","propertyPath":"/CONTROLLING_AREA","modelName":"NewYardModel"},"interaction":{"idSuffix":"inner"}},"wdio_ui5_key":"etmportal.ui.manageyards.view.Newsap.m.Input{\"path\":\"\",\"propertyPath\":\"/CONTROLLING_AREA\",\"modelName\":\"NewYardModel\"}"}]}
COMMAND: GET /session/3c9b041fc044676a58cc73ba58d1a297/screenshot - {}
RESULT: {"script":"<script> [1562 bytes]","args":[{"selector":{"controlType":"sap.m.Input","viewName":"etm.portal.ui.manageyards.view.New","viewId":"application-manageyards-display-component---NewYard","bindingPath":{"path":"","propertyPath":"/CONTROLLING_AREA","modelName":"NewYardModel"},"interaction":{"idSuffix":"inner"}},"wdio_ui5_key":"etmportal.ui.manageyards.view.Newsap.m.Input{\"path\":\"\",\"propertyPath\":\"/CONTROLLING_AREA\",\"modelName\":\"NewYardModel\"}"}]}
RESULT: undefined
COMMAND: POST /session/3c9b041fc044676a58cc73ba58d1a297/execute/async - {"script":"<script> [776 bytes]","args":[{"enterText":"Z001","selector":{"controlType":"sap.m.Input","viewName":"etm.portal.ui.manageyards.view.New","viewId":"application-manageyards-display-component---NewYard","bindingPath":{"path":"","propertyPath":"/CONTROLLING_AREA","modelName":"NewYardModel"},"interaction":{"idSuffix":"inner"}},"clearTextFirst":true,"interactionType":"ENTER_TEXT"}]}
RESULT: {}
RESULT: {"script":"<script> [776 bytes]","args":[{"enterText":"Z001","selector":{"controlType":"sap.m.Input","viewName":"etm.portal.ui.manageyards.view.New","viewId":"application-manageyards-display-component---NewYard","bindingPath":{"path":"","propertyPath":"/CONTROLLING_AREA","modelName":"NewYardModel"},"interaction":{"idSuffix":"inner"}},"clearTextFirst":true,"interactionType":"ENTER_TEXT"}]}
COMMAND: POST /session/3c9b041fc044676a58cc73ba58d1a297/execute/async - {"script":"<script> [1562 bytes]","args":[{"selector":{"id":"application-manageyards-display-component---NewYard--companyCodeComboBox","interaction":{"idSuffix":"inner"}},"wdio_ui5_key":"applicationmanageyards-display-component---NewYard--companyCodeComboBox"}]}
RESULT: {"script":"<script> [1562 bytes]","args":[{"selector":{"id":"application-manageyards-display-component---NewYard--companyCodeComboBox","interaction":{"idSuffix":"inner"}},"wdio_ui5_key":"applicationmanageyards-display-component---NewYard--companyCodeComboBox"}]}
RESULT: undefined
COMMAND: POST /session/3c9b041fc044676a58cc73ba58d1a297/execute/async - {"script":"<script> [776 bytes]","args":[{"enterText":"1000","selector":{"id":"application-manageyards-display-component---NewYard--companyCodeComboBox","interaction":{"idSuffix":"inner"}},"clearTextFirst":true,"interactionType":"ENTER_TEXT"}]}
RESULT: {"script":"<script> [776 bytes]","args":[{"enterText":"1000","selector":{"id":"application-manageyards-display-component---NewYard--companyCodeComboBox","interaction":{"idSuffix":"inner"}},"clearTextFirst":true,"interactionType":"ENTER_TEXT"}]}
COMMAND: POST /session/3c9b041fc044676a58cc73ba58d1a297/execute/async - {"script":"<script> [1562 bytes]","args":[{"selector":{"controlType":"sap.m.Input","viewName":"etm.portal.ui.manageyards.view.New","viewId":"application-manageyards-display-component---NewYard","bindingPath":{"path":"","propertyPath":"/PLANT","modelName":"NewYardModel"},"interaction":{"idSuffix":"inner"}},"wdio_ui5_key":"etmportal.ui.manageyards.view.Newsap.m.Input{\"path\":\"\",\"propertyPath\":\"/PLANT\",\"modelName\":\"NewYardModel\"}"}]}
RESULT: {"script":"<script> [1562 bytes]","args":[{"selector":{"controlType":"sap.m.Input","viewName":"etm.portal.ui.manageyards.view.New","viewId":"application-manageyards-display-component---NewYard","bindingPath":{"path":"","propertyPath":"/PLANT","modelName":"NewYardModel"},"interaction":{"idSuffix":"inner"}},"wdio_ui5_key":"etmportal.ui.manageyards.view.Newsap.m.Input{\"path\":\"\",\"propertyPath\":\"/PLANT\",\"modelName\":\"NewYardModel\"}"}]}
RESULT: undefined
COMMAND: POST /session/3c9b041fc044676a58cc73ba58d1a297/execute/async - {"script":"<script> [776 bytes]","args":[{"enterText":"1001","selector":{"controlType":"sap.m.Input","viewName":"etm.portal.ui.manageyards.view.New","viewId":"application-manageyards-display-component---NewYard","bindingPath":{"path":"","propertyPath":"/PLANT","modelName":"NewYardModel"},"interaction":{"idSuffix":"inner"}},"clearTextFirst":true,"interactionType":"ENTER_TEXT"}]}
RESULT: {"script":"<script> [776 bytes]","args":[{"enterText":"1001","selector":{"controlType":"sap.m.Input","viewName":"etm.portal.ui.manageyards.view.New","viewId":"application-manageyards-display-component---NewYard","bindingPath":{"path":"","propertyPath":"/PLANT","modelName":"NewYardModel"},"interaction":{"idSuffix":"inner"}},"clearTextFirst":true,"interactionType":"ENTER_TEXT"}]}
COMMAND: POST /session/3c9b041fc044676a58cc73ba58d1a297/execute/async - {"script":"<script> [1562 bytes]","args":[{"selector":{"controlType":"sap.m.Input","viewName":"etm.portal.ui.manageyards.view.New","viewId":"application-manageyards-display-component---NewYard","bindingPath":{"path":"","propertyPath":"/SALES_AREA_VKORG","modelName":"NewYardModel"},"interaction":{"idSuffix":"inner"}},"wdio_ui5_key":"etmportal.ui.manageyards.view.Newsap.m.Input{\"path\":\"\",\"propertyPath\":\"/SALES_AREA_VKORG\",\"modelName\":\"NewYardModel\"}"}]}
RESULT: {"script":"<script> [1562 bytes]","args":[{"selector":{"controlType":"sap.m.Input","viewName":"etm.portal.ui.manageyards.view.New","viewId":"application-manageyards-display-component---NewYard","bindingPath":{"path":"","propertyPath":"/SALES_AREA_VKORG","modelName":"NewYardModel"},"interaction":{"idSuffix":"inner"}},"wdio_ui5_key":"etmportal.ui.manageyards.view.Newsap.m.Input{\"path\":\"\",\"propertyPath\":\"/SALES_AREA_VKORG\",\"modelName\":\"NewYardModel\"}"}]}
RESULT: undefined
COMMAND: POST /session/3c9b041fc044676a58cc73ba58d1a297/execute/async - {"script":"<script> [776 bytes]","args":[{"enterText":"C002","selector":{"controlType":"sap.m.Input","viewName":"etm.portal.ui.manageyards.view.New","viewId":"application-manageyards-display-component---NewYard","bindingPath":{"path":"","propertyPath":"/SALES_AREA_VKORG","modelName":"NewYardModel"},"interaction":{"idSuffix":"inner"}},"clearTextFirst":true,"interactionType":"ENTER_TEXT"}]}
RESULT: {"script":"<script> [776 bytes]","args":[{"enterText":"C002","selector":{"controlType":"sap.m.Input","viewName":"etm.portal.ui.manageyards.view.New","viewId":"application-manageyards-display-component---NewYard","bindingPath":{"path":"","propertyPath":"/SALES_AREA_VKORG","modelName":"NewYardModel"},"interaction":{"idSuffix":"inner"}},"clearTextFirst":true,"interactionType":"ENTER_TEXT"}]}
COMMAND: POST /session/3c9b041fc044676a58cc73ba58d1a297/execute/async - {"script":"<script> [1562 bytes]","args":[{"selector":{"controlType":"sap.m.Input","viewName":"etm.portal.ui.manageyards.view.New","viewId":"application-manageyards-display-component---NewYard","bindingPath":{"path":"","propertyPath":"/SALES_AREA_VTWEG","modelName":"NewYardModel"},"interaction":{"idSuffix":"inner"}},"wdio_ui5_key":"etmportal.ui.manageyards.view.Newsap.m.Input{\"path\":\"\",\"propertyPath\":\"/SALES_AREA_VTWEG\",\"modelName\":\"NewYardModel\"}"}]}
RESULT: {"script":"<script> [1562 bytes]","args":[{"selector":{"controlType":"sap.m.Input","viewName":"etm.portal.ui.manageyards.view.New","viewId":"application-manageyards-display-component---NewYard","bindingPath":{"path":"","propertyPath":"/SALES_AREA_VTWEG","modelName":"NewYardModel"},"interaction":{"idSuffix":"inner"}},"wdio_ui5_key":"etmportal.ui.manageyards.view.Newsap.m.Input{\"path\":\"\",\"propertyPath\":\"/SALES_AREA_VTWEG\",\"modelName\":\"NewYardModel\"}"}]}
RESULT: undefined
COMMAND: POST /session/3c9b041fc044676a58cc73ba58d1a297/execute/async - {"script":"<script> [776 bytes]","args":[{"enterText":"C2","selector":{"controlType":"sap.m.Input","viewName":"etm.portal.ui.manageyards.view.New","viewId":"application-manageyards-display-component---NewYard","bindingPath":{"path":"","propertyPath":"/SALES_AREA_VTWEG","modelName":"NewYardModel"},"interaction":{"idSuffix":"inner"}},"clearTextFirst":true,"interactionType":"ENTER_TEXT"}]}
RESULT: {"script":"<script> [776 bytes]","args":[{"enterText":"C2","selector":{"controlType":"sap.m.Input","viewName":"etm.portal.ui.manageyards.view.New","viewId":"application-manageyards-display-component---NewYard","bindingPath":{"path":"","propertyPath":"/SALES_AREA_VTWEG","modelName":"NewYardModel"},"interaction":{"idSuffix":"inner"}},"clearTextFirst":true,"interactionType":"ENTER_TEXT"}]}
COMMAND: POST /session/3c9b041fc044676a58cc73ba58d1a297/execute/async - {"script":"<script> [1562 bytes]","args":[{"selector":{"controlType":"sap.m.Input","viewName":"etm.portal.ui.manageyards.view.New","viewId":"application-manageyards-display-component---NewYard","bindingPath":{"path":"","propertyPath":"/SALES_AREA_SPART","modelName":"NewYardModel"},"interaction":{"idSuffix":"inner"}},"wdio_ui5_key":"etmportal.ui.manageyards.view.Newsap.m.Input{\"path\":\"\",\"propertyPath\":\"/SALES_AREA_SPART\",\"modelName\":\"NewYardModel\"}"}]}
RESULT: {"script":"<script> [1562 bytes]","args":[{"selector":{"controlType":"sap.m.Input","viewName":"etm.portal.ui.manageyards.view.New","viewId":"application-manageyards-display-component---NewYard","bindingPath":{"path":"","propertyPath":"/SALES_AREA_SPART","modelName":"NewYardModel"},"interaction":{"idSuffix":"inner"}},"wdio_ui5_key":"etmportal.ui.manageyards.view.Newsap.m.Input{\"path\":\"\",\"propertyPath\":\"/SALES_AREA_SPART\",\"modelName\":\"NewYardModel\"}"}]}
RESULT: undefined
COMMAND: POST /session/3c9b041fc044676a58cc73ba58d1a297/execute/async - {"script":"<script> [776 bytes]","args":[{"enterText":"C2","selector":{"controlType":"sap.m.Input","viewName":"etm.portal.ui.manageyards.view.New","viewId":"application-manageyards-display-component---NewYard","bindingPath":{"path":"","propertyPath":"/SALES_AREA_SPART","modelName":"NewYardModel"},"interaction":{"idSuffix":"inner"}},"clearTextFirst":true,"interactionType":"ENTER_TEXT"}]}
RESULT: {"script":"<script> [776 bytes]","args":[{"enterText":"C2","selector":{"controlType":"sap.m.Input","viewName":"etm.portal.ui.manageyards.view.New","viewId":"application-manageyards-display-component---NewYard","bindingPath":{"path":"","propertyPath":"/SALES_AREA_SPART","modelName":"NewYardModel"},"interaction":{"idSuffix":"inner"}},"clearTextFirst":true,"interactionType":"ENTER_TEXT"}]}
COMMAND: POST /session/3c9b041fc044676a58cc73ba58d1a297/execute/async - {"script":"<script> [1562 bytes]","args":[{"selector":{"controlType":"sap.m.Input","viewName":"etm.portal.ui.manageyards.view.New","viewId":"application-manageyards-display-component---NewYard","bindingPath":{"path":"","propertyPath":"/SHIP_POINT","modelName":"NewYardModel"},"interaction":{"idSuffix":"inner"}},"wdio_ui5_key":"etmportal.ui.manageyards.view.Newsap.m.Input{\"path\":\"\",\"propertyPath\":\"/SHIP_POINT\",\"modelName\":\"NewYardModel\"}"}]}
RESULT: {"script":"<script> [1562 bytes]","args":[{"selector":{"controlType":"sap.m.Input","viewName":"etm.portal.ui.manageyards.view.New","viewId":"application-manageyards-display-component---NewYard","bindingPath":{"path":"","propertyPath":"/SHIP_POINT","modelName":"NewYardModel"},"interaction":{"idSuffix":"inner"}},"wdio_ui5_key":"etmportal.ui.manageyards.view.Newsap.m.Input{\"path\":\"\",\"propertyPath\":\"/SHIP_POINT\",\"modelName\":\"NewYardModel\"}"}]}
RESULT: undefined
COMMAND: POST /session/3c9b041fc044676a58cc73ba58d1a297/execute/async - {"script":"<script> [776 bytes]","args":[{"enterText":"1710","selector":{"controlType":"sap.m.Input","viewName":"etm.portal.ui.manageyards.view.New","viewId":"application-manageyards-display-component---NewYard","bindingPath":{"path":"","propertyPath":"/SHIP_POINT","modelName":"NewYardModel"},"interaction":{"idSuffix":"inner"}},"clearTextFirst":true,"interactionType":"ENTER_TEXT"}]}
RESULT: {"script":"<script> [776 bytes]","args":[{"enterText":"1710","selector":{"controlType":"sap.m.Input","viewName":"etm.portal.ui.manageyards.view.New","viewId":"application-manageyards-display-component---NewYard","bindingPath":{"path":"","propertyPath":"/SHIP_POINT","modelName":"NewYardModel"},"interaction":{"idSuffix":"inner"}},"clearTextFirst":true,"interactionType":"ENTER_TEXT"}]}
COMMAND: POST /session/3c9b041fc044676a58cc73ba58d1a297/execute/async - {"script":"<script> [1562 bytes]","args":[{"selector":{"controlType":"sap.m.Input","viewName":"etm.portal.ui.manageyards.view.New","viewId":"application-manageyards-display-component---NewYard","bindingPath":{"path":"","propertyPath":"/DELIVERY_TYPE","modelName":"NewYardModel"},"interaction":{"idSuffix":"inner"}},"wdio_ui5_key":"etmportal.ui.manageyards.view.Newsap.m.Input{\"path\":\"\",\"propertyPath\":\"/DELIVERY_TYPE\",\"modelName\":\"NewYardModel\"}"}]}
RESULT: {"script":"<script> [1562 bytes]","args":[{"selector":{"controlType":"sap.m.Input","viewName":"etm.portal.ui.manageyards.view.New","viewId":"application-manageyards-display-component---NewYard","bindingPath":{"path":"","propertyPath":"/DELIVERY_TYPE","modelName":"NewYardModel"},"interaction":{"idSuffix":"inner"}},"wdio_ui5_key":"etmportal.ui.manageyards.view.Newsap.m.Input{\"path\":\"\",\"propertyPath\":\"/DELIVERY_TYPE\",\"modelName\":\"NewYardModel\"}"}]}
RESULT: undefined
COMMAND: POST /session/3c9b041fc044676a58cc73ba58d1a297/execute/async - {"script":"<script> [776 bytes]","args":[{"enterText":"ZL01","selector":{"controlType":"sap.m.Input","viewName":"etm.portal.ui.manageyards.view.New","viewId":"application-manageyards-display-component---NewYard","bindingPath":{"path":"","propertyPath":"/DELIVERY_TYPE","modelName":"NewYardModel"},"interaction":{"idSuffix":"inner"}},"clearTextFirst":true,"interactionType":"ENTER_TEXT"}]}
RESULT: {"script":"<script> [776 bytes]","args":[{"enterText":"ZL01","selector":{"controlType":"sap.m.Input","viewName":"etm.portal.ui.manageyards.view.New","viewId":"application-manageyards-display-component---NewYard","bindingPath":{"path":"","propertyPath":"/DELIVERY_TYPE","modelName":"NewYardModel"},"interaction":{"idSuffix":"inner"}},"clearTextFirst":true,"interactionType":"ENTER_TEXT"}]}
COMMAND: POST /session/3c9b041fc044676a58cc73ba58d1a297/execute/async - {"script":"<script> [1562 bytes]","args":[{"selector":{"controlType":"sap.m.Input","viewName":"etm.portal.ui.manageyards.view.New","viewId":"application-manageyards-display-component---NewYard","bindingPath":{"path":"","propertyPath":"/AUART","modelName":"NewYardModel"},"interaction":{"idSuffix":"inner"}},"wdio_ui5_key":"etmportal.ui.manageyards.view.Newsap.m.Input{\"path\":\"\",\"propertyPath\":\"/AUART\",\"modelName\":\"NewYardModel\"}"}]}
RESULT: {"script":"<script> [1562 bytes]","args":[{"selector":{"controlType":"sap.m.Input","viewName":"etm.portal.ui.manageyards.view.New","viewId":"application-manageyards-display-component---NewYard","bindingPath":{"path":"","propertyPath":"/AUART","modelName":"NewYardModel"},"interaction":{"idSuffix":"inner"}},"wdio_ui5_key":"etmportal.ui.manageyards.view.Newsap.m.Input{\"path\":\"\",\"propertyPath\":\"/AUART\",\"modelName\":\"NewYardModel\"}"}]}
RESULT: undefined
COMMAND: POST /session/3c9b041fc044676a58cc73ba58d1a297/execute/async - {"script":"<script> [776 bytes]","args":[{"enterText":"TA","selector":{"controlType":"sap.m.Input","viewName":"etm.portal.ui.manageyards.view.New","viewId":"application-manageyards-display-component---NewYard","bindingPath":{"path":"","propertyPath":"/AUART","modelName":"NewYardModel"},"interaction":{"idSuffix":"inner"}},"clearTextFirst":true,"interactionType":"ENTER_TEXT"}]}
RESULT: {"script":"<script> [776 bytes]","args":[{"enterText":"TA","selector":{"controlType":"sap.m.Input","viewName":"etm.portal.ui.manageyards.view.New","viewId":"application-manageyards-display-component---NewYard","bindingPath":{"path":"","propertyPath":"/AUART","modelName":"NewYardModel"},"interaction":{"idSuffix":"inner"}},"clearTextFirst":true,"interactionType":"ENTER_TEXT"}]}
COMMAND: POST /session/3c9b041fc044676a58cc73ba58d1a297/element - {"using":"xpath","value":"//button[@data-kt=\"newYardSaveButton\"]"}
RESULT: {"using":"xpath","value":"//button[@data-kt=\"newYardSaveButton\"]"}
COMMAND: POST /session/3c9b041fc044676a58cc73ba58d1a297/element/f.9E3361242BDECB3802103B61B67CD02C.d.22E58AEB2FB85273704F4B28A9DB861F.e.4796/click - {}
RESULT: {}
COMMAND: GET /session/3c9b041fc044676a58cc73ba58d1a297/screenshot - {}
RESULT: {}
COMMAND: POST /session/3c9b041fc044676a58cc73ba58d1a297/element - {"using":"xpath","value":"//header[contains(@id, 'ObjectPageLayout-headerTitle')]/div[1]/div[2]/div[1]/span[1]"}
RESULT: {"using":"xpath","value":"//header[contains(@id, 'ObjectPageLayout-headerTitle')]/div[1]/div[2]/div[1]/span[1]"}
COMMAND: POST /session/3c9b041fc044676a58cc73ba58d1a297/elements - {"using":"xpath","value":"//header[contains(@id, 'ObjectPageLayout-headerTitle')]/div[1]/div[2]/div[1]/span[1]"}
RESULT: {"using":"xpath","value":"//header[contains(@id, 'ObjectPageLayout-headerTitle')]/div[1]/div[2]/div[1]/span[1]"}
COMMAND: POST /session/3c9b041fc044676a58cc73ba58d1a297/execute/sync - {"script":"<script> [56 bytes]","args":[{"element-6066-11e4-a52e-4f735466cecf":"f.9E3361242BDECB3802103B61B67CD02C.d.22E58AEB2FB85273704F4B28A9DB861F.e.5119","ELEMENT":"f.9E3361242BDECB3802103B61B67CD02C.d.22E58AEB2FB85273704F4B28A9DB861F.e.5119"}]}
RESULT: {"script":"<script> [56 bytes]","args":[{"element-6066-11e4-a52e-4f735466cecf":"f.9E3361242BDECB3802103B61B67CD02C.d.22E58AEB2FB85273704F4B28A9DB861F.e.5119","ELEMENT":"f.9E3361242BDECB3802103B61B67CD02C.d.22E58AEB2FB85273704F4B28A9DB861F.e.5119"}]}
COMMAND: GET /session/3c9b041fc044676a58cc73ba58d1a297/screenshot - {}
RESULT: {}
COMMAND: POST /session/3c9b041fc044676a58cc73ba58d1a297/element - {"using":"css selector","value":"#shell-header-logo"}
RESULT: {"using":"css selector","value":"#shell-header-logo"}
COMMAND: POST /session/3c9b041fc044676a58cc73ba58d1a297/element/f.9E3361242BDECB3802103B61B67CD02C.d.22E58AEB2FB85273704F4B28A9DB861F.e.4388/click - {}
RESULT: {}
COMMAND: GET /session/3c9b041fc044676a58cc73ba58d1a297/screenshot - {}
RESULT: {}
COMMAND: POST /session/3c9b041fc044676a58cc73ba58d1a297/execute/sync - {"script":"<script> [299 bytes]","args":[["getModel","getResource"]]}
RESULT: {"script":"<script> [299 bytes]","args":[["getModel","getResource"]]}
COMMAND: GET /session/3c9b041fc044676a58cc73ba58d1a297/screenshot - {}
]]></system-out>
    </testcase>
    <testcase classname="chrome.136_0_7103_49.windows.Create_master_data_for_mixed_billing_&amp;_do_billing_calculation_US151661" name="Should create a new partner" time="124.04">
      <system-out><![CDATA[
COMMAND: POST /session/3c9b041fc044676a58cc73ba58d1a297/window/fullscreen - {}
RESULT: {}
RESULT: {}
COMMAND: POST /session/3c9b041fc044676a58cc73ba58d1a297/execute/async - {"script":"<script> [1562 bytes]","args":[{"selector":{"controlType":"sap.m.GenericTile","properties":{"header":"Manage Partners"}},"wdio_ui5_key":"sapm.GenericTile{\"header\":\"Manage Partners\"}"}]}
RESULT: {"script":"<script> [1562 bytes]","args":[{"selector":{"controlType":"sap.m.GenericTile","properties":{"header":"Manage Partners"}},"wdio_ui5_key":"sapm.GenericTile{\"header\":\"Manage Partners\"}"}]}
RESULT: undefined
COMMAND: POST /session/3c9b041fc044676a58cc73ba58d1a297/element - {"using":"xpath","value":"//*[@id=\"__tile38\"]"}
RESULT: {"using":"xpath","value":"//*[@id=\"__tile38\"]"}
COMMAND: POST /session/3c9b041fc044676a58cc73ba58d1a297/element/f.9E3361242BDECB3802103B61B67CD02C.d.22E58AEB2FB85273704F4B28A9DB861F.e.4278/click - {}
RESULT: {}
COMMAND: POST /session/3c9b041fc044676a58cc73ba58d1a297/element - {"using":"xpath","value":"//button[@data-kt=\"addButton\"]"}
COMMAND: GET /session/3c9b041fc044676a58cc73ba58d1a297/screenshot - {}
RESULT: {"using":"xpath","value":"//button[@data-kt=\"addButton\"]"}
COMMAND: POST /session/3c9b041fc044676a58cc73ba58d1a297/elements - {"using":"xpath","value":"//button[@data-kt=\"addButton\"]"}
RESULT: {}
RESULT: {"using":"xpath","value":"//button[@data-kt=\"addButton\"]"}
COMMAND: POST /session/3c9b041fc044676a58cc73ba58d1a297/elements - {"using":"xpath","value":"//button[@data-kt=\"addButton\"]"}
RESULT: {"using":"xpath","value":"//button[@data-kt=\"addButton\"]"}
COMMAND: POST /session/3c9b041fc044676a58cc73ba58d1a297/elements - {"using":"xpath","value":"//button[@data-kt=\"addButton\"]"}
RESULT: {"using":"xpath","value":"//button[@data-kt=\"addButton\"]"}
COMMAND: POST /session/3c9b041fc044676a58cc73ba58d1a297/elements - {"using":"xpath","value":"//button[@data-kt=\"addButton\"]"}
RESULT: {"using":"xpath","value":"//button[@data-kt=\"addButton\"]"}
COMMAND: POST /session/3c9b041fc044676a58cc73ba58d1a297/elements - {"using":"xpath","value":"//button[@data-kt=\"addButton\"]"}
RESULT: {"using":"xpath","value":"//button[@data-kt=\"addButton\"]"}
COMMAND: POST /session/3c9b041fc044676a58cc73ba58d1a297/elements - {"using":"xpath","value":"//button[@data-kt=\"addButton\"]"}
RESULT: {"using":"xpath","value":"//button[@data-kt=\"addButton\"]"}
COMMAND: POST /session/3c9b041fc044676a58cc73ba58d1a297/elements - {"using":"xpath","value":"//button[@data-kt=\"addButton\"]"}
RESULT: {"using":"xpath","value":"//button[@data-kt=\"addButton\"]"}
COMMAND: POST /session/3c9b041fc044676a58cc73ba58d1a297/elements - {"using":"xpath","value":"//button[@data-kt=\"addButton\"]"}
RESULT: {"using":"xpath","value":"//button[@data-kt=\"addButton\"]"}
COMMAND: POST /session/3c9b041fc044676a58cc73ba58d1a297/elements - {"using":"xpath","value":"//button[@data-kt=\"addButton\"]"}
RESULT: {"using":"xpath","value":"//button[@data-kt=\"addButton\"]"}
COMMAND: POST /session/3c9b041fc044676a58cc73ba58d1a297/elements - {"using":"xpath","value":"//button[@data-kt=\"addButton\"]"}
RESULT: {"using":"xpath","value":"//button[@data-kt=\"addButton\"]"}
COMMAND: POST /session/3c9b041fc044676a58cc73ba58d1a297/elements - {"using":"xpath","value":"//button[@data-kt=\"addButton\"]"}
RESULT: {"using":"xpath","value":"//button[@data-kt=\"addButton\"]"}
COMMAND: POST /session/3c9b041fc044676a58cc73ba58d1a297/elements - {"using":"xpath","value":"//button[@data-kt=\"addButton\"]"}
RESULT: {"using":"xpath","value":"//button[@data-kt=\"addButton\"]"}
COMMAND: POST /session/3c9b041fc044676a58cc73ba58d1a297/elements - {"using":"xpath","value":"//button[@data-kt=\"addButton\"]"}
RESULT: {"using":"xpath","value":"//button[@data-kt=\"addButton\"]"}
COMMAND: POST /session/3c9b041fc044676a58cc73ba58d1a297/elements - {"using":"xpath","value":"//button[@data-kt=\"addButton\"]"}
RESULT: {"using":"xpath","value":"//button[@data-kt=\"addButton\"]"}
COMMAND: POST /session/3c9b041fc044676a58cc73ba58d1a297/elements - {"using":"xpath","value":"//button[@data-kt=\"addButton\"]"}
RESULT: {"using":"xpath","value":"//button[@data-kt=\"addButton\"]"}
COMMAND: POST /session/3c9b041fc044676a58cc73ba58d1a297/elements - {"using":"xpath","value":"//button[@data-kt=\"addButton\"]"}
RESULT: {"using":"xpath","value":"//button[@data-kt=\"addButton\"]"}
COMMAND: POST /session/3c9b041fc044676a58cc73ba58d1a297/elements - {"using":"xpath","value":"//button[@data-kt=\"addButton\"]"}
RESULT: {"using":"xpath","value":"//button[@data-kt=\"addButton\"]"}
COMMAND: POST /session/3c9b041fc044676a58cc73ba58d1a297/element - {"using":"xpath","value":"//button[@data-kt=\"addButton\"]"}
RESULT: {"using":"xpath","value":"//button[@data-kt=\"addButton\"]"}
COMMAND: POST /session/3c9b041fc044676a58cc73ba58d1a297/execute/sync - {"script":"<script> [8489 bytes]","args":[{"element-6066-11e4-a52e-4f735466cecf":"f.9E3361242BDECB3802103B61B67CD02C.d.22E58AEB2FB85273704F4B28A9DB861F.e.5158","ELEMENT":"f.9E3361242BDECB3802103B61B67CD02C.d.22E58AEB2FB85273704F4B28A9DB861F.e.5158"}]}
RESULT: {"script":"<script> [8489 bytes]","args":[{"element-6066-11e4-a52e-4f735466cecf":"f.9E3361242BDECB3802103B61B67CD02C.d.22E58AEB2FB85273704F4B28A9DB861F.e.5158","ELEMENT":"f.9E3361242BDECB3802103B61B67CD02C.d.22E58AEB2FB85273704F4B28A9DB861F.e.5158"}]}
COMMAND: GET /session/3c9b041fc044676a58cc73ba58d1a297/element/f.9E3361242BDECB3802103B61B67CD02C.d.22E58AEB2FB85273704F4B28A9DB861F.e.5158/enabled - {}
COMMAND: GET /session/3c9b041fc044676a58cc73ba58d1a297/screenshot - {}
RESULT: {}
COMMAND: POST /session/3c9b041fc044676a58cc73ba58d1a297/execute/sync - {"script":"<script> [8489 bytes]","args":[{"element-6066-11e4-a52e-4f735466cecf":"f.9E3361242BDECB3802103B61B67CD02C.d.22E58AEB2FB85273704F4B28A9DB861F.e.5158","ELEMENT":"f.9E3361242BDECB3802103B61B67CD02C.d.22E58AEB2FB85273704F4B28A9DB861F.e.5158"}]}
COMMAND: GET /session/3c9b041fc044676a58cc73ba58d1a297/screenshot - {}
RESULT: {}
RESULT: {"script":"<script> [8489 bytes]","args":[{"element-6066-11e4-a52e-4f735466cecf":"f.9E3361242BDECB3802103B61B67CD02C.d.22E58AEB2FB85273704F4B28A9DB861F.e.5158","ELEMENT":"f.9E3361242BDECB3802103B61B67CD02C.d.22E58AEB2FB85273704F4B28A9DB861F.e.5158"}]}
COMMAND: POST /session/3c9b041fc044676a58cc73ba58d1a297/execute/sync - {"script":"<script> [5351 bytes]","args":[{"element-6066-11e4-a52e-4f735466cecf":"f.9E3361242BDECB3802103B61B67CD02C.d.22E58AEB2FB85273704F4B28A9DB861F.e.5158","ELEMENT":"f.9E3361242BDECB3802103B61B67CD02C.d.22E58AEB2FB85273704F4B28A9DB861F.e.5158"}]}
COMMAND: GET /session/3c9b041fc044676a58cc73ba58d1a297/screenshot - {}
RESULT: {}
RESULT: {"script":"<script> [5351 bytes]","args":[{"element-6066-11e4-a52e-4f735466cecf":"f.9E3361242BDECB3802103B61B67CD02C.d.22E58AEB2FB85273704F4B28A9DB861F.e.5158","ELEMENT":"f.9E3361242BDECB3802103B61B67CD02C.d.22E58AEB2FB85273704F4B28A9DB861F.e.5158"}]}
COMMAND: POST /session/3c9b041fc044676a58cc73ba58d1a297/element/f.9E3361242BDECB3802103B61B67CD02C.d.22E58AEB2FB85273704F4B28A9DB861F.e.5158/click - {}
COMMAND: GET /session/3c9b041fc044676a58cc73ba58d1a297/screenshot - {}
RESULT: {}
RESULT: {}
COMMAND: GET /session/3c9b041fc044676a58cc73ba58d1a297/screenshot - {}
COMMAND: POST /session/3c9b041fc044676a58cc73ba58d1a297/execute/async - {"script":"<script> [1562 bytes]","args":[{"selector":{"id":"application-managepartners-display-component---NewPartner--addressDetailDetailsName1","interaction":{"idSuffix":"inner"}},"wdio_ui5_key":"applicationmanagepartners-display-component---NewPartner--addressDetailDetailsName1"}]}
RESULT: {}
RESULT: {}
RESULT: {"script":"<script> [1562 bytes]","args":[{"selector":{"id":"application-managepartners-display-component---NewPartner--addressDetailDetailsName1","interaction":{"idSuffix":"inner"}},"wdio_ui5_key":"applicationmanagepartners-display-component---NewPartner--addressDetailDetailsName1"}]}
RESULT: undefined
COMMAND: POST /session/3c9b041fc044676a58cc73ba58d1a297/execute/async - {"script":"<script> [776 bytes]","args":[{"enterText":"Intercompany Partner WDIO","selector":{"id":"application-managepartners-display-component---NewPartner--addressDetailDetailsName1","interaction":{"idSuffix":"inner"}},"clearTextFirst":true,"interactionType":"ENTER_TEXT"}]}
RESULT: {"script":"<script> [776 bytes]","args":[{"enterText":"Intercompany Partner WDIO","selector":{"id":"application-managepartners-display-component---NewPartner--addressDetailDetailsName1","interaction":{"idSuffix":"inner"}},"clearTextFirst":true,"interactionType":"ENTER_TEXT"}]}
COMMAND: POST /session/3c9b041fc044676a58cc73ba58d1a297/execute/async - {"script":"<script> [1562 bytes]","args":[{"selector":{"id":"application-managepartners-display-component---NewPartner--addressDetailDetailsLanguage-arrow"},"wdio_ui5_key":"applicationmanagepartners-display-component---NewPartner--addressDetailDetailsLanguage-arrow"}]}
RESULT: {"script":"<script> [1562 bytes]","args":[{"selector":{"id":"application-managepartners-display-component---NewPartner--addressDetailDetailsLanguage-arrow"},"wdio_ui5_key":"applicationmanagepartners-display-component---NewPartner--addressDetailDetailsLanguage-arrow"}]}
RESULT: undefined
COMMAND: POST /session/3c9b041fc044676a58cc73ba58d1a297/element - {"using":"xpath","value":"//*[@id=\"application-managepartners-display-component---NewPartner--addressDetailDetailsLanguage-arrow\"]"}
RESULT: {"using":"xpath","value":"//*[@id=\"application-managepartners-display-component---NewPartner--addressDetailDetailsLanguage-arrow\"]"}
COMMAND: POST /session/3c9b041fc044676a58cc73ba58d1a297/element/f.9E3361242BDECB3802103B61B67CD02C.d.22E58AEB2FB85273704F4B28A9DB861F.e.5499/click - {}
RESULT: {}
COMMAND: POST /session/3c9b041fc044676a58cc73ba58d1a297/element - {"using":"xpath","value":"//span[contains(text(), \"English\")]"}
COMMAND: GET /session/3c9b041fc044676a58cc73ba58d1a297/screenshot - {}
RESULT: {"using":"xpath","value":"//span[contains(text(), \"English\")]"}
COMMAND: POST /session/3c9b041fc044676a58cc73ba58d1a297/element/f.9E3361242BDECB3802103B61B67CD02C.d.22E58AEB2FB85273704F4B28A9DB861F.e.5500/click - {}
RESULT: {}
RESULT: {}
COMMAND: GET /session/3c9b041fc044676a58cc73ba58d1a297/screenshot - {}
RESULT: {}
COMMAND: POST /session/3c9b041fc044676a58cc73ba58d1a297/execute/async - {"script":"<script> [1562 bytes]","args":[{"selector":{"id":"application-managepartners-display-component---NewPartner--addressDetailDetailsCity1","interaction":{"idSuffix":"inner"}},"wdio_ui5_key":"applicationmanagepartners-display-component---NewPartner--addressDetailDetailsCity1"}]}
RESULT: {"script":"<script> [1562 bytes]","args":[{"selector":{"id":"application-managepartners-display-component---NewPartner--addressDetailDetailsCity1","interaction":{"idSuffix":"inner"}},"wdio_ui5_key":"applicationmanagepartners-display-component---NewPartner--addressDetailDetailsCity1"}]}
RESULT: undefined
COMMAND: POST /session/3c9b041fc044676a58cc73ba58d1a297/execute/async - {"script":"<script> [776 bytes]","args":[{"enterText":"Rosario","selector":{"id":"application-managepartners-display-component---NewPartner--addressDetailDetailsCity1","interaction":{"idSuffix":"inner"}},"clearTextFirst":true,"interactionType":"ENTER_TEXT"}]}
RESULT: {"script":"<script> [776 bytes]","args":[{"enterText":"Rosario","selector":{"id":"application-managepartners-display-component---NewPartner--addressDetailDetailsCity1","interaction":{"idSuffix":"inner"}},"clearTextFirst":true,"interactionType":"ENTER_TEXT"}]}
COMMAND: POST /session/3c9b041fc044676a58cc73ba58d1a297/execute/async - {"script":"<script> [1562 bytes]","args":[{"selector":{"id":"application-managepartners-display-component---NewPartner--addressDetailDetailsCountry-arrow"},"wdio_ui5_key":"applicationmanagepartners-display-component---NewPartner--addressDetailDetailsCountry-arrow"}]}
RESULT: {"script":"<script> [1562 bytes]","args":[{"selector":{"id":"application-managepartners-display-component---NewPartner--addressDetailDetailsCountry-arrow"},"wdio_ui5_key":"applicationmanagepartners-display-component---NewPartner--addressDetailDetailsCountry-arrow"}]}
RESULT: undefined
COMMAND: POST /session/3c9b041fc044676a58cc73ba58d1a297/element - {"using":"xpath","value":"//*[@id=\"application-managepartners-display-component---NewPartner--addressDetailDetailsCountry-arrow\"]"}
RESULT: {"using":"xpath","value":"//*[@id=\"application-managepartners-display-component---NewPartner--addressDetailDetailsCountry-arrow\"]"}
COMMAND: POST /session/3c9b041fc044676a58cc73ba58d1a297/element/f.9E3361242BDECB3802103B61B67CD02C.d.22E58AEB2FB85273704F4B28A9DB861F.e.5493/click - {}
RESULT: {}
COMMAND: POST /session/3c9b041fc044676a58cc73ba58d1a297/element - {"using":"xpath","value":"//span[contains(text(), \"Argentina\")]"}
COMMAND: GET /session/3c9b041fc044676a58cc73ba58d1a297/screenshot - {}
RESULT: {"using":"xpath","value":"//span[contains(text(), \"Argentina\")]"}
COMMAND: POST /session/3c9b041fc044676a58cc73ba58d1a297/element/f.9E3361242BDECB3802103B61B67CD02C.d.22E58AEB2FB85273704F4B28A9DB861F.e.5502/click - {}
RESULT: {}
RESULT: {}
COMMAND: GET /session/3c9b041fc044676a58cc73ba58d1a297/screenshot - {}
RESULT: {}
COMMAND: POST /session/3c9b041fc044676a58cc73ba58d1a297/element - {"using":"xpath","value":"//bdi[contains(text(), \"Commercial\")]"}
RESULT: {"using":"xpath","value":"//bdi[contains(text(), \"Commercial\")]"}
COMMAND: POST /session/3c9b041fc044676a58cc73ba58d1a297/element/f.9E3361242BDECB3802103B61B67CD02C.d.22E58AEB2FB85273704F4B28A9DB861F.e.5503/click - {}
RESULT: {}
COMMAND: GET /session/3c9b041fc044676a58cc73ba58d1a297/screenshot - {}
RESULT: {}
COMMAND: POST /session/3c9b041fc044676a58cc73ba58d1a297/execute/async - {"script":"<script> [1562 bytes]","args":[{"selector":{"id":"application-managepartners-display-component---NewPartner--partnerDetailInternal-arrow"},"wdio_ui5_key":"applicationmanagepartners-display-component---NewPartner--partnerDetailInternal-arrow"}]}
RESULT: {"script":"<script> [1562 bytes]","args":[{"selector":{"id":"application-managepartners-display-component---NewPartner--partnerDetailInternal-arrow"},"wdio_ui5_key":"applicationmanagepartners-display-component---NewPartner--partnerDetailInternal-arrow"}]}
RESULT: undefined
COMMAND: POST /session/3c9b041fc044676a58cc73ba58d1a297/element - {"using":"xpath","value":"//*[@id=\"application-managepartners-display-component---NewPartner--partnerDetailInternal-arrow\"]"}
RESULT: {"using":"xpath","value":"//*[@id=\"application-managepartners-display-component---NewPartner--partnerDetailInternal-arrow\"]"}
COMMAND: POST /session/3c9b041fc044676a58cc73ba58d1a297/element/f.9E3361242BDECB3802103B61B67CD02C.d.22E58AEB2FB85273704F4B28A9DB861F.e.5509/click - {}
RESULT: {}
COMMAND: POST /session/3c9b041fc044676a58cc73ba58d1a297/element - {"using":"xpath","value":"//span[contains(text(), \"Affiliated company\")]"}
COMMAND: GET /session/3c9b041fc044676a58cc73ba58d1a297/screenshot - {}
RESULT: {"using":"xpath","value":"//span[contains(text(), \"Affiliated company\")]"}
COMMAND: POST /session/3c9b041fc044676a58cc73ba58d1a297/element/f.9E3361242BDECB3802103B61B67CD02C.d.22E58AEB2FB85273704F4B28A9DB861F.e.5510/click - {}
RESULT: {}
RESULT: {}
COMMAND: POST /session/3c9b041fc044676a58cc73ba58d1a297/execute/async - {"script":"<script> [1562 bytes]","args":[{"selector":{"id":"application-managepartners-display-component---NewPartner--partnerDetailsCurrency-arrow"},"wdio_ui5_key":"applicationmanagepartners-display-component---NewPartner--partnerDetailsCurrency-arrow"}]}
COMMAND: GET /session/3c9b041fc044676a58cc73ba58d1a297/screenshot - {}
RESULT: {"script":"<script> [1562 bytes]","args":[{"selector":{"id":"application-managepartners-display-component---NewPartner--partnerDetailsCurrency-arrow"},"wdio_ui5_key":"applicationmanagepartners-display-component---NewPartner--partnerDetailsCurrency-arrow"}]}
RESULT: undefined
COMMAND: POST /session/3c9b041fc044676a58cc73ba58d1a297/element - {"using":"xpath","value":"//*[@id=\"application-managepartners-display-component---NewPartner--partnerDetailsCurrency-arrow\"]"}
RESULT: {}
RESULT: {"using":"xpath","value":"//*[@id=\"application-managepartners-display-component---NewPartner--partnerDetailsCurrency-arrow\"]"}
COMMAND: POST /session/3c9b041fc044676a58cc73ba58d1a297/element/f.9E3361242BDECB3802103B61B67CD02C.d.22E58AEB2FB85273704F4B28A9DB861F.e.5517/click - {}
RESULT: {}
COMMAND: POST /session/3c9b041fc044676a58cc73ba58d1a297/element - {"using":"xpath","value":"//span[contains(text(), \"Euro\")]"}
COMMAND: GET /session/3c9b041fc044676a58cc73ba58d1a297/screenshot - {}
RESULT: {"using":"xpath","value":"//span[contains(text(), \"Euro\")]"}
COMMAND: POST /session/3c9b041fc044676a58cc73ba58d1a297/element/f.9E3361242BDECB3802103B61B67CD02C.d.22E58AEB2FB85273704F4B28A9DB861F.e.5518/click - {}
RESULT: {}
RESULT: {}
COMMAND: POST /session/3c9b041fc044676a58cc73ba58d1a297/execute/async - {"script":"<script> [1562 bytes]","args":[{"selector":{"id":"application-managepartners-display-component---NewPartner--addressEditDetailsCostObjectCstType-arrow"},"wdio_ui5_key":"applicationmanagepartners-display-component---NewPartner--addressEditDetailsCostObjectCstType-arrow"}]}
COMMAND: GET /session/3c9b041fc044676a58cc73ba58d1a297/screenshot - {}
RESULT: {"script":"<script> [1562 bytes]","args":[{"selector":{"id":"application-managepartners-display-component---NewPartner--addressEditDetailsCostObjectCstType-arrow"},"wdio_ui5_key":"applicationmanagepartners-display-component---NewPartner--addressEditDetailsCostObjectCstType-arrow"}]}
RESULT: undefined
COMMAND: POST /session/3c9b041fc044676a58cc73ba58d1a297/element - {"using":"xpath","value":"//*[@id=\"application-managepartners-display-component---NewPartner--addressEditDetailsCostObjectCstType-arrow\"]"}
RESULT: {}
RESULT: {"using":"xpath","value":"//*[@id=\"application-managepartners-display-component---NewPartner--addressEditDetailsCostObjectCstType-arrow\"]"}
COMMAND: POST /session/3c9b041fc044676a58cc73ba58d1a297/element/f.9E3361242BDECB3802103B61B67CD02C.d.22E58AEB2FB85273704F4B28A9DB861F.e.5519/click - {}
RESULT: {}
COMMAND: POST /session/3c9b041fc044676a58cc73ba58d1a297/element - {"using":"xpath","value":"//span[contains(text(), \"Cost Center\")]"}
COMMAND: GET /session/3c9b041fc044676a58cc73ba58d1a297/screenshot - {}
RESULT: {"using":"xpath","value":"//span[contains(text(), \"Cost Center\")]"}
COMMAND: POST /session/3c9b041fc044676a58cc73ba58d1a297/element/f.9E3361242BDECB3802103B61B67CD02C.d.22E58AEB2FB85273704F4B28A9DB861F.e.5520/click - {}
RESULT: {}
RESULT: {}
COMMAND: GET /session/3c9b041fc044676a58cc73ba58d1a297/screenshot - {}
RESULT: {}
COMMAND: POST /session/3c9b041fc044676a58cc73ba58d1a297/element - {"using":"xpath","value":"//span[@id=\"application-managepartners-display-component---NewPartner--addressNewCostObjectCstID-vhi\"]"}
RESULT: {"using":"xpath","value":"//span[@id=\"application-managepartners-display-component---NewPartner--addressNewCostObjectCstID-vhi\"]"}
COMMAND: POST /session/3c9b041fc044676a58cc73ba58d1a297/execute/sync - {"script":"<script> [8489 bytes]","args":[{"element-6066-11e4-a52e-4f735466cecf":"f.9E3361242BDECB3802103B61B67CD02C.d.22E58AEB2FB85273704F4B28A9DB861F.e.5524","ELEMENT":"f.9E3361242BDECB3802103B61B67CD02C.d.22E58AEB2FB85273704F4B28A9DB861F.e.5524"}]}
RESULT: {"script":"<script> [8489 bytes]","args":[{"element-6066-11e4-a52e-4f735466cecf":"f.9E3361242BDECB3802103B61B67CD02C.d.22E58AEB2FB85273704F4B28A9DB861F.e.5524","ELEMENT":"f.9E3361242BDECB3802103B61B67CD02C.d.22E58AEB2FB85273704F4B28A9DB861F.e.5524"}]}
COMMAND: POST /session/3c9b041fc044676a58cc73ba58d1a297/execute/async - {"script":"<script> [1562 bytes]","args":[{"selector":{"id":"application-managepartners-display-component---NewPartner--addressNewCostObjectCstID-vhi"},"wdio_ui5_key":"applicationmanagepartners-display-component---NewPartner--addressNewCostObjectCstID-vhi"}]}
COMMAND: GET /session/3c9b041fc044676a58cc73ba58d1a297/screenshot - {}
RESULT: {"script":"<script> [1562 bytes]","args":[{"selector":{"id":"application-managepartners-display-component---NewPartner--addressNewCostObjectCstID-vhi"},"wdio_ui5_key":"applicationmanagepartners-display-component---NewPartner--addressNewCostObjectCstID-vhi"}]}
RESULT: undefined
COMMAND: POST /session/3c9b041fc044676a58cc73ba58d1a297/element - {"using":"xpath","value":"//*[@id=\"application-managepartners-display-component---NewPartner--addressNewCostObjectCstID-vhi\"]"}
RESULT: {}
RESULT: {"using":"xpath","value":"//*[@id=\"application-managepartners-display-component---NewPartner--addressNewCostObjectCstID-vhi\"]"}
COMMAND: POST /session/3c9b041fc044676a58cc73ba58d1a297/element/f.9E3361242BDECB3802103B61B67CD02C.d.22E58AEB2FB85273704F4B28A9DB861F.e.5524/click - {}
RESULT: {}
COMMAND: GET /session/3c9b041fc044676a58cc73ba58d1a297/screenshot - {}
RESULT: {}
RESULT: undefined
COMMAND: POST /session/3c9b041fc044676a58cc73ba58d1a297/execute/async - {"script":"<script> [776 bytes]","args":[{"enterText":"10001013","selector":{"controlType":"sap.m.SearchField","properties":{"placeholder":"Search"},"searchOpenDialogs":true,"interaction":{"idSuffix":"I"}},"clearTextFirst":true,"interactionType":"ENTER_TEXT"}]}
RESULT: {"script":"<script> [776 bytes]","args":[{"enterText":"10001013","selector":{"controlType":"sap.m.SearchField","properties":{"placeholder":"Search"},"searchOpenDialogs":true,"interaction":{"idSuffix":"I"}},"clearTextFirst":true,"interactionType":"ENTER_TEXT"}]}
COMMAND: POST /session/3c9b041fc044676a58cc73ba58d1a297/actions - {"actions":[{"id":"action20","type":"key","parameters":{},"actions":[{"type":"keyDown","value":"î€‡"},{"type":"pause","duration":10},{"type":"keyUp","value":"î€‡"}]}]}
RESULT: {"actions":[{"id":"action20","type":"key","parameters":{},"actions":[{"type":"keyDown","value":"î€‡"},{"type":"pause","duration":10},{"type":"keyUp","value":"î€‡"}]}]}
COMMAND: GET /session/3c9b041fc044676a58cc73ba58d1a297/screenshot - {}
RESULT: {}
COMMAND: POST /session/3c9b041fc044676a58cc73ba58d1a297/element - {"using":"xpath","value":"//span[contains(text(), \"General Management\")]"}
RESULT: {"using":"xpath","value":"//span[contains(text(), \"General Management\")]"}
COMMAND: POST /session/3c9b041fc044676a58cc73ba58d1a297/element/f.9E3361242BDECB3802103B61B67CD02C.d.22E58AEB2FB85273704F4B28A9DB861F.e.5563/click - {}
RESULT: {}
COMMAND: GET /session/3c9b041fc044676a58cc73ba58d1a297/screenshot - {}
RESULT: {}
COMMAND: POST /session/3c9b041fc044676a58cc73ba58d1a297/element - {"using":"xpath","value":"//bdi[contains(text(), \"OK\")]"}
RESULT: {"using":"xpath","value":"//bdi[contains(text(), \"OK\")]"}
COMMAND: POST /session/3c9b041fc044676a58cc73ba58d1a297/element/f.9E3361242BDECB3802103B61B67CD02C.d.22E58AEB2FB85273704F4B28A9DB861F.e.5564/click - {}
RESULT: {}
COMMAND: GET /session/3c9b041fc044676a58cc73ba58d1a297/screenshot - {}
RESULT: {}
COMMAND: POST /session/3c9b041fc044676a58cc73ba58d1a297/element - {"using":"xpath","value":"//input[@id=\"application-managepartners-display-component---NewPartner--companyCodeComboBox-inner\"]"}
RESULT: {"using":"xpath","value":"//input[@id=\"application-managepartners-display-component---NewPartner--companyCodeComboBox-inner\"]"}
COMMAND: POST /session/3c9b041fc044676a58cc73ba58d1a297/element/f.9E3361242BDECB3802103B61B67CD02C.d.22E58AEB2FB85273704F4B28A9DB861F.e.5376/clear - {}
RESULT: {}
COMMAND: POST /session/3c9b041fc044676a58cc73ba58d1a297/element/f.9E3361242BDECB3802103B61B67CD02C.d.22E58AEB2FB85273704F4B28A9DB861F.e.5376/value - {"text":"C002"}
COMMAND: GET /session/3c9b041fc044676a58cc73ba58d1a297/screenshot - {}
RESULT: {"text":"C002"}
COMMAND: GET /session/3c9b041fc044676a58cc73ba58d1a297/screenshot - {}
RESULT: {}
RESULT: {}
COMMAND: POST /session/3c9b041fc044676a58cc73ba58d1a297/element - {"using":"xpath","value":"//li[.//span[text()= \"C002\"]]"}
RESULT: {"using":"xpath","value":"//li[.//span[text()= \"C002\"]]"}
COMMAND: POST /session/3c9b041fc044676a58cc73ba58d1a297/element/f.9E3361242BDECB3802103B61B67CD02C.d.22E58AEB2FB85273704F4B28A9DB861F.e.5570/click - {}
RESULT: {}
COMMAND: GET /session/3c9b041fc044676a58cc73ba58d1a297/screenshot - {}
RESULT: {}
COMMAND: POST /session/3c9b041fc044676a58cc73ba58d1a297/execute/async - {"script":"<script> [1562 bytes]","args":[{"selector":{"id":"application-managepartners-display-component---NewPartner--btnAddTableRow-img"},"wdio_ui5_key":"applicationmanagepartners-display-component---NewPartner--btnAddTableRow-img"}]}
RESULT: {"script":"<script> [1562 bytes]","args":[{"selector":{"id":"application-managepartners-display-component---NewPartner--btnAddTableRow-img"},"wdio_ui5_key":"applicationmanagepartners-display-component---NewPartner--btnAddTableRow-img"}]}
RESULT: undefined
COMMAND: POST /session/3c9b041fc044676a58cc73ba58d1a297/element - {"using":"xpath","value":"//*[@id=\"application-managepartners-display-component---NewPartner--btnAddTableRow-img\"]"}
RESULT: {"using":"xpath","value":"//*[@id=\"application-managepartners-display-component---NewPartner--btnAddTableRow-img\"]"}
COMMAND: POST /session/3c9b041fc044676a58cc73ba58d1a297/element/f.9E3361242BDECB3802103B61B67CD02C.d.22E58AEB2FB85273704F4B28A9DB861F.e.5571/click - {}
RESULT: {}
COMMAND: GET /session/3c9b041fc044676a58cc73ba58d1a297/screenshot - {}
RESULT: {}
COMMAND: POST /session/3c9b041fc044676a58cc73ba58d1a297/element - {"using":"xpath","value":"//input[@id=\"application-managepartners-display-component---NewPartner--assignmentYard-application-managepartners-display-component---NewPartner--assignmentsTable-0-inner\"]"}
RESULT: {"using":"xpath","value":"//input[@id=\"application-managepartners-display-component---NewPartner--assignmentYard-application-managepartners-display-component---NewPartner--assignmentsTable-0-inner\"]"}
COMMAND: POST /session/3c9b041fc044676a58cc73ba58d1a297/element/f.9E3361242BDECB3802103B61B67CD02C.d.22E58AEB2FB85273704F4B28A9DB861F.e.5574/clear - {}
RESULT: {}
COMMAND: POST /session/3c9b041fc044676a58cc73ba58d1a297/element/f.9E3361242BDECB3802103B61B67CD02C.d.22E58AEB2FB85273704F4B28A9DB861F.e.5574/value - {"text":"191"}
COMMAND: GET /session/3c9b041fc044676a58cc73ba58d1a297/screenshot - {}
RESULT: {"text":"191"}
COMMAND: GET /session/3c9b041fc044676a58cc73ba58d1a297/screenshot - {}
RESULT: {}
RESULT: {}
COMMAND: POST /session/3c9b041fc044676a58cc73ba58d1a297/element - {"using":"xpath","value":"//li[.//span[text()='191']]"}
RESULT: {"using":"xpath","value":"//li[.//span[text()='191']]"}
COMMAND: POST /session/3c9b041fc044676a58cc73ba58d1a297/element/f.9E3361242BDECB3802103B61B67CD02C.d.22E58AEB2FB85273704F4B28A9DB861F.e.5583/click - {}
RESULT: {}
COMMAND: GET /session/3c9b041fc044676a58cc73ba58d1a297/screenshot - {}
RESULT: {}
COMMAND: POST /session/3c9b041fc044676a58cc73ba58d1a297/actions - {"actions":[{"id":"action21","type":"key","parameters":{},"actions":[{"type":"keyDown","value":"î€‡"},{"type":"pause","duration":10},{"type":"keyUp","value":"î€‡"}]}]}
RESULT: {"actions":[{"id":"action21","type":"key","parameters":{},"actions":[{"type":"keyDown","value":"î€‡"},{"type":"pause","duration":10},{"type":"keyUp","value":"î€‡"}]}]}
COMMAND: POST /session/3c9b041fc044676a58cc73ba58d1a297/execute/async - {"script":"<script> [1562 bytes]","args":[{"selector":{"id":"application-managepartners-display-component---NewPartner--externalCustomerComboBox-application-managepartners-display-component---NewPartner--assignmentsTable-0-vhi"},"wdio_ui5_key":"applicationmanagepartners-display-component---NewPartner--externalCustomerComboBox-application-managepartners-display-component---NewPartner--assignmentsTable-0-vhi"}]}
COMMAND: GET /session/3c9b041fc044676a58cc73ba58d1a297/screenshot - {}
RESULT: {"script":"<script> [1562 bytes]","args":[{"selector":{"id":"application-managepartners-display-component---NewPartner--externalCustomerComboBox-application-managepartners-display-component---NewPartner--assignmentsTable-0-vhi"},"wdio_ui5_key":"applicationmanagepartners-display-component---NewPartner--externalCustomerComboBox-application-managepartners-display-component---NewPartner--assignmentsTable-0-vhi"}]}
RESULT: undefined
COMMAND: POST /session/3c9b041fc044676a58cc73ba58d1a297/element - {"using":"xpath","value":"//*[@id=\"application-managepartners-display-component---NewPartner--externalCustomerComboBox-application-managepartners-display-component---NewPartner--assignmentsTable-0-vhi\"]"}
RESULT: {}
RESULT: {"using":"xpath","value":"//*[@id=\"application-managepartners-display-component---NewPartner--externalCustomerComboBox-application-managepartners-display-component---NewPartner--assignmentsTable-0-vhi\"]"}
COMMAND: POST /session/3c9b041fc044676a58cc73ba58d1a297/element/f.9E3361242BDECB3802103B61B67CD02C.d.22E58AEB2FB85273704F4B28A9DB861F.e.5587/click - {}
RESULT: {}
RESULT: undefined
COMMAND: POST /session/3c9b041fc044676a58cc73ba58d1a297/execute/async - {"script":"<script> [776 bytes]","args":[{"enterText":"300003","selector":{"controlType":"sap.m.SearchField","properties":{"placeholder":"Search"},"searchOpenDialogs":true,"interaction":{"idSuffix":"I"}},"clearTextFirst":true,"interactionType":"ENTER_TEXT"}]}
COMMAND: GET /session/3c9b041fc044676a58cc73ba58d1a297/screenshot - {}
RESULT: {"script":"<script> [776 bytes]","args":[{"enterText":"300003","selector":{"controlType":"sap.m.SearchField","properties":{"placeholder":"Search"},"searchOpenDialogs":true,"interaction":{"idSuffix":"I"}},"clearTextFirst":true,"interactionType":"ENTER_TEXT"}]}
COMMAND: POST /session/3c9b041fc044676a58cc73ba58d1a297/actions - {"actions":[{"id":"action22","type":"key","parameters":{},"actions":[{"type":"keyDown","value":"î€‡"},{"type":"pause","duration":10},{"type":"keyUp","value":"î€‡"}]}]}
RESULT: {}
RESULT: {"actions":[{"id":"action22","type":"key","parameters":{},"actions":[{"type":"keyDown","value":"î€‡"},{"type":"pause","duration":10},{"type":"keyUp","value":"î€‡"}]}]}
COMMAND: GET /session/3c9b041fc044676a58cc73ba58d1a297/screenshot - {}
RESULT: {}
COMMAND: POST /session/3c9b041fc044676a58cc73ba58d1a297/element - {"using":"xpath","value":"//span[contains(text(), \"300003\")]"}
RESULT: {"using":"xpath","value":"//span[contains(text(), \"300003\")]"}
COMMAND: POST /session/3c9b041fc044676a58cc73ba58d1a297/element/f.9E3361242BDECB3802103B61B67CD02C.d.22E58AEB2FB85273704F4B28A9DB861F.e.5605/click - {}
RESULT: {}
COMMAND: GET /session/3c9b041fc044676a58cc73ba58d1a297/screenshot - {}
RESULT: {}
COMMAND: POST /session/3c9b041fc044676a58cc73ba58d1a297/element - {"using":"xpath","value":"//bdi[contains(text(), \"OK\")]"}
RESULT: {"using":"xpath","value":"//bdi[contains(text(), \"OK\")]"}
COMMAND: POST /session/3c9b041fc044676a58cc73ba58d1a297/element/f.9E3361242BDECB3802103B61B67CD02C.d.22E58AEB2FB85273704F4B28A9DB861F.e.5607/click - {}
RESULT: {}
COMMAND: GET /session/3c9b041fc044676a58cc73ba58d1a297/screenshot - {}
RESULT: {}
COMMAND: POST /session/3c9b041fc044676a58cc73ba58d1a297/execute/async - {"script":"<script> [1562 bytes]","args":[{"selector":{"id":"application-managepartners-display-component---NewPartner--intercompVendorComboBox-application-managepartners-display-component---NewPartner--assignmentsTable-0-vhi"},"wdio_ui5_key":"applicationmanagepartners-display-component---NewPartner--intercompVendorComboBox-application-managepartners-display-component---NewPartner--assignmentsTable-0-vhi"}]}
RESULT: {"script":"<script> [1562 bytes]","args":[{"selector":{"id":"application-managepartners-display-component---NewPartner--intercompVendorComboBox-application-managepartners-display-component---NewPartner--assignmentsTable-0-vhi"},"wdio_ui5_key":"applicationmanagepartners-display-component---NewPartner--intercompVendorComboBox-application-managepartners-display-component---NewPartner--assignmentsTable-0-vhi"}]}
RESULT: undefined
COMMAND: POST /session/3c9b041fc044676a58cc73ba58d1a297/element - {"using":"xpath","value":"//*[@id=\"application-managepartners-display-component---NewPartner--intercompVendorComboBox-application-managepartners-display-component---NewPartner--assignmentsTable-0-vhi\"]"}
RESULT: {"using":"xpath","value":"//*[@id=\"application-managepartners-display-component---NewPartner--intercompVendorComboBox-application-managepartners-display-component---NewPartner--assignmentsTable-0-vhi\"]"}
COMMAND: POST /session/3c9b041fc044676a58cc73ba58d1a297/element/f.9E3361242BDECB3802103B61B67CD02C.d.22E58AEB2FB85273704F4B28A9DB861F.e.5610/click - {}
RESULT: {}
RESULT: undefined
COMMAND: POST /session/3c9b041fc044676a58cc73ba58d1a297/execute/async - {"script":"<script> [776 bytes]","args":[{"enterText":"100005","selector":{"controlType":"sap.m.SearchField","properties":{"placeholder":"Search"},"searchOpenDialogs":true,"interaction":{"idSuffix":"I"}},"clearTextFirst":true,"interactionType":"ENTER_TEXT"}]}
COMMAND: GET /session/3c9b041fc044676a58cc73ba58d1a297/screenshot - {}
RESULT: {"script":"<script> [776 bytes]","args":[{"enterText":"100005","selector":{"controlType":"sap.m.SearchField","properties":{"placeholder":"Search"},"searchOpenDialogs":true,"interaction":{"idSuffix":"I"}},"clearTextFirst":true,"interactionType":"ENTER_TEXT"}]}
COMMAND: POST /session/3c9b041fc044676a58cc73ba58d1a297/actions - {"actions":[{"id":"action23","type":"key","parameters":{},"actions":[{"type":"keyDown","value":"î€‡"},{"type":"pause","duration":10},{"type":"keyUp","value":"î€‡"}]}]}
RESULT: {}
RESULT: {"actions":[{"id":"action23","type":"key","parameters":{},"actions":[{"type":"keyDown","value":"î€‡"},{"type":"pause","duration":10},{"type":"keyUp","value":"î€‡"}]}]}
COMMAND: GET /session/3c9b041fc044676a58cc73ba58d1a297/screenshot - {}
RESULT: {}
COMMAND: POST /session/3c9b041fc044676a58cc73ba58d1a297/element - {"using":"xpath","value":"//span[contains(text(), \"Penguins - Field/12345 Berlin\")]"}
RESULT: {"using":"xpath","value":"//span[contains(text(), \"Penguins - Field/12345 Berlin\")]"}
COMMAND: POST /session/3c9b041fc044676a58cc73ba58d1a297/element/f.9E3361242BDECB3802103B61B67CD02C.d.22E58AEB2FB85273704F4B28A9DB861F.e.5629/click - {}
RESULT: {}
COMMAND: GET /session/3c9b041fc044676a58cc73ba58d1a297/screenshot - {}
RESULT: {}
COMMAND: POST /session/3c9b041fc044676a58cc73ba58d1a297/element - {"using":"xpath","value":"//bdi[contains(text(), \"OK\")]"}
RESULT: {"using":"xpath","value":"//bdi[contains(text(), \"OK\")]"}
COMMAND: POST /session/3c9b041fc044676a58cc73ba58d1a297/element/f.9E3361242BDECB3802103B61B67CD02C.d.22E58AEB2FB85273704F4B28A9DB861F.e.5630/click - {}
RESULT: {}
COMMAND: GET /session/3c9b041fc044676a58cc73ba58d1a297/screenshot - {}
RESULT: {}
COMMAND: POST /session/3c9b041fc044676a58cc73ba58d1a297/element - {"using":"xpath","value":"//button[@data-kt=\"saveButton\"]"}
RESULT: {"using":"xpath","value":"//button[@data-kt=\"saveButton\"]"}
COMMAND: POST /session/3c9b041fc044676a58cc73ba58d1a297/element/f.9E3361242BDECB3802103B61B67CD02C.d.22E58AEB2FB85273704F4B28A9DB861F.e.5390/click - {}
RESULT: {}
COMMAND: GET /session/3c9b041fc044676a58cc73ba58d1a297/screenshot - {}
RESULT: {}
COMMAND: POST /session/3c9b041fc044676a58cc73ba58d1a297/element - {"using":"xpath","value":"//header[contains(@id, 'ObjectPageLayout-headerTitle')]/div[1]/div[2]/div[2]/span[1]"}
RESULT: {"using":"xpath","value":"//header[contains(@id, 'ObjectPageLayout-headerTitle')]/div[1]/div[2]/div[2]/span[1]"}
COMMAND: POST /session/3c9b041fc044676a58cc73ba58d1a297/elements - {"using":"xpath","value":"//header[contains(@id, 'ObjectPageLayout-headerTitle')]/div[1]/div[2]/div[2]/span[1]"}
RESULT: {"using":"xpath","value":"//header[contains(@id, 'ObjectPageLayout-headerTitle')]/div[1]/div[2]/div[2]/span[1]"}
COMMAND: POST /session/3c9b041fc044676a58cc73ba58d1a297/execute/sync - {"script":"<script> [56 bytes]","args":[{"element-6066-11e4-a52e-4f735466cecf":"f.9E3361242BDECB3802103B61B67CD02C.d.22E58AEB2FB85273704F4B28A9DB861F.e.5736","ELEMENT":"f.9E3361242BDECB3802103B61B67CD02C.d.22E58AEB2FB85273704F4B28A9DB861F.e.5736"}]}
RESULT: {"script":"<script> [56 bytes]","args":[{"element-6066-11e4-a52e-4f735466cecf":"f.9E3361242BDECB3802103B61B67CD02C.d.22E58AEB2FB85273704F4B28A9DB861F.e.5736","ELEMENT":"f.9E3361242BDECB3802103B61B67CD02C.d.22E58AEB2FB85273704F4B28A9DB861F.e.5736"}]}
COMMAND: POST /session/3c9b041fc044676a58cc73ba58d1a297/element - {"using":"css selector","value":"#shell-header-logo"}
COMMAND: GET /session/3c9b041fc044676a58cc73ba58d1a297/screenshot - {}
RESULT: {"using":"css selector","value":"#shell-header-logo"}
COMMAND: POST /session/3c9b041fc044676a58cc73ba58d1a297/element/f.9E3361242BDECB3802103B61B67CD02C.d.22E58AEB2FB85273704F4B28A9DB861F.e.5124/click - {}
RESULT: {}
RESULT: {}
COMMAND: GET /session/3c9b041fc044676a58cc73ba58d1a297/screenshot - {}
RESULT: {}
COMMAND: POST /session/3c9b041fc044676a58cc73ba58d1a297/execute/sync - {"script":"<script> [299 bytes]","args":[["getModel","getResource"]]}
RESULT: {"script":"<script> [299 bytes]","args":[["getModel","getResource"]]}
]]></system-out>
    </testcase>
    <testcase classname="chrome.136_0_7103_49.windows.Create_master_data_for_mixed_billing_&amp;_do_billing_calculation_US151661" name="Should create a new site" time="90.431">
      <system-out><![CDATA[
COMMAND: POST /session/3c9b041fc044676a58cc73ba58d1a297/execute/async - {"script":"<script> [1562 bytes]","args":[{"selector":{"controlType":"sap.m.TileContent","bindingPath":{"path":"","propertyPath":"/properties/info"},"ancestor":{"controlType":"sap.m.GenericTile","properties":{"header":"Manage Sites"}}},"wdio_ui5_key":"sapm.TileContent{\"path\":\"\",\"propertyPath\":\"/properties/info\"}{\"controlType\":\"sap.m.GenericTile\",\"properties\":{\"header\":\"Manage Sites\"}}"}]}
COMMAND: GET /session/3c9b041fc044676a58cc73ba58d1a297/screenshot - {}
RESULT: {"script":"<script> [1562 bytes]","args":[{"selector":{"controlType":"sap.m.TileContent","bindingPath":{"path":"","propertyPath":"/properties/info"},"ancestor":{"controlType":"sap.m.GenericTile","properties":{"header":"Manage Sites"}}},"wdio_ui5_key":"sapm.TileContent{\"path\":\"\",\"propertyPath\":\"/properties/info\"}{\"controlType\":\"sap.m.GenericTile\",\"properties\":{\"header\":\"Manage Sites\"}}"}]}
RESULT: undefined
COMMAND: POST /session/3c9b041fc044676a58cc73ba58d1a297/element - {"using":"xpath","value":"//*[@id=\"__xmlview7--numericTileContent\"]"}
RESULT: {}
RESULT: {"using":"xpath","value":"//*[@id=\"__xmlview7--numericTileContent\"]"}
COMMAND: POST /session/3c9b041fc044676a58cc73ba58d1a297/element/f.9E3361242BDECB3802103B61B67CD02C.d.22E58AEB2FB85273704F4B28A9DB861F.e.5738/click - {}
RESULT: {}
COMMAND: POST /session/3c9b041fc044676a58cc73ba58d1a297/element - {"using":"xpath","value":"//button[@data-kt=\"addOverflowToolbarButton\"]"}
COMMAND: GET /session/3c9b041fc044676a58cc73ba58d1a297/screenshot - {}
RESULT: {"using":"xpath","value":"//button[@data-kt=\"addOverflowToolbarButton\"]"}
COMMAND: POST /session/3c9b041fc044676a58cc73ba58d1a297/elements - {"using":"xpath","value":"//button[@data-kt=\"addOverflowToolbarButton\"]"}
RESULT: {}
RESULT: {"using":"xpath","value":"//button[@data-kt=\"addOverflowToolbarButton\"]"}
COMMAND: POST /session/3c9b041fc044676a58cc73ba58d1a297/elements - {"using":"xpath","value":"//button[@data-kt=\"addOverflowToolbarButton\"]"}
RESULT: {"using":"xpath","value":"//button[@data-kt=\"addOverflowToolbarButton\"]"}
COMMAND: POST /session/3c9b041fc044676a58cc73ba58d1a297/elements - {"using":"xpath","value":"//button[@data-kt=\"addOverflowToolbarButton\"]"}
RESULT: {"using":"xpath","value":"//button[@data-kt=\"addOverflowToolbarButton\"]"}
COMMAND: POST /session/3c9b041fc044676a58cc73ba58d1a297/element - {"using":"xpath","value":"//button[@data-kt=\"addOverflowToolbarButton\"]"}
RESULT: {"using":"xpath","value":"//button[@data-kt=\"addOverflowToolbarButton\"]"}
COMMAND: POST /session/3c9b041fc044676a58cc73ba58d1a297/execute/sync - {"script":"<script> [8489 bytes]","args":[{"element-6066-11e4-a52e-4f735466cecf":"f.9E3361242BDECB3802103B61B67CD02C.d.22E58AEB2FB85273704F4B28A9DB861F.e.5785","ELEMENT":"f.9E3361242BDECB3802103B61B67CD02C.d.22E58AEB2FB85273704F4B28A9DB861F.e.5785"}]}
RESULT: {"script":"<script> [8489 bytes]","args":[{"element-6066-11e4-a52e-4f735466cecf":"f.9E3361242BDECB3802103B61B67CD02C.d.22E58AEB2FB85273704F4B28A9DB861F.e.5785","ELEMENT":"f.9E3361242BDECB3802103B61B67CD02C.d.22E58AEB2FB85273704F4B28A9DB861F.e.5785"}]}
COMMAND: GET /session/3c9b041fc044676a58cc73ba58d1a297/element/f.9E3361242BDECB3802103B61B67CD02C.d.22E58AEB2FB85273704F4B28A9DB861F.e.5785/enabled - {}
COMMAND: GET /session/3c9b041fc044676a58cc73ba58d1a297/screenshot - {}
RESULT: {}
COMMAND: POST /session/3c9b041fc044676a58cc73ba58d1a297/execute/sync - {"script":"<script> [8489 bytes]","args":[{"element-6066-11e4-a52e-4f735466cecf":"f.9E3361242BDECB3802103B61B67CD02C.d.22E58AEB2FB85273704F4B28A9DB861F.e.5785","ELEMENT":"f.9E3361242BDECB3802103B61B67CD02C.d.22E58AEB2FB85273704F4B28A9DB861F.e.5785"}]}
COMMAND: GET /session/3c9b041fc044676a58cc73ba58d1a297/screenshot - {}
RESULT: {}
RESULT: {"script":"<script> [8489 bytes]","args":[{"element-6066-11e4-a52e-4f735466cecf":"f.9E3361242BDECB3802103B61B67CD02C.d.22E58AEB2FB85273704F4B28A9DB861F.e.5785","ELEMENT":"f.9E3361242BDECB3802103B61B67CD02C.d.22E58AEB2FB85273704F4B28A9DB861F.e.5785"}]}
COMMAND: POST /session/3c9b041fc044676a58cc73ba58d1a297/execute/sync - {"script":"<script> [5351 bytes]","args":[{"element-6066-11e4-a52e-4f735466cecf":"f.9E3361242BDECB3802103B61B67CD02C.d.22E58AEB2FB85273704F4B28A9DB861F.e.5785","ELEMENT":"f.9E3361242BDECB3802103B61B67CD02C.d.22E58AEB2FB85273704F4B28A9DB861F.e.5785"}]}
COMMAND: GET /session/3c9b041fc044676a58cc73ba58d1a297/screenshot - {}
RESULT: {}
RESULT: {"script":"<script> [5351 bytes]","args":[{"element-6066-11e4-a52e-4f735466cecf":"f.9E3361242BDECB3802103B61B67CD02C.d.22E58AEB2FB85273704F4B28A9DB861F.e.5785","ELEMENT":"f.9E3361242BDECB3802103B61B67CD02C.d.22E58AEB2FB85273704F4B28A9DB861F.e.5785"}]}
COMMAND: POST /session/3c9b041fc044676a58cc73ba58d1a297/element/f.9E3361242BDECB3802103B61B67CD02C.d.22E58AEB2FB85273704F4B28A9DB861F.e.5785/click - {}
COMMAND: GET /session/3c9b041fc044676a58cc73ba58d1a297/screenshot - {}
RESULT: {}
RESULT: {}
COMMAND: GET /session/3c9b041fc044676a58cc73ba58d1a297/screenshot - {}
RESULT: {}
RESULT: {}
COMMAND: POST /session/3c9b041fc044676a58cc73ba58d1a297/element - {"using":"xpath","value":"//input[@id=\"application-managesites-display-component---NewSite--siteId-inner\"]"}
RESULT: {"using":"xpath","value":"//input[@id=\"application-managesites-display-component---NewSite--siteId-inner\"]"}
COMMAND: POST /session/3c9b041fc044676a58cc73ba58d1a297/element - {"using":"xpath","value":"//input[@id=\"application-managesites-display-component---NewSite--siteId-inner\"]"}
RESULT: {"using":"xpath","value":"//input[@id=\"application-managesites-display-component---NewSite--siteId-inner\"]"}
COMMAND: POST /session/3c9b041fc044676a58cc73ba58d1a297/execute/async - {"script":"<script> [1562 bytes]","args":[{"selector":{"id":"application-managesites-display-component---NewSite--addressDetailDetailsName1","interaction":{"idSuffix":"inner"}},"wdio_ui5_key":"applicationmanagesites-display-component---NewSite--addressDetailDetailsName1"}]}
RESULT: {"script":"<script> [1562 bytes]","args":[{"selector":{"id":"application-managesites-display-component---NewSite--addressDetailDetailsName1","interaction":{"idSuffix":"inner"}},"wdio_ui5_key":"applicationmanagesites-display-component---NewSite--addressDetailDetailsName1"}]}
RESULT: undefined
COMMAND: POST /session/3c9b041fc044676a58cc73ba58d1a297/execute/async - {"script":"<script> [776 bytes]","args":[{"enterText":"Intercompany Site wdIO","selector":{"id":"application-managesites-display-component---NewSite--addressDetailDetailsName1","interaction":{"idSuffix":"inner"}},"clearTextFirst":true,"interactionType":"ENTER_TEXT"}]}
RESULT: {"script":"<script> [776 bytes]","args":[{"enterText":"Intercompany Site wdIO","selector":{"id":"application-managesites-display-component---NewSite--addressDetailDetailsName1","interaction":{"idSuffix":"inner"}},"clearTextFirst":true,"interactionType":"ENTER_TEXT"}]}
COMMAND: POST /session/3c9b041fc044676a58cc73ba58d1a297/execute/async - {"script":"<script> [1562 bytes]","args":[{"selector":{"id":"application-managesites-display-component---NewSite--addressDetailDetailsLanguage-arrow"},"wdio_ui5_key":"applicationmanagesites-display-component---NewSite--addressDetailDetailsLanguage-arrow"}]}
RESULT: {"script":"<script> [1562 bytes]","args":[{"selector":{"id":"application-managesites-display-component---NewSite--addressDetailDetailsLanguage-arrow"},"wdio_ui5_key":"applicationmanagesites-display-component---NewSite--addressDetailDetailsLanguage-arrow"}]}
RESULT: undefined
COMMAND: POST /session/3c9b041fc044676a58cc73ba58d1a297/element - {"using":"xpath","value":"//*[@id=\"application-managesites-display-component---NewSite--addressDetailDetailsLanguage-arrow\"]"}
RESULT: {"using":"xpath","value":"//*[@id=\"application-managesites-display-component---NewSite--addressDetailDetailsLanguage-arrow\"]"}
COMMAND: POST /session/3c9b041fc044676a58cc73ba58d1a297/element/f.9E3361242BDECB3802103B61B67CD02C.d.22E58AEB2FB85273704F4B28A9DB861F.e.6305/click - {}
RESULT: {}
COMMAND: POST /session/3c9b041fc044676a58cc73ba58d1a297/element - {"using":"xpath","value":"//span[contains(text(), \"English\")]"}
COMMAND: GET /session/3c9b041fc044676a58cc73ba58d1a297/screenshot - {}
RESULT: {"using":"xpath","value":"//span[contains(text(), \"English\")]"}
COMMAND: POST /session/3c9b041fc044676a58cc73ba58d1a297/element/f.9E3361242BDECB3802103B61B67CD02C.d.22E58AEB2FB85273704F4B28A9DB861F.e.6306/click - {}
RESULT: {}
RESULT: {}
COMMAND: POST /session/3c9b041fc044676a58cc73ba58d1a297/execute/async - {"script":"<script> [1562 bytes]","args":[{"selector":{"id":"application-managesites-display-component---NewSite--addressDetailDetailsCity1","interaction":{"idSuffix":"inner"}},"wdio_ui5_key":"applicationmanagesites-display-component---NewSite--addressDetailDetailsCity1"}]}
COMMAND: GET /session/3c9b041fc044676a58cc73ba58d1a297/screenshot - {}
RESULT: {"script":"<script> [1562 bytes]","args":[{"selector":{"id":"application-managesites-display-component---NewSite--addressDetailDetailsCity1","interaction":{"idSuffix":"inner"}},"wdio_ui5_key":"applicationmanagesites-display-component---NewSite--addressDetailDetailsCity1"}]}
RESULT: undefined
COMMAND: POST /session/3c9b041fc044676a58cc73ba58d1a297/execute/async - {"script":"<script> [776 bytes]","args":[{"enterText":"Rosario","selector":{"id":"application-managesites-display-component---NewSite--addressDetailDetailsCity1","interaction":{"idSuffix":"inner"}},"clearTextFirst":true,"interactionType":"ENTER_TEXT"}]}
RESULT: {}
RESULT: {"script":"<script> [776 bytes]","args":[{"enterText":"Rosario","selector":{"id":"application-managesites-display-component---NewSite--addressDetailDetailsCity1","interaction":{"idSuffix":"inner"}},"clearTextFirst":true,"interactionType":"ENTER_TEXT"}]}
COMMAND: POST /session/3c9b041fc044676a58cc73ba58d1a297/execute/async - {"script":"<script> [1562 bytes]","args":[{"selector":{"id":"application-managesites-display-component---NewSite--addressDetailDetailsCountry-arrow"},"wdio_ui5_key":"applicationmanagesites-display-component---NewSite--addressDetailDetailsCountry-arrow"}]}
RESULT: {"script":"<script> [1562 bytes]","args":[{"selector":{"id":"application-managesites-display-component---NewSite--addressDetailDetailsCountry-arrow"},"wdio_ui5_key":"applicationmanagesites-display-component---NewSite--addressDetailDetailsCountry-arrow"}]}
RESULT: undefined
COMMAND: POST /session/3c9b041fc044676a58cc73ba58d1a297/element - {"using":"xpath","value":"//*[@id=\"application-managesites-display-component---NewSite--addressDetailDetailsCountry-arrow\"]"}
RESULT: {"using":"xpath","value":"//*[@id=\"application-managesites-display-component---NewSite--addressDetailDetailsCountry-arrow\"]"}
COMMAND: POST /session/3c9b041fc044676a58cc73ba58d1a297/element/f.9E3361242BDECB3802103B61B67CD02C.d.22E58AEB2FB85273704F4B28A9DB861F.e.6308/click - {}
RESULT: {}
COMMAND: POST /session/3c9b041fc044676a58cc73ba58d1a297/element - {"using":"xpath","value":"//span[contains(text(), \"Argentina\")]"}
COMMAND: GET /session/3c9b041fc044676a58cc73ba58d1a297/screenshot - {}
RESULT: {"using":"xpath","value":"//span[contains(text(), \"Argentina\")]"}
COMMAND: POST /session/3c9b041fc044676a58cc73ba58d1a297/element/f.9E3361242BDECB3802103B61B67CD02C.d.22E58AEB2FB85273704F4B28A9DB861F.e.6309/click - {}
RESULT: {}
RESULT: {}
COMMAND: GET /session/3c9b041fc044676a58cc73ba58d1a297/screenshot - {}
RESULT: {}
COMMAND: POST /session/3c9b041fc044676a58cc73ba58d1a297/execute/async - {"script":"<script> [1562 bytes]","args":[{"selector":{"id":"application-managesites-display-component---NewSite--addressEditDetailsCostObjectCstType-arrow"},"wdio_ui5_key":"applicationmanagesites-display-component---NewSite--addressEditDetailsCostObjectCstType-arrow"}]}
RESULT: {"script":"<script> [1562 bytes]","args":[{"selector":{"id":"application-managesites-display-component---NewSite--addressEditDetailsCostObjectCstType-arrow"},"wdio_ui5_key":"applicationmanagesites-display-component---NewSite--addressEditDetailsCostObjectCstType-arrow"}]}
RESULT: undefined
COMMAND: POST /session/3c9b041fc044676a58cc73ba58d1a297/element - {"using":"xpath","value":"//*[@id=\"application-managesites-display-component---NewSite--addressEditDetailsCostObjectCstType-arrow\"]"}
RESULT: {"using":"xpath","value":"//*[@id=\"application-managesites-display-component---NewSite--addressEditDetailsCostObjectCstType-arrow\"]"}
COMMAND: POST /session/3c9b041fc044676a58cc73ba58d1a297/element/f.9E3361242BDECB3802103B61B67CD02C.d.22E58AEB2FB85273704F4B28A9DB861F.e.6311/click - {}
RESULT: {}
COMMAND: POST /session/3c9b041fc044676a58cc73ba58d1a297/element - {"using":"xpath","value":"//span[contains(text(), \"Cost Center\")]"}
COMMAND: GET /session/3c9b041fc044676a58cc73ba58d1a297/screenshot - {}
RESULT: {"using":"xpath","value":"//span[contains(text(), \"Cost Center\")]"}
COMMAND: POST /session/3c9b041fc044676a58cc73ba58d1a297/element/f.9E3361242BDECB3802103B61B67CD02C.d.22E58AEB2FB85273704F4B28A9DB861F.e.6312/click - {}
RESULT: {}
RESULT: {}
COMMAND: GET /session/3c9b041fc044676a58cc73ba58d1a297/screenshot - {}
RESULT: {}
COMMAND: POST /session/3c9b041fc044676a58cc73ba58d1a297/element - {"using":"xpath","value":"//span[@id=\"application-managesites-display-component---NewSite--addressNewCostObjectCstID-vhi\"]"}
RESULT: {"using":"xpath","value":"//span[@id=\"application-managesites-display-component---NewSite--addressNewCostObjectCstID-vhi\"]"}
COMMAND: POST /session/3c9b041fc044676a58cc73ba58d1a297/execute/sync - {"script":"<script> [8489 bytes]","args":[{"element-6066-11e4-a52e-4f735466cecf":"f.9E3361242BDECB3802103B61B67CD02C.d.22E58AEB2FB85273704F4B28A9DB861F.e.6317","ELEMENT":"f.9E3361242BDECB3802103B61B67CD02C.d.22E58AEB2FB85273704F4B28A9DB861F.e.6317"}]}
RESULT: {"script":"<script> [8489 bytes]","args":[{"element-6066-11e4-a52e-4f735466cecf":"f.9E3361242BDECB3802103B61B67CD02C.d.22E58AEB2FB85273704F4B28A9DB861F.e.6317","ELEMENT":"f.9E3361242BDECB3802103B61B67CD02C.d.22E58AEB2FB85273704F4B28A9DB861F.e.6317"}]}
COMMAND: POST /session/3c9b041fc044676a58cc73ba58d1a297/execute/async - {"script":"<script> [1562 bytes]","args":[{"selector":{"id":"application-managesites-display-component---NewSite--addressNewCostObjectCstID-vhi"},"wdio_ui5_key":"applicationmanagesites-display-component---NewSite--addressNewCostObjectCstID-vhi"}]}
COMMAND: GET /session/3c9b041fc044676a58cc73ba58d1a297/screenshot - {}
RESULT: {"script":"<script> [1562 bytes]","args":[{"selector":{"id":"application-managesites-display-component---NewSite--addressNewCostObjectCstID-vhi"},"wdio_ui5_key":"applicationmanagesites-display-component---NewSite--addressNewCostObjectCstID-vhi"}]}
RESULT: undefined
COMMAND: POST /session/3c9b041fc044676a58cc73ba58d1a297/element - {"using":"xpath","value":"//*[@id=\"application-managesites-display-component---NewSite--addressNewCostObjectCstID-vhi\"]"}
RESULT: {}
RESULT: {"using":"xpath","value":"//*[@id=\"application-managesites-display-component---NewSite--addressNewCostObjectCstID-vhi\"]"}
COMMAND: POST /session/3c9b041fc044676a58cc73ba58d1a297/element/f.9E3361242BDECB3802103B61B67CD02C.d.22E58AEB2FB85273704F4B28A9DB861F.e.6317/click - {}
RESULT: {}
COMMAND: GET /session/3c9b041fc044676a58cc73ba58d1a297/screenshot - {}
RESULT: {}
RESULT: undefined
COMMAND: POST /session/3c9b041fc044676a58cc73ba58d1a297/execute/async - {"script":"<script> [776 bytes]","args":[{"enterText":"10001013","selector":{"controlType":"sap.m.SearchField","properties":{"placeholder":"Search"},"searchOpenDialogs":true,"interaction":{"idSuffix":"I"}},"clearTextFirst":true,"interactionType":"ENTER_TEXT"}]}
RESULT: {"script":"<script> [776 bytes]","args":[{"enterText":"10001013","selector":{"controlType":"sap.m.SearchField","properties":{"placeholder":"Search"},"searchOpenDialogs":true,"interaction":{"idSuffix":"I"}},"clearTextFirst":true,"interactionType":"ENTER_TEXT"}]}
COMMAND: POST /session/3c9b041fc044676a58cc73ba58d1a297/actions - {"actions":[{"id":"action24","type":"key","parameters":{},"actions":[{"type":"keyDown","value":"î€‡"},{"type":"pause","duration":10},{"type":"keyUp","value":"î€‡"}]}]}
RESULT: {"actions":[{"id":"action24","type":"key","parameters":{},"actions":[{"type":"keyDown","value":"î€‡"},{"type":"pause","duration":10},{"type":"keyUp","value":"î€‡"}]}]}
COMMAND: GET /session/3c9b041fc044676a58cc73ba58d1a297/screenshot - {}
RESULT: {}
COMMAND: POST /session/3c9b041fc044676a58cc73ba58d1a297/element - {"using":"xpath","value":"//span[contains(text(), \"General Management\")]"}
RESULT: {"using":"xpath","value":"//span[contains(text(), \"General Management\")]"}
COMMAND: POST /session/3c9b041fc044676a58cc73ba58d1a297/element/f.9E3361242BDECB3802103B61B67CD02C.d.22E58AEB2FB85273704F4B28A9DB861F.e.6356/click - {}
RESULT: {}
COMMAND: GET /session/3c9b041fc044676a58cc73ba58d1a297/screenshot - {}
RESULT: {}
COMMAND: POST /session/3c9b041fc044676a58cc73ba58d1a297/element - {"using":"xpath","value":"//bdi[contains(text(), \"OK\")]"}
RESULT: {"using":"xpath","value":"//bdi[contains(text(), \"OK\")]"}
COMMAND: POST /session/3c9b041fc044676a58cc73ba58d1a297/element/f.9E3361242BDECB3802103B61B67CD02C.d.22E58AEB2FB85273704F4B28A9DB861F.e.6357/click - {}
RESULT: {}
COMMAND: GET /session/3c9b041fc044676a58cc73ba58d1a297/screenshot - {}
RESULT: {}
COMMAND: POST /session/3c9b041fc044676a58cc73ba58d1a297/element - {"using":"xpath","value":"//input[@id=\"application-managesites-display-component---NewSite--addressDetailDetailsCalendar-inner\"]"}
RESULT: {"using":"xpath","value":"//input[@id=\"application-managesites-display-component---NewSite--addressDetailDetailsCalendar-inner\"]"}
COMMAND: POST /session/3c9b041fc044676a58cc73ba58d1a297/element/f.9E3361242BDECB3802103B61B67CD02C.d.22E58AEB2FB85273704F4B28A9DB861F.e.6158/clear - {}
RESULT: {}
COMMAND: POST /session/3c9b041fc044676a58cc73ba58d1a297/element/f.9E3361242BDECB3802103B61B67CD02C.d.22E58AEB2FB85273704F4B28A9DB861F.e.6158/value - {"text":"Unit"}
COMMAND: GET /session/3c9b041fc044676a58cc73ba58d1a297/screenshot - {}
RESULT: {"text":"Unit"}
COMMAND: GET /session/3c9b041fc044676a58cc73ba58d1a297/screenshot - {}
RESULT: {}
RESULT: {}
COMMAND: POST /session/3c9b041fc044676a58cc73ba58d1a297/actions - {"actions":[{"id":"action25","type":"key","parameters":{},"actions":[{"type":"keyDown","value":"î€‡"},{"type":"pause","duration":10},{"type":"keyUp","value":"î€‡"}]}]}
RESULT: {"actions":[{"id":"action25","type":"key","parameters":{},"actions":[{"type":"keyDown","value":"î€‡"},{"type":"pause","duration":10},{"type":"keyUp","value":"î€‡"}]}]}
COMMAND: POST /session/3c9b041fc044676a58cc73ba58d1a297/element - {"using":"xpath","value":"//input[@id=\"application-managesites-display-component---NewSite--addressDetailDetailsYard-inner\"]"}
COMMAND: GET /session/3c9b041fc044676a58cc73ba58d1a297/screenshot - {}
RESULT: {"using":"xpath","value":"//input[@id=\"application-managesites-display-component---NewSite--addressDetailDetailsYard-inner\"]"}
COMMAND: POST /session/3c9b041fc044676a58cc73ba58d1a297/element/f.9E3361242BDECB3802103B61B67CD02C.d.22E58AEB2FB85273704F4B28A9DB861F.e.6159/clear - {}
RESULT: {}
RESULT: {}
COMMAND: POST /session/3c9b041fc044676a58cc73ba58d1a297/element/f.9E3361242BDECB3802103B61B67CD02C.d.22E58AEB2FB85273704F4B28A9DB861F.e.6159/value - {"text":"191"}
COMMAND: GET /session/3c9b041fc044676a58cc73ba58d1a297/screenshot - {}
RESULT: {"text":"191"}
COMMAND: GET /session/3c9b041fc044676a58cc73ba58d1a297/screenshot - {}
RESULT: {}
RESULT: {}
COMMAND: POST /session/3c9b041fc044676a58cc73ba58d1a297/element - {"using":"xpath","value":"//li[.//span[text()='191']]"}
RESULT: {"using":"xpath","value":"//li[.//span[text()='191']]"}
COMMAND: POST /session/3c9b041fc044676a58cc73ba58d1a297/element/f.9E3361242BDECB3802103B61B67CD02C.d.22E58AEB2FB85273704F4B28A9DB861F.e.6365/click - {}
RESULT: {}
COMMAND: GET /session/3c9b041fc044676a58cc73ba58d1a297/screenshot - {}
RESULT: {}
COMMAND: POST /session/3c9b041fc044676a58cc73ba58d1a297/element - {"using":"xpath","value":"//input[@id=\"application-managesites-display-component---NewSite--addressDetailDetailsPartner-inner\"]"}
RESULT: {"using":"xpath","value":"//input[@id=\"application-managesites-display-component---NewSite--addressDetailDetailsPartner-inner\"]"}
COMMAND: POST /session/3c9b041fc044676a58cc73ba58d1a297/element - {"using":"xpath","value":"//input[@id=\"application-managesites-display-component---NewSite--addressDetailDetailsPartner-inner\"]"}
RESULT: {"using":"xpath","value":"//input[@id=\"application-managesites-display-component---NewSite--addressDetailDetailsPartner-inner\"]"}
COMMAND: POST /session/3c9b041fc044676a58cc73ba58d1a297/element - {"using":"xpath","value":"//button[@data-kt=\"saveButton\"]"}
RESULT: {"using":"xpath","value":"//button[@data-kt=\"saveButton\"]"}
COMMAND: POST /session/3c9b041fc044676a58cc73ba58d1a297/element/f.9E3361242BDECB3802103B61B67CD02C.d.22E58AEB2FB85273704F4B28A9DB861F.e.6242/click - {}
RESULT: {}
COMMAND: GET /session/3c9b041fc044676a58cc73ba58d1a297/screenshot - {}
RESULT: {}
COMMAND: POST /session/3c9b041fc044676a58cc73ba58d1a297/element - {"using":"xpath","value":"//header[contains(@id, 'ObjectPageLayout-headerTitle')]/div[1]/div[2]/div[2]/span[1]"}
RESULT: {"using":"xpath","value":"//header[contains(@id, 'ObjectPageLayout-headerTitle')]/div[1]/div[2]/div[2]/span[1]"}
COMMAND: POST /session/3c9b041fc044676a58cc73ba58d1a297/elements - {"using":"xpath","value":"//header[contains(@id, 'ObjectPageLayout-headerTitle')]/div[1]/div[2]/div[2]/span[1]"}
RESULT: {"using":"xpath","value":"//header[contains(@id, 'ObjectPageLayout-headerTitle')]/div[1]/div[2]/div[2]/span[1]"}
COMMAND: POST /session/3c9b041fc044676a58cc73ba58d1a297/execute/sync - {"script":"<script> [56 bytes]","args":[{"element-6066-11e4-a52e-4f735466cecf":"f.9E3361242BDECB3802103B61B67CD02C.d.22E58AEB2FB85273704F4B28A9DB861F.e.6515","ELEMENT":"f.9E3361242BDECB3802103B61B67CD02C.d.22E58AEB2FB85273704F4B28A9DB861F.e.6515"}]}
RESULT: {"script":"<script> [56 bytes]","args":[{"element-6066-11e4-a52e-4f735466cecf":"f.9E3361242BDECB3802103B61B67CD02C.d.22E58AEB2FB85273704F4B28A9DB861F.e.6515","ELEMENT":"f.9E3361242BDECB3802103B61B67CD02C.d.22E58AEB2FB85273704F4B28A9DB861F.e.6515"}]}
COMMAND: POST /session/3c9b041fc044676a58cc73ba58d1a297/element - {"using":"css selector","value":"#shell-header-logo"}
COMMAND: GET /session/3c9b041fc044676a58cc73ba58d1a297/screenshot - {}
RESULT: {"using":"css selector","value":"#shell-header-logo"}
COMMAND: POST /session/3c9b041fc044676a58cc73ba58d1a297/element/f.9E3361242BDECB3802103B61B67CD02C.d.22E58AEB2FB85273704F4B28A9DB861F.e.5741/click - {}
RESULT: {}
RESULT: {}
COMMAND: GET /session/3c9b041fc044676a58cc73ba58d1a297/screenshot - {}
RESULT: {}
COMMAND: POST /session/3c9b041fc044676a58cc73ba58d1a297/execute/sync - {"script":"<script> [299 bytes]","args":[["getModel","getResource"]]}
RESULT: {"script":"<script> [299 bytes]","args":[["getModel","getResource"]]}
]]></system-out>
    </testcase>
    <testcase classname="chrome.136_0_7103_49.windows.Create_master_data_for_mixed_billing_&amp;_do_billing_calculation_US151661" name="Should create a new equipment and add a counter to it" time="146.18">
      <system-out><![CDATA[
COMMAND: POST /session/3c9b041fc044676a58cc73ba58d1a297/execute/async - {"script":"<script> [1562 bytes]","args":[{"selector":{"controlType":"sap.m.GenericTile","properties":{"header":"Manage Resources"}},"wdio_ui5_key":"sapm.GenericTile{\"header\":\"Manage Resources\"}"}]}
COMMAND: GET /session/3c9b041fc044676a58cc73ba58d1a297/screenshot - {}
RESULT: {"script":"<script> [1562 bytes]","args":[{"selector":{"controlType":"sap.m.GenericTile","properties":{"header":"Manage Resources"}},"wdio_ui5_key":"sapm.GenericTile{\"header\":\"Manage Resources\"}"}]}
RESULT: undefined
COMMAND: POST /session/3c9b041fc044676a58cc73ba58d1a297/element - {"using":"xpath","value":"//*[@id=\"__tile39\"]"}
RESULT: {}
RESULT: {"using":"xpath","value":"//*[@id=\"__tile39\"]"}
COMMAND: POST /session/3c9b041fc044676a58cc73ba58d1a297/element/f.9E3361242BDECB3802103B61B67CD02C.d.22E58AEB2FB85273704F4B28A9DB861F.e.4281/click - {}
RESULT: {}
COMMAND: POST /session/3c9b041fc044676a58cc73ba58d1a297/element - {"using":"xpath","value":"//button[@data-kt=\"addNewRUOverflowToolbarButton\"]"}
COMMAND: GET /session/3c9b041fc044676a58cc73ba58d1a297/screenshot - {}
RESULT: {"using":"xpath","value":"//button[@data-kt=\"addNewRUOverflowToolbarButton\"]"}
COMMAND: POST /session/3c9b041fc044676a58cc73ba58d1a297/elements - {"using":"xpath","value":"//button[@data-kt=\"addNewRUOverflowToolbarButton\"]"}
RESULT: {}
RESULT: {"using":"xpath","value":"//button[@data-kt=\"addNewRUOverflowToolbarButton\"]"}
COMMAND: POST /session/3c9b041fc044676a58cc73ba58d1a297/elements - {"using":"xpath","value":"//button[@data-kt=\"addNewRUOverflowToolbarButton\"]"}
RESULT: {"using":"xpath","value":"//button[@data-kt=\"addNewRUOverflowToolbarButton\"]"}
COMMAND: POST /session/3c9b041fc044676a58cc73ba58d1a297/elements - {"using":"xpath","value":"//button[@data-kt=\"addNewRUOverflowToolbarButton\"]"}
RESULT: {"using":"xpath","value":"//button[@data-kt=\"addNewRUOverflowToolbarButton\"]"}
COMMAND: POST /session/3c9b041fc044676a58cc73ba58d1a297/elements - {"using":"xpath","value":"//button[@data-kt=\"addNewRUOverflowToolbarButton\"]"}
RESULT: {"using":"xpath","value":"//button[@data-kt=\"addNewRUOverflowToolbarButton\"]"}
COMMAND: POST /session/3c9b041fc044676a58cc73ba58d1a297/elements - {"using":"xpath","value":"//button[@data-kt=\"addNewRUOverflowToolbarButton\"]"}
RESULT: {"using":"xpath","value":"//button[@data-kt=\"addNewRUOverflowToolbarButton\"]"}
COMMAND: POST /session/3c9b041fc044676a58cc73ba58d1a297/elements - {"using":"xpath","value":"//button[@data-kt=\"addNewRUOverflowToolbarButton\"]"}
RESULT: {"using":"xpath","value":"//button[@data-kt=\"addNewRUOverflowToolbarButton\"]"}
COMMAND: POST /session/3c9b041fc044676a58cc73ba58d1a297/elements - {"using":"xpath","value":"//button[@data-kt=\"addNewRUOverflowToolbarButton\"]"}
RESULT: {"using":"xpath","value":"//button[@data-kt=\"addNewRUOverflowToolbarButton\"]"}
COMMAND: POST /session/3c9b041fc044676a58cc73ba58d1a297/elements - {"using":"xpath","value":"//button[@data-kt=\"addNewRUOverflowToolbarButton\"]"}
RESULT: {"using":"xpath","value":"//button[@data-kt=\"addNewRUOverflowToolbarButton\"]"}
COMMAND: POST /session/3c9b041fc044676a58cc73ba58d1a297/elements - {"using":"xpath","value":"//button[@data-kt=\"addNewRUOverflowToolbarButton\"]"}
RESULT: {"using":"xpath","value":"//button[@data-kt=\"addNewRUOverflowToolbarButton\"]"}
COMMAND: POST /session/3c9b041fc044676a58cc73ba58d1a297/elements - {"using":"xpath","value":"//button[@data-kt=\"addNewRUOverflowToolbarButton\"]"}
RESULT: {"using":"xpath","value":"//button[@data-kt=\"addNewRUOverflowToolbarButton\"]"}
COMMAND: POST /session/3c9b041fc044676a58cc73ba58d1a297/elements - {"using":"xpath","value":"//button[@data-kt=\"addNewRUOverflowToolbarButton\"]"}
RESULT: {"using":"xpath","value":"//button[@data-kt=\"addNewRUOverflowToolbarButton\"]"}
COMMAND: POST /session/3c9b041fc044676a58cc73ba58d1a297/elements - {"using":"xpath","value":"//button[@data-kt=\"addNewRUOverflowToolbarButton\"]"}
RESULT: {"using":"xpath","value":"//button[@data-kt=\"addNewRUOverflowToolbarButton\"]"}
COMMAND: POST /session/3c9b041fc044676a58cc73ba58d1a297/elements - {"using":"xpath","value":"//button[@data-kt=\"addNewRUOverflowToolbarButton\"]"}
RESULT: {"using":"xpath","value":"//button[@data-kt=\"addNewRUOverflowToolbarButton\"]"}
COMMAND: POST /session/3c9b041fc044676a58cc73ba58d1a297/elements - {"using":"xpath","value":"//button[@data-kt=\"addNewRUOverflowToolbarButton\"]"}
RESULT: {"using":"xpath","value":"//button[@data-kt=\"addNewRUOverflowToolbarButton\"]"}
COMMAND: POST /session/3c9b041fc044676a58cc73ba58d1a297/elements - {"using":"xpath","value":"//button[@data-kt=\"addNewRUOverflowToolbarButton\"]"}
RESULT: {"using":"xpath","value":"//button[@data-kt=\"addNewRUOverflowToolbarButton\"]"}
COMMAND: POST /session/3c9b041fc044676a58cc73ba58d1a297/elements - {"using":"xpath","value":"//button[@data-kt=\"addNewRUOverflowToolbarButton\"]"}
RESULT: {"using":"xpath","value":"//button[@data-kt=\"addNewRUOverflowToolbarButton\"]"}
COMMAND: POST /session/3c9b041fc044676a58cc73ba58d1a297/elements - {"using":"xpath","value":"//button[@data-kt=\"addNewRUOverflowToolbarButton\"]"}
RESULT: {"using":"xpath","value":"//button[@data-kt=\"addNewRUOverflowToolbarButton\"]"}
COMMAND: POST /session/3c9b041fc044676a58cc73ba58d1a297/element - {"using":"xpath","value":"//button[@data-kt=\"addNewRUOverflowToolbarButton\"]"}
RESULT: {"using":"xpath","value":"//button[@data-kt=\"addNewRUOverflowToolbarButton\"]"}
COMMAND: POST /session/3c9b041fc044676a58cc73ba58d1a297/execute/sync - {"script":"<script> [8489 bytes]","args":[{"element-6066-11e4-a52e-4f735466cecf":"f.9E3361242BDECB3802103B61B67CD02C.d.22E58AEB2FB85273704F4B28A9DB861F.e.6557","ELEMENT":"f.9E3361242BDECB3802103B61B67CD02C.d.22E58AEB2FB85273704F4B28A9DB861F.e.6557"}]}
RESULT: {"script":"<script> [8489 bytes]","args":[{"element-6066-11e4-a52e-4f735466cecf":"f.9E3361242BDECB3802103B61B67CD02C.d.22E58AEB2FB85273704F4B28A9DB861F.e.6557","ELEMENT":"f.9E3361242BDECB3802103B61B67CD02C.d.22E58AEB2FB85273704F4B28A9DB861F.e.6557"}]}
COMMAND: GET /session/3c9b041fc044676a58cc73ba58d1a297/element/f.9E3361242BDECB3802103B61B67CD02C.d.22E58AEB2FB85273704F4B28A9DB861F.e.6557/enabled - {}
COMMAND: GET /session/3c9b041fc044676a58cc73ba58d1a297/screenshot - {}
RESULT: {}
COMMAND: POST /session/3c9b041fc044676a58cc73ba58d1a297/execute/sync - {"script":"<script> [8489 bytes]","args":[{"element-6066-11e4-a52e-4f735466cecf":"f.9E3361242BDECB3802103B61B67CD02C.d.22E58AEB2FB85273704F4B28A9DB861F.e.6557","ELEMENT":"f.9E3361242BDECB3802103B61B67CD02C.d.22E58AEB2FB85273704F4B28A9DB861F.e.6557"}]}
COMMAND: GET /session/3c9b041fc044676a58cc73ba58d1a297/screenshot - {}
RESULT: {}
RESULT: {"script":"<script> [8489 bytes]","args":[{"element-6066-11e4-a52e-4f735466cecf":"f.9E3361242BDECB3802103B61B67CD02C.d.22E58AEB2FB85273704F4B28A9DB861F.e.6557","ELEMENT":"f.9E3361242BDECB3802103B61B67CD02C.d.22E58AEB2FB85273704F4B28A9DB861F.e.6557"}]}
COMMAND: POST /session/3c9b041fc044676a58cc73ba58d1a297/execute/sync - {"script":"<script> [5351 bytes]","args":[{"element-6066-11e4-a52e-4f735466cecf":"f.9E3361242BDECB3802103B61B67CD02C.d.22E58AEB2FB85273704F4B28A9DB861F.e.6557","ELEMENT":"f.9E3361242BDECB3802103B61B67CD02C.d.22E58AEB2FB85273704F4B28A9DB861F.e.6557"}]}
COMMAND: GET /session/3c9b041fc044676a58cc73ba58d1a297/screenshot - {}
RESULT: {}
RESULT: {"script":"<script> [5351 bytes]","args":[{"element-6066-11e4-a52e-4f735466cecf":"f.9E3361242BDECB3802103B61B67CD02C.d.22E58AEB2FB85273704F4B28A9DB861F.e.6557","ELEMENT":"f.9E3361242BDECB3802103B61B67CD02C.d.22E58AEB2FB85273704F4B28A9DB861F.e.6557"}]}
COMMAND: POST /session/3c9b041fc044676a58cc73ba58d1a297/element/f.9E3361242BDECB3802103B61B67CD02C.d.22E58AEB2FB85273704F4B28A9DB861F.e.6557/click - {}
COMMAND: GET /session/3c9b041fc044676a58cc73ba58d1a297/screenshot - {}
RESULT: {}
RESULT: {}
COMMAND: GET /session/3c9b041fc044676a58cc73ba58d1a297/screenshot - {}
COMMAND: POST /session/3c9b041fc044676a58cc73ba58d1a297/execute/async - {"script":"<script> [1562 bytes]","args":[{"selector":{"id":"application-manageresources-display-component---newResourceUnit--TYPE-arrow"},"wdio_ui5_key":"applicationmanageresources-display-component---newResourceUnit--TYPE-arrow"}]}
RESULT: {}
RESULT: {}
RESULT: {"script":"<script> [1562 bytes]","args":[{"selector":{"id":"application-manageresources-display-component---newResourceUnit--TYPE-arrow"},"wdio_ui5_key":"applicationmanageresources-display-component---newResourceUnit--TYPE-arrow"}]}
RESULT: undefined
COMMAND: POST /session/3c9b041fc044676a58cc73ba58d1a297/element - {"using":"xpath","value":"//*[@id=\"application-manageresources-display-component---newResourceUnit--TYPE-arrow\"]"}
RESULT: {"using":"xpath","value":"//*[@id=\"application-manageresources-display-component---newResourceUnit--TYPE-arrow\"]"}
COMMAND: POST /session/3c9b041fc044676a58cc73ba58d1a297/element/f.9E3361242BDECB3802103B61B67CD02C.d.22E58AEB2FB85273704F4B28A9DB861F.e.6911/click - {}
RESULT: {}
COMMAND: POST /session/3c9b041fc044676a58cc73ba58d1a297/element - {"using":"xpath","value":"//input[@id=\"application-manageresources-display-component---newResourceUnit--TYPE-inner\"]"}
COMMAND: GET /session/3c9b041fc044676a58cc73ba58d1a297/screenshot - {}
RESULT: {"using":"xpath","value":"//input[@id=\"application-manageresources-display-component---newResourceUnit--TYPE-inner\"]"}
COMMAND: POST /session/3c9b041fc044676a58cc73ba58d1a297/element/f.9E3361242BDECB3802103B61B67CD02C.d.22E58AEB2FB85273704F4B28A9DB861F.e.6896/clear - {}
RESULT: {}
RESULT: {}
COMMAND: POST /session/3c9b041fc044676a58cc73ba58d1a297/element/f.9E3361242BDECB3802103B61B67CD02C.d.22E58AEB2FB85273704F4B28A9DB861F.e.6896/value - {"text":"Equipment"}
COMMAND: GET /session/3c9b041fc044676a58cc73ba58d1a297/screenshot - {}
RESULT: {"text":"Equipment"}
COMMAND: GET /session/3c9b041fc044676a58cc73ba58d1a297/screenshot - {}
RESULT: {}
RESULT: {}
COMMAND: POST /session/3c9b041fc044676a58cc73ba58d1a297/actions - {"actions":[{"id":"action26","type":"key","parameters":{},"actions":[{"type":"keyDown","value":"î€‡"},{"type":"pause","duration":10},{"type":"keyUp","value":"î€‡"}]}]}
RESULT: {"actions":[{"id":"action26","type":"key","parameters":{},"actions":[{"type":"keyDown","value":"î€‡"},{"type":"pause","duration":10},{"type":"keyUp","value":"î€‡"}]}]}
COMMAND: POST /session/3c9b041fc044676a58cc73ba58d1a297/execute/async - {"script":"<script> [1562 bytes]","args":[{"selector":{"id":"application-manageresources-display-component---newResourceUnit--resourceId","interaction":{"idSuffix":"inner"}},"wdio_ui5_key":"applicationmanageresources-display-component---newResourceUnit--resourceId"}]}
COMMAND: GET /session/3c9b041fc044676a58cc73ba58d1a297/screenshot - {}
RESULT: {"script":"<script> [1562 bytes]","args":[{"selector":{"id":"application-manageresources-display-component---newResourceUnit--resourceId","interaction":{"idSuffix":"inner"}},"wdio_ui5_key":"applicationmanageresources-display-component---newResourceUnit--resourceId"}]}
RESULT: undefined
COMMAND: POST /session/3c9b041fc044676a58cc73ba58d1a297/execute/async - {"script":"<script> [776 bytes]","args":[{"enterText":"HVhnzm6w8X","selector":{"id":"application-manageresources-display-component---newResourceUnit--resourceId","interaction":{"idSuffix":"inner"}},"clearTextFirst":true,"interactionType":"ENTER_TEXT"}]}
RESULT: {}
RESULT: {"script":"<script> [776 bytes]","args":[{"enterText":"HVhnzm6w8X","selector":{"id":"application-manageresources-display-component---newResourceUnit--resourceId","interaction":{"idSuffix":"inner"}},"clearTextFirst":true,"interactionType":"ENTER_TEXT"}]}
COMMAND: POST /session/3c9b041fc044676a58cc73ba58d1a297/execute/async - {"script":"<script> [1562 bytes]","args":[{"selector":{"id":"application-manageresources-display-component---newResourceUnit--SHORT_TEXT","interaction":{"idSuffix":"inner"}},"wdio_ui5_key":"applicationmanageresources-display-component---newResourceUnit--SHORT_TEXT"}]}
RESULT: {"script":"<script> [1562 bytes]","args":[{"selector":{"id":"application-manageresources-display-component---newResourceUnit--SHORT_TEXT","interaction":{"idSuffix":"inner"}},"wdio_ui5_key":"applicationmanageresources-display-component---newResourceUnit--SHORT_TEXT"}]}
RESULT: undefined
COMMAND: POST /session/3c9b041fc044676a58cc73ba58d1a297/execute/async - {"script":"<script> [776 bytes]","args":[{"enterText":"Intercompany Equipment WDIO","selector":{"id":"application-manageresources-display-component---newResourceUnit--SHORT_TEXT","interaction":{"idSuffix":"inner"}},"clearTextFirst":true,"interactionType":"ENTER_TEXT"}]}
RESULT: {"script":"<script> [776 bytes]","args":[{"enterText":"Intercompany Equipment WDIO","selector":{"id":"application-manageresources-display-component---newResourceUnit--SHORT_TEXT","interaction":{"idSuffix":"inner"}},"clearTextFirst":true,"interactionType":"ENTER_TEXT"}]}
COMMAND: POST /session/3c9b041fc044676a58cc73ba58d1a297/execute/async - {"script":"<script> [1562 bytes]","args":[{"selector":{"id":"application-manageresources-display-component---newResourceUnit--BASE_UNIT_OF_MEASURE","interaction":{"idSuffix":"inner"}},"wdio_ui5_key":"applicationmanageresources-display-component---newResourceUnit--BASE_UNIT_OF_MEASURE"}]}
RESULT: {"script":"<script> [1562 bytes]","args":[{"selector":{"id":"application-manageresources-display-component---newResourceUnit--BASE_UNIT_OF_MEASURE","interaction":{"idSuffix":"inner"}},"wdio_ui5_key":"applicationmanageresources-display-component---newResourceUnit--BASE_UNIT_OF_MEASURE"}]}
RESULT: undefined
COMMAND: POST /session/3c9b041fc044676a58cc73ba58d1a297/execute/async - {"script":"<script> [776 bytes]","args":[{"enterText":"Piece","selector":{"id":"application-manageresources-display-component---newResourceUnit--BASE_UNIT_OF_MEASURE","interaction":{"idSuffix":"inner"}},"clearTextFirst":true,"interactionType":"ENTER_TEXT"}]}
RESULT: {"script":"<script> [776 bytes]","args":[{"enterText":"Piece","selector":{"id":"application-manageresources-display-component---newResourceUnit--BASE_UNIT_OF_MEASURE","interaction":{"idSuffix":"inner"}},"clearTextFirst":true,"interactionType":"ENTER_TEXT"}]}
COMMAND: POST /session/3c9b041fc044676a58cc73ba58d1a297/execute/async - {"script":"<script> [1562 bytes]","args":[{"selector":{"id":"application-manageresources-display-component---newResourceUnit--WEIGHT_UNIT","interaction":{"idSuffix":"inner"}},"wdio_ui5_key":"applicationmanageresources-display-component---newResourceUnit--WEIGHT_UNIT"}]}
RESULT: {"script":"<script> [1562 bytes]","args":[{"selector":{"id":"application-manageresources-display-component---newResourceUnit--WEIGHT_UNIT","interaction":{"idSuffix":"inner"}},"wdio_ui5_key":"applicationmanageresources-display-component---newResourceUnit--WEIGHT_UNIT"}]}
RESULT: undefined
COMMAND: POST /session/3c9b041fc044676a58cc73ba58d1a297/execute/async - {"script":"<script> [776 bytes]","args":[{"enterText":"Gram","selector":{"id":"application-manageresources-display-component---newResourceUnit--WEIGHT_UNIT","interaction":{"idSuffix":"inner"}},"clearTextFirst":true,"interactionType":"ENTER_TEXT"}]}
RESULT: {"script":"<script> [776 bytes]","args":[{"enterText":"Gram","selector":{"id":"application-manageresources-display-component---newResourceUnit--WEIGHT_UNIT","interaction":{"idSuffix":"inner"}},"clearTextFirst":true,"interactionType":"ENTER_TEXT"}]}
COMMAND: POST /session/3c9b041fc044676a58cc73ba58d1a297/execute/async - {"script":"<script> [1562 bytes]","args":[{"selector":{"id":"application-manageresources-display-component---newResourceUnit--DIMENSION_UNIT","interaction":{"idSuffix":"inner"}},"wdio_ui5_key":"applicationmanageresources-display-component---newResourceUnit--DIMENSION_UNIT"}]}
RESULT: {"script":"<script> [1562 bytes]","args":[{"selector":{"id":"application-manageresources-display-component---newResourceUnit--DIMENSION_UNIT","interaction":{"idSuffix":"inner"}},"wdio_ui5_key":"applicationmanageresources-display-component---newResourceUnit--DIMENSION_UNIT"}]}
RESULT: undefined
COMMAND: POST /session/3c9b041fc044676a58cc73ba58d1a297/execute/async - {"script":"<script> [776 bytes]","args":[{"enterText":"Meter","selector":{"id":"application-manageresources-display-component---newResourceUnit--DIMENSION_UNIT","interaction":{"idSuffix":"inner"}},"clearTextFirst":true,"interactionType":"ENTER_TEXT"}]}
RESULT: {"script":"<script> [776 bytes]","args":[{"enterText":"Meter","selector":{"id":"application-manageresources-display-component---newResourceUnit--DIMENSION_UNIT","interaction":{"idSuffix":"inner"}},"clearTextFirst":true,"interactionType":"ENTER_TEXT"}]}
COMMAND: POST /session/3c9b041fc044676a58cc73ba58d1a297/execute/async - {"script":"<script> [1562 bytes]","args":[{"selector":{"id":"application-manageresources-display-component---newResourceUnit--newRRUPage-anchBar-application-manageresources-display-component---newResourceUnit--control-anchor","interaction":{"idSuffix":"BDI-content"}},"wdio_ui5_key":"applicationmanageresources-display-component---newResourceUnit--newRRUPage-anchBar-application-manageresources-display-component---newResourceUnit--control-anchor"}]}
RESULT: {"script":"<script> [1562 bytes]","args":[{"selector":{"id":"application-manageresources-display-component---newResourceUnit--newRRUPage-anchBar-application-manageresources-display-component---newResourceUnit--control-anchor","interaction":{"idSuffix":"BDI-content"}},"wdio_ui5_key":"applicationmanageresources-display-component---newResourceUnit--newRRUPage-anchBar-application-manageresources-display-component---newResourceUnit--control-anchor"}]}
RESULT: undefined
COMMAND: POST /session/3c9b041fc044676a58cc73ba58d1a297/element - {"using":"xpath","value":"//*[@id=\"application-manageresources-display-component---newResourceUnit--newRRUPage-anchBar-application-manageresources-display-component---newResourceUnit--control-anchor\"]"}
RESULT: {"using":"xpath","value":"//*[@id=\"application-manageresources-display-component---newResourceUnit--newRRUPage-anchBar-application-manageresources-display-component---newResourceUnit--control-anchor\"]"}
COMMAND: POST /session/3c9b041fc044676a58cc73ba58d1a297/element/f.9E3361242BDECB3802103B61B67CD02C.d.22E58AEB2FB85273704F4B28A9DB861F.e.7041/click - {}
RESULT: {}
COMMAND: POST /session/3c9b041fc044676a58cc73ba58d1a297/execute/async - {"script":"<script> [1562 bytes]","args":[{"selector":{"id":"application-manageresources-display-component---newResourceUnit--PLANNING_GROUP","interaction":{"idSuffix":"inner"}},"wdio_ui5_key":"applicationmanageresources-display-component---newResourceUnit--PLANNING_GROUP"}]}
COMMAND: GET /session/3c9b041fc044676a58cc73ba58d1a297/screenshot - {}
RESULT: {"script":"<script> [1562 bytes]","args":[{"selector":{"id":"application-manageresources-display-component---newResourceUnit--PLANNING_GROUP","interaction":{"idSuffix":"inner"}},"wdio_ui5_key":"applicationmanageresources-display-component---newResourceUnit--PLANNING_GROUP"}]}
RESULT: undefined
COMMAND: POST /session/3c9b041fc044676a58cc73ba58d1a297/execute/async - {"script":"<script> [776 bytes]","args":[{"enterText":"Heavy Equi","selector":{"id":"application-manageresources-display-component---newResourceUnit--PLANNING_GROUP","interaction":{"idSuffix":"inner"}},"clearTextFirst":true,"interactionType":"ENTER_TEXT"}]}
RESULT: {}
RESULT: {"script":"<script> [776 bytes]","args":[{"enterText":"Heavy Equi","selector":{"id":"application-manageresources-display-component---newResourceUnit--PLANNING_GROUP","interaction":{"idSuffix":"inner"}},"clearTextFirst":true,"interactionType":"ENTER_TEXT"}]}
COMMAND: POST /session/3c9b041fc044676a58cc73ba58d1a297/execute/async - {"script":"<script> [1562 bytes]","args":[{"selector":{"id":"application-manageresources-display-component---newResourceUnit--ITEM_TYPE-arrow"},"wdio_ui5_key":"applicationmanageresources-display-component---newResourceUnit--ITEM_TYPE-arrow"}]}
RESULT: {"script":"<script> [1562 bytes]","args":[{"selector":{"id":"application-manageresources-display-component---newResourceUnit--ITEM_TYPE-arrow"},"wdio_ui5_key":"applicationmanageresources-display-component---newResourceUnit--ITEM_TYPE-arrow"}]}
RESULT: undefined
COMMAND: POST /session/3c9b041fc044676a58cc73ba58d1a297/element - {"using":"xpath","value":"//*[@id=\"application-manageresources-display-component---newResourceUnit--ITEM_TYPE-arrow\"]"}
RESULT: {"using":"xpath","value":"//*[@id=\"application-manageresources-display-component---newResourceUnit--ITEM_TYPE-arrow\"]"}
COMMAND: POST /session/3c9b041fc044676a58cc73ba58d1a297/element/f.9E3361242BDECB3802103B61B67CD02C.d.22E58AEB2FB85273704F4B28A9DB861F.e.7050/click - {}
RESULT: {}
COMMAND: POST /session/3c9b041fc044676a58cc73ba58d1a297/element - {"using":"xpath","value":"(//span[contains(text(), \"Resource Unit\")])[2]"}
COMMAND: GET /session/3c9b041fc044676a58cc73ba58d1a297/screenshot - {}
RESULT: {"using":"xpath","value":"(//span[contains(text(), \"Resource Unit\")])[2]"}
COMMAND: POST /session/3c9b041fc044676a58cc73ba58d1a297/element/f.9E3361242BDECB3802103B61B67CD02C.d.22E58AEB2FB85273704F4B28A9DB861F.e.7051/click - {}
RESULT: {}
RESULT: {}
COMMAND: GET /session/3c9b041fc044676a58cc73ba58d1a297/screenshot - {}
RESULT: {}
COMMAND: POST /session/3c9b041fc044676a58cc73ba58d1a297/element - {"using":"css selector","value":"#application-manageresources-display-component---newResourceUnit--btnAddTimeSegment"}
RESULT: {"using":"css selector","value":"#application-manageresources-display-component---newResourceUnit--btnAddTimeSegment"}
COMMAND: GET /session/3c9b041fc044676a58cc73ba58d1a297/element/f.9E3361242BDECB3802103B61B67CD02C.d.22E58AEB2FB85273704F4B28A9DB861F.e.7052/rect - {}
RESULT: {}
COMMAND: GET /session/3c9b041fc044676a58cc73ba58d1a297/window/rect - {}
RESULT: {}
COMMAND: POST /session/3c9b041fc044676a58cc73ba58d1a297/execute/sync - {"script":"<script> [92 bytes]","args":[]}
RESULT: {"script":"<script> [92 bytes]","args":[]}
COMMAND: POST /session/3c9b041fc044676a58cc73ba58d1a297/actions - {"actions":[{"id":"action27","type":"wheel","parameters":{},"actions":[{"type":"scroll","x":-1888,"y":-32,"deltaX":0,"deltaY":0,"duration":0,"origin":{"element-6066-11e4-a52e-4f735466cecf":"f.9E3361242BDECB3802103B61B67CD02C.d.22E58AEB2FB85273704F4B28A9DB861F.e.7052"}}]}]}
COMMAND: GET /session/3c9b041fc044676a58cc73ba58d1a297/screenshot - {}
RESULT: {}
COMMAND: POST /session/3c9b041fc044676a58cc73ba58d1a297/execute/sync - {"script":"<script> [79 bytes]","args":[{"element-6066-11e4-a52e-4f735466cecf":"f.9E3361242BDECB3802103B61B67CD02C.d.22E58AEB2FB85273704F4B28A9DB861F.e.7052","ELEMENT":"f.9E3361242BDECB3802103B61B67CD02C.d.22E58AEB2FB85273704F4B28A9DB861F.e.7052"},{"block":"start","inline":"nearest"}]}
RESULT: {"script":"<script> [79 bytes]","args":[{"element-6066-11e4-a52e-4f735466cecf":"f.9E3361242BDECB3802103B61B67CD02C.d.22E58AEB2FB85273704F4B28A9DB861F.e.7052","ELEMENT":"f.9E3361242BDECB3802103B61B67CD02C.d.22E58AEB2FB85273704F4B28A9DB861F.e.7052"},{"block":"start","inline":"nearest"}]}
COMMAND: POST /session/3c9b041fc044676a58cc73ba58d1a297/execute/async - {"script":"<script> [1562 bytes]","args":[{"selector":{"id":"application-manageresources-display-component---newResourceUnit--btnAddTimeSegment","interaction":{"idSuffix":"inner"}},"wdio_ui5_key":"applicationmanageresources-display-component---newResourceUnit--btnAddTimeSegment"}]}
COMMAND: GET /session/3c9b041fc044676a58cc73ba58d1a297/screenshot - {}
RESULT: {"script":"<script> [1562 bytes]","args":[{"selector":{"id":"application-manageresources-display-component---newResourceUnit--btnAddTimeSegment","interaction":{"idSuffix":"inner"}},"wdio_ui5_key":"applicationmanageresources-display-component---newResourceUnit--btnAddTimeSegment"}]}
RESULT: undefined
COMMAND: POST /session/3c9b041fc044676a58cc73ba58d1a297/element - {"using":"xpath","value":"//*[@id=\"application-manageresources-display-component---newResourceUnit--btnAddTimeSegment\"]"}
RESULT: {}
RESULT: {"using":"xpath","value":"//*[@id=\"application-manageresources-display-component---newResourceUnit--btnAddTimeSegment\"]"}
COMMAND: POST /session/3c9b041fc044676a58cc73ba58d1a297/element/f.9E3361242BDECB3802103B61B67CD02C.d.22E58AEB2FB85273704F4B28A9DB861F.e.7052/click - {}
RESULT: {}
COMMAND: GET /session/3c9b041fc044676a58cc73ba58d1a297/screenshot - {}
RESULT: {}
COMMAND: POST /session/3c9b041fc044676a58cc73ba58d1a297/element - {"using":"xpath","value":"//input[@id=\"application-manageresources-display-component---newResourceUnit--idRuTSAdmin-application-manageresources-display-component---newResourceUnit--RUTimeSegment-0-inner\"]"}
RESULT: {"using":"xpath","value":"//input[@id=\"application-manageresources-display-component---newResourceUnit--idRuTSAdmin-application-manageresources-display-component---newResourceUnit--RUTimeSegment-0-inner\"]"}
COMMAND: POST /session/3c9b041fc044676a58cc73ba58d1a297/element/f.9E3361242BDECB3802103B61B67CD02C.d.22E58AEB2FB85273704F4B28A9DB861F.e.7058/clear - {}
RESULT: {}
COMMAND: POST /session/3c9b041fc044676a58cc73ba58d1a297/element/f.9E3361242BDECB3802103B61B67CD02C.d.22E58AEB2FB85273704F4B28A9DB861F.e.7058/value - {"text":"191"}
COMMAND: GET /session/3c9b041fc044676a58cc73ba58d1a297/screenshot - {}
RESULT: {"text":"191"}
COMMAND: GET /session/3c9b041fc044676a58cc73ba58d1a297/screenshot - {}
RESULT: {}
RESULT: {}
COMMAND: POST /session/3c9b041fc044676a58cc73ba58d1a297/element - {"using":"xpath","value":"//li[.//span[text()='191']]"}
RESULT: {"using":"xpath","value":"//li[.//span[text()='191']]"}
COMMAND: POST /session/3c9b041fc044676a58cc73ba58d1a297/element/f.9E3361242BDECB3802103B61B67CD02C.d.22E58AEB2FB85273704F4B28A9DB861F.e.7070/click - {}
RESULT: {}
COMMAND: GET /session/3c9b041fc044676a58cc73ba58d1a297/screenshot - {}
RESULT: {}
COMMAND: POST /session/3c9b041fc044676a58cc73ba58d1a297/element - {"using":"xpath","value":"(//span[contains(@id, \"-application-manageresources-display-component---newResourceUnit--RUTimeSegment-0-arrow\")])[6]"}
RESULT: {"using":"xpath","value":"(//span[contains(@id, \"-application-manageresources-display-component---newResourceUnit--RUTimeSegment-0-arrow\")])[6]"}
COMMAND: POST /session/3c9b041fc044676a58cc73ba58d1a297/element/f.9E3361242BDECB3802103B61B67CD02C.d.22E58AEB2FB85273704F4B28A9DB861F.e.7071/click - {}
RESULT: {}
COMMAND: GET /session/3c9b041fc044676a58cc73ba58d1a297/screenshot - {}
RESULT: {}
COMMAND: POST /session/3c9b041fc044676a58cc73ba58d1a297/element - {"using":"xpath","value":"//span[contains(text(), \"PM Order\")]"}
RESULT: {"using":"xpath","value":"//span[contains(text(), \"PM Order\")]"}
COMMAND: POST /session/3c9b041fc044676a58cc73ba58d1a297/element/f.9E3361242BDECB3802103B61B67CD02C.d.22E58AEB2FB85273704F4B28A9DB861F.e.7074/click - {}
RESULT: {}
COMMAND: GET /session/3c9b041fc044676a58cc73ba58d1a297/screenshot - {}
RESULT: {}
COMMAND: POST /session/3c9b041fc044676a58cc73ba58d1a297/element - {"using":"xpath","value":"(//span[contains(@id ,\"manageresources-display-component---newResourceUnit--RUTimeSegment-0-vhi\")])[1]"}
RESULT: {"using":"xpath","value":"(//span[contains(@id ,\"manageresources-display-component---newResourceUnit--RUTimeSegment-0-vhi\")])[1]"}
COMMAND: GET /session/3c9b041fc044676a58cc73ba58d1a297/element/f.9E3361242BDECB3802103B61B67CD02C.d.22E58AEB2FB85273704F4B28A9DB861F.e.7078/rect - {}
RESULT: {}
COMMAND: GET /session/3c9b041fc044676a58cc73ba58d1a297/window/rect - {}
RESULT: {}
COMMAND: POST /session/3c9b041fc044676a58cc73ba58d1a297/execute/sync - {"script":"<script> [92 bytes]","args":[]}
RESULT: {"script":"<script> [92 bytes]","args":[]}
COMMAND: POST /session/3c9b041fc044676a58cc73ba58d1a297/actions - {"actions":[{"id":"action28","type":"wheel","parameters":{},"actions":[{"type":"scroll","x":-869,"y":-24,"deltaX":0,"deltaY":0,"duration":0,"origin":{"element-6066-11e4-a52e-4f735466cecf":"f.9E3361242BDECB3802103B61B67CD02C.d.22E58AEB2FB85273704F4B28A9DB861F.e.7078"}}]}]}
COMMAND: GET /session/3c9b041fc044676a58cc73ba58d1a297/screenshot - {}
RESULT: {"actions":[{"id":"action28","type":"wheel","parameters":{},"actions":[{"type":"scroll","x":-869,"y":-24,"deltaX":0,"deltaY":0,"duration":0,"origin":{"element-6066-11e4-a52e-4f735466cecf":"f.9E3361242BDECB3802103B61B67CD02C.d.22E58AEB2FB85273704F4B28A9DB861F.e.7078"}}]}]}
COMMAND: DELETE /session/3c9b041fc044676a58cc73ba58d1a297/actions - {}
COMMAND: GET /session/3c9b041fc044676a58cc73ba58d1a297/screenshot - {}
RESULT: {}
RESULT: {}
COMMAND: GET /session/3c9b041fc044676a58cc73ba58d1a297/screenshot - {}
RESULT: {}
RESULT: {}
COMMAND: POST /session/3c9b041fc044676a58cc73ba58d1a297/element/f.9E3361242BDECB3802103B61B67CD02C.d.22E58AEB2FB85273704F4B28A9DB861F.e.7078/click - {}
RESULT: {}
COMMAND: GET /session/3c9b041fc044676a58cc73ba58d1a297/screenshot - {}
RESULT: {}
RESULT: undefined
COMMAND: POST /session/3c9b041fc044676a58cc73ba58d1a297/execute/async - {"script":"<script> [776 bytes]","args":[{"enterText":"4000360","selector":{"controlType":"sap.m.SearchField","properties":{"placeholder":"Search"},"searchOpenDialogs":true,"interaction":{"idSuffix":"I"}},"clearTextFirst":true,"interactionType":"ENTER_TEXT"}]}
RESULT: {"script":"<script> [776 bytes]","args":[{"enterText":"4000360","selector":{"controlType":"sap.m.SearchField","properties":{"placeholder":"Search"},"searchOpenDialogs":true,"interaction":{"idSuffix":"I"}},"clearTextFirst":true,"interactionType":"ENTER_TEXT"}]}
COMMAND: POST /session/3c9b041fc044676a58cc73ba58d1a297/actions - {"actions":[{"id":"action29","type":"key","parameters":{},"actions":[{"type":"keyDown","value":"î€‡"},{"type":"pause","duration":10},{"type":"keyUp","value":"î€‡"}]}]}
RESULT: {"actions":[{"id":"action29","type":"key","parameters":{},"actions":[{"type":"keyDown","value":"î€‡"},{"type":"pause","duration":10},{"type":"keyUp","value":"î€‡"}]}]}
COMMAND: GET /session/3c9b041fc044676a58cc73ba58d1a297/screenshot - {}
RESULT: {}
COMMAND: POST /session/3c9b041fc044676a58cc73ba58d1a297/element - {"using":"xpath","value":"//td/div/span[contains(text(), \"BGL Vehicles\")]"}
RESULT: {"using":"xpath","value":"//td/div/span[contains(text(), \"BGL Vehicles\")]"}
COMMAND: POST /session/3c9b041fc044676a58cc73ba58d1a297/element/f.9E3361242BDECB3802103B61B67CD02C.d.22E58AEB2FB85273704F4B28A9DB861F.e.7098/click - {}
RESULT: {}
COMMAND: GET /session/3c9b041fc044676a58cc73ba58d1a297/screenshot - {}
RESULT: {}
COMMAND: POST /session/3c9b041fc044676a58cc73ba58d1a297/element - {"using":"xpath","value":"//bdi[contains(text(), \"OK\")]"}
RESULT: {"using":"xpath","value":"//bdi[contains(text(), \"OK\")]"}
COMMAND: POST /session/3c9b041fc044676a58cc73ba58d1a297/element/f.9E3361242BDECB3802103B61B67CD02C.d.22E58AEB2FB85273704F4B28A9DB861F.e.7099/click - {}
RESULT: {}
COMMAND: GET /session/3c9b041fc044676a58cc73ba58d1a297/screenshot - {}
RESULT: {}
COMMAND: POST /session/3c9b041fc044676a58cc73ba58d1a297/execute/async - {"script":"<script> [1562 bytes]","args":[{"selector":{"id":"application-manageresources-display-component---newResourceUnit--newRRUPage-anchBar-application-manageresources-display-component---newResourceUnit--resource-anchor","interaction":{"idSuffix":"BDI-content"}},"wdio_ui5_key":"applicationmanageresources-display-component---newResourceUnit--newRRUPage-anchBar-application-manageresources-display-component---newResourceUnit--resource-anchor"}]}
RESULT: {"script":"<script> [1562 bytes]","args":[{"selector":{"id":"application-manageresources-display-component---newResourceUnit--newRRUPage-anchBar-application-manageresources-display-component---newResourceUnit--resource-anchor","interaction":{"idSuffix":"BDI-content"}},"wdio_ui5_key":"applicationmanageresources-display-component---newResourceUnit--newRRUPage-anchBar-application-manageresources-display-component---newResourceUnit--resource-anchor"}]}
RESULT: undefined
COMMAND: POST /session/3c9b041fc044676a58cc73ba58d1a297/element - {"using":"xpath","value":"//*[@id=\"application-manageresources-display-component---newResourceUnit--newRRUPage-anchBar-application-manageresources-display-component---newResourceUnit--resource-anchor\"]"}
RESULT: {"using":"xpath","value":"//*[@id=\"application-manageresources-display-component---newResourceUnit--newRRUPage-anchBar-application-manageresources-display-component---newResourceUnit--resource-anchor\"]"}
COMMAND: POST /session/3c9b041fc044676a58cc73ba58d1a297/element/f.9E3361242BDECB3802103B61B67CD02C.d.22E58AEB2FB85273704F4B28A9DB861F.e.7103/click - {}
RESULT: {}
COMMAND: POST /session/3c9b041fc044676a58cc73ba58d1a297/execute/async - {"script":"<script> [1562 bytes]","args":[{"selector":{"id":"application-manageresources-display-component---newResourceUnit--PLANNED_DELIVERY_DATE","interaction":{"idSuffix":"inner"}},"wdio_ui5_key":"applicationmanageresources-display-component---newResourceUnit--PLANNED_DELIVERY_DATE"}]}
COMMAND: GET /session/3c9b041fc044676a58cc73ba58d1a297/screenshot - {}
RESULT: {}
RESULT: {"script":"<script> [1562 bytes]","args":[{"selector":{"id":"application-manageresources-display-component---newResourceUnit--PLANNED_DELIVERY_DATE","interaction":{"idSuffix":"inner"}},"wdio_ui5_key":"applicationmanageresources-display-component---newResourceUnit--PLANNED_DELIVERY_DATE"}]}
RESULT: undefined
COMMAND: POST /session/3c9b041fc044676a58cc73ba58d1a297/execute/async - {"script":"<script> [6424 bytes]","args":[{"element-6066-11e4-a52e-4f735466cecf":"f.9E3361242BDECB3802103B61B67CD02C.d.22E58AEB2FB85273704F4B28A9DB861F.e.6966"},"setValue",["5/13/25"]]}
RESULT: {"script":"<script> [6424 bytes]","args":[{"element-6066-11e4-a52e-4f735466cecf":"f.9E3361242BDECB3802103B61B67CD02C.d.22E58AEB2FB85273704F4B28A9DB861F.e.6966"},"setValue",["5/13/25"]]}
COMMAND: POST /session/3c9b041fc044676a58cc73ba58d1a297/element - {"using":"xpath","value":"//label[contains(@class, 'sapMLabelRequired') and .//bdi[contains(text(), 'Planned Retirement')]]"}
RESULT: {"using":"xpath","value":"//label[contains(@class, 'sapMLabelRequired') and .//bdi[contains(text(), 'Planned Retirement')]]"}
COMMAND: POST /session/3c9b041fc044676a58cc73ba58d1a297/elements - {"using":"xpath","value":"//label[contains(@class, 'sapMLabelRequired') and .//bdi[contains(text(), 'Planned Retirement')]]"}
RESULT: {"using":"xpath","value":"//label[contains(@class, 'sapMLabelRequired') and .//bdi[contains(text(), 'Planned Retirement')]]"}
COMMAND: POST /session/3c9b041fc044676a58cc73ba58d1a297/element - {"using":"xpath","value":"//button[@data-kt=\"resourceUnitSaveButton\"]"}
RESULT: {"using":"xpath","value":"//button[@data-kt=\"resourceUnitSaveButton\"]"}
COMMAND: POST /session/3c9b041fc044676a58cc73ba58d1a297/element/f.9E3361242BDECB3802103B61B67CD02C.d.22E58AEB2FB85273704F4B28A9DB861F.e.6927/click - {}
RESULT: {}
COMMAND: GET /session/3c9b041fc044676a58cc73ba58d1a297/screenshot - {}
RESULT: {}
COMMAND: POST /session/3c9b041fc044676a58cc73ba58d1a297/element - {"using":"xpath","value":"//bdi[contains(text(), \"Close\")]"}
RESULT: {"using":"xpath","value":"//bdi[contains(text(), \"Close\")]"}
COMMAND: POST /session/3c9b041fc044676a58cc73ba58d1a297/element/f.9E3361242BDECB3802103B61B67CD02C.d.22E58AEB2FB85273704F4B28A9DB861F.e.7112/click - {}
RESULT: {}
COMMAND: GET /session/3c9b041fc044676a58cc73ba58d1a297/screenshot - {}
RESULT: {}
COMMAND: POST /session/3c9b041fc044676a58cc73ba58d1a297/element - {"using":"xpath","value":"//bdi[contains(text(), \"Edit\")]"}
RESULT: {"using":"xpath","value":"//bdi[contains(text(), \"Edit\")]"}
COMMAND: POST /session/3c9b041fc044676a58cc73ba58d1a297/execute/sync - {"script":"<script> [8489 bytes]","args":[{"element-6066-11e4-a52e-4f735466cecf":"f.9E3361242BDECB3802103B61B67CD02C.d.22E58AEB2FB85273704F4B28A9DB861F.e.7142","ELEMENT":"f.9E3361242BDECB3802103B61B67CD02C.d.22E58AEB2FB85273704F4B28A9DB861F.e.7142"}]}
RESULT: {"script":"<script> [8489 bytes]","args":[{"element-6066-11e4-a52e-4f735466cecf":"f.9E3361242BDECB3802103B61B67CD02C.d.22E58AEB2FB85273704F4B28A9DB861F.e.7142","ELEMENT":"f.9E3361242BDECB3802103B61B67CD02C.d.22E58AEB2FB85273704F4B28A9DB861F.e.7142"}]}
COMMAND: POST /session/3c9b041fc044676a58cc73ba58d1a297/element/f.9E3361242BDECB3802103B61B67CD02C.d.22E58AEB2FB85273704F4B28A9DB861F.e.7142/click - {}
COMMAND: GET /session/3c9b041fc044676a58cc73ba58d1a297/screenshot - {}
RESULT: {}
COMMAND: GET /session/3c9b041fc044676a58cc73ba58d1a297/screenshot - {}
RESULT: {}
RESULT: {}
COMMAND: POST /session/3c9b041fc044676a58cc73ba58d1a297/execute/async - {"script":"<script> [1562 bytes]","args":[{"selector":{"id":"application-manageresources-display-component---editResource--editRruPage-anchBar-application-manageresources-display-component---editResource--counters-anchor","interaction":{"idSuffix":"BDI-content"}},"wdio_ui5_key":"applicationmanageresources-display-component---editResource--editRruPage-anchBar-application-manageresources-display-component---editResource--counters-anchor"}]}
RESULT: {"script":"<script> [1562 bytes]","args":[{"selector":{"id":"application-manageresources-display-component---editResource--editRruPage-anchBar-application-manageresources-display-component---editResource--counters-anchor","interaction":{"idSuffix":"BDI-content"}},"wdio_ui5_key":"applicationmanageresources-display-component---editResource--editRruPage-anchBar-application-manageresources-display-component---editResource--counters-anchor"}]}
RESULT: undefined
COMMAND: POST /session/3c9b041fc044676a58cc73ba58d1a297/element - {"using":"xpath","value":"//*[@id=\"application-manageresources-display-component---editResource--editRruPage-anchBar-application-manageresources-display-component---editResource--counters-anchor\"]"}
RESULT: {"using":"xpath","value":"//*[@id=\"application-manageresources-display-component---editResource--editRruPage-anchBar-application-manageresources-display-component---editResource--counters-anchor\"]"}
COMMAND: POST /session/3c9b041fc044676a58cc73ba58d1a297/element/f.9E3361242BDECB3802103B61B67CD02C.d.22E58AEB2FB85273704F4B28A9DB861F.e.7252/click - {}
RESULT: {}
COMMAND: GET /session/3c9b041fc044676a58cc73ba58d1a297/screenshot - {}
RESULT: {}
COMMAND: POST /session/3c9b041fc044676a58cc73ba58d1a297/execute/async - {"script":"<script> [1562 bytes]","args":[{"selector":{"id":"application-manageresources-display-component---editResource--btnAddCounter-img"},"wdio_ui5_key":"applicationmanageresources-display-component---editResource--btnAddCounter-img"}]}
RESULT: {"script":"<script> [1562 bytes]","args":[{"selector":{"id":"application-manageresources-display-component---editResource--btnAddCounter-img"},"wdio_ui5_key":"applicationmanageresources-display-component---editResource--btnAddCounter-img"}]}
RESULT: undefined
COMMAND: POST /session/3c9b041fc044676a58cc73ba58d1a297/element - {"using":"xpath","value":"//*[@id=\"application-manageresources-display-component---editResource--btnAddCounter-img\"]"}
RESULT: {"using":"xpath","value":"//*[@id=\"application-manageresources-display-component---editResource--btnAddCounter-img\"]"}
COMMAND: POST /session/3c9b041fc044676a58cc73ba58d1a297/element/f.9E3361242BDECB3802103B61B67CD02C.d.22E58AEB2FB85273704F4B28A9DB861F.e.7286/click - {}
RESULT: {}
COMMAND: POST /session/3c9b041fc044676a58cc73ba58d1a297/execute/async - {"script":"<script> [1562 bytes]","args":[{"selector":{"id":"application-manageresources-display-component---editResource--COUNTER_ID-application-manageresources-display-component---editResource--RUCounters-0-arrow"},"wdio_ui5_key":"applicationmanageresources-display-component---editResource--COUNTER_ID-application-manageresources-display-component---editResource--RUCounters-0-arrow"}]}
COMMAND: GET /session/3c9b041fc044676a58cc73ba58d1a297/screenshot - {}
RESULT: {"script":"<script> [1562 bytes]","args":[{"selector":{"id":"application-manageresources-display-component---editResource--COUNTER_ID-application-manageresources-display-component---editResource--RUCounters-0-arrow"},"wdio_ui5_key":"applicationmanageresources-display-component---editResource--COUNTER_ID-application-manageresources-display-component---editResource--RUCounters-0-arrow"}]}
RESULT: undefined
COMMAND: POST /session/3c9b041fc044676a58cc73ba58d1a297/element - {"using":"xpath","value":"//*[@id=\"application-manageresources-display-component---editResource--COUNTER_ID-application-manageresources-display-component---editResource--RUCounters-0-arrow\"]"}
RESULT: {}
RESULT: {"using":"xpath","value":"//*[@id=\"application-manageresources-display-component---editResource--COUNTER_ID-application-manageresources-display-component---editResource--RUCounters-0-arrow\"]"}
COMMAND: POST /session/3c9b041fc044676a58cc73ba58d1a297/element/f.9E3361242BDECB3802103B61B67CD02C.d.22E58AEB2FB85273704F4B28A9DB861F.e.7291/click - {}
RESULT: {}
COMMAND: POST /session/3c9b041fc044676a58cc73ba58d1a297/execute/async - {"script":"<script> [1562 bytes]","args":[{"selector":{"controlType":"sap.m.StandardListItem","viewName":"etm.portal.ui.manageresources.view.EditResource","viewId":"application-manageresources-display-component---editResource","properties":{"title":"fuel"},"searchOpenDialogs":true,"interaction":{"idSuffix":"content"}},"wdio_ui5_key":"etmportal.ui.manageresources.view.EditResourcesap.m.StandardListItem{\"title\":\"fuel\"}"}]}
COMMAND: GET /session/3c9b041fc044676a58cc73ba58d1a297/screenshot - {}
RESULT: {"script":"<script> [1562 bytes]","args":[{"selector":{"controlType":"sap.m.StandardListItem","viewName":"etm.portal.ui.manageresources.view.EditResource","viewId":"application-manageresources-display-component---editResource","properties":{"title":"fuel"},"searchOpenDialogs":true,"interaction":{"idSuffix":"content"}},"wdio_ui5_key":"etmportal.ui.manageresources.view.EditResourcesap.m.StandardListItem{\"title\":\"fuel\"}"}]}
RESULT: undefined
COMMAND: POST /session/3c9b041fc044676a58cc73ba58d1a297/element - {"using":"xpath","value":"//*[@id=\"__item1752\"]"}
RESULT: {}
RESULT: {"using":"xpath","value":"//*[@id=\"__item1752\"]"}
COMMAND: POST /session/3c9b041fc044676a58cc73ba58d1a297/element/f.9E3361242BDECB3802103B61B67CD02C.d.22E58AEB2FB85273704F4B28A9DB861F.e.7293/click - {}
RESULT: {}
COMMAND: GET /session/3c9b041fc044676a58cc73ba58d1a297/screenshot - {}
RESULT: {}
COMMAND: POST /session/3c9b041fc044676a58cc73ba58d1a297/element - {"using":"xpath","value":"//button[@data-kt=\"saveButton\"]"}
RESULT: {"using":"xpath","value":"//button[@data-kt=\"saveButton\"]"}
COMMAND: POST /session/3c9b041fc044676a58cc73ba58d1a297/element/f.9E3361242BDECB3802103B61B67CD02C.d.22E58AEB2FB85273704F4B28A9DB861F.e.7294/click - {}
RESULT: {}
COMMAND: GET /session/3c9b041fc044676a58cc73ba58d1a297/screenshot - {}
RESULT: {}
COMMAND: POST /session/3c9b041fc044676a58cc73ba58d1a297/element - {"using":"xpath","value":"(//button[contains(@id ,\"actionsToolbar-overflowButton\")])[1]"}
RESULT: {"using":"xpath","value":"(//button[contains(@id ,\"actionsToolbar-overflowButton\")])[1]"}
COMMAND: POST /session/3c9b041fc044676a58cc73ba58d1a297/element/f.9E3361242BDECB3802103B61B67CD02C.d.22E58AEB2FB85273704F4B28A9DB861F.e.7306/click - {}
RESULT: {}
COMMAND: GET /session/3c9b041fc044676a58cc73ba58d1a297/screenshot - {}
RESULT: {}
COMMAND: POST /session/3c9b041fc044676a58cc73ba58d1a297/element - {"using":"xpath","value":"//button[@data-kt=\"priceInfoButton\"]"}
RESULT: {"using":"xpath","value":"//button[@data-kt=\"priceInfoButton\"]"}
COMMAND: POST /session/3c9b041fc044676a58cc73ba58d1a297/element/f.9E3361242BDECB3802103B61B67CD02C.d.22E58AEB2FB85273704F4B28A9DB861F.e.7308/click - {}
RESULT: {}
COMMAND: GET /session/3c9b041fc044676a58cc73ba58d1a297/screenshot - {}
RESULT: {}
]]></system-out>
    </testcase>
    <testcase classname="chrome.136_0_7103_49.windows.Create_master_data_for_mixed_billing_&amp;_do_billing_calculation_US151661" name="Should create a TB pricing procedure" time="51.284">
      <system-out><![CDATA[
COMMAND: POST /session/3c9b041fc044676a58cc73ba58d1a297/element - {"using":"xpath","value":"//button[@data-kt=\"addButton\"]"}
RESULT: {"using":"xpath","value":"//button[@data-kt=\"addButton\"]"}
COMMAND: POST /session/3c9b041fc044676a58cc73ba58d1a297/elements - {"using":"xpath","value":"//button[@data-kt=\"addButton\"]"}
RESULT: {"using":"xpath","value":"//button[@data-kt=\"addButton\"]"}
COMMAND: POST /session/3c9b041fc044676a58cc73ba58d1a297/elements - {"using":"xpath","value":"//button[@data-kt=\"addButton\"]"}
RESULT: {"using":"xpath","value":"//button[@data-kt=\"addButton\"]"}
COMMAND: POST /session/3c9b041fc044676a58cc73ba58d1a297/element - {"using":"xpath","value":"//button[@data-kt=\"addButton\"]"}
RESULT: {"using":"xpath","value":"//button[@data-kt=\"addButton\"]"}
COMMAND: POST /session/3c9b041fc044676a58cc73ba58d1a297/execute/sync - {"script":"<script> [8489 bytes]","args":[{"element-6066-11e4-a52e-4f735466cecf":"f.9E3361242BDECB3802103B61B67CD02C.d.22E58AEB2FB85273704F4B28A9DB861F.e.7344","ELEMENT":"f.9E3361242BDECB3802103B61B67CD02C.d.22E58AEB2FB85273704F4B28A9DB861F.e.7344"}]}
RESULT: {"script":"<script> [8489 bytes]","args":[{"element-6066-11e4-a52e-4f735466cecf":"f.9E3361242BDECB3802103B61B67CD02C.d.22E58AEB2FB85273704F4B28A9DB861F.e.7344","ELEMENT":"f.9E3361242BDECB3802103B61B67CD02C.d.22E58AEB2FB85273704F4B28A9DB861F.e.7344"}]}
COMMAND: GET /session/3c9b041fc044676a58cc73ba58d1a297/element/f.9E3361242BDECB3802103B61B67CD02C.d.22E58AEB2FB85273704F4B28A9DB861F.e.7344/enabled - {}
COMMAND: GET /session/3c9b041fc044676a58cc73ba58d1a297/screenshot - {}
RESULT: {}
COMMAND: POST /session/3c9b041fc044676a58cc73ba58d1a297/execute/sync - {"script":"<script> [8489 bytes]","args":[{"element-6066-11e4-a52e-4f735466cecf":"f.9E3361242BDECB3802103B61B67CD02C.d.22E58AEB2FB85273704F4B28A9DB861F.e.7344","ELEMENT":"f.9E3361242BDECB3802103B61B67CD02C.d.22E58AEB2FB85273704F4B28A9DB861F.e.7344"}]}
COMMAND: GET /session/3c9b041fc044676a58cc73ba58d1a297/screenshot - {}
RESULT: {}
RESULT: {"script":"<script> [8489 bytes]","args":[{"element-6066-11e4-a52e-4f735466cecf":"f.9E3361242BDECB3802103B61B67CD02C.d.22E58AEB2FB85273704F4B28A9DB861F.e.7344","ELEMENT":"f.9E3361242BDECB3802103B61B67CD02C.d.22E58AEB2FB85273704F4B28A9DB861F.e.7344"}]}
COMMAND: POST /session/3c9b041fc044676a58cc73ba58d1a297/execute/sync - {"script":"<script> [5351 bytes]","args":[{"element-6066-11e4-a52e-4f735466cecf":"f.9E3361242BDECB3802103B61B67CD02C.d.22E58AEB2FB85273704F4B28A9DB861F.e.7344","ELEMENT":"f.9E3361242BDECB3802103B61B67CD02C.d.22E58AEB2FB85273704F4B28A9DB861F.e.7344"}]}
COMMAND: GET /session/3c9b041fc044676a58cc73ba58d1a297/screenshot - {}
RESULT: {}
RESULT: {"script":"<script> [5351 bytes]","args":[{"element-6066-11e4-a52e-4f735466cecf":"f.9E3361242BDECB3802103B61B67CD02C.d.22E58AEB2FB85273704F4B28A9DB861F.e.7344","ELEMENT":"f.9E3361242BDECB3802103B61B67CD02C.d.22E58AEB2FB85273704F4B28A9DB861F.e.7344"}]}
COMMAND: POST /session/3c9b041fc044676a58cc73ba58d1a297/element/f.9E3361242BDECB3802103B61B67CD02C.d.22E58AEB2FB85273704F4B28A9DB861F.e.7344/click - {}
COMMAND: GET /session/3c9b041fc044676a58cc73ba58d1a297/screenshot - {}
RESULT: {}
RESULT: {}
COMMAND: GET /session/3c9b041fc044676a58cc73ba58d1a297/screenshot - {}
RESULT: {}
RESULT: {}
COMMAND: POST /session/3c9b041fc044676a58cc73ba58d1a297/execute/async - {"script":"<script> [1562 bytes]","args":[{"selector":{"controlType":"sap.m.Title","viewName":"etm.portal.ui.managepricingrules.view.NewItem","viewId":"application-managepricingrules-display-component---newInfoPriceItem","properties":{"text":"New Pricing Rules - Item Level"}},"wdio_ui5_key":"etmportal.ui.managepricingrules.view.NewItemsap.m.Title{\"text\":\"New Pricing Rules - Item Level\"}"}]}
RESULT: {"script":"<script> [1562 bytes]","args":[{"selector":{"controlType":"sap.m.Title","viewName":"etm.portal.ui.managepricingrules.view.NewItem","viewId":"application-managepricingrules-display-component---newInfoPriceItem","properties":{"text":"New Pricing Rules - Item Level"}},"wdio_ui5_key":"etmportal.ui.managepricingrules.view.NewItemsap.m.Title{\"text\":\"New Pricing Rules - Item Level\"}"}]}
RESULT: undefined
COMMAND: POST /session/3c9b041fc044676a58cc73ba58d1a297/execute/async - {"script":"<script> [6424 bytes]","args":[{"element-6066-11e4-a52e-4f735466cecf":"f.9E3361242BDECB3802103B61B67CD02C.d.22E58AEB2FB85273704F4B28A9DB861F.e.7502"},"getText",[]]}
RESULT: {"script":"<script> [6424 bytes]","args":[{"element-6066-11e4-a52e-4f735466cecf":"f.9E3361242BDECB3802103B61B67CD02C.d.22E58AEB2FB85273704F4B28A9DB861F.e.7502"},"getText",[]]}
COMMAND: POST /session/3c9b041fc044676a58cc73ba58d1a297/execute/async - {"script":"<script> [1562 bytes]","args":[{"selector":{"id":"application-managepricingrules-display-component---newInfoPriceItem--condValidTo","interaction":{"idSuffix":"inner"}},"wdio_ui5_key":"applicationmanagepricingrules-display-component---newInfoPriceItem--condValidTo"}]}
RESULT: {"script":"<script> [1562 bytes]","args":[{"selector":{"id":"application-managepricingrules-display-component---newInfoPriceItem--condValidTo","interaction":{"idSuffix":"inner"}},"wdio_ui5_key":"applicationmanagepricingrules-display-component---newInfoPriceItem--condValidTo"}]}
RESULT: undefined
COMMAND: POST /session/3c9b041fc044676a58cc73ba58d1a297/execute/async - {"script":"<script> [776 bytes]","args":[{"enterText":"01/13/26","selector":{"id":"application-managepricingrules-display-component---newInfoPriceItem--condValidTo","interaction":{"idSuffix":"inner"}},"clearTextFirst":true,"interactionType":"ENTER_TEXT"}]}
RESULT: {"script":"<script> [776 bytes]","args":[{"enterText":"01/13/26","selector":{"id":"application-managepricingrules-display-component---newInfoPriceItem--condValidTo","interaction":{"idSuffix":"inner"}},"clearTextFirst":true,"interactionType":"ENTER_TEXT"}]}
COMMAND: POST /session/3c9b041fc044676a58cc73ba58d1a297/execute/async - {"script":"<script> [1562 bytes]","args":[{"selector":{"id":"application-managepricingrules-display-component---newInfoPriceItem--billType-arrow"},"wdio_ui5_key":"applicationmanagepricingrules-display-component---newInfoPriceItem--billType-arrow"}]}
RESULT: {"script":"<script> [1562 bytes]","args":[{"selector":{"id":"application-managepricingrules-display-component---newInfoPriceItem--billType-arrow"},"wdio_ui5_key":"applicationmanagepricingrules-display-component---newInfoPriceItem--billType-arrow"}]}
RESULT: undefined
COMMAND: POST /session/3c9b041fc044676a58cc73ba58d1a297/element - {"using":"xpath","value":"//*[@id=\"application-managepricingrules-display-component---newInfoPriceItem--billType-arrow\"]"}
RESULT: {"using":"xpath","value":"//*[@id=\"application-managepricingrules-display-component---newInfoPriceItem--billType-arrow\"]"}
COMMAND: POST /session/3c9b041fc044676a58cc73ba58d1a297/element/f.9E3361242BDECB3802103B61B67CD02C.d.22E58AEB2FB85273704F4B28A9DB861F.e.7504/click - {}
RESULT: {}
COMMAND: POST /session/3c9b041fc044676a58cc73ba58d1a297/element - {"using":"xpath","value":"//span[contains(text(), \"TB - Time based\")]"}
COMMAND: GET /session/3c9b041fc044676a58cc73ba58d1a297/screenshot - {}
RESULT: {"using":"xpath","value":"//span[contains(text(), \"TB - Time based\")]"}
COMMAND: POST /session/3c9b041fc044676a58cc73ba58d1a297/element/f.9E3361242BDECB3802103B61B67CD02C.d.22E58AEB2FB85273704F4B28A9DB861F.e.7505/click - {}
RESULT: {}
RESULT: {}
COMMAND: POST /session/3c9b041fc044676a58cc73ba58d1a297/execute/async - {"script":"<script> [1562 bytes]","args":[{"selector":{"id":"application-managepricingrules-display-component---newInfoPriceItem--priceProc-arrow"},"wdio_ui5_key":"applicationmanagepricingrules-display-component---newInfoPriceItem--priceProc-arrow"}]}
COMMAND: GET /session/3c9b041fc044676a58cc73ba58d1a297/screenshot - {}
RESULT: {"script":"<script> [1562 bytes]","args":[{"selector":{"id":"application-managepricingrules-display-component---newInfoPriceItem--priceProc-arrow"},"wdio_ui5_key":"applicationmanagepricingrules-display-component---newInfoPriceItem--priceProc-arrow"}]}
RESULT: undefined
COMMAND: POST /session/3c9b041fc044676a58cc73ba58d1a297/element - {"using":"xpath","value":"//*[@id=\"application-managepricingrules-display-component---newInfoPriceItem--priceProc-arrow\"]"}
RESULT: {}
RESULT: {"using":"xpath","value":"//*[@id=\"application-managepricingrules-display-component---newInfoPriceItem--priceProc-arrow\"]"}
COMMAND: POST /session/3c9b041fc044676a58cc73ba58d1a297/element/f.9E3361242BDECB3802103B61B67CD02C.d.22E58AEB2FB85273704F4B28A9DB861F.e.7470/click - {}
RESULT: {}
COMMAND: POST /session/3c9b041fc044676a58cc73ba58d1a297/element - {"using":"xpath","value":"//span[contains(text(), \"TB - Time based BGL\")]"}
COMMAND: GET /session/3c9b041fc044676a58cc73ba58d1a297/screenshot - {}
RESULT: {"using":"xpath","value":"//span[contains(text(), \"TB - Time based BGL\")]"}
COMMAND: POST /session/3c9b041fc044676a58cc73ba58d1a297/element/f.9E3361242BDECB3802103B61B67CD02C.d.22E58AEB2FB85273704F4B28A9DB861F.e.7506/click - {}
RESULT: {}
RESULT: {}
COMMAND: POST /session/3c9b041fc044676a58cc73ba58d1a297/execute/async - {"script":"<script> [1562 bytes]","args":[{"selector":{"id":"application-managepricingrules-display-component---newInfoPriceItem--calcBase-arrow"},"wdio_ui5_key":"applicationmanagepricingrules-display-component---newInfoPriceItem--calcBase-arrow"}]}
COMMAND: GET /session/3c9b041fc044676a58cc73ba58d1a297/screenshot - {}
RESULT: {"script":"<script> [1562 bytes]","args":[{"selector":{"id":"application-managepricingrules-display-component---newInfoPriceItem--calcBase-arrow"},"wdio_ui5_key":"applicationmanagepricingrules-display-component---newInfoPriceItem--calcBase-arrow"}]}
RESULT: undefined
COMMAND: POST /session/3c9b041fc044676a58cc73ba58d1a297/element - {"using":"xpath","value":"//*[@id=\"application-managepricingrules-display-component---newInfoPriceItem--calcBase-arrow\"]"}
RESULT: {}
RESULT: {"using":"xpath","value":"//*[@id=\"application-managepricingrules-display-component---newInfoPriceItem--calcBase-arrow\"]"}
COMMAND: POST /session/3c9b041fc044676a58cc73ba58d1a297/element/f.9E3361242BDECB3802103B61B67CD02C.d.22E58AEB2FB85273704F4B28A9DB861F.e.7477/click - {}
RESULT: {}
COMMAND: GET /session/3c9b041fc044676a58cc73ba58d1a297/screenshot - {}
RESULT: {}
COMMAND: POST /session/3c9b041fc044676a58cc73ba58d1a297/element - {"using":"xpath","value":"//span[contains(text(), \"0006 - TB(calendar days)\")]"}
RESULT: {"using":"xpath","value":"//span[contains(text(), \"0006 - TB(calendar days)\")]"}
COMMAND: POST /session/3c9b041fc044676a58cc73ba58d1a297/element/f.9E3361242BDECB3802103B61B67CD02C.d.22E58AEB2FB85273704F4B28A9DB861F.e.7507/click - {}
RESULT: {}
COMMAND: GET /session/3c9b041fc044676a58cc73ba58d1a297/screenshot - {}
RESULT: {}
COMMAND: POST /session/3c9b041fc044676a58cc73ba58d1a297/execute/async - {"script":"<script> [1562 bytes]","args":[{"selector":{"id":"application-managepricingrules-display-component---newInfoPriceItem--hoursMonth","interaction":{"idSuffix":"inner"}},"wdio_ui5_key":"applicationmanagepricingrules-display-component---newInfoPriceItem--hoursMonth"}]}
RESULT: {"script":"<script> [1562 bytes]","args":[{"selector":{"id":"application-managepricingrules-display-component---newInfoPriceItem--hoursMonth","interaction":{"idSuffix":"inner"}},"wdio_ui5_key":"applicationmanagepricingrules-display-component---newInfoPriceItem--hoursMonth"}]}
RESULT: undefined
COMMAND: POST /session/3c9b041fc044676a58cc73ba58d1a297/execute/async - {"script":"<script> [776 bytes]","args":[{"enterText":"160","selector":{"id":"application-managepricingrules-display-component---newInfoPriceItem--hoursMonth","interaction":{"idSuffix":"inner"}},"clearTextFirst":true,"interactionType":"ENTER_TEXT"}]}
RESULT: {"script":"<script> [776 bytes]","args":[{"enterText":"160","selector":{"id":"application-managepricingrules-display-component---newInfoPriceItem--hoursMonth","interaction":{"idSuffix":"inner"}},"clearTextFirst":true,"interactionType":"ENTER_TEXT"}]}
COMMAND: POST /session/3c9b041fc044676a58cc73ba58d1a297/execute/async - {"script":"<script> [1562 bytes]","args":[{"selector":{"id":"application-managepricingrules-display-component---newInfoPriceItem--daysMonth","interaction":{"idSuffix":"inner"}},"wdio_ui5_key":"applicationmanagepricingrules-display-component---newInfoPriceItem--daysMonth"}]}
RESULT: {"script":"<script> [1562 bytes]","args":[{"selector":{"id":"application-managepricingrules-display-component---newInfoPriceItem--daysMonth","interaction":{"idSuffix":"inner"}},"wdio_ui5_key":"applicationmanagepricingrules-display-component---newInfoPriceItem--daysMonth"}]}
RESULT: undefined
COMMAND: POST /session/3c9b041fc044676a58cc73ba58d1a297/execute/async - {"script":"<script> [776 bytes]","args":[{"enterText":"30","selector":{"id":"application-managepricingrules-display-component---newInfoPriceItem--daysMonth","interaction":{"idSuffix":"inner"}},"clearTextFirst":true,"interactionType":"ENTER_TEXT"}]}
RESULT: {"script":"<script> [776 bytes]","args":[{"enterText":"30","selector":{"id":"application-managepricingrules-display-component---newInfoPriceItem--daysMonth","interaction":{"idSuffix":"inner"}},"clearTextFirst":true,"interactionType":"ENTER_TEXT"}]}
COMMAND: POST /session/3c9b041fc044676a58cc73ba58d1a297/element - {"using":"xpath","value":"//button[@data-kt=\"saveNewRuleButton\"]"}
RESULT: {"using":"xpath","value":"//button[@data-kt=\"saveNewRuleButton\"]"}
COMMAND: POST /session/3c9b041fc044676a58cc73ba58d1a297/element/f.9E3361242BDECB3802103B61B67CD02C.d.22E58AEB2FB85273704F4B28A9DB861F.e.7493/click - {}
RESULT: {}
COMMAND: GET /session/3c9b041fc044676a58cc73ba58d1a297/screenshot - {}
RESULT: {}
COMMAND: POST /session/3c9b041fc044676a58cc73ba58d1a297/execute/async - {"script":"<script> [1562 bytes]","args":[{"selector":{"id":"application-managepricingrules-display-component---priceInfoItem--smartFilterBar-btnBasicSearch","interaction":{"idSuffix":"I"}},"wdio_ui5_key":"applicationmanagepricingrules-display-component---priceInfoItem--smartFilterBar-btnBasicSearch"}]}
RESULT: {"script":"<script> [1562 bytes]","args":[{"selector":{"id":"application-managepricingrules-display-component---priceInfoItem--smartFilterBar-btnBasicSearch","interaction":{"idSuffix":"I"}},"wdio_ui5_key":"applicationmanagepricingrules-display-component---priceInfoItem--smartFilterBar-btnBasicSearch"}]}
RESULT: undefined
COMMAND: POST /session/3c9b041fc044676a58cc73ba58d1a297/execute/async - {"script":"<script> [776 bytes]","args":[{"enterText":"HVhnzm6w8X","selector":{"id":"application-managepricingrules-display-component---priceInfoItem--smartFilterBar-btnBasicSearch","interaction":{"idSuffix":"I"}},"clearTextFirst":true,"interactionType":"ENTER_TEXT"}]}
RESULT: {"script":"<script> [776 bytes]","args":[{"enterText":"HVhnzm6w8X","selector":{"id":"application-managepricingrules-display-component---priceInfoItem--smartFilterBar-btnBasicSearch","interaction":{"idSuffix":"I"}},"clearTextFirst":true,"interactionType":"ENTER_TEXT"}]}
COMMAND: POST /session/3c9b041fc044676a58cc73ba58d1a297/actions - {"actions":[{"id":"action30","type":"key","parameters":{},"actions":[{"type":"keyDown","value":"î€‡"},{"type":"pause","duration":10},{"type":"keyUp","value":"î€‡"}]}]}
RESULT: {"actions":[{"id":"action30","type":"key","parameters":{},"actions":[{"type":"keyDown","value":"î€‡"},{"type":"pause","duration":10},{"type":"keyUp","value":"î€‡"}]}]}
COMMAND: GET /session/3c9b041fc044676a58cc73ba58d1a297/screenshot - {}
RESULT: {}
COMMAND: POST /session/3c9b041fc044676a58cc73ba58d1a297/element - {"using":"xpath","value":"//span[@id=\"application-managepricingrules-display-component---priceInfoItem--smartTable-header-inner\"]"}
RESULT: {"using":"xpath","value":"//span[@id=\"application-managepricingrules-display-component---priceInfoItem--smartTable-header-inner\"]"}
COMMAND: POST /session/3c9b041fc044676a58cc73ba58d1a297/elements - {"using":"xpath","value":"//span[@id=\"application-managepricingrules-display-component---priceInfoItem--smartTable-header-inner\"]"}
RESULT: {"using":"xpath","value":"//span[@id=\"application-managepricingrules-display-component---priceInfoItem--smartTable-header-inner\"]"}
COMMAND: POST /session/3c9b041fc044676a58cc73ba58d1a297/execute/sync - {"script":"<script> [56 bytes]","args":[{"element-6066-11e4-a52e-4f735466cecf":"f.9E3361242BDECB3802103B61B67CD02C.d.22E58AEB2FB85273704F4B28A9DB861F.e.7521","ELEMENT":"f.9E3361242BDECB3802103B61B67CD02C.d.22E58AEB2FB85273704F4B28A9DB861F.e.7521"}]}
RESULT: {"script":"<script> [56 bytes]","args":[{"element-6066-11e4-a52e-4f735466cecf":"f.9E3361242BDECB3802103B61B67CD02C.d.22E58AEB2FB85273704F4B28A9DB861F.e.7521","ELEMENT":"f.9E3361242BDECB3802103B61B67CD02C.d.22E58AEB2FB85273704F4B28A9DB861F.e.7521"}]}
COMMAND: POST /session/3c9b041fc044676a58cc73ba58d1a297/element - {"using":"css selector","value":"#shell-header-logo"}
COMMAND: GET /session/3c9b041fc044676a58cc73ba58d1a297/screenshot - {}
RESULT: {"using":"css selector","value":"#shell-header-logo"}
COMMAND: POST /session/3c9b041fc044676a58cc73ba58d1a297/element/f.9E3361242BDECB3802103B61B67CD02C.d.22E58AEB2FB85273704F4B28A9DB861F.e.6518/click - {}
RESULT: {}
RESULT: {}
COMMAND: GET /session/3c9b041fc044676a58cc73ba58d1a297/screenshot - {}
RESULT: {}
]]></system-out>
    </testcase>
    <testcase classname="chrome.136_0_7103_49.windows.Create_master_data_for_mixed_billing_&amp;_do_billing_calculation_US151661" name="Should add one time condition" time="64.562">
      <system-out><![CDATA[
COMMAND: POST /session/3c9b041fc044676a58cc73ba58d1a297/execute/async - {"script":"<script> [1562 bytes]","args":[{"selector":{"controlType":"sap.m.Text","properties":{"text":"Manage Conditions & Prices"},"interaction":{"idSuffix":"inner"}},"wdio_ui5_key":"sapm.Text{\"text\":\"Manage Conditions & Prices\"}"}]}
RESULT: {"script":"<script> [1562 bytes]","args":[{"selector":{"controlType":"sap.m.Text","properties":{"text":"Manage Conditions & Prices"},"interaction":{"idSuffix":"inner"}},"wdio_ui5_key":"sapm.Text{\"text\":\"Manage Conditions & Prices\"}"}]}
RESULT: undefined
COMMAND: POST /session/3c9b041fc044676a58cc73ba58d1a297/element - {"using":"xpath","value":"//*[@id=\"__tile53-title\"]"}
RESULT: {"using":"xpath","value":"//*[@id=\"__tile53-title\"]"}
COMMAND: POST /session/3c9b041fc044676a58cc73ba58d1a297/element/f.9E3361242BDECB3802103B61B67CD02C.d.22E58AEB2FB85273704F4B28A9DB861F.e.7524/click - {}
RESULT: {}
COMMAND: POST /session/3c9b041fc044676a58cc73ba58d1a297/element - {"using":"xpath","value":"//button[@aria-label=\"Create\"]"}
COMMAND: GET /session/3c9b041fc044676a58cc73ba58d1a297/screenshot - {}
RESULT: {"using":"xpath","value":"//button[@aria-label=\"Create\"]"}
COMMAND: POST /session/3c9b041fc044676a58cc73ba58d1a297/elements - {"using":"xpath","value":"//button[@aria-label=\"Create\"]"}
RESULT: {}
RESULT: {"using":"xpath","value":"//button[@aria-label=\"Create\"]"}
COMMAND: POST /session/3c9b041fc044676a58cc73ba58d1a297/elements - {"using":"xpath","value":"//button[@aria-label=\"Create\"]"}
RESULT: {"using":"xpath","value":"//button[@aria-label=\"Create\"]"}
COMMAND: POST /session/3c9b041fc044676a58cc73ba58d1a297/elements - {"using":"xpath","value":"//button[@aria-label=\"Create\"]"}
RESULT: {"using":"xpath","value":"//button[@aria-label=\"Create\"]"}
COMMAND: POST /session/3c9b041fc044676a58cc73ba58d1a297/elements - {"using":"xpath","value":"//button[@aria-label=\"Create\"]"}
RESULT: {"using":"xpath","value":"//button[@aria-label=\"Create\"]"}
COMMAND: POST /session/3c9b041fc044676a58cc73ba58d1a297/elements - {"using":"xpath","value":"//button[@aria-label=\"Create\"]"}
RESULT: {"using":"xpath","value":"//button[@aria-label=\"Create\"]"}
COMMAND: POST /session/3c9b041fc044676a58cc73ba58d1a297/elements - {"using":"xpath","value":"//button[@aria-label=\"Create\"]"}
RESULT: {"using":"xpath","value":"//button[@aria-label=\"Create\"]"}
COMMAND: POST /session/3c9b041fc044676a58cc73ba58d1a297/elements - {"using":"xpath","value":"//button[@aria-label=\"Create\"]"}
RESULT: {"using":"xpath","value":"//button[@aria-label=\"Create\"]"}
COMMAND: POST /session/3c9b041fc044676a58cc73ba58d1a297/elements - {"using":"xpath","value":"//button[@aria-label=\"Create\"]"}
RESULT: {"using":"xpath","value":"//button[@aria-label=\"Create\"]"}
COMMAND: POST /session/3c9b041fc044676a58cc73ba58d1a297/element - {"using":"xpath","value":"//button[@aria-label=\"Create\"]"}
RESULT: {"using":"xpath","value":"//button[@aria-label=\"Create\"]"}
COMMAND: POST /session/3c9b041fc044676a58cc73ba58d1a297/execute/sync - {"script":"<script> [8489 bytes]","args":[{"element-6066-11e4-a52e-4f735466cecf":"f.9E3361242BDECB3802103B61B67CD02C.d.22E58AEB2FB85273704F4B28A9DB861F.e.7558","ELEMENT":"f.9E3361242BDECB3802103B61B67CD02C.d.22E58AEB2FB85273704F4B28A9DB861F.e.7558"}]}
RESULT: {"script":"<script> [8489 bytes]","args":[{"element-6066-11e4-a52e-4f735466cecf":"f.9E3361242BDECB3802103B61B67CD02C.d.22E58AEB2FB85273704F4B28A9DB861F.e.7558","ELEMENT":"f.9E3361242BDECB3802103B61B67CD02C.d.22E58AEB2FB85273704F4B28A9DB861F.e.7558"}]}
COMMAND: GET /session/3c9b041fc044676a58cc73ba58d1a297/element/f.9E3361242BDECB3802103B61B67CD02C.d.22E58AEB2FB85273704F4B28A9DB861F.e.7558/enabled - {}
COMMAND: GET /session/3c9b041fc044676a58cc73ba58d1a297/screenshot - {}
RESULT: {}
COMMAND: POST /session/3c9b041fc044676a58cc73ba58d1a297/execute/sync - {"script":"<script> [8489 bytes]","args":[{"element-6066-11e4-a52e-4f735466cecf":"f.9E3361242BDECB3802103B61B67CD02C.d.22E58AEB2FB85273704F4B28A9DB861F.e.7558","ELEMENT":"f.9E3361242BDECB3802103B61B67CD02C.d.22E58AEB2FB85273704F4B28A9DB861F.e.7558"}]}
COMMAND: GET /session/3c9b041fc044676a58cc73ba58d1a297/screenshot - {}
RESULT: {}
RESULT: {"script":"<script> [8489 bytes]","args":[{"element-6066-11e4-a52e-4f735466cecf":"f.9E3361242BDECB3802103B61B67CD02C.d.22E58AEB2FB85273704F4B28A9DB861F.e.7558","ELEMENT":"f.9E3361242BDECB3802103B61B67CD02C.d.22E58AEB2FB85273704F4B28A9DB861F.e.7558"}]}
COMMAND: POST /session/3c9b041fc044676a58cc73ba58d1a297/execute/sync - {"script":"<script> [5351 bytes]","args":[{"element-6066-11e4-a52e-4f735466cecf":"f.9E3361242BDECB3802103B61B67CD02C.d.22E58AEB2FB85273704F4B28A9DB861F.e.7558","ELEMENT":"f.9E3361242BDECB3802103B61B67CD02C.d.22E58AEB2FB85273704F4B28A9DB861F.e.7558"}]}
COMMAND: GET /session/3c9b041fc044676a58cc73ba58d1a297/screenshot - {}
RESULT: {}
RESULT: {"script":"<script> [5351 bytes]","args":[{"element-6066-11e4-a52e-4f735466cecf":"f.9E3361242BDECB3802103B61B67CD02C.d.22E58AEB2FB85273704F4B28A9DB861F.e.7558","ELEMENT":"f.9E3361242BDECB3802103B61B67CD02C.d.22E58AEB2FB85273704F4B28A9DB861F.e.7558"}]}
COMMAND: POST /session/3c9b041fc044676a58cc73ba58d1a297/element/f.9E3361242BDECB3802103B61B67CD02C.d.22E58AEB2FB85273704F4B28A9DB861F.e.7558/click - {}
COMMAND: GET /session/3c9b041fc044676a58cc73ba58d1a297/screenshot - {}
RESULT: {}
RESULT: {}
COMMAND: GET /session/3c9b041fc044676a58cc73ba58d1a297/screenshot - {}
RESULT: {}
RESULT: {}
COMMAND: POST /session/3c9b041fc044676a58cc73ba58d1a297/actions - {"actions":[{"id":"action31","type":"key","parameters":{},"actions":[{"type":"keyDown","value":"î€‡"},{"type":"pause","duration":10},{"type":"keyUp","value":"î€‡"}]}]}
RESULT: {"actions":[{"id":"action31","type":"key","parameters":{},"actions":[{"type":"keyDown","value":"î€‡"},{"type":"pause","duration":10},{"type":"keyUp","value":"î€‡"}]}]}
COMMAND: GET /session/3c9b041fc044676a58cc73ba58d1a297/screenshot - {}
RESULT: {}
COMMAND: POST /session/3c9b041fc044676a58cc73ba58d1a297/execute/async - {"script":"<script> [1562 bytes]","args":[{"selector":{"id":"application-manageconditionprice-display-component---newCondition--condBillCond-arrow"},"wdio_ui5_key":"applicationmanageconditionprice-display-component---newCondition--condBillCond-arrow"}]}
RESULT: {"script":"<script> [1562 bytes]","args":[{"selector":{"id":"application-manageconditionprice-display-component---newCondition--condBillCond-arrow"},"wdio_ui5_key":"applicationmanageconditionprice-display-component---newCondition--condBillCond-arrow"}]}
RESULT: undefined
COMMAND: POST /session/3c9b041fc044676a58cc73ba58d1a297/element - {"using":"xpath","value":"//*[@id=\"application-manageconditionprice-display-component---newCondition--condBillCond-arrow\"]"}
RESULT: {"using":"xpath","value":"//*[@id=\"application-manageconditionprice-display-component---newCondition--condBillCond-arrow\"]"}
COMMAND: POST /session/3c9b041fc044676a58cc73ba58d1a297/element/f.9E3361242BDECB3802103B61B67CD02C.d.22E58AEB2FB85273704F4B28A9DB861F.e.7735/click - {}
RESULT: {}
COMMAND: GET /session/3c9b041fc044676a58cc73ba58d1a297/screenshot - {}
RESULT: {}
COMMAND: POST /session/3c9b041fc044676a58cc73ba58d1a297/element - {"using":"xpath","value":"//li[.//span[contains(text(), \"SAPR - Sales price\")]]"}
RESULT: {"using":"xpath","value":"//li[.//span[contains(text(), \"SAPR - Sales price\")]]"}
COMMAND: POST /session/3c9b041fc044676a58cc73ba58d1a297/element/f.9E3361242BDECB3802103B61B67CD02C.d.22E58AEB2FB85273704F4B28A9DB861F.e.7738/click - {}
RESULT: {}
COMMAND: GET /session/3c9b041fc044676a58cc73ba58d1a297/screenshot - {}
RESULT: {}
COMMAND: POST /session/3c9b041fc044676a58cc73ba58d1a297/execute/async - {"script":"<script> [1562 bytes]","args":[{"selector":{"id":"application-manageconditionprice-display-component---newCondition--condValidTo","interaction":{"idSuffix":"inner"}},"wdio_ui5_key":"applicationmanageconditionprice-display-component---newCondition--condValidTo"}]}
RESULT: {"script":"<script> [1562 bytes]","args":[{"selector":{"id":"application-manageconditionprice-display-component---newCondition--condValidTo","interaction":{"idSuffix":"inner"}},"wdio_ui5_key":"applicationmanageconditionprice-display-component---newCondition--condValidTo"}]}
RESULT: undefined
COMMAND: POST /session/3c9b041fc044676a58cc73ba58d1a297/execute/async - {"script":"<script> [776 bytes]","args":[{"enterText":"01/13/26","selector":{"id":"application-manageconditionprice-display-component---newCondition--condValidTo","interaction":{"idSuffix":"inner"}},"clearTextFirst":true,"interactionType":"ENTER_TEXT"}]}
RESULT: {"script":"<script> [776 bytes]","args":[{"enterText":"01/13/26","selector":{"id":"application-manageconditionprice-display-component---newCondition--condValidTo","interaction":{"idSuffix":"inner"}},"clearTextFirst":true,"interactionType":"ENTER_TEXT"}]}
COMMAND: POST /session/3c9b041fc044676a58cc73ba58d1a297/element - {"using":"xpath","value":"//input[@id=\"application-manageconditionprice-display-component---newCondition--condRU-inner\"]"}
RESULT: {"using":"xpath","value":"//input[@id=\"application-manageconditionprice-display-component---newCondition--condRU-inner\"]"}
COMMAND: POST /session/3c9b041fc044676a58cc73ba58d1a297/element/f.9E3361242BDECB3802103B61B67CD02C.d.22E58AEB2FB85273704F4B28A9DB861F.e.7600/clear - {}
RESULT: {}
COMMAND: POST /session/3c9b041fc044676a58cc73ba58d1a297/element/f.9E3361242BDECB3802103B61B67CD02C.d.22E58AEB2FB85273704F4B28A9DB861F.e.7600/value - {"text":"HVhnzm6w8X"}
COMMAND: GET /session/3c9b041fc044676a58cc73ba58d1a297/screenshot - {}
RESULT: {"text":"HVhnzm6w8X"}
COMMAND: GET /session/3c9b041fc044676a58cc73ba58d1a297/screenshot - {}
RESULT: {}
RESULT: {}
COMMAND: POST /session/3c9b041fc044676a58cc73ba58d1a297/actions - {"actions":[{"id":"action32","type":"key","parameters":{},"actions":[{"type":"keyDown","value":"î€‡"},{"type":"pause","duration":10},{"type":"keyUp","value":"î€‡"}]}]}
RESULT: {"actions":[{"id":"action32","type":"key","parameters":{},"actions":[{"type":"keyDown","value":"î€‡"},{"type":"pause","duration":10},{"type":"keyUp","value":"î€‡"}]}]}
COMMAND: POST /session/3c9b041fc044676a58cc73ba58d1a297/execute/async - {"script":"<script> [1562 bytes]","args":[{"selector":{"id":"application-manageconditionprice-display-component---newCondition--condBaseQty","interaction":{"idSuffix":"inner"}},"wdio_ui5_key":"applicationmanageconditionprice-display-component---newCondition--condBaseQty"}]}
COMMAND: GET /session/3c9b041fc044676a58cc73ba58d1a297/screenshot - {}
RESULT: {"script":"<script> [1562 bytes]","args":[{"selector":{"id":"application-manageconditionprice-display-component---newCondition--condBaseQty","interaction":{"idSuffix":"inner"}},"wdio_ui5_key":"applicationmanageconditionprice-display-component---newCondition--condBaseQty"}]}
RESULT: undefined
COMMAND: POST /session/3c9b041fc044676a58cc73ba58d1a297/execute/async - {"script":"<script> [776 bytes]","args":[{"enterText":"1","selector":{"id":"application-manageconditionprice-display-component---newCondition--condBaseQty","interaction":{"idSuffix":"inner"}},"clearTextFirst":true,"interactionType":"ENTER_TEXT"}]}
RESULT: {}
RESULT: {"script":"<script> [776 bytes]","args":[{"enterText":"1","selector":{"id":"application-manageconditionprice-display-component---newCondition--condBaseQty","interaction":{"idSuffix":"inner"}},"clearTextFirst":true,"interactionType":"ENTER_TEXT"}]}
COMMAND: POST /session/3c9b041fc044676a58cc73ba58d1a297/execute/async - {"script":"<script> [1562 bytes]","args":[{"selector":{"id":"application-manageconditionprice-display-component---newCondition--condValue","interaction":{"idSuffix":"inner"}},"wdio_ui5_key":"applicationmanageconditionprice-display-component---newCondition--condValue"}]}
RESULT: {"script":"<script> [1562 bytes]","args":[{"selector":{"id":"application-manageconditionprice-display-component---newCondition--condValue","interaction":{"idSuffix":"inner"}},"wdio_ui5_key":"applicationmanageconditionprice-display-component---newCondition--condValue"}]}
RESULT: undefined
COMMAND: POST /session/3c9b041fc044676a58cc73ba58d1a297/execute/async - {"script":"<script> [776 bytes]","args":[{"enterText":"200","selector":{"id":"application-manageconditionprice-display-component---newCondition--condValue","interaction":{"idSuffix":"inner"}},"clearTextFirst":true,"interactionType":"ENTER_TEXT"}]}
RESULT: {"script":"<script> [776 bytes]","args":[{"enterText":"200","selector":{"id":"application-manageconditionprice-display-component---newCondition--condValue","interaction":{"idSuffix":"inner"}},"clearTextFirst":true,"interactionType":"ENTER_TEXT"}]}
COMMAND: POST /session/3c9b041fc044676a58cc73ba58d1a297/execute/async - {"script":"<script> [1562 bytes]","args":[{"selector":{"id":"application-manageconditionprice-display-component---newCondition--condCurr-arrow"},"wdio_ui5_key":"applicationmanageconditionprice-display-component---newCondition--condCurr-arrow"}]}
RESULT: {"script":"<script> [1562 bytes]","args":[{"selector":{"id":"application-manageconditionprice-display-component---newCondition--condCurr-arrow"},"wdio_ui5_key":"applicationmanageconditionprice-display-component---newCondition--condCurr-arrow"}]}
RESULT: undefined
COMMAND: POST /session/3c9b041fc044676a58cc73ba58d1a297/element - {"using":"xpath","value":"//*[@id=\"application-manageconditionprice-display-component---newCondition--condCurr-arrow\"]"}
RESULT: {"using":"xpath","value":"//*[@id=\"application-manageconditionprice-display-component---newCondition--condCurr-arrow\"]"}
COMMAND: POST /session/3c9b041fc044676a58cc73ba58d1a297/element/f.9E3361242BDECB3802103B61B67CD02C.d.22E58AEB2FB85273704F4B28A9DB861F.e.7708/click - {}
RESULT: {}
COMMAND: POST /session/3c9b041fc044676a58cc73ba58d1a297/element - {"using":"xpath","value":"//span[contains(text(), \"Euro\")]"}
COMMAND: GET /session/3c9b041fc044676a58cc73ba58d1a297/screenshot - {}
RESULT: {"using":"xpath","value":"//span[contains(text(), \"Euro\")]"}
COMMAND: POST /session/3c9b041fc044676a58cc73ba58d1a297/element/f.9E3361242BDECB3802103B61B67CD02C.d.22E58AEB2FB85273704F4B28A9DB861F.e.7776/click - {}
RESULT: {}
RESULT: {}
COMMAND: POST /session/3c9b041fc044676a58cc73ba58d1a297/element - {"using":"xpath","value":"//button[@data-kt=\"saveButton\"]"}
COMMAND: GET /session/3c9b041fc044676a58cc73ba58d1a297/screenshot - {}
RESULT: {"using":"xpath","value":"//button[@data-kt=\"saveButton\"]"}
COMMAND: POST /session/3c9b041fc044676a58cc73ba58d1a297/element/f.9E3361242BDECB3802103B61B67CD02C.d.22E58AEB2FB85273704F4B28A9DB861F.e.7709/click - {}
RESULT: {}
RESULT: {}
COMMAND: GET /session/3c9b041fc044676a58cc73ba58d1a297/screenshot - {}
RESULT: {}
COMMAND: POST /session/3c9b041fc044676a58cc73ba58d1a297/execute/async - {"script":"<script> [1562 bytes]","args":[{"selector":{"id":"application-manageconditionprice-display-component---conditions--smartFilterBar-btnBasicSearch","interaction":{"idSuffix":"I"}},"wdio_ui5_key":"applicationmanageconditionprice-display-component---conditions--smartFilterBar-btnBasicSearch"}]}
RESULT: {"script":"<script> [1562 bytes]","args":[{"selector":{"id":"application-manageconditionprice-display-component---conditions--smartFilterBar-btnBasicSearch","interaction":{"idSuffix":"I"}},"wdio_ui5_key":"applicationmanageconditionprice-display-component---conditions--smartFilterBar-btnBasicSearch"}]}
RESULT: undefined
COMMAND: POST /session/3c9b041fc044676a58cc73ba58d1a297/execute/async - {"script":"<script> [776 bytes]","args":[{"enterText":"HVhnzm6w8X","selector":{"id":"application-manageconditionprice-display-component---conditions--smartFilterBar-btnBasicSearch","interaction":{"idSuffix":"I"}},"clearTextFirst":true,"interactionType":"ENTER_TEXT"}]}
RESULT: {"script":"<script> [776 bytes]","args":[{"enterText":"HVhnzm6w8X","selector":{"id":"application-manageconditionprice-display-component---conditions--smartFilterBar-btnBasicSearch","interaction":{"idSuffix":"I"}},"clearTextFirst":true,"interactionType":"ENTER_TEXT"}]}
COMMAND: POST /session/3c9b041fc044676a58cc73ba58d1a297/actions - {"actions":[{"id":"action33","type":"key","parameters":{},"actions":[{"type":"keyDown","value":"î€‡"},{"type":"pause","duration":10},{"type":"keyUp","value":"î€‡"}]}]}
RESULT: {"actions":[{"id":"action33","type":"key","parameters":{},"actions":[{"type":"keyDown","value":"î€‡"},{"type":"pause","duration":10},{"type":"keyUp","value":"î€‡"}]}]}
COMMAND: GET /session/3c9b041fc044676a58cc73ba58d1a297/screenshot - {}
RESULT: {}
COMMAND: POST /session/3c9b041fc044676a58cc73ba58d1a297/execute/async - {"script":"<script> [1562 bytes]","args":[{"selector":{"id":"application-manageconditionprice-display-component---conditions--smartFilterBar-filterItemControl_BASIC-BILL_TYPES-vhi"},"wdio_ui5_key":"applicationmanageconditionprice-display-component---conditions--smartFilterBar-filterItemControl_BASIC-BILL_TYPES-vhi"}]}
RESULT: {"script":"<script> [1562 bytes]","args":[{"selector":{"id":"application-manageconditionprice-display-component---conditions--smartFilterBar-filterItemControl_BASIC-BILL_TYPES-vhi"},"wdio_ui5_key":"applicationmanageconditionprice-display-component---conditions--smartFilterBar-filterItemControl_BASIC-BILL_TYPES-vhi"}]}
RESULT: undefined
COMMAND: POST /session/3c9b041fc044676a58cc73ba58d1a297/element - {"using":"xpath","value":"//*[@id=\"application-manageconditionprice-display-component---conditions--smartFilterBar-filterItemControl_BASIC-BILL_TYPES-vhi\"]"}
RESULT: {"using":"xpath","value":"//*[@id=\"application-manageconditionprice-display-component---conditions--smartFilterBar-filterItemControl_BASIC-BILL_TYPES-vhi\"]"}
COMMAND: POST /session/3c9b041fc044676a58cc73ba58d1a297/element/f.9E3361242BDECB3802103B61B67CD02C.d.22E58AEB2FB85273704F4B28A9DB861F.e.7883/click - {}
RESULT: {}
COMMAND: POST /session/3c9b041fc044676a58cc73ba58d1a297/execute/async - {"script":"<script> [1562 bytes]","args":[{"selector":{"id":"application-manageconditionprice-display-component---conditions--smartFilterBar-filterItemControl_BASIC-BILL_TYPES-valueHelpDialog-smartFilterBar-btnBasicSearch","searchOpenDialogs":true,"interaction":{"idSuffix":"I"}},"wdio_ui5_key":"applicationmanageconditionprice-display-component---conditions--smartFilterBar-filterItemControl_BASIC-BILL_TYPES-valueHelpDialog-smartFilterBar-btnBasicSearch"}]}
COMMAND: GET /session/3c9b041fc044676a58cc73ba58d1a297/screenshot - {}
RESULT: {"script":"<script> [1562 bytes]","args":[{"selector":{"id":"application-manageconditionprice-display-component---conditions--smartFilterBar-filterItemControl_BASIC-BILL_TYPES-valueHelpDialog-smartFilterBar-btnBasicSearch","searchOpenDialogs":true,"interaction":{"idSuffix":"I"}},"wdio_ui5_key":"applicationmanageconditionprice-display-component---conditions--smartFilterBar-filterItemControl_BASIC-BILL_TYPES-valueHelpDialog-smartFilterBar-btnBasicSearch"}]}
RESULT: undefined
COMMAND: POST /session/3c9b041fc044676a58cc73ba58d1a297/execute/async - {"script":"<script> [776 bytes]","args":[{"enterText":"one","selector":{"id":"application-manageconditionprice-display-component---conditions--smartFilterBar-filterItemControl_BASIC-BILL_TYPES-valueHelpDialog-smartFilterBar-btnBasicSearch","searchOpenDialogs":true,"interaction":{"idSuffix":"I"}},"clearTextFirst":true,"interactionType":"ENTER_TEXT"}]}
RESULT: {}
RESULT: {"script":"<script> [776 bytes]","args":[{"enterText":"one","selector":{"id":"application-manageconditionprice-display-component---conditions--smartFilterBar-filterItemControl_BASIC-BILL_TYPES-valueHelpDialog-smartFilterBar-btnBasicSearch","searchOpenDialogs":true,"interaction":{"idSuffix":"I"}},"clearTextFirst":true,"interactionType":"ENTER_TEXT"}]}
COMMAND: POST /session/3c9b041fc044676a58cc73ba58d1a297/actions - {"actions":[{"id":"action34","type":"key","parameters":{},"actions":[{"type":"keyDown","value":"î€‡"},{"type":"pause","duration":10},{"type":"keyUp","value":"î€‡"}]}]}
RESULT: {"actions":[{"id":"action34","type":"key","parameters":{},"actions":[{"type":"keyDown","value":"î€‡"},{"type":"pause","duration":10},{"type":"keyUp","value":"î€‡"}]}]}
COMMAND: GET /session/3c9b041fc044676a58cc73ba58d1a297/screenshot - {}
RESULT: {}
COMMAND: POST /session/3c9b041fc044676a58cc73ba58d1a297/element - {"using":"xpath","value":"//div[contains(@id, 'application-manageconditionprice-display-component---conditions--smartFilterBar-filterItemControl_BASIC-BILL_TYPES-valueHelpDialog-table-rowsel0')]"}
RESULT: {"using":"xpath","value":"//div[contains(@id, 'application-manageconditionprice-display-component---conditions--smartFilterBar-filterItemControl_BASIC-BILL_TYPES-valueHelpDialog-table-rowsel0')]"}
COMMAND: POST /session/3c9b041fc044676a58cc73ba58d1a297/element/f.9E3361242BDECB3802103B61B67CD02C.d.22E58AEB2FB85273704F4B28A9DB861F.e.7893/click - {}
RESULT: {}
COMMAND: GET /session/3c9b041fc044676a58cc73ba58d1a297/screenshot - {}
RESULT: {}
COMMAND: POST /session/3c9b041fc044676a58cc73ba58d1a297/element - {"using":"xpath","value":"//bdi[contains(text(), \"OK\")]"}
RESULT: {"using":"xpath","value":"//bdi[contains(text(), \"OK\")]"}
COMMAND: POST /session/3c9b041fc044676a58cc73ba58d1a297/element/f.9E3361242BDECB3802103B61B67CD02C.d.22E58AEB2FB85273704F4B28A9DB861F.e.7895/click - {}
RESULT: {}
COMMAND: GET /session/3c9b041fc044676a58cc73ba58d1a297/screenshot - {}
RESULT: {}
COMMAND: POST /session/3c9b041fc044676a58cc73ba58d1a297/element - {"using":"xpath","value":"//span[@id=\"application-manageconditionprice-display-component---conditions--smartTable-header-inner\"]"}
RESULT: {"using":"xpath","value":"//span[@id=\"application-manageconditionprice-display-component---conditions--smartTable-header-inner\"]"}
COMMAND: POST /session/3c9b041fc044676a58cc73ba58d1a297/elements - {"using":"xpath","value":"//span[@id=\"application-manageconditionprice-display-component---conditions--smartTable-header-inner\"]"}
RESULT: {"using":"xpath","value":"//span[@id=\"application-manageconditionprice-display-component---conditions--smartTable-header-inner\"]"}
COMMAND: POST /session/3c9b041fc044676a58cc73ba58d1a297/execute/sync - {"script":"<script> [56 bytes]","args":[{"element-6066-11e4-a52e-4f735466cecf":"f.9E3361242BDECB3802103B61B67CD02C.d.22E58AEB2FB85273704F4B28A9DB861F.e.7898","ELEMENT":"f.9E3361242BDECB3802103B61B67CD02C.d.22E58AEB2FB85273704F4B28A9DB861F.e.7898"}]}
RESULT: {"script":"<script> [56 bytes]","args":[{"element-6066-11e4-a52e-4f735466cecf":"f.9E3361242BDECB3802103B61B67CD02C.d.22E58AEB2FB85273704F4B28A9DB861F.e.7898","ELEMENT":"f.9E3361242BDECB3802103B61B67CD02C.d.22E58AEB2FB85273704F4B28A9DB861F.e.7898"}]}
COMMAND: POST /session/3c9b041fc044676a58cc73ba58d1a297/element - {"using":"css selector","value":"#shell-header-logo"}
COMMAND: GET /session/3c9b041fc044676a58cc73ba58d1a297/screenshot - {}
RESULT: {"using":"css selector","value":"#shell-header-logo"}
COMMAND: POST /session/3c9b041fc044676a58cc73ba58d1a297/element/f.9E3361242BDECB3802103B61B67CD02C.d.22E58AEB2FB85273704F4B28A9DB861F.e.7526/click - {}
RESULT: {}
RESULT: {}
COMMAND: GET /session/3c9b041fc044676a58cc73ba58d1a297/screenshot - {}
RESULT: {}
]]></system-out>
    </testcase>
    <testcase classname="chrome.136_0_7103_49.windows.Create_master_data_for_mixed_billing_&amp;_do_billing_calculation_US151661" name="Should add performance based condition" time="61.651">
      <system-out><![CDATA[
RESULT: undefined
COMMAND: POST /session/3c9b041fc044676a58cc73ba58d1a297/element - {"using":"xpath","value":"//*[@id=\"__tile53-title\"]"}
RESULT: {"using":"xpath","value":"//*[@id=\"__tile53-title\"]"}
COMMAND: POST /session/3c9b041fc044676a58cc73ba58d1a297/element/f.9E3361242BDECB3802103B61B67CD02C.d.22E58AEB2FB85273704F4B28A9DB861F.e.7524/click - {}
RESULT: {}
COMMAND: POST /session/3c9b041fc044676a58cc73ba58d1a297/element - {"using":"xpath","value":"//button[@aria-label=\"Create\"]"}
COMMAND: GET /session/3c9b041fc044676a58cc73ba58d1a297/screenshot - {}
RESULT: {"using":"xpath","value":"//button[@aria-label=\"Create\"]"}
COMMAND: POST /session/3c9b041fc044676a58cc73ba58d1a297/elements - {"using":"xpath","value":"//button[@aria-label=\"Create\"]"}
RESULT: {}
RESULT: {"using":"xpath","value":"//button[@aria-label=\"Create\"]"}
COMMAND: POST /session/3c9b041fc044676a58cc73ba58d1a297/element - {"using":"xpath","value":"//button[@aria-label=\"Create\"]"}
RESULT: {"using":"xpath","value":"//button[@aria-label=\"Create\"]"}
COMMAND: POST /session/3c9b041fc044676a58cc73ba58d1a297/execute/sync - {"script":"<script> [8489 bytes]","args":[{"element-6066-11e4-a52e-4f735466cecf":"f.9E3361242BDECB3802103B61B67CD02C.d.22E58AEB2FB85273704F4B28A9DB861F.e.7928","ELEMENT":"f.9E3361242BDECB3802103B61B67CD02C.d.22E58AEB2FB85273704F4B28A9DB861F.e.7928"}]}
RESULT: {"script":"<script> [8489 bytes]","args":[{"element-6066-11e4-a52e-4f735466cecf":"f.9E3361242BDECB3802103B61B67CD02C.d.22E58AEB2FB85273704F4B28A9DB861F.e.7928","ELEMENT":"f.9E3361242BDECB3802103B61B67CD02C.d.22E58AEB2FB85273704F4B28A9DB861F.e.7928"}]}
COMMAND: GET /session/3c9b041fc044676a58cc73ba58d1a297/element/f.9E3361242BDECB3802103B61B67CD02C.d.22E58AEB2FB85273704F4B28A9DB861F.e.7928/enabled - {}
COMMAND: GET /session/3c9b041fc044676a58cc73ba58d1a297/screenshot - {}
RESULT: {}
COMMAND: POST /session/3c9b041fc044676a58cc73ba58d1a297/execute/sync - {"script":"<script> [8489 bytes]","args":[{"element-6066-11e4-a52e-4f735466cecf":"f.9E3361242BDECB3802103B61B67CD02C.d.22E58AEB2FB85273704F4B28A9DB861F.e.7928","ELEMENT":"f.9E3361242BDECB3802103B61B67CD02C.d.22E58AEB2FB85273704F4B28A9DB861F.e.7928"}]}
COMMAND: GET /session/3c9b041fc044676a58cc73ba58d1a297/screenshot - {}
RESULT: {}
RESULT: {"script":"<script> [8489 bytes]","args":[{"element-6066-11e4-a52e-4f735466cecf":"f.9E3361242BDECB3802103B61B67CD02C.d.22E58AEB2FB85273704F4B28A9DB861F.e.7928","ELEMENT":"f.9E3361242BDECB3802103B61B67CD02C.d.22E58AEB2FB85273704F4B28A9DB861F.e.7928"}]}
COMMAND: POST /session/3c9b041fc044676a58cc73ba58d1a297/execute/sync - {"script":"<script> [5351 bytes]","args":[{"element-6066-11e4-a52e-4f735466cecf":"f.9E3361242BDECB3802103B61B67CD02C.d.22E58AEB2FB85273704F4B28A9DB861F.e.7928","ELEMENT":"f.9E3361242BDECB3802103B61B67CD02C.d.22E58AEB2FB85273704F4B28A9DB861F.e.7928"}]}
COMMAND: GET /session/3c9b041fc044676a58cc73ba58d1a297/screenshot - {}
RESULT: {}
RESULT: {"script":"<script> [5351 bytes]","args":[{"element-6066-11e4-a52e-4f735466cecf":"f.9E3361242BDECB3802103B61B67CD02C.d.22E58AEB2FB85273704F4B28A9DB861F.e.7928","ELEMENT":"f.9E3361242BDECB3802103B61B67CD02C.d.22E58AEB2FB85273704F4B28A9DB861F.e.7928"}]}
COMMAND: POST /session/3c9b041fc044676a58cc73ba58d1a297/element/f.9E3361242BDECB3802103B61B67CD02C.d.22E58AEB2FB85273704F4B28A9DB861F.e.7928/click - {}
COMMAND: GET /session/3c9b041fc044676a58cc73ba58d1a297/screenshot - {}
RESULT: {}
RESULT: {}
COMMAND: GET /session/3c9b041fc044676a58cc73ba58d1a297/screenshot - {}
RESULT: {}
RESULT: {}
COMMAND: POST /session/3c9b041fc044676a58cc73ba58d1a297/actions - {"actions":[{"id":"action35","type":"key","parameters":{},"actions":[{"type":"keyDown","value":"î€‡"},{"type":"pause","duration":10},{"type":"keyUp","value":"î€‡"}]}]}
RESULT: {"actions":[{"id":"action35","type":"key","parameters":{},"actions":[{"type":"keyDown","value":"î€‡"},{"type":"pause","duration":10},{"type":"keyUp","value":"î€‡"}]}]}
COMMAND: GET /session/3c9b041fc044676a58cc73ba58d1a297/screenshot - {}
RESULT: {}
RESULT: undefined
COMMAND: POST /session/3c9b041fc044676a58cc73ba58d1a297/element - {"using":"xpath","value":"//*[@id=\"application-manageconditionprice-display-component---newCondition--condBillCond-arrow\"]"}
RESULT: {"using":"xpath","value":"//*[@id=\"application-manageconditionprice-display-component---newCondition--condBillCond-arrow\"]"}
COMMAND: POST /session/3c9b041fc044676a58cc73ba58d1a297/element/f.9E3361242BDECB3802103B61B67CD02C.d.22E58AEB2FB85273704F4B28A9DB861F.e.8393/click - {}
RESULT: {}
COMMAND: GET /session/3c9b041fc044676a58cc73ba58d1a297/screenshot - {}
RESULT: {}
COMMAND: POST /session/3c9b041fc044676a58cc73ba58d1a297/element - {"using":"xpath","value":"//li[.//span[contains(text(), \"PC06 - Performance Price - fuel\")]]"}
RESULT: {"using":"xpath","value":"//li[.//span[contains(text(), \"PC06 - Performance Price - fuel\")]]"}
COMMAND: POST /session/3c9b041fc044676a58cc73ba58d1a297/element/f.9E3361242BDECB3802103B61B67CD02C.d.22E58AEB2FB85273704F4B28A9DB861F.e.8396/click - {}
RESULT: {}
COMMAND: GET /session/3c9b041fc044676a58cc73ba58d1a297/screenshot - {}
RESULT: {}
RESULT: undefined
COMMAND: POST /session/3c9b041fc044676a58cc73ba58d1a297/execute/async - {"script":"<script> [776 bytes]","args":[{"enterText":"01/13/26","selector":{"id":"application-manageconditionprice-display-component---newCondition--condValidTo","interaction":{"idSuffix":"inner"}},"clearTextFirst":true,"interactionType":"ENTER_TEXT"}]}
RESULT: {"script":"<script> [776 bytes]","args":[{"enterText":"01/13/26","selector":{"id":"application-manageconditionprice-display-component---newCondition--condValidTo","interaction":{"idSuffix":"inner"}},"clearTextFirst":true,"interactionType":"ENTER_TEXT"}]}
COMMAND: POST /session/3c9b041fc044676a58cc73ba58d1a297/element - {"using":"xpath","value":"//input[@id=\"application-manageconditionprice-display-component---newCondition--condRU-inner\"]"}
RESULT: {"using":"xpath","value":"//input[@id=\"application-manageconditionprice-display-component---newCondition--condRU-inner\"]"}
COMMAND: POST /session/3c9b041fc044676a58cc73ba58d1a297/element/f.9E3361242BDECB3802103B61B67CD02C.d.22E58AEB2FB85273704F4B28A9DB861F.e.8210/clear - {}
RESULT: {}
COMMAND: POST /session/3c9b041fc044676a58cc73ba58d1a297/element/f.9E3361242BDECB3802103B61B67CD02C.d.22E58AEB2FB85273704F4B28A9DB861F.e.8210/value - {"text":"HVhnzm6w8X"}
COMMAND: GET /session/3c9b041fc044676a58cc73ba58d1a297/screenshot - {}
RESULT: {"text":"HVhnzm6w8X"}
COMMAND: GET /session/3c9b041fc044676a58cc73ba58d1a297/screenshot - {}
RESULT: {}
RESULT: {}
COMMAND: POST /session/3c9b041fc044676a58cc73ba58d1a297/actions - {"actions":[{"id":"action36","type":"key","parameters":{},"actions":[{"type":"keyDown","value":"î€‡"},{"type":"pause","duration":10},{"type":"keyUp","value":"î€‡"}]}]}
RESULT: {"actions":[{"id":"action36","type":"key","parameters":{},"actions":[{"type":"keyDown","value":"î€‡"},{"type":"pause","duration":10},{"type":"keyUp","value":"î€‡"}]}]}
RESULT: undefined
COMMAND: POST /session/3c9b041fc044676a58cc73ba58d1a297/execute/async - {"script":"<script> [776 bytes]","args":[{"enterText":"1","selector":{"id":"application-manageconditionprice-display-component---newCondition--condBaseQty","interaction":{"idSuffix":"inner"}},"clearTextFirst":true,"interactionType":"ENTER_TEXT"}]}
COMMAND: GET /session/3c9b041fc044676a58cc73ba58d1a297/screenshot - {}
RESULT: {"script":"<script> [776 bytes]","args":[{"enterText":"1","selector":{"id":"application-manageconditionprice-display-component---newCondition--condBaseQty","interaction":{"idSuffix":"inner"}},"clearTextFirst":true,"interactionType":"ENTER_TEXT"}]}
RESULT: undefined
COMMAND: POST /session/3c9b041fc044676a58cc73ba58d1a297/execute/async - {"script":"<script> [776 bytes]","args":[{"enterText":"10","selector":{"id":"application-manageconditionprice-display-component---newCondition--condValue","interaction":{"idSuffix":"inner"}},"clearTextFirst":true,"interactionType":"ENTER_TEXT"}]}
RESULT: {}
RESULT: {"script":"<script> [776 bytes]","args":[{"enterText":"10","selector":{"id":"application-manageconditionprice-display-component---newCondition--condValue","interaction":{"idSuffix":"inner"}},"clearTextFirst":true,"interactionType":"ENTER_TEXT"}]}
RESULT: undefined
COMMAND: POST /session/3c9b041fc044676a58cc73ba58d1a297/element - {"using":"xpath","value":"//*[@id=\"application-manageconditionprice-display-component---newCondition--condCurr-arrow\"]"}
RESULT: {"using":"xpath","value":"//*[@id=\"application-manageconditionprice-display-component---newCondition--condCurr-arrow\"]"}
COMMAND: POST /session/3c9b041fc044676a58cc73ba58d1a297/element/f.9E3361242BDECB3802103B61B67CD02C.d.22E58AEB2FB85273704F4B28A9DB861F.e.8375/click - {}
RESULT: {}
COMMAND: POST /session/3c9b041fc044676a58cc73ba58d1a297/element - {"using":"xpath","value":"//span[contains(text(), \"Euro\")]"}
COMMAND: GET /session/3c9b041fc044676a58cc73ba58d1a297/screenshot - {}
RESULT: {"using":"xpath","value":"//span[contains(text(), \"Euro\")]"}
COMMAND: POST /session/3c9b041fc044676a58cc73ba58d1a297/element/f.9E3361242BDECB3802103B61B67CD02C.d.22E58AEB2FB85273704F4B28A9DB861F.e.8428/click - {}
RESULT: {}
RESULT: {}
COMMAND: POST /session/3c9b041fc044676a58cc73ba58d1a297/element - {"using":"xpath","value":"//button[@data-kt=\"saveButton\"]"}
COMMAND: GET /session/3c9b041fc044676a58cc73ba58d1a297/screenshot - {}
RESULT: {"using":"xpath","value":"//button[@data-kt=\"saveButton\"]"}
COMMAND: POST /session/3c9b041fc044676a58cc73ba58d1a297/element/f.9E3361242BDECB3802103B61B67CD02C.d.22E58AEB2FB85273704F4B28A9DB861F.e.8376/click - {}
RESULT: {}
RESULT: {}
COMMAND: GET /session/3c9b041fc044676a58cc73ba58d1a297/screenshot - {}
RESULT: {}
RESULT: undefined
COMMAND: POST /session/3c9b041fc044676a58cc73ba58d1a297/execute/async - {"script":"<script> [776 bytes]","args":[{"enterText":"HVhnzm6w8X","selector":{"id":"application-manageconditionprice-display-component---conditions--smartFilterBar-btnBasicSearch","interaction":{"idSuffix":"I"}},"clearTextFirst":true,"interactionType":"ENTER_TEXT"}]}
RESULT: {"script":"<script> [776 bytes]","args":[{"enterText":"HVhnzm6w8X","selector":{"id":"application-manageconditionprice-display-component---conditions--smartFilterBar-btnBasicSearch","interaction":{"idSuffix":"I"}},"clearTextFirst":true,"interactionType":"ENTER_TEXT"}]}
COMMAND: POST /session/3c9b041fc044676a58cc73ba58d1a297/actions - {"actions":[{"id":"action37","type":"key","parameters":{},"actions":[{"type":"keyDown","value":"î€‡"},{"type":"pause","duration":10},{"type":"keyUp","value":"î€‡"}]}]}
RESULT: {"actions":[{"id":"action37","type":"key","parameters":{},"actions":[{"type":"keyDown","value":"î€‡"},{"type":"pause","duration":10},{"type":"keyUp","value":"î€‡"}]}]}
COMMAND: GET /session/3c9b041fc044676a58cc73ba58d1a297/screenshot - {}
RESULT: {}
RESULT: undefined
COMMAND: POST /session/3c9b041fc044676a58cc73ba58d1a297/element - {"using":"xpath","value":"//*[@id=\"application-manageconditionprice-display-component---conditions--smartFilterBar-filterItemControl_BASIC-BILL_TYPES-vhi\"]"}
RESULT: {"using":"xpath","value":"//*[@id=\"application-manageconditionprice-display-component---conditions--smartFilterBar-filterItemControl_BASIC-BILL_TYPES-vhi\"]"}
COMMAND: POST /session/3c9b041fc044676a58cc73ba58d1a297/element/f.9E3361242BDECB3802103B61B67CD02C.d.22E58AEB2FB85273704F4B28A9DB861F.e.8465/click - {}
RESULT: {}
RESULT: undefined
COMMAND: POST /session/3c9b041fc044676a58cc73ba58d1a297/execute/async - {"script":"<script> [776 bytes]","args":[{"enterText":"PB","selector":{"id":"application-manageconditionprice-display-component---conditions--smartFilterBar-filterItemControl_BASIC-BILL_TYPES-valueHelpDialog-smartFilterBar-btnBasicSearch","searchOpenDialogs":true,"interaction":{"idSuffix":"I"}},"clearTextFirst":true,"interactionType":"ENTER_TEXT"}]}
COMMAND: GET /session/3c9b041fc044676a58cc73ba58d1a297/screenshot - {}
RESULT: {"script":"<script> [776 bytes]","args":[{"enterText":"PB","selector":{"id":"application-manageconditionprice-display-component---conditions--smartFilterBar-filterItemControl_BASIC-BILL_TYPES-valueHelpDialog-smartFilterBar-btnBasicSearch","searchOpenDialogs":true,"interaction":{"idSuffix":"I"}},"clearTextFirst":true,"interactionType":"ENTER_TEXT"}]}
COMMAND: POST /session/3c9b041fc044676a58cc73ba58d1a297/actions - {"actions":[{"id":"action38","type":"key","parameters":{},"actions":[{"type":"keyDown","value":"î€‡"},{"type":"pause","duration":10},{"type":"keyUp","value":"î€‡"}]}]}
RESULT: {}
RESULT: {"actions":[{"id":"action38","type":"key","parameters":{},"actions":[{"type":"keyDown","value":"î€‡"},{"type":"pause","duration":10},{"type":"keyUp","value":"î€‡"}]}]}
COMMAND: GET /session/3c9b041fc044676a58cc73ba58d1a297/screenshot - {}
RESULT: {}
COMMAND: POST /session/3c9b041fc044676a58cc73ba58d1a297/element - {"using":"xpath","value":"//div[contains(@id, 'application-manageconditionprice-display-component---conditions--smartFilterBar-filterItemControl_BASIC-BILL_TYPES-valueHelpDialog-table-rowsel0')]"}
RESULT: {"using":"xpath","value":"//div[contains(@id, 'application-manageconditionprice-display-component---conditions--smartFilterBar-filterItemControl_BASIC-BILL_TYPES-valueHelpDialog-table-rowsel0')]"}
COMMAND: POST /session/3c9b041fc044676a58cc73ba58d1a297/element/f.9E3361242BDECB3802103B61B67CD02C.d.22E58AEB2FB85273704F4B28A9DB861F.e.8472/click - {}
RESULT: {}
COMMAND: GET /session/3c9b041fc044676a58cc73ba58d1a297/screenshot - {}
RESULT: {}
COMMAND: POST /session/3c9b041fc044676a58cc73ba58d1a297/element - {"using":"xpath","value":"//bdi[contains(text(), \"OK\")]"}
RESULT: {"using":"xpath","value":"//bdi[contains(text(), \"OK\")]"}
COMMAND: POST /session/3c9b041fc044676a58cc73ba58d1a297/element/f.9E3361242BDECB3802103B61B67CD02C.d.22E58AEB2FB85273704F4B28A9DB861F.e.8474/click - {}
RESULT: {}
COMMAND: GET /session/3c9b041fc044676a58cc73ba58d1a297/screenshot - {}
RESULT: {}
COMMAND: POST /session/3c9b041fc044676a58cc73ba58d1a297/element - {"using":"xpath","value":"//span[@id=\"application-manageconditionprice-display-component---conditions--smartTable-header-inner\"]"}
RESULT: {"using":"xpath","value":"//span[@id=\"application-manageconditionprice-display-component---conditions--smartTable-header-inner\"]"}
COMMAND: POST /session/3c9b041fc044676a58cc73ba58d1a297/elements - {"using":"xpath","value":"//span[@id=\"application-manageconditionprice-display-component---conditions--smartTable-header-inner\"]"}
RESULT: {"using":"xpath","value":"//span[@id=\"application-manageconditionprice-display-component---conditions--smartTable-header-inner\"]"}
COMMAND: POST /session/3c9b041fc044676a58cc73ba58d1a297/execute/sync - {"script":"<script> [56 bytes]","args":[{"element-6066-11e4-a52e-4f735466cecf":"f.9E3361242BDECB3802103B61B67CD02C.d.22E58AEB2FB85273704F4B28A9DB861F.e.8478","ELEMENT":"f.9E3361242BDECB3802103B61B67CD02C.d.22E58AEB2FB85273704F4B28A9DB861F.e.8478"}]}
RESULT: {"script":"<script> [56 bytes]","args":[{"element-6066-11e4-a52e-4f735466cecf":"f.9E3361242BDECB3802103B61B67CD02C.d.22E58AEB2FB85273704F4B28A9DB861F.e.8478","ELEMENT":"f.9E3361242BDECB3802103B61B67CD02C.d.22E58AEB2FB85273704F4B28A9DB861F.e.8478"}]}
COMMAND: POST /session/3c9b041fc044676a58cc73ba58d1a297/element - {"using":"css selector","value":"#shell-header-logo"}
COMMAND: GET /session/3c9b041fc044676a58cc73ba58d1a297/screenshot - {}
RESULT: {"using":"css selector","value":"#shell-header-logo"}
COMMAND: POST /session/3c9b041fc044676a58cc73ba58d1a297/element/f.9E3361242BDECB3802103B61B67CD02C.d.22E58AEB2FB85273704F4B28A9DB861F.e.7905/click - {}
RESULT: {}
RESULT: {}
COMMAND: GET /session/3c9b041fc044676a58cc73ba58d1a297/screenshot - {}
RESULT: {}
]]></system-out>
    </testcase>
    <testcase classname="chrome.136_0_7103_49.windows.Create_master_data_for_mixed_billing_&amp;_do_billing_calculation_US151661" name="Should add time based condition" time="61.332">
      <system-out><![CDATA[
RESULT: undefined
COMMAND: POST /session/3c9b041fc044676a58cc73ba58d1a297/element - {"using":"xpath","value":"//*[@id=\"__tile53-title\"]"}
RESULT: {"using":"xpath","value":"//*[@id=\"__tile53-title\"]"}
COMMAND: POST /session/3c9b041fc044676a58cc73ba58d1a297/element/f.9E3361242BDECB3802103B61B67CD02C.d.22E58AEB2FB85273704F4B28A9DB861F.e.7524/click - {}
RESULT: {}
COMMAND: POST /session/3c9b041fc044676a58cc73ba58d1a297/element - {"using":"xpath","value":"//button[@aria-label=\"Create\"]"}
COMMAND: GET /session/3c9b041fc044676a58cc73ba58d1a297/screenshot - {}
RESULT: {"using":"xpath","value":"//button[@aria-label=\"Create\"]"}
COMMAND: POST /session/3c9b041fc044676a58cc73ba58d1a297/elements - {"using":"xpath","value":"//button[@aria-label=\"Create\"]"}
RESULT: {}
RESULT: {"using":"xpath","value":"//button[@aria-label=\"Create\"]"}
COMMAND: POST /session/3c9b041fc044676a58cc73ba58d1a297/element - {"using":"xpath","value":"//button[@aria-label=\"Create\"]"}
RESULT: {"using":"xpath","value":"//button[@aria-label=\"Create\"]"}
COMMAND: POST /session/3c9b041fc044676a58cc73ba58d1a297/execute/sync - {"script":"<script> [8489 bytes]","args":[{"element-6066-11e4-a52e-4f735466cecf":"f.9E3361242BDECB3802103B61B67CD02C.d.22E58AEB2FB85273704F4B28A9DB861F.e.8530","ELEMENT":"f.9E3361242BDECB3802103B61B67CD02C.d.22E58AEB2FB85273704F4B28A9DB861F.e.8530"}]}
RESULT: {"script":"<script> [8489 bytes]","args":[{"element-6066-11e4-a52e-4f735466cecf":"f.9E3361242BDECB3802103B61B67CD02C.d.22E58AEB2FB85273704F4B28A9DB861F.e.8530","ELEMENT":"f.9E3361242BDECB3802103B61B67CD02C.d.22E58AEB2FB85273704F4B28A9DB861F.e.8530"}]}
COMMAND: GET /session/3c9b041fc044676a58cc73ba58d1a297/element/f.9E3361242BDECB3802103B61B67CD02C.d.22E58AEB2FB85273704F4B28A9DB861F.e.8530/enabled - {}
COMMAND: GET /session/3c9b041fc044676a58cc73ba58d1a297/screenshot - {}
RESULT: {}
COMMAND: POST /session/3c9b041fc044676a58cc73ba58d1a297/execute/sync - {"script":"<script> [8489 bytes]","args":[{"element-6066-11e4-a52e-4f735466cecf":"f.9E3361242BDECB3802103B61B67CD02C.d.22E58AEB2FB85273704F4B28A9DB861F.e.8530","ELEMENT":"f.9E3361242BDECB3802103B61B67CD02C.d.22E58AEB2FB85273704F4B28A9DB861F.e.8530"}]}
COMMAND: GET /session/3c9b041fc044676a58cc73ba58d1a297/screenshot - {}
RESULT: {}
RESULT: {"script":"<script> [8489 bytes]","args":[{"element-6066-11e4-a52e-4f735466cecf":"f.9E3361242BDECB3802103B61B67CD02C.d.22E58AEB2FB85273704F4B28A9DB861F.e.8530","ELEMENT":"f.9E3361242BDECB3802103B61B67CD02C.d.22E58AEB2FB85273704F4B28A9DB861F.e.8530"}]}
COMMAND: POST /session/3c9b041fc044676a58cc73ba58d1a297/execute/sync - {"script":"<script> [5351 bytes]","args":[{"element-6066-11e4-a52e-4f735466cecf":"f.9E3361242BDECB3802103B61B67CD02C.d.22E58AEB2FB85273704F4B28A9DB861F.e.8530","ELEMENT":"f.9E3361242BDECB3802103B61B67CD02C.d.22E58AEB2FB85273704F4B28A9DB861F.e.8530"}]}
COMMAND: GET /session/3c9b041fc044676a58cc73ba58d1a297/screenshot - {}
RESULT: {}
RESULT: {"script":"<script> [5351 bytes]","args":[{"element-6066-11e4-a52e-4f735466cecf":"f.9E3361242BDECB3802103B61B67CD02C.d.22E58AEB2FB85273704F4B28A9DB861F.e.8530","ELEMENT":"f.9E3361242BDECB3802103B61B67CD02C.d.22E58AEB2FB85273704F4B28A9DB861F.e.8530"}]}
COMMAND: POST /session/3c9b041fc044676a58cc73ba58d1a297/element/f.9E3361242BDECB3802103B61B67CD02C.d.22E58AEB2FB85273704F4B28A9DB861F.e.8530/click - {}
COMMAND: GET /session/3c9b041fc044676a58cc73ba58d1a297/screenshot - {}
RESULT: {}
RESULT: {}
COMMAND: GET /session/3c9b041fc044676a58cc73ba58d1a297/screenshot - {}
RESULT: {}
RESULT: {}
COMMAND: POST /session/3c9b041fc044676a58cc73ba58d1a297/actions - {"actions":[{"id":"action39","type":"key","parameters":{},"actions":[{"type":"keyDown","value":"î€‡"},{"type":"pause","duration":10},{"type":"keyUp","value":"î€‡"}]}]}
RESULT: {"actions":[{"id":"action39","type":"key","parameters":{},"actions":[{"type":"keyDown","value":"î€‡"},{"type":"pause","duration":10},{"type":"keyUp","value":"î€‡"}]}]}
COMMAND: GET /session/3c9b041fc044676a58cc73ba58d1a297/screenshot - {}
RESULT: {}
RESULT: undefined
COMMAND: POST /session/3c9b041fc044676a58cc73ba58d1a297/element - {"using":"xpath","value":"//*[@id=\"application-manageconditionprice-display-component---newCondition--condBillCond-arrow\"]"}
RESULT: {"using":"xpath","value":"//*[@id=\"application-manageconditionprice-display-component---newCondition--condBillCond-arrow\"]"}
COMMAND: POST /session/3c9b041fc044676a58cc73ba58d1a297/elements - {"using":"xpath","value":"//*[@id=\"application-manageconditionprice-display-component---newCondition--condBillCond-arrow\"]"}
RESULT: {"using":"xpath","value":"//*[@id=\"application-manageconditionprice-display-component---newCondition--condBillCond-arrow\"]"}
COMMAND: POST /session/3c9b041fc044676a58cc73ba58d1a297/element - {"using":"xpath","value":"//*[@id=\"application-manageconditionprice-display-component---newCondition--condBillCond-arrow\"]"}
RESULT: {"using":"xpath","value":"//*[@id=\"application-manageconditionprice-display-component---newCondition--condBillCond-arrow\"]"}
COMMAND: POST /session/3c9b041fc044676a58cc73ba58d1a297/element/f.9E3361242BDECB3802103B61B67CD02C.d.22E58AEB2FB85273704F4B28A9DB861F.e.8793/click - {}
RESULT: {}
COMMAND: GET /session/3c9b041fc044676a58cc73ba58d1a297/screenshot - {}
RESULT: {}
COMMAND: POST /session/3c9b041fc044676a58cc73ba58d1a297/element - {"using":"xpath","value":"//li[.//span[contains(text(), \"DISP - D&I special price\")]]"}
RESULT: {"using":"xpath","value":"//li[.//span[contains(text(), \"DISP - D&I special price\")]]"}
COMMAND: POST /session/3c9b041fc044676a58cc73ba58d1a297/element/f.9E3361242BDECB3802103B61B67CD02C.d.22E58AEB2FB85273704F4B28A9DB861F.e.8796/click - {}
RESULT: {}
COMMAND: GET /session/3c9b041fc044676a58cc73ba58d1a297/screenshot - {}
RESULT: {}
RESULT: undefined
COMMAND: POST /session/3c9b041fc044676a58cc73ba58d1a297/execute/async - {"script":"<script> [776 bytes]","args":[{"enterText":"01/13/26","selector":{"id":"application-manageconditionprice-display-component---newCondition--condValidTo","interaction":{"idSuffix":"inner"}},"clearTextFirst":true,"interactionType":"ENTER_TEXT"}]}
RESULT: {"script":"<script> [776 bytes]","args":[{"enterText":"01/13/26","selector":{"id":"application-manageconditionprice-display-component---newCondition--condValidTo","interaction":{"idSuffix":"inner"}},"clearTextFirst":true,"interactionType":"ENTER_TEXT"}]}
COMMAND: POST /session/3c9b041fc044676a58cc73ba58d1a297/element - {"using":"xpath","value":"//input[@id=\"application-manageconditionprice-display-component---newCondition--condRU-inner\"]"}
RESULT: {"using":"xpath","value":"//input[@id=\"application-manageconditionprice-display-component---newCondition--condRU-inner\"]"}
COMMAND: POST /session/3c9b041fc044676a58cc73ba58d1a297/element/f.9E3361242BDECB3802103B61B67CD02C.d.22E58AEB2FB85273704F4B28A9DB861F.e.8611/clear - {}
RESULT: {}
COMMAND: POST /session/3c9b041fc044676a58cc73ba58d1a297/element/f.9E3361242BDECB3802103B61B67CD02C.d.22E58AEB2FB85273704F4B28A9DB861F.e.8611/value - {"text":"HVhnzm6w8X"}
COMMAND: GET /session/3c9b041fc044676a58cc73ba58d1a297/screenshot - {}
RESULT: {"text":"HVhnzm6w8X"}
COMMAND: GET /session/3c9b041fc044676a58cc73ba58d1a297/screenshot - {}
RESULT: {}
RESULT: {}
COMMAND: POST /session/3c9b041fc044676a58cc73ba58d1a297/actions - {"actions":[{"id":"action40","type":"key","parameters":{},"actions":[{"type":"keyDown","value":"î€‡"},{"type":"pause","duration":10},{"type":"keyUp","value":"î€‡"}]}]}
RESULT: {"actions":[{"id":"action40","type":"key","parameters":{},"actions":[{"type":"keyDown","value":"î€‡"},{"type":"pause","duration":10},{"type":"keyUp","value":"î€‡"}]}]}
RESULT: undefined
COMMAND: POST /session/3c9b041fc044676a58cc73ba58d1a297/execute/async - {"script":"<script> [776 bytes]","args":[{"enterText":"1","selector":{"id":"application-manageconditionprice-display-component---newCondition--condBaseQty","interaction":{"idSuffix":"inner"}},"clearTextFirst":true,"interactionType":"ENTER_TEXT"}]}
COMMAND: GET /session/3c9b041fc044676a58cc73ba58d1a297/screenshot - {}
RESULT: {"script":"<script> [776 bytes]","args":[{"enterText":"1","selector":{"id":"application-manageconditionprice-display-component---newCondition--condBaseQty","interaction":{"idSuffix":"inner"}},"clearTextFirst":true,"interactionType":"ENTER_TEXT"}]}
RESULT: undefined
COMMAND: POST /session/3c9b041fc044676a58cc73ba58d1a297/execute/async - {"script":"<script> [776 bytes]","args":[{"enterText":"100","selector":{"id":"application-manageconditionprice-display-component---newCondition--condValue","interaction":{"idSuffix":"inner"}},"clearTextFirst":true,"interactionType":"ENTER_TEXT"}]}
RESULT: {}
RESULT: {"script":"<script> [776 bytes]","args":[{"enterText":"100","selector":{"id":"application-manageconditionprice-display-component---newCondition--condValue","interaction":{"idSuffix":"inner"}},"clearTextFirst":true,"interactionType":"ENTER_TEXT"}]}
RESULT: undefined
COMMAND: POST /session/3c9b041fc044676a58cc73ba58d1a297/element - {"using":"xpath","value":"//*[@id=\"application-manageconditionprice-display-component---newCondition--condCurr-arrow\"]"}
RESULT: {"using":"xpath","value":"//*[@id=\"application-manageconditionprice-display-component---newCondition--condCurr-arrow\"]"}
COMMAND: POST /session/3c9b041fc044676a58cc73ba58d1a297/element/f.9E3361242BDECB3802103B61B67CD02C.d.22E58AEB2FB85273704F4B28A9DB861F.e.8775/click - {}
RESULT: {}
COMMAND: POST /session/3c9b041fc044676a58cc73ba58d1a297/element - {"using":"xpath","value":"//span[contains(text(), \"Euro\")]"}
COMMAND: GET /session/3c9b041fc044676a58cc73ba58d1a297/screenshot - {}
RESULT: {"using":"xpath","value":"//span[contains(text(), \"Euro\")]"}
COMMAND: POST /session/3c9b041fc044676a58cc73ba58d1a297/element/f.9E3361242BDECB3802103B61B67CD02C.d.22E58AEB2FB85273704F4B28A9DB861F.e.8831/click - {}
RESULT: {}
RESULT: {}
COMMAND: POST /session/3c9b041fc044676a58cc73ba58d1a297/element - {"using":"xpath","value":"//button[@data-kt=\"saveButton\"]"}
COMMAND: GET /session/3c9b041fc044676a58cc73ba58d1a297/screenshot - {}
RESULT: {"using":"xpath","value":"//button[@data-kt=\"saveButton\"]"}
COMMAND: POST /session/3c9b041fc044676a58cc73ba58d1a297/element/f.9E3361242BDECB3802103B61B67CD02C.d.22E58AEB2FB85273704F4B28A9DB861F.e.8776/click - {}
RESULT: {}
RESULT: {}
COMMAND: GET /session/3c9b041fc044676a58cc73ba58d1a297/screenshot - {}
RESULT: {}
RESULT: undefined
COMMAND: POST /session/3c9b041fc044676a58cc73ba58d1a297/execute/async - {"script":"<script> [776 bytes]","args":[{"enterText":"HVhnzm6w8X","selector":{"id":"application-manageconditionprice-display-component---conditions--smartFilterBar-btnBasicSearch","interaction":{"idSuffix":"I"}},"clearTextFirst":true,"interactionType":"ENTER_TEXT"}]}
RESULT: {"script":"<script> [776 bytes]","args":[{"enterText":"HVhnzm6w8X","selector":{"id":"application-manageconditionprice-display-component---conditions--smartFilterBar-btnBasicSearch","interaction":{"idSuffix":"I"}},"clearTextFirst":true,"interactionType":"ENTER_TEXT"}]}
COMMAND: POST /session/3c9b041fc044676a58cc73ba58d1a297/actions - {"actions":[{"id":"action41","type":"key","parameters":{},"actions":[{"type":"keyDown","value":"î€‡"},{"type":"pause","duration":10},{"type":"keyUp","value":"î€‡"}]}]}
RESULT: {"actions":[{"id":"action41","type":"key","parameters":{},"actions":[{"type":"keyDown","value":"î€‡"},{"type":"pause","duration":10},{"type":"keyUp","value":"î€‡"}]}]}
COMMAND: GET /session/3c9b041fc044676a58cc73ba58d1a297/screenshot - {}
RESULT: {}
RESULT: undefined
COMMAND: POST /session/3c9b041fc044676a58cc73ba58d1a297/element - {"using":"xpath","value":"//*[@id=\"application-manageconditionprice-display-component---conditions--smartFilterBar-filterItemControl_BASIC-BILL_TYPES-vhi\"]"}
RESULT: {"using":"xpath","value":"//*[@id=\"application-manageconditionprice-display-component---conditions--smartFilterBar-filterItemControl_BASIC-BILL_TYPES-vhi\"]"}
COMMAND: POST /session/3c9b041fc044676a58cc73ba58d1a297/element/f.9E3361242BDECB3802103B61B67CD02C.d.22E58AEB2FB85273704F4B28A9DB861F.e.8980/click - {}
RESULT: {}
RESULT: undefined
COMMAND: POST /session/3c9b041fc044676a58cc73ba58d1a297/execute/async - {"script":"<script> [776 bytes]","args":[{"enterText":"TB","selector":{"id":"application-manageconditionprice-display-component---conditions--smartFilterBar-filterItemControl_BASIC-BILL_TYPES-valueHelpDialog-smartFilterBar-btnBasicSearch","searchOpenDialogs":true,"interaction":{"idSuffix":"I"}},"clearTextFirst":true,"interactionType":"ENTER_TEXT"}]}
COMMAND: GET /session/3c9b041fc044676a58cc73ba58d1a297/screenshot - {}
RESULT: {"script":"<script> [776 bytes]","args":[{"enterText":"TB","selector":{"id":"application-manageconditionprice-display-component---conditions--smartFilterBar-filterItemControl_BASIC-BILL_TYPES-valueHelpDialog-smartFilterBar-btnBasicSearch","searchOpenDialogs":true,"interaction":{"idSuffix":"I"}},"clearTextFirst":true,"interactionType":"ENTER_TEXT"}]}
COMMAND: POST /session/3c9b041fc044676a58cc73ba58d1a297/actions - {"actions":[{"id":"action42","type":"key","parameters":{},"actions":[{"type":"keyDown","value":"î€‡"},{"type":"pause","duration":10},{"type":"keyUp","value":"î€‡"}]}]}
RESULT: {}
RESULT: {"actions":[{"id":"action42","type":"key","parameters":{},"actions":[{"type":"keyDown","value":"î€‡"},{"type":"pause","duration":10},{"type":"keyUp","value":"î€‡"}]}]}
COMMAND: GET /session/3c9b041fc044676a58cc73ba58d1a297/screenshot - {}
RESULT: {}
COMMAND: POST /session/3c9b041fc044676a58cc73ba58d1a297/element - {"using":"xpath","value":"//div[contains(@id, 'application-manageconditionprice-display-component---conditions--smartFilterBar-filterItemControl_BASIC-BILL_TYPES-valueHelpDialog-table-rowsel0')]"}
RESULT: {"using":"xpath","value":"//div[contains(@id, 'application-manageconditionprice-display-component---conditions--smartFilterBar-filterItemControl_BASIC-BILL_TYPES-valueHelpDialog-table-rowsel0')]"}
COMMAND: POST /session/3c9b041fc044676a58cc73ba58d1a297/element/f.9E3361242BDECB3802103B61B67CD02C.d.22E58AEB2FB85273704F4B28A9DB861F.e.8989/click - {}
RESULT: {}
COMMAND: GET /session/3c9b041fc044676a58cc73ba58d1a297/screenshot - {}
RESULT: {}
COMMAND: POST /session/3c9b041fc044676a58cc73ba58d1a297/element - {"using":"xpath","value":"//bdi[contains(text(), \"OK\")]"}
RESULT: {"using":"xpath","value":"//bdi[contains(text(), \"OK\")]"}
COMMAND: POST /session/3c9b041fc044676a58cc73ba58d1a297/element/f.9E3361242BDECB3802103B61B67CD02C.d.22E58AEB2FB85273704F4B28A9DB861F.e.8991/click - {}
RESULT: {}
COMMAND: GET /session/3c9b041fc044676a58cc73ba58d1a297/screenshot - {}
RESULT: {}
COMMAND: POST /session/3c9b041fc044676a58cc73ba58d1a297/element - {"using":"xpath","value":"//span[@id=\"application-manageconditionprice-display-component---conditions--smartTable-header-inner\"]"}
RESULT: {"using":"xpath","value":"//span[@id=\"application-manageconditionprice-display-component---conditions--smartTable-header-inner\"]"}
COMMAND: POST /session/3c9b041fc044676a58cc73ba58d1a297/elements - {"using":"xpath","value":"//span[@id=\"application-manageconditionprice-display-component---conditions--smartTable-header-inner\"]"}
RESULT: {"using":"xpath","value":"//span[@id=\"application-manageconditionprice-display-component---conditions--smartTable-header-inner\"]"}
COMMAND: POST /session/3c9b041fc044676a58cc73ba58d1a297/execute/sync - {"script":"<script> [56 bytes]","args":[{"element-6066-11e4-a52e-4f735466cecf":"f.9E3361242BDECB3802103B61B67CD02C.d.22E58AEB2FB85273704F4B28A9DB861F.e.9028","ELEMENT":"f.9E3361242BDECB3802103B61B67CD02C.d.22E58AEB2FB85273704F4B28A9DB861F.e.9028"}]}
RESULT: {"script":"<script> [56 bytes]","args":[{"element-6066-11e4-a52e-4f735466cecf":"f.9E3361242BDECB3802103B61B67CD02C.d.22E58AEB2FB85273704F4B28A9DB861F.e.9028","ELEMENT":"f.9E3361242BDECB3802103B61B67CD02C.d.22E58AEB2FB85273704F4B28A9DB861F.e.9028"}]}
COMMAND: POST /session/3c9b041fc044676a58cc73ba58d1a297/element - {"using":"css selector","value":"#shell-header-logo"}
COMMAND: GET /session/3c9b041fc044676a58cc73ba58d1a297/screenshot - {}
RESULT: {"using":"css selector","value":"#shell-header-logo"}
COMMAND: POST /session/3c9b041fc044676a58cc73ba58d1a297/element/f.9E3361242BDECB3802103B61B67CD02C.d.22E58AEB2FB85273704F4B28A9DB861F.e.8483/click - {}
RESULT: {}
RESULT: {}
COMMAND: GET /session/3c9b041fc044676a58cc73ba58d1a297/screenshot - {}
RESULT: {}
]]></system-out>
    </testcase>
  </testsuite>
  <testsuite timestamp="2025-05-13T07:32:54" time="701.125" tests="13" failures="6" errors="6" skipped="0">
    <properties>
      <property name="specId" value="0" />
      <property name="suiteName" value="Performance based billing (work days) US139742" />
      <property name="capabilities" value="chrome.136_0_7103_49.windows" />
      <property name="file" value="file:///D:/a/1/s/test/specs/BTS/billing-performance-workdays.spec.js" />
    </properties>
    <testcase classname="chrome.136_0_7103_49.windows.Performance_based_billing_(work_days)_US139742" name="Should create a new yard" time="0.012">
      <system-out><![CDATA[
COMMAND: POST /session/3c9b041fc044676a58cc73ba58d1a297/window/fullscreen - {}
RESULT: {}
]]></system-out>
    </testcase>
    <testcase classname="chrome.136_0_7103_49.windows.Performance_based_billing_(work_days)_US139742" name="Should create a new partner" time="0.004" />
    <testcase classname="chrome.136_0_7103_49.windows.Performance_based_billing_(work_days)_US139742" name="Should create a new site" time="0.004" />
    <testcase classname="chrome.136_0_7103_49.windows.Performance_based_billing_(work_days)_US139742" name="Should do prerequisite steps add equipment" time="135.248">
      <system-out><![CDATA[
COMMAND: POST /session/3c9b041fc044676a58cc73ba58d1a297/execute/async - {"script":"<script> [1562 bytes]","args":[{"selector":{"controlType":"sap.m.GenericTile","properties":{"header":"Manage Resources"}},"wdio_ui5_key":"sapm.GenericTile{\"header\":\"Manage Resources\"}"}]}
RESULT: {"script":"<script> [1562 bytes]","args":[{"selector":{"controlType":"sap.m.GenericTile","properties":{"header":"Manage Resources"}},"wdio_ui5_key":"sapm.GenericTile{\"header\":\"Manage Resources\"}"}]}
RESULT: undefined
COMMAND: POST /session/3c9b041fc044676a58cc73ba58d1a297/element - {"using":"xpath","value":"//*[@id=\"__tile39\"]"}
RESULT: {"using":"xpath","value":"//*[@id=\"__tile39\"]"}
COMMAND: POST /session/3c9b041fc044676a58cc73ba58d1a297/element/f.9E3361242BDECB3802103B61B67CD02C.d.ECE9F5C734B45CDAD83E7989EB606D42.e.9777/click - {}
RESULT: {}
COMMAND: POST /session/3c9b041fc044676a58cc73ba58d1a297/element - {"using":"xpath","value":"//button[@data-kt=\"addNewRUOverflowToolbarButton\"]"}
COMMAND: GET /session/3c9b041fc044676a58cc73ba58d1a297/screenshot - {}
RESULT: {"using":"xpath","value":"//button[@data-kt=\"addNewRUOverflowToolbarButton\"]"}
COMMAND: POST /session/3c9b041fc044676a58cc73ba58d1a297/elements - {"using":"xpath","value":"//button[@data-kt=\"addNewRUOverflowToolbarButton\"]"}
RESULT: {}
RESULT: {"using":"xpath","value":"//button[@data-kt=\"addNewRUOverflowToolbarButton\"]"}
COMMAND: POST /session/3c9b041fc044676a58cc73ba58d1a297/elements - {"using":"xpath","value":"//button[@data-kt=\"addNewRUOverflowToolbarButton\"]"}
RESULT: {"using":"xpath","value":"//button[@data-kt=\"addNewRUOverflowToolbarButton\"]"}
COMMAND: POST /session/3c9b041fc044676a58cc73ba58d1a297/elements - {"using":"xpath","value":"//button[@data-kt=\"addNewRUOverflowToolbarButton\"]"}
RESULT: {"using":"xpath","value":"//button[@data-kt=\"addNewRUOverflowToolbarButton\"]"}
COMMAND: POST /session/3c9b041fc044676a58cc73ba58d1a297/elements - {"using":"xpath","value":"//button[@data-kt=\"addNewRUOverflowToolbarButton\"]"}
RESULT: {"using":"xpath","value":"//button[@data-kt=\"addNewRUOverflowToolbarButton\"]"}
COMMAND: POST /session/3c9b041fc044676a58cc73ba58d1a297/elements - {"using":"xpath","value":"//button[@data-kt=\"addNewRUOverflowToolbarButton\"]"}
RESULT: {"using":"xpath","value":"//button[@data-kt=\"addNewRUOverflowToolbarButton\"]"}
COMMAND: POST /session/3c9b041fc044676a58cc73ba58d1a297/elements - {"using":"xpath","value":"//button[@data-kt=\"addNewRUOverflowToolbarButton\"]"}
RESULT: {"using":"xpath","value":"//button[@data-kt=\"addNewRUOverflowToolbarButton\"]"}
COMMAND: POST /session/3c9b041fc044676a58cc73ba58d1a297/elements - {"using":"xpath","value":"//button[@data-kt=\"addNewRUOverflowToolbarButton\"]"}
RESULT: {"using":"xpath","value":"//button[@data-kt=\"addNewRUOverflowToolbarButton\"]"}
COMMAND: POST /session/3c9b041fc044676a58cc73ba58d1a297/elements - {"using":"xpath","value":"//button[@data-kt=\"addNewRUOverflowToolbarButton\"]"}
RESULT: {"using":"xpath","value":"//button[@data-kt=\"addNewRUOverflowToolbarButton\"]"}
COMMAND: POST /session/3c9b041fc044676a58cc73ba58d1a297/elements - {"using":"xpath","value":"//button[@data-kt=\"addNewRUOverflowToolbarButton\"]"}
RESULT: {"using":"xpath","value":"//button[@data-kt=\"addNewRUOverflowToolbarButton\"]"}
COMMAND: POST /session/3c9b041fc044676a58cc73ba58d1a297/elements - {"using":"xpath","value":"//button[@data-kt=\"addNewRUOverflowToolbarButton\"]"}
RESULT: {"using":"xpath","value":"//button[@data-kt=\"addNewRUOverflowToolbarButton\"]"}
COMMAND: POST /session/3c9b041fc044676a58cc73ba58d1a297/elements - {"using":"xpath","value":"//button[@data-kt=\"addNewRUOverflowToolbarButton\"]"}
RESULT: {"using":"xpath","value":"//button[@data-kt=\"addNewRUOverflowToolbarButton\"]"}
COMMAND: POST /session/3c9b041fc044676a58cc73ba58d1a297/elements - {"using":"xpath","value":"//button[@data-kt=\"addNewRUOverflowToolbarButton\"]"}
RESULT: {"using":"xpath","value":"//button[@data-kt=\"addNewRUOverflowToolbarButton\"]"}
COMMAND: POST /session/3c9b041fc044676a58cc73ba58d1a297/elements - {"using":"xpath","value":"//button[@data-kt=\"addNewRUOverflowToolbarButton\"]"}
RESULT: {"using":"xpath","value":"//button[@data-kt=\"addNewRUOverflowToolbarButton\"]"}
COMMAND: POST /session/3c9b041fc044676a58cc73ba58d1a297/elements - {"using":"xpath","value":"//button[@data-kt=\"addNewRUOverflowToolbarButton\"]"}
RESULT: {"using":"xpath","value":"//button[@data-kt=\"addNewRUOverflowToolbarButton\"]"}
COMMAND: POST /session/3c9b041fc044676a58cc73ba58d1a297/elements - {"using":"xpath","value":"//button[@data-kt=\"addNewRUOverflowToolbarButton\"]"}
RESULT: {"using":"xpath","value":"//button[@data-kt=\"addNewRUOverflowToolbarButton\"]"}
COMMAND: POST /session/3c9b041fc044676a58cc73ba58d1a297/elements - {"using":"xpath","value":"//button[@data-kt=\"addNewRUOverflowToolbarButton\"]"}
RESULT: {"using":"xpath","value":"//button[@data-kt=\"addNewRUOverflowToolbarButton\"]"}
COMMAND: POST /session/3c9b041fc044676a58cc73ba58d1a297/elements - {"using":"xpath","value":"//button[@data-kt=\"addNewRUOverflowToolbarButton\"]"}
RESULT: {"using":"xpath","value":"//button[@data-kt=\"addNewRUOverflowToolbarButton\"]"}
COMMAND: POST /session/3c9b041fc044676a58cc73ba58d1a297/elements - {"using":"xpath","value":"//button[@data-kt=\"addNewRUOverflowToolbarButton\"]"}
RESULT: {"using":"xpath","value":"//button[@data-kt=\"addNewRUOverflowToolbarButton\"]"}
COMMAND: POST /session/3c9b041fc044676a58cc73ba58d1a297/elements - {"using":"xpath","value":"//button[@data-kt=\"addNewRUOverflowToolbarButton\"]"}
RESULT: {"using":"xpath","value":"//button[@data-kt=\"addNewRUOverflowToolbarButton\"]"}
COMMAND: POST /session/3c9b041fc044676a58cc73ba58d1a297/elements - {"using":"xpath","value":"//button[@data-kt=\"addNewRUOverflowToolbarButton\"]"}
RESULT: {"using":"xpath","value":"//button[@data-kt=\"addNewRUOverflowToolbarButton\"]"}
COMMAND: POST /session/3c9b041fc044676a58cc73ba58d1a297/elements - {"using":"xpath","value":"//button[@data-kt=\"addNewRUOverflowToolbarButton\"]"}
RESULT: {"using":"xpath","value":"//button[@data-kt=\"addNewRUOverflowToolbarButton\"]"}
COMMAND: POST /session/3c9b041fc044676a58cc73ba58d1a297/elements - {"using":"xpath","value":"//button[@data-kt=\"addNewRUOverflowToolbarButton\"]"}
RESULT: {"using":"xpath","value":"//button[@data-kt=\"addNewRUOverflowToolbarButton\"]"}
COMMAND: POST /session/3c9b041fc044676a58cc73ba58d1a297/elements - {"using":"xpath","value":"//button[@data-kt=\"addNewRUOverflowToolbarButton\"]"}
RESULT: {"using":"xpath","value":"//button[@data-kt=\"addNewRUOverflowToolbarButton\"]"}
COMMAND: POST /session/3c9b041fc044676a58cc73ba58d1a297/elements - {"using":"xpath","value":"//button[@data-kt=\"addNewRUOverflowToolbarButton\"]"}
RESULT: {"using":"xpath","value":"//button[@data-kt=\"addNewRUOverflowToolbarButton\"]"}
COMMAND: POST /session/3c9b041fc044676a58cc73ba58d1a297/elements - {"using":"xpath","value":"//button[@data-kt=\"addNewRUOverflowToolbarButton\"]"}
RESULT: {"using":"xpath","value":"//button[@data-kt=\"addNewRUOverflowToolbarButton\"]"}
COMMAND: POST /session/3c9b041fc044676a58cc73ba58d1a297/elements - {"using":"xpath","value":"//button[@data-kt=\"addNewRUOverflowToolbarButton\"]"}
RESULT: {"using":"xpath","value":"//button[@data-kt=\"addNewRUOverflowToolbarButton\"]"}
COMMAND: POST /session/3c9b041fc044676a58cc73ba58d1a297/elements - {"using":"xpath","value":"//button[@data-kt=\"addNewRUOverflowToolbarButton\"]"}
RESULT: {"using":"xpath","value":"//button[@data-kt=\"addNewRUOverflowToolbarButton\"]"}
COMMAND: POST /session/3c9b041fc044676a58cc73ba58d1a297/elements - {"using":"xpath","value":"//button[@data-kt=\"addNewRUOverflowToolbarButton\"]"}
RESULT: {"using":"xpath","value":"//button[@data-kt=\"addNewRUOverflowToolbarButton\"]"}
COMMAND: POST /session/3c9b041fc044676a58cc73ba58d1a297/elements - {"using":"xpath","value":"//button[@data-kt=\"addNewRUOverflowToolbarButton\"]"}
RESULT: {"using":"xpath","value":"//button[@data-kt=\"addNewRUOverflowToolbarButton\"]"}
COMMAND: POST /session/3c9b041fc044676a58cc73ba58d1a297/elements - {"using":"xpath","value":"//button[@data-kt=\"addNewRUOverflowToolbarButton\"]"}
RESULT: {"using":"xpath","value":"//button[@data-kt=\"addNewRUOverflowToolbarButton\"]"}
COMMAND: POST /session/3c9b041fc044676a58cc73ba58d1a297/elements - {"using":"xpath","value":"//button[@data-kt=\"addNewRUOverflowToolbarButton\"]"}
RESULT: {"using":"xpath","value":"//button[@data-kt=\"addNewRUOverflowToolbarButton\"]"}
COMMAND: POST /session/3c9b041fc044676a58cc73ba58d1a297/elements - {"using":"xpath","value":"//button[@data-kt=\"addNewRUOverflowToolbarButton\"]"}
RESULT: {"using":"xpath","value":"//button[@data-kt=\"addNewRUOverflowToolbarButton\"]"}
COMMAND: POST /session/3c9b041fc044676a58cc73ba58d1a297/elements - {"using":"xpath","value":"//button[@data-kt=\"addNewRUOverflowToolbarButton\"]"}
RESULT: {"using":"xpath","value":"//button[@data-kt=\"addNewRUOverflowToolbarButton\"]"}
COMMAND: POST /session/3c9b041fc044676a58cc73ba58d1a297/elements - {"using":"xpath","value":"//button[@data-kt=\"addNewRUOverflowToolbarButton\"]"}
RESULT: {"using":"xpath","value":"//button[@data-kt=\"addNewRUOverflowToolbarButton\"]"}
COMMAND: POST /session/3c9b041fc044676a58cc73ba58d1a297/elements - {"using":"xpath","value":"//button[@data-kt=\"addNewRUOverflowToolbarButton\"]"}
RESULT: {"using":"xpath","value":"//button[@data-kt=\"addNewRUOverflowToolbarButton\"]"}
COMMAND: POST /session/3c9b041fc044676a58cc73ba58d1a297/elements - {"using":"xpath","value":"//button[@data-kt=\"addNewRUOverflowToolbarButton\"]"}
RESULT: {"using":"xpath","value":"//button[@data-kt=\"addNewRUOverflowToolbarButton\"]"}
COMMAND: POST /session/3c9b041fc044676a58cc73ba58d1a297/elements - {"using":"xpath","value":"//button[@data-kt=\"addNewRUOverflowToolbarButton\"]"}
RESULT: {"using":"xpath","value":"//button[@data-kt=\"addNewRUOverflowToolbarButton\"]"}
COMMAND: POST /session/3c9b041fc044676a58cc73ba58d1a297/elements - {"using":"xpath","value":"//button[@data-kt=\"addNewRUOverflowToolbarButton\"]"}
RESULT: {"using":"xpath","value":"//button[@data-kt=\"addNewRUOverflowToolbarButton\"]"}
COMMAND: POST /session/3c9b041fc044676a58cc73ba58d1a297/elements - {"using":"xpath","value":"//button[@data-kt=\"addNewRUOverflowToolbarButton\"]"}
RESULT: {"using":"xpath","value":"//button[@data-kt=\"addNewRUOverflowToolbarButton\"]"}
COMMAND: POST /session/3c9b041fc044676a58cc73ba58d1a297/elements - {"using":"xpath","value":"//button[@data-kt=\"addNewRUOverflowToolbarButton\"]"}
RESULT: {"using":"xpath","value":"//button[@data-kt=\"addNewRUOverflowToolbarButton\"]"}
COMMAND: POST /session/3c9b041fc044676a58cc73ba58d1a297/elements - {"using":"xpath","value":"//button[@data-kt=\"addNewRUOverflowToolbarButton\"]"}
RESULT: {"using":"xpath","value":"//button[@data-kt=\"addNewRUOverflowToolbarButton\"]"}
COMMAND: POST /session/3c9b041fc044676a58cc73ba58d1a297/elements - {"using":"xpath","value":"//button[@data-kt=\"addNewRUOverflowToolbarButton\"]"}
RESULT: {"using":"xpath","value":"//button[@data-kt=\"addNewRUOverflowToolbarButton\"]"}
COMMAND: POST /session/3c9b041fc044676a58cc73ba58d1a297/element - {"using":"xpath","value":"//button[@data-kt=\"addNewRUOverflowToolbarButton\"]"}
RESULT: {"using":"xpath","value":"//button[@data-kt=\"addNewRUOverflowToolbarButton\"]"}
COMMAND: POST /session/3c9b041fc044676a58cc73ba58d1a297/execute/sync - {"script":"<script> [8489 bytes]","args":[{"element-6066-11e4-a52e-4f735466cecf":"f.9E3361242BDECB3802103B61B67CD02C.d.ECE9F5C734B45CDAD83E7989EB606D42.e.9909","ELEMENT":"f.9E3361242BDECB3802103B61B67CD02C.d.ECE9F5C734B45CDAD83E7989EB606D42.e.9909"}]}
RESULT: {"script":"<script> [8489 bytes]","args":[{"element-6066-11e4-a52e-4f735466cecf":"f.9E3361242BDECB3802103B61B67CD02C.d.ECE9F5C734B45CDAD83E7989EB606D42.e.9909","ELEMENT":"f.9E3361242BDECB3802103B61B67CD02C.d.ECE9F5C734B45CDAD83E7989EB606D42.e.9909"}]}
COMMAND: GET /session/3c9b041fc044676a58cc73ba58d1a297/element/f.9E3361242BDECB3802103B61B67CD02C.d.ECE9F5C734B45CDAD83E7989EB606D42.e.9909/enabled - {}
COMMAND: GET /session/3c9b041fc044676a58cc73ba58d1a297/screenshot - {}
RESULT: {}
COMMAND: POST /session/3c9b041fc044676a58cc73ba58d1a297/execute/sync - {"script":"<script> [8489 bytes]","args":[{"element-6066-11e4-a52e-4f735466cecf":"f.9E3361242BDECB3802103B61B67CD02C.d.ECE9F5C734B45CDAD83E7989EB606D42.e.9909","ELEMENT":"f.9E3361242BDECB3802103B61B67CD02C.d.ECE9F5C734B45CDAD83E7989EB606D42.e.9909"}]}
COMMAND: GET /session/3c9b041fc044676a58cc73ba58d1a297/screenshot - {}
RESULT: {}
RESULT: {"script":"<script> [8489 bytes]","args":[{"element-6066-11e4-a52e-4f735466cecf":"f.9E3361242BDECB3802103B61B67CD02C.d.ECE9F5C734B45CDAD83E7989EB606D42.e.9909","ELEMENT":"f.9E3361242BDECB3802103B61B67CD02C.d.ECE9F5C734B45CDAD83E7989EB606D42.e.9909"}]}
COMMAND: POST /session/3c9b041fc044676a58cc73ba58d1a297/execute/sync - {"script":"<script> [5351 bytes]","args":[{"element-6066-11e4-a52e-4f735466cecf":"f.9E3361242BDECB3802103B61B67CD02C.d.ECE9F5C734B45CDAD83E7989EB606D42.e.9909","ELEMENT":"f.9E3361242BDECB3802103B61B67CD02C.d.ECE9F5C734B45CDAD83E7989EB606D42.e.9909"}]}
COMMAND: GET /session/3c9b041fc044676a58cc73ba58d1a297/screenshot - {}
RESULT: {}
RESULT: {"script":"<script> [5351 bytes]","args":[{"element-6066-11e4-a52e-4f735466cecf":"f.9E3361242BDECB3802103B61B67CD02C.d.ECE9F5C734B45CDAD83E7989EB606D42.e.9909","ELEMENT":"f.9E3361242BDECB3802103B61B67CD02C.d.ECE9F5C734B45CDAD83E7989EB606D42.e.9909"}]}
COMMAND: POST /session/3c9b041fc044676a58cc73ba58d1a297/element/f.9E3361242BDECB3802103B61B67CD02C.d.ECE9F5C734B45CDAD83E7989EB606D42.e.9909/click - {}
COMMAND: GET /session/3c9b041fc044676a58cc73ba58d1a297/screenshot - {}
RESULT: {}
RESULT: {}
COMMAND: GET /session/3c9b041fc044676a58cc73ba58d1a297/screenshot - {}
COMMAND: POST /session/3c9b041fc044676a58cc73ba58d1a297/execute/async - {"script":"<script> [1562 bytes]","args":[{"selector":{"id":"application-manageresources-display-component---newResourceUnit--TYPE-arrow"},"wdio_ui5_key":"applicationmanageresources-display-component---newResourceUnit--TYPE-arrow"}]}
RESULT: {}
RESULT: {}
RESULT: {"script":"<script> [1562 bytes]","args":[{"selector":{"id":"application-manageresources-display-component---newResourceUnit--TYPE-arrow"},"wdio_ui5_key":"applicationmanageresources-display-component---newResourceUnit--TYPE-arrow"}]}
RESULT: undefined
COMMAND: POST /session/3c9b041fc044676a58cc73ba58d1a297/element - {"using":"xpath","value":"//*[@id=\"application-manageresources-display-component---newResourceUnit--TYPE-arrow\"]"}
RESULT: {"using":"xpath","value":"//*[@id=\"application-manageresources-display-component---newResourceUnit--TYPE-arrow\"]"}
COMMAND: POST /session/3c9b041fc044676a58cc73ba58d1a297/element/f.9E3361242BDECB3802103B61B67CD02C.d.ECE9F5C734B45CDAD83E7989EB606D42.e.10267/click - {}
RESULT: {}
COMMAND: POST /session/3c9b041fc044676a58cc73ba58d1a297/element - {"using":"xpath","value":"//input[@id=\"application-manageresources-display-component---newResourceUnit--TYPE-inner\"]"}
COMMAND: GET /session/3c9b041fc044676a58cc73ba58d1a297/screenshot - {}
RESULT: {"using":"xpath","value":"//input[@id=\"application-manageresources-display-component---newResourceUnit--TYPE-inner\"]"}
COMMAND: POST /session/3c9b041fc044676a58cc73ba58d1a297/element/f.9E3361242BDECB3802103B61B67CD02C.d.ECE9F5C734B45CDAD83E7989EB606D42.e.10260/clear - {}
RESULT: {}
RESULT: {}
COMMAND: POST /session/3c9b041fc044676a58cc73ba58d1a297/element/f.9E3361242BDECB3802103B61B67CD02C.d.ECE9F5C734B45CDAD83E7989EB606D42.e.10260/value - {"text":"Equipment"}
COMMAND: GET /session/3c9b041fc044676a58cc73ba58d1a297/screenshot - {}
RESULT: {"text":"Equipment"}
COMMAND: GET /session/3c9b041fc044676a58cc73ba58d1a297/screenshot - {}
RESULT: {}
RESULT: {}
COMMAND: POST /session/3c9b041fc044676a58cc73ba58d1a297/actions - {"actions":[{"id":"action46","type":"key","parameters":{},"actions":[{"type":"keyDown","value":"î€‡"},{"type":"pause","duration":10},{"type":"keyUp","value":"î€‡"}]}]}
RESULT: {"actions":[{"id":"action46","type":"key","parameters":{},"actions":[{"type":"keyDown","value":"î€‡"},{"type":"pause","duration":10},{"type":"keyUp","value":"î€‡"}]}]}
COMMAND: POST /session/3c9b041fc044676a58cc73ba58d1a297/execute/async - {"script":"<script> [1562 bytes]","args":[{"selector":{"id":"application-manageresources-display-component---newResourceUnit--resourceId","interaction":{"idSuffix":"inner"}},"wdio_ui5_key":"applicationmanageresources-display-component---newResourceUnit--resourceId"}]}
COMMAND: GET /session/3c9b041fc044676a58cc73ba58d1a297/screenshot - {}
RESULT: {"script":"<script> [1562 bytes]","args":[{"selector":{"id":"application-manageresources-display-component---newResourceUnit--resourceId","interaction":{"idSuffix":"inner"}},"wdio_ui5_key":"applicationmanageresources-display-component---newResourceUnit--resourceId"}]}
RESULT: undefined
COMMAND: POST /session/3c9b041fc044676a58cc73ba58d1a297/execute/async - {"script":"<script> [776 bytes]","args":[{"enterText":"rJJmLLtcod","selector":{"id":"application-manageresources-display-component---newResourceUnit--resourceId","interaction":{"idSuffix":"inner"}},"clearTextFirst":true,"interactionType":"ENTER_TEXT"}]}
RESULT: {}
RESULT: {"script":"<script> [776 bytes]","args":[{"enterText":"rJJmLLtcod","selector":{"id":"application-manageresources-display-component---newResourceUnit--resourceId","interaction":{"idSuffix":"inner"}},"clearTextFirst":true,"interactionType":"ENTER_TEXT"}]}
COMMAND: POST /session/3c9b041fc044676a58cc73ba58d1a297/execute/async - {"script":"<script> [1562 bytes]","args":[{"selector":{"id":"application-manageresources-display-component---newResourceUnit--SHORT_TEXT","interaction":{"idSuffix":"inner"}},"wdio_ui5_key":"applicationmanageresources-display-component---newResourceUnit--SHORT_TEXT"}]}
RESULT: {"script":"<script> [1562 bytes]","args":[{"selector":{"id":"application-manageresources-display-component---newResourceUnit--SHORT_TEXT","interaction":{"idSuffix":"inner"}},"wdio_ui5_key":"applicationmanageresources-display-component---newResourceUnit--SHORT_TEXT"}]}
RESULT: undefined
COMMAND: POST /session/3c9b041fc044676a58cc73ba58d1a297/execute/async - {"script":"<script> [776 bytes]","args":[{"enterText":"Intercompany Equipment WDIO","selector":{"id":"application-manageresources-display-component---newResourceUnit--SHORT_TEXT","interaction":{"idSuffix":"inner"}},"clearTextFirst":true,"interactionType":"ENTER_TEXT"}]}
RESULT: {"script":"<script> [776 bytes]","args":[{"enterText":"Intercompany Equipment WDIO","selector":{"id":"application-manageresources-display-component---newResourceUnit--SHORT_TEXT","interaction":{"idSuffix":"inner"}},"clearTextFirst":true,"interactionType":"ENTER_TEXT"}]}
COMMAND: POST /session/3c9b041fc044676a58cc73ba58d1a297/execute/async - {"script":"<script> [1562 bytes]","args":[{"selector":{"id":"application-manageresources-display-component---newResourceUnit--BASE_UNIT_OF_MEASURE","interaction":{"idSuffix":"inner"}},"wdio_ui5_key":"applicationmanageresources-display-component---newResourceUnit--BASE_UNIT_OF_MEASURE"}]}
RESULT: {"script":"<script> [1562 bytes]","args":[{"selector":{"id":"application-manageresources-display-component---newResourceUnit--BASE_UNIT_OF_MEASURE","interaction":{"idSuffix":"inner"}},"wdio_ui5_key":"applicationmanageresources-display-component---newResourceUnit--BASE_UNIT_OF_MEASURE"}]}
RESULT: undefined
COMMAND: POST /session/3c9b041fc044676a58cc73ba58d1a297/execute/async - {"script":"<script> [776 bytes]","args":[{"enterText":"Piece","selector":{"id":"application-manageresources-display-component---newResourceUnit--BASE_UNIT_OF_MEASURE","interaction":{"idSuffix":"inner"}},"clearTextFirst":true,"interactionType":"ENTER_TEXT"}]}
RESULT: {"script":"<script> [776 bytes]","args":[{"enterText":"Piece","selector":{"id":"application-manageresources-display-component---newResourceUnit--BASE_UNIT_OF_MEASURE","interaction":{"idSuffix":"inner"}},"clearTextFirst":true,"interactionType":"ENTER_TEXT"}]}
COMMAND: POST /session/3c9b041fc044676a58cc73ba58d1a297/execute/async - {"script":"<script> [1562 bytes]","args":[{"selector":{"id":"application-manageresources-display-component---newResourceUnit--WEIGHT_UNIT","interaction":{"idSuffix":"inner"}},"wdio_ui5_key":"applicationmanageresources-display-component---newResourceUnit--WEIGHT_UNIT"}]}
RESULT: {"script":"<script> [1562 bytes]","args":[{"selector":{"id":"application-manageresources-display-component---newResourceUnit--WEIGHT_UNIT","interaction":{"idSuffix":"inner"}},"wdio_ui5_key":"applicationmanageresources-display-component---newResourceUnit--WEIGHT_UNIT"}]}
RESULT: undefined
COMMAND: POST /session/3c9b041fc044676a58cc73ba58d1a297/execute/async - {"script":"<script> [776 bytes]","args":[{"enterText":"Gram","selector":{"id":"application-manageresources-display-component---newResourceUnit--WEIGHT_UNIT","interaction":{"idSuffix":"inner"}},"clearTextFirst":true,"interactionType":"ENTER_TEXT"}]}
RESULT: {"script":"<script> [776 bytes]","args":[{"enterText":"Gram","selector":{"id":"application-manageresources-display-component---newResourceUnit--WEIGHT_UNIT","interaction":{"idSuffix":"inner"}},"clearTextFirst":true,"interactionType":"ENTER_TEXT"}]}
COMMAND: POST /session/3c9b041fc044676a58cc73ba58d1a297/execute/async - {"script":"<script> [1562 bytes]","args":[{"selector":{"id":"application-manageresources-display-component---newResourceUnit--DIMENSION_UNIT","interaction":{"idSuffix":"inner"}},"wdio_ui5_key":"applicationmanageresources-display-component---newResourceUnit--DIMENSION_UNIT"}]}
RESULT: {"script":"<script> [1562 bytes]","args":[{"selector":{"id":"application-manageresources-display-component---newResourceUnit--DIMENSION_UNIT","interaction":{"idSuffix":"inner"}},"wdio_ui5_key":"applicationmanageresources-display-component---newResourceUnit--DIMENSION_UNIT"}]}
RESULT: undefined
COMMAND: POST /session/3c9b041fc044676a58cc73ba58d1a297/execute/async - {"script":"<script> [776 bytes]","args":[{"enterText":"Meter","selector":{"id":"application-manageresources-display-component---newResourceUnit--DIMENSION_UNIT","interaction":{"idSuffix":"inner"}},"clearTextFirst":true,"interactionType":"ENTER_TEXT"}]}
RESULT: {"script":"<script> [776 bytes]","args":[{"enterText":"Meter","selector":{"id":"application-manageresources-display-component---newResourceUnit--DIMENSION_UNIT","interaction":{"idSuffix":"inner"}},"clearTextFirst":true,"interactionType":"ENTER_TEXT"}]}
COMMAND: POST /session/3c9b041fc044676a58cc73ba58d1a297/execute/async - {"script":"<script> [1562 bytes]","args":[{"selector":{"id":"application-manageresources-display-component---newResourceUnit--newRRUPage-anchBar-application-manageresources-display-component---newResourceUnit--control-anchor","interaction":{"idSuffix":"BDI-content"}},"wdio_ui5_key":"applicationmanageresources-display-component---newResourceUnit--newRRUPage-anchBar-application-manageresources-display-component---newResourceUnit--control-anchor"}]}
RESULT: {"script":"<script> [1562 bytes]","args":[{"selector":{"id":"application-manageresources-display-component---newResourceUnit--newRRUPage-anchBar-application-manageresources-display-component---newResourceUnit--control-anchor","interaction":{"idSuffix":"BDI-content"}},"wdio_ui5_key":"applicationmanageresources-display-component---newResourceUnit--newRRUPage-anchBar-application-manageresources-display-component---newResourceUnit--control-anchor"}]}
RESULT: undefined
COMMAND: POST /session/3c9b041fc044676a58cc73ba58d1a297/element - {"using":"xpath","value":"//*[@id=\"application-manageresources-display-component---newResourceUnit--newRRUPage-anchBar-application-manageresources-display-component---newResourceUnit--control-anchor\"]"}
RESULT: {"using":"xpath","value":"//*[@id=\"application-manageresources-display-component---newResourceUnit--newRRUPage-anchBar-application-manageresources-display-component---newResourceUnit--control-anchor\"]"}
COMMAND: POST /session/3c9b041fc044676a58cc73ba58d1a297/element/f.9E3361242BDECB3802103B61B67CD02C.d.ECE9F5C734B45CDAD83E7989EB606D42.e.10399/click - {}
RESULT: {}
COMMAND: POST /session/3c9b041fc044676a58cc73ba58d1a297/execute/async - {"script":"<script> [1562 bytes]","args":[{"selector":{"id":"application-manageresources-display-component---newResourceUnit--PLANNING_GROUP","interaction":{"idSuffix":"inner"}},"wdio_ui5_key":"applicationmanageresources-display-component---newResourceUnit--PLANNING_GROUP"}]}
COMMAND: GET /session/3c9b041fc044676a58cc73ba58d1a297/screenshot - {}
RESULT: {"script":"<script> [1562 bytes]","args":[{"selector":{"id":"application-manageresources-display-component---newResourceUnit--PLANNING_GROUP","interaction":{"idSuffix":"inner"}},"wdio_ui5_key":"applicationmanageresources-display-component---newResourceUnit--PLANNING_GROUP"}]}
RESULT: undefined
COMMAND: POST /session/3c9b041fc044676a58cc73ba58d1a297/execute/async - {"script":"<script> [776 bytes]","args":[{"enterText":"Heavy Equi","selector":{"id":"application-manageresources-display-component---newResourceUnit--PLANNING_GROUP","interaction":{"idSuffix":"inner"}},"clearTextFirst":true,"interactionType":"ENTER_TEXT"}]}
RESULT: {}
RESULT: {"script":"<script> [776 bytes]","args":[{"enterText":"Heavy Equi","selector":{"id":"application-manageresources-display-component---newResourceUnit--PLANNING_GROUP","interaction":{"idSuffix":"inner"}},"clearTextFirst":true,"interactionType":"ENTER_TEXT"}]}
COMMAND: POST /session/3c9b041fc044676a58cc73ba58d1a297/execute/async - {"script":"<script> [1562 bytes]","args":[{"selector":{"id":"application-manageresources-display-component---newResourceUnit--ITEM_TYPE-arrow"},"wdio_ui5_key":"applicationmanageresources-display-component---newResourceUnit--ITEM_TYPE-arrow"}]}
RESULT: {"script":"<script> [1562 bytes]","args":[{"selector":{"id":"application-manageresources-display-component---newResourceUnit--ITEM_TYPE-arrow"},"wdio_ui5_key":"applicationmanageresources-display-component---newResourceUnit--ITEM_TYPE-arrow"}]}
RESULT: undefined
COMMAND: POST /session/3c9b041fc044676a58cc73ba58d1a297/element - {"using":"xpath","value":"//*[@id=\"application-manageresources-display-component---newResourceUnit--ITEM_TYPE-arrow\"]"}
RESULT: {"using":"xpath","value":"//*[@id=\"application-manageresources-display-component---newResourceUnit--ITEM_TYPE-arrow\"]"}
COMMAND: POST /session/3c9b041fc044676a58cc73ba58d1a297/element/f.9E3361242BDECB3802103B61B67CD02C.d.ECE9F5C734B45CDAD83E7989EB606D42.e.10408/click - {}
RESULT: {}
COMMAND: POST /session/3c9b041fc044676a58cc73ba58d1a297/element - {"using":"xpath","value":"(//span[contains(text(), \"Resource Unit\")])[2]"}
COMMAND: GET /session/3c9b041fc044676a58cc73ba58d1a297/screenshot - {}
RESULT: {"using":"xpath","value":"(//span[contains(text(), \"Resource Unit\")])[2]"}
COMMAND: POST /session/3c9b041fc044676a58cc73ba58d1a297/element/f.9E3361242BDECB3802103B61B67CD02C.d.ECE9F5C734B45CDAD83E7989EB606D42.e.10409/click - {}
RESULT: {}
RESULT: {}
COMMAND: GET /session/3c9b041fc044676a58cc73ba58d1a297/screenshot - {}
RESULT: {}
COMMAND: POST /session/3c9b041fc044676a58cc73ba58d1a297/element - {"using":"css selector","value":"#application-manageresources-display-component---newResourceUnit--btnAddTimeSegment"}
RESULT: {"using":"css selector","value":"#application-manageresources-display-component---newResourceUnit--btnAddTimeSegment"}
COMMAND: GET /session/3c9b041fc044676a58cc73ba58d1a297/element/f.9E3361242BDECB3802103B61B67CD02C.d.ECE9F5C734B45CDAD83E7989EB606D42.e.10410/rect - {}
RESULT: {}
COMMAND: GET /session/3c9b041fc044676a58cc73ba58d1a297/window/rect - {}
RESULT: {}
COMMAND: POST /session/3c9b041fc044676a58cc73ba58d1a297/execute/sync - {"script":"<script> [92 bytes]","args":[]}
RESULT: {"script":"<script> [92 bytes]","args":[]}
COMMAND: POST /session/3c9b041fc044676a58cc73ba58d1a297/actions - {"actions":[{"id":"action47","type":"wheel","parameters":{},"actions":[{"type":"scroll","x":-1888,"y":-32,"deltaX":0,"deltaY":0,"duration":0,"origin":{"element-6066-11e4-a52e-4f735466cecf":"f.9E3361242BDECB3802103B61B67CD02C.d.ECE9F5C734B45CDAD83E7989EB606D42.e.10410"}}]}]}
COMMAND: GET /session/3c9b041fc044676a58cc73ba58d1a297/screenshot - {}
RESULT: {}
COMMAND: POST /session/3c9b041fc044676a58cc73ba58d1a297/execute/sync - {"script":"<script> [79 bytes]","args":[{"element-6066-11e4-a52e-4f735466cecf":"f.9E3361242BDECB3802103B61B67CD02C.d.ECE9F5C734B45CDAD83E7989EB606D42.e.10410","ELEMENT":"f.9E3361242BDECB3802103B61B67CD02C.d.ECE9F5C734B45CDAD83E7989EB606D42.e.10410"},{"block":"start","inline":"nearest"}]}
RESULT: {"script":"<script> [79 bytes]","args":[{"element-6066-11e4-a52e-4f735466cecf":"f.9E3361242BDECB3802103B61B67CD02C.d.ECE9F5C734B45CDAD83E7989EB606D42.e.10410","ELEMENT":"f.9E3361242BDECB3802103B61B67CD02C.d.ECE9F5C734B45CDAD83E7989EB606D42.e.10410"},{"block":"start","inline":"nearest"}]}
COMMAND: POST /session/3c9b041fc044676a58cc73ba58d1a297/execute/async - {"script":"<script> [1562 bytes]","args":[{"selector":{"id":"application-manageresources-display-component---newResourceUnit--btnAddTimeSegment","interaction":{"idSuffix":"inner"}},"wdio_ui5_key":"applicationmanageresources-display-component---newResourceUnit--btnAddTimeSegment"}]}
COMMAND: GET /session/3c9b041fc044676a58cc73ba58d1a297/screenshot - {}
RESULT: {"script":"<script> [1562 bytes]","args":[{"selector":{"id":"application-manageresources-display-component---newResourceUnit--btnAddTimeSegment","interaction":{"idSuffix":"inner"}},"wdio_ui5_key":"applicationmanageresources-display-component---newResourceUnit--btnAddTimeSegment"}]}
RESULT: undefined
COMMAND: POST /session/3c9b041fc044676a58cc73ba58d1a297/element - {"using":"xpath","value":"//*[@id=\"application-manageresources-display-component---newResourceUnit--btnAddTimeSegment\"]"}
RESULT: {}
RESULT: {"using":"xpath","value":"//*[@id=\"application-manageresources-display-component---newResourceUnit--btnAddTimeSegment\"]"}
COMMAND: POST /session/3c9b041fc044676a58cc73ba58d1a297/element/f.9E3361242BDECB3802103B61B67CD02C.d.ECE9F5C734B45CDAD83E7989EB606D42.e.10410/click - {}
RESULT: {}
COMMAND: GET /session/3c9b041fc044676a58cc73ba58d1a297/screenshot - {}
RESULT: {}
COMMAND: POST /session/3c9b041fc044676a58cc73ba58d1a297/element - {"using":"xpath","value":"//input[@id=\"application-manageresources-display-component---newResourceUnit--idRuTSAdmin-application-manageresources-display-component---newResourceUnit--RUTimeSegment-0-inner\"]"}
RESULT: {"using":"xpath","value":"//input[@id=\"application-manageresources-display-component---newResourceUnit--idRuTSAdmin-application-manageresources-display-component---newResourceUnit--RUTimeSegment-0-inner\"]"}
COMMAND: POST /session/3c9b041fc044676a58cc73ba58d1a297/element/f.9E3361242BDECB3802103B61B67CD02C.d.ECE9F5C734B45CDAD83E7989EB606D42.e.10416/clear - {}
RESULT: {}
COMMAND: POST /session/3c9b041fc044676a58cc73ba58d1a297/element/f.9E3361242BDECB3802103B61B67CD02C.d.ECE9F5C734B45CDAD83E7989EB606D42.e.10416/value - {"text":"191"}
COMMAND: GET /session/3c9b041fc044676a58cc73ba58d1a297/screenshot - {}
RESULT: {"text":"191"}
COMMAND: GET /session/3c9b041fc044676a58cc73ba58d1a297/screenshot - {}
RESULT: {}
RESULT: {}
COMMAND: POST /session/3c9b041fc044676a58cc73ba58d1a297/element - {"using":"xpath","value":"//li[.//span[text()='191']]"}
RESULT: {"using":"xpath","value":"//li[.//span[text()='191']]"}
COMMAND: POST /session/3c9b041fc044676a58cc73ba58d1a297/element/f.9E3361242BDECB3802103B61B67CD02C.d.ECE9F5C734B45CDAD83E7989EB606D42.e.10428/click - {}
RESULT: {}
COMMAND: GET /session/3c9b041fc044676a58cc73ba58d1a297/screenshot - {}
RESULT: {}
COMMAND: POST /session/3c9b041fc044676a58cc73ba58d1a297/element - {"using":"xpath","value":"(//span[contains(@id, \"-application-manageresources-display-component---newResourceUnit--RUTimeSegment-0-arrow\")])[6]"}
RESULT: {"using":"xpath","value":"(//span[contains(@id, \"-application-manageresources-display-component---newResourceUnit--RUTimeSegment-0-arrow\")])[6]"}
COMMAND: POST /session/3c9b041fc044676a58cc73ba58d1a297/element/f.9E3361242BDECB3802103B61B67CD02C.d.ECE9F5C734B45CDAD83E7989EB606D42.e.10429/click - {}
RESULT: {}
COMMAND: GET /session/3c9b041fc044676a58cc73ba58d1a297/screenshot - {}
RESULT: {}
COMMAND: POST /session/3c9b041fc044676a58cc73ba58d1a297/element - {"using":"xpath","value":"//span[contains(text(), \"PM Order\")]"}
RESULT: {"using":"xpath","value":"//span[contains(text(), \"PM Order\")]"}
COMMAND: POST /session/3c9b041fc044676a58cc73ba58d1a297/element/f.9E3361242BDECB3802103B61B67CD02C.d.ECE9F5C734B45CDAD83E7989EB606D42.e.10432/click - {}
RESULT: {}
COMMAND: GET /session/3c9b041fc044676a58cc73ba58d1a297/screenshot - {}
RESULT: {}
COMMAND: POST /session/3c9b041fc044676a58cc73ba58d1a297/element - {"using":"xpath","value":"(//span[contains(@id ,\"manageresources-display-component---newResourceUnit--RUTimeSegment-0-vhi\")])[1]"}
RESULT: {"using":"xpath","value":"(//span[contains(@id ,\"manageresources-display-component---newResourceUnit--RUTimeSegment-0-vhi\")])[1]"}
COMMAND: GET /session/3c9b041fc044676a58cc73ba58d1a297/element/f.9E3361242BDECB3802103B61B67CD02C.d.ECE9F5C734B45CDAD83E7989EB606D42.e.10436/rect - {}
RESULT: {}
COMMAND: GET /session/3c9b041fc044676a58cc73ba58d1a297/window/rect - {}
RESULT: {}
COMMAND: POST /session/3c9b041fc044676a58cc73ba58d1a297/execute/sync - {"script":"<script> [92 bytes]","args":[]}
RESULT: {"script":"<script> [92 bytes]","args":[]}
COMMAND: POST /session/3c9b041fc044676a58cc73ba58d1a297/actions - {"actions":[{"id":"action48","type":"wheel","parameters":{},"actions":[{"type":"scroll","x":-869,"y":-24,"deltaX":0,"deltaY":0,"duration":0,"origin":{"element-6066-11e4-a52e-4f735466cecf":"f.9E3361242BDECB3802103B61B67CD02C.d.ECE9F5C734B45CDAD83E7989EB606D42.e.10436"}}]}]}
COMMAND: GET /session/3c9b041fc044676a58cc73ba58d1a297/screenshot - {}
RESULT: {"actions":[{"id":"action48","type":"wheel","parameters":{},"actions":[{"type":"scroll","x":-869,"y":-24,"deltaX":0,"deltaY":0,"duration":0,"origin":{"element-6066-11e4-a52e-4f735466cecf":"f.9E3361242BDECB3802103B61B67CD02C.d.ECE9F5C734B45CDAD83E7989EB606D42.e.10436"}}]}]}
COMMAND: DELETE /session/3c9b041fc044676a58cc73ba58d1a297/actions - {}
COMMAND: GET /session/3c9b041fc044676a58cc73ba58d1a297/screenshot - {}
RESULT: {}
RESULT: {}
COMMAND: GET /session/3c9b041fc044676a58cc73ba58d1a297/screenshot - {}
RESULT: {}
RESULT: {}
COMMAND: POST /session/3c9b041fc044676a58cc73ba58d1a297/element/f.9E3361242BDECB3802103B61B67CD02C.d.ECE9F5C734B45CDAD83E7989EB606D42.e.10436/click - {}
RESULT: {}
COMMAND: GET /session/3c9b041fc044676a58cc73ba58d1a297/screenshot - {}
RESULT: {}
COMMAND: POST /session/3c9b041fc044676a58cc73ba58d1a297/execute/async - {"script":"<script> [1562 bytes]","args":[{"selector":{"controlType":"sap.m.SearchField","properties":{"placeholder":"Search"},"searchOpenDialogs":true,"interaction":{"idSuffix":"I"}},"wdio_ui5_key":"sapm.SearchField{\"placeholder\":\"Search\"}"}]}
RESULT: {"script":"<script> [1562 bytes]","args":[{"selector":{"controlType":"sap.m.SearchField","properties":{"placeholder":"Search"},"searchOpenDialogs":true,"interaction":{"idSuffix":"I"}},"wdio_ui5_key":"sapm.SearchField{\"placeholder\":\"Search\"}"}]}
RESULT: undefined
COMMAND: POST /session/3c9b041fc044676a58cc73ba58d1a297/execute/async - {"script":"<script> [776 bytes]","args":[{"enterText":"4000360","selector":{"controlType":"sap.m.SearchField","properties":{"placeholder":"Search"},"searchOpenDialogs":true,"interaction":{"idSuffix":"I"}},"clearTextFirst":true,"interactionType":"ENTER_TEXT"}]}
RESULT: {"script":"<script> [776 bytes]","args":[{"enterText":"4000360","selector":{"controlType":"sap.m.SearchField","properties":{"placeholder":"Search"},"searchOpenDialogs":true,"interaction":{"idSuffix":"I"}},"clearTextFirst":true,"interactionType":"ENTER_TEXT"}]}
COMMAND: POST /session/3c9b041fc044676a58cc73ba58d1a297/actions - {"actions":[{"id":"action49","type":"key","parameters":{},"actions":[{"type":"keyDown","value":"î€‡"},{"type":"pause","duration":10},{"type":"keyUp","value":"î€‡"}]}]}
RESULT: {"actions":[{"id":"action49","type":"key","parameters":{},"actions":[{"type":"keyDown","value":"î€‡"},{"type":"pause","duration":10},{"type":"keyUp","value":"î€‡"}]}]}
COMMAND: GET /session/3c9b041fc044676a58cc73ba58d1a297/screenshot - {}
RESULT: {}
COMMAND: POST /session/3c9b041fc044676a58cc73ba58d1a297/element - {"using":"xpath","value":"//td/div/span[contains(text(), \"BGL Vehicles\")]"}
RESULT: {"using":"xpath","value":"//td/div/span[contains(text(), \"BGL Vehicles\")]"}
COMMAND: POST /session/3c9b041fc044676a58cc73ba58d1a297/element/f.9E3361242BDECB3802103B61B67CD02C.d.ECE9F5C734B45CDAD83E7989EB606D42.e.10457/click - {}
RESULT: {}
COMMAND: GET /session/3c9b041fc044676a58cc73ba58d1a297/screenshot - {}
RESULT: {}
COMMAND: POST /session/3c9b041fc044676a58cc73ba58d1a297/element - {"using":"xpath","value":"//bdi[contains(text(), \"OK\")]"}
RESULT: {"using":"xpath","value":"//bdi[contains(text(), \"OK\")]"}
COMMAND: POST /session/3c9b041fc044676a58cc73ba58d1a297/element/f.9E3361242BDECB3802103B61B67CD02C.d.ECE9F5C734B45CDAD83E7989EB606D42.e.10458/click - {}
RESULT: {}
COMMAND: GET /session/3c9b041fc044676a58cc73ba58d1a297/screenshot - {}
RESULT: {}
COMMAND: POST /session/3c9b041fc044676a58cc73ba58d1a297/execute/async - {"script":"<script> [1562 bytes]","args":[{"selector":{"id":"application-manageresources-display-component---newResourceUnit--newRRUPage-anchBar-application-manageresources-display-component---newResourceUnit--resource-anchor","interaction":{"idSuffix":"BDI-content"}},"wdio_ui5_key":"applicationmanageresources-display-component---newResourceUnit--newRRUPage-anchBar-application-manageresources-display-component---newResourceUnit--resource-anchor"}]}
RESULT: {"script":"<script> [1562 bytes]","args":[{"selector":{"id":"application-manageresources-display-component---newResourceUnit--newRRUPage-anchBar-application-manageresources-display-component---newResourceUnit--resource-anchor","interaction":{"idSuffix":"BDI-content"}},"wdio_ui5_key":"applicationmanageresources-display-component---newResourceUnit--newRRUPage-anchBar-application-manageresources-display-component---newResourceUnit--resource-anchor"}]}
RESULT: undefined
COMMAND: POST /session/3c9b041fc044676a58cc73ba58d1a297/element - {"using":"xpath","value":"//*[@id=\"application-manageresources-display-component---newResourceUnit--newRRUPage-anchBar-application-manageresources-display-component---newResourceUnit--resource-anchor\"]"}
RESULT: {"using":"xpath","value":"//*[@id=\"application-manageresources-display-component---newResourceUnit--newRRUPage-anchBar-application-manageresources-display-component---newResourceUnit--resource-anchor\"]"}
COMMAND: POST /session/3c9b041fc044676a58cc73ba58d1a297/element/f.9E3361242BDECB3802103B61B67CD02C.d.ECE9F5C734B45CDAD83E7989EB606D42.e.10462/click - {}
RESULT: {}
COMMAND: POST /session/3c9b041fc044676a58cc73ba58d1a297/execute/async - {"script":"<script> [1562 bytes]","args":[{"selector":{"id":"application-manageresources-display-component---newResourceUnit--PLANNED_DELIVERY_DATE","interaction":{"idSuffix":"inner"}},"wdio_ui5_key":"applicationmanageresources-display-component---newResourceUnit--PLANNED_DELIVERY_DATE"}]}
COMMAND: GET /session/3c9b041fc044676a58cc73ba58d1a297/screenshot - {}
RESULT: {"script":"<script> [1562 bytes]","args":[{"selector":{"id":"application-manageresources-display-component---newResourceUnit--PLANNED_DELIVERY_DATE","interaction":{"idSuffix":"inner"}},"wdio_ui5_key":"applicationmanageresources-display-component---newResourceUnit--PLANNED_DELIVERY_DATE"}]}
RESULT: undefined
COMMAND: POST /session/3c9b041fc044676a58cc73ba58d1a297/execute/async - {"script":"<script> [6424 bytes]","args":[{"element-6066-11e4-a52e-4f735466cecf":"f.9E3361242BDECB3802103B61B67CD02C.d.ECE9F5C734B45CDAD83E7989EB606D42.e.10324"},"setValue",["5/13/25"]]}
RESULT: {}
RESULT: {"script":"<script> [6424 bytes]","args":[{"element-6066-11e4-a52e-4f735466cecf":"f.9E3361242BDECB3802103B61B67CD02C.d.ECE9F5C734B45CDAD83E7989EB606D42.e.10324"},"setValue",["5/13/25"]]}
COMMAND: POST /session/3c9b041fc044676a58cc73ba58d1a297/element - {"using":"xpath","value":"//label[contains(@class, 'sapMLabelRequired') and .//bdi[contains(text(), 'Planned Retirement')]]"}
RESULT: {"using":"xpath","value":"//label[contains(@class, 'sapMLabelRequired') and .//bdi[contains(text(), 'Planned Retirement')]]"}
COMMAND: POST /session/3c9b041fc044676a58cc73ba58d1a297/elements - {"using":"xpath","value":"//label[contains(@class, 'sapMLabelRequired') and .//bdi[contains(text(), 'Planned Retirement')]]"}
RESULT: {"using":"xpath","value":"//label[contains(@class, 'sapMLabelRequired') and .//bdi[contains(text(), 'Planned Retirement')]]"}
COMMAND: POST /session/3c9b041fc044676a58cc73ba58d1a297/element - {"using":"xpath","value":"//button[@data-kt=\"resourceUnitSaveButton\"]"}
RESULT: {"using":"xpath","value":"//button[@data-kt=\"resourceUnitSaveButton\"]"}
COMMAND: POST /session/3c9b041fc044676a58cc73ba58d1a297/element/f.9E3361242BDECB3802103B61B67CD02C.d.ECE9F5C734B45CDAD83E7989EB606D42.e.10285/click - {}
RESULT: {}
COMMAND: GET /session/3c9b041fc044676a58cc73ba58d1a297/screenshot - {}
RESULT: {}
COMMAND: POST /session/3c9b041fc044676a58cc73ba58d1a297/element - {"using":"xpath","value":"//bdi[contains(text(), \"Close\")]"}
RESULT: {"using":"xpath","value":"//bdi[contains(text(), \"Close\")]"}
COMMAND: POST /session/3c9b041fc044676a58cc73ba58d1a297/element/f.9E3361242BDECB3802103B61B67CD02C.d.ECE9F5C734B45CDAD83E7989EB606D42.e.10472/click - {}
RESULT: {}
COMMAND: GET /session/3c9b041fc044676a58cc73ba58d1a297/screenshot - {}
RESULT: {}
COMMAND: POST /session/3c9b041fc044676a58cc73ba58d1a297/element - {"using":"xpath","value":"(//button[contains(@id ,\"actionsToolbar-overflowButton\")])[1]"}
RESULT: {"using":"xpath","value":"(//button[contains(@id ,\"actionsToolbar-overflowButton\")])[1]"}
COMMAND: POST /session/3c9b041fc044676a58cc73ba58d1a297/element/f.9E3361242BDECB3802103B61B67CD02C.d.ECE9F5C734B45CDAD83E7989EB606D42.e.10503/click - {}
RESULT: {}
COMMAND: GET /session/3c9b041fc044676a58cc73ba58d1a297/screenshot - {}
RESULT: {}
COMMAND: POST /session/3c9b041fc044676a58cc73ba58d1a297/element - {"using":"xpath","value":"//button[@data-kt=\"priceInfoButton\"]"}
RESULT: {"using":"xpath","value":"//button[@data-kt=\"priceInfoButton\"]"}
COMMAND: POST /session/3c9b041fc044676a58cc73ba58d1a297/element/f.9E3361242BDECB3802103B61B67CD02C.d.ECE9F5C734B45CDAD83E7989EB606D42.e.10505/click - {}
RESULT: {}
COMMAND: GET /session/3c9b041fc044676a58cc73ba58d1a297/screenshot - {}
RESULT: {}
]]></system-out>
    </testcase>
    <testcase classname="chrome.136_0_7103_49.windows.Performance_based_billing_(work_days)_US139742" name="Should create a pricing rule perf based on the equipment" time="52.894">
      <system-out><![CDATA[
COMMAND: POST /session/3c9b041fc044676a58cc73ba58d1a297/element - {"using":"xpath","value":"//button[@data-kt=\"addButton\"]"}
RESULT: {"using":"xpath","value":"//button[@data-kt=\"addButton\"]"}
COMMAND: POST /session/3c9b041fc044676a58cc73ba58d1a297/elements - {"using":"xpath","value":"//button[@data-kt=\"addButton\"]"}
RESULT: {"using":"xpath","value":"//button[@data-kt=\"addButton\"]"}
COMMAND: POST /session/3c9b041fc044676a58cc73ba58d1a297/elements - {"using":"xpath","value":"//button[@data-kt=\"addButton\"]"}
RESULT: {"using":"xpath","value":"//button[@data-kt=\"addButton\"]"}
COMMAND: POST /session/3c9b041fc044676a58cc73ba58d1a297/element - {"using":"xpath","value":"//button[@data-kt=\"addButton\"]"}
RESULT: {"using":"xpath","value":"//button[@data-kt=\"addButton\"]"}
COMMAND: POST /session/3c9b041fc044676a58cc73ba58d1a297/execute/sync - {"script":"<script> [8489 bytes]","args":[{"element-6066-11e4-a52e-4f735466cecf":"f.9E3361242BDECB3802103B61B67CD02C.d.ECE9F5C734B45CDAD83E7989EB606D42.e.10542","ELEMENT":"f.9E3361242BDECB3802103B61B67CD02C.d.ECE9F5C734B45CDAD83E7989EB606D42.e.10542"}]}
RESULT: {"script":"<script> [8489 bytes]","args":[{"element-6066-11e4-a52e-4f735466cecf":"f.9E3361242BDECB3802103B61B67CD02C.d.ECE9F5C734B45CDAD83E7989EB606D42.e.10542","ELEMENT":"f.9E3361242BDECB3802103B61B67CD02C.d.ECE9F5C734B45CDAD83E7989EB606D42.e.10542"}]}
COMMAND: GET /session/3c9b041fc044676a58cc73ba58d1a297/element/f.9E3361242BDECB3802103B61B67CD02C.d.ECE9F5C734B45CDAD83E7989EB606D42.e.10542/enabled - {}
COMMAND: GET /session/3c9b041fc044676a58cc73ba58d1a297/screenshot - {}
RESULT: {}
COMMAND: POST /session/3c9b041fc044676a58cc73ba58d1a297/execute/sync - {"script":"<script> [8489 bytes]","args":[{"element-6066-11e4-a52e-4f735466cecf":"f.9E3361242BDECB3802103B61B67CD02C.d.ECE9F5C734B45CDAD83E7989EB606D42.e.10542","ELEMENT":"f.9E3361242BDECB3802103B61B67CD02C.d.ECE9F5C734B45CDAD83E7989EB606D42.e.10542"}]}
COMMAND: GET /session/3c9b041fc044676a58cc73ba58d1a297/screenshot - {}
RESULT: {}
RESULT: {"script":"<script> [8489 bytes]","args":[{"element-6066-11e4-a52e-4f735466cecf":"f.9E3361242BDECB3802103B61B67CD02C.d.ECE9F5C734B45CDAD83E7989EB606D42.e.10542","ELEMENT":"f.9E3361242BDECB3802103B61B67CD02C.d.ECE9F5C734B45CDAD83E7989EB606D42.e.10542"}]}
COMMAND: POST /session/3c9b041fc044676a58cc73ba58d1a297/execute/sync - {"script":"<script> [5351 bytes]","args":[{"element-6066-11e4-a52e-4f735466cecf":"f.9E3361242BDECB3802103B61B67CD02C.d.ECE9F5C734B45CDAD83E7989EB606D42.e.10542","ELEMENT":"f.9E3361242BDECB3802103B61B67CD02C.d.ECE9F5C734B45CDAD83E7989EB606D42.e.10542"}]}
COMMAND: GET /session/3c9b041fc044676a58cc73ba58d1a297/screenshot - {}
RESULT: {}
RESULT: {"script":"<script> [5351 bytes]","args":[{"element-6066-11e4-a52e-4f735466cecf":"f.9E3361242BDECB3802103B61B67CD02C.d.ECE9F5C734B45CDAD83E7989EB606D42.e.10542","ELEMENT":"f.9E3361242BDECB3802103B61B67CD02C.d.ECE9F5C734B45CDAD83E7989EB606D42.e.10542"}]}
COMMAND: POST /session/3c9b041fc044676a58cc73ba58d1a297/element/f.9E3361242BDECB3802103B61B67CD02C.d.ECE9F5C734B45CDAD83E7989EB606D42.e.10542/click - {}
COMMAND: GET /session/3c9b041fc044676a58cc73ba58d1a297/screenshot - {}
RESULT: {}
RESULT: {}
COMMAND: GET /session/3c9b041fc044676a58cc73ba58d1a297/screenshot - {}
RESULT: {}
RESULT: {}
COMMAND: POST /session/3c9b041fc044676a58cc73ba58d1a297/execute/async - {"script":"<script> [1562 bytes]","args":[{"selector":{"controlType":"sap.m.Title","viewName":"etm.portal.ui.managepricingrules.view.NewItem","viewId":"application-managepricingrules-display-component---newInfoPriceItem","properties":{"text":"New Pricing Rules - Item Level"}},"wdio_ui5_key":"etmportal.ui.managepricingrules.view.NewItemsap.m.Title{\"text\":\"New Pricing Rules - Item Level\"}"}]}
RESULT: {"script":"<script> [1562 bytes]","args":[{"selector":{"controlType":"sap.m.Title","viewName":"etm.portal.ui.managepricingrules.view.NewItem","viewId":"application-managepricingrules-display-component---newInfoPriceItem","properties":{"text":"New Pricing Rules - Item Level"}},"wdio_ui5_key":"etmportal.ui.managepricingrules.view.NewItemsap.m.Title{\"text\":\"New Pricing Rules - Item Level\"}"}]}
RESULT: undefined
COMMAND: POST /session/3c9b041fc044676a58cc73ba58d1a297/execute/async - {"script":"<script> [6424 bytes]","args":[{"element-6066-11e4-a52e-4f735466cecf":"f.9E3361242BDECB3802103B61B67CD02C.d.ECE9F5C734B45CDAD83E7989EB606D42.e.10710"},"getText",[]]}
RESULT: {"script":"<script> [6424 bytes]","args":[{"element-6066-11e4-a52e-4f735466cecf":"f.9E3361242BDECB3802103B61B67CD02C.d.ECE9F5C734B45CDAD83E7989EB606D42.e.10710"},"getText",[]]}
COMMAND: POST /session/3c9b041fc044676a58cc73ba58d1a297/execute/async - {"script":"<script> [1562 bytes]","args":[{"selector":{"id":"application-managepricingrules-display-component---newInfoPriceItem--condValidTo","interaction":{"idSuffix":"inner"}},"wdio_ui5_key":"applicationmanagepricingrules-display-component---newInfoPriceItem--condValidTo"}]}
RESULT: {"script":"<script> [1562 bytes]","args":[{"selector":{"id":"application-managepricingrules-display-component---newInfoPriceItem--condValidTo","interaction":{"idSuffix":"inner"}},"wdio_ui5_key":"applicationmanagepricingrules-display-component---newInfoPriceItem--condValidTo"}]}
RESULT: undefined
COMMAND: POST /session/3c9b041fc044676a58cc73ba58d1a297/execute/async - {"script":"<script> [776 bytes]","args":[{"enterText":"01/13/26","selector":{"id":"application-managepricingrules-display-component---newInfoPriceItem--condValidTo","interaction":{"idSuffix":"inner"}},"clearTextFirst":true,"interactionType":"ENTER_TEXT"}]}
RESULT: {"script":"<script> [776 bytes]","args":[{"enterText":"01/13/26","selector":{"id":"application-managepricingrules-display-component---newInfoPriceItem--condValidTo","interaction":{"idSuffix":"inner"}},"clearTextFirst":true,"interactionType":"ENTER_TEXT"}]}
COMMAND: POST /session/3c9b041fc044676a58cc73ba58d1a297/execute/async - {"script":"<script> [1562 bytes]","args":[{"selector":{"id":"application-managepricingrules-display-component---newInfoPriceItem--billType-arrow"},"wdio_ui5_key":"applicationmanagepricingrules-display-component---newInfoPriceItem--billType-arrow"}]}
RESULT: {"script":"<script> [1562 bytes]","args":[{"selector":{"id":"application-managepricingrules-display-component---newInfoPriceItem--billType-arrow"},"wdio_ui5_key":"applicationmanagepricingrules-display-component---newInfoPriceItem--billType-arrow"}]}
RESULT: undefined
COMMAND: POST /session/3c9b041fc044676a58cc73ba58d1a297/element - {"using":"xpath","value":"//*[@id=\"application-managepricingrules-display-component---newInfoPriceItem--billType-arrow\"]"}
RESULT: {"using":"xpath","value":"//*[@id=\"application-managepricingrules-display-component---newInfoPriceItem--billType-arrow\"]"}
COMMAND: POST /session/3c9b041fc044676a58cc73ba58d1a297/element/f.9E3361242BDECB3802103B61B67CD02C.d.ECE9F5C734B45CDAD83E7989EB606D42.e.10671/click - {}
RESULT: {}
COMMAND: POST /session/3c9b041fc044676a58cc73ba58d1a297/element - {"using":"xpath","value":"//span[contains(text(), \"PB - Performance based\")]"}
COMMAND: GET /session/3c9b041fc044676a58cc73ba58d1a297/screenshot - {}
RESULT: {"using":"xpath","value":"//span[contains(text(), \"PB - Performance based\")]"}
COMMAND: POST /session/3c9b041fc044676a58cc73ba58d1a297/element/f.9E3361242BDECB3802103B61B67CD02C.d.ECE9F5C734B45CDAD83E7989EB606D42.e.10714/click - {}
RESULT: {}
RESULT: {}
COMMAND: POST /session/3c9b041fc044676a58cc73ba58d1a297/execute/async - {"script":"<script> [1562 bytes]","args":[{"selector":{"id":"application-managepricingrules-display-component---newInfoPriceItem--priceProc-arrow"},"wdio_ui5_key":"applicationmanagepricingrules-display-component---newInfoPriceItem--priceProc-arrow"}]}
COMMAND: GET /session/3c9b041fc044676a58cc73ba58d1a297/screenshot - {}
RESULT: {"script":"<script> [1562 bytes]","args":[{"selector":{"id":"application-managepricingrules-display-component---newInfoPriceItem--priceProc-arrow"},"wdio_ui5_key":"applicationmanagepricingrules-display-component---newInfoPriceItem--priceProc-arrow"}]}
RESULT: undefined
COMMAND: POST /session/3c9b041fc044676a58cc73ba58d1a297/element - {"using":"xpath","value":"//*[@id=\"application-managepricingrules-display-component---newInfoPriceItem--priceProc-arrow\"]"}
RESULT: {}
RESULT: {"using":"xpath","value":"//*[@id=\"application-managepricingrules-display-component---newInfoPriceItem--priceProc-arrow\"]"}
COMMAND: POST /session/3c9b041fc044676a58cc73ba58d1a297/element/f.9E3361242BDECB3802103B61B67CD02C.d.ECE9F5C734B45CDAD83E7989EB606D42.e.10678/click - {}
RESULT: {}
COMMAND: POST /session/3c9b041fc044676a58cc73ba58d1a297/element - {"using":"xpath","value":"//span[contains(text(), \"PRF - Performance based\")]"}
COMMAND: GET /session/3c9b041fc044676a58cc73ba58d1a297/screenshot - {}
RESULT: {"using":"xpath","value":"//span[contains(text(), \"PRF - Performance based\")]"}
COMMAND: POST /session/3c9b041fc044676a58cc73ba58d1a297/element/f.9E3361242BDECB3802103B61B67CD02C.d.ECE9F5C734B45CDAD83E7989EB606D42.e.10715/click - {}
RESULT: {}
RESULT: {}
COMMAND: POST /session/3c9b041fc044676a58cc73ba58d1a297/execute/async - {"script":"<script> [1562 bytes]","args":[{"selector":{"id":"application-managepricingrules-display-component---newInfoPriceItem--calcBase-arrow"},"wdio_ui5_key":"applicationmanagepricingrules-display-component---newInfoPriceItem--calcBase-arrow"}]}
COMMAND: GET /session/3c9b041fc044676a58cc73ba58d1a297/screenshot - {}
RESULT: {"script":"<script> [1562 bytes]","args":[{"selector":{"id":"application-managepricingrules-display-component---newInfoPriceItem--calcBase-arrow"},"wdio_ui5_key":"applicationmanagepricingrules-display-component---newInfoPriceItem--calcBase-arrow"}]}
RESULT: undefined
COMMAND: POST /session/3c9b041fc044676a58cc73ba58d1a297/element - {"using":"xpath","value":"//*[@id=\"application-managepricingrules-display-component---newInfoPriceItem--calcBase-arrow\"]"}
RESULT: {}
RESULT: {"using":"xpath","value":"//*[@id=\"application-managepricingrules-display-component---newInfoPriceItem--calcBase-arrow\"]"}
COMMAND: POST /session/3c9b041fc044676a58cc73ba58d1a297/element/f.9E3361242BDECB3802103B61B67CD02C.d.ECE9F5C734B45CDAD83E7989EB606D42.e.10685/click - {}
RESULT: {}
COMMAND: GET /session/3c9b041fc044676a58cc73ba58d1a297/screenshot - {}
RESULT: {}
COMMAND: POST /session/3c9b041fc044676a58cc73ba58d1a297/element - {"using":"xpath","value":"//span[contains(text(), \"0007 - PB(work days)\")]"}
RESULT: {"using":"xpath","value":"//span[contains(text(), \"0007 - PB(work days)\")]"}
COMMAND: POST /session/3c9b041fc044676a58cc73ba58d1a297/element/f.9E3361242BDECB3802103B61B67CD02C.d.ECE9F5C734B45CDAD83E7989EB606D42.e.10716/click - {}
RESULT: {}
COMMAND: GET /session/3c9b041fc044676a58cc73ba58d1a297/screenshot - {}
RESULT: {}
COMMAND: POST /session/3c9b041fc044676a58cc73ba58d1a297/execute/async - {"script":"<script> [1562 bytes]","args":[{"selector":{"id":"application-managepricingrules-display-component---newInfoPriceItem--hoursMonth","interaction":{"idSuffix":"inner"}},"wdio_ui5_key":"applicationmanagepricingrules-display-component---newInfoPriceItem--hoursMonth"}]}
RESULT: {"script":"<script> [1562 bytes]","args":[{"selector":{"id":"application-managepricingrules-display-component---newInfoPriceItem--hoursMonth","interaction":{"idSuffix":"inner"}},"wdio_ui5_key":"applicationmanagepricingrules-display-component---newInfoPriceItem--hoursMonth"}]}
RESULT: undefined
COMMAND: POST /session/3c9b041fc044676a58cc73ba58d1a297/execute/async - {"script":"<script> [776 bytes]","args":[{"enterText":"160","selector":{"id":"application-managepricingrules-display-component---newInfoPriceItem--hoursMonth","interaction":{"idSuffix":"inner"}},"clearTextFirst":true,"interactionType":"ENTER_TEXT"}]}
RESULT: {"script":"<script> [776 bytes]","args":[{"enterText":"160","selector":{"id":"application-managepricingrules-display-component---newInfoPriceItem--hoursMonth","interaction":{"idSuffix":"inner"}},"clearTextFirst":true,"interactionType":"ENTER_TEXT"}]}
COMMAND: POST /session/3c9b041fc044676a58cc73ba58d1a297/element - {"using":"xpath","value":"//button[@data-kt=\"saveNewRuleButton\"]"}
RESULT: {"using":"xpath","value":"//button[@data-kt=\"saveNewRuleButton\"]"}
COMMAND: POST /session/3c9b041fc044676a58cc73ba58d1a297/element/f.9E3361242BDECB3802103B61B67CD02C.d.ECE9F5C734B45CDAD83E7989EB606D42.e.10705/click - {}
RESULT: {}
COMMAND: GET /session/3c9b041fc044676a58cc73ba58d1a297/screenshot - {}
RESULT: {}
COMMAND: POST /session/3c9b041fc044676a58cc73ba58d1a297/execute/async - {"script":"<script> [1562 bytes]","args":[{"selector":{"id":"application-managepricingrules-display-component---priceInfoItem--smartFilterBar-btnBasicSearch","interaction":{"idSuffix":"I"}},"wdio_ui5_key":"applicationmanagepricingrules-display-component---priceInfoItem--smartFilterBar-btnBasicSearch"}]}
RESULT: {"script":"<script> [1562 bytes]","args":[{"selector":{"id":"application-managepricingrules-display-component---priceInfoItem--smartFilterBar-btnBasicSearch","interaction":{"idSuffix":"I"}},"wdio_ui5_key":"applicationmanagepricingrules-display-component---priceInfoItem--smartFilterBar-btnBasicSearch"}]}
RESULT: undefined
COMMAND: POST /session/3c9b041fc044676a58cc73ba58d1a297/execute/async - {"script":"<script> [776 bytes]","args":[{"enterText":"rJJmLLtcod","selector":{"id":"application-managepricingrules-display-component---priceInfoItem--smartFilterBar-btnBasicSearch","interaction":{"idSuffix":"I"}},"clearTextFirst":true,"interactionType":"ENTER_TEXT"}]}
RESULT: {"script":"<script> [776 bytes]","args":[{"enterText":"rJJmLLtcod","selector":{"id":"application-managepricingrules-display-component---priceInfoItem--smartFilterBar-btnBasicSearch","interaction":{"idSuffix":"I"}},"clearTextFirst":true,"interactionType":"ENTER_TEXT"}]}
COMMAND: POST /session/3c9b041fc044676a58cc73ba58d1a297/actions - {"actions":[{"id":"action50","type":"key","parameters":{},"actions":[{"type":"keyDown","value":"î€‡"},{"type":"pause","duration":10},{"type":"keyUp","value":"î€‡"}]}]}
RESULT: {"actions":[{"id":"action50","type":"key","parameters":{},"actions":[{"type":"keyDown","value":"î€‡"},{"type":"pause","duration":10},{"type":"keyUp","value":"î€‡"}]}]}
COMMAND: GET /session/3c9b041fc044676a58cc73ba58d1a297/screenshot - {}
RESULT: {}
COMMAND: POST /session/3c9b041fc044676a58cc73ba58d1a297/element - {"using":"xpath","value":"//span[@id=\"application-managepricingrules-display-component---priceInfoItem--smartTable-header-inner\"]"}
RESULT: {"using":"xpath","value":"//span[@id=\"application-managepricingrules-display-component---priceInfoItem--smartTable-header-inner\"]"}
COMMAND: POST /session/3c9b041fc044676a58cc73ba58d1a297/elements - {"using":"xpath","value":"//span[@id=\"application-managepricingrules-display-component---priceInfoItem--smartTable-header-inner\"]"}
RESULT: {"using":"xpath","value":"//span[@id=\"application-managepricingrules-display-component---priceInfoItem--smartTable-header-inner\"]"}
COMMAND: POST /session/3c9b041fc044676a58cc73ba58d1a297/execute/sync - {"script":"<script> [56 bytes]","args":[{"element-6066-11e4-a52e-4f735466cecf":"f.9E3361242BDECB3802103B61B67CD02C.d.ECE9F5C734B45CDAD83E7989EB606D42.e.10730","ELEMENT":"f.9E3361242BDECB3802103B61B67CD02C.d.ECE9F5C734B45CDAD83E7989EB606D42.e.10730"}]}
RESULT: {"script":"<script> [56 bytes]","args":[{"element-6066-11e4-a52e-4f735466cecf":"f.9E3361242BDECB3802103B61B67CD02C.d.ECE9F5C734B45CDAD83E7989EB606D42.e.10730","ELEMENT":"f.9E3361242BDECB3802103B61B67CD02C.d.ECE9F5C734B45CDAD83E7989EB606D42.e.10730"}]}
COMMAND: POST /session/3c9b041fc044676a58cc73ba58d1a297/element - {"using":"css selector","value":"#shell-header-logo"}
COMMAND: GET /session/3c9b041fc044676a58cc73ba58d1a297/screenshot - {}
RESULT: {"using":"css selector","value":"#shell-header-logo"}
COMMAND: POST /session/3c9b041fc044676a58cc73ba58d1a297/element/f.9E3361242BDECB3802103B61B67CD02C.d.ECE9F5C734B45CDAD83E7989EB606D42.e.9880/click - {}
RESULT: {}
RESULT: {}
COMMAND: GET /session/3c9b041fc044676a58cc73ba58d1a297/screenshot - {}
RESULT: {}
]]></system-out>
    </testcase>
    <testcase classname="chrome.136_0_7103_49.windows.Performance_based_billing_(work_days)_US139742" name="Should create a performance based billing condition on the equipment" time="64.614">
      <system-out><![CDATA[
COMMAND: POST /session/3c9b041fc044676a58cc73ba58d1a297/execute/async - {"script":"<script> [1562 bytes]","args":[{"selector":{"controlType":"sap.m.Text","properties":{"text":"Manage Conditions & Prices"},"interaction":{"idSuffix":"inner"}},"wdio_ui5_key":"sapm.Text{\"text\":\"Manage Conditions & Prices\"}"}]}
RESULT: {"script":"<script> [1562 bytes]","args":[{"selector":{"controlType":"sap.m.Text","properties":{"text":"Manage Conditions & Prices"},"interaction":{"idSuffix":"inner"}},"wdio_ui5_key":"sapm.Text{\"text\":\"Manage Conditions & Prices\"}"}]}
RESULT: undefined
COMMAND: POST /session/3c9b041fc044676a58cc73ba58d1a297/element - {"using":"xpath","value":"//*[@id=\"__tile53-title\"]"}
RESULT: {"using":"xpath","value":"//*[@id=\"__tile53-title\"]"}
COMMAND: POST /session/3c9b041fc044676a58cc73ba58d1a297/element/f.9E3361242BDECB3802103B61B67CD02C.d.ECE9F5C734B45CDAD83E7989EB606D42.e.10733/click - {}
RESULT: {}
COMMAND: POST /session/3c9b041fc044676a58cc73ba58d1a297/element - {"using":"xpath","value":"//button[@aria-label=\"Create\"]"}
COMMAND: GET /session/3c9b041fc044676a58cc73ba58d1a297/screenshot - {}
RESULT: {"using":"xpath","value":"//button[@aria-label=\"Create\"]"}
COMMAND: POST /session/3c9b041fc044676a58cc73ba58d1a297/elements - {"using":"xpath","value":"//button[@aria-label=\"Create\"]"}
RESULT: {}
RESULT: {"using":"xpath","value":"//button[@aria-label=\"Create\"]"}
COMMAND: POST /session/3c9b041fc044676a58cc73ba58d1a297/elements - {"using":"xpath","value":"//button[@aria-label=\"Create\"]"}
RESULT: {"using":"xpath","value":"//button[@aria-label=\"Create\"]"}
COMMAND: POST /session/3c9b041fc044676a58cc73ba58d1a297/elements - {"using":"xpath","value":"//button[@aria-label=\"Create\"]"}
RESULT: {"using":"xpath","value":"//button[@aria-label=\"Create\"]"}
COMMAND: POST /session/3c9b041fc044676a58cc73ba58d1a297/elements - {"using":"xpath","value":"//button[@aria-label=\"Create\"]"}
RESULT: {"using":"xpath","value":"//button[@aria-label=\"Create\"]"}
COMMAND: POST /session/3c9b041fc044676a58cc73ba58d1a297/elements - {"using":"xpath","value":"//button[@aria-label=\"Create\"]"}
RESULT: {"using":"xpath","value":"//button[@aria-label=\"Create\"]"}
COMMAND: POST /session/3c9b041fc044676a58cc73ba58d1a297/elements - {"using":"xpath","value":"//button[@aria-label=\"Create\"]"}
RESULT: {"using":"xpath","value":"//button[@aria-label=\"Create\"]"}
COMMAND: POST /session/3c9b041fc044676a58cc73ba58d1a297/elements - {"using":"xpath","value":"//button[@aria-label=\"Create\"]"}
RESULT: {"using":"xpath","value":"//button[@aria-label=\"Create\"]"}
COMMAND: POST /session/3c9b041fc044676a58cc73ba58d1a297/elements - {"using":"xpath","value":"//button[@aria-label=\"Create\"]"}
RESULT: {"using":"xpath","value":"//button[@aria-label=\"Create\"]"}
COMMAND: POST /session/3c9b041fc044676a58cc73ba58d1a297/elements - {"using":"xpath","value":"//button[@aria-label=\"Create\"]"}
RESULT: {"using":"xpath","value":"//button[@aria-label=\"Create\"]"}
COMMAND: POST /session/3c9b041fc044676a58cc73ba58d1a297/element - {"using":"xpath","value":"//button[@aria-label=\"Create\"]"}
RESULT: {"using":"xpath","value":"//button[@aria-label=\"Create\"]"}
COMMAND: POST /session/3c9b041fc044676a58cc73ba58d1a297/execute/sync - {"script":"<script> [8489 bytes]","args":[{"element-6066-11e4-a52e-4f735466cecf":"f.9E3361242BDECB3802103B61B67CD02C.d.ECE9F5C734B45CDAD83E7989EB606D42.e.10767","ELEMENT":"f.9E3361242BDECB3802103B61B67CD02C.d.ECE9F5C734B45CDAD83E7989EB606D42.e.10767"}]}
RESULT: {"script":"<script> [8489 bytes]","args":[{"element-6066-11e4-a52e-4f735466cecf":"f.9E3361242BDECB3802103B61B67CD02C.d.ECE9F5C734B45CDAD83E7989EB606D42.e.10767","ELEMENT":"f.9E3361242BDECB3802103B61B67CD02C.d.ECE9F5C734B45CDAD83E7989EB606D42.e.10767"}]}
COMMAND: GET /session/3c9b041fc044676a58cc73ba58d1a297/element/f.9E3361242BDECB3802103B61B67CD02C.d.ECE9F5C734B45CDAD83E7989EB606D42.e.10767/enabled - {}
COMMAND: GET /session/3c9b041fc044676a58cc73ba58d1a297/screenshot - {}
RESULT: {}
COMMAND: POST /session/3c9b041fc044676a58cc73ba58d1a297/execute/sync - {"script":"<script> [8489 bytes]","args":[{"element-6066-11e4-a52e-4f735466cecf":"f.9E3361242BDECB3802103B61B67CD02C.d.ECE9F5C734B45CDAD83E7989EB606D42.e.10767","ELEMENT":"f.9E3361242BDECB3802103B61B67CD02C.d.ECE9F5C734B45CDAD83E7989EB606D42.e.10767"}]}
COMMAND: GET /session/3c9b041fc044676a58cc73ba58d1a297/screenshot - {}
RESULT: {}
RESULT: {"script":"<script> [8489 bytes]","args":[{"element-6066-11e4-a52e-4f735466cecf":"f.9E3361242BDECB3802103B61B67CD02C.d.ECE9F5C734B45CDAD83E7989EB606D42.e.10767","ELEMENT":"f.9E3361242BDECB3802103B61B67CD02C.d.ECE9F5C734B45CDAD83E7989EB606D42.e.10767"}]}
COMMAND: POST /session/3c9b041fc044676a58cc73ba58d1a297/execute/sync - {"script":"<script> [5351 bytes]","args":[{"element-6066-11e4-a52e-4f735466cecf":"f.9E3361242BDECB3802103B61B67CD02C.d.ECE9F5C734B45CDAD83E7989EB606D42.e.10767","ELEMENT":"f.9E3361242BDECB3802103B61B67CD02C.d.ECE9F5C734B45CDAD83E7989EB606D42.e.10767"}]}
COMMAND: GET /session/3c9b041fc044676a58cc73ba58d1a297/screenshot - {}
RESULT: {}
RESULT: {"script":"<script> [5351 bytes]","args":[{"element-6066-11e4-a52e-4f735466cecf":"f.9E3361242BDECB3802103B61B67CD02C.d.ECE9F5C734B45CDAD83E7989EB606D42.e.10767","ELEMENT":"f.9E3361242BDECB3802103B61B67CD02C.d.ECE9F5C734B45CDAD83E7989EB606D42.e.10767"}]}
COMMAND: POST /session/3c9b041fc044676a58cc73ba58d1a297/element/f.9E3361242BDECB3802103B61B67CD02C.d.ECE9F5C734B45CDAD83E7989EB606D42.e.10767/click - {}
COMMAND: GET /session/3c9b041fc044676a58cc73ba58d1a297/screenshot - {}
RESULT: {}
RESULT: {}
COMMAND: GET /session/3c9b041fc044676a58cc73ba58d1a297/screenshot - {}
RESULT: {}
RESULT: {}
COMMAND: POST /session/3c9b041fc044676a58cc73ba58d1a297/actions - {"actions":[{"id":"action51","type":"key","parameters":{},"actions":[{"type":"keyDown","value":"î€‡"},{"type":"pause","duration":10},{"type":"keyUp","value":"î€‡"}]}]}
RESULT: {"actions":[{"id":"action51","type":"key","parameters":{},"actions":[{"type":"keyDown","value":"î€‡"},{"type":"pause","duration":10},{"type":"keyUp","value":"î€‡"}]}]}
COMMAND: GET /session/3c9b041fc044676a58cc73ba58d1a297/screenshot - {}
RESULT: {}
COMMAND: POST /session/3c9b041fc044676a58cc73ba58d1a297/execute/async - {"script":"<script> [1562 bytes]","args":[{"selector":{"id":"application-manageconditionprice-display-component---newCondition--condBillCond-arrow"},"wdio_ui5_key":"applicationmanageconditionprice-display-component---newCondition--condBillCond-arrow"}]}
RESULT: {"script":"<script> [1562 bytes]","args":[{"selector":{"id":"application-manageconditionprice-display-component---newCondition--condBillCond-arrow"},"wdio_ui5_key":"applicationmanageconditionprice-display-component---newCondition--condBillCond-arrow"}]}
RESULT: undefined
COMMAND: POST /session/3c9b041fc044676a58cc73ba58d1a297/element - {"using":"xpath","value":"//*[@id=\"application-manageconditionprice-display-component---newCondition--condBillCond-arrow\"]"}
RESULT: {"using":"xpath","value":"//*[@id=\"application-manageconditionprice-display-component---newCondition--condBillCond-arrow\"]"}
COMMAND: POST /session/3c9b041fc044676a58cc73ba58d1a297/element/f.9E3361242BDECB3802103B61B67CD02C.d.ECE9F5C734B45CDAD83E7989EB606D42.e.10947/click - {}
RESULT: {}
COMMAND: GET /session/3c9b041fc044676a58cc73ba58d1a297/screenshot - {}
RESULT: {}
COMMAND: POST /session/3c9b041fc044676a58cc73ba58d1a297/element - {"using":"xpath","value":"//li[.//span[contains(text(), \"PC06 - Performance Price - fuel\")]]"}
RESULT: {"using":"xpath","value":"//li[.//span[contains(text(), \"PC06 - Performance Price - fuel\")]]"}
COMMAND: POST /session/3c9b041fc044676a58cc73ba58d1a297/element/f.9E3361242BDECB3802103B61B67CD02C.d.ECE9F5C734B45CDAD83E7989EB606D42.e.10950/click - {}
RESULT: {}
COMMAND: GET /session/3c9b041fc044676a58cc73ba58d1a297/screenshot - {}
RESULT: {}
COMMAND: POST /session/3c9b041fc044676a58cc73ba58d1a297/execute/async - {"script":"<script> [1562 bytes]","args":[{"selector":{"id":"application-manageconditionprice-display-component---newCondition--condValidTo","interaction":{"idSuffix":"inner"}},"wdio_ui5_key":"applicationmanageconditionprice-display-component---newCondition--condValidTo"}]}
RESULT: {"script":"<script> [1562 bytes]","args":[{"selector":{"id":"application-manageconditionprice-display-component---newCondition--condValidTo","interaction":{"idSuffix":"inner"}},"wdio_ui5_key":"applicationmanageconditionprice-display-component---newCondition--condValidTo"}]}
RESULT: undefined
COMMAND: POST /session/3c9b041fc044676a58cc73ba58d1a297/execute/async - {"script":"<script> [776 bytes]","args":[{"enterText":"01/13/26","selector":{"id":"application-manageconditionprice-display-component---newCondition--condValidTo","interaction":{"idSuffix":"inner"}},"clearTextFirst":true,"interactionType":"ENTER_TEXT"}]}
RESULT: {"script":"<script> [776 bytes]","args":[{"enterText":"01/13/26","selector":{"id":"application-manageconditionprice-display-component---newCondition--condValidTo","interaction":{"idSuffix":"inner"}},"clearTextFirst":true,"interactionType":"ENTER_TEXT"}]}
COMMAND: POST /session/3c9b041fc044676a58cc73ba58d1a297/element - {"using":"xpath","value":"//input[@id=\"application-manageconditionprice-display-component---newCondition--condRU-inner\"]"}
RESULT: {"using":"xpath","value":"//input[@id=\"application-manageconditionprice-display-component---newCondition--condRU-inner\"]"}
COMMAND: POST /session/3c9b041fc044676a58cc73ba58d1a297/element/f.9E3361242BDECB3802103B61B67CD02C.d.ECE9F5C734B45CDAD83E7989EB606D42.e.10783/clear - {}
RESULT: {}
COMMAND: POST /session/3c9b041fc044676a58cc73ba58d1a297/element/f.9E3361242BDECB3802103B61B67CD02C.d.ECE9F5C734B45CDAD83E7989EB606D42.e.10783/value - {"text":"rJJmLLtcod"}
COMMAND: GET /session/3c9b041fc044676a58cc73ba58d1a297/screenshot - {}
RESULT: {"text":"rJJmLLtcod"}
COMMAND: GET /session/3c9b041fc044676a58cc73ba58d1a297/screenshot - {}
RESULT: {}
RESULT: {}
COMMAND: POST /session/3c9b041fc044676a58cc73ba58d1a297/actions - {"actions":[{"id":"action52","type":"key","parameters":{},"actions":[{"type":"keyDown","value":"î€‡"},{"type":"pause","duration":10},{"type":"keyUp","value":"î€‡"}]}]}
RESULT: {"actions":[{"id":"action52","type":"key","parameters":{},"actions":[{"type":"keyDown","value":"î€‡"},{"type":"pause","duration":10},{"type":"keyUp","value":"î€‡"}]}]}
COMMAND: POST /session/3c9b041fc044676a58cc73ba58d1a297/execute/async - {"script":"<script> [1562 bytes]","args":[{"selector":{"id":"application-manageconditionprice-display-component---newCondition--condBaseQty","interaction":{"idSuffix":"inner"}},"wdio_ui5_key":"applicationmanageconditionprice-display-component---newCondition--condBaseQty"}]}
COMMAND: GET /session/3c9b041fc044676a58cc73ba58d1a297/screenshot - {}
RESULT: {"script":"<script> [1562 bytes]","args":[{"selector":{"id":"application-manageconditionprice-display-component---newCondition--condBaseQty","interaction":{"idSuffix":"inner"}},"wdio_ui5_key":"applicationmanageconditionprice-display-component---newCondition--condBaseQty"}]}
RESULT: undefined
COMMAND: POST /session/3c9b041fc044676a58cc73ba58d1a297/execute/async - {"script":"<script> [776 bytes]","args":[{"enterText":"1","selector":{"id":"application-manageconditionprice-display-component---newCondition--condBaseQty","interaction":{"idSuffix":"inner"}},"clearTextFirst":true,"interactionType":"ENTER_TEXT"}]}
RESULT: {}
RESULT: {"script":"<script> [776 bytes]","args":[{"enterText":"1","selector":{"id":"application-manageconditionprice-display-component---newCondition--condBaseQty","interaction":{"idSuffix":"inner"}},"clearTextFirst":true,"interactionType":"ENTER_TEXT"}]}
COMMAND: POST /session/3c9b041fc044676a58cc73ba58d1a297/execute/async - {"script":"<script> [1562 bytes]","args":[{"selector":{"id":"application-manageconditionprice-display-component---newCondition--condValue","interaction":{"idSuffix":"inner"}},"wdio_ui5_key":"applicationmanageconditionprice-display-component---newCondition--condValue"}]}
RESULT: {"script":"<script> [1562 bytes]","args":[{"selector":{"id":"application-manageconditionprice-display-component---newCondition--condValue","interaction":{"idSuffix":"inner"}},"wdio_ui5_key":"applicationmanageconditionprice-display-component---newCondition--condValue"}]}
RESULT: undefined
COMMAND: POST /session/3c9b041fc044676a58cc73ba58d1a297/execute/async - {"script":"<script> [776 bytes]","args":[{"enterText":"10","selector":{"id":"application-manageconditionprice-display-component---newCondition--condValue","interaction":{"idSuffix":"inner"}},"clearTextFirst":true,"interactionType":"ENTER_TEXT"}]}
RESULT: {"script":"<script> [776 bytes]","args":[{"enterText":"10","selector":{"id":"application-manageconditionprice-display-component---newCondition--condValue","interaction":{"idSuffix":"inner"}},"clearTextFirst":true,"interactionType":"ENTER_TEXT"}]}
COMMAND: POST /session/3c9b041fc044676a58cc73ba58d1a297/execute/async - {"script":"<script> [1562 bytes]","args":[{"selector":{"id":"application-manageconditionprice-display-component---newCondition--condCurr-arrow"},"wdio_ui5_key":"applicationmanageconditionprice-display-component---newCondition--condCurr-arrow"}]}
RESULT: {"script":"<script> [1562 bytes]","args":[{"selector":{"id":"application-manageconditionprice-display-component---newCondition--condCurr-arrow"},"wdio_ui5_key":"applicationmanageconditionprice-display-component---newCondition--condCurr-arrow"}]}
RESULT: undefined
COMMAND: POST /session/3c9b041fc044676a58cc73ba58d1a297/element - {"using":"xpath","value":"//*[@id=\"application-manageconditionprice-display-component---newCondition--condCurr-arrow\"]"}
RESULT: {"using":"xpath","value":"//*[@id=\"application-manageconditionprice-display-component---newCondition--condCurr-arrow\"]"}
COMMAND: POST /session/3c9b041fc044676a58cc73ba58d1a297/element/f.9E3361242BDECB3802103B61B67CD02C.d.ECE9F5C734B45CDAD83E7989EB606D42.e.10927/click - {}
RESULT: {}
COMMAND: POST /session/3c9b041fc044676a58cc73ba58d1a297/element - {"using":"xpath","value":"//span[contains(text(), \"Euro\")]"}
COMMAND: GET /session/3c9b041fc044676a58cc73ba58d1a297/screenshot - {}
RESULT: {"using":"xpath","value":"//span[contains(text(), \"Euro\")]"}
COMMAND: POST /session/3c9b041fc044676a58cc73ba58d1a297/element/f.9E3361242BDECB3802103B61B67CD02C.d.ECE9F5C734B45CDAD83E7989EB606D42.e.10987/click - {}
RESULT: {}
RESULT: {}
COMMAND: POST /session/3c9b041fc044676a58cc73ba58d1a297/element - {"using":"xpath","value":"//button[@data-kt=\"saveButton\"]"}
COMMAND: GET /session/3c9b041fc044676a58cc73ba58d1a297/screenshot - {}
RESULT: {"using":"xpath","value":"//button[@data-kt=\"saveButton\"]"}
COMMAND: POST /session/3c9b041fc044676a58cc73ba58d1a297/element/f.9E3361242BDECB3802103B61B67CD02C.d.ECE9F5C734B45CDAD83E7989EB606D42.e.10928/click - {}
RESULT: {}
RESULT: {}
COMMAND: GET /session/3c9b041fc044676a58cc73ba58d1a297/screenshot - {}
RESULT: {}
COMMAND: POST /session/3c9b041fc044676a58cc73ba58d1a297/execute/async - {"script":"<script> [1562 bytes]","args":[{"selector":{"id":"application-manageconditionprice-display-component---conditions--smartFilterBar-btnBasicSearch","interaction":{"idSuffix":"I"}},"wdio_ui5_key":"applicationmanageconditionprice-display-component---conditions--smartFilterBar-btnBasicSearch"}]}
RESULT: {"script":"<script> [1562 bytes]","args":[{"selector":{"id":"application-manageconditionprice-display-component---conditions--smartFilterBar-btnBasicSearch","interaction":{"idSuffix":"I"}},"wdio_ui5_key":"applicationmanageconditionprice-display-component---conditions--smartFilterBar-btnBasicSearch"}]}
RESULT: undefined
COMMAND: POST /session/3c9b041fc044676a58cc73ba58d1a297/execute/async - {"script":"<script> [776 bytes]","args":[{"enterText":"rJJmLLtcod","selector":{"id":"application-manageconditionprice-display-component---conditions--smartFilterBar-btnBasicSearch","interaction":{"idSuffix":"I"}},"clearTextFirst":true,"interactionType":"ENTER_TEXT"}]}
RESULT: {"script":"<script> [776 bytes]","args":[{"enterText":"rJJmLLtcod","selector":{"id":"application-manageconditionprice-display-component---conditions--smartFilterBar-btnBasicSearch","interaction":{"idSuffix":"I"}},"clearTextFirst":true,"interactionType":"ENTER_TEXT"}]}
COMMAND: POST /session/3c9b041fc044676a58cc73ba58d1a297/actions - {"actions":[{"id":"action53","type":"key","parameters":{},"actions":[{"type":"keyDown","value":"î€‡"},{"type":"pause","duration":10},{"type":"keyUp","value":"î€‡"}]}]}
RESULT: {"actions":[{"id":"action53","type":"key","parameters":{},"actions":[{"type":"keyDown","value":"î€‡"},{"type":"pause","duration":10},{"type":"keyUp","value":"î€‡"}]}]}
COMMAND: GET /session/3c9b041fc044676a58cc73ba58d1a297/screenshot - {}
RESULT: {}
COMMAND: POST /session/3c9b041fc044676a58cc73ba58d1a297/execute/async - {"script":"<script> [1562 bytes]","args":[{"selector":{"id":"application-manageconditionprice-display-component---conditions--smartFilterBar-filterItemControl_BASIC-BILL_TYPES-vhi"},"wdio_ui5_key":"applicationmanageconditionprice-display-component---conditions--smartFilterBar-filterItemControl_BASIC-BILL_TYPES-vhi"}]}
RESULT: {"script":"<script> [1562 bytes]","args":[{"selector":{"id":"application-manageconditionprice-display-component---conditions--smartFilterBar-filterItemControl_BASIC-BILL_TYPES-vhi"},"wdio_ui5_key":"applicationmanageconditionprice-display-component---conditions--smartFilterBar-filterItemControl_BASIC-BILL_TYPES-vhi"}]}
RESULT: undefined
COMMAND: POST /session/3c9b041fc044676a58cc73ba58d1a297/element - {"using":"xpath","value":"//*[@id=\"application-manageconditionprice-display-component---conditions--smartFilterBar-filterItemControl_BASIC-BILL_TYPES-vhi\"]"}
RESULT: {"using":"xpath","value":"//*[@id=\"application-manageconditionprice-display-component---conditions--smartFilterBar-filterItemControl_BASIC-BILL_TYPES-vhi\"]"}
COMMAND: POST /session/3c9b041fc044676a58cc73ba58d1a297/element/f.9E3361242BDECB3802103B61B67CD02C.d.ECE9F5C734B45CDAD83E7989EB606D42.e.11083/click - {}
RESULT: {}
COMMAND: POST /session/3c9b041fc044676a58cc73ba58d1a297/execute/async - {"script":"<script> [1562 bytes]","args":[{"selector":{"id":"application-manageconditionprice-display-component---conditions--smartFilterBar-filterItemControl_BASIC-BILL_TYPES-valueHelpDialog-smartFilterBar-btnBasicSearch","searchOpenDialogs":true,"interaction":{"idSuffix":"I"}},"wdio_ui5_key":"applicationmanageconditionprice-display-component---conditions--smartFilterBar-filterItemControl_BASIC-BILL_TYPES-valueHelpDialog-smartFilterBar-btnBasicSearch"}]}
COMMAND: GET /session/3c9b041fc044676a58cc73ba58d1a297/screenshot - {}
RESULT: {"script":"<script> [1562 bytes]","args":[{"selector":{"id":"application-manageconditionprice-display-component---conditions--smartFilterBar-filterItemControl_BASIC-BILL_TYPES-valueHelpDialog-smartFilterBar-btnBasicSearch","searchOpenDialogs":true,"interaction":{"idSuffix":"I"}},"wdio_ui5_key":"applicationmanageconditionprice-display-component---conditions--smartFilterBar-filterItemControl_BASIC-BILL_TYPES-valueHelpDialog-smartFilterBar-btnBasicSearch"}]}
RESULT: undefined
COMMAND: POST /session/3c9b041fc044676a58cc73ba58d1a297/execute/async - {"script":"<script> [776 bytes]","args":[{"enterText":"PB","selector":{"id":"application-manageconditionprice-display-component---conditions--smartFilterBar-filterItemControl_BASIC-BILL_TYPES-valueHelpDialog-smartFilterBar-btnBasicSearch","searchOpenDialogs":true,"interaction":{"idSuffix":"I"}},"clearTextFirst":true,"interactionType":"ENTER_TEXT"}]}
RESULT: {}
RESULT: {"script":"<script> [776 bytes]","args":[{"enterText":"PB","selector":{"id":"application-manageconditionprice-display-component---conditions--smartFilterBar-filterItemControl_BASIC-BILL_TYPES-valueHelpDialog-smartFilterBar-btnBasicSearch","searchOpenDialogs":true,"interaction":{"idSuffix":"I"}},"clearTextFirst":true,"interactionType":"ENTER_TEXT"}]}
COMMAND: POST /session/3c9b041fc044676a58cc73ba58d1a297/actions - {"actions":[{"id":"action54","type":"key","parameters":{},"actions":[{"type":"keyDown","value":"î€‡"},{"type":"pause","duration":10},{"type":"keyUp","value":"î€‡"}]}]}
RESULT: {"actions":[{"id":"action54","type":"key","parameters":{},"actions":[{"type":"keyDown","value":"î€‡"},{"type":"pause","duration":10},{"type":"keyUp","value":"î€‡"}]}]}
COMMAND: GET /session/3c9b041fc044676a58cc73ba58d1a297/screenshot - {}
RESULT: {}
COMMAND: POST /session/3c9b041fc044676a58cc73ba58d1a297/element - {"using":"xpath","value":"//div[contains(@id, 'application-manageconditionprice-display-component---conditions--smartFilterBar-filterItemControl_BASIC-BILL_TYPES-valueHelpDialog-table-rowsel0')]"}
RESULT: {"using":"xpath","value":"//div[contains(@id, 'application-manageconditionprice-display-component---conditions--smartFilterBar-filterItemControl_BASIC-BILL_TYPES-valueHelpDialog-table-rowsel0')]"}
COMMAND: POST /session/3c9b041fc044676a58cc73ba58d1a297/element/f.9E3361242BDECB3802103B61B67CD02C.d.ECE9F5C734B45CDAD83E7989EB606D42.e.11093/click - {}
RESULT: {}
COMMAND: GET /session/3c9b041fc044676a58cc73ba58d1a297/screenshot - {}
RESULT: {}
COMMAND: POST /session/3c9b041fc044676a58cc73ba58d1a297/element - {"using":"xpath","value":"//bdi[contains(text(), \"OK\")]"}
RESULT: {"using":"xpath","value":"//bdi[contains(text(), \"OK\")]"}
COMMAND: POST /session/3c9b041fc044676a58cc73ba58d1a297/element/f.9E3361242BDECB3802103B61B67CD02C.d.ECE9F5C734B45CDAD83E7989EB606D42.e.11095/click - {}
RESULT: {}
COMMAND: GET /session/3c9b041fc044676a58cc73ba58d1a297/screenshot - {}
RESULT: {}
COMMAND: POST /session/3c9b041fc044676a58cc73ba58d1a297/element - {"using":"xpath","value":"//span[@id=\"application-manageconditionprice-display-component---conditions--smartTable-header-inner\"]"}
RESULT: {"using":"xpath","value":"//span[@id=\"application-manageconditionprice-display-component---conditions--smartTable-header-inner\"]"}
COMMAND: POST /session/3c9b041fc044676a58cc73ba58d1a297/elements - {"using":"xpath","value":"//span[@id=\"application-manageconditionprice-display-component---conditions--smartTable-header-inner\"]"}
RESULT: {"using":"xpath","value":"//span[@id=\"application-manageconditionprice-display-component---conditions--smartTable-header-inner\"]"}
COMMAND: POST /session/3c9b041fc044676a58cc73ba58d1a297/execute/sync - {"script":"<script> [56 bytes]","args":[{"element-6066-11e4-a52e-4f735466cecf":"f.9E3361242BDECB3802103B61B67CD02C.d.ECE9F5C734B45CDAD83E7989EB606D42.e.11098","ELEMENT":"f.9E3361242BDECB3802103B61B67CD02C.d.ECE9F5C734B45CDAD83E7989EB606D42.e.11098"}]}
RESULT: {"script":"<script> [56 bytes]","args":[{"element-6066-11e4-a52e-4f735466cecf":"f.9E3361242BDECB3802103B61B67CD02C.d.ECE9F5C734B45CDAD83E7989EB606D42.e.11098","ELEMENT":"f.9E3361242BDECB3802103B61B67CD02C.d.ECE9F5C734B45CDAD83E7989EB606D42.e.11098"}]}
COMMAND: POST /session/3c9b041fc044676a58cc73ba58d1a297/element - {"using":"css selector","value":"#shell-header-logo"}
COMMAND: GET /session/3c9b041fc044676a58cc73ba58d1a297/screenshot - {}
RESULT: {"using":"css selector","value":"#shell-header-logo"}
COMMAND: POST /session/3c9b041fc044676a58cc73ba58d1a297/element/f.9E3361242BDECB3802103B61B67CD02C.d.ECE9F5C734B45CDAD83E7989EB606D42.e.10735/click - {}
RESULT: {}
RESULT: {}
COMMAND: GET /session/3c9b041fc044676a58cc73ba58d1a297/screenshot - {}
RESULT: {}
]]></system-out>
    </testcase>
    <testcase classname="chrome.136_0_7103_49.windows.Performance_based_billing_(work_days)_US139742" name="Should add a counter to the equipment" time="50.964">
      <system-out><![CDATA[
RESULT: undefined
COMMAND: POST /session/3c9b041fc044676a58cc73ba58d1a297/element - {"using":"xpath","value":"//*[@id=\"__tile39\"]"}
RESULT: {"using":"xpath","value":"//*[@id=\"__tile39\"]"}
COMMAND: POST /session/3c9b041fc044676a58cc73ba58d1a297/element/f.9E3361242BDECB3802103B61B67CD02C.d.ECE9F5C734B45CDAD83E7989EB606D42.e.9777/click - {}
RESULT: {}
COMMAND: POST /session/3c9b041fc044676a58cc73ba58d1a297/execute/async - {"script":"<script> [1562 bytes]","args":[{"selector":{"id":"application-manageresources-display-component---masterRU--smartFilterBar-btnBasicSearch","interaction":{"idSuffix":"I"}},"wdio_ui5_key":"applicationmanageresources-display-component---masterRU--smartFilterBar-btnBasicSearch"}]}
COMMAND: GET /session/3c9b041fc044676a58cc73ba58d1a297/screenshot - {}
RESULT: {"script":"<script> [1562 bytes]","args":[{"selector":{"id":"application-manageresources-display-component---masterRU--smartFilterBar-btnBasicSearch","interaction":{"idSuffix":"I"}},"wdio_ui5_key":"applicationmanageresources-display-component---masterRU--smartFilterBar-btnBasicSearch"}]}
RESULT: undefined
COMMAND: POST /session/3c9b041fc044676a58cc73ba58d1a297/execute/async - {"script":"<script> [776 bytes]","args":[{"enterText":"rJJmLLtcod","selector":{"id":"application-manageresources-display-component---masterRU--smartFilterBar-btnBasicSearch","interaction":{"idSuffix":"I"}},"clearTextFirst":true,"interactionType":"ENTER_TEXT"}]}
RESULT: {}
RESULT: {"script":"<script> [776 bytes]","args":[{"enterText":"rJJmLLtcod","selector":{"id":"application-manageresources-display-component---masterRU--smartFilterBar-btnBasicSearch","interaction":{"idSuffix":"I"}},"clearTextFirst":true,"interactionType":"ENTER_TEXT"}]}
COMMAND: POST /session/3c9b041fc044676a58cc73ba58d1a297/actions - {"actions":[{"id":"action55","type":"key","parameters":{},"actions":[{"type":"keyDown","value":"î€‡"},{"type":"pause","duration":10},{"type":"keyUp","value":"î€‡"}]}]}
RESULT: {"actions":[{"id":"action55","type":"key","parameters":{},"actions":[{"type":"keyDown","value":"î€‡"},{"type":"pause","duration":10},{"type":"keyUp","value":"î€‡"}]}]}
COMMAND: GET /session/3c9b041fc044676a58cc73ba58d1a297/screenshot - {}
RESULT: {}
COMMAND: POST /session/3c9b041fc044676a58cc73ba58d1a297/execute/async - {"script":"<script> [1562 bytes]","args":[{"selector":{"id":"application-manageresources-display-component---masterRU--smartTable-header"},"wdio_ui5_key":"applicationmanageresources-display-component---masterRU--smartTable-header"}]}
RESULT: {"script":"<script> [1562 bytes]","args":[{"selector":{"id":"application-manageresources-display-component---masterRU--smartTable-header"},"wdio_ui5_key":"applicationmanageresources-display-component---masterRU--smartTable-header"}]}
RESULT: undefined
COMMAND: POST /session/3c9b041fc044676a58cc73ba58d1a297/execute/async - {"script":"<script> [6424 bytes]","args":[{"element-6066-11e4-a52e-4f735466cecf":"f.9E3361242BDECB3802103B61B67CD02C.d.ECE9F5C734B45CDAD83E7989EB606D42.e.11287"},"getText",[]]}
RESULT: {"script":"<script> [6424 bytes]","args":[{"element-6066-11e4-a52e-4f735466cecf":"f.9E3361242BDECB3802103B61B67CD02C.d.ECE9F5C734B45CDAD83E7989EB606D42.e.11287"},"getText",[]]}
COMMAND: POST /session/3c9b041fc044676a58cc73ba58d1a297/execute/async - {"script":"<script> [1562 bytes]","args":[{"selector":{"controlType":"sap.ui.core.Icon","viewName":"etm.portal.ui.manageresources.view.Master","viewId":"application-manageresources-display-component---masterRU","properties":{"src":{"regex":{"source":"slim\\-arrow\\-right"}}}},"wdio_ui5_key":"etmportal.ui.manageresources.view.Mastersap.ui.core.Icon{\"src\":{\"regex\":{\"source\":\"slim\\\\-arrow\\\\-right\"}}}"}]}
RESULT: {"script":"<script> [1562 bytes]","args":[{"selector":{"controlType":"sap.ui.core.Icon","viewName":"etm.portal.ui.manageresources.view.Master","viewId":"application-manageresources-display-component---masterRU","properties":{"src":{"regex":{"source":"slim\\-arrow\\-right"}}}},"wdio_ui5_key":"etmportal.ui.manageresources.view.Mastersap.ui.core.Icon{\"src\":{\"regex\":{\"source\":\"slim\\\\-arrow\\\\-right\"}}}"}]}
RESULT: undefined
COMMAND: POST /session/3c9b041fc044676a58cc73ba58d1a297/element - {"using":"xpath","value":"//*[@id=\"__item784-__clone1689-imgNav\"]"}
RESULT: {"using":"xpath","value":"//*[@id=\"__item784-__clone1689-imgNav\"]"}
COMMAND: POST /session/3c9b041fc044676a58cc73ba58d1a297/element/f.9E3361242BDECB3802103B61B67CD02C.d.ECE9F5C734B45CDAD83E7989EB606D42.e.11285/click - {}
RESULT: {}
COMMAND: GET /session/3c9b041fc044676a58cc73ba58d1a297/screenshot - {}
COMMAND: POST /session/3c9b041fc044676a58cc73ba58d1a297/element - {"using":"xpath","value":"//bdi[contains(text(), \"Edit\")]"}
RESULT: {}
RESULT: {"using":"xpath","value":"//bdi[contains(text(), \"Edit\")]"}
COMMAND: POST /session/3c9b041fc044676a58cc73ba58d1a297/execute/sync - {"script":"<script> [8489 bytes]","args":[{"element-6066-11e4-a52e-4f735466cecf":"f.9E3361242BDECB3802103B61B67CD02C.d.ECE9F5C734B45CDAD83E7989EB606D42.e.11391","ELEMENT":"f.9E3361242BDECB3802103B61B67CD02C.d.ECE9F5C734B45CDAD83E7989EB606D42.e.11391"}]}
RESULT: {"script":"<script> [8489 bytes]","args":[{"element-6066-11e4-a52e-4f735466cecf":"f.9E3361242BDECB3802103B61B67CD02C.d.ECE9F5C734B45CDAD83E7989EB606D42.e.11391","ELEMENT":"f.9E3361242BDECB3802103B61B67CD02C.d.ECE9F5C734B45CDAD83E7989EB606D42.e.11391"}]}
COMMAND: POST /session/3c9b041fc044676a58cc73ba58d1a297/element/f.9E3361242BDECB3802103B61B67CD02C.d.ECE9F5C734B45CDAD83E7989EB606D42.e.11391/click - {}
COMMAND: GET /session/3c9b041fc044676a58cc73ba58d1a297/screenshot - {}
RESULT: {}
COMMAND: GET /session/3c9b041fc044676a58cc73ba58d1a297/screenshot - {}
RESULT: {}
RESULT: {}
COMMAND: POST /session/3c9b041fc044676a58cc73ba58d1a297/execute/async - {"script":"<script> [1562 bytes]","args":[{"selector":{"id":"application-manageresources-display-component---editResource--editRruPage-anchBar-application-manageresources-display-component---editResource--counters-anchor","interaction":{"idSuffix":"BDI-content"}},"wdio_ui5_key":"applicationmanageresources-display-component---editResource--editRruPage-anchBar-application-manageresources-display-component---editResource--counters-anchor"}]}
RESULT: {"script":"<script> [1562 bytes]","args":[{"selector":{"id":"application-manageresources-display-component---editResource--editRruPage-anchBar-application-manageresources-display-component---editResource--counters-anchor","interaction":{"idSuffix":"BDI-content"}},"wdio_ui5_key":"applicationmanageresources-display-component---editResource--editRruPage-anchBar-application-manageresources-display-component---editResource--counters-anchor"}]}
RESULT: undefined
COMMAND: POST /session/3c9b041fc044676a58cc73ba58d1a297/element - {"using":"xpath","value":"//*[@id=\"application-manageresources-display-component---editResource--editRruPage-anchBar-application-manageresources-display-component---editResource--counters-anchor\"]"}
RESULT: {"using":"xpath","value":"//*[@id=\"application-manageresources-display-component---editResource--editRruPage-anchBar-application-manageresources-display-component---editResource--counters-anchor\"]"}
COMMAND: POST /session/3c9b041fc044676a58cc73ba58d1a297/element/f.9E3361242BDECB3802103B61B67CD02C.d.ECE9F5C734B45CDAD83E7989EB606D42.e.11553/click - {}
RESULT: {}
COMMAND: GET /session/3c9b041fc044676a58cc73ba58d1a297/screenshot - {}
RESULT: {}
COMMAND: POST /session/3c9b041fc044676a58cc73ba58d1a297/execute/async - {"script":"<script> [1562 bytes]","args":[{"selector":{"id":"application-manageresources-display-component---editResource--btnAddCounter-img"},"wdio_ui5_key":"applicationmanageresources-display-component---editResource--btnAddCounter-img"}]}
RESULT: {"script":"<script> [1562 bytes]","args":[{"selector":{"id":"application-manageresources-display-component---editResource--btnAddCounter-img"},"wdio_ui5_key":"applicationmanageresources-display-component---editResource--btnAddCounter-img"}]}
RESULT: undefined
COMMAND: POST /session/3c9b041fc044676a58cc73ba58d1a297/element - {"using":"xpath","value":"//*[@id=\"application-manageresources-display-component---editResource--btnAddCounter-img\"]"}
RESULT: {"using":"xpath","value":"//*[@id=\"application-manageresources-display-component---editResource--btnAddCounter-img\"]"}
COMMAND: POST /session/3c9b041fc044676a58cc73ba58d1a297/element/f.9E3361242BDECB3802103B61B67CD02C.d.ECE9F5C734B45CDAD83E7989EB606D42.e.11560/click - {}
RESULT: {}
COMMAND: POST /session/3c9b041fc044676a58cc73ba58d1a297/execute/async - {"script":"<script> [1562 bytes]","args":[{"selector":{"id":"application-manageresources-display-component---editResource--COUNTER_ID-application-manageresources-display-component---editResource--RUCounters-0-arrow"},"wdio_ui5_key":"applicationmanageresources-display-component---editResource--COUNTER_ID-application-manageresources-display-component---editResource--RUCounters-0-arrow"}]}
COMMAND: GET /session/3c9b041fc044676a58cc73ba58d1a297/screenshot - {}
RESULT: {"script":"<script> [1562 bytes]","args":[{"selector":{"id":"application-manageresources-display-component---editResource--COUNTER_ID-application-manageresources-display-component---editResource--RUCounters-0-arrow"},"wdio_ui5_key":"applicationmanageresources-display-component---editResource--COUNTER_ID-application-manageresources-display-component---editResource--RUCounters-0-arrow"}]}
RESULT: undefined
COMMAND: POST /session/3c9b041fc044676a58cc73ba58d1a297/element - {"using":"xpath","value":"//*[@id=\"application-manageresources-display-component---editResource--COUNTER_ID-application-manageresources-display-component---editResource--RUCounters-0-arrow\"]"}
RESULT: {}
RESULT: {"using":"xpath","value":"//*[@id=\"application-manageresources-display-component---editResource--COUNTER_ID-application-manageresources-display-component---editResource--RUCounters-0-arrow\"]"}
COMMAND: POST /session/3c9b041fc044676a58cc73ba58d1a297/element/f.9E3361242BDECB3802103B61B67CD02C.d.ECE9F5C734B45CDAD83E7989EB606D42.e.11573/click - {}
RESULT: {}
COMMAND: POST /session/3c9b041fc044676a58cc73ba58d1a297/execute/async - {"script":"<script> [1562 bytes]","args":[{"selector":{"controlType":"sap.m.StandardListItem","viewName":"etm.portal.ui.manageresources.view.EditResource","viewId":"application-manageresources-display-component---editResource","properties":{"title":"fuel"},"searchOpenDialogs":true,"interaction":{"idSuffix":"content"}},"wdio_ui5_key":"etmportal.ui.manageresources.view.EditResourcesap.m.StandardListItem{\"title\":\"fuel\"}"}]}
COMMAND: GET /session/3c9b041fc044676a58cc73ba58d1a297/screenshot - {}
RESULT: {"script":"<script> [1562 bytes]","args":[{"selector":{"controlType":"sap.m.StandardListItem","viewName":"etm.portal.ui.manageresources.view.EditResource","viewId":"application-manageresources-display-component---editResource","properties":{"title":"fuel"},"searchOpenDialogs":true,"interaction":{"idSuffix":"content"}},"wdio_ui5_key":"etmportal.ui.manageresources.view.EditResourcesap.m.StandardListItem{\"title\":\"fuel\"}"}]}
RESULT: undefined
COMMAND: POST /session/3c9b041fc044676a58cc73ba58d1a297/element - {"using":"xpath","value":"//*[@id=\"__item1064\"]"}
RESULT: {}
RESULT: {"using":"xpath","value":"//*[@id=\"__item1064\"]"}
COMMAND: POST /session/3c9b041fc044676a58cc73ba58d1a297/element/f.9E3361242BDECB3802103B61B67CD02C.d.ECE9F5C734B45CDAD83E7989EB606D42.e.11575/click - {}
RESULT: {}
COMMAND: POST /session/3c9b041fc044676a58cc73ba58d1a297/execute/async - {"script":"<script> [1562 bytes]","args":[{"selector":{"controlType":"sap.m.Button","viewName":"etm.portal.ui.manageresources.view.EditResource","viewId":"application-manageresources-display-component---editResource","i18NText":{"propertyName":"text","key":"save"},"interaction":{"idSuffix":"BDI-content"}},"wdio_ui5_key":"etmportal.ui.manageresources.view.EditResourcesap.m.Button{\"propertyName\":\"text\",\"key\":\"save\"}"}]}
COMMAND: GET /session/3c9b041fc044676a58cc73ba58d1a297/screenshot - {}
RESULT: {"script":"<script> [1562 bytes]","args":[{"selector":{"controlType":"sap.m.Button","viewName":"etm.portal.ui.manageresources.view.EditResource","viewId":"application-manageresources-display-component---editResource","i18NText":{"propertyName":"text","key":"save"},"interaction":{"idSuffix":"BDI-content"}},"wdio_ui5_key":"etmportal.ui.manageresources.view.EditResourcesap.m.Button{\"propertyName\":\"text\",\"key\":\"save\"}"}]}
RESULT: undefined
COMMAND: POST /session/3c9b041fc044676a58cc73ba58d1a297/element - {"using":"xpath","value":"//*[@id=\"__button177\"]"}
RESULT: {}
RESULT: {"using":"xpath","value":"//*[@id=\"__button177\"]"}
COMMAND: POST /session/3c9b041fc044676a58cc73ba58d1a297/element/f.9E3361242BDECB3802103B61B67CD02C.d.ECE9F5C734B45CDAD83E7989EB606D42.e.11577/click - {}
RESULT: {}
COMMAND: GET /session/3c9b041fc044676a58cc73ba58d1a297/screenshot - {}
RESULT: {}
COMMAND: POST /session/3c9b041fc044676a58cc73ba58d1a297/element - {"using":"css selector","value":"#shell-header-logo"}
RESULT: {"using":"css selector","value":"#shell-header-logo"}
COMMAND: POST /session/3c9b041fc044676a58cc73ba58d1a297/element/f.9E3361242BDECB3802103B61B67CD02C.d.ECE9F5C734B45CDAD83E7989EB606D42.e.11103/click - {}
RESULT: {}
COMMAND: GET /session/3c9b041fc044676a58cc73ba58d1a297/screenshot - {}
RESULT: {}
]]></system-out>
    </testcase>
  </testsuite>
  <testsuite timestamp="2025-05-13T07:44:35" time="1086.518" tests="20" failures="14" errors="14" skipped="0">
    <properties>
      <property name="specId" value="0" />
      <property name="suiteName" value="Billing Calculation - Time based (considering transport times) US139738" />
      <property name="capabilities" value="chrome.136_0_7103_49.windows" />
      <property name="file" value="file:///D:/a/1/s/test/specs/BTS/billing-calculation-transp-times.spec.js" />
    </properties>
    <testcase classname="chrome.136_0_7103_49.windows.Billing_Calculation_-_Time_based_(considering_transport_times)_US139738" name="Should create a new yard" time="0.039">
      <system-out><![CDATA[
COMMAND: POST /session/3c9b041fc044676a58cc73ba58d1a297/window/fullscreen - {}
RESULT: {}
]]></system-out>
    </testcase>
    <testcase classname="chrome.136_0_7103_49.windows.Billing_Calculation_-_Time_based_(considering_transport_times)_US139738" name="Should create a new partner" time="0.004" />
    <testcase classname="chrome.136_0_7103_49.windows.Billing_Calculation_-_Time_based_(considering_transport_times)_US139738" name="Should create a new site" time="0.003" />
    <testcase classname="chrome.136_0_7103_49.windows.Billing_Calculation_-_Time_based_(considering_transport_times)_US139738" name="Should create the equipment" time="121.295">
      <system-out><![CDATA[
COMMAND: POST /session/3c9b041fc044676a58cc73ba58d1a297/execute/async - {"script":"<script> [1562 bytes]","args":[{"selector":{"controlType":"sap.m.GenericTile","properties":{"header":"Manage Resources"}},"wdio_ui5_key":"sapm.GenericTile{\"header\":\"Manage Resources\"}"}]}
RESULT: {"script":"<script> [1562 bytes]","args":[{"selector":{"controlType":"sap.m.GenericTile","properties":{"header":"Manage Resources"}},"wdio_ui5_key":"sapm.GenericTile{\"header\":\"Manage Resources\"}"}]}
RESULT: undefined
COMMAND: POST /session/3c9b041fc044676a58cc73ba58d1a297/element - {"using":"xpath","value":"//*[@id=\"__tile39\"]"}
RESULT: {"using":"xpath","value":"//*[@id=\"__tile39\"]"}
COMMAND: POST /session/3c9b041fc044676a58cc73ba58d1a297/element/f.9E3361242BDECB3802103B61B67CD02C.d.337907D03B0BE71D55C00205F9F50EA1.e.12333/click - {}
RESULT: {}
COMMAND: POST /session/3c9b041fc044676a58cc73ba58d1a297/element - {"using":"xpath","value":"//button[@data-kt=\"addNewRUOverflowToolbarButton\"]"}
COMMAND: GET /session/3c9b041fc044676a58cc73ba58d1a297/screenshot - {}
RESULT: {"using":"xpath","value":"//button[@data-kt=\"addNewRUOverflowToolbarButton\"]"}
COMMAND: POST /session/3c9b041fc044676a58cc73ba58d1a297/elements - {"using":"xpath","value":"//button[@data-kt=\"addNewRUOverflowToolbarButton\"]"}
RESULT: {}
RESULT: {"using":"xpath","value":"//button[@data-kt=\"addNewRUOverflowToolbarButton\"]"}
COMMAND: POST /session/3c9b041fc044676a58cc73ba58d1a297/elements - {"using":"xpath","value":"//button[@data-kt=\"addNewRUOverflowToolbarButton\"]"}
RESULT: {"using":"xpath","value":"//button[@data-kt=\"addNewRUOverflowToolbarButton\"]"}
COMMAND: POST /session/3c9b041fc044676a58cc73ba58d1a297/elements - {"using":"xpath","value":"//button[@data-kt=\"addNewRUOverflowToolbarButton\"]"}
RESULT: {"using":"xpath","value":"//button[@data-kt=\"addNewRUOverflowToolbarButton\"]"}
COMMAND: POST /session/3c9b041fc044676a58cc73ba58d1a297/elements - {"using":"xpath","value":"//button[@data-kt=\"addNewRUOverflowToolbarButton\"]"}
RESULT: {"using":"xpath","value":"//button[@data-kt=\"addNewRUOverflowToolbarButton\"]"}
COMMAND: POST /session/3c9b041fc044676a58cc73ba58d1a297/elements - {"using":"xpath","value":"//button[@data-kt=\"addNewRUOverflowToolbarButton\"]"}
RESULT: {"using":"xpath","value":"//button[@data-kt=\"addNewRUOverflowToolbarButton\"]"}
COMMAND: POST /session/3c9b041fc044676a58cc73ba58d1a297/elements - {"using":"xpath","value":"//button[@data-kt=\"addNewRUOverflowToolbarButton\"]"}
RESULT: {"using":"xpath","value":"//button[@data-kt=\"addNewRUOverflowToolbarButton\"]"}
COMMAND: POST /session/3c9b041fc044676a58cc73ba58d1a297/elements - {"using":"xpath","value":"//button[@data-kt=\"addNewRUOverflowToolbarButton\"]"}
RESULT: {"using":"xpath","value":"//button[@data-kt=\"addNewRUOverflowToolbarButton\"]"}
COMMAND: POST /session/3c9b041fc044676a58cc73ba58d1a297/elements - {"using":"xpath","value":"//button[@data-kt=\"addNewRUOverflowToolbarButton\"]"}
RESULT: {"using":"xpath","value":"//button[@data-kt=\"addNewRUOverflowToolbarButton\"]"}
COMMAND: POST /session/3c9b041fc044676a58cc73ba58d1a297/elements - {"using":"xpath","value":"//button[@data-kt=\"addNewRUOverflowToolbarButton\"]"}
RESULT: {"using":"xpath","value":"//button[@data-kt=\"addNewRUOverflowToolbarButton\"]"}
COMMAND: POST /session/3c9b041fc044676a58cc73ba58d1a297/elements - {"using":"xpath","value":"//button[@data-kt=\"addNewRUOverflowToolbarButton\"]"}
RESULT: {"using":"xpath","value":"//button[@data-kt=\"addNewRUOverflowToolbarButton\"]"}
COMMAND: POST /session/3c9b041fc044676a58cc73ba58d1a297/elements - {"using":"xpath","value":"//button[@data-kt=\"addNewRUOverflowToolbarButton\"]"}
RESULT: {"using":"xpath","value":"//button[@data-kt=\"addNewRUOverflowToolbarButton\"]"}
COMMAND: POST /session/3c9b041fc044676a58cc73ba58d1a297/elements - {"using":"xpath","value":"//button[@data-kt=\"addNewRUOverflowToolbarButton\"]"}
RESULT: {"using":"xpath","value":"//button[@data-kt=\"addNewRUOverflowToolbarButton\"]"}
COMMAND: POST /session/3c9b041fc044676a58cc73ba58d1a297/elements - {"using":"xpath","value":"//button[@data-kt=\"addNewRUOverflowToolbarButton\"]"}
RESULT: {"using":"xpath","value":"//button[@data-kt=\"addNewRUOverflowToolbarButton\"]"}
COMMAND: POST /session/3c9b041fc044676a58cc73ba58d1a297/elements - {"using":"xpath","value":"//button[@data-kt=\"addNewRUOverflowToolbarButton\"]"}
RESULT: {"using":"xpath","value":"//button[@data-kt=\"addNewRUOverflowToolbarButton\"]"}
COMMAND: POST /session/3c9b041fc044676a58cc73ba58d1a297/elements - {"using":"xpath","value":"//button[@data-kt=\"addNewRUOverflowToolbarButton\"]"}
RESULT: {"using":"xpath","value":"//button[@data-kt=\"addNewRUOverflowToolbarButton\"]"}
COMMAND: POST /session/3c9b041fc044676a58cc73ba58d1a297/elements - {"using":"xpath","value":"//button[@data-kt=\"addNewRUOverflowToolbarButton\"]"}
RESULT: {"using":"xpath","value":"//button[@data-kt=\"addNewRUOverflowToolbarButton\"]"}
COMMAND: POST /session/3c9b041fc044676a58cc73ba58d1a297/elements - {"using":"xpath","value":"//button[@data-kt=\"addNewRUOverflowToolbarButton\"]"}
RESULT: {"using":"xpath","value":"//button[@data-kt=\"addNewRUOverflowToolbarButton\"]"}
COMMAND: POST /session/3c9b041fc044676a58cc73ba58d1a297/elements - {"using":"xpath","value":"//button[@data-kt=\"addNewRUOverflowToolbarButton\"]"}
RESULT: {"using":"xpath","value":"//button[@data-kt=\"addNewRUOverflowToolbarButton\"]"}
COMMAND: POST /session/3c9b041fc044676a58cc73ba58d1a297/elements - {"using":"xpath","value":"//button[@data-kt=\"addNewRUOverflowToolbarButton\"]"}
RESULT: {"using":"xpath","value":"//button[@data-kt=\"addNewRUOverflowToolbarButton\"]"}
COMMAND: POST /session/3c9b041fc044676a58cc73ba58d1a297/elements - {"using":"xpath","value":"//button[@data-kt=\"addNewRUOverflowToolbarButton\"]"}
RESULT: {"using":"xpath","value":"//button[@data-kt=\"addNewRUOverflowToolbarButton\"]"}
COMMAND: POST /session/3c9b041fc044676a58cc73ba58d1a297/elements - {"using":"xpath","value":"//button[@data-kt=\"addNewRUOverflowToolbarButton\"]"}
RESULT: {"using":"xpath","value":"//button[@data-kt=\"addNewRUOverflowToolbarButton\"]"}
COMMAND: POST /session/3c9b041fc044676a58cc73ba58d1a297/elements - {"using":"xpath","value":"//button[@data-kt=\"addNewRUOverflowToolbarButton\"]"}
RESULT: {"using":"xpath","value":"//button[@data-kt=\"addNewRUOverflowToolbarButton\"]"}
COMMAND: POST /session/3c9b041fc044676a58cc73ba58d1a297/elements - {"using":"xpath","value":"//button[@data-kt=\"addNewRUOverflowToolbarButton\"]"}
RESULT: {"using":"xpath","value":"//button[@data-kt=\"addNewRUOverflowToolbarButton\"]"}
COMMAND: POST /session/3c9b041fc044676a58cc73ba58d1a297/elements - {"using":"xpath","value":"//button[@data-kt=\"addNewRUOverflowToolbarButton\"]"}
RESULT: {"using":"xpath","value":"//button[@data-kt=\"addNewRUOverflowToolbarButton\"]"}
COMMAND: POST /session/3c9b041fc044676a58cc73ba58d1a297/elements - {"using":"xpath","value":"//button[@data-kt=\"addNewRUOverflowToolbarButton\"]"}
RESULT: {"using":"xpath","value":"//button[@data-kt=\"addNewRUOverflowToolbarButton\"]"}
COMMAND: POST /session/3c9b041fc044676a58cc73ba58d1a297/elements - {"using":"xpath","value":"//button[@data-kt=\"addNewRUOverflowToolbarButton\"]"}
RESULT: {"using":"xpath","value":"//button[@data-kt=\"addNewRUOverflowToolbarButton\"]"}
COMMAND: POST /session/3c9b041fc044676a58cc73ba58d1a297/elements - {"using":"xpath","value":"//button[@data-kt=\"addNewRUOverflowToolbarButton\"]"}
RESULT: {"using":"xpath","value":"//button[@data-kt=\"addNewRUOverflowToolbarButton\"]"}
COMMAND: POST /session/3c9b041fc044676a58cc73ba58d1a297/element - {"using":"xpath","value":"//button[@data-kt=\"addNewRUOverflowToolbarButton\"]"}
RESULT: {"using":"xpath","value":"//button[@data-kt=\"addNewRUOverflowToolbarButton\"]"}
COMMAND: POST /session/3c9b041fc044676a58cc73ba58d1a297/execute/sync - {"script":"<script> [8489 bytes]","args":[{"element-6066-11e4-a52e-4f735466cecf":"f.9E3361242BDECB3802103B61B67CD02C.d.337907D03B0BE71D55C00205F9F50EA1.e.12471","ELEMENT":"f.9E3361242BDECB3802103B61B67CD02C.d.337907D03B0BE71D55C00205F9F50EA1.e.12471"}]}
RESULT: {"script":"<script> [8489 bytes]","args":[{"element-6066-11e4-a52e-4f735466cecf":"f.9E3361242BDECB3802103B61B67CD02C.d.337907D03B0BE71D55C00205F9F50EA1.e.12471","ELEMENT":"f.9E3361242BDECB3802103B61B67CD02C.d.337907D03B0BE71D55C00205F9F50EA1.e.12471"}]}
COMMAND: GET /session/3c9b041fc044676a58cc73ba58d1a297/element/f.9E3361242BDECB3802103B61B67CD02C.d.337907D03B0BE71D55C00205F9F50EA1.e.12471/enabled - {}
COMMAND: GET /session/3c9b041fc044676a58cc73ba58d1a297/screenshot - {}
RESULT: {}
COMMAND: POST /session/3c9b041fc044676a58cc73ba58d1a297/execute/sync - {"script":"<script> [8489 bytes]","args":[{"element-6066-11e4-a52e-4f735466cecf":"f.9E3361242BDECB3802103B61B67CD02C.d.337907D03B0BE71D55C00205F9F50EA1.e.12471","ELEMENT":"f.9E3361242BDECB3802103B61B67CD02C.d.337907D03B0BE71D55C00205F9F50EA1.e.12471"}]}
COMMAND: GET /session/3c9b041fc044676a58cc73ba58d1a297/screenshot - {}
RESULT: {}
RESULT: {"script":"<script> [8489 bytes]","args":[{"element-6066-11e4-a52e-4f735466cecf":"f.9E3361242BDECB3802103B61B67CD02C.d.337907D03B0BE71D55C00205F9F50EA1.e.12471","ELEMENT":"f.9E3361242BDECB3802103B61B67CD02C.d.337907D03B0BE71D55C00205F9F50EA1.e.12471"}]}
COMMAND: POST /session/3c9b041fc044676a58cc73ba58d1a297/execute/sync - {"script":"<script> [5351 bytes]","args":[{"element-6066-11e4-a52e-4f735466cecf":"f.9E3361242BDECB3802103B61B67CD02C.d.337907D03B0BE71D55C00205F9F50EA1.e.12471","ELEMENT":"f.9E3361242BDECB3802103B61B67CD02C.d.337907D03B0BE71D55C00205F9F50EA1.e.12471"}]}
COMMAND: GET /session/3c9b041fc044676a58cc73ba58d1a297/screenshot - {}
RESULT: {}
RESULT: {"script":"<script> [5351 bytes]","args":[{"element-6066-11e4-a52e-4f735466cecf":"f.9E3361242BDECB3802103B61B67CD02C.d.337907D03B0BE71D55C00205F9F50EA1.e.12471","ELEMENT":"f.9E3361242BDECB3802103B61B67CD02C.d.337907D03B0BE71D55C00205F9F50EA1.e.12471"}]}
COMMAND: POST /session/3c9b041fc044676a58cc73ba58d1a297/element/f.9E3361242BDECB3802103B61B67CD02C.d.337907D03B0BE71D55C00205F9F50EA1.e.12471/click - {}
RESULT: {}
COMMAND: GET /session/3c9b041fc044676a58cc73ba58d1a297/screenshot - {}
RESULT: {}
COMMAND: GET /session/3c9b041fc044676a58cc73ba58d1a297/screenshot - {}
RESULT: {}
RESULT: {}
COMMAND: POST /session/3c9b041fc044676a58cc73ba58d1a297/execute/async - {"script":"<script> [1562 bytes]","args":[{"selector":{"id":"application-manageresources-display-component---newResourceUnit--TYPE-arrow"},"wdio_ui5_key":"applicationmanageresources-display-component---newResourceUnit--TYPE-arrow"}]}
RESULT: {"script":"<script> [1562 bytes]","args":[{"selector":{"id":"application-manageresources-display-component---newResourceUnit--TYPE-arrow"},"wdio_ui5_key":"applicationmanageresources-display-component---newResourceUnit--TYPE-arrow"}]}
RESULT: undefined
COMMAND: POST /session/3c9b041fc044676a58cc73ba58d1a297/element - {"using":"xpath","value":"//*[@id=\"application-manageresources-display-component---newResourceUnit--TYPE-arrow\"]"}
RESULT: {"using":"xpath","value":"//*[@id=\"application-manageresources-display-component---newResourceUnit--TYPE-arrow\"]"}
COMMAND: POST /session/3c9b041fc044676a58cc73ba58d1a297/element/f.9E3361242BDECB3802103B61B67CD02C.d.337907D03B0BE71D55C00205F9F50EA1.e.12831/click - {}
RESULT: {}
COMMAND: POST /session/3c9b041fc044676a58cc73ba58d1a297/element - {"using":"xpath","value":"//input[@id=\"application-manageresources-display-component---newResourceUnit--TYPE-inner\"]"}
COMMAND: GET /session/3c9b041fc044676a58cc73ba58d1a297/screenshot - {}
RESULT: {"using":"xpath","value":"//input[@id=\"application-manageresources-display-component---newResourceUnit--TYPE-inner\"]"}
COMMAND: POST /session/3c9b041fc044676a58cc73ba58d1a297/element/f.9E3361242BDECB3802103B61B67CD02C.d.337907D03B0BE71D55C00205F9F50EA1.e.12822/clear - {}
RESULT: {}
RESULT: {}
COMMAND: POST /session/3c9b041fc044676a58cc73ba58d1a297/element/f.9E3361242BDECB3802103B61B67CD02C.d.337907D03B0BE71D55C00205F9F50EA1.e.12822/value - {"text":"Equipment"}
COMMAND: GET /session/3c9b041fc044676a58cc73ba58d1a297/screenshot - {}
RESULT: {"text":"Equipment"}
COMMAND: GET /session/3c9b041fc044676a58cc73ba58d1a297/screenshot - {}
RESULT: {}
RESULT: {}
COMMAND: POST /session/3c9b041fc044676a58cc73ba58d1a297/actions - {"actions":[{"id":"action58","type":"key","parameters":{},"actions":[{"type":"keyDown","value":"î€‡"},{"type":"pause","duration":10},{"type":"keyUp","value":"î€‡"}]}]}
RESULT: {"actions":[{"id":"action58","type":"key","parameters":{},"actions":[{"type":"keyDown","value":"î€‡"},{"type":"pause","duration":10},{"type":"keyUp","value":"î€‡"}]}]}
COMMAND: POST /session/3c9b041fc044676a58cc73ba58d1a297/execute/async - {"script":"<script> [1562 bytes]","args":[{"selector":{"id":"application-manageresources-display-component---newResourceUnit--resourceId","interaction":{"idSuffix":"inner"}},"wdio_ui5_key":"applicationmanageresources-display-component---newResourceUnit--resourceId"}]}
COMMAND: GET /session/3c9b041fc044676a58cc73ba58d1a297/screenshot - {}
RESULT: {"script":"<script> [1562 bytes]","args":[{"selector":{"id":"application-manageresources-display-component---newResourceUnit--resourceId","interaction":{"idSuffix":"inner"}},"wdio_ui5_key":"applicationmanageresources-display-component---newResourceUnit--resourceId"}]}
RESULT: undefined
COMMAND: POST /session/3c9b041fc044676a58cc73ba58d1a297/execute/async - {"script":"<script> [776 bytes]","args":[{"enterText":"ZQ4m1siJZc","selector":{"id":"application-manageresources-display-component---newResourceUnit--resourceId","interaction":{"idSuffix":"inner"}},"clearTextFirst":true,"interactionType":"ENTER_TEXT"}]}
RESULT: {}
RESULT: {"script":"<script> [776 bytes]","args":[{"enterText":"ZQ4m1siJZc","selector":{"id":"application-manageresources-display-component---newResourceUnit--resourceId","interaction":{"idSuffix":"inner"}},"clearTextFirst":true,"interactionType":"ENTER_TEXT"}]}
COMMAND: POST /session/3c9b041fc044676a58cc73ba58d1a297/execute/async - {"script":"<script> [1562 bytes]","args":[{"selector":{"id":"application-manageresources-display-component---newResourceUnit--SHORT_TEXT","interaction":{"idSuffix":"inner"}},"wdio_ui5_key":"applicationmanageresources-display-component---newResourceUnit--SHORT_TEXT"}]}
RESULT: {"script":"<script> [1562 bytes]","args":[{"selector":{"id":"application-manageresources-display-component---newResourceUnit--SHORT_TEXT","interaction":{"idSuffix":"inner"}},"wdio_ui5_key":"applicationmanageresources-display-component---newResourceUnit--SHORT_TEXT"}]}
RESULT: undefined
COMMAND: POST /session/3c9b041fc044676a58cc73ba58d1a297/execute/async - {"script":"<script> [776 bytes]","args":[{"enterText":"Intercompany Equipment WDIO","selector":{"id":"application-manageresources-display-component---newResourceUnit--SHORT_TEXT","interaction":{"idSuffix":"inner"}},"clearTextFirst":true,"interactionType":"ENTER_TEXT"}]}
RESULT: {"script":"<script> [776 bytes]","args":[{"enterText":"Intercompany Equipment WDIO","selector":{"id":"application-manageresources-display-component---newResourceUnit--SHORT_TEXT","interaction":{"idSuffix":"inner"}},"clearTextFirst":true,"interactionType":"ENTER_TEXT"}]}
COMMAND: POST /session/3c9b041fc044676a58cc73ba58d1a297/execute/async - {"script":"<script> [1562 bytes]","args":[{"selector":{"id":"application-manageresources-display-component---newResourceUnit--BASE_UNIT_OF_MEASURE","interaction":{"idSuffix":"inner"}},"wdio_ui5_key":"applicationmanageresources-display-component---newResourceUnit--BASE_UNIT_OF_MEASURE"}]}
RESULT: {"script":"<script> [1562 bytes]","args":[{"selector":{"id":"application-manageresources-display-component---newResourceUnit--BASE_UNIT_OF_MEASURE","interaction":{"idSuffix":"inner"}},"wdio_ui5_key":"applicationmanageresources-display-component---newResourceUnit--BASE_UNIT_OF_MEASURE"}]}
RESULT: undefined
COMMAND: POST /session/3c9b041fc044676a58cc73ba58d1a297/execute/async - {"script":"<script> [776 bytes]","args":[{"enterText":"Piece","selector":{"id":"application-manageresources-display-component---newResourceUnit--BASE_UNIT_OF_MEASURE","interaction":{"idSuffix":"inner"}},"clearTextFirst":true,"interactionType":"ENTER_TEXT"}]}
RESULT: {"script":"<script> [776 bytes]","args":[{"enterText":"Piece","selector":{"id":"application-manageresources-display-component---newResourceUnit--BASE_UNIT_OF_MEASURE","interaction":{"idSuffix":"inner"}},"clearTextFirst":true,"interactionType":"ENTER_TEXT"}]}
COMMAND: POST /session/3c9b041fc044676a58cc73ba58d1a297/execute/async - {"script":"<script> [1562 bytes]","args":[{"selector":{"id":"application-manageresources-display-component---newResourceUnit--WEIGHT_UNIT","interaction":{"idSuffix":"inner"}},"wdio_ui5_key":"applicationmanageresources-display-component---newResourceUnit--WEIGHT_UNIT"}]}
RESULT: {"script":"<script> [1562 bytes]","args":[{"selector":{"id":"application-manageresources-display-component---newResourceUnit--WEIGHT_UNIT","interaction":{"idSuffix":"inner"}},"wdio_ui5_key":"applicationmanageresources-display-component---newResourceUnit--WEIGHT_UNIT"}]}
RESULT: undefined
COMMAND: POST /session/3c9b041fc044676a58cc73ba58d1a297/execute/async - {"script":"<script> [776 bytes]","args":[{"enterText":"Gram","selector":{"id":"application-manageresources-display-component---newResourceUnit--WEIGHT_UNIT","interaction":{"idSuffix":"inner"}},"clearTextFirst":true,"interactionType":"ENTER_TEXT"}]}
RESULT: {"script":"<script> [776 bytes]","args":[{"enterText":"Gram","selector":{"id":"application-manageresources-display-component---newResourceUnit--WEIGHT_UNIT","interaction":{"idSuffix":"inner"}},"clearTextFirst":true,"interactionType":"ENTER_TEXT"}]}
COMMAND: POST /session/3c9b041fc044676a58cc73ba58d1a297/execute/async - {"script":"<script> [1562 bytes]","args":[{"selector":{"id":"application-manageresources-display-component---newResourceUnit--DIMENSION_UNIT","interaction":{"idSuffix":"inner"}},"wdio_ui5_key":"applicationmanageresources-display-component---newResourceUnit--DIMENSION_UNIT"}]}
RESULT: {"script":"<script> [1562 bytes]","args":[{"selector":{"id":"application-manageresources-display-component---newResourceUnit--DIMENSION_UNIT","interaction":{"idSuffix":"inner"}},"wdio_ui5_key":"applicationmanageresources-display-component---newResourceUnit--DIMENSION_UNIT"}]}
RESULT: undefined
COMMAND: POST /session/3c9b041fc044676a58cc73ba58d1a297/execute/async - {"script":"<script> [776 bytes]","args":[{"enterText":"Meter","selector":{"id":"application-manageresources-display-component---newResourceUnit--DIMENSION_UNIT","interaction":{"idSuffix":"inner"}},"clearTextFirst":true,"interactionType":"ENTER_TEXT"}]}
RESULT: {"script":"<script> [776 bytes]","args":[{"enterText":"Meter","selector":{"id":"application-manageresources-display-component---newResourceUnit--DIMENSION_UNIT","interaction":{"idSuffix":"inner"}},"clearTextFirst":true,"interactionType":"ENTER_TEXT"}]}
COMMAND: POST /session/3c9b041fc044676a58cc73ba58d1a297/execute/async - {"script":"<script> [1562 bytes]","args":[{"selector":{"id":"application-manageresources-display-component---newResourceUnit--newRRUPage-anchBar-application-manageresources-display-component---newResourceUnit--control-anchor","interaction":{"idSuffix":"BDI-content"}},"wdio_ui5_key":"applicationmanageresources-display-component---newResourceUnit--newRRUPage-anchBar-application-manageresources-display-component---newResourceUnit--control-anchor"}]}
RESULT: {"script":"<script> [1562 bytes]","args":[{"selector":{"id":"application-manageresources-display-component---newResourceUnit--newRRUPage-anchBar-application-manageresources-display-component---newResourceUnit--control-anchor","interaction":{"idSuffix":"BDI-content"}},"wdio_ui5_key":"applicationmanageresources-display-component---newResourceUnit--newRRUPage-anchBar-application-manageresources-display-component---newResourceUnit--control-anchor"}]}
RESULT: undefined
COMMAND: POST /session/3c9b041fc044676a58cc73ba58d1a297/element - {"using":"xpath","value":"//*[@id=\"application-manageresources-display-component---newResourceUnit--newRRUPage-anchBar-application-manageresources-display-component---newResourceUnit--control-anchor\"]"}
RESULT: {"using":"xpath","value":"//*[@id=\"application-manageresources-display-component---newResourceUnit--newRRUPage-anchBar-application-manageresources-display-component---newResourceUnit--control-anchor\"]"}
COMMAND: POST /session/3c9b041fc044676a58cc73ba58d1a297/element/f.9E3361242BDECB3802103B61B67CD02C.d.337907D03B0BE71D55C00205F9F50EA1.e.12962/click - {}
RESULT: {}
COMMAND: POST /session/3c9b041fc044676a58cc73ba58d1a297/execute/async - {"script":"<script> [1562 bytes]","args":[{"selector":{"id":"application-manageresources-display-component---newResourceUnit--PLANNING_GROUP","interaction":{"idSuffix":"inner"}},"wdio_ui5_key":"applicationmanageresources-display-component---newResourceUnit--PLANNING_GROUP"}]}
COMMAND: GET /session/3c9b041fc044676a58cc73ba58d1a297/screenshot - {}
RESULT: {"script":"<script> [1562 bytes]","args":[{"selector":{"id":"application-manageresources-display-component---newResourceUnit--PLANNING_GROUP","interaction":{"idSuffix":"inner"}},"wdio_ui5_key":"applicationmanageresources-display-component---newResourceUnit--PLANNING_GROUP"}]}
RESULT: undefined
COMMAND: POST /session/3c9b041fc044676a58cc73ba58d1a297/execute/async - {"script":"<script> [776 bytes]","args":[{"enterText":"Heavy Equi","selector":{"id":"application-manageresources-display-component---newResourceUnit--PLANNING_GROUP","interaction":{"idSuffix":"inner"}},"clearTextFirst":true,"interactionType":"ENTER_TEXT"}]}
RESULT: {}
RESULT: {"script":"<script> [776 bytes]","args":[{"enterText":"Heavy Equi","selector":{"id":"application-manageresources-display-component---newResourceUnit--PLANNING_GROUP","interaction":{"idSuffix":"inner"}},"clearTextFirst":true,"interactionType":"ENTER_TEXT"}]}
COMMAND: POST /session/3c9b041fc044676a58cc73ba58d1a297/execute/async - {"script":"<script> [1562 bytes]","args":[{"selector":{"id":"application-manageresources-display-component---newResourceUnit--ITEM_TYPE-arrow"},"wdio_ui5_key":"applicationmanageresources-display-component---newResourceUnit--ITEM_TYPE-arrow"}]}
RESULT: {"script":"<script> [1562 bytes]","args":[{"selector":{"id":"application-manageresources-display-component---newResourceUnit--ITEM_TYPE-arrow"},"wdio_ui5_key":"applicationmanageresources-display-component---newResourceUnit--ITEM_TYPE-arrow"}]}
RESULT: undefined
COMMAND: POST /session/3c9b041fc044676a58cc73ba58d1a297/element - {"using":"xpath","value":"//*[@id=\"application-manageresources-display-component---newResourceUnit--ITEM_TYPE-arrow\"]"}
RESULT: {"using":"xpath","value":"//*[@id=\"application-manageresources-display-component---newResourceUnit--ITEM_TYPE-arrow\"]"}
COMMAND: POST /session/3c9b041fc044676a58cc73ba58d1a297/element/f.9E3361242BDECB3802103B61B67CD02C.d.337907D03B0BE71D55C00205F9F50EA1.e.12969/click - {}
RESULT: {}
COMMAND: POST /session/3c9b041fc044676a58cc73ba58d1a297/element - {"using":"xpath","value":"(//span[contains(text(), \"Resource Unit\")])[2]"}
COMMAND: GET /session/3c9b041fc044676a58cc73ba58d1a297/screenshot - {}
RESULT: {"using":"xpath","value":"(//span[contains(text(), \"Resource Unit\")])[2]"}
COMMAND: POST /session/3c9b041fc044676a58cc73ba58d1a297/element/f.9E3361242BDECB3802103B61B67CD02C.d.337907D03B0BE71D55C00205F9F50EA1.e.12970/click - {}
RESULT: {}
RESULT: {}
COMMAND: GET /session/3c9b041fc044676a58cc73ba58d1a297/screenshot - {}
RESULT: {}
COMMAND: POST /session/3c9b041fc044676a58cc73ba58d1a297/element - {"using":"css selector","value":"#application-manageresources-display-component---newResourceUnit--btnAddTimeSegment"}
RESULT: {"using":"css selector","value":"#application-manageresources-display-component---newResourceUnit--btnAddTimeSegment"}
COMMAND: GET /session/3c9b041fc044676a58cc73ba58d1a297/element/f.9E3361242BDECB3802103B61B67CD02C.d.337907D03B0BE71D55C00205F9F50EA1.e.12971/rect - {}
RESULT: {}
COMMAND: GET /session/3c9b041fc044676a58cc73ba58d1a297/window/rect - {}
RESULT: {}
COMMAND: POST /session/3c9b041fc044676a58cc73ba58d1a297/execute/sync - {"script":"<script> [92 bytes]","args":[]}
RESULT: {"script":"<script> [92 bytes]","args":[]}
COMMAND: POST /session/3c9b041fc044676a58cc73ba58d1a297/actions - {"actions":[{"id":"action59","type":"wheel","parameters":{},"actions":[{"type":"scroll","x":-1888,"y":-32,"deltaX":0,"deltaY":0,"duration":0,"origin":{"element-6066-11e4-a52e-4f735466cecf":"f.9E3361242BDECB3802103B61B67CD02C.d.337907D03B0BE71D55C00205F9F50EA1.e.12971"}}]}]}
COMMAND: GET /session/3c9b041fc044676a58cc73ba58d1a297/screenshot - {}
RESULT: {}
COMMAND: POST /session/3c9b041fc044676a58cc73ba58d1a297/execute/sync - {"script":"<script> [79 bytes]","args":[{"element-6066-11e4-a52e-4f735466cecf":"f.9E3361242BDECB3802103B61B67CD02C.d.337907D03B0BE71D55C00205F9F50EA1.e.12971","ELEMENT":"f.9E3361242BDECB3802103B61B67CD02C.d.337907D03B0BE71D55C00205F9F50EA1.e.12971"},{"block":"start","inline":"nearest"}]}
RESULT: {"script":"<script> [79 bytes]","args":[{"element-6066-11e4-a52e-4f735466cecf":"f.9E3361242BDECB3802103B61B67CD02C.d.337907D03B0BE71D55C00205F9F50EA1.e.12971","ELEMENT":"f.9E3361242BDECB3802103B61B67CD02C.d.337907D03B0BE71D55C00205F9F50EA1.e.12971"},{"block":"start","inline":"nearest"}]}
COMMAND: POST /session/3c9b041fc044676a58cc73ba58d1a297/execute/async - {"script":"<script> [1562 bytes]","args":[{"selector":{"id":"application-manageresources-display-component---newResourceUnit--btnAddTimeSegment","interaction":{"idSuffix":"inner"}},"wdio_ui5_key":"applicationmanageresources-display-component---newResourceUnit--btnAddTimeSegment"}]}
COMMAND: GET /session/3c9b041fc044676a58cc73ba58d1a297/screenshot - {}
RESULT: {"script":"<script> [1562 bytes]","args":[{"selector":{"id":"application-manageresources-display-component---newResourceUnit--btnAddTimeSegment","interaction":{"idSuffix":"inner"}},"wdio_ui5_key":"applicationmanageresources-display-component---newResourceUnit--btnAddTimeSegment"}]}
RESULT: undefined
COMMAND: POST /session/3c9b041fc044676a58cc73ba58d1a297/element - {"using":"xpath","value":"//*[@id=\"application-manageresources-display-component---newResourceUnit--btnAddTimeSegment\"]"}
RESULT: {}
RESULT: {"using":"xpath","value":"//*[@id=\"application-manageresources-display-component---newResourceUnit--btnAddTimeSegment\"]"}
COMMAND: POST /session/3c9b041fc044676a58cc73ba58d1a297/element/f.9E3361242BDECB3802103B61B67CD02C.d.337907D03B0BE71D55C00205F9F50EA1.e.12971/click - {}
RESULT: {}
COMMAND: GET /session/3c9b041fc044676a58cc73ba58d1a297/screenshot - {}
RESULT: {}
COMMAND: POST /session/3c9b041fc044676a58cc73ba58d1a297/element - {"using":"xpath","value":"//input[@id=\"application-manageresources-display-component---newResourceUnit--idRuTSAdmin-application-manageresources-display-component---newResourceUnit--RUTimeSegment-0-inner\"]"}
RESULT: {"using":"xpath","value":"//input[@id=\"application-manageresources-display-component---newResourceUnit--idRuTSAdmin-application-manageresources-display-component---newResourceUnit--RUTimeSegment-0-inner\"]"}
COMMAND: POST /session/3c9b041fc044676a58cc73ba58d1a297/element/f.9E3361242BDECB3802103B61B67CD02C.d.337907D03B0BE71D55C00205F9F50EA1.e.12977/clear - {}
RESULT: {}
COMMAND: POST /session/3c9b041fc044676a58cc73ba58d1a297/element/f.9E3361242BDECB3802103B61B67CD02C.d.337907D03B0BE71D55C00205F9F50EA1.e.12977/value - {"text":"186"}
COMMAND: GET /session/3c9b041fc044676a58cc73ba58d1a297/screenshot - {}
RESULT: {"text":"186"}
COMMAND: GET /session/3c9b041fc044676a58cc73ba58d1a297/screenshot - {}
RESULT: {}
RESULT: {}
COMMAND: POST /session/3c9b041fc044676a58cc73ba58d1a297/element - {"using":"xpath","value":"//li[.//span[text()='186']]"}
RESULT: {"using":"xpath","value":"//li[.//span[text()='186']]"}
COMMAND: POST /session/3c9b041fc044676a58cc73ba58d1a297/element/f.9E3361242BDECB3802103B61B67CD02C.d.337907D03B0BE71D55C00205F9F50EA1.e.12989/click - {}
RESULT: {}
COMMAND: GET /session/3c9b041fc044676a58cc73ba58d1a297/screenshot - {}
RESULT: {}
COMMAND: POST /session/3c9b041fc044676a58cc73ba58d1a297/element - {"using":"xpath","value":"(//span[contains(@id, \"-application-manageresources-display-component---newResourceUnit--RUTimeSegment-0-arrow\")])[6]"}
RESULT: {"using":"xpath","value":"(//span[contains(@id, \"-application-manageresources-display-component---newResourceUnit--RUTimeSegment-0-arrow\")])[6]"}
COMMAND: POST /session/3c9b041fc044676a58cc73ba58d1a297/element/f.9E3361242BDECB3802103B61B67CD02C.d.337907D03B0BE71D55C00205F9F50EA1.e.12990/click - {}
RESULT: {}
COMMAND: GET /session/3c9b041fc044676a58cc73ba58d1a297/screenshot - {}
RESULT: {}
COMMAND: POST /session/3c9b041fc044676a58cc73ba58d1a297/element - {"using":"xpath","value":"//span[contains(text(), \"PM Order\")]"}
RESULT: {"using":"xpath","value":"//span[contains(text(), \"PM Order\")]"}
COMMAND: POST /session/3c9b041fc044676a58cc73ba58d1a297/element/f.9E3361242BDECB3802103B61B67CD02C.d.337907D03B0BE71D55C00205F9F50EA1.e.12993/click - {}
RESULT: {}
COMMAND: GET /session/3c9b041fc044676a58cc73ba58d1a297/screenshot - {}
RESULT: {}
COMMAND: POST /session/3c9b041fc044676a58cc73ba58d1a297/element - {"using":"xpath","value":"(//span[contains(@id ,\"manageresources-display-component---newResourceUnit--RUTimeSegment-0-vhi\")])[1]"}
RESULT: {"using":"xpath","value":"(//span[contains(@id ,\"manageresources-display-component---newResourceUnit--RUTimeSegment-0-vhi\")])[1]"}
COMMAND: GET /session/3c9b041fc044676a58cc73ba58d1a297/element/f.9E3361242BDECB3802103B61B67CD02C.d.337907D03B0BE71D55C00205F9F50EA1.e.12997/rect - {}
RESULT: {}
COMMAND: GET /session/3c9b041fc044676a58cc73ba58d1a297/window/rect - {}
RESULT: {}
COMMAND: POST /session/3c9b041fc044676a58cc73ba58d1a297/execute/sync - {"script":"<script> [92 bytes]","args":[]}
RESULT: {"script":"<script> [92 bytes]","args":[]}
COMMAND: POST /session/3c9b041fc044676a58cc73ba58d1a297/actions - {"actions":[{"id":"action60","type":"wheel","parameters":{},"actions":[{"type":"scroll","x":-869,"y":-24,"deltaX":0,"deltaY":0,"duration":0,"origin":{"element-6066-11e4-a52e-4f735466cecf":"f.9E3361242BDECB3802103B61B67CD02C.d.337907D03B0BE71D55C00205F9F50EA1.e.12997"}}]}]}
COMMAND: GET /session/3c9b041fc044676a58cc73ba58d1a297/screenshot - {}
RESULT: {"actions":[{"id":"action60","type":"wheel","parameters":{},"actions":[{"type":"scroll","x":-869,"y":-24,"deltaX":0,"deltaY":0,"duration":0,"origin":{"element-6066-11e4-a52e-4f735466cecf":"f.9E3361242BDECB3802103B61B67CD02C.d.337907D03B0BE71D55C00205F9F50EA1.e.12997"}}]}]}
COMMAND: DELETE /session/3c9b041fc044676a58cc73ba58d1a297/actions - {}
COMMAND: GET /session/3c9b041fc044676a58cc73ba58d1a297/screenshot - {}
RESULT: {}
RESULT: {}
COMMAND: GET /session/3c9b041fc044676a58cc73ba58d1a297/screenshot - {}
RESULT: {}
RESULT: {}
COMMAND: POST /session/3c9b041fc044676a58cc73ba58d1a297/element/f.9E3361242BDECB3802103B61B67CD02C.d.337907D03B0BE71D55C00205F9F50EA1.e.12997/click - {}
RESULT: {}
COMMAND: GET /session/3c9b041fc044676a58cc73ba58d1a297/screenshot - {}
RESULT: {}
COMMAND: POST /session/3c9b041fc044676a58cc73ba58d1a297/execute/async - {"script":"<script> [1562 bytes]","args":[{"selector":{"controlType":"sap.m.SearchField","properties":{"placeholder":"Search"},"searchOpenDialogs":true,"interaction":{"idSuffix":"I"}},"wdio_ui5_key":"sapm.SearchField{\"placeholder\":\"Search\"}"}]}
RESULT: {"script":"<script> [1562 bytes]","args":[{"selector":{"controlType":"sap.m.SearchField","properties":{"placeholder":"Search"},"searchOpenDialogs":true,"interaction":{"idSuffix":"I"}},"wdio_ui5_key":"sapm.SearchField{\"placeholder\":\"Search\"}"}]}
RESULT: undefined
COMMAND: POST /session/3c9b041fc044676a58cc73ba58d1a297/execute/async - {"script":"<script> [776 bytes]","args":[{"enterText":"4000360","selector":{"controlType":"sap.m.SearchField","properties":{"placeholder":"Search"},"searchOpenDialogs":true,"interaction":{"idSuffix":"I"}},"clearTextFirst":true,"interactionType":"ENTER_TEXT"}]}
RESULT: {"script":"<script> [776 bytes]","args":[{"enterText":"4000360","selector":{"controlType":"sap.m.SearchField","properties":{"placeholder":"Search"},"searchOpenDialogs":true,"interaction":{"idSuffix":"I"}},"clearTextFirst":true,"interactionType":"ENTER_TEXT"}]}
COMMAND: POST /session/3c9b041fc044676a58cc73ba58d1a297/actions - {"actions":[{"id":"action61","type":"key","parameters":{},"actions":[{"type":"keyDown","value":"î€‡"},{"type":"pause","duration":10},{"type":"keyUp","value":"î€‡"}]}]}
RESULT: {"actions":[{"id":"action61","type":"key","parameters":{},"actions":[{"type":"keyDown","value":"î€‡"},{"type":"pause","duration":10},{"type":"keyUp","value":"î€‡"}]}]}
COMMAND: GET /session/3c9b041fc044676a58cc73ba58d1a297/screenshot - {}
RESULT: {}
COMMAND: POST /session/3c9b041fc044676a58cc73ba58d1a297/element - {"using":"xpath","value":"//td/div/span[contains(text(), \"BGL Vehicles\")]"}
RESULT: {"using":"xpath","value":"//td/div/span[contains(text(), \"BGL Vehicles\")]"}
COMMAND: POST /session/3c9b041fc044676a58cc73ba58d1a297/element/f.9E3361242BDECB3802103B61B67CD02C.d.337907D03B0BE71D55C00205F9F50EA1.e.13018/click - {}
RESULT: {}
COMMAND: GET /session/3c9b041fc044676a58cc73ba58d1a297/screenshot - {}
RESULT: {}
COMMAND: POST /session/3c9b041fc044676a58cc73ba58d1a297/element - {"using":"xpath","value":"//bdi[contains(text(), \"OK\")]"}
RESULT: {"using":"xpath","value":"//bdi[contains(text(), \"OK\")]"}
COMMAND: POST /session/3c9b041fc044676a58cc73ba58d1a297/element/f.9E3361242BDECB3802103B61B67CD02C.d.337907D03B0BE71D55C00205F9F50EA1.e.13019/click - {}
RESULT: {}
COMMAND: GET /session/3c9b041fc044676a58cc73ba58d1a297/screenshot - {}
RESULT: {}
COMMAND: POST /session/3c9b041fc044676a58cc73ba58d1a297/execute/async - {"script":"<script> [1562 bytes]","args":[{"selector":{"id":"application-manageresources-display-component---newResourceUnit--newRRUPage-anchBar-application-manageresources-display-component---newResourceUnit--resource-anchor","interaction":{"idSuffix":"BDI-content"}},"wdio_ui5_key":"applicationmanageresources-display-component---newResourceUnit--newRRUPage-anchBar-application-manageresources-display-component---newResourceUnit--resource-anchor"}]}
RESULT: {"script":"<script> [1562 bytes]","args":[{"selector":{"id":"application-manageresources-display-component---newResourceUnit--newRRUPage-anchBar-application-manageresources-display-component---newResourceUnit--resource-anchor","interaction":{"idSuffix":"BDI-content"}},"wdio_ui5_key":"applicationmanageresources-display-component---newResourceUnit--newRRUPage-anchBar-application-manageresources-display-component---newResourceUnit--resource-anchor"}]}
RESULT: undefined
COMMAND: POST /session/3c9b041fc044676a58cc73ba58d1a297/element - {"using":"xpath","value":"//*[@id=\"application-manageresources-display-component---newResourceUnit--newRRUPage-anchBar-application-manageresources-display-component---newResourceUnit--resource-anchor\"]"}
RESULT: {"using":"xpath","value":"//*[@id=\"application-manageresources-display-component---newResourceUnit--newRRUPage-anchBar-application-manageresources-display-component---newResourceUnit--resource-anchor\"]"}
COMMAND: POST /session/3c9b041fc044676a58cc73ba58d1a297/element/f.9E3361242BDECB3802103B61B67CD02C.d.337907D03B0BE71D55C00205F9F50EA1.e.13023/click - {}
RESULT: {}
COMMAND: POST /session/3c9b041fc044676a58cc73ba58d1a297/execute/async - {"script":"<script> [1562 bytes]","args":[{"selector":{"id":"application-manageresources-display-component---newResourceUnit--PLANNED_DELIVERY_DATE","interaction":{"idSuffix":"inner"}},"wdio_ui5_key":"applicationmanageresources-display-component---newResourceUnit--PLANNED_DELIVERY_DATE"}]}
COMMAND: GET /session/3c9b041fc044676a58cc73ba58d1a297/screenshot - {}
RESULT: {"script":"<script> [1562 bytes]","args":[{"selector":{"id":"application-manageresources-display-component---newResourceUnit--PLANNED_DELIVERY_DATE","interaction":{"idSuffix":"inner"}},"wdio_ui5_key":"applicationmanageresources-display-component---newResourceUnit--PLANNED_DELIVERY_DATE"}]}
RESULT: undefined
COMMAND: POST /session/3c9b041fc044676a58cc73ba58d1a297/execute/async - {"script":"<script> [6424 bytes]","args":[{"element-6066-11e4-a52e-4f735466cecf":"f.9E3361242BDECB3802103B61B67CD02C.d.337907D03B0BE71D55C00205F9F50EA1.e.12887"},"setValue",["5/13/25"]]}
RESULT: {}
RESULT: {"script":"<script> [6424 bytes]","args":[{"element-6066-11e4-a52e-4f735466cecf":"f.9E3361242BDECB3802103B61B67CD02C.d.337907D03B0BE71D55C00205F9F50EA1.e.12887"},"setValue",["5/13/25"]]}
COMMAND: POST /session/3c9b041fc044676a58cc73ba58d1a297/element - {"using":"xpath","value":"//label[contains(@class, 'sapMLabelRequired') and .//bdi[contains(text(), 'Planned Retirement')]]"}
RESULT: {"using":"xpath","value":"//label[contains(@class, 'sapMLabelRequired') and .//bdi[contains(text(), 'Planned Retirement')]]"}
COMMAND: POST /session/3c9b041fc044676a58cc73ba58d1a297/elements - {"using":"xpath","value":"//label[contains(@class, 'sapMLabelRequired') and .//bdi[contains(text(), 'Planned Retirement')]]"}
RESULT: {"using":"xpath","value":"//label[contains(@class, 'sapMLabelRequired') and .//bdi[contains(text(), 'Planned Retirement')]]"}
COMMAND: POST /session/3c9b041fc044676a58cc73ba58d1a297/element - {"using":"xpath","value":"//button[@data-kt=\"resourceUnitSaveButton\"]"}
RESULT: {"using":"xpath","value":"//button[@data-kt=\"resourceUnitSaveButton\"]"}
COMMAND: POST /session/3c9b041fc044676a58cc73ba58d1a297/element/f.9E3361242BDECB3802103B61B67CD02C.d.337907D03B0BE71D55C00205F9F50EA1.e.12847/click - {}
RESULT: {}
COMMAND: GET /session/3c9b041fc044676a58cc73ba58d1a297/screenshot - {}
RESULT: {}
COMMAND: POST /session/3c9b041fc044676a58cc73ba58d1a297/element - {"using":"xpath","value":"//bdi[contains(text(), \"Close\")]"}
RESULT: {"using":"xpath","value":"//bdi[contains(text(), \"Close\")]"}
COMMAND: POST /session/3c9b041fc044676a58cc73ba58d1a297/element/f.9E3361242BDECB3802103B61B67CD02C.d.337907D03B0BE71D55C00205F9F50EA1.e.13031/click - {}
RESULT: {}
COMMAND: GET /session/3c9b041fc044676a58cc73ba58d1a297/screenshot - {}
RESULT: {}
COMMAND: POST /session/3c9b041fc044676a58cc73ba58d1a297/element - {"using":"xpath","value":"(//button[contains(@id ,\"actionsToolbar-overflowButton\")])[1]"}
RESULT: {"using":"xpath","value":"(//button[contains(@id ,\"actionsToolbar-overflowButton\")])[1]"}
COMMAND: POST /session/3c9b041fc044676a58cc73ba58d1a297/element/f.9E3361242BDECB3802103B61B67CD02C.d.337907D03B0BE71D55C00205F9F50EA1.e.13087/click - {}
RESULT: {}
COMMAND: GET /session/3c9b041fc044676a58cc73ba58d1a297/screenshot - {}
RESULT: {}
COMMAND: POST /session/3c9b041fc044676a58cc73ba58d1a297/element - {"using":"xpath","value":"//button[@data-kt=\"priceInfoButton\"]"}
RESULT: {"using":"xpath","value":"//button[@data-kt=\"priceInfoButton\"]"}
COMMAND: POST /session/3c9b041fc044676a58cc73ba58d1a297/element/f.9E3361242BDECB3802103B61B67CD02C.d.337907D03B0BE71D55C00205F9F50EA1.e.13089/click - {}
RESULT: {}
COMMAND: GET /session/3c9b041fc044676a58cc73ba58d1a297/screenshot - {}
RESULT: {}
]]></system-out>
    </testcase>
    <testcase classname="chrome.136_0_7103_49.windows.Billing_Calculation_-_Time_based_(considering_transport_times)_US139738" name="Should create new pricing rule for the equipment" time="49.58">
      <system-out><![CDATA[
COMMAND: POST /session/3c9b041fc044676a58cc73ba58d1a297/element - {"using":"xpath","value":"//button[@data-kt=\"addButton\"]"}
RESULT: {"using":"xpath","value":"//button[@data-kt=\"addButton\"]"}
COMMAND: POST /session/3c9b041fc044676a58cc73ba58d1a297/elements - {"using":"xpath","value":"//button[@data-kt=\"addButton\"]"}
RESULT: {"using":"xpath","value":"//button[@data-kt=\"addButton\"]"}
COMMAND: POST /session/3c9b041fc044676a58cc73ba58d1a297/elements - {"using":"xpath","value":"//button[@data-kt=\"addButton\"]"}
RESULT: {"using":"xpath","value":"//button[@data-kt=\"addButton\"]"}
COMMAND: POST /session/3c9b041fc044676a58cc73ba58d1a297/element - {"using":"xpath","value":"//button[@data-kt=\"addButton\"]"}
RESULT: {"using":"xpath","value":"//button[@data-kt=\"addButton\"]"}
COMMAND: POST /session/3c9b041fc044676a58cc73ba58d1a297/execute/sync - {"script":"<script> [8489 bytes]","args":[{"element-6066-11e4-a52e-4f735466cecf":"f.9E3361242BDECB3802103B61B67CD02C.d.337907D03B0BE71D55C00205F9F50EA1.e.13125","ELEMENT":"f.9E3361242BDECB3802103B61B67CD02C.d.337907D03B0BE71D55C00205F9F50EA1.e.13125"}]}
RESULT: {"script":"<script> [8489 bytes]","args":[{"element-6066-11e4-a52e-4f735466cecf":"f.9E3361242BDECB3802103B61B67CD02C.d.337907D03B0BE71D55C00205F9F50EA1.e.13125","ELEMENT":"f.9E3361242BDECB3802103B61B67CD02C.d.337907D03B0BE71D55C00205F9F50EA1.e.13125"}]}
COMMAND: GET /session/3c9b041fc044676a58cc73ba58d1a297/element/f.9E3361242BDECB3802103B61B67CD02C.d.337907D03B0BE71D55C00205F9F50EA1.e.13125/enabled - {}
COMMAND: GET /session/3c9b041fc044676a58cc73ba58d1a297/screenshot - {}
RESULT: {}
COMMAND: POST /session/3c9b041fc044676a58cc73ba58d1a297/execute/sync - {"script":"<script> [8489 bytes]","args":[{"element-6066-11e4-a52e-4f735466cecf":"f.9E3361242BDECB3802103B61B67CD02C.d.337907D03B0BE71D55C00205F9F50EA1.e.13125","ELEMENT":"f.9E3361242BDECB3802103B61B67CD02C.d.337907D03B0BE71D55C00205F9F50EA1.e.13125"}]}
COMMAND: GET /session/3c9b041fc044676a58cc73ba58d1a297/screenshot - {}
RESULT: {}
RESULT: {"script":"<script> [8489 bytes]","args":[{"element-6066-11e4-a52e-4f735466cecf":"f.9E3361242BDECB3802103B61B67CD02C.d.337907D03B0BE71D55C00205F9F50EA1.e.13125","ELEMENT":"f.9E3361242BDECB3802103B61B67CD02C.d.337907D03B0BE71D55C00205F9F50EA1.e.13125"}]}
COMMAND: POST /session/3c9b041fc044676a58cc73ba58d1a297/execute/sync - {"script":"<script> [5351 bytes]","args":[{"element-6066-11e4-a52e-4f735466cecf":"f.9E3361242BDECB3802103B61B67CD02C.d.337907D03B0BE71D55C00205F9F50EA1.e.13125","ELEMENT":"f.9E3361242BDECB3802103B61B67CD02C.d.337907D03B0BE71D55C00205F9F50EA1.e.13125"}]}
COMMAND: GET /session/3c9b041fc044676a58cc73ba58d1a297/screenshot - {}
RESULT: {}
RESULT: {"script":"<script> [5351 bytes]","args":[{"element-6066-11e4-a52e-4f735466cecf":"f.9E3361242BDECB3802103B61B67CD02C.d.337907D03B0BE71D55C00205F9F50EA1.e.13125","ELEMENT":"f.9E3361242BDECB3802103B61B67CD02C.d.337907D03B0BE71D55C00205F9F50EA1.e.13125"}]}
COMMAND: POST /session/3c9b041fc044676a58cc73ba58d1a297/element/f.9E3361242BDECB3802103B61B67CD02C.d.337907D03B0BE71D55C00205F9F50EA1.e.13125/click - {}
COMMAND: GET /session/3c9b041fc044676a58cc73ba58d1a297/screenshot - {}
RESULT: {}
RESULT: {}
COMMAND: GET /session/3c9b041fc044676a58cc73ba58d1a297/screenshot - {}
RESULT: {}
RESULT: {}
COMMAND: POST /session/3c9b041fc044676a58cc73ba58d1a297/execute/async - {"script":"<script> [1562 bytes]","args":[{"selector":{"controlType":"sap.m.Title","viewName":"etm.portal.ui.managepricingrules.view.NewItem","viewId":"application-managepricingrules-display-component---newInfoPriceItem","properties":{"text":"New Pricing Rules - Item Level"}},"wdio_ui5_key":"etmportal.ui.managepricingrules.view.NewItemsap.m.Title{\"text\":\"New Pricing Rules - Item Level\"}"}]}
RESULT: {"script":"<script> [1562 bytes]","args":[{"selector":{"controlType":"sap.m.Title","viewName":"etm.portal.ui.managepricingrules.view.NewItem","viewId":"application-managepricingrules-display-component---newInfoPriceItem","properties":{"text":"New Pricing Rules - Item Level"}},"wdio_ui5_key":"etmportal.ui.managepricingrules.view.NewItemsap.m.Title{\"text\":\"New Pricing Rules - Item Level\"}"}]}
RESULT: undefined
COMMAND: POST /session/3c9b041fc044676a58cc73ba58d1a297/execute/async - {"script":"<script> [6424 bytes]","args":[{"element-6066-11e4-a52e-4f735466cecf":"f.9E3361242BDECB3802103B61B67CD02C.d.337907D03B0BE71D55C00205F9F50EA1.e.13297"},"getText",[]]}
RESULT: {"script":"<script> [6424 bytes]","args":[{"element-6066-11e4-a52e-4f735466cecf":"f.9E3361242BDECB3802103B61B67CD02C.d.337907D03B0BE71D55C00205F9F50EA1.e.13297"},"getText",[]]}
COMMAND: POST /session/3c9b041fc044676a58cc73ba58d1a297/execute/async - {"script":"<script> [1562 bytes]","args":[{"selector":{"id":"application-managepricingrules-display-component---newInfoPriceItem--condValidTo","interaction":{"idSuffix":"inner"}},"wdio_ui5_key":"applicationmanagepricingrules-display-component---newInfoPriceItem--condValidTo"}]}
RESULT: {"script":"<script> [1562 bytes]","args":[{"selector":{"id":"application-managepricingrules-display-component---newInfoPriceItem--condValidTo","interaction":{"idSuffix":"inner"}},"wdio_ui5_key":"applicationmanagepricingrules-display-component---newInfoPriceItem--condValidTo"}]}
RESULT: undefined
COMMAND: POST /session/3c9b041fc044676a58cc73ba58d1a297/execute/async - {"script":"<script> [776 bytes]","args":[{"enterText":"01/13/26","selector":{"id":"application-managepricingrules-display-component---newInfoPriceItem--condValidTo","interaction":{"idSuffix":"inner"}},"clearTextFirst":true,"interactionType":"ENTER_TEXT"}]}
RESULT: {"script":"<script> [776 bytes]","args":[{"enterText":"01/13/26","selector":{"id":"application-managepricingrules-display-component---newInfoPriceItem--condValidTo","interaction":{"idSuffix":"inner"}},"clearTextFirst":true,"interactionType":"ENTER_TEXT"}]}
COMMAND: POST /session/3c9b041fc044676a58cc73ba58d1a297/execute/async - {"script":"<script> [1562 bytes]","args":[{"selector":{"id":"application-managepricingrules-display-component---newInfoPriceItem--billType-arrow"},"wdio_ui5_key":"applicationmanagepricingrules-display-component---newInfoPriceItem--billType-arrow"}]}
RESULT: {"script":"<script> [1562 bytes]","args":[{"selector":{"id":"application-managepricingrules-display-component---newInfoPriceItem--billType-arrow"},"wdio_ui5_key":"applicationmanagepricingrules-display-component---newInfoPriceItem--billType-arrow"}]}
RESULT: undefined
COMMAND: POST /session/3c9b041fc044676a58cc73ba58d1a297/element - {"using":"xpath","value":"//*[@id=\"application-managepricingrules-display-component---newInfoPriceItem--billType-arrow\"]"}
RESULT: {"using":"xpath","value":"//*[@id=\"application-managepricingrules-display-component---newInfoPriceItem--billType-arrow\"]"}
COMMAND: POST /session/3c9b041fc044676a58cc73ba58d1a297/element/f.9E3361242BDECB3802103B61B67CD02C.d.337907D03B0BE71D55C00205F9F50EA1.e.13256/click - {}
RESULT: {}
COMMAND: POST /session/3c9b041fc044676a58cc73ba58d1a297/element - {"using":"xpath","value":"//span[contains(text(), \"TB - Time based\")]"}
COMMAND: GET /session/3c9b041fc044676a58cc73ba58d1a297/screenshot - {}
RESULT: {"using":"xpath","value":"//span[contains(text(), \"TB - Time based\")]"}
COMMAND: POST /session/3c9b041fc044676a58cc73ba58d1a297/element/f.9E3361242BDECB3802103B61B67CD02C.d.337907D03B0BE71D55C00205F9F50EA1.e.13299/click - {}
RESULT: {}
RESULT: {}
COMMAND: POST /session/3c9b041fc044676a58cc73ba58d1a297/execute/async - {"script":"<script> [1562 bytes]","args":[{"selector":{"id":"application-managepricingrules-display-component---newInfoPriceItem--priceProc-arrow"},"wdio_ui5_key":"applicationmanagepricingrules-display-component---newInfoPriceItem--priceProc-arrow"}]}
COMMAND: GET /session/3c9b041fc044676a58cc73ba58d1a297/screenshot - {}
RESULT: {"script":"<script> [1562 bytes]","args":[{"selector":{"id":"application-managepricingrules-display-component---newInfoPriceItem--priceProc-arrow"},"wdio_ui5_key":"applicationmanagepricingrules-display-component---newInfoPriceItem--priceProc-arrow"}]}
RESULT: undefined
COMMAND: POST /session/3c9b041fc044676a58cc73ba58d1a297/element - {"using":"xpath","value":"//*[@id=\"application-managepricingrules-display-component---newInfoPriceItem--priceProc-arrow\"]"}
RESULT: {}
RESULT: {"using":"xpath","value":"//*[@id=\"application-managepricingrules-display-component---newInfoPriceItem--priceProc-arrow\"]"}
COMMAND: POST /session/3c9b041fc044676a58cc73ba58d1a297/element/f.9E3361242BDECB3802103B61B67CD02C.d.337907D03B0BE71D55C00205F9F50EA1.e.13263/click - {}
RESULT: {}
COMMAND: POST /session/3c9b041fc044676a58cc73ba58d1a297/element - {"using":"xpath","value":"//span[contains(text(), \"TBS - Time based standard\")]"}
COMMAND: GET /session/3c9b041fc044676a58cc73ba58d1a297/screenshot - {}
RESULT: {"using":"xpath","value":"//span[contains(text(), \"TBS - Time based standard\")]"}
COMMAND: POST /session/3c9b041fc044676a58cc73ba58d1a297/element/f.9E3361242BDECB3802103B61B67CD02C.d.337907D03B0BE71D55C00205F9F50EA1.e.13300/click - {}
RESULT: {}
RESULT: {}
COMMAND: POST /session/3c9b041fc044676a58cc73ba58d1a297/execute/async - {"script":"<script> [1562 bytes]","args":[{"selector":{"id":"application-managepricingrules-display-component---newInfoPriceItem--calcBase-arrow"},"wdio_ui5_key":"applicationmanagepricingrules-display-component---newInfoPriceItem--calcBase-arrow"}]}
COMMAND: GET /session/3c9b041fc044676a58cc73ba58d1a297/screenshot - {}
RESULT: {"script":"<script> [1562 bytes]","args":[{"selector":{"id":"application-managepricingrules-display-component---newInfoPriceItem--calcBase-arrow"},"wdio_ui5_key":"applicationmanagepricingrules-display-component---newInfoPriceItem--calcBase-arrow"}]}
RESULT: undefined
COMMAND: POST /session/3c9b041fc044676a58cc73ba58d1a297/element - {"using":"xpath","value":"//*[@id=\"application-managepricingrules-display-component---newInfoPriceItem--calcBase-arrow\"]"}
RESULT: {}
RESULT: {"using":"xpath","value":"//*[@id=\"application-managepricingrules-display-component---newInfoPriceItem--calcBase-arrow\"]"}
COMMAND: POST /session/3c9b041fc044676a58cc73ba58d1a297/element/f.9E3361242BDECB3802103B61B67CD02C.d.337907D03B0BE71D55C00205F9F50EA1.e.13270/click - {}
RESULT: {}
COMMAND: GET /session/3c9b041fc044676a58cc73ba58d1a297/screenshot - {}
RESULT: {}
COMMAND: POST /session/3c9b041fc044676a58cc73ba58d1a297/element - {"using":"xpath","value":"//span[contains(text(), \"0006 - TB(calendar days)\")]"}
RESULT: {"using":"xpath","value":"//span[contains(text(), \"0006 - TB(calendar days)\")]"}
COMMAND: POST /session/3c9b041fc044676a58cc73ba58d1a297/element/f.9E3361242BDECB3802103B61B67CD02C.d.337907D03B0BE71D55C00205F9F50EA1.e.13301/click - {}
RESULT: {}
COMMAND: GET /session/3c9b041fc044676a58cc73ba58d1a297/screenshot - {}
RESULT: {}
COMMAND: POST /session/3c9b041fc044676a58cc73ba58d1a297/execute/async - {"script":"<script> [1562 bytes]","args":[{"selector":{"id":"application-managepricingrules-display-component---newInfoPriceItem--daysMonth","interaction":{"idSuffix":"inner"}},"wdio_ui5_key":"applicationmanagepricingrules-display-component---newInfoPriceItem--daysMonth"}]}
RESULT: {"script":"<script> [1562 bytes]","args":[{"selector":{"id":"application-managepricingrules-display-component---newInfoPriceItem--daysMonth","interaction":{"idSuffix":"inner"}},"wdio_ui5_key":"applicationmanagepricingrules-display-component---newInfoPriceItem--daysMonth"}]}
RESULT: undefined
COMMAND: POST /session/3c9b041fc044676a58cc73ba58d1a297/execute/async - {"script":"<script> [776 bytes]","args":[{"enterText":"30","selector":{"id":"application-managepricingrules-display-component---newInfoPriceItem--daysMonth","interaction":{"idSuffix":"inner"}},"clearTextFirst":true,"interactionType":"ENTER_TEXT"}]}
RESULT: {"script":"<script> [776 bytes]","args":[{"enterText":"30","selector":{"id":"application-managepricingrules-display-component---newInfoPriceItem--daysMonth","interaction":{"idSuffix":"inner"}},"clearTextFirst":true,"interactionType":"ENTER_TEXT"}]}
COMMAND: POST /session/3c9b041fc044676a58cc73ba58d1a297/element - {"using":"xpath","value":"//button[@data-kt=\"saveNewRuleButton\"]"}
RESULT: {"using":"xpath","value":"//button[@data-kt=\"saveNewRuleButton\"]"}
COMMAND: POST /session/3c9b041fc044676a58cc73ba58d1a297/element/f.9E3361242BDECB3802103B61B67CD02C.d.337907D03B0BE71D55C00205F9F50EA1.e.13290/click - {}
RESULT: {}
COMMAND: GET /session/3c9b041fc044676a58cc73ba58d1a297/screenshot - {}
RESULT: {}
COMMAND: POST /session/3c9b041fc044676a58cc73ba58d1a297/execute/async - {"script":"<script> [1562 bytes]","args":[{"selector":{"id":"application-managepricingrules-display-component---priceInfoItem--smartFilterBar-btnBasicSearch","interaction":{"idSuffix":"I"}},"wdio_ui5_key":"applicationmanagepricingrules-display-component---priceInfoItem--smartFilterBar-btnBasicSearch"}]}
RESULT: {"script":"<script> [1562 bytes]","args":[{"selector":{"id":"application-managepricingrules-display-component---priceInfoItem--smartFilterBar-btnBasicSearch","interaction":{"idSuffix":"I"}},"wdio_ui5_key":"applicationmanagepricingrules-display-component---priceInfoItem--smartFilterBar-btnBasicSearch"}]}
RESULT: undefined
COMMAND: POST /session/3c9b041fc044676a58cc73ba58d1a297/execute/async - {"script":"<script> [776 bytes]","args":[{"enterText":"ZQ4m1siJZc","selector":{"id":"application-managepricingrules-display-component---priceInfoItem--smartFilterBar-btnBasicSearch","interaction":{"idSuffix":"I"}},"clearTextFirst":true,"interactionType":"ENTER_TEXT"}]}
RESULT: {"script":"<script> [776 bytes]","args":[{"enterText":"ZQ4m1siJZc","selector":{"id":"application-managepricingrules-display-component---priceInfoItem--smartFilterBar-btnBasicSearch","interaction":{"idSuffix":"I"}},"clearTextFirst":true,"interactionType":"ENTER_TEXT"}]}
COMMAND: POST /session/3c9b041fc044676a58cc73ba58d1a297/actions - {"actions":[{"id":"action62","type":"key","parameters":{},"actions":[{"type":"keyDown","value":"î€‡"},{"type":"pause","duration":10},{"type":"keyUp","value":"î€‡"}]}]}
RESULT: {"actions":[{"id":"action62","type":"key","parameters":{},"actions":[{"type":"keyDown","value":"î€‡"},{"type":"pause","duration":10},{"type":"keyUp","value":"î€‡"}]}]}
COMMAND: GET /session/3c9b041fc044676a58cc73ba58d1a297/screenshot - {}
RESULT: {}
COMMAND: POST /session/3c9b041fc044676a58cc73ba58d1a297/element - {"using":"xpath","value":"//span[@id=\"application-managepricingrules-display-component---priceInfoItem--smartTable-header-inner\"]"}
RESULT: {"using":"xpath","value":"//span[@id=\"application-managepricingrules-display-component---priceInfoItem--smartTable-header-inner\"]"}
COMMAND: POST /session/3c9b041fc044676a58cc73ba58d1a297/elements - {"using":"xpath","value":"//span[@id=\"application-managepricingrules-display-component---priceInfoItem--smartTable-header-inner\"]"}
RESULT: {"using":"xpath","value":"//span[@id=\"application-managepricingrules-display-component---priceInfoItem--smartTable-header-inner\"]"}
COMMAND: POST /session/3c9b041fc044676a58cc73ba58d1a297/execute/sync - {"script":"<script> [56 bytes]","args":[{"element-6066-11e4-a52e-4f735466cecf":"f.9E3361242BDECB3802103B61B67CD02C.d.337907D03B0BE71D55C00205F9F50EA1.e.13315","ELEMENT":"f.9E3361242BDECB3802103B61B67CD02C.d.337907D03B0BE71D55C00205F9F50EA1.e.13315"}]}
RESULT: {"script":"<script> [56 bytes]","args":[{"element-6066-11e4-a52e-4f735466cecf":"f.9E3361242BDECB3802103B61B67CD02C.d.337907D03B0BE71D55C00205F9F50EA1.e.13315","ELEMENT":"f.9E3361242BDECB3802103B61B67CD02C.d.337907D03B0BE71D55C00205F9F50EA1.e.13315"}]}
COMMAND: POST /session/3c9b041fc044676a58cc73ba58d1a297/element - {"using":"css selector","value":"#shell-header-logo"}
COMMAND: GET /session/3c9b041fc044676a58cc73ba58d1a297/screenshot - {}
RESULT: {"using":"css selector","value":"#shell-header-logo"}
COMMAND: POST /session/3c9b041fc044676a58cc73ba58d1a297/element/f.9E3361242BDECB3802103B61B67CD02C.d.337907D03B0BE71D55C00205F9F50EA1.e.12441/click - {}
RESULT: {}
RESULT: {}
COMMAND: GET /session/3c9b041fc044676a58cc73ba58d1a297/screenshot - {}
RESULT: {}
]]></system-out>
    </testcase>
    <testcase classname="chrome.136_0_7103_49.windows.Billing_Calculation_-_Time_based_(considering_transport_times)_US139738" name="Should create new pricing condition for the equipment" time="64.943">
      <system-out><![CDATA[
COMMAND: POST /session/3c9b041fc044676a58cc73ba58d1a297/execute/async - {"script":"<script> [1562 bytes]","args":[{"selector":{"controlType":"sap.m.Text","properties":{"text":"Manage Conditions & Prices"},"interaction":{"idSuffix":"inner"}},"wdio_ui5_key":"sapm.Text{\"text\":\"Manage Conditions & Prices\"}"}]}
RESULT: {"script":"<script> [1562 bytes]","args":[{"selector":{"controlType":"sap.m.Text","properties":{"text":"Manage Conditions & Prices"},"interaction":{"idSuffix":"inner"}},"wdio_ui5_key":"sapm.Text{\"text\":\"Manage Conditions & Prices\"}"}]}
RESULT: undefined
COMMAND: POST /session/3c9b041fc044676a58cc73ba58d1a297/element - {"using":"xpath","value":"//*[@id=\"__tile53-title\"]"}
RESULT: {"using":"xpath","value":"//*[@id=\"__tile53-title\"]"}
COMMAND: POST /session/3c9b041fc044676a58cc73ba58d1a297/element/f.9E3361242BDECB3802103B61B67CD02C.d.337907D03B0BE71D55C00205F9F50EA1.e.13318/click - {}
RESULT: {}
COMMAND: POST /session/3c9b041fc044676a58cc73ba58d1a297/element - {"using":"xpath","value":"//button[@aria-label=\"Create\"]"}
COMMAND: GET /session/3c9b041fc044676a58cc73ba58d1a297/screenshot - {}
RESULT: {"using":"xpath","value":"//button[@aria-label=\"Create\"]"}
COMMAND: POST /session/3c9b041fc044676a58cc73ba58d1a297/elements - {"using":"xpath","value":"//button[@aria-label=\"Create\"]"}
RESULT: {}
RESULT: {"using":"xpath","value":"//button[@aria-label=\"Create\"]"}
COMMAND: POST /session/3c9b041fc044676a58cc73ba58d1a297/elements - {"using":"xpath","value":"//button[@aria-label=\"Create\"]"}
RESULT: {"using":"xpath","value":"//button[@aria-label=\"Create\"]"}
COMMAND: POST /session/3c9b041fc044676a58cc73ba58d1a297/elements - {"using":"xpath","value":"//button[@aria-label=\"Create\"]"}
RESULT: {"using":"xpath","value":"//button[@aria-label=\"Create\"]"}
COMMAND: POST /session/3c9b041fc044676a58cc73ba58d1a297/elements - {"using":"xpath","value":"//button[@aria-label=\"Create\"]"}
RESULT: {"using":"xpath","value":"//button[@aria-label=\"Create\"]"}
COMMAND: POST /session/3c9b041fc044676a58cc73ba58d1a297/elements - {"using":"xpath","value":"//button[@aria-label=\"Create\"]"}
RESULT: {"using":"xpath","value":"//button[@aria-label=\"Create\"]"}
COMMAND: POST /session/3c9b041fc044676a58cc73ba58d1a297/elements - {"using":"xpath","value":"//button[@aria-label=\"Create\"]"}
RESULT: {"using":"xpath","value":"//button[@aria-label=\"Create\"]"}
COMMAND: POST /session/3c9b041fc044676a58cc73ba58d1a297/elements - {"using":"xpath","value":"//button[@aria-label=\"Create\"]"}
RESULT: {"using":"xpath","value":"//button[@aria-label=\"Create\"]"}
COMMAND: POST /session/3c9b041fc044676a58cc73ba58d1a297/elements - {"using":"xpath","value":"//button[@aria-label=\"Create\"]"}
RESULT: {"using":"xpath","value":"//button[@aria-label=\"Create\"]"}
COMMAND: POST /session/3c9b041fc044676a58cc73ba58d1a297/elements - {"using":"xpath","value":"//button[@aria-label=\"Create\"]"}
RESULT: {"using":"xpath","value":"//button[@aria-label=\"Create\"]"}
COMMAND: POST /session/3c9b041fc044676a58cc73ba58d1a297/elements - {"using":"xpath","value":"//button[@aria-label=\"Create\"]"}
RESULT: {"using":"xpath","value":"//button[@aria-label=\"Create\"]"}
COMMAND: POST /session/3c9b041fc044676a58cc73ba58d1a297/elements - {"using":"xpath","value":"//button[@aria-label=\"Create\"]"}
RESULT: {"using":"xpath","value":"//button[@aria-label=\"Create\"]"}
COMMAND: POST /session/3c9b041fc044676a58cc73ba58d1a297/elements - {"using":"xpath","value":"//button[@aria-label=\"Create\"]"}
RESULT: {"using":"xpath","value":"//button[@aria-label=\"Create\"]"}
COMMAND: POST /session/3c9b041fc044676a58cc73ba58d1a297/elements - {"using":"xpath","value":"//button[@aria-label=\"Create\"]"}
RESULT: {"using":"xpath","value":"//button[@aria-label=\"Create\"]"}
COMMAND: POST /session/3c9b041fc044676a58cc73ba58d1a297/elements - {"using":"xpath","value":"//button[@aria-label=\"Create\"]"}
RESULT: {"using":"xpath","value":"//button[@aria-label=\"Create\"]"}
COMMAND: POST /session/3c9b041fc044676a58cc73ba58d1a297/elements - {"using":"xpath","value":"//button[@aria-label=\"Create\"]"}
RESULT: {"using":"xpath","value":"//button[@aria-label=\"Create\"]"}
COMMAND: POST /session/3c9b041fc044676a58cc73ba58d1a297/elements - {"using":"xpath","value":"//button[@aria-label=\"Create\"]"}
RESULT: {"using":"xpath","value":"//button[@aria-label=\"Create\"]"}
COMMAND: POST /session/3c9b041fc044676a58cc73ba58d1a297/elements - {"using":"xpath","value":"//button[@aria-label=\"Create\"]"}
RESULT: {"using":"xpath","value":"//button[@aria-label=\"Create\"]"}
COMMAND: POST /session/3c9b041fc044676a58cc73ba58d1a297/element - {"using":"xpath","value":"//button[@aria-label=\"Create\"]"}
RESULT: {"using":"xpath","value":"//button[@aria-label=\"Create\"]"}
COMMAND: POST /session/3c9b041fc044676a58cc73ba58d1a297/execute/sync - {"script":"<script> [8489 bytes]","args":[{"element-6066-11e4-a52e-4f735466cecf":"f.9E3361242BDECB3802103B61B67CD02C.d.337907D03B0BE71D55C00205F9F50EA1.e.13352","ELEMENT":"f.9E3361242BDECB3802103B61B67CD02C.d.337907D03B0BE71D55C00205F9F50EA1.e.13352"}]}
RESULT: {"script":"<script> [8489 bytes]","args":[{"element-6066-11e4-a52e-4f735466cecf":"f.9E3361242BDECB3802103B61B67CD02C.d.337907D03B0BE71D55C00205F9F50EA1.e.13352","ELEMENT":"f.9E3361242BDECB3802103B61B67CD02C.d.337907D03B0BE71D55C00205F9F50EA1.e.13352"}]}
COMMAND: GET /session/3c9b041fc044676a58cc73ba58d1a297/element/f.9E3361242BDECB3802103B61B67CD02C.d.337907D03B0BE71D55C00205F9F50EA1.e.13352/enabled - {}
COMMAND: GET /session/3c9b041fc044676a58cc73ba58d1a297/screenshot - {}
RESULT: {}
COMMAND: POST /session/3c9b041fc044676a58cc73ba58d1a297/execute/sync - {"script":"<script> [8489 bytes]","args":[{"element-6066-11e4-a52e-4f735466cecf":"f.9E3361242BDECB3802103B61B67CD02C.d.337907D03B0BE71D55C00205F9F50EA1.e.13352","ELEMENT":"f.9E3361242BDECB3802103B61B67CD02C.d.337907D03B0BE71D55C00205F9F50EA1.e.13352"}]}
COMMAND: GET /session/3c9b041fc044676a58cc73ba58d1a297/screenshot - {}
RESULT: {}
RESULT: {"script":"<script> [8489 bytes]","args":[{"element-6066-11e4-a52e-4f735466cecf":"f.9E3361242BDECB3802103B61B67CD02C.d.337907D03B0BE71D55C00205F9F50EA1.e.13352","ELEMENT":"f.9E3361242BDECB3802103B61B67CD02C.d.337907D03B0BE71D55C00205F9F50EA1.e.13352"}]}
COMMAND: POST /session/3c9b041fc044676a58cc73ba58d1a297/execute/sync - {"script":"<script> [5351 bytes]","args":[{"element-6066-11e4-a52e-4f735466cecf":"f.9E3361242BDECB3802103B61B67CD02C.d.337907D03B0BE71D55C00205F9F50EA1.e.13352","ELEMENT":"f.9E3361242BDECB3802103B61B67CD02C.d.337907D03B0BE71D55C00205F9F50EA1.e.13352"}]}
COMMAND: GET /session/3c9b041fc044676a58cc73ba58d1a297/screenshot - {}
RESULT: {}
RESULT: {"script":"<script> [5351 bytes]","args":[{"element-6066-11e4-a52e-4f735466cecf":"f.9E3361242BDECB3802103B61B67CD02C.d.337907D03B0BE71D55C00205F9F50EA1.e.13352","ELEMENT":"f.9E3361242BDECB3802103B61B67CD02C.d.337907D03B0BE71D55C00205F9F50EA1.e.13352"}]}
COMMAND: POST /session/3c9b041fc044676a58cc73ba58d1a297/element/f.9E3361242BDECB3802103B61B67CD02C.d.337907D03B0BE71D55C00205F9F50EA1.e.13352/click - {}
COMMAND: GET /session/3c9b041fc044676a58cc73ba58d1a297/screenshot - {}
RESULT: {}
RESULT: {}
COMMAND: GET /session/3c9b041fc044676a58cc73ba58d1a297/screenshot - {}
RESULT: {}
RESULT: {}
COMMAND: POST /session/3c9b041fc044676a58cc73ba58d1a297/actions - {"actions":[{"id":"action63","type":"key","parameters":{},"actions":[{"type":"keyDown","value":"î€‡"},{"type":"pause","duration":10},{"type":"keyUp","value":"î€‡"}]}]}
RESULT: {"actions":[{"id":"action63","type":"key","parameters":{},"actions":[{"type":"keyDown","value":"î€‡"},{"type":"pause","duration":10},{"type":"keyUp","value":"î€‡"}]}]}
COMMAND: GET /session/3c9b041fc044676a58cc73ba58d1a297/screenshot - {}
RESULT: {}
COMMAND: POST /session/3c9b041fc044676a58cc73ba58d1a297/execute/async - {"script":"<script> [1562 bytes]","args":[{"selector":{"id":"application-manageconditionprice-display-component---newCondition--condBillCond-arrow"},"wdio_ui5_key":"applicationmanageconditionprice-display-component---newCondition--condBillCond-arrow"}]}
RESULT: {"script":"<script> [1562 bytes]","args":[{"selector":{"id":"application-manageconditionprice-display-component---newCondition--condBillCond-arrow"},"wdio_ui5_key":"applicationmanageconditionprice-display-component---newCondition--condBillCond-arrow"}]}
RESULT: undefined
COMMAND: POST /session/3c9b041fc044676a58cc73ba58d1a297/element - {"using":"xpath","value":"//*[@id=\"application-manageconditionprice-display-component---newCondition--condBillCond-arrow\"]"}
RESULT: {"using":"xpath","value":"//*[@id=\"application-manageconditionprice-display-component---newCondition--condBillCond-arrow\"]"}
COMMAND: POST /session/3c9b041fc044676a58cc73ba58d1a297/element/f.9E3361242BDECB3802103B61B67CD02C.d.337907D03B0BE71D55C00205F9F50EA1.e.13529/click - {}
RESULT: {}
COMMAND: GET /session/3c9b041fc044676a58cc73ba58d1a297/screenshot - {}
RESULT: {}
COMMAND: POST /session/3c9b041fc044676a58cc73ba58d1a297/element - {"using":"xpath","value":"//li[.//span[contains(text(), \"DISP - D&I special price\")]]"}
RESULT: {"using":"xpath","value":"//li[.//span[contains(text(), \"DISP - D&I special price\")]]"}
COMMAND: POST /session/3c9b041fc044676a58cc73ba58d1a297/element/f.9E3361242BDECB3802103B61B67CD02C.d.337907D03B0BE71D55C00205F9F50EA1.e.13532/click - {}
RESULT: {}
COMMAND: GET /session/3c9b041fc044676a58cc73ba58d1a297/screenshot - {}
RESULT: {}
COMMAND: POST /session/3c9b041fc044676a58cc73ba58d1a297/execute/async - {"script":"<script> [1562 bytes]","args":[{"selector":{"id":"application-manageconditionprice-display-component---newCondition--condValidTo","interaction":{"idSuffix":"inner"}},"wdio_ui5_key":"applicationmanageconditionprice-display-component---newCondition--condValidTo"}]}
RESULT: {"script":"<script> [1562 bytes]","args":[{"selector":{"id":"application-manageconditionprice-display-component---newCondition--condValidTo","interaction":{"idSuffix":"inner"}},"wdio_ui5_key":"applicationmanageconditionprice-display-component---newCondition--condValidTo"}]}
RESULT: undefined
COMMAND: POST /session/3c9b041fc044676a58cc73ba58d1a297/execute/async - {"script":"<script> [776 bytes]","args":[{"enterText":"01/13/26","selector":{"id":"application-manageconditionprice-display-component---newCondition--condValidTo","interaction":{"idSuffix":"inner"}},"clearTextFirst":true,"interactionType":"ENTER_TEXT"}]}
RESULT: {"script":"<script> [776 bytes]","args":[{"enterText":"01/13/26","selector":{"id":"application-manageconditionprice-display-component---newCondition--condValidTo","interaction":{"idSuffix":"inner"}},"clearTextFirst":true,"interactionType":"ENTER_TEXT"}]}
COMMAND: POST /session/3c9b041fc044676a58cc73ba58d1a297/element - {"using":"xpath","value":"//input[@id=\"application-manageconditionprice-display-component---newCondition--condRU-inner\"]"}
RESULT: {"using":"xpath","value":"//input[@id=\"application-manageconditionprice-display-component---newCondition--condRU-inner\"]"}
COMMAND: POST /session/3c9b041fc044676a58cc73ba58d1a297/element/f.9E3361242BDECB3802103B61B67CD02C.d.337907D03B0BE71D55C00205F9F50EA1.e.13393/clear - {}
RESULT: {}
COMMAND: POST /session/3c9b041fc044676a58cc73ba58d1a297/element/f.9E3361242BDECB3802103B61B67CD02C.d.337907D03B0BE71D55C00205F9F50EA1.e.13393/value - {"text":"ZQ4m1siJZc"}
COMMAND: GET /session/3c9b041fc044676a58cc73ba58d1a297/screenshot - {}
RESULT: {"text":"ZQ4m1siJZc"}
COMMAND: GET /session/3c9b041fc044676a58cc73ba58d1a297/screenshot - {}
RESULT: {}
RESULT: {}
COMMAND: POST /session/3c9b041fc044676a58cc73ba58d1a297/actions - {"actions":[{"id":"action64","type":"key","parameters":{},"actions":[{"type":"keyDown","value":"î€‡"},{"type":"pause","duration":10},{"type":"keyUp","value":"î€‡"}]}]}
RESULT: {"actions":[{"id":"action64","type":"key","parameters":{},"actions":[{"type":"keyDown","value":"î€‡"},{"type":"pause","duration":10},{"type":"keyUp","value":"î€‡"}]}]}
COMMAND: POST /session/3c9b041fc044676a58cc73ba58d1a297/execute/async - {"script":"<script> [1562 bytes]","args":[{"selector":{"id":"application-manageconditionprice-display-component---newCondition--condBaseQty","interaction":{"idSuffix":"inner"}},"wdio_ui5_key":"applicationmanageconditionprice-display-component---newCondition--condBaseQty"}]}
COMMAND: GET /session/3c9b041fc044676a58cc73ba58d1a297/screenshot - {}
RESULT: {"script":"<script> [1562 bytes]","args":[{"selector":{"id":"application-manageconditionprice-display-component---newCondition--condBaseQty","interaction":{"idSuffix":"inner"}},"wdio_ui5_key":"applicationmanageconditionprice-display-component---newCondition--condBaseQty"}]}
RESULT: undefined
COMMAND: POST /session/3c9b041fc044676a58cc73ba58d1a297/execute/async - {"script":"<script> [776 bytes]","args":[{"enterText":"1","selector":{"id":"application-manageconditionprice-display-component---newCondition--condBaseQty","interaction":{"idSuffix":"inner"}},"clearTextFirst":true,"interactionType":"ENTER_TEXT"}]}
RESULT: {}
RESULT: {"script":"<script> [776 bytes]","args":[{"enterText":"1","selector":{"id":"application-manageconditionprice-display-component---newCondition--condBaseQty","interaction":{"idSuffix":"inner"}},"clearTextFirst":true,"interactionType":"ENTER_TEXT"}]}
COMMAND: POST /session/3c9b041fc044676a58cc73ba58d1a297/execute/async - {"script":"<script> [1562 bytes]","args":[{"selector":{"id":"application-manageconditionprice-display-component---newCondition--condValue","interaction":{"idSuffix":"inner"}},"wdio_ui5_key":"applicationmanageconditionprice-display-component---newCondition--condValue"}]}
RESULT: {"script":"<script> [1562 bytes]","args":[{"selector":{"id":"application-manageconditionprice-display-component---newCondition--condValue","interaction":{"idSuffix":"inner"}},"wdio_ui5_key":"applicationmanageconditionprice-display-component---newCondition--condValue"}]}
RESULT: undefined
COMMAND: POST /session/3c9b041fc044676a58cc73ba58d1a297/execute/async - {"script":"<script> [776 bytes]","args":[{"enterText":"100","selector":{"id":"application-manageconditionprice-display-component---newCondition--condValue","interaction":{"idSuffix":"inner"}},"clearTextFirst":true,"interactionType":"ENTER_TEXT"}]}
RESULT: {"script":"<script> [776 bytes]","args":[{"enterText":"100","selector":{"id":"application-manageconditionprice-display-component---newCondition--condValue","interaction":{"idSuffix":"inner"}},"clearTextFirst":true,"interactionType":"ENTER_TEXT"}]}
COMMAND: POST /session/3c9b041fc044676a58cc73ba58d1a297/execute/async - {"script":"<script> [1562 bytes]","args":[{"selector":{"id":"application-manageconditionprice-display-component---newCondition--condCurr-arrow"},"wdio_ui5_key":"applicationmanageconditionprice-display-component---newCondition--condCurr-arrow"}]}
RESULT: {"script":"<script> [1562 bytes]","args":[{"selector":{"id":"application-manageconditionprice-display-component---newCondition--condCurr-arrow"},"wdio_ui5_key":"applicationmanageconditionprice-display-component---newCondition--condCurr-arrow"}]}
RESULT: undefined
COMMAND: POST /session/3c9b041fc044676a58cc73ba58d1a297/element - {"using":"xpath","value":"//*[@id=\"application-manageconditionprice-display-component---newCondition--condCurr-arrow\"]"}
RESULT: {"using":"xpath","value":"//*[@id=\"application-manageconditionprice-display-component---newCondition--condCurr-arrow\"]"}
COMMAND: POST /session/3c9b041fc044676a58cc73ba58d1a297/element/f.9E3361242BDECB3802103B61B67CD02C.d.337907D03B0BE71D55C00205F9F50EA1.e.13510/click - {}
RESULT: {}
COMMAND: POST /session/3c9b041fc044676a58cc73ba58d1a297/element - {"using":"xpath","value":"//span[contains(text(), \"Euro\")]"}
COMMAND: GET /session/3c9b041fc044676a58cc73ba58d1a297/screenshot - {}
RESULT: {"using":"xpath","value":"//span[contains(text(), \"Euro\")]"}
COMMAND: POST /session/3c9b041fc044676a58cc73ba58d1a297/element/f.9E3361242BDECB3802103B61B67CD02C.d.337907D03B0BE71D55C00205F9F50EA1.e.13569/click - {}
RESULT: {}
RESULT: {}
COMMAND: POST /session/3c9b041fc044676a58cc73ba58d1a297/element - {"using":"xpath","value":"//button[@data-kt=\"saveButton\"]"}
COMMAND: GET /session/3c9b041fc044676a58cc73ba58d1a297/screenshot - {}
RESULT: {"using":"xpath","value":"//button[@data-kt=\"saveButton\"]"}
COMMAND: POST /session/3c9b041fc044676a58cc73ba58d1a297/element/f.9E3361242BDECB3802103B61B67CD02C.d.337907D03B0BE71D55C00205F9F50EA1.e.13511/click - {}
RESULT: {}
RESULT: {}
COMMAND: GET /session/3c9b041fc044676a58cc73ba58d1a297/screenshot - {}
RESULT: {}
COMMAND: POST /session/3c9b041fc044676a58cc73ba58d1a297/execute/async - {"script":"<script> [1562 bytes]","args":[{"selector":{"id":"application-manageconditionprice-display-component---conditions--smartFilterBar-btnBasicSearch","interaction":{"idSuffix":"I"}},"wdio_ui5_key":"applicationmanageconditionprice-display-component---conditions--smartFilterBar-btnBasicSearch"}]}
RESULT: {"script":"<script> [1562 bytes]","args":[{"selector":{"id":"application-manageconditionprice-display-component---conditions--smartFilterBar-btnBasicSearch","interaction":{"idSuffix":"I"}},"wdio_ui5_key":"applicationmanageconditionprice-display-component---conditions--smartFilterBar-btnBasicSearch"}]}
RESULT: undefined
COMMAND: POST /session/3c9b041fc044676a58cc73ba58d1a297/execute/async - {"script":"<script> [776 bytes]","args":[{"enterText":"ZQ4m1siJZc","selector":{"id":"application-manageconditionprice-display-component---conditions--smartFilterBar-btnBasicSearch","interaction":{"idSuffix":"I"}},"clearTextFirst":true,"interactionType":"ENTER_TEXT"}]}
RESULT: {"script":"<script> [776 bytes]","args":[{"enterText":"ZQ4m1siJZc","selector":{"id":"application-manageconditionprice-display-component---conditions--smartFilterBar-btnBasicSearch","interaction":{"idSuffix":"I"}},"clearTextFirst":true,"interactionType":"ENTER_TEXT"}]}
COMMAND: POST /session/3c9b041fc044676a58cc73ba58d1a297/actions - {"actions":[{"id":"action65","type":"key","parameters":{},"actions":[{"type":"keyDown","value":"î€‡"},{"type":"pause","duration":10},{"type":"keyUp","value":"î€‡"}]}]}
RESULT: {"actions":[{"id":"action65","type":"key","parameters":{},"actions":[{"type":"keyDown","value":"î€‡"},{"type":"pause","duration":10},{"type":"keyUp","value":"î€‡"}]}]}
COMMAND: GET /session/3c9b041fc044676a58cc73ba58d1a297/screenshot - {}
RESULT: {}
COMMAND: POST /session/3c9b041fc044676a58cc73ba58d1a297/execute/async - {"script":"<script> [1562 bytes]","args":[{"selector":{"id":"application-manageconditionprice-display-component---conditions--smartFilterBar-filterItemControl_BASIC-BILL_TYPES-vhi"},"wdio_ui5_key":"applicationmanageconditionprice-display-component---conditions--smartFilterBar-filterItemControl_BASIC-BILL_TYPES-vhi"}]}
RESULT: {"script":"<script> [1562 bytes]","args":[{"selector":{"id":"application-manageconditionprice-display-component---conditions--smartFilterBar-filterItemControl_BASIC-BILL_TYPES-vhi"},"wdio_ui5_key":"applicationmanageconditionprice-display-component---conditions--smartFilterBar-filterItemControl_BASIC-BILL_TYPES-vhi"}]}
RESULT: undefined
COMMAND: POST /session/3c9b041fc044676a58cc73ba58d1a297/element - {"using":"xpath","value":"//*[@id=\"application-manageconditionprice-display-component---conditions--smartFilterBar-filterItemControl_BASIC-BILL_TYPES-vhi\"]"}
RESULT: {"using":"xpath","value":"//*[@id=\"application-manageconditionprice-display-component---conditions--smartFilterBar-filterItemControl_BASIC-BILL_TYPES-vhi\"]"}
COMMAND: POST /session/3c9b041fc044676a58cc73ba58d1a297/element/f.9E3361242BDECB3802103B61B67CD02C.d.337907D03B0BE71D55C00205F9F50EA1.e.13676/click - {}
RESULT: {}
COMMAND: POST /session/3c9b041fc044676a58cc73ba58d1a297/execute/async - {"script":"<script> [1562 bytes]","args":[{"selector":{"id":"application-manageconditionprice-display-component---conditions--smartFilterBar-filterItemControl_BASIC-BILL_TYPES-valueHelpDialog-smartFilterBar-btnBasicSearch","searchOpenDialogs":true,"interaction":{"idSuffix":"I"}},"wdio_ui5_key":"applicationmanageconditionprice-display-component---conditions--smartFilterBar-filterItemControl_BASIC-BILL_TYPES-valueHelpDialog-smartFilterBar-btnBasicSearch"}]}
COMMAND: GET /session/3c9b041fc044676a58cc73ba58d1a297/screenshot - {}
RESULT: {"script":"<script> [1562 bytes]","args":[{"selector":{"id":"application-manageconditionprice-display-component---conditions--smartFilterBar-filterItemControl_BASIC-BILL_TYPES-valueHelpDialog-smartFilterBar-btnBasicSearch","searchOpenDialogs":true,"interaction":{"idSuffix":"I"}},"wdio_ui5_key":"applicationmanageconditionprice-display-component---conditions--smartFilterBar-filterItemControl_BASIC-BILL_TYPES-valueHelpDialog-smartFilterBar-btnBasicSearch"}]}
RESULT: undefined
COMMAND: POST /session/3c9b041fc044676a58cc73ba58d1a297/execute/async - {"script":"<script> [776 bytes]","args":[{"enterText":"TB","selector":{"id":"application-manageconditionprice-display-component---conditions--smartFilterBar-filterItemControl_BASIC-BILL_TYPES-valueHelpDialog-smartFilterBar-btnBasicSearch","searchOpenDialogs":true,"interaction":{"idSuffix":"I"}},"clearTextFirst":true,"interactionType":"ENTER_TEXT"}]}
RESULT: {}
RESULT: {"script":"<script> [776 bytes]","args":[{"enterText":"TB","selector":{"id":"application-manageconditionprice-display-component---conditions--smartFilterBar-filterItemControl_BASIC-BILL_TYPES-valueHelpDialog-smartFilterBar-btnBasicSearch","searchOpenDialogs":true,"interaction":{"idSuffix":"I"}},"clearTextFirst":true,"interactionType":"ENTER_TEXT"}]}
COMMAND: POST /session/3c9b041fc044676a58cc73ba58d1a297/actions - {"actions":[{"id":"action66","type":"key","parameters":{},"actions":[{"type":"keyDown","value":"î€‡"},{"type":"pause","duration":10},{"type":"keyUp","value":"î€‡"}]}]}
RESULT: {"actions":[{"id":"action66","type":"key","parameters":{},"actions":[{"type":"keyDown","value":"î€‡"},{"type":"pause","duration":10},{"type":"keyUp","value":"î€‡"}]}]}
COMMAND: GET /session/3c9b041fc044676a58cc73ba58d1a297/screenshot - {}
RESULT: {}
COMMAND: POST /session/3c9b041fc044676a58cc73ba58d1a297/element - {"using":"xpath","value":"//div[contains(@id, 'application-manageconditionprice-display-component---conditions--smartFilterBar-filterItemControl_BASIC-BILL_TYPES-valueHelpDialog-table-rowsel0')]"}
RESULT: {"using":"xpath","value":"//div[contains(@id, 'application-manageconditionprice-display-component---conditions--smartFilterBar-filterItemControl_BASIC-BILL_TYPES-valueHelpDialog-table-rowsel0')]"}
COMMAND: POST /session/3c9b041fc044676a58cc73ba58d1a297/element/f.9E3361242BDECB3802103B61B67CD02C.d.337907D03B0BE71D55C00205F9F50EA1.e.13686/click - {}
RESULT: {}
COMMAND: GET /session/3c9b041fc044676a58cc73ba58d1a297/screenshot - {}
RESULT: {}
COMMAND: POST /session/3c9b041fc044676a58cc73ba58d1a297/element - {"using":"xpath","value":"//bdi[contains(text(), \"OK\")]"}
RESULT: {"using":"xpath","value":"//bdi[contains(text(), \"OK\")]"}
COMMAND: POST /session/3c9b041fc044676a58cc73ba58d1a297/element/f.9E3361242BDECB3802103B61B67CD02C.d.337907D03B0BE71D55C00205F9F50EA1.e.13688/click - {}
RESULT: {}
COMMAND: GET /session/3c9b041fc044676a58cc73ba58d1a297/screenshot - {}
RESULT: {}
COMMAND: POST /session/3c9b041fc044676a58cc73ba58d1a297/element - {"using":"xpath","value":"//span[@id=\"application-manageconditionprice-display-component---conditions--smartTable-header-inner\"]"}
RESULT: {"using":"xpath","value":"//span[@id=\"application-manageconditionprice-display-component---conditions--smartTable-header-inner\"]"}
COMMAND: POST /session/3c9b041fc044676a58cc73ba58d1a297/elements - {"using":"xpath","value":"//span[@id=\"application-manageconditionprice-display-component---conditions--smartTable-header-inner\"]"}
RESULT: {"using":"xpath","value":"//span[@id=\"application-manageconditionprice-display-component---conditions--smartTable-header-inner\"]"}
COMMAND: POST /session/3c9b041fc044676a58cc73ba58d1a297/execute/sync - {"script":"<script> [56 bytes]","args":[{"element-6066-11e4-a52e-4f735466cecf":"f.9E3361242BDECB3802103B61B67CD02C.d.337907D03B0BE71D55C00205F9F50EA1.e.13691","ELEMENT":"f.9E3361242BDECB3802103B61B67CD02C.d.337907D03B0BE71D55C00205F9F50EA1.e.13691"}]}
RESULT: {"script":"<script> [56 bytes]","args":[{"element-6066-11e4-a52e-4f735466cecf":"f.9E3361242BDECB3802103B61B67CD02C.d.337907D03B0BE71D55C00205F9F50EA1.e.13691","ELEMENT":"f.9E3361242BDECB3802103B61B67CD02C.d.337907D03B0BE71D55C00205F9F50EA1.e.13691"}]}
COMMAND: POST /session/3c9b041fc044676a58cc73ba58d1a297/element - {"using":"css selector","value":"#shell-header-logo"}
COMMAND: GET /session/3c9b041fc044676a58cc73ba58d1a297/screenshot - {}
RESULT: {"using":"css selector","value":"#shell-header-logo"}
COMMAND: POST /session/3c9b041fc044676a58cc73ba58d1a297/element/f.9E3361242BDECB3802103B61B67CD02C.d.337907D03B0BE71D55C00205F9F50EA1.e.13320/click - {}
RESULT: {}
RESULT: {}
COMMAND: GET /session/3c9b041fc044676a58cc73ba58d1a297/screenshot - {}
RESULT: {}
]]></system-out>
    </testcase>
  </testsuite>
</testsuites>