<?xml version="1.0" encoding="UTF-8"?>
<testsuites tests="1" failures="1" errors="1" skipped="0">
  <testsuite timestamp="2025-05-08T17:37:33" time="58.201" tests="1" failures="1" errors="1" skipped="0">
    <properties>
      <property name="specId" value="0" />
      <property name="suiteName" value="Create template type - creation of orders on handover US151389" />
      <property name="capabilities" value="chrome.135_0_7049_115.windows" />
      <property name="file" value="file:///D:/a/1/s/test/specs/ISC/create-template-creation-of-orders-on-handovers.spec.js" />
    </properties>
  </testsuite>
</testsuites>