<?xml version="1.0" encoding="UTF-8"?>
<testsuites tests="23" failures="14" errors="14" skipped="0">
  <testsuite timestamp="2025-04-27T17:47:55" time="868.78" tests="6" failures="5" errors="5" skipped="0">
    <properties>
      <property name="specId" value="0" />
      <property name="suiteName" value="Standard contract - add contract items by Insert Request US118222" />
      <property name="capabilities" value="chrome.135_0_7049_96.windows" />
      <property name="file" value="file:///D:/a/1/s/test/specs/R2C/standard-contract-add-contract-items-by-insert-request.spec.js" />
    </properties>
    <testcase classname="chrome.135_0_7049_96.windows.Standard_contract_-_add_contract_items_by_Insert_Request_US118222" name="Should create prerequisites yard partner site material and equipment" time="332.402">
      <system-out><![CDATA[
COMMAND: POST /session/b0367baf27973c5edc08b2b37b2bc6c3/execute/async - {"script":"<script> [1562 bytes]","args":[{"selector":{"controlType":"sap.m.GenericTile","properties":{"header":"Manage Yards"}},"wdio_ui5_key":"sapm.GenericTile{\"header\":\"Manage Yards\"}"}]}
RESULT: {"script":"<script> [1562 bytes]","args":[{"selector":{"controlType":"sap.m.GenericTile","properties":{"header":"Manage Yards"}},"wdio_ui5_key":"sapm.GenericTile{\"header\":\"Manage Yards\"}"}]}
RESULT: undefined
COMMAND: POST /session/b0367baf27973c5edc08b2b37b2bc6c3/element - {"using":"xpath","value":"//*[@id=\"__tile41\"]"}
RESULT: {"using":"xpath","value":"//*[@id=\"__tile41\"]"}
COMMAND: POST /session/b0367baf27973c5edc08b2b37b2bc6c3/element/f.9BFDF912BED0EE2DD1184AF57B04AD28.d.BC9E7E16D1550762CFE778E6E6966563.e.119/click - {}
RESULT: {}
COMMAND: GET /session/b0367baf27973c5edc08b2b37b2bc6c3/screenshot - {}
RESULT: {}
COMMAND: POST /session/b0367baf27973c5edc08b2b37b2bc6c3/execute/async - {"script":"<script> [1562 bytes]","args":[{"selector":{"controlType":"sap.ui.core.Icon","viewName":"etm.portal.ui.manageyards.view.Master","viewId":"application-manageyards-display-component---masterYard","properties":{"src":{"regex":{"source":"add"}}}},"wdio_ui5_key":"etmportal.ui.manageyards.view.Mastersap.ui.core.Icon{\"src\":{\"regex\":{\"source\":\"add\"}}}"}]}
RESULT: {"script":"<script> [1562 bytes]","args":[{"selector":{"controlType":"sap.ui.core.Icon","viewName":"etm.portal.ui.manageyards.view.Master","viewId":"application-manageyards-display-component---masterYard","properties":{"src":{"regex":{"source":"add"}}}},"wdio_ui5_key":"etmportal.ui.manageyards.view.Mastersap.ui.core.Icon{\"src\":{\"regex\":{\"source\":\"add\"}}}"}]}
RESULT: undefined
COMMAND: POST /session/b0367baf27973c5edc08b2b37b2bc6c3/element - {"using":"xpath","value":"//*[@id=\"__button4-img\"]"}
RESULT: {"using":"xpath","value":"//*[@id=\"__button4-img\"]"}
COMMAND: POST /session/b0367baf27973c5edc08b2b37b2bc6c3/element/f.9BFDF912BED0EE2DD1184AF57B04AD28.d.BC9E7E16D1550762CFE778E6E6966563.e.165/click - {}
RESULT: {}
COMMAND: GET /session/b0367baf27973c5edc08b2b37b2bc6c3/screenshot - {}
RESULT: {}
COMMAND: POST /session/b0367baf27973c5edc08b2b37b2bc6c3/execute/async - {"script":"<script> [1562 bytes]","args":[{"selector":{"id":"application-manageyards-display-component---NewYard--yardId","interaction":{"idSuffix":"inner"}},"wdio_ui5_key":"applicationmanageyards-display-component---NewYard--yardId"}]}
RESULT: {"script":"<script> [1562 bytes]","args":[{"selector":{"id":"application-manageyards-display-component---NewYard--yardId","interaction":{"idSuffix":"inner"}},"wdio_ui5_key":"applicationmanageyards-display-component---NewYard--yardId"}]}
RESULT: undefined
COMMAND: POST /session/b0367baf27973c5edc08b2b37b2bc6c3/element - {"using":"xpath","value":"//*[@id=\"application-manageyards-display-component---NewYard--addressDetailDetailsName1-inner\"]"}
RESULT: {"using":"xpath","value":"//*[@id=\"application-manageyards-display-component---NewYard--addressDetailDetailsName1-inner\"]"}
COMMAND: POST /session/b0367baf27973c5edc08b2b37b2bc6c3/element/f.9BFDF912BED0EE2DD1184AF57B04AD28.d.BC9E7E16D1550762CFE778E6E6966563.e.380/clear - {}
RESULT: {}
COMMAND: POST /session/b0367baf27973c5edc08b2b37b2bc6c3/element/f.9BFDF912BED0EE2DD1184AF57B04AD28.d.BC9E7E16D1550762CFE778E6E6966563.e.380/value - {"text":"WebdriverYarde29fcj"}
COMMAND: GET /session/b0367baf27973c5edc08b2b37b2bc6c3/screenshot - {}
RESULT: {"text":"WebdriverYarde29fcj"}
COMMAND: POST /session/b0367baf27973c5edc08b2b37b2bc6c3/element - {"using":"xpath","value":"//*[@id=\"application-manageyards-display-component---NewYard--addressDetailDetailsLanguage-inner\"]"}
COMMAND: GET /session/b0367baf27973c5edc08b2b37b2bc6c3/screenshot - {}
RESULT: {}
RESULT: {"using":"xpath","value":"//*[@id=\"application-manageyards-display-component---NewYard--addressDetailDetailsLanguage-inner\"]"}
COMMAND: POST /session/b0367baf27973c5edc08b2b37b2bc6c3/element/f.9BFDF912BED0EE2DD1184AF57B04AD28.d.BC9E7E16D1550762CFE778E6E6966563.e.381/clear - {}
RESULT: {}
RESULT: {}
COMMAND: POST /session/b0367baf27973c5edc08b2b37b2bc6c3/element/f.9BFDF912BED0EE2DD1184AF57B04AD28.d.BC9E7E16D1550762CFE778E6E6966563.e.381/value - {"text":"Romanian"}
COMMAND: GET /session/b0367baf27973c5edc08b2b37b2bc6c3/screenshot - {}
RESULT: {"text":"Romanian"}
COMMAND: POST /session/b0367baf27973c5edc08b2b37b2bc6c3/element - {"using":"xpath","value":"//input[contains(@id ,\"application-manageyards-display-component---NewYard--addressDetailDetailsName1-inner\")]"}
COMMAND: GET /session/b0367baf27973c5edc08b2b37b2bc6c3/screenshot - {}
RESULT: {}
RESULT: {"using":"xpath","value":"//input[contains(@id ,\"application-manageyards-display-component---NewYard--addressDetailDetailsName1-inner\")]"}
COMMAND: GET /session/b0367baf27973c5edc08b2b37b2bc6c3/element/f.9BFDF912BED0EE2DD1184AF57B04AD28.d.BC9E7E16D1550762CFE778E6E6966563.e.380/property/value - {}
RESULT: {}
RESULT: {}
COMMAND: GET /session/b0367baf27973c5edc08b2b37b2bc6c3/screenshot - {}
RESULT: {}
COMMAND: POST /session/b0367baf27973c5edc08b2b37b2bc6c3/element - {"using":"xpath","value":"//*[@id=\"application-manageyards-display-component---NewYard--addressDetailDetailsCity1-inner\"]"}
RESULT: {"using":"xpath","value":"//*[@id=\"application-manageyards-display-component---NewYard--addressDetailDetailsCity1-inner\"]"}
COMMAND: POST /session/b0367baf27973c5edc08b2b37b2bc6c3/element/f.9BFDF912BED0EE2DD1184AF57B04AD28.d.BC9E7E16D1550762CFE778E6E6966563.e.383/clear - {}
RESULT: {}
COMMAND: POST /session/b0367baf27973c5edc08b2b37b2bc6c3/element/f.9BFDF912BED0EE2DD1184AF57B04AD28.d.BC9E7E16D1550762CFE778E6E6966563.e.383/value - {"text":"Bucuresti"}
COMMAND: GET /session/b0367baf27973c5edc08b2b37b2bc6c3/screenshot - {}
RESULT: {"text":"Bucuresti"}
COMMAND: GET /session/b0367baf27973c5edc08b2b37b2bc6c3/screenshot - {}
RESULT: {}
RESULT: {}
COMMAND: POST /session/b0367baf27973c5edc08b2b37b2bc6c3/element - {"using":"xpath","value":"//*[@id=\"application-manageyards-display-component---NewYard--addressDetailDetailsCountry-inner\"]"}
RESULT: {"using":"xpath","value":"//*[@id=\"application-manageyards-display-component---NewYard--addressDetailDetailsCountry-inner\"]"}
COMMAND: POST /session/b0367baf27973c5edc08b2b37b2bc6c3/element/f.9BFDF912BED0EE2DD1184AF57B04AD28.d.BC9E7E16D1550762CFE778E6E6966563.e.387/clear - {}
RESULT: {}
COMMAND: POST /session/b0367baf27973c5edc08b2b37b2bc6c3/element/f.9BFDF912BED0EE2DD1184AF57B04AD28.d.BC9E7E16D1550762CFE778E6E6966563.e.387/value - {"text":"Romania"}
COMMAND: GET /session/b0367baf27973c5edc08b2b37b2bc6c3/screenshot - {}
RESULT: {"text":"Romania"}
COMMAND: GET /session/b0367baf27973c5edc08b2b37b2bc6c3/screenshot - {}
RESULT: {}
RESULT: {}
COMMAND: POST /session/b0367baf27973c5edc08b2b37b2bc6c3/element - {"using":"xpath","value":"//div[contains(text(), \"Commercial\")]"}
RESULT: {"using":"xpath","value":"//div[contains(text(), \"Commercial\")]"}
COMMAND: GET /session/b0367baf27973c5edc08b2b37b2bc6c3/element/f.9BFDF912BED0EE2DD1184AF57B04AD28.d.BC9E7E16D1550762CFE778E6E6966563.e.575/rect - {}
RESULT: {}
COMMAND: GET /session/b0367baf27973c5edc08b2b37b2bc6c3/window/rect - {}
RESULT: {}
COMMAND: POST /session/b0367baf27973c5edc08b2b37b2bc6c3/execute/sync - {"script":"<script> [92 bytes]","args":[]}
RESULT: {"script":"<script> [92 bytes]","args":[]}
COMMAND: POST /session/b0367baf27973c5edc08b2b37b2bc6c3/actions - {"actions":[{"id":"action1","type":"wheel","parameters":{},"actions":[{"type":"scroll","x":-1841,"y":-44,"deltaX":0,"deltaY":0,"duration":0,"origin":{"element-6066-11e4-a52e-4f735466cecf":"f.9BFDF912BED0EE2DD1184AF57B04AD28.d.BC9E7E16D1550762CFE778E6E6966563.e.575"}}]}]}
COMMAND: GET /session/b0367baf27973c5edc08b2b37b2bc6c3/screenshot - {}
RESULT: {}
COMMAND: POST /session/b0367baf27973c5edc08b2b37b2bc6c3/execute/sync - {"script":"<script> [79 bytes]","args":[{"element-6066-11e4-a52e-4f735466cecf":"f.9BFDF912BED0EE2DD1184AF57B04AD28.d.BC9E7E16D1550762CFE778E6E6966563.e.575","ELEMENT":"f.9BFDF912BED0EE2DD1184AF57B04AD28.d.BC9E7E16D1550762CFE778E6E6966563.e.575"},{"block":"start","inline":"nearest"}]}
RESULT: {"script":"<script> [79 bytes]","args":[{"element-6066-11e4-a52e-4f735466cecf":"f.9BFDF912BED0EE2DD1184AF57B04AD28.d.BC9E7E16D1550762CFE778E6E6966563.e.575","ELEMENT":"f.9BFDF912BED0EE2DD1184AF57B04AD28.d.BC9E7E16D1550762CFE778E6E6966563.e.575"},{"block":"start","inline":"nearest"}]}
COMMAND: GET /session/b0367baf27973c5edc08b2b37b2bc6c3/screenshot - {}
RESULT: {}
COMMAND: POST /session/b0367baf27973c5edc08b2b37b2bc6c3/execute/async - {"script":"<script> [1562 bytes]","args":[{"selector":{"id":"application-manageyards-display-component---NewYard--addressEditDetailsCostObjectCstType-arrow"},"wdio_ui5_key":"applicationmanageyards-display-component---NewYard--addressEditDetailsCostObjectCstType-arrow"}]}
RESULT: {"script":"<script> [1562 bytes]","args":[{"selector":{"id":"application-manageyards-display-component---NewYard--addressEditDetailsCostObjectCstType-arrow"},"wdio_ui5_key":"applicationmanageyards-display-component---NewYard--addressEditDetailsCostObjectCstType-arrow"}]}
RESULT: undefined
COMMAND: POST /session/b0367baf27973c5edc08b2b37b2bc6c3/element - {"using":"xpath","value":"//*[@id=\"application-manageyards-display-component---NewYard--addressEditDetailsCostObjectCstType-arrow\"]"}
RESULT: {"using":"xpath","value":"//*[@id=\"application-manageyards-display-component---NewYard--addressEditDetailsCostObjectCstType-arrow\"]"}
COMMAND: POST /session/b0367baf27973c5edc08b2b37b2bc6c3/element/f.9BFDF912BED0EE2DD1184AF57B04AD28.d.BC9E7E16D1550762CFE778E6E6966563.e.584/click - {}
RESULT: {}
COMMAND: POST /session/b0367baf27973c5edc08b2b37b2bc6c3/element - {"using":"xpath","value":"//span[contains(text(), \"Cost Center\")]"}
COMMAND: GET /session/b0367baf27973c5edc08b2b37b2bc6c3/screenshot - {}
RESULT: {"using":"xpath","value":"//span[contains(text(), \"Cost Center\")]"}
COMMAND: POST /session/b0367baf27973c5edc08b2b37b2bc6c3/element/f.9BFDF912BED0EE2DD1184AF57B04AD28.d.BC9E7E16D1550762CFE778E6E6966563.e.585/click - {}
RESULT: {}
RESULT: {}
COMMAND: GET /session/b0367baf27973c5edc08b2b37b2bc6c3/screenshot - {}
RESULT: {}
COMMAND: POST /session/b0367baf27973c5edc08b2b37b2bc6c3/execute/async - {"script":"<script> [1562 bytes]","args":[{"selector":{"id":"application-manageyards-display-component---NewYard--addressNewCostObjectCstID-vhi"},"wdio_ui5_key":"applicationmanageyards-display-component---NewYard--addressNewCostObjectCstID-vhi"}]}
RESULT: {"script":"<script> [1562 bytes]","args":[{"selector":{"id":"application-manageyards-display-component---NewYard--addressNewCostObjectCstID-vhi"},"wdio_ui5_key":"applicationmanageyards-display-component---NewYard--addressNewCostObjectCstID-vhi"}]}
RESULT: undefined
COMMAND: POST /session/b0367baf27973c5edc08b2b37b2bc6c3/element - {"using":"xpath","value":"//*[@id=\"application-manageyards-display-component---NewYard--addressNewCostObjectCstID-vhi\"]"}
RESULT: {"using":"xpath","value":"//*[@id=\"application-manageyards-display-component---NewYard--addressNewCostObjectCstID-vhi\"]"}
COMMAND: POST /session/b0367baf27973c5edc08b2b37b2bc6c3/element/f.9BFDF912BED0EE2DD1184AF57B04AD28.d.BC9E7E16D1550762CFE778E6E6966563.e.589/click - {}
RESULT: {}
COMMAND: GET /session/b0367baf27973c5edc08b2b37b2bc6c3/screenshot - {}
RESULT: {}
COMMAND: POST /session/b0367baf27973c5edc08b2b37b2bc6c3/execute/async - {"script":"<script> [1562 bytes]","args":[{"selector":{"controlType":"sap.m.SearchField","properties":{"placeholder":"Search"},"searchOpenDialogs":true,"interaction":{"idSuffix":"I"}},"wdio_ui5_key":"sapm.SearchField{\"placeholder\":\"Search\"}"}]}
RESULT: {"script":"<script> [1562 bytes]","args":[{"selector":{"controlType":"sap.m.SearchField","properties":{"placeholder":"Search"},"searchOpenDialogs":true,"interaction":{"idSuffix":"I"}},"wdio_ui5_key":"sapm.SearchField{\"placeholder\":\"Search\"}"}]}
RESULT: undefined
COMMAND: POST /session/b0367baf27973c5edc08b2b37b2bc6c3/execute/async - {"script":"<script> [776 bytes]","args":[{"enterText":"10001013","selector":{"controlType":"sap.m.SearchField","properties":{"placeholder":"Search"},"searchOpenDialogs":true,"interaction":{"idSuffix":"I"}},"clearTextFirst":true,"interactionType":"ENTER_TEXT"}]}
RESULT: {"script":"<script> [776 bytes]","args":[{"enterText":"10001013","selector":{"controlType":"sap.m.SearchField","properties":{"placeholder":"Search"},"searchOpenDialogs":true,"interaction":{"idSuffix":"I"}},"clearTextFirst":true,"interactionType":"ENTER_TEXT"}]}
COMMAND: POST /session/b0367baf27973c5edc08b2b37b2bc6c3/actions - {"actions":[{"id":"action2","type":"key","parameters":{},"actions":[{"type":"keyDown","value":"î€‡"},{"type":"pause","duration":10},{"type":"keyUp","value":"î€‡"}]}]}
RESULT: {"actions":[{"id":"action2","type":"key","parameters":{},"actions":[{"type":"keyDown","value":"î€‡"},{"type":"pause","duration":10},{"type":"keyUp","value":"î€‡"}]}]}
COMMAND: GET /session/b0367baf27973c5edc08b2b37b2bc6c3/screenshot - {}
RESULT: {}
COMMAND: POST /session/b0367baf27973c5edc08b2b37b2bc6c3/element - {"using":"xpath","value":"//span[contains(text(), \"General Management\")]"}
RESULT: {"using":"xpath","value":"//span[contains(text(), \"General Management\")]"}
COMMAND: POST /session/b0367baf27973c5edc08b2b37b2bc6c3/element/f.9BFDF912BED0EE2DD1184AF57B04AD28.d.BC9E7E16D1550762CFE778E6E6966563.e.630/click - {}
RESULT: {}
COMMAND: GET /session/b0367baf27973c5edc08b2b37b2bc6c3/screenshot - {}
RESULT: {}
COMMAND: POST /session/b0367baf27973c5edc08b2b37b2bc6c3/element - {"using":"xpath","value":"//bdi[contains(text(), \"OK\")]"}
RESULT: {"using":"xpath","value":"//bdi[contains(text(), \"OK\")]"}
COMMAND: POST /session/b0367baf27973c5edc08b2b37b2bc6c3/element/f.9BFDF912BED0EE2DD1184AF57B04AD28.d.BC9E7E16D1550762CFE778E6E6966563.e.631/click - {}
RESULT: {}
COMMAND: GET /session/b0367baf27973c5edc08b2b37b2bc6c3/screenshot - {}
RESULT: {}
COMMAND: POST /session/b0367baf27973c5edc08b2b37b2bc6c3/execute/async - {"script":"<script> [1562 bytes]","args":[{"selector":{"controlType":"sap.m.Button","viewName":"etm.portal.ui.manageyards.view.New","viewId":"application-manageyards-display-component---NewYard","i18NText":{"propertyName":"text","key":"save"},"interaction":{"idSuffix":"inner"}},"wdio_ui5_key":"etmportal.ui.manageyards.view.Newsap.m.Button{\"propertyName\":\"text\",\"key\":\"save\"}"}]}
RESULT: {"script":"<script> [1562 bytes]","args":[{"selector":{"controlType":"sap.m.Button","viewName":"etm.portal.ui.manageyards.view.New","viewId":"application-manageyards-display-component---NewYard","i18NText":{"propertyName":"text","key":"save"},"interaction":{"idSuffix":"inner"}},"wdio_ui5_key":"etmportal.ui.manageyards.view.Newsap.m.Button{\"propertyName\":\"text\",\"key\":\"save\"}"}]}
RESULT: undefined
COMMAND: POST /session/b0367baf27973c5edc08b2b37b2bc6c3/element - {"using":"xpath","value":"//*[@id=\"__button18\"]"}
RESULT: {"using":"xpath","value":"//*[@id=\"__button18\"]"}
COMMAND: POST /session/b0367baf27973c5edc08b2b37b2bc6c3/element/f.9BFDF912BED0EE2DD1184AF57B04AD28.d.BC9E7E16D1550762CFE778E6E6966563.e.555/click - {}
RESULT: {}
COMMAND: GET /session/b0367baf27973c5edc08b2b37b2bc6c3/screenshot - {}
RESULT: {}
COMMAND: POST /session/b0367baf27973c5edc08b2b37b2bc6c3/element - {"using":"xpath","value":"//header/div/div[2]/div[2]/span"}
RESULT: {"using":"xpath","value":"//header/div/div[2]/div[2]/span"}
COMMAND: GET /session/b0367baf27973c5edc08b2b37b2bc6c3/element/f.9BFDF912BED0EE2DD1184AF57B04AD28.d.BC9E7E16D1550762CFE778E6E6966563.e.829/text - {}
RESULT: {}
COMMAND: POST /session/b0367baf27973c5edc08b2b37b2bc6c3/execute/async - {"script":"<script> [1562 bytes]","args":[{"selector":{"controlType":"sap.m.OverflowToolbarButton","viewName":"etm.portal.ui.manageyards.view.Detail","viewId":"application-manageyards-display-component---detailYard","i18NText":{"propertyName":"tooltip","key":"closeColumn"},"interaction":{"idSuffix":"inner"}},"wdio_ui5_key":"etmportal.ui.manageyards.view.Detailsap.m.OverflowToolbarButton{\"propertyName\":\"tooltip\",\"key\":\"closeColumn\"}"}]}
RESULT: {"script":"<script> [1562 bytes]","args":[{"selector":{"controlType":"sap.m.OverflowToolbarButton","viewName":"etm.portal.ui.manageyards.view.Detail","viewId":"application-manageyards-display-component---detailYard","i18NText":{"propertyName":"tooltip","key":"closeColumn"},"interaction":{"idSuffix":"inner"}},"wdio_ui5_key":"etmportal.ui.manageyards.view.Detailsap.m.OverflowToolbarButton{\"propertyName\":\"tooltip\",\"key\":\"closeColumn\"}"}]}
RESULT: undefined
COMMAND: POST /session/b0367baf27973c5edc08b2b37b2bc6c3/element - {"using":"xpath","value":"//*[@id=\"__button42\"]"}
RESULT: {"using":"xpath","value":"//*[@id=\"__button42\"]"}
COMMAND: POST /session/b0367baf27973c5edc08b2b37b2bc6c3/element/f.9BFDF912BED0EE2DD1184AF57B04AD28.d.BC9E7E16D1550762CFE778E6E6966563.e.831/click - {}
RESULT: {}
COMMAND: GET /session/b0367baf27973c5edc08b2b37b2bc6c3/screenshot - {}
RESULT: {}
COMMAND: POST /session/b0367baf27973c5edc08b2b37b2bc6c3/element - {"using":"css selector","value":"#shell-header-logo"}
RESULT: {"using":"css selector","value":"#shell-header-logo"}
COMMAND: POST /session/b0367baf27973c5edc08b2b37b2bc6c3/element/f.9BFDF912BED0EE2DD1184AF57B04AD28.d.BC9E7E16D1550762CFE778E6E6966563.e.121/click - {}
RESULT: {}
COMMAND: GET /session/b0367baf27973c5edc08b2b37b2bc6c3/screenshot - {}
RESULT: {}
COMMAND: POST /session/b0367baf27973c5edc08b2b37b2bc6c3/refresh - {}
RESULT: {}
COMMAND: GET /session/b0367baf27973c5edc08b2b37b2bc6c3/screenshot - {}
RESULT: {}
COMMAND: POST /session/b0367baf27973c5edc08b2b37b2bc6c3/execute/async - {"script":"<script> [189 bytes]","args":[]}
RESULT: {"script":"<script> [189 bytes]","args":[]}
COMMAND: POST /session/b0367baf27973c5edc08b2b37b2bc6c3/execute/async - {"script":"<script> [123 bytes]","args":[]}
RESULT: {"script":"<script> [123 bytes]","args":[]}
COMMAND: POST /session/b0367baf27973c5edc08b2b37b2bc6c3/timeouts - {"script":"<number>"}
RESULT: {"script":"<number>"}
COMMAND: GET /session/b0367baf27973c5edc08b2b37b2bc6c3/timeouts - {}
RESULT: {}
RESULT: undefined
COMMAND: POST /session/b0367baf27973c5edc08b2b37b2bc6c3/execute/async - {"script":"<script> [2676 bytes]","args":[]}
RESULT: {"script":"<script> [2676 bytes]","args":[]}
COMMAND: POST /session/b0367baf27973c5edc08b2b37b2bc6c3/execute/async - {"script":"<script> [2342 bytes]","args":[{"protocol":"http","hostname":"0.0.0.0","path":"/","capabilities":{"browserName":"chrome","goog:chromeOptions":{"binary":"C:\\Program Files\\Google\\Chrome\\Application\\chrome.exe","args":["--start-maximized"]}},"logLevel":"warn","connectionRetryTimeout":120000,"connectionRetryCount":3,"logLevels":{},"enableDirectConnect":true,"strictSSL":true,"_":"65 more keys: [\"cacheDir\",\"port\",\"requestedCapabilities\",\"automationProtocol\",\"baseUrl\",\"waitforInterval\",\"waitforTimeout\",\"onReload\",\"beforeCommand\",\"afterCommand\",\"rootDir\",\"specs\",\"suites\",\"exclude\",\"groupLogsByTestSpec\",\"excludeDriverLogs\",\"bail\",\"framework\",\"reporters\",\"services\",\"maxInstances\",\"maxInstancesPerCapability\",\"injectGlobals\",\"filesToWatch\",\"execArgv\",\"runnerEnv\",\"runner\",\"shard\",\"specFileRetries\",\"specFileRetriesDelay\",\"specFileRetriesDeferred\",\"reporterSyncInterval\",\"reporterSyncTimeout\",\"cucumberFeaturesWithLineNumbers\",\"autoCompileOpts\",\"mochaOpts\",\"jasmineOpts\",\"cucumberOpts\",\"onPrepare\",\"onWorkerStart\",\"onWorkerEnd\",\"before\",\"beforeSession\",\"beforeSuite\",\"beforeHook\",\"beforeTest\",\"afterTest\",\"afterHook\",\"afterSuite\",\"afterSession\",\"after\",\"onComplete\",\"beforeAssertion\",\"afterAssertion\",\"beforeFeature\",\"beforeScenario\",\"beforeStep\",\"afterStep\",\"afterScenario\",\"afterFeature\",\"_\",\"suite\",\"$0\",\"ignoredWorkerServices\",\"wdi5\"]"}]}
RESULT: {"script":"<script> [2342 bytes]","args":[{"protocol":"http","hostname":"0.0.0.0","path":"/","capabilities":{"browserName":"chrome","goog:chromeOptions":{"binary":"C:\\Program Files\\Google\\Chrome\\Application\\chrome.exe","args":["--start-maximized"]}},"logLevel":"warn","connectionRetryTimeout":120000,"connectionRetryCount":3,"logLevels":{},"enableDirectConnect":true,"strictSSL":true,"_":"65 more keys: [\"cacheDir\",\"port\",\"requestedCapabilities\",\"automationProtocol\",\"baseUrl\",\"waitforInterval\",\"waitforTimeout\",\"onReload\",\"beforeCommand\",\"afterCommand\",\"rootDir\",\"specs\",\"suites\",\"exclude\",\"groupLogsByTestSpec\",\"excludeDriverLogs\",\"bail\",\"framework\",\"reporters\",\"services\",\"maxInstances\",\"maxInstancesPerCapability\",\"injectGlobals\",\"filesToWatch\",\"execArgv\",\"runnerEnv\",\"runner\",\"shard\",\"specFileRetries\",\"specFileRetriesDelay\",\"specFileRetriesDeferred\",\"reporterSyncInterval\",\"reporterSyncTimeout\",\"cucumberFeaturesWithLineNumbers\",\"autoCompileOpts\",\"mochaOpts\",\"jasmineOpts\",\"cucumberOpts\",\"onPrepare\",\"onWorkerStart\",\"onWorkerEnd\",\"before\",\"beforeSession\",\"beforeSuite\",\"beforeHook\",\"beforeTest\",\"afterTest\",\"afterHook\",\"afterSuite\",\"afterSession\",\"after\",\"onComplete\",\"beforeAssertion\",\"afterAssertion\",\"beforeFeature\",\"beforeScenario\",\"beforeStep\",\"afterStep\",\"afterScenario\",\"afterFeature\",\"_\",\"suite\",\"$0\",\"ignoredWorkerServices\",\"wdi5\"]"}]}
COMMAND: POST /session/b0367baf27973c5edc08b2b37b2bc6c3/execute/async - {"script":"<script> [21126 bytes]","args":[35000]}
RESULT: {"script":"<script> [21126 bytes]","args":[35000]}
COMMAND: POST /session/b0367baf27973c5edc08b2b37b2bc6c3/execute/async - {"script":"<script> [1562 bytes]","args":[{"selector":{"controlType":"sap.m.GenericTile","properties":{"header":"Manage Partners"}},"wdio_ui5_key":"sapm.GenericTile{\"header\":\"Manage Partners\"}"}]}
RESULT: {"script":"<script> [1562 bytes]","args":[{"selector":{"controlType":"sap.m.GenericTile","properties":{"header":"Manage Partners"}},"wdio_ui5_key":"sapm.GenericTile{\"header\":\"Manage Partners\"}"}]}
RESULT: undefined
COMMAND: POST /session/b0367baf27973c5edc08b2b37b2bc6c3/element - {"using":"xpath","value":"//*[@id=\"__tile38\"]"}
RESULT: {"using":"xpath","value":"//*[@id=\"__tile38\"]"}
COMMAND: POST /session/b0367baf27973c5edc08b2b37b2bc6c3/element/f.9BFDF912BED0EE2DD1184AF57B04AD28.d.BC11D6C74C2B2A592B03023818E68490.e.1188/click - {}
RESULT: {}
COMMAND: GET /session/b0367baf27973c5edc08b2b37b2bc6c3/screenshot - {}
RESULT: {}
COMMAND: POST /session/b0367baf27973c5edc08b2b37b2bc6c3/execute/async - {"script":"<script> [1562 bytes]","args":[{"selector":{"controlType":"sap.ui.core.Icon","viewName":"etm.portal.ui.managepartners.view.Master","viewId":"application-managepartners-display-component---masterPtm","properties":{"src":{"regex":{"source":"add"}}}},"wdio_ui5_key":"etmportal.ui.managepartners.view.Mastersap.ui.core.Icon{\"src\":{\"regex\":{\"source\":\"add\"}}}"}]}
RESULT: {"script":"<script> [1562 bytes]","args":[{"selector":{"controlType":"sap.ui.core.Icon","viewName":"etm.portal.ui.managepartners.view.Master","viewId":"application-managepartners-display-component---masterPtm","properties":{"src":{"regex":{"source":"add"}}}},"wdio_ui5_key":"etmportal.ui.managepartners.view.Mastersap.ui.core.Icon{\"src\":{\"regex\":{\"source\":\"add\"}}}"}]}
RESULT: undefined
COMMAND: POST /session/b0367baf27973c5edc08b2b37b2bc6c3/element - {"using":"xpath","value":"//*[@id=\"__button4-img\"]"}
RESULT: {"using":"xpath","value":"//*[@id=\"__button4-img\"]"}
COMMAND: POST /session/b0367baf27973c5edc08b2b37b2bc6c3/element/f.9BFDF912BED0EE2DD1184AF57B04AD28.d.BC11D6C74C2B2A592B03023818E68490.e.1240/click - {}
RESULT: {}
COMMAND: GET /session/b0367baf27973c5edc08b2b37b2bc6c3/screenshot - {}
COMMAND: POST /session/b0367baf27973c5edc08b2b37b2bc6c3/execute/async - {"script":"<script> [1562 bytes]","args":[{"selector":{"id":"application-managepartners-display-component---NewPartner--partnerId","interaction":{"idSuffix":"inner"}},"wdio_ui5_key":"applicationmanagepartners-display-component---NewPartner--partnerId"}]}
RESULT: {}
RESULT: {"script":"<script> [1562 bytes]","args":[{"selector":{"id":"application-managepartners-display-component---NewPartner--partnerId","interaction":{"idSuffix":"inner"}},"wdio_ui5_key":"applicationmanagepartners-display-component---NewPartner--partnerId"}]}
RESULT: undefined
COMMAND: POST /session/b0367baf27973c5edc08b2b37b2bc6c3/execute/async - {"script":"<script> [1562 bytes]","args":[{"selector":{"id":"application-managepartners-display-component---NewPartner--addressDetailDetailsName1","interaction":{"idSuffix":"inner"}},"wdio_ui5_key":"applicationmanagepartners-display-component---NewPartner--addressDetailDetailsName1"}]}
RESULT: {"script":"<script> [1562 bytes]","args":[{"selector":{"id":"application-managepartners-display-component---NewPartner--addressDetailDetailsName1","interaction":{"idSuffix":"inner"}},"wdio_ui5_key":"applicationmanagepartners-display-component---NewPartner--addressDetailDetailsName1"}]}
RESULT: undefined
COMMAND: POST /session/b0367baf27973c5edc08b2b37b2bc6c3/execute/async - {"script":"<script> [776 bytes]","args":[{"enterText":"WebdriverPartnerc4vvd","selector":{"id":"application-managepartners-display-component---NewPartner--addressDetailDetailsName1","interaction":{"idSuffix":"inner"}},"clearTextFirst":true,"interactionType":"ENTER_TEXT"}]}
RESULT: {"script":"<script> [776 bytes]","args":[{"enterText":"WebdriverPartnerc4vvd","selector":{"id":"application-managepartners-display-component---NewPartner--addressDetailDetailsName1","interaction":{"idSuffix":"inner"}},"clearTextFirst":true,"interactionType":"ENTER_TEXT"}]}
COMMAND: POST /session/b0367baf27973c5edc08b2b37b2bc6c3/execute/async - {"script":"<script> [1562 bytes]","args":[{"selector":{"id":"application-managepartners-display-component---NewPartner--addressDetailDetailsLanguage","interaction":{"idSuffix":"inner"}},"wdio_ui5_key":"applicationmanagepartners-display-component---NewPartner--addressDetailDetailsLanguage"}]}
RESULT: {"script":"<script> [1562 bytes]","args":[{"selector":{"id":"application-managepartners-display-component---NewPartner--addressDetailDetailsLanguage","interaction":{"idSuffix":"inner"}},"wdio_ui5_key":"applicationmanagepartners-display-component---NewPartner--addressDetailDetailsLanguage"}]}
RESULT: undefined
COMMAND: POST /session/b0367baf27973c5edc08b2b37b2bc6c3/execute/async - {"script":"<script> [776 bytes]","args":[{"enterText":"Romanian","selector":{"id":"application-managepartners-display-component---NewPartner--addressDetailDetailsLanguage","interaction":{"idSuffix":"inner"}},"clearTextFirst":true,"interactionType":"ENTER_TEXT"}]}
RESULT: {"script":"<script> [776 bytes]","args":[{"enterText":"Romanian","selector":{"id":"application-managepartners-display-component---NewPartner--addressDetailDetailsLanguage","interaction":{"idSuffix":"inner"}},"clearTextFirst":true,"interactionType":"ENTER_TEXT"}]}
COMMAND: POST /session/b0367baf27973c5edc08b2b37b2bc6c3/element - {"using":"xpath","value":"//input[contains(@id ,\"application-managepartners-display-component---NewPartner--addressDetailDetailsName1-inner\")]"}
RESULT: {"using":"xpath","value":"//input[contains(@id ,\"application-managepartners-display-component---NewPartner--addressDetailDetailsName1-inner\")]"}
COMMAND: GET /session/b0367baf27973c5edc08b2b37b2bc6c3/element/f.9BFDF912BED0EE2DD1184AF57B04AD28.d.BC11D6C74C2B2A592B03023818E68490.e.1504/property/value - {}
RESULT: {}
COMMAND: POST /session/b0367baf27973c5edc08b2b37b2bc6c3/execute/async - {"script":"<script> [1562 bytes]","args":[{"selector":{"id":"application-managepartners-display-component---NewPartner--addressDetailDetailsCity1","interaction":{"idSuffix":"inner"}},"wdio_ui5_key":"applicationmanagepartners-display-component---NewPartner--addressDetailDetailsCity1"}]}
COMMAND: GET /session/b0367baf27973c5edc08b2b37b2bc6c3/screenshot - {}
RESULT: {"script":"<script> [1562 bytes]","args":[{"selector":{"id":"application-managepartners-display-component---NewPartner--addressDetailDetailsCity1","interaction":{"idSuffix":"inner"}},"wdio_ui5_key":"applicationmanagepartners-display-component---NewPartner--addressDetailDetailsCity1"}]}
RESULT: undefined
COMMAND: POST /session/b0367baf27973c5edc08b2b37b2bc6c3/execute/async - {"script":"<script> [776 bytes]","args":[{"enterText":"Bucharest","selector":{"id":"application-managepartners-display-component---NewPartner--addressDetailDetailsCity1","interaction":{"idSuffix":"inner"}},"clearTextFirst":true,"interactionType":"ENTER_TEXT"}]}
RESULT: {}
RESULT: {"script":"<script> [776 bytes]","args":[{"enterText":"Bucharest","selector":{"id":"application-managepartners-display-component---NewPartner--addressDetailDetailsCity1","interaction":{"idSuffix":"inner"}},"clearTextFirst":true,"interactionType":"ENTER_TEXT"}]}
COMMAND: POST /session/b0367baf27973c5edc08b2b37b2bc6c3/execute/async - {"script":"<script> [1562 bytes]","args":[{"selector":{"id":"application-managepartners-display-component---NewPartner--addressDetailDetailsCountry","interaction":{"idSuffix":"inner"}},"wdio_ui5_key":"applicationmanagepartners-display-component---NewPartner--addressDetailDetailsCountry"}]}
RESULT: {"script":"<script> [1562 bytes]","args":[{"selector":{"id":"application-managepartners-display-component---NewPartner--addressDetailDetailsCountry","interaction":{"idSuffix":"inner"}},"wdio_ui5_key":"applicationmanagepartners-display-component---NewPartner--addressDetailDetailsCountry"}]}
RESULT: undefined
COMMAND: POST /session/b0367baf27973c5edc08b2b37b2bc6c3/execute/async - {"script":"<script> [6424 bytes]","args":[{"element-6066-11e4-a52e-4f735466cecf":"f.9BFDF912BED0EE2DD1184AF57B04AD28.d.BC11D6C74C2B2A592B03023818E68490.e.1511"},"setValue",["Romania"]]}
RESULT: {"script":"<script> [6424 bytes]","args":[{"element-6066-11e4-a52e-4f735466cecf":"f.9BFDF912BED0EE2DD1184AF57B04AD28.d.BC11D6C74C2B2A592B03023818E68490.e.1511"},"setValue",["Romania"]]}
COMMAND: POST /session/b0367baf27973c5edc08b2b37b2bc6c3/execute/async - {"script":"<script> [1562 bytes]","args":[{"selector":{"id":"application-managepartners-display-component---NewPartner--partnerDetailInternal","interaction":{"idSuffix":"inner"}},"wdio_ui5_key":"applicationmanagepartners-display-component---NewPartner--partnerDetailInternal"}]}
RESULT: {"script":"<script> [1562 bytes]","args":[{"selector":{"id":"application-managepartners-display-component---NewPartner--partnerDetailInternal","interaction":{"idSuffix":"inner"}},"wdio_ui5_key":"applicationmanagepartners-display-component---NewPartner--partnerDetailInternal"}]}
RESULT: undefined
COMMAND: POST /session/b0367baf27973c5edc08b2b37b2bc6c3/execute/async - {"script":"<script> [776 bytes]","args":[{"enterText":"External partner","selector":{"id":"application-managepartners-display-component---NewPartner--partnerDetailInternal","interaction":{"idSuffix":"inner"}},"clearTextFirst":true,"interactionType":"ENTER_TEXT"}]}
RESULT: {"script":"<script> [776 bytes]","args":[{"enterText":"External partner","selector":{"id":"application-managepartners-display-component---NewPartner--partnerDetailInternal","interaction":{"idSuffix":"inner"}},"clearTextFirst":true,"interactionType":"ENTER_TEXT"}]}
COMMAND: POST /session/b0367baf27973c5edc08b2b37b2bc6c3/execute/async - {"script":"<script> [1562 bytes]","args":[{"selector":{"id":"application-managepartners-display-component---NewPartner--partnerDetailsCurrency","interaction":{"idSuffix":"inner"}},"wdio_ui5_key":"applicationmanagepartners-display-component---NewPartner--partnerDetailsCurrency"}]}
RESULT: {"script":"<script> [1562 bytes]","args":[{"selector":{"id":"application-managepartners-display-component---NewPartner--partnerDetailsCurrency","interaction":{"idSuffix":"inner"}},"wdio_ui5_key":"applicationmanagepartners-display-component---NewPartner--partnerDetailsCurrency"}]}
RESULT: undefined
COMMAND: POST /session/b0367baf27973c5edc08b2b37b2bc6c3/execute/async - {"script":"<script> [776 bytes]","args":[{"enterText":"Euro","selector":{"id":"application-managepartners-display-component---NewPartner--partnerDetailsCurrency","interaction":{"idSuffix":"inner"}},"clearTextFirst":true,"interactionType":"ENTER_TEXT"}]}
RESULT: {"script":"<script> [776 bytes]","args":[{"enterText":"Euro","selector":{"id":"application-managepartners-display-component---NewPartner--partnerDetailsCurrency","interaction":{"idSuffix":"inner"}},"clearTextFirst":true,"interactionType":"ENTER_TEXT"}]}
COMMAND: POST /session/b0367baf27973c5edc08b2b37b2bc6c3/execute/async - {"script":"<script> [1562 bytes]","args":[{"selector":{"controlType":"sap.m.Button","viewName":"etm.portal.ui.managepartners.view.NewPartner","viewId":"application-managepartners-display-component---NewPartner","properties":{"text":"Commercial"},"interaction":{"idSuffix":"BDI-content"}},"wdio_ui5_key":"etmportal.ui.managepartners.view.NewPartnersap.m.Button{\"text\":\"Commercial\"}"}]}
RESULT: {"script":"<script> [1562 bytes]","args":[{"selector":{"controlType":"sap.m.Button","viewName":"etm.portal.ui.managepartners.view.NewPartner","viewId":"application-managepartners-display-component---NewPartner","properties":{"text":"Commercial"},"interaction":{"idSuffix":"BDI-content"}},"wdio_ui5_key":"etmportal.ui.managepartners.view.NewPartnersap.m.Button{\"text\":\"Commercial\"}"}]}
RESULT: undefined
COMMAND: POST /session/b0367baf27973c5edc08b2b37b2bc6c3/element - {"using":"xpath","value":"//*[@id=\"application-managepartners-display-component---NewPartner--ObjectPageLayout-anchBar-__section5-anchor\"]"}
RESULT: {"using":"xpath","value":"//*[@id=\"application-managepartners-display-component---NewPartner--ObjectPageLayout-anchBar-__section5-anchor\"]"}
COMMAND: POST /session/b0367baf27973c5edc08b2b37b2bc6c3/element/f.9BFDF912BED0EE2DD1184AF57B04AD28.d.BC11D6C74C2B2A592B03023818E68490.e.1670/click - {}
RESULT: {}
COMMAND: GET /session/b0367baf27973c5edc08b2b37b2bc6c3/screenshot - {}
RESULT: {}
COMMAND: POST /session/b0367baf27973c5edc08b2b37b2bc6c3/execute/async - {"script":"<script> [1562 bytes]","args":[{"selector":{"id":"application-managepartners-display-component---NewPartner--btnAddTableRow-img"},"wdio_ui5_key":"applicationmanagepartners-display-component---NewPartner--btnAddTableRow-img"}]}
RESULT: {"script":"<script> [1562 bytes]","args":[{"selector":{"id":"application-managepartners-display-component---NewPartner--btnAddTableRow-img"},"wdio_ui5_key":"applicationmanagepartners-display-component---NewPartner--btnAddTableRow-img"}]}
RESULT: undefined
COMMAND: POST /session/b0367baf27973c5edc08b2b37b2bc6c3/element - {"using":"xpath","value":"//*[@id=\"application-managepartners-display-component---NewPartner--btnAddTableRow-img\"]"}
RESULT: {"using":"xpath","value":"//*[@id=\"application-managepartners-display-component---NewPartner--btnAddTableRow-img\"]"}
COMMAND: POST /session/b0367baf27973c5edc08b2b37b2bc6c3/element/f.9BFDF912BED0EE2DD1184AF57B04AD28.d.BC11D6C74C2B2A592B03023818E68490.e.1676/click - {}
RESULT: {}
COMMAND: POST /session/b0367baf27973c5edc08b2b37b2bc6c3/element - {"using":"xpath","value":"//input[contains(@id ,\"application-managepartners-display-component---NewPartner--assignmentYard-application-managepartners-display-component---NewPartner\")]"}
COMMAND: GET /session/b0367baf27973c5edc08b2b37b2bc6c3/screenshot - {}
RESULT: {"using":"xpath","value":"//input[contains(@id ,\"application-managepartners-display-component---NewPartner--assignmentYard-application-managepartners-display-component---NewPartner\")]"}
COMMAND: POST /session/b0367baf27973c5edc08b2b37b2bc6c3/element/f.9BFDF912BED0EE2DD1184AF57B04AD28.d.BC11D6C74C2B2A592B03023818E68490.e.1679/clear - {}
RESULT: {}
RESULT: {}
COMMAND: POST /session/b0367baf27973c5edc08b2b37b2bc6c3/element/f.9BFDF912BED0EE2DD1184AF57B04AD28.d.BC11D6C74C2B2A592B03023818E68490.e.1679/value - {"text":"300"}
COMMAND: GET /session/b0367baf27973c5edc08b2b37b2bc6c3/screenshot - {}
RESULT: {"text":"300"}
COMMAND: GET /session/b0367baf27973c5edc08b2b37b2bc6c3/screenshot - {}
RESULT: {}
RESULT: {}
COMMAND: POST /session/b0367baf27973c5edc08b2b37b2bc6c3/execute/async - {"script":"<script> [1562 bytes]","args":[{"selector":{"controlType":"sap.m.Button","viewName":"etm.portal.ui.managepartners.view.NewPartner","viewId":"application-managepartners-display-component---NewPartner","i18NText":{"propertyName":"text","key":"save"},"interaction":{"idSuffix":"BDI-content"}},"wdio_ui5_key":"etmportal.ui.managepartners.view.NewPartnersap.m.Button{\"propertyName\":\"text\",\"key\":\"save\"}"}]}
RESULT: {"script":"<script> [1562 bytes]","args":[{"selector":{"controlType":"sap.m.Button","viewName":"etm.portal.ui.managepartners.view.NewPartner","viewId":"application-managepartners-display-component---NewPartner","i18NText":{"propertyName":"text","key":"save"},"interaction":{"idSuffix":"BDI-content"}},"wdio_ui5_key":"etmportal.ui.managepartners.view.NewPartnersap.m.Button{\"propertyName\":\"text\",\"key\":\"save\"}"}]}
RESULT: undefined
COMMAND: POST /session/b0367baf27973c5edc08b2b37b2bc6c3/element - {"using":"xpath","value":"//*[@id=\"__button12\"]"}
RESULT: {"using":"xpath","value":"//*[@id=\"__button12\"]"}
COMMAND: POST /session/b0367baf27973c5edc08b2b37b2bc6c3/element/f.9BFDF912BED0EE2DD1184AF57B04AD28.d.BC11D6C74C2B2A592B03023818E68490.e.1649/click - {}
RESULT: {}
COMMAND: GET /session/b0367baf27973c5edc08b2b37b2bc6c3/screenshot - {}
RESULT: {}
COMMAND: POST /session/b0367baf27973c5edc08b2b37b2bc6c3/element - {"using":"xpath","value":"//header/div/div[2]/div[2]/span"}
RESULT: {"using":"xpath","value":"//header/div/div[2]/div[2]/span"}
COMMAND: GET /session/b0367baf27973c5edc08b2b37b2bc6c3/element/f.9BFDF912BED0EE2DD1184AF57B04AD28.d.BC11D6C74C2B2A592B03023818E68490.e.1850/text - {}
RESULT: {}
COMMAND: POST /session/b0367baf27973c5edc08b2b37b2bc6c3/element - {"using":"xpath","value":"//header/div/div/div/div/div/div[2]/div/span"}
RESULT: {"using":"xpath","value":"//header/div/div/div/div/div/div[2]/div/span"}
COMMAND: GET /session/b0367baf27973c5edc08b2b37b2bc6c3/element/f.9BFDF912BED0EE2DD1184AF57B04AD28.d.BC11D6C74C2B2A592B03023818E68490.e.1851/text - {}
RESULT: {}
COMMAND: POST /session/b0367baf27973c5edc08b2b37b2bc6c3/execute/async - {"script":"<script> [1562 bytes]","args":[{"selector":{"id":"application-managepartners-display-component---detailPtm--partnerType"},"wdio_ui5_key":"applicationmanagepartners-display-component---detailPtm--partnerType"}]}
RESULT: {"script":"<script> [1562 bytes]","args":[{"selector":{"id":"application-managepartners-display-component---detailPtm--partnerType"},"wdio_ui5_key":"applicationmanagepartners-display-component---detailPtm--partnerType"}]}
RESULT: undefined
COMMAND: POST /session/b0367baf27973c5edc08b2b37b2bc6c3/execute/async - {"script":"<script> [6424 bytes]","args":[{"element-6066-11e4-a52e-4f735466cecf":"f.9BFDF912BED0EE2DD1184AF57B04AD28.d.BC11D6C74C2B2A592B03023818E68490.e.1852"},"getText",[]]}
RESULT: {"script":"<script> [6424 bytes]","args":[{"element-6066-11e4-a52e-4f735466cecf":"f.9BFDF912BED0EE2DD1184AF57B04AD28.d.BC11D6C74C2B2A592B03023818E68490.e.1852"},"getText",[]]}
COMMAND: POST /session/b0367baf27973c5edc08b2b37b2bc6c3/element - {"using":"css selector","value":"#shell-header-logo"}
RESULT: {"using":"css selector","value":"#shell-header-logo"}
COMMAND: POST /session/b0367baf27973c5edc08b2b37b2bc6c3/element/f.9BFDF912BED0EE2DD1184AF57B04AD28.d.BC11D6C74C2B2A592B03023818E68490.e.1191/click - {}
RESULT: {}
COMMAND: GET /session/b0367baf27973c5edc08b2b37b2bc6c3/screenshot - {}
RESULT: {}
COMMAND: POST /session/b0367baf27973c5edc08b2b37b2bc6c3/execute/async - {"script":"<script> [1562 bytes]","args":[{"selector":{"controlType":"sap.m.GenericTile","properties":{"header":"Manage Sites"}},"wdio_ui5_key":"sapm.GenericTile{\"header\":\"Manage Sites\"}"}]}
RESULT: {"script":"<script> [1562 bytes]","args":[{"selector":{"controlType":"sap.m.GenericTile","properties":{"header":"Manage Sites"}},"wdio_ui5_key":"sapm.GenericTile{\"header\":\"Manage Sites\"}"}]}
RESULT: undefined
COMMAND: POST /session/b0367baf27973c5edc08b2b37b2bc6c3/element - {"using":"xpath","value":"//*[@id=\"__tile40\"]"}
RESULT: {"using":"xpath","value":"//*[@id=\"__tile40\"]"}
COMMAND: POST /session/b0367baf27973c5edc08b2b37b2bc6c3/element/f.9BFDF912BED0EE2DD1184AF57B04AD28.d.BC11D6C74C2B2A592B03023818E68490.e.1854/click - {}
RESULT: {}
COMMAND: GET /session/b0367baf27973c5edc08b2b37b2bc6c3/screenshot - {}
RESULT: {}
COMMAND: POST /session/b0367baf27973c5edc08b2b37b2bc6c3/execute/async - {"script":"<script> [1562 bytes]","args":[{"selector":{"controlType":"sap.ui.core.Icon","viewName":"etm.portal.ui.managesites.view.Master","viewId":"application-managesites-display-component---masterSite","properties":{"src":{"regex":{"source":"add"}}}},"wdio_ui5_key":"etmportal.ui.managesites.view.Mastersap.ui.core.Icon{\"src\":{\"regex\":{\"source\":\"add\"}}}"}]}
RESULT: {"script":"<script> [1562 bytes]","args":[{"selector":{"controlType":"sap.ui.core.Icon","viewName":"etm.portal.ui.managesites.view.Master","viewId":"application-managesites-display-component---masterSite","properties":{"src":{"regex":{"source":"add"}}}},"wdio_ui5_key":"etmportal.ui.managesites.view.Mastersap.ui.core.Icon{\"src\":{\"regex\":{\"source\":\"add\"}}}"}]}
RESULT: undefined
COMMAND: POST /session/b0367baf27973c5edc08b2b37b2bc6c3/element - {"using":"xpath","value":"//*[@id=\"__button52-img\"]"}
RESULT: {"using":"xpath","value":"//*[@id=\"__button52-img\"]"}
COMMAND: POST /session/b0367baf27973c5edc08b2b37b2bc6c3/element/f.9BFDF912BED0EE2DD1184AF57B04AD28.d.BC11D6C74C2B2A592B03023818E68490.e.1903/click - {}
RESULT: {}
COMMAND: POST /session/b0367baf27973c5edc08b2b37b2bc6c3/execute/async - {"script":"<script> [1562 bytes]","args":[{"selector":{"id":"application-managesites-display-component---NewSite--siteId","interaction":{"idSuffix":"inner"}},"wdio_ui5_key":"applicationmanagesites-display-component---NewSite--siteId"}]}
COMMAND: GET /session/b0367baf27973c5edc08b2b37b2bc6c3/screenshot - {}
RESULT: {"script":"<script> [1562 bytes]","args":[{"selector":{"id":"application-managesites-display-component---NewSite--siteId","interaction":{"idSuffix":"inner"}},"wdio_ui5_key":"applicationmanagesites-display-component---NewSite--siteId"}]}
RESULT: undefined
COMMAND: POST /session/b0367baf27973c5edc08b2b37b2bc6c3/execute/async - {"script":"<script> [1562 bytes]","args":[{"selector":{"id":"application-managesites-display-component---NewSite--addressDetailDetailsName1","interaction":{"idSuffix":"inner"}},"wdio_ui5_key":"applicationmanagesites-display-component---NewSite--addressDetailDetailsName1"}]}
RESULT: {}
RESULT: {"script":"<script> [1562 bytes]","args":[{"selector":{"id":"application-managesites-display-component---NewSite--addressDetailDetailsName1","interaction":{"idSuffix":"inner"}},"wdio_ui5_key":"applicationmanagesites-display-component---NewSite--addressDetailDetailsName1"}]}
RESULT: undefined
COMMAND: POST /session/b0367baf27973c5edc08b2b37b2bc6c3/execute/async - {"script":"<script> [776 bytes]","args":[{"enterText":"WebdriverSitei5kkqh","selector":{"id":"application-managesites-display-component---NewSite--addressDetailDetailsName1","interaction":{"idSuffix":"inner"}},"clearTextFirst":true,"interactionType":"ENTER_TEXT"}]}
RESULT: {"script":"<script> [776 bytes]","args":[{"enterText":"WebdriverSitei5kkqh","selector":{"id":"application-managesites-display-component---NewSite--addressDetailDetailsName1","interaction":{"idSuffix":"inner"}},"clearTextFirst":true,"interactionType":"ENTER_TEXT"}]}
COMMAND: POST /session/b0367baf27973c5edc08b2b37b2bc6c3/execute/async - {"script":"<script> [1562 bytes]","args":[{"selector":{"id":"application-managesites-display-component---NewSite--addressDetailDetailsLanguage","interaction":{"idSuffix":"inner"}},"wdio_ui5_key":"applicationmanagesites-display-component---NewSite--addressDetailDetailsLanguage"}]}
RESULT: {"script":"<script> [1562 bytes]","args":[{"selector":{"id":"application-managesites-display-component---NewSite--addressDetailDetailsLanguage","interaction":{"idSuffix":"inner"}},"wdio_ui5_key":"applicationmanagesites-display-component---NewSite--addressDetailDetailsLanguage"}]}
RESULT: undefined
COMMAND: POST /session/b0367baf27973c5edc08b2b37b2bc6c3/execute/async - {"script":"<script> [776 bytes]","args":[{"enterText":"Romanian","selector":{"id":"application-managesites-display-component---NewSite--addressDetailDetailsLanguage","interaction":{"idSuffix":"inner"}},"clearTextFirst":true,"interactionType":"ENTER_TEXT"}]}
RESULT: {"script":"<script> [776 bytes]","args":[{"enterText":"Romanian","selector":{"id":"application-managesites-display-component---NewSite--addressDetailDetailsLanguage","interaction":{"idSuffix":"inner"}},"clearTextFirst":true,"interactionType":"ENTER_TEXT"}]}
COMMAND: POST /session/b0367baf27973c5edc08b2b37b2bc6c3/execute/async - {"script":"<script> [1562 bytes]","args":[{"selector":{"id":"application-managesites-display-component---NewSite--addressDetailDetailsCity1","interaction":{"idSuffix":"inner"}},"wdio_ui5_key":"applicationmanagesites-display-component---NewSite--addressDetailDetailsCity1"}]}
RESULT: {"script":"<script> [1562 bytes]","args":[{"selector":{"id":"application-managesites-display-component---NewSite--addressDetailDetailsCity1","interaction":{"idSuffix":"inner"}},"wdio_ui5_key":"applicationmanagesites-display-component---NewSite--addressDetailDetailsCity1"}]}
RESULT: undefined
COMMAND: POST /session/b0367baf27973c5edc08b2b37b2bc6c3/execute/async - {"script":"<script> [776 bytes]","args":[{"enterText":"Bucharest","selector":{"id":"application-managesites-display-component---NewSite--addressDetailDetailsCity1","interaction":{"idSuffix":"inner"}},"clearTextFirst":true,"interactionType":"ENTER_TEXT"}]}
RESULT: {"script":"<script> [776 bytes]","args":[{"enterText":"Bucharest","selector":{"id":"application-managesites-display-component---NewSite--addressDetailDetailsCity1","interaction":{"idSuffix":"inner"}},"clearTextFirst":true,"interactionType":"ENTER_TEXT"}]}
COMMAND: POST /session/b0367baf27973c5edc08b2b37b2bc6c3/execute/async - {"script":"<script> [1562 bytes]","args":[{"selector":{"id":"application-managesites-display-component---NewSite--addressDetailDetailsCountry","interaction":{"idSuffix":"inner"}},"wdio_ui5_key":"applicationmanagesites-display-component---NewSite--addressDetailDetailsCountry"}]}
RESULT: {"script":"<script> [1562 bytes]","args":[{"selector":{"id":"application-managesites-display-component---NewSite--addressDetailDetailsCountry","interaction":{"idSuffix":"inner"}},"wdio_ui5_key":"applicationmanagesites-display-component---NewSite--addressDetailDetailsCountry"}]}
RESULT: undefined
COMMAND: POST /session/b0367baf27973c5edc08b2b37b2bc6c3/execute/async - {"script":"<script> [776 bytes]","args":[{"enterText":"Romania","selector":{"id":"application-managesites-display-component---NewSite--addressDetailDetailsCountry","interaction":{"idSuffix":"inner"}},"clearTextFirst":true,"interactionType":"ENTER_TEXT"}]}
RESULT: {"script":"<script> [776 bytes]","args":[{"enterText":"Romania","selector":{"id":"application-managesites-display-component---NewSite--addressDetailDetailsCountry","interaction":{"idSuffix":"inner"}},"clearTextFirst":true,"interactionType":"ENTER_TEXT"}]}
COMMAND: POST /session/b0367baf27973c5edc08b2b37b2bc6c3/element - {"using":"css selector","value":"#application-managesites-display-component---NewSite--addressDetailDetailsCalendar-inner"}
RESULT: {"using":"css selector","value":"#application-managesites-display-component---NewSite--addressDetailDetailsCalendar-inner"}
COMMAND: POST /session/b0367baf27973c5edc08b2b37b2bc6c3/element/f.9BFDF912BED0EE2DD1184AF57B04AD28.d.BC11D6C74C2B2A592B03023818E68490.e.2101/clear - {}
RESULT: {}
COMMAND: POST /session/b0367baf27973c5edc08b2b37b2bc6c3/element/f.9BFDF912BED0EE2DD1184AF57B04AD28.d.BC11D6C74C2B2A592B03023818E68490.e.2101/value - {"text":"Germany"}
COMMAND: GET /session/b0367baf27973c5edc08b2b37b2bc6c3/screenshot - {}
RESULT: {"text":"Germany"}
COMMAND: POST /session/b0367baf27973c5edc08b2b37b2bc6c3/execute/async - {"script":"<script> [1562 bytes]","args":[{"selector":{"id":"application-managesites-display-component---NewSite--addressEditDetailsCostObjectCstType-arrow"},"wdio_ui5_key":"applicationmanagesites-display-component---NewSite--addressEditDetailsCostObjectCstType-arrow"}]}
COMMAND: GET /session/b0367baf27973c5edc08b2b37b2bc6c3/screenshot - {}
RESULT: {}
RESULT: {"script":"<script> [1562 bytes]","args":[{"selector":{"id":"application-managesites-display-component---NewSite--addressEditDetailsCostObjectCstType-arrow"},"wdio_ui5_key":"applicationmanagesites-display-component---NewSite--addressEditDetailsCostObjectCstType-arrow"}]}
RESULT: undefined
COMMAND: POST /session/b0367baf27973c5edc08b2b37b2bc6c3/element - {"using":"xpath","value":"//*[@id=\"application-managesites-display-component---NewSite--addressEditDetailsCostObjectCstType-arrow\"]"}
RESULT: {}
RESULT: {"using":"xpath","value":"//*[@id=\"application-managesites-display-component---NewSite--addressEditDetailsCostObjectCstType-arrow\"]"}
COMMAND: POST /session/b0367baf27973c5edc08b2b37b2bc6c3/element/f.9BFDF912BED0EE2DD1184AF57B04AD28.d.BC11D6C74C2B2A592B03023818E68490.e.2299/click - {}
RESULT: {}
COMMAND: POST /session/b0367baf27973c5edc08b2b37b2bc6c3/element - {"using":"xpath","value":"//span[contains(text(), \"Work Breakdown Structure\")]"}
COMMAND: GET /session/b0367baf27973c5edc08b2b37b2bc6c3/screenshot - {}
RESULT: {"using":"xpath","value":"//span[contains(text(), \"Work Breakdown Structure\")]"}
COMMAND: POST /session/b0367baf27973c5edc08b2b37b2bc6c3/element/f.9BFDF912BED0EE2DD1184AF57B04AD28.d.BC11D6C74C2B2A592B03023818E68490.e.2300/click - {}
RESULT: {}
RESULT: {}
COMMAND: GET /session/b0367baf27973c5edc08b2b37b2bc6c3/screenshot - {}
RESULT: {}
COMMAND: POST /session/b0367baf27973c5edc08b2b37b2bc6c3/execute/async - {"script":"<script> [1562 bytes]","args":[{"selector":{"id":"application-managesites-display-component---NewSite--addressNewCostObjectCstID-vhi"},"wdio_ui5_key":"applicationmanagesites-display-component---NewSite--addressNewCostObjectCstID-vhi"}]}
RESULT: {"script":"<script> [1562 bytes]","args":[{"selector":{"id":"application-managesites-display-component---NewSite--addressNewCostObjectCstID-vhi"},"wdio_ui5_key":"applicationmanagesites-display-component---NewSite--addressNewCostObjectCstID-vhi"}]}
RESULT: undefined
COMMAND: POST /session/b0367baf27973c5edc08b2b37b2bc6c3/element - {"using":"xpath","value":"//*[@id=\"application-managesites-display-component---NewSite--addressNewCostObjectCstID-vhi\"]"}
RESULT: {"using":"xpath","value":"//*[@id=\"application-managesites-display-component---NewSite--addressNewCostObjectCstID-vhi\"]"}
COMMAND: POST /session/b0367baf27973c5edc08b2b37b2bc6c3/element/f.9BFDF912BED0EE2DD1184AF57B04AD28.d.BC11D6C74C2B2A592B03023818E68490.e.2305/click - {}
RESULT: {}
COMMAND: GET /session/b0367baf27973c5edc08b2b37b2bc6c3/screenshot - {}
RESULT: {}
COMMAND: POST /session/b0367baf27973c5edc08b2b37b2bc6c3/execute/async - {"script":"<script> [1562 bytes]","args":[{"selector":{"controlType":"sap.m.SearchField","properties":{"placeholder":"Search"},"searchOpenDialogs":true,"interaction":{"idSuffix":"I"}},"wdio_ui5_key":"sapm.SearchField{\"placeholder\":\"Search\"}"}]}
RESULT: {"script":"<script> [1562 bytes]","args":[{"selector":{"controlType":"sap.m.SearchField","properties":{"placeholder":"Search"},"searchOpenDialogs":true,"interaction":{"idSuffix":"I"}},"wdio_ui5_key":"sapm.SearchField{\"placeholder\":\"Search\"}"}]}
RESULT: undefined
COMMAND: POST /session/b0367baf27973c5edc08b2b37b2bc6c3/execute/async - {"script":"<script> [776 bytes]","args":[{"enterText":"A1-000100-01","selector":{"controlType":"sap.m.SearchField","properties":{"placeholder":"Search"},"searchOpenDialogs":true,"interaction":{"idSuffix":"I"}},"clearTextFirst":true,"interactionType":"ENTER_TEXT"}]}
RESULT: {"script":"<script> [776 bytes]","args":[{"enterText":"A1-000100-01","selector":{"controlType":"sap.m.SearchField","properties":{"placeholder":"Search"},"searchOpenDialogs":true,"interaction":{"idSuffix":"I"}},"clearTextFirst":true,"interactionType":"ENTER_TEXT"}]}
COMMAND: POST /session/b0367baf27973c5edc08b2b37b2bc6c3/actions - {"actions":[{"id":"action3","type":"key","parameters":{},"actions":[{"type":"keyDown","value":"î€‡"},{"type":"pause","duration":10},{"type":"keyUp","value":"î€‡"}]}]}
RESULT: {"actions":[{"id":"action3","type":"key","parameters":{},"actions":[{"type":"keyDown","value":"î€‡"},{"type":"pause","duration":10},{"type":"keyUp","value":"î€‡"}]}]}
COMMAND: GET /session/b0367baf27973c5edc08b2b37b2bc6c3/screenshot - {}
RESULT: {}
COMMAND: POST /session/b0367baf27973c5edc08b2b37b2bc6c3/element - {"using":"xpath","value":"//span[contains(text(), \"Template for ETO-Process\")]"}
RESULT: {"using":"xpath","value":"//span[contains(text(), \"Template for ETO-Process\")]"}
COMMAND: POST /session/b0367baf27973c5edc08b2b37b2bc6c3/element/f.9BFDF912BED0EE2DD1184AF57B04AD28.d.BC11D6C74C2B2A592B03023818E68490.e.2326/click - {}
RESULT: {}
COMMAND: GET /session/b0367baf27973c5edc08b2b37b2bc6c3/screenshot - {}
RESULT: {}
COMMAND: POST /session/b0367baf27973c5edc08b2b37b2bc6c3/element - {"using":"xpath","value":"//bdi[contains(text(), \"OK\")]"}
RESULT: {"using":"xpath","value":"//bdi[contains(text(), \"OK\")]"}
COMMAND: POST /session/b0367baf27973c5edc08b2b37b2bc6c3/element/f.9BFDF912BED0EE2DD1184AF57B04AD28.d.BC11D6C74C2B2A592B03023818E68490.e.2327/click - {}
RESULT: {}
COMMAND: GET /session/b0367baf27973c5edc08b2b37b2bc6c3/screenshot - {}
RESULT: {}
COMMAND: POST /session/b0367baf27973c5edc08b2b37b2bc6c3/element - {"using":"xpath","value":"//input[@id=\"application-managesites-display-component---NewSite--addressDetailDetailsYard-inner\"]"}
RESULT: {"using":"xpath","value":"//input[@id=\"application-managesites-display-component---NewSite--addressDetailDetailsYard-inner\"]"}
COMMAND: POST /session/b0367baf27973c5edc08b2b37b2bc6c3/element/f.9BFDF912BED0EE2DD1184AF57B04AD28.d.BC11D6C74C2B2A592B03023818E68490.e.2102/value - {"text":"300"}
RESULT: {"text":"300"}
COMMAND: GET /session/b0367baf27973c5edc08b2b37b2bc6c3/screenshot - {}
RESULT: {}
COMMAND: POST /session/b0367baf27973c5edc08b2b37b2bc6c3/actions - {"actions":[{"id":"action4","type":"key","parameters":{},"actions":[{"type":"keyDown","value":"î€‡"},{"type":"pause","duration":10},{"type":"keyUp","value":"î€‡"}]}]}
RESULT: {"actions":[{"id":"action4","type":"key","parameters":{},"actions":[{"type":"keyDown","value":"î€‡"},{"type":"pause","duration":10},{"type":"keyUp","value":"î€‡"}]}]}
COMMAND: GET /session/b0367baf27973c5edc08b2b37b2bc6c3/screenshot - {}
RESULT: {}
COMMAND: POST /session/b0367baf27973c5edc08b2b37b2bc6c3/element - {"using":"xpath","value":"//input[@id=\"application-managesites-display-component---NewSite--addressDetailDetailsPartner-inner\"]"}
RESULT: {"using":"xpath","value":"//input[@id=\"application-managesites-display-component---NewSite--addressDetailDetailsPartner-inner\"]"}
COMMAND: POST /session/b0367baf27973c5edc08b2b37b2bc6c3/elements - {"using":"xpath","value":"//input[@id=\"application-managesites-display-component---NewSite--addressDetailDetailsPartner-inner\"]"}
RESULT: {"using":"xpath","value":"//input[@id=\"application-managesites-display-component---NewSite--addressDetailDetailsPartner-inner\"]"}
COMMAND: POST /session/b0367baf27973c5edc08b2b37b2bc6c3/execute/async - {"script":"<script> [1562 bytes]","args":[{"selector":{"controlType":"sap.m.Button","viewName":"etm.portal.ui.managesites.view.NewSmartSite","viewId":"application-managesites-display-component---NewSite","properties":{"text":"Commercial"},"interaction":{"idSuffix":"BDI-content"}},"wdio_ui5_key":"etmportal.ui.managesites.view.NewSmartSitesap.m.Button{\"text\":\"Commercial\"}"}]}
RESULT: {"script":"<script> [1562 bytes]","args":[{"selector":{"controlType":"sap.m.Button","viewName":"etm.portal.ui.managesites.view.NewSmartSite","viewId":"application-managesites-display-component---NewSite","properties":{"text":"Commercial"},"interaction":{"idSuffix":"BDI-content"}},"wdio_ui5_key":"etmportal.ui.managesites.view.NewSmartSitesap.m.Button{\"text\":\"Commercial\"}"}]}
RESULT: undefined
COMMAND: POST /session/b0367baf27973c5edc08b2b37b2bc6c3/element - {"using":"xpath","value":"//*[@id=\"application-managesites-display-component---NewSite--ObjectPageLayout-anchBar-__section31-anchor\"]"}
RESULT: {"using":"xpath","value":"//*[@id=\"application-managesites-display-component---NewSite--ObjectPageLayout-anchBar-__section31-anchor\"]"}
COMMAND: POST /session/b0367baf27973c5edc08b2b37b2bc6c3/element/f.9BFDF912BED0EE2DD1184AF57B04AD28.d.BC11D6C74C2B2A592B03023818E68490.e.2334/click - {}
RESULT: {}
COMMAND: POST /session/b0367baf27973c5edc08b2b37b2bc6c3/execute/async - {"script":"<script> [1562 bytes]","args":[{"selector":{"controlType":"sap.m.Button","viewName":"etm.portal.ui.managesites.view.NewSmartSite","viewId":"application-managesites-display-component---NewSite","i18NText":{"propertyName":"text","key":"save"},"interaction":{"idSuffix":"BDI-content"}},"wdio_ui5_key":"etmportal.ui.managesites.view.NewSmartSitesap.m.Button{\"propertyName\":\"text\",\"key\":\"save\"}"}]}
COMMAND: GET /session/b0367baf27973c5edc08b2b37b2bc6c3/screenshot - {}
RESULT: {"script":"<script> [1562 bytes]","args":[{"selector":{"controlType":"sap.m.Button","viewName":"etm.portal.ui.managesites.view.NewSmartSite","viewId":"application-managesites-display-component---NewSite","i18NText":{"propertyName":"text","key":"save"},"interaction":{"idSuffix":"BDI-content"}},"wdio_ui5_key":"etmportal.ui.managesites.view.NewSmartSitesap.m.Button{\"propertyName\":\"text\",\"key\":\"save\"}"}]}
RESULT: undefined
COMMAND: POST /session/b0367baf27973c5edc08b2b37b2bc6c3/element - {"using":"xpath","value":"//*[@id=\"__button64\"]"}
RESULT: {}
RESULT: {"using":"xpath","value":"//*[@id=\"__button64\"]"}
COMMAND: POST /session/b0367baf27973c5edc08b2b37b2bc6c3/element/f.9BFDF912BED0EE2DD1184AF57B04AD28.d.BC11D6C74C2B2A592B03023818E68490.e.2286/click - {}
RESULT: {}
COMMAND: GET /session/b0367baf27973c5edc08b2b37b2bc6c3/screenshot - {}
RESULT: {}
COMMAND: POST /session/b0367baf27973c5edc08b2b37b2bc6c3/execute/async - {"script":"<script> [1562 bytes]","args":[{"selector":{"id":"application-managesites-display-component---detailSite--addressDetailDetailsYardText"},"wdio_ui5_key":"applicationmanagesites-display-component---detailSite--addressDetailDetailsYardText"}]}
RESULT: {"script":"<script> [1562 bytes]","args":[{"selector":{"id":"application-managesites-display-component---detailSite--addressDetailDetailsYardText"},"wdio_ui5_key":"applicationmanagesites-display-component---detailSite--addressDetailDetailsYardText"}]}
RESULT: undefined
COMMAND: POST /session/b0367baf27973c5edc08b2b37b2bc6c3/element - {"using":"xpath","value":"//header/div/div[2]/div[2]/span"}
RESULT: {"using":"xpath","value":"//header/div/div[2]/div[2]/span"}
COMMAND: GET /session/b0367baf27973c5edc08b2b37b2bc6c3/element/f.9BFDF912BED0EE2DD1184AF57B04AD28.d.BC11D6C74C2B2A592B03023818E68490.e.2556/text - {}
RESULT: {}
COMMAND: POST /session/b0367baf27973c5edc08b2b37b2bc6c3/element - {"using":"xpath","value":"//header/div/div/div/div/div/div[2]/div/span"}
RESULT: {"using":"xpath","value":"//header/div/div/div/div/div/div[2]/div/span"}
COMMAND: GET /session/b0367baf27973c5edc08b2b37b2bc6c3/element/f.9BFDF912BED0EE2DD1184AF57B04AD28.d.BC11D6C74C2B2A592B03023818E68490.e.2557/text - {}
RESULT: {}
COMMAND: POST /session/b0367baf27973c5edc08b2b37b2bc6c3/element - {"using":"css selector","value":"#shell-header-logo"}
RESULT: {"using":"css selector","value":"#shell-header-logo"}
COMMAND: POST /session/b0367baf27973c5edc08b2b37b2bc6c3/element/f.9BFDF912BED0EE2DD1184AF57B04AD28.d.BC11D6C74C2B2A592B03023818E68490.e.1857/click - {}
RESULT: {}
COMMAND: GET /session/b0367baf27973c5edc08b2b37b2bc6c3/screenshot - {}
RESULT: {}
]]></system-out>
    </testcase>
  </testsuite>
  <testsuite timestamp="2025-04-27T18:02:23" time="61.479" tests="1" failures="1" errors="1" skipped="0">
    <properties>
      <property name="specId" value="0" />
      <property name="suiteName" value="Manage contracts - revert request US152962" />
      <property name="capabilities" value="chrome.135_0_7049_96.windows" />
      <property name="file" value="file:///D:/a/1/s/test/specs/R2C/manage-contracts-revert-request.spec.js" />
    </properties>
  </testsuite>
  <testsuite timestamp="2025-04-27T18:03:25" time="204.935" tests="4" failures="4" errors="4" skipped="0">
    <properties>
      <property name="specId" value="0" />
      <property name="suiteName" value="Standard contract close-reopen US111278" />
      <property name="capabilities" value="chrome.135_0_7049_96.windows" />
      <property name="file" value="file:///D:/a/1/s/test/specs/R2C/standard-contract-close-reopen.spec.js" />
    </properties>
  </testsuite>
  <testsuite timestamp="2025-04-27T18:06:50" time="76.189" tests="1" failures="1" errors="1" skipped="0">
    <properties>
      <property name="specId" value="0" />
      <property name="suiteName" value="Standard contract decline US151279" />
      <property name="capabilities" value="chrome.135_0_7049_96.windows" />
      <property name="file" value="file:///D:/a/1/s/test/specs/R2C/standard-contract-decline.spec.js" />
    </properties>
  </testsuite>
  <testsuite timestamp="2025-04-27T18:08:06" time="74.121" tests="2" failures="1" errors="1" skipped="0">
    <properties>
      <property name="specId" value="0" />
      <property name="suiteName" value="Insert service into a contract US152956" />
      <property name="capabilities" value="chrome.135_0_7049_96.windows" />
      <property name="file" value="file:///D:/a/1/s/test/specs/R2C/insert-service-into-a-contract.spec.js" />
    </properties>
    <testcase classname="chrome.135_0_7049_96.windows.Insert_service_into_a_contract_US152956" name="Should create a new contract" time="0.007">
      <system-out><![CDATA[
RESULT: undefined
]]></system-out>
    </testcase>
  </testsuite>
  <testsuite timestamp="2025-04-27T18:09:20" time="136.839" tests="2" failures="2" errors="2" skipped="0">
    <properties>
      <property name="specId" value="0" />
      <property name="suiteName" value="Reduced contract US151275" />
      <property name="capabilities" value="chrome.135_0_7049_96.windows" />
      <property name="file" value="file:///D:/a/1/s/test/specs/R2C/reduced-contract-creation.spec.js" />
    </properties>
  </testsuite>
  <testsuite timestamp="2025-04-27T18:11:37" time="1399.528" tests="7" failures="0" errors="0" skipped="0">
    <properties>
      <property name="specId" value="0" />
      <property name="suiteName" value="E2E - Logistical and commercial statuses" />
      <property name="capabilities" value="chrome.135_0_7049_96.windows" />
      <property name="file" value="file:///D:/a/1/s/test/specs/R2C/E2E-Logistical-and-commercial-status.spec.js" />
    </properties>
    <testcase classname="chrome.135_0_7049_96.windows.E2E_-_Logistical_and_commercial_statuses" name="Should create prerequisites yard partner and site" time="287.228">
      <system-out><![CDATA[
COMMAND: POST /session/b0367baf27973c5edc08b2b37b2bc6c3/execute/async - {"script":"<script> [1562 bytes]","args":[{"selector":{"controlType":"sap.m.GenericTile","properties":{"header":"Manage Yards"}},"wdio_ui5_key":"sapm.GenericTile{\"header\":\"Manage Yards\"}"}]}
RESULT: {"script":"<script> [1562 bytes]","args":[{"selector":{"controlType":"sap.m.GenericTile","properties":{"header":"Manage Yards"}},"wdio_ui5_key":"sapm.GenericTile{\"header\":\"Manage Yards\"}"}]}
RESULT: undefined
COMMAND: POST /session/b0367baf27973c5edc08b2b37b2bc6c3/element - {"using":"xpath","value":"//*[@id=\"__tile41\"]"}
RESULT: {"using":"xpath","value":"//*[@id=\"__tile41\"]"}
COMMAND: POST /session/b0367baf27973c5edc08b2b37b2bc6c3/element/f.9BFDF912BED0EE2DD1184AF57B04AD28.d.7336C8FE6881730C673B6065E7465465.e.4470/click - {}
RESULT: {}
COMMAND: GET /session/b0367baf27973c5edc08b2b37b2bc6c3/screenshot - {}
RESULT: {}
COMMAND: POST /session/b0367baf27973c5edc08b2b37b2bc6c3/execute/async - {"script":"<script> [1562 bytes]","args":[{"selector":{"controlType":"sap.ui.core.Icon","viewName":"etm.portal.ui.manageyards.view.Master","viewId":"application-manageyards-display-component---masterYard","properties":{"src":{"regex":{"source":"add"}}}},"wdio_ui5_key":"etmportal.ui.manageyards.view.Mastersap.ui.core.Icon{\"src\":{\"regex\":{\"source\":\"add\"}}}"}]}
RESULT: {"script":"<script> [1562 bytes]","args":[{"selector":{"controlType":"sap.ui.core.Icon","viewName":"etm.portal.ui.manageyards.view.Master","viewId":"application-manageyards-display-component---masterYard","properties":{"src":{"regex":{"source":"add"}}}},"wdio_ui5_key":"etmportal.ui.manageyards.view.Mastersap.ui.core.Icon{\"src\":{\"regex\":{\"source\":\"add\"}}}"}]}
RESULT: undefined
COMMAND: POST /session/b0367baf27973c5edc08b2b37b2bc6c3/element - {"using":"xpath","value":"//*[@id=\"__button65-img\"]"}
RESULT: {"using":"xpath","value":"//*[@id=\"__button65-img\"]"}
COMMAND: POST /session/b0367baf27973c5edc08b2b37b2bc6c3/element/f.9BFDF912BED0EE2DD1184AF57B04AD28.d.7336C8FE6881730C673B6065E7465465.e.4514/click - {}
RESULT: {}
COMMAND: GET /session/b0367baf27973c5edc08b2b37b2bc6c3/screenshot - {}
RESULT: {}
COMMAND: POST /session/b0367baf27973c5edc08b2b37b2bc6c3/execute/async - {"script":"<script> [1562 bytes]","args":[{"selector":{"id":"application-manageyards-display-component---NewYard--yardId","interaction":{"idSuffix":"inner"}},"wdio_ui5_key":"applicationmanageyards-display-component---NewYard--yardId"}]}
RESULT: {"script":"<script> [1562 bytes]","args":[{"selector":{"id":"application-manageyards-display-component---NewYard--yardId","interaction":{"idSuffix":"inner"}},"wdio_ui5_key":"applicationmanageyards-display-component---NewYard--yardId"}]}
RESULT: undefined
COMMAND: POST /session/b0367baf27973c5edc08b2b37b2bc6c3/element - {"using":"xpath","value":"//*[@id=\"application-manageyards-display-component---NewYard--addressDetailDetailsName1-inner\"]"}
RESULT: {"using":"xpath","value":"//*[@id=\"application-manageyards-display-component---NewYard--addressDetailDetailsName1-inner\"]"}
COMMAND: POST /session/b0367baf27973c5edc08b2b37b2bc6c3/element/f.9BFDF912BED0EE2DD1184AF57B04AD28.d.7336C8FE6881730C673B6065E7465465.e.4893/clear - {}
RESULT: {}
COMMAND: POST /session/b0367baf27973c5edc08b2b37b2bc6c3/element/f.9BFDF912BED0EE2DD1184AF57B04AD28.d.7336C8FE6881730C673B6065E7465465.e.4893/value - {"text":"WebdriverYardla39w"}
COMMAND: GET /session/b0367baf27973c5edc08b2b37b2bc6c3/screenshot - {}
RESULT: {"text":"WebdriverYardla39w"}
COMMAND: POST /session/b0367baf27973c5edc08b2b37b2bc6c3/element - {"using":"xpath","value":"//*[@id=\"application-manageyards-display-component---NewYard--addressDetailDetailsLanguage-inner\"]"}
COMMAND: GET /session/b0367baf27973c5edc08b2b37b2bc6c3/screenshot - {}
RESULT: {}
RESULT: {"using":"xpath","value":"//*[@id=\"application-manageyards-display-component---NewYard--addressDetailDetailsLanguage-inner\"]"}
COMMAND: POST /session/b0367baf27973c5edc08b2b37b2bc6c3/element/f.9BFDF912BED0EE2DD1184AF57B04AD28.d.7336C8FE6881730C673B6065E7465465.e.4894/clear - {}
RESULT: {}
RESULT: {}
COMMAND: POST /session/b0367baf27973c5edc08b2b37b2bc6c3/element/f.9BFDF912BED0EE2DD1184AF57B04AD28.d.7336C8FE6881730C673B6065E7465465.e.4894/value - {"text":"Romanian"}
COMMAND: GET /session/b0367baf27973c5edc08b2b37b2bc6c3/screenshot - {}
RESULT: {"text":"Romanian"}
COMMAND: POST /session/b0367baf27973c5edc08b2b37b2bc6c3/element - {"using":"xpath","value":"//input[contains(@id ,\"application-manageyards-display-component---NewYard--addressDetailDetailsName1-inner\")]"}
COMMAND: GET /session/b0367baf27973c5edc08b2b37b2bc6c3/screenshot - {}
RESULT: {}
RESULT: {"using":"xpath","value":"//input[contains(@id ,\"application-manageyards-display-component---NewYard--addressDetailDetailsName1-inner\")]"}
COMMAND: GET /session/b0367baf27973c5edc08b2b37b2bc6c3/element/f.9BFDF912BED0EE2DD1184AF57B04AD28.d.7336C8FE6881730C673B6065E7465465.e.4893/property/value - {}
RESULT: {}
RESULT: {}
COMMAND: GET /session/b0367baf27973c5edc08b2b37b2bc6c3/screenshot - {}
RESULT: {}
COMMAND: POST /session/b0367baf27973c5edc08b2b37b2bc6c3/element - {"using":"xpath","value":"//*[@id=\"application-manageyards-display-component---NewYard--addressDetailDetailsCity1-inner\"]"}
RESULT: {"using":"xpath","value":"//*[@id=\"application-manageyards-display-component---NewYard--addressDetailDetailsCity1-inner\"]"}
COMMAND: POST /session/b0367baf27973c5edc08b2b37b2bc6c3/element/f.9BFDF912BED0EE2DD1184AF57B04AD28.d.7336C8FE6881730C673B6065E7465465.e.4896/clear - {}
RESULT: {}
COMMAND: POST /session/b0367baf27973c5edc08b2b37b2bc6c3/element/f.9BFDF912BED0EE2DD1184AF57B04AD28.d.7336C8FE6881730C673B6065E7465465.e.4896/value - {"text":"Bucuresti"}
COMMAND: GET /session/b0367baf27973c5edc08b2b37b2bc6c3/screenshot - {}
RESULT: {"text":"Bucuresti"}
COMMAND: GET /session/b0367baf27973c5edc08b2b37b2bc6c3/screenshot - {}
RESULT: {}
RESULT: {}
COMMAND: POST /session/b0367baf27973c5edc08b2b37b2bc6c3/element - {"using":"xpath","value":"//*[@id=\"application-manageyards-display-component---NewYard--addressDetailDetailsCountry-inner\"]"}
RESULT: {"using":"xpath","value":"//*[@id=\"application-manageyards-display-component---NewYard--addressDetailDetailsCountry-inner\"]"}
COMMAND: POST /session/b0367baf27973c5edc08b2b37b2bc6c3/element/f.9BFDF912BED0EE2DD1184AF57B04AD28.d.7336C8FE6881730C673B6065E7465465.e.4900/clear - {}
RESULT: {}
COMMAND: POST /session/b0367baf27973c5edc08b2b37b2bc6c3/element/f.9BFDF912BED0EE2DD1184AF57B04AD28.d.7336C8FE6881730C673B6065E7465465.e.4900/value - {"text":"Romania"}
COMMAND: GET /session/b0367baf27973c5edc08b2b37b2bc6c3/screenshot - {}
RESULT: {"text":"Romania"}
COMMAND: GET /session/b0367baf27973c5edc08b2b37b2bc6c3/screenshot - {}
RESULT: {}
RESULT: {}
COMMAND: POST /session/b0367baf27973c5edc08b2b37b2bc6c3/element - {"using":"xpath","value":"//div[contains(text(), \"Commercial\")]"}
RESULT: {"using":"xpath","value":"//div[contains(text(), \"Commercial\")]"}
COMMAND: GET /session/b0367baf27973c5edc08b2b37b2bc6c3/element/f.9BFDF912BED0EE2DD1184AF57B04AD28.d.7336C8FE6881730C673B6065E7465465.e.5089/rect - {}
RESULT: {}
COMMAND: GET /session/b0367baf27973c5edc08b2b37b2bc6c3/window/rect - {}
RESULT: {}
COMMAND: POST /session/b0367baf27973c5edc08b2b37b2bc6c3/execute/sync - {"script":"<script> [92 bytes]","args":[]}
RESULT: {"script":"<script> [92 bytes]","args":[]}
COMMAND: POST /session/b0367baf27973c5edc08b2b37b2bc6c3/actions - {"actions":[{"id":"action10","type":"wheel","parameters":{},"actions":[{"type":"scroll","x":-1841,"y":-44,"deltaX":0,"deltaY":0,"duration":0,"origin":{"element-6066-11e4-a52e-4f735466cecf":"f.9BFDF912BED0EE2DD1184AF57B04AD28.d.7336C8FE6881730C673B6065E7465465.e.5089"}}]}]}
COMMAND: GET /session/b0367baf27973c5edc08b2b37b2bc6c3/screenshot - {}
RESULT: {}
COMMAND: POST /session/b0367baf27973c5edc08b2b37b2bc6c3/execute/sync - {"script":"<script> [79 bytes]","args":[{"element-6066-11e4-a52e-4f735466cecf":"f.9BFDF912BED0EE2DD1184AF57B04AD28.d.7336C8FE6881730C673B6065E7465465.e.5089","ELEMENT":"f.9BFDF912BED0EE2DD1184AF57B04AD28.d.7336C8FE6881730C673B6065E7465465.e.5089"},{"block":"start","inline":"nearest"}]}
RESULT: {"script":"<script> [79 bytes]","args":[{"element-6066-11e4-a52e-4f735466cecf":"f.9BFDF912BED0EE2DD1184AF57B04AD28.d.7336C8FE6881730C673B6065E7465465.e.5089","ELEMENT":"f.9BFDF912BED0EE2DD1184AF57B04AD28.d.7336C8FE6881730C673B6065E7465465.e.5089"},{"block":"start","inline":"nearest"}]}
COMMAND: GET /session/b0367baf27973c5edc08b2b37b2bc6c3/screenshot - {}
RESULT: {}
COMMAND: POST /session/b0367baf27973c5edc08b2b37b2bc6c3/execute/async - {"script":"<script> [1562 bytes]","args":[{"selector":{"id":"application-manageyards-display-component---NewYard--addressEditDetailsCostObjectCstType-arrow"},"wdio_ui5_key":"applicationmanageyards-display-component---NewYard--addressEditDetailsCostObjectCstType-arrow"}]}
RESULT: {"script":"<script> [1562 bytes]","args":[{"selector":{"id":"application-manageyards-display-component---NewYard--addressEditDetailsCostObjectCstType-arrow"},"wdio_ui5_key":"applicationmanageyards-display-component---NewYard--addressEditDetailsCostObjectCstType-arrow"}]}
RESULT: undefined
COMMAND: POST /session/b0367baf27973c5edc08b2b37b2bc6c3/element - {"using":"xpath","value":"//*[@id=\"application-manageyards-display-component---NewYard--addressEditDetailsCostObjectCstType-arrow\"]"}
RESULT: {"using":"xpath","value":"//*[@id=\"application-manageyards-display-component---NewYard--addressEditDetailsCostObjectCstType-arrow\"]"}
COMMAND: POST /session/b0367baf27973c5edc08b2b37b2bc6c3/element/f.9BFDF912BED0EE2DD1184AF57B04AD28.d.7336C8FE6881730C673B6065E7465465.e.5097/click - {}
RESULT: {}
COMMAND: POST /session/b0367baf27973c5edc08b2b37b2bc6c3/element - {"using":"xpath","value":"//span[contains(text(), \"Cost Center\")]"}
COMMAND: GET /session/b0367baf27973c5edc08b2b37b2bc6c3/screenshot - {}
RESULT: {"using":"xpath","value":"//span[contains(text(), \"Cost Center\")]"}
COMMAND: POST /session/b0367baf27973c5edc08b2b37b2bc6c3/element/f.9BFDF912BED0EE2DD1184AF57B04AD28.d.7336C8FE6881730C673B6065E7465465.e.5098/click - {}
RESULT: {}
RESULT: {}
COMMAND: GET /session/b0367baf27973c5edc08b2b37b2bc6c3/screenshot - {}
RESULT: {}
COMMAND: POST /session/b0367baf27973c5edc08b2b37b2bc6c3/execute/async - {"script":"<script> [1562 bytes]","args":[{"selector":{"id":"application-manageyards-display-component---NewYard--addressNewCostObjectCstID-vhi"},"wdio_ui5_key":"applicationmanageyards-display-component---NewYard--addressNewCostObjectCstID-vhi"}]}
RESULT: {"script":"<script> [1562 bytes]","args":[{"selector":{"id":"application-manageyards-display-component---NewYard--addressNewCostObjectCstID-vhi"},"wdio_ui5_key":"applicationmanageyards-display-component---NewYard--addressNewCostObjectCstID-vhi"}]}
RESULT: undefined
COMMAND: POST /session/b0367baf27973c5edc08b2b37b2bc6c3/element - {"using":"xpath","value":"//*[@id=\"application-manageyards-display-component---NewYard--addressNewCostObjectCstID-vhi\"]"}
RESULT: {"using":"xpath","value":"//*[@id=\"application-manageyards-display-component---NewYard--addressNewCostObjectCstID-vhi\"]"}
COMMAND: POST /session/b0367baf27973c5edc08b2b37b2bc6c3/element/f.9BFDF912BED0EE2DD1184AF57B04AD28.d.7336C8FE6881730C673B6065E7465465.e.5102/click - {}
RESULT: {}
COMMAND: GET /session/b0367baf27973c5edc08b2b37b2bc6c3/screenshot - {}
RESULT: {}
COMMAND: POST /session/b0367baf27973c5edc08b2b37b2bc6c3/execute/async - {"script":"<script> [1562 bytes]","args":[{"selector":{"controlType":"sap.m.SearchField","properties":{"placeholder":"Search"},"searchOpenDialogs":true,"interaction":{"idSuffix":"I"}},"wdio_ui5_key":"sapm.SearchField{\"placeholder\":\"Search\"}"}]}
RESULT: {"script":"<script> [1562 bytes]","args":[{"selector":{"controlType":"sap.m.SearchField","properties":{"placeholder":"Search"},"searchOpenDialogs":true,"interaction":{"idSuffix":"I"}},"wdio_ui5_key":"sapm.SearchField{\"placeholder\":\"Search\"}"}]}
RESULT: undefined
COMMAND: POST /session/b0367baf27973c5edc08b2b37b2bc6c3/execute/async - {"script":"<script> [776 bytes]","args":[{"enterText":"10001013","selector":{"controlType":"sap.m.SearchField","properties":{"placeholder":"Search"},"searchOpenDialogs":true,"interaction":{"idSuffix":"I"}},"clearTextFirst":true,"interactionType":"ENTER_TEXT"}]}
RESULT: {"script":"<script> [776 bytes]","args":[{"enterText":"10001013","selector":{"controlType":"sap.m.SearchField","properties":{"placeholder":"Search"},"searchOpenDialogs":true,"interaction":{"idSuffix":"I"}},"clearTextFirst":true,"interactionType":"ENTER_TEXT"}]}
COMMAND: POST /session/b0367baf27973c5edc08b2b37b2bc6c3/actions - {"actions":[{"id":"action11","type":"key","parameters":{},"actions":[{"type":"keyDown","value":"î€‡"},{"type":"pause","duration":10},{"type":"keyUp","value":"î€‡"}]}]}
RESULT: {"actions":[{"id":"action11","type":"key","parameters":{},"actions":[{"type":"keyDown","value":"î€‡"},{"type":"pause","duration":10},{"type":"keyUp","value":"î€‡"}]}]}
COMMAND: GET /session/b0367baf27973c5edc08b2b37b2bc6c3/screenshot - {}
RESULT: {}
COMMAND: POST /session/b0367baf27973c5edc08b2b37b2bc6c3/element - {"using":"xpath","value":"//span[contains(text(), \"General Management\")]"}
RESULT: {"using":"xpath","value":"//span[contains(text(), \"General Management\")]"}
COMMAND: POST /session/b0367baf27973c5edc08b2b37b2bc6c3/element/f.9BFDF912BED0EE2DD1184AF57B04AD28.d.7336C8FE6881730C673B6065E7465465.e.5144/click - {}
RESULT: {}
COMMAND: GET /session/b0367baf27973c5edc08b2b37b2bc6c3/screenshot - {}
RESULT: {}
COMMAND: POST /session/b0367baf27973c5edc08b2b37b2bc6c3/element - {"using":"xpath","value":"//bdi[contains(text(), \"OK\")]"}
RESULT: {"using":"xpath","value":"//bdi[contains(text(), \"OK\")]"}
COMMAND: POST /session/b0367baf27973c5edc08b2b37b2bc6c3/element/f.9BFDF912BED0EE2DD1184AF57B04AD28.d.7336C8FE6881730C673B6065E7465465.e.5145/click - {}
RESULT: {}
COMMAND: GET /session/b0367baf27973c5edc08b2b37b2bc6c3/screenshot - {}
RESULT: {}
COMMAND: POST /session/b0367baf27973c5edc08b2b37b2bc6c3/execute/async - {"script":"<script> [1562 bytes]","args":[{"selector":{"controlType":"sap.m.Button","viewName":"etm.portal.ui.manageyards.view.New","viewId":"application-manageyards-display-component---NewYard","i18NText":{"propertyName":"text","key":"save"},"interaction":{"idSuffix":"inner"}},"wdio_ui5_key":"etmportal.ui.manageyards.view.Newsap.m.Button{\"propertyName\":\"text\",\"key\":\"save\"}"}]}
RESULT: {"script":"<script> [1562 bytes]","args":[{"selector":{"controlType":"sap.m.Button","viewName":"etm.portal.ui.manageyards.view.New","viewId":"application-manageyards-display-component---NewYard","i18NText":{"propertyName":"text","key":"save"},"interaction":{"idSuffix":"inner"}},"wdio_ui5_key":"etmportal.ui.manageyards.view.Newsap.m.Button{\"propertyName\":\"text\",\"key\":\"save\"}"}]}
RESULT: undefined
COMMAND: POST /session/b0367baf27973c5edc08b2b37b2bc6c3/element - {"using":"xpath","value":"//*[@id=\"__button79\"]"}
RESULT: {"using":"xpath","value":"//*[@id=\"__button79\"]"}
COMMAND: POST /session/b0367baf27973c5edc08b2b37b2bc6c3/element/f.9BFDF912BED0EE2DD1184AF57B04AD28.d.7336C8FE6881730C673B6065E7465465.e.5069/click - {}
RESULT: {}
COMMAND: GET /session/b0367baf27973c5edc08b2b37b2bc6c3/screenshot - {}
RESULT: {}
COMMAND: POST /session/b0367baf27973c5edc08b2b37b2bc6c3/element - {"using":"xpath","value":"//header/div/div[2]/div[2]/span"}
RESULT: {"using":"xpath","value":"//header/div/div[2]/div[2]/span"}
COMMAND: GET /session/b0367baf27973c5edc08b2b37b2bc6c3/element/f.9BFDF912BED0EE2DD1184AF57B04AD28.d.7336C8FE6881730C673B6065E7465465.e.5342/text - {}
RESULT: {}
COMMAND: POST /session/b0367baf27973c5edc08b2b37b2bc6c3/execute/async - {"script":"<script> [1562 bytes]","args":[{"selector":{"controlType":"sap.m.OverflowToolbarButton","viewName":"etm.portal.ui.manageyards.view.Detail","viewId":"application-manageyards-display-component---detailYard","i18NText":{"propertyName":"tooltip","key":"closeColumn"},"interaction":{"idSuffix":"inner"}},"wdio_ui5_key":"etmportal.ui.manageyards.view.Detailsap.m.OverflowToolbarButton{\"propertyName\":\"tooltip\",\"key\":\"closeColumn\"}"}]}
RESULT: {"script":"<script> [1562 bytes]","args":[{"selector":{"controlType":"sap.m.OverflowToolbarButton","viewName":"etm.portal.ui.manageyards.view.Detail","viewId":"application-manageyards-display-component---detailYard","i18NText":{"propertyName":"tooltip","key":"closeColumn"},"interaction":{"idSuffix":"inner"}},"wdio_ui5_key":"etmportal.ui.manageyards.view.Detailsap.m.OverflowToolbarButton{\"propertyName\":\"tooltip\",\"key\":\"closeColumn\"}"}]}
RESULT: undefined
COMMAND: POST /session/b0367baf27973c5edc08b2b37b2bc6c3/element - {"using":"xpath","value":"//*[@id=\"__button103\"]"}
RESULT: {"using":"xpath","value":"//*[@id=\"__button103\"]"}
COMMAND: POST /session/b0367baf27973c5edc08b2b37b2bc6c3/element/f.9BFDF912BED0EE2DD1184AF57B04AD28.d.7336C8FE6881730C673B6065E7465465.e.5344/click - {}
RESULT: {}
COMMAND: GET /session/b0367baf27973c5edc08b2b37b2bc6c3/screenshot - {}
RESULT: {}
COMMAND: POST /session/b0367baf27973c5edc08b2b37b2bc6c3/element - {"using":"css selector","value":"#shell-header-logo"}
RESULT: {"using":"css selector","value":"#shell-header-logo"}
COMMAND: POST /session/b0367baf27973c5edc08b2b37b2bc6c3/element/f.9BFDF912BED0EE2DD1184AF57B04AD28.d.7336C8FE6881730C673B6065E7465465.e.4469/click - {}
RESULT: {}
COMMAND: GET /session/b0367baf27973c5edc08b2b37b2bc6c3/screenshot - {}
RESULT: {}
COMMAND: POST /session/b0367baf27973c5edc08b2b37b2bc6c3/refresh - {}
RESULT: {}
COMMAND: GET /session/b0367baf27973c5edc08b2b37b2bc6c3/screenshot - {}
RESULT: {}
COMMAND: POST /session/b0367baf27973c5edc08b2b37b2bc6c3/execute/async - {"script":"<script> [189 bytes]","args":[]}
RESULT: {"script":"<script> [189 bytes]","args":[]}
COMMAND: POST /session/b0367baf27973c5edc08b2b37b2bc6c3/execute/async - {"script":"<script> [123 bytes]","args":[]}
RESULT: {"script":"<script> [123 bytes]","args":[]}
COMMAND: POST /session/b0367baf27973c5edc08b2b37b2bc6c3/timeouts - {"script":"<number>"}
RESULT: {"script":"<number>"}
COMMAND: GET /session/b0367baf27973c5edc08b2b37b2bc6c3/timeouts - {}
RESULT: {}
RESULT: undefined
COMMAND: POST /session/b0367baf27973c5edc08b2b37b2bc6c3/execute/async - {"script":"<script> [2676 bytes]","args":[]}
RESULT: {"script":"<script> [2676 bytes]","args":[]}
COMMAND: POST /session/b0367baf27973c5edc08b2b37b2bc6c3/execute/async - {"script":"<script> [2342 bytes]","args":[{"protocol":"http","hostname":"0.0.0.0","path":"/","capabilities":{"browserName":"chrome","goog:chromeOptions":{"binary":"C:\\Program Files\\Google\\Chrome\\Application\\chrome.exe","args":["--start-maximized"]}},"logLevel":"warn","connectionRetryTimeout":120000,"connectionRetryCount":3,"logLevels":{},"enableDirectConnect":true,"strictSSL":true,"_":"65 more keys: [\"cacheDir\",\"port\",\"requestedCapabilities\",\"automationProtocol\",\"baseUrl\",\"waitforInterval\",\"waitforTimeout\",\"onReload\",\"beforeCommand\",\"afterCommand\",\"rootDir\",\"specs\",\"suites\",\"exclude\",\"groupLogsByTestSpec\",\"excludeDriverLogs\",\"bail\",\"framework\",\"reporters\",\"services\",\"maxInstances\",\"maxInstancesPerCapability\",\"injectGlobals\",\"filesToWatch\",\"execArgv\",\"runnerEnv\",\"runner\",\"shard\",\"specFileRetries\",\"specFileRetriesDelay\",\"specFileRetriesDeferred\",\"reporterSyncInterval\",\"reporterSyncTimeout\",\"cucumberFeaturesWithLineNumbers\",\"autoCompileOpts\",\"mochaOpts\",\"jasmineOpts\",\"cucumberOpts\",\"onPrepare\",\"onWorkerStart\",\"onWorkerEnd\",\"before\",\"beforeSession\",\"beforeSuite\",\"beforeHook\",\"beforeTest\",\"afterTest\",\"afterHook\",\"afterSuite\",\"afterSession\",\"after\",\"onComplete\",\"beforeAssertion\",\"afterAssertion\",\"beforeFeature\",\"beforeScenario\",\"beforeStep\",\"afterStep\",\"afterScenario\",\"afterFeature\",\"_\",\"suite\",\"$0\",\"ignoredWorkerServices\",\"wdi5\"]"}]}
RESULT: {"script":"<script> [2342 bytes]","args":[{"protocol":"http","hostname":"0.0.0.0","path":"/","capabilities":{"browserName":"chrome","goog:chromeOptions":{"binary":"C:\\Program Files\\Google\\Chrome\\Application\\chrome.exe","args":["--start-maximized"]}},"logLevel":"warn","connectionRetryTimeout":120000,"connectionRetryCount":3,"logLevels":{},"enableDirectConnect":true,"strictSSL":true,"_":"65 more keys: [\"cacheDir\",\"port\",\"requestedCapabilities\",\"automationProtocol\",\"baseUrl\",\"waitforInterval\",\"waitforTimeout\",\"onReload\",\"beforeCommand\",\"afterCommand\",\"rootDir\",\"specs\",\"suites\",\"exclude\",\"groupLogsByTestSpec\",\"excludeDriverLogs\",\"bail\",\"framework\",\"reporters\",\"services\",\"maxInstances\",\"maxInstancesPerCapability\",\"injectGlobals\",\"filesToWatch\",\"execArgv\",\"runnerEnv\",\"runner\",\"shard\",\"specFileRetries\",\"specFileRetriesDelay\",\"specFileRetriesDeferred\",\"reporterSyncInterval\",\"reporterSyncTimeout\",\"cucumberFeaturesWithLineNumbers\",\"autoCompileOpts\",\"mochaOpts\",\"jasmineOpts\",\"cucumberOpts\",\"onPrepare\",\"onWorkerStart\",\"onWorkerEnd\",\"before\",\"beforeSession\",\"beforeSuite\",\"beforeHook\",\"beforeTest\",\"afterTest\",\"afterHook\",\"afterSuite\",\"afterSession\",\"after\",\"onComplete\",\"beforeAssertion\",\"afterAssertion\",\"beforeFeature\",\"beforeScenario\",\"beforeStep\",\"afterStep\",\"afterScenario\",\"afterFeature\",\"_\",\"suite\",\"$0\",\"ignoredWorkerServices\",\"wdi5\"]"}]}
COMMAND: POST /session/b0367baf27973c5edc08b2b37b2bc6c3/execute/async - {"script":"<script> [21126 bytes]","args":[35000]}
RESULT: {"script":"<script> [21126 bytes]","args":[35000]}
COMMAND: POST /session/b0367baf27973c5edc08b2b37b2bc6c3/execute/async - {"script":"<script> [1562 bytes]","args":[{"selector":{"controlType":"sap.m.GenericTile","properties":{"header":"Manage Partners"}},"wdio_ui5_key":"sapm.GenericTile{\"header\":\"Manage Partners\"}"}]}
RESULT: {"script":"<script> [1562 bytes]","args":[{"selector":{"controlType":"sap.m.GenericTile","properties":{"header":"Manage Partners"}},"wdio_ui5_key":"sapm.GenericTile{\"header\":\"Manage Partners\"}"}]}
RESULT: undefined
COMMAND: POST /session/b0367baf27973c5edc08b2b37b2bc6c3/element - {"using":"xpath","value":"//*[@id=\"__tile38\"]"}
RESULT: {"using":"xpath","value":"//*[@id=\"__tile38\"]"}
COMMAND: POST /session/b0367baf27973c5edc08b2b37b2bc6c3/element/f.9BFDF912BED0EE2DD1184AF57B04AD28.d.524768C508577394B96185EB96979CCA.e.5697/click - {}
RESULT: {}
COMMAND: GET /session/b0367baf27973c5edc08b2b37b2bc6c3/screenshot - {}
RESULT: {}
COMMAND: POST /session/b0367baf27973c5edc08b2b37b2bc6c3/execute/async - {"script":"<script> [1562 bytes]","args":[{"selector":{"controlType":"sap.ui.core.Icon","viewName":"etm.portal.ui.managepartners.view.Master","viewId":"application-managepartners-display-component---masterPtm","properties":{"src":{"regex":{"source":"add"}}}},"wdio_ui5_key":"etmportal.ui.managepartners.view.Mastersap.ui.core.Icon{\"src\":{\"regex\":{\"source\":\"add\"}}}"}]}
RESULT: {"script":"<script> [1562 bytes]","args":[{"selector":{"controlType":"sap.ui.core.Icon","viewName":"etm.portal.ui.managepartners.view.Master","viewId":"application-managepartners-display-component---masterPtm","properties":{"src":{"regex":{"source":"add"}}}},"wdio_ui5_key":"etmportal.ui.managepartners.view.Mastersap.ui.core.Icon{\"src\":{\"regex\":{\"source\":\"add\"}}}"}]}
RESULT: undefined
COMMAND: POST /session/b0367baf27973c5edc08b2b37b2bc6c3/element - {"using":"xpath","value":"//*[@id=\"__button4-img\"]"}
RESULT: {"using":"xpath","value":"//*[@id=\"__button4-img\"]"}
COMMAND: POST /session/b0367baf27973c5edc08b2b37b2bc6c3/element/f.9BFDF912BED0EE2DD1184AF57B04AD28.d.524768C508577394B96185EB96979CCA.e.5748/click - {}
RESULT: {}
COMMAND: GET /session/b0367baf27973c5edc08b2b37b2bc6c3/screenshot - {}
COMMAND: POST /session/b0367baf27973c5edc08b2b37b2bc6c3/execute/async - {"script":"<script> [1562 bytes]","args":[{"selector":{"id":"application-managepartners-display-component---NewPartner--partnerId","interaction":{"idSuffix":"inner"}},"wdio_ui5_key":"applicationmanagepartners-display-component---NewPartner--partnerId"}]}
RESULT: {}
RESULT: {"script":"<script> [1562 bytes]","args":[{"selector":{"id":"application-managepartners-display-component---NewPartner--partnerId","interaction":{"idSuffix":"inner"}},"wdio_ui5_key":"applicationmanagepartners-display-component---NewPartner--partnerId"}]}
RESULT: undefined
COMMAND: POST /session/b0367baf27973c5edc08b2b37b2bc6c3/execute/async - {"script":"<script> [1562 bytes]","args":[{"selector":{"id":"application-managepartners-display-component---NewPartner--addressDetailDetailsName1","interaction":{"idSuffix":"inner"}},"wdio_ui5_key":"applicationmanagepartners-display-component---NewPartner--addressDetailDetailsName1"}]}
RESULT: {"script":"<script> [1562 bytes]","args":[{"selector":{"id":"application-managepartners-display-component---NewPartner--addressDetailDetailsName1","interaction":{"idSuffix":"inner"}},"wdio_ui5_key":"applicationmanagepartners-display-component---NewPartner--addressDetailDetailsName1"}]}
RESULT: undefined
COMMAND: POST /session/b0367baf27973c5edc08b2b37b2bc6c3/execute/async - {"script":"<script> [776 bytes]","args":[{"enterText":"WebdriverPartnernf1a9","selector":{"id":"application-managepartners-display-component---NewPartner--addressDetailDetailsName1","interaction":{"idSuffix":"inner"}},"clearTextFirst":true,"interactionType":"ENTER_TEXT"}]}
RESULT: {"script":"<script> [776 bytes]","args":[{"enterText":"WebdriverPartnernf1a9","selector":{"id":"application-managepartners-display-component---NewPartner--addressDetailDetailsName1","interaction":{"idSuffix":"inner"}},"clearTextFirst":true,"interactionType":"ENTER_TEXT"}]}
COMMAND: POST /session/b0367baf27973c5edc08b2b37b2bc6c3/execute/async - {"script":"<script> [1562 bytes]","args":[{"selector":{"id":"application-managepartners-display-component---NewPartner--addressDetailDetailsLanguage","interaction":{"idSuffix":"inner"}},"wdio_ui5_key":"applicationmanagepartners-display-component---NewPartner--addressDetailDetailsLanguage"}]}
RESULT: {"script":"<script> [1562 bytes]","args":[{"selector":{"id":"application-managepartners-display-component---NewPartner--addressDetailDetailsLanguage","interaction":{"idSuffix":"inner"}},"wdio_ui5_key":"applicationmanagepartners-display-component---NewPartner--addressDetailDetailsLanguage"}]}
RESULT: undefined
COMMAND: POST /session/b0367baf27973c5edc08b2b37b2bc6c3/execute/async - {"script":"<script> [776 bytes]","args":[{"enterText":"Romanian","selector":{"id":"application-managepartners-display-component---NewPartner--addressDetailDetailsLanguage","interaction":{"idSuffix":"inner"}},"clearTextFirst":true,"interactionType":"ENTER_TEXT"}]}
RESULT: {"script":"<script> [776 bytes]","args":[{"enterText":"Romanian","selector":{"id":"application-managepartners-display-component---NewPartner--addressDetailDetailsLanguage","interaction":{"idSuffix":"inner"}},"clearTextFirst":true,"interactionType":"ENTER_TEXT"}]}
COMMAND: POST /session/b0367baf27973c5edc08b2b37b2bc6c3/element - {"using":"xpath","value":"//input[contains(@id ,\"application-managepartners-display-component---NewPartner--addressDetailDetailsName1-inner\")]"}
RESULT: {"using":"xpath","value":"//input[contains(@id ,\"application-managepartners-display-component---NewPartner--addressDetailDetailsName1-inner\")]"}
COMMAND: GET /session/b0367baf27973c5edc08b2b37b2bc6c3/element/f.9BFDF912BED0EE2DD1184AF57B04AD28.d.524768C508577394B96185EB96979CCA.e.5961/property/value - {}
RESULT: {}
COMMAND: POST /session/b0367baf27973c5edc08b2b37b2bc6c3/execute/async - {"script":"<script> [1562 bytes]","args":[{"selector":{"id":"application-managepartners-display-component---NewPartner--addressDetailDetailsCity1","interaction":{"idSuffix":"inner"}},"wdio_ui5_key":"applicationmanagepartners-display-component---NewPartner--addressDetailDetailsCity1"}]}
COMMAND: GET /session/b0367baf27973c5edc08b2b37b2bc6c3/screenshot - {}
RESULT: {"script":"<script> [1562 bytes]","args":[{"selector":{"id":"application-managepartners-display-component---NewPartner--addressDetailDetailsCity1","interaction":{"idSuffix":"inner"}},"wdio_ui5_key":"applicationmanagepartners-display-component---NewPartner--addressDetailDetailsCity1"}]}
RESULT: undefined
COMMAND: POST /session/b0367baf27973c5edc08b2b37b2bc6c3/execute/async - {"script":"<script> [776 bytes]","args":[{"enterText":"Bucharest","selector":{"id":"application-managepartners-display-component---NewPartner--addressDetailDetailsCity1","interaction":{"idSuffix":"inner"}},"clearTextFirst":true,"interactionType":"ENTER_TEXT"}]}
RESULT: {}
RESULT: {"script":"<script> [776 bytes]","args":[{"enterText":"Bucharest","selector":{"id":"application-managepartners-display-component---NewPartner--addressDetailDetailsCity1","interaction":{"idSuffix":"inner"}},"clearTextFirst":true,"interactionType":"ENTER_TEXT"}]}
COMMAND: POST /session/b0367baf27973c5edc08b2b37b2bc6c3/execute/async - {"script":"<script> [1562 bytes]","args":[{"selector":{"id":"application-managepartners-display-component---NewPartner--addressDetailDetailsCountry","interaction":{"idSuffix":"inner"}},"wdio_ui5_key":"applicationmanagepartners-display-component---NewPartner--addressDetailDetailsCountry"}]}
RESULT: {"script":"<script> [1562 bytes]","args":[{"selector":{"id":"application-managepartners-display-component---NewPartner--addressDetailDetailsCountry","interaction":{"idSuffix":"inner"}},"wdio_ui5_key":"applicationmanagepartners-display-component---NewPartner--addressDetailDetailsCountry"}]}
RESULT: undefined
COMMAND: POST /session/b0367baf27973c5edc08b2b37b2bc6c3/execute/async - {"script":"<script> [6424 bytes]","args":[{"element-6066-11e4-a52e-4f735466cecf":"f.9BFDF912BED0EE2DD1184AF57B04AD28.d.524768C508577394B96185EB96979CCA.e.5968"},"setValue",["Romania"]]}
RESULT: {"script":"<script> [6424 bytes]","args":[{"element-6066-11e4-a52e-4f735466cecf":"f.9BFDF912BED0EE2DD1184AF57B04AD28.d.524768C508577394B96185EB96979CCA.e.5968"},"setValue",["Romania"]]}
COMMAND: POST /session/b0367baf27973c5edc08b2b37b2bc6c3/execute/async - {"script":"<script> [1562 bytes]","args":[{"selector":{"id":"application-managepartners-display-component---NewPartner--partnerDetailInternal","interaction":{"idSuffix":"inner"}},"wdio_ui5_key":"applicationmanagepartners-display-component---NewPartner--partnerDetailInternal"}]}
RESULT: {"script":"<script> [1562 bytes]","args":[{"selector":{"id":"application-managepartners-display-component---NewPartner--partnerDetailInternal","interaction":{"idSuffix":"inner"}},"wdio_ui5_key":"applicationmanagepartners-display-component---NewPartner--partnerDetailInternal"}]}
RESULT: undefined
COMMAND: POST /session/b0367baf27973c5edc08b2b37b2bc6c3/execute/async - {"script":"<script> [776 bytes]","args":[{"enterText":"External partner","selector":{"id":"application-managepartners-display-component---NewPartner--partnerDetailInternal","interaction":{"idSuffix":"inner"}},"clearTextFirst":true,"interactionType":"ENTER_TEXT"}]}
RESULT: {"script":"<script> [776 bytes]","args":[{"enterText":"External partner","selector":{"id":"application-managepartners-display-component---NewPartner--partnerDetailInternal","interaction":{"idSuffix":"inner"}},"clearTextFirst":true,"interactionType":"ENTER_TEXT"}]}
COMMAND: POST /session/b0367baf27973c5edc08b2b37b2bc6c3/execute/async - {"script":"<script> [1562 bytes]","args":[{"selector":{"id":"application-managepartners-display-component---NewPartner--partnerDetailsCurrency","interaction":{"idSuffix":"inner"}},"wdio_ui5_key":"applicationmanagepartners-display-component---NewPartner--partnerDetailsCurrency"}]}
RESULT: {"script":"<script> [1562 bytes]","args":[{"selector":{"id":"application-managepartners-display-component---NewPartner--partnerDetailsCurrency","interaction":{"idSuffix":"inner"}},"wdio_ui5_key":"applicationmanagepartners-display-component---NewPartner--partnerDetailsCurrency"}]}
RESULT: undefined
COMMAND: POST /session/b0367baf27973c5edc08b2b37b2bc6c3/execute/async - {"script":"<script> [776 bytes]","args":[{"enterText":"Euro","selector":{"id":"application-managepartners-display-component---NewPartner--partnerDetailsCurrency","interaction":{"idSuffix":"inner"}},"clearTextFirst":true,"interactionType":"ENTER_TEXT"}]}
RESULT: {"script":"<script> [776 bytes]","args":[{"enterText":"Euro","selector":{"id":"application-managepartners-display-component---NewPartner--partnerDetailsCurrency","interaction":{"idSuffix":"inner"}},"clearTextFirst":true,"interactionType":"ENTER_TEXT"}]}
COMMAND: POST /session/b0367baf27973c5edc08b2b37b2bc6c3/execute/async - {"script":"<script> [1562 bytes]","args":[{"selector":{"controlType":"sap.m.Button","viewName":"etm.portal.ui.managepartners.view.NewPartner","viewId":"application-managepartners-display-component---NewPartner","properties":{"text":"Commercial"},"interaction":{"idSuffix":"BDI-content"}},"wdio_ui5_key":"etmportal.ui.managepartners.view.NewPartnersap.m.Button{\"text\":\"Commercial\"}"}]}
RESULT: {"script":"<script> [1562 bytes]","args":[{"selector":{"controlType":"sap.m.Button","viewName":"etm.portal.ui.managepartners.view.NewPartner","viewId":"application-managepartners-display-component---NewPartner","properties":{"text":"Commercial"},"interaction":{"idSuffix":"BDI-content"}},"wdio_ui5_key":"etmportal.ui.managepartners.view.NewPartnersap.m.Button{\"text\":\"Commercial\"}"}]}
RESULT: undefined
COMMAND: POST /session/b0367baf27973c5edc08b2b37b2bc6c3/element - {"using":"xpath","value":"//*[@id=\"application-managepartners-display-component---NewPartner--ObjectPageLayout-anchBar-__section5-anchor\"]"}
RESULT: {"using":"xpath","value":"//*[@id=\"application-managepartners-display-component---NewPartner--ObjectPageLayout-anchBar-__section5-anchor\"]"}
COMMAND: POST /session/b0367baf27973c5edc08b2b37b2bc6c3/element/f.9BFDF912BED0EE2DD1184AF57B04AD28.d.524768C508577394B96185EB96979CCA.e.6165/click - {}
RESULT: {}
COMMAND: GET /session/b0367baf27973c5edc08b2b37b2bc6c3/screenshot - {}
RESULT: {}
COMMAND: POST /session/b0367baf27973c5edc08b2b37b2bc6c3/execute/async - {"script":"<script> [1562 bytes]","args":[{"selector":{"id":"application-managepartners-display-component---NewPartner--btnAddTableRow-img"},"wdio_ui5_key":"applicationmanagepartners-display-component---NewPartner--btnAddTableRow-img"}]}
RESULT: {"script":"<script> [1562 bytes]","args":[{"selector":{"id":"application-managepartners-display-component---NewPartner--btnAddTableRow-img"},"wdio_ui5_key":"applicationmanagepartners-display-component---NewPartner--btnAddTableRow-img"}]}
RESULT: undefined
COMMAND: POST /session/b0367baf27973c5edc08b2b37b2bc6c3/element - {"using":"xpath","value":"//*[@id=\"application-managepartners-display-component---NewPartner--btnAddTableRow-img\"]"}
RESULT: {"using":"xpath","value":"//*[@id=\"application-managepartners-display-component---NewPartner--btnAddTableRow-img\"]"}
COMMAND: POST /session/b0367baf27973c5edc08b2b37b2bc6c3/element/f.9BFDF912BED0EE2DD1184AF57B04AD28.d.524768C508577394B96185EB96979CCA.e.6173/click - {}
RESULT: {}
COMMAND: POST /session/b0367baf27973c5edc08b2b37b2bc6c3/element - {"using":"xpath","value":"//input[contains(@id ,\"application-managepartners-display-component---NewPartner--assignmentYard-application-managepartners-display-component---NewPartner\")]"}
COMMAND: GET /session/b0367baf27973c5edc08b2b37b2bc6c3/screenshot - {}
RESULT: {"using":"xpath","value":"//input[contains(@id ,\"application-managepartners-display-component---NewPartner--assignmentYard-application-managepartners-display-component---NewPartner\")]"}
COMMAND: POST /session/b0367baf27973c5edc08b2b37b2bc6c3/element/f.9BFDF912BED0EE2DD1184AF57B04AD28.d.524768C508577394B96185EB96979CCA.e.6176/clear - {}
RESULT: {}
RESULT: {}
COMMAND: POST /session/b0367baf27973c5edc08b2b37b2bc6c3/element/f.9BFDF912BED0EE2DD1184AF57B04AD28.d.524768C508577394B96185EB96979CCA.e.6176/value - {"text":"301"}
COMMAND: GET /session/b0367baf27973c5edc08b2b37b2bc6c3/screenshot - {}
RESULT: {"text":"301"}
COMMAND: GET /session/b0367baf27973c5edc08b2b37b2bc6c3/screenshot - {}
RESULT: {}
RESULT: {}
COMMAND: POST /session/b0367baf27973c5edc08b2b37b2bc6c3/execute/async - {"script":"<script> [1562 bytes]","args":[{"selector":{"controlType":"sap.m.Button","viewName":"etm.portal.ui.managepartners.view.NewPartner","viewId":"application-managepartners-display-component---NewPartner","i18NText":{"propertyName":"text","key":"save"},"interaction":{"idSuffix":"BDI-content"}},"wdio_ui5_key":"etmportal.ui.managepartners.view.NewPartnersap.m.Button{\"propertyName\":\"text\",\"key\":\"save\"}"}]}
RESULT: {"script":"<script> [1562 bytes]","args":[{"selector":{"controlType":"sap.m.Button","viewName":"etm.portal.ui.managepartners.view.NewPartner","viewId":"application-managepartners-display-component---NewPartner","i18NText":{"propertyName":"text","key":"save"},"interaction":{"idSuffix":"BDI-content"}},"wdio_ui5_key":"etmportal.ui.managepartners.view.NewPartnersap.m.Button{\"propertyName\":\"text\",\"key\":\"save\"}"}]}
RESULT: undefined
COMMAND: POST /session/b0367baf27973c5edc08b2b37b2bc6c3/element - {"using":"xpath","value":"//*[@id=\"__button12\"]"}
RESULT: {"using":"xpath","value":"//*[@id=\"__button12\"]"}
COMMAND: POST /session/b0367baf27973c5edc08b2b37b2bc6c3/element/f.9BFDF912BED0EE2DD1184AF57B04AD28.d.524768C508577394B96185EB96979CCA.e.6136/click - {}
RESULT: {}
COMMAND: GET /session/b0367baf27973c5edc08b2b37b2bc6c3/screenshot - {}
RESULT: {}
COMMAND: POST /session/b0367baf27973c5edc08b2b37b2bc6c3/element - {"using":"xpath","value":"//header/div/div[2]/div[2]/span"}
RESULT: {"using":"xpath","value":"//header/div/div[2]/div[2]/span"}
COMMAND: GET /session/b0367baf27973c5edc08b2b37b2bc6c3/element/f.9BFDF912BED0EE2DD1184AF57B04AD28.d.524768C508577394B96185EB96979CCA.e.6346/text - {}
RESULT: {}
COMMAND: POST /session/b0367baf27973c5edc08b2b37b2bc6c3/element - {"using":"xpath","value":"//header/div/div/div/div/div/div[2]/div/span"}
RESULT: {"using":"xpath","value":"//header/div/div/div/div/div/div[2]/div/span"}
COMMAND: GET /session/b0367baf27973c5edc08b2b37b2bc6c3/element/f.9BFDF912BED0EE2DD1184AF57B04AD28.d.524768C508577394B96185EB96979CCA.e.6347/text - {}
RESULT: {}
COMMAND: POST /session/b0367baf27973c5edc08b2b37b2bc6c3/execute/async - {"script":"<script> [1562 bytes]","args":[{"selector":{"id":"application-managepartners-display-component---detailPtm--partnerType"},"wdio_ui5_key":"applicationmanagepartners-display-component---detailPtm--partnerType"}]}
RESULT: {"script":"<script> [1562 bytes]","args":[{"selector":{"id":"application-managepartners-display-component---detailPtm--partnerType"},"wdio_ui5_key":"applicationmanagepartners-display-component---detailPtm--partnerType"}]}
RESULT: undefined
COMMAND: POST /session/b0367baf27973c5edc08b2b37b2bc6c3/execute/async - {"script":"<script> [6424 bytes]","args":[{"element-6066-11e4-a52e-4f735466cecf":"f.9BFDF912BED0EE2DD1184AF57B04AD28.d.524768C508577394B96185EB96979CCA.e.6348"},"getText",[]]}
RESULT: {"script":"<script> [6424 bytes]","args":[{"element-6066-11e4-a52e-4f735466cecf":"f.9BFDF912BED0EE2DD1184AF57B04AD28.d.524768C508577394B96185EB96979CCA.e.6348"},"getText",[]]}
COMMAND: POST /session/b0367baf27973c5edc08b2b37b2bc6c3/element - {"using":"css selector","value":"#shell-header-logo"}
RESULT: {"using":"css selector","value":"#shell-header-logo"}
COMMAND: POST /session/b0367baf27973c5edc08b2b37b2bc6c3/element/f.9BFDF912BED0EE2DD1184AF57B04AD28.d.524768C508577394B96185EB96979CCA.e.5698/click - {}
RESULT: {}
COMMAND: GET /session/b0367baf27973c5edc08b2b37b2bc6c3/screenshot - {}
RESULT: {}
COMMAND: POST /session/b0367baf27973c5edc08b2b37b2bc6c3/execute/async - {"script":"<script> [1562 bytes]","args":[{"selector":{"controlType":"sap.m.GenericTile","properties":{"header":"Manage Sites"}},"wdio_ui5_key":"sapm.GenericTile{\"header\":\"Manage Sites\"}"}]}
RESULT: {"script":"<script> [1562 bytes]","args":[{"selector":{"controlType":"sap.m.GenericTile","properties":{"header":"Manage Sites"}},"wdio_ui5_key":"sapm.GenericTile{\"header\":\"Manage Sites\"}"}]}
RESULT: undefined
COMMAND: POST /session/b0367baf27973c5edc08b2b37b2bc6c3/element - {"using":"xpath","value":"//*[@id=\"__tile40\"]"}
RESULT: {"using":"xpath","value":"//*[@id=\"__tile40\"]"}
COMMAND: POST /session/b0367baf27973c5edc08b2b37b2bc6c3/element/f.9BFDF912BED0EE2DD1184AF57B04AD28.d.524768C508577394B96185EB96979CCA.e.6350/click - {}
RESULT: {}
COMMAND: GET /session/b0367baf27973c5edc08b2b37b2bc6c3/screenshot - {}
RESULT: {}
COMMAND: POST /session/b0367baf27973c5edc08b2b37b2bc6c3/execute/async - {"script":"<script> [1562 bytes]","args":[{"selector":{"controlType":"sap.ui.core.Icon","viewName":"etm.portal.ui.managesites.view.Master","viewId":"application-managesites-display-component---masterSite","properties":{"src":{"regex":{"source":"add"}}}},"wdio_ui5_key":"etmportal.ui.managesites.view.Mastersap.ui.core.Icon{\"src\":{\"regex\":{\"source\":\"add\"}}}"}]}
RESULT: {"script":"<script> [1562 bytes]","args":[{"selector":{"controlType":"sap.ui.core.Icon","viewName":"etm.portal.ui.managesites.view.Master","viewId":"application-managesites-display-component---masterSite","properties":{"src":{"regex":{"source":"add"}}}},"wdio_ui5_key":"etmportal.ui.managesites.view.Mastersap.ui.core.Icon{\"src\":{\"regex\":{\"source\":\"add\"}}}"}]}
RESULT: undefined
COMMAND: POST /session/b0367baf27973c5edc08b2b37b2bc6c3/element - {"using":"xpath","value":"//*[@id=\"__button52-img\"]"}
RESULT: {"using":"xpath","value":"//*[@id=\"__button52-img\"]"}
COMMAND: POST /session/b0367baf27973c5edc08b2b37b2bc6c3/element/f.9BFDF912BED0EE2DD1184AF57B04AD28.d.524768C508577394B96185EB96979CCA.e.6399/click - {}
RESULT: {}
COMMAND: POST /session/b0367baf27973c5edc08b2b37b2bc6c3/execute/async - {"script":"<script> [1562 bytes]","args":[{"selector":{"id":"application-managesites-display-component---NewSite--siteId","interaction":{"idSuffix":"inner"}},"wdio_ui5_key":"applicationmanagesites-display-component---NewSite--siteId"}]}
COMMAND: GET /session/b0367baf27973c5edc08b2b37b2bc6c3/screenshot - {}
RESULT: {"script":"<script> [1562 bytes]","args":[{"selector":{"id":"application-managesites-display-component---NewSite--siteId","interaction":{"idSuffix":"inner"}},"wdio_ui5_key":"applicationmanagesites-display-component---NewSite--siteId"}]}
RESULT: undefined
COMMAND: POST /session/b0367baf27973c5edc08b2b37b2bc6c3/execute/async - {"script":"<script> [1562 bytes]","args":[{"selector":{"id":"application-managesites-display-component---NewSite--addressDetailDetailsName1","interaction":{"idSuffix":"inner"}},"wdio_ui5_key":"applicationmanagesites-display-component---NewSite--addressDetailDetailsName1"}]}
RESULT: {}
RESULT: {"script":"<script> [1562 bytes]","args":[{"selector":{"id":"application-managesites-display-component---NewSite--addressDetailDetailsName1","interaction":{"idSuffix":"inner"}},"wdio_ui5_key":"applicationmanagesites-display-component---NewSite--addressDetailDetailsName1"}]}
RESULT: undefined
COMMAND: POST /session/b0367baf27973c5edc08b2b37b2bc6c3/execute/async - {"script":"<script> [776 bytes]","args":[{"enterText":"WebdriverSite9irtd","selector":{"id":"application-managesites-display-component---NewSite--addressDetailDetailsName1","interaction":{"idSuffix":"inner"}},"clearTextFirst":true,"interactionType":"ENTER_TEXT"}]}
RESULT: {"script":"<script> [776 bytes]","args":[{"enterText":"WebdriverSite9irtd","selector":{"id":"application-managesites-display-component---NewSite--addressDetailDetailsName1","interaction":{"idSuffix":"inner"}},"clearTextFirst":true,"interactionType":"ENTER_TEXT"}]}
COMMAND: POST /session/b0367baf27973c5edc08b2b37b2bc6c3/execute/async - {"script":"<script> [1562 bytes]","args":[{"selector":{"id":"application-managesites-display-component---NewSite--addressDetailDetailsLanguage","interaction":{"idSuffix":"inner"}},"wdio_ui5_key":"applicationmanagesites-display-component---NewSite--addressDetailDetailsLanguage"}]}
RESULT: {"script":"<script> [1562 bytes]","args":[{"selector":{"id":"application-managesites-display-component---NewSite--addressDetailDetailsLanguage","interaction":{"idSuffix":"inner"}},"wdio_ui5_key":"applicationmanagesites-display-component---NewSite--addressDetailDetailsLanguage"}]}
RESULT: undefined
COMMAND: POST /session/b0367baf27973c5edc08b2b37b2bc6c3/execute/async - {"script":"<script> [776 bytes]","args":[{"enterText":"Romanian","selector":{"id":"application-managesites-display-component---NewSite--addressDetailDetailsLanguage","interaction":{"idSuffix":"inner"}},"clearTextFirst":true,"interactionType":"ENTER_TEXT"}]}
RESULT: {"script":"<script> [776 bytes]","args":[{"enterText":"Romanian","selector":{"id":"application-managesites-display-component---NewSite--addressDetailDetailsLanguage","interaction":{"idSuffix":"inner"}},"clearTextFirst":true,"interactionType":"ENTER_TEXT"}]}
COMMAND: POST /session/b0367baf27973c5edc08b2b37b2bc6c3/execute/async - {"script":"<script> [1562 bytes]","args":[{"selector":{"id":"application-managesites-display-component---NewSite--addressDetailDetailsCity1","interaction":{"idSuffix":"inner"}},"wdio_ui5_key":"applicationmanagesites-display-component---NewSite--addressDetailDetailsCity1"}]}
RESULT: {"script":"<script> [1562 bytes]","args":[{"selector":{"id":"application-managesites-display-component---NewSite--addressDetailDetailsCity1","interaction":{"idSuffix":"inner"}},"wdio_ui5_key":"applicationmanagesites-display-component---NewSite--addressDetailDetailsCity1"}]}
RESULT: undefined
COMMAND: POST /session/b0367baf27973c5edc08b2b37b2bc6c3/execute/async - {"script":"<script> [776 bytes]","args":[{"enterText":"Bucharest","selector":{"id":"application-managesites-display-component---NewSite--addressDetailDetailsCity1","interaction":{"idSuffix":"inner"}},"clearTextFirst":true,"interactionType":"ENTER_TEXT"}]}
RESULT: {"script":"<script> [776 bytes]","args":[{"enterText":"Bucharest","selector":{"id":"application-managesites-display-component---NewSite--addressDetailDetailsCity1","interaction":{"idSuffix":"inner"}},"clearTextFirst":true,"interactionType":"ENTER_TEXT"}]}
COMMAND: POST /session/b0367baf27973c5edc08b2b37b2bc6c3/execute/async - {"script":"<script> [1562 bytes]","args":[{"selector":{"id":"application-managesites-display-component---NewSite--addressDetailDetailsCountry","interaction":{"idSuffix":"inner"}},"wdio_ui5_key":"applicationmanagesites-display-component---NewSite--addressDetailDetailsCountry"}]}
RESULT: {"script":"<script> [1562 bytes]","args":[{"selector":{"id":"application-managesites-display-component---NewSite--addressDetailDetailsCountry","interaction":{"idSuffix":"inner"}},"wdio_ui5_key":"applicationmanagesites-display-component---NewSite--addressDetailDetailsCountry"}]}
RESULT: undefined
COMMAND: POST /session/b0367baf27973c5edc08b2b37b2bc6c3/execute/async - {"script":"<script> [776 bytes]","args":[{"enterText":"Romania","selector":{"id":"application-managesites-display-component---NewSite--addressDetailDetailsCountry","interaction":{"idSuffix":"inner"}},"clearTextFirst":true,"interactionType":"ENTER_TEXT"}]}
RESULT: {"script":"<script> [776 bytes]","args":[{"enterText":"Romania","selector":{"id":"application-managesites-display-component---NewSite--addressDetailDetailsCountry","interaction":{"idSuffix":"inner"}},"clearTextFirst":true,"interactionType":"ENTER_TEXT"}]}
COMMAND: POST /session/b0367baf27973c5edc08b2b37b2bc6c3/element - {"using":"css selector","value":"#application-managesites-display-component---NewSite--addressDetailDetailsCalendar-inner"}
RESULT: {"using":"css selector","value":"#application-managesites-display-component---NewSite--addressDetailDetailsCalendar-inner"}
COMMAND: POST /session/b0367baf27973c5edc08b2b37b2bc6c3/element/f.9BFDF912BED0EE2DD1184AF57B04AD28.d.524768C508577394B96185EB96979CCA.e.6618/clear - {}
RESULT: {}
COMMAND: POST /session/b0367baf27973c5edc08b2b37b2bc6c3/element/f.9BFDF912BED0EE2DD1184AF57B04AD28.d.524768C508577394B96185EB96979CCA.e.6618/value - {"text":"Germany"}
COMMAND: GET /session/b0367baf27973c5edc08b2b37b2bc6c3/screenshot - {}
RESULT: {"text":"Germany"}
COMMAND: POST /session/b0367baf27973c5edc08b2b37b2bc6c3/execute/async - {"script":"<script> [1562 bytes]","args":[{"selector":{"id":"application-managesites-display-component---NewSite--addressEditDetailsCostObjectCstType-arrow"},"wdio_ui5_key":"applicationmanagesites-display-component---NewSite--addressEditDetailsCostObjectCstType-arrow"}]}
COMMAND: GET /session/b0367baf27973c5edc08b2b37b2bc6c3/screenshot - {}
RESULT: {}
RESULT: {"script":"<script> [1562 bytes]","args":[{"selector":{"id":"application-managesites-display-component---NewSite--addressEditDetailsCostObjectCstType-arrow"},"wdio_ui5_key":"applicationmanagesites-display-component---NewSite--addressEditDetailsCostObjectCstType-arrow"}]}
RESULT: undefined
COMMAND: POST /session/b0367baf27973c5edc08b2b37b2bc6c3/element - {"using":"xpath","value":"//*[@id=\"application-managesites-display-component---NewSite--addressEditDetailsCostObjectCstType-arrow\"]"}
RESULT: {}
RESULT: {"using":"xpath","value":"//*[@id=\"application-managesites-display-component---NewSite--addressEditDetailsCostObjectCstType-arrow\"]"}
COMMAND: POST /session/b0367baf27973c5edc08b2b37b2bc6c3/element/f.9BFDF912BED0EE2DD1184AF57B04AD28.d.524768C508577394B96185EB96979CCA.e.6778/click - {}
RESULT: {}
COMMAND: POST /session/b0367baf27973c5edc08b2b37b2bc6c3/element - {"using":"xpath","value":"//span[contains(text(), \"Work Breakdown Structure\")]"}
COMMAND: GET /session/b0367baf27973c5edc08b2b37b2bc6c3/screenshot - {}
RESULT: {"using":"xpath","value":"//span[contains(text(), \"Work Breakdown Structure\")]"}
COMMAND: POST /session/b0367baf27973c5edc08b2b37b2bc6c3/element/f.9BFDF912BED0EE2DD1184AF57B04AD28.d.524768C508577394B96185EB96979CCA.e.6779/click - {}
RESULT: {}
RESULT: {}
COMMAND: GET /session/b0367baf27973c5edc08b2b37b2bc6c3/screenshot - {}
RESULT: {}
COMMAND: POST /session/b0367baf27973c5edc08b2b37b2bc6c3/execute/async - {"script":"<script> [1562 bytes]","args":[{"selector":{"id":"application-managesites-display-component---NewSite--addressNewCostObjectCstID-vhi"},"wdio_ui5_key":"applicationmanagesites-display-component---NewSite--addressNewCostObjectCstID-vhi"}]}
RESULT: {"script":"<script> [1562 bytes]","args":[{"selector":{"id":"application-managesites-display-component---NewSite--addressNewCostObjectCstID-vhi"},"wdio_ui5_key":"applicationmanagesites-display-component---NewSite--addressNewCostObjectCstID-vhi"}]}
RESULT: undefined
COMMAND: POST /session/b0367baf27973c5edc08b2b37b2bc6c3/element - {"using":"xpath","value":"//*[@id=\"application-managesites-display-component---NewSite--addressNewCostObjectCstID-vhi\"]"}
RESULT: {"using":"xpath","value":"//*[@id=\"application-managesites-display-component---NewSite--addressNewCostObjectCstID-vhi\"]"}
COMMAND: POST /session/b0367baf27973c5edc08b2b37b2bc6c3/element/f.9BFDF912BED0EE2DD1184AF57B04AD28.d.524768C508577394B96185EB96979CCA.e.6784/click - {}
RESULT: {}
COMMAND: GET /session/b0367baf27973c5edc08b2b37b2bc6c3/screenshot - {}
RESULT: {}
COMMAND: POST /session/b0367baf27973c5edc08b2b37b2bc6c3/execute/async - {"script":"<script> [1562 bytes]","args":[{"selector":{"controlType":"sap.m.SearchField","properties":{"placeholder":"Search"},"searchOpenDialogs":true,"interaction":{"idSuffix":"I"}},"wdio_ui5_key":"sapm.SearchField{\"placeholder\":\"Search\"}"}]}
RESULT: {"script":"<script> [1562 bytes]","args":[{"selector":{"controlType":"sap.m.SearchField","properties":{"placeholder":"Search"},"searchOpenDialogs":true,"interaction":{"idSuffix":"I"}},"wdio_ui5_key":"sapm.SearchField{\"placeholder\":\"Search\"}"}]}
RESULT: undefined
COMMAND: POST /session/b0367baf27973c5edc08b2b37b2bc6c3/execute/async - {"script":"<script> [776 bytes]","args":[{"enterText":"A1-000100-01","selector":{"controlType":"sap.m.SearchField","properties":{"placeholder":"Search"},"searchOpenDialogs":true,"interaction":{"idSuffix":"I"}},"clearTextFirst":true,"interactionType":"ENTER_TEXT"}]}
RESULT: {"script":"<script> [776 bytes]","args":[{"enterText":"A1-000100-01","selector":{"controlType":"sap.m.SearchField","properties":{"placeholder":"Search"},"searchOpenDialogs":true,"interaction":{"idSuffix":"I"}},"clearTextFirst":true,"interactionType":"ENTER_TEXT"}]}
COMMAND: POST /session/b0367baf27973c5edc08b2b37b2bc6c3/actions - {"actions":[{"id":"action12","type":"key","parameters":{},"actions":[{"type":"keyDown","value":"î€‡"},{"type":"pause","duration":10},{"type":"keyUp","value":"î€‡"}]}]}
RESULT: {"actions":[{"id":"action12","type":"key","parameters":{},"actions":[{"type":"keyDown","value":"î€‡"},{"type":"pause","duration":10},{"type":"keyUp","value":"î€‡"}]}]}
COMMAND: GET /session/b0367baf27973c5edc08b2b37b2bc6c3/screenshot - {}
RESULT: {}
COMMAND: POST /session/b0367baf27973c5edc08b2b37b2bc6c3/element - {"using":"xpath","value":"//span[contains(text(), \"Template for ETO-Process\")]"}
RESULT: {"using":"xpath","value":"//span[contains(text(), \"Template for ETO-Process\")]"}
COMMAND: POST /session/b0367baf27973c5edc08b2b37b2bc6c3/element/f.9BFDF912BED0EE2DD1184AF57B04AD28.d.524768C508577394B96185EB96979CCA.e.6805/click - {}
RESULT: {}
COMMAND: GET /session/b0367baf27973c5edc08b2b37b2bc6c3/screenshot - {}
RESULT: {}
COMMAND: POST /session/b0367baf27973c5edc08b2b37b2bc6c3/element - {"using":"xpath","value":"//bdi[contains(text(), \"OK\")]"}
RESULT: {"using":"xpath","value":"//bdi[contains(text(), \"OK\")]"}
COMMAND: POST /session/b0367baf27973c5edc08b2b37b2bc6c3/element/f.9BFDF912BED0EE2DD1184AF57B04AD28.d.524768C508577394B96185EB96979CCA.e.6806/click - {}
RESULT: {}
COMMAND: GET /session/b0367baf27973c5edc08b2b37b2bc6c3/screenshot - {}
RESULT: {}
COMMAND: POST /session/b0367baf27973c5edc08b2b37b2bc6c3/element - {"using":"xpath","value":"//input[@id=\"application-managesites-display-component---NewSite--addressDetailDetailsYard-inner\"]"}
RESULT: {"using":"xpath","value":"//input[@id=\"application-managesites-display-component---NewSite--addressDetailDetailsYard-inner\"]"}
COMMAND: POST /session/b0367baf27973c5edc08b2b37b2bc6c3/element/f.9BFDF912BED0EE2DD1184AF57B04AD28.d.524768C508577394B96185EB96979CCA.e.6619/value - {"text":"301"}
RESULT: {"text":"301"}
COMMAND: GET /session/b0367baf27973c5edc08b2b37b2bc6c3/screenshot - {}
RESULT: {}
COMMAND: POST /session/b0367baf27973c5edc08b2b37b2bc6c3/actions - {"actions":[{"id":"action13","type":"key","parameters":{},"actions":[{"type":"keyDown","value":"î€‡"},{"type":"pause","duration":10},{"type":"keyUp","value":"î€‡"}]}]}
RESULT: {"actions":[{"id":"action13","type":"key","parameters":{},"actions":[{"type":"keyDown","value":"î€‡"},{"type":"pause","duration":10},{"type":"keyUp","value":"î€‡"}]}]}
COMMAND: GET /session/b0367baf27973c5edc08b2b37b2bc6c3/screenshot - {}
RESULT: {}
COMMAND: POST /session/b0367baf27973c5edc08b2b37b2bc6c3/element - {"using":"xpath","value":"//input[@id=\"application-managesites-display-component---NewSite--addressDetailDetailsPartner-inner\"]"}
RESULT: {"using":"xpath","value":"//input[@id=\"application-managesites-display-component---NewSite--addressDetailDetailsPartner-inner\"]"}
COMMAND: POST /session/b0367baf27973c5edc08b2b37b2bc6c3/elements - {"using":"xpath","value":"//input[@id=\"application-managesites-display-component---NewSite--addressDetailDetailsPartner-inner\"]"}
RESULT: {"using":"xpath","value":"//input[@id=\"application-managesites-display-component---NewSite--addressDetailDetailsPartner-inner\"]"}
COMMAND: POST /session/b0367baf27973c5edc08b2b37b2bc6c3/execute/async - {"script":"<script> [1562 bytes]","args":[{"selector":{"controlType":"sap.m.Button","viewName":"etm.portal.ui.managesites.view.NewSmartSite","viewId":"application-managesites-display-component---NewSite","properties":{"text":"Commercial"},"interaction":{"idSuffix":"BDI-content"}},"wdio_ui5_key":"etmportal.ui.managesites.view.NewSmartSitesap.m.Button{\"text\":\"Commercial\"}"}]}
RESULT: {"script":"<script> [1562 bytes]","args":[{"selector":{"controlType":"sap.m.Button","viewName":"etm.portal.ui.managesites.view.NewSmartSite","viewId":"application-managesites-display-component---NewSite","properties":{"text":"Commercial"},"interaction":{"idSuffix":"BDI-content"}},"wdio_ui5_key":"etmportal.ui.managesites.view.NewSmartSitesap.m.Button{\"text\":\"Commercial\"}"}]}
RESULT: undefined
COMMAND: POST /session/b0367baf27973c5edc08b2b37b2bc6c3/element - {"using":"xpath","value":"//*[@id=\"application-managesites-display-component---NewSite--ObjectPageLayout-anchBar-__section31-anchor\"]"}
RESULT: {"using":"xpath","value":"//*[@id=\"application-managesites-display-component---NewSite--ObjectPageLayout-anchBar-__section31-anchor\"]"}
COMMAND: POST /session/b0367baf27973c5edc08b2b37b2bc6c3/element/f.9BFDF912BED0EE2DD1184AF57B04AD28.d.524768C508577394B96185EB96979CCA.e.6813/click - {}
RESULT: {}
COMMAND: POST /session/b0367baf27973c5edc08b2b37b2bc6c3/execute/async - {"script":"<script> [1562 bytes]","args":[{"selector":{"controlType":"sap.m.Button","viewName":"etm.portal.ui.managesites.view.NewSmartSite","viewId":"application-managesites-display-component---NewSite","i18NText":{"propertyName":"text","key":"save"},"interaction":{"idSuffix":"BDI-content"}},"wdio_ui5_key":"etmportal.ui.managesites.view.NewSmartSitesap.m.Button{\"propertyName\":\"text\",\"key\":\"save\"}"}]}
COMMAND: GET /session/b0367baf27973c5edc08b2b37b2bc6c3/screenshot - {}
RESULT: {"script":"<script> [1562 bytes]","args":[{"selector":{"controlType":"sap.m.Button","viewName":"etm.portal.ui.managesites.view.NewSmartSite","viewId":"application-managesites-display-component---NewSite","i18NText":{"propertyName":"text","key":"save"},"interaction":{"idSuffix":"BDI-content"}},"wdio_ui5_key":"etmportal.ui.managesites.view.NewSmartSitesap.m.Button{\"propertyName\":\"text\",\"key\":\"save\"}"}]}
RESULT: undefined
COMMAND: POST /session/b0367baf27973c5edc08b2b37b2bc6c3/element - {"using":"xpath","value":"//*[@id=\"__button64\"]"}
RESULT: {}
RESULT: {"using":"xpath","value":"//*[@id=\"__button64\"]"}
COMMAND: POST /session/b0367baf27973c5edc08b2b37b2bc6c3/element/f.9BFDF912BED0EE2DD1184AF57B04AD28.d.524768C508577394B96185EB96979CCA.e.6765/click - {}
RESULT: {}
COMMAND: GET /session/b0367baf27973c5edc08b2b37b2bc6c3/screenshot - {}
RESULT: {}
COMMAND: POST /session/b0367baf27973c5edc08b2b37b2bc6c3/execute/async - {"script":"<script> [1562 bytes]","args":[{"selector":{"id":"application-managesites-display-component---detailSite--addressDetailDetailsYardText"},"wdio_ui5_key":"applicationmanagesites-display-component---detailSite--addressDetailDetailsYardText"}]}
RESULT: {"script":"<script> [1562 bytes]","args":[{"selector":{"id":"application-managesites-display-component---detailSite--addressDetailDetailsYardText"},"wdio_ui5_key":"applicationmanagesites-display-component---detailSite--addressDetailDetailsYardText"}]}
RESULT: undefined
COMMAND: POST /session/b0367baf27973c5edc08b2b37b2bc6c3/element - {"using":"xpath","value":"//header/div/div[2]/div[2]/span"}
RESULT: {"using":"xpath","value":"//header/div/div[2]/div[2]/span"}
COMMAND: GET /session/b0367baf27973c5edc08b2b37b2bc6c3/element/f.9BFDF912BED0EE2DD1184AF57B04AD28.d.524768C508577394B96185EB96979CCA.e.7016/text - {}
RESULT: {}
COMMAND: POST /session/b0367baf27973c5edc08b2b37b2bc6c3/element - {"using":"xpath","value":"//header/div/div/div/div/div/div[2]/div/span"}
RESULT: {"using":"xpath","value":"//header/div/div/div/div/div/div[2]/div/span"}
COMMAND: GET /session/b0367baf27973c5edc08b2b37b2bc6c3/element/f.9BFDF912BED0EE2DD1184AF57B04AD28.d.524768C508577394B96185EB96979CCA.e.7017/text - {}
RESULT: {}
COMMAND: POST /session/b0367baf27973c5edc08b2b37b2bc6c3/element - {"using":"css selector","value":"#shell-header-logo"}
RESULT: {"using":"css selector","value":"#shell-header-logo"}
COMMAND: POST /session/b0367baf27973c5edc08b2b37b2bc6c3/element/f.9BFDF912BED0EE2DD1184AF57B04AD28.d.524768C508577394B96185EB96979CCA.e.6353/click - {}
RESULT: {}
COMMAND: GET /session/b0367baf27973c5edc08b2b37b2bc6c3/screenshot - {}
RESULT: {}
]]></system-out>
    </testcase>
    <testcase classname="chrome.135_0_7049_96.windows.E2E_-_Logistical_and_commercial_statuses" name="It should stock increase the resource" time="225.557">
      <system-out><![CDATA[
COMMAND: POST /session/b0367baf27973c5edc08b2b37b2bc6c3/execute/async - {"script":"<script> [1562 bytes]","args":[{"selector":{"controlType":"sap.m.GenericTile","properties":{"header":"Manage Resources"}},"wdio_ui5_key":"sapm.GenericTile{\"header\":\"Manage Resources\"}"}]}
RESULT: {"script":"<script> [1562 bytes]","args":[{"selector":{"controlType":"sap.m.GenericTile","properties":{"header":"Manage Resources"}},"wdio_ui5_key":"sapm.GenericTile{\"header\":\"Manage Resources\"}"}]}
RESULT: undefined
COMMAND: POST /session/b0367baf27973c5edc08b2b37b2bc6c3/element - {"using":"xpath","value":"//*[@id=\"__tile39\"]"}
RESULT: {"using":"xpath","value":"//*[@id=\"__tile39\"]"}
COMMAND: POST /session/b0367baf27973c5edc08b2b37b2bc6c3/element/f.9BFDF912BED0EE2DD1184AF57B04AD28.d.524768C508577394B96185EB96979CCA.e.7019/click - {}
RESULT: {}
COMMAND: GET /session/b0367baf27973c5edc08b2b37b2bc6c3/screenshot - {}
RESULT: {}
COMMAND: POST /session/b0367baf27973c5edc08b2b37b2bc6c3/element - {"using":"xpath","value":"//button[@data-kt=\"addNewRUOverflowToolbarButton\"]"}
RESULT: {"using":"xpath","value":"//button[@data-kt=\"addNewRUOverflowToolbarButton\"]"}
COMMAND: POST /session/b0367baf27973c5edc08b2b37b2bc6c3/execute/sync - {"script":"<script> [8489 bytes]","args":[{"element-6066-11e4-a52e-4f735466cecf":"f.9BFDF912BED0EE2DD1184AF57B04AD28.d.524768C508577394B96185EB96979CCA.e.7050","ELEMENT":"f.9BFDF912BED0EE2DD1184AF57B04AD28.d.524768C508577394B96185EB96979CCA.e.7050"}]}
RESULT: {"script":"<script> [8489 bytes]","args":[{"element-6066-11e4-a52e-4f735466cecf":"f.9BFDF912BED0EE2DD1184AF57B04AD28.d.524768C508577394B96185EB96979CCA.e.7050","ELEMENT":"f.9BFDF912BED0EE2DD1184AF57B04AD28.d.524768C508577394B96185EB96979CCA.e.7050"}]}
COMMAND: POST /session/b0367baf27973c5edc08b2b37b2bc6c3/element/f.9BFDF912BED0EE2DD1184AF57B04AD28.d.524768C508577394B96185EB96979CCA.e.7050/click - {}
COMMAND: GET /session/b0367baf27973c5edc08b2b37b2bc6c3/screenshot - {}
RESULT: {}
COMMAND: POST /session/b0367baf27973c5edc08b2b37b2bc6c3/execute/async - {"script":"<script> [1562 bytes]","args":[{"selector":{"id":"application-manageresources-display-component---newResourceUnit--TYPE-arrow"},"wdio_ui5_key":"applicationmanageresources-display-component---newResourceUnit--TYPE-arrow"}]}
COMMAND: GET /session/b0367baf27973c5edc08b2b37b2bc6c3/screenshot - {}
RESULT: {}
RESULT: {"script":"<script> [1562 bytes]","args":[{"selector":{"id":"application-manageresources-display-component---newResourceUnit--TYPE-arrow"},"wdio_ui5_key":"applicationmanageresources-display-component---newResourceUnit--TYPE-arrow"}]}
RESULT: undefined
COMMAND: POST /session/b0367baf27973c5edc08b2b37b2bc6c3/element - {"using":"xpath","value":"//*[@id=\"application-manageresources-display-component---newResourceUnit--TYPE-arrow\"]"}
RESULT: {}
RESULT: {"using":"xpath","value":"//*[@id=\"application-manageresources-display-component---newResourceUnit--TYPE-arrow\"]"}
COMMAND: POST /session/b0367baf27973c5edc08b2b37b2bc6c3/element/f.9BFDF912BED0EE2DD1184AF57B04AD28.d.524768C508577394B96185EB96979CCA.e.7382/click - {}
RESULT: {}
COMMAND: POST /session/b0367baf27973c5edc08b2b37b2bc6c3/execute/async - {"script":"<script> [1562 bytes]","args":[{"selector":{"controlType":"sap.m.StandardListItem","viewName":"reusables.view.manageresources.NewResourceUnit","viewId":"application-manageresources-display-component---newResourceUnit","properties":{"title":"Material"},"searchOpenDialogs":true,"interaction":{"idSuffix":"titleText"}},"wdio_ui5_key":"reusablesview.manageresources.NewResourceUnitsap.m.StandardListItem{\"title\":\"Material\"}"}]}
COMMAND: GET /session/b0367baf27973c5edc08b2b37b2bc6c3/screenshot - {}
RESULT: {"script":"<script> [1562 bytes]","args":[{"selector":{"controlType":"sap.m.StandardListItem","viewName":"reusables.view.manageresources.NewResourceUnit","viewId":"application-manageresources-display-component---newResourceUnit","properties":{"title":"Material"},"searchOpenDialogs":true,"interaction":{"idSuffix":"titleText"}},"wdio_ui5_key":"reusablesview.manageresources.NewResourceUnitsap.m.StandardListItem{\"title\":\"Material\"}"}]}
RESULT: undefined
COMMAND: POST /session/b0367baf27973c5edc08b2b37b2bc6c3/element - {"using":"xpath","value":"//*[@id=\"__item885\"]"}
RESULT: {}
RESULT: {"using":"xpath","value":"//*[@id=\"__item885\"]"}
COMMAND: POST /session/b0367baf27973c5edc08b2b37b2bc6c3/element/f.9BFDF912BED0EE2DD1184AF57B04AD28.d.524768C508577394B96185EB96979CCA.e.7385/click - {}
RESULT: {}
COMMAND: POST /session/b0367baf27973c5edc08b2b37b2bc6c3/execute/async - {"script":"<script> [1562 bytes]","args":[{"selector":{"id":"application-manageresources-display-component---newResourceUnit--SHORT_TEXT","interaction":{"idSuffix":"inner"}},"wdio_ui5_key":"applicationmanageresources-display-component---newResourceUnit--SHORT_TEXT"}]}
COMMAND: GET /session/b0367baf27973c5edc08b2b37b2bc6c3/screenshot - {}
RESULT: {"script":"<script> [1562 bytes]","args":[{"selector":{"id":"application-manageresources-display-component---newResourceUnit--SHORT_TEXT","interaction":{"idSuffix":"inner"}},"wdio_ui5_key":"applicationmanageresources-display-component---newResourceUnit--SHORT_TEXT"}]}
RESULT: undefined
COMMAND: POST /session/b0367baf27973c5edc08b2b37b2bc6c3/execute/async - {"script":"<script> [776 bytes]","args":[{"enterText":"WebdriverRUR2Cdkhzd","selector":{"id":"application-manageresources-display-component---newResourceUnit--SHORT_TEXT","interaction":{"idSuffix":"inner"}},"clearTextFirst":true,"interactionType":"ENTER_TEXT"}]}
RESULT: {}
RESULT: {"script":"<script> [776 bytes]","args":[{"enterText":"WebdriverRUR2Cdkhzd","selector":{"id":"application-manageresources-display-component---newResourceUnit--SHORT_TEXT","interaction":{"idSuffix":"inner"}},"clearTextFirst":true,"interactionType":"ENTER_TEXT"}]}
COMMAND: POST /session/b0367baf27973c5edc08b2b37b2bc6c3/execute/async - {"script":"<script> [1562 bytes]","args":[{"selector":{"id":"application-manageresources-display-component---newResourceUnit--BASE_UNIT_OF_MEASURE-arrow"},"wdio_ui5_key":"applicationmanageresources-display-component---newResourceUnit--BASE_UNIT_OF_MEASURE-arrow"}]}
RESULT: {"script":"<script> [1562 bytes]","args":[{"selector":{"id":"application-manageresources-display-component---newResourceUnit--BASE_UNIT_OF_MEASURE-arrow"},"wdio_ui5_key":"applicationmanageresources-display-component---newResourceUnit--BASE_UNIT_OF_MEASURE-arrow"}]}
RESULT: undefined
COMMAND: POST /session/b0367baf27973c5edc08b2b37b2bc6c3/element - {"using":"xpath","value":"//*[@id=\"application-manageresources-display-component---newResourceUnit--BASE_UNIT_OF_MEASURE-arrow\"]"}
RESULT: {"using":"xpath","value":"//*[@id=\"application-manageresources-display-component---newResourceUnit--BASE_UNIT_OF_MEASURE-arrow\"]"}
COMMAND: POST /session/b0367baf27973c5edc08b2b37b2bc6c3/element/f.9BFDF912BED0EE2DD1184AF57B04AD28.d.524768C508577394B96185EB96979CCA.e.7441/click - {}
RESULT: {}
COMMAND: POST /session/b0367baf27973c5edc08b2b37b2bc6c3/execute/async - {"script":"<script> [1562 bytes]","args":[{"selector":{"controlType":"sap.m.StandardListItem","viewName":"reusables.view.manageresources.NewResourceUnit","viewId":"application-manageresources-display-component---newResourceUnit","properties":{"title":"Piece"},"searchOpenDialogs":true,"interaction":{"idSuffix":"titleText"}},"wdio_ui5_key":"reusablesview.manageresources.NewResourceUnitsap.m.StandardListItem{\"title\":\"Piece\"}"}]}
COMMAND: GET /session/b0367baf27973c5edc08b2b37b2bc6c3/screenshot - {}
RESULT: {"script":"<script> [1562 bytes]","args":[{"selector":{"controlType":"sap.m.StandardListItem","viewName":"reusables.view.manageresources.NewResourceUnit","viewId":"application-manageresources-display-component---newResourceUnit","properties":{"title":"Piece"},"searchOpenDialogs":true,"interaction":{"idSuffix":"titleText"}},"wdio_ui5_key":"reusablesview.manageresources.NewResourceUnitsap.m.StandardListItem{\"title\":\"Piece\"}"}]}
RESULT: undefined
COMMAND: POST /session/b0367baf27973c5edc08b2b37b2bc6c3/element - {"using":"xpath","value":"//*[@id=\"__item929\"]"}
RESULT: {}
RESULT: {"using":"xpath","value":"//*[@id=\"__item929\"]"}
COMMAND: POST /session/b0367baf27973c5edc08b2b37b2bc6c3/element/f.9BFDF912BED0EE2DD1184AF57B04AD28.d.524768C508577394B96185EB96979CCA.e.7443/click - {}
RESULT: {}
COMMAND: POST /session/b0367baf27973c5edc08b2b37b2bc6c3/element - {"using":"xpath","value":"//input[contains(@id ,\"application-manageresources-display-component---newResourceUnit--SHORT_TEXT-inner\")]"}
COMMAND: GET /session/b0367baf27973c5edc08b2b37b2bc6c3/screenshot - {}
RESULT: {"using":"xpath","value":"//input[contains(@id ,\"application-manageresources-display-component---newResourceUnit--SHORT_TEXT-inner\")]"}
COMMAND: GET /session/b0367baf27973c5edc08b2b37b2bc6c3/element/f.9BFDF912BED0EE2DD1184AF57B04AD28.d.524768C508577394B96185EB96979CCA.e.7402/property/value - {}
RESULT: {}
RESULT: {}
COMMAND: POST /session/b0367baf27973c5edc08b2b37b2bc6c3/execute/async - {"script":"<script> [1562 bytes]","args":[{"selector":{"id":"application-manageresources-display-component---newResourceUnit--WEIGHT_UNIT-arrow"},"wdio_ui5_key":"applicationmanageresources-display-component---newResourceUnit--WEIGHT_UNIT-arrow"}]}
COMMAND: GET /session/b0367baf27973c5edc08b2b37b2bc6c3/screenshot - {}
RESULT: {"script":"<script> [1562 bytes]","args":[{"selector":{"id":"application-manageresources-display-component---newResourceUnit--WEIGHT_UNIT-arrow"},"wdio_ui5_key":"applicationmanageresources-display-component---newResourceUnit--WEIGHT_UNIT-arrow"}]}
RESULT: undefined
COMMAND: POST /session/b0367baf27973c5edc08b2b37b2bc6c3/element - {"using":"xpath","value":"//*[@id=\"application-manageresources-display-component---newResourceUnit--WEIGHT_UNIT-arrow\"]"}
RESULT: {}
RESULT: {"using":"xpath","value":"//*[@id=\"application-manageresources-display-component---newResourceUnit--WEIGHT_UNIT-arrow\"]"}
COMMAND: POST /session/b0367baf27973c5edc08b2b37b2bc6c3/element/f.9BFDF912BED0EE2DD1184AF57B04AD28.d.524768C508577394B96185EB96979CCA.e.7444/click - {}
RESULT: {}
COMMAND: POST /session/b0367baf27973c5edc08b2b37b2bc6c3/execute/async - {"script":"<script> [1562 bytes]","args":[{"selector":{"controlType":"sap.m.StandardListItem","viewName":"reusables.view.manageresources.NewResourceUnit","viewId":"application-manageresources-display-component---newResourceUnit","properties":{"title":"Gram"},"searchOpenDialogs":true,"interaction":{"idSuffix":"content"}},"wdio_ui5_key":"reusablesview.manageresources.NewResourceUnitsap.m.StandardListItem{\"title\":\"Gram\"}"}]}
COMMAND: GET /session/b0367baf27973c5edc08b2b37b2bc6c3/screenshot - {}
RESULT: {"script":"<script> [1562 bytes]","args":[{"selector":{"controlType":"sap.m.StandardListItem","viewName":"reusables.view.manageresources.NewResourceUnit","viewId":"application-manageresources-display-component---newResourceUnit","properties":{"title":"Gram"},"searchOpenDialogs":true,"interaction":{"idSuffix":"content"}},"wdio_ui5_key":"reusablesview.manageresources.NewResourceUnitsap.m.StandardListItem{\"title\":\"Gram\"}"}]}
RESULT: undefined
COMMAND: POST /session/b0367baf27973c5edc08b2b37b2bc6c3/element - {"using":"xpath","value":"//*[@id=\"__item994\"]"}
RESULT: {}
RESULT: {"using":"xpath","value":"//*[@id=\"__item994\"]"}
COMMAND: POST /session/b0367baf27973c5edc08b2b37b2bc6c3/element/f.9BFDF912BED0EE2DD1184AF57B04AD28.d.524768C508577394B96185EB96979CCA.e.7446/click - {}
RESULT: {}
COMMAND: POST /session/b0367baf27973c5edc08b2b37b2bc6c3/execute/async - {"script":"<script> [1562 bytes]","args":[{"selector":{"id":"application-manageresources-display-component---newResourceUnit--newRRUPage-OPHeaderContent-collapseBtn-img"},"wdio_ui5_key":"applicationmanageresources-display-component---newResourceUnit--newRRUPage-OPHeaderContent-collapseBtn-img"}]}
COMMAND: GET /session/b0367baf27973c5edc08b2b37b2bc6c3/screenshot - {}
RESULT: {"script":"<script> [1562 bytes]","args":[{"selector":{"id":"application-manageresources-display-component---newResourceUnit--newRRUPage-OPHeaderContent-collapseBtn-img"},"wdio_ui5_key":"applicationmanageresources-display-component---newResourceUnit--newRRUPage-OPHeaderContent-collapseBtn-img"}]}
RESULT: undefined
COMMAND: POST /session/b0367baf27973c5edc08b2b37b2bc6c3/element - {"using":"xpath","value":"//*[@id=\"application-manageresources-display-component---newResourceUnit--newRRUPage-OPHeaderContent-collapseBtn-img\"]"}
RESULT: {}
RESULT: {"using":"xpath","value":"//*[@id=\"application-manageresources-display-component---newResourceUnit--newRRUPage-OPHeaderContent-collapseBtn-img\"]"}
COMMAND: POST /session/b0367baf27973c5edc08b2b37b2bc6c3/element/f.9BFDF912BED0EE2DD1184AF57B04AD28.d.524768C508577394B96185EB96979CCA.e.7392/click - {}
RESULT: {}
COMMAND: GET /session/b0367baf27973c5edc08b2b37b2bc6c3/screenshot - {}
RESULT: {}
COMMAND: POST /session/b0367baf27973c5edc08b2b37b2bc6c3/element - {"using":"xpath","value":"(//span[contains(@id ,\"application-manageresources-display-component---newResourceUnit--DIMENSION_UNIT-arrow\")])[1]"}
RESULT: {"using":"xpath","value":"(//span[contains(@id ,\"application-manageresources-display-component---newResourceUnit--DIMENSION_UNIT-arrow\")])[1]"}
COMMAND: POST /session/b0367baf27973c5edc08b2b37b2bc6c3/element/f.9BFDF912BED0EE2DD1184AF57B04AD28.d.524768C508577394B96185EB96979CCA.e.7450/click - {}
RESULT: {}
COMMAND: GET /session/b0367baf27973c5edc08b2b37b2bc6c3/screenshot - {}
RESULT: {}
COMMAND: POST /session/b0367baf27973c5edc08b2b37b2bc6c3/execute/async - {"script":"<script> [1562 bytes]","args":[{"selector":{"controlType":"sap.m.StandardListItem","viewName":"reusables.view.manageresources.NewResourceUnit","viewId":"application-manageresources-display-component---newResourceUnit","properties":{"title":"Centimeter"},"searchOpenDialogs":true,"interaction":{"idSuffix":"titleText"}},"wdio_ui5_key":"reusablesview.manageresources.NewResourceUnitsap.m.StandardListItem{\"title\":\"Centimeter\"}"}]}
RESULT: {"script":"<script> [1562 bytes]","args":[{"selector":{"controlType":"sap.m.StandardListItem","viewName":"reusables.view.manageresources.NewResourceUnit","viewId":"application-manageresources-display-component---newResourceUnit","properties":{"title":"Centimeter"},"searchOpenDialogs":true,"interaction":{"idSuffix":"titleText"}},"wdio_ui5_key":"reusablesview.manageresources.NewResourceUnitsap.m.StandardListItem{\"title\":\"Centimeter\"}"}]}
RESULT: undefined
COMMAND: POST /session/b0367baf27973c5edc08b2b37b2bc6c3/element - {"using":"xpath","value":"//*[@id=\"__item997\"]"}
RESULT: {"using":"xpath","value":"//*[@id=\"__item997\"]"}
COMMAND: POST /session/b0367baf27973c5edc08b2b37b2bc6c3/element/f.9BFDF912BED0EE2DD1184AF57B04AD28.d.524768C508577394B96185EB96979CCA.e.7454/click - {}
RESULT: {}
COMMAND: POST /session/b0367baf27973c5edc08b2b37b2bc6c3/execute/async - {"script":"<script> [1562 bytes]","args":[{"selector":{"id":"application-manageresources-display-component---newResourceUnit--newRRUPage-anchBar-application-manageresources-display-component---newResourceUnit--reference-anchor","interaction":{"idSuffix":"BDI-content"}},"wdio_ui5_key":"applicationmanageresources-display-component---newResourceUnit--newRRUPage-anchBar-application-manageresources-display-component---newResourceUnit--reference-anchor"}]}
COMMAND: GET /session/b0367baf27973c5edc08b2b37b2bc6c3/screenshot - {}
RESULT: {"script":"<script> [1562 bytes]","args":[{"selector":{"id":"application-manageresources-display-component---newResourceUnit--newRRUPage-anchBar-application-manageresources-display-component---newResourceUnit--reference-anchor","interaction":{"idSuffix":"BDI-content"}},"wdio_ui5_key":"applicationmanageresources-display-component---newResourceUnit--newRRUPage-anchBar-application-manageresources-display-component---newResourceUnit--reference-anchor"}]}
RESULT: undefined
COMMAND: POST /session/b0367baf27973c5edc08b2b37b2bc6c3/element - {"using":"xpath","value":"//*[@id=\"application-manageresources-display-component---newResourceUnit--newRRUPage-anchBar-application-manageresources-display-component---newResourceUnit--reference-anchor\"]"}
RESULT: {}
RESULT: {"using":"xpath","value":"//*[@id=\"application-manageresources-display-component---newResourceUnit--newRRUPage-anchBar-application-manageresources-display-component---newResourceUnit--reference-anchor\"]"}
COMMAND: POST /session/b0367baf27973c5edc08b2b37b2bc6c3/element/f.9BFDF912BED0EE2DD1184AF57B04AD28.d.524768C508577394B96185EB96979CCA.e.7456/click - {}
RESULT: {}
COMMAND: POST /session/b0367baf27973c5edc08b2b37b2bc6c3/execute/async - {"script":"<script> [1562 bytes]","args":[{"selector":{"id":"application-manageresources-display-component---newResourceUnit--PLANNING_GROUP-arrow"},"wdio_ui5_key":"applicationmanageresources-display-component---newResourceUnit--PLANNING_GROUP-arrow"}]}
COMMAND: GET /session/b0367baf27973c5edc08b2b37b2bc6c3/screenshot - {}
RESULT: {"script":"<script> [1562 bytes]","args":[{"selector":{"id":"application-manageresources-display-component---newResourceUnit--PLANNING_GROUP-arrow"},"wdio_ui5_key":"applicationmanageresources-display-component---newResourceUnit--PLANNING_GROUP-arrow"}]}
RESULT: undefined
COMMAND: POST /session/b0367baf27973c5edc08b2b37b2bc6c3/element - {"using":"xpath","value":"//*[@id=\"application-manageresources-display-component---newResourceUnit--PLANNING_GROUP-arrow\"]"}
RESULT: {}
RESULT: {"using":"xpath","value":"//*[@id=\"application-manageresources-display-component---newResourceUnit--PLANNING_GROUP-arrow\"]"}
COMMAND: POST /session/b0367baf27973c5edc08b2b37b2bc6c3/element/f.9BFDF912BED0EE2DD1184AF57B04AD28.d.524768C508577394B96185EB96979CCA.e.7460/click - {}
RESULT: {}
COMMAND: POST /session/b0367baf27973c5edc08b2b37b2bc6c3/execute/async - {"script":"<script> [1562 bytes]","args":[{"selector":{"controlType":"sap.m.StandardListItem","viewName":"reusables.view.manageresources.NewResourceUnit","viewId":"application-manageresources-display-component---newResourceUnit","properties":{"title":"Heavy Equi"},"searchOpenDialogs":true,"interaction":{"idSuffix":"content"}},"wdio_ui5_key":"reusablesview.manageresources.NewResourceUnitsap.m.StandardListItem{\"title\":\"Heavy Equi\"}"}]}
COMMAND: GET /session/b0367baf27973c5edc08b2b37b2bc6c3/screenshot - {}
RESULT: {"script":"<script> [1562 bytes]","args":[{"selector":{"controlType":"sap.m.StandardListItem","viewName":"reusables.view.manageresources.NewResourceUnit","viewId":"application-manageresources-display-component---newResourceUnit","properties":{"title":"Heavy Equi"},"searchOpenDialogs":true,"interaction":{"idSuffix":"content"}},"wdio_ui5_key":"reusablesview.manageresources.NewResourceUnitsap.m.StandardListItem{\"title\":\"Heavy Equi\"}"}]}
RESULT: undefined
COMMAND: POST /session/b0367baf27973c5edc08b2b37b2bc6c3/element - {"using":"xpath","value":"//*[@id=\"__item1005\"]"}
RESULT: {}
RESULT: {"using":"xpath","value":"//*[@id=\"__item1005\"]"}
COMMAND: POST /session/b0367baf27973c5edc08b2b37b2bc6c3/element/f.9BFDF912BED0EE2DD1184AF57B04AD28.d.524768C508577394B96185EB96979CCA.e.7462/click - {}
RESULT: {}
COMMAND: GET /session/b0367baf27973c5edc08b2b37b2bc6c3/screenshot - {}
RESULT: {}
COMMAND: POST /session/b0367baf27973c5edc08b2b37b2bc6c3/execute/async - {"script":"<script> [1562 bytes]","args":[{"selector":{"id":"application-manageresources-display-component---newResourceUnit--PLANNING_INDICATOR-arrow"},"wdio_ui5_key":"applicationmanageresources-display-component---newResourceUnit--PLANNING_INDICATOR-arrow"}]}
RESULT: {"script":"<script> [1562 bytes]","args":[{"selector":{"id":"application-manageresources-display-component---newResourceUnit--PLANNING_INDICATOR-arrow"},"wdio_ui5_key":"applicationmanageresources-display-component---newResourceUnit--PLANNING_INDICATOR-arrow"}]}
RESULT: undefined
COMMAND: POST /session/b0367baf27973c5edc08b2b37b2bc6c3/element - {"using":"xpath","value":"//*[@id=\"application-manageresources-display-component---newResourceUnit--PLANNING_INDICATOR-arrow\"]"}
RESULT: {"using":"xpath","value":"//*[@id=\"application-manageresources-display-component---newResourceUnit--PLANNING_INDICATOR-arrow\"]"}
COMMAND: POST /session/b0367baf27973c5edc08b2b37b2bc6c3/element/f.9BFDF912BED0EE2DD1184AF57B04AD28.d.524768C508577394B96185EB96979CCA.e.7463/click - {}
RESULT: {}
COMMAND: POST /session/b0367baf27973c5edc08b2b37b2bc6c3/execute/async - {"script":"<script> [1562 bytes]","args":[{"selector":{"controlType":"sap.m.StandardListItem","viewName":"reusables.view.manageresources.NewResourceUnit","viewId":"application-manageresources-display-component---newResourceUnit","properties":{"title":"10 - infinite"},"searchOpenDialogs":true,"interaction":{"idSuffix":"content"}},"wdio_ui5_key":"reusablesview.manageresources.NewResourceUnitsap.m.StandardListItem{\"title\":\"10 - infinite\"}"}]}
COMMAND: GET /session/b0367baf27973c5edc08b2b37b2bc6c3/screenshot - {}
RESULT: {"script":"<script> [1562 bytes]","args":[{"selector":{"controlType":"sap.m.StandardListItem","viewName":"reusables.view.manageresources.NewResourceUnit","viewId":"application-manageresources-display-component---newResourceUnit","properties":{"title":"10 - infinite"},"searchOpenDialogs":true,"interaction":{"idSuffix":"content"}},"wdio_ui5_key":"reusablesview.manageresources.NewResourceUnitsap.m.StandardListItem{\"title\":\"10 - infinite\"}"}]}
RESULT: undefined
COMMAND: POST /session/b0367baf27973c5edc08b2b37b2bc6c3/element - {"using":"xpath","value":"//*[@id=\"__item1015\"]"}
RESULT: {}
RESULT: {"using":"xpath","value":"//*[@id=\"__item1015\"]"}
COMMAND: POST /session/b0367baf27973c5edc08b2b37b2bc6c3/element/f.9BFDF912BED0EE2DD1184AF57B04AD28.d.524768C508577394B96185EB96979CCA.e.7465/click - {}
RESULT: {}
COMMAND: GET /session/b0367baf27973c5edc08b2b37b2bc6c3/screenshot - {}
RESULT: {}
COMMAND: POST /session/b0367baf27973c5edc08b2b37b2bc6c3/element - {"using":"xpath","value":"//bdi[contains(text(), \"Time Segment\")]"}
RESULT: {"using":"xpath","value":"//bdi[contains(text(), \"Time Segment\")]"}
COMMAND: GET /session/b0367baf27973c5edc08b2b37b2bc6c3/element/f.9BFDF912BED0EE2DD1184AF57B04AD28.d.524768C508577394B96185EB96979CCA.e.7466/rect - {}
RESULT: {}
COMMAND: GET /session/b0367baf27973c5edc08b2b37b2bc6c3/window/rect - {}
RESULT: {}
COMMAND: POST /session/b0367baf27973c5edc08b2b37b2bc6c3/execute/sync - {"script":"<script> [92 bytes]","args":[]}
RESULT: {"script":"<script> [92 bytes]","args":[]}
COMMAND: POST /session/b0367baf27973c5edc08b2b37b2bc6c3/actions - {"actions":[{"id":"action14","type":"wheel","parameters":{},"actions":[{"type":"scroll","x":-1820,"y":-21,"deltaX":0,"deltaY":0,"duration":0,"origin":{"element-6066-11e4-a52e-4f735466cecf":"f.9BFDF912BED0EE2DD1184AF57B04AD28.d.524768C508577394B96185EB96979CCA.e.7466"}}]}]}
COMMAND: GET /session/b0367baf27973c5edc08b2b37b2bc6c3/screenshot - {}
RESULT: {}
COMMAND: POST /session/b0367baf27973c5edc08b2b37b2bc6c3/execute/sync - {"script":"<script> [79 bytes]","args":[{"element-6066-11e4-a52e-4f735466cecf":"f.9BFDF912BED0EE2DD1184AF57B04AD28.d.524768C508577394B96185EB96979CCA.e.7466","ELEMENT":"f.9BFDF912BED0EE2DD1184AF57B04AD28.d.524768C508577394B96185EB96979CCA.e.7466"},{"block":"start","inline":"nearest"}]}
RESULT: {"script":"<script> [79 bytes]","args":[{"element-6066-11e4-a52e-4f735466cecf":"f.9BFDF912BED0EE2DD1184AF57B04AD28.d.524768C508577394B96185EB96979CCA.e.7466","ELEMENT":"f.9BFDF912BED0EE2DD1184AF57B04AD28.d.524768C508577394B96185EB96979CCA.e.7466"},{"block":"start","inline":"nearest"}]}
COMMAND: GET /session/b0367baf27973c5edc08b2b37b2bc6c3/screenshot - {}
RESULT: {}
COMMAND: POST /session/b0367baf27973c5edc08b2b37b2bc6c3/element - {"using":"xpath","value":"//span[@id=\"application-manageresources-display-component---newResourceUnit--btnAddTimeSegment-img\"]"}
RESULT: {"using":"xpath","value":"//span[@id=\"application-manageresources-display-component---newResourceUnit--btnAddTimeSegment-img\"]"}
COMMAND: POST /session/b0367baf27973c5edc08b2b37b2bc6c3/execute/sync - {"script":"<script> [8489 bytes]","args":[{"element-6066-11e4-a52e-4f735466cecf":"f.9BFDF912BED0EE2DD1184AF57B04AD28.d.524768C508577394B96185EB96979CCA.e.7469","ELEMENT":"f.9BFDF912BED0EE2DD1184AF57B04AD28.d.524768C508577394B96185EB96979CCA.e.7469"}]}
RESULT: {"script":"<script> [8489 bytes]","args":[{"element-6066-11e4-a52e-4f735466cecf":"f.9BFDF912BED0EE2DD1184AF57B04AD28.d.524768C508577394B96185EB96979CCA.e.7469","ELEMENT":"f.9BFDF912BED0EE2DD1184AF57B04AD28.d.524768C508577394B96185EB96979CCA.e.7469"}]}
COMMAND: POST /session/b0367baf27973c5edc08b2b37b2bc6c3/element/f.9BFDF912BED0EE2DD1184AF57B04AD28.d.524768C508577394B96185EB96979CCA.e.7469/click - {}
COMMAND: GET /session/b0367baf27973c5edc08b2b37b2bc6c3/screenshot - {}
RESULT: {}
COMMAND: GET /session/b0367baf27973c5edc08b2b37b2bc6c3/screenshot - {}
RESULT: {}
COMMAND: POST /session/b0367baf27973c5edc08b2b37b2bc6c3/element - {"using":"xpath","value":"//input[@id=\"application-manageresources-display-component---newResourceUnit--idRuTSAdmin-application-manageresources-display-component---newResourceUnit--RUTimeSegment-0-inner\"]"}
RESULT: {}
RESULT: {"using":"xpath","value":"//input[@id=\"application-manageresources-display-component---newResourceUnit--idRuTSAdmin-application-manageresources-display-component---newResourceUnit--RUTimeSegment-0-inner\"]"}
COMMAND: POST /session/b0367baf27973c5edc08b2b37b2bc6c3/element/f.9BFDF912BED0EE2DD1184AF57B04AD28.d.524768C508577394B96185EB96979CCA.e.7472/clear - {}
RESULT: {}
COMMAND: POST /session/b0367baf27973c5edc08b2b37b2bc6c3/element/f.9BFDF912BED0EE2DD1184AF57B04AD28.d.524768C508577394B96185EB96979CCA.e.7472/value - {"text":"WebdriverYardla39w"}
COMMAND: GET /session/b0367baf27973c5edc08b2b37b2bc6c3/screenshot - {}
RESULT: {"text":"WebdriverYardla39w"}
COMMAND: GET /session/b0367baf27973c5edc08b2b37b2bc6c3/screenshot - {}
RESULT: {}
RESULT: {}
COMMAND: POST /session/b0367baf27973c5edc08b2b37b2bc6c3/actions - {"actions":[{"id":"action15","type":"key","parameters":{},"actions":[{"type":"keyDown","value":"î€‡"},{"type":"pause","duration":10},{"type":"keyUp","value":"î€‡"}]}]}
RESULT: {"actions":[{"id":"action15","type":"key","parameters":{},"actions":[{"type":"keyDown","value":"î€‡"},{"type":"pause","duration":10},{"type":"keyUp","value":"î€‡"}]}]}
COMMAND: GET /session/b0367baf27973c5edc08b2b37b2bc6c3/screenshot - {}
RESULT: {}
COMMAND: POST /session/b0367baf27973c5edc08b2b37b2bc6c3/execute/async - {"script":"<script> [1562 bytes]","args":[{"selector":{"controlType":"sap.m.Button","viewName":"reusables.view.manageresources.NewResourceUnit","viewId":"application-manageresources-display-component---newResourceUnit","i18NText":{"propertyName":"tooltip","key":"save"},"interaction":{"idSuffix":"BDI-content"}},"wdio_ui5_key":"reusablesview.manageresources.NewResourceUnitsap.m.Button{\"propertyName\":\"tooltip\",\"key\":\"save\"}"}]}
RESULT: {"script":"<script> [1562 bytes]","args":[{"selector":{"controlType":"sap.m.Button","viewName":"reusables.view.manageresources.NewResourceUnit","viewId":"application-manageresources-display-component---newResourceUnit","i18NText":{"propertyName":"tooltip","key":"save"},"interaction":{"idSuffix":"BDI-content"}},"wdio_ui5_key":"reusablesview.manageresources.NewResourceUnitsap.m.Button{\"propertyName\":\"tooltip\",\"key\":\"save\"}"}]}
RESULT: undefined
COMMAND: POST /session/b0367baf27973c5edc08b2b37b2bc6c3/element - {"using":"xpath","value":"//*[@id=\"application-manageresources-display-component---newResourceUnit--createRuButton\"]"}
RESULT: {"using":"xpath","value":"//*[@id=\"application-manageresources-display-component---newResourceUnit--createRuButton\"]"}
COMMAND: POST /session/b0367baf27973c5edc08b2b37b2bc6c3/element/f.9BFDF912BED0EE2DD1184AF57B04AD28.d.524768C508577394B96185EB96979CCA.e.7398/click - {}
RESULT: {}
COMMAND: GET /session/b0367baf27973c5edc08b2b37b2bc6c3/screenshot - {}
RESULT: {}
COMMAND: POST /session/b0367baf27973c5edc08b2b37b2bc6c3/execute/async - {"script":"<script> [1562 bytes]","args":[{"selector":{"controlType":"sap.m.Title","properties":{"text":"Success"},"searchOpenDialogs":true},"wdio_ui5_key":"sapm.Title{\"text\":\"Success\"}"}]}
RESULT: {"script":"<script> [1562 bytes]","args":[{"selector":{"controlType":"sap.m.Title","properties":{"text":"Success"},"searchOpenDialogs":true},"wdio_ui5_key":"sapm.Title{\"text\":\"Success\"}"}]}
RESULT: undefined
COMMAND: POST /session/b0367baf27973c5edc08b2b37b2bc6c3/execute/async - {"script":"<script> [6424 bytes]","args":[{"element-6066-11e4-a52e-4f735466cecf":"f.9BFDF912BED0EE2DD1184AF57B04AD28.d.524768C508577394B96185EB96979CCA.e.7487"},"getText",[]]}
RESULT: {"script":"<script> [6424 bytes]","args":[{"element-6066-11e4-a52e-4f735466cecf":"f.9BFDF912BED0EE2DD1184AF57B04AD28.d.524768C508577394B96185EB96979CCA.e.7487"},"getText",[]]}
COMMAND: POST /session/b0367baf27973c5edc08b2b37b2bc6c3/element - {"using":"xpath","value":"//*[contains(@id, '__text') and (contains(text(), 'successfully created') or contains(., 'successfully created'))]"}
RESULT: {"using":"xpath","value":"//*[contains(@id, '__text') and (contains(text(), 'successfully created') or contains(., 'successfully created'))]"}
COMMAND: GET /session/b0367baf27973c5edc08b2b37b2bc6c3/element/f.9BFDF912BED0EE2DD1184AF57B04AD28.d.524768C508577394B96185EB96979CCA.e.7486/text - {}
RESULT: {}
COMMAND: POST /session/b0367baf27973c5edc08b2b37b2bc6c3/execute/async - {"script":"<script> [1562 bytes]","args":[{"selector":{"controlType":"sap.m.Button","properties":{"text":"Close"},"searchOpenDialogs":true,"interaction":{"idSuffix":"BDI-content"}},"wdio_ui5_key":"sapm.Button{\"text\":\"Close\"}"}]}
RESULT: {"script":"<script> [1562 bytes]","args":[{"selector":{"controlType":"sap.m.Button","properties":{"text":"Close"},"searchOpenDialogs":true,"interaction":{"idSuffix":"BDI-content"}},"wdio_ui5_key":"sapm.Button{\"text\":\"Close\"}"}]}
RESULT: undefined
COMMAND: POST /session/b0367baf27973c5edc08b2b37b2bc6c3/element - {"using":"xpath","value":"//*[@id=\"__mbox-btn-0\"]"}
RESULT: {"using":"xpath","value":"//*[@id=\"__mbox-btn-0\"]"}
COMMAND: POST /session/b0367baf27973c5edc08b2b37b2bc6c3/element/f.9BFDF912BED0EE2DD1184AF57B04AD28.d.524768C508577394B96185EB96979CCA.e.7484/click - {}
RESULT: {}
COMMAND: GET /session/b0367baf27973c5edc08b2b37b2bc6c3/screenshot - {}
RESULT: {}
COMMAND: POST /session/b0367baf27973c5edc08b2b37b2bc6c3/execute/async - {"script":"<script> [1562 bytes]","args":[{"selector":{"controlType":"sap.ui.core.Icon","viewName":"etm.portal.ui.manageresources.view.Detail","viewId":"application-manageresources-display-component---detailRU","properties":{"src":{"regex":{"source":"overflow"}}}},"wdio_ui5_key":"etmportal.ui.manageresources.view.Detailsap.ui.core.Icon{\"src\":{\"regex\":{\"source\":\"overflow\"}}}"}]}
RESULT: {"script":"<script> [1562 bytes]","args":[{"selector":{"controlType":"sap.ui.core.Icon","viewName":"etm.portal.ui.manageresources.view.Detail","viewId":"application-manageresources-display-component---detailRU","properties":{"src":{"regex":{"source":"overflow"}}}},"wdio_ui5_key":"etmportal.ui.manageresources.view.Detailsap.ui.core.Icon{\"src\":{\"regex\":{\"source\":\"overflow\"}}}"}]}
RESULT: undefined
COMMAND: POST /session/b0367baf27973c5edc08b2b37b2bc6c3/element - {"using":"xpath","value":"//*[@id=\"__title36-_actionsToolbar-overflowButton-img\"]"}
RESULT: {"using":"xpath","value":"//*[@id=\"__title36-_actionsToolbar-overflowButton-img\"]"}
COMMAND: POST /session/b0367baf27973c5edc08b2b37b2bc6c3/element/f.9BFDF912BED0EE2DD1184AF57B04AD28.d.524768C508577394B96185EB96979CCA.e.7521/click - {}
RESULT: {}
COMMAND: POST /session/b0367baf27973c5edc08b2b37b2bc6c3/execute/async - {"script":"<script> [1562 bytes]","args":[{"selector":{"controlType":"sap.m.Button","viewName":"etm.portal.ui.manageresources.view.Detail","viewId":"application-manageresources-display-component---detailRU","i18NText":{"propertyName":"tooltip","key":"closeColumn"},"searchOpenDialogs":true,"interaction":{"idSuffix":"inner"}},"wdio_ui5_key":"etmportal.ui.manageresources.view.Detailsap.m.Button{\"propertyName\":\"tooltip\",\"key\":\"closeColumn\"}"}]}
COMMAND: GET /session/b0367baf27973c5edc08b2b37b2bc6c3/screenshot - {}
RESULT: {"script":"<script> [1562 bytes]","args":[{"selector":{"controlType":"sap.m.Button","viewName":"etm.portal.ui.manageresources.view.Detail","viewId":"application-manageresources-display-component---detailRU","i18NText":{"propertyName":"tooltip","key":"closeColumn"},"searchOpenDialogs":true,"interaction":{"idSuffix":"inner"}},"wdio_ui5_key":"etmportal.ui.manageresources.view.Detailsap.m.Button{\"propertyName\":\"tooltip\",\"key\":\"closeColumn\"}"}]}
RESULT: undefined
COMMAND: POST /session/b0367baf27973c5edc08b2b37b2bc6c3/element - {"using":"xpath","value":"//*[@id=\"__button147\"]"}
RESULT: {}
RESULT: {"using":"xpath","value":"//*[@id=\"__button147\"]"}
COMMAND: POST /session/b0367baf27973c5edc08b2b37b2bc6c3/element/f.9BFDF912BED0EE2DD1184AF57B04AD28.d.524768C508577394B96185EB96979CCA.e.7525/click - {}
RESULT: {}
COMMAND: GET /session/b0367baf27973c5edc08b2b37b2bc6c3/screenshot - {}
RESULT: {}
COMMAND: POST /session/b0367baf27973c5edc08b2b37b2bc6c3/refresh - {}
RESULT: {}
COMMAND: GET /session/b0367baf27973c5edc08b2b37b2bc6c3/screenshot - {}
RESULT: {}
COMMAND: POST /session/b0367baf27973c5edc08b2b37b2bc6c3/execute/async - {"script":"<script> [189 bytes]","args":[]}
RESULT: {"script":"<script> [189 bytes]","args":[]}
COMMAND: POST /session/b0367baf27973c5edc08b2b37b2bc6c3/execute/async - {"script":"<script> [123 bytes]","args":[]}
RESULT: {"script":"<script> [123 bytes]","args":[]}
COMMAND: POST /session/b0367baf27973c5edc08b2b37b2bc6c3/timeouts - {"script":"<number>"}
RESULT: {"script":"<number>"}
COMMAND: GET /session/b0367baf27973c5edc08b2b37b2bc6c3/timeouts - {}
RESULT: {}
RESULT: undefined
COMMAND: POST /session/b0367baf27973c5edc08b2b37b2bc6c3/execute/async - {"script":"<script> [2676 bytes]","args":[]}
RESULT: {"script":"<script> [2676 bytes]","args":[]}
COMMAND: POST /session/b0367baf27973c5edc08b2b37b2bc6c3/execute/async - {"script":"<script> [2342 bytes]","args":[{"protocol":"http","hostname":"0.0.0.0","path":"/","capabilities":{"browserName":"chrome","goog:chromeOptions":{"binary":"C:\\Program Files\\Google\\Chrome\\Application\\chrome.exe","args":["--start-maximized"]}},"logLevel":"warn","connectionRetryTimeout":120000,"connectionRetryCount":3,"logLevels":{},"enableDirectConnect":true,"strictSSL":true,"_":"65 more keys: [\"cacheDir\",\"port\",\"requestedCapabilities\",\"automationProtocol\",\"baseUrl\",\"waitforInterval\",\"waitforTimeout\",\"onReload\",\"beforeCommand\",\"afterCommand\",\"rootDir\",\"specs\",\"suites\",\"exclude\",\"groupLogsByTestSpec\",\"excludeDriverLogs\",\"bail\",\"framework\",\"reporters\",\"services\",\"maxInstances\",\"maxInstancesPerCapability\",\"injectGlobals\",\"filesToWatch\",\"execArgv\",\"runnerEnv\",\"runner\",\"shard\",\"specFileRetries\",\"specFileRetriesDelay\",\"specFileRetriesDeferred\",\"reporterSyncInterval\",\"reporterSyncTimeout\",\"cucumberFeaturesWithLineNumbers\",\"autoCompileOpts\",\"mochaOpts\",\"jasmineOpts\",\"cucumberOpts\",\"onPrepare\",\"onWorkerStart\",\"onWorkerEnd\",\"before\",\"beforeSession\",\"beforeSuite\",\"beforeHook\",\"beforeTest\",\"afterTest\",\"afterHook\",\"afterSuite\",\"afterSession\",\"after\",\"onComplete\",\"beforeAssertion\",\"afterAssertion\",\"beforeFeature\",\"beforeScenario\",\"beforeStep\",\"afterStep\",\"afterScenario\",\"afterFeature\",\"_\",\"suite\",\"$0\",\"ignoredWorkerServices\",\"wdi5\"]"}]}
RESULT: {"script":"<script> [2342 bytes]","args":[{"protocol":"http","hostname":"0.0.0.0","path":"/","capabilities":{"browserName":"chrome","goog:chromeOptions":{"binary":"C:\\Program Files\\Google\\Chrome\\Application\\chrome.exe","args":["--start-maximized"]}},"logLevel":"warn","connectionRetryTimeout":120000,"connectionRetryCount":3,"logLevels":{},"enableDirectConnect":true,"strictSSL":true,"_":"65 more keys: [\"cacheDir\",\"port\",\"requestedCapabilities\",\"automationProtocol\",\"baseUrl\",\"waitforInterval\",\"waitforTimeout\",\"onReload\",\"beforeCommand\",\"afterCommand\",\"rootDir\",\"specs\",\"suites\",\"exclude\",\"groupLogsByTestSpec\",\"excludeDriverLogs\",\"bail\",\"framework\",\"reporters\",\"services\",\"maxInstances\",\"maxInstancesPerCapability\",\"injectGlobals\",\"filesToWatch\",\"execArgv\",\"runnerEnv\",\"runner\",\"shard\",\"specFileRetries\",\"specFileRetriesDelay\",\"specFileRetriesDeferred\",\"reporterSyncInterval\",\"reporterSyncTimeout\",\"cucumberFeaturesWithLineNumbers\",\"autoCompileOpts\",\"mochaOpts\",\"jasmineOpts\",\"cucumberOpts\",\"onPrepare\",\"onWorkerStart\",\"onWorkerEnd\",\"before\",\"beforeSession\",\"beforeSuite\",\"beforeHook\",\"beforeTest\",\"afterTest\",\"afterHook\",\"afterSuite\",\"afterSession\",\"after\",\"onComplete\",\"beforeAssertion\",\"afterAssertion\",\"beforeFeature\",\"beforeScenario\",\"beforeStep\",\"afterStep\",\"afterScenario\",\"afterFeature\",\"_\",\"suite\",\"$0\",\"ignoredWorkerServices\",\"wdi5\"]"}]}
COMMAND: POST /session/b0367baf27973c5edc08b2b37b2bc6c3/execute/async - {"script":"<script> [21126 bytes]","args":[35000]}
RESULT: {"script":"<script> [21126 bytes]","args":[35000]}
COMMAND: POST /session/b0367baf27973c5edc08b2b37b2bc6c3/element - {"using":"css selector","value":"#shell-header-logo"}
RESULT: {"using":"css selector","value":"#shell-header-logo"}
COMMAND: POST /session/b0367baf27973c5edc08b2b37b2bc6c3/element/f.9BFDF912BED0EE2DD1184AF57B04AD28.d.C51F4D61104BFAE2A6938DA8BD1F3379.e.7623/click - {}
RESULT: {}
COMMAND: GET /session/b0367baf27973c5edc08b2b37b2bc6c3/screenshot - {}
RESULT: {}
COMMAND: POST /session/b0367baf27973c5edc08b2b37b2bc6c3/execute/async - {"script":"<script> [1562 bytes]","args":[{"selector":{"controlType":"sap.m.Text","viewName":"etm.portal.ui.managehandoverstile.view.Master","properties":{"text":"Manage Handovers"},"interaction":{"idSuffix":"inner"}},"wdio_ui5_key":"etmportal.ui.managehandoverstile.view.Mastersap.m.Text{\"text\":\"Manage Handovers\"}"}]}
RESULT: {"script":"<script> [1562 bytes]","args":[{"selector":{"controlType":"sap.m.Text","viewName":"etm.portal.ui.managehandoverstile.view.Master","properties":{"text":"Manage Handovers"},"interaction":{"idSuffix":"inner"}},"wdio_ui5_key":"etmportal.ui.managehandoverstile.view.Mastersap.m.Text{\"text\":\"Manage Handovers\"}"}]}
RESULT: undefined
COMMAND: POST /session/b0367baf27973c5edc08b2b37b2bc6c3/element - {"using":"xpath","value":"//*[@id=\"__tile133-title\"]"}
RESULT: {"using":"xpath","value":"//*[@id=\"__tile133-title\"]"}
COMMAND: POST /session/b0367baf27973c5edc08b2b37b2bc6c3/element/f.9BFDF912BED0EE2DD1184AF57B04AD28.d.C51F4D61104BFAE2A6938DA8BD1F3379.e.7809/click - {}
RESULT: {}
COMMAND: GET /session/b0367baf27973c5edc08b2b37b2bc6c3/screenshot - {}
RESULT: {}
COMMAND: POST /session/b0367baf27973c5edc08b2b37b2bc6c3/element - {"using":"xpath","value":"//button[@data-kt=\"masterHOAddButton\"]"}
RESULT: {"using":"xpath","value":"//button[@data-kt=\"masterHOAddButton\"]"}
COMMAND: POST /session/b0367baf27973c5edc08b2b37b2bc6c3/element - {"using":"xpath","value":"//button[@data-kt=\"masterHOAddButton\"]"}
RESULT: {"using":"xpath","value":"//button[@data-kt=\"masterHOAddButton\"]"}
COMMAND: POST /session/b0367baf27973c5edc08b2b37b2bc6c3/element - {"using":"xpath","value":"//button[@data-kt=\"masterHOAddButton\"]"}
RESULT: {"using":"xpath","value":"//button[@data-kt=\"masterHOAddButton\"]"}
COMMAND: POST /session/b0367baf27973c5edc08b2b37b2bc6c3/execute/sync - {"script":"<script> [8489 bytes]","args":[{"element-6066-11e4-a52e-4f735466cecf":"f.9BFDF912BED0EE2DD1184AF57B04AD28.d.C51F4D61104BFAE2A6938DA8BD1F3379.e.7853","ELEMENT":"f.9BFDF912BED0EE2DD1184AF57B04AD28.d.C51F4D61104BFAE2A6938DA8BD1F3379.e.7853"}]}
RESULT: {"script":"<script> [8489 bytes]","args":[{"element-6066-11e4-a52e-4f735466cecf":"f.9BFDF912BED0EE2DD1184AF57B04AD28.d.C51F4D61104BFAE2A6938DA8BD1F3379.e.7853","ELEMENT":"f.9BFDF912BED0EE2DD1184AF57B04AD28.d.C51F4D61104BFAE2A6938DA8BD1F3379.e.7853"}]}
COMMAND: POST /session/b0367baf27973c5edc08b2b37b2bc6c3/element/f.9BFDF912BED0EE2DD1184AF57B04AD28.d.C51F4D61104BFAE2A6938DA8BD1F3379.e.7853/click - {}
COMMAND: GET /session/b0367baf27973c5edc08b2b37b2bc6c3/screenshot - {}
RESULT: {}
COMMAND: GET /session/b0367baf27973c5edc08b2b37b2bc6c3/screenshot - {}
COMMAND: POST /session/b0367baf27973c5edc08b2b37b2bc6c3/element - {"using":"xpath","value":"//span[contains(@id ,\"AddNewHO--typeSelect-arrow\")]"}
RESULT: {}
RESULT: {}
RESULT: {"using":"xpath","value":"//span[contains(@id ,\"AddNewHO--typeSelect-arrow\")]"}
COMMAND: POST /session/b0367baf27973c5edc08b2b37b2bc6c3/element/f.9BFDF912BED0EE2DD1184AF57B04AD28.d.C51F4D61104BFAE2A6938DA8BD1F3379.e.8153/click - {}
RESULT: {}
COMMAND: GET /session/b0367baf27973c5edc08b2b37b2bc6c3/screenshot - {}
RESULT: {}
COMMAND: POST /session/b0367baf27973c5edc08b2b37b2bc6c3/element - {"using":"xpath","value":"(//li[contains(text(), \"stock increase yard\")])[1]"}
RESULT: {"using":"xpath","value":"(//li[contains(text(), \"stock increase yard\")])[1]"}
COMMAND: POST /session/b0367baf27973c5edc08b2b37b2bc6c3/element/f.9BFDF912BED0EE2DD1184AF57B04AD28.d.C51F4D61104BFAE2A6938DA8BD1F3379.e.8154/click - {}
RESULT: {}
COMMAND: GET /session/b0367baf27973c5edc08b2b37b2bc6c3/screenshot - {}
RESULT: {}
COMMAND: POST /session/b0367baf27973c5edc08b2b37b2bc6c3/execute/async - {"script":"<script> [1562 bytes]","args":[{"selector":{"id":"application-managehandovers-display-component---AddNewHO--dueDate","interaction":{"idSuffix":"inner"}},"wdio_ui5_key":"applicationmanagehandovers-display-component---AddNewHO--dueDate"}]}
RESULT: {"script":"<script> [1562 bytes]","args":[{"selector":{"id":"application-managehandovers-display-component---AddNewHO--dueDate","interaction":{"idSuffix":"inner"}},"wdio_ui5_key":"applicationmanagehandovers-display-component---AddNewHO--dueDate"}]}
RESULT: undefined
COMMAND: POST /session/b0367baf27973c5edc08b2b37b2bc6c3/execute/async - {"script":"<script> [6424 bytes]","args":[{"element-6066-11e4-a52e-4f735466cecf":"f.9BFDF912BED0EE2DD1184AF57B04AD28.d.C51F4D61104BFAE2A6938DA8BD1F3379.e.8158"},"setValue",["04/27/2025"]]}
RESULT: {"script":"<script> [6424 bytes]","args":[{"element-6066-11e4-a52e-4f735466cecf":"f.9BFDF912BED0EE2DD1184AF57B04AD28.d.C51F4D61104BFAE2A6938DA8BD1F3379.e.8158"},"setValue",["04/27/2025"]]}
COMMAND: POST /session/b0367baf27973c5edc08b2b37b2bc6c3/element - {"using":"xpath","value":"//input[@id=\"generalSectionFrg--receiveYard-inner\"]"}
RESULT: {"using":"xpath","value":"//input[@id=\"generalSectionFrg--receiveYard-inner\"]"}
COMMAND: POST /session/b0367baf27973c5edc08b2b37b2bc6c3/element/f.9BFDF912BED0EE2DD1184AF57B04AD28.d.C51F4D61104BFAE2A6938DA8BD1F3379.e.8164/clear - {}
RESULT: {}
COMMAND: POST /session/b0367baf27973c5edc08b2b37b2bc6c3/element/f.9BFDF912BED0EE2DD1184AF57B04AD28.d.C51F4D61104BFAE2A6938DA8BD1F3379.e.8164/value - {"text":"WebdriverYardla39w"}
COMMAND: GET /session/b0367baf27973c5edc08b2b37b2bc6c3/screenshot - {}
RESULT: {"text":"WebdriverYardla39w"}
COMMAND: GET /session/b0367baf27973c5edc08b2b37b2bc6c3/screenshot - {}
RESULT: {}
RESULT: {}
COMMAND: POST /session/b0367baf27973c5edc08b2b37b2bc6c3/execute/async - {"script":"<script> [1562 bytes]","args":[{"selector":{"id":"application-managehandovers-display-component---AddNewHO--ObjectPageLayout-anchBar-application-managehandovers-display-component---AddNewHO--section4-anchor","interaction":{"idSuffix":"BDI-content"}},"wdio_ui5_key":"applicationmanagehandovers-display-component---AddNewHO--ObjectPageLayout-anchBar-application-managehandovers-display-component---AddNewHO--section4-anchor"}]}
RESULT: {"script":"<script> [1562 bytes]","args":[{"selector":{"id":"application-managehandovers-display-component---AddNewHO--ObjectPageLayout-anchBar-application-managehandovers-display-component---AddNewHO--section4-anchor","interaction":{"idSuffix":"BDI-content"}},"wdio_ui5_key":"applicationmanagehandovers-display-component---AddNewHO--ObjectPageLayout-anchBar-application-managehandovers-display-component---AddNewHO--section4-anchor"}]}
RESULT: undefined
COMMAND: POST /session/b0367baf27973c5edc08b2b37b2bc6c3/element - {"using":"xpath","value":"//*[@id=\"application-managehandovers-display-component---AddNewHO--ObjectPageLayout-anchBar-application-managehandovers-display-component---AddNewHO--section4-anchor\"]"}
RESULT: {"using":"xpath","value":"//*[@id=\"application-managehandovers-display-component---AddNewHO--ObjectPageLayout-anchBar-application-managehandovers-display-component---AddNewHO--section4-anchor\"]"}
COMMAND: POST /session/b0367baf27973c5edc08b2b37b2bc6c3/element/f.9BFDF912BED0EE2DD1184AF57B04AD28.d.C51F4D61104BFAE2A6938DA8BD1F3379.e.8182/click - {}
RESULT: {}
COMMAND: GET /session/b0367baf27973c5edc08b2b37b2bc6c3/screenshot - {}
RESULT: {}
COMMAND: POST /session/b0367baf27973c5edc08b2b37b2bc6c3/element - {"using":"xpath","value":"//button[@aria-label=\"Add\"]"}
RESULT: {"using":"xpath","value":"//button[@aria-label=\"Add\"]"}
COMMAND: POST /session/b0367baf27973c5edc08b2b37b2bc6c3/element/f.9BFDF912BED0EE2DD1184AF57B04AD28.d.C51F4D61104BFAE2A6938DA8BD1F3379.e.8186/click - {}
RESULT: {}
COMMAND: GET /session/b0367baf27973c5edc08b2b37b2bc6c3/screenshot - {}
RESULT: {}
COMMAND: POST /session/b0367baf27973c5edc08b2b37b2bc6c3/execute/async - {"script":"<script> [1562 bytes]","args":[{"selector":{"id":"application-managehandovers-display-component---AddNewHO--smartFilterBar-btnBasicSearch","searchOpenDialogs":true,"interaction":{"idSuffix":"I"}},"wdio_ui5_key":"applicationmanagehandovers-display-component---AddNewHO--smartFilterBar-btnBasicSearch"}]}
RESULT: {"script":"<script> [1562 bytes]","args":[{"selector":{"id":"application-managehandovers-display-component---AddNewHO--smartFilterBar-btnBasicSearch","searchOpenDialogs":true,"interaction":{"idSuffix":"I"}},"wdio_ui5_key":"applicationmanagehandovers-display-component---AddNewHO--smartFilterBar-btnBasicSearch"}]}
RESULT: undefined
COMMAND: POST /session/b0367baf27973c5edc08b2b37b2bc6c3/execute/async - {"script":"<script> [776 bytes]","args":[{"enterText":"WebdriverRUR2Cdkhzd","selector":{"id":"application-managehandovers-display-component---AddNewHO--smartFilterBar-btnBasicSearch","searchOpenDialogs":true,"interaction":{"idSuffix":"I"}},"clearTextFirst":true,"interactionType":"ENTER_TEXT"}]}
RESULT: {"script":"<script> [776 bytes]","args":[{"enterText":"WebdriverRUR2Cdkhzd","selector":{"id":"application-managehandovers-display-component---AddNewHO--smartFilterBar-btnBasicSearch","searchOpenDialogs":true,"interaction":{"idSuffix":"I"}},"clearTextFirst":true,"interactionType":"ENTER_TEXT"}]}
COMMAND: POST /session/b0367baf27973c5edc08b2b37b2bc6c3/actions - {"actions":[{"id":"action16","type":"key","parameters":{},"actions":[{"type":"keyDown","value":"î€‡"},{"type":"pause","duration":10},{"type":"keyUp","value":"î€‡"}]}]}
RESULT: {"actions":[{"id":"action16","type":"key","parameters":{},"actions":[{"type":"keyDown","value":"î€‡"},{"type":"pause","duration":10},{"type":"keyUp","value":"î€‡"}]}]}
COMMAND: POST /session/b0367baf27973c5edc08b2b37b2bc6c3/execute/async - {"script":"<script> [1562 bytes]","args":[{"selector":{"id":"application-managehandovers-display-component---AddNewHO--popup-sa","searchOpenDialogs":true,"interaction":{"idSuffix":"CbBg"}},"wdio_ui5_key":"applicationmanagehandovers-display-component---AddNewHO--popup-sa"}]}
COMMAND: GET /session/b0367baf27973c5edc08b2b37b2bc6c3/screenshot - {}
RESULT: {"script":"<script> [1562 bytes]","args":[{"selector":{"id":"application-managehandovers-display-component---AddNewHO--popup-sa","searchOpenDialogs":true,"interaction":{"idSuffix":"CbBg"}},"wdio_ui5_key":"applicationmanagehandovers-display-component---AddNewHO--popup-sa"}]}
RESULT: undefined
COMMAND: POST /session/b0367baf27973c5edc08b2b37b2bc6c3/element - {"using":"xpath","value":"//*[@id=\"application-managehandovers-display-component---AddNewHO--popup-sa\"]"}
RESULT: {}
RESULT: {"using":"xpath","value":"//*[@id=\"application-managehandovers-display-component---AddNewHO--popup-sa\"]"}
COMMAND: POST /session/b0367baf27973c5edc08b2b37b2bc6c3/element/f.9BFDF912BED0EE2DD1184AF57B04AD28.d.C51F4D61104BFAE2A6938DA8BD1F3379.e.8305/click - {}
RESULT: {}
COMMAND: GET /session/b0367baf27973c5edc08b2b37b2bc6c3/screenshot - {}
RESULT: {}
COMMAND: POST /session/b0367baf27973c5edc08b2b37b2bc6c3/element - {"using":"xpath","value":"//bdi[contains(text(), \"Select\")]"}
RESULT: {"using":"xpath","value":"//bdi[contains(text(), \"Select\")]"}
COMMAND: POST /session/b0367baf27973c5edc08b2b37b2bc6c3/element/f.9BFDF912BED0EE2DD1184AF57B04AD28.d.C51F4D61104BFAE2A6938DA8BD1F3379.e.8306/click - {}
RESULT: {}
COMMAND: GET /session/b0367baf27973c5edc08b2b37b2bc6c3/screenshot - {}
RESULT: {}
COMMAND: POST /session/b0367baf27973c5edc08b2b37b2bc6c3/execute/async - {"script":"<script> [1562 bytes]","args":[{"selector":{"controlType":"sap.m.Input","viewName":"etm.portal.ui.managehandovers.view.AddNewHO","viewId":"application-managehandovers-display-component---AddNewHO","bindingPath":{"path":"/items/0","propertyPath":"TYPE","modelName":"hoItemsModel"},"interaction":{"idSuffix":"inner"}},"wdio_ui5_key":"etmportal.ui.managehandovers.view.AddNewHOsap.m.Input{\"path\":\"/items/0\",\"propertyPath\":\"TYPE\",\"modelName\":\"hoItemsModel\"}"}]}
RESULT: {"script":"<script> [1562 bytes]","args":[{"selector":{"controlType":"sap.m.Input","viewName":"etm.portal.ui.managehandovers.view.AddNewHO","viewId":"application-managehandovers-display-component---AddNewHO","bindingPath":{"path":"/items/0","propertyPath":"TYPE","modelName":"hoItemsModel"},"interaction":{"idSuffix":"inner"}},"wdio_ui5_key":"etmportal.ui.managehandovers.view.AddNewHOsap.m.Input{\"path\":\"/items/0\",\"propertyPath\":\"TYPE\",\"modelName\":\"hoItemsModel\"}"}]}
RESULT: undefined
COMMAND: POST /session/b0367baf27973c5edc08b2b37b2bc6c3/execute/async - {"script":"<script> [776 bytes]","args":[{"enterText":"100","selector":{"controlType":"sap.m.Input","viewName":"etm.portal.ui.managehandovers.view.AddNewHO","viewId":"application-managehandovers-display-component---AddNewHO","bindingPath":{"path":"/items/0","propertyPath":"TYPE","modelName":"hoItemsModel"},"interaction":{"idSuffix":"inner"}},"clearTextFirst":true,"interactionType":"ENTER_TEXT"}]}
RESULT: {"script":"<script> [776 bytes]","args":[{"enterText":"100","selector":{"controlType":"sap.m.Input","viewName":"etm.portal.ui.managehandovers.view.AddNewHO","viewId":"application-managehandovers-display-component---AddNewHO","bindingPath":{"path":"/items/0","propertyPath":"TYPE","modelName":"hoItemsModel"},"interaction":{"idSuffix":"inner"}},"clearTextFirst":true,"interactionType":"ENTER_TEXT"}]}
COMMAND: POST /session/b0367baf27973c5edc08b2b37b2bc6c3/element - {"using":"xpath","value":"//button[@data-kt=\"AddNewHOSaveButton\"]"}
RESULT: {"using":"xpath","value":"//button[@data-kt=\"AddNewHOSaveButton\"]"}
COMMAND: POST /session/b0367baf27973c5edc08b2b37b2bc6c3/element/f.9BFDF912BED0EE2DD1184AF57B04AD28.d.C51F4D61104BFAE2A6938DA8BD1F3379.e.8311/click - {}
RESULT: {}
COMMAND: GET /session/b0367baf27973c5edc08b2b37b2bc6c3/screenshot - {}
COMMAND: POST /session/b0367baf27973c5edc08b2b37b2bc6c3/execute/async - {"script":"<script> [1562 bytes]","args":[{"selector":{"id":"receiptDatePicker","viewName":"etm.portal.ui.managehandovers.view.DetailExecuteHO","interaction":{"idSuffix":"inner"}},"wdio_ui5_key":"receiptDatePickeretmportal.ui.managehandovers.view.DetailExecuteHO"}]}
RESULT: {}
RESULT: {"script":"<script> [1562 bytes]","args":[{"selector":{"id":"receiptDatePicker","viewName":"etm.portal.ui.managehandovers.view.DetailExecuteHO","interaction":{"idSuffix":"inner"}},"wdio_ui5_key":"receiptDatePickeretmportal.ui.managehandovers.view.DetailExecuteHO"}]}
RESULT: undefined
COMMAND: POST /session/b0367baf27973c5edc08b2b37b2bc6c3/execute/async - {"script":"<script> [6424 bytes]","args":[{"element-6066-11e4-a52e-4f735466cecf":"f.9BFDF912BED0EE2DD1184AF57B04AD28.d.C51F4D61104BFAE2A6938DA8BD1F3379.e.8339"},"setValue",["04/27/2025"]]}
RESULT: {"script":"<script> [6424 bytes]","args":[{"element-6066-11e4-a52e-4f735466cecf":"f.9BFDF912BED0EE2DD1184AF57B04AD28.d.C51F4D61104BFAE2A6938DA8BD1F3379.e.8339"},"setValue",["04/27/2025"]]}
COMMAND: POST /session/b0367baf27973c5edc08b2b37b2bc6c3/element - {"using":"xpath","value":"//button[@data-kt=\"PickingTableConfirmAllButton\"]"}
RESULT: {"using":"xpath","value":"//button[@data-kt=\"PickingTableConfirmAllButton\"]"}
COMMAND: POST /session/b0367baf27973c5edc08b2b37b2bc6c3/element/f.9BFDF912BED0EE2DD1184AF57B04AD28.d.C51F4D61104BFAE2A6938DA8BD1F3379.e.8354/click - {}
RESULT: {}
COMMAND: GET /session/b0367baf27973c5edc08b2b37b2bc6c3/screenshot - {}
RESULT: {}
COMMAND: POST /session/b0367baf27973c5edc08b2b37b2bc6c3/element - {"using":"xpath","value":"//bdi[contains(text(), \"OK\")]"}
RESULT: {"using":"xpath","value":"//bdi[contains(text(), \"OK\")]"}
COMMAND: POST /session/b0367baf27973c5edc08b2b37b2bc6c3/element/f.9BFDF912BED0EE2DD1184AF57B04AD28.d.C51F4D61104BFAE2A6938DA8BD1F3379.e.8356/click - {}
RESULT: {}
COMMAND: GET /session/b0367baf27973c5edc08b2b37b2bc6c3/screenshot - {}
RESULT: {}
COMMAND: POST /session/b0367baf27973c5edc08b2b37b2bc6c3/element - {"using":"xpath","value":"(//bdi[contains(text(), \"Receive\")])[2]"}
RESULT: {"using":"xpath","value":"(//bdi[contains(text(), \"Receive\")])[2]"}
COMMAND: POST /session/b0367baf27973c5edc08b2b37b2bc6c3/element/f.9BFDF912BED0EE2DD1184AF57B04AD28.d.C51F4D61104BFAE2A6938DA8BD1F3379.e.8358/click - {}
RESULT: {}
COMMAND: GET /session/b0367baf27973c5edc08b2b37b2bc6c3/screenshot - {}
RESULT: {}
COMMAND: POST /session/b0367baf27973c5edc08b2b37b2bc6c3/element - {"using":"css selector","value":"#shell-header-logo"}
RESULT: {"using":"css selector","value":"#shell-header-logo"}
COMMAND: POST /session/b0367baf27973c5edc08b2b37b2bc6c3/element/f.9BFDF912BED0EE2DD1184AF57B04AD28.d.C51F4D61104BFAE2A6938DA8BD1F3379.e.7812/click - {}
RESULT: {}
]]></system-out>
    </testcase>
    <testcase classname="chrome.135_0_7049_96.windows.E2E_-_Logistical_and_commercial_statuses" name="Should add a pricing rule and a condition to the RU" time="106.244">
      <system-out><![CDATA[
COMMAND: POST /session/b0367baf27973c5edc08b2b37b2bc6c3/execute/async - {"script":"<script> [1562 bytes]","args":[{"selector":{"controlType":"sap.m.GenericTile","properties":{"header":"Manage Pricing Rules"}},"wdio_ui5_key":"sapm.GenericTile{\"header\":\"Manage Pricing Rules\"}"}]}
COMMAND: GET /session/b0367baf27973c5edc08b2b37b2bc6c3/screenshot - {}
RESULT: {"script":"<script> [1562 bytes]","args":[{"selector":{"controlType":"sap.m.GenericTile","properties":{"header":"Manage Pricing Rules"}},"wdio_ui5_key":"sapm.GenericTile{\"header\":\"Manage Pricing Rules\"}"}]}
RESULT: undefined
COMMAND: POST /session/b0367baf27973c5edc08b2b37b2bc6c3/element - {"using":"xpath","value":"//*[@id=\"__tile55\"]"}
RESULT: {}
RESULT: {"using":"xpath","value":"//*[@id=\"__tile55\"]"}
COMMAND: POST /session/b0367baf27973c5edc08b2b37b2bc6c3/element/f.9BFDF912BED0EE2DD1184AF57B04AD28.d.C51F4D61104BFAE2A6938DA8BD1F3379.e.8592/click - {}
RESULT: {}
COMMAND: GET /session/b0367baf27973c5edc08b2b37b2bc6c3/screenshot - {}
RESULT: {}
COMMAND: POST /session/b0367baf27973c5edc08b2b37b2bc6c3/execute/async - {"script":"<script> [1562 bytes]","args":[{"selector":{"controlType":"sap.ui.core.Icon","viewName":"etm.portal.ui.managepricingrules.view.MasterHeader","viewId":"application-managepricingrules-display-component---priceInfoHeader","properties":{"src":{"regex":{"source":"activity\\-items"}}}},"wdio_ui5_key":"etmportal.ui.managepricingrules.view.MasterHeadersap.ui.core.Icon{\"src\":{\"regex\":{\"source\":\"activity\\\\-items\"}}}"}]}
RESULT: {"script":"<script> [1562 bytes]","args":[{"selector":{"controlType":"sap.ui.core.Icon","viewName":"etm.portal.ui.managepricingrules.view.MasterHeader","viewId":"application-managepricingrules-display-component---priceInfoHeader","properties":{"src":{"regex":{"source":"activity\\-items"}}}},"wdio_ui5_key":"etmportal.ui.managepricingrules.view.MasterHeadersap.ui.core.Icon{\"src\":{\"regex\":{\"source\":\"activity\\\\-items\"}}}"}]}
RESULT: undefined
COMMAND: POST /session/b0367baf27973c5edc08b2b37b2bc6c3/element - {"using":"xpath","value":"//*[@id=\"__filter22-icon\"]"}
RESULT: {"using":"xpath","value":"//*[@id=\"__filter22-icon\"]"}
COMMAND: POST /session/b0367baf27973c5edc08b2b37b2bc6c3/element/f.9BFDF912BED0EE2DD1184AF57B04AD28.d.C51F4D61104BFAE2A6938DA8BD1F3379.e.8640/click - {}
RESULT: {}
COMMAND: GET /session/b0367baf27973c5edc08b2b37b2bc6c3/screenshot - {}
RESULT: {}
COMMAND: POST /session/b0367baf27973c5edc08b2b37b2bc6c3/execute/async - {"script":"<script> [1562 bytes]","args":[{"selector":{"controlType":"sap.ui.core.Icon","viewName":"etm.portal.ui.managepricingrules.view.MasterItem","viewId":"application-managepricingrules-display-component---priceInfoItem","properties":{"src":{"regex":{"source":"add"}}}},"wdio_ui5_key":"etmportal.ui.managepricingrules.view.MasterItemsap.ui.core.Icon{\"src\":{\"regex\":{\"source\":\"add\"}}}"}]}
RESULT: {"script":"<script> [1562 bytes]","args":[{"selector":{"controlType":"sap.ui.core.Icon","viewName":"etm.portal.ui.managepricingrules.view.MasterItem","viewId":"application-managepricingrules-display-component---priceInfoItem","properties":{"src":{"regex":{"source":"add"}}}},"wdio_ui5_key":"etmportal.ui.managepricingrules.view.MasterItemsap.ui.core.Icon{\"src\":{\"regex\":{\"source\":\"add\"}}}"}]}
RESULT: undefined
COMMAND: POST /session/b0367baf27973c5edc08b2b37b2bc6c3/element - {"using":"xpath","value":"//*[@id=\"__button76-img\"]"}
RESULT: {"using":"xpath","value":"//*[@id=\"__button76-img\"]"}
COMMAND: POST /session/b0367baf27973c5edc08b2b37b2bc6c3/element/f.9BFDF912BED0EE2DD1184AF57B04AD28.d.C51F4D61104BFAE2A6938DA8BD1F3379.e.8687/click - {}
RESULT: {}
COMMAND: GET /session/b0367baf27973c5edc08b2b37b2bc6c3/screenshot - {}
RESULT: {}
COMMAND: POST /session/b0367baf27973c5edc08b2b37b2bc6c3/element - {"using":"xpath","value":"//input[@id=\"application-managepricingrules-display-component---newInfoPriceItem--condRU-inner\"]"}
RESULT: {"using":"xpath","value":"//input[@id=\"application-managepricingrules-display-component---newInfoPriceItem--condRU-inner\"]"}
COMMAND: POST /session/b0367baf27973c5edc08b2b37b2bc6c3/element/f.9BFDF912BED0EE2DD1184AF57B04AD28.d.C51F4D61104BFAE2A6938DA8BD1F3379.e.8900/clear - {}
RESULT: {}
COMMAND: POST /session/b0367baf27973c5edc08b2b37b2bc6c3/element/f.9BFDF912BED0EE2DD1184AF57B04AD28.d.C51F4D61104BFAE2A6938DA8BD1F3379.e.8900/value - {"text":"WebdriverRUR2Cdkhzd"}
COMMAND: GET /session/b0367baf27973c5edc08b2b37b2bc6c3/screenshot - {}
RESULT: {"text":"WebdriverRUR2Cdkhzd"}
COMMAND: POST /session/b0367baf27973c5edc08b2b37b2bc6c3/execute/async - {"script":"<script> [1562 bytes]","args":[{"selector":{"id":"application-managepricingrules-display-component---newInfoPriceItem--condValidTo","interaction":{"idSuffix":"inner"}},"wdio_ui5_key":"applicationmanagepricingrules-display-component---newInfoPriceItem--condValidTo"}]}
COMMAND: GET /session/b0367baf27973c5edc08b2b37b2bc6c3/screenshot - {}
RESULT: {}
RESULT: {"script":"<script> [1562 bytes]","args":[{"selector":{"id":"application-managepricingrules-display-component---newInfoPriceItem--condValidTo","interaction":{"idSuffix":"inner"}},"wdio_ui5_key":"applicationmanagepricingrules-display-component---newInfoPriceItem--condValidTo"}]}
RESULT: undefined
COMMAND: POST /session/b0367baf27973c5edc08b2b37b2bc6c3/execute/async - {"script":"<script> [776 bytes]","args":[{"enterText":"5/18/33","selector":{"id":"application-managepricingrules-display-component---newInfoPriceItem--condValidTo","interaction":{"idSuffix":"inner"}},"clearTextFirst":true,"interactionType":"ENTER_TEXT"}]}
RESULT: {}
RESULT: {"script":"<script> [776 bytes]","args":[{"enterText":"5/18/33","selector":{"id":"application-managepricingrules-display-component---newInfoPriceItem--condValidTo","interaction":{"idSuffix":"inner"}},"clearTextFirst":true,"interactionType":"ENTER_TEXT"}]}
COMMAND: POST /session/b0367baf27973c5edc08b2b37b2bc6c3/execute/async - {"script":"<script> [1562 bytes]","args":[{"selector":{"id":"application-managepricingrules-display-component---newInfoPriceItem--billType-arrow"},"wdio_ui5_key":"applicationmanagepricingrules-display-component---newInfoPriceItem--billType-arrow"}]}
RESULT: {"script":"<script> [1562 bytes]","args":[{"selector":{"id":"application-managepricingrules-display-component---newInfoPriceItem--billType-arrow"},"wdio_ui5_key":"applicationmanagepricingrules-display-component---newInfoPriceItem--billType-arrow"}]}
RESULT: undefined
COMMAND: POST /session/b0367baf27973c5edc08b2b37b2bc6c3/element - {"using":"xpath","value":"//*[@id=\"application-managepricingrules-display-component---newInfoPriceItem--billType-arrow\"]"}
RESULT: {"using":"xpath","value":"//*[@id=\"application-managepricingrules-display-component---newInfoPriceItem--billType-arrow\"]"}
COMMAND: POST /session/b0367baf27973c5edc08b2b37b2bc6c3/element/f.9BFDF912BED0EE2DD1184AF57B04AD28.d.C51F4D61104BFAE2A6938DA8BD1F3379.e.8994/click - {}
RESULT: {}
COMMAND: POST /session/b0367baf27973c5edc08b2b37b2bc6c3/element - {"using":"xpath","value":"//span[contains(text(), \"TB - Time based\")]"}
COMMAND: GET /session/b0367baf27973c5edc08b2b37b2bc6c3/screenshot - {}
RESULT: {"using":"xpath","value":"//span[contains(text(), \"TB - Time based\")]"}
COMMAND: POST /session/b0367baf27973c5edc08b2b37b2bc6c3/element/f.9BFDF912BED0EE2DD1184AF57B04AD28.d.C51F4D61104BFAE2A6938DA8BD1F3379.e.9035/click - {}
RESULT: {}
RESULT: {}
COMMAND: POST /session/b0367baf27973c5edc08b2b37b2bc6c3/execute/async - {"script":"<script> [1562 bytes]","args":[{"selector":{"id":"application-managepricingrules-display-component---newInfoPriceItem--priceProc-arrow"},"wdio_ui5_key":"applicationmanagepricingrules-display-component---newInfoPriceItem--priceProc-arrow"}]}
COMMAND: GET /session/b0367baf27973c5edc08b2b37b2bc6c3/screenshot - {}
RESULT: {"script":"<script> [1562 bytes]","args":[{"selector":{"id":"application-managepricingrules-display-component---newInfoPriceItem--priceProc-arrow"},"wdio_ui5_key":"applicationmanagepricingrules-display-component---newInfoPriceItem--priceProc-arrow"}]}
RESULT: undefined
COMMAND: POST /session/b0367baf27973c5edc08b2b37b2bc6c3/element - {"using":"xpath","value":"//*[@id=\"application-managepricingrules-display-component---newInfoPriceItem--priceProc-arrow\"]"}
RESULT: {}
RESULT: {"using":"xpath","value":"//*[@id=\"application-managepricingrules-display-component---newInfoPriceItem--priceProc-arrow\"]"}
COMMAND: POST /session/b0367baf27973c5edc08b2b37b2bc6c3/element/f.9BFDF912BED0EE2DD1184AF57B04AD28.d.C51F4D61104BFAE2A6938DA8BD1F3379.e.9001/click - {}
RESULT: {}
COMMAND: POST /session/b0367baf27973c5edc08b2b37b2bc6c3/element - {"using":"xpath","value":"//span[contains(text(), \"TBS - Time based standard\")]"}
COMMAND: GET /session/b0367baf27973c5edc08b2b37b2bc6c3/screenshot - {}
RESULT: {"using":"xpath","value":"//span[contains(text(), \"TBS - Time based standard\")]"}
COMMAND: POST /session/b0367baf27973c5edc08b2b37b2bc6c3/element/f.9BFDF912BED0EE2DD1184AF57B04AD28.d.C51F4D61104BFAE2A6938DA8BD1F3379.e.9036/click - {}
RESULT: {}
RESULT: {}
COMMAND: POST /session/b0367baf27973c5edc08b2b37b2bc6c3/execute/async - {"script":"<script> [1562 bytes]","args":[{"selector":{"id":"application-managepricingrules-display-component---newInfoPriceItem--calcBase-arrow"},"wdio_ui5_key":"applicationmanagepricingrules-display-component---newInfoPriceItem--calcBase-arrow"}]}
COMMAND: GET /session/b0367baf27973c5edc08b2b37b2bc6c3/screenshot - {}
RESULT: {"script":"<script> [1562 bytes]","args":[{"selector":{"id":"application-managepricingrules-display-component---newInfoPriceItem--calcBase-arrow"},"wdio_ui5_key":"applicationmanagepricingrules-display-component---newInfoPriceItem--calcBase-arrow"}]}
RESULT: undefined
COMMAND: POST /session/b0367baf27973c5edc08b2b37b2bc6c3/element - {"using":"xpath","value":"//*[@id=\"application-managepricingrules-display-component---newInfoPriceItem--calcBase-arrow\"]"}
RESULT: {}
RESULT: {"using":"xpath","value":"//*[@id=\"application-managepricingrules-display-component---newInfoPriceItem--calcBase-arrow\"]"}
COMMAND: POST /session/b0367baf27973c5edc08b2b37b2bc6c3/element/f.9BFDF912BED0EE2DD1184AF57B04AD28.d.C51F4D61104BFAE2A6938DA8BD1F3379.e.9008/click - {}
RESULT: {}
COMMAND: GET /session/b0367baf27973c5edc08b2b37b2bc6c3/screenshot - {}
RESULT: {}
COMMAND: POST /session/b0367baf27973c5edc08b2b37b2bc6c3/element - {"using":"xpath","value":"//span[contains(text(), \"0006 - TB(calendar days)\")]"}
RESULT: {"using":"xpath","value":"//span[contains(text(), \"0006 - TB(calendar days)\")]"}
COMMAND: POST /session/b0367baf27973c5edc08b2b37b2bc6c3/element/f.9BFDF912BED0EE2DD1184AF57B04AD28.d.C51F4D61104BFAE2A6938DA8BD1F3379.e.9037/click - {}
RESULT: {}
COMMAND: POST /session/b0367baf27973c5edc08b2b37b2bc6c3/execute/async - {"script":"<script> [1562 bytes]","args":[{"selector":{"id":"application-managepricingrules-display-component---newInfoPriceItem--daysMonth","interaction":{"idSuffix":"inner"}},"wdio_ui5_key":"applicationmanagepricingrules-display-component---newInfoPriceItem--daysMonth"}]}
COMMAND: GET /session/b0367baf27973c5edc08b2b37b2bc6c3/screenshot - {}
RESULT: {"script":"<script> [1562 bytes]","args":[{"selector":{"id":"application-managepricingrules-display-component---newInfoPriceItem--daysMonth","interaction":{"idSuffix":"inner"}},"wdio_ui5_key":"applicationmanagepricingrules-display-component---newInfoPriceItem--daysMonth"}]}
RESULT: undefined
COMMAND: POST /session/b0367baf27973c5edc08b2b37b2bc6c3/execute/async - {"script":"<script> [776 bytes]","args":[{"enterText":"30","selector":{"id":"application-managepricingrules-display-component---newInfoPriceItem--daysMonth","interaction":{"idSuffix":"inner"}},"clearTextFirst":true,"interactionType":"ENTER_TEXT"}]}
RESULT: {}
RESULT: {"script":"<script> [776 bytes]","args":[{"enterText":"30","selector":{"id":"application-managepricingrules-display-component---newInfoPriceItem--daysMonth","interaction":{"idSuffix":"inner"}},"clearTextFirst":true,"interactionType":"ENTER_TEXT"}]}
COMMAND: POST /session/b0367baf27973c5edc08b2b37b2bc6c3/element - {"using":"xpath","value":"//button[@data-kt=\"saveNewRuleButton\"]"}
RESULT: {"using":"xpath","value":"//button[@data-kt=\"saveNewRuleButton\"]"}
COMMAND: POST /session/b0367baf27973c5edc08b2b37b2bc6c3/element/f.9BFDF912BED0EE2DD1184AF57B04AD28.d.C51F4D61104BFAE2A6938DA8BD1F3379.e.9028/click - {}
RESULT: {}
COMMAND: GET /session/b0367baf27973c5edc08b2b37b2bc6c3/screenshot - {}
RESULT: {}
COMMAND: POST /session/b0367baf27973c5edc08b2b37b2bc6c3/element - {"using":"css selector","value":"#shell-header-logo"}
RESULT: {"using":"css selector","value":"#shell-header-logo"}
COMMAND: POST /session/b0367baf27973c5edc08b2b37b2bc6c3/element/f.9BFDF912BED0EE2DD1184AF57B04AD28.d.C51F4D61104BFAE2A6938DA8BD1F3379.e.8594/click - {}
RESULT: {}
COMMAND: GET /session/b0367baf27973c5edc08b2b37b2bc6c3/screenshot - {}
RESULT: {}
COMMAND: POST /session/b0367baf27973c5edc08b2b37b2bc6c3/execute/async - {"script":"<script> [1562 bytes]","args":[{"selector":{"controlType":"sap.m.Text","properties":{"text":"Manage Conditions & Prices"},"interaction":{"idSuffix":"inner"}},"wdio_ui5_key":"sapm.Text{\"text\":\"Manage Conditions & Prices\"}"}]}
RESULT: {"script":"<script> [1562 bytes]","args":[{"selector":{"controlType":"sap.m.Text","properties":{"text":"Manage Conditions & Prices"},"interaction":{"idSuffix":"inner"}},"wdio_ui5_key":"sapm.Text{\"text\":\"Manage Conditions & Prices\"}"}]}
RESULT: undefined
COMMAND: POST /session/b0367baf27973c5edc08b2b37b2bc6c3/element - {"using":"xpath","value":"//*[@id=\"__tile53-title\"]"}
RESULT: {"using":"xpath","value":"//*[@id=\"__tile53-title\"]"}
COMMAND: POST /session/b0367baf27973c5edc08b2b37b2bc6c3/element/f.9BFDF912BED0EE2DD1184AF57B04AD28.d.C51F4D61104BFAE2A6938DA8BD1F3379.e.9057/click - {}
RESULT: {}
COMMAND: GET /session/b0367baf27973c5edc08b2b37b2bc6c3/screenshot - {}
RESULT: {}
COMMAND: POST /session/b0367baf27973c5edc08b2b37b2bc6c3/element - {"using":"xpath","value":"//button[@aria-label=\"Create\"]"}
RESULT: {"using":"xpath","value":"//button[@aria-label=\"Create\"]"}
COMMAND: POST /session/b0367baf27973c5edc08b2b37b2bc6c3/element/f.9BFDF912BED0EE2DD1184AF57B04AD28.d.C51F4D61104BFAE2A6938DA8BD1F3379.e.9089/click - {}
RESULT: {}
COMMAND: POST /session/b0367baf27973c5edc08b2b37b2bc6c3/actions - {"actions":[{"id":"action17","type":"key","parameters":{},"actions":[{"type":"keyDown","value":"î€‡"},{"type":"pause","duration":10},{"type":"keyUp","value":"î€‡"}]}]}
COMMAND: GET /session/b0367baf27973c5edc08b2b37b2bc6c3/screenshot - {}
RESULT: {"actions":[{"id":"action17","type":"key","parameters":{},"actions":[{"type":"keyDown","value":"î€‡"},{"type":"pause","duration":10},{"type":"keyUp","value":"î€‡"}]}]}
COMMAND: GET /session/b0367baf27973c5edc08b2b37b2bc6c3/screenshot - {}
COMMAND: POST /session/b0367baf27973c5edc08b2b37b2bc6c3/execute/async - {"script":"<script> [1562 bytes]","args":[{"selector":{"id":"application-manageconditionprice-display-component---newCondition--condBillCond-arrow"},"wdio_ui5_key":"applicationmanageconditionprice-display-component---newCondition--condBillCond-arrow"}]}
RESULT: {}
RESULT: {}
RESULT: {"script":"<script> [1562 bytes]","args":[{"selector":{"id":"application-manageconditionprice-display-component---newCondition--condBillCond-arrow"},"wdio_ui5_key":"applicationmanageconditionprice-display-component---newCondition--condBillCond-arrow"}]}
RESULT: undefined
COMMAND: POST /session/b0367baf27973c5edc08b2b37b2bc6c3/element - {"using":"xpath","value":"//*[@id=\"application-manageconditionprice-display-component---newCondition--condBillCond-arrow\"]"}
RESULT: {"using":"xpath","value":"//*[@id=\"application-manageconditionprice-display-component---newCondition--condBillCond-arrow\"]"}
COMMAND: POST /session/b0367baf27973c5edc08b2b37b2bc6c3/element/f.9BFDF912BED0EE2DD1184AF57B04AD28.d.C51F4D61104BFAE2A6938DA8BD1F3379.e.9465/click - {}
RESULT: {}
COMMAND: POST /session/b0367baf27973c5edc08b2b37b2bc6c3/element - {"using":"xpath","value":"//span[contains(text(), \"DISP - D&I special price\")]"}
COMMAND: GET /session/b0367baf27973c5edc08b2b37b2bc6c3/screenshot - {}
RESULT: {"using":"xpath","value":"//span[contains(text(), \"DISP - D&I special price\")]"}
COMMAND: POST /session/b0367baf27973c5edc08b2b37b2bc6c3/element/f.9BFDF912BED0EE2DD1184AF57B04AD28.d.C51F4D61104BFAE2A6938DA8BD1F3379.e.9466/click - {}
RESULT: {}
RESULT: {}
COMMAND: POST /session/b0367baf27973c5edc08b2b37b2bc6c3/execute/async - {"script":"<script> [1562 bytes]","args":[{"selector":{"id":"application-manageconditionprice-display-component---newCondition--condValidTo","interaction":{"idSuffix":"inner"}},"wdio_ui5_key":"applicationmanageconditionprice-display-component---newCondition--condValidTo"}]}
COMMAND: GET /session/b0367baf27973c5edc08b2b37b2bc6c3/screenshot - {}
RESULT: {"script":"<script> [1562 bytes]","args":[{"selector":{"id":"application-manageconditionprice-display-component---newCondition--condValidTo","interaction":{"idSuffix":"inner"}},"wdio_ui5_key":"applicationmanageconditionprice-display-component---newCondition--condValidTo"}]}
RESULT: undefined
COMMAND: POST /session/b0367baf27973c5edc08b2b37b2bc6c3/execute/async - {"script":"<script> [776 bytes]","args":[{"enterText":"5/11/33","selector":{"id":"application-manageconditionprice-display-component---newCondition--condValidTo","interaction":{"idSuffix":"inner"}},"clearTextFirst":true,"interactionType":"ENTER_TEXT"}]}
RESULT: {}
RESULT: {"script":"<script> [776 bytes]","args":[{"enterText":"5/11/33","selector":{"id":"application-manageconditionprice-display-component---newCondition--condValidTo","interaction":{"idSuffix":"inner"}},"clearTextFirst":true,"interactionType":"ENTER_TEXT"}]}
COMMAND: POST /session/b0367baf27973c5edc08b2b37b2bc6c3/element - {"using":"xpath","value":"//input[@id=\"application-manageconditionprice-display-component---newCondition--condRU-inner\"]"}
RESULT: {"using":"xpath","value":"//input[@id=\"application-manageconditionprice-display-component---newCondition--condRU-inner\"]"}
COMMAND: POST /session/b0367baf27973c5edc08b2b37b2bc6c3/element/f.9BFDF912BED0EE2DD1184AF57B04AD28.d.C51F4D61104BFAE2A6938DA8BD1F3379.e.9243/clear - {}
RESULT: {}
COMMAND: POST /session/b0367baf27973c5edc08b2b37b2bc6c3/element/f.9BFDF912BED0EE2DD1184AF57B04AD28.d.C51F4D61104BFAE2A6938DA8BD1F3379.e.9243/value - {"text":"WebdriverRUR2Cdkhzd"}
COMMAND: GET /session/b0367baf27973c5edc08b2b37b2bc6c3/screenshot - {}
RESULT: {"text":"WebdriverRUR2Cdkhzd"}
COMMAND: GET /session/b0367baf27973c5edc08b2b37b2bc6c3/screenshot - {}
RESULT: {}
RESULT: {}
COMMAND: POST /session/b0367baf27973c5edc08b2b37b2bc6c3/actions - {"actions":[{"id":"action18","type":"key","parameters":{},"actions":[{"type":"keyDown","value":"î€‡"},{"type":"pause","duration":10},{"type":"keyUp","value":"î€‡"}]}]}
RESULT: {"actions":[{"id":"action18","type":"key","parameters":{},"actions":[{"type":"keyDown","value":"î€‡"},{"type":"pause","duration":10},{"type":"keyUp","value":"î€‡"}]}]}
COMMAND: POST /session/b0367baf27973c5edc08b2b37b2bc6c3/execute/async - {"script":"<script> [1562 bytes]","args":[{"selector":{"id":"application-manageconditionprice-display-component---newCondition--condBaseQty","interaction":{"idSuffix":"inner"}},"wdio_ui5_key":"applicationmanageconditionprice-display-component---newCondition--condBaseQty"}]}
COMMAND: GET /session/b0367baf27973c5edc08b2b37b2bc6c3/screenshot - {}
RESULT: {"script":"<script> [1562 bytes]","args":[{"selector":{"id":"application-manageconditionprice-display-component---newCondition--condBaseQty","interaction":{"idSuffix":"inner"}},"wdio_ui5_key":"applicationmanageconditionprice-display-component---newCondition--condBaseQty"}]}
RESULT: undefined
COMMAND: POST /session/b0367baf27973c5edc08b2b37b2bc6c3/execute/async - {"script":"<script> [776 bytes]","args":[{"enterText":"1","selector":{"id":"application-manageconditionprice-display-component---newCondition--condBaseQty","interaction":{"idSuffix":"inner"}},"clearTextFirst":true,"interactionType":"ENTER_TEXT"}]}
RESULT: {}
RESULT: {"script":"<script> [776 bytes]","args":[{"enterText":"1","selector":{"id":"application-manageconditionprice-display-component---newCondition--condBaseQty","interaction":{"idSuffix":"inner"}},"clearTextFirst":true,"interactionType":"ENTER_TEXT"}]}
COMMAND: POST /session/b0367baf27973c5edc08b2b37b2bc6c3/execute/async - {"script":"<script> [1562 bytes]","args":[{"selector":{"id":"application-manageconditionprice-display-component---newCondition--condValue","interaction":{"idSuffix":"inner"}},"wdio_ui5_key":"applicationmanageconditionprice-display-component---newCondition--condValue"}]}
RESULT: {"script":"<script> [1562 bytes]","args":[{"selector":{"id":"application-manageconditionprice-display-component---newCondition--condValue","interaction":{"idSuffix":"inner"}},"wdio_ui5_key":"applicationmanageconditionprice-display-component---newCondition--condValue"}]}
RESULT: undefined
COMMAND: POST /session/b0367baf27973c5edc08b2b37b2bc6c3/execute/async - {"script":"<script> [776 bytes]","args":[{"enterText":"100","selector":{"id":"application-manageconditionprice-display-component---newCondition--condValue","interaction":{"idSuffix":"inner"}},"clearTextFirst":true,"interactionType":"ENTER_TEXT"}]}
RESULT: {"script":"<script> [776 bytes]","args":[{"enterText":"100","selector":{"id":"application-manageconditionprice-display-component---newCondition--condValue","interaction":{"idSuffix":"inner"}},"clearTextFirst":true,"interactionType":"ENTER_TEXT"}]}
COMMAND: POST /session/b0367baf27973c5edc08b2b37b2bc6c3/execute/async - {"script":"<script> [1562 bytes]","args":[{"selector":{"id":"application-manageconditionprice-display-component---newCondition--condCurr-arrow"},"wdio_ui5_key":"applicationmanageconditionprice-display-component---newCondition--condCurr-arrow"}]}
RESULT: {"script":"<script> [1562 bytes]","args":[{"selector":{"id":"application-manageconditionprice-display-component---newCondition--condCurr-arrow"},"wdio_ui5_key":"applicationmanageconditionprice-display-component---newCondition--condCurr-arrow"}]}
RESULT: undefined
COMMAND: POST /session/b0367baf27973c5edc08b2b37b2bc6c3/element - {"using":"xpath","value":"//*[@id=\"application-manageconditionprice-display-component---newCondition--condCurr-arrow\"]"}
RESULT: {"using":"xpath","value":"//*[@id=\"application-manageconditionprice-display-component---newCondition--condCurr-arrow\"]"}
COMMAND: POST /session/b0367baf27973c5edc08b2b37b2bc6c3/element/f.9BFDF912BED0EE2DD1184AF57B04AD28.d.C51F4D61104BFAE2A6938DA8BD1F3379.e.9427/click - {}
RESULT: {}
COMMAND: POST /session/b0367baf27973c5edc08b2b37b2bc6c3/element - {"using":"xpath","value":"//span[contains(text(), \"Euro\")]"}
COMMAND: GET /session/b0367baf27973c5edc08b2b37b2bc6c3/screenshot - {}
RESULT: {"using":"xpath","value":"//span[contains(text(), \"Euro\")]"}
COMMAND: POST /session/b0367baf27973c5edc08b2b37b2bc6c3/element/f.9BFDF912BED0EE2DD1184AF57B04AD28.d.C51F4D61104BFAE2A6938DA8BD1F3379.e.9504/click - {}
RESULT: {}
RESULT: {}
COMMAND: POST /session/b0367baf27973c5edc08b2b37b2bc6c3/element - {"using":"xpath","value":"//button[@data-kt=\"saveButton\"]"}
COMMAND: GET /session/b0367baf27973c5edc08b2b37b2bc6c3/screenshot - {}
RESULT: {"using":"xpath","value":"//button[@data-kt=\"saveButton\"]"}
COMMAND: POST /session/b0367baf27973c5edc08b2b37b2bc6c3/element/f.9BFDF912BED0EE2DD1184AF57B04AD28.d.C51F4D61104BFAE2A6938DA8BD1F3379.e.9428/click - {}
RESULT: {}
RESULT: {}
COMMAND: GET /session/b0367baf27973c5edc08b2b37b2bc6c3/screenshot - {}
RESULT: {}
COMMAND: POST /session/b0367baf27973c5edc08b2b37b2bc6c3/element - {"using":"css selector","value":"#shell-header-logo"}
RESULT: {"using":"css selector","value":"#shell-header-logo"}
COMMAND: POST /session/b0367baf27973c5edc08b2b37b2bc6c3/element/f.9BFDF912BED0EE2DD1184AF57B04AD28.d.C51F4D61104BFAE2A6938DA8BD1F3379.e.9061/click - {}
RESULT: {}
COMMAND: GET /session/b0367baf27973c5edc08b2b37b2bc6c3/screenshot - {}
RESULT: {}
]]></system-out>
    </testcase>
    <testcase classname="chrome.135_0_7049_96.windows.E2E_-_Logistical_and_commercial_statuses" name="Should create a new contract" time="73.128">
      <system-out><![CDATA[
COMMAND: POST /session/b0367baf27973c5edc08b2b37b2bc6c3/execute/async - {"script":"<script> [1562 bytes]","args":[{"selector":{"controlType":"sap.m.GenericTile","viewName":"etm.portal.ui.managecontractstile.view.Master","i18NText":{"propertyName":"header","key":"manageContractsTileTitle"}},"wdio_ui5_key":"etmportal.ui.managecontractstile.view.Mastersap.m.GenericTile{\"propertyName\":\"header\",\"key\":\"manageContractsTileTitle\"}"}]}
RESULT: {"script":"<script> [1562 bytes]","args":[{"selector":{"controlType":"sap.m.GenericTile","viewName":"etm.portal.ui.managecontractstile.view.Master","i18NText":{"propertyName":"header","key":"manageContractsTileTitle"}},"wdio_ui5_key":"etmportal.ui.managecontractstile.view.Mastersap.m.GenericTile{\"propertyName\":\"header\",\"key\":\"manageContractsTileTitle\"}"}]}
RESULT: undefined
COMMAND: POST /session/b0367baf27973c5edc08b2b37b2bc6c3/element - {"using":"xpath","value":"//*[@id=\"__tile130\"]"}
RESULT: {"using":"xpath","value":"//*[@id=\"__tile130\"]"}
COMMAND: POST /session/b0367baf27973c5edc08b2b37b2bc6c3/element/f.9BFDF912BED0EE2DD1184AF57B04AD28.d.C51F4D61104BFAE2A6938DA8BD1F3379.e.7799/click - {}
RESULT: {}
COMMAND: GET /session/b0367baf27973c5edc08b2b37b2bc6c3/screenshot - {}
RESULT: {}
COMMAND: POST /session/b0367baf27973c5edc08b2b37b2bc6c3/element - {"using":"xpath","value":"//button[@data-kt=\"addButton\"]"}
RESULT: {"using":"xpath","value":"//button[@data-kt=\"addButton\"]"}
COMMAND: POST /session/b0367baf27973c5edc08b2b37b2bc6c3/element/f.9BFDF912BED0EE2DD1184AF57B04AD28.d.C51F4D61104BFAE2A6938DA8BD1F3379.e.9681/click - {}
RESULT: {}
COMMAND: GET /session/b0367baf27973c5edc08b2b37b2bc6c3/screenshot - {}
RESULT: {}
COMMAND: POST /session/b0367baf27973c5edc08b2b37b2bc6c3/execute/async - {"script":"<script> [1562 bytes]","args":[{"selector":{"id":"application-managecontracts-display-component---AddNewContract--projectDescription","interaction":{"idSuffix":"inner"}},"wdio_ui5_key":"applicationmanagecontracts-display-component---AddNewContract--projectDescription"}]}
RESULT: {"script":"<script> [1562 bytes]","args":[{"selector":{"id":"application-managecontracts-display-component---AddNewContract--projectDescription","interaction":{"idSuffix":"inner"}},"wdio_ui5_key":"applicationmanagecontracts-display-component---AddNewContract--projectDescription"}]}
RESULT: undefined
COMMAND: POST /session/b0367baf27973c5edc08b2b37b2bc6c3/execute/async - {"script":"<script> [776 bytes]","args":[{"enterText":"WdIOR2c8gvdp","selector":{"id":"application-managecontracts-display-component---AddNewContract--projectDescription","interaction":{"idSuffix":"inner"}},"clearTextFirst":true,"interactionType":"ENTER_TEXT"}]}
RESULT: {"script":"<script> [776 bytes]","args":[{"enterText":"WdIOR2c8gvdp","selector":{"id":"application-managecontracts-display-component---AddNewContract--projectDescription","interaction":{"idSuffix":"inner"}},"clearTextFirst":true,"interactionType":"ENTER_TEXT"}]}
COMMAND: POST /session/b0367baf27973c5edc08b2b37b2bc6c3/element - {"using":"xpath","value":"//input[@id=\"application-managecontracts-display-component---AddNewContract--yardId-inner\"]"}
RESULT: {"using":"xpath","value":"//input[@id=\"application-managecontracts-display-component---AddNewContract--yardId-inner\"]"}
COMMAND: POST /session/b0367baf27973c5edc08b2b37b2bc6c3/element/f.9BFDF912BED0EE2DD1184AF57B04AD28.d.C51F4D61104BFAE2A6938DA8BD1F3379.e.9776/clear - {}
RESULT: {}
COMMAND: POST /session/b0367baf27973c5edc08b2b37b2bc6c3/element/f.9BFDF912BED0EE2DD1184AF57B04AD28.d.C51F4D61104BFAE2A6938DA8BD1F3379.e.9776/value - {"text":"WebdriverYardla39w"}
COMMAND: GET /session/b0367baf27973c5edc08b2b37b2bc6c3/screenshot - {}
RESULT: {}
RESULT: {"text":"WebdriverYardla39w"}
COMMAND: GET /session/b0367baf27973c5edc08b2b37b2bc6c3/screenshot - {}
RESULT: {}
COMMAND: POST /session/b0367baf27973c5edc08b2b37b2bc6c3/actions - {"actions":[{"id":"action19","type":"key","parameters":{},"actions":[{"type":"keyDown","value":"î€‡"},{"type":"pause","duration":10},{"type":"keyUp","value":"î€‡"}]}]}
RESULT: {"actions":[{"id":"action19","type":"key","parameters":{},"actions":[{"type":"keyDown","value":"î€‡"},{"type":"pause","duration":10},{"type":"keyUp","value":"î€‡"}]}]}
COMMAND: GET /session/b0367baf27973c5edc08b2b37b2bc6c3/screenshot - {}
RESULT: {}
COMMAND: POST /session/b0367baf27973c5edc08b2b37b2bc6c3/element - {"using":"xpath","value":"//input[@id=\"application-managecontracts-display-component---AddNewContract--customerSelect-inner\"]"}
RESULT: {"using":"xpath","value":"//input[@id=\"application-managecontracts-display-component---AddNewContract--customerSelect-inner\"]"}
COMMAND: POST /session/b0367baf27973c5edc08b2b37b2bc6c3/element/f.9BFDF912BED0EE2DD1184AF57B04AD28.d.C51F4D61104BFAE2A6938DA8BD1F3379.e.9774/clear - {}
RESULT: {}
COMMAND: POST /session/b0367baf27973c5edc08b2b37b2bc6c3/element/f.9BFDF912BED0EE2DD1184AF57B04AD28.d.C51F4D61104BFAE2A6938DA8BD1F3379.e.9774/value - {"text":"WebdriverPartnernf1a9"}
COMMAND: GET /session/b0367baf27973c5edc08b2b37b2bc6c3/screenshot - {}
RESULT: {"text":"WebdriverPartnernf1a9"}
COMMAND: GET /session/b0367baf27973c5edc08b2b37b2bc6c3/screenshot - {}
RESULT: {}
RESULT: {}
COMMAND: POST /session/b0367baf27973c5edc08b2b37b2bc6c3/actions - {"actions":[{"id":"action20","type":"key","parameters":{},"actions":[{"type":"keyDown","value":"î€‡"},{"type":"pause","duration":10},{"type":"keyUp","value":"î€‡"}]}]}
RESULT: {"actions":[{"id":"action20","type":"key","parameters":{},"actions":[{"type":"keyDown","value":"î€‡"},{"type":"pause","duration":10},{"type":"keyUp","value":"î€‡"}]}]}
COMMAND: GET /session/b0367baf27973c5edc08b2b37b2bc6c3/screenshot - {}
RESULT: {}
COMMAND: POST /session/b0367baf27973c5edc08b2b37b2bc6c3/element - {"using":"xpath","value":"//input[@id=\"application-managecontracts-display-component---AddNewContract--site-inner\"]"}
RESULT: {"using":"xpath","value":"//input[@id=\"application-managecontracts-display-component---AddNewContract--site-inner\"]"}
COMMAND: POST /session/b0367baf27973c5edc08b2b37b2bc6c3/element/f.9BFDF912BED0EE2DD1184AF57B04AD28.d.C51F4D61104BFAE2A6938DA8BD1F3379.e.9775/clear - {}
RESULT: {}
COMMAND: POST /session/b0367baf27973c5edc08b2b37b2bc6c3/element/f.9BFDF912BED0EE2DD1184AF57B04AD28.d.C51F4D61104BFAE2A6938DA8BD1F3379.e.9775/value - {"text":"WebdriverSite9irtd"}
COMMAND: GET /session/b0367baf27973c5edc08b2b37b2bc6c3/screenshot - {}
RESULT: {"text":"WebdriverSite9irtd"}
COMMAND: GET /session/b0367baf27973c5edc08b2b37b2bc6c3/screenshot - {}
RESULT: {}
RESULT: {}
COMMAND: POST /session/b0367baf27973c5edc08b2b37b2bc6c3/actions - {"actions":[{"id":"action21","type":"key","parameters":{},"actions":[{"type":"keyDown","value":"î€‡"},{"type":"pause","duration":10},{"type":"keyUp","value":"î€‡"}]}]}
RESULT: {"actions":[{"id":"action21","type":"key","parameters":{},"actions":[{"type":"keyDown","value":"î€‡"},{"type":"pause","duration":10},{"type":"keyUp","value":"î€‡"}]}]}
COMMAND: POST /session/b0367baf27973c5edc08b2b37b2bc6c3/element - {"using":"xpath","value":"//button[@data-kt=\"saveButton\"]"}
COMMAND: GET /session/b0367baf27973c5edc08b2b37b2bc6c3/screenshot - {}
RESULT: {"using":"xpath","value":"//button[@data-kt=\"saveButton\"]"}
COMMAND: POST /session/b0367baf27973c5edc08b2b37b2bc6c3/element/f.9BFDF912BED0EE2DD1184AF57B04AD28.d.C51F4D61104BFAE2A6938DA8BD1F3379.e.9792/click - {}
RESULT: {}
RESULT: {}
COMMAND: GET /session/b0367baf27973c5edc08b2b37b2bc6c3/screenshot - {}
RESULT: {}
COMMAND: POST /session/b0367baf27973c5edc08b2b37b2bc6c3/execute/async - {"script":"<script> [1562 bytes]","args":[{"selector":{"id":"contractDetailTitleNoExpanded","viewName":"etm.portal.ui.managecontracts.view.Detail"},"wdio_ui5_key":"contractDetailTitleNoExpandedetmportal.ui.managecontracts.view.Detail"}]}
RESULT: {"script":"<script> [1562 bytes]","args":[{"selector":{"id":"contractDetailTitleNoExpanded","viewName":"etm.portal.ui.managecontracts.view.Detail"},"wdio_ui5_key":"contractDetailTitleNoExpandedetmportal.ui.managecontracts.view.Detail"}]}
RESULT: undefined
COMMAND: POST /session/b0367baf27973c5edc08b2b37b2bc6c3/execute/async - {"script":"<script> [6424 bytes]","args":[{"element-6066-11e4-a52e-4f735466cecf":"f.9BFDF912BED0EE2DD1184AF57B04AD28.d.C51F4D61104BFAE2A6938DA8BD1F3379.e.9886"},"getText",[]]}
RESULT: {"script":"<script> [6424 bytes]","args":[{"element-6066-11e4-a52e-4f735466cecf":"f.9BFDF912BED0EE2DD1184AF57B04AD28.d.C51F4D61104BFAE2A6938DA8BD1F3379.e.9886"},"getText",[]]}
]]></system-out>
    </testcase>
    <testcase classname="chrome.135_0_7049_96.windows.E2E_-_Logistical_and_commercial_statuses" name="Should add materialID to the contract" time="47.508">
      <system-out><![CDATA[
COMMAND: POST /session/b0367baf27973c5edc08b2b37b2bc6c3/element - {"using":"xpath","value":"//button[@data-kt=\"contractDetailEditBtnButton\"]"}
RESULT: {"using":"xpath","value":"//button[@data-kt=\"contractDetailEditBtnButton\"]"}
COMMAND: POST /session/b0367baf27973c5edc08b2b37b2bc6c3/element/f.9BFDF912BED0EE2DD1184AF57B04AD28.d.C51F4D61104BFAE2A6938DA8BD1F3379.e.9887/click - {}
RESULT: {}
COMMAND: GET /session/b0367baf27973c5edc08b2b37b2bc6c3/screenshot - {}
RESULT: {}
COMMAND: POST /session/b0367baf27973c5edc08b2b37b2bc6c3/element - {"using":"xpath","value":"(//span[contains(text(), \"Additional Addresses\")])[2]"}
RESULT: {"using":"xpath","value":"(//span[contains(text(), \"Additional Addresses\")])[2]"}
COMMAND: POST /session/b0367baf27973c5edc08b2b37b2bc6c3/element/f.9BFDF912BED0EE2DD1184AF57B04AD28.d.C51F4D61104BFAE2A6938DA8BD1F3379.e.9946/click - {}
RESULT: {}
COMMAND: GET /session/b0367baf27973c5edc08b2b37b2bc6c3/screenshot - {}
RESULT: {}
COMMAND: POST /session/b0367baf27973c5edc08b2b37b2bc6c3/element - {"using":"xpath","value":"//button[@data-kt=\"btnAddTableRowOverflowToolbarButton\"]"}
RESULT: {"using":"xpath","value":"//button[@data-kt=\"btnAddTableRowOverflowToolbarButton\"]"}
COMMAND: POST /session/b0367baf27973c5edc08b2b37b2bc6c3/element/f.9BFDF912BED0EE2DD1184AF57B04AD28.d.C51F4D61104BFAE2A6938DA8BD1F3379.e.9948/click - {}
RESULT: {}
COMMAND: GET /session/b0367baf27973c5edc08b2b37b2bc6c3/screenshot - {}
RESULT: {}
COMMAND: POST /session/b0367baf27973c5edc08b2b37b2bc6c3/element - {"using":"xpath","value":"//div[(text() = 'Standard Entry' or . = 'Standard Entry')]"}
RESULT: {"using":"xpath","value":"//div[(text() = 'Standard Entry' or . = 'Standard Entry')]"}
COMMAND: POST /session/b0367baf27973c5edc08b2b37b2bc6c3/element/f.9BFDF912BED0EE2DD1184AF57B04AD28.d.C51F4D61104BFAE2A6938DA8BD1F3379.e.9950/click - {}
RESULT: {}
COMMAND: POST /session/b0367baf27973c5edc08b2b37b2bc6c3/element - {"using":"xpath","value":"//td[6]/div/div/input[1]"}
COMMAND: GET /session/b0367baf27973c5edc08b2b37b2bc6c3/screenshot - {}
RESULT: {}
RESULT: {"using":"xpath","value":"//td[6]/div/div/input[1]"}
COMMAND: POST /session/b0367baf27973c5edc08b2b37b2bc6c3/element/f.9BFDF912BED0EE2DD1184AF57B04AD28.d.C51F4D61104BFAE2A6938DA8BD1F3379.e.9952/click - {}
RESULT: {}
COMMAND: POST /session/b0367baf27973c5edc08b2b37b2bc6c3/actions - {"actions":[{"id":"action22","type":"key","parameters":{},"actions":[{"type":"keyDown","value":"î€ƒ"},{"type":"pause","duration":10},{"type":"keyUp","value":"î€ƒ"}]}]}
COMMAND: GET /session/b0367baf27973c5edc08b2b37b2bc6c3/screenshot - {}
RESULT: {"actions":[{"id":"action22","type":"key","parameters":{},"actions":[{"type":"keyDown","value":"î€ƒ"},{"type":"pause","duration":10},{"type":"keyUp","value":"î€ƒ"}]}]}
COMMAND: POST /session/b0367baf27973c5edc08b2b37b2bc6c3/element - {"using":"xpath","value":"//td[6]/div/div/input[1]"}
COMMAND: GET /session/b0367baf27973c5edc08b2b37b2bc6c3/screenshot - {}
RESULT: {}
RESULT: {"using":"xpath","value":"//td[6]/div/div/input[1]"}
COMMAND: POST /session/b0367baf27973c5edc08b2b37b2bc6c3/element/f.9BFDF912BED0EE2DD1184AF57B04AD28.d.C51F4D61104BFAE2A6938DA8BD1F3379.e.9952/clear - {}
RESULT: {}
RESULT: {}
COMMAND: POST /session/b0367baf27973c5edc08b2b37b2bc6c3/element/f.9BFDF912BED0EE2DD1184AF57B04AD28.d.C51F4D61104BFAE2A6938DA8BD1F3379.e.9952/value - {"text":"Material"}
COMMAND: GET /session/b0367baf27973c5edc08b2b37b2bc6c3/screenshot - {}
RESULT: {"text":"Material"}
COMMAND: GET /session/b0367baf27973c5edc08b2b37b2bc6c3/screenshot - {}
RESULT: {}
RESULT: {}
COMMAND: POST /session/b0367baf27973c5edc08b2b37b2bc6c3/actions - {"actions":[{"id":"action23","type":"key","parameters":{},"actions":[{"type":"keyDown","value":"î€‡"},{"type":"pause","duration":10},{"type":"keyUp","value":"î€‡"}]}]}
RESULT: {"actions":[{"id":"action23","type":"key","parameters":{},"actions":[{"type":"keyDown","value":"î€‡"},{"type":"pause","duration":10},{"type":"keyUp","value":"î€‡"}]}]}
COMMAND: GET /session/b0367baf27973c5edc08b2b37b2bc6c3/screenshot - {}
RESULT: {}
COMMAND: POST /session/b0367baf27973c5edc08b2b37b2bc6c3/actions - {"actions":[{"id":"action24","type":"key","parameters":{},"actions":[{"type":"keyDown","value":"î€‡"},{"type":"pause","duration":10},{"type":"keyUp","value":"î€‡"}]}]}
RESULT: {"actions":[{"id":"action24","type":"key","parameters":{},"actions":[{"type":"keyDown","value":"î€‡"},{"type":"pause","duration":10},{"type":"keyUp","value":"î€‡"}]}]}
COMMAND: POST /session/b0367baf27973c5edc08b2b37b2bc6c3/element - {"using":"xpath","value":"//td[7]/div/div/input"}
COMMAND: GET /session/b0367baf27973c5edc08b2b37b2bc6c3/screenshot - {}
RESULT: {"using":"xpath","value":"//td[7]/div/div/input"}
COMMAND: POST /session/b0367baf27973c5edc08b2b37b2bc6c3/element/f.9BFDF912BED0EE2DD1184AF57B04AD28.d.C51F4D61104BFAE2A6938DA8BD1F3379.e.9965/clear - {}
RESULT: {}
RESULT: {}
COMMAND: POST /session/b0367baf27973c5edc08b2b37b2bc6c3/element/f.9BFDF912BED0EE2DD1184AF57B04AD28.d.C51F4D61104BFAE2A6938DA8BD1F3379.e.9965/value - {"text":"WebdriverRUR2Cdkhzd"}
COMMAND: GET /session/b0367baf27973c5edc08b2b37b2bc6c3/screenshot - {}
RESULT: {"text":"WebdriverRUR2Cdkhzd"}
COMMAND: GET /session/b0367baf27973c5edc08b2b37b2bc6c3/screenshot - {}
RESULT: {}
RESULT: {}
COMMAND: POST /session/b0367baf27973c5edc08b2b37b2bc6c3/actions - {"actions":[{"id":"action25","type":"key","parameters":{},"actions":[{"type":"keyDown","value":"î€‡"},{"type":"pause","duration":10},{"type":"keyUp","value":"î€‡"}]}]}
RESULT: {"actions":[{"id":"action25","type":"key","parameters":{},"actions":[{"type":"keyDown","value":"î€‡"},{"type":"pause","duration":10},{"type":"keyUp","value":"î€‡"}]}]}
COMMAND: GET /session/b0367baf27973c5edc08b2b37b2bc6c3/screenshot - {}
COMMAND: POST /session/b0367baf27973c5edc08b2b37b2bc6c3/actions - {"actions":[{"id":"action26","type":"key","parameters":{},"actions":[{"type":"keyDown","value":"î€‡"},{"type":"pause","duration":10},{"type":"keyUp","value":"î€‡"}]}]}
RESULT: {}
RESULT: {"actions":[{"id":"action26","type":"key","parameters":{},"actions":[{"type":"keyDown","value":"î€‡"},{"type":"pause","duration":10},{"type":"keyUp","value":"î€‡"}]}]}
COMMAND: GET /session/b0367baf27973c5edc08b2b37b2bc6c3/screenshot - {}
RESULT: {}
COMMAND: POST /session/b0367baf27973c5edc08b2b37b2bc6c3/element - {"using":"xpath","value":"(//button[@data-kt=\"saveButton\"])[2]"}
RESULT: {"using":"xpath","value":"(//button[@data-kt=\"saveButton\"])[2]"}
COMMAND: POST /session/b0367baf27973c5edc08b2b37b2bc6c3/element/f.9BFDF912BED0EE2DD1184AF57B04AD28.d.C51F4D61104BFAE2A6938DA8BD1F3379.e.9988/click - {}
RESULT: {}
COMMAND: GET /session/b0367baf27973c5edc08b2b37b2bc6c3/screenshot - {}
RESULT: {}
]]></system-out>
    </testcase>
    <testcase classname="chrome.135_0_7049_96.windows.E2E_-_Logistical_and_commercial_statuses" name="It should follow the handover steps to the status fully provided" time="410.45">
      <system-out><![CDATA[
COMMAND: POST /session/b0367baf27973c5edc08b2b37b2bc6c3/execute/async - {"script":"<script> [1562 bytes]","args":[{"selector":{"id":"contractDetailProvideButton","viewName":"etm.portal.ui.managecontracts.view.Detail","interaction":{"idSuffix":"BDI-content"}},"wdio_ui5_key":"contractDetailProvideButtonetmportal.ui.managecontracts.view.Detail"}]}
RESULT: {"script":"<script> [1562 bytes]","args":[{"selector":{"id":"contractDetailProvideButton","viewName":"etm.portal.ui.managecontracts.view.Detail","interaction":{"idSuffix":"BDI-content"}},"wdio_ui5_key":"contractDetailProvideButtonetmportal.ui.managecontracts.view.Detail"}]}
RESULT: undefined
COMMAND: POST /session/b0367baf27973c5edc08b2b37b2bc6c3/element - {"using":"xpath","value":"//*[@id=\"__xmlview61--contractDetailProvideButton\"]"}
RESULT: {"using":"xpath","value":"//*[@id=\"__xmlview61--contractDetailProvideButton\"]"}
COMMAND: POST /session/b0367baf27973c5edc08b2b37b2bc6c3/element/f.9BFDF912BED0EE2DD1184AF57B04AD28.d.C51F4D61104BFAE2A6938DA8BD1F3379.e.9993/click - {}
RESULT: {}
COMMAND: GET /session/b0367baf27973c5edc08b2b37b2bc6c3/screenshot - {}
RESULT: {}
COMMAND: POST /session/b0367baf27973c5edc08b2b37b2bc6c3/execute/async - {"script":"<script> [1562 bytes]","args":[{"selector":{"id":"application-managehandovers-display-component---AddNewHO--oneStep","interaction":{"idSuffix":"CbBg"}},"wdio_ui5_key":"applicationmanagehandovers-display-component---AddNewHO--oneStep"}]}
RESULT: {"script":"<script> [1562 bytes]","args":[{"selector":{"id":"application-managehandovers-display-component---AddNewHO--oneStep","interaction":{"idSuffix":"CbBg"}},"wdio_ui5_key":"applicationmanagehandovers-display-component---AddNewHO--oneStep"}]}
RESULT: undefined
COMMAND: POST /session/b0367baf27973c5edc08b2b37b2bc6c3/element - {"using":"xpath","value":"//*[@id=\"application-managehandovers-display-component---AddNewHO--oneStep\"]"}
RESULT: {"using":"xpath","value":"//*[@id=\"application-managehandovers-display-component---AddNewHO--oneStep\"]"}
COMMAND: POST /session/b0367baf27973c5edc08b2b37b2bc6c3/element/f.9BFDF912BED0EE2DD1184AF57B04AD28.d.C51F4D61104BFAE2A6938DA8BD1F3379.e.10165/click - {}
RESULT: {}
RESULT: undefined
COMMAND: POST /session/b0367baf27973c5edc08b2b37b2bc6c3/execute/async - {"script":"<script> [776 bytes]","args":[{"enterText":"04/27/25","selector":{"id":"application-managehandovers-display-component---AddNewHO--dueDate","interaction":{"idSuffix":"inner"}},"clearTextFirst":true,"interactionType":"ENTER_TEXT"}]}
COMMAND: GET /session/b0367baf27973c5edc08b2b37b2bc6c3/screenshot - {}
RESULT: {"script":"<script> [776 bytes]","args":[{"enterText":"04/27/25","selector":{"id":"application-managehandovers-display-component---AddNewHO--dueDate","interaction":{"idSuffix":"inner"}},"clearTextFirst":true,"interactionType":"ENTER_TEXT"}]}
RESULT: undefined
COMMAND: POST /session/b0367baf27973c5edc08b2b37b2bc6c3/element - {"using":"xpath","value":"//*[@id=\"application-managehandovers-display-component---AddNewHO--ObjectPageLayout-anchBar-application-managehandovers-display-component---AddNewHO--section4-anchor\"]"}
RESULT: {}
RESULT: {"using":"xpath","value":"//*[@id=\"application-managehandovers-display-component---AddNewHO--ObjectPageLayout-anchBar-application-managehandovers-display-component---AddNewHO--section4-anchor\"]"}
COMMAND: POST /session/b0367baf27973c5edc08b2b37b2bc6c3/element/f.9BFDF912BED0EE2DD1184AF57B04AD28.d.C51F4D61104BFAE2A6938DA8BD1F3379.e.10166/click - {}
RESULT: {}
COMMAND: POST /session/b0367baf27973c5edc08b2b37b2bc6c3/execute/async - {"script":"<script> [1562 bytes]","args":[{"selector":{"controlType":"sap.ui.core.Icon","viewName":"etm.portal.ui.managehandovers.view.AddNewHO","viewId":"application-managehandovers-display-component---AddNewHO","properties":{"src":{"regex":{"source":"add"}}}},"wdio_ui5_key":"etmportal.ui.managehandovers.view.AddNewHOsap.ui.core.Icon{\"src\":{\"regex\":{\"source\":\"add\"}}}"}]}
COMMAND: GET /session/b0367baf27973c5edc08b2b37b2bc6c3/screenshot - {}
RESULT: {"script":"<script> [1562 bytes]","args":[{"selector":{"controlType":"sap.ui.core.Icon","viewName":"etm.portal.ui.managehandovers.view.AddNewHO","viewId":"application-managehandovers-display-component---AddNewHO","properties":{"src":{"regex":{"source":"add"}}}},"wdio_ui5_key":"etmportal.ui.managehandovers.view.AddNewHOsap.ui.core.Icon{\"src\":{\"regex\":{\"source\":\"add\"}}}"}]}
RESULT: undefined
COMMAND: POST /session/b0367baf27973c5edc08b2b37b2bc6c3/element - {"using":"xpath","value":"//*[@id=\"__button172-img\"]"}
RESULT: {}
RESULT: {"using":"xpath","value":"//*[@id=\"__button172-img\"]"}
COMMAND: POST /session/b0367baf27973c5edc08b2b37b2bc6c3/element/f.9BFDF912BED0EE2DD1184AF57B04AD28.d.C51F4D61104BFAE2A6938DA8BD1F3379.e.10170/click - {}
RESULT: {}
COMMAND: GET /session/b0367baf27973c5edc08b2b37b2bc6c3/screenshot - {}
RESULT: {}
RESULT: undefined
COMMAND: POST /session/b0367baf27973c5edc08b2b37b2bc6c3/element - {"using":"xpath","value":"//*[@id=\"application-managehandovers-display-component---AddNewHO--popup-sa\"]"}
RESULT: {"using":"xpath","value":"//*[@id=\"application-managehandovers-display-component---AddNewHO--popup-sa\"]"}
COMMAND: POST /session/b0367baf27973c5edc08b2b37b2bc6c3/element/f.9BFDF912BED0EE2DD1184AF57B04AD28.d.C51F4D61104BFAE2A6938DA8BD1F3379.e.10185/click - {}
RESULT: {}
COMMAND: POST /session/b0367baf27973c5edc08b2b37b2bc6c3/execute/async - {"script":"<script> [1562 bytes]","args":[{"selector":{"controlType":"sap.m.Button","viewName":"etm.portal.ui.managehandovers.view.AddNewHO","viewId":"application-managehandovers-display-component---AddNewHO","i18NText":{"propertyName":"text","key":"select"},"searchOpenDialogs":true,"interaction":{"idSuffix":"inner"}},"wdio_ui5_key":"etmportal.ui.managehandovers.view.AddNewHOsap.m.Button{\"propertyName\":\"text\",\"key\":\"select\"}"}]}
COMMAND: GET /session/b0367baf27973c5edc08b2b37b2bc6c3/screenshot - {}
RESULT: {"script":"<script> [1562 bytes]","args":[{"selector":{"controlType":"sap.m.Button","viewName":"etm.portal.ui.managehandovers.view.AddNewHO","viewId":"application-managehandovers-display-component---AddNewHO","i18NText":{"propertyName":"text","key":"select"},"searchOpenDialogs":true,"interaction":{"idSuffix":"inner"}},"wdio_ui5_key":"etmportal.ui.managehandovers.view.AddNewHOsap.m.Button{\"propertyName\":\"text\",\"key\":\"select\"}"}]}
RESULT: undefined
COMMAND: POST /session/b0367baf27973c5edc08b2b37b2bc6c3/element - {"using":"xpath","value":"//*[@id=\"__button176\"]"}
RESULT: {}
RESULT: {"using":"xpath","value":"//*[@id=\"__button176\"]"}
COMMAND: POST /session/b0367baf27973c5edc08b2b37b2bc6c3/element/f.9BFDF912BED0EE2DD1184AF57B04AD28.d.C51F4D61104BFAE2A6938DA8BD1F3379.e.10187/click - {}
RESULT: {}
COMMAND: POST /session/b0367baf27973c5edc08b2b37b2bc6c3/execute/async - {"script":"<script> [1562 bytes]","args":[{"selector":{"id":"application-managehandovers-display-component---AddNewHO--confirmCreationButton","interaction":{"idSuffix":"BDI-content"}},"wdio_ui5_key":"applicationmanagehandovers-display-component---AddNewHO--confirmCreationButton"}]}
COMMAND: GET /session/b0367baf27973c5edc08b2b37b2bc6c3/screenshot - {}
RESULT: {"script":"<script> [1562 bytes]","args":[{"selector":{"id":"application-managehandovers-display-component---AddNewHO--confirmCreationButton","interaction":{"idSuffix":"BDI-content"}},"wdio_ui5_key":"applicationmanagehandovers-display-component---AddNewHO--confirmCreationButton"}]}
RESULT: undefined
COMMAND: POST /session/b0367baf27973c5edc08b2b37b2bc6c3/element - {"using":"xpath","value":"//*[@id=\"application-managehandovers-display-component---AddNewHO--confirmCreationButton\"]"}
RESULT: {}
RESULT: {"using":"xpath","value":"//*[@id=\"application-managehandovers-display-component---AddNewHO--confirmCreationButton\"]"}
COMMAND: POST /session/b0367baf27973c5edc08b2b37b2bc6c3/element/f.9BFDF912BED0EE2DD1184AF57B04AD28.d.C51F4D61104BFAE2A6938DA8BD1F3379.e.10117/click - {}
RESULT: {}
COMMAND: GET /session/b0367baf27973c5edc08b2b37b2bc6c3/screenshot - {}
RESULT: {}
COMMAND: POST /session/b0367baf27973c5edc08b2b37b2bc6c3/element - {"using":"xpath","value":"//a[contains(@data-kt ,\"GeneralSectionReceiveContracttLink\")]"}
RESULT: {"using":"xpath","value":"//a[contains(@data-kt ,\"GeneralSectionReceiveContracttLink\")]"}
COMMAND: POST /session/b0367baf27973c5edc08b2b37b2bc6c3/element/f.9BFDF912BED0EE2DD1184AF57B04AD28.d.C51F4D61104BFAE2A6938DA8BD1F3379.e.10222/click - {}
RESULT: {}
COMMAND: GET /session/b0367baf27973c5edc08b2b37b2bc6c3/screenshot - {}
RESULT: {}
COMMAND: POST /session/b0367baf27973c5edc08b2b37b2bc6c3/element - {"using":"xpath","value":"//a[contains(@data-kt ,\"ContextMenuId2Link\")]"}
RESULT: {"using":"xpath","value":"//a[contains(@data-kt ,\"ContextMenuId2Link\")]"}
COMMAND: POST /session/b0367baf27973c5edc08b2b37b2bc6c3/element/f.9BFDF912BED0EE2DD1184AF57B04AD28.d.C51F4D61104BFAE2A6938DA8BD1F3379.e.10243/click - {}
RESULT: {}
COMMAND: GET /session/b0367baf27973c5edc08b2b37b2bc6c3/screenshot - {}
RESULT: {}
COMMAND: POST /session/b0367baf27973c5edc08b2b37b2bc6c3/execute/async - {"script":"<script> [1562 bytes]","args":[{"selector":{"controlType":"sap.m.ObjectStatus","viewName":"etm.portal.ui.managecontracts.view.Detail","bindingPath":{"propertyPath":"LINK_TO_LOGISTICAL_STATUS/DESCRIPTION","modelName":"catalogModel"}},"wdio_ui5_key":"etmportal.ui.managecontracts.view.Detailsap.m.ObjectStatus{\"propertyPath\":\"LINK_TO_LOGISTICAL_STATUS/DESCRIPTION\",\"modelName\":\"catalogModel\"}"}]}
RESULT: {"script":"<script> [1562 bytes]","args":[{"selector":{"controlType":"sap.m.ObjectStatus","viewName":"etm.portal.ui.managecontracts.view.Detail","bindingPath":{"propertyPath":"LINK_TO_LOGISTICAL_STATUS/DESCRIPTION","modelName":"catalogModel"}},"wdio_ui5_key":"etmportal.ui.managecontracts.view.Detailsap.m.ObjectStatus{\"propertyPath\":\"LINK_TO_LOGISTICAL_STATUS/DESCRIPTION\",\"modelName\":\"catalogModel\"}"}]}
RESULT: undefined
COMMAND: POST /session/b0367baf27973c5edc08b2b37b2bc6c3/execute/async - {"script":"<script> [6424 bytes]","args":[{"element-6066-11e4-a52e-4f735466cecf":"f.9BFDF912BED0EE2DD1184AF57B04AD28.d.C51F4D61104BFAE2A6938DA8BD1F3379.e.10459"},"getText",[]]}
RESULT: {"script":"<script> [6424 bytes]","args":[{"element-6066-11e4-a52e-4f735466cecf":"f.9BFDF912BED0EE2DD1184AF57B04AD28.d.C51F4D61104BFAE2A6938DA8BD1F3379.e.10459"},"getText",[]]}
COMMAND: POST /session/b0367baf27973c5edc08b2b37b2bc6c3/execute/async - {"script":"<script> [1562 bytes]","args":[{"selector":{"controlType":"sap.m.ObjectStatus","viewName":"etm.portal.ui.managecontracts.view.Detail","bindingPath":{"propertyPath":"LINK_TO_COMMERCIAL_STATUS/DESCRIPTION","modelName":"catalogModel"}},"wdio_ui5_key":"etmportal.ui.managecontracts.view.Detailsap.m.ObjectStatus{\"propertyPath\":\"LINK_TO_COMMERCIAL_STATUS/DESCRIPTION\",\"modelName\":\"catalogModel\"}"}]}
RESULT: {"script":"<script> [1562 bytes]","args":[{"selector":{"controlType":"sap.m.ObjectStatus","viewName":"etm.portal.ui.managecontracts.view.Detail","bindingPath":{"propertyPath":"LINK_TO_COMMERCIAL_STATUS/DESCRIPTION","modelName":"catalogModel"}},"wdio_ui5_key":"etmportal.ui.managecontracts.view.Detailsap.m.ObjectStatus{\"propertyPath\":\"LINK_TO_COMMERCIAL_STATUS/DESCRIPTION\",\"modelName\":\"catalogModel\"}"}]}
RESULT: undefined
COMMAND: POST /session/b0367baf27973c5edc08b2b37b2bc6c3/execute/async - {"script":"<script> [6424 bytes]","args":[{"element-6066-11e4-a52e-4f735466cecf":"f.9BFDF912BED0EE2DD1184AF57B04AD28.d.C51F4D61104BFAE2A6938DA8BD1F3379.e.10460"},"getText",[]]}
RESULT: {"script":"<script> [6424 bytes]","args":[{"element-6066-11e4-a52e-4f735466cecf":"f.9BFDF912BED0EE2DD1184AF57B04AD28.d.C51F4D61104BFAE2A6938DA8BD1F3379.e.10460"},"getText",[]]}
COMMAND: POST /session/b0367baf27973c5edc08b2b37b2bc6c3/execute/async - {"script":"<script> [1562 bytes]","args":[{"selector":{"id":"backBtn"},"wdio_ui5_key":"backBtn"}]}
RESULT: {"script":"<script> [1562 bytes]","args":[{"selector":{"id":"backBtn"},"wdio_ui5_key":"backBtn"}]}
RESULT: undefined
COMMAND: POST /session/b0367baf27973c5edc08b2b37b2bc6c3/element - {"using":"xpath","value":"//*[@id=\"backBtn\"]"}
RESULT: {"using":"xpath","value":"//*[@id=\"backBtn\"]"}
COMMAND: POST /session/b0367baf27973c5edc08b2b37b2bc6c3/element/f.9BFDF912BED0EE2DD1184AF57B04AD28.d.C51F4D61104BFAE2A6938DA8BD1F3379.e.10461/click - {}
RESULT: {}
COMMAND: GET /session/b0367baf27973c5edc08b2b37b2bc6c3/screenshot - {}
COMMAND: POST /session/b0367baf27973c5edc08b2b37b2bc6c3/execute/async - {"script":"<script> [1562 bytes]","args":[{"selector":{"controlType":"sap.m.Text","viewName":"etm.portal.ui.managehandovers.view.DetailExecuteHO","bindingPath":{"propertyPath":"NO","modelName":"catalogModel"}},"wdio_ui5_key":"etmportal.ui.managehandovers.view.DetailExecuteHOsap.m.Text{\"propertyPath\":\"NO\",\"modelName\":\"catalogModel\"}"}]}
RESULT: {}
RESULT: {"script":"<script> [1562 bytes]","args":[{"selector":{"controlType":"sap.m.Text","viewName":"etm.portal.ui.managehandovers.view.DetailExecuteHO","bindingPath":{"propertyPath":"NO","modelName":"catalogModel"}},"wdio_ui5_key":"etmportal.ui.managehandovers.view.DetailExecuteHOsap.m.Text{\"propertyPath\":\"NO\",\"modelName\":\"catalogModel\"}"}]}
RESULT: undefined
COMMAND: POST /session/b0367baf27973c5edc08b2b37b2bc6c3/execute/async - {"script":"<script> [6424 bytes]","args":[{"element-6066-11e4-a52e-4f735466cecf":"f.9BFDF912BED0EE2DD1184AF57B04AD28.d.C51F4D61104BFAE2A6938DA8BD1F3379.e.10602"},"getText",[]]}
RESULT: {"script":"<script> [6424 bytes]","args":[{"element-6066-11e4-a52e-4f735466cecf":"f.9BFDF912BED0EE2DD1184AF57B04AD28.d.C51F4D61104BFAE2A6938DA8BD1F3379.e.10602"},"getText",[]]}
COMMAND: POST /session/b0367baf27973c5edc08b2b37b2bc6c3/execute/async - {"script":"<script> [1562 bytes]","args":[{"selector":{"controlType":"sap.m.Button","viewName":"etm.portal.ui.managehandovers.view.DetailExecuteHO","i18NText":{"propertyName":"text","key":"confirmAll"},"interaction":{"idSuffix":"inner"}},"wdio_ui5_key":"etmportal.ui.managehandovers.view.DetailExecuteHOsap.m.Button{\"propertyName\":\"text\",\"key\":\"confirmAll\"}"}]}
RESULT: {"script":"<script> [1562 bytes]","args":[{"selector":{"controlType":"sap.m.Button","viewName":"etm.portal.ui.managehandovers.view.DetailExecuteHO","i18NText":{"propertyName":"text","key":"confirmAll"},"interaction":{"idSuffix":"inner"}},"wdio_ui5_key":"etmportal.ui.managehandovers.view.DetailExecuteHOsap.m.Button{\"propertyName\":\"text\",\"key\":\"confirmAll\"}"}]}
RESULT: undefined
COMMAND: POST /session/b0367baf27973c5edc08b2b37b2bc6c3/element - {"using":"xpath","value":"//*[@id=\"__button259\"]"}
RESULT: {"using":"xpath","value":"//*[@id=\"__button259\"]"}
COMMAND: POST /session/b0367baf27973c5edc08b2b37b2bc6c3/element/f.9BFDF912BED0EE2DD1184AF57B04AD28.d.C51F4D61104BFAE2A6938DA8BD1F3379.e.10604/click - {}
RESULT: {}
COMMAND: GET /session/b0367baf27973c5edc08b2b37b2bc6c3/screenshot - {}
RESULT: {}
COMMAND: POST /session/b0367baf27973c5edc08b2b37b2bc6c3/execute/async - {"script":"<script> [1562 bytes]","args":[{"selector":{"controlType":"sap.m.Button","properties":{"text":"OK"},"searchOpenDialogs":true,"interaction":{"idSuffix":"content"}},"wdio_ui5_key":"sapm.Button{\"text\":\"OK\"}"}]}
RESULT: {"script":"<script> [1562 bytes]","args":[{"selector":{"controlType":"sap.m.Button","properties":{"text":"OK"},"searchOpenDialogs":true,"interaction":{"idSuffix":"content"}},"wdio_ui5_key":"sapm.Button{\"text\":\"OK\"}"}]}
RESULT: undefined
COMMAND: POST /session/b0367baf27973c5edc08b2b37b2bc6c3/element - {"using":"xpath","value":"//*[@id=\"__mbox-btn-2\"]"}
RESULT: {"using":"xpath","value":"//*[@id=\"__mbox-btn-2\"]"}
COMMAND: POST /session/b0367baf27973c5edc08b2b37b2bc6c3/element/f.9BFDF912BED0EE2DD1184AF57B04AD28.d.C51F4D61104BFAE2A6938DA8BD1F3379.e.10606/click - {}
RESULT: {}
COMMAND: GET /session/b0367baf27973c5edc08b2b37b2bc6c3/screenshot - {}
RESULT: {}
COMMAND: POST /session/b0367baf27973c5edc08b2b37b2bc6c3/element - {"using":"xpath","value":"//button[contains(@data-kt ,\"execHoPickFooterButton\")]"}
RESULT: {"using":"xpath","value":"//button[contains(@data-kt ,\"execHoPickFooterButton\")]"}
COMMAND: POST /session/b0367baf27973c5edc08b2b37b2bc6c3/element/f.9BFDF912BED0EE2DD1184AF57B04AD28.d.C51F4D61104BFAE2A6938DA8BD1F3379.e.10609/click - {}
RESULT: {}
COMMAND: GET /session/b0367baf27973c5edc08b2b37b2bc6c3/screenshot - {}
RESULT: {}
COMMAND: POST /session/b0367baf27973c5edc08b2b37b2bc6c3/refresh - {}
RESULT: {}
COMMAND: GET /session/b0367baf27973c5edc08b2b37b2bc6c3/screenshot - {}
RESULT: {}
COMMAND: POST /session/b0367baf27973c5edc08b2b37b2bc6c3/refresh - {}
RESULT: {}
COMMAND: GET /session/b0367baf27973c5edc08b2b37b2bc6c3/screenshot - {}
RESULT: {}
COMMAND: POST /session/b0367baf27973c5edc08b2b37b2bc6c3/window/fullscreen - {}
RESULT: {}
COMMAND: POST /session/b0367baf27973c5edc08b2b37b2bc6c3/execute/async - {"script":"<script> [189 bytes]","args":[]}
RESULT: {"script":"<script> [189 bytes]","args":[]}
COMMAND: POST /session/b0367baf27973c5edc08b2b37b2bc6c3/execute/async - {"script":"<script> [123 bytes]","args":[]}
RESULT: {"script":"<script> [123 bytes]","args":[]}
COMMAND: POST /session/b0367baf27973c5edc08b2b37b2bc6c3/timeouts - {"script":"<number>"}
RESULT: {"script":"<number>"}
COMMAND: GET /session/b0367baf27973c5edc08b2b37b2bc6c3/timeouts - {}
RESULT: {}
RESULT: undefined
COMMAND: POST /session/b0367baf27973c5edc08b2b37b2bc6c3/execute/async - {"script":"<script> [2676 bytes]","args":[]}
RESULT: {"script":"<script> [2676 bytes]","args":[]}
COMMAND: POST /session/b0367baf27973c5edc08b2b37b2bc6c3/execute/async - {"script":"<script> [2342 bytes]","args":[{"protocol":"http","hostname":"0.0.0.0","path":"/","capabilities":{"browserName":"chrome","goog:chromeOptions":{"binary":"C:\\Program Files\\Google\\Chrome\\Application\\chrome.exe","args":["--start-maximized"]}},"logLevel":"warn","connectionRetryTimeout":120000,"connectionRetryCount":3,"logLevels":{},"enableDirectConnect":true,"strictSSL":true,"_":"65 more keys: [\"cacheDir\",\"port\",\"requestedCapabilities\",\"automationProtocol\",\"baseUrl\",\"waitforInterval\",\"waitforTimeout\",\"onReload\",\"beforeCommand\",\"afterCommand\",\"rootDir\",\"specs\",\"suites\",\"exclude\",\"groupLogsByTestSpec\",\"excludeDriverLogs\",\"bail\",\"framework\",\"reporters\",\"services\",\"maxInstances\",\"maxInstancesPerCapability\",\"injectGlobals\",\"filesToWatch\",\"execArgv\",\"runnerEnv\",\"runner\",\"shard\",\"specFileRetries\",\"specFileRetriesDelay\",\"specFileRetriesDeferred\",\"reporterSyncInterval\",\"reporterSyncTimeout\",\"cucumberFeaturesWithLineNumbers\",\"autoCompileOpts\",\"mochaOpts\",\"jasmineOpts\",\"cucumberOpts\",\"onPrepare\",\"onWorkerStart\",\"onWorkerEnd\",\"before\",\"beforeSession\",\"beforeSuite\",\"beforeHook\",\"beforeTest\",\"afterTest\",\"afterHook\",\"afterSuite\",\"afterSession\",\"after\",\"onComplete\",\"beforeAssertion\",\"afterAssertion\",\"beforeFeature\",\"beforeScenario\",\"beforeStep\",\"afterStep\",\"afterScenario\",\"afterFeature\",\"_\",\"suite\",\"$0\",\"ignoredWorkerServices\",\"wdi5\"]"}]}
RESULT: {"script":"<script> [2342 bytes]","args":[{"protocol":"http","hostname":"0.0.0.0","path":"/","capabilities":{"browserName":"chrome","goog:chromeOptions":{"binary":"C:\\Program Files\\Google\\Chrome\\Application\\chrome.exe","args":["--start-maximized"]}},"logLevel":"warn","connectionRetryTimeout":120000,"connectionRetryCount":3,"logLevels":{},"enableDirectConnect":true,"strictSSL":true,"_":"65 more keys: [\"cacheDir\",\"port\",\"requestedCapabilities\",\"automationProtocol\",\"baseUrl\",\"waitforInterval\",\"waitforTimeout\",\"onReload\",\"beforeCommand\",\"afterCommand\",\"rootDir\",\"specs\",\"suites\",\"exclude\",\"groupLogsByTestSpec\",\"excludeDriverLogs\",\"bail\",\"framework\",\"reporters\",\"services\",\"maxInstances\",\"maxInstancesPerCapability\",\"injectGlobals\",\"filesToWatch\",\"execArgv\",\"runnerEnv\",\"runner\",\"shard\",\"specFileRetries\",\"specFileRetriesDelay\",\"specFileRetriesDeferred\",\"reporterSyncInterval\",\"reporterSyncTimeout\",\"cucumberFeaturesWithLineNumbers\",\"autoCompileOpts\",\"mochaOpts\",\"jasmineOpts\",\"cucumberOpts\",\"onPrepare\",\"onWorkerStart\",\"onWorkerEnd\",\"before\",\"beforeSession\",\"beforeSuite\",\"beforeHook\",\"beforeTest\",\"afterTest\",\"afterHook\",\"afterSuite\",\"afterSession\",\"after\",\"onComplete\",\"beforeAssertion\",\"afterAssertion\",\"beforeFeature\",\"beforeScenario\",\"beforeStep\",\"afterStep\",\"afterScenario\",\"afterFeature\",\"_\",\"suite\",\"$0\",\"ignoredWorkerServices\",\"wdi5\"]"}]}
COMMAND: POST /session/b0367baf27973c5edc08b2b37b2bc6c3/execute/async - {"script":"<script> [21126 bytes]","args":[35000]}
RESULT: {"script":"<script> [21126 bytes]","args":[35000]}
COMMAND: POST /session/b0367baf27973c5edc08b2b37b2bc6c3/execute/async - {"script":"<script> [1562 bytes]","args":[{"selector":{"controlType":"sap.m.SearchField","viewName":"etm.portal.ui.managehandovers.view.MasterHO","bindingPath":{"path":"","propertyPath":"/_BASIC_SEARCH_FIELD","modelName":"fi1t3rM0d31"},"interaction":{"idSuffix":"I"}},"wdio_ui5_key":"etmportal.ui.managehandovers.view.MasterHOsap.m.SearchField{\"path\":\"\",\"propertyPath\":\"/_BASIC_SEARCH_FIELD\",\"modelName\":\"fi1t3rM0d31\"}"}]}
RESULT: {"script":"<script> [1562 bytes]","args":[{"selector":{"controlType":"sap.m.SearchField","viewName":"etm.portal.ui.managehandovers.view.MasterHO","bindingPath":{"path":"","propertyPath":"/_BASIC_SEARCH_FIELD","modelName":"fi1t3rM0d31"},"interaction":{"idSuffix":"I"}},"wdio_ui5_key":"etmportal.ui.managehandovers.view.MasterHOsap.m.SearchField{\"path\":\"\",\"propertyPath\":\"/_BASIC_SEARCH_FIELD\",\"modelName\":\"fi1t3rM0d31\"}"}]}
RESULT: undefined
COMMAND: POST /session/b0367baf27973c5edc08b2b37b2bc6c3/execute/async - {"script":"<script> [776 bytes]","args":[{"enterText":"30340","selector":{"controlType":"sap.m.SearchField","viewName":"etm.portal.ui.managehandovers.view.MasterHO","bindingPath":{"path":"","propertyPath":"/_BASIC_SEARCH_FIELD","modelName":"fi1t3rM0d31"},"interaction":{"idSuffix":"I"}},"clearTextFirst":true,"interactionType":"ENTER_TEXT"}]}
RESULT: {"script":"<script> [776 bytes]","args":[{"enterText":"30340","selector":{"controlType":"sap.m.SearchField","viewName":"etm.portal.ui.managehandovers.view.MasterHO","bindingPath":{"path":"","propertyPath":"/_BASIC_SEARCH_FIELD","modelName":"fi1t3rM0d31"},"interaction":{"idSuffix":"I"}},"clearTextFirst":true,"interactionType":"ENTER_TEXT"}]}
COMMAND: POST /session/b0367baf27973c5edc08b2b37b2bc6c3/actions - {"actions":[{"id":"action27","type":"key","parameters":{},"actions":[{"type":"keyDown","value":"î€‡"},{"type":"pause","duration":10},{"type":"keyUp","value":"î€‡"}]}]}
RESULT: {"actions":[{"id":"action27","type":"key","parameters":{},"actions":[{"type":"keyDown","value":"î€‡"},{"type":"pause","duration":10},{"type":"keyUp","value":"î€‡"}]}]}
COMMAND: GET /session/b0367baf27973c5edc08b2b37b2bc6c3/screenshot - {}
RESULT: {}
COMMAND: POST /session/b0367baf27973c5edc08b2b37b2bc6c3/execute/async - {"script":"<script> [1562 bytes]","args":[{"selector":{"controlType":"sap.m.Title","viewName":"etm.portal.ui.managehandovers.view.MasterHO","properties":{"text":"Records (1)"}},"wdio_ui5_key":"etmportal.ui.managehandovers.view.MasterHOsap.m.Title{\"text\":\"Records (1)\"}"}]}
RESULT: {"script":"<script> [1562 bytes]","args":[{"selector":{"controlType":"sap.m.Title","viewName":"etm.portal.ui.managehandovers.view.MasterHO","properties":{"text":"Records (1)"}},"wdio_ui5_key":"etmportal.ui.managehandovers.view.MasterHOsap.m.Title{\"text\":\"Records (1)\"}"}]}
RESULT: undefined
COMMAND: POST /session/b0367baf27973c5edc08b2b37b2bc6c3/execute/async - {"script":"<script> [6424 bytes]","args":[{"element-6066-11e4-a52e-4f735466cecf":"f.9BFDF912BED0EE2DD1184AF57B04AD28.d.B79D9B59C694C94BEAE25258FC68C1C2.e.10963"},"getText",[]]}
RESULT: {"script":"<script> [6424 bytes]","args":[{"element-6066-11e4-a52e-4f735466cecf":"f.9BFDF912BED0EE2DD1184AF57B04AD28.d.B79D9B59C694C94BEAE25258FC68C1C2.e.10963"},"getText",[]]}
COMMAND: POST /session/b0367baf27973c5edc08b2b37b2bc6c3/execute/async - {"script":"<script> [1562 bytes]","args":[{"selector":{"controlType":"sap.ui.core.Icon","viewName":"etm.portal.ui.managehandovers.view.MasterHO","properties":{"src":{"regex":{"source":"slim\\-arrow\\-right"}}}},"wdio_ui5_key":"etmportal.ui.managehandovers.view.MasterHOsap.ui.core.Icon{\"src\":{\"regex\":{\"source\":\"slim\\\\-arrow\\\\-right\"}}}"}]}
RESULT: {"script":"<script> [1562 bytes]","args":[{"selector":{"controlType":"sap.ui.core.Icon","viewName":"etm.portal.ui.managehandovers.view.MasterHO","properties":{"src":{"regex":{"source":"slim\\-arrow\\-right"}}}},"wdio_ui5_key":"etmportal.ui.managehandovers.view.MasterHOsap.ui.core.Icon{\"src\":{\"regex\":{\"source\":\"slim\\\\-arrow\\\\-right\"}}}"}]}
RESULT: undefined
COMMAND: POST /session/b0367baf27973c5edc08b2b37b2bc6c3/element - {"using":"xpath","value":"//*[@id=\"__item32-__clone16-imgNav\"]"}
RESULT: {"using":"xpath","value":"//*[@id=\"__item32-__clone16-imgNav\"]"}
COMMAND: POST /session/b0367baf27973c5edc08b2b37b2bc6c3/element/f.9BFDF912BED0EE2DD1184AF57B04AD28.d.B79D9B59C694C94BEAE25258FC68C1C2.e.10961/click - {}
RESULT: {}
COMMAND: GET /session/b0367baf27973c5edc08b2b37b2bc6c3/screenshot - {}
RESULT: {}
COMMAND: POST /session/b0367baf27973c5edc08b2b37b2bc6c3/element - {"using":"xpath","value":"//a[contains(@data-kt ,\"GeneralSectionReceiveContracttLink\")]"}
RESULT: {"using":"xpath","value":"//a[contains(@data-kt ,\"GeneralSectionReceiveContracttLink\")]"}
COMMAND: POST /session/b0367baf27973c5edc08b2b37b2bc6c3/element/f.9BFDF912BED0EE2DD1184AF57B04AD28.d.B79D9B59C694C94BEAE25258FC68C1C2.e.11066/click - {}
RESULT: {}
COMMAND: GET /session/b0367baf27973c5edc08b2b37b2bc6c3/screenshot - {}
RESULT: {}
COMMAND: POST /session/b0367baf27973c5edc08b2b37b2bc6c3/element - {"using":"xpath","value":"//a[contains(@data-kt ,\"ContextMenuId2Link\")]"}
RESULT: {"using":"xpath","value":"//a[contains(@data-kt ,\"ContextMenuId2Link\")]"}
COMMAND: POST /session/b0367baf27973c5edc08b2b37b2bc6c3/element/f.9BFDF912BED0EE2DD1184AF57B04AD28.d.B79D9B59C694C94BEAE25258FC68C1C2.e.11071/click - {}
RESULT: {}
COMMAND: GET /session/b0367baf27973c5edc08b2b37b2bc6c3/screenshot - {}
RESULT: {}
COMMAND: POST /session/b0367baf27973c5edc08b2b37b2bc6c3/execute/async - {"script":"<script> [1562 bytes]","args":[{"selector":{"controlType":"sap.m.ObjectStatus","viewName":"etm.portal.ui.managecontracts.view.Detail","bindingPath":{"propertyPath":"LINK_TO_LOGISTICAL_STATUS/DESCRIPTION","modelName":"catalogModel"}},"wdio_ui5_key":"etmportal.ui.managecontracts.view.Detailsap.m.ObjectStatus{\"propertyPath\":\"LINK_TO_LOGISTICAL_STATUS/DESCRIPTION\",\"modelName\":\"catalogModel\"}"}]}
RESULT: {"script":"<script> [1562 bytes]","args":[{"selector":{"controlType":"sap.m.ObjectStatus","viewName":"etm.portal.ui.managecontracts.view.Detail","bindingPath":{"propertyPath":"LINK_TO_LOGISTICAL_STATUS/DESCRIPTION","modelName":"catalogModel"}},"wdio_ui5_key":"etmportal.ui.managecontracts.view.Detailsap.m.ObjectStatus{\"propertyPath\":\"LINK_TO_LOGISTICAL_STATUS/DESCRIPTION\",\"modelName\":\"catalogModel\"}"}]}
RESULT: undefined
COMMAND: POST /session/b0367baf27973c5edc08b2b37b2bc6c3/execute/async - {"script":"<script> [6424 bytes]","args":[{"element-6066-11e4-a52e-4f735466cecf":"f.9BFDF912BED0EE2DD1184AF57B04AD28.d.B79D9B59C694C94BEAE25258FC68C1C2.e.11312"},"getText",[]]}
RESULT: {"script":"<script> [6424 bytes]","args":[{"element-6066-11e4-a52e-4f735466cecf":"f.9BFDF912BED0EE2DD1184AF57B04AD28.d.B79D9B59C694C94BEAE25258FC68C1C2.e.11312"},"getText",[]]}
COMMAND: POST /session/b0367baf27973c5edc08b2b37b2bc6c3/execute/async - {"script":"<script> [1562 bytes]","args":[{"selector":{"controlType":"sap.m.ObjectStatus","viewName":"etm.portal.ui.managecontracts.view.Detail","bindingPath":{"propertyPath":"LINK_TO_COMMERCIAL_STATUS/DESCRIPTION","modelName":"catalogModel"}},"wdio_ui5_key":"etmportal.ui.managecontracts.view.Detailsap.m.ObjectStatus{\"propertyPath\":\"LINK_TO_COMMERCIAL_STATUS/DESCRIPTION\",\"modelName\":\"catalogModel\"}"}]}
RESULT: {"script":"<script> [1562 bytes]","args":[{"selector":{"controlType":"sap.m.ObjectStatus","viewName":"etm.portal.ui.managecontracts.view.Detail","bindingPath":{"propertyPath":"LINK_TO_COMMERCIAL_STATUS/DESCRIPTION","modelName":"catalogModel"}},"wdio_ui5_key":"etmportal.ui.managecontracts.view.Detailsap.m.ObjectStatus{\"propertyPath\":\"LINK_TO_COMMERCIAL_STATUS/DESCRIPTION\",\"modelName\":\"catalogModel\"}"}]}
RESULT: undefined
COMMAND: POST /session/b0367baf27973c5edc08b2b37b2bc6c3/execute/async - {"script":"<script> [6424 bytes]","args":[{"element-6066-11e4-a52e-4f735466cecf":"f.9BFDF912BED0EE2DD1184AF57B04AD28.d.B79D9B59C694C94BEAE25258FC68C1C2.e.11313"},"getText",[]]}
RESULT: {"script":"<script> [6424 bytes]","args":[{"element-6066-11e4-a52e-4f735466cecf":"f.9BFDF912BED0EE2DD1184AF57B04AD28.d.B79D9B59C694C94BEAE25258FC68C1C2.e.11313"},"getText",[]]}
COMMAND: POST /session/b0367baf27973c5edc08b2b37b2bc6c3/execute/async - {"script":"<script> [1562 bytes]","args":[{"selector":{"id":"backBtn"},"wdio_ui5_key":"backBtn"}]}
RESULT: {"script":"<script> [1562 bytes]","args":[{"selector":{"id":"backBtn"},"wdio_ui5_key":"backBtn"}]}
RESULT: undefined
COMMAND: POST /session/b0367baf27973c5edc08b2b37b2bc6c3/element - {"using":"xpath","value":"//*[@id=\"backBtn\"]"}
RESULT: {"using":"xpath","value":"//*[@id=\"backBtn\"]"}
COMMAND: POST /session/b0367baf27973c5edc08b2b37b2bc6c3/element/f.9BFDF912BED0EE2DD1184AF57B04AD28.d.B79D9B59C694C94BEAE25258FC68C1C2.e.11314/click - {}
RESULT: {}
COMMAND: GET /session/b0367baf27973c5edc08b2b37b2bc6c3/screenshot - {}
COMMAND: POST /session/b0367baf27973c5edc08b2b37b2bc6c3/execute/async - {"script":"<script> [1562 bytes]","args":[{"selector":{"controlType":"sap.m.Button","viewName":"etm.portal.ui.managehandovers.view.DetailExecuteHO","i18NText":{"propertyName":"text","key":"confirmAll"},"interaction":{"idSuffix":"BDI-content"}},"wdio_ui5_key":"etmportal.ui.managehandovers.view.DetailExecuteHOsap.m.Button{\"propertyName\":\"text\",\"key\":\"confirmAll\"}"}]}
RESULT: {}
RESULT: {"script":"<script> [1562 bytes]","args":[{"selector":{"controlType":"sap.m.Button","viewName":"etm.portal.ui.managehandovers.view.DetailExecuteHO","i18NText":{"propertyName":"text","key":"confirmAll"},"interaction":{"idSuffix":"BDI-content"}},"wdio_ui5_key":"etmportal.ui.managehandovers.view.DetailExecuteHOsap.m.Button{\"propertyName\":\"text\",\"key\":\"confirmAll\"}"}]}
RESULT: undefined
COMMAND: POST /session/b0367baf27973c5edc08b2b37b2bc6c3/element - {"using":"xpath","value":"//*[@id=\"__button84\"]"}
RESULT: {"using":"xpath","value":"//*[@id=\"__button84\"]"}
COMMAND: POST /session/b0367baf27973c5edc08b2b37b2bc6c3/element/f.9BFDF912BED0EE2DD1184AF57B04AD28.d.B79D9B59C694C94BEAE25258FC68C1C2.e.11618/click - {}
RESULT: {}
COMMAND: GET /session/b0367baf27973c5edc08b2b37b2bc6c3/screenshot - {}
RESULT: {}
COMMAND: POST /session/b0367baf27973c5edc08b2b37b2bc6c3/execute/async - {"script":"<script> [1562 bytes]","args":[{"selector":{"controlType":"sap.m.Button","properties":{"text":"OK"},"searchOpenDialogs":true,"interaction":{"idSuffix":"inner"}},"wdio_ui5_key":"sapm.Button{\"text\":\"OK\"}"}]}
RESULT: {"script":"<script> [1562 bytes]","args":[{"selector":{"controlType":"sap.m.Button","properties":{"text":"OK"},"searchOpenDialogs":true,"interaction":{"idSuffix":"inner"}},"wdio_ui5_key":"sapm.Button{\"text\":\"OK\"}"}]}
RESULT: undefined
COMMAND: POST /session/b0367baf27973c5edc08b2b37b2bc6c3/element - {"using":"xpath","value":"//*[@id=\"__mbox-btn-0\"]"}
RESULT: {"using":"xpath","value":"//*[@id=\"__mbox-btn-0\"]"}
COMMAND: POST /session/b0367baf27973c5edc08b2b37b2bc6c3/element/f.9BFDF912BED0EE2DD1184AF57B04AD28.d.B79D9B59C694C94BEAE25258FC68C1C2.e.11623/click - {}
RESULT: {}
COMMAND: GET /session/b0367baf27973c5edc08b2b37b2bc6c3/screenshot - {}
RESULT: {}
COMMAND: POST /session/b0367baf27973c5edc08b2b37b2bc6c3/element - {"using":"xpath","value":"//button[contains(@data-kt ,\"execHoIssueFooterButton\")]"}
RESULT: {"using":"xpath","value":"//button[contains(@data-kt ,\"execHoIssueFooterButton\")]"}
COMMAND: POST /session/b0367baf27973c5edc08b2b37b2bc6c3/element/f.9BFDF912BED0EE2DD1184AF57B04AD28.d.B79D9B59C694C94BEAE25258FC68C1C2.e.11626/click - {}
RESULT: {}
COMMAND: GET /session/b0367baf27973c5edc08b2b37b2bc6c3/screenshot - {}
RESULT: {}
COMMAND: POST /session/b0367baf27973c5edc08b2b37b2bc6c3/refresh - {}
RESULT: {}
COMMAND: GET /session/b0367baf27973c5edc08b2b37b2bc6c3/screenshot - {}
RESULT: {}
COMMAND: POST /session/b0367baf27973c5edc08b2b37b2bc6c3/refresh - {}
RESULT: {}
COMMAND: GET /session/b0367baf27973c5edc08b2b37b2bc6c3/screenshot - {}
RESULT: {}
COMMAND: POST /session/b0367baf27973c5edc08b2b37b2bc6c3/window/fullscreen - {}
RESULT: {}
COMMAND: POST /session/b0367baf27973c5edc08b2b37b2bc6c3/execute/async - {"script":"<script> [189 bytes]","args":[]}
RESULT: {"script":"<script> [189 bytes]","args":[]}
COMMAND: POST /session/b0367baf27973c5edc08b2b37b2bc6c3/execute/async - {"script":"<script> [123 bytes]","args":[]}
RESULT: {"script":"<script> [123 bytes]","args":[]}
COMMAND: POST /session/b0367baf27973c5edc08b2b37b2bc6c3/timeouts - {"script":"<number>"}
RESULT: {"script":"<number>"}
COMMAND: GET /session/b0367baf27973c5edc08b2b37b2bc6c3/timeouts - {}
RESULT: {}
RESULT: undefined
COMMAND: POST /session/b0367baf27973c5edc08b2b37b2bc6c3/execute/async - {"script":"<script> [2676 bytes]","args":[]}
RESULT: {"script":"<script> [2676 bytes]","args":[]}
COMMAND: POST /session/b0367baf27973c5edc08b2b37b2bc6c3/execute/async - {"script":"<script> [2342 bytes]","args":[{"protocol":"http","hostname":"0.0.0.0","path":"/","capabilities":{"browserName":"chrome","goog:chromeOptions":{"binary":"C:\\Program Files\\Google\\Chrome\\Application\\chrome.exe","args":["--start-maximized"]}},"logLevel":"warn","connectionRetryTimeout":120000,"connectionRetryCount":3,"logLevels":{},"enableDirectConnect":true,"strictSSL":true,"_":"65 more keys: [\"cacheDir\",\"port\",\"requestedCapabilities\",\"automationProtocol\",\"baseUrl\",\"waitforInterval\",\"waitforTimeout\",\"onReload\",\"beforeCommand\",\"afterCommand\",\"rootDir\",\"specs\",\"suites\",\"exclude\",\"groupLogsByTestSpec\",\"excludeDriverLogs\",\"bail\",\"framework\",\"reporters\",\"services\",\"maxInstances\",\"maxInstancesPerCapability\",\"injectGlobals\",\"filesToWatch\",\"execArgv\",\"runnerEnv\",\"runner\",\"shard\",\"specFileRetries\",\"specFileRetriesDelay\",\"specFileRetriesDeferred\",\"reporterSyncInterval\",\"reporterSyncTimeout\",\"cucumberFeaturesWithLineNumbers\",\"autoCompileOpts\",\"mochaOpts\",\"jasmineOpts\",\"cucumberOpts\",\"onPrepare\",\"onWorkerStart\",\"onWorkerEnd\",\"before\",\"beforeSession\",\"beforeSuite\",\"beforeHook\",\"beforeTest\",\"afterTest\",\"afterHook\",\"afterSuite\",\"afterSession\",\"after\",\"onComplete\",\"beforeAssertion\",\"afterAssertion\",\"beforeFeature\",\"beforeScenario\",\"beforeStep\",\"afterStep\",\"afterScenario\",\"afterFeature\",\"_\",\"suite\",\"$0\",\"ignoredWorkerServices\",\"wdi5\"]"}]}
RESULT: {"script":"<script> [2342 bytes]","args":[{"protocol":"http","hostname":"0.0.0.0","path":"/","capabilities":{"browserName":"chrome","goog:chromeOptions":{"binary":"C:\\Program Files\\Google\\Chrome\\Application\\chrome.exe","args":["--start-maximized"]}},"logLevel":"warn","connectionRetryTimeout":120000,"connectionRetryCount":3,"logLevels":{},"enableDirectConnect":true,"strictSSL":true,"_":"65 more keys: [\"cacheDir\",\"port\",\"requestedCapabilities\",\"automationProtocol\",\"baseUrl\",\"waitforInterval\",\"waitforTimeout\",\"onReload\",\"beforeCommand\",\"afterCommand\",\"rootDir\",\"specs\",\"suites\",\"exclude\",\"groupLogsByTestSpec\",\"excludeDriverLogs\",\"bail\",\"framework\",\"reporters\",\"services\",\"maxInstances\",\"maxInstancesPerCapability\",\"injectGlobals\",\"filesToWatch\",\"execArgv\",\"runnerEnv\",\"runner\",\"shard\",\"specFileRetries\",\"specFileRetriesDelay\",\"specFileRetriesDeferred\",\"reporterSyncInterval\",\"reporterSyncTimeout\",\"cucumberFeaturesWithLineNumbers\",\"autoCompileOpts\",\"mochaOpts\",\"jasmineOpts\",\"cucumberOpts\",\"onPrepare\",\"onWorkerStart\",\"onWorkerEnd\",\"before\",\"beforeSession\",\"beforeSuite\",\"beforeHook\",\"beforeTest\",\"afterTest\",\"afterHook\",\"afterSuite\",\"afterSession\",\"after\",\"onComplete\",\"beforeAssertion\",\"afterAssertion\",\"beforeFeature\",\"beforeScenario\",\"beforeStep\",\"afterStep\",\"afterScenario\",\"afterFeature\",\"_\",\"suite\",\"$0\",\"ignoredWorkerServices\",\"wdi5\"]"}]}
COMMAND: POST /session/b0367baf27973c5edc08b2b37b2bc6c3/execute/async - {"script":"<script> [21126 bytes]","args":[35000]}
RESULT: {"script":"<script> [21126 bytes]","args":[35000]}
COMMAND: POST /session/b0367baf27973c5edc08b2b37b2bc6c3/execute/async - {"script":"<script> [1562 bytes]","args":[{"selector":{"controlType":"sap.m.SearchField","viewName":"etm.portal.ui.managehandovers.view.MasterHO","bindingPath":{"path":"","propertyPath":"/_BASIC_SEARCH_FIELD","modelName":"fi1t3rM0d31"},"interaction":{"idSuffix":"I"}},"wdio_ui5_key":"etmportal.ui.managehandovers.view.MasterHOsap.m.SearchField{\"path\":\"\",\"propertyPath\":\"/_BASIC_SEARCH_FIELD\",\"modelName\":\"fi1t3rM0d31\"}"}]}
RESULT: {"script":"<script> [1562 bytes]","args":[{"selector":{"controlType":"sap.m.SearchField","viewName":"etm.portal.ui.managehandovers.view.MasterHO","bindingPath":{"path":"","propertyPath":"/_BASIC_SEARCH_FIELD","modelName":"fi1t3rM0d31"},"interaction":{"idSuffix":"I"}},"wdio_ui5_key":"etmportal.ui.managehandovers.view.MasterHOsap.m.SearchField{\"path\":\"\",\"propertyPath\":\"/_BASIC_SEARCH_FIELD\",\"modelName\":\"fi1t3rM0d31\"}"}]}
RESULT: undefined
COMMAND: POST /session/b0367baf27973c5edc08b2b37b2bc6c3/execute/async - {"script":"<script> [776 bytes]","args":[{"enterText":"30340","selector":{"controlType":"sap.m.SearchField","viewName":"etm.portal.ui.managehandovers.view.MasterHO","bindingPath":{"path":"","propertyPath":"/_BASIC_SEARCH_FIELD","modelName":"fi1t3rM0d31"},"interaction":{"idSuffix":"I"}},"clearTextFirst":true,"interactionType":"ENTER_TEXT"}]}
RESULT: {"script":"<script> [776 bytes]","args":[{"enterText":"30340","selector":{"controlType":"sap.m.SearchField","viewName":"etm.portal.ui.managehandovers.view.MasterHO","bindingPath":{"path":"","propertyPath":"/_BASIC_SEARCH_FIELD","modelName":"fi1t3rM0d31"},"interaction":{"idSuffix":"I"}},"clearTextFirst":true,"interactionType":"ENTER_TEXT"}]}
COMMAND: POST /session/b0367baf27973c5edc08b2b37b2bc6c3/actions - {"actions":[{"id":"action28","type":"key","parameters":{},"actions":[{"type":"keyDown","value":"î€‡"},{"type":"pause","duration":10},{"type":"keyUp","value":"î€‡"}]}]}
RESULT: {"actions":[{"id":"action28","type":"key","parameters":{},"actions":[{"type":"keyDown","value":"î€‡"},{"type":"pause","duration":10},{"type":"keyUp","value":"î€‡"}]}]}
COMMAND: GET /session/b0367baf27973c5edc08b2b37b2bc6c3/screenshot - {}
RESULT: {}
COMMAND: POST /session/b0367baf27973c5edc08b2b37b2bc6c3/execute/async - {"script":"<script> [1562 bytes]","args":[{"selector":{"controlType":"sap.m.Title","viewName":"etm.portal.ui.managehandovers.view.MasterHO","properties":{"text":"Records (1)"}},"wdio_ui5_key":"etmportal.ui.managehandovers.view.MasterHOsap.m.Title{\"text\":\"Records (1)\"}"}]}
RESULT: {"script":"<script> [1562 bytes]","args":[{"selector":{"controlType":"sap.m.Title","viewName":"etm.portal.ui.managehandovers.view.MasterHO","properties":{"text":"Records (1)"}},"wdio_ui5_key":"etmportal.ui.managehandovers.view.MasterHOsap.m.Title{\"text\":\"Records (1)\"}"}]}
RESULT: undefined
COMMAND: POST /session/b0367baf27973c5edc08b2b37b2bc6c3/execute/async - {"script":"<script> [6424 bytes]","args":[{"element-6066-11e4-a52e-4f735466cecf":"f.9BFDF912BED0EE2DD1184AF57B04AD28.d.8A59E0CC0F04C36BFCAD1FF0FB692B41.e.11921"},"getText",[]]}
RESULT: {"script":"<script> [6424 bytes]","args":[{"element-6066-11e4-a52e-4f735466cecf":"f.9BFDF912BED0EE2DD1184AF57B04AD28.d.8A59E0CC0F04C36BFCAD1FF0FB692B41.e.11921"},"getText",[]]}
COMMAND: POST /session/b0367baf27973c5edc08b2b37b2bc6c3/execute/async - {"script":"<script> [1562 bytes]","args":[{"selector":{"controlType":"sap.ui.core.Icon","viewName":"etm.portal.ui.managehandovers.view.MasterHO","properties":{"src":{"regex":{"source":"slim\\-arrow\\-right"}}}},"wdio_ui5_key":"etmportal.ui.managehandovers.view.MasterHOsap.ui.core.Icon{\"src\":{\"regex\":{\"source\":\"slim\\\\-arrow\\\\-right\"}}}"}]}
RESULT: {"script":"<script> [1562 bytes]","args":[{"selector":{"controlType":"sap.ui.core.Icon","viewName":"etm.portal.ui.managehandovers.view.MasterHO","properties":{"src":{"regex":{"source":"slim\\-arrow\\-right"}}}},"wdio_ui5_key":"etmportal.ui.managehandovers.view.MasterHOsap.ui.core.Icon{\"src\":{\"regex\":{\"source\":\"slim\\\\-arrow\\\\-right\"}}}"}]}
RESULT: undefined
COMMAND: POST /session/b0367baf27973c5edc08b2b37b2bc6c3/element - {"using":"xpath","value":"//*[@id=\"__item30-__clone16-imgNav\"]"}
RESULT: {"using":"xpath","value":"//*[@id=\"__item30-__clone16-imgNav\"]"}
COMMAND: POST /session/b0367baf27973c5edc08b2b37b2bc6c3/element/f.9BFDF912BED0EE2DD1184AF57B04AD28.d.8A59E0CC0F04C36BFCAD1FF0FB692B41.e.11920/click - {}
RESULT: {}
COMMAND: GET /session/b0367baf27973c5edc08b2b37b2bc6c3/screenshot - {}
RESULT: {}
COMMAND: POST /session/b0367baf27973c5edc08b2b37b2bc6c3/execute/async - {"script":"<script> [1562 bytes]","args":[{"selector":{"controlType":"sap.m.ObjectStatus","viewName":"etm.portal.ui.managehandovers.view.DetailExecuteHO","labelFor":{"text":"Status"}},"wdio_ui5_key":"etmportal.ui.managehandovers.view.DetailExecuteHOsap.m.ObjectStatus{\"text\":\"Status\"}"}]}
RESULT: {"script":"<script> [1562 bytes]","args":[{"selector":{"controlType":"sap.m.ObjectStatus","viewName":"etm.portal.ui.managehandovers.view.DetailExecuteHO","labelFor":{"text":"Status"}},"wdio_ui5_key":"etmportal.ui.managehandovers.view.DetailExecuteHOsap.m.ObjectStatus{\"text\":\"Status\"}"}]}
RESULT: undefined
COMMAND: POST /session/b0367baf27973c5edc08b2b37b2bc6c3/execute/async - {"script":"<script> [6424 bytes]","args":[{"element-6066-11e4-a52e-4f735466cecf":"f.9BFDF912BED0EE2DD1184AF57B04AD28.d.8A59E0CC0F04C36BFCAD1FF0FB692B41.e.12023"},"getText",[]]}
RESULT: {"script":"<script> [6424 bytes]","args":[{"element-6066-11e4-a52e-4f735466cecf":"f.9BFDF912BED0EE2DD1184AF57B04AD28.d.8A59E0CC0F04C36BFCAD1FF0FB692B41.e.12023"},"getText",[]]}
COMMAND: POST /session/b0367baf27973c5edc08b2b37b2bc6c3/execute/async - {"script":"<script> [1562 bytes]","args":[{"selector":{"controlType":"sap.m.Button","viewName":"etm.portal.ui.managehandovers.view.DetailExecuteHO","i18NText":{"propertyName":"text","key":"confirmAll"},"interaction":{"idSuffix":"BDI-content"}},"wdio_ui5_key":"etmportal.ui.managehandovers.view.DetailExecuteHOsap.m.Button{\"propertyName\":\"text\",\"key\":\"confirmAll\"}"}]}
RESULT: {"script":"<script> [1562 bytes]","args":[{"selector":{"controlType":"sap.m.Button","viewName":"etm.portal.ui.managehandovers.view.DetailExecuteHO","i18NText":{"propertyName":"text","key":"confirmAll"},"interaction":{"idSuffix":"BDI-content"}},"wdio_ui5_key":"etmportal.ui.managehandovers.view.DetailExecuteHOsap.m.Button{\"propertyName\":\"text\",\"key\":\"confirmAll\"}"}]}
RESULT: undefined
COMMAND: POST /session/b0367baf27973c5edc08b2b37b2bc6c3/element - {"using":"xpath","value":"//*[@id=\"__button30\"]"}
RESULT: {"using":"xpath","value":"//*[@id=\"__button30\"]"}
COMMAND: POST /session/b0367baf27973c5edc08b2b37b2bc6c3/element/f.9BFDF912BED0EE2DD1184AF57B04AD28.d.8A59E0CC0F04C36BFCAD1FF0FB692B41.e.12025/click - {}
RESULT: {}
COMMAND: GET /session/b0367baf27973c5edc08b2b37b2bc6c3/screenshot - {}
RESULT: {}
COMMAND: POST /session/b0367baf27973c5edc08b2b37b2bc6c3/execute/async - {"script":"<script> [1562 bytes]","args":[{"selector":{"controlType":"sap.m.Button","properties":{"text":"OK"},"searchOpenDialogs":true,"interaction":{"idSuffix":"BDI-content"}},"wdio_ui5_key":"sapm.Button{\"text\":\"OK\"}"}]}
RESULT: {"script":"<script> [1562 bytes]","args":[{"selector":{"controlType":"sap.m.Button","properties":{"text":"OK"},"searchOpenDialogs":true,"interaction":{"idSuffix":"BDI-content"}},"wdio_ui5_key":"sapm.Button{\"text\":\"OK\"}"}]}
RESULT: undefined
COMMAND: POST /session/b0367baf27973c5edc08b2b37b2bc6c3/element - {"using":"xpath","value":"//*[@id=\"__mbox-btn-0\"]"}
RESULT: {"using":"xpath","value":"//*[@id=\"__mbox-btn-0\"]"}
COMMAND: POST /session/b0367baf27973c5edc08b2b37b2bc6c3/element/f.9BFDF912BED0EE2DD1184AF57B04AD28.d.8A59E0CC0F04C36BFCAD1FF0FB692B41.e.12026/click - {}
RESULT: {}
COMMAND: GET /session/b0367baf27973c5edc08b2b37b2bc6c3/screenshot - {}
RESULT: {}
COMMAND: POST /session/b0367baf27973c5edc08b2b37b2bc6c3/element - {"using":"xpath","value":"//button[contains(@data-kt ,\"execHoReceiveFooterButton\")]"}
RESULT: {"using":"xpath","value":"//button[contains(@data-kt ,\"execHoReceiveFooterButton\")]"}
COMMAND: POST /session/b0367baf27973c5edc08b2b37b2bc6c3/element/f.9BFDF912BED0EE2DD1184AF57B04AD28.d.8A59E0CC0F04C36BFCAD1FF0FB692B41.e.11977/click - {}
RESULT: {}
COMMAND: GET /session/b0367baf27973c5edc08b2b37b2bc6c3/screenshot - {}
RESULT: {}
COMMAND: POST /session/b0367baf27973c5edc08b2b37b2bc6c3/refresh - {}
RESULT: {}
COMMAND: GET /session/b0367baf27973c5edc08b2b37b2bc6c3/screenshot - {}
RESULT: {}
COMMAND: POST /session/b0367baf27973c5edc08b2b37b2bc6c3/refresh - {}
RESULT: {}
COMMAND: GET /session/b0367baf27973c5edc08b2b37b2bc6c3/screenshot - {}
RESULT: {}
COMMAND: POST /session/b0367baf27973c5edc08b2b37b2bc6c3/window/fullscreen - {}
RESULT: {}
COMMAND: POST /session/b0367baf27973c5edc08b2b37b2bc6c3/execute/async - {"script":"<script> [189 bytes]","args":[]}
RESULT: {"script":"<script> [189 bytes]","args":[]}
COMMAND: POST /session/b0367baf27973c5edc08b2b37b2bc6c3/execute/async - {"script":"<script> [123 bytes]","args":[]}
RESULT: {"script":"<script> [123 bytes]","args":[]}
COMMAND: POST /session/b0367baf27973c5edc08b2b37b2bc6c3/timeouts - {"script":"<number>"}
RESULT: {"script":"<number>"}
COMMAND: GET /session/b0367baf27973c5edc08b2b37b2bc6c3/timeouts - {}
RESULT: {}
RESULT: undefined
COMMAND: POST /session/b0367baf27973c5edc08b2b37b2bc6c3/execute/async - {"script":"<script> [2676 bytes]","args":[]}
RESULT: {"script":"<script> [2676 bytes]","args":[]}
COMMAND: POST /session/b0367baf27973c5edc08b2b37b2bc6c3/execute/async - {"script":"<script> [2342 bytes]","args":[{"protocol":"http","hostname":"0.0.0.0","path":"/","capabilities":{"browserName":"chrome","goog:chromeOptions":{"binary":"C:\\Program Files\\Google\\Chrome\\Application\\chrome.exe","args":["--start-maximized"]}},"logLevel":"warn","connectionRetryTimeout":120000,"connectionRetryCount":3,"logLevels":{},"enableDirectConnect":true,"strictSSL":true,"_":"65 more keys: [\"cacheDir\",\"port\",\"requestedCapabilities\",\"automationProtocol\",\"baseUrl\",\"waitforInterval\",\"waitforTimeout\",\"onReload\",\"beforeCommand\",\"afterCommand\",\"rootDir\",\"specs\",\"suites\",\"exclude\",\"groupLogsByTestSpec\",\"excludeDriverLogs\",\"bail\",\"framework\",\"reporters\",\"services\",\"maxInstances\",\"maxInstancesPerCapability\",\"injectGlobals\",\"filesToWatch\",\"execArgv\",\"runnerEnv\",\"runner\",\"shard\",\"specFileRetries\",\"specFileRetriesDelay\",\"specFileRetriesDeferred\",\"reporterSyncInterval\",\"reporterSyncTimeout\",\"cucumberFeaturesWithLineNumbers\",\"autoCompileOpts\",\"mochaOpts\",\"jasmineOpts\",\"cucumberOpts\",\"onPrepare\",\"onWorkerStart\",\"onWorkerEnd\",\"before\",\"beforeSession\",\"beforeSuite\",\"beforeHook\",\"beforeTest\",\"afterTest\",\"afterHook\",\"afterSuite\",\"afterSession\",\"after\",\"onComplete\",\"beforeAssertion\",\"afterAssertion\",\"beforeFeature\",\"beforeScenario\",\"beforeStep\",\"afterStep\",\"afterScenario\",\"afterFeature\",\"_\",\"suite\",\"$0\",\"ignoredWorkerServices\",\"wdi5\"]"}]}
RESULT: {"script":"<script> [2342 bytes]","args":[{"protocol":"http","hostname":"0.0.0.0","path":"/","capabilities":{"browserName":"chrome","goog:chromeOptions":{"binary":"C:\\Program Files\\Google\\Chrome\\Application\\chrome.exe","args":["--start-maximized"]}},"logLevel":"warn","connectionRetryTimeout":120000,"connectionRetryCount":3,"logLevels":{},"enableDirectConnect":true,"strictSSL":true,"_":"65 more keys: [\"cacheDir\",\"port\",\"requestedCapabilities\",\"automationProtocol\",\"baseUrl\",\"waitforInterval\",\"waitforTimeout\",\"onReload\",\"beforeCommand\",\"afterCommand\",\"rootDir\",\"specs\",\"suites\",\"exclude\",\"groupLogsByTestSpec\",\"excludeDriverLogs\",\"bail\",\"framework\",\"reporters\",\"services\",\"maxInstances\",\"maxInstancesPerCapability\",\"injectGlobals\",\"filesToWatch\",\"execArgv\",\"runnerEnv\",\"runner\",\"shard\",\"specFileRetries\",\"specFileRetriesDelay\",\"specFileRetriesDeferred\",\"reporterSyncInterval\",\"reporterSyncTimeout\",\"cucumberFeaturesWithLineNumbers\",\"autoCompileOpts\",\"mochaOpts\",\"jasmineOpts\",\"cucumberOpts\",\"onPrepare\",\"onWorkerStart\",\"onWorkerEnd\",\"before\",\"beforeSession\",\"beforeSuite\",\"beforeHook\",\"beforeTest\",\"afterTest\",\"afterHook\",\"afterSuite\",\"afterSession\",\"after\",\"onComplete\",\"beforeAssertion\",\"afterAssertion\",\"beforeFeature\",\"beforeScenario\",\"beforeStep\",\"afterStep\",\"afterScenario\",\"afterFeature\",\"_\",\"suite\",\"$0\",\"ignoredWorkerServices\",\"wdi5\"]"}]}
COMMAND: POST /session/b0367baf27973c5edc08b2b37b2bc6c3/execute/async - {"script":"<script> [21126 bytes]","args":[35000]}
RESULT: {"script":"<script> [21126 bytes]","args":[35000]}
COMMAND: POST /session/b0367baf27973c5edc08b2b37b2bc6c3/execute/async - {"script":"<script> [1562 bytes]","args":[{"selector":{"controlType":"sap.m.SearchField","viewName":"etm.portal.ui.managehandovers.view.MasterHO","bindingPath":{"path":"","propertyPath":"/_BASIC_SEARCH_FIELD","modelName":"fi1t3rM0d31"},"interaction":{"idSuffix":"I"}},"wdio_ui5_key":"etmportal.ui.managehandovers.view.MasterHOsap.m.SearchField{\"path\":\"\",\"propertyPath\":\"/_BASIC_SEARCH_FIELD\",\"modelName\":\"fi1t3rM0d31\"}"}]}
RESULT: {"script":"<script> [1562 bytes]","args":[{"selector":{"controlType":"sap.m.SearchField","viewName":"etm.portal.ui.managehandovers.view.MasterHO","bindingPath":{"path":"","propertyPath":"/_BASIC_SEARCH_FIELD","modelName":"fi1t3rM0d31"},"interaction":{"idSuffix":"I"}},"wdio_ui5_key":"etmportal.ui.managehandovers.view.MasterHOsap.m.SearchField{\"path\":\"\",\"propertyPath\":\"/_BASIC_SEARCH_FIELD\",\"modelName\":\"fi1t3rM0d31\"}"}]}
RESULT: undefined
COMMAND: POST /session/b0367baf27973c5edc08b2b37b2bc6c3/execute/async - {"script":"<script> [776 bytes]","args":[{"enterText":"30340","selector":{"controlType":"sap.m.SearchField","viewName":"etm.portal.ui.managehandovers.view.MasterHO","bindingPath":{"path":"","propertyPath":"/_BASIC_SEARCH_FIELD","modelName":"fi1t3rM0d31"},"interaction":{"idSuffix":"I"}},"clearTextFirst":true,"interactionType":"ENTER_TEXT"}]}
RESULT: {"script":"<script> [776 bytes]","args":[{"enterText":"30340","selector":{"controlType":"sap.m.SearchField","viewName":"etm.portal.ui.managehandovers.view.MasterHO","bindingPath":{"path":"","propertyPath":"/_BASIC_SEARCH_FIELD","modelName":"fi1t3rM0d31"},"interaction":{"idSuffix":"I"}},"clearTextFirst":true,"interactionType":"ENTER_TEXT"}]}
COMMAND: POST /session/b0367baf27973c5edc08b2b37b2bc6c3/actions - {"actions":[{"id":"action29","type":"key","parameters":{},"actions":[{"type":"keyDown","value":"î€‡"},{"type":"pause","duration":10},{"type":"keyUp","value":"î€‡"}]}]}
RESULT: {"actions":[{"id":"action29","type":"key","parameters":{},"actions":[{"type":"keyDown","value":"î€‡"},{"type":"pause","duration":10},{"type":"keyUp","value":"î€‡"}]}]}
COMMAND: GET /session/b0367baf27973c5edc08b2b37b2bc6c3/screenshot - {}
RESULT: {}
COMMAND: POST /session/b0367baf27973c5edc08b2b37b2bc6c3/execute/async - {"script":"<script> [1562 bytes]","args":[{"selector":{"controlType":"sap.m.Title","viewName":"etm.portal.ui.managehandovers.view.MasterHO","properties":{"text":"Records (1)"}},"wdio_ui5_key":"etmportal.ui.managehandovers.view.MasterHOsap.m.Title{\"text\":\"Records (1)\"}"}]}
RESULT: {"script":"<script> [1562 bytes]","args":[{"selector":{"controlType":"sap.m.Title","viewName":"etm.portal.ui.managehandovers.view.MasterHO","properties":{"text":"Records (1)"}},"wdio_ui5_key":"etmportal.ui.managehandovers.view.MasterHOsap.m.Title{\"text\":\"Records (1)\"}"}]}
RESULT: undefined
COMMAND: POST /session/b0367baf27973c5edc08b2b37b2bc6c3/execute/async - {"script":"<script> [6424 bytes]","args":[{"element-6066-11e4-a52e-4f735466cecf":"f.9BFDF912BED0EE2DD1184AF57B04AD28.d.CEB5BAC99C3A192B400AA00D812325D8.e.12198"},"getText",[]]}
RESULT: {"script":"<script> [6424 bytes]","args":[{"element-6066-11e4-a52e-4f735466cecf":"f.9BFDF912BED0EE2DD1184AF57B04AD28.d.CEB5BAC99C3A192B400AA00D812325D8.e.12198"},"getText",[]]}
COMMAND: POST /session/b0367baf27973c5edc08b2b37b2bc6c3/execute/async - {"script":"<script> [1562 bytes]","args":[{"selector":{"controlType":"sap.ui.core.Icon","viewName":"etm.portal.ui.managehandovers.view.MasterHO","properties":{"src":{"regex":{"source":"slim\\-arrow\\-right"}}}},"wdio_ui5_key":"etmportal.ui.managehandovers.view.MasterHOsap.ui.core.Icon{\"src\":{\"regex\":{\"source\":\"slim\\\\-arrow\\\\-right\"}}}"}]}
RESULT: {"script":"<script> [1562 bytes]","args":[{"selector":{"controlType":"sap.ui.core.Icon","viewName":"etm.portal.ui.managehandovers.view.MasterHO","properties":{"src":{"regex":{"source":"slim\\-arrow\\-right"}}}},"wdio_ui5_key":"etmportal.ui.managehandovers.view.MasterHOsap.ui.core.Icon{\"src\":{\"regex\":{\"source\":\"slim\\\\-arrow\\\\-right\"}}}"}]}
RESULT: undefined
COMMAND: POST /session/b0367baf27973c5edc08b2b37b2bc6c3/element - {"using":"xpath","value":"//*[@id=\"__item30-__clone16-imgNav\"]"}
RESULT: {"using":"xpath","value":"//*[@id=\"__item30-__clone16-imgNav\"]"}
COMMAND: POST /session/b0367baf27973c5edc08b2b37b2bc6c3/element/f.9BFDF912BED0EE2DD1184AF57B04AD28.d.CEB5BAC99C3A192B400AA00D812325D8.e.12196/click - {}
RESULT: {}
COMMAND: GET /session/b0367baf27973c5edc08b2b37b2bc6c3/screenshot - {}
RESULT: {}
COMMAND: POST /session/b0367baf27973c5edc08b2b37b2bc6c3/execute/async - {"script":"<script> [1562 bytes]","args":[{"selector":{"controlType":"sap.m.ObjectStatus","viewName":"etm.portal.ui.managehandovers.view.DetailManageHO","viewId":"application-managehandovers-display-component---detailManageHO","labelFor":{"text":"Status"}},"wdio_ui5_key":"etmportal.ui.managehandovers.view.DetailManageHOsap.m.ObjectStatus{\"text\":\"Status\"}"}]}
RESULT: {"script":"<script> [1562 bytes]","args":[{"selector":{"controlType":"sap.m.ObjectStatus","viewName":"etm.portal.ui.managehandovers.view.DetailManageHO","viewId":"application-managehandovers-display-component---detailManageHO","labelFor":{"text":"Status"}},"wdio_ui5_key":"etmportal.ui.managehandovers.view.DetailManageHOsap.m.ObjectStatus{\"text\":\"Status\"}"}]}
RESULT: undefined
COMMAND: POST /session/b0367baf27973c5edc08b2b37b2bc6c3/execute/async - {"script":"<script> [6424 bytes]","args":[{"element-6066-11e4-a52e-4f735466cecf":"f.9BFDF912BED0EE2DD1184AF57B04AD28.d.CEB5BAC99C3A192B400AA00D812325D8.e.12291"},"getText",[]]}
RESULT: {"script":"<script> [6424 bytes]","args":[{"element-6066-11e4-a52e-4f735466cecf":"f.9BFDF912BED0EE2DD1184AF57B04AD28.d.CEB5BAC99C3A192B400AA00D812325D8.e.12291"},"getText",[]]}
COMMAND: POST /session/b0367baf27973c5edc08b2b37b2bc6c3/element - {"using":"xpath","value":"//a[contains(@data-kt ,\"GeneralSectionReceiveContracttLink\")]"}
RESULT: {"using":"xpath","value":"//a[contains(@data-kt ,\"GeneralSectionReceiveContracttLink\")]"}
COMMAND: POST /session/b0367baf27973c5edc08b2b37b2bc6c3/element/f.9BFDF912BED0EE2DD1184AF57B04AD28.d.CEB5BAC99C3A192B400AA00D812325D8.e.12292/click - {}
RESULT: {}
COMMAND: GET /session/b0367baf27973c5edc08b2b37b2bc6c3/screenshot - {}
RESULT: {}
COMMAND: POST /session/b0367baf27973c5edc08b2b37b2bc6c3/element - {"using":"xpath","value":"//a[contains(@data-kt ,\"ContextMenuId2Link\")]"}
RESULT: {"using":"xpath","value":"//a[contains(@data-kt ,\"ContextMenuId2Link\")]"}
COMMAND: POST /session/b0367baf27973c5edc08b2b37b2bc6c3/element/f.9BFDF912BED0EE2DD1184AF57B04AD28.d.CEB5BAC99C3A192B400AA00D812325D8.e.12295/click - {}
RESULT: {}
COMMAND: GET /session/b0367baf27973c5edc08b2b37b2bc6c3/screenshot - {}
RESULT: {}
COMMAND: POST /session/b0367baf27973c5edc08b2b37b2bc6c3/execute/async - {"script":"<script> [1562 bytes]","args":[{"selector":{"controlType":"sap.m.ObjectStatus","viewName":"etm.portal.ui.managecontracts.view.Detail","bindingPath":{"propertyPath":"LINK_TO_LOGISTICAL_STATUS/DESCRIPTION","modelName":"catalogModel"}},"wdio_ui5_key":"etmportal.ui.managecontracts.view.Detailsap.m.ObjectStatus{\"propertyPath\":\"LINK_TO_LOGISTICAL_STATUS/DESCRIPTION\",\"modelName\":\"catalogModel\"}"}]}
RESULT: {"script":"<script> [1562 bytes]","args":[{"selector":{"controlType":"sap.m.ObjectStatus","viewName":"etm.portal.ui.managecontracts.view.Detail","bindingPath":{"propertyPath":"LINK_TO_LOGISTICAL_STATUS/DESCRIPTION","modelName":"catalogModel"}},"wdio_ui5_key":"etmportal.ui.managecontracts.view.Detailsap.m.ObjectStatus{\"propertyPath\":\"LINK_TO_LOGISTICAL_STATUS/DESCRIPTION\",\"modelName\":\"catalogModel\"}"}]}
RESULT: undefined
COMMAND: POST /session/b0367baf27973c5edc08b2b37b2bc6c3/execute/async - {"script":"<script> [6424 bytes]","args":[{"element-6066-11e4-a52e-4f735466cecf":"f.9BFDF912BED0EE2DD1184AF57B04AD28.d.CEB5BAC99C3A192B400AA00D812325D8.e.12524"},"getText",[]]}
RESULT: {"script":"<script> [6424 bytes]","args":[{"element-6066-11e4-a52e-4f735466cecf":"f.9BFDF912BED0EE2DD1184AF57B04AD28.d.CEB5BAC99C3A192B400AA00D812325D8.e.12524"},"getText",[]]}
COMMAND: POST /session/b0367baf27973c5edc08b2b37b2bc6c3/execute/async - {"script":"<script> [1562 bytes]","args":[{"selector":{"controlType":"sap.m.ObjectStatus","viewName":"etm.portal.ui.managecontracts.view.Detail","bindingPath":{"propertyPath":"LINK_TO_COMMERCIAL_STATUS/DESCRIPTION","modelName":"catalogModel"}},"wdio_ui5_key":"etmportal.ui.managecontracts.view.Detailsap.m.ObjectStatus{\"propertyPath\":\"LINK_TO_COMMERCIAL_STATUS/DESCRIPTION\",\"modelName\":\"catalogModel\"}"}]}
RESULT: {"script":"<script> [1562 bytes]","args":[{"selector":{"controlType":"sap.m.ObjectStatus","viewName":"etm.portal.ui.managecontracts.view.Detail","bindingPath":{"propertyPath":"LINK_TO_COMMERCIAL_STATUS/DESCRIPTION","modelName":"catalogModel"}},"wdio_ui5_key":"etmportal.ui.managecontracts.view.Detailsap.m.ObjectStatus{\"propertyPath\":\"LINK_TO_COMMERCIAL_STATUS/DESCRIPTION\",\"modelName\":\"catalogModel\"}"}]}
RESULT: undefined
COMMAND: POST /session/b0367baf27973c5edc08b2b37b2bc6c3/execute/async - {"script":"<script> [6424 bytes]","args":[{"element-6066-11e4-a52e-4f735466cecf":"f.9BFDF912BED0EE2DD1184AF57B04AD28.d.CEB5BAC99C3A192B400AA00D812325D8.e.12525"},"getText",[]]}
RESULT: {"script":"<script> [6424 bytes]","args":[{"element-6066-11e4-a52e-4f735466cecf":"f.9BFDF912BED0EE2DD1184AF57B04AD28.d.CEB5BAC99C3A192B400AA00D812325D8.e.12525"},"getText",[]]}
]]></system-out>
    </testcase>
    <testcase classname="chrome.135_0_7049_96.windows.E2E_-_Logistical_and_commercial_statuses" name="It should follow the handover steps to the status fully returned" time="245.7">
      <system-out><![CDATA[
COMMAND: POST /session/b0367baf27973c5edc08b2b37b2bc6c3/execute/async - {"script":"<script> [1562 bytes]","args":[{"selector":{"id":"contractDetailReturnButton","viewName":"etm.portal.ui.managecontracts.view.Detail","interaction":{"idSuffix":"BDI-content"}},"wdio_ui5_key":"contractDetailReturnButtonetmportal.ui.managecontracts.view.Detail"}]}
RESULT: {"script":"<script> [1562 bytes]","args":[{"selector":{"id":"contractDetailReturnButton","viewName":"etm.portal.ui.managecontracts.view.Detail","interaction":{"idSuffix":"BDI-content"}},"wdio_ui5_key":"contractDetailReturnButtonetmportal.ui.managecontracts.view.Detail"}]}
RESULT: undefined
COMMAND: POST /session/b0367baf27973c5edc08b2b37b2bc6c3/element - {"using":"xpath","value":"//*[@id=\"__xmlview2--contractDetailReturnButton\"]"}
RESULT: {"using":"xpath","value":"//*[@id=\"__xmlview2--contractDetailReturnButton\"]"}
COMMAND: POST /session/b0367baf27973c5edc08b2b37b2bc6c3/element/f.9BFDF912BED0EE2DD1184AF57B04AD28.d.CEB5BAC99C3A192B400AA00D812325D8.e.12409/click - {}
RESULT: {}
COMMAND: POST /session/b0367baf27973c5edc08b2b37b2bc6c3/execute/async - {"script":"<script> [1562 bytes]","args":[{"selector":{"id":"application-managehandovers-display-component---AddNewHO--dueDate","interaction":{"idSuffix":"inner"}},"wdio_ui5_key":"applicationmanagehandovers-display-component---AddNewHO--dueDate"}]}
COMMAND: GET /session/b0367baf27973c5edc08b2b37b2bc6c3/screenshot - {}
RESULT: {"script":"<script> [1562 bytes]","args":[{"selector":{"id":"application-managehandovers-display-component---AddNewHO--dueDate","interaction":{"idSuffix":"inner"}},"wdio_ui5_key":"applicationmanagehandovers-display-component---AddNewHO--dueDate"}]}
RESULT: undefined
COMMAND: POST /session/b0367baf27973c5edc08b2b37b2bc6c3/execute/async - {"script":"<script> [776 bytes]","args":[{"enterText":"04/27/25","selector":{"id":"application-managehandovers-display-component---AddNewHO--dueDate","interaction":{"idSuffix":"inner"}},"clearTextFirst":true,"interactionType":"ENTER_TEXT"}]}
RESULT: {}
RESULT: {"script":"<script> [776 bytes]","args":[{"enterText":"04/27/25","selector":{"id":"application-managehandovers-display-component---AddNewHO--dueDate","interaction":{"idSuffix":"inner"}},"clearTextFirst":true,"interactionType":"ENTER_TEXT"}]}
COMMAND: POST /session/b0367baf27973c5edc08b2b37b2bc6c3/element - {"using":"xpath","value":"//bdi[contains(@id ,\"application-managehandovers-display-component---AddNewHO--ObjectPageLayout-anchBar-application-managehandovers-display-component---AddNewHO--section4-anchor-BDI-content\")]"}
RESULT: {"using":"xpath","value":"//bdi[contains(@id ,\"application-managehandovers-display-component---AddNewHO--ObjectPageLayout-anchBar-application-managehandovers-display-component---AddNewHO--section4-anchor-BDI-content\")]"}
COMMAND: POST /session/b0367baf27973c5edc08b2b37b2bc6c3/element/f.9BFDF912BED0EE2DD1184AF57B04AD28.d.CEB5BAC99C3A192B400AA00D812325D8.e.12813/click - {}
RESULT: {}
COMMAND: GET /session/b0367baf27973c5edc08b2b37b2bc6c3/screenshot - {}
RESULT: {}
COMMAND: POST /session/b0367baf27973c5edc08b2b37b2bc6c3/element - {"using":"xpath","value":"//button[contains(@data-kt ,\"AddNewHOProvideAddItemsButton\")]"}
RESULT: {"using":"xpath","value":"//button[contains(@data-kt ,\"AddNewHOProvideAddItemsButton\")]"}
COMMAND: POST /session/b0367baf27973c5edc08b2b37b2bc6c3/element/f.9BFDF912BED0EE2DD1184AF57B04AD28.d.CEB5BAC99C3A192B400AA00D812325D8.e.12603/click - {}
RESULT: {}
COMMAND: GET /session/b0367baf27973c5edc08b2b37b2bc6c3/screenshot - {}
RESULT: {}
COMMAND: POST /session/b0367baf27973c5edc08b2b37b2bc6c3/execute/async - {"script":"<script> [1562 bytes]","args":[{"selector":{"id":"application-managehandovers-display-component---AddNewHO--popup-sa","searchOpenDialogs":true,"interaction":{"idSuffix":"CbBg"}},"wdio_ui5_key":"applicationmanagehandovers-display-component---AddNewHO--popup-sa"}]}
RESULT: {"script":"<script> [1562 bytes]","args":[{"selector":{"id":"application-managehandovers-display-component---AddNewHO--popup-sa","searchOpenDialogs":true,"interaction":{"idSuffix":"CbBg"}},"wdio_ui5_key":"applicationmanagehandovers-display-component---AddNewHO--popup-sa"}]}
RESULT: undefined
COMMAND: POST /session/b0367baf27973c5edc08b2b37b2bc6c3/element - {"using":"xpath","value":"//*[@id=\"application-managehandovers-display-component---AddNewHO--popup-sa\"]"}
RESULT: {"using":"xpath","value":"//*[@id=\"application-managehandovers-display-component---AddNewHO--popup-sa\"]"}
COMMAND: POST /session/b0367baf27973c5edc08b2b37b2bc6c3/element/f.9BFDF912BED0EE2DD1184AF57B04AD28.d.CEB5BAC99C3A192B400AA00D812325D8.e.12824/click - {}
RESULT: {}
COMMAND: POST /session/b0367baf27973c5edc08b2b37b2bc6c3/execute/async - {"script":"<script> [1562 bytes]","args":[{"selector":{"controlType":"sap.m.Button","viewName":"etm.portal.ui.managehandovers.view.AddNewHO","viewId":"application-managehandovers-display-component---AddNewHO","i18NText":{"propertyName":"text","key":"select"},"searchOpenDialogs":true,"interaction":{"idSuffix":"BDI-content"}},"wdio_ui5_key":"etmportal.ui.managehandovers.view.AddNewHOsap.m.Button{\"propertyName\":\"text\",\"key\":\"select\"}"}]}
COMMAND: GET /session/b0367baf27973c5edc08b2b37b2bc6c3/screenshot - {}
RESULT: {"script":"<script> [1562 bytes]","args":[{"selector":{"controlType":"sap.m.Button","viewName":"etm.portal.ui.managehandovers.view.AddNewHO","viewId":"application-managehandovers-display-component---AddNewHO","i18NText":{"propertyName":"text","key":"select"},"searchOpenDialogs":true,"interaction":{"idSuffix":"BDI-content"}},"wdio_ui5_key":"etmportal.ui.managehandovers.view.AddNewHOsap.m.Button{\"propertyName\":\"text\",\"key\":\"select\"}"}]}
RESULT: undefined
COMMAND: POST /session/b0367baf27973c5edc08b2b37b2bc6c3/element - {"using":"xpath","value":"//*[@id=\"__button60\"]"}
RESULT: {}
RESULT: {"using":"xpath","value":"//*[@id=\"__button60\"]"}
COMMAND: POST /session/b0367baf27973c5edc08b2b37b2bc6c3/element/f.9BFDF912BED0EE2DD1184AF57B04AD28.d.CEB5BAC99C3A192B400AA00D812325D8.e.12827/click - {}
RESULT: {}
COMMAND: GET /session/b0367baf27973c5edc08b2b37b2bc6c3/screenshot - {}
RESULT: {}
COMMAND: POST /session/b0367baf27973c5edc08b2b37b2bc6c3/execute/async - {"script":"<script> [1562 bytes]","args":[{"selector":{"id":"application-managehandovers-display-component---AddNewHO--confirmCreationButton","interaction":{"idSuffix":"BDI-content"}},"wdio_ui5_key":"applicationmanagehandovers-display-component---AddNewHO--confirmCreationButton"}]}
RESULT: {"script":"<script> [1562 bytes]","args":[{"selector":{"id":"application-managehandovers-display-component---AddNewHO--confirmCreationButton","interaction":{"idSuffix":"BDI-content"}},"wdio_ui5_key":"applicationmanagehandovers-display-component---AddNewHO--confirmCreationButton"}]}
RESULT: undefined
COMMAND: POST /session/b0367baf27973c5edc08b2b37b2bc6c3/element - {"using":"xpath","value":"//*[@id=\"application-managehandovers-display-component---AddNewHO--confirmCreationButton\"]"}
RESULT: {"using":"xpath","value":"//*[@id=\"application-managehandovers-display-component---AddNewHO--confirmCreationButton\"]"}
COMMAND: POST /session/b0367baf27973c5edc08b2b37b2bc6c3/element/f.9BFDF912BED0EE2DD1184AF57B04AD28.d.CEB5BAC99C3A192B400AA00D812325D8.e.12610/click - {}
RESULT: {}
COMMAND: GET /session/b0367baf27973c5edc08b2b37b2bc6c3/screenshot - {}
RESULT: {}
COMMAND: POST /session/b0367baf27973c5edc08b2b37b2bc6c3/execute/async - {"script":"<script> [1562 bytes]","args":[{"selector":{"controlType":"sap.m.Text","viewName":"etm.portal.ui.managehandovers.view.DetailExecuteHO","bindingPath":{"propertyPath":"NO","modelName":"catalogModel"}},"wdio_ui5_key":"etmportal.ui.managehandovers.view.DetailExecuteHOsap.m.Text{\"propertyPath\":\"NO\",\"modelName\":\"catalogModel\"}"}]}
RESULT: {"script":"<script> [1562 bytes]","args":[{"selector":{"controlType":"sap.m.Text","viewName":"etm.portal.ui.managehandovers.view.DetailExecuteHO","bindingPath":{"propertyPath":"NO","modelName":"catalogModel"}},"wdio_ui5_key":"etmportal.ui.managehandovers.view.DetailExecuteHOsap.m.Text{\"propertyPath\":\"NO\",\"modelName\":\"catalogModel\"}"}]}
RESULT: undefined
COMMAND: POST /session/b0367baf27973c5edc08b2b37b2bc6c3/execute/async - {"script":"<script> [6424 bytes]","args":[{"element-6066-11e4-a52e-4f735466cecf":"f.9BFDF912BED0EE2DD1184AF57B04AD28.d.CEB5BAC99C3A192B400AA00D812325D8.e.12883"},"getText",[]]}
RESULT: {"script":"<script> [6424 bytes]","args":[{"element-6066-11e4-a52e-4f735466cecf":"f.9BFDF912BED0EE2DD1184AF57B04AD28.d.CEB5BAC99C3A192B400AA00D812325D8.e.12883"},"getText",[]]}
COMMAND: POST /session/b0367baf27973c5edc08b2b37b2bc6c3/element - {"using":"xpath","value":"//a[contains(@data-kt ,\"GeneralSectionSendContractLink\")]"}
RESULT: {"using":"xpath","value":"//a[contains(@data-kt ,\"GeneralSectionSendContractLink\")]"}
COMMAND: POST /session/b0367baf27973c5edc08b2b37b2bc6c3/element/f.9BFDF912BED0EE2DD1184AF57B04AD28.d.CEB5BAC99C3A192B400AA00D812325D8.e.12884/click - {}
RESULT: {}
COMMAND: GET /session/b0367baf27973c5edc08b2b37b2bc6c3/screenshot - {}
RESULT: {}
COMMAND: POST /session/b0367baf27973c5edc08b2b37b2bc6c3/element - {"using":"xpath","value":"//a[contains(@data-kt ,\"ContextMenuId2Link\")]"}
RESULT: {"using":"xpath","value":"//a[contains(@data-kt ,\"ContextMenuId2Link\")]"}
COMMAND: POST /session/b0367baf27973c5edc08b2b37b2bc6c3/elements - {"using":"xpath","value":"//a[contains(@data-kt ,\"ContextMenuId2Link\")]"}
RESULT: {"using":"xpath","value":"//a[contains(@data-kt ,\"ContextMenuId2Link\")]"}
COMMAND: POST /session/b0367baf27973c5edc08b2b37b2bc6c3/element/f.9BFDF912BED0EE2DD1184AF57B04AD28.d.CEB5BAC99C3A192B400AA00D812325D8.e.12888/click - {}
RESULT: {}
COMMAND: GET /session/b0367baf27973c5edc08b2b37b2bc6c3/screenshot - {}
RESULT: {}
COMMAND: POST /session/b0367baf27973c5edc08b2b37b2bc6c3/execute/async - {"script":"<script> [1562 bytes]","args":[{"selector":{"controlType":"sap.m.Link","viewName":"etm.portal.ui.managehandovers.view.DetailExecuteHO","properties":{"text":"Contract Overview"},"searchOpenDialogs":true},"wdio_ui5_key":"etmportal.ui.managehandovers.view.DetailExecuteHOsap.m.Link{\"text\":\"Contract Overview\"}"}]}
RESULT: {"script":"<script> [1562 bytes]","args":[{"selector":{"controlType":"sap.m.Link","viewName":"etm.portal.ui.managehandovers.view.DetailExecuteHO","properties":{"text":"Contract Overview"},"searchOpenDialogs":true},"wdio_ui5_key":"etmportal.ui.managehandovers.view.DetailExecuteHOsap.m.Link{\"text\":\"Contract Overview\"}"}]}
RESULT: undefined
RESULT: undefined
COMMAND: POST /session/b0367baf27973c5edc08b2b37b2bc6c3/execute/async - {"script":"<script> [6424 bytes]","args":[{"element-6066-11e4-a52e-4f735466cecf":"f.9BFDF912BED0EE2DD1184AF57B04AD28.d.CEB5BAC99C3A192B400AA00D812325D8.e.12524"},"getText",[]]}
COMMAND: POST /session/b0367baf27973c5edc08b2b37b2bc6c3/execute/async - {"script":"<script> [1562 bytes]","args":[{"selector":{"controlType":"sap.m.ObjectStatus","viewName":"etm.portal.ui.managecontracts.view.Detail","bindingPath":{"propertyPath":"LINK_TO_LOGISTICAL_STATUS/DESCRIPTION","modelName":"catalogModel"}},"wdio_ui5_key":"etmportal.ui.managecontracts.view.Detailsap.m.ObjectStatus{\"propertyPath\":\"LINK_TO_LOGISTICAL_STATUS/DESCRIPTION\",\"modelName\":\"catalogModel\"}"}]}
RESULT: {"script":"<script> [1562 bytes]","args":[{"selector":{"controlType":"sap.m.ObjectStatus","viewName":"etm.portal.ui.managecontracts.view.Detail","bindingPath":{"propertyPath":"LINK_TO_LOGISTICAL_STATUS/DESCRIPTION","modelName":"catalogModel"}},"wdio_ui5_key":"etmportal.ui.managecontracts.view.Detailsap.m.ObjectStatus{\"propertyPath\":\"LINK_TO_LOGISTICAL_STATUS/DESCRIPTION\",\"modelName\":\"catalogModel\"}"}]}
COMMAND: POST /session/b0367baf27973c5edc08b2b37b2bc6c3/execute/async - {"script":"<script> [6424 bytes]","args":[{"element-6066-11e4-a52e-4f735466cecf":"f.9BFDF912BED0EE2DD1184AF57B04AD28.d.CEB5BAC99C3A192B400AA00D812325D8.e.13108"},"getText",[]]}
RESULT: {"script":"<script> [6424 bytes]","args":[{"element-6066-11e4-a52e-4f735466cecf":"f.9BFDF912BED0EE2DD1184AF57B04AD28.d.CEB5BAC99C3A192B400AA00D812325D8.e.13108"},"getText",[]]}
RESULT: undefined
COMMAND: POST /session/b0367baf27973c5edc08b2b37b2bc6c3/execute/async - {"script":"<script> [6424 bytes]","args":[{"element-6066-11e4-a52e-4f735466cecf":"f.9BFDF912BED0EE2DD1184AF57B04AD28.d.CEB5BAC99C3A192B400AA00D812325D8.e.12525"},"getText",[]]}
COMMAND: POST /session/b0367baf27973c5edc08b2b37b2bc6c3/execute/async - {"script":"<script> [1562 bytes]","args":[{"selector":{"controlType":"sap.m.ObjectStatus","viewName":"etm.portal.ui.managecontracts.view.Detail","bindingPath":{"propertyPath":"LINK_TO_COMMERCIAL_STATUS/DESCRIPTION","modelName":"catalogModel"}},"wdio_ui5_key":"etmportal.ui.managecontracts.view.Detailsap.m.ObjectStatus{\"propertyPath\":\"LINK_TO_COMMERCIAL_STATUS/DESCRIPTION\",\"modelName\":\"catalogModel\"}"}]}
RESULT: {"script":"<script> [1562 bytes]","args":[{"selector":{"controlType":"sap.m.ObjectStatus","viewName":"etm.portal.ui.managecontracts.view.Detail","bindingPath":{"propertyPath":"LINK_TO_COMMERCIAL_STATUS/DESCRIPTION","modelName":"catalogModel"}},"wdio_ui5_key":"etmportal.ui.managecontracts.view.Detailsap.m.ObjectStatus{\"propertyPath\":\"LINK_TO_COMMERCIAL_STATUS/DESCRIPTION\",\"modelName\":\"catalogModel\"}"}]}
COMMAND: POST /session/b0367baf27973c5edc08b2b37b2bc6c3/execute/async - {"script":"<script> [6424 bytes]","args":[{"element-6066-11e4-a52e-4f735466cecf":"f.9BFDF912BED0EE2DD1184AF57B04AD28.d.CEB5BAC99C3A192B400AA00D812325D8.e.13109"},"getText",[]]}
RESULT: {"script":"<script> [6424 bytes]","args":[{"element-6066-11e4-a52e-4f735466cecf":"f.9BFDF912BED0EE2DD1184AF57B04AD28.d.CEB5BAC99C3A192B400AA00D812325D8.e.13109"},"getText",[]]}
COMMAND: POST /session/b0367baf27973c5edc08b2b37b2bc6c3/execute/async - {"script":"<script> [1562 bytes]","args":[{"selector":{"id":"backBtn"},"wdio_ui5_key":"backBtn"}]}
RESULT: {"script":"<script> [1562 bytes]","args":[{"selector":{"id":"backBtn"},"wdio_ui5_key":"backBtn"}]}
RESULT: undefined
COMMAND: POST /session/b0367baf27973c5edc08b2b37b2bc6c3/element - {"using":"xpath","value":"//*[@id=\"backBtn\"]"}
RESULT: {"using":"xpath","value":"//*[@id=\"backBtn\"]"}
COMMAND: POST /session/b0367baf27973c5edc08b2b37b2bc6c3/element/f.9BFDF912BED0EE2DD1184AF57B04AD28.d.CEB5BAC99C3A192B400AA00D812325D8.e.13110/click - {}
RESULT: {}
COMMAND: GET /session/b0367baf27973c5edc08b2b37b2bc6c3/screenshot - {}
RESULT: {}
COMMAND: POST /session/b0367baf27973c5edc08b2b37b2bc6c3/execute/async - {"script":"<script> [1562 bytes]","args":[{"selector":{"controlType":"sap.m.Button","viewName":"etm.portal.ui.managehandovers.view.DetailExecuteHO","i18NText":{"propertyName":"text","key":"confirmAll"},"interaction":{"idSuffix":"BDI-content"}},"wdio_ui5_key":"etmportal.ui.managehandovers.view.DetailExecuteHOsap.m.Button{\"propertyName\":\"text\",\"key\":\"confirmAll\"}"}]}
RESULT: {"script":"<script> [1562 bytes]","args":[{"selector":{"controlType":"sap.m.Button","viewName":"etm.portal.ui.managehandovers.view.DetailExecuteHO","i18NText":{"propertyName":"text","key":"confirmAll"},"interaction":{"idSuffix":"BDI-content"}},"wdio_ui5_key":"etmportal.ui.managehandovers.view.DetailExecuteHOsap.m.Button{\"propertyName\":\"text\",\"key\":\"confirmAll\"}"}]}
RESULT: undefined
COMMAND: POST /session/b0367baf27973c5edc08b2b37b2bc6c3/element - {"using":"xpath","value":"//*[@id=\"__button143\"]"}
RESULT: {"using":"xpath","value":"//*[@id=\"__button143\"]"}
COMMAND: POST /session/b0367baf27973c5edc08b2b37b2bc6c3/element/f.9BFDF912BED0EE2DD1184AF57B04AD28.d.CEB5BAC99C3A192B400AA00D812325D8.e.13428/click - {}
RESULT: {}
COMMAND: POST /session/b0367baf27973c5edc08b2b37b2bc6c3/execute/async - {"script":"<script> [1562 bytes]","args":[{"selector":{"controlType":"sap.m.Button","properties":{"text":"OK"},"searchOpenDialogs":true,"interaction":{"idSuffix":"BDI-content"}},"wdio_ui5_key":"sapm.Button{\"text\":\"OK\"}"}]}
COMMAND: GET /session/b0367baf27973c5edc08b2b37b2bc6c3/screenshot - {}
RESULT: {"script":"<script> [1562 bytes]","args":[{"selector":{"controlType":"sap.m.Button","properties":{"text":"OK"},"searchOpenDialogs":true,"interaction":{"idSuffix":"BDI-content"}},"wdio_ui5_key":"sapm.Button{\"text\":\"OK\"}"}]}
RESULT: undefined
COMMAND: POST /session/b0367baf27973c5edc08b2b37b2bc6c3/element - {"using":"xpath","value":"//*[@id=\"__mbox-btn-0\"]"}
RESULT: {}
RESULT: {"using":"xpath","value":"//*[@id=\"__mbox-btn-0\"]"}
COMMAND: POST /session/b0367baf27973c5edc08b2b37b2bc6c3/element/f.9BFDF912BED0EE2DD1184AF57B04AD28.d.CEB5BAC99C3A192B400AA00D812325D8.e.13429/click - {}
RESULT: {}
COMMAND: GET /session/b0367baf27973c5edc08b2b37b2bc6c3/screenshot - {}
RESULT: {}
COMMAND: POST /session/b0367baf27973c5edc08b2b37b2bc6c3/element - {"using":"xpath","value":"//button[contains(@data-kt ,\"execHoIssueFooterButton\")]"}
RESULT: {"using":"xpath","value":"//button[contains(@data-kt ,\"execHoIssueFooterButton\")]"}
COMMAND: POST /session/b0367baf27973c5edc08b2b37b2bc6c3/element/f.9BFDF912BED0EE2DD1184AF57B04AD28.d.CEB5BAC99C3A192B400AA00D812325D8.e.13434/click - {}
RESULT: {}
COMMAND: GET /session/b0367baf27973c5edc08b2b37b2bc6c3/screenshot - {}
RESULT: {}
COMMAND: POST /session/b0367baf27973c5edc08b2b37b2bc6c3/refresh - {}
RESULT: {}
COMMAND: GET /session/b0367baf27973c5edc08b2b37b2bc6c3/screenshot - {}
RESULT: {}
COMMAND: POST /session/b0367baf27973c5edc08b2b37b2bc6c3/refresh - {}
RESULT: {}
COMMAND: GET /session/b0367baf27973c5edc08b2b37b2bc6c3/screenshot - {}
RESULT: {}
COMMAND: POST /session/b0367baf27973c5edc08b2b37b2bc6c3/window/fullscreen - {}
RESULT: {}
COMMAND: POST /session/b0367baf27973c5edc08b2b37b2bc6c3/execute/async - {"script":"<script> [189 bytes]","args":[]}
RESULT: {"script":"<script> [189 bytes]","args":[]}
COMMAND: POST /session/b0367baf27973c5edc08b2b37b2bc6c3/execute/async - {"script":"<script> [123 bytes]","args":[]}
RESULT: {"script":"<script> [123 bytes]","args":[]}
COMMAND: POST /session/b0367baf27973c5edc08b2b37b2bc6c3/timeouts - {"script":"<number>"}
RESULT: {"script":"<number>"}
COMMAND: GET /session/b0367baf27973c5edc08b2b37b2bc6c3/timeouts - {}
RESULT: {}
RESULT: undefined
COMMAND: POST /session/b0367baf27973c5edc08b2b37b2bc6c3/execute/async - {"script":"<script> [2676 bytes]","args":[]}
RESULT: {"script":"<script> [2676 bytes]","args":[]}
COMMAND: POST /session/b0367baf27973c5edc08b2b37b2bc6c3/execute/async - {"script":"<script> [2342 bytes]","args":[{"protocol":"http","hostname":"0.0.0.0","path":"/","capabilities":{"browserName":"chrome","goog:chromeOptions":{"binary":"C:\\Program Files\\Google\\Chrome\\Application\\chrome.exe","args":["--start-maximized"]}},"logLevel":"warn","connectionRetryTimeout":120000,"connectionRetryCount":3,"logLevels":{},"enableDirectConnect":true,"strictSSL":true,"_":"65 more keys: [\"cacheDir\",\"port\",\"requestedCapabilities\",\"automationProtocol\",\"baseUrl\",\"waitforInterval\",\"waitforTimeout\",\"onReload\",\"beforeCommand\",\"afterCommand\",\"rootDir\",\"specs\",\"suites\",\"exclude\",\"groupLogsByTestSpec\",\"excludeDriverLogs\",\"bail\",\"framework\",\"reporters\",\"services\",\"maxInstances\",\"maxInstancesPerCapability\",\"injectGlobals\",\"filesToWatch\",\"execArgv\",\"runnerEnv\",\"runner\",\"shard\",\"specFileRetries\",\"specFileRetriesDelay\",\"specFileRetriesDeferred\",\"reporterSyncInterval\",\"reporterSyncTimeout\",\"cucumberFeaturesWithLineNumbers\",\"autoCompileOpts\",\"mochaOpts\",\"jasmineOpts\",\"cucumberOpts\",\"onPrepare\",\"onWorkerStart\",\"onWorkerEnd\",\"before\",\"beforeSession\",\"beforeSuite\",\"beforeHook\",\"beforeTest\",\"afterTest\",\"afterHook\",\"afterSuite\",\"afterSession\",\"after\",\"onComplete\",\"beforeAssertion\",\"afterAssertion\",\"beforeFeature\",\"beforeScenario\",\"beforeStep\",\"afterStep\",\"afterScenario\",\"afterFeature\",\"_\",\"suite\",\"$0\",\"ignoredWorkerServices\",\"wdi5\"]"}]}
RESULT: {"script":"<script> [2342 bytes]","args":[{"protocol":"http","hostname":"0.0.0.0","path":"/","capabilities":{"browserName":"chrome","goog:chromeOptions":{"binary":"C:\\Program Files\\Google\\Chrome\\Application\\chrome.exe","args":["--start-maximized"]}},"logLevel":"warn","connectionRetryTimeout":120000,"connectionRetryCount":3,"logLevels":{},"enableDirectConnect":true,"strictSSL":true,"_":"65 more keys: [\"cacheDir\",\"port\",\"requestedCapabilities\",\"automationProtocol\",\"baseUrl\",\"waitforInterval\",\"waitforTimeout\",\"onReload\",\"beforeCommand\",\"afterCommand\",\"rootDir\",\"specs\",\"suites\",\"exclude\",\"groupLogsByTestSpec\",\"excludeDriverLogs\",\"bail\",\"framework\",\"reporters\",\"services\",\"maxInstances\",\"maxInstancesPerCapability\",\"injectGlobals\",\"filesToWatch\",\"execArgv\",\"runnerEnv\",\"runner\",\"shard\",\"specFileRetries\",\"specFileRetriesDelay\",\"specFileRetriesDeferred\",\"reporterSyncInterval\",\"reporterSyncTimeout\",\"cucumberFeaturesWithLineNumbers\",\"autoCompileOpts\",\"mochaOpts\",\"jasmineOpts\",\"cucumberOpts\",\"onPrepare\",\"onWorkerStart\",\"onWorkerEnd\",\"before\",\"beforeSession\",\"beforeSuite\",\"beforeHook\",\"beforeTest\",\"afterTest\",\"afterHook\",\"afterSuite\",\"afterSession\",\"after\",\"onComplete\",\"beforeAssertion\",\"afterAssertion\",\"beforeFeature\",\"beforeScenario\",\"beforeStep\",\"afterStep\",\"afterScenario\",\"afterFeature\",\"_\",\"suite\",\"$0\",\"ignoredWorkerServices\",\"wdi5\"]"}]}
COMMAND: POST /session/b0367baf27973c5edc08b2b37b2bc6c3/execute/async - {"script":"<script> [21126 bytes]","args":[35000]}
RESULT: {"script":"<script> [21126 bytes]","args":[35000]}
COMMAND: POST /session/b0367baf27973c5edc08b2b37b2bc6c3/execute/async - {"script":"<script> [1562 bytes]","args":[{"selector":{"controlType":"sap.m.SearchField","viewName":"etm.portal.ui.managehandovers.view.MasterHO","bindingPath":{"path":"","propertyPath":"/_BASIC_SEARCH_FIELD","modelName":"fi1t3rM0d31"},"interaction":{"idSuffix":"I"}},"wdio_ui5_key":"etmportal.ui.managehandovers.view.MasterHOsap.m.SearchField{\"path\":\"\",\"propertyPath\":\"/_BASIC_SEARCH_FIELD\",\"modelName\":\"fi1t3rM0d31\"}"}]}
RESULT: {"script":"<script> [1562 bytes]","args":[{"selector":{"controlType":"sap.m.SearchField","viewName":"etm.portal.ui.managehandovers.view.MasterHO","bindingPath":{"path":"","propertyPath":"/_BASIC_SEARCH_FIELD","modelName":"fi1t3rM0d31"},"interaction":{"idSuffix":"I"}},"wdio_ui5_key":"etmportal.ui.managehandovers.view.MasterHOsap.m.SearchField{\"path\":\"\",\"propertyPath\":\"/_BASIC_SEARCH_FIELD\",\"modelName\":\"fi1t3rM0d31\"}"}]}
RESULT: undefined
COMMAND: POST /session/b0367baf27973c5edc08b2b37b2bc6c3/execute/async - {"script":"<script> [776 bytes]","args":[{"enterText":"30341","selector":{"controlType":"sap.m.SearchField","viewName":"etm.portal.ui.managehandovers.view.MasterHO","bindingPath":{"path":"","propertyPath":"/_BASIC_SEARCH_FIELD","modelName":"fi1t3rM0d31"},"interaction":{"idSuffix":"I"}},"clearTextFirst":true,"interactionType":"ENTER_TEXT"}]}
RESULT: {"script":"<script> [776 bytes]","args":[{"enterText":"30341","selector":{"controlType":"sap.m.SearchField","viewName":"etm.portal.ui.managehandovers.view.MasterHO","bindingPath":{"path":"","propertyPath":"/_BASIC_SEARCH_FIELD","modelName":"fi1t3rM0d31"},"interaction":{"idSuffix":"I"}},"clearTextFirst":true,"interactionType":"ENTER_TEXT"}]}
COMMAND: POST /session/b0367baf27973c5edc08b2b37b2bc6c3/actions - {"actions":[{"id":"action30","type":"key","parameters":{},"actions":[{"type":"keyDown","value":"î€‡"},{"type":"pause","duration":10},{"type":"keyUp","value":"î€‡"}]}]}
RESULT: {"actions":[{"id":"action30","type":"key","parameters":{},"actions":[{"type":"keyDown","value":"î€‡"},{"type":"pause","duration":10},{"type":"keyUp","value":"î€‡"}]}]}
COMMAND: GET /session/b0367baf27973c5edc08b2b37b2bc6c3/screenshot - {}
RESULT: {}
COMMAND: POST /session/b0367baf27973c5edc08b2b37b2bc6c3/execute/async - {"script":"<script> [1562 bytes]","args":[{"selector":{"controlType":"sap.m.Title","viewName":"etm.portal.ui.managehandovers.view.MasterHO","properties":{"text":"Records (1)"}},"wdio_ui5_key":"etmportal.ui.managehandovers.view.MasterHOsap.m.Title{\"text\":\"Records (1)\"}"}]}
RESULT: {"script":"<script> [1562 bytes]","args":[{"selector":{"controlType":"sap.m.Title","viewName":"etm.portal.ui.managehandovers.view.MasterHO","properties":{"text":"Records (1)"}},"wdio_ui5_key":"etmportal.ui.managehandovers.view.MasterHOsap.m.Title{\"text\":\"Records (1)\"}"}]}
RESULT: undefined
COMMAND: POST /session/b0367baf27973c5edc08b2b37b2bc6c3/execute/async - {"script":"<script> [6424 bytes]","args":[{"element-6066-11e4-a52e-4f735466cecf":"f.9BFDF912BED0EE2DD1184AF57B04AD28.d.B59C0E1D33FFA0D23A0970D408EE06F5.e.13606"},"getText",[]]}
RESULT: {"script":"<script> [6424 bytes]","args":[{"element-6066-11e4-a52e-4f735466cecf":"f.9BFDF912BED0EE2DD1184AF57B04AD28.d.B59C0E1D33FFA0D23A0970D408EE06F5.e.13606"},"getText",[]]}
COMMAND: POST /session/b0367baf27973c5edc08b2b37b2bc6c3/execute/async - {"script":"<script> [1562 bytes]","args":[{"selector":{"controlType":"sap.ui.core.Icon","viewName":"etm.portal.ui.managehandovers.view.MasterHO","properties":{"src":{"regex":{"source":"slim\\-arrow\\-right"}}}},"wdio_ui5_key":"etmportal.ui.managehandovers.view.MasterHOsap.ui.core.Icon{\"src\":{\"regex\":{\"source\":\"slim\\\\-arrow\\\\-right\"}}}"}]}
RESULT: {"script":"<script> [1562 bytes]","args":[{"selector":{"controlType":"sap.ui.core.Icon","viewName":"etm.portal.ui.managehandovers.view.MasterHO","properties":{"src":{"regex":{"source":"slim\\-arrow\\-right"}}}},"wdio_ui5_key":"etmportal.ui.managehandovers.view.MasterHOsap.ui.core.Icon{\"src\":{\"regex\":{\"source\":\"slim\\\\-arrow\\\\-right\"}}}"}]}
RESULT: undefined
COMMAND: POST /session/b0367baf27973c5edc08b2b37b2bc6c3/element - {"using":"xpath","value":"//*[@id=\"__item30-__clone16-imgNav\"]"}
RESULT: {"using":"xpath","value":"//*[@id=\"__item30-__clone16-imgNav\"]"}
COMMAND: POST /session/b0367baf27973c5edc08b2b37b2bc6c3/element/f.9BFDF912BED0EE2DD1184AF57B04AD28.d.B59C0E1D33FFA0D23A0970D408EE06F5.e.13605/click - {}
RESULT: {}
COMMAND: GET /session/b0367baf27973c5edc08b2b37b2bc6c3/screenshot - {}
RESULT: {}
COMMAND: POST /session/b0367baf27973c5edc08b2b37b2bc6c3/execute/async - {"script":"<script> [1562 bytes]","args":[{"selector":{"controlType":"sap.m.ObjectStatus","viewName":"etm.portal.ui.managehandovers.view.DetailManageHO","viewId":"application-managehandovers-display-component---detailManageHO","labelFor":{"text":"Status"}},"wdio_ui5_key":"etmportal.ui.managehandovers.view.DetailManageHOsap.m.ObjectStatus{\"text\":\"Status\"}"}]}
RESULT: {"script":"<script> [1562 bytes]","args":[{"selector":{"controlType":"sap.m.ObjectStatus","viewName":"etm.portal.ui.managehandovers.view.DetailManageHO","viewId":"application-managehandovers-display-component---detailManageHO","labelFor":{"text":"Status"}},"wdio_ui5_key":"etmportal.ui.managehandovers.view.DetailManageHOsap.m.ObjectStatus{\"text\":\"Status\"}"}]}
RESULT: undefined
COMMAND: POST /session/b0367baf27973c5edc08b2b37b2bc6c3/execute/async - {"script":"<script> [6424 bytes]","args":[{"element-6066-11e4-a52e-4f735466cecf":"f.9BFDF912BED0EE2DD1184AF57B04AD28.d.B59C0E1D33FFA0D23A0970D408EE06F5.e.13694"},"getText",[]]}
RESULT: {"script":"<script> [6424 bytes]","args":[{"element-6066-11e4-a52e-4f735466cecf":"f.9BFDF912BED0EE2DD1184AF57B04AD28.d.B59C0E1D33FFA0D23A0970D408EE06F5.e.13694"},"getText",[]]}
COMMAND: POST /session/b0367baf27973c5edc08b2b37b2bc6c3/element - {"using":"xpath","value":"//a[contains(@data-kt ,\"GeneralSectionSendContractLink\")]"}
RESULT: {"using":"xpath","value":"//a[contains(@data-kt ,\"GeneralSectionSendContractLink\")]"}
COMMAND: POST /session/b0367baf27973c5edc08b2b37b2bc6c3/element/f.9BFDF912BED0EE2DD1184AF57B04AD28.d.B59C0E1D33FFA0D23A0970D408EE06F5.e.13695/click - {}
RESULT: {}
COMMAND: GET /session/b0367baf27973c5edc08b2b37b2bc6c3/screenshot - {}
RESULT: {}
COMMAND: POST /session/b0367baf27973c5edc08b2b37b2bc6c3/elements - {"using":"xpath","value":"//a[contains(@data-kt ,\"ContextMenuId2Link\")]"}
RESULT: {"using":"xpath","value":"//a[contains(@data-kt ,\"ContextMenuId2Link\")]"}
COMMAND: POST /session/b0367baf27973c5edc08b2b37b2bc6c3/element/f.9BFDF912BED0EE2DD1184AF57B04AD28.d.CEB5BAC99C3A192B400AA00D812325D8.e.12888/click - {}
COMMAND: POST /session/b0367baf27973c5edc08b2b37b2bc6c3/element - {"using":"xpath","value":"//a[contains(@data-kt ,\"ContextMenuId2Link\")]"}
RESULT: {"using":"xpath","value":"//a[contains(@data-kt ,\"ContextMenuId2Link\")]"}
COMMAND: POST /session/b0367baf27973c5edc08b2b37b2bc6c3/element/f.9BFDF912BED0EE2DD1184AF57B04AD28.d.CEB5BAC99C3A192B400AA00D812325D8.e.12888/click - {}
COMMAND: POST /session/b0367baf27973c5edc08b2b37b2bc6c3/element - {"using":"xpath","value":"//a[contains(@data-kt ,\"ContextMenuId2Link\")]"}
RESULT: {"using":"xpath","value":"//a[contains(@data-kt ,\"ContextMenuId2Link\")]"}
COMMAND: POST /session/b0367baf27973c5edc08b2b37b2bc6c3/element/f.9BFDF912BED0EE2DD1184AF57B04AD28.d.B59C0E1D33FFA0D23A0970D408EE06F5.e.13698/click - {}
RESULT: {}
COMMAND: GET /session/b0367baf27973c5edc08b2b37b2bc6c3/screenshot - {}
RESULT: {}
COMMAND: POST /session/b0367baf27973c5edc08b2b37b2bc6c3/execute/async - {"script":"<script> [1562 bytes]","args":[{"selector":{"controlType":"sap.m.ObjectStatus","viewName":"etm.portal.ui.managecontracts.view.Detail","bindingPath":{"propertyPath":"LINK_TO_COMMERCIAL_STATUS/DESCRIPTION","modelName":"catalogModel"}},"wdio_ui5_key":"etmportal.ui.managecontracts.view.Detailsap.m.ObjectStatus{\"propertyPath\":\"LINK_TO_COMMERCIAL_STATUS/DESCRIPTION\",\"modelName\":\"catalogModel\"}"}]}
RESULT: {"script":"<script> [1562 bytes]","args":[{"selector":{"controlType":"sap.m.ObjectStatus","viewName":"etm.portal.ui.managecontracts.view.Detail","bindingPath":{"propertyPath":"LINK_TO_COMMERCIAL_STATUS/DESCRIPTION","modelName":"catalogModel"}},"wdio_ui5_key":"etmportal.ui.managecontracts.view.Detailsap.m.ObjectStatus{\"propertyPath\":\"LINK_TO_COMMERCIAL_STATUS/DESCRIPTION\",\"modelName\":\"catalogModel\"}"}]}
RESULT: undefined
COMMAND: POST /session/b0367baf27973c5edc08b2b37b2bc6c3/execute/async - {"script":"<script> [6424 bytes]","args":[{"element-6066-11e4-a52e-4f735466cecf":"f.9BFDF912BED0EE2DD1184AF57B04AD28.d.B59C0E1D33FFA0D23A0970D408EE06F5.e.13940"},"getText",[]]}
RESULT: {"script":"<script> [6424 bytes]","args":[{"element-6066-11e4-a52e-4f735466cecf":"f.9BFDF912BED0EE2DD1184AF57B04AD28.d.B59C0E1D33FFA0D23A0970D408EE06F5.e.13940"},"getText",[]]}
COMMAND: POST /session/b0367baf27973c5edc08b2b37b2bc6c3/execute/async - {"script":"<script> [1562 bytes]","args":[{"selector":{"controlType":"sap.m.ObjectStatus","viewName":"etm.portal.ui.managecontracts.view.Detail","bindingPath":{"propertyPath":"LINK_TO_LOGISTICAL_STATUS/DESCRIPTION","modelName":"catalogModel"}},"wdio_ui5_key":"etmportal.ui.managecontracts.view.Detailsap.m.ObjectStatus{\"propertyPath\":\"LINK_TO_LOGISTICAL_STATUS/DESCRIPTION\",\"modelName\":\"catalogModel\"}"}]}
RESULT: {"script":"<script> [1562 bytes]","args":[{"selector":{"controlType":"sap.m.ObjectStatus","viewName":"etm.portal.ui.managecontracts.view.Detail","bindingPath":{"propertyPath":"LINK_TO_LOGISTICAL_STATUS/DESCRIPTION","modelName":"catalogModel"}},"wdio_ui5_key":"etmportal.ui.managecontracts.view.Detailsap.m.ObjectStatus{\"propertyPath\":\"LINK_TO_LOGISTICAL_STATUS/DESCRIPTION\",\"modelName\":\"catalogModel\"}"}]}
RESULT: undefined
COMMAND: POST /session/b0367baf27973c5edc08b2b37b2bc6c3/execute/async - {"script":"<script> [6424 bytes]","args":[{"element-6066-11e4-a52e-4f735466cecf":"f.9BFDF912BED0EE2DD1184AF57B04AD28.d.B59C0E1D33FFA0D23A0970D408EE06F5.e.13943"},"getText",[]]}
RESULT: {"script":"<script> [6424 bytes]","args":[{"element-6066-11e4-a52e-4f735466cecf":"f.9BFDF912BED0EE2DD1184AF57B04AD28.d.B59C0E1D33FFA0D23A0970D408EE06F5.e.13943"},"getText",[]]}
COMMAND: POST /session/b0367baf27973c5edc08b2b37b2bc6c3/element - {"using":"xpath","value":"//button[@data-kt=\"contractDetailEditBtnButton\"]"}
RESULT: {"using":"xpath","value":"//button[@data-kt=\"contractDetailEditBtnButton\"]"}
COMMAND: POST /session/b0367baf27973c5edc08b2b37b2bc6c3/element/f.9BFDF912BED0EE2DD1184AF57B04AD28.d.B59C0E1D33FFA0D23A0970D408EE06F5.e.13760/click - {}
RESULT: {}
COMMAND: GET /session/b0367baf27973c5edc08b2b37b2bc6c3/screenshot - {}
RESULT: {}
COMMAND: POST /session/b0367baf27973c5edc08b2b37b2bc6c3/element - {"using":"xpath","value":"(//span[contains(text(), \"Additional Addresses\")])[2]"}
RESULT: {"using":"xpath","value":"(//span[contains(text(), \"Additional Addresses\")])[2]"}
COMMAND: POST /session/b0367baf27973c5edc08b2b37b2bc6c3/element/f.9BFDF912BED0EE2DD1184AF57B04AD28.d.B59C0E1D33FFA0D23A0970D408EE06F5.e.14002/click - {}
RESULT: {}
COMMAND: GET /session/b0367baf27973c5edc08b2b37b2bc6c3/screenshot - {}
RESULT: {}
COMMAND: POST /session/b0367baf27973c5edc08b2b37b2bc6c3/element - {"using":"xpath","value":"//button[@data-kt=\"btnAddTableRowOverflowToolbarButton\"]"}
RESULT: {"using":"xpath","value":"//button[@data-kt=\"btnAddTableRowOverflowToolbarButton\"]"}
COMMAND: POST /session/b0367baf27973c5edc08b2b37b2bc6c3/element/f.9BFDF912BED0EE2DD1184AF57B04AD28.d.B59C0E1D33FFA0D23A0970D408EE06F5.e.14006/click - {}
RESULT: {}
COMMAND: GET /session/b0367baf27973c5edc08b2b37b2bc6c3/screenshot - {}
RESULT: {}
COMMAND: POST /session/b0367baf27973c5edc08b2b37b2bc6c3/element - {"using":"xpath","value":"//div[(text() = 'Standard Entry' or . = 'Standard Entry')]"}
RESULT: {"using":"xpath","value":"//div[(text() = 'Standard Entry' or . = 'Standard Entry')]"}
COMMAND: POST /session/b0367baf27973c5edc08b2b37b2bc6c3/element/f.9BFDF912BED0EE2DD1184AF57B04AD28.d.B59C0E1D33FFA0D23A0970D408EE06F5.e.14008/click - {}
RESULT: {}
COMMAND: POST /session/b0367baf27973c5edc08b2b37b2bc6c3/execute/async - {"script":"<script> [1562 bytes]","args":[{"selector":{"controlType":"sap.ui.core.Icon","viewName":"etm.portal.ui.managecontracts.view.EditContract","properties":{"src":{"regex":{"source":"slim\\-arrow\\-down"}}},"ancestor":{"controlType":"sap.m.ComboBox","viewName":"etm.portal.ui.managecontracts.view.EditContract","bindingPath":{"propertyPath":"RU_TYPE","modelName":"catalogModel"}}},"wdio_ui5_key":"etmportal.ui.managecontracts.view.EditContractsap.ui.core.Icon{\"src\":{\"regex\":{\"source\":\"slim\\\\-arrow\\\\-down\"}}}{\"controlType\":\"sap.m.ComboBox\",\"viewName\":\"etm.portal.ui.managecontracts.view.EditContract\",\"bindingPath\":{\"propertyPath\":\"RU_TYPE\",\"modelName\":\"catalogModel\"}}"}]}
COMMAND: GET /session/b0367baf27973c5edc08b2b37b2bc6c3/screenshot - {}
RESULT: {"script":"<script> [1562 bytes]","args":[{"selector":{"controlType":"sap.ui.core.Icon","viewName":"etm.portal.ui.managecontracts.view.EditContract","properties":{"src":{"regex":{"source":"slim\\-arrow\\-down"}}},"ancestor":{"controlType":"sap.m.ComboBox","viewName":"etm.portal.ui.managecontracts.view.EditContract","bindingPath":{"propertyPath":"RU_TYPE","modelName":"catalogModel"}}},"wdio_ui5_key":"etmportal.ui.managecontracts.view.EditContractsap.ui.core.Icon{\"src\":{\"regex\":{\"source\":\"slim\\\\-arrow\\\\-down\"}}}{\"controlType\":\"sap.m.ComboBox\",\"viewName\":\"etm.portal.ui.managecontracts.view.EditContract\",\"bindingPath\":{\"propertyPath\":\"RU_TYPE\",\"modelName\":\"catalogModel\"}}"}]}
RESULT: undefined
COMMAND: POST /session/b0367baf27973c5edc08b2b37b2bc6c3/element - {"using":"xpath","value":"//*[@id=\"__box20-arrow\"]"}
RESULT: {}
RESULT: {"using":"xpath","value":"//*[@id=\"__box20-arrow\"]"}
COMMAND: POST /session/b0367baf27973c5edc08b2b37b2bc6c3/element/f.9BFDF912BED0EE2DD1184AF57B04AD28.d.B59C0E1D33FFA0D23A0970D408EE06F5.e.14023/click - {}
RESULT: {}
COMMAND: POST /session/b0367baf27973c5edc08b2b37b2bc6c3/execute/async - {"script":"<script> [1562 bytes]","args":[{"selector":{"controlType":"sap.m.StandardListItem","viewName":"etm.portal.ui.managecontracts.view.EditContract","properties":{"title":"Material"},"searchOpenDialogs":true,"interaction":{"idSuffix":"content"}},"wdio_ui5_key":"etmportal.ui.managecontracts.view.EditContractsap.m.StandardListItem{\"title\":\"Material\"}"}]}
COMMAND: GET /session/b0367baf27973c5edc08b2b37b2bc6c3/screenshot - {}
RESULT: {"script":"<script> [1562 bytes]","args":[{"selector":{"controlType":"sap.m.StandardListItem","viewName":"etm.portal.ui.managecontracts.view.EditContract","properties":{"title":"Material"},"searchOpenDialogs":true,"interaction":{"idSuffix":"content"}},"wdio_ui5_key":"etmportal.ui.managecontracts.view.EditContractsap.m.StandardListItem{\"title\":\"Material\"}"}]}
RESULT: undefined
COMMAND: POST /session/b0367baf27973c5edc08b2b37b2bc6c3/element - {"using":"xpath","value":"//*[@id=\"__item96\"]"}
RESULT: {}
RESULT: {"using":"xpath","value":"//*[@id=\"__item96\"]"}
COMMAND: POST /session/b0367baf27973c5edc08b2b37b2bc6c3/element/f.9BFDF912BED0EE2DD1184AF57B04AD28.d.B59C0E1D33FFA0D23A0970D408EE06F5.e.14026/click - {}
RESULT: {}
COMMAND: POST /session/b0367baf27973c5edc08b2b37b2bc6c3/element - {"using":"xpath","value":"//td[7]/div/div/input"}
COMMAND: GET /session/b0367baf27973c5edc08b2b37b2bc6c3/screenshot - {}
RESULT: {"using":"xpath","value":"//td[7]/div/div/input"}
COMMAND: POST /session/b0367baf27973c5edc08b2b37b2bc6c3/element/f.9BFDF912BED0EE2DD1184AF57B04AD28.d.B59C0E1D33FFA0D23A0970D408EE06F5.e.14029/clear - {}
RESULT: {}
RESULT: {}
COMMAND: POST /session/b0367baf27973c5edc08b2b37b2bc6c3/element/f.9BFDF912BED0EE2DD1184AF57B04AD28.d.B59C0E1D33FFA0D23A0970D408EE06F5.e.14029/value - {"text":"WebdriverRUR2Cdkhzd"}
COMMAND: GET /session/b0367baf27973c5edc08b2b37b2bc6c3/screenshot - {}
RESULT: {"text":"WebdriverRUR2Cdkhzd"}
COMMAND: GET /session/b0367baf27973c5edc08b2b37b2bc6c3/screenshot - {}
RESULT: {}
RESULT: {}
COMMAND: POST /session/b0367baf27973c5edc08b2b37b2bc6c3/actions - {"actions":[{"id":"action31","type":"key","parameters":{},"actions":[{"type":"keyDown","value":"î€‡"},{"type":"pause","duration":10},{"type":"keyUp","value":"î€‡"}]}]}
RESULT: {"actions":[{"id":"action31","type":"key","parameters":{},"actions":[{"type":"keyDown","value":"î€‡"},{"type":"pause","duration":10},{"type":"keyUp","value":"î€‡"}]}]}
COMMAND: GET /session/b0367baf27973c5edc08b2b37b2bc6c3/screenshot - {}
RESULT: {}
COMMAND: POST /session/b0367baf27973c5edc08b2b37b2bc6c3/element - {"using":"xpath","value":"//button[@data-kt=\"saveButton\"]"}
RESULT: {"using":"xpath","value":"//button[@data-kt=\"saveButton\"]"}
COMMAND: POST /session/b0367baf27973c5edc08b2b37b2bc6c3/element/f.9BFDF912BED0EE2DD1184AF57B04AD28.d.B59C0E1D33FFA0D23A0970D408EE06F5.e.14052/click - {}
RESULT: {}
COMMAND: GET /session/b0367baf27973c5edc08b2b37b2bc6c3/screenshot - {}
RESULT: {}
RESULT: undefined
COMMAND: POST /session/b0367baf27973c5edc08b2b37b2bc6c3/execute/async - {"script":"<script> [6424 bytes]","args":[{"element-6066-11e4-a52e-4f735466cecf":"f.9BFDF912BED0EE2DD1184AF57B04AD28.d.B59C0E1D33FFA0D23A0970D408EE06F5.e.13943"},"getText",[]]}
RESULT: {"script":"<script> [6424 bytes]","args":[{"element-6066-11e4-a52e-4f735466cecf":"f.9BFDF912BED0EE2DD1184AF57B04AD28.d.B59C0E1D33FFA0D23A0970D408EE06F5.e.13943"},"getText",[]]}
COMMAND: DELETE /session/b0367baf27973c5edc08b2b37b2bc6c3 - {}
RESULT: {}
]]></system-out>
    </testcase>
  </testsuite>
</testsuites>