<?xml version="1.0" encoding="UTF-8"?>
<testsuites tests="12" failures="0" errors="0" skipped="0">
  <testsuite timestamp="2025-05-28T16:35:49" time="485.83" tests="5" failures="0" errors="0" skipped="0">
    <properties>
      <property name="specId" value="0"/>
      <property name="suiteName" value="Warehouse movements inventory test"/>
      <property name="capabilities" value="chrome.136_0_7103_93.windows"/>
      <property name="file" value="file:///D:/a/1/s/test/specs/HTR/smoke-warehouse-movements-inventory.js"/>
    </properties>
    <testcase classname="chrome.136_0_7103_93.windows.Warehouse_movements_inventory_test" name="Should create a new WHM yard" time="132.17">
      <system-out><![CDATA[
COMMAND: POST /session/1fa10dbe6cace0b0b57e1b97fc70a6c9/execute/async - {"script":"<script> [1562 bytes]","args":[{"selector":{"controlType":"sap.m.GenericTile","properties":{"header":"Manage Yards"}},"wdio_ui5_key":"sapm.GenericTile{\"header\":\"Manage Yards\"}"}]}
RESULT: {"script":"<script> [1562 bytes]","args":[{"selector":{"controlType":"sap.m.GenericTile","properties":{"header":"Manage Yards"}},"wdio_ui5_key":"sapm.GenericTile{\"header\":\"Manage Yards\"}"}]}
RESULT: undefined
COMMAND: POST /session/1fa10dbe6cace0b0b57e1b97fc70a6c9/element - {"using":"xpath","value":"//*[@id=\"__tile41\"]"}
RESULT: {"using":"xpath","value":"//*[@id=\"__tile41\"]"}
COMMAND: POST /session/1fa10dbe6cace0b0b57e1b97fc70a6c9/element/f.0BA98F5D4C23DAB34A6BC0E7B973FCA4.d.5C3BDF611535B2C490255B1CAD36FF48.e.108/click - {}
RESULT: {}
COMMAND: GET /session/1fa10dbe6cace0b0b57e1b97fc70a6c9/screenshot - {}
RESULT: {}
COMMAND: POST /session/1fa10dbe6cace0b0b57e1b97fc70a6c9/elements - {"using":"xpath","value":"//span[text()='Error']"}
RESULT: {"using":"xpath","value":"//span[text()='Error']"}
COMMAND: POST /session/1fa10dbe6cace0b0b57e1b97fc70a6c9/execute/async - {"script":"<script> [1562 bytes]","args":[{"selector":{"controlType":"sap.ui.core.Icon","viewName":"etm.portal.ui.manageyards.view.Master","viewId":"application-manageyards-display-component---masterYard","properties":{"src":{"regex":{"source":"add"}}}},"wdio_ui5_key":"etmportal.ui.manageyards.view.Mastersap.ui.core.Icon{\"src\":{\"regex\":{\"source\":\"add\"}}}"}]}
RESULT: {"script":"<script> [1562 bytes]","args":[{"selector":{"controlType":"sap.ui.core.Icon","viewName":"etm.portal.ui.manageyards.view.Master","viewId":"application-manageyards-display-component---masterYard","properties":{"src":{"regex":{"source":"add"}}}},"wdio_ui5_key":"etmportal.ui.manageyards.view.Mastersap.ui.core.Icon{\"src\":{\"regex\":{\"source\":\"add\"}}}"}]}
RESULT: undefined
COMMAND: POST /session/1fa10dbe6cace0b0b57e1b97fc70a6c9/element - {"using":"xpath","value":"//*[@id=\"__button4-img\"]"}
RESULT: {"using":"xpath","value":"//*[@id=\"__button4-img\"]"}
COMMAND: POST /session/1fa10dbe6cace0b0b57e1b97fc70a6c9/element/f.0BA98F5D4C23DAB34A6BC0E7B973FCA4.d.5C3BDF611535B2C490255B1CAD36FF48.e.157/click - {}
RESULT: {}
COMMAND: GET /session/1fa10dbe6cace0b0b57e1b97fc70a6c9/screenshot - {}
RESULT: {}
COMMAND: POST /session/1fa10dbe6cace0b0b57e1b97fc70a6c9/execute/async - {"script":"<script> [1562 bytes]","args":[{"selector":{"id":"application-manageyards-display-component---NewYard--yardId","interaction":{"idSuffix":"inner"}},"wdio_ui5_key":"applicationmanageyards-display-component---NewYard--yardId"}]}
RESULT: {"script":"<script> [1562 bytes]","args":[{"selector":{"id":"application-manageyards-display-component---NewYard--yardId","interaction":{"idSuffix":"inner"}},"wdio_ui5_key":"applicationmanageyards-display-component---NewYard--yardId"}]}
RESULT: undefined
COMMAND: POST /session/1fa10dbe6cace0b0b57e1b97fc70a6c9/element - {"using":"xpath","value":"//*[@id=\"application-manageyards-display-component---NewYard--addressDetailDetailsName1-inner\"]"}
RESULT: {"using":"xpath","value":"//*[@id=\"application-manageyards-display-component---NewYard--addressDetailDetailsName1-inner\"]"}
COMMAND: POST /session/1fa10dbe6cace0b0b57e1b97fc70a6c9/element/f.0BA98F5D4C23DAB34A6BC0E7B973FCA4.d.5C3BDF611535B2C490255B1CAD36FF48.e.369/clear - {}
RESULT: {}
COMMAND: POST /session/1fa10dbe6cace0b0b57e1b97fc70a6c9/element/f.0BA98F5D4C23DAB34A6BC0E7B973FCA4.d.5C3BDF611535B2C490255B1CAD36FF48.e.369/value - {"text":"WebdriverWHMYardeyljb"}
COMMAND: GET /session/1fa10dbe6cace0b0b57e1b97fc70a6c9/screenshot - {}
RESULT: {"text":"WebdriverWHMYardeyljb"}
COMMAND: POST /session/1fa10dbe6cace0b0b57e1b97fc70a6c9/element - {"using":"xpath","value":"//*[@id=\"application-manageyards-display-component---NewYard--addressDetailDetailsLanguage-inner\"]"}
COMMAND: GET /session/1fa10dbe6cace0b0b57e1b97fc70a6c9/screenshot - {}
RESULT: {}
RESULT: {"using":"xpath","value":"//*[@id=\"application-manageyards-display-component---NewYard--addressDetailDetailsLanguage-inner\"]"}
COMMAND: POST /session/1fa10dbe6cace0b0b57e1b97fc70a6c9/element/f.0BA98F5D4C23DAB34A6BC0E7B973FCA4.d.5C3BDF611535B2C490255B1CAD36FF48.e.370/clear - {}
RESULT: {}
RESULT: {}
COMMAND: POST /session/1fa10dbe6cace0b0b57e1b97fc70a6c9/element/f.0BA98F5D4C23DAB34A6BC0E7B973FCA4.d.5C3BDF611535B2C490255B1CAD36FF48.e.370/value - {"text":"Romanian"}
COMMAND: GET /session/1fa10dbe6cace0b0b57e1b97fc70a6c9/screenshot - {}
RESULT: {"text":"Romanian"}
COMMAND: POST /session/1fa10dbe6cace0b0b57e1b97fc70a6c9/element - {"using":"xpath","value":"//input[contains(@id ,\"application-manageyards-display-component---NewYard--addressDetailDetailsName1-inner\")]"}
COMMAND: GET /session/1fa10dbe6cace0b0b57e1b97fc70a6c9/screenshot - {}
RESULT: {}
RESULT: {"using":"xpath","value":"//input[contains(@id ,\"application-manageyards-display-component---NewYard--addressDetailDetailsName1-inner\")]"}
COMMAND: GET /session/1fa10dbe6cace0b0b57e1b97fc70a6c9/element/f.0BA98F5D4C23DAB34A6BC0E7B973FCA4.d.5C3BDF611535B2C490255B1CAD36FF48.e.369/property/value - {}
RESULT: {}
RESULT: {}
COMMAND: GET /session/1fa10dbe6cace0b0b57e1b97fc70a6c9/screenshot - {}
RESULT: {}
COMMAND: POST /session/1fa10dbe6cace0b0b57e1b97fc70a6c9/element - {"using":"xpath","value":"//*[@id=\"application-manageyards-display-component---NewYard--addressDetailDetailsCity1-inner\"]"}
RESULT: {"using":"xpath","value":"//*[@id=\"application-manageyards-display-component---NewYard--addressDetailDetailsCity1-inner\"]"}
COMMAND: POST /session/1fa10dbe6cace0b0b57e1b97fc70a6c9/element/f.0BA98F5D4C23DAB34A6BC0E7B973FCA4.d.5C3BDF611535B2C490255B1CAD36FF48.e.372/clear - {}
RESULT: {}
COMMAND: POST /session/1fa10dbe6cace0b0b57e1b97fc70a6c9/element/f.0BA98F5D4C23DAB34A6BC0E7B973FCA4.d.5C3BDF611535B2C490255B1CAD36FF48.e.372/value - {"text":"Bucuresti"}
COMMAND: GET /session/1fa10dbe6cace0b0b57e1b97fc70a6c9/screenshot - {}
RESULT: {"text":"Bucuresti"}
COMMAND: GET /session/1fa10dbe6cace0b0b57e1b97fc70a6c9/screenshot - {}
RESULT: {}
RESULT: {}
COMMAND: POST /session/1fa10dbe6cace0b0b57e1b97fc70a6c9/element - {"using":"xpath","value":"//*[@id=\"application-manageyards-display-component---NewYard--addressDetailDetailsCountry-inner\"]"}
RESULT: {"using":"xpath","value":"//*[@id=\"application-manageyards-display-component---NewYard--addressDetailDetailsCountry-inner\"]"}
COMMAND: POST /session/1fa10dbe6cace0b0b57e1b97fc70a6c9/element/f.0BA98F5D4C23DAB34A6BC0E7B973FCA4.d.5C3BDF611535B2C490255B1CAD36FF48.e.376/clear - {}
RESULT: {}
COMMAND: POST /session/1fa10dbe6cace0b0b57e1b97fc70a6c9/element/f.0BA98F5D4C23DAB34A6BC0E7B973FCA4.d.5C3BDF611535B2C490255B1CAD36FF48.e.376/value - {"text":"Romania"}
COMMAND: GET /session/1fa10dbe6cace0b0b57e1b97fc70a6c9/screenshot - {}
RESULT: {"text":"Romania"}
COMMAND: GET /session/1fa10dbe6cace0b0b57e1b97fc70a6c9/screenshot - {}
RESULT: {}
RESULT: {}
COMMAND: POST /session/1fa10dbe6cace0b0b57e1b97fc70a6c9/execute/async - {"script":"<script> [1562 bytes]","args":[{"selector":{"controlType":"sap.m.Button","viewName":"etm.portal.ui.manageyards.view.New","viewId":"application-manageyards-display-component---NewYard","properties":{"text":"Commercial"},"interaction":{"idSuffix":"BDI-content"}},"wdio_ui5_key":"etmportal.ui.manageyards.view.Newsap.m.Button{\"text\":\"Commercial\"}"}]}
RESULT: {"script":"<script> [1562 bytes]","args":[{"selector":{"controlType":"sap.m.Button","viewName":"etm.portal.ui.manageyards.view.New","viewId":"application-manageyards-display-component---NewYard","properties":{"text":"Commercial"},"interaction":{"idSuffix":"BDI-content"}},"wdio_ui5_key":"etmportal.ui.manageyards.view.Newsap.m.Button{\"text\":\"Commercial\"}"}]}
RESULT: undefined
COMMAND: POST /session/1fa10dbe6cace0b0b57e1b97fc70a6c9/element - {"using":"xpath","value":"//*[@id=\"application-manageyards-display-component---NewYard--ObjectPageLayout-anchBar-__section5-anchor\"]"}
RESULT: {"using":"xpath","value":"//*[@id=\"application-manageyards-display-component---NewYard--ObjectPageLayout-anchBar-__section5-anchor\"]"}
COMMAND: POST /session/1fa10dbe6cace0b0b57e1b97fc70a6c9/element/f.0BA98F5D4C23DAB34A6BC0E7B973FCA4.d.5C3BDF611535B2C490255B1CAD36FF48.e.572/click - {}
RESULT: {}
COMMAND: GET /session/1fa10dbe6cace0b0b57e1b97fc70a6c9/screenshot - {}
RESULT: {}
COMMAND: POST /session/1fa10dbe6cace0b0b57e1b97fc70a6c9/element - {"using":"xpath","value":"//div[contains(text(), \"Commercial\")]"}
RESULT: {"using":"xpath","value":"//div[contains(text(), \"Commercial\")]"}
COMMAND: GET /session/1fa10dbe6cace0b0b57e1b97fc70a6c9/element/f.0BA98F5D4C23DAB34A6BC0E7B973FCA4.d.5C3BDF611535B2C490255B1CAD36FF48.e.581/rect - {}
RESULT: {}
COMMAND: GET /session/1fa10dbe6cace0b0b57e1b97fc70a6c9/window/rect - {}
RESULT: {}
COMMAND: POST /session/1fa10dbe6cace0b0b57e1b97fc70a6c9/execute/sync - {"script":"<script> [92 bytes]","args":[]}
RESULT: {"script":"<script> [92 bytes]","args":[]}
COMMAND: POST /session/1fa10dbe6cace0b0b57e1b97fc70a6c9/actions - {"actions":[{"id":"action1","type":"wheel","parameters":{},"actions":[{"type":"scroll","x":-1841,"y":-44,"deltaX":0,"deltaY":0,"duration":0,"origin":{"element-6066-11e4-a52e-4f735466cecf":"f.0BA98F5D4C23DAB34A6BC0E7B973FCA4.d.5C3BDF611535B2C490255B1CAD36FF48.e.581"}}]}]}
COMMAND: GET /session/1fa10dbe6cace0b0b57e1b97fc70a6c9/screenshot - {}
RESULT: {}
COMMAND: POST /session/1fa10dbe6cace0b0b57e1b97fc70a6c9/execute/sync - {"script":"<script> [79 bytes]","args":[{"element-6066-11e4-a52e-4f735466cecf":"f.0BA98F5D4C23DAB34A6BC0E7B973FCA4.d.5C3BDF611535B2C490255B1CAD36FF48.e.581","ELEMENT":"f.0BA98F5D4C23DAB34A6BC0E7B973FCA4.d.5C3BDF611535B2C490255B1CAD36FF48.e.581"},{"block":"start","inline":"nearest"}]}
RESULT: {"script":"<script> [79 bytes]","args":[{"element-6066-11e4-a52e-4f735466cecf":"f.0BA98F5D4C23DAB34A6BC0E7B973FCA4.d.5C3BDF611535B2C490255B1CAD36FF48.e.581","ELEMENT":"f.0BA98F5D4C23DAB34A6BC0E7B973FCA4.d.5C3BDF611535B2C490255B1CAD36FF48.e.581"},{"block":"start","inline":"nearest"}]}
COMMAND: GET /session/1fa10dbe6cace0b0b57e1b97fc70a6c9/screenshot - {}
RESULT: {}
COMMAND: POST /session/1fa10dbe6cace0b0b57e1b97fc70a6c9/execute/async - {"script":"<script> [1562 bytes]","args":[{"selector":{"id":"application-manageyards-display-component---NewYard--addressEditDetailsCostObjectCstType-arrow"},"wdio_ui5_key":"applicationmanageyards-display-component---NewYard--addressEditDetailsCostObjectCstType-arrow"}]}
RESULT: {"script":"<script> [1562 bytes]","args":[{"selector":{"id":"application-manageyards-display-component---NewYard--addressEditDetailsCostObjectCstType-arrow"},"wdio_ui5_key":"applicationmanageyards-display-component---NewYard--addressEditDetailsCostObjectCstType-arrow"}]}
RESULT: undefined
COMMAND: POST /session/1fa10dbe6cace0b0b57e1b97fc70a6c9/element - {"using":"xpath","value":"//*[@id=\"application-manageyards-display-component---NewYard--addressEditDetailsCostObjectCstType-arrow\"]"}
RESULT: {"using":"xpath","value":"//*[@id=\"application-manageyards-display-component---NewYard--addressEditDetailsCostObjectCstType-arrow\"]"}
COMMAND: POST /session/1fa10dbe6cace0b0b57e1b97fc70a6c9/element/f.0BA98F5D4C23DAB34A6BC0E7B973FCA4.d.5C3BDF611535B2C490255B1CAD36FF48.e.582/click - {}
RESULT: {}
COMMAND: POST /session/1fa10dbe6cace0b0b57e1b97fc70a6c9/element - {"using":"xpath","value":"//span[contains(text(), \"Cost Center\")]"}
COMMAND: GET /session/1fa10dbe6cace0b0b57e1b97fc70a6c9/screenshot - {}
RESULT: {"using":"xpath","value":"//span[contains(text(), \"Cost Center\")]"}
COMMAND: POST /session/1fa10dbe6cace0b0b57e1b97fc70a6c9/element/f.0BA98F5D4C23DAB34A6BC0E7B973FCA4.d.5C3BDF611535B2C490255B1CAD36FF48.e.583/click - {}
RESULT: {}
RESULT: {}
COMMAND: GET /session/1fa10dbe6cace0b0b57e1b97fc70a6c9/screenshot - {}
RESULT: {}
COMMAND: POST /session/1fa10dbe6cace0b0b57e1b97fc70a6c9/execute/async - {"script":"<script> [1562 bytes]","args":[{"selector":{"id":"application-manageyards-display-component---NewYard--addressNewCostObjectCstID-vhi"},"wdio_ui5_key":"applicationmanageyards-display-component---NewYard--addressNewCostObjectCstID-vhi"}]}
RESULT: {"script":"<script> [1562 bytes]","args":[{"selector":{"id":"application-manageyards-display-component---NewYard--addressNewCostObjectCstID-vhi"},"wdio_ui5_key":"applicationmanageyards-display-component---NewYard--addressNewCostObjectCstID-vhi"}]}
RESULT: undefined
COMMAND: POST /session/1fa10dbe6cace0b0b57e1b97fc70a6c9/element - {"using":"xpath","value":"//*[@id=\"application-manageyards-display-component---NewYard--addressNewCostObjectCstID-vhi\"]"}
RESULT: {"using":"xpath","value":"//*[@id=\"application-manageyards-display-component---NewYard--addressNewCostObjectCstID-vhi\"]"}
COMMAND: POST /session/1fa10dbe6cace0b0b57e1b97fc70a6c9/element/f.0BA98F5D4C23DAB34A6BC0E7B973FCA4.d.5C3BDF611535B2C490255B1CAD36FF48.e.587/click - {}
RESULT: {}
COMMAND: GET /session/1fa10dbe6cace0b0b57e1b97fc70a6c9/screenshot - {}
RESULT: {}
COMMAND: POST /session/1fa10dbe6cace0b0b57e1b97fc70a6c9/execute/async - {"script":"<script> [1562 bytes]","args":[{"selector":{"controlType":"sap.m.SearchField","properties":{"placeholder":"Search"},"searchOpenDialogs":true,"interaction":{"idSuffix":"I"}},"wdio_ui5_key":"sapm.SearchField{\"placeholder\":\"Search\"}"}]}
RESULT: {"script":"<script> [1562 bytes]","args":[{"selector":{"controlType":"sap.m.SearchField","properties":{"placeholder":"Search"},"searchOpenDialogs":true,"interaction":{"idSuffix":"I"}},"wdio_ui5_key":"sapm.SearchField{\"placeholder\":\"Search\"}"}]}
RESULT: undefined
COMMAND: POST /session/1fa10dbe6cace0b0b57e1b97fc70a6c9/execute/async - {"script":"<script> [776 bytes]","args":[{"enterText":"10001013","selector":{"controlType":"sap.m.SearchField","properties":{"placeholder":"Search"},"searchOpenDialogs":true,"interaction":{"idSuffix":"I"}},"clearTextFirst":true,"interactionType":"ENTER_TEXT"}]}
RESULT: {"script":"<script> [776 bytes]","args":[{"enterText":"10001013","selector":{"controlType":"sap.m.SearchField","properties":{"placeholder":"Search"},"searchOpenDialogs":true,"interaction":{"idSuffix":"I"}},"clearTextFirst":true,"interactionType":"ENTER_TEXT"}]}
COMMAND: POST /session/1fa10dbe6cace0b0b57e1b97fc70a6c9/actions - {"actions":[{"id":"action2","type":"key","parameters":{},"actions":[{"type":"keyDown","value":""},{"type":"pause","duration":10},{"type":"keyUp","value":""}]}]}
RESULT: {"actions":[{"id":"action2","type":"key","parameters":{},"actions":[{"type":"keyDown","value":""},{"type":"pause","duration":10},{"type":"keyUp","value":""}]}]}
COMMAND: GET /session/1fa10dbe6cace0b0b57e1b97fc70a6c9/screenshot - {}
RESULT: {}
COMMAND: POST /session/1fa10dbe6cace0b0b57e1b97fc70a6c9/element - {"using":"xpath","value":"//span[contains(text(), \"General Management\")]"}
RESULT: {"using":"xpath","value":"//span[contains(text(), \"General Management\")]"}
COMMAND: POST /session/1fa10dbe6cace0b0b57e1b97fc70a6c9/element/f.0BA98F5D4C23DAB34A6BC0E7B973FCA4.d.5C3BDF611535B2C490255B1CAD36FF48.e.628/click - {}
RESULT: {}
COMMAND: GET /session/1fa10dbe6cace0b0b57e1b97fc70a6c9/screenshot - {}
RESULT: {}
COMMAND: POST /session/1fa10dbe6cace0b0b57e1b97fc70a6c9/element - {"using":"xpath","value":"//bdi[contains(text(), \"OK\")]"}
RESULT: {"using":"xpath","value":"//bdi[contains(text(), \"OK\")]"}
COMMAND: POST /session/1fa10dbe6cace0b0b57e1b97fc70a6c9/element/f.0BA98F5D4C23DAB34A6BC0E7B973FCA4.d.5C3BDF611535B2C490255B1CAD36FF48.e.629/click - {}
RESULT: {}
COMMAND: GET /session/1fa10dbe6cace0b0b57e1b97fc70a6c9/screenshot - {}
RESULT: {}
COMMAND: POST /session/1fa10dbe6cace0b0b57e1b97fc70a6c9/execute/async - {"script":"<script> [1562 bytes]","args":[{"selector":{"id":"application-manageyards-display-component---NewYard--addressEditDetailsCurrency","interaction":{"idSuffix":"inner"}},"wdio_ui5_key":"applicationmanageyards-display-component---NewYard--addressEditDetailsCurrency"}]}
RESULT: {"script":"<script> [1562 bytes]","args":[{"selector":{"id":"application-manageyards-display-component---NewYard--addressEditDetailsCurrency","interaction":{"idSuffix":"inner"}},"wdio_ui5_key":"applicationmanageyards-display-component---NewYard--addressEditDetailsCurrency"}]}
RESULT: undefined
COMMAND: POST /session/1fa10dbe6cace0b0b57e1b97fc70a6c9/execute/async - {"script":"<script> [776 bytes]","args":[{"enterText":"Euro","selector":{"id":"application-manageyards-display-component---NewYard--addressEditDetailsCurrency","interaction":{"idSuffix":"inner"}},"clearTextFirst":true,"interactionType":"ENTER_TEXT"}]}
RESULT: {"script":"<script> [776 bytes]","args":[{"enterText":"Euro","selector":{"id":"application-manageyards-display-component---NewYard--addressEditDetailsCurrency","interaction":{"idSuffix":"inner"}},"clearTextFirst":true,"interactionType":"ENTER_TEXT"}]}
COMMAND: POST /session/1fa10dbe6cace0b0b57e1b97fc70a6c9/execute/async - {"script":"<script> [1562 bytes]","args":[{"selector":{"controlType":"sap.m.Input","viewName":"etm.portal.ui.manageyards.view.New","viewId":"application-manageyards-display-component---NewYard","bindingPath":{"path":"","propertyPath":"/CONTROLLING_AREA","modelName":"NewYardModel"},"interaction":{"idSuffix":"inner"}},"wdio_ui5_key":"etmportal.ui.manageyards.view.Newsap.m.Input{\"path\":\"\",\"propertyPath\":\"/CONTROLLING_AREA\",\"modelName\":\"NewYardModel\"}"}]}
RESULT: {"script":"<script> [1562 bytes]","args":[{"selector":{"controlType":"sap.m.Input","viewName":"etm.portal.ui.manageyards.view.New","viewId":"application-manageyards-display-component---NewYard","bindingPath":{"path":"","propertyPath":"/CONTROLLING_AREA","modelName":"NewYardModel"},"interaction":{"idSuffix":"inner"}},"wdio_ui5_key":"etmportal.ui.manageyards.view.Newsap.m.Input{\"path\":\"\",\"propertyPath\":\"/CONTROLLING_AREA\",\"modelName\":\"NewYardModel\"}"}]}
RESULT: undefined
COMMAND: POST /session/1fa10dbe6cace0b0b57e1b97fc70a6c9/execute/async - {"script":"<script> [776 bytes]","args":[{"enterText":"Z001","selector":{"controlType":"sap.m.Input","viewName":"etm.portal.ui.manageyards.view.New","viewId":"application-manageyards-display-component---NewYard","bindingPath":{"path":"","propertyPath":"/CONTROLLING_AREA","modelName":"NewYardModel"},"interaction":{"idSuffix":"inner"}},"clearTextFirst":true,"interactionType":"ENTER_TEXT"}]}
RESULT: {"script":"<script> [776 bytes]","args":[{"enterText":"Z001","selector":{"controlType":"sap.m.Input","viewName":"etm.portal.ui.manageyards.view.New","viewId":"application-manageyards-display-component---NewYard","bindingPath":{"path":"","propertyPath":"/CONTROLLING_AREA","modelName":"NewYardModel"},"interaction":{"idSuffix":"inner"}},"clearTextFirst":true,"interactionType":"ENTER_TEXT"}]}
COMMAND: POST /session/1fa10dbe6cace0b0b57e1b97fc70a6c9/execute/async - {"script":"<script> [1562 bytes]","args":[{"selector":{"id":"application-manageyards-display-component---NewYard--companyCodeComboBox","interaction":{"idSuffix":"inner"}},"wdio_ui5_key":"applicationmanageyards-display-component---NewYard--companyCodeComboBox"}]}
RESULT: {"script":"<script> [1562 bytes]","args":[{"selector":{"id":"application-manageyards-display-component---NewYard--companyCodeComboBox","interaction":{"idSuffix":"inner"}},"wdio_ui5_key":"applicationmanageyards-display-component---NewYard--companyCodeComboBox"}]}
RESULT: undefined
COMMAND: POST /session/1fa10dbe6cace0b0b57e1b97fc70a6c9/execute/async - {"script":"<script> [776 bytes]","args":[{"enterText":"1000","selector":{"id":"application-manageyards-display-component---NewYard--companyCodeComboBox","interaction":{"idSuffix":"inner"}},"clearTextFirst":true,"interactionType":"ENTER_TEXT"}]}
RESULT: {"script":"<script> [776 bytes]","args":[{"enterText":"1000","selector":{"id":"application-manageyards-display-component---NewYard--companyCodeComboBox","interaction":{"idSuffix":"inner"}},"clearTextFirst":true,"interactionType":"ENTER_TEXT"}]}
COMMAND: POST /session/1fa10dbe6cace0b0b57e1b97fc70a6c9/actions - {"actions":[{"id":"action3","type":"key","parameters":{},"actions":[{"type":"keyDown","value":""},{"type":"pause","duration":10},{"type":"keyUp","value":""}]}]}
RESULT: {"actions":[{"id":"action3","type":"key","parameters":{},"actions":[{"type":"keyDown","value":""},{"type":"pause","duration":10},{"type":"keyUp","value":""}]}]}
COMMAND: POST /session/1fa10dbe6cace0b0b57e1b97fc70a6c9/execute/async - {"script":"<script> [1562 bytes]","args":[{"selector":{"controlType":"sap.m.Input","viewName":"etm.portal.ui.manageyards.view.New","viewId":"application-manageyards-display-component---NewYard","bindingPath":{"path":"","propertyPath":"/PLANT","modelName":"NewYardModel"},"interaction":{"idSuffix":"inner"}},"wdio_ui5_key":"etmportal.ui.manageyards.view.Newsap.m.Input{\"path\":\"\",\"propertyPath\":\"/PLANT\",\"modelName\":\"NewYardModel\"}"}]}
COMMAND: GET /session/1fa10dbe6cace0b0b57e1b97fc70a6c9/screenshot - {}
RESULT: {"script":"<script> [1562 bytes]","args":[{"selector":{"controlType":"sap.m.Input","viewName":"etm.portal.ui.manageyards.view.New","viewId":"application-manageyards-display-component---NewYard","bindingPath":{"path":"","propertyPath":"/PLANT","modelName":"NewYardModel"},"interaction":{"idSuffix":"inner"}},"wdio_ui5_key":"etmportal.ui.manageyards.view.Newsap.m.Input{\"path\":\"\",\"propertyPath\":\"/PLANT\",\"modelName\":\"NewYardModel\"}"}]}
RESULT: undefined
COMMAND: POST /session/1fa10dbe6cace0b0b57e1b97fc70a6c9/execute/async - {"script":"<script> [776 bytes]","args":[{"enterText":"1001","selector":{"controlType":"sap.m.Input","viewName":"etm.portal.ui.manageyards.view.New","viewId":"application-manageyards-display-component---NewYard","bindingPath":{"path":"","propertyPath":"/PLANT","modelName":"NewYardModel"},"interaction":{"idSuffix":"inner"}},"clearTextFirst":true,"interactionType":"ENTER_TEXT"}]}
RESULT: {}
RESULT: {"script":"<script> [776 bytes]","args":[{"enterText":"1001","selector":{"controlType":"sap.m.Input","viewName":"etm.portal.ui.manageyards.view.New","viewId":"application-manageyards-display-component---NewYard","bindingPath":{"path":"","propertyPath":"/PLANT","modelName":"NewYardModel"},"interaction":{"idSuffix":"inner"}},"clearTextFirst":true,"interactionType":"ENTER_TEXT"}]}
COMMAND: POST /session/1fa10dbe6cace0b0b57e1b97fc70a6c9/execute/async - {"script":"<script> [1562 bytes]","args":[{"selector":{"controlType":"sap.m.Input","viewName":"etm.portal.ui.manageyards.view.New","viewId":"application-manageyards-display-component---NewYard","bindingPath":{"path":"","propertyPath":"/SALES_AREA_VKORG","modelName":"NewYardModel"},"interaction":{"idSuffix":"inner"}},"wdio_ui5_key":"etmportal.ui.manageyards.view.Newsap.m.Input{\"path\":\"\",\"propertyPath\":\"/SALES_AREA_VKORG\",\"modelName\":\"NewYardModel\"}"}]}
RESULT: {"script":"<script> [1562 bytes]","args":[{"selector":{"controlType":"sap.m.Input","viewName":"etm.portal.ui.manageyards.view.New","viewId":"application-manageyards-display-component---NewYard","bindingPath":{"path":"","propertyPath":"/SALES_AREA_VKORG","modelName":"NewYardModel"},"interaction":{"idSuffix":"inner"}},"wdio_ui5_key":"etmportal.ui.manageyards.view.Newsap.m.Input{\"path\":\"\",\"propertyPath\":\"/SALES_AREA_VKORG\",\"modelName\":\"NewYardModel\"}"}]}
RESULT: undefined
COMMAND: POST /session/1fa10dbe6cace0b0b57e1b97fc70a6c9/execute/async - {"script":"<script> [776 bytes]","args":[{"enterText":"C002","selector":{"controlType":"sap.m.Input","viewName":"etm.portal.ui.manageyards.view.New","viewId":"application-manageyards-display-component---NewYard","bindingPath":{"path":"","propertyPath":"/SALES_AREA_VKORG","modelName":"NewYardModel"},"interaction":{"idSuffix":"inner"}},"clearTextFirst":true,"interactionType":"ENTER_TEXT"}]}
RESULT: {"script":"<script> [776 bytes]","args":[{"enterText":"C002","selector":{"controlType":"sap.m.Input","viewName":"etm.portal.ui.manageyards.view.New","viewId":"application-manageyards-display-component---NewYard","bindingPath":{"path":"","propertyPath":"/SALES_AREA_VKORG","modelName":"NewYardModel"},"interaction":{"idSuffix":"inner"}},"clearTextFirst":true,"interactionType":"ENTER_TEXT"}]}
COMMAND: POST /session/1fa10dbe6cace0b0b57e1b97fc70a6c9/execute/async - {"script":"<script> [1562 bytes]","args":[{"selector":{"controlType":"sap.m.Input","viewName":"etm.portal.ui.manageyards.view.New","viewId":"application-manageyards-display-component---NewYard","bindingPath":{"path":"","propertyPath":"/SALES_AREA_VTWEG","modelName":"NewYardModel"},"interaction":{"idSuffix":"inner"}},"wdio_ui5_key":"etmportal.ui.manageyards.view.Newsap.m.Input{\"path\":\"\",\"propertyPath\":\"/SALES_AREA_VTWEG\",\"modelName\":\"NewYardModel\"}"}]}
RESULT: {"script":"<script> [1562 bytes]","args":[{"selector":{"controlType":"sap.m.Input","viewName":"etm.portal.ui.manageyards.view.New","viewId":"application-manageyards-display-component---NewYard","bindingPath":{"path":"","propertyPath":"/SALES_AREA_VTWEG","modelName":"NewYardModel"},"interaction":{"idSuffix":"inner"}},"wdio_ui5_key":"etmportal.ui.manageyards.view.Newsap.m.Input{\"path\":\"\",\"propertyPath\":\"/SALES_AREA_VTWEG\",\"modelName\":\"NewYardModel\"}"}]}
RESULT: undefined
COMMAND: POST /session/1fa10dbe6cace0b0b57e1b97fc70a6c9/execute/async - {"script":"<script> [776 bytes]","args":[{"enterText":"C2","selector":{"controlType":"sap.m.Input","viewName":"etm.portal.ui.manageyards.view.New","viewId":"application-manageyards-display-component---NewYard","bindingPath":{"path":"","propertyPath":"/SALES_AREA_VTWEG","modelName":"NewYardModel"},"interaction":{"idSuffix":"inner"}},"clearTextFirst":true,"interactionType":"ENTER_TEXT"}]}
RESULT: {"script":"<script> [776 bytes]","args":[{"enterText":"C2","selector":{"controlType":"sap.m.Input","viewName":"etm.portal.ui.manageyards.view.New","viewId":"application-manageyards-display-component---NewYard","bindingPath":{"path":"","propertyPath":"/SALES_AREA_VTWEG","modelName":"NewYardModel"},"interaction":{"idSuffix":"inner"}},"clearTextFirst":true,"interactionType":"ENTER_TEXT"}]}
COMMAND: POST /session/1fa10dbe6cace0b0b57e1b97fc70a6c9/execute/async - {"script":"<script> [1562 bytes]","args":[{"selector":{"controlType":"sap.m.Input","viewName":"etm.portal.ui.manageyards.view.New","viewId":"application-manageyards-display-component---NewYard","bindingPath":{"path":"","propertyPath":"/SALES_AREA_SPART","modelName":"NewYardModel"},"interaction":{"idSuffix":"inner"}},"wdio_ui5_key":"etmportal.ui.manageyards.view.Newsap.m.Input{\"path\":\"\",\"propertyPath\":\"/SALES_AREA_SPART\",\"modelName\":\"NewYardModel\"}"}]}
RESULT: {"script":"<script> [1562 bytes]","args":[{"selector":{"controlType":"sap.m.Input","viewName":"etm.portal.ui.manageyards.view.New","viewId":"application-manageyards-display-component---NewYard","bindingPath":{"path":"","propertyPath":"/SALES_AREA_SPART","modelName":"NewYardModel"},"interaction":{"idSuffix":"inner"}},"wdio_ui5_key":"etmportal.ui.manageyards.view.Newsap.m.Input{\"path\":\"\",\"propertyPath\":\"/SALES_AREA_SPART\",\"modelName\":\"NewYardModel\"}"}]}
RESULT: undefined
COMMAND: POST /session/1fa10dbe6cace0b0b57e1b97fc70a6c9/execute/async - {"script":"<script> [776 bytes]","args":[{"enterText":"C2","selector":{"controlType":"sap.m.Input","viewName":"etm.portal.ui.manageyards.view.New","viewId":"application-manageyards-display-component---NewYard","bindingPath":{"path":"","propertyPath":"/SALES_AREA_SPART","modelName":"NewYardModel"},"interaction":{"idSuffix":"inner"}},"clearTextFirst":true,"interactionType":"ENTER_TEXT"}]}
RESULT: {"script":"<script> [776 bytes]","args":[{"enterText":"C2","selector":{"controlType":"sap.m.Input","viewName":"etm.portal.ui.manageyards.view.New","viewId":"application-manageyards-display-component---NewYard","bindingPath":{"path":"","propertyPath":"/SALES_AREA_SPART","modelName":"NewYardModel"},"interaction":{"idSuffix":"inner"}},"clearTextFirst":true,"interactionType":"ENTER_TEXT"}]}
COMMAND: POST /session/1fa10dbe6cace0b0b57e1b97fc70a6c9/execute/async - {"script":"<script> [1562 bytes]","args":[{"selector":{"id":"application-manageyards-display-component---NewYard--whmCheckBox","interaction":{"idSuffix":"CbBg"}},"wdio_ui5_key":"applicationmanageyards-display-component---NewYard--whmCheckBox"}]}
RESULT: {"script":"<script> [1562 bytes]","args":[{"selector":{"id":"application-manageyards-display-component---NewYard--whmCheckBox","interaction":{"idSuffix":"CbBg"}},"wdio_ui5_key":"applicationmanageyards-display-component---NewYard--whmCheckBox"}]}
RESULT: undefined
COMMAND: POST /session/1fa10dbe6cace0b0b57e1b97fc70a6c9/element - {"using":"xpath","value":"//*[@id=\"application-manageyards-display-component---NewYard--whmCheckBox\"]"}
RESULT: {"using":"xpath","value":"//*[@id=\"application-manageyards-display-component---NewYard--whmCheckBox\"]"}
COMMAND: POST /session/1fa10dbe6cace0b0b57e1b97fc70a6c9/element/f.0BA98F5D4C23DAB34A6BC0E7B973FCA4.d.5C3BDF611535B2C490255B1CAD36FF48.e.640/click - {}
RESULT: {}
COMMAND: POST /session/1fa10dbe6cace0b0b57e1b97fc70a6c9/execute/async - {"script":"<script> [1562 bytes]","args":[{"selector":{"controlType":"sap.m.Button","viewName":"etm.portal.ui.manageyards.view.New","viewId":"application-manageyards-display-component---NewYard","i18NText":{"propertyName":"text","key":"save"},"interaction":{"idSuffix":"inner"}},"wdio_ui5_key":"etmportal.ui.manageyards.view.Newsap.m.Button{\"propertyName\":\"text\",\"key\":\"save\"}"}]}
COMMAND: GET /session/1fa10dbe6cace0b0b57e1b97fc70a6c9/screenshot - {}
RESULT: {"script":"<script> [1562 bytes]","args":[{"selector":{"controlType":"sap.m.Button","viewName":"etm.portal.ui.manageyards.view.New","viewId":"application-manageyards-display-component---NewYard","i18NText":{"propertyName":"text","key":"save"},"interaction":{"idSuffix":"inner"}},"wdio_ui5_key":"etmportal.ui.manageyards.view.Newsap.m.Button{\"propertyName\":\"text\",\"key\":\"save\"}"}]}
RESULT: undefined
COMMAND: POST /session/1fa10dbe6cace0b0b57e1b97fc70a6c9/element - {"using":"xpath","value":"//*[@id=\"__button18\"]"}
RESULT: {}
RESULT: {"using":"xpath","value":"//*[@id=\"__button18\"]"}
COMMAND: POST /session/1fa10dbe6cace0b0b57e1b97fc70a6c9/element/f.0BA98F5D4C23DAB34A6BC0E7B973FCA4.d.5C3BDF611535B2C490255B1CAD36FF48.e.547/click - {}
RESULT: {}
COMMAND: GET /session/1fa10dbe6cace0b0b57e1b97fc70a6c9/screenshot - {}
RESULT: {}
COMMAND: POST /session/1fa10dbe6cace0b0b57e1b97fc70a6c9/element - {"using":"css selector","value":"#shell-header-logo"}
RESULT: {"using":"css selector","value":"#shell-header-logo"}
COMMAND: POST /session/1fa10dbe6cace0b0b57e1b97fc70a6c9/element/f.0BA98F5D4C23DAB34A6BC0E7B973FCA4.d.5C3BDF611535B2C490255B1CAD36FF48.e.111/click - {}
RESULT: {}
COMMAND: GET /session/1fa10dbe6cace0b0b57e1b97fc70a6c9/screenshot - {}
RESULT: {}
COMMAND: POST /session/1fa10dbe6cace0b0b57e1b97fc70a6c9/refresh - {}
RESULT: {}
COMMAND: GET /session/1fa10dbe6cace0b0b57e1b97fc70a6c9/screenshot - {}
RESULT: {}
COMMAND: POST /session/1fa10dbe6cace0b0b57e1b97fc70a6c9/execute/async - {"script":"<script> [189 bytes]","args":[]}
RESULT: {"script":"<script> [189 bytes]","args":[]}
COMMAND: POST /session/1fa10dbe6cace0b0b57e1b97fc70a6c9/execute/async - {"script":"<script> [123 bytes]","args":[]}
RESULT: {"script":"<script> [123 bytes]","args":[]}
COMMAND: POST /session/1fa10dbe6cace0b0b57e1b97fc70a6c9/timeouts - {"script":"<number>"}
RESULT: {"script":"<number>"}
COMMAND: GET /session/1fa10dbe6cace0b0b57e1b97fc70a6c9/timeouts - {}
RESULT: {}
RESULT: undefined
COMMAND: POST /session/1fa10dbe6cace0b0b57e1b97fc70a6c9/execute/async - {"script":"<script> [2676 bytes]","args":[]}
RESULT: {"script":"<script> [2676 bytes]","args":[]}
COMMAND: POST /session/1fa10dbe6cace0b0b57e1b97fc70a6c9/execute/async - {"script":"<script> [2342 bytes]","args":[{"protocol":"http","hostname":"0.0.0.0","path":"/","capabilities":{"browserName":"chrome","goog:chromeOptions":{"binary":"C:\\Program Files\\Google\\Chrome\\Application\\chrome.exe","args":["--start-maximized"]}},"logLevel":"warn","connectionRetryTimeout":120000,"connectionRetryCount":3,"logLevels":{},"enableDirectConnect":true,"strictSSL":true,"_":"65 more keys: [\"cacheDir\",\"port\",\"requestedCapabilities\",\"automationProtocol\",\"baseUrl\",\"waitforInterval\",\"waitforTimeout\",\"onReload\",\"beforeCommand\",\"afterCommand\",\"rootDir\",\"specs\",\"suites\",\"exclude\",\"groupLogsByTestSpec\",\"excludeDriverLogs\",\"bail\",\"framework\",\"reporters\",\"services\",\"maxInstances\",\"maxInstancesPerCapability\",\"injectGlobals\",\"filesToWatch\",\"execArgv\",\"runnerEnv\",\"runner\",\"shard\",\"specFileRetries\",\"specFileRetriesDelay\",\"specFileRetriesDeferred\",\"reporterSyncInterval\",\"reporterSyncTimeout\",\"cucumberFeaturesWithLineNumbers\",\"autoCompileOpts\",\"mochaOpts\",\"jasmineOpts\",\"cucumberOpts\",\"onPrepare\",\"onWorkerStart\",\"onWorkerEnd\",\"before\",\"beforeSession\",\"beforeSuite\",\"beforeHook\",\"beforeTest\",\"afterTest\",\"afterHook\",\"afterSuite\",\"afterSession\",\"after\",\"onComplete\",\"beforeAssertion\",\"afterAssertion\",\"beforeFeature\",\"beforeScenario\",\"beforeStep\",\"afterStep\",\"afterScenario\",\"afterFeature\",\"_\",\"suite\",\"$0\",\"ignoredWorkerServices\",\"wdi5\"]"}]}
RESULT: {"script":"<script> [2342 bytes]","args":[{"protocol":"http","hostname":"0.0.0.0","path":"/","capabilities":{"browserName":"chrome","goog:chromeOptions":{"binary":"C:\\Program Files\\Google\\Chrome\\Application\\chrome.exe","args":["--start-maximized"]}},"logLevel":"warn","connectionRetryTimeout":120000,"connectionRetryCount":3,"logLevels":{},"enableDirectConnect":true,"strictSSL":true,"_":"65 more keys: [\"cacheDir\",\"port\",\"requestedCapabilities\",\"automationProtocol\",\"baseUrl\",\"waitforInterval\",\"waitforTimeout\",\"onReload\",\"beforeCommand\",\"afterCommand\",\"rootDir\",\"specs\",\"suites\",\"exclude\",\"groupLogsByTestSpec\",\"excludeDriverLogs\",\"bail\",\"framework\",\"reporters\",\"services\",\"maxInstances\",\"maxInstancesPerCapability\",\"injectGlobals\",\"filesToWatch\",\"execArgv\",\"runnerEnv\",\"runner\",\"shard\",\"specFileRetries\",\"specFileRetriesDelay\",\"specFileRetriesDeferred\",\"reporterSyncInterval\",\"reporterSyncTimeout\",\"cucumberFeaturesWithLineNumbers\",\"autoCompileOpts\",\"mochaOpts\",\"jasmineOpts\",\"cucumberOpts\",\"onPrepare\",\"onWorkerStart\",\"onWorkerEnd\",\"before\",\"beforeSession\",\"beforeSuite\",\"beforeHook\",\"beforeTest\",\"afterTest\",\"afterHook\",\"afterSuite\",\"afterSession\",\"after\",\"onComplete\",\"beforeAssertion\",\"afterAssertion\",\"beforeFeature\",\"beforeScenario\",\"beforeStep\",\"afterStep\",\"afterScenario\",\"afterFeature\",\"_\",\"suite\",\"$0\",\"ignoredWorkerServices\",\"wdi5\"]"}]}
COMMAND: POST /session/1fa10dbe6cace0b0b57e1b97fc70a6c9/execute/async - {"script":"<script> [21126 bytes]","args":[35000]}
RESULT: {"script":"<script> [21126 bytes]","args":[35000]}
]]></system-out>
    </testcase>
    <testcase classname="chrome.136_0_7103_93.windows.Warehouse_movements_inventory_test" name="Should create a new warehouse organization" time="61.348">
      <system-out><![CDATA[
COMMAND: POST /session/1fa10dbe6cace0b0b57e1b97fc70a6c9/execute/async - {"script":"<script> [1562 bytes]","args":[{"selector":{"controlType":"sap.m.GenericTile","properties":{"header":"Bin Status Report"}},"wdio_ui5_key":"sapm.GenericTile{\"header\":\"Bin Status Report\"}"}]}
RESULT: {"script":"<script> [1562 bytes]","args":[{"selector":{"controlType":"sap.m.GenericTile","properties":{"header":"Bin Status Report"}},"wdio_ui5_key":"sapm.GenericTile{\"header\":\"Bin Status Report\"}"}]}
RESULT: undefined
COMMAND: POST /session/1fa10dbe6cace0b0b57e1b97fc70a6c9/element - {"using":"xpath","value":"//*[@id=\"__tile104\"]"}
RESULT: {"using":"xpath","value":"//*[@id=\"__tile104\"]"}
COMMAND: POST /session/1fa10dbe6cace0b0b57e1b97fc70a6c9/element/f.0BA98F5D4C23DAB34A6BC0E7B973FCA4.d.36EC1F9DEABE3DF7FF354C9EEE5C0669.e.850/click - {}
RESULT: {}
COMMAND: GET /session/1fa10dbe6cace0b0b57e1b97fc70a6c9/screenshot - {}
RESULT: {}
COMMAND: POST /session/1fa10dbe6cace0b0b57e1b97fc70a6c9/elements - {"using":"xpath","value":"//span[text()='Error']"}
RESULT: {"using":"xpath","value":"//span[text()='Error']"}
COMMAND: POST /session/1fa10dbe6cace0b0b57e1b97fc70a6c9/execute/async - {"script":"<script> [1562 bytes]","args":[{"selector":{"id":"application-binstatusreport-display-component---warehousing--createOrgBtn","interaction":{"idSuffix":"BDI-content"}},"wdio_ui5_key":"applicationbinstatusreport-display-component---warehousing--createOrgBtn"}]}
RESULT: {"script":"<script> [1562 bytes]","args":[{"selector":{"id":"application-binstatusreport-display-component---warehousing--createOrgBtn","interaction":{"idSuffix":"BDI-content"}},"wdio_ui5_key":"applicationbinstatusreport-display-component---warehousing--createOrgBtn"}]}
RESULT: undefined
COMMAND: POST /session/1fa10dbe6cace0b0b57e1b97fc70a6c9/element - {"using":"xpath","value":"//*[@id=\"application-binstatusreport-display-component---warehousing--createOrgBtn\"]"}
RESULT: {"using":"xpath","value":"//*[@id=\"application-binstatusreport-display-component---warehousing--createOrgBtn\"]"}
COMMAND: POST /session/1fa10dbe6cace0b0b57e1b97fc70a6c9/element/f.0BA98F5D4C23DAB34A6BC0E7B973FCA4.d.36EC1F9DEABE3DF7FF354C9EEE5C0669.e.896/click - {}
RESULT: {}
COMMAND: GET /session/1fa10dbe6cace0b0b57e1b97fc70a6c9/screenshot - {}
RESULT: {}
COMMAND: POST /session/1fa10dbe6cace0b0b57e1b97fc70a6c9/execute/async - {"script":"<script> [1562 bytes]","args":[{"selector":{"id":"createOrganizationPop--sectionInput","searchOpenDialogs":true,"interaction":{"idSuffix":"inner"}},"wdio_ui5_key":"createOrganizationPopsectionInput"}]}
RESULT: {"script":"<script> [1562 bytes]","args":[{"selector":{"id":"createOrganizationPop--sectionInput","searchOpenDialogs":true,"interaction":{"idSuffix":"inner"}},"wdio_ui5_key":"createOrganizationPopsectionInput"}]}
RESULT: undefined
COMMAND: POST /session/1fa10dbe6cace0b0b57e1b97fc70a6c9/execute/async - {"script":"<script> [776 bytes]","args":[{"enterText":"Sec998t8","selector":{"id":"createOrganizationPop--sectionInput","searchOpenDialogs":true,"interaction":{"idSuffix":"inner"}},"clearTextFirst":true,"interactionType":"ENTER_TEXT"}]}
RESULT: {"script":"<script> [776 bytes]","args":[{"enterText":"Sec998t8","selector":{"id":"createOrganizationPop--sectionInput","searchOpenDialogs":true,"interaction":{"idSuffix":"inner"}},"clearTextFirst":true,"interactionType":"ENTER_TEXT"}]}
COMMAND: POST /session/1fa10dbe6cace0b0b57e1b97fc70a6c9/execute/async - {"script":"<script> [1562 bytes]","args":[{"selector":{"id":"createOrganizationPop--descriptionInput","searchOpenDialogs":true,"interaction":{"idSuffix":"inner"}},"wdio_ui5_key":"createOrganizationPopdescriptionInput"}]}
RESULT: {"script":"<script> [1562 bytes]","args":[{"selector":{"id":"createOrganizationPop--descriptionInput","searchOpenDialogs":true,"interaction":{"idSuffix":"inner"}},"wdio_ui5_key":"createOrganizationPopdescriptionInput"}]}
RESULT: undefined
COMMAND: POST /session/1fa10dbe6cace0b0b57e1b97fc70a6c9/execute/async - {"script":"<script> [776 bytes]","args":[{"enterText":"OrgNamedf4f6j","selector":{"id":"createOrganizationPop--descriptionInput","searchOpenDialogs":true,"interaction":{"idSuffix":"inner"}},"clearTextFirst":true,"interactionType":"ENTER_TEXT"}]}
RESULT: {"script":"<script> [776 bytes]","args":[{"enterText":"OrgNamedf4f6j","selector":{"id":"createOrganizationPop--descriptionInput","searchOpenDialogs":true,"interaction":{"idSuffix":"inner"}},"clearTextFirst":true,"interactionType":"ENTER_TEXT"}]}
COMMAND: POST /session/1fa10dbe6cace0b0b57e1b97fc70a6c9/element - {"using":"xpath","value":"//input[contains(@id ,\"createOrganizationPop--yardOrg-inner\")]"}
RESULT: {"using":"xpath","value":"//input[contains(@id ,\"createOrganizationPop--yardOrg-inner\")]"}
COMMAND: POST /session/1fa10dbe6cace0b0b57e1b97fc70a6c9/element/f.0BA98F5D4C23DAB34A6BC0E7B973FCA4.d.36EC1F9DEABE3DF7FF354C9EEE5C0669.e.933/clear - {}
RESULT: {}
COMMAND: POST /session/1fa10dbe6cace0b0b57e1b97fc70a6c9/element/f.0BA98F5D4C23DAB34A6BC0E7B973FCA4.d.36EC1F9DEABE3DF7FF354C9EEE5C0669.e.933/value - {"text":"WebdriverWHMYardeyljb"}
COMMAND: GET /session/1fa10dbe6cace0b0b57e1b97fc70a6c9/screenshot - {}
RESULT: {"text":"WebdriverWHMYardeyljb"}
COMMAND: GET /session/1fa10dbe6cace0b0b57e1b97fc70a6c9/screenshot - {}
RESULT: {}
RESULT: {}
COMMAND: POST /session/1fa10dbe6cace0b0b57e1b97fc70a6c9/actions - {"actions":[{"id":"action4","type":"key","parameters":{},"actions":[{"type":"keyDown","value":""},{"type":"pause","duration":10},{"type":"keyUp","value":""}]}]}
RESULT: {"actions":[{"id":"action4","type":"key","parameters":{},"actions":[{"type":"keyDown","value":""},{"type":"pause","duration":10},{"type":"keyUp","value":""}]}]}
COMMAND: GET /session/1fa10dbe6cace0b0b57e1b97fc70a6c9/screenshot - {}
RESULT: {}
COMMAND: POST /session/1fa10dbe6cace0b0b57e1b97fc70a6c9/execute/async - {"script":"<script> [1562 bytes]","args":[{"selector":{"id":"createOrganizationPop--grZone","searchOpenDialogs":true,"interaction":{"idSuffix":"CbBg"}},"wdio_ui5_key":"createOrganizationPopgrZone"}]}
RESULT: {"script":"<script> [1562 bytes]","args":[{"selector":{"id":"createOrganizationPop--grZone","searchOpenDialogs":true,"interaction":{"idSuffix":"CbBg"}},"wdio_ui5_key":"createOrganizationPopgrZone"}]}
RESULT: undefined
COMMAND: POST /session/1fa10dbe6cace0b0b57e1b97fc70a6c9/element - {"using":"xpath","value":"//*[@id=\"createOrganizationPop--grZone\"]"}
RESULT: {"using":"xpath","value":"//*[@id=\"createOrganizationPop--grZone\"]"}
COMMAND: POST /session/1fa10dbe6cace0b0b57e1b97fc70a6c9/element/f.0BA98F5D4C23DAB34A6BC0E7B973FCA4.d.36EC1F9DEABE3DF7FF354C9EEE5C0669.e.956/click - {}
RESULT: {}
COMMAND: POST /session/1fa10dbe6cace0b0b57e1b97fc70a6c9/execute/async - {"script":"<script> [1562 bytes]","args":[{"selector":{"id":"createOrganizationPop--giZone","searchOpenDialogs":true,"interaction":{"idSuffix":"CbBg"}},"wdio_ui5_key":"createOrganizationPopgiZone"}]}
COMMAND: GET /session/1fa10dbe6cace0b0b57e1b97fc70a6c9/screenshot - {}
RESULT: {"script":"<script> [1562 bytes]","args":[{"selector":{"id":"createOrganizationPop--giZone","searchOpenDialogs":true,"interaction":{"idSuffix":"CbBg"}},"wdio_ui5_key":"createOrganizationPopgiZone"}]}
RESULT: undefined
COMMAND: POST /session/1fa10dbe6cace0b0b57e1b97fc70a6c9/element - {"using":"xpath","value":"//*[@id=\"createOrganizationPop--giZone\"]"}
RESULT: {}
RESULT: {"using":"xpath","value":"//*[@id=\"createOrganizationPop--giZone\"]"}
COMMAND: POST /session/1fa10dbe6cace0b0b57e1b97fc70a6c9/element/f.0BA98F5D4C23DAB34A6BC0E7B973FCA4.d.36EC1F9DEABE3DF7FF354C9EEE5C0669.e.958/click - {}
RESULT: {}
COMMAND: POST /session/1fa10dbe6cace0b0b57e1b97fc70a6c9/execute/async - {"script":"<script> [1562 bytes]","args":[{"selector":{"id":"createOrganizationPop--binNoInput","searchOpenDialogs":true,"interaction":{"idSuffix":"inner"}},"wdio_ui5_key":"createOrganizationPopbinNoInput"}]}
COMMAND: GET /session/1fa10dbe6cace0b0b57e1b97fc70a6c9/screenshot - {}
RESULT: {}
RESULT: {"script":"<script> [1562 bytes]","args":[{"selector":{"id":"createOrganizationPop--binNoInput","searchOpenDialogs":true,"interaction":{"idSuffix":"inner"}},"wdio_ui5_key":"createOrganizationPopbinNoInput"}]}
RESULT: undefined
COMMAND: POST /session/1fa10dbe6cace0b0b57e1b97fc70a6c9/execute/async - {"script":"<script> [776 bytes]","args":[{"enterText":"Binz1yk6","selector":{"id":"createOrganizationPop--binNoInput","searchOpenDialogs":true,"interaction":{"idSuffix":"inner"}},"clearTextFirst":true,"interactionType":"ENTER_TEXT"}]}
RESULT: {"script":"<script> [776 bytes]","args":[{"enterText":"Binz1yk6","selector":{"id":"createOrganizationPop--binNoInput","searchOpenDialogs":true,"interaction":{"idSuffix":"inner"}},"clearTextFirst":true,"interactionType":"ENTER_TEXT"}]}
COMMAND: POST /session/1fa10dbe6cace0b0b57e1b97fc70a6c9/execute/async - {"script":"<script> [1562 bytes]","args":[{"selector":{"id":"createOrganizationPop--descriptionId","searchOpenDialogs":true,"interaction":{"idSuffix":"inner"}},"wdio_ui5_key":"createOrganizationPopdescriptionId"}]}
RESULT: {"script":"<script> [1562 bytes]","args":[{"selector":{"id":"createOrganizationPop--descriptionId","searchOpenDialogs":true,"interaction":{"idSuffix":"inner"}},"wdio_ui5_key":"createOrganizationPopdescriptionId"}]}
RESULT: undefined
COMMAND: POST /session/1fa10dbe6cace0b0b57e1b97fc70a6c9/execute/async - {"script":"<script> [776 bytes]","args":[{"enterText":"Binqpcdq","selector":{"id":"createOrganizationPop--descriptionId","searchOpenDialogs":true,"interaction":{"idSuffix":"inner"}},"clearTextFirst":true,"interactionType":"ENTER_TEXT"}]}
RESULT: {"script":"<script> [776 bytes]","args":[{"enterText":"Binqpcdq","selector":{"id":"createOrganizationPop--descriptionId","searchOpenDialogs":true,"interaction":{"idSuffix":"inner"}},"clearTextFirst":true,"interactionType":"ENTER_TEXT"}]}
COMMAND: POST /session/1fa10dbe6cace0b0b57e1b97fc70a6c9/execute/async - {"script":"<script> [1562 bytes]","args":[{"selector":{"controlType":"sap.m.CheckBox","viewName":"etm.portal.ui.binstatusreport.view.MasterWareBins","viewId":"application-binstatusreport-display-component---warehousing","bindingPath":{"path":"","propertyPath":"/ZONE","modelName":"newBin"},"searchOpenDialogs":true,"interaction":{"idSuffix":"CbBg"}},"wdio_ui5_key":"etmportal.ui.binstatusreport.view.MasterWareBinssap.m.CheckBox{\"path\":\"\",\"propertyPath\":\"/ZONE\",\"modelName\":\"newBin\"}"}]}
RESULT: {"script":"<script> [1562 bytes]","args":[{"selector":{"controlType":"sap.m.CheckBox","viewName":"etm.portal.ui.binstatusreport.view.MasterWareBins","viewId":"application-binstatusreport-display-component---warehousing","bindingPath":{"path":"","propertyPath":"/ZONE","modelName":"newBin"},"searchOpenDialogs":true,"interaction":{"idSuffix":"CbBg"}},"wdio_ui5_key":"etmportal.ui.binstatusreport.view.MasterWareBinssap.m.CheckBox{\"path\":\"\",\"propertyPath\":\"/ZONE\",\"modelName\":\"newBin\"}"}]}
RESULT: undefined
COMMAND: POST /session/1fa10dbe6cace0b0b57e1b97fc70a6c9/element - {"using":"xpath","value":"//*[@id=\"__box12\"]"}
RESULT: {"using":"xpath","value":"//*[@id=\"__box12\"]"}
COMMAND: POST /session/1fa10dbe6cace0b0b57e1b97fc70a6c9/element/f.0BA98F5D4C23DAB34A6BC0E7B973FCA4.d.36EC1F9DEABE3DF7FF354C9EEE5C0669.e.975/click - {}
RESULT: {}
COMMAND: POST /session/1fa10dbe6cace0b0b57e1b97fc70a6c9/execute/async - {"script":"<script> [1562 bytes]","args":[{"selector":{"id":"createOrganizationPop--binTypesCB-arrow","searchOpenDialogs":true},"wdio_ui5_key":"createOrganizationPopbinTypesCB-arrow"}]}
COMMAND: GET /session/1fa10dbe6cace0b0b57e1b97fc70a6c9/screenshot - {}
RESULT: {"script":"<script> [1562 bytes]","args":[{"selector":{"id":"createOrganizationPop--binTypesCB-arrow","searchOpenDialogs":true},"wdio_ui5_key":"createOrganizationPopbinTypesCB-arrow"}]}
RESULT: undefined
COMMAND: POST /session/1fa10dbe6cace0b0b57e1b97fc70a6c9/element - {"using":"xpath","value":"//*[@id=\"createOrganizationPop--binTypesCB-arrow\"]"}
RESULT: {}
RESULT: {"using":"xpath","value":"//*[@id=\"createOrganizationPop--binTypesCB-arrow\"]"}
COMMAND: POST /session/1fa10dbe6cace0b0b57e1b97fc70a6c9/element/f.0BA98F5D4C23DAB34A6BC0E7B973FCA4.d.36EC1F9DEABE3DF7FF354C9EEE5C0669.e.987/click - {}
RESULT: {}
COMMAND: POST /session/1fa10dbe6cace0b0b57e1b97fc70a6c9/execute/async - {"script":"<script> [1562 bytes]","args":[{"selector":{"controlType":"sap.m.StandardListItem","viewName":"etm.portal.ui.binstatusreport.view.MasterWareBins","viewId":"application-binstatusreport-display-component---warehousing","properties":{"title":"1 - General / No capacity check"},"searchOpenDialogs":true,"interaction":{"idSuffix":"content"}},"wdio_ui5_key":"etmportal.ui.binstatusreport.view.MasterWareBinssap.m.StandardListItem{\"title\":\"1 - General / No capacity check\"}"}]}
COMMAND: GET /session/1fa10dbe6cace0b0b57e1b97fc70a6c9/screenshot - {}
RESULT: {"script":"<script> [1562 bytes]","args":[{"selector":{"controlType":"sap.m.StandardListItem","viewName":"etm.portal.ui.binstatusreport.view.MasterWareBins","viewId":"application-binstatusreport-display-component---warehousing","properties":{"title":"1 - General / No capacity check"},"searchOpenDialogs":true,"interaction":{"idSuffix":"content"}},"wdio_ui5_key":"etmportal.ui.binstatusreport.view.MasterWareBinssap.m.StandardListItem{\"title\":\"1 - General / No capacity check\"}"}]}
RESULT: undefined
COMMAND: POST /session/1fa10dbe6cace0b0b57e1b97fc70a6c9/element - {"using":"xpath","value":"//*[@id=\"__item120\"]"}
RESULT: {}
RESULT: {"using":"xpath","value":"//*[@id=\"__item120\"]"}
COMMAND: POST /session/1fa10dbe6cace0b0b57e1b97fc70a6c9/element/f.0BA98F5D4C23DAB34A6BC0E7B973FCA4.d.36EC1F9DEABE3DF7FF354C9EEE5C0669.e.989/click - {}
RESULT: {}
COMMAND: POST /session/1fa10dbe6cace0b0b57e1b97fc70a6c9/execute/async - {"script":"<script> [1562 bytes]","args":[{"selector":{"id":"createOrganizationPop--finishBtn","searchOpenDialogs":true,"interaction":{"idSuffix":"BDI-content"}},"wdio_ui5_key":"createOrganizationPopfinishBtn"}]}
COMMAND: GET /session/1fa10dbe6cace0b0b57e1b97fc70a6c9/screenshot - {}
RESULT: {"script":"<script> [1562 bytes]","args":[{"selector":{"id":"createOrganizationPop--finishBtn","searchOpenDialogs":true,"interaction":{"idSuffix":"BDI-content"}},"wdio_ui5_key":"createOrganizationPopfinishBtn"}]}
RESULT: undefined
COMMAND: POST /session/1fa10dbe6cace0b0b57e1b97fc70a6c9/element - {"using":"xpath","value":"//*[@id=\"createOrganizationPop--finishBtn\"]"}
RESULT: {}
RESULT: {"using":"xpath","value":"//*[@id=\"createOrganizationPop--finishBtn\"]"}
COMMAND: POST /session/1fa10dbe6cace0b0b57e1b97fc70a6c9/element/f.0BA98F5D4C23DAB34A6BC0E7B973FCA4.d.36EC1F9DEABE3DF7FF354C9EEE5C0669.e.991/click - {}
RESULT: {}
COMMAND: GET /session/1fa10dbe6cace0b0b57e1b97fc70a6c9/screenshot - {}
RESULT: {}
COMMAND: POST /session/1fa10dbe6cace0b0b57e1b97fc70a6c9/element - {"using":"css selector","value":"#shell-header-logo"}
RESULT: {"using":"css selector","value":"#shell-header-logo"}
COMMAND: POST /session/1fa10dbe6cace0b0b57e1b97fc70a6c9/element/f.0BA98F5D4C23DAB34A6BC0E7B973FCA4.d.36EC1F9DEABE3DF7FF354C9EEE5C0669.e.855/click - {}
RESULT: {}
COMMAND: GET /session/1fa10dbe6cace0b0b57e1b97fc70a6c9/screenshot - {}
RESULT: {}
]]></system-out>
    </testcase>
    <testcase classname="chrome.136_0_7103_93.windows.Warehouse_movements_inventory_test" name="Should Create new material for WHM yard" time="133.732">
      <system-out><![CDATA[
COMMAND: POST /session/1fa10dbe6cace0b0b57e1b97fc70a6c9/execute/async - {"script":"<script> [1562 bytes]","args":[{"selector":{"controlType":"sap.m.GenericTile","properties":{"header":"Manage Resources"}},"wdio_ui5_key":"sapm.GenericTile{\"header\":\"Manage Resources\"}"}]}
RESULT: {"script":"<script> [1562 bytes]","args":[{"selector":{"controlType":"sap.m.GenericTile","properties":{"header":"Manage Resources"}},"wdio_ui5_key":"sapm.GenericTile{\"header\":\"Manage Resources\"}"}]}
RESULT: undefined
COMMAND: POST /session/1fa10dbe6cace0b0b57e1b97fc70a6c9/element - {"using":"xpath","value":"//*[@id=\"__tile39\"]"}
RESULT: {"using":"xpath","value":"//*[@id=\"__tile39\"]"}
COMMAND: POST /session/1fa10dbe6cace0b0b57e1b97fc70a6c9/element/f.0BA98F5D4C23DAB34A6BC0E7B973FCA4.d.36EC1F9DEABE3DF7FF354C9EEE5C0669.e.999/click - {}
RESULT: {}
COMMAND: GET /session/1fa10dbe6cace0b0b57e1b97fc70a6c9/screenshot - {}
RESULT: {}
COMMAND: POST /session/1fa10dbe6cace0b0b57e1b97fc70a6c9/elements - {"using":"xpath","value":"//span[text()='Error']"}
RESULT: {"using":"xpath","value":"//span[text()='Error']"}
COMMAND: POST /session/1fa10dbe6cace0b0b57e1b97fc70a6c9/element - {"using":"xpath","value":"//button[@data-kt=\"addNewRUOverflowToolbarButton\"]"}
RESULT: {"using":"xpath","value":"//button[@data-kt=\"addNewRUOverflowToolbarButton\"]"}
COMMAND: POST /session/1fa10dbe6cace0b0b57e1b97fc70a6c9/execute/sync - {"script":"<script> [8489 bytes]","args":[{"element-6066-11e4-a52e-4f735466cecf":"f.0BA98F5D4C23DAB34A6BC0E7B973FCA4.d.36EC1F9DEABE3DF7FF354C9EEE5C0669.e.1041","ELEMENT":"f.0BA98F5D4C23DAB34A6BC0E7B973FCA4.d.36EC1F9DEABE3DF7FF354C9EEE5C0669.e.1041"}]}
RESULT: {"script":"<script> [8489 bytes]","args":[{"element-6066-11e4-a52e-4f735466cecf":"f.0BA98F5D4C23DAB34A6BC0E7B973FCA4.d.36EC1F9DEABE3DF7FF354C9EEE5C0669.e.1041","ELEMENT":"f.0BA98F5D4C23DAB34A6BC0E7B973FCA4.d.36EC1F9DEABE3DF7FF354C9EEE5C0669.e.1041"}]}
COMMAND: POST /session/1fa10dbe6cace0b0b57e1b97fc70a6c9/element/f.0BA98F5D4C23DAB34A6BC0E7B973FCA4.d.36EC1F9DEABE3DF7FF354C9EEE5C0669.e.1041/click - {}
COMMAND: GET /session/1fa10dbe6cace0b0b57e1b97fc70a6c9/screenshot - {}
RESULT: {}
COMMAND: POST /session/1fa10dbe6cace0b0b57e1b97fc70a6c9/execute/async - {"script":"<script> [1562 bytes]","args":[{"selector":{"id":"application-manageresources-display-component---newResourceUnit--TYPE-arrow"},"wdio_ui5_key":"applicationmanageresources-display-component---newResourceUnit--TYPE-arrow"}]}
COMMAND: GET /session/1fa10dbe6cace0b0b57e1b97fc70a6c9/screenshot - {}
RESULT: {}
RESULT: {"script":"<script> [1562 bytes]","args":[{"selector":{"id":"application-manageresources-display-component---newResourceUnit--TYPE-arrow"},"wdio_ui5_key":"applicationmanageresources-display-component---newResourceUnit--TYPE-arrow"}]}
RESULT: undefined
COMMAND: POST /session/1fa10dbe6cace0b0b57e1b97fc70a6c9/element - {"using":"xpath","value":"//*[@id=\"application-manageresources-display-component---newResourceUnit--TYPE-arrow\"]"}
RESULT: {}
RESULT: {"using":"xpath","value":"//*[@id=\"application-manageresources-display-component---newResourceUnit--TYPE-arrow\"]"}
COMMAND: POST /session/1fa10dbe6cace0b0b57e1b97fc70a6c9/element/f.0BA98F5D4C23DAB34A6BC0E7B973FCA4.d.36EC1F9DEABE3DF7FF354C9EEE5C0669.e.1367/click - {}
RESULT: {}
COMMAND: POST /session/1fa10dbe6cace0b0b57e1b97fc70a6c9/execute/async - {"script":"<script> [1562 bytes]","args":[{"selector":{"controlType":"sap.m.StandardListItem","viewName":"reusables.view.manageresources.NewResourceUnit","viewId":"application-manageresources-display-component---newResourceUnit","properties":{"title":"Material"},"searchOpenDialogs":true,"interaction":{"idSuffix":"titleText"}},"wdio_ui5_key":"reusablesview.manageresources.NewResourceUnitsap.m.StandardListItem{\"title\":\"Material\"}"}]}
COMMAND: GET /session/1fa10dbe6cace0b0b57e1b97fc70a6c9/screenshot - {}
RESULT: {"script":"<script> [1562 bytes]","args":[{"selector":{"controlType":"sap.m.StandardListItem","viewName":"reusables.view.manageresources.NewResourceUnit","viewId":"application-manageresources-display-component---newResourceUnit","properties":{"title":"Material"},"searchOpenDialogs":true,"interaction":{"idSuffix":"titleText"}},"wdio_ui5_key":"reusablesview.manageresources.NewResourceUnitsap.m.StandardListItem{\"title\":\"Material\"}"}]}
RESULT: undefined
COMMAND: POST /session/1fa10dbe6cace0b0b57e1b97fc70a6c9/element - {"using":"xpath","value":"//*[@id=\"__item254\"]"}
RESULT: {}
RESULT: {"using":"xpath","value":"//*[@id=\"__item254\"]"}
COMMAND: POST /session/1fa10dbe6cace0b0b57e1b97fc70a6c9/element/f.0BA98F5D4C23DAB34A6BC0E7B973FCA4.d.36EC1F9DEABE3DF7FF354C9EEE5C0669.e.1370/click - {}
RESULT: {}
COMMAND: POST /session/1fa10dbe6cace0b0b57e1b97fc70a6c9/execute/async - {"script":"<script> [1562 bytes]","args":[{"selector":{"id":"application-manageresources-display-component---newResourceUnit--SHORT_TEXT","interaction":{"idSuffix":"inner"}},"wdio_ui5_key":"applicationmanageresources-display-component---newResourceUnit--SHORT_TEXT"}]}
COMMAND: GET /session/1fa10dbe6cace0b0b57e1b97fc70a6c9/screenshot - {}
RESULT: {"script":"<script> [1562 bytes]","args":[{"selector":{"id":"application-manageresources-display-component---newResourceUnit--SHORT_TEXT","interaction":{"idSuffix":"inner"}},"wdio_ui5_key":"applicationmanageresources-display-component---newResourceUnit--SHORT_TEXT"}]}
RESULT: undefined
COMMAND: POST /session/1fa10dbe6cace0b0b57e1b97fc70a6c9/execute/async - {"script":"<script> [776 bytes]","args":[{"enterText":"WebdriverMatTestixal6","selector":{"id":"application-manageresources-display-component---newResourceUnit--SHORT_TEXT","interaction":{"idSuffix":"inner"}},"clearTextFirst":true,"interactionType":"ENTER_TEXT"}]}
RESULT: {}
RESULT: {"script":"<script> [776 bytes]","args":[{"enterText":"WebdriverMatTestixal6","selector":{"id":"application-manageresources-display-component---newResourceUnit--SHORT_TEXT","interaction":{"idSuffix":"inner"}},"clearTextFirst":true,"interactionType":"ENTER_TEXT"}]}
COMMAND: POST /session/1fa10dbe6cace0b0b57e1b97fc70a6c9/execute/async - {"script":"<script> [1562 bytes]","args":[{"selector":{"id":"application-manageresources-display-component---newResourceUnit--BASE_UNIT_OF_MEASURE-arrow"},"wdio_ui5_key":"applicationmanageresources-display-component---newResourceUnit--BASE_UNIT_OF_MEASURE-arrow"}]}
RESULT: {"script":"<script> [1562 bytes]","args":[{"selector":{"id":"application-manageresources-display-component---newResourceUnit--BASE_UNIT_OF_MEASURE-arrow"},"wdio_ui5_key":"applicationmanageresources-display-component---newResourceUnit--BASE_UNIT_OF_MEASURE-arrow"}]}
RESULT: undefined
COMMAND: POST /session/1fa10dbe6cace0b0b57e1b97fc70a6c9/element - {"using":"xpath","value":"//*[@id=\"application-manageresources-display-component---newResourceUnit--BASE_UNIT_OF_MEASURE-arrow\"]"}
RESULT: {"using":"xpath","value":"//*[@id=\"application-manageresources-display-component---newResourceUnit--BASE_UNIT_OF_MEASURE-arrow\"]"}
COMMAND: POST /session/1fa10dbe6cace0b0b57e1b97fc70a6c9/element/f.0BA98F5D4C23DAB34A6BC0E7B973FCA4.d.36EC1F9DEABE3DF7FF354C9EEE5C0669.e.1490/click - {}
RESULT: {}
COMMAND: POST /session/1fa10dbe6cace0b0b57e1b97fc70a6c9/execute/async - {"script":"<script> [1562 bytes]","args":[{"selector":{"controlType":"sap.m.StandardListItem","viewName":"reusables.view.manageresources.NewResourceUnit","viewId":"application-manageresources-display-component---newResourceUnit","properties":{"title":"Piece"},"searchOpenDialogs":true,"interaction":{"idSuffix":"titleText"}},"wdio_ui5_key":"reusablesview.manageresources.NewResourceUnitsap.m.StandardListItem{\"title\":\"Piece\"}"}]}
COMMAND: GET /session/1fa10dbe6cace0b0b57e1b97fc70a6c9/screenshot - {}
RESULT: {"script":"<script> [1562 bytes]","args":[{"selector":{"controlType":"sap.m.StandardListItem","viewName":"reusables.view.manageresources.NewResourceUnit","viewId":"application-manageresources-display-component---newResourceUnit","properties":{"title":"Piece"},"searchOpenDialogs":true,"interaction":{"idSuffix":"titleText"}},"wdio_ui5_key":"reusablesview.manageresources.NewResourceUnitsap.m.StandardListItem{\"title\":\"Piece\"}"}]}
RESULT: undefined
COMMAND: POST /session/1fa10dbe6cace0b0b57e1b97fc70a6c9/element - {"using":"xpath","value":"//*[@id=\"__item307\"]"}
RESULT: {}
RESULT: {"using":"xpath","value":"//*[@id=\"__item307\"]"}
COMMAND: POST /session/1fa10dbe6cace0b0b57e1b97fc70a6c9/element/f.0BA98F5D4C23DAB34A6BC0E7B973FCA4.d.36EC1F9DEABE3DF7FF354C9EEE5C0669.e.1492/click - {}
RESULT: {}
COMMAND: POST /session/1fa10dbe6cace0b0b57e1b97fc70a6c9/element - {"using":"xpath","value":"//input[contains(@id ,\"application-manageresources-display-component---newResourceUnit--SHORT_TEXT-inner\")]"}
COMMAND: GET /session/1fa10dbe6cace0b0b57e1b97fc70a6c9/screenshot - {}
RESULT: {"using":"xpath","value":"//input[contains(@id ,\"application-manageresources-display-component---newResourceUnit--SHORT_TEXT-inner\")]"}
COMMAND: GET /session/1fa10dbe6cace0b0b57e1b97fc70a6c9/element/f.0BA98F5D4C23DAB34A6BC0E7B973FCA4.d.36EC1F9DEABE3DF7FF354C9EEE5C0669.e.1387/property/value - {}
RESULT: {}
RESULT: {}
COMMAND: POST /session/1fa10dbe6cace0b0b57e1b97fc70a6c9/execute/async - {"script":"<script> [1562 bytes]","args":[{"selector":{"id":"application-manageresources-display-component---newResourceUnit--WEIGHT_UNIT-arrow"},"wdio_ui5_key":"applicationmanageresources-display-component---newResourceUnit--WEIGHT_UNIT-arrow"}]}
COMMAND: GET /session/1fa10dbe6cace0b0b57e1b97fc70a6c9/screenshot - {}
RESULT: {"script":"<script> [1562 bytes]","args":[{"selector":{"id":"application-manageresources-display-component---newResourceUnit--WEIGHT_UNIT-arrow"},"wdio_ui5_key":"applicationmanageresources-display-component---newResourceUnit--WEIGHT_UNIT-arrow"}]}
RESULT: undefined
COMMAND: POST /session/1fa10dbe6cace0b0b57e1b97fc70a6c9/element - {"using":"xpath","value":"//*[@id=\"application-manageresources-display-component---newResourceUnit--WEIGHT_UNIT-arrow\"]"}
RESULT: {}
RESULT: {"using":"xpath","value":"//*[@id=\"application-manageresources-display-component---newResourceUnit--WEIGHT_UNIT-arrow\"]"}
COMMAND: POST /session/1fa10dbe6cace0b0b57e1b97fc70a6c9/element/f.0BA98F5D4C23DAB34A6BC0E7B973FCA4.d.36EC1F9DEABE3DF7FF354C9EEE5C0669.e.1493/click - {}
RESULT: {}
COMMAND: POST /session/1fa10dbe6cace0b0b57e1b97fc70a6c9/execute/async - {"script":"<script> [1562 bytes]","args":[{"selector":{"controlType":"sap.m.StandardListItem","viewName":"reusables.view.manageresources.NewResourceUnit","viewId":"application-manageresources-display-component---newResourceUnit","properties":{"title":"Gram"},"searchOpenDialogs":true,"interaction":{"idSuffix":"content"}},"wdio_ui5_key":"reusablesview.manageresources.NewResourceUnitsap.m.StandardListItem{\"title\":\"Gram\"}"}]}
COMMAND: GET /session/1fa10dbe6cace0b0b57e1b97fc70a6c9/screenshot - {}
RESULT: {"script":"<script> [1562 bytes]","args":[{"selector":{"controlType":"sap.m.StandardListItem","viewName":"reusables.view.manageresources.NewResourceUnit","viewId":"application-manageresources-display-component---newResourceUnit","properties":{"title":"Gram"},"searchOpenDialogs":true,"interaction":{"idSuffix":"content"}},"wdio_ui5_key":"reusablesview.manageresources.NewResourceUnitsap.m.StandardListItem{\"title\":\"Gram\"}"}]}
RESULT: undefined
COMMAND: POST /session/1fa10dbe6cace0b0b57e1b97fc70a6c9/element - {"using":"xpath","value":"//*[@id=\"__item372\"]"}
RESULT: {}
RESULT: {"using":"xpath","value":"//*[@id=\"__item372\"]"}
COMMAND: POST /session/1fa10dbe6cace0b0b57e1b97fc70a6c9/element/f.0BA98F5D4C23DAB34A6BC0E7B973FCA4.d.36EC1F9DEABE3DF7FF354C9EEE5C0669.e.1495/click - {}
RESULT: {}
COMMAND: POST /session/1fa10dbe6cace0b0b57e1b97fc70a6c9/execute/async - {"script":"<script> [1562 bytes]","args":[{"selector":{"id":"application-manageresources-display-component---newResourceUnit--newRRUPage-OPHeaderContent-collapseBtn-img"},"wdio_ui5_key":"applicationmanageresources-display-component---newResourceUnit--newRRUPage-OPHeaderContent-collapseBtn-img"}]}
COMMAND: GET /session/1fa10dbe6cace0b0b57e1b97fc70a6c9/screenshot - {}
RESULT: {"script":"<script> [1562 bytes]","args":[{"selector":{"id":"application-manageresources-display-component---newResourceUnit--newRRUPage-OPHeaderContent-collapseBtn-img"},"wdio_ui5_key":"applicationmanageresources-display-component---newResourceUnit--newRRUPage-OPHeaderContent-collapseBtn-img"}]}
RESULT: undefined
COMMAND: POST /session/1fa10dbe6cace0b0b57e1b97fc70a6c9/element - {"using":"xpath","value":"//*[@id=\"application-manageresources-display-component---newResourceUnit--newRRUPage-OPHeaderContent-collapseBtn-img\"]"}
RESULT: {}
RESULT: {"using":"xpath","value":"//*[@id=\"application-manageresources-display-component---newResourceUnit--newRRUPage-OPHeaderContent-collapseBtn-img\"]"}
COMMAND: POST /session/1fa10dbe6cace0b0b57e1b97fc70a6c9/element/f.0BA98F5D4C23DAB34A6BC0E7B973FCA4.d.36EC1F9DEABE3DF7FF354C9EEE5C0669.e.1377/click - {}
RESULT: {}
COMMAND: GET /session/1fa10dbe6cace0b0b57e1b97fc70a6c9/screenshot - {}
RESULT: {}
COMMAND: POST /session/1fa10dbe6cace0b0b57e1b97fc70a6c9/element - {"using":"xpath","value":"(//span[contains(@id ,\"application-manageresources-display-component---newResourceUnit--DIMENSION_UNIT-arrow\")])[1]"}
RESULT: {"using":"xpath","value":"(//span[contains(@id ,\"application-manageresources-display-component---newResourceUnit--DIMENSION_UNIT-arrow\")])[1]"}
COMMAND: POST /session/1fa10dbe6cace0b0b57e1b97fc70a6c9/element/f.0BA98F5D4C23DAB34A6BC0E7B973FCA4.d.36EC1F9DEABE3DF7FF354C9EEE5C0669.e.1501/click - {}
RESULT: {}
COMMAND: GET /session/1fa10dbe6cace0b0b57e1b97fc70a6c9/screenshot - {}
RESULT: {}
COMMAND: POST /session/1fa10dbe6cace0b0b57e1b97fc70a6c9/execute/async - {"script":"<script> [1562 bytes]","args":[{"selector":{"controlType":"sap.m.StandardListItem","viewName":"reusables.view.manageresources.NewResourceUnit","viewId":"application-manageresources-display-component---newResourceUnit","properties":{"title":"Centimeter"},"searchOpenDialogs":true,"interaction":{"idSuffix":"titleText"}},"wdio_ui5_key":"reusablesview.manageresources.NewResourceUnitsap.m.StandardListItem{\"title\":\"Centimeter\"}"}]}
RESULT: {"script":"<script> [1562 bytes]","args":[{"selector":{"controlType":"sap.m.StandardListItem","viewName":"reusables.view.manageresources.NewResourceUnit","viewId":"application-manageresources-display-component---newResourceUnit","properties":{"title":"Centimeter"},"searchOpenDialogs":true,"interaction":{"idSuffix":"titleText"}},"wdio_ui5_key":"reusablesview.manageresources.NewResourceUnitsap.m.StandardListItem{\"title\":\"Centimeter\"}"}]}
RESULT: undefined
COMMAND: POST /session/1fa10dbe6cace0b0b57e1b97fc70a6c9/element - {"using":"xpath","value":"//*[@id=\"__item375\"]"}
RESULT: {"using":"xpath","value":"//*[@id=\"__item375\"]"}
COMMAND: POST /session/1fa10dbe6cace0b0b57e1b97fc70a6c9/element/f.0BA98F5D4C23DAB34A6BC0E7B973FCA4.d.36EC1F9DEABE3DF7FF354C9EEE5C0669.e.1503/click - {}
RESULT: {}
COMMAND: POST /session/1fa10dbe6cace0b0b57e1b97fc70a6c9/execute/async - {"script":"<script> [1562 bytes]","args":[{"selector":{"id":"application-manageresources-display-component---newResourceUnit--newRRUPage-anchBar-application-manageresources-display-component---newResourceUnit--reference-anchor","interaction":{"idSuffix":"BDI-content"}},"wdio_ui5_key":"applicationmanageresources-display-component---newResourceUnit--newRRUPage-anchBar-application-manageresources-display-component---newResourceUnit--reference-anchor"}]}
COMMAND: GET /session/1fa10dbe6cace0b0b57e1b97fc70a6c9/screenshot - {}
RESULT: {"script":"<script> [1562 bytes]","args":[{"selector":{"id":"application-manageresources-display-component---newResourceUnit--newRRUPage-anchBar-application-manageresources-display-component---newResourceUnit--reference-anchor","interaction":{"idSuffix":"BDI-content"}},"wdio_ui5_key":"applicationmanageresources-display-component---newResourceUnit--newRRUPage-anchBar-application-manageresources-display-component---newResourceUnit--reference-anchor"}]}
RESULT: undefined
COMMAND: POST /session/1fa10dbe6cace0b0b57e1b97fc70a6c9/element - {"using":"xpath","value":"//*[@id=\"application-manageresources-display-component---newResourceUnit--newRRUPage-anchBar-application-manageresources-display-component---newResourceUnit--reference-anchor\"]"}
RESULT: {}
RESULT: {"using":"xpath","value":"//*[@id=\"application-manageresources-display-component---newResourceUnit--newRRUPage-anchBar-application-manageresources-display-component---newResourceUnit--reference-anchor\"]"}
COMMAND: POST /session/1fa10dbe6cace0b0b57e1b97fc70a6c9/element/f.0BA98F5D4C23DAB34A6BC0E7B973FCA4.d.36EC1F9DEABE3DF7FF354C9EEE5C0669.e.1505/click - {}
RESULT: {}
COMMAND: POST /session/1fa10dbe6cace0b0b57e1b97fc70a6c9/execute/async - {"script":"<script> [1562 bytes]","args":[{"selector":{"id":"application-manageresources-display-component---newResourceUnit--PLANNING_GROUP-arrow"},"wdio_ui5_key":"applicationmanageresources-display-component---newResourceUnit--PLANNING_GROUP-arrow"}]}
COMMAND: GET /session/1fa10dbe6cace0b0b57e1b97fc70a6c9/screenshot - {}
RESULT: {"script":"<script> [1562 bytes]","args":[{"selector":{"id":"application-manageresources-display-component---newResourceUnit--PLANNING_GROUP-arrow"},"wdio_ui5_key":"applicationmanageresources-display-component---newResourceUnit--PLANNING_GROUP-arrow"}]}
RESULT: undefined
COMMAND: POST /session/1fa10dbe6cace0b0b57e1b97fc70a6c9/element - {"using":"xpath","value":"//*[@id=\"application-manageresources-display-component---newResourceUnit--PLANNING_GROUP-arrow\"]"}
RESULT: {}
RESULT: {"using":"xpath","value":"//*[@id=\"application-manageresources-display-component---newResourceUnit--PLANNING_GROUP-arrow\"]"}
COMMAND: POST /session/1fa10dbe6cace0b0b57e1b97fc70a6c9/element/f.0BA98F5D4C23DAB34A6BC0E7B973FCA4.d.36EC1F9DEABE3DF7FF354C9EEE5C0669.e.1509/click - {}
RESULT: {}
COMMAND: POST /session/1fa10dbe6cace0b0b57e1b97fc70a6c9/execute/async - {"script":"<script> [1562 bytes]","args":[{"selector":{"controlType":"sap.m.StandardListItem","viewName":"reusables.view.manageresources.NewResourceUnit","viewId":"application-manageresources-display-component---newResourceUnit","properties":{"title":"Heavy Equi"},"searchOpenDialogs":true,"interaction":{"idSuffix":"content"}},"wdio_ui5_key":"reusablesview.manageresources.NewResourceUnitsap.m.StandardListItem{\"title\":\"Heavy Equi\"}"}]}
COMMAND: GET /session/1fa10dbe6cace0b0b57e1b97fc70a6c9/screenshot - {}
RESULT: {"script":"<script> [1562 bytes]","args":[{"selector":{"controlType":"sap.m.StandardListItem","viewName":"reusables.view.manageresources.NewResourceUnit","viewId":"application-manageresources-display-component---newResourceUnit","properties":{"title":"Heavy Equi"},"searchOpenDialogs":true,"interaction":{"idSuffix":"content"}},"wdio_ui5_key":"reusablesview.manageresources.NewResourceUnitsap.m.StandardListItem{\"title\":\"Heavy Equi\"}"}]}
RESULT: undefined
COMMAND: POST /session/1fa10dbe6cace0b0b57e1b97fc70a6c9/element - {"using":"xpath","value":"//*[@id=\"__item383\"]"}
RESULT: {}
RESULT: {"using":"xpath","value":"//*[@id=\"__item383\"]"}
COMMAND: POST /session/1fa10dbe6cace0b0b57e1b97fc70a6c9/element/f.0BA98F5D4C23DAB34A6BC0E7B973FCA4.d.36EC1F9DEABE3DF7FF354C9EEE5C0669.e.1511/click - {}
RESULT: {}
COMMAND: GET /session/1fa10dbe6cace0b0b57e1b97fc70a6c9/screenshot - {}
RESULT: {}
COMMAND: POST /session/1fa10dbe6cace0b0b57e1b97fc70a6c9/execute/async - {"script":"<script> [1562 bytes]","args":[{"selector":{"id":"application-manageresources-display-component---newResourceUnit--PLANNING_INDICATOR-arrow"},"wdio_ui5_key":"applicationmanageresources-display-component---newResourceUnit--PLANNING_INDICATOR-arrow"}]}
RESULT: {"script":"<script> [1562 bytes]","args":[{"selector":{"id":"application-manageresources-display-component---newResourceUnit--PLANNING_INDICATOR-arrow"},"wdio_ui5_key":"applicationmanageresources-display-component---newResourceUnit--PLANNING_INDICATOR-arrow"}]}
RESULT: undefined
COMMAND: POST /session/1fa10dbe6cace0b0b57e1b97fc70a6c9/element - {"using":"xpath","value":"//*[@id=\"application-manageresources-display-component---newResourceUnit--PLANNING_INDICATOR-arrow\"]"}
RESULT: {"using":"xpath","value":"//*[@id=\"application-manageresources-display-component---newResourceUnit--PLANNING_INDICATOR-arrow\"]"}
COMMAND: POST /session/1fa10dbe6cace0b0b57e1b97fc70a6c9/element/f.0BA98F5D4C23DAB34A6BC0E7B973FCA4.d.36EC1F9DEABE3DF7FF354C9EEE5C0669.e.1512/click - {}
RESULT: {}
COMMAND: POST /session/1fa10dbe6cace0b0b57e1b97fc70a6c9/execute/async - {"script":"<script> [1562 bytes]","args":[{"selector":{"controlType":"sap.m.StandardListItem","viewName":"reusables.view.manageresources.NewResourceUnit","viewId":"application-manageresources-display-component---newResourceUnit","properties":{"title":"10 - infinite"},"searchOpenDialogs":true,"interaction":{"idSuffix":"content"}},"wdio_ui5_key":"reusablesview.manageresources.NewResourceUnitsap.m.StandardListItem{\"title\":\"10 - infinite\"}"}]}
COMMAND: GET /session/1fa10dbe6cace0b0b57e1b97fc70a6c9/screenshot - {}
RESULT: {"script":"<script> [1562 bytes]","args":[{"selector":{"controlType":"sap.m.StandardListItem","viewName":"reusables.view.manageresources.NewResourceUnit","viewId":"application-manageresources-display-component---newResourceUnit","properties":{"title":"10 - infinite"},"searchOpenDialogs":true,"interaction":{"idSuffix":"content"}},"wdio_ui5_key":"reusablesview.manageresources.NewResourceUnitsap.m.StandardListItem{\"title\":\"10 - infinite\"}"}]}
RESULT: undefined
COMMAND: POST /session/1fa10dbe6cace0b0b57e1b97fc70a6c9/element - {"using":"xpath","value":"//*[@id=\"__item393\"]"}
RESULT: {}
RESULT: {"using":"xpath","value":"//*[@id=\"__item393\"]"}
COMMAND: POST /session/1fa10dbe6cace0b0b57e1b97fc70a6c9/element/f.0BA98F5D4C23DAB34A6BC0E7B973FCA4.d.36EC1F9DEABE3DF7FF354C9EEE5C0669.e.1514/click - {}
RESULT: {}
COMMAND: GET /session/1fa10dbe6cace0b0b57e1b97fc70a6c9/screenshot - {}
RESULT: {}
COMMAND: POST /session/1fa10dbe6cace0b0b57e1b97fc70a6c9/element - {"using":"xpath","value":"//bdi[contains(text(), \"Time Segment\")]"}
RESULT: {"using":"xpath","value":"//bdi[contains(text(), \"Time Segment\")]"}
COMMAND: GET /session/1fa10dbe6cace0b0b57e1b97fc70a6c9/element/f.0BA98F5D4C23DAB34A6BC0E7B973FCA4.d.36EC1F9DEABE3DF7FF354C9EEE5C0669.e.1515/rect - {}
RESULT: {}
COMMAND: GET /session/1fa10dbe6cace0b0b57e1b97fc70a6c9/window/rect - {}
RESULT: {}
COMMAND: POST /session/1fa10dbe6cace0b0b57e1b97fc70a6c9/execute/sync - {"script":"<script> [92 bytes]","args":[]}
RESULT: {"script":"<script> [92 bytes]","args":[]}
COMMAND: POST /session/1fa10dbe6cace0b0b57e1b97fc70a6c9/actions - {"actions":[{"id":"action5","type":"wheel","parameters":{},"actions":[{"type":"scroll","x":-1820,"y":-21,"deltaX":0,"deltaY":0,"duration":0,"origin":{"element-6066-11e4-a52e-4f735466cecf":"f.0BA98F5D4C23DAB34A6BC0E7B973FCA4.d.36EC1F9DEABE3DF7FF354C9EEE5C0669.e.1515"}}]}]}
COMMAND: GET /session/1fa10dbe6cace0b0b57e1b97fc70a6c9/screenshot - {}
RESULT: {}
COMMAND: POST /session/1fa10dbe6cace0b0b57e1b97fc70a6c9/execute/sync - {"script":"<script> [79 bytes]","args":[{"element-6066-11e4-a52e-4f735466cecf":"f.0BA98F5D4C23DAB34A6BC0E7B973FCA4.d.36EC1F9DEABE3DF7FF354C9EEE5C0669.e.1515","ELEMENT":"f.0BA98F5D4C23DAB34A6BC0E7B973FCA4.d.36EC1F9DEABE3DF7FF354C9EEE5C0669.e.1515"},{"block":"start","inline":"nearest"}]}
RESULT: {"script":"<script> [79 bytes]","args":[{"element-6066-11e4-a52e-4f735466cecf":"f.0BA98F5D4C23DAB34A6BC0E7B973FCA4.d.36EC1F9DEABE3DF7FF354C9EEE5C0669.e.1515","ELEMENT":"f.0BA98F5D4C23DAB34A6BC0E7B973FCA4.d.36EC1F9DEABE3DF7FF354C9EEE5C0669.e.1515"},{"block":"start","inline":"nearest"}]}
COMMAND: GET /session/1fa10dbe6cace0b0b57e1b97fc70a6c9/screenshot - {}
RESULT: {}
COMMAND: POST /session/1fa10dbe6cace0b0b57e1b97fc70a6c9/element - {"using":"xpath","value":"//span[@id=\"application-manageresources-display-component---newResourceUnit--btnAddTimeSegment-img\"]"}
RESULT: {"using":"xpath","value":"//span[@id=\"application-manageresources-display-component---newResourceUnit--btnAddTimeSegment-img\"]"}
COMMAND: POST /session/1fa10dbe6cace0b0b57e1b97fc70a6c9/execute/sync - {"script":"<script> [8489 bytes]","args":[{"element-6066-11e4-a52e-4f735466cecf":"f.0BA98F5D4C23DAB34A6BC0E7B973FCA4.d.36EC1F9DEABE3DF7FF354C9EEE5C0669.e.1518","ELEMENT":"f.0BA98F5D4C23DAB34A6BC0E7B973FCA4.d.36EC1F9DEABE3DF7FF354C9EEE5C0669.e.1518"}]}
RESULT: {"script":"<script> [8489 bytes]","args":[{"element-6066-11e4-a52e-4f735466cecf":"f.0BA98F5D4C23DAB34A6BC0E7B973FCA4.d.36EC1F9DEABE3DF7FF354C9EEE5C0669.e.1518","ELEMENT":"f.0BA98F5D4C23DAB34A6BC0E7B973FCA4.d.36EC1F9DEABE3DF7FF354C9EEE5C0669.e.1518"}]}
COMMAND: POST /session/1fa10dbe6cace0b0b57e1b97fc70a6c9/element/f.0BA98F5D4C23DAB34A6BC0E7B973FCA4.d.36EC1F9DEABE3DF7FF354C9EEE5C0669.e.1518/click - {}
COMMAND: GET /session/1fa10dbe6cace0b0b57e1b97fc70a6c9/screenshot - {}
RESULT: {}
COMMAND: GET /session/1fa10dbe6cace0b0b57e1b97fc70a6c9/screenshot - {}
RESULT: {}
RESULT: {}
COMMAND: POST /session/1fa10dbe6cace0b0b57e1b97fc70a6c9/element - {"using":"xpath","value":"//input[@id=\"application-manageresources-display-component---newResourceUnit--idRuTSAdmin-application-manageresources-display-component---newResourceUnit--RUTimeSegment-0-inner\"]"}
RESULT: {"using":"xpath","value":"//input[@id=\"application-manageresources-display-component---newResourceUnit--idRuTSAdmin-application-manageresources-display-component---newResourceUnit--RUTimeSegment-0-inner\"]"}
COMMAND: POST /session/1fa10dbe6cace0b0b57e1b97fc70a6c9/element/f.0BA98F5D4C23DAB34A6BC0E7B973FCA4.d.36EC1F9DEABE3DF7FF354C9EEE5C0669.e.1521/clear - {}
RESULT: {}
COMMAND: POST /session/1fa10dbe6cace0b0b57e1b97fc70a6c9/element/f.0BA98F5D4C23DAB34A6BC0E7B973FCA4.d.36EC1F9DEABE3DF7FF354C9EEE5C0669.e.1521/value - {"text":"WebdriverWHMYardeyljb"}
COMMAND: GET /session/1fa10dbe6cace0b0b57e1b97fc70a6c9/screenshot - {}
RESULT: {"text":"WebdriverWHMYardeyljb"}
COMMAND: GET /session/1fa10dbe6cace0b0b57e1b97fc70a6c9/screenshot - {}
RESULT: {}
RESULT: {}
COMMAND: POST /session/1fa10dbe6cace0b0b57e1b97fc70a6c9/actions - {"actions":[{"id":"action6","type":"key","parameters":{},"actions":[{"type":"keyDown","value":""},{"type":"pause","duration":10},{"type":"keyUp","value":""}]}]}
RESULT: {"actions":[{"id":"action6","type":"key","parameters":{},"actions":[{"type":"keyDown","value":""},{"type":"pause","duration":10},{"type":"keyUp","value":""}]}]}
COMMAND: GET /session/1fa10dbe6cace0b0b57e1b97fc70a6c9/screenshot - {}
RESULT: {}
COMMAND: POST /session/1fa10dbe6cace0b0b57e1b97fc70a6c9/execute/async - {"script":"<script> [1562 bytes]","args":[{"selector":{"controlType":"sap.m.Button","viewName":"reusables.view.manageresources.NewResourceUnit","viewId":"application-manageresources-display-component---newResourceUnit","i18NText":{"propertyName":"tooltip","key":"save"},"interaction":{"idSuffix":"BDI-content"}},"wdio_ui5_key":"reusablesview.manageresources.NewResourceUnitsap.m.Button{\"propertyName\":\"tooltip\",\"key\":\"save\"}"}]}
RESULT: {"script":"<script> [1562 bytes]","args":[{"selector":{"controlType":"sap.m.Button","viewName":"reusables.view.manageresources.NewResourceUnit","viewId":"application-manageresources-display-component---newResourceUnit","i18NText":{"propertyName":"tooltip","key":"save"},"interaction":{"idSuffix":"BDI-content"}},"wdio_ui5_key":"reusablesview.manageresources.NewResourceUnitsap.m.Button{\"propertyName\":\"tooltip\",\"key\":\"save\"}"}]}
RESULT: undefined
COMMAND: POST /session/1fa10dbe6cace0b0b57e1b97fc70a6c9/element - {"using":"xpath","value":"//*[@id=\"application-manageresources-display-component---newResourceUnit--createRuButton\"]"}
RESULT: {"using":"xpath","value":"//*[@id=\"application-manageresources-display-component---newResourceUnit--createRuButton\"]"}
COMMAND: POST /session/1fa10dbe6cace0b0b57e1b97fc70a6c9/element/f.0BA98F5D4C23DAB34A6BC0E7B973FCA4.d.36EC1F9DEABE3DF7FF354C9EEE5C0669.e.1383/click - {}
RESULT: {}
COMMAND: GET /session/1fa10dbe6cace0b0b57e1b97fc70a6c9/screenshot - {}
RESULT: {}
COMMAND: POST /session/1fa10dbe6cace0b0b57e1b97fc70a6c9/execute/async - {"script":"<script> [1562 bytes]","args":[{"selector":{"controlType":"sap.m.Title","properties":{"text":"Success"},"searchOpenDialogs":true},"wdio_ui5_key":"sapm.Title{\"text\":\"Success\"}"}]}
RESULT: {"script":"<script> [1562 bytes]","args":[{"selector":{"controlType":"sap.m.Title","properties":{"text":"Success"},"searchOpenDialogs":true},"wdio_ui5_key":"sapm.Title{\"text\":\"Success\"}"}]}
RESULT: undefined
COMMAND: POST /session/1fa10dbe6cace0b0b57e1b97fc70a6c9/execute/async - {"script":"<script> [6424 bytes]","args":[{"element-6066-11e4-a52e-4f735466cecf":"f.0BA98F5D4C23DAB34A6BC0E7B973FCA4.d.36EC1F9DEABE3DF7FF354C9EEE5C0669.e.1537"},"getText",[]]}
RESULT: {"script":"<script> [6424 bytes]","args":[{"element-6066-11e4-a52e-4f735466cecf":"f.0BA98F5D4C23DAB34A6BC0E7B973FCA4.d.36EC1F9DEABE3DF7FF354C9EEE5C0669.e.1537"},"getText",[]]}
COMMAND: POST /session/1fa10dbe6cace0b0b57e1b97fc70a6c9/element - {"using":"xpath","value":"//*[contains(@id, '__text') and (contains(text(), 'successfully created') or contains(., 'successfully created'))]"}
RESULT: {"using":"xpath","value":"//*[contains(@id, '__text') and (contains(text(), 'successfully created') or contains(., 'successfully created'))]"}
COMMAND: GET /session/1fa10dbe6cace0b0b57e1b97fc70a6c9/element/f.0BA98F5D4C23DAB34A6BC0E7B973FCA4.d.36EC1F9DEABE3DF7FF354C9EEE5C0669.e.1535/text - {}
RESULT: {}
COMMAND: POST /session/1fa10dbe6cace0b0b57e1b97fc70a6c9/execute/async - {"script":"<script> [1562 bytes]","args":[{"selector":{"controlType":"sap.m.Button","properties":{"text":"Close"},"searchOpenDialogs":true,"interaction":{"idSuffix":"BDI-content"}},"wdio_ui5_key":"sapm.Button{\"text\":\"Close\"}"}]}
RESULT: {"script":"<script> [1562 bytes]","args":[{"selector":{"controlType":"sap.m.Button","properties":{"text":"Close"},"searchOpenDialogs":true,"interaction":{"idSuffix":"BDI-content"}},"wdio_ui5_key":"sapm.Button{\"text\":\"Close\"}"}]}
RESULT: undefined
COMMAND: POST /session/1fa10dbe6cace0b0b57e1b97fc70a6c9/element - {"using":"xpath","value":"//*[@id=\"__mbox-btn-0\"]"}
RESULT: {"using":"xpath","value":"//*[@id=\"__mbox-btn-0\"]"}
COMMAND: POST /session/1fa10dbe6cace0b0b57e1b97fc70a6c9/element/f.0BA98F5D4C23DAB34A6BC0E7B973FCA4.d.36EC1F9DEABE3DF7FF354C9EEE5C0669.e.1533/click - {}
RESULT: {}
COMMAND: GET /session/1fa10dbe6cace0b0b57e1b97fc70a6c9/screenshot - {}
RESULT: {}
COMMAND: POST /session/1fa10dbe6cace0b0b57e1b97fc70a6c9/execute/async - {"script":"<script> [1562 bytes]","args":[{"selector":{"controlType":"sap.ui.core.Icon","viewName":"etm.portal.ui.manageresources.view.Detail","viewId":"application-manageresources-display-component---detailRU","properties":{"src":{"regex":{"source":"overflow"}}}},"wdio_ui5_key":"etmportal.ui.manageresources.view.Detailsap.ui.core.Icon{\"src\":{\"regex\":{\"source\":\"overflow\"}}}"}]}
RESULT: {"script":"<script> [1562 bytes]","args":[{"selector":{"controlType":"sap.ui.core.Icon","viewName":"etm.portal.ui.manageresources.view.Detail","viewId":"application-manageresources-display-component---detailRU","properties":{"src":{"regex":{"source":"overflow"}}}},"wdio_ui5_key":"etmportal.ui.manageresources.view.Detailsap.ui.core.Icon{\"src\":{\"regex\":{\"source\":\"overflow\"}}}"}]}
RESULT: undefined
COMMAND: POST /session/1fa10dbe6cace0b0b57e1b97fc70a6c9/element - {"using":"xpath","value":"//*[@id=\"__title18-_actionsToolbar-overflowButton-img\"]"}
RESULT: {"using":"xpath","value":"//*[@id=\"__title18-_actionsToolbar-overflowButton-img\"]"}
COMMAND: POST /session/1fa10dbe6cace0b0b57e1b97fc70a6c9/element/f.0BA98F5D4C23DAB34A6BC0E7B973FCA4.d.36EC1F9DEABE3DF7FF354C9EEE5C0669.e.1574/click - {}
RESULT: {}
COMMAND: POST /session/1fa10dbe6cace0b0b57e1b97fc70a6c9/execute/async - {"script":"<script> [1562 bytes]","args":[{"selector":{"controlType":"sap.m.Button","viewName":"etm.portal.ui.manageresources.view.Detail","viewId":"application-manageresources-display-component---detailRU","i18NText":{"propertyName":"tooltip","key":"closeColumn"},"searchOpenDialogs":true,"interaction":{"idSuffix":"inner"}},"wdio_ui5_key":"etmportal.ui.manageresources.view.Detailsap.m.Button{\"propertyName\":\"tooltip\",\"key\":\"closeColumn\"}"}]}
COMMAND: GET /session/1fa10dbe6cace0b0b57e1b97fc70a6c9/screenshot - {}
RESULT: {"script":"<script> [1562 bytes]","args":[{"selector":{"controlType":"sap.m.Button","viewName":"etm.portal.ui.manageresources.view.Detail","viewId":"application-manageresources-display-component---detailRU","i18NText":{"propertyName":"tooltip","key":"closeColumn"},"searchOpenDialogs":true,"interaction":{"idSuffix":"inner"}},"wdio_ui5_key":"etmportal.ui.manageresources.view.Detailsap.m.Button{\"propertyName\":\"tooltip\",\"key\":\"closeColumn\"}"}]}
RESULT: undefined
COMMAND: POST /session/1fa10dbe6cace0b0b57e1b97fc70a6c9/element - {"using":"xpath","value":"//*[@id=\"__button51\"]"}
RESULT: {}
RESULT: {"using":"xpath","value":"//*[@id=\"__button51\"]"}
COMMAND: POST /session/1fa10dbe6cace0b0b57e1b97fc70a6c9/element/f.0BA98F5D4C23DAB34A6BC0E7B973FCA4.d.36EC1F9DEABE3DF7FF354C9EEE5C0669.e.1576/click - {}
RESULT: {}
COMMAND: GET /session/1fa10dbe6cace0b0b57e1b97fc70a6c9/screenshot - {}
RESULT: {}
COMMAND: POST /session/1fa10dbe6cace0b0b57e1b97fc70a6c9/refresh - {}
RESULT: {}
COMMAND: GET /session/1fa10dbe6cace0b0b57e1b97fc70a6c9/screenshot - {}
RESULT: {}
COMMAND: POST /session/1fa10dbe6cace0b0b57e1b97fc70a6c9/execute/async - {"script":"<script> [189 bytes]","args":[]}
RESULT: {"script":"<script> [189 bytes]","args":[]}
COMMAND: POST /session/1fa10dbe6cace0b0b57e1b97fc70a6c9/execute/async - {"script":"<script> [123 bytes]","args":[]}
RESULT: {"script":"<script> [123 bytes]","args":[]}
COMMAND: POST /session/1fa10dbe6cace0b0b57e1b97fc70a6c9/timeouts - {"script":"<number>"}
RESULT: {"script":"<number>"}
COMMAND: GET /session/1fa10dbe6cace0b0b57e1b97fc70a6c9/timeouts - {}
RESULT: {}
RESULT: undefined
COMMAND: POST /session/1fa10dbe6cace0b0b57e1b97fc70a6c9/execute/async - {"script":"<script> [2676 bytes]","args":[]}
RESULT: {"script":"<script> [2676 bytes]","args":[]}
COMMAND: POST /session/1fa10dbe6cace0b0b57e1b97fc70a6c9/execute/async - {"script":"<script> [2342 bytes]","args":[{"protocol":"http","hostname":"0.0.0.0","path":"/","capabilities":{"browserName":"chrome","goog:chromeOptions":{"binary":"C:\\Program Files\\Google\\Chrome\\Application\\chrome.exe","args":["--start-maximized"]}},"logLevel":"warn","connectionRetryTimeout":120000,"connectionRetryCount":3,"logLevels":{},"enableDirectConnect":true,"strictSSL":true,"_":"65 more keys: [\"cacheDir\",\"port\",\"requestedCapabilities\",\"automationProtocol\",\"baseUrl\",\"waitforInterval\",\"waitforTimeout\",\"onReload\",\"beforeCommand\",\"afterCommand\",\"rootDir\",\"specs\",\"suites\",\"exclude\",\"groupLogsByTestSpec\",\"excludeDriverLogs\",\"bail\",\"framework\",\"reporters\",\"services\",\"maxInstances\",\"maxInstancesPerCapability\",\"injectGlobals\",\"filesToWatch\",\"execArgv\",\"runnerEnv\",\"runner\",\"shard\",\"specFileRetries\",\"specFileRetriesDelay\",\"specFileRetriesDeferred\",\"reporterSyncInterval\",\"reporterSyncTimeout\",\"cucumberFeaturesWithLineNumbers\",\"autoCompileOpts\",\"mochaOpts\",\"jasmineOpts\",\"cucumberOpts\",\"onPrepare\",\"onWorkerStart\",\"onWorkerEnd\",\"before\",\"beforeSession\",\"beforeSuite\",\"beforeHook\",\"beforeTest\",\"afterTest\",\"afterHook\",\"afterSuite\",\"afterSession\",\"after\",\"onComplete\",\"beforeAssertion\",\"afterAssertion\",\"beforeFeature\",\"beforeScenario\",\"beforeStep\",\"afterStep\",\"afterScenario\",\"afterFeature\",\"_\",\"suite\",\"$0\",\"ignoredWorkerServices\",\"wdi5\"]"}]}
RESULT: {"script":"<script> [2342 bytes]","args":[{"protocol":"http","hostname":"0.0.0.0","path":"/","capabilities":{"browserName":"chrome","goog:chromeOptions":{"binary":"C:\\Program Files\\Google\\Chrome\\Application\\chrome.exe","args":["--start-maximized"]}},"logLevel":"warn","connectionRetryTimeout":120000,"connectionRetryCount":3,"logLevels":{},"enableDirectConnect":true,"strictSSL":true,"_":"65 more keys: [\"cacheDir\",\"port\",\"requestedCapabilities\",\"automationProtocol\",\"baseUrl\",\"waitforInterval\",\"waitforTimeout\",\"onReload\",\"beforeCommand\",\"afterCommand\",\"rootDir\",\"specs\",\"suites\",\"exclude\",\"groupLogsByTestSpec\",\"excludeDriverLogs\",\"bail\",\"framework\",\"reporters\",\"services\",\"maxInstances\",\"maxInstancesPerCapability\",\"injectGlobals\",\"filesToWatch\",\"execArgv\",\"runnerEnv\",\"runner\",\"shard\",\"specFileRetries\",\"specFileRetriesDelay\",\"specFileRetriesDeferred\",\"reporterSyncInterval\",\"reporterSyncTimeout\",\"cucumberFeaturesWithLineNumbers\",\"autoCompileOpts\",\"mochaOpts\",\"jasmineOpts\",\"cucumberOpts\",\"onPrepare\",\"onWorkerStart\",\"onWorkerEnd\",\"before\",\"beforeSession\",\"beforeSuite\",\"beforeHook\",\"beforeTest\",\"afterTest\",\"afterHook\",\"afterSuite\",\"afterSession\",\"after\",\"onComplete\",\"beforeAssertion\",\"afterAssertion\",\"beforeFeature\",\"beforeScenario\",\"beforeStep\",\"afterStep\",\"afterScenario\",\"afterFeature\",\"_\",\"suite\",\"$0\",\"ignoredWorkerServices\",\"wdi5\"]"}]}
COMMAND: POST /session/1fa10dbe6cace0b0b57e1b97fc70a6c9/execute/async - {"script":"<script> [21126 bytes]","args":[35000]}
RESULT: {"script":"<script> [21126 bytes]","args":[35000]}
COMMAND: POST /session/1fa10dbe6cace0b0b57e1b97fc70a6c9/element - {"using":"css selector","value":"#shell-header-logo"}
RESULT: {"using":"css selector","value":"#shell-header-logo"}
COMMAND: POST /session/1fa10dbe6cace0b0b57e1b97fc70a6c9/element/f.0BA98F5D4C23DAB34A6BC0E7B973FCA4.d.F2D9B761F15F6008C4C308607E503524.e.1670/click - {}
RESULT: {}
COMMAND: GET /session/1fa10dbe6cace0b0b57e1b97fc70a6c9/screenshot - {}
RESULT: {}
COMMAND: POST /session/1fa10dbe6cace0b0b57e1b97fc70a6c9/element - {"using":"css selector","value":"#shell-header-logo"}
RESULT: {"using":"css selector","value":"#shell-header-logo"}
COMMAND: POST /session/1fa10dbe6cace0b0b57e1b97fc70a6c9/element/f.0BA98F5D4C23DAB34A6BC0E7B973FCA4.d.F2D9B761F15F6008C4C308607E503524.e.1848/click - {}
RESULT: {}
COMMAND: GET /session/1fa10dbe6cace0b0b57e1b97fc70a6c9/screenshot - {}
RESULT: {}
]]></system-out>
    </testcase>
    <testcase classname="chrome.136_0_7103_93.windows.Warehouse_movements_inventory_test" name="Should do a stock increase handover" time="84.885">
      <system-out><![CDATA[
COMMAND: POST /session/1fa10dbe6cace0b0b57e1b97fc70a6c9/execute/async - {"script":"<script> [1562 bytes]","args":[{"selector":{"controlType":"sap.m.GenericTile","properties":{"header":"Manage Handovers"}},"wdio_ui5_key":"sapm.GenericTile{\"header\":\"Manage Handovers\"}"}]}
RESULT: {"script":"<script> [1562 bytes]","args":[{"selector":{"controlType":"sap.m.GenericTile","properties":{"header":"Manage Handovers"}},"wdio_ui5_key":"sapm.GenericTile{\"header\":\"Manage Handovers\"}"}]}
RESULT: undefined
COMMAND: POST /session/1fa10dbe6cace0b0b57e1b97fc70a6c9/element - {"using":"xpath","value":"//*[@id=\"__tile130\"]"}
RESULT: {"using":"xpath","value":"//*[@id=\"__tile130\"]"}
COMMAND: POST /session/1fa10dbe6cace0b0b57e1b97fc70a6c9/element/f.0BA98F5D4C23DAB34A6BC0E7B973FCA4.d.F2D9B761F15F6008C4C308607E503524.e.1857/click - {}
RESULT: {}
COMMAND: GET /session/1fa10dbe6cace0b0b57e1b97fc70a6c9/screenshot - {}
RESULT: {}
COMMAND: POST /session/1fa10dbe6cace0b0b57e1b97fc70a6c9/elements - {"using":"xpath","value":"//span[text()='Error']"}
RESULT: {"using":"xpath","value":"//span[text()='Error']"}
COMMAND: POST /session/1fa10dbe6cace0b0b57e1b97fc70a6c9/element - {"using":"xpath","value":"//button[(@data-kt = 'masterHOAddButton')]"}
RESULT: {"using":"xpath","value":"//button[(@data-kt = 'masterHOAddButton')]"}
COMMAND: POST /session/1fa10dbe6cace0b0b57e1b97fc70a6c9/element/f.0BA98F5D4C23DAB34A6BC0E7B973FCA4.d.F2D9B761F15F6008C4C308607E503524.e.1896/click - {}
RESULT: {}
COMMAND: GET /session/1fa10dbe6cace0b0b57e1b97fc70a6c9/screenshot - {}
RESULT: {}
COMMAND: POST /session/1fa10dbe6cace0b0b57e1b97fc70a6c9/element - {"using":"xpath","value":"//span[contains(@id ,\"AddNewHO--typeSelect-arrow\")]"}
RESULT: {"using":"xpath","value":"//span[contains(@id ,\"AddNewHO--typeSelect-arrow\")]"}
COMMAND: POST /session/1fa10dbe6cace0b0b57e1b97fc70a6c9/element/f.0BA98F5D4C23DAB34A6BC0E7B973FCA4.d.F2D9B761F15F6008C4C308607E503524.e.2208/click - {}
RESULT: {}
COMMAND: POST /session/1fa10dbe6cace0b0b57e1b97fc70a6c9/element - {"using":"xpath","value":"(//li[contains(text(), \"stock increase yard\")])[1]"}
COMMAND: GET /session/1fa10dbe6cace0b0b57e1b97fc70a6c9/screenshot - {}
RESULT: {"using":"xpath","value":"(//li[contains(text(), \"stock increase yard\")])[1]"}
COMMAND: POST /session/1fa10dbe6cace0b0b57e1b97fc70a6c9/element/f.0BA98F5D4C23DAB34A6BC0E7B973FCA4.d.F2D9B761F15F6008C4C308607E503524.e.2209/click - {}
RESULT: {}
RESULT: {}
COMMAND: GET /session/1fa10dbe6cace0b0b57e1b97fc70a6c9/screenshot - {}
RESULT: {}
COMMAND: POST /session/1fa10dbe6cace0b0b57e1b97fc70a6c9/execute/async - {"script":"<script> [1562 bytes]","args":[{"selector":{"id":"application-managehandovers-display-component---AddNewHO--dueDate","interaction":{"idSuffix":"inner"}},"wdio_ui5_key":"applicationmanagehandovers-display-component---AddNewHO--dueDate"}]}
RESULT: {"script":"<script> [1562 bytes]","args":[{"selector":{"id":"application-managehandovers-display-component---AddNewHO--dueDate","interaction":{"idSuffix":"inner"}},"wdio_ui5_key":"applicationmanagehandovers-display-component---AddNewHO--dueDate"}]}
RESULT: undefined
COMMAND: POST /session/1fa10dbe6cace0b0b57e1b97fc70a6c9/execute/async - {"script":"<script> [6424 bytes]","args":[{"element-6066-11e4-a52e-4f735466cecf":"f.0BA98F5D4C23DAB34A6BC0E7B973FCA4.d.F2D9B761F15F6008C4C308607E503524.e.2213"},"setValue",["5/28/25"]]}
RESULT: {"script":"<script> [6424 bytes]","args":[{"element-6066-11e4-a52e-4f735466cecf":"f.0BA98F5D4C23DAB34A6BC0E7B973FCA4.d.F2D9B761F15F6008C4C308607E503524.e.2213"},"setValue",["5/28/25"]]}
COMMAND: POST /session/1fa10dbe6cace0b0b57e1b97fc70a6c9/element - {"using":"xpath","value":"//input[@id=\"generalSectionFrg--receiveYard-inner\"]"}
RESULT: {"using":"xpath","value":"//input[@id=\"generalSectionFrg--receiveYard-inner\"]"}
COMMAND: POST /session/1fa10dbe6cace0b0b57e1b97fc70a6c9/element/f.0BA98F5D4C23DAB34A6BC0E7B973FCA4.d.F2D9B761F15F6008C4C308607E503524.e.2219/clear - {}
RESULT: {}
COMMAND: POST /session/1fa10dbe6cace0b0b57e1b97fc70a6c9/element/f.0BA98F5D4C23DAB34A6BC0E7B973FCA4.d.F2D9B761F15F6008C4C308607E503524.e.2219/value - {"text":"WebdriverWHMYardeyljb"}
COMMAND: GET /session/1fa10dbe6cace0b0b57e1b97fc70a6c9/screenshot - {}
RESULT: {"text":"WebdriverWHMYardeyljb"}
COMMAND: GET /session/1fa10dbe6cace0b0b57e1b97fc70a6c9/screenshot - {}
RESULT: {}
RESULT: {}
COMMAND: POST /session/1fa10dbe6cace0b0b57e1b97fc70a6c9/execute/async - {"script":"<script> [1562 bytes]","args":[{"selector":{"id":"application-managehandovers-display-component---AddNewHO--ObjectPageLayout-anchBar-application-managehandovers-display-component---AddNewHO--section4-anchor","interaction":{"idSuffix":"BDI-content"}},"wdio_ui5_key":"applicationmanagehandovers-display-component---AddNewHO--ObjectPageLayout-anchBar-application-managehandovers-display-component---AddNewHO--section4-anchor"}]}
RESULT: {"script":"<script> [1562 bytes]","args":[{"selector":{"id":"application-managehandovers-display-component---AddNewHO--ObjectPageLayout-anchBar-application-managehandovers-display-component---AddNewHO--section4-anchor","interaction":{"idSuffix":"BDI-content"}},"wdio_ui5_key":"applicationmanagehandovers-display-component---AddNewHO--ObjectPageLayout-anchBar-application-managehandovers-display-component---AddNewHO--section4-anchor"}]}
RESULT: undefined
COMMAND: POST /session/1fa10dbe6cace0b0b57e1b97fc70a6c9/element - {"using":"xpath","value":"//*[@id=\"application-managehandovers-display-component---AddNewHO--ObjectPageLayout-anchBar-application-managehandovers-display-component---AddNewHO--section4-anchor\"]"}
RESULT: {"using":"xpath","value":"//*[@id=\"application-managehandovers-display-component---AddNewHO--ObjectPageLayout-anchBar-application-managehandovers-display-component---AddNewHO--section4-anchor\"]"}
COMMAND: POST /session/1fa10dbe6cace0b0b57e1b97fc70a6c9/element/f.0BA98F5D4C23DAB34A6BC0E7B973FCA4.d.F2D9B761F15F6008C4C308607E503524.e.2238/click - {}
RESULT: {}
COMMAND: GET /session/1fa10dbe6cace0b0b57e1b97fc70a6c9/screenshot - {}
RESULT: {}
COMMAND: POST /session/1fa10dbe6cace0b0b57e1b97fc70a6c9/element - {"using":"xpath","value":"//button[@aria-label=\"Add\"]"}
RESULT: {"using":"xpath","value":"//button[@aria-label=\"Add\"]"}
COMMAND: POST /session/1fa10dbe6cace0b0b57e1b97fc70a6c9/element/f.0BA98F5D4C23DAB34A6BC0E7B973FCA4.d.F2D9B761F15F6008C4C308607E503524.e.2242/click - {}
RESULT: {}
COMMAND: GET /session/1fa10dbe6cace0b0b57e1b97fc70a6c9/screenshot - {}
RESULT: {}
COMMAND: POST /session/1fa10dbe6cace0b0b57e1b97fc70a6c9/execute/async - {"script":"<script> [1562 bytes]","args":[{"selector":{"id":"application-managehandovers-display-component---AddNewHO--smartFilterBar-btnBasicSearch","searchOpenDialogs":true,"interaction":{"idSuffix":"I"}},"wdio_ui5_key":"applicationmanagehandovers-display-component---AddNewHO--smartFilterBar-btnBasicSearch"}]}
RESULT: {"script":"<script> [1562 bytes]","args":[{"selector":{"id":"application-managehandovers-display-component---AddNewHO--smartFilterBar-btnBasicSearch","searchOpenDialogs":true,"interaction":{"idSuffix":"I"}},"wdio_ui5_key":"applicationmanagehandovers-display-component---AddNewHO--smartFilterBar-btnBasicSearch"}]}
RESULT: undefined
COMMAND: POST /session/1fa10dbe6cace0b0b57e1b97fc70a6c9/execute/async - {"script":"<script> [776 bytes]","args":[{"enterText":"WebdriverMatTestixal6","selector":{"id":"application-managehandovers-display-component---AddNewHO--smartFilterBar-btnBasicSearch","searchOpenDialogs":true,"interaction":{"idSuffix":"I"}},"clearTextFirst":true,"interactionType":"ENTER_TEXT"}]}
RESULT: {"script":"<script> [776 bytes]","args":[{"enterText":"WebdriverMatTestixal6","selector":{"id":"application-managehandovers-display-component---AddNewHO--smartFilterBar-btnBasicSearch","searchOpenDialogs":true,"interaction":{"idSuffix":"I"}},"clearTextFirst":true,"interactionType":"ENTER_TEXT"}]}
COMMAND: POST /session/1fa10dbe6cace0b0b57e1b97fc70a6c9/actions - {"actions":[{"id":"action7","type":"key","parameters":{},"actions":[{"type":"keyDown","value":""},{"type":"pause","duration":10},{"type":"keyUp","value":""}]}]}
RESULT: {"actions":[{"id":"action7","type":"key","parameters":{},"actions":[{"type":"keyDown","value":""},{"type":"pause","duration":10},{"type":"keyUp","value":""}]}]}
COMMAND: POST /session/1fa10dbe6cace0b0b57e1b97fc70a6c9/execute/async - {"script":"<script> [1562 bytes]","args":[{"selector":{"id":"application-managehandovers-display-component---AddNewHO--popup-sa","searchOpenDialogs":true,"interaction":{"idSuffix":"CbBg"}},"wdio_ui5_key":"applicationmanagehandovers-display-component---AddNewHO--popup-sa"}]}
COMMAND: GET /session/1fa10dbe6cace0b0b57e1b97fc70a6c9/screenshot - {}
RESULT: {"script":"<script> [1562 bytes]","args":[{"selector":{"id":"application-managehandovers-display-component---AddNewHO--popup-sa","searchOpenDialogs":true,"interaction":{"idSuffix":"CbBg"}},"wdio_ui5_key":"applicationmanagehandovers-display-component---AddNewHO--popup-sa"}]}
RESULT: undefined
COMMAND: POST /session/1fa10dbe6cace0b0b57e1b97fc70a6c9/element - {"using":"xpath","value":"//*[@id=\"application-managehandovers-display-component---AddNewHO--popup-sa\"]"}
RESULT: {}
RESULT: {"using":"xpath","value":"//*[@id=\"application-managehandovers-display-component---AddNewHO--popup-sa\"]"}
COMMAND: POST /session/1fa10dbe6cace0b0b57e1b97fc70a6c9/element/f.0BA98F5D4C23DAB34A6BC0E7B973FCA4.d.F2D9B761F15F6008C4C308607E503524.e.2395/click - {}
RESULT: {}
COMMAND: GET /session/1fa10dbe6cace0b0b57e1b97fc70a6c9/screenshot - {}
RESULT: {}
COMMAND: POST /session/1fa10dbe6cace0b0b57e1b97fc70a6c9/element - {"using":"xpath","value":"//bdi[contains(text(), \"Select\")]"}
RESULT: {"using":"xpath","value":"//bdi[contains(text(), \"Select\")]"}
COMMAND: POST /session/1fa10dbe6cace0b0b57e1b97fc70a6c9/element/f.0BA98F5D4C23DAB34A6BC0E7B973FCA4.d.F2D9B761F15F6008C4C308607E503524.e.2396/click - {}
RESULT: {}
COMMAND: GET /session/1fa10dbe6cace0b0b57e1b97fc70a6c9/screenshot - {}
RESULT: {}
COMMAND: POST /session/1fa10dbe6cace0b0b57e1b97fc70a6c9/element - {"using":"xpath","value":"//button[@data-kt=\"AddNewHOSaveButton\"]"}
RESULT: {"using":"xpath","value":"//button[@data-kt=\"AddNewHOSaveButton\"]"}
COMMAND: POST /session/1fa10dbe6cace0b0b57e1b97fc70a6c9/element/f.0BA98F5D4C23DAB34A6BC0E7B973FCA4.d.F2D9B761F15F6008C4C308607E503524.e.2400/click - {}
RESULT: {}
COMMAND: GET /session/1fa10dbe6cace0b0b57e1b97fc70a6c9/screenshot - {}
RESULT: {}
COMMAND: POST /session/1fa10dbe6cace0b0b57e1b97fc70a6c9/execute/async - {"script":"<script> [1562 bytes]","args":[{"selector":{"id":"receiptDatePicker","viewName":"etm.portal.ui.managehandovers.view.DetailExecuteHO","interaction":{"idSuffix":"inner"}},"wdio_ui5_key":"receiptDatePickeretmportal.ui.managehandovers.view.DetailExecuteHO"}]}
RESULT: {"script":"<script> [1562 bytes]","args":[{"selector":{"id":"receiptDatePicker","viewName":"etm.portal.ui.managehandovers.view.DetailExecuteHO","interaction":{"idSuffix":"inner"}},"wdio_ui5_key":"receiptDatePickeretmportal.ui.managehandovers.view.DetailExecuteHO"}]}
RESULT: undefined
COMMAND: POST /session/1fa10dbe6cace0b0b57e1b97fc70a6c9/execute/async - {"script":"<script> [6424 bytes]","args":[{"element-6066-11e4-a52e-4f735466cecf":"f.0BA98F5D4C23DAB34A6BC0E7B973FCA4.d.F2D9B761F15F6008C4C308607E503524.e.2428"},"setValue",["5/28/25"]]}
RESULT: {"script":"<script> [6424 bytes]","args":[{"element-6066-11e4-a52e-4f735466cecf":"f.0BA98F5D4C23DAB34A6BC0E7B973FCA4.d.F2D9B761F15F6008C4C308607E503524.e.2428"},"setValue",["5/28/25"]]}
COMMAND: POST /session/1fa10dbe6cace0b0b57e1b97fc70a6c9/element - {"using":"xpath","value":"//button[@data-kt=\"ReceivingTableConfirmAllButton\"]"}
RESULT: {"using":"xpath","value":"//button[@data-kt=\"ReceivingTableConfirmAllButton\"]"}
COMMAND: POST /session/1fa10dbe6cace0b0b57e1b97fc70a6c9/element/f.0BA98F5D4C23DAB34A6BC0E7B973FCA4.d.F2D9B761F15F6008C4C308607E503524.e.2446/click - {}
RESULT: {}
COMMAND: GET /session/1fa10dbe6cace0b0b57e1b97fc70a6c9/screenshot - {}
RESULT: {}
COMMAND: POST /session/1fa10dbe6cace0b0b57e1b97fc70a6c9/element - {"using":"xpath","value":"//bdi[contains(text(), \"OK\")]"}
RESULT: {"using":"xpath","value":"//bdi[contains(text(), \"OK\")]"}
COMMAND: POST /session/1fa10dbe6cace0b0b57e1b97fc70a6c9/element/f.0BA98F5D4C23DAB34A6BC0E7B973FCA4.d.F2D9B761F15F6008C4C308607E503524.e.2448/click - {}
RESULT: {}
COMMAND: GET /session/1fa10dbe6cace0b0b57e1b97fc70a6c9/screenshot - {}
RESULT: {}
COMMAND: POST /session/1fa10dbe6cace0b0b57e1b97fc70a6c9/element - {"using":"xpath","value":"(//bdi[contains(text(), \"Receive\")])[2]"}
RESULT: {"using":"xpath","value":"(//bdi[contains(text(), \"Receive\")])[2]"}
COMMAND: POST /session/1fa10dbe6cace0b0b57e1b97fc70a6c9/element/f.0BA98F5D4C23DAB34A6BC0E7B973FCA4.d.F2D9B761F15F6008C4C308607E503524.e.2450/click - {}
RESULT: {}
COMMAND: GET /session/1fa10dbe6cace0b0b57e1b97fc70a6c9/screenshot - {}
RESULT: {}
COMMAND: POST /session/1fa10dbe6cace0b0b57e1b97fc70a6c9/element - {"using":"css selector","value":"#shell-header-logo"}
RESULT: {"using":"css selector","value":"#shell-header-logo"}
COMMAND: POST /session/1fa10dbe6cace0b0b57e1b97fc70a6c9/element/f.0BA98F5D4C23DAB34A6BC0E7B973FCA4.d.F2D9B761F15F6008C4C308607E503524.e.1848/click - {}
RESULT: {}
COMMAND: GET /session/1fa10dbe6cace0b0b57e1b97fc70a6c9/screenshot - {}
RESULT: {}
]]></system-out>
    </testcase>
    <testcase classname="chrome.136_0_7103_93.windows.Warehouse_movements_inventory_test" name="Verify the warehouse movement" time="53.014">
      <system-out><![CDATA[
COMMAND: POST /session/1fa10dbe6cace0b0b57e1b97fc70a6c9/execute/async - {"script":"<script> [1562 bytes]","args":[{"selector":{"controlType":"sap.m.GenericTile","properties":{"header":"Manage Warehouse Movements"}},"wdio_ui5_key":"sapm.GenericTile{\"header\":\"Manage Warehouse Movements\"}"}]}
RESULT: {"script":"<script> [1562 bytes]","args":[{"selector":{"controlType":"sap.m.GenericTile","properties":{"header":"Manage Warehouse Movements"}},"wdio_ui5_key":"sapm.GenericTile{\"header\":\"Manage Warehouse Movements\"}"}]}
RESULT: undefined
COMMAND: POST /session/1fa10dbe6cace0b0b57e1b97fc70a6c9/element - {"using":"xpath","value":"//*[@id=\"__tile105\"]"}
RESULT: {"using":"xpath","value":"//*[@id=\"__tile105\"]"}
COMMAND: POST /session/1fa10dbe6cace0b0b57e1b97fc70a6c9/element/f.0BA98F5D4C23DAB34A6BC0E7B973FCA4.d.F2D9B761F15F6008C4C308607E503524.e.2597/click - {}
RESULT: {}
COMMAND: GET /session/1fa10dbe6cace0b0b57e1b97fc70a6c9/screenshot - {}
RESULT: {}
COMMAND: POST /session/1fa10dbe6cace0b0b57e1b97fc70a6c9/elements - {"using":"xpath","value":"//span[text()='Error']"}
RESULT: {"using":"xpath","value":"//span[text()='Error']"}
COMMAND: POST /session/1fa10dbe6cace0b0b57e1b97fc70a6c9/execute/async - {"script":"<script> [1562 bytes]","args":[{"selector":{"id":"application-warehousemovements-display-component---warehouseMovements--smartFilterBar-filterItemControl_BASIC-YARD-vhi"},"wdio_ui5_key":"applicationwarehousemovements-display-component---warehouseMovements--smartFilterBar-filterItemControl_BASIC-YARD-vhi"}]}
RESULT: {"script":"<script> [1562 bytes]","args":[{"selector":{"id":"application-warehousemovements-display-component---warehouseMovements--smartFilterBar-filterItemControl_BASIC-YARD-vhi"},"wdio_ui5_key":"applicationwarehousemovements-display-component---warehouseMovements--smartFilterBar-filterItemControl_BASIC-YARD-vhi"}]}
RESULT: undefined
COMMAND: POST /session/1fa10dbe6cace0b0b57e1b97fc70a6c9/element - {"using":"xpath","value":"//*[@id=\"application-warehousemovements-display-component---warehouseMovements--smartFilterBar-filterItemControl_BASIC-YARD-vhi\"]"}
RESULT: {"using":"xpath","value":"//*[@id=\"application-warehousemovements-display-component---warehouseMovements--smartFilterBar-filterItemControl_BASIC-YARD-vhi\"]"}
COMMAND: POST /session/1fa10dbe6cace0b0b57e1b97fc70a6c9/element/f.0BA98F5D4C23DAB34A6BC0E7B973FCA4.d.F2D9B761F15F6008C4C308607E503524.e.2702/click - {}
RESULT: {}
COMMAND: GET /session/1fa10dbe6cace0b0b57e1b97fc70a6c9/screenshot - {}
RESULT: {}
COMMAND: POST /session/1fa10dbe6cace0b0b57e1b97fc70a6c9/execute/async - {"script":"<script> [1562 bytes]","args":[{"selector":{"id":"application-warehousemovements-display-component---warehouseMovements--smartFilterBar-filterItemControl_BASIC-YARD-valueHelpDialog-smartFilterBar-btnBasicSearch","searchOpenDialogs":true,"interaction":{"idSuffix":"I"}},"wdio_ui5_key":"applicationwarehousemovements-display-component---warehouseMovements--smartFilterBar-filterItemControl_BASIC-YARD-valueHelpDialog-smartFilterBar-btnBasicSearch"}]}
RESULT: {"script":"<script> [1562 bytes]","args":[{"selector":{"id":"application-warehousemovements-display-component---warehouseMovements--smartFilterBar-filterItemControl_BASIC-YARD-valueHelpDialog-smartFilterBar-btnBasicSearch","searchOpenDialogs":true,"interaction":{"idSuffix":"I"}},"wdio_ui5_key":"applicationwarehousemovements-display-component---warehouseMovements--smartFilterBar-filterItemControl_BASIC-YARD-valueHelpDialog-smartFilterBar-btnBasicSearch"}]}
RESULT: undefined
COMMAND: POST /session/1fa10dbe6cace0b0b57e1b97fc70a6c9/execute/async - {"script":"<script> [776 bytes]","args":[{"enterText":"WebdriverWHMYardeyljb","selector":{"id":"application-warehousemovements-display-component---warehouseMovements--smartFilterBar-filterItemControl_BASIC-YARD-valueHelpDialog-smartFilterBar-btnBasicSearch","searchOpenDialogs":true,"interaction":{"idSuffix":"I"}},"clearTextFirst":true,"interactionType":"ENTER_TEXT"}]}
RESULT: {"script":"<script> [776 bytes]","args":[{"enterText":"WebdriverWHMYardeyljb","selector":{"id":"application-warehousemovements-display-component---warehouseMovements--smartFilterBar-filterItemControl_BASIC-YARD-valueHelpDialog-smartFilterBar-btnBasicSearch","searchOpenDialogs":true,"interaction":{"idSuffix":"I"}},"clearTextFirst":true,"interactionType":"ENTER_TEXT"}]}
COMMAND: POST /session/1fa10dbe6cace0b0b57e1b97fc70a6c9/actions - {"actions":[{"id":"action8","type":"key","parameters":{},"actions":[{"type":"keyDown","value":""},{"type":"pause","duration":10},{"type":"keyUp","value":""}]}]}
RESULT: {"actions":[{"id":"action8","type":"key","parameters":{},"actions":[{"type":"keyDown","value":""},{"type":"pause","duration":10},{"type":"keyUp","value":""}]}]}
COMMAND: GET /session/1fa10dbe6cace0b0b57e1b97fc70a6c9/screenshot - {}
RESULT: {}
COMMAND: POST /session/1fa10dbe6cace0b0b57e1b97fc70a6c9/element - {"using":"xpath","value":"//div[@id='application-warehousemovements-display-component---warehouseMovements--smartFilterBar-filterItemControl_BASIC-YARD-valueHelpDialog-table-rowsel0']"}
RESULT: {"using":"xpath","value":"//div[@id='application-warehousemovements-display-component---warehouseMovements--smartFilterBar-filterItemControl_BASIC-YARD-valueHelpDialog-table-rowsel0']"}
COMMAND: POST /session/1fa10dbe6cace0b0b57e1b97fc70a6c9/element/f.0BA98F5D4C23DAB34A6BC0E7B973FCA4.d.F2D9B761F15F6008C4C308607E503524.e.2711/click - {}
RESULT: {}
COMMAND: POST /session/1fa10dbe6cace0b0b57e1b97fc70a6c9/execute/async - {"script":"<script> [1562 bytes]","args":[{"selector":{"id":"application-warehousemovements-display-component---warehouseMovements--smartFilterBar-filterItemControl_BASIC-YARD-valueHelpDialog-ok","searchOpenDialogs":true,"interaction":{"idSuffix":"BDI-content"}},"wdio_ui5_key":"applicationwarehousemovements-display-component---warehouseMovements--smartFilterBar-filterItemControl_BASIC-YARD-valueHelpDialog-ok"}]}
COMMAND: GET /session/1fa10dbe6cace0b0b57e1b97fc70a6c9/screenshot - {}
RESULT: {"script":"<script> [1562 bytes]","args":[{"selector":{"id":"application-warehousemovements-display-component---warehouseMovements--smartFilterBar-filterItemControl_BASIC-YARD-valueHelpDialog-ok","searchOpenDialogs":true,"interaction":{"idSuffix":"BDI-content"}},"wdio_ui5_key":"applicationwarehousemovements-display-component---warehouseMovements--smartFilterBar-filterItemControl_BASIC-YARD-valueHelpDialog-ok"}]}
RESULT: undefined
COMMAND: POST /session/1fa10dbe6cace0b0b57e1b97fc70a6c9/element - {"using":"xpath","value":"//*[@id=\"application-warehousemovements-display-component---warehouseMovements--smartFilterBar-filterItemControl_BASIC-YARD-valueHelpDialog-ok\"]"}
RESULT: {}
RESULT: {"using":"xpath","value":"//*[@id=\"application-warehousemovements-display-component---warehouseMovements--smartFilterBar-filterItemControl_BASIC-YARD-valueHelpDialog-ok\"]"}
COMMAND: POST /session/1fa10dbe6cace0b0b57e1b97fc70a6c9/element/f.0BA98F5D4C23DAB34A6BC0E7B973FCA4.d.F2D9B761F15F6008C4C308607E503524.e.2714/click - {}
RESULT: {}
COMMAND: POST /session/1fa10dbe6cace0b0b57e1b97fc70a6c9/execute/async - {"script":"<script> [1562 bytes]","args":[{"selector":{"controlType":"sap.ui.core.Icon","viewName":"etm.portal.ui.warehousemovements.view.MasterMovement","viewId":"application-warehousemovements-display-component---warehouseMovements","properties":{"src":{"regex":{"source":"add"}}}},"wdio_ui5_key":"etmportal.ui.warehousemovements.view.MasterMovementsap.ui.core.Icon{\"src\":{\"regex\":{\"source\":\"add\"}}}"}]}
COMMAND: GET /session/1fa10dbe6cace0b0b57e1b97fc70a6c9/screenshot - {}
RESULT: {"script":"<script> [1562 bytes]","args":[{"selector":{"controlType":"sap.ui.core.Icon","viewName":"etm.portal.ui.warehousemovements.view.MasterMovement","viewId":"application-warehousemovements-display-component---warehouseMovements","properties":{"src":{"regex":{"source":"add"}}}},"wdio_ui5_key":"etmportal.ui.warehousemovements.view.MasterMovementsap.ui.core.Icon{\"src\":{\"regex\":{\"source\":\"add\"}}}"}]}
RESULT: undefined
COMMAND: POST /session/1fa10dbe6cace0b0b57e1b97fc70a6c9/element - {"using":"xpath","value":"//*[@id=\"__button77-img\"]"}
RESULT: {}
RESULT: {"using":"xpath","value":"//*[@id=\"__button77-img\"]"}
COMMAND: POST /session/1fa10dbe6cace0b0b57e1b97fc70a6c9/element/f.0BA98F5D4C23DAB34A6BC0E7B973FCA4.d.F2D9B761F15F6008C4C308607E503524.e.2666/click - {}
RESULT: {}
COMMAND: POST /session/1fa10dbe6cace0b0b57e1b97fc70a6c9/element - {"using":"xpath","value":"//input[contains(@id ,\"application-warehousemovements-display-component---addMovement--sectionsList-inner\")]"}
COMMAND: GET /session/1fa10dbe6cace0b0b57e1b97fc70a6c9/screenshot - {}
RESULT: {"using":"xpath","value":"//input[contains(@id ,\"application-warehousemovements-display-component---addMovement--sectionsList-inner\")]"}
COMMAND: POST /session/1fa10dbe6cace0b0b57e1b97fc70a6c9/elements - {"using":"xpath","value":"//input[contains(@id ,\"application-warehousemovements-display-component---addMovement--sectionsList-inner\")]"}
RESULT: {}
RESULT: {"using":"xpath","value":"//input[contains(@id ,\"application-warehousemovements-display-component---addMovement--sectionsList-inner\")]"}
COMMAND: POST /session/1fa10dbe6cace0b0b57e1b97fc70a6c9/elements - {"using":"xpath","value":"//input[contains(@id ,\"application-warehousemovements-display-component---addMovement--sectionsList-inner\")]"}
RESULT: {"using":"xpath","value":"//input[contains(@id ,\"application-warehousemovements-display-component---addMovement--sectionsList-inner\")]"}
COMMAND: POST /session/1fa10dbe6cace0b0b57e1b97fc70a6c9/element - {"using":"xpath","value":"//input[contains(@id ,\"application-warehousemovements-display-component---addMovement--sectionsList-inner\")]"}
RESULT: {"using":"xpath","value":"//input[contains(@id ,\"application-warehousemovements-display-component---addMovement--sectionsList-inner\")]"}
COMMAND: POST /session/1fa10dbe6cace0b0b57e1b97fc70a6c9/element/f.0BA98F5D4C23DAB34A6BC0E7B973FCA4.d.F2D9B761F15F6008C4C308607E503524.e.2781/clear - {}
RESULT: {}
COMMAND: POST /session/1fa10dbe6cace0b0b57e1b97fc70a6c9/element/f.0BA98F5D4C23DAB34A6BC0E7B973FCA4.d.F2D9B761F15F6008C4C308607E503524.e.2781/value - {"text":"Sec998t8"}
COMMAND: GET /session/1fa10dbe6cace0b0b57e1b97fc70a6c9/screenshot - {}
RESULT: {"text":"Sec998t8"}
COMMAND: GET /session/1fa10dbe6cace0b0b57e1b97fc70a6c9/screenshot - {}
RESULT: {}
RESULT: {}
COMMAND: POST /session/1fa10dbe6cace0b0b57e1b97fc70a6c9/actions - {"actions":[{"id":"action9","type":"key","parameters":{},"actions":[{"type":"keyDown","value":""},{"type":"pause","duration":10},{"type":"keyUp","value":""}]}]}
RESULT: {"actions":[{"id":"action9","type":"key","parameters":{},"actions":[{"type":"keyDown","value":""},{"type":"pause","duration":10},{"type":"keyUp","value":""}]}]}
COMMAND: GET /session/1fa10dbe6cace0b0b57e1b97fc70a6c9/screenshot - {}
RESULT: {}
COMMAND: POST /session/1fa10dbe6cace0b0b57e1b97fc70a6c9/execute/async - {"script":"<script> [1562 bytes]","args":[{"selector":{"id":"application-warehousemovements-display-component---addMovement--addItem-img"},"wdio_ui5_key":"applicationwarehousemovements-display-component---addMovement--addItem-img"}]}
RESULT: {"script":"<script> [1562 bytes]","args":[{"selector":{"id":"application-warehousemovements-display-component---addMovement--addItem-img"},"wdio_ui5_key":"applicationwarehousemovements-display-component---addMovement--addItem-img"}]}
RESULT: undefined
COMMAND: POST /session/1fa10dbe6cace0b0b57e1b97fc70a6c9/element - {"using":"xpath","value":"//*[@id=\"application-warehousemovements-display-component---addMovement--addItem-img\"]"}
RESULT: {"using":"xpath","value":"//*[@id=\"application-warehousemovements-display-component---addMovement--addItem-img\"]"}
COMMAND: POST /session/1fa10dbe6cace0b0b57e1b97fc70a6c9/element/f.0BA98F5D4C23DAB34A6BC0E7B973FCA4.d.F2D9B761F15F6008C4C308607E503524.e.2765/click - {}
RESULT: {}
COMMAND: POST /session/1fa10dbe6cace0b0b57e1b97fc70a6c9/execute/async - {"script":"<script> [1562 bytes]","args":[{"selector":{"id":"movementItemsPopUp--invSearch","searchOpenDialogs":true,"interaction":{"idSuffix":"I"}},"wdio_ui5_key":"movementItemsPopUpinvSearch"}]}
COMMAND: GET /session/1fa10dbe6cace0b0b57e1b97fc70a6c9/screenshot - {}
RESULT: {"script":"<script> [1562 bytes]","args":[{"selector":{"id":"movementItemsPopUp--invSearch","searchOpenDialogs":true,"interaction":{"idSuffix":"I"}},"wdio_ui5_key":"movementItemsPopUpinvSearch"}]}
RESULT: undefined
COMMAND: POST /session/1fa10dbe6cace0b0b57e1b97fc70a6c9/execute/async - {"script":"<script> [776 bytes]","args":[{"enterText":"WebdriverMatTestixal6","selector":{"id":"movementItemsPopUp--invSearch","searchOpenDialogs":true,"interaction":{"idSuffix":"I"}},"clearTextFirst":true,"interactionType":"ENTER_TEXT"}]}
RESULT: {}
RESULT: {"script":"<script> [776 bytes]","args":[{"enterText":"WebdriverMatTestixal6","selector":{"id":"movementItemsPopUp--invSearch","searchOpenDialogs":true,"interaction":{"idSuffix":"I"}},"clearTextFirst":true,"interactionType":"ENTER_TEXT"}]}
COMMAND: POST /session/1fa10dbe6cace0b0b57e1b97fc70a6c9/execute/async - {"script":"<script> [1562 bytes]","args":[{"selector":{"id":"movementItemsPopUp--movementItemsTable-sa","searchOpenDialogs":true,"interaction":{"idSuffix":"CbBg"}},"wdio_ui5_key":"movementItemsPopUpmovementItemsTable-sa"}]}
RESULT: {"script":"<script> [1562 bytes]","args":[{"selector":{"id":"movementItemsPopUp--movementItemsTable-sa","searchOpenDialogs":true,"interaction":{"idSuffix":"CbBg"}},"wdio_ui5_key":"movementItemsPopUpmovementItemsTable-sa"}]}
RESULT: undefined
COMMAND: POST /session/1fa10dbe6cace0b0b57e1b97fc70a6c9/element - {"using":"xpath","value":"//*[@id=\"movementItemsPopUp--movementItemsTable-sa\"]"}
RESULT: {"using":"xpath","value":"//*[@id=\"movementItemsPopUp--movementItemsTable-sa\"]"}
COMMAND: POST /session/1fa10dbe6cace0b0b57e1b97fc70a6c9/element/f.0BA98F5D4C23DAB34A6BC0E7B973FCA4.d.F2D9B761F15F6008C4C308607E503524.e.2853/click - {}
RESULT: {}
COMMAND: POST /session/1fa10dbe6cace0b0b57e1b97fc70a6c9/execute/async - {"script":"<script> [1562 bytes]","args":[{"selector":{"id":"movementItemsPopUp--createBtn","searchOpenDialogs":true,"interaction":{"idSuffix":"BDI-content"}},"wdio_ui5_key":"movementItemsPopUpcreateBtn"}]}
COMMAND: GET /session/1fa10dbe6cace0b0b57e1b97fc70a6c9/screenshot - {}
RESULT: {"script":"<script> [1562 bytes]","args":[{"selector":{"id":"movementItemsPopUp--createBtn","searchOpenDialogs":true,"interaction":{"idSuffix":"BDI-content"}},"wdio_ui5_key":"movementItemsPopUpcreateBtn"}]}
RESULT: undefined
COMMAND: POST /session/1fa10dbe6cace0b0b57e1b97fc70a6c9/element - {"using":"xpath","value":"//*[@id=\"movementItemsPopUp--createBtn\"]"}
RESULT: {}
RESULT: {"using":"xpath","value":"//*[@id=\"movementItemsPopUp--createBtn\"]"}
COMMAND: POST /session/1fa10dbe6cace0b0b57e1b97fc70a6c9/element/f.0BA98F5D4C23DAB34A6BC0E7B973FCA4.d.F2D9B761F15F6008C4C308607E503524.e.2855/click - {}
RESULT: {}
COMMAND: GET /session/1fa10dbe6cace0b0b57e1b97fc70a6c9/screenshot - {}
RESULT: {}
COMMAND: POST /session/1fa10dbe6cace0b0b57e1b97fc70a6c9/element - {"using":"css selector","value":"#j_username"}
COMMAND: POST /session/1fa10dbe6cace0b0b57e1b97fc70a6c9/url - {"url":"https://qa-testing-00-live-etm-ui.cfapps.eu10-004.hana.ondemand.com/"}
RESULT: {"using":"css selector","value":"#j_username"}
COMMAND: POST /session/1fa10dbe6cace0b0b57e1b97fc70a6c9/element - {"using":"css selector","value":"#j_username"}
RESULT: {"url":"https://qa-testing-00-live-etm-ui.cfapps.eu10-004.hana.ondemand.com/"}
RESULT: undefined
COMMAND: GET /session/1fa10dbe6cace0b0b57e1b97fc70a6c9/screenshot - {}
RESULT: {"using":"css selector","value":"#j_username"}
COMMAND: POST /session/1fa10dbe6cace0b0b57e1b97fc70a6c9/element - {"using":"css selector","value":"#shell-header-logo"}
RESULT: {}
RESULT: {"using":"css selector","value":"#shell-header-logo"}
COMMAND: POST /session/1fa10dbe6cace0b0b57e1b97fc70a6c9/execute/sync - {"script":"<script> [8489 bytes]","args":[{"element-6066-11e4-a52e-4f735466cecf":"f.0BA98F5D4C23DAB34A6BC0E7B973FCA4.d.AEDD76DA2DB95F7B167A294D1E3CFE34.e.2865","ELEMENT":"f.0BA98F5D4C23DAB34A6BC0E7B973FCA4.d.AEDD76DA2DB95F7B167A294D1E3CFE34.e.2865"}]}
RESULT: {"script":"<script> [8489 bytes]","args":[{"element-6066-11e4-a52e-4f735466cecf":"f.0BA98F5D4C23DAB34A6BC0E7B973FCA4.d.AEDD76DA2DB95F7B167A294D1E3CFE34.e.2865","ELEMENT":"f.0BA98F5D4C23DAB34A6BC0E7B973FCA4.d.AEDD76DA2DB95F7B167A294D1E3CFE34.e.2865"}]}
COMMAND: POST /session/1fa10dbe6cace0b0b57e1b97fc70a6c9/element - {"using":"css selector","value":"#shell-header-logo"}
COMMAND: GET /session/1fa10dbe6cace0b0b57e1b97fc70a6c9/screenshot - {}
RESULT: {"using":"css selector","value":"#shell-header-logo"}
COMMAND: POST /session/1fa10dbe6cace0b0b57e1b97fc70a6c9/execute/sync - {"script":"<script> [8489 bytes]","args":[{"element-6066-11e4-a52e-4f735466cecf":"f.0BA98F5D4C23DAB34A6BC0E7B973FCA4.d.AEDD76DA2DB95F7B167A294D1E3CFE34.e.2865","ELEMENT":"f.0BA98F5D4C23DAB34A6BC0E7B973FCA4.d.AEDD76DA2DB95F7B167A294D1E3CFE34.e.2865"}]}
RESULT: {}
RESULT: {"script":"<script> [8489 bytes]","args":[{"element-6066-11e4-a52e-4f735466cecf":"f.0BA98F5D4C23DAB34A6BC0E7B973FCA4.d.AEDD76DA2DB95F7B167A294D1E3CFE34.e.2865","ELEMENT":"f.0BA98F5D4C23DAB34A6BC0E7B973FCA4.d.AEDD76DA2DB95F7B167A294D1E3CFE34.e.2865"}]}
COMMAND: POST /session/1fa10dbe6cace0b0b57e1b97fc70a6c9/execute/sync - {"script":"<script> [5351 bytes]","args":[{"element-6066-11e4-a52e-4f735466cecf":"f.0BA98F5D4C23DAB34A6BC0E7B973FCA4.d.AEDD76DA2DB95F7B167A294D1E3CFE34.e.2865","ELEMENT":"f.0BA98F5D4C23DAB34A6BC0E7B973FCA4.d.AEDD76DA2DB95F7B167A294D1E3CFE34.e.2865"}]}
COMMAND: GET /session/1fa10dbe6cace0b0b57e1b97fc70a6c9/screenshot - {}
RESULT: {"script":"<script> [5351 bytes]","args":[{"element-6066-11e4-a52e-4f735466cecf":"f.0BA98F5D4C23DAB34A6BC0E7B973FCA4.d.AEDD76DA2DB95F7B167A294D1E3CFE34.e.2865","ELEMENT":"f.0BA98F5D4C23DAB34A6BC0E7B973FCA4.d.AEDD76DA2DB95F7B167A294D1E3CFE34.e.2865"}]}
COMMAND: POST /session/1fa10dbe6cace0b0b57e1b97fc70a6c9/element - {"using":"css selector","value":"#shell-header-logo"}
COMMAND: GET /session/1fa10dbe6cace0b0b57e1b97fc70a6c9/screenshot - {}
RESULT: {}
RESULT: {"using":"css selector","value":"#shell-header-logo"}
COMMAND: POST /session/1fa10dbe6cace0b0b57e1b97fc70a6c9/element/f.0BA98F5D4C23DAB34A6BC0E7B973FCA4.d.AEDD76DA2DB95F7B167A294D1E3CFE34.e.2865/click - {}
RESULT: {}
RESULT: {}
COMMAND: GET /session/1fa10dbe6cace0b0b57e1b97fc70a6c9/screenshot - {}
RESULT: {}
COMMAND: POST /session/1fa10dbe6cace0b0b57e1b97fc70a6c9/execute/async - {"script":"<script> [189 bytes]","args":[]}
RESULT: {"script":"<script> [189 bytes]","args":[]}
COMMAND: POST /session/1fa10dbe6cace0b0b57e1b97fc70a6c9/execute/async - {"script":"<script> [123 bytes]","args":[]}
RESULT: {"script":"<script> [123 bytes]","args":[]}
COMMAND: POST /session/1fa10dbe6cace0b0b57e1b97fc70a6c9/timeouts - {"script":"<number>"}
RESULT: {"script":"<number>"}
COMMAND: GET /session/1fa10dbe6cace0b0b57e1b97fc70a6c9/timeouts - {}
RESULT: {}
RESULT: undefined
COMMAND: POST /session/1fa10dbe6cace0b0b57e1b97fc70a6c9/execute/async - {"script":"<script> [2676 bytes]","args":[]}
RESULT: {"script":"<script> [2676 bytes]","args":[]}
COMMAND: POST /session/1fa10dbe6cace0b0b57e1b97fc70a6c9/execute/async - {"script":"<script> [2342 bytes]","args":[{"protocol":"http","hostname":"0.0.0.0","path":"/","capabilities":{"browserName":"chrome","goog:chromeOptions":{"binary":"C:\\Program Files\\Google\\Chrome\\Application\\chrome.exe","args":["--start-maximized"]}},"logLevel":"warn","connectionRetryTimeout":120000,"connectionRetryCount":3,"logLevels":{},"enableDirectConnect":true,"strictSSL":true,"_":"65 more keys: [\"cacheDir\",\"port\",\"requestedCapabilities\",\"automationProtocol\",\"baseUrl\",\"waitforInterval\",\"waitforTimeout\",\"onReload\",\"beforeCommand\",\"afterCommand\",\"rootDir\",\"specs\",\"suites\",\"exclude\",\"groupLogsByTestSpec\",\"excludeDriverLogs\",\"bail\",\"framework\",\"reporters\",\"services\",\"maxInstances\",\"maxInstancesPerCapability\",\"injectGlobals\",\"filesToWatch\",\"execArgv\",\"runnerEnv\",\"runner\",\"shard\",\"specFileRetries\",\"specFileRetriesDelay\",\"specFileRetriesDeferred\",\"reporterSyncInterval\",\"reporterSyncTimeout\",\"cucumberFeaturesWithLineNumbers\",\"autoCompileOpts\",\"mochaOpts\",\"jasmineOpts\",\"cucumberOpts\",\"onPrepare\",\"onWorkerStart\",\"onWorkerEnd\",\"before\",\"beforeSession\",\"beforeSuite\",\"beforeHook\",\"beforeTest\",\"afterTest\",\"afterHook\",\"afterSuite\",\"afterSession\",\"after\",\"onComplete\",\"beforeAssertion\",\"afterAssertion\",\"beforeFeature\",\"beforeScenario\",\"beforeStep\",\"afterStep\",\"afterScenario\",\"afterFeature\",\"_\",\"suite\",\"$0\",\"ignoredWorkerServices\",\"wdi5\"]"}]}
RESULT: {"script":"<script> [2342 bytes]","args":[{"protocol":"http","hostname":"0.0.0.0","path":"/","capabilities":{"browserName":"chrome","goog:chromeOptions":{"binary":"C:\\Program Files\\Google\\Chrome\\Application\\chrome.exe","args":["--start-maximized"]}},"logLevel":"warn","connectionRetryTimeout":120000,"connectionRetryCount":3,"logLevels":{},"enableDirectConnect":true,"strictSSL":true,"_":"65 more keys: [\"cacheDir\",\"port\",\"requestedCapabilities\",\"automationProtocol\",\"baseUrl\",\"waitforInterval\",\"waitforTimeout\",\"onReload\",\"beforeCommand\",\"afterCommand\",\"rootDir\",\"specs\",\"suites\",\"exclude\",\"groupLogsByTestSpec\",\"excludeDriverLogs\",\"bail\",\"framework\",\"reporters\",\"services\",\"maxInstances\",\"maxInstancesPerCapability\",\"injectGlobals\",\"filesToWatch\",\"execArgv\",\"runnerEnv\",\"runner\",\"shard\",\"specFileRetries\",\"specFileRetriesDelay\",\"specFileRetriesDeferred\",\"reporterSyncInterval\",\"reporterSyncTimeout\",\"cucumberFeaturesWithLineNumbers\",\"autoCompileOpts\",\"mochaOpts\",\"jasmineOpts\",\"cucumberOpts\",\"onPrepare\",\"onWorkerStart\",\"onWorkerEnd\",\"before\",\"beforeSession\",\"beforeSuite\",\"beforeHook\",\"beforeTest\",\"afterTest\",\"afterHook\",\"afterSuite\",\"afterSession\",\"after\",\"onComplete\",\"beforeAssertion\",\"afterAssertion\",\"beforeFeature\",\"beforeScenario\",\"beforeStep\",\"afterStep\",\"afterScenario\",\"afterFeature\",\"_\",\"suite\",\"$0\",\"ignoredWorkerServices\",\"wdi5\"]"}]}
COMMAND: POST /session/1fa10dbe6cace0b0b57e1b97fc70a6c9/execute/async - {"script":"<script> [21126 bytes]","args":[35000]}
RESULT: {"script":"<script> [21126 bytes]","args":[35000]}
COMMAND: POST /session/1fa10dbe6cace0b0b57e1b97fc70a6c9/window/maximize - {}
RESULT: {}
COMMAND: POST /session/1fa10dbe6cace0b0b57e1b97fc70a6c9/execute/async - {"script":"<script> [1562 bytes]","args":[{"selector":{"id":"shell-header","interaction":{"idSuffix":"icon"}},"wdio_ui5_key":"shellheader"}]}
COMMAND: GET /session/1fa10dbe6cace0b0b57e1b97fc70a6c9/screenshot - {}
RESULT: {"script":"<script> [1562 bytes]","args":[{"selector":{"id":"shell-header","interaction":{"idSuffix":"icon"}},"wdio_ui5_key":"shellheader"}]}
RESULT: undefined
COMMAND: POST /session/1fa10dbe6cace0b0b57e1b97fc70a6c9/refresh - {}
RESULT: {}
RESULT: {}
COMMAND: GET /session/1fa10dbe6cace0b0b57e1b97fc70a6c9/screenshot - {}
RESULT: {}
COMMAND: POST /session/1fa10dbe6cace0b0b57e1b97fc70a6c9/refresh - {}
RESULT: {}
COMMAND: GET /session/1fa10dbe6cace0b0b57e1b97fc70a6c9/screenshot - {}
RESULT: {}
COMMAND: POST /session/1fa10dbe6cace0b0b57e1b97fc70a6c9/window/fullscreen - {}
RESULT: {}
COMMAND: POST /session/1fa10dbe6cace0b0b57e1b97fc70a6c9/execute/async - {"script":"<script> [189 bytes]","args":[]}
RESULT: {"script":"<script> [189 bytes]","args":[]}
COMMAND: POST /session/1fa10dbe6cace0b0b57e1b97fc70a6c9/execute/async - {"script":"<script> [123 bytes]","args":[]}
RESULT: {"script":"<script> [123 bytes]","args":[]}
COMMAND: POST /session/1fa10dbe6cace0b0b57e1b97fc70a6c9/timeouts - {"script":"<number>"}
RESULT: {"script":"<number>"}
COMMAND: GET /session/1fa10dbe6cace0b0b57e1b97fc70a6c9/timeouts - {}
RESULT: {}
RESULT: undefined
COMMAND: POST /session/1fa10dbe6cace0b0b57e1b97fc70a6c9/execute/async - {"script":"<script> [2676 bytes]","args":[]}
RESULT: {"script":"<script> [2676 bytes]","args":[]}
COMMAND: POST /session/1fa10dbe6cace0b0b57e1b97fc70a6c9/execute/async - {"script":"<script> [2342 bytes]","args":[{"protocol":"http","hostname":"0.0.0.0","path":"/","capabilities":{"browserName":"chrome","goog:chromeOptions":{"binary":"C:\\Program Files\\Google\\Chrome\\Application\\chrome.exe","args":["--start-maximized"]}},"logLevel":"warn","connectionRetryTimeout":120000,"connectionRetryCount":3,"logLevels":{},"enableDirectConnect":true,"strictSSL":true,"_":"65 more keys: [\"cacheDir\",\"port\",\"requestedCapabilities\",\"automationProtocol\",\"baseUrl\",\"waitforInterval\",\"waitforTimeout\",\"onReload\",\"beforeCommand\",\"afterCommand\",\"rootDir\",\"specs\",\"suites\",\"exclude\",\"groupLogsByTestSpec\",\"excludeDriverLogs\",\"bail\",\"framework\",\"reporters\",\"services\",\"maxInstances\",\"maxInstancesPerCapability\",\"injectGlobals\",\"filesToWatch\",\"execArgv\",\"runnerEnv\",\"runner\",\"shard\",\"specFileRetries\",\"specFileRetriesDelay\",\"specFileRetriesDeferred\",\"reporterSyncInterval\",\"reporterSyncTimeout\",\"cucumberFeaturesWithLineNumbers\",\"autoCompileOpts\",\"mochaOpts\",\"jasmineOpts\",\"cucumberOpts\",\"onPrepare\",\"onWorkerStart\",\"onWorkerEnd\",\"before\",\"beforeSession\",\"beforeSuite\",\"beforeHook\",\"beforeTest\",\"afterTest\",\"afterHook\",\"afterSuite\",\"afterSession\",\"after\",\"onComplete\",\"beforeAssertion\",\"afterAssertion\",\"beforeFeature\",\"beforeScenario\",\"beforeStep\",\"afterStep\",\"afterScenario\",\"afterFeature\",\"_\",\"suite\",\"$0\",\"ignoredWorkerServices\",\"wdi5\"]"}]}
RESULT: {"script":"<script> [2342 bytes]","args":[{"protocol":"http","hostname":"0.0.0.0","path":"/","capabilities":{"browserName":"chrome","goog:chromeOptions":{"binary":"C:\\Program Files\\Google\\Chrome\\Application\\chrome.exe","args":["--start-maximized"]}},"logLevel":"warn","connectionRetryTimeout":120000,"connectionRetryCount":3,"logLevels":{},"enableDirectConnect":true,"strictSSL":true,"_":"65 more keys: [\"cacheDir\",\"port\",\"requestedCapabilities\",\"automationProtocol\",\"baseUrl\",\"waitforInterval\",\"waitforTimeout\",\"onReload\",\"beforeCommand\",\"afterCommand\",\"rootDir\",\"specs\",\"suites\",\"exclude\",\"groupLogsByTestSpec\",\"excludeDriverLogs\",\"bail\",\"framework\",\"reporters\",\"services\",\"maxInstances\",\"maxInstancesPerCapability\",\"injectGlobals\",\"filesToWatch\",\"execArgv\",\"runnerEnv\",\"runner\",\"shard\",\"specFileRetries\",\"specFileRetriesDelay\",\"specFileRetriesDeferred\",\"reporterSyncInterval\",\"reporterSyncTimeout\",\"cucumberFeaturesWithLineNumbers\",\"autoCompileOpts\",\"mochaOpts\",\"jasmineOpts\",\"cucumberOpts\",\"onPrepare\",\"onWorkerStart\",\"onWorkerEnd\",\"before\",\"beforeSession\",\"beforeSuite\",\"beforeHook\",\"beforeTest\",\"afterTest\",\"afterHook\",\"afterSuite\",\"afterSession\",\"after\",\"onComplete\",\"beforeAssertion\",\"afterAssertion\",\"beforeFeature\",\"beforeScenario\",\"beforeStep\",\"afterStep\",\"afterScenario\",\"afterFeature\",\"_\",\"suite\",\"$0\",\"ignoredWorkerServices\",\"wdi5\"]"}]}
COMMAND: POST /session/1fa10dbe6cace0b0b57e1b97fc70a6c9/execute/async - {"script":"<script> [21126 bytes]","args":[35000]}
RESULT: {"script":"<script> [21126 bytes]","args":[35000]}
]]></system-out>
    </testcase>
  </testsuite>
  <testsuite timestamp="2025-05-28T16:43:55" time="796.653" tests="7" failures="0" errors="0" skipped="0">
    <properties>
      <property name="specId" value="0"/>
      <property name="suiteName" value="Create masterdata for Yard Overview - trigger provide US130988"/>
      <property name="capabilities" value="chrome.136_0_7103_93.windows"/>
      <property name="file" value="file:///D:/a/1/s/test/specs/HTR/yard-movement-putaways.spec.js"/>
    </properties>
    <testcase classname="chrome.136_0_7103_93.windows.Create_masterdata_for_Yard_Overview_-_trigger_provide_US130988" name="Should create a new WHM yard" time="115.201">
      <system-out><![CDATA[
COMMAND: POST /session/1fa10dbe6cace0b0b57e1b97fc70a6c9/window/fullscreen - {}
RESULT: {}
COMMAND: POST /session/1fa10dbe6cace0b0b57e1b97fc70a6c9/execute/async - {"script":"<script> [1562 bytes]","args":[{"selector":{"controlType":"sap.m.GenericTile","properties":{"header":"Manage Yards"}},"wdio_ui5_key":"sapm.GenericTile{\"header\":\"Manage Yards\"}"}]}
RESULT: {"script":"<script> [1562 bytes]","args":[{"selector":{"controlType":"sap.m.GenericTile","properties":{"header":"Manage Yards"}},"wdio_ui5_key":"sapm.GenericTile{\"header\":\"Manage Yards\"}"}]}
RESULT: undefined
COMMAND: POST /session/1fa10dbe6cace0b0b57e1b97fc70a6c9/element - {"using":"xpath","value":"//*[@id=\"__tile41\"]"}
RESULT: {"using":"xpath","value":"//*[@id=\"__tile41\"]"}
COMMAND: POST /session/1fa10dbe6cace0b0b57e1b97fc70a6c9/element/f.0BA98F5D4C23DAB34A6BC0E7B973FCA4.d.4D5831EDB0E953EEB424481706993FB1.e.2922/click - {}
RESULT: {}
COMMAND: GET /session/1fa10dbe6cace0b0b57e1b97fc70a6c9/screenshot - {}
RESULT: {}
COMMAND: POST /session/1fa10dbe6cace0b0b57e1b97fc70a6c9/elements - {"using":"xpath","value":"//span[text()='Error']"}
RESULT: {"using":"xpath","value":"//span[text()='Error']"}
COMMAND: POST /session/1fa10dbe6cace0b0b57e1b97fc70a6c9/element - {"using":"xpath","value":"//button[@data-kt=\"addNewYardOverflowToolbarButton\"]"}
RESULT: {"using":"xpath","value":"//button[@data-kt=\"addNewYardOverflowToolbarButton\"]"}
COMMAND: POST /session/1fa10dbe6cace0b0b57e1b97fc70a6c9/elements - {"using":"xpath","value":"//button[@data-kt=\"addNewYardOverflowToolbarButton\"]"}
RESULT: {"using":"xpath","value":"//button[@data-kt=\"addNewYardOverflowToolbarButton\"]"}
COMMAND: POST /session/1fa10dbe6cace0b0b57e1b97fc70a6c9/execute/sync - {"script":"<script> [8489 bytes]","args":[{"element-6066-11e4-a52e-4f735466cecf":"f.0BA98F5D4C23DAB34A6BC0E7B973FCA4.d.4D5831EDB0E953EEB424481706993FB1.e.3049","ELEMENT":"f.0BA98F5D4C23DAB34A6BC0E7B973FCA4.d.4D5831EDB0E953EEB424481706993FB1.e.3049"}]}
RESULT: {"script":"<script> [8489 bytes]","args":[{"element-6066-11e4-a52e-4f735466cecf":"f.0BA98F5D4C23DAB34A6BC0E7B973FCA4.d.4D5831EDB0E953EEB424481706993FB1.e.3049","ELEMENT":"f.0BA98F5D4C23DAB34A6BC0E7B973FCA4.d.4D5831EDB0E953EEB424481706993FB1.e.3049"}]}
COMMAND: GET /session/1fa10dbe6cace0b0b57e1b97fc70a6c9/element/f.0BA98F5D4C23DAB34A6BC0E7B973FCA4.d.4D5831EDB0E953EEB424481706993FB1.e.3049/enabled - {}
COMMAND: GET /session/1fa10dbe6cace0b0b57e1b97fc70a6c9/screenshot - {}
RESULT: {}
COMMAND: POST /session/1fa10dbe6cace0b0b57e1b97fc70a6c9/execute/sync - {"script":"<script> [8489 bytes]","args":[{"element-6066-11e4-a52e-4f735466cecf":"f.0BA98F5D4C23DAB34A6BC0E7B973FCA4.d.4D5831EDB0E953EEB424481706993FB1.e.3049","ELEMENT":"f.0BA98F5D4C23DAB34A6BC0E7B973FCA4.d.4D5831EDB0E953EEB424481706993FB1.e.3049"}]}
COMMAND: GET /session/1fa10dbe6cace0b0b57e1b97fc70a6c9/screenshot - {}
RESULT: {}
RESULT: {"script":"<script> [8489 bytes]","args":[{"element-6066-11e4-a52e-4f735466cecf":"f.0BA98F5D4C23DAB34A6BC0E7B973FCA4.d.4D5831EDB0E953EEB424481706993FB1.e.3049","ELEMENT":"f.0BA98F5D4C23DAB34A6BC0E7B973FCA4.d.4D5831EDB0E953EEB424481706993FB1.e.3049"}]}
COMMAND: POST /session/1fa10dbe6cace0b0b57e1b97fc70a6c9/execute/sync - {"script":"<script> [5351 bytes]","args":[{"element-6066-11e4-a52e-4f735466cecf":"f.0BA98F5D4C23DAB34A6BC0E7B973FCA4.d.4D5831EDB0E953EEB424481706993FB1.e.3049","ELEMENT":"f.0BA98F5D4C23DAB34A6BC0E7B973FCA4.d.4D5831EDB0E953EEB424481706993FB1.e.3049"}]}
COMMAND: GET /session/1fa10dbe6cace0b0b57e1b97fc70a6c9/screenshot - {}
RESULT: {}
RESULT: {"script":"<script> [5351 bytes]","args":[{"element-6066-11e4-a52e-4f735466cecf":"f.0BA98F5D4C23DAB34A6BC0E7B973FCA4.d.4D5831EDB0E953EEB424481706993FB1.e.3049","ELEMENT":"f.0BA98F5D4C23DAB34A6BC0E7B973FCA4.d.4D5831EDB0E953EEB424481706993FB1.e.3049"}]}
COMMAND: POST /session/1fa10dbe6cace0b0b57e1b97fc70a6c9/element/f.0BA98F5D4C23DAB34A6BC0E7B973FCA4.d.4D5831EDB0E953EEB424481706993FB1.e.3049/click - {}
COMMAND: GET /session/1fa10dbe6cace0b0b57e1b97fc70a6c9/screenshot - {}
RESULT: {}
RESULT: {}
COMMAND: GET /session/1fa10dbe6cace0b0b57e1b97fc70a6c9/screenshot - {}
RESULT: {}
RESULT: {}
COMMAND: POST /session/1fa10dbe6cace0b0b57e1b97fc70a6c9/element - {"using":"xpath","value":"//input[@id=\"application-manageyards-display-component---NewYard--yardId-inner\"]"}
RESULT: {"using":"xpath","value":"//input[@id=\"application-manageyards-display-component---NewYard--yardId-inner\"]"}
COMMAND: POST /session/1fa10dbe6cace0b0b57e1b97fc70a6c9/element - {"using":"xpath","value":"//input[@id=\"application-manageyards-display-component---NewYard--yardId-inner\"]"}
RESULT: {"using":"xpath","value":"//input[@id=\"application-manageyards-display-component---NewYard--yardId-inner\"]"}
COMMAND: POST /session/1fa10dbe6cace0b0b57e1b97fc70a6c9/execute/async - {"script":"<script> [1562 bytes]","args":[{"selector":{"id":"application-manageyards-display-component---NewYard--addressDetailDetailsName1","interaction":{"idSuffix":"inner"}},"wdio_ui5_key":"applicationmanageyards-display-component---NewYard--addressDetailDetailsName1"}]}
RESULT: {"script":"<script> [1562 bytes]","args":[{"selector":{"id":"application-manageyards-display-component---NewYard--addressDetailDetailsName1","interaction":{"idSuffix":"inner"}},"wdio_ui5_key":"applicationmanageyards-display-component---NewYard--addressDetailDetailsName1"}]}
RESULT: undefined
COMMAND: POST /session/1fa10dbe6cace0b0b57e1b97fc70a6c9/execute/async - {"script":"<script> [776 bytes]","args":[{"enterText":"Warehouse Managed WDIO","selector":{"id":"application-manageyards-display-component---NewYard--addressDetailDetailsName1","interaction":{"idSuffix":"inner"}},"clearTextFirst":true,"interactionType":"ENTER_TEXT"}]}
RESULT: {"script":"<script> [776 bytes]","args":[{"enterText":"Warehouse Managed WDIO","selector":{"id":"application-manageyards-display-component---NewYard--addressDetailDetailsName1","interaction":{"idSuffix":"inner"}},"clearTextFirst":true,"interactionType":"ENTER_TEXT"}]}
COMMAND: POST /session/1fa10dbe6cace0b0b57e1b97fc70a6c9/execute/async - {"script":"<script> [1562 bytes]","args":[{"selector":{"id":"application-manageyards-display-component---NewYard--addressDetailDetailsLanguage-arrow"},"wdio_ui5_key":"applicationmanageyards-display-component---NewYard--addressDetailDetailsLanguage-arrow"}]}
RESULT: {"script":"<script> [1562 bytes]","args":[{"selector":{"id":"application-manageyards-display-component---NewYard--addressDetailDetailsLanguage-arrow"},"wdio_ui5_key":"applicationmanageyards-display-component---NewYard--addressDetailDetailsLanguage-arrow"}]}
RESULT: undefined
COMMAND: POST /session/1fa10dbe6cace0b0b57e1b97fc70a6c9/element - {"using":"xpath","value":"//*[@id=\"application-manageyards-display-component---NewYard--addressDetailDetailsLanguage-arrow\"]"}
RESULT: {"using":"xpath","value":"//*[@id=\"application-manageyards-display-component---NewYard--addressDetailDetailsLanguage-arrow\"]"}
COMMAND: POST /session/1fa10dbe6cace0b0b57e1b97fc70a6c9/element/f.0BA98F5D4C23DAB34A6BC0E7B973FCA4.d.4D5831EDB0E953EEB424481706993FB1.e.3478/click - {}
RESULT: {}
COMMAND: POST /session/1fa10dbe6cace0b0b57e1b97fc70a6c9/element - {"using":"xpath","value":"//span[contains(text(), \"English\")]"}
COMMAND: GET /session/1fa10dbe6cace0b0b57e1b97fc70a6c9/screenshot - {}
RESULT: {"using":"xpath","value":"//span[contains(text(), \"English\")]"}
COMMAND: POST /session/1fa10dbe6cace0b0b57e1b97fc70a6c9/element/f.0BA98F5D4C23DAB34A6BC0E7B973FCA4.d.4D5831EDB0E953EEB424481706993FB1.e.3479/click - {}
RESULT: {}
RESULT: {}
COMMAND: POST /session/1fa10dbe6cace0b0b57e1b97fc70a6c9/execute/async - {"script":"<script> [1562 bytes]","args":[{"selector":{"id":"application-manageyards-display-component---NewYard--addressDetailDetailsCity1","interaction":{"idSuffix":"inner"}},"wdio_ui5_key":"applicationmanageyards-display-component---NewYard--addressDetailDetailsCity1"}]}
COMMAND: GET /session/1fa10dbe6cace0b0b57e1b97fc70a6c9/screenshot - {}
RESULT: {"script":"<script> [1562 bytes]","args":[{"selector":{"id":"application-manageyards-display-component---NewYard--addressDetailDetailsCity1","interaction":{"idSuffix":"inner"}},"wdio_ui5_key":"applicationmanageyards-display-component---NewYard--addressDetailDetailsCity1"}]}
RESULT: undefined
COMMAND: POST /session/1fa10dbe6cace0b0b57e1b97fc70a6c9/execute/async - {"script":"<script> [776 bytes]","args":[{"enterText":"Rosario","selector":{"id":"application-manageyards-display-component---NewYard--addressDetailDetailsCity1","interaction":{"idSuffix":"inner"}},"clearTextFirst":true,"interactionType":"ENTER_TEXT"}]}
RESULT: {}
RESULT: {"script":"<script> [776 bytes]","args":[{"enterText":"Rosario","selector":{"id":"application-manageyards-display-component---NewYard--addressDetailDetailsCity1","interaction":{"idSuffix":"inner"}},"clearTextFirst":true,"interactionType":"ENTER_TEXT"}]}
COMMAND: POST /session/1fa10dbe6cace0b0b57e1b97fc70a6c9/execute/async - {"script":"<script> [1562 bytes]","args":[{"selector":{"id":"application-manageyards-display-component---NewYard--addressDetailDetailsCountry-arrow"},"wdio_ui5_key":"applicationmanageyards-display-component---NewYard--addressDetailDetailsCountry-arrow"}]}
RESULT: {"script":"<script> [1562 bytes]","args":[{"selector":{"id":"application-manageyards-display-component---NewYard--addressDetailDetailsCountry-arrow"},"wdio_ui5_key":"applicationmanageyards-display-component---NewYard--addressDetailDetailsCountry-arrow"}]}
RESULT: undefined
COMMAND: POST /session/1fa10dbe6cace0b0b57e1b97fc70a6c9/element - {"using":"xpath","value":"//*[@id=\"application-manageyards-display-component---NewYard--addressDetailDetailsCountry-arrow\"]"}
RESULT: {"using":"xpath","value":"//*[@id=\"application-manageyards-display-component---NewYard--addressDetailDetailsCountry-arrow\"]"}
COMMAND: POST /session/1fa10dbe6cace0b0b57e1b97fc70a6c9/element/f.0BA98F5D4C23DAB34A6BC0E7B973FCA4.d.4D5831EDB0E953EEB424481706993FB1.e.3481/click - {}
RESULT: {}
COMMAND: POST /session/1fa10dbe6cace0b0b57e1b97fc70a6c9/element - {"using":"xpath","value":"//span[contains(text(), \"Argentina\")]"}
COMMAND: GET /session/1fa10dbe6cace0b0b57e1b97fc70a6c9/screenshot - {}
RESULT: {"using":"xpath","value":"//span[contains(text(), \"Argentina\")]"}
COMMAND: POST /session/1fa10dbe6cace0b0b57e1b97fc70a6c9/element/f.0BA98F5D4C23DAB34A6BC0E7B973FCA4.d.4D5831EDB0E953EEB424481706993FB1.e.3482/click - {}
RESULT: {}
RESULT: {}
COMMAND: POST /session/1fa10dbe6cace0b0b57e1b97fc70a6c9/execute/async - {"script":"<script> [1562 bytes]","args":[{"selector":{"id":"application-manageyards-display-component---NewYard--addressEditDetailsCostObjectCstType-arrow"},"wdio_ui5_key":"applicationmanageyards-display-component---NewYard--addressEditDetailsCostObjectCstType-arrow"}]}
COMMAND: GET /session/1fa10dbe6cace0b0b57e1b97fc70a6c9/screenshot - {}
RESULT: {"script":"<script> [1562 bytes]","args":[{"selector":{"id":"application-manageyards-display-component---NewYard--addressEditDetailsCostObjectCstType-arrow"},"wdio_ui5_key":"applicationmanageyards-display-component---NewYard--addressEditDetailsCostObjectCstType-arrow"}]}
RESULT: undefined
COMMAND: POST /session/1fa10dbe6cace0b0b57e1b97fc70a6c9/element - {"using":"xpath","value":"//*[@id=\"application-manageyards-display-component---NewYard--addressEditDetailsCostObjectCstType-arrow\"]"}
RESULT: {}
RESULT: {"using":"xpath","value":"//*[@id=\"application-manageyards-display-component---NewYard--addressEditDetailsCostObjectCstType-arrow\"]"}
COMMAND: POST /session/1fa10dbe6cace0b0b57e1b97fc70a6c9/element/f.0BA98F5D4C23DAB34A6BC0E7B973FCA4.d.4D5831EDB0E953EEB424481706993FB1.e.3483/click - {}
RESULT: {}
COMMAND: POST /session/1fa10dbe6cace0b0b57e1b97fc70a6c9/element - {"using":"xpath","value":"//span[contains(text(), \"Cost Center\")]"}
COMMAND: GET /session/1fa10dbe6cace0b0b57e1b97fc70a6c9/screenshot - {}
RESULT: {"using":"xpath","value":"//span[contains(text(), \"Cost Center\")]"}
COMMAND: POST /session/1fa10dbe6cace0b0b57e1b97fc70a6c9/element/f.0BA98F5D4C23DAB34A6BC0E7B973FCA4.d.4D5831EDB0E953EEB424481706993FB1.e.3484/click - {}
RESULT: {}
RESULT: {}
COMMAND: GET /session/1fa10dbe6cace0b0b57e1b97fc70a6c9/screenshot - {}
RESULT: {}
COMMAND: POST /session/1fa10dbe6cace0b0b57e1b97fc70a6c9/element - {"using":"xpath","value":"//span[@id=\"application-manageyards-display-component---NewYard--addressNewCostObjectCstID-vhi\"]"}
RESULT: {"using":"xpath","value":"//span[@id=\"application-manageyards-display-component---NewYard--addressNewCostObjectCstID-vhi\"]"}
COMMAND: POST /session/1fa10dbe6cace0b0b57e1b97fc70a6c9/execute/sync - {"script":"<script> [8489 bytes]","args":[{"element-6066-11e4-a52e-4f735466cecf":"f.0BA98F5D4C23DAB34A6BC0E7B973FCA4.d.4D5831EDB0E953EEB424481706993FB1.e.3488","ELEMENT":"f.0BA98F5D4C23DAB34A6BC0E7B973FCA4.d.4D5831EDB0E953EEB424481706993FB1.e.3488"}]}
RESULT: {"script":"<script> [8489 bytes]","args":[{"element-6066-11e4-a52e-4f735466cecf":"f.0BA98F5D4C23DAB34A6BC0E7B973FCA4.d.4D5831EDB0E953EEB424481706993FB1.e.3488","ELEMENT":"f.0BA98F5D4C23DAB34A6BC0E7B973FCA4.d.4D5831EDB0E953EEB424481706993FB1.e.3488"}]}
COMMAND: POST /session/1fa10dbe6cace0b0b57e1b97fc70a6c9/execute/async - {"script":"<script> [1562 bytes]","args":[{"selector":{"id":"application-manageyards-display-component---NewYard--addressNewCostObjectCstID-vhi"},"wdio_ui5_key":"applicationmanageyards-display-component---NewYard--addressNewCostObjectCstID-vhi"}]}
COMMAND: GET /session/1fa10dbe6cace0b0b57e1b97fc70a6c9/screenshot - {}
RESULT: {"script":"<script> [1562 bytes]","args":[{"selector":{"id":"application-manageyards-display-component---NewYard--addressNewCostObjectCstID-vhi"},"wdio_ui5_key":"applicationmanageyards-display-component---NewYard--addressNewCostObjectCstID-vhi"}]}
RESULT: undefined
COMMAND: POST /session/1fa10dbe6cace0b0b57e1b97fc70a6c9/element - {"using":"xpath","value":"//*[@id=\"application-manageyards-display-component---NewYard--addressNewCostObjectCstID-vhi\"]"}
RESULT: {}
RESULT: {"using":"xpath","value":"//*[@id=\"application-manageyards-display-component---NewYard--addressNewCostObjectCstID-vhi\"]"}
COMMAND: POST /session/1fa10dbe6cace0b0b57e1b97fc70a6c9/element/f.0BA98F5D4C23DAB34A6BC0E7B973FCA4.d.4D5831EDB0E953EEB424481706993FB1.e.3488/click - {}
RESULT: {}
COMMAND: GET /session/1fa10dbe6cace0b0b57e1b97fc70a6c9/screenshot - {}
RESULT: {}
COMMAND: POST /session/1fa10dbe6cace0b0b57e1b97fc70a6c9/execute/async - {"script":"<script> [1562 bytes]","args":[{"selector":{"controlType":"sap.m.SearchField","properties":{"placeholder":"Search"},"searchOpenDialogs":true,"interaction":{"idSuffix":"I"}},"wdio_ui5_key":"sapm.SearchField{\"placeholder\":\"Search\"}"}]}
RESULT: {"script":"<script> [1562 bytes]","args":[{"selector":{"controlType":"sap.m.SearchField","properties":{"placeholder":"Search"},"searchOpenDialogs":true,"interaction":{"idSuffix":"I"}},"wdio_ui5_key":"sapm.SearchField{\"placeholder\":\"Search\"}"}]}
RESULT: undefined
COMMAND: POST /session/1fa10dbe6cace0b0b57e1b97fc70a6c9/execute/async - {"script":"<script> [776 bytes]","args":[{"enterText":"bauh_b","selector":{"controlType":"sap.m.SearchField","properties":{"placeholder":"Search"},"searchOpenDialogs":true,"interaction":{"idSuffix":"I"}},"clearTextFirst":true,"interactionType":"ENTER_TEXT"}]}
RESULT: {"script":"<script> [776 bytes]","args":[{"enterText":"bauh_b","selector":{"controlType":"sap.m.SearchField","properties":{"placeholder":"Search"},"searchOpenDialogs":true,"interaction":{"idSuffix":"I"}},"clearTextFirst":true,"interactionType":"ENTER_TEXT"}]}
COMMAND: POST /session/1fa10dbe6cace0b0b57e1b97fc70a6c9/actions - {"actions":[{"id":"action10","type":"key","parameters":{},"actions":[{"type":"keyDown","value":""},{"type":"pause","duration":10},{"type":"keyUp","value":""}]}]}
RESULT: {"actions":[{"id":"action10","type":"key","parameters":{},"actions":[{"type":"keyDown","value":""},{"type":"pause","duration":10},{"type":"keyUp","value":""}]}]}
COMMAND: GET /session/1fa10dbe6cace0b0b57e1b97fc70a6c9/screenshot - {}
RESULT: {}
COMMAND: POST /session/1fa10dbe6cace0b0b57e1b97fc70a6c9/element - {"using":"xpath","value":"//span[contains(text(), \"Demo Yard\")]"}
RESULT: {"using":"xpath","value":"//span[contains(text(), \"Demo Yard\")]"}
COMMAND: POST /session/1fa10dbe6cace0b0b57e1b97fc70a6c9/element/f.0BA98F5D4C23DAB34A6BC0E7B973FCA4.d.4D5831EDB0E953EEB424481706993FB1.e.3529/click - {}
RESULT: {}
COMMAND: GET /session/1fa10dbe6cace0b0b57e1b97fc70a6c9/screenshot - {}
RESULT: {}
COMMAND: POST /session/1fa10dbe6cace0b0b57e1b97fc70a6c9/element - {"using":"xpath","value":"//bdi[contains(text(), \"OK\")]"}
RESULT: {"using":"xpath","value":"//bdi[contains(text(), \"OK\")]"}
COMMAND: POST /session/1fa10dbe6cace0b0b57e1b97fc70a6c9/element/f.0BA98F5D4C23DAB34A6BC0E7B973FCA4.d.4D5831EDB0E953EEB424481706993FB1.e.3530/click - {}
RESULT: {}
COMMAND: GET /session/1fa10dbe6cace0b0b57e1b97fc70a6c9/screenshot - {}
RESULT: {}
COMMAND: POST /session/1fa10dbe6cace0b0b57e1b97fc70a6c9/execute/async - {"script":"<script> [1562 bytes]","args":[{"selector":{"id":"application-manageyards-display-component---NewYard--addressEditDetailsCurrency-arrow"},"wdio_ui5_key":"applicationmanageyards-display-component---NewYard--addressEditDetailsCurrency-arrow"}]}
RESULT: {"script":"<script> [1562 bytes]","args":[{"selector":{"id":"application-manageyards-display-component---NewYard--addressEditDetailsCurrency-arrow"},"wdio_ui5_key":"applicationmanageyards-display-component---NewYard--addressEditDetailsCurrency-arrow"}]}
RESULT: undefined
COMMAND: POST /session/1fa10dbe6cace0b0b57e1b97fc70a6c9/element - {"using":"xpath","value":"//*[@id=\"application-manageyards-display-component---NewYard--addressEditDetailsCurrency-arrow\"]"}
RESULT: {"using":"xpath","value":"//*[@id=\"application-manageyards-display-component---NewYard--addressEditDetailsCurrency-arrow\"]"}
COMMAND: POST /session/1fa10dbe6cace0b0b57e1b97fc70a6c9/element/f.0BA98F5D4C23DAB34A6BC0E7B973FCA4.d.4D5831EDB0E953EEB424481706993FB1.e.3533/click - {}
RESULT: {}
COMMAND: POST /session/1fa10dbe6cace0b0b57e1b97fc70a6c9/element - {"using":"xpath","value":"//span[contains(text(), \"Euro\")]"}
COMMAND: GET /session/1fa10dbe6cace0b0b57e1b97fc70a6c9/screenshot - {}
RESULT: {"using":"xpath","value":"//span[contains(text(), \"Euro\")]"}
COMMAND: POST /session/1fa10dbe6cace0b0b57e1b97fc70a6c9/element/f.0BA98F5D4C23DAB34A6BC0E7B973FCA4.d.4D5831EDB0E953EEB424481706993FB1.e.3534/click - {}
RESULT: {}
RESULT: {}
COMMAND: POST /session/1fa10dbe6cace0b0b57e1b97fc70a6c9/execute/async - {"script":"<script> [1562 bytes]","args":[{"selector":{"controlType":"sap.m.Input","viewName":"etm.portal.ui.manageyards.view.New","viewId":"application-manageyards-display-component---NewYard","bindingPath":{"path":"","propertyPath":"/CONTROLLING_AREA","modelName":"NewYardModel"},"interaction":{"idSuffix":"inner"}},"wdio_ui5_key":"etmportal.ui.manageyards.view.Newsap.m.Input{\"path\":\"\",\"propertyPath\":\"/CONTROLLING_AREA\",\"modelName\":\"NewYardModel\"}"}]}
COMMAND: GET /session/1fa10dbe6cace0b0b57e1b97fc70a6c9/screenshot - {}
RESULT: {"script":"<script> [1562 bytes]","args":[{"selector":{"controlType":"sap.m.Input","viewName":"etm.portal.ui.manageyards.view.New","viewId":"application-manageyards-display-component---NewYard","bindingPath":{"path":"","propertyPath":"/CONTROLLING_AREA","modelName":"NewYardModel"},"interaction":{"idSuffix":"inner"}},"wdio_ui5_key":"etmportal.ui.manageyards.view.Newsap.m.Input{\"path\":\"\",\"propertyPath\":\"/CONTROLLING_AREA\",\"modelName\":\"NewYardModel\"}"}]}
RESULT: undefined
COMMAND: POST /session/1fa10dbe6cace0b0b57e1b97fc70a6c9/execute/async - {"script":"<script> [776 bytes]","args":[{"enterText":"Z001","selector":{"controlType":"sap.m.Input","viewName":"etm.portal.ui.manageyards.view.New","viewId":"application-manageyards-display-component---NewYard","bindingPath":{"path":"","propertyPath":"/CONTROLLING_AREA","modelName":"NewYardModel"},"interaction":{"idSuffix":"inner"}},"clearTextFirst":true,"interactionType":"ENTER_TEXT"}]}
RESULT: {}
RESULT: {"script":"<script> [776 bytes]","args":[{"enterText":"Z001","selector":{"controlType":"sap.m.Input","viewName":"etm.portal.ui.manageyards.view.New","viewId":"application-manageyards-display-component---NewYard","bindingPath":{"path":"","propertyPath":"/CONTROLLING_AREA","modelName":"NewYardModel"},"interaction":{"idSuffix":"inner"}},"clearTextFirst":true,"interactionType":"ENTER_TEXT"}]}
COMMAND: POST /session/1fa10dbe6cace0b0b57e1b97fc70a6c9/execute/async - {"script":"<script> [1562 bytes]","args":[{"selector":{"id":"application-manageyards-display-component---NewYard--companyCodeComboBox","interaction":{"idSuffix":"inner"}},"wdio_ui5_key":"applicationmanageyards-display-component---NewYard--companyCodeComboBox"}]}
RESULT: {"script":"<script> [1562 bytes]","args":[{"selector":{"id":"application-manageyards-display-component---NewYard--companyCodeComboBox","interaction":{"idSuffix":"inner"}},"wdio_ui5_key":"applicationmanageyards-display-component---NewYard--companyCodeComboBox"}]}
RESULT: undefined
COMMAND: POST /session/1fa10dbe6cace0b0b57e1b97fc70a6c9/execute/async - {"script":"<script> [776 bytes]","args":[{"enterText":"1000","selector":{"id":"application-manageyards-display-component---NewYard--companyCodeComboBox","interaction":{"idSuffix":"inner"}},"clearTextFirst":true,"interactionType":"ENTER_TEXT"}]}
RESULT: {"script":"<script> [776 bytes]","args":[{"enterText":"1000","selector":{"id":"application-manageyards-display-component---NewYard--companyCodeComboBox","interaction":{"idSuffix":"inner"}},"clearTextFirst":true,"interactionType":"ENTER_TEXT"}]}
COMMAND: POST /session/1fa10dbe6cace0b0b57e1b97fc70a6c9/execute/async - {"script":"<script> [1562 bytes]","args":[{"selector":{"controlType":"sap.m.Input","viewName":"etm.portal.ui.manageyards.view.New","viewId":"application-manageyards-display-component---NewYard","bindingPath":{"path":"","propertyPath":"/PLANT","modelName":"NewYardModel"},"interaction":{"idSuffix":"inner"}},"wdio_ui5_key":"etmportal.ui.manageyards.view.Newsap.m.Input{\"path\":\"\",\"propertyPath\":\"/PLANT\",\"modelName\":\"NewYardModel\"}"}]}
RESULT: {"script":"<script> [1562 bytes]","args":[{"selector":{"controlType":"sap.m.Input","viewName":"etm.portal.ui.manageyards.view.New","viewId":"application-manageyards-display-component---NewYard","bindingPath":{"path":"","propertyPath":"/PLANT","modelName":"NewYardModel"},"interaction":{"idSuffix":"inner"}},"wdio_ui5_key":"etmportal.ui.manageyards.view.Newsap.m.Input{\"path\":\"\",\"propertyPath\":\"/PLANT\",\"modelName\":\"NewYardModel\"}"}]}
RESULT: undefined
COMMAND: POST /session/1fa10dbe6cace0b0b57e1b97fc70a6c9/execute/async - {"script":"<script> [776 bytes]","args":[{"enterText":"1001","selector":{"controlType":"sap.m.Input","viewName":"etm.portal.ui.manageyards.view.New","viewId":"application-manageyards-display-component---NewYard","bindingPath":{"path":"","propertyPath":"/PLANT","modelName":"NewYardModel"},"interaction":{"idSuffix":"inner"}},"clearTextFirst":true,"interactionType":"ENTER_TEXT"}]}
RESULT: {"script":"<script> [776 bytes]","args":[{"enterText":"1001","selector":{"controlType":"sap.m.Input","viewName":"etm.portal.ui.manageyards.view.New","viewId":"application-manageyards-display-component---NewYard","bindingPath":{"path":"","propertyPath":"/PLANT","modelName":"NewYardModel"},"interaction":{"idSuffix":"inner"}},"clearTextFirst":true,"interactionType":"ENTER_TEXT"}]}
COMMAND: POST /session/1fa10dbe6cace0b0b57e1b97fc70a6c9/execute/async - {"script":"<script> [1562 bytes]","args":[{"selector":{"controlType":"sap.m.Input","viewName":"etm.portal.ui.manageyards.view.New","viewId":"application-manageyards-display-component---NewYard","bindingPath":{"path":"","propertyPath":"/SALES_AREA_VKORG","modelName":"NewYardModel"},"interaction":{"idSuffix":"inner"}},"wdio_ui5_key":"etmportal.ui.manageyards.view.Newsap.m.Input{\"path\":\"\",\"propertyPath\":\"/SALES_AREA_VKORG\",\"modelName\":\"NewYardModel\"}"}]}
RESULT: {"script":"<script> [1562 bytes]","args":[{"selector":{"controlType":"sap.m.Input","viewName":"etm.portal.ui.manageyards.view.New","viewId":"application-manageyards-display-component---NewYard","bindingPath":{"path":"","propertyPath":"/SALES_AREA_VKORG","modelName":"NewYardModel"},"interaction":{"idSuffix":"inner"}},"wdio_ui5_key":"etmportal.ui.manageyards.view.Newsap.m.Input{\"path\":\"\",\"propertyPath\":\"/SALES_AREA_VKORG\",\"modelName\":\"NewYardModel\"}"}]}
RESULT: undefined
COMMAND: POST /session/1fa10dbe6cace0b0b57e1b97fc70a6c9/execute/async - {"script":"<script> [776 bytes]","args":[{"enterText":"C002","selector":{"controlType":"sap.m.Input","viewName":"etm.portal.ui.manageyards.view.New","viewId":"application-manageyards-display-component---NewYard","bindingPath":{"path":"","propertyPath":"/SALES_AREA_VKORG","modelName":"NewYardModel"},"interaction":{"idSuffix":"inner"}},"clearTextFirst":true,"interactionType":"ENTER_TEXT"}]}
RESULT: {"script":"<script> [776 bytes]","args":[{"enterText":"C002","selector":{"controlType":"sap.m.Input","viewName":"etm.portal.ui.manageyards.view.New","viewId":"application-manageyards-display-component---NewYard","bindingPath":{"path":"","propertyPath":"/SALES_AREA_VKORG","modelName":"NewYardModel"},"interaction":{"idSuffix":"inner"}},"clearTextFirst":true,"interactionType":"ENTER_TEXT"}]}
COMMAND: POST /session/1fa10dbe6cace0b0b57e1b97fc70a6c9/execute/async - {"script":"<script> [1562 bytes]","args":[{"selector":{"controlType":"sap.m.Input","viewName":"etm.portal.ui.manageyards.view.New","viewId":"application-manageyards-display-component---NewYard","bindingPath":{"path":"","propertyPath":"/SALES_AREA_VTWEG","modelName":"NewYardModel"},"interaction":{"idSuffix":"inner"}},"wdio_ui5_key":"etmportal.ui.manageyards.view.Newsap.m.Input{\"path\":\"\",\"propertyPath\":\"/SALES_AREA_VTWEG\",\"modelName\":\"NewYardModel\"}"}]}
RESULT: {"script":"<script> [1562 bytes]","args":[{"selector":{"controlType":"sap.m.Input","viewName":"etm.portal.ui.manageyards.view.New","viewId":"application-manageyards-display-component---NewYard","bindingPath":{"path":"","propertyPath":"/SALES_AREA_VTWEG","modelName":"NewYardModel"},"interaction":{"idSuffix":"inner"}},"wdio_ui5_key":"etmportal.ui.manageyards.view.Newsap.m.Input{\"path\":\"\",\"propertyPath\":\"/SALES_AREA_VTWEG\",\"modelName\":\"NewYardModel\"}"}]}
RESULT: undefined
COMMAND: POST /session/1fa10dbe6cace0b0b57e1b97fc70a6c9/execute/async - {"script":"<script> [776 bytes]","args":[{"enterText":"C2","selector":{"controlType":"sap.m.Input","viewName":"etm.portal.ui.manageyards.view.New","viewId":"application-manageyards-display-component---NewYard","bindingPath":{"path":"","propertyPath":"/SALES_AREA_VTWEG","modelName":"NewYardModel"},"interaction":{"idSuffix":"inner"}},"clearTextFirst":true,"interactionType":"ENTER_TEXT"}]}
RESULT: {"script":"<script> [776 bytes]","args":[{"enterText":"C2","selector":{"controlType":"sap.m.Input","viewName":"etm.portal.ui.manageyards.view.New","viewId":"application-manageyards-display-component---NewYard","bindingPath":{"path":"","propertyPath":"/SALES_AREA_VTWEG","modelName":"NewYardModel"},"interaction":{"idSuffix":"inner"}},"clearTextFirst":true,"interactionType":"ENTER_TEXT"}]}
COMMAND: POST /session/1fa10dbe6cace0b0b57e1b97fc70a6c9/execute/async - {"script":"<script> [1562 bytes]","args":[{"selector":{"controlType":"sap.m.Input","viewName":"etm.portal.ui.manageyards.view.New","viewId":"application-manageyards-display-component---NewYard","bindingPath":{"path":"","propertyPath":"/SALES_AREA_SPART","modelName":"NewYardModel"},"interaction":{"idSuffix":"inner"}},"wdio_ui5_key":"etmportal.ui.manageyards.view.Newsap.m.Input{\"path\":\"\",\"propertyPath\":\"/SALES_AREA_SPART\",\"modelName\":\"NewYardModel\"}"}]}
RESULT: {"script":"<script> [1562 bytes]","args":[{"selector":{"controlType":"sap.m.Input","viewName":"etm.portal.ui.manageyards.view.New","viewId":"application-manageyards-display-component---NewYard","bindingPath":{"path":"","propertyPath":"/SALES_AREA_SPART","modelName":"NewYardModel"},"interaction":{"idSuffix":"inner"}},"wdio_ui5_key":"etmportal.ui.manageyards.view.Newsap.m.Input{\"path\":\"\",\"propertyPath\":\"/SALES_AREA_SPART\",\"modelName\":\"NewYardModel\"}"}]}
RESULT: undefined
COMMAND: POST /session/1fa10dbe6cace0b0b57e1b97fc70a6c9/execute/async - {"script":"<script> [776 bytes]","args":[{"enterText":"C2","selector":{"controlType":"sap.m.Input","viewName":"etm.portal.ui.manageyards.view.New","viewId":"application-manageyards-display-component---NewYard","bindingPath":{"path":"","propertyPath":"/SALES_AREA_SPART","modelName":"NewYardModel"},"interaction":{"idSuffix":"inner"}},"clearTextFirst":true,"interactionType":"ENTER_TEXT"}]}
RESULT: {"script":"<script> [776 bytes]","args":[{"enterText":"C2","selector":{"controlType":"sap.m.Input","viewName":"etm.portal.ui.manageyards.view.New","viewId":"application-manageyards-display-component---NewYard","bindingPath":{"path":"","propertyPath":"/SALES_AREA_SPART","modelName":"NewYardModel"},"interaction":{"idSuffix":"inner"}},"clearTextFirst":true,"interactionType":"ENTER_TEXT"}]}
COMMAND: POST /session/1fa10dbe6cace0b0b57e1b97fc70a6c9/execute/async - {"script":"<script> [1562 bytes]","args":[{"selector":{"controlType":"sap.m.Input","viewName":"etm.portal.ui.manageyards.view.New","viewId":"application-manageyards-display-component---NewYard","bindingPath":{"path":"","propertyPath":"/SHIP_POINT","modelName":"NewYardModel"},"interaction":{"idSuffix":"inner"}},"wdio_ui5_key":"etmportal.ui.manageyards.view.Newsap.m.Input{\"path\":\"\",\"propertyPath\":\"/SHIP_POINT\",\"modelName\":\"NewYardModel\"}"}]}
RESULT: {"script":"<script> [1562 bytes]","args":[{"selector":{"controlType":"sap.m.Input","viewName":"etm.portal.ui.manageyards.view.New","viewId":"application-manageyards-display-component---NewYard","bindingPath":{"path":"","propertyPath":"/SHIP_POINT","modelName":"NewYardModel"},"interaction":{"idSuffix":"inner"}},"wdio_ui5_key":"etmportal.ui.manageyards.view.Newsap.m.Input{\"path\":\"\",\"propertyPath\":\"/SHIP_POINT\",\"modelName\":\"NewYardModel\"}"}]}
RESULT: undefined
COMMAND: POST /session/1fa10dbe6cace0b0b57e1b97fc70a6c9/execute/async - {"script":"<script> [776 bytes]","args":[{"enterText":"1710","selector":{"controlType":"sap.m.Input","viewName":"etm.portal.ui.manageyards.view.New","viewId":"application-manageyards-display-component---NewYard","bindingPath":{"path":"","propertyPath":"/SHIP_POINT","modelName":"NewYardModel"},"interaction":{"idSuffix":"inner"}},"clearTextFirst":true,"interactionType":"ENTER_TEXT"}]}
RESULT: {"script":"<script> [776 bytes]","args":[{"enterText":"1710","selector":{"controlType":"sap.m.Input","viewName":"etm.portal.ui.manageyards.view.New","viewId":"application-manageyards-display-component---NewYard","bindingPath":{"path":"","propertyPath":"/SHIP_POINT","modelName":"NewYardModel"},"interaction":{"idSuffix":"inner"}},"clearTextFirst":true,"interactionType":"ENTER_TEXT"}]}
COMMAND: POST /session/1fa10dbe6cace0b0b57e1b97fc70a6c9/execute/async - {"script":"<script> [1562 bytes]","args":[{"selector":{"controlType":"sap.m.Input","viewName":"etm.portal.ui.manageyards.view.New","viewId":"application-manageyards-display-component---NewYard","bindingPath":{"path":"","propertyPath":"/DELIVERY_TYPE","modelName":"NewYardModel"},"interaction":{"idSuffix":"inner"}},"wdio_ui5_key":"etmportal.ui.manageyards.view.Newsap.m.Input{\"path\":\"\",\"propertyPath\":\"/DELIVERY_TYPE\",\"modelName\":\"NewYardModel\"}"}]}
RESULT: {"script":"<script> [1562 bytes]","args":[{"selector":{"controlType":"sap.m.Input","viewName":"etm.portal.ui.manageyards.view.New","viewId":"application-manageyards-display-component---NewYard","bindingPath":{"path":"","propertyPath":"/DELIVERY_TYPE","modelName":"NewYardModel"},"interaction":{"idSuffix":"inner"}},"wdio_ui5_key":"etmportal.ui.manageyards.view.Newsap.m.Input{\"path\":\"\",\"propertyPath\":\"/DELIVERY_TYPE\",\"modelName\":\"NewYardModel\"}"}]}
RESULT: undefined
COMMAND: POST /session/1fa10dbe6cace0b0b57e1b97fc70a6c9/execute/async - {"script":"<script> [776 bytes]","args":[{"enterText":"ZL01","selector":{"controlType":"sap.m.Input","viewName":"etm.portal.ui.manageyards.view.New","viewId":"application-manageyards-display-component---NewYard","bindingPath":{"path":"","propertyPath":"/DELIVERY_TYPE","modelName":"NewYardModel"},"interaction":{"idSuffix":"inner"}},"clearTextFirst":true,"interactionType":"ENTER_TEXT"}]}
RESULT: {"script":"<script> [776 bytes]","args":[{"enterText":"ZL01","selector":{"controlType":"sap.m.Input","viewName":"etm.portal.ui.manageyards.view.New","viewId":"application-manageyards-display-component---NewYard","bindingPath":{"path":"","propertyPath":"/DELIVERY_TYPE","modelName":"NewYardModel"},"interaction":{"idSuffix":"inner"}},"clearTextFirst":true,"interactionType":"ENTER_TEXT"}]}
COMMAND: POST /session/1fa10dbe6cace0b0b57e1b97fc70a6c9/execute/async - {"script":"<script> [1562 bytes]","args":[{"selector":{"controlType":"sap.m.Input","viewName":"etm.portal.ui.manageyards.view.New","viewId":"application-manageyards-display-component---NewYard","bindingPath":{"path":"","propertyPath":"/AUART","modelName":"NewYardModel"},"interaction":{"idSuffix":"inner"}},"wdio_ui5_key":"etmportal.ui.manageyards.view.Newsap.m.Input{\"path\":\"\",\"propertyPath\":\"/AUART\",\"modelName\":\"NewYardModel\"}"}]}
RESULT: {"script":"<script> [1562 bytes]","args":[{"selector":{"controlType":"sap.m.Input","viewName":"etm.portal.ui.manageyards.view.New","viewId":"application-manageyards-display-component---NewYard","bindingPath":{"path":"","propertyPath":"/AUART","modelName":"NewYardModel"},"interaction":{"idSuffix":"inner"}},"wdio_ui5_key":"etmportal.ui.manageyards.view.Newsap.m.Input{\"path\":\"\",\"propertyPath\":\"/AUART\",\"modelName\":\"NewYardModel\"}"}]}
RESULT: undefined
COMMAND: POST /session/1fa10dbe6cace0b0b57e1b97fc70a6c9/execute/async - {"script":"<script> [776 bytes]","args":[{"enterText":"TA","selector":{"controlType":"sap.m.Input","viewName":"etm.portal.ui.manageyards.view.New","viewId":"application-manageyards-display-component---NewYard","bindingPath":{"path":"","propertyPath":"/AUART","modelName":"NewYardModel"},"interaction":{"idSuffix":"inner"}},"clearTextFirst":true,"interactionType":"ENTER_TEXT"}]}
RESULT: {"script":"<script> [776 bytes]","args":[{"enterText":"TA","selector":{"controlType":"sap.m.Input","viewName":"etm.portal.ui.manageyards.view.New","viewId":"application-manageyards-display-component---NewYard","bindingPath":{"path":"","propertyPath":"/AUART","modelName":"NewYardModel"},"interaction":{"idSuffix":"inner"}},"clearTextFirst":true,"interactionType":"ENTER_TEXT"}]}
COMMAND: POST /session/1fa10dbe6cace0b0b57e1b97fc70a6c9/execute/async - {"script":"<script> [1562 bytes]","args":[{"selector":{"id":"application-manageyards-display-component---NewYard--whmCheckBox","interaction":{"idSuffix":"CbBg"}},"wdio_ui5_key":"applicationmanageyards-display-component---NewYard--whmCheckBox"}]}
RESULT: {"script":"<script> [1562 bytes]","args":[{"selector":{"id":"application-manageyards-display-component---NewYard--whmCheckBox","interaction":{"idSuffix":"CbBg"}},"wdio_ui5_key":"applicationmanageyards-display-component---NewYard--whmCheckBox"}]}
RESULT: undefined
COMMAND: POST /session/1fa10dbe6cace0b0b57e1b97fc70a6c9/element - {"using":"xpath","value":"//*[@id=\"application-manageyards-display-component---NewYard--whmCheckBox\"]"}
RESULT: {"using":"xpath","value":"//*[@id=\"application-manageyards-display-component---NewYard--whmCheckBox\"]"}
COMMAND: POST /session/1fa10dbe6cace0b0b57e1b97fc70a6c9/element/f.0BA98F5D4C23DAB34A6BC0E7B973FCA4.d.4D5831EDB0E953EEB424481706993FB1.e.3554/click - {}
RESULT: {}
COMMAND: GET /session/1fa10dbe6cace0b0b57e1b97fc70a6c9/screenshot - {}
RESULT: {}
COMMAND: POST /session/1fa10dbe6cace0b0b57e1b97fc70a6c9/element - {"using":"xpath","value":"//button[@data-kt=\"newYardSaveButton\"]"}
RESULT: {"using":"xpath","value":"//button[@data-kt=\"newYardSaveButton\"]"}
COMMAND: POST /session/1fa10dbe6cace0b0b57e1b97fc70a6c9/element/f.0BA98F5D4C23DAB34A6BC0E7B973FCA4.d.4D5831EDB0E953EEB424481706993FB1.e.3463/click - {}
RESULT: {}
COMMAND: GET /session/1fa10dbe6cace0b0b57e1b97fc70a6c9/screenshot - {}
RESULT: {}
COMMAND: POST /session/1fa10dbe6cace0b0b57e1b97fc70a6c9/element - {"using":"xpath","value":"//header[contains(@id, 'ObjectPageLayout-headerTitle')]/div[1]/div[2]/div[1]/span[1]"}
RESULT: {"using":"xpath","value":"//header[contains(@id, 'ObjectPageLayout-headerTitle')]/div[1]/div[2]/div[1]/span[1]"}
COMMAND: POST /session/1fa10dbe6cace0b0b57e1b97fc70a6c9/elements - {"using":"xpath","value":"//header[contains(@id, 'ObjectPageLayout-headerTitle')]/div[1]/div[2]/div[1]/span[1]"}
RESULT: {"using":"xpath","value":"//header[contains(@id, 'ObjectPageLayout-headerTitle')]/div[1]/div[2]/div[1]/span[1]"}
COMMAND: POST /session/1fa10dbe6cace0b0b57e1b97fc70a6c9/execute/sync - {"script":"<script> [56 bytes]","args":[{"element-6066-11e4-a52e-4f735466cecf":"f.0BA98F5D4C23DAB34A6BC0E7B973FCA4.d.4D5831EDB0E953EEB424481706993FB1.e.3755","ELEMENT":"f.0BA98F5D4C23DAB34A6BC0E7B973FCA4.d.4D5831EDB0E953EEB424481706993FB1.e.3755"}]}
RESULT: {"script":"<script> [56 bytes]","args":[{"element-6066-11e4-a52e-4f735466cecf":"f.0BA98F5D4C23DAB34A6BC0E7B973FCA4.d.4D5831EDB0E953EEB424481706993FB1.e.3755","ELEMENT":"f.0BA98F5D4C23DAB34A6BC0E7B973FCA4.d.4D5831EDB0E953EEB424481706993FB1.e.3755"}]}
COMMAND: GET /session/1fa10dbe6cace0b0b57e1b97fc70a6c9/screenshot - {}
RESULT: {}
COMMAND: POST /session/1fa10dbe6cace0b0b57e1b97fc70a6c9/element - {"using":"css selector","value":"#shell-header-logo"}
RESULT: {"using":"css selector","value":"#shell-header-logo"}
COMMAND: POST /session/1fa10dbe6cace0b0b57e1b97fc70a6c9/element/f.0BA98F5D4C23DAB34A6BC0E7B973FCA4.d.4D5831EDB0E953EEB424481706993FB1.e.3019/click - {}
RESULT: {}
COMMAND: GET /session/1fa10dbe6cace0b0b57e1b97fc70a6c9/screenshot - {}
RESULT: {}
COMMAND: POST /session/1fa10dbe6cace0b0b57e1b97fc70a6c9/execute/sync - {"script":"<script> [299 bytes]","args":[["getModel","getResource"]]}
RESULT: {"script":"<script> [299 bytes]","args":[["getModel","getResource"]]}
COMMAND: GET /session/1fa10dbe6cace0b0b57e1b97fc70a6c9/screenshot - {}
]]></system-out>
    </testcase>
    <testcase classname="chrome.136_0_7103_93.windows.Create_masterdata_for_Yard_Overview_-_trigger_provide_US130988" name="Should create a new external partner" time="98.311">
      <system-out><![CDATA[
COMMAND: POST /session/1fa10dbe6cace0b0b57e1b97fc70a6c9/window/fullscreen - {}
RESULT: {}
RESULT: {}
COMMAND: POST /session/1fa10dbe6cace0b0b57e1b97fc70a6c9/execute/async - {"script":"<script> [1562 bytes]","args":[{"selector":{"controlType":"sap.m.GenericTile","properties":{"header":"Manage Partners"}},"wdio_ui5_key":"sapm.GenericTile{\"header\":\"Manage Partners\"}"}]}
RESULT: {"script":"<script> [1562 bytes]","args":[{"selector":{"controlType":"sap.m.GenericTile","properties":{"header":"Manage Partners"}},"wdio_ui5_key":"sapm.GenericTile{\"header\":\"Manage Partners\"}"}]}
RESULT: undefined
COMMAND: POST /session/1fa10dbe6cace0b0b57e1b97fc70a6c9/element - {"using":"xpath","value":"//*[@id=\"__tile38\"]"}
RESULT: {"using":"xpath","value":"//*[@id=\"__tile38\"]"}
COMMAND: POST /session/1fa10dbe6cace0b0b57e1b97fc70a6c9/element/f.0BA98F5D4C23DAB34A6BC0E7B973FCA4.d.4D5831EDB0E953EEB424481706993FB1.e.2913/click - {}
RESULT: {}
COMMAND: GET /session/1fa10dbe6cace0b0b57e1b97fc70a6c9/screenshot - {}
RESULT: {}
COMMAND: POST /session/1fa10dbe6cace0b0b57e1b97fc70a6c9/elements - {"using":"xpath","value":"//span[text()='Error']"}
RESULT: {"using":"xpath","value":"//span[text()='Error']"}
COMMAND: POST /session/1fa10dbe6cace0b0b57e1b97fc70a6c9/element - {"using":"xpath","value":"//button[@data-kt=\"addButton\"]"}
RESULT: {"using":"xpath","value":"//button[@data-kt=\"addButton\"]"}
COMMAND: POST /session/1fa10dbe6cace0b0b57e1b97fc70a6c9/elements - {"using":"xpath","value":"//button[@data-kt=\"addButton\"]"}
RESULT: {"using":"xpath","value":"//button[@data-kt=\"addButton\"]"}
COMMAND: POST /session/1fa10dbe6cace0b0b57e1b97fc70a6c9/execute/sync - {"script":"<script> [8489 bytes]","args":[{"element-6066-11e4-a52e-4f735466cecf":"f.0BA98F5D4C23DAB34A6BC0E7B973FCA4.d.4D5831EDB0E953EEB424481706993FB1.e.3792","ELEMENT":"f.0BA98F5D4C23DAB34A6BC0E7B973FCA4.d.4D5831EDB0E953EEB424481706993FB1.e.3792"}]}
RESULT: {"script":"<script> [8489 bytes]","args":[{"element-6066-11e4-a52e-4f735466cecf":"f.0BA98F5D4C23DAB34A6BC0E7B973FCA4.d.4D5831EDB0E953EEB424481706993FB1.e.3792","ELEMENT":"f.0BA98F5D4C23DAB34A6BC0E7B973FCA4.d.4D5831EDB0E953EEB424481706993FB1.e.3792"}]}
COMMAND: GET /session/1fa10dbe6cace0b0b57e1b97fc70a6c9/element/f.0BA98F5D4C23DAB34A6BC0E7B973FCA4.d.4D5831EDB0E953EEB424481706993FB1.e.3792/enabled - {}
COMMAND: GET /session/1fa10dbe6cace0b0b57e1b97fc70a6c9/screenshot - {}
RESULT: {}
COMMAND: POST /session/1fa10dbe6cace0b0b57e1b97fc70a6c9/execute/sync - {"script":"<script> [8489 bytes]","args":[{"element-6066-11e4-a52e-4f735466cecf":"f.0BA98F5D4C23DAB34A6BC0E7B973FCA4.d.4D5831EDB0E953EEB424481706993FB1.e.3792","ELEMENT":"f.0BA98F5D4C23DAB34A6BC0E7B973FCA4.d.4D5831EDB0E953EEB424481706993FB1.e.3792"}]}
COMMAND: GET /session/1fa10dbe6cace0b0b57e1b97fc70a6c9/screenshot - {}
RESULT: {}
RESULT: {"script":"<script> [8489 bytes]","args":[{"element-6066-11e4-a52e-4f735466cecf":"f.0BA98F5D4C23DAB34A6BC0E7B973FCA4.d.4D5831EDB0E953EEB424481706993FB1.e.3792","ELEMENT":"f.0BA98F5D4C23DAB34A6BC0E7B973FCA4.d.4D5831EDB0E953EEB424481706993FB1.e.3792"}]}
COMMAND: POST /session/1fa10dbe6cace0b0b57e1b97fc70a6c9/execute/sync - {"script":"<script> [5351 bytes]","args":[{"element-6066-11e4-a52e-4f735466cecf":"f.0BA98F5D4C23DAB34A6BC0E7B973FCA4.d.4D5831EDB0E953EEB424481706993FB1.e.3792","ELEMENT":"f.0BA98F5D4C23DAB34A6BC0E7B973FCA4.d.4D5831EDB0E953EEB424481706993FB1.e.3792"}]}
COMMAND: GET /session/1fa10dbe6cace0b0b57e1b97fc70a6c9/screenshot - {}
RESULT: {}
RESULT: {"script":"<script> [5351 bytes]","args":[{"element-6066-11e4-a52e-4f735466cecf":"f.0BA98F5D4C23DAB34A6BC0E7B973FCA4.d.4D5831EDB0E953EEB424481706993FB1.e.3792","ELEMENT":"f.0BA98F5D4C23DAB34A6BC0E7B973FCA4.d.4D5831EDB0E953EEB424481706993FB1.e.3792"}]}
COMMAND: POST /session/1fa10dbe6cace0b0b57e1b97fc70a6c9/element/f.0BA98F5D4C23DAB34A6BC0E7B973FCA4.d.4D5831EDB0E953EEB424481706993FB1.e.3792/click - {}
COMMAND: GET /session/1fa10dbe6cace0b0b57e1b97fc70a6c9/screenshot - {}
RESULT: {}
RESULT: {}
COMMAND: GET /session/1fa10dbe6cace0b0b57e1b97fc70a6c9/screenshot - {}
COMMAND: POST /session/1fa10dbe6cace0b0b57e1b97fc70a6c9/execute/async - {"script":"<script> [1562 bytes]","args":[{"selector":{"id":"application-managepartners-display-component---NewPartner--addressDetailDetailsName1","interaction":{"idSuffix":"inner"}},"wdio_ui5_key":"applicationmanagepartners-display-component---NewPartner--addressDetailDetailsName1"}]}
RESULT: {}
RESULT: {}
RESULT: {"script":"<script> [1562 bytes]","args":[{"selector":{"id":"application-managepartners-display-component---NewPartner--addressDetailDetailsName1","interaction":{"idSuffix":"inner"}},"wdio_ui5_key":"applicationmanagepartners-display-component---NewPartner--addressDetailDetailsName1"}]}
RESULT: undefined
COMMAND: POST /session/1fa10dbe6cace0b0b57e1b97fc70a6c9/execute/async - {"script":"<script> [776 bytes]","args":[{"enterText":"External Partner WDIO","selector":{"id":"application-managepartners-display-component---NewPartner--addressDetailDetailsName1","interaction":{"idSuffix":"inner"}},"clearTextFirst":true,"interactionType":"ENTER_TEXT"}]}
RESULT: {"script":"<script> [776 bytes]","args":[{"enterText":"External Partner WDIO","selector":{"id":"application-managepartners-display-component---NewPartner--addressDetailDetailsName1","interaction":{"idSuffix":"inner"}},"clearTextFirst":true,"interactionType":"ENTER_TEXT"}]}
COMMAND: POST /session/1fa10dbe6cace0b0b57e1b97fc70a6c9/execute/async - {"script":"<script> [1562 bytes]","args":[{"selector":{"id":"application-managepartners-display-component---NewPartner--addressDetailDetailsLanguage-arrow"},"wdio_ui5_key":"applicationmanagepartners-display-component---NewPartner--addressDetailDetailsLanguage-arrow"}]}
RESULT: {"script":"<script> [1562 bytes]","args":[{"selector":{"id":"application-managepartners-display-component---NewPartner--addressDetailDetailsLanguage-arrow"},"wdio_ui5_key":"applicationmanagepartners-display-component---NewPartner--addressDetailDetailsLanguage-arrow"}]}
RESULT: undefined
COMMAND: POST /session/1fa10dbe6cace0b0b57e1b97fc70a6c9/element - {"using":"xpath","value":"//*[@id=\"application-managepartners-display-component---NewPartner--addressDetailDetailsLanguage-arrow\"]"}
RESULT: {"using":"xpath","value":"//*[@id=\"application-managepartners-display-component---NewPartner--addressDetailDetailsLanguage-arrow\"]"}
COMMAND: POST /session/1fa10dbe6cace0b0b57e1b97fc70a6c9/element/f.0BA98F5D4C23DAB34A6BC0E7B973FCA4.d.4D5831EDB0E953EEB424481706993FB1.e.4244/click - {}
RESULT: {}
COMMAND: POST /session/1fa10dbe6cace0b0b57e1b97fc70a6c9/element - {"using":"xpath","value":"//span[contains(text(), \"English\")]"}
COMMAND: GET /session/1fa10dbe6cace0b0b57e1b97fc70a6c9/screenshot - {}
RESULT: {"using":"xpath","value":"//span[contains(text(), \"English\")]"}
COMMAND: POST /session/1fa10dbe6cace0b0b57e1b97fc70a6c9/element/f.0BA98F5D4C23DAB34A6BC0E7B973FCA4.d.4D5831EDB0E953EEB424481706993FB1.e.4245/click - {}
RESULT: {}
RESULT: {}
COMMAND: GET /session/1fa10dbe6cace0b0b57e1b97fc70a6c9/screenshot - {}
RESULT: {}
COMMAND: POST /session/1fa10dbe6cace0b0b57e1b97fc70a6c9/execute/async - {"script":"<script> [1562 bytes]","args":[{"selector":{"id":"application-managepartners-display-component---NewPartner--addressDetailDetailsCity1","interaction":{"idSuffix":"inner"}},"wdio_ui5_key":"applicationmanagepartners-display-component---NewPartner--addressDetailDetailsCity1"}]}
RESULT: {"script":"<script> [1562 bytes]","args":[{"selector":{"id":"application-managepartners-display-component---NewPartner--addressDetailDetailsCity1","interaction":{"idSuffix":"inner"}},"wdio_ui5_key":"applicationmanagepartners-display-component---NewPartner--addressDetailDetailsCity1"}]}
RESULT: undefined
COMMAND: POST /session/1fa10dbe6cace0b0b57e1b97fc70a6c9/execute/async - {"script":"<script> [776 bytes]","args":[{"enterText":"Rosario","selector":{"id":"application-managepartners-display-component---NewPartner--addressDetailDetailsCity1","interaction":{"idSuffix":"inner"}},"clearTextFirst":true,"interactionType":"ENTER_TEXT"}]}
RESULT: {"script":"<script> [776 bytes]","args":[{"enterText":"Rosario","selector":{"id":"application-managepartners-display-component---NewPartner--addressDetailDetailsCity1","interaction":{"idSuffix":"inner"}},"clearTextFirst":true,"interactionType":"ENTER_TEXT"}]}
COMMAND: POST /session/1fa10dbe6cace0b0b57e1b97fc70a6c9/execute/async - {"script":"<script> [1562 bytes]","args":[{"selector":{"id":"application-managepartners-display-component---NewPartner--addressDetailDetailsCountry-arrow"},"wdio_ui5_key":"applicationmanagepartners-display-component---NewPartner--addressDetailDetailsCountry-arrow"}]}
RESULT: {"script":"<script> [1562 bytes]","args":[{"selector":{"id":"application-managepartners-display-component---NewPartner--addressDetailDetailsCountry-arrow"},"wdio_ui5_key":"applicationmanagepartners-display-component---NewPartner--addressDetailDetailsCountry-arrow"}]}
RESULT: undefined
COMMAND: POST /session/1fa10dbe6cace0b0b57e1b97fc70a6c9/element - {"using":"xpath","value":"//*[@id=\"application-managepartners-display-component---NewPartner--addressDetailDetailsCountry-arrow\"]"}
RESULT: {"using":"xpath","value":"//*[@id=\"application-managepartners-display-component---NewPartner--addressDetailDetailsCountry-arrow\"]"}
COMMAND: POST /session/1fa10dbe6cace0b0b57e1b97fc70a6c9/element/f.0BA98F5D4C23DAB34A6BC0E7B973FCA4.d.4D5831EDB0E953EEB424481706993FB1.e.4231/click - {}
RESULT: {}
COMMAND: POST /session/1fa10dbe6cace0b0b57e1b97fc70a6c9/element - {"using":"xpath","value":"//span[contains(text(), \"Argentina\")]"}
COMMAND: GET /session/1fa10dbe6cace0b0b57e1b97fc70a6c9/screenshot - {}
RESULT: {"using":"xpath","value":"//span[contains(text(), \"Argentina\")]"}
COMMAND: POST /session/1fa10dbe6cace0b0b57e1b97fc70a6c9/element/f.0BA98F5D4C23DAB34A6BC0E7B973FCA4.d.4D5831EDB0E953EEB424481706993FB1.e.4247/click - {}
RESULT: {}
RESULT: {}
COMMAND: GET /session/1fa10dbe6cace0b0b57e1b97fc70a6c9/screenshot - {}
RESULT: {}
COMMAND: POST /session/1fa10dbe6cace0b0b57e1b97fc70a6c9/element - {"using":"xpath","value":"//bdi[contains(text(), \"Commercial\")]"}
RESULT: {"using":"xpath","value":"//bdi[contains(text(), \"Commercial\")]"}
COMMAND: POST /session/1fa10dbe6cace0b0b57e1b97fc70a6c9/element/f.0BA98F5D4C23DAB34A6BC0E7B973FCA4.d.4D5831EDB0E953EEB424481706993FB1.e.4248/click - {}
RESULT: {}
COMMAND: GET /session/1fa10dbe6cace0b0b57e1b97fc70a6c9/screenshot - {}
RESULT: {}
COMMAND: POST /session/1fa10dbe6cace0b0b57e1b97fc70a6c9/execute/async - {"script":"<script> [1562 bytes]","args":[{"selector":{"id":"application-managepartners-display-component---NewPartner--partnerDetailInternal-arrow"},"wdio_ui5_key":"applicationmanagepartners-display-component---NewPartner--partnerDetailInternal-arrow"}]}
RESULT: {"script":"<script> [1562 bytes]","args":[{"selector":{"id":"application-managepartners-display-component---NewPartner--partnerDetailInternal-arrow"},"wdio_ui5_key":"applicationmanagepartners-display-component---NewPartner--partnerDetailInternal-arrow"}]}
RESULT: undefined
COMMAND: POST /session/1fa10dbe6cace0b0b57e1b97fc70a6c9/element - {"using":"xpath","value":"//*[@id=\"application-managepartners-display-component---NewPartner--partnerDetailInternal-arrow\"]"}
RESULT: {"using":"xpath","value":"//*[@id=\"application-managepartners-display-component---NewPartner--partnerDetailInternal-arrow\"]"}
COMMAND: POST /session/1fa10dbe6cace0b0b57e1b97fc70a6c9/element/f.0BA98F5D4C23DAB34A6BC0E7B973FCA4.d.4D5831EDB0E953EEB424481706993FB1.e.4254/click - {}
RESULT: {}
COMMAND: POST /session/1fa10dbe6cace0b0b57e1b97fc70a6c9/element - {"using":"xpath","value":"//span[contains(text(), \"External partner\")]"}
COMMAND: GET /session/1fa10dbe6cace0b0b57e1b97fc70a6c9/screenshot - {}
RESULT: {"using":"xpath","value":"//span[contains(text(), \"External partner\")]"}
COMMAND: POST /session/1fa10dbe6cace0b0b57e1b97fc70a6c9/element/f.0BA98F5D4C23DAB34A6BC0E7B973FCA4.d.4D5831EDB0E953EEB424481706993FB1.e.4255/click - {}
RESULT: {}
RESULT: {}
COMMAND: POST /session/1fa10dbe6cace0b0b57e1b97fc70a6c9/execute/async - {"script":"<script> [1562 bytes]","args":[{"selector":{"id":"application-managepartners-display-component---NewPartner--partnerDetailsCurrency-arrow"},"wdio_ui5_key":"applicationmanagepartners-display-component---NewPartner--partnerDetailsCurrency-arrow"}]}
COMMAND: GET /session/1fa10dbe6cace0b0b57e1b97fc70a6c9/screenshot - {}
RESULT: {"script":"<script> [1562 bytes]","args":[{"selector":{"id":"application-managepartners-display-component---NewPartner--partnerDetailsCurrency-arrow"},"wdio_ui5_key":"applicationmanagepartners-display-component---NewPartner--partnerDetailsCurrency-arrow"}]}
RESULT: undefined
COMMAND: POST /session/1fa10dbe6cace0b0b57e1b97fc70a6c9/element - {"using":"xpath","value":"//*[@id=\"application-managepartners-display-component---NewPartner--partnerDetailsCurrency-arrow\"]"}
RESULT: {}
RESULT: {"using":"xpath","value":"//*[@id=\"application-managepartners-display-component---NewPartner--partnerDetailsCurrency-arrow\"]"}
COMMAND: POST /session/1fa10dbe6cace0b0b57e1b97fc70a6c9/element/f.0BA98F5D4C23DAB34A6BC0E7B973FCA4.d.4D5831EDB0E953EEB424481706993FB1.e.4260/click - {}
RESULT: {}
COMMAND: POST /session/1fa10dbe6cace0b0b57e1b97fc70a6c9/element - {"using":"xpath","value":"//span[contains(text(), \"US Dollar\")]"}
COMMAND: GET /session/1fa10dbe6cace0b0b57e1b97fc70a6c9/screenshot - {}
RESULT: {"using":"xpath","value":"//span[contains(text(), \"US Dollar\")]"}
COMMAND: POST /session/1fa10dbe6cace0b0b57e1b97fc70a6c9/element/f.0BA98F5D4C23DAB34A6BC0E7B973FCA4.d.4D5831EDB0E953EEB424481706993FB1.e.4261/click - {}
RESULT: {}
RESULT: {}
COMMAND: GET /session/1fa10dbe6cace0b0b57e1b97fc70a6c9/screenshot - {}
RESULT: {}
COMMAND: POST /session/1fa10dbe6cace0b0b57e1b97fc70a6c9/element - {"using":"xpath","value":"//input[@id=\"application-managepartners-display-component---NewPartner--companyCodeComboBox-inner\"]"}
RESULT: {"using":"xpath","value":"//input[@id=\"application-managepartners-display-component---NewPartner--companyCodeComboBox-inner\"]"}
COMMAND: POST /session/1fa10dbe6cace0b0b57e1b97fc70a6c9/element/f.0BA98F5D4C23DAB34A6BC0E7B973FCA4.d.4D5831EDB0E953EEB424481706993FB1.e.4102/clear - {}
RESULT: {}
COMMAND: POST /session/1fa10dbe6cace0b0b57e1b97fc70a6c9/element/f.0BA98F5D4C23DAB34A6BC0E7B973FCA4.d.4D5831EDB0E953EEB424481706993FB1.e.4102/value - {"text":"C002"}
COMMAND: GET /session/1fa10dbe6cace0b0b57e1b97fc70a6c9/screenshot - {}
RESULT: {"text":"C002"}
COMMAND: GET /session/1fa10dbe6cace0b0b57e1b97fc70a6c9/screenshot - {}
RESULT: {}
RESULT: {}
COMMAND: POST /session/1fa10dbe6cace0b0b57e1b97fc70a6c9/element - {"using":"xpath","value":"//li[.//span[text()= \"C002\"]]"}
RESULT: {"using":"xpath","value":"//li[.//span[text()= \"C002\"]]"}
COMMAND: POST /session/1fa10dbe6cace0b0b57e1b97fc70a6c9/element/f.0BA98F5D4C23DAB34A6BC0E7B973FCA4.d.4D5831EDB0E953EEB424481706993FB1.e.4265/click - {}
RESULT: {}
COMMAND: GET /session/1fa10dbe6cace0b0b57e1b97fc70a6c9/screenshot - {}
RESULT: {}
COMMAND: POST /session/1fa10dbe6cace0b0b57e1b97fc70a6c9/execute/async - {"script":"<script> [1562 bytes]","args":[{"selector":{"controlType":"sap.ui.core.Icon","viewName":"etm.portal.ui.managepartners.view.NewPartner","viewId":"application-managepartners-display-component---NewPartner","properties":{"src":{"regex":{"source":"slim\\-arrow\\-down"}}},"ancestor":{"controlType":"sap.m.ComboBox","viewName":"etm.portal.ui.managepartners.view.NewPartner","viewId":"application-managepartners-display-component---NewPartner","bindingPath":{"path":"","propertyPath":"/CATALOG","modelName":"oNewPartnerModel"}}},"wdio_ui5_key":"etmportal.ui.managepartners.view.NewPartnersap.ui.core.Icon{\"src\":{\"regex\":{\"source\":\"slim\\\\-arrow\\\\-down\"}}}{\"controlType\":\"sap.m.ComboBox\",\"viewName\":\"etm.portal.ui.managepartners.view.NewPartner\",\"viewId\":\"application-managepartners-display-component---NewPartner\",\"bindingPath\":{\"path\":\"\",\"propertyPath\":\"/CATALOG\",\"modelName\":\"oNewPartnerModel\"}}"}]}
RESULT: {"script":"<script> [1562 bytes]","args":[{"selector":{"controlType":"sap.ui.core.Icon","viewName":"etm.portal.ui.managepartners.view.NewPartner","viewId":"application-managepartners-display-component---NewPartner","properties":{"src":{"regex":{"source":"slim\\-arrow\\-down"}}},"ancestor":{"controlType":"sap.m.ComboBox","viewName":"etm.portal.ui.managepartners.view.NewPartner","viewId":"application-managepartners-display-component---NewPartner","bindingPath":{"path":"","propertyPath":"/CATALOG","modelName":"oNewPartnerModel"}}},"wdio_ui5_key":"etmportal.ui.managepartners.view.NewPartnersap.ui.core.Icon{\"src\":{\"regex\":{\"source\":\"slim\\\\-arrow\\\\-down\"}}}{\"controlType\":\"sap.m.ComboBox\",\"viewName\":\"etm.portal.ui.managepartners.view.NewPartner\",\"viewId\":\"application-managepartners-display-component---NewPartner\",\"bindingPath\":{\"path\":\"\",\"propertyPath\":\"/CATALOG\",\"modelName\":\"oNewPartnerModel\"}}"}]}
RESULT: undefined
COMMAND: POST /session/1fa10dbe6cace0b0b57e1b97fc70a6c9/element - {"using":"xpath","value":"//*[@id=\"__box22-arrow\"]"}
RESULT: {"using":"xpath","value":"//*[@id=\"__box22-arrow\"]"}
COMMAND: POST /session/1fa10dbe6cace0b0b57e1b97fc70a6c9/element/f.0BA98F5D4C23DAB34A6BC0E7B973FCA4.d.4D5831EDB0E953EEB424481706993FB1.e.4232/click - {}
RESULT: {}
COMMAND: GET /session/1fa10dbe6cace0b0b57e1b97fc70a6c9/screenshot - {}
RESULT: {}
COMMAND: POST /session/1fa10dbe6cace0b0b57e1b97fc70a6c9/element - {"using":"xpath","value":"//li[.//span[text()= \"Webshop Catalog\"]]"}
RESULT: {"using":"xpath","value":"//li[.//span[text()= \"Webshop Catalog\"]]"}
COMMAND: POST /session/1fa10dbe6cace0b0b57e1b97fc70a6c9/element/f.0BA98F5D4C23DAB34A6BC0E7B973FCA4.d.4D5831EDB0E953EEB424481706993FB1.e.4267/click - {}
RESULT: {}
COMMAND: GET /session/1fa10dbe6cace0b0b57e1b97fc70a6c9/screenshot - {}
RESULT: {}
COMMAND: POST /session/1fa10dbe6cace0b0b57e1b97fc70a6c9/execute/async - {"script":"<script> [1562 bytes]","args":[{"selector":{"id":"application-managepartners-display-component---NewPartner--btnAddTableRow-img"},"wdio_ui5_key":"applicationmanagepartners-display-component---NewPartner--btnAddTableRow-img"}]}
RESULT: {"script":"<script> [1562 bytes]","args":[{"selector":{"id":"application-managepartners-display-component---NewPartner--btnAddTableRow-img"},"wdio_ui5_key":"applicationmanagepartners-display-component---NewPartner--btnAddTableRow-img"}]}
RESULT: undefined
COMMAND: POST /session/1fa10dbe6cace0b0b57e1b97fc70a6c9/element - {"using":"xpath","value":"//*[@id=\"application-managepartners-display-component---NewPartner--btnAddTableRow-img\"]"}
RESULT: {"using":"xpath","value":"//*[@id=\"application-managepartners-display-component---NewPartner--btnAddTableRow-img\"]"}
COMMAND: POST /session/1fa10dbe6cace0b0b57e1b97fc70a6c9/element/f.0BA98F5D4C23DAB34A6BC0E7B973FCA4.d.4D5831EDB0E953EEB424481706993FB1.e.4268/click - {}
RESULT: {}
COMMAND: GET /session/1fa10dbe6cace0b0b57e1b97fc70a6c9/screenshot - {}
RESULT: {}
COMMAND: POST /session/1fa10dbe6cace0b0b57e1b97fc70a6c9/element - {"using":"xpath","value":"//input[@id=\"application-managepartners-display-component---NewPartner--assignmentYard-application-managepartners-display-component---NewPartner--assignmentsTable-0-inner\"]"}
RESULT: {"using":"xpath","value":"//input[@id=\"application-managepartners-display-component---NewPartner--assignmentYard-application-managepartners-display-component---NewPartner--assignmentsTable-0-inner\"]"}
COMMAND: POST /session/1fa10dbe6cace0b0b57e1b97fc70a6c9/element/f.0BA98F5D4C23DAB34A6BC0E7B973FCA4.d.4D5831EDB0E953EEB424481706993FB1.e.4271/clear - {}
RESULT: {}
COMMAND: POST /session/1fa10dbe6cace0b0b57e1b97fc70a6c9/element/f.0BA98F5D4C23DAB34A6BC0E7B973FCA4.d.4D5831EDB0E953EEB424481706993FB1.e.4271/value - {"text":"426"}
COMMAND: GET /session/1fa10dbe6cace0b0b57e1b97fc70a6c9/screenshot - {}
RESULT: {"text":"426"}
COMMAND: GET /session/1fa10dbe6cace0b0b57e1b97fc70a6c9/screenshot - {}
RESULT: {}
RESULT: {}
COMMAND: POST /session/1fa10dbe6cace0b0b57e1b97fc70a6c9/element - {"using":"xpath","value":"//li[.//span[text()='426']]"}
RESULT: {"using":"xpath","value":"//li[.//span[text()='426']]"}
COMMAND: POST /session/1fa10dbe6cace0b0b57e1b97fc70a6c9/element/f.0BA98F5D4C23DAB34A6BC0E7B973FCA4.d.4D5831EDB0E953EEB424481706993FB1.e.4279/click - {}
RESULT: {}
COMMAND: GET /session/1fa10dbe6cace0b0b57e1b97fc70a6c9/screenshot - {}
RESULT: {}
COMMAND: POST /session/1fa10dbe6cace0b0b57e1b97fc70a6c9/actions - {"actions":[{"id":"action11","type":"key","parameters":{},"actions":[{"type":"keyDown","value":""},{"type":"pause","duration":10},{"type":"keyUp","value":""}]}]}
RESULT: {"actions":[{"id":"action11","type":"key","parameters":{},"actions":[{"type":"keyDown","value":""},{"type":"pause","duration":10},{"type":"keyUp","value":""}]}]}
COMMAND: POST /session/1fa10dbe6cace0b0b57e1b97fc70a6c9/element - {"using":"xpath","value":"//td[contains(@id, \"assignmentsTable-0-cell2\")]/div/div"}
COMMAND: GET /session/1fa10dbe6cace0b0b57e1b97fc70a6c9/screenshot - {}
RESULT: {"using":"xpath","value":"//td[contains(@id, \"assignmentsTable-0-cell2\")]/div/div"}
COMMAND: POST /session/1fa10dbe6cace0b0b57e1b97fc70a6c9/element/f.0BA98F5D4C23DAB34A6BC0E7B973FCA4.d.4D5831EDB0E953EEB424481706993FB1.e.4282/click - {}
RESULT: {}
RESULT: {}
COMMAND: GET /session/1fa10dbe6cace0b0b57e1b97fc70a6c9/screenshot - {}
RESULT: {}
COMMAND: POST /session/1fa10dbe6cace0b0b57e1b97fc70a6c9/element - {"using":"xpath","value":"//button[@data-kt=\"saveButton\"]"}
RESULT: {"using":"xpath","value":"//button[@data-kt=\"saveButton\"]"}
COMMAND: POST /session/1fa10dbe6cace0b0b57e1b97fc70a6c9/element/f.0BA98F5D4C23DAB34A6BC0E7B973FCA4.d.4D5831EDB0E953EEB424481706993FB1.e.4169/click - {}
RESULT: {}
COMMAND: GET /session/1fa10dbe6cace0b0b57e1b97fc70a6c9/screenshot - {}
RESULT: {}
COMMAND: POST /session/1fa10dbe6cace0b0b57e1b97fc70a6c9/element - {"using":"xpath","value":"//header[contains(@id, 'ObjectPageLayout-headerTitle')]/div[1]/div[2]/div[2]/span[1]"}
RESULT: {"using":"xpath","value":"//header[contains(@id, 'ObjectPageLayout-headerTitle')]/div[1]/div[2]/div[2]/span[1]"}
COMMAND: POST /session/1fa10dbe6cace0b0b57e1b97fc70a6c9/elements - {"using":"xpath","value":"//header[contains(@id, 'ObjectPageLayout-headerTitle')]/div[1]/div[2]/div[2]/span[1]"}
RESULT: {"using":"xpath","value":"//header[contains(@id, 'ObjectPageLayout-headerTitle')]/div[1]/div[2]/div[2]/span[1]"}
COMMAND: POST /session/1fa10dbe6cace0b0b57e1b97fc70a6c9/execute/sync - {"script":"<script> [56 bytes]","args":[{"element-6066-11e4-a52e-4f735466cecf":"f.0BA98F5D4C23DAB34A6BC0E7B973FCA4.d.4D5831EDB0E953EEB424481706993FB1.e.4444","ELEMENT":"f.0BA98F5D4C23DAB34A6BC0E7B973FCA4.d.4D5831EDB0E953EEB424481706993FB1.e.4444"}]}
RESULT: {"script":"<script> [56 bytes]","args":[{"element-6066-11e4-a52e-4f735466cecf":"f.0BA98F5D4C23DAB34A6BC0E7B973FCA4.d.4D5831EDB0E953EEB424481706993FB1.e.4444","ELEMENT":"f.0BA98F5D4C23DAB34A6BC0E7B973FCA4.d.4D5831EDB0E953EEB424481706993FB1.e.4444"}]}
COMMAND: POST /session/1fa10dbe6cace0b0b57e1b97fc70a6c9/element - {"using":"css selector","value":"#shell-header-logo"}
COMMAND: GET /session/1fa10dbe6cace0b0b57e1b97fc70a6c9/screenshot - {}
RESULT: {"using":"css selector","value":"#shell-header-logo"}
COMMAND: POST /session/1fa10dbe6cace0b0b57e1b97fc70a6c9/element/f.0BA98F5D4C23DAB34A6BC0E7B973FCA4.d.4D5831EDB0E953EEB424481706993FB1.e.3759/click - {}
RESULT: {}
RESULT: {}
COMMAND: GET /session/1fa10dbe6cace0b0b57e1b97fc70a6c9/screenshot - {}
RESULT: {}
COMMAND: POST /session/1fa10dbe6cace0b0b57e1b97fc70a6c9/execute/sync - {"script":"<script> [299 bytes]","args":[["getModel","getResource"]]}
RESULT: {"script":"<script> [299 bytes]","args":[["getModel","getResource"]]}
]]></system-out>
    </testcase>
    <testcase classname="chrome.136_0_7103_93.windows.Create_masterdata_for_Yard_Overview_-_trigger_provide_US130988" name="Should create a new WHM site" time="146.9">
      <system-out><![CDATA[
COMMAND: POST /session/1fa10dbe6cace0b0b57e1b97fc70a6c9/execute/async - {"script":"<script> [1562 bytes]","args":[{"selector":{"controlType":"sap.m.GenericTile","properties":{"header":"Manage Sites"}},"wdio_ui5_key":"sapm.GenericTile{\"header\":\"Manage Sites\"}"}]}
COMMAND: GET /session/1fa10dbe6cace0b0b57e1b97fc70a6c9/screenshot - {}
RESULT: {"script":"<script> [1562 bytes]","args":[{"selector":{"controlType":"sap.m.GenericTile","properties":{"header":"Manage Sites"}},"wdio_ui5_key":"sapm.GenericTile{\"header\":\"Manage Sites\"}"}]}
RESULT: undefined
COMMAND: POST /session/1fa10dbe6cace0b0b57e1b97fc70a6c9/element - {"using":"xpath","value":"//*[@id=\"__tile40\"]"}
RESULT: {}
RESULT: {"using":"xpath","value":"//*[@id=\"__tile40\"]"}
COMMAND: POST /session/1fa10dbe6cace0b0b57e1b97fc70a6c9/element/f.0BA98F5D4C23DAB34A6BC0E7B973FCA4.d.4D5831EDB0E953EEB424481706993FB1.e.2919/click - {}
RESULT: {}
COMMAND: GET /session/1fa10dbe6cace0b0b57e1b97fc70a6c9/screenshot - {}
RESULT: {}
COMMAND: POST /session/1fa10dbe6cace0b0b57e1b97fc70a6c9/elements - {"using":"xpath","value":"//span[text()='Error']"}
RESULT: {"using":"xpath","value":"//span[text()='Error']"}
COMMAND: POST /session/1fa10dbe6cace0b0b57e1b97fc70a6c9/element - {"using":"xpath","value":"//button[@data-kt=\"addOverflowToolbarButton\"]"}
RESULT: {"using":"xpath","value":"//button[@data-kt=\"addOverflowToolbarButton\"]"}
COMMAND: POST /session/1fa10dbe6cace0b0b57e1b97fc70a6c9/elements - {"using":"xpath","value":"//button[@data-kt=\"addOverflowToolbarButton\"]"}
RESULT: {"using":"xpath","value":"//button[@data-kt=\"addOverflowToolbarButton\"]"}
COMMAND: POST /session/1fa10dbe6cace0b0b57e1b97fc70a6c9/execute/sync - {"script":"<script> [8489 bytes]","args":[{"element-6066-11e4-a52e-4f735466cecf":"f.0BA98F5D4C23DAB34A6BC0E7B973FCA4.d.4D5831EDB0E953EEB424481706993FB1.e.4484","ELEMENT":"f.0BA98F5D4C23DAB34A6BC0E7B973FCA4.d.4D5831EDB0E953EEB424481706993FB1.e.4484"}]}
RESULT: {"script":"<script> [8489 bytes]","args":[{"element-6066-11e4-a52e-4f735466cecf":"f.0BA98F5D4C23DAB34A6BC0E7B973FCA4.d.4D5831EDB0E953EEB424481706993FB1.e.4484","ELEMENT":"f.0BA98F5D4C23DAB34A6BC0E7B973FCA4.d.4D5831EDB0E953EEB424481706993FB1.e.4484"}]}
COMMAND: GET /session/1fa10dbe6cace0b0b57e1b97fc70a6c9/element/f.0BA98F5D4C23DAB34A6BC0E7B973FCA4.d.4D5831EDB0E953EEB424481706993FB1.e.4484/enabled - {}
COMMAND: GET /session/1fa10dbe6cace0b0b57e1b97fc70a6c9/screenshot - {}
RESULT: {}
COMMAND: POST /session/1fa10dbe6cace0b0b57e1b97fc70a6c9/execute/sync - {"script":"<script> [8489 bytes]","args":[{"element-6066-11e4-a52e-4f735466cecf":"f.0BA98F5D4C23DAB34A6BC0E7B973FCA4.d.4D5831EDB0E953EEB424481706993FB1.e.4484","ELEMENT":"f.0BA98F5D4C23DAB34A6BC0E7B973FCA4.d.4D5831EDB0E953EEB424481706993FB1.e.4484"}]}
COMMAND: GET /session/1fa10dbe6cace0b0b57e1b97fc70a6c9/screenshot - {}
RESULT: {}
RESULT: {"script":"<script> [8489 bytes]","args":[{"element-6066-11e4-a52e-4f735466cecf":"f.0BA98F5D4C23DAB34A6BC0E7B973FCA4.d.4D5831EDB0E953EEB424481706993FB1.e.4484","ELEMENT":"f.0BA98F5D4C23DAB34A6BC0E7B973FCA4.d.4D5831EDB0E953EEB424481706993FB1.e.4484"}]}
COMMAND: POST /session/1fa10dbe6cace0b0b57e1b97fc70a6c9/execute/sync - {"script":"<script> [5351 bytes]","args":[{"element-6066-11e4-a52e-4f735466cecf":"f.0BA98F5D4C23DAB34A6BC0E7B973FCA4.d.4D5831EDB0E953EEB424481706993FB1.e.4484","ELEMENT":"f.0BA98F5D4C23DAB34A6BC0E7B973FCA4.d.4D5831EDB0E953EEB424481706993FB1.e.4484"}]}
COMMAND: GET /session/1fa10dbe6cace0b0b57e1b97fc70a6c9/screenshot - {}
RESULT: {}
RESULT: {"script":"<script> [5351 bytes]","args":[{"element-6066-11e4-a52e-4f735466cecf":"f.0BA98F5D4C23DAB34A6BC0E7B973FCA4.d.4D5831EDB0E953EEB424481706993FB1.e.4484","ELEMENT":"f.0BA98F5D4C23DAB34A6BC0E7B973FCA4.d.4D5831EDB0E953EEB424481706993FB1.e.4484"}]}
COMMAND: POST /session/1fa10dbe6cace0b0b57e1b97fc70a6c9/element/f.0BA98F5D4C23DAB34A6BC0E7B973FCA4.d.4D5831EDB0E953EEB424481706993FB1.e.4484/click - {}
COMMAND: GET /session/1fa10dbe6cace0b0b57e1b97fc70a6c9/screenshot - {}
RESULT: {}
RESULT: {}
COMMAND: GET /session/1fa10dbe6cace0b0b57e1b97fc70a6c9/screenshot - {}
RESULT: {}
RESULT: {}
COMMAND: POST /session/1fa10dbe6cace0b0b57e1b97fc70a6c9/element - {"using":"xpath","value":"//input[@id=\"application-managesites-display-component---NewSite--siteId-inner\"]"}
RESULT: {"using":"xpath","value":"//input[@id=\"application-managesites-display-component---NewSite--siteId-inner\"]"}
COMMAND: POST /session/1fa10dbe6cace0b0b57e1b97fc70a6c9/element - {"using":"xpath","value":"//input[@id=\"application-managesites-display-component---NewSite--siteId-inner\"]"}
RESULT: {"using":"xpath","value":"//input[@id=\"application-managesites-display-component---NewSite--siteId-inner\"]"}
COMMAND: POST /session/1fa10dbe6cace0b0b57e1b97fc70a6c9/execute/async - {"script":"<script> [1562 bytes]","args":[{"selector":{"id":"application-managesites-display-component---NewSite--addressDetailDetailsName1","interaction":{"idSuffix":"inner"}},"wdio_ui5_key":"applicationmanagesites-display-component---NewSite--addressDetailDetailsName1"}]}
RESULT: {"script":"<script> [1562 bytes]","args":[{"selector":{"id":"application-managesites-display-component---NewSite--addressDetailDetailsName1","interaction":{"idSuffix":"inner"}},"wdio_ui5_key":"applicationmanagesites-display-component---NewSite--addressDetailDetailsName1"}]}
RESULT: undefined
COMMAND: POST /session/1fa10dbe6cace0b0b57e1b97fc70a6c9/execute/async - {"script":"<script> [776 bytes]","args":[{"enterText":"Other Type Site WDIO","selector":{"id":"application-managesites-display-component---NewSite--addressDetailDetailsName1","interaction":{"idSuffix":"inner"}},"clearTextFirst":true,"interactionType":"ENTER_TEXT"}]}
RESULT: {"script":"<script> [776 bytes]","args":[{"enterText":"Other Type Site WDIO","selector":{"id":"application-managesites-display-component---NewSite--addressDetailDetailsName1","interaction":{"idSuffix":"inner"}},"clearTextFirst":true,"interactionType":"ENTER_TEXT"}]}
COMMAND: POST /session/1fa10dbe6cace0b0b57e1b97fc70a6c9/execute/async - {"script":"<script> [1562 bytes]","args":[{"selector":{"id":"application-managesites-display-component---NewSite--addressDetailDetailsLanguage-arrow"},"wdio_ui5_key":"applicationmanagesites-display-component---NewSite--addressDetailDetailsLanguage-arrow"}]}
RESULT: {"script":"<script> [1562 bytes]","args":[{"selector":{"id":"application-managesites-display-component---NewSite--addressDetailDetailsLanguage-arrow"},"wdio_ui5_key":"applicationmanagesites-display-component---NewSite--addressDetailDetailsLanguage-arrow"}]}
RESULT: undefined
COMMAND: POST /session/1fa10dbe6cace0b0b57e1b97fc70a6c9/element - {"using":"xpath","value":"//*[@id=\"application-managesites-display-component---NewSite--addressDetailDetailsLanguage-arrow\"]"}
RESULT: {"using":"xpath","value":"//*[@id=\"application-managesites-display-component---NewSite--addressDetailDetailsLanguage-arrow\"]"}
COMMAND: POST /session/1fa10dbe6cace0b0b57e1b97fc70a6c9/element/f.0BA98F5D4C23DAB34A6BC0E7B973FCA4.d.4D5831EDB0E953EEB424481706993FB1.e.4953/click - {}
RESULT: {}
COMMAND: POST /session/1fa10dbe6cace0b0b57e1b97fc70a6c9/element - {"using":"xpath","value":"//span[contains(text(), \"English\")]"}
COMMAND: GET /session/1fa10dbe6cace0b0b57e1b97fc70a6c9/screenshot - {}
RESULT: {"using":"xpath","value":"//span[contains(text(), \"English\")]"}
COMMAND: POST /session/1fa10dbe6cace0b0b57e1b97fc70a6c9/element/f.0BA98F5D4C23DAB34A6BC0E7B973FCA4.d.4D5831EDB0E953EEB424481706993FB1.e.4954/click - {}
RESULT: {}
RESULT: {}
COMMAND: POST /session/1fa10dbe6cace0b0b57e1b97fc70a6c9/execute/async - {"script":"<script> [1562 bytes]","args":[{"selector":{"id":"application-managesites-display-component---NewSite--addressDetailDetailsCity1","interaction":{"idSuffix":"inner"}},"wdio_ui5_key":"applicationmanagesites-display-component---NewSite--addressDetailDetailsCity1"}]}
COMMAND: GET /session/1fa10dbe6cace0b0b57e1b97fc70a6c9/screenshot - {}
RESULT: {"script":"<script> [1562 bytes]","args":[{"selector":{"id":"application-managesites-display-component---NewSite--addressDetailDetailsCity1","interaction":{"idSuffix":"inner"}},"wdio_ui5_key":"applicationmanagesites-display-component---NewSite--addressDetailDetailsCity1"}]}
RESULT: undefined
COMMAND: POST /session/1fa10dbe6cace0b0b57e1b97fc70a6c9/execute/async - {"script":"<script> [776 bytes]","args":[{"enterText":"Rosario","selector":{"id":"application-managesites-display-component---NewSite--addressDetailDetailsCity1","interaction":{"idSuffix":"inner"}},"clearTextFirst":true,"interactionType":"ENTER_TEXT"}]}
RESULT: {}
RESULT: {"script":"<script> [776 bytes]","args":[{"enterText":"Rosario","selector":{"id":"application-managesites-display-component---NewSite--addressDetailDetailsCity1","interaction":{"idSuffix":"inner"}},"clearTextFirst":true,"interactionType":"ENTER_TEXT"}]}
COMMAND: POST /session/1fa10dbe6cace0b0b57e1b97fc70a6c9/execute/async - {"script":"<script> [1562 bytes]","args":[{"selector":{"id":"application-managesites-display-component---NewSite--addressDetailDetailsCountry-arrow"},"wdio_ui5_key":"applicationmanagesites-display-component---NewSite--addressDetailDetailsCountry-arrow"}]}
RESULT: {"script":"<script> [1562 bytes]","args":[{"selector":{"id":"application-managesites-display-component---NewSite--addressDetailDetailsCountry-arrow"},"wdio_ui5_key":"applicationmanagesites-display-component---NewSite--addressDetailDetailsCountry-arrow"}]}
RESULT: undefined
COMMAND: POST /session/1fa10dbe6cace0b0b57e1b97fc70a6c9/element - {"using":"xpath","value":"//*[@id=\"application-managesites-display-component---NewSite--addressDetailDetailsCountry-arrow\"]"}
RESULT: {"using":"xpath","value":"//*[@id=\"application-managesites-display-component---NewSite--addressDetailDetailsCountry-arrow\"]"}
COMMAND: POST /session/1fa10dbe6cace0b0b57e1b97fc70a6c9/element/f.0BA98F5D4C23DAB34A6BC0E7B973FCA4.d.4D5831EDB0E953EEB424481706993FB1.e.4956/click - {}
RESULT: {}
COMMAND: POST /session/1fa10dbe6cace0b0b57e1b97fc70a6c9/element - {"using":"xpath","value":"//span[contains(text(), \"Argentina\")]"}
COMMAND: GET /session/1fa10dbe6cace0b0b57e1b97fc70a6c9/screenshot - {}
RESULT: {"using":"xpath","value":"//span[contains(text(), \"Argentina\")]"}
COMMAND: POST /session/1fa10dbe6cace0b0b57e1b97fc70a6c9/element/f.0BA98F5D4C23DAB34A6BC0E7B973FCA4.d.4D5831EDB0E953EEB424481706993FB1.e.4957/click - {}
RESULT: {}
RESULT: {}
COMMAND: GET /session/1fa10dbe6cace0b0b57e1b97fc70a6c9/screenshot - {}
RESULT: {}
COMMAND: POST /session/1fa10dbe6cace0b0b57e1b97fc70a6c9/execute/async - {"script":"<script> [1562 bytes]","args":[{"selector":{"id":"application-managesites-display-component---NewSite--addressEditDetailsCostObjectCstType-arrow"},"wdio_ui5_key":"applicationmanagesites-display-component---NewSite--addressEditDetailsCostObjectCstType-arrow"}]}
RESULT: {"script":"<script> [1562 bytes]","args":[{"selector":{"id":"application-managesites-display-component---NewSite--addressEditDetailsCostObjectCstType-arrow"},"wdio_ui5_key":"applicationmanagesites-display-component---NewSite--addressEditDetailsCostObjectCstType-arrow"}]}
RESULT: undefined
COMMAND: POST /session/1fa10dbe6cace0b0b57e1b97fc70a6c9/element - {"using":"xpath","value":"//*[@id=\"application-managesites-display-component---NewSite--addressEditDetailsCostObjectCstType-arrow\"]"}
RESULT: {"using":"xpath","value":"//*[@id=\"application-managesites-display-component---NewSite--addressEditDetailsCostObjectCstType-arrow\"]"}
COMMAND: POST /session/1fa10dbe6cace0b0b57e1b97fc70a6c9/element/f.0BA98F5D4C23DAB34A6BC0E7B973FCA4.d.4D5831EDB0E953EEB424481706993FB1.e.4958/click - {}
RESULT: {}
COMMAND: POST /session/1fa10dbe6cace0b0b57e1b97fc70a6c9/element - {"using":"xpath","value":"//span[contains(text(), \"Cost Center\")]"}
COMMAND: GET /session/1fa10dbe6cace0b0b57e1b97fc70a6c9/screenshot - {}
RESULT: {"using":"xpath","value":"//span[contains(text(), \"Cost Center\")]"}
COMMAND: POST /session/1fa10dbe6cace0b0b57e1b97fc70a6c9/element/f.0BA98F5D4C23DAB34A6BC0E7B973FCA4.d.4D5831EDB0E953EEB424481706993FB1.e.4959/click - {}
RESULT: {}
RESULT: {}
COMMAND: GET /session/1fa10dbe6cace0b0b57e1b97fc70a6c9/screenshot - {}
RESULT: {}
COMMAND: POST /session/1fa10dbe6cace0b0b57e1b97fc70a6c9/element - {"using":"xpath","value":"//span[@id=\"application-managesites-display-component---NewSite--addressNewCostObjectCstID-vhi\"]"}
RESULT: {"using":"xpath","value":"//span[@id=\"application-managesites-display-component---NewSite--addressNewCostObjectCstID-vhi\"]"}
COMMAND: POST /session/1fa10dbe6cace0b0b57e1b97fc70a6c9/execute/sync - {"script":"<script> [8489 bytes]","args":[{"element-6066-11e4-a52e-4f735466cecf":"f.0BA98F5D4C23DAB34A6BC0E7B973FCA4.d.4D5831EDB0E953EEB424481706993FB1.e.4964","ELEMENT":"f.0BA98F5D4C23DAB34A6BC0E7B973FCA4.d.4D5831EDB0E953EEB424481706993FB1.e.4964"}]}
RESULT: {"script":"<script> [8489 bytes]","args":[{"element-6066-11e4-a52e-4f735466cecf":"f.0BA98F5D4C23DAB34A6BC0E7B973FCA4.d.4D5831EDB0E953EEB424481706993FB1.e.4964","ELEMENT":"f.0BA98F5D4C23DAB34A6BC0E7B973FCA4.d.4D5831EDB0E953EEB424481706993FB1.e.4964"}]}
COMMAND: POST /session/1fa10dbe6cace0b0b57e1b97fc70a6c9/execute/async - {"script":"<script> [1562 bytes]","args":[{"selector":{"id":"application-managesites-display-component---NewSite--addressNewCostObjectCstID-vhi"},"wdio_ui5_key":"applicationmanagesites-display-component---NewSite--addressNewCostObjectCstID-vhi"}]}
COMMAND: GET /session/1fa10dbe6cace0b0b57e1b97fc70a6c9/screenshot - {}
RESULT: {"script":"<script> [1562 bytes]","args":[{"selector":{"id":"application-managesites-display-component---NewSite--addressNewCostObjectCstID-vhi"},"wdio_ui5_key":"applicationmanagesites-display-component---NewSite--addressNewCostObjectCstID-vhi"}]}
RESULT: undefined
COMMAND: POST /session/1fa10dbe6cace0b0b57e1b97fc70a6c9/element - {"using":"xpath","value":"//*[@id=\"application-managesites-display-component---NewSite--addressNewCostObjectCstID-vhi\"]"}
RESULT: {}
RESULT: {"using":"xpath","value":"//*[@id=\"application-managesites-display-component---NewSite--addressNewCostObjectCstID-vhi\"]"}
COMMAND: POST /session/1fa10dbe6cace0b0b57e1b97fc70a6c9/element/f.0BA98F5D4C23DAB34A6BC0E7B973FCA4.d.4D5831EDB0E953EEB424481706993FB1.e.4964/click - {}
RESULT: {}
COMMAND: GET /session/1fa10dbe6cace0b0b57e1b97fc70a6c9/screenshot - {}
RESULT: {}
RESULT: undefined
COMMAND: POST /session/1fa10dbe6cace0b0b57e1b97fc70a6c9/execute/async - {"script":"<script> [776 bytes]","args":[{"enterText":"10001013","selector":{"controlType":"sap.m.SearchField","properties":{"placeholder":"Search"},"searchOpenDialogs":true,"interaction":{"idSuffix":"I"}},"clearTextFirst":true,"interactionType":"ENTER_TEXT"}]}
RESULT: {"script":"<script> [776 bytes]","args":[{"enterText":"10001013","selector":{"controlType":"sap.m.SearchField","properties":{"placeholder":"Search"},"searchOpenDialogs":true,"interaction":{"idSuffix":"I"}},"clearTextFirst":true,"interactionType":"ENTER_TEXT"}]}
COMMAND: POST /session/1fa10dbe6cace0b0b57e1b97fc70a6c9/actions - {"actions":[{"id":"action12","type":"key","parameters":{},"actions":[{"type":"keyDown","value":""},{"type":"pause","duration":10},{"type":"keyUp","value":""}]}]}
RESULT: {"actions":[{"id":"action12","type":"key","parameters":{},"actions":[{"type":"keyDown","value":""},{"type":"pause","duration":10},{"type":"keyUp","value":""}]}]}
COMMAND: GET /session/1fa10dbe6cace0b0b57e1b97fc70a6c9/screenshot - {}
RESULT: {}
COMMAND: POST /session/1fa10dbe6cace0b0b57e1b97fc70a6c9/element - {"using":"xpath","value":"//span[contains(text(), \"General Management\")]"}
RESULT: {"using":"xpath","value":"//span[contains(text(), \"General Management\")]"}
COMMAND: POST /session/1fa10dbe6cace0b0b57e1b97fc70a6c9/element/f.0BA98F5D4C23DAB34A6BC0E7B973FCA4.d.4D5831EDB0E953EEB424481706993FB1.e.5003/click - {}
RESULT: {}
COMMAND: GET /session/1fa10dbe6cace0b0b57e1b97fc70a6c9/screenshot - {}
RESULT: {}
COMMAND: POST /session/1fa10dbe6cace0b0b57e1b97fc70a6c9/element - {"using":"xpath","value":"//bdi[contains(text(), \"OK\")]"}
RESULT: {"using":"xpath","value":"//bdi[contains(text(), \"OK\")]"}
COMMAND: POST /session/1fa10dbe6cace0b0b57e1b97fc70a6c9/element/f.0BA98F5D4C23DAB34A6BC0E7B973FCA4.d.4D5831EDB0E953EEB424481706993FB1.e.5004/click - {}
RESULT: {}
COMMAND: GET /session/1fa10dbe6cace0b0b57e1b97fc70a6c9/screenshot - {}
RESULT: {}
COMMAND: POST /session/1fa10dbe6cace0b0b57e1b97fc70a6c9/element - {"using":"xpath","value":"//input[@id=\"application-managesites-display-component---NewSite--addressDetailDetailsCalendar-inner\"]"}
RESULT: {"using":"xpath","value":"//input[@id=\"application-managesites-display-component---NewSite--addressDetailDetailsCalendar-inner\"]"}
COMMAND: POST /session/1fa10dbe6cace0b0b57e1b97fc70a6c9/element/f.0BA98F5D4C23DAB34A6BC0E7B973FCA4.d.4D5831EDB0E953EEB424481706993FB1.e.4749/clear - {}
RESULT: {}
COMMAND: POST /session/1fa10dbe6cace0b0b57e1b97fc70a6c9/element/f.0BA98F5D4C23DAB34A6BC0E7B973FCA4.d.4D5831EDB0E953EEB424481706993FB1.e.4749/value - {"text":"Unit"}
COMMAND: GET /session/1fa10dbe6cace0b0b57e1b97fc70a6c9/screenshot - {}
RESULT: {"text":"Unit"}
COMMAND: GET /session/1fa10dbe6cace0b0b57e1b97fc70a6c9/screenshot - {}
RESULT: {}
RESULT: {}
COMMAND: POST /session/1fa10dbe6cace0b0b57e1b97fc70a6c9/actions - {"actions":[{"id":"action13","type":"key","parameters":{},"actions":[{"type":"keyDown","value":""},{"type":"pause","duration":10},{"type":"keyUp","value":""}]}]}
RESULT: {"actions":[{"id":"action13","type":"key","parameters":{},"actions":[{"type":"keyDown","value":""},{"type":"pause","duration":10},{"type":"keyUp","value":""}]}]}
COMMAND: POST /session/1fa10dbe6cace0b0b57e1b97fc70a6c9/element - {"using":"xpath","value":"//input[@id=\"application-managesites-display-component---NewSite--addressDetailDetailsYard-inner\"]"}
COMMAND: GET /session/1fa10dbe6cace0b0b57e1b97fc70a6c9/screenshot - {}
RESULT: {"using":"xpath","value":"//input[@id=\"application-managesites-display-component---NewSite--addressDetailDetailsYard-inner\"]"}
COMMAND: POST /session/1fa10dbe6cace0b0b57e1b97fc70a6c9/element/f.0BA98F5D4C23DAB34A6BC0E7B973FCA4.d.4D5831EDB0E953EEB424481706993FB1.e.4750/clear - {}
RESULT: {}
RESULT: {}
COMMAND: POST /session/1fa10dbe6cace0b0b57e1b97fc70a6c9/element/f.0BA98F5D4C23DAB34A6BC0E7B973FCA4.d.4D5831EDB0E953EEB424481706993FB1.e.4750/value - {"text":"426"}
COMMAND: GET /session/1fa10dbe6cace0b0b57e1b97fc70a6c9/screenshot - {}
RESULT: {"text":"426"}
COMMAND: GET /session/1fa10dbe6cace0b0b57e1b97fc70a6c9/screenshot - {}
RESULT: {}
RESULT: {}
COMMAND: POST /session/1fa10dbe6cace0b0b57e1b97fc70a6c9/element - {"using":"xpath","value":"//li[.//span[text()='426']]"}
RESULT: {"using":"xpath","value":"//li[.//span[text()='426']]"}
COMMAND: POST /session/1fa10dbe6cace0b0b57e1b97fc70a6c9/element/f.0BA98F5D4C23DAB34A6BC0E7B973FCA4.d.4D5831EDB0E953EEB424481706993FB1.e.5012/click - {}
RESULT: {}
COMMAND: GET /session/1fa10dbe6cace0b0b57e1b97fc70a6c9/screenshot - {}
RESULT: {}
COMMAND: POST /session/1fa10dbe6cace0b0b57e1b97fc70a6c9/element - {"using":"xpath","value":"//input[@id=\"application-managesites-display-component---NewSite--addressDetailDetailsPartner-inner\"]"}
RESULT: {"using":"xpath","value":"//input[@id=\"application-managesites-display-component---NewSite--addressDetailDetailsPartner-inner\"]"}
COMMAND: POST /session/1fa10dbe6cace0b0b57e1b97fc70a6c9/element - {"using":"xpath","value":"//input[@id=\"application-managesites-display-component---NewSite--addressDetailDetailsPartner-inner\"]"}
RESULT: {"using":"xpath","value":"//input[@id=\"application-managesites-display-component---NewSite--addressDetailDetailsPartner-inner\"]"}
COMMAND: POST /session/1fa10dbe6cace0b0b57e1b97fc70a6c9/element - {"using":"xpath","value":"//button[@data-kt=\"saveButton\"]"}
RESULT: {"using":"xpath","value":"//button[@data-kt=\"saveButton\"]"}
COMMAND: POST /session/1fa10dbe6cace0b0b57e1b97fc70a6c9/element/f.0BA98F5D4C23DAB34A6BC0E7B973FCA4.d.4D5831EDB0E953EEB424481706993FB1.e.4935/click - {}
RESULT: {}
COMMAND: GET /session/1fa10dbe6cace0b0b57e1b97fc70a6c9/screenshot - {}
RESULT: {}
COMMAND: POST /session/1fa10dbe6cace0b0b57e1b97fc70a6c9/element - {"using":"xpath","value":"//header[contains(@id, 'ObjectPageLayout-headerTitle')]/div[1]/div[2]/div[2]/span[1]"}
RESULT: {"using":"xpath","value":"//header[contains(@id, 'ObjectPageLayout-headerTitle')]/div[1]/div[2]/div[2]/span[1]"}
COMMAND: POST /session/1fa10dbe6cace0b0b57e1b97fc70a6c9/elements - {"using":"xpath","value":"//header[contains(@id, 'ObjectPageLayout-headerTitle')]/div[1]/div[2]/div[2]/span[1]"}
RESULT: {"using":"xpath","value":"//header[contains(@id, 'ObjectPageLayout-headerTitle')]/div[1]/div[2]/div[2]/span[1]"}
COMMAND: POST /session/1fa10dbe6cace0b0b57e1b97fc70a6c9/execute/sync - {"script":"<script> [56 bytes]","args":[{"element-6066-11e4-a52e-4f735466cecf":"f.0BA98F5D4C23DAB34A6BC0E7B973FCA4.d.4D5831EDB0E953EEB424481706993FB1.e.5215","ELEMENT":"f.0BA98F5D4C23DAB34A6BC0E7B973FCA4.d.4D5831EDB0E953EEB424481706993FB1.e.5215"}]}
RESULT: {"script":"<script> [56 bytes]","args":[{"element-6066-11e4-a52e-4f735466cecf":"f.0BA98F5D4C23DAB34A6BC0E7B973FCA4.d.4D5831EDB0E953EEB424481706993FB1.e.5215","ELEMENT":"f.0BA98F5D4C23DAB34A6BC0E7B973FCA4.d.4D5831EDB0E953EEB424481706993FB1.e.5215"}]}
COMMAND: POST /session/1fa10dbe6cace0b0b57e1b97fc70a6c9/element - {"using":"css selector","value":"#shell-header-logo"}
COMMAND: GET /session/1fa10dbe6cace0b0b57e1b97fc70a6c9/screenshot - {}
RESULT: {}
RESULT: {"using":"css selector","value":"#shell-header-logo"}
COMMAND: POST /session/1fa10dbe6cace0b0b57e1b97fc70a6c9/element/f.0BA98F5D4C23DAB34A6BC0E7B973FCA4.d.4D5831EDB0E953EEB424481706993FB1.e.4449/click - {}
RESULT: {}
COMMAND: GET /session/1fa10dbe6cace0b0b57e1b97fc70a6c9/screenshot - {}
RESULT: {}
COMMAND: POST /session/1fa10dbe6cace0b0b57e1b97fc70a6c9/execute/sync - {"script":"<script> [299 bytes]","args":[["getModel","getResource"]]}
RESULT: {"script":"<script> [299 bytes]","args":[["getModel","getResource"]]}
COMMAND: POST /session/1fa10dbe6cace0b0b57e1b97fc70a6c9/actions - {"actions":[{"id":"action14","type":"key","parameters":{},"actions":[{"type":"keyDown","value":""},{"type":"pause","duration":10},{"type":"keyUp","value":""}]}]}
COMMAND: GET /session/1fa10dbe6cace0b0b57e1b97fc70a6c9/screenshot - {}
RESULT: {"actions":[{"id":"action14","type":"key","parameters":{},"actions":[{"type":"keyDown","value":""},{"type":"pause","duration":10},{"type":"keyUp","value":""}]}]}
COMMAND: GET /session/1fa10dbe6cace0b0b57e1b97fc70a6c9/screenshot - {}
RESULT: {}
RESULT: {}
COMMAND: POST /session/1fa10dbe6cace0b0b57e1b97fc70a6c9/refresh - {}
RESULT: {}
COMMAND: GET /session/1fa10dbe6cace0b0b57e1b97fc70a6c9/screenshot - {}
RESULT: {}
COMMAND: POST /session/1fa10dbe6cace0b0b57e1b97fc70a6c9/refresh - {}
RESULT: {}
COMMAND: GET /session/1fa10dbe6cace0b0b57e1b97fc70a6c9/screenshot - {}
RESULT: {}
COMMAND: POST /session/1fa10dbe6cace0b0b57e1b97fc70a6c9/window/fullscreen - {}
RESULT: {}
COMMAND: POST /session/1fa10dbe6cace0b0b57e1b97fc70a6c9/execute/async - {"script":"<script> [189 bytes]","args":[]}
RESULT: {"script":"<script> [189 bytes]","args":[]}
COMMAND: POST /session/1fa10dbe6cace0b0b57e1b97fc70a6c9/execute/async - {"script":"<script> [123 bytes]","args":[]}
RESULT: {"script":"<script> [123 bytes]","args":[]}
COMMAND: POST /session/1fa10dbe6cace0b0b57e1b97fc70a6c9/timeouts - {"script":"<number>"}
RESULT: {"script":"<number>"}
COMMAND: GET /session/1fa10dbe6cace0b0b57e1b97fc70a6c9/timeouts - {}
RESULT: {}
RESULT: undefined
COMMAND: POST /session/1fa10dbe6cace0b0b57e1b97fc70a6c9/execute/async - {"script":"<script> [2676 bytes]","args":[]}
RESULT: {"script":"<script> [2676 bytes]","args":[]}
COMMAND: POST /session/1fa10dbe6cace0b0b57e1b97fc70a6c9/execute/async - {"script":"<script> [2342 bytes]","args":[{"protocol":"http","hostname":"0.0.0.0","path":"/","capabilities":{"browserName":"chrome","goog:chromeOptions":{"binary":"C:\\Program Files\\Google\\Chrome\\Application\\chrome.exe","args":["--start-maximized"]}},"logLevel":"warn","connectionRetryTimeout":120000,"connectionRetryCount":3,"logLevels":{},"enableDirectConnect":true,"strictSSL":true,"_":"65 more keys: [\"cacheDir\",\"port\",\"requestedCapabilities\",\"automationProtocol\",\"baseUrl\",\"waitforInterval\",\"waitforTimeout\",\"onReload\",\"beforeCommand\",\"afterCommand\",\"rootDir\",\"specs\",\"suites\",\"exclude\",\"groupLogsByTestSpec\",\"excludeDriverLogs\",\"bail\",\"framework\",\"reporters\",\"services\",\"maxInstances\",\"maxInstancesPerCapability\",\"injectGlobals\",\"filesToWatch\",\"execArgv\",\"runnerEnv\",\"runner\",\"shard\",\"specFileRetries\",\"specFileRetriesDelay\",\"specFileRetriesDeferred\",\"reporterSyncInterval\",\"reporterSyncTimeout\",\"cucumberFeaturesWithLineNumbers\",\"autoCompileOpts\",\"mochaOpts\",\"jasmineOpts\",\"cucumberOpts\",\"onPrepare\",\"onWorkerStart\",\"onWorkerEnd\",\"before\",\"beforeSession\",\"beforeSuite\",\"beforeHook\",\"beforeTest\",\"afterTest\",\"afterHook\",\"afterSuite\",\"afterSession\",\"after\",\"onComplete\",\"beforeAssertion\",\"afterAssertion\",\"beforeFeature\",\"beforeScenario\",\"beforeStep\",\"afterStep\",\"afterScenario\",\"afterFeature\",\"_\",\"suite\",\"$0\",\"ignoredWorkerServices\",\"wdi5\"]"}]}
RESULT: {"script":"<script> [2342 bytes]","args":[{"protocol":"http","hostname":"0.0.0.0","path":"/","capabilities":{"browserName":"chrome","goog:chromeOptions":{"binary":"C:\\Program Files\\Google\\Chrome\\Application\\chrome.exe","args":["--start-maximized"]}},"logLevel":"warn","connectionRetryTimeout":120000,"connectionRetryCount":3,"logLevels":{},"enableDirectConnect":true,"strictSSL":true,"_":"65 more keys: [\"cacheDir\",\"port\",\"requestedCapabilities\",\"automationProtocol\",\"baseUrl\",\"waitforInterval\",\"waitforTimeout\",\"onReload\",\"beforeCommand\",\"afterCommand\",\"rootDir\",\"specs\",\"suites\",\"exclude\",\"groupLogsByTestSpec\",\"excludeDriverLogs\",\"bail\",\"framework\",\"reporters\",\"services\",\"maxInstances\",\"maxInstancesPerCapability\",\"injectGlobals\",\"filesToWatch\",\"execArgv\",\"runnerEnv\",\"runner\",\"shard\",\"specFileRetries\",\"specFileRetriesDelay\",\"specFileRetriesDeferred\",\"reporterSyncInterval\",\"reporterSyncTimeout\",\"cucumberFeaturesWithLineNumbers\",\"autoCompileOpts\",\"mochaOpts\",\"jasmineOpts\",\"cucumberOpts\",\"onPrepare\",\"onWorkerStart\",\"onWorkerEnd\",\"before\",\"beforeSession\",\"beforeSuite\",\"beforeHook\",\"beforeTest\",\"afterTest\",\"afterHook\",\"afterSuite\",\"afterSession\",\"after\",\"onComplete\",\"beforeAssertion\",\"afterAssertion\",\"beforeFeature\",\"beforeScenario\",\"beforeStep\",\"afterStep\",\"afterScenario\",\"afterFeature\",\"_\",\"suite\",\"$0\",\"ignoredWorkerServices\",\"wdi5\"]"}]}
COMMAND: POST /session/1fa10dbe6cace0b0b57e1b97fc70a6c9/execute/async - {"script":"<script> [21126 bytes]","args":[35000]}
RESULT: {"script":"<script> [21126 bytes]","args":[35000]}
COMMAND: POST /session/1fa10dbe6cace0b0b57e1b97fc70a6c9/window/fullscreen - {}
RESULT: {}
]]></system-out>
    </testcase>
    <testcase classname="chrome.136_0_7103_93.windows.Create_masterdata_for_Yard_Overview_-_trigger_provide_US130988" name="Should create a new material" time="117.703">
      <system-out><![CDATA[
COMMAND: POST /session/1fa10dbe6cace0b0b57e1b97fc70a6c9/execute/async - {"script":"<script> [1562 bytes]","args":[{"selector":{"controlType":"sap.m.GenericTile","properties":{"header":"Manage Resources"}},"wdio_ui5_key":"sapm.GenericTile{\"header\":\"Manage Resources\"}"}]}
RESULT: {"script":"<script> [1562 bytes]","args":[{"selector":{"controlType":"sap.m.GenericTile","properties":{"header":"Manage Resources"}},"wdio_ui5_key":"sapm.GenericTile{\"header\":\"Manage Resources\"}"}]}
RESULT: undefined
COMMAND: POST /session/1fa10dbe6cace0b0b57e1b97fc70a6c9/element - {"using":"xpath","value":"//*[@id=\"__tile31\"]"}
RESULT: {"using":"xpath","value":"//*[@id=\"__tile31\"]"}
COMMAND: POST /session/1fa10dbe6cace0b0b57e1b97fc70a6c9/element/f.0BA98F5D4C23DAB34A6BC0E7B973FCA4.d.B46E60D4A1BBF2CB8007993B4BF74AAE.e.5288/click - {}
RESULT: {}
COMMAND: GET /session/1fa10dbe6cace0b0b57e1b97fc70a6c9/screenshot - {}
RESULT: {}
COMMAND: POST /session/1fa10dbe6cace0b0b57e1b97fc70a6c9/elements - {"using":"xpath","value":"//span[text()='Error']"}
RESULT: {"using":"xpath","value":"//span[text()='Error']"}
COMMAND: POST /session/1fa10dbe6cace0b0b57e1b97fc70a6c9/element - {"using":"xpath","value":"//button[@data-kt=\"addNewRUOverflowToolbarButton\"]"}
RESULT: {"using":"xpath","value":"//button[@data-kt=\"addNewRUOverflowToolbarButton\"]"}
COMMAND: POST /session/1fa10dbe6cace0b0b57e1b97fc70a6c9/elements - {"using":"xpath","value":"//button[@data-kt=\"addNewRUOverflowToolbarButton\"]"}
RESULT: {"using":"xpath","value":"//button[@data-kt=\"addNewRUOverflowToolbarButton\"]"}
COMMAND: POST /session/1fa10dbe6cace0b0b57e1b97fc70a6c9/execute/sync - {"script":"<script> [8489 bytes]","args":[{"element-6066-11e4-a52e-4f735466cecf":"f.0BA98F5D4C23DAB34A6BC0E7B973FCA4.d.B46E60D4A1BBF2CB8007993B4BF74AAE.e.5396","ELEMENT":"f.0BA98F5D4C23DAB34A6BC0E7B973FCA4.d.B46E60D4A1BBF2CB8007993B4BF74AAE.e.5396"}]}
RESULT: {"script":"<script> [8489 bytes]","args":[{"element-6066-11e4-a52e-4f735466cecf":"f.0BA98F5D4C23DAB34A6BC0E7B973FCA4.d.B46E60D4A1BBF2CB8007993B4BF74AAE.e.5396","ELEMENT":"f.0BA98F5D4C23DAB34A6BC0E7B973FCA4.d.B46E60D4A1BBF2CB8007993B4BF74AAE.e.5396"}]}
COMMAND: GET /session/1fa10dbe6cace0b0b57e1b97fc70a6c9/element/f.0BA98F5D4C23DAB34A6BC0E7B973FCA4.d.B46E60D4A1BBF2CB8007993B4BF74AAE.e.5396/enabled - {}
COMMAND: GET /session/1fa10dbe6cace0b0b57e1b97fc70a6c9/screenshot - {}
RESULT: {}
COMMAND: POST /session/1fa10dbe6cace0b0b57e1b97fc70a6c9/execute/sync - {"script":"<script> [8489 bytes]","args":[{"element-6066-11e4-a52e-4f735466cecf":"f.0BA98F5D4C23DAB34A6BC0E7B973FCA4.d.B46E60D4A1BBF2CB8007993B4BF74AAE.e.5396","ELEMENT":"f.0BA98F5D4C23DAB34A6BC0E7B973FCA4.d.B46E60D4A1BBF2CB8007993B4BF74AAE.e.5396"}]}
COMMAND: GET /session/1fa10dbe6cace0b0b57e1b97fc70a6c9/screenshot - {}
RESULT: {}
RESULT: {"script":"<script> [8489 bytes]","args":[{"element-6066-11e4-a52e-4f735466cecf":"f.0BA98F5D4C23DAB34A6BC0E7B973FCA4.d.B46E60D4A1BBF2CB8007993B4BF74AAE.e.5396","ELEMENT":"f.0BA98F5D4C23DAB34A6BC0E7B973FCA4.d.B46E60D4A1BBF2CB8007993B4BF74AAE.e.5396"}]}
COMMAND: POST /session/1fa10dbe6cace0b0b57e1b97fc70a6c9/execute/sync - {"script":"<script> [5351 bytes]","args":[{"element-6066-11e4-a52e-4f735466cecf":"f.0BA98F5D4C23DAB34A6BC0E7B973FCA4.d.B46E60D4A1BBF2CB8007993B4BF74AAE.e.5396","ELEMENT":"f.0BA98F5D4C23DAB34A6BC0E7B973FCA4.d.B46E60D4A1BBF2CB8007993B4BF74AAE.e.5396"}]}
COMMAND: GET /session/1fa10dbe6cace0b0b57e1b97fc70a6c9/screenshot - {}
RESULT: {}
RESULT: {"script":"<script> [5351 bytes]","args":[{"element-6066-11e4-a52e-4f735466cecf":"f.0BA98F5D4C23DAB34A6BC0E7B973FCA4.d.B46E60D4A1BBF2CB8007993B4BF74AAE.e.5396","ELEMENT":"f.0BA98F5D4C23DAB34A6BC0E7B973FCA4.d.B46E60D4A1BBF2CB8007993B4BF74AAE.e.5396"}]}
COMMAND: POST /session/1fa10dbe6cace0b0b57e1b97fc70a6c9/element/f.0BA98F5D4C23DAB34A6BC0E7B973FCA4.d.B46E60D4A1BBF2CB8007993B4BF74AAE.e.5396/click - {}
COMMAND: GET /session/1fa10dbe6cace0b0b57e1b97fc70a6c9/screenshot - {}
RESULT: {}
RESULT: {}
COMMAND: GET /session/1fa10dbe6cace0b0b57e1b97fc70a6c9/screenshot - {}
RESULT: {}
COMMAND: POST /session/1fa10dbe6cace0b0b57e1b97fc70a6c9/execute/async - {"script":"<script> [1562 bytes]","args":[{"selector":{"id":"application-manageresources-display-component---newResourceUnit--TYPE-arrow"},"wdio_ui5_key":"applicationmanageresources-display-component---newResourceUnit--TYPE-arrow"}]}
RESULT: {}
RESULT: {"script":"<script> [1562 bytes]","args":[{"selector":{"id":"application-manageresources-display-component---newResourceUnit--TYPE-arrow"},"wdio_ui5_key":"applicationmanageresources-display-component---newResourceUnit--TYPE-arrow"}]}
RESULT: undefined
COMMAND: POST /session/1fa10dbe6cace0b0b57e1b97fc70a6c9/element - {"using":"xpath","value":"//*[@id=\"application-manageresources-display-component---newResourceUnit--TYPE-arrow\"]"}
RESULT: {"using":"xpath","value":"//*[@id=\"application-manageresources-display-component---newResourceUnit--TYPE-arrow\"]"}
COMMAND: POST /session/1fa10dbe6cace0b0b57e1b97fc70a6c9/element/f.0BA98F5D4C23DAB34A6BC0E7B973FCA4.d.B46E60D4A1BBF2CB8007993B4BF74AAE.e.5759/click - {}
RESULT: {}
COMMAND: POST /session/1fa10dbe6cace0b0b57e1b97fc70a6c9/element - {"using":"xpath","value":"//input[@id=\"application-manageresources-display-component---newResourceUnit--TYPE-inner\"]"}
COMMAND: GET /session/1fa10dbe6cace0b0b57e1b97fc70a6c9/screenshot - {}
RESULT: {"using":"xpath","value":"//input[@id=\"application-manageresources-display-component---newResourceUnit--TYPE-inner\"]"}
COMMAND: POST /session/1fa10dbe6cace0b0b57e1b97fc70a6c9/element/f.0BA98F5D4C23DAB34A6BC0E7B973FCA4.d.B46E60D4A1BBF2CB8007993B4BF74AAE.e.5748/clear - {}
RESULT: {}
RESULT: {}
COMMAND: POST /session/1fa10dbe6cace0b0b57e1b97fc70a6c9/element/f.0BA98F5D4C23DAB34A6BC0E7B973FCA4.d.B46E60D4A1BBF2CB8007993B4BF74AAE.e.5748/value - {"text":"Material"}
COMMAND: GET /session/1fa10dbe6cace0b0b57e1b97fc70a6c9/screenshot - {}
RESULT: {"text":"Material"}
COMMAND: GET /session/1fa10dbe6cace0b0b57e1b97fc70a6c9/screenshot - {}
RESULT: {}
RESULT: {}
COMMAND: POST /session/1fa10dbe6cace0b0b57e1b97fc70a6c9/actions - {"actions":[{"id":"action15","type":"key","parameters":{},"actions":[{"type":"keyDown","value":""},{"type":"pause","duration":10},{"type":"keyUp","value":""}]}]}
RESULT: {"actions":[{"id":"action15","type":"key","parameters":{},"actions":[{"type":"keyDown","value":""},{"type":"pause","duration":10},{"type":"keyUp","value":""}]}]}
COMMAND: POST /session/1fa10dbe6cace0b0b57e1b97fc70a6c9/execute/async - {"script":"<script> [1562 bytes]","args":[{"selector":{"id":"application-manageresources-display-component---newResourceUnit--SHORT_TEXT","interaction":{"idSuffix":"inner"}},"wdio_ui5_key":"applicationmanageresources-display-component---newResourceUnit--SHORT_TEXT"}]}
COMMAND: GET /session/1fa10dbe6cace0b0b57e1b97fc70a6c9/screenshot - {}
RESULT: {"script":"<script> [1562 bytes]","args":[{"selector":{"id":"application-manageresources-display-component---newResourceUnit--SHORT_TEXT","interaction":{"idSuffix":"inner"}},"wdio_ui5_key":"applicationmanageresources-display-component---newResourceUnit--SHORT_TEXT"}]}
RESULT: undefined
COMMAND: POST /session/1fa10dbe6cace0b0b57e1b97fc70a6c9/execute/async - {"script":"<script> [776 bytes]","args":[{"enterText":"Cement WDIO","selector":{"id":"application-manageresources-display-component---newResourceUnit--SHORT_TEXT","interaction":{"idSuffix":"inner"}},"clearTextFirst":true,"interactionType":"ENTER_TEXT"}]}
RESULT: {}
RESULT: {"script":"<script> [776 bytes]","args":[{"enterText":"Cement WDIO","selector":{"id":"application-manageresources-display-component---newResourceUnit--SHORT_TEXT","interaction":{"idSuffix":"inner"}},"clearTextFirst":true,"interactionType":"ENTER_TEXT"}]}
COMMAND: POST /session/1fa10dbe6cace0b0b57e1b97fc70a6c9/execute/async - {"script":"<script> [1562 bytes]","args":[{"selector":{"id":"application-manageresources-display-component---newResourceUnit--BASE_UNIT_OF_MEASURE","interaction":{"idSuffix":"inner"}},"wdio_ui5_key":"applicationmanageresources-display-component---newResourceUnit--BASE_UNIT_OF_MEASURE"}]}
RESULT: {"script":"<script> [1562 bytes]","args":[{"selector":{"id":"application-manageresources-display-component---newResourceUnit--BASE_UNIT_OF_MEASURE","interaction":{"idSuffix":"inner"}},"wdio_ui5_key":"applicationmanageresources-display-component---newResourceUnit--BASE_UNIT_OF_MEASURE"}]}
RESULT: undefined
COMMAND: POST /session/1fa10dbe6cace0b0b57e1b97fc70a6c9/execute/async - {"script":"<script> [776 bytes]","args":[{"enterText":"Piece","selector":{"id":"application-manageresources-display-component---newResourceUnit--BASE_UNIT_OF_MEASURE","interaction":{"idSuffix":"inner"}},"clearTextFirst":true,"interactionType":"ENTER_TEXT"}]}
RESULT: {"script":"<script> [776 bytes]","args":[{"enterText":"Piece","selector":{"id":"application-manageresources-display-component---newResourceUnit--BASE_UNIT_OF_MEASURE","interaction":{"idSuffix":"inner"}},"clearTextFirst":true,"interactionType":"ENTER_TEXT"}]}
COMMAND: POST /session/1fa10dbe6cace0b0b57e1b97fc70a6c9/execute/async - {"script":"<script> [1562 bytes]","args":[{"selector":{"id":"application-manageresources-display-component---newResourceUnit--WEIGHT_UNIT","interaction":{"idSuffix":"inner"}},"wdio_ui5_key":"applicationmanageresources-display-component---newResourceUnit--WEIGHT_UNIT"}]}
RESULT: {"script":"<script> [1562 bytes]","args":[{"selector":{"id":"application-manageresources-display-component---newResourceUnit--WEIGHT_UNIT","interaction":{"idSuffix":"inner"}},"wdio_ui5_key":"applicationmanageresources-display-component---newResourceUnit--WEIGHT_UNIT"}]}
RESULT: undefined
COMMAND: POST /session/1fa10dbe6cace0b0b57e1b97fc70a6c9/execute/async - {"script":"<script> [776 bytes]","args":[{"enterText":"Gram","selector":{"id":"application-manageresources-display-component---newResourceUnit--WEIGHT_UNIT","interaction":{"idSuffix":"inner"}},"clearTextFirst":true,"interactionType":"ENTER_TEXT"}]}
RESULT: {"script":"<script> [776 bytes]","args":[{"enterText":"Gram","selector":{"id":"application-manageresources-display-component---newResourceUnit--WEIGHT_UNIT","interaction":{"idSuffix":"inner"}},"clearTextFirst":true,"interactionType":"ENTER_TEXT"}]}
COMMAND: POST /session/1fa10dbe6cace0b0b57e1b97fc70a6c9/execute/async - {"script":"<script> [1562 bytes]","args":[{"selector":{"id":"application-manageresources-display-component---newResourceUnit--DIMENSION_UNIT","interaction":{"idSuffix":"inner"}},"wdio_ui5_key":"applicationmanageresources-display-component---newResourceUnit--DIMENSION_UNIT"}]}
RESULT: {"script":"<script> [1562 bytes]","args":[{"selector":{"id":"application-manageresources-display-component---newResourceUnit--DIMENSION_UNIT","interaction":{"idSuffix":"inner"}},"wdio_ui5_key":"applicationmanageresources-display-component---newResourceUnit--DIMENSION_UNIT"}]}
RESULT: undefined
COMMAND: POST /session/1fa10dbe6cace0b0b57e1b97fc70a6c9/execute/async - {"script":"<script> [776 bytes]","args":[{"enterText":"Meter","selector":{"id":"application-manageresources-display-component---newResourceUnit--DIMENSION_UNIT","interaction":{"idSuffix":"inner"}},"clearTextFirst":true,"interactionType":"ENTER_TEXT"}]}
RESULT: {"script":"<script> [776 bytes]","args":[{"enterText":"Meter","selector":{"id":"application-manageresources-display-component---newResourceUnit--DIMENSION_UNIT","interaction":{"idSuffix":"inner"}},"clearTextFirst":true,"interactionType":"ENTER_TEXT"}]}
COMMAND: POST /session/1fa10dbe6cace0b0b57e1b97fc70a6c9/execute/async - {"script":"<script> [1562 bytes]","args":[{"selector":{"id":"application-manageresources-display-component---newResourceUnit--newRRUPage-anchBar-application-manageresources-display-component---newResourceUnit--control-anchor","interaction":{"idSuffix":"BDI-content"}},"wdio_ui5_key":"applicationmanageresources-display-component---newResourceUnit--newRRUPage-anchBar-application-manageresources-display-component---newResourceUnit--control-anchor"}]}
RESULT: {"script":"<script> [1562 bytes]","args":[{"selector":{"id":"application-manageresources-display-component---newResourceUnit--newRRUPage-anchBar-application-manageresources-display-component---newResourceUnit--control-anchor","interaction":{"idSuffix":"BDI-content"}},"wdio_ui5_key":"applicationmanageresources-display-component---newResourceUnit--newRRUPage-anchBar-application-manageresources-display-component---newResourceUnit--control-anchor"}]}
RESULT: undefined
COMMAND: POST /session/1fa10dbe6cace0b0b57e1b97fc70a6c9/element - {"using":"xpath","value":"//*[@id=\"application-manageresources-display-component---newResourceUnit--newRRUPage-anchBar-application-manageresources-display-component---newResourceUnit--control-anchor\"]"}
RESULT: {"using":"xpath","value":"//*[@id=\"application-manageresources-display-component---newResourceUnit--newRRUPage-anchBar-application-manageresources-display-component---newResourceUnit--control-anchor\"]"}
COMMAND: POST /session/1fa10dbe6cace0b0b57e1b97fc70a6c9/element/f.0BA98F5D4C23DAB34A6BC0E7B973FCA4.d.B46E60D4A1BBF2CB8007993B4BF74AAE.e.5892/click - {}
RESULT: {}
COMMAND: POST /session/1fa10dbe6cace0b0b57e1b97fc70a6c9/execute/async - {"script":"<script> [1562 bytes]","args":[{"selector":{"id":"application-manageresources-display-component---newResourceUnit--PLANNING_GROUP","interaction":{"idSuffix":"inner"}},"wdio_ui5_key":"applicationmanageresources-display-component---newResourceUnit--PLANNING_GROUP"}]}
COMMAND: GET /session/1fa10dbe6cace0b0b57e1b97fc70a6c9/screenshot - {}
RESULT: {"script":"<script> [1562 bytes]","args":[{"selector":{"id":"application-manageresources-display-component---newResourceUnit--PLANNING_GROUP","interaction":{"idSuffix":"inner"}},"wdio_ui5_key":"applicationmanageresources-display-component---newResourceUnit--PLANNING_GROUP"}]}
RESULT: undefined
COMMAND: POST /session/1fa10dbe6cace0b0b57e1b97fc70a6c9/execute/async - {"script":"<script> [776 bytes]","args":[{"enterText":"Material","selector":{"id":"application-manageresources-display-component---newResourceUnit--PLANNING_GROUP","interaction":{"idSuffix":"inner"}},"clearTextFirst":true,"interactionType":"ENTER_TEXT"}]}
RESULT: {}
RESULT: {"script":"<script> [776 bytes]","args":[{"enterText":"Material","selector":{"id":"application-manageresources-display-component---newResourceUnit--PLANNING_GROUP","interaction":{"idSuffix":"inner"}},"clearTextFirst":true,"interactionType":"ENTER_TEXT"}]}
COMMAND: POST /session/1fa10dbe6cace0b0b57e1b97fc70a6c9/execute/async - {"script":"<script> [1562 bytes]","args":[{"selector":{"id":"application-manageresources-display-component---newResourceUnit--PLANNING_INDICATOR","interaction":{"idSuffix":"inner"}},"wdio_ui5_key":"applicationmanageresources-display-component---newResourceUnit--PLANNING_INDICATOR"}]}
RESULT: {"script":"<script> [1562 bytes]","args":[{"selector":{"id":"application-manageresources-display-component---newResourceUnit--PLANNING_INDICATOR","interaction":{"idSuffix":"inner"}},"wdio_ui5_key":"applicationmanageresources-display-component---newResourceUnit--PLANNING_INDICATOR"}]}
RESULT: undefined
COMMAND: POST /session/1fa10dbe6cace0b0b57e1b97fc70a6c9/execute/async - {"script":"<script> [776 bytes]","args":[{"enterText":"10 - infinite","selector":{"id":"application-manageresources-display-component---newResourceUnit--PLANNING_INDICATOR","interaction":{"idSuffix":"inner"}},"clearTextFirst":true,"interactionType":"ENTER_TEXT"}]}
RESULT: {"script":"<script> [776 bytes]","args":[{"enterText":"10 - infinite","selector":{"id":"application-manageresources-display-component---newResourceUnit--PLANNING_INDICATOR","interaction":{"idSuffix":"inner"}},"clearTextFirst":true,"interactionType":"ENTER_TEXT"}]}
COMMAND: POST /session/1fa10dbe6cace0b0b57e1b97fc70a6c9/element - {"using":"css selector","value":"#application-manageresources-display-component---newResourceUnit--btnAddTimeSegment"}
RESULT: {"using":"css selector","value":"#application-manageresources-display-component---newResourceUnit--btnAddTimeSegment"}
COMMAND: GET /session/1fa10dbe6cace0b0b57e1b97fc70a6c9/element/f.0BA98F5D4C23DAB34A6BC0E7B973FCA4.d.B46E60D4A1BBF2CB8007993B4BF74AAE.e.5902/rect - {}
RESULT: {}
COMMAND: GET /session/1fa10dbe6cace0b0b57e1b97fc70a6c9/window/rect - {}
RESULT: {}
COMMAND: POST /session/1fa10dbe6cace0b0b57e1b97fc70a6c9/execute/sync - {"script":"<script> [92 bytes]","args":[]}
RESULT: {"script":"<script> [92 bytes]","args":[]}
COMMAND: POST /session/1fa10dbe6cace0b0b57e1b97fc70a6c9/actions - {"actions":[{"id":"action16","type":"wheel","parameters":{},"actions":[{"type":"scroll","x":-1888,"y":-32,"deltaX":0,"deltaY":0,"duration":0,"origin":{"element-6066-11e4-a52e-4f735466cecf":"f.0BA98F5D4C23DAB34A6BC0E7B973FCA4.d.B46E60D4A1BBF2CB8007993B4BF74AAE.e.5902"}}]}]}
COMMAND: GET /session/1fa10dbe6cace0b0b57e1b97fc70a6c9/screenshot - {}
RESULT: {}
COMMAND: POST /session/1fa10dbe6cace0b0b57e1b97fc70a6c9/execute/sync - {"script":"<script> [79 bytes]","args":[{"element-6066-11e4-a52e-4f735466cecf":"f.0BA98F5D4C23DAB34A6BC0E7B973FCA4.d.B46E60D4A1BBF2CB8007993B4BF74AAE.e.5902","ELEMENT":"f.0BA98F5D4C23DAB34A6BC0E7B973FCA4.d.B46E60D4A1BBF2CB8007993B4BF74AAE.e.5902"},{"block":"start","inline":"nearest"}]}
RESULT: {"script":"<script> [79 bytes]","args":[{"element-6066-11e4-a52e-4f735466cecf":"f.0BA98F5D4C23DAB34A6BC0E7B973FCA4.d.B46E60D4A1BBF2CB8007993B4BF74AAE.e.5902","ELEMENT":"f.0BA98F5D4C23DAB34A6BC0E7B973FCA4.d.B46E60D4A1BBF2CB8007993B4BF74AAE.e.5902"},{"block":"start","inline":"nearest"}]}
COMMAND: POST /session/1fa10dbe6cace0b0b57e1b97fc70a6c9/execute/async - {"script":"<script> [1562 bytes]","args":[{"selector":{"id":"application-manageresources-display-component---newResourceUnit--btnAddTimeSegment","interaction":{"idSuffix":"inner"}},"wdio_ui5_key":"applicationmanageresources-display-component---newResourceUnit--btnAddTimeSegment"}]}
COMMAND: GET /session/1fa10dbe6cace0b0b57e1b97fc70a6c9/screenshot - {}
RESULT: {"script":"<script> [1562 bytes]","args":[{"selector":{"id":"application-manageresources-display-component---newResourceUnit--btnAddTimeSegment","interaction":{"idSuffix":"inner"}},"wdio_ui5_key":"applicationmanageresources-display-component---newResourceUnit--btnAddTimeSegment"}]}
RESULT: undefined
COMMAND: POST /session/1fa10dbe6cace0b0b57e1b97fc70a6c9/element - {"using":"xpath","value":"//*[@id=\"application-manageresources-display-component---newResourceUnit--btnAddTimeSegment\"]"}
RESULT: {}
RESULT: {"using":"xpath","value":"//*[@id=\"application-manageresources-display-component---newResourceUnit--btnAddTimeSegment\"]"}
COMMAND: POST /session/1fa10dbe6cace0b0b57e1b97fc70a6c9/element/f.0BA98F5D4C23DAB34A6BC0E7B973FCA4.d.B46E60D4A1BBF2CB8007993B4BF74AAE.e.5902/click - {}
RESULT: {}
COMMAND: GET /session/1fa10dbe6cace0b0b57e1b97fc70a6c9/screenshot - {}
RESULT: {}
COMMAND: POST /session/1fa10dbe6cace0b0b57e1b97fc70a6c9/element - {"using":"xpath","value":"//input[@id=\"application-manageresources-display-component---newResourceUnit--idRuTSAdmin-application-manageresources-display-component---newResourceUnit--RUTimeSegment-0-inner\"]"}
RESULT: {"using":"xpath","value":"//input[@id=\"application-manageresources-display-component---newResourceUnit--idRuTSAdmin-application-manageresources-display-component---newResourceUnit--RUTimeSegment-0-inner\"]"}
COMMAND: POST /session/1fa10dbe6cace0b0b57e1b97fc70a6c9/element/f.0BA98F5D4C23DAB34A6BC0E7B973FCA4.d.B46E60D4A1BBF2CB8007993B4BF74AAE.e.5907/clear - {}
RESULT: {}
COMMAND: POST /session/1fa10dbe6cace0b0b57e1b97fc70a6c9/element/f.0BA98F5D4C23DAB34A6BC0E7B973FCA4.d.B46E60D4A1BBF2CB8007993B4BF74AAE.e.5907/value - {"text":"426"}
COMMAND: GET /session/1fa10dbe6cace0b0b57e1b97fc70a6c9/screenshot - {}
RESULT: {"text":"426"}
COMMAND: GET /session/1fa10dbe6cace0b0b57e1b97fc70a6c9/screenshot - {}
RESULT: {}
RESULT: {}
COMMAND: POST /session/1fa10dbe6cace0b0b57e1b97fc70a6c9/element - {"using":"xpath","value":"//li[.//span[text()='426']]"}
RESULT: {"using":"xpath","value":"//li[.//span[text()='426']]"}
COMMAND: POST /session/1fa10dbe6cace0b0b57e1b97fc70a6c9/element/f.0BA98F5D4C23DAB34A6BC0E7B973FCA4.d.B46E60D4A1BBF2CB8007993B4BF74AAE.e.5916/click - {}
RESULT: {}
COMMAND: GET /session/1fa10dbe6cace0b0b57e1b97fc70a6c9/screenshot - {}
RESULT: {}
COMMAND: POST /session/1fa10dbe6cace0b0b57e1b97fc70a6c9/element - {"using":"xpath","value":"(//span[contains(@id, \"-application-manageresources-display-component---newResourceUnit--RUTimeSegment-0-arrow\")])[2]"}
RESULT: {"using":"xpath","value":"(//span[contains(@id, \"-application-manageresources-display-component---newResourceUnit--RUTimeSegment-0-arrow\")])[2]"}
COMMAND: POST /session/1fa10dbe6cace0b0b57e1b97fc70a6c9/element/f.0BA98F5D4C23DAB34A6BC0E7B973FCA4.d.B46E60D4A1BBF2CB8007993B4BF74AAE.e.5917/click - {}
RESULT: {}
COMMAND: POST /session/1fa10dbe6cace0b0b57e1b97fc70a6c9/element - {"using":"xpath","value":"//span[contains(text(), \"PM Order\")]"}
COMMAND: GET /session/1fa10dbe6cace0b0b57e1b97fc70a6c9/screenshot - {}
RESULT: {"using":"xpath","value":"//span[contains(text(), \"PM Order\")]"}
COMMAND: POST /session/1fa10dbe6cace0b0b57e1b97fc70a6c9/element/f.0BA98F5D4C23DAB34A6BC0E7B973FCA4.d.B46E60D4A1BBF2CB8007993B4BF74AAE.e.5918/click - {}
RESULT: {}
RESULT: {}
COMMAND: GET /session/1fa10dbe6cace0b0b57e1b97fc70a6c9/screenshot - {}
RESULT: {}
COMMAND: POST /session/1fa10dbe6cace0b0b57e1b97fc70a6c9/element - {"using":"xpath","value":"//td/div/div/div/span[contains(@id, \"newResourceUnit--RUTimeSegment-0-vhi\")][1]"}
RESULT: {"using":"xpath","value":"//td/div/div/div/span[contains(@id, \"newResourceUnit--RUTimeSegment-0-vhi\")][1]"}
COMMAND: GET /session/1fa10dbe6cace0b0b57e1b97fc70a6c9/element/f.0BA98F5D4C23DAB34A6BC0E7B973FCA4.d.B46E60D4A1BBF2CB8007993B4BF74AAE.e.5922/rect - {}
RESULT: {}
COMMAND: GET /session/1fa10dbe6cace0b0b57e1b97fc70a6c9/window/rect - {}
RESULT: {}
COMMAND: POST /session/1fa10dbe6cace0b0b57e1b97fc70a6c9/execute/sync - {"script":"<script> [92 bytes]","args":[]}
RESULT: {"script":"<script> [92 bytes]","args":[]}
COMMAND: POST /session/1fa10dbe6cace0b0b57e1b97fc70a6c9/actions - {"actions":[{"id":"action17","type":"wheel","parameters":{},"actions":[{"type":"scroll","x":-1888,"y":-24,"deltaX":0,"deltaY":0,"duration":0,"origin":{"element-6066-11e4-a52e-4f735466cecf":"f.0BA98F5D4C23DAB34A6BC0E7B973FCA4.d.B46E60D4A1BBF2CB8007993B4BF74AAE.e.5922"}}]}]}
COMMAND: GET /session/1fa10dbe6cace0b0b57e1b97fc70a6c9/screenshot - {}
RESULT: {}
COMMAND: POST /session/1fa10dbe6cace0b0b57e1b97fc70a6c9/execute/sync - {"script":"<script> [79 bytes]","args":[{"element-6066-11e4-a52e-4f735466cecf":"f.0BA98F5D4C23DAB34A6BC0E7B973FCA4.d.B46E60D4A1BBF2CB8007993B4BF74AAE.e.5922","ELEMENT":"f.0BA98F5D4C23DAB34A6BC0E7B973FCA4.d.B46E60D4A1BBF2CB8007993B4BF74AAE.e.5922"},{"block":"start","inline":"nearest"}]}
RESULT: {"script":"<script> [79 bytes]","args":[{"element-6066-11e4-a52e-4f735466cecf":"f.0BA98F5D4C23DAB34A6BC0E7B973FCA4.d.B46E60D4A1BBF2CB8007993B4BF74AAE.e.5922","ELEMENT":"f.0BA98F5D4C23DAB34A6BC0E7B973FCA4.d.B46E60D4A1BBF2CB8007993B4BF74AAE.e.5922"},{"block":"start","inline":"nearest"}]}
COMMAND: GET /session/1fa10dbe6cace0b0b57e1b97fc70a6c9/screenshot - {}
RESULT: {}
COMMAND: POST /session/1fa10dbe6cace0b0b57e1b97fc70a6c9/element/f.0BA98F5D4C23DAB34A6BC0E7B973FCA4.d.B46E60D4A1BBF2CB8007993B4BF74AAE.e.5922/click - {}
RESULT: {}
COMMAND: GET /session/1fa10dbe6cace0b0b57e1b97fc70a6c9/screenshot - {}
RESULT: {}
COMMAND: POST /session/1fa10dbe6cace0b0b57e1b97fc70a6c9/execute/async - {"script":"<script> [1562 bytes]","args":[{"selector":{"controlType":"sap.m.SearchField","properties":{"placeholder":"Search"},"searchOpenDialogs":true,"interaction":{"idSuffix":"I"}},"wdio_ui5_key":"sapm.SearchField{\"placeholder\":\"Search\"}"}]}
RESULT: {"script":"<script> [1562 bytes]","args":[{"selector":{"controlType":"sap.m.SearchField","properties":{"placeholder":"Search"},"searchOpenDialogs":true,"interaction":{"idSuffix":"I"}},"wdio_ui5_key":"sapm.SearchField{\"placeholder\":\"Search\"}"}]}
RESULT: undefined
COMMAND: POST /session/1fa10dbe6cace0b0b57e1b97fc70a6c9/execute/async - {"script":"<script> [776 bytes]","args":[{"enterText":"4000360","selector":{"controlType":"sap.m.SearchField","properties":{"placeholder":"Search"},"searchOpenDialogs":true,"interaction":{"idSuffix":"I"}},"clearTextFirst":true,"interactionType":"ENTER_TEXT"}]}
RESULT: {"script":"<script> [776 bytes]","args":[{"enterText":"4000360","selector":{"controlType":"sap.m.SearchField","properties":{"placeholder":"Search"},"searchOpenDialogs":true,"interaction":{"idSuffix":"I"}},"clearTextFirst":true,"interactionType":"ENTER_TEXT"}]}
COMMAND: POST /session/1fa10dbe6cace0b0b57e1b97fc70a6c9/actions - {"actions":[{"id":"action18","type":"key","parameters":{},"actions":[{"type":"keyDown","value":""},{"type":"pause","duration":10},{"type":"keyUp","value":""}]}]}
RESULT: {"actions":[{"id":"action18","type":"key","parameters":{},"actions":[{"type":"keyDown","value":""},{"type":"pause","duration":10},{"type":"keyUp","value":""}]}]}
COMMAND: GET /session/1fa10dbe6cace0b0b57e1b97fc70a6c9/screenshot - {}
RESULT: {}
COMMAND: POST /session/1fa10dbe6cace0b0b57e1b97fc70a6c9/element - {"using":"xpath","value":"//td/div/span[contains(text(), \"BGL Vehicles\")]"}
RESULT: {"using":"xpath","value":"//td/div/span[contains(text(), \"BGL Vehicles\")]"}
COMMAND: POST /session/1fa10dbe6cace0b0b57e1b97fc70a6c9/element/f.0BA98F5D4C23DAB34A6BC0E7B973FCA4.d.B46E60D4A1BBF2CB8007993B4BF74AAE.e.5944/click - {}
RESULT: {}
COMMAND: GET /session/1fa10dbe6cace0b0b57e1b97fc70a6c9/screenshot - {}
RESULT: {}
COMMAND: POST /session/1fa10dbe6cace0b0b57e1b97fc70a6c9/element - {"using":"xpath","value":"//bdi[contains(text(), \"OK\")]"}
RESULT: {"using":"xpath","value":"//bdi[contains(text(), \"OK\")]"}
COMMAND: POST /session/1fa10dbe6cace0b0b57e1b97fc70a6c9/element/f.0BA98F5D4C23DAB34A6BC0E7B973FCA4.d.B46E60D4A1BBF2CB8007993B4BF74AAE.e.5945/click - {}
RESULT: {}
COMMAND: GET /session/1fa10dbe6cace0b0b57e1b97fc70a6c9/screenshot - {}
RESULT: {}
COMMAND: POST /session/1fa10dbe6cace0b0b57e1b97fc70a6c9/element - {"using":"xpath","value":"//label[contains(@class, 'sapMLabelRequired') and .//bdi[contains(text(), 'Planned Retirement')]]"}
RESULT: {"using":"xpath","value":"//label[contains(@class, 'sapMLabelRequired') and .//bdi[contains(text(), 'Planned Retirement')]]"}
COMMAND: POST /session/1fa10dbe6cace0b0b57e1b97fc70a6c9/elements - {"using":"xpath","value":"//label[contains(@class, 'sapMLabelRequired') and .//bdi[contains(text(), 'Planned Retirement')]]"}
RESULT: {"using":"xpath","value":"//label[contains(@class, 'sapMLabelRequired') and .//bdi[contains(text(), 'Planned Retirement')]]"}
COMMAND: POST /session/1fa10dbe6cace0b0b57e1b97fc70a6c9/element - {"using":"xpath","value":"//button[@data-kt=\"resourceUnitSaveButton\"]"}
RESULT: {"using":"xpath","value":"//button[@data-kt=\"resourceUnitSaveButton\"]"}
COMMAND: POST /session/1fa10dbe6cace0b0b57e1b97fc70a6c9/element/f.0BA98F5D4C23DAB34A6BC0E7B973FCA4.d.B46E60D4A1BBF2CB8007993B4BF74AAE.e.5779/click - {}
RESULT: {}
COMMAND: GET /session/1fa10dbe6cace0b0b57e1b97fc70a6c9/screenshot - {}
RESULT: {}
COMMAND: POST /session/1fa10dbe6cace0b0b57e1b97fc70a6c9/element - {"using":"xpath","value":"//bdi[contains(text(), \"Close\")]"}
RESULT: {"using":"xpath","value":"//bdi[contains(text(), \"Close\")]"}
COMMAND: POST /session/1fa10dbe6cace0b0b57e1b97fc70a6c9/element/f.0BA98F5D4C23DAB34A6BC0E7B973FCA4.d.B46E60D4A1BBF2CB8007993B4BF74AAE.e.5952/click - {}
RESULT: {}
COMMAND: GET /session/1fa10dbe6cace0b0b57e1b97fc70a6c9/screenshot - {}
RESULT: {}
COMMAND: POST /session/1fa10dbe6cace0b0b57e1b97fc70a6c9/element - {"using":"xpath","value":"//header[contains(@id, 'detailRruPage-headerTitle')]/div[1]/div[2]/div[2]/span[1]"}
RESULT: {"using":"xpath","value":"//header[contains(@id, 'detailRruPage-headerTitle')]/div[1]/div[2]/div[2]/span[1]"}
COMMAND: POST /session/1fa10dbe6cace0b0b57e1b97fc70a6c9/elements - {"using":"xpath","value":"//header[contains(@id, 'detailRruPage-headerTitle')]/div[1]/div[2]/div[2]/span[1]"}
RESULT: {"using":"xpath","value":"//header[contains(@id, 'detailRruPage-headerTitle')]/div[1]/div[2]/div[2]/span[1]"}
COMMAND: POST /session/1fa10dbe6cace0b0b57e1b97fc70a6c9/execute/sync - {"script":"<script> [56 bytes]","args":[{"element-6066-11e4-a52e-4f735466cecf":"f.0BA98F5D4C23DAB34A6BC0E7B973FCA4.d.B46E60D4A1BBF2CB8007993B4BF74AAE.e.5979","ELEMENT":"f.0BA98F5D4C23DAB34A6BC0E7B973FCA4.d.B46E60D4A1BBF2CB8007993B4BF74AAE.e.5979"}]}
RESULT: {"script":"<script> [56 bytes]","args":[{"element-6066-11e4-a52e-4f735466cecf":"f.0BA98F5D4C23DAB34A6BC0E7B973FCA4.d.B46E60D4A1BBF2CB8007993B4BF74AAE.e.5979","ELEMENT":"f.0BA98F5D4C23DAB34A6BC0E7B973FCA4.d.B46E60D4A1BBF2CB8007993B4BF74AAE.e.5979"}]}
COMMAND: POST /session/1fa10dbe6cace0b0b57e1b97fc70a6c9/element - {"using":"css selector","value":"#shell-header-logo"}
COMMAND: GET /session/1fa10dbe6cace0b0b57e1b97fc70a6c9/screenshot - {}
RESULT: {"using":"css selector","value":"#shell-header-logo"}
COMMAND: POST /session/1fa10dbe6cace0b0b57e1b97fc70a6c9/element/f.0BA98F5D4C23DAB34A6BC0E7B973FCA4.d.B46E60D4A1BBF2CB8007993B4BF74AAE.e.5365/click - {}
RESULT: {}
RESULT: {}
COMMAND: GET /session/1fa10dbe6cace0b0b57e1b97fc70a6c9/screenshot - {}
RESULT: {}
]]></system-out>
    </testcase>
    <testcase classname="chrome.136_0_7103_93.windows.Create_masterdata_for_Yard_Overview_-_trigger_provide_US130988" name="Bin Status Report Should Create New Organization yard" time="82.392">
      <system-out><![CDATA[
COMMAND: POST /session/1fa10dbe6cace0b0b57e1b97fc70a6c9/execute/async - {"script":"<script> [1562 bytes]","args":[{"selector":{"controlType":"sap.m.GenericTile","properties":{"header":"Bin Status Report"}},"wdio_ui5_key":"sapm.GenericTile{\"header\":\"Bin Status Report\"}"}]}
RESULT: {"script":"<script> [1562 bytes]","args":[{"selector":{"controlType":"sap.m.GenericTile","properties":{"header":"Bin Status Report"}},"wdio_ui5_key":"sapm.GenericTile{\"header\":\"Bin Status Report\"}"}]}
RESULT: undefined
COMMAND: POST /session/1fa10dbe6cace0b0b57e1b97fc70a6c9/element - {"using":"xpath","value":"//*[@id=\"__tile104\"]"}
RESULT: {"using":"xpath","value":"//*[@id=\"__tile104\"]"}
COMMAND: POST /session/1fa10dbe6cace0b0b57e1b97fc70a6c9/element/f.0BA98F5D4C23DAB34A6BC0E7B973FCA4.d.B46E60D4A1BBF2CB8007993B4BF74AAE.e.5981/click - {}
RESULT: {}
COMMAND: GET /session/1fa10dbe6cace0b0b57e1b97fc70a6c9/screenshot - {}
RESULT: {}
COMMAND: POST /session/1fa10dbe6cace0b0b57e1b97fc70a6c9/elements - {"using":"xpath","value":"//span[text()='Error']"}
RESULT: {"using":"xpath","value":"//span[text()='Error']"}
COMMAND: POST /session/1fa10dbe6cace0b0b57e1b97fc70a6c9/element - {"using":"xpath","value":"//button[@id=\"application-binstatusreport-display-component---warehousing--createOrgBtn\"]"}
RESULT: {"using":"xpath","value":"//button[@id=\"application-binstatusreport-display-component---warehousing--createOrgBtn\"]"}
COMMAND: POST /session/1fa10dbe6cace0b0b57e1b97fc70a6c9/elements - {"using":"xpath","value":"//button[@id=\"application-binstatusreport-display-component---warehousing--createOrgBtn\"]"}
RESULT: {"using":"xpath","value":"//button[@id=\"application-binstatusreport-display-component---warehousing--createOrgBtn\"]"}
COMMAND: POST /session/1fa10dbe6cace0b0b57e1b97fc70a6c9/execute/sync - {"script":"<script> [8489 bytes]","args":[{"element-6066-11e4-a52e-4f735466cecf":"f.0BA98F5D4C23DAB34A6BC0E7B973FCA4.d.B46E60D4A1BBF2CB8007993B4BF74AAE.e.6041","ELEMENT":"f.0BA98F5D4C23DAB34A6BC0E7B973FCA4.d.B46E60D4A1BBF2CB8007993B4BF74AAE.e.6041"}]}
RESULT: {"script":"<script> [8489 bytes]","args":[{"element-6066-11e4-a52e-4f735466cecf":"f.0BA98F5D4C23DAB34A6BC0E7B973FCA4.d.B46E60D4A1BBF2CB8007993B4BF74AAE.e.6041","ELEMENT":"f.0BA98F5D4C23DAB34A6BC0E7B973FCA4.d.B46E60D4A1BBF2CB8007993B4BF74AAE.e.6041"}]}
COMMAND: GET /session/1fa10dbe6cace0b0b57e1b97fc70a6c9/element/f.0BA98F5D4C23DAB34A6BC0E7B973FCA4.d.B46E60D4A1BBF2CB8007993B4BF74AAE.e.6041/enabled - {}
COMMAND: GET /session/1fa10dbe6cace0b0b57e1b97fc70a6c9/screenshot - {}
RESULT: {}
COMMAND: POST /session/1fa10dbe6cace0b0b57e1b97fc70a6c9/execute/sync - {"script":"<script> [8489 bytes]","args":[{"element-6066-11e4-a52e-4f735466cecf":"f.0BA98F5D4C23DAB34A6BC0E7B973FCA4.d.B46E60D4A1BBF2CB8007993B4BF74AAE.e.6041","ELEMENT":"f.0BA98F5D4C23DAB34A6BC0E7B973FCA4.d.B46E60D4A1BBF2CB8007993B4BF74AAE.e.6041"}]}
COMMAND: GET /session/1fa10dbe6cace0b0b57e1b97fc70a6c9/screenshot - {}
RESULT: {}
RESULT: {"script":"<script> [8489 bytes]","args":[{"element-6066-11e4-a52e-4f735466cecf":"f.0BA98F5D4C23DAB34A6BC0E7B973FCA4.d.B46E60D4A1BBF2CB8007993B4BF74AAE.e.6041","ELEMENT":"f.0BA98F5D4C23DAB34A6BC0E7B973FCA4.d.B46E60D4A1BBF2CB8007993B4BF74AAE.e.6041"}]}
COMMAND: POST /session/1fa10dbe6cace0b0b57e1b97fc70a6c9/execute/sync - {"script":"<script> [5351 bytes]","args":[{"element-6066-11e4-a52e-4f735466cecf":"f.0BA98F5D4C23DAB34A6BC0E7B973FCA4.d.B46E60D4A1BBF2CB8007993B4BF74AAE.e.6041","ELEMENT":"f.0BA98F5D4C23DAB34A6BC0E7B973FCA4.d.B46E60D4A1BBF2CB8007993B4BF74AAE.e.6041"}]}
COMMAND: GET /session/1fa10dbe6cace0b0b57e1b97fc70a6c9/screenshot - {}
RESULT: {}
RESULT: {"script":"<script> [5351 bytes]","args":[{"element-6066-11e4-a52e-4f735466cecf":"f.0BA98F5D4C23DAB34A6BC0E7B973FCA4.d.B46E60D4A1BBF2CB8007993B4BF74AAE.e.6041","ELEMENT":"f.0BA98F5D4C23DAB34A6BC0E7B973FCA4.d.B46E60D4A1BBF2CB8007993B4BF74AAE.e.6041"}]}
COMMAND: GET /session/1fa10dbe6cace0b0b57e1b97fc70a6c9/screenshot - {}
RESULT: {}
RESULT: {}
COMMAND: POST /session/1fa10dbe6cace0b0b57e1b97fc70a6c9/element/f.0BA98F5D4C23DAB34A6BC0E7B973FCA4.d.B46E60D4A1BBF2CB8007993B4BF74AAE.e.6041/click - {}
RESULT: {}
COMMAND: GET /session/1fa10dbe6cace0b0b57e1b97fc70a6c9/screenshot - {}
RESULT: {}
COMMAND: POST /session/1fa10dbe6cace0b0b57e1b97fc70a6c9/execute/async - {"script":"<script> [1562 bytes]","args":[{"selector":{"id":"createOrganizationPop--sectionInput","searchOpenDialogs":true,"interaction":{"idSuffix":"inner"}},"wdio_ui5_key":"createOrganizationPopsectionInput"}]}
RESULT: {"script":"<script> [1562 bytes]","args":[{"selector":{"id":"createOrganizationPop--sectionInput","searchOpenDialogs":true,"interaction":{"idSuffix":"inner"}},"wdio_ui5_key":"createOrganizationPopsectionInput"}]}
RESULT: undefined
COMMAND: POST /session/1fa10dbe6cace0b0b57e1b97fc70a6c9/execute/async - {"script":"<script> [776 bytes]","args":[{"enterText":"WDIO-426","selector":{"id":"createOrganizationPop--sectionInput","searchOpenDialogs":true,"interaction":{"idSuffix":"inner"}},"clearTextFirst":true,"interactionType":"ENTER_TEXT"}]}
RESULT: {"script":"<script> [776 bytes]","args":[{"enterText":"WDIO-426","selector":{"id":"createOrganizationPop--sectionInput","searchOpenDialogs":true,"interaction":{"idSuffix":"inner"}},"clearTextFirst":true,"interactionType":"ENTER_TEXT"}]}
COMMAND: POST /session/1fa10dbe6cace0b0b57e1b97fc70a6c9/execute/async - {"script":"<script> [1562 bytes]","args":[{"selector":{"id":"createOrganizationPop--descriptionInput","searchOpenDialogs":true,"interaction":{"idSuffix":"inner"}},"wdio_ui5_key":"createOrganizationPopdescriptionInput"}]}
RESULT: {"script":"<script> [1562 bytes]","args":[{"selector":{"id":"createOrganizationPop--descriptionInput","searchOpenDialogs":true,"interaction":{"idSuffix":"inner"}},"wdio_ui5_key":"createOrganizationPopdescriptionInput"}]}
RESULT: undefined
COMMAND: POST /session/1fa10dbe6cace0b0b57e1b97fc70a6c9/execute/async - {"script":"<script> [776 bytes]","args":[{"enterText":"Shipping-426","selector":{"id":"createOrganizationPop--descriptionInput","searchOpenDialogs":true,"interaction":{"idSuffix":"inner"}},"clearTextFirst":true,"interactionType":"ENTER_TEXT"}]}
RESULT: {"script":"<script> [776 bytes]","args":[{"enterText":"Shipping-426","selector":{"id":"createOrganizationPop--descriptionInput","searchOpenDialogs":true,"interaction":{"idSuffix":"inner"}},"clearTextFirst":true,"interactionType":"ENTER_TEXT"}]}
COMMAND: POST /session/1fa10dbe6cace0b0b57e1b97fc70a6c9/element - {"using":"css selector","value":"#createOrganizationPop--yardOrg-inner"}
RESULT: {"using":"css selector","value":"#createOrganizationPop--yardOrg-inner"}
COMMAND: POST /session/1fa10dbe6cace0b0b57e1b97fc70a6c9/element/f.0BA98F5D4C23DAB34A6BC0E7B973FCA4.d.B46E60D4A1BBF2CB8007993B4BF74AAE.e.6078/clear - {}
RESULT: {}
COMMAND: POST /session/1fa10dbe6cace0b0b57e1b97fc70a6c9/element/f.0BA98F5D4C23DAB34A6BC0E7B973FCA4.d.B46E60D4A1BBF2CB8007993B4BF74AAE.e.6078/value - {"text":"426"}
COMMAND: GET /session/1fa10dbe6cace0b0b57e1b97fc70a6c9/screenshot - {}
RESULT: {"text":"426"}
COMMAND: GET /session/1fa10dbe6cace0b0b57e1b97fc70a6c9/screenshot - {}
RESULT: {}
RESULT: {}
COMMAND: POST /session/1fa10dbe6cace0b0b57e1b97fc70a6c9/actions - {"actions":[{"id":"action19","type":"key","parameters":{},"actions":[{"type":"keyDown","value":""},{"type":"pause","duration":10},{"type":"keyUp","value":""}]}]}
RESULT: {"actions":[{"id":"action19","type":"key","parameters":{},"actions":[{"type":"keyDown","value":""},{"type":"pause","duration":10},{"type":"keyUp","value":""}]}]}
COMMAND: POST /session/1fa10dbe6cace0b0b57e1b97fc70a6c9/execute/async - {"script":"<script> [1562 bytes]","args":[{"selector":{"id":"createOrganizationPop--grZone","searchOpenDialogs":true,"interaction":{"idSuffix":"CbBg"}},"wdio_ui5_key":"createOrganizationPopgrZone"}]}
COMMAND: GET /session/1fa10dbe6cace0b0b57e1b97fc70a6c9/screenshot - {}
RESULT: {"script":"<script> [1562 bytes]","args":[{"selector":{"id":"createOrganizationPop--grZone","searchOpenDialogs":true,"interaction":{"idSuffix":"CbBg"}},"wdio_ui5_key":"createOrganizationPopgrZone"}]}
RESULT: undefined
COMMAND: POST /session/1fa10dbe6cace0b0b57e1b97fc70a6c9/element - {"using":"xpath","value":"//*[@id=\"createOrganizationPop--grZone\"]"}
RESULT: {}
RESULT: {"using":"xpath","value":"//*[@id=\"createOrganizationPop--grZone\"]"}
COMMAND: POST /session/1fa10dbe6cace0b0b57e1b97fc70a6c9/element/f.0BA98F5D4C23DAB34A6BC0E7B973FCA4.d.B46E60D4A1BBF2CB8007993B4BF74AAE.e.6100/click - {}
RESULT: {}
COMMAND: GET /session/1fa10dbe6cace0b0b57e1b97fc70a6c9/screenshot - {}
RESULT: {}
COMMAND: POST /session/1fa10dbe6cace0b0b57e1b97fc70a6c9/execute/async - {"script":"<script> [1562 bytes]","args":[{"selector":{"id":"createOrganizationPop--giZone","searchOpenDialogs":true,"interaction":{"idSuffix":"CbBg"}},"wdio_ui5_key":"createOrganizationPopgiZone"}]}
RESULT: {"script":"<script> [1562 bytes]","args":[{"selector":{"id":"createOrganizationPop--giZone","searchOpenDialogs":true,"interaction":{"idSuffix":"CbBg"}},"wdio_ui5_key":"createOrganizationPopgiZone"}]}
RESULT: undefined
COMMAND: POST /session/1fa10dbe6cace0b0b57e1b97fc70a6c9/element - {"using":"xpath","value":"//*[@id=\"createOrganizationPop--giZone\"]"}
RESULT: {"using":"xpath","value":"//*[@id=\"createOrganizationPop--giZone\"]"}
COMMAND: POST /session/1fa10dbe6cace0b0b57e1b97fc70a6c9/element/f.0BA98F5D4C23DAB34A6BC0E7B973FCA4.d.B46E60D4A1BBF2CB8007993B4BF74AAE.e.6102/click - {}
RESULT: {}
COMMAND: GET /session/1fa10dbe6cace0b0b57e1b97fc70a6c9/screenshot - {}
RESULT: {}
COMMAND: POST /session/1fa10dbe6cace0b0b57e1b97fc70a6c9/execute/async - {"script":"<script> [1562 bytes]","args":[{"selector":{"id":"createOrganizationPop--binNoInput","searchOpenDialogs":true,"interaction":{"idSuffix":"inner"}},"wdio_ui5_key":"createOrganizationPopbinNoInput"}]}
RESULT: {"script":"<script> [1562 bytes]","args":[{"selector":{"id":"createOrganizationPop--binNoInput","searchOpenDialogs":true,"interaction":{"idSuffix":"inner"}},"wdio_ui5_key":"createOrganizationPopbinNoInput"}]}
RESULT: undefined
COMMAND: POST /session/1fa10dbe6cace0b0b57e1b97fc70a6c9/execute/async - {"script":"<script> [776 bytes]","args":[{"enterText":"Bin-Wd","selector":{"id":"createOrganizationPop--binNoInput","searchOpenDialogs":true,"interaction":{"idSuffix":"inner"}},"clearTextFirst":true,"interactionType":"ENTER_TEXT"}]}
RESULT: {"script":"<script> [776 bytes]","args":[{"enterText":"Bin-Wd","selector":{"id":"createOrganizationPop--binNoInput","searchOpenDialogs":true,"interaction":{"idSuffix":"inner"}},"clearTextFirst":true,"interactionType":"ENTER_TEXT"}]}
COMMAND: POST /session/1fa10dbe6cace0b0b57e1b97fc70a6c9/execute/async - {"script":"<script> [1562 bytes]","args":[{"selector":{"id":"createOrganizationPop--descriptionId","searchOpenDialogs":true,"interaction":{"idSuffix":"inner"}},"wdio_ui5_key":"createOrganizationPopdescriptionId"}]}
RESULT: {"script":"<script> [1562 bytes]","args":[{"selector":{"id":"createOrganizationPop--descriptionId","searchOpenDialogs":true,"interaction":{"idSuffix":"inner"}},"wdio_ui5_key":"createOrganizationPopdescriptionId"}]}
RESULT: undefined
COMMAND: POST /session/1fa10dbe6cace0b0b57e1b97fc70a6c9/execute/async - {"script":"<script> [776 bytes]","args":[{"enterText":"Shipping-Wd","selector":{"id":"createOrganizationPop--descriptionId","searchOpenDialogs":true,"interaction":{"idSuffix":"inner"}},"clearTextFirst":true,"interactionType":"ENTER_TEXT"}]}
RESULT: {"script":"<script> [776 bytes]","args":[{"enterText":"Shipping-Wd","selector":{"id":"createOrganizationPop--descriptionId","searchOpenDialogs":true,"interaction":{"idSuffix":"inner"}},"clearTextFirst":true,"interactionType":"ENTER_TEXT"}]}
COMMAND: POST /session/1fa10dbe6cace0b0b57e1b97fc70a6c9/execute/async - {"script":"<script> [1562 bytes]","args":[{"selector":{"controlType":"sap.m.CheckBox","viewName":"etm.portal.ui.binstatusreport.view.MasterWareBins","viewId":"application-binstatusreport-display-component---warehousing","bindingPath":{"path":"","propertyPath":"/ZONE","modelName":"newBin"},"searchOpenDialogs":true,"interaction":{"idSuffix":"CbBg"}},"wdio_ui5_key":"etmportal.ui.binstatusreport.view.MasterWareBinssap.m.CheckBox{\"path\":\"\",\"propertyPath\":\"/ZONE\",\"modelName\":\"newBin\"}"}]}
RESULT: {"script":"<script> [1562 bytes]","args":[{"selector":{"controlType":"sap.m.CheckBox","viewName":"etm.portal.ui.binstatusreport.view.MasterWareBins","viewId":"application-binstatusreport-display-component---warehousing","bindingPath":{"path":"","propertyPath":"/ZONE","modelName":"newBin"},"searchOpenDialogs":true,"interaction":{"idSuffix":"CbBg"}},"wdio_ui5_key":"etmportal.ui.binstatusreport.view.MasterWareBinssap.m.CheckBox{\"path\":\"\",\"propertyPath\":\"/ZONE\",\"modelName\":\"newBin\"}"}]}
RESULT: undefined
COMMAND: POST /session/1fa10dbe6cace0b0b57e1b97fc70a6c9/element - {"using":"xpath","value":"//*[@id=\"__box16\"]"}
RESULT: {"using":"xpath","value":"//*[@id=\"__box16\"]"}
COMMAND: POST /session/1fa10dbe6cace0b0b57e1b97fc70a6c9/element/f.0BA98F5D4C23DAB34A6BC0E7B973FCA4.d.B46E60D4A1BBF2CB8007993B4BF74AAE.e.6120/click - {}
RESULT: {}
COMMAND: GET /session/1fa10dbe6cace0b0b57e1b97fc70a6c9/screenshot - {}
RESULT: {}
COMMAND: POST /session/1fa10dbe6cace0b0b57e1b97fc70a6c9/execute/async - {"script":"<script> [1562 bytes]","args":[{"selector":{"id":"createOrganizationPop--binTypesCB","searchOpenDialogs":true,"interaction":{"idSuffix":"inner"}},"wdio_ui5_key":"createOrganizationPopbinTypesCB"}]}
RESULT: {"script":"<script> [1562 bytes]","args":[{"selector":{"id":"createOrganizationPop--binTypesCB","searchOpenDialogs":true,"interaction":{"idSuffix":"inner"}},"wdio_ui5_key":"createOrganizationPopbinTypesCB"}]}
RESULT: undefined
COMMAND: POST /session/1fa10dbe6cace0b0b57e1b97fc70a6c9/execute/async - {"script":"<script> [776 bytes]","args":[{"enterText":"1 - General / No capacity check","selector":{"id":"createOrganizationPop--binTypesCB","searchOpenDialogs":true,"interaction":{"idSuffix":"inner"}},"clearTextFirst":true,"interactionType":"ENTER_TEXT"}]}
RESULT: {"script":"<script> [776 bytes]","args":[{"enterText":"1 - General / No capacity check","selector":{"id":"createOrganizationPop--binTypesCB","searchOpenDialogs":true,"interaction":{"idSuffix":"inner"}},"clearTextFirst":true,"interactionType":"ENTER_TEXT"}]}
COMMAND: POST /session/1fa10dbe6cace0b0b57e1b97fc70a6c9/actions - {"actions":[{"id":"action20","type":"key","parameters":{},"actions":[{"type":"keyDown","value":""},{"type":"pause","duration":10},{"type":"keyUp","value":""}]}]}
RESULT: {"actions":[{"id":"action20","type":"key","parameters":{},"actions":[{"type":"keyDown","value":""},{"type":"pause","duration":10},{"type":"keyUp","value":""}]}]}
COMMAND: GET /session/1fa10dbe6cace0b0b57e1b97fc70a6c9/screenshot - {}
RESULT: {}
COMMAND: POST /session/1fa10dbe6cace0b0b57e1b97fc70a6c9/execute/async - {"script":"<script> [1562 bytes]","args":[{"selector":{"id":"createOrganizationPop--finishBtn","searchOpenDialogs":true,"interaction":{"idSuffix":"BDI-content"}},"wdio_ui5_key":"createOrganizationPopfinishBtn"}]}
RESULT: {"script":"<script> [1562 bytes]","args":[{"selector":{"id":"createOrganizationPop--finishBtn","searchOpenDialogs":true,"interaction":{"idSuffix":"BDI-content"}},"wdio_ui5_key":"createOrganizationPopfinishBtn"}]}
RESULT: undefined
COMMAND: POST /session/1fa10dbe6cace0b0b57e1b97fc70a6c9/element - {"using":"xpath","value":"//*[@id=\"createOrganizationPop--finishBtn\"]"}
RESULT: {"using":"xpath","value":"//*[@id=\"createOrganizationPop--finishBtn\"]"}
COMMAND: POST /session/1fa10dbe6cace0b0b57e1b97fc70a6c9/element/f.0BA98F5D4C23DAB34A6BC0E7B973FCA4.d.B46E60D4A1BBF2CB8007993B4BF74AAE.e.6134/click - {}
RESULT: {}
COMMAND: GET /session/1fa10dbe6cace0b0b57e1b97fc70a6c9/screenshot - {}
RESULT: {}
COMMAND: POST /session/1fa10dbe6cace0b0b57e1b97fc70a6c9/element - {"using":"css selector","value":"#shell-header-logo"}
RESULT: {"using":"css selector","value":"#shell-header-logo"}
COMMAND: POST /session/1fa10dbe6cace0b0b57e1b97fc70a6c9/element/f.0BA98F5D4C23DAB34A6BC0E7B973FCA4.d.B46E60D4A1BBF2CB8007993B4BF74AAE.e.5987/click - {}
RESULT: {}
COMMAND: GET /session/1fa10dbe6cace0b0b57e1b97fc70a6c9/screenshot - {}
RESULT: {}
]]></system-out>
    </testcase>
    <testcase classname="chrome.136_0_7103_93.windows.Create_masterdata_for_Yard_Overview_-_trigger_provide_US130988" name="Should do a stock increase handover" time="87.511">
      <system-out><![CDATA[
COMMAND: POST /session/1fa10dbe6cace0b0b57e1b97fc70a6c9/execute/async - {"script":"<script> [1562 bytes]","args":[{"selector":{"controlType":"sap.m.GenericTile","properties":{"header":"Manage Handovers"}},"wdio_ui5_key":"sapm.GenericTile{\"header\":\"Manage Handovers\"}"}]}
RESULT: {"script":"<script> [1562 bytes]","args":[{"selector":{"controlType":"sap.m.GenericTile","properties":{"header":"Manage Handovers"}},"wdio_ui5_key":"sapm.GenericTile{\"header\":\"Manage Handovers\"}"}]}
RESULT: undefined
COMMAND: POST /session/1fa10dbe6cace0b0b57e1b97fc70a6c9/element - {"using":"xpath","value":"//*[@id=\"__tile132\"]"}
RESULT: {"using":"xpath","value":"//*[@id=\"__tile132\"]"}
COMMAND: POST /session/1fa10dbe6cace0b0b57e1b97fc70a6c9/element/f.0BA98F5D4C23DAB34A6BC0E7B973FCA4.d.B46E60D4A1BBF2CB8007993B4BF74AAE.e.5315/click - {}
RESULT: {}
COMMAND: GET /session/1fa10dbe6cace0b0b57e1b97fc70a6c9/screenshot - {}
RESULT: {}
COMMAND: POST /session/1fa10dbe6cace0b0b57e1b97fc70a6c9/elements - {"using":"xpath","value":"//span[text()='Error']"}
RESULT: {"using":"xpath","value":"//span[text()='Error']"}
COMMAND: POST /session/1fa10dbe6cace0b0b57e1b97fc70a6c9/element - {"using":"xpath","value":"//button[@data-kt=\"masterHOAddButton\"]"}
RESULT: {"using":"xpath","value":"//button[@data-kt=\"masterHOAddButton\"]"}
COMMAND: POST /session/1fa10dbe6cace0b0b57e1b97fc70a6c9/elements - {"using":"xpath","value":"//button[@data-kt=\"masterHOAddButton\"]"}
RESULT: {"using":"xpath","value":"//button[@data-kt=\"masterHOAddButton\"]"}
COMMAND: POST /session/1fa10dbe6cace0b0b57e1b97fc70a6c9/execute/sync - {"script":"<script> [8489 bytes]","args":[{"element-6066-11e4-a52e-4f735466cecf":"f.0BA98F5D4C23DAB34A6BC0E7B973FCA4.d.B46E60D4A1BBF2CB8007993B4BF74AAE.e.6181","ELEMENT":"f.0BA98F5D4C23DAB34A6BC0E7B973FCA4.d.B46E60D4A1BBF2CB8007993B4BF74AAE.e.6181"}]}
RESULT: {"script":"<script> [8489 bytes]","args":[{"element-6066-11e4-a52e-4f735466cecf":"f.0BA98F5D4C23DAB34A6BC0E7B973FCA4.d.B46E60D4A1BBF2CB8007993B4BF74AAE.e.6181","ELEMENT":"f.0BA98F5D4C23DAB34A6BC0E7B973FCA4.d.B46E60D4A1BBF2CB8007993B4BF74AAE.e.6181"}]}
COMMAND: GET /session/1fa10dbe6cace0b0b57e1b97fc70a6c9/element/f.0BA98F5D4C23DAB34A6BC0E7B973FCA4.d.B46E60D4A1BBF2CB8007993B4BF74AAE.e.6181/enabled - {}
COMMAND: GET /session/1fa10dbe6cace0b0b57e1b97fc70a6c9/screenshot - {}
RESULT: {}
COMMAND: POST /session/1fa10dbe6cace0b0b57e1b97fc70a6c9/execute/sync - {"script":"<script> [8489 bytes]","args":[{"element-6066-11e4-a52e-4f735466cecf":"f.0BA98F5D4C23DAB34A6BC0E7B973FCA4.d.B46E60D4A1BBF2CB8007993B4BF74AAE.e.6181","ELEMENT":"f.0BA98F5D4C23DAB34A6BC0E7B973FCA4.d.B46E60D4A1BBF2CB8007993B4BF74AAE.e.6181"}]}
COMMAND: GET /session/1fa10dbe6cace0b0b57e1b97fc70a6c9/screenshot - {}
RESULT: {}
RESULT: {"script":"<script> [8489 bytes]","args":[{"element-6066-11e4-a52e-4f735466cecf":"f.0BA98F5D4C23DAB34A6BC0E7B973FCA4.d.B46E60D4A1BBF2CB8007993B4BF74AAE.e.6181","ELEMENT":"f.0BA98F5D4C23DAB34A6BC0E7B973FCA4.d.B46E60D4A1BBF2CB8007993B4BF74AAE.e.6181"}]}
COMMAND: POST /session/1fa10dbe6cace0b0b57e1b97fc70a6c9/execute/sync - {"script":"<script> [5351 bytes]","args":[{"element-6066-11e4-a52e-4f735466cecf":"f.0BA98F5D4C23DAB34A6BC0E7B973FCA4.d.B46E60D4A1BBF2CB8007993B4BF74AAE.e.6181","ELEMENT":"f.0BA98F5D4C23DAB34A6BC0E7B973FCA4.d.B46E60D4A1BBF2CB8007993B4BF74AAE.e.6181"}]}
COMMAND: GET /session/1fa10dbe6cace0b0b57e1b97fc70a6c9/screenshot - {}
RESULT: {}
RESULT: {"script":"<script> [5351 bytes]","args":[{"element-6066-11e4-a52e-4f735466cecf":"f.0BA98F5D4C23DAB34A6BC0E7B973FCA4.d.B46E60D4A1BBF2CB8007993B4BF74AAE.e.6181","ELEMENT":"f.0BA98F5D4C23DAB34A6BC0E7B973FCA4.d.B46E60D4A1BBF2CB8007993B4BF74AAE.e.6181"}]}
COMMAND: POST /session/1fa10dbe6cace0b0b57e1b97fc70a6c9/element/f.0BA98F5D4C23DAB34A6BC0E7B973FCA4.d.B46E60D4A1BBF2CB8007993B4BF74AAE.e.6181/click - {}
COMMAND: GET /session/1fa10dbe6cace0b0b57e1b97fc70a6c9/screenshot - {}
RESULT: {}
RESULT: {}
COMMAND: GET /session/1fa10dbe6cace0b0b57e1b97fc70a6c9/screenshot - {}
RESULT: {}
COMMAND: POST /session/1fa10dbe6cace0b0b57e1b97fc70a6c9/element - {"using":"xpath","value":"//span[contains(@id ,\"AddNewHO--typeSelect-arrow\")]"}
RESULT: {}
RESULT: {"using":"xpath","value":"//span[contains(@id ,\"AddNewHO--typeSelect-arrow\")]"}
COMMAND: POST /session/1fa10dbe6cace0b0b57e1b97fc70a6c9/element/f.0BA98F5D4C23DAB34A6BC0E7B973FCA4.d.B46E60D4A1BBF2CB8007993B4BF74AAE.e.6542/click - {}
RESULT: {}
COMMAND: GET /session/1fa10dbe6cace0b0b57e1b97fc70a6c9/screenshot - {}
RESULT: {}
COMMAND: POST /session/1fa10dbe6cace0b0b57e1b97fc70a6c9/element - {"using":"xpath","value":"(//li[contains(text(), \"stock increase yard\")])[1]"}
RESULT: {"using":"xpath","value":"(//li[contains(text(), \"stock increase yard\")])[1]"}
COMMAND: POST /session/1fa10dbe6cace0b0b57e1b97fc70a6c9/element/f.0BA98F5D4C23DAB34A6BC0E7B973FCA4.d.B46E60D4A1BBF2CB8007993B4BF74AAE.e.6543/click - {}
RESULT: {}
COMMAND: GET /session/1fa10dbe6cace0b0b57e1b97fc70a6c9/screenshot - {}
RESULT: {}
COMMAND: POST /session/1fa10dbe6cace0b0b57e1b97fc70a6c9/execute/async - {"script":"<script> [1562 bytes]","args":[{"selector":{"id":"application-managehandovers-display-component---AddNewHO--dueDate","interaction":{"idSuffix":"inner"}},"wdio_ui5_key":"applicationmanagehandovers-display-component---AddNewHO--dueDate"}]}
RESULT: {"script":"<script> [1562 bytes]","args":[{"selector":{"id":"application-managehandovers-display-component---AddNewHO--dueDate","interaction":{"idSuffix":"inner"}},"wdio_ui5_key":"applicationmanagehandovers-display-component---AddNewHO--dueDate"}]}
RESULT: undefined
COMMAND: POST /session/1fa10dbe6cace0b0b57e1b97fc70a6c9/execute/async - {"script":"<script> [6424 bytes]","args":[{"element-6066-11e4-a52e-4f735466cecf":"f.0BA98F5D4C23DAB34A6BC0E7B973FCA4.d.B46E60D4A1BBF2CB8007993B4BF74AAE.e.6545"},"setValue",["5/28/25"]]}
RESULT: {"script":"<script> [6424 bytes]","args":[{"element-6066-11e4-a52e-4f735466cecf":"f.0BA98F5D4C23DAB34A6BC0E7B973FCA4.d.B46E60D4A1BBF2CB8007993B4BF74AAE.e.6545"},"setValue",["5/28/25"]]}
COMMAND: POST /session/1fa10dbe6cace0b0b57e1b97fc70a6c9/element - {"using":"xpath","value":"//input[@id=\"generalSectionFrg--receiveYard-inner\"]"}
RESULT: {"using":"xpath","value":"//input[@id=\"generalSectionFrg--receiveYard-inner\"]"}
COMMAND: POST /session/1fa10dbe6cace0b0b57e1b97fc70a6c9/element/f.0BA98F5D4C23DAB34A6BC0E7B973FCA4.d.B46E60D4A1BBF2CB8007993B4BF74AAE.e.6551/clear - {}
RESULT: {}
COMMAND: POST /session/1fa10dbe6cace0b0b57e1b97fc70a6c9/element/f.0BA98F5D4C23DAB34A6BC0E7B973FCA4.d.B46E60D4A1BBF2CB8007993B4BF74AAE.e.6551/value - {"text":"426"}
COMMAND: GET /session/1fa10dbe6cace0b0b57e1b97fc70a6c9/screenshot - {}
RESULT: {"text":"426"}
COMMAND: GET /session/1fa10dbe6cace0b0b57e1b97fc70a6c9/screenshot - {}
RESULT: {}
RESULT: {}
COMMAND: POST /session/1fa10dbe6cace0b0b57e1b97fc70a6c9/element - {"using":"xpath","value":"//li[.//span[text()='426']]"}
RESULT: {"using":"xpath","value":"//li[.//span[text()='426']]"}
COMMAND: POST /session/1fa10dbe6cace0b0b57e1b97fc70a6c9/element/f.0BA98F5D4C23DAB34A6BC0E7B973FCA4.d.B46E60D4A1BBF2CB8007993B4BF74AAE.e.6569/click - {}
RESULT: {}
COMMAND: GET /session/1fa10dbe6cace0b0b57e1b97fc70a6c9/screenshot - {}
RESULT: {}
COMMAND: POST /session/1fa10dbe6cace0b0b57e1b97fc70a6c9/execute/async - {"script":"<script> [1562 bytes]","args":[{"selector":{"id":"application-managehandovers-display-component---AddNewHO--ObjectPageLayout-anchBar-application-managehandovers-display-component---AddNewHO--section4-anchor","interaction":{"idSuffix":"BDI-content"}},"wdio_ui5_key":"applicationmanagehandovers-display-component---AddNewHO--ObjectPageLayout-anchBar-application-managehandovers-display-component---AddNewHO--section4-anchor"}]}
RESULT: {"script":"<script> [1562 bytes]","args":[{"selector":{"id":"application-managehandovers-display-component---AddNewHO--ObjectPageLayout-anchBar-application-managehandovers-display-component---AddNewHO--section4-anchor","interaction":{"idSuffix":"BDI-content"}},"wdio_ui5_key":"applicationmanagehandovers-display-component---AddNewHO--ObjectPageLayout-anchBar-application-managehandovers-display-component---AddNewHO--section4-anchor"}]}
RESULT: undefined
COMMAND: POST /session/1fa10dbe6cace0b0b57e1b97fc70a6c9/element - {"using":"xpath","value":"//*[@id=\"application-managehandovers-display-component---AddNewHO--ObjectPageLayout-anchBar-application-managehandovers-display-component---AddNewHO--section4-anchor\"]"}
RESULT: {"using":"xpath","value":"//*[@id=\"application-managehandovers-display-component---AddNewHO--ObjectPageLayout-anchBar-application-managehandovers-display-component---AddNewHO--section4-anchor\"]"}
COMMAND: POST /session/1fa10dbe6cace0b0b57e1b97fc70a6c9/element/f.0BA98F5D4C23DAB34A6BC0E7B973FCA4.d.B46E60D4A1BBF2CB8007993B4BF74AAE.e.6571/click - {}
RESULT: {}
COMMAND: POST /session/1fa10dbe6cace0b0b57e1b97fc70a6c9/element - {"using":"xpath","value":"//button[@aria-label=\"Add\"]"}
COMMAND: GET /session/1fa10dbe6cace0b0b57e1b97fc70a6c9/screenshot - {}
RESULT: {"using":"xpath","value":"//button[@aria-label=\"Add\"]"}
COMMAND: POST /session/1fa10dbe6cace0b0b57e1b97fc70a6c9/element/f.0BA98F5D4C23DAB34A6BC0E7B973FCA4.d.B46E60D4A1BBF2CB8007993B4BF74AAE.e.6573/click - {}
RESULT: {}
RESULT: {}
COMMAND: GET /session/1fa10dbe6cace0b0b57e1b97fc70a6c9/screenshot - {}
RESULT: {}
COMMAND: POST /session/1fa10dbe6cace0b0b57e1b97fc70a6c9/execute/async - {"script":"<script> [1562 bytes]","args":[{"selector":{"id":"application-managehandovers-display-component---AddNewHO--smartFilterBar-btnBasicSearch","searchOpenDialogs":true,"interaction":{"idSuffix":"I"}},"wdio_ui5_key":"applicationmanagehandovers-display-component---AddNewHO--smartFilterBar-btnBasicSearch"}]}
RESULT: {"script":"<script> [1562 bytes]","args":[{"selector":{"id":"application-managehandovers-display-component---AddNewHO--smartFilterBar-btnBasicSearch","searchOpenDialogs":true,"interaction":{"idSuffix":"I"}},"wdio_ui5_key":"applicationmanagehandovers-display-component---AddNewHO--smartFilterBar-btnBasicSearch"}]}
RESULT: undefined
COMMAND: POST /session/1fa10dbe6cace0b0b57e1b97fc70a6c9/execute/async - {"script":"<script> [776 bytes]","args":[{"enterText":"200237","selector":{"id":"application-managehandovers-display-component---AddNewHO--smartFilterBar-btnBasicSearch","searchOpenDialogs":true,"interaction":{"idSuffix":"I"}},"clearTextFirst":true,"interactionType":"ENTER_TEXT"}]}
RESULT: {"script":"<script> [776 bytes]","args":[{"enterText":"200237","selector":{"id":"application-managehandovers-display-component---AddNewHO--smartFilterBar-btnBasicSearch","searchOpenDialogs":true,"interaction":{"idSuffix":"I"}},"clearTextFirst":true,"interactionType":"ENTER_TEXT"}]}
COMMAND: POST /session/1fa10dbe6cace0b0b57e1b97fc70a6c9/actions - {"actions":[{"id":"action21","type":"key","parameters":{},"actions":[{"type":"keyDown","value":""},{"type":"pause","duration":10},{"type":"keyUp","value":""}]}]}
RESULT: {"actions":[{"id":"action21","type":"key","parameters":{},"actions":[{"type":"keyDown","value":""},{"type":"pause","duration":10},{"type":"keyUp","value":""}]}]}
COMMAND: GET /session/1fa10dbe6cace0b0b57e1b97fc70a6c9/screenshot - {}
RESULT: {}
COMMAND: POST /session/1fa10dbe6cace0b0b57e1b97fc70a6c9/execute/async - {"script":"<script> [1562 bytes]","args":[{"selector":{"id":"application-managehandovers-display-component---AddNewHO--popup-sa","searchOpenDialogs":true,"interaction":{"idSuffix":"CbBg"}},"wdio_ui5_key":"applicationmanagehandovers-display-component---AddNewHO--popup-sa"}]}
RESULT: {"script":"<script> [1562 bytes]","args":[{"selector":{"id":"application-managehandovers-display-component---AddNewHO--popup-sa","searchOpenDialogs":true,"interaction":{"idSuffix":"CbBg"}},"wdio_ui5_key":"applicationmanagehandovers-display-component---AddNewHO--popup-sa"}]}
RESULT: undefined
COMMAND: POST /session/1fa10dbe6cace0b0b57e1b97fc70a6c9/element - {"using":"xpath","value":"//*[@id=\"application-managehandovers-display-component---AddNewHO--popup-sa\"]"}
RESULT: {"using":"xpath","value":"//*[@id=\"application-managehandovers-display-component---AddNewHO--popup-sa\"]"}
COMMAND: POST /session/1fa10dbe6cace0b0b57e1b97fc70a6c9/element/f.0BA98F5D4C23DAB34A6BC0E7B973FCA4.d.B46E60D4A1BBF2CB8007993B4BF74AAE.e.6727/click - {}
RESULT: {}
COMMAND: GET /session/1fa10dbe6cace0b0b57e1b97fc70a6c9/screenshot - {}
RESULT: {}
COMMAND: POST /session/1fa10dbe6cace0b0b57e1b97fc70a6c9/element - {"using":"xpath","value":"//bdi[contains(text(), \"Select\")]"}
RESULT: {"using":"xpath","value":"//bdi[contains(text(), \"Select\")]"}
COMMAND: POST /session/1fa10dbe6cace0b0b57e1b97fc70a6c9/element/f.0BA98F5D4C23DAB34A6BC0E7B973FCA4.d.B46E60D4A1BBF2CB8007993B4BF74AAE.e.6728/click - {}
RESULT: {}
COMMAND: GET /session/1fa10dbe6cace0b0b57e1b97fc70a6c9/screenshot - {}
RESULT: {}
COMMAND: POST /session/1fa10dbe6cace0b0b57e1b97fc70a6c9/element - {"using":"xpath","value":"//button[@data-kt=\"AddNewHOSaveButton\"]"}
RESULT: {"using":"xpath","value":"//button[@data-kt=\"AddNewHOSaveButton\"]"}
COMMAND: POST /session/1fa10dbe6cace0b0b57e1b97fc70a6c9/element/f.0BA98F5D4C23DAB34A6BC0E7B973FCA4.d.B46E60D4A1BBF2CB8007993B4BF74AAE.e.6732/click - {}
RESULT: {}
COMMAND: GET /session/1fa10dbe6cace0b0b57e1b97fc70a6c9/screenshot - {}
RESULT: {}
COMMAND: POST /session/1fa10dbe6cace0b0b57e1b97fc70a6c9/execute/async - {"script":"<script> [1562 bytes]","args":[{"selector":{"id":"receiptDatePicker","viewName":"etm.portal.ui.managehandovers.view.DetailExecuteHO","interaction":{"idSuffix":"inner"}},"wdio_ui5_key":"receiptDatePickeretmportal.ui.managehandovers.view.DetailExecuteHO"}]}
RESULT: {"script":"<script> [1562 bytes]","args":[{"selector":{"id":"receiptDatePicker","viewName":"etm.portal.ui.managehandovers.view.DetailExecuteHO","interaction":{"idSuffix":"inner"}},"wdio_ui5_key":"receiptDatePickeretmportal.ui.managehandovers.view.DetailExecuteHO"}]}
RESULT: undefined
COMMAND: POST /session/1fa10dbe6cace0b0b57e1b97fc70a6c9/execute/async - {"script":"<script> [6424 bytes]","args":[{"element-6066-11e4-a52e-4f735466cecf":"f.0BA98F5D4C23DAB34A6BC0E7B973FCA4.d.B46E60D4A1BBF2CB8007993B4BF74AAE.e.6748"},"setValue",["5/28/25"]]}
RESULT: {"script":"<script> [6424 bytes]","args":[{"element-6066-11e4-a52e-4f735466cecf":"f.0BA98F5D4C23DAB34A6BC0E7B973FCA4.d.B46E60D4A1BBF2CB8007993B4BF74AAE.e.6748"},"setValue",["5/28/25"]]}
COMMAND: POST /session/1fa10dbe6cace0b0b57e1b97fc70a6c9/element - {"using":"xpath","value":"//button[@data-kt=\"ReceivingTableConfirmAllButton\"]"}
RESULT: {"using":"xpath","value":"//button[@data-kt=\"ReceivingTableConfirmAllButton\"]"}
COMMAND: POST /session/1fa10dbe6cace0b0b57e1b97fc70a6c9/element/f.0BA98F5D4C23DAB34A6BC0E7B973FCA4.d.B46E60D4A1BBF2CB8007993B4BF74AAE.e.6779/click - {}
RESULT: {}
COMMAND: GET /session/1fa10dbe6cace0b0b57e1b97fc70a6c9/screenshot - {}
RESULT: {}
COMMAND: POST /session/1fa10dbe6cace0b0b57e1b97fc70a6c9/element - {"using":"xpath","value":"//bdi[contains(text(), \"OK\")]"}
RESULT: {"using":"xpath","value":"//bdi[contains(text(), \"OK\")]"}
COMMAND: POST /session/1fa10dbe6cace0b0b57e1b97fc70a6c9/element/f.0BA98F5D4C23DAB34A6BC0E7B973FCA4.d.B46E60D4A1BBF2CB8007993B4BF74AAE.e.6781/click - {}
RESULT: {}
COMMAND: GET /session/1fa10dbe6cace0b0b57e1b97fc70a6c9/screenshot - {}
RESULT: {}
COMMAND: POST /session/1fa10dbe6cace0b0b57e1b97fc70a6c9/element - {"using":"xpath","value":"(//bdi[contains(text(), \"Receive\")])[2]"}
RESULT: {"using":"xpath","value":"(//bdi[contains(text(), \"Receive\")])[2]"}
COMMAND: POST /session/1fa10dbe6cace0b0b57e1b97fc70a6c9/element/f.0BA98F5D4C23DAB34A6BC0E7B973FCA4.d.B46E60D4A1BBF2CB8007993B4BF74AAE.e.6783/click - {}
RESULT: {}
COMMAND: GET /session/1fa10dbe6cace0b0b57e1b97fc70a6c9/screenshot - {}
RESULT: {}
COMMAND: POST /session/1fa10dbe6cace0b0b57e1b97fc70a6c9/element - {"using":"css selector","value":"#shell-header-logo"}
RESULT: {"using":"css selector","value":"#shell-header-logo"}
COMMAND: POST /session/1fa10dbe6cace0b0b57e1b97fc70a6c9/element/f.0BA98F5D4C23DAB34A6BC0E7B973FCA4.d.B46E60D4A1BBF2CB8007993B4BF74AAE.e.6142/click - {}
RESULT: {}
COMMAND: GET /session/1fa10dbe6cace0b0b57e1b97fc70a6c9/screenshot - {}
RESULT: {}
]]></system-out>
    </testcase>
    <testcase classname="chrome.136_0_7103_93.windows.Create_masterdata_for_Yard_Overview_-_trigger_provide_US130988" name="Should Putaway WHM" time="103.237">
      <system-out><![CDATA[
COMMAND: POST /session/1fa10dbe6cace0b0b57e1b97fc70a6c9/execute/async - {"script":"<script> [1562 bytes]","args":[{"selector":{"controlType":"sap.m.GenericTile","properties":{"header":"Manage Warehouse Movements"}},"wdio_ui5_key":"sapm.GenericTile{\"header\":\"Manage Warehouse Movements\"}"}]}
RESULT: {"script":"<script> [1562 bytes]","args":[{"selector":{"controlType":"sap.m.GenericTile","properties":{"header":"Manage Warehouse Movements"}},"wdio_ui5_key":"sapm.GenericTile{\"header\":\"Manage Warehouse Movements\"}"}]}
RESULT: undefined
COMMAND: POST /session/1fa10dbe6cace0b0b57e1b97fc70a6c9/element - {"using":"xpath","value":"//*[@id=\"__tile105\"]"}
RESULT: {"using":"xpath","value":"//*[@id=\"__tile105\"]"}
COMMAND: POST /session/1fa10dbe6cace0b0b57e1b97fc70a6c9/element/f.0BA98F5D4C23DAB34A6BC0E7B973FCA4.d.B46E60D4A1BBF2CB8007993B4BF74AAE.e.6956/click - {}
RESULT: {}
COMMAND: GET /session/1fa10dbe6cace0b0b57e1b97fc70a6c9/screenshot - {}
RESULT: {}
COMMAND: POST /session/1fa10dbe6cace0b0b57e1b97fc70a6c9/elements - {"using":"xpath","value":"//span[text()='Error']"}
RESULT: {"using":"xpath","value":"//span[text()='Error']"}
COMMAND: POST /session/1fa10dbe6cace0b0b57e1b97fc70a6c9/element - {"using":"xpath","value":"//button[@data-kt=\"MasterMovementAddOverflowToolbarButton\"]"}
RESULT: {"using":"xpath","value":"//button[@data-kt=\"MasterMovementAddOverflowToolbarButton\"]"}
COMMAND: POST /session/1fa10dbe6cace0b0b57e1b97fc70a6c9/elements - {"using":"xpath","value":"//button[@data-kt=\"MasterMovementAddOverflowToolbarButton\"]"}
RESULT: {"using":"xpath","value":"//button[@data-kt=\"MasterMovementAddOverflowToolbarButton\"]"}
COMMAND: POST /session/1fa10dbe6cace0b0b57e1b97fc70a6c9/execute/sync - {"script":"<script> [8489 bytes]","args":[{"element-6066-11e4-a52e-4f735466cecf":"f.0BA98F5D4C23DAB34A6BC0E7B973FCA4.d.B46E60D4A1BBF2CB8007993B4BF74AAE.e.7039","ELEMENT":"f.0BA98F5D4C23DAB34A6BC0E7B973FCA4.d.B46E60D4A1BBF2CB8007993B4BF74AAE.e.7039"}]}
RESULT: {"script":"<script> [8489 bytes]","args":[{"element-6066-11e4-a52e-4f735466cecf":"f.0BA98F5D4C23DAB34A6BC0E7B973FCA4.d.B46E60D4A1BBF2CB8007993B4BF74AAE.e.7039","ELEMENT":"f.0BA98F5D4C23DAB34A6BC0E7B973FCA4.d.B46E60D4A1BBF2CB8007993B4BF74AAE.e.7039"}]}
COMMAND: GET /session/1fa10dbe6cace0b0b57e1b97fc70a6c9/element/f.0BA98F5D4C23DAB34A6BC0E7B973FCA4.d.B46E60D4A1BBF2CB8007993B4BF74AAE.e.7039/enabled - {}
COMMAND: GET /session/1fa10dbe6cace0b0b57e1b97fc70a6c9/screenshot - {}
RESULT: {}
COMMAND: POST /session/1fa10dbe6cace0b0b57e1b97fc70a6c9/execute/sync - {"script":"<script> [8489 bytes]","args":[{"element-6066-11e4-a52e-4f735466cecf":"f.0BA98F5D4C23DAB34A6BC0E7B973FCA4.d.B46E60D4A1BBF2CB8007993B4BF74AAE.e.7039","ELEMENT":"f.0BA98F5D4C23DAB34A6BC0E7B973FCA4.d.B46E60D4A1BBF2CB8007993B4BF74AAE.e.7039"}]}
COMMAND: GET /session/1fa10dbe6cace0b0b57e1b97fc70a6c9/screenshot - {}
RESULT: {}
RESULT: {"script":"<script> [8489 bytes]","args":[{"element-6066-11e4-a52e-4f735466cecf":"f.0BA98F5D4C23DAB34A6BC0E7B973FCA4.d.B46E60D4A1BBF2CB8007993B4BF74AAE.e.7039","ELEMENT":"f.0BA98F5D4C23DAB34A6BC0E7B973FCA4.d.B46E60D4A1BBF2CB8007993B4BF74AAE.e.7039"}]}
COMMAND: POST /session/1fa10dbe6cace0b0b57e1b97fc70a6c9/execute/sync - {"script":"<script> [5351 bytes]","args":[{"element-6066-11e4-a52e-4f735466cecf":"f.0BA98F5D4C23DAB34A6BC0E7B973FCA4.d.B46E60D4A1BBF2CB8007993B4BF74AAE.e.7039","ELEMENT":"f.0BA98F5D4C23DAB34A6BC0E7B973FCA4.d.B46E60D4A1BBF2CB8007993B4BF74AAE.e.7039"}]}
COMMAND: GET /session/1fa10dbe6cace0b0b57e1b97fc70a6c9/screenshot - {}
RESULT: {}
RESULT: {"script":"<script> [5351 bytes]","args":[{"element-6066-11e4-a52e-4f735466cecf":"f.0BA98F5D4C23DAB34A6BC0E7B973FCA4.d.B46E60D4A1BBF2CB8007993B4BF74AAE.e.7039","ELEMENT":"f.0BA98F5D4C23DAB34A6BC0E7B973FCA4.d.B46E60D4A1BBF2CB8007993B4BF74AAE.e.7039"}]}
COMMAND: GET /session/1fa10dbe6cace0b0b57e1b97fc70a6c9/screenshot - {}
RESULT: {}
RESULT: {}
COMMAND: POST /session/1fa10dbe6cace0b0b57e1b97fc70a6c9/execute/async - {"script":"<script> [1562 bytes]","args":[{"selector":{"controlType":"sap.ui.core.Icon","viewName":"etm.portal.ui.warehousemovements.view.MasterMovement","viewId":"application-warehousemovements-display-component---warehouseMovements","properties":{"src":{"regex":{"source":"inbox"}}},"ancestor":{"id":"application-warehousemovements-display-component---warehouseMovements--idIconTabBar"}},"wdio_ui5_key":"etmportal.ui.warehousemovements.view.MasterMovementsap.ui.core.Icon{\"src\":{\"regex\":{\"source\":\"inbox\"}}}{\"id\":\"application-warehousemovements-display-component---warehouseMovements--idIconTabBar\"}"}]}
RESULT: {"script":"<script> [1562 bytes]","args":[{"selector":{"controlType":"sap.ui.core.Icon","viewName":"etm.portal.ui.warehousemovements.view.MasterMovement","viewId":"application-warehousemovements-display-component---warehouseMovements","properties":{"src":{"regex":{"source":"inbox"}}},"ancestor":{"id":"application-warehousemovements-display-component---warehouseMovements--idIconTabBar"}},"wdio_ui5_key":"etmportal.ui.warehousemovements.view.MasterMovementsap.ui.core.Icon{\"src\":{\"regex\":{\"source\":\"inbox\"}}}{\"id\":\"application-warehousemovements-display-component---warehouseMovements--idIconTabBar\"}"}]}
RESULT: undefined
COMMAND: POST /session/1fa10dbe6cace0b0b57e1b97fc70a6c9/element - {"using":"xpath","value":"//*[@id=\"__filter29-icon\"]"}
RESULT: {"using":"xpath","value":"//*[@id=\"__filter29-icon\"]"}
COMMAND: POST /session/1fa10dbe6cace0b0b57e1b97fc70a6c9/element/f.0BA98F5D4C23DAB34A6BC0E7B973FCA4.d.B46E60D4A1BBF2CB8007993B4BF74AAE.e.7214/click - {}
RESULT: {}
COMMAND: POST /session/1fa10dbe6cace0b0b57e1b97fc70a6c9/execute/async - {"script":"<script> [1562 bytes]","args":[{"selector":{"id":"application-warehousemovements-display-component---warehouseMovements--smartFilterBar-filterItemControl_BASIC-YARD-vhi"},"wdio_ui5_key":"applicationwarehousemovements-display-component---warehouseMovements--smartFilterBar-filterItemControl_BASIC-YARD-vhi"}]}
COMMAND: GET /session/1fa10dbe6cace0b0b57e1b97fc70a6c9/screenshot - {}
RESULT: {"script":"<script> [1562 bytes]","args":[{"selector":{"id":"application-warehousemovements-display-component---warehouseMovements--smartFilterBar-filterItemControl_BASIC-YARD-vhi"},"wdio_ui5_key":"applicationwarehousemovements-display-component---warehouseMovements--smartFilterBar-filterItemControl_BASIC-YARD-vhi"}]}
RESULT: undefined
COMMAND: POST /session/1fa10dbe6cace0b0b57e1b97fc70a6c9/element - {"using":"xpath","value":"//*[@id=\"application-warehousemovements-display-component---warehouseMovements--smartFilterBar-filterItemControl_BASIC-YARD-vhi\"]"}
RESULT: {}
RESULT: {"using":"xpath","value":"//*[@id=\"application-warehousemovements-display-component---warehouseMovements--smartFilterBar-filterItemControl_BASIC-YARD-vhi\"]"}
COMMAND: POST /session/1fa10dbe6cace0b0b57e1b97fc70a6c9/element/f.0BA98F5D4C23DAB34A6BC0E7B973FCA4.d.B46E60D4A1BBF2CB8007993B4BF74AAE.e.7221/click - {}
RESULT: {}
COMMAND: GET /session/1fa10dbe6cace0b0b57e1b97fc70a6c9/screenshot - {}
RESULT: {}
COMMAND: POST /session/1fa10dbe6cace0b0b57e1b97fc70a6c9/execute/async - {"script":"<script> [1562 bytes]","args":[{"selector":{"id":"application-warehousemovements-display-component---warehouseMovements--smartFilterBar-filterItemControl_BASIC-YARD-valueHelpDialog-smartFilterBar-btnBasicSearch","searchOpenDialogs":true,"interaction":{"idSuffix":"I"}},"wdio_ui5_key":"applicationwarehousemovements-display-component---warehouseMovements--smartFilterBar-filterItemControl_BASIC-YARD-valueHelpDialog-smartFilterBar-btnBasicSearch"}]}
RESULT: {"script":"<script> [1562 bytes]","args":[{"selector":{"id":"application-warehousemovements-display-component---warehouseMovements--smartFilterBar-filterItemControl_BASIC-YARD-valueHelpDialog-smartFilterBar-btnBasicSearch","searchOpenDialogs":true,"interaction":{"idSuffix":"I"}},"wdio_ui5_key":"applicationwarehousemovements-display-component---warehouseMovements--smartFilterBar-filterItemControl_BASIC-YARD-valueHelpDialog-smartFilterBar-btnBasicSearch"}]}
RESULT: undefined
COMMAND: POST /session/1fa10dbe6cace0b0b57e1b97fc70a6c9/execute/async - {"script":"<script> [776 bytes]","args":[{"enterText":"426","selector":{"id":"application-warehousemovements-display-component---warehouseMovements--smartFilterBar-filterItemControl_BASIC-YARD-valueHelpDialog-smartFilterBar-btnBasicSearch","searchOpenDialogs":true,"interaction":{"idSuffix":"I"}},"clearTextFirst":true,"interactionType":"ENTER_TEXT"}]}
RESULT: {"script":"<script> [776 bytes]","args":[{"enterText":"426","selector":{"id":"application-warehousemovements-display-component---warehouseMovements--smartFilterBar-filterItemControl_BASIC-YARD-valueHelpDialog-smartFilterBar-btnBasicSearch","searchOpenDialogs":true,"interaction":{"idSuffix":"I"}},"clearTextFirst":true,"interactionType":"ENTER_TEXT"}]}
COMMAND: POST /session/1fa10dbe6cace0b0b57e1b97fc70a6c9/actions - {"actions":[{"id":"action22","type":"key","parameters":{},"actions":[{"type":"keyDown","value":""},{"type":"pause","duration":10},{"type":"keyUp","value":""}]}]}
RESULT: {"actions":[{"id":"action22","type":"key","parameters":{},"actions":[{"type":"keyDown","value":""},{"type":"pause","duration":10},{"type":"keyUp","value":""}]}]}
COMMAND: GET /session/1fa10dbe6cace0b0b57e1b97fc70a6c9/screenshot - {}
RESULT: {}
COMMAND: POST /session/1fa10dbe6cace0b0b57e1b97fc70a6c9/elements - {"using":"xpath","value":"//table[contains(@id, \"smartFilterBar-filterItemControl_BASIC-YARD-valueHelpDialog-table-table\")]/tbody/tr"}
RESULT: {"using":"xpath","value":"//table[contains(@id, \"smartFilterBar-filterItemControl_BASIC-YARD-valueHelpDialog-table-table\")]/tbody/tr"}
COMMAND: POST /session/1fa10dbe6cace0b0b57e1b97fc70a6c9/element - {"using":"xpath","value":"//table[contains(@id, \"smartFilterBar-filterItemControl_BASIC-YARD-valueHelpDialog-table-table\")]/tbody/tr[1]/td[1]/div/span"}
RESULT: {"using":"xpath","value":"//table[contains(@id, \"smartFilterBar-filterItemControl_BASIC-YARD-valueHelpDialog-table-table\")]/tbody/tr[1]/td[1]/div/span"}
COMMAND: POST /session/1fa10dbe6cace0b0b57e1b97fc70a6c9/elements - {"using":"xpath","value":"//table[contains(@id, \"smartFilterBar-filterItemControl_BASIC-YARD-valueHelpDialog-table-table\")]/tbody/tr[1]/td[1]/div/span"}
RESULT: {"using":"xpath","value":"//table[contains(@id, \"smartFilterBar-filterItemControl_BASIC-YARD-valueHelpDialog-table-table\")]/tbody/tr[1]/td[1]/div/span"}
COMMAND: POST /session/1fa10dbe6cace0b0b57e1b97fc70a6c9/execute/sync - {"script":"<script> [56 bytes]","args":[{"element-6066-11e4-a52e-4f735466cecf":"f.0BA98F5D4C23DAB34A6BC0E7B973FCA4.d.B46E60D4A1BBF2CB8007993B4BF74AAE.e.7241","ELEMENT":"f.0BA98F5D4C23DAB34A6BC0E7B973FCA4.d.B46E60D4A1BBF2CB8007993B4BF74AAE.e.7241"}]}
RESULT: {"script":"<script> [56 bytes]","args":[{"element-6066-11e4-a52e-4f735466cecf":"f.0BA98F5D4C23DAB34A6BC0E7B973FCA4.d.B46E60D4A1BBF2CB8007993B4BF74AAE.e.7241","ELEMENT":"f.0BA98F5D4C23DAB34A6BC0E7B973FCA4.d.B46E60D4A1BBF2CB8007993B4BF74AAE.e.7241"}]}
COMMAND: POST /session/1fa10dbe6cace0b0b57e1b97fc70a6c9/element - {"using":"xpath","value":"//div[@id=\"application-warehousemovements-display-component---warehouseMovements--smartFilterBar-filterItemControl_BASIC-YARD-valueHelpDialog-table-rowsel0\"]"}
COMMAND: GET /session/1fa10dbe6cace0b0b57e1b97fc70a6c9/screenshot - {}
RESULT: {"using":"xpath","value":"//div[@id=\"application-warehousemovements-display-component---warehouseMovements--smartFilterBar-filterItemControl_BASIC-YARD-valueHelpDialog-table-rowsel0\"]"}
COMMAND: POST /session/1fa10dbe6cace0b0b57e1b97fc70a6c9/element/f.0BA98F5D4C23DAB34A6BC0E7B973FCA4.d.B46E60D4A1BBF2CB8007993B4BF74AAE.e.7242/click - {}
RESULT: {}
RESULT: {}
COMMAND: GET /session/1fa10dbe6cace0b0b57e1b97fc70a6c9/screenshot - {}
RESULT: {}
COMMAND: POST /session/1fa10dbe6cace0b0b57e1b97fc70a6c9/execute/async - {"script":"<script> [1562 bytes]","args":[{"selector":{"id":"application-warehousemovements-display-component---warehouseMovements--smartFilterBar-filterItemControl_BASIC-YARD-valueHelpDialog-ok","searchOpenDialogs":true,"interaction":{"idSuffix":"inner"}},"wdio_ui5_key":"applicationwarehousemovements-display-component---warehouseMovements--smartFilterBar-filterItemControl_BASIC-YARD-valueHelpDialog-ok"}]}
RESULT: {"script":"<script> [1562 bytes]","args":[{"selector":{"id":"application-warehousemovements-display-component---warehouseMovements--smartFilterBar-filterItemControl_BASIC-YARD-valueHelpDialog-ok","searchOpenDialogs":true,"interaction":{"idSuffix":"inner"}},"wdio_ui5_key":"applicationwarehousemovements-display-component---warehouseMovements--smartFilterBar-filterItemControl_BASIC-YARD-valueHelpDialog-ok"}]}
RESULT: undefined
COMMAND: POST /session/1fa10dbe6cace0b0b57e1b97fc70a6c9/element - {"using":"xpath","value":"//*[@id=\"application-warehousemovements-display-component---warehouseMovements--smartFilterBar-filterItemControl_BASIC-YARD-valueHelpDialog-ok\"]"}
RESULT: {"using":"xpath","value":"//*[@id=\"application-warehousemovements-display-component---warehouseMovements--smartFilterBar-filterItemControl_BASIC-YARD-valueHelpDialog-ok\"]"}
COMMAND: POST /session/1fa10dbe6cace0b0b57e1b97fc70a6c9/element/f.0BA98F5D4C23DAB34A6BC0E7B973FCA4.d.B46E60D4A1BBF2CB8007993B4BF74AAE.e.7245/click - {}
RESULT: {}
COMMAND: GET /session/1fa10dbe6cace0b0b57e1b97fc70a6c9/screenshot - {}
RESULT: {}
COMMAND: POST /session/1fa10dbe6cace0b0b57e1b97fc70a6c9/execute/async - {"script":"<script> [1562 bytes]","args":[{"selector":{"controlType":"sap.ui.core.Icon","viewName":"etm.portal.ui.warehousemovements.view.MasterMovement","viewId":"application-warehousemovements-display-component---warehouseMovements","properties":{"src":{"regex":{"source":"add"}}}},"wdio_ui5_key":"etmportal.ui.warehousemovements.view.MasterMovementsap.ui.core.Icon{\"src\":{\"regex\":{\"source\":\"add\"}}}"}]}
RESULT: {"script":"<script> [1562 bytes]","args":[{"selector":{"controlType":"sap.ui.core.Icon","viewName":"etm.portal.ui.warehousemovements.view.MasterMovement","viewId":"application-warehousemovements-display-component---warehouseMovements","properties":{"src":{"regex":{"source":"add"}}}},"wdio_ui5_key":"etmportal.ui.warehousemovements.view.MasterMovementsap.ui.core.Icon{\"src\":{\"regex\":{\"source\":\"add\"}}}"}]}
RESULT: undefined
COMMAND: POST /session/1fa10dbe6cace0b0b57e1b97fc70a6c9/element - {"using":"xpath","value":"//*[@id=\"__button151-img\"]"}
RESULT: {"using":"xpath","value":"//*[@id=\"__button151-img\"]"}
COMMAND: POST /session/1fa10dbe6cace0b0b57e1b97fc70a6c9/element/f.0BA98F5D4C23DAB34A6BC0E7B973FCA4.d.B46E60D4A1BBF2CB8007993B4BF74AAE.e.7041/click - {}
RESULT: {}
COMMAND: GET /session/1fa10dbe6cace0b0b57e1b97fc70a6c9/screenshot - {}
RESULT: {}
COMMAND: POST /session/1fa10dbe6cace0b0b57e1b97fc70a6c9/execute/async - {"script":"<script> [1562 bytes]","args":[{"selector":{"id":"application-warehousemovements-display-component---addMovement--sectionsList-arrow"},"wdio_ui5_key":"applicationwarehousemovements-display-component---addMovement--sectionsList-arrow"}]}
RESULT: {"script":"<script> [1562 bytes]","args":[{"selector":{"id":"application-warehousemovements-display-component---addMovement--sectionsList-arrow"},"wdio_ui5_key":"applicationwarehousemovements-display-component---addMovement--sectionsList-arrow"}]}
RESULT: undefined
COMMAND: POST /session/1fa10dbe6cace0b0b57e1b97fc70a6c9/element - {"using":"xpath","value":"//*[@id=\"application-warehousemovements-display-component---addMovement--sectionsList-arrow\"]"}
RESULT: {"using":"xpath","value":"//*[@id=\"application-warehousemovements-display-component---addMovement--sectionsList-arrow\"]"}
COMMAND: POST /session/1fa10dbe6cace0b0b57e1b97fc70a6c9/element/f.0BA98F5D4C23DAB34A6BC0E7B973FCA4.d.B46E60D4A1BBF2CB8007993B4BF74AAE.e.7367/click - {}
RESULT: {}
COMMAND: GET /session/1fa10dbe6cace0b0b57e1b97fc70a6c9/screenshot - {}
RESULT: {}
COMMAND: POST /session/1fa10dbe6cace0b0b57e1b97fc70a6c9/execute/async - {"script":"<script> [1562 bytes]","args":[{"selector":{"controlType":"sap.m.StandardListItem","viewName":"etm.portal.ui.warehousemovements.view.AddMovement","viewId":"application-warehousemovements-display-component---addMovement","properties":{"type":"Active"},"searchOpenDialogs":true,"interaction":{"idSuffix":"titleText"}},"wdio_ui5_key":"etmportal.ui.warehousemovements.view.AddMovementsap.m.StandardListItem{\"type\":\"Active\"}"}]}
RESULT: {"script":"<script> [1562 bytes]","args":[{"selector":{"controlType":"sap.m.StandardListItem","viewName":"etm.portal.ui.warehousemovements.view.AddMovement","viewId":"application-warehousemovements-display-component---addMovement","properties":{"type":"Active"},"searchOpenDialogs":true,"interaction":{"idSuffix":"titleText"}},"wdio_ui5_key":"etmportal.ui.warehousemovements.view.AddMovementsap.m.StandardListItem{\"type\":\"Active\"}"}]}
RESULT: undefined
COMMAND: POST /session/1fa10dbe6cace0b0b57e1b97fc70a6c9/element - {"using":"xpath","value":"//*[@id=\"__item1029\"]"}
RESULT: {"using":"xpath","value":"//*[@id=\"__item1029\"]"}
COMMAND: POST /session/1fa10dbe6cace0b0b57e1b97fc70a6c9/element/f.0BA98F5D4C23DAB34A6BC0E7B973FCA4.d.B46E60D4A1BBF2CB8007993B4BF74AAE.e.7369/click - {}
RESULT: {}
COMMAND: GET /session/1fa10dbe6cace0b0b57e1b97fc70a6c9/screenshot - {}
RESULT: {}
COMMAND: POST /session/1fa10dbe6cace0b0b57e1b97fc70a6c9/execute/async - {"script":"<script> [1562 bytes]","args":[{"selector":{"controlType":"sap.m.Button","viewName":"etm.portal.ui.warehousemovements.view.AddMovement","viewId":"application-warehousemovements-display-component---addMovement","properties":{"text":"Items"},"interaction":{"idSuffix":"BDI-content"}},"wdio_ui5_key":"etmportal.ui.warehousemovements.view.AddMovementsap.m.Button{\"text\":\"Items\"}"}]}
RESULT: {"script":"<script> [1562 bytes]","args":[{"selector":{"controlType":"sap.m.Button","viewName":"etm.portal.ui.warehousemovements.view.AddMovement","viewId":"application-warehousemovements-display-component---addMovement","properties":{"text":"Items"},"interaction":{"idSuffix":"BDI-content"}},"wdio_ui5_key":"etmportal.ui.warehousemovements.view.AddMovementsap.m.Button{\"text\":\"Items\"}"}]}
RESULT: undefined
COMMAND: POST /session/1fa10dbe6cace0b0b57e1b97fc70a6c9/element - {"using":"xpath","value":"//*[@id=\"__layout302-anchBar-application-warehousemovements-display-component---addMovement--itemsSection-anchor\"]"}
RESULT: {"using":"xpath","value":"//*[@id=\"__layout302-anchBar-application-warehousemovements-display-component---addMovement--itemsSection-anchor\"]"}
COMMAND: POST /session/1fa10dbe6cace0b0b57e1b97fc70a6c9/element/f.0BA98F5D4C23DAB34A6BC0E7B973FCA4.d.B46E60D4A1BBF2CB8007993B4BF74AAE.e.7371/click - {}
RESULT: {}
COMMAND: GET /session/1fa10dbe6cace0b0b57e1b97fc70a6c9/screenshot - {}
RESULT: {}
COMMAND: POST /session/1fa10dbe6cace0b0b57e1b97fc70a6c9/execute/async - {"script":"<script> [1562 bytes]","args":[{"selector":{"id":"application-warehousemovements-display-component---addMovement--addItem","interaction":{"idSuffix":"inner"}},"wdio_ui5_key":"applicationwarehousemovements-display-component---addMovement--addItem"}]}
RESULT: {"script":"<script> [1562 bytes]","args":[{"selector":{"id":"application-warehousemovements-display-component---addMovement--addItem","interaction":{"idSuffix":"inner"}},"wdio_ui5_key":"applicationwarehousemovements-display-component---addMovement--addItem"}]}
RESULT: undefined
COMMAND: POST /session/1fa10dbe6cace0b0b57e1b97fc70a6c9/element - {"using":"xpath","value":"//*[@id=\"application-warehousemovements-display-component---addMovement--addItem\"]"}
RESULT: {"using":"xpath","value":"//*[@id=\"application-warehousemovements-display-component---addMovement--addItem\"]"}
COMMAND: POST /session/1fa10dbe6cace0b0b57e1b97fc70a6c9/element/f.0BA98F5D4C23DAB34A6BC0E7B973FCA4.d.B46E60D4A1BBF2CB8007993B4BF74AAE.e.7290/click - {}
RESULT: {}
COMMAND: GET /session/1fa10dbe6cace0b0b57e1b97fc70a6c9/screenshot - {}
RESULT: {}
COMMAND: POST /session/1fa10dbe6cace0b0b57e1b97fc70a6c9/execute/async - {"script":"<script> [1562 bytes]","args":[{"selector":{"id":"movementItemsPopUp--movementItemsTable-sa","searchOpenDialogs":true},"wdio_ui5_key":"movementItemsPopUpmovementItemsTable-sa"}]}
RESULT: {"script":"<script> [1562 bytes]","args":[{"selector":{"id":"movementItemsPopUp--movementItemsTable-sa","searchOpenDialogs":true},"wdio_ui5_key":"movementItemsPopUpmovementItemsTable-sa"}]}
RESULT: undefined
COMMAND: POST /session/1fa10dbe6cace0b0b57e1b97fc70a6c9/element - {"using":"xpath","value":"//*[@id=\"movementItemsPopUp--movementItemsTable-sa\"]"}
RESULT: {"using":"xpath","value":"//*[@id=\"movementItemsPopUp--movementItemsTable-sa\"]"}
COMMAND: POST /session/1fa10dbe6cace0b0b57e1b97fc70a6c9/element/f.0BA98F5D4C23DAB34A6BC0E7B973FCA4.d.B46E60D4A1BBF2CB8007993B4BF74AAE.e.7384/click - {}
RESULT: {}
COMMAND: GET /session/1fa10dbe6cace0b0b57e1b97fc70a6c9/screenshot - {}
RESULT: {}
COMMAND: POST /session/1fa10dbe6cace0b0b57e1b97fc70a6c9/execute/async - {"script":"<script> [1562 bytes]","args":[{"selector":{"id":"movementItemsPopUp--createBtn","searchOpenDialogs":true,"interaction":{"idSuffix":"BDI-content"}},"wdio_ui5_key":"movementItemsPopUpcreateBtn"}]}
RESULT: {"script":"<script> [1562 bytes]","args":[{"selector":{"id":"movementItemsPopUp--createBtn","searchOpenDialogs":true,"interaction":{"idSuffix":"BDI-content"}},"wdio_ui5_key":"movementItemsPopUpcreateBtn"}]}
RESULT: undefined
COMMAND: POST /session/1fa10dbe6cace0b0b57e1b97fc70a6c9/element - {"using":"xpath","value":"//*[@id=\"movementItemsPopUp--createBtn\"]"}
RESULT: {"using":"xpath","value":"//*[@id=\"movementItemsPopUp--createBtn\"]"}
COMMAND: POST /session/1fa10dbe6cace0b0b57e1b97fc70a6c9/element/f.0BA98F5D4C23DAB34A6BC0E7B973FCA4.d.B46E60D4A1BBF2CB8007993B4BF74AAE.e.7386/click - {}
RESULT: {}
COMMAND: GET /session/1fa10dbe6cace0b0b57e1b97fc70a6c9/screenshot - {}
RESULT: {}
COMMAND: POST /session/1fa10dbe6cace0b0b57e1b97fc70a6c9/execute/async - {"script":"<script> [1562 bytes]","args":[{"selector":{"controlType":"etm.portal.ui.reusables.customControls.LiveSearchComboBox","viewName":"etm.portal.ui.warehousemovements.view.AddMovement","viewId":"application-warehousemovements-display-component---addMovement","bindingPath":{"path":"/items/0","propertyPath":"DESTINATION_SECTION","modelName":"newMovement"},"interaction":{"idSuffix":"inner"}},"wdio_ui5_key":"etmportal.ui.warehousemovements.view.AddMovementetm.portal.ui.reusables.customControls.LiveSearchComboBox{\"path\":\"/items/0\",\"propertyPath\":\"DESTINATION_SECTION\",\"modelName\":\"newMovement\"}"}]}
RESULT: {"script":"<script> [1562 bytes]","args":[{"selector":{"controlType":"etm.portal.ui.reusables.customControls.LiveSearchComboBox","viewName":"etm.portal.ui.warehousemovements.view.AddMovement","viewId":"application-warehousemovements-display-component---addMovement","bindingPath":{"path":"/items/0","propertyPath":"DESTINATION_SECTION","modelName":"newMovement"},"interaction":{"idSuffix":"inner"}},"wdio_ui5_key":"etmportal.ui.warehousemovements.view.AddMovementetm.portal.ui.reusables.customControls.LiveSearchComboBox{\"path\":\"/items/0\",\"propertyPath\":\"DESTINATION_SECTION\",\"modelName\":\"newMovement\"}"}]}
RESULT: undefined
COMMAND: POST /session/1fa10dbe6cace0b0b57e1b97fc70a6c9/execute/async - {"script":"<script> [776 bytes]","args":[{"enterText":"111 - PUTAWAY_WEBDRIVER_DESC","selector":{"controlType":"etm.portal.ui.reusables.customControls.LiveSearchComboBox","viewName":"etm.portal.ui.warehousemovements.view.AddMovement","viewId":"application-warehousemovements-display-component---addMovement","bindingPath":{"path":"/items/0","propertyPath":"DESTINATION_SECTION","modelName":"newMovement"},"interaction":{"idSuffix":"inner"}},"clearTextFirst":true,"interactionType":"ENTER_TEXT"}]}
RESULT: {"script":"<script> [776 bytes]","args":[{"enterText":"111 - PUTAWAY_WEBDRIVER_DESC","selector":{"controlType":"etm.portal.ui.reusables.customControls.LiveSearchComboBox","viewName":"etm.portal.ui.warehousemovements.view.AddMovement","viewId":"application-warehousemovements-display-component---addMovement","bindingPath":{"path":"/items/0","propertyPath":"DESTINATION_SECTION","modelName":"newMovement"},"interaction":{"idSuffix":"inner"}},"clearTextFirst":true,"interactionType":"ENTER_TEXT"}]}
COMMAND: POST /session/1fa10dbe6cace0b0b57e1b97fc70a6c9/execute/async - {"script":"<script> [1562 bytes]","args":[{"selector":{"controlType":"etm.portal.ui.reusables.customControls.LiveSearchComboBox","viewName":"etm.portal.ui.warehousemovements.view.AddMovement","viewId":"application-warehousemovements-display-component---addMovement","bindingPath":{"path":"/items/0","propertyPath":"DESTINATION_BIN","modelName":"newMovement"},"interaction":{"idSuffix":"inner"}},"wdio_ui5_key":"etmportal.ui.warehousemovements.view.AddMovementetm.portal.ui.reusables.customControls.LiveSearchComboBox{\"path\":\"/items/0\",\"propertyPath\":\"DESTINATION_BIN\",\"modelName\":\"newMovement\"}"}]}
RESULT: {"script":"<script> [1562 bytes]","args":[{"selector":{"controlType":"etm.portal.ui.reusables.customControls.LiveSearchComboBox","viewName":"etm.portal.ui.warehousemovements.view.AddMovement","viewId":"application-warehousemovements-display-component---addMovement","bindingPath":{"path":"/items/0","propertyPath":"DESTINATION_BIN","modelName":"newMovement"},"interaction":{"idSuffix":"inner"}},"wdio_ui5_key":"etmportal.ui.warehousemovements.view.AddMovementetm.portal.ui.reusables.customControls.LiveSearchComboBox{\"path\":\"/items/0\",\"propertyPath\":\"DESTINATION_BIN\",\"modelName\":\"newMovement\"}"}]}
RESULT: undefined
COMMAND: POST /session/1fa10dbe6cace0b0b57e1b97fc70a6c9/execute/async - {"script":"<script> [776 bytes]","args":[{"enterText":"TP001 - PUTAWAY","selector":{"controlType":"etm.portal.ui.reusables.customControls.LiveSearchComboBox","viewName":"etm.portal.ui.warehousemovements.view.AddMovement","viewId":"application-warehousemovements-display-component---addMovement","bindingPath":{"path":"/items/0","propertyPath":"DESTINATION_BIN","modelName":"newMovement"},"interaction":{"idSuffix":"inner"}},"clearTextFirst":true,"interactionType":"ENTER_TEXT"}]}
RESULT: {"script":"<script> [776 bytes]","args":[{"enterText":"TP001 - PUTAWAY","selector":{"controlType":"etm.portal.ui.reusables.customControls.LiveSearchComboBox","viewName":"etm.portal.ui.warehousemovements.view.AddMovement","viewId":"application-warehousemovements-display-component---addMovement","bindingPath":{"path":"/items/0","propertyPath":"DESTINATION_BIN","modelName":"newMovement"},"interaction":{"idSuffix":"inner"}},"clearTextFirst":true,"interactionType":"ENTER_TEXT"}]}
COMMAND: POST /session/1fa10dbe6cace0b0b57e1b97fc70a6c9/execute/async - {"script":"<script> [1562 bytes]","args":[{"selector":{"id":"application-warehousemovements-display-component---addMovement--saveMovementBtn","interaction":{"idSuffix":"BDI-content"}},"wdio_ui5_key":"applicationwarehousemovements-display-component---addMovement--saveMovementBtn"}]}
RESULT: {"script":"<script> [1562 bytes]","args":[{"selector":{"id":"application-warehousemovements-display-component---addMovement--saveMovementBtn","interaction":{"idSuffix":"BDI-content"}},"wdio_ui5_key":"applicationwarehousemovements-display-component---addMovement--saveMovementBtn"}]}
RESULT: undefined
COMMAND: POST /session/1fa10dbe6cace0b0b57e1b97fc70a6c9/element - {"using":"xpath","value":"//*[@id=\"application-warehousemovements-display-component---addMovement--saveMovementBtn\"]"}
RESULT: {"using":"xpath","value":"//*[@id=\"application-warehousemovements-display-component---addMovement--saveMovementBtn\"]"}
COMMAND: POST /session/1fa10dbe6cace0b0b57e1b97fc70a6c9/element/f.0BA98F5D4C23DAB34A6BC0E7B973FCA4.d.B46E60D4A1BBF2CB8007993B4BF74AAE.e.7346/click - {}
RESULT: {}
COMMAND: GET /session/1fa10dbe6cace0b0b57e1b97fc70a6c9/screenshot - {}
RESULT: {}
COMMAND: POST /session/1fa10dbe6cace0b0b57e1b97fc70a6c9/execute/async - {"script":"<script> [1562 bytes]","args":[{"selector":{"controlType":"sap.m.Button","viewName":"etm.portal.ui.warehousemovements.view.DisplayMovement","viewId":"application-warehousemovements-display-component---displayMovement","i18NText":{"propertyName":"text","key":"execution"},"interaction":{"idSuffix":"BDI-content"}},"wdio_ui5_key":"etmportal.ui.warehousemovements.view.DisplayMovementsap.m.Button{\"propertyName\":\"text\",\"key\":\"execution\"}"}]}
RESULT: {"script":"<script> [1562 bytes]","args":[{"selector":{"controlType":"sap.m.Button","viewName":"etm.portal.ui.warehousemovements.view.DisplayMovement","viewId":"application-warehousemovements-display-component---displayMovement","i18NText":{"propertyName":"text","key":"execution"},"interaction":{"idSuffix":"BDI-content"}},"wdio_ui5_key":"etmportal.ui.warehousemovements.view.DisplayMovementsap.m.Button{\"propertyName\":\"text\",\"key\":\"execution\"}"}]}
RESULT: undefined
COMMAND: POST /session/1fa10dbe6cace0b0b57e1b97fc70a6c9/element - {"using":"xpath","value":"//*[@id=\"__button166\"]"}
RESULT: {"using":"xpath","value":"//*[@id=\"__button166\"]"}
COMMAND: POST /session/1fa10dbe6cace0b0b57e1b97fc70a6c9/element/f.0BA98F5D4C23DAB34A6BC0E7B973FCA4.d.B46E60D4A1BBF2CB8007993B4BF74AAE.e.7461/click - {}
RESULT: {}
COMMAND: GET /session/1fa10dbe6cace0b0b57e1b97fc70a6c9/screenshot - {}
RESULT: {}
COMMAND: POST /session/1fa10dbe6cace0b0b57e1b97fc70a6c9/execute/async - {"script":"<script> [1562 bytes]","args":[{"selector":{"controlType":"sap.m.ToggleButton","viewName":"etm.portal.ui.warehousemovements.view.ExecuteMovement","viewId":"application-warehousemovements-display-component---executeMovement","bindingPath":{"path":"","propertyPath":"STATUS","modelName":"catalogModel"}},"wdio_ui5_key":"etmportal.ui.warehousemovements.view.ExecuteMovementsap.m.ToggleButton{\"path\":\"\",\"propertyPath\":\"STATUS\",\"modelName\":\"catalogModel\"}"}]}
RESULT: {"script":"<script> [1562 bytes]","args":[{"selector":{"controlType":"sap.m.ToggleButton","viewName":"etm.portal.ui.warehousemovements.view.ExecuteMovement","viewId":"application-warehousemovements-display-component---executeMovement","bindingPath":{"path":"","propertyPath":"STATUS","modelName":"catalogModel"}},"wdio_ui5_key":"etmportal.ui.warehousemovements.view.ExecuteMovementsap.m.ToggleButton{\"path\":\"\",\"propertyPath\":\"STATUS\",\"modelName\":\"catalogModel\"}"}]}
RESULT: undefined
COMMAND: POST /session/1fa10dbe6cace0b0b57e1b97fc70a6c9/element - {"using":"xpath","value":"//*[@id=\"__button189-__clone2275\"]"}
RESULT: {"using":"xpath","value":"//*[@id=\"__button189-__clone2275\"]"}
COMMAND: POST /session/1fa10dbe6cace0b0b57e1b97fc70a6c9/element/f.0BA98F5D4C23DAB34A6BC0E7B973FCA4.d.B46E60D4A1BBF2CB8007993B4BF74AAE.e.7529/click - {}
RESULT: {}
COMMAND: GET /session/1fa10dbe6cace0b0b57e1b97fc70a6c9/screenshot - {}
RESULT: {}
RESULT: undefined
COMMAND: POST /session/1fa10dbe6cace0b0b57e1b97fc70a6c9/element - {"using":"xpath","value":"//*[@id=\"__button189-__clone2275\"]"}
RESULT: {"using":"xpath","value":"//*[@id=\"__button189-__clone2275\"]"}
COMMAND: POST /session/1fa10dbe6cace0b0b57e1b97fc70a6c9/element/f.0BA98F5D4C23DAB34A6BC0E7B973FCA4.d.B46E60D4A1BBF2CB8007993B4BF74AAE.e.7529/click - {}
RESULT: {}
COMMAND: GET /session/1fa10dbe6cace0b0b57e1b97fc70a6c9/screenshot - {}
RESULT: {}
COMMAND: POST /session/1fa10dbe6cace0b0b57e1b97fc70a6c9/execute/async - {"script":"<script> [1562 bytes]","args":[{"selector":{"id":"application-warehousemovements-display-component---executeMovement--executeId","interaction":{"idSuffix":"BDI-content"}},"wdio_ui5_key":"applicationwarehousemovements-display-component---executeMovement--executeId"}]}
RESULT: {"script":"<script> [1562 bytes]","args":[{"selector":{"id":"application-warehousemovements-display-component---executeMovement--executeId","interaction":{"idSuffix":"BDI-content"}},"wdio_ui5_key":"applicationwarehousemovements-display-component---executeMovement--executeId"}]}
RESULT: undefined
COMMAND: POST /session/1fa10dbe6cace0b0b57e1b97fc70a6c9/element - {"using":"xpath","value":"//*[@id=\"application-warehousemovements-display-component---executeMovement--executeId\"]"}
RESULT: {"using":"xpath","value":"//*[@id=\"application-warehousemovements-display-component---executeMovement--executeId\"]"}
COMMAND: POST /session/1fa10dbe6cace0b0b57e1b97fc70a6c9/element/f.0BA98F5D4C23DAB34A6BC0E7B973FCA4.d.B46E60D4A1BBF2CB8007993B4BF74AAE.e.7519/click - {}
RESULT: {}
COMMAND: GET /session/1fa10dbe6cace0b0b57e1b97fc70a6c9/screenshot - {}
RESULT: {}
COMMAND: POST /session/1fa10dbe6cace0b0b57e1b97fc70a6c9/element - {"using":"css selector","value":"#shell-header-logo"}
RESULT: {"using":"css selector","value":"#shell-header-logo"}
COMMAND: POST /session/1fa10dbe6cace0b0b57e1b97fc70a6c9/element/f.0BA98F5D4C23DAB34A6BC0E7B973FCA4.d.B46E60D4A1BBF2CB8007993B4BF74AAE.e.6959/click - {}
RESULT: {}
COMMAND: GET /session/1fa10dbe6cace0b0b57e1b97fc70a6c9/screenshot - {}
RESULT: {}
COMMAND: DELETE /session/1fa10dbe6cace0b0b57e1b97fc70a6c9 - {}
RESULT: {}
]]></system-out>
    </testcase>
  </testsuite>
</testsuites>