<?xml version="1.0" encoding="UTF-8"?>
<testsuites tests="8" failures="0" errors="0" skipped="0">
  <testsuite timestamp="2025-05-22T16:10:29" time="881.075" tests="4" failures="0" errors="0" skipped="0">
    <properties>
      <property name="specId" value="0"/>
      <property name="suiteName" value="Webshop - Hyperlinks visible and working properly  US139085"/>
      <property name="capabilities" value="chrome.136_0_7103_93.windows"/>
      <property name="file" value="file:///D:/a/1/s/test/specs/R2C/webshop-hyperlinks-yard-site.spec.js"/>
    </properties>
    <testcase classname="chrome.136_0_7103_93.windows.Webshop_-_Hyperlinks_visible_and_working_properly__US139085" name="Should create prerequisites for webshop suite" time="294.398">
      <system-out><![CDATA[
COMMAND: POST /session/e9436a53cdf5c0a1eee30ba36cb8cd5b/execute/async - {"script":"<script> [1562 bytes]","args":[{"selector":{"controlType":"sap.m.GenericTile","properties":{"header":"Manage Yards"}},"wdio_ui5_key":"sapm.GenericTile{\"header\":\"Manage Yards\"}"}]}
RESULT: {"script":"<script> [1562 bytes]","args":[{"selector":{"controlType":"sap.m.GenericTile","properties":{"header":"Manage Yards"}},"wdio_ui5_key":"sapm.GenericTile{\"header\":\"Manage Yards\"}"}]}
RESULT: undefined
COMMAND: POST /session/e9436a53cdf5c0a1eee30ba36cb8cd5b/element - {"using":"xpath","value":"//*[@id=\"__tile41\"]"}
RESULT: {"using":"xpath","value":"//*[@id=\"__tile41\"]"}
COMMAND: POST /session/e9436a53cdf5c0a1eee30ba36cb8cd5b/element/f.BBFDC0F1250B5963FA96F3FBE9DA08E0.d.8BF2EE984897B32BDCF6410DFE14EE01.e.117/click - {}
RESULT: {}
COMMAND: GET /session/e9436a53cdf5c0a1eee30ba36cb8cd5b/screenshot - {}
RESULT: {}
COMMAND: POST /session/e9436a53cdf5c0a1eee30ba36cb8cd5b/elements - {"using":"xpath","value":"//span[text()='Error']"}
RESULT: {"using":"xpath","value":"//span[text()='Error']"}
COMMAND: POST /session/e9436a53cdf5c0a1eee30ba36cb8cd5b/execute/async - {"script":"<script> [1562 bytes]","args":[{"selector":{"controlType":"sap.ui.core.Icon","viewName":"etm.portal.ui.manageyards.view.Master","viewId":"application-manageyards-display-component---masterYard","properties":{"src":{"regex":{"source":"add"}}}},"wdio_ui5_key":"etmportal.ui.manageyards.view.Mastersap.ui.core.Icon{\"src\":{\"regex\":{\"source\":\"add\"}}}"}]}
RESULT: {"script":"<script> [1562 bytes]","args":[{"selector":{"controlType":"sap.ui.core.Icon","viewName":"etm.portal.ui.manageyards.view.Master","viewId":"application-manageyards-display-component---masterYard","properties":{"src":{"regex":{"source":"add"}}}},"wdio_ui5_key":"etmportal.ui.manageyards.view.Mastersap.ui.core.Icon{\"src\":{\"regex\":{\"source\":\"add\"}}}"}]}
RESULT: undefined
COMMAND: POST /session/e9436a53cdf5c0a1eee30ba36cb8cd5b/element - {"using":"xpath","value":"//*[@id=\"__button4-img\"]"}
RESULT: {"using":"xpath","value":"//*[@id=\"__button4-img\"]"}
COMMAND: POST /session/e9436a53cdf5c0a1eee30ba36cb8cd5b/element/f.BBFDC0F1250B5963FA96F3FBE9DA08E0.d.8BF2EE984897B32BDCF6410DFE14EE01.e.165/click - {}
RESULT: {}
COMMAND: GET /session/e9436a53cdf5c0a1eee30ba36cb8cd5b/screenshot - {}
RESULT: {}
COMMAND: POST /session/e9436a53cdf5c0a1eee30ba36cb8cd5b/execute/async - {"script":"<script> [1562 bytes]","args":[{"selector":{"id":"application-manageyards-display-component---NewYard--yardId","interaction":{"idSuffix":"inner"}},"wdio_ui5_key":"applicationmanageyards-display-component---NewYard--yardId"}]}
RESULT: {"script":"<script> [1562 bytes]","args":[{"selector":{"id":"application-manageyards-display-component---NewYard--yardId","interaction":{"idSuffix":"inner"}},"wdio_ui5_key":"applicationmanageyards-display-component---NewYard--yardId"}]}
RESULT: undefined
COMMAND: POST /session/e9436a53cdf5c0a1eee30ba36cb8cd5b/element - {"using":"xpath","value":"//*[@id=\"application-manageyards-display-component---NewYard--addressDetailDetailsName1-inner\"]"}
RESULT: {"using":"xpath","value":"//*[@id=\"application-manageyards-display-component---NewYard--addressDetailDetailsName1-inner\"]"}
COMMAND: POST /session/e9436a53cdf5c0a1eee30ba36cb8cd5b/element/f.BBFDC0F1250B5963FA96F3FBE9DA08E0.d.8BF2EE984897B32BDCF6410DFE14EE01.e.327/clear - {}
RESULT: {}
COMMAND: POST /session/e9436a53cdf5c0a1eee30ba36cb8cd5b/element/f.BBFDC0F1250B5963FA96F3FBE9DA08E0.d.8BF2EE984897B32BDCF6410DFE14EE01.e.327/value - {"text":"WebdriverYardz9sup"}
COMMAND: GET /session/e9436a53cdf5c0a1eee30ba36cb8cd5b/screenshot - {}
RESULT: {"text":"WebdriverYardz9sup"}
COMMAND: POST /session/e9436a53cdf5c0a1eee30ba36cb8cd5b/element - {"using":"xpath","value":"//*[@id=\"application-manageyards-display-component---NewYard--addressDetailDetailsLanguage-inner\"]"}
COMMAND: GET /session/e9436a53cdf5c0a1eee30ba36cb8cd5b/screenshot - {}
RESULT: {}
RESULT: {"using":"xpath","value":"//*[@id=\"application-manageyards-display-component---NewYard--addressDetailDetailsLanguage-inner\"]"}
COMMAND: POST /session/e9436a53cdf5c0a1eee30ba36cb8cd5b/element/f.BBFDC0F1250B5963FA96F3FBE9DA08E0.d.8BF2EE984897B32BDCF6410DFE14EE01.e.328/clear - {}
RESULT: {}
RESULT: {}
COMMAND: POST /session/e9436a53cdf5c0a1eee30ba36cb8cd5b/element/f.BBFDC0F1250B5963FA96F3FBE9DA08E0.d.8BF2EE984897B32BDCF6410DFE14EE01.e.328/value - {"text":"Romanian"}
COMMAND: GET /session/e9436a53cdf5c0a1eee30ba36cb8cd5b/screenshot - {}
RESULT: {"text":"Romanian"}
COMMAND: POST /session/e9436a53cdf5c0a1eee30ba36cb8cd5b/element - {"using":"xpath","value":"//input[contains(@id ,\"application-manageyards-display-component---NewYard--addressDetailDetailsName1-inner\")]"}
COMMAND: GET /session/e9436a53cdf5c0a1eee30ba36cb8cd5b/screenshot - {}
RESULT: {}
RESULT: {"using":"xpath","value":"//input[contains(@id ,\"application-manageyards-display-component---NewYard--addressDetailDetailsName1-inner\")]"}
COMMAND: GET /session/e9436a53cdf5c0a1eee30ba36cb8cd5b/element/f.BBFDC0F1250B5963FA96F3FBE9DA08E0.d.8BF2EE984897B32BDCF6410DFE14EE01.e.327/property/value - {}
RESULT: {}
RESULT: {}
COMMAND: GET /session/e9436a53cdf5c0a1eee30ba36cb8cd5b/screenshot - {}
RESULT: {}
COMMAND: POST /session/e9436a53cdf5c0a1eee30ba36cb8cd5b/element - {"using":"xpath","value":"//*[@id=\"application-manageyards-display-component---NewYard--addressDetailDetailsCity1-inner\"]"}
RESULT: {"using":"xpath","value":"//*[@id=\"application-manageyards-display-component---NewYard--addressDetailDetailsCity1-inner\"]"}
COMMAND: POST /session/e9436a53cdf5c0a1eee30ba36cb8cd5b/element/f.BBFDC0F1250B5963FA96F3FBE9DA08E0.d.8BF2EE984897B32BDCF6410DFE14EE01.e.330/clear - {}
RESULT: {}
COMMAND: POST /session/e9436a53cdf5c0a1eee30ba36cb8cd5b/element/f.BBFDC0F1250B5963FA96F3FBE9DA08E0.d.8BF2EE984897B32BDCF6410DFE14EE01.e.330/value - {"text":"Bucuresti"}
COMMAND: GET /session/e9436a53cdf5c0a1eee30ba36cb8cd5b/screenshot - {}
RESULT: {"text":"Bucuresti"}
COMMAND: GET /session/e9436a53cdf5c0a1eee30ba36cb8cd5b/screenshot - {}
RESULT: {}
RESULT: {}
COMMAND: POST /session/e9436a53cdf5c0a1eee30ba36cb8cd5b/element - {"using":"xpath","value":"//*[@id=\"application-manageyards-display-component---NewYard--addressDetailDetailsCountry-inner\"]"}
RESULT: {"using":"xpath","value":"//*[@id=\"application-manageyards-display-component---NewYard--addressDetailDetailsCountry-inner\"]"}
COMMAND: POST /session/e9436a53cdf5c0a1eee30ba36cb8cd5b/element/f.BBFDC0F1250B5963FA96F3FBE9DA08E0.d.8BF2EE984897B32BDCF6410DFE14EE01.e.334/clear - {}
RESULT: {}
COMMAND: POST /session/e9436a53cdf5c0a1eee30ba36cb8cd5b/element/f.BBFDC0F1250B5963FA96F3FBE9DA08E0.d.8BF2EE984897B32BDCF6410DFE14EE01.e.334/value - {"text":"Romania"}
COMMAND: GET /session/e9436a53cdf5c0a1eee30ba36cb8cd5b/screenshot - {}
RESULT: {"text":"Romania"}
COMMAND: GET /session/e9436a53cdf5c0a1eee30ba36cb8cd5b/screenshot - {}
RESULT: {}
RESULT: {}
COMMAND: POST /session/e9436a53cdf5c0a1eee30ba36cb8cd5b/element - {"using":"xpath","value":"//div[contains(text(), \"Commercial\")]"}
RESULT: {"using":"xpath","value":"//div[contains(text(), \"Commercial\")]"}
COMMAND: GET /session/e9436a53cdf5c0a1eee30ba36cb8cd5b/element/f.BBFDC0F1250B5963FA96F3FBE9DA08E0.d.8BF2EE984897B32BDCF6410DFE14EE01.e.584/rect - {}
RESULT: {}
COMMAND: GET /session/e9436a53cdf5c0a1eee30ba36cb8cd5b/window/rect - {}
RESULT: {}
COMMAND: POST /session/e9436a53cdf5c0a1eee30ba36cb8cd5b/execute/sync - {"script":"<script> [92 bytes]","args":[]}
RESULT: {"script":"<script> [92 bytes]","args":[]}
COMMAND: POST /session/e9436a53cdf5c0a1eee30ba36cb8cd5b/actions - {"actions":[{"id":"action1","type":"wheel","parameters":{},"actions":[{"type":"scroll","x":-1841,"y":-44,"deltaX":0,"deltaY":0,"duration":0,"origin":{"element-6066-11e4-a52e-4f735466cecf":"f.BBFDC0F1250B5963FA96F3FBE9DA08E0.d.8BF2EE984897B32BDCF6410DFE14EE01.e.584"}}]}]}
COMMAND: GET /session/e9436a53cdf5c0a1eee30ba36cb8cd5b/screenshot - {}
RESULT: {}
COMMAND: POST /session/e9436a53cdf5c0a1eee30ba36cb8cd5b/execute/sync - {"script":"<script> [79 bytes]","args":[{"element-6066-11e4-a52e-4f735466cecf":"f.BBFDC0F1250B5963FA96F3FBE9DA08E0.d.8BF2EE984897B32BDCF6410DFE14EE01.e.584","ELEMENT":"f.BBFDC0F1250B5963FA96F3FBE9DA08E0.d.8BF2EE984897B32BDCF6410DFE14EE01.e.584"},{"block":"start","inline":"nearest"}]}
RESULT: {"script":"<script> [79 bytes]","args":[{"element-6066-11e4-a52e-4f735466cecf":"f.BBFDC0F1250B5963FA96F3FBE9DA08E0.d.8BF2EE984897B32BDCF6410DFE14EE01.e.584","ELEMENT":"f.BBFDC0F1250B5963FA96F3FBE9DA08E0.d.8BF2EE984897B32BDCF6410DFE14EE01.e.584"},{"block":"start","inline":"nearest"}]}
COMMAND: GET /session/e9436a53cdf5c0a1eee30ba36cb8cd5b/screenshot - {}
RESULT: {}
COMMAND: POST /session/e9436a53cdf5c0a1eee30ba36cb8cd5b/execute/async - {"script":"<script> [1562 bytes]","args":[{"selector":{"id":"application-manageyards-display-component---NewYard--addressEditDetailsCostObjectCstType-arrow"},"wdio_ui5_key":"applicationmanageyards-display-component---NewYard--addressEditDetailsCostObjectCstType-arrow"}]}
RESULT: {"script":"<script> [1562 bytes]","args":[{"selector":{"id":"application-manageyards-display-component---NewYard--addressEditDetailsCostObjectCstType-arrow"},"wdio_ui5_key":"applicationmanageyards-display-component---NewYard--addressEditDetailsCostObjectCstType-arrow"}]}
RESULT: undefined
COMMAND: POST /session/e9436a53cdf5c0a1eee30ba36cb8cd5b/element - {"using":"xpath","value":"//*[@id=\"application-manageyards-display-component---NewYard--addressEditDetailsCostObjectCstType-arrow\"]"}
RESULT: {"using":"xpath","value":"//*[@id=\"application-manageyards-display-component---NewYard--addressEditDetailsCostObjectCstType-arrow\"]"}
COMMAND: POST /session/e9436a53cdf5c0a1eee30ba36cb8cd5b/element/f.BBFDC0F1250B5963FA96F3FBE9DA08E0.d.8BF2EE984897B32BDCF6410DFE14EE01.e.593/click - {}
RESULT: {}
COMMAND: POST /session/e9436a53cdf5c0a1eee30ba36cb8cd5b/element - {"using":"xpath","value":"//span[contains(text(), \"Cost Center\")]"}
COMMAND: GET /session/e9436a53cdf5c0a1eee30ba36cb8cd5b/screenshot - {}
RESULT: {"using":"xpath","value":"//span[contains(text(), \"Cost Center\")]"}
COMMAND: POST /session/e9436a53cdf5c0a1eee30ba36cb8cd5b/element/f.BBFDC0F1250B5963FA96F3FBE9DA08E0.d.8BF2EE984897B32BDCF6410DFE14EE01.e.594/click - {}
RESULT: {}
RESULT: {}
COMMAND: GET /session/e9436a53cdf5c0a1eee30ba36cb8cd5b/screenshot - {}
RESULT: {}
COMMAND: POST /session/e9436a53cdf5c0a1eee30ba36cb8cd5b/execute/async - {"script":"<script> [1562 bytes]","args":[{"selector":{"id":"application-manageyards-display-component---NewYard--addressNewCostObjectCstID-vhi"},"wdio_ui5_key":"applicationmanageyards-display-component---NewYard--addressNewCostObjectCstID-vhi"}]}
RESULT: {"script":"<script> [1562 bytes]","args":[{"selector":{"id":"application-manageyards-display-component---NewYard--addressNewCostObjectCstID-vhi"},"wdio_ui5_key":"applicationmanageyards-display-component---NewYard--addressNewCostObjectCstID-vhi"}]}
RESULT: undefined
COMMAND: POST /session/e9436a53cdf5c0a1eee30ba36cb8cd5b/element - {"using":"xpath","value":"//*[@id=\"application-manageyards-display-component---NewYard--addressNewCostObjectCstID-vhi\"]"}
RESULT: {"using":"xpath","value":"//*[@id=\"application-manageyards-display-component---NewYard--addressNewCostObjectCstID-vhi\"]"}
COMMAND: POST /session/e9436a53cdf5c0a1eee30ba36cb8cd5b/element/f.BBFDC0F1250B5963FA96F3FBE9DA08E0.d.8BF2EE984897B32BDCF6410DFE14EE01.e.609/click - {}
RESULT: {}
COMMAND: GET /session/e9436a53cdf5c0a1eee30ba36cb8cd5b/screenshot - {}
RESULT: {}
COMMAND: POST /session/e9436a53cdf5c0a1eee30ba36cb8cd5b/execute/async - {"script":"<script> [1562 bytes]","args":[{"selector":{"controlType":"sap.m.SearchField","properties":{"placeholder":"Search"},"searchOpenDialogs":true,"interaction":{"idSuffix":"I"}},"wdio_ui5_key":"sapm.SearchField{\"placeholder\":\"Search\"}"}]}
RESULT: {"script":"<script> [1562 bytes]","args":[{"selector":{"controlType":"sap.m.SearchField","properties":{"placeholder":"Search"},"searchOpenDialogs":true,"interaction":{"idSuffix":"I"}},"wdio_ui5_key":"sapm.SearchField{\"placeholder\":\"Search\"}"}]}
RESULT: undefined
COMMAND: POST /session/e9436a53cdf5c0a1eee30ba36cb8cd5b/execute/async - {"script":"<script> [776 bytes]","args":[{"enterText":"10001013","selector":{"controlType":"sap.m.SearchField","properties":{"placeholder":"Search"},"searchOpenDialogs":true,"interaction":{"idSuffix":"I"}},"clearTextFirst":true,"interactionType":"ENTER_TEXT"}]}
RESULT: {"script":"<script> [776 bytes]","args":[{"enterText":"10001013","selector":{"controlType":"sap.m.SearchField","properties":{"placeholder":"Search"},"searchOpenDialogs":true,"interaction":{"idSuffix":"I"}},"clearTextFirst":true,"interactionType":"ENTER_TEXT"}]}
COMMAND: POST /session/e9436a53cdf5c0a1eee30ba36cb8cd5b/actions - {"actions":[{"id":"action2","type":"key","parameters":{},"actions":[{"type":"keyDown","value":""},{"type":"pause","duration":10},{"type":"keyUp","value":""}]}]}
RESULT: {"actions":[{"id":"action2","type":"key","parameters":{},"actions":[{"type":"keyDown","value":""},{"type":"pause","duration":10},{"type":"keyUp","value":""}]}]}
COMMAND: GET /session/e9436a53cdf5c0a1eee30ba36cb8cd5b/screenshot - {}
RESULT: {}
COMMAND: POST /session/e9436a53cdf5c0a1eee30ba36cb8cd5b/element - {"using":"xpath","value":"//span[contains(text(), \"General Management\")]"}
RESULT: {"using":"xpath","value":"//span[contains(text(), \"General Management\")]"}
COMMAND: POST /session/e9436a53cdf5c0a1eee30ba36cb8cd5b/element/f.BBFDC0F1250B5963FA96F3FBE9DA08E0.d.8BF2EE984897B32BDCF6410DFE14EE01.e.649/click - {}
RESULT: {}
COMMAND: GET /session/e9436a53cdf5c0a1eee30ba36cb8cd5b/screenshot - {}
RESULT: {}
COMMAND: POST /session/e9436a53cdf5c0a1eee30ba36cb8cd5b/element - {"using":"xpath","value":"//bdi[contains(text(), \"OK\")]"}
RESULT: {"using":"xpath","value":"//bdi[contains(text(), \"OK\")]"}
COMMAND: POST /session/e9436a53cdf5c0a1eee30ba36cb8cd5b/element/f.BBFDC0F1250B5963FA96F3FBE9DA08E0.d.8BF2EE984897B32BDCF6410DFE14EE01.e.650/click - {}
RESULT: {}
COMMAND: GET /session/e9436a53cdf5c0a1eee30ba36cb8cd5b/screenshot - {}
RESULT: {}
COMMAND: POST /session/e9436a53cdf5c0a1eee30ba36cb8cd5b/execute/async - {"script":"<script> [1562 bytes]","args":[{"selector":{"controlType":"sap.m.Button","viewName":"etm.portal.ui.manageyards.view.New","viewId":"application-manageyards-display-component---NewYard","i18NText":{"propertyName":"text","key":"save"},"interaction":{"idSuffix":"inner"}},"wdio_ui5_key":"etmportal.ui.manageyards.view.Newsap.m.Button{\"propertyName\":\"text\",\"key\":\"save\"}"}]}
RESULT: {"script":"<script> [1562 bytes]","args":[{"selector":{"controlType":"sap.m.Button","viewName":"etm.portal.ui.manageyards.view.New","viewId":"application-manageyards-display-component---NewYard","i18NText":{"propertyName":"text","key":"save"},"interaction":{"idSuffix":"inner"}},"wdio_ui5_key":"etmportal.ui.manageyards.view.Newsap.m.Button{\"propertyName\":\"text\",\"key\":\"save\"}"}]}
RESULT: undefined
COMMAND: POST /session/e9436a53cdf5c0a1eee30ba36cb8cd5b/element - {"using":"xpath","value":"//*[@id=\"__button18\"]"}
RESULT: {"using":"xpath","value":"//*[@id=\"__button18\"]"}
COMMAND: POST /session/e9436a53cdf5c0a1eee30ba36cb8cd5b/element/f.BBFDC0F1250B5963FA96F3FBE9DA08E0.d.8BF2EE984897B32BDCF6410DFE14EE01.e.537/click - {}
RESULT: {}
COMMAND: GET /session/e9436a53cdf5c0a1eee30ba36cb8cd5b/screenshot - {}
RESULT: {}
COMMAND: POST /session/e9436a53cdf5c0a1eee30ba36cb8cd5b/element - {"using":"xpath","value":"//header/div/div[2]/div[2]/span"}
RESULT: {"using":"xpath","value":"//header/div/div[2]/div[2]/span"}
COMMAND: GET /session/e9436a53cdf5c0a1eee30ba36cb8cd5b/element/f.BBFDC0F1250B5963FA96F3FBE9DA08E0.d.8BF2EE984897B32BDCF6410DFE14EE01.e.849/text - {}
RESULT: {}
COMMAND: POST /session/e9436a53cdf5c0a1eee30ba36cb8cd5b/execute/async - {"script":"<script> [1562 bytes]","args":[{"selector":{"controlType":"sap.m.OverflowToolbarButton","viewName":"etm.portal.ui.manageyards.view.Detail","viewId":"application-manageyards-display-component---detailYard","i18NText":{"propertyName":"tooltip","key":"closeColumn"},"interaction":{"idSuffix":"inner"}},"wdio_ui5_key":"etmportal.ui.manageyards.view.Detailsap.m.OverflowToolbarButton{\"propertyName\":\"tooltip\",\"key\":\"closeColumn\"}"}]}
RESULT: {"script":"<script> [1562 bytes]","args":[{"selector":{"controlType":"sap.m.OverflowToolbarButton","viewName":"etm.portal.ui.manageyards.view.Detail","viewId":"application-manageyards-display-component---detailYard","i18NText":{"propertyName":"tooltip","key":"closeColumn"},"interaction":{"idSuffix":"inner"}},"wdio_ui5_key":"etmportal.ui.manageyards.view.Detailsap.m.OverflowToolbarButton{\"propertyName\":\"tooltip\",\"key\":\"closeColumn\"}"}]}
RESULT: undefined
COMMAND: POST /session/e9436a53cdf5c0a1eee30ba36cb8cd5b/element - {"using":"xpath","value":"//*[@id=\"__button40\"]"}
RESULT: {"using":"xpath","value":"//*[@id=\"__button40\"]"}
COMMAND: POST /session/e9436a53cdf5c0a1eee30ba36cb8cd5b/element/f.BBFDC0F1250B5963FA96F3FBE9DA08E0.d.8BF2EE984897B32BDCF6410DFE14EE01.e.851/click - {}
RESULT: {}
COMMAND: GET /session/e9436a53cdf5c0a1eee30ba36cb8cd5b/screenshot - {}
RESULT: {}
COMMAND: POST /session/e9436a53cdf5c0a1eee30ba36cb8cd5b/element - {"using":"css selector","value":"#shell-header-logo"}
RESULT: {"using":"css selector","value":"#shell-header-logo"}
COMMAND: POST /session/e9436a53cdf5c0a1eee30ba36cb8cd5b/element/f.BBFDC0F1250B5963FA96F3FBE9DA08E0.d.8BF2EE984897B32BDCF6410DFE14EE01.e.119/click - {}
RESULT: {}
COMMAND: GET /session/e9436a53cdf5c0a1eee30ba36cb8cd5b/screenshot - {}
RESULT: {}
COMMAND: POST /session/e9436a53cdf5c0a1eee30ba36cb8cd5b/refresh - {}
RESULT: {}
COMMAND: GET /session/e9436a53cdf5c0a1eee30ba36cb8cd5b/screenshot - {}
RESULT: {}
COMMAND: POST /session/e9436a53cdf5c0a1eee30ba36cb8cd5b/execute/async - {"script":"<script> [189 bytes]","args":[]}
RESULT: {"script":"<script> [189 bytes]","args":[]}
COMMAND: POST /session/e9436a53cdf5c0a1eee30ba36cb8cd5b/execute/async - {"script":"<script> [123 bytes]","args":[]}
RESULT: {"script":"<script> [123 bytes]","args":[]}
COMMAND: POST /session/e9436a53cdf5c0a1eee30ba36cb8cd5b/timeouts - {"script":"<number>"}
RESULT: {"script":"<number>"}
COMMAND: GET /session/e9436a53cdf5c0a1eee30ba36cb8cd5b/timeouts - {}
RESULT: {}
RESULT: undefined
COMMAND: POST /session/e9436a53cdf5c0a1eee30ba36cb8cd5b/execute/async - {"script":"<script> [2676 bytes]","args":[]}
RESULT: {"script":"<script> [2676 bytes]","args":[]}
COMMAND: POST /session/e9436a53cdf5c0a1eee30ba36cb8cd5b/execute/async - {"script":"<script> [2342 bytes]","args":[{"protocol":"http","hostname":"0.0.0.0","path":"/","capabilities":{"browserName":"chrome","goog:chromeOptions":{"binary":"C:\\Program Files\\Google\\Chrome\\Application\\chrome.exe","args":["--start-maximized"]}},"logLevel":"warn","connectionRetryTimeout":120000,"connectionRetryCount":3,"logLevels":{},"enableDirectConnect":true,"strictSSL":true,"_":"65 more keys: [\"cacheDir\",\"port\",\"requestedCapabilities\",\"automationProtocol\",\"baseUrl\",\"waitforInterval\",\"waitforTimeout\",\"onReload\",\"beforeCommand\",\"afterCommand\",\"rootDir\",\"specs\",\"suites\",\"exclude\",\"groupLogsByTestSpec\",\"excludeDriverLogs\",\"bail\",\"framework\",\"reporters\",\"services\",\"maxInstances\",\"maxInstancesPerCapability\",\"injectGlobals\",\"filesToWatch\",\"execArgv\",\"runnerEnv\",\"runner\",\"shard\",\"specFileRetries\",\"specFileRetriesDelay\",\"specFileRetriesDeferred\",\"reporterSyncInterval\",\"reporterSyncTimeout\",\"cucumberFeaturesWithLineNumbers\",\"autoCompileOpts\",\"mochaOpts\",\"jasmineOpts\",\"cucumberOpts\",\"onPrepare\",\"onWorkerStart\",\"onWorkerEnd\",\"before\",\"beforeSession\",\"beforeSuite\",\"beforeHook\",\"beforeTest\",\"afterTest\",\"afterHook\",\"afterSuite\",\"afterSession\",\"after\",\"onComplete\",\"beforeAssertion\",\"afterAssertion\",\"beforeFeature\",\"beforeScenario\",\"beforeStep\",\"afterStep\",\"afterScenario\",\"afterFeature\",\"_\",\"suite\",\"$0\",\"ignoredWorkerServices\",\"wdi5\"]"}]}
RESULT: {"script":"<script> [2342 bytes]","args":[{"protocol":"http","hostname":"0.0.0.0","path":"/","capabilities":{"browserName":"chrome","goog:chromeOptions":{"binary":"C:\\Program Files\\Google\\Chrome\\Application\\chrome.exe","args":["--start-maximized"]}},"logLevel":"warn","connectionRetryTimeout":120000,"connectionRetryCount":3,"logLevels":{},"enableDirectConnect":true,"strictSSL":true,"_":"65 more keys: [\"cacheDir\",\"port\",\"requestedCapabilities\",\"automationProtocol\",\"baseUrl\",\"waitforInterval\",\"waitforTimeout\",\"onReload\",\"beforeCommand\",\"afterCommand\",\"rootDir\",\"specs\",\"suites\",\"exclude\",\"groupLogsByTestSpec\",\"excludeDriverLogs\",\"bail\",\"framework\",\"reporters\",\"services\",\"maxInstances\",\"maxInstancesPerCapability\",\"injectGlobals\",\"filesToWatch\",\"execArgv\",\"runnerEnv\",\"runner\",\"shard\",\"specFileRetries\",\"specFileRetriesDelay\",\"specFileRetriesDeferred\",\"reporterSyncInterval\",\"reporterSyncTimeout\",\"cucumberFeaturesWithLineNumbers\",\"autoCompileOpts\",\"mochaOpts\",\"jasmineOpts\",\"cucumberOpts\",\"onPrepare\",\"onWorkerStart\",\"onWorkerEnd\",\"before\",\"beforeSession\",\"beforeSuite\",\"beforeHook\",\"beforeTest\",\"afterTest\",\"afterHook\",\"afterSuite\",\"afterSession\",\"after\",\"onComplete\",\"beforeAssertion\",\"afterAssertion\",\"beforeFeature\",\"beforeScenario\",\"beforeStep\",\"afterStep\",\"afterScenario\",\"afterFeature\",\"_\",\"suite\",\"$0\",\"ignoredWorkerServices\",\"wdi5\"]"}]}
COMMAND: POST /session/e9436a53cdf5c0a1eee30ba36cb8cd5b/execute/async - {"script":"<script> [21126 bytes]","args":[35000]}
RESULT: {"script":"<script> [21126 bytes]","args":[35000]}
COMMAND: POST /session/e9436a53cdf5c0a1eee30ba36cb8cd5b/execute/async - {"script":"<script> [1562 bytes]","args":[{"selector":{"controlType":"sap.m.GenericTile","properties":{"header":"Manage Sites"}},"wdio_ui5_key":"sapm.GenericTile{\"header\":\"Manage Sites\"}"}]}
RESULT: {"script":"<script> [1562 bytes]","args":[{"selector":{"controlType":"sap.m.GenericTile","properties":{"header":"Manage Sites"}},"wdio_ui5_key":"sapm.GenericTile{\"header\":\"Manage Sites\"}"}]}
RESULT: undefined
COMMAND: POST /session/e9436a53cdf5c0a1eee30ba36cb8cd5b/element - {"using":"xpath","value":"//*[@id=\"__tile40\"]"}
RESULT: {"using":"xpath","value":"//*[@id=\"__tile40\"]"}
COMMAND: POST /session/e9436a53cdf5c0a1eee30ba36cb8cd5b/element/f.BBFDC0F1250B5963FA96F3FBE9DA08E0.d.56459731AF28D44FC7145AF60DEC65DB.e.1205/click - {}
RESULT: {}
COMMAND: GET /session/e9436a53cdf5c0a1eee30ba36cb8cd5b/screenshot - {}
RESULT: {}
COMMAND: POST /session/e9436a53cdf5c0a1eee30ba36cb8cd5b/elements - {"using":"xpath","value":"//span[text()='Error']"}
RESULT: {"using":"xpath","value":"//span[text()='Error']"}
COMMAND: POST /session/e9436a53cdf5c0a1eee30ba36cb8cd5b/execute/async - {"script":"<script> [1562 bytes]","args":[{"selector":{"controlType":"sap.ui.core.Icon","viewName":"etm.portal.ui.managesites.view.Master","viewId":"application-managesites-display-component---masterSite","properties":{"src":{"regex":{"source":"add"}}}},"wdio_ui5_key":"etmportal.ui.managesites.view.Mastersap.ui.core.Icon{\"src\":{\"regex\":{\"source\":\"add\"}}}"}]}
RESULT: {"script":"<script> [1562 bytes]","args":[{"selector":{"controlType":"sap.ui.core.Icon","viewName":"etm.portal.ui.managesites.view.Master","viewId":"application-managesites-display-component---masterSite","properties":{"src":{"regex":{"source":"add"}}}},"wdio_ui5_key":"etmportal.ui.managesites.view.Mastersap.ui.core.Icon{\"src\":{\"regex\":{\"source\":\"add\"}}}"}]}
RESULT: undefined
COMMAND: POST /session/e9436a53cdf5c0a1eee30ba36cb8cd5b/element - {"using":"xpath","value":"//*[@id=\"__button4-img\"]"}
RESULT: {"using":"xpath","value":"//*[@id=\"__button4-img\"]"}
COMMAND: POST /session/e9436a53cdf5c0a1eee30ba36cb8cd5b/element/f.BBFDC0F1250B5963FA96F3FBE9DA08E0.d.56459731AF28D44FC7145AF60DEC65DB.e.1254/click - {}
RESULT: {}
COMMAND: POST /session/e9436a53cdf5c0a1eee30ba36cb8cd5b/execute/async - {"script":"<script> [1562 bytes]","args":[{"selector":{"id":"application-managesites-display-component---NewSite--siteId","interaction":{"idSuffix":"inner"}},"wdio_ui5_key":"applicationmanagesites-display-component---NewSite--siteId"}]}
COMMAND: GET /session/e9436a53cdf5c0a1eee30ba36cb8cd5b/screenshot - {}
RESULT: {"script":"<script> [1562 bytes]","args":[{"selector":{"id":"application-managesites-display-component---NewSite--siteId","interaction":{"idSuffix":"inner"}},"wdio_ui5_key":"applicationmanagesites-display-component---NewSite--siteId"}]}
RESULT: undefined
COMMAND: POST /session/e9436a53cdf5c0a1eee30ba36cb8cd5b/execute/async - {"script":"<script> [1562 bytes]","args":[{"selector":{"id":"application-managesites-display-component---NewSite--addressDetailDetailsName1","interaction":{"idSuffix":"inner"}},"wdio_ui5_key":"applicationmanagesites-display-component---NewSite--addressDetailDetailsName1"}]}
RESULT: {}
RESULT: {"script":"<script> [1562 bytes]","args":[{"selector":{"id":"application-managesites-display-component---NewSite--addressDetailDetailsName1","interaction":{"idSuffix":"inner"}},"wdio_ui5_key":"applicationmanagesites-display-component---NewSite--addressDetailDetailsName1"}]}
RESULT: undefined
COMMAND: POST /session/e9436a53cdf5c0a1eee30ba36cb8cd5b/execute/async - {"script":"<script> [776 bytes]","args":[{"enterText":"WebdriverSite9bfbs","selector":{"id":"application-managesites-display-component---NewSite--addressDetailDetailsName1","interaction":{"idSuffix":"inner"}},"clearTextFirst":true,"interactionType":"ENTER_TEXT"}]}
RESULT: {"script":"<script> [776 bytes]","args":[{"enterText":"WebdriverSite9bfbs","selector":{"id":"application-managesites-display-component---NewSite--addressDetailDetailsName1","interaction":{"idSuffix":"inner"}},"clearTextFirst":true,"interactionType":"ENTER_TEXT"}]}
COMMAND: POST /session/e9436a53cdf5c0a1eee30ba36cb8cd5b/execute/async - {"script":"<script> [1562 bytes]","args":[{"selector":{"id":"application-managesites-display-component---NewSite--addressDetailDetailsLanguage","interaction":{"idSuffix":"inner"}},"wdio_ui5_key":"applicationmanagesites-display-component---NewSite--addressDetailDetailsLanguage"}]}
RESULT: {"script":"<script> [1562 bytes]","args":[{"selector":{"id":"application-managesites-display-component---NewSite--addressDetailDetailsLanguage","interaction":{"idSuffix":"inner"}},"wdio_ui5_key":"applicationmanagesites-display-component---NewSite--addressDetailDetailsLanguage"}]}
RESULT: undefined
COMMAND: POST /session/e9436a53cdf5c0a1eee30ba36cb8cd5b/execute/async - {"script":"<script> [776 bytes]","args":[{"enterText":"Romanian","selector":{"id":"application-managesites-display-component---NewSite--addressDetailDetailsLanguage","interaction":{"idSuffix":"inner"}},"clearTextFirst":true,"interactionType":"ENTER_TEXT"}]}
RESULT: {"script":"<script> [776 bytes]","args":[{"enterText":"Romanian","selector":{"id":"application-managesites-display-component---NewSite--addressDetailDetailsLanguage","interaction":{"idSuffix":"inner"}},"clearTextFirst":true,"interactionType":"ENTER_TEXT"}]}
COMMAND: POST /session/e9436a53cdf5c0a1eee30ba36cb8cd5b/execute/async - {"script":"<script> [1562 bytes]","args":[{"selector":{"id":"application-managesites-display-component---NewSite--addressDetailDetailsCity1","interaction":{"idSuffix":"inner"}},"wdio_ui5_key":"applicationmanagesites-display-component---NewSite--addressDetailDetailsCity1"}]}
RESULT: {"script":"<script> [1562 bytes]","args":[{"selector":{"id":"application-managesites-display-component---NewSite--addressDetailDetailsCity1","interaction":{"idSuffix":"inner"}},"wdio_ui5_key":"applicationmanagesites-display-component---NewSite--addressDetailDetailsCity1"}]}
RESULT: undefined
COMMAND: POST /session/e9436a53cdf5c0a1eee30ba36cb8cd5b/execute/async - {"script":"<script> [776 bytes]","args":[{"enterText":"Bucharest","selector":{"id":"application-managesites-display-component---NewSite--addressDetailDetailsCity1","interaction":{"idSuffix":"inner"}},"clearTextFirst":true,"interactionType":"ENTER_TEXT"}]}
RESULT: {"script":"<script> [776 bytes]","args":[{"enterText":"Bucharest","selector":{"id":"application-managesites-display-component---NewSite--addressDetailDetailsCity1","interaction":{"idSuffix":"inner"}},"clearTextFirst":true,"interactionType":"ENTER_TEXT"}]}
COMMAND: POST /session/e9436a53cdf5c0a1eee30ba36cb8cd5b/execute/async - {"script":"<script> [1562 bytes]","args":[{"selector":{"id":"application-managesites-display-component---NewSite--addressDetailDetailsCountry","interaction":{"idSuffix":"inner"}},"wdio_ui5_key":"applicationmanagesites-display-component---NewSite--addressDetailDetailsCountry"}]}
RESULT: {"script":"<script> [1562 bytes]","args":[{"selector":{"id":"application-managesites-display-component---NewSite--addressDetailDetailsCountry","interaction":{"idSuffix":"inner"}},"wdio_ui5_key":"applicationmanagesites-display-component---NewSite--addressDetailDetailsCountry"}]}
RESULT: undefined
COMMAND: POST /session/e9436a53cdf5c0a1eee30ba36cb8cd5b/execute/async - {"script":"<script> [776 bytes]","args":[{"enterText":"Romania","selector":{"id":"application-managesites-display-component---NewSite--addressDetailDetailsCountry","interaction":{"idSuffix":"inner"}},"clearTextFirst":true,"interactionType":"ENTER_TEXT"}]}
RESULT: {"script":"<script> [776 bytes]","args":[{"enterText":"Romania","selector":{"id":"application-managesites-display-component---NewSite--addressDetailDetailsCountry","interaction":{"idSuffix":"inner"}},"clearTextFirst":true,"interactionType":"ENTER_TEXT"}]}
COMMAND: POST /session/e9436a53cdf5c0a1eee30ba36cb8cd5b/element - {"using":"css selector","value":"#application-managesites-display-component---NewSite--addressDetailDetailsCalendar-inner"}
RESULT: {"using":"css selector","value":"#application-managesites-display-component---NewSite--addressDetailDetailsCalendar-inner"}
COMMAND: POST /session/e9436a53cdf5c0a1eee30ba36cb8cd5b/element/f.BBFDC0F1250B5963FA96F3FBE9DA08E0.d.56459731AF28D44FC7145AF60DEC65DB.e.1445/clear - {}
RESULT: {}
COMMAND: POST /session/e9436a53cdf5c0a1eee30ba36cb8cd5b/element/f.BBFDC0F1250B5963FA96F3FBE9DA08E0.d.56459731AF28D44FC7145AF60DEC65DB.e.1445/value - {"text":"Germany"}
COMMAND: GET /session/e9436a53cdf5c0a1eee30ba36cb8cd5b/screenshot - {}
RESULT: {"text":"Germany"}
COMMAND: POST /session/e9436a53cdf5c0a1eee30ba36cb8cd5b/execute/async - {"script":"<script> [1562 bytes]","args":[{"selector":{"id":"application-managesites-display-component---NewSite--addressEditDetailsCostObjectCstType-arrow"},"wdio_ui5_key":"applicationmanagesites-display-component---NewSite--addressEditDetailsCostObjectCstType-arrow"}]}
COMMAND: GET /session/e9436a53cdf5c0a1eee30ba36cb8cd5b/screenshot - {}
RESULT: {}
RESULT: {"script":"<script> [1562 bytes]","args":[{"selector":{"id":"application-managesites-display-component---NewSite--addressEditDetailsCostObjectCstType-arrow"},"wdio_ui5_key":"applicationmanagesites-display-component---NewSite--addressEditDetailsCostObjectCstType-arrow"}]}
RESULT: undefined
COMMAND: POST /session/e9436a53cdf5c0a1eee30ba36cb8cd5b/element - {"using":"xpath","value":"//*[@id=\"application-managesites-display-component---NewSite--addressEditDetailsCostObjectCstType-arrow\"]"}
RESULT: {}
RESULT: {"using":"xpath","value":"//*[@id=\"application-managesites-display-component---NewSite--addressEditDetailsCostObjectCstType-arrow\"]"}
COMMAND: POST /session/e9436a53cdf5c0a1eee30ba36cb8cd5b/element/f.BBFDC0F1250B5963FA96F3FBE9DA08E0.d.56459731AF28D44FC7145AF60DEC65DB.e.1638/click - {}
RESULT: {}
COMMAND: POST /session/e9436a53cdf5c0a1eee30ba36cb8cd5b/element - {"using":"xpath","value":"//span[contains(text(), \"Work Breakdown Structure\")]"}
COMMAND: GET /session/e9436a53cdf5c0a1eee30ba36cb8cd5b/screenshot - {}
RESULT: {"using":"xpath","value":"//span[contains(text(), \"Work Breakdown Structure\")]"}
COMMAND: POST /session/e9436a53cdf5c0a1eee30ba36cb8cd5b/element/f.BBFDC0F1250B5963FA96F3FBE9DA08E0.d.56459731AF28D44FC7145AF60DEC65DB.e.1639/click - {}
RESULT: {}
RESULT: {}
COMMAND: GET /session/e9436a53cdf5c0a1eee30ba36cb8cd5b/screenshot - {}
RESULT: {}
COMMAND: POST /session/e9436a53cdf5c0a1eee30ba36cb8cd5b/execute/async - {"script":"<script> [1562 bytes]","args":[{"selector":{"id":"application-managesites-display-component---NewSite--addressNewCostObjectCstID-vhi"},"wdio_ui5_key":"applicationmanagesites-display-component---NewSite--addressNewCostObjectCstID-vhi"}]}
RESULT: {"script":"<script> [1562 bytes]","args":[{"selector":{"id":"application-managesites-display-component---NewSite--addressNewCostObjectCstID-vhi"},"wdio_ui5_key":"applicationmanagesites-display-component---NewSite--addressNewCostObjectCstID-vhi"}]}
RESULT: undefined
COMMAND: POST /session/e9436a53cdf5c0a1eee30ba36cb8cd5b/element - {"using":"xpath","value":"//*[@id=\"application-managesites-display-component---NewSite--addressNewCostObjectCstID-vhi\"]"}
RESULT: {"using":"xpath","value":"//*[@id=\"application-managesites-display-component---NewSite--addressNewCostObjectCstID-vhi\"]"}
COMMAND: POST /session/e9436a53cdf5c0a1eee30ba36cb8cd5b/element/f.BBFDC0F1250B5963FA96F3FBE9DA08E0.d.56459731AF28D44FC7145AF60DEC65DB.e.1643/click - {}
RESULT: {}
COMMAND: GET /session/e9436a53cdf5c0a1eee30ba36cb8cd5b/screenshot - {}
RESULT: {}
COMMAND: POST /session/e9436a53cdf5c0a1eee30ba36cb8cd5b/execute/async - {"script":"<script> [1562 bytes]","args":[{"selector":{"controlType":"sap.m.SearchField","properties":{"placeholder":"Search"},"searchOpenDialogs":true,"interaction":{"idSuffix":"I"}},"wdio_ui5_key":"sapm.SearchField{\"placeholder\":\"Search\"}"}]}
RESULT: {"script":"<script> [1562 bytes]","args":[{"selector":{"controlType":"sap.m.SearchField","properties":{"placeholder":"Search"},"searchOpenDialogs":true,"interaction":{"idSuffix":"I"}},"wdio_ui5_key":"sapm.SearchField{\"placeholder\":\"Search\"}"}]}
RESULT: undefined
COMMAND: POST /session/e9436a53cdf5c0a1eee30ba36cb8cd5b/execute/async - {"script":"<script> [776 bytes]","args":[{"enterText":"A1-000100-01","selector":{"controlType":"sap.m.SearchField","properties":{"placeholder":"Search"},"searchOpenDialogs":true,"interaction":{"idSuffix":"I"}},"clearTextFirst":true,"interactionType":"ENTER_TEXT"}]}
RESULT: {"script":"<script> [776 bytes]","args":[{"enterText":"A1-000100-01","selector":{"controlType":"sap.m.SearchField","properties":{"placeholder":"Search"},"searchOpenDialogs":true,"interaction":{"idSuffix":"I"}},"clearTextFirst":true,"interactionType":"ENTER_TEXT"}]}
COMMAND: POST /session/e9436a53cdf5c0a1eee30ba36cb8cd5b/actions - {"actions":[{"id":"action3","type":"key","parameters":{},"actions":[{"type":"keyDown","value":""},{"type":"pause","duration":10},{"type":"keyUp","value":""}]}]}
RESULT: {"actions":[{"id":"action3","type":"key","parameters":{},"actions":[{"type":"keyDown","value":""},{"type":"pause","duration":10},{"type":"keyUp","value":""}]}]}
COMMAND: GET /session/e9436a53cdf5c0a1eee30ba36cb8cd5b/screenshot - {}
RESULT: {}
COMMAND: POST /session/e9436a53cdf5c0a1eee30ba36cb8cd5b/element - {"using":"xpath","value":"//span[contains(text(), \"Template for ETO-Process\")]"}
RESULT: {"using":"xpath","value":"//span[contains(text(), \"Template for ETO-Process\")]"}
COMMAND: POST /session/e9436a53cdf5c0a1eee30ba36cb8cd5b/element/f.BBFDC0F1250B5963FA96F3FBE9DA08E0.d.56459731AF28D44FC7145AF60DEC65DB.e.1663/click - {}
RESULT: {}
COMMAND: GET /session/e9436a53cdf5c0a1eee30ba36cb8cd5b/screenshot - {}
RESULT: {}
COMMAND: POST /session/e9436a53cdf5c0a1eee30ba36cb8cd5b/element - {"using":"xpath","value":"//bdi[contains(text(), \"OK\")]"}
RESULT: {"using":"xpath","value":"//bdi[contains(text(), \"OK\")]"}
COMMAND: POST /session/e9436a53cdf5c0a1eee30ba36cb8cd5b/element/f.BBFDC0F1250B5963FA96F3FBE9DA08E0.d.56459731AF28D44FC7145AF60DEC65DB.e.1664/click - {}
RESULT: {}
COMMAND: GET /session/e9436a53cdf5c0a1eee30ba36cb8cd5b/screenshot - {}
RESULT: {}
COMMAND: POST /session/e9436a53cdf5c0a1eee30ba36cb8cd5b/element - {"using":"xpath","value":"//input[@id=\"application-managesites-display-component---NewSite--addressDetailDetailsYard-inner\"]"}
RESULT: {"using":"xpath","value":"//input[@id=\"application-managesites-display-component---NewSite--addressDetailDetailsYard-inner\"]"}
COMMAND: POST /session/e9436a53cdf5c0a1eee30ba36cb8cd5b/element/f.BBFDC0F1250B5963FA96F3FBE9DA08E0.d.56459731AF28D44FC7145AF60DEC65DB.e.1446/value - {"text":"WebdriverYardz9sup"}
RESULT: {"text":"WebdriverYardz9sup"}
COMMAND: GET /session/e9436a53cdf5c0a1eee30ba36cb8cd5b/screenshot - {}
RESULT: {}
COMMAND: POST /session/e9436a53cdf5c0a1eee30ba36cb8cd5b/actions - {"actions":[{"id":"action4","type":"key","parameters":{},"actions":[{"type":"keyDown","value":""},{"type":"pause","duration":10},{"type":"keyUp","value":""}]}]}
RESULT: {"actions":[{"id":"action4","type":"key","parameters":{},"actions":[{"type":"keyDown","value":""},{"type":"pause","duration":10},{"type":"keyUp","value":""}]}]}
COMMAND: GET /session/e9436a53cdf5c0a1eee30ba36cb8cd5b/screenshot - {}
RESULT: {}
COMMAND: POST /session/e9436a53cdf5c0a1eee30ba36cb8cd5b/element - {"using":"xpath","value":"//input[@id=\"application-managesites-display-component---NewSite--addressDetailDetailsPartner-inner\"]"}
RESULT: {"using":"xpath","value":"//input[@id=\"application-managesites-display-component---NewSite--addressDetailDetailsPartner-inner\"]"}
COMMAND: POST /session/e9436a53cdf5c0a1eee30ba36cb8cd5b/elements - {"using":"xpath","value":"//input[@id=\"application-managesites-display-component---NewSite--addressDetailDetailsPartner-inner\"]"}
RESULT: {"using":"xpath","value":"//input[@id=\"application-managesites-display-component---NewSite--addressDetailDetailsPartner-inner\"]"}
COMMAND: POST /session/e9436a53cdf5c0a1eee30ba36cb8cd5b/execute/async - {"script":"<script> [1562 bytes]","args":[{"selector":{"controlType":"sap.m.Button","viewName":"etm.portal.ui.managesites.view.NewSmartSite","viewId":"application-managesites-display-component---NewSite","properties":{"text":"Commercial"},"interaction":{"idSuffix":"BDI-content"}},"wdio_ui5_key":"etmportal.ui.managesites.view.NewSmartSitesap.m.Button{\"text\":\"Commercial\"}"}]}
RESULT: {"script":"<script> [1562 bytes]","args":[{"selector":{"controlType":"sap.m.Button","viewName":"etm.portal.ui.managesites.view.NewSmartSite","viewId":"application-managesites-display-component---NewSite","properties":{"text":"Commercial"},"interaction":{"idSuffix":"BDI-content"}},"wdio_ui5_key":"etmportal.ui.managesites.view.NewSmartSitesap.m.Button{\"text\":\"Commercial\"}"}]}
RESULT: undefined
COMMAND: POST /session/e9436a53cdf5c0a1eee30ba36cb8cd5b/element - {"using":"xpath","value":"//*[@id=\"application-managesites-display-component---NewSite--ObjectPageLayout-anchBar-__section5-anchor\"]"}
RESULT: {"using":"xpath","value":"//*[@id=\"application-managesites-display-component---NewSite--ObjectPageLayout-anchBar-__section5-anchor\"]"}
COMMAND: POST /session/e9436a53cdf5c0a1eee30ba36cb8cd5b/element/f.BBFDC0F1250B5963FA96F3FBE9DA08E0.d.56459731AF28D44FC7145AF60DEC65DB.e.1671/click - {}
RESULT: {}
COMMAND: POST /session/e9436a53cdf5c0a1eee30ba36cb8cd5b/execute/async - {"script":"<script> [1562 bytes]","args":[{"selector":{"controlType":"sap.m.Button","viewName":"etm.portal.ui.managesites.view.NewSmartSite","viewId":"application-managesites-display-component---NewSite","i18NText":{"propertyName":"text","key":"save"},"interaction":{"idSuffix":"BDI-content"}},"wdio_ui5_key":"etmportal.ui.managesites.view.NewSmartSitesap.m.Button{\"propertyName\":\"text\",\"key\":\"save\"}"}]}
COMMAND: GET /session/e9436a53cdf5c0a1eee30ba36cb8cd5b/screenshot - {}
RESULT: {"script":"<script> [1562 bytes]","args":[{"selector":{"controlType":"sap.m.Button","viewName":"etm.portal.ui.managesites.view.NewSmartSite","viewId":"application-managesites-display-component---NewSite","i18NText":{"propertyName":"text","key":"save"},"interaction":{"idSuffix":"BDI-content"}},"wdio_ui5_key":"etmportal.ui.managesites.view.NewSmartSitesap.m.Button{\"propertyName\":\"text\",\"key\":\"save\"}"}]}
RESULT: undefined
COMMAND: POST /session/e9436a53cdf5c0a1eee30ba36cb8cd5b/element - {"using":"xpath","value":"//*[@id=\"__button16\"]"}
RESULT: {}
RESULT: {"using":"xpath","value":"//*[@id=\"__button16\"]"}
COMMAND: POST /session/e9436a53cdf5c0a1eee30ba36cb8cd5b/element/f.BBFDC0F1250B5963FA96F3FBE9DA08E0.d.56459731AF28D44FC7145AF60DEC65DB.e.1577/click - {}
RESULT: {}
COMMAND: GET /session/e9436a53cdf5c0a1eee30ba36cb8cd5b/screenshot - {}
RESULT: {}
COMMAND: POST /session/e9436a53cdf5c0a1eee30ba36cb8cd5b/execute/async - {"script":"<script> [1562 bytes]","args":[{"selector":{"id":"application-managesites-display-component---detailSite--addressDetailDetailsYardText"},"wdio_ui5_key":"applicationmanagesites-display-component---detailSite--addressDetailDetailsYardText"}]}
RESULT: {"script":"<script> [1562 bytes]","args":[{"selector":{"id":"application-managesites-display-component---detailSite--addressDetailDetailsYardText"},"wdio_ui5_key":"applicationmanagesites-display-component---detailSite--addressDetailDetailsYardText"}]}
RESULT: undefined
COMMAND: POST /session/e9436a53cdf5c0a1eee30ba36cb8cd5b/element - {"using":"xpath","value":"//header/div/div[2]/div[2]/span"}
RESULT: {"using":"xpath","value":"//header/div/div[2]/div[2]/span"}
COMMAND: GET /session/e9436a53cdf5c0a1eee30ba36cb8cd5b/element/f.BBFDC0F1250B5963FA96F3FBE9DA08E0.d.56459731AF28D44FC7145AF60DEC65DB.e.1875/text - {}
RESULT: {}
COMMAND: POST /session/e9436a53cdf5c0a1eee30ba36cb8cd5b/element - {"using":"xpath","value":"//header/div/div/div/div/div/div[2]/div/span"}
RESULT: {"using":"xpath","value":"//header/div/div/div/div/div/div[2]/div/span"}
COMMAND: GET /session/e9436a53cdf5c0a1eee30ba36cb8cd5b/element/f.BBFDC0F1250B5963FA96F3FBE9DA08E0.d.56459731AF28D44FC7145AF60DEC65DB.e.1876/text - {}
RESULT: {}
COMMAND: POST /session/e9436a53cdf5c0a1eee30ba36cb8cd5b/element - {"using":"css selector","value":"#shell-header-logo"}
RESULT: {"using":"css selector","value":"#shell-header-logo"}
COMMAND: POST /session/e9436a53cdf5c0a1eee30ba36cb8cd5b/element/f.BBFDC0F1250B5963FA96F3FBE9DA08E0.d.56459731AF28D44FC7145AF60DEC65DB.e.1208/click - {}
RESULT: {}
COMMAND: GET /session/e9436a53cdf5c0a1eee30ba36cb8cd5b/screenshot - {}
RESULT: {}
COMMAND: POST /session/e9436a53cdf5c0a1eee30ba36cb8cd5b/execute/async - {"script":"<script> [1562 bytes]","args":[{"selector":{"controlType":"sap.m.GenericTile","properties":{"header":"Manage Partners"}},"wdio_ui5_key":"sapm.GenericTile{\"header\":\"Manage Partners\"}"}]}
RESULT: {"script":"<script> [1562 bytes]","args":[{"selector":{"controlType":"sap.m.GenericTile","properties":{"header":"Manage Partners"}},"wdio_ui5_key":"sapm.GenericTile{\"header\":\"Manage Partners\"}"}]}
RESULT: undefined
COMMAND: POST /session/e9436a53cdf5c0a1eee30ba36cb8cd5b/element - {"using":"xpath","value":"//*[@id=\"__tile38\"]"}
RESULT: {"using":"xpath","value":"//*[@id=\"__tile38\"]"}
COMMAND: POST /session/e9436a53cdf5c0a1eee30ba36cb8cd5b/element/f.BBFDC0F1250B5963FA96F3FBE9DA08E0.d.56459731AF28D44FC7145AF60DEC65DB.e.1878/click - {}
RESULT: {}
COMMAND: GET /session/e9436a53cdf5c0a1eee30ba36cb8cd5b/screenshot - {}
RESULT: {}
COMMAND: POST /session/e9436a53cdf5c0a1eee30ba36cb8cd5b/elements - {"using":"xpath","value":"//span[text()='Error']"}
RESULT: {"using":"xpath","value":"//span[text()='Error']"}
COMMAND: POST /session/e9436a53cdf5c0a1eee30ba36cb8cd5b/execute/async - {"script":"<script> [1562 bytes]","args":[{"selector":{"controlType":"sap.ui.core.Icon","viewName":"etm.portal.ui.managepartners.view.Master","viewId":"application-managepartners-display-component---masterPtm","properties":{"src":{"regex":{"source":"add"}}}},"wdio_ui5_key":"etmportal.ui.managepartners.view.Mastersap.ui.core.Icon{\"src\":{\"regex\":{\"source\":\"add\"}}}"}]}
RESULT: {"script":"<script> [1562 bytes]","args":[{"selector":{"controlType":"sap.ui.core.Icon","viewName":"etm.portal.ui.managepartners.view.Master","viewId":"application-managepartners-display-component---masterPtm","properties":{"src":{"regex":{"source":"add"}}}},"wdio_ui5_key":"etmportal.ui.managepartners.view.Mastersap.ui.core.Icon{\"src\":{\"regex\":{\"source\":\"add\"}}}"}]}
RESULT: undefined
COMMAND: POST /session/e9436a53cdf5c0a1eee30ba36cb8cd5b/element - {"using":"xpath","value":"//*[@id=\"__button56-img\"]"}
RESULT: {"using":"xpath","value":"//*[@id=\"__button56-img\"]"}
COMMAND: POST /session/e9436a53cdf5c0a1eee30ba36cb8cd5b/element/f.BBFDC0F1250B5963FA96F3FBE9DA08E0.d.56459731AF28D44FC7145AF60DEC65DB.e.1927/click - {}
RESULT: {}
COMMAND: GET /session/e9436a53cdf5c0a1eee30ba36cb8cd5b/screenshot - {}
RESULT: {}
COMMAND: POST /session/e9436a53cdf5c0a1eee30ba36cb8cd5b/execute/async - {"script":"<script> [1562 bytes]","args":[{"selector":{"id":"application-managepartners-display-component---NewPartner--partnerId","interaction":{"idSuffix":"inner"}},"wdio_ui5_key":"applicationmanagepartners-display-component---NewPartner--partnerId"}]}
RESULT: {"script":"<script> [1562 bytes]","args":[{"selector":{"id":"application-managepartners-display-component---NewPartner--partnerId","interaction":{"idSuffix":"inner"}},"wdio_ui5_key":"applicationmanagepartners-display-component---NewPartner--partnerId"}]}
RESULT: undefined
COMMAND: POST /session/e9436a53cdf5c0a1eee30ba36cb8cd5b/execute/async - {"script":"<script> [1562 bytes]","args":[{"selector":{"id":"application-managepartners-display-component---NewPartner--addressDetailDetailsName1","interaction":{"idSuffix":"inner"}},"wdio_ui5_key":"applicationmanagepartners-display-component---NewPartner--addressDetailDetailsName1"}]}
RESULT: {"script":"<script> [1562 bytes]","args":[{"selector":{"id":"application-managepartners-display-component---NewPartner--addressDetailDetailsName1","interaction":{"idSuffix":"inner"}},"wdio_ui5_key":"applicationmanagepartners-display-component---NewPartner--addressDetailDetailsName1"}]}
RESULT: undefined
COMMAND: POST /session/e9436a53cdf5c0a1eee30ba36cb8cd5b/execute/async - {"script":"<script> [776 bytes]","args":[{"enterText":"WebdriverPartnerzubje","selector":{"id":"application-managepartners-display-component---NewPartner--addressDetailDetailsName1","interaction":{"idSuffix":"inner"}},"clearTextFirst":true,"interactionType":"ENTER_TEXT"}]}
RESULT: {"script":"<script> [776 bytes]","args":[{"enterText":"WebdriverPartnerzubje","selector":{"id":"application-managepartners-display-component---NewPartner--addressDetailDetailsName1","interaction":{"idSuffix":"inner"}},"clearTextFirst":true,"interactionType":"ENTER_TEXT"}]}
COMMAND: POST /session/e9436a53cdf5c0a1eee30ba36cb8cd5b/execute/async - {"script":"<script> [1562 bytes]","args":[{"selector":{"id":"application-managepartners-display-component---NewPartner--addressDetailDetailsLanguage","interaction":{"idSuffix":"inner"}},"wdio_ui5_key":"applicationmanagepartners-display-component---NewPartner--addressDetailDetailsLanguage"}]}
RESULT: {"script":"<script> [1562 bytes]","args":[{"selector":{"id":"application-managepartners-display-component---NewPartner--addressDetailDetailsLanguage","interaction":{"idSuffix":"inner"}},"wdio_ui5_key":"applicationmanagepartners-display-component---NewPartner--addressDetailDetailsLanguage"}]}
RESULT: undefined
COMMAND: POST /session/e9436a53cdf5c0a1eee30ba36cb8cd5b/execute/async - {"script":"<script> [776 bytes]","args":[{"enterText":"Romanian","selector":{"id":"application-managepartners-display-component---NewPartner--addressDetailDetailsLanguage","interaction":{"idSuffix":"inner"}},"clearTextFirst":true,"interactionType":"ENTER_TEXT"}]}
RESULT: {"script":"<script> [776 bytes]","args":[{"enterText":"Romanian","selector":{"id":"application-managepartners-display-component---NewPartner--addressDetailDetailsLanguage","interaction":{"idSuffix":"inner"}},"clearTextFirst":true,"interactionType":"ENTER_TEXT"}]}
COMMAND: POST /session/e9436a53cdf5c0a1eee30ba36cb8cd5b/element - {"using":"xpath","value":"//input[contains(@id ,\"application-managepartners-display-component---NewPartner--addressDetailDetailsName1-inner\")]"}
RESULT: {"using":"xpath","value":"//input[contains(@id ,\"application-managepartners-display-component---NewPartner--addressDetailDetailsName1-inner\")]"}
COMMAND: GET /session/e9436a53cdf5c0a1eee30ba36cb8cd5b/element/f.BBFDC0F1250B5963FA96F3FBE9DA08E0.d.56459731AF28D44FC7145AF60DEC65DB.e.2113/property/value - {}
RESULT: {}
COMMAND: POST /session/e9436a53cdf5c0a1eee30ba36cb8cd5b/execute/async - {"script":"<script> [1562 bytes]","args":[{"selector":{"id":"application-managepartners-display-component---NewPartner--addressDetailDetailsCity1","interaction":{"idSuffix":"inner"}},"wdio_ui5_key":"applicationmanagepartners-display-component---NewPartner--addressDetailDetailsCity1"}]}
COMMAND: GET /session/e9436a53cdf5c0a1eee30ba36cb8cd5b/screenshot - {}
RESULT: {"script":"<script> [1562 bytes]","args":[{"selector":{"id":"application-managepartners-display-component---NewPartner--addressDetailDetailsCity1","interaction":{"idSuffix":"inner"}},"wdio_ui5_key":"applicationmanagepartners-display-component---NewPartner--addressDetailDetailsCity1"}]}
RESULT: undefined
COMMAND: POST /session/e9436a53cdf5c0a1eee30ba36cb8cd5b/execute/async - {"script":"<script> [776 bytes]","args":[{"enterText":"Bucharest","selector":{"id":"application-managepartners-display-component---NewPartner--addressDetailDetailsCity1","interaction":{"idSuffix":"inner"}},"clearTextFirst":true,"interactionType":"ENTER_TEXT"}]}
RESULT: {}
RESULT: {"script":"<script> [776 bytes]","args":[{"enterText":"Bucharest","selector":{"id":"application-managepartners-display-component---NewPartner--addressDetailDetailsCity1","interaction":{"idSuffix":"inner"}},"clearTextFirst":true,"interactionType":"ENTER_TEXT"}]}
COMMAND: POST /session/e9436a53cdf5c0a1eee30ba36cb8cd5b/execute/async - {"script":"<script> [1562 bytes]","args":[{"selector":{"id":"application-managepartners-display-component---NewPartner--addressDetailDetailsCountry","interaction":{"idSuffix":"inner"}},"wdio_ui5_key":"applicationmanagepartners-display-component---NewPartner--addressDetailDetailsCountry"}]}
RESULT: {"script":"<script> [1562 bytes]","args":[{"selector":{"id":"application-managepartners-display-component---NewPartner--addressDetailDetailsCountry","interaction":{"idSuffix":"inner"}},"wdio_ui5_key":"applicationmanagepartners-display-component---NewPartner--addressDetailDetailsCountry"}]}
RESULT: undefined
COMMAND: POST /session/e9436a53cdf5c0a1eee30ba36cb8cd5b/execute/async - {"script":"<script> [6424 bytes]","args":[{"element-6066-11e4-a52e-4f735466cecf":"f.BBFDC0F1250B5963FA96F3FBE9DA08E0.d.56459731AF28D44FC7145AF60DEC65DB.e.2120"},"setValue",["Romania"]]}
RESULT: {"script":"<script> [6424 bytes]","args":[{"element-6066-11e4-a52e-4f735466cecf":"f.BBFDC0F1250B5963FA96F3FBE9DA08E0.d.56459731AF28D44FC7145AF60DEC65DB.e.2120"},"setValue",["Romania"]]}
COMMAND: POST /session/e9436a53cdf5c0a1eee30ba36cb8cd5b/execute/async - {"script":"<script> [1562 bytes]","args":[{"selector":{"id":"application-managepartners-display-component---NewPartner--partnerDetailInternal","interaction":{"idSuffix":"inner"}},"wdio_ui5_key":"applicationmanagepartners-display-component---NewPartner--partnerDetailInternal"}]}
RESULT: {"script":"<script> [1562 bytes]","args":[{"selector":{"id":"application-managepartners-display-component---NewPartner--partnerDetailInternal","interaction":{"idSuffix":"inner"}},"wdio_ui5_key":"applicationmanagepartners-display-component---NewPartner--partnerDetailInternal"}]}
RESULT: undefined
COMMAND: POST /session/e9436a53cdf5c0a1eee30ba36cb8cd5b/execute/async - {"script":"<script> [776 bytes]","args":[{"enterText":"External partner","selector":{"id":"application-managepartners-display-component---NewPartner--partnerDetailInternal","interaction":{"idSuffix":"inner"}},"clearTextFirst":true,"interactionType":"ENTER_TEXT"}]}
RESULT: {"script":"<script> [776 bytes]","args":[{"enterText":"External partner","selector":{"id":"application-managepartners-display-component---NewPartner--partnerDetailInternal","interaction":{"idSuffix":"inner"}},"clearTextFirst":true,"interactionType":"ENTER_TEXT"}]}
COMMAND: POST /session/e9436a53cdf5c0a1eee30ba36cb8cd5b/execute/async - {"script":"<script> [1562 bytes]","args":[{"selector":{"id":"application-managepartners-display-component---NewPartner--partnerDetailsCurrency","interaction":{"idSuffix":"inner"}},"wdio_ui5_key":"applicationmanagepartners-display-component---NewPartner--partnerDetailsCurrency"}]}
RESULT: {"script":"<script> [1562 bytes]","args":[{"selector":{"id":"application-managepartners-display-component---NewPartner--partnerDetailsCurrency","interaction":{"idSuffix":"inner"}},"wdio_ui5_key":"applicationmanagepartners-display-component---NewPartner--partnerDetailsCurrency"}]}
RESULT: undefined
COMMAND: POST /session/e9436a53cdf5c0a1eee30ba36cb8cd5b/execute/async - {"script":"<script> [776 bytes]","args":[{"enterText":"Euro","selector":{"id":"application-managepartners-display-component---NewPartner--partnerDetailsCurrency","interaction":{"idSuffix":"inner"}},"clearTextFirst":true,"interactionType":"ENTER_TEXT"}]}
RESULT: {"script":"<script> [776 bytes]","args":[{"enterText":"Euro","selector":{"id":"application-managepartners-display-component---NewPartner--partnerDetailsCurrency","interaction":{"idSuffix":"inner"}},"clearTextFirst":true,"interactionType":"ENTER_TEXT"}]}
COMMAND: POST /session/e9436a53cdf5c0a1eee30ba36cb8cd5b/execute/async - {"script":"<script> [1562 bytes]","args":[{"selector":{"controlType":"sap.m.Button","viewName":"etm.portal.ui.managepartners.view.NewPartner","viewId":"application-managepartners-display-component---NewPartner","properties":{"text":"Commercial"},"interaction":{"idSuffix":"BDI-content"}},"wdio_ui5_key":"etmportal.ui.managepartners.view.NewPartnersap.m.Button{\"text\":\"Commercial\"}"}]}
RESULT: {"script":"<script> [1562 bytes]","args":[{"selector":{"controlType":"sap.m.Button","viewName":"etm.portal.ui.managepartners.view.NewPartner","viewId":"application-managepartners-display-component---NewPartner","properties":{"text":"Commercial"},"interaction":{"idSuffix":"BDI-content"}},"wdio_ui5_key":"etmportal.ui.managepartners.view.NewPartnersap.m.Button{\"text\":\"Commercial\"}"}]}
RESULT: undefined
COMMAND: POST /session/e9436a53cdf5c0a1eee30ba36cb8cd5b/element - {"using":"xpath","value":"//*[@id=\"application-managepartners-display-component---NewPartner--ObjectPageLayout-anchBar-__section27-anchor\"]"}
RESULT: {"using":"xpath","value":"//*[@id=\"application-managepartners-display-component---NewPartner--ObjectPageLayout-anchBar-__section27-anchor\"]"}
COMMAND: POST /session/e9436a53cdf5c0a1eee30ba36cb8cd5b/element/f.BBFDC0F1250B5963FA96F3FBE9DA08E0.d.56459731AF28D44FC7145AF60DEC65DB.e.2348/click - {}
RESULT: {}
COMMAND: GET /session/e9436a53cdf5c0a1eee30ba36cb8cd5b/screenshot - {}
RESULT: {}
COMMAND: POST /session/e9436a53cdf5c0a1eee30ba36cb8cd5b/execute/async - {"script":"<script> [1562 bytes]","args":[{"selector":{"id":"application-managepartners-display-component---NewPartner--btnAddTableRow-img"},"wdio_ui5_key":"applicationmanagepartners-display-component---NewPartner--btnAddTableRow-img"}]}
RESULT: {"script":"<script> [1562 bytes]","args":[{"selector":{"id":"application-managepartners-display-component---NewPartner--btnAddTableRow-img"},"wdio_ui5_key":"applicationmanagepartners-display-component---NewPartner--btnAddTableRow-img"}]}
RESULT: undefined
COMMAND: POST /session/e9436a53cdf5c0a1eee30ba36cb8cd5b/element - {"using":"xpath","value":"//*[@id=\"application-managepartners-display-component---NewPartner--btnAddTableRow-img\"]"}
RESULT: {"using":"xpath","value":"//*[@id=\"application-managepartners-display-component---NewPartner--btnAddTableRow-img\"]"}
COMMAND: POST /session/e9436a53cdf5c0a1eee30ba36cb8cd5b/element/f.BBFDC0F1250B5963FA96F3FBE9DA08E0.d.56459731AF28D44FC7145AF60DEC65DB.e.2354/click - {}
RESULT: {}
COMMAND: POST /session/e9436a53cdf5c0a1eee30ba36cb8cd5b/element - {"using":"xpath","value":"//input[contains(@id ,\"application-managepartners-display-component---NewPartner--assignmentYard-application-managepartners-display-component---NewPartner\")]"}
COMMAND: GET /session/e9436a53cdf5c0a1eee30ba36cb8cd5b/screenshot - {}
RESULT: {"using":"xpath","value":"//input[contains(@id ,\"application-managepartners-display-component---NewPartner--assignmentYard-application-managepartners-display-component---NewPartner\")]"}
COMMAND: POST /session/e9436a53cdf5c0a1eee30ba36cb8cd5b/element/f.BBFDC0F1250B5963FA96F3FBE9DA08E0.d.56459731AF28D44FC7145AF60DEC65DB.e.2357/clear - {}
RESULT: {}
RESULT: {}
COMMAND: POST /session/e9436a53cdf5c0a1eee30ba36cb8cd5b/element/f.BBFDC0F1250B5963FA96F3FBE9DA08E0.d.56459731AF28D44FC7145AF60DEC65DB.e.2357/value - {"text":"WebdriverYardz9sup"}
COMMAND: GET /session/e9436a53cdf5c0a1eee30ba36cb8cd5b/screenshot - {}
RESULT: {"text":"WebdriverYardz9sup"}
COMMAND: GET /session/e9436a53cdf5c0a1eee30ba36cb8cd5b/screenshot - {}
RESULT: {}
RESULT: {}
COMMAND: POST /session/e9436a53cdf5c0a1eee30ba36cb8cd5b/execute/async - {"script":"<script> [1562 bytes]","args":[{"selector":{"controlType":"sap.m.Button","viewName":"etm.portal.ui.managepartners.view.NewPartner","viewId":"application-managepartners-display-component---NewPartner","i18NText":{"propertyName":"text","key":"save"},"interaction":{"idSuffix":"BDI-content"}},"wdio_ui5_key":"etmportal.ui.managepartners.view.NewPartnersap.m.Button{\"propertyName\":\"text\",\"key\":\"save\"}"}]}
RESULT: {"script":"<script> [1562 bytes]","args":[{"selector":{"controlType":"sap.m.Button","viewName":"etm.portal.ui.managepartners.view.NewPartner","viewId":"application-managepartners-display-component---NewPartner","i18NText":{"propertyName":"text","key":"save"},"interaction":{"idSuffix":"BDI-content"}},"wdio_ui5_key":"etmportal.ui.managepartners.view.NewPartnersap.m.Button{\"propertyName\":\"text\",\"key\":\"save\"}"}]}
RESULT: undefined
COMMAND: POST /session/e9436a53cdf5c0a1eee30ba36cb8cd5b/element - {"using":"xpath","value":"//*[@id=\"__button64\"]"}
RESULT: {"using":"xpath","value":"//*[@id=\"__button64\"]"}
COMMAND: POST /session/e9436a53cdf5c0a1eee30ba36cb8cd5b/element/f.BBFDC0F1250B5963FA96F3FBE9DA08E0.d.56459731AF28D44FC7145AF60DEC65DB.e.2265/click - {}
RESULT: {}
COMMAND: GET /session/e9436a53cdf5c0a1eee30ba36cb8cd5b/screenshot - {}
RESULT: {}
COMMAND: POST /session/e9436a53cdf5c0a1eee30ba36cb8cd5b/element - {"using":"xpath","value":"//header/div/div[2]/div[2]/span"}
RESULT: {"using":"xpath","value":"//header/div/div[2]/div[2]/span"}
COMMAND: GET /session/e9436a53cdf5c0a1eee30ba36cb8cd5b/element/f.BBFDC0F1250B5963FA96F3FBE9DA08E0.d.56459731AF28D44FC7145AF60DEC65DB.e.2529/text - {}
RESULT: {}
COMMAND: POST /session/e9436a53cdf5c0a1eee30ba36cb8cd5b/element - {"using":"xpath","value":"//header/div/div/div/div/div/div[2]/div/span"}
RESULT: {"using":"xpath","value":"//header/div/div/div/div/div/div[2]/div/span"}
COMMAND: GET /session/e9436a53cdf5c0a1eee30ba36cb8cd5b/element/f.BBFDC0F1250B5963FA96F3FBE9DA08E0.d.56459731AF28D44FC7145AF60DEC65DB.e.2530/text - {}
RESULT: {}
COMMAND: POST /session/e9436a53cdf5c0a1eee30ba36cb8cd5b/execute/async - {"script":"<script> [1562 bytes]","args":[{"selector":{"id":"application-managepartners-display-component---detailPtm--partnerType"},"wdio_ui5_key":"applicationmanagepartners-display-component---detailPtm--partnerType"}]}
RESULT: {"script":"<script> [1562 bytes]","args":[{"selector":{"id":"application-managepartners-display-component---detailPtm--partnerType"},"wdio_ui5_key":"applicationmanagepartners-display-component---detailPtm--partnerType"}]}
RESULT: undefined
COMMAND: POST /session/e9436a53cdf5c0a1eee30ba36cb8cd5b/execute/async - {"script":"<script> [6424 bytes]","args":[{"element-6066-11e4-a52e-4f735466cecf":"f.BBFDC0F1250B5963FA96F3FBE9DA08E0.d.56459731AF28D44FC7145AF60DEC65DB.e.2531"},"getText",[]]}
RESULT: {"script":"<script> [6424 bytes]","args":[{"element-6066-11e4-a52e-4f735466cecf":"f.BBFDC0F1250B5963FA96F3FBE9DA08E0.d.56459731AF28D44FC7145AF60DEC65DB.e.2531"},"getText",[]]}
COMMAND: POST /session/e9436a53cdf5c0a1eee30ba36cb8cd5b/element - {"using":"css selector","value":"#shell-header-logo"}
RESULT: {"using":"css selector","value":"#shell-header-logo"}
COMMAND: POST /session/e9436a53cdf5c0a1eee30ba36cb8cd5b/element/f.BBFDC0F1250B5963FA96F3FBE9DA08E0.d.56459731AF28D44FC7145AF60DEC65DB.e.1881/click - {}
RESULT: {}
COMMAND: GET /session/e9436a53cdf5c0a1eee30ba36cb8cd5b/screenshot - {}
RESULT: {}
]]></system-out>
    </testcase>
    <testcase classname="chrome.136_0_7103_93.windows.Webshop_-_Hyperlinks_visible_and_working_properly__US139085" name="Should create a new contract" time="104.382">
      <system-out><![CDATA[
COMMAND: POST /session/e9436a53cdf5c0a1eee30ba36cb8cd5b/execute/async - {"script":"<script> [1562 bytes]","args":[{"selector":{"controlType":"sap.m.GenericTile","properties":{"header":"Manage Contracts"}},"wdio_ui5_key":"sapm.GenericTile{\"header\":\"Manage Contracts\"}"}]}
RESULT: {"script":"<script> [1562 bytes]","args":[{"selector":{"controlType":"sap.m.GenericTile","properties":{"header":"Manage Contracts"}},"wdio_ui5_key":"sapm.GenericTile{\"header\":\"Manage Contracts\"}"}]}
RESULT: undefined
COMMAND: POST /session/e9436a53cdf5c0a1eee30ba36cb8cd5b/element - {"using":"xpath","value":"//*[@id=\"__tile130\"]"}
RESULT: {"using":"xpath","value":"//*[@id=\"__tile130\"]"}
COMMAND: POST /session/e9436a53cdf5c0a1eee30ba36cb8cd5b/element/f.BBFDC0F1250B5963FA96F3FBE9DA08E0.d.56459731AF28D44FC7145AF60DEC65DB.e.2533/click - {}
RESULT: {}
COMMAND: GET /session/e9436a53cdf5c0a1eee30ba36cb8cd5b/screenshot - {}
RESULT: {}
COMMAND: POST /session/e9436a53cdf5c0a1eee30ba36cb8cd5b/elements - {"using":"xpath","value":"//span[text()='Error']"}
RESULT: {"using":"xpath","value":"//span[text()='Error']"}
COMMAND: POST /session/e9436a53cdf5c0a1eee30ba36cb8cd5b/element - {"using":"xpath","value":"//button[@data-kt=\"addButton\"]"}
RESULT: {"using":"xpath","value":"//button[@data-kt=\"addButton\"]"}
COMMAND: POST /session/e9436a53cdf5c0a1eee30ba36cb8cd5b/element/f.BBFDC0F1250B5963FA96F3FBE9DA08E0.d.56459731AF28D44FC7145AF60DEC65DB.e.2585/click - {}
RESULT: {}
COMMAND: GET /session/e9436a53cdf5c0a1eee30ba36cb8cd5b/screenshot - {}
RESULT: {}
COMMAND: POST /session/e9436a53cdf5c0a1eee30ba36cb8cd5b/execute/async - {"script":"<script> [1562 bytes]","args":[{"selector":{"id":"application-managecontracts-display-component---AddNewContract--projectDescription","interaction":{"idSuffix":"inner"}},"wdio_ui5_key":"applicationmanagecontracts-display-component---AddNewContract--projectDescription"}]}
RESULT: {"script":"<script> [1562 bytes]","args":[{"selector":{"id":"application-managecontracts-display-component---AddNewContract--projectDescription","interaction":{"idSuffix":"inner"}},"wdio_ui5_key":"applicationmanagecontracts-display-component---AddNewContract--projectDescription"}]}
RESULT: undefined
COMMAND: POST /session/e9436a53cdf5c0a1eee30ba36cb8cd5b/execute/async - {"script":"<script> [776 bytes]","args":[{"enterText":"WdIOR2cln1eai","selector":{"id":"application-managecontracts-display-component---AddNewContract--projectDescription","interaction":{"idSuffix":"inner"}},"clearTextFirst":true,"interactionType":"ENTER_TEXT"}]}
RESULT: {"script":"<script> [776 bytes]","args":[{"enterText":"WdIOR2cln1eai","selector":{"id":"application-managecontracts-display-component---AddNewContract--projectDescription","interaction":{"idSuffix":"inner"}},"clearTextFirst":true,"interactionType":"ENTER_TEXT"}]}
COMMAND: POST /session/e9436a53cdf5c0a1eee30ba36cb8cd5b/element - {"using":"xpath","value":"//input[@id=\"application-managecontracts-display-component---AddNewContract--yardId-inner\"]"}
RESULT: {"using":"xpath","value":"//input[@id=\"application-managecontracts-display-component---AddNewContract--yardId-inner\"]"}
COMMAND: POST /session/e9436a53cdf5c0a1eee30ba36cb8cd5b/element/f.BBFDC0F1250B5963FA96F3FBE9DA08E0.d.56459731AF28D44FC7145AF60DEC65DB.e.2889/clear - {}
RESULT: {}
COMMAND: POST /session/e9436a53cdf5c0a1eee30ba36cb8cd5b/element/f.BBFDC0F1250B5963FA96F3FBE9DA08E0.d.56459731AF28D44FC7145AF60DEC65DB.e.2889/value - {"text":"WebdriverYardz9sup"}
COMMAND: GET /session/e9436a53cdf5c0a1eee30ba36cb8cd5b/screenshot - {}
RESULT: {"text":"WebdriverYardz9sup"}
COMMAND: GET /session/e9436a53cdf5c0a1eee30ba36cb8cd5b/screenshot - {}
RESULT: {}
RESULT: {}
COMMAND: POST /session/e9436a53cdf5c0a1eee30ba36cb8cd5b/actions - {"actions":[{"id":"action5","type":"key","parameters":{},"actions":[{"type":"keyDown","value":""},{"type":"pause","duration":10},{"type":"keyUp","value":""}]}]}
RESULT: {"actions":[{"id":"action5","type":"key","parameters":{},"actions":[{"type":"keyDown","value":""},{"type":"pause","duration":10},{"type":"keyUp","value":""}]}]}
COMMAND: GET /session/e9436a53cdf5c0a1eee30ba36cb8cd5b/screenshot - {}
RESULT: {}
COMMAND: POST /session/e9436a53cdf5c0a1eee30ba36cb8cd5b/element - {"using":"xpath","value":"//input[@id=\"application-managecontracts-display-component---AddNewContract--customerSelect-inner\"]"}
RESULT: {"using":"xpath","value":"//input[@id=\"application-managecontracts-display-component---AddNewContract--customerSelect-inner\"]"}
COMMAND: POST /session/e9436a53cdf5c0a1eee30ba36cb8cd5b/element/f.BBFDC0F1250B5963FA96F3FBE9DA08E0.d.56459731AF28D44FC7145AF60DEC65DB.e.2887/clear - {}
RESULT: {}
COMMAND: POST /session/e9436a53cdf5c0a1eee30ba36cb8cd5b/element/f.BBFDC0F1250B5963FA96F3FBE9DA08E0.d.56459731AF28D44FC7145AF60DEC65DB.e.2887/value - {"text":"WebdriverPartnerzubje"}
COMMAND: GET /session/e9436a53cdf5c0a1eee30ba36cb8cd5b/screenshot - {}
RESULT: {"text":"WebdriverPartnerzubje"}
COMMAND: GET /session/e9436a53cdf5c0a1eee30ba36cb8cd5b/screenshot - {}
RESULT: {}
RESULT: {}
COMMAND: POST /session/e9436a53cdf5c0a1eee30ba36cb8cd5b/actions - {"actions":[{"id":"action6","type":"key","parameters":{},"actions":[{"type":"keyDown","value":""},{"type":"pause","duration":10},{"type":"keyUp","value":""}]}]}
RESULT: {"actions":[{"id":"action6","type":"key","parameters":{},"actions":[{"type":"keyDown","value":""},{"type":"pause","duration":10},{"type":"keyUp","value":""}]}]}
COMMAND: GET /session/e9436a53cdf5c0a1eee30ba36cb8cd5b/screenshot - {}
RESULT: {}
COMMAND: POST /session/e9436a53cdf5c0a1eee30ba36cb8cd5b/element - {"using":"xpath","value":"//input[@id=\"application-managecontracts-display-component---AddNewContract--site-inner\"]"}
RESULT: {"using":"xpath","value":"//input[@id=\"application-managecontracts-display-component---AddNewContract--site-inner\"]"}
COMMAND: POST /session/e9436a53cdf5c0a1eee30ba36cb8cd5b/element/f.BBFDC0F1250B5963FA96F3FBE9DA08E0.d.56459731AF28D44FC7145AF60DEC65DB.e.2888/clear - {}
RESULT: {}
COMMAND: POST /session/e9436a53cdf5c0a1eee30ba36cb8cd5b/element/f.BBFDC0F1250B5963FA96F3FBE9DA08E0.d.56459731AF28D44FC7145AF60DEC65DB.e.2888/value - {"text":"WebdriverSite9bfbs"}
COMMAND: GET /session/e9436a53cdf5c0a1eee30ba36cb8cd5b/screenshot - {}
RESULT: {"text":"WebdriverSite9bfbs"}
COMMAND: GET /session/e9436a53cdf5c0a1eee30ba36cb8cd5b/screenshot - {}
RESULT: {}
RESULT: {}
COMMAND: POST /session/e9436a53cdf5c0a1eee30ba36cb8cd5b/actions - {"actions":[{"id":"action7","type":"key","parameters":{},"actions":[{"type":"keyDown","value":""},{"type":"pause","duration":10},{"type":"keyUp","value":""}]}]}
RESULT: {"actions":[{"id":"action7","type":"key","parameters":{},"actions":[{"type":"keyDown","value":""},{"type":"pause","duration":10},{"type":"keyUp","value":""}]}]}
COMMAND: GET /session/e9436a53cdf5c0a1eee30ba36cb8cd5b/screenshot - {}
COMMAND: POST /session/e9436a53cdf5c0a1eee30ba36cb8cd5b/element - {"using":"xpath","value":"//button[@data-kt=\"saveButton\"]"}
RESULT: {}
RESULT: {"using":"xpath","value":"//button[@data-kt=\"saveButton\"]"}
COMMAND: POST /session/e9436a53cdf5c0a1eee30ba36cb8cd5b/element/f.BBFDC0F1250B5963FA96F3FBE9DA08E0.d.56459731AF28D44FC7145AF60DEC65DB.e.2923/click - {}
RESULT: {}
COMMAND: GET /session/e9436a53cdf5c0a1eee30ba36cb8cd5b/screenshot - {}
RESULT: {}
COMMAND: POST /session/e9436a53cdf5c0a1eee30ba36cb8cd5b/execute/async - {"script":"<script> [1562 bytes]","args":[{"selector":{"id":"contractDetailTitleNoExpanded","viewName":"etm.portal.ui.managecontracts.view.Detail"},"wdio_ui5_key":"contractDetailTitleNoExpandedetmportal.ui.managecontracts.view.Detail"}]}
RESULT: {"script":"<script> [1562 bytes]","args":[{"selector":{"id":"contractDetailTitleNoExpanded","viewName":"etm.portal.ui.managecontracts.view.Detail"},"wdio_ui5_key":"contractDetailTitleNoExpandedetmportal.ui.managecontracts.view.Detail"}]}
RESULT: undefined
COMMAND: POST /session/e9436a53cdf5c0a1eee30ba36cb8cd5b/execute/async - {"script":"<script> [6424 bytes]","args":[{"element-6066-11e4-a52e-4f735466cecf":"f.BBFDC0F1250B5963FA96F3FBE9DA08E0.d.56459731AF28D44FC7145AF60DEC65DB.e.2992"},"getText",[]]}
RESULT: {"script":"<script> [6424 bytes]","args":[{"element-6066-11e4-a52e-4f735466cecf":"f.BBFDC0F1250B5963FA96F3FBE9DA08E0.d.56459731AF28D44FC7145AF60DEC65DB.e.2992"},"getText",[]]}
COMMAND: POST /session/e9436a53cdf5c0a1eee30ba36cb8cd5b/element - {"using":"css selector","value":"#shell-header-logo"}
RESULT: {"using":"css selector","value":"#shell-header-logo"}
COMMAND: POST /session/e9436a53cdf5c0a1eee30ba36cb8cd5b/element/f.BBFDC0F1250B5963FA96F3FBE9DA08E0.d.56459731AF28D44FC7145AF60DEC65DB.e.2536/click - {}
RESULT: {}
COMMAND: GET /session/e9436a53cdf5c0a1eee30ba36cb8cd5b/screenshot - {}
RESULT: {}
]]></system-out>
    </testcase>
    <testcase classname="chrome.136_0_7103_93.windows.Webshop_-_Hyperlinks_visible_and_working_properly__US139085" name="Should create a new webshop request and verify yard hyperlinks" time="224.2">
      <system-out><![CDATA[
COMMAND: POST /session/e9436a53cdf5c0a1eee30ba36cb8cd5b/execute/async - {"script":"<script> [1562 bytes]","args":[{"selector":{"controlType":"sap.m.GenericTile","properties":{"header":"Webshop"}},"wdio_ui5_key":"sapm.GenericTile{\"header\":\"Webshop\"}"}]}
RESULT: {"script":"<script> [1562 bytes]","args":[{"selector":{"controlType":"sap.m.GenericTile","properties":{"header":"Webshop"}},"wdio_ui5_key":"sapm.GenericTile{\"header\":\"Webshop\"}"}]}
RESULT: undefined
COMMAND: POST /session/e9436a53cdf5c0a1eee30ba36cb8cd5b/element - {"using":"xpath","value":"//*[@id=\"__tile49\"]"}
RESULT: {"using":"xpath","value":"//*[@id=\"__tile49\"]"}
COMMAND: POST /session/e9436a53cdf5c0a1eee30ba36cb8cd5b/element/f.BBFDC0F1250B5963FA96F3FBE9DA08E0.d.56459731AF28D44FC7145AF60DEC65DB.e.2997/click - {}
RESULT: {}
COMMAND: GET /session/e9436a53cdf5c0a1eee30ba36cb8cd5b/screenshot - {}
RESULT: {}
COMMAND: POST /session/e9436a53cdf5c0a1eee30ba36cb8cd5b/elements - {"using":"xpath","value":"//span[text()='Error']"}
RESULT: {"using":"xpath","value":"//span[text()='Error']"}
COMMAND: POST /session/e9436a53cdf5c0a1eee30ba36cb8cd5b/element - {"using":"css selector","value":"#requestCreationDialog--createRequestPopUp-title-inner"}
RESULT: {"using":"css selector","value":"#requestCreationDialog--createRequestPopUp-title-inner"}
COMMAND: POST /session/e9436a53cdf5c0a1eee30ba36cb8cd5b/execute/sync - {"script":"<script> [8489 bytes]","args":[{"element-6066-11e4-a52e-4f735466cecf":"f.BBFDC0F1250B5963FA96F3FBE9DA08E0.d.56459731AF28D44FC7145AF60DEC65DB.e.3025","ELEMENT":"f.BBFDC0F1250B5963FA96F3FBE9DA08E0.d.56459731AF28D44FC7145AF60DEC65DB.e.3025"}]}
RESULT: {"script":"<script> [8489 bytes]","args":[{"element-6066-11e4-a52e-4f735466cecf":"f.BBFDC0F1250B5963FA96F3FBE9DA08E0.d.56459731AF28D44FC7145AF60DEC65DB.e.3025","ELEMENT":"f.BBFDC0F1250B5963FA96F3FBE9DA08E0.d.56459731AF28D44FC7145AF60DEC65DB.e.3025"}]}
COMMAND: GET /session/e9436a53cdf5c0a1eee30ba36cb8cd5b/element/f.BBFDC0F1250B5963FA96F3FBE9DA08E0.d.56459731AF28D44FC7145AF60DEC65DB.e.3025/enabled - {}
COMMAND: GET /session/e9436a53cdf5c0a1eee30ba36cb8cd5b/screenshot - {}
RESULT: {}
COMMAND: POST /session/e9436a53cdf5c0a1eee30ba36cb8cd5b/execute/async - {"script":"<script> [1562 bytes]","args":[{"selector":{"id":"requestCreationDialog--requestName","searchOpenDialogs":true,"interaction":{"idSuffix":"inner"}},"wdio_ui5_key":"requestCreationDialogrequestName"}]}
COMMAND: GET /session/e9436a53cdf5c0a1eee30ba36cb8cd5b/screenshot - {}
RESULT: {}
RESULT: {"script":"<script> [1562 bytes]","args":[{"selector":{"id":"requestCreationDialog--requestName","searchOpenDialogs":true,"interaction":{"idSuffix":"inner"}},"wdio_ui5_key":"requestCreationDialogrequestName"}]}
RESULT: undefined
COMMAND: POST /session/e9436a53cdf5c0a1eee30ba36cb8cd5b/execute/async - {"script":"<script> [776 bytes]","args":[{"enterText":"WebdriverTest","selector":{"id":"requestCreationDialog--requestName","searchOpenDialogs":true,"interaction":{"idSuffix":"inner"}},"clearTextFirst":true,"interactionType":"ENTER_TEXT"}]}
RESULT: {}
RESULT: {"script":"<script> [776 bytes]","args":[{"enterText":"WebdriverTest","selector":{"id":"requestCreationDialog--requestName","searchOpenDialogs":true,"interaction":{"idSuffix":"inner"}},"clearTextFirst":true,"interactionType":"ENTER_TEXT"}]}
COMMAND: POST /session/e9436a53cdf5c0a1eee30ba36cb8cd5b/element - {"using":"xpath","value":"//input[contains(@id ,\"requestCreationDialog--contract-inner\")]"}
RESULT: {"using":"xpath","value":"//input[contains(@id ,\"requestCreationDialog--contract-inner\")]"}
COMMAND: POST /session/e9436a53cdf5c0a1eee30ba36cb8cd5b/element/f.BBFDC0F1250B5963FA96F3FBE9DA08E0.d.56459731AF28D44FC7145AF60DEC65DB.e.3011/clear - {}
RESULT: {}
COMMAND: POST /session/e9436a53cdf5c0a1eee30ba36cb8cd5b/element/f.BBFDC0F1250B5963FA96F3FBE9DA08E0.d.56459731AF28D44FC7145AF60DEC65DB.e.3011/value - {"text":"10504"}
COMMAND: GET /session/e9436a53cdf5c0a1eee30ba36cb8cd5b/screenshot - {}
RESULT: {"text":"10504"}
COMMAND: GET /session/e9436a53cdf5c0a1eee30ba36cb8cd5b/screenshot - {}
RESULT: {}
RESULT: {}
COMMAND: POST /session/e9436a53cdf5c0a1eee30ba36cb8cd5b/actions - {"actions":[{"id":"action8","type":"key","parameters":{},"actions":[{"type":"keyDown","value":""},{"type":"pause","duration":10},{"type":"keyUp","value":""}]}]}
RESULT: {"actions":[{"id":"action8","type":"key","parameters":{},"actions":[{"type":"keyDown","value":""},{"type":"pause","duration":10},{"type":"keyUp","value":""}]}]}
COMMAND: GET /session/e9436a53cdf5c0a1eee30ba36cb8cd5b/screenshot - {}
RESULT: {}
COMMAND: POST /session/e9436a53cdf5c0a1eee30ba36cb8cd5b/element - {"using":"xpath","value":"//input[contains(@id ,\"requestCreationDialog--contract-inner\")]"}
RESULT: {"using":"xpath","value":"//input[contains(@id ,\"requestCreationDialog--contract-inner\")]"}
COMMAND: GET /session/e9436a53cdf5c0a1eee30ba36cb8cd5b/element/f.BBFDC0F1250B5963FA96F3FBE9DA08E0.d.56459731AF28D44FC7145AF60DEC65DB.e.3011/property/value - {}
RESULT: {}
COMMAND: POST /session/e9436a53cdf5c0a1eee30ba36cb8cd5b/element - {"using":"xpath","value":"//input[contains(@id ,\"requestCreationDialog--contract-inner\")]"}
COMMAND: GET /session/e9436a53cdf5c0a1eee30ba36cb8cd5b/screenshot - {}
RESULT: {"using":"xpath","value":"//input[contains(@id ,\"requestCreationDialog--contract-inner\")]"}
COMMAND: POST /session/e9436a53cdf5c0a1eee30ba36cb8cd5b/execute/async - {"script":"<script> [1562 bytes]","args":[{"selector":{"id":"requestCreationDialog--okButton","searchOpenDialogs":true,"interaction":{"idSuffix":"BDI-content"}},"wdio_ui5_key":"requestCreationDialogokButton"}]}
RESULT: {}
RESULT: {"script":"<script> [1562 bytes]","args":[{"selector":{"id":"requestCreationDialog--okButton","searchOpenDialogs":true,"interaction":{"idSuffix":"BDI-content"}},"wdio_ui5_key":"requestCreationDialogokButton"}]}
RESULT: undefined
COMMAND: POST /session/e9436a53cdf5c0a1eee30ba36cb8cd5b/element - {"using":"xpath","value":"//*[@id=\"requestCreationDialog--okButton\"]"}
RESULT: {"using":"xpath","value":"//*[@id=\"requestCreationDialog--okButton\"]"}
COMMAND: POST /session/e9436a53cdf5c0a1eee30ba36cb8cd5b/element/f.BBFDC0F1250B5963FA96F3FBE9DA08E0.d.56459731AF28D44FC7145AF60DEC65DB.e.3035/click - {}
RESULT: {}
COMMAND: GET /session/e9436a53cdf5c0a1eee30ba36cb8cd5b/screenshot - {}
RESULT: {}
COMMAND: POST /session/e9436a53cdf5c0a1eee30ba36cb8cd5b/element - {"using":"xpath","value":"//input[contains(@id ,\"searchFiledId-I\")]"}
RESULT: {"using":"xpath","value":"//input[contains(@id ,\"searchFiledId-I\")]"}
COMMAND: POST /session/e9436a53cdf5c0a1eee30ba36cb8cd5b/element/f.BBFDC0F1250B5963FA96F3FBE9DA08E0.d.56459731AF28D44FC7145AF60DEC65DB.e.3003/value - {"text":"Dri-Prime CD150M Diesel Pump"}
RESULT: {"text":"Dri-Prime CD150M Diesel Pump"}
COMMAND: POST /session/e9436a53cdf5c0a1eee30ba36cb8cd5b/actions - {"actions":[{"id":"action9","type":"key","parameters":{},"actions":[{"type":"keyDown","value":""},{"type":"pause","duration":10},{"type":"keyUp","value":""}]}]}
COMMAND: GET /session/e9436a53cdf5c0a1eee30ba36cb8cd5b/screenshot - {}
RESULT: {"actions":[{"id":"action9","type":"key","parameters":{},"actions":[{"type":"keyDown","value":""},{"type":"pause","duration":10},{"type":"keyUp","value":""}]}]}
COMMAND: GET /session/e9436a53cdf5c0a1eee30ba36cb8cd5b/screenshot - {}
RESULT: {}
RESULT: {}
COMMAND: POST /session/e9436a53cdf5c0a1eee30ba36cb8cd5b/element - {"using":"xpath","value":"//span[contains(@id ,\"subTitle\")][contains(text(), \"Dri-Prime CD150M Diesel Pump\")]"}
RESULT: {"using":"xpath","value":"//span[contains(@id ,\"subTitle\")][contains(text(), \"Dri-Prime CD150M Diesel Pump\")]"}
COMMAND: POST /session/e9436a53cdf5c0a1eee30ba36cb8cd5b/element/f.BBFDC0F1250B5963FA96F3FBE9DA08E0.d.56459731AF28D44FC7145AF60DEC65DB.e.3043/click - {}
RESULT: {}
COMMAND: GET /session/e9436a53cdf5c0a1eee30ba36cb8cd5b/screenshot - {}
RESULT: {}
COMMAND: POST /session/e9436a53cdf5c0a1eee30ba36cb8cd5b/execute/async - {"script":"<script> [1562 bytes]","args":[{"selector":{"controlType":"sap.m.Button","viewName":"etm.portal.ui.webshop.view.Homepage","i18NText":{"propertyName":"text","key":"addToRequest"},"interaction":{"idSuffix":"BDI-content"}},"wdio_ui5_key":"etmportal.ui.webshop.view.Homepagesap.m.Button{\"propertyName\":\"text\",\"key\":\"addToRequest\"}"}]}
RESULT: {"script":"<script> [1562 bytes]","args":[{"selector":{"controlType":"sap.m.Button","viewName":"etm.portal.ui.webshop.view.Homepage","i18NText":{"propertyName":"text","key":"addToRequest"},"interaction":{"idSuffix":"BDI-content"}},"wdio_ui5_key":"etmportal.ui.webshop.view.Homepagesap.m.Button{\"propertyName\":\"text\",\"key\":\"addToRequest\"}"}]}
RESULT: undefined
COMMAND: POST /session/e9436a53cdf5c0a1eee30ba36cb8cd5b/element - {"using":"xpath","value":"//*[@id=\"__button122\"]"}
RESULT: {"using":"xpath","value":"//*[@id=\"__button122\"]"}
COMMAND: POST /session/e9436a53cdf5c0a1eee30ba36cb8cd5b/element/f.BBFDC0F1250B5963FA96F3FBE9DA08E0.d.56459731AF28D44FC7145AF60DEC65DB.e.3057/click - {}
RESULT: {}
COMMAND: GET /session/e9436a53cdf5c0a1eee30ba36cb8cd5b/screenshot - {}
RESULT: {}
COMMAND: POST /session/e9436a53cdf5c0a1eee30ba36cb8cd5b/element - {"using":"xpath","value":"//*[contains(@id ,\"activeCartId-BDI-content\")]"}
RESULT: {"using":"xpath","value":"//*[contains(@id ,\"activeCartId-BDI-content\")]"}
COMMAND: POST /session/e9436a53cdf5c0a1eee30ba36cb8cd5b/element/f.BBFDC0F1250B5963FA96F3FBE9DA08E0.d.56459731AF28D44FC7145AF60DEC65DB.e.3065/click - {}
RESULT: {}
COMMAND: GET /session/e9436a53cdf5c0a1eee30ba36cb8cd5b/screenshot - {}
RESULT: {}
COMMAND: POST /session/e9436a53cdf5c0a1eee30ba36cb8cd5b/element - {"using":"xpath","value":"//bdi[contains(text(), \"Check out my request\")]"}
RESULT: {"using":"xpath","value":"//bdi[contains(text(), \"Check out my request\")]"}
COMMAND: POST /session/e9436a53cdf5c0a1eee30ba36cb8cd5b/element/f.BBFDC0F1250B5963FA96F3FBE9DA08E0.d.56459731AF28D44FC7145AF60DEC65DB.e.3067/click - {}
RESULT: {}
COMMAND: GET /session/e9436a53cdf5c0a1eee30ba36cb8cd5b/screenshot - {}
RESULT: {}
COMMAND: POST /session/e9436a53cdf5c0a1eee30ba36cb8cd5b/element - {"using":"xpath","value":"//*[contains(@data-kt ,\"webshopDetailYardLink\")]"}
RESULT: {"using":"xpath","value":"//*[contains(@data-kt ,\"webshopDetailYardLink\")]"}
COMMAND: POST /session/e9436a53cdf5c0a1eee30ba36cb8cd5b/element/f.BBFDC0F1250B5963FA96F3FBE9DA08E0.d.56459731AF28D44FC7145AF60DEC65DB.e.3105/click - {}
RESULT: {}
COMMAND: POST /session/e9436a53cdf5c0a1eee30ba36cb8cd5b/element - {"using":"xpath","value":"//*[contains(@data-kt ,\"ContextMenuId2Link\")][contains(text(), \"Yard Overview\")]"}
COMMAND: GET /session/e9436a53cdf5c0a1eee30ba36cb8cd5b/screenshot - {}
RESULT: {"using":"xpath","value":"//*[contains(@data-kt ,\"ContextMenuId2Link\")][contains(text(), \"Yard Overview\")]"}
COMMAND: POST /session/e9436a53cdf5c0a1eee30ba36cb8cd5b/execute/sync - {"script":"<script> [8489 bytes]","args":[{"element-6066-11e4-a52e-4f735466cecf":"f.BBFDC0F1250B5963FA96F3FBE9DA08E0.d.56459731AF28D44FC7145AF60DEC65DB.e.3108","ELEMENT":"f.BBFDC0F1250B5963FA96F3FBE9DA08E0.d.56459731AF28D44FC7145AF60DEC65DB.e.3108"}]}
COMMAND: POST /session/e9436a53cdf5c0a1eee30ba36cb8cd5b/element - {"using":"xpath","value":"//*[contains(@data-kt ,\"ContextMenuId3Link\")][contains(text(), \"Yard Main Address\")]"}
RESULT: {}
RESULT: {"script":"<script> [8489 bytes]","args":[{"element-6066-11e4-a52e-4f735466cecf":"f.BBFDC0F1250B5963FA96F3FBE9DA08E0.d.56459731AF28D44FC7145AF60DEC65DB.e.3108","ELEMENT":"f.BBFDC0F1250B5963FA96F3FBE9DA08E0.d.56459731AF28D44FC7145AF60DEC65DB.e.3108"}]}
COMMAND: GET /session/e9436a53cdf5c0a1eee30ba36cb8cd5b/screenshot - {}
RESULT: {"using":"xpath","value":"//*[contains(@data-kt ,\"ContextMenuId3Link\")][contains(text(), \"Yard Main Address\")]"}
COMMAND: POST /session/e9436a53cdf5c0a1eee30ba36cb8cd5b/execute/sync - {"script":"<script> [8489 bytes]","args":[{"element-6066-11e4-a52e-4f735466cecf":"f.BBFDC0F1250B5963FA96F3FBE9DA08E0.d.56459731AF28D44FC7145AF60DEC65DB.e.3109","ELEMENT":"f.BBFDC0F1250B5963FA96F3FBE9DA08E0.d.56459731AF28D44FC7145AF60DEC65DB.e.3109"}]}
COMMAND: POST /session/e9436a53cdf5c0a1eee30ba36cb8cd5b/element - {"using":"xpath","value":"//*[contains(@data-kt ,\"ContextMenuId2Link\")][contains(text(), \"Yard Overview\")]"}
RESULT: {}
RESULT: {"script":"<script> [8489 bytes]","args":[{"element-6066-11e4-a52e-4f735466cecf":"f.BBFDC0F1250B5963FA96F3FBE9DA08E0.d.56459731AF28D44FC7145AF60DEC65DB.e.3109","ELEMENT":"f.BBFDC0F1250B5963FA96F3FBE9DA08E0.d.56459731AF28D44FC7145AF60DEC65DB.e.3109"}]}
COMMAND: GET /session/e9436a53cdf5c0a1eee30ba36cb8cd5b/screenshot - {}
RESULT: {"using":"xpath","value":"//*[contains(@data-kt ,\"ContextMenuId2Link\")][contains(text(), \"Yard Overview\")]"}
COMMAND: POST /session/e9436a53cdf5c0a1eee30ba36cb8cd5b/element/f.BBFDC0F1250B5963FA96F3FBE9DA08E0.d.56459731AF28D44FC7145AF60DEC65DB.e.3108/click - {}
RESULT: {}
RESULT: {}
COMMAND: GET /session/e9436a53cdf5c0a1eee30ba36cb8cd5b/screenshot - {}
RESULT: {}
COMMAND: POST /session/e9436a53cdf5c0a1eee30ba36cb8cd5b/execute/async - {"script":"<script> [1562 bytes]","args":[{"selector":{"id":"shellAppTitle"},"wdio_ui5_key":"shellAppTitle"}]}
RESULT: {"script":"<script> [1562 bytes]","args":[{"selector":{"id":"shellAppTitle"},"wdio_ui5_key":"shellAppTitle"}]}
RESULT: undefined
COMMAND: POST /session/e9436a53cdf5c0a1eee30ba36cb8cd5b/execute/async - {"script":"<script> [6424 bytes]","args":[{"element-6066-11e4-a52e-4f735466cecf":"f.BBFDC0F1250B5963FA96F3FBE9DA08E0.d.56459731AF28D44FC7145AF60DEC65DB.e.3157"},"getTitle",[]]}
RESULT: {"script":"<script> [6424 bytes]","args":[{"element-6066-11e4-a52e-4f735466cecf":"f.BBFDC0F1250B5963FA96F3FBE9DA08E0.d.56459731AF28D44FC7145AF60DEC65DB.e.3157"},"getTitle",[]]}
COMMAND: POST /session/e9436a53cdf5c0a1eee30ba36cb8cd5b/element - {"using":"xpath","value":"//span[contains(@id ,\"title\")][contains(text(), \"WebdriverYardz9sup\")]"}
RESULT: {"using":"xpath","value":"//span[contains(@id ,\"title\")][contains(text(), \"WebdriverYardz9sup\")]"}
COMMAND: POST /session/e9436a53cdf5c0a1eee30ba36cb8cd5b/execute/sync - {"script":"<script> [8489 bytes]","args":[{"element-6066-11e4-a52e-4f735466cecf":"f.BBFDC0F1250B5963FA96F3FBE9DA08E0.d.56459731AF28D44FC7145AF60DEC65DB.e.3158","ELEMENT":"f.BBFDC0F1250B5963FA96F3FBE9DA08E0.d.56459731AF28D44FC7145AF60DEC65DB.e.3158"}]}
COMMAND: POST /session/e9436a53cdf5c0a1eee30ba36cb8cd5b/execute/async - {"script":"<script> [1562 bytes]","args":[{"selector":{"id":"backBtn"},"wdio_ui5_key":"backBtn"}]}
RESULT: {"script":"<script> [8489 bytes]","args":[{"element-6066-11e4-a52e-4f735466cecf":"f.BBFDC0F1250B5963FA96F3FBE9DA08E0.d.56459731AF28D44FC7145AF60DEC65DB.e.3158","ELEMENT":"f.BBFDC0F1250B5963FA96F3FBE9DA08E0.d.56459731AF28D44FC7145AF60DEC65DB.e.3158"}]}
COMMAND: GET /session/e9436a53cdf5c0a1eee30ba36cb8cd5b/screenshot - {}
RESULT: {"script":"<script> [1562 bytes]","args":[{"selector":{"id":"backBtn"},"wdio_ui5_key":"backBtn"}]}
RESULT: undefined
COMMAND: POST /session/e9436a53cdf5c0a1eee30ba36cb8cd5b/element - {"using":"xpath","value":"//*[@id=\"backBtn\"]"}
COMMAND: POST /session/e9436a53cdf5c0a1eee30ba36cb8cd5b/execute/sync - {"script":"<script> [8489 bytes]","args":[{"element-6066-11e4-a52e-4f735466cecf":"f.BBFDC0F1250B5963FA96F3FBE9DA08E0.d.56459731AF28D44FC7145AF60DEC65DB.e.3158","ELEMENT":"f.BBFDC0F1250B5963FA96F3FBE9DA08E0.d.56459731AF28D44FC7145AF60DEC65DB.e.3158"}]}
RESULT: {}
RESULT: {"using":"xpath","value":"//*[@id=\"backBtn\"]"}
COMMAND: POST /session/e9436a53cdf5c0a1eee30ba36cb8cd5b/element/f.BBFDC0F1250B5963FA96F3FBE9DA08E0.d.56459731AF28D44FC7145AF60DEC65DB.e.3159/click - {}
RESULT: {"script":"<script> [8489 bytes]","args":[{"element-6066-11e4-a52e-4f735466cecf":"f.BBFDC0F1250B5963FA96F3FBE9DA08E0.d.56459731AF28D44FC7145AF60DEC65DB.e.3158","ELEMENT":"f.BBFDC0F1250B5963FA96F3FBE9DA08E0.d.56459731AF28D44FC7145AF60DEC65DB.e.3158"}]}
COMMAND: GET /session/e9436a53cdf5c0a1eee30ba36cb8cd5b/screenshot - {}
COMMAND: POST /session/e9436a53cdf5c0a1eee30ba36cb8cd5b/execute/sync - {"script":"<script> [8489 bytes]","args":[{"element-6066-11e4-a52e-4f735466cecf":"f.BBFDC0F1250B5963FA96F3FBE9DA08E0.d.56459731AF28D44FC7145AF60DEC65DB.e.3158","ELEMENT":"f.BBFDC0F1250B5963FA96F3FBE9DA08E0.d.56459731AF28D44FC7145AF60DEC65DB.e.3158"}]}
RESULT: {}
COMMAND: GET /session/e9436a53cdf5c0a1eee30ba36cb8cd5b/screenshot - {}
RESULT: {}
COMMAND: POST /session/e9436a53cdf5c0a1eee30ba36cb8cd5b/element - {"using":"xpath","value":"//span[contains(@id ,\"title\")][contains(text(), \"WebdriverYardz9sup\")]"}
RESULT: {}
RESULT: {"using":"xpath","value":"//span[contains(@id ,\"title\")][contains(text(), \"WebdriverYardz9sup\")]"}
COMMAND: POST /session/e9436a53cdf5c0a1eee30ba36cb8cd5b/element - {"using":"xpath","value":"//span[contains(@id ,\"title\")][contains(text(), \"WebdriverYardz9sup\")]"}
RESULT: {"using":"xpath","value":"//span[contains(@id ,\"title\")][contains(text(), \"WebdriverYardz9sup\")]"}
COMMAND: POST /session/e9436a53cdf5c0a1eee30ba36cb8cd5b/element - {"using":"xpath","value":"//span[contains(@id ,\"title\")][contains(text(), \"WebdriverYardz9sup\")]"}
RESULT: {"using":"xpath","value":"//span[contains(@id ,\"title\")][contains(text(), \"WebdriverYardz9sup\")]"}
COMMAND: POST /session/e9436a53cdf5c0a1eee30ba36cb8cd5b/element - {"using":"xpath","value":"//span[contains(@id ,\"title\")][contains(text(), \"WebdriverYardz9sup\")]"}
RESULT: {"using":"xpath","value":"//span[contains(@id ,\"title\")][contains(text(), \"WebdriverYardz9sup\")]"}
COMMAND: POST /session/e9436a53cdf5c0a1eee30ba36cb8cd5b/element - {"using":"xpath","value":"//span[contains(@id ,\"title\")][contains(text(), \"WebdriverYardz9sup\")]"}
RESULT: {"using":"xpath","value":"//span[contains(@id ,\"title\")][contains(text(), \"WebdriverYardz9sup\")]"}
COMMAND: POST /session/e9436a53cdf5c0a1eee30ba36cb8cd5b/element - {"using":"xpath","value":"//span[contains(@id ,\"title\")][contains(text(), \"WebdriverYardz9sup\")]"}
RESULT: {"using":"xpath","value":"//span[contains(@id ,\"title\")][contains(text(), \"WebdriverYardz9sup\")]"}
COMMAND: POST /session/e9436a53cdf5c0a1eee30ba36cb8cd5b/element - {"using":"xpath","value":"//span[contains(@id ,\"title\")][contains(text(), \"WebdriverYardz9sup\")]"}
RESULT: {"using":"xpath","value":"//span[contains(@id ,\"title\")][contains(text(), \"WebdriverYardz9sup\")]"}
COMMAND: POST /session/e9436a53cdf5c0a1eee30ba36cb8cd5b/element - {"using":"xpath","value":"//span[contains(@id ,\"title\")][contains(text(), \"WebdriverYardz9sup\")]"}
RESULT: {"using":"xpath","value":"//span[contains(@id ,\"title\")][contains(text(), \"WebdriverYardz9sup\")]"}
COMMAND: POST /session/e9436a53cdf5c0a1eee30ba36cb8cd5b/element - {"using":"xpath","value":"//span[contains(@id ,\"title\")][contains(text(), \"WebdriverYardz9sup\")]"}
RESULT: {"using":"xpath","value":"//span[contains(@id ,\"title\")][contains(text(), \"WebdriverYardz9sup\")]"}
COMMAND: POST /session/e9436a53cdf5c0a1eee30ba36cb8cd5b/element - {"using":"xpath","value":"//span[contains(@id ,\"title\")][contains(text(), \"WebdriverYardz9sup\")]"}
RESULT: {"using":"xpath","value":"//span[contains(@id ,\"title\")][contains(text(), \"WebdriverYardz9sup\")]"}
COMMAND: POST /session/e9436a53cdf5c0a1eee30ba36cb8cd5b/element - {"using":"xpath","value":"//span[contains(@id ,\"title\")][contains(text(), \"WebdriverYardz9sup\")]"}
RESULT: {"using":"xpath","value":"//span[contains(@id ,\"title\")][contains(text(), \"WebdriverYardz9sup\")]"}
COMMAND: POST /session/e9436a53cdf5c0a1eee30ba36cb8cd5b/element - {"using":"xpath","value":"//span[contains(@id ,\"title\")][contains(text(), \"WebdriverYardz9sup\")]"}
RESULT: {"using":"xpath","value":"//span[contains(@id ,\"title\")][contains(text(), \"WebdriverYardz9sup\")]"}
COMMAND: POST /session/e9436a53cdf5c0a1eee30ba36cb8cd5b/element - {"using":"xpath","value":"//span[contains(@id ,\"title\")][contains(text(), \"WebdriverYardz9sup\")]"}
RESULT: {"using":"xpath","value":"//span[contains(@id ,\"title\")][contains(text(), \"WebdriverYardz9sup\")]"}
COMMAND: POST /session/e9436a53cdf5c0a1eee30ba36cb8cd5b/element - {"using":"xpath","value":"//span[contains(@id ,\"title\")][contains(text(), \"WebdriverYardz9sup\")]"}
RESULT: {"using":"xpath","value":"//span[contains(@id ,\"title\")][contains(text(), \"WebdriverYardz9sup\")]"}
COMMAND: POST /session/e9436a53cdf5c0a1eee30ba36cb8cd5b/element - {"using":"xpath","value":"//span[contains(@id ,\"title\")][contains(text(), \"WebdriverYardz9sup\")]"}
RESULT: {"using":"xpath","value":"//span[contains(@id ,\"title\")][contains(text(), \"WebdriverYardz9sup\")]"}
COMMAND: POST /session/e9436a53cdf5c0a1eee30ba36cb8cd5b/element - {"using":"xpath","value":"//span[contains(@id ,\"title\")][contains(text(), \"WebdriverYardz9sup\")]"}
RESULT: {"using":"xpath","value":"//span[contains(@id ,\"title\")][contains(text(), \"WebdriverYardz9sup\")]"}
COMMAND: POST /session/e9436a53cdf5c0a1eee30ba36cb8cd5b/element - {"using":"xpath","value":"//span[contains(@id ,\"title\")][contains(text(), \"WebdriverYardz9sup\")]"}
RESULT: {"using":"xpath","value":"//span[contains(@id ,\"title\")][contains(text(), \"WebdriverYardz9sup\")]"}
COMMAND: POST /session/e9436a53cdf5c0a1eee30ba36cb8cd5b/element - {"using":"xpath","value":"//span[contains(@id ,\"title\")][contains(text(), \"WebdriverYardz9sup\")]"}
RESULT: {"using":"xpath","value":"//span[contains(@id ,\"title\")][contains(text(), \"WebdriverYardz9sup\")]"}
COMMAND: POST /session/e9436a53cdf5c0a1eee30ba36cb8cd5b/element - {"using":"xpath","value":"//span[contains(@id ,\"title\")][contains(text(), \"WebdriverYardz9sup\")]"}
RESULT: {"using":"xpath","value":"//span[contains(@id ,\"title\")][contains(text(), \"WebdriverYardz9sup\")]"}
COMMAND: POST /session/e9436a53cdf5c0a1eee30ba36cb8cd5b/element - {"using":"xpath","value":"//span[contains(@id ,\"title\")][contains(text(), \"WebdriverYardz9sup\")]"}
RESULT: {"using":"xpath","value":"//span[contains(@id ,\"title\")][contains(text(), \"WebdriverYardz9sup\")]"}
COMMAND: POST /session/e9436a53cdf5c0a1eee30ba36cb8cd5b/element - {"using":"xpath","value":"//span[contains(@id ,\"title\")][contains(text(), \"WebdriverYardz9sup\")]"}
RESULT: {"using":"xpath","value":"//span[contains(@id ,\"title\")][contains(text(), \"WebdriverYardz9sup\")]"}
COMMAND: POST /session/e9436a53cdf5c0a1eee30ba36cb8cd5b/element - {"using":"xpath","value":"//span[contains(@id ,\"title\")][contains(text(), \"WebdriverYardz9sup\")]"}
RESULT: {"using":"xpath","value":"//span[contains(@id ,\"title\")][contains(text(), \"WebdriverYardz9sup\")]"}
COMMAND: POST /session/e9436a53cdf5c0a1eee30ba36cb8cd5b/element - {"using":"xpath","value":"//span[contains(@id ,\"title\")][contains(text(), \"WebdriverYardz9sup\")]"}
RESULT: {"using":"xpath","value":"//span[contains(@id ,\"title\")][contains(text(), \"WebdriverYardz9sup\")]"}
COMMAND: POST /session/e9436a53cdf5c0a1eee30ba36cb8cd5b/element - {"using":"xpath","value":"//span[contains(@id ,\"title\")][contains(text(), \"WebdriverYardz9sup\")]"}
RESULT: {"using":"xpath","value":"//span[contains(@id ,\"title\")][contains(text(), \"WebdriverYardz9sup\")]"}
COMMAND: POST /session/e9436a53cdf5c0a1eee30ba36cb8cd5b/element - {"using":"xpath","value":"//span[contains(@id ,\"title\")][contains(text(), \"WebdriverYardz9sup\")]"}
RESULT: {"using":"xpath","value":"//span[contains(@id ,\"title\")][contains(text(), \"WebdriverYardz9sup\")]"}
COMMAND: POST /session/e9436a53cdf5c0a1eee30ba36cb8cd5b/element - {"using":"xpath","value":"//span[contains(@id ,\"title\")][contains(text(), \"WebdriverYardz9sup\")]"}
RESULT: {"using":"xpath","value":"//span[contains(@id ,\"title\")][contains(text(), \"WebdriverYardz9sup\")]"}
COMMAND: POST /session/e9436a53cdf5c0a1eee30ba36cb8cd5b/element - {"using":"xpath","value":"//span[contains(@id ,\"title\")][contains(text(), \"WebdriverYardz9sup\")]"}
RESULT: {"using":"xpath","value":"//span[contains(@id ,\"title\")][contains(text(), \"WebdriverYardz9sup\")]"}
COMMAND: POST /session/e9436a53cdf5c0a1eee30ba36cb8cd5b/element - {"using":"xpath","value":"//*[contains(@data-kt ,\"webshopDetailYardLink\")]"}
RESULT: {"using":"xpath","value":"//*[contains(@data-kt ,\"webshopDetailYardLink\")]"}
COMMAND: POST /session/e9436a53cdf5c0a1eee30ba36cb8cd5b/execute/sync - {"script":"<script> [8489 bytes]","args":[{"element-6066-11e4-a52e-4f735466cecf":"f.BBFDC0F1250B5963FA96F3FBE9DA08E0.d.56459731AF28D44FC7145AF60DEC65DB.e.3328","ELEMENT":"f.BBFDC0F1250B5963FA96F3FBE9DA08E0.d.56459731AF28D44FC7145AF60DEC65DB.e.3328"}]}
RESULT: {"script":"<script> [8489 bytes]","args":[{"element-6066-11e4-a52e-4f735466cecf":"f.BBFDC0F1250B5963FA96F3FBE9DA08E0.d.56459731AF28D44FC7145AF60DEC65DB.e.3328","ELEMENT":"f.BBFDC0F1250B5963FA96F3FBE9DA08E0.d.56459731AF28D44FC7145AF60DEC65DB.e.3328"}]}
COMMAND: POST /session/e9436a53cdf5c0a1eee30ba36cb8cd5b/execute/sync - {"script":"<script> [5351 bytes]","args":[{"element-6066-11e4-a52e-4f735466cecf":"f.BBFDC0F1250B5963FA96F3FBE9DA08E0.d.56459731AF28D44FC7145AF60DEC65DB.e.3328","ELEMENT":"f.BBFDC0F1250B5963FA96F3FBE9DA08E0.d.56459731AF28D44FC7145AF60DEC65DB.e.3328"}]}
COMMAND: GET /session/e9436a53cdf5c0a1eee30ba36cb8cd5b/screenshot - {}
RESULT: {"script":"<script> [5351 bytes]","args":[{"element-6066-11e4-a52e-4f735466cecf":"f.BBFDC0F1250B5963FA96F3FBE9DA08E0.d.56459731AF28D44FC7145AF60DEC65DB.e.3328","ELEMENT":"f.BBFDC0F1250B5963FA96F3FBE9DA08E0.d.56459731AF28D44FC7145AF60DEC65DB.e.3328"}]}
COMMAND: POST /session/e9436a53cdf5c0a1eee30ba36cb8cd5b/element - {"using":"xpath","value":"//*[contains(@data-kt ,\"webshopDetailYardLink\")]"}
COMMAND: GET /session/e9436a53cdf5c0a1eee30ba36cb8cd5b/screenshot - {}
RESULT: {}
RESULT: {"using":"xpath","value":"//*[contains(@data-kt ,\"webshopDetailYardLink\")]"}
COMMAND: POST /session/e9436a53cdf5c0a1eee30ba36cb8cd5b/element/f.BBFDC0F1250B5963FA96F3FBE9DA08E0.d.56459731AF28D44FC7145AF60DEC65DB.e.3328/click - {}
COMMAND: POST /session/e9436a53cdf5c0a1eee30ba36cb8cd5b/element - {"using":"xpath","value":"//span[contains(@id ,\"title\")][contains(text(), \"WebdriverYardz9sup\")]"}
RESULT: {}
RESULT: {}
COMMAND: GET /session/e9436a53cdf5c0a1eee30ba36cb8cd5b/screenshot - {}
RESULT: {"using":"xpath","value":"//span[contains(@id ,\"title\")][contains(text(), \"WebdriverYardz9sup\")]"}
COMMAND: POST /session/e9436a53cdf5c0a1eee30ba36cb8cd5b/execute/sync - {"script":"<script> [8489 bytes]","args":[{"element-6066-11e4-a52e-4f735466cecf":"f.BBFDC0F1250B5963FA96F3FBE9DA08E0.d.56459731AF28D44FC7145AF60DEC65DB.e.3331","ELEMENT":"f.BBFDC0F1250B5963FA96F3FBE9DA08E0.d.56459731AF28D44FC7145AF60DEC65DB.e.3331"}]}
RESULT: {}
RESULT: {"script":"<script> [8489 bytes]","args":[{"element-6066-11e4-a52e-4f735466cecf":"f.BBFDC0F1250B5963FA96F3FBE9DA08E0.d.56459731AF28D44FC7145AF60DEC65DB.e.3331","ELEMENT":"f.BBFDC0F1250B5963FA96F3FBE9DA08E0.d.56459731AF28D44FC7145AF60DEC65DB.e.3331"}]}
COMMAND: GET /session/e9436a53cdf5c0a1eee30ba36cb8cd5b/screenshot - {}
RESULT: {}
COMMAND: POST /session/e9436a53cdf5c0a1eee30ba36cb8cd5b/element - {"using":"xpath","value":"//*[contains(@data-kt ,\"ContextMenuId3Link\")][contains(text(), \"Yard Main Address\")]"}
RESULT: {"using":"xpath","value":"//*[contains(@data-kt ,\"ContextMenuId3Link\")][contains(text(), \"Yard Main Address\")]"}
COMMAND: POST /session/e9436a53cdf5c0a1eee30ba36cb8cd5b/element/f.BBFDC0F1250B5963FA96F3FBE9DA08E0.d.56459731AF28D44FC7145AF60DEC65DB.e.3332/click - {}
RESULT: {}
COMMAND: GET /session/e9436a53cdf5c0a1eee30ba36cb8cd5b/screenshot - {}
RESULT: {}
COMMAND: POST /session/e9436a53cdf5c0a1eee30ba36cb8cd5b/execute/async - {"script":"<script> [1562 bytes]","args":[{"selector":{"id":"application-addressmanagement-display-component---masterAdm--title1"},"wdio_ui5_key":"applicationaddressmanagement-display-component---masterAdm--title1"}]}
RESULT: {"script":"<script> [1562 bytes]","args":[{"selector":{"id":"application-addressmanagement-display-component---masterAdm--title1"},"wdio_ui5_key":"applicationaddressmanagement-display-component---masterAdm--title1"}]}
RESULT: undefined
COMMAND: POST /session/e9436a53cdf5c0a1eee30ba36cb8cd5b/execute/async - {"script":"<script> [6424 bytes]","args":[{"element-6066-11e4-a52e-4f735466cecf":"f.BBFDC0F1250B5963FA96F3FBE9DA08E0.d.56459731AF28D44FC7145AF60DEC65DB.e.3627"},"getText",[]]}
RESULT: {"script":"<script> [6424 bytes]","args":[{"element-6066-11e4-a52e-4f735466cecf":"f.BBFDC0F1250B5963FA96F3FBE9DA08E0.d.56459731AF28D44FC7145AF60DEC65DB.e.3627"},"getText",[]]}
COMMAND: POST /session/e9436a53cdf5c0a1eee30ba36cb8cd5b/element - {"using":"xpath","value":"//span[contains(text(), \"WebdriverYardjjtihg\")][contains(@id ,\"application-addressmanagement-display-component---detailAdm--addressDetailDetailsName1\")]"}
RESULT: {"using":"xpath","value":"//span[contains(text(), \"WebdriverYardjjtihg\")][contains(@id ,\"application-addressmanagement-display-component---detailAdm--addressDetailDetailsName1\")]"}
COMMAND: POST /session/e9436a53cdf5c0a1eee30ba36cb8cd5b/element - {"using":"xpath","value":"//span[contains(text(), \"WebdriverYardjjtihg\")][contains(@id ,\"application-addressmanagement-display-component---detailAdm--addressDetailDetailsName1\")]"}
RESULT: undefined
COMMAND: POST /session/e9436a53cdf5c0a1eee30ba36cb8cd5b/element - {"using":"xpath","value":"//*[@id=\"backBtn\"]"}
RESULT: {"using":"xpath","value":"//*[@id=\"backBtn\"]"}
COMMAND: POST /session/e9436a53cdf5c0a1eee30ba36cb8cd5b/element/f.BBFDC0F1250B5963FA96F3FBE9DA08E0.d.56459731AF28D44FC7145AF60DEC65DB.e.3159/click - {}
RESULT: {"using":"xpath","value":"//span[contains(text(), \"WebdriverYardjjtihg\")][contains(@id ,\"application-addressmanagement-display-component---detailAdm--addressDetailDetailsName1\")]"}
RESULT: {}
COMMAND: GET /session/e9436a53cdf5c0a1eee30ba36cb8cd5b/screenshot - {}
COMMAND: POST /session/e9436a53cdf5c0a1eee30ba36cb8cd5b/element - {"using":"xpath","value":"//span[contains(text(), \"WebdriverYardjjtihg\")][contains(@id ,\"application-addressmanagement-display-component---detailAdm--addressDetailDetailsName1\")]"}
RESULT: {}
RESULT: {"using":"xpath","value":"//span[contains(text(), \"WebdriverYardjjtihg\")][contains(@id ,\"application-addressmanagement-display-component---detailAdm--addressDetailDetailsName1\")]"}
COMMAND: POST /session/e9436a53cdf5c0a1eee30ba36cb8cd5b/element - {"using":"xpath","value":"//span[contains(text(), \"WebdriverYardjjtihg\")][contains(@id ,\"application-addressmanagement-display-component---detailAdm--addressDetailDetailsName1\")]"}
RESULT: {"using":"xpath","value":"//span[contains(text(), \"WebdriverYardjjtihg\")][contains(@id ,\"application-addressmanagement-display-component---detailAdm--addressDetailDetailsName1\")]"}
COMMAND: POST /session/e9436a53cdf5c0a1eee30ba36cb8cd5b/element - {"using":"xpath","value":"//span[contains(text(), \"WebdriverYardjjtihg\")][contains(@id ,\"application-addressmanagement-display-component---detailAdm--addressDetailDetailsName1\")]"}
RESULT: {"using":"xpath","value":"//span[contains(text(), \"WebdriverYardjjtihg\")][contains(@id ,\"application-addressmanagement-display-component---detailAdm--addressDetailDetailsName1\")]"}
COMMAND: POST /session/e9436a53cdf5c0a1eee30ba36cb8cd5b/element - {"using":"xpath","value":"//span[contains(text(), \"WebdriverYardjjtihg\")][contains(@id ,\"application-addressmanagement-display-component---detailAdm--addressDetailDetailsName1\")]"}
RESULT: {"using":"xpath","value":"//span[contains(text(), \"WebdriverYardjjtihg\")][contains(@id ,\"application-addressmanagement-display-component---detailAdm--addressDetailDetailsName1\")]"}
COMMAND: POST /session/e9436a53cdf5c0a1eee30ba36cb8cd5b/element - {"using":"xpath","value":"//span[contains(text(), \"WebdriverYardjjtihg\")][contains(@id ,\"application-addressmanagement-display-component---detailAdm--addressDetailDetailsName1\")]"}
RESULT: {"using":"xpath","value":"//span[contains(text(), \"WebdriverYardjjtihg\")][contains(@id ,\"application-addressmanagement-display-component---detailAdm--addressDetailDetailsName1\")]"}
COMMAND: POST /session/e9436a53cdf5c0a1eee30ba36cb8cd5b/element - {"using":"xpath","value":"//span[contains(text(), \"WebdriverYardjjtihg\")][contains(@id ,\"application-addressmanagement-display-component---detailAdm--addressDetailDetailsName1\")]"}
RESULT: {"using":"xpath","value":"//span[contains(text(), \"WebdriverYardjjtihg\")][contains(@id ,\"application-addressmanagement-display-component---detailAdm--addressDetailDetailsName1\")]"}
COMMAND: POST /session/e9436a53cdf5c0a1eee30ba36cb8cd5b/execute/sync - {"script":"<script> [8489 bytes]","args":[{"element-6066-11e4-a52e-4f735466cecf":"f.BBFDC0F1250B5963FA96F3FBE9DA08E0.d.56459731AF28D44FC7145AF60DEC65DB.e.3328","ELEMENT":"f.BBFDC0F1250B5963FA96F3FBE9DA08E0.d.56459731AF28D44FC7145AF60DEC65DB.e.3328"}]}
COMMAND: POST /session/e9436a53cdf5c0a1eee30ba36cb8cd5b/element - {"using":"xpath","value":"//*[contains(@data-kt ,\"webshopDetailYardLink\")]"}
RESULT: {"using":"xpath","value":"//*[contains(@data-kt ,\"webshopDetailYardLink\")]"}
COMMAND: POST /session/e9436a53cdf5c0a1eee30ba36cb8cd5b/execute/sync - {"script":"<script> [8489 bytes]","args":[{"element-6066-11e4-a52e-4f735466cecf":"f.BBFDC0F1250B5963FA96F3FBE9DA08E0.d.56459731AF28D44FC7145AF60DEC65DB.e.3764","ELEMENT":"f.BBFDC0F1250B5963FA96F3FBE9DA08E0.d.56459731AF28D44FC7145AF60DEC65DB.e.3764"}]}
RESULT: {"script":"<script> [8489 bytes]","args":[{"element-6066-11e4-a52e-4f735466cecf":"f.BBFDC0F1250B5963FA96F3FBE9DA08E0.d.56459731AF28D44FC7145AF60DEC65DB.e.3764","ELEMENT":"f.BBFDC0F1250B5963FA96F3FBE9DA08E0.d.56459731AF28D44FC7145AF60DEC65DB.e.3764"}]}
COMMAND: POST /session/e9436a53cdf5c0a1eee30ba36cb8cd5b/execute/sync - {"script":"<script> [5351 bytes]","args":[{"element-6066-11e4-a52e-4f735466cecf":"f.BBFDC0F1250B5963FA96F3FBE9DA08E0.d.56459731AF28D44FC7145AF60DEC65DB.e.3764","ELEMENT":"f.BBFDC0F1250B5963FA96F3FBE9DA08E0.d.56459731AF28D44FC7145AF60DEC65DB.e.3764"}]}
COMMAND: GET /session/e9436a53cdf5c0a1eee30ba36cb8cd5b/screenshot - {}
RESULT: {"script":"<script> [5351 bytes]","args":[{"element-6066-11e4-a52e-4f735466cecf":"f.BBFDC0F1250B5963FA96F3FBE9DA08E0.d.56459731AF28D44FC7145AF60DEC65DB.e.3764","ELEMENT":"f.BBFDC0F1250B5963FA96F3FBE9DA08E0.d.56459731AF28D44FC7145AF60DEC65DB.e.3764"}]}
COMMAND: POST /session/e9436a53cdf5c0a1eee30ba36cb8cd5b/element - {"using":"xpath","value":"//*[contains(@data-kt ,\"webshopDetailYardLink\")]"}
COMMAND: GET /session/e9436a53cdf5c0a1eee30ba36cb8cd5b/screenshot - {}
RESULT: {}
RESULT: {"using":"xpath","value":"//*[contains(@data-kt ,\"webshopDetailYardLink\")]"}
COMMAND: POST /session/e9436a53cdf5c0a1eee30ba36cb8cd5b/element/f.BBFDC0F1250B5963FA96F3FBE9DA08E0.d.56459731AF28D44FC7145AF60DEC65DB.e.3764/click - {}
COMMAND: POST /session/e9436a53cdf5c0a1eee30ba36cb8cd5b/element - {"using":"xpath","value":"//span[contains(text(), \"WebdriverYardjjtihg\")][contains(@id ,\"application-addressmanagement-display-component---detailAdm--addressDetailDetailsName1\")]"}
RESULT: {}
RESULT: {}
COMMAND: GET /session/e9436a53cdf5c0a1eee30ba36cb8cd5b/screenshot - {}
RESULT: {"using":"xpath","value":"//span[contains(text(), \"WebdriverYardjjtihg\")][contains(@id ,\"application-addressmanagement-display-component---detailAdm--addressDetailDetailsName1\")]"}
RESULT: {}
COMMAND: POST /session/e9436a53cdf5c0a1eee30ba36cb8cd5b/element - {"using":"xpath","value":"//span[contains(text(), \"WebdriverYardjjtihg\")][contains(@id ,\"application-addressmanagement-display-component---detailAdm--addressDetailDetailsName1\")]"}
RESULT: {"using":"xpath","value":"//span[contains(text(), \"WebdriverYardjjtihg\")][contains(@id ,\"application-addressmanagement-display-component---detailAdm--addressDetailDetailsName1\")]"}
COMMAND: POST /session/e9436a53cdf5c0a1eee30ba36cb8cd5b/element - {"using":"xpath","value":"//span[contains(text(), \"WebdriverYardjjtihg\")][contains(@id ,\"application-addressmanagement-display-component---detailAdm--addressDetailDetailsName1\")]"}
RESULT: {"using":"xpath","value":"//span[contains(text(), \"WebdriverYardjjtihg\")][contains(@id ,\"application-addressmanagement-display-component---detailAdm--addressDetailDetailsName1\")]"}
COMMAND: POST /session/e9436a53cdf5c0a1eee30ba36cb8cd5b/element - {"using":"xpath","value":"//span[contains(text(), \"WebdriverYardjjtihg\")][contains(@id ,\"application-addressmanagement-display-component---detailAdm--addressDetailDetailsName1\")]"}
RESULT: {"using":"xpath","value":"//span[contains(text(), \"WebdriverYardjjtihg\")][contains(@id ,\"application-addressmanagement-display-component---detailAdm--addressDetailDetailsName1\")]"}
COMMAND: POST /session/e9436a53cdf5c0a1eee30ba36cb8cd5b/element - {"using":"xpath","value":"//button[contains(@data-kt ,\"ContextMenuExternalId2Link\")]"}
RESULT: {"using":"xpath","value":"//button[contains(@data-kt ,\"ContextMenuExternalId2Link\")]"}
COMMAND: POST /session/e9436a53cdf5c0a1eee30ba36cb8cd5b/element/f.BBFDC0F1250B5963FA96F3FBE9DA08E0.d.56459731AF28D44FC7145AF60DEC65DB.e.3766/click - {}
COMMAND: POST /session/e9436a53cdf5c0a1eee30ba36cb8cd5b/element - {"using":"xpath","value":"//span[contains(text(), \"WebdriverYardjjtihg\")][contains(@id ,\"application-addressmanagement-display-component---detailAdm--addressDetailDetailsName1\")]"}
RESULT: {}
COMMAND: GET /session/e9436a53cdf5c0a1eee30ba36cb8cd5b/screenshot - {}
RESULT: {"using":"xpath","value":"//span[contains(text(), \"WebdriverYardjjtihg\")][contains(@id ,\"application-addressmanagement-display-component---detailAdm--addressDetailDetailsName1\")]"}
RESULT: {}
COMMAND: POST /session/e9436a53cdf5c0a1eee30ba36cb8cd5b/element - {"using":"xpath","value":"//span[contains(text(), \"WebdriverYardjjtihg\")][contains(@id ,\"application-addressmanagement-display-component---detailAdm--addressDetailDetailsName1\")]"}
RESULT: {"using":"xpath","value":"//span[contains(text(), \"WebdriverYardjjtihg\")][contains(@id ,\"application-addressmanagement-display-component---detailAdm--addressDetailDetailsName1\")]"}
COMMAND: POST /session/e9436a53cdf5c0a1eee30ba36cb8cd5b/element - {"using":"xpath","value":"//span[contains(text(), \"WebdriverYardjjtihg\")][contains(@id ,\"application-addressmanagement-display-component---detailAdm--addressDetailDetailsName1\")]"}
RESULT: {"using":"xpath","value":"//span[contains(text(), \"WebdriverYardjjtihg\")][contains(@id ,\"application-addressmanagement-display-component---detailAdm--addressDetailDetailsName1\")]"}
COMMAND: POST /session/e9436a53cdf5c0a1eee30ba36cb8cd5b/element - {"using":"xpath","value":"//span[contains(text(), \"WebdriverYardjjtihg\")][contains(@id ,\"application-addressmanagement-display-component---detailAdm--addressDetailDetailsName1\")]"}
RESULT: {"using":"xpath","value":"//span[contains(text(), \"WebdriverYardjjtihg\")][contains(@id ,\"application-addressmanagement-display-component---detailAdm--addressDetailDetailsName1\")]"}
COMMAND: POST /session/e9436a53cdf5c0a1eee30ba36cb8cd5b/element - {"using":"xpath","value":"//span[contains(text(), \"WebdriverYardjjtihg\")][contains(@id ,\"application-addressmanagement-display-component---detailAdm--addressDetailDetailsName1\")]"}
RESULT: {"using":"xpath","value":"//span[contains(text(), \"WebdriverYardjjtihg\")][contains(@id ,\"application-addressmanagement-display-component---detailAdm--addressDetailDetailsName1\")]"}
COMMAND: POST /session/e9436a53cdf5c0a1eee30ba36cb8cd5b/element - {"using":"xpath","value":"//span[contains(text(), \"WebdriverYardjjtihg\")][contains(@id ,\"application-addressmanagement-display-component---detailAdm--addressDetailDetailsName1\")]"}
RESULT: {"using":"xpath","value":"//span[contains(text(), \"WebdriverYardjjtihg\")][contains(@id ,\"application-addressmanagement-display-component---detailAdm--addressDetailDetailsName1\")]"}
COMMAND: POST /session/e9436a53cdf5c0a1eee30ba36cb8cd5b/element - {"using":"xpath","value":"//span[contains(text(), \"WebdriverYardjjtihg\")][contains(@id ,\"application-addressmanagement-display-component---detailAdm--addressDetailDetailsName1\")]"}
RESULT: {"using":"xpath","value":"//span[contains(text(), \"WebdriverYardjjtihg\")][contains(@id ,\"application-addressmanagement-display-component---detailAdm--addressDetailDetailsName1\")]"}
COMMAND: POST /session/e9436a53cdf5c0a1eee30ba36cb8cd5b/element - {"using":"xpath","value":"//span[contains(text(), \"WebdriverYardjjtihg\")][contains(@id ,\"application-addressmanagement-display-component---detailAdm--addressDetailDetailsName1\")]"}
RESULT: {"using":"xpath","value":"//span[contains(text(), \"WebdriverYardjjtihg\")][contains(@id ,\"application-addressmanagement-display-component---detailAdm--addressDetailDetailsName1\")]"}
COMMAND: POST /session/e9436a53cdf5c0a1eee30ba36cb8cd5b/element - {"using":"xpath","value":"//span[contains(text(), \"WebdriverYardjjtihg\")][contains(@id ,\"application-addressmanagement-display-component---detailAdm--addressDetailDetailsName1\")]"}
RESULT: {"using":"xpath","value":"//span[contains(text(), \"WebdriverYardjjtihg\")][contains(@id ,\"application-addressmanagement-display-component---detailAdm--addressDetailDetailsName1\")]"}
COMMAND: POST /session/e9436a53cdf5c0a1eee30ba36cb8cd5b/element - {"using":"xpath","value":"//span[contains(text(), \"WebdriverYardjjtihg\")][contains(@id ,\"application-addressmanagement-display-component---detailAdm--addressDetailDetailsName1\")]"}
RESULT: {"using":"xpath","value":"//span[contains(text(), \"WebdriverYardjjtihg\")][contains(@id ,\"application-addressmanagement-display-component---detailAdm--addressDetailDetailsName1\")]"}
COMMAND: POST /session/e9436a53cdf5c0a1eee30ba36cb8cd5b/element - {"using":"xpath","value":"//span[contains(text(), \"WebdriverYardjjtihg\")][contains(@id ,\"application-addressmanagement-display-component---detailAdm--addressDetailDetailsName1\")]"}
RESULT: {"using":"xpath","value":"//span[contains(text(), \"WebdriverYardjjtihg\")][contains(@id ,\"application-addressmanagement-display-component---detailAdm--addressDetailDetailsName1\")]"}
COMMAND: POST /session/e9436a53cdf5c0a1eee30ba36cb8cd5b/element - {"using":"xpath","value":"//span[contains(text(), \"WebdriverYardjjtihg\")][contains(@id ,\"application-addressmanagement-display-component---detailAdm--addressDetailDetailsName1\")]"}
RESULT: {"using":"xpath","value":"//span[contains(text(), \"WebdriverYardjjtihg\")][contains(@id ,\"application-addressmanagement-display-component---detailAdm--addressDetailDetailsName1\")]"}
COMMAND: POST /session/e9436a53cdf5c0a1eee30ba36cb8cd5b/element - {"using":"xpath","value":"//span[contains(text(), \"WebdriverYardjjtihg\")][contains(@id ,\"application-addressmanagement-display-component---detailAdm--addressDetailDetailsName1\")]"}
RESULT: {"using":"xpath","value":"//span[contains(text(), \"WebdriverYardjjtihg\")][contains(@id ,\"application-addressmanagement-display-component---detailAdm--addressDetailDetailsName1\")]"}
COMMAND: POST /session/e9436a53cdf5c0a1eee30ba36cb8cd5b/element - {"using":"xpath","value":"//span[contains(text(), \"WebdriverYardjjtihg\")][contains(@id ,\"application-addressmanagement-display-component---detailAdm--addressDetailDetailsName1\")]"}
RESULT: {"using":"xpath","value":"//span[contains(text(), \"WebdriverYardjjtihg\")][contains(@id ,\"application-addressmanagement-display-component---detailAdm--addressDetailDetailsName1\")]"}
COMMAND: POST /session/e9436a53cdf5c0a1eee30ba36cb8cd5b/element - {"using":"xpath","value":"//span[contains(text(), \"WebdriverYardjjtihg\")][contains(@id ,\"application-addressmanagement-display-component---detailAdm--addressDetailDetailsName1\")]"}
RESULT: {"using":"xpath","value":"//span[contains(text(), \"WebdriverYardjjtihg\")][contains(@id ,\"application-addressmanagement-display-component---detailAdm--addressDetailDetailsName1\")]"}
COMMAND: GET /session/e9436a53cdf5c0a1eee30ba36cb8cd5b/window/handles - {}
RESULT: {}
COMMAND: POST /session/e9436a53cdf5c0a1eee30ba36cb8cd5b/window - {"handle":"F2032EAECFDB020985D7234BE4504FE4"}
RESULT: {"handle":"F2032EAECFDB020985D7234BE4504FE4"}
COMMAND: GET /session/e9436a53cdf5c0a1eee30ba36cb8cd5b/url - {}
RESULT: {}
COMMAND: GET /session/e9436a53cdf5c0a1eee30ba36cb8cd5b/screenshot - {}
COMMAND: POST /session/e9436a53cdf5c0a1eee30ba36cb8cd5b/element - {"using":"xpath","value":"//span[contains(text(), \"WebdriverYardjjtihg\")][contains(@id ,\"application-addressmanagement-display-component---detailAdm--addressDetailDetailsName1\")]"}
RESULT: {}
RESULT: {"using":"xpath","value":"//span[contains(text(), \"WebdriverYardjjtihg\")][contains(@id ,\"application-addressmanagement-display-component---detailAdm--addressDetailDetailsName1\")]"}
COMMAND: POST /session/e9436a53cdf5c0a1eee30ba36cb8cd5b/element - {"using":"xpath","value":"//span[contains(text(), \"WebdriverYardjjtihg\")][contains(@id ,\"application-addressmanagement-display-component---detailAdm--addressDetailDetailsName1\")]"}
RESULT: {"using":"xpath","value":"//span[contains(text(), \"WebdriverYardjjtihg\")][contains(@id ,\"application-addressmanagement-display-component---detailAdm--addressDetailDetailsName1\")]"}
COMMAND: POST /session/e9436a53cdf5c0a1eee30ba36cb8cd5b/element - {"using":"xpath","value":"//span[contains(text(), \"WebdriverYardjjtihg\")][contains(@id ,\"application-addressmanagement-display-component---detailAdm--addressDetailDetailsName1\")]"}
RESULT: {"using":"xpath","value":"//span[contains(text(), \"WebdriverYardjjtihg\")][contains(@id ,\"application-addressmanagement-display-component---detailAdm--addressDetailDetailsName1\")]"}
COMMAND: POST /session/e9436a53cdf5c0a1eee30ba36cb8cd5b/element - {"using":"xpath","value":"//span[contains(text(), \"WebdriverYardjjtihg\")][contains(@id ,\"application-addressmanagement-display-component---detailAdm--addressDetailDetailsName1\")]"}
RESULT: {"using":"xpath","value":"//span[contains(text(), \"WebdriverYardjjtihg\")][contains(@id ,\"application-addressmanagement-display-component---detailAdm--addressDetailDetailsName1\")]"}
COMMAND: POST /session/e9436a53cdf5c0a1eee30ba36cb8cd5b/element - {"using":"xpath","value":"//span[contains(text(), \"WebdriverYardjjtihg\")][contains(@id ,\"application-addressmanagement-display-component---detailAdm--addressDetailDetailsName1\")]"}
RESULT: {"using":"xpath","value":"//span[contains(text(), \"WebdriverYardjjtihg\")][contains(@id ,\"application-addressmanagement-display-component---detailAdm--addressDetailDetailsName1\")]"}
COMMAND: POST /session/e9436a53cdf5c0a1eee30ba36cb8cd5b/element - {"using":"xpath","value":"//span[contains(text(), \"WebdriverYardjjtihg\")][contains(@id ,\"application-addressmanagement-display-component---detailAdm--addressDetailDetailsName1\")]"}
RESULT: {"using":"xpath","value":"//span[contains(text(), \"WebdriverYardjjtihg\")][contains(@id ,\"application-addressmanagement-display-component---detailAdm--addressDetailDetailsName1\")]"}
COMMAND: POST /session/e9436a53cdf5c0a1eee30ba36cb8cd5b/element - {"using":"xpath","value":"//span[contains(text(), \"WebdriverYardjjtihg\")][contains(@id ,\"application-addressmanagement-display-component---detailAdm--addressDetailDetailsName1\")]"}
RESULT: {"using":"xpath","value":"//span[contains(text(), \"WebdriverYardjjtihg\")][contains(@id ,\"application-addressmanagement-display-component---detailAdm--addressDetailDetailsName1\")]"}
COMMAND: POST /session/e9436a53cdf5c0a1eee30ba36cb8cd5b/element - {"using":"xpath","value":"//span[contains(text(), \"WebdriverYardjjtihg\")][contains(@id ,\"application-addressmanagement-display-component---detailAdm--addressDetailDetailsName1\")]"}
RESULT: {"using":"xpath","value":"//span[contains(text(), \"WebdriverYardjjtihg\")][contains(@id ,\"application-addressmanagement-display-component---detailAdm--addressDetailDetailsName1\")]"}
COMMAND: POST /session/e9436a53cdf5c0a1eee30ba36cb8cd5b/element - {"using":"xpath","value":"//span[contains(text(), \"WebdriverYardjjtihg\")][contains(@id ,\"application-addressmanagement-display-component---detailAdm--addressDetailDetailsName1\")]"}
RESULT: {"using":"xpath","value":"//span[contains(text(), \"WebdriverYardjjtihg\")][contains(@id ,\"application-addressmanagement-display-component---detailAdm--addressDetailDetailsName1\")]"}
COMMAND: POST /session/e9436a53cdf5c0a1eee30ba36cb8cd5b/element - {"using":"xpath","value":"//span[contains(text(), \"WebdriverYardjjtihg\")][contains(@id ,\"application-addressmanagement-display-component---detailAdm--addressDetailDetailsName1\")]"}
RESULT: {"using":"xpath","value":"//span[contains(text(), \"WebdriverYardjjtihg\")][contains(@id ,\"application-addressmanagement-display-component---detailAdm--addressDetailDetailsName1\")]"}
COMMAND: POST /session/e9436a53cdf5c0a1eee30ba36cb8cd5b/element - {"using":"xpath","value":"//span[contains(text(), \"WebdriverYardjjtihg\")][contains(@id ,\"application-addressmanagement-display-component---detailAdm--addressDetailDetailsName1\")]"}
RESULT: {"using":"xpath","value":"//span[contains(text(), \"WebdriverYardjjtihg\")][contains(@id ,\"application-addressmanagement-display-component---detailAdm--addressDetailDetailsName1\")]"}
COMMAND: POST /session/e9436a53cdf5c0a1eee30ba36cb8cd5b/element - {"using":"xpath","value":"//span[contains(text(), \"WebdriverYardjjtihg\")][contains(@id ,\"application-addressmanagement-display-component---detailAdm--addressDetailDetailsName1\")]"}
RESULT: {"using":"xpath","value":"//span[contains(text(), \"WebdriverYardjjtihg\")][contains(@id ,\"application-addressmanagement-display-component---detailAdm--addressDetailDetailsName1\")]"}
COMMAND: POST /session/e9436a53cdf5c0a1eee30ba36cb8cd5b/element - {"using":"xpath","value":"//span[contains(text(), \"WebdriverYardjjtihg\")][contains(@id ,\"application-addressmanagement-display-component---detailAdm--addressDetailDetailsName1\")]"}
RESULT: {"using":"xpath","value":"//span[contains(text(), \"WebdriverYardjjtihg\")][contains(@id ,\"application-addressmanagement-display-component---detailAdm--addressDetailDetailsName1\")]"}
COMMAND: POST /session/e9436a53cdf5c0a1eee30ba36cb8cd5b/execute/sync - {"script":"<script> [8489 bytes]","args":[{"element-6066-11e4-a52e-4f735466cecf":"f.BBFDC0F1250B5963FA96F3FBE9DA08E0.d.56459731AF28D44FC7145AF60DEC65DB.e.3331","ELEMENT":"f.BBFDC0F1250B5963FA96F3FBE9DA08E0.d.56459731AF28D44FC7145AF60DEC65DB.e.3331"}]}
COMMAND: DELETE /session/e9436a53cdf5c0a1eee30ba36cb8cd5b/window - {}
COMMAND: POST /session/e9436a53cdf5c0a1eee30ba36cb8cd5b/element - {"using":"xpath","value":"//span[contains(text(), \"WebdriverYardjjtihg\")][contains(@id ,\"application-addressmanagement-display-component---detailAdm--addressDetailDetailsName1\")]"}
RESULT: {}
COMMAND: POST /session/e9436a53cdf5c0a1eee30ba36cb8cd5b/window - {"handle":"BBFDC0F1250B5963FA96F3FBE9DA08E0"}
RESULT: {"handle":"BBFDC0F1250B5963FA96F3FBE9DA08E0"}
COMMAND: GET /session/e9436a53cdf5c0a1eee30ba36cb8cd5b/url - {}
RESULT: {}
COMMAND: POST /session/e9436a53cdf5c0a1eee30ba36cb8cd5b/element - {"using":"xpath","value":"//span[contains(@id ,\"title\")][contains(text(), \"WebdriverYardz9sup\")]"}
RESULT: {"using":"xpath","value":"//span[contains(text(), \"WebdriverYardjjtihg\")][contains(@id ,\"application-addressmanagement-display-component---detailAdm--addressDetailDetailsName1\")]"}
COMMAND: GET /session/e9436a53cdf5c0a1eee30ba36cb8cd5b/screenshot - {}
RESULT: {"using":"xpath","value":"//span[contains(@id ,\"title\")][contains(text(), \"WebdriverYardz9sup\")]"}
COMMAND: POST /session/e9436a53cdf5c0a1eee30ba36cb8cd5b/execute/sync - {"script":"<script> [8489 bytes]","args":[{"element-6066-11e4-a52e-4f735466cecf":"f.BBFDC0F1250B5963FA96F3FBE9DA08E0.d.56459731AF28D44FC7145AF60DEC65DB.e.3796","ELEMENT":"f.BBFDC0F1250B5963FA96F3FBE9DA08E0.d.56459731AF28D44FC7145AF60DEC65DB.e.3796"}]}
RESULT: {}
RESULT: {"script":"<script> [8489 bytes]","args":[{"element-6066-11e4-a52e-4f735466cecf":"f.BBFDC0F1250B5963FA96F3FBE9DA08E0.d.56459731AF28D44FC7145AF60DEC65DB.e.3796","ELEMENT":"f.BBFDC0F1250B5963FA96F3FBE9DA08E0.d.56459731AF28D44FC7145AF60DEC65DB.e.3796"}]}
COMMAND: GET /session/e9436a53cdf5c0a1eee30ba36cb8cd5b/screenshot - {}
COMMAND: POST /session/e9436a53cdf5c0a1eee30ba36cb8cd5b/element - {"using":"xpath","value":"//span[contains(text(), \"WebdriverYardjjtihg\")][contains(@id ,\"application-addressmanagement-display-component---detailAdm--addressDetailDetailsName1\")]"}
RESULT: {}
RESULT: {"using":"xpath","value":"//span[contains(text(), \"WebdriverYardjjtihg\")][contains(@id ,\"application-addressmanagement-display-component---detailAdm--addressDetailDetailsName1\")]"}
COMMAND: POST /session/e9436a53cdf5c0a1eee30ba36cb8cd5b/element - {"using":"xpath","value":"//span[contains(text(), \"WebdriverYardjjtihg\")][contains(@id ,\"application-addressmanagement-display-component---detailAdm--addressDetailDetailsName1\")]"}
RESULT: {"using":"xpath","value":"//span[contains(text(), \"WebdriverYardjjtihg\")][contains(@id ,\"application-addressmanagement-display-component---detailAdm--addressDetailDetailsName1\")]"}
COMMAND: POST /session/e9436a53cdf5c0a1eee30ba36cb8cd5b/element - {"using":"xpath","value":"//span[contains(text(), \"WebdriverYardjjtihg\")][contains(@id ,\"application-addressmanagement-display-component---detailAdm--addressDetailDetailsName1\")]"}
RESULT: {"using":"xpath","value":"//span[contains(text(), \"WebdriverYardjjtihg\")][contains(@id ,\"application-addressmanagement-display-component---detailAdm--addressDetailDetailsName1\")]"}
COMMAND: POST /session/e9436a53cdf5c0a1eee30ba36cb8cd5b/element - {"using":"xpath","value":"//span[contains(text(), \"WebdriverYardjjtihg\")][contains(@id ,\"application-addressmanagement-display-component---detailAdm--addressDetailDetailsName1\")]"}
RESULT: {"using":"xpath","value":"//span[contains(text(), \"WebdriverYardjjtihg\")][contains(@id ,\"application-addressmanagement-display-component---detailAdm--addressDetailDetailsName1\")]"}
COMMAND: POST /session/e9436a53cdf5c0a1eee30ba36cb8cd5b/element - {"using":"xpath","value":"//span[contains(text(), \"WebdriverYardjjtihg\")][contains(@id ,\"application-addressmanagement-display-component---detailAdm--addressDetailDetailsName1\")]"}
RESULT: {"using":"xpath","value":"//span[contains(text(), \"WebdriverYardjjtihg\")][contains(@id ,\"application-addressmanagement-display-component---detailAdm--addressDetailDetailsName1\")]"}
COMMAND: POST /session/e9436a53cdf5c0a1eee30ba36cb8cd5b/element - {"using":"xpath","value":"//span[contains(text(), \"WebdriverYardjjtihg\")][contains(@id ,\"application-addressmanagement-display-component---detailAdm--addressDetailDetailsName1\")]"}
RESULT: {"using":"xpath","value":"//span[contains(text(), \"WebdriverYardjjtihg\")][contains(@id ,\"application-addressmanagement-display-component---detailAdm--addressDetailDetailsName1\")]"}
COMMAND: POST /session/e9436a53cdf5c0a1eee30ba36cb8cd5b/element - {"using":"xpath","value":"//span[contains(text(), \"WebdriverYardjjtihg\")][contains(@id ,\"application-addressmanagement-display-component---detailAdm--addressDetailDetailsName1\")]"}
RESULT: {"using":"xpath","value":"//span[contains(text(), \"WebdriverYardjjtihg\")][contains(@id ,\"application-addressmanagement-display-component---detailAdm--addressDetailDetailsName1\")]"}
COMMAND: POST /session/e9436a53cdf5c0a1eee30ba36cb8cd5b/element - {"using":"xpath","value":"//span[contains(text(), \"WebdriverYardjjtihg\")][contains(@id ,\"application-addressmanagement-display-component---detailAdm--addressDetailDetailsName1\")]"}
RESULT: {"using":"xpath","value":"//span[contains(text(), \"WebdriverYardjjtihg\")][contains(@id ,\"application-addressmanagement-display-component---detailAdm--addressDetailDetailsName1\")]"}
COMMAND: POST /session/e9436a53cdf5c0a1eee30ba36cb8cd5b/element - {"using":"xpath","value":"//span[contains(text(), \"WebdriverYardjjtihg\")][contains(@id ,\"application-addressmanagement-display-component---detailAdm--addressDetailDetailsName1\")]"}
RESULT: {"using":"xpath","value":"//span[contains(text(), \"WebdriverYardjjtihg\")][contains(@id ,\"application-addressmanagement-display-component---detailAdm--addressDetailDetailsName1\")]"}
COMMAND: POST /session/e9436a53cdf5c0a1eee30ba36cb8cd5b/element - {"using":"xpath","value":"//span[contains(text(), \"WebdriverYardjjtihg\")][contains(@id ,\"application-addressmanagement-display-component---detailAdm--addressDetailDetailsName1\")]"}
RESULT: {"using":"xpath","value":"//span[contains(text(), \"WebdriverYardjjtihg\")][contains(@id ,\"application-addressmanagement-display-component---detailAdm--addressDetailDetailsName1\")]"}
COMMAND: POST /session/e9436a53cdf5c0a1eee30ba36cb8cd5b/element - {"using":"xpath","value":"//button[contains(@data-kt ,\"ContextMenuExternalId3Link\")]"}
RESULT: {"using":"xpath","value":"//button[contains(@data-kt ,\"ContextMenuExternalId3Link\")]"}
COMMAND: POST /session/e9436a53cdf5c0a1eee30ba36cb8cd5b/element/f.BBFDC0F1250B5963FA96F3FBE9DA08E0.d.56459731AF28D44FC7145AF60DEC65DB.e.3797/click - {}
COMMAND: POST /session/e9436a53cdf5c0a1eee30ba36cb8cd5b/element - {"using":"xpath","value":"//span[contains(text(), \"WebdriverYardjjtihg\")][contains(@id ,\"application-addressmanagement-display-component---detailAdm--addressDetailDetailsName1\")]"}
RESULT: {}
COMMAND: GET /session/e9436a53cdf5c0a1eee30ba36cb8cd5b/screenshot - {}
RESULT: {"using":"xpath","value":"//span[contains(text(), \"WebdriverYardjjtihg\")][contains(@id ,\"application-addressmanagement-display-component---detailAdm--addressDetailDetailsName1\")]"}
RESULT: {}
COMMAND: POST /session/e9436a53cdf5c0a1eee30ba36cb8cd5b/element - {"using":"xpath","value":"//span[contains(text(), \"WebdriverYardjjtihg\")][contains(@id ,\"application-addressmanagement-display-component---detailAdm--addressDetailDetailsName1\")]"}
RESULT: {"using":"xpath","value":"//span[contains(text(), \"WebdriverYardjjtihg\")][contains(@id ,\"application-addressmanagement-display-component---detailAdm--addressDetailDetailsName1\")]"}
COMMAND: POST /session/e9436a53cdf5c0a1eee30ba36cb8cd5b/element - {"using":"xpath","value":"//span[contains(text(), \"WebdriverYardjjtihg\")][contains(@id ,\"application-addressmanagement-display-component---detailAdm--addressDetailDetailsName1\")]"}
RESULT: {"using":"xpath","value":"//span[contains(text(), \"WebdriverYardjjtihg\")][contains(@id ,\"application-addressmanagement-display-component---detailAdm--addressDetailDetailsName1\")]"}
COMMAND: POST /session/e9436a53cdf5c0a1eee30ba36cb8cd5b/element - {"using":"xpath","value":"//span[contains(text(), \"WebdriverYardjjtihg\")][contains(@id ,\"application-addressmanagement-display-component---detailAdm--addressDetailDetailsName1\")]"}
RESULT: {"using":"xpath","value":"//span[contains(text(), \"WebdriverYardjjtihg\")][contains(@id ,\"application-addressmanagement-display-component---detailAdm--addressDetailDetailsName1\")]"}
COMMAND: POST /session/e9436a53cdf5c0a1eee30ba36cb8cd5b/element - {"using":"xpath","value":"//span[contains(text(), \"WebdriverYardjjtihg\")][contains(@id ,\"application-addressmanagement-display-component---detailAdm--addressDetailDetailsName1\")]"}
RESULT: {"using":"xpath","value":"//span[contains(text(), \"WebdriverYardjjtihg\")][contains(@id ,\"application-addressmanagement-display-component---detailAdm--addressDetailDetailsName1\")]"}
COMMAND: GET /session/e9436a53cdf5c0a1eee30ba36cb8cd5b/window/handles - {}
RESULT: {}
COMMAND: POST /session/e9436a53cdf5c0a1eee30ba36cb8cd5b/window - {"handle":"1ECBF1EF975DAE314E7DE6A44FEFF4B7"}
RESULT: {"handle":"1ECBF1EF975DAE314E7DE6A44FEFF4B7"}
COMMAND: GET /session/e9436a53cdf5c0a1eee30ba36cb8cd5b/url - {}
RESULT: {}
COMMAND: GET /session/e9436a53cdf5c0a1eee30ba36cb8cd5b/screenshot - {}
RESULT: {}
COMMAND: POST /session/e9436a53cdf5c0a1eee30ba36cb8cd5b/element - {"using":"xpath","value":"//span[contains(text(), \"WebdriverYardjjtihg\")][contains(@id ,\"application-addressmanagement-display-component---detailAdm--addressDetailDetailsName1\")]"}
COMMAND: DELETE /session/e9436a53cdf5c0a1eee30ba36cb8cd5b/window - {}
RESULT: {}
COMMAND: POST /session/e9436a53cdf5c0a1eee30ba36cb8cd5b/window - {"handle":"BBFDC0F1250B5963FA96F3FBE9DA08E0"}
RESULT: {"handle":"BBFDC0F1250B5963FA96F3FBE9DA08E0"}
COMMAND: GET /session/e9436a53cdf5c0a1eee30ba36cb8cd5b/url - {}
RESULT: {"using":"xpath","value":"//span[contains(text(), \"WebdriverYardjjtihg\")][contains(@id ,\"application-addressmanagement-display-component---detailAdm--addressDetailDetailsName1\")]"}
RESULT: {}
COMMAND: GET /session/e9436a53cdf5c0a1eee30ba36cb8cd5b/screenshot - {}
COMMAND: POST /session/e9436a53cdf5c0a1eee30ba36cb8cd5b/element - {"using":"xpath","value":"//span[contains(text(), \"WebdriverYardjjtihg\")][contains(@id ,\"application-addressmanagement-display-component---detailAdm--addressDetailDetailsName1\")]"}
RESULT: {}
RESULT: {"using":"xpath","value":"//span[contains(text(), \"WebdriverYardjjtihg\")][contains(@id ,\"application-addressmanagement-display-component---detailAdm--addressDetailDetailsName1\")]"}
COMMAND: POST /session/e9436a53cdf5c0a1eee30ba36cb8cd5b/element - {"using":"xpath","value":"//span[contains(text(), \"WebdriverYardjjtihg\")][contains(@id ,\"application-addressmanagement-display-component---detailAdm--addressDetailDetailsName1\")]"}
RESULT: {"using":"xpath","value":"//span[contains(text(), \"WebdriverYardjjtihg\")][contains(@id ,\"application-addressmanagement-display-component---detailAdm--addressDetailDetailsName1\")]"}
COMMAND: POST /session/e9436a53cdf5c0a1eee30ba36cb8cd5b/element - {"using":"xpath","value":"//span[contains(text(), \"WebdriverYardjjtihg\")][contains(@id ,\"application-addressmanagement-display-component---detailAdm--addressDetailDetailsName1\")]"}
RESULT: {"using":"xpath","value":"//span[contains(text(), \"WebdriverYardjjtihg\")][contains(@id ,\"application-addressmanagement-display-component---detailAdm--addressDetailDetailsName1\")]"}
COMMAND: POST /session/e9436a53cdf5c0a1eee30ba36cb8cd5b/element - {"using":"xpath","value":"//span[contains(text(), \"WebdriverYardjjtihg\")][contains(@id ,\"application-addressmanagement-display-component---detailAdm--addressDetailDetailsName1\")]"}
RESULT: {"using":"xpath","value":"//span[contains(text(), \"WebdriverYardjjtihg\")][contains(@id ,\"application-addressmanagement-display-component---detailAdm--addressDetailDetailsName1\")]"}
COMMAND: POST /session/e9436a53cdf5c0a1eee30ba36cb8cd5b/element - {"using":"xpath","value":"//span[contains(text(), \"WebdriverYardjjtihg\")][contains(@id ,\"application-addressmanagement-display-component---detailAdm--addressDetailDetailsName1\")]"}
RESULT: {"using":"xpath","value":"//span[contains(text(), \"WebdriverYardjjtihg\")][contains(@id ,\"application-addressmanagement-display-component---detailAdm--addressDetailDetailsName1\")]"}
COMMAND: POST /session/e9436a53cdf5c0a1eee30ba36cb8cd5b/element - {"using":"xpath","value":"//span[contains(text(), \"WebdriverYardjjtihg\")][contains(@id ,\"application-addressmanagement-display-component---detailAdm--addressDetailDetailsName1\")]"}
RESULT: {"using":"xpath","value":"//span[contains(text(), \"WebdriverYardjjtihg\")][contains(@id ,\"application-addressmanagement-display-component---detailAdm--addressDetailDetailsName1\")]"}
COMMAND: POST /session/e9436a53cdf5c0a1eee30ba36cb8cd5b/element - {"using":"xpath","value":"//span[contains(text(), \"WebdriverYardjjtihg\")][contains(@id ,\"application-addressmanagement-display-component---detailAdm--addressDetailDetailsName1\")]"}
RESULT: {"using":"xpath","value":"//span[contains(text(), \"WebdriverYardjjtihg\")][contains(@id ,\"application-addressmanagement-display-component---detailAdm--addressDetailDetailsName1\")]"}
COMMAND: POST /session/e9436a53cdf5c0a1eee30ba36cb8cd5b/element - {"using":"xpath","value":"//span[contains(text(), \"WebdriverYardjjtihg\")][contains(@id ,\"application-addressmanagement-display-component---detailAdm--addressDetailDetailsName1\")]"}
RESULT: {"using":"xpath","value":"//span[contains(text(), \"WebdriverYardjjtihg\")][contains(@id ,\"application-addressmanagement-display-component---detailAdm--addressDetailDetailsName1\")]"}
COMMAND: POST /session/e9436a53cdf5c0a1eee30ba36cb8cd5b/element - {"using":"xpath","value":"//span[contains(text(), \"WebdriverYardjjtihg\")][contains(@id ,\"application-addressmanagement-display-component---detailAdm--addressDetailDetailsName1\")]"}
RESULT: {"using":"xpath","value":"//span[contains(text(), \"WebdriverYardjjtihg\")][contains(@id ,\"application-addressmanagement-display-component---detailAdm--addressDetailDetailsName1\")]"}
]]></system-out>
    </testcase>
    <testcase classname="chrome.136_0_7103_93.windows.Webshop_-_Hyperlinks_visible_and_working_properly__US139085" name="Shpuld verify site hyperlinks" time="225.479">
      <system-out><![CDATA[
COMMAND: POST /session/e9436a53cdf5c0a1eee30ba36cb8cd5b/element - {"using":"xpath","value":"//*[contains(@data-kt ,\"webshopDetailSiteLink\")]"}
RESULT: {"using":"xpath","value":"//*[contains(@data-kt ,\"webshopDetailSiteLink\")]"}
COMMAND: POST /session/e9436a53cdf5c0a1eee30ba36cb8cd5b/execute/sync - {"script":"<script> [8489 bytes]","args":[{"element-6066-11e4-a52e-4f735466cecf":"f.BBFDC0F1250B5963FA96F3FBE9DA08E0.d.56459731AF28D44FC7145AF60DEC65DB.e.4005","ELEMENT":"f.BBFDC0F1250B5963FA96F3FBE9DA08E0.d.56459731AF28D44FC7145AF60DEC65DB.e.4005"}]}
RESULT: {"script":"<script> [8489 bytes]","args":[{"element-6066-11e4-a52e-4f735466cecf":"f.BBFDC0F1250B5963FA96F3FBE9DA08E0.d.56459731AF28D44FC7145AF60DEC65DB.e.4005","ELEMENT":"f.BBFDC0F1250B5963FA96F3FBE9DA08E0.d.56459731AF28D44FC7145AF60DEC65DB.e.4005"}]}
COMMAND: POST /session/e9436a53cdf5c0a1eee30ba36cb8cd5b/execute/sync - {"script":"<script> [5351 bytes]","args":[{"element-6066-11e4-a52e-4f735466cecf":"f.BBFDC0F1250B5963FA96F3FBE9DA08E0.d.56459731AF28D44FC7145AF60DEC65DB.e.4005","ELEMENT":"f.BBFDC0F1250B5963FA96F3FBE9DA08E0.d.56459731AF28D44FC7145AF60DEC65DB.e.4005"}]}
COMMAND: GET /session/e9436a53cdf5c0a1eee30ba36cb8cd5b/screenshot - {}
COMMAND: POST /session/e9436a53cdf5c0a1eee30ba36cb8cd5b/element - {"using":"xpath","value":"//span[contains(text(), \"WebdriverYardjjtihg\")][contains(@id ,\"application-addressmanagement-display-component---detailAdm--addressDetailDetailsName1\")]"}
RESULT: {"script":"<script> [5351 bytes]","args":[{"element-6066-11e4-a52e-4f735466cecf":"f.BBFDC0F1250B5963FA96F3FBE9DA08E0.d.56459731AF28D44FC7145AF60DEC65DB.e.4005","ELEMENT":"f.BBFDC0F1250B5963FA96F3FBE9DA08E0.d.56459731AF28D44FC7145AF60DEC65DB.e.4005"}]}
COMMAND: POST /session/e9436a53cdf5c0a1eee30ba36cb8cd5b/element - {"using":"xpath","value":"//*[contains(@data-kt ,\"webshopDetailSiteLink\")]"}
COMMAND: GET /session/e9436a53cdf5c0a1eee30ba36cb8cd5b/screenshot - {}
RESULT: {}
RESULT: {"using":"xpath","value":"//span[contains(text(), \"WebdriverYardjjtihg\")][contains(@id ,\"application-addressmanagement-display-component---detailAdm--addressDetailDetailsName1\")]"}
RESULT: {"using":"xpath","value":"//*[contains(@data-kt ,\"webshopDetailSiteLink\")]"}
COMMAND: POST /session/e9436a53cdf5c0a1eee30ba36cb8cd5b/element/f.BBFDC0F1250B5963FA96F3FBE9DA08E0.d.56459731AF28D44FC7145AF60DEC65DB.e.4005/click - {}
RESULT: {}
RESULT: {}
COMMAND: GET /session/e9436a53cdf5c0a1eee30ba36cb8cd5b/screenshot - {}
COMMAND: POST /session/e9436a53cdf5c0a1eee30ba36cb8cd5b/element - {"using":"xpath","value":"//span[contains(text(), \"WebdriverYardjjtihg\")][contains(@id ,\"application-addressmanagement-display-component---detailAdm--addressDetailDetailsName1\")]"}
RESULT: {}
RESULT: {"using":"xpath","value":"//span[contains(text(), \"WebdriverYardjjtihg\")][contains(@id ,\"application-addressmanagement-display-component---detailAdm--addressDetailDetailsName1\")]"}
COMMAND: POST /session/e9436a53cdf5c0a1eee30ba36cb8cd5b/element - {"using":"xpath","value":"//span[contains(text(), \"WebdriverYardjjtihg\")][contains(@id ,\"application-addressmanagement-display-component---detailAdm--addressDetailDetailsName1\")]"}
RESULT: {"using":"xpath","value":"//span[contains(text(), \"WebdriverYardjjtihg\")][contains(@id ,\"application-addressmanagement-display-component---detailAdm--addressDetailDetailsName1\")]"}
COMMAND: POST /session/e9436a53cdf5c0a1eee30ba36cb8cd5b/element - {"using":"xpath","value":"//span[contains(text(), \"WebdriverYardjjtihg\")][contains(@id ,\"application-addressmanagement-display-component---detailAdm--addressDetailDetailsName1\")]"}
RESULT: {"using":"xpath","value":"//span[contains(text(), \"WebdriverYardjjtihg\")][contains(@id ,\"application-addressmanagement-display-component---detailAdm--addressDetailDetailsName1\")]"}
COMMAND: POST /session/e9436a53cdf5c0a1eee30ba36cb8cd5b/element - {"using":"xpath","value":"//span[contains(text(), \"WebdriverYardjjtihg\")][contains(@id ,\"application-addressmanagement-display-component---detailAdm--addressDetailDetailsName1\")]"}
RESULT: {"using":"xpath","value":"//span[contains(text(), \"WebdriverYardjjtihg\")][contains(@id ,\"application-addressmanagement-display-component---detailAdm--addressDetailDetailsName1\")]"}
COMMAND: POST /session/e9436a53cdf5c0a1eee30ba36cb8cd5b/element - {"using":"xpath","value":"//*[contains(@data-kt ,\"ContextMenuIdLink\")][contains(text(), \"Manage Site\")]"}
RESULT: {"using":"xpath","value":"//*[contains(@data-kt ,\"ContextMenuIdLink\")][contains(text(), \"Manage Site\")]"}
COMMAND: POST /session/e9436a53cdf5c0a1eee30ba36cb8cd5b/execute/sync - {"script":"<script> [8489 bytes]","args":[{"element-6066-11e4-a52e-4f735466cecf":"f.BBFDC0F1250B5963FA96F3FBE9DA08E0.d.56459731AF28D44FC7145AF60DEC65DB.e.4007","ELEMENT":"f.BBFDC0F1250B5963FA96F3FBE9DA08E0.d.56459731AF28D44FC7145AF60DEC65DB.e.4007"}]}
COMMAND: POST /session/e9436a53cdf5c0a1eee30ba36cb8cd5b/element - {"using":"xpath","value":"//*[contains(@data-kt ,\"ContextMenuId2Link\")][contains(text(), \"Site Overview\")]"}
RESULT: {"script":"<script> [8489 bytes]","args":[{"element-6066-11e4-a52e-4f735466cecf":"f.BBFDC0F1250B5963FA96F3FBE9DA08E0.d.56459731AF28D44FC7145AF60DEC65DB.e.4007","ELEMENT":"f.BBFDC0F1250B5963FA96F3FBE9DA08E0.d.56459731AF28D44FC7145AF60DEC65DB.e.4007"}]}
RESULT: {"using":"xpath","value":"//*[contains(@data-kt ,\"ContextMenuId2Link\")][contains(text(), \"Site Overview\")]"}
COMMAND: POST /session/e9436a53cdf5c0a1eee30ba36cb8cd5b/execute/sync - {"script":"<script> [8489 bytes]","args":[{"element-6066-11e4-a52e-4f735466cecf":"f.BBFDC0F1250B5963FA96F3FBE9DA08E0.d.56459731AF28D44FC7145AF60DEC65DB.e.4008","ELEMENT":"f.BBFDC0F1250B5963FA96F3FBE9DA08E0.d.56459731AF28D44FC7145AF60DEC65DB.e.4008"}]}
COMMAND: POST /session/e9436a53cdf5c0a1eee30ba36cb8cd5b/element - {"using":"xpath","value":"//*[contains(@data-kt ,\"ContextMenuId3Link\")][contains(text(), \"Site Main Address\")]"}
COMMAND: GET /session/e9436a53cdf5c0a1eee30ba36cb8cd5b/screenshot - {}
RESULT: {"script":"<script> [8489 bytes]","args":[{"element-6066-11e4-a52e-4f735466cecf":"f.BBFDC0F1250B5963FA96F3FBE9DA08E0.d.56459731AF28D44FC7145AF60DEC65DB.e.4008","ELEMENT":"f.BBFDC0F1250B5963FA96F3FBE9DA08E0.d.56459731AF28D44FC7145AF60DEC65DB.e.4008"}]}
RESULT: {"using":"xpath","value":"//*[contains(@data-kt ,\"ContextMenuId3Link\")][contains(text(), \"Site Main Address\")]"}
COMMAND: POST /session/e9436a53cdf5c0a1eee30ba36cb8cd5b/execute/sync - {"script":"<script> [8489 bytes]","args":[{"element-6066-11e4-a52e-4f735466cecf":"f.BBFDC0F1250B5963FA96F3FBE9DA08E0.d.56459731AF28D44FC7145AF60DEC65DB.e.4009","ELEMENT":"f.BBFDC0F1250B5963FA96F3FBE9DA08E0.d.56459731AF28D44FC7145AF60DEC65DB.e.4009"}]}
COMMAND: POST /session/e9436a53cdf5c0a1eee30ba36cb8cd5b/element/f.BBFDC0F1250B5963FA96F3FBE9DA08E0.d.56459731AF28D44FC7145AF60DEC65DB.e.4007/click - {}
COMMAND: GET /session/e9436a53cdf5c0a1eee30ba36cb8cd5b/screenshot - {}
RESULT: {"script":"<script> [8489 bytes]","args":[{"element-6066-11e4-a52e-4f735466cecf":"f.BBFDC0F1250B5963FA96F3FBE9DA08E0.d.56459731AF28D44FC7145AF60DEC65DB.e.4009","ELEMENT":"f.BBFDC0F1250B5963FA96F3FBE9DA08E0.d.56459731AF28D44FC7145AF60DEC65DB.e.4009"}]}
COMMAND: POST /session/e9436a53cdf5c0a1eee30ba36cb8cd5b/element - {"using":"xpath","value":"//span[contains(text(), \"WebdriverYardjjtihg\")][contains(@id ,\"application-addressmanagement-display-component---detailAdm--addressDetailDetailsName1\")]"}
RESULT: {}
RESULT: {}
COMMAND: GET /session/e9436a53cdf5c0a1eee30ba36cb8cd5b/screenshot - {}
COMMAND: GET /session/e9436a53cdf5c0a1eee30ba36cb8cd5b/screenshot - {}
RESULT: {}
RESULT: {"using":"xpath","value":"//span[contains(text(), \"WebdriverYardjjtihg\")][contains(@id ,\"application-addressmanagement-display-component---detailAdm--addressDetailDetailsName1\")]"}
COMMAND: POST /session/e9436a53cdf5c0a1eee30ba36cb8cd5b/element - {"using":"xpath","value":"//span[contains(text(), \"WebdriverYardjjtihg\")][contains(@id ,\"application-addressmanagement-display-component---detailAdm--addressDetailDetailsName1\")]"}
RESULT: {}
RESULT: {}
RESULT: {"using":"xpath","value":"//span[contains(text(), \"WebdriverYardjjtihg\")][contains(@id ,\"application-addressmanagement-display-component---detailAdm--addressDetailDetailsName1\")]"}
COMMAND: POST /session/e9436a53cdf5c0a1eee30ba36cb8cd5b/element - {"using":"xpath","value":"//span[contains(text(), \"WebdriverYardjjtihg\")][contains(@id ,\"application-addressmanagement-display-component---detailAdm--addressDetailDetailsName1\")]"}
RESULT: {"using":"xpath","value":"//span[contains(text(), \"WebdriverYardjjtihg\")][contains(@id ,\"application-addressmanagement-display-component---detailAdm--addressDetailDetailsName1\")]"}
COMMAND: POST /session/e9436a53cdf5c0a1eee30ba36cb8cd5b/element - {"using":"xpath","value":"//span[contains(text(), \"WebdriverYardjjtihg\")][contains(@id ,\"application-addressmanagement-display-component---detailAdm--addressDetailDetailsName1\")]"}
RESULT: {"using":"xpath","value":"//span[contains(text(), \"WebdriverYardjjtihg\")][contains(@id ,\"application-addressmanagement-display-component---detailAdm--addressDetailDetailsName1\")]"}
COMMAND: POST /session/e9436a53cdf5c0a1eee30ba36cb8cd5b/element - {"using":"xpath","value":"//span[contains(text(), \"WebdriverYardjjtihg\")][contains(@id ,\"application-addressmanagement-display-component---detailAdm--addressDetailDetailsName1\")]"}
RESULT: {"using":"xpath","value":"//span[contains(text(), \"WebdriverYardjjtihg\")][contains(@id ,\"application-addressmanagement-display-component---detailAdm--addressDetailDetailsName1\")]"}
COMMAND: POST /session/e9436a53cdf5c0a1eee30ba36cb8cd5b/element - {"using":"xpath","value":"//span[contains(text(), \"WebdriverYardjjtihg\")][contains(@id ,\"application-addressmanagement-display-component---detailAdm--addressDetailDetailsName1\")]"}
RESULT: {"using":"xpath","value":"//span[contains(text(), \"WebdriverYardjjtihg\")][contains(@id ,\"application-addressmanagement-display-component---detailAdm--addressDetailDetailsName1\")]"}
COMMAND: POST /session/e9436a53cdf5c0a1eee30ba36cb8cd5b/element - {"using":"xpath","value":"//span[contains(text(), \"WebdriverYardjjtihg\")][contains(@id ,\"application-addressmanagement-display-component---detailAdm--addressDetailDetailsName1\")]"}
RESULT: {"using":"xpath","value":"//span[contains(text(), \"WebdriverYardjjtihg\")][contains(@id ,\"application-addressmanagement-display-component---detailAdm--addressDetailDetailsName1\")]"}
COMMAND: POST /session/e9436a53cdf5c0a1eee30ba36cb8cd5b/element - {"using":"xpath","value":"//span[contains(text(), \"WebdriverYardjjtihg\")][contains(@id ,\"application-addressmanagement-display-component---detailAdm--addressDetailDetailsName1\")]"}
RESULT: {"using":"xpath","value":"//span[contains(text(), \"WebdriverYardjjtihg\")][contains(@id ,\"application-addressmanagement-display-component---detailAdm--addressDetailDetailsName1\")]"}
COMMAND: POST /session/e9436a53cdf5c0a1eee30ba36cb8cd5b/element - {"using":"xpath","value":"//span[contains(text(), \"WebdriverYardjjtihg\")][contains(@id ,\"application-addressmanagement-display-component---detailAdm--addressDetailDetailsName1\")]"}
RESULT: {"using":"xpath","value":"//span[contains(text(), \"WebdriverYardjjtihg\")][contains(@id ,\"application-addressmanagement-display-component---detailAdm--addressDetailDetailsName1\")]"}
COMMAND: POST /session/e9436a53cdf5c0a1eee30ba36cb8cd5b/element - {"using":"xpath","value":"//span[contains(text(), \"WebdriverYardjjtihg\")][contains(@id ,\"application-addressmanagement-display-component---detailAdm--addressDetailDetailsName1\")]"}
RESULT: {"using":"xpath","value":"//span[contains(text(), \"WebdriverYardjjtihg\")][contains(@id ,\"application-addressmanagement-display-component---detailAdm--addressDetailDetailsName1\")]"}
COMMAND: POST /session/e9436a53cdf5c0a1eee30ba36cb8cd5b/execute/async - {"script":"<script> [1562 bytes]","args":[{"selector":{"controlType":"sap.m.Title","viewName":"etm.portal.ui.managesites.view.Master","viewId":"application-managesites-display-component---masterSite","i18NText":{"propertyName":"text","key":"sites"}},"wdio_ui5_key":"etmportal.ui.managesites.view.Mastersap.m.Title{\"propertyName\":\"text\",\"key\":\"sites\"}"}]}
COMMAND: POST /session/e9436a53cdf5c0a1eee30ba36cb8cd5b/element - {"using":"xpath","value":"//span[contains(text(), \"WebdriverYardjjtihg\")][contains(@id ,\"application-addressmanagement-display-component---detailAdm--addressDetailDetailsName1\")]"}
RESULT: {"script":"<script> [1562 bytes]","args":[{"selector":{"controlType":"sap.m.Title","viewName":"etm.portal.ui.managesites.view.Master","viewId":"application-managesites-display-component---masterSite","i18NText":{"propertyName":"text","key":"sites"}},"wdio_ui5_key":"etmportal.ui.managesites.view.Mastersap.m.Title{\"propertyName\":\"text\",\"key\":\"sites\"}"}]}
RESULT: undefined
COMMAND: POST /session/e9436a53cdf5c0a1eee30ba36cb8cd5b/execute/async - {"script":"<script> [6424 bytes]","args":[{"element-6066-11e4-a52e-4f735466cecf":"f.BBFDC0F1250B5963FA96F3FBE9DA08E0.d.56459731AF28D44FC7145AF60DEC65DB.e.4329"},"getText",[]]}
RESULT: {"using":"xpath","value":"//span[contains(text(), \"WebdriverYardjjtihg\")][contains(@id ,\"application-addressmanagement-display-component---detailAdm--addressDetailDetailsName1\")]"}
RESULT: {"script":"<script> [6424 bytes]","args":[{"element-6066-11e4-a52e-4f735466cecf":"f.BBFDC0F1250B5963FA96F3FBE9DA08E0.d.56459731AF28D44FC7145AF60DEC65DB.e.4329"},"getText",[]]}
COMMAND: POST /session/e9436a53cdf5c0a1eee30ba36cb8cd5b/execute/async - {"script":"<script> [1562 bytes]","args":[{"selector":{"id":"application-managesites-display-component---detailSite--addressDetailDetailsName1"},"wdio_ui5_key":"applicationmanagesites-display-component---detailSite--addressDetailDetailsName1"}]}
COMMAND: POST /session/e9436a53cdf5c0a1eee30ba36cb8cd5b/element - {"using":"xpath","value":"//span[contains(text(), \"WebdriverYardjjtihg\")][contains(@id ,\"application-addressmanagement-display-component---detailAdm--addressDetailDetailsName1\")]"}
RESULT: {"script":"<script> [1562 bytes]","args":[{"selector":{"id":"application-managesites-display-component---detailSite--addressDetailDetailsName1"},"wdio_ui5_key":"applicationmanagesites-display-component---detailSite--addressDetailDetailsName1"}]}
RESULT: undefined
COMMAND: POST /session/e9436a53cdf5c0a1eee30ba36cb8cd5b/execute/async - {"script":"<script> [6424 bytes]","args":[{"element-6066-11e4-a52e-4f735466cecf":"f.BBFDC0F1250B5963FA96F3FBE9DA08E0.d.56459731AF28D44FC7145AF60DEC65DB.e.4055"},"getValue",[]]}
RESULT: {"using":"xpath","value":"//span[contains(text(), \"WebdriverYardjjtihg\")][contains(@id ,\"application-addressmanagement-display-component---detailAdm--addressDetailDetailsName1\")]"}
RESULT: {"script":"<script> [6424 bytes]","args":[{"element-6066-11e4-a52e-4f735466cecf":"f.BBFDC0F1250B5963FA96F3FBE9DA08E0.d.56459731AF28D44FC7145AF60DEC65DB.e.4055"},"getValue",[]]}
RESULT: undefined
COMMAND: POST /session/e9436a53cdf5c0a1eee30ba36cb8cd5b/element - {"using":"xpath","value":"//*[@id=\"backBtn\"]"}
RESULT: {"using":"xpath","value":"//*[@id=\"backBtn\"]"}
COMMAND: POST /session/e9436a53cdf5c0a1eee30ba36cb8cd5b/element/f.BBFDC0F1250B5963FA96F3FBE9DA08E0.d.56459731AF28D44FC7145AF60DEC65DB.e.3159/click - {}
COMMAND: POST /session/e9436a53cdf5c0a1eee30ba36cb8cd5b/element - {"using":"xpath","value":"//span[contains(text(), \"WebdriverYardjjtihg\")][contains(@id ,\"application-addressmanagement-display-component---detailAdm--addressDetailDetailsName1\")]"}
RESULT: {}
COMMAND: GET /session/e9436a53cdf5c0a1eee30ba36cb8cd5b/screenshot - {}
RESULT: {"using":"xpath","value":"//span[contains(text(), \"WebdriverYardjjtihg\")][contains(@id ,\"application-addressmanagement-display-component---detailAdm--addressDetailDetailsName1\")]"}
RESULT: {}
COMMAND: POST /session/e9436a53cdf5c0a1eee30ba36cb8cd5b/element - {"using":"xpath","value":"//span[contains(text(), \"WebdriverYardjjtihg\")][contains(@id ,\"application-addressmanagement-display-component---detailAdm--addressDetailDetailsName1\")]"}
RESULT: {"using":"xpath","value":"//span[contains(text(), \"WebdriverYardjjtihg\")][contains(@id ,\"application-addressmanagement-display-component---detailAdm--addressDetailDetailsName1\")]"}
COMMAND: POST /session/e9436a53cdf5c0a1eee30ba36cb8cd5b/element - {"using":"xpath","value":"//span[contains(text(), \"WebdriverYardjjtihg\")][contains(@id ,\"application-addressmanagement-display-component---detailAdm--addressDetailDetailsName1\")]"}
RESULT: {"using":"xpath","value":"//span[contains(text(), \"WebdriverYardjjtihg\")][contains(@id ,\"application-addressmanagement-display-component---detailAdm--addressDetailDetailsName1\")]"}
COMMAND: POST /session/e9436a53cdf5c0a1eee30ba36cb8cd5b/element - {"using":"xpath","value":"//span[contains(text(), \"WebdriverYardjjtihg\")][contains(@id ,\"application-addressmanagement-display-component---detailAdm--addressDetailDetailsName1\")]"}
RESULT: {"using":"xpath","value":"//span[contains(text(), \"WebdriverYardjjtihg\")][contains(@id ,\"application-addressmanagement-display-component---detailAdm--addressDetailDetailsName1\")]"}
COMMAND: POST /session/e9436a53cdf5c0a1eee30ba36cb8cd5b/element - {"using":"xpath","value":"//span[contains(text(), \"WebdriverYardjjtihg\")][contains(@id ,\"application-addressmanagement-display-component---detailAdm--addressDetailDetailsName1\")]"}
RESULT: {"using":"xpath","value":"//span[contains(text(), \"WebdriverYardjjtihg\")][contains(@id ,\"application-addressmanagement-display-component---detailAdm--addressDetailDetailsName1\")]"}
COMMAND: POST /session/e9436a53cdf5c0a1eee30ba36cb8cd5b/element - {"using":"xpath","value":"//span[contains(text(), \"WebdriverYardjjtihg\")][contains(@id ,\"application-addressmanagement-display-component---detailAdm--addressDetailDetailsName1\")]"}
RESULT: {"using":"xpath","value":"//span[contains(text(), \"WebdriverYardjjtihg\")][contains(@id ,\"application-addressmanagement-display-component---detailAdm--addressDetailDetailsName1\")]"}
COMMAND: POST /session/e9436a53cdf5c0a1eee30ba36cb8cd5b/element - {"using":"xpath","value":"//span[contains(text(), \"WebdriverYardjjtihg\")][contains(@id ,\"application-addressmanagement-display-component---detailAdm--addressDetailDetailsName1\")]"}
RESULT: {"using":"xpath","value":"//span[contains(text(), \"WebdriverYardjjtihg\")][contains(@id ,\"application-addressmanagement-display-component---detailAdm--addressDetailDetailsName1\")]"}
COMMAND: POST /session/e9436a53cdf5c0a1eee30ba36cb8cd5b/element - {"using":"xpath","value":"//span[contains(text(), \"WebdriverYardjjtihg\")][contains(@id ,\"application-addressmanagement-display-component---detailAdm--addressDetailDetailsName1\")]"}
RESULT: {"using":"xpath","value":"//span[contains(text(), \"WebdriverYardjjtihg\")][contains(@id ,\"application-addressmanagement-display-component---detailAdm--addressDetailDetailsName1\")]"}
COMMAND: POST /session/e9436a53cdf5c0a1eee30ba36cb8cd5b/element - {"using":"xpath","value":"//span[contains(text(), \"WebdriverYardjjtihg\")][contains(@id ,\"application-addressmanagement-display-component---detailAdm--addressDetailDetailsName1\")]"}
RESULT: {"using":"xpath","value":"//span[contains(text(), \"WebdriverYardjjtihg\")][contains(@id ,\"application-addressmanagement-display-component---detailAdm--addressDetailDetailsName1\")]"}
COMMAND: POST /session/e9436a53cdf5c0a1eee30ba36cb8cd5b/element - {"using":"xpath","value":"//span[contains(text(), \"WebdriverYardjjtihg\")][contains(@id ,\"application-addressmanagement-display-component---detailAdm--addressDetailDetailsName1\")]"}
RESULT: {"using":"xpath","value":"//span[contains(text(), \"WebdriverYardjjtihg\")][contains(@id ,\"application-addressmanagement-display-component---detailAdm--addressDetailDetailsName1\")]"}
COMMAND: POST /session/e9436a53cdf5c0a1eee30ba36cb8cd5b/execute/sync - {"script":"<script> [8489 bytes]","args":[{"element-6066-11e4-a52e-4f735466cecf":"f.BBFDC0F1250B5963FA96F3FBE9DA08E0.d.56459731AF28D44FC7145AF60DEC65DB.e.4005","ELEMENT":"f.BBFDC0F1250B5963FA96F3FBE9DA08E0.d.56459731AF28D44FC7145AF60DEC65DB.e.4005"}]}
COMMAND: POST /session/e9436a53cdf5c0a1eee30ba36cb8cd5b/element - {"using":"xpath","value":"//*[contains(@data-kt ,\"webshopDetailSiteLink\")]"}
RESULT: {"using":"xpath","value":"//*[contains(@data-kt ,\"webshopDetailSiteLink\")]"}
COMMAND: POST /session/e9436a53cdf5c0a1eee30ba36cb8cd5b/execute/sync - {"script":"<script> [8489 bytes]","args":[{"element-6066-11e4-a52e-4f735466cecf":"f.BBFDC0F1250B5963FA96F3FBE9DA08E0.d.56459731AF28D44FC7145AF60DEC65DB.e.4515","ELEMENT":"f.BBFDC0F1250B5963FA96F3FBE9DA08E0.d.56459731AF28D44FC7145AF60DEC65DB.e.4515"}]}
RESULT: {"script":"<script> [8489 bytes]","args":[{"element-6066-11e4-a52e-4f735466cecf":"f.BBFDC0F1250B5963FA96F3FBE9DA08E0.d.56459731AF28D44FC7145AF60DEC65DB.e.4515","ELEMENT":"f.BBFDC0F1250B5963FA96F3FBE9DA08E0.d.56459731AF28D44FC7145AF60DEC65DB.e.4515"}]}
COMMAND: POST /session/e9436a53cdf5c0a1eee30ba36cb8cd5b/execute/sync - {"script":"<script> [5351 bytes]","args":[{"element-6066-11e4-a52e-4f735466cecf":"f.BBFDC0F1250B5963FA96F3FBE9DA08E0.d.56459731AF28D44FC7145AF60DEC65DB.e.4515","ELEMENT":"f.BBFDC0F1250B5963FA96F3FBE9DA08E0.d.56459731AF28D44FC7145AF60DEC65DB.e.4515"}]}
COMMAND: GET /session/e9436a53cdf5c0a1eee30ba36cb8cd5b/screenshot - {}
COMMAND: POST /session/e9436a53cdf5c0a1eee30ba36cb8cd5b/element - {"using":"xpath","value":"//span[contains(text(), \"WebdriverYardjjtihg\")][contains(@id ,\"application-addressmanagement-display-component---detailAdm--addressDetailDetailsName1\")]"}
RESULT: {"script":"<script> [5351 bytes]","args":[{"element-6066-11e4-a52e-4f735466cecf":"f.BBFDC0F1250B5963FA96F3FBE9DA08E0.d.56459731AF28D44FC7145AF60DEC65DB.e.4515","ELEMENT":"f.BBFDC0F1250B5963FA96F3FBE9DA08E0.d.56459731AF28D44FC7145AF60DEC65DB.e.4515"}]}
COMMAND: POST /session/e9436a53cdf5c0a1eee30ba36cb8cd5b/element - {"using":"xpath","value":"//*[contains(@data-kt ,\"webshopDetailSiteLink\")]"}
COMMAND: GET /session/e9436a53cdf5c0a1eee30ba36cb8cd5b/screenshot - {}
RESULT: {}
RESULT: {"using":"xpath","value":"//span[contains(text(), \"WebdriverYardjjtihg\")][contains(@id ,\"application-addressmanagement-display-component---detailAdm--addressDetailDetailsName1\")]"}
RESULT: {"using":"xpath","value":"//*[contains(@data-kt ,\"webshopDetailSiteLink\")]"}
COMMAND: POST /session/e9436a53cdf5c0a1eee30ba36cb8cd5b/element/f.BBFDC0F1250B5963FA96F3FBE9DA08E0.d.56459731AF28D44FC7145AF60DEC65DB.e.4515/click - {}
RESULT: {}
COMMAND: POST /session/e9436a53cdf5c0a1eee30ba36cb8cd5b/element - {"using":"xpath","value":"//span[contains(text(), \"WebdriverYardjjtihg\")][contains(@id ,\"application-addressmanagement-display-component---detailAdm--addressDetailDetailsName1\")]"}
RESULT: {}
COMMAND: GET /session/e9436a53cdf5c0a1eee30ba36cb8cd5b/screenshot - {}
RESULT: {"using":"xpath","value":"//span[contains(text(), \"WebdriverYardjjtihg\")][contains(@id ,\"application-addressmanagement-display-component---detailAdm--addressDetailDetailsName1\")]"}
RESULT: {}
COMMAND: POST /session/e9436a53cdf5c0a1eee30ba36cb8cd5b/element - {"using":"xpath","value":"//span[contains(text(), \"WebdriverYardjjtihg\")][contains(@id ,\"application-addressmanagement-display-component---detailAdm--addressDetailDetailsName1\")]"}
RESULT: {"using":"xpath","value":"//span[contains(text(), \"WebdriverYardjjtihg\")][contains(@id ,\"application-addressmanagement-display-component---detailAdm--addressDetailDetailsName1\")]"}
COMMAND: POST /session/e9436a53cdf5c0a1eee30ba36cb8cd5b/element - {"using":"xpath","value":"//span[contains(text(), \"WebdriverYardjjtihg\")][contains(@id ,\"application-addressmanagement-display-component---detailAdm--addressDetailDetailsName1\")]"}
RESULT: {"using":"xpath","value":"//span[contains(text(), \"WebdriverYardjjtihg\")][contains(@id ,\"application-addressmanagement-display-component---detailAdm--addressDetailDetailsName1\")]"}
COMMAND: POST /session/e9436a53cdf5c0a1eee30ba36cb8cd5b/element - {"using":"xpath","value":"//span[contains(text(), \"WebdriverYardjjtihg\")][contains(@id ,\"application-addressmanagement-display-component---detailAdm--addressDetailDetailsName1\")]"}
COMMAND: POST /session/e9436a53cdf5c0a1eee30ba36cb8cd5b/element/f.BBFDC0F1250B5963FA96F3FBE9DA08E0.d.56459731AF28D44FC7145AF60DEC65DB.e.4008/click - {}
RESULT: {"using":"xpath","value":"//span[contains(text(), \"WebdriverYardjjtihg\")][contains(@id ,\"application-addressmanagement-display-component---detailAdm--addressDetailDetailsName1\")]"}
COMMAND: POST /session/e9436a53cdf5c0a1eee30ba36cb8cd5b/element - {"using":"xpath","value":"//*[contains(@data-kt ,\"ContextMenuId2Link\")][contains(text(), \"Site Overview\")]"}
RESULT: {"using":"xpath","value":"//*[contains(@data-kt ,\"ContextMenuId2Link\")][contains(text(), \"Site Overview\")]"}
COMMAND: POST /session/e9436a53cdf5c0a1eee30ba36cb8cd5b/element/f.BBFDC0F1250B5963FA96F3FBE9DA08E0.d.56459731AF28D44FC7145AF60DEC65DB.e.4008/click - {}
COMMAND: POST /session/e9436a53cdf5c0a1eee30ba36cb8cd5b/element - {"using":"xpath","value":"//*[contains(@data-kt ,\"ContextMenuId2Link\")][contains(text(), \"Site Overview\")]"}
RESULT: {"using":"xpath","value":"//*[contains(@data-kt ,\"ContextMenuId2Link\")][contains(text(), \"Site Overview\")]"}
COMMAND: POST /session/e9436a53cdf5c0a1eee30ba36cb8cd5b/element/f.BBFDC0F1250B5963FA96F3FBE9DA08E0.d.56459731AF28D44FC7145AF60DEC65DB.e.4517/click - {}
RESULT: {}
COMMAND: GET /session/e9436a53cdf5c0a1eee30ba36cb8cd5b/screenshot - {}
RESULT: {}
COMMAND: POST /session/e9436a53cdf5c0a1eee30ba36cb8cd5b/element - {"using":"xpath","value":"//span[contains(text(), \"WebdriverYardjjtihg\")][contains(@id ,\"application-addressmanagement-display-component---detailAdm--addressDetailDetailsName1\")]"}
RESULT: {"using":"xpath","value":"//span[contains(text(), \"WebdriverYardjjtihg\")][contains(@id ,\"application-addressmanagement-display-component---detailAdm--addressDetailDetailsName1\")]"}
COMMAND: POST /session/e9436a53cdf5c0a1eee30ba36cb8cd5b/element - {"using":"xpath","value":"//span[contains(text(), \"WebdriverYardjjtihg\")][contains(@id ,\"application-addressmanagement-display-component---detailAdm--addressDetailDetailsName1\")]"}
RESULT: {"using":"xpath","value":"//span[contains(text(), \"WebdriverYardjjtihg\")][contains(@id ,\"application-addressmanagement-display-component---detailAdm--addressDetailDetailsName1\")]"}
RESULT: undefined
COMMAND: POST /session/e9436a53cdf5c0a1eee30ba36cb8cd5b/execute/async - {"script":"<script> [6424 bytes]","args":[{"element-6066-11e4-a52e-4f735466cecf":"f.BBFDC0F1250B5963FA96F3FBE9DA08E0.d.56459731AF28D44FC7145AF60DEC65DB.e.3157"},"getTitle",[]]}
COMMAND: POST /session/e9436a53cdf5c0a1eee30ba36cb8cd5b/execute/async - {"script":"<script> [1562 bytes]","args":[{"selector":{"id":"shellAppTitle"},"wdio_ui5_key":"shellAppTitle"}]}
RESULT: {"script":"<script> [1562 bytes]","args":[{"selector":{"id":"shellAppTitle"},"wdio_ui5_key":"shellAppTitle"}]}
COMMAND: POST /session/e9436a53cdf5c0a1eee30ba36cb8cd5b/execute/async - {"script":"<script> [6424 bytes]","args":[{"element-6066-11e4-a52e-4f735466cecf":"f.BBFDC0F1250B5963FA96F3FBE9DA08E0.d.56459731AF28D44FC7145AF60DEC65DB.e.4598"},"getTitle",[]]}
RESULT: {"script":"<script> [6424 bytes]","args":[{"element-6066-11e4-a52e-4f735466cecf":"f.BBFDC0F1250B5963FA96F3FBE9DA08E0.d.56459731AF28D44FC7145AF60DEC65DB.e.4598"},"getTitle",[]]}
COMMAND: POST /session/e9436a53cdf5c0a1eee30ba36cb8cd5b/element - {"using":"xpath","value":"(//span[contains(text(), \"WebdriverSite9bfbs\")])[2]"}
RESULT: {"using":"xpath","value":"(//span[contains(text(), \"WebdriverSite9bfbs\")])[2]"}
COMMAND: POST /session/e9436a53cdf5c0a1eee30ba36cb8cd5b/execute/sync - {"script":"<script> [8489 bytes]","args":[{"element-6066-11e4-a52e-4f735466cecf":"f.BBFDC0F1250B5963FA96F3FBE9DA08E0.d.56459731AF28D44FC7145AF60DEC65DB.e.4599","ELEMENT":"f.BBFDC0F1250B5963FA96F3FBE9DA08E0.d.56459731AF28D44FC7145AF60DEC65DB.e.4599"}]}
RESULT: undefined
COMMAND: POST /session/e9436a53cdf5c0a1eee30ba36cb8cd5b/element - {"using":"xpath","value":"//*[@id=\"backBtn\"]"}
RESULT: {"script":"<script> [8489 bytes]","args":[{"element-6066-11e4-a52e-4f735466cecf":"f.BBFDC0F1250B5963FA96F3FBE9DA08E0.d.56459731AF28D44FC7145AF60DEC65DB.e.4599","ELEMENT":"f.BBFDC0F1250B5963FA96F3FBE9DA08E0.d.56459731AF28D44FC7145AF60DEC65DB.e.4599"}]}
COMMAND: GET /session/e9436a53cdf5c0a1eee30ba36cb8cd5b/screenshot - {}
RESULT: {"using":"xpath","value":"//*[@id=\"backBtn\"]"}
COMMAND: POST /session/e9436a53cdf5c0a1eee30ba36cb8cd5b/element/f.BBFDC0F1250B5963FA96F3FBE9DA08E0.d.56459731AF28D44FC7145AF60DEC65DB.e.3159/click - {}
RESULT: {}
RESULT: {}
COMMAND: GET /session/e9436a53cdf5c0a1eee30ba36cb8cd5b/screenshot - {}
RESULT: {}
COMMAND: POST /session/e9436a53cdf5c0a1eee30ba36cb8cd5b/execute/sync - {"script":"<script> [8489 bytes]","args":[{"element-6066-11e4-a52e-4f735466cecf":"f.BBFDC0F1250B5963FA96F3FBE9DA08E0.d.56459731AF28D44FC7145AF60DEC65DB.e.4515","ELEMENT":"f.BBFDC0F1250B5963FA96F3FBE9DA08E0.d.56459731AF28D44FC7145AF60DEC65DB.e.4515"}]}
COMMAND: POST /session/e9436a53cdf5c0a1eee30ba36cb8cd5b/element - {"using":"xpath","value":"//*[contains(@data-kt ,\"webshopDetailSiteLink\")]"}
RESULT: {"using":"xpath","value":"//*[contains(@data-kt ,\"webshopDetailSiteLink\")]"}
COMMAND: POST /session/e9436a53cdf5c0a1eee30ba36cb8cd5b/execute/sync - {"script":"<script> [8489 bytes]","args":[{"element-6066-11e4-a52e-4f735466cecf":"f.BBFDC0F1250B5963FA96F3FBE9DA08E0.d.56459731AF28D44FC7145AF60DEC65DB.e.4758","ELEMENT":"f.BBFDC0F1250B5963FA96F3FBE9DA08E0.d.56459731AF28D44FC7145AF60DEC65DB.e.4758"}]}
RESULT: {"script":"<script> [8489 bytes]","args":[{"element-6066-11e4-a52e-4f735466cecf":"f.BBFDC0F1250B5963FA96F3FBE9DA08E0.d.56459731AF28D44FC7145AF60DEC65DB.e.4758","ELEMENT":"f.BBFDC0F1250B5963FA96F3FBE9DA08E0.d.56459731AF28D44FC7145AF60DEC65DB.e.4758"}]}
COMMAND: POST /session/e9436a53cdf5c0a1eee30ba36cb8cd5b/execute/sync - {"script":"<script> [5351 bytes]","args":[{"element-6066-11e4-a52e-4f735466cecf":"f.BBFDC0F1250B5963FA96F3FBE9DA08E0.d.56459731AF28D44FC7145AF60DEC65DB.e.4758","ELEMENT":"f.BBFDC0F1250B5963FA96F3FBE9DA08E0.d.56459731AF28D44FC7145AF60DEC65DB.e.4758"}]}
COMMAND: GET /session/e9436a53cdf5c0a1eee30ba36cb8cd5b/screenshot - {}
RESULT: {"script":"<script> [5351 bytes]","args":[{"element-6066-11e4-a52e-4f735466cecf":"f.BBFDC0F1250B5963FA96F3FBE9DA08E0.d.56459731AF28D44FC7145AF60DEC65DB.e.4758","ELEMENT":"f.BBFDC0F1250B5963FA96F3FBE9DA08E0.d.56459731AF28D44FC7145AF60DEC65DB.e.4758"}]}
COMMAND: POST /session/e9436a53cdf5c0a1eee30ba36cb8cd5b/element - {"using":"xpath","value":"//*[contains(@data-kt ,\"webshopDetailSiteLink\")]"}
COMMAND: GET /session/e9436a53cdf5c0a1eee30ba36cb8cd5b/screenshot - {}
RESULT: {}
RESULT: {"using":"xpath","value":"//*[contains(@data-kt ,\"webshopDetailSiteLink\")]"}
COMMAND: POST /session/e9436a53cdf5c0a1eee30ba36cb8cd5b/element/f.BBFDC0F1250B5963FA96F3FBE9DA08E0.d.56459731AF28D44FC7145AF60DEC65DB.e.4758/click - {}
RESULT: {}
RESULT: {}
COMMAND: GET /session/e9436a53cdf5c0a1eee30ba36cb8cd5b/screenshot - {}
RESULT: {}
COMMAND: POST /session/e9436a53cdf5c0a1eee30ba36cb8cd5b/element/f.BBFDC0F1250B5963FA96F3FBE9DA08E0.d.56459731AF28D44FC7145AF60DEC65DB.e.4009/click - {}
COMMAND: POST /session/e9436a53cdf5c0a1eee30ba36cb8cd5b/element - {"using":"xpath","value":"//*[contains(@data-kt ,\"ContextMenuId3Link\")][contains(text(), \"Site Main Address\")]"}
RESULT: {"using":"xpath","value":"//*[contains(@data-kt ,\"ContextMenuId3Link\")][contains(text(), \"Site Main Address\")]"}
COMMAND: POST /session/e9436a53cdf5c0a1eee30ba36cb8cd5b/element/f.BBFDC0F1250B5963FA96F3FBE9DA08E0.d.56459731AF28D44FC7145AF60DEC65DB.e.4009/click - {}
COMMAND: POST /session/e9436a53cdf5c0a1eee30ba36cb8cd5b/element - {"using":"xpath","value":"//*[contains(@data-kt ,\"ContextMenuId3Link\")][contains(text(), \"Site Main Address\")]"}
RESULT: {"using":"xpath","value":"//*[contains(@data-kt ,\"ContextMenuId3Link\")][contains(text(), \"Site Main Address\")]"}
COMMAND: POST /session/e9436a53cdf5c0a1eee30ba36cb8cd5b/element/f.BBFDC0F1250B5963FA96F3FBE9DA08E0.d.56459731AF28D44FC7145AF60DEC65DB.e.4761/click - {}
RESULT: {}
COMMAND: GET /session/e9436a53cdf5c0a1eee30ba36cb8cd5b/screenshot - {}
RESULT: {}
COMMAND: POST /session/e9436a53cdf5c0a1eee30ba36cb8cd5b/element - {"using":"xpath","value":"//span[contains(@id ,\"application-addressmanagement-display-component---masterAdm--title1-inner\")]"}
RESULT: {"using":"xpath","value":"//span[contains(@id ,\"application-addressmanagement-display-component---masterAdm--title1-inner\")]"}
COMMAND: GET /session/e9436a53cdf5c0a1eee30ba36cb8cd5b/element/f.BBFDC0F1250B5963FA96F3FBE9DA08E0.d.56459731AF28D44FC7145AF60DEC65DB.e.5037/text - {}
RESULT: {}
COMMAND: POST /session/e9436a53cdf5c0a1eee30ba36cb8cd5b/element - {"using":"xpath","value":"//span[contains(@id ,\"application-addressmanagement-display-component---detailAdm--addressDetailDetailsName1\")][contains(text(), \"WebdriverSite9bfbs\")]"}
RESULT: {"using":"xpath","value":"//span[contains(@id ,\"application-addressmanagement-display-component---detailAdm--addressDetailDetailsName1\")][contains(text(), \"WebdriverSite9bfbs\")]"}
COMMAND: POST /session/e9436a53cdf5c0a1eee30ba36cb8cd5b/execute/sync - {"script":"<script> [8489 bytes]","args":[{"element-6066-11e4-a52e-4f735466cecf":"f.BBFDC0F1250B5963FA96F3FBE9DA08E0.d.56459731AF28D44FC7145AF60DEC65DB.e.5038","ELEMENT":"f.BBFDC0F1250B5963FA96F3FBE9DA08E0.d.56459731AF28D44FC7145AF60DEC65DB.e.5038"}]}
RESULT: undefined
COMMAND: POST /session/e9436a53cdf5c0a1eee30ba36cb8cd5b/element - {"using":"xpath","value":"//*[@id=\"backBtn\"]"}
RESULT: {"using":"xpath","value":"//*[@id=\"backBtn\"]"}
COMMAND: POST /session/e9436a53cdf5c0a1eee30ba36cb8cd5b/element/f.BBFDC0F1250B5963FA96F3FBE9DA08E0.d.56459731AF28D44FC7145AF60DEC65DB.e.3159/click - {}
RESULT: {"script":"<script> [8489 bytes]","args":[{"element-6066-11e4-a52e-4f735466cecf":"f.BBFDC0F1250B5963FA96F3FBE9DA08E0.d.56459731AF28D44FC7145AF60DEC65DB.e.5038","ELEMENT":"f.BBFDC0F1250B5963FA96F3FBE9DA08E0.d.56459731AF28D44FC7145AF60DEC65DB.e.5038"}]}
COMMAND: GET /session/e9436a53cdf5c0a1eee30ba36cb8cd5b/screenshot - {}
RESULT: {}
COMMAND: GET /session/e9436a53cdf5c0a1eee30ba36cb8cd5b/screenshot - {}
RESULT: {}
RESULT: {}
COMMAND: POST /session/e9436a53cdf5c0a1eee30ba36cb8cd5b/execute/sync - {"script":"<script> [8489 bytes]","args":[{"element-6066-11e4-a52e-4f735466cecf":"f.BBFDC0F1250B5963FA96F3FBE9DA08E0.d.56459731AF28D44FC7145AF60DEC65DB.e.4758","ELEMENT":"f.BBFDC0F1250B5963FA96F3FBE9DA08E0.d.56459731AF28D44FC7145AF60DEC65DB.e.4758"}]}
COMMAND: POST /session/e9436a53cdf5c0a1eee30ba36cb8cd5b/element - {"using":"xpath","value":"//*[contains(@data-kt ,\"webshopDetailSiteLink\")]"}
RESULT: {"using":"xpath","value":"//*[contains(@data-kt ,\"webshopDetailSiteLink\")]"}
COMMAND: POST /session/e9436a53cdf5c0a1eee30ba36cb8cd5b/execute/sync - {"script":"<script> [8489 bytes]","args":[{"element-6066-11e4-a52e-4f735466cecf":"f.BBFDC0F1250B5963FA96F3FBE9DA08E0.d.56459731AF28D44FC7145AF60DEC65DB.e.5209","ELEMENT":"f.BBFDC0F1250B5963FA96F3FBE9DA08E0.d.56459731AF28D44FC7145AF60DEC65DB.e.5209"}]}
RESULT: {"script":"<script> [8489 bytes]","args":[{"element-6066-11e4-a52e-4f735466cecf":"f.BBFDC0F1250B5963FA96F3FBE9DA08E0.d.56459731AF28D44FC7145AF60DEC65DB.e.5209","ELEMENT":"f.BBFDC0F1250B5963FA96F3FBE9DA08E0.d.56459731AF28D44FC7145AF60DEC65DB.e.5209"}]}
COMMAND: POST /session/e9436a53cdf5c0a1eee30ba36cb8cd5b/execute/sync - {"script":"<script> [5351 bytes]","args":[{"element-6066-11e4-a52e-4f735466cecf":"f.BBFDC0F1250B5963FA96F3FBE9DA08E0.d.56459731AF28D44FC7145AF60DEC65DB.e.5209","ELEMENT":"f.BBFDC0F1250B5963FA96F3FBE9DA08E0.d.56459731AF28D44FC7145AF60DEC65DB.e.5209"}]}
COMMAND: GET /session/e9436a53cdf5c0a1eee30ba36cb8cd5b/screenshot - {}
RESULT: {"script":"<script> [5351 bytes]","args":[{"element-6066-11e4-a52e-4f735466cecf":"f.BBFDC0F1250B5963FA96F3FBE9DA08E0.d.56459731AF28D44FC7145AF60DEC65DB.e.5209","ELEMENT":"f.BBFDC0F1250B5963FA96F3FBE9DA08E0.d.56459731AF28D44FC7145AF60DEC65DB.e.5209"}]}
COMMAND: POST /session/e9436a53cdf5c0a1eee30ba36cb8cd5b/element - {"using":"xpath","value":"//*[contains(@data-kt ,\"webshopDetailSiteLink\")]"}
COMMAND: GET /session/e9436a53cdf5c0a1eee30ba36cb8cd5b/screenshot - {}
RESULT: {}
RESULT: {"using":"xpath","value":"//*[contains(@data-kt ,\"webshopDetailSiteLink\")]"}
COMMAND: POST /session/e9436a53cdf5c0a1eee30ba36cb8cd5b/element/f.BBFDC0F1250B5963FA96F3FBE9DA08E0.d.56459731AF28D44FC7145AF60DEC65DB.e.5209/click - {}
RESULT: {}
RESULT: {}
COMMAND: GET /session/e9436a53cdf5c0a1eee30ba36cb8cd5b/screenshot - {}
RESULT: {}
COMMAND: POST /session/e9436a53cdf5c0a1eee30ba36cb8cd5b/element - {"using":"xpath","value":"//button[contains(@data-kt ,\"ContextMenuIdExternalLink\")]"}
RESULT: {"using":"xpath","value":"//button[contains(@data-kt ,\"ContextMenuIdExternalLink\")]"}
COMMAND: POST /session/e9436a53cdf5c0a1eee30ba36cb8cd5b/element/f.BBFDC0F1250B5963FA96F3FBE9DA08E0.d.56459731AF28D44FC7145AF60DEC65DB.e.5210/click - {}
RESULT: {}
COMMAND: GET /session/e9436a53cdf5c0a1eee30ba36cb8cd5b/screenshot - {}
RESULT: {}
COMMAND: GET /session/e9436a53cdf5c0a1eee30ba36cb8cd5b/window/handles - {}
RESULT: {}
COMMAND: POST /session/e9436a53cdf5c0a1eee30ba36cb8cd5b/window - {"handle":"B5FD1B3BFB5A94E6701E97DA804ED611"}
RESULT: {"handle":"B5FD1B3BFB5A94E6701E97DA804ED611"}
COMMAND: GET /session/e9436a53cdf5c0a1eee30ba36cb8cd5b/url - {}
RESULT: {}
COMMAND: DELETE /session/e9436a53cdf5c0a1eee30ba36cb8cd5b/window - {}
COMMAND: GET /session/e9436a53cdf5c0a1eee30ba36cb8cd5b/screenshot - {}
RESULT: {}
COMMAND: POST /session/e9436a53cdf5c0a1eee30ba36cb8cd5b/window - {"handle":"BBFDC0F1250B5963FA96F3FBE9DA08E0"}
RESULT: {"handle":"BBFDC0F1250B5963FA96F3FBE9DA08E0"}
COMMAND: GET /session/e9436a53cdf5c0a1eee30ba36cb8cd5b/url - {}
RESULT: {}
COMMAND: GET /session/e9436a53cdf5c0a1eee30ba36cb8cd5b/screenshot - {}
RESULT: {}
RESULT: {}
COMMAND: POST /session/e9436a53cdf5c0a1eee30ba36cb8cd5b/element - {"using":"xpath","value":"//button[contains(@data-kt ,\"ContextMenuExternalId2Link\")]"}
RESULT: {"using":"xpath","value":"//button[contains(@data-kt ,\"ContextMenuExternalId2Link\")]"}
COMMAND: POST /session/e9436a53cdf5c0a1eee30ba36cb8cd5b/element/f.BBFDC0F1250B5963FA96F3FBE9DA08E0.d.56459731AF28D44FC7145AF60DEC65DB.e.5451/click - {}
RESULT: {}
COMMAND: GET /session/e9436a53cdf5c0a1eee30ba36cb8cd5b/screenshot - {}
RESULT: {}
COMMAND: GET /session/e9436a53cdf5c0a1eee30ba36cb8cd5b/window/handles - {}
RESULT: {}
COMMAND: POST /session/e9436a53cdf5c0a1eee30ba36cb8cd5b/window - {"handle":"DAEFB7A875189B35B9DDCC65C7BF95E2"}
RESULT: {"handle":"DAEFB7A875189B35B9DDCC65C7BF95E2"}
COMMAND: GET /session/e9436a53cdf5c0a1eee30ba36cb8cd5b/url - {}
RESULT: {}
COMMAND: GET /session/e9436a53cdf5c0a1eee30ba36cb8cd5b/screenshot - {}
RESULT: {}
COMMAND: POST /session/e9436a53cdf5c0a1eee30ba36cb8cd5b/execute/sync - {"script":"<script> [8489 bytes]","args":[{"element-6066-11e4-a52e-4f735466cecf":"f.BBFDC0F1250B5963FA96F3FBE9DA08E0.d.56459731AF28D44FC7145AF60DEC65DB.e.4599","ELEMENT":"f.BBFDC0F1250B5963FA96F3FBE9DA08E0.d.56459731AF28D44FC7145AF60DEC65DB.e.4599"}]}
COMMAND: DELETE /session/e9436a53cdf5c0a1eee30ba36cb8cd5b/window - {}
RESULT: {"script":"<script> [8489 bytes]","args":[{"element-6066-11e4-a52e-4f735466cecf":"f.BBFDC0F1250B5963FA96F3FBE9DA08E0.d.56459731AF28D44FC7145AF60DEC65DB.e.4599","ELEMENT":"f.BBFDC0F1250B5963FA96F3FBE9DA08E0.d.56459731AF28D44FC7145AF60DEC65DB.e.4599"}]}
COMMAND: GET /session/e9436a53cdf5c0a1eee30ba36cb8cd5b/screenshot - {}
COMMAND: POST /session/e9436a53cdf5c0a1eee30ba36cb8cd5b/execute/sync - {"script":"<script> [8489 bytes]","args":[{"element-6066-11e4-a52e-4f735466cecf":"f.BBFDC0F1250B5963FA96F3FBE9DA08E0.d.56459731AF28D44FC7145AF60DEC65DB.e.4599","ELEMENT":"f.BBFDC0F1250B5963FA96F3FBE9DA08E0.d.56459731AF28D44FC7145AF60DEC65DB.e.4599"}]}
RESULT: {}
COMMAND: POST /session/e9436a53cdf5c0a1eee30ba36cb8cd5b/window - {"handle":"BBFDC0F1250B5963FA96F3FBE9DA08E0"}
RESULT: {"handle":"BBFDC0F1250B5963FA96F3FBE9DA08E0"}
COMMAND: GET /session/e9436a53cdf5c0a1eee30ba36cb8cd5b/url - {}
RESULT: {}
COMMAND: POST /session/e9436a53cdf5c0a1eee30ba36cb8cd5b/element - {"using":"xpath","value":"(//span[contains(text(), \"WebdriverSite9bfbs\")])[2]"}
RESULT: {}
COMMAND: GET /session/e9436a53cdf5c0a1eee30ba36cb8cd5b/screenshot - {}
RESULT: {"using":"xpath","value":"(//span[contains(text(), \"WebdriverSite9bfbs\")])[2]"}
COMMAND: POST /session/e9436a53cdf5c0a1eee30ba36cb8cd5b/element - {"using":"xpath","value":"(//span[contains(text(), \"WebdriverSite9bfbs\")])[2]"}
RESULT: {}
RESULT: {"using":"xpath","value":"(//span[contains(text(), \"WebdriverSite9bfbs\")])[2]"}
COMMAND: POST /session/e9436a53cdf5c0a1eee30ba36cb8cd5b/element - {"using":"xpath","value":"(//span[contains(text(), \"WebdriverSite9bfbs\")])[2]"}
RESULT: {"using":"xpath","value":"(//span[contains(text(), \"WebdriverSite9bfbs\")])[2]"}
COMMAND: POST /session/e9436a53cdf5c0a1eee30ba36cb8cd5b/element - {"using":"xpath","value":"(//span[contains(text(), \"WebdriverSite9bfbs\")])[2]"}
RESULT: {"using":"xpath","value":"(//span[contains(text(), \"WebdriverSite9bfbs\")])[2]"}
COMMAND: POST /session/e9436a53cdf5c0a1eee30ba36cb8cd5b/element - {"using":"xpath","value":"(//span[contains(text(), \"WebdriverSite9bfbs\")])[2]"}
COMMAND: POST /session/e9436a53cdf5c0a1eee30ba36cb8cd5b/execute/sync - {"script":"<script> [8489 bytes]","args":[{"element-6066-11e4-a52e-4f735466cecf":"f.BBFDC0F1250B5963FA96F3FBE9DA08E0.d.56459731AF28D44FC7145AF60DEC65DB.e.5209","ELEMENT":"f.BBFDC0F1250B5963FA96F3FBE9DA08E0.d.56459731AF28D44FC7145AF60DEC65DB.e.5209"}]}
RESULT: {"script":"<script> [8489 bytes]","args":[{"element-6066-11e4-a52e-4f735466cecf":"f.BBFDC0F1250B5963FA96F3FBE9DA08E0.d.56459731AF28D44FC7145AF60DEC65DB.e.5209","ELEMENT":"f.BBFDC0F1250B5963FA96F3FBE9DA08E0.d.56459731AF28D44FC7145AF60DEC65DB.e.5209"}]}
COMMAND: POST /session/e9436a53cdf5c0a1eee30ba36cb8cd5b/execute/sync - {"script":"<script> [5351 bytes]","args":[{"element-6066-11e4-a52e-4f735466cecf":"f.BBFDC0F1250B5963FA96F3FBE9DA08E0.d.56459731AF28D44FC7145AF60DEC65DB.e.5209","ELEMENT":"f.BBFDC0F1250B5963FA96F3FBE9DA08E0.d.56459731AF28D44FC7145AF60DEC65DB.e.5209"}]}
RESULT: {"using":"xpath","value":"(//span[contains(text(), \"WebdriverSite9bfbs\")])[2]"}
COMMAND: GET /session/e9436a53cdf5c0a1eee30ba36cb8cd5b/screenshot - {}
RESULT: {"script":"<script> [5351 bytes]","args":[{"element-6066-11e4-a52e-4f735466cecf":"f.BBFDC0F1250B5963FA96F3FBE9DA08E0.d.56459731AF28D44FC7145AF60DEC65DB.e.5209","ELEMENT":"f.BBFDC0F1250B5963FA96F3FBE9DA08E0.d.56459731AF28D44FC7145AF60DEC65DB.e.5209"}]}
COMMAND: POST /session/e9436a53cdf5c0a1eee30ba36cb8cd5b/element - {"using":"xpath","value":"//*[contains(@data-kt ,\"webshopDetailSiteLink\")]"}
COMMAND: GET /session/e9436a53cdf5c0a1eee30ba36cb8cd5b/screenshot - {}
RESULT: {}
RESULT: {"using":"xpath","value":"//*[contains(@data-kt ,\"webshopDetailSiteLink\")]"}
COMMAND: POST /session/e9436a53cdf5c0a1eee30ba36cb8cd5b/element/f.BBFDC0F1250B5963FA96F3FBE9DA08E0.d.56459731AF28D44FC7145AF60DEC65DB.e.5209/click - {}
RESULT: {}
COMMAND: POST /session/e9436a53cdf5c0a1eee30ba36cb8cd5b/element - {"using":"xpath","value":"(//span[contains(text(), \"WebdriverSite9bfbs\")])[2]"}
RESULT: {}
COMMAND: GET /session/e9436a53cdf5c0a1eee30ba36cb8cd5b/screenshot - {}
RESULT: {"using":"xpath","value":"(//span[contains(text(), \"WebdriverSite9bfbs\")])[2]"}
COMMAND: POST /session/e9436a53cdf5c0a1eee30ba36cb8cd5b/execute/sync - {"script":"<script> [8489 bytes]","args":[{"element-6066-11e4-a52e-4f735466cecf":"f.BBFDC0F1250B5963FA96F3FBE9DA08E0.d.56459731AF28D44FC7145AF60DEC65DB.e.5467","ELEMENT":"f.BBFDC0F1250B5963FA96F3FBE9DA08E0.d.56459731AF28D44FC7145AF60DEC65DB.e.5467"}]}
RESULT: {"script":"<script> [8489 bytes]","args":[{"element-6066-11e4-a52e-4f735466cecf":"f.BBFDC0F1250B5963FA96F3FBE9DA08E0.d.56459731AF28D44FC7145AF60DEC65DB.e.5467","ELEMENT":"f.BBFDC0F1250B5963FA96F3FBE9DA08E0.d.56459731AF28D44FC7145AF60DEC65DB.e.5467"}]}
RESULT: {}
COMMAND: GET /session/e9436a53cdf5c0a1eee30ba36cb8cd5b/screenshot - {}
RESULT: {}
COMMAND: POST /session/e9436a53cdf5c0a1eee30ba36cb8cd5b/element - {"using":"xpath","value":"(//button[contains(@data-kt ,\"ContextMenuExternalId3Link\")])[2]"}
RESULT: {"using":"xpath","value":"(//button[contains(@data-kt ,\"ContextMenuExternalId3Link\")])[2]"}
COMMAND: POST /session/e9436a53cdf5c0a1eee30ba36cb8cd5b/element/f.BBFDC0F1250B5963FA96F3FBE9DA08E0.d.56459731AF28D44FC7145AF60DEC65DB.e.5468/click - {}
RESULT: {}
COMMAND: GET /session/e9436a53cdf5c0a1eee30ba36cb8cd5b/screenshot - {}
RESULT: {}
COMMAND: GET /session/e9436a53cdf5c0a1eee30ba36cb8cd5b/window/handles - {}
RESULT: {}
COMMAND: POST /session/e9436a53cdf5c0a1eee30ba36cb8cd5b/window - {"handle":"63F21A6B92A0C67D81A0713FD9395BB8"}
RESULT: {"handle":"63F21A6B92A0C67D81A0713FD9395BB8"}
COMMAND: GET /session/e9436a53cdf5c0a1eee30ba36cb8cd5b/url - {}
RESULT: {}
COMMAND: GET /session/e9436a53cdf5c0a1eee30ba36cb8cd5b/screenshot - {}
COMMAND: POST /session/e9436a53cdf5c0a1eee30ba36cb8cd5b/execute/sync - {"script":"<script> [8489 bytes]","args":[{"element-6066-11e4-a52e-4f735466cecf":"f.BBFDC0F1250B5963FA96F3FBE9DA08E0.d.56459731AF28D44FC7145AF60DEC65DB.e.5038","ELEMENT":"f.BBFDC0F1250B5963FA96F3FBE9DA08E0.d.56459731AF28D44FC7145AF60DEC65DB.e.5038"}]}
RESULT: {}
RESULT: {"script":"<script> [8489 bytes]","args":[{"element-6066-11e4-a52e-4f735466cecf":"f.BBFDC0F1250B5963FA96F3FBE9DA08E0.d.56459731AF28D44FC7145AF60DEC65DB.e.5038","ELEMENT":"f.BBFDC0F1250B5963FA96F3FBE9DA08E0.d.56459731AF28D44FC7145AF60DEC65DB.e.5038"}]}
COMMAND: GET /session/e9436a53cdf5c0a1eee30ba36cb8cd5b/screenshot - {}
RESULT: {}
COMMAND: POST /session/e9436a53cdf5c0a1eee30ba36cb8cd5b/execute/sync - {"script":"<script> [8489 bytes]","args":[{"element-6066-11e4-a52e-4f735466cecf":"f.BBFDC0F1250B5963FA96F3FBE9DA08E0.d.56459731AF28D44FC7145AF60DEC65DB.e.5038","ELEMENT":"f.BBFDC0F1250B5963FA96F3FBE9DA08E0.d.56459731AF28D44FC7145AF60DEC65DB.e.5038"}]}
RESULT: {"script":"<script> [8489 bytes]","args":[{"element-6066-11e4-a52e-4f735466cecf":"f.BBFDC0F1250B5963FA96F3FBE9DA08E0.d.56459731AF28D44FC7145AF60DEC65DB.e.5038","ELEMENT":"f.BBFDC0F1250B5963FA96F3FBE9DA08E0.d.56459731AF28D44FC7145AF60DEC65DB.e.5038"}]}
COMMAND: GET /session/e9436a53cdf5c0a1eee30ba36cb8cd5b/screenshot - {}
RESULT: {}
COMMAND: POST /session/e9436a53cdf5c0a1eee30ba36cb8cd5b/execute/sync - {"script":"<script> [8489 bytes]","args":[{"element-6066-11e4-a52e-4f735466cecf":"f.BBFDC0F1250B5963FA96F3FBE9DA08E0.d.56459731AF28D44FC7145AF60DEC65DB.e.5038","ELEMENT":"f.BBFDC0F1250B5963FA96F3FBE9DA08E0.d.56459731AF28D44FC7145AF60DEC65DB.e.5038"}]}
RESULT: {"script":"<script> [8489 bytes]","args":[{"element-6066-11e4-a52e-4f735466cecf":"f.BBFDC0F1250B5963FA96F3FBE9DA08E0.d.56459731AF28D44FC7145AF60DEC65DB.e.5038","ELEMENT":"f.BBFDC0F1250B5963FA96F3FBE9DA08E0.d.56459731AF28D44FC7145AF60DEC65DB.e.5038"}]}
COMMAND: GET /session/e9436a53cdf5c0a1eee30ba36cb8cd5b/screenshot - {}
RESULT: {}
COMMAND: POST /session/e9436a53cdf5c0a1eee30ba36cb8cd5b/execute/sync - {"script":"<script> [8489 bytes]","args":[{"element-6066-11e4-a52e-4f735466cecf":"f.BBFDC0F1250B5963FA96F3FBE9DA08E0.d.56459731AF28D44FC7145AF60DEC65DB.e.5038","ELEMENT":"f.BBFDC0F1250B5963FA96F3FBE9DA08E0.d.56459731AF28D44FC7145AF60DEC65DB.e.5038"}]}
RESULT: {"script":"<script> [8489 bytes]","args":[{"element-6066-11e4-a52e-4f735466cecf":"f.BBFDC0F1250B5963FA96F3FBE9DA08E0.d.56459731AF28D44FC7145AF60DEC65DB.e.5038","ELEMENT":"f.BBFDC0F1250B5963FA96F3FBE9DA08E0.d.56459731AF28D44FC7145AF60DEC65DB.e.5038"}]}
COMMAND: GET /session/e9436a53cdf5c0a1eee30ba36cb8cd5b/screenshot - {}
RESULT: {}
COMMAND: POST /session/e9436a53cdf5c0a1eee30ba36cb8cd5b/execute/sync - {"script":"<script> [8489 bytes]","args":[{"element-6066-11e4-a52e-4f735466cecf":"f.BBFDC0F1250B5963FA96F3FBE9DA08E0.d.56459731AF28D44FC7145AF60DEC65DB.e.5038","ELEMENT":"f.BBFDC0F1250B5963FA96F3FBE9DA08E0.d.56459731AF28D44FC7145AF60DEC65DB.e.5038"}]}
RESULT: {"script":"<script> [8489 bytes]","args":[{"element-6066-11e4-a52e-4f735466cecf":"f.BBFDC0F1250B5963FA96F3FBE9DA08E0.d.56459731AF28D44FC7145AF60DEC65DB.e.5038","ELEMENT":"f.BBFDC0F1250B5963FA96F3FBE9DA08E0.d.56459731AF28D44FC7145AF60DEC65DB.e.5038"}]}
COMMAND: GET /session/e9436a53cdf5c0a1eee30ba36cb8cd5b/screenshot - {}
RESULT: {}
COMMAND: POST /session/e9436a53cdf5c0a1eee30ba36cb8cd5b/execute/sync - {"script":"<script> [8489 bytes]","args":[{"element-6066-11e4-a52e-4f735466cecf":"f.BBFDC0F1250B5963FA96F3FBE9DA08E0.d.56459731AF28D44FC7145AF60DEC65DB.e.5038","ELEMENT":"f.BBFDC0F1250B5963FA96F3FBE9DA08E0.d.56459731AF28D44FC7145AF60DEC65DB.e.5038"}]}
RESULT: {"script":"<script> [8489 bytes]","args":[{"element-6066-11e4-a52e-4f735466cecf":"f.BBFDC0F1250B5963FA96F3FBE9DA08E0.d.56459731AF28D44FC7145AF60DEC65DB.e.5038","ELEMENT":"f.BBFDC0F1250B5963FA96F3FBE9DA08E0.d.56459731AF28D44FC7145AF60DEC65DB.e.5038"}]}
COMMAND: GET /session/e9436a53cdf5c0a1eee30ba36cb8cd5b/screenshot - {}
RESULT: {}
COMMAND: POST /session/e9436a53cdf5c0a1eee30ba36cb8cd5b/execute/sync - {"script":"<script> [8489 bytes]","args":[{"element-6066-11e4-a52e-4f735466cecf":"f.BBFDC0F1250B5963FA96F3FBE9DA08E0.d.56459731AF28D44FC7145AF60DEC65DB.e.5038","ELEMENT":"f.BBFDC0F1250B5963FA96F3FBE9DA08E0.d.56459731AF28D44FC7145AF60DEC65DB.e.5038"}]}
RESULT: {"script":"<script> [8489 bytes]","args":[{"element-6066-11e4-a52e-4f735466cecf":"f.BBFDC0F1250B5963FA96F3FBE9DA08E0.d.56459731AF28D44FC7145AF60DEC65DB.e.5038","ELEMENT":"f.BBFDC0F1250B5963FA96F3FBE9DA08E0.d.56459731AF28D44FC7145AF60DEC65DB.e.5038"}]}
COMMAND: GET /session/e9436a53cdf5c0a1eee30ba36cb8cd5b/screenshot - {}
RESULT: {}
COMMAND: POST /session/e9436a53cdf5c0a1eee30ba36cb8cd5b/execute/sync - {"script":"<script> [8489 bytes]","args":[{"element-6066-11e4-a52e-4f735466cecf":"f.BBFDC0F1250B5963FA96F3FBE9DA08E0.d.56459731AF28D44FC7145AF60DEC65DB.e.5038","ELEMENT":"f.BBFDC0F1250B5963FA96F3FBE9DA08E0.d.56459731AF28D44FC7145AF60DEC65DB.e.5038"}]}
RESULT: {"script":"<script> [8489 bytes]","args":[{"element-6066-11e4-a52e-4f735466cecf":"f.BBFDC0F1250B5963FA96F3FBE9DA08E0.d.56459731AF28D44FC7145AF60DEC65DB.e.5038","ELEMENT":"f.BBFDC0F1250B5963FA96F3FBE9DA08E0.d.56459731AF28D44FC7145AF60DEC65DB.e.5038"}]}
COMMAND: GET /session/e9436a53cdf5c0a1eee30ba36cb8cd5b/screenshot - {}
RESULT: {}
COMMAND: POST /session/e9436a53cdf5c0a1eee30ba36cb8cd5b/execute/sync - {"script":"<script> [8489 bytes]","args":[{"element-6066-11e4-a52e-4f735466cecf":"f.BBFDC0F1250B5963FA96F3FBE9DA08E0.d.56459731AF28D44FC7145AF60DEC65DB.e.5038","ELEMENT":"f.BBFDC0F1250B5963FA96F3FBE9DA08E0.d.56459731AF28D44FC7145AF60DEC65DB.e.5038"}]}
RESULT: {"script":"<script> [8489 bytes]","args":[{"element-6066-11e4-a52e-4f735466cecf":"f.BBFDC0F1250B5963FA96F3FBE9DA08E0.d.56459731AF28D44FC7145AF60DEC65DB.e.5038","ELEMENT":"f.BBFDC0F1250B5963FA96F3FBE9DA08E0.d.56459731AF28D44FC7145AF60DEC65DB.e.5038"}]}
COMMAND: GET /session/e9436a53cdf5c0a1eee30ba36cb8cd5b/screenshot - {}
RESULT: {}
COMMAND: POST /session/e9436a53cdf5c0a1eee30ba36cb8cd5b/execute/sync - {"script":"<script> [8489 bytes]","args":[{"element-6066-11e4-a52e-4f735466cecf":"f.BBFDC0F1250B5963FA96F3FBE9DA08E0.d.56459731AF28D44FC7145AF60DEC65DB.e.5038","ELEMENT":"f.BBFDC0F1250B5963FA96F3FBE9DA08E0.d.56459731AF28D44FC7145AF60DEC65DB.e.5038"}]}
RESULT: {"script":"<script> [8489 bytes]","args":[{"element-6066-11e4-a52e-4f735466cecf":"f.BBFDC0F1250B5963FA96F3FBE9DA08E0.d.56459731AF28D44FC7145AF60DEC65DB.e.5038","ELEMENT":"f.BBFDC0F1250B5963FA96F3FBE9DA08E0.d.56459731AF28D44FC7145AF60DEC65DB.e.5038"}]}
COMMAND: GET /session/e9436a53cdf5c0a1eee30ba36cb8cd5b/screenshot - {}
RESULT: {}
COMMAND: DELETE /session/e9436a53cdf5c0a1eee30ba36cb8cd5b/window - {}
COMMAND: POST /session/e9436a53cdf5c0a1eee30ba36cb8cd5b/execute/sync - {"script":"<script> [8489 bytes]","args":[{"element-6066-11e4-a52e-4f735466cecf":"f.BBFDC0F1250B5963FA96F3FBE9DA08E0.d.56459731AF28D44FC7145AF60DEC65DB.e.5038","ELEMENT":"f.BBFDC0F1250B5963FA96F3FBE9DA08E0.d.56459731AF28D44FC7145AF60DEC65DB.e.5038"}]}
RESULT: {}
COMMAND: POST /session/e9436a53cdf5c0a1eee30ba36cb8cd5b/window - {"handle":"BBFDC0F1250B5963FA96F3FBE9DA08E0"}
RESULT: {"handle":"BBFDC0F1250B5963FA96F3FBE9DA08E0"}
COMMAND: GET /session/e9436a53cdf5c0a1eee30ba36cb8cd5b/url - {}
RESULT: {}
COMMAND: GET /session/e9436a53cdf5c0a1eee30ba36cb8cd5b/screenshot - {}
COMMAND: POST /session/e9436a53cdf5c0a1eee30ba36cb8cd5b/element - {"using":"xpath","value":"//span[contains(@id ,\"application-addressmanagement-display-component---detailAdm--addressDetailDetailsName1\")][contains(text(), \"WebdriverSite9bfbs\")]"}
RESULT: {}
RESULT: {"using":"xpath","value":"//span[contains(@id ,\"application-addressmanagement-display-component---detailAdm--addressDetailDetailsName1\")][contains(text(), \"WebdriverSite9bfbs\")]"}
COMMAND: POST /session/e9436a53cdf5c0a1eee30ba36cb8cd5b/element - {"using":"xpath","value":"//span[contains(@id ,\"application-addressmanagement-display-component---detailAdm--addressDetailDetailsName1\")][contains(text(), \"WebdriverSite9bfbs\")]"}
RESULT: {"using":"xpath","value":"//span[contains(@id ,\"application-addressmanagement-display-component---detailAdm--addressDetailDetailsName1\")][contains(text(), \"WebdriverSite9bfbs\")]"}
COMMAND: POST /session/e9436a53cdf5c0a1eee30ba36cb8cd5b/element - {"using":"xpath","value":"//span[contains(@id ,\"application-addressmanagement-display-component---detailAdm--addressDetailDetailsName1\")][contains(text(), \"WebdriverSite9bfbs\")]"}
RESULT: {"using":"xpath","value":"//span[contains(@id ,\"application-addressmanagement-display-component---detailAdm--addressDetailDetailsName1\")][contains(text(), \"WebdriverSite9bfbs\")]"}
COMMAND: POST /session/e9436a53cdf5c0a1eee30ba36cb8cd5b/element - {"using":"xpath","value":"//span[contains(@id ,\"application-addressmanagement-display-component---detailAdm--addressDetailDetailsName1\")][contains(text(), \"WebdriverSite9bfbs\")]"}
RESULT: {"using":"xpath","value":"//span[contains(@id ,\"application-addressmanagement-display-component---detailAdm--addressDetailDetailsName1\")][contains(text(), \"WebdriverSite9bfbs\")]"}
COMMAND: POST /session/e9436a53cdf5c0a1eee30ba36cb8cd5b/element - {"using":"xpath","value":"//span[contains(@id ,\"application-addressmanagement-display-component---detailAdm--addressDetailDetailsName1\")][contains(text(), \"WebdriverSite9bfbs\")]"}
RESULT: {"using":"xpath","value":"//span[contains(@id ,\"application-addressmanagement-display-component---detailAdm--addressDetailDetailsName1\")][contains(text(), \"WebdriverSite9bfbs\")]"}
COMMAND: POST /session/e9436a53cdf5c0a1eee30ba36cb8cd5b/element - {"using":"xpath","value":"//span[contains(@id ,\"application-addressmanagement-display-component---detailAdm--addressDetailDetailsName1\")][contains(text(), \"WebdriverSite9bfbs\")]"}
RESULT: {"using":"xpath","value":"//span[contains(@id ,\"application-addressmanagement-display-component---detailAdm--addressDetailDetailsName1\")][contains(text(), \"WebdriverSite9bfbs\")]"}
COMMAND: POST /session/e9436a53cdf5c0a1eee30ba36cb8cd5b/element - {"using":"xpath","value":"//span[contains(@id ,\"application-addressmanagement-display-component---detailAdm--addressDetailDetailsName1\")][contains(text(), \"WebdriverSite9bfbs\")]"}
RESULT: {"using":"xpath","value":"//span[contains(@id ,\"application-addressmanagement-display-component---detailAdm--addressDetailDetailsName1\")][contains(text(), \"WebdriverSite9bfbs\")]"}
COMMAND: POST /session/e9436a53cdf5c0a1eee30ba36cb8cd5b/element - {"using":"xpath","value":"//span[contains(@id ,\"application-addressmanagement-display-component---detailAdm--addressDetailDetailsName1\")][contains(text(), \"WebdriverSite9bfbs\")]"}
RESULT: {"using":"xpath","value":"//span[contains(@id ,\"application-addressmanagement-display-component---detailAdm--addressDetailDetailsName1\")][contains(text(), \"WebdriverSite9bfbs\")]"}
COMMAND: POST /session/e9436a53cdf5c0a1eee30ba36cb8cd5b/element - {"using":"xpath","value":"//span[contains(@id ,\"application-addressmanagement-display-component---detailAdm--addressDetailDetailsName1\")][contains(text(), \"WebdriverSite9bfbs\")]"}
RESULT: {"using":"xpath","value":"//span[contains(@id ,\"application-addressmanagement-display-component---detailAdm--addressDetailDetailsName1\")][contains(text(), \"WebdriverSite9bfbs\")]"}
COMMAND: POST /session/e9436a53cdf5c0a1eee30ba36cb8cd5b/element - {"using":"xpath","value":"//span[contains(@id ,\"application-addressmanagement-display-component---detailAdm--addressDetailDetailsName1\")][contains(text(), \"WebdriverSite9bfbs\")]"}
RESULT: {"using":"xpath","value":"//span[contains(@id ,\"application-addressmanagement-display-component---detailAdm--addressDetailDetailsName1\")][contains(text(), \"WebdriverSite9bfbs\")]"}
]]></system-out>
    </testcase>
  </testsuite>
  <testsuite timestamp="2025-05-22T16:25:10" time="268.434" tests="2" failures="0" errors="0" skipped="0">
    <properties>
      <property name="specId" value="0"/>
      <property name="suiteName" value="Webshop - Hyperlinks visible and working properly  US139085"/>
      <property name="capabilities" value="chrome.136_0_7103_93.windows"/>
      <property name="file" value="file:///D:/a/1/s/test/specs/R2C/webshop-hyperlinks-partner-address-contract-item.spec.js"/>
    </properties>
    <testcase classname="chrome.136_0_7103_93.windows.Webshop_-_Hyperlinks_visible_and_working_properly__US139085" name="Should verify the customer and address hyperlinks" time="164.442">
      <system-out><![CDATA[
COMMAND: POST /session/e9436a53cdf5c0a1eee30ba36cb8cd5b/element - {"using":"xpath","value":"//*[contains(@data-kt ,\"webshopDetailAddressLink\")]"}
RESULT: {"using":"xpath","value":"//*[contains(@data-kt ,\"webshopDetailAddressLink\")]"}
COMMAND: POST /session/e9436a53cdf5c0a1eee30ba36cb8cd5b/execute/sync - {"script":"<script> [8489 bytes]","args":[{"element-6066-11e4-a52e-4f735466cecf":"f.BBFDC0F1250B5963FA96F3FBE9DA08E0.d.56459731AF28D44FC7145AF60DEC65DB.e.5676","ELEMENT":"f.BBFDC0F1250B5963FA96F3FBE9DA08E0.d.56459731AF28D44FC7145AF60DEC65DB.e.5676"}]}
RESULT: {"script":"<script> [8489 bytes]","args":[{"element-6066-11e4-a52e-4f735466cecf":"f.BBFDC0F1250B5963FA96F3FBE9DA08E0.d.56459731AF28D44FC7145AF60DEC65DB.e.5676","ELEMENT":"f.BBFDC0F1250B5963FA96F3FBE9DA08E0.d.56459731AF28D44FC7145AF60DEC65DB.e.5676"}]}
COMMAND: POST /session/e9436a53cdf5c0a1eee30ba36cb8cd5b/execute/sync - {"script":"<script> [5351 bytes]","args":[{"element-6066-11e4-a52e-4f735466cecf":"f.BBFDC0F1250B5963FA96F3FBE9DA08E0.d.56459731AF28D44FC7145AF60DEC65DB.e.5676","ELEMENT":"f.BBFDC0F1250B5963FA96F3FBE9DA08E0.d.56459731AF28D44FC7145AF60DEC65DB.e.5676"}]}
COMMAND: GET /session/e9436a53cdf5c0a1eee30ba36cb8cd5b/screenshot - {}
COMMAND: POST /session/e9436a53cdf5c0a1eee30ba36cb8cd5b/element - {"using":"xpath","value":"//span[contains(@id ,\"application-addressmanagement-display-component---detailAdm--addressDetailDetailsName1\")][contains(text(), \"WebdriverSite9bfbs\")]"}
RESULT: {"script":"<script> [5351 bytes]","args":[{"element-6066-11e4-a52e-4f735466cecf":"f.BBFDC0F1250B5963FA96F3FBE9DA08E0.d.56459731AF28D44FC7145AF60DEC65DB.e.5676","ELEMENT":"f.BBFDC0F1250B5963FA96F3FBE9DA08E0.d.56459731AF28D44FC7145AF60DEC65DB.e.5676"}]}
COMMAND: GET /session/e9436a53cdf5c0a1eee30ba36cb8cd5b/screenshot - {}
RESULT: {}
RESULT: {"using":"xpath","value":"//span[contains(@id ,\"application-addressmanagement-display-component---detailAdm--addressDetailDetailsName1\")][contains(text(), \"WebdriverSite9bfbs\")]"}
RESULT: {}
COMMAND: POST /session/e9436a53cdf5c0a1eee30ba36cb8cd5b/element - {"using":"xpath","value":"//span[contains(@id ,\"application-addressmanagement-display-component---detailAdm--addressDetailDetailsName1\")][contains(text(), \"WebdriverSite9bfbs\")]"}
RESULT: {"using":"xpath","value":"//span[contains(@id ,\"application-addressmanagement-display-component---detailAdm--addressDetailDetailsName1\")][contains(text(), \"WebdriverSite9bfbs\")]"}
COMMAND: POST /session/e9436a53cdf5c0a1eee30ba36cb8cd5b/element - {"using":"xpath","value":"//span[contains(@id ,\"application-addressmanagement-display-component---detailAdm--addressDetailDetailsName1\")][contains(text(), \"WebdriverSite9bfbs\")]"}
RESULT: {"using":"xpath","value":"//span[contains(@id ,\"application-addressmanagement-display-component---detailAdm--addressDetailDetailsName1\")][contains(text(), \"WebdriverSite9bfbs\")]"}
COMMAND: POST /session/e9436a53cdf5c0a1eee30ba36cb8cd5b/element - {"using":"xpath","value":"//span[contains(@id ,\"application-addressmanagement-display-component---detailAdm--addressDetailDetailsName1\")][contains(text(), \"WebdriverSite9bfbs\")]"}
RESULT: {"using":"xpath","value":"//span[contains(@id ,\"application-addressmanagement-display-component---detailAdm--addressDetailDetailsName1\")][contains(text(), \"WebdriverSite9bfbs\")]"}
COMMAND: POST /session/e9436a53cdf5c0a1eee30ba36cb8cd5b/element - {"using":"xpath","value":"//span[contains(@id ,\"application-addressmanagement-display-component---detailAdm--addressDetailDetailsName1\")][contains(text(), \"WebdriverSite9bfbs\")]"}
RESULT: {"using":"xpath","value":"//span[contains(@id ,\"application-addressmanagement-display-component---detailAdm--addressDetailDetailsName1\")][contains(text(), \"WebdriverSite9bfbs\")]"}
COMMAND: POST /session/e9436a53cdf5c0a1eee30ba36cb8cd5b/element - {"using":"xpath","value":"//span[contains(@id ,\"application-addressmanagement-display-component---detailAdm--addressDetailDetailsName1\")][contains(text(), \"WebdriverSite9bfbs\")]"}
RESULT: {"using":"xpath","value":"//span[contains(@id ,\"application-addressmanagement-display-component---detailAdm--addressDetailDetailsName1\")][contains(text(), \"WebdriverSite9bfbs\")]"}
COMMAND: POST /session/e9436a53cdf5c0a1eee30ba36cb8cd5b/element - {"using":"xpath","value":"//span[contains(@id ,\"application-addressmanagement-display-component---detailAdm--addressDetailDetailsName1\")][contains(text(), \"WebdriverSite9bfbs\")]"}
RESULT: {"using":"xpath","value":"//span[contains(@id ,\"application-addressmanagement-display-component---detailAdm--addressDetailDetailsName1\")][contains(text(), \"WebdriverSite9bfbs\")]"}
COMMAND: POST /session/e9436a53cdf5c0a1eee30ba36cb8cd5b/element - {"using":"xpath","value":"//span[contains(@id ,\"application-addressmanagement-display-component---detailAdm--addressDetailDetailsName1\")][contains(text(), \"WebdriverSite9bfbs\")]"}
RESULT: {"using":"xpath","value":"//span[contains(@id ,\"application-addressmanagement-display-component---detailAdm--addressDetailDetailsName1\")][contains(text(), \"WebdriverSite9bfbs\")]"}
COMMAND: POST /session/e9436a53cdf5c0a1eee30ba36cb8cd5b/element - {"using":"xpath","value":"//span[contains(@id ,\"application-addressmanagement-display-component---detailAdm--addressDetailDetailsName1\")][contains(text(), \"WebdriverSite9bfbs\")]"}
RESULT: {"using":"xpath","value":"//span[contains(@id ,\"application-addressmanagement-display-component---detailAdm--addressDetailDetailsName1\")][contains(text(), \"WebdriverSite9bfbs\")]"}
COMMAND: POST /session/e9436a53cdf5c0a1eee30ba36cb8cd5b/element - {"using":"xpath","value":"//*[contains(@data-kt ,\"webshopDetailAddressLink\")]"}
RESULT: {"using":"xpath","value":"//*[contains(@data-kt ,\"webshopDetailAddressLink\")]"}
COMMAND: POST /session/e9436a53cdf5c0a1eee30ba36cb8cd5b/element/f.BBFDC0F1250B5963FA96F3FBE9DA08E0.d.56459731AF28D44FC7145AF60DEC65DB.e.5676/click - {}
RESULT: {}
COMMAND: GET /session/e9436a53cdf5c0a1eee30ba36cb8cd5b/screenshot - {}
COMMAND: POST /session/e9436a53cdf5c0a1eee30ba36cb8cd5b/element - {"using":"xpath","value":"//span[contains(@id ,\"application-addressmanagement-display-component---detailAdm--addressDetailDetailsName1\")][contains(text(), \"WebdriverSite9bfbs\")]"}
RESULT: {}
RESULT: {"using":"xpath","value":"//span[contains(@id ,\"application-addressmanagement-display-component---detailAdm--addressDetailDetailsName1\")][contains(text(), \"WebdriverSite9bfbs\")]"}
COMMAND: POST /session/e9436a53cdf5c0a1eee30ba36cb8cd5b/element - {"using":"xpath","value":"//span[contains(@id ,\"application-addressmanagement-display-component---detailAdm--addressDetailDetailsName1\")][contains(text(), \"WebdriverSite9bfbs\")]"}
RESULT: {"using":"xpath","value":"//span[contains(@id ,\"application-addressmanagement-display-component---detailAdm--addressDetailDetailsName1\")][contains(text(), \"WebdriverSite9bfbs\")]"}
COMMAND: POST /session/e9436a53cdf5c0a1eee30ba36cb8cd5b/element - {"using":"xpath","value":"//span[contains(@id ,\"application-addressmanagement-display-component---detailAdm--addressDetailDetailsName1\")][contains(text(), \"WebdriverSite9bfbs\")]"}
RESULT: {"using":"xpath","value":"//span[contains(@id ,\"application-addressmanagement-display-component---detailAdm--addressDetailDetailsName1\")][contains(text(), \"WebdriverSite9bfbs\")]"}
COMMAND: POST /session/e9436a53cdf5c0a1eee30ba36cb8cd5b/element - {"using":"xpath","value":"//span[contains(@id ,\"application-addressmanagement-display-component---detailAdm--addressDetailDetailsName1\")][contains(text(), \"WebdriverSite9bfbs\")]"}
RESULT: {"using":"xpath","value":"//span[contains(@id ,\"application-addressmanagement-display-component---detailAdm--addressDetailDetailsName1\")][contains(text(), \"WebdriverSite9bfbs\")]"}
COMMAND: POST /session/e9436a53cdf5c0a1eee30ba36cb8cd5b/element - {"using":"xpath","value":"//*[contains(@data-kt ,\"ContextMenuId2Link\")][contains(text(), \"Address Overview\")]"}
RESULT: {"using":"xpath","value":"//*[contains(@data-kt ,\"ContextMenuId2Link\")][contains(text(), \"Address Overview\")]"}
COMMAND: POST /session/e9436a53cdf5c0a1eee30ba36cb8cd5b/execute/sync - {"script":"<script> [8489 bytes]","args":[{"element-6066-11e4-a52e-4f735466cecf":"f.BBFDC0F1250B5963FA96F3FBE9DA08E0.d.56459731AF28D44FC7145AF60DEC65DB.e.5678","ELEMENT":"f.BBFDC0F1250B5963FA96F3FBE9DA08E0.d.56459731AF28D44FC7145AF60DEC65DB.e.5678"}]}
COMMAND: POST /session/e9436a53cdf5c0a1eee30ba36cb8cd5b/element - {"using":"xpath","value":"//*[contains(@data-kt ,\"ContextMenuId2Link\")][contains(text(), \"Address Overview\")]"}
RESULT: {"using":"xpath","value":"//*[contains(@data-kt ,\"ContextMenuId2Link\")][contains(text(), \"Address Overview\")]"}
COMMAND: POST /session/e9436a53cdf5c0a1eee30ba36cb8cd5b/element/f.BBFDC0F1250B5963FA96F3FBE9DA08E0.d.56459731AF28D44FC7145AF60DEC65DB.e.5678/click - {}
RESULT: {"script":"<script> [8489 bytes]","args":[{"element-6066-11e4-a52e-4f735466cecf":"f.BBFDC0F1250B5963FA96F3FBE9DA08E0.d.56459731AF28D44FC7145AF60DEC65DB.e.5678","ELEMENT":"f.BBFDC0F1250B5963FA96F3FBE9DA08E0.d.56459731AF28D44FC7145AF60DEC65DB.e.5678"}]}
COMMAND: GET /session/e9436a53cdf5c0a1eee30ba36cb8cd5b/screenshot - {}
RESULT: {}
COMMAND: GET /session/e9436a53cdf5c0a1eee30ba36cb8cd5b/screenshot - {}
COMMAND: POST /session/e9436a53cdf5c0a1eee30ba36cb8cd5b/element - {"using":"xpath","value":"//span[contains(@id ,\"application-addressmanagement-display-component---detailAdm--addressDetailDetailsName1\")][contains(text(), \"WebdriverSite9bfbs\")]"}
RESULT: {}
RESULT: {}
RESULT: {"using":"xpath","value":"//span[contains(@id ,\"application-addressmanagement-display-component---detailAdm--addressDetailDetailsName1\")][contains(text(), \"WebdriverSite9bfbs\")]"}
COMMAND: POST /session/e9436a53cdf5c0a1eee30ba36cb8cd5b/execute/sync - {"script":"<script> [8489 bytes]","args":[{"element-6066-11e4-a52e-4f735466cecf":"f.BBFDC0F1250B5963FA96F3FBE9DA08E0.d.56459731AF28D44FC7145AF60DEC65DB.e.5882","ELEMENT":"f.BBFDC0F1250B5963FA96F3FBE9DA08E0.d.56459731AF28D44FC7145AF60DEC65DB.e.5882"}]}
RESULT: {"script":"<script> [8489 bytes]","args":[{"element-6066-11e4-a52e-4f735466cecf":"f.BBFDC0F1250B5963FA96F3FBE9DA08E0.d.56459731AF28D44FC7145AF60DEC65DB.e.5882","ELEMENT":"f.BBFDC0F1250B5963FA96F3FBE9DA08E0.d.56459731AF28D44FC7145AF60DEC65DB.e.5882"}]}
COMMAND: GET /session/e9436a53cdf5c0a1eee30ba36cb8cd5b/screenshot - {}
RESULT: {}
RESULT: undefined
COMMAND: POST /session/e9436a53cdf5c0a1eee30ba36cb8cd5b/execute/async - {"script":"<script> [6424 bytes]","args":[{"element-6066-11e4-a52e-4f735466cecf":"f.BBFDC0F1250B5963FA96F3FBE9DA08E0.d.56459731AF28D44FC7145AF60DEC65DB.e.3157"},"getTitle",[]]}
COMMAND: POST /session/e9436a53cdf5c0a1eee30ba36cb8cd5b/execute/async - {"script":"<script> [1562 bytes]","args":[{"selector":{"id":"shellAppTitle"},"wdio_ui5_key":"shellAppTitle"}]}
RESULT: {"script":"<script> [1562 bytes]","args":[{"selector":{"id":"shellAppTitle"},"wdio_ui5_key":"shellAppTitle"}]}
COMMAND: POST /session/e9436a53cdf5c0a1eee30ba36cb8cd5b/execute/async - {"script":"<script> [6424 bytes]","args":[{"element-6066-11e4-a52e-4f735466cecf":"f.BBFDC0F1250B5963FA96F3FBE9DA08E0.d.56459731AF28D44FC7145AF60DEC65DB.e.5884"},"getTitle",[]]}
RESULT: {"script":"<script> [6424 bytes]","args":[{"element-6066-11e4-a52e-4f735466cecf":"f.BBFDC0F1250B5963FA96F3FBE9DA08E0.d.56459731AF28D44FC7145AF60DEC65DB.e.5884"},"getTitle",[]]}
COMMAND: POST /session/e9436a53cdf5c0a1eee30ba36cb8cd5b/element - {"using":"xpath","value":"//span[contains(@id ,\"application-addressmanagement-display-component---detailAdm--addressDetailDetailsName1\")][contains(text(), \"WebdriverSite9bfbs\")]"}
RESULT: {"using":"xpath","value":"//span[contains(@id ,\"application-addressmanagement-display-component---detailAdm--addressDetailDetailsName1\")][contains(text(), \"WebdriverSite9bfbs\")]"}
COMMAND: POST /session/e9436a53cdf5c0a1eee30ba36cb8cd5b/execute/sync - {"script":"<script> [8489 bytes]","args":[{"element-6066-11e4-a52e-4f735466cecf":"f.BBFDC0F1250B5963FA96F3FBE9DA08E0.d.56459731AF28D44FC7145AF60DEC65DB.e.5882","ELEMENT":"f.BBFDC0F1250B5963FA96F3FBE9DA08E0.d.56459731AF28D44FC7145AF60DEC65DB.e.5882"}]}
RESULT: undefined
COMMAND: POST /session/e9436a53cdf5c0a1eee30ba36cb8cd5b/element - {"using":"xpath","value":"//*[@id=\"backBtn\"]"}
RESULT: {"using":"xpath","value":"//*[@id=\"backBtn\"]"}
COMMAND: POST /session/e9436a53cdf5c0a1eee30ba36cb8cd5b/element/f.BBFDC0F1250B5963FA96F3FBE9DA08E0.d.56459731AF28D44FC7145AF60DEC65DB.e.3159/click - {}
RESULT: {"script":"<script> [8489 bytes]","args":[{"element-6066-11e4-a52e-4f735466cecf":"f.BBFDC0F1250B5963FA96F3FBE9DA08E0.d.56459731AF28D44FC7145AF60DEC65DB.e.5882","ELEMENT":"f.BBFDC0F1250B5963FA96F3FBE9DA08E0.d.56459731AF28D44FC7145AF60DEC65DB.e.5882"}]}
COMMAND: GET /session/e9436a53cdf5c0a1eee30ba36cb8cd5b/screenshot - {}
RESULT: {}
COMMAND: GET /session/e9436a53cdf5c0a1eee30ba36cb8cd5b/screenshot - {}
RESULT: {}
RESULT: {}
COMMAND: POST /session/e9436a53cdf5c0a1eee30ba36cb8cd5b/execute/sync - {"script":"<script> [8489 bytes]","args":[{"element-6066-11e4-a52e-4f735466cecf":"f.BBFDC0F1250B5963FA96F3FBE9DA08E0.d.56459731AF28D44FC7145AF60DEC65DB.e.5676","ELEMENT":"f.BBFDC0F1250B5963FA96F3FBE9DA08E0.d.56459731AF28D44FC7145AF60DEC65DB.e.5676"}]}
COMMAND: POST /session/e9436a53cdf5c0a1eee30ba36cb8cd5b/element - {"using":"xpath","value":"//*[contains(@data-kt ,\"webshopDetailAddressLink\")]"}
RESULT: {"using":"xpath","value":"//*[contains(@data-kt ,\"webshopDetailAddressLink\")]"}
COMMAND: POST /session/e9436a53cdf5c0a1eee30ba36cb8cd5b/execute/sync - {"script":"<script> [8489 bytes]","args":[{"element-6066-11e4-a52e-4f735466cecf":"f.BBFDC0F1250B5963FA96F3FBE9DA08E0.d.56459731AF28D44FC7145AF60DEC65DB.e.6071","ELEMENT":"f.BBFDC0F1250B5963FA96F3FBE9DA08E0.d.56459731AF28D44FC7145AF60DEC65DB.e.6071"}]}
RESULT: {"script":"<script> [8489 bytes]","args":[{"element-6066-11e4-a52e-4f735466cecf":"f.BBFDC0F1250B5963FA96F3FBE9DA08E0.d.56459731AF28D44FC7145AF60DEC65DB.e.6071","ELEMENT":"f.BBFDC0F1250B5963FA96F3FBE9DA08E0.d.56459731AF28D44FC7145AF60DEC65DB.e.6071"}]}
COMMAND: POST /session/e9436a53cdf5c0a1eee30ba36cb8cd5b/execute/sync - {"script":"<script> [5351 bytes]","args":[{"element-6066-11e4-a52e-4f735466cecf":"f.BBFDC0F1250B5963FA96F3FBE9DA08E0.d.56459731AF28D44FC7145AF60DEC65DB.e.6071","ELEMENT":"f.BBFDC0F1250B5963FA96F3FBE9DA08E0.d.56459731AF28D44FC7145AF60DEC65DB.e.6071"}]}
COMMAND: GET /session/e9436a53cdf5c0a1eee30ba36cb8cd5b/screenshot - {}
RESULT: {"script":"<script> [5351 bytes]","args":[{"element-6066-11e4-a52e-4f735466cecf":"f.BBFDC0F1250B5963FA96F3FBE9DA08E0.d.56459731AF28D44FC7145AF60DEC65DB.e.6071","ELEMENT":"f.BBFDC0F1250B5963FA96F3FBE9DA08E0.d.56459731AF28D44FC7145AF60DEC65DB.e.6071"}]}
COMMAND: POST /session/e9436a53cdf5c0a1eee30ba36cb8cd5b/element - {"using":"xpath","value":"//*[contains(@data-kt ,\"webshopDetailAddressLink\")]"}
COMMAND: GET /session/e9436a53cdf5c0a1eee30ba36cb8cd5b/screenshot - {}
RESULT: {}
RESULT: {"using":"xpath","value":"//*[contains(@data-kt ,\"webshopDetailAddressLink\")]"}
COMMAND: POST /session/e9436a53cdf5c0a1eee30ba36cb8cd5b/element/f.BBFDC0F1250B5963FA96F3FBE9DA08E0.d.56459731AF28D44FC7145AF60DEC65DB.e.6071/click - {}
RESULT: {}
RESULT: {}
COMMAND: GET /session/e9436a53cdf5c0a1eee30ba36cb8cd5b/screenshot - {}
RESULT: {}
COMMAND: POST /session/e9436a53cdf5c0a1eee30ba36cb8cd5b/element - {"using":"xpath","value":"//button[contains(@data-kt ,\"ContextMenuExternalId2Link\")]"}
RESULT: {"using":"xpath","value":"//button[contains(@data-kt ,\"ContextMenuExternalId2Link\")]"}
COMMAND: POST /session/e9436a53cdf5c0a1eee30ba36cb8cd5b/element/f.BBFDC0F1250B5963FA96F3FBE9DA08E0.d.56459731AF28D44FC7145AF60DEC65DB.e.6072/click - {}
RESULT: {}
COMMAND: GET /session/e9436a53cdf5c0a1eee30ba36cb8cd5b/screenshot - {}
RESULT: {}
COMMAND: GET /session/e9436a53cdf5c0a1eee30ba36cb8cd5b/window/handles - {}
RESULT: {}
COMMAND: POST /session/e9436a53cdf5c0a1eee30ba36cb8cd5b/window - {"handle":"5BA9547E96A809EA664A8BD12BD571C6"}
RESULT: {"handle":"5BA9547E96A809EA664A8BD12BD571C6"}
COMMAND: GET /session/e9436a53cdf5c0a1eee30ba36cb8cd5b/url - {}
RESULT: {}
COMMAND: GET /session/e9436a53cdf5c0a1eee30ba36cb8cd5b/screenshot - {}
RESULT: {}
COMMAND: POST /session/e9436a53cdf5c0a1eee30ba36cb8cd5b/execute/sync - {"script":"<script> [8489 bytes]","args":[{"element-6066-11e4-a52e-4f735466cecf":"f.BBFDC0F1250B5963FA96F3FBE9DA08E0.d.56459731AF28D44FC7145AF60DEC65DB.e.5882","ELEMENT":"f.BBFDC0F1250B5963FA96F3FBE9DA08E0.d.56459731AF28D44FC7145AF60DEC65DB.e.5882"}]}
COMMAND: DELETE /session/e9436a53cdf5c0a1eee30ba36cb8cd5b/window - {}
RESULT: {}
COMMAND: POST /session/e9436a53cdf5c0a1eee30ba36cb8cd5b/window - {"handle":"BBFDC0F1250B5963FA96F3FBE9DA08E0"}
RESULT: {"handle":"BBFDC0F1250B5963FA96F3FBE9DA08E0"}
COMMAND: GET /session/e9436a53cdf5c0a1eee30ba36cb8cd5b/url - {}
COMMAND: POST /session/e9436a53cdf5c0a1eee30ba36cb8cd5b/element - {"using":"xpath","value":"//span[contains(@id ,\"application-addressmanagement-display-component---detailAdm--addressDetailDetailsName1\")][contains(text(), \"WebdriverSite9bfbs\")]"}
RESULT: {}
COMMAND: GET /session/e9436a53cdf5c0a1eee30ba36cb8cd5b/screenshot - {}
RESULT: {"using":"xpath","value":"//span[contains(@id ,\"application-addressmanagement-display-component---detailAdm--addressDetailDetailsName1\")][contains(text(), \"WebdriverSite9bfbs\")]"}
COMMAND: POST /session/e9436a53cdf5c0a1eee30ba36cb8cd5b/element - {"using":"xpath","value":"//span[contains(@id ,\"application-addressmanagement-display-component---detailAdm--addressDetailDetailsName1\")][contains(text(), \"WebdriverSite9bfbs\")]"}
RESULT: {}
RESULT: {"using":"xpath","value":"//span[contains(@id ,\"application-addressmanagement-display-component---detailAdm--addressDetailDetailsName1\")][contains(text(), \"WebdriverSite9bfbs\")]"}
COMMAND: POST /session/e9436a53cdf5c0a1eee30ba36cb8cd5b/element - {"using":"xpath","value":"//span[contains(@id ,\"application-addressmanagement-display-component---detailAdm--addressDetailDetailsName1\")][contains(text(), \"WebdriverSite9bfbs\")]"}
RESULT: {"using":"xpath","value":"//span[contains(@id ,\"application-addressmanagement-display-component---detailAdm--addressDetailDetailsName1\")][contains(text(), \"WebdriverSite9bfbs\")]"}
COMMAND: POST /session/e9436a53cdf5c0a1eee30ba36cb8cd5b/element - {"using":"xpath","value":"//span[contains(@id ,\"application-addressmanagement-display-component---detailAdm--addressDetailDetailsName1\")][contains(text(), \"WebdriverSite9bfbs\")]"}
RESULT: {"using":"xpath","value":"//span[contains(@id ,\"application-addressmanagement-display-component---detailAdm--addressDetailDetailsName1\")][contains(text(), \"WebdriverSite9bfbs\")]"}
COMMAND: POST /session/e9436a53cdf5c0a1eee30ba36cb8cd5b/element - {"using":"xpath","value":"//span[contains(@id ,\"application-addressmanagement-display-component---detailAdm--addressDetailDetailsName1\")][contains(text(), \"WebdriverSite9bfbs\")]"}
RESULT: {"using":"xpath","value":"//span[contains(@id ,\"application-addressmanagement-display-component---detailAdm--addressDetailDetailsName1\")][contains(text(), \"WebdriverSite9bfbs\")]"}
COMMAND: POST /session/e9436a53cdf5c0a1eee30ba36cb8cd5b/element - {"using":"xpath","value":"//span[contains(@id ,\"application-addressmanagement-display-component---detailAdm--addressDetailDetailsName1\")][contains(text(), \"WebdriverSite9bfbs\")]"}
RESULT: {"using":"xpath","value":"//span[contains(@id ,\"application-addressmanagement-display-component---detailAdm--addressDetailDetailsName1\")][contains(text(), \"WebdriverSite9bfbs\")]"}
COMMAND: POST /session/e9436a53cdf5c0a1eee30ba36cb8cd5b/element - {"using":"xpath","value":"//span[contains(@id ,\"application-addressmanagement-display-component---detailAdm--addressDetailDetailsName1\")][contains(text(), \"WebdriverSite9bfbs\")]"}
RESULT: {"using":"xpath","value":"//span[contains(@id ,\"application-addressmanagement-display-component---detailAdm--addressDetailDetailsName1\")][contains(text(), \"WebdriverSite9bfbs\")]"}
COMMAND: POST /session/e9436a53cdf5c0a1eee30ba36cb8cd5b/element - {"using":"xpath","value":"//*[contains(@data-kt ,\"webshopDetailCustomerLink\")]"}
RESULT: {"using":"xpath","value":"//*[contains(@data-kt ,\"webshopDetailCustomerLink\")]"}
COMMAND: POST /session/e9436a53cdf5c0a1eee30ba36cb8cd5b/execute/sync - {"script":"<script> [8489 bytes]","args":[{"element-6066-11e4-a52e-4f735466cecf":"f.BBFDC0F1250B5963FA96F3FBE9DA08E0.d.56459731AF28D44FC7145AF60DEC65DB.e.6273","ELEMENT":"f.BBFDC0F1250B5963FA96F3FBE9DA08E0.d.56459731AF28D44FC7145AF60DEC65DB.e.6273"}]}
RESULT: {"script":"<script> [8489 bytes]","args":[{"element-6066-11e4-a52e-4f735466cecf":"f.BBFDC0F1250B5963FA96F3FBE9DA08E0.d.56459731AF28D44FC7145AF60DEC65DB.e.6273","ELEMENT":"f.BBFDC0F1250B5963FA96F3FBE9DA08E0.d.56459731AF28D44FC7145AF60DEC65DB.e.6273"}]}
COMMAND: POST /session/e9436a53cdf5c0a1eee30ba36cb8cd5b/execute/sync - {"script":"<script> [5351 bytes]","args":[{"element-6066-11e4-a52e-4f735466cecf":"f.BBFDC0F1250B5963FA96F3FBE9DA08E0.d.56459731AF28D44FC7145AF60DEC65DB.e.6273","ELEMENT":"f.BBFDC0F1250B5963FA96F3FBE9DA08E0.d.56459731AF28D44FC7145AF60DEC65DB.e.6273"}]}
COMMAND: GET /session/e9436a53cdf5c0a1eee30ba36cb8cd5b/screenshot - {}
RESULT: {"script":"<script> [5351 bytes]","args":[{"element-6066-11e4-a52e-4f735466cecf":"f.BBFDC0F1250B5963FA96F3FBE9DA08E0.d.56459731AF28D44FC7145AF60DEC65DB.e.6273","ELEMENT":"f.BBFDC0F1250B5963FA96F3FBE9DA08E0.d.56459731AF28D44FC7145AF60DEC65DB.e.6273"}]}
COMMAND: POST /session/e9436a53cdf5c0a1eee30ba36cb8cd5b/element - {"using":"xpath","value":"//*[contains(@data-kt ,\"webshopDetailCustomerLink\")]"}
COMMAND: GET /session/e9436a53cdf5c0a1eee30ba36cb8cd5b/screenshot - {}
COMMAND: POST /session/e9436a53cdf5c0a1eee30ba36cb8cd5b/element - {"using":"xpath","value":"//span[contains(@id ,\"application-addressmanagement-display-component---detailAdm--addressDetailDetailsName1\")][contains(text(), \"WebdriverSite9bfbs\")]"}
RESULT: {}
RESULT: {"using":"xpath","value":"//*[contains(@data-kt ,\"webshopDetailCustomerLink\")]"}
COMMAND: POST /session/e9436a53cdf5c0a1eee30ba36cb8cd5b/element/f.BBFDC0F1250B5963FA96F3FBE9DA08E0.d.56459731AF28D44FC7145AF60DEC65DB.e.6273/click - {}
RESULT: {}
RESULT: {"using":"xpath","value":"//span[contains(@id ,\"application-addressmanagement-display-component---detailAdm--addressDetailDetailsName1\")][contains(text(), \"WebdriverSite9bfbs\")]"}
RESULT: {}
COMMAND: GET /session/e9436a53cdf5c0a1eee30ba36cb8cd5b/screenshot - {}
RESULT: {}
COMMAND: POST /session/e9436a53cdf5c0a1eee30ba36cb8cd5b/element - {"using":"xpath","value":"//span[contains(@id ,\"application-addressmanagement-display-component---detailAdm--addressDetailDetailsName1\")][contains(text(), \"WebdriverSite9bfbs\")]"}
RESULT: {"using":"xpath","value":"//span[contains(@id ,\"application-addressmanagement-display-component---detailAdm--addressDetailDetailsName1\")][contains(text(), \"WebdriverSite9bfbs\")]"}
COMMAND: POST /session/e9436a53cdf5c0a1eee30ba36cb8cd5b/element - {"using":"xpath","value":"//span[contains(@id ,\"application-addressmanagement-display-component---detailAdm--addressDetailDetailsName1\")][contains(text(), \"WebdriverSite9bfbs\")]"}
RESULT: {"using":"xpath","value":"//span[contains(@id ,\"application-addressmanagement-display-component---detailAdm--addressDetailDetailsName1\")][contains(text(), \"WebdriverSite9bfbs\")]"}
COMMAND: POST /session/e9436a53cdf5c0a1eee30ba36cb8cd5b/element - {"using":"xpath","value":"//span[contains(@id ,\"application-addressmanagement-display-component---detailAdm--addressDetailDetailsName1\")][contains(text(), \"WebdriverSite9bfbs\")]"}
RESULT: {"using":"xpath","value":"//span[contains(@id ,\"application-addressmanagement-display-component---detailAdm--addressDetailDetailsName1\")][contains(text(), \"WebdriverSite9bfbs\")]"}
COMMAND: POST /session/e9436a53cdf5c0a1eee30ba36cb8cd5b/element - {"using":"xpath","value":"//span[contains(@id ,\"application-addressmanagement-display-component---detailAdm--addressDetailDetailsName1\")][contains(text(), \"WebdriverSite9bfbs\")]"}
RESULT: {"using":"xpath","value":"//span[contains(@id ,\"application-addressmanagement-display-component---detailAdm--addressDetailDetailsName1\")][contains(text(), \"WebdriverSite9bfbs\")]"}
COMMAND: POST /session/e9436a53cdf5c0a1eee30ba36cb8cd5b/element - {"using":"xpath","value":"//*[contains(@data-kt ,\"ContextMenuId2Link\")][contains(text(), \"Partner Overview\")]"}
COMMAND: POST /session/e9436a53cdf5c0a1eee30ba36cb8cd5b/element - {"using":"xpath","value":"//span[contains(@id ,\"application-addressmanagement-display-component---detailAdm--addressDetailDetailsName1\")][contains(text(), \"WebdriverSite9bfbs\")]"}
RESULT: {"using":"xpath","value":"//*[contains(@data-kt ,\"ContextMenuId2Link\")][contains(text(), \"Partner Overview\")]"}
COMMAND: POST /session/e9436a53cdf5c0a1eee30ba36cb8cd5b/execute/sync - {"script":"<script> [8489 bytes]","args":[{"element-6066-11e4-a52e-4f735466cecf":"f.BBFDC0F1250B5963FA96F3FBE9DA08E0.d.56459731AF28D44FC7145AF60DEC65DB.e.6275","ELEMENT":"f.BBFDC0F1250B5963FA96F3FBE9DA08E0.d.56459731AF28D44FC7145AF60DEC65DB.e.6275"}]}
COMMAND: POST /session/e9436a53cdf5c0a1eee30ba36cb8cd5b/element - {"using":"xpath","value":"//*[contains(@data-kt ,\"ContextMenuId2Link\")][contains(text(), \"Partner Overview\")]"}
RESULT: {"using":"xpath","value":"//span[contains(@id ,\"application-addressmanagement-display-component---detailAdm--addressDetailDetailsName1\")][contains(text(), \"WebdriverSite9bfbs\")]"}
RESULT: {"script":"<script> [8489 bytes]","args":[{"element-6066-11e4-a52e-4f735466cecf":"f.BBFDC0F1250B5963FA96F3FBE9DA08E0.d.56459731AF28D44FC7145AF60DEC65DB.e.6275","ELEMENT":"f.BBFDC0F1250B5963FA96F3FBE9DA08E0.d.56459731AF28D44FC7145AF60DEC65DB.e.6275"}]}
COMMAND: GET /session/e9436a53cdf5c0a1eee30ba36cb8cd5b/screenshot - {}
RESULT: {"using":"xpath","value":"//*[contains(@data-kt ,\"ContextMenuId2Link\")][contains(text(), \"Partner Overview\")]"}
COMMAND: POST /session/e9436a53cdf5c0a1eee30ba36cb8cd5b/element/f.BBFDC0F1250B5963FA96F3FBE9DA08E0.d.56459731AF28D44FC7145AF60DEC65DB.e.6275/click - {}
RESULT: {}
COMMAND: POST /session/e9436a53cdf5c0a1eee30ba36cb8cd5b/element - {"using":"xpath","value":"//span[contains(@id ,\"application-addressmanagement-display-component---detailAdm--addressDetailDetailsName1\")][contains(text(), \"WebdriverSite9bfbs\")]"}
RESULT: {}
COMMAND: GET /session/e9436a53cdf5c0a1eee30ba36cb8cd5b/screenshot - {}
RESULT: {"using":"xpath","value":"//span[contains(@id ,\"application-addressmanagement-display-component---detailAdm--addressDetailDetailsName1\")][contains(text(), \"WebdriverSite9bfbs\")]"}
RESULT: {}
COMMAND: POST /session/e9436a53cdf5c0a1eee30ba36cb8cd5b/element - {"using":"xpath","value":"//span[contains(@id ,\"application-addressmanagement-display-component---detailAdm--addressDetailDetailsName1\")][contains(text(), \"WebdriverSite9bfbs\")]"}
RESULT: {"using":"xpath","value":"//span[contains(@id ,\"application-addressmanagement-display-component---detailAdm--addressDetailDetailsName1\")][contains(text(), \"WebdriverSite9bfbs\")]"}
COMMAND: POST /session/e9436a53cdf5c0a1eee30ba36cb8cd5b/element - {"using":"xpath","value":"//span[contains(@id ,\"application-addressmanagement-display-component---detailAdm--addressDetailDetailsName1\")][contains(text(), \"WebdriverSite9bfbs\")]"}
RESULT: {"using":"xpath","value":"//span[contains(@id ,\"application-addressmanagement-display-component---detailAdm--addressDetailDetailsName1\")][contains(text(), \"WebdriverSite9bfbs\")]"}
COMMAND: POST /session/e9436a53cdf5c0a1eee30ba36cb8cd5b/element - {"using":"xpath","value":"//span[contains(@id ,\"application-addressmanagement-display-component---detailAdm--addressDetailDetailsName1\")][contains(text(), \"WebdriverSite9bfbs\")]"}
RESULT: {"using":"xpath","value":"//span[contains(@id ,\"application-addressmanagement-display-component---detailAdm--addressDetailDetailsName1\")][contains(text(), \"WebdriverSite9bfbs\")]"}
COMMAND: POST /session/e9436a53cdf5c0a1eee30ba36cb8cd5b/element - {"using":"xpath","value":"//span[contains(@id ,\"application-addressmanagement-display-component---detailAdm--addressDetailDetailsName1\")][contains(text(), \"WebdriverSite9bfbs\")]"}
RESULT: {"using":"xpath","value":"//span[contains(@id ,\"application-addressmanagement-display-component---detailAdm--addressDetailDetailsName1\")][contains(text(), \"WebdriverSite9bfbs\")]"}
COMMAND: POST /session/e9436a53cdf5c0a1eee30ba36cb8cd5b/element - {"using":"xpath","value":"//span[contains(@id ,\"application-addressmanagement-display-component---detailAdm--addressDetailDetailsName1\")][contains(text(), \"WebdriverSite9bfbs\")]"}
RESULT: {"using":"xpath","value":"//span[contains(@id ,\"application-addressmanagement-display-component---detailAdm--addressDetailDetailsName1\")][contains(text(), \"WebdriverSite9bfbs\")]"}
COMMAND: POST /session/e9436a53cdf5c0a1eee30ba36cb8cd5b/element - {"using":"xpath","value":"//span[contains(@id ,\"application-addressmanagement-display-component---detailAdm--addressDetailDetailsName1\")][contains(text(), \"WebdriverSite9bfbs\")]"}
RESULT: {"using":"xpath","value":"//span[contains(@id ,\"application-addressmanagement-display-component---detailAdm--addressDetailDetailsName1\")][contains(text(), \"WebdriverSite9bfbs\")]"}
COMMAND: POST /session/e9436a53cdf5c0a1eee30ba36cb8cd5b/element - {"using":"xpath","value":"//span[contains(@id ,\"application-addressmanagement-display-component---detailAdm--addressDetailDetailsName1\")][contains(text(), \"WebdriverSite9bfbs\")]"}
RESULT: {"using":"xpath","value":"//span[contains(@id ,\"application-addressmanagement-display-component---detailAdm--addressDetailDetailsName1\")][contains(text(), \"WebdriverSite9bfbs\")]"}
COMMAND: POST /session/e9436a53cdf5c0a1eee30ba36cb8cd5b/element - {"using":"xpath","value":"//span[contains(@id ,\"application-addressmanagement-display-component---detailAdm--addressDetailDetailsName1\")][contains(text(), \"WebdriverSite9bfbs\")]"}
RESULT: {"using":"xpath","value":"//span[contains(@id ,\"application-addressmanagement-display-component---detailAdm--addressDetailDetailsName1\")][contains(text(), \"WebdriverSite9bfbs\")]"}
COMMAND: POST /session/e9436a53cdf5c0a1eee30ba36cb8cd5b/element - {"using":"xpath","value":"//span[contains(@id ,\"application-addressmanagement-display-component---detailAdm--addressDetailDetailsName1\")][contains(text(), \"WebdriverSite9bfbs\")]"}
RESULT: {"using":"xpath","value":"//span[contains(@id ,\"application-addressmanagement-display-component---detailAdm--addressDetailDetailsName1\")][contains(text(), \"WebdriverSite9bfbs\")]"}
COMMAND: POST /session/e9436a53cdf5c0a1eee30ba36cb8cd5b/element - {"using":"xpath","value":"//span[contains(@id ,\"application-addressmanagement-display-component---detailAdm--addressDetailDetailsName1\")][contains(text(), \"WebdriverSite9bfbs\")]"}
RESULT: {"using":"xpath","value":"//span[contains(@id ,\"application-addressmanagement-display-component---detailAdm--addressDetailDetailsName1\")][contains(text(), \"WebdriverSite9bfbs\")]"}
COMMAND: POST /session/e9436a53cdf5c0a1eee30ba36cb8cd5b/element - {"using":"xpath","value":"//span[contains(@id ,\"application-addressmanagement-display-component---detailAdm--addressDetailDetailsName1\")][contains(text(), \"WebdriverSite9bfbs\")]"}
RESULT: {"using":"xpath","value":"//span[contains(@id ,\"application-addressmanagement-display-component---detailAdm--addressDetailDetailsName1\")][contains(text(), \"WebdriverSite9bfbs\")]"}
COMMAND: POST /session/e9436a53cdf5c0a1eee30ba36cb8cd5b/element - {"using":"xpath","value":"//span[contains(@id ,\"application-addressmanagement-display-component---detailAdm--addressDetailDetailsName1\")][contains(text(), \"WebdriverSite9bfbs\")]"}
RESULT: {"using":"xpath","value":"//span[contains(@id ,\"application-addressmanagement-display-component---detailAdm--addressDetailDetailsName1\")][contains(text(), \"WebdriverSite9bfbs\")]"}
COMMAND: POST /session/e9436a53cdf5c0a1eee30ba36cb8cd5b/element - {"using":"xpath","value":"//span[contains(@id ,\"application-addressmanagement-display-component---detailAdm--addressDetailDetailsName1\")][contains(text(), \"WebdriverSite9bfbs\")]"}
RESULT: {"using":"xpath","value":"//span[contains(@id ,\"application-addressmanagement-display-component---detailAdm--addressDetailDetailsName1\")][contains(text(), \"WebdriverSite9bfbs\")]"}
COMMAND: POST /session/e9436a53cdf5c0a1eee30ba36cb8cd5b/element - {"using":"xpath","value":"//span[contains(@id ,\"application-addressmanagement-display-component---detailAdm--addressDetailDetailsName1\")][contains(text(), \"WebdriverSite9bfbs\")]"}
RESULT: {"using":"xpath","value":"//span[contains(@id ,\"application-addressmanagement-display-component---detailAdm--addressDetailDetailsName1\")][contains(text(), \"WebdriverSite9bfbs\")]"}
COMMAND: POST /session/e9436a53cdf5c0a1eee30ba36cb8cd5b/element - {"using":"xpath","value":"//span[contains(@id ,\"application-addressmanagement-display-component---detailAdm--addressDetailDetailsName1\")][contains(text(), \"WebdriverSite9bfbs\")]"}
RESULT: {"using":"xpath","value":"//span[contains(@id ,\"application-addressmanagement-display-component---detailAdm--addressDetailDetailsName1\")][contains(text(), \"WebdriverSite9bfbs\")]"}
COMMAND: POST /session/e9436a53cdf5c0a1eee30ba36cb8cd5b/element - {"using":"xpath","value":"//span[contains(@id ,\"application-addressmanagement-display-component---detailAdm--addressDetailDetailsName1\")][contains(text(), \"WebdriverSite9bfbs\")]"}
RESULT: {"using":"xpath","value":"//span[contains(@id ,\"application-addressmanagement-display-component---detailAdm--addressDetailDetailsName1\")][contains(text(), \"WebdriverSite9bfbs\")]"}
COMMAND: POST /session/e9436a53cdf5c0a1eee30ba36cb8cd5b/element - {"using":"xpath","value":"//span[contains(@id ,\"application-addressmanagement-display-component---detailAdm--addressDetailDetailsName1\")][contains(text(), \"WebdriverSite9bfbs\")]"}
RESULT: {"using":"xpath","value":"//span[contains(@id ,\"application-addressmanagement-display-component---detailAdm--addressDetailDetailsName1\")][contains(text(), \"WebdriverSite9bfbs\")]"}
COMMAND: POST /session/e9436a53cdf5c0a1eee30ba36cb8cd5b/element - {"using":"xpath","value":"//span[contains(@id ,\"application-addressmanagement-display-component---detailAdm--addressDetailDetailsName1\")][contains(text(), \"WebdriverSite9bfbs\")]"}
RESULT: {"using":"xpath","value":"//span[contains(@id ,\"application-addressmanagement-display-component---detailAdm--addressDetailDetailsName1\")][contains(text(), \"WebdriverSite9bfbs\")]"}
COMMAND: POST /session/e9436a53cdf5c0a1eee30ba36cb8cd5b/element - {"using":"xpath","value":"//span[contains(@id ,\"application-addressmanagement-display-component---detailAdm--addressDetailDetailsName1\")][contains(text(), \"WebdriverSite9bfbs\")]"}
RESULT: {"using":"xpath","value":"//span[contains(@id ,\"application-addressmanagement-display-component---detailAdm--addressDetailDetailsName1\")][contains(text(), \"WebdriverSite9bfbs\")]"}
RESULT: undefined
COMMAND: POST /session/e9436a53cdf5c0a1eee30ba36cb8cd5b/execute/async - {"script":"<script> [6424 bytes]","args":[{"element-6066-11e4-a52e-4f735466cecf":"f.BBFDC0F1250B5963FA96F3FBE9DA08E0.d.56459731AF28D44FC7145AF60DEC65DB.e.3157"},"getTitle",[]]}
COMMAND: POST /session/e9436a53cdf5c0a1eee30ba36cb8cd5b/execute/async - {"script":"<script> [1562 bytes]","args":[{"selector":{"id":"shellAppTitle"},"wdio_ui5_key":"shellAppTitle"}]}
COMMAND: POST /session/e9436a53cdf5c0a1eee30ba36cb8cd5b/element - {"using":"xpath","value":"//span[contains(@id ,\"application-addressmanagement-display-component---detailAdm--addressDetailDetailsName1\")][contains(text(), \"WebdriverSite9bfbs\")]"}
RESULT: {"script":"<script> [1562 bytes]","args":[{"selector":{"id":"shellAppTitle"},"wdio_ui5_key":"shellAppTitle"}]}
COMMAND: POST /session/e9436a53cdf5c0a1eee30ba36cb8cd5b/execute/async - {"script":"<script> [6424 bytes]","args":[{"element-6066-11e4-a52e-4f735466cecf":"f.BBFDC0F1250B5963FA96F3FBE9DA08E0.d.56459731AF28D44FC7145AF60DEC65DB.e.6520"},"getTitle",[]]}
RESULT: {"using":"xpath","value":"//span[contains(@id ,\"application-addressmanagement-display-component---detailAdm--addressDetailDetailsName1\")][contains(text(), \"WebdriverSite9bfbs\")]"}
COMMAND: POST /session/e9436a53cdf5c0a1eee30ba36cb8cd5b/element - {"using":"xpath","value":"//span[contains(@id ,\"application-addressmanagement-display-component---detailAdm--addressDetailDetailsName1\")][contains(text(), \"WebdriverSite9bfbs\")]"}
RESULT: {"script":"<script> [6424 bytes]","args":[{"element-6066-11e4-a52e-4f735466cecf":"f.BBFDC0F1250B5963FA96F3FBE9DA08E0.d.56459731AF28D44FC7145AF60DEC65DB.e.6520"},"getTitle",[]]}
COMMAND: POST /session/e9436a53cdf5c0a1eee30ba36cb8cd5b/element - {"using":"xpath","value":"//span[contains(@id ,\"title\")][contains(text(), \"WebdriverPartnerzubje\")]"}
RESULT: {"using":"xpath","value":"//span[contains(@id ,\"application-addressmanagement-display-component---detailAdm--addressDetailDetailsName1\")][contains(text(), \"WebdriverSite9bfbs\")]"}
RESULT: {"using":"xpath","value":"//span[contains(@id ,\"title\")][contains(text(), \"WebdriverPartnerzubje\")]"}
COMMAND: POST /session/e9436a53cdf5c0a1eee30ba36cb8cd5b/execute/sync - {"script":"<script> [8489 bytes]","args":[{"element-6066-11e4-a52e-4f735466cecf":"f.BBFDC0F1250B5963FA96F3FBE9DA08E0.d.56459731AF28D44FC7145AF60DEC65DB.e.6521","ELEMENT":"f.BBFDC0F1250B5963FA96F3FBE9DA08E0.d.56459731AF28D44FC7145AF60DEC65DB.e.6521"}]}
RESULT: undefined
COMMAND: POST /session/e9436a53cdf5c0a1eee30ba36cb8cd5b/element - {"using":"xpath","value":"//*[@id=\"backBtn\"]"}
RESULT: {"script":"<script> [8489 bytes]","args":[{"element-6066-11e4-a52e-4f735466cecf":"f.BBFDC0F1250B5963FA96F3FBE9DA08E0.d.56459731AF28D44FC7145AF60DEC65DB.e.6521","ELEMENT":"f.BBFDC0F1250B5963FA96F3FBE9DA08E0.d.56459731AF28D44FC7145AF60DEC65DB.e.6521"}]}
COMMAND: GET /session/e9436a53cdf5c0a1eee30ba36cb8cd5b/screenshot - {}
RESULT: {"using":"xpath","value":"//*[@id=\"backBtn\"]"}
COMMAND: POST /session/e9436a53cdf5c0a1eee30ba36cb8cd5b/element/f.BBFDC0F1250B5963FA96F3FBE9DA08E0.d.56459731AF28D44FC7145AF60DEC65DB.e.3159/click - {}
RESULT: {}
COMMAND: POST /session/e9436a53cdf5c0a1eee30ba36cb8cd5b/element - {"using":"xpath","value":"//span[contains(@id ,\"application-addressmanagement-display-component---detailAdm--addressDetailDetailsName1\")][contains(text(), \"WebdriverSite9bfbs\")]"}
COMMAND: POST /session/e9436a53cdf5c0a1eee30ba36cb8cd5b/execute/sync - {"script":"<script> [8489 bytes]","args":[{"element-6066-11e4-a52e-4f735466cecf":"f.BBFDC0F1250B5963FA96F3FBE9DA08E0.d.56459731AF28D44FC7145AF60DEC65DB.e.6521","ELEMENT":"f.BBFDC0F1250B5963FA96F3FBE9DA08E0.d.56459731AF28D44FC7145AF60DEC65DB.e.6521"}]}
RESULT: {}
COMMAND: GET /session/e9436a53cdf5c0a1eee30ba36cb8cd5b/screenshot - {}
RESULT: {"using":"xpath","value":"//span[contains(@id ,\"application-addressmanagement-display-component---detailAdm--addressDetailDetailsName1\")][contains(text(), \"WebdriverSite9bfbs\")]"}
COMMAND: POST /session/e9436a53cdf5c0a1eee30ba36cb8cd5b/element - {"using":"xpath","value":"//span[contains(@id ,\"title\")][contains(text(), \"WebdriverPartnerzubje\")]"}
RESULT: {}
RESULT: {"using":"xpath","value":"//span[contains(@id ,\"title\")][contains(text(), \"WebdriverPartnerzubje\")]"}
COMMAND: POST /session/e9436a53cdf5c0a1eee30ba36cb8cd5b/element - {"using":"xpath","value":"//span[contains(@id ,\"title\")][contains(text(), \"WebdriverPartnerzubje\")]"}
COMMAND: POST /session/e9436a53cdf5c0a1eee30ba36cb8cd5b/element - {"using":"xpath","value":"//span[contains(@id ,\"application-addressmanagement-display-component---detailAdm--addressDetailDetailsName1\")][contains(text(), \"WebdriverSite9bfbs\")]"}
RESULT: {"using":"xpath","value":"//span[contains(@id ,\"title\")][contains(text(), \"WebdriverPartnerzubje\")]"}
RESULT: {"using":"xpath","value":"//span[contains(@id ,\"application-addressmanagement-display-component---detailAdm--addressDetailDetailsName1\")][contains(text(), \"WebdriverSite9bfbs\")]"}
COMMAND: POST /session/e9436a53cdf5c0a1eee30ba36cb8cd5b/element - {"using":"xpath","value":"//span[contains(@id ,\"title\")][contains(text(), \"WebdriverPartnerzubje\")]"}
COMMAND: POST /session/e9436a53cdf5c0a1eee30ba36cb8cd5b/element - {"using":"xpath","value":"//span[contains(@id ,\"application-addressmanagement-display-component---detailAdm--addressDetailDetailsName1\")][contains(text(), \"WebdriverSite9bfbs\")]"}
RESULT: {"using":"xpath","value":"//span[contains(@id ,\"title\")][contains(text(), \"WebdriverPartnerzubje\")]"}
RESULT: {"using":"xpath","value":"//span[contains(@id ,\"application-addressmanagement-display-component---detailAdm--addressDetailDetailsName1\")][contains(text(), \"WebdriverSite9bfbs\")]"}
COMMAND: POST /session/e9436a53cdf5c0a1eee30ba36cb8cd5b/element - {"using":"xpath","value":"//span[contains(@id ,\"title\")][contains(text(), \"WebdriverPartnerzubje\")]"}
RESULT: {"using":"xpath","value":"//span[contains(@id ,\"title\")][contains(text(), \"WebdriverPartnerzubje\")]"}
COMMAND: POST /session/e9436a53cdf5c0a1eee30ba36cb8cd5b/element - {"using":"xpath","value":"//span[contains(@id ,\"application-addressmanagement-display-component---detailAdm--addressDetailDetailsName1\")][contains(text(), \"WebdriverSite9bfbs\")]"}
RESULT: {"using":"xpath","value":"//span[contains(@id ,\"application-addressmanagement-display-component---detailAdm--addressDetailDetailsName1\")][contains(text(), \"WebdriverSite9bfbs\")]"}
COMMAND: POST /session/e9436a53cdf5c0a1eee30ba36cb8cd5b/element - {"using":"xpath","value":"//span[contains(@id ,\"title\")][contains(text(), \"WebdriverPartnerzubje\")]"}
RESULT: {"using":"xpath","value":"//span[contains(@id ,\"title\")][contains(text(), \"WebdriverPartnerzubje\")]"}
COMMAND: POST /session/e9436a53cdf5c0a1eee30ba36cb8cd5b/element - {"using":"xpath","value":"//span[contains(@id ,\"application-addressmanagement-display-component---detailAdm--addressDetailDetailsName1\")][contains(text(), \"WebdriverSite9bfbs\")]"}
RESULT: {"using":"xpath","value":"//span[contains(@id ,\"application-addressmanagement-display-component---detailAdm--addressDetailDetailsName1\")][contains(text(), \"WebdriverSite9bfbs\")]"}
COMMAND: POST /session/e9436a53cdf5c0a1eee30ba36cb8cd5b/element - {"using":"xpath","value":"//span[contains(@id ,\"title\")][contains(text(), \"WebdriverPartnerzubje\")]"}
RESULT: {"using":"xpath","value":"//span[contains(@id ,\"title\")][contains(text(), \"WebdriverPartnerzubje\")]"}
COMMAND: POST /session/e9436a53cdf5c0a1eee30ba36cb8cd5b/element - {"using":"xpath","value":"//span[contains(@id ,\"application-addressmanagement-display-component---detailAdm--addressDetailDetailsName1\")][contains(text(), \"WebdriverSite9bfbs\")]"}
RESULT: {"using":"xpath","value":"//span[contains(@id ,\"application-addressmanagement-display-component---detailAdm--addressDetailDetailsName1\")][contains(text(), \"WebdriverSite9bfbs\")]"}
COMMAND: POST /session/e9436a53cdf5c0a1eee30ba36cb8cd5b/element - {"using":"xpath","value":"//span[contains(@id ,\"title\")][contains(text(), \"WebdriverPartnerzubje\")]"}
RESULT: {"using":"xpath","value":"//span[contains(@id ,\"title\")][contains(text(), \"WebdriverPartnerzubje\")]"}
COMMAND: POST /session/e9436a53cdf5c0a1eee30ba36cb8cd5b/element - {"using":"xpath","value":"//span[contains(@id ,\"application-addressmanagement-display-component---detailAdm--addressDetailDetailsName1\")][contains(text(), \"WebdriverSite9bfbs\")]"}
RESULT: {"using":"xpath","value":"//span[contains(@id ,\"application-addressmanagement-display-component---detailAdm--addressDetailDetailsName1\")][contains(text(), \"WebdriverSite9bfbs\")]"}
COMMAND: POST /session/e9436a53cdf5c0a1eee30ba36cb8cd5b/element - {"using":"xpath","value":"//span[contains(@id ,\"title\")][contains(text(), \"WebdriverPartnerzubje\")]"}
RESULT: {"using":"xpath","value":"//span[contains(@id ,\"title\")][contains(text(), \"WebdriverPartnerzubje\")]"}
COMMAND: POST /session/e9436a53cdf5c0a1eee30ba36cb8cd5b/element - {"using":"xpath","value":"//span[contains(@id ,\"application-addressmanagement-display-component---detailAdm--addressDetailDetailsName1\")][contains(text(), \"WebdriverSite9bfbs\")]"}
RESULT: {"using":"xpath","value":"//span[contains(@id ,\"application-addressmanagement-display-component---detailAdm--addressDetailDetailsName1\")][contains(text(), \"WebdriverSite9bfbs\")]"}
COMMAND: POST /session/e9436a53cdf5c0a1eee30ba36cb8cd5b/element - {"using":"xpath","value":"//span[contains(@id ,\"title\")][contains(text(), \"WebdriverPartnerzubje\")]"}
RESULT: {"using":"xpath","value":"//span[contains(@id ,\"title\")][contains(text(), \"WebdriverPartnerzubje\")]"}
COMMAND: POST /session/e9436a53cdf5c0a1eee30ba36cb8cd5b/element - {"using":"xpath","value":"//span[contains(@id ,\"application-addressmanagement-display-component---detailAdm--addressDetailDetailsName1\")][contains(text(), \"WebdriverSite9bfbs\")]"}
RESULT: {"using":"xpath","value":"//span[contains(@id ,\"application-addressmanagement-display-component---detailAdm--addressDetailDetailsName1\")][contains(text(), \"WebdriverSite9bfbs\")]"}
COMMAND: POST /session/e9436a53cdf5c0a1eee30ba36cb8cd5b/element - {"using":"xpath","value":"//span[contains(@id ,\"title\")][contains(text(), \"WebdriverPartnerzubje\")]"}
RESULT: {"using":"xpath","value":"//span[contains(@id ,\"title\")][contains(text(), \"WebdriverPartnerzubje\")]"}
COMMAND: POST /session/e9436a53cdf5c0a1eee30ba36cb8cd5b/element - {"using":"xpath","value":"//span[contains(@id ,\"application-addressmanagement-display-component---detailAdm--addressDetailDetailsName1\")][contains(text(), \"WebdriverSite9bfbs\")]"}
RESULT: {"using":"xpath","value":"//span[contains(@id ,\"application-addressmanagement-display-component---detailAdm--addressDetailDetailsName1\")][contains(text(), \"WebdriverSite9bfbs\")]"}
COMMAND: POST /session/e9436a53cdf5c0a1eee30ba36cb8cd5b/element - {"using":"xpath","value":"//span[contains(@id ,\"title\")][contains(text(), \"WebdriverPartnerzubje\")]"}
RESULT: {"using":"xpath","value":"//span[contains(@id ,\"title\")][contains(text(), \"WebdriverPartnerzubje\")]"}
COMMAND: POST /session/e9436a53cdf5c0a1eee30ba36cb8cd5b/element - {"using":"xpath","value":"//span[contains(@id ,\"application-addressmanagement-display-component---detailAdm--addressDetailDetailsName1\")][contains(text(), \"WebdriverSite9bfbs\")]"}
RESULT: {"using":"xpath","value":"//span[contains(@id ,\"application-addressmanagement-display-component---detailAdm--addressDetailDetailsName1\")][contains(text(), \"WebdriverSite9bfbs\")]"}
COMMAND: POST /session/e9436a53cdf5c0a1eee30ba36cb8cd5b/element - {"using":"xpath","value":"//span[contains(@id ,\"title\")][contains(text(), \"WebdriverPartnerzubje\")]"}
RESULT: {"using":"xpath","value":"//span[contains(@id ,\"title\")][contains(text(), \"WebdriverPartnerzubje\")]"}
COMMAND: POST /session/e9436a53cdf5c0a1eee30ba36cb8cd5b/element - {"using":"xpath","value":"//span[contains(@id ,\"application-addressmanagement-display-component---detailAdm--addressDetailDetailsName1\")][contains(text(), \"WebdriverSite9bfbs\")]"}
RESULT: {"using":"xpath","value":"//span[contains(@id ,\"application-addressmanagement-display-component---detailAdm--addressDetailDetailsName1\")][contains(text(), \"WebdriverSite9bfbs\")]"}
COMMAND: POST /session/e9436a53cdf5c0a1eee30ba36cb8cd5b/element - {"using":"xpath","value":"//span[contains(@id ,\"title\")][contains(text(), \"WebdriverPartnerzubje\")]"}
RESULT: {"using":"xpath","value":"//span[contains(@id ,\"title\")][contains(text(), \"WebdriverPartnerzubje\")]"}
COMMAND: POST /session/e9436a53cdf5c0a1eee30ba36cb8cd5b/element - {"using":"xpath","value":"//span[contains(@id ,\"application-addressmanagement-display-component---detailAdm--addressDetailDetailsName1\")][contains(text(), \"WebdriverSite9bfbs\")]"}
RESULT: {"using":"xpath","value":"//span[contains(@id ,\"application-addressmanagement-display-component---detailAdm--addressDetailDetailsName1\")][contains(text(), \"WebdriverSite9bfbs\")]"}
COMMAND: POST /session/e9436a53cdf5c0a1eee30ba36cb8cd5b/element - {"using":"xpath","value":"//span[contains(@id ,\"title\")][contains(text(), \"WebdriverPartnerzubje\")]"}
RESULT: {"using":"xpath","value":"//span[contains(@id ,\"title\")][contains(text(), \"WebdriverPartnerzubje\")]"}
COMMAND: POST /session/e9436a53cdf5c0a1eee30ba36cb8cd5b/element - {"using":"xpath","value":"//span[contains(@id ,\"application-addressmanagement-display-component---detailAdm--addressDetailDetailsName1\")][contains(text(), \"WebdriverSite9bfbs\")]"}
RESULT: {"using":"xpath","value":"//span[contains(@id ,\"application-addressmanagement-display-component---detailAdm--addressDetailDetailsName1\")][contains(text(), \"WebdriverSite9bfbs\")]"}
COMMAND: POST /session/e9436a53cdf5c0a1eee30ba36cb8cd5b/element - {"using":"xpath","value":"//span[contains(@id ,\"title\")][contains(text(), \"WebdriverPartnerzubje\")]"}
RESULT: {"using":"xpath","value":"//span[contains(@id ,\"title\")][contains(text(), \"WebdriverPartnerzubje\")]"}
COMMAND: POST /session/e9436a53cdf5c0a1eee30ba36cb8cd5b/element - {"using":"xpath","value":"//span[contains(@id ,\"application-addressmanagement-display-component---detailAdm--addressDetailDetailsName1\")][contains(text(), \"WebdriverSite9bfbs\")]"}
RESULT: {"using":"xpath","value":"//span[contains(@id ,\"application-addressmanagement-display-component---detailAdm--addressDetailDetailsName1\")][contains(text(), \"WebdriverSite9bfbs\")]"}
COMMAND: POST /session/e9436a53cdf5c0a1eee30ba36cb8cd5b/element - {"using":"xpath","value":"//span[contains(@id ,\"title\")][contains(text(), \"WebdriverPartnerzubje\")]"}
RESULT: {"using":"xpath","value":"//span[contains(@id ,\"title\")][contains(text(), \"WebdriverPartnerzubje\")]"}
COMMAND: POST /session/e9436a53cdf5c0a1eee30ba36cb8cd5b/element - {"using":"xpath","value":"//span[contains(@id ,\"application-addressmanagement-display-component---detailAdm--addressDetailDetailsName1\")][contains(text(), \"WebdriverSite9bfbs\")]"}
RESULT: {"using":"xpath","value":"//span[contains(@id ,\"application-addressmanagement-display-component---detailAdm--addressDetailDetailsName1\")][contains(text(), \"WebdriverSite9bfbs\")]"}
COMMAND: POST /session/e9436a53cdf5c0a1eee30ba36cb8cd5b/element - {"using":"xpath","value":"//span[contains(@id ,\"title\")][contains(text(), \"WebdriverPartnerzubje\")]"}
RESULT: {"using":"xpath","value":"//span[contains(@id ,\"title\")][contains(text(), \"WebdriverPartnerzubje\")]"}
COMMAND: POST /session/e9436a53cdf5c0a1eee30ba36cb8cd5b/element - {"using":"xpath","value":"//span[contains(@id ,\"application-addressmanagement-display-component---detailAdm--addressDetailDetailsName1\")][contains(text(), \"WebdriverSite9bfbs\")]"}
RESULT: {"using":"xpath","value":"//span[contains(@id ,\"application-addressmanagement-display-component---detailAdm--addressDetailDetailsName1\")][contains(text(), \"WebdriverSite9bfbs\")]"}
COMMAND: POST /session/e9436a53cdf5c0a1eee30ba36cb8cd5b/element - {"using":"xpath","value":"//span[contains(@id ,\"title\")][contains(text(), \"WebdriverPartnerzubje\")]"}
RESULT: {"using":"xpath","value":"//span[contains(@id ,\"title\")][contains(text(), \"WebdriverPartnerzubje\")]"}
COMMAND: POST /session/e9436a53cdf5c0a1eee30ba36cb8cd5b/element - {"using":"xpath","value":"//span[contains(@id ,\"application-addressmanagement-display-component---detailAdm--addressDetailDetailsName1\")][contains(text(), \"WebdriverSite9bfbs\")]"}
RESULT: {"using":"xpath","value":"//span[contains(@id ,\"application-addressmanagement-display-component---detailAdm--addressDetailDetailsName1\")][contains(text(), \"WebdriverSite9bfbs\")]"}
COMMAND: POST /session/e9436a53cdf5c0a1eee30ba36cb8cd5b/element - {"using":"xpath","value":"//span[contains(@id ,\"title\")][contains(text(), \"WebdriverPartnerzubje\")]"}
RESULT: {"using":"xpath","value":"//span[contains(@id ,\"title\")][contains(text(), \"WebdriverPartnerzubje\")]"}
COMMAND: POST /session/e9436a53cdf5c0a1eee30ba36cb8cd5b/element - {"using":"xpath","value":"//span[contains(@id ,\"application-addressmanagement-display-component---detailAdm--addressDetailDetailsName1\")][contains(text(), \"WebdriverSite9bfbs\")]"}
RESULT: {"using":"xpath","value":"//span[contains(@id ,\"application-addressmanagement-display-component---detailAdm--addressDetailDetailsName1\")][contains(text(), \"WebdriverSite9bfbs\")]"}
COMMAND: POST /session/e9436a53cdf5c0a1eee30ba36cb8cd5b/element - {"using":"xpath","value":"//span[contains(@id ,\"title\")][contains(text(), \"WebdriverPartnerzubje\")]"}
RESULT: {"using":"xpath","value":"//span[contains(@id ,\"title\")][contains(text(), \"WebdriverPartnerzubje\")]"}
COMMAND: POST /session/e9436a53cdf5c0a1eee30ba36cb8cd5b/element - {"using":"xpath","value":"//span[contains(@id ,\"application-addressmanagement-display-component---detailAdm--addressDetailDetailsName1\")][contains(text(), \"WebdriverSite9bfbs\")]"}
RESULT: {"using":"xpath","value":"//span[contains(@id ,\"application-addressmanagement-display-component---detailAdm--addressDetailDetailsName1\")][contains(text(), \"WebdriverSite9bfbs\")]"}
COMMAND: POST /session/e9436a53cdf5c0a1eee30ba36cb8cd5b/element - {"using":"xpath","value":"//span[contains(@id ,\"title\")][contains(text(), \"WebdriverPartnerzubje\")]"}
RESULT: {"using":"xpath","value":"//span[contains(@id ,\"title\")][contains(text(), \"WebdriverPartnerzubje\")]"}
COMMAND: POST /session/e9436a53cdf5c0a1eee30ba36cb8cd5b/element - {"using":"xpath","value":"//span[contains(@id ,\"application-addressmanagement-display-component---detailAdm--addressDetailDetailsName1\")][contains(text(), \"WebdriverSite9bfbs\")]"}
RESULT: {"using":"xpath","value":"//span[contains(@id ,\"application-addressmanagement-display-component---detailAdm--addressDetailDetailsName1\")][contains(text(), \"WebdriverSite9bfbs\")]"}
COMMAND: POST /session/e9436a53cdf5c0a1eee30ba36cb8cd5b/element - {"using":"xpath","value":"//span[contains(@id ,\"title\")][contains(text(), \"WebdriverPartnerzubje\")]"}
RESULT: {"using":"xpath","value":"//span[contains(@id ,\"title\")][contains(text(), \"WebdriverPartnerzubje\")]"}
COMMAND: POST /session/e9436a53cdf5c0a1eee30ba36cb8cd5b/element - {"using":"xpath","value":"//span[contains(@id ,\"application-addressmanagement-display-component---detailAdm--addressDetailDetailsName1\")][contains(text(), \"WebdriverSite9bfbs\")]"}
RESULT: {"using":"xpath","value":"//span[contains(@id ,\"application-addressmanagement-display-component---detailAdm--addressDetailDetailsName1\")][contains(text(), \"WebdriverSite9bfbs\")]"}
COMMAND: POST /session/e9436a53cdf5c0a1eee30ba36cb8cd5b/element - {"using":"xpath","value":"//span[contains(@id ,\"title\")][contains(text(), \"WebdriverPartnerzubje\")]"}
RESULT: {"using":"xpath","value":"//span[contains(@id ,\"title\")][contains(text(), \"WebdriverPartnerzubje\")]"}
COMMAND: POST /session/e9436a53cdf5c0a1eee30ba36cb8cd5b/element - {"using":"xpath","value":"//span[contains(@id ,\"application-addressmanagement-display-component---detailAdm--addressDetailDetailsName1\")][contains(text(), \"WebdriverSite9bfbs\")]"}
RESULT: {"using":"xpath","value":"//span[contains(@id ,\"application-addressmanagement-display-component---detailAdm--addressDetailDetailsName1\")][contains(text(), \"WebdriverSite9bfbs\")]"}
COMMAND: POST /session/e9436a53cdf5c0a1eee30ba36cb8cd5b/element - {"using":"xpath","value":"//span[contains(@id ,\"title\")][contains(text(), \"WebdriverPartnerzubje\")]"}
RESULT: {"using":"xpath","value":"//span[contains(@id ,\"title\")][contains(text(), \"WebdriverPartnerzubje\")]"}
COMMAND: POST /session/e9436a53cdf5c0a1eee30ba36cb8cd5b/element - {"using":"xpath","value":"//span[contains(@id ,\"application-addressmanagement-display-component---detailAdm--addressDetailDetailsName1\")][contains(text(), \"WebdriverSite9bfbs\")]"}
RESULT: {"using":"xpath","value":"//span[contains(@id ,\"application-addressmanagement-display-component---detailAdm--addressDetailDetailsName1\")][contains(text(), \"WebdriverSite9bfbs\")]"}
COMMAND: POST /session/e9436a53cdf5c0a1eee30ba36cb8cd5b/element - {"using":"xpath","value":"//span[contains(@id ,\"title\")][contains(text(), \"WebdriverPartnerzubje\")]"}
RESULT: {"using":"xpath","value":"//span[contains(@id ,\"title\")][contains(text(), \"WebdriverPartnerzubje\")]"}
COMMAND: POST /session/e9436a53cdf5c0a1eee30ba36cb8cd5b/element - {"using":"xpath","value":"//span[contains(@id ,\"application-addressmanagement-display-component---detailAdm--addressDetailDetailsName1\")][contains(text(), \"WebdriverSite9bfbs\")]"}
RESULT: {"using":"xpath","value":"//span[contains(@id ,\"application-addressmanagement-display-component---detailAdm--addressDetailDetailsName1\")][contains(text(), \"WebdriverSite9bfbs\")]"}
COMMAND: POST /session/e9436a53cdf5c0a1eee30ba36cb8cd5b/element - {"using":"xpath","value":"//span[contains(@id ,\"title\")][contains(text(), \"WebdriverPartnerzubje\")]"}
RESULT: {"using":"xpath","value":"//span[contains(@id ,\"title\")][contains(text(), \"WebdriverPartnerzubje\")]"}
COMMAND: POST /session/e9436a53cdf5c0a1eee30ba36cb8cd5b/element - {"using":"xpath","value":"//span[contains(@id ,\"application-addressmanagement-display-component---detailAdm--addressDetailDetailsName1\")][contains(text(), \"WebdriverSite9bfbs\")]"}
COMMAND: POST /session/e9436a53cdf5c0a1eee30ba36cb8cd5b/execute/sync - {"script":"<script> [8489 bytes]","args":[{"element-6066-11e4-a52e-4f735466cecf":"f.BBFDC0F1250B5963FA96F3FBE9DA08E0.d.56459731AF28D44FC7145AF60DEC65DB.e.6273","ELEMENT":"f.BBFDC0F1250B5963FA96F3FBE9DA08E0.d.56459731AF28D44FC7145AF60DEC65DB.e.6273"}]}
RESULT: {"using":"xpath","value":"//span[contains(@id ,\"application-addressmanagement-display-component---detailAdm--addressDetailDetailsName1\")][contains(text(), \"WebdriverSite9bfbs\")]"}
COMMAND: POST /session/e9436a53cdf5c0a1eee30ba36cb8cd5b/element - {"using":"xpath","value":"//*[contains(@data-kt ,\"webshopDetailCustomerLink\")]"}
RESULT: {"using":"xpath","value":"//*[contains(@data-kt ,\"webshopDetailCustomerLink\")]"}
COMMAND: POST /session/e9436a53cdf5c0a1eee30ba36cb8cd5b/execute/sync - {"script":"<script> [8489 bytes]","args":[{"element-6066-11e4-a52e-4f735466cecf":"f.BBFDC0F1250B5963FA96F3FBE9DA08E0.d.56459731AF28D44FC7145AF60DEC65DB.e.6695","ELEMENT":"f.BBFDC0F1250B5963FA96F3FBE9DA08E0.d.56459731AF28D44FC7145AF60DEC65DB.e.6695"}]}
RESULT: {"script":"<script> [8489 bytes]","args":[{"element-6066-11e4-a52e-4f735466cecf":"f.BBFDC0F1250B5963FA96F3FBE9DA08E0.d.56459731AF28D44FC7145AF60DEC65DB.e.6695","ELEMENT":"f.BBFDC0F1250B5963FA96F3FBE9DA08E0.d.56459731AF28D44FC7145AF60DEC65DB.e.6695"}]}
COMMAND: POST /session/e9436a53cdf5c0a1eee30ba36cb8cd5b/execute/sync - {"script":"<script> [5351 bytes]","args":[{"element-6066-11e4-a52e-4f735466cecf":"f.BBFDC0F1250B5963FA96F3FBE9DA08E0.d.56459731AF28D44FC7145AF60DEC65DB.e.6695","ELEMENT":"f.BBFDC0F1250B5963FA96F3FBE9DA08E0.d.56459731AF28D44FC7145AF60DEC65DB.e.6695"}]}
COMMAND: GET /session/e9436a53cdf5c0a1eee30ba36cb8cd5b/screenshot - {}
COMMAND: POST /session/e9436a53cdf5c0a1eee30ba36cb8cd5b/element - {"using":"xpath","value":"//span[contains(@id ,\"title\")][contains(text(), \"WebdriverPartnerzubje\")]"}
RESULT: {"script":"<script> [5351 bytes]","args":[{"element-6066-11e4-a52e-4f735466cecf":"f.BBFDC0F1250B5963FA96F3FBE9DA08E0.d.56459731AF28D44FC7145AF60DEC65DB.e.6695","ELEMENT":"f.BBFDC0F1250B5963FA96F3FBE9DA08E0.d.56459731AF28D44FC7145AF60DEC65DB.e.6695"}]}
COMMAND: POST /session/e9436a53cdf5c0a1eee30ba36cb8cd5b/element - {"using":"xpath","value":"//*[contains(@data-kt ,\"webshopDetailCustomerLink\")]"}
COMMAND: GET /session/e9436a53cdf5c0a1eee30ba36cb8cd5b/screenshot - {}
RESULT: {}
RESULT: {"using":"xpath","value":"//span[contains(@id ,\"title\")][contains(text(), \"WebdriverPartnerzubje\")]"}
RESULT: {"using":"xpath","value":"//*[contains(@data-kt ,\"webshopDetailCustomerLink\")]"}
COMMAND: POST /session/e9436a53cdf5c0a1eee30ba36cb8cd5b/element/f.BBFDC0F1250B5963FA96F3FBE9DA08E0.d.56459731AF28D44FC7145AF60DEC65DB.e.6695/click - {}
COMMAND: POST /session/e9436a53cdf5c0a1eee30ba36cb8cd5b/element - {"using":"xpath","value":"//span[contains(@id ,\"application-addressmanagement-display-component---detailAdm--addressDetailDetailsName1\")][contains(text(), \"WebdriverSite9bfbs\")]"}
RESULT: {}
RESULT: {}
COMMAND: GET /session/e9436a53cdf5c0a1eee30ba36cb8cd5b/screenshot - {}
RESULT: {"using":"xpath","value":"//span[contains(@id ,\"application-addressmanagement-display-component---detailAdm--addressDetailDetailsName1\")][contains(text(), \"WebdriverSite9bfbs\")]"}
COMMAND: POST /session/e9436a53cdf5c0a1eee30ba36cb8cd5b/element - {"using":"xpath","value":"//span[contains(@id ,\"title\")][contains(text(), \"WebdriverPartnerzubje\")]"}
RESULT: {}
RESULT: {"using":"xpath","value":"//span[contains(@id ,\"title\")][contains(text(), \"WebdriverPartnerzubje\")]"}
COMMAND: POST /session/e9436a53cdf5c0a1eee30ba36cb8cd5b/execute/sync - {"script":"<script> [8489 bytes]","args":[{"element-6066-11e4-a52e-4f735466cecf":"f.BBFDC0F1250B5963FA96F3FBE9DA08E0.d.56459731AF28D44FC7145AF60DEC65DB.e.6698","ELEMENT":"f.BBFDC0F1250B5963FA96F3FBE9DA08E0.d.56459731AF28D44FC7145AF60DEC65DB.e.6698"}]}
RESULT: {"script":"<script> [8489 bytes]","args":[{"element-6066-11e4-a52e-4f735466cecf":"f.BBFDC0F1250B5963FA96F3FBE9DA08E0.d.56459731AF28D44FC7145AF60DEC65DB.e.6698","ELEMENT":"f.BBFDC0F1250B5963FA96F3FBE9DA08E0.d.56459731AF28D44FC7145AF60DEC65DB.e.6698"}]}
COMMAND: GET /session/e9436a53cdf5c0a1eee30ba36cb8cd5b/screenshot - {}
RESULT: {}
COMMAND: POST /session/e9436a53cdf5c0a1eee30ba36cb8cd5b/element - {"using":"xpath","value":"//span[contains(@id ,\"application-addressmanagement-display-component---detailAdm--addressDetailDetailsName1\")][contains(text(), \"WebdriverSite9bfbs\")]"}
RESULT: {"using":"xpath","value":"//span[contains(@id ,\"application-addressmanagement-display-component---detailAdm--addressDetailDetailsName1\")][contains(text(), \"WebdriverSite9bfbs\")]"}
COMMAND: POST /session/e9436a53cdf5c0a1eee30ba36cb8cd5b/element - {"using":"xpath","value":"//span[contains(@id ,\"application-addressmanagement-display-component---detailAdm--addressDetailDetailsName1\")][contains(text(), \"WebdriverSite9bfbs\")]"}
RESULT: {"using":"xpath","value":"//span[contains(@id ,\"application-addressmanagement-display-component---detailAdm--addressDetailDetailsName1\")][contains(text(), \"WebdriverSite9bfbs\")]"}
COMMAND: POST /session/e9436a53cdf5c0a1eee30ba36cb8cd5b/element - {"using":"xpath","value":"//span[contains(@id ,\"application-addressmanagement-display-component---detailAdm--addressDetailDetailsName1\")][contains(text(), \"WebdriverSite9bfbs\")]"}
RESULT: {"using":"xpath","value":"//span[contains(@id ,\"application-addressmanagement-display-component---detailAdm--addressDetailDetailsName1\")][contains(text(), \"WebdriverSite9bfbs\")]"}
COMMAND: POST /session/e9436a53cdf5c0a1eee30ba36cb8cd5b/element - {"using":"xpath","value":"//button[contains(@data-kt ,\"ContextMenuExternalId2Link\")]"}
RESULT: {"using":"xpath","value":"//button[contains(@data-kt ,\"ContextMenuExternalId2Link\")]"}
COMMAND: POST /session/e9436a53cdf5c0a1eee30ba36cb8cd5b/element/f.BBFDC0F1250B5963FA96F3FBE9DA08E0.d.56459731AF28D44FC7145AF60DEC65DB.e.6697/click - {}
COMMAND: POST /session/e9436a53cdf5c0a1eee30ba36cb8cd5b/element - {"using":"xpath","value":"//span[contains(@id ,\"application-addressmanagement-display-component---detailAdm--addressDetailDetailsName1\")][contains(text(), \"WebdriverSite9bfbs\")]"}
RESULT: {}
COMMAND: GET /session/e9436a53cdf5c0a1eee30ba36cb8cd5b/screenshot - {}
RESULT: {"using":"xpath","value":"//span[contains(@id ,\"application-addressmanagement-display-component---detailAdm--addressDetailDetailsName1\")][contains(text(), \"WebdriverSite9bfbs\")]"}
COMMAND: POST /session/e9436a53cdf5c0a1eee30ba36cb8cd5b/element - {"using":"xpath","value":"//span[contains(@id ,\"application-addressmanagement-display-component---detailAdm--addressDetailDetailsName1\")][contains(text(), \"WebdriverSite9bfbs\")]"}
RESULT: {}
RESULT: {"using":"xpath","value":"//span[contains(@id ,\"application-addressmanagement-display-component---detailAdm--addressDetailDetailsName1\")][contains(text(), \"WebdriverSite9bfbs\")]"}
COMMAND: GET /session/e9436a53cdf5c0a1eee30ba36cb8cd5b/window/handles - {}
RESULT: {}
COMMAND: POST /session/e9436a53cdf5c0a1eee30ba36cb8cd5b/window - {"handle":"CFC646E1433775A532B93A6F68AE8985"}
RESULT: {"handle":"CFC646E1433775A532B93A6F68AE8985"}
COMMAND: GET /session/e9436a53cdf5c0a1eee30ba36cb8cd5b/url - {}
RESULT: {}
COMMAND: GET /session/e9436a53cdf5c0a1eee30ba36cb8cd5b/screenshot - {}
RESULT: {}
COMMAND: POST /session/e9436a53cdf5c0a1eee30ba36cb8cd5b/execute/sync - {"script":"<script> [8489 bytes]","args":[{"element-6066-11e4-a52e-4f735466cecf":"f.BBFDC0F1250B5963FA96F3FBE9DA08E0.d.56459731AF28D44FC7145AF60DEC65DB.e.6698","ELEMENT":"f.BBFDC0F1250B5963FA96F3FBE9DA08E0.d.56459731AF28D44FC7145AF60DEC65DB.e.6698"}]}
COMMAND: DELETE /session/e9436a53cdf5c0a1eee30ba36cb8cd5b/window - {}
RESULT: {}
COMMAND: POST /session/e9436a53cdf5c0a1eee30ba36cb8cd5b/window - {"handle":"BBFDC0F1250B5963FA96F3FBE9DA08E0"}
RESULT: {"handle":"BBFDC0F1250B5963FA96F3FBE9DA08E0"}
COMMAND: GET /session/e9436a53cdf5c0a1eee30ba36cb8cd5b/url - {}
RESULT: {"script":"<script> [8489 bytes]","args":[{"element-6066-11e4-a52e-4f735466cecf":"f.BBFDC0F1250B5963FA96F3FBE9DA08E0.d.56459731AF28D44FC7145AF60DEC65DB.e.6698","ELEMENT":"f.BBFDC0F1250B5963FA96F3FBE9DA08E0.d.56459731AF28D44FC7145AF60DEC65DB.e.6698"}]}
COMMAND: GET /session/e9436a53cdf5c0a1eee30ba36cb8cd5b/screenshot - {}
RESULT: {}
COMMAND: GET /session/e9436a53cdf5c0a1eee30ba36cb8cd5b/screenshot - {}
RESULT: {}
RESULT: {}
]]></system-out>
    </testcase>
    <testcase classname="chrome.136_0_7103_93.windows.Webshop_-_Hyperlinks_visible_and_working_properly__US139085" name="Should verify the contract and catalog item hyperlinks" time="103.986">
      <system-out><![CDATA[
COMMAND: POST /session/e9436a53cdf5c0a1eee30ba36cb8cd5b/element - {"using":"xpath","value":"//*[contains(@data-kt ,\"webshopDetailContractLink\")]"}
RESULT: {"using":"xpath","value":"//*[contains(@data-kt ,\"webshopDetailContractLink\")]"}
COMMAND: POST /session/e9436a53cdf5c0a1eee30ba36cb8cd5b/execute/sync - {"script":"<script> [8489 bytes]","args":[{"element-6066-11e4-a52e-4f735466cecf":"f.BBFDC0F1250B5963FA96F3FBE9DA08E0.d.56459731AF28D44FC7145AF60DEC65DB.e.6845","ELEMENT":"f.BBFDC0F1250B5963FA96F3FBE9DA08E0.d.56459731AF28D44FC7145AF60DEC65DB.e.6845"}]}
RESULT: {"script":"<script> [8489 bytes]","args":[{"element-6066-11e4-a52e-4f735466cecf":"f.BBFDC0F1250B5963FA96F3FBE9DA08E0.d.56459731AF28D44FC7145AF60DEC65DB.e.6845","ELEMENT":"f.BBFDC0F1250B5963FA96F3FBE9DA08E0.d.56459731AF28D44FC7145AF60DEC65DB.e.6845"}]}
COMMAND: POST /session/e9436a53cdf5c0a1eee30ba36cb8cd5b/execute/sync - {"script":"<script> [5351 bytes]","args":[{"element-6066-11e4-a52e-4f735466cecf":"f.BBFDC0F1250B5963FA96F3FBE9DA08E0.d.56459731AF28D44FC7145AF60DEC65DB.e.6845","ELEMENT":"f.BBFDC0F1250B5963FA96F3FBE9DA08E0.d.56459731AF28D44FC7145AF60DEC65DB.e.6845"}]}
COMMAND: GET /session/e9436a53cdf5c0a1eee30ba36cb8cd5b/screenshot - {}
RESULT: {"script":"<script> [5351 bytes]","args":[{"element-6066-11e4-a52e-4f735466cecf":"f.BBFDC0F1250B5963FA96F3FBE9DA08E0.d.56459731AF28D44FC7145AF60DEC65DB.e.6845","ELEMENT":"f.BBFDC0F1250B5963FA96F3FBE9DA08E0.d.56459731AF28D44FC7145AF60DEC65DB.e.6845"}]}
COMMAND: POST /session/e9436a53cdf5c0a1eee30ba36cb8cd5b/element - {"using":"xpath","value":"//*[contains(@data-kt ,\"webshopDetailContractLink\")]"}
COMMAND: GET /session/e9436a53cdf5c0a1eee30ba36cb8cd5b/screenshot - {}
RESULT: {}
RESULT: {"using":"xpath","value":"//*[contains(@data-kt ,\"webshopDetailContractLink\")]"}
COMMAND: POST /session/e9436a53cdf5c0a1eee30ba36cb8cd5b/element/f.BBFDC0F1250B5963FA96F3FBE9DA08E0.d.56459731AF28D44FC7145AF60DEC65DB.e.6845/click - {}
RESULT: {}
RESULT: {}
COMMAND: GET /session/e9436a53cdf5c0a1eee30ba36cb8cd5b/screenshot - {}
RESULT: {}
COMMAND: POST /session/e9436a53cdf5c0a1eee30ba36cb8cd5b/element - {"using":"xpath","value":"//*[contains(@data-kt ,\"ContextMenuId2Link\")][contains(text(), \"Contract Overview\")]"}
RESULT: {"using":"xpath","value":"//*[contains(@data-kt ,\"ContextMenuId2Link\")][contains(text(), \"Contract Overview\")]"}
COMMAND: POST /session/e9436a53cdf5c0a1eee30ba36cb8cd5b/execute/sync - {"script":"<script> [8489 bytes]","args":[{"element-6066-11e4-a52e-4f735466cecf":"f.BBFDC0F1250B5963FA96F3FBE9DA08E0.d.56459731AF28D44FC7145AF60DEC65DB.e.6847","ELEMENT":"f.BBFDC0F1250B5963FA96F3FBE9DA08E0.d.56459731AF28D44FC7145AF60DEC65DB.e.6847"}]}
COMMAND: POST /session/e9436a53cdf5c0a1eee30ba36cb8cd5b/element - {"using":"xpath","value":"//*[contains(@data-kt ,\"ContextMenuId2Link\")][contains(text(), \"Contract Overview\")]"}
RESULT: {"using":"xpath","value":"//*[contains(@data-kt ,\"ContextMenuId2Link\")][contains(text(), \"Contract Overview\")]"}
COMMAND: POST /session/e9436a53cdf5c0a1eee30ba36cb8cd5b/element/f.BBFDC0F1250B5963FA96F3FBE9DA08E0.d.56459731AF28D44FC7145AF60DEC65DB.e.6847/click - {}
RESULT: {"script":"<script> [8489 bytes]","args":[{"element-6066-11e4-a52e-4f735466cecf":"f.BBFDC0F1250B5963FA96F3FBE9DA08E0.d.56459731AF28D44FC7145AF60DEC65DB.e.6847","ELEMENT":"f.BBFDC0F1250B5963FA96F3FBE9DA08E0.d.56459731AF28D44FC7145AF60DEC65DB.e.6847"}]}
COMMAND: GET /session/e9436a53cdf5c0a1eee30ba36cb8cd5b/screenshot - {}
RESULT: {}
COMMAND: GET /session/e9436a53cdf5c0a1eee30ba36cb8cd5b/screenshot - {}
RESULT: {}
RESULT: {}
RESULT: undefined
COMMAND: POST /session/e9436a53cdf5c0a1eee30ba36cb8cd5b/execute/async - {"script":"<script> [6424 bytes]","args":[{"element-6066-11e4-a52e-4f735466cecf":"f.BBFDC0F1250B5963FA96F3FBE9DA08E0.d.56459731AF28D44FC7145AF60DEC65DB.e.3157"},"getTitle",[]]}
COMMAND: POST /session/e9436a53cdf5c0a1eee30ba36cb8cd5b/execute/async - {"script":"<script> [1562 bytes]","args":[{"selector":{"id":"shellAppTitle"},"wdio_ui5_key":"shellAppTitle"}]}
RESULT: {"script":"<script> [1562 bytes]","args":[{"selector":{"id":"shellAppTitle"},"wdio_ui5_key":"shellAppTitle"}]}
COMMAND: POST /session/e9436a53cdf5c0a1eee30ba36cb8cd5b/execute/async - {"script":"<script> [6424 bytes]","args":[{"element-6066-11e4-a52e-4f735466cecf":"f.BBFDC0F1250B5963FA96F3FBE9DA08E0.d.56459731AF28D44FC7145AF60DEC65DB.e.7043"},"getTitle",[]]}
RESULT: {"script":"<script> [6424 bytes]","args":[{"element-6066-11e4-a52e-4f735466cecf":"f.BBFDC0F1250B5963FA96F3FBE9DA08E0.d.56459731AF28D44FC7145AF60DEC65DB.e.7043"},"getTitle",[]]}
COMMAND: POST /session/e9436a53cdf5c0a1eee30ba36cb8cd5b/element - {"using":"xpath","value":"//span[contains(@id ,\"contractDetailTitleNoExpanded\")][contains(text(), \"10504\")]"}
RESULT: {"using":"xpath","value":"//span[contains(@id ,\"contractDetailTitleNoExpanded\")][contains(text(), \"10504\")]"}
COMMAND: POST /session/e9436a53cdf5c0a1eee30ba36cb8cd5b/execute/sync - {"script":"<script> [8489 bytes]","args":[{"element-6066-11e4-a52e-4f735466cecf":"f.BBFDC0F1250B5963FA96F3FBE9DA08E0.d.56459731AF28D44FC7145AF60DEC65DB.e.7044","ELEMENT":"f.BBFDC0F1250B5963FA96F3FBE9DA08E0.d.56459731AF28D44FC7145AF60DEC65DB.e.7044"}]}
RESULT: undefined
COMMAND: POST /session/e9436a53cdf5c0a1eee30ba36cb8cd5b/element - {"using":"xpath","value":"//*[@id=\"backBtn\"]"}
RESULT: {"script":"<script> [8489 bytes]","args":[{"element-6066-11e4-a52e-4f735466cecf":"f.BBFDC0F1250B5963FA96F3FBE9DA08E0.d.56459731AF28D44FC7145AF60DEC65DB.e.7044","ELEMENT":"f.BBFDC0F1250B5963FA96F3FBE9DA08E0.d.56459731AF28D44FC7145AF60DEC65DB.e.7044"}]}
COMMAND: GET /session/e9436a53cdf5c0a1eee30ba36cb8cd5b/screenshot - {}
RESULT: {"using":"xpath","value":"//*[@id=\"backBtn\"]"}
COMMAND: POST /session/e9436a53cdf5c0a1eee30ba36cb8cd5b/element/f.BBFDC0F1250B5963FA96F3FBE9DA08E0.d.56459731AF28D44FC7145AF60DEC65DB.e.3159/click - {}
RESULT: {}
RESULT: {}
COMMAND: GET /session/e9436a53cdf5c0a1eee30ba36cb8cd5b/screenshot - {}
RESULT: {}
COMMAND: POST /session/e9436a53cdf5c0a1eee30ba36cb8cd5b/execute/sync - {"script":"<script> [8489 bytes]","args":[{"element-6066-11e4-a52e-4f735466cecf":"f.BBFDC0F1250B5963FA96F3FBE9DA08E0.d.56459731AF28D44FC7145AF60DEC65DB.e.6845","ELEMENT":"f.BBFDC0F1250B5963FA96F3FBE9DA08E0.d.56459731AF28D44FC7145AF60DEC65DB.e.6845"}]}
COMMAND: POST /session/e9436a53cdf5c0a1eee30ba36cb8cd5b/element - {"using":"xpath","value":"//*[contains(@data-kt ,\"webshopDetailContractLink\")]"}
RESULT: {"using":"xpath","value":"//*[contains(@data-kt ,\"webshopDetailContractLink\")]"}
COMMAND: POST /session/e9436a53cdf5c0a1eee30ba36cb8cd5b/execute/sync - {"script":"<script> [8489 bytes]","args":[{"element-6066-11e4-a52e-4f735466cecf":"f.BBFDC0F1250B5963FA96F3FBE9DA08E0.d.56459731AF28D44FC7145AF60DEC65DB.e.7200","ELEMENT":"f.BBFDC0F1250B5963FA96F3FBE9DA08E0.d.56459731AF28D44FC7145AF60DEC65DB.e.7200"}]}
RESULT: {"script":"<script> [8489 bytes]","args":[{"element-6066-11e4-a52e-4f735466cecf":"f.BBFDC0F1250B5963FA96F3FBE9DA08E0.d.56459731AF28D44FC7145AF60DEC65DB.e.7200","ELEMENT":"f.BBFDC0F1250B5963FA96F3FBE9DA08E0.d.56459731AF28D44FC7145AF60DEC65DB.e.7200"}]}
COMMAND: POST /session/e9436a53cdf5c0a1eee30ba36cb8cd5b/execute/sync - {"script":"<script> [5351 bytes]","args":[{"element-6066-11e4-a52e-4f735466cecf":"f.BBFDC0F1250B5963FA96F3FBE9DA08E0.d.56459731AF28D44FC7145AF60DEC65DB.e.7200","ELEMENT":"f.BBFDC0F1250B5963FA96F3FBE9DA08E0.d.56459731AF28D44FC7145AF60DEC65DB.e.7200"}]}
COMMAND: GET /session/e9436a53cdf5c0a1eee30ba36cb8cd5b/screenshot - {}
RESULT: {"script":"<script> [5351 bytes]","args":[{"element-6066-11e4-a52e-4f735466cecf":"f.BBFDC0F1250B5963FA96F3FBE9DA08E0.d.56459731AF28D44FC7145AF60DEC65DB.e.7200","ELEMENT":"f.BBFDC0F1250B5963FA96F3FBE9DA08E0.d.56459731AF28D44FC7145AF60DEC65DB.e.7200"}]}
COMMAND: POST /session/e9436a53cdf5c0a1eee30ba36cb8cd5b/element - {"using":"xpath","value":"//*[contains(@data-kt ,\"webshopDetailContractLink\")]"}
COMMAND: GET /session/e9436a53cdf5c0a1eee30ba36cb8cd5b/screenshot - {}
RESULT: {}
RESULT: {"using":"xpath","value":"//*[contains(@data-kt ,\"webshopDetailContractLink\")]"}
COMMAND: POST /session/e9436a53cdf5c0a1eee30ba36cb8cd5b/element/f.BBFDC0F1250B5963FA96F3FBE9DA08E0.d.56459731AF28D44FC7145AF60DEC65DB.e.7200/click - {}
RESULT: {}
RESULT: {}
COMMAND: GET /session/e9436a53cdf5c0a1eee30ba36cb8cd5b/screenshot - {}
RESULT: {}
COMMAND: POST /session/e9436a53cdf5c0a1eee30ba36cb8cd5b/element - {"using":"xpath","value":"//button[contains(@data-kt ,\"ContextMenuExternalId2Link\")]"}
RESULT: {"using":"xpath","value":"//button[contains(@data-kt ,\"ContextMenuExternalId2Link\")]"}
COMMAND: POST /session/e9436a53cdf5c0a1eee30ba36cb8cd5b/element/f.BBFDC0F1250B5963FA96F3FBE9DA08E0.d.56459731AF28D44FC7145AF60DEC65DB.e.7201/click - {}
RESULT: {}
COMMAND: GET /session/e9436a53cdf5c0a1eee30ba36cb8cd5b/screenshot - {}
RESULT: {}
COMMAND: GET /session/e9436a53cdf5c0a1eee30ba36cb8cd5b/window/handles - {}
RESULT: {}
COMMAND: POST /session/e9436a53cdf5c0a1eee30ba36cb8cd5b/window - {"handle":"ED1BF195C7155E4BDB457CF872EDF0F7"}
RESULT: {"handle":"ED1BF195C7155E4BDB457CF872EDF0F7"}
COMMAND: GET /session/e9436a53cdf5c0a1eee30ba36cb8cd5b/url - {}
RESULT: {}
COMMAND: GET /session/e9436a53cdf5c0a1eee30ba36cb8cd5b/screenshot - {}
RESULT: {}
COMMAND: POST /session/e9436a53cdf5c0a1eee30ba36cb8cd5b/execute/sync - {"script":"<script> [8489 bytes]","args":[{"element-6066-11e4-a52e-4f735466cecf":"f.BBFDC0F1250B5963FA96F3FBE9DA08E0.d.56459731AF28D44FC7145AF60DEC65DB.e.7044","ELEMENT":"f.BBFDC0F1250B5963FA96F3FBE9DA08E0.d.56459731AF28D44FC7145AF60DEC65DB.e.7044"}]}
COMMAND: DELETE /session/e9436a53cdf5c0a1eee30ba36cb8cd5b/window - {}
RESULT: {}
COMMAND: POST /session/e9436a53cdf5c0a1eee30ba36cb8cd5b/window - {"handle":"BBFDC0F1250B5963FA96F3FBE9DA08E0"}
RESULT: {"handle":"BBFDC0F1250B5963FA96F3FBE9DA08E0"}
COMMAND: GET /session/e9436a53cdf5c0a1eee30ba36cb8cd5b/url - {}
COMMAND: POST /session/e9436a53cdf5c0a1eee30ba36cb8cd5b/element - {"using":"xpath","value":"//span[contains(@id ,\"contractDetailTitleNoExpanded\")][contains(text(), \"10504\")]"}
RESULT: {}
COMMAND: GET /session/e9436a53cdf5c0a1eee30ba36cb8cd5b/screenshot - {}
RESULT: {"using":"xpath","value":"//span[contains(@id ,\"contractDetailTitleNoExpanded\")][contains(text(), \"10504\")]"}
COMMAND: POST /session/e9436a53cdf5c0a1eee30ba36cb8cd5b/element - {"using":"xpath","value":"//span[contains(@id ,\"contractDetailTitleNoExpanded\")][contains(text(), \"10504\")]"}
RESULT: {}
RESULT: {"using":"xpath","value":"//span[contains(@id ,\"contractDetailTitleNoExpanded\")][contains(text(), \"10504\")]"}
COMMAND: POST /session/e9436a53cdf5c0a1eee30ba36cb8cd5b/element - {"using":"xpath","value":"//span[contains(@id ,\"contractDetailTitleNoExpanded\")][contains(text(), \"10504\")]"}
RESULT: {"using":"xpath","value":"//span[contains(@id ,\"contractDetailTitleNoExpanded\")][contains(text(), \"10504\")]"}
COMMAND: POST /session/e9436a53cdf5c0a1eee30ba36cb8cd5b/element - {"using":"xpath","value":"//span[contains(@id ,\"contractDetailTitleNoExpanded\")][contains(text(), \"10504\")]"}
RESULT: {"using":"xpath","value":"//span[contains(@id ,\"contractDetailTitleNoExpanded\")][contains(text(), \"10504\")]"}
COMMAND: POST /session/e9436a53cdf5c0a1eee30ba36cb8cd5b/element - {"using":"xpath","value":"//span[contains(@id ,\"contractDetailTitleNoExpanded\")][contains(text(), \"10504\")]"}
RESULT: {"using":"xpath","value":"//span[contains(@id ,\"contractDetailTitleNoExpanded\")][contains(text(), \"10504\")]"}
COMMAND: POST /session/e9436a53cdf5c0a1eee30ba36cb8cd5b/element - {"using":"xpath","value":"//span[contains(@id ,\"contractDetailTitleNoExpanded\")][contains(text(), \"10504\")]"}
RESULT: {"using":"xpath","value":"//span[contains(@id ,\"contractDetailTitleNoExpanded\")][contains(text(), \"10504\")]"}
COMMAND: POST /session/e9436a53cdf5c0a1eee30ba36cb8cd5b/element - {"using":"xpath","value":"//span[contains(@id ,\"contractDetailTitleNoExpanded\")][contains(text(), \"10504\")]"}
RESULT: {"using":"xpath","value":"//span[contains(@id ,\"contractDetailTitleNoExpanded\")][contains(text(), \"10504\")]"}
COMMAND: POST /session/e9436a53cdf5c0a1eee30ba36cb8cd5b/element - {"using":"xpath","value":"//span[contains(@id ,\"contractDetailTitleNoExpanded\")][contains(text(), \"10504\")]"}
RESULT: {"using":"xpath","value":"//span[contains(@id ,\"contractDetailTitleNoExpanded\")][contains(text(), \"10504\")]"}
COMMAND: POST /session/e9436a53cdf5c0a1eee30ba36cb8cd5b/element - {"using":"xpath","value":"//span[contains(@id ,\"contractDetailTitleNoExpanded\")][contains(text(), \"10504\")]"}
RESULT: {"using":"xpath","value":"//span[contains(@id ,\"contractDetailTitleNoExpanded\")][contains(text(), \"10504\")]"}
COMMAND: POST /session/e9436a53cdf5c0a1eee30ba36cb8cd5b/element - {"using":"xpath","value":"//span[contains(@id ,\"contractDetailTitleNoExpanded\")][contains(text(), \"10504\")]"}
RESULT: {"using":"xpath","value":"//span[contains(@id ,\"contractDetailTitleNoExpanded\")][contains(text(), \"10504\")]"}
COMMAND: POST /session/e9436a53cdf5c0a1eee30ba36cb8cd5b/element - {"using":"xpath","value":"//span[contains(@id ,\"contractDetailTitleNoExpanded\")][contains(text(), \"10504\")]"}
COMMAND: POST /session/e9436a53cdf5c0a1eee30ba36cb8cd5b/element - {"using":"xpath","value":"//*[contains(@data-kt ,\"webshopDetailCatalogItemLink\")]"}
RESULT: {"using":"xpath","value":"//span[contains(@id ,\"contractDetailTitleNoExpanded\")][contains(text(), \"10504\")]"}
RESULT: {"using":"xpath","value":"//*[contains(@data-kt ,\"webshopDetailCatalogItemLink\")]"}
COMMAND: POST /session/e9436a53cdf5c0a1eee30ba36cb8cd5b/execute/sync - {"script":"<script> [8489 bytes]","args":[{"element-6066-11e4-a52e-4f735466cecf":"f.BBFDC0F1250B5963FA96F3FBE9DA08E0.d.56459731AF28D44FC7145AF60DEC65DB.e.7361","ELEMENT":"f.BBFDC0F1250B5963FA96F3FBE9DA08E0.d.56459731AF28D44FC7145AF60DEC65DB.e.7361"}]}
RESULT: {"script":"<script> [8489 bytes]","args":[{"element-6066-11e4-a52e-4f735466cecf":"f.BBFDC0F1250B5963FA96F3FBE9DA08E0.d.56459731AF28D44FC7145AF60DEC65DB.e.7361","ELEMENT":"f.BBFDC0F1250B5963FA96F3FBE9DA08E0.d.56459731AF28D44FC7145AF60DEC65DB.e.7361"}]}
COMMAND: POST /session/e9436a53cdf5c0a1eee30ba36cb8cd5b/execute/sync - {"script":"<script> [5351 bytes]","args":[{"element-6066-11e4-a52e-4f735466cecf":"f.BBFDC0F1250B5963FA96F3FBE9DA08E0.d.56459731AF28D44FC7145AF60DEC65DB.e.7361","ELEMENT":"f.BBFDC0F1250B5963FA96F3FBE9DA08E0.d.56459731AF28D44FC7145AF60DEC65DB.e.7361"}]}
COMMAND: GET /session/e9436a53cdf5c0a1eee30ba36cb8cd5b/screenshot - {}
RESULT: {"script":"<script> [5351 bytes]","args":[{"element-6066-11e4-a52e-4f735466cecf":"f.BBFDC0F1250B5963FA96F3FBE9DA08E0.d.56459731AF28D44FC7145AF60DEC65DB.e.7361","ELEMENT":"f.BBFDC0F1250B5963FA96F3FBE9DA08E0.d.56459731AF28D44FC7145AF60DEC65DB.e.7361"}]}
COMMAND: POST /session/e9436a53cdf5c0a1eee30ba36cb8cd5b/element - {"using":"xpath","value":"//*[contains(@data-kt ,\"webshopDetailCatalogItemLink\")]"}
COMMAND: GET /session/e9436a53cdf5c0a1eee30ba36cb8cd5b/screenshot - {}
COMMAND: POST /session/e9436a53cdf5c0a1eee30ba36cb8cd5b/element - {"using":"xpath","value":"//span[contains(@id ,\"contractDetailTitleNoExpanded\")][contains(text(), \"10504\")]"}
RESULT: {}
RESULT: {"using":"xpath","value":"//*[contains(@data-kt ,\"webshopDetailCatalogItemLink\")]"}
COMMAND: POST /session/e9436a53cdf5c0a1eee30ba36cb8cd5b/element/f.BBFDC0F1250B5963FA96F3FBE9DA08E0.d.56459731AF28D44FC7145AF60DEC65DB.e.7361/click - {}
RESULT: {}
RESULT: {"using":"xpath","value":"//span[contains(@id ,\"contractDetailTitleNoExpanded\")][contains(text(), \"10504\")]"}
RESULT: {}
COMMAND: GET /session/e9436a53cdf5c0a1eee30ba36cb8cd5b/screenshot - {}
COMMAND: POST /session/e9436a53cdf5c0a1eee30ba36cb8cd5b/element - {"using":"xpath","value":"//span[contains(@id ,\"contractDetailTitleNoExpanded\")][contains(text(), \"10504\")]"}
RESULT: {}
RESULT: {"using":"xpath","value":"//span[contains(@id ,\"contractDetailTitleNoExpanded\")][contains(text(), \"10504\")]"}
COMMAND: POST /session/e9436a53cdf5c0a1eee30ba36cb8cd5b/element - {"using":"xpath","value":"//span[contains(@id ,\"contractDetailTitleNoExpanded\")][contains(text(), \"10504\")]"}
RESULT: {"using":"xpath","value":"//span[contains(@id ,\"contractDetailTitleNoExpanded\")][contains(text(), \"10504\")]"}
COMMAND: POST /session/e9436a53cdf5c0a1eee30ba36cb8cd5b/element - {"using":"xpath","value":"//span[contains(@id ,\"contractDetailTitleNoExpanded\")][contains(text(), \"10504\")]"}
RESULT: {"using":"xpath","value":"//span[contains(@id ,\"contractDetailTitleNoExpanded\")][contains(text(), \"10504\")]"}
COMMAND: POST /session/e9436a53cdf5c0a1eee30ba36cb8cd5b/element - {"using":"xpath","value":"//span[contains(@id ,\"contractDetailTitleNoExpanded\")][contains(text(), \"10504\")]"}
RESULT: {"using":"xpath","value":"//span[contains(@id ,\"contractDetailTitleNoExpanded\")][contains(text(), \"10504\")]"}
COMMAND: POST /session/e9436a53cdf5c0a1eee30ba36cb8cd5b/element - {"using":"xpath","value":"//span[contains(@id ,\"contractDetailTitleNoExpanded\")][contains(text(), \"10504\")]"}
RESULT: {"using":"xpath","value":"//span[contains(@id ,\"contractDetailTitleNoExpanded\")][contains(text(), \"10504\")]"}
COMMAND: POST /session/e9436a53cdf5c0a1eee30ba36cb8cd5b/element - {"using":"xpath","value":"//span[contains(@id ,\"contractDetailTitleNoExpanded\")][contains(text(), \"10504\")]"}
RESULT: {"using":"xpath","value":"//span[contains(@id ,\"contractDetailTitleNoExpanded\")][contains(text(), \"10504\")]"}
COMMAND: POST /session/e9436a53cdf5c0a1eee30ba36cb8cd5b/element - {"using":"xpath","value":"(//span[contains(text(), \"Dri-Prime CD150M Diesel Pump\")])[2]"}
COMMAND: POST /session/e9436a53cdf5c0a1eee30ba36cb8cd5b/element - {"using":"xpath","value":"//span[contains(@id ,\"contractDetailTitleNoExpanded\")][contains(text(), \"10504\")]"}
RESULT: {"using":"xpath","value":"(//span[contains(text(), \"Dri-Prime CD150M Diesel Pump\")])[2]"}
COMMAND: POST /session/e9436a53cdf5c0a1eee30ba36cb8cd5b/execute/sync - {"script":"<script> [8489 bytes]","args":[{"element-6066-11e4-a52e-4f735466cecf":"f.BBFDC0F1250B5963FA96F3FBE9DA08E0.d.56459731AF28D44FC7145AF60DEC65DB.e.7367","ELEMENT":"f.BBFDC0F1250B5963FA96F3FBE9DA08E0.d.56459731AF28D44FC7145AF60DEC65DB.e.7367"}]}
COMMAND: POST /session/e9436a53cdf5c0a1eee30ba36cb8cd5b/element - {"using":"xpath","value":"(//span[contains(text(), \"Description\")])[1]"}
RESULT: {"using":"xpath","value":"//span[contains(@id ,\"contractDetailTitleNoExpanded\")][contains(text(), \"10504\")]"}
RESULT: {"script":"<script> [8489 bytes]","args":[{"element-6066-11e4-a52e-4f735466cecf":"f.BBFDC0F1250B5963FA96F3FBE9DA08E0.d.56459731AF28D44FC7145AF60DEC65DB.e.7367","ELEMENT":"f.BBFDC0F1250B5963FA96F3FBE9DA08E0.d.56459731AF28D44FC7145AF60DEC65DB.e.7367"}]}
COMMAND: GET /session/e9436a53cdf5c0a1eee30ba36cb8cd5b/screenshot - {}
RESULT: {"using":"xpath","value":"(//span[contains(text(), \"Description\")])[1]"}
COMMAND: GET /session/e9436a53cdf5c0a1eee30ba36cb8cd5b/element/f.BBFDC0F1250B5963FA96F3FBE9DA08E0.d.56459731AF28D44FC7145AF60DEC65DB.e.7368/rect - {}
RESULT: {}
COMMAND: POST /session/e9436a53cdf5c0a1eee30ba36cb8cd5b/element - {"using":"xpath","value":"//span[contains(@id ,\"contractDetailTitleNoExpanded\")][contains(text(), \"10504\")]"}
RESULT: {}
COMMAND: GET /session/e9436a53cdf5c0a1eee30ba36cb8cd5b/window/rect - {}
RESULT: {"using":"xpath","value":"//span[contains(@id ,\"contractDetailTitleNoExpanded\")][contains(text(), \"10504\")]"}
RESULT: {}
COMMAND: POST /session/e9436a53cdf5c0a1eee30ba36cb8cd5b/execute/sync - {"script":"<script> [92 bytes]","args":[]}
RESULT: {"script":"<script> [92 bytes]","args":[]}
COMMAND: POST /session/e9436a53cdf5c0a1eee30ba36cb8cd5b/actions - {"actions":[{"id":"action10","type":"wheel","parameters":{},"actions":[{"type":"scroll","x":-1833,"y":-23,"deltaX":0,"deltaY":0,"duration":0,"origin":{"element-6066-11e4-a52e-4f735466cecf":"f.BBFDC0F1250B5963FA96F3FBE9DA08E0.d.56459731AF28D44FC7145AF60DEC65DB.e.7368"}}]}]}
COMMAND: GET /session/e9436a53cdf5c0a1eee30ba36cb8cd5b/screenshot - {}
RESULT: {}
COMMAND: POST /session/e9436a53cdf5c0a1eee30ba36cb8cd5b/execute/sync - {"script":"<script> [79 bytes]","args":[{"element-6066-11e4-a52e-4f735466cecf":"f.BBFDC0F1250B5963FA96F3FBE9DA08E0.d.56459731AF28D44FC7145AF60DEC65DB.e.7368","ELEMENT":"f.BBFDC0F1250B5963FA96F3FBE9DA08E0.d.56459731AF28D44FC7145AF60DEC65DB.e.7368"},{"block":"start","inline":"nearest"}]}
RESULT: {"script":"<script> [79 bytes]","args":[{"element-6066-11e4-a52e-4f735466cecf":"f.BBFDC0F1250B5963FA96F3FBE9DA08E0.d.56459731AF28D44FC7145AF60DEC65DB.e.7368","ELEMENT":"f.BBFDC0F1250B5963FA96F3FBE9DA08E0.d.56459731AF28D44FC7145AF60DEC65DB.e.7368"},{"block":"start","inline":"nearest"}]}
COMMAND: GET /session/e9436a53cdf5c0a1eee30ba36cb8cd5b/screenshot - {}
COMMAND: POST /session/e9436a53cdf5c0a1eee30ba36cb8cd5b/element - {"using":"xpath","value":"//span[contains(@id ,\"contractDetailTitleNoExpanded\")][contains(text(), \"10504\")]"}
RESULT: {}
RESULT: {"using":"xpath","value":"//span[contains(@id ,\"contractDetailTitleNoExpanded\")][contains(text(), \"10504\")]"}
COMMAND: POST /session/e9436a53cdf5c0a1eee30ba36cb8cd5b/element - {"using":"xpath","value":"//span[contains(@id ,\"contractDetailTitleNoExpanded\")][contains(text(), \"10504\")]"}
RESULT: {"using":"xpath","value":"//span[contains(@id ,\"contractDetailTitleNoExpanded\")][contains(text(), \"10504\")]"}
COMMAND: POST /session/e9436a53cdf5c0a1eee30ba36cb8cd5b/element - {"using":"xpath","value":"//span[contains(@id ,\"contractDetailTitleNoExpanded\")][contains(text(), \"10504\")]"}
RESULT: {"using":"xpath","value":"//span[contains(@id ,\"contractDetailTitleNoExpanded\")][contains(text(), \"10504\")]"}
COMMAND: POST /session/e9436a53cdf5c0a1eee30ba36cb8cd5b/element - {"using":"xpath","value":"//span[contains(@id ,\"contractDetailTitleNoExpanded\")][contains(text(), \"10504\")]"}
RESULT: {"using":"xpath","value":"//span[contains(@id ,\"contractDetailTitleNoExpanded\")][contains(text(), \"10504\")]"}
COMMAND: POST /session/e9436a53cdf5c0a1eee30ba36cb8cd5b/element - {"using":"xpath","value":"//span[contains(@id ,\"contractDetailTitleNoExpanded\")][contains(text(), \"10504\")]"}
RESULT: {"using":"xpath","value":"//span[contains(@id ,\"contractDetailTitleNoExpanded\")][contains(text(), \"10504\")]"}
COMMAND: POST /session/e9436a53cdf5c0a1eee30ba36cb8cd5b/element - {"using":"xpath","value":"//span[contains(@id ,\"contractDetailTitleNoExpanded\")][contains(text(), \"10504\")]"}
RESULT: {"using":"xpath","value":"//span[contains(@id ,\"contractDetailTitleNoExpanded\")][contains(text(), \"10504\")]"}
COMMAND: POST /session/e9436a53cdf5c0a1eee30ba36cb8cd5b/element - {"using":"xpath","value":"(//textarea[@rows=\"15\"])[1]"}
RESULT: {"using":"xpath","value":"(//textarea[@rows=\"15\"])[1]"}
COMMAND: POST /session/e9436a53cdf5c0a1eee30ba36cb8cd5b/execute/sync - {"script":"<script> [8489 bytes]","args":[{"element-6066-11e4-a52e-4f735466cecf":"f.BBFDC0F1250B5963FA96F3FBE9DA08E0.d.56459731AF28D44FC7145AF60DEC65DB.e.7364","ELEMENT":"f.BBFDC0F1250B5963FA96F3FBE9DA08E0.d.56459731AF28D44FC7145AF60DEC65DB.e.7364"}]}
RESULT: {"script":"<script> [8489 bytes]","args":[{"element-6066-11e4-a52e-4f735466cecf":"f.BBFDC0F1250B5963FA96F3FBE9DA08E0.d.56459731AF28D44FC7145AF60DEC65DB.e.7364","ELEMENT":"f.BBFDC0F1250B5963FA96F3FBE9DA08E0.d.56459731AF28D44FC7145AF60DEC65DB.e.7364"}]}
COMMAND: GET /session/e9436a53cdf5c0a1eee30ba36cb8cd5b/screenshot - {}
RESULT: {}
COMMAND: POST /session/e9436a53cdf5c0a1eee30ba36cb8cd5b/element - {"using":"xpath","value":"//span[contains(@id ,\"contractDetailTitleNoExpanded\")][contains(text(), \"10504\")]"}
RESULT: {"using":"xpath","value":"//span[contains(@id ,\"contractDetailTitleNoExpanded\")][contains(text(), \"10504\")]"}
COMMAND: POST /session/e9436a53cdf5c0a1eee30ba36cb8cd5b/element - {"using":"xpath","value":"//span[contains(@id ,\"contractDetailTitleNoExpanded\")][contains(text(), \"10504\")]"}
RESULT: {"using":"xpath","value":"//span[contains(@id ,\"contractDetailTitleNoExpanded\")][contains(text(), \"10504\")]"}
COMMAND: POST /session/e9436a53cdf5c0a1eee30ba36cb8cd5b/element - {"using":"xpath","value":"//span[contains(@id ,\"contractDetailTitleNoExpanded\")][contains(text(), \"10504\")]"}
RESULT: {"using":"xpath","value":"//span[contains(@id ,\"contractDetailTitleNoExpanded\")][contains(text(), \"10504\")]"}
COMMAND: POST /session/e9436a53cdf5c0a1eee30ba36cb8cd5b/element - {"using":"xpath","value":"//span[contains(@id ,\"contractDetailTitleNoExpanded\")][contains(text(), \"10504\")]"}
RESULT: {"using":"xpath","value":"//span[contains(@id ,\"contractDetailTitleNoExpanded\")][contains(text(), \"10504\")]"}
COMMAND: POST /session/e9436a53cdf5c0a1eee30ba36cb8cd5b/element - {"using":"xpath","value":"//span[contains(@id ,\"contractDetailTitleNoExpanded\")][contains(text(), \"10504\")]"}
RESULT: {"using":"xpath","value":"//span[contains(@id ,\"contractDetailTitleNoExpanded\")][contains(text(), \"10504\")]"}
COMMAND: POST /session/e9436a53cdf5c0a1eee30ba36cb8cd5b/element - {"using":"xpath","value":"//span[contains(@id ,\"contractDetailTitleNoExpanded\")][contains(text(), \"10504\")]"}
RESULT: {"using":"xpath","value":"//span[contains(@id ,\"contractDetailTitleNoExpanded\")][contains(text(), \"10504\")]"}
COMMAND: POST /session/e9436a53cdf5c0a1eee30ba36cb8cd5b/element - {"using":"xpath","value":"//span[contains(@id ,\"contractDetailTitleNoExpanded\")][contains(text(), \"10504\")]"}
RESULT: {"using":"xpath","value":"//span[contains(@id ,\"contractDetailTitleNoExpanded\")][contains(text(), \"10504\")]"}
COMMAND: POST /session/e9436a53cdf5c0a1eee30ba36cb8cd5b/element - {"using":"xpath","value":"//span[contains(@id ,\"contractDetailTitleNoExpanded\")][contains(text(), \"10504\")]"}
RESULT: {"using":"xpath","value":"//span[contains(@id ,\"contractDetailTitleNoExpanded\")][contains(text(), \"10504\")]"}
COMMAND: POST /session/e9436a53cdf5c0a1eee30ba36cb8cd5b/execute/async - {"script":"<script> [1562 bytes]","args":[{"selector":{"controlType":"sap.tnt.NavigationListItem","viewName":"etm.portal.ui.webshop.view.RequestDetail","i18NText":{"propertyName":"text","key":"exit"},"interaction":{"idSuffix":"a"}},"wdio_ui5_key":"etmportal.ui.webshop.view.RequestDetailsap.tnt.NavigationListItem{\"propertyName\":\"text\",\"key\":\"exit\"}"}]}
COMMAND: POST /session/e9436a53cdf5c0a1eee30ba36cb8cd5b/element - {"using":"xpath","value":"//span[contains(@id ,\"contractDetailTitleNoExpanded\")][contains(text(), \"10504\")]"}
RESULT: {"script":"<script> [1562 bytes]","args":[{"selector":{"controlType":"sap.tnt.NavigationListItem","viewName":"etm.portal.ui.webshop.view.RequestDetail","i18NText":{"propertyName":"text","key":"exit"},"interaction":{"idSuffix":"a"}},"wdio_ui5_key":"etmportal.ui.webshop.view.RequestDetailsap.tnt.NavigationListItem{\"propertyName\":\"text\",\"key\":\"exit\"}"}]}
RESULT: undefined
COMMAND: POST /session/e9436a53cdf5c0a1eee30ba36cb8cd5b/element - {"using":"xpath","value":"//*[@id=\"__item5037\"]"}
RESULT: {"using":"xpath","value":"//span[contains(@id ,\"contractDetailTitleNoExpanded\")][contains(text(), \"10504\")]"}
RESULT: {"using":"xpath","value":"//*[@id=\"__item5037\"]"}
COMMAND: POST /session/e9436a53cdf5c0a1eee30ba36cb8cd5b/element/f.BBFDC0F1250B5963FA96F3FBE9DA08E0.d.56459731AF28D44FC7145AF60DEC65DB.e.7372/click - {}
RESULT: {}
COMMAND: GET /session/e9436a53cdf5c0a1eee30ba36cb8cd5b/screenshot - {}
COMMAND: POST /session/e9436a53cdf5c0a1eee30ba36cb8cd5b/element - {"using":"xpath","value":"//span[contains(@id ,\"contractDetailTitleNoExpanded\")][contains(text(), \"10504\")]"}
RESULT: {}
RESULT: {"using":"xpath","value":"//span[contains(@id ,\"contractDetailTitleNoExpanded\")][contains(text(), \"10504\")]"}
COMMAND: POST /session/e9436a53cdf5c0a1eee30ba36cb8cd5b/element - {"using":"xpath","value":"//span[contains(@id ,\"contractDetailTitleNoExpanded\")][contains(text(), \"10504\")]"}
RESULT: {"using":"xpath","value":"//span[contains(@id ,\"contractDetailTitleNoExpanded\")][contains(text(), \"10504\")]"}
COMMAND: POST /session/e9436a53cdf5c0a1eee30ba36cb8cd5b/element - {"using":"xpath","value":"//span[contains(@id ,\"contractDetailTitleNoExpanded\")][contains(text(), \"10504\")]"}
RESULT: {"using":"xpath","value":"//span[contains(@id ,\"contractDetailTitleNoExpanded\")][contains(text(), \"10504\")]"}
COMMAND: POST /session/e9436a53cdf5c0a1eee30ba36cb8cd5b/element - {"using":"xpath","value":"//span[contains(@id ,\"contractDetailTitleNoExpanded\")][contains(text(), \"10504\")]"}
RESULT: {"using":"xpath","value":"//span[contains(@id ,\"contractDetailTitleNoExpanded\")][contains(text(), \"10504\")]"}
COMMAND: POST /session/e9436a53cdf5c0a1eee30ba36cb8cd5b/element - {"using":"xpath","value":"//span[contains(@id ,\"contractDetailTitleNoExpanded\")][contains(text(), \"10504\")]"}
RESULT: {"using":"xpath","value":"//span[contains(@id ,\"contractDetailTitleNoExpanded\")][contains(text(), \"10504\")]"}
COMMAND: POST /session/e9436a53cdf5c0a1eee30ba36cb8cd5b/element - {"using":"xpath","value":"//span[contains(@id ,\"contractDetailTitleNoExpanded\")][contains(text(), \"10504\")]"}
RESULT: {"using":"xpath","value":"//span[contains(@id ,\"contractDetailTitleNoExpanded\")][contains(text(), \"10504\")]"}
COMMAND: POST /session/e9436a53cdf5c0a1eee30ba36cb8cd5b/element - {"using":"css selector","value":"#shell-header-logo"}
RESULT: {"using":"css selector","value":"#shell-header-logo"}
COMMAND: POST /session/e9436a53cdf5c0a1eee30ba36cb8cd5b/element/f.BBFDC0F1250B5963FA96F3FBE9DA08E0.d.56459731AF28D44FC7145AF60DEC65DB.e.3159/click - {}
COMMAND: POST /session/e9436a53cdf5c0a1eee30ba36cb8cd5b/element - {"using":"xpath","value":"//span[contains(@id ,\"contractDetailTitleNoExpanded\")][contains(text(), \"10504\")]"}
RESULT: {}
COMMAND: GET /session/e9436a53cdf5c0a1eee30ba36cb8cd5b/screenshot - {}
RESULT: {"using":"xpath","value":"//span[contains(@id ,\"contractDetailTitleNoExpanded\")][contains(text(), \"10504\")]"}
RESULT: {}
COMMAND: POST /session/e9436a53cdf5c0a1eee30ba36cb8cd5b/element - {"using":"xpath","value":"//span[contains(@id ,\"contractDetailTitleNoExpanded\")][contains(text(), \"10504\")]"}
RESULT: {"using":"xpath","value":"//span[contains(@id ,\"contractDetailTitleNoExpanded\")][contains(text(), \"10504\")]"}
COMMAND: POST /session/e9436a53cdf5c0a1eee30ba36cb8cd5b/element - {"using":"xpath","value":"//span[contains(@id ,\"contractDetailTitleNoExpanded\")][contains(text(), \"10504\")]"}
RESULT: {"using":"xpath","value":"//span[contains(@id ,\"contractDetailTitleNoExpanded\")][contains(text(), \"10504\")]"}
COMMAND: POST /session/e9436a53cdf5c0a1eee30ba36cb8cd5b/element - {"using":"xpath","value":"//span[contains(@id ,\"contractDetailTitleNoExpanded\")][contains(text(), \"10504\")]"}
RESULT: {"using":"xpath","value":"//span[contains(@id ,\"contractDetailTitleNoExpanded\")][contains(text(), \"10504\")]"}
COMMAND: POST /session/e9436a53cdf5c0a1eee30ba36cb8cd5b/element - {"using":"xpath","value":"//span[contains(@id ,\"contractDetailTitleNoExpanded\")][contains(text(), \"10504\")]"}
RESULT: {"using":"xpath","value":"//span[contains(@id ,\"contractDetailTitleNoExpanded\")][contains(text(), \"10504\")]"}
COMMAND: POST /session/e9436a53cdf5c0a1eee30ba36cb8cd5b/element - {"using":"xpath","value":"//span[contains(@id ,\"contractDetailTitleNoExpanded\")][contains(text(), \"10504\")]"}
RESULT: {"using":"xpath","value":"//span[contains(@id ,\"contractDetailTitleNoExpanded\")][contains(text(), \"10504\")]"}
]]></system-out>
    </testcase>
  </testsuite>
  <testsuite timestamp="2025-05-22T16:29:39" time="77.126" tests="1" failures="0" errors="0" skipped="0">
    <properties>
      <property name="specId" value="0"/>
      <property name="suiteName" value="Add items into the basket without creating a request US151315"/>
      <property name="capabilities" value="chrome.136_0_7103_93.windows"/>
      <property name="file" value="file:///D:/a/1/s/test/specs/R2C/add-items-into-basket-wo-creating-a-request.spec.js"/>
    </properties>
    <testcase classname="chrome.136_0_7103_93.windows.Add_items_into_the_basket_without_creating_a_request_US151315" name="Should verify if a catalog item can be added without creating a request" time="73.926">
      <system-out><![CDATA[
RESULT: undefined
COMMAND: POST /session/e9436a53cdf5c0a1eee30ba36cb8cd5b/element - {"using":"xpath","value":"//*[@id=\"__tile49\"]"}
RESULT: {"using":"xpath","value":"//*[@id=\"__tile49\"]"}
COMMAND: POST /session/e9436a53cdf5c0a1eee30ba36cb8cd5b/element/f.BBFDC0F1250B5963FA96F3FBE9DA08E0.d.56459731AF28D44FC7145AF60DEC65DB.e.2997/click - {}
COMMAND: POST /session/e9436a53cdf5c0a1eee30ba36cb8cd5b/element - {"using":"xpath","value":"//span[contains(@id ,\"contractDetailTitleNoExpanded\")][contains(text(), \"10504\")]"}
RESULT: {}
COMMAND: GET /session/e9436a53cdf5c0a1eee30ba36cb8cd5b/screenshot - {}
RESULT: {"using":"xpath","value":"//span[contains(@id ,\"contractDetailTitleNoExpanded\")][contains(text(), \"10504\")]"}
RESULT: {}
COMMAND: POST /session/e9436a53cdf5c0a1eee30ba36cb8cd5b/element - {"using":"xpath","value":"//span[contains(@id ,\"contractDetailTitleNoExpanded\")][contains(text(), \"10504\")]"}
COMMAND: POST /session/e9436a53cdf5c0a1eee30ba36cb8cd5b/elements - {"using":"xpath","value":"//span[text()='Error']"}
RESULT: {"using":"xpath","value":"//span[contains(@id ,\"contractDetailTitleNoExpanded\")][contains(text(), \"10504\")]"}
RESULT: {"using":"xpath","value":"//span[text()='Error']"}
COMMAND: POST /session/e9436a53cdf5c0a1eee30ba36cb8cd5b/element - {"using":"xpath","value":"//span[contains(@id ,\"contractDetailTitleNoExpanded\")][contains(text(), \"10504\")]"}
RESULT: {"using":"xpath","value":"//span[contains(@id ,\"contractDetailTitleNoExpanded\")][contains(text(), \"10504\")]"}
COMMAND: POST /session/e9436a53cdf5c0a1eee30ba36cb8cd5b/element - {"using":"xpath","value":"//span[contains(@id ,\"contractDetailTitleNoExpanded\")][contains(text(), \"10504\")]"}
RESULT: {"using":"xpath","value":"//span[contains(@id ,\"contractDetailTitleNoExpanded\")][contains(text(), \"10504\")]"}
COMMAND: POST /session/e9436a53cdf5c0a1eee30ba36cb8cd5b/element - {"using":"xpath","value":"//span[contains(@id ,\"contractDetailTitleNoExpanded\")][contains(text(), \"10504\")]"}
RESULT: {"using":"xpath","value":"//span[contains(@id ,\"contractDetailTitleNoExpanded\")][contains(text(), \"10504\")]"}
COMMAND: POST /session/e9436a53cdf5c0a1eee30ba36cb8cd5b/element - {"using":"xpath","value":"//span[contains(@id ,\"contractDetailTitleNoExpanded\")][contains(text(), \"10504\")]"}
RESULT: {"using":"xpath","value":"//span[contains(@id ,\"contractDetailTitleNoExpanded\")][contains(text(), \"10504\")]"}
COMMAND: POST /session/e9436a53cdf5c0a1eee30ba36cb8cd5b/element - {"using":"xpath","value":"//span[contains(@id ,\"contractDetailTitleNoExpanded\")][contains(text(), \"10504\")]"}
RESULT: {"using":"xpath","value":"//span[contains(@id ,\"contractDetailTitleNoExpanded\")][contains(text(), \"10504\")]"}
COMMAND: POST /session/e9436a53cdf5c0a1eee30ba36cb8cd5b/element - {"using":"xpath","value":"//span[contains(@id ,\"contractDetailTitleNoExpanded\")][contains(text(), \"10504\")]"}
RESULT: {"using":"xpath","value":"//span[contains(@id ,\"contractDetailTitleNoExpanded\")][contains(text(), \"10504\")]"}
COMMAND: POST /session/e9436a53cdf5c0a1eee30ba36cb8cd5b/element - {"using":"xpath","value":"//span[contains(@id ,\"contractDetailTitleNoExpanded\")][contains(text(), \"10504\")]"}
RESULT: {"using":"xpath","value":"//span[contains(@id ,\"contractDetailTitleNoExpanded\")][contains(text(), \"10504\")]"}
COMMAND: POST /session/e9436a53cdf5c0a1eee30ba36cb8cd5b/element - {"using":"xpath","value":"//span[contains(@id ,\"contractDetailTitleNoExpanded\")][contains(text(), \"10504\")]"}
RESULT: {"using":"xpath","value":"//span[contains(@id ,\"contractDetailTitleNoExpanded\")][contains(text(), \"10504\")]"}
COMMAND: POST /session/e9436a53cdf5c0a1eee30ba36cb8cd5b/element - {"using":"xpath","value":"//span[contains(@id ,\"contractDetailTitleNoExpanded\")][contains(text(), \"10504\")]"}
RESULT: {"using":"xpath","value":"//span[contains(@id ,\"contractDetailTitleNoExpanded\")][contains(text(), \"10504\")]"}
COMMAND: POST /session/e9436a53cdf5c0a1eee30ba36cb8cd5b/element - {"using":"xpath","value":"//span[contains(@id ,\"contractDetailTitleNoExpanded\")][contains(text(), \"10504\")]"}
RESULT: {"using":"xpath","value":"//span[contains(@id ,\"contractDetailTitleNoExpanded\")][contains(text(), \"10504\")]"}
COMMAND: POST /session/e9436a53cdf5c0a1eee30ba36cb8cd5b/element - {"using":"css selector","value":"#requestCreationDialog--createRequestPopUp-title-inner"}
RESULT: {"using":"css selector","value":"#requestCreationDialog--createRequestPopUp-title-inner"}
COMMAND: POST /session/e9436a53cdf5c0a1eee30ba36cb8cd5b/execute/sync - {"script":"<script> [8489 bytes]","args":[{"element-6066-11e4-a52e-4f735466cecf":"f.BBFDC0F1250B5963FA96F3FBE9DA08E0.d.56459731AF28D44FC7145AF60DEC65DB.e.7425","ELEMENT":"f.BBFDC0F1250B5963FA96F3FBE9DA08E0.d.56459731AF28D44FC7145AF60DEC65DB.e.7425"}]}
RESULT: {"script":"<script> [8489 bytes]","args":[{"element-6066-11e4-a52e-4f735466cecf":"f.BBFDC0F1250B5963FA96F3FBE9DA08E0.d.56459731AF28D44FC7145AF60DEC65DB.e.7425","ELEMENT":"f.BBFDC0F1250B5963FA96F3FBE9DA08E0.d.56459731AF28D44FC7145AF60DEC65DB.e.7425"}]}
COMMAND: GET /session/e9436a53cdf5c0a1eee30ba36cb8cd5b/element/f.BBFDC0F1250B5963FA96F3FBE9DA08E0.d.56459731AF28D44FC7145AF60DEC65DB.e.7425/enabled - {}
COMMAND: GET /session/e9436a53cdf5c0a1eee30ba36cb8cd5b/screenshot - {}
RESULT: {}
COMMAND: POST /session/e9436a53cdf5c0a1eee30ba36cb8cd5b/element - {"using":"xpath","value":"//span[contains(@id ,\"requestCreationDialog--cancelButton-content\")]"}
COMMAND: GET /session/e9436a53cdf5c0a1eee30ba36cb8cd5b/screenshot - {}
RESULT: {}
RESULT: {"using":"xpath","value":"//span[contains(@id ,\"requestCreationDialog--cancelButton-content\")]"}
COMMAND: POST /session/e9436a53cdf5c0a1eee30ba36cb8cd5b/element/f.BBFDC0F1250B5963FA96F3FBE9DA08E0.d.56459731AF28D44FC7145AF60DEC65DB.e.7426/click - {}
RESULT: {}
RESULT: {}
COMMAND: GET /session/e9436a53cdf5c0a1eee30ba36cb8cd5b/screenshot - {}
RESULT: {}
COMMAND: POST /session/e9436a53cdf5c0a1eee30ba36cb8cd5b/element - {"using":"xpath","value":"//input[contains(@id ,\"searchFiledId-I\")]"}
RESULT: {"using":"xpath","value":"//input[contains(@id ,\"searchFiledId-I\")]"}
COMMAND: POST /session/e9436a53cdf5c0a1eee30ba36cb8cd5b/element/f.BBFDC0F1250B5963FA96F3FBE9DA08E0.d.56459731AF28D44FC7145AF60DEC65DB.e.7375/value - {"text":"Dri-Prime CD150M Diesel Pump"}
RESULT: {"text":"Dri-Prime CD150M Diesel Pump"}
COMMAND: POST /session/e9436a53cdf5c0a1eee30ba36cb8cd5b/actions - {"actions":[{"id":"action11","type":"key","parameters":{},"actions":[{"type":"keyDown","value":""},{"type":"pause","duration":10},{"type":"keyUp","value":""}]}]}
COMMAND: GET /session/e9436a53cdf5c0a1eee30ba36cb8cd5b/screenshot - {}
RESULT: {"actions":[{"id":"action11","type":"key","parameters":{},"actions":[{"type":"keyDown","value":""},{"type":"pause","duration":10},{"type":"keyUp","value":""}]}]}
COMMAND: GET /session/e9436a53cdf5c0a1eee30ba36cb8cd5b/screenshot - {}
RESULT: {}
RESULT: {}
COMMAND: POST /session/e9436a53cdf5c0a1eee30ba36cb8cd5b/element - {"using":"xpath","value":"//span[contains(@id ,\"subTitle\")][contains(text(), \"Dri-Prime CD150M Diesel Pump\")]"}
RESULT: {"using":"xpath","value":"//span[contains(@id ,\"subTitle\")][contains(text(), \"Dri-Prime CD150M Diesel Pump\")]"}
COMMAND: POST /session/e9436a53cdf5c0a1eee30ba36cb8cd5b/element/f.BBFDC0F1250B5963FA96F3FBE9DA08E0.d.56459731AF28D44FC7145AF60DEC65DB.e.7433/click - {}
RESULT: {}
COMMAND: GET /session/e9436a53cdf5c0a1eee30ba36cb8cd5b/screenshot - {}
RESULT: {}
COMMAND: POST /session/e9436a53cdf5c0a1eee30ba36cb8cd5b/element - {"using":"xpath","value":"//bdi[contains(text(), \"Add to Request\")]"}
RESULT: {"using":"xpath","value":"//bdi[contains(text(), \"Add to Request\")]"}
COMMAND: POST /session/e9436a53cdf5c0a1eee30ba36cb8cd5b/element/f.BBFDC0F1250B5963FA96F3FBE9DA08E0.d.56459731AF28D44FC7145AF60DEC65DB.e.7446/click - {}
RESULT: {}
COMMAND: POST /session/e9436a53cdf5c0a1eee30ba36cb8cd5b/element - {"using":"xpath","value":"//div[contains(@class ,\"sapMMessageToast sapUiSelectable sapContrast sapContrastPlus sapUiUserSelectable\")]"}
COMMAND: GET /session/e9436a53cdf5c0a1eee30ba36cb8cd5b/screenshot - {}
RESULT: {"using":"xpath","value":"//div[contains(@class ,\"sapMMessageToast sapUiSelectable sapContrast sapContrastPlus sapUiUserSelectable\")]"}
COMMAND: POST /session/e9436a53cdf5c0a1eee30ba36cb8cd5b/execute/sync - {"script":"<script> [8489 bytes]","args":[{"element-6066-11e4-a52e-4f735466cecf":"f.BBFDC0F1250B5963FA96F3FBE9DA08E0.d.56459731AF28D44FC7145AF60DEC65DB.e.7450","ELEMENT":"f.BBFDC0F1250B5963FA96F3FBE9DA08E0.d.56459731AF28D44FC7145AF60DEC65DB.e.7450"}]}
RESULT: {}
RESULT: {"script":"<script> [8489 bytes]","args":[{"element-6066-11e4-a52e-4f735466cecf":"f.BBFDC0F1250B5963FA96F3FBE9DA08E0.d.56459731AF28D44FC7145AF60DEC65DB.e.7450","ELEMENT":"f.BBFDC0F1250B5963FA96F3FBE9DA08E0.d.56459731AF28D44FC7145AF60DEC65DB.e.7450"}]}
COMMAND: GET /session/e9436a53cdf5c0a1eee30ba36cb8cd5b/element/f.BBFDC0F1250B5963FA96F3FBE9DA08E0.d.56459731AF28D44FC7145AF60DEC65DB.e.7450/text - {}
COMMAND: GET /session/e9436a53cdf5c0a1eee30ba36cb8cd5b/screenshot - {}
RESULT: {}
RESULT: {}
COMMAND: POST /session/e9436a53cdf5c0a1eee30ba36cb8cd5b/element - {"using":"xpath","value":"//bdi[contains(@id ,\"activeCartId-BDI-content\")]"}
RESULT: {"using":"xpath","value":"//bdi[contains(@id ,\"activeCartId-BDI-content\")]"}
COMMAND: GET /session/e9436a53cdf5c0a1eee30ba36cb8cd5b/element/f.BBFDC0F1250B5963FA96F3FBE9DA08E0.d.56459731AF28D44FC7145AF60DEC65DB.e.7451/text - {}
RESULT: {}
COMMAND: POST /session/e9436a53cdf5c0a1eee30ba36cb8cd5b/element - {"using":"xpath","value":"//li[@title=\"Exit\"]"}
RESULT: {"using":"xpath","value":"//li[@title=\"Exit\"]"}
COMMAND: POST /session/e9436a53cdf5c0a1eee30ba36cb8cd5b/element/f.BBFDC0F1250B5963FA96F3FBE9DA08E0.d.56459731AF28D44FC7145AF60DEC65DB.e.7452/click - {}
RESULT: {}
COMMAND: GET /session/e9436a53cdf5c0a1eee30ba36cb8cd5b/screenshot - {}
RESULT: {}
COMMAND: POST /session/e9436a53cdf5c0a1eee30ba36cb8cd5b/element - {"using":"css selector","value":"#shell-header-logo"}
RESULT: {"using":"css selector","value":"#shell-header-logo"}
COMMAND: POST /session/e9436a53cdf5c0a1eee30ba36cb8cd5b/element/f.BBFDC0F1250B5963FA96F3FBE9DA08E0.d.56459731AF28D44FC7145AF60DEC65DB.e.7462/click - {}
RESULT: {}
COMMAND: GET /session/e9436a53cdf5c0a1eee30ba36cb8cd5b/screenshot - {}
RESULT: {}
]]></system-out>
    </testcase>
  </testsuite>
  <testsuite timestamp="2025-05-22T16:30:56" time="155.807" tests="1" failures="0" errors="0" skipped="0">
    <properties>
      <property name="specId" value="0"/>
      <property name="suiteName" value=" Webshop - Request management - Verifying the Master List - Filtering /Sorting - Deleting - Creating US151314"/>
      <property name="capabilities" value="chrome.136_0_7103_93.windows"/>
      <property name="file" value="file:///D:/a/1/s/test/specs/R2C/webshop-request-management-verify-master-list.spec.js"/>
    </properties>
    <testcase classname="chrome.136_0_7103_93.windows._Webshop_-_Request_management_-_Verifying_the_Master_List_-_Filtering_/Sorting_-_Deleting_-_Creating_US151314" name="Should navigate to request management in webshop and verify the filters" time="152.652">
      <system-out><![CDATA[
RESULT: undefined
COMMAND: POST /session/e9436a53cdf5c0a1eee30ba36cb8cd5b/element - {"using":"xpath","value":"//*[@id=\"__tile49\"]"}
RESULT: {"using":"xpath","value":"//*[@id=\"__tile49\"]"}
COMMAND: POST /session/e9436a53cdf5c0a1eee30ba36cb8cd5b/element/f.BBFDC0F1250B5963FA96F3FBE9DA08E0.d.56459731AF28D44FC7145AF60DEC65DB.e.2997/click - {}
RESULT: {}
COMMAND: GET /session/e9436a53cdf5c0a1eee30ba36cb8cd5b/screenshot - {}
RESULT: {}
COMMAND: POST /session/e9436a53cdf5c0a1eee30ba36cb8cd5b/elements - {"using":"xpath","value":"//span[text()='Error']"}
RESULT: {"using":"xpath","value":"//span[text()='Error']"}
COMMAND: POST /session/e9436a53cdf5c0a1eee30ba36cb8cd5b/execute/async - {"script":"<script> [1562 bytes]","args":[{"selector":{"id":"requestCreationDialog--cancelButton","searchOpenDialogs":true,"interaction":{"idSuffix":"BDI-content"}},"wdio_ui5_key":"requestCreationDialogcancelButton"}]}
RESULT: {"script":"<script> [1562 bytes]","args":[{"selector":{"id":"requestCreationDialog--cancelButton","searchOpenDialogs":true,"interaction":{"idSuffix":"BDI-content"}},"wdio_ui5_key":"requestCreationDialogcancelButton"}]}
RESULT: undefined
COMMAND: POST /session/e9436a53cdf5c0a1eee30ba36cb8cd5b/element - {"using":"xpath","value":"//*[@id=\"requestCreationDialog--cancelButton\"]"}
RESULT: {"using":"xpath","value":"//*[@id=\"requestCreationDialog--cancelButton\"]"}
COMMAND: POST /session/e9436a53cdf5c0a1eee30ba36cb8cd5b/element/f.BBFDC0F1250B5963FA96F3FBE9DA08E0.d.56459731AF28D44FC7145AF60DEC65DB.e.7515/click - {}
RESULT: {}
COMMAND: GET /session/e9436a53cdf5c0a1eee30ba36cb8cd5b/screenshot - {}
RESULT: {}
COMMAND: POST /session/e9436a53cdf5c0a1eee30ba36cb8cd5b/execute/async - {"script":"<script> [1562 bytes]","args":[{"selector":{"controlType":"sap.tnt.NavigationListItem","viewName":"etm.portal.ui.webshop.view.Homepage","i18NText":{"propertyName":"text","key":"requestsManagement"},"interaction":{"idSuffix":"a"}},"wdio_ui5_key":"etmportal.ui.webshop.view.Homepagesap.tnt.NavigationListItem{\"propertyName\":\"text\",\"key\":\"requestsManagement\"}"}]}
RESULT: {"script":"<script> [1562 bytes]","args":[{"selector":{"controlType":"sap.tnt.NavigationListItem","viewName":"etm.portal.ui.webshop.view.Homepage","i18NText":{"propertyName":"text","key":"requestsManagement"},"interaction":{"idSuffix":"a"}},"wdio_ui5_key":"etmportal.ui.webshop.view.Homepagesap.tnt.NavigationListItem{\"propertyName\":\"text\",\"key\":\"requestsManagement\"}"}]}
RESULT: undefined
COMMAND: POST /session/e9436a53cdf5c0a1eee30ba36cb8cd5b/element - {"using":"xpath","value":"//*[@id=\"__item5104\"]"}
RESULT: {"using":"xpath","value":"//*[@id=\"__item5104\"]"}
COMMAND: POST /session/e9436a53cdf5c0a1eee30ba36cb8cd5b/element/f.BBFDC0F1250B5963FA96F3FBE9DA08E0.d.56459731AF28D44FC7145AF60DEC65DB.e.7519/click - {}
RESULT: {}
COMMAND: GET /session/e9436a53cdf5c0a1eee30ba36cb8cd5b/screenshot - {}
RESULT: {}
COMMAND: POST /session/e9436a53cdf5c0a1eee30ba36cb8cd5b/element - {"using":"xpath","value":"//input[contains(@id ,\"smartFilterBar-btnBasicSearch-I\")]"}
RESULT: {"using":"xpath","value":"//input[contains(@id ,\"smartFilterBar-btnBasicSearch-I\")]"}
COMMAND: POST /session/e9436a53cdf5c0a1eee30ba36cb8cd5b/element/f.BBFDC0F1250B5963FA96F3FBE9DA08E0.d.56459731AF28D44FC7145AF60DEC65DB.e.7522/clear - {}
RESULT: {}
COMMAND: POST /session/e9436a53cdf5c0a1eee30ba36cb8cd5b/element/f.BBFDC0F1250B5963FA96F3FBE9DA08E0.d.56459731AF28D44FC7145AF60DEC65DB.e.7522/value - {"text":"20001"}
COMMAND: GET /session/e9436a53cdf5c0a1eee30ba36cb8cd5b/screenshot - {}
RESULT: {"text":"20001"}
COMMAND: GET /session/e9436a53cdf5c0a1eee30ba36cb8cd5b/screenshot - {}
RESULT: {}
RESULT: {}
COMMAND: POST /session/e9436a53cdf5c0a1eee30ba36cb8cd5b/actions - {"actions":[{"id":"action12","type":"key","parameters":{},"actions":[{"type":"keyDown","value":""},{"type":"pause","duration":10},{"type":"keyUp","value":""}]}]}
RESULT: {"actions":[{"id":"action12","type":"key","parameters":{},"actions":[{"type":"keyDown","value":""},{"type":"pause","duration":10},{"type":"keyUp","value":""}]}]}
COMMAND: GET /session/e9436a53cdf5c0a1eee30ba36cb8cd5b/screenshot - {}
RESULT: {}
COMMAND: POST /session/e9436a53cdf5c0a1eee30ba36cb8cd5b/execute/async - {"script":"<script> [1562 bytes]","args":[{"selector":{"controlType":"sap.m.Title","viewName":"etm.portal.ui.webshop.view.RequestMaster","properties":{"text":"Records (1)"}},"wdio_ui5_key":"etmportal.ui.webshop.view.RequestMastersap.m.Title{\"text\":\"Records (1)\"}"}]}
RESULT: {"script":"<script> [1562 bytes]","args":[{"selector":{"controlType":"sap.m.Title","viewName":"etm.portal.ui.webshop.view.RequestMaster","properties":{"text":"Records (1)"}},"wdio_ui5_key":"etmportal.ui.webshop.view.RequestMastersap.m.Title{\"text\":\"Records (1)\"}"}]}
RESULT: undefined
COMMAND: POST /session/e9436a53cdf5c0a1eee30ba36cb8cd5b/execute/async - {"script":"<script> [6424 bytes]","args":[{"element-6066-11e4-a52e-4f735466cecf":"f.BBFDC0F1250B5963FA96F3FBE9DA08E0.d.56459731AF28D44FC7145AF60DEC65DB.e.7603"},"getText",[]]}
RESULT: {"script":"<script> [6424 bytes]","args":[{"element-6066-11e4-a52e-4f735466cecf":"f.BBFDC0F1250B5963FA96F3FBE9DA08E0.d.56459731AF28D44FC7145AF60DEC65DB.e.7603"},"getText",[]]}
COMMAND: POST /session/e9436a53cdf5c0a1eee30ba36cb8cd5b/element - {"using":"xpath","value":"//div[contains(@id ,\"smartFilterBar-btnBasicSearch-reset\")]"}
RESULT: {"using":"xpath","value":"//div[contains(@id ,\"smartFilterBar-btnBasicSearch-reset\")]"}
COMMAND: POST /session/e9436a53cdf5c0a1eee30ba36cb8cd5b/element/f.BBFDC0F1250B5963FA96F3FBE9DA08E0.d.56459731AF28D44FC7145AF60DEC65DB.e.7604/click - {}
RESULT: {}
COMMAND: GET /session/e9436a53cdf5c0a1eee30ba36cb8cd5b/screenshot - {}
RESULT: {}
COMMAND: POST /session/e9436a53cdf5c0a1eee30ba36cb8cd5b/element - {"using":"xpath","value":"//input[contains(@id ,\"smartStatusFilter-inner\")]"}
RESULT: {"using":"xpath","value":"//input[contains(@id ,\"smartStatusFilter-inner\")]"}
COMMAND: POST /session/e9436a53cdf5c0a1eee30ba36cb8cd5b/element/f.BBFDC0F1250B5963FA96F3FBE9DA08E0.d.56459731AF28D44FC7145AF60DEC65DB.e.7527/clear - {}
RESULT: {}
COMMAND: POST /session/e9436a53cdf5c0a1eee30ba36cb8cd5b/element/f.BBFDC0F1250B5963FA96F3FBE9DA08E0.d.56459731AF28D44FC7145AF60DEC65DB.e.7527/value - {"text":"draft"}
COMMAND: GET /session/e9436a53cdf5c0a1eee30ba36cb8cd5b/screenshot - {}
RESULT: {"text":"draft"}
COMMAND: GET /session/e9436a53cdf5c0a1eee30ba36cb8cd5b/screenshot - {}
RESULT: {}
RESULT: {}
COMMAND: POST /session/e9436a53cdf5c0a1eee30ba36cb8cd5b/actions - {"actions":[{"id":"action13","type":"key","parameters":{},"actions":[{"type":"keyDown","value":""},{"type":"pause","duration":10},{"type":"keyUp","value":""}]}]}
RESULT: {"actions":[{"id":"action13","type":"key","parameters":{},"actions":[{"type":"keyDown","value":""},{"type":"pause","duration":10},{"type":"keyUp","value":""}]}]}
COMMAND: GET /session/e9436a53cdf5c0a1eee30ba36cb8cd5b/screenshot - {}
RESULT: {}
COMMAND: POST /session/e9436a53cdf5c0a1eee30ba36cb8cd5b/execute/async - {"script":"<script> [1562 bytes]","args":[{"selector":{"controlType":"sap.m.ObjectStatus","viewName":"etm.portal.ui.webshop.view.RequestMaster","bindingPath":{"propertyPath":"STATUS_DESCRIPTION"}},"wdio_ui5_key":"etmportal.ui.webshop.view.RequestMastersap.m.ObjectStatus{\"propertyPath\":\"STATUS_DESCRIPTION\"}"}]}
RESULT: {"script":"<script> [1562 bytes]","args":[{"selector":{"controlType":"sap.m.ObjectStatus","viewName":"etm.portal.ui.webshop.view.RequestMaster","bindingPath":{"propertyPath":"STATUS_DESCRIPTION"}},"wdio_ui5_key":"etmportal.ui.webshop.view.RequestMastersap.m.ObjectStatus{\"propertyPath\":\"STATUS_DESCRIPTION\"}"}]}
RESULT: undefined
COMMAND: POST /session/e9436a53cdf5c0a1eee30ba36cb8cd5b/execute/async - {"script":"<script> [6424 bytes]","args":[{"element-6066-11e4-a52e-4f735466cecf":"f.BBFDC0F1250B5963FA96F3FBE9DA08E0.d.56459731AF28D44FC7145AF60DEC65DB.e.7645"},"getText",[]]}
RESULT: {"script":"<script> [6424 bytes]","args":[{"element-6066-11e4-a52e-4f735466cecf":"f.BBFDC0F1250B5963FA96F3FBE9DA08E0.d.56459731AF28D44FC7145AF60DEC65DB.e.7645"},"getText",[]]}
COMMAND: POST /session/e9436a53cdf5c0a1eee30ba36cb8cd5b/element - {"using":"xpath","value":"//span[contains(@title ,\"Remove\")]"}
RESULT: {"using":"xpath","value":"//span[contains(@title ,\"Remove\")]"}
COMMAND: POST /session/e9436a53cdf5c0a1eee30ba36cb8cd5b/element/f.BBFDC0F1250B5963FA96F3FBE9DA08E0.d.56459731AF28D44FC7145AF60DEC65DB.e.7646/click - {}
RESULT: {}
COMMAND: GET /session/e9436a53cdf5c0a1eee30ba36cb8cd5b/screenshot - {}
COMMAND: POST /session/e9436a53cdf5c0a1eee30ba36cb8cd5b/element - {"using":"xpath","value":"//input[contains(@id ,\"smartStatusFilter-inner\")]"}
RESULT: {}
RESULT: {"using":"xpath","value":"//input[contains(@id ,\"smartStatusFilter-inner\")]"}
COMMAND: POST /session/e9436a53cdf5c0a1eee30ba36cb8cd5b/element/f.BBFDC0F1250B5963FA96F3FBE9DA08E0.d.56459731AF28D44FC7145AF60DEC65DB.e.7527/clear - {}
RESULT: {}
COMMAND: POST /session/e9436a53cdf5c0a1eee30ba36cb8cd5b/element/f.BBFDC0F1250B5963FA96F3FBE9DA08E0.d.56459731AF28D44FC7145AF60DEC65DB.e.7527/value - {"text":"created"}
COMMAND: GET /session/e9436a53cdf5c0a1eee30ba36cb8cd5b/screenshot - {}
RESULT: {"text":"created"}
COMMAND: GET /session/e9436a53cdf5c0a1eee30ba36cb8cd5b/screenshot - {}
RESULT: {}
RESULT: {}
COMMAND: POST /session/e9436a53cdf5c0a1eee30ba36cb8cd5b/actions - {"actions":[{"id":"action14","type":"key","parameters":{},"actions":[{"type":"keyDown","value":""},{"type":"pause","duration":10},{"type":"keyUp","value":""}]}]}
RESULT: {"actions":[{"id":"action14","type":"key","parameters":{},"actions":[{"type":"keyDown","value":""},{"type":"pause","duration":10},{"type":"keyUp","value":""}]}]}
COMMAND: GET /session/e9436a53cdf5c0a1eee30ba36cb8cd5b/screenshot - {}
RESULT: {}
RESULT: undefined
COMMAND: POST /session/e9436a53cdf5c0a1eee30ba36cb8cd5b/execute/async - {"script":"<script> [6424 bytes]","args":[{"element-6066-11e4-a52e-4f735466cecf":"f.BBFDC0F1250B5963FA96F3FBE9DA08E0.d.56459731AF28D44FC7145AF60DEC65DB.e.7645"},"getText",[]]}
COMMAND: POST /session/e9436a53cdf5c0a1eee30ba36cb8cd5b/execute/async - {"script":"<script> [1562 bytes]","args":[{"selector":{"controlType":"sap.m.ObjectStatus","viewName":"etm.portal.ui.webshop.view.RequestMaster","bindingPath":{"propertyPath":"STATUS_DESCRIPTION"}},"wdio_ui5_key":"etmportal.ui.webshop.view.RequestMastersap.m.ObjectStatus{\"propertyPath\":\"STATUS_DESCRIPTION\"}"}]}
RESULT: {"script":"<script> [1562 bytes]","args":[{"selector":{"controlType":"sap.m.ObjectStatus","viewName":"etm.portal.ui.webshop.view.RequestMaster","bindingPath":{"propertyPath":"STATUS_DESCRIPTION"}},"wdio_ui5_key":"etmportal.ui.webshop.view.RequestMastersap.m.ObjectStatus{\"propertyPath\":\"STATUS_DESCRIPTION\"}"}]}
COMMAND: POST /session/e9436a53cdf5c0a1eee30ba36cb8cd5b/execute/async - {"script":"<script> [6424 bytes]","args":[{"element-6066-11e4-a52e-4f735466cecf":"f.BBFDC0F1250B5963FA96F3FBE9DA08E0.d.56459731AF28D44FC7145AF60DEC65DB.e.7705"},"getText",[]]}
RESULT: {"script":"<script> [6424 bytes]","args":[{"element-6066-11e4-a52e-4f735466cecf":"f.BBFDC0F1250B5963FA96F3FBE9DA08E0.d.56459731AF28D44FC7145AF60DEC65DB.e.7705"},"getText",[]]}
COMMAND: POST /session/e9436a53cdf5c0a1eee30ba36cb8cd5b/element - {"using":"xpath","value":"//span[contains(@title ,\"Remove\")]"}
RESULT: {"using":"xpath","value":"//span[contains(@title ,\"Remove\")]"}
COMMAND: POST /session/e9436a53cdf5c0a1eee30ba36cb8cd5b/element/f.BBFDC0F1250B5963FA96F3FBE9DA08E0.d.56459731AF28D44FC7145AF60DEC65DB.e.7706/click - {}
RESULT: {}
COMMAND: GET /session/e9436a53cdf5c0a1eee30ba36cb8cd5b/screenshot - {}
COMMAND: POST /session/e9436a53cdf5c0a1eee30ba36cb8cd5b/execute/async - {"script":"<script> [1562 bytes]","args":[{"selector":{"controlType":"sap.m.Button","viewName":"etm.portal.ui.webshop.view.RequestMaster","properties":{"text":"Filters (1)"},"interaction":{"idSuffix":"BDI-content"}},"wdio_ui5_key":"etmportal.ui.webshop.view.RequestMastersap.m.Button{\"text\":\"Filters (1)\"}"}]}
RESULT: {}
RESULT: {"script":"<script> [1562 bytes]","args":[{"selector":{"controlType":"sap.m.Button","viewName":"etm.portal.ui.webshop.view.RequestMaster","properties":{"text":"Filters (1)"},"interaction":{"idSuffix":"BDI-content"}},"wdio_ui5_key":"etmportal.ui.webshop.view.RequestMastersap.m.Button{\"text\":\"Filters (1)\"}"}]}
RESULT: undefined
COMMAND: POST /session/e9436a53cdf5c0a1eee30ba36cb8cd5b/element - {"using":"xpath","value":"//*[@id=\"__xmlview74--smartFilterBar-btnFilters\"]"}
RESULT: {"using":"xpath","value":"//*[@id=\"__xmlview74--smartFilterBar-btnFilters\"]"}
COMMAND: POST /session/e9436a53cdf5c0a1eee30ba36cb8cd5b/element/f.BBFDC0F1250B5963FA96F3FBE9DA08E0.d.56459731AF28D44FC7145AF60DEC65DB.e.7590/click - {}
RESULT: {}
COMMAND: GET /session/e9436a53cdf5c0a1eee30ba36cb8cd5b/screenshot - {}
RESULT: {}
COMMAND: POST /session/e9436a53cdf5c0a1eee30ba36cb8cd5b/element - {"using":"xpath","value":"//input[contains(@id ,\"searchField-I\")]"}
RESULT: {"using":"xpath","value":"//input[contains(@id ,\"searchField-I\")]"}
COMMAND: POST /session/e9436a53cdf5c0a1eee30ba36cb8cd5b/element/f.BBFDC0F1250B5963FA96F3FBE9DA08E0.d.56459731AF28D44FC7145AF60DEC65DB.e.7763/clear - {}
RESULT: {}
COMMAND: POST /session/e9436a53cdf5c0a1eee30ba36cb8cd5b/element/f.BBFDC0F1250B5963FA96F3FBE9DA08E0.d.56459731AF28D44FC7145AF60DEC65DB.e.7763/value - {"text":"tags"}
COMMAND: GET /session/e9436a53cdf5c0a1eee30ba36cb8cd5b/screenshot - {}
RESULT: {"text":"tags"}
COMMAND: GET /session/e9436a53cdf5c0a1eee30ba36cb8cd5b/screenshot - {}
RESULT: {}
RESULT: {}
COMMAND: POST /session/e9436a53cdf5c0a1eee30ba36cb8cd5b/element - {"using":"xpath","value":"(//div[contains(@id ,\"selectMulti\")][@role=\"checkbox\"])[8]"}
RESULT: {"using":"xpath","value":"(//div[contains(@id ,\"selectMulti\")][@role=\"checkbox\"])[8]"}
COMMAND: POST /session/e9436a53cdf5c0a1eee30ba36cb8cd5b/element/f.BBFDC0F1250B5963FA96F3FBE9DA08E0.d.56459731AF28D44FC7145AF60DEC65DB.e.7785/click - {}
RESULT: {}
COMMAND: GET /session/e9436a53cdf5c0a1eee30ba36cb8cd5b/screenshot - {}
RESULT: {}
COMMAND: POST /session/e9436a53cdf5c0a1eee30ba36cb8cd5b/execute/async - {"script":"<script> [1562 bytes]","args":[{"selector":{"controlType":"sap.m.Button","viewName":"etm.portal.ui.webshop.view.RequestMaster","properties":{"text":"OK"},"searchOpenDialogs":true,"interaction":{"idSuffix":"BDI-content"}},"wdio_ui5_key":"etmportal.ui.webshop.view.RequestMastersap.m.Button{\"text\":\"OK\"}"}]}
RESULT: {"script":"<script> [1562 bytes]","args":[{"selector":{"controlType":"sap.m.Button","viewName":"etm.portal.ui.webshop.view.RequestMaster","properties":{"text":"OK"},"searchOpenDialogs":true,"interaction":{"idSuffix":"BDI-content"}},"wdio_ui5_key":"etmportal.ui.webshop.view.RequestMastersap.m.Button{\"text\":\"OK\"}"}]}
RESULT: undefined
COMMAND: POST /session/e9436a53cdf5c0a1eee30ba36cb8cd5b/element - {"using":"xpath","value":"//*[@id=\"__xmlview74--smartFilterBar-adapt-filters-dialog-confirmBtn\"]"}
RESULT: {"using":"xpath","value":"//*[@id=\"__xmlview74--smartFilterBar-adapt-filters-dialog-confirmBtn\"]"}
COMMAND: POST /session/e9436a53cdf5c0a1eee30ba36cb8cd5b/element/f.BBFDC0F1250B5963FA96F3FBE9DA08E0.d.56459731AF28D44FC7145AF60DEC65DB.e.7789/click - {}
RESULT: {}
COMMAND: GET /session/e9436a53cdf5c0a1eee30ba36cb8cd5b/screenshot - {}
RESULT: {}
COMMAND: POST /session/e9436a53cdf5c0a1eee30ba36cb8cd5b/element - {"using":"xpath","value":"//input[contains(@id ,\"smartFilterBar-filterItemControlA_-ALL_TAGS-inner\")]"}
RESULT: {"using":"xpath","value":"//input[contains(@id ,\"smartFilterBar-filterItemControlA_-ALL_TAGS-inner\")]"}
COMMAND: POST /session/e9436a53cdf5c0a1eee30ba36cb8cd5b/element/f.BBFDC0F1250B5963FA96F3FBE9DA08E0.d.56459731AF28D44FC7145AF60DEC65DB.e.7797/clear - {}
RESULT: {}
COMMAND: POST /session/e9436a53cdf5c0a1eee30ba36cb8cd5b/element/f.BBFDC0F1250B5963FA96F3FBE9DA08E0.d.56459731AF28D44FC7145AF60DEC65DB.e.7797/value - {"text":"tag1"}
COMMAND: GET /session/e9436a53cdf5c0a1eee30ba36cb8cd5b/screenshot - {}
RESULT: {"text":"tag1"}
COMMAND: GET /session/e9436a53cdf5c0a1eee30ba36cb8cd5b/screenshot - {}
RESULT: {}
RESULT: {}
COMMAND: POST /session/e9436a53cdf5c0a1eee30ba36cb8cd5b/actions - {"actions":[{"id":"action15","type":"key","parameters":{},"actions":[{"type":"keyDown","value":""},{"type":"pause","duration":10},{"type":"keyUp","value":""}]}]}
RESULT: {"actions":[{"id":"action15","type":"key","parameters":{},"actions":[{"type":"keyDown","value":""},{"type":"pause","duration":10},{"type":"keyUp","value":""}]}]}
COMMAND: GET /session/e9436a53cdf5c0a1eee30ba36cb8cd5b/screenshot - {}
RESULT: {}
RESULT: undefined
COMMAND: POST /session/e9436a53cdf5c0a1eee30ba36cb8cd5b/execute/async - {"script":"<script> [6424 bytes]","args":[{"element-6066-11e4-a52e-4f735466cecf":"f.BBFDC0F1250B5963FA96F3FBE9DA08E0.d.56459731AF28D44FC7145AF60DEC65DB.e.7603"},"getText",[]]}
RESULT: {"script":"<script> [6424 bytes]","args":[{"element-6066-11e4-a52e-4f735466cecf":"f.BBFDC0F1250B5963FA96F3FBE9DA08E0.d.56459731AF28D44FC7145AF60DEC65DB.e.7603"},"getText",[]]}
COMMAND: POST /session/e9436a53cdf5c0a1eee30ba36cb8cd5b/execute/async - {"script":"<script> [1562 bytes]","args":[{"selector":{"controlType":"sap.ui.core.Icon","viewName":"etm.portal.ui.webshop.view.RequestMaster","properties":{"src":{"regex":{"source":"action\\-settings"}}}},"wdio_ui5_key":"etmportal.ui.webshop.view.RequestMastersap.ui.core.Icon{\"src\":{\"regex\":{\"source\":\"action\\\\-settings\"}}}"}]}
RESULT: {"script":"<script> [1562 bytes]","args":[{"selector":{"controlType":"sap.ui.core.Icon","viewName":"etm.portal.ui.webshop.view.RequestMaster","properties":{"src":{"regex":{"source":"action\\-settings"}}}},"wdio_ui5_key":"etmportal.ui.webshop.view.RequestMastersap.ui.core.Icon{\"src\":{\"regex\":{\"source\":\"action\\\\-settings\"}}}"}]}
RESULT: undefined
COMMAND: POST /session/e9436a53cdf5c0a1eee30ba36cb8cd5b/element - {"using":"xpath","value":"//*[@id=\"__xmlview74--smartTable-btnPersonalisation-img\"]"}
RESULT: {"using":"xpath","value":"//*[@id=\"__xmlview74--smartTable-btnPersonalisation-img\"]"}
COMMAND: POST /session/e9436a53cdf5c0a1eee30ba36cb8cd5b/element/f.BBFDC0F1250B5963FA96F3FBE9DA08E0.d.56459731AF28D44FC7145AF60DEC65DB.e.7555/click - {}
RESULT: {}
COMMAND: GET /session/e9436a53cdf5c0a1eee30ba36cb8cd5b/screenshot - {}
RESULT: {}
COMMAND: POST /session/e9436a53cdf5c0a1eee30ba36cb8cd5b/element - {"using":"xpath","value":"//input[contains(@id ,\"searchField-I\")]"}
RESULT: {"using":"xpath","value":"//input[contains(@id ,\"searchField-I\")]"}
COMMAND: POST /session/e9436a53cdf5c0a1eee30ba36cb8cd5b/element/f.BBFDC0F1250B5963FA96F3FBE9DA08E0.d.56459731AF28D44FC7145AF60DEC65DB.e.7826/clear - {}
RESULT: {}
COMMAND: POST /session/e9436a53cdf5c0a1eee30ba36cb8cd5b/element/f.BBFDC0F1250B5963FA96F3FBE9DA08E0.d.56459731AF28D44FC7145AF60DEC65DB.e.7826/value - {"text":"tags"}
COMMAND: GET /session/e9436a53cdf5c0a1eee30ba36cb8cd5b/screenshot - {}
RESULT: {"text":"tags"}
COMMAND: GET /session/e9436a53cdf5c0a1eee30ba36cb8cd5b/screenshot - {}
RESULT: {}
RESULT: {}
COMMAND: POST /session/e9436a53cdf5c0a1eee30ba36cb8cd5b/element - {"using":"xpath","value":"(//div[contains(@id ,\"selectMulti\")][@role=\"checkbox\"])[8]"}
RESULT: {"using":"xpath","value":"(//div[contains(@id ,\"selectMulti\")][@role=\"checkbox\"])[8]"}
COMMAND: POST /session/e9436a53cdf5c0a1eee30ba36cb8cd5b/element/f.BBFDC0F1250B5963FA96F3FBE9DA08E0.d.56459731AF28D44FC7145AF60DEC65DB.e.7894/click - {}
RESULT: {}
COMMAND: GET /session/e9436a53cdf5c0a1eee30ba36cb8cd5b/screenshot - {}
RESULT: {}
COMMAND: POST /session/e9436a53cdf5c0a1eee30ba36cb8cd5b/element - {"using":"xpath","value":"//div[contains(@id ,\"searchField-reset\")]"}
RESULT: {"using":"xpath","value":"//div[contains(@id ,\"searchField-reset\")]"}
COMMAND: POST /session/e9436a53cdf5c0a1eee30ba36cb8cd5b/element - {"using":"xpath","value":"//input[contains(@id ,\"searchField-I\")]"}
RESULT: {"using":"xpath","value":"//input[contains(@id ,\"searchField-I\")]"}
COMMAND: POST /session/e9436a53cdf5c0a1eee30ba36cb8cd5b/element/f.BBFDC0F1250B5963FA96F3FBE9DA08E0.d.56459731AF28D44FC7145AF60DEC65DB.e.7826/clear - {}
RESULT: {}
COMMAND: POST /session/e9436a53cdf5c0a1eee30ba36cb8cd5b/element/f.BBFDC0F1250B5963FA96F3FBE9DA08E0.d.56459731AF28D44FC7145AF60DEC65DB.e.7826/value - {"text":"status"}
COMMAND: GET /session/e9436a53cdf5c0a1eee30ba36cb8cd5b/screenshot - {}
RESULT: {"text":"status"}
COMMAND: GET /session/e9436a53cdf5c0a1eee30ba36cb8cd5b/screenshot - {}
RESULT: {}
RESULT: {}
COMMAND: POST /session/e9436a53cdf5c0a1eee30ba36cb8cd5b/element - {"using":"xpath","value":"(//div[contains(@id ,\"selectMulti\")][@role=\"checkbox\"])[8]"}
RESULT: {"using":"xpath","value":"(//div[contains(@id ,\"selectMulti\")][@role=\"checkbox\"])[8]"}
COMMAND: POST /session/e9436a53cdf5c0a1eee30ba36cb8cd5b/element/f.BBFDC0F1250B5963FA96F3FBE9DA08E0.d.56459731AF28D44FC7145AF60DEC65DB.e.7894/click - {}
RESULT: {}
COMMAND: GET /session/e9436a53cdf5c0a1eee30ba36cb8cd5b/screenshot - {}
RESULT: {}
COMMAND: POST /session/e9436a53cdf5c0a1eee30ba36cb8cd5b/element - {"using":"xpath","value":"//bdi[contains(@id ,\"confirmBtn-BDI-content\")]"}
RESULT: {"using":"xpath","value":"//bdi[contains(@id ,\"confirmBtn-BDI-content\")]"}
COMMAND: POST /session/e9436a53cdf5c0a1eee30ba36cb8cd5b/element/f.BBFDC0F1250B5963FA96F3FBE9DA08E0.d.56459731AF28D44FC7145AF60DEC65DB.e.7900/click - {}
RESULT: {}
COMMAND: GET /session/e9436a53cdf5c0a1eee30ba36cb8cd5b/screenshot - {}
RESULT: {}
COMMAND: POST /session/e9436a53cdf5c0a1eee30ba36cb8cd5b/element - {"using":"xpath","value":"(//span[contains(text(), \"Status\")])[2]"}
RESULT: {"using":"xpath","value":"(//span[contains(text(), \"Status\")])[2]"}
COMMAND: POST /session/e9436a53cdf5c0a1eee30ba36cb8cd5b/element - {"using":"xpath","value":"(//span[contains(text(), \"Status\")])[2]"}
RESULT: {"using":"xpath","value":"(//span[contains(text(), \"Status\")])[2]"}
COMMAND: POST /session/e9436a53cdf5c0a1eee30ba36cb8cd5b/element - {"using":"xpath","value":"(//bdi[contains(text(), \"Tags\")])[2]"}
RESULT: {"using":"xpath","value":"(//bdi[contains(text(), \"Tags\")])[2]"}
COMMAND: POST /session/e9436a53cdf5c0a1eee30ba36cb8cd5b/execute/sync - {"script":"<script> [8489 bytes]","args":[{"element-6066-11e4-a52e-4f735466cecf":"f.BBFDC0F1250B5963FA96F3FBE9DA08E0.d.56459731AF28D44FC7145AF60DEC65DB.e.7908","ELEMENT":"f.BBFDC0F1250B5963FA96F3FBE9DA08E0.d.56459731AF28D44FC7145AF60DEC65DB.e.7908"}]}
RESULT: {"script":"<script> [8489 bytes]","args":[{"element-6066-11e4-a52e-4f735466cecf":"f.BBFDC0F1250B5963FA96F3FBE9DA08E0.d.56459731AF28D44FC7145AF60DEC65DB.e.7908","ELEMENT":"f.BBFDC0F1250B5963FA96F3FBE9DA08E0.d.56459731AF28D44FC7145AF60DEC65DB.e.7908"}]}
COMMAND: POST /session/e9436a53cdf5c0a1eee30ba36cb8cd5b/element - {"using":"xpath","value":"//span[contains(@title ,\"Remove\")]"}
COMMAND: GET /session/e9436a53cdf5c0a1eee30ba36cb8cd5b/screenshot - {}
RESULT: {"using":"xpath","value":"//span[contains(@title ,\"Remove\")]"}
COMMAND: POST /session/e9436a53cdf5c0a1eee30ba36cb8cd5b/element/f.BBFDC0F1250B5963FA96F3FBE9DA08E0.d.56459731AF28D44FC7145AF60DEC65DB.e.7909/click - {}
RESULT: {}
RESULT: {}
COMMAND: GET /session/e9436a53cdf5c0a1eee30ba36cb8cd5b/screenshot - {}
RESULT: {}
COMMAND: POST /session/e9436a53cdf5c0a1eee30ba36cb8cd5b/element - {"using":"xpath","value":"//button[contains(@id ,\"btnDeleteRequest\")]"}
RESULT: {"using":"xpath","value":"//button[contains(@id ,\"btnDeleteRequest\")]"}
COMMAND: POST /session/e9436a53cdf5c0a1eee30ba36cb8cd5b/element - {"using":"xpath","value":"//button[contains(@id ,\"btnDeleteRequest\")]"}
RESULT: {"using":"xpath","value":"//button[contains(@id ,\"btnDeleteRequest\")]"}
COMMAND: POST /session/e9436a53cdf5c0a1eee30ba36cb8cd5b/element - {"using":"xpath","value":"(//span[contains(text(), \"Draft\")])[1]"}
RESULT: {"using":"xpath","value":"(//span[contains(text(), \"Draft\")])[1]"}
COMMAND: POST /session/e9436a53cdf5c0a1eee30ba36cb8cd5b/element/f.BBFDC0F1250B5963FA96F3FBE9DA08E0.d.56459731AF28D44FC7145AF60DEC65DB.e.7934/click - {}
RESULT: {}
COMMAND: GET /session/e9436a53cdf5c0a1eee30ba36cb8cd5b/screenshot - {}
RESULT: {}
COMMAND: POST /session/e9436a53cdf5c0a1eee30ba36cb8cd5b/element - {"using":"xpath","value":"//button[contains(@id ,\"btnDeleteRequest\")]"}
RESULT: {"using":"xpath","value":"//button[contains(@id ,\"btnDeleteRequest\")]"}
COMMAND: POST /session/e9436a53cdf5c0a1eee30ba36cb8cd5b/execute/sync - {"script":"<script> [8489 bytes]","args":[{"element-6066-11e4-a52e-4f735466cecf":"f.BBFDC0F1250B5963FA96F3FBE9DA08E0.d.56459731AF28D44FC7145AF60DEC65DB.e.7965","ELEMENT":"f.BBFDC0F1250B5963FA96F3FBE9DA08E0.d.56459731AF28D44FC7145AF60DEC65DB.e.7965"}]}
RESULT: {"script":"<script> [8489 bytes]","args":[{"element-6066-11e4-a52e-4f735466cecf":"f.BBFDC0F1250B5963FA96F3FBE9DA08E0.d.56459731AF28D44FC7145AF60DEC65DB.e.7965","ELEMENT":"f.BBFDC0F1250B5963FA96F3FBE9DA08E0.d.56459731AF28D44FC7145AF60DEC65DB.e.7965"}]}
COMMAND: POST /session/e9436a53cdf5c0a1eee30ba36cb8cd5b/element - {"using":"xpath","value":"(//span[contains(text(), \"Proposal\")])[1]"}
COMMAND: GET /session/e9436a53cdf5c0a1eee30ba36cb8cd5b/screenshot - {}
RESULT: {"using":"xpath","value":"(//span[contains(text(), \"Proposal\")])[1]"}
COMMAND: POST /session/e9436a53cdf5c0a1eee30ba36cb8cd5b/element/f.BBFDC0F1250B5963FA96F3FBE9DA08E0.d.56459731AF28D44FC7145AF60DEC65DB.e.8053/click - {}
RESULT: {}
RESULT: {}
COMMAND: GET /session/e9436a53cdf5c0a1eee30ba36cb8cd5b/screenshot - {}
RESULT: {}
COMMAND: POST /session/e9436a53cdf5c0a1eee30ba36cb8cd5b/execute/sync - {"script":"<script> [8489 bytes]","args":[{"element-6066-11e4-a52e-4f735466cecf":"f.BBFDC0F1250B5963FA96F3FBE9DA08E0.d.56459731AF28D44FC7145AF60DEC65DB.e.7965","ELEMENT":"f.BBFDC0F1250B5963FA96F3FBE9DA08E0.d.56459731AF28D44FC7145AF60DEC65DB.e.7965"}]}
RESULT: {"script":"<script> [8489 bytes]","args":[{"element-6066-11e4-a52e-4f735466cecf":"f.BBFDC0F1250B5963FA96F3FBE9DA08E0.d.56459731AF28D44FC7145AF60DEC65DB.e.7965","ELEMENT":"f.BBFDC0F1250B5963FA96F3FBE9DA08E0.d.56459731AF28D44FC7145AF60DEC65DB.e.7965"}]}
COMMAND: POST /session/e9436a53cdf5c0a1eee30ba36cb8cd5b/element - {"using":"xpath","value":"//li[contains(@data-kt ,\"exitWebshopNavigationListItem\")]"}
COMMAND: GET /session/e9436a53cdf5c0a1eee30ba36cb8cd5b/screenshot - {}
RESULT: {"using":"xpath","value":"//li[contains(@data-kt ,\"exitWebshopNavigationListItem\")]"}
COMMAND: POST /session/e9436a53cdf5c0a1eee30ba36cb8cd5b/element/f.BBFDC0F1250B5963FA96F3FBE9DA08E0.d.56459731AF28D44FC7145AF60DEC65DB.e.8128/click - {}
RESULT: {}
RESULT: {}
COMMAND: GET /session/e9436a53cdf5c0a1eee30ba36cb8cd5b/screenshot - {}
RESULT: {}
COMMAND: DELETE /session/e9436a53cdf5c0a1eee30ba36cb8cd5b - {}
RESULT: {}
]]></system-out>
    </testcase>
  </testsuite>
</testsuites>