<?xml version="1.0" encoding="UTF-8"?>
<testsuites tests="80" failures="4" errors="4" skipped="0">
  <testsuite timestamp="2025-05-24T16:22:29" time="892.071" tests="8" failures="0" errors="0" skipped="0">
    <properties>
      <property name="specId" value="0"/>
      <property name="suiteName" value="Stock increase - with WHM US125587"/>
      <property name="capabilities" value="chrome.136_0_7103_93.windows"/>
      <property name="file" value="file:///D:/a/1/s/test/specs/HTR/stock-increase.spec.js"/>
    </properties>
    <testcase classname="chrome.136_0_7103_93.windows.Stock_increase_-_with_WHM_US125587" name="Should create a new WHM yard" time="144.115">
      <system-out><![CDATA[
COMMAND: POST /session/fcfdec3f19b04732468f3b81cff77eec/window/fullscreen - {}
RESULT: {}
COMMAND: POST /session/fcfdec3f19b04732468f3b81cff77eec/execute/async - {"script":"<script> [1562 bytes]","args":[{"selector":{"controlType":"sap.m.GenericTile","properties":{"header":"Manage Yards"}},"wdio_ui5_key":"sapm.GenericTile{\"header\":\"Manage Yards\"}"}]}
RESULT: {"script":"<script> [1562 bytes]","args":[{"selector":{"controlType":"sap.m.GenericTile","properties":{"header":"Manage Yards"}},"wdio_ui5_key":"sapm.GenericTile{\"header\":\"Manage Yards\"}"}]}
RESULT: undefined
COMMAND: POST /session/fcfdec3f19b04732468f3b81cff77eec/element - {"using":"xpath","value":"//*[@id=\"__tile41\"]"}
RESULT: {"using":"xpath","value":"//*[@id=\"__tile41\"]"}
COMMAND: POST /session/fcfdec3f19b04732468f3b81cff77eec/element/f.4917B356C9E108E3489CB9DCB9E54F9E.d.DAD161E8D6780BD93F2DAFDD6E06FD5F.e.130/click - {}
RESULT: {}
COMMAND: GET /session/fcfdec3f19b04732468f3b81cff77eec/screenshot - {}
RESULT: {}
COMMAND: POST /session/fcfdec3f19b04732468f3b81cff77eec/elements - {"using":"xpath","value":"//span[text()='Error']"}
RESULT: {"using":"xpath","value":"//span[text()='Error']"}
COMMAND: POST /session/fcfdec3f19b04732468f3b81cff77eec/element - {"using":"xpath","value":"//button[@data-kt=\"addNewYardOverflowToolbarButton\"]"}
RESULT: {"using":"xpath","value":"//button[@data-kt=\"addNewYardOverflowToolbarButton\"]"}
COMMAND: POST /session/fcfdec3f19b04732468f3b81cff77eec/elements - {"using":"xpath","value":"//button[@data-kt=\"addNewYardOverflowToolbarButton\"]"}
RESULT: {"using":"xpath","value":"//button[@data-kt=\"addNewYardOverflowToolbarButton\"]"}
COMMAND: POST /session/fcfdec3f19b04732468f3b81cff77eec/elements - {"using":"xpath","value":"//button[@data-kt=\"addNewYardOverflowToolbarButton\"]"}
RESULT: {"using":"xpath","value":"//button[@data-kt=\"addNewYardOverflowToolbarButton\"]"}
COMMAND: POST /session/fcfdec3f19b04732468f3b81cff77eec/elements - {"using":"xpath","value":"//button[@data-kt=\"addNewYardOverflowToolbarButton\"]"}
RESULT: {"using":"xpath","value":"//button[@data-kt=\"addNewYardOverflowToolbarButton\"]"}
COMMAND: POST /session/fcfdec3f19b04732468f3b81cff77eec/elements - {"using":"xpath","value":"//button[@data-kt=\"addNewYardOverflowToolbarButton\"]"}
RESULT: {"using":"xpath","value":"//button[@data-kt=\"addNewYardOverflowToolbarButton\"]"}
COMMAND: POST /session/fcfdec3f19b04732468f3b81cff77eec/elements - {"using":"xpath","value":"//button[@data-kt=\"addNewYardOverflowToolbarButton\"]"}
RESULT: {"using":"xpath","value":"//button[@data-kt=\"addNewYardOverflowToolbarButton\"]"}
COMMAND: POST /session/fcfdec3f19b04732468f3b81cff77eec/elements - {"using":"xpath","value":"//button[@data-kt=\"addNewYardOverflowToolbarButton\"]"}
RESULT: {"using":"xpath","value":"//button[@data-kt=\"addNewYardOverflowToolbarButton\"]"}
COMMAND: POST /session/fcfdec3f19b04732468f3b81cff77eec/elements - {"using":"xpath","value":"//button[@data-kt=\"addNewYardOverflowToolbarButton\"]"}
RESULT: {"using":"xpath","value":"//button[@data-kt=\"addNewYardOverflowToolbarButton\"]"}
COMMAND: POST /session/fcfdec3f19b04732468f3b81cff77eec/elements - {"using":"xpath","value":"//button[@data-kt=\"addNewYardOverflowToolbarButton\"]"}
RESULT: {"using":"xpath","value":"//button[@data-kt=\"addNewYardOverflowToolbarButton\"]"}
COMMAND: POST /session/fcfdec3f19b04732468f3b81cff77eec/elements - {"using":"xpath","value":"//button[@data-kt=\"addNewYardOverflowToolbarButton\"]"}
RESULT: {"using":"xpath","value":"//button[@data-kt=\"addNewYardOverflowToolbarButton\"]"}
COMMAND: POST /session/fcfdec3f19b04732468f3b81cff77eec/elements - {"using":"xpath","value":"//button[@data-kt=\"addNewYardOverflowToolbarButton\"]"}
RESULT: {"using":"xpath","value":"//button[@data-kt=\"addNewYardOverflowToolbarButton\"]"}
COMMAND: POST /session/fcfdec3f19b04732468f3b81cff77eec/elements - {"using":"xpath","value":"//button[@data-kt=\"addNewYardOverflowToolbarButton\"]"}
RESULT: {"using":"xpath","value":"//button[@data-kt=\"addNewYardOverflowToolbarButton\"]"}
COMMAND: POST /session/fcfdec3f19b04732468f3b81cff77eec/elements - {"using":"xpath","value":"//button[@data-kt=\"addNewYardOverflowToolbarButton\"]"}
RESULT: {"using":"xpath","value":"//button[@data-kt=\"addNewYardOverflowToolbarButton\"]"}
COMMAND: POST /session/fcfdec3f19b04732468f3b81cff77eec/elements - {"using":"xpath","value":"//button[@data-kt=\"addNewYardOverflowToolbarButton\"]"}
RESULT: {"using":"xpath","value":"//button[@data-kt=\"addNewYardOverflowToolbarButton\"]"}
COMMAND: POST /session/fcfdec3f19b04732468f3b81cff77eec/elements - {"using":"xpath","value":"//button[@data-kt=\"addNewYardOverflowToolbarButton\"]"}
RESULT: {"using":"xpath","value":"//button[@data-kt=\"addNewYardOverflowToolbarButton\"]"}
COMMAND: POST /session/fcfdec3f19b04732468f3b81cff77eec/elements - {"using":"xpath","value":"//button[@data-kt=\"addNewYardOverflowToolbarButton\"]"}
RESULT: {"using":"xpath","value":"//button[@data-kt=\"addNewYardOverflowToolbarButton\"]"}
COMMAND: POST /session/fcfdec3f19b04732468f3b81cff77eec/element - {"using":"xpath","value":"//button[@data-kt=\"addNewYardOverflowToolbarButton\"]"}
RESULT: {"using":"xpath","value":"//button[@data-kt=\"addNewYardOverflowToolbarButton\"]"}
COMMAND: POST /session/fcfdec3f19b04732468f3b81cff77eec/execute/sync - {"script":"<script> [8489 bytes]","args":[{"element-6066-11e4-a52e-4f735466cecf":"f.4917B356C9E108E3489CB9DCB9E54F9E.d.DAD161E8D6780BD93F2DAFDD6E06FD5F.e.266","ELEMENT":"f.4917B356C9E108E3489CB9DCB9E54F9E.d.DAD161E8D6780BD93F2DAFDD6E06FD5F.e.266"}]}
RESULT: {"script":"<script> [8489 bytes]","args":[{"element-6066-11e4-a52e-4f735466cecf":"f.4917B356C9E108E3489CB9DCB9E54F9E.d.DAD161E8D6780BD93F2DAFDD6E06FD5F.e.266","ELEMENT":"f.4917B356C9E108E3489CB9DCB9E54F9E.d.DAD161E8D6780BD93F2DAFDD6E06FD5F.e.266"}]}
COMMAND: GET /session/fcfdec3f19b04732468f3b81cff77eec/element/f.4917B356C9E108E3489CB9DCB9E54F9E.d.DAD161E8D6780BD93F2DAFDD6E06FD5F.e.266/enabled - {}
COMMAND: GET /session/fcfdec3f19b04732468f3b81cff77eec/screenshot - {}
RESULT: {}
COMMAND: POST /session/fcfdec3f19b04732468f3b81cff77eec/execute/sync - {"script":"<script> [8489 bytes]","args":[{"element-6066-11e4-a52e-4f735466cecf":"f.4917B356C9E108E3489CB9DCB9E54F9E.d.DAD161E8D6780BD93F2DAFDD6E06FD5F.e.266","ELEMENT":"f.4917B356C9E108E3489CB9DCB9E54F9E.d.DAD161E8D6780BD93F2DAFDD6E06FD5F.e.266"}]}
COMMAND: GET /session/fcfdec3f19b04732468f3b81cff77eec/screenshot - {}
RESULT: {}
RESULT: {"script":"<script> [8489 bytes]","args":[{"element-6066-11e4-a52e-4f735466cecf":"f.4917B356C9E108E3489CB9DCB9E54F9E.d.DAD161E8D6780BD93F2DAFDD6E06FD5F.e.266","ELEMENT":"f.4917B356C9E108E3489CB9DCB9E54F9E.d.DAD161E8D6780BD93F2DAFDD6E06FD5F.e.266"}]}
COMMAND: POST /session/fcfdec3f19b04732468f3b81cff77eec/execute/sync - {"script":"<script> [5351 bytes]","args":[{"element-6066-11e4-a52e-4f735466cecf":"f.4917B356C9E108E3489CB9DCB9E54F9E.d.DAD161E8D6780BD93F2DAFDD6E06FD5F.e.266","ELEMENT":"f.4917B356C9E108E3489CB9DCB9E54F9E.d.DAD161E8D6780BD93F2DAFDD6E06FD5F.e.266"}]}
COMMAND: GET /session/fcfdec3f19b04732468f3b81cff77eec/screenshot - {}
RESULT: {}
RESULT: {"script":"<script> [5351 bytes]","args":[{"element-6066-11e4-a52e-4f735466cecf":"f.4917B356C9E108E3489CB9DCB9E54F9E.d.DAD161E8D6780BD93F2DAFDD6E06FD5F.e.266","ELEMENT":"f.4917B356C9E108E3489CB9DCB9E54F9E.d.DAD161E8D6780BD93F2DAFDD6E06FD5F.e.266"}]}
COMMAND: POST /session/fcfdec3f19b04732468f3b81cff77eec/element/f.4917B356C9E108E3489CB9DCB9E54F9E.d.DAD161E8D6780BD93F2DAFDD6E06FD5F.e.266/click - {}
COMMAND: GET /session/fcfdec3f19b04732468f3b81cff77eec/screenshot - {}
RESULT: {}
RESULT: {}
COMMAND: GET /session/fcfdec3f19b04732468f3b81cff77eec/screenshot - {}
COMMAND: POST /session/fcfdec3f19b04732468f3b81cff77eec/element - {"using":"xpath","value":"//input[@id=\"application-manageyards-display-component---NewYard--yardId-inner\"]"}
RESULT: {}
RESULT: {}
RESULT: {"using":"xpath","value":"//input[@id=\"application-manageyards-display-component---NewYard--yardId-inner\"]"}
COMMAND: POST /session/fcfdec3f19b04732468f3b81cff77eec/element - {"using":"xpath","value":"//input[@id=\"application-manageyards-display-component---NewYard--yardId-inner\"]"}
RESULT: {"using":"xpath","value":"//input[@id=\"application-manageyards-display-component---NewYard--yardId-inner\"]"}
COMMAND: POST /session/fcfdec3f19b04732468f3b81cff77eec/execute/async - {"script":"<script> [1562 bytes]","args":[{"selector":{"id":"application-manageyards-display-component---NewYard--addressDetailDetailsName1","interaction":{"idSuffix":"inner"}},"wdio_ui5_key":"applicationmanageyards-display-component---NewYard--addressDetailDetailsName1"}]}
RESULT: {"script":"<script> [1562 bytes]","args":[{"selector":{"id":"application-manageyards-display-component---NewYard--addressDetailDetailsName1","interaction":{"idSuffix":"inner"}},"wdio_ui5_key":"applicationmanageyards-display-component---NewYard--addressDetailDetailsName1"}]}
RESULT: undefined
COMMAND: POST /session/fcfdec3f19b04732468f3b81cff77eec/execute/async - {"script":"<script> [776 bytes]","args":[{"enterText":"Warehouse Managed WDIO","selector":{"id":"application-manageyards-display-component---NewYard--addressDetailDetailsName1","interaction":{"idSuffix":"inner"}},"clearTextFirst":true,"interactionType":"ENTER_TEXT"}]}
RESULT: {"script":"<script> [776 bytes]","args":[{"enterText":"Warehouse Managed WDIO","selector":{"id":"application-manageyards-display-component---NewYard--addressDetailDetailsName1","interaction":{"idSuffix":"inner"}},"clearTextFirst":true,"interactionType":"ENTER_TEXT"}]}
COMMAND: POST /session/fcfdec3f19b04732468f3b81cff77eec/execute/async - {"script":"<script> [1562 bytes]","args":[{"selector":{"id":"application-manageyards-display-component---NewYard--addressDetailDetailsLanguage-arrow"},"wdio_ui5_key":"applicationmanageyards-display-component---NewYard--addressDetailDetailsLanguage-arrow"}]}
RESULT: {"script":"<script> [1562 bytes]","args":[{"selector":{"id":"application-manageyards-display-component---NewYard--addressDetailDetailsLanguage-arrow"},"wdio_ui5_key":"applicationmanageyards-display-component---NewYard--addressDetailDetailsLanguage-arrow"}]}
RESULT: undefined
COMMAND: POST /session/fcfdec3f19b04732468f3b81cff77eec/element - {"using":"xpath","value":"//*[@id=\"application-manageyards-display-component---NewYard--addressDetailDetailsLanguage-arrow\"]"}
RESULT: {"using":"xpath","value":"//*[@id=\"application-manageyards-display-component---NewYard--addressDetailDetailsLanguage-arrow\"]"}
COMMAND: POST /session/fcfdec3f19b04732468f3b81cff77eec/element/f.4917B356C9E108E3489CB9DCB9E54F9E.d.DAD161E8D6780BD93F2DAFDD6E06FD5F.e.695/click - {}
RESULT: {}
COMMAND: POST /session/fcfdec3f19b04732468f3b81cff77eec/element - {"using":"xpath","value":"//span[contains(text(), \"English\")]"}
COMMAND: GET /session/fcfdec3f19b04732468f3b81cff77eec/screenshot - {}
RESULT: {"using":"xpath","value":"//span[contains(text(), \"English\")]"}
COMMAND: POST /session/fcfdec3f19b04732468f3b81cff77eec/element/f.4917B356C9E108E3489CB9DCB9E54F9E.d.DAD161E8D6780BD93F2DAFDD6E06FD5F.e.696/click - {}
RESULT: {}
RESULT: {}
COMMAND: POST /session/fcfdec3f19b04732468f3b81cff77eec/execute/async - {"script":"<script> [1562 bytes]","args":[{"selector":{"id":"application-manageyards-display-component---NewYard--addressDetailDetailsCity1","interaction":{"idSuffix":"inner"}},"wdio_ui5_key":"applicationmanageyards-display-component---NewYard--addressDetailDetailsCity1"}]}
COMMAND: GET /session/fcfdec3f19b04732468f3b81cff77eec/screenshot - {}
RESULT: {"script":"<script> [1562 bytes]","args":[{"selector":{"id":"application-manageyards-display-component---NewYard--addressDetailDetailsCity1","interaction":{"idSuffix":"inner"}},"wdio_ui5_key":"applicationmanageyards-display-component---NewYard--addressDetailDetailsCity1"}]}
RESULT: undefined
COMMAND: POST /session/fcfdec3f19b04732468f3b81cff77eec/execute/async - {"script":"<script> [776 bytes]","args":[{"enterText":"Rosario","selector":{"id":"application-manageyards-display-component---NewYard--addressDetailDetailsCity1","interaction":{"idSuffix":"inner"}},"clearTextFirst":true,"interactionType":"ENTER_TEXT"}]}
RESULT: {}
RESULT: {"script":"<script> [776 bytes]","args":[{"enterText":"Rosario","selector":{"id":"application-manageyards-display-component---NewYard--addressDetailDetailsCity1","interaction":{"idSuffix":"inner"}},"clearTextFirst":true,"interactionType":"ENTER_TEXT"}]}
COMMAND: POST /session/fcfdec3f19b04732468f3b81cff77eec/execute/async - {"script":"<script> [1562 bytes]","args":[{"selector":{"id":"application-manageyards-display-component---NewYard--addressDetailDetailsCountry-arrow"},"wdio_ui5_key":"applicationmanageyards-display-component---NewYard--addressDetailDetailsCountry-arrow"}]}
RESULT: {"script":"<script> [1562 bytes]","args":[{"selector":{"id":"application-manageyards-display-component---NewYard--addressDetailDetailsCountry-arrow"},"wdio_ui5_key":"applicationmanageyards-display-component---NewYard--addressDetailDetailsCountry-arrow"}]}
RESULT: undefined
COMMAND: POST /session/fcfdec3f19b04732468f3b81cff77eec/element - {"using":"xpath","value":"//*[@id=\"application-manageyards-display-component---NewYard--addressDetailDetailsCountry-arrow\"]"}
RESULT: {"using":"xpath","value":"//*[@id=\"application-manageyards-display-component---NewYard--addressDetailDetailsCountry-arrow\"]"}
COMMAND: POST /session/fcfdec3f19b04732468f3b81cff77eec/element/f.4917B356C9E108E3489CB9DCB9E54F9E.d.DAD161E8D6780BD93F2DAFDD6E06FD5F.e.698/click - {}
RESULT: {}
COMMAND: POST /session/fcfdec3f19b04732468f3b81cff77eec/element - {"using":"xpath","value":"//span[contains(text(), \"Argentina\")]"}
COMMAND: GET /session/fcfdec3f19b04732468f3b81cff77eec/screenshot - {}
RESULT: {"using":"xpath","value":"//span[contains(text(), \"Argentina\")]"}
COMMAND: POST /session/fcfdec3f19b04732468f3b81cff77eec/element/f.4917B356C9E108E3489CB9DCB9E54F9E.d.DAD161E8D6780BD93F2DAFDD6E06FD5F.e.699/click - {}
RESULT: {}
RESULT: {}
COMMAND: POST /session/fcfdec3f19b04732468f3b81cff77eec/execute/async - {"script":"<script> [1562 bytes]","args":[{"selector":{"id":"application-manageyards-display-component---NewYard--addressEditDetailsCostObjectCstType-arrow"},"wdio_ui5_key":"applicationmanageyards-display-component---NewYard--addressEditDetailsCostObjectCstType-arrow"}]}
COMMAND: GET /session/fcfdec3f19b04732468f3b81cff77eec/screenshot - {}
RESULT: {"script":"<script> [1562 bytes]","args":[{"selector":{"id":"application-manageyards-display-component---NewYard--addressEditDetailsCostObjectCstType-arrow"},"wdio_ui5_key":"applicationmanageyards-display-component---NewYard--addressEditDetailsCostObjectCstType-arrow"}]}
RESULT: undefined
COMMAND: POST /session/fcfdec3f19b04732468f3b81cff77eec/element - {"using":"xpath","value":"//*[@id=\"application-manageyards-display-component---NewYard--addressEditDetailsCostObjectCstType-arrow\"]"}
RESULT: {}
RESULT: {"using":"xpath","value":"//*[@id=\"application-manageyards-display-component---NewYard--addressEditDetailsCostObjectCstType-arrow\"]"}
COMMAND: POST /session/fcfdec3f19b04732468f3b81cff77eec/element/f.4917B356C9E108E3489CB9DCB9E54F9E.d.DAD161E8D6780BD93F2DAFDD6E06FD5F.e.701/click - {}
RESULT: {}
COMMAND: POST /session/fcfdec3f19b04732468f3b81cff77eec/element - {"using":"xpath","value":"//span[contains(text(), \"Cost Center\")]"}
COMMAND: GET /session/fcfdec3f19b04732468f3b81cff77eec/screenshot - {}
RESULT: {"using":"xpath","value":"//span[contains(text(), \"Cost Center\")]"}
COMMAND: POST /session/fcfdec3f19b04732468f3b81cff77eec/element/f.4917B356C9E108E3489CB9DCB9E54F9E.d.DAD161E8D6780BD93F2DAFDD6E06FD5F.e.702/click - {}
RESULT: {}
RESULT: {}
COMMAND: GET /session/fcfdec3f19b04732468f3b81cff77eec/screenshot - {}
RESULT: {}
COMMAND: POST /session/fcfdec3f19b04732468f3b81cff77eec/element - {"using":"xpath","value":"//span[@id=\"application-manageyards-display-component---NewYard--addressNewCostObjectCstID-vhi\"]"}
RESULT: {"using":"xpath","value":"//span[@id=\"application-manageyards-display-component---NewYard--addressNewCostObjectCstID-vhi\"]"}
COMMAND: POST /session/fcfdec3f19b04732468f3b81cff77eec/execute/sync - {"script":"<script> [8489 bytes]","args":[{"element-6066-11e4-a52e-4f735466cecf":"f.4917B356C9E108E3489CB9DCB9E54F9E.d.DAD161E8D6780BD93F2DAFDD6E06FD5F.e.706","ELEMENT":"f.4917B356C9E108E3489CB9DCB9E54F9E.d.DAD161E8D6780BD93F2DAFDD6E06FD5F.e.706"}]}
RESULT: {"script":"<script> [8489 bytes]","args":[{"element-6066-11e4-a52e-4f735466cecf":"f.4917B356C9E108E3489CB9DCB9E54F9E.d.DAD161E8D6780BD93F2DAFDD6E06FD5F.e.706","ELEMENT":"f.4917B356C9E108E3489CB9DCB9E54F9E.d.DAD161E8D6780BD93F2DAFDD6E06FD5F.e.706"}]}
COMMAND: POST /session/fcfdec3f19b04732468f3b81cff77eec/execute/async - {"script":"<script> [1562 bytes]","args":[{"selector":{"id":"application-manageyards-display-component---NewYard--addressNewCostObjectCstID-vhi"},"wdio_ui5_key":"applicationmanageyards-display-component---NewYard--addressNewCostObjectCstID-vhi"}]}
COMMAND: GET /session/fcfdec3f19b04732468f3b81cff77eec/screenshot - {}
RESULT: {"script":"<script> [1562 bytes]","args":[{"selector":{"id":"application-manageyards-display-component---NewYard--addressNewCostObjectCstID-vhi"},"wdio_ui5_key":"applicationmanageyards-display-component---NewYard--addressNewCostObjectCstID-vhi"}]}
RESULT: undefined
COMMAND: POST /session/fcfdec3f19b04732468f3b81cff77eec/element - {"using":"xpath","value":"//*[@id=\"application-manageyards-display-component---NewYard--addressNewCostObjectCstID-vhi\"]"}
RESULT: {}
RESULT: {"using":"xpath","value":"//*[@id=\"application-manageyards-display-component---NewYard--addressNewCostObjectCstID-vhi\"]"}
COMMAND: POST /session/fcfdec3f19b04732468f3b81cff77eec/element/f.4917B356C9E108E3489CB9DCB9E54F9E.d.DAD161E8D6780BD93F2DAFDD6E06FD5F.e.706/click - {}
RESULT: {}
COMMAND: GET /session/fcfdec3f19b04732468f3b81cff77eec/screenshot - {}
RESULT: {}
COMMAND: POST /session/fcfdec3f19b04732468f3b81cff77eec/execute/async - {"script":"<script> [1562 bytes]","args":[{"selector":{"controlType":"sap.m.SearchField","properties":{"placeholder":"Search"},"searchOpenDialogs":true,"interaction":{"idSuffix":"I"}},"wdio_ui5_key":"sapm.SearchField{\"placeholder\":\"Search\"}"}]}
RESULT: {"script":"<script> [1562 bytes]","args":[{"selector":{"controlType":"sap.m.SearchField","properties":{"placeholder":"Search"},"searchOpenDialogs":true,"interaction":{"idSuffix":"I"}},"wdio_ui5_key":"sapm.SearchField{\"placeholder\":\"Search\"}"}]}
RESULT: undefined
COMMAND: POST /session/fcfdec3f19b04732468f3b81cff77eec/execute/async - {"script":"<script> [776 bytes]","args":[{"enterText":"bauh_b","selector":{"controlType":"sap.m.SearchField","properties":{"placeholder":"Search"},"searchOpenDialogs":true,"interaction":{"idSuffix":"I"}},"clearTextFirst":true,"interactionType":"ENTER_TEXT"}]}
RESULT: {"script":"<script> [776 bytes]","args":[{"enterText":"bauh_b","selector":{"controlType":"sap.m.SearchField","properties":{"placeholder":"Search"},"searchOpenDialogs":true,"interaction":{"idSuffix":"I"}},"clearTextFirst":true,"interactionType":"ENTER_TEXT"}]}
COMMAND: POST /session/fcfdec3f19b04732468f3b81cff77eec/actions - {"actions":[{"id":"action1","type":"key","parameters":{},"actions":[{"type":"keyDown","value":""},{"type":"pause","duration":10},{"type":"keyUp","value":""}]}]}
RESULT: {"actions":[{"id":"action1","type":"key","parameters":{},"actions":[{"type":"keyDown","value":""},{"type":"pause","duration":10},{"type":"keyUp","value":""}]}]}
COMMAND: GET /session/fcfdec3f19b04732468f3b81cff77eec/screenshot - {}
RESULT: {}
COMMAND: POST /session/fcfdec3f19b04732468f3b81cff77eec/element - {"using":"xpath","value":"//span[contains(text(), \"Demo Yard\")]"}
RESULT: {"using":"xpath","value":"//span[contains(text(), \"Demo Yard\")]"}
COMMAND: POST /session/fcfdec3f19b04732468f3b81cff77eec/element/f.4917B356C9E108E3489CB9DCB9E54F9E.d.DAD161E8D6780BD93F2DAFDD6E06FD5F.e.747/click - {}
RESULT: {}
COMMAND: GET /session/fcfdec3f19b04732468f3b81cff77eec/screenshot - {}
RESULT: {}
COMMAND: POST /session/fcfdec3f19b04732468f3b81cff77eec/element - {"using":"xpath","value":"//bdi[contains(text(), \"OK\")]"}
RESULT: {"using":"xpath","value":"//bdi[contains(text(), \"OK\")]"}
COMMAND: POST /session/fcfdec3f19b04732468f3b81cff77eec/element/f.4917B356C9E108E3489CB9DCB9E54F9E.d.DAD161E8D6780BD93F2DAFDD6E06FD5F.e.748/click - {}
RESULT: {}
COMMAND: GET /session/fcfdec3f19b04732468f3b81cff77eec/screenshot - {}
RESULT: {}
COMMAND: POST /session/fcfdec3f19b04732468f3b81cff77eec/execute/async - {"script":"<script> [1562 bytes]","args":[{"selector":{"id":"application-manageyards-display-component---NewYard--addressEditDetailsCurrency-arrow"},"wdio_ui5_key":"applicationmanageyards-display-component---NewYard--addressEditDetailsCurrency-arrow"}]}
RESULT: {"script":"<script> [1562 bytes]","args":[{"selector":{"id":"application-manageyards-display-component---NewYard--addressEditDetailsCurrency-arrow"},"wdio_ui5_key":"applicationmanageyards-display-component---NewYard--addressEditDetailsCurrency-arrow"}]}
RESULT: undefined
COMMAND: POST /session/fcfdec3f19b04732468f3b81cff77eec/element - {"using":"xpath","value":"//*[@id=\"application-manageyards-display-component---NewYard--addressEditDetailsCurrency-arrow\"]"}
RESULT: {"using":"xpath","value":"//*[@id=\"application-manageyards-display-component---NewYard--addressEditDetailsCurrency-arrow\"]"}
COMMAND: POST /session/fcfdec3f19b04732468f3b81cff77eec/element/f.4917B356C9E108E3489CB9DCB9E54F9E.d.DAD161E8D6780BD93F2DAFDD6E06FD5F.e.751/click - {}
RESULT: {}
COMMAND: POST /session/fcfdec3f19b04732468f3b81cff77eec/element - {"using":"xpath","value":"//span[contains(text(), \"Euro\")]"}
COMMAND: GET /session/fcfdec3f19b04732468f3b81cff77eec/screenshot - {}
RESULT: {"using":"xpath","value":"//span[contains(text(), \"Euro\")]"}
COMMAND: POST /session/fcfdec3f19b04732468f3b81cff77eec/element/f.4917B356C9E108E3489CB9DCB9E54F9E.d.DAD161E8D6780BD93F2DAFDD6E06FD5F.e.752/click - {}
RESULT: {}
RESULT: {}
COMMAND: POST /session/fcfdec3f19b04732468f3b81cff77eec/execute/async - {"script":"<script> [1562 bytes]","args":[{"selector":{"controlType":"sap.m.Input","viewName":"etm.portal.ui.manageyards.view.New","viewId":"application-manageyards-display-component---NewYard","bindingPath":{"path":"","propertyPath":"/CONTROLLING_AREA","modelName":"NewYardModel"},"interaction":{"idSuffix":"inner"}},"wdio_ui5_key":"etmportal.ui.manageyards.view.Newsap.m.Input{\"path\":\"\",\"propertyPath\":\"/CONTROLLING_AREA\",\"modelName\":\"NewYardModel\"}"}]}
COMMAND: GET /session/fcfdec3f19b04732468f3b81cff77eec/screenshot - {}
RESULT: {"script":"<script> [1562 bytes]","args":[{"selector":{"controlType":"sap.m.Input","viewName":"etm.portal.ui.manageyards.view.New","viewId":"application-manageyards-display-component---NewYard","bindingPath":{"path":"","propertyPath":"/CONTROLLING_AREA","modelName":"NewYardModel"},"interaction":{"idSuffix":"inner"}},"wdio_ui5_key":"etmportal.ui.manageyards.view.Newsap.m.Input{\"path\":\"\",\"propertyPath\":\"/CONTROLLING_AREA\",\"modelName\":\"NewYardModel\"}"}]}
RESULT: undefined
COMMAND: POST /session/fcfdec3f19b04732468f3b81cff77eec/execute/async - {"script":"<script> [776 bytes]","args":[{"enterText":"Z001","selector":{"controlType":"sap.m.Input","viewName":"etm.portal.ui.manageyards.view.New","viewId":"application-manageyards-display-component---NewYard","bindingPath":{"path":"","propertyPath":"/CONTROLLING_AREA","modelName":"NewYardModel"},"interaction":{"idSuffix":"inner"}},"clearTextFirst":true,"interactionType":"ENTER_TEXT"}]}
RESULT: {}
RESULT: {"script":"<script> [776 bytes]","args":[{"enterText":"Z001","selector":{"controlType":"sap.m.Input","viewName":"etm.portal.ui.manageyards.view.New","viewId":"application-manageyards-display-component---NewYard","bindingPath":{"path":"","propertyPath":"/CONTROLLING_AREA","modelName":"NewYardModel"},"interaction":{"idSuffix":"inner"}},"clearTextFirst":true,"interactionType":"ENTER_TEXT"}]}
COMMAND: POST /session/fcfdec3f19b04732468f3b81cff77eec/execute/async - {"script":"<script> [1562 bytes]","args":[{"selector":{"id":"application-manageyards-display-component---NewYard--companyCodeComboBox","interaction":{"idSuffix":"inner"}},"wdio_ui5_key":"applicationmanageyards-display-component---NewYard--companyCodeComboBox"}]}
RESULT: {"script":"<script> [1562 bytes]","args":[{"selector":{"id":"application-manageyards-display-component---NewYard--companyCodeComboBox","interaction":{"idSuffix":"inner"}},"wdio_ui5_key":"applicationmanageyards-display-component---NewYard--companyCodeComboBox"}]}
RESULT: undefined
COMMAND: POST /session/fcfdec3f19b04732468f3b81cff77eec/execute/async - {"script":"<script> [776 bytes]","args":[{"enterText":"1000","selector":{"id":"application-manageyards-display-component---NewYard--companyCodeComboBox","interaction":{"idSuffix":"inner"}},"clearTextFirst":true,"interactionType":"ENTER_TEXT"}]}
RESULT: {"script":"<script> [776 bytes]","args":[{"enterText":"1000","selector":{"id":"application-manageyards-display-component---NewYard--companyCodeComboBox","interaction":{"idSuffix":"inner"}},"clearTextFirst":true,"interactionType":"ENTER_TEXT"}]}
COMMAND: POST /session/fcfdec3f19b04732468f3b81cff77eec/execute/async - {"script":"<script> [1562 bytes]","args":[{"selector":{"controlType":"sap.m.Input","viewName":"etm.portal.ui.manageyards.view.New","viewId":"application-manageyards-display-component---NewYard","bindingPath":{"path":"","propertyPath":"/PLANT","modelName":"NewYardModel"},"interaction":{"idSuffix":"inner"}},"wdio_ui5_key":"etmportal.ui.manageyards.view.Newsap.m.Input{\"path\":\"\",\"propertyPath\":\"/PLANT\",\"modelName\":\"NewYardModel\"}"}]}
RESULT: {"script":"<script> [1562 bytes]","args":[{"selector":{"controlType":"sap.m.Input","viewName":"etm.portal.ui.manageyards.view.New","viewId":"application-manageyards-display-component---NewYard","bindingPath":{"path":"","propertyPath":"/PLANT","modelName":"NewYardModel"},"interaction":{"idSuffix":"inner"}},"wdio_ui5_key":"etmportal.ui.manageyards.view.Newsap.m.Input{\"path\":\"\",\"propertyPath\":\"/PLANT\",\"modelName\":\"NewYardModel\"}"}]}
RESULT: undefined
COMMAND: POST /session/fcfdec3f19b04732468f3b81cff77eec/execute/async - {"script":"<script> [776 bytes]","args":[{"enterText":"1001","selector":{"controlType":"sap.m.Input","viewName":"etm.portal.ui.manageyards.view.New","viewId":"application-manageyards-display-component---NewYard","bindingPath":{"path":"","propertyPath":"/PLANT","modelName":"NewYardModel"},"interaction":{"idSuffix":"inner"}},"clearTextFirst":true,"interactionType":"ENTER_TEXT"}]}
RESULT: {"script":"<script> [776 bytes]","args":[{"enterText":"1001","selector":{"controlType":"sap.m.Input","viewName":"etm.portal.ui.manageyards.view.New","viewId":"application-manageyards-display-component---NewYard","bindingPath":{"path":"","propertyPath":"/PLANT","modelName":"NewYardModel"},"interaction":{"idSuffix":"inner"}},"clearTextFirst":true,"interactionType":"ENTER_TEXT"}]}
COMMAND: POST /session/fcfdec3f19b04732468f3b81cff77eec/execute/async - {"script":"<script> [1562 bytes]","args":[{"selector":{"controlType":"sap.m.Input","viewName":"etm.portal.ui.manageyards.view.New","viewId":"application-manageyards-display-component---NewYard","bindingPath":{"path":"","propertyPath":"/SALES_AREA_VKORG","modelName":"NewYardModel"},"interaction":{"idSuffix":"inner"}},"wdio_ui5_key":"etmportal.ui.manageyards.view.Newsap.m.Input{\"path\":\"\",\"propertyPath\":\"/SALES_AREA_VKORG\",\"modelName\":\"NewYardModel\"}"}]}
RESULT: {"script":"<script> [1562 bytes]","args":[{"selector":{"controlType":"sap.m.Input","viewName":"etm.portal.ui.manageyards.view.New","viewId":"application-manageyards-display-component---NewYard","bindingPath":{"path":"","propertyPath":"/SALES_AREA_VKORG","modelName":"NewYardModel"},"interaction":{"idSuffix":"inner"}},"wdio_ui5_key":"etmportal.ui.manageyards.view.Newsap.m.Input{\"path\":\"\",\"propertyPath\":\"/SALES_AREA_VKORG\",\"modelName\":\"NewYardModel\"}"}]}
RESULT: undefined
COMMAND: POST /session/fcfdec3f19b04732468f3b81cff77eec/execute/async - {"script":"<script> [776 bytes]","args":[{"enterText":"C002","selector":{"controlType":"sap.m.Input","viewName":"etm.portal.ui.manageyards.view.New","viewId":"application-manageyards-display-component---NewYard","bindingPath":{"path":"","propertyPath":"/SALES_AREA_VKORG","modelName":"NewYardModel"},"interaction":{"idSuffix":"inner"}},"clearTextFirst":true,"interactionType":"ENTER_TEXT"}]}
RESULT: {"script":"<script> [776 bytes]","args":[{"enterText":"C002","selector":{"controlType":"sap.m.Input","viewName":"etm.portal.ui.manageyards.view.New","viewId":"application-manageyards-display-component---NewYard","bindingPath":{"path":"","propertyPath":"/SALES_AREA_VKORG","modelName":"NewYardModel"},"interaction":{"idSuffix":"inner"}},"clearTextFirst":true,"interactionType":"ENTER_TEXT"}]}
COMMAND: POST /session/fcfdec3f19b04732468f3b81cff77eec/execute/async - {"script":"<script> [1562 bytes]","args":[{"selector":{"controlType":"sap.m.Input","viewName":"etm.portal.ui.manageyards.view.New","viewId":"application-manageyards-display-component---NewYard","bindingPath":{"path":"","propertyPath":"/SALES_AREA_VTWEG","modelName":"NewYardModel"},"interaction":{"idSuffix":"inner"}},"wdio_ui5_key":"etmportal.ui.manageyards.view.Newsap.m.Input{\"path\":\"\",\"propertyPath\":\"/SALES_AREA_VTWEG\",\"modelName\":\"NewYardModel\"}"}]}
RESULT: {"script":"<script> [1562 bytes]","args":[{"selector":{"controlType":"sap.m.Input","viewName":"etm.portal.ui.manageyards.view.New","viewId":"application-manageyards-display-component---NewYard","bindingPath":{"path":"","propertyPath":"/SALES_AREA_VTWEG","modelName":"NewYardModel"},"interaction":{"idSuffix":"inner"}},"wdio_ui5_key":"etmportal.ui.manageyards.view.Newsap.m.Input{\"path\":\"\",\"propertyPath\":\"/SALES_AREA_VTWEG\",\"modelName\":\"NewYardModel\"}"}]}
RESULT: undefined
COMMAND: POST /session/fcfdec3f19b04732468f3b81cff77eec/execute/async - {"script":"<script> [776 bytes]","args":[{"enterText":"C2","selector":{"controlType":"sap.m.Input","viewName":"etm.portal.ui.manageyards.view.New","viewId":"application-manageyards-display-component---NewYard","bindingPath":{"path":"","propertyPath":"/SALES_AREA_VTWEG","modelName":"NewYardModel"},"interaction":{"idSuffix":"inner"}},"clearTextFirst":true,"interactionType":"ENTER_TEXT"}]}
RESULT: {"script":"<script> [776 bytes]","args":[{"enterText":"C2","selector":{"controlType":"sap.m.Input","viewName":"etm.portal.ui.manageyards.view.New","viewId":"application-manageyards-display-component---NewYard","bindingPath":{"path":"","propertyPath":"/SALES_AREA_VTWEG","modelName":"NewYardModel"},"interaction":{"idSuffix":"inner"}},"clearTextFirst":true,"interactionType":"ENTER_TEXT"}]}
COMMAND: POST /session/fcfdec3f19b04732468f3b81cff77eec/execute/async - {"script":"<script> [1562 bytes]","args":[{"selector":{"controlType":"sap.m.Input","viewName":"etm.portal.ui.manageyards.view.New","viewId":"application-manageyards-display-component---NewYard","bindingPath":{"path":"","propertyPath":"/SALES_AREA_SPART","modelName":"NewYardModel"},"interaction":{"idSuffix":"inner"}},"wdio_ui5_key":"etmportal.ui.manageyards.view.Newsap.m.Input{\"path\":\"\",\"propertyPath\":\"/SALES_AREA_SPART\",\"modelName\":\"NewYardModel\"}"}]}
RESULT: {"script":"<script> [1562 bytes]","args":[{"selector":{"controlType":"sap.m.Input","viewName":"etm.portal.ui.manageyards.view.New","viewId":"application-manageyards-display-component---NewYard","bindingPath":{"path":"","propertyPath":"/SALES_AREA_SPART","modelName":"NewYardModel"},"interaction":{"idSuffix":"inner"}},"wdio_ui5_key":"etmportal.ui.manageyards.view.Newsap.m.Input{\"path\":\"\",\"propertyPath\":\"/SALES_AREA_SPART\",\"modelName\":\"NewYardModel\"}"}]}
RESULT: undefined
COMMAND: POST /session/fcfdec3f19b04732468f3b81cff77eec/execute/async - {"script":"<script> [776 bytes]","args":[{"enterText":"C2","selector":{"controlType":"sap.m.Input","viewName":"etm.portal.ui.manageyards.view.New","viewId":"application-manageyards-display-component---NewYard","bindingPath":{"path":"","propertyPath":"/SALES_AREA_SPART","modelName":"NewYardModel"},"interaction":{"idSuffix":"inner"}},"clearTextFirst":true,"interactionType":"ENTER_TEXT"}]}
RESULT: {"script":"<script> [776 bytes]","args":[{"enterText":"C2","selector":{"controlType":"sap.m.Input","viewName":"etm.portal.ui.manageyards.view.New","viewId":"application-manageyards-display-component---NewYard","bindingPath":{"path":"","propertyPath":"/SALES_AREA_SPART","modelName":"NewYardModel"},"interaction":{"idSuffix":"inner"}},"clearTextFirst":true,"interactionType":"ENTER_TEXT"}]}
COMMAND: POST /session/fcfdec3f19b04732468f3b81cff77eec/execute/async - {"script":"<script> [1562 bytes]","args":[{"selector":{"controlType":"sap.m.Input","viewName":"etm.portal.ui.manageyards.view.New","viewId":"application-manageyards-display-component---NewYard","bindingPath":{"path":"","propertyPath":"/SHIP_POINT","modelName":"NewYardModel"},"interaction":{"idSuffix":"inner"}},"wdio_ui5_key":"etmportal.ui.manageyards.view.Newsap.m.Input{\"path\":\"\",\"propertyPath\":\"/SHIP_POINT\",\"modelName\":\"NewYardModel\"}"}]}
RESULT: {"script":"<script> [1562 bytes]","args":[{"selector":{"controlType":"sap.m.Input","viewName":"etm.portal.ui.manageyards.view.New","viewId":"application-manageyards-display-component---NewYard","bindingPath":{"path":"","propertyPath":"/SHIP_POINT","modelName":"NewYardModel"},"interaction":{"idSuffix":"inner"}},"wdio_ui5_key":"etmportal.ui.manageyards.view.Newsap.m.Input{\"path\":\"\",\"propertyPath\":\"/SHIP_POINT\",\"modelName\":\"NewYardModel\"}"}]}
RESULT: undefined
COMMAND: POST /session/fcfdec3f19b04732468f3b81cff77eec/execute/async - {"script":"<script> [776 bytes]","args":[{"enterText":"1710","selector":{"controlType":"sap.m.Input","viewName":"etm.portal.ui.manageyards.view.New","viewId":"application-manageyards-display-component---NewYard","bindingPath":{"path":"","propertyPath":"/SHIP_POINT","modelName":"NewYardModel"},"interaction":{"idSuffix":"inner"}},"clearTextFirst":true,"interactionType":"ENTER_TEXT"}]}
RESULT: {"script":"<script> [776 bytes]","args":[{"enterText":"1710","selector":{"controlType":"sap.m.Input","viewName":"etm.portal.ui.manageyards.view.New","viewId":"application-manageyards-display-component---NewYard","bindingPath":{"path":"","propertyPath":"/SHIP_POINT","modelName":"NewYardModel"},"interaction":{"idSuffix":"inner"}},"clearTextFirst":true,"interactionType":"ENTER_TEXT"}]}
COMMAND: POST /session/fcfdec3f19b04732468f3b81cff77eec/execute/async - {"script":"<script> [1562 bytes]","args":[{"selector":{"controlType":"sap.m.Input","viewName":"etm.portal.ui.manageyards.view.New","viewId":"application-manageyards-display-component---NewYard","bindingPath":{"path":"","propertyPath":"/DELIVERY_TYPE","modelName":"NewYardModel"},"interaction":{"idSuffix":"inner"}},"wdio_ui5_key":"etmportal.ui.manageyards.view.Newsap.m.Input{\"path\":\"\",\"propertyPath\":\"/DELIVERY_TYPE\",\"modelName\":\"NewYardModel\"}"}]}
RESULT: {"script":"<script> [1562 bytes]","args":[{"selector":{"controlType":"sap.m.Input","viewName":"etm.portal.ui.manageyards.view.New","viewId":"application-manageyards-display-component---NewYard","bindingPath":{"path":"","propertyPath":"/DELIVERY_TYPE","modelName":"NewYardModel"},"interaction":{"idSuffix":"inner"}},"wdio_ui5_key":"etmportal.ui.manageyards.view.Newsap.m.Input{\"path\":\"\",\"propertyPath\":\"/DELIVERY_TYPE\",\"modelName\":\"NewYardModel\"}"}]}
RESULT: undefined
COMMAND: POST /session/fcfdec3f19b04732468f3b81cff77eec/execute/async - {"script":"<script> [776 bytes]","args":[{"enterText":"ZL01","selector":{"controlType":"sap.m.Input","viewName":"etm.portal.ui.manageyards.view.New","viewId":"application-manageyards-display-component---NewYard","bindingPath":{"path":"","propertyPath":"/DELIVERY_TYPE","modelName":"NewYardModel"},"interaction":{"idSuffix":"inner"}},"clearTextFirst":true,"interactionType":"ENTER_TEXT"}]}
RESULT: {"script":"<script> [776 bytes]","args":[{"enterText":"ZL01","selector":{"controlType":"sap.m.Input","viewName":"etm.portal.ui.manageyards.view.New","viewId":"application-manageyards-display-component---NewYard","bindingPath":{"path":"","propertyPath":"/DELIVERY_TYPE","modelName":"NewYardModel"},"interaction":{"idSuffix":"inner"}},"clearTextFirst":true,"interactionType":"ENTER_TEXT"}]}
COMMAND: POST /session/fcfdec3f19b04732468f3b81cff77eec/execute/async - {"script":"<script> [1562 bytes]","args":[{"selector":{"controlType":"sap.m.Input","viewName":"etm.portal.ui.manageyards.view.New","viewId":"application-manageyards-display-component---NewYard","bindingPath":{"path":"","propertyPath":"/AUART","modelName":"NewYardModel"},"interaction":{"idSuffix":"inner"}},"wdio_ui5_key":"etmportal.ui.manageyards.view.Newsap.m.Input{\"path\":\"\",\"propertyPath\":\"/AUART\",\"modelName\":\"NewYardModel\"}"}]}
RESULT: {"script":"<script> [1562 bytes]","args":[{"selector":{"controlType":"sap.m.Input","viewName":"etm.portal.ui.manageyards.view.New","viewId":"application-manageyards-display-component---NewYard","bindingPath":{"path":"","propertyPath":"/AUART","modelName":"NewYardModel"},"interaction":{"idSuffix":"inner"}},"wdio_ui5_key":"etmportal.ui.manageyards.view.Newsap.m.Input{\"path\":\"\",\"propertyPath\":\"/AUART\",\"modelName\":\"NewYardModel\"}"}]}
RESULT: undefined
COMMAND: POST /session/fcfdec3f19b04732468f3b81cff77eec/execute/async - {"script":"<script> [776 bytes]","args":[{"enterText":"TA","selector":{"controlType":"sap.m.Input","viewName":"etm.portal.ui.manageyards.view.New","viewId":"application-manageyards-display-component---NewYard","bindingPath":{"path":"","propertyPath":"/AUART","modelName":"NewYardModel"},"interaction":{"idSuffix":"inner"}},"clearTextFirst":true,"interactionType":"ENTER_TEXT"}]}
RESULT: {"script":"<script> [776 bytes]","args":[{"enterText":"TA","selector":{"controlType":"sap.m.Input","viewName":"etm.portal.ui.manageyards.view.New","viewId":"application-manageyards-display-component---NewYard","bindingPath":{"path":"","propertyPath":"/AUART","modelName":"NewYardModel"},"interaction":{"idSuffix":"inner"}},"clearTextFirst":true,"interactionType":"ENTER_TEXT"}]}
COMMAND: POST /session/fcfdec3f19b04732468f3b81cff77eec/execute/async - {"script":"<script> [1562 bytes]","args":[{"selector":{"id":"application-manageyards-display-component---NewYard--whmCheckBox","interaction":{"idSuffix":"CbBg"}},"wdio_ui5_key":"applicationmanageyards-display-component---NewYard--whmCheckBox"}]}
RESULT: {"script":"<script> [1562 bytes]","args":[{"selector":{"id":"application-manageyards-display-component---NewYard--whmCheckBox","interaction":{"idSuffix":"CbBg"}},"wdio_ui5_key":"applicationmanageyards-display-component---NewYard--whmCheckBox"}]}
RESULT: undefined
COMMAND: POST /session/fcfdec3f19b04732468f3b81cff77eec/element - {"using":"xpath","value":"//*[@id=\"application-manageyards-display-component---NewYard--whmCheckBox\"]"}
RESULT: {"using":"xpath","value":"//*[@id=\"application-manageyards-display-component---NewYard--whmCheckBox\"]"}
COMMAND: POST /session/fcfdec3f19b04732468f3b81cff77eec/element/f.4917B356C9E108E3489CB9DCB9E54F9E.d.DAD161E8D6780BD93F2DAFDD6E06FD5F.e.772/click - {}
RESULT: {}
COMMAND: GET /session/fcfdec3f19b04732468f3b81cff77eec/screenshot - {}
RESULT: {}
COMMAND: POST /session/fcfdec3f19b04732468f3b81cff77eec/element - {"using":"xpath","value":"//button[@data-kt=\"newYardSaveButton\"]"}
RESULT: {"using":"xpath","value":"//button[@data-kt=\"newYardSaveButton\"]"}
COMMAND: POST /session/fcfdec3f19b04732468f3b81cff77eec/element/f.4917B356C9E108E3489CB9DCB9E54F9E.d.DAD161E8D6780BD93F2DAFDD6E06FD5F.e.680/click - {}
RESULT: {}
COMMAND: GET /session/fcfdec3f19b04732468f3b81cff77eec/screenshot - {}
RESULT: {}
COMMAND: POST /session/fcfdec3f19b04732468f3b81cff77eec/element - {"using":"xpath","value":"//header[contains(@id, 'ObjectPageLayout-headerTitle')]/div[1]/div[2]/div[1]/span[1]"}
RESULT: {"using":"xpath","value":"//header[contains(@id, 'ObjectPageLayout-headerTitle')]/div[1]/div[2]/div[1]/span[1]"}
COMMAND: POST /session/fcfdec3f19b04732468f3b81cff77eec/elements - {"using":"xpath","value":"//header[contains(@id, 'ObjectPageLayout-headerTitle')]/div[1]/div[2]/div[1]/span[1]"}
RESULT: {"using":"xpath","value":"//header[contains(@id, 'ObjectPageLayout-headerTitle')]/div[1]/div[2]/div[1]/span[1]"}
COMMAND: POST /session/fcfdec3f19b04732468f3b81cff77eec/execute/sync - {"script":"<script> [56 bytes]","args":[{"element-6066-11e4-a52e-4f735466cecf":"f.4917B356C9E108E3489CB9DCB9E54F9E.d.DAD161E8D6780BD93F2DAFDD6E06FD5F.e.974","ELEMENT":"f.4917B356C9E108E3489CB9DCB9E54F9E.d.DAD161E8D6780BD93F2DAFDD6E06FD5F.e.974"}]}
RESULT: {"script":"<script> [56 bytes]","args":[{"element-6066-11e4-a52e-4f735466cecf":"f.4917B356C9E108E3489CB9DCB9E54F9E.d.DAD161E8D6780BD93F2DAFDD6E06FD5F.e.974","ELEMENT":"f.4917B356C9E108E3489CB9DCB9E54F9E.d.DAD161E8D6780BD93F2DAFDD6E06FD5F.e.974"}]}
COMMAND: GET /session/fcfdec3f19b04732468f3b81cff77eec/screenshot - {}
RESULT: {}
COMMAND: POST /session/fcfdec3f19b04732468f3b81cff77eec/element - {"using":"css selector","value":"#shell-header-logo"}
RESULT: {"using":"css selector","value":"#shell-header-logo"}
COMMAND: POST /session/fcfdec3f19b04732468f3b81cff77eec/element/f.4917B356C9E108E3489CB9DCB9E54F9E.d.DAD161E8D6780BD93F2DAFDD6E06FD5F.e.234/click - {}
RESULT: {}
COMMAND: GET /session/fcfdec3f19b04732468f3b81cff77eec/screenshot - {}
RESULT: {}
COMMAND: POST /session/fcfdec3f19b04732468f3b81cff77eec/execute/sync - {"script":"<script> [299 bytes]","args":[["getModel","getResource"]]}
RESULT: {"script":"<script> [299 bytes]","args":[["getModel","getResource"]]}
]]></system-out>
    </testcase>
    <testcase classname="chrome.136_0_7103_93.windows.Stock_increase_-_with_WHM_US125587" name="Should create a new external WHM partner" time="102.049">
      <system-out><![CDATA[
COMMAND: GET /session/fcfdec3f19b04732468f3b81cff77eec/screenshot - {}
COMMAND: POST /session/fcfdec3f19b04732468f3b81cff77eec/window/fullscreen - {}
RESULT: {}
COMMAND: POST /session/fcfdec3f19b04732468f3b81cff77eec/execute/async - {"script":"<script> [1562 bytes]","args":[{"selector":{"controlType":"sap.m.GenericTile","properties":{"header":"Manage Partners"}},"wdio_ui5_key":"sapm.GenericTile{\"header\":\"Manage Partners\"}"}]}
RESULT: {}
RESULT: {"script":"<script> [1562 bytes]","args":[{"selector":{"controlType":"sap.m.GenericTile","properties":{"header":"Manage Partners"}},"wdio_ui5_key":"sapm.GenericTile{\"header\":\"Manage Partners\"}"}]}
RESULT: undefined
COMMAND: POST /session/fcfdec3f19b04732468f3b81cff77eec/element - {"using":"xpath","value":"//*[@id=\"__tile38\"]"}
RESULT: {"using":"xpath","value":"//*[@id=\"__tile38\"]"}
COMMAND: POST /session/fcfdec3f19b04732468f3b81cff77eec/element/f.4917B356C9E108E3489CB9DCB9E54F9E.d.DAD161E8D6780BD93F2DAFDD6E06FD5F.e.121/click - {}
RESULT: {}
COMMAND: GET /session/fcfdec3f19b04732468f3b81cff77eec/screenshot - {}
RESULT: {}
COMMAND: POST /session/fcfdec3f19b04732468f3b81cff77eec/elements - {"using":"xpath","value":"//span[text()='Error']"}
RESULT: {"using":"xpath","value":"//span[text()='Error']"}
COMMAND: POST /session/fcfdec3f19b04732468f3b81cff77eec/element - {"using":"xpath","value":"//button[@data-kt=\"addButton\"]"}
RESULT: {"using":"xpath","value":"//button[@data-kt=\"addButton\"]"}
COMMAND: POST /session/fcfdec3f19b04732468f3b81cff77eec/elements - {"using":"xpath","value":"//button[@data-kt=\"addButton\"]"}
RESULT: {"using":"xpath","value":"//button[@data-kt=\"addButton\"]"}
COMMAND: POST /session/fcfdec3f19b04732468f3b81cff77eec/elements - {"using":"xpath","value":"//button[@data-kt=\"addButton\"]"}
RESULT: {"using":"xpath","value":"//button[@data-kt=\"addButton\"]"}
COMMAND: POST /session/fcfdec3f19b04732468f3b81cff77eec/elements - {"using":"xpath","value":"//button[@data-kt=\"addButton\"]"}
RESULT: {"using":"xpath","value":"//button[@data-kt=\"addButton\"]"}
COMMAND: POST /session/fcfdec3f19b04732468f3b81cff77eec/elements - {"using":"xpath","value":"//button[@data-kt=\"addButton\"]"}
RESULT: {"using":"xpath","value":"//button[@data-kt=\"addButton\"]"}
COMMAND: POST /session/fcfdec3f19b04732468f3b81cff77eec/elements - {"using":"xpath","value":"//button[@data-kt=\"addButton\"]"}
RESULT: {"using":"xpath","value":"//button[@data-kt=\"addButton\"]"}
COMMAND: POST /session/fcfdec3f19b04732468f3b81cff77eec/element - {"using":"xpath","value":"//button[@data-kt=\"addButton\"]"}
RESULT: {"using":"xpath","value":"//button[@data-kt=\"addButton\"]"}
COMMAND: POST /session/fcfdec3f19b04732468f3b81cff77eec/execute/sync - {"script":"<script> [8489 bytes]","args":[{"element-6066-11e4-a52e-4f735466cecf":"f.4917B356C9E108E3489CB9DCB9E54F9E.d.DAD161E8D6780BD93F2DAFDD6E06FD5F.e.1011","ELEMENT":"f.4917B356C9E108E3489CB9DCB9E54F9E.d.DAD161E8D6780BD93F2DAFDD6E06FD5F.e.1011"}]}
RESULT: {"script":"<script> [8489 bytes]","args":[{"element-6066-11e4-a52e-4f735466cecf":"f.4917B356C9E108E3489CB9DCB9E54F9E.d.DAD161E8D6780BD93F2DAFDD6E06FD5F.e.1011","ELEMENT":"f.4917B356C9E108E3489CB9DCB9E54F9E.d.DAD161E8D6780BD93F2DAFDD6E06FD5F.e.1011"}]}
COMMAND: GET /session/fcfdec3f19b04732468f3b81cff77eec/element/f.4917B356C9E108E3489CB9DCB9E54F9E.d.DAD161E8D6780BD93F2DAFDD6E06FD5F.e.1011/enabled - {}
COMMAND: GET /session/fcfdec3f19b04732468f3b81cff77eec/screenshot - {}
RESULT: {}
COMMAND: POST /session/fcfdec3f19b04732468f3b81cff77eec/execute/sync - {"script":"<script> [8489 bytes]","args":[{"element-6066-11e4-a52e-4f735466cecf":"f.4917B356C9E108E3489CB9DCB9E54F9E.d.DAD161E8D6780BD93F2DAFDD6E06FD5F.e.1011","ELEMENT":"f.4917B356C9E108E3489CB9DCB9E54F9E.d.DAD161E8D6780BD93F2DAFDD6E06FD5F.e.1011"}]}
COMMAND: GET /session/fcfdec3f19b04732468f3b81cff77eec/screenshot - {}
RESULT: {}
RESULT: {}
RESULT: {"script":"<script> [8489 bytes]","args":[{"element-6066-11e4-a52e-4f735466cecf":"f.4917B356C9E108E3489CB9DCB9E54F9E.d.DAD161E8D6780BD93F2DAFDD6E06FD5F.e.1011","ELEMENT":"f.4917B356C9E108E3489CB9DCB9E54F9E.d.DAD161E8D6780BD93F2DAFDD6E06FD5F.e.1011"}]}
COMMAND: POST /session/fcfdec3f19b04732468f3b81cff77eec/execute/sync - {"script":"<script> [5351 bytes]","args":[{"element-6066-11e4-a52e-4f735466cecf":"f.4917B356C9E108E3489CB9DCB9E54F9E.d.DAD161E8D6780BD93F2DAFDD6E06FD5F.e.1011","ELEMENT":"f.4917B356C9E108E3489CB9DCB9E54F9E.d.DAD161E8D6780BD93F2DAFDD6E06FD5F.e.1011"}]}
COMMAND: GET /session/fcfdec3f19b04732468f3b81cff77eec/screenshot - {}
RESULT: {"script":"<script> [5351 bytes]","args":[{"element-6066-11e4-a52e-4f735466cecf":"f.4917B356C9E108E3489CB9DCB9E54F9E.d.DAD161E8D6780BD93F2DAFDD6E06FD5F.e.1011","ELEMENT":"f.4917B356C9E108E3489CB9DCB9E54F9E.d.DAD161E8D6780BD93F2DAFDD6E06FD5F.e.1011"}]}
COMMAND: POST /session/fcfdec3f19b04732468f3b81cff77eec/element/f.4917B356C9E108E3489CB9DCB9E54F9E.d.DAD161E8D6780BD93F2DAFDD6E06FD5F.e.1011/click - {}
COMMAND: GET /session/fcfdec3f19b04732468f3b81cff77eec/screenshot - {}
RESULT: {}
RESULT: {}
COMMAND: GET /session/fcfdec3f19b04732468f3b81cff77eec/screenshot - {}
RESULT: {}
COMMAND: POST /session/fcfdec3f19b04732468f3b81cff77eec/execute/async - {"script":"<script> [1562 bytes]","args":[{"selector":{"id":"application-managepartners-display-component---NewPartner--addressDetailDetailsName1","interaction":{"idSuffix":"inner"}},"wdio_ui5_key":"applicationmanagepartners-display-component---NewPartner--addressDetailDetailsName1"}]}
RESULT: {}
RESULT: {"script":"<script> [1562 bytes]","args":[{"selector":{"id":"application-managepartners-display-component---NewPartner--addressDetailDetailsName1","interaction":{"idSuffix":"inner"}},"wdio_ui5_key":"applicationmanagepartners-display-component---NewPartner--addressDetailDetailsName1"}]}
RESULT: undefined
COMMAND: POST /session/fcfdec3f19b04732468f3b81cff77eec/execute/async - {"script":"<script> [776 bytes]","args":[{"enterText":"External Partner WDIO","selector":{"id":"application-managepartners-display-component---NewPartner--addressDetailDetailsName1","interaction":{"idSuffix":"inner"}},"clearTextFirst":true,"interactionType":"ENTER_TEXT"}]}
RESULT: {"script":"<script> [776 bytes]","args":[{"enterText":"External Partner WDIO","selector":{"id":"application-managepartners-display-component---NewPartner--addressDetailDetailsName1","interaction":{"idSuffix":"inner"}},"clearTextFirst":true,"interactionType":"ENTER_TEXT"}]}
COMMAND: POST /session/fcfdec3f19b04732468f3b81cff77eec/execute/async - {"script":"<script> [1562 bytes]","args":[{"selector":{"id":"application-managepartners-display-component---NewPartner--addressDetailDetailsLanguage-arrow"},"wdio_ui5_key":"applicationmanagepartners-display-component---NewPartner--addressDetailDetailsLanguage-arrow"}]}
RESULT: {"script":"<script> [1562 bytes]","args":[{"selector":{"id":"application-managepartners-display-component---NewPartner--addressDetailDetailsLanguage-arrow"},"wdio_ui5_key":"applicationmanagepartners-display-component---NewPartner--addressDetailDetailsLanguage-arrow"}]}
RESULT: undefined
COMMAND: POST /session/fcfdec3f19b04732468f3b81cff77eec/element - {"using":"xpath","value":"//*[@id=\"application-managepartners-display-component---NewPartner--addressDetailDetailsLanguage-arrow\"]"}
RESULT: {"using":"xpath","value":"//*[@id=\"application-managepartners-display-component---NewPartner--addressDetailDetailsLanguage-arrow\"]"}
COMMAND: POST /session/fcfdec3f19b04732468f3b81cff77eec/element/f.4917B356C9E108E3489CB9DCB9E54F9E.d.DAD161E8D6780BD93F2DAFDD6E06FD5F.e.1438/click - {}
RESULT: {}
COMMAND: POST /session/fcfdec3f19b04732468f3b81cff77eec/element - {"using":"xpath","value":"//span[contains(text(), \"English\")]"}
COMMAND: GET /session/fcfdec3f19b04732468f3b81cff77eec/screenshot - {}
RESULT: {"using":"xpath","value":"//span[contains(text(), \"English\")]"}
COMMAND: POST /session/fcfdec3f19b04732468f3b81cff77eec/element/f.4917B356C9E108E3489CB9DCB9E54F9E.d.DAD161E8D6780BD93F2DAFDD6E06FD5F.e.1439/click - {}
RESULT: {}
RESULT: {}
COMMAND: GET /session/fcfdec3f19b04732468f3b81cff77eec/screenshot - {}
RESULT: {}
COMMAND: POST /session/fcfdec3f19b04732468f3b81cff77eec/execute/async - {"script":"<script> [1562 bytes]","args":[{"selector":{"id":"application-managepartners-display-component---NewPartner--addressDetailDetailsCity1","interaction":{"idSuffix":"inner"}},"wdio_ui5_key":"applicationmanagepartners-display-component---NewPartner--addressDetailDetailsCity1"}]}
RESULT: {"script":"<script> [1562 bytes]","args":[{"selector":{"id":"application-managepartners-display-component---NewPartner--addressDetailDetailsCity1","interaction":{"idSuffix":"inner"}},"wdio_ui5_key":"applicationmanagepartners-display-component---NewPartner--addressDetailDetailsCity1"}]}
RESULT: undefined
COMMAND: POST /session/fcfdec3f19b04732468f3b81cff77eec/execute/async - {"script":"<script> [776 bytes]","args":[{"enterText":"Rosario","selector":{"id":"application-managepartners-display-component---NewPartner--addressDetailDetailsCity1","interaction":{"idSuffix":"inner"}},"clearTextFirst":true,"interactionType":"ENTER_TEXT"}]}
RESULT: {"script":"<script> [776 bytes]","args":[{"enterText":"Rosario","selector":{"id":"application-managepartners-display-component---NewPartner--addressDetailDetailsCity1","interaction":{"idSuffix":"inner"}},"clearTextFirst":true,"interactionType":"ENTER_TEXT"}]}
COMMAND: POST /session/fcfdec3f19b04732468f3b81cff77eec/execute/async - {"script":"<script> [1562 bytes]","args":[{"selector":{"id":"application-managepartners-display-component---NewPartner--addressDetailDetailsCountry-arrow"},"wdio_ui5_key":"applicationmanagepartners-display-component---NewPartner--addressDetailDetailsCountry-arrow"}]}
RESULT: {"script":"<script> [1562 bytes]","args":[{"selector":{"id":"application-managepartners-display-component---NewPartner--addressDetailDetailsCountry-arrow"},"wdio_ui5_key":"applicationmanagepartners-display-component---NewPartner--addressDetailDetailsCountry-arrow"}]}
RESULT: undefined
COMMAND: POST /session/fcfdec3f19b04732468f3b81cff77eec/element - {"using":"xpath","value":"//*[@id=\"application-managepartners-display-component---NewPartner--addressDetailDetailsCountry-arrow\"]"}
RESULT: {"using":"xpath","value":"//*[@id=\"application-managepartners-display-component---NewPartner--addressDetailDetailsCountry-arrow\"]"}
COMMAND: POST /session/fcfdec3f19b04732468f3b81cff77eec/element/f.4917B356C9E108E3489CB9DCB9E54F9E.d.DAD161E8D6780BD93F2DAFDD6E06FD5F.e.1417/click - {}
RESULT: {}
COMMAND: POST /session/fcfdec3f19b04732468f3b81cff77eec/element - {"using":"xpath","value":"//span[contains(text(), \"Argentina\")]"}
COMMAND: GET /session/fcfdec3f19b04732468f3b81cff77eec/screenshot - {}
RESULT: {"using":"xpath","value":"//span[contains(text(), \"Argentina\")]"}
COMMAND: POST /session/fcfdec3f19b04732468f3b81cff77eec/element/f.4917B356C9E108E3489CB9DCB9E54F9E.d.DAD161E8D6780BD93F2DAFDD6E06FD5F.e.1441/click - {}
RESULT: {}
RESULT: {}
COMMAND: GET /session/fcfdec3f19b04732468f3b81cff77eec/screenshot - {}
RESULT: {}
COMMAND: POST /session/fcfdec3f19b04732468f3b81cff77eec/element - {"using":"xpath","value":"//bdi[contains(text(), \"Commercial\")]"}
RESULT: {"using":"xpath","value":"//bdi[contains(text(), \"Commercial\")]"}
COMMAND: POST /session/fcfdec3f19b04732468f3b81cff77eec/element/f.4917B356C9E108E3489CB9DCB9E54F9E.d.DAD161E8D6780BD93F2DAFDD6E06FD5F.e.1442/click - {}
RESULT: {}
COMMAND: GET /session/fcfdec3f19b04732468f3b81cff77eec/screenshot - {}
RESULT: {}
COMMAND: POST /session/fcfdec3f19b04732468f3b81cff77eec/execute/async - {"script":"<script> [1562 bytes]","args":[{"selector":{"id":"application-managepartners-display-component---NewPartner--partnerDetailInternal-arrow"},"wdio_ui5_key":"applicationmanagepartners-display-component---NewPartner--partnerDetailInternal-arrow"}]}
RESULT: {"script":"<script> [1562 bytes]","args":[{"selector":{"id":"application-managepartners-display-component---NewPartner--partnerDetailInternal-arrow"},"wdio_ui5_key":"applicationmanagepartners-display-component---NewPartner--partnerDetailInternal-arrow"}]}
RESULT: undefined
COMMAND: POST /session/fcfdec3f19b04732468f3b81cff77eec/element - {"using":"xpath","value":"//*[@id=\"application-managepartners-display-component---NewPartner--partnerDetailInternal-arrow\"]"}
RESULT: {"using":"xpath","value":"//*[@id=\"application-managepartners-display-component---NewPartner--partnerDetailInternal-arrow\"]"}
COMMAND: POST /session/fcfdec3f19b04732468f3b81cff77eec/element/f.4917B356C9E108E3489CB9DCB9E54F9E.d.DAD161E8D6780BD93F2DAFDD6E06FD5F.e.1448/click - {}
RESULT: {}
COMMAND: POST /session/fcfdec3f19b04732468f3b81cff77eec/element - {"using":"xpath","value":"//span[contains(text(), \"External partner\")]"}
COMMAND: GET /session/fcfdec3f19b04732468f3b81cff77eec/screenshot - {}
RESULT: {"using":"xpath","value":"//span[contains(text(), \"External partner\")]"}
COMMAND: POST /session/fcfdec3f19b04732468f3b81cff77eec/element/f.4917B356C9E108E3489CB9DCB9E54F9E.d.DAD161E8D6780BD93F2DAFDD6E06FD5F.e.1451/click - {}
RESULT: {}
RESULT: {}
COMMAND: POST /session/fcfdec3f19b04732468f3b81cff77eec/execute/async - {"script":"<script> [1562 bytes]","args":[{"selector":{"id":"application-managepartners-display-component---NewPartner--partnerDetailsCurrency-arrow"},"wdio_ui5_key":"applicationmanagepartners-display-component---NewPartner--partnerDetailsCurrency-arrow"}]}
COMMAND: GET /session/fcfdec3f19b04732468f3b81cff77eec/screenshot - {}
RESULT: {"script":"<script> [1562 bytes]","args":[{"selector":{"id":"application-managepartners-display-component---NewPartner--partnerDetailsCurrency-arrow"},"wdio_ui5_key":"applicationmanagepartners-display-component---NewPartner--partnerDetailsCurrency-arrow"}]}
RESULT: undefined
COMMAND: POST /session/fcfdec3f19b04732468f3b81cff77eec/element - {"using":"xpath","value":"//*[@id=\"application-managepartners-display-component---NewPartner--partnerDetailsCurrency-arrow\"]"}
RESULT: {}
RESULT: {"using":"xpath","value":"//*[@id=\"application-managepartners-display-component---NewPartner--partnerDetailsCurrency-arrow\"]"}
COMMAND: POST /session/fcfdec3f19b04732468f3b81cff77eec/element/f.4917B356C9E108E3489CB9DCB9E54F9E.d.DAD161E8D6780BD93F2DAFDD6E06FD5F.e.1456/click - {}
RESULT: {}
COMMAND: POST /session/fcfdec3f19b04732468f3b81cff77eec/element - {"using":"xpath","value":"//span[contains(text(), \"US Dollar\")]"}
COMMAND: GET /session/fcfdec3f19b04732468f3b81cff77eec/screenshot - {}
RESULT: {"using":"xpath","value":"//span[contains(text(), \"US Dollar\")]"}
COMMAND: POST /session/fcfdec3f19b04732468f3b81cff77eec/element/f.4917B356C9E108E3489CB9DCB9E54F9E.d.DAD161E8D6780BD93F2DAFDD6E06FD5F.e.1457/click - {}
RESULT: {}
RESULT: {}
COMMAND: GET /session/fcfdec3f19b04732468f3b81cff77eec/screenshot - {}
RESULT: {}
COMMAND: POST /session/fcfdec3f19b04732468f3b81cff77eec/element - {"using":"xpath","value":"//input[@id=\"application-managepartners-display-component---NewPartner--companyCodeComboBox-inner\"]"}
RESULT: {"using":"xpath","value":"//input[@id=\"application-managepartners-display-component---NewPartner--companyCodeComboBox-inner\"]"}
COMMAND: POST /session/fcfdec3f19b04732468f3b81cff77eec/element/f.4917B356C9E108E3489CB9DCB9E54F9E.d.DAD161E8D6780BD93F2DAFDD6E06FD5F.e.1308/clear - {}
RESULT: {}
COMMAND: POST /session/fcfdec3f19b04732468f3b81cff77eec/element/f.4917B356C9E108E3489CB9DCB9E54F9E.d.DAD161E8D6780BD93F2DAFDD6E06FD5F.e.1308/value - {"text":"C002"}
COMMAND: GET /session/fcfdec3f19b04732468f3b81cff77eec/screenshot - {}
RESULT: {"text":"C002"}
COMMAND: GET /session/fcfdec3f19b04732468f3b81cff77eec/screenshot - {}
RESULT: {}
RESULT: {}
COMMAND: POST /session/fcfdec3f19b04732468f3b81cff77eec/element - {"using":"xpath","value":"//li[.//span[text()= \"C002\"]]"}
RESULT: {"using":"xpath","value":"//li[.//span[text()= \"C002\"]]"}
COMMAND: POST /session/fcfdec3f19b04732468f3b81cff77eec/element/f.4917B356C9E108E3489CB9DCB9E54F9E.d.DAD161E8D6780BD93F2DAFDD6E06FD5F.e.1461/click - {}
RESULT: {}
COMMAND: GET /session/fcfdec3f19b04732468f3b81cff77eec/screenshot - {}
RESULT: {}
COMMAND: POST /session/fcfdec3f19b04732468f3b81cff77eec/execute/async - {"script":"<script> [1562 bytes]","args":[{"selector":{"id":"application-managepartners-display-component---NewPartner--btnAddTableRow-img"},"wdio_ui5_key":"applicationmanagepartners-display-component---NewPartner--btnAddTableRow-img"}]}
RESULT: {"script":"<script> [1562 bytes]","args":[{"selector":{"id":"application-managepartners-display-component---NewPartner--btnAddTableRow-img"},"wdio_ui5_key":"applicationmanagepartners-display-component---NewPartner--btnAddTableRow-img"}]}
RESULT: undefined
COMMAND: POST /session/fcfdec3f19b04732468f3b81cff77eec/element - {"using":"xpath","value":"//*[@id=\"application-managepartners-display-component---NewPartner--btnAddTableRow-img\"]"}
RESULT: {"using":"xpath","value":"//*[@id=\"application-managepartners-display-component---NewPartner--btnAddTableRow-img\"]"}
COMMAND: POST /session/fcfdec3f19b04732468f3b81cff77eec/element/f.4917B356C9E108E3489CB9DCB9E54F9E.d.DAD161E8D6780BD93F2DAFDD6E06FD5F.e.1462/click - {}
RESULT: {}
COMMAND: GET /session/fcfdec3f19b04732468f3b81cff77eec/screenshot - {}
RESULT: {}
COMMAND: POST /session/fcfdec3f19b04732468f3b81cff77eec/element - {"using":"xpath","value":"//input[@id=\"application-managepartners-display-component---NewPartner--assignmentYard-application-managepartners-display-component---NewPartner--assignmentsTable-0-inner\"]"}
RESULT: {"using":"xpath","value":"//input[@id=\"application-managepartners-display-component---NewPartner--assignmentYard-application-managepartners-display-component---NewPartner--assignmentsTable-0-inner\"]"}
COMMAND: POST /session/fcfdec3f19b04732468f3b81cff77eec/element/f.4917B356C9E108E3489CB9DCB9E54F9E.d.DAD161E8D6780BD93F2DAFDD6E06FD5F.e.1465/clear - {}
RESULT: {}
COMMAND: POST /session/fcfdec3f19b04732468f3b81cff77eec/element/f.4917B356C9E108E3489CB9DCB9E54F9E.d.DAD161E8D6780BD93F2DAFDD6E06FD5F.e.1465/value - {"text":"247"}
COMMAND: GET /session/fcfdec3f19b04732468f3b81cff77eec/screenshot - {}
RESULT: {"text":"247"}
COMMAND: GET /session/fcfdec3f19b04732468f3b81cff77eec/screenshot - {}
RESULT: {}
RESULT: {}
COMMAND: POST /session/fcfdec3f19b04732468f3b81cff77eec/element - {"using":"xpath","value":"//li[.//span[text()='247']]"}
RESULT: {"using":"xpath","value":"//li[.//span[text()='247']]"}
COMMAND: POST /session/fcfdec3f19b04732468f3b81cff77eec/element/f.4917B356C9E108E3489CB9DCB9E54F9E.d.DAD161E8D6780BD93F2DAFDD6E06FD5F.e.1474/click - {}
RESULT: {}
COMMAND: GET /session/fcfdec3f19b04732468f3b81cff77eec/screenshot - {}
RESULT: {}
COMMAND: POST /session/fcfdec3f19b04732468f3b81cff77eec/actions - {"actions":[{"id":"action2","type":"key","parameters":{},"actions":[{"type":"keyDown","value":""},{"type":"pause","duration":10},{"type":"keyUp","value":""}]}]}
RESULT: {"actions":[{"id":"action2","type":"key","parameters":{},"actions":[{"type":"keyDown","value":""},{"type":"pause","duration":10},{"type":"keyUp","value":""}]}]}
COMMAND: POST /session/fcfdec3f19b04732468f3b81cff77eec/element - {"using":"xpath","value":"//td[contains(@id, \"assignmentsTable-0-cell2\")]/div/div"}
COMMAND: GET /session/fcfdec3f19b04732468f3b81cff77eec/screenshot - {}
RESULT: {"using":"xpath","value":"//td[contains(@id, \"assignmentsTable-0-cell2\")]/div/div"}
COMMAND: POST /session/fcfdec3f19b04732468f3b81cff77eec/element/f.4917B356C9E108E3489CB9DCB9E54F9E.d.DAD161E8D6780BD93F2DAFDD6E06FD5F.e.1477/click - {}
RESULT: {}
RESULT: {}
COMMAND: GET /session/fcfdec3f19b04732468f3b81cff77eec/screenshot - {}
RESULT: {}
COMMAND: POST /session/fcfdec3f19b04732468f3b81cff77eec/element - {"using":"xpath","value":"//button[@data-kt=\"saveButton\"]"}
RESULT: {"using":"xpath","value":"//button[@data-kt=\"saveButton\"]"}
COMMAND: POST /session/fcfdec3f19b04732468f3b81cff77eec/element/f.4917B356C9E108E3489CB9DCB9E54F9E.d.DAD161E8D6780BD93F2DAFDD6E06FD5F.e.1413/click - {}
RESULT: {}
COMMAND: GET /session/fcfdec3f19b04732468f3b81cff77eec/screenshot - {}
RESULT: {}
COMMAND: POST /session/fcfdec3f19b04732468f3b81cff77eec/element - {"using":"xpath","value":"//header[contains(@id, 'ObjectPageLayout-headerTitle')]/div[1]/div[2]/div[2]/span[1]"}
RESULT: {"using":"xpath","value":"//header[contains(@id, 'ObjectPageLayout-headerTitle')]/div[1]/div[2]/div[2]/span[1]"}
COMMAND: POST /session/fcfdec3f19b04732468f3b81cff77eec/elements - {"using":"xpath","value":"//header[contains(@id, 'ObjectPageLayout-headerTitle')]/div[1]/div[2]/div[2]/span[1]"}
RESULT: {"using":"xpath","value":"//header[contains(@id, 'ObjectPageLayout-headerTitle')]/div[1]/div[2]/div[2]/span[1]"}
COMMAND: POST /session/fcfdec3f19b04732468f3b81cff77eec/execute/sync - {"script":"<script> [56 bytes]","args":[{"element-6066-11e4-a52e-4f735466cecf":"f.4917B356C9E108E3489CB9DCB9E54F9E.d.DAD161E8D6780BD93F2DAFDD6E06FD5F.e.1632","ELEMENT":"f.4917B356C9E108E3489CB9DCB9E54F9E.d.DAD161E8D6780BD93F2DAFDD6E06FD5F.e.1632"}]}
RESULT: {"script":"<script> [56 bytes]","args":[{"element-6066-11e4-a52e-4f735466cecf":"f.4917B356C9E108E3489CB9DCB9E54F9E.d.DAD161E8D6780BD93F2DAFDD6E06FD5F.e.1632","ELEMENT":"f.4917B356C9E108E3489CB9DCB9E54F9E.d.DAD161E8D6780BD93F2DAFDD6E06FD5F.e.1632"}]}
COMMAND: POST /session/fcfdec3f19b04732468f3b81cff77eec/element - {"using":"css selector","value":"#shell-header-logo"}
COMMAND: GET /session/fcfdec3f19b04732468f3b81cff77eec/screenshot - {}
RESULT: {"using":"css selector","value":"#shell-header-logo"}
COMMAND: POST /session/fcfdec3f19b04732468f3b81cff77eec/element/f.4917B356C9E108E3489CB9DCB9E54F9E.d.DAD161E8D6780BD93F2DAFDD6E06FD5F.e.978/click - {}
RESULT: {}
RESULT: {}
COMMAND: GET /session/fcfdec3f19b04732468f3b81cff77eec/screenshot - {}
RESULT: {}
COMMAND: POST /session/fcfdec3f19b04732468f3b81cff77eec/execute/sync - {"script":"<script> [299 bytes]","args":[["getModel","getResource"]]}
RESULT: {"script":"<script> [299 bytes]","args":[["getModel","getResource"]]}
COMMAND: GET /session/fcfdec3f19b04732468f3b81cff77eec/screenshot - {}
]]></system-out>
    </testcase>
    <testcase classname="chrome.136_0_7103_93.windows.Stock_increase_-_with_WHM_US125587" name="Should create a new WHM site" time="165.834">
      <system-out><![CDATA[
COMMAND: POST /session/fcfdec3f19b04732468f3b81cff77eec/execute/async - {"script":"<script> [1562 bytes]","args":[{"selector":{"controlType":"sap.m.GenericTile","properties":{"header":"Manage Sites"}},"wdio_ui5_key":"sapm.GenericTile{\"header\":\"Manage Sites\"}"}]}
RESULT: {}
RESULT: {"script":"<script> [1562 bytes]","args":[{"selector":{"controlType":"sap.m.GenericTile","properties":{"header":"Manage Sites"}},"wdio_ui5_key":"sapm.GenericTile{\"header\":\"Manage Sites\"}"}]}
RESULT: undefined
COMMAND: POST /session/fcfdec3f19b04732468f3b81cff77eec/element - {"using":"xpath","value":"//*[@id=\"__tile40\"]"}
RESULT: {"using":"xpath","value":"//*[@id=\"__tile40\"]"}
COMMAND: POST /session/fcfdec3f19b04732468f3b81cff77eec/element/f.4917B356C9E108E3489CB9DCB9E54F9E.d.DAD161E8D6780BD93F2DAFDD6E06FD5F.e.127/click - {}
RESULT: {}
COMMAND: GET /session/fcfdec3f19b04732468f3b81cff77eec/screenshot - {}
RESULT: {}
COMMAND: POST /session/fcfdec3f19b04732468f3b81cff77eec/elements - {"using":"xpath","value":"//span[text()='Error']"}
RESULT: {"using":"xpath","value":"//span[text()='Error']"}
COMMAND: POST /session/fcfdec3f19b04732468f3b81cff77eec/element - {"using":"xpath","value":"//button[@data-kt=\"addOverflowToolbarButton\"]"}
RESULT: {"using":"xpath","value":"//button[@data-kt=\"addOverflowToolbarButton\"]"}
COMMAND: POST /session/fcfdec3f19b04732468f3b81cff77eec/elements - {"using":"xpath","value":"//button[@data-kt=\"addOverflowToolbarButton\"]"}
RESULT: {"using":"xpath","value":"//button[@data-kt=\"addOverflowToolbarButton\"]"}
COMMAND: POST /session/fcfdec3f19b04732468f3b81cff77eec/execute/sync - {"script":"<script> [8489 bytes]","args":[{"element-6066-11e4-a52e-4f735466cecf":"f.4917B356C9E108E3489CB9DCB9E54F9E.d.DAD161E8D6780BD93F2DAFDD6E06FD5F.e.1680","ELEMENT":"f.4917B356C9E108E3489CB9DCB9E54F9E.d.DAD161E8D6780BD93F2DAFDD6E06FD5F.e.1680"}]}
RESULT: {"script":"<script> [8489 bytes]","args":[{"element-6066-11e4-a52e-4f735466cecf":"f.4917B356C9E108E3489CB9DCB9E54F9E.d.DAD161E8D6780BD93F2DAFDD6E06FD5F.e.1680","ELEMENT":"f.4917B356C9E108E3489CB9DCB9E54F9E.d.DAD161E8D6780BD93F2DAFDD6E06FD5F.e.1680"}]}
COMMAND: GET /session/fcfdec3f19b04732468f3b81cff77eec/element/f.4917B356C9E108E3489CB9DCB9E54F9E.d.DAD161E8D6780BD93F2DAFDD6E06FD5F.e.1680/enabled - {}
COMMAND: GET /session/fcfdec3f19b04732468f3b81cff77eec/screenshot - {}
RESULT: {}
COMMAND: POST /session/fcfdec3f19b04732468f3b81cff77eec/execute/sync - {"script":"<script> [8489 bytes]","args":[{"element-6066-11e4-a52e-4f735466cecf":"f.4917B356C9E108E3489CB9DCB9E54F9E.d.DAD161E8D6780BD93F2DAFDD6E06FD5F.e.1680","ELEMENT":"f.4917B356C9E108E3489CB9DCB9E54F9E.d.DAD161E8D6780BD93F2DAFDD6E06FD5F.e.1680"}]}
COMMAND: GET /session/fcfdec3f19b04732468f3b81cff77eec/screenshot - {}
RESULT: {}
RESULT: {"script":"<script> [8489 bytes]","args":[{"element-6066-11e4-a52e-4f735466cecf":"f.4917B356C9E108E3489CB9DCB9E54F9E.d.DAD161E8D6780BD93F2DAFDD6E06FD5F.e.1680","ELEMENT":"f.4917B356C9E108E3489CB9DCB9E54F9E.d.DAD161E8D6780BD93F2DAFDD6E06FD5F.e.1680"}]}
COMMAND: POST /session/fcfdec3f19b04732468f3b81cff77eec/execute/sync - {"script":"<script> [5351 bytes]","args":[{"element-6066-11e4-a52e-4f735466cecf":"f.4917B356C9E108E3489CB9DCB9E54F9E.d.DAD161E8D6780BD93F2DAFDD6E06FD5F.e.1680","ELEMENT":"f.4917B356C9E108E3489CB9DCB9E54F9E.d.DAD161E8D6780BD93F2DAFDD6E06FD5F.e.1680"}]}
COMMAND: GET /session/fcfdec3f19b04732468f3b81cff77eec/screenshot - {}
RESULT: {}
RESULT: {"script":"<script> [5351 bytes]","args":[{"element-6066-11e4-a52e-4f735466cecf":"f.4917B356C9E108E3489CB9DCB9E54F9E.d.DAD161E8D6780BD93F2DAFDD6E06FD5F.e.1680","ELEMENT":"f.4917B356C9E108E3489CB9DCB9E54F9E.d.DAD161E8D6780BD93F2DAFDD6E06FD5F.e.1680"}]}
COMMAND: POST /session/fcfdec3f19b04732468f3b81cff77eec/element/f.4917B356C9E108E3489CB9DCB9E54F9E.d.DAD161E8D6780BD93F2DAFDD6E06FD5F.e.1680/click - {}
COMMAND: GET /session/fcfdec3f19b04732468f3b81cff77eec/screenshot - {}
RESULT: {}
RESULT: {}
COMMAND: GET /session/fcfdec3f19b04732468f3b81cff77eec/screenshot - {}
COMMAND: POST /session/fcfdec3f19b04732468f3b81cff77eec/element - {"using":"xpath","value":"//input[@id=\"application-managesites-display-component---NewSite--siteId-inner\"]"}
RESULT: {}
RESULT: {}
RESULT: {"using":"xpath","value":"//input[@id=\"application-managesites-display-component---NewSite--siteId-inner\"]"}
COMMAND: POST /session/fcfdec3f19b04732468f3b81cff77eec/element - {"using":"xpath","value":"//input[@id=\"application-managesites-display-component---NewSite--siteId-inner\"]"}
RESULT: {"using":"xpath","value":"//input[@id=\"application-managesites-display-component---NewSite--siteId-inner\"]"}
COMMAND: POST /session/fcfdec3f19b04732468f3b81cff77eec/execute/async - {"script":"<script> [1562 bytes]","args":[{"selector":{"id":"application-managesites-display-component---NewSite--addressDetailDetailsName1","interaction":{"idSuffix":"inner"}},"wdio_ui5_key":"applicationmanagesites-display-component---NewSite--addressDetailDetailsName1"}]}
RESULT: {"script":"<script> [1562 bytes]","args":[{"selector":{"id":"application-managesites-display-component---NewSite--addressDetailDetailsName1","interaction":{"idSuffix":"inner"}},"wdio_ui5_key":"applicationmanagesites-display-component---NewSite--addressDetailDetailsName1"}]}
RESULT: undefined
COMMAND: POST /session/fcfdec3f19b04732468f3b81cff77eec/execute/async - {"script":"<script> [776 bytes]","args":[{"enterText":"Warehouse Managed Site WDIO","selector":{"id":"application-managesites-display-component---NewSite--addressDetailDetailsName1","interaction":{"idSuffix":"inner"}},"clearTextFirst":true,"interactionType":"ENTER_TEXT"}]}
RESULT: {"script":"<script> [776 bytes]","args":[{"enterText":"Warehouse Managed Site WDIO","selector":{"id":"application-managesites-display-component---NewSite--addressDetailDetailsName1","interaction":{"idSuffix":"inner"}},"clearTextFirst":true,"interactionType":"ENTER_TEXT"}]}
COMMAND: POST /session/fcfdec3f19b04732468f3b81cff77eec/execute/async - {"script":"<script> [1562 bytes]","args":[{"selector":{"id":"application-managesites-display-component---NewSite--addressDetailDetailsLanguage-arrow"},"wdio_ui5_key":"applicationmanagesites-display-component---NewSite--addressDetailDetailsLanguage-arrow"}]}
RESULT: {"script":"<script> [1562 bytes]","args":[{"selector":{"id":"application-managesites-display-component---NewSite--addressDetailDetailsLanguage-arrow"},"wdio_ui5_key":"applicationmanagesites-display-component---NewSite--addressDetailDetailsLanguage-arrow"}]}
RESULT: undefined
COMMAND: POST /session/fcfdec3f19b04732468f3b81cff77eec/element - {"using":"xpath","value":"//*[@id=\"application-managesites-display-component---NewSite--addressDetailDetailsLanguage-arrow\"]"}
RESULT: {"using":"xpath","value":"//*[@id=\"application-managesites-display-component---NewSite--addressDetailDetailsLanguage-arrow\"]"}
COMMAND: POST /session/fcfdec3f19b04732468f3b81cff77eec/element/f.4917B356C9E108E3489CB9DCB9E54F9E.d.DAD161E8D6780BD93F2DAFDD6E06FD5F.e.2311/click - {}
RESULT: {}
COMMAND: POST /session/fcfdec3f19b04732468f3b81cff77eec/element - {"using":"xpath","value":"//span[contains(text(), \"English\")]"}
COMMAND: GET /session/fcfdec3f19b04732468f3b81cff77eec/screenshot - {}
RESULT: {"using":"xpath","value":"//span[contains(text(), \"English\")]"}
COMMAND: POST /session/fcfdec3f19b04732468f3b81cff77eec/element/f.4917B356C9E108E3489CB9DCB9E54F9E.d.DAD161E8D6780BD93F2DAFDD6E06FD5F.e.2312/click - {}
RESULT: {}
RESULT: {}
COMMAND: POST /session/fcfdec3f19b04732468f3b81cff77eec/execute/async - {"script":"<script> [1562 bytes]","args":[{"selector":{"id":"application-managesites-display-component---NewSite--addressDetailDetailsCity1","interaction":{"idSuffix":"inner"}},"wdio_ui5_key":"applicationmanagesites-display-component---NewSite--addressDetailDetailsCity1"}]}
COMMAND: GET /session/fcfdec3f19b04732468f3b81cff77eec/screenshot - {}
RESULT: {"script":"<script> [1562 bytes]","args":[{"selector":{"id":"application-managesites-display-component---NewSite--addressDetailDetailsCity1","interaction":{"idSuffix":"inner"}},"wdio_ui5_key":"applicationmanagesites-display-component---NewSite--addressDetailDetailsCity1"}]}
RESULT: undefined
COMMAND: POST /session/fcfdec3f19b04732468f3b81cff77eec/execute/async - {"script":"<script> [776 bytes]","args":[{"enterText":"Rosario","selector":{"id":"application-managesites-display-component---NewSite--addressDetailDetailsCity1","interaction":{"idSuffix":"inner"}},"clearTextFirst":true,"interactionType":"ENTER_TEXT"}]}
RESULT: {}
RESULT: {"script":"<script> [776 bytes]","args":[{"enterText":"Rosario","selector":{"id":"application-managesites-display-component---NewSite--addressDetailDetailsCity1","interaction":{"idSuffix":"inner"}},"clearTextFirst":true,"interactionType":"ENTER_TEXT"}]}
COMMAND: POST /session/fcfdec3f19b04732468f3b81cff77eec/execute/async - {"script":"<script> [1562 bytes]","args":[{"selector":{"id":"application-managesites-display-component---NewSite--addressDetailDetailsCountry-arrow"},"wdio_ui5_key":"applicationmanagesites-display-component---NewSite--addressDetailDetailsCountry-arrow"}]}
RESULT: {"script":"<script> [1562 bytes]","args":[{"selector":{"id":"application-managesites-display-component---NewSite--addressDetailDetailsCountry-arrow"},"wdio_ui5_key":"applicationmanagesites-display-component---NewSite--addressDetailDetailsCountry-arrow"}]}
RESULT: undefined
COMMAND: POST /session/fcfdec3f19b04732468f3b81cff77eec/element - {"using":"xpath","value":"//*[@id=\"application-managesites-display-component---NewSite--addressDetailDetailsCountry-arrow\"]"}
RESULT: {"using":"xpath","value":"//*[@id=\"application-managesites-display-component---NewSite--addressDetailDetailsCountry-arrow\"]"}
COMMAND: POST /session/fcfdec3f19b04732468f3b81cff77eec/element/f.4917B356C9E108E3489CB9DCB9E54F9E.d.DAD161E8D6780BD93F2DAFDD6E06FD5F.e.2314/click - {}
RESULT: {}
COMMAND: POST /session/fcfdec3f19b04732468f3b81cff77eec/element - {"using":"xpath","value":"//span[contains(text(), \"Argentina\")]"}
COMMAND: GET /session/fcfdec3f19b04732468f3b81cff77eec/screenshot - {}
RESULT: {"using":"xpath","value":"//span[contains(text(), \"Argentina\")]"}
COMMAND: POST /session/fcfdec3f19b04732468f3b81cff77eec/element/f.4917B356C9E108E3489CB9DCB9E54F9E.d.DAD161E8D6780BD93F2DAFDD6E06FD5F.e.2316/click - {}
RESULT: {}
RESULT: {}
COMMAND: GET /session/fcfdec3f19b04732468f3b81cff77eec/screenshot - {}
RESULT: {}
COMMAND: POST /session/fcfdec3f19b04732468f3b81cff77eec/execute/async - {"script":"<script> [1562 bytes]","args":[{"selector":{"id":"application-managesites-display-component---NewSite--addressEditDetailsCostObjectCstType-arrow"},"wdio_ui5_key":"applicationmanagesites-display-component---NewSite--addressEditDetailsCostObjectCstType-arrow"}]}
RESULT: {"script":"<script> [1562 bytes]","args":[{"selector":{"id":"application-managesites-display-component---NewSite--addressEditDetailsCostObjectCstType-arrow"},"wdio_ui5_key":"applicationmanagesites-display-component---NewSite--addressEditDetailsCostObjectCstType-arrow"}]}
RESULT: undefined
COMMAND: POST /session/fcfdec3f19b04732468f3b81cff77eec/element - {"using":"xpath","value":"//*[@id=\"application-managesites-display-component---NewSite--addressEditDetailsCostObjectCstType-arrow\"]"}
RESULT: {"using":"xpath","value":"//*[@id=\"application-managesites-display-component---NewSite--addressEditDetailsCostObjectCstType-arrow\"]"}
COMMAND: POST /session/fcfdec3f19b04732468f3b81cff77eec/element/f.4917B356C9E108E3489CB9DCB9E54F9E.d.DAD161E8D6780BD93F2DAFDD6E06FD5F.e.2317/click - {}
RESULT: {}
COMMAND: POST /session/fcfdec3f19b04732468f3b81cff77eec/element - {"using":"xpath","value":"//span[contains(text(), \"Cost Center\")]"}
COMMAND: GET /session/fcfdec3f19b04732468f3b81cff77eec/screenshot - {}
RESULT: {"using":"xpath","value":"//span[contains(text(), \"Cost Center\")]"}
COMMAND: POST /session/fcfdec3f19b04732468f3b81cff77eec/element/f.4917B356C9E108E3489CB9DCB9E54F9E.d.DAD161E8D6780BD93F2DAFDD6E06FD5F.e.2319/click - {}
RESULT: {}
RESULT: {}
COMMAND: GET /session/fcfdec3f19b04732468f3b81cff77eec/screenshot - {}
RESULT: {}
COMMAND: POST /session/fcfdec3f19b04732468f3b81cff77eec/element - {"using":"xpath","value":"//span[@id=\"application-managesites-display-component---NewSite--addressNewCostObjectCstID-vhi\"]"}
RESULT: {"using":"xpath","value":"//span[@id=\"application-managesites-display-component---NewSite--addressNewCostObjectCstID-vhi\"]"}
COMMAND: POST /session/fcfdec3f19b04732468f3b81cff77eec/execute/sync - {"script":"<script> [8489 bytes]","args":[{"element-6066-11e4-a52e-4f735466cecf":"f.4917B356C9E108E3489CB9DCB9E54F9E.d.DAD161E8D6780BD93F2DAFDD6E06FD5F.e.2323","ELEMENT":"f.4917B356C9E108E3489CB9DCB9E54F9E.d.DAD161E8D6780BD93F2DAFDD6E06FD5F.e.2323"}]}
RESULT: {"script":"<script> [8489 bytes]","args":[{"element-6066-11e4-a52e-4f735466cecf":"f.4917B356C9E108E3489CB9DCB9E54F9E.d.DAD161E8D6780BD93F2DAFDD6E06FD5F.e.2323","ELEMENT":"f.4917B356C9E108E3489CB9DCB9E54F9E.d.DAD161E8D6780BD93F2DAFDD6E06FD5F.e.2323"}]}
COMMAND: POST /session/fcfdec3f19b04732468f3b81cff77eec/execute/async - {"script":"<script> [1562 bytes]","args":[{"selector":{"id":"application-managesites-display-component---NewSite--addressNewCostObjectCstID-vhi"},"wdio_ui5_key":"applicationmanagesites-display-component---NewSite--addressNewCostObjectCstID-vhi"}]}
COMMAND: GET /session/fcfdec3f19b04732468f3b81cff77eec/screenshot - {}
RESULT: {"script":"<script> [1562 bytes]","args":[{"selector":{"id":"application-managesites-display-component---NewSite--addressNewCostObjectCstID-vhi"},"wdio_ui5_key":"applicationmanagesites-display-component---NewSite--addressNewCostObjectCstID-vhi"}]}
RESULT: undefined
COMMAND: POST /session/fcfdec3f19b04732468f3b81cff77eec/element - {"using":"xpath","value":"//*[@id=\"application-managesites-display-component---NewSite--addressNewCostObjectCstID-vhi\"]"}
RESULT: {}
RESULT: {"using":"xpath","value":"//*[@id=\"application-managesites-display-component---NewSite--addressNewCostObjectCstID-vhi\"]"}
COMMAND: POST /session/fcfdec3f19b04732468f3b81cff77eec/element/f.4917B356C9E108E3489CB9DCB9E54F9E.d.DAD161E8D6780BD93F2DAFDD6E06FD5F.e.2323/click - {}
RESULT: {}
COMMAND: GET /session/fcfdec3f19b04732468f3b81cff77eec/screenshot - {}
RESULT: {}
RESULT: undefined
COMMAND: POST /session/fcfdec3f19b04732468f3b81cff77eec/execute/async - {"script":"<script> [776 bytes]","args":[{"enterText":"10001013","selector":{"controlType":"sap.m.SearchField","properties":{"placeholder":"Search"},"searchOpenDialogs":true,"interaction":{"idSuffix":"I"}},"clearTextFirst":true,"interactionType":"ENTER_TEXT"}]}
RESULT: {"script":"<script> [776 bytes]","args":[{"enterText":"10001013","selector":{"controlType":"sap.m.SearchField","properties":{"placeholder":"Search"},"searchOpenDialogs":true,"interaction":{"idSuffix":"I"}},"clearTextFirst":true,"interactionType":"ENTER_TEXT"}]}
COMMAND: POST /session/fcfdec3f19b04732468f3b81cff77eec/actions - {"actions":[{"id":"action3","type":"key","parameters":{},"actions":[{"type":"keyDown","value":""},{"type":"pause","duration":10},{"type":"keyUp","value":""}]}]}
RESULT: {"actions":[{"id":"action3","type":"key","parameters":{},"actions":[{"type":"keyDown","value":""},{"type":"pause","duration":10},{"type":"keyUp","value":""}]}]}
COMMAND: GET /session/fcfdec3f19b04732468f3b81cff77eec/screenshot - {}
RESULT: {}
COMMAND: POST /session/fcfdec3f19b04732468f3b81cff77eec/element - {"using":"xpath","value":"//span[contains(text(), \"General Management\")]"}
RESULT: {"using":"xpath","value":"//span[contains(text(), \"General Management\")]"}
COMMAND: POST /session/fcfdec3f19b04732468f3b81cff77eec/element/f.4917B356C9E108E3489CB9DCB9E54F9E.d.DAD161E8D6780BD93F2DAFDD6E06FD5F.e.2363/click - {}
RESULT: {}
COMMAND: GET /session/fcfdec3f19b04732468f3b81cff77eec/screenshot - {}
RESULT: {}
COMMAND: POST /session/fcfdec3f19b04732468f3b81cff77eec/element - {"using":"xpath","value":"//bdi[contains(text(), \"OK\")]"}
RESULT: {"using":"xpath","value":"//bdi[contains(text(), \"OK\")]"}
COMMAND: POST /session/fcfdec3f19b04732468f3b81cff77eec/element/f.4917B356C9E108E3489CB9DCB9E54F9E.d.DAD161E8D6780BD93F2DAFDD6E06FD5F.e.2364/click - {}
RESULT: {}
COMMAND: GET /session/fcfdec3f19b04732468f3b81cff77eec/screenshot - {}
RESULT: {}
COMMAND: POST /session/fcfdec3f19b04732468f3b81cff77eec/element - {"using":"xpath","value":"//input[@id=\"application-managesites-display-component---NewSite--addressDetailDetailsCalendar-inner\"]"}
RESULT: {"using":"xpath","value":"//input[@id=\"application-managesites-display-component---NewSite--addressDetailDetailsCalendar-inner\"]"}
COMMAND: POST /session/fcfdec3f19b04732468f3b81cff77eec/element/f.4917B356C9E108E3489CB9DCB9E54F9E.d.DAD161E8D6780BD93F2DAFDD6E06FD5F.e.2106/clear - {}
RESULT: {}
COMMAND: POST /session/fcfdec3f19b04732468f3b81cff77eec/element/f.4917B356C9E108E3489CB9DCB9E54F9E.d.DAD161E8D6780BD93F2DAFDD6E06FD5F.e.2106/value - {"text":"Unit"}
COMMAND: GET /session/fcfdec3f19b04732468f3b81cff77eec/screenshot - {}
RESULT: {"text":"Unit"}
COMMAND: GET /session/fcfdec3f19b04732468f3b81cff77eec/screenshot - {}
RESULT: {}
RESULT: {}
COMMAND: POST /session/fcfdec3f19b04732468f3b81cff77eec/actions - {"actions":[{"id":"action4","type":"key","parameters":{},"actions":[{"type":"keyDown","value":""},{"type":"pause","duration":10},{"type":"keyUp","value":""}]}]}
RESULT: {"actions":[{"id":"action4","type":"key","parameters":{},"actions":[{"type":"keyDown","value":""},{"type":"pause","duration":10},{"type":"keyUp","value":""}]}]}
COMMAND: POST /session/fcfdec3f19b04732468f3b81cff77eec/element - {"using":"xpath","value":"//input[@id=\"application-managesites-display-component---NewSite--addressDetailDetailsYard-inner\"]"}
RESULT: {"using":"xpath","value":"//input[@id=\"application-managesites-display-component---NewSite--addressDetailDetailsYard-inner\"]"}
COMMAND: POST /session/fcfdec3f19b04732468f3b81cff77eec/element/f.4917B356C9E108E3489CB9DCB9E54F9E.d.DAD161E8D6780BD93F2DAFDD6E06FD5F.e.2107/clear - {}
RESULT: {}
COMMAND: POST /session/fcfdec3f19b04732468f3b81cff77eec/element/f.4917B356C9E108E3489CB9DCB9E54F9E.d.DAD161E8D6780BD93F2DAFDD6E06FD5F.e.2107/value - {"text":"247"}
COMMAND: GET /session/fcfdec3f19b04732468f3b81cff77eec/screenshot - {}
COMMAND: GET /session/fcfdec3f19b04732468f3b81cff77eec/screenshot - {}
RESULT: {"text":"247"}
RESULT: {}
COMMAND: GET /session/fcfdec3f19b04732468f3b81cff77eec/screenshot - {}
RESULT: {}
RESULT: {}
COMMAND: POST /session/fcfdec3f19b04732468f3b81cff77eec/element - {"using":"xpath","value":"//li[.//span[text()='247']]"}
RESULT: {"using":"xpath","value":"//li[.//span[text()='247']]"}
COMMAND: POST /session/fcfdec3f19b04732468f3b81cff77eec/element/f.4917B356C9E108E3489CB9DCB9E54F9E.d.DAD161E8D6780BD93F2DAFDD6E06FD5F.e.2372/click - {}
RESULT: {}
COMMAND: GET /session/fcfdec3f19b04732468f3b81cff77eec/screenshot - {}
RESULT: {}
COMMAND: POST /session/fcfdec3f19b04732468f3b81cff77eec/element - {"using":"xpath","value":"//input[@id=\"application-managesites-display-component---NewSite--addressDetailDetailsPartner-inner\"]"}
RESULT: {"using":"xpath","value":"//input[@id=\"application-managesites-display-component---NewSite--addressDetailDetailsPartner-inner\"]"}
COMMAND: POST /session/fcfdec3f19b04732468f3b81cff77eec/element - {"using":"xpath","value":"//input[@id=\"application-managesites-display-component---NewSite--addressDetailDetailsPartner-inner\"]"}
RESULT: {"using":"xpath","value":"//input[@id=\"application-managesites-display-component---NewSite--addressDetailDetailsPartner-inner\"]"}
COMMAND: POST /session/fcfdec3f19b04732468f3b81cff77eec/execute/async - {"script":"<script> [1562 bytes]","args":[{"selector":{"id":"application-managesites-display-component---NewSite--siteWhmCheckBox-label","interaction":{"idSuffix":"bdi"}},"wdio_ui5_key":"applicationmanagesites-display-component---NewSite--siteWhmCheckBox-label"}]}
RESULT: {"script":"<script> [1562 bytes]","args":[{"selector":{"id":"application-managesites-display-component---NewSite--siteWhmCheckBox-label","interaction":{"idSuffix":"bdi"}},"wdio_ui5_key":"applicationmanagesites-display-component---NewSite--siteWhmCheckBox-label"}]}
RESULT: undefined
COMMAND: POST /session/fcfdec3f19b04732468f3b81cff77eec/element - {"using":"xpath","value":"//*[@id=\"application-managesites-display-component---NewSite--siteWhmCheckBox-label\"]"}
RESULT: {"using":"xpath","value":"//*[@id=\"application-managesites-display-component---NewSite--siteWhmCheckBox-label\"]"}
COMMAND: POST /session/fcfdec3f19b04732468f3b81cff77eec/element/f.4917B356C9E108E3489CB9DCB9E54F9E.d.DAD161E8D6780BD93F2DAFDD6E06FD5F.e.2374/click - {}
RESULT: {}
COMMAND: GET /session/fcfdec3f19b04732468f3b81cff77eec/screenshot - {}
RESULT: {}
COMMAND: POST /session/fcfdec3f19b04732468f3b81cff77eec/element - {"using":"xpath","value":"//button[@data-kt=\"saveButton\"]"}
RESULT: {"using":"xpath","value":"//button[@data-kt=\"saveButton\"]"}
COMMAND: POST /session/fcfdec3f19b04732468f3b81cff77eec/element/f.4917B356C9E108E3489CB9DCB9E54F9E.d.DAD161E8D6780BD93F2DAFDD6E06FD5F.e.2304/click - {}
RESULT: {}
COMMAND: GET /session/fcfdec3f19b04732468f3b81cff77eec/screenshot - {}
RESULT: {}
COMMAND: POST /session/fcfdec3f19b04732468f3b81cff77eec/element - {"using":"xpath","value":"//header[contains(@id, 'ObjectPageLayout-headerTitle')]/div[1]/div[2]/div[2]/span[1]"}
RESULT: {"using":"xpath","value":"//header[contains(@id, 'ObjectPageLayout-headerTitle')]/div[1]/div[2]/div[2]/span[1]"}
COMMAND: POST /session/fcfdec3f19b04732468f3b81cff77eec/elements - {"using":"xpath","value":"//header[contains(@id, 'ObjectPageLayout-headerTitle')]/div[1]/div[2]/div[2]/span[1]"}
RESULT: {"using":"xpath","value":"//header[contains(@id, 'ObjectPageLayout-headerTitle')]/div[1]/div[2]/div[2]/span[1]"}
COMMAND: POST /session/fcfdec3f19b04732468f3b81cff77eec/execute/sync - {"script":"<script> [56 bytes]","args":[{"element-6066-11e4-a52e-4f735466cecf":"f.4917B356C9E108E3489CB9DCB9E54F9E.d.DAD161E8D6780BD93F2DAFDD6E06FD5F.e.2571","ELEMENT":"f.4917B356C9E108E3489CB9DCB9E54F9E.d.DAD161E8D6780BD93F2DAFDD6E06FD5F.e.2571"}]}
RESULT: {"script":"<script> [56 bytes]","args":[{"element-6066-11e4-a52e-4f735466cecf":"f.4917B356C9E108E3489CB9DCB9E54F9E.d.DAD161E8D6780BD93F2DAFDD6E06FD5F.e.2571","ELEMENT":"f.4917B356C9E108E3489CB9DCB9E54F9E.d.DAD161E8D6780BD93F2DAFDD6E06FD5F.e.2571"}]}
COMMAND: POST /session/fcfdec3f19b04732468f3b81cff77eec/element - {"using":"css selector","value":"#shell-header-logo"}
COMMAND: GET /session/fcfdec3f19b04732468f3b81cff77eec/screenshot - {}
RESULT: {"using":"css selector","value":"#shell-header-logo"}
COMMAND: POST /session/fcfdec3f19b04732468f3b81cff77eec/element/f.4917B356C9E108E3489CB9DCB9E54F9E.d.DAD161E8D6780BD93F2DAFDD6E06FD5F.e.1638/click - {}
RESULT: {}
RESULT: {}
COMMAND: GET /session/fcfdec3f19b04732468f3b81cff77eec/screenshot - {}
RESULT: {}
COMMAND: POST /session/fcfdec3f19b04732468f3b81cff77eec/execute/sync - {"script":"<script> [299 bytes]","args":[["getModel","getResource"]]}
RESULT: {"script":"<script> [299 bytes]","args":[["getModel","getResource"]]}
COMMAND: POST /session/fcfdec3f19b04732468f3b81cff77eec/actions - {"actions":[{"id":"action5","type":"key","parameters":{},"actions":[{"type":"keyDown","value":""},{"type":"pause","duration":10},{"type":"keyUp","value":""}]}]}
COMMAND: GET /session/fcfdec3f19b04732468f3b81cff77eec/screenshot - {}
RESULT: {"actions":[{"id":"action5","type":"key","parameters":{},"actions":[{"type":"keyDown","value":""},{"type":"pause","duration":10},{"type":"keyUp","value":""}]}]}
COMMAND: GET /session/fcfdec3f19b04732468f3b81cff77eec/screenshot - {}
RESULT: {}
RESULT: {}
COMMAND: POST /session/fcfdec3f19b04732468f3b81cff77eec/refresh - {}
RESULT: {}
COMMAND: GET /session/fcfdec3f19b04732468f3b81cff77eec/screenshot - {}
RESULT: {}
COMMAND: POST /session/fcfdec3f19b04732468f3b81cff77eec/refresh - {}
RESULT: {}
COMMAND: GET /session/fcfdec3f19b04732468f3b81cff77eec/screenshot - {}
RESULT: {}
COMMAND: POST /session/fcfdec3f19b04732468f3b81cff77eec/window/fullscreen - {}
RESULT: {}
COMMAND: POST /session/fcfdec3f19b04732468f3b81cff77eec/execute/async - {"script":"<script> [189 bytes]","args":[]}
RESULT: {"script":"<script> [189 bytes]","args":[]}
COMMAND: POST /session/fcfdec3f19b04732468f3b81cff77eec/execute/async - {"script":"<script> [123 bytes]","args":[]}
RESULT: {"script":"<script> [123 bytes]","args":[]}
COMMAND: POST /session/fcfdec3f19b04732468f3b81cff77eec/timeouts - {"script":"<number>"}
RESULT: {"script":"<number>"}
COMMAND: GET /session/fcfdec3f19b04732468f3b81cff77eec/timeouts - {}
RESULT: {}
RESULT: undefined
COMMAND: POST /session/fcfdec3f19b04732468f3b81cff77eec/execute/async - {"script":"<script> [2676 bytes]","args":[]}
RESULT: {"script":"<script> [2676 bytes]","args":[]}
COMMAND: POST /session/fcfdec3f19b04732468f3b81cff77eec/execute/async - {"script":"<script> [2342 bytes]","args":[{"protocol":"http","hostname":"0.0.0.0","path":"/","capabilities":{"browserName":"chrome","goog:chromeOptions":{"binary":"C:\\Program Files\\Google\\Chrome\\Application\\chrome.exe","args":["--start-maximized"]}},"logLevel":"warn","connectionRetryTimeout":120000,"connectionRetryCount":3,"logLevels":{},"enableDirectConnect":true,"strictSSL":true,"_":"65 more keys: [\"cacheDir\",\"port\",\"requestedCapabilities\",\"automationProtocol\",\"baseUrl\",\"waitforInterval\",\"waitforTimeout\",\"onReload\",\"beforeCommand\",\"afterCommand\",\"rootDir\",\"specs\",\"suites\",\"exclude\",\"groupLogsByTestSpec\",\"excludeDriverLogs\",\"bail\",\"framework\",\"reporters\",\"services\",\"maxInstances\",\"maxInstancesPerCapability\",\"injectGlobals\",\"filesToWatch\",\"execArgv\",\"runnerEnv\",\"runner\",\"shard\",\"specFileRetries\",\"specFileRetriesDelay\",\"specFileRetriesDeferred\",\"reporterSyncInterval\",\"reporterSyncTimeout\",\"cucumberFeaturesWithLineNumbers\",\"autoCompileOpts\",\"mochaOpts\",\"jasmineOpts\",\"cucumberOpts\",\"onPrepare\",\"onWorkerStart\",\"onWorkerEnd\",\"before\",\"beforeSession\",\"beforeSuite\",\"beforeHook\",\"beforeTest\",\"afterTest\",\"afterHook\",\"afterSuite\",\"afterSession\",\"after\",\"onComplete\",\"beforeAssertion\",\"afterAssertion\",\"beforeFeature\",\"beforeScenario\",\"beforeStep\",\"afterStep\",\"afterScenario\",\"afterFeature\",\"_\",\"suite\",\"$0\",\"ignoredWorkerServices\",\"wdi5\"]"}]}
RESULT: {"script":"<script> [2342 bytes]","args":[{"protocol":"http","hostname":"0.0.0.0","path":"/","capabilities":{"browserName":"chrome","goog:chromeOptions":{"binary":"C:\\Program Files\\Google\\Chrome\\Application\\chrome.exe","args":["--start-maximized"]}},"logLevel":"warn","connectionRetryTimeout":120000,"connectionRetryCount":3,"logLevels":{},"enableDirectConnect":true,"strictSSL":true,"_":"65 more keys: [\"cacheDir\",\"port\",\"requestedCapabilities\",\"automationProtocol\",\"baseUrl\",\"waitforInterval\",\"waitforTimeout\",\"onReload\",\"beforeCommand\",\"afterCommand\",\"rootDir\",\"specs\",\"suites\",\"exclude\",\"groupLogsByTestSpec\",\"excludeDriverLogs\",\"bail\",\"framework\",\"reporters\",\"services\",\"maxInstances\",\"maxInstancesPerCapability\",\"injectGlobals\",\"filesToWatch\",\"execArgv\",\"runnerEnv\",\"runner\",\"shard\",\"specFileRetries\",\"specFileRetriesDelay\",\"specFileRetriesDeferred\",\"reporterSyncInterval\",\"reporterSyncTimeout\",\"cucumberFeaturesWithLineNumbers\",\"autoCompileOpts\",\"mochaOpts\",\"jasmineOpts\",\"cucumberOpts\",\"onPrepare\",\"onWorkerStart\",\"onWorkerEnd\",\"before\",\"beforeSession\",\"beforeSuite\",\"beforeHook\",\"beforeTest\",\"afterTest\",\"afterHook\",\"afterSuite\",\"afterSession\",\"after\",\"onComplete\",\"beforeAssertion\",\"afterAssertion\",\"beforeFeature\",\"beforeScenario\",\"beforeStep\",\"afterStep\",\"afterScenario\",\"afterFeature\",\"_\",\"suite\",\"$0\",\"ignoredWorkerServices\",\"wdi5\"]"}]}
COMMAND: POST /session/fcfdec3f19b04732468f3b81cff77eec/execute/async - {"script":"<script> [21126 bytes]","args":[35000]}
RESULT: {"script":"<script> [21126 bytes]","args":[35000]}
COMMAND: POST /session/fcfdec3f19b04732468f3b81cff77eec/window/fullscreen - {}
RESULT: {}
]]></system-out>
    </testcase>
    <testcase classname="chrome.136_0_7103_93.windows.Stock_increase_-_with_WHM_US125587" name="Should create a new material" time="141.503">
      <system-out><![CDATA[
COMMAND: POST /session/fcfdec3f19b04732468f3b81cff77eec/execute/async - {"script":"<script> [1562 bytes]","args":[{"selector":{"controlType":"sap.m.GenericTile","properties":{"header":"Manage Resources"}},"wdio_ui5_key":"sapm.GenericTile{\"header\":\"Manage Resources\"}"}]}
RESULT: {"script":"<script> [1562 bytes]","args":[{"selector":{"controlType":"sap.m.GenericTile","properties":{"header":"Manage Resources"}},"wdio_ui5_key":"sapm.GenericTile{\"header\":\"Manage Resources\"}"}]}
RESULT: undefined
COMMAND: POST /session/fcfdec3f19b04732468f3b81cff77eec/element - {"using":"xpath","value":"//*[@id=\"__tile31\"]"}
RESULT: {"using":"xpath","value":"//*[@id=\"__tile31\"]"}
COMMAND: POST /session/fcfdec3f19b04732468f3b81cff77eec/element/f.4917B356C9E108E3489CB9DCB9E54F9E.d.B2DB278BBA709D1F673200FCC2719298.e.2693/click - {}
RESULT: {}
COMMAND: GET /session/fcfdec3f19b04732468f3b81cff77eec/screenshot - {}
RESULT: {}
COMMAND: POST /session/fcfdec3f19b04732468f3b81cff77eec/elements - {"using":"xpath","value":"//span[text()='Error']"}
RESULT: {"using":"xpath","value":"//span[text()='Error']"}
COMMAND: POST /session/fcfdec3f19b04732468f3b81cff77eec/element - {"using":"xpath","value":"//button[@data-kt=\"addNewRUOverflowToolbarButton\"]"}
RESULT: {"using":"xpath","value":"//button[@data-kt=\"addNewRUOverflowToolbarButton\"]"}
COMMAND: POST /session/fcfdec3f19b04732468f3b81cff77eec/elements - {"using":"xpath","value":"//button[@data-kt=\"addNewRUOverflowToolbarButton\"]"}
RESULT: {"using":"xpath","value":"//button[@data-kt=\"addNewRUOverflowToolbarButton\"]"}
COMMAND: POST /session/fcfdec3f19b04732468f3b81cff77eec/elements - {"using":"xpath","value":"//button[@data-kt=\"addNewRUOverflowToolbarButton\"]"}
RESULT: {"using":"xpath","value":"//button[@data-kt=\"addNewRUOverflowToolbarButton\"]"}
COMMAND: POST /session/fcfdec3f19b04732468f3b81cff77eec/elements - {"using":"xpath","value":"//button[@data-kt=\"addNewRUOverflowToolbarButton\"]"}
RESULT: {"using":"xpath","value":"//button[@data-kt=\"addNewRUOverflowToolbarButton\"]"}
COMMAND: POST /session/fcfdec3f19b04732468f3b81cff77eec/elements - {"using":"xpath","value":"//button[@data-kt=\"addNewRUOverflowToolbarButton\"]"}
RESULT: {"using":"xpath","value":"//button[@data-kt=\"addNewRUOverflowToolbarButton\"]"}
COMMAND: POST /session/fcfdec3f19b04732468f3b81cff77eec/elements - {"using":"xpath","value":"//button[@data-kt=\"addNewRUOverflowToolbarButton\"]"}
RESULT: {"using":"xpath","value":"//button[@data-kt=\"addNewRUOverflowToolbarButton\"]"}
COMMAND: POST /session/fcfdec3f19b04732468f3b81cff77eec/elements - {"using":"xpath","value":"//button[@data-kt=\"addNewRUOverflowToolbarButton\"]"}
RESULT: {"using":"xpath","value":"//button[@data-kt=\"addNewRUOverflowToolbarButton\"]"}
COMMAND: POST /session/fcfdec3f19b04732468f3b81cff77eec/elements - {"using":"xpath","value":"//button[@data-kt=\"addNewRUOverflowToolbarButton\"]"}
RESULT: {"using":"xpath","value":"//button[@data-kt=\"addNewRUOverflowToolbarButton\"]"}
COMMAND: POST /session/fcfdec3f19b04732468f3b81cff77eec/elements - {"using":"xpath","value":"//button[@data-kt=\"addNewRUOverflowToolbarButton\"]"}
RESULT: {"using":"xpath","value":"//button[@data-kt=\"addNewRUOverflowToolbarButton\"]"}
COMMAND: POST /session/fcfdec3f19b04732468f3b81cff77eec/elements - {"using":"xpath","value":"//button[@data-kt=\"addNewRUOverflowToolbarButton\"]"}
RESULT: {"using":"xpath","value":"//button[@data-kt=\"addNewRUOverflowToolbarButton\"]"}
COMMAND: POST /session/fcfdec3f19b04732468f3b81cff77eec/elements - {"using":"xpath","value":"//button[@data-kt=\"addNewRUOverflowToolbarButton\"]"}
RESULT: {"using":"xpath","value":"//button[@data-kt=\"addNewRUOverflowToolbarButton\"]"}
COMMAND: POST /session/fcfdec3f19b04732468f3b81cff77eec/elements - {"using":"xpath","value":"//button[@data-kt=\"addNewRUOverflowToolbarButton\"]"}
RESULT: {"using":"xpath","value":"//button[@data-kt=\"addNewRUOverflowToolbarButton\"]"}
COMMAND: POST /session/fcfdec3f19b04732468f3b81cff77eec/elements - {"using":"xpath","value":"//button[@data-kt=\"addNewRUOverflowToolbarButton\"]"}
RESULT: {"using":"xpath","value":"//button[@data-kt=\"addNewRUOverflowToolbarButton\"]"}
COMMAND: POST /session/fcfdec3f19b04732468f3b81cff77eec/elements - {"using":"xpath","value":"//button[@data-kt=\"addNewRUOverflowToolbarButton\"]"}
RESULT: {"using":"xpath","value":"//button[@data-kt=\"addNewRUOverflowToolbarButton\"]"}
COMMAND: POST /session/fcfdec3f19b04732468f3b81cff77eec/elements - {"using":"xpath","value":"//button[@data-kt=\"addNewRUOverflowToolbarButton\"]"}
RESULT: {"using":"xpath","value":"//button[@data-kt=\"addNewRUOverflowToolbarButton\"]"}
COMMAND: POST /session/fcfdec3f19b04732468f3b81cff77eec/elements - {"using":"xpath","value":"//button[@data-kt=\"addNewRUOverflowToolbarButton\"]"}
RESULT: {"using":"xpath","value":"//button[@data-kt=\"addNewRUOverflowToolbarButton\"]"}
COMMAND: POST /session/fcfdec3f19b04732468f3b81cff77eec/elements - {"using":"xpath","value":"//button[@data-kt=\"addNewRUOverflowToolbarButton\"]"}
RESULT: {"using":"xpath","value":"//button[@data-kt=\"addNewRUOverflowToolbarButton\"]"}
COMMAND: POST /session/fcfdec3f19b04732468f3b81cff77eec/elements - {"using":"xpath","value":"//button[@data-kt=\"addNewRUOverflowToolbarButton\"]"}
RESULT: {"using":"xpath","value":"//button[@data-kt=\"addNewRUOverflowToolbarButton\"]"}
COMMAND: POST /session/fcfdec3f19b04732468f3b81cff77eec/elements - {"using":"xpath","value":"//button[@data-kt=\"addNewRUOverflowToolbarButton\"]"}
RESULT: {"using":"xpath","value":"//button[@data-kt=\"addNewRUOverflowToolbarButton\"]"}
COMMAND: POST /session/fcfdec3f19b04732468f3b81cff77eec/elements - {"using":"xpath","value":"//button[@data-kt=\"addNewRUOverflowToolbarButton\"]"}
RESULT: {"using":"xpath","value":"//button[@data-kt=\"addNewRUOverflowToolbarButton\"]"}
COMMAND: POST /session/fcfdec3f19b04732468f3b81cff77eec/elements - {"using":"xpath","value":"//button[@data-kt=\"addNewRUOverflowToolbarButton\"]"}
RESULT: {"using":"xpath","value":"//button[@data-kt=\"addNewRUOverflowToolbarButton\"]"}
COMMAND: POST /session/fcfdec3f19b04732468f3b81cff77eec/elements - {"using":"xpath","value":"//button[@data-kt=\"addNewRUOverflowToolbarButton\"]"}
RESULT: {"using":"xpath","value":"//button[@data-kt=\"addNewRUOverflowToolbarButton\"]"}
COMMAND: POST /session/fcfdec3f19b04732468f3b81cff77eec/elements - {"using":"xpath","value":"//button[@data-kt=\"addNewRUOverflowToolbarButton\"]"}
RESULT: {"using":"xpath","value":"//button[@data-kt=\"addNewRUOverflowToolbarButton\"]"}
COMMAND: POST /session/fcfdec3f19b04732468f3b81cff77eec/elements - {"using":"xpath","value":"//button[@data-kt=\"addNewRUOverflowToolbarButton\"]"}
RESULT: {"using":"xpath","value":"//button[@data-kt=\"addNewRUOverflowToolbarButton\"]"}
COMMAND: POST /session/fcfdec3f19b04732468f3b81cff77eec/elements - {"using":"xpath","value":"//button[@data-kt=\"addNewRUOverflowToolbarButton\"]"}
RESULT: {"using":"xpath","value":"//button[@data-kt=\"addNewRUOverflowToolbarButton\"]"}
COMMAND: POST /session/fcfdec3f19b04732468f3b81cff77eec/element - {"using":"xpath","value":"//button[@data-kt=\"addNewRUOverflowToolbarButton\"]"}
RESULT: {"using":"xpath","value":"//button[@data-kt=\"addNewRUOverflowToolbarButton\"]"}
COMMAND: POST /session/fcfdec3f19b04732468f3b81cff77eec/execute/sync - {"script":"<script> [8489 bytes]","args":[{"element-6066-11e4-a52e-4f735466cecf":"f.4917B356C9E108E3489CB9DCB9E54F9E.d.B2DB278BBA709D1F673200FCC2719298.e.2801","ELEMENT":"f.4917B356C9E108E3489CB9DCB9E54F9E.d.B2DB278BBA709D1F673200FCC2719298.e.2801"}]}
RESULT: {"script":"<script> [8489 bytes]","args":[{"element-6066-11e4-a52e-4f735466cecf":"f.4917B356C9E108E3489CB9DCB9E54F9E.d.B2DB278BBA709D1F673200FCC2719298.e.2801","ELEMENT":"f.4917B356C9E108E3489CB9DCB9E54F9E.d.B2DB278BBA709D1F673200FCC2719298.e.2801"}]}
COMMAND: GET /session/fcfdec3f19b04732468f3b81cff77eec/element/f.4917B356C9E108E3489CB9DCB9E54F9E.d.B2DB278BBA709D1F673200FCC2719298.e.2801/enabled - {}
COMMAND: GET /session/fcfdec3f19b04732468f3b81cff77eec/screenshot - {}
RESULT: {}
COMMAND: POST /session/fcfdec3f19b04732468f3b81cff77eec/execute/sync - {"script":"<script> [8489 bytes]","args":[{"element-6066-11e4-a52e-4f735466cecf":"f.4917B356C9E108E3489CB9DCB9E54F9E.d.B2DB278BBA709D1F673200FCC2719298.e.2801","ELEMENT":"f.4917B356C9E108E3489CB9DCB9E54F9E.d.B2DB278BBA709D1F673200FCC2719298.e.2801"}]}
COMMAND: GET /session/fcfdec3f19b04732468f3b81cff77eec/screenshot - {}
RESULT: {}
RESULT: {"script":"<script> [8489 bytes]","args":[{"element-6066-11e4-a52e-4f735466cecf":"f.4917B356C9E108E3489CB9DCB9E54F9E.d.B2DB278BBA709D1F673200FCC2719298.e.2801","ELEMENT":"f.4917B356C9E108E3489CB9DCB9E54F9E.d.B2DB278BBA709D1F673200FCC2719298.e.2801"}]}
COMMAND: POST /session/fcfdec3f19b04732468f3b81cff77eec/execute/sync - {"script":"<script> [5351 bytes]","args":[{"element-6066-11e4-a52e-4f735466cecf":"f.4917B356C9E108E3489CB9DCB9E54F9E.d.B2DB278BBA709D1F673200FCC2719298.e.2801","ELEMENT":"f.4917B356C9E108E3489CB9DCB9E54F9E.d.B2DB278BBA709D1F673200FCC2719298.e.2801"}]}
COMMAND: GET /session/fcfdec3f19b04732468f3b81cff77eec/screenshot - {}
RESULT: {}
RESULT: {"script":"<script> [5351 bytes]","args":[{"element-6066-11e4-a52e-4f735466cecf":"f.4917B356C9E108E3489CB9DCB9E54F9E.d.B2DB278BBA709D1F673200FCC2719298.e.2801","ELEMENT":"f.4917B356C9E108E3489CB9DCB9E54F9E.d.B2DB278BBA709D1F673200FCC2719298.e.2801"}]}
COMMAND: POST /session/fcfdec3f19b04732468f3b81cff77eec/element/f.4917B356C9E108E3489CB9DCB9E54F9E.d.B2DB278BBA709D1F673200FCC2719298.e.2801/click - {}
COMMAND: GET /session/fcfdec3f19b04732468f3b81cff77eec/screenshot - {}
RESULT: {}
RESULT: {}
COMMAND: GET /session/fcfdec3f19b04732468f3b81cff77eec/screenshot - {}
RESULT: {}
RESULT: {}
COMMAND: POST /session/fcfdec3f19b04732468f3b81cff77eec/execute/async - {"script":"<script> [1562 bytes]","args":[{"selector":{"id":"application-manageresources-display-component---newResourceUnit--TYPE-arrow"},"wdio_ui5_key":"applicationmanageresources-display-component---newResourceUnit--TYPE-arrow"}]}
RESULT: {"script":"<script> [1562 bytes]","args":[{"selector":{"id":"application-manageresources-display-component---newResourceUnit--TYPE-arrow"},"wdio_ui5_key":"applicationmanageresources-display-component---newResourceUnit--TYPE-arrow"}]}
RESULT: undefined
COMMAND: POST /session/fcfdec3f19b04732468f3b81cff77eec/element - {"using":"xpath","value":"//*[@id=\"application-manageresources-display-component---newResourceUnit--TYPE-arrow\"]"}
RESULT: {"using":"xpath","value":"//*[@id=\"application-manageresources-display-component---newResourceUnit--TYPE-arrow\"]"}
COMMAND: POST /session/fcfdec3f19b04732468f3b81cff77eec/element/f.4917B356C9E108E3489CB9DCB9E54F9E.d.B2DB278BBA709D1F673200FCC2719298.e.3157/click - {}
RESULT: {}
COMMAND: POST /session/fcfdec3f19b04732468f3b81cff77eec/element - {"using":"xpath","value":"//input[@id=\"application-manageresources-display-component---newResourceUnit--TYPE-inner\"]"}
COMMAND: GET /session/fcfdec3f19b04732468f3b81cff77eec/screenshot - {}
RESULT: {"using":"xpath","value":"//input[@id=\"application-manageresources-display-component---newResourceUnit--TYPE-inner\"]"}
COMMAND: POST /session/fcfdec3f19b04732468f3b81cff77eec/element/f.4917B356C9E108E3489CB9DCB9E54F9E.d.B2DB278BBA709D1F673200FCC2719298.e.3153/clear - {}
RESULT: {}
RESULT: {}
COMMAND: POST /session/fcfdec3f19b04732468f3b81cff77eec/element/f.4917B356C9E108E3489CB9DCB9E54F9E.d.B2DB278BBA709D1F673200FCC2719298.e.3153/value - {"text":"Material"}
COMMAND: GET /session/fcfdec3f19b04732468f3b81cff77eec/screenshot - {}
RESULT: {"text":"Material"}
COMMAND: GET /session/fcfdec3f19b04732468f3b81cff77eec/screenshot - {}
RESULT: {}
RESULT: {}
COMMAND: POST /session/fcfdec3f19b04732468f3b81cff77eec/actions - {"actions":[{"id":"action6","type":"key","parameters":{},"actions":[{"type":"keyDown","value":""},{"type":"pause","duration":10},{"type":"keyUp","value":""}]}]}
RESULT: {"actions":[{"id":"action6","type":"key","parameters":{},"actions":[{"type":"keyDown","value":""},{"type":"pause","duration":10},{"type":"keyUp","value":""}]}]}
COMMAND: POST /session/fcfdec3f19b04732468f3b81cff77eec/execute/async - {"script":"<script> [1562 bytes]","args":[{"selector":{"id":"application-manageresources-display-component---newResourceUnit--SHORT_TEXT","interaction":{"idSuffix":"inner"}},"wdio_ui5_key":"applicationmanageresources-display-component---newResourceUnit--SHORT_TEXT"}]}
COMMAND: GET /session/fcfdec3f19b04732468f3b81cff77eec/screenshot - {}
RESULT: {"script":"<script> [1562 bytes]","args":[{"selector":{"id":"application-manageresources-display-component---newResourceUnit--SHORT_TEXT","interaction":{"idSuffix":"inner"}},"wdio_ui5_key":"applicationmanageresources-display-component---newResourceUnit--SHORT_TEXT"}]}
RESULT: undefined
COMMAND: POST /session/fcfdec3f19b04732468f3b81cff77eec/execute/async - {"script":"<script> [776 bytes]","args":[{"enterText":"Cement WDIO","selector":{"id":"application-manageresources-display-component---newResourceUnit--SHORT_TEXT","interaction":{"idSuffix":"inner"}},"clearTextFirst":true,"interactionType":"ENTER_TEXT"}]}
RESULT: {}
RESULT: {"script":"<script> [776 bytes]","args":[{"enterText":"Cement WDIO","selector":{"id":"application-manageresources-display-component---newResourceUnit--SHORT_TEXT","interaction":{"idSuffix":"inner"}},"clearTextFirst":true,"interactionType":"ENTER_TEXT"}]}
COMMAND: POST /session/fcfdec3f19b04732468f3b81cff77eec/execute/async - {"script":"<script> [1562 bytes]","args":[{"selector":{"id":"application-manageresources-display-component---newResourceUnit--BASE_UNIT_OF_MEASURE","interaction":{"idSuffix":"inner"}},"wdio_ui5_key":"applicationmanageresources-display-component---newResourceUnit--BASE_UNIT_OF_MEASURE"}]}
RESULT: {"script":"<script> [1562 bytes]","args":[{"selector":{"id":"application-manageresources-display-component---newResourceUnit--BASE_UNIT_OF_MEASURE","interaction":{"idSuffix":"inner"}},"wdio_ui5_key":"applicationmanageresources-display-component---newResourceUnit--BASE_UNIT_OF_MEASURE"}]}
RESULT: undefined
COMMAND: POST /session/fcfdec3f19b04732468f3b81cff77eec/execute/async - {"script":"<script> [776 bytes]","args":[{"enterText":"Piece","selector":{"id":"application-manageresources-display-component---newResourceUnit--BASE_UNIT_OF_MEASURE","interaction":{"idSuffix":"inner"}},"clearTextFirst":true,"interactionType":"ENTER_TEXT"}]}
RESULT: {"script":"<script> [776 bytes]","args":[{"enterText":"Piece","selector":{"id":"application-manageresources-display-component---newResourceUnit--BASE_UNIT_OF_MEASURE","interaction":{"idSuffix":"inner"}},"clearTextFirst":true,"interactionType":"ENTER_TEXT"}]}
COMMAND: POST /session/fcfdec3f19b04732468f3b81cff77eec/execute/async - {"script":"<script> [1562 bytes]","args":[{"selector":{"id":"application-manageresources-display-component---newResourceUnit--WEIGHT_UNIT","interaction":{"idSuffix":"inner"}},"wdio_ui5_key":"applicationmanageresources-display-component---newResourceUnit--WEIGHT_UNIT"}]}
RESULT: {"script":"<script> [1562 bytes]","args":[{"selector":{"id":"application-manageresources-display-component---newResourceUnit--WEIGHT_UNIT","interaction":{"idSuffix":"inner"}},"wdio_ui5_key":"applicationmanageresources-display-component---newResourceUnit--WEIGHT_UNIT"}]}
RESULT: undefined
COMMAND: POST /session/fcfdec3f19b04732468f3b81cff77eec/execute/async - {"script":"<script> [776 bytes]","args":[{"enterText":"Gram","selector":{"id":"application-manageresources-display-component---newResourceUnit--WEIGHT_UNIT","interaction":{"idSuffix":"inner"}},"clearTextFirst":true,"interactionType":"ENTER_TEXT"}]}
RESULT: {"script":"<script> [776 bytes]","args":[{"enterText":"Gram","selector":{"id":"application-manageresources-display-component---newResourceUnit--WEIGHT_UNIT","interaction":{"idSuffix":"inner"}},"clearTextFirst":true,"interactionType":"ENTER_TEXT"}]}
COMMAND: POST /session/fcfdec3f19b04732468f3b81cff77eec/execute/async - {"script":"<script> [1562 bytes]","args":[{"selector":{"id":"application-manageresources-display-component---newResourceUnit--DIMENSION_UNIT","interaction":{"idSuffix":"inner"}},"wdio_ui5_key":"applicationmanageresources-display-component---newResourceUnit--DIMENSION_UNIT"}]}
RESULT: {"script":"<script> [1562 bytes]","args":[{"selector":{"id":"application-manageresources-display-component---newResourceUnit--DIMENSION_UNIT","interaction":{"idSuffix":"inner"}},"wdio_ui5_key":"applicationmanageresources-display-component---newResourceUnit--DIMENSION_UNIT"}]}
RESULT: undefined
COMMAND: POST /session/fcfdec3f19b04732468f3b81cff77eec/execute/async - {"script":"<script> [776 bytes]","args":[{"enterText":"Meter","selector":{"id":"application-manageresources-display-component---newResourceUnit--DIMENSION_UNIT","interaction":{"idSuffix":"inner"}},"clearTextFirst":true,"interactionType":"ENTER_TEXT"}]}
RESULT: {"script":"<script> [776 bytes]","args":[{"enterText":"Meter","selector":{"id":"application-manageresources-display-component---newResourceUnit--DIMENSION_UNIT","interaction":{"idSuffix":"inner"}},"clearTextFirst":true,"interactionType":"ENTER_TEXT"}]}
COMMAND: POST /session/fcfdec3f19b04732468f3b81cff77eec/execute/async - {"script":"<script> [1562 bytes]","args":[{"selector":{"id":"application-manageresources-display-component---newResourceUnit--newRRUPage-anchBar-application-manageresources-display-component---newResourceUnit--control-anchor","interaction":{"idSuffix":"BDI-content"}},"wdio_ui5_key":"applicationmanageresources-display-component---newResourceUnit--newRRUPage-anchBar-application-manageresources-display-component---newResourceUnit--control-anchor"}]}
RESULT: {"script":"<script> [1562 bytes]","args":[{"selector":{"id":"application-manageresources-display-component---newResourceUnit--newRRUPage-anchBar-application-manageresources-display-component---newResourceUnit--control-anchor","interaction":{"idSuffix":"BDI-content"}},"wdio_ui5_key":"applicationmanageresources-display-component---newResourceUnit--newRRUPage-anchBar-application-manageresources-display-component---newResourceUnit--control-anchor"}]}
RESULT: undefined
COMMAND: POST /session/fcfdec3f19b04732468f3b81cff77eec/element - {"using":"xpath","value":"//*[@id=\"application-manageresources-display-component---newResourceUnit--newRRUPage-anchBar-application-manageresources-display-component---newResourceUnit--control-anchor\"]"}
RESULT: {"using":"xpath","value":"//*[@id=\"application-manageresources-display-component---newResourceUnit--newRRUPage-anchBar-application-manageresources-display-component---newResourceUnit--control-anchor\"]"}
COMMAND: POST /session/fcfdec3f19b04732468f3b81cff77eec/element/f.4917B356C9E108E3489CB9DCB9E54F9E.d.B2DB278BBA709D1F673200FCC2719298.e.3289/click - {}
RESULT: {}
COMMAND: POST /session/fcfdec3f19b04732468f3b81cff77eec/execute/async - {"script":"<script> [1562 bytes]","args":[{"selector":{"id":"application-manageresources-display-component---newResourceUnit--PLANNING_GROUP","interaction":{"idSuffix":"inner"}},"wdio_ui5_key":"applicationmanageresources-display-component---newResourceUnit--PLANNING_GROUP"}]}
COMMAND: GET /session/fcfdec3f19b04732468f3b81cff77eec/screenshot - {}
RESULT: {"script":"<script> [1562 bytes]","args":[{"selector":{"id":"application-manageresources-display-component---newResourceUnit--PLANNING_GROUP","interaction":{"idSuffix":"inner"}},"wdio_ui5_key":"applicationmanageresources-display-component---newResourceUnit--PLANNING_GROUP"}]}
RESULT: undefined
COMMAND: POST /session/fcfdec3f19b04732468f3b81cff77eec/execute/async - {"script":"<script> [776 bytes]","args":[{"enterText":"Material","selector":{"id":"application-manageresources-display-component---newResourceUnit--PLANNING_GROUP","interaction":{"idSuffix":"inner"}},"clearTextFirst":true,"interactionType":"ENTER_TEXT"}]}
RESULT: {}
RESULT: {"script":"<script> [776 bytes]","args":[{"enterText":"Material","selector":{"id":"application-manageresources-display-component---newResourceUnit--PLANNING_GROUP","interaction":{"idSuffix":"inner"}},"clearTextFirst":true,"interactionType":"ENTER_TEXT"}]}
COMMAND: POST /session/fcfdec3f19b04732468f3b81cff77eec/execute/async - {"script":"<script> [1562 bytes]","args":[{"selector":{"id":"application-manageresources-display-component---newResourceUnit--PLANNING_INDICATOR","interaction":{"idSuffix":"inner"}},"wdio_ui5_key":"applicationmanageresources-display-component---newResourceUnit--PLANNING_INDICATOR"}]}
RESULT: {"script":"<script> [1562 bytes]","args":[{"selector":{"id":"application-manageresources-display-component---newResourceUnit--PLANNING_INDICATOR","interaction":{"idSuffix":"inner"}},"wdio_ui5_key":"applicationmanageresources-display-component---newResourceUnit--PLANNING_INDICATOR"}]}
RESULT: undefined
COMMAND: POST /session/fcfdec3f19b04732468f3b81cff77eec/execute/async - {"script":"<script> [776 bytes]","args":[{"enterText":"10 - infinite","selector":{"id":"application-manageresources-display-component---newResourceUnit--PLANNING_INDICATOR","interaction":{"idSuffix":"inner"}},"clearTextFirst":true,"interactionType":"ENTER_TEXT"}]}
RESULT: {"script":"<script> [776 bytes]","args":[{"enterText":"10 - infinite","selector":{"id":"application-manageresources-display-component---newResourceUnit--PLANNING_INDICATOR","interaction":{"idSuffix":"inner"}},"clearTextFirst":true,"interactionType":"ENTER_TEXT"}]}
COMMAND: POST /session/fcfdec3f19b04732468f3b81cff77eec/element - {"using":"css selector","value":"#application-manageresources-display-component---newResourceUnit--btnAddTimeSegment"}
RESULT: {"using":"css selector","value":"#application-manageresources-display-component---newResourceUnit--btnAddTimeSegment"}
COMMAND: GET /session/fcfdec3f19b04732468f3b81cff77eec/element/f.4917B356C9E108E3489CB9DCB9E54F9E.d.B2DB278BBA709D1F673200FCC2719298.e.3299/rect - {}
RESULT: {}
COMMAND: GET /session/fcfdec3f19b04732468f3b81cff77eec/window/rect - {}
RESULT: {}
COMMAND: POST /session/fcfdec3f19b04732468f3b81cff77eec/execute/sync - {"script":"<script> [92 bytes]","args":[]}
RESULT: {"script":"<script> [92 bytes]","args":[]}
COMMAND: POST /session/fcfdec3f19b04732468f3b81cff77eec/actions - {"actions":[{"id":"action7","type":"wheel","parameters":{},"actions":[{"type":"scroll","x":-1888,"y":-32,"deltaX":0,"deltaY":0,"duration":0,"origin":{"element-6066-11e4-a52e-4f735466cecf":"f.4917B356C9E108E3489CB9DCB9E54F9E.d.B2DB278BBA709D1F673200FCC2719298.e.3299"}}]}]}
COMMAND: GET /session/fcfdec3f19b04732468f3b81cff77eec/screenshot - {}
RESULT: {}
COMMAND: POST /session/fcfdec3f19b04732468f3b81cff77eec/execute/sync - {"script":"<script> [79 bytes]","args":[{"element-6066-11e4-a52e-4f735466cecf":"f.4917B356C9E108E3489CB9DCB9E54F9E.d.B2DB278BBA709D1F673200FCC2719298.e.3299","ELEMENT":"f.4917B356C9E108E3489CB9DCB9E54F9E.d.B2DB278BBA709D1F673200FCC2719298.e.3299"},{"block":"start","inline":"nearest"}]}
RESULT: {"script":"<script> [79 bytes]","args":[{"element-6066-11e4-a52e-4f735466cecf":"f.4917B356C9E108E3489CB9DCB9E54F9E.d.B2DB278BBA709D1F673200FCC2719298.e.3299","ELEMENT":"f.4917B356C9E108E3489CB9DCB9E54F9E.d.B2DB278BBA709D1F673200FCC2719298.e.3299"},{"block":"start","inline":"nearest"}]}
COMMAND: POST /session/fcfdec3f19b04732468f3b81cff77eec/execute/async - {"script":"<script> [1562 bytes]","args":[{"selector":{"id":"application-manageresources-display-component---newResourceUnit--btnAddTimeSegment","interaction":{"idSuffix":"inner"}},"wdio_ui5_key":"applicationmanageresources-display-component---newResourceUnit--btnAddTimeSegment"}]}
COMMAND: GET /session/fcfdec3f19b04732468f3b81cff77eec/screenshot - {}
RESULT: {"script":"<script> [1562 bytes]","args":[{"selector":{"id":"application-manageresources-display-component---newResourceUnit--btnAddTimeSegment","interaction":{"idSuffix":"inner"}},"wdio_ui5_key":"applicationmanageresources-display-component---newResourceUnit--btnAddTimeSegment"}]}
RESULT: undefined
COMMAND: POST /session/fcfdec3f19b04732468f3b81cff77eec/element - {"using":"xpath","value":"//*[@id=\"application-manageresources-display-component---newResourceUnit--btnAddTimeSegment\"]"}
RESULT: {}
RESULT: {"using":"xpath","value":"//*[@id=\"application-manageresources-display-component---newResourceUnit--btnAddTimeSegment\"]"}
COMMAND: POST /session/fcfdec3f19b04732468f3b81cff77eec/element/f.4917B356C9E108E3489CB9DCB9E54F9E.d.B2DB278BBA709D1F673200FCC2719298.e.3299/click - {}
RESULT: {}
COMMAND: GET /session/fcfdec3f19b04732468f3b81cff77eec/screenshot - {}
RESULT: {}
COMMAND: POST /session/fcfdec3f19b04732468f3b81cff77eec/element - {"using":"xpath","value":"//input[@id=\"application-manageresources-display-component---newResourceUnit--idRuTSAdmin-application-manageresources-display-component---newResourceUnit--RUTimeSegment-0-inner\"]"}
RESULT: {"using":"xpath","value":"//input[@id=\"application-manageresources-display-component---newResourceUnit--idRuTSAdmin-application-manageresources-display-component---newResourceUnit--RUTimeSegment-0-inner\"]"}
COMMAND: POST /session/fcfdec3f19b04732468f3b81cff77eec/element/f.4917B356C9E108E3489CB9DCB9E54F9E.d.B2DB278BBA709D1F673200FCC2719298.e.3304/clear - {}
RESULT: {}
COMMAND: POST /session/fcfdec3f19b04732468f3b81cff77eec/element/f.4917B356C9E108E3489CB9DCB9E54F9E.d.B2DB278BBA709D1F673200FCC2719298.e.3304/value - {"text":"247"}
COMMAND: GET /session/fcfdec3f19b04732468f3b81cff77eec/screenshot - {}
RESULT: {"text":"247"}
COMMAND: GET /session/fcfdec3f19b04732468f3b81cff77eec/screenshot - {}
RESULT: {}
RESULT: {}
COMMAND: POST /session/fcfdec3f19b04732468f3b81cff77eec/element - {"using":"xpath","value":"//li[.//span[text()='247']]"}
RESULT: {"using":"xpath","value":"//li[.//span[text()='247']]"}
COMMAND: POST /session/fcfdec3f19b04732468f3b81cff77eec/element/f.4917B356C9E108E3489CB9DCB9E54F9E.d.B2DB278BBA709D1F673200FCC2719298.e.3315/click - {}
RESULT: {}
COMMAND: GET /session/fcfdec3f19b04732468f3b81cff77eec/screenshot - {}
RESULT: {}
COMMAND: POST /session/fcfdec3f19b04732468f3b81cff77eec/element - {"using":"xpath","value":"(//span[contains(@id, \"-application-manageresources-display-component---newResourceUnit--RUTimeSegment-0-arrow\")])[2]"}
RESULT: {"using":"xpath","value":"(//span[contains(@id, \"-application-manageresources-display-component---newResourceUnit--RUTimeSegment-0-arrow\")])[2]"}
COMMAND: POST /session/fcfdec3f19b04732468f3b81cff77eec/element/f.4917B356C9E108E3489CB9DCB9E54F9E.d.B2DB278BBA709D1F673200FCC2719298.e.3316/click - {}
RESULT: {}
COMMAND: POST /session/fcfdec3f19b04732468f3b81cff77eec/element - {"using":"xpath","value":"//span[contains(text(), \"PM Order\")]"}
COMMAND: GET /session/fcfdec3f19b04732468f3b81cff77eec/screenshot - {}
RESULT: {"using":"xpath","value":"//span[contains(text(), \"PM Order\")]"}
COMMAND: POST /session/fcfdec3f19b04732468f3b81cff77eec/element/f.4917B356C9E108E3489CB9DCB9E54F9E.d.B2DB278BBA709D1F673200FCC2719298.e.3317/click - {}
RESULT: {}
RESULT: {}
COMMAND: GET /session/fcfdec3f19b04732468f3b81cff77eec/screenshot - {}
RESULT: {}
COMMAND: POST /session/fcfdec3f19b04732468f3b81cff77eec/element - {"using":"xpath","value":"//td/div/div/div/span[contains(@id, \"newResourceUnit--RUTimeSegment-0-vhi\")][1]"}
RESULT: {"using":"xpath","value":"//td/div/div/div/span[contains(@id, \"newResourceUnit--RUTimeSegment-0-vhi\")][1]"}
COMMAND: GET /session/fcfdec3f19b04732468f3b81cff77eec/element/f.4917B356C9E108E3489CB9DCB9E54F9E.d.B2DB278BBA709D1F673200FCC2719298.e.3321/rect - {}
RESULT: {}
COMMAND: GET /session/fcfdec3f19b04732468f3b81cff77eec/window/rect - {}
RESULT: {}
COMMAND: POST /session/fcfdec3f19b04732468f3b81cff77eec/execute/sync - {"script":"<script> [92 bytes]","args":[]}
RESULT: {"script":"<script> [92 bytes]","args":[]}
COMMAND: POST /session/fcfdec3f19b04732468f3b81cff77eec/actions - {"actions":[{"id":"action8","type":"wheel","parameters":{},"actions":[{"type":"scroll","x":-1888,"y":-24,"deltaX":0,"deltaY":0,"duration":0,"origin":{"element-6066-11e4-a52e-4f735466cecf":"f.4917B356C9E108E3489CB9DCB9E54F9E.d.B2DB278BBA709D1F673200FCC2719298.e.3321"}}]}]}
COMMAND: GET /session/fcfdec3f19b04732468f3b81cff77eec/screenshot - {}
RESULT: {}
COMMAND: POST /session/fcfdec3f19b04732468f3b81cff77eec/execute/sync - {"script":"<script> [79 bytes]","args":[{"element-6066-11e4-a52e-4f735466cecf":"f.4917B356C9E108E3489CB9DCB9E54F9E.d.B2DB278BBA709D1F673200FCC2719298.e.3321","ELEMENT":"f.4917B356C9E108E3489CB9DCB9E54F9E.d.B2DB278BBA709D1F673200FCC2719298.e.3321"},{"block":"start","inline":"nearest"}]}
RESULT: {"script":"<script> [79 bytes]","args":[{"element-6066-11e4-a52e-4f735466cecf":"f.4917B356C9E108E3489CB9DCB9E54F9E.d.B2DB278BBA709D1F673200FCC2719298.e.3321","ELEMENT":"f.4917B356C9E108E3489CB9DCB9E54F9E.d.B2DB278BBA709D1F673200FCC2719298.e.3321"},{"block":"start","inline":"nearest"}]}
COMMAND: GET /session/fcfdec3f19b04732468f3b81cff77eec/screenshot - {}
RESULT: {}
COMMAND: POST /session/fcfdec3f19b04732468f3b81cff77eec/element/f.4917B356C9E108E3489CB9DCB9E54F9E.d.B2DB278BBA709D1F673200FCC2719298.e.3321/click - {}
RESULT: {}
COMMAND: GET /session/fcfdec3f19b04732468f3b81cff77eec/screenshot - {}
RESULT: {}
COMMAND: POST /session/fcfdec3f19b04732468f3b81cff77eec/execute/async - {"script":"<script> [1562 bytes]","args":[{"selector":{"controlType":"sap.m.SearchField","properties":{"placeholder":"Search"},"searchOpenDialogs":true,"interaction":{"idSuffix":"I"}},"wdio_ui5_key":"sapm.SearchField{\"placeholder\":\"Search\"}"}]}
RESULT: {"script":"<script> [1562 bytes]","args":[{"selector":{"controlType":"sap.m.SearchField","properties":{"placeholder":"Search"},"searchOpenDialogs":true,"interaction":{"idSuffix":"I"}},"wdio_ui5_key":"sapm.SearchField{\"placeholder\":\"Search\"}"}]}
RESULT: undefined
COMMAND: POST /session/fcfdec3f19b04732468f3b81cff77eec/execute/async - {"script":"<script> [776 bytes]","args":[{"enterText":"4000360","selector":{"controlType":"sap.m.SearchField","properties":{"placeholder":"Search"},"searchOpenDialogs":true,"interaction":{"idSuffix":"I"}},"clearTextFirst":true,"interactionType":"ENTER_TEXT"}]}
RESULT: {"script":"<script> [776 bytes]","args":[{"enterText":"4000360","selector":{"controlType":"sap.m.SearchField","properties":{"placeholder":"Search"},"searchOpenDialogs":true,"interaction":{"idSuffix":"I"}},"clearTextFirst":true,"interactionType":"ENTER_TEXT"}]}
COMMAND: POST /session/fcfdec3f19b04732468f3b81cff77eec/actions - {"actions":[{"id":"action9","type":"key","parameters":{},"actions":[{"type":"keyDown","value":""},{"type":"pause","duration":10},{"type":"keyUp","value":""}]}]}
RESULT: {"actions":[{"id":"action9","type":"key","parameters":{},"actions":[{"type":"keyDown","value":""},{"type":"pause","duration":10},{"type":"keyUp","value":""}]}]}
COMMAND: GET /session/fcfdec3f19b04732468f3b81cff77eec/screenshot - {}
RESULT: {}
COMMAND: POST /session/fcfdec3f19b04732468f3b81cff77eec/element - {"using":"xpath","value":"//td/div/span[contains(text(), \"BGL Vehicles\")]"}
RESULT: {"using":"xpath","value":"//td/div/span[contains(text(), \"BGL Vehicles\")]"}
COMMAND: POST /session/fcfdec3f19b04732468f3b81cff77eec/element/f.4917B356C9E108E3489CB9DCB9E54F9E.d.B2DB278BBA709D1F673200FCC2719298.e.3343/click - {}
RESULT: {}
COMMAND: GET /session/fcfdec3f19b04732468f3b81cff77eec/screenshot - {}
RESULT: {}
COMMAND: POST /session/fcfdec3f19b04732468f3b81cff77eec/element - {"using":"xpath","value":"//bdi[contains(text(), \"OK\")]"}
RESULT: {"using":"xpath","value":"//bdi[contains(text(), \"OK\")]"}
COMMAND: POST /session/fcfdec3f19b04732468f3b81cff77eec/element/f.4917B356C9E108E3489CB9DCB9E54F9E.d.B2DB278BBA709D1F673200FCC2719298.e.3344/click - {}
RESULT: {}
COMMAND: GET /session/fcfdec3f19b04732468f3b81cff77eec/screenshot - {}
RESULT: {}
COMMAND: POST /session/fcfdec3f19b04732468f3b81cff77eec/element - {"using":"xpath","value":"//label[contains(@class, 'sapMLabelRequired') and .//bdi[contains(text(), 'Planned Retirement')]]"}
RESULT: {"using":"xpath","value":"//label[contains(@class, 'sapMLabelRequired') and .//bdi[contains(text(), 'Planned Retirement')]]"}
COMMAND: POST /session/fcfdec3f19b04732468f3b81cff77eec/elements - {"using":"xpath","value":"//label[contains(@class, 'sapMLabelRequired') and .//bdi[contains(text(), 'Planned Retirement')]]"}
RESULT: {"using":"xpath","value":"//label[contains(@class, 'sapMLabelRequired') and .//bdi[contains(text(), 'Planned Retirement')]]"}
COMMAND: POST /session/fcfdec3f19b04732468f3b81cff77eec/element - {"using":"xpath","value":"//button[@data-kt=\"resourceUnitSaveButton\"]"}
RESULT: {"using":"xpath","value":"//button[@data-kt=\"resourceUnitSaveButton\"]"}
COMMAND: POST /session/fcfdec3f19b04732468f3b81cff77eec/element/f.4917B356C9E108E3489CB9DCB9E54F9E.d.B2DB278BBA709D1F673200FCC2719298.e.3175/click - {}
RESULT: {}
COMMAND: GET /session/fcfdec3f19b04732468f3b81cff77eec/screenshot - {}
RESULT: {}
COMMAND: POST /session/fcfdec3f19b04732468f3b81cff77eec/element - {"using":"xpath","value":"//bdi[contains(text(), \"Close\")]"}
RESULT: {"using":"xpath","value":"//bdi[contains(text(), \"Close\")]"}
COMMAND: POST /session/fcfdec3f19b04732468f3b81cff77eec/element/f.4917B356C9E108E3489CB9DCB9E54F9E.d.B2DB278BBA709D1F673200FCC2719298.e.3350/click - {}
RESULT: {}
COMMAND: GET /session/fcfdec3f19b04732468f3b81cff77eec/screenshot - {}
RESULT: {}
COMMAND: POST /session/fcfdec3f19b04732468f3b81cff77eec/element - {"using":"xpath","value":"//header[contains(@id, 'detailRruPage-headerTitle')]/div[1]/div[2]/div[2]/span[1]"}
RESULT: {"using":"xpath","value":"//header[contains(@id, 'detailRruPage-headerTitle')]/div[1]/div[2]/div[2]/span[1]"}
COMMAND: POST /session/fcfdec3f19b04732468f3b81cff77eec/elements - {"using":"xpath","value":"//header[contains(@id, 'detailRruPage-headerTitle')]/div[1]/div[2]/div[2]/span[1]"}
RESULT: {"using":"xpath","value":"//header[contains(@id, 'detailRruPage-headerTitle')]/div[1]/div[2]/div[2]/span[1]"}
COMMAND: POST /session/fcfdec3f19b04732468f3b81cff77eec/execute/sync - {"script":"<script> [56 bytes]","args":[{"element-6066-11e4-a52e-4f735466cecf":"f.4917B356C9E108E3489CB9DCB9E54F9E.d.B2DB278BBA709D1F673200FCC2719298.e.3389","ELEMENT":"f.4917B356C9E108E3489CB9DCB9E54F9E.d.B2DB278BBA709D1F673200FCC2719298.e.3389"}]}
RESULT: {"script":"<script> [56 bytes]","args":[{"element-6066-11e4-a52e-4f735466cecf":"f.4917B356C9E108E3489CB9DCB9E54F9E.d.B2DB278BBA709D1F673200FCC2719298.e.3389","ELEMENT":"f.4917B356C9E108E3489CB9DCB9E54F9E.d.B2DB278BBA709D1F673200FCC2719298.e.3389"}]}
COMMAND: POST /session/fcfdec3f19b04732468f3b81cff77eec/element - {"using":"css selector","value":"#shell-header-logo"}
COMMAND: GET /session/fcfdec3f19b04732468f3b81cff77eec/screenshot - {}
RESULT: {"using":"css selector","value":"#shell-header-logo"}
COMMAND: POST /session/fcfdec3f19b04732468f3b81cff77eec/element/f.4917B356C9E108E3489CB9DCB9E54F9E.d.B2DB278BBA709D1F673200FCC2719298.e.2771/click - {}
RESULT: {}
RESULT: {}
COMMAND: GET /session/fcfdec3f19b04732468f3b81cff77eec/screenshot - {}
RESULT: {}
]]></system-out>
    </testcase>
    <testcase classname="chrome.136_0_7103_93.windows.Stock_increase_-_with_WHM_US125587" name="Bin Status Report Should Create New Organization yard" time="86.671">
      <system-out><![CDATA[
COMMAND: POST /session/fcfdec3f19b04732468f3b81cff77eec/execute/async - {"script":"<script> [1562 bytes]","args":[{"selector":{"controlType":"sap.m.GenericTile","properties":{"header":"Bin Status Report"}},"wdio_ui5_key":"sapm.GenericTile{\"header\":\"Bin Status Report\"}"}]}
RESULT: {"script":"<script> [1562 bytes]","args":[{"selector":{"controlType":"sap.m.GenericTile","properties":{"header":"Bin Status Report"}},"wdio_ui5_key":"sapm.GenericTile{\"header\":\"Bin Status Report\"}"}]}
RESULT: undefined
COMMAND: POST /session/fcfdec3f19b04732468f3b81cff77eec/element - {"using":"xpath","value":"//*[@id=\"__tile104\"]"}
RESULT: {"using":"xpath","value":"//*[@id=\"__tile104\"]"}
COMMAND: POST /session/fcfdec3f19b04732468f3b81cff77eec/element/f.4917B356C9E108E3489CB9DCB9E54F9E.d.B2DB278BBA709D1F673200FCC2719298.e.3391/click - {}
RESULT: {}
COMMAND: GET /session/fcfdec3f19b04732468f3b81cff77eec/screenshot - {}
RESULT: {}
COMMAND: POST /session/fcfdec3f19b04732468f3b81cff77eec/elements - {"using":"xpath","value":"//span[text()='Error']"}
RESULT: {"using":"xpath","value":"//span[text()='Error']"}
COMMAND: POST /session/fcfdec3f19b04732468f3b81cff77eec/element - {"using":"xpath","value":"//button[@id=\"application-binstatusreport-display-component---warehousing--createOrgBtn\"]"}
RESULT: {"using":"xpath","value":"//button[@id=\"application-binstatusreport-display-component---warehousing--createOrgBtn\"]"}
COMMAND: POST /session/fcfdec3f19b04732468f3b81cff77eec/elements - {"using":"xpath","value":"//button[@id=\"application-binstatusreport-display-component---warehousing--createOrgBtn\"]"}
RESULT: {"using":"xpath","value":"//button[@id=\"application-binstatusreport-display-component---warehousing--createOrgBtn\"]"}
COMMAND: POST /session/fcfdec3f19b04732468f3b81cff77eec/execute/sync - {"script":"<script> [8489 bytes]","args":[{"element-6066-11e4-a52e-4f735466cecf":"f.4917B356C9E108E3489CB9DCB9E54F9E.d.B2DB278BBA709D1F673200FCC2719298.e.3430","ELEMENT":"f.4917B356C9E108E3489CB9DCB9E54F9E.d.B2DB278BBA709D1F673200FCC2719298.e.3430"}]}
RESULT: {"script":"<script> [8489 bytes]","args":[{"element-6066-11e4-a52e-4f735466cecf":"f.4917B356C9E108E3489CB9DCB9E54F9E.d.B2DB278BBA709D1F673200FCC2719298.e.3430","ELEMENT":"f.4917B356C9E108E3489CB9DCB9E54F9E.d.B2DB278BBA709D1F673200FCC2719298.e.3430"}]}
COMMAND: GET /session/fcfdec3f19b04732468f3b81cff77eec/element/f.4917B356C9E108E3489CB9DCB9E54F9E.d.B2DB278BBA709D1F673200FCC2719298.e.3430/enabled - {}
COMMAND: GET /session/fcfdec3f19b04732468f3b81cff77eec/screenshot - {}
RESULT: {}
COMMAND: POST /session/fcfdec3f19b04732468f3b81cff77eec/execute/sync - {"script":"<script> [8489 bytes]","args":[{"element-6066-11e4-a52e-4f735466cecf":"f.4917B356C9E108E3489CB9DCB9E54F9E.d.B2DB278BBA709D1F673200FCC2719298.e.3430","ELEMENT":"f.4917B356C9E108E3489CB9DCB9E54F9E.d.B2DB278BBA709D1F673200FCC2719298.e.3430"}]}
COMMAND: GET /session/fcfdec3f19b04732468f3b81cff77eec/screenshot - {}
RESULT: {}
RESULT: {"script":"<script> [8489 bytes]","args":[{"element-6066-11e4-a52e-4f735466cecf":"f.4917B356C9E108E3489CB9DCB9E54F9E.d.B2DB278BBA709D1F673200FCC2719298.e.3430","ELEMENT":"f.4917B356C9E108E3489CB9DCB9E54F9E.d.B2DB278BBA709D1F673200FCC2719298.e.3430"}]}
COMMAND: POST /session/fcfdec3f19b04732468f3b81cff77eec/execute/sync - {"script":"<script> [5351 bytes]","args":[{"element-6066-11e4-a52e-4f735466cecf":"f.4917B356C9E108E3489CB9DCB9E54F9E.d.B2DB278BBA709D1F673200FCC2719298.e.3430","ELEMENT":"f.4917B356C9E108E3489CB9DCB9E54F9E.d.B2DB278BBA709D1F673200FCC2719298.e.3430"}]}
COMMAND: GET /session/fcfdec3f19b04732468f3b81cff77eec/screenshot - {}
RESULT: {}
RESULT: {"script":"<script> [5351 bytes]","args":[{"element-6066-11e4-a52e-4f735466cecf":"f.4917B356C9E108E3489CB9DCB9E54F9E.d.B2DB278BBA709D1F673200FCC2719298.e.3430","ELEMENT":"f.4917B356C9E108E3489CB9DCB9E54F9E.d.B2DB278BBA709D1F673200FCC2719298.e.3430"}]}
COMMAND: GET /session/fcfdec3f19b04732468f3b81cff77eec/screenshot - {}
RESULT: {}
RESULT: {}
COMMAND: POST /session/fcfdec3f19b04732468f3b81cff77eec/element/f.4917B356C9E108E3489CB9DCB9E54F9E.d.B2DB278BBA709D1F673200FCC2719298.e.3430/click - {}
RESULT: {}
COMMAND: GET /session/fcfdec3f19b04732468f3b81cff77eec/screenshot - {}
RESULT: {}
COMMAND: POST /session/fcfdec3f19b04732468f3b81cff77eec/execute/async - {"script":"<script> [1562 bytes]","args":[{"selector":{"id":"createOrganizationPop--sectionInput","searchOpenDialogs":true,"interaction":{"idSuffix":"inner"}},"wdio_ui5_key":"createOrganizationPopsectionInput"}]}
RESULT: {"script":"<script> [1562 bytes]","args":[{"selector":{"id":"createOrganizationPop--sectionInput","searchOpenDialogs":true,"interaction":{"idSuffix":"inner"}},"wdio_ui5_key":"createOrganizationPopsectionInput"}]}
RESULT: undefined
COMMAND: POST /session/fcfdec3f19b04732468f3b81cff77eec/execute/async - {"script":"<script> [776 bytes]","args":[{"enterText":"WDIO-247","selector":{"id":"createOrganizationPop--sectionInput","searchOpenDialogs":true,"interaction":{"idSuffix":"inner"}},"clearTextFirst":true,"interactionType":"ENTER_TEXT"}]}
RESULT: {"script":"<script> [776 bytes]","args":[{"enterText":"WDIO-247","selector":{"id":"createOrganizationPop--sectionInput","searchOpenDialogs":true,"interaction":{"idSuffix":"inner"}},"clearTextFirst":true,"interactionType":"ENTER_TEXT"}]}
COMMAND: POST /session/fcfdec3f19b04732468f3b81cff77eec/execute/async - {"script":"<script> [1562 bytes]","args":[{"selector":{"id":"createOrganizationPop--descriptionInput","searchOpenDialogs":true,"interaction":{"idSuffix":"inner"}},"wdio_ui5_key":"createOrganizationPopdescriptionInput"}]}
RESULT: {"script":"<script> [1562 bytes]","args":[{"selector":{"id":"createOrganizationPop--descriptionInput","searchOpenDialogs":true,"interaction":{"idSuffix":"inner"}},"wdio_ui5_key":"createOrganizationPopdescriptionInput"}]}
RESULT: undefined
COMMAND: POST /session/fcfdec3f19b04732468f3b81cff77eec/execute/async - {"script":"<script> [776 bytes]","args":[{"enterText":"Shipping-247","selector":{"id":"createOrganizationPop--descriptionInput","searchOpenDialogs":true,"interaction":{"idSuffix":"inner"}},"clearTextFirst":true,"interactionType":"ENTER_TEXT"}]}
RESULT: {"script":"<script> [776 bytes]","args":[{"enterText":"Shipping-247","selector":{"id":"createOrganizationPop--descriptionInput","searchOpenDialogs":true,"interaction":{"idSuffix":"inner"}},"clearTextFirst":true,"interactionType":"ENTER_TEXT"}]}
COMMAND: POST /session/fcfdec3f19b04732468f3b81cff77eec/element - {"using":"css selector","value":"#createOrganizationPop--yardOrg-inner"}
RESULT: {"using":"css selector","value":"#createOrganizationPop--yardOrg-inner"}
COMMAND: POST /session/fcfdec3f19b04732468f3b81cff77eec/element/f.4917B356C9E108E3489CB9DCB9E54F9E.d.B2DB278BBA709D1F673200FCC2719298.e.3484/clear - {}
RESULT: {}
COMMAND: POST /session/fcfdec3f19b04732468f3b81cff77eec/element/f.4917B356C9E108E3489CB9DCB9E54F9E.d.B2DB278BBA709D1F673200FCC2719298.e.3484/value - {"text":"247"}
COMMAND: GET /session/fcfdec3f19b04732468f3b81cff77eec/screenshot - {}
RESULT: {"text":"247"}
COMMAND: GET /session/fcfdec3f19b04732468f3b81cff77eec/screenshot - {}
RESULT: {}
RESULT: {}
COMMAND: POST /session/fcfdec3f19b04732468f3b81cff77eec/actions - {"actions":[{"id":"action10","type":"key","parameters":{},"actions":[{"type":"keyDown","value":""},{"type":"pause","duration":10},{"type":"keyUp","value":""}]}]}
RESULT: {"actions":[{"id":"action10","type":"key","parameters":{},"actions":[{"type":"keyDown","value":""},{"type":"pause","duration":10},{"type":"keyUp","value":""}]}]}
COMMAND: POST /session/fcfdec3f19b04732468f3b81cff77eec/execute/async - {"script":"<script> [1562 bytes]","args":[{"selector":{"id":"createOrganizationPop--grZone","searchOpenDialogs":true,"interaction":{"idSuffix":"CbBg"}},"wdio_ui5_key":"createOrganizationPopgrZone"}]}
COMMAND: GET /session/fcfdec3f19b04732468f3b81cff77eec/screenshot - {}
RESULT: {"script":"<script> [1562 bytes]","args":[{"selector":{"id":"createOrganizationPop--grZone","searchOpenDialogs":true,"interaction":{"idSuffix":"CbBg"}},"wdio_ui5_key":"createOrganizationPopgrZone"}]}
RESULT: undefined
COMMAND: POST /session/fcfdec3f19b04732468f3b81cff77eec/element - {"using":"xpath","value":"//*[@id=\"createOrganizationPop--grZone\"]"}
RESULT: {}
RESULT: {"using":"xpath","value":"//*[@id=\"createOrganizationPop--grZone\"]"}
COMMAND: POST /session/fcfdec3f19b04732468f3b81cff77eec/element/f.4917B356C9E108E3489CB9DCB9E54F9E.d.B2DB278BBA709D1F673200FCC2719298.e.3506/click - {}
RESULT: {}
COMMAND: GET /session/fcfdec3f19b04732468f3b81cff77eec/screenshot - {}
RESULT: {}
COMMAND: POST /session/fcfdec3f19b04732468f3b81cff77eec/execute/async - {"script":"<script> [1562 bytes]","args":[{"selector":{"id":"createOrganizationPop--giZone","searchOpenDialogs":true,"interaction":{"idSuffix":"CbBg"}},"wdio_ui5_key":"createOrganizationPopgiZone"}]}
RESULT: {"script":"<script> [1562 bytes]","args":[{"selector":{"id":"createOrganizationPop--giZone","searchOpenDialogs":true,"interaction":{"idSuffix":"CbBg"}},"wdio_ui5_key":"createOrganizationPopgiZone"}]}
RESULT: undefined
COMMAND: POST /session/fcfdec3f19b04732468f3b81cff77eec/element - {"using":"xpath","value":"//*[@id=\"createOrganizationPop--giZone\"]"}
RESULT: {"using":"xpath","value":"//*[@id=\"createOrganizationPop--giZone\"]"}
COMMAND: POST /session/fcfdec3f19b04732468f3b81cff77eec/element/f.4917B356C9E108E3489CB9DCB9E54F9E.d.B2DB278BBA709D1F673200FCC2719298.e.3508/click - {}
RESULT: {}
COMMAND: GET /session/fcfdec3f19b04732468f3b81cff77eec/screenshot - {}
RESULT: {}
COMMAND: POST /session/fcfdec3f19b04732468f3b81cff77eec/execute/async - {"script":"<script> [1562 bytes]","args":[{"selector":{"id":"createOrganizationPop--binNoInput","searchOpenDialogs":true,"interaction":{"idSuffix":"inner"}},"wdio_ui5_key":"createOrganizationPopbinNoInput"}]}
RESULT: {"script":"<script> [1562 bytes]","args":[{"selector":{"id":"createOrganizationPop--binNoInput","searchOpenDialogs":true,"interaction":{"idSuffix":"inner"}},"wdio_ui5_key":"createOrganizationPopbinNoInput"}]}
RESULT: undefined
COMMAND: POST /session/fcfdec3f19b04732468f3b81cff77eec/execute/async - {"script":"<script> [776 bytes]","args":[{"enterText":"Bin-Wd","selector":{"id":"createOrganizationPop--binNoInput","searchOpenDialogs":true,"interaction":{"idSuffix":"inner"}},"clearTextFirst":true,"interactionType":"ENTER_TEXT"}]}
RESULT: {"script":"<script> [776 bytes]","args":[{"enterText":"Bin-Wd","selector":{"id":"createOrganizationPop--binNoInput","searchOpenDialogs":true,"interaction":{"idSuffix":"inner"}},"clearTextFirst":true,"interactionType":"ENTER_TEXT"}]}
COMMAND: POST /session/fcfdec3f19b04732468f3b81cff77eec/execute/async - {"script":"<script> [1562 bytes]","args":[{"selector":{"id":"createOrganizationPop--descriptionId","searchOpenDialogs":true,"interaction":{"idSuffix":"inner"}},"wdio_ui5_key":"createOrganizationPopdescriptionId"}]}
RESULT: {"script":"<script> [1562 bytes]","args":[{"selector":{"id":"createOrganizationPop--descriptionId","searchOpenDialogs":true,"interaction":{"idSuffix":"inner"}},"wdio_ui5_key":"createOrganizationPopdescriptionId"}]}
RESULT: undefined
COMMAND: POST /session/fcfdec3f19b04732468f3b81cff77eec/execute/async - {"script":"<script> [776 bytes]","args":[{"enterText":"Shipping-Wd","selector":{"id":"createOrganizationPop--descriptionId","searchOpenDialogs":true,"interaction":{"idSuffix":"inner"}},"clearTextFirst":true,"interactionType":"ENTER_TEXT"}]}
RESULT: {"script":"<script> [776 bytes]","args":[{"enterText":"Shipping-Wd","selector":{"id":"createOrganizationPop--descriptionId","searchOpenDialogs":true,"interaction":{"idSuffix":"inner"}},"clearTextFirst":true,"interactionType":"ENTER_TEXT"}]}
COMMAND: POST /session/fcfdec3f19b04732468f3b81cff77eec/execute/async - {"script":"<script> [1562 bytes]","args":[{"selector":{"controlType":"sap.m.CheckBox","viewName":"etm.portal.ui.binstatusreport.view.MasterWareBins","viewId":"application-binstatusreport-display-component---warehousing","bindingPath":{"path":"","propertyPath":"/ZONE","modelName":"newBin"},"searchOpenDialogs":true,"interaction":{"idSuffix":"CbBg"}},"wdio_ui5_key":"etmportal.ui.binstatusreport.view.MasterWareBinssap.m.CheckBox{\"path\":\"\",\"propertyPath\":\"/ZONE\",\"modelName\":\"newBin\"}"}]}
RESULT: {"script":"<script> [1562 bytes]","args":[{"selector":{"controlType":"sap.m.CheckBox","viewName":"etm.portal.ui.binstatusreport.view.MasterWareBins","viewId":"application-binstatusreport-display-component---warehousing","bindingPath":{"path":"","propertyPath":"/ZONE","modelName":"newBin"},"searchOpenDialogs":true,"interaction":{"idSuffix":"CbBg"}},"wdio_ui5_key":"etmportal.ui.binstatusreport.view.MasterWareBinssap.m.CheckBox{\"path\":\"\",\"propertyPath\":\"/ZONE\",\"modelName\":\"newBin\"}"}]}
RESULT: undefined
COMMAND: POST /session/fcfdec3f19b04732468f3b81cff77eec/element - {"using":"xpath","value":"//*[@id=\"__box16\"]"}
RESULT: {"using":"xpath","value":"//*[@id=\"__box16\"]"}
COMMAND: POST /session/fcfdec3f19b04732468f3b81cff77eec/element/f.4917B356C9E108E3489CB9DCB9E54F9E.d.B2DB278BBA709D1F673200FCC2719298.e.3531/click - {}
RESULT: {}
COMMAND: GET /session/fcfdec3f19b04732468f3b81cff77eec/screenshot - {}
RESULT: {}
COMMAND: POST /session/fcfdec3f19b04732468f3b81cff77eec/execute/async - {"script":"<script> [1562 bytes]","args":[{"selector":{"id":"createOrganizationPop--binTypesCB","searchOpenDialogs":true,"interaction":{"idSuffix":"inner"}},"wdio_ui5_key":"createOrganizationPopbinTypesCB"}]}
RESULT: {"script":"<script> [1562 bytes]","args":[{"selector":{"id":"createOrganizationPop--binTypesCB","searchOpenDialogs":true,"interaction":{"idSuffix":"inner"}},"wdio_ui5_key":"createOrganizationPopbinTypesCB"}]}
RESULT: undefined
COMMAND: POST /session/fcfdec3f19b04732468f3b81cff77eec/execute/async - {"script":"<script> [776 bytes]","args":[{"enterText":"1 - General / No capacity check","selector":{"id":"createOrganizationPop--binTypesCB","searchOpenDialogs":true,"interaction":{"idSuffix":"inner"}},"clearTextFirst":true,"interactionType":"ENTER_TEXT"}]}
RESULT: {"script":"<script> [776 bytes]","args":[{"enterText":"1 - General / No capacity check","selector":{"id":"createOrganizationPop--binTypesCB","searchOpenDialogs":true,"interaction":{"idSuffix":"inner"}},"clearTextFirst":true,"interactionType":"ENTER_TEXT"}]}
COMMAND: POST /session/fcfdec3f19b04732468f3b81cff77eec/actions - {"actions":[{"id":"action11","type":"key","parameters":{},"actions":[{"type":"keyDown","value":""},{"type":"pause","duration":10},{"type":"keyUp","value":""}]}]}
RESULT: {"actions":[{"id":"action11","type":"key","parameters":{},"actions":[{"type":"keyDown","value":""},{"type":"pause","duration":10},{"type":"keyUp","value":""}]}]}
COMMAND: GET /session/fcfdec3f19b04732468f3b81cff77eec/screenshot - {}
RESULT: {}
COMMAND: POST /session/fcfdec3f19b04732468f3b81cff77eec/execute/async - {"script":"<script> [1562 bytes]","args":[{"selector":{"id":"createOrganizationPop--finishBtn","searchOpenDialogs":true,"interaction":{"idSuffix":"BDI-content"}},"wdio_ui5_key":"createOrganizationPopfinishBtn"}]}
RESULT: {"script":"<script> [1562 bytes]","args":[{"selector":{"id":"createOrganizationPop--finishBtn","searchOpenDialogs":true,"interaction":{"idSuffix":"BDI-content"}},"wdio_ui5_key":"createOrganizationPopfinishBtn"}]}
RESULT: undefined
COMMAND: POST /session/fcfdec3f19b04732468f3b81cff77eec/element - {"using":"xpath","value":"//*[@id=\"createOrganizationPop--finishBtn\"]"}
RESULT: {"using":"xpath","value":"//*[@id=\"createOrganizationPop--finishBtn\"]"}
COMMAND: POST /session/fcfdec3f19b04732468f3b81cff77eec/element/f.4917B356C9E108E3489CB9DCB9E54F9E.d.B2DB278BBA709D1F673200FCC2719298.e.3542/click - {}
RESULT: {}
COMMAND: GET /session/fcfdec3f19b04732468f3b81cff77eec/screenshot - {}
RESULT: {}
COMMAND: POST /session/fcfdec3f19b04732468f3b81cff77eec/element - {"using":"css selector","value":"#shell-header-logo"}
RESULT: {"using":"css selector","value":"#shell-header-logo"}
COMMAND: POST /session/fcfdec3f19b04732468f3b81cff77eec/element/f.4917B356C9E108E3489CB9DCB9E54F9E.d.B2DB278BBA709D1F673200FCC2719298.e.3398/click - {}
RESULT: {}
COMMAND: GET /session/fcfdec3f19b04732468f3b81cff77eec/screenshot - {}
RESULT: {}
]]></system-out>
    </testcase>
    <testcase classname="chrome.136_0_7103_93.windows.Stock_increase_-_with_WHM_US125587" name="Bin Status Report Should Create New Organization for Site" time="76.877">
      <system-out><![CDATA[
RESULT: undefined
COMMAND: POST /session/fcfdec3f19b04732468f3b81cff77eec/element - {"using":"xpath","value":"//*[@id=\"__tile104\"]"}
RESULT: {"using":"xpath","value":"//*[@id=\"__tile104\"]"}
COMMAND: POST /session/fcfdec3f19b04732468f3b81cff77eec/element/f.4917B356C9E108E3489CB9DCB9E54F9E.d.B2DB278BBA709D1F673200FCC2719298.e.3391/click - {}
RESULT: {}
COMMAND: GET /session/fcfdec3f19b04732468f3b81cff77eec/screenshot - {}
RESULT: {}
COMMAND: POST /session/fcfdec3f19b04732468f3b81cff77eec/elements - {"using":"xpath","value":"//span[text()='Error']"}
RESULT: {"using":"xpath","value":"//span[text()='Error']"}
COMMAND: POST /session/fcfdec3f19b04732468f3b81cff77eec/element - {"using":"xpath","value":"//button[@id=\"application-binstatusreport-display-component---warehousing--createOrgBtn\"]"}
RESULT: {"using":"xpath","value":"//button[@id=\"application-binstatusreport-display-component---warehousing--createOrgBtn\"]"}
COMMAND: POST /session/fcfdec3f19b04732468f3b81cff77eec/elements - {"using":"xpath","value":"//button[@id=\"application-binstatusreport-display-component---warehousing--createOrgBtn\"]"}
RESULT: {"using":"xpath","value":"//button[@id=\"application-binstatusreport-display-component---warehousing--createOrgBtn\"]"}
COMMAND: POST /session/fcfdec3f19b04732468f3b81cff77eec/execute/sync - {"script":"<script> [8489 bytes]","args":[{"element-6066-11e4-a52e-4f735466cecf":"f.4917B356C9E108E3489CB9DCB9E54F9E.d.B2DB278BBA709D1F673200FCC2719298.e.3605","ELEMENT":"f.4917B356C9E108E3489CB9DCB9E54F9E.d.B2DB278BBA709D1F673200FCC2719298.e.3605"}]}
RESULT: {"script":"<script> [8489 bytes]","args":[{"element-6066-11e4-a52e-4f735466cecf":"f.4917B356C9E108E3489CB9DCB9E54F9E.d.B2DB278BBA709D1F673200FCC2719298.e.3605","ELEMENT":"f.4917B356C9E108E3489CB9DCB9E54F9E.d.B2DB278BBA709D1F673200FCC2719298.e.3605"}]}
COMMAND: GET /session/fcfdec3f19b04732468f3b81cff77eec/element/f.4917B356C9E108E3489CB9DCB9E54F9E.d.B2DB278BBA709D1F673200FCC2719298.e.3605/enabled - {}
COMMAND: GET /session/fcfdec3f19b04732468f3b81cff77eec/screenshot - {}
RESULT: {}
COMMAND: POST /session/fcfdec3f19b04732468f3b81cff77eec/execute/sync - {"script":"<script> [8489 bytes]","args":[{"element-6066-11e4-a52e-4f735466cecf":"f.4917B356C9E108E3489CB9DCB9E54F9E.d.B2DB278BBA709D1F673200FCC2719298.e.3605","ELEMENT":"f.4917B356C9E108E3489CB9DCB9E54F9E.d.B2DB278BBA709D1F673200FCC2719298.e.3605"}]}
COMMAND: GET /session/fcfdec3f19b04732468f3b81cff77eec/screenshot - {}
RESULT: {}
RESULT: {"script":"<script> [8489 bytes]","args":[{"element-6066-11e4-a52e-4f735466cecf":"f.4917B356C9E108E3489CB9DCB9E54F9E.d.B2DB278BBA709D1F673200FCC2719298.e.3605","ELEMENT":"f.4917B356C9E108E3489CB9DCB9E54F9E.d.B2DB278BBA709D1F673200FCC2719298.e.3605"}]}
COMMAND: POST /session/fcfdec3f19b04732468f3b81cff77eec/execute/sync - {"script":"<script> [5351 bytes]","args":[{"element-6066-11e4-a52e-4f735466cecf":"f.4917B356C9E108E3489CB9DCB9E54F9E.d.B2DB278BBA709D1F673200FCC2719298.e.3605","ELEMENT":"f.4917B356C9E108E3489CB9DCB9E54F9E.d.B2DB278BBA709D1F673200FCC2719298.e.3605"}]}
COMMAND: GET /session/fcfdec3f19b04732468f3b81cff77eec/screenshot - {}
RESULT: {}
RESULT: {"script":"<script> [5351 bytes]","args":[{"element-6066-11e4-a52e-4f735466cecf":"f.4917B356C9E108E3489CB9DCB9E54F9E.d.B2DB278BBA709D1F673200FCC2719298.e.3605","ELEMENT":"f.4917B356C9E108E3489CB9DCB9E54F9E.d.B2DB278BBA709D1F673200FCC2719298.e.3605"}]}
COMMAND: GET /session/fcfdec3f19b04732468f3b81cff77eec/screenshot - {}
RESULT: {}
RESULT: {}
COMMAND: POST /session/fcfdec3f19b04732468f3b81cff77eec/element/f.4917B356C9E108E3489CB9DCB9E54F9E.d.B2DB278BBA709D1F673200FCC2719298.e.3605/click - {}
RESULT: {}
COMMAND: GET /session/fcfdec3f19b04732468f3b81cff77eec/screenshot - {}
RESULT: {}
RESULT: undefined
COMMAND: POST /session/fcfdec3f19b04732468f3b81cff77eec/execute/async - {"script":"<script> [776 bytes]","args":[{"enterText":"2094","selector":{"id":"createOrganizationPop--sectionInput","searchOpenDialogs":true,"interaction":{"idSuffix":"inner"}},"clearTextFirst":true,"interactionType":"ENTER_TEXT"}]}
RESULT: {"script":"<script> [776 bytes]","args":[{"enterText":"2094","selector":{"id":"createOrganizationPop--sectionInput","searchOpenDialogs":true,"interaction":{"idSuffix":"inner"}},"clearTextFirst":true,"interactionType":"ENTER_TEXT"}]}
RESULT: undefined
COMMAND: POST /session/fcfdec3f19b04732468f3b81cff77eec/execute/async - {"script":"<script> [776 bytes]","args":[{"enterText":"WDIO-2094","selector":{"id":"createOrganizationPop--descriptionInput","searchOpenDialogs":true,"interaction":{"idSuffix":"inner"}},"clearTextFirst":true,"interactionType":"ENTER_TEXT"}]}
RESULT: {"script":"<script> [776 bytes]","args":[{"enterText":"WDIO-2094","selector":{"id":"createOrganizationPop--descriptionInput","searchOpenDialogs":true,"interaction":{"idSuffix":"inner"}},"clearTextFirst":true,"interactionType":"ENTER_TEXT"}]}
COMMAND: POST /session/fcfdec3f19b04732468f3b81cff77eec/element - {"using":"css selector","value":"#createOrganizationPop--siteOrg-inner"}
RESULT: {"using":"css selector","value":"#createOrganizationPop--siteOrg-inner"}
COMMAND: POST /session/fcfdec3f19b04732468f3b81cff77eec/element/f.4917B356C9E108E3489CB9DCB9E54F9E.d.B2DB278BBA709D1F673200FCC2719298.e.3621/clear - {}
RESULT: {}
COMMAND: POST /session/fcfdec3f19b04732468f3b81cff77eec/element/f.4917B356C9E108E3489CB9DCB9E54F9E.d.B2DB278BBA709D1F673200FCC2719298.e.3621/value - {"text":"2094"}
COMMAND: GET /session/fcfdec3f19b04732468f3b81cff77eec/screenshot - {}
RESULT: {"text":"2094"}
COMMAND: GET /session/fcfdec3f19b04732468f3b81cff77eec/screenshot - {}
RESULT: {}
RESULT: {}
COMMAND: POST /session/fcfdec3f19b04732468f3b81cff77eec/actions - {"actions":[{"id":"action12","type":"key","parameters":{},"actions":[{"type":"keyDown","value":""},{"type":"pause","duration":10},{"type":"keyUp","value":""}]}]}
RESULT: {"actions":[{"id":"action12","type":"key","parameters":{},"actions":[{"type":"keyDown","value":""},{"type":"pause","duration":10},{"type":"keyUp","value":""}]}]}
RESULT: undefined
COMMAND: POST /session/fcfdec3f19b04732468f3b81cff77eec/element - {"using":"xpath","value":"//*[@id=\"createOrganizationPop--giZone\"]"}
COMMAND: GET /session/fcfdec3f19b04732468f3b81cff77eec/screenshot - {}
RESULT: {"using":"xpath","value":"//*[@id=\"createOrganizationPop--giZone\"]"}
COMMAND: POST /session/fcfdec3f19b04732468f3b81cff77eec/element/f.4917B356C9E108E3489CB9DCB9E54F9E.d.B2DB278BBA709D1F673200FCC2719298.e.3659/click - {}
RESULT: {}
RESULT: {}
COMMAND: GET /session/fcfdec3f19b04732468f3b81cff77eec/screenshot - {}
RESULT: {}
RESULT: undefined
COMMAND: POST /session/fcfdec3f19b04732468f3b81cff77eec/execute/async - {"script":"<script> [776 bytes]","args":[{"enterText":"WD-BIN","selector":{"id":"createOrganizationPop--binNoInput","searchOpenDialogs":true,"interaction":{"idSuffix":"inner"}},"clearTextFirst":true,"interactionType":"ENTER_TEXT"}]}
RESULT: {"script":"<script> [776 bytes]","args":[{"enterText":"WD-BIN","selector":{"id":"createOrganizationPop--binNoInput","searchOpenDialogs":true,"interaction":{"idSuffix":"inner"}},"clearTextFirst":true,"interactionType":"ENTER_TEXT"}]}
RESULT: undefined
COMMAND: POST /session/fcfdec3f19b04732468f3b81cff77eec/execute/async - {"script":"<script> [776 bytes]","args":[{"enterText":"WD-BIN","selector":{"id":"createOrganizationPop--descriptionId","searchOpenDialogs":true,"interaction":{"idSuffix":"inner"}},"clearTextFirst":true,"interactionType":"ENTER_TEXT"}]}
RESULT: {"script":"<script> [776 bytes]","args":[{"enterText":"WD-BIN","selector":{"id":"createOrganizationPop--descriptionId","searchOpenDialogs":true,"interaction":{"idSuffix":"inner"}},"clearTextFirst":true,"interactionType":"ENTER_TEXT"}]}
COMMAND: POST /session/fcfdec3f19b04732468f3b81cff77eec/execute/async - {"script":"<script> [1562 bytes]","args":[{"selector":{"controlType":"sap.m.CheckBox","viewName":"etm.portal.ui.binstatusreport.view.MasterWareBins","viewId":"application-binstatusreport-display-component---warehousing","bindingPath":{"propertyPath":"/ZONE","modelName":"newBin"},"searchOpenDialogs":true,"interaction":{"idSuffix":"CbBg"}},"wdio_ui5_key":"etmportal.ui.binstatusreport.view.MasterWareBinssap.m.CheckBox{\"propertyPath\":\"/ZONE\",\"modelName\":\"newBin\"}"}]}
RESULT: {"script":"<script> [1562 bytes]","args":[{"selector":{"controlType":"sap.m.CheckBox","viewName":"etm.portal.ui.binstatusreport.view.MasterWareBins","viewId":"application-binstatusreport-display-component---warehousing","bindingPath":{"propertyPath":"/ZONE","modelName":"newBin"},"searchOpenDialogs":true,"interaction":{"idSuffix":"CbBg"}},"wdio_ui5_key":"etmportal.ui.binstatusreport.view.MasterWareBinssap.m.CheckBox{\"propertyPath\":\"/ZONE\",\"modelName\":\"newBin\"}"}]}
RESULT: undefined
COMMAND: POST /session/fcfdec3f19b04732468f3b81cff77eec/element - {"using":"xpath","value":"//*[@id=\"__box28\"]"}
RESULT: {"using":"xpath","value":"//*[@id=\"__box28\"]"}
COMMAND: POST /session/fcfdec3f19b04732468f3b81cff77eec/element/f.4917B356C9E108E3489CB9DCB9E54F9E.d.B2DB278BBA709D1F673200FCC2719298.e.3681/click - {}
RESULT: {}
COMMAND: GET /session/fcfdec3f19b04732468f3b81cff77eec/screenshot - {}
RESULT: {}
RESULT: undefined
COMMAND: POST /session/fcfdec3f19b04732468f3b81cff77eec/execute/async - {"script":"<script> [776 bytes]","args":[{"enterText":"1 - General / No capacity check","selector":{"id":"createOrganizationPop--binTypesCB","searchOpenDialogs":true,"interaction":{"idSuffix":"inner"}},"clearTextFirst":true,"interactionType":"ENTER_TEXT"}]}
RESULT: {"script":"<script> [776 bytes]","args":[{"enterText":"1 - General / No capacity check","selector":{"id":"createOrganizationPop--binTypesCB","searchOpenDialogs":true,"interaction":{"idSuffix":"inner"}},"clearTextFirst":true,"interactionType":"ENTER_TEXT"}]}
COMMAND: POST /session/fcfdec3f19b04732468f3b81cff77eec/execute/async - {"script":"<script> [1562 bytes]","args":[{"selector":{"id":"createOrganizationPop--capacityId","searchOpenDialogs":true,"interaction":{"idSuffix":"inner"}},"wdio_ui5_key":"createOrganizationPopcapacityId"}]}
RESULT: {"script":"<script> [1562 bytes]","args":[{"selector":{"id":"createOrganizationPop--capacityId","searchOpenDialogs":true,"interaction":{"idSuffix":"inner"}},"wdio_ui5_key":"createOrganizationPopcapacityId"}]}
RESULT: undefined
COMMAND: POST /session/fcfdec3f19b04732468f3b81cff77eec/actions - {"actions":[{"id":"action13","type":"key","parameters":{},"actions":[{"type":"keyDown","value":""},{"type":"pause","duration":10},{"type":"keyUp","value":""}]}]}
RESULT: {"actions":[{"id":"action13","type":"key","parameters":{},"actions":[{"type":"keyDown","value":""},{"type":"pause","duration":10},{"type":"keyUp","value":""}]}]}
COMMAND: GET /session/fcfdec3f19b04732468f3b81cff77eec/screenshot - {}
RESULT: {}
RESULT: undefined
COMMAND: POST /session/fcfdec3f19b04732468f3b81cff77eec/element - {"using":"xpath","value":"//*[@id=\"createOrganizationPop--finishBtn\"]"}
RESULT: {"using":"xpath","value":"//*[@id=\"createOrganizationPop--finishBtn\"]"}
COMMAND: POST /session/fcfdec3f19b04732468f3b81cff77eec/element/f.4917B356C9E108E3489CB9DCB9E54F9E.d.B2DB278BBA709D1F673200FCC2719298.e.3695/click - {}
RESULT: {}
COMMAND: GET /session/fcfdec3f19b04732468f3b81cff77eec/screenshot - {}
RESULT: {}
COMMAND: POST /session/fcfdec3f19b04732468f3b81cff77eec/element - {"using":"css selector","value":"#shell-header-logo"}
RESULT: {"using":"css selector","value":"#shell-header-logo"}
COMMAND: POST /session/fcfdec3f19b04732468f3b81cff77eec/element/f.4917B356C9E108E3489CB9DCB9E54F9E.d.B2DB278BBA709D1F673200FCC2719298.e.3552/click - {}
RESULT: {}
COMMAND: GET /session/fcfdec3f19b04732468f3b81cff77eec/screenshot - {}
RESULT: {}
]]></system-out>
    </testcase>
    <testcase classname="chrome.136_0_7103_93.windows.Stock_increase_-_with_WHM_US125587" name="Create a Warehouse Movement for created yard" time="52.783">
      <system-out><![CDATA[
COMMAND: POST /session/fcfdec3f19b04732468f3b81cff77eec/execute/async - {"script":"<script> [1562 bytes]","args":[{"selector":{"controlType":"sap.m.GenericTile","properties":{"header":"Manage Warehouse Movements"}},"wdio_ui5_key":"sapm.GenericTile{\"header\":\"Manage Warehouse Movements\"}"}]}
RESULT: {"script":"<script> [1562 bytes]","args":[{"selector":{"controlType":"sap.m.GenericTile","properties":{"header":"Manage Warehouse Movements"}},"wdio_ui5_key":"sapm.GenericTile{\"header\":\"Manage Warehouse Movements\"}"}]}
RESULT: undefined
COMMAND: POST /session/fcfdec3f19b04732468f3b81cff77eec/element - {"using":"xpath","value":"//*[@id=\"__tile105\"]"}
RESULT: {"using":"xpath","value":"//*[@id=\"__tile105\"]"}
COMMAND: POST /session/fcfdec3f19b04732468f3b81cff77eec/element/f.4917B356C9E108E3489CB9DCB9E54F9E.d.B2DB278BBA709D1F673200FCC2719298.e.3725/click - {}
RESULT: {}
COMMAND: GET /session/fcfdec3f19b04732468f3b81cff77eec/screenshot - {}
RESULT: {}
COMMAND: POST /session/fcfdec3f19b04732468f3b81cff77eec/elements - {"using":"xpath","value":"//span[text()='Error']"}
RESULT: {"using":"xpath","value":"//span[text()='Error']"}
COMMAND: POST /session/fcfdec3f19b04732468f3b81cff77eec/element - {"using":"xpath","value":"//input[@id='application-warehousemovements-display-component---warehouseMovements--smartFilterBar-filterItemControl_BASIC-YARD-inner']"}
RESULT: {"using":"xpath","value":"//input[@id='application-warehousemovements-display-component---warehouseMovements--smartFilterBar-filterItemControl_BASIC-YARD-inner']"}
COMMAND: POST /session/fcfdec3f19b04732468f3b81cff77eec/elements - {"using":"xpath","value":"//input[@id='application-warehousemovements-display-component---warehouseMovements--smartFilterBar-filterItemControl_BASIC-YARD-inner']"}
RESULT: {"using":"xpath","value":"//input[@id='application-warehousemovements-display-component---warehouseMovements--smartFilterBar-filterItemControl_BASIC-YARD-inner']"}
COMMAND: POST /session/fcfdec3f19b04732468f3b81cff77eec/execute/sync - {"script":"<script> [8489 bytes]","args":[{"element-6066-11e4-a52e-4f735466cecf":"f.4917B356C9E108E3489CB9DCB9E54F9E.d.B2DB278BBA709D1F673200FCC2719298.e.3747","ELEMENT":"f.4917B356C9E108E3489CB9DCB9E54F9E.d.B2DB278BBA709D1F673200FCC2719298.e.3747"}]}
RESULT: {"script":"<script> [8489 bytes]","args":[{"element-6066-11e4-a52e-4f735466cecf":"f.4917B356C9E108E3489CB9DCB9E54F9E.d.B2DB278BBA709D1F673200FCC2719298.e.3747","ELEMENT":"f.4917B356C9E108E3489CB9DCB9E54F9E.d.B2DB278BBA709D1F673200FCC2719298.e.3747"}]}
COMMAND: GET /session/fcfdec3f19b04732468f3b81cff77eec/element/f.4917B356C9E108E3489CB9DCB9E54F9E.d.B2DB278BBA709D1F673200FCC2719298.e.3747/enabled - {}
COMMAND: GET /session/fcfdec3f19b04732468f3b81cff77eec/screenshot - {}
RESULT: {}
COMMAND: POST /session/fcfdec3f19b04732468f3b81cff77eec/execute/sync - {"script":"<script> [8489 bytes]","args":[{"element-6066-11e4-a52e-4f735466cecf":"f.4917B356C9E108E3489CB9DCB9E54F9E.d.B2DB278BBA709D1F673200FCC2719298.e.3747","ELEMENT":"f.4917B356C9E108E3489CB9DCB9E54F9E.d.B2DB278BBA709D1F673200FCC2719298.e.3747"}]}
COMMAND: GET /session/fcfdec3f19b04732468f3b81cff77eec/screenshot - {}
RESULT: {}
RESULT: {"script":"<script> [8489 bytes]","args":[{"element-6066-11e4-a52e-4f735466cecf":"f.4917B356C9E108E3489CB9DCB9E54F9E.d.B2DB278BBA709D1F673200FCC2719298.e.3747","ELEMENT":"f.4917B356C9E108E3489CB9DCB9E54F9E.d.B2DB278BBA709D1F673200FCC2719298.e.3747"}]}
COMMAND: POST /session/fcfdec3f19b04732468f3b81cff77eec/execute/sync - {"script":"<script> [5351 bytes]","args":[{"element-6066-11e4-a52e-4f735466cecf":"f.4917B356C9E108E3489CB9DCB9E54F9E.d.B2DB278BBA709D1F673200FCC2719298.e.3747","ELEMENT":"f.4917B356C9E108E3489CB9DCB9E54F9E.d.B2DB278BBA709D1F673200FCC2719298.e.3747"}]}
COMMAND: GET /session/fcfdec3f19b04732468f3b81cff77eec/screenshot - {}
RESULT: {}
RESULT: {"script":"<script> [5351 bytes]","args":[{"element-6066-11e4-a52e-4f735466cecf":"f.4917B356C9E108E3489CB9DCB9E54F9E.d.B2DB278BBA709D1F673200FCC2719298.e.3747","ELEMENT":"f.4917B356C9E108E3489CB9DCB9E54F9E.d.B2DB278BBA709D1F673200FCC2719298.e.3747"}]}
COMMAND: GET /session/fcfdec3f19b04732468f3b81cff77eec/screenshot - {}
RESULT: {}
RESULT: {}
COMMAND: POST /session/fcfdec3f19b04732468f3b81cff77eec/element/f.4917B356C9E108E3489CB9DCB9E54F9E.d.B2DB278BBA709D1F673200FCC2719298.e.3747/clear - {}
RESULT: {}
COMMAND: POST /session/fcfdec3f19b04732468f3b81cff77eec/element/f.4917B356C9E108E3489CB9DCB9E54F9E.d.B2DB278BBA709D1F673200FCC2719298.e.3747/value - {"text":"247"}
COMMAND: GET /session/fcfdec3f19b04732468f3b81cff77eec/screenshot - {}
RESULT: {"text":"247"}
COMMAND: POST /session/fcfdec3f19b04732468f3b81cff77eec/actions - {"actions":[{"id":"action14","type":"key","parameters":{},"actions":[{"type":"keyDown","value":""},{"type":"pause","duration":10},{"type":"keyUp","value":""}]}]}
COMMAND: GET /session/fcfdec3f19b04732468f3b81cff77eec/screenshot - {}
RESULT: {}
RESULT: {"actions":[{"id":"action14","type":"key","parameters":{},"actions":[{"type":"keyDown","value":""},{"type":"pause","duration":10},{"type":"keyUp","value":""}]}]}
COMMAND: GET /session/fcfdec3f19b04732468f3b81cff77eec/screenshot - {}
RESULT: {}
RESULT: {}
COMMAND: POST /session/fcfdec3f19b04732468f3b81cff77eec/element - {"using":"xpath","value":"//button[contains(@data-kt, \"MasterMovementAddOverflowToolbarButton\")]"}
RESULT: {"using":"xpath","value":"//button[contains(@data-kt, \"MasterMovementAddOverflowToolbarButton\")]"}
COMMAND: POST /session/fcfdec3f19b04732468f3b81cff77eec/element/f.4917B356C9E108E3489CB9DCB9E54F9E.d.B2DB278BBA709D1F673200FCC2719298.e.3769/click - {}
RESULT: {}
COMMAND: GET /session/fcfdec3f19b04732468f3b81cff77eec/screenshot - {}
RESULT: {}
COMMAND: POST /session/fcfdec3f19b04732468f3b81cff77eec/element - {"using":"xpath","value":"//*[@id=\"application-warehousemovements-display-component---addMovement--sectionsList-arrow\"]"}
RESULT: {"using":"xpath","value":"//*[@id=\"application-warehousemovements-display-component---addMovement--sectionsList-arrow\"]"}
COMMAND: POST /session/fcfdec3f19b04732468f3b81cff77eec/element/f.4917B356C9E108E3489CB9DCB9E54F9E.d.B2DB278BBA709D1F673200FCC2719298.e.3916/click - {}
RESULT: {}
COMMAND: POST /session/fcfdec3f19b04732468f3b81cff77eec/actions - {"actions":[{"id":"action15","type":"key","parameters":{},"actions":[{"type":"keyDown","value":""},{"type":"pause","duration":10},{"type":"keyUp","value":""}]}]}
COMMAND: GET /session/fcfdec3f19b04732468f3b81cff77eec/screenshot - {}
RESULT: {"actions":[{"id":"action15","type":"key","parameters":{},"actions":[{"type":"keyDown","value":""},{"type":"pause","duration":10},{"type":"keyUp","value":""}]}]}
COMMAND: GET /session/fcfdec3f19b04732468f3b81cff77eec/screenshot - {}
RESULT: {}
RESULT: {}
COMMAND: POST /session/fcfdec3f19b04732468f3b81cff77eec/actions - {"actions":[{"id":"action16","type":"key","parameters":{},"actions":[{"type":"keyDown","value":""},{"type":"pause","duration":10},{"type":"keyUp","value":""}]}]}
RESULT: {"actions":[{"id":"action16","type":"key","parameters":{},"actions":[{"type":"keyDown","value":""},{"type":"pause","duration":10},{"type":"keyUp","value":""}]}]}
COMMAND: GET /session/fcfdec3f19b04732468f3b81cff77eec/screenshot - {}
RESULT: {}
COMMAND: POST /session/fcfdec3f19b04732468f3b81cff77eec/element - {"using":"xpath","value":"//*[@id=\"application-warehousemovements-display-component---addMovement--saveMovementBtn-BDI-content\" and text()=\"Save\"]"}
RESULT: {"using":"xpath","value":"//*[@id=\"application-warehousemovements-display-component---addMovement--saveMovementBtn-BDI-content\" and text()=\"Save\"]"}
COMMAND: POST /session/fcfdec3f19b04732468f3b81cff77eec/element/f.4917B356C9E108E3489CB9DCB9E54F9E.d.B2DB278BBA709D1F673200FCC2719298.e.3917/click - {}
RESULT: {}
COMMAND: GET /session/fcfdec3f19b04732468f3b81cff77eec/screenshot - {}
RESULT: {}
COMMAND: POST /session/fcfdec3f19b04732468f3b81cff77eec/element - {"using":"css selector","value":"#shell-header-logo"}
RESULT: {"using":"css selector","value":"#shell-header-logo"}
COMMAND: POST /session/fcfdec3f19b04732468f3b81cff77eec/element/f.4917B356C9E108E3489CB9DCB9E54F9E.d.B2DB278BBA709D1F673200FCC2719298.e.3728/click - {}
RESULT: {}
COMMAND: GET /session/fcfdec3f19b04732468f3b81cff77eec/screenshot - {}
RESULT: {}
]]></system-out>
    </testcase>
    <testcase classname="chrome.136_0_7103_93.windows.Stock_increase_-_with_WHM_US125587" name="Should do a stock increase handover" time="97.123">
      <system-out><![CDATA[
COMMAND: POST /session/fcfdec3f19b04732468f3b81cff77eec/execute/async - {"script":"<script> [1562 bytes]","args":[{"selector":{"controlType":"sap.m.GenericTile","properties":{"header":"Manage Handovers"}},"wdio_ui5_key":"sapm.GenericTile{\"header\":\"Manage Handovers\"}"}]}
RESULT: {"script":"<script> [1562 bytes]","args":[{"selector":{"controlType":"sap.m.GenericTile","properties":{"header":"Manage Handovers"}},"wdio_ui5_key":"sapm.GenericTile{\"header\":\"Manage Handovers\"}"}]}
RESULT: undefined
COMMAND: POST /session/fcfdec3f19b04732468f3b81cff77eec/element - {"using":"xpath","value":"//*[@id=\"__tile132\"]"}
RESULT: {"using":"xpath","value":"//*[@id=\"__tile132\"]"}
COMMAND: POST /session/fcfdec3f19b04732468f3b81cff77eec/element/f.4917B356C9E108E3489CB9DCB9E54F9E.d.B2DB278BBA709D1F673200FCC2719298.e.2719/click - {}
RESULT: {}
COMMAND: GET /session/fcfdec3f19b04732468f3b81cff77eec/screenshot - {}
RESULT: {}
COMMAND: POST /session/fcfdec3f19b04732468f3b81cff77eec/elements - {"using":"xpath","value":"//span[text()='Error']"}
RESULT: {"using":"xpath","value":"//span[text()='Error']"}
COMMAND: POST /session/fcfdec3f19b04732468f3b81cff77eec/element - {"using":"xpath","value":"//button[@data-kt=\"masterHOAddButton\"]"}
RESULT: {"using":"xpath","value":"//button[@data-kt=\"masterHOAddButton\"]"}
COMMAND: POST /session/fcfdec3f19b04732468f3b81cff77eec/elements - {"using":"xpath","value":"//button[@data-kt=\"masterHOAddButton\"]"}
RESULT: {"using":"xpath","value":"//button[@data-kt=\"masterHOAddButton\"]"}
COMMAND: POST /session/fcfdec3f19b04732468f3b81cff77eec/execute/sync - {"script":"<script> [8489 bytes]","args":[{"element-6066-11e4-a52e-4f735466cecf":"f.4917B356C9E108E3489CB9DCB9E54F9E.d.B2DB278BBA709D1F673200FCC2719298.e.4015","ELEMENT":"f.4917B356C9E108E3489CB9DCB9E54F9E.d.B2DB278BBA709D1F673200FCC2719298.e.4015"}]}
RESULT: {"script":"<script> [8489 bytes]","args":[{"element-6066-11e4-a52e-4f735466cecf":"f.4917B356C9E108E3489CB9DCB9E54F9E.d.B2DB278BBA709D1F673200FCC2719298.e.4015","ELEMENT":"f.4917B356C9E108E3489CB9DCB9E54F9E.d.B2DB278BBA709D1F673200FCC2719298.e.4015"}]}
COMMAND: GET /session/fcfdec3f19b04732468f3b81cff77eec/element/f.4917B356C9E108E3489CB9DCB9E54F9E.d.B2DB278BBA709D1F673200FCC2719298.e.4015/enabled - {}
COMMAND: GET /session/fcfdec3f19b04732468f3b81cff77eec/screenshot - {}
RESULT: {}
COMMAND: POST /session/fcfdec3f19b04732468f3b81cff77eec/execute/sync - {"script":"<script> [8489 bytes]","args":[{"element-6066-11e4-a52e-4f735466cecf":"f.4917B356C9E108E3489CB9DCB9E54F9E.d.B2DB278BBA709D1F673200FCC2719298.e.4015","ELEMENT":"f.4917B356C9E108E3489CB9DCB9E54F9E.d.B2DB278BBA709D1F673200FCC2719298.e.4015"}]}
COMMAND: GET /session/fcfdec3f19b04732468f3b81cff77eec/screenshot - {}
RESULT: {}
RESULT: {"script":"<script> [8489 bytes]","args":[{"element-6066-11e4-a52e-4f735466cecf":"f.4917B356C9E108E3489CB9DCB9E54F9E.d.B2DB278BBA709D1F673200FCC2719298.e.4015","ELEMENT":"f.4917B356C9E108E3489CB9DCB9E54F9E.d.B2DB278BBA709D1F673200FCC2719298.e.4015"}]}
COMMAND: POST /session/fcfdec3f19b04732468f3b81cff77eec/execute/sync - {"script":"<script> [5351 bytes]","args":[{"element-6066-11e4-a52e-4f735466cecf":"f.4917B356C9E108E3489CB9DCB9E54F9E.d.B2DB278BBA709D1F673200FCC2719298.e.4015","ELEMENT":"f.4917B356C9E108E3489CB9DCB9E54F9E.d.B2DB278BBA709D1F673200FCC2719298.e.4015"}]}
COMMAND: GET /session/fcfdec3f19b04732468f3b81cff77eec/screenshot - {}
RESULT: {}
RESULT: {"script":"<script> [5351 bytes]","args":[{"element-6066-11e4-a52e-4f735466cecf":"f.4917B356C9E108E3489CB9DCB9E54F9E.d.B2DB278BBA709D1F673200FCC2719298.e.4015","ELEMENT":"f.4917B356C9E108E3489CB9DCB9E54F9E.d.B2DB278BBA709D1F673200FCC2719298.e.4015"}]}
COMMAND: POST /session/fcfdec3f19b04732468f3b81cff77eec/element/f.4917B356C9E108E3489CB9DCB9E54F9E.d.B2DB278BBA709D1F673200FCC2719298.e.4015/click - {}
COMMAND: GET /session/fcfdec3f19b04732468f3b81cff77eec/screenshot - {}
RESULT: {}
RESULT: {}
COMMAND: GET /session/fcfdec3f19b04732468f3b81cff77eec/screenshot - {}
RESULT: {}
COMMAND: POST /session/fcfdec3f19b04732468f3b81cff77eec/element - {"using":"xpath","value":"//span[contains(@id ,\"AddNewHO--typeSelect-arrow\")]"}
RESULT: {}
RESULT: {"using":"xpath","value":"//span[contains(@id ,\"AddNewHO--typeSelect-arrow\")]"}
COMMAND: POST /session/fcfdec3f19b04732468f3b81cff77eec/element/f.4917B356C9E108E3489CB9DCB9E54F9E.d.B2DB278BBA709D1F673200FCC2719298.e.4377/click - {}
RESULT: {}
COMMAND: GET /session/fcfdec3f19b04732468f3b81cff77eec/screenshot - {}
RESULT: {}
COMMAND: POST /session/fcfdec3f19b04732468f3b81cff77eec/element - {"using":"xpath","value":"(//li[contains(text(), \"stock increase yard\")])[1]"}
RESULT: {"using":"xpath","value":"(//li[contains(text(), \"stock increase yard\")])[1]"}
COMMAND: POST /session/fcfdec3f19b04732468f3b81cff77eec/element/f.4917B356C9E108E3489CB9DCB9E54F9E.d.B2DB278BBA709D1F673200FCC2719298.e.4378/click - {}
RESULT: {}
COMMAND: GET /session/fcfdec3f19b04732468f3b81cff77eec/screenshot - {}
RESULT: {}
COMMAND: POST /session/fcfdec3f19b04732468f3b81cff77eec/execute/async - {"script":"<script> [1562 bytes]","args":[{"selector":{"id":"application-managehandovers-display-component---AddNewHO--dueDate","interaction":{"idSuffix":"inner"}},"wdio_ui5_key":"applicationmanagehandovers-display-component---AddNewHO--dueDate"}]}
RESULT: {"script":"<script> [1562 bytes]","args":[{"selector":{"id":"application-managehandovers-display-component---AddNewHO--dueDate","interaction":{"idSuffix":"inner"}},"wdio_ui5_key":"applicationmanagehandovers-display-component---AddNewHO--dueDate"}]}
RESULT: undefined
COMMAND: POST /session/fcfdec3f19b04732468f3b81cff77eec/execute/async - {"script":"<script> [6424 bytes]","args":[{"element-6066-11e4-a52e-4f735466cecf":"f.4917B356C9E108E3489CB9DCB9E54F9E.d.B2DB278BBA709D1F673200FCC2719298.e.4380"},"setValue",["5/24/25"]]}
RESULT: {"script":"<script> [6424 bytes]","args":[{"element-6066-11e4-a52e-4f735466cecf":"f.4917B356C9E108E3489CB9DCB9E54F9E.d.B2DB278BBA709D1F673200FCC2719298.e.4380"},"setValue",["5/24/25"]]}
COMMAND: POST /session/fcfdec3f19b04732468f3b81cff77eec/element - {"using":"xpath","value":"//input[@id=\"generalSectionFrg--receiveYard-inner\"]"}
RESULT: {"using":"xpath","value":"//input[@id=\"generalSectionFrg--receiveYard-inner\"]"}
COMMAND: POST /session/fcfdec3f19b04732468f3b81cff77eec/element/f.4917B356C9E108E3489CB9DCB9E54F9E.d.B2DB278BBA709D1F673200FCC2719298.e.4386/clear - {}
RESULT: {}
COMMAND: POST /session/fcfdec3f19b04732468f3b81cff77eec/element/f.4917B356C9E108E3489CB9DCB9E54F9E.d.B2DB278BBA709D1F673200FCC2719298.e.4386/value - {"text":"247"}
COMMAND: GET /session/fcfdec3f19b04732468f3b81cff77eec/screenshot - {}
RESULT: {"text":"247"}
COMMAND: GET /session/fcfdec3f19b04732468f3b81cff77eec/screenshot - {}
RESULT: {}
RESULT: {}
COMMAND: POST /session/fcfdec3f19b04732468f3b81cff77eec/element - {"using":"xpath","value":"//li[.//span[text()='247']]"}
RESULT: {"using":"xpath","value":"//li[.//span[text()='247']]"}
COMMAND: POST /session/fcfdec3f19b04732468f3b81cff77eec/element/f.4917B356C9E108E3489CB9DCB9E54F9E.d.B2DB278BBA709D1F673200FCC2719298.e.4404/click - {}
RESULT: {}
COMMAND: GET /session/fcfdec3f19b04732468f3b81cff77eec/screenshot - {}
RESULT: {}
COMMAND: POST /session/fcfdec3f19b04732468f3b81cff77eec/execute/async - {"script":"<script> [1562 bytes]","args":[{"selector":{"id":"application-managehandovers-display-component---AddNewHO--ObjectPageLayout-anchBar-application-managehandovers-display-component---AddNewHO--section4-anchor","interaction":{"idSuffix":"BDI-content"}},"wdio_ui5_key":"applicationmanagehandovers-display-component---AddNewHO--ObjectPageLayout-anchBar-application-managehandovers-display-component---AddNewHO--section4-anchor"}]}
RESULT: {"script":"<script> [1562 bytes]","args":[{"selector":{"id":"application-managehandovers-display-component---AddNewHO--ObjectPageLayout-anchBar-application-managehandovers-display-component---AddNewHO--section4-anchor","interaction":{"idSuffix":"BDI-content"}},"wdio_ui5_key":"applicationmanagehandovers-display-component---AddNewHO--ObjectPageLayout-anchBar-application-managehandovers-display-component---AddNewHO--section4-anchor"}]}
RESULT: undefined
COMMAND: POST /session/fcfdec3f19b04732468f3b81cff77eec/element - {"using":"xpath","value":"//*[@id=\"application-managehandovers-display-component---AddNewHO--ObjectPageLayout-anchBar-application-managehandovers-display-component---AddNewHO--section4-anchor\"]"}
RESULT: {"using":"xpath","value":"//*[@id=\"application-managehandovers-display-component---AddNewHO--ObjectPageLayout-anchBar-application-managehandovers-display-component---AddNewHO--section4-anchor\"]"}
COMMAND: POST /session/fcfdec3f19b04732468f3b81cff77eec/element/f.4917B356C9E108E3489CB9DCB9E54F9E.d.B2DB278BBA709D1F673200FCC2719298.e.4406/click - {}
RESULT: {}
COMMAND: POST /session/fcfdec3f19b04732468f3b81cff77eec/element - {"using":"xpath","value":"//button[@aria-label=\"Add\"]"}
COMMAND: GET /session/fcfdec3f19b04732468f3b81cff77eec/screenshot - {}
RESULT: {"using":"xpath","value":"//button[@aria-label=\"Add\"]"}
COMMAND: POST /session/fcfdec3f19b04732468f3b81cff77eec/element/f.4917B356C9E108E3489CB9DCB9E54F9E.d.B2DB278BBA709D1F673200FCC2719298.e.4410/click - {}
RESULT: {}
RESULT: {}
COMMAND: GET /session/fcfdec3f19b04732468f3b81cff77eec/screenshot - {}
RESULT: {}
COMMAND: POST /session/fcfdec3f19b04732468f3b81cff77eec/execute/async - {"script":"<script> [1562 bytes]","args":[{"selector":{"id":"application-managehandovers-display-component---AddNewHO--smartFilterBar-btnBasicSearch","searchOpenDialogs":true,"interaction":{"idSuffix":"I"}},"wdio_ui5_key":"applicationmanagehandovers-display-component---AddNewHO--smartFilterBar-btnBasicSearch"}]}
RESULT: {"script":"<script> [1562 bytes]","args":[{"selector":{"id":"application-managehandovers-display-component---AddNewHO--smartFilterBar-btnBasicSearch","searchOpenDialogs":true,"interaction":{"idSuffix":"I"}},"wdio_ui5_key":"applicationmanagehandovers-display-component---AddNewHO--smartFilterBar-btnBasicSearch"}]}
RESULT: undefined
COMMAND: POST /session/fcfdec3f19b04732468f3b81cff77eec/execute/async - {"script":"<script> [776 bytes]","args":[{"enterText":"200106","selector":{"id":"application-managehandovers-display-component---AddNewHO--smartFilterBar-btnBasicSearch","searchOpenDialogs":true,"interaction":{"idSuffix":"I"}},"clearTextFirst":true,"interactionType":"ENTER_TEXT"}]}
RESULT: {"script":"<script> [776 bytes]","args":[{"enterText":"200106","selector":{"id":"application-managehandovers-display-component---AddNewHO--smartFilterBar-btnBasicSearch","searchOpenDialogs":true,"interaction":{"idSuffix":"I"}},"clearTextFirst":true,"interactionType":"ENTER_TEXT"}]}
COMMAND: POST /session/fcfdec3f19b04732468f3b81cff77eec/actions - {"actions":[{"id":"action17","type":"key","parameters":{},"actions":[{"type":"keyDown","value":""},{"type":"pause","duration":10},{"type":"keyUp","value":""}]}]}
RESULT: {"actions":[{"id":"action17","type":"key","parameters":{},"actions":[{"type":"keyDown","value":""},{"type":"pause","duration":10},{"type":"keyUp","value":""}]}]}
COMMAND: GET /session/fcfdec3f19b04732468f3b81cff77eec/screenshot - {}
RESULT: {}
COMMAND: POST /session/fcfdec3f19b04732468f3b81cff77eec/execute/async - {"script":"<script> [1562 bytes]","args":[{"selector":{"id":"application-managehandovers-display-component---AddNewHO--popup-sa","searchOpenDialogs":true,"interaction":{"idSuffix":"CbBg"}},"wdio_ui5_key":"applicationmanagehandovers-display-component---AddNewHO--popup-sa"}]}
RESULT: {"script":"<script> [1562 bytes]","args":[{"selector":{"id":"application-managehandovers-display-component---AddNewHO--popup-sa","searchOpenDialogs":true,"interaction":{"idSuffix":"CbBg"}},"wdio_ui5_key":"applicationmanagehandovers-display-component---AddNewHO--popup-sa"}]}
RESULT: undefined
COMMAND: POST /session/fcfdec3f19b04732468f3b81cff77eec/element - {"using":"xpath","value":"//*[@id=\"application-managehandovers-display-component---AddNewHO--popup-sa\"]"}
RESULT: {"using":"xpath","value":"//*[@id=\"application-managehandovers-display-component---AddNewHO--popup-sa\"]"}
COMMAND: POST /session/fcfdec3f19b04732468f3b81cff77eec/element/f.4917B356C9E108E3489CB9DCB9E54F9E.d.B2DB278BBA709D1F673200FCC2719298.e.4565/click - {}
RESULT: {}
COMMAND: GET /session/fcfdec3f19b04732468f3b81cff77eec/screenshot - {}
RESULT: {}
COMMAND: POST /session/fcfdec3f19b04732468f3b81cff77eec/element - {"using":"xpath","value":"//bdi[contains(text(), \"Select\")]"}
RESULT: {"using":"xpath","value":"//bdi[contains(text(), \"Select\")]"}
COMMAND: POST /session/fcfdec3f19b04732468f3b81cff77eec/element/f.4917B356C9E108E3489CB9DCB9E54F9E.d.B2DB278BBA709D1F673200FCC2719298.e.4566/click - {}
RESULT: {}
COMMAND: GET /session/fcfdec3f19b04732468f3b81cff77eec/screenshot - {}
RESULT: {}
COMMAND: POST /session/fcfdec3f19b04732468f3b81cff77eec/element - {"using":"xpath","value":"//button[@data-kt=\"AddNewHOSaveButton\"]"}
RESULT: {"using":"xpath","value":"//button[@data-kt=\"AddNewHOSaveButton\"]"}
COMMAND: POST /session/fcfdec3f19b04732468f3b81cff77eec/element/f.4917B356C9E108E3489CB9DCB9E54F9E.d.B2DB278BBA709D1F673200FCC2719298.e.4570/click - {}
RESULT: {}
COMMAND: GET /session/fcfdec3f19b04732468f3b81cff77eec/screenshot - {}
RESULT: {}
COMMAND: POST /session/fcfdec3f19b04732468f3b81cff77eec/execute/async - {"script":"<script> [1562 bytes]","args":[{"selector":{"id":"receiptDatePicker","viewName":"etm.portal.ui.managehandovers.view.DetailExecuteHO","interaction":{"idSuffix":"inner"}},"wdio_ui5_key":"receiptDatePickeretmportal.ui.managehandovers.view.DetailExecuteHO"}]}
RESULT: {"script":"<script> [1562 bytes]","args":[{"selector":{"id":"receiptDatePicker","viewName":"etm.portal.ui.managehandovers.view.DetailExecuteHO","interaction":{"idSuffix":"inner"}},"wdio_ui5_key":"receiptDatePickeretmportal.ui.managehandovers.view.DetailExecuteHO"}]}
RESULT: undefined
COMMAND: POST /session/fcfdec3f19b04732468f3b81cff77eec/execute/async - {"script":"<script> [6424 bytes]","args":[{"element-6066-11e4-a52e-4f735466cecf":"f.4917B356C9E108E3489CB9DCB9E54F9E.d.B2DB278BBA709D1F673200FCC2719298.e.4601"},"setValue",["5/24/25"]]}
RESULT: {"script":"<script> [6424 bytes]","args":[{"element-6066-11e4-a52e-4f735466cecf":"f.4917B356C9E108E3489CB9DCB9E54F9E.d.B2DB278BBA709D1F673200FCC2719298.e.4601"},"setValue",["5/24/25"]]}
COMMAND: POST /session/fcfdec3f19b04732468f3b81cff77eec/element - {"using":"xpath","value":"//button[@data-kt=\"ReceivingTableConfirmAllButton\"]"}
RESULT: {"using":"xpath","value":"//button[@data-kt=\"ReceivingTableConfirmAllButton\"]"}
COMMAND: POST /session/fcfdec3f19b04732468f3b81cff77eec/element/f.4917B356C9E108E3489CB9DCB9E54F9E.d.B2DB278BBA709D1F673200FCC2719298.e.4618/click - {}
RESULT: {}
COMMAND: GET /session/fcfdec3f19b04732468f3b81cff77eec/screenshot - {}
RESULT: {}
COMMAND: POST /session/fcfdec3f19b04732468f3b81cff77eec/element - {"using":"xpath","value":"//bdi[contains(text(), \"OK\")]"}
RESULT: {"using":"xpath","value":"//bdi[contains(text(), \"OK\")]"}
COMMAND: POST /session/fcfdec3f19b04732468f3b81cff77eec/element/f.4917B356C9E108E3489CB9DCB9E54F9E.d.B2DB278BBA709D1F673200FCC2719298.e.4620/click - {}
RESULT: {}
COMMAND: GET /session/fcfdec3f19b04732468f3b81cff77eec/screenshot - {}
RESULT: {}
COMMAND: POST /session/fcfdec3f19b04732468f3b81cff77eec/element - {"using":"xpath","value":"(//bdi[contains(text(), \"Receive\")])[2]"}
RESULT: {"using":"xpath","value":"(//bdi[contains(text(), \"Receive\")])[2]"}
COMMAND: POST /session/fcfdec3f19b04732468f3b81cff77eec/element/f.4917B356C9E108E3489CB9DCB9E54F9E.d.B2DB278BBA709D1F673200FCC2719298.e.4622/click - {}
RESULT: {}
COMMAND: GET /session/fcfdec3f19b04732468f3b81cff77eec/screenshot - {}
RESULT: {}
COMMAND: POST /session/fcfdec3f19b04732468f3b81cff77eec/element - {"using":"css selector","value":"#shell-header-logo"}
RESULT: {"using":"css selector","value":"#shell-header-logo"}
COMMAND: POST /session/fcfdec3f19b04732468f3b81cff77eec/element/f.4917B356C9E108E3489CB9DCB9E54F9E.d.B2DB278BBA709D1F673200FCC2719298.e.3987/click - {}
RESULT: {}
COMMAND: GET /session/fcfdec3f19b04732468f3b81cff77eec/screenshot - {}
RESULT: {}
COMMAND: POST /session/fcfdec3f19b04732468f3b81cff77eec/element - {"using":"css selector","value":"#j_username"}
COMMAND: POST /session/fcfdec3f19b04732468f3b81cff77eec/url - {"url":"https://qa-testing-00-live-etm-ui.cfapps.eu10-004.hana.ondemand.com/"}
RESULT: {"using":"css selector","value":"#j_username"}
COMMAND: POST /session/fcfdec3f19b04732468f3b81cff77eec/element - {"using":"css selector","value":"#j_username"}
RESULT: {"url":"https://qa-testing-00-live-etm-ui.cfapps.eu10-004.hana.ondemand.com/"}
RESULT: undefined
COMMAND: GET /session/fcfdec3f19b04732468f3b81cff77eec/screenshot - {}
RESULT: {"using":"css selector","value":"#j_username"}
COMMAND: POST /session/fcfdec3f19b04732468f3b81cff77eec/element - {"using":"css selector","value":"#shell-header-logo"}
RESULT: {}
RESULT: {"using":"css selector","value":"#shell-header-logo"}
COMMAND: POST /session/fcfdec3f19b04732468f3b81cff77eec/execute/sync - {"script":"<script> [8489 bytes]","args":[{"element-6066-11e4-a52e-4f735466cecf":"f.4917B356C9E108E3489CB9DCB9E54F9E.d.4ECEFACF45FF01831656026566D9114B.e.4807","ELEMENT":"f.4917B356C9E108E3489CB9DCB9E54F9E.d.4ECEFACF45FF01831656026566D9114B.e.4807"}]}
RESULT: {"script":"<script> [8489 bytes]","args":[{"element-6066-11e4-a52e-4f735466cecf":"f.4917B356C9E108E3489CB9DCB9E54F9E.d.4ECEFACF45FF01831656026566D9114B.e.4807","ELEMENT":"f.4917B356C9E108E3489CB9DCB9E54F9E.d.4ECEFACF45FF01831656026566D9114B.e.4807"}]}
COMMAND: POST /session/fcfdec3f19b04732468f3b81cff77eec/element - {"using":"css selector","value":"#shell-header-logo"}
COMMAND: GET /session/fcfdec3f19b04732468f3b81cff77eec/screenshot - {}
RESULT: {"using":"css selector","value":"#shell-header-logo"}
COMMAND: POST /session/fcfdec3f19b04732468f3b81cff77eec/execute/sync - {"script":"<script> [8489 bytes]","args":[{"element-6066-11e4-a52e-4f735466cecf":"f.4917B356C9E108E3489CB9DCB9E54F9E.d.4ECEFACF45FF01831656026566D9114B.e.4807","ELEMENT":"f.4917B356C9E108E3489CB9DCB9E54F9E.d.4ECEFACF45FF01831656026566D9114B.e.4807"}]}
RESULT: {}
RESULT: {"script":"<script> [8489 bytes]","args":[{"element-6066-11e4-a52e-4f735466cecf":"f.4917B356C9E108E3489CB9DCB9E54F9E.d.4ECEFACF45FF01831656026566D9114B.e.4807","ELEMENT":"f.4917B356C9E108E3489CB9DCB9E54F9E.d.4ECEFACF45FF01831656026566D9114B.e.4807"}]}
COMMAND: POST /session/fcfdec3f19b04732468f3b81cff77eec/execute/sync - {"script":"<script> [5351 bytes]","args":[{"element-6066-11e4-a52e-4f735466cecf":"f.4917B356C9E108E3489CB9DCB9E54F9E.d.4ECEFACF45FF01831656026566D9114B.e.4807","ELEMENT":"f.4917B356C9E108E3489CB9DCB9E54F9E.d.4ECEFACF45FF01831656026566D9114B.e.4807"}]}
COMMAND: GET /session/fcfdec3f19b04732468f3b81cff77eec/screenshot - {}
RESULT: {"script":"<script> [5351 bytes]","args":[{"element-6066-11e4-a52e-4f735466cecf":"f.4917B356C9E108E3489CB9DCB9E54F9E.d.4ECEFACF45FF01831656026566D9114B.e.4807","ELEMENT":"f.4917B356C9E108E3489CB9DCB9E54F9E.d.4ECEFACF45FF01831656026566D9114B.e.4807"}]}
COMMAND: POST /session/fcfdec3f19b04732468f3b81cff77eec/element - {"using":"css selector","value":"#shell-header-logo"}
COMMAND: GET /session/fcfdec3f19b04732468f3b81cff77eec/screenshot - {}
RESULT: {}
RESULT: {"using":"css selector","value":"#shell-header-logo"}
COMMAND: POST /session/fcfdec3f19b04732468f3b81cff77eec/element/f.4917B356C9E108E3489CB9DCB9E54F9E.d.4ECEFACF45FF01831656026566D9114B.e.4807/click - {}
RESULT: {}
RESULT: {}
COMMAND: GET /session/fcfdec3f19b04732468f3b81cff77eec/screenshot - {}
RESULT: {}
COMMAND: POST /session/fcfdec3f19b04732468f3b81cff77eec/execute/async - {"script":"<script> [189 bytes]","args":[]}
RESULT: {"script":"<script> [189 bytes]","args":[]}
COMMAND: POST /session/fcfdec3f19b04732468f3b81cff77eec/execute/async - {"script":"<script> [123 bytes]","args":[]}
RESULT: {"script":"<script> [123 bytes]","args":[]}
COMMAND: POST /session/fcfdec3f19b04732468f3b81cff77eec/timeouts - {"script":"<number>"}
RESULT: {"script":"<number>"}
COMMAND: GET /session/fcfdec3f19b04732468f3b81cff77eec/timeouts - {}
RESULT: {}
RESULT: undefined
COMMAND: POST /session/fcfdec3f19b04732468f3b81cff77eec/execute/async - {"script":"<script> [2676 bytes]","args":[]}
RESULT: {"script":"<script> [2676 bytes]","args":[]}
COMMAND: POST /session/fcfdec3f19b04732468f3b81cff77eec/execute/async - {"script":"<script> [2342 bytes]","args":[{"protocol":"http","hostname":"0.0.0.0","path":"/","capabilities":{"browserName":"chrome","goog:chromeOptions":{"binary":"C:\\Program Files\\Google\\Chrome\\Application\\chrome.exe","args":["--start-maximized"]}},"logLevel":"warn","connectionRetryTimeout":120000,"connectionRetryCount":3,"logLevels":{},"enableDirectConnect":true,"strictSSL":true,"_":"65 more keys: [\"cacheDir\",\"port\",\"requestedCapabilities\",\"automationProtocol\",\"baseUrl\",\"waitforInterval\",\"waitforTimeout\",\"onReload\",\"beforeCommand\",\"afterCommand\",\"rootDir\",\"specs\",\"suites\",\"exclude\",\"groupLogsByTestSpec\",\"excludeDriverLogs\",\"bail\",\"framework\",\"reporters\",\"services\",\"maxInstances\",\"maxInstancesPerCapability\",\"injectGlobals\",\"filesToWatch\",\"execArgv\",\"runnerEnv\",\"runner\",\"shard\",\"specFileRetries\",\"specFileRetriesDelay\",\"specFileRetriesDeferred\",\"reporterSyncInterval\",\"reporterSyncTimeout\",\"cucumberFeaturesWithLineNumbers\",\"autoCompileOpts\",\"mochaOpts\",\"jasmineOpts\",\"cucumberOpts\",\"onPrepare\",\"onWorkerStart\",\"onWorkerEnd\",\"before\",\"beforeSession\",\"beforeSuite\",\"beforeHook\",\"beforeTest\",\"afterTest\",\"afterHook\",\"afterSuite\",\"afterSession\",\"after\",\"onComplete\",\"beforeAssertion\",\"afterAssertion\",\"beforeFeature\",\"beforeScenario\",\"beforeStep\",\"afterStep\",\"afterScenario\",\"afterFeature\",\"_\",\"suite\",\"$0\",\"ignoredWorkerServices\",\"wdi5\"]"}]}
RESULT: {"script":"<script> [2342 bytes]","args":[{"protocol":"http","hostname":"0.0.0.0","path":"/","capabilities":{"browserName":"chrome","goog:chromeOptions":{"binary":"C:\\Program Files\\Google\\Chrome\\Application\\chrome.exe","args":["--start-maximized"]}},"logLevel":"warn","connectionRetryTimeout":120000,"connectionRetryCount":3,"logLevels":{},"enableDirectConnect":true,"strictSSL":true,"_":"65 more keys: [\"cacheDir\",\"port\",\"requestedCapabilities\",\"automationProtocol\",\"baseUrl\",\"waitforInterval\",\"waitforTimeout\",\"onReload\",\"beforeCommand\",\"afterCommand\",\"rootDir\",\"specs\",\"suites\",\"exclude\",\"groupLogsByTestSpec\",\"excludeDriverLogs\",\"bail\",\"framework\",\"reporters\",\"services\",\"maxInstances\",\"maxInstancesPerCapability\",\"injectGlobals\",\"filesToWatch\",\"execArgv\",\"runnerEnv\",\"runner\",\"shard\",\"specFileRetries\",\"specFileRetriesDelay\",\"specFileRetriesDeferred\",\"reporterSyncInterval\",\"reporterSyncTimeout\",\"cucumberFeaturesWithLineNumbers\",\"autoCompileOpts\",\"mochaOpts\",\"jasmineOpts\",\"cucumberOpts\",\"onPrepare\",\"onWorkerStart\",\"onWorkerEnd\",\"before\",\"beforeSession\",\"beforeSuite\",\"beforeHook\",\"beforeTest\",\"afterTest\",\"afterHook\",\"afterSuite\",\"afterSession\",\"after\",\"onComplete\",\"beforeAssertion\",\"afterAssertion\",\"beforeFeature\",\"beforeScenario\",\"beforeStep\",\"afterStep\",\"afterScenario\",\"afterFeature\",\"_\",\"suite\",\"$0\",\"ignoredWorkerServices\",\"wdi5\"]"}]}
COMMAND: POST /session/fcfdec3f19b04732468f3b81cff77eec/execute/async - {"script":"<script> [21126 bytes]","args":[35000]}
RESULT: {"script":"<script> [21126 bytes]","args":[35000]}
COMMAND: POST /session/fcfdec3f19b04732468f3b81cff77eec/window/maximize - {}
RESULT: {}
COMMAND: POST /session/fcfdec3f19b04732468f3b81cff77eec/execute/async - {"script":"<script> [1562 bytes]","args":[{"selector":{"id":"shell-header","interaction":{"idSuffix":"icon"}},"wdio_ui5_key":"shellheader"}]}
COMMAND: GET /session/fcfdec3f19b04732468f3b81cff77eec/screenshot - {}
RESULT: {"script":"<script> [1562 bytes]","args":[{"selector":{"id":"shell-header","interaction":{"idSuffix":"icon"}},"wdio_ui5_key":"shellheader"}]}
RESULT: undefined
COMMAND: POST /session/fcfdec3f19b04732468f3b81cff77eec/window/fullscreen - {}
RESULT: {}
RESULT: {}
]]></system-out>
    </testcase>
  </testsuite>
  <testsuite timestamp="2025-05-24T16:37:21" time="151.128" tests="6" failures="0" errors="0" skipped="0">
    <properties>
      <property name="specId" value="0"/>
      <property name="suiteName" value="Provide to Site w/ warehouse management w/ clarification US115878"/>
      <property name="capabilities" value="chrome.136_0_7103_93.windows"/>
      <property name="file" value="file:///D:/a/1/s/test/specs/HTR/provide-to-site-w-warehouse-w-clarification.spec.js"/>
    </properties>
    <testcase classname="chrome.136_0_7103_93.windows.Provide_to_Site_w/_warehouse_management_w/_clarification_US115878" name="Should create a new WHM yard" time="0.016">
      <system-out><![CDATA[
COMMAND: POST /session/fcfdec3f19b04732468f3b81cff77eec/window/fullscreen - {}
RESULT: {}
]]></system-out>
    </testcase>
    <testcase classname="chrome.136_0_7103_93.windows.Provide_to_Site_w/_warehouse_management_w/_clarification_US115878" name="Should create a new external WHM partner" time="0.004"/>
    <testcase classname="chrome.136_0_7103_93.windows.Provide_to_Site_w/_warehouse_management_w/_clarification_US115878" name="Should create a new WHM site" time="0.006"/>
    <testcase classname="chrome.136_0_7103_93.windows.Provide_to_Site_w/_warehouse_management_w/_clarification_US115878" name="Should create a new material" time="129.631">
      <system-out><![CDATA[
COMMAND: POST /session/fcfdec3f19b04732468f3b81cff77eec/execute/async - {"script":"<script> [1562 bytes]","args":[{"selector":{"controlType":"sap.m.GenericTile","properties":{"header":"Manage Resources"}},"wdio_ui5_key":"sapm.GenericTile{\"header\":\"Manage Resources\"}"}]}
RESULT: {"script":"<script> [1562 bytes]","args":[{"selector":{"controlType":"sap.m.GenericTile","properties":{"header":"Manage Resources"}},"wdio_ui5_key":"sapm.GenericTile{\"header\":\"Manage Resources\"}"}]}
RESULT: undefined
COMMAND: POST /session/fcfdec3f19b04732468f3b81cff77eec/element - {"using":"xpath","value":"//*[@id=\"__tile31\"]"}
RESULT: {"using":"xpath","value":"//*[@id=\"__tile31\"]"}
COMMAND: POST /session/fcfdec3f19b04732468f3b81cff77eec/element/f.4917B356C9E108E3489CB9DCB9E54F9E.d.4ECEFACF45FF01831656026566D9114B.e.4829/click - {}
RESULT: {}
COMMAND: GET /session/fcfdec3f19b04732468f3b81cff77eec/screenshot - {}
RESULT: {}
COMMAND: POST /session/fcfdec3f19b04732468f3b81cff77eec/elements - {"using":"xpath","value":"//span[text()='Error']"}
RESULT: {"using":"xpath","value":"//span[text()='Error']"}
COMMAND: POST /session/fcfdec3f19b04732468f3b81cff77eec/element - {"using":"xpath","value":"//button[@data-kt=\"addNewRUOverflowToolbarButton\"]"}
RESULT: {"using":"xpath","value":"//button[@data-kt=\"addNewRUOverflowToolbarButton\"]"}
COMMAND: POST /session/fcfdec3f19b04732468f3b81cff77eec/elements - {"using":"xpath","value":"//button[@data-kt=\"addNewRUOverflowToolbarButton\"]"}
RESULT: {"using":"xpath","value":"//button[@data-kt=\"addNewRUOverflowToolbarButton\"]"}
COMMAND: POST /session/fcfdec3f19b04732468f3b81cff77eec/elements - {"using":"xpath","value":"//button[@data-kt=\"addNewRUOverflowToolbarButton\"]"}
RESULT: {"using":"xpath","value":"//button[@data-kt=\"addNewRUOverflowToolbarButton\"]"}
COMMAND: POST /session/fcfdec3f19b04732468f3b81cff77eec/element - {"using":"xpath","value":"//button[@data-kt=\"addNewRUOverflowToolbarButton\"]"}
RESULT: {"using":"xpath","value":"//button[@data-kt=\"addNewRUOverflowToolbarButton\"]"}
COMMAND: POST /session/fcfdec3f19b04732468f3b81cff77eec/execute/sync - {"script":"<script> [8489 bytes]","args":[{"element-6066-11e4-a52e-4f735466cecf":"f.4917B356C9E108E3489CB9DCB9E54F9E.d.4ECEFACF45FF01831656026566D9114B.e.4971","ELEMENT":"f.4917B356C9E108E3489CB9DCB9E54F9E.d.4ECEFACF45FF01831656026566D9114B.e.4971"}]}
RESULT: {"script":"<script> [8489 bytes]","args":[{"element-6066-11e4-a52e-4f735466cecf":"f.4917B356C9E108E3489CB9DCB9E54F9E.d.4ECEFACF45FF01831656026566D9114B.e.4971","ELEMENT":"f.4917B356C9E108E3489CB9DCB9E54F9E.d.4ECEFACF45FF01831656026566D9114B.e.4971"}]}
COMMAND: GET /session/fcfdec3f19b04732468f3b81cff77eec/element/f.4917B356C9E108E3489CB9DCB9E54F9E.d.4ECEFACF45FF01831656026566D9114B.e.4971/enabled - {}
COMMAND: GET /session/fcfdec3f19b04732468f3b81cff77eec/screenshot - {}
RESULT: {}
COMMAND: POST /session/fcfdec3f19b04732468f3b81cff77eec/execute/sync - {"script":"<script> [8489 bytes]","args":[{"element-6066-11e4-a52e-4f735466cecf":"f.4917B356C9E108E3489CB9DCB9E54F9E.d.4ECEFACF45FF01831656026566D9114B.e.4971","ELEMENT":"f.4917B356C9E108E3489CB9DCB9E54F9E.d.4ECEFACF45FF01831656026566D9114B.e.4971"}]}
COMMAND: GET /session/fcfdec3f19b04732468f3b81cff77eec/screenshot - {}
RESULT: {}
RESULT: {"script":"<script> [8489 bytes]","args":[{"element-6066-11e4-a52e-4f735466cecf":"f.4917B356C9E108E3489CB9DCB9E54F9E.d.4ECEFACF45FF01831656026566D9114B.e.4971","ELEMENT":"f.4917B356C9E108E3489CB9DCB9E54F9E.d.4ECEFACF45FF01831656026566D9114B.e.4971"}]}
COMMAND: POST /session/fcfdec3f19b04732468f3b81cff77eec/execute/sync - {"script":"<script> [5351 bytes]","args":[{"element-6066-11e4-a52e-4f735466cecf":"f.4917B356C9E108E3489CB9DCB9E54F9E.d.4ECEFACF45FF01831656026566D9114B.e.4971","ELEMENT":"f.4917B356C9E108E3489CB9DCB9E54F9E.d.4ECEFACF45FF01831656026566D9114B.e.4971"}]}
COMMAND: GET /session/fcfdec3f19b04732468f3b81cff77eec/screenshot - {}
RESULT: {}
RESULT: {"script":"<script> [5351 bytes]","args":[{"element-6066-11e4-a52e-4f735466cecf":"f.4917B356C9E108E3489CB9DCB9E54F9E.d.4ECEFACF45FF01831656026566D9114B.e.4971","ELEMENT":"f.4917B356C9E108E3489CB9DCB9E54F9E.d.4ECEFACF45FF01831656026566D9114B.e.4971"}]}
COMMAND: POST /session/fcfdec3f19b04732468f3b81cff77eec/element/f.4917B356C9E108E3489CB9DCB9E54F9E.d.4ECEFACF45FF01831656026566D9114B.e.4971/click - {}
COMMAND: GET /session/fcfdec3f19b04732468f3b81cff77eec/screenshot - {}
RESULT: {}
RESULT: {}
COMMAND: GET /session/fcfdec3f19b04732468f3b81cff77eec/screenshot - {}
COMMAND: POST /session/fcfdec3f19b04732468f3b81cff77eec/execute/async - {"script":"<script> [1562 bytes]","args":[{"selector":{"id":"application-manageresources-display-component---newResourceUnit--TYPE-arrow"},"wdio_ui5_key":"applicationmanageresources-display-component---newResourceUnit--TYPE-arrow"}]}
RESULT: {}
RESULT: {}
RESULT: {"script":"<script> [1562 bytes]","args":[{"selector":{"id":"application-manageresources-display-component---newResourceUnit--TYPE-arrow"},"wdio_ui5_key":"applicationmanageresources-display-component---newResourceUnit--TYPE-arrow"}]}
RESULT: undefined
COMMAND: POST /session/fcfdec3f19b04732468f3b81cff77eec/element - {"using":"xpath","value":"//*[@id=\"application-manageresources-display-component---newResourceUnit--TYPE-arrow\"]"}
RESULT: {"using":"xpath","value":"//*[@id=\"application-manageresources-display-component---newResourceUnit--TYPE-arrow\"]"}
COMMAND: POST /session/fcfdec3f19b04732468f3b81cff77eec/element/f.4917B356C9E108E3489CB9DCB9E54F9E.d.4ECEFACF45FF01831656026566D9114B.e.5316/click - {}
RESULT: {}
COMMAND: POST /session/fcfdec3f19b04732468f3b81cff77eec/element - {"using":"xpath","value":"//input[@id=\"application-manageresources-display-component---newResourceUnit--TYPE-inner\"]"}
COMMAND: GET /session/fcfdec3f19b04732468f3b81cff77eec/screenshot - {}
RESULT: {"using":"xpath","value":"//input[@id=\"application-manageresources-display-component---newResourceUnit--TYPE-inner\"]"}
COMMAND: POST /session/fcfdec3f19b04732468f3b81cff77eec/element/f.4917B356C9E108E3489CB9DCB9E54F9E.d.4ECEFACF45FF01831656026566D9114B.e.5312/clear - {}
RESULT: {}
RESULT: {}
COMMAND: POST /session/fcfdec3f19b04732468f3b81cff77eec/element/f.4917B356C9E108E3489CB9DCB9E54F9E.d.4ECEFACF45FF01831656026566D9114B.e.5312/value - {"text":"Material"}
COMMAND: GET /session/fcfdec3f19b04732468f3b81cff77eec/screenshot - {}
RESULT: {"text":"Material"}
COMMAND: GET /session/fcfdec3f19b04732468f3b81cff77eec/screenshot - {}
RESULT: {}
RESULT: {}
COMMAND: POST /session/fcfdec3f19b04732468f3b81cff77eec/actions - {"actions":[{"id":"action18","type":"key","parameters":{},"actions":[{"type":"keyDown","value":""},{"type":"pause","duration":10},{"type":"keyUp","value":""}]}]}
RESULT: {"actions":[{"id":"action18","type":"key","parameters":{},"actions":[{"type":"keyDown","value":""},{"type":"pause","duration":10},{"type":"keyUp","value":""}]}]}
COMMAND: POST /session/fcfdec3f19b04732468f3b81cff77eec/execute/async - {"script":"<script> [1562 bytes]","args":[{"selector":{"id":"application-manageresources-display-component---newResourceUnit--SHORT_TEXT","interaction":{"idSuffix":"inner"}},"wdio_ui5_key":"applicationmanageresources-display-component---newResourceUnit--SHORT_TEXT"}]}
COMMAND: GET /session/fcfdec3f19b04732468f3b81cff77eec/screenshot - {}
RESULT: {"script":"<script> [1562 bytes]","args":[{"selector":{"id":"application-manageresources-display-component---newResourceUnit--SHORT_TEXT","interaction":{"idSuffix":"inner"}},"wdio_ui5_key":"applicationmanageresources-display-component---newResourceUnit--SHORT_TEXT"}]}
RESULT: undefined
COMMAND: POST /session/fcfdec3f19b04732468f3b81cff77eec/execute/async - {"script":"<script> [776 bytes]","args":[{"enterText":"Cement WDIO","selector":{"id":"application-manageresources-display-component---newResourceUnit--SHORT_TEXT","interaction":{"idSuffix":"inner"}},"clearTextFirst":true,"interactionType":"ENTER_TEXT"}]}
RESULT: {}
RESULT: {"script":"<script> [776 bytes]","args":[{"enterText":"Cement WDIO","selector":{"id":"application-manageresources-display-component---newResourceUnit--SHORT_TEXT","interaction":{"idSuffix":"inner"}},"clearTextFirst":true,"interactionType":"ENTER_TEXT"}]}
COMMAND: POST /session/fcfdec3f19b04732468f3b81cff77eec/execute/async - {"script":"<script> [1562 bytes]","args":[{"selector":{"id":"application-manageresources-display-component---newResourceUnit--BASE_UNIT_OF_MEASURE","interaction":{"idSuffix":"inner"}},"wdio_ui5_key":"applicationmanageresources-display-component---newResourceUnit--BASE_UNIT_OF_MEASURE"}]}
RESULT: {"script":"<script> [1562 bytes]","args":[{"selector":{"id":"application-manageresources-display-component---newResourceUnit--BASE_UNIT_OF_MEASURE","interaction":{"idSuffix":"inner"}},"wdio_ui5_key":"applicationmanageresources-display-component---newResourceUnit--BASE_UNIT_OF_MEASURE"}]}
RESULT: undefined
COMMAND: POST /session/fcfdec3f19b04732468f3b81cff77eec/execute/async - {"script":"<script> [776 bytes]","args":[{"enterText":"Piece","selector":{"id":"application-manageresources-display-component---newResourceUnit--BASE_UNIT_OF_MEASURE","interaction":{"idSuffix":"inner"}},"clearTextFirst":true,"interactionType":"ENTER_TEXT"}]}
RESULT: {"script":"<script> [776 bytes]","args":[{"enterText":"Piece","selector":{"id":"application-manageresources-display-component---newResourceUnit--BASE_UNIT_OF_MEASURE","interaction":{"idSuffix":"inner"}},"clearTextFirst":true,"interactionType":"ENTER_TEXT"}]}
COMMAND: POST /session/fcfdec3f19b04732468f3b81cff77eec/execute/async - {"script":"<script> [1562 bytes]","args":[{"selector":{"id":"application-manageresources-display-component---newResourceUnit--WEIGHT_UNIT","interaction":{"idSuffix":"inner"}},"wdio_ui5_key":"applicationmanageresources-display-component---newResourceUnit--WEIGHT_UNIT"}]}
RESULT: {"script":"<script> [1562 bytes]","args":[{"selector":{"id":"application-manageresources-display-component---newResourceUnit--WEIGHT_UNIT","interaction":{"idSuffix":"inner"}},"wdio_ui5_key":"applicationmanageresources-display-component---newResourceUnit--WEIGHT_UNIT"}]}
RESULT: undefined
COMMAND: POST /session/fcfdec3f19b04732468f3b81cff77eec/execute/async - {"script":"<script> [776 bytes]","args":[{"enterText":"Gram","selector":{"id":"application-manageresources-display-component---newResourceUnit--WEIGHT_UNIT","interaction":{"idSuffix":"inner"}},"clearTextFirst":true,"interactionType":"ENTER_TEXT"}]}
RESULT: {"script":"<script> [776 bytes]","args":[{"enterText":"Gram","selector":{"id":"application-manageresources-display-component---newResourceUnit--WEIGHT_UNIT","interaction":{"idSuffix":"inner"}},"clearTextFirst":true,"interactionType":"ENTER_TEXT"}]}
COMMAND: POST /session/fcfdec3f19b04732468f3b81cff77eec/execute/async - {"script":"<script> [1562 bytes]","args":[{"selector":{"id":"application-manageresources-display-component---newResourceUnit--DIMENSION_UNIT","interaction":{"idSuffix":"inner"}},"wdio_ui5_key":"applicationmanageresources-display-component---newResourceUnit--DIMENSION_UNIT"}]}
RESULT: {"script":"<script> [1562 bytes]","args":[{"selector":{"id":"application-manageresources-display-component---newResourceUnit--DIMENSION_UNIT","interaction":{"idSuffix":"inner"}},"wdio_ui5_key":"applicationmanageresources-display-component---newResourceUnit--DIMENSION_UNIT"}]}
RESULT: undefined
COMMAND: POST /session/fcfdec3f19b04732468f3b81cff77eec/execute/async - {"script":"<script> [776 bytes]","args":[{"enterText":"Meter","selector":{"id":"application-manageresources-display-component---newResourceUnit--DIMENSION_UNIT","interaction":{"idSuffix":"inner"}},"clearTextFirst":true,"interactionType":"ENTER_TEXT"}]}
RESULT: {"script":"<script> [776 bytes]","args":[{"enterText":"Meter","selector":{"id":"application-manageresources-display-component---newResourceUnit--DIMENSION_UNIT","interaction":{"idSuffix":"inner"}},"clearTextFirst":true,"interactionType":"ENTER_TEXT"}]}
COMMAND: POST /session/fcfdec3f19b04732468f3b81cff77eec/execute/async - {"script":"<script> [1562 bytes]","args":[{"selector":{"id":"application-manageresources-display-component---newResourceUnit--newRRUPage-anchBar-application-manageresources-display-component---newResourceUnit--control-anchor","interaction":{"idSuffix":"BDI-content"}},"wdio_ui5_key":"applicationmanageresources-display-component---newResourceUnit--newRRUPage-anchBar-application-manageresources-display-component---newResourceUnit--control-anchor"}]}
RESULT: {"script":"<script> [1562 bytes]","args":[{"selector":{"id":"application-manageresources-display-component---newResourceUnit--newRRUPage-anchBar-application-manageresources-display-component---newResourceUnit--control-anchor","interaction":{"idSuffix":"BDI-content"}},"wdio_ui5_key":"applicationmanageresources-display-component---newResourceUnit--newRRUPage-anchBar-application-manageresources-display-component---newResourceUnit--control-anchor"}]}
RESULT: undefined
COMMAND: POST /session/fcfdec3f19b04732468f3b81cff77eec/element - {"using":"xpath","value":"//*[@id=\"application-manageresources-display-component---newResourceUnit--newRRUPage-anchBar-application-manageresources-display-component---newResourceUnit--control-anchor\"]"}
RESULT: {"using":"xpath","value":"//*[@id=\"application-manageresources-display-component---newResourceUnit--newRRUPage-anchBar-application-manageresources-display-component---newResourceUnit--control-anchor\"]"}
COMMAND: POST /session/fcfdec3f19b04732468f3b81cff77eec/element/f.4917B356C9E108E3489CB9DCB9E54F9E.d.4ECEFACF45FF01831656026566D9114B.e.5448/click - {}
RESULT: {}
COMMAND: POST /session/fcfdec3f19b04732468f3b81cff77eec/execute/async - {"script":"<script> [1562 bytes]","args":[{"selector":{"id":"application-manageresources-display-component---newResourceUnit--PLANNING_GROUP","interaction":{"idSuffix":"inner"}},"wdio_ui5_key":"applicationmanageresources-display-component---newResourceUnit--PLANNING_GROUP"}]}
COMMAND: GET /session/fcfdec3f19b04732468f3b81cff77eec/screenshot - {}
RESULT: {"script":"<script> [1562 bytes]","args":[{"selector":{"id":"application-manageresources-display-component---newResourceUnit--PLANNING_GROUP","interaction":{"idSuffix":"inner"}},"wdio_ui5_key":"applicationmanageresources-display-component---newResourceUnit--PLANNING_GROUP"}]}
RESULT: undefined
COMMAND: POST /session/fcfdec3f19b04732468f3b81cff77eec/execute/async - {"script":"<script> [776 bytes]","args":[{"enterText":"Material","selector":{"id":"application-manageresources-display-component---newResourceUnit--PLANNING_GROUP","interaction":{"idSuffix":"inner"}},"clearTextFirst":true,"interactionType":"ENTER_TEXT"}]}
RESULT: {}
RESULT: {"script":"<script> [776 bytes]","args":[{"enterText":"Material","selector":{"id":"application-manageresources-display-component---newResourceUnit--PLANNING_GROUP","interaction":{"idSuffix":"inner"}},"clearTextFirst":true,"interactionType":"ENTER_TEXT"}]}
COMMAND: POST /session/fcfdec3f19b04732468f3b81cff77eec/execute/async - {"script":"<script> [1562 bytes]","args":[{"selector":{"id":"application-manageresources-display-component---newResourceUnit--PLANNING_INDICATOR","interaction":{"idSuffix":"inner"}},"wdio_ui5_key":"applicationmanageresources-display-component---newResourceUnit--PLANNING_INDICATOR"}]}
RESULT: {"script":"<script> [1562 bytes]","args":[{"selector":{"id":"application-manageresources-display-component---newResourceUnit--PLANNING_INDICATOR","interaction":{"idSuffix":"inner"}},"wdio_ui5_key":"applicationmanageresources-display-component---newResourceUnit--PLANNING_INDICATOR"}]}
RESULT: undefined
COMMAND: POST /session/fcfdec3f19b04732468f3b81cff77eec/execute/async - {"script":"<script> [776 bytes]","args":[{"enterText":"10 - infinite","selector":{"id":"application-manageresources-display-component---newResourceUnit--PLANNING_INDICATOR","interaction":{"idSuffix":"inner"}},"clearTextFirst":true,"interactionType":"ENTER_TEXT"}]}
RESULT: {"script":"<script> [776 bytes]","args":[{"enterText":"10 - infinite","selector":{"id":"application-manageresources-display-component---newResourceUnit--PLANNING_INDICATOR","interaction":{"idSuffix":"inner"}},"clearTextFirst":true,"interactionType":"ENTER_TEXT"}]}
COMMAND: POST /session/fcfdec3f19b04732468f3b81cff77eec/element - {"using":"css selector","value":"#application-manageresources-display-component---newResourceUnit--btnAddTimeSegment"}
RESULT: {"using":"css selector","value":"#application-manageresources-display-component---newResourceUnit--btnAddTimeSegment"}
COMMAND: GET /session/fcfdec3f19b04732468f3b81cff77eec/element/f.4917B356C9E108E3489CB9DCB9E54F9E.d.4ECEFACF45FF01831656026566D9114B.e.5456/rect - {}
RESULT: {}
COMMAND: GET /session/fcfdec3f19b04732468f3b81cff77eec/window/rect - {}
RESULT: {}
COMMAND: POST /session/fcfdec3f19b04732468f3b81cff77eec/execute/sync - {"script":"<script> [92 bytes]","args":[]}
RESULT: {"script":"<script> [92 bytes]","args":[]}
COMMAND: POST /session/fcfdec3f19b04732468f3b81cff77eec/actions - {"actions":[{"id":"action19","type":"wheel","parameters":{},"actions":[{"type":"scroll","x":-1888,"y":-32,"deltaX":0,"deltaY":0,"duration":0,"origin":{"element-6066-11e4-a52e-4f735466cecf":"f.4917B356C9E108E3489CB9DCB9E54F9E.d.4ECEFACF45FF01831656026566D9114B.e.5456"}}]}]}
COMMAND: GET /session/fcfdec3f19b04732468f3b81cff77eec/screenshot - {}
RESULT: {}
COMMAND: POST /session/fcfdec3f19b04732468f3b81cff77eec/execute/sync - {"script":"<script> [79 bytes]","args":[{"element-6066-11e4-a52e-4f735466cecf":"f.4917B356C9E108E3489CB9DCB9E54F9E.d.4ECEFACF45FF01831656026566D9114B.e.5456","ELEMENT":"f.4917B356C9E108E3489CB9DCB9E54F9E.d.4ECEFACF45FF01831656026566D9114B.e.5456"},{"block":"start","inline":"nearest"}]}
RESULT: {"script":"<script> [79 bytes]","args":[{"element-6066-11e4-a52e-4f735466cecf":"f.4917B356C9E108E3489CB9DCB9E54F9E.d.4ECEFACF45FF01831656026566D9114B.e.5456","ELEMENT":"f.4917B356C9E108E3489CB9DCB9E54F9E.d.4ECEFACF45FF01831656026566D9114B.e.5456"},{"block":"start","inline":"nearest"}]}
COMMAND: POST /session/fcfdec3f19b04732468f3b81cff77eec/execute/async - {"script":"<script> [1562 bytes]","args":[{"selector":{"id":"application-manageresources-display-component---newResourceUnit--btnAddTimeSegment","interaction":{"idSuffix":"inner"}},"wdio_ui5_key":"applicationmanageresources-display-component---newResourceUnit--btnAddTimeSegment"}]}
COMMAND: GET /session/fcfdec3f19b04732468f3b81cff77eec/screenshot - {}
RESULT: {"script":"<script> [1562 bytes]","args":[{"selector":{"id":"application-manageresources-display-component---newResourceUnit--btnAddTimeSegment","interaction":{"idSuffix":"inner"}},"wdio_ui5_key":"applicationmanageresources-display-component---newResourceUnit--btnAddTimeSegment"}]}
RESULT: undefined
COMMAND: POST /session/fcfdec3f19b04732468f3b81cff77eec/element - {"using":"xpath","value":"//*[@id=\"application-manageresources-display-component---newResourceUnit--btnAddTimeSegment\"]"}
RESULT: {}
RESULT: {"using":"xpath","value":"//*[@id=\"application-manageresources-display-component---newResourceUnit--btnAddTimeSegment\"]"}
COMMAND: POST /session/fcfdec3f19b04732468f3b81cff77eec/element/f.4917B356C9E108E3489CB9DCB9E54F9E.d.4ECEFACF45FF01831656026566D9114B.e.5456/click - {}
RESULT: {}
COMMAND: GET /session/fcfdec3f19b04732468f3b81cff77eec/screenshot - {}
RESULT: {}
COMMAND: POST /session/fcfdec3f19b04732468f3b81cff77eec/element - {"using":"xpath","value":"//input[@id=\"application-manageresources-display-component---newResourceUnit--idRuTSAdmin-application-manageresources-display-component---newResourceUnit--RUTimeSegment-0-inner\"]"}
RESULT: {"using":"xpath","value":"//input[@id=\"application-manageresources-display-component---newResourceUnit--idRuTSAdmin-application-manageresources-display-component---newResourceUnit--RUTimeSegment-0-inner\"]"}
COMMAND: POST /session/fcfdec3f19b04732468f3b81cff77eec/element/f.4917B356C9E108E3489CB9DCB9E54F9E.d.4ECEFACF45FF01831656026566D9114B.e.5461/clear - {}
RESULT: {}
COMMAND: POST /session/fcfdec3f19b04732468f3b81cff77eec/element/f.4917B356C9E108E3489CB9DCB9E54F9E.d.4ECEFACF45FF01831656026566D9114B.e.5461/value - {"text":"247"}
COMMAND: GET /session/fcfdec3f19b04732468f3b81cff77eec/screenshot - {}
RESULT: {"text":"247"}
COMMAND: GET /session/fcfdec3f19b04732468f3b81cff77eec/screenshot - {}
RESULT: {}
RESULT: {}
COMMAND: POST /session/fcfdec3f19b04732468f3b81cff77eec/element - {"using":"xpath","value":"//li[.//span[text()='247']]"}
RESULT: {"using":"xpath","value":"//li[.//span[text()='247']]"}
COMMAND: POST /session/fcfdec3f19b04732468f3b81cff77eec/element/f.4917B356C9E108E3489CB9DCB9E54F9E.d.4ECEFACF45FF01831656026566D9114B.e.5469/click - {}
RESULT: {}
COMMAND: GET /session/fcfdec3f19b04732468f3b81cff77eec/screenshot - {}
RESULT: {}
COMMAND: POST /session/fcfdec3f19b04732468f3b81cff77eec/element - {"using":"xpath","value":"(//span[contains(@id, \"-application-manageresources-display-component---newResourceUnit--RUTimeSegment-0-arrow\")])[2]"}
RESULT: {"using":"xpath","value":"(//span[contains(@id, \"-application-manageresources-display-component---newResourceUnit--RUTimeSegment-0-arrow\")])[2]"}
COMMAND: POST /session/fcfdec3f19b04732468f3b81cff77eec/element/f.4917B356C9E108E3489CB9DCB9E54F9E.d.4ECEFACF45FF01831656026566D9114B.e.5470/click - {}
RESULT: {}
COMMAND: POST /session/fcfdec3f19b04732468f3b81cff77eec/element - {"using":"xpath","value":"//span[contains(text(), \"PM Order\")]"}
COMMAND: GET /session/fcfdec3f19b04732468f3b81cff77eec/screenshot - {}
RESULT: {"using":"xpath","value":"//span[contains(text(), \"PM Order\")]"}
COMMAND: POST /session/fcfdec3f19b04732468f3b81cff77eec/element/f.4917B356C9E108E3489CB9DCB9E54F9E.d.4ECEFACF45FF01831656026566D9114B.e.5471/click - {}
RESULT: {}
RESULT: {}
COMMAND: GET /session/fcfdec3f19b04732468f3b81cff77eec/screenshot - {}
RESULT: {}
COMMAND: POST /session/fcfdec3f19b04732468f3b81cff77eec/element - {"using":"xpath","value":"//td/div/div/div/span[contains(@id, \"newResourceUnit--RUTimeSegment-0-vhi\")][1]"}
RESULT: {"using":"xpath","value":"//td/div/div/div/span[contains(@id, \"newResourceUnit--RUTimeSegment-0-vhi\")][1]"}
COMMAND: GET /session/fcfdec3f19b04732468f3b81cff77eec/element/f.4917B356C9E108E3489CB9DCB9E54F9E.d.4ECEFACF45FF01831656026566D9114B.e.5475/rect - {}
RESULT: {}
COMMAND: GET /session/fcfdec3f19b04732468f3b81cff77eec/window/rect - {}
RESULT: {}
COMMAND: POST /session/fcfdec3f19b04732468f3b81cff77eec/execute/sync - {"script":"<script> [92 bytes]","args":[]}
RESULT: {"script":"<script> [92 bytes]","args":[]}
COMMAND: POST /session/fcfdec3f19b04732468f3b81cff77eec/actions - {"actions":[{"id":"action20","type":"wheel","parameters":{},"actions":[{"type":"scroll","x":-1888,"y":-24,"deltaX":0,"deltaY":0,"duration":0,"origin":{"element-6066-11e4-a52e-4f735466cecf":"f.4917B356C9E108E3489CB9DCB9E54F9E.d.4ECEFACF45FF01831656026566D9114B.e.5475"}}]}]}
COMMAND: GET /session/fcfdec3f19b04732468f3b81cff77eec/screenshot - {}
RESULT: {}
COMMAND: POST /session/fcfdec3f19b04732468f3b81cff77eec/execute/sync - {"script":"<script> [79 bytes]","args":[{"element-6066-11e4-a52e-4f735466cecf":"f.4917B356C9E108E3489CB9DCB9E54F9E.d.4ECEFACF45FF01831656026566D9114B.e.5475","ELEMENT":"f.4917B356C9E108E3489CB9DCB9E54F9E.d.4ECEFACF45FF01831656026566D9114B.e.5475"},{"block":"start","inline":"nearest"}]}
RESULT: {"script":"<script> [79 bytes]","args":[{"element-6066-11e4-a52e-4f735466cecf":"f.4917B356C9E108E3489CB9DCB9E54F9E.d.4ECEFACF45FF01831656026566D9114B.e.5475","ELEMENT":"f.4917B356C9E108E3489CB9DCB9E54F9E.d.4ECEFACF45FF01831656026566D9114B.e.5475"},{"block":"start","inline":"nearest"}]}
COMMAND: GET /session/fcfdec3f19b04732468f3b81cff77eec/screenshot - {}
RESULT: {}
COMMAND: POST /session/fcfdec3f19b04732468f3b81cff77eec/element/f.4917B356C9E108E3489CB9DCB9E54F9E.d.4ECEFACF45FF01831656026566D9114B.e.5475/click - {}
RESULT: {}
COMMAND: GET /session/fcfdec3f19b04732468f3b81cff77eec/screenshot - {}
RESULT: {}
COMMAND: POST /session/fcfdec3f19b04732468f3b81cff77eec/execute/async - {"script":"<script> [1562 bytes]","args":[{"selector":{"controlType":"sap.m.SearchField","properties":{"placeholder":"Search"},"searchOpenDialogs":true,"interaction":{"idSuffix":"I"}},"wdio_ui5_key":"sapm.SearchField{\"placeholder\":\"Search\"}"}]}
RESULT: {"script":"<script> [1562 bytes]","args":[{"selector":{"controlType":"sap.m.SearchField","properties":{"placeholder":"Search"},"searchOpenDialogs":true,"interaction":{"idSuffix":"I"}},"wdio_ui5_key":"sapm.SearchField{\"placeholder\":\"Search\"}"}]}
RESULT: undefined
COMMAND: POST /session/fcfdec3f19b04732468f3b81cff77eec/execute/async - {"script":"<script> [776 bytes]","args":[{"enterText":"4000360","selector":{"controlType":"sap.m.SearchField","properties":{"placeholder":"Search"},"searchOpenDialogs":true,"interaction":{"idSuffix":"I"}},"clearTextFirst":true,"interactionType":"ENTER_TEXT"}]}
RESULT: {"script":"<script> [776 bytes]","args":[{"enterText":"4000360","selector":{"controlType":"sap.m.SearchField","properties":{"placeholder":"Search"},"searchOpenDialogs":true,"interaction":{"idSuffix":"I"}},"clearTextFirst":true,"interactionType":"ENTER_TEXT"}]}
COMMAND: POST /session/fcfdec3f19b04732468f3b81cff77eec/actions - {"actions":[{"id":"action21","type":"key","parameters":{},"actions":[{"type":"keyDown","value":""},{"type":"pause","duration":10},{"type":"keyUp","value":""}]}]}
RESULT: {"actions":[{"id":"action21","type":"key","parameters":{},"actions":[{"type":"keyDown","value":""},{"type":"pause","duration":10},{"type":"keyUp","value":""}]}]}
COMMAND: GET /session/fcfdec3f19b04732468f3b81cff77eec/screenshot - {}
RESULT: {}
COMMAND: POST /session/fcfdec3f19b04732468f3b81cff77eec/element - {"using":"xpath","value":"//td/div/span[contains(text(), \"BGL Vehicles\")]"}
RESULT: {"using":"xpath","value":"//td/div/span[contains(text(), \"BGL Vehicles\")]"}
COMMAND: POST /session/fcfdec3f19b04732468f3b81cff77eec/element/f.4917B356C9E108E3489CB9DCB9E54F9E.d.4ECEFACF45FF01831656026566D9114B.e.5497/click - {}
RESULT: {}
COMMAND: GET /session/fcfdec3f19b04732468f3b81cff77eec/screenshot - {}
RESULT: {}
COMMAND: POST /session/fcfdec3f19b04732468f3b81cff77eec/element - {"using":"xpath","value":"//bdi[contains(text(), \"OK\")]"}
RESULT: {"using":"xpath","value":"//bdi[contains(text(), \"OK\")]"}
COMMAND: POST /session/fcfdec3f19b04732468f3b81cff77eec/element/f.4917B356C9E108E3489CB9DCB9E54F9E.d.4ECEFACF45FF01831656026566D9114B.e.5498/click - {}
RESULT: {}
COMMAND: GET /session/fcfdec3f19b04732468f3b81cff77eec/screenshot - {}
RESULT: {}
COMMAND: POST /session/fcfdec3f19b04732468f3b81cff77eec/element - {"using":"xpath","value":"//label[contains(@class, 'sapMLabelRequired') and .//bdi[contains(text(), 'Planned Retirement')]]"}
RESULT: {"using":"xpath","value":"//label[contains(@class, 'sapMLabelRequired') and .//bdi[contains(text(), 'Planned Retirement')]]"}
COMMAND: POST /session/fcfdec3f19b04732468f3b81cff77eec/elements - {"using":"xpath","value":"//label[contains(@class, 'sapMLabelRequired') and .//bdi[contains(text(), 'Planned Retirement')]]"}
RESULT: {"using":"xpath","value":"//label[contains(@class, 'sapMLabelRequired') and .//bdi[contains(text(), 'Planned Retirement')]]"}
COMMAND: POST /session/fcfdec3f19b04732468f3b81cff77eec/element - {"using":"xpath","value":"//button[@data-kt=\"resourceUnitSaveButton\"]"}
RESULT: {"using":"xpath","value":"//button[@data-kt=\"resourceUnitSaveButton\"]"}
COMMAND: POST /session/fcfdec3f19b04732468f3b81cff77eec/element/f.4917B356C9E108E3489CB9DCB9E54F9E.d.4ECEFACF45FF01831656026566D9114B.e.5335/click - {}
RESULT: {}
COMMAND: GET /session/fcfdec3f19b04732468f3b81cff77eec/screenshot - {}
RESULT: {}
COMMAND: POST /session/fcfdec3f19b04732468f3b81cff77eec/element - {"using":"xpath","value":"//bdi[contains(text(), \"Close\")]"}
RESULT: {"using":"xpath","value":"//bdi[contains(text(), \"Close\")]"}
COMMAND: POST /session/fcfdec3f19b04732468f3b81cff77eec/element/f.4917B356C9E108E3489CB9DCB9E54F9E.d.4ECEFACF45FF01831656026566D9114B.e.5505/click - {}
RESULT: {}
COMMAND: GET /session/fcfdec3f19b04732468f3b81cff77eec/screenshot - {}
RESULT: {}
COMMAND: POST /session/fcfdec3f19b04732468f3b81cff77eec/element - {"using":"xpath","value":"//header[contains(@id, 'detailRruPage-headerTitle')]/div[1]/div[2]/div[2]/span[1]"}
RESULT: {"using":"xpath","value":"//header[contains(@id, 'detailRruPage-headerTitle')]/div[1]/div[2]/div[2]/span[1]"}
COMMAND: POST /session/fcfdec3f19b04732468f3b81cff77eec/elements - {"using":"xpath","value":"//header[contains(@id, 'detailRruPage-headerTitle')]/div[1]/div[2]/div[2]/span[1]"}
RESULT: {"using":"xpath","value":"//header[contains(@id, 'detailRruPage-headerTitle')]/div[1]/div[2]/div[2]/span[1]"}
COMMAND: POST /session/fcfdec3f19b04732468f3b81cff77eec/execute/sync - {"script":"<script> [56 bytes]","args":[{"element-6066-11e4-a52e-4f735466cecf":"f.4917B356C9E108E3489CB9DCB9E54F9E.d.4ECEFACF45FF01831656026566D9114B.e.5540","ELEMENT":"f.4917B356C9E108E3489CB9DCB9E54F9E.d.4ECEFACF45FF01831656026566D9114B.e.5540"}]}
RESULT: {"script":"<script> [56 bytes]","args":[{"element-6066-11e4-a52e-4f735466cecf":"f.4917B356C9E108E3489CB9DCB9E54F9E.d.4ECEFACF45FF01831656026566D9114B.e.5540","ELEMENT":"f.4917B356C9E108E3489CB9DCB9E54F9E.d.4ECEFACF45FF01831656026566D9114B.e.5540"}]}
COMMAND: POST /session/fcfdec3f19b04732468f3b81cff77eec/element - {"using":"css selector","value":"#shell-header-logo"}
COMMAND: GET /session/fcfdec3f19b04732468f3b81cff77eec/screenshot - {}
RESULT: {"using":"css selector","value":"#shell-header-logo"}
COMMAND: POST /session/fcfdec3f19b04732468f3b81cff77eec/element/f.4917B356C9E108E3489CB9DCB9E54F9E.d.4ECEFACF45FF01831656026566D9114B.e.4807/click - {}
RESULT: {}
RESULT: {}
COMMAND: GET /session/fcfdec3f19b04732468f3b81cff77eec/screenshot - {}
RESULT: {}
]]></system-out>
    </testcase>
    <testcase classname="chrome.136_0_7103_93.windows.Provide_to_Site_w/_warehouse_management_w/_clarification_US115878" name="Bin Status Report Should Create New Organization yard" time="0.006"/>
    <testcase classname="chrome.136_0_7103_93.windows.Provide_to_Site_w/_warehouse_management_w/_clarification_US115878" name="Bin Status Report Should Create New Organization for Site" time="0.005"/>
  </testsuite>
  <testsuite timestamp="2025-05-24T16:39:52" time="486.141" tests="6" failures="0" errors="0" skipped="0">
    <properties>
      <property name="specId" value="0"/>
      <property name="suiteName" value="Provide to Site w/ warehouse management w clarification"/>
      <property name="capabilities" value="chrome.136_0_7103_93.windows"/>
      <property name="file" value="file:///D:/a/1/s/test/specs/HTR/provide-to-site-w-warehouse-w-clarification.spec.js"/>
    </properties>
    <testcase classname="chrome.136_0_7103_93.windows.Provide_to_Site_w/_warehouse_management_w_clarification" name="Should do a stock increase handover" time="96.604">
      <system-out><![CDATA[
COMMAND: POST /session/fcfdec3f19b04732468f3b81cff77eec/execute/async - {"script":"<script> [1562 bytes]","args":[{"selector":{"controlType":"sap.m.GenericTile","properties":{"header":"Manage Handovers"}},"wdio_ui5_key":"sapm.GenericTile{\"header\":\"Manage Handovers\"}"}]}
RESULT: {"script":"<script> [1562 bytes]","args":[{"selector":{"controlType":"sap.m.GenericTile","properties":{"header":"Manage Handovers"}},"wdio_ui5_key":"sapm.GenericTile{\"header\":\"Manage Handovers\"}"}]}
RESULT: undefined
COMMAND: POST /session/fcfdec3f19b04732468f3b81cff77eec/element - {"using":"xpath","value":"//*[@id=\"__tile132\"]"}
RESULT: {"using":"xpath","value":"//*[@id=\"__tile132\"]"}
COMMAND: POST /session/fcfdec3f19b04732468f3b81cff77eec/element/f.4917B356C9E108E3489CB9DCB9E54F9E.d.4ECEFACF45FF01831656026566D9114B.e.4856/click - {}
RESULT: {}
COMMAND: GET /session/fcfdec3f19b04732468f3b81cff77eec/screenshot - {}
RESULT: {}
COMMAND: POST /session/fcfdec3f19b04732468f3b81cff77eec/elements - {"using":"xpath","value":"//span[text()='Error']"}
RESULT: {"using":"xpath","value":"//span[text()='Error']"}
COMMAND: POST /session/fcfdec3f19b04732468f3b81cff77eec/element - {"using":"xpath","value":"//button[@data-kt=\"masterHOAddButton\"]"}
RESULT: {"using":"xpath","value":"//button[@data-kt=\"masterHOAddButton\"]"}
COMMAND: POST /session/fcfdec3f19b04732468f3b81cff77eec/elements - {"using":"xpath","value":"//button[@data-kt=\"masterHOAddButton\"]"}
RESULT: {"using":"xpath","value":"//button[@data-kt=\"masterHOAddButton\"]"}
COMMAND: POST /session/fcfdec3f19b04732468f3b81cff77eec/execute/sync - {"script":"<script> [8489 bytes]","args":[{"element-6066-11e4-a52e-4f735466cecf":"f.4917B356C9E108E3489CB9DCB9E54F9E.d.4ECEFACF45FF01831656026566D9114B.e.5572","ELEMENT":"f.4917B356C9E108E3489CB9DCB9E54F9E.d.4ECEFACF45FF01831656026566D9114B.e.5572"}]}
RESULT: {"script":"<script> [8489 bytes]","args":[{"element-6066-11e4-a52e-4f735466cecf":"f.4917B356C9E108E3489CB9DCB9E54F9E.d.4ECEFACF45FF01831656026566D9114B.e.5572","ELEMENT":"f.4917B356C9E108E3489CB9DCB9E54F9E.d.4ECEFACF45FF01831656026566D9114B.e.5572"}]}
COMMAND: GET /session/fcfdec3f19b04732468f3b81cff77eec/element/f.4917B356C9E108E3489CB9DCB9E54F9E.d.4ECEFACF45FF01831656026566D9114B.e.5572/enabled - {}
COMMAND: GET /session/fcfdec3f19b04732468f3b81cff77eec/screenshot - {}
RESULT: {}
COMMAND: POST /session/fcfdec3f19b04732468f3b81cff77eec/execute/sync - {"script":"<script> [8489 bytes]","args":[{"element-6066-11e4-a52e-4f735466cecf":"f.4917B356C9E108E3489CB9DCB9E54F9E.d.4ECEFACF45FF01831656026566D9114B.e.5572","ELEMENT":"f.4917B356C9E108E3489CB9DCB9E54F9E.d.4ECEFACF45FF01831656026566D9114B.e.5572"}]}
COMMAND: GET /session/fcfdec3f19b04732468f3b81cff77eec/screenshot - {}
RESULT: {}
RESULT: {"script":"<script> [8489 bytes]","args":[{"element-6066-11e4-a52e-4f735466cecf":"f.4917B356C9E108E3489CB9DCB9E54F9E.d.4ECEFACF45FF01831656026566D9114B.e.5572","ELEMENT":"f.4917B356C9E108E3489CB9DCB9E54F9E.d.4ECEFACF45FF01831656026566D9114B.e.5572"}]}
COMMAND: POST /session/fcfdec3f19b04732468f3b81cff77eec/execute/sync - {"script":"<script> [5351 bytes]","args":[{"element-6066-11e4-a52e-4f735466cecf":"f.4917B356C9E108E3489CB9DCB9E54F9E.d.4ECEFACF45FF01831656026566D9114B.e.5572","ELEMENT":"f.4917B356C9E108E3489CB9DCB9E54F9E.d.4ECEFACF45FF01831656026566D9114B.e.5572"}]}
COMMAND: GET /session/fcfdec3f19b04732468f3b81cff77eec/screenshot - {}
RESULT: {}
RESULT: {"script":"<script> [5351 bytes]","args":[{"element-6066-11e4-a52e-4f735466cecf":"f.4917B356C9E108E3489CB9DCB9E54F9E.d.4ECEFACF45FF01831656026566D9114B.e.5572","ELEMENT":"f.4917B356C9E108E3489CB9DCB9E54F9E.d.4ECEFACF45FF01831656026566D9114B.e.5572"}]}
COMMAND: POST /session/fcfdec3f19b04732468f3b81cff77eec/element/f.4917B356C9E108E3489CB9DCB9E54F9E.d.4ECEFACF45FF01831656026566D9114B.e.5572/click - {}
COMMAND: GET /session/fcfdec3f19b04732468f3b81cff77eec/screenshot - {}
RESULT: {}
RESULT: {}
RESULT: {}
COMMAND: GET /session/fcfdec3f19b04732468f3b81cff77eec/screenshot - {}
COMMAND: POST /session/fcfdec3f19b04732468f3b81cff77eec/element - {"using":"xpath","value":"//span[contains(@id ,\"AddNewHO--typeSelect-arrow\")]"}
RESULT: {}
RESULT: {"using":"xpath","value":"//span[contains(@id ,\"AddNewHO--typeSelect-arrow\")]"}
COMMAND: POST /session/fcfdec3f19b04732468f3b81cff77eec/element/f.4917B356C9E108E3489CB9DCB9E54F9E.d.4ECEFACF45FF01831656026566D9114B.e.5920/click - {}
RESULT: {}
COMMAND: GET /session/fcfdec3f19b04732468f3b81cff77eec/screenshot - {}
RESULT: {}
COMMAND: POST /session/fcfdec3f19b04732468f3b81cff77eec/element - {"using":"xpath","value":"(//li[contains(text(), \"stock increase yard\")])[1]"}
RESULT: {"using":"xpath","value":"(//li[contains(text(), \"stock increase yard\")])[1]"}
COMMAND: POST /session/fcfdec3f19b04732468f3b81cff77eec/element/f.4917B356C9E108E3489CB9DCB9E54F9E.d.4ECEFACF45FF01831656026566D9114B.e.5921/click - {}
RESULT: {}
COMMAND: GET /session/fcfdec3f19b04732468f3b81cff77eec/screenshot - {}
RESULT: {}
COMMAND: POST /session/fcfdec3f19b04732468f3b81cff77eec/execute/async - {"script":"<script> [1562 bytes]","args":[{"selector":{"id":"application-managehandovers-display-component---AddNewHO--dueDate","interaction":{"idSuffix":"inner"}},"wdio_ui5_key":"applicationmanagehandovers-display-component---AddNewHO--dueDate"}]}
RESULT: {"script":"<script> [1562 bytes]","args":[{"selector":{"id":"application-managehandovers-display-component---AddNewHO--dueDate","interaction":{"idSuffix":"inner"}},"wdio_ui5_key":"applicationmanagehandovers-display-component---AddNewHO--dueDate"}]}
RESULT: undefined
COMMAND: POST /session/fcfdec3f19b04732468f3b81cff77eec/execute/async - {"script":"<script> [6424 bytes]","args":[{"element-6066-11e4-a52e-4f735466cecf":"f.4917B356C9E108E3489CB9DCB9E54F9E.d.4ECEFACF45FF01831656026566D9114B.e.5923"},"setValue",["5/24/25"]]}
RESULT: {"script":"<script> [6424 bytes]","args":[{"element-6066-11e4-a52e-4f735466cecf":"f.4917B356C9E108E3489CB9DCB9E54F9E.d.4ECEFACF45FF01831656026566D9114B.e.5923"},"setValue",["5/24/25"]]}
COMMAND: POST /session/fcfdec3f19b04732468f3b81cff77eec/element - {"using":"xpath","value":"//input[@id=\"generalSectionFrg--receiveYard-inner\"]"}
RESULT: {"using":"xpath","value":"//input[@id=\"generalSectionFrg--receiveYard-inner\"]"}
COMMAND: POST /session/fcfdec3f19b04732468f3b81cff77eec/element/f.4917B356C9E108E3489CB9DCB9E54F9E.d.4ECEFACF45FF01831656026566D9114B.e.5929/clear - {}
RESULT: {}
COMMAND: POST /session/fcfdec3f19b04732468f3b81cff77eec/element/f.4917B356C9E108E3489CB9DCB9E54F9E.d.4ECEFACF45FF01831656026566D9114B.e.5929/value - {"text":"247"}
COMMAND: GET /session/fcfdec3f19b04732468f3b81cff77eec/screenshot - {}
RESULT: {"text":"247"}
COMMAND: GET /session/fcfdec3f19b04732468f3b81cff77eec/screenshot - {}
RESULT: {}
RESULT: {}
COMMAND: POST /session/fcfdec3f19b04732468f3b81cff77eec/element - {"using":"xpath","value":"//li[.//span[text()='247']]"}
RESULT: {"using":"xpath","value":"//li[.//span[text()='247']]"}
COMMAND: POST /session/fcfdec3f19b04732468f3b81cff77eec/element/f.4917B356C9E108E3489CB9DCB9E54F9E.d.4ECEFACF45FF01831656026566D9114B.e.5947/click - {}
RESULT: {}
COMMAND: GET /session/fcfdec3f19b04732468f3b81cff77eec/screenshot - {}
RESULT: {}
COMMAND: POST /session/fcfdec3f19b04732468f3b81cff77eec/execute/async - {"script":"<script> [1562 bytes]","args":[{"selector":{"id":"application-managehandovers-display-component---AddNewHO--ObjectPageLayout-anchBar-application-managehandovers-display-component---AddNewHO--section4-anchor","interaction":{"idSuffix":"BDI-content"}},"wdio_ui5_key":"applicationmanagehandovers-display-component---AddNewHO--ObjectPageLayout-anchBar-application-managehandovers-display-component---AddNewHO--section4-anchor"}]}
RESULT: {"script":"<script> [1562 bytes]","args":[{"selector":{"id":"application-managehandovers-display-component---AddNewHO--ObjectPageLayout-anchBar-application-managehandovers-display-component---AddNewHO--section4-anchor","interaction":{"idSuffix":"BDI-content"}},"wdio_ui5_key":"applicationmanagehandovers-display-component---AddNewHO--ObjectPageLayout-anchBar-application-managehandovers-display-component---AddNewHO--section4-anchor"}]}
RESULT: undefined
COMMAND: POST /session/fcfdec3f19b04732468f3b81cff77eec/element - {"using":"xpath","value":"//*[@id=\"application-managehandovers-display-component---AddNewHO--ObjectPageLayout-anchBar-application-managehandovers-display-component---AddNewHO--section4-anchor\"]"}
RESULT: {"using":"xpath","value":"//*[@id=\"application-managehandovers-display-component---AddNewHO--ObjectPageLayout-anchBar-application-managehandovers-display-component---AddNewHO--section4-anchor\"]"}
COMMAND: POST /session/fcfdec3f19b04732468f3b81cff77eec/element/f.4917B356C9E108E3489CB9DCB9E54F9E.d.4ECEFACF45FF01831656026566D9114B.e.5949/click - {}
RESULT: {}
COMMAND: POST /session/fcfdec3f19b04732468f3b81cff77eec/element - {"using":"xpath","value":"//button[@aria-label=\"Add\"]"}
COMMAND: GET /session/fcfdec3f19b04732468f3b81cff77eec/screenshot - {}
RESULT: {}
RESULT: {"using":"xpath","value":"//button[@aria-label=\"Add\"]"}
COMMAND: POST /session/fcfdec3f19b04732468f3b81cff77eec/element/f.4917B356C9E108E3489CB9DCB9E54F9E.d.4ECEFACF45FF01831656026566D9114B.e.5953/click - {}
RESULT: {}
COMMAND: GET /session/fcfdec3f19b04732468f3b81cff77eec/screenshot - {}
RESULT: {}
COMMAND: POST /session/fcfdec3f19b04732468f3b81cff77eec/execute/async - {"script":"<script> [1562 bytes]","args":[{"selector":{"id":"application-managehandovers-display-component---AddNewHO--smartFilterBar-btnBasicSearch","searchOpenDialogs":true,"interaction":{"idSuffix":"I"}},"wdio_ui5_key":"applicationmanagehandovers-display-component---AddNewHO--smartFilterBar-btnBasicSearch"}]}
RESULT: {"script":"<script> [1562 bytes]","args":[{"selector":{"id":"application-managehandovers-display-component---AddNewHO--smartFilterBar-btnBasicSearch","searchOpenDialogs":true,"interaction":{"idSuffix":"I"}},"wdio_ui5_key":"applicationmanagehandovers-display-component---AddNewHO--smartFilterBar-btnBasicSearch"}]}
RESULT: undefined
COMMAND: POST /session/fcfdec3f19b04732468f3b81cff77eec/execute/async - {"script":"<script> [776 bytes]","args":[{"enterText":"200107","selector":{"id":"application-managehandovers-display-component---AddNewHO--smartFilterBar-btnBasicSearch","searchOpenDialogs":true,"interaction":{"idSuffix":"I"}},"clearTextFirst":true,"interactionType":"ENTER_TEXT"}]}
RESULT: {"script":"<script> [776 bytes]","args":[{"enterText":"200107","selector":{"id":"application-managehandovers-display-component---AddNewHO--smartFilterBar-btnBasicSearch","searchOpenDialogs":true,"interaction":{"idSuffix":"I"}},"clearTextFirst":true,"interactionType":"ENTER_TEXT"}]}
COMMAND: POST /session/fcfdec3f19b04732468f3b81cff77eec/actions - {"actions":[{"id":"action22","type":"key","parameters":{},"actions":[{"type":"keyDown","value":""},{"type":"pause","duration":10},{"type":"keyUp","value":""}]}]}
RESULT: {"actions":[{"id":"action22","type":"key","parameters":{},"actions":[{"type":"keyDown","value":""},{"type":"pause","duration":10},{"type":"keyUp","value":""}]}]}
COMMAND: GET /session/fcfdec3f19b04732468f3b81cff77eec/screenshot - {}
RESULT: {}
COMMAND: POST /session/fcfdec3f19b04732468f3b81cff77eec/execute/async - {"script":"<script> [1562 bytes]","args":[{"selector":{"id":"application-managehandovers-display-component---AddNewHO--popup-sa","searchOpenDialogs":true,"interaction":{"idSuffix":"CbBg"}},"wdio_ui5_key":"applicationmanagehandovers-display-component---AddNewHO--popup-sa"}]}
RESULT: {"script":"<script> [1562 bytes]","args":[{"selector":{"id":"application-managehandovers-display-component---AddNewHO--popup-sa","searchOpenDialogs":true,"interaction":{"idSuffix":"CbBg"}},"wdio_ui5_key":"applicationmanagehandovers-display-component---AddNewHO--popup-sa"}]}
RESULT: undefined
COMMAND: POST /session/fcfdec3f19b04732468f3b81cff77eec/element - {"using":"xpath","value":"//*[@id=\"application-managehandovers-display-component---AddNewHO--popup-sa\"]"}
RESULT: {"using":"xpath","value":"//*[@id=\"application-managehandovers-display-component---AddNewHO--popup-sa\"]"}
COMMAND: POST /session/fcfdec3f19b04732468f3b81cff77eec/element/f.4917B356C9E108E3489CB9DCB9E54F9E.d.4ECEFACF45FF01831656026566D9114B.e.6107/click - {}
RESULT: {}
COMMAND: GET /session/fcfdec3f19b04732468f3b81cff77eec/screenshot - {}
RESULT: {}
COMMAND: POST /session/fcfdec3f19b04732468f3b81cff77eec/element - {"using":"xpath","value":"//bdi[contains(text(), \"Select\")]"}
RESULT: {"using":"xpath","value":"//bdi[contains(text(), \"Select\")]"}
COMMAND: POST /session/fcfdec3f19b04732468f3b81cff77eec/element/f.4917B356C9E108E3489CB9DCB9E54F9E.d.4ECEFACF45FF01831656026566D9114B.e.6108/click - {}
RESULT: {}
COMMAND: GET /session/fcfdec3f19b04732468f3b81cff77eec/screenshot - {}
RESULT: {}
COMMAND: POST /session/fcfdec3f19b04732468f3b81cff77eec/element - {"using":"xpath","value":"//button[@data-kt=\"AddNewHOSaveButton\"]"}
RESULT: {"using":"xpath","value":"//button[@data-kt=\"AddNewHOSaveButton\"]"}
COMMAND: POST /session/fcfdec3f19b04732468f3b81cff77eec/element/f.4917B356C9E108E3489CB9DCB9E54F9E.d.4ECEFACF45FF01831656026566D9114B.e.6112/click - {}
RESULT: {}
COMMAND: GET /session/fcfdec3f19b04732468f3b81cff77eec/screenshot - {}
COMMAND: POST /session/fcfdec3f19b04732468f3b81cff77eec/execute/async - {"script":"<script> [1562 bytes]","args":[{"selector":{"id":"receiptDatePicker","viewName":"etm.portal.ui.managehandovers.view.DetailExecuteHO","interaction":{"idSuffix":"inner"}},"wdio_ui5_key":"receiptDatePickeretmportal.ui.managehandovers.view.DetailExecuteHO"}]}
RESULT: {}
RESULT: {"script":"<script> [1562 bytes]","args":[{"selector":{"id":"receiptDatePicker","viewName":"etm.portal.ui.managehandovers.view.DetailExecuteHO","interaction":{"idSuffix":"inner"}},"wdio_ui5_key":"receiptDatePickeretmportal.ui.managehandovers.view.DetailExecuteHO"}]}
RESULT: undefined
COMMAND: POST /session/fcfdec3f19b04732468f3b81cff77eec/execute/async - {"script":"<script> [6424 bytes]","args":[{"element-6066-11e4-a52e-4f735466cecf":"f.4917B356C9E108E3489CB9DCB9E54F9E.d.4ECEFACF45FF01831656026566D9114B.e.6140"},"setValue",["5/24/25"]]}
RESULT: {"script":"<script> [6424 bytes]","args":[{"element-6066-11e4-a52e-4f735466cecf":"f.4917B356C9E108E3489CB9DCB9E54F9E.d.4ECEFACF45FF01831656026566D9114B.e.6140"},"setValue",["5/24/25"]]}
COMMAND: POST /session/fcfdec3f19b04732468f3b81cff77eec/element - {"using":"xpath","value":"//button[@data-kt=\"ReceivingTableConfirmAllButton\"]"}
RESULT: {"using":"xpath","value":"//button[@data-kt=\"ReceivingTableConfirmAllButton\"]"}
COMMAND: POST /session/fcfdec3f19b04732468f3b81cff77eec/element/f.4917B356C9E108E3489CB9DCB9E54F9E.d.4ECEFACF45FF01831656026566D9114B.e.6158/click - {}
RESULT: {}
COMMAND: GET /session/fcfdec3f19b04732468f3b81cff77eec/screenshot - {}
RESULT: {}
COMMAND: POST /session/fcfdec3f19b04732468f3b81cff77eec/element - {"using":"xpath","value":"//bdi[contains(text(), \"OK\")]"}
RESULT: {"using":"xpath","value":"//bdi[contains(text(), \"OK\")]"}
COMMAND: POST /session/fcfdec3f19b04732468f3b81cff77eec/element/f.4917B356C9E108E3489CB9DCB9E54F9E.d.4ECEFACF45FF01831656026566D9114B.e.6160/click - {}
RESULT: {}
COMMAND: GET /session/fcfdec3f19b04732468f3b81cff77eec/screenshot - {}
RESULT: {}
COMMAND: POST /session/fcfdec3f19b04732468f3b81cff77eec/element - {"using":"xpath","value":"(//bdi[contains(text(), \"Receive\")])[2]"}
RESULT: {"using":"xpath","value":"(//bdi[contains(text(), \"Receive\")])[2]"}
COMMAND: POST /session/fcfdec3f19b04732468f3b81cff77eec/element/f.4917B356C9E108E3489CB9DCB9E54F9E.d.4ECEFACF45FF01831656026566D9114B.e.6162/click - {}
RESULT: {}
COMMAND: GET /session/fcfdec3f19b04732468f3b81cff77eec/screenshot - {}
RESULT: {}
COMMAND: POST /session/fcfdec3f19b04732468f3b81cff77eec/element - {"using":"css selector","value":"#shell-header-logo"}
RESULT: {"using":"css selector","value":"#shell-header-logo"}
COMMAND: POST /session/fcfdec3f19b04732468f3b81cff77eec/element/f.4917B356C9E108E3489CB9DCB9E54F9E.d.4ECEFACF45FF01831656026566D9114B.e.5543/click - {}
RESULT: {}
COMMAND: GET /session/fcfdec3f19b04732468f3b81cff77eec/screenshot - {}
RESULT: {}
]]></system-out>
    </testcase>
    <testcase classname="chrome.136_0_7103_93.windows.Provide_to_Site_w/_warehouse_management_w_clarification" name="Should create a new contract" time="64.747">
      <system-out><![CDATA[
COMMAND: POST /session/fcfdec3f19b04732468f3b81cff77eec/execute/async - {"script":"<script> [1562 bytes]","args":[{"selector":{"controlType":"sap.m.GenericTile","properties":{"header":"Manage Contracts"}},"wdio_ui5_key":"sapm.GenericTile{\"header\":\"Manage Contracts\"}"}]}
RESULT: {"script":"<script> [1562 bytes]","args":[{"selector":{"controlType":"sap.m.GenericTile","properties":{"header":"Manage Contracts"}},"wdio_ui5_key":"sapm.GenericTile{\"header\":\"Manage Contracts\"}"}]}
RESULT: undefined
COMMAND: POST /session/fcfdec3f19b04732468f3b81cff77eec/element - {"using":"xpath","value":"//*[@id=\"__tile130\"]"}
RESULT: {"using":"xpath","value":"//*[@id=\"__tile130\"]"}
COMMAND: POST /session/fcfdec3f19b04732468f3b81cff77eec/element/f.4917B356C9E108E3489CB9DCB9E54F9E.d.4ECEFACF45FF01831656026566D9114B.e.4845/click - {}
RESULT: {}
COMMAND: GET /session/fcfdec3f19b04732468f3b81cff77eec/screenshot - {}
RESULT: {}
COMMAND: POST /session/fcfdec3f19b04732468f3b81cff77eec/elements - {"using":"xpath","value":"//span[text()='Error']"}
RESULT: {"using":"xpath","value":"//span[text()='Error']"}
COMMAND: POST /session/fcfdec3f19b04732468f3b81cff77eec/element - {"using":"xpath","value":"//button[@data-kt=\"addButton\"]"}
RESULT: {"using":"xpath","value":"//button[@data-kt=\"addButton\"]"}
COMMAND: POST /session/fcfdec3f19b04732468f3b81cff77eec/elements - {"using":"xpath","value":"//button[@data-kt=\"addButton\"]"}
RESULT: {"using":"xpath","value":"//button[@data-kt=\"addButton\"]"}
COMMAND: POST /session/fcfdec3f19b04732468f3b81cff77eec/execute/sync - {"script":"<script> [8489 bytes]","args":[{"element-6066-11e4-a52e-4f735466cecf":"f.4917B356C9E108E3489CB9DCB9E54F9E.d.4ECEFACF45FF01831656026566D9114B.e.6493","ELEMENT":"f.4917B356C9E108E3489CB9DCB9E54F9E.d.4ECEFACF45FF01831656026566D9114B.e.6493"}]}
RESULT: {"script":"<script> [8489 bytes]","args":[{"element-6066-11e4-a52e-4f735466cecf":"f.4917B356C9E108E3489CB9DCB9E54F9E.d.4ECEFACF45FF01831656026566D9114B.e.6493","ELEMENT":"f.4917B356C9E108E3489CB9DCB9E54F9E.d.4ECEFACF45FF01831656026566D9114B.e.6493"}]}
COMMAND: GET /session/fcfdec3f19b04732468f3b81cff77eec/element/f.4917B356C9E108E3489CB9DCB9E54F9E.d.4ECEFACF45FF01831656026566D9114B.e.6493/enabled - {}
COMMAND: GET /session/fcfdec3f19b04732468f3b81cff77eec/screenshot - {}
RESULT: {}
COMMAND: POST /session/fcfdec3f19b04732468f3b81cff77eec/execute/sync - {"script":"<script> [8489 bytes]","args":[{"element-6066-11e4-a52e-4f735466cecf":"f.4917B356C9E108E3489CB9DCB9E54F9E.d.4ECEFACF45FF01831656026566D9114B.e.6493","ELEMENT":"f.4917B356C9E108E3489CB9DCB9E54F9E.d.4ECEFACF45FF01831656026566D9114B.e.6493"}]}
COMMAND: GET /session/fcfdec3f19b04732468f3b81cff77eec/screenshot - {}
RESULT: {}
RESULT: {"script":"<script> [8489 bytes]","args":[{"element-6066-11e4-a52e-4f735466cecf":"f.4917B356C9E108E3489CB9DCB9E54F9E.d.4ECEFACF45FF01831656026566D9114B.e.6493","ELEMENT":"f.4917B356C9E108E3489CB9DCB9E54F9E.d.4ECEFACF45FF01831656026566D9114B.e.6493"}]}
COMMAND: POST /session/fcfdec3f19b04732468f3b81cff77eec/execute/sync - {"script":"<script> [5351 bytes]","args":[{"element-6066-11e4-a52e-4f735466cecf":"f.4917B356C9E108E3489CB9DCB9E54F9E.d.4ECEFACF45FF01831656026566D9114B.e.6493","ELEMENT":"f.4917B356C9E108E3489CB9DCB9E54F9E.d.4ECEFACF45FF01831656026566D9114B.e.6493"}]}
COMMAND: GET /session/fcfdec3f19b04732468f3b81cff77eec/screenshot - {}
RESULT: {}
RESULT: {"script":"<script> [5351 bytes]","args":[{"element-6066-11e4-a52e-4f735466cecf":"f.4917B356C9E108E3489CB9DCB9E54F9E.d.4ECEFACF45FF01831656026566D9114B.e.6493","ELEMENT":"f.4917B356C9E108E3489CB9DCB9E54F9E.d.4ECEFACF45FF01831656026566D9114B.e.6493"}]}
COMMAND: GET /session/fcfdec3f19b04732468f3b81cff77eec/screenshot - {}
RESULT: {}
RESULT: {}
COMMAND: POST /session/fcfdec3f19b04732468f3b81cff77eec/element/f.4917B356C9E108E3489CB9DCB9E54F9E.d.4ECEFACF45FF01831656026566D9114B.e.6493/click - {}
RESULT: {}
COMMAND: GET /session/fcfdec3f19b04732468f3b81cff77eec/screenshot - {}
COMMAND: POST /session/fcfdec3f19b04732468f3b81cff77eec/execute/async - {"script":"<script> [1562 bytes]","args":[{"selector":{"id":"application-managecontracts-display-component---AddNewContract--projectDescription","interaction":{"idSuffix":"inner"}},"wdio_ui5_key":"applicationmanagecontracts-display-component---AddNewContract--projectDescription"}]}
RESULT: {}
RESULT: {"script":"<script> [1562 bytes]","args":[{"selector":{"id":"application-managecontracts-display-component---AddNewContract--projectDescription","interaction":{"idSuffix":"inner"}},"wdio_ui5_key":"applicationmanagecontracts-display-component---AddNewContract--projectDescription"}]}
RESULT: undefined
COMMAND: POST /session/fcfdec3f19b04732468f3b81cff77eec/execute/async - {"script":"<script> [776 bytes]","args":[{"enterText":"Contract WDIO","selector":{"id":"application-managecontracts-display-component---AddNewContract--projectDescription","interaction":{"idSuffix":"inner"}},"clearTextFirst":true,"interactionType":"ENTER_TEXT"}]}
RESULT: {"script":"<script> [776 bytes]","args":[{"enterText":"Contract WDIO","selector":{"id":"application-managecontracts-display-component---AddNewContract--projectDescription","interaction":{"idSuffix":"inner"}},"clearTextFirst":true,"interactionType":"ENTER_TEXT"}]}
COMMAND: POST /session/fcfdec3f19b04732468f3b81cff77eec/element - {"using":"xpath","value":"//input[@id=\"application-managecontracts-display-component---AddNewContract--site-inner\"]"}
RESULT: {"using":"xpath","value":"//input[@id=\"application-managecontracts-display-component---AddNewContract--site-inner\"]"}
COMMAND: POST /session/fcfdec3f19b04732468f3b81cff77eec/element/f.4917B356C9E108E3489CB9DCB9E54F9E.d.4ECEFACF45FF01831656026566D9114B.e.6812/clear - {}
RESULT: {}
COMMAND: POST /session/fcfdec3f19b04732468f3b81cff77eec/element/f.4917B356C9E108E3489CB9DCB9E54F9E.d.4ECEFACF45FF01831656026566D9114B.e.6812/value - {"text":"2094"}
COMMAND: GET /session/fcfdec3f19b04732468f3b81cff77eec/screenshot - {}
RESULT: {"text":"2094"}
COMMAND: GET /session/fcfdec3f19b04732468f3b81cff77eec/screenshot - {}
RESULT: {}
RESULT: {}
COMMAND: POST /session/fcfdec3f19b04732468f3b81cff77eec/element - {"using":"xpath","value":"//li[.//span[text()='2094']]"}
RESULT: {"using":"xpath","value":"//li[.//span[text()='2094']]"}
COMMAND: POST /session/fcfdec3f19b04732468f3b81cff77eec/element/f.4917B356C9E108E3489CB9DCB9E54F9E.d.4ECEFACF45FF01831656026566D9114B.e.6894/click - {}
RESULT: {}
COMMAND: GET /session/fcfdec3f19b04732468f3b81cff77eec/screenshot - {}
RESULT: {}
COMMAND: POST /session/fcfdec3f19b04732468f3b81cff77eec/element - {"using":"xpath","value":"//input[@id=\"application-managecontracts-display-component---AddNewContract--yardId-inner\"]"}
RESULT: {"using":"xpath","value":"//input[@id=\"application-managecontracts-display-component---AddNewContract--yardId-inner\"]"}
COMMAND: GET /session/fcfdec3f19b04732468f3b81cff77eec/element/f.4917B356C9E108E3489CB9DCB9E54F9E.d.4ECEFACF45FF01831656026566D9114B.e.6813/property/value - {}
RESULT: {}
COMMAND: POST /session/fcfdec3f19b04732468f3b81cff77eec/element - {"using":"xpath","value":"//input[@id=\"application-managecontracts-display-component---AddNewContract--customerSelect-inner\"]"}
COMMAND: GET /session/fcfdec3f19b04732468f3b81cff77eec/screenshot - {}
RESULT: {"using":"xpath","value":"//input[@id=\"application-managecontracts-display-component---AddNewContract--customerSelect-inner\"]"}
COMMAND: POST /session/fcfdec3f19b04732468f3b81cff77eec/element/f.4917B356C9E108E3489CB9DCB9E54F9E.d.4ECEFACF45FF01831656026566D9114B.e.6811/clear - {}
RESULT: {}
RESULT: {}
COMMAND: POST /session/fcfdec3f19b04732468f3b81cff77eec/element/f.4917B356C9E108E3489CB9DCB9E54F9E.d.4ECEFACF45FF01831656026566D9114B.e.6811/value - {"text":"1097"}
COMMAND: GET /session/fcfdec3f19b04732468f3b81cff77eec/screenshot - {}
RESULT: {"text":"1097"}
COMMAND: GET /session/fcfdec3f19b04732468f3b81cff77eec/screenshot - {}
RESULT: {}
RESULT: {}
COMMAND: POST /session/fcfdec3f19b04732468f3b81cff77eec/element - {"using":"xpath","value":"//li[.//span[text()='1097']]"}
RESULT: {"using":"xpath","value":"//li[.//span[text()='1097']]"}
COMMAND: POST /session/fcfdec3f19b04732468f3b81cff77eec/element/f.4917B356C9E108E3489CB9DCB9E54F9E.d.4ECEFACF45FF01831656026566D9114B.e.6897/click - {}
RESULT: {}
COMMAND: GET /session/fcfdec3f19b04732468f3b81cff77eec/screenshot - {}
RESULT: {}
COMMAND: POST /session/fcfdec3f19b04732468f3b81cff77eec/element - {"using":"xpath","value":"//button[@data-kt=\"saveButton\"]"}
RESULT: {"using":"xpath","value":"//button[@data-kt=\"saveButton\"]"}
COMMAND: POST /session/fcfdec3f19b04732468f3b81cff77eec/element/f.4917B356C9E108E3489CB9DCB9E54F9E.d.4ECEFACF45FF01831656026566D9114B.e.6885/click - {}
RESULT: {}
COMMAND: GET /session/fcfdec3f19b04732468f3b81cff77eec/screenshot - {}
RESULT: {}
COMMAND: POST /session/fcfdec3f19b04732468f3b81cff77eec/element - {"using":"xpath","value":"//span[contains(@id ,\"contractDetailTitleNoExpanded\")]"}
RESULT: {"using":"xpath","value":"//span[contains(@id ,\"contractDetailTitleNoExpanded\")]"}
COMMAND: POST /session/fcfdec3f19b04732468f3b81cff77eec/elements - {"using":"xpath","value":"//span[contains(@id ,\"contractDetailTitleNoExpanded\")]"}
RESULT: {"using":"xpath","value":"//span[contains(@id ,\"contractDetailTitleNoExpanded\")]"}
COMMAND: POST /session/fcfdec3f19b04732468f3b81cff77eec/execute/sync - {"script":"<script> [56 bytes]","args":[{"element-6066-11e4-a52e-4f735466cecf":"f.4917B356C9E108E3489CB9DCB9E54F9E.d.4ECEFACF45FF01831656026566D9114B.e.6969","ELEMENT":"f.4917B356C9E108E3489CB9DCB9E54F9E.d.4ECEFACF45FF01831656026566D9114B.e.6969"}]}
RESULT: {"script":"<script> [56 bytes]","args":[{"element-6066-11e4-a52e-4f735466cecf":"f.4917B356C9E108E3489CB9DCB9E54F9E.d.4ECEFACF45FF01831656026566D9114B.e.6969","ELEMENT":"f.4917B356C9E108E3489CB9DCB9E54F9E.d.4ECEFACF45FF01831656026566D9114B.e.6969"}]}
COMMAND: GET /session/fcfdec3f19b04732468f3b81cff77eec/screenshot - {}
RESULT: {}
]]></system-out>
    </testcase>
    <testcase classname="chrome.136_0_7103_93.windows.Provide_to_Site_w/_warehouse_management_w_clarification" name="Should add equipment to the contract" time="62.085">
      <system-out><![CDATA[
COMMAND: POST /session/fcfdec3f19b04732468f3b81cff77eec/element - {"using":"xpath","value":"//button[@data-kt=\"contractDetailEditBtnButton\"]"}
RESULT: {"using":"xpath","value":"//button[@data-kt=\"contractDetailEditBtnButton\"]"}
COMMAND: POST /session/fcfdec3f19b04732468f3b81cff77eec/element/f.4917B356C9E108E3489CB9DCB9E54F9E.d.4ECEFACF45FF01831656026566D9114B.e.6971/click - {}
RESULT: {}
COMMAND: GET /session/fcfdec3f19b04732468f3b81cff77eec/screenshot - {}
RESULT: {}
COMMAND: POST /session/fcfdec3f19b04732468f3b81cff77eec/element - {"using":"xpath","value":"(//span[contains(text(), \"Additional Addresses\")])[2]"}
RESULT: {"using":"xpath","value":"(//span[contains(text(), \"Additional Addresses\")])[2]"}
COMMAND: POST /session/fcfdec3f19b04732468f3b81cff77eec/element/f.4917B356C9E108E3489CB9DCB9E54F9E.d.4ECEFACF45FF01831656026566D9114B.e.7028/click - {}
RESULT: {}
COMMAND: GET /session/fcfdec3f19b04732468f3b81cff77eec/screenshot - {}
RESULT: {}
COMMAND: POST /session/fcfdec3f19b04732468f3b81cff77eec/element - {"using":"xpath","value":"//button[@data-kt=\"btnAddTableRowOverflowToolbarButton\"]"}
RESULT: {"using":"xpath","value":"//button[@data-kt=\"btnAddTableRowOverflowToolbarButton\"]"}
COMMAND: POST /session/fcfdec3f19b04732468f3b81cff77eec/element/f.4917B356C9E108E3489CB9DCB9E54F9E.d.4ECEFACF45FF01831656026566D9114B.e.7031/click - {}
RESULT: {}
COMMAND: GET /session/fcfdec3f19b04732468f3b81cff77eec/screenshot - {}
RESULT: {}
COMMAND: POST /session/fcfdec3f19b04732468f3b81cff77eec/element - {"using":"xpath","value":"//div[(text() = 'Standard Entry' or . = 'Standard Entry')]"}
RESULT: {"using":"xpath","value":"//div[(text() = 'Standard Entry' or . = 'Standard Entry')]"}
COMMAND: POST /session/fcfdec3f19b04732468f3b81cff77eec/element/f.4917B356C9E108E3489CB9DCB9E54F9E.d.4ECEFACF45FF01831656026566D9114B.e.7033/click - {}
RESULT: {}
COMMAND: GET /session/fcfdec3f19b04732468f3b81cff77eec/screenshot - {}
RESULT: {}
COMMAND: POST /session/fcfdec3f19b04732468f3b81cff77eec/element - {"using":"xpath","value":"//td[6]/div/div/div/span"}
RESULT: {"using":"xpath","value":"//td[6]/div/div/div/span"}
COMMAND: POST /session/fcfdec3f19b04732468f3b81cff77eec/element/f.4917B356C9E108E3489CB9DCB9E54F9E.d.4ECEFACF45FF01831656026566D9114B.e.7045/click - {}
RESULT: {}
COMMAND: GET /session/fcfdec3f19b04732468f3b81cff77eec/screenshot - {}
RESULT: {}
COMMAND: POST /session/fcfdec3f19b04732468f3b81cff77eec/element - {"using":"xpath","value":"(//span[contains(text(), \"Material\")])"}
RESULT: {"using":"xpath","value":"(//span[contains(text(), \"Material\")])"}
COMMAND: POST /session/fcfdec3f19b04732468f3b81cff77eec/element/f.4917B356C9E108E3489CB9DCB9E54F9E.d.4ECEFACF45FF01831656026566D9114B.e.7046/click - {}
RESULT: {}
COMMAND: GET /session/fcfdec3f19b04732468f3b81cff77eec/screenshot - {}
COMMAND: POST /session/fcfdec3f19b04732468f3b81cff77eec/element - {"using":"xpath","value":"//td[7]/div/div/input"}
RESULT: {}
RESULT: {"using":"xpath","value":"//td[7]/div/div/input"}
COMMAND: POST /session/fcfdec3f19b04732468f3b81cff77eec/element/f.4917B356C9E108E3489CB9DCB9E54F9E.d.4ECEFACF45FF01831656026566D9114B.e.7050/clear - {}
RESULT: {}
COMMAND: POST /session/fcfdec3f19b04732468f3b81cff77eec/element/f.4917B356C9E108E3489CB9DCB9E54F9E.d.4ECEFACF45FF01831656026566D9114B.e.7050/value - {"text":"200107"}
COMMAND: GET /session/fcfdec3f19b04732468f3b81cff77eec/screenshot - {}
RESULT: {}
RESULT: {"text":"200107"}
COMMAND: GET /session/fcfdec3f19b04732468f3b81cff77eec/screenshot - {}
RESULT: {}
COMMAND: POST /session/fcfdec3f19b04732468f3b81cff77eec/actions - {"actions":[{"id":"action23","type":"key","parameters":{},"actions":[{"type":"keyDown","value":""},{"type":"pause","duration":10},{"type":"keyUp","value":""}]}]}
RESULT: {"actions":[{"id":"action23","type":"key","parameters":{},"actions":[{"type":"keyDown","value":""},{"type":"pause","duration":10},{"type":"keyUp","value":""}]}]}
COMMAND: GET /session/fcfdec3f19b04732468f3b81cff77eec/screenshot - {}
RESULT: {}
COMMAND: POST /session/fcfdec3f19b04732468f3b81cff77eec/execute/sync - {"script":"<script> [276 bytes]","args":["No pricing information was found"]}
RESULT: {"script":"<script> [276 bytes]","args":["No pricing information was found"]}
COMMAND: POST /session/fcfdec3f19b04732468f3b81cff77eec/element - {"using":"xpath","value":"//bdi[contains(text(), \"OK\")]"}
COMMAND: GET /session/fcfdec3f19b04732468f3b81cff77eec/screenshot - {}
RESULT: {"using":"xpath","value":"//bdi[contains(text(), \"OK\")]"}
COMMAND: POST /session/fcfdec3f19b04732468f3b81cff77eec/element/f.4917B356C9E108E3489CB9DCB9E54F9E.d.4ECEFACF45FF01831656026566D9114B.e.7076/click - {}
RESULT: {}
RESULT: {}
COMMAND: GET /session/fcfdec3f19b04732468f3b81cff77eec/screenshot - {}
RESULT: {}
COMMAND: POST /session/fcfdec3f19b04732468f3b81cff77eec/element - {"using":"xpath","value":"(//button[@data-kt=\"saveButton\"])[2]"}
RESULT: {"using":"xpath","value":"(//button[@data-kt=\"saveButton\"])[2]"}
COMMAND: POST /session/fcfdec3f19b04732468f3b81cff77eec/element/f.4917B356C9E108E3489CB9DCB9E54F9E.d.4ECEFACF45FF01831656026566D9114B.e.7077/click - {}
RESULT: {}
COMMAND: GET /session/fcfdec3f19b04732468f3b81cff77eec/screenshot - {}
RESULT: {}
COMMAND: POST /session/fcfdec3f19b04732468f3b81cff77eec/execute/sync - {"script":"<script> [276 bytes]","args":["Some contract items are having rental validity exceeding header rental validity"]}
RESULT: {"script":"<script> [276 bytes]","args":["Some contract items are having rental validity exceeding header rental validity"]}
COMMAND: GET /session/fcfdec3f19b04732468f3b81cff77eec/screenshot - {}
RESULT: {}
COMMAND: POST /session/fcfdec3f19b04732468f3b81cff77eec/element - {"using":"xpath","value":"//span[contains(@id ,\"contractItemsSmartTable-header-inner\")]"}
RESULT: {"using":"xpath","value":"//span[contains(@id ,\"contractItemsSmartTable-header-inner\")]"}
COMMAND: POST /session/fcfdec3f19b04732468f3b81cff77eec/elements - {"using":"xpath","value":"//span[contains(@id ,\"contractItemsSmartTable-header-inner\")]"}
RESULT: {"using":"xpath","value":"//span[contains(@id ,\"contractItemsSmartTable-header-inner\")]"}
COMMAND: POST /session/fcfdec3f19b04732468f3b81cff77eec/execute/sync - {"script":"<script> [56 bytes]","args":[{"element-6066-11e4-a52e-4f735466cecf":"f.4917B356C9E108E3489CB9DCB9E54F9E.d.4ECEFACF45FF01831656026566D9114B.e.7081","ELEMENT":"f.4917B356C9E108E3489CB9DCB9E54F9E.d.4ECEFACF45FF01831656026566D9114B.e.7081"}]}
RESULT: {"script":"<script> [56 bytes]","args":[{"element-6066-11e4-a52e-4f735466cecf":"f.4917B356C9E108E3489CB9DCB9E54F9E.d.4ECEFACF45FF01831656026566D9114B.e.7081","ELEMENT":"f.4917B356C9E108E3489CB9DCB9E54F9E.d.4ECEFACF45FF01831656026566D9114B.e.7081"}]}
COMMAND: GET /session/fcfdec3f19b04732468f3b81cff77eec/screenshot - {}
]]></system-out>
    </testcase>
    <testcase classname="chrome.136_0_7103_93.windows.Provide_to_Site_w/_warehouse_management_w_clarification" name="Should provide to site" time="43.619">
      <system-out><![CDATA[
COMMAND: POST /session/fcfdec3f19b04732468f3b81cff77eec/element - {"using":"xpath","value":"//button[@data-kt=\"provideButton\"]"}
RESULT: {}
RESULT: {"using":"xpath","value":"//button[@data-kt=\"provideButton\"]"}
COMMAND: POST /session/fcfdec3f19b04732468f3b81cff77eec/element/f.4917B356C9E108E3489CB9DCB9E54F9E.d.4ECEFACF45FF01831656026566D9114B.e.7082/click - {}
RESULT: {}
COMMAND: GET /session/fcfdec3f19b04732468f3b81cff77eec/screenshot - {}
RESULT: undefined
COMMAND: POST /session/fcfdec3f19b04732468f3b81cff77eec/execute/async - {"script":"<script> [6424 bytes]","args":[{"element-6066-11e4-a52e-4f735466cecf":"f.4917B356C9E108E3489CB9DCB9E54F9E.d.4ECEFACF45FF01831656026566D9114B.e.5923"},"setValue",["05/24/25"]]}
RESULT: {}
COMMAND: POST /session/fcfdec3f19b04732468f3b81cff77eec/execute/async - {"script":"<script> [1562 bytes]","args":[{"selector":{"id":"application-managehandovers-display-component---AddNewHO--dueDate","interaction":{"idSuffix":"inner"}},"wdio_ui5_key":"applicationmanagehandovers-display-component---AddNewHO--dueDate"}]}
RESULT: {"script":"<script> [1562 bytes]","args":[{"selector":{"id":"application-managehandovers-display-component---AddNewHO--dueDate","interaction":{"idSuffix":"inner"}},"wdio_ui5_key":"applicationmanagehandovers-display-component---AddNewHO--dueDate"}]}
COMMAND: POST /session/fcfdec3f19b04732468f3b81cff77eec/execute/async - {"script":"<script> [6424 bytes]","args":[{"element-6066-11e4-a52e-4f735466cecf":"f.4917B356C9E108E3489CB9DCB9E54F9E.d.4ECEFACF45FF01831656026566D9114B.e.7158"},"setValue",["05/24/25"]]}
RESULT: {"script":"<script> [6424 bytes]","args":[{"element-6066-11e4-a52e-4f735466cecf":"f.4917B356C9E108E3489CB9DCB9E54F9E.d.4ECEFACF45FF01831656026566D9114B.e.7158"},"setValue",["05/24/25"]]}
COMMAND: POST /session/fcfdec3f19b04732468f3b81cff77eec/element - {"using":"xpath","value":"//bdi[contains(text(), \"Instructions\")]"}
RESULT: {"using":"xpath","value":"//bdi[contains(text(), \"Instructions\")]"}
COMMAND: POST /session/fcfdec3f19b04732468f3b81cff77eec/element/f.4917B356C9E108E3489CB9DCB9E54F9E.d.4ECEFACF45FF01831656026566D9114B.e.7246/click - {}
RESULT: {}
COMMAND: GET /session/fcfdec3f19b04732468f3b81cff77eec/screenshot - {}
RESULT: {}
COMMAND: POST /session/fcfdec3f19b04732468f3b81cff77eec/element - {"using":"xpath","value":"//button[@data-kt=\"AddNewHOProvideAddItemsButton\"]"}
RESULT: {"using":"xpath","value":"//button[@data-kt=\"AddNewHOProvideAddItemsButton\"]"}
COMMAND: POST /session/fcfdec3f19b04732468f3b81cff77eec/element/f.4917B356C9E108E3489CB9DCB9E54F9E.d.4ECEFACF45FF01831656026566D9114B.e.7252/click - {}
RESULT: {}
COMMAND: GET /session/fcfdec3f19b04732468f3b81cff77eec/screenshot - {}
RESULT: {}
RESULT: undefined
COMMAND: POST /session/fcfdec3f19b04732468f3b81cff77eec/element - {"using":"xpath","value":"//*[@id=\"application-managehandovers-display-component---AddNewHO--popup-sa\"]"}
RESULT: {"using":"xpath","value":"//*[@id=\"application-managehandovers-display-component---AddNewHO--popup-sa\"]"}
COMMAND: POST /session/fcfdec3f19b04732468f3b81cff77eec/element/f.4917B356C9E108E3489CB9DCB9E54F9E.d.4ECEFACF45FF01831656026566D9114B.e.7267/click - {}
RESULT: {}
COMMAND: GET /session/fcfdec3f19b04732468f3b81cff77eec/screenshot - {}
RESULT: {}
COMMAND: POST /session/fcfdec3f19b04732468f3b81cff77eec/element - {"using":"xpath","value":"//*[contains(@id ,\"BDI-content\")][contains(text(), \"Select\")]"}
RESULT: {"using":"xpath","value":"//*[contains(@id ,\"BDI-content\")][contains(text(), \"Select\")]"}
COMMAND: POST /session/fcfdec3f19b04732468f3b81cff77eec/element/f.4917B356C9E108E3489CB9DCB9E54F9E.d.4ECEFACF45FF01831656026566D9114B.e.7269/click - {}
RESULT: {}
COMMAND: GET /session/fcfdec3f19b04732468f3b81cff77eec/screenshot - {}
RESULT: {}
COMMAND: POST /session/fcfdec3f19b04732468f3b81cff77eec/element - {"using":"xpath","value":"//bdi[(text() = 'Save' or . = 'Save')]"}
RESULT: {"using":"xpath","value":"//bdi[(text() = 'Save' or . = 'Save')]"}
COMMAND: POST /session/fcfdec3f19b04732468f3b81cff77eec/element/f.4917B356C9E108E3489CB9DCB9E54F9E.d.4ECEFACF45FF01831656026566D9114B.e.7277/click - {}
RESULT: {}
COMMAND: GET /session/fcfdec3f19b04732468f3b81cff77eec/screenshot - {}
RESULT: {}
]]></system-out>
    </testcase>
    <testcase classname="chrome.136_0_7103_93.windows.Provide_to_Site_w/_warehouse_management_w_clarification" name="Should test for Handover Execution" time="158.872">
      <system-out><![CDATA[
COMMAND: POST /session/fcfdec3f19b04732468f3b81cff77eec/execute/async - {"script":"<script> [1562 bytes]","args":[{"selector":{"controlType":"sap.m.Link","viewName":"etm.portal.ui.managehandovers.view.DetailExecuteHO","bindingPath":{"path":"","propertyPath":"/wmDoc","modelName":"warehouseMovModel"}},"wdio_ui5_key":"etmportal.ui.managehandovers.view.DetailExecuteHOsap.m.Link{\"path\":\"\",\"propertyPath\":\"/wmDoc\",\"modelName\":\"warehouseMovModel\"}"}]}
RESULT: {"script":"<script> [1562 bytes]","args":[{"selector":{"controlType":"sap.m.Link","viewName":"etm.portal.ui.managehandovers.view.DetailExecuteHO","bindingPath":{"path":"","propertyPath":"/wmDoc","modelName":"warehouseMovModel"}},"wdio_ui5_key":"etmportal.ui.managehandovers.view.DetailExecuteHOsap.m.Link{\"path\":\"\",\"propertyPath\":\"/wmDoc\",\"modelName\":\"warehouseMovModel\"}"}]}
RESULT: undefined
COMMAND: POST /session/fcfdec3f19b04732468f3b81cff77eec/element - {"using":"xpath","value":"//*[@id=\"__link82\"]"}
RESULT: {"using":"xpath","value":"//*[@id=\"__link82\"]"}
COMMAND: POST /session/fcfdec3f19b04732468f3b81cff77eec/element/f.4917B356C9E108E3489CB9DCB9E54F9E.d.4ECEFACF45FF01831656026566D9114B.e.7322/click - {}
RESULT: {}
COMMAND: GET /session/fcfdec3f19b04732468f3b81cff77eec/screenshot - {}
RESULT: {}
COMMAND: POST /session/fcfdec3f19b04732468f3b81cff77eec/execute/async - {"script":"<script> [1562 bytes]","args":[{"selector":{"controlType":"sap.m.Link","viewName":"etm.portal.ui.managehandovers.view.DetailExecuteHO","properties":{"text":"Warehouse Overview"},"searchOpenDialogs":true},"wdio_ui5_key":"etmportal.ui.managehandovers.view.DetailExecuteHOsap.m.Link{\"text\":\"Warehouse Overview\"}"}]}
RESULT: {"script":"<script> [1562 bytes]","args":[{"selector":{"controlType":"sap.m.Link","viewName":"etm.portal.ui.managehandovers.view.DetailExecuteHO","properties":{"text":"Warehouse Overview"},"searchOpenDialogs":true},"wdio_ui5_key":"etmportal.ui.managehandovers.view.DetailExecuteHOsap.m.Link{\"text\":\"Warehouse Overview\"}"}]}
RESULT: undefined
COMMAND: POST /session/fcfdec3f19b04732468f3b81cff77eec/element - {"using":"xpath","value":"//*[@id=\"__link98\"]"}
RESULT: {"using":"xpath","value":"//*[@id=\"__link98\"]"}
COMMAND: POST /session/fcfdec3f19b04732468f3b81cff77eec/element/f.4917B356C9E108E3489CB9DCB9E54F9E.d.4ECEFACF45FF01831656026566D9114B.e.7325/click - {}
RESULT: {}
COMMAND: GET /session/fcfdec3f19b04732468f3b81cff77eec/screenshot - {}
RESULT: {}
COMMAND: POST /session/fcfdec3f19b04732468f3b81cff77eec/execute/async - {"script":"<script> [1562 bytes]","args":[{"selector":{"controlType":"sap.m.Button","viewName":"etm.portal.ui.warehousemovements.view.DisplayMovement","viewId":"application-warehousemovements-display-component---displayMovement","i18NText":{"propertyName":"text","key":"execution"},"interaction":{"idSuffix":"BDI-content"}},"wdio_ui5_key":"etmportal.ui.warehousemovements.view.DisplayMovementsap.m.Button{\"propertyName\":\"text\",\"key\":\"execution\"}"}]}
RESULT: {"script":"<script> [1562 bytes]","args":[{"selector":{"controlType":"sap.m.Button","viewName":"etm.portal.ui.warehousemovements.view.DisplayMovement","viewId":"application-warehousemovements-display-component---displayMovement","i18NText":{"propertyName":"text","key":"execution"},"interaction":{"idSuffix":"BDI-content"}},"wdio_ui5_key":"etmportal.ui.warehousemovements.view.DisplayMovementsap.m.Button{\"propertyName\":\"text\",\"key\":\"execution\"}"}]}
RESULT: undefined
COMMAND: POST /session/fcfdec3f19b04732468f3b81cff77eec/element - {"using":"xpath","value":"//*[@id=\"__button247\"]"}
RESULT: {"using":"xpath","value":"//*[@id=\"__button247\"]"}
COMMAND: POST /session/fcfdec3f19b04732468f3b81cff77eec/element/f.4917B356C9E108E3489CB9DCB9E54F9E.d.4ECEFACF45FF01831656026566D9114B.e.7492/click - {}
RESULT: {}
COMMAND: GET /session/fcfdec3f19b04732468f3b81cff77eec/screenshot - {}
RESULT: {}
COMMAND: POST /session/fcfdec3f19b04732468f3b81cff77eec/execute/async - {"script":"<script> [1562 bytes]","args":[{"selector":{"controlType":"sap.m.Button","viewName":"etm.portal.ui.warehousemovements.view.ExecuteMovement","viewId":"application-warehousemovements-display-component---executeMovement","properties":{"text":"Items"},"interaction":{"idSuffix":"BDI-content"}},"wdio_ui5_key":"etmportal.ui.warehousemovements.view.ExecuteMovementsap.m.Button{\"text\":\"Items\"}"}]}
RESULT: {"script":"<script> [1562 bytes]","args":[{"selector":{"controlType":"sap.m.Button","viewName":"etm.portal.ui.warehousemovements.view.ExecuteMovement","viewId":"application-warehousemovements-display-component---executeMovement","properties":{"text":"Items"},"interaction":{"idSuffix":"BDI-content"}},"wdio_ui5_key":"etmportal.ui.warehousemovements.view.ExecuteMovementsap.m.Button{\"text\":\"Items\"}"}]}
RESULT: undefined
COMMAND: POST /session/fcfdec3f19b04732468f3b81cff77eec/element - {"using":"xpath","value":"//*[@id=\"__layout379-anchBar-application-warehousemovements-display-component---executeMovement--itemsSection-anchor\"]"}
RESULT: {"using":"xpath","value":"//*[@id=\"__layout379-anchBar-application-warehousemovements-display-component---executeMovement--itemsSection-anchor\"]"}
COMMAND: POST /session/fcfdec3f19b04732468f3b81cff77eec/element/f.4917B356C9E108E3489CB9DCB9E54F9E.d.4ECEFACF45FF01831656026566D9114B.e.7588/click - {}
RESULT: {}
COMMAND: GET /session/fcfdec3f19b04732468f3b81cff77eec/screenshot - {}
RESULT: {}
COMMAND: POST /session/fcfdec3f19b04732468f3b81cff77eec/execute/async - {"script":"<script> [1562 bytes]","args":[{"selector":{"controlType":"sap.m.ToggleButton","viewName":"etm.portal.ui.warehousemovements.view.ExecuteMovement","viewId":"application-warehousemovements-display-component---executeMovement","bindingPath":{"propertyPath":"STATUS","modelName":"catalogModel"},"interaction":{"idSuffix":"BDI-content"}},"wdio_ui5_key":"etmportal.ui.warehousemovements.view.ExecuteMovementsap.m.ToggleButton{\"propertyPath\":\"STATUS\",\"modelName\":\"catalogModel\"}"}]}
RESULT: {"script":"<script> [1562 bytes]","args":[{"selector":{"controlType":"sap.m.ToggleButton","viewName":"etm.portal.ui.warehousemovements.view.ExecuteMovement","viewId":"application-warehousemovements-display-component---executeMovement","bindingPath":{"propertyPath":"STATUS","modelName":"catalogModel"},"interaction":{"idSuffix":"BDI-content"}},"wdio_ui5_key":"etmportal.ui.warehousemovements.view.ExecuteMovementsap.m.ToggleButton{\"propertyPath\":\"STATUS\",\"modelName\":\"catalogModel\"}"}]}
RESULT: undefined
COMMAND: POST /session/fcfdec3f19b04732468f3b81cff77eec/element - {"using":"xpath","value":"//*[@id=\"__button272-__clone2277\"]"}
RESULT: {"using":"xpath","value":"//*[@id=\"__button272-__clone2277\"]"}
COMMAND: POST /session/fcfdec3f19b04732468f3b81cff77eec/element/f.4917B356C9E108E3489CB9DCB9E54F9E.d.4ECEFACF45FF01831656026566D9114B.e.7566/click - {}
RESULT: {}
RESULT: undefined
COMMAND: POST /session/fcfdec3f19b04732468f3b81cff77eec/element - {"using":"xpath","value":"//*[@id=\"__button272-__clone2277\"]"}
COMMAND: GET /session/fcfdec3f19b04732468f3b81cff77eec/screenshot - {}
RESULT: {"using":"xpath","value":"//*[@id=\"__button272-__clone2277\"]"}
COMMAND: POST /session/fcfdec3f19b04732468f3b81cff77eec/element/f.4917B356C9E108E3489CB9DCB9E54F9E.d.4ECEFACF45FF01831656026566D9114B.e.7566/click - {}
RESULT: {}
RESULT: {}
COMMAND: GET /session/fcfdec3f19b04732468f3b81cff77eec/screenshot - {}
RESULT: {}
COMMAND: POST /session/fcfdec3f19b04732468f3b81cff77eec/element - {"using":"xpath","value":"//section[contains(@id,\"FC-NoHead\")]/div[1]/div[5]/div[2]/span"}
RESULT: {"using":"xpath","value":"//section[contains(@id,\"FC-NoHead\")]/div[1]/div[5]/div[2]/span"}
COMMAND: POST /session/fcfdec3f19b04732468f3b81cff77eec/elements - {"using":"xpath","value":"//section[contains(@id,\"FC-NoHead\")]/div[1]/div[5]/div[2]/span"}
RESULT: {"using":"xpath","value":"//section[contains(@id,\"FC-NoHead\")]/div[1]/div[5]/div[2]/span"}
COMMAND: POST /session/fcfdec3f19b04732468f3b81cff77eec/execute/sync - {"script":"<script> [56 bytes]","args":[{"element-6066-11e4-a52e-4f735466cecf":"f.4917B356C9E108E3489CB9DCB9E54F9E.d.4ECEFACF45FF01831656026566D9114B.e.7595","ELEMENT":"f.4917B356C9E108E3489CB9DCB9E54F9E.d.4ECEFACF45FF01831656026566D9114B.e.7595"}]}
RESULT: {"script":"<script> [56 bytes]","args":[{"element-6066-11e4-a52e-4f735466cecf":"f.4917B356C9E108E3489CB9DCB9E54F9E.d.4ECEFACF45FF01831656026566D9114B.e.7595","ELEMENT":"f.4917B356C9E108E3489CB9DCB9E54F9E.d.4ECEFACF45FF01831656026566D9114B.e.7595"}]}
COMMAND: POST /session/fcfdec3f19b04732468f3b81cff77eec/actions - {"actions":[{"id":"action24","type":"key","parameters":{},"actions":[{"type":"keyDown","value":""},{"type":"pause","duration":10},{"type":"keyUp","value":""}]}]}
COMMAND: GET /session/fcfdec3f19b04732468f3b81cff77eec/screenshot - {}
RESULT: {"actions":[{"id":"action24","type":"key","parameters":{},"actions":[{"type":"keyDown","value":""},{"type":"pause","duration":10},{"type":"keyUp","value":""}]}]}
COMMAND: POST /session/fcfdec3f19b04732468f3b81cff77eec/execute/async - {"script":"<script> [1562 bytes]","args":[{"selector":{"id":"application-warehousemovements-display-component---executeMovement--executeId","interaction":{"idSuffix":"BDI-content"}},"wdio_ui5_key":"applicationwarehousemovements-display-component---executeMovement--executeId"}]}
COMMAND: GET /session/fcfdec3f19b04732468f3b81cff77eec/screenshot - {}
RESULT: {}
RESULT: {"script":"<script> [1562 bytes]","args":[{"selector":{"id":"application-warehousemovements-display-component---executeMovement--executeId","interaction":{"idSuffix":"BDI-content"}},"wdio_ui5_key":"applicationwarehousemovements-display-component---executeMovement--executeId"}]}
RESULT: undefined
COMMAND: POST /session/fcfdec3f19b04732468f3b81cff77eec/element - {"using":"xpath","value":"//*[@id=\"application-warehousemovements-display-component---executeMovement--executeId\"]"}
RESULT: {}
RESULT: {"using":"xpath","value":"//*[@id=\"application-warehousemovements-display-component---executeMovement--executeId\"]"}
COMMAND: POST /session/fcfdec3f19b04732468f3b81cff77eec/element/f.4917B356C9E108E3489CB9DCB9E54F9E.d.4ECEFACF45FF01831656026566D9114B.e.7558/click - {}
RESULT: {}
COMMAND: GET /session/fcfdec3f19b04732468f3b81cff77eec/screenshot - {}
RESULT: {}
COMMAND: POST /session/fcfdec3f19b04732468f3b81cff77eec/element - {"using":"css selector","value":"#shell-header-logo"}
RESULT: {"using":"css selector","value":"#shell-header-logo"}
COMMAND: POST /session/fcfdec3f19b04732468f3b81cff77eec/element/f.4917B356C9E108E3489CB9DCB9E54F9E.d.4ECEFACF45FF01831656026566D9114B.e.6447/click - {}
RESULT: {}
COMMAND: GET /session/fcfdec3f19b04732468f3b81cff77eec/screenshot - {}
RESULT: {}
RESULT: undefined
COMMAND: POST /session/fcfdec3f19b04732468f3b81cff77eec/element - {"using":"xpath","value":"//*[@id=\"__tile132\"]"}
RESULT: {"using":"xpath","value":"//*[@id=\"__tile132\"]"}
COMMAND: POST /session/fcfdec3f19b04732468f3b81cff77eec/element/f.4917B356C9E108E3489CB9DCB9E54F9E.d.4ECEFACF45FF01831656026566D9114B.e.4856/click - {}
RESULT: {}
COMMAND: GET /session/fcfdec3f19b04732468f3b81cff77eec/screenshot - {}
COMMAND: POST /session/fcfdec3f19b04732468f3b81cff77eec/elements - {"using":"xpath","value":"//span[text()='Error']"}
RESULT: {}
RESULT: {"using":"xpath","value":"//span[text()='Error']"}
COMMAND: POST /session/fcfdec3f19b04732468f3b81cff77eec/execute/async - {"script":"<script> [1562 bytes]","args":[{"selector":{"controlType":"sap.m.SearchField","viewName":"etm.portal.ui.managehandovers.view.MasterHO","bindingPath":{"propertyPath":"/_BASIC_SEARCH_FIELD","modelName":"fi1t3rM0d31"},"interaction":{"idSuffix":"I"}},"wdio_ui5_key":"etmportal.ui.managehandovers.view.MasterHOsap.m.SearchField{\"propertyPath\":\"/_BASIC_SEARCH_FIELD\",\"modelName\":\"fi1t3rM0d31\"}"}]}
RESULT: {"script":"<script> [1562 bytes]","args":[{"selector":{"controlType":"sap.m.SearchField","viewName":"etm.portal.ui.managehandovers.view.MasterHO","bindingPath":{"propertyPath":"/_BASIC_SEARCH_FIELD","modelName":"fi1t3rM0d31"},"interaction":{"idSuffix":"I"}},"wdio_ui5_key":"etmportal.ui.managehandovers.view.MasterHOsap.m.SearchField{\"propertyPath\":\"/_BASIC_SEARCH_FIELD\",\"modelName\":\"fi1t3rM0d31\"}"}]}
RESULT: undefined
COMMAND: POST /session/fcfdec3f19b04732468f3b81cff77eec/execute/async - {"script":"<script> [776 bytes]","args":[{"enterText":"30368","selector":{"controlType":"sap.m.SearchField","viewName":"etm.portal.ui.managehandovers.view.MasterHO","bindingPath":{"propertyPath":"/_BASIC_SEARCH_FIELD","modelName":"fi1t3rM0d31"},"interaction":{"idSuffix":"I"}},"clearTextFirst":true,"interactionType":"ENTER_TEXT"}]}
RESULT: {"script":"<script> [776 bytes]","args":[{"enterText":"30368","selector":{"controlType":"sap.m.SearchField","viewName":"etm.portal.ui.managehandovers.view.MasterHO","bindingPath":{"propertyPath":"/_BASIC_SEARCH_FIELD","modelName":"fi1t3rM0d31"},"interaction":{"idSuffix":"I"}},"clearTextFirst":true,"interactionType":"ENTER_TEXT"}]}
COMMAND: POST /session/fcfdec3f19b04732468f3b81cff77eec/actions - {"actions":[{"id":"action25","type":"key","parameters":{},"actions":[{"type":"keyDown","value":""},{"type":"pause","duration":10},{"type":"keyUp","value":""}]}]}
RESULT: {"actions":[{"id":"action25","type":"key","parameters":{},"actions":[{"type":"keyDown","value":""},{"type":"pause","duration":10},{"type":"keyUp","value":""}]}]}
COMMAND: GET /session/fcfdec3f19b04732468f3b81cff77eec/screenshot - {}
RESULT: {}
COMMAND: POST /session/fcfdec3f19b04732468f3b81cff77eec/execute/async - {"script":"<script> [1562 bytes]","args":[{"selector":{"controlType":"sap.ui.core.Icon","viewName":"etm.portal.ui.managehandovers.view.MasterHO","properties":{"src":{"regex":{"source":"slim\\-arrow\\-right"}}}},"wdio_ui5_key":"etmportal.ui.managehandovers.view.MasterHOsap.ui.core.Icon{\"src\":{\"regex\":{\"source\":\"slim\\\\-arrow\\\\-right\"}}}"}]}
RESULT: {"script":"<script> [1562 bytes]","args":[{"selector":{"controlType":"sap.ui.core.Icon","viewName":"etm.portal.ui.managehandovers.view.MasterHO","properties":{"src":{"regex":{"source":"slim\\-arrow\\-right"}}}},"wdio_ui5_key":"etmportal.ui.managehandovers.view.MasterHOsap.ui.core.Icon{\"src\":{\"regex\":{\"source\":\"slim\\\\-arrow\\\\-right\"}}}"}]}
RESULT: undefined
COMMAND: POST /session/fcfdec3f19b04732468f3b81cff77eec/element - {"using":"xpath","value":"//*[@id=\"__item1191-__clone2357-imgNav\"]"}
RESULT: {"using":"xpath","value":"//*[@id=\"__item1191-__clone2357-imgNav\"]"}
COMMAND: POST /session/fcfdec3f19b04732468f3b81cff77eec/element/f.4917B356C9E108E3489CB9DCB9E54F9E.d.4ECEFACF45FF01831656026566D9114B.e.7770/click - {}
RESULT: {}
COMMAND: GET /session/fcfdec3f19b04732468f3b81cff77eec/screenshot - {}
RESULT: {}
COMMAND: POST /session/fcfdec3f19b04732468f3b81cff77eec/element - {"using":"xpath","value":"//button[@data-kt=\"IssuingTableConfirmAllButton\"]"}
RESULT: {"using":"xpath","value":"//button[@data-kt=\"IssuingTableConfirmAllButton\"]"}
COMMAND: POST /session/fcfdec3f19b04732468f3b81cff77eec/element/f.4917B356C9E108E3489CB9DCB9E54F9E.d.4ECEFACF45FF01831656026566D9114B.e.7866/click - {}
RESULT: {}
COMMAND: GET /session/fcfdec3f19b04732468f3b81cff77eec/screenshot - {}
RESULT: {}
COMMAND: POST /session/fcfdec3f19b04732468f3b81cff77eec/element - {"using":"xpath","value":"//bdi[contains(text(), \"OK\")]"}
RESULT: {"using":"xpath","value":"//bdi[contains(text(), \"OK\")]"}
COMMAND: POST /session/fcfdec3f19b04732468f3b81cff77eec/element/f.4917B356C9E108E3489CB9DCB9E54F9E.d.4ECEFACF45FF01831656026566D9114B.e.7873/click - {}
RESULT: {}
COMMAND: GET /session/fcfdec3f19b04732468f3b81cff77eec/screenshot - {}
RESULT: {}
COMMAND: POST /session/fcfdec3f19b04732468f3b81cff77eec/element - {"using":"xpath","value":"//button[@data-kt=\"execHoIssueButton\"]"}
RESULT: {"using":"xpath","value":"//button[@data-kt=\"execHoIssueButton\"]"}
COMMAND: POST /session/fcfdec3f19b04732468f3b81cff77eec/element/f.4917B356C9E108E3489CB9DCB9E54F9E.d.4ECEFACF45FF01831656026566D9114B.e.7875/click - {}
RESULT: {}
COMMAND: GET /session/fcfdec3f19b04732468f3b81cff77eec/screenshot - {}
RESULT: {}
RESULT: undefined
COMMAND: POST /session/fcfdec3f19b04732468f3b81cff77eec/execute/async - {"script":"<script> [776 bytes]","args":[{"enterText":"30368","selector":{"controlType":"sap.m.SearchField","viewName":"etm.portal.ui.managehandovers.view.MasterHO","bindingPath":{"propertyPath":"/_BASIC_SEARCH_FIELD","modelName":"fi1t3rM0d31"},"interaction":{"idSuffix":"I"}},"clearTextFirst":true,"interactionType":"ENTER_TEXT"}]}
RESULT: {"script":"<script> [776 bytes]","args":[{"enterText":"30368","selector":{"controlType":"sap.m.SearchField","viewName":"etm.portal.ui.managehandovers.view.MasterHO","bindingPath":{"propertyPath":"/_BASIC_SEARCH_FIELD","modelName":"fi1t3rM0d31"},"interaction":{"idSuffix":"I"}},"clearTextFirst":true,"interactionType":"ENTER_TEXT"}]}
COMMAND: POST /session/fcfdec3f19b04732468f3b81cff77eec/actions - {"actions":[{"id":"action26","type":"key","parameters":{},"actions":[{"type":"keyDown","value":""},{"type":"pause","duration":10},{"type":"keyUp","value":""}]}]}
RESULT: {"actions":[{"id":"action26","type":"key","parameters":{},"actions":[{"type":"keyDown","value":""},{"type":"pause","duration":10},{"type":"keyUp","value":""}]}]}
COMMAND: GET /session/fcfdec3f19b04732468f3b81cff77eec/screenshot - {}
RESULT: {}
COMMAND: POST /session/fcfdec3f19b04732468f3b81cff77eec/element - {"using":"xpath","value":"//span[(text() = '30368' or . = '30368')]"}
RESULT: {"using":"xpath","value":"//span[(text() = '30368' or . = '30368')]"}
COMMAND: POST /session/fcfdec3f19b04732468f3b81cff77eec/element/f.4917B356C9E108E3489CB9DCB9E54F9E.d.4ECEFACF45FF01831656026566D9114B.e.7920/click - {}
RESULT: {}
COMMAND: GET /session/fcfdec3f19b04732468f3b81cff77eec/screenshot - {}
RESULT: {}
COMMAND: POST /session/fcfdec3f19b04732468f3b81cff77eec/element - {"using":"xpath","value":"//span[contains(text(), \"Instructions\")]"}
RESULT: {"using":"xpath","value":"//span[contains(text(), \"Instructions\")]"}
COMMAND: POST /session/fcfdec3f19b04732468f3b81cff77eec/element/f.4917B356C9E108E3489CB9DCB9E54F9E.d.4ECEFACF45FF01831656026566D9114B.e.7965/click - {}
RESULT: {}
COMMAND: GET /session/fcfdec3f19b04732468f3b81cff77eec/screenshot - {}
RESULT: {}
COMMAND: POST /session/fcfdec3f19b04732468f3b81cff77eec/element - {"using":"xpath","value":"//span[contains(text(), \"Instructions\")]"}
RESULT: {"using":"xpath","value":"//span[contains(text(), \"Instructions\")]"}
COMMAND: POST /session/fcfdec3f19b04732468f3b81cff77eec/element/f.4917B356C9E108E3489CB9DCB9E54F9E.d.4ECEFACF45FF01831656026566D9114B.e.7965/click - {}
RESULT: {}
COMMAND: GET /session/fcfdec3f19b04732468f3b81cff77eec/screenshot - {}
RESULT: {}
COMMAND: POST /session/fcfdec3f19b04732468f3b81cff77eec/execute/async - {"script":"<script> [1562 bytes]","args":[{"selector":{"controlType":"sap.m.ComboBox","viewName":"etm.portal.ui.managehandovers.view.DetailExecuteHO","bindingPath":{"propertyPath":"RECEIVING_SECTION","modelName":"catalogModel"},"interaction":{"idSuffix":"inner"}},"wdio_ui5_key":"etmportal.ui.managehandovers.view.DetailExecuteHOsap.m.ComboBox{\"propertyPath\":\"RECEIVING_SECTION\",\"modelName\":\"catalogModel\"}"}]}
RESULT: {"script":"<script> [1562 bytes]","args":[{"selector":{"controlType":"sap.m.ComboBox","viewName":"etm.portal.ui.managehandovers.view.DetailExecuteHO","bindingPath":{"propertyPath":"RECEIVING_SECTION","modelName":"catalogModel"},"interaction":{"idSuffix":"inner"}},"wdio_ui5_key":"etmportal.ui.managehandovers.view.DetailExecuteHOsap.m.ComboBox{\"propertyPath\":\"RECEIVING_SECTION\",\"modelName\":\"catalogModel\"}"}]}
RESULT: undefined
COMMAND: POST /session/fcfdec3f19b04732468f3b81cff77eec/execute/async - {"script":"<script> [776 bytes]","args":[{"enterText":"WDIO-2094","selector":{"controlType":"sap.m.ComboBox","viewName":"etm.portal.ui.managehandovers.view.DetailExecuteHO","bindingPath":{"propertyPath":"RECEIVING_SECTION","modelName":"catalogModel"},"interaction":{"idSuffix":"inner"}},"clearTextFirst":true,"interactionType":"ENTER_TEXT"}]}
RESULT: {"script":"<script> [776 bytes]","args":[{"enterText":"WDIO-2094","selector":{"controlType":"sap.m.ComboBox","viewName":"etm.portal.ui.managehandovers.view.DetailExecuteHO","bindingPath":{"propertyPath":"RECEIVING_SECTION","modelName":"catalogModel"},"interaction":{"idSuffix":"inner"}},"clearTextFirst":true,"interactionType":"ENTER_TEXT"}]}
COMMAND: POST /session/fcfdec3f19b04732468f3b81cff77eec/actions - {"actions":[{"id":"action27","type":"key","parameters":{},"actions":[{"type":"keyDown","value":""},{"type":"pause","duration":10},{"type":"keyUp","value":""}]}]}
RESULT: {"actions":[{"id":"action27","type":"key","parameters":{},"actions":[{"type":"keyDown","value":""},{"type":"pause","duration":10},{"type":"keyUp","value":""}]}]}
COMMAND: GET /session/fcfdec3f19b04732468f3b81cff77eec/screenshot - {}
RESULT: {}
COMMAND: POST /session/fcfdec3f19b04732468f3b81cff77eec/element - {"using":"xpath","value":"//button[@data-kt= \"execHoReceiveButton\"]"}
RESULT: {"using":"xpath","value":"//button[@data-kt= \"execHoReceiveButton\"]"}
COMMAND: POST /session/fcfdec3f19b04732468f3b81cff77eec/element/f.4917B356C9E108E3489CB9DCB9E54F9E.d.4ECEFACF45FF01831656026566D9114B.e.7971/click - {}
RESULT: {}
COMMAND: GET /session/fcfdec3f19b04732468f3b81cff77eec/screenshot - {}
RESULT: {}
COMMAND: POST /session/fcfdec3f19b04732468f3b81cff77eec/execute/async - {"script":"<script> [1562 bytes]","args":[{"selector":{"controlType":"sap.m.Button","properties":{"text":"Continue"},"searchOpenDialogs":true,"interaction":{"idSuffix":"content"}},"wdio_ui5_key":"sapm.Button{\"text\":\"Continue\"}"}]}
RESULT: {"script":"<script> [1562 bytes]","args":[{"selector":{"controlType":"sap.m.Button","properties":{"text":"Continue"},"searchOpenDialogs":true,"interaction":{"idSuffix":"content"}},"wdio_ui5_key":"sapm.Button{\"text\":\"Continue\"}"}]}
RESULT: undefined
COMMAND: POST /session/fcfdec3f19b04732468f3b81cff77eec/element - {"using":"xpath","value":"//*[@id=\"__mbox-btn-6\"]"}
RESULT: {"using":"xpath","value":"//*[@id=\"__mbox-btn-6\"]"}
COMMAND: POST /session/fcfdec3f19b04732468f3b81cff77eec/element/f.4917B356C9E108E3489CB9DCB9E54F9E.d.4ECEFACF45FF01831656026566D9114B.e.7972/click - {}
RESULT: {}
COMMAND: GET /session/fcfdec3f19b04732468f3b81cff77eec/screenshot - {}
RESULT: {}
COMMAND: POST /session/fcfdec3f19b04732468f3b81cff77eec/element - {"using":"css selector","value":"#shell-header-logo"}
RESULT: {"using":"css selector","value":"#shell-header-logo"}
COMMAND: POST /session/fcfdec3f19b04732468f3b81cff77eec/element/f.4917B356C9E108E3489CB9DCB9E54F9E.d.4ECEFACF45FF01831656026566D9114B.e.7647/click - {}
RESULT: {}
COMMAND: GET /session/fcfdec3f19b04732468f3b81cff77eec/screenshot - {}
RESULT: {}
]]></system-out>
    </testcase>
    <testcase classname="chrome.136_0_7103_93.windows.Provide_to_Site_w/_warehouse_management_w_clarification" name="Should test for Clarification" time="60.202">
      <system-out><![CDATA[
RESULT: undefined
COMMAND: POST /session/fcfdec3f19b04732468f3b81cff77eec/element - {"using":"xpath","value":"//*[@id=\"__tile132\"]"}
RESULT: {"using":"xpath","value":"//*[@id=\"__tile132\"]"}
COMMAND: POST /session/fcfdec3f19b04732468f3b81cff77eec/element/f.4917B356C9E108E3489CB9DCB9E54F9E.d.4ECEFACF45FF01831656026566D9114B.e.4856/click - {}
RESULT: {}
COMMAND: GET /session/fcfdec3f19b04732468f3b81cff77eec/screenshot - {}
RESULT: {}
COMMAND: POST /session/fcfdec3f19b04732468f3b81cff77eec/elements - {"using":"xpath","value":"//span[text()='Error']"}
RESULT: {"using":"xpath","value":"//span[text()='Error']"}
RESULT: undefined
COMMAND: POST /session/fcfdec3f19b04732468f3b81cff77eec/execute/async - {"script":"<script> [776 bytes]","args":[{"enterText":"30368","selector":{"controlType":"sap.m.SearchField","viewName":"etm.portal.ui.managehandovers.view.MasterHO","bindingPath":{"propertyPath":"/_BASIC_SEARCH_FIELD","modelName":"fi1t3rM0d31"},"interaction":{"idSuffix":"I"}},"clearTextFirst":true,"interactionType":"ENTER_TEXT"}]}
RESULT: {"script":"<script> [776 bytes]","args":[{"enterText":"30368","selector":{"controlType":"sap.m.SearchField","viewName":"etm.portal.ui.managehandovers.view.MasterHO","bindingPath":{"propertyPath":"/_BASIC_SEARCH_FIELD","modelName":"fi1t3rM0d31"},"interaction":{"idSuffix":"I"}},"clearTextFirst":true,"interactionType":"ENTER_TEXT"}]}
COMMAND: POST /session/fcfdec3f19b04732468f3b81cff77eec/actions - {"actions":[{"id":"action28","type":"key","parameters":{},"actions":[{"type":"keyDown","value":""},{"type":"pause","duration":10},{"type":"keyUp","value":""}]}]}
RESULT: {"actions":[{"id":"action28","type":"key","parameters":{},"actions":[{"type":"keyDown","value":""},{"type":"pause","duration":10},{"type":"keyUp","value":""}]}]}
COMMAND: GET /session/fcfdec3f19b04732468f3b81cff77eec/screenshot - {}
RESULT: {}
COMMAND: POST /session/fcfdec3f19b04732468f3b81cff77eec/element - {"using":"xpath","value":"//span[(text() = '30368' or . = '30368')]"}
RESULT: {"using":"xpath","value":"//span[(text() = '30368' or . = '30368')]"}
COMMAND: POST /session/fcfdec3f19b04732468f3b81cff77eec/element/f.4917B356C9E108E3489CB9DCB9E54F9E.d.4ECEFACF45FF01831656026566D9114B.e.8139/click - {}
RESULT: {}
COMMAND: GET /session/fcfdec3f19b04732468f3b81cff77eec/screenshot - {}
RESULT: {}
COMMAND: POST /session/fcfdec3f19b04732468f3b81cff77eec/element - {"using":"xpath","value":"//span[contains(text(), \"Instructions\")]"}
RESULT: {"using":"xpath","value":"//span[contains(text(), \"Instructions\")]"}
COMMAND: POST /session/fcfdec3f19b04732468f3b81cff77eec/element/f.4917B356C9E108E3489CB9DCB9E54F9E.d.4ECEFACF45FF01831656026566D9114B.e.8236/click - {}
RESULT: {}
COMMAND: GET /session/fcfdec3f19b04732468f3b81cff77eec/screenshot - {}
RESULT: {}
COMMAND: POST /session/fcfdec3f19b04732468f3b81cff77eec/element - {"using":"xpath","value":"//span[contains(text(), \"Instructions\")]"}
RESULT: {"using":"xpath","value":"//span[contains(text(), \"Instructions\")]"}
COMMAND: POST /session/fcfdec3f19b04732468f3b81cff77eec/element/f.4917B356C9E108E3489CB9DCB9E54F9E.d.4ECEFACF45FF01831656026566D9114B.e.8236/click - {}
RESULT: {}
COMMAND: GET /session/fcfdec3f19b04732468f3b81cff77eec/screenshot - {}
RESULT: {}
COMMAND: POST /session/fcfdec3f19b04732468f3b81cff77eec/element - {"using":"xpath","value":"//button[.//bdi[text() = \"Refuse\"]]"}
RESULT: {"using":"xpath","value":"//button[.//bdi[text() = \"Refuse\"]]"}
COMMAND: POST /session/fcfdec3f19b04732468f3b81cff77eec/element/f.4917B356C9E108E3489CB9DCB9E54F9E.d.4ECEFACF45FF01831656026566D9114B.e.8242/click - {}
RESULT: {}
COMMAND: GET /session/fcfdec3f19b04732468f3b81cff77eec/screenshot - {}
RESULT: {}
COMMAND: POST /session/fcfdec3f19b04732468f3b81cff77eec/element - {"using":"xpath","value":"//button[@data-kt= \"execHoReceiveRefuseButton\"]"}
RESULT: {"using":"xpath","value":"//button[@data-kt= \"execHoReceiveRefuseButton\"]"}
COMMAND: POST /session/fcfdec3f19b04732468f3b81cff77eec/element/f.4917B356C9E108E3489CB9DCB9E54F9E.d.4ECEFACF45FF01831656026566D9114B.e.8244/click - {}
RESULT: {}
COMMAND: GET /session/fcfdec3f19b04732468f3b81cff77eec/screenshot - {}
RESULT: {}
COMMAND: POST /session/fcfdec3f19b04732468f3b81cff77eec/element - {"using":"css selector","value":"#shell-header-logo"}
RESULT: {"using":"css selector","value":"#shell-header-logo"}
COMMAND: POST /session/fcfdec3f19b04732468f3b81cff77eec/element/f.4917B356C9E108E3489CB9DCB9E54F9E.d.4ECEFACF45FF01831656026566D9114B.e.8014/click - {}
RESULT: {}
COMMAND: GET /session/fcfdec3f19b04732468f3b81cff77eec/screenshot - {}
RESULT: {}
COMMAND: POST /session/fcfdec3f19b04732468f3b81cff77eec/element - {"using":"css selector","value":"#j_username"}
COMMAND: POST /session/fcfdec3f19b04732468f3b81cff77eec/url - {"url":"https://qa-testing-00-live-etm-ui.cfapps.eu10-004.hana.ondemand.com/"}
RESULT: {"using":"css selector","value":"#j_username"}
COMMAND: POST /session/fcfdec3f19b04732468f3b81cff77eec/element - {"using":"css selector","value":"#j_username"}
RESULT: {"url":"https://qa-testing-00-live-etm-ui.cfapps.eu10-004.hana.ondemand.com/"}
RESULT: undefined
COMMAND: GET /session/fcfdec3f19b04732468f3b81cff77eec/screenshot - {}
RESULT: {"using":"css selector","value":"#j_username"}
COMMAND: POST /session/fcfdec3f19b04732468f3b81cff77eec/element - {"using":"css selector","value":"#shell-header-logo"}
RESULT: {}
RESULT: {"using":"css selector","value":"#shell-header-logo"}
COMMAND: POST /session/fcfdec3f19b04732468f3b81cff77eec/execute/sync - {"script":"<script> [8489 bytes]","args":[{"element-6066-11e4-a52e-4f735466cecf":"f.4917B356C9E108E3489CB9DCB9E54F9E.d.C35A50ECBF7322C612198A827BB03264.e.8301","ELEMENT":"f.4917B356C9E108E3489CB9DCB9E54F9E.d.C35A50ECBF7322C612198A827BB03264.e.8301"}]}
RESULT: {"script":"<script> [8489 bytes]","args":[{"element-6066-11e4-a52e-4f735466cecf":"f.4917B356C9E108E3489CB9DCB9E54F9E.d.C35A50ECBF7322C612198A827BB03264.e.8301","ELEMENT":"f.4917B356C9E108E3489CB9DCB9E54F9E.d.C35A50ECBF7322C612198A827BB03264.e.8301"}]}
COMMAND: POST /session/fcfdec3f19b04732468f3b81cff77eec/element - {"using":"css selector","value":"#shell-header-logo"}
COMMAND: GET /session/fcfdec3f19b04732468f3b81cff77eec/screenshot - {}
RESULT: {"using":"css selector","value":"#shell-header-logo"}
COMMAND: POST /session/fcfdec3f19b04732468f3b81cff77eec/execute/sync - {"script":"<script> [8489 bytes]","args":[{"element-6066-11e4-a52e-4f735466cecf":"f.4917B356C9E108E3489CB9DCB9E54F9E.d.C35A50ECBF7322C612198A827BB03264.e.8301","ELEMENT":"f.4917B356C9E108E3489CB9DCB9E54F9E.d.C35A50ECBF7322C612198A827BB03264.e.8301"}]}
RESULT: {}
RESULT: {"script":"<script> [8489 bytes]","args":[{"element-6066-11e4-a52e-4f735466cecf":"f.4917B356C9E108E3489CB9DCB9E54F9E.d.C35A50ECBF7322C612198A827BB03264.e.8301","ELEMENT":"f.4917B356C9E108E3489CB9DCB9E54F9E.d.C35A50ECBF7322C612198A827BB03264.e.8301"}]}
COMMAND: POST /session/fcfdec3f19b04732468f3b81cff77eec/execute/sync - {"script":"<script> [5351 bytes]","args":[{"element-6066-11e4-a52e-4f735466cecf":"f.4917B356C9E108E3489CB9DCB9E54F9E.d.C35A50ECBF7322C612198A827BB03264.e.8301","ELEMENT":"f.4917B356C9E108E3489CB9DCB9E54F9E.d.C35A50ECBF7322C612198A827BB03264.e.8301"}]}
COMMAND: GET /session/fcfdec3f19b04732468f3b81cff77eec/screenshot - {}
RESULT: {"script":"<script> [5351 bytes]","args":[{"element-6066-11e4-a52e-4f735466cecf":"f.4917B356C9E108E3489CB9DCB9E54F9E.d.C35A50ECBF7322C612198A827BB03264.e.8301","ELEMENT":"f.4917B356C9E108E3489CB9DCB9E54F9E.d.C35A50ECBF7322C612198A827BB03264.e.8301"}]}
COMMAND: POST /session/fcfdec3f19b04732468f3b81cff77eec/element - {"using":"css selector","value":"#shell-header-logo"}
COMMAND: GET /session/fcfdec3f19b04732468f3b81cff77eec/screenshot - {}
RESULT: {}
RESULT: {"using":"css selector","value":"#shell-header-logo"}
COMMAND: POST /session/fcfdec3f19b04732468f3b81cff77eec/element/f.4917B356C9E108E3489CB9DCB9E54F9E.d.C35A50ECBF7322C612198A827BB03264.e.8301/click - {}
RESULT: {}
RESULT: {}
COMMAND: GET /session/fcfdec3f19b04732468f3b81cff77eec/screenshot - {}
RESULT: {}
COMMAND: POST /session/fcfdec3f19b04732468f3b81cff77eec/execute/async - {"script":"<script> [189 bytes]","args":[]}
RESULT: {"script":"<script> [189 bytes]","args":[]}
COMMAND: POST /session/fcfdec3f19b04732468f3b81cff77eec/execute/async - {"script":"<script> [123 bytes]","args":[]}
RESULT: {"script":"<script> [123 bytes]","args":[]}
COMMAND: POST /session/fcfdec3f19b04732468f3b81cff77eec/timeouts - {"script":"<number>"}
RESULT: {"script":"<number>"}
COMMAND: GET /session/fcfdec3f19b04732468f3b81cff77eec/timeouts - {}
RESULT: {}
RESULT: undefined
COMMAND: POST /session/fcfdec3f19b04732468f3b81cff77eec/execute/async - {"script":"<script> [2676 bytes]","args":[]}
RESULT: {"script":"<script> [2676 bytes]","args":[]}
COMMAND: POST /session/fcfdec3f19b04732468f3b81cff77eec/execute/async - {"script":"<script> [2342 bytes]","args":[{"protocol":"http","hostname":"0.0.0.0","path":"/","capabilities":{"browserName":"chrome","goog:chromeOptions":{"binary":"C:\\Program Files\\Google\\Chrome\\Application\\chrome.exe","args":["--start-maximized"]}},"logLevel":"warn","connectionRetryTimeout":120000,"connectionRetryCount":3,"logLevels":{},"enableDirectConnect":true,"strictSSL":true,"_":"65 more keys: [\"cacheDir\",\"port\",\"requestedCapabilities\",\"automationProtocol\",\"baseUrl\",\"waitforInterval\",\"waitforTimeout\",\"onReload\",\"beforeCommand\",\"afterCommand\",\"rootDir\",\"specs\",\"suites\",\"exclude\",\"groupLogsByTestSpec\",\"excludeDriverLogs\",\"bail\",\"framework\",\"reporters\",\"services\",\"maxInstances\",\"maxInstancesPerCapability\",\"injectGlobals\",\"filesToWatch\",\"execArgv\",\"runnerEnv\",\"runner\",\"shard\",\"specFileRetries\",\"specFileRetriesDelay\",\"specFileRetriesDeferred\",\"reporterSyncInterval\",\"reporterSyncTimeout\",\"cucumberFeaturesWithLineNumbers\",\"autoCompileOpts\",\"mochaOpts\",\"jasmineOpts\",\"cucumberOpts\",\"onPrepare\",\"onWorkerStart\",\"onWorkerEnd\",\"before\",\"beforeSession\",\"beforeSuite\",\"beforeHook\",\"beforeTest\",\"afterTest\",\"afterHook\",\"afterSuite\",\"afterSession\",\"after\",\"onComplete\",\"beforeAssertion\",\"afterAssertion\",\"beforeFeature\",\"beforeScenario\",\"beforeStep\",\"afterStep\",\"afterScenario\",\"afterFeature\",\"_\",\"suite\",\"$0\",\"ignoredWorkerServices\",\"wdi5\"]"}]}
RESULT: {"script":"<script> [2342 bytes]","args":[{"protocol":"http","hostname":"0.0.0.0","path":"/","capabilities":{"browserName":"chrome","goog:chromeOptions":{"binary":"C:\\Program Files\\Google\\Chrome\\Application\\chrome.exe","args":["--start-maximized"]}},"logLevel":"warn","connectionRetryTimeout":120000,"connectionRetryCount":3,"logLevels":{},"enableDirectConnect":true,"strictSSL":true,"_":"65 more keys: [\"cacheDir\",\"port\",\"requestedCapabilities\",\"automationProtocol\",\"baseUrl\",\"waitforInterval\",\"waitforTimeout\",\"onReload\",\"beforeCommand\",\"afterCommand\",\"rootDir\",\"specs\",\"suites\",\"exclude\",\"groupLogsByTestSpec\",\"excludeDriverLogs\",\"bail\",\"framework\",\"reporters\",\"services\",\"maxInstances\",\"maxInstancesPerCapability\",\"injectGlobals\",\"filesToWatch\",\"execArgv\",\"runnerEnv\",\"runner\",\"shard\",\"specFileRetries\",\"specFileRetriesDelay\",\"specFileRetriesDeferred\",\"reporterSyncInterval\",\"reporterSyncTimeout\",\"cucumberFeaturesWithLineNumbers\",\"autoCompileOpts\",\"mochaOpts\",\"jasmineOpts\",\"cucumberOpts\",\"onPrepare\",\"onWorkerStart\",\"onWorkerEnd\",\"before\",\"beforeSession\",\"beforeSuite\",\"beforeHook\",\"beforeTest\",\"afterTest\",\"afterHook\",\"afterSuite\",\"afterSession\",\"after\",\"onComplete\",\"beforeAssertion\",\"afterAssertion\",\"beforeFeature\",\"beforeScenario\",\"beforeStep\",\"afterStep\",\"afterScenario\",\"afterFeature\",\"_\",\"suite\",\"$0\",\"ignoredWorkerServices\",\"wdi5\"]"}]}
COMMAND: POST /session/fcfdec3f19b04732468f3b81cff77eec/execute/async - {"script":"<script> [21126 bytes]","args":[35000]}
RESULT: {"script":"<script> [21126 bytes]","args":[35000]}
COMMAND: POST /session/fcfdec3f19b04732468f3b81cff77eec/window/maximize - {}
RESULT: {}
COMMAND: POST /session/fcfdec3f19b04732468f3b81cff77eec/execute/async - {"script":"<script> [1562 bytes]","args":[{"selector":{"id":"shell-header","interaction":{"idSuffix":"icon"}},"wdio_ui5_key":"shellheader"}]}
COMMAND: GET /session/fcfdec3f19b04732468f3b81cff77eec/screenshot - {}
RESULT: {"script":"<script> [1562 bytes]","args":[{"selector":{"id":"shell-header","interaction":{"idSuffix":"icon"}},"wdio_ui5_key":"shellheader"}]}
RESULT: undefined
COMMAND: POST /session/fcfdec3f19b04732468f3b81cff77eec/window/fullscreen - {}
RESULT: {}
RESULT: {}
]]></system-out>
    </testcase>
  </testsuite>
  <testsuite timestamp="2025-05-24T16:47:58" time="162.201" tests="6" failures="0" errors="0" skipped="0">
    <properties>
      <property name="specId" value="0"/>
      <property name="suiteName" value="Provide to Site w/ warehouse management w/o clarification US113782 "/>
      <property name="capabilities" value="chrome.136_0_7103_93.windows"/>
      <property name="file" value="file:///D:/a/1/s/test/specs/HTR/provide-to-site-w-warehouse-wo-clarification.spec.js"/>
    </properties>
    <testcase classname="chrome.136_0_7103_93.windows.Provide_to_Site_w/_warehouse_management_w/o_clarification_US113782_" name="Should create a new WHM yard" time="0.015">
      <system-out><![CDATA[
COMMAND: POST /session/fcfdec3f19b04732468f3b81cff77eec/window/fullscreen - {}
RESULT: {}
]]></system-out>
    </testcase>
    <testcase classname="chrome.136_0_7103_93.windows.Provide_to_Site_w/_warehouse_management_w/o_clarification_US113782_" name="Should create a new external WHM partner" time="0.004"/>
    <testcase classname="chrome.136_0_7103_93.windows.Provide_to_Site_w/_warehouse_management_w/o_clarification_US113782_" name="Should create a new WHM site" time="0.005"/>
    <testcase classname="chrome.136_0_7103_93.windows.Provide_to_Site_w/_warehouse_management_w/o_clarification_US113782_" name="Should create a new material" time="143.452">
      <system-out><![CDATA[
COMMAND: POST /session/fcfdec3f19b04732468f3b81cff77eec/execute/async - {"script":"<script> [1562 bytes]","args":[{"selector":{"controlType":"sap.m.GenericTile","properties":{"header":"Manage Resources"}},"wdio_ui5_key":"sapm.GenericTile{\"header\":\"Manage Resources\"}"}]}
RESULT: {"script":"<script> [1562 bytes]","args":[{"selector":{"controlType":"sap.m.GenericTile","properties":{"header":"Manage Resources"}},"wdio_ui5_key":"sapm.GenericTile{\"header\":\"Manage Resources\"}"}]}
RESULT: undefined
COMMAND: POST /session/fcfdec3f19b04732468f3b81cff77eec/element - {"using":"xpath","value":"//*[@id=\"__tile31\"]"}
RESULT: {"using":"xpath","value":"//*[@id=\"__tile31\"]"}
COMMAND: POST /session/fcfdec3f19b04732468f3b81cff77eec/element/f.4917B356C9E108E3489CB9DCB9E54F9E.d.C35A50ECBF7322C612198A827BB03264.e.8323/click - {}
RESULT: {}
COMMAND: GET /session/fcfdec3f19b04732468f3b81cff77eec/screenshot - {}
RESULT: {}
COMMAND: POST /session/fcfdec3f19b04732468f3b81cff77eec/elements - {"using":"xpath","value":"//span[text()='Error']"}
RESULT: {"using":"xpath","value":"//span[text()='Error']"}
COMMAND: POST /session/fcfdec3f19b04732468f3b81cff77eec/element - {"using":"xpath","value":"//button[@data-kt=\"addNewRUOverflowToolbarButton\"]"}
RESULT: {"using":"xpath","value":"//button[@data-kt=\"addNewRUOverflowToolbarButton\"]"}
COMMAND: POST /session/fcfdec3f19b04732468f3b81cff77eec/elements - {"using":"xpath","value":"//button[@data-kt=\"addNewRUOverflowToolbarButton\"]"}
RESULT: {"using":"xpath","value":"//button[@data-kt=\"addNewRUOverflowToolbarButton\"]"}
COMMAND: POST /session/fcfdec3f19b04732468f3b81cff77eec/elements - {"using":"xpath","value":"//button[@data-kt=\"addNewRUOverflowToolbarButton\"]"}
RESULT: {"using":"xpath","value":"//button[@data-kt=\"addNewRUOverflowToolbarButton\"]"}
COMMAND: POST /session/fcfdec3f19b04732468f3b81cff77eec/elements - {"using":"xpath","value":"//button[@data-kt=\"addNewRUOverflowToolbarButton\"]"}
RESULT: {"using":"xpath","value":"//button[@data-kt=\"addNewRUOverflowToolbarButton\"]"}
COMMAND: POST /session/fcfdec3f19b04732468f3b81cff77eec/elements - {"using":"xpath","value":"//button[@data-kt=\"addNewRUOverflowToolbarButton\"]"}
RESULT: {"using":"xpath","value":"//button[@data-kt=\"addNewRUOverflowToolbarButton\"]"}
COMMAND: POST /session/fcfdec3f19b04732468f3b81cff77eec/elements - {"using":"xpath","value":"//button[@data-kt=\"addNewRUOverflowToolbarButton\"]"}
RESULT: {"using":"xpath","value":"//button[@data-kt=\"addNewRUOverflowToolbarButton\"]"}
COMMAND: POST /session/fcfdec3f19b04732468f3b81cff77eec/elements - {"using":"xpath","value":"//button[@data-kt=\"addNewRUOverflowToolbarButton\"]"}
RESULT: {"using":"xpath","value":"//button[@data-kt=\"addNewRUOverflowToolbarButton\"]"}
COMMAND: POST /session/fcfdec3f19b04732468f3b81cff77eec/elements - {"using":"xpath","value":"//button[@data-kt=\"addNewRUOverflowToolbarButton\"]"}
RESULT: {"using":"xpath","value":"//button[@data-kt=\"addNewRUOverflowToolbarButton\"]"}
COMMAND: POST /session/fcfdec3f19b04732468f3b81cff77eec/elements - {"using":"xpath","value":"//button[@data-kt=\"addNewRUOverflowToolbarButton\"]"}
RESULT: {"using":"xpath","value":"//button[@data-kt=\"addNewRUOverflowToolbarButton\"]"}
COMMAND: POST /session/fcfdec3f19b04732468f3b81cff77eec/elements - {"using":"xpath","value":"//button[@data-kt=\"addNewRUOverflowToolbarButton\"]"}
RESULT: {"using":"xpath","value":"//button[@data-kt=\"addNewRUOverflowToolbarButton\"]"}
COMMAND: POST /session/fcfdec3f19b04732468f3b81cff77eec/elements - {"using":"xpath","value":"//button[@data-kt=\"addNewRUOverflowToolbarButton\"]"}
RESULT: {"using":"xpath","value":"//button[@data-kt=\"addNewRUOverflowToolbarButton\"]"}
COMMAND: POST /session/fcfdec3f19b04732468f3b81cff77eec/elements - {"using":"xpath","value":"//button[@data-kt=\"addNewRUOverflowToolbarButton\"]"}
RESULT: {"using":"xpath","value":"//button[@data-kt=\"addNewRUOverflowToolbarButton\"]"}
COMMAND: POST /session/fcfdec3f19b04732468f3b81cff77eec/elements - {"using":"xpath","value":"//button[@data-kt=\"addNewRUOverflowToolbarButton\"]"}
RESULT: {"using":"xpath","value":"//button[@data-kt=\"addNewRUOverflowToolbarButton\"]"}
COMMAND: POST /session/fcfdec3f19b04732468f3b81cff77eec/elements - {"using":"xpath","value":"//button[@data-kt=\"addNewRUOverflowToolbarButton\"]"}
RESULT: {"using":"xpath","value":"//button[@data-kt=\"addNewRUOverflowToolbarButton\"]"}
COMMAND: POST /session/fcfdec3f19b04732468f3b81cff77eec/elements - {"using":"xpath","value":"//button[@data-kt=\"addNewRUOverflowToolbarButton\"]"}
RESULT: {"using":"xpath","value":"//button[@data-kt=\"addNewRUOverflowToolbarButton\"]"}
COMMAND: POST /session/fcfdec3f19b04732468f3b81cff77eec/elements - {"using":"xpath","value":"//button[@data-kt=\"addNewRUOverflowToolbarButton\"]"}
RESULT: {"using":"xpath","value":"//button[@data-kt=\"addNewRUOverflowToolbarButton\"]"}
COMMAND: POST /session/fcfdec3f19b04732468f3b81cff77eec/elements - {"using":"xpath","value":"//button[@data-kt=\"addNewRUOverflowToolbarButton\"]"}
RESULT: {"using":"xpath","value":"//button[@data-kt=\"addNewRUOverflowToolbarButton\"]"}
COMMAND: POST /session/fcfdec3f19b04732468f3b81cff77eec/elements - {"using":"xpath","value":"//button[@data-kt=\"addNewRUOverflowToolbarButton\"]"}
RESULT: {"using":"xpath","value":"//button[@data-kt=\"addNewRUOverflowToolbarButton\"]"}
COMMAND: POST /session/fcfdec3f19b04732468f3b81cff77eec/elements - {"using":"xpath","value":"//button[@data-kt=\"addNewRUOverflowToolbarButton\"]"}
RESULT: {"using":"xpath","value":"//button[@data-kt=\"addNewRUOverflowToolbarButton\"]"}
COMMAND: POST /session/fcfdec3f19b04732468f3b81cff77eec/elements - {"using":"xpath","value":"//button[@data-kt=\"addNewRUOverflowToolbarButton\"]"}
RESULT: {"using":"xpath","value":"//button[@data-kt=\"addNewRUOverflowToolbarButton\"]"}
COMMAND: POST /session/fcfdec3f19b04732468f3b81cff77eec/elements - {"using":"xpath","value":"//button[@data-kt=\"addNewRUOverflowToolbarButton\"]"}
RESULT: {"using":"xpath","value":"//button[@data-kt=\"addNewRUOverflowToolbarButton\"]"}
COMMAND: POST /session/fcfdec3f19b04732468f3b81cff77eec/element - {"using":"xpath","value":"//button[@data-kt=\"addNewRUOverflowToolbarButton\"]"}
RESULT: {"using":"xpath","value":"//button[@data-kt=\"addNewRUOverflowToolbarButton\"]"}
COMMAND: POST /session/fcfdec3f19b04732468f3b81cff77eec/execute/sync - {"script":"<script> [8489 bytes]","args":[{"element-6066-11e4-a52e-4f735466cecf":"f.4917B356C9E108E3489CB9DCB9E54F9E.d.C35A50ECBF7322C612198A827BB03264.e.8564","ELEMENT":"f.4917B356C9E108E3489CB9DCB9E54F9E.d.C35A50ECBF7322C612198A827BB03264.e.8564"}]}
RESULT: {"script":"<script> [8489 bytes]","args":[{"element-6066-11e4-a52e-4f735466cecf":"f.4917B356C9E108E3489CB9DCB9E54F9E.d.C35A50ECBF7322C612198A827BB03264.e.8564","ELEMENT":"f.4917B356C9E108E3489CB9DCB9E54F9E.d.C35A50ECBF7322C612198A827BB03264.e.8564"}]}
COMMAND: GET /session/fcfdec3f19b04732468f3b81cff77eec/element/f.4917B356C9E108E3489CB9DCB9E54F9E.d.C35A50ECBF7322C612198A827BB03264.e.8564/enabled - {}
COMMAND: GET /session/fcfdec3f19b04732468f3b81cff77eec/screenshot - {}
RESULT: {}
COMMAND: POST /session/fcfdec3f19b04732468f3b81cff77eec/execute/sync - {"script":"<script> [8489 bytes]","args":[{"element-6066-11e4-a52e-4f735466cecf":"f.4917B356C9E108E3489CB9DCB9E54F9E.d.C35A50ECBF7322C612198A827BB03264.e.8564","ELEMENT":"f.4917B356C9E108E3489CB9DCB9E54F9E.d.C35A50ECBF7322C612198A827BB03264.e.8564"}]}
COMMAND: GET /session/fcfdec3f19b04732468f3b81cff77eec/screenshot - {}
RESULT: {}
RESULT: {"script":"<script> [8489 bytes]","args":[{"element-6066-11e4-a52e-4f735466cecf":"f.4917B356C9E108E3489CB9DCB9E54F9E.d.C35A50ECBF7322C612198A827BB03264.e.8564","ELEMENT":"f.4917B356C9E108E3489CB9DCB9E54F9E.d.C35A50ECBF7322C612198A827BB03264.e.8564"}]}
COMMAND: POST /session/fcfdec3f19b04732468f3b81cff77eec/execute/sync - {"script":"<script> [5351 bytes]","args":[{"element-6066-11e4-a52e-4f735466cecf":"f.4917B356C9E108E3489CB9DCB9E54F9E.d.C35A50ECBF7322C612198A827BB03264.e.8564","ELEMENT":"f.4917B356C9E108E3489CB9DCB9E54F9E.d.C35A50ECBF7322C612198A827BB03264.e.8564"}]}
COMMAND: GET /session/fcfdec3f19b04732468f3b81cff77eec/screenshot - {}
RESULT: {}
RESULT: {"script":"<script> [5351 bytes]","args":[{"element-6066-11e4-a52e-4f735466cecf":"f.4917B356C9E108E3489CB9DCB9E54F9E.d.C35A50ECBF7322C612198A827BB03264.e.8564","ELEMENT":"f.4917B356C9E108E3489CB9DCB9E54F9E.d.C35A50ECBF7322C612198A827BB03264.e.8564"}]}
COMMAND: POST /session/fcfdec3f19b04732468f3b81cff77eec/element/f.4917B356C9E108E3489CB9DCB9E54F9E.d.C35A50ECBF7322C612198A827BB03264.e.8564/click - {}
COMMAND: GET /session/fcfdec3f19b04732468f3b81cff77eec/screenshot - {}
RESULT: {}
RESULT: {}
COMMAND: GET /session/fcfdec3f19b04732468f3b81cff77eec/screenshot - {}
COMMAND: POST /session/fcfdec3f19b04732468f3b81cff77eec/execute/async - {"script":"<script> [1562 bytes]","args":[{"selector":{"id":"application-manageresources-display-component---newResourceUnit--TYPE-arrow"},"wdio_ui5_key":"applicationmanageresources-display-component---newResourceUnit--TYPE-arrow"}]}
RESULT: {}
RESULT: {}
RESULT: {"script":"<script> [1562 bytes]","args":[{"selector":{"id":"application-manageresources-display-component---newResourceUnit--TYPE-arrow"},"wdio_ui5_key":"applicationmanageresources-display-component---newResourceUnit--TYPE-arrow"}]}
RESULT: undefined
COMMAND: POST /session/fcfdec3f19b04732468f3b81cff77eec/element - {"using":"xpath","value":"//*[@id=\"application-manageresources-display-component---newResourceUnit--TYPE-arrow\"]"}
RESULT: {"using":"xpath","value":"//*[@id=\"application-manageresources-display-component---newResourceUnit--TYPE-arrow\"]"}
COMMAND: POST /session/fcfdec3f19b04732468f3b81cff77eec/element/f.4917B356C9E108E3489CB9DCB9E54F9E.d.C35A50ECBF7322C612198A827BB03264.e.8804/click - {}
RESULT: {}
COMMAND: POST /session/fcfdec3f19b04732468f3b81cff77eec/element - {"using":"xpath","value":"//input[@id=\"application-manageresources-display-component---newResourceUnit--TYPE-inner\"]"}
COMMAND: GET /session/fcfdec3f19b04732468f3b81cff77eec/screenshot - {}
RESULT: {"using":"xpath","value":"//input[@id=\"application-manageresources-display-component---newResourceUnit--TYPE-inner\"]"}
COMMAND: POST /session/fcfdec3f19b04732468f3b81cff77eec/element/f.4917B356C9E108E3489CB9DCB9E54F9E.d.C35A50ECBF7322C612198A827BB03264.e.8800/clear - {}
RESULT: {}
RESULT: {}
COMMAND: POST /session/fcfdec3f19b04732468f3b81cff77eec/element/f.4917B356C9E108E3489CB9DCB9E54F9E.d.C35A50ECBF7322C612198A827BB03264.e.8800/value - {"text":"Material"}
COMMAND: GET /session/fcfdec3f19b04732468f3b81cff77eec/screenshot - {}
RESULT: {"text":"Material"}
COMMAND: GET /session/fcfdec3f19b04732468f3b81cff77eec/screenshot - {}
RESULT: {}
RESULT: {}
COMMAND: POST /session/fcfdec3f19b04732468f3b81cff77eec/actions - {"actions":[{"id":"action29","type":"key","parameters":{},"actions":[{"type":"keyDown","value":""},{"type":"pause","duration":10},{"type":"keyUp","value":""}]}]}
RESULT: {"actions":[{"id":"action29","type":"key","parameters":{},"actions":[{"type":"keyDown","value":""},{"type":"pause","duration":10},{"type":"keyUp","value":""}]}]}
COMMAND: POST /session/fcfdec3f19b04732468f3b81cff77eec/execute/async - {"script":"<script> [1562 bytes]","args":[{"selector":{"id":"application-manageresources-display-component---newResourceUnit--SHORT_TEXT","interaction":{"idSuffix":"inner"}},"wdio_ui5_key":"applicationmanageresources-display-component---newResourceUnit--SHORT_TEXT"}]}
COMMAND: GET /session/fcfdec3f19b04732468f3b81cff77eec/screenshot - {}
RESULT: {"script":"<script> [1562 bytes]","args":[{"selector":{"id":"application-manageresources-display-component---newResourceUnit--SHORT_TEXT","interaction":{"idSuffix":"inner"}},"wdio_ui5_key":"applicationmanageresources-display-component---newResourceUnit--SHORT_TEXT"}]}
RESULT: undefined
COMMAND: POST /session/fcfdec3f19b04732468f3b81cff77eec/execute/async - {"script":"<script> [776 bytes]","args":[{"enterText":"Cement WDIO","selector":{"id":"application-manageresources-display-component---newResourceUnit--SHORT_TEXT","interaction":{"idSuffix":"inner"}},"clearTextFirst":true,"interactionType":"ENTER_TEXT"}]}
RESULT: {}
RESULT: {"script":"<script> [776 bytes]","args":[{"enterText":"Cement WDIO","selector":{"id":"application-manageresources-display-component---newResourceUnit--SHORT_TEXT","interaction":{"idSuffix":"inner"}},"clearTextFirst":true,"interactionType":"ENTER_TEXT"}]}
COMMAND: POST /session/fcfdec3f19b04732468f3b81cff77eec/execute/async - {"script":"<script> [1562 bytes]","args":[{"selector":{"id":"application-manageresources-display-component---newResourceUnit--BASE_UNIT_OF_MEASURE","interaction":{"idSuffix":"inner"}},"wdio_ui5_key":"applicationmanageresources-display-component---newResourceUnit--BASE_UNIT_OF_MEASURE"}]}
RESULT: {"script":"<script> [1562 bytes]","args":[{"selector":{"id":"application-manageresources-display-component---newResourceUnit--BASE_UNIT_OF_MEASURE","interaction":{"idSuffix":"inner"}},"wdio_ui5_key":"applicationmanageresources-display-component---newResourceUnit--BASE_UNIT_OF_MEASURE"}]}
RESULT: undefined
COMMAND: POST /session/fcfdec3f19b04732468f3b81cff77eec/execute/async - {"script":"<script> [776 bytes]","args":[{"enterText":"Piece","selector":{"id":"application-manageresources-display-component---newResourceUnit--BASE_UNIT_OF_MEASURE","interaction":{"idSuffix":"inner"}},"clearTextFirst":true,"interactionType":"ENTER_TEXT"}]}
RESULT: {"script":"<script> [776 bytes]","args":[{"enterText":"Piece","selector":{"id":"application-manageresources-display-component---newResourceUnit--BASE_UNIT_OF_MEASURE","interaction":{"idSuffix":"inner"}},"clearTextFirst":true,"interactionType":"ENTER_TEXT"}]}
COMMAND: POST /session/fcfdec3f19b04732468f3b81cff77eec/execute/async - {"script":"<script> [1562 bytes]","args":[{"selector":{"id":"application-manageresources-display-component---newResourceUnit--WEIGHT_UNIT","interaction":{"idSuffix":"inner"}},"wdio_ui5_key":"applicationmanageresources-display-component---newResourceUnit--WEIGHT_UNIT"}]}
RESULT: {"script":"<script> [1562 bytes]","args":[{"selector":{"id":"application-manageresources-display-component---newResourceUnit--WEIGHT_UNIT","interaction":{"idSuffix":"inner"}},"wdio_ui5_key":"applicationmanageresources-display-component---newResourceUnit--WEIGHT_UNIT"}]}
RESULT: undefined
COMMAND: POST /session/fcfdec3f19b04732468f3b81cff77eec/execute/async - {"script":"<script> [776 bytes]","args":[{"enterText":"Gram","selector":{"id":"application-manageresources-display-component---newResourceUnit--WEIGHT_UNIT","interaction":{"idSuffix":"inner"}},"clearTextFirst":true,"interactionType":"ENTER_TEXT"}]}
RESULT: {"script":"<script> [776 bytes]","args":[{"enterText":"Gram","selector":{"id":"application-manageresources-display-component---newResourceUnit--WEIGHT_UNIT","interaction":{"idSuffix":"inner"}},"clearTextFirst":true,"interactionType":"ENTER_TEXT"}]}
COMMAND: POST /session/fcfdec3f19b04732468f3b81cff77eec/execute/async - {"script":"<script> [1562 bytes]","args":[{"selector":{"id":"application-manageresources-display-component---newResourceUnit--DIMENSION_UNIT","interaction":{"idSuffix":"inner"}},"wdio_ui5_key":"applicationmanageresources-display-component---newResourceUnit--DIMENSION_UNIT"}]}
RESULT: {"script":"<script> [1562 bytes]","args":[{"selector":{"id":"application-manageresources-display-component---newResourceUnit--DIMENSION_UNIT","interaction":{"idSuffix":"inner"}},"wdio_ui5_key":"applicationmanageresources-display-component---newResourceUnit--DIMENSION_UNIT"}]}
RESULT: undefined
COMMAND: POST /session/fcfdec3f19b04732468f3b81cff77eec/execute/async - {"script":"<script> [776 bytes]","args":[{"enterText":"Meter","selector":{"id":"application-manageresources-display-component---newResourceUnit--DIMENSION_UNIT","interaction":{"idSuffix":"inner"}},"clearTextFirst":true,"interactionType":"ENTER_TEXT"}]}
RESULT: {"script":"<script> [776 bytes]","args":[{"enterText":"Meter","selector":{"id":"application-manageresources-display-component---newResourceUnit--DIMENSION_UNIT","interaction":{"idSuffix":"inner"}},"clearTextFirst":true,"interactionType":"ENTER_TEXT"}]}
COMMAND: POST /session/fcfdec3f19b04732468f3b81cff77eec/execute/async - {"script":"<script> [1562 bytes]","args":[{"selector":{"id":"application-manageresources-display-component---newResourceUnit--newRRUPage-anchBar-application-manageresources-display-component---newResourceUnit--control-anchor","interaction":{"idSuffix":"BDI-content"}},"wdio_ui5_key":"applicationmanageresources-display-component---newResourceUnit--newRRUPage-anchBar-application-manageresources-display-component---newResourceUnit--control-anchor"}]}
RESULT: {"script":"<script> [1562 bytes]","args":[{"selector":{"id":"application-manageresources-display-component---newResourceUnit--newRRUPage-anchBar-application-manageresources-display-component---newResourceUnit--control-anchor","interaction":{"idSuffix":"BDI-content"}},"wdio_ui5_key":"applicationmanageresources-display-component---newResourceUnit--newRRUPage-anchBar-application-manageresources-display-component---newResourceUnit--control-anchor"}]}
RESULT: undefined
COMMAND: POST /session/fcfdec3f19b04732468f3b81cff77eec/element - {"using":"xpath","value":"//*[@id=\"application-manageresources-display-component---newResourceUnit--newRRUPage-anchBar-application-manageresources-display-component---newResourceUnit--control-anchor\"]"}
RESULT: {"using":"xpath","value":"//*[@id=\"application-manageresources-display-component---newResourceUnit--newRRUPage-anchBar-application-manageresources-display-component---newResourceUnit--control-anchor\"]"}
COMMAND: POST /session/fcfdec3f19b04732468f3b81cff77eec/element/f.4917B356C9E108E3489CB9DCB9E54F9E.d.C35A50ECBF7322C612198A827BB03264.e.8937/click - {}
RESULT: {}
COMMAND: POST /session/fcfdec3f19b04732468f3b81cff77eec/execute/async - {"script":"<script> [1562 bytes]","args":[{"selector":{"id":"application-manageresources-display-component---newResourceUnit--PLANNING_GROUP","interaction":{"idSuffix":"inner"}},"wdio_ui5_key":"applicationmanageresources-display-component---newResourceUnit--PLANNING_GROUP"}]}
COMMAND: GET /session/fcfdec3f19b04732468f3b81cff77eec/screenshot - {}
RESULT: {"script":"<script> [1562 bytes]","args":[{"selector":{"id":"application-manageresources-display-component---newResourceUnit--PLANNING_GROUP","interaction":{"idSuffix":"inner"}},"wdio_ui5_key":"applicationmanageresources-display-component---newResourceUnit--PLANNING_GROUP"}]}
RESULT: undefined
COMMAND: POST /session/fcfdec3f19b04732468f3b81cff77eec/execute/async - {"script":"<script> [776 bytes]","args":[{"enterText":"Material","selector":{"id":"application-manageresources-display-component---newResourceUnit--PLANNING_GROUP","interaction":{"idSuffix":"inner"}},"clearTextFirst":true,"interactionType":"ENTER_TEXT"}]}
RESULT: {}
RESULT: {"script":"<script> [776 bytes]","args":[{"enterText":"Material","selector":{"id":"application-manageresources-display-component---newResourceUnit--PLANNING_GROUP","interaction":{"idSuffix":"inner"}},"clearTextFirst":true,"interactionType":"ENTER_TEXT"}]}
COMMAND: POST /session/fcfdec3f19b04732468f3b81cff77eec/execute/async - {"script":"<script> [1562 bytes]","args":[{"selector":{"id":"application-manageresources-display-component---newResourceUnit--PLANNING_INDICATOR","interaction":{"idSuffix":"inner"}},"wdio_ui5_key":"applicationmanageresources-display-component---newResourceUnit--PLANNING_INDICATOR"}]}
RESULT: {"script":"<script> [1562 bytes]","args":[{"selector":{"id":"application-manageresources-display-component---newResourceUnit--PLANNING_INDICATOR","interaction":{"idSuffix":"inner"}},"wdio_ui5_key":"applicationmanageresources-display-component---newResourceUnit--PLANNING_INDICATOR"}]}
RESULT: undefined
COMMAND: POST /session/fcfdec3f19b04732468f3b81cff77eec/execute/async - {"script":"<script> [776 bytes]","args":[{"enterText":"10 - infinite","selector":{"id":"application-manageresources-display-component---newResourceUnit--PLANNING_INDICATOR","interaction":{"idSuffix":"inner"}},"clearTextFirst":true,"interactionType":"ENTER_TEXT"}]}
RESULT: {"script":"<script> [776 bytes]","args":[{"enterText":"10 - infinite","selector":{"id":"application-manageresources-display-component---newResourceUnit--PLANNING_INDICATOR","interaction":{"idSuffix":"inner"}},"clearTextFirst":true,"interactionType":"ENTER_TEXT"}]}
COMMAND: POST /session/fcfdec3f19b04732468f3b81cff77eec/element - {"using":"css selector","value":"#application-manageresources-display-component---newResourceUnit--btnAddTimeSegment"}
RESULT: {"using":"css selector","value":"#application-manageresources-display-component---newResourceUnit--btnAddTimeSegment"}
COMMAND: GET /session/fcfdec3f19b04732468f3b81cff77eec/element/f.4917B356C9E108E3489CB9DCB9E54F9E.d.C35A50ECBF7322C612198A827BB03264.e.8945/rect - {}
RESULT: {}
COMMAND: GET /session/fcfdec3f19b04732468f3b81cff77eec/window/rect - {}
RESULT: {}
COMMAND: POST /session/fcfdec3f19b04732468f3b81cff77eec/execute/sync - {"script":"<script> [92 bytes]","args":[]}
RESULT: {"script":"<script> [92 bytes]","args":[]}
COMMAND: POST /session/fcfdec3f19b04732468f3b81cff77eec/actions - {"actions":[{"id":"action30","type":"wheel","parameters":{},"actions":[{"type":"scroll","x":-1888,"y":-32,"deltaX":0,"deltaY":0,"duration":0,"origin":{"element-6066-11e4-a52e-4f735466cecf":"f.4917B356C9E108E3489CB9DCB9E54F9E.d.C35A50ECBF7322C612198A827BB03264.e.8945"}}]}]}
COMMAND: GET /session/fcfdec3f19b04732468f3b81cff77eec/screenshot - {}
RESULT: {}
COMMAND: POST /session/fcfdec3f19b04732468f3b81cff77eec/execute/sync - {"script":"<script> [79 bytes]","args":[{"element-6066-11e4-a52e-4f735466cecf":"f.4917B356C9E108E3489CB9DCB9E54F9E.d.C35A50ECBF7322C612198A827BB03264.e.8945","ELEMENT":"f.4917B356C9E108E3489CB9DCB9E54F9E.d.C35A50ECBF7322C612198A827BB03264.e.8945"},{"block":"start","inline":"nearest"}]}
RESULT: {"script":"<script> [79 bytes]","args":[{"element-6066-11e4-a52e-4f735466cecf":"f.4917B356C9E108E3489CB9DCB9E54F9E.d.C35A50ECBF7322C612198A827BB03264.e.8945","ELEMENT":"f.4917B356C9E108E3489CB9DCB9E54F9E.d.C35A50ECBF7322C612198A827BB03264.e.8945"},{"block":"start","inline":"nearest"}]}
COMMAND: POST /session/fcfdec3f19b04732468f3b81cff77eec/execute/async - {"script":"<script> [1562 bytes]","args":[{"selector":{"id":"application-manageresources-display-component---newResourceUnit--btnAddTimeSegment","interaction":{"idSuffix":"inner"}},"wdio_ui5_key":"applicationmanageresources-display-component---newResourceUnit--btnAddTimeSegment"}]}
COMMAND: GET /session/fcfdec3f19b04732468f3b81cff77eec/screenshot - {}
RESULT: {"script":"<script> [1562 bytes]","args":[{"selector":{"id":"application-manageresources-display-component---newResourceUnit--btnAddTimeSegment","interaction":{"idSuffix":"inner"}},"wdio_ui5_key":"applicationmanageresources-display-component---newResourceUnit--btnAddTimeSegment"}]}
RESULT: undefined
COMMAND: POST /session/fcfdec3f19b04732468f3b81cff77eec/element - {"using":"xpath","value":"//*[@id=\"application-manageresources-display-component---newResourceUnit--btnAddTimeSegment\"]"}
RESULT: {}
RESULT: {"using":"xpath","value":"//*[@id=\"application-manageresources-display-component---newResourceUnit--btnAddTimeSegment\"]"}
COMMAND: POST /session/fcfdec3f19b04732468f3b81cff77eec/element/f.4917B356C9E108E3489CB9DCB9E54F9E.d.C35A50ECBF7322C612198A827BB03264.e.8945/click - {}
RESULT: {}
COMMAND: GET /session/fcfdec3f19b04732468f3b81cff77eec/screenshot - {}
RESULT: {}
COMMAND: POST /session/fcfdec3f19b04732468f3b81cff77eec/element - {"using":"xpath","value":"//input[@id=\"application-manageresources-display-component---newResourceUnit--idRuTSAdmin-application-manageresources-display-component---newResourceUnit--RUTimeSegment-0-inner\"]"}
RESULT: {"using":"xpath","value":"//input[@id=\"application-manageresources-display-component---newResourceUnit--idRuTSAdmin-application-manageresources-display-component---newResourceUnit--RUTimeSegment-0-inner\"]"}
COMMAND: POST /session/fcfdec3f19b04732468f3b81cff77eec/element/f.4917B356C9E108E3489CB9DCB9E54F9E.d.C35A50ECBF7322C612198A827BB03264.e.8950/clear - {}
RESULT: {}
COMMAND: POST /session/fcfdec3f19b04732468f3b81cff77eec/element/f.4917B356C9E108E3489CB9DCB9E54F9E.d.C35A50ECBF7322C612198A827BB03264.e.8950/value - {"text":"247"}
COMMAND: GET /session/fcfdec3f19b04732468f3b81cff77eec/screenshot - {}
RESULT: {"text":"247"}
COMMAND: GET /session/fcfdec3f19b04732468f3b81cff77eec/screenshot - {}
RESULT: {}
RESULT: {}
COMMAND: POST /session/fcfdec3f19b04732468f3b81cff77eec/element - {"using":"xpath","value":"//li[.//span[text()='247']]"}
RESULT: {"using":"xpath","value":"//li[.//span[text()='247']]"}
COMMAND: POST /session/fcfdec3f19b04732468f3b81cff77eec/element/f.4917B356C9E108E3489CB9DCB9E54F9E.d.C35A50ECBF7322C612198A827BB03264.e.8959/click - {}
RESULT: {}
COMMAND: GET /session/fcfdec3f19b04732468f3b81cff77eec/screenshot - {}
RESULT: {}
COMMAND: POST /session/fcfdec3f19b04732468f3b81cff77eec/element - {"using":"xpath","value":"(//span[contains(@id, \"-application-manageresources-display-component---newResourceUnit--RUTimeSegment-0-arrow\")])[2]"}
RESULT: {"using":"xpath","value":"(//span[contains(@id, \"-application-manageresources-display-component---newResourceUnit--RUTimeSegment-0-arrow\")])[2]"}
COMMAND: POST /session/fcfdec3f19b04732468f3b81cff77eec/element/f.4917B356C9E108E3489CB9DCB9E54F9E.d.C35A50ECBF7322C612198A827BB03264.e.8960/click - {}
RESULT: {}
COMMAND: POST /session/fcfdec3f19b04732468f3b81cff77eec/element - {"using":"xpath","value":"//span[contains(text(), \"PM Order\")]"}
COMMAND: GET /session/fcfdec3f19b04732468f3b81cff77eec/screenshot - {}
RESULT: {"using":"xpath","value":"//span[contains(text(), \"PM Order\")]"}
COMMAND: POST /session/fcfdec3f19b04732468f3b81cff77eec/element/f.4917B356C9E108E3489CB9DCB9E54F9E.d.C35A50ECBF7322C612198A827BB03264.e.8961/click - {}
RESULT: {}
RESULT: {}
COMMAND: GET /session/fcfdec3f19b04732468f3b81cff77eec/screenshot - {}
RESULT: {}
COMMAND: POST /session/fcfdec3f19b04732468f3b81cff77eec/element - {"using":"xpath","value":"//td/div/div/div/span[contains(@id, \"newResourceUnit--RUTimeSegment-0-vhi\")][1]"}
RESULT: {"using":"xpath","value":"//td/div/div/div/span[contains(@id, \"newResourceUnit--RUTimeSegment-0-vhi\")][1]"}
COMMAND: GET /session/fcfdec3f19b04732468f3b81cff77eec/element/f.4917B356C9E108E3489CB9DCB9E54F9E.d.C35A50ECBF7322C612198A827BB03264.e.8965/rect - {}
RESULT: {}
COMMAND: GET /session/fcfdec3f19b04732468f3b81cff77eec/window/rect - {}
RESULT: {}
COMMAND: POST /session/fcfdec3f19b04732468f3b81cff77eec/execute/sync - {"script":"<script> [92 bytes]","args":[]}
RESULT: {"script":"<script> [92 bytes]","args":[]}
COMMAND: POST /session/fcfdec3f19b04732468f3b81cff77eec/actions - {"actions":[{"id":"action31","type":"wheel","parameters":{},"actions":[{"type":"scroll","x":-1888,"y":-24,"deltaX":0,"deltaY":0,"duration":0,"origin":{"element-6066-11e4-a52e-4f735466cecf":"f.4917B356C9E108E3489CB9DCB9E54F9E.d.C35A50ECBF7322C612198A827BB03264.e.8965"}}]}]}
COMMAND: GET /session/fcfdec3f19b04732468f3b81cff77eec/screenshot - {}
RESULT: {}
COMMAND: POST /session/fcfdec3f19b04732468f3b81cff77eec/execute/sync - {"script":"<script> [79 bytes]","args":[{"element-6066-11e4-a52e-4f735466cecf":"f.4917B356C9E108E3489CB9DCB9E54F9E.d.C35A50ECBF7322C612198A827BB03264.e.8965","ELEMENT":"f.4917B356C9E108E3489CB9DCB9E54F9E.d.C35A50ECBF7322C612198A827BB03264.e.8965"},{"block":"start","inline":"nearest"}]}
RESULT: {"script":"<script> [79 bytes]","args":[{"element-6066-11e4-a52e-4f735466cecf":"f.4917B356C9E108E3489CB9DCB9E54F9E.d.C35A50ECBF7322C612198A827BB03264.e.8965","ELEMENT":"f.4917B356C9E108E3489CB9DCB9E54F9E.d.C35A50ECBF7322C612198A827BB03264.e.8965"},{"block":"start","inline":"nearest"}]}
COMMAND: GET /session/fcfdec3f19b04732468f3b81cff77eec/screenshot - {}
RESULT: {}
COMMAND: POST /session/fcfdec3f19b04732468f3b81cff77eec/element/f.4917B356C9E108E3489CB9DCB9E54F9E.d.C35A50ECBF7322C612198A827BB03264.e.8965/click - {}
RESULT: {}
COMMAND: GET /session/fcfdec3f19b04732468f3b81cff77eec/screenshot - {}
RESULT: {}
COMMAND: POST /session/fcfdec3f19b04732468f3b81cff77eec/execute/async - {"script":"<script> [1562 bytes]","args":[{"selector":{"controlType":"sap.m.SearchField","properties":{"placeholder":"Search"},"searchOpenDialogs":true,"interaction":{"idSuffix":"I"}},"wdio_ui5_key":"sapm.SearchField{\"placeholder\":\"Search\"}"}]}
RESULT: {"script":"<script> [1562 bytes]","args":[{"selector":{"controlType":"sap.m.SearchField","properties":{"placeholder":"Search"},"searchOpenDialogs":true,"interaction":{"idSuffix":"I"}},"wdio_ui5_key":"sapm.SearchField{\"placeholder\":\"Search\"}"}]}
RESULT: undefined
COMMAND: POST /session/fcfdec3f19b04732468f3b81cff77eec/execute/async - {"script":"<script> [776 bytes]","args":[{"enterText":"4000360","selector":{"controlType":"sap.m.SearchField","properties":{"placeholder":"Search"},"searchOpenDialogs":true,"interaction":{"idSuffix":"I"}},"clearTextFirst":true,"interactionType":"ENTER_TEXT"}]}
RESULT: {"script":"<script> [776 bytes]","args":[{"enterText":"4000360","selector":{"controlType":"sap.m.SearchField","properties":{"placeholder":"Search"},"searchOpenDialogs":true,"interaction":{"idSuffix":"I"}},"clearTextFirst":true,"interactionType":"ENTER_TEXT"}]}
COMMAND: POST /session/fcfdec3f19b04732468f3b81cff77eec/actions - {"actions":[{"id":"action32","type":"key","parameters":{},"actions":[{"type":"keyDown","value":""},{"type":"pause","duration":10},{"type":"keyUp","value":""}]}]}
RESULT: {"actions":[{"id":"action32","type":"key","parameters":{},"actions":[{"type":"keyDown","value":""},{"type":"pause","duration":10},{"type":"keyUp","value":""}]}]}
COMMAND: GET /session/fcfdec3f19b04732468f3b81cff77eec/screenshot - {}
RESULT: {}
COMMAND: POST /session/fcfdec3f19b04732468f3b81cff77eec/element - {"using":"xpath","value":"//td/div/span[contains(text(), \"BGL Vehicles\")]"}
RESULT: {"using":"xpath","value":"//td/div/span[contains(text(), \"BGL Vehicles\")]"}
COMMAND: POST /session/fcfdec3f19b04732468f3b81cff77eec/element/f.4917B356C9E108E3489CB9DCB9E54F9E.d.C35A50ECBF7322C612198A827BB03264.e.8987/click - {}
RESULT: {}
COMMAND: GET /session/fcfdec3f19b04732468f3b81cff77eec/screenshot - {}
RESULT: {}
COMMAND: POST /session/fcfdec3f19b04732468f3b81cff77eec/element - {"using":"xpath","value":"//bdi[contains(text(), \"OK\")]"}
RESULT: {"using":"xpath","value":"//bdi[contains(text(), \"OK\")]"}
COMMAND: POST /session/fcfdec3f19b04732468f3b81cff77eec/element/f.4917B356C9E108E3489CB9DCB9E54F9E.d.C35A50ECBF7322C612198A827BB03264.e.8988/click - {}
RESULT: {}
COMMAND: GET /session/fcfdec3f19b04732468f3b81cff77eec/screenshot - {}
RESULT: {}
COMMAND: POST /session/fcfdec3f19b04732468f3b81cff77eec/element - {"using":"xpath","value":"//label[contains(@class, 'sapMLabelRequired') and .//bdi[contains(text(), 'Planned Retirement')]]"}
RESULT: {"using":"xpath","value":"//label[contains(@class, 'sapMLabelRequired') and .//bdi[contains(text(), 'Planned Retirement')]]"}
COMMAND: POST /session/fcfdec3f19b04732468f3b81cff77eec/elements - {"using":"xpath","value":"//label[contains(@class, 'sapMLabelRequired') and .//bdi[contains(text(), 'Planned Retirement')]]"}
RESULT: {"using":"xpath","value":"//label[contains(@class, 'sapMLabelRequired') and .//bdi[contains(text(), 'Planned Retirement')]]"}
COMMAND: POST /session/fcfdec3f19b04732468f3b81cff77eec/element - {"using":"xpath","value":"//button[@data-kt=\"resourceUnitSaveButton\"]"}
RESULT: {"using":"xpath","value":"//button[@data-kt=\"resourceUnitSaveButton\"]"}
COMMAND: POST /session/fcfdec3f19b04732468f3b81cff77eec/element/f.4917B356C9E108E3489CB9DCB9E54F9E.d.C35A50ECBF7322C612198A827BB03264.e.8823/click - {}
RESULT: {}
COMMAND: GET /session/fcfdec3f19b04732468f3b81cff77eec/screenshot - {}
RESULT: {}
COMMAND: POST /session/fcfdec3f19b04732468f3b81cff77eec/element - {"using":"xpath","value":"//bdi[contains(text(), \"Close\")]"}
RESULT: {"using":"xpath","value":"//bdi[contains(text(), \"Close\")]"}
COMMAND: POST /session/fcfdec3f19b04732468f3b81cff77eec/element/f.4917B356C9E108E3489CB9DCB9E54F9E.d.C35A50ECBF7322C612198A827BB03264.e.8994/click - {}
RESULT: {}
COMMAND: GET /session/fcfdec3f19b04732468f3b81cff77eec/screenshot - {}
RESULT: {}
COMMAND: POST /session/fcfdec3f19b04732468f3b81cff77eec/element - {"using":"xpath","value":"//header[contains(@id, 'detailRruPage-headerTitle')]/div[1]/div[2]/div[2]/span[1]"}
RESULT: {"using":"xpath","value":"//header[contains(@id, 'detailRruPage-headerTitle')]/div[1]/div[2]/div[2]/span[1]"}
COMMAND: POST /session/fcfdec3f19b04732468f3b81cff77eec/elements - {"using":"xpath","value":"//header[contains(@id, 'detailRruPage-headerTitle')]/div[1]/div[2]/div[2]/span[1]"}
RESULT: {"using":"xpath","value":"//header[contains(@id, 'detailRruPage-headerTitle')]/div[1]/div[2]/div[2]/span[1]"}
COMMAND: POST /session/fcfdec3f19b04732468f3b81cff77eec/execute/sync - {"script":"<script> [56 bytes]","args":[{"element-6066-11e4-a52e-4f735466cecf":"f.4917B356C9E108E3489CB9DCB9E54F9E.d.C35A50ECBF7322C612198A827BB03264.e.9031","ELEMENT":"f.4917B356C9E108E3489CB9DCB9E54F9E.d.C35A50ECBF7322C612198A827BB03264.e.9031"}]}
RESULT: {"script":"<script> [56 bytes]","args":[{"element-6066-11e4-a52e-4f735466cecf":"f.4917B356C9E108E3489CB9DCB9E54F9E.d.C35A50ECBF7322C612198A827BB03264.e.9031","ELEMENT":"f.4917B356C9E108E3489CB9DCB9E54F9E.d.C35A50ECBF7322C612198A827BB03264.e.9031"}]}
COMMAND: POST /session/fcfdec3f19b04732468f3b81cff77eec/element - {"using":"css selector","value":"#shell-header-logo"}
COMMAND: GET /session/fcfdec3f19b04732468f3b81cff77eec/screenshot - {}
RESULT: {"using":"css selector","value":"#shell-header-logo"}
COMMAND: POST /session/fcfdec3f19b04732468f3b81cff77eec/element/f.4917B356C9E108E3489CB9DCB9E54F9E.d.C35A50ECBF7322C612198A827BB03264.e.8301/click - {}
RESULT: {}
RESULT: {}
COMMAND: GET /session/fcfdec3f19b04732468f3b81cff77eec/screenshot - {}
RESULT: {}
]]></system-out>
    </testcase>
    <testcase classname="chrome.136_0_7103_93.windows.Provide_to_Site_w/_warehouse_management_w/o_clarification_US113782_" name="Bin Status Report Should Create New Organization yard" time="0.005"/>
    <testcase classname="chrome.136_0_7103_93.windows.Provide_to_Site_w/_warehouse_management_w/o_clarification_US113782_" name="Bin Status Report Should Create New Organization for Site" time="0.006"/>
  </testsuite>
  <testsuite timestamp="2025-05-24T16:50:40" time="422.133" tests="5" failures="0" errors="0" skipped="0">
    <properties>
      <property name="specId" value="0"/>
      <property name="suiteName" value="Provide to Site w/ warehouse management wo clarification"/>
      <property name="capabilities" value="chrome.136_0_7103_93.windows"/>
      <property name="file" value="file:///D:/a/1/s/test/specs/HTR/provide-to-site-w-warehouse-wo-clarification.spec.js"/>
    </properties>
    <testcase classname="chrome.136_0_7103_93.windows.Provide_to_Site_w/_warehouse_management_wo_clarification" name="Should do a stock increase handover" time="92.069">
      <system-out><![CDATA[
COMMAND: POST /session/fcfdec3f19b04732468f3b81cff77eec/execute/async - {"script":"<script> [1562 bytes]","args":[{"selector":{"controlType":"sap.m.GenericTile","properties":{"header":"Manage Handovers"}},"wdio_ui5_key":"sapm.GenericTile{\"header\":\"Manage Handovers\"}"}]}
RESULT: {"script":"<script> [1562 bytes]","args":[{"selector":{"controlType":"sap.m.GenericTile","properties":{"header":"Manage Handovers"}},"wdio_ui5_key":"sapm.GenericTile{\"header\":\"Manage Handovers\"}"}]}
RESULT: undefined
COMMAND: POST /session/fcfdec3f19b04732468f3b81cff77eec/element - {"using":"xpath","value":"//*[@id=\"__tile133\"]"}
RESULT: {"using":"xpath","value":"//*[@id=\"__tile133\"]"}
COMMAND: POST /session/fcfdec3f19b04732468f3b81cff77eec/element/f.4917B356C9E108E3489CB9DCB9E54F9E.d.C35A50ECBF7322C612198A827BB03264.e.8350/click - {}
RESULT: {}
COMMAND: GET /session/fcfdec3f19b04732468f3b81cff77eec/screenshot - {}
RESULT: {}
COMMAND: POST /session/fcfdec3f19b04732468f3b81cff77eec/elements - {"using":"xpath","value":"//span[text()='Error']"}
RESULT: {"using":"xpath","value":"//span[text()='Error']"}
COMMAND: POST /session/fcfdec3f19b04732468f3b81cff77eec/element - {"using":"xpath","value":"//button[@data-kt=\"masterHOAddButton\"]"}
RESULT: {"using":"xpath","value":"//button[@data-kt=\"masterHOAddButton\"]"}
COMMAND: POST /session/fcfdec3f19b04732468f3b81cff77eec/elements - {"using":"xpath","value":"//button[@data-kt=\"masterHOAddButton\"]"}
RESULT: {"using":"xpath","value":"//button[@data-kt=\"masterHOAddButton\"]"}
COMMAND: POST /session/fcfdec3f19b04732468f3b81cff77eec/execute/sync - {"script":"<script> [8489 bytes]","args":[{"element-6066-11e4-a52e-4f735466cecf":"f.4917B356C9E108E3489CB9DCB9E54F9E.d.C35A50ECBF7322C612198A827BB03264.e.9072","ELEMENT":"f.4917B356C9E108E3489CB9DCB9E54F9E.d.C35A50ECBF7322C612198A827BB03264.e.9072"}]}
RESULT: {"script":"<script> [8489 bytes]","args":[{"element-6066-11e4-a52e-4f735466cecf":"f.4917B356C9E108E3489CB9DCB9E54F9E.d.C35A50ECBF7322C612198A827BB03264.e.9072","ELEMENT":"f.4917B356C9E108E3489CB9DCB9E54F9E.d.C35A50ECBF7322C612198A827BB03264.e.9072"}]}
COMMAND: GET /session/fcfdec3f19b04732468f3b81cff77eec/element/f.4917B356C9E108E3489CB9DCB9E54F9E.d.C35A50ECBF7322C612198A827BB03264.e.9072/enabled - {}
COMMAND: GET /session/fcfdec3f19b04732468f3b81cff77eec/screenshot - {}
RESULT: {}
COMMAND: POST /session/fcfdec3f19b04732468f3b81cff77eec/execute/sync - {"script":"<script> [8489 bytes]","args":[{"element-6066-11e4-a52e-4f735466cecf":"f.4917B356C9E108E3489CB9DCB9E54F9E.d.C35A50ECBF7322C612198A827BB03264.e.9072","ELEMENT":"f.4917B356C9E108E3489CB9DCB9E54F9E.d.C35A50ECBF7322C612198A827BB03264.e.9072"}]}
COMMAND: GET /session/fcfdec3f19b04732468f3b81cff77eec/screenshot - {}
RESULT: {}
RESULT: {"script":"<script> [8489 bytes]","args":[{"element-6066-11e4-a52e-4f735466cecf":"f.4917B356C9E108E3489CB9DCB9E54F9E.d.C35A50ECBF7322C612198A827BB03264.e.9072","ELEMENT":"f.4917B356C9E108E3489CB9DCB9E54F9E.d.C35A50ECBF7322C612198A827BB03264.e.9072"}]}
COMMAND: POST /session/fcfdec3f19b04732468f3b81cff77eec/execute/sync - {"script":"<script> [5351 bytes]","args":[{"element-6066-11e4-a52e-4f735466cecf":"f.4917B356C9E108E3489CB9DCB9E54F9E.d.C35A50ECBF7322C612198A827BB03264.e.9072","ELEMENT":"f.4917B356C9E108E3489CB9DCB9E54F9E.d.C35A50ECBF7322C612198A827BB03264.e.9072"}]}
COMMAND: GET /session/fcfdec3f19b04732468f3b81cff77eec/screenshot - {}
RESULT: {}
RESULT: {"script":"<script> [5351 bytes]","args":[{"element-6066-11e4-a52e-4f735466cecf":"f.4917B356C9E108E3489CB9DCB9E54F9E.d.C35A50ECBF7322C612198A827BB03264.e.9072","ELEMENT":"f.4917B356C9E108E3489CB9DCB9E54F9E.d.C35A50ECBF7322C612198A827BB03264.e.9072"}]}
COMMAND: POST /session/fcfdec3f19b04732468f3b81cff77eec/element/f.4917B356C9E108E3489CB9DCB9E54F9E.d.C35A50ECBF7322C612198A827BB03264.e.9072/click - {}
COMMAND: GET /session/fcfdec3f19b04732468f3b81cff77eec/screenshot - {}
RESULT: {}
RESULT: {}
COMMAND: GET /session/fcfdec3f19b04732468f3b81cff77eec/screenshot - {}
RESULT: {}
RESULT: {}
COMMAND: POST /session/fcfdec3f19b04732468f3b81cff77eec/element - {"using":"xpath","value":"//span[contains(@id ,\"AddNewHO--typeSelect-arrow\")]"}
RESULT: {"using":"xpath","value":"//span[contains(@id ,\"AddNewHO--typeSelect-arrow\")]"}
COMMAND: POST /session/fcfdec3f19b04732468f3b81cff77eec/element/f.4917B356C9E108E3489CB9DCB9E54F9E.d.C35A50ECBF7322C612198A827BB03264.e.9425/click - {}
RESULT: {}
COMMAND: GET /session/fcfdec3f19b04732468f3b81cff77eec/screenshot - {}
RESULT: {}
COMMAND: POST /session/fcfdec3f19b04732468f3b81cff77eec/element - {"using":"xpath","value":"(//li[contains(text(), \"stock increase yard\")])[1]"}
RESULT: {"using":"xpath","value":"(//li[contains(text(), \"stock increase yard\")])[1]"}
COMMAND: POST /session/fcfdec3f19b04732468f3b81cff77eec/element/f.4917B356C9E108E3489CB9DCB9E54F9E.d.C35A50ECBF7322C612198A827BB03264.e.9426/click - {}
RESULT: {}
COMMAND: GET /session/fcfdec3f19b04732468f3b81cff77eec/screenshot - {}
COMMAND: POST /session/fcfdec3f19b04732468f3b81cff77eec/execute/async - {"script":"<script> [1562 bytes]","args":[{"selector":{"id":"application-managehandovers-display-component---AddNewHO--dueDate","interaction":{"idSuffix":"inner"}},"wdio_ui5_key":"applicationmanagehandovers-display-component---AddNewHO--dueDate"}]}
RESULT: {}
RESULT: {"script":"<script> [1562 bytes]","args":[{"selector":{"id":"application-managehandovers-display-component---AddNewHO--dueDate","interaction":{"idSuffix":"inner"}},"wdio_ui5_key":"applicationmanagehandovers-display-component---AddNewHO--dueDate"}]}
RESULT: undefined
COMMAND: POST /session/fcfdec3f19b04732468f3b81cff77eec/execute/async - {"script":"<script> [6424 bytes]","args":[{"element-6066-11e4-a52e-4f735466cecf":"f.4917B356C9E108E3489CB9DCB9E54F9E.d.C35A50ECBF7322C612198A827BB03264.e.9430"},"setValue",["5/24/25"]]}
RESULT: {"script":"<script> [6424 bytes]","args":[{"element-6066-11e4-a52e-4f735466cecf":"f.4917B356C9E108E3489CB9DCB9E54F9E.d.C35A50ECBF7322C612198A827BB03264.e.9430"},"setValue",["5/24/25"]]}
COMMAND: POST /session/fcfdec3f19b04732468f3b81cff77eec/element - {"using":"xpath","value":"//input[@id=\"generalSectionFrg--receiveYard-inner\"]"}
RESULT: {"using":"xpath","value":"//input[@id=\"generalSectionFrg--receiveYard-inner\"]"}
COMMAND: POST /session/fcfdec3f19b04732468f3b81cff77eec/element/f.4917B356C9E108E3489CB9DCB9E54F9E.d.C35A50ECBF7322C612198A827BB03264.e.9436/clear - {}
RESULT: {}
COMMAND: POST /session/fcfdec3f19b04732468f3b81cff77eec/element/f.4917B356C9E108E3489CB9DCB9E54F9E.d.C35A50ECBF7322C612198A827BB03264.e.9436/value - {"text":"247"}
COMMAND: GET /session/fcfdec3f19b04732468f3b81cff77eec/screenshot - {}
RESULT: {}
RESULT: {"text":"247"}
COMMAND: GET /session/fcfdec3f19b04732468f3b81cff77eec/screenshot - {}
RESULT: {}
COMMAND: POST /session/fcfdec3f19b04732468f3b81cff77eec/element - {"using":"xpath","value":"//li[.//span[text()='247']]"}
RESULT: {"using":"xpath","value":"//li[.//span[text()='247']]"}
COMMAND: POST /session/fcfdec3f19b04732468f3b81cff77eec/element/f.4917B356C9E108E3489CB9DCB9E54F9E.d.C35A50ECBF7322C612198A827BB03264.e.9452/click - {}
RESULT: {}
COMMAND: GET /session/fcfdec3f19b04732468f3b81cff77eec/screenshot - {}
RESULT: {}
COMMAND: POST /session/fcfdec3f19b04732468f3b81cff77eec/execute/async - {"script":"<script> [1562 bytes]","args":[{"selector":{"id":"application-managehandovers-display-component---AddNewHO--ObjectPageLayout-anchBar-application-managehandovers-display-component---AddNewHO--section4-anchor","interaction":{"idSuffix":"BDI-content"}},"wdio_ui5_key":"applicationmanagehandovers-display-component---AddNewHO--ObjectPageLayout-anchBar-application-managehandovers-display-component---AddNewHO--section4-anchor"}]}
RESULT: {"script":"<script> [1562 bytes]","args":[{"selector":{"id":"application-managehandovers-display-component---AddNewHO--ObjectPageLayout-anchBar-application-managehandovers-display-component---AddNewHO--section4-anchor","interaction":{"idSuffix":"BDI-content"}},"wdio_ui5_key":"applicationmanagehandovers-display-component---AddNewHO--ObjectPageLayout-anchBar-application-managehandovers-display-component---AddNewHO--section4-anchor"}]}
RESULT: undefined
COMMAND: POST /session/fcfdec3f19b04732468f3b81cff77eec/element - {"using":"xpath","value":"//*[@id=\"application-managehandovers-display-component---AddNewHO--ObjectPageLayout-anchBar-application-managehandovers-display-component---AddNewHO--section4-anchor\"]"}
RESULT: {"using":"xpath","value":"//*[@id=\"application-managehandovers-display-component---AddNewHO--ObjectPageLayout-anchBar-application-managehandovers-display-component---AddNewHO--section4-anchor\"]"}
COMMAND: POST /session/fcfdec3f19b04732468f3b81cff77eec/element/f.4917B356C9E108E3489CB9DCB9E54F9E.d.C35A50ECBF7322C612198A827BB03264.e.9454/click - {}
RESULT: {}
COMMAND: POST /session/fcfdec3f19b04732468f3b81cff77eec/element - {"using":"xpath","value":"//button[@aria-label=\"Add\"]"}
COMMAND: GET /session/fcfdec3f19b04732468f3b81cff77eec/screenshot - {}
RESULT: {"using":"xpath","value":"//button[@aria-label=\"Add\"]"}
COMMAND: POST /session/fcfdec3f19b04732468f3b81cff77eec/element/f.4917B356C9E108E3489CB9DCB9E54F9E.d.C35A50ECBF7322C612198A827BB03264.e.9456/click - {}
RESULT: {}
RESULT: {}
COMMAND: GET /session/fcfdec3f19b04732468f3b81cff77eec/screenshot - {}
RESULT: {}
COMMAND: POST /session/fcfdec3f19b04732468f3b81cff77eec/execute/async - {"script":"<script> [1562 bytes]","args":[{"selector":{"id":"application-managehandovers-display-component---AddNewHO--smartFilterBar-btnBasicSearch","searchOpenDialogs":true,"interaction":{"idSuffix":"I"}},"wdio_ui5_key":"applicationmanagehandovers-display-component---AddNewHO--smartFilterBar-btnBasicSearch"}]}
RESULT: {"script":"<script> [1562 bytes]","args":[{"selector":{"id":"application-managehandovers-display-component---AddNewHO--smartFilterBar-btnBasicSearch","searchOpenDialogs":true,"interaction":{"idSuffix":"I"}},"wdio_ui5_key":"applicationmanagehandovers-display-component---AddNewHO--smartFilterBar-btnBasicSearch"}]}
RESULT: undefined
COMMAND: POST /session/fcfdec3f19b04732468f3b81cff77eec/execute/async - {"script":"<script> [776 bytes]","args":[{"enterText":"200111","selector":{"id":"application-managehandovers-display-component---AddNewHO--smartFilterBar-btnBasicSearch","searchOpenDialogs":true,"interaction":{"idSuffix":"I"}},"clearTextFirst":true,"interactionType":"ENTER_TEXT"}]}
RESULT: {"script":"<script> [776 bytes]","args":[{"enterText":"200111","selector":{"id":"application-managehandovers-display-component---AddNewHO--smartFilterBar-btnBasicSearch","searchOpenDialogs":true,"interaction":{"idSuffix":"I"}},"clearTextFirst":true,"interactionType":"ENTER_TEXT"}]}
COMMAND: POST /session/fcfdec3f19b04732468f3b81cff77eec/actions - {"actions":[{"id":"action33","type":"key","parameters":{},"actions":[{"type":"keyDown","value":""},{"type":"pause","duration":10},{"type":"keyUp","value":""}]}]}
RESULT: {"actions":[{"id":"action33","type":"key","parameters":{},"actions":[{"type":"keyDown","value":""},{"type":"pause","duration":10},{"type":"keyUp","value":""}]}]}
COMMAND: GET /session/fcfdec3f19b04732468f3b81cff77eec/screenshot - {}
RESULT: {}
COMMAND: POST /session/fcfdec3f19b04732468f3b81cff77eec/execute/async - {"script":"<script> [1562 bytes]","args":[{"selector":{"id":"application-managehandovers-display-component---AddNewHO--popup-sa","searchOpenDialogs":true,"interaction":{"idSuffix":"CbBg"}},"wdio_ui5_key":"applicationmanagehandovers-display-component---AddNewHO--popup-sa"}]}
RESULT: {"script":"<script> [1562 bytes]","args":[{"selector":{"id":"application-managehandovers-display-component---AddNewHO--popup-sa","searchOpenDialogs":true,"interaction":{"idSuffix":"CbBg"}},"wdio_ui5_key":"applicationmanagehandovers-display-component---AddNewHO--popup-sa"}]}
RESULT: undefined
COMMAND: POST /session/fcfdec3f19b04732468f3b81cff77eec/element - {"using":"xpath","value":"//*[@id=\"application-managehandovers-display-component---AddNewHO--popup-sa\"]"}
RESULT: {"using":"xpath","value":"//*[@id=\"application-managehandovers-display-component---AddNewHO--popup-sa\"]"}
COMMAND: POST /session/fcfdec3f19b04732468f3b81cff77eec/element/f.4917B356C9E108E3489CB9DCB9E54F9E.d.C35A50ECBF7322C612198A827BB03264.e.9609/click - {}
RESULT: {}
COMMAND: GET /session/fcfdec3f19b04732468f3b81cff77eec/screenshot - {}
RESULT: {}
COMMAND: POST /session/fcfdec3f19b04732468f3b81cff77eec/element - {"using":"xpath","value":"//bdi[contains(text(), \"Select\")]"}
RESULT: {"using":"xpath","value":"//bdi[contains(text(), \"Select\")]"}
COMMAND: POST /session/fcfdec3f19b04732468f3b81cff77eec/element/f.4917B356C9E108E3489CB9DCB9E54F9E.d.C35A50ECBF7322C612198A827BB03264.e.9610/click - {}
RESULT: {}
COMMAND: GET /session/fcfdec3f19b04732468f3b81cff77eec/screenshot - {}
RESULT: {}
COMMAND: POST /session/fcfdec3f19b04732468f3b81cff77eec/element - {"using":"xpath","value":"//button[@data-kt=\"AddNewHOSaveButton\"]"}
RESULT: {"using":"xpath","value":"//button[@data-kt=\"AddNewHOSaveButton\"]"}
COMMAND: POST /session/fcfdec3f19b04732468f3b81cff77eec/element/f.4917B356C9E108E3489CB9DCB9E54F9E.d.C35A50ECBF7322C612198A827BB03264.e.9614/click - {}
RESULT: {}
COMMAND: GET /session/fcfdec3f19b04732468f3b81cff77eec/screenshot - {}
RESULT: {}
COMMAND: POST /session/fcfdec3f19b04732468f3b81cff77eec/execute/async - {"script":"<script> [1562 bytes]","args":[{"selector":{"id":"receiptDatePicker","viewName":"etm.portal.ui.managehandovers.view.DetailExecuteHO","interaction":{"idSuffix":"inner"}},"wdio_ui5_key":"receiptDatePickeretmportal.ui.managehandovers.view.DetailExecuteHO"}]}
RESULT: {"script":"<script> [1562 bytes]","args":[{"selector":{"id":"receiptDatePicker","viewName":"etm.portal.ui.managehandovers.view.DetailExecuteHO","interaction":{"idSuffix":"inner"}},"wdio_ui5_key":"receiptDatePickeretmportal.ui.managehandovers.view.DetailExecuteHO"}]}
RESULT: undefined
COMMAND: POST /session/fcfdec3f19b04732468f3b81cff77eec/execute/async - {"script":"<script> [6424 bytes]","args":[{"element-6066-11e4-a52e-4f735466cecf":"f.4917B356C9E108E3489CB9DCB9E54F9E.d.C35A50ECBF7322C612198A827BB03264.e.9645"},"setValue",["5/24/25"]]}
RESULT: {"script":"<script> [6424 bytes]","args":[{"element-6066-11e4-a52e-4f735466cecf":"f.4917B356C9E108E3489CB9DCB9E54F9E.d.C35A50ECBF7322C612198A827BB03264.e.9645"},"setValue",["5/24/25"]]}
COMMAND: POST /session/fcfdec3f19b04732468f3b81cff77eec/element - {"using":"xpath","value":"//button[@data-kt=\"ReceivingTableConfirmAllButton\"]"}
RESULT: {"using":"xpath","value":"//button[@data-kt=\"ReceivingTableConfirmAllButton\"]"}
COMMAND: POST /session/fcfdec3f19b04732468f3b81cff77eec/element/f.4917B356C9E108E3489CB9DCB9E54F9E.d.C35A50ECBF7322C612198A827BB03264.e.9662/click - {}
RESULT: {}
COMMAND: GET /session/fcfdec3f19b04732468f3b81cff77eec/screenshot - {}
RESULT: {}
COMMAND: POST /session/fcfdec3f19b04732468f3b81cff77eec/element - {"using":"xpath","value":"//bdi[contains(text(), \"OK\")]"}
RESULT: {"using":"xpath","value":"//bdi[contains(text(), \"OK\")]"}
COMMAND: POST /session/fcfdec3f19b04732468f3b81cff77eec/element/f.4917B356C9E108E3489CB9DCB9E54F9E.d.C35A50ECBF7322C612198A827BB03264.e.9664/click - {}
RESULT: {}
COMMAND: GET /session/fcfdec3f19b04732468f3b81cff77eec/screenshot - {}
RESULT: {}
COMMAND: POST /session/fcfdec3f19b04732468f3b81cff77eec/element - {"using":"xpath","value":"(//bdi[contains(text(), \"Receive\")])[2]"}
RESULT: {"using":"xpath","value":"(//bdi[contains(text(), \"Receive\")])[2]"}
COMMAND: POST /session/fcfdec3f19b04732468f3b81cff77eec/element/f.4917B356C9E108E3489CB9DCB9E54F9E.d.C35A50ECBF7322C612198A827BB03264.e.9666/click - {}
RESULT: {}
COMMAND: GET /session/fcfdec3f19b04732468f3b81cff77eec/screenshot - {}
RESULT: {}
COMMAND: POST /session/fcfdec3f19b04732468f3b81cff77eec/element - {"using":"css selector","value":"#shell-header-logo"}
RESULT: {"using":"css selector","value":"#shell-header-logo"}
COMMAND: POST /session/fcfdec3f19b04732468f3b81cff77eec/element/f.4917B356C9E108E3489CB9DCB9E54F9E.d.C35A50ECBF7322C612198A827BB03264.e.9035/click - {}
RESULT: {}
COMMAND: GET /session/fcfdec3f19b04732468f3b81cff77eec/screenshot - {}
RESULT: {}
]]></system-out>
    </testcase>
    <testcase classname="chrome.136_0_7103_93.windows.Provide_to_Site_w/_warehouse_management_wo_clarification" name="Should create a new contract" time="62.698">
      <system-out><![CDATA[
COMMAND: POST /session/fcfdec3f19b04732468f3b81cff77eec/execute/async - {"script":"<script> [1562 bytes]","args":[{"selector":{"controlType":"sap.m.GenericTile","properties":{"header":"Manage Contracts"}},"wdio_ui5_key":"sapm.GenericTile{\"header\":\"Manage Contracts\"}"}]}
RESULT: {"script":"<script> [1562 bytes]","args":[{"selector":{"controlType":"sap.m.GenericTile","properties":{"header":"Manage Contracts"}},"wdio_ui5_key":"sapm.GenericTile{\"header\":\"Manage Contracts\"}"}]}
RESULT: undefined
COMMAND: POST /session/fcfdec3f19b04732468f3b81cff77eec/element - {"using":"xpath","value":"//*[@id=\"__tile130\"]"}
RESULT: {"using":"xpath","value":"//*[@id=\"__tile130\"]"}
COMMAND: POST /session/fcfdec3f19b04732468f3b81cff77eec/element/f.4917B356C9E108E3489CB9DCB9E54F9E.d.C35A50ECBF7322C612198A827BB03264.e.8339/click - {}
RESULT: {}
COMMAND: GET /session/fcfdec3f19b04732468f3b81cff77eec/screenshot - {}
RESULT: {}
COMMAND: POST /session/fcfdec3f19b04732468f3b81cff77eec/elements - {"using":"xpath","value":"//span[text()='Error']"}
RESULT: {"using":"xpath","value":"//span[text()='Error']"}
COMMAND: POST /session/fcfdec3f19b04732468f3b81cff77eec/element - {"using":"xpath","value":"//button[@data-kt=\"addButton\"]"}
RESULT: {"using":"xpath","value":"//button[@data-kt=\"addButton\"]"}
COMMAND: POST /session/fcfdec3f19b04732468f3b81cff77eec/elements - {"using":"xpath","value":"//button[@data-kt=\"addButton\"]"}
RESULT: {"using":"xpath","value":"//button[@data-kt=\"addButton\"]"}
COMMAND: POST /session/fcfdec3f19b04732468f3b81cff77eec/execute/sync - {"script":"<script> [8489 bytes]","args":[{"element-6066-11e4-a52e-4f735466cecf":"f.4917B356C9E108E3489CB9DCB9E54F9E.d.C35A50ECBF7322C612198A827BB03264.e.9996","ELEMENT":"f.4917B356C9E108E3489CB9DCB9E54F9E.d.C35A50ECBF7322C612198A827BB03264.e.9996"}]}
RESULT: {"script":"<script> [8489 bytes]","args":[{"element-6066-11e4-a52e-4f735466cecf":"f.4917B356C9E108E3489CB9DCB9E54F9E.d.C35A50ECBF7322C612198A827BB03264.e.9996","ELEMENT":"f.4917B356C9E108E3489CB9DCB9E54F9E.d.C35A50ECBF7322C612198A827BB03264.e.9996"}]}
COMMAND: GET /session/fcfdec3f19b04732468f3b81cff77eec/element/f.4917B356C9E108E3489CB9DCB9E54F9E.d.C35A50ECBF7322C612198A827BB03264.e.9996/enabled - {}
COMMAND: GET /session/fcfdec3f19b04732468f3b81cff77eec/screenshot - {}
RESULT: {}
COMMAND: POST /session/fcfdec3f19b04732468f3b81cff77eec/execute/sync - {"script":"<script> [8489 bytes]","args":[{"element-6066-11e4-a52e-4f735466cecf":"f.4917B356C9E108E3489CB9DCB9E54F9E.d.C35A50ECBF7322C612198A827BB03264.e.9996","ELEMENT":"f.4917B356C9E108E3489CB9DCB9E54F9E.d.C35A50ECBF7322C612198A827BB03264.e.9996"}]}
COMMAND: GET /session/fcfdec3f19b04732468f3b81cff77eec/screenshot - {}
RESULT: {}
RESULT: {"script":"<script> [8489 bytes]","args":[{"element-6066-11e4-a52e-4f735466cecf":"f.4917B356C9E108E3489CB9DCB9E54F9E.d.C35A50ECBF7322C612198A827BB03264.e.9996","ELEMENT":"f.4917B356C9E108E3489CB9DCB9E54F9E.d.C35A50ECBF7322C612198A827BB03264.e.9996"}]}
COMMAND: POST /session/fcfdec3f19b04732468f3b81cff77eec/execute/sync - {"script":"<script> [5351 bytes]","args":[{"element-6066-11e4-a52e-4f735466cecf":"f.4917B356C9E108E3489CB9DCB9E54F9E.d.C35A50ECBF7322C612198A827BB03264.e.9996","ELEMENT":"f.4917B356C9E108E3489CB9DCB9E54F9E.d.C35A50ECBF7322C612198A827BB03264.e.9996"}]}
COMMAND: GET /session/fcfdec3f19b04732468f3b81cff77eec/screenshot - {}
RESULT: {}
RESULT: {"script":"<script> [5351 bytes]","args":[{"element-6066-11e4-a52e-4f735466cecf":"f.4917B356C9E108E3489CB9DCB9E54F9E.d.C35A50ECBF7322C612198A827BB03264.e.9996","ELEMENT":"f.4917B356C9E108E3489CB9DCB9E54F9E.d.C35A50ECBF7322C612198A827BB03264.e.9996"}]}
COMMAND: GET /session/fcfdec3f19b04732468f3b81cff77eec/screenshot - {}
RESULT: {}
RESULT: {}
COMMAND: POST /session/fcfdec3f19b04732468f3b81cff77eec/element/f.4917B356C9E108E3489CB9DCB9E54F9E.d.C35A50ECBF7322C612198A827BB03264.e.9996/click - {}
RESULT: {}
COMMAND: GET /session/fcfdec3f19b04732468f3b81cff77eec/screenshot - {}
COMMAND: POST /session/fcfdec3f19b04732468f3b81cff77eec/execute/async - {"script":"<script> [1562 bytes]","args":[{"selector":{"id":"application-managecontracts-display-component---AddNewContract--projectDescription","interaction":{"idSuffix":"inner"}},"wdio_ui5_key":"applicationmanagecontracts-display-component---AddNewContract--projectDescription"}]}
RESULT: {}
RESULT: {"script":"<script> [1562 bytes]","args":[{"selector":{"id":"application-managecontracts-display-component---AddNewContract--projectDescription","interaction":{"idSuffix":"inner"}},"wdio_ui5_key":"applicationmanagecontracts-display-component---AddNewContract--projectDescription"}]}
RESULT: undefined
COMMAND: POST /session/fcfdec3f19b04732468f3b81cff77eec/execute/async - {"script":"<script> [776 bytes]","args":[{"enterText":"Contract WDIO","selector":{"id":"application-managecontracts-display-component---AddNewContract--projectDescription","interaction":{"idSuffix":"inner"}},"clearTextFirst":true,"interactionType":"ENTER_TEXT"}]}
RESULT: {"script":"<script> [776 bytes]","args":[{"enterText":"Contract WDIO","selector":{"id":"application-managecontracts-display-component---AddNewContract--projectDescription","interaction":{"idSuffix":"inner"}},"clearTextFirst":true,"interactionType":"ENTER_TEXT"}]}
COMMAND: POST /session/fcfdec3f19b04732468f3b81cff77eec/element - {"using":"xpath","value":"//input[@id=\"application-managecontracts-display-component---AddNewContract--site-inner\"]"}
RESULT: {"using":"xpath","value":"//input[@id=\"application-managecontracts-display-component---AddNewContract--site-inner\"]"}
COMMAND: POST /session/fcfdec3f19b04732468f3b81cff77eec/element/f.4917B356C9E108E3489CB9DCB9E54F9E.d.C35A50ECBF7322C612198A827BB03264.e.10317/clear - {}
RESULT: {}
COMMAND: POST /session/fcfdec3f19b04732468f3b81cff77eec/element/f.4917B356C9E108E3489CB9DCB9E54F9E.d.C35A50ECBF7322C612198A827BB03264.e.10317/value - {"text":"2094"}
COMMAND: GET /session/fcfdec3f19b04732468f3b81cff77eec/screenshot - {}
RESULT: {"text":"2094"}
COMMAND: GET /session/fcfdec3f19b04732468f3b81cff77eec/screenshot - {}
RESULT: {}
RESULT: {}
COMMAND: POST /session/fcfdec3f19b04732468f3b81cff77eec/element - {"using":"xpath","value":"//li[.//span[text()='2094']]"}
RESULT: {"using":"xpath","value":"//li[.//span[text()='2094']]"}
COMMAND: POST /session/fcfdec3f19b04732468f3b81cff77eec/element/f.4917B356C9E108E3489CB9DCB9E54F9E.d.C35A50ECBF7322C612198A827BB03264.e.10399/click - {}
RESULT: {}
COMMAND: GET /session/fcfdec3f19b04732468f3b81cff77eec/screenshot - {}
RESULT: {}
COMMAND: POST /session/fcfdec3f19b04732468f3b81cff77eec/element - {"using":"xpath","value":"//input[@id=\"application-managecontracts-display-component---AddNewContract--yardId-inner\"]"}
RESULT: {"using":"xpath","value":"//input[@id=\"application-managecontracts-display-component---AddNewContract--yardId-inner\"]"}
COMMAND: GET /session/fcfdec3f19b04732468f3b81cff77eec/element/f.4917B356C9E108E3489CB9DCB9E54F9E.d.C35A50ECBF7322C612198A827BB03264.e.10318/property/value - {}
RESULT: {}
COMMAND: POST /session/fcfdec3f19b04732468f3b81cff77eec/element - {"using":"xpath","value":"//input[@id=\"application-managecontracts-display-component---AddNewContract--customerSelect-inner\"]"}
COMMAND: GET /session/fcfdec3f19b04732468f3b81cff77eec/screenshot - {}
RESULT: {"using":"xpath","value":"//input[@id=\"application-managecontracts-display-component---AddNewContract--customerSelect-inner\"]"}
COMMAND: POST /session/fcfdec3f19b04732468f3b81cff77eec/element/f.4917B356C9E108E3489CB9DCB9E54F9E.d.C35A50ECBF7322C612198A827BB03264.e.10316/clear - {}
RESULT: {}
RESULT: {}
COMMAND: POST /session/fcfdec3f19b04732468f3b81cff77eec/element/f.4917B356C9E108E3489CB9DCB9E54F9E.d.C35A50ECBF7322C612198A827BB03264.e.10316/value - {"text":"1097"}
COMMAND: GET /session/fcfdec3f19b04732468f3b81cff77eec/screenshot - {}
RESULT: {"text":"1097"}
COMMAND: GET /session/fcfdec3f19b04732468f3b81cff77eec/screenshot - {}
RESULT: {}
RESULT: {}
COMMAND: POST /session/fcfdec3f19b04732468f3b81cff77eec/element - {"using":"xpath","value":"//li[.//span[text()='1097']]"}
RESULT: {"using":"xpath","value":"//li[.//span[text()='1097']]"}
COMMAND: POST /session/fcfdec3f19b04732468f3b81cff77eec/element/f.4917B356C9E108E3489CB9DCB9E54F9E.d.C35A50ECBF7322C612198A827BB03264.e.10402/click - {}
RESULT: {}
COMMAND: GET /session/fcfdec3f19b04732468f3b81cff77eec/screenshot - {}
RESULT: {}
COMMAND: POST /session/fcfdec3f19b04732468f3b81cff77eec/element - {"using":"xpath","value":"//button[@data-kt=\"saveButton\"]"}
RESULT: {"using":"xpath","value":"//button[@data-kt=\"saveButton\"]"}
COMMAND: POST /session/fcfdec3f19b04732468f3b81cff77eec/element/f.4917B356C9E108E3489CB9DCB9E54F9E.d.C35A50ECBF7322C612198A827BB03264.e.10390/click - {}
RESULT: {}
COMMAND: GET /session/fcfdec3f19b04732468f3b81cff77eec/screenshot - {}
RESULT: {}
COMMAND: POST /session/fcfdec3f19b04732468f3b81cff77eec/element - {"using":"xpath","value":"//span[contains(@id ,\"contractDetailTitleNoExpanded\")]"}
RESULT: {"using":"xpath","value":"//span[contains(@id ,\"contractDetailTitleNoExpanded\")]"}
COMMAND: POST /session/fcfdec3f19b04732468f3b81cff77eec/elements - {"using":"xpath","value":"//span[contains(@id ,\"contractDetailTitleNoExpanded\")]"}
RESULT: {"using":"xpath","value":"//span[contains(@id ,\"contractDetailTitleNoExpanded\")]"}
COMMAND: POST /session/fcfdec3f19b04732468f3b81cff77eec/execute/sync - {"script":"<script> [56 bytes]","args":[{"element-6066-11e4-a52e-4f735466cecf":"f.4917B356C9E108E3489CB9DCB9E54F9E.d.C35A50ECBF7322C612198A827BB03264.e.10473","ELEMENT":"f.4917B356C9E108E3489CB9DCB9E54F9E.d.C35A50ECBF7322C612198A827BB03264.e.10473"}]}
RESULT: {"script":"<script> [56 bytes]","args":[{"element-6066-11e4-a52e-4f735466cecf":"f.4917B356C9E108E3489CB9DCB9E54F9E.d.C35A50ECBF7322C612198A827BB03264.e.10473","ELEMENT":"f.4917B356C9E108E3489CB9DCB9E54F9E.d.C35A50ECBF7322C612198A827BB03264.e.10473"}]}
COMMAND: GET /session/fcfdec3f19b04732468f3b81cff77eec/screenshot - {}
RESULT: {}
]]></system-out>
    </testcase>
    <testcase classname="chrome.136_0_7103_93.windows.Provide_to_Site_w/_warehouse_management_wo_clarification" name="Should add equipment to the contract" time="59.046">
      <system-out><![CDATA[
COMMAND: POST /session/fcfdec3f19b04732468f3b81cff77eec/element - {"using":"xpath","value":"//button[@data-kt=\"contractDetailEditBtnButton\"]"}
RESULT: {"using":"xpath","value":"//button[@data-kt=\"contractDetailEditBtnButton\"]"}
COMMAND: POST /session/fcfdec3f19b04732468f3b81cff77eec/element/f.4917B356C9E108E3489CB9DCB9E54F9E.d.C35A50ECBF7322C612198A827BB03264.e.10476/click - {}
RESULT: {}
COMMAND: GET /session/fcfdec3f19b04732468f3b81cff77eec/screenshot - {}
RESULT: {}
COMMAND: POST /session/fcfdec3f19b04732468f3b81cff77eec/element - {"using":"xpath","value":"(//span[contains(text(), \"Additional Addresses\")])[2]"}
RESULT: {"using":"xpath","value":"(//span[contains(text(), \"Additional Addresses\")])[2]"}
COMMAND: POST /session/fcfdec3f19b04732468f3b81cff77eec/element/f.4917B356C9E108E3489CB9DCB9E54F9E.d.C35A50ECBF7322C612198A827BB03264.e.10532/click - {}
RESULT: {}
COMMAND: GET /session/fcfdec3f19b04732468f3b81cff77eec/screenshot - {}
RESULT: {}
COMMAND: POST /session/fcfdec3f19b04732468f3b81cff77eec/element - {"using":"xpath","value":"//button[@data-kt=\"btnAddTableRowOverflowToolbarButton\"]"}
RESULT: {"using":"xpath","value":"//button[@data-kt=\"btnAddTableRowOverflowToolbarButton\"]"}
COMMAND: POST /session/fcfdec3f19b04732468f3b81cff77eec/element/f.4917B356C9E108E3489CB9DCB9E54F9E.d.C35A50ECBF7322C612198A827BB03264.e.10536/click - {}
RESULT: {}
COMMAND: GET /session/fcfdec3f19b04732468f3b81cff77eec/screenshot - {}
RESULT: {}
COMMAND: POST /session/fcfdec3f19b04732468f3b81cff77eec/element - {"using":"xpath","value":"//div[(text() = 'Standard Entry' or . = 'Standard Entry')]"}
RESULT: {"using":"xpath","value":"//div[(text() = 'Standard Entry' or . = 'Standard Entry')]"}
COMMAND: POST /session/fcfdec3f19b04732468f3b81cff77eec/element/f.4917B356C9E108E3489CB9DCB9E54F9E.d.C35A50ECBF7322C612198A827BB03264.e.10538/click - {}
RESULT: {}
COMMAND: GET /session/fcfdec3f19b04732468f3b81cff77eec/screenshot - {}
RESULT: {}
COMMAND: POST /session/fcfdec3f19b04732468f3b81cff77eec/element - {"using":"xpath","value":"//td[6]/div/div/div/span"}
RESULT: {"using":"xpath","value":"//td[6]/div/div/div/span"}
COMMAND: POST /session/fcfdec3f19b04732468f3b81cff77eec/element/f.4917B356C9E108E3489CB9DCB9E54F9E.d.C35A50ECBF7322C612198A827BB03264.e.10550/click - {}
RESULT: {}
COMMAND: GET /session/fcfdec3f19b04732468f3b81cff77eec/screenshot - {}
RESULT: {}
COMMAND: POST /session/fcfdec3f19b04732468f3b81cff77eec/element - {"using":"xpath","value":"(//span[contains(text(), \"Material\")])"}
RESULT: {"using":"xpath","value":"(//span[contains(text(), \"Material\")])"}
COMMAND: POST /session/fcfdec3f19b04732468f3b81cff77eec/element/f.4917B356C9E108E3489CB9DCB9E54F9E.d.C35A50ECBF7322C612198A827BB03264.e.10551/click - {}
RESULT: {}
COMMAND: GET /session/fcfdec3f19b04732468f3b81cff77eec/screenshot - {}
RESULT: {}
COMMAND: POST /session/fcfdec3f19b04732468f3b81cff77eec/element - {"using":"xpath","value":"//td[7]/div/div/input"}
RESULT: {"using":"xpath","value":"//td[7]/div/div/input"}
COMMAND: POST /session/fcfdec3f19b04732468f3b81cff77eec/element/f.4917B356C9E108E3489CB9DCB9E54F9E.d.C35A50ECBF7322C612198A827BB03264.e.10555/clear - {}
RESULT: {}
COMMAND: POST /session/fcfdec3f19b04732468f3b81cff77eec/element/f.4917B356C9E108E3489CB9DCB9E54F9E.d.C35A50ECBF7322C612198A827BB03264.e.10555/value - {"text":"200111"}
COMMAND: GET /session/fcfdec3f19b04732468f3b81cff77eec/screenshot - {}
RESULT: {"text":"200111"}
COMMAND: GET /session/fcfdec3f19b04732468f3b81cff77eec/screenshot - {}
RESULT: {}
RESULT: {}
COMMAND: POST /session/fcfdec3f19b04732468f3b81cff77eec/actions - {"actions":[{"id":"action34","type":"key","parameters":{},"actions":[{"type":"keyDown","value":""},{"type":"pause","duration":10},{"type":"keyUp","value":""}]}]}
RESULT: {"actions":[{"id":"action34","type":"key","parameters":{},"actions":[{"type":"keyDown","value":""},{"type":"pause","duration":10},{"type":"keyUp","value":""}]}]}
COMMAND: GET /session/fcfdec3f19b04732468f3b81cff77eec/screenshot - {}
RESULT: {}
COMMAND: POST /session/fcfdec3f19b04732468f3b81cff77eec/execute/sync - {"script":"<script> [276 bytes]","args":["No pricing information was found"]}
RESULT: {"script":"<script> [276 bytes]","args":["No pricing information was found"]}
COMMAND: POST /session/fcfdec3f19b04732468f3b81cff77eec/element - {"using":"xpath","value":"//bdi[contains(text(), \"OK\")]"}
COMMAND: GET /session/fcfdec3f19b04732468f3b81cff77eec/screenshot - {}
RESULT: {"using":"xpath","value":"//bdi[contains(text(), \"OK\")]"}
COMMAND: POST /session/fcfdec3f19b04732468f3b81cff77eec/element/f.4917B356C9E108E3489CB9DCB9E54F9E.d.C35A50ECBF7322C612198A827BB03264.e.10581/click - {}
RESULT: {}
RESULT: {}
COMMAND: GET /session/fcfdec3f19b04732468f3b81cff77eec/screenshot - {}
RESULT: {}
COMMAND: POST /session/fcfdec3f19b04732468f3b81cff77eec/element - {"using":"xpath","value":"(//button[@data-kt=\"saveButton\"])[2]"}
RESULT: {"using":"xpath","value":"(//button[@data-kt=\"saveButton\"])[2]"}
COMMAND: POST /session/fcfdec3f19b04732468f3b81cff77eec/element/f.4917B356C9E108E3489CB9DCB9E54F9E.d.C35A50ECBF7322C612198A827BB03264.e.10582/click - {}
RESULT: {}
COMMAND: GET /session/fcfdec3f19b04732468f3b81cff77eec/screenshot - {}
RESULT: {}
COMMAND: POST /session/fcfdec3f19b04732468f3b81cff77eec/execute/sync - {"script":"<script> [276 bytes]","args":["Some contract items are having rental validity exceeding header rental validity"]}
RESULT: {"script":"<script> [276 bytes]","args":["Some contract items are having rental validity exceeding header rental validity"]}
COMMAND: GET /session/fcfdec3f19b04732468f3b81cff77eec/screenshot - {}
RESULT: {}
COMMAND: POST /session/fcfdec3f19b04732468f3b81cff77eec/element - {"using":"xpath","value":"//span[contains(@id ,\"contractItemsSmartTable-header-inner\")]"}
RESULT: {"using":"xpath","value":"//span[contains(@id ,\"contractItemsSmartTable-header-inner\")]"}
COMMAND: POST /session/fcfdec3f19b04732468f3b81cff77eec/elements - {"using":"xpath","value":"//span[contains(@id ,\"contractItemsSmartTable-header-inner\")]"}
RESULT: {"using":"xpath","value":"//span[contains(@id ,\"contractItemsSmartTable-header-inner\")]"}
COMMAND: POST /session/fcfdec3f19b04732468f3b81cff77eec/execute/sync - {"script":"<script> [56 bytes]","args":[{"element-6066-11e4-a52e-4f735466cecf":"f.4917B356C9E108E3489CB9DCB9E54F9E.d.C35A50ECBF7322C612198A827BB03264.e.10586","ELEMENT":"f.4917B356C9E108E3489CB9DCB9E54F9E.d.C35A50ECBF7322C612198A827BB03264.e.10586"}]}
RESULT: {"script":"<script> [56 bytes]","args":[{"element-6066-11e4-a52e-4f735466cecf":"f.4917B356C9E108E3489CB9DCB9E54F9E.d.C35A50ECBF7322C612198A827BB03264.e.10586","ELEMENT":"f.4917B356C9E108E3489CB9DCB9E54F9E.d.C35A50ECBF7322C612198A827BB03264.e.10586"}]}
COMMAND: GET /session/fcfdec3f19b04732468f3b81cff77eec/screenshot - {}
]]></system-out>
    </testcase>
    <testcase classname="chrome.136_0_7103_93.windows.Provide_to_Site_w/_warehouse_management_wo_clarification" name="Should provide to site" time="46.754">
      <system-out><![CDATA[
COMMAND: POST /session/fcfdec3f19b04732468f3b81cff77eec/element - {"using":"xpath","value":"//button[@data-kt=\"provideButton\"]"}
RESULT: {}
RESULT: {"using":"xpath","value":"//button[@data-kt=\"provideButton\"]"}
COMMAND: POST /session/fcfdec3f19b04732468f3b81cff77eec/element/f.4917B356C9E108E3489CB9DCB9E54F9E.d.C35A50ECBF7322C612198A827BB03264.e.10587/click - {}
RESULT: {}
COMMAND: GET /session/fcfdec3f19b04732468f3b81cff77eec/screenshot - {}
RESULT: {}
RESULT: undefined
COMMAND: POST /session/fcfdec3f19b04732468f3b81cff77eec/execute/async - {"script":"<script> [6424 bytes]","args":[{"element-6066-11e4-a52e-4f735466cecf":"f.4917B356C9E108E3489CB9DCB9E54F9E.d.C35A50ECBF7322C612198A827BB03264.e.9430"},"setValue",["05/24/25"]]}
COMMAND: POST /session/fcfdec3f19b04732468f3b81cff77eec/execute/async - {"script":"<script> [1562 bytes]","args":[{"selector":{"id":"application-managehandovers-display-component---AddNewHO--dueDate","interaction":{"idSuffix":"inner"}},"wdio_ui5_key":"applicationmanagehandovers-display-component---AddNewHO--dueDate"}]}
RESULT: {"script":"<script> [1562 bytes]","args":[{"selector":{"id":"application-managehandovers-display-component---AddNewHO--dueDate","interaction":{"idSuffix":"inner"}},"wdio_ui5_key":"applicationmanagehandovers-display-component---AddNewHO--dueDate"}]}
COMMAND: POST /session/fcfdec3f19b04732468f3b81cff77eec/execute/async - {"script":"<script> [6424 bytes]","args":[{"element-6066-11e4-a52e-4f735466cecf":"f.4917B356C9E108E3489CB9DCB9E54F9E.d.C35A50ECBF7322C612198A827BB03264.e.10677"},"setValue",["05/24/25"]]}
RESULT: {"script":"<script> [6424 bytes]","args":[{"element-6066-11e4-a52e-4f735466cecf":"f.4917B356C9E108E3489CB9DCB9E54F9E.d.C35A50ECBF7322C612198A827BB03264.e.10677"},"setValue",["05/24/25"]]}
COMMAND: POST /session/fcfdec3f19b04732468f3b81cff77eec/element - {"using":"xpath","value":"//bdi[contains(text(), \"Instructions\")]"}
RESULT: {"using":"xpath","value":"//bdi[contains(text(), \"Instructions\")]"}
COMMAND: POST /session/fcfdec3f19b04732468f3b81cff77eec/element/f.4917B356C9E108E3489CB9DCB9E54F9E.d.C35A50ECBF7322C612198A827BB03264.e.10790/click - {}
RESULT: {}
COMMAND: GET /session/fcfdec3f19b04732468f3b81cff77eec/screenshot - {}
RESULT: {}
COMMAND: POST /session/fcfdec3f19b04732468f3b81cff77eec/element - {"using":"xpath","value":"//button[@data-kt=\"AddNewHOProvideAddItemsButton\"]"}
RESULT: {"using":"xpath","value":"//button[@data-kt=\"AddNewHOProvideAddItemsButton\"]"}
COMMAND: POST /session/fcfdec3f19b04732468f3b81cff77eec/element/f.4917B356C9E108E3489CB9DCB9E54F9E.d.C35A50ECBF7322C612198A827BB03264.e.10794/click - {}
RESULT: {}
COMMAND: GET /session/fcfdec3f19b04732468f3b81cff77eec/screenshot - {}
RESULT: {}
RESULT: undefined
COMMAND: POST /session/fcfdec3f19b04732468f3b81cff77eec/element - {"using":"xpath","value":"//*[@id=\"application-managehandovers-display-component---AddNewHO--popup-sa\"]"}
RESULT: {"using":"xpath","value":"//*[@id=\"application-managehandovers-display-component---AddNewHO--popup-sa\"]"}
COMMAND: POST /session/fcfdec3f19b04732468f3b81cff77eec/element/f.4917B356C9E108E3489CB9DCB9E54F9E.d.C35A50ECBF7322C612198A827BB03264.e.10809/click - {}
RESULT: {}
COMMAND: GET /session/fcfdec3f19b04732468f3b81cff77eec/screenshot - {}
RESULT: {}
COMMAND: POST /session/fcfdec3f19b04732468f3b81cff77eec/element - {"using":"xpath","value":"//*[contains(@id ,\"BDI-content\")][contains(text(), \"Select\")]"}
RESULT: {"using":"xpath","value":"//*[contains(@id ,\"BDI-content\")][contains(text(), \"Select\")]"}
COMMAND: POST /session/fcfdec3f19b04732468f3b81cff77eec/element/f.4917B356C9E108E3489CB9DCB9E54F9E.d.C35A50ECBF7322C612198A827BB03264.e.10811/click - {}
RESULT: {}
COMMAND: GET /session/fcfdec3f19b04732468f3b81cff77eec/screenshot - {}
RESULT: {}
COMMAND: POST /session/fcfdec3f19b04732468f3b81cff77eec/element - {"using":"xpath","value":"//bdi[(text() = 'Save' or . = 'Save')]"}
RESULT: {"using":"xpath","value":"//bdi[(text() = 'Save' or . = 'Save')]"}
COMMAND: POST /session/fcfdec3f19b04732468f3b81cff77eec/element/f.4917B356C9E108E3489CB9DCB9E54F9E.d.C35A50ECBF7322C612198A827BB03264.e.10819/click - {}
RESULT: {}
COMMAND: GET /session/fcfdec3f19b04732468f3b81cff77eec/screenshot - {}
RESULT: {}
]]></system-out>
    </testcase>
    <testcase classname="chrome.136_0_7103_93.windows.Provide_to_Site_w/_warehouse_management_wo_clarification" name="Should Test for Handover Execution" time="161.552">
      <system-out><![CDATA[
COMMAND: POST /session/fcfdec3f19b04732468f3b81cff77eec/execute/async - {"script":"<script> [1562 bytes]","args":[{"selector":{"controlType":"sap.m.Link","viewName":"etm.portal.ui.managehandovers.view.DetailExecuteHO","bindingPath":{"path":"","propertyPath":"/wmDoc","modelName":"warehouseMovModel"}},"wdio_ui5_key":"etmportal.ui.managehandovers.view.DetailExecuteHOsap.m.Link{\"path\":\"\",\"propertyPath\":\"/wmDoc\",\"modelName\":\"warehouseMovModel\"}"}]}
RESULT: {"script":"<script> [1562 bytes]","args":[{"selector":{"controlType":"sap.m.Link","viewName":"etm.portal.ui.managehandovers.view.DetailExecuteHO","bindingPath":{"path":"","propertyPath":"/wmDoc","modelName":"warehouseMovModel"}},"wdio_ui5_key":"etmportal.ui.managehandovers.view.DetailExecuteHOsap.m.Link{\"path\":\"\",\"propertyPath\":\"/wmDoc\",\"modelName\":\"warehouseMovModel\"}"}]}
RESULT: undefined
COMMAND: POST /session/fcfdec3f19b04732468f3b81cff77eec/element - {"using":"xpath","value":"//*[@id=\"__link82\"]"}
RESULT: {"using":"xpath","value":"//*[@id=\"__link82\"]"}
COMMAND: POST /session/fcfdec3f19b04732468f3b81cff77eec/element/f.4917B356C9E108E3489CB9DCB9E54F9E.d.C35A50ECBF7322C612198A827BB03264.e.10862/click - {}
RESULT: {}
COMMAND: GET /session/fcfdec3f19b04732468f3b81cff77eec/screenshot - {}
RESULT: {}
COMMAND: POST /session/fcfdec3f19b04732468f3b81cff77eec/execute/async - {"script":"<script> [1562 bytes]","args":[{"selector":{"controlType":"sap.m.Link","viewName":"etm.portal.ui.managehandovers.view.DetailExecuteHO","properties":{"text":"Warehouse Overview"},"searchOpenDialogs":true},"wdio_ui5_key":"etmportal.ui.managehandovers.view.DetailExecuteHOsap.m.Link{\"text\":\"Warehouse Overview\"}"}]}
RESULT: {"script":"<script> [1562 bytes]","args":[{"selector":{"controlType":"sap.m.Link","viewName":"etm.portal.ui.managehandovers.view.DetailExecuteHO","properties":{"text":"Warehouse Overview"},"searchOpenDialogs":true},"wdio_ui5_key":"etmportal.ui.managehandovers.view.DetailExecuteHOsap.m.Link{\"text\":\"Warehouse Overview\"}"}]}
RESULT: undefined
COMMAND: POST /session/fcfdec3f19b04732468f3b81cff77eec/element - {"using":"xpath","value":"//*[@id=\"__link98\"]"}
RESULT: {"using":"xpath","value":"//*[@id=\"__link98\"]"}
COMMAND: POST /session/fcfdec3f19b04732468f3b81cff77eec/element/f.4917B356C9E108E3489CB9DCB9E54F9E.d.C35A50ECBF7322C612198A827BB03264.e.10866/click - {}
RESULT: {}
COMMAND: GET /session/fcfdec3f19b04732468f3b81cff77eec/screenshot - {}
COMMAND: POST /session/fcfdec3f19b04732468f3b81cff77eec/execute/async - {"script":"<script> [1562 bytes]","args":[{"selector":{"controlType":"sap.m.Button","viewName":"etm.portal.ui.warehousemovements.view.DisplayMovement","viewId":"application-warehousemovements-display-component---displayMovement","i18NText":{"propertyName":"text","key":"execution"},"interaction":{"idSuffix":"BDI-content"}},"wdio_ui5_key":"etmportal.ui.warehousemovements.view.DisplayMovementsap.m.Button{\"propertyName\":\"text\",\"key\":\"execution\"}"}]}
RESULT: {}
RESULT: {"script":"<script> [1562 bytes]","args":[{"selector":{"controlType":"sap.m.Button","viewName":"etm.portal.ui.warehousemovements.view.DisplayMovement","viewId":"application-warehousemovements-display-component---displayMovement","i18NText":{"propertyName":"text","key":"execution"},"interaction":{"idSuffix":"BDI-content"}},"wdio_ui5_key":"etmportal.ui.warehousemovements.view.DisplayMovementsap.m.Button{\"propertyName\":\"text\",\"key\":\"execution\"}"}]}
RESULT: undefined
COMMAND: POST /session/fcfdec3f19b04732468f3b81cff77eec/element - {"using":"xpath","value":"//*[@id=\"__button247\"]"}
RESULT: {"using":"xpath","value":"//*[@id=\"__button247\"]"}
COMMAND: POST /session/fcfdec3f19b04732468f3b81cff77eec/element/f.4917B356C9E108E3489CB9DCB9E54F9E.d.C35A50ECBF7322C612198A827BB03264.e.10980/click - {}
RESULT: {}
COMMAND: GET /session/fcfdec3f19b04732468f3b81cff77eec/screenshot - {}
RESULT: {}
COMMAND: POST /session/fcfdec3f19b04732468f3b81cff77eec/execute/async - {"script":"<script> [1562 bytes]","args":[{"selector":{"controlType":"sap.m.Button","viewName":"etm.portal.ui.warehousemovements.view.ExecuteMovement","viewId":"application-warehousemovements-display-component---executeMovement","properties":{"text":"Items"},"interaction":{"idSuffix":"BDI-content"}},"wdio_ui5_key":"etmportal.ui.warehousemovements.view.ExecuteMovementsap.m.Button{\"text\":\"Items\"}"}]}
RESULT: {"script":"<script> [1562 bytes]","args":[{"selector":{"controlType":"sap.m.Button","viewName":"etm.portal.ui.warehousemovements.view.ExecuteMovement","viewId":"application-warehousemovements-display-component---executeMovement","properties":{"text":"Items"},"interaction":{"idSuffix":"BDI-content"}},"wdio_ui5_key":"etmportal.ui.warehousemovements.view.ExecuteMovementsap.m.Button{\"text\":\"Items\"}"}]}
RESULT: undefined
COMMAND: POST /session/fcfdec3f19b04732468f3b81cff77eec/element - {"using":"xpath","value":"//*[@id=\"__layout379-anchBar-application-warehousemovements-display-component---executeMovement--itemsSection-anchor\"]"}
RESULT: {"using":"xpath","value":"//*[@id=\"__layout379-anchBar-application-warehousemovements-display-component---executeMovement--itemsSection-anchor\"]"}
COMMAND: POST /session/fcfdec3f19b04732468f3b81cff77eec/element/f.4917B356C9E108E3489CB9DCB9E54F9E.d.C35A50ECBF7322C612198A827BB03264.e.11084/click - {}
RESULT: {}
COMMAND: GET /session/fcfdec3f19b04732468f3b81cff77eec/screenshot - {}
RESULT: {}
COMMAND: POST /session/fcfdec3f19b04732468f3b81cff77eec/execute/async - {"script":"<script> [1562 bytes]","args":[{"selector":{"controlType":"sap.m.ToggleButton","viewName":"etm.portal.ui.warehousemovements.view.ExecuteMovement","viewId":"application-warehousemovements-display-component---executeMovement","bindingPath":{"propertyPath":"STATUS","modelName":"catalogModel"},"interaction":{"idSuffix":"BDI-content"}},"wdio_ui5_key":"etmportal.ui.warehousemovements.view.ExecuteMovementsap.m.ToggleButton{\"propertyPath\":\"STATUS\",\"modelName\":\"catalogModel\"}"}]}
RESULT: {"script":"<script> [1562 bytes]","args":[{"selector":{"controlType":"sap.m.ToggleButton","viewName":"etm.portal.ui.warehousemovements.view.ExecuteMovement","viewId":"application-warehousemovements-display-component---executeMovement","bindingPath":{"propertyPath":"STATUS","modelName":"catalogModel"},"interaction":{"idSuffix":"BDI-content"}},"wdio_ui5_key":"etmportal.ui.warehousemovements.view.ExecuteMovementsap.m.ToggleButton{\"propertyPath\":\"STATUS\",\"modelName\":\"catalogModel\"}"}]}
RESULT: undefined
COMMAND: POST /session/fcfdec3f19b04732468f3b81cff77eec/element - {"using":"xpath","value":"//*[@id=\"__button272-__clone2282\"]"}
RESULT: {"using":"xpath","value":"//*[@id=\"__button272-__clone2282\"]"}
COMMAND: POST /session/fcfdec3f19b04732468f3b81cff77eec/element/f.4917B356C9E108E3489CB9DCB9E54F9E.d.C35A50ECBF7322C612198A827BB03264.e.11063/click - {}
RESULT: {}
RESULT: undefined
COMMAND: POST /session/fcfdec3f19b04732468f3b81cff77eec/element - {"using":"xpath","value":"//*[@id=\"__button272-__clone2282\"]"}
COMMAND: GET /session/fcfdec3f19b04732468f3b81cff77eec/screenshot - {}
RESULT: {"using":"xpath","value":"//*[@id=\"__button272-__clone2282\"]"}
COMMAND: POST /session/fcfdec3f19b04732468f3b81cff77eec/element/f.4917B356C9E108E3489CB9DCB9E54F9E.d.C35A50ECBF7322C612198A827BB03264.e.11063/click - {}
RESULT: {}
RESULT: {}
COMMAND: GET /session/fcfdec3f19b04732468f3b81cff77eec/screenshot - {}
RESULT: {}
RESULT: undefined
COMMAND: POST /session/fcfdec3f19b04732468f3b81cff77eec/execute/async - {"script":"<script> [6424 bytes]","args":[{"element-6066-11e4-a52e-4f735466cecf":"f.4917B356C9E108E3489CB9DCB9E54F9E.d.C35A50ECBF7322C612198A827BB03264.e.11089"},"getText",[]]}
RESULT: {"script":"<script> [6424 bytes]","args":[{"element-6066-11e4-a52e-4f735466cecf":"f.4917B356C9E108E3489CB9DCB9E54F9E.d.C35A50ECBF7322C612198A827BB03264.e.11089"},"getText",[]]}
COMMAND: POST /session/fcfdec3f19b04732468f3b81cff77eec/element - {"using":"xpath","value":"//section[contains(@id,\"FC-NoHead\")]/div[1]/div[5]/div[2]/span"}
RESULT: {"using":"xpath","value":"//section[contains(@id,\"FC-NoHead\")]/div[1]/div[5]/div[2]/span"}
COMMAND: POST /session/fcfdec3f19b04732468f3b81cff77eec/elements - {"using":"xpath","value":"//section[contains(@id,\"FC-NoHead\")]/div[1]/div[5]/div[2]/span"}
RESULT: {"using":"xpath","value":"//section[contains(@id,\"FC-NoHead\")]/div[1]/div[5]/div[2]/span"}
COMMAND: POST /session/fcfdec3f19b04732468f3b81cff77eec/execute/sync - {"script":"<script> [56 bytes]","args":[{"element-6066-11e4-a52e-4f735466cecf":"f.4917B356C9E108E3489CB9DCB9E54F9E.d.C35A50ECBF7322C612198A827BB03264.e.11091","ELEMENT":"f.4917B356C9E108E3489CB9DCB9E54F9E.d.C35A50ECBF7322C612198A827BB03264.e.11091"}]}
RESULT: {"script":"<script> [56 bytes]","args":[{"element-6066-11e4-a52e-4f735466cecf":"f.4917B356C9E108E3489CB9DCB9E54F9E.d.C35A50ECBF7322C612198A827BB03264.e.11091","ELEMENT":"f.4917B356C9E108E3489CB9DCB9E54F9E.d.C35A50ECBF7322C612198A827BB03264.e.11091"}]}
COMMAND: POST /session/fcfdec3f19b04732468f3b81cff77eec/actions - {"actions":[{"id":"action35","type":"key","parameters":{},"actions":[{"type":"keyDown","value":""},{"type":"pause","duration":10},{"type":"keyUp","value":""}]}]}
COMMAND: GET /session/fcfdec3f19b04732468f3b81cff77eec/screenshot - {}
RESULT: {"actions":[{"id":"action35","type":"key","parameters":{},"actions":[{"type":"keyDown","value":""},{"type":"pause","duration":10},{"type":"keyUp","value":""}]}]}
COMMAND: POST /session/fcfdec3f19b04732468f3b81cff77eec/execute/async - {"script":"<script> [1562 bytes]","args":[{"selector":{"id":"application-warehousemovements-display-component---executeMovement--executeId","interaction":{"idSuffix":"BDI-content"}},"wdio_ui5_key":"applicationwarehousemovements-display-component---executeMovement--executeId"}]}
COMMAND: GET /session/fcfdec3f19b04732468f3b81cff77eec/screenshot - {}
RESULT: {}
RESULT: {"script":"<script> [1562 bytes]","args":[{"selector":{"id":"application-warehousemovements-display-component---executeMovement--executeId","interaction":{"idSuffix":"BDI-content"}},"wdio_ui5_key":"applicationwarehousemovements-display-component---executeMovement--executeId"}]}
RESULT: undefined
COMMAND: POST /session/fcfdec3f19b04732468f3b81cff77eec/element - {"using":"xpath","value":"//*[@id=\"application-warehousemovements-display-component---executeMovement--executeId\"]"}
RESULT: {}
RESULT: {"using":"xpath","value":"//*[@id=\"application-warehousemovements-display-component---executeMovement--executeId\"]"}
COMMAND: POST /session/fcfdec3f19b04732468f3b81cff77eec/element/f.4917B356C9E108E3489CB9DCB9E54F9E.d.C35A50ECBF7322C612198A827BB03264.e.11054/click - {}
RESULT: {}
COMMAND: GET /session/fcfdec3f19b04732468f3b81cff77eec/screenshot - {}
RESULT: {}
COMMAND: POST /session/fcfdec3f19b04732468f3b81cff77eec/element - {"using":"css selector","value":"#shell-header-logo"}
RESULT: {"using":"css selector","value":"#shell-header-logo"}
COMMAND: POST /session/fcfdec3f19b04732468f3b81cff77eec/element/f.4917B356C9E108E3489CB9DCB9E54F9E.d.C35A50ECBF7322C612198A827BB03264.e.9951/click - {}
RESULT: {}
COMMAND: GET /session/fcfdec3f19b04732468f3b81cff77eec/screenshot - {}
RESULT: {}
RESULT: undefined
COMMAND: POST /session/fcfdec3f19b04732468f3b81cff77eec/element - {"using":"xpath","value":"//*[@id=\"__tile133\"]"}
RESULT: {"using":"xpath","value":"//*[@id=\"__tile133\"]"}
COMMAND: POST /session/fcfdec3f19b04732468f3b81cff77eec/element/f.4917B356C9E108E3489CB9DCB9E54F9E.d.C35A50ECBF7322C612198A827BB03264.e.8350/click - {}
RESULT: {}
COMMAND: GET /session/fcfdec3f19b04732468f3b81cff77eec/screenshot - {}
RESULT: {}
COMMAND: POST /session/fcfdec3f19b04732468f3b81cff77eec/elements - {"using":"xpath","value":"//span[text()='Error']"}
RESULT: {"using":"xpath","value":"//span[text()='Error']"}
COMMAND: POST /session/fcfdec3f19b04732468f3b81cff77eec/execute/async - {"script":"<script> [1562 bytes]","args":[{"selector":{"controlType":"sap.m.SearchField","viewName":"etm.portal.ui.managehandovers.view.MasterHO","bindingPath":{"propertyPath":"/_BASIC_SEARCH_FIELD","modelName":"fi1t3rM0d31"},"interaction":{"idSuffix":"I"}},"wdio_ui5_key":"etmportal.ui.managehandovers.view.MasterHOsap.m.SearchField{\"propertyPath\":\"/_BASIC_SEARCH_FIELD\",\"modelName\":\"fi1t3rM0d31\"}"}]}
RESULT: {"script":"<script> [1562 bytes]","args":[{"selector":{"controlType":"sap.m.SearchField","viewName":"etm.portal.ui.managehandovers.view.MasterHO","bindingPath":{"propertyPath":"/_BASIC_SEARCH_FIELD","modelName":"fi1t3rM0d31"},"interaction":{"idSuffix":"I"}},"wdio_ui5_key":"etmportal.ui.managehandovers.view.MasterHOsap.m.SearchField{\"propertyPath\":\"/_BASIC_SEARCH_FIELD\",\"modelName\":\"fi1t3rM0d31\"}"}]}
RESULT: undefined
COMMAND: POST /session/fcfdec3f19b04732468f3b81cff77eec/execute/async - {"script":"<script> [776 bytes]","args":[{"enterText":"30375","selector":{"controlType":"sap.m.SearchField","viewName":"etm.portal.ui.managehandovers.view.MasterHO","bindingPath":{"propertyPath":"/_BASIC_SEARCH_FIELD","modelName":"fi1t3rM0d31"},"interaction":{"idSuffix":"I"}},"clearTextFirst":true,"interactionType":"ENTER_TEXT"}]}
RESULT: {"script":"<script> [776 bytes]","args":[{"enterText":"30375","selector":{"controlType":"sap.m.SearchField","viewName":"etm.portal.ui.managehandovers.view.MasterHO","bindingPath":{"propertyPath":"/_BASIC_SEARCH_FIELD","modelName":"fi1t3rM0d31"},"interaction":{"idSuffix":"I"}},"clearTextFirst":true,"interactionType":"ENTER_TEXT"}]}
COMMAND: POST /session/fcfdec3f19b04732468f3b81cff77eec/actions - {"actions":[{"id":"action36","type":"key","parameters":{},"actions":[{"type":"keyDown","value":""},{"type":"pause","duration":10},{"type":"keyUp","value":""}]}]}
RESULT: {"actions":[{"id":"action36","type":"key","parameters":{},"actions":[{"type":"keyDown","value":""},{"type":"pause","duration":10},{"type":"keyUp","value":""}]}]}
COMMAND: GET /session/fcfdec3f19b04732468f3b81cff77eec/screenshot - {}
RESULT: {}
COMMAND: POST /session/fcfdec3f19b04732468f3b81cff77eec/execute/async - {"script":"<script> [1562 bytes]","args":[{"selector":{"controlType":"sap.ui.core.Icon","viewName":"etm.portal.ui.managehandovers.view.MasterHO","properties":{"src":{"regex":{"source":"slim\\-arrow\\-right"}}}},"wdio_ui5_key":"etmportal.ui.managehandovers.view.MasterHOsap.ui.core.Icon{\"src\":{\"regex\":{\"source\":\"slim\\\\-arrow\\\\-right\"}}}"}]}
RESULT: {"script":"<script> [1562 bytes]","args":[{"selector":{"controlType":"sap.ui.core.Icon","viewName":"etm.portal.ui.managehandovers.view.MasterHO","properties":{"src":{"regex":{"source":"slim\\-arrow\\-right"}}}},"wdio_ui5_key":"etmportal.ui.managehandovers.view.MasterHOsap.ui.core.Icon{\"src\":{\"regex\":{\"source\":\"slim\\\\-arrow\\\\-right\"}}}"}]}
RESULT: undefined
COMMAND: POST /session/fcfdec3f19b04732468f3b81cff77eec/element - {"using":"xpath","value":"//*[@id=\"__item1187-__clone2361-imgNav\"]"}
RESULT: {"using":"xpath","value":"//*[@id=\"__item1187-__clone2361-imgNav\"]"}
COMMAND: POST /session/fcfdec3f19b04732468f3b81cff77eec/element/f.4917B356C9E108E3489CB9DCB9E54F9E.d.C35A50ECBF7322C612198A827BB03264.e.11255/click - {}
RESULT: {}
COMMAND: GET /session/fcfdec3f19b04732468f3b81cff77eec/screenshot - {}
RESULT: {}
COMMAND: POST /session/fcfdec3f19b04732468f3b81cff77eec/execute/async - {"script":"<script> [1562 bytes]","args":[{"selector":{"controlType":"sap.m.Button","viewName":"etm.portal.ui.managehandovers.view.DetailExecuteHO","i18NText":{"propertyName":"text","key":"confirmAll"},"interaction":{"idSuffix":"BDI-content"}},"wdio_ui5_key":"etmportal.ui.managehandovers.view.DetailExecuteHOsap.m.Button{\"propertyName\":\"text\",\"key\":\"confirmAll\"}"}]}
RESULT: {"script":"<script> [1562 bytes]","args":[{"selector":{"controlType":"sap.m.Button","viewName":"etm.portal.ui.managehandovers.view.DetailExecuteHO","i18NText":{"propertyName":"text","key":"confirmAll"},"interaction":{"idSuffix":"BDI-content"}},"wdio_ui5_key":"etmportal.ui.managehandovers.view.DetailExecuteHOsap.m.Button{\"propertyName\":\"text\",\"key\":\"confirmAll\"}"}]}
RESULT: undefined
COMMAND: POST /session/fcfdec3f19b04732468f3b81cff77eec/element - {"using":"xpath","value":"//*[@id=\"__button313\"]"}
RESULT: {"using":"xpath","value":"//*[@id=\"__button313\"]"}
COMMAND: POST /session/fcfdec3f19b04732468f3b81cff77eec/element/f.4917B356C9E108E3489CB9DCB9E54F9E.d.C35A50ECBF7322C612198A827BB03264.e.11350/click - {}
RESULT: {}
COMMAND: GET /session/fcfdec3f19b04732468f3b81cff77eec/screenshot - {}
RESULT: {}
COMMAND: POST /session/fcfdec3f19b04732468f3b81cff77eec/actions - {"actions":[{"id":"action37","type":"key","parameters":{},"actions":[{"type":"keyDown","value":""},{"type":"pause","duration":10},{"type":"keyUp","value":""}]}]}
RESULT: {"actions":[{"id":"action37","type":"key","parameters":{},"actions":[{"type":"keyDown","value":""},{"type":"pause","duration":10},{"type":"keyUp","value":""}]}]}
COMMAND: GET /session/fcfdec3f19b04732468f3b81cff77eec/screenshot - {}
COMMAND: POST /session/fcfdec3f19b04732468f3b81cff77eec/element - {"using":"xpath","value":"//button[@data-kt=\"execHoIssueButton\"]"}
RESULT: {}
RESULT: {"using":"xpath","value":"//button[@data-kt=\"execHoIssueButton\"]"}
COMMAND: POST /session/fcfdec3f19b04732468f3b81cff77eec/element/f.4917B356C9E108E3489CB9DCB9E54F9E.d.C35A50ECBF7322C612198A827BB03264.e.11359/click - {}
RESULT: {}
COMMAND: GET /session/fcfdec3f19b04732468f3b81cff77eec/screenshot - {}
RESULT: {}
RESULT: undefined
COMMAND: POST /session/fcfdec3f19b04732468f3b81cff77eec/execute/async - {"script":"<script> [776 bytes]","args":[{"enterText":"30375","selector":{"controlType":"sap.m.SearchField","viewName":"etm.portal.ui.managehandovers.view.MasterHO","bindingPath":{"propertyPath":"/_BASIC_SEARCH_FIELD","modelName":"fi1t3rM0d31"},"interaction":{"idSuffix":"I"}},"clearTextFirst":true,"interactionType":"ENTER_TEXT"}]}
RESULT: {"script":"<script> [776 bytes]","args":[{"enterText":"30375","selector":{"controlType":"sap.m.SearchField","viewName":"etm.portal.ui.managehandovers.view.MasterHO","bindingPath":{"propertyPath":"/_BASIC_SEARCH_FIELD","modelName":"fi1t3rM0d31"},"interaction":{"idSuffix":"I"}},"clearTextFirst":true,"interactionType":"ENTER_TEXT"}]}
COMMAND: POST /session/fcfdec3f19b04732468f3b81cff77eec/actions - {"actions":[{"id":"action38","type":"key","parameters":{},"actions":[{"type":"keyDown","value":""},{"type":"pause","duration":10},{"type":"keyUp","value":""}]}]}
RESULT: {"actions":[{"id":"action38","type":"key","parameters":{},"actions":[{"type":"keyDown","value":""},{"type":"pause","duration":10},{"type":"keyUp","value":""}]}]}
COMMAND: GET /session/fcfdec3f19b04732468f3b81cff77eec/screenshot - {}
RESULT: {}
COMMAND: POST /session/fcfdec3f19b04732468f3b81cff77eec/element - {"using":"xpath","value":"//span[(text() = '30375' or . = '30375')]"}
RESULT: {"using":"xpath","value":"//span[(text() = '30375' or . = '30375')]"}
COMMAND: POST /session/fcfdec3f19b04732468f3b81cff77eec/element/f.4917B356C9E108E3489CB9DCB9E54F9E.d.C35A50ECBF7322C612198A827BB03264.e.11401/click - {}
RESULT: {}
COMMAND: GET /session/fcfdec3f19b04732468f3b81cff77eec/screenshot - {}
RESULT: {}
COMMAND: POST /session/fcfdec3f19b04732468f3b81cff77eec/element - {"using":"xpath","value":"//span[contains(text(), \"Instructions\")]"}
RESULT: {"using":"xpath","value":"//span[contains(text(), \"Instructions\")]"}
COMMAND: POST /session/fcfdec3f19b04732468f3b81cff77eec/element/f.4917B356C9E108E3489CB9DCB9E54F9E.d.C35A50ECBF7322C612198A827BB03264.e.11446/click - {}
RESULT: {}
COMMAND: GET /session/fcfdec3f19b04732468f3b81cff77eec/screenshot - {}
RESULT: {}
COMMAND: POST /session/fcfdec3f19b04732468f3b81cff77eec/element - {"using":"xpath","value":"//span[contains(text(), \"Instructions\")]"}
RESULT: {"using":"xpath","value":"//span[contains(text(), \"Instructions\")]"}
COMMAND: POST /session/fcfdec3f19b04732468f3b81cff77eec/element/f.4917B356C9E108E3489CB9DCB9E54F9E.d.C35A50ECBF7322C612198A827BB03264.e.11446/click - {}
RESULT: {}
COMMAND: GET /session/fcfdec3f19b04732468f3b81cff77eec/screenshot - {}
RESULT: {}
COMMAND: POST /session/fcfdec3f19b04732468f3b81cff77eec/execute/async - {"script":"<script> [1562 bytes]","args":[{"selector":{"controlType":"sap.m.ComboBox","viewName":"etm.portal.ui.managehandovers.view.DetailExecuteHO","bindingPath":{"propertyPath":"RECEIVING_SECTION","modelName":"catalogModel"},"interaction":{"idSuffix":"inner"}},"wdio_ui5_key":"etmportal.ui.managehandovers.view.DetailExecuteHOsap.m.ComboBox{\"propertyPath\":\"RECEIVING_SECTION\",\"modelName\":\"catalogModel\"}"}]}
RESULT: {"script":"<script> [1562 bytes]","args":[{"selector":{"controlType":"sap.m.ComboBox","viewName":"etm.portal.ui.managehandovers.view.DetailExecuteHO","bindingPath":{"propertyPath":"RECEIVING_SECTION","modelName":"catalogModel"},"interaction":{"idSuffix":"inner"}},"wdio_ui5_key":"etmportal.ui.managehandovers.view.DetailExecuteHOsap.m.ComboBox{\"propertyPath\":\"RECEIVING_SECTION\",\"modelName\":\"catalogModel\"}"}]}
RESULT: undefined
COMMAND: POST /session/fcfdec3f19b04732468f3b81cff77eec/execute/async - {"script":"<script> [776 bytes]","args":[{"enterText":"WDIO-2094","selector":{"controlType":"sap.m.ComboBox","viewName":"etm.portal.ui.managehandovers.view.DetailExecuteHO","bindingPath":{"propertyPath":"RECEIVING_SECTION","modelName":"catalogModel"},"interaction":{"idSuffix":"inner"}},"clearTextFirst":true,"interactionType":"ENTER_TEXT"}]}
RESULT: {"script":"<script> [776 bytes]","args":[{"enterText":"WDIO-2094","selector":{"controlType":"sap.m.ComboBox","viewName":"etm.portal.ui.managehandovers.view.DetailExecuteHO","bindingPath":{"propertyPath":"RECEIVING_SECTION","modelName":"catalogModel"},"interaction":{"idSuffix":"inner"}},"clearTextFirst":true,"interactionType":"ENTER_TEXT"}]}
COMMAND: POST /session/fcfdec3f19b04732468f3b81cff77eec/actions - {"actions":[{"id":"action39","type":"key","parameters":{},"actions":[{"type":"keyDown","value":""},{"type":"pause","duration":10},{"type":"keyUp","value":""}]}]}
RESULT: {"actions":[{"id":"action39","type":"key","parameters":{},"actions":[{"type":"keyDown","value":""},{"type":"pause","duration":10},{"type":"keyUp","value":""}]}]}
COMMAND: GET /session/fcfdec3f19b04732468f3b81cff77eec/screenshot - {}
RESULT: {}
COMMAND: POST /session/fcfdec3f19b04732468f3b81cff77eec/element - {"using":"xpath","value":"//button[@data-kt= \"execHoReceiveButton\"]"}
RESULT: {"using":"xpath","value":"//button[@data-kt= \"execHoReceiveButton\"]"}
COMMAND: POST /session/fcfdec3f19b04732468f3b81cff77eec/element/f.4917B356C9E108E3489CB9DCB9E54F9E.d.C35A50ECBF7322C612198A827BB03264.e.11452/click - {}
RESULT: {}
COMMAND: GET /session/fcfdec3f19b04732468f3b81cff77eec/screenshot - {}
RESULT: {}
COMMAND: POST /session/fcfdec3f19b04732468f3b81cff77eec/execute/async - {"script":"<script> [1562 bytes]","args":[{"selector":{"controlType":"sap.m.Button","properties":{"text":"Continue"},"searchOpenDialogs":true,"interaction":{"idSuffix":"content"}},"wdio_ui5_key":"sapm.Button{\"text\":\"Continue\"}"}]}
RESULT: {"script":"<script> [1562 bytes]","args":[{"selector":{"controlType":"sap.m.Button","properties":{"text":"Continue"},"searchOpenDialogs":true,"interaction":{"idSuffix":"content"}},"wdio_ui5_key":"sapm.Button{\"text\":\"Continue\"}"}]}
RESULT: undefined
COMMAND: POST /session/fcfdec3f19b04732468f3b81cff77eec/element - {"using":"xpath","value":"//*[@id=\"__mbox-btn-6\"]"}
RESULT: {"using":"xpath","value":"//*[@id=\"__mbox-btn-6\"]"}
COMMAND: POST /session/fcfdec3f19b04732468f3b81cff77eec/element/f.4917B356C9E108E3489CB9DCB9E54F9E.d.C35A50ECBF7322C612198A827BB03264.e.11453/click - {}
RESULT: {}
COMMAND: GET /session/fcfdec3f19b04732468f3b81cff77eec/screenshot - {}
RESULT: {}
COMMAND: POST /session/fcfdec3f19b04732468f3b81cff77eec/element - {"using":"css selector","value":"#shell-header-logo"}
RESULT: {"using":"css selector","value":"#shell-header-logo"}
COMMAND: POST /session/fcfdec3f19b04732468f3b81cff77eec/element/f.4917B356C9E108E3489CB9DCB9E54F9E.d.C35A50ECBF7322C612198A827BB03264.e.11141/click - {}
RESULT: {}
COMMAND: GET /session/fcfdec3f19b04732468f3b81cff77eec/screenshot - {}
RESULT: {}
COMMAND: POST /session/fcfdec3f19b04732468f3b81cff77eec/element - {"using":"css selector","value":"#j_username"}
COMMAND: POST /session/fcfdec3f19b04732468f3b81cff77eec/url - {"url":"https://qa-testing-00-live-etm-ui.cfapps.eu10-004.hana.ondemand.com/"}
RESULT: {"using":"css selector","value":"#j_username"}
COMMAND: POST /session/fcfdec3f19b04732468f3b81cff77eec/element - {"using":"css selector","value":"#j_username"}
RESULT: {"url":"https://qa-testing-00-live-etm-ui.cfapps.eu10-004.hana.ondemand.com/"}
RESULT: undefined
COMMAND: GET /session/fcfdec3f19b04732468f3b81cff77eec/screenshot - {}
RESULT: {"using":"css selector","value":"#j_username"}
COMMAND: POST /session/fcfdec3f19b04732468f3b81cff77eec/element - {"using":"css selector","value":"#shell-header-logo"}
RESULT: {}
RESULT: {"using":"css selector","value":"#shell-header-logo"}
COMMAND: POST /session/fcfdec3f19b04732468f3b81cff77eec/execute/sync - {"script":"<script> [8489 bytes]","args":[{"element-6066-11e4-a52e-4f735466cecf":"f.4917B356C9E108E3489CB9DCB9E54F9E.d.3DB510EC494BCC2F6742B950BE605439.e.11510","ELEMENT":"f.4917B356C9E108E3489CB9DCB9E54F9E.d.3DB510EC494BCC2F6742B950BE605439.e.11510"}]}
RESULT: {"script":"<script> [8489 bytes]","args":[{"element-6066-11e4-a52e-4f735466cecf":"f.4917B356C9E108E3489CB9DCB9E54F9E.d.3DB510EC494BCC2F6742B950BE605439.e.11510","ELEMENT":"f.4917B356C9E108E3489CB9DCB9E54F9E.d.3DB510EC494BCC2F6742B950BE605439.e.11510"}]}
COMMAND: POST /session/fcfdec3f19b04732468f3b81cff77eec/element - {"using":"css selector","value":"#shell-header-logo"}
COMMAND: GET /session/fcfdec3f19b04732468f3b81cff77eec/screenshot - {}
RESULT: {"using":"css selector","value":"#shell-header-logo"}
COMMAND: POST /session/fcfdec3f19b04732468f3b81cff77eec/execute/sync - {"script":"<script> [8489 bytes]","args":[{"element-6066-11e4-a52e-4f735466cecf":"f.4917B356C9E108E3489CB9DCB9E54F9E.d.3DB510EC494BCC2F6742B950BE605439.e.11510","ELEMENT":"f.4917B356C9E108E3489CB9DCB9E54F9E.d.3DB510EC494BCC2F6742B950BE605439.e.11510"}]}
RESULT: {}
RESULT: {"script":"<script> [8489 bytes]","args":[{"element-6066-11e4-a52e-4f735466cecf":"f.4917B356C9E108E3489CB9DCB9E54F9E.d.3DB510EC494BCC2F6742B950BE605439.e.11510","ELEMENT":"f.4917B356C9E108E3489CB9DCB9E54F9E.d.3DB510EC494BCC2F6742B950BE605439.e.11510"}]}
COMMAND: POST /session/fcfdec3f19b04732468f3b81cff77eec/execute/sync - {"script":"<script> [5351 bytes]","args":[{"element-6066-11e4-a52e-4f735466cecf":"f.4917B356C9E108E3489CB9DCB9E54F9E.d.3DB510EC494BCC2F6742B950BE605439.e.11510","ELEMENT":"f.4917B356C9E108E3489CB9DCB9E54F9E.d.3DB510EC494BCC2F6742B950BE605439.e.11510"}]}
COMMAND: GET /session/fcfdec3f19b04732468f3b81cff77eec/screenshot - {}
RESULT: {"script":"<script> [5351 bytes]","args":[{"element-6066-11e4-a52e-4f735466cecf":"f.4917B356C9E108E3489CB9DCB9E54F9E.d.3DB510EC494BCC2F6742B950BE605439.e.11510","ELEMENT":"f.4917B356C9E108E3489CB9DCB9E54F9E.d.3DB510EC494BCC2F6742B950BE605439.e.11510"}]}
COMMAND: POST /session/fcfdec3f19b04732468f3b81cff77eec/element - {"using":"css selector","value":"#shell-header-logo"}
COMMAND: GET /session/fcfdec3f19b04732468f3b81cff77eec/screenshot - {}
RESULT: {}
RESULT: {"using":"css selector","value":"#shell-header-logo"}
COMMAND: POST /session/fcfdec3f19b04732468f3b81cff77eec/element/f.4917B356C9E108E3489CB9DCB9E54F9E.d.3DB510EC494BCC2F6742B950BE605439.e.11510/click - {}
RESULT: {}
RESULT: {}
COMMAND: GET /session/fcfdec3f19b04732468f3b81cff77eec/screenshot - {}
RESULT: {}
COMMAND: POST /session/fcfdec3f19b04732468f3b81cff77eec/execute/async - {"script":"<script> [189 bytes]","args":[]}
RESULT: {"script":"<script> [189 bytes]","args":[]}
COMMAND: POST /session/fcfdec3f19b04732468f3b81cff77eec/execute/async - {"script":"<script> [123 bytes]","args":[]}
RESULT: {"script":"<script> [123 bytes]","args":[]}
COMMAND: POST /session/fcfdec3f19b04732468f3b81cff77eec/timeouts - {"script":"<number>"}
RESULT: {"script":"<number>"}
COMMAND: GET /session/fcfdec3f19b04732468f3b81cff77eec/timeouts - {}
RESULT: {}
RESULT: undefined
COMMAND: POST /session/fcfdec3f19b04732468f3b81cff77eec/execute/async - {"script":"<script> [2676 bytes]","args":[]}
RESULT: {"script":"<script> [2676 bytes]","args":[]}
COMMAND: POST /session/fcfdec3f19b04732468f3b81cff77eec/execute/async - {"script":"<script> [2342 bytes]","args":[{"protocol":"http","hostname":"0.0.0.0","path":"/","capabilities":{"browserName":"chrome","goog:chromeOptions":{"binary":"C:\\Program Files\\Google\\Chrome\\Application\\chrome.exe","args":["--start-maximized"]}},"logLevel":"warn","connectionRetryTimeout":120000,"connectionRetryCount":3,"logLevels":{},"enableDirectConnect":true,"strictSSL":true,"_":"65 more keys: [\"cacheDir\",\"port\",\"requestedCapabilities\",\"automationProtocol\",\"baseUrl\",\"waitforInterval\",\"waitforTimeout\",\"onReload\",\"beforeCommand\",\"afterCommand\",\"rootDir\",\"specs\",\"suites\",\"exclude\",\"groupLogsByTestSpec\",\"excludeDriverLogs\",\"bail\",\"framework\",\"reporters\",\"services\",\"maxInstances\",\"maxInstancesPerCapability\",\"injectGlobals\",\"filesToWatch\",\"execArgv\",\"runnerEnv\",\"runner\",\"shard\",\"specFileRetries\",\"specFileRetriesDelay\",\"specFileRetriesDeferred\",\"reporterSyncInterval\",\"reporterSyncTimeout\",\"cucumberFeaturesWithLineNumbers\",\"autoCompileOpts\",\"mochaOpts\",\"jasmineOpts\",\"cucumberOpts\",\"onPrepare\",\"onWorkerStart\",\"onWorkerEnd\",\"before\",\"beforeSession\",\"beforeSuite\",\"beforeHook\",\"beforeTest\",\"afterTest\",\"afterHook\",\"afterSuite\",\"afterSession\",\"after\",\"onComplete\",\"beforeAssertion\",\"afterAssertion\",\"beforeFeature\",\"beforeScenario\",\"beforeStep\",\"afterStep\",\"afterScenario\",\"afterFeature\",\"_\",\"suite\",\"$0\",\"ignoredWorkerServices\",\"wdi5\"]"}]}
RESULT: {"script":"<script> [2342 bytes]","args":[{"protocol":"http","hostname":"0.0.0.0","path":"/","capabilities":{"browserName":"chrome","goog:chromeOptions":{"binary":"C:\\Program Files\\Google\\Chrome\\Application\\chrome.exe","args":["--start-maximized"]}},"logLevel":"warn","connectionRetryTimeout":120000,"connectionRetryCount":3,"logLevels":{},"enableDirectConnect":true,"strictSSL":true,"_":"65 more keys: [\"cacheDir\",\"port\",\"requestedCapabilities\",\"automationProtocol\",\"baseUrl\",\"waitforInterval\",\"waitforTimeout\",\"onReload\",\"beforeCommand\",\"afterCommand\",\"rootDir\",\"specs\",\"suites\",\"exclude\",\"groupLogsByTestSpec\",\"excludeDriverLogs\",\"bail\",\"framework\",\"reporters\",\"services\",\"maxInstances\",\"maxInstancesPerCapability\",\"injectGlobals\",\"filesToWatch\",\"execArgv\",\"runnerEnv\",\"runner\",\"shard\",\"specFileRetries\",\"specFileRetriesDelay\",\"specFileRetriesDeferred\",\"reporterSyncInterval\",\"reporterSyncTimeout\",\"cucumberFeaturesWithLineNumbers\",\"autoCompileOpts\",\"mochaOpts\",\"jasmineOpts\",\"cucumberOpts\",\"onPrepare\",\"onWorkerStart\",\"onWorkerEnd\",\"before\",\"beforeSession\",\"beforeSuite\",\"beforeHook\",\"beforeTest\",\"afterTest\",\"afterHook\",\"afterSuite\",\"afterSession\",\"after\",\"onComplete\",\"beforeAssertion\",\"afterAssertion\",\"beforeFeature\",\"beforeScenario\",\"beforeStep\",\"afterStep\",\"afterScenario\",\"afterFeature\",\"_\",\"suite\",\"$0\",\"ignoredWorkerServices\",\"wdi5\"]"}]}
COMMAND: POST /session/fcfdec3f19b04732468f3b81cff77eec/execute/async - {"script":"<script> [21126 bytes]","args":[35000]}
RESULT: {"script":"<script> [21126 bytes]","args":[35000]}
COMMAND: POST /session/fcfdec3f19b04732468f3b81cff77eec/window/maximize - {}
RESULT: {}
COMMAND: POST /session/fcfdec3f19b04732468f3b81cff77eec/execute/async - {"script":"<script> [1562 bytes]","args":[{"selector":{"id":"shell-header","interaction":{"idSuffix":"icon"}},"wdio_ui5_key":"shellheader"}]}
COMMAND: GET /session/fcfdec3f19b04732468f3b81cff77eec/screenshot - {}
RESULT: {"script":"<script> [1562 bytes]","args":[{"selector":{"id":"shell-header","interaction":{"idSuffix":"icon"}},"wdio_ui5_key":"shellheader"}]}
RESULT: undefined
COMMAND: POST /session/fcfdec3f19b04732468f3b81cff77eec/window/fullscreen - {}
RESULT: {}
RESULT: {}
]]></system-out>
    </testcase>
  </testsuite>
  <testsuite timestamp="2025-05-24T16:57:42" time="485.494" tests="4" failures="0" errors="0" skipped="0">
    <properties>
      <property name="specId" value="0"/>
      <property name="suiteName" value="Provide to Site w/o warehouse management w/ clarification US116605"/>
      <property name="capabilities" value="chrome.136_0_7103_93.windows"/>
      <property name="file" value="file:///D:/a/1/s/test/specs/HTR/provide-to-site-wo-warehouse-w-clarification.spec.js"/>
    </properties>
    <testcase classname="chrome.136_0_7103_93.windows.Provide_to_Site_w/o_warehouse_management_w/_clarification_US116605" name="Should create a new yard" time="132.158">
      <system-out><![CDATA[
COMMAND: POST /session/fcfdec3f19b04732468f3b81cff77eec/window/fullscreen - {}
RESULT: {}
COMMAND: POST /session/fcfdec3f19b04732468f3b81cff77eec/execute/async - {"script":"<script> [1562 bytes]","args":[{"selector":{"controlType":"sap.m.GenericTile","properties":{"header":"Manage Yards"}},"wdio_ui5_key":"sapm.GenericTile{\"header\":\"Manage Yards\"}"}]}
RESULT: {"script":"<script> [1562 bytes]","args":[{"selector":{"controlType":"sap.m.GenericTile","properties":{"header":"Manage Yards"}},"wdio_ui5_key":"sapm.GenericTile{\"header\":\"Manage Yards\"}"}]}
RESULT: undefined
COMMAND: POST /session/fcfdec3f19b04732468f3b81cff77eec/element - {"using":"xpath","value":"//*[@id=\"__tile33\"]"}
RESULT: {"using":"xpath","value":"//*[@id=\"__tile33\"]"}
COMMAND: POST /session/fcfdec3f19b04732468f3b81cff77eec/element/f.4917B356C9E108E3489CB9DCB9E54F9E.d.3DB510EC494BCC2F6742B950BE605439.e.11533/click - {}
RESULT: {}
COMMAND: GET /session/fcfdec3f19b04732468f3b81cff77eec/screenshot - {}
RESULT: {}
COMMAND: POST /session/fcfdec3f19b04732468f3b81cff77eec/elements - {"using":"xpath","value":"//span[text()='Error']"}
RESULT: {"using":"xpath","value":"//span[text()='Error']"}
COMMAND: POST /session/fcfdec3f19b04732468f3b81cff77eec/element - {"using":"xpath","value":"//button[@data-kt=\"addNewYardOverflowToolbarButton\"]"}
RESULT: {"using":"xpath","value":"//button[@data-kt=\"addNewYardOverflowToolbarButton\"]"}
COMMAND: POST /session/fcfdec3f19b04732468f3b81cff77eec/elements - {"using":"xpath","value":"//button[@data-kt=\"addNewYardOverflowToolbarButton\"]"}
RESULT: {"using":"xpath","value":"//button[@data-kt=\"addNewYardOverflowToolbarButton\"]"}
COMMAND: POST /session/fcfdec3f19b04732468f3b81cff77eec/element - {"using":"xpath","value":"//button[@data-kt=\"addNewYardOverflowToolbarButton\"]"}
RESULT: {"using":"xpath","value":"//button[@data-kt=\"addNewYardOverflowToolbarButton\"]"}
COMMAND: POST /session/fcfdec3f19b04732468f3b81cff77eec/execute/sync - {"script":"<script> [8489 bytes]","args":[{"element-6066-11e4-a52e-4f735466cecf":"f.4917B356C9E108E3489CB9DCB9E54F9E.d.3DB510EC494BCC2F6742B950BE605439.e.11656","ELEMENT":"f.4917B356C9E108E3489CB9DCB9E54F9E.d.3DB510EC494BCC2F6742B950BE605439.e.11656"}]}
RESULT: {"script":"<script> [8489 bytes]","args":[{"element-6066-11e4-a52e-4f735466cecf":"f.4917B356C9E108E3489CB9DCB9E54F9E.d.3DB510EC494BCC2F6742B950BE605439.e.11656","ELEMENT":"f.4917B356C9E108E3489CB9DCB9E54F9E.d.3DB510EC494BCC2F6742B950BE605439.e.11656"}]}
COMMAND: GET /session/fcfdec3f19b04732468f3b81cff77eec/element/f.4917B356C9E108E3489CB9DCB9E54F9E.d.3DB510EC494BCC2F6742B950BE605439.e.11656/enabled - {}
COMMAND: GET /session/fcfdec3f19b04732468f3b81cff77eec/screenshot - {}
RESULT: {}
COMMAND: POST /session/fcfdec3f19b04732468f3b81cff77eec/execute/sync - {"script":"<script> [8489 bytes]","args":[{"element-6066-11e4-a52e-4f735466cecf":"f.4917B356C9E108E3489CB9DCB9E54F9E.d.3DB510EC494BCC2F6742B950BE605439.e.11656","ELEMENT":"f.4917B356C9E108E3489CB9DCB9E54F9E.d.3DB510EC494BCC2F6742B950BE605439.e.11656"}]}
COMMAND: GET /session/fcfdec3f19b04732468f3b81cff77eec/screenshot - {}
RESULT: {}
RESULT: {"script":"<script> [8489 bytes]","args":[{"element-6066-11e4-a52e-4f735466cecf":"f.4917B356C9E108E3489CB9DCB9E54F9E.d.3DB510EC494BCC2F6742B950BE605439.e.11656","ELEMENT":"f.4917B356C9E108E3489CB9DCB9E54F9E.d.3DB510EC494BCC2F6742B950BE605439.e.11656"}]}
COMMAND: POST /session/fcfdec3f19b04732468f3b81cff77eec/execute/sync - {"script":"<script> [5351 bytes]","args":[{"element-6066-11e4-a52e-4f735466cecf":"f.4917B356C9E108E3489CB9DCB9E54F9E.d.3DB510EC494BCC2F6742B950BE605439.e.11656","ELEMENT":"f.4917B356C9E108E3489CB9DCB9E54F9E.d.3DB510EC494BCC2F6742B950BE605439.e.11656"}]}
COMMAND: GET /session/fcfdec3f19b04732468f3b81cff77eec/screenshot - {}
RESULT: {}
RESULT: {"script":"<script> [5351 bytes]","args":[{"element-6066-11e4-a52e-4f735466cecf":"f.4917B356C9E108E3489CB9DCB9E54F9E.d.3DB510EC494BCC2F6742B950BE605439.e.11656","ELEMENT":"f.4917B356C9E108E3489CB9DCB9E54F9E.d.3DB510EC494BCC2F6742B950BE605439.e.11656"}]}
COMMAND: POST /session/fcfdec3f19b04732468f3b81cff77eec/element/f.4917B356C9E108E3489CB9DCB9E54F9E.d.3DB510EC494BCC2F6742B950BE605439.e.11656/click - {}
COMMAND: GET /session/fcfdec3f19b04732468f3b81cff77eec/screenshot - {}
RESULT: {}
RESULT: {}
COMMAND: GET /session/fcfdec3f19b04732468f3b81cff77eec/screenshot - {}
RESULT: {}
RESULT: {}
COMMAND: POST /session/fcfdec3f19b04732468f3b81cff77eec/element - {"using":"xpath","value":"//input[@id=\"application-manageyards-display-component---NewYard--yardId-inner\"]"}
RESULT: {"using":"xpath","value":"//input[@id=\"application-manageyards-display-component---NewYard--yardId-inner\"]"}
COMMAND: POST /session/fcfdec3f19b04732468f3b81cff77eec/element - {"using":"xpath","value":"//input[@id=\"application-manageyards-display-component---NewYard--yardId-inner\"]"}
RESULT: {"using":"xpath","value":"//input[@id=\"application-manageyards-display-component---NewYard--yardId-inner\"]"}
COMMAND: POST /session/fcfdec3f19b04732468f3b81cff77eec/execute/async - {"script":"<script> [1562 bytes]","args":[{"selector":{"id":"application-manageyards-display-component---NewYard--addressDetailDetailsName1","interaction":{"idSuffix":"inner"}},"wdio_ui5_key":"applicationmanageyards-display-component---NewYard--addressDetailDetailsName1"}]}
RESULT: {"script":"<script> [1562 bytes]","args":[{"selector":{"id":"application-manageyards-display-component---NewYard--addressDetailDetailsName1","interaction":{"idSuffix":"inner"}},"wdio_ui5_key":"applicationmanageyards-display-component---NewYard--addressDetailDetailsName1"}]}
RESULT: undefined
COMMAND: POST /session/fcfdec3f19b04732468f3b81cff77eec/execute/async - {"script":"<script> [776 bytes]","args":[{"enterText":"Other Yard WDIO","selector":{"id":"application-manageyards-display-component---NewYard--addressDetailDetailsName1","interaction":{"idSuffix":"inner"}},"clearTextFirst":true,"interactionType":"ENTER_TEXT"}]}
RESULT: {"script":"<script> [776 bytes]","args":[{"enterText":"Other Yard WDIO","selector":{"id":"application-manageyards-display-component---NewYard--addressDetailDetailsName1","interaction":{"idSuffix":"inner"}},"clearTextFirst":true,"interactionType":"ENTER_TEXT"}]}
COMMAND: POST /session/fcfdec3f19b04732468f3b81cff77eec/execute/async - {"script":"<script> [1562 bytes]","args":[{"selector":{"id":"application-manageyards-display-component---NewYard--addressDetailDetailsLanguage-arrow"},"wdio_ui5_key":"applicationmanageyards-display-component---NewYard--addressDetailDetailsLanguage-arrow"}]}
RESULT: {"script":"<script> [1562 bytes]","args":[{"selector":{"id":"application-manageyards-display-component---NewYard--addressDetailDetailsLanguage-arrow"},"wdio_ui5_key":"applicationmanageyards-display-component---NewYard--addressDetailDetailsLanguage-arrow"}]}
RESULT: undefined
COMMAND: POST /session/fcfdec3f19b04732468f3b81cff77eec/element - {"using":"xpath","value":"//*[@id=\"application-manageyards-display-component---NewYard--addressDetailDetailsLanguage-arrow\"]"}
RESULT: {"using":"xpath","value":"//*[@id=\"application-manageyards-display-component---NewYard--addressDetailDetailsLanguage-arrow\"]"}
COMMAND: POST /session/fcfdec3f19b04732468f3b81cff77eec/element/f.4917B356C9E108E3489CB9DCB9E54F9E.d.3DB510EC494BCC2F6742B950BE605439.e.12087/click - {}
RESULT: {}
COMMAND: POST /session/fcfdec3f19b04732468f3b81cff77eec/element - {"using":"xpath","value":"//span[contains(text(), \"English\")]"}
COMMAND: GET /session/fcfdec3f19b04732468f3b81cff77eec/screenshot - {}
RESULT: {"using":"xpath","value":"//span[contains(text(), \"English\")]"}
COMMAND: POST /session/fcfdec3f19b04732468f3b81cff77eec/element/f.4917B356C9E108E3489CB9DCB9E54F9E.d.3DB510EC494BCC2F6742B950BE605439.e.12088/click - {}
RESULT: {}
RESULT: {}
COMMAND: POST /session/fcfdec3f19b04732468f3b81cff77eec/execute/async - {"script":"<script> [1562 bytes]","args":[{"selector":{"id":"application-manageyards-display-component---NewYard--addressDetailDetailsCity1","interaction":{"idSuffix":"inner"}},"wdio_ui5_key":"applicationmanageyards-display-component---NewYard--addressDetailDetailsCity1"}]}
COMMAND: GET /session/fcfdec3f19b04732468f3b81cff77eec/screenshot - {}
RESULT: {"script":"<script> [1562 bytes]","args":[{"selector":{"id":"application-manageyards-display-component---NewYard--addressDetailDetailsCity1","interaction":{"idSuffix":"inner"}},"wdio_ui5_key":"applicationmanageyards-display-component---NewYard--addressDetailDetailsCity1"}]}
RESULT: undefined
COMMAND: POST /session/fcfdec3f19b04732468f3b81cff77eec/execute/async - {"script":"<script> [776 bytes]","args":[{"enterText":"Rosario","selector":{"id":"application-manageyards-display-component---NewYard--addressDetailDetailsCity1","interaction":{"idSuffix":"inner"}},"clearTextFirst":true,"interactionType":"ENTER_TEXT"}]}
RESULT: {}
RESULT: {"script":"<script> [776 bytes]","args":[{"enterText":"Rosario","selector":{"id":"application-manageyards-display-component---NewYard--addressDetailDetailsCity1","interaction":{"idSuffix":"inner"}},"clearTextFirst":true,"interactionType":"ENTER_TEXT"}]}
COMMAND: POST /session/fcfdec3f19b04732468f3b81cff77eec/execute/async - {"script":"<script> [1562 bytes]","args":[{"selector":{"id":"application-manageyards-display-component---NewYard--addressDetailDetailsCountry-arrow"},"wdio_ui5_key":"applicationmanageyards-display-component---NewYard--addressDetailDetailsCountry-arrow"}]}
RESULT: {"script":"<script> [1562 bytes]","args":[{"selector":{"id":"application-manageyards-display-component---NewYard--addressDetailDetailsCountry-arrow"},"wdio_ui5_key":"applicationmanageyards-display-component---NewYard--addressDetailDetailsCountry-arrow"}]}
RESULT: undefined
COMMAND: POST /session/fcfdec3f19b04732468f3b81cff77eec/element - {"using":"xpath","value":"//*[@id=\"application-manageyards-display-component---NewYard--addressDetailDetailsCountry-arrow\"]"}
RESULT: {"using":"xpath","value":"//*[@id=\"application-manageyards-display-component---NewYard--addressDetailDetailsCountry-arrow\"]"}
COMMAND: POST /session/fcfdec3f19b04732468f3b81cff77eec/element/f.4917B356C9E108E3489CB9DCB9E54F9E.d.3DB510EC494BCC2F6742B950BE605439.e.12090/click - {}
RESULT: {}
COMMAND: POST /session/fcfdec3f19b04732468f3b81cff77eec/element - {"using":"xpath","value":"//span[contains(text(), \"Argentina\")]"}
COMMAND: GET /session/fcfdec3f19b04732468f3b81cff77eec/screenshot - {}
RESULT: {"using":"xpath","value":"//span[contains(text(), \"Argentina\")]"}
COMMAND: POST /session/fcfdec3f19b04732468f3b81cff77eec/element/f.4917B356C9E108E3489CB9DCB9E54F9E.d.3DB510EC494BCC2F6742B950BE605439.e.12091/click - {}
RESULT: {}
RESULT: {}
COMMAND: POST /session/fcfdec3f19b04732468f3b81cff77eec/execute/async - {"script":"<script> [1562 bytes]","args":[{"selector":{"id":"application-manageyards-display-component---NewYard--addressEditDetailsCostObjectCstType-arrow"},"wdio_ui5_key":"applicationmanageyards-display-component---NewYard--addressEditDetailsCostObjectCstType-arrow"}]}
COMMAND: GET /session/fcfdec3f19b04732468f3b81cff77eec/screenshot - {}
RESULT: {"script":"<script> [1562 bytes]","args":[{"selector":{"id":"application-manageyards-display-component---NewYard--addressEditDetailsCostObjectCstType-arrow"},"wdio_ui5_key":"applicationmanageyards-display-component---NewYard--addressEditDetailsCostObjectCstType-arrow"}]}
RESULT: undefined
COMMAND: POST /session/fcfdec3f19b04732468f3b81cff77eec/element - {"using":"xpath","value":"//*[@id=\"application-manageyards-display-component---NewYard--addressEditDetailsCostObjectCstType-arrow\"]"}
RESULT: {}
RESULT: {"using":"xpath","value":"//*[@id=\"application-manageyards-display-component---NewYard--addressEditDetailsCostObjectCstType-arrow\"]"}
COMMAND: POST /session/fcfdec3f19b04732468f3b81cff77eec/element/f.4917B356C9E108E3489CB9DCB9E54F9E.d.3DB510EC494BCC2F6742B950BE605439.e.12093/click - {}
RESULT: {}
COMMAND: POST /session/fcfdec3f19b04732468f3b81cff77eec/element - {"using":"xpath","value":"//span[contains(text(), \"Cost Center\")]"}
COMMAND: GET /session/fcfdec3f19b04732468f3b81cff77eec/screenshot - {}
RESULT: {"using":"xpath","value":"//span[contains(text(), \"Cost Center\")]"}
COMMAND: POST /session/fcfdec3f19b04732468f3b81cff77eec/element/f.4917B356C9E108E3489CB9DCB9E54F9E.d.3DB510EC494BCC2F6742B950BE605439.e.12094/click - {}
RESULT: {}
RESULT: {}
COMMAND: GET /session/fcfdec3f19b04732468f3b81cff77eec/screenshot - {}
RESULT: {}
COMMAND: POST /session/fcfdec3f19b04732468f3b81cff77eec/element - {"using":"xpath","value":"//span[@id=\"application-manageyards-display-component---NewYard--addressNewCostObjectCstID-vhi\"]"}
RESULT: {"using":"xpath","value":"//span[@id=\"application-manageyards-display-component---NewYard--addressNewCostObjectCstID-vhi\"]"}
COMMAND: POST /session/fcfdec3f19b04732468f3b81cff77eec/execute/sync - {"script":"<script> [8489 bytes]","args":[{"element-6066-11e4-a52e-4f735466cecf":"f.4917B356C9E108E3489CB9DCB9E54F9E.d.3DB510EC494BCC2F6742B950BE605439.e.12098","ELEMENT":"f.4917B356C9E108E3489CB9DCB9E54F9E.d.3DB510EC494BCC2F6742B950BE605439.e.12098"}]}
RESULT: {"script":"<script> [8489 bytes]","args":[{"element-6066-11e4-a52e-4f735466cecf":"f.4917B356C9E108E3489CB9DCB9E54F9E.d.3DB510EC494BCC2F6742B950BE605439.e.12098","ELEMENT":"f.4917B356C9E108E3489CB9DCB9E54F9E.d.3DB510EC494BCC2F6742B950BE605439.e.12098"}]}
COMMAND: POST /session/fcfdec3f19b04732468f3b81cff77eec/execute/async - {"script":"<script> [1562 bytes]","args":[{"selector":{"id":"application-manageyards-display-component---NewYard--addressNewCostObjectCstID-vhi"},"wdio_ui5_key":"applicationmanageyards-display-component---NewYard--addressNewCostObjectCstID-vhi"}]}
COMMAND: GET /session/fcfdec3f19b04732468f3b81cff77eec/screenshot - {}
RESULT: {"script":"<script> [1562 bytes]","args":[{"selector":{"id":"application-manageyards-display-component---NewYard--addressNewCostObjectCstID-vhi"},"wdio_ui5_key":"applicationmanageyards-display-component---NewYard--addressNewCostObjectCstID-vhi"}]}
RESULT: undefined
COMMAND: POST /session/fcfdec3f19b04732468f3b81cff77eec/element - {"using":"xpath","value":"//*[@id=\"application-manageyards-display-component---NewYard--addressNewCostObjectCstID-vhi\"]"}
RESULT: {}
RESULT: {"using":"xpath","value":"//*[@id=\"application-manageyards-display-component---NewYard--addressNewCostObjectCstID-vhi\"]"}
COMMAND: POST /session/fcfdec3f19b04732468f3b81cff77eec/element/f.4917B356C9E108E3489CB9DCB9E54F9E.d.3DB510EC494BCC2F6742B950BE605439.e.12098/click - {}
RESULT: {}
COMMAND: GET /session/fcfdec3f19b04732468f3b81cff77eec/screenshot - {}
RESULT: {}
COMMAND: POST /session/fcfdec3f19b04732468f3b81cff77eec/execute/async - {"script":"<script> [1562 bytes]","args":[{"selector":{"controlType":"sap.m.SearchField","properties":{"placeholder":"Search"},"searchOpenDialogs":true,"interaction":{"idSuffix":"I"}},"wdio_ui5_key":"sapm.SearchField{\"placeholder\":\"Search\"}"}]}
RESULT: {"script":"<script> [1562 bytes]","args":[{"selector":{"controlType":"sap.m.SearchField","properties":{"placeholder":"Search"},"searchOpenDialogs":true,"interaction":{"idSuffix":"I"}},"wdio_ui5_key":"sapm.SearchField{\"placeholder\":\"Search\"}"}]}
RESULT: undefined
COMMAND: POST /session/fcfdec3f19b04732468f3b81cff77eec/execute/async - {"script":"<script> [776 bytes]","args":[{"enterText":"bauh_b","selector":{"controlType":"sap.m.SearchField","properties":{"placeholder":"Search"},"searchOpenDialogs":true,"interaction":{"idSuffix":"I"}},"clearTextFirst":true,"interactionType":"ENTER_TEXT"}]}
RESULT: {"script":"<script> [776 bytes]","args":[{"enterText":"bauh_b","selector":{"controlType":"sap.m.SearchField","properties":{"placeholder":"Search"},"searchOpenDialogs":true,"interaction":{"idSuffix":"I"}},"clearTextFirst":true,"interactionType":"ENTER_TEXT"}]}
COMMAND: POST /session/fcfdec3f19b04732468f3b81cff77eec/actions - {"actions":[{"id":"action40","type":"key","parameters":{},"actions":[{"type":"keyDown","value":""},{"type":"pause","duration":10},{"type":"keyUp","value":""}]}]}
RESULT: {"actions":[{"id":"action40","type":"key","parameters":{},"actions":[{"type":"keyDown","value":""},{"type":"pause","duration":10},{"type":"keyUp","value":""}]}]}
COMMAND: GET /session/fcfdec3f19b04732468f3b81cff77eec/screenshot - {}
RESULT: {}
COMMAND: POST /session/fcfdec3f19b04732468f3b81cff77eec/element - {"using":"xpath","value":"//span[contains(text(), \"Demo Yard\")]"}
RESULT: {"using":"xpath","value":"//span[contains(text(), \"Demo Yard\")]"}
COMMAND: POST /session/fcfdec3f19b04732468f3b81cff77eec/element/f.4917B356C9E108E3489CB9DCB9E54F9E.d.3DB510EC494BCC2F6742B950BE605439.e.12139/click - {}
RESULT: {}
COMMAND: GET /session/fcfdec3f19b04732468f3b81cff77eec/screenshot - {}
RESULT: {}
COMMAND: POST /session/fcfdec3f19b04732468f3b81cff77eec/element - {"using":"xpath","value":"//bdi[contains(text(), \"OK\")]"}
RESULT: {"using":"xpath","value":"//bdi[contains(text(), \"OK\")]"}
COMMAND: POST /session/fcfdec3f19b04732468f3b81cff77eec/element/f.4917B356C9E108E3489CB9DCB9E54F9E.d.3DB510EC494BCC2F6742B950BE605439.e.12140/click - {}
RESULT: {}
COMMAND: GET /session/fcfdec3f19b04732468f3b81cff77eec/screenshot - {}
RESULT: {}
COMMAND: POST /session/fcfdec3f19b04732468f3b81cff77eec/execute/async - {"script":"<script> [1562 bytes]","args":[{"selector":{"id":"application-manageyards-display-component---NewYard--addressEditDetailsCurrency-arrow"},"wdio_ui5_key":"applicationmanageyards-display-component---NewYard--addressEditDetailsCurrency-arrow"}]}
RESULT: {"script":"<script> [1562 bytes]","args":[{"selector":{"id":"application-manageyards-display-component---NewYard--addressEditDetailsCurrency-arrow"},"wdio_ui5_key":"applicationmanageyards-display-component---NewYard--addressEditDetailsCurrency-arrow"}]}
RESULT: undefined
COMMAND: POST /session/fcfdec3f19b04732468f3b81cff77eec/element - {"using":"xpath","value":"//*[@id=\"application-manageyards-display-component---NewYard--addressEditDetailsCurrency-arrow\"]"}
RESULT: {"using":"xpath","value":"//*[@id=\"application-manageyards-display-component---NewYard--addressEditDetailsCurrency-arrow\"]"}
COMMAND: POST /session/fcfdec3f19b04732468f3b81cff77eec/element/f.4917B356C9E108E3489CB9DCB9E54F9E.d.3DB510EC494BCC2F6742B950BE605439.e.12143/click - {}
RESULT: {}
COMMAND: POST /session/fcfdec3f19b04732468f3b81cff77eec/element - {"using":"xpath","value":"//span[contains(text(), \"Euro\")]"}
COMMAND: GET /session/fcfdec3f19b04732468f3b81cff77eec/screenshot - {}
RESULT: {"using":"xpath","value":"//span[contains(text(), \"Euro\")]"}
COMMAND: POST /session/fcfdec3f19b04732468f3b81cff77eec/element/f.4917B356C9E108E3489CB9DCB9E54F9E.d.3DB510EC494BCC2F6742B950BE605439.e.12144/click - {}
RESULT: {}
RESULT: {}
COMMAND: POST /session/fcfdec3f19b04732468f3b81cff77eec/execute/async - {"script":"<script> [1562 bytes]","args":[{"selector":{"controlType":"sap.m.Input","viewName":"etm.portal.ui.manageyards.view.New","viewId":"application-manageyards-display-component---NewYard","bindingPath":{"path":"","propertyPath":"/CONTROLLING_AREA","modelName":"NewYardModel"},"interaction":{"idSuffix":"inner"}},"wdio_ui5_key":"etmportal.ui.manageyards.view.Newsap.m.Input{\"path\":\"\",\"propertyPath\":\"/CONTROLLING_AREA\",\"modelName\":\"NewYardModel\"}"}]}
COMMAND: GET /session/fcfdec3f19b04732468f3b81cff77eec/screenshot - {}
RESULT: {"script":"<script> [1562 bytes]","args":[{"selector":{"controlType":"sap.m.Input","viewName":"etm.portal.ui.manageyards.view.New","viewId":"application-manageyards-display-component---NewYard","bindingPath":{"path":"","propertyPath":"/CONTROLLING_AREA","modelName":"NewYardModel"},"interaction":{"idSuffix":"inner"}},"wdio_ui5_key":"etmportal.ui.manageyards.view.Newsap.m.Input{\"path\":\"\",\"propertyPath\":\"/CONTROLLING_AREA\",\"modelName\":\"NewYardModel\"}"}]}
RESULT: undefined
COMMAND: POST /session/fcfdec3f19b04732468f3b81cff77eec/execute/async - {"script":"<script> [776 bytes]","args":[{"enterText":"Z001","selector":{"controlType":"sap.m.Input","viewName":"etm.portal.ui.manageyards.view.New","viewId":"application-manageyards-display-component---NewYard","bindingPath":{"path":"","propertyPath":"/CONTROLLING_AREA","modelName":"NewYardModel"},"interaction":{"idSuffix":"inner"}},"clearTextFirst":true,"interactionType":"ENTER_TEXT"}]}
RESULT: {}
RESULT: {"script":"<script> [776 bytes]","args":[{"enterText":"Z001","selector":{"controlType":"sap.m.Input","viewName":"etm.portal.ui.manageyards.view.New","viewId":"application-manageyards-display-component---NewYard","bindingPath":{"path":"","propertyPath":"/CONTROLLING_AREA","modelName":"NewYardModel"},"interaction":{"idSuffix":"inner"}},"clearTextFirst":true,"interactionType":"ENTER_TEXT"}]}
COMMAND: POST /session/fcfdec3f19b04732468f3b81cff77eec/execute/async - {"script":"<script> [1562 bytes]","args":[{"selector":{"id":"application-manageyards-display-component---NewYard--companyCodeComboBox","interaction":{"idSuffix":"inner"}},"wdio_ui5_key":"applicationmanageyards-display-component---NewYard--companyCodeComboBox"}]}
RESULT: {"script":"<script> [1562 bytes]","args":[{"selector":{"id":"application-manageyards-display-component---NewYard--companyCodeComboBox","interaction":{"idSuffix":"inner"}},"wdio_ui5_key":"applicationmanageyards-display-component---NewYard--companyCodeComboBox"}]}
RESULT: undefined
COMMAND: POST /session/fcfdec3f19b04732468f3b81cff77eec/execute/async - {"script":"<script> [776 bytes]","args":[{"enterText":"1000","selector":{"id":"application-manageyards-display-component---NewYard--companyCodeComboBox","interaction":{"idSuffix":"inner"}},"clearTextFirst":true,"interactionType":"ENTER_TEXT"}]}
RESULT: {"script":"<script> [776 bytes]","args":[{"enterText":"1000","selector":{"id":"application-manageyards-display-component---NewYard--companyCodeComboBox","interaction":{"idSuffix":"inner"}},"clearTextFirst":true,"interactionType":"ENTER_TEXT"}]}
COMMAND: POST /session/fcfdec3f19b04732468f3b81cff77eec/execute/async - {"script":"<script> [1562 bytes]","args":[{"selector":{"controlType":"sap.m.Input","viewName":"etm.portal.ui.manageyards.view.New","viewId":"application-manageyards-display-component---NewYard","bindingPath":{"path":"","propertyPath":"/PLANT","modelName":"NewYardModel"},"interaction":{"idSuffix":"inner"}},"wdio_ui5_key":"etmportal.ui.manageyards.view.Newsap.m.Input{\"path\":\"\",\"propertyPath\":\"/PLANT\",\"modelName\":\"NewYardModel\"}"}]}
RESULT: {"script":"<script> [1562 bytes]","args":[{"selector":{"controlType":"sap.m.Input","viewName":"etm.portal.ui.manageyards.view.New","viewId":"application-manageyards-display-component---NewYard","bindingPath":{"path":"","propertyPath":"/PLANT","modelName":"NewYardModel"},"interaction":{"idSuffix":"inner"}},"wdio_ui5_key":"etmportal.ui.manageyards.view.Newsap.m.Input{\"path\":\"\",\"propertyPath\":\"/PLANT\",\"modelName\":\"NewYardModel\"}"}]}
RESULT: undefined
COMMAND: POST /session/fcfdec3f19b04732468f3b81cff77eec/execute/async - {"script":"<script> [776 bytes]","args":[{"enterText":"1001","selector":{"controlType":"sap.m.Input","viewName":"etm.portal.ui.manageyards.view.New","viewId":"application-manageyards-display-component---NewYard","bindingPath":{"path":"","propertyPath":"/PLANT","modelName":"NewYardModel"},"interaction":{"idSuffix":"inner"}},"clearTextFirst":true,"interactionType":"ENTER_TEXT"}]}
RESULT: {"script":"<script> [776 bytes]","args":[{"enterText":"1001","selector":{"controlType":"sap.m.Input","viewName":"etm.portal.ui.manageyards.view.New","viewId":"application-manageyards-display-component---NewYard","bindingPath":{"path":"","propertyPath":"/PLANT","modelName":"NewYardModel"},"interaction":{"idSuffix":"inner"}},"clearTextFirst":true,"interactionType":"ENTER_TEXT"}]}
COMMAND: POST /session/fcfdec3f19b04732468f3b81cff77eec/execute/async - {"script":"<script> [1562 bytes]","args":[{"selector":{"controlType":"sap.m.Input","viewName":"etm.portal.ui.manageyards.view.New","viewId":"application-manageyards-display-component---NewYard","bindingPath":{"path":"","propertyPath":"/SALES_AREA_VKORG","modelName":"NewYardModel"},"interaction":{"idSuffix":"inner"}},"wdio_ui5_key":"etmportal.ui.manageyards.view.Newsap.m.Input{\"path\":\"\",\"propertyPath\":\"/SALES_AREA_VKORG\",\"modelName\":\"NewYardModel\"}"}]}
RESULT: {"script":"<script> [1562 bytes]","args":[{"selector":{"controlType":"sap.m.Input","viewName":"etm.portal.ui.manageyards.view.New","viewId":"application-manageyards-display-component---NewYard","bindingPath":{"path":"","propertyPath":"/SALES_AREA_VKORG","modelName":"NewYardModel"},"interaction":{"idSuffix":"inner"}},"wdio_ui5_key":"etmportal.ui.manageyards.view.Newsap.m.Input{\"path\":\"\",\"propertyPath\":\"/SALES_AREA_VKORG\",\"modelName\":\"NewYardModel\"}"}]}
RESULT: undefined
COMMAND: POST /session/fcfdec3f19b04732468f3b81cff77eec/execute/async - {"script":"<script> [776 bytes]","args":[{"enterText":"C002","selector":{"controlType":"sap.m.Input","viewName":"etm.portal.ui.manageyards.view.New","viewId":"application-manageyards-display-component---NewYard","bindingPath":{"path":"","propertyPath":"/SALES_AREA_VKORG","modelName":"NewYardModel"},"interaction":{"idSuffix":"inner"}},"clearTextFirst":true,"interactionType":"ENTER_TEXT"}]}
RESULT: {"script":"<script> [776 bytes]","args":[{"enterText":"C002","selector":{"controlType":"sap.m.Input","viewName":"etm.portal.ui.manageyards.view.New","viewId":"application-manageyards-display-component---NewYard","bindingPath":{"path":"","propertyPath":"/SALES_AREA_VKORG","modelName":"NewYardModel"},"interaction":{"idSuffix":"inner"}},"clearTextFirst":true,"interactionType":"ENTER_TEXT"}]}
COMMAND: POST /session/fcfdec3f19b04732468f3b81cff77eec/execute/async - {"script":"<script> [1562 bytes]","args":[{"selector":{"controlType":"sap.m.Input","viewName":"etm.portal.ui.manageyards.view.New","viewId":"application-manageyards-display-component---NewYard","bindingPath":{"path":"","propertyPath":"/SALES_AREA_VTWEG","modelName":"NewYardModel"},"interaction":{"idSuffix":"inner"}},"wdio_ui5_key":"etmportal.ui.manageyards.view.Newsap.m.Input{\"path\":\"\",\"propertyPath\":\"/SALES_AREA_VTWEG\",\"modelName\":\"NewYardModel\"}"}]}
RESULT: {"script":"<script> [1562 bytes]","args":[{"selector":{"controlType":"sap.m.Input","viewName":"etm.portal.ui.manageyards.view.New","viewId":"application-manageyards-display-component---NewYard","bindingPath":{"path":"","propertyPath":"/SALES_AREA_VTWEG","modelName":"NewYardModel"},"interaction":{"idSuffix":"inner"}},"wdio_ui5_key":"etmportal.ui.manageyards.view.Newsap.m.Input{\"path\":\"\",\"propertyPath\":\"/SALES_AREA_VTWEG\",\"modelName\":\"NewYardModel\"}"}]}
RESULT: undefined
COMMAND: POST /session/fcfdec3f19b04732468f3b81cff77eec/execute/async - {"script":"<script> [776 bytes]","args":[{"enterText":"C2","selector":{"controlType":"sap.m.Input","viewName":"etm.portal.ui.manageyards.view.New","viewId":"application-manageyards-display-component---NewYard","bindingPath":{"path":"","propertyPath":"/SALES_AREA_VTWEG","modelName":"NewYardModel"},"interaction":{"idSuffix":"inner"}},"clearTextFirst":true,"interactionType":"ENTER_TEXT"}]}
RESULT: {"script":"<script> [776 bytes]","args":[{"enterText":"C2","selector":{"controlType":"sap.m.Input","viewName":"etm.portal.ui.manageyards.view.New","viewId":"application-manageyards-display-component---NewYard","bindingPath":{"path":"","propertyPath":"/SALES_AREA_VTWEG","modelName":"NewYardModel"},"interaction":{"idSuffix":"inner"}},"clearTextFirst":true,"interactionType":"ENTER_TEXT"}]}
COMMAND: POST /session/fcfdec3f19b04732468f3b81cff77eec/execute/async - {"script":"<script> [1562 bytes]","args":[{"selector":{"controlType":"sap.m.Input","viewName":"etm.portal.ui.manageyards.view.New","viewId":"application-manageyards-display-component---NewYard","bindingPath":{"path":"","propertyPath":"/SALES_AREA_SPART","modelName":"NewYardModel"},"interaction":{"idSuffix":"inner"}},"wdio_ui5_key":"etmportal.ui.manageyards.view.Newsap.m.Input{\"path\":\"\",\"propertyPath\":\"/SALES_AREA_SPART\",\"modelName\":\"NewYardModel\"}"}]}
RESULT: {"script":"<script> [1562 bytes]","args":[{"selector":{"controlType":"sap.m.Input","viewName":"etm.portal.ui.manageyards.view.New","viewId":"application-manageyards-display-component---NewYard","bindingPath":{"path":"","propertyPath":"/SALES_AREA_SPART","modelName":"NewYardModel"},"interaction":{"idSuffix":"inner"}},"wdio_ui5_key":"etmportal.ui.manageyards.view.Newsap.m.Input{\"path\":\"\",\"propertyPath\":\"/SALES_AREA_SPART\",\"modelName\":\"NewYardModel\"}"}]}
RESULT: undefined
COMMAND: POST /session/fcfdec3f19b04732468f3b81cff77eec/execute/async - {"script":"<script> [776 bytes]","args":[{"enterText":"C2","selector":{"controlType":"sap.m.Input","viewName":"etm.portal.ui.manageyards.view.New","viewId":"application-manageyards-display-component---NewYard","bindingPath":{"path":"","propertyPath":"/SALES_AREA_SPART","modelName":"NewYardModel"},"interaction":{"idSuffix":"inner"}},"clearTextFirst":true,"interactionType":"ENTER_TEXT"}]}
RESULT: {"script":"<script> [776 bytes]","args":[{"enterText":"C2","selector":{"controlType":"sap.m.Input","viewName":"etm.portal.ui.manageyards.view.New","viewId":"application-manageyards-display-component---NewYard","bindingPath":{"path":"","propertyPath":"/SALES_AREA_SPART","modelName":"NewYardModel"},"interaction":{"idSuffix":"inner"}},"clearTextFirst":true,"interactionType":"ENTER_TEXT"}]}
COMMAND: POST /session/fcfdec3f19b04732468f3b81cff77eec/execute/async - {"script":"<script> [1562 bytes]","args":[{"selector":{"controlType":"sap.m.Input","viewName":"etm.portal.ui.manageyards.view.New","viewId":"application-manageyards-display-component---NewYard","bindingPath":{"path":"","propertyPath":"/SHIP_POINT","modelName":"NewYardModel"},"interaction":{"idSuffix":"inner"}},"wdio_ui5_key":"etmportal.ui.manageyards.view.Newsap.m.Input{\"path\":\"\",\"propertyPath\":\"/SHIP_POINT\",\"modelName\":\"NewYardModel\"}"}]}
RESULT: {"script":"<script> [1562 bytes]","args":[{"selector":{"controlType":"sap.m.Input","viewName":"etm.portal.ui.manageyards.view.New","viewId":"application-manageyards-display-component---NewYard","bindingPath":{"path":"","propertyPath":"/SHIP_POINT","modelName":"NewYardModel"},"interaction":{"idSuffix":"inner"}},"wdio_ui5_key":"etmportal.ui.manageyards.view.Newsap.m.Input{\"path\":\"\",\"propertyPath\":\"/SHIP_POINT\",\"modelName\":\"NewYardModel\"}"}]}
RESULT: undefined
COMMAND: POST /session/fcfdec3f19b04732468f3b81cff77eec/execute/async - {"script":"<script> [776 bytes]","args":[{"enterText":"1710","selector":{"controlType":"sap.m.Input","viewName":"etm.portal.ui.manageyards.view.New","viewId":"application-manageyards-display-component---NewYard","bindingPath":{"path":"","propertyPath":"/SHIP_POINT","modelName":"NewYardModel"},"interaction":{"idSuffix":"inner"}},"clearTextFirst":true,"interactionType":"ENTER_TEXT"}]}
RESULT: {"script":"<script> [776 bytes]","args":[{"enterText":"1710","selector":{"controlType":"sap.m.Input","viewName":"etm.portal.ui.manageyards.view.New","viewId":"application-manageyards-display-component---NewYard","bindingPath":{"path":"","propertyPath":"/SHIP_POINT","modelName":"NewYardModel"},"interaction":{"idSuffix":"inner"}},"clearTextFirst":true,"interactionType":"ENTER_TEXT"}]}
COMMAND: POST /session/fcfdec3f19b04732468f3b81cff77eec/execute/async - {"script":"<script> [1562 bytes]","args":[{"selector":{"controlType":"sap.m.Input","viewName":"etm.portal.ui.manageyards.view.New","viewId":"application-manageyards-display-component---NewYard","bindingPath":{"path":"","propertyPath":"/DELIVERY_TYPE","modelName":"NewYardModel"},"interaction":{"idSuffix":"inner"}},"wdio_ui5_key":"etmportal.ui.manageyards.view.Newsap.m.Input{\"path\":\"\",\"propertyPath\":\"/DELIVERY_TYPE\",\"modelName\":\"NewYardModel\"}"}]}
RESULT: {"script":"<script> [1562 bytes]","args":[{"selector":{"controlType":"sap.m.Input","viewName":"etm.portal.ui.manageyards.view.New","viewId":"application-manageyards-display-component---NewYard","bindingPath":{"path":"","propertyPath":"/DELIVERY_TYPE","modelName":"NewYardModel"},"interaction":{"idSuffix":"inner"}},"wdio_ui5_key":"etmportal.ui.manageyards.view.Newsap.m.Input{\"path\":\"\",\"propertyPath\":\"/DELIVERY_TYPE\",\"modelName\":\"NewYardModel\"}"}]}
RESULT: undefined
COMMAND: POST /session/fcfdec3f19b04732468f3b81cff77eec/execute/async - {"script":"<script> [776 bytes]","args":[{"enterText":"ZL01","selector":{"controlType":"sap.m.Input","viewName":"etm.portal.ui.manageyards.view.New","viewId":"application-manageyards-display-component---NewYard","bindingPath":{"path":"","propertyPath":"/DELIVERY_TYPE","modelName":"NewYardModel"},"interaction":{"idSuffix":"inner"}},"clearTextFirst":true,"interactionType":"ENTER_TEXT"}]}
RESULT: {"script":"<script> [776 bytes]","args":[{"enterText":"ZL01","selector":{"controlType":"sap.m.Input","viewName":"etm.portal.ui.manageyards.view.New","viewId":"application-manageyards-display-component---NewYard","bindingPath":{"path":"","propertyPath":"/DELIVERY_TYPE","modelName":"NewYardModel"},"interaction":{"idSuffix":"inner"}},"clearTextFirst":true,"interactionType":"ENTER_TEXT"}]}
COMMAND: POST /session/fcfdec3f19b04732468f3b81cff77eec/execute/async - {"script":"<script> [1562 bytes]","args":[{"selector":{"controlType":"sap.m.Input","viewName":"etm.portal.ui.manageyards.view.New","viewId":"application-manageyards-display-component---NewYard","bindingPath":{"path":"","propertyPath":"/AUART","modelName":"NewYardModel"},"interaction":{"idSuffix":"inner"}},"wdio_ui5_key":"etmportal.ui.manageyards.view.Newsap.m.Input{\"path\":\"\",\"propertyPath\":\"/AUART\",\"modelName\":\"NewYardModel\"}"}]}
RESULT: {"script":"<script> [1562 bytes]","args":[{"selector":{"controlType":"sap.m.Input","viewName":"etm.portal.ui.manageyards.view.New","viewId":"application-manageyards-display-component---NewYard","bindingPath":{"path":"","propertyPath":"/AUART","modelName":"NewYardModel"},"interaction":{"idSuffix":"inner"}},"wdio_ui5_key":"etmportal.ui.manageyards.view.Newsap.m.Input{\"path\":\"\",\"propertyPath\":\"/AUART\",\"modelName\":\"NewYardModel\"}"}]}
RESULT: undefined
COMMAND: POST /session/fcfdec3f19b04732468f3b81cff77eec/execute/async - {"script":"<script> [776 bytes]","args":[{"enterText":"TA","selector":{"controlType":"sap.m.Input","viewName":"etm.portal.ui.manageyards.view.New","viewId":"application-manageyards-display-component---NewYard","bindingPath":{"path":"","propertyPath":"/AUART","modelName":"NewYardModel"},"interaction":{"idSuffix":"inner"}},"clearTextFirst":true,"interactionType":"ENTER_TEXT"}]}
RESULT: {"script":"<script> [776 bytes]","args":[{"enterText":"TA","selector":{"controlType":"sap.m.Input","viewName":"etm.portal.ui.manageyards.view.New","viewId":"application-manageyards-display-component---NewYard","bindingPath":{"path":"","propertyPath":"/AUART","modelName":"NewYardModel"},"interaction":{"idSuffix":"inner"}},"clearTextFirst":true,"interactionType":"ENTER_TEXT"}]}
COMMAND: POST /session/fcfdec3f19b04732468f3b81cff77eec/element - {"using":"xpath","value":"//button[@data-kt=\"newYardSaveButton\"]"}
RESULT: {"using":"xpath","value":"//button[@data-kt=\"newYardSaveButton\"]"}
COMMAND: POST /session/fcfdec3f19b04732468f3b81cff77eec/element/f.4917B356C9E108E3489CB9DCB9E54F9E.d.3DB510EC494BCC2F6742B950BE605439.e.12072/click - {}
RESULT: {}
COMMAND: GET /session/fcfdec3f19b04732468f3b81cff77eec/screenshot - {}
RESULT: {}
COMMAND: POST /session/fcfdec3f19b04732468f3b81cff77eec/element - {"using":"xpath","value":"//header[contains(@id, 'ObjectPageLayout-headerTitle')]/div[1]/div[2]/div[1]/span[1]"}
RESULT: {"using":"xpath","value":"//header[contains(@id, 'ObjectPageLayout-headerTitle')]/div[1]/div[2]/div[1]/span[1]"}
COMMAND: POST /session/fcfdec3f19b04732468f3b81cff77eec/elements - {"using":"xpath","value":"//header[contains(@id, 'ObjectPageLayout-headerTitle')]/div[1]/div[2]/div[1]/span[1]"}
RESULT: {"using":"xpath","value":"//header[contains(@id, 'ObjectPageLayout-headerTitle')]/div[1]/div[2]/div[1]/span[1]"}
COMMAND: POST /session/fcfdec3f19b04732468f3b81cff77eec/execute/sync - {"script":"<script> [56 bytes]","args":[{"element-6066-11e4-a52e-4f735466cecf":"f.4917B356C9E108E3489CB9DCB9E54F9E.d.3DB510EC494BCC2F6742B950BE605439.e.12365","ELEMENT":"f.4917B356C9E108E3489CB9DCB9E54F9E.d.3DB510EC494BCC2F6742B950BE605439.e.12365"}]}
RESULT: {"script":"<script> [56 bytes]","args":[{"element-6066-11e4-a52e-4f735466cecf":"f.4917B356C9E108E3489CB9DCB9E54F9E.d.3DB510EC494BCC2F6742B950BE605439.e.12365","ELEMENT":"f.4917B356C9E108E3489CB9DCB9E54F9E.d.3DB510EC494BCC2F6742B950BE605439.e.12365"}]}
COMMAND: GET /session/fcfdec3f19b04732468f3b81cff77eec/screenshot - {}
RESULT: {}
COMMAND: POST /session/fcfdec3f19b04732468f3b81cff77eec/element - {"using":"css selector","value":"#shell-header-logo"}
RESULT: {"using":"css selector","value":"#shell-header-logo"}
COMMAND: POST /session/fcfdec3f19b04732468f3b81cff77eec/element/f.4917B356C9E108E3489CB9DCB9E54F9E.d.3DB510EC494BCC2F6742B950BE605439.e.11510/click - {}
RESULT: {}
COMMAND: GET /session/fcfdec3f19b04732468f3b81cff77eec/screenshot - {}
RESULT: {}
COMMAND: POST /session/fcfdec3f19b04732468f3b81cff77eec/execute/sync - {"script":"<script> [299 bytes]","args":[["getModel","getResource"]]}
RESULT: {"script":"<script> [299 bytes]","args":[["getModel","getResource"]]}
]]></system-out>
    </testcase>
    <testcase classname="chrome.136_0_7103_93.windows.Provide_to_Site_w/o_warehouse_management_w/_clarification_US116605" name="Should create a new external partner" time="99.518">
      <system-out><![CDATA[
COMMAND: GET /session/fcfdec3f19b04732468f3b81cff77eec/screenshot - {}
COMMAND: POST /session/fcfdec3f19b04732468f3b81cff77eec/window/fullscreen - {}
RESULT: {}
RESULT: {}
COMMAND: POST /session/fcfdec3f19b04732468f3b81cff77eec/execute/async - {"script":"<script> [1562 bytes]","args":[{"selector":{"controlType":"sap.m.GenericTile","properties":{"header":"Manage Partners"}},"wdio_ui5_key":"sapm.GenericTile{\"header\":\"Manage Partners\"}"}]}
RESULT: {"script":"<script> [1562 bytes]","args":[{"selector":{"controlType":"sap.m.GenericTile","properties":{"header":"Manage Partners"}},"wdio_ui5_key":"sapm.GenericTile{\"header\":\"Manage Partners\"}"}]}
RESULT: undefined
COMMAND: POST /session/fcfdec3f19b04732468f3b81cff77eec/element - {"using":"xpath","value":"//*[@id=\"__tile30\"]"}
RESULT: {"using":"xpath","value":"//*[@id=\"__tile30\"]"}
COMMAND: POST /session/fcfdec3f19b04732468f3b81cff77eec/element/f.4917B356C9E108E3489CB9DCB9E54F9E.d.3DB510EC494BCC2F6742B950BE605439.e.11524/click - {}
RESULT: {}
COMMAND: GET /session/fcfdec3f19b04732468f3b81cff77eec/screenshot - {}
RESULT: {}
COMMAND: POST /session/fcfdec3f19b04732468f3b81cff77eec/elements - {"using":"xpath","value":"//span[text()='Error']"}
RESULT: {"using":"xpath","value":"//span[text()='Error']"}
COMMAND: POST /session/fcfdec3f19b04732468f3b81cff77eec/element - {"using":"xpath","value":"//button[@data-kt=\"addButton\"]"}
RESULT: {"using":"xpath","value":"//button[@data-kt=\"addButton\"]"}
COMMAND: POST /session/fcfdec3f19b04732468f3b81cff77eec/elements - {"using":"xpath","value":"//button[@data-kt=\"addButton\"]"}
RESULT: {"using":"xpath","value":"//button[@data-kt=\"addButton\"]"}
COMMAND: POST /session/fcfdec3f19b04732468f3b81cff77eec/elements - {"using":"xpath","value":"//button[@data-kt=\"addButton\"]"}
RESULT: {"using":"xpath","value":"//button[@data-kt=\"addButton\"]"}
COMMAND: POST /session/fcfdec3f19b04732468f3b81cff77eec/element - {"using":"xpath","value":"//button[@data-kt=\"addButton\"]"}
RESULT: {"using":"xpath","value":"//button[@data-kt=\"addButton\"]"}
COMMAND: POST /session/fcfdec3f19b04732468f3b81cff77eec/execute/sync - {"script":"<script> [8489 bytes]","args":[{"element-6066-11e4-a52e-4f735466cecf":"f.4917B356C9E108E3489CB9DCB9E54F9E.d.3DB510EC494BCC2F6742B950BE605439.e.12415","ELEMENT":"f.4917B356C9E108E3489CB9DCB9E54F9E.d.3DB510EC494BCC2F6742B950BE605439.e.12415"}]}
RESULT: {"script":"<script> [8489 bytes]","args":[{"element-6066-11e4-a52e-4f735466cecf":"f.4917B356C9E108E3489CB9DCB9E54F9E.d.3DB510EC494BCC2F6742B950BE605439.e.12415","ELEMENT":"f.4917B356C9E108E3489CB9DCB9E54F9E.d.3DB510EC494BCC2F6742B950BE605439.e.12415"}]}
COMMAND: GET /session/fcfdec3f19b04732468f3b81cff77eec/element/f.4917B356C9E108E3489CB9DCB9E54F9E.d.3DB510EC494BCC2F6742B950BE605439.e.12415/enabled - {}
COMMAND: GET /session/fcfdec3f19b04732468f3b81cff77eec/screenshot - {}
RESULT: {}
COMMAND: POST /session/fcfdec3f19b04732468f3b81cff77eec/execute/sync - {"script":"<script> [8489 bytes]","args":[{"element-6066-11e4-a52e-4f735466cecf":"f.4917B356C9E108E3489CB9DCB9E54F9E.d.3DB510EC494BCC2F6742B950BE605439.e.12415","ELEMENT":"f.4917B356C9E108E3489CB9DCB9E54F9E.d.3DB510EC494BCC2F6742B950BE605439.e.12415"}]}
COMMAND: GET /session/fcfdec3f19b04732468f3b81cff77eec/screenshot - {}
RESULT: {}
RESULT: {"script":"<script> [8489 bytes]","args":[{"element-6066-11e4-a52e-4f735466cecf":"f.4917B356C9E108E3489CB9DCB9E54F9E.d.3DB510EC494BCC2F6742B950BE605439.e.12415","ELEMENT":"f.4917B356C9E108E3489CB9DCB9E54F9E.d.3DB510EC494BCC2F6742B950BE605439.e.12415"}]}
COMMAND: POST /session/fcfdec3f19b04732468f3b81cff77eec/execute/sync - {"script":"<script> [5351 bytes]","args":[{"element-6066-11e4-a52e-4f735466cecf":"f.4917B356C9E108E3489CB9DCB9E54F9E.d.3DB510EC494BCC2F6742B950BE605439.e.12415","ELEMENT":"f.4917B356C9E108E3489CB9DCB9E54F9E.d.3DB510EC494BCC2F6742B950BE605439.e.12415"}]}
COMMAND: GET /session/fcfdec3f19b04732468f3b81cff77eec/screenshot - {}
RESULT: {}
RESULT: {"script":"<script> [5351 bytes]","args":[{"element-6066-11e4-a52e-4f735466cecf":"f.4917B356C9E108E3489CB9DCB9E54F9E.d.3DB510EC494BCC2F6742B950BE605439.e.12415","ELEMENT":"f.4917B356C9E108E3489CB9DCB9E54F9E.d.3DB510EC494BCC2F6742B950BE605439.e.12415"}]}
COMMAND: POST /session/fcfdec3f19b04732468f3b81cff77eec/element/f.4917B356C9E108E3489CB9DCB9E54F9E.d.3DB510EC494BCC2F6742B950BE605439.e.12415/click - {}
COMMAND: GET /session/fcfdec3f19b04732468f3b81cff77eec/screenshot - {}
RESULT: {}
RESULT: {}
COMMAND: GET /session/fcfdec3f19b04732468f3b81cff77eec/screenshot - {}
COMMAND: POST /session/fcfdec3f19b04732468f3b81cff77eec/execute/async - {"script":"<script> [1562 bytes]","args":[{"selector":{"id":"application-managepartners-display-component---NewPartner--addressDetailDetailsName1","interaction":{"idSuffix":"inner"}},"wdio_ui5_key":"applicationmanagepartners-display-component---NewPartner--addressDetailDetailsName1"}]}
RESULT: {}
RESULT: {}
RESULT: {"script":"<script> [1562 bytes]","args":[{"selector":{"id":"application-managepartners-display-component---NewPartner--addressDetailDetailsName1","interaction":{"idSuffix":"inner"}},"wdio_ui5_key":"applicationmanagepartners-display-component---NewPartner--addressDetailDetailsName1"}]}
RESULT: undefined
COMMAND: POST /session/fcfdec3f19b04732468f3b81cff77eec/execute/async - {"script":"<script> [776 bytes]","args":[{"enterText":"External Partner WDIO","selector":{"id":"application-managepartners-display-component---NewPartner--addressDetailDetailsName1","interaction":{"idSuffix":"inner"}},"clearTextFirst":true,"interactionType":"ENTER_TEXT"}]}
RESULT: {"script":"<script> [776 bytes]","args":[{"enterText":"External Partner WDIO","selector":{"id":"application-managepartners-display-component---NewPartner--addressDetailDetailsName1","interaction":{"idSuffix":"inner"}},"clearTextFirst":true,"interactionType":"ENTER_TEXT"}]}
COMMAND: POST /session/fcfdec3f19b04732468f3b81cff77eec/execute/async - {"script":"<script> [1562 bytes]","args":[{"selector":{"id":"application-managepartners-display-component---NewPartner--addressDetailDetailsLanguage-arrow"},"wdio_ui5_key":"applicationmanagepartners-display-component---NewPartner--addressDetailDetailsLanguage-arrow"}]}
RESULT: {"script":"<script> [1562 bytes]","args":[{"selector":{"id":"application-managepartners-display-component---NewPartner--addressDetailDetailsLanguage-arrow"},"wdio_ui5_key":"applicationmanagepartners-display-component---NewPartner--addressDetailDetailsLanguage-arrow"}]}
RESULT: undefined
COMMAND: POST /session/fcfdec3f19b04732468f3b81cff77eec/element - {"using":"xpath","value":"//*[@id=\"application-managepartners-display-component---NewPartner--addressDetailDetailsLanguage-arrow\"]"}
RESULT: {"using":"xpath","value":"//*[@id=\"application-managepartners-display-component---NewPartner--addressDetailDetailsLanguage-arrow\"]"}
COMMAND: POST /session/fcfdec3f19b04732468f3b81cff77eec/element/f.4917B356C9E108E3489CB9DCB9E54F9E.d.3DB510EC494BCC2F6742B950BE605439.e.12843/click - {}
RESULT: {}
COMMAND: POST /session/fcfdec3f19b04732468f3b81cff77eec/element - {"using":"xpath","value":"//span[contains(text(), \"English\")]"}
COMMAND: GET /session/fcfdec3f19b04732468f3b81cff77eec/screenshot - {}
RESULT: {"using":"xpath","value":"//span[contains(text(), \"English\")]"}
COMMAND: POST /session/fcfdec3f19b04732468f3b81cff77eec/element/f.4917B356C9E108E3489CB9DCB9E54F9E.d.3DB510EC494BCC2F6742B950BE605439.e.12844/click - {}
RESULT: {}
RESULT: {}
COMMAND: GET /session/fcfdec3f19b04732468f3b81cff77eec/screenshot - {}
RESULT: {}
COMMAND: POST /session/fcfdec3f19b04732468f3b81cff77eec/execute/async - {"script":"<script> [1562 bytes]","args":[{"selector":{"id":"application-managepartners-display-component---NewPartner--addressDetailDetailsCity1","interaction":{"idSuffix":"inner"}},"wdio_ui5_key":"applicationmanagepartners-display-component---NewPartner--addressDetailDetailsCity1"}]}
RESULT: {"script":"<script> [1562 bytes]","args":[{"selector":{"id":"application-managepartners-display-component---NewPartner--addressDetailDetailsCity1","interaction":{"idSuffix":"inner"}},"wdio_ui5_key":"applicationmanagepartners-display-component---NewPartner--addressDetailDetailsCity1"}]}
RESULT: undefined
COMMAND: POST /session/fcfdec3f19b04732468f3b81cff77eec/execute/async - {"script":"<script> [776 bytes]","args":[{"enterText":"Rosario","selector":{"id":"application-managepartners-display-component---NewPartner--addressDetailDetailsCity1","interaction":{"idSuffix":"inner"}},"clearTextFirst":true,"interactionType":"ENTER_TEXT"}]}
RESULT: {"script":"<script> [776 bytes]","args":[{"enterText":"Rosario","selector":{"id":"application-managepartners-display-component---NewPartner--addressDetailDetailsCity1","interaction":{"idSuffix":"inner"}},"clearTextFirst":true,"interactionType":"ENTER_TEXT"}]}
COMMAND: POST /session/fcfdec3f19b04732468f3b81cff77eec/execute/async - {"script":"<script> [1562 bytes]","args":[{"selector":{"id":"application-managepartners-display-component---NewPartner--addressDetailDetailsCountry-arrow"},"wdio_ui5_key":"applicationmanagepartners-display-component---NewPartner--addressDetailDetailsCountry-arrow"}]}
RESULT: {"script":"<script> [1562 bytes]","args":[{"selector":{"id":"application-managepartners-display-component---NewPartner--addressDetailDetailsCountry-arrow"},"wdio_ui5_key":"applicationmanagepartners-display-component---NewPartner--addressDetailDetailsCountry-arrow"}]}
RESULT: undefined
COMMAND: POST /session/fcfdec3f19b04732468f3b81cff77eec/element - {"using":"xpath","value":"//*[@id=\"application-managepartners-display-component---NewPartner--addressDetailDetailsCountry-arrow\"]"}
RESULT: {"using":"xpath","value":"//*[@id=\"application-managepartners-display-component---NewPartner--addressDetailDetailsCountry-arrow\"]"}
COMMAND: POST /session/fcfdec3f19b04732468f3b81cff77eec/element/f.4917B356C9E108E3489CB9DCB9E54F9E.d.3DB510EC494BCC2F6742B950BE605439.e.12825/click - {}
RESULT: {}
COMMAND: POST /session/fcfdec3f19b04732468f3b81cff77eec/element - {"using":"xpath","value":"//span[contains(text(), \"Argentina\")]"}
COMMAND: GET /session/fcfdec3f19b04732468f3b81cff77eec/screenshot - {}
RESULT: {"using":"xpath","value":"//span[contains(text(), \"Argentina\")]"}
COMMAND: POST /session/fcfdec3f19b04732468f3b81cff77eec/element/f.4917B356C9E108E3489CB9DCB9E54F9E.d.3DB510EC494BCC2F6742B950BE605439.e.12846/click - {}
RESULT: {}
RESULT: {}
COMMAND: GET /session/fcfdec3f19b04732468f3b81cff77eec/screenshot - {}
RESULT: {}
COMMAND: POST /session/fcfdec3f19b04732468f3b81cff77eec/element - {"using":"xpath","value":"//bdi[contains(text(), \"Commercial\")]"}
RESULT: {"using":"xpath","value":"//bdi[contains(text(), \"Commercial\")]"}
COMMAND: POST /session/fcfdec3f19b04732468f3b81cff77eec/element/f.4917B356C9E108E3489CB9DCB9E54F9E.d.3DB510EC494BCC2F6742B950BE605439.e.12847/click - {}
RESULT: {}
COMMAND: GET /session/fcfdec3f19b04732468f3b81cff77eec/screenshot - {}
RESULT: {}
COMMAND: POST /session/fcfdec3f19b04732468f3b81cff77eec/execute/async - {"script":"<script> [1562 bytes]","args":[{"selector":{"id":"application-managepartners-display-component---NewPartner--partnerDetailInternal-arrow"},"wdio_ui5_key":"applicationmanagepartners-display-component---NewPartner--partnerDetailInternal-arrow"}]}
RESULT: {"script":"<script> [1562 bytes]","args":[{"selector":{"id":"application-managepartners-display-component---NewPartner--partnerDetailInternal-arrow"},"wdio_ui5_key":"applicationmanagepartners-display-component---NewPartner--partnerDetailInternal-arrow"}]}
RESULT: undefined
COMMAND: POST /session/fcfdec3f19b04732468f3b81cff77eec/element - {"using":"xpath","value":"//*[@id=\"application-managepartners-display-component---NewPartner--partnerDetailInternal-arrow\"]"}
RESULT: {"using":"xpath","value":"//*[@id=\"application-managepartners-display-component---NewPartner--partnerDetailInternal-arrow\"]"}
COMMAND: POST /session/fcfdec3f19b04732468f3b81cff77eec/element/f.4917B356C9E108E3489CB9DCB9E54F9E.d.3DB510EC494BCC2F6742B950BE605439.e.12855/click - {}
RESULT: {}
COMMAND: POST /session/fcfdec3f19b04732468f3b81cff77eec/element - {"using":"xpath","value":"//span[contains(text(), \"External partner\")]"}
COMMAND: GET /session/fcfdec3f19b04732468f3b81cff77eec/screenshot - {}
RESULT: {"using":"xpath","value":"//span[contains(text(), \"External partner\")]"}
COMMAND: POST /session/fcfdec3f19b04732468f3b81cff77eec/element/f.4917B356C9E108E3489CB9DCB9E54F9E.d.3DB510EC494BCC2F6742B950BE605439.e.12856/click - {}
RESULT: {}
RESULT: {}
COMMAND: POST /session/fcfdec3f19b04732468f3b81cff77eec/execute/async - {"script":"<script> [1562 bytes]","args":[{"selector":{"id":"application-managepartners-display-component---NewPartner--partnerDetailsCurrency-arrow"},"wdio_ui5_key":"applicationmanagepartners-display-component---NewPartner--partnerDetailsCurrency-arrow"}]}
COMMAND: GET /session/fcfdec3f19b04732468f3b81cff77eec/screenshot - {}
RESULT: {"script":"<script> [1562 bytes]","args":[{"selector":{"id":"application-managepartners-display-component---NewPartner--partnerDetailsCurrency-arrow"},"wdio_ui5_key":"applicationmanagepartners-display-component---NewPartner--partnerDetailsCurrency-arrow"}]}
RESULT: undefined
COMMAND: POST /session/fcfdec3f19b04732468f3b81cff77eec/element - {"using":"xpath","value":"//*[@id=\"application-managepartners-display-component---NewPartner--partnerDetailsCurrency-arrow\"]"}
RESULT: {}
RESULT: {"using":"xpath","value":"//*[@id=\"application-managepartners-display-component---NewPartner--partnerDetailsCurrency-arrow\"]"}
COMMAND: POST /session/fcfdec3f19b04732468f3b81cff77eec/element/f.4917B356C9E108E3489CB9DCB9E54F9E.d.3DB510EC494BCC2F6742B950BE605439.e.12861/click - {}
RESULT: {}
COMMAND: POST /session/fcfdec3f19b04732468f3b81cff77eec/element - {"using":"xpath","value":"//span[contains(text(), \"US Dollar\")]"}
COMMAND: GET /session/fcfdec3f19b04732468f3b81cff77eec/screenshot - {}
RESULT: {"using":"xpath","value":"//span[contains(text(), \"US Dollar\")]"}
COMMAND: POST /session/fcfdec3f19b04732468f3b81cff77eec/element/f.4917B356C9E108E3489CB9DCB9E54F9E.d.3DB510EC494BCC2F6742B950BE605439.e.12862/click - {}
RESULT: {}
RESULT: {}
COMMAND: GET /session/fcfdec3f19b04732468f3b81cff77eec/screenshot - {}
RESULT: {}
COMMAND: POST /session/fcfdec3f19b04732468f3b81cff77eec/element - {"using":"xpath","value":"//input[@id=\"application-managepartners-display-component---NewPartner--companyCodeComboBox-inner\"]"}
RESULT: {"using":"xpath","value":"//input[@id=\"application-managepartners-display-component---NewPartner--companyCodeComboBox-inner\"]"}
COMMAND: POST /session/fcfdec3f19b04732468f3b81cff77eec/element/f.4917B356C9E108E3489CB9DCB9E54F9E.d.3DB510EC494BCC2F6742B950BE605439.e.12710/clear - {}
RESULT: {}
COMMAND: POST /session/fcfdec3f19b04732468f3b81cff77eec/element/f.4917B356C9E108E3489CB9DCB9E54F9E.d.3DB510EC494BCC2F6742B950BE605439.e.12710/value - {"text":"C002"}
COMMAND: GET /session/fcfdec3f19b04732468f3b81cff77eec/screenshot - {}
RESULT: {"text":"C002"}
COMMAND: GET /session/fcfdec3f19b04732468f3b81cff77eec/screenshot - {}
RESULT: {}
RESULT: {}
COMMAND: POST /session/fcfdec3f19b04732468f3b81cff77eec/element - {"using":"xpath","value":"//li[.//span[text()= \"C002\"]]"}
RESULT: {"using":"xpath","value":"//li[.//span[text()= \"C002\"]]"}
COMMAND: POST /session/fcfdec3f19b04732468f3b81cff77eec/element/f.4917B356C9E108E3489CB9DCB9E54F9E.d.3DB510EC494BCC2F6742B950BE605439.e.12866/click - {}
RESULT: {}
COMMAND: GET /session/fcfdec3f19b04732468f3b81cff77eec/screenshot - {}
RESULT: {}
COMMAND: POST /session/fcfdec3f19b04732468f3b81cff77eec/execute/async - {"script":"<script> [1562 bytes]","args":[{"selector":{"id":"application-managepartners-display-component---NewPartner--btnAddTableRow-img"},"wdio_ui5_key":"applicationmanagepartners-display-component---NewPartner--btnAddTableRow-img"}]}
RESULT: {"script":"<script> [1562 bytes]","args":[{"selector":{"id":"application-managepartners-display-component---NewPartner--btnAddTableRow-img"},"wdio_ui5_key":"applicationmanagepartners-display-component---NewPartner--btnAddTableRow-img"}]}
RESULT: undefined
COMMAND: POST /session/fcfdec3f19b04732468f3b81cff77eec/element - {"using":"xpath","value":"//*[@id=\"application-managepartners-display-component---NewPartner--btnAddTableRow-img\"]"}
RESULT: {"using":"xpath","value":"//*[@id=\"application-managepartners-display-component---NewPartner--btnAddTableRow-img\"]"}
COMMAND: POST /session/fcfdec3f19b04732468f3b81cff77eec/element/f.4917B356C9E108E3489CB9DCB9E54F9E.d.3DB510EC494BCC2F6742B950BE605439.e.12867/click - {}
RESULT: {}
COMMAND: GET /session/fcfdec3f19b04732468f3b81cff77eec/screenshot - {}
RESULT: {}
COMMAND: POST /session/fcfdec3f19b04732468f3b81cff77eec/element - {"using":"xpath","value":"//input[@id=\"application-managepartners-display-component---NewPartner--assignmentYard-application-managepartners-display-component---NewPartner--assignmentsTable-0-inner\"]"}
RESULT: {"using":"xpath","value":"//input[@id=\"application-managepartners-display-component---NewPartner--assignmentYard-application-managepartners-display-component---NewPartner--assignmentsTable-0-inner\"]"}
COMMAND: POST /session/fcfdec3f19b04732468f3b81cff77eec/element/f.4917B356C9E108E3489CB9DCB9E54F9E.d.3DB510EC494BCC2F6742B950BE605439.e.12870/clear - {}
RESULT: {}
COMMAND: POST /session/fcfdec3f19b04732468f3b81cff77eec/element/f.4917B356C9E108E3489CB9DCB9E54F9E.d.3DB510EC494BCC2F6742B950BE605439.e.12870/value - {"text":"252"}
COMMAND: GET /session/fcfdec3f19b04732468f3b81cff77eec/screenshot - {}
RESULT: {"text":"252"}
COMMAND: GET /session/fcfdec3f19b04732468f3b81cff77eec/screenshot - {}
RESULT: {}
RESULT: {}
COMMAND: POST /session/fcfdec3f19b04732468f3b81cff77eec/element - {"using":"xpath","value":"//li[.//span[text()='252']]"}
RESULT: {"using":"xpath","value":"//li[.//span[text()='252']]"}
COMMAND: POST /session/fcfdec3f19b04732468f3b81cff77eec/element/f.4917B356C9E108E3489CB9DCB9E54F9E.d.3DB510EC494BCC2F6742B950BE605439.e.12878/click - {}
RESULT: {}
COMMAND: GET /session/fcfdec3f19b04732468f3b81cff77eec/screenshot - {}
RESULT: {}
COMMAND: POST /session/fcfdec3f19b04732468f3b81cff77eec/actions - {"actions":[{"id":"action41","type":"key","parameters":{},"actions":[{"type":"keyDown","value":""},{"type":"pause","duration":10},{"type":"keyUp","value":""}]}]}
RESULT: {"actions":[{"id":"action41","type":"key","parameters":{},"actions":[{"type":"keyDown","value":""},{"type":"pause","duration":10},{"type":"keyUp","value":""}]}]}
COMMAND: POST /session/fcfdec3f19b04732468f3b81cff77eec/element - {"using":"xpath","value":"//td[contains(@id, \"assignmentsTable-0-cell2\")]/div/div"}
COMMAND: GET /session/fcfdec3f19b04732468f3b81cff77eec/screenshot - {}
RESULT: {"using":"xpath","value":"//td[contains(@id, \"assignmentsTable-0-cell2\")]/div/div"}
COMMAND: POST /session/fcfdec3f19b04732468f3b81cff77eec/element/f.4917B356C9E108E3489CB9DCB9E54F9E.d.3DB510EC494BCC2F6742B950BE605439.e.12881/click - {}
RESULT: {}
RESULT: {}
COMMAND: GET /session/fcfdec3f19b04732468f3b81cff77eec/screenshot - {}
RESULT: {}
COMMAND: POST /session/fcfdec3f19b04732468f3b81cff77eec/element - {"using":"xpath","value":"//button[@data-kt=\"saveButton\"]"}
RESULT: {"using":"xpath","value":"//button[@data-kt=\"saveButton\"]"}
COMMAND: POST /session/fcfdec3f19b04732468f3b81cff77eec/element/f.4917B356C9E108E3489CB9DCB9E54F9E.d.3DB510EC494BCC2F6742B950BE605439.e.12827/click - {}
RESULT: {}
COMMAND: GET /session/fcfdec3f19b04732468f3b81cff77eec/screenshot - {}
RESULT: {}
COMMAND: POST /session/fcfdec3f19b04732468f3b81cff77eec/element - {"using":"xpath","value":"//header[contains(@id, 'ObjectPageLayout-headerTitle')]/div[1]/div[2]/div[2]/span[1]"}
RESULT: {"using":"xpath","value":"//header[contains(@id, 'ObjectPageLayout-headerTitle')]/div[1]/div[2]/div[2]/span[1]"}
COMMAND: POST /session/fcfdec3f19b04732468f3b81cff77eec/elements - {"using":"xpath","value":"//header[contains(@id, 'ObjectPageLayout-headerTitle')]/div[1]/div[2]/div[2]/span[1]"}
RESULT: {"using":"xpath","value":"//header[contains(@id, 'ObjectPageLayout-headerTitle')]/div[1]/div[2]/div[2]/span[1]"}
COMMAND: POST /session/fcfdec3f19b04732468f3b81cff77eec/execute/sync - {"script":"<script> [56 bytes]","args":[{"element-6066-11e4-a52e-4f735466cecf":"f.4917B356C9E108E3489CB9DCB9E54F9E.d.3DB510EC494BCC2F6742B950BE605439.e.13038","ELEMENT":"f.4917B356C9E108E3489CB9DCB9E54F9E.d.3DB510EC494BCC2F6742B950BE605439.e.13038"}]}
RESULT: {"script":"<script> [56 bytes]","args":[{"element-6066-11e4-a52e-4f735466cecf":"f.4917B356C9E108E3489CB9DCB9E54F9E.d.3DB510EC494BCC2F6742B950BE605439.e.13038","ELEMENT":"f.4917B356C9E108E3489CB9DCB9E54F9E.d.3DB510EC494BCC2F6742B950BE605439.e.13038"}]}
COMMAND: POST /session/fcfdec3f19b04732468f3b81cff77eec/element - {"using":"css selector","value":"#shell-header-logo"}
COMMAND: GET /session/fcfdec3f19b04732468f3b81cff77eec/screenshot - {}
RESULT: {"using":"css selector","value":"#shell-header-logo"}
COMMAND: POST /session/fcfdec3f19b04732468f3b81cff77eec/element/f.4917B356C9E108E3489CB9DCB9E54F9E.d.3DB510EC494BCC2F6742B950BE605439.e.12370/click - {}
RESULT: {}
RESULT: {}
COMMAND: GET /session/fcfdec3f19b04732468f3b81cff77eec/screenshot - {}
RESULT: {}
COMMAND: POST /session/fcfdec3f19b04732468f3b81cff77eec/execute/sync - {"script":"<script> [299 bytes]","args":[["getModel","getResource"]]}
RESULT: {"script":"<script> [299 bytes]","args":[["getModel","getResource"]]}
COMMAND: GET /session/fcfdec3f19b04732468f3b81cff77eec/screenshot - {}
]]></system-out>
    </testcase>
    <testcase classname="chrome.136_0_7103_93.windows.Provide_to_Site_w/o_warehouse_management_w/_clarification_US116605" name="Should create a new site" time="106.724">
      <system-out><![CDATA[
COMMAND: POST /session/fcfdec3f19b04732468f3b81cff77eec/execute/async - {"script":"<script> [1562 bytes]","args":[{"selector":{"controlType":"sap.m.GenericTile","properties":{"header":"Manage Sites"}},"wdio_ui5_key":"sapm.GenericTile{\"header\":\"Manage Sites\"}"}]}
RESULT: {}
RESULT: {"script":"<script> [1562 bytes]","args":[{"selector":{"controlType":"sap.m.GenericTile","properties":{"header":"Manage Sites"}},"wdio_ui5_key":"sapm.GenericTile{\"header\":\"Manage Sites\"}"}]}
RESULT: undefined
COMMAND: POST /session/fcfdec3f19b04732468f3b81cff77eec/element - {"using":"xpath","value":"//*[@id=\"__tile32\"]"}
RESULT: {"using":"xpath","value":"//*[@id=\"__tile32\"]"}
COMMAND: POST /session/fcfdec3f19b04732468f3b81cff77eec/element/f.4917B356C9E108E3489CB9DCB9E54F9E.d.3DB510EC494BCC2F6742B950BE605439.e.11530/click - {}
RESULT: {}
COMMAND: GET /session/fcfdec3f19b04732468f3b81cff77eec/screenshot - {}
RESULT: {}
COMMAND: POST /session/fcfdec3f19b04732468f3b81cff77eec/elements - {"using":"xpath","value":"//span[text()='Error']"}
RESULT: {"using":"xpath","value":"//span[text()='Error']"}
COMMAND: POST /session/fcfdec3f19b04732468f3b81cff77eec/element - {"using":"xpath","value":"//button[@data-kt=\"addOverflowToolbarButton\"]"}
RESULT: {"using":"xpath","value":"//button[@data-kt=\"addOverflowToolbarButton\"]"}
COMMAND: POST /session/fcfdec3f19b04732468f3b81cff77eec/elements - {"using":"xpath","value":"//button[@data-kt=\"addOverflowToolbarButton\"]"}
RESULT: {"using":"xpath","value":"//button[@data-kt=\"addOverflowToolbarButton\"]"}
COMMAND: POST /session/fcfdec3f19b04732468f3b81cff77eec/execute/sync - {"script":"<script> [8489 bytes]","args":[{"element-6066-11e4-a52e-4f735466cecf":"f.4917B356C9E108E3489CB9DCB9E54F9E.d.3DB510EC494BCC2F6742B950BE605439.e.13086","ELEMENT":"f.4917B356C9E108E3489CB9DCB9E54F9E.d.3DB510EC494BCC2F6742B950BE605439.e.13086"}]}
RESULT: {"script":"<script> [8489 bytes]","args":[{"element-6066-11e4-a52e-4f735466cecf":"f.4917B356C9E108E3489CB9DCB9E54F9E.d.3DB510EC494BCC2F6742B950BE605439.e.13086","ELEMENT":"f.4917B356C9E108E3489CB9DCB9E54F9E.d.3DB510EC494BCC2F6742B950BE605439.e.13086"}]}
COMMAND: GET /session/fcfdec3f19b04732468f3b81cff77eec/element/f.4917B356C9E108E3489CB9DCB9E54F9E.d.3DB510EC494BCC2F6742B950BE605439.e.13086/enabled - {}
COMMAND: GET /session/fcfdec3f19b04732468f3b81cff77eec/screenshot - {}
RESULT: {}
COMMAND: POST /session/fcfdec3f19b04732468f3b81cff77eec/execute/sync - {"script":"<script> [8489 bytes]","args":[{"element-6066-11e4-a52e-4f735466cecf":"f.4917B356C9E108E3489CB9DCB9E54F9E.d.3DB510EC494BCC2F6742B950BE605439.e.13086","ELEMENT":"f.4917B356C9E108E3489CB9DCB9E54F9E.d.3DB510EC494BCC2F6742B950BE605439.e.13086"}]}
COMMAND: GET /session/fcfdec3f19b04732468f3b81cff77eec/screenshot - {}
RESULT: {}
RESULT: {"script":"<script> [8489 bytes]","args":[{"element-6066-11e4-a52e-4f735466cecf":"f.4917B356C9E108E3489CB9DCB9E54F9E.d.3DB510EC494BCC2F6742B950BE605439.e.13086","ELEMENT":"f.4917B356C9E108E3489CB9DCB9E54F9E.d.3DB510EC494BCC2F6742B950BE605439.e.13086"}]}
COMMAND: POST /session/fcfdec3f19b04732468f3b81cff77eec/execute/sync - {"script":"<script> [5351 bytes]","args":[{"element-6066-11e4-a52e-4f735466cecf":"f.4917B356C9E108E3489CB9DCB9E54F9E.d.3DB510EC494BCC2F6742B950BE605439.e.13086","ELEMENT":"f.4917B356C9E108E3489CB9DCB9E54F9E.d.3DB510EC494BCC2F6742B950BE605439.e.13086"}]}
COMMAND: GET /session/fcfdec3f19b04732468f3b81cff77eec/screenshot - {}
RESULT: {}
RESULT: {"script":"<script> [5351 bytes]","args":[{"element-6066-11e4-a52e-4f735466cecf":"f.4917B356C9E108E3489CB9DCB9E54F9E.d.3DB510EC494BCC2F6742B950BE605439.e.13086","ELEMENT":"f.4917B356C9E108E3489CB9DCB9E54F9E.d.3DB510EC494BCC2F6742B950BE605439.e.13086"}]}
COMMAND: POST /session/fcfdec3f19b04732468f3b81cff77eec/element/f.4917B356C9E108E3489CB9DCB9E54F9E.d.3DB510EC494BCC2F6742B950BE605439.e.13086/click - {}
COMMAND: GET /session/fcfdec3f19b04732468f3b81cff77eec/screenshot - {}
RESULT: {}
RESULT: {}
COMMAND: GET /session/fcfdec3f19b04732468f3b81cff77eec/screenshot - {}
COMMAND: POST /session/fcfdec3f19b04732468f3b81cff77eec/element - {"using":"xpath","value":"//input[@id=\"application-managesites-display-component---NewSite--siteId-inner\"]"}
RESULT: {}
RESULT: {}
RESULT: {"using":"xpath","value":"//input[@id=\"application-managesites-display-component---NewSite--siteId-inner\"]"}
COMMAND: POST /session/fcfdec3f19b04732468f3b81cff77eec/element - {"using":"xpath","value":"//input[@id=\"application-managesites-display-component---NewSite--siteId-inner\"]"}
RESULT: {"using":"xpath","value":"//input[@id=\"application-managesites-display-component---NewSite--siteId-inner\"]"}
COMMAND: POST /session/fcfdec3f19b04732468f3b81cff77eec/execute/async - {"script":"<script> [1562 bytes]","args":[{"selector":{"id":"application-managesites-display-component---NewSite--addressDetailDetailsName1","interaction":{"idSuffix":"inner"}},"wdio_ui5_key":"applicationmanagesites-display-component---NewSite--addressDetailDetailsName1"}]}
RESULT: {"script":"<script> [1562 bytes]","args":[{"selector":{"id":"application-managesites-display-component---NewSite--addressDetailDetailsName1","interaction":{"idSuffix":"inner"}},"wdio_ui5_key":"applicationmanagesites-display-component---NewSite--addressDetailDetailsName1"}]}
RESULT: undefined
COMMAND: POST /session/fcfdec3f19b04732468f3b81cff77eec/execute/async - {"script":"<script> [776 bytes]","args":[{"enterText":"Other Type Site WDIO","selector":{"id":"application-managesites-display-component---NewSite--addressDetailDetailsName1","interaction":{"idSuffix":"inner"}},"clearTextFirst":true,"interactionType":"ENTER_TEXT"}]}
RESULT: {"script":"<script> [776 bytes]","args":[{"enterText":"Other Type Site WDIO","selector":{"id":"application-managesites-display-component---NewSite--addressDetailDetailsName1","interaction":{"idSuffix":"inner"}},"clearTextFirst":true,"interactionType":"ENTER_TEXT"}]}
COMMAND: POST /session/fcfdec3f19b04732468f3b81cff77eec/execute/async - {"script":"<script> [1562 bytes]","args":[{"selector":{"id":"application-managesites-display-component---NewSite--addressDetailDetailsLanguage-arrow"},"wdio_ui5_key":"applicationmanagesites-display-component---NewSite--addressDetailDetailsLanguage-arrow"}]}
RESULT: {"script":"<script> [1562 bytes]","args":[{"selector":{"id":"application-managesites-display-component---NewSite--addressDetailDetailsLanguage-arrow"},"wdio_ui5_key":"applicationmanagesites-display-component---NewSite--addressDetailDetailsLanguage-arrow"}]}
RESULT: undefined
COMMAND: POST /session/fcfdec3f19b04732468f3b81cff77eec/element - {"using":"xpath","value":"//*[@id=\"application-managesites-display-component---NewSite--addressDetailDetailsLanguage-arrow\"]"}
RESULT: {"using":"xpath","value":"//*[@id=\"application-managesites-display-component---NewSite--addressDetailDetailsLanguage-arrow\"]"}
COMMAND: POST /session/fcfdec3f19b04732468f3b81cff77eec/element/f.4917B356C9E108E3489CB9DCB9E54F9E.d.3DB510EC494BCC2F6742B950BE605439.e.13496/click - {}
RESULT: {}
COMMAND: POST /session/fcfdec3f19b04732468f3b81cff77eec/element - {"using":"xpath","value":"//span[contains(text(), \"English\")]"}
COMMAND: GET /session/fcfdec3f19b04732468f3b81cff77eec/screenshot - {}
RESULT: {"using":"xpath","value":"//span[contains(text(), \"English\")]"}
COMMAND: POST /session/fcfdec3f19b04732468f3b81cff77eec/element/f.4917B356C9E108E3489CB9DCB9E54F9E.d.3DB510EC494BCC2F6742B950BE605439.e.13497/click - {}
RESULT: {}
RESULT: {}
COMMAND: POST /session/fcfdec3f19b04732468f3b81cff77eec/execute/async - {"script":"<script> [1562 bytes]","args":[{"selector":{"id":"application-managesites-display-component---NewSite--addressDetailDetailsCity1","interaction":{"idSuffix":"inner"}},"wdio_ui5_key":"applicationmanagesites-display-component---NewSite--addressDetailDetailsCity1"}]}
COMMAND: GET /session/fcfdec3f19b04732468f3b81cff77eec/screenshot - {}
RESULT: {"script":"<script> [1562 bytes]","args":[{"selector":{"id":"application-managesites-display-component---NewSite--addressDetailDetailsCity1","interaction":{"idSuffix":"inner"}},"wdio_ui5_key":"applicationmanagesites-display-component---NewSite--addressDetailDetailsCity1"}]}
RESULT: undefined
COMMAND: POST /session/fcfdec3f19b04732468f3b81cff77eec/execute/async - {"script":"<script> [776 bytes]","args":[{"enterText":"Rosario","selector":{"id":"application-managesites-display-component---NewSite--addressDetailDetailsCity1","interaction":{"idSuffix":"inner"}},"clearTextFirst":true,"interactionType":"ENTER_TEXT"}]}
RESULT: {}
RESULT: {"script":"<script> [776 bytes]","args":[{"enterText":"Rosario","selector":{"id":"application-managesites-display-component---NewSite--addressDetailDetailsCity1","interaction":{"idSuffix":"inner"}},"clearTextFirst":true,"interactionType":"ENTER_TEXT"}]}
COMMAND: POST /session/fcfdec3f19b04732468f3b81cff77eec/execute/async - {"script":"<script> [1562 bytes]","args":[{"selector":{"id":"application-managesites-display-component---NewSite--addressDetailDetailsCountry-arrow"},"wdio_ui5_key":"applicationmanagesites-display-component---NewSite--addressDetailDetailsCountry-arrow"}]}
RESULT: {"script":"<script> [1562 bytes]","args":[{"selector":{"id":"application-managesites-display-component---NewSite--addressDetailDetailsCountry-arrow"},"wdio_ui5_key":"applicationmanagesites-display-component---NewSite--addressDetailDetailsCountry-arrow"}]}
RESULT: undefined
COMMAND: POST /session/fcfdec3f19b04732468f3b81cff77eec/element - {"using":"xpath","value":"//*[@id=\"application-managesites-display-component---NewSite--addressDetailDetailsCountry-arrow\"]"}
RESULT: {"using":"xpath","value":"//*[@id=\"application-managesites-display-component---NewSite--addressDetailDetailsCountry-arrow\"]"}
COMMAND: POST /session/fcfdec3f19b04732468f3b81cff77eec/element/f.4917B356C9E108E3489CB9DCB9E54F9E.d.3DB510EC494BCC2F6742B950BE605439.e.13499/click - {}
RESULT: {}
COMMAND: POST /session/fcfdec3f19b04732468f3b81cff77eec/element - {"using":"xpath","value":"//span[contains(text(), \"Argentina\")]"}
COMMAND: GET /session/fcfdec3f19b04732468f3b81cff77eec/screenshot - {}
RESULT: {"using":"xpath","value":"//span[contains(text(), \"Argentina\")]"}
COMMAND: POST /session/fcfdec3f19b04732468f3b81cff77eec/element/f.4917B356C9E108E3489CB9DCB9E54F9E.d.3DB510EC494BCC2F6742B950BE605439.e.13500/click - {}
RESULT: {}
RESULT: {}
COMMAND: GET /session/fcfdec3f19b04732468f3b81cff77eec/screenshot - {}
RESULT: {}
COMMAND: POST /session/fcfdec3f19b04732468f3b81cff77eec/execute/async - {"script":"<script> [1562 bytes]","args":[{"selector":{"id":"application-managesites-display-component---NewSite--addressEditDetailsCostObjectCstType-arrow"},"wdio_ui5_key":"applicationmanagesites-display-component---NewSite--addressEditDetailsCostObjectCstType-arrow"}]}
RESULT: {"script":"<script> [1562 bytes]","args":[{"selector":{"id":"application-managesites-display-component---NewSite--addressEditDetailsCostObjectCstType-arrow"},"wdio_ui5_key":"applicationmanagesites-display-component---NewSite--addressEditDetailsCostObjectCstType-arrow"}]}
RESULT: undefined
COMMAND: POST /session/fcfdec3f19b04732468f3b81cff77eec/element - {"using":"xpath","value":"//*[@id=\"application-managesites-display-component---NewSite--addressEditDetailsCostObjectCstType-arrow\"]"}
RESULT: {"using":"xpath","value":"//*[@id=\"application-managesites-display-component---NewSite--addressEditDetailsCostObjectCstType-arrow\"]"}
COMMAND: POST /session/fcfdec3f19b04732468f3b81cff77eec/element/f.4917B356C9E108E3489CB9DCB9E54F9E.d.3DB510EC494BCC2F6742B950BE605439.e.13502/click - {}
RESULT: {}
COMMAND: POST /session/fcfdec3f19b04732468f3b81cff77eec/element - {"using":"xpath","value":"//span[contains(text(), \"Cost Center\")]"}
COMMAND: GET /session/fcfdec3f19b04732468f3b81cff77eec/screenshot - {}
RESULT: {"using":"xpath","value":"//span[contains(text(), \"Cost Center\")]"}
COMMAND: POST /session/fcfdec3f19b04732468f3b81cff77eec/element/f.4917B356C9E108E3489CB9DCB9E54F9E.d.3DB510EC494BCC2F6742B950BE605439.e.13503/click - {}
RESULT: {}
RESULT: {}
COMMAND: GET /session/fcfdec3f19b04732468f3b81cff77eec/screenshot - {}
RESULT: {}
COMMAND: POST /session/fcfdec3f19b04732468f3b81cff77eec/element - {"using":"xpath","value":"//span[@id=\"application-managesites-display-component---NewSite--addressNewCostObjectCstID-vhi\"]"}
RESULT: {"using":"xpath","value":"//span[@id=\"application-managesites-display-component---NewSite--addressNewCostObjectCstID-vhi\"]"}
COMMAND: POST /session/fcfdec3f19b04732468f3b81cff77eec/execute/sync - {"script":"<script> [8489 bytes]","args":[{"element-6066-11e4-a52e-4f735466cecf":"f.4917B356C9E108E3489CB9DCB9E54F9E.d.3DB510EC494BCC2F6742B950BE605439.e.13508","ELEMENT":"f.4917B356C9E108E3489CB9DCB9E54F9E.d.3DB510EC494BCC2F6742B950BE605439.e.13508"}]}
RESULT: {"script":"<script> [8489 bytes]","args":[{"element-6066-11e4-a52e-4f735466cecf":"f.4917B356C9E108E3489CB9DCB9E54F9E.d.3DB510EC494BCC2F6742B950BE605439.e.13508","ELEMENT":"f.4917B356C9E108E3489CB9DCB9E54F9E.d.3DB510EC494BCC2F6742B950BE605439.e.13508"}]}
COMMAND: POST /session/fcfdec3f19b04732468f3b81cff77eec/execute/async - {"script":"<script> [1562 bytes]","args":[{"selector":{"id":"application-managesites-display-component---NewSite--addressNewCostObjectCstID-vhi"},"wdio_ui5_key":"applicationmanagesites-display-component---NewSite--addressNewCostObjectCstID-vhi"}]}
COMMAND: GET /session/fcfdec3f19b04732468f3b81cff77eec/screenshot - {}
RESULT: {"script":"<script> [1562 bytes]","args":[{"selector":{"id":"application-managesites-display-component---NewSite--addressNewCostObjectCstID-vhi"},"wdio_ui5_key":"applicationmanagesites-display-component---NewSite--addressNewCostObjectCstID-vhi"}]}
RESULT: undefined
COMMAND: POST /session/fcfdec3f19b04732468f3b81cff77eec/element - {"using":"xpath","value":"//*[@id=\"application-managesites-display-component---NewSite--addressNewCostObjectCstID-vhi\"]"}
RESULT: {}
RESULT: {"using":"xpath","value":"//*[@id=\"application-managesites-display-component---NewSite--addressNewCostObjectCstID-vhi\"]"}
COMMAND: POST /session/fcfdec3f19b04732468f3b81cff77eec/element/f.4917B356C9E108E3489CB9DCB9E54F9E.d.3DB510EC494BCC2F6742B950BE605439.e.13508/click - {}
RESULT: {}
COMMAND: GET /session/fcfdec3f19b04732468f3b81cff77eec/screenshot - {}
RESULT: {}
RESULT: undefined
COMMAND: POST /session/fcfdec3f19b04732468f3b81cff77eec/execute/async - {"script":"<script> [776 bytes]","args":[{"enterText":"10001013","selector":{"controlType":"sap.m.SearchField","properties":{"placeholder":"Search"},"searchOpenDialogs":true,"interaction":{"idSuffix":"I"}},"clearTextFirst":true,"interactionType":"ENTER_TEXT"}]}
RESULT: {"script":"<script> [776 bytes]","args":[{"enterText":"10001013","selector":{"controlType":"sap.m.SearchField","properties":{"placeholder":"Search"},"searchOpenDialogs":true,"interaction":{"idSuffix":"I"}},"clearTextFirst":true,"interactionType":"ENTER_TEXT"}]}
COMMAND: POST /session/fcfdec3f19b04732468f3b81cff77eec/actions - {"actions":[{"id":"action42","type":"key","parameters":{},"actions":[{"type":"keyDown","value":""},{"type":"pause","duration":10},{"type":"keyUp","value":""}]}]}
RESULT: {"actions":[{"id":"action42","type":"key","parameters":{},"actions":[{"type":"keyDown","value":""},{"type":"pause","duration":10},{"type":"keyUp","value":""}]}]}
COMMAND: GET /session/fcfdec3f19b04732468f3b81cff77eec/screenshot - {}
RESULT: {}
COMMAND: POST /session/fcfdec3f19b04732468f3b81cff77eec/element - {"using":"xpath","value":"//span[contains(text(), \"General Management\")]"}
RESULT: {"using":"xpath","value":"//span[contains(text(), \"General Management\")]"}
COMMAND: POST /session/fcfdec3f19b04732468f3b81cff77eec/element/f.4917B356C9E108E3489CB9DCB9E54F9E.d.3DB510EC494BCC2F6742B950BE605439.e.13547/click - {}
RESULT: {}
COMMAND: GET /session/fcfdec3f19b04732468f3b81cff77eec/screenshot - {}
RESULT: {}
COMMAND: POST /session/fcfdec3f19b04732468f3b81cff77eec/element - {"using":"xpath","value":"//bdi[contains(text(), \"OK\")]"}
RESULT: {"using":"xpath","value":"//bdi[contains(text(), \"OK\")]"}
COMMAND: POST /session/fcfdec3f19b04732468f3b81cff77eec/element/f.4917B356C9E108E3489CB9DCB9E54F9E.d.3DB510EC494BCC2F6742B950BE605439.e.13548/click - {}
RESULT: {}
COMMAND: GET /session/fcfdec3f19b04732468f3b81cff77eec/screenshot - {}
RESULT: {}
COMMAND: POST /session/fcfdec3f19b04732468f3b81cff77eec/element - {"using":"xpath","value":"//input[@id=\"application-managesites-display-component---NewSite--addressDetailDetailsCalendar-inner\"]"}
RESULT: {"using":"xpath","value":"//input[@id=\"application-managesites-display-component---NewSite--addressDetailDetailsCalendar-inner\"]"}
COMMAND: POST /session/fcfdec3f19b04732468f3b81cff77eec/element/f.4917B356C9E108E3489CB9DCB9E54F9E.d.3DB510EC494BCC2F6742B950BE605439.e.13333/clear - {}
RESULT: {}
COMMAND: POST /session/fcfdec3f19b04732468f3b81cff77eec/element/f.4917B356C9E108E3489CB9DCB9E54F9E.d.3DB510EC494BCC2F6742B950BE605439.e.13333/value - {"text":"Unit"}
COMMAND: GET /session/fcfdec3f19b04732468f3b81cff77eec/screenshot - {}
RESULT: {"text":"Unit"}
COMMAND: GET /session/fcfdec3f19b04732468f3b81cff77eec/screenshot - {}
RESULT: {}
RESULT: {}
COMMAND: POST /session/fcfdec3f19b04732468f3b81cff77eec/actions - {"actions":[{"id":"action43","type":"key","parameters":{},"actions":[{"type":"keyDown","value":""},{"type":"pause","duration":10},{"type":"keyUp","value":""}]}]}
RESULT: {"actions":[{"id":"action43","type":"key","parameters":{},"actions":[{"type":"keyDown","value":""},{"type":"pause","duration":10},{"type":"keyUp","value":""}]}]}
COMMAND: POST /session/fcfdec3f19b04732468f3b81cff77eec/element - {"using":"xpath","value":"//input[@id=\"application-managesites-display-component---NewSite--addressDetailDetailsYard-inner\"]"}
COMMAND: GET /session/fcfdec3f19b04732468f3b81cff77eec/screenshot - {}
RESULT: {"using":"xpath","value":"//input[@id=\"application-managesites-display-component---NewSite--addressDetailDetailsYard-inner\"]"}
COMMAND: POST /session/fcfdec3f19b04732468f3b81cff77eec/element/f.4917B356C9E108E3489CB9DCB9E54F9E.d.3DB510EC494BCC2F6742B950BE605439.e.13334/clear - {}
RESULT: {}
RESULT: {}
COMMAND: POST /session/fcfdec3f19b04732468f3b81cff77eec/element/f.4917B356C9E108E3489CB9DCB9E54F9E.d.3DB510EC494BCC2F6742B950BE605439.e.13334/value - {"text":"252"}
COMMAND: GET /session/fcfdec3f19b04732468f3b81cff77eec/screenshot - {}
RESULT: {"text":"252"}
COMMAND: GET /session/fcfdec3f19b04732468f3b81cff77eec/screenshot - {}
RESULT: {}
RESULT: {}
COMMAND: POST /session/fcfdec3f19b04732468f3b81cff77eec/element - {"using":"xpath","value":"//li[.//span[text()='252']]"}
RESULT: {"using":"xpath","value":"//li[.//span[text()='252']]"}
COMMAND: POST /session/fcfdec3f19b04732468f3b81cff77eec/element/f.4917B356C9E108E3489CB9DCB9E54F9E.d.3DB510EC494BCC2F6742B950BE605439.e.13556/click - {}
RESULT: {}
COMMAND: GET /session/fcfdec3f19b04732468f3b81cff77eec/screenshot - {}
RESULT: {}
COMMAND: POST /session/fcfdec3f19b04732468f3b81cff77eec/element - {"using":"xpath","value":"//input[@id=\"application-managesites-display-component---NewSite--addressDetailDetailsPartner-inner\"]"}
RESULT: {"using":"xpath","value":"//input[@id=\"application-managesites-display-component---NewSite--addressDetailDetailsPartner-inner\"]"}
COMMAND: POST /session/fcfdec3f19b04732468f3b81cff77eec/element - {"using":"xpath","value":"//input[@id=\"application-managesites-display-component---NewSite--addressDetailDetailsPartner-inner\"]"}
RESULT: {"using":"xpath","value":"//input[@id=\"application-managesites-display-component---NewSite--addressDetailDetailsPartner-inner\"]"}
COMMAND: POST /session/fcfdec3f19b04732468f3b81cff77eec/element - {"using":"xpath","value":"//button[@data-kt=\"saveButton\"]"}
RESULT: {"using":"xpath","value":"//button[@data-kt=\"saveButton\"]"}
COMMAND: POST /session/fcfdec3f19b04732468f3b81cff77eec/element/f.4917B356C9E108E3489CB9DCB9E54F9E.d.3DB510EC494BCC2F6742B950BE605439.e.13489/click - {}
RESULT: {}
COMMAND: GET /session/fcfdec3f19b04732468f3b81cff77eec/screenshot - {}
RESULT: {}
COMMAND: POST /session/fcfdec3f19b04732468f3b81cff77eec/element - {"using":"xpath","value":"//header[contains(@id, 'ObjectPageLayout-headerTitle')]/div[1]/div[2]/div[2]/span[1]"}
RESULT: {"using":"xpath","value":"//header[contains(@id, 'ObjectPageLayout-headerTitle')]/div[1]/div[2]/div[2]/span[1]"}
COMMAND: POST /session/fcfdec3f19b04732468f3b81cff77eec/elements - {"using":"xpath","value":"//header[contains(@id, 'ObjectPageLayout-headerTitle')]/div[1]/div[2]/div[2]/span[1]"}
RESULT: {"using":"xpath","value":"//header[contains(@id, 'ObjectPageLayout-headerTitle')]/div[1]/div[2]/div[2]/span[1]"}
COMMAND: POST /session/fcfdec3f19b04732468f3b81cff77eec/execute/sync - {"script":"<script> [56 bytes]","args":[{"element-6066-11e4-a52e-4f735466cecf":"f.4917B356C9E108E3489CB9DCB9E54F9E.d.3DB510EC494BCC2F6742B950BE605439.e.13759","ELEMENT":"f.4917B356C9E108E3489CB9DCB9E54F9E.d.3DB510EC494BCC2F6742B950BE605439.e.13759"}]}
RESULT: {"script":"<script> [56 bytes]","args":[{"element-6066-11e4-a52e-4f735466cecf":"f.4917B356C9E108E3489CB9DCB9E54F9E.d.3DB510EC494BCC2F6742B950BE605439.e.13759","ELEMENT":"f.4917B356C9E108E3489CB9DCB9E54F9E.d.3DB510EC494BCC2F6742B950BE605439.e.13759"}]}
COMMAND: POST /session/fcfdec3f19b04732468f3b81cff77eec/element - {"using":"css selector","value":"#shell-header-logo"}
COMMAND: GET /session/fcfdec3f19b04732468f3b81cff77eec/screenshot - {}
RESULT: {"using":"css selector","value":"#shell-header-logo"}
COMMAND: POST /session/fcfdec3f19b04732468f3b81cff77eec/element/f.4917B356C9E108E3489CB9DCB9E54F9E.d.3DB510EC494BCC2F6742B950BE605439.e.13043/click - {}
RESULT: {}
RESULT: {}
COMMAND: GET /session/fcfdec3f19b04732468f3b81cff77eec/screenshot - {}
RESULT: {}
COMMAND: POST /session/fcfdec3f19b04732468f3b81cff77eec/execute/sync - {"script":"<script> [299 bytes]","args":[["getModel","getResource"]]}
RESULT: {"script":"<script> [299 bytes]","args":[["getModel","getResource"]]}
]]></system-out>
    </testcase>
    <testcase classname="chrome.136_0_7103_93.windows.Provide_to_Site_w/o_warehouse_management_w/_clarification_US116605" name="Should create a new material" time="127.865">
      <system-out><![CDATA[
COMMAND: POST /session/fcfdec3f19b04732468f3b81cff77eec/execute/async - {"script":"<script> [1562 bytes]","args":[{"selector":{"controlType":"sap.m.GenericTile","properties":{"header":"Manage Resources"}},"wdio_ui5_key":"sapm.GenericTile{\"header\":\"Manage Resources\"}"}]}
COMMAND: GET /session/fcfdec3f19b04732468f3b81cff77eec/screenshot - {}
RESULT: {"script":"<script> [1562 bytes]","args":[{"selector":{"controlType":"sap.m.GenericTile","properties":{"header":"Manage Resources"}},"wdio_ui5_key":"sapm.GenericTile{\"header\":\"Manage Resources\"}"}]}
RESULT: undefined
COMMAND: POST /session/fcfdec3f19b04732468f3b81cff77eec/element - {"using":"xpath","value":"//*[@id=\"__tile31\"]"}
RESULT: {}
RESULT: {"using":"xpath","value":"//*[@id=\"__tile31\"]"}
COMMAND: POST /session/fcfdec3f19b04732468f3b81cff77eec/element/f.4917B356C9E108E3489CB9DCB9E54F9E.d.3DB510EC494BCC2F6742B950BE605439.e.11527/click - {}
RESULT: {}
COMMAND: GET /session/fcfdec3f19b04732468f3b81cff77eec/screenshot - {}
RESULT: {}
COMMAND: POST /session/fcfdec3f19b04732468f3b81cff77eec/elements - {"using":"xpath","value":"//span[text()='Error']"}
RESULT: {"using":"xpath","value":"//span[text()='Error']"}
COMMAND: POST /session/fcfdec3f19b04732468f3b81cff77eec/element - {"using":"xpath","value":"//button[@data-kt=\"addNewRUOverflowToolbarButton\"]"}
RESULT: {"using":"xpath","value":"//button[@data-kt=\"addNewRUOverflowToolbarButton\"]"}
COMMAND: POST /session/fcfdec3f19b04732468f3b81cff77eec/elements - {"using":"xpath","value":"//button[@data-kt=\"addNewRUOverflowToolbarButton\"]"}
RESULT: {"using":"xpath","value":"//button[@data-kt=\"addNewRUOverflowToolbarButton\"]"}
COMMAND: POST /session/fcfdec3f19b04732468f3b81cff77eec/elements - {"using":"xpath","value":"//button[@data-kt=\"addNewRUOverflowToolbarButton\"]"}
RESULT: {"using":"xpath","value":"//button[@data-kt=\"addNewRUOverflowToolbarButton\"]"}
COMMAND: POST /session/fcfdec3f19b04732468f3b81cff77eec/elements - {"using":"xpath","value":"//button[@data-kt=\"addNewRUOverflowToolbarButton\"]"}
RESULT: {"using":"xpath","value":"//button[@data-kt=\"addNewRUOverflowToolbarButton\"]"}
COMMAND: POST /session/fcfdec3f19b04732468f3b81cff77eec/element - {"using":"xpath","value":"//button[@data-kt=\"addNewRUOverflowToolbarButton\"]"}
RESULT: {"using":"xpath","value":"//button[@data-kt=\"addNewRUOverflowToolbarButton\"]"}
COMMAND: POST /session/fcfdec3f19b04732468f3b81cff77eec/execute/sync - {"script":"<script> [8489 bytes]","args":[{"element-6066-11e4-a52e-4f735466cecf":"f.4917B356C9E108E3489CB9DCB9E54F9E.d.3DB510EC494BCC2F6742B950BE605439.e.13802","ELEMENT":"f.4917B356C9E108E3489CB9DCB9E54F9E.d.3DB510EC494BCC2F6742B950BE605439.e.13802"}]}
RESULT: {"script":"<script> [8489 bytes]","args":[{"element-6066-11e4-a52e-4f735466cecf":"f.4917B356C9E108E3489CB9DCB9E54F9E.d.3DB510EC494BCC2F6742B950BE605439.e.13802","ELEMENT":"f.4917B356C9E108E3489CB9DCB9E54F9E.d.3DB510EC494BCC2F6742B950BE605439.e.13802"}]}
COMMAND: GET /session/fcfdec3f19b04732468f3b81cff77eec/element/f.4917B356C9E108E3489CB9DCB9E54F9E.d.3DB510EC494BCC2F6742B950BE605439.e.13802/enabled - {}
COMMAND: GET /session/fcfdec3f19b04732468f3b81cff77eec/screenshot - {}
RESULT: {}
COMMAND: POST /session/fcfdec3f19b04732468f3b81cff77eec/execute/sync - {"script":"<script> [8489 bytes]","args":[{"element-6066-11e4-a52e-4f735466cecf":"f.4917B356C9E108E3489CB9DCB9E54F9E.d.3DB510EC494BCC2F6742B950BE605439.e.13802","ELEMENT":"f.4917B356C9E108E3489CB9DCB9E54F9E.d.3DB510EC494BCC2F6742B950BE605439.e.13802"}]}
COMMAND: GET /session/fcfdec3f19b04732468f3b81cff77eec/screenshot - {}
RESULT: {}
RESULT: {"script":"<script> [8489 bytes]","args":[{"element-6066-11e4-a52e-4f735466cecf":"f.4917B356C9E108E3489CB9DCB9E54F9E.d.3DB510EC494BCC2F6742B950BE605439.e.13802","ELEMENT":"f.4917B356C9E108E3489CB9DCB9E54F9E.d.3DB510EC494BCC2F6742B950BE605439.e.13802"}]}
COMMAND: POST /session/fcfdec3f19b04732468f3b81cff77eec/execute/sync - {"script":"<script> [5351 bytes]","args":[{"element-6066-11e4-a52e-4f735466cecf":"f.4917B356C9E108E3489CB9DCB9E54F9E.d.3DB510EC494BCC2F6742B950BE605439.e.13802","ELEMENT":"f.4917B356C9E108E3489CB9DCB9E54F9E.d.3DB510EC494BCC2F6742B950BE605439.e.13802"}]}
COMMAND: GET /session/fcfdec3f19b04732468f3b81cff77eec/screenshot - {}
RESULT: {}
RESULT: {"script":"<script> [5351 bytes]","args":[{"element-6066-11e4-a52e-4f735466cecf":"f.4917B356C9E108E3489CB9DCB9E54F9E.d.3DB510EC494BCC2F6742B950BE605439.e.13802","ELEMENT":"f.4917B356C9E108E3489CB9DCB9E54F9E.d.3DB510EC494BCC2F6742B950BE605439.e.13802"}]}
COMMAND: POST /session/fcfdec3f19b04732468f3b81cff77eec/element/f.4917B356C9E108E3489CB9DCB9E54F9E.d.3DB510EC494BCC2F6742B950BE605439.e.13802/click - {}
COMMAND: GET /session/fcfdec3f19b04732468f3b81cff77eec/screenshot - {}
RESULT: {}
RESULT: {}
COMMAND: GET /session/fcfdec3f19b04732468f3b81cff77eec/screenshot - {}
COMMAND: POST /session/fcfdec3f19b04732468f3b81cff77eec/execute/async - {"script":"<script> [1562 bytes]","args":[{"selector":{"id":"application-manageresources-display-component---newResourceUnit--TYPE-arrow"},"wdio_ui5_key":"applicationmanageresources-display-component---newResourceUnit--TYPE-arrow"}]}
RESULT: {}
RESULT: {}
RESULT: {"script":"<script> [1562 bytes]","args":[{"selector":{"id":"application-manageresources-display-component---newResourceUnit--TYPE-arrow"},"wdio_ui5_key":"applicationmanageresources-display-component---newResourceUnit--TYPE-arrow"}]}
RESULT: undefined
COMMAND: POST /session/fcfdec3f19b04732468f3b81cff77eec/element - {"using":"xpath","value":"//*[@id=\"application-manageresources-display-component---newResourceUnit--TYPE-arrow\"]"}
RESULT: {"using":"xpath","value":"//*[@id=\"application-manageresources-display-component---newResourceUnit--TYPE-arrow\"]"}
COMMAND: POST /session/fcfdec3f19b04732468f3b81cff77eec/element/f.4917B356C9E108E3489CB9DCB9E54F9E.d.3DB510EC494BCC2F6742B950BE605439.e.14146/click - {}
RESULT: {}
COMMAND: POST /session/fcfdec3f19b04732468f3b81cff77eec/element - {"using":"xpath","value":"//input[@id=\"application-manageresources-display-component---newResourceUnit--TYPE-inner\"]"}
COMMAND: GET /session/fcfdec3f19b04732468f3b81cff77eec/screenshot - {}
RESULT: {"using":"xpath","value":"//input[@id=\"application-manageresources-display-component---newResourceUnit--TYPE-inner\"]"}
COMMAND: POST /session/fcfdec3f19b04732468f3b81cff77eec/element/f.4917B356C9E108E3489CB9DCB9E54F9E.d.3DB510EC494BCC2F6742B950BE605439.e.14142/clear - {}
RESULT: {}
RESULT: {}
COMMAND: POST /session/fcfdec3f19b04732468f3b81cff77eec/element/f.4917B356C9E108E3489CB9DCB9E54F9E.d.3DB510EC494BCC2F6742B950BE605439.e.14142/value - {"text":"Material"}
COMMAND: GET /session/fcfdec3f19b04732468f3b81cff77eec/screenshot - {}
RESULT: {"text":"Material"}
COMMAND: GET /session/fcfdec3f19b04732468f3b81cff77eec/screenshot - {}
RESULT: {}
RESULT: {}
COMMAND: POST /session/fcfdec3f19b04732468f3b81cff77eec/actions - {"actions":[{"id":"action44","type":"key","parameters":{},"actions":[{"type":"keyDown","value":""},{"type":"pause","duration":10},{"type":"keyUp","value":""}]}]}
RESULT: {"actions":[{"id":"action44","type":"key","parameters":{},"actions":[{"type":"keyDown","value":""},{"type":"pause","duration":10},{"type":"keyUp","value":""}]}]}
COMMAND: POST /session/fcfdec3f19b04732468f3b81cff77eec/execute/async - {"script":"<script> [1562 bytes]","args":[{"selector":{"id":"application-manageresources-display-component---newResourceUnit--SHORT_TEXT","interaction":{"idSuffix":"inner"}},"wdio_ui5_key":"applicationmanageresources-display-component---newResourceUnit--SHORT_TEXT"}]}
COMMAND: GET /session/fcfdec3f19b04732468f3b81cff77eec/screenshot - {}
RESULT: {}
RESULT: {"script":"<script> [1562 bytes]","args":[{"selector":{"id":"application-manageresources-display-component---newResourceUnit--SHORT_TEXT","interaction":{"idSuffix":"inner"}},"wdio_ui5_key":"applicationmanageresources-display-component---newResourceUnit--SHORT_TEXT"}]}
RESULT: undefined
COMMAND: POST /session/fcfdec3f19b04732468f3b81cff77eec/execute/async - {"script":"<script> [776 bytes]","args":[{"enterText":"Cement WDIO","selector":{"id":"application-manageresources-display-component---newResourceUnit--SHORT_TEXT","interaction":{"idSuffix":"inner"}},"clearTextFirst":true,"interactionType":"ENTER_TEXT"}]}
RESULT: {"script":"<script> [776 bytes]","args":[{"enterText":"Cement WDIO","selector":{"id":"application-manageresources-display-component---newResourceUnit--SHORT_TEXT","interaction":{"idSuffix":"inner"}},"clearTextFirst":true,"interactionType":"ENTER_TEXT"}]}
COMMAND: POST /session/fcfdec3f19b04732468f3b81cff77eec/execute/async - {"script":"<script> [1562 bytes]","args":[{"selector":{"id":"application-manageresources-display-component---newResourceUnit--BASE_UNIT_OF_MEASURE","interaction":{"idSuffix":"inner"}},"wdio_ui5_key":"applicationmanageresources-display-component---newResourceUnit--BASE_UNIT_OF_MEASURE"}]}
RESULT: {"script":"<script> [1562 bytes]","args":[{"selector":{"id":"application-manageresources-display-component---newResourceUnit--BASE_UNIT_OF_MEASURE","interaction":{"idSuffix":"inner"}},"wdio_ui5_key":"applicationmanageresources-display-component---newResourceUnit--BASE_UNIT_OF_MEASURE"}]}
RESULT: undefined
COMMAND: POST /session/fcfdec3f19b04732468f3b81cff77eec/execute/async - {"script":"<script> [776 bytes]","args":[{"enterText":"Piece","selector":{"id":"application-manageresources-display-component---newResourceUnit--BASE_UNIT_OF_MEASURE","interaction":{"idSuffix":"inner"}},"clearTextFirst":true,"interactionType":"ENTER_TEXT"}]}
RESULT: {"script":"<script> [776 bytes]","args":[{"enterText":"Piece","selector":{"id":"application-manageresources-display-component---newResourceUnit--BASE_UNIT_OF_MEASURE","interaction":{"idSuffix":"inner"}},"clearTextFirst":true,"interactionType":"ENTER_TEXT"}]}
COMMAND: POST /session/fcfdec3f19b04732468f3b81cff77eec/execute/async - {"script":"<script> [1562 bytes]","args":[{"selector":{"id":"application-manageresources-display-component---newResourceUnit--WEIGHT_UNIT","interaction":{"idSuffix":"inner"}},"wdio_ui5_key":"applicationmanageresources-display-component---newResourceUnit--WEIGHT_UNIT"}]}
RESULT: {"script":"<script> [1562 bytes]","args":[{"selector":{"id":"application-manageresources-display-component---newResourceUnit--WEIGHT_UNIT","interaction":{"idSuffix":"inner"}},"wdio_ui5_key":"applicationmanageresources-display-component---newResourceUnit--WEIGHT_UNIT"}]}
RESULT: undefined
COMMAND: POST /session/fcfdec3f19b04732468f3b81cff77eec/execute/async - {"script":"<script> [776 bytes]","args":[{"enterText":"Gram","selector":{"id":"application-manageresources-display-component---newResourceUnit--WEIGHT_UNIT","interaction":{"idSuffix":"inner"}},"clearTextFirst":true,"interactionType":"ENTER_TEXT"}]}
RESULT: {"script":"<script> [776 bytes]","args":[{"enterText":"Gram","selector":{"id":"application-manageresources-display-component---newResourceUnit--WEIGHT_UNIT","interaction":{"idSuffix":"inner"}},"clearTextFirst":true,"interactionType":"ENTER_TEXT"}]}
COMMAND: POST /session/fcfdec3f19b04732468f3b81cff77eec/execute/async - {"script":"<script> [1562 bytes]","args":[{"selector":{"id":"application-manageresources-display-component---newResourceUnit--DIMENSION_UNIT","interaction":{"idSuffix":"inner"}},"wdio_ui5_key":"applicationmanageresources-display-component---newResourceUnit--DIMENSION_UNIT"}]}
RESULT: {"script":"<script> [1562 bytes]","args":[{"selector":{"id":"application-manageresources-display-component---newResourceUnit--DIMENSION_UNIT","interaction":{"idSuffix":"inner"}},"wdio_ui5_key":"applicationmanageresources-display-component---newResourceUnit--DIMENSION_UNIT"}]}
RESULT: undefined
COMMAND: POST /session/fcfdec3f19b04732468f3b81cff77eec/execute/async - {"script":"<script> [776 bytes]","args":[{"enterText":"Meter","selector":{"id":"application-manageresources-display-component---newResourceUnit--DIMENSION_UNIT","interaction":{"idSuffix":"inner"}},"clearTextFirst":true,"interactionType":"ENTER_TEXT"}]}
RESULT: {"script":"<script> [776 bytes]","args":[{"enterText":"Meter","selector":{"id":"application-manageresources-display-component---newResourceUnit--DIMENSION_UNIT","interaction":{"idSuffix":"inner"}},"clearTextFirst":true,"interactionType":"ENTER_TEXT"}]}
COMMAND: POST /session/fcfdec3f19b04732468f3b81cff77eec/execute/async - {"script":"<script> [1562 bytes]","args":[{"selector":{"id":"application-manageresources-display-component---newResourceUnit--newRRUPage-anchBar-application-manageresources-display-component---newResourceUnit--control-anchor","interaction":{"idSuffix":"BDI-content"}},"wdio_ui5_key":"applicationmanageresources-display-component---newResourceUnit--newRRUPage-anchBar-application-manageresources-display-component---newResourceUnit--control-anchor"}]}
RESULT: {"script":"<script> [1562 bytes]","args":[{"selector":{"id":"application-manageresources-display-component---newResourceUnit--newRRUPage-anchBar-application-manageresources-display-component---newResourceUnit--control-anchor","interaction":{"idSuffix":"BDI-content"}},"wdio_ui5_key":"applicationmanageresources-display-component---newResourceUnit--newRRUPage-anchBar-application-manageresources-display-component---newResourceUnit--control-anchor"}]}
RESULT: undefined
COMMAND: POST /session/fcfdec3f19b04732468f3b81cff77eec/element - {"using":"xpath","value":"//*[@id=\"application-manageresources-display-component---newResourceUnit--newRRUPage-anchBar-application-manageresources-display-component---newResourceUnit--control-anchor\"]"}
RESULT: {"using":"xpath","value":"//*[@id=\"application-manageresources-display-component---newResourceUnit--newRRUPage-anchBar-application-manageresources-display-component---newResourceUnit--control-anchor\"]"}
COMMAND: POST /session/fcfdec3f19b04732468f3b81cff77eec/element/f.4917B356C9E108E3489CB9DCB9E54F9E.d.3DB510EC494BCC2F6742B950BE605439.e.14277/click - {}
RESULT: {}
COMMAND: POST /session/fcfdec3f19b04732468f3b81cff77eec/execute/async - {"script":"<script> [1562 bytes]","args":[{"selector":{"id":"application-manageresources-display-component---newResourceUnit--PLANNING_GROUP","interaction":{"idSuffix":"inner"}},"wdio_ui5_key":"applicationmanageresources-display-component---newResourceUnit--PLANNING_GROUP"}]}
COMMAND: GET /session/fcfdec3f19b04732468f3b81cff77eec/screenshot - {}
RESULT: {"script":"<script> [1562 bytes]","args":[{"selector":{"id":"application-manageresources-display-component---newResourceUnit--PLANNING_GROUP","interaction":{"idSuffix":"inner"}},"wdio_ui5_key":"applicationmanageresources-display-component---newResourceUnit--PLANNING_GROUP"}]}
RESULT: undefined
COMMAND: POST /session/fcfdec3f19b04732468f3b81cff77eec/execute/async - {"script":"<script> [776 bytes]","args":[{"enterText":"Material","selector":{"id":"application-manageresources-display-component---newResourceUnit--PLANNING_GROUP","interaction":{"idSuffix":"inner"}},"clearTextFirst":true,"interactionType":"ENTER_TEXT"}]}
RESULT: {}
RESULT: {"script":"<script> [776 bytes]","args":[{"enterText":"Material","selector":{"id":"application-manageresources-display-component---newResourceUnit--PLANNING_GROUP","interaction":{"idSuffix":"inner"}},"clearTextFirst":true,"interactionType":"ENTER_TEXT"}]}
COMMAND: POST /session/fcfdec3f19b04732468f3b81cff77eec/execute/async - {"script":"<script> [1562 bytes]","args":[{"selector":{"id":"application-manageresources-display-component---newResourceUnit--PLANNING_INDICATOR","interaction":{"idSuffix":"inner"}},"wdio_ui5_key":"applicationmanageresources-display-component---newResourceUnit--PLANNING_INDICATOR"}]}
RESULT: {"script":"<script> [1562 bytes]","args":[{"selector":{"id":"application-manageresources-display-component---newResourceUnit--PLANNING_INDICATOR","interaction":{"idSuffix":"inner"}},"wdio_ui5_key":"applicationmanageresources-display-component---newResourceUnit--PLANNING_INDICATOR"}]}
RESULT: undefined
COMMAND: POST /session/fcfdec3f19b04732468f3b81cff77eec/execute/async - {"script":"<script> [776 bytes]","args":[{"enterText":"10 - infinite","selector":{"id":"application-manageresources-display-component---newResourceUnit--PLANNING_INDICATOR","interaction":{"idSuffix":"inner"}},"clearTextFirst":true,"interactionType":"ENTER_TEXT"}]}
RESULT: {"script":"<script> [776 bytes]","args":[{"enterText":"10 - infinite","selector":{"id":"application-manageresources-display-component---newResourceUnit--PLANNING_INDICATOR","interaction":{"idSuffix":"inner"}},"clearTextFirst":true,"interactionType":"ENTER_TEXT"}]}
COMMAND: POST /session/fcfdec3f19b04732468f3b81cff77eec/element - {"using":"css selector","value":"#application-manageresources-display-component---newResourceUnit--btnAddTimeSegment"}
RESULT: {"using":"css selector","value":"#application-manageresources-display-component---newResourceUnit--btnAddTimeSegment"}
COMMAND: GET /session/fcfdec3f19b04732468f3b81cff77eec/element/f.4917B356C9E108E3489CB9DCB9E54F9E.d.3DB510EC494BCC2F6742B950BE605439.e.14287/rect - {}
RESULT: {}
COMMAND: GET /session/fcfdec3f19b04732468f3b81cff77eec/window/rect - {}
RESULT: {}
COMMAND: POST /session/fcfdec3f19b04732468f3b81cff77eec/execute/sync - {"script":"<script> [92 bytes]","args":[]}
RESULT: {"script":"<script> [92 bytes]","args":[]}
COMMAND: POST /session/fcfdec3f19b04732468f3b81cff77eec/actions - {"actions":[{"id":"action45","type":"wheel","parameters":{},"actions":[{"type":"scroll","x":-1888,"y":-32,"deltaX":0,"deltaY":0,"duration":0,"origin":{"element-6066-11e4-a52e-4f735466cecf":"f.4917B356C9E108E3489CB9DCB9E54F9E.d.3DB510EC494BCC2F6742B950BE605439.e.14287"}}]}]}
COMMAND: GET /session/fcfdec3f19b04732468f3b81cff77eec/screenshot - {}
RESULT: {}
COMMAND: POST /session/fcfdec3f19b04732468f3b81cff77eec/execute/sync - {"script":"<script> [79 bytes]","args":[{"element-6066-11e4-a52e-4f735466cecf":"f.4917B356C9E108E3489CB9DCB9E54F9E.d.3DB510EC494BCC2F6742B950BE605439.e.14287","ELEMENT":"f.4917B356C9E108E3489CB9DCB9E54F9E.d.3DB510EC494BCC2F6742B950BE605439.e.14287"},{"block":"start","inline":"nearest"}]}
RESULT: {"script":"<script> [79 bytes]","args":[{"element-6066-11e4-a52e-4f735466cecf":"f.4917B356C9E108E3489CB9DCB9E54F9E.d.3DB510EC494BCC2F6742B950BE605439.e.14287","ELEMENT":"f.4917B356C9E108E3489CB9DCB9E54F9E.d.3DB510EC494BCC2F6742B950BE605439.e.14287"},{"block":"start","inline":"nearest"}]}
COMMAND: POST /session/fcfdec3f19b04732468f3b81cff77eec/execute/async - {"script":"<script> [1562 bytes]","args":[{"selector":{"id":"application-manageresources-display-component---newResourceUnit--btnAddTimeSegment","interaction":{"idSuffix":"inner"}},"wdio_ui5_key":"applicationmanageresources-display-component---newResourceUnit--btnAddTimeSegment"}]}
COMMAND: GET /session/fcfdec3f19b04732468f3b81cff77eec/screenshot - {}
RESULT: {"script":"<script> [1562 bytes]","args":[{"selector":{"id":"application-manageresources-display-component---newResourceUnit--btnAddTimeSegment","interaction":{"idSuffix":"inner"}},"wdio_ui5_key":"applicationmanageresources-display-component---newResourceUnit--btnAddTimeSegment"}]}
RESULT: undefined
COMMAND: POST /session/fcfdec3f19b04732468f3b81cff77eec/element - {"using":"xpath","value":"//*[@id=\"application-manageresources-display-component---newResourceUnit--btnAddTimeSegment\"]"}
RESULT: {}
RESULT: {"using":"xpath","value":"//*[@id=\"application-manageresources-display-component---newResourceUnit--btnAddTimeSegment\"]"}
COMMAND: POST /session/fcfdec3f19b04732468f3b81cff77eec/element/f.4917B356C9E108E3489CB9DCB9E54F9E.d.3DB510EC494BCC2F6742B950BE605439.e.14287/click - {}
RESULT: {}
COMMAND: GET /session/fcfdec3f19b04732468f3b81cff77eec/screenshot - {}
RESULT: {}
COMMAND: POST /session/fcfdec3f19b04732468f3b81cff77eec/element - {"using":"xpath","value":"//input[@id=\"application-manageresources-display-component---newResourceUnit--idRuTSAdmin-application-manageresources-display-component---newResourceUnit--RUTimeSegment-0-inner\"]"}
RESULT: {"using":"xpath","value":"//input[@id=\"application-manageresources-display-component---newResourceUnit--idRuTSAdmin-application-manageresources-display-component---newResourceUnit--RUTimeSegment-0-inner\"]"}
COMMAND: POST /session/fcfdec3f19b04732468f3b81cff77eec/element/f.4917B356C9E108E3489CB9DCB9E54F9E.d.3DB510EC494BCC2F6742B950BE605439.e.14292/clear - {}
RESULT: {}
COMMAND: POST /session/fcfdec3f19b04732468f3b81cff77eec/element/f.4917B356C9E108E3489CB9DCB9E54F9E.d.3DB510EC494BCC2F6742B950BE605439.e.14292/value - {"text":"252"}
COMMAND: GET /session/fcfdec3f19b04732468f3b81cff77eec/screenshot - {}
RESULT: {"text":"252"}
COMMAND: GET /session/fcfdec3f19b04732468f3b81cff77eec/screenshot - {}
RESULT: {}
RESULT: {}
COMMAND: POST /session/fcfdec3f19b04732468f3b81cff77eec/element - {"using":"xpath","value":"//li[.//span[text()='252']]"}
RESULT: {"using":"xpath","value":"//li[.//span[text()='252']]"}
COMMAND: POST /session/fcfdec3f19b04732468f3b81cff77eec/element/f.4917B356C9E108E3489CB9DCB9E54F9E.d.3DB510EC494BCC2F6742B950BE605439.e.14301/click - {}
RESULT: {}
COMMAND: GET /session/fcfdec3f19b04732468f3b81cff77eec/screenshot - {}
RESULT: {}
COMMAND: POST /session/fcfdec3f19b04732468f3b81cff77eec/element - {"using":"xpath","value":"(//span[contains(@id, \"-application-manageresources-display-component---newResourceUnit--RUTimeSegment-0-arrow\")])[2]"}
RESULT: {"using":"xpath","value":"(//span[contains(@id, \"-application-manageresources-display-component---newResourceUnit--RUTimeSegment-0-arrow\")])[2]"}
COMMAND: POST /session/fcfdec3f19b04732468f3b81cff77eec/element/f.4917B356C9E108E3489CB9DCB9E54F9E.d.3DB510EC494BCC2F6742B950BE605439.e.14302/click - {}
RESULT: {}
COMMAND: POST /session/fcfdec3f19b04732468f3b81cff77eec/element - {"using":"xpath","value":"//span[contains(text(), \"PM Order\")]"}
COMMAND: GET /session/fcfdec3f19b04732468f3b81cff77eec/screenshot - {}
RESULT: {"using":"xpath","value":"//span[contains(text(), \"PM Order\")]"}
COMMAND: POST /session/fcfdec3f19b04732468f3b81cff77eec/element/f.4917B356C9E108E3489CB9DCB9E54F9E.d.3DB510EC494BCC2F6742B950BE605439.e.14303/click - {}
RESULT: {}
RESULT: {}
COMMAND: GET /session/fcfdec3f19b04732468f3b81cff77eec/screenshot - {}
RESULT: {}
COMMAND: POST /session/fcfdec3f19b04732468f3b81cff77eec/element - {"using":"xpath","value":"//td/div/div/div/span[contains(@id, \"newResourceUnit--RUTimeSegment-0-vhi\")][1]"}
RESULT: {"using":"xpath","value":"//td/div/div/div/span[contains(@id, \"newResourceUnit--RUTimeSegment-0-vhi\")][1]"}
COMMAND: GET /session/fcfdec3f19b04732468f3b81cff77eec/element/f.4917B356C9E108E3489CB9DCB9E54F9E.d.3DB510EC494BCC2F6742B950BE605439.e.14307/rect - {}
RESULT: {}
COMMAND: GET /session/fcfdec3f19b04732468f3b81cff77eec/window/rect - {}
RESULT: {}
COMMAND: POST /session/fcfdec3f19b04732468f3b81cff77eec/execute/sync - {"script":"<script> [92 bytes]","args":[]}
RESULT: {"script":"<script> [92 bytes]","args":[]}
COMMAND: POST /session/fcfdec3f19b04732468f3b81cff77eec/actions - {"actions":[{"id":"action46","type":"wheel","parameters":{},"actions":[{"type":"scroll","x":-1888,"y":-24,"deltaX":0,"deltaY":0,"duration":0,"origin":{"element-6066-11e4-a52e-4f735466cecf":"f.4917B356C9E108E3489CB9DCB9E54F9E.d.3DB510EC494BCC2F6742B950BE605439.e.14307"}}]}]}
COMMAND: GET /session/fcfdec3f19b04732468f3b81cff77eec/screenshot - {}
RESULT: {}
COMMAND: POST /session/fcfdec3f19b04732468f3b81cff77eec/execute/sync - {"script":"<script> [79 bytes]","args":[{"element-6066-11e4-a52e-4f735466cecf":"f.4917B356C9E108E3489CB9DCB9E54F9E.d.3DB510EC494BCC2F6742B950BE605439.e.14307","ELEMENT":"f.4917B356C9E108E3489CB9DCB9E54F9E.d.3DB510EC494BCC2F6742B950BE605439.e.14307"},{"block":"start","inline":"nearest"}]}
RESULT: {"script":"<script> [79 bytes]","args":[{"element-6066-11e4-a52e-4f735466cecf":"f.4917B356C9E108E3489CB9DCB9E54F9E.d.3DB510EC494BCC2F6742B950BE605439.e.14307","ELEMENT":"f.4917B356C9E108E3489CB9DCB9E54F9E.d.3DB510EC494BCC2F6742B950BE605439.e.14307"},{"block":"start","inline":"nearest"}]}
COMMAND: GET /session/fcfdec3f19b04732468f3b81cff77eec/screenshot - {}
RESULT: {}
COMMAND: POST /session/fcfdec3f19b04732468f3b81cff77eec/element/f.4917B356C9E108E3489CB9DCB9E54F9E.d.3DB510EC494BCC2F6742B950BE605439.e.14307/click - {}
RESULT: {}
COMMAND: GET /session/fcfdec3f19b04732468f3b81cff77eec/screenshot - {}
RESULT: {}
RESULT: undefined
COMMAND: POST /session/fcfdec3f19b04732468f3b81cff77eec/execute/async - {"script":"<script> [776 bytes]","args":[{"enterText":"4000360","selector":{"controlType":"sap.m.SearchField","properties":{"placeholder":"Search"},"searchOpenDialogs":true,"interaction":{"idSuffix":"I"}},"clearTextFirst":true,"interactionType":"ENTER_TEXT"}]}
RESULT: {"script":"<script> [776 bytes]","args":[{"enterText":"4000360","selector":{"controlType":"sap.m.SearchField","properties":{"placeholder":"Search"},"searchOpenDialogs":true,"interaction":{"idSuffix":"I"}},"clearTextFirst":true,"interactionType":"ENTER_TEXT"}]}
COMMAND: POST /session/fcfdec3f19b04732468f3b81cff77eec/actions - {"actions":[{"id":"action47","type":"key","parameters":{},"actions":[{"type":"keyDown","value":""},{"type":"pause","duration":10},{"type":"keyUp","value":""}]}]}
RESULT: {"actions":[{"id":"action47","type":"key","parameters":{},"actions":[{"type":"keyDown","value":""},{"type":"pause","duration":10},{"type":"keyUp","value":""}]}]}
COMMAND: GET /session/fcfdec3f19b04732468f3b81cff77eec/screenshot - {}
RESULT: {}
COMMAND: POST /session/fcfdec3f19b04732468f3b81cff77eec/element - {"using":"xpath","value":"//td/div/span[contains(text(), \"BGL Vehicles\")]"}
RESULT: {"using":"xpath","value":"//td/div/span[contains(text(), \"BGL Vehicles\")]"}
COMMAND: POST /session/fcfdec3f19b04732468f3b81cff77eec/element/f.4917B356C9E108E3489CB9DCB9E54F9E.d.3DB510EC494BCC2F6742B950BE605439.e.14327/click - {}
RESULT: {}
COMMAND: GET /session/fcfdec3f19b04732468f3b81cff77eec/screenshot - {}
RESULT: {}
COMMAND: POST /session/fcfdec3f19b04732468f3b81cff77eec/element - {"using":"xpath","value":"//bdi[contains(text(), \"OK\")]"}
RESULT: {"using":"xpath","value":"//bdi[contains(text(), \"OK\")]"}
COMMAND: POST /session/fcfdec3f19b04732468f3b81cff77eec/element/f.4917B356C9E108E3489CB9DCB9E54F9E.d.3DB510EC494BCC2F6742B950BE605439.e.14328/click - {}
RESULT: {}
COMMAND: GET /session/fcfdec3f19b04732468f3b81cff77eec/screenshot - {}
RESULT: {}
COMMAND: POST /session/fcfdec3f19b04732468f3b81cff77eec/element - {"using":"xpath","value":"//label[contains(@class, 'sapMLabelRequired') and .//bdi[contains(text(), 'Planned Retirement')]]"}
RESULT: {"using":"xpath","value":"//label[contains(@class, 'sapMLabelRequired') and .//bdi[contains(text(), 'Planned Retirement')]]"}
COMMAND: POST /session/fcfdec3f19b04732468f3b81cff77eec/elements - {"using":"xpath","value":"//label[contains(@class, 'sapMLabelRequired') and .//bdi[contains(text(), 'Planned Retirement')]]"}
RESULT: {"using":"xpath","value":"//label[contains(@class, 'sapMLabelRequired') and .//bdi[contains(text(), 'Planned Retirement')]]"}
COMMAND: POST /session/fcfdec3f19b04732468f3b81cff77eec/element - {"using":"xpath","value":"//button[@data-kt=\"resourceUnitSaveButton\"]"}
RESULT: {"using":"xpath","value":"//button[@data-kt=\"resourceUnitSaveButton\"]"}
COMMAND: POST /session/fcfdec3f19b04732468f3b81cff77eec/element/f.4917B356C9E108E3489CB9DCB9E54F9E.d.3DB510EC494BCC2F6742B950BE605439.e.14164/click - {}
RESULT: {}
COMMAND: GET /session/fcfdec3f19b04732468f3b81cff77eec/screenshot - {}
RESULT: {}
COMMAND: POST /session/fcfdec3f19b04732468f3b81cff77eec/element - {"using":"xpath","value":"//bdi[contains(text(), \"Close\")]"}
RESULT: {"using":"xpath","value":"//bdi[contains(text(), \"Close\")]"}
COMMAND: POST /session/fcfdec3f19b04732468f3b81cff77eec/element/f.4917B356C9E108E3489CB9DCB9E54F9E.d.3DB510EC494BCC2F6742B950BE605439.e.14335/click - {}
RESULT: {}
COMMAND: GET /session/fcfdec3f19b04732468f3b81cff77eec/screenshot - {}
RESULT: {}
COMMAND: POST /session/fcfdec3f19b04732468f3b81cff77eec/element - {"using":"xpath","value":"//header[contains(@id, 'detailRruPage-headerTitle')]/div[1]/div[2]/div[2]/span[1]"}
RESULT: {"using":"xpath","value":"//header[contains(@id, 'detailRruPage-headerTitle')]/div[1]/div[2]/div[2]/span[1]"}
COMMAND: POST /session/fcfdec3f19b04732468f3b81cff77eec/elements - {"using":"xpath","value":"//header[contains(@id, 'detailRruPage-headerTitle')]/div[1]/div[2]/div[2]/span[1]"}
RESULT: {"using":"xpath","value":"//header[contains(@id, 'detailRruPage-headerTitle')]/div[1]/div[2]/div[2]/span[1]"}
COMMAND: POST /session/fcfdec3f19b04732468f3b81cff77eec/execute/sync - {"script":"<script> [56 bytes]","args":[{"element-6066-11e4-a52e-4f735466cecf":"f.4917B356C9E108E3489CB9DCB9E54F9E.d.3DB510EC494BCC2F6742B950BE605439.e.14367","ELEMENT":"f.4917B356C9E108E3489CB9DCB9E54F9E.d.3DB510EC494BCC2F6742B950BE605439.e.14367"}]}
RESULT: {"script":"<script> [56 bytes]","args":[{"element-6066-11e4-a52e-4f735466cecf":"f.4917B356C9E108E3489CB9DCB9E54F9E.d.3DB510EC494BCC2F6742B950BE605439.e.14367","ELEMENT":"f.4917B356C9E108E3489CB9DCB9E54F9E.d.3DB510EC494BCC2F6742B950BE605439.e.14367"}]}
COMMAND: POST /session/fcfdec3f19b04732468f3b81cff77eec/element - {"using":"css selector","value":"#shell-header-logo"}
COMMAND: GET /session/fcfdec3f19b04732468f3b81cff77eec/screenshot - {}
RESULT: {"using":"css selector","value":"#shell-header-logo"}
COMMAND: POST /session/fcfdec3f19b04732468f3b81cff77eec/element/f.4917B356C9E108E3489CB9DCB9E54F9E.d.3DB510EC494BCC2F6742B950BE605439.e.13762/click - {}
RESULT: {}
RESULT: {}
COMMAND: GET /session/fcfdec3f19b04732468f3b81cff77eec/screenshot - {}
RESULT: {}
]]></system-out>
    </testcase>
  </testsuite>
  <testsuite timestamp="2025-05-24T17:05:48" time="354.29" tests="6" failures="1" errors="1" skipped="0">
    <properties>
      <property name="specId" value="0"/>
      <property name="suiteName" value="Provide to Site w/o warehouse management w clarification"/>
      <property name="capabilities" value="chrome.136_0_7103_93.windows"/>
      <property name="file" value="file:///D:/a/1/s/test/specs/HTR/provide-to-site-wo-warehouse-w-clarification.spec.js"/>
    </properties>
    <testcase classname="chrome.136_0_7103_93.windows.Provide_to_Site_w/o_warehouse_management_w_clarification" name="Should do a stock increase handover" time="99.38">
      <system-out><![CDATA[
COMMAND: POST /session/fcfdec3f19b04732468f3b81cff77eec/execute/async - {"script":"<script> [1562 bytes]","args":[{"selector":{"controlType":"sap.m.GenericTile","properties":{"header":"Manage Handovers"}},"wdio_ui5_key":"sapm.GenericTile{\"header\":\"Manage Handovers\"}"}]}
RESULT: {"script":"<script> [1562 bytes]","args":[{"selector":{"controlType":"sap.m.GenericTile","properties":{"header":"Manage Handovers"}},"wdio_ui5_key":"sapm.GenericTile{\"header\":\"Manage Handovers\"}"}]}
RESULT: undefined
COMMAND: POST /session/fcfdec3f19b04732468f3b81cff77eec/element - {"using":"xpath","value":"//*[@id=\"__tile133\"]"}
RESULT: {"using":"xpath","value":"//*[@id=\"__tile133\"]"}
COMMAND: POST /session/fcfdec3f19b04732468f3b81cff77eec/element/f.4917B356C9E108E3489CB9DCB9E54F9E.d.3DB510EC494BCC2F6742B950BE605439.e.11554/click - {}
RESULT: {}
COMMAND: GET /session/fcfdec3f19b04732468f3b81cff77eec/screenshot - {}
RESULT: {}
COMMAND: POST /session/fcfdec3f19b04732468f3b81cff77eec/elements - {"using":"xpath","value":"//span[text()='Error']"}
RESULT: {"using":"xpath","value":"//span[text()='Error']"}
COMMAND: POST /session/fcfdec3f19b04732468f3b81cff77eec/element - {"using":"xpath","value":"//button[@data-kt=\"masterHOAddButton\"]"}
RESULT: {"using":"xpath","value":"//button[@data-kt=\"masterHOAddButton\"]"}
COMMAND: POST /session/fcfdec3f19b04732468f3b81cff77eec/elements - {"using":"xpath","value":"//button[@data-kt=\"masterHOAddButton\"]"}
RESULT: {"using":"xpath","value":"//button[@data-kt=\"masterHOAddButton\"]"}
COMMAND: POST /session/fcfdec3f19b04732468f3b81cff77eec/elements - {"using":"xpath","value":"//button[@data-kt=\"masterHOAddButton\"]"}
RESULT: {"using":"xpath","value":"//button[@data-kt=\"masterHOAddButton\"]"}
COMMAND: POST /session/fcfdec3f19b04732468f3b81cff77eec/element - {"using":"xpath","value":"//button[@data-kt=\"masterHOAddButton\"]"}
RESULT: {"using":"xpath","value":"//button[@data-kt=\"masterHOAddButton\"]"}
COMMAND: POST /session/fcfdec3f19b04732468f3b81cff77eec/execute/sync - {"script":"<script> [8489 bytes]","args":[{"element-6066-11e4-a52e-4f735466cecf":"f.4917B356C9E108E3489CB9DCB9E54F9E.d.3DB510EC494BCC2F6742B950BE605439.e.14400","ELEMENT":"f.4917B356C9E108E3489CB9DCB9E54F9E.d.3DB510EC494BCC2F6742B950BE605439.e.14400"}]}
RESULT: {"script":"<script> [8489 bytes]","args":[{"element-6066-11e4-a52e-4f735466cecf":"f.4917B356C9E108E3489CB9DCB9E54F9E.d.3DB510EC494BCC2F6742B950BE605439.e.14400","ELEMENT":"f.4917B356C9E108E3489CB9DCB9E54F9E.d.3DB510EC494BCC2F6742B950BE605439.e.14400"}]}
COMMAND: GET /session/fcfdec3f19b04732468f3b81cff77eec/element/f.4917B356C9E108E3489CB9DCB9E54F9E.d.3DB510EC494BCC2F6742B950BE605439.e.14400/enabled - {}
COMMAND: GET /session/fcfdec3f19b04732468f3b81cff77eec/screenshot - {}
RESULT: {}
COMMAND: POST /session/fcfdec3f19b04732468f3b81cff77eec/execute/sync - {"script":"<script> [8489 bytes]","args":[{"element-6066-11e4-a52e-4f735466cecf":"f.4917B356C9E108E3489CB9DCB9E54F9E.d.3DB510EC494BCC2F6742B950BE605439.e.14400","ELEMENT":"f.4917B356C9E108E3489CB9DCB9E54F9E.d.3DB510EC494BCC2F6742B950BE605439.e.14400"}]}
COMMAND: GET /session/fcfdec3f19b04732468f3b81cff77eec/screenshot - {}
RESULT: {}
RESULT: {"script":"<script> [8489 bytes]","args":[{"element-6066-11e4-a52e-4f735466cecf":"f.4917B356C9E108E3489CB9DCB9E54F9E.d.3DB510EC494BCC2F6742B950BE605439.e.14400","ELEMENT":"f.4917B356C9E108E3489CB9DCB9E54F9E.d.3DB510EC494BCC2F6742B950BE605439.e.14400"}]}
COMMAND: POST /session/fcfdec3f19b04732468f3b81cff77eec/execute/sync - {"script":"<script> [5351 bytes]","args":[{"element-6066-11e4-a52e-4f735466cecf":"f.4917B356C9E108E3489CB9DCB9E54F9E.d.3DB510EC494BCC2F6742B950BE605439.e.14400","ELEMENT":"f.4917B356C9E108E3489CB9DCB9E54F9E.d.3DB510EC494BCC2F6742B950BE605439.e.14400"}]}
COMMAND: GET /session/fcfdec3f19b04732468f3b81cff77eec/screenshot - {}
RESULT: {}
RESULT: {"script":"<script> [5351 bytes]","args":[{"element-6066-11e4-a52e-4f735466cecf":"f.4917B356C9E108E3489CB9DCB9E54F9E.d.3DB510EC494BCC2F6742B950BE605439.e.14400","ELEMENT":"f.4917B356C9E108E3489CB9DCB9E54F9E.d.3DB510EC494BCC2F6742B950BE605439.e.14400"}]}
COMMAND: POST /session/fcfdec3f19b04732468f3b81cff77eec/element/f.4917B356C9E108E3489CB9DCB9E54F9E.d.3DB510EC494BCC2F6742B950BE605439.e.14400/click - {}
COMMAND: GET /session/fcfdec3f19b04732468f3b81cff77eec/screenshot - {}
RESULT: {}
RESULT: {}
COMMAND: GET /session/fcfdec3f19b04732468f3b81cff77eec/screenshot - {}
RESULT: {}
RESULT: {}
COMMAND: POST /session/fcfdec3f19b04732468f3b81cff77eec/element - {"using":"xpath","value":"//span[contains(@id ,\"AddNewHO--typeSelect-arrow\")]"}
RESULT: {"using":"xpath","value":"//span[contains(@id ,\"AddNewHO--typeSelect-arrow\")]"}
COMMAND: POST /session/fcfdec3f19b04732468f3b81cff77eec/element/f.4917B356C9E108E3489CB9DCB9E54F9E.d.3DB510EC494BCC2F6742B950BE605439.e.14763/click - {}
RESULT: {}
COMMAND: GET /session/fcfdec3f19b04732468f3b81cff77eec/screenshot - {}
RESULT: {}
COMMAND: POST /session/fcfdec3f19b04732468f3b81cff77eec/element - {"using":"xpath","value":"(//li[contains(text(), \"stock increase yard\")])[1]"}
RESULT: {"using":"xpath","value":"(//li[contains(text(), \"stock increase yard\")])[1]"}
COMMAND: POST /session/fcfdec3f19b04732468f3b81cff77eec/element/f.4917B356C9E108E3489CB9DCB9E54F9E.d.3DB510EC494BCC2F6742B950BE605439.e.14764/click - {}
RESULT: {}
COMMAND: GET /session/fcfdec3f19b04732468f3b81cff77eec/screenshot - {}
RESULT: {}
COMMAND: POST /session/fcfdec3f19b04732468f3b81cff77eec/execute/async - {"script":"<script> [1562 bytes]","args":[{"selector":{"id":"application-managehandovers-display-component---AddNewHO--dueDate","interaction":{"idSuffix":"inner"}},"wdio_ui5_key":"applicationmanagehandovers-display-component---AddNewHO--dueDate"}]}
RESULT: {"script":"<script> [1562 bytes]","args":[{"selector":{"id":"application-managehandovers-display-component---AddNewHO--dueDate","interaction":{"idSuffix":"inner"}},"wdio_ui5_key":"applicationmanagehandovers-display-component---AddNewHO--dueDate"}]}
RESULT: undefined
COMMAND: POST /session/fcfdec3f19b04732468f3b81cff77eec/execute/async - {"script":"<script> [6424 bytes]","args":[{"element-6066-11e4-a52e-4f735466cecf":"f.4917B356C9E108E3489CB9DCB9E54F9E.d.3DB510EC494BCC2F6742B950BE605439.e.14766"},"setValue",["5/24/25"]]}
RESULT: {"script":"<script> [6424 bytes]","args":[{"element-6066-11e4-a52e-4f735466cecf":"f.4917B356C9E108E3489CB9DCB9E54F9E.d.3DB510EC494BCC2F6742B950BE605439.e.14766"},"setValue",["5/24/25"]]}
COMMAND: POST /session/fcfdec3f19b04732468f3b81cff77eec/element - {"using":"xpath","value":"//input[@id=\"generalSectionFrg--receiveYard-inner\"]"}
RESULT: {"using":"xpath","value":"//input[@id=\"generalSectionFrg--receiveYard-inner\"]"}
COMMAND: POST /session/fcfdec3f19b04732468f3b81cff77eec/element/f.4917B356C9E108E3489CB9DCB9E54F9E.d.3DB510EC494BCC2F6742B950BE605439.e.14772/clear - {}
RESULT: {}
COMMAND: POST /session/fcfdec3f19b04732468f3b81cff77eec/element/f.4917B356C9E108E3489CB9DCB9E54F9E.d.3DB510EC494BCC2F6742B950BE605439.e.14772/value - {"text":"252"}
COMMAND: GET /session/fcfdec3f19b04732468f3b81cff77eec/screenshot - {}
RESULT: {"text":"252"}
COMMAND: GET /session/fcfdec3f19b04732468f3b81cff77eec/screenshot - {}
RESULT: {}
RESULT: {}
COMMAND: POST /session/fcfdec3f19b04732468f3b81cff77eec/element - {"using":"xpath","value":"//li[.//span[text()='252']]"}
RESULT: {"using":"xpath","value":"//li[.//span[text()='252']]"}
COMMAND: POST /session/fcfdec3f19b04732468f3b81cff77eec/element/f.4917B356C9E108E3489CB9DCB9E54F9E.d.3DB510EC494BCC2F6742B950BE605439.e.14789/click - {}
RESULT: {}
COMMAND: GET /session/fcfdec3f19b04732468f3b81cff77eec/screenshot - {}
RESULT: {}
COMMAND: POST /session/fcfdec3f19b04732468f3b81cff77eec/execute/async - {"script":"<script> [1562 bytes]","args":[{"selector":{"id":"application-managehandovers-display-component---AddNewHO--ObjectPageLayout-anchBar-application-managehandovers-display-component---AddNewHO--section4-anchor","interaction":{"idSuffix":"BDI-content"}},"wdio_ui5_key":"applicationmanagehandovers-display-component---AddNewHO--ObjectPageLayout-anchBar-application-managehandovers-display-component---AddNewHO--section4-anchor"}]}
RESULT: {"script":"<script> [1562 bytes]","args":[{"selector":{"id":"application-managehandovers-display-component---AddNewHO--ObjectPageLayout-anchBar-application-managehandovers-display-component---AddNewHO--section4-anchor","interaction":{"idSuffix":"BDI-content"}},"wdio_ui5_key":"applicationmanagehandovers-display-component---AddNewHO--ObjectPageLayout-anchBar-application-managehandovers-display-component---AddNewHO--section4-anchor"}]}
RESULT: undefined
COMMAND: POST /session/fcfdec3f19b04732468f3b81cff77eec/element - {"using":"xpath","value":"//*[@id=\"application-managehandovers-display-component---AddNewHO--ObjectPageLayout-anchBar-application-managehandovers-display-component---AddNewHO--section4-anchor\"]"}
RESULT: {"using":"xpath","value":"//*[@id=\"application-managehandovers-display-component---AddNewHO--ObjectPageLayout-anchBar-application-managehandovers-display-component---AddNewHO--section4-anchor\"]"}
COMMAND: POST /session/fcfdec3f19b04732468f3b81cff77eec/element/f.4917B356C9E108E3489CB9DCB9E54F9E.d.3DB510EC494BCC2F6742B950BE605439.e.14791/click - {}
RESULT: {}
COMMAND: POST /session/fcfdec3f19b04732468f3b81cff77eec/element - {"using":"xpath","value":"//button[@aria-label=\"Add\"]"}
COMMAND: GET /session/fcfdec3f19b04732468f3b81cff77eec/screenshot - {}
RESULT: {"using":"xpath","value":"//button[@aria-label=\"Add\"]"}
COMMAND: POST /session/fcfdec3f19b04732468f3b81cff77eec/element/f.4917B356C9E108E3489CB9DCB9E54F9E.d.3DB510EC494BCC2F6742B950BE605439.e.14793/click - {}
RESULT: {}
RESULT: {}
COMMAND: GET /session/fcfdec3f19b04732468f3b81cff77eec/screenshot - {}
RESULT: {}
COMMAND: POST /session/fcfdec3f19b04732468f3b81cff77eec/execute/async - {"script":"<script> [1562 bytes]","args":[{"selector":{"id":"application-managehandovers-display-component---AddNewHO--smartFilterBar-btnBasicSearch","searchOpenDialogs":true,"interaction":{"idSuffix":"I"}},"wdio_ui5_key":"applicationmanagehandovers-display-component---AddNewHO--smartFilterBar-btnBasicSearch"}]}
RESULT: {"script":"<script> [1562 bytes]","args":[{"selector":{"id":"application-managehandovers-display-component---AddNewHO--smartFilterBar-btnBasicSearch","searchOpenDialogs":true,"interaction":{"idSuffix":"I"}},"wdio_ui5_key":"applicationmanagehandovers-display-component---AddNewHO--smartFilterBar-btnBasicSearch"}]}
RESULT: undefined
COMMAND: POST /session/fcfdec3f19b04732468f3b81cff77eec/execute/async - {"script":"<script> [776 bytes]","args":[{"enterText":"200114","selector":{"id":"application-managehandovers-display-component---AddNewHO--smartFilterBar-btnBasicSearch","searchOpenDialogs":true,"interaction":{"idSuffix":"I"}},"clearTextFirst":true,"interactionType":"ENTER_TEXT"}]}
RESULT: {"script":"<script> [776 bytes]","args":[{"enterText":"200114","selector":{"id":"application-managehandovers-display-component---AddNewHO--smartFilterBar-btnBasicSearch","searchOpenDialogs":true,"interaction":{"idSuffix":"I"}},"clearTextFirst":true,"interactionType":"ENTER_TEXT"}]}
COMMAND: POST /session/fcfdec3f19b04732468f3b81cff77eec/actions - {"actions":[{"id":"action48","type":"key","parameters":{},"actions":[{"type":"keyDown","value":""},{"type":"pause","duration":10},{"type":"keyUp","value":""}]}]}
RESULT: {"actions":[{"id":"action48","type":"key","parameters":{},"actions":[{"type":"keyDown","value":""},{"type":"pause","duration":10},{"type":"keyUp","value":""}]}]}
COMMAND: GET /session/fcfdec3f19b04732468f3b81cff77eec/screenshot - {}
RESULT: {}
COMMAND: POST /session/fcfdec3f19b04732468f3b81cff77eec/execute/async - {"script":"<script> [1562 bytes]","args":[{"selector":{"id":"application-managehandovers-display-component---AddNewHO--popup-sa","searchOpenDialogs":true,"interaction":{"idSuffix":"CbBg"}},"wdio_ui5_key":"applicationmanagehandovers-display-component---AddNewHO--popup-sa"}]}
RESULT: {"script":"<script> [1562 bytes]","args":[{"selector":{"id":"application-managehandovers-display-component---AddNewHO--popup-sa","searchOpenDialogs":true,"interaction":{"idSuffix":"CbBg"}},"wdio_ui5_key":"applicationmanagehandovers-display-component---AddNewHO--popup-sa"}]}
RESULT: undefined
COMMAND: POST /session/fcfdec3f19b04732468f3b81cff77eec/element - {"using":"xpath","value":"//*[@id=\"application-managehandovers-display-component---AddNewHO--popup-sa\"]"}
RESULT: {"using":"xpath","value":"//*[@id=\"application-managehandovers-display-component---AddNewHO--popup-sa\"]"}
COMMAND: POST /session/fcfdec3f19b04732468f3b81cff77eec/element/f.4917B356C9E108E3489CB9DCB9E54F9E.d.3DB510EC494BCC2F6742B950BE605439.e.14947/click - {}
RESULT: {}
COMMAND: GET /session/fcfdec3f19b04732468f3b81cff77eec/screenshot - {}
RESULT: {}
COMMAND: POST /session/fcfdec3f19b04732468f3b81cff77eec/element - {"using":"xpath","value":"//bdi[contains(text(), \"Select\")]"}
RESULT: {"using":"xpath","value":"//bdi[contains(text(), \"Select\")]"}
COMMAND: POST /session/fcfdec3f19b04732468f3b81cff77eec/element/f.4917B356C9E108E3489CB9DCB9E54F9E.d.3DB510EC494BCC2F6742B950BE605439.e.14948/click - {}
RESULT: {}
COMMAND: GET /session/fcfdec3f19b04732468f3b81cff77eec/screenshot - {}
RESULT: {}
COMMAND: POST /session/fcfdec3f19b04732468f3b81cff77eec/element - {"using":"xpath","value":"//button[@data-kt=\"AddNewHOSaveButton\"]"}
RESULT: {"using":"xpath","value":"//button[@data-kt=\"AddNewHOSaveButton\"]"}
COMMAND: POST /session/fcfdec3f19b04732468f3b81cff77eec/element/f.4917B356C9E108E3489CB9DCB9E54F9E.d.3DB510EC494BCC2F6742B950BE605439.e.14952/click - {}
RESULT: {}
COMMAND: GET /session/fcfdec3f19b04732468f3b81cff77eec/screenshot - {}
RESULT: {}
COMMAND: POST /session/fcfdec3f19b04732468f3b81cff77eec/execute/async - {"script":"<script> [1562 bytes]","args":[{"selector":{"id":"receiptDatePicker","viewName":"etm.portal.ui.managehandovers.view.DetailExecuteHO","interaction":{"idSuffix":"inner"}},"wdio_ui5_key":"receiptDatePickeretmportal.ui.managehandovers.view.DetailExecuteHO"}]}
RESULT: {"script":"<script> [1562 bytes]","args":[{"selector":{"id":"receiptDatePicker","viewName":"etm.portal.ui.managehandovers.view.DetailExecuteHO","interaction":{"idSuffix":"inner"}},"wdio_ui5_key":"receiptDatePickeretmportal.ui.managehandovers.view.DetailExecuteHO"}]}
RESULT: undefined
COMMAND: POST /session/fcfdec3f19b04732468f3b81cff77eec/execute/async - {"script":"<script> [6424 bytes]","args":[{"element-6066-11e4-a52e-4f735466cecf":"f.4917B356C9E108E3489CB9DCB9E54F9E.d.3DB510EC494BCC2F6742B950BE605439.e.14981"},"setValue",["5/24/25"]]}
RESULT: {"script":"<script> [6424 bytes]","args":[{"element-6066-11e4-a52e-4f735466cecf":"f.4917B356C9E108E3489CB9DCB9E54F9E.d.3DB510EC494BCC2F6742B950BE605439.e.14981"},"setValue",["5/24/25"]]}
COMMAND: POST /session/fcfdec3f19b04732468f3b81cff77eec/element - {"using":"xpath","value":"//button[@data-kt=\"ReceivingTableConfirmAllButton\"]"}
RESULT: {"using":"xpath","value":"//button[@data-kt=\"ReceivingTableConfirmAllButton\"]"}
COMMAND: POST /session/fcfdec3f19b04732468f3b81cff77eec/element/f.4917B356C9E108E3489CB9DCB9E54F9E.d.3DB510EC494BCC2F6742B950BE605439.e.14995/click - {}
RESULT: {}
COMMAND: GET /session/fcfdec3f19b04732468f3b81cff77eec/screenshot - {}
RESULT: {}
COMMAND: POST /session/fcfdec3f19b04732468f3b81cff77eec/element - {"using":"xpath","value":"//bdi[contains(text(), \"OK\")]"}
RESULT: {"using":"xpath","value":"//bdi[contains(text(), \"OK\")]"}
COMMAND: POST /session/fcfdec3f19b04732468f3b81cff77eec/element/f.4917B356C9E108E3489CB9DCB9E54F9E.d.3DB510EC494BCC2F6742B950BE605439.e.14997/click - {}
RESULT: {}
COMMAND: GET /session/fcfdec3f19b04732468f3b81cff77eec/screenshot - {}
RESULT: {}
COMMAND: POST /session/fcfdec3f19b04732468f3b81cff77eec/element - {"using":"xpath","value":"(//bdi[contains(text(), \"Receive\")])[2]"}
RESULT: {"using":"xpath","value":"(//bdi[contains(text(), \"Receive\")])[2]"}
COMMAND: POST /session/fcfdec3f19b04732468f3b81cff77eec/element/f.4917B356C9E108E3489CB9DCB9E54F9E.d.3DB510EC494BCC2F6742B950BE605439.e.14999/click - {}
RESULT: {}
COMMAND: GET /session/fcfdec3f19b04732468f3b81cff77eec/screenshot - {}
RESULT: {}
COMMAND: POST /session/fcfdec3f19b04732468f3b81cff77eec/element - {"using":"css selector","value":"#shell-header-logo"}
RESULT: {"using":"css selector","value":"#shell-header-logo"}
COMMAND: POST /session/fcfdec3f19b04732468f3b81cff77eec/element/f.4917B356C9E108E3489CB9DCB9E54F9E.d.3DB510EC494BCC2F6742B950BE605439.e.14372/click - {}
RESULT: {}
COMMAND: GET /session/fcfdec3f19b04732468f3b81cff77eec/screenshot - {}
RESULT: {}
]]></system-out>
    </testcase>
    <testcase classname="chrome.136_0_7103_93.windows.Provide_to_Site_w/o_warehouse_management_w_clarification" name="Should create a new contract" time="71.367">
      <system-out><![CDATA[
COMMAND: POST /session/fcfdec3f19b04732468f3b81cff77eec/execute/async - {"script":"<script> [1562 bytes]","args":[{"selector":{"controlType":"sap.m.GenericTile","properties":{"header":"Manage Contracts"}},"wdio_ui5_key":"sapm.GenericTile{\"header\":\"Manage Contracts\"}"}]}
RESULT: {"script":"<script> [1562 bytes]","args":[{"selector":{"controlType":"sap.m.GenericTile","properties":{"header":"Manage Contracts"}},"wdio_ui5_key":"sapm.GenericTile{\"header\":\"Manage Contracts\"}"}]}
RESULT: undefined
COMMAND: POST /session/fcfdec3f19b04732468f3b81cff77eec/element - {"using":"xpath","value":"//*[@id=\"__tile131\"]"}
RESULT: {"using":"xpath","value":"//*[@id=\"__tile131\"]"}
COMMAND: POST /session/fcfdec3f19b04732468f3b81cff77eec/element/f.4917B356C9E108E3489CB9DCB9E54F9E.d.3DB510EC494BCC2F6742B950BE605439.e.11543/click - {}
RESULT: {}
COMMAND: GET /session/fcfdec3f19b04732468f3b81cff77eec/screenshot - {}
RESULT: {}
COMMAND: POST /session/fcfdec3f19b04732468f3b81cff77eec/elements - {"using":"xpath","value":"//span[text()='Error']"}
RESULT: {"using":"xpath","value":"//span[text()='Error']"}
COMMAND: POST /session/fcfdec3f19b04732468f3b81cff77eec/element - {"using":"xpath","value":"//button[@data-kt=\"addButton\"]"}
RESULT: {"using":"xpath","value":"//button[@data-kt=\"addButton\"]"}
COMMAND: POST /session/fcfdec3f19b04732468f3b81cff77eec/elements - {"using":"xpath","value":"//button[@data-kt=\"addButton\"]"}
RESULT: {"using":"xpath","value":"//button[@data-kt=\"addButton\"]"}
COMMAND: POST /session/fcfdec3f19b04732468f3b81cff77eec/execute/sync - {"script":"<script> [8489 bytes]","args":[{"element-6066-11e4-a52e-4f735466cecf":"f.4917B356C9E108E3489CB9DCB9E54F9E.d.3DB510EC494BCC2F6742B950BE605439.e.15373","ELEMENT":"f.4917B356C9E108E3489CB9DCB9E54F9E.d.3DB510EC494BCC2F6742B950BE605439.e.15373"}]}
RESULT: {"script":"<script> [8489 bytes]","args":[{"element-6066-11e4-a52e-4f735466cecf":"f.4917B356C9E108E3489CB9DCB9E54F9E.d.3DB510EC494BCC2F6742B950BE605439.e.15373","ELEMENT":"f.4917B356C9E108E3489CB9DCB9E54F9E.d.3DB510EC494BCC2F6742B950BE605439.e.15373"}]}
COMMAND: GET /session/fcfdec3f19b04732468f3b81cff77eec/element/f.4917B356C9E108E3489CB9DCB9E54F9E.d.3DB510EC494BCC2F6742B950BE605439.e.15373/enabled - {}
COMMAND: GET /session/fcfdec3f19b04732468f3b81cff77eec/screenshot - {}
RESULT: {}
COMMAND: POST /session/fcfdec3f19b04732468f3b81cff77eec/execute/sync - {"script":"<script> [8489 bytes]","args":[{"element-6066-11e4-a52e-4f735466cecf":"f.4917B356C9E108E3489CB9DCB9E54F9E.d.3DB510EC494BCC2F6742B950BE605439.e.15373","ELEMENT":"f.4917B356C9E108E3489CB9DCB9E54F9E.d.3DB510EC494BCC2F6742B950BE605439.e.15373"}]}
COMMAND: GET /session/fcfdec3f19b04732468f3b81cff77eec/screenshot - {}
RESULT: {}
RESULT: {"script":"<script> [8489 bytes]","args":[{"element-6066-11e4-a52e-4f735466cecf":"f.4917B356C9E108E3489CB9DCB9E54F9E.d.3DB510EC494BCC2F6742B950BE605439.e.15373","ELEMENT":"f.4917B356C9E108E3489CB9DCB9E54F9E.d.3DB510EC494BCC2F6742B950BE605439.e.15373"}]}
COMMAND: POST /session/fcfdec3f19b04732468f3b81cff77eec/execute/sync - {"script":"<script> [5351 bytes]","args":[{"element-6066-11e4-a52e-4f735466cecf":"f.4917B356C9E108E3489CB9DCB9E54F9E.d.3DB510EC494BCC2F6742B950BE605439.e.15373","ELEMENT":"f.4917B356C9E108E3489CB9DCB9E54F9E.d.3DB510EC494BCC2F6742B950BE605439.e.15373"}]}
COMMAND: GET /session/fcfdec3f19b04732468f3b81cff77eec/screenshot - {}
RESULT: {}
RESULT: {"script":"<script> [5351 bytes]","args":[{"element-6066-11e4-a52e-4f735466cecf":"f.4917B356C9E108E3489CB9DCB9E54F9E.d.3DB510EC494BCC2F6742B950BE605439.e.15373","ELEMENT":"f.4917B356C9E108E3489CB9DCB9E54F9E.d.3DB510EC494BCC2F6742B950BE605439.e.15373"}]}
COMMAND: GET /session/fcfdec3f19b04732468f3b81cff77eec/screenshot - {}
RESULT: {}
RESULT: {}
COMMAND: POST /session/fcfdec3f19b04732468f3b81cff77eec/element/f.4917B356C9E108E3489CB9DCB9E54F9E.d.3DB510EC494BCC2F6742B950BE605439.e.15373/click - {}
RESULT: {}
COMMAND: GET /session/fcfdec3f19b04732468f3b81cff77eec/screenshot - {}
RESULT: {}
COMMAND: POST /session/fcfdec3f19b04732468f3b81cff77eec/execute/async - {"script":"<script> [1562 bytes]","args":[{"selector":{"id":"application-managecontracts-display-component---AddNewContract--projectDescription","interaction":{"idSuffix":"inner"}},"wdio_ui5_key":"applicationmanagecontracts-display-component---AddNewContract--projectDescription"}]}
RESULT: {"script":"<script> [1562 bytes]","args":[{"selector":{"id":"application-managecontracts-display-component---AddNewContract--projectDescription","interaction":{"idSuffix":"inner"}},"wdio_ui5_key":"applicationmanagecontracts-display-component---AddNewContract--projectDescription"}]}
RESULT: undefined
COMMAND: POST /session/fcfdec3f19b04732468f3b81cff77eec/execute/async - {"script":"<script> [776 bytes]","args":[{"enterText":"Contract WDIO","selector":{"id":"application-managecontracts-display-component---AddNewContract--projectDescription","interaction":{"idSuffix":"inner"}},"clearTextFirst":true,"interactionType":"ENTER_TEXT"}]}
RESULT: {"script":"<script> [776 bytes]","args":[{"enterText":"Contract WDIO","selector":{"id":"application-managecontracts-display-component---AddNewContract--projectDescription","interaction":{"idSuffix":"inner"}},"clearTextFirst":true,"interactionType":"ENTER_TEXT"}]}
COMMAND: POST /session/fcfdec3f19b04732468f3b81cff77eec/element - {"using":"xpath","value":"//input[@id=\"application-managecontracts-display-component---AddNewContract--site-inner\"]"}
RESULT: {"using":"xpath","value":"//input[@id=\"application-managecontracts-display-component---AddNewContract--site-inner\"]"}
COMMAND: POST /session/fcfdec3f19b04732468f3b81cff77eec/element/f.4917B356C9E108E3489CB9DCB9E54F9E.d.3DB510EC494BCC2F6742B950BE605439.e.15692/clear - {}
RESULT: {}
COMMAND: POST /session/fcfdec3f19b04732468f3b81cff77eec/element/f.4917B356C9E108E3489CB9DCB9E54F9E.d.3DB510EC494BCC2F6742B950BE605439.e.15692/value - {"text":"2097"}
COMMAND: GET /session/fcfdec3f19b04732468f3b81cff77eec/screenshot - {}
RESULT: {"text":"2097"}
COMMAND: GET /session/fcfdec3f19b04732468f3b81cff77eec/screenshot - {}
RESULT: {}
RESULT: {}
COMMAND: POST /session/fcfdec3f19b04732468f3b81cff77eec/element - {"using":"xpath","value":"//li[.//span[text()='2097']]"}
RESULT: {"using":"xpath","value":"//li[.//span[text()='2097']]"}
COMMAND: POST /session/fcfdec3f19b04732468f3b81cff77eec/element/f.4917B356C9E108E3489CB9DCB9E54F9E.d.3DB510EC494BCC2F6742B950BE605439.e.15774/click - {}
RESULT: {}
COMMAND: GET /session/fcfdec3f19b04732468f3b81cff77eec/screenshot - {}
RESULT: {}
COMMAND: POST /session/fcfdec3f19b04732468f3b81cff77eec/element - {"using":"xpath","value":"//input[@id=\"application-managecontracts-display-component---AddNewContract--yardId-inner\"]"}
RESULT: {"using":"xpath","value":"//input[@id=\"application-managecontracts-display-component---AddNewContract--yardId-inner\"]"}
COMMAND: GET /session/fcfdec3f19b04732468f3b81cff77eec/element/f.4917B356C9E108E3489CB9DCB9E54F9E.d.3DB510EC494BCC2F6742B950BE605439.e.15693/property/value - {}
RESULT: {}
COMMAND: POST /session/fcfdec3f19b04732468f3b81cff77eec/element - {"using":"xpath","value":"//input[@id=\"application-managecontracts-display-component---AddNewContract--customerSelect-inner\"]"}
COMMAND: GET /session/fcfdec3f19b04732468f3b81cff77eec/screenshot - {}
RESULT: {"using":"xpath","value":"//input[@id=\"application-managecontracts-display-component---AddNewContract--customerSelect-inner\"]"}
COMMAND: POST /session/fcfdec3f19b04732468f3b81cff77eec/element/f.4917B356C9E108E3489CB9DCB9E54F9E.d.3DB510EC494BCC2F6742B950BE605439.e.15691/clear - {}
RESULT: {}
RESULT: {}
COMMAND: POST /session/fcfdec3f19b04732468f3b81cff77eec/element/f.4917B356C9E108E3489CB9DCB9E54F9E.d.3DB510EC494BCC2F6742B950BE605439.e.15691/value - {"text":"1100"}
COMMAND: GET /session/fcfdec3f19b04732468f3b81cff77eec/screenshot - {}
RESULT: {"text":"1100"}
COMMAND: GET /session/fcfdec3f19b04732468f3b81cff77eec/screenshot - {}
RESULT: {}
RESULT: {}
COMMAND: POST /session/fcfdec3f19b04732468f3b81cff77eec/element - {"using":"xpath","value":"//li[.//span[text()='1100']]"}
RESULT: {"using":"xpath","value":"//li[.//span[text()='1100']]"}
COMMAND: POST /session/fcfdec3f19b04732468f3b81cff77eec/element/f.4917B356C9E108E3489CB9DCB9E54F9E.d.3DB510EC494BCC2F6742B950BE605439.e.15777/click - {}
RESULT: {}
COMMAND: GET /session/fcfdec3f19b04732468f3b81cff77eec/screenshot - {}
RESULT: {}
COMMAND: POST /session/fcfdec3f19b04732468f3b81cff77eec/element - {"using":"xpath","value":"//button[@data-kt=\"saveButton\"]"}
RESULT: {"using":"xpath","value":"//button[@data-kt=\"saveButton\"]"}
COMMAND: POST /session/fcfdec3f19b04732468f3b81cff77eec/element/f.4917B356C9E108E3489CB9DCB9E54F9E.d.3DB510EC494BCC2F6742B950BE605439.e.15767/click - {}
RESULT: {}
COMMAND: GET /session/fcfdec3f19b04732468f3b81cff77eec/screenshot - {}
RESULT: {}
COMMAND: POST /session/fcfdec3f19b04732468f3b81cff77eec/element - {"using":"xpath","value":"//span[contains(@id ,\"contractDetailTitleNoExpanded\")]"}
RESULT: {"using":"xpath","value":"//span[contains(@id ,\"contractDetailTitleNoExpanded\")]"}
COMMAND: POST /session/fcfdec3f19b04732468f3b81cff77eec/elements - {"using":"xpath","value":"//span[contains(@id ,\"contractDetailTitleNoExpanded\")]"}
RESULT: {"using":"xpath","value":"//span[contains(@id ,\"contractDetailTitleNoExpanded\")]"}
COMMAND: POST /session/fcfdec3f19b04732468f3b81cff77eec/execute/sync - {"script":"<script> [56 bytes]","args":[{"element-6066-11e4-a52e-4f735466cecf":"f.4917B356C9E108E3489CB9DCB9E54F9E.d.3DB510EC494BCC2F6742B950BE605439.e.15788","ELEMENT":"f.4917B356C9E108E3489CB9DCB9E54F9E.d.3DB510EC494BCC2F6742B950BE605439.e.15788"}]}
RESULT: {"script":"<script> [56 bytes]","args":[{"element-6066-11e4-a52e-4f735466cecf":"f.4917B356C9E108E3489CB9DCB9E54F9E.d.3DB510EC494BCC2F6742B950BE605439.e.15788","ELEMENT":"f.4917B356C9E108E3489CB9DCB9E54F9E.d.3DB510EC494BCC2F6742B950BE605439.e.15788"}]}
COMMAND: GET /session/fcfdec3f19b04732468f3b81cff77eec/screenshot - {}
RESULT: {}
]]></system-out>
    </testcase>
    <testcase classname="chrome.136_0_7103_93.windows.Provide_to_Site_w/o_warehouse_management_w_clarification" name="Should add equipment to the contract" time="58.893">
      <system-out><![CDATA[
COMMAND: POST /session/fcfdec3f19b04732468f3b81cff77eec/element - {"using":"xpath","value":"//button[@data-kt=\"contractDetailEditBtnButton\"]"}
RESULT: {"using":"xpath","value":"//button[@data-kt=\"contractDetailEditBtnButton\"]"}
COMMAND: POST /session/fcfdec3f19b04732468f3b81cff77eec/element/f.4917B356C9E108E3489CB9DCB9E54F9E.d.3DB510EC494BCC2F6742B950BE605439.e.15790/click - {}
RESULT: {}
COMMAND: GET /session/fcfdec3f19b04732468f3b81cff77eec/screenshot - {}
RESULT: {}
COMMAND: POST /session/fcfdec3f19b04732468f3b81cff77eec/element - {"using":"xpath","value":"(//span[contains(text(), \"Additional Addresses\")])[2]"}
RESULT: {"using":"xpath","value":"(//span[contains(text(), \"Additional Addresses\")])[2]"}
COMMAND: POST /session/fcfdec3f19b04732468f3b81cff77eec/element/f.4917B356C9E108E3489CB9DCB9E54F9E.d.3DB510EC494BCC2F6742B950BE605439.e.15846/click - {}
RESULT: {}
COMMAND: GET /session/fcfdec3f19b04732468f3b81cff77eec/screenshot - {}
RESULT: {}
COMMAND: POST /session/fcfdec3f19b04732468f3b81cff77eec/element - {"using":"xpath","value":"//button[@data-kt=\"btnAddTableRowOverflowToolbarButton\"]"}
RESULT: {"using":"xpath","value":"//button[@data-kt=\"btnAddTableRowOverflowToolbarButton\"]"}
COMMAND: POST /session/fcfdec3f19b04732468f3b81cff77eec/element/f.4917B356C9E108E3489CB9DCB9E54F9E.d.3DB510EC494BCC2F6742B950BE605439.e.15848/click - {}
RESULT: {}
COMMAND: GET /session/fcfdec3f19b04732468f3b81cff77eec/screenshot - {}
RESULT: {}
COMMAND: POST /session/fcfdec3f19b04732468f3b81cff77eec/element - {"using":"xpath","value":"//div[(text() = 'Standard Entry' or . = 'Standard Entry')]"}
RESULT: {"using":"xpath","value":"//div[(text() = 'Standard Entry' or . = 'Standard Entry')]"}
COMMAND: POST /session/fcfdec3f19b04732468f3b81cff77eec/element/f.4917B356C9E108E3489CB9DCB9E54F9E.d.3DB510EC494BCC2F6742B950BE605439.e.15850/click - {}
RESULT: {}
COMMAND: GET /session/fcfdec3f19b04732468f3b81cff77eec/screenshot - {}
RESULT: {}
COMMAND: POST /session/fcfdec3f19b04732468f3b81cff77eec/element - {"using":"xpath","value":"//td[6]/div/div/div/span"}
RESULT: {"using":"xpath","value":"//td[6]/div/div/div/span"}
COMMAND: POST /session/fcfdec3f19b04732468f3b81cff77eec/element/f.4917B356C9E108E3489CB9DCB9E54F9E.d.3DB510EC494BCC2F6742B950BE605439.e.15862/click - {}
RESULT: {}
COMMAND: GET /session/fcfdec3f19b04732468f3b81cff77eec/screenshot - {}
RESULT: {}
COMMAND: POST /session/fcfdec3f19b04732468f3b81cff77eec/element - {"using":"xpath","value":"(//span[contains(text(), \"Material\")])"}
RESULT: {"using":"xpath","value":"(//span[contains(text(), \"Material\")])"}
COMMAND: POST /session/fcfdec3f19b04732468f3b81cff77eec/element/f.4917B356C9E108E3489CB9DCB9E54F9E.d.3DB510EC494BCC2F6742B950BE605439.e.15863/click - {}
RESULT: {}
COMMAND: GET /session/fcfdec3f19b04732468f3b81cff77eec/screenshot - {}
RESULT: {}
COMMAND: POST /session/fcfdec3f19b04732468f3b81cff77eec/element - {"using":"xpath","value":"//td[7]/div/div/input"}
RESULT: {"using":"xpath","value":"//td[7]/div/div/input"}
COMMAND: POST /session/fcfdec3f19b04732468f3b81cff77eec/element/f.4917B356C9E108E3489CB9DCB9E54F9E.d.3DB510EC494BCC2F6742B950BE605439.e.15867/clear - {}
RESULT: {}
COMMAND: POST /session/fcfdec3f19b04732468f3b81cff77eec/element/f.4917B356C9E108E3489CB9DCB9E54F9E.d.3DB510EC494BCC2F6742B950BE605439.e.15867/value - {"text":"200114"}
COMMAND: GET /session/fcfdec3f19b04732468f3b81cff77eec/screenshot - {}
RESULT: {"text":"200114"}
COMMAND: GET /session/fcfdec3f19b04732468f3b81cff77eec/screenshot - {}
RESULT: {}
RESULT: {}
COMMAND: POST /session/fcfdec3f19b04732468f3b81cff77eec/actions - {"actions":[{"id":"action49","type":"key","parameters":{},"actions":[{"type":"keyDown","value":""},{"type":"pause","duration":10},{"type":"keyUp","value":""}]}]}
RESULT: {"actions":[{"id":"action49","type":"key","parameters":{},"actions":[{"type":"keyDown","value":""},{"type":"pause","duration":10},{"type":"keyUp","value":""}]}]}
COMMAND: GET /session/fcfdec3f19b04732468f3b81cff77eec/screenshot - {}
RESULT: {}
COMMAND: POST /session/fcfdec3f19b04732468f3b81cff77eec/execute/sync - {"script":"<script> [276 bytes]","args":["No pricing information was found"]}
RESULT: {"script":"<script> [276 bytes]","args":["No pricing information was found"]}
COMMAND: POST /session/fcfdec3f19b04732468f3b81cff77eec/element - {"using":"xpath","value":"//bdi[contains(text(), \"OK\")]"}
COMMAND: GET /session/fcfdec3f19b04732468f3b81cff77eec/screenshot - {}
RESULT: {"using":"xpath","value":"//bdi[contains(text(), \"OK\")]"}
COMMAND: POST /session/fcfdec3f19b04732468f3b81cff77eec/element/f.4917B356C9E108E3489CB9DCB9E54F9E.d.3DB510EC494BCC2F6742B950BE605439.e.15893/click - {}
RESULT: {}
RESULT: {}
COMMAND: GET /session/fcfdec3f19b04732468f3b81cff77eec/screenshot - {}
RESULT: {}
COMMAND: POST /session/fcfdec3f19b04732468f3b81cff77eec/element - {"using":"xpath","value":"(//button[@data-kt=\"saveButton\"])[2]"}
RESULT: {"using":"xpath","value":"(//button[@data-kt=\"saveButton\"])[2]"}
COMMAND: POST /session/fcfdec3f19b04732468f3b81cff77eec/element/f.4917B356C9E108E3489CB9DCB9E54F9E.d.3DB510EC494BCC2F6742B950BE605439.e.15894/click - {}
RESULT: {}
COMMAND: GET /session/fcfdec3f19b04732468f3b81cff77eec/screenshot - {}
RESULT: {}
COMMAND: POST /session/fcfdec3f19b04732468f3b81cff77eec/execute/sync - {"script":"<script> [276 bytes]","args":["Some contract items are having rental validity exceeding header rental validity"]}
RESULT: {"script":"<script> [276 bytes]","args":["Some contract items are having rental validity exceeding header rental validity"]}
COMMAND: GET /session/fcfdec3f19b04732468f3b81cff77eec/screenshot - {}
RESULT: {}
COMMAND: POST /session/fcfdec3f19b04732468f3b81cff77eec/element - {"using":"xpath","value":"//span[contains(@id ,\"contractItemsSmartTable-header-inner\")]"}
RESULT: {"using":"xpath","value":"//span[contains(@id ,\"contractItemsSmartTable-header-inner\")]"}
COMMAND: POST /session/fcfdec3f19b04732468f3b81cff77eec/elements - {"using":"xpath","value":"//span[contains(@id ,\"contractItemsSmartTable-header-inner\")]"}
RESULT: {"using":"xpath","value":"//span[contains(@id ,\"contractItemsSmartTable-header-inner\")]"}
COMMAND: POST /session/fcfdec3f19b04732468f3b81cff77eec/execute/sync - {"script":"<script> [56 bytes]","args":[{"element-6066-11e4-a52e-4f735466cecf":"f.4917B356C9E108E3489CB9DCB9E54F9E.d.3DB510EC494BCC2F6742B950BE605439.e.15899","ELEMENT":"f.4917B356C9E108E3489CB9DCB9E54F9E.d.3DB510EC494BCC2F6742B950BE605439.e.15899"}]}
RESULT: {"script":"<script> [56 bytes]","args":[{"element-6066-11e4-a52e-4f735466cecf":"f.4917B356C9E108E3489CB9DCB9E54F9E.d.3DB510EC494BCC2F6742B950BE605439.e.15899","ELEMENT":"f.4917B356C9E108E3489CB9DCB9E54F9E.d.3DB510EC494BCC2F6742B950BE605439.e.15899"}]}
COMMAND: GET /session/fcfdec3f19b04732468f3b81cff77eec/screenshot - {}
]]></system-out>
    </testcase>
    <testcase classname="chrome.136_0_7103_93.windows.Provide_to_Site_w/o_warehouse_management_w_clarification" name="Should do provide to site" time="108.454">
      <failure/>
      <error message="expect(received).toEqual(expected) // deep equality&#xA;&#xA;Expected: &quot;provide (issued)&quot;&#xA;Received: &quot;provide (received)&quot;"/>
      <system-out><![CDATA[
COMMAND: POST /session/fcfdec3f19b04732468f3b81cff77eec/element - {"using":"xpath","value":"//button[@data-kt=\"provideButton\"]"}
RESULT: {}
RESULT: {"using":"xpath","value":"//button[@data-kt=\"provideButton\"]"}
COMMAND: POST /session/fcfdec3f19b04732468f3b81cff77eec/element/f.4917B356C9E108E3489CB9DCB9E54F9E.d.3DB510EC494BCC2F6742B950BE605439.e.15900/click - {}
RESULT: {}
COMMAND: GET /session/fcfdec3f19b04732468f3b81cff77eec/screenshot - {}
COMMAND: POST /session/fcfdec3f19b04732468f3b81cff77eec/element - {"using":"xpath","value":"(//div[contains(@id, \"application-managehandovers-display-component---AddNewHO--oneStep-CbBg\")])"}
RESULT: {}
RESULT: {"using":"xpath","value":"(//div[contains(@id, \"application-managehandovers-display-component---AddNewHO--oneStep-CbBg\")])"}
COMMAND: POST /session/fcfdec3f19b04732468f3b81cff77eec/element - {"using":"xpath","value":"(//div[contains(@id, \"application-managehandovers-display-component---AddNewHO--oneStep-CbBg\")])/input"}
RESULT: {"using":"xpath","value":"(//div[contains(@id, \"application-managehandovers-display-component---AddNewHO--oneStep-CbBg\")])/input"}
COMMAND: GET /session/fcfdec3f19b04732468f3b81cff77eec/element/f.4917B356C9E108E3489CB9DCB9E54F9E.d.3DB510EC494BCC2F6742B950BE605439.e.15961/attribute/checked - {}
RESULT: {}
RESULT: undefined
COMMAND: POST /session/fcfdec3f19b04732468f3b81cff77eec/execute/async - {"script":"<script> [6424 bytes]","args":[{"element-6066-11e4-a52e-4f735466cecf":"f.4917B356C9E108E3489CB9DCB9E54F9E.d.3DB510EC494BCC2F6742B950BE605439.e.14766"},"setValue",["05/24/25"]]}
COMMAND: POST /session/fcfdec3f19b04732468f3b81cff77eec/element/f.4917B356C9E108E3489CB9DCB9E54F9E.d.3DB510EC494BCC2F6742B950BE605439.e.16042/click - {}
COMMAND: POST /session/fcfdec3f19b04732468f3b81cff77eec/execute/async - {"script":"<script> [1562 bytes]","args":[{"selector":{"id":"application-managehandovers-display-component---AddNewHO--dueDate","interaction":{"idSuffix":"inner"}},"wdio_ui5_key":"applicationmanagehandovers-display-component---AddNewHO--dueDate"}]}
RESULT: {}
COMMAND: GET /session/fcfdec3f19b04732468f3b81cff77eec/screenshot - {}
RESULT: {"script":"<script> [1562 bytes]","args":[{"selector":{"id":"application-managehandovers-display-component---AddNewHO--dueDate","interaction":{"idSuffix":"inner"}},"wdio_ui5_key":"applicationmanagehandovers-display-component---AddNewHO--dueDate"}]}
COMMAND: POST /session/fcfdec3f19b04732468f3b81cff77eec/execute/async - {"script":"<script> [6424 bytes]","args":[{"element-6066-11e4-a52e-4f735466cecf":"f.4917B356C9E108E3489CB9DCB9E54F9E.d.3DB510EC494BCC2F6742B950BE605439.e.15957"},"setValue",["05/24/25"]]}
RESULT: {}
RESULT: {"script":"<script> [6424 bytes]","args":[{"element-6066-11e4-a52e-4f735466cecf":"f.4917B356C9E108E3489CB9DCB9E54F9E.d.3DB510EC494BCC2F6742B950BE605439.e.15957"},"setValue",["05/24/25"]]}
COMMAND: POST /session/fcfdec3f19b04732468f3b81cff77eec/element - {"using":"xpath","value":"//bdi[contains(text(), \"Instructions\")]"}
RESULT: {"using":"xpath","value":"//bdi[contains(text(), \"Instructions\")]"}
COMMAND: POST /session/fcfdec3f19b04732468f3b81cff77eec/element/f.4917B356C9E108E3489CB9DCB9E54F9E.d.3DB510EC494BCC2F6742B950BE605439.e.16071/click - {}
RESULT: {}
COMMAND: GET /session/fcfdec3f19b04732468f3b81cff77eec/screenshot - {}
RESULT: {}
COMMAND: POST /session/fcfdec3f19b04732468f3b81cff77eec/element - {"using":"xpath","value":"//button[@data-kt=\"AddNewHOProvideAddItemsButton\"]"}
RESULT: {"using":"xpath","value":"//button[@data-kt=\"AddNewHOProvideAddItemsButton\"]"}
COMMAND: POST /session/fcfdec3f19b04732468f3b81cff77eec/element/f.4917B356C9E108E3489CB9DCB9E54F9E.d.3DB510EC494BCC2F6742B950BE605439.e.16075/click - {}
RESULT: {}
COMMAND: GET /session/fcfdec3f19b04732468f3b81cff77eec/screenshot - {}
RESULT: {}
RESULT: undefined
COMMAND: POST /session/fcfdec3f19b04732468f3b81cff77eec/element - {"using":"xpath","value":"//*[@id=\"application-managehandovers-display-component---AddNewHO--popup-sa\"]"}
RESULT: {"using":"xpath","value":"//*[@id=\"application-managehandovers-display-component---AddNewHO--popup-sa\"]"}
COMMAND: POST /session/fcfdec3f19b04732468f3b81cff77eec/element/f.4917B356C9E108E3489CB9DCB9E54F9E.d.3DB510EC494BCC2F6742B950BE605439.e.16091/click - {}
RESULT: {}
COMMAND: GET /session/fcfdec3f19b04732468f3b81cff77eec/screenshot - {}
RESULT: {}
COMMAND: POST /session/fcfdec3f19b04732468f3b81cff77eec/element - {"using":"xpath","value":"//*[contains(@id ,\"BDI-content\")][contains(text(), \"Select\")]"}
RESULT: {"using":"xpath","value":"//*[contains(@id ,\"BDI-content\")][contains(text(), \"Select\")]"}
COMMAND: POST /session/fcfdec3f19b04732468f3b81cff77eec/element/f.4917B356C9E108E3489CB9DCB9E54F9E.d.3DB510EC494BCC2F6742B950BE605439.e.16092/click - {}
RESULT: {}
COMMAND: GET /session/fcfdec3f19b04732468f3b81cff77eec/screenshot - {}
RESULT: {}
COMMAND: POST /session/fcfdec3f19b04732468f3b81cff77eec/execute/async - {"script":"<script> [1562 bytes]","args":[{"selector":{"id":"application-managehandovers-display-component---AddNewHO--confirmCreationButton","interaction":{"idSuffix":"BDI-content"}},"wdio_ui5_key":"applicationmanagehandovers-display-component---AddNewHO--confirmCreationButton"}]}
RESULT: {"script":"<script> [1562 bytes]","args":[{"selector":{"id":"application-managehandovers-display-component---AddNewHO--confirmCreationButton","interaction":{"idSuffix":"BDI-content"}},"wdio_ui5_key":"applicationmanagehandovers-display-component---AddNewHO--confirmCreationButton"}]}
RESULT: undefined
COMMAND: POST /session/fcfdec3f19b04732468f3b81cff77eec/element - {"using":"xpath","value":"//*[@id=\"application-managehandovers-display-component---AddNewHO--confirmCreationButton\"]"}
RESULT: {"using":"xpath","value":"//*[@id=\"application-managehandovers-display-component---AddNewHO--confirmCreationButton\"]"}
COMMAND: POST /session/fcfdec3f19b04732468f3b81cff77eec/element/f.4917B356C9E108E3489CB9DCB9E54F9E.d.3DB510EC494BCC2F6742B950BE605439.e.16029/click - {}
RESULT: {}
COMMAND: GET /session/fcfdec3f19b04732468f3b81cff77eec/screenshot - {}
RESULT: {}
COMMAND: POST /session/fcfdec3f19b04732468f3b81cff77eec/execute/async - {"script":"<script> [1562 bytes]","args":[{"selector":{"id":"issueDatePicker","viewName":"etm.portal.ui.managehandovers.view.DetailExecuteHO","interaction":{"idSuffix":"inner"}},"wdio_ui5_key":"issueDatePickeretmportal.ui.managehandovers.view.DetailExecuteHO"}]}
RESULT: {"script":"<script> [1562 bytes]","args":[{"selector":{"id":"issueDatePicker","viewName":"etm.portal.ui.managehandovers.view.DetailExecuteHO","interaction":{"idSuffix":"inner"}},"wdio_ui5_key":"issueDatePickeretmportal.ui.managehandovers.view.DetailExecuteHO"}]}
RESULT: undefined
COMMAND: POST /session/fcfdec3f19b04732468f3b81cff77eec/execute/async - {"script":"<script> [776 bytes]","args":[{"enterText":"5/24/25","selector":{"id":"issueDatePicker","viewName":"etm.portal.ui.managehandovers.view.DetailExecuteHO","interaction":{"idSuffix":"inner"}},"clearTextFirst":true,"interactionType":"ENTER_TEXT"}]}
RESULT: {"script":"<script> [776 bytes]","args":[{"enterText":"5/24/25","selector":{"id":"issueDatePicker","viewName":"etm.portal.ui.managehandovers.view.DetailExecuteHO","interaction":{"idSuffix":"inner"}},"clearTextFirst":true,"interactionType":"ENTER_TEXT"}]}
COMMAND: POST /session/fcfdec3f19b04732468f3b81cff77eec/element - {"using":"xpath","value":"//button[@data-kt=\"PickingTableConfirmAllButton\"]"}
RESULT: {"using":"xpath","value":"//button[@data-kt=\"PickingTableConfirmAllButton\"]"}
COMMAND: POST /session/fcfdec3f19b04732468f3b81cff77eec/element/f.4917B356C9E108E3489CB9DCB9E54F9E.d.3DB510EC494BCC2F6742B950BE605439.e.16150/click - {}
RESULT: {}
COMMAND: GET /session/fcfdec3f19b04732468f3b81cff77eec/screenshot - {}
RESULT: {}
COMMAND: POST /session/fcfdec3f19b04732468f3b81cff77eec/element - {"using":"xpath","value":"//bdi[contains(text(), \"OK\")]"}
RESULT: {"using":"xpath","value":"//bdi[contains(text(), \"OK\")]"}
COMMAND: POST /session/fcfdec3f19b04732468f3b81cff77eec/element/f.4917B356C9E108E3489CB9DCB9E54F9E.d.3DB510EC494BCC2F6742B950BE605439.e.16153/click - {}
RESULT: {}
COMMAND: GET /session/fcfdec3f19b04732468f3b81cff77eec/screenshot - {}
RESULT: {}
COMMAND: POST /session/fcfdec3f19b04732468f3b81cff77eec/element - {"using":"xpath","value":"//button[@data-kt=\"execHoPickButton\"]"}
RESULT: {"using":"xpath","value":"//button[@data-kt=\"execHoPickButton\"]"}
COMMAND: POST /session/fcfdec3f19b04732468f3b81cff77eec/element/f.4917B356C9E108E3489CB9DCB9E54F9E.d.3DB510EC494BCC2F6742B950BE605439.e.16158/click - {}
RESULT: {}
COMMAND: GET /session/fcfdec3f19b04732468f3b81cff77eec/screenshot - {}
RESULT: {}
COMMAND: POST /session/fcfdec3f19b04732468f3b81cff77eec/element - {"using":"xpath","value":"//span[contains(@id ,\"filterItemControl_BASIC-RECEIVE_CONTRACT-vhi\")]"}
RESULT: {"using":"xpath","value":"//span[contains(@id ,\"filterItemControl_BASIC-RECEIVE_CONTRACT-vhi\")]"}
COMMAND: POST /session/fcfdec3f19b04732468f3b81cff77eec/element/f.4917B356C9E108E3489CB9DCB9E54F9E.d.3DB510EC494BCC2F6742B950BE605439.e.16347/click - {}
RESULT: {}
COMMAND: GET /session/fcfdec3f19b04732468f3b81cff77eec/screenshot - {}
RESULT: {}
COMMAND: POST /session/fcfdec3f19b04732468f3b81cff77eec/execute/async - {"script":"<script> [1562 bytes]","args":[{"selector":{"controlType":"sap.m.SearchField","viewName":"etm.portal.ui.managehandovers.view.MasterHO","bindingPath":{"path":"","propertyPath":"/_BASIC_SEARCH_FIELD","modelName":"fi1t3rM0d31"},"searchOpenDialogs":true,"interaction":{"idSuffix":"I"}},"wdio_ui5_key":"etmportal.ui.managehandovers.view.MasterHOsap.m.SearchField{\"path\":\"\",\"propertyPath\":\"/_BASIC_SEARCH_FIELD\",\"modelName\":\"fi1t3rM0d31\"}"}]}
RESULT: {"script":"<script> [1562 bytes]","args":[{"selector":{"controlType":"sap.m.SearchField","viewName":"etm.portal.ui.managehandovers.view.MasterHO","bindingPath":{"path":"","propertyPath":"/_BASIC_SEARCH_FIELD","modelName":"fi1t3rM0d31"},"searchOpenDialogs":true,"interaction":{"idSuffix":"I"}},"wdio_ui5_key":"etmportal.ui.managehandovers.view.MasterHOsap.m.SearchField{\"path\":\"\",\"propertyPath\":\"/_BASIC_SEARCH_FIELD\",\"modelName\":\"fi1t3rM0d31\"}"}]}
RESULT: undefined
COMMAND: POST /session/fcfdec3f19b04732468f3b81cff77eec/execute/async - {"script":"<script> [776 bytes]","args":[{"enterText":"10186","selector":{"controlType":"sap.m.SearchField","viewName":"etm.portal.ui.managehandovers.view.MasterHO","bindingPath":{"path":"","propertyPath":"/_BASIC_SEARCH_FIELD","modelName":"fi1t3rM0d31"},"searchOpenDialogs":true,"interaction":{"idSuffix":"I"}},"clearTextFirst":true,"interactionType":"ENTER_TEXT"}]}
RESULT: {"script":"<script> [776 bytes]","args":[{"enterText":"10186","selector":{"controlType":"sap.m.SearchField","viewName":"etm.portal.ui.managehandovers.view.MasterHO","bindingPath":{"path":"","propertyPath":"/_BASIC_SEARCH_FIELD","modelName":"fi1t3rM0d31"},"searchOpenDialogs":true,"interaction":{"idSuffix":"I"}},"clearTextFirst":true,"interactionType":"ENTER_TEXT"}]}
COMMAND: POST /session/fcfdec3f19b04732468f3b81cff77eec/actions - {"actions":[{"id":"action50","type":"key","parameters":{},"actions":[{"type":"keyDown","value":""},{"type":"pause","duration":10},{"type":"keyUp","value":""}]}]}
RESULT: {"actions":[{"id":"action50","type":"key","parameters":{},"actions":[{"type":"keyDown","value":""},{"type":"pause","duration":10},{"type":"keyUp","value":""}]}]}
COMMAND: GET /session/fcfdec3f19b04732468f3b81cff77eec/screenshot - {}
RESULT: {}
COMMAND: POST /session/fcfdec3f19b04732468f3b81cff77eec/element - {"using":"xpath","value":"//div[contains(@id, 'filterItemControl_BASIC-RECEIVE_CONTRACT-valueHelpDialog-table-rowsel0')]"}
RESULT: {"using":"xpath","value":"//div[contains(@id, 'filterItemControl_BASIC-RECEIVE_CONTRACT-valueHelpDialog-table-rowsel0')]"}
COMMAND: POST /session/fcfdec3f19b04732468f3b81cff77eec/element/f.4917B356C9E108E3489CB9DCB9E54F9E.d.3DB510EC494BCC2F6742B950BE605439.e.16357/click - {}
RESULT: {}
COMMAND: GET /session/fcfdec3f19b04732468f3b81cff77eec/screenshot - {}
RESULT: {}
COMMAND: POST /session/fcfdec3f19b04732468f3b81cff77eec/element - {"using":"xpath","value":"//bdi[contains(text(), \"OK\")]"}
RESULT: {"using":"xpath","value":"//bdi[contains(text(), \"OK\")]"}
COMMAND: POST /session/fcfdec3f19b04732468f3b81cff77eec/element/f.4917B356C9E108E3489CB9DCB9E54F9E.d.3DB510EC494BCC2F6742B950BE605439.e.16359/click - {}
RESULT: {}
COMMAND: GET /session/fcfdec3f19b04732468f3b81cff77eec/screenshot - {}
RESULT: {}
COMMAND: POST /session/fcfdec3f19b04732468f3b81cff77eec/element - {"using":"xpath","value":"//span[contains(@id, \"smartTable-header-inner\")]"}
RESULT: {"using":"xpath","value":"//span[contains(@id, \"smartTable-header-inner\")]"}
COMMAND: POST /session/fcfdec3f19b04732468f3b81cff77eec/elements - {"using":"xpath","value":"//span[contains(@id, \"smartTable-header-inner\")]"}
RESULT: {"using":"xpath","value":"//span[contains(@id, \"smartTable-header-inner\")]"}
COMMAND: POST /session/fcfdec3f19b04732468f3b81cff77eec/execute/sync - {"script":"<script> [56 bytes]","args":[{"element-6066-11e4-a52e-4f735466cecf":"f.4917B356C9E108E3489CB9DCB9E54F9E.d.3DB510EC494BCC2F6742B950BE605439.e.16388","ELEMENT":"f.4917B356C9E108E3489CB9DCB9E54F9E.d.3DB510EC494BCC2F6742B950BE605439.e.16388"}]}
RESULT: {"script":"<script> [56 bytes]","args":[{"element-6066-11e4-a52e-4f735466cecf":"f.4917B356C9E108E3489CB9DCB9E54F9E.d.3DB510EC494BCC2F6742B950BE605439.e.16388","ELEMENT":"f.4917B356C9E108E3489CB9DCB9E54F9E.d.3DB510EC494BCC2F6742B950BE605439.e.16388"}]}
COMMAND: POST /session/fcfdec3f19b04732468f3b81cff77eec/element - {"using":"xpath","value":"//table[contains(@id, \"customHandovers\")]//tbody/tr[1]/td[2]/span"}
COMMAND: GET /session/fcfdec3f19b04732468f3b81cff77eec/screenshot - {}
RESULT: {"using":"xpath","value":"//table[contains(@id, \"customHandovers\")]//tbody/tr[1]/td[2]/span"}
COMMAND: POST /session/fcfdec3f19b04732468f3b81cff77eec/execute/sync - {"script":"<script> [56 bytes]","args":[{"element-6066-11e4-a52e-4f735466cecf":"f.4917B356C9E108E3489CB9DCB9E54F9E.d.3DB510EC494BCC2F6742B950BE605439.e.16389","ELEMENT":"f.4917B356C9E108E3489CB9DCB9E54F9E.d.3DB510EC494BCC2F6742B950BE605439.e.16389"}]}
RESULT: {}
RESULT: {"script":"<script> [56 bytes]","args":[{"element-6066-11e4-a52e-4f735466cecf":"f.4917B356C9E108E3489CB9DCB9E54F9E.d.3DB510EC494BCC2F6742B950BE605439.e.16389","ELEMENT":"f.4917B356C9E108E3489CB9DCB9E54F9E.d.3DB510EC494BCC2F6742B950BE605439.e.16389"}]}
COMMAND: POST /session/fcfdec3f19b04732468f3b81cff77eec/element - {"using":"xpath","value":"(//span[contains(@id, \"imgNav\")])[1]"}
COMMAND: GET /session/fcfdec3f19b04732468f3b81cff77eec/screenshot - {}
RESULT: {"using":"xpath","value":"(//span[contains(@id, \"imgNav\")])[1]"}
COMMAND: POST /session/fcfdec3f19b04732468f3b81cff77eec/element/f.4917B356C9E108E3489CB9DCB9E54F9E.d.3DB510EC494BCC2F6742B950BE605439.e.16386/click - {}
RESULT: {}
RESULT: {}
COMMAND: GET /session/fcfdec3f19b04732468f3b81cff77eec/screenshot - {}
RESULT: {}
RESULT: undefined
COMMAND: POST /session/fcfdec3f19b04732468f3b81cff77eec/execute/async - {"script":"<script> [776 bytes]","args":[{"enterText":"5/24/25","selector":{"id":"issueDatePicker","viewName":"etm.portal.ui.managehandovers.view.DetailExecuteHO","interaction":{"idSuffix":"inner"}},"clearTextFirst":true,"interactionType":"ENTER_TEXT"}]}
RESULT: {"script":"<script> [776 bytes]","args":[{"enterText":"5/24/25","selector":{"id":"issueDatePicker","viewName":"etm.portal.ui.managehandovers.view.DetailExecuteHO","interaction":{"idSuffix":"inner"}},"clearTextFirst":true,"interactionType":"ENTER_TEXT"}]}
COMMAND: POST /session/fcfdec3f19b04732468f3b81cff77eec/element - {"using":"xpath","value":"//button[@data-kt=\"IssuingTableConfirmAllButton\"]"}
RESULT: {"using":"xpath","value":"//button[@data-kt=\"IssuingTableConfirmAllButton\"]"}
COMMAND: POST /session/fcfdec3f19b04732468f3b81cff77eec/element/f.4917B356C9E108E3489CB9DCB9E54F9E.d.3DB510EC494BCC2F6742B950BE605439.e.16430/click - {}
RESULT: {}
COMMAND: GET /session/fcfdec3f19b04732468f3b81cff77eec/screenshot - {}
RESULT: {}
COMMAND: POST /session/fcfdec3f19b04732468f3b81cff77eec/element - {"using":"xpath","value":"//bdi[contains(text(), \"OK\")]"}
RESULT: {"using":"xpath","value":"//bdi[contains(text(), \"OK\")]"}
COMMAND: POST /session/fcfdec3f19b04732468f3b81cff77eec/element/f.4917B356C9E108E3489CB9DCB9E54F9E.d.3DB510EC494BCC2F6742B950BE605439.e.16446/click - {}
RESULT: {}
COMMAND: GET /session/fcfdec3f19b04732468f3b81cff77eec/screenshot - {}
RESULT: {}
COMMAND: POST /session/fcfdec3f19b04732468f3b81cff77eec/element - {"using":"xpath","value":"//button[@data-kt=\"execHoIssueButton\"]"}
RESULT: {"using":"xpath","value":"//button[@data-kt=\"execHoIssueButton\"]"}
COMMAND: POST /session/fcfdec3f19b04732468f3b81cff77eec/element/f.4917B356C9E108E3489CB9DCB9E54F9E.d.3DB510EC494BCC2F6742B950BE605439.e.16448/click - {}
RESULT: {}
COMMAND: GET /session/fcfdec3f19b04732468f3b81cff77eec/screenshot - {}
RESULT: {}
COMMAND: POST /session/fcfdec3f19b04732468f3b81cff77eec/element - {"using":"xpath","value":"//input[contains(@id ,\"smartFilterBar-btnBasicSearch-I\")]"}
RESULT: {"using":"xpath","value":"//input[contains(@id ,\"smartFilterBar-btnBasicSearch-I\")]"}
COMMAND: POST /session/fcfdec3f19b04732468f3b81cff77eec/elements - {"using":"xpath","value":"//input[contains(@id ,\"smartFilterBar-btnBasicSearch-I\")]"}
RESULT: {"using":"xpath","value":"//input[contains(@id ,\"smartFilterBar-btnBasicSearch-I\")]"}
COMMAND: POST /session/fcfdec3f19b04732468f3b81cff77eec/execute/sync - {"script":"<script> [8489 bytes]","args":[{"element-6066-11e4-a52e-4f735466cecf":"f.4917B356C9E108E3489CB9DCB9E54F9E.d.3DB510EC494BCC2F6742B950BE605439.e.15956","ELEMENT":"f.4917B356C9E108E3489CB9DCB9E54F9E.d.3DB510EC494BCC2F6742B950BE605439.e.15956"}]}
RESULT: {"script":"<script> [8489 bytes]","args":[{"element-6066-11e4-a52e-4f735466cecf":"f.4917B356C9E108E3489CB9DCB9E54F9E.d.3DB510EC494BCC2F6742B950BE605439.e.15956","ELEMENT":"f.4917B356C9E108E3489CB9DCB9E54F9E.d.3DB510EC494BCC2F6742B950BE605439.e.15956"}]}
COMMAND: GET /session/fcfdec3f19b04732468f3b81cff77eec/element/f.4917B356C9E108E3489CB9DCB9E54F9E.d.3DB510EC494BCC2F6742B950BE605439.e.15956/enabled - {}
COMMAND: GET /session/fcfdec3f19b04732468f3b81cff77eec/screenshot - {}
RESULT: {}
COMMAND: POST /session/fcfdec3f19b04732468f3b81cff77eec/element/f.4917B356C9E108E3489CB9DCB9E54F9E.d.3DB510EC494BCC2F6742B950BE605439.e.15956/clear - {}
COMMAND: GET /session/fcfdec3f19b04732468f3b81cff77eec/screenshot - {}
RESULT: {}
RESULT: {}
COMMAND: POST /session/fcfdec3f19b04732468f3b81cff77eec/element/f.4917B356C9E108E3489CB9DCB9E54F9E.d.3DB510EC494BCC2F6742B950BE605439.e.15956/value - {"text":"30378"}
COMMAND: GET /session/fcfdec3f19b04732468f3b81cff77eec/screenshot - {}
RESULT: {}
RESULT: {"text":"30378"}
COMMAND: GET /session/fcfdec3f19b04732468f3b81cff77eec/screenshot - {}
RESULT: {}
RESULT: {}
COMMAND: POST /session/fcfdec3f19b04732468f3b81cff77eec/actions - {"actions":[{"id":"action51","type":"key","parameters":{},"actions":[{"type":"keyDown","value":""},{"type":"pause","duration":10},{"type":"keyUp","value":""}]}]}
RESULT: {"actions":[{"id":"action51","type":"key","parameters":{},"actions":[{"type":"keyDown","value":""},{"type":"pause","duration":10},{"type":"keyUp","value":""}]}]}
COMMAND: GET /session/fcfdec3f19b04732468f3b81cff77eec/screenshot - {}
RESULT: {}
COMMAND: POST /session/fcfdec3f19b04732468f3b81cff77eec/element - {"using":"xpath","value":"//span[contains(@id, \"smartTable-header-inner\")]"}
RESULT: {"using":"xpath","value":"//span[contains(@id, \"smartTable-header-inner\")]"}
COMMAND: POST /session/fcfdec3f19b04732468f3b81cff77eec/elements - {"using":"xpath","value":"//span[contains(@id, \"smartTable-header-inner\")]"}
RESULT: {"using":"xpath","value":"//span[contains(@id, \"smartTable-header-inner\")]"}
COMMAND: POST /session/fcfdec3f19b04732468f3b81cff77eec/execute/sync - {"script":"<script> [56 bytes]","args":[{"element-6066-11e4-a52e-4f735466cecf":"f.4917B356C9E108E3489CB9DCB9E54F9E.d.3DB510EC494BCC2F6742B950BE605439.e.16388","ELEMENT":"f.4917B356C9E108E3489CB9DCB9E54F9E.d.3DB510EC494BCC2F6742B950BE605439.e.16388"}]}
RESULT: {"script":"<script> [56 bytes]","args":[{"element-6066-11e4-a52e-4f735466cecf":"f.4917B356C9E108E3489CB9DCB9E54F9E.d.3DB510EC494BCC2F6742B950BE605439.e.16388","ELEMENT":"f.4917B356C9E108E3489CB9DCB9E54F9E.d.3DB510EC494BCC2F6742B950BE605439.e.16388"}]}
COMMAND: POST /session/fcfdec3f19b04732468f3b81cff77eec/elements - {"using":"xpath","value":"//thead[contains(@class, \"sapMTableTH\")]/tr/th"}
COMMAND: GET /session/fcfdec3f19b04732468f3b81cff77eec/screenshot - {}
RESULT: {"using":"xpath","value":"//thead[contains(@class, \"sapMTableTH\")]/tr/th"}
COMMAND: GET /session/fcfdec3f19b04732468f3b81cff77eec/element/f.4917B356C9E108E3489CB9DCB9E54F9E.d.3DB510EC494BCC2F6742B950BE605439.e.16484/text - {}
RESULT: {}
RESULT: {}
COMMAND: GET /session/fcfdec3f19b04732468f3b81cff77eec/element/f.4917B356C9E108E3489CB9DCB9E54F9E.d.3DB510EC494BCC2F6742B950BE605439.e.16485/text - {}
RESULT: {}
COMMAND: GET /session/fcfdec3f19b04732468f3b81cff77eec/element/f.4917B356C9E108E3489CB9DCB9E54F9E.d.3DB510EC494BCC2F6742B950BE605439.e.15989/text - {}
RESULT: {}
COMMAND: GET /session/fcfdec3f19b04732468f3b81cff77eec/element/f.4917B356C9E108E3489CB9DCB9E54F9E.d.3DB510EC494BCC2F6742B950BE605439.e.15991/text - {}
RESULT: {}
COMMAND: GET /session/fcfdec3f19b04732468f3b81cff77eec/element/f.4917B356C9E108E3489CB9DCB9E54F9E.d.3DB510EC494BCC2F6742B950BE605439.e.16453/text - {}
RESULT: {}
COMMAND: GET /session/fcfdec3f19b04732468f3b81cff77eec/element/f.4917B356C9E108E3489CB9DCB9E54F9E.d.3DB510EC494BCC2F6742B950BE605439.e.16454/text - {}
RESULT: {}
COMMAND: GET /session/fcfdec3f19b04732468f3b81cff77eec/element/f.4917B356C9E108E3489CB9DCB9E54F9E.d.3DB510EC494BCC2F6742B950BE605439.e.16455/text - {}
RESULT: {}
COMMAND: GET /session/fcfdec3f19b04732468f3b81cff77eec/element/f.4917B356C9E108E3489CB9DCB9E54F9E.d.3DB510EC494BCC2F6742B950BE605439.e.16456/text - {}
RESULT: {}
COMMAND: GET /session/fcfdec3f19b04732468f3b81cff77eec/element/f.4917B356C9E108E3489CB9DCB9E54F9E.d.3DB510EC494BCC2F6742B950BE605439.e.16457/text - {}
RESULT: {}
COMMAND: GET /session/fcfdec3f19b04732468f3b81cff77eec/element/f.4917B356C9E108E3489CB9DCB9E54F9E.d.3DB510EC494BCC2F6742B950BE605439.e.16458/text - {}
RESULT: {}
COMMAND: GET /session/fcfdec3f19b04732468f3b81cff77eec/element/f.4917B356C9E108E3489CB9DCB9E54F9E.d.3DB510EC494BCC2F6742B950BE605439.e.16459/text - {}
RESULT: {}
COMMAND: GET /session/fcfdec3f19b04732468f3b81cff77eec/element/f.4917B356C9E108E3489CB9DCB9E54F9E.d.3DB510EC494BCC2F6742B950BE605439.e.16460/text - {}
RESULT: {}
COMMAND: GET /session/fcfdec3f19b04732468f3b81cff77eec/element/f.4917B356C9E108E3489CB9DCB9E54F9E.d.3DB510EC494BCC2F6742B950BE605439.e.16461/text - {}
RESULT: {}
COMMAND: GET /session/fcfdec3f19b04732468f3b81cff77eec/element/f.4917B356C9E108E3489CB9DCB9E54F9E.d.3DB510EC494BCC2F6742B950BE605439.e.15992/text - {}
RESULT: {}
COMMAND: POST /session/fcfdec3f19b04732468f3b81cff77eec/element - {"using":"xpath","value":"//tbody[contains(@id, \"customHandoversTable-tblBody\")]/tr[1]/td[14]/div/span"}
RESULT: {"using":"xpath","value":"//tbody[contains(@id, \"customHandoversTable-tblBody\")]/tr[1]/td[14]/div/span"}
COMMAND: POST /session/fcfdec3f19b04732468f3b81cff77eec/execute/sync - {"script":"<script> [56 bytes]","args":[{"element-6066-11e4-a52e-4f735466cecf":"f.4917B356C9E108E3489CB9DCB9E54F9E.d.3DB510EC494BCC2F6742B950BE605439.e.16534","ELEMENT":"f.4917B356C9E108E3489CB9DCB9E54F9E.d.3DB510EC494BCC2F6742B950BE605439.e.16534"}]}
RESULT: {"script":"<script> [56 bytes]","args":[{"element-6066-11e4-a52e-4f735466cecf":"f.4917B356C9E108E3489CB9DCB9E54F9E.d.3DB510EC494BCC2F6742B950BE605439.e.16534","ELEMENT":"f.4917B356C9E108E3489CB9DCB9E54F9E.d.3DB510EC494BCC2F6742B950BE605439.e.16534"}]}
COMMAND: GET /session/fcfdec3f19b04732468f3b81cff77eec/screenshot - {}
COMMAND: GET /session/fcfdec3f19b04732468f3b81cff77eec/screenshot - {}
RESULT: {}
]]></system-out>
      <system-err><![CDATA[
Error: expect(received).toEqual(expected) // deep equality

Expected: "provide (issued)"
Received: "provide (received)"
    at Context.<anonymous> (D:\a\1\s\test\specs\HTR\provide-to-site-wo-warehouse-w-clarification.spec.js:269:30)
]]></system-err>
    </testcase>
    <testcase classname="chrome.136_0_7103_93.windows.Provide_to_Site_w/o_warehouse_management_w_clarification" name="Should Test for Handover Execution" time="16.164">
      <system-out><![CDATA[
COMMAND: GET /session/fcfdec3f19b04732468f3b81cff77eec/screenshot - {}
COMMAND: POST /session/fcfdec3f19b04732468f3b81cff77eec/element - {"using":"xpath","value":"(//span[contains(@id, \"imgNav\")])[1]"}
RESULT: {}
RESULT: {}
RESULT: {"using":"xpath","value":"(//span[contains(@id, \"imgNav\")])[1]"}
COMMAND: POST /session/fcfdec3f19b04732468f3b81cff77eec/element/f.4917B356C9E108E3489CB9DCB9E54F9E.d.3DB510EC494BCC2F6742B950BE605439.e.16535/click - {}
RESULT: {}
COMMAND: GET /session/fcfdec3f19b04732468f3b81cff77eec/screenshot - {}
RESULT: {}
COMMAND: POST /session/fcfdec3f19b04732468f3b81cff77eec/element - {"using":"css selector","value":"#shell-header-logo"}
RESULT: {"using":"css selector","value":"#shell-header-logo"}
COMMAND: POST /session/fcfdec3f19b04732468f3b81cff77eec/element/f.4917B356C9E108E3489CB9DCB9E54F9E.d.3DB510EC494BCC2F6742B950BE605439.e.15327/click - {}
RESULT: {}
COMMAND: GET /session/fcfdec3f19b04732468f3b81cff77eec/screenshot - {}
RESULT: {}
]]></system-out>
    </testcase>
    <testcase classname="chrome.136_0_7103_93.windows.Provide_to_Site_w/o_warehouse_management_w_clarification" name="Should test for Clarification" time="0.004">
      <system-out><![CDATA[
COMMAND: POST /session/fcfdec3f19b04732468f3b81cff77eec/element - {"using":"css selector","value":"#j_username"}
COMMAND: POST /session/fcfdec3f19b04732468f3b81cff77eec/url - {"url":"https://qa-testing-00-live-etm-ui.cfapps.eu10-004.hana.ondemand.com/"}
COMMAND: GET /session/fcfdec3f19b04732468f3b81cff77eec/screenshot - {}
RESULT: {"using":"css selector","value":"#j_username"}
COMMAND: POST /session/fcfdec3f19b04732468f3b81cff77eec/element - {"using":"css selector","value":"#j_username"}
RESULT: {"url":"https://qa-testing-00-live-etm-ui.cfapps.eu10-004.hana.ondemand.com/"}
RESULT: undefined
COMMAND: GET /session/fcfdec3f19b04732468f3b81cff77eec/screenshot - {}
RESULT: {}
RESULT: {"using":"css selector","value":"#j_username"}
COMMAND: POST /session/fcfdec3f19b04732468f3b81cff77eec/element - {"using":"css selector","value":"#shell-header-logo"}
RESULT: {}
RESULT: {"using":"css selector","value":"#shell-header-logo"}
COMMAND: POST /session/fcfdec3f19b04732468f3b81cff77eec/execute/sync - {"script":"<script> [8489 bytes]","args":[{"element-6066-11e4-a52e-4f735466cecf":"f.4917B356C9E108E3489CB9DCB9E54F9E.d.A28978BC5C2C70BD262AED1EB925B42C.e.16600","ELEMENT":"f.4917B356C9E108E3489CB9DCB9E54F9E.d.A28978BC5C2C70BD262AED1EB925B42C.e.16600"}]}
RESULT: {"script":"<script> [8489 bytes]","args":[{"element-6066-11e4-a52e-4f735466cecf":"f.4917B356C9E108E3489CB9DCB9E54F9E.d.A28978BC5C2C70BD262AED1EB925B42C.e.16600","ELEMENT":"f.4917B356C9E108E3489CB9DCB9E54F9E.d.A28978BC5C2C70BD262AED1EB925B42C.e.16600"}]}
COMMAND: POST /session/fcfdec3f19b04732468f3b81cff77eec/element - {"using":"css selector","value":"#shell-header-logo"}
COMMAND: GET /session/fcfdec3f19b04732468f3b81cff77eec/screenshot - {}
RESULT: {"using":"css selector","value":"#shell-header-logo"}
COMMAND: POST /session/fcfdec3f19b04732468f3b81cff77eec/execute/sync - {"script":"<script> [8489 bytes]","args":[{"element-6066-11e4-a52e-4f735466cecf":"f.4917B356C9E108E3489CB9DCB9E54F9E.d.A28978BC5C2C70BD262AED1EB925B42C.e.16600","ELEMENT":"f.4917B356C9E108E3489CB9DCB9E54F9E.d.A28978BC5C2C70BD262AED1EB925B42C.e.16600"}]}
RESULT: {}
RESULT: {"script":"<script> [8489 bytes]","args":[{"element-6066-11e4-a52e-4f735466cecf":"f.4917B356C9E108E3489CB9DCB9E54F9E.d.A28978BC5C2C70BD262AED1EB925B42C.e.16600","ELEMENT":"f.4917B356C9E108E3489CB9DCB9E54F9E.d.A28978BC5C2C70BD262AED1EB925B42C.e.16600"}]}
COMMAND: POST /session/fcfdec3f19b04732468f3b81cff77eec/execute/sync - {"script":"<script> [5351 bytes]","args":[{"element-6066-11e4-a52e-4f735466cecf":"f.4917B356C9E108E3489CB9DCB9E54F9E.d.A28978BC5C2C70BD262AED1EB925B42C.e.16600","ELEMENT":"f.4917B356C9E108E3489CB9DCB9E54F9E.d.A28978BC5C2C70BD262AED1EB925B42C.e.16600"}]}
COMMAND: GET /session/fcfdec3f19b04732468f3b81cff77eec/screenshot - {}
RESULT: {"script":"<script> [5351 bytes]","args":[{"element-6066-11e4-a52e-4f735466cecf":"f.4917B356C9E108E3489CB9DCB9E54F9E.d.A28978BC5C2C70BD262AED1EB925B42C.e.16600","ELEMENT":"f.4917B356C9E108E3489CB9DCB9E54F9E.d.A28978BC5C2C70BD262AED1EB925B42C.e.16600"}]}
COMMAND: POST /session/fcfdec3f19b04732468f3b81cff77eec/element - {"using":"css selector","value":"#shell-header-logo"}
COMMAND: GET /session/fcfdec3f19b04732468f3b81cff77eec/screenshot - {}
RESULT: {}
RESULT: {"using":"css selector","value":"#shell-header-logo"}
COMMAND: POST /session/fcfdec3f19b04732468f3b81cff77eec/element/f.4917B356C9E108E3489CB9DCB9E54F9E.d.A28978BC5C2C70BD262AED1EB925B42C.e.16600/click - {}
RESULT: {}
RESULT: {}
COMMAND: GET /session/fcfdec3f19b04732468f3b81cff77eec/screenshot - {}
RESULT: {}
COMMAND: POST /session/fcfdec3f19b04732468f3b81cff77eec/execute/async - {"script":"<script> [189 bytes]","args":[]}
RESULT: {"script":"<script> [189 bytes]","args":[]}
COMMAND: POST /session/fcfdec3f19b04732468f3b81cff77eec/execute/async - {"script":"<script> [123 bytes]","args":[]}
RESULT: {"script":"<script> [123 bytes]","args":[]}
COMMAND: POST /session/fcfdec3f19b04732468f3b81cff77eec/timeouts - {"script":"<number>"}
RESULT: {"script":"<number>"}
COMMAND: GET /session/fcfdec3f19b04732468f3b81cff77eec/timeouts - {}
RESULT: {}
RESULT: undefined
COMMAND: POST /session/fcfdec3f19b04732468f3b81cff77eec/execute/async - {"script":"<script> [2676 bytes]","args":[]}
RESULT: {"script":"<script> [2676 bytes]","args":[]}
COMMAND: POST /session/fcfdec3f19b04732468f3b81cff77eec/execute/async - {"script":"<script> [2342 bytes]","args":[{"protocol":"http","hostname":"0.0.0.0","path":"/","capabilities":{"browserName":"chrome","goog:chromeOptions":{"binary":"C:\\Program Files\\Google\\Chrome\\Application\\chrome.exe","args":["--start-maximized"]}},"logLevel":"warn","connectionRetryTimeout":120000,"connectionRetryCount":3,"logLevels":{},"enableDirectConnect":true,"strictSSL":true,"_":"65 more keys: [\"cacheDir\",\"port\",\"requestedCapabilities\",\"automationProtocol\",\"baseUrl\",\"waitforInterval\",\"waitforTimeout\",\"onReload\",\"beforeCommand\",\"afterCommand\",\"rootDir\",\"specs\",\"suites\",\"exclude\",\"groupLogsByTestSpec\",\"excludeDriverLogs\",\"bail\",\"framework\",\"reporters\",\"services\",\"maxInstances\",\"maxInstancesPerCapability\",\"injectGlobals\",\"filesToWatch\",\"execArgv\",\"runnerEnv\",\"runner\",\"shard\",\"specFileRetries\",\"specFileRetriesDelay\",\"specFileRetriesDeferred\",\"reporterSyncInterval\",\"reporterSyncTimeout\",\"cucumberFeaturesWithLineNumbers\",\"autoCompileOpts\",\"mochaOpts\",\"jasmineOpts\",\"cucumberOpts\",\"onPrepare\",\"onWorkerStart\",\"onWorkerEnd\",\"before\",\"beforeSession\",\"beforeSuite\",\"beforeHook\",\"beforeTest\",\"afterTest\",\"afterHook\",\"afterSuite\",\"afterSession\",\"after\",\"onComplete\",\"beforeAssertion\",\"afterAssertion\",\"beforeFeature\",\"beforeScenario\",\"beforeStep\",\"afterStep\",\"afterScenario\",\"afterFeature\",\"_\",\"suite\",\"$0\",\"ignoredWorkerServices\",\"wdi5\"]"}]}
RESULT: {"script":"<script> [2342 bytes]","args":[{"protocol":"http","hostname":"0.0.0.0","path":"/","capabilities":{"browserName":"chrome","goog:chromeOptions":{"binary":"C:\\Program Files\\Google\\Chrome\\Application\\chrome.exe","args":["--start-maximized"]}},"logLevel":"warn","connectionRetryTimeout":120000,"connectionRetryCount":3,"logLevels":{},"enableDirectConnect":true,"strictSSL":true,"_":"65 more keys: [\"cacheDir\",\"port\",\"requestedCapabilities\",\"automationProtocol\",\"baseUrl\",\"waitforInterval\",\"waitforTimeout\",\"onReload\",\"beforeCommand\",\"afterCommand\",\"rootDir\",\"specs\",\"suites\",\"exclude\",\"groupLogsByTestSpec\",\"excludeDriverLogs\",\"bail\",\"framework\",\"reporters\",\"services\",\"maxInstances\",\"maxInstancesPerCapability\",\"injectGlobals\",\"filesToWatch\",\"execArgv\",\"runnerEnv\",\"runner\",\"shard\",\"specFileRetries\",\"specFileRetriesDelay\",\"specFileRetriesDeferred\",\"reporterSyncInterval\",\"reporterSyncTimeout\",\"cucumberFeaturesWithLineNumbers\",\"autoCompileOpts\",\"mochaOpts\",\"jasmineOpts\",\"cucumberOpts\",\"onPrepare\",\"onWorkerStart\",\"onWorkerEnd\",\"before\",\"beforeSession\",\"beforeSuite\",\"beforeHook\",\"beforeTest\",\"afterTest\",\"afterHook\",\"afterSuite\",\"afterSession\",\"after\",\"onComplete\",\"beforeAssertion\",\"afterAssertion\",\"beforeFeature\",\"beforeScenario\",\"beforeStep\",\"afterStep\",\"afterScenario\",\"afterFeature\",\"_\",\"suite\",\"$0\",\"ignoredWorkerServices\",\"wdi5\"]"}]}
COMMAND: POST /session/fcfdec3f19b04732468f3b81cff77eec/execute/async - {"script":"<script> [21126 bytes]","args":[35000]}
RESULT: {"script":"<script> [21126 bytes]","args":[35000]}
COMMAND: POST /session/fcfdec3f19b04732468f3b81cff77eec/window/maximize - {}
RESULT: {}
COMMAND: POST /session/fcfdec3f19b04732468f3b81cff77eec/execute/async - {"script":"<script> [1562 bytes]","args":[{"selector":{"id":"shell-header","interaction":{"idSuffix":"icon"}},"wdio_ui5_key":"shellheader"}]}
COMMAND: GET /session/fcfdec3f19b04732468f3b81cff77eec/screenshot - {}
RESULT: {"script":"<script> [1562 bytes]","args":[{"selector":{"id":"shell-header","interaction":{"idSuffix":"icon"}},"wdio_ui5_key":"shellheader"}]}
RESULT: undefined
COMMAND: POST /session/fcfdec3f19b04732468f3b81cff77eec/window/fullscreen - {}
RESULT: {}
RESULT: {}
]]></system-out>
    </testcase>
  </testsuite>
  <testsuite timestamp="2025-05-24T17:11:42" time="167.718" tests="4" failures="0" errors="0" skipped="0">
    <properties>
      <property name="specId" value="0"/>
      <property name="suiteName" value="Provide to Site w/o warehouse management w/o clarification US116612"/>
      <property name="capabilities" value="chrome.136_0_7103_93.windows"/>
      <property name="file" value="file:///D:/a/1/s/test/specs/HTR/provide-to-site-wo-warehouse-wo-clarification.spec.js"/>
    </properties>
    <testcase classname="chrome.136_0_7103_93.windows.Provide_to_Site_w/o_warehouse_management_w/o_clarification_US116612" name="Should create a new yard" time="0.017">
      <system-out><![CDATA[
COMMAND: POST /session/fcfdec3f19b04732468f3b81cff77eec/window/fullscreen - {}
RESULT: {}
]]></system-out>
    </testcase>
    <testcase classname="chrome.136_0_7103_93.windows.Provide_to_Site_w/o_warehouse_management_w/o_clarification_US116612" name="Should create a new external partner" time="0.005"/>
    <testcase classname="chrome.136_0_7103_93.windows.Provide_to_Site_w/o_warehouse_management_w/o_clarification_US116612" name="Should create a new site" time="0.005"/>
    <testcase classname="chrome.136_0_7103_93.windows.Provide_to_Site_w/o_warehouse_management_w/o_clarification_US116612" name="Should create a new material" time="149.118">
      <system-out><![CDATA[
COMMAND: POST /session/fcfdec3f19b04732468f3b81cff77eec/execute/async - {"script":"<script> [1562 bytes]","args":[{"selector":{"controlType":"sap.m.GenericTile","properties":{"header":"Manage Resources"}},"wdio_ui5_key":"sapm.GenericTile{\"header\":\"Manage Resources\"}"}]}
RESULT: {"script":"<script> [1562 bytes]","args":[{"selector":{"controlType":"sap.m.GenericTile","properties":{"header":"Manage Resources"}},"wdio_ui5_key":"sapm.GenericTile{\"header\":\"Manage Resources\"}"}]}
RESULT: undefined
COMMAND: POST /session/fcfdec3f19b04732468f3b81cff77eec/element - {"using":"xpath","value":"//*[@id=\"__tile31\"]"}
RESULT: {"using":"xpath","value":"//*[@id=\"__tile31\"]"}
COMMAND: POST /session/fcfdec3f19b04732468f3b81cff77eec/element/f.4917B356C9E108E3489CB9DCB9E54F9E.d.A28978BC5C2C70BD262AED1EB925B42C.e.16622/click - {}
RESULT: {}
COMMAND: GET /session/fcfdec3f19b04732468f3b81cff77eec/screenshot - {}
RESULT: {}
COMMAND: POST /session/fcfdec3f19b04732468f3b81cff77eec/elements - {"using":"xpath","value":"//span[text()='Error']"}
RESULT: {"using":"xpath","value":"//span[text()='Error']"}
COMMAND: POST /session/fcfdec3f19b04732468f3b81cff77eec/element - {"using":"xpath","value":"//button[@data-kt=\"addNewRUOverflowToolbarButton\"]"}
RESULT: {"using":"xpath","value":"//button[@data-kt=\"addNewRUOverflowToolbarButton\"]"}
COMMAND: POST /session/fcfdec3f19b04732468f3b81cff77eec/elements - {"using":"xpath","value":"//button[@data-kt=\"addNewRUOverflowToolbarButton\"]"}
RESULT: {"using":"xpath","value":"//button[@data-kt=\"addNewRUOverflowToolbarButton\"]"}
COMMAND: POST /session/fcfdec3f19b04732468f3b81cff77eec/elements - {"using":"xpath","value":"//button[@data-kt=\"addNewRUOverflowToolbarButton\"]"}
RESULT: {"using":"xpath","value":"//button[@data-kt=\"addNewRUOverflowToolbarButton\"]"}
COMMAND: POST /session/fcfdec3f19b04732468f3b81cff77eec/elements - {"using":"xpath","value":"//button[@data-kt=\"addNewRUOverflowToolbarButton\"]"}
RESULT: {"using":"xpath","value":"//button[@data-kt=\"addNewRUOverflowToolbarButton\"]"}
COMMAND: POST /session/fcfdec3f19b04732468f3b81cff77eec/elements - {"using":"xpath","value":"//button[@data-kt=\"addNewRUOverflowToolbarButton\"]"}
RESULT: {"using":"xpath","value":"//button[@data-kt=\"addNewRUOverflowToolbarButton\"]"}
COMMAND: POST /session/fcfdec3f19b04732468f3b81cff77eec/elements - {"using":"xpath","value":"//button[@data-kt=\"addNewRUOverflowToolbarButton\"]"}
RESULT: {"using":"xpath","value":"//button[@data-kt=\"addNewRUOverflowToolbarButton\"]"}
COMMAND: POST /session/fcfdec3f19b04732468f3b81cff77eec/elements - {"using":"xpath","value":"//button[@data-kt=\"addNewRUOverflowToolbarButton\"]"}
RESULT: {"using":"xpath","value":"//button[@data-kt=\"addNewRUOverflowToolbarButton\"]"}
COMMAND: POST /session/fcfdec3f19b04732468f3b81cff77eec/elements - {"using":"xpath","value":"//button[@data-kt=\"addNewRUOverflowToolbarButton\"]"}
RESULT: {"using":"xpath","value":"//button[@data-kt=\"addNewRUOverflowToolbarButton\"]"}
COMMAND: POST /session/fcfdec3f19b04732468f3b81cff77eec/elements - {"using":"xpath","value":"//button[@data-kt=\"addNewRUOverflowToolbarButton\"]"}
RESULT: {"using":"xpath","value":"//button[@data-kt=\"addNewRUOverflowToolbarButton\"]"}
COMMAND: POST /session/fcfdec3f19b04732468f3b81cff77eec/elements - {"using":"xpath","value":"//button[@data-kt=\"addNewRUOverflowToolbarButton\"]"}
RESULT: {"using":"xpath","value":"//button[@data-kt=\"addNewRUOverflowToolbarButton\"]"}
COMMAND: POST /session/fcfdec3f19b04732468f3b81cff77eec/elements - {"using":"xpath","value":"//button[@data-kt=\"addNewRUOverflowToolbarButton\"]"}
RESULT: {"using":"xpath","value":"//button[@data-kt=\"addNewRUOverflowToolbarButton\"]"}
COMMAND: POST /session/fcfdec3f19b04732468f3b81cff77eec/elements - {"using":"xpath","value":"//button[@data-kt=\"addNewRUOverflowToolbarButton\"]"}
RESULT: {"using":"xpath","value":"//button[@data-kt=\"addNewRUOverflowToolbarButton\"]"}
COMMAND: POST /session/fcfdec3f19b04732468f3b81cff77eec/elements - {"using":"xpath","value":"//button[@data-kt=\"addNewRUOverflowToolbarButton\"]"}
RESULT: {"using":"xpath","value":"//button[@data-kt=\"addNewRUOverflowToolbarButton\"]"}
COMMAND: POST /session/fcfdec3f19b04732468f3b81cff77eec/elements - {"using":"xpath","value":"//button[@data-kt=\"addNewRUOverflowToolbarButton\"]"}
RESULT: {"using":"xpath","value":"//button[@data-kt=\"addNewRUOverflowToolbarButton\"]"}
COMMAND: POST /session/fcfdec3f19b04732468f3b81cff77eec/elements - {"using":"xpath","value":"//button[@data-kt=\"addNewRUOverflowToolbarButton\"]"}
RESULT: {"using":"xpath","value":"//button[@data-kt=\"addNewRUOverflowToolbarButton\"]"}
COMMAND: POST /session/fcfdec3f19b04732468f3b81cff77eec/elements - {"using":"xpath","value":"//button[@data-kt=\"addNewRUOverflowToolbarButton\"]"}
RESULT: {"using":"xpath","value":"//button[@data-kt=\"addNewRUOverflowToolbarButton\"]"}
COMMAND: POST /session/fcfdec3f19b04732468f3b81cff77eec/elements - {"using":"xpath","value":"//button[@data-kt=\"addNewRUOverflowToolbarButton\"]"}
RESULT: {"using":"xpath","value":"//button[@data-kt=\"addNewRUOverflowToolbarButton\"]"}
COMMAND: POST /session/fcfdec3f19b04732468f3b81cff77eec/elements - {"using":"xpath","value":"//button[@data-kt=\"addNewRUOverflowToolbarButton\"]"}
RESULT: {"using":"xpath","value":"//button[@data-kt=\"addNewRUOverflowToolbarButton\"]"}
COMMAND: POST /session/fcfdec3f19b04732468f3b81cff77eec/element - {"using":"xpath","value":"//button[@data-kt=\"addNewRUOverflowToolbarButton\"]"}
RESULT: {"using":"xpath","value":"//button[@data-kt=\"addNewRUOverflowToolbarButton\"]"}
COMMAND: POST /session/fcfdec3f19b04732468f3b81cff77eec/execute/sync - {"script":"<script> [8489 bytes]","args":[{"element-6066-11e4-a52e-4f735466cecf":"f.4917B356C9E108E3489CB9DCB9E54F9E.d.A28978BC5C2C70BD262AED1EB925B42C.e.16750","ELEMENT":"f.4917B356C9E108E3489CB9DCB9E54F9E.d.A28978BC5C2C70BD262AED1EB925B42C.e.16750"}]}
RESULT: {"script":"<script> [8489 bytes]","args":[{"element-6066-11e4-a52e-4f735466cecf":"f.4917B356C9E108E3489CB9DCB9E54F9E.d.A28978BC5C2C70BD262AED1EB925B42C.e.16750","ELEMENT":"f.4917B356C9E108E3489CB9DCB9E54F9E.d.A28978BC5C2C70BD262AED1EB925B42C.e.16750"}]}
COMMAND: GET /session/fcfdec3f19b04732468f3b81cff77eec/element/f.4917B356C9E108E3489CB9DCB9E54F9E.d.A28978BC5C2C70BD262AED1EB925B42C.e.16750/enabled - {}
COMMAND: GET /session/fcfdec3f19b04732468f3b81cff77eec/screenshot - {}
RESULT: {}
COMMAND: POST /session/fcfdec3f19b04732468f3b81cff77eec/execute/sync - {"script":"<script> [8489 bytes]","args":[{"element-6066-11e4-a52e-4f735466cecf":"f.4917B356C9E108E3489CB9DCB9E54F9E.d.A28978BC5C2C70BD262AED1EB925B42C.e.16750","ELEMENT":"f.4917B356C9E108E3489CB9DCB9E54F9E.d.A28978BC5C2C70BD262AED1EB925B42C.e.16750"}]}
COMMAND: GET /session/fcfdec3f19b04732468f3b81cff77eec/screenshot - {}
RESULT: {}
RESULT: {"script":"<script> [8489 bytes]","args":[{"element-6066-11e4-a52e-4f735466cecf":"f.4917B356C9E108E3489CB9DCB9E54F9E.d.A28978BC5C2C70BD262AED1EB925B42C.e.16750","ELEMENT":"f.4917B356C9E108E3489CB9DCB9E54F9E.d.A28978BC5C2C70BD262AED1EB925B42C.e.16750"}]}
COMMAND: POST /session/fcfdec3f19b04732468f3b81cff77eec/execute/sync - {"script":"<script> [5351 bytes]","args":[{"element-6066-11e4-a52e-4f735466cecf":"f.4917B356C9E108E3489CB9DCB9E54F9E.d.A28978BC5C2C70BD262AED1EB925B42C.e.16750","ELEMENT":"f.4917B356C9E108E3489CB9DCB9E54F9E.d.A28978BC5C2C70BD262AED1EB925B42C.e.16750"}]}
COMMAND: GET /session/fcfdec3f19b04732468f3b81cff77eec/screenshot - {}
RESULT: {}
RESULT: {"script":"<script> [5351 bytes]","args":[{"element-6066-11e4-a52e-4f735466cecf":"f.4917B356C9E108E3489CB9DCB9E54F9E.d.A28978BC5C2C70BD262AED1EB925B42C.e.16750","ELEMENT":"f.4917B356C9E108E3489CB9DCB9E54F9E.d.A28978BC5C2C70BD262AED1EB925B42C.e.16750"}]}
COMMAND: POST /session/fcfdec3f19b04732468f3b81cff77eec/element/f.4917B356C9E108E3489CB9DCB9E54F9E.d.A28978BC5C2C70BD262AED1EB925B42C.e.16750/click - {}
COMMAND: GET /session/fcfdec3f19b04732468f3b81cff77eec/screenshot - {}
RESULT: {}
RESULT: {}
COMMAND: GET /session/fcfdec3f19b04732468f3b81cff77eec/screenshot - {}
COMMAND: POST /session/fcfdec3f19b04732468f3b81cff77eec/execute/async - {"script":"<script> [1562 bytes]","args":[{"selector":{"id":"application-manageresources-display-component---newResourceUnit--TYPE-arrow"},"wdio_ui5_key":"applicationmanageresources-display-component---newResourceUnit--TYPE-arrow"}]}
RESULT: {}
RESULT: {}
RESULT: {"script":"<script> [1562 bytes]","args":[{"selector":{"id":"application-manageresources-display-component---newResourceUnit--TYPE-arrow"},"wdio_ui5_key":"applicationmanageresources-display-component---newResourceUnit--TYPE-arrow"}]}
RESULT: undefined
COMMAND: POST /session/fcfdec3f19b04732468f3b81cff77eec/element - {"using":"xpath","value":"//*[@id=\"application-manageresources-display-component---newResourceUnit--TYPE-arrow\"]"}
RESULT: {"using":"xpath","value":"//*[@id=\"application-manageresources-display-component---newResourceUnit--TYPE-arrow\"]"}
COMMAND: POST /session/fcfdec3f19b04732468f3b81cff77eec/element/f.4917B356C9E108E3489CB9DCB9E54F9E.d.A28978BC5C2C70BD262AED1EB925B42C.e.17172/click - {}
RESULT: {}
COMMAND: POST /session/fcfdec3f19b04732468f3b81cff77eec/element - {"using":"xpath","value":"//input[@id=\"application-manageresources-display-component---newResourceUnit--TYPE-inner\"]"}
COMMAND: GET /session/fcfdec3f19b04732468f3b81cff77eec/screenshot - {}
RESULT: {"using":"xpath","value":"//input[@id=\"application-manageresources-display-component---newResourceUnit--TYPE-inner\"]"}
COMMAND: POST /session/fcfdec3f19b04732468f3b81cff77eec/element/f.4917B356C9E108E3489CB9DCB9E54F9E.d.A28978BC5C2C70BD262AED1EB925B42C.e.17054/clear - {}
RESULT: {}
RESULT: {}
COMMAND: POST /session/fcfdec3f19b04732468f3b81cff77eec/element/f.4917B356C9E108E3489CB9DCB9E54F9E.d.A28978BC5C2C70BD262AED1EB925B42C.e.17054/value - {"text":"Material"}
COMMAND: GET /session/fcfdec3f19b04732468f3b81cff77eec/screenshot - {}
RESULT: {"text":"Material"}
COMMAND: GET /session/fcfdec3f19b04732468f3b81cff77eec/screenshot - {}
RESULT: {}
RESULT: {}
COMMAND: POST /session/fcfdec3f19b04732468f3b81cff77eec/actions - {"actions":[{"id":"action52","type":"key","parameters":{},"actions":[{"type":"keyDown","value":""},{"type":"pause","duration":10},{"type":"keyUp","value":""}]}]}
RESULT: {"actions":[{"id":"action52","type":"key","parameters":{},"actions":[{"type":"keyDown","value":""},{"type":"pause","duration":10},{"type":"keyUp","value":""}]}]}
COMMAND: POST /session/fcfdec3f19b04732468f3b81cff77eec/execute/async - {"script":"<script> [1562 bytes]","args":[{"selector":{"id":"application-manageresources-display-component---newResourceUnit--SHORT_TEXT","interaction":{"idSuffix":"inner"}},"wdio_ui5_key":"applicationmanageresources-display-component---newResourceUnit--SHORT_TEXT"}]}
COMMAND: GET /session/fcfdec3f19b04732468f3b81cff77eec/screenshot - {}
RESULT: {"script":"<script> [1562 bytes]","args":[{"selector":{"id":"application-manageresources-display-component---newResourceUnit--SHORT_TEXT","interaction":{"idSuffix":"inner"}},"wdio_ui5_key":"applicationmanageresources-display-component---newResourceUnit--SHORT_TEXT"}]}
RESULT: undefined
COMMAND: POST /session/fcfdec3f19b04732468f3b81cff77eec/execute/async - {"script":"<script> [776 bytes]","args":[{"enterText":"Cement WDIO","selector":{"id":"application-manageresources-display-component---newResourceUnit--SHORT_TEXT","interaction":{"idSuffix":"inner"}},"clearTextFirst":true,"interactionType":"ENTER_TEXT"}]}
RESULT: {}
RESULT: {"script":"<script> [776 bytes]","args":[{"enterText":"Cement WDIO","selector":{"id":"application-manageresources-display-component---newResourceUnit--SHORT_TEXT","interaction":{"idSuffix":"inner"}},"clearTextFirst":true,"interactionType":"ENTER_TEXT"}]}
COMMAND: POST /session/fcfdec3f19b04732468f3b81cff77eec/execute/async - {"script":"<script> [1562 bytes]","args":[{"selector":{"id":"application-manageresources-display-component---newResourceUnit--BASE_UNIT_OF_MEASURE","interaction":{"idSuffix":"inner"}},"wdio_ui5_key":"applicationmanageresources-display-component---newResourceUnit--BASE_UNIT_OF_MEASURE"}]}
RESULT: {"script":"<script> [1562 bytes]","args":[{"selector":{"id":"application-manageresources-display-component---newResourceUnit--BASE_UNIT_OF_MEASURE","interaction":{"idSuffix":"inner"}},"wdio_ui5_key":"applicationmanageresources-display-component---newResourceUnit--BASE_UNIT_OF_MEASURE"}]}
RESULT: undefined
COMMAND: POST /session/fcfdec3f19b04732468f3b81cff77eec/execute/async - {"script":"<script> [776 bytes]","args":[{"enterText":"Piece","selector":{"id":"application-manageresources-display-component---newResourceUnit--BASE_UNIT_OF_MEASURE","interaction":{"idSuffix":"inner"}},"clearTextFirst":true,"interactionType":"ENTER_TEXT"}]}
RESULT: {"script":"<script> [776 bytes]","args":[{"enterText":"Piece","selector":{"id":"application-manageresources-display-component---newResourceUnit--BASE_UNIT_OF_MEASURE","interaction":{"idSuffix":"inner"}},"clearTextFirst":true,"interactionType":"ENTER_TEXT"}]}
COMMAND: POST /session/fcfdec3f19b04732468f3b81cff77eec/execute/async - {"script":"<script> [1562 bytes]","args":[{"selector":{"id":"application-manageresources-display-component---newResourceUnit--WEIGHT_UNIT","interaction":{"idSuffix":"inner"}},"wdio_ui5_key":"applicationmanageresources-display-component---newResourceUnit--WEIGHT_UNIT"}]}
RESULT: {"script":"<script> [1562 bytes]","args":[{"selector":{"id":"application-manageresources-display-component---newResourceUnit--WEIGHT_UNIT","interaction":{"idSuffix":"inner"}},"wdio_ui5_key":"applicationmanageresources-display-component---newResourceUnit--WEIGHT_UNIT"}]}
RESULT: undefined
COMMAND: POST /session/fcfdec3f19b04732468f3b81cff77eec/execute/async - {"script":"<script> [776 bytes]","args":[{"enterText":"Gram","selector":{"id":"application-manageresources-display-component---newResourceUnit--WEIGHT_UNIT","interaction":{"idSuffix":"inner"}},"clearTextFirst":true,"interactionType":"ENTER_TEXT"}]}
RESULT: {"script":"<script> [776 bytes]","args":[{"enterText":"Gram","selector":{"id":"application-manageresources-display-component---newResourceUnit--WEIGHT_UNIT","interaction":{"idSuffix":"inner"}},"clearTextFirst":true,"interactionType":"ENTER_TEXT"}]}
COMMAND: POST /session/fcfdec3f19b04732468f3b81cff77eec/execute/async - {"script":"<script> [1562 bytes]","args":[{"selector":{"id":"application-manageresources-display-component---newResourceUnit--DIMENSION_UNIT","interaction":{"idSuffix":"inner"}},"wdio_ui5_key":"applicationmanageresources-display-component---newResourceUnit--DIMENSION_UNIT"}]}
RESULT: {"script":"<script> [1562 bytes]","args":[{"selector":{"id":"application-manageresources-display-component---newResourceUnit--DIMENSION_UNIT","interaction":{"idSuffix":"inner"}},"wdio_ui5_key":"applicationmanageresources-display-component---newResourceUnit--DIMENSION_UNIT"}]}
RESULT: undefined
COMMAND: POST /session/fcfdec3f19b04732468f3b81cff77eec/execute/async - {"script":"<script> [776 bytes]","args":[{"enterText":"Meter","selector":{"id":"application-manageresources-display-component---newResourceUnit--DIMENSION_UNIT","interaction":{"idSuffix":"inner"}},"clearTextFirst":true,"interactionType":"ENTER_TEXT"}]}
RESULT: {"script":"<script> [776 bytes]","args":[{"enterText":"Meter","selector":{"id":"application-manageresources-display-component---newResourceUnit--DIMENSION_UNIT","interaction":{"idSuffix":"inner"}},"clearTextFirst":true,"interactionType":"ENTER_TEXT"}]}
COMMAND: POST /session/fcfdec3f19b04732468f3b81cff77eec/execute/async - {"script":"<script> [1562 bytes]","args":[{"selector":{"id":"application-manageresources-display-component---newResourceUnit--newRRUPage-anchBar-application-manageresources-display-component---newResourceUnit--control-anchor","interaction":{"idSuffix":"BDI-content"}},"wdio_ui5_key":"applicationmanageresources-display-component---newResourceUnit--newRRUPage-anchBar-application-manageresources-display-component---newResourceUnit--control-anchor"}]}
RESULT: {"script":"<script> [1562 bytes]","args":[{"selector":{"id":"application-manageresources-display-component---newResourceUnit--newRRUPage-anchBar-application-manageresources-display-component---newResourceUnit--control-anchor","interaction":{"idSuffix":"BDI-content"}},"wdio_ui5_key":"applicationmanageresources-display-component---newResourceUnit--newRRUPage-anchBar-application-manageresources-display-component---newResourceUnit--control-anchor"}]}
RESULT: undefined
COMMAND: POST /session/fcfdec3f19b04732468f3b81cff77eec/element - {"using":"xpath","value":"//*[@id=\"application-manageresources-display-component---newResourceUnit--newRRUPage-anchBar-application-manageresources-display-component---newResourceUnit--control-anchor\"]"}
RESULT: {"using":"xpath","value":"//*[@id=\"application-manageresources-display-component---newResourceUnit--newRRUPage-anchBar-application-manageresources-display-component---newResourceUnit--control-anchor\"]"}
COMMAND: POST /session/fcfdec3f19b04732468f3b81cff77eec/element/f.4917B356C9E108E3489CB9DCB9E54F9E.d.A28978BC5C2C70BD262AED1EB925B42C.e.17304/click - {}
RESULT: {}
COMMAND: POST /session/fcfdec3f19b04732468f3b81cff77eec/execute/async - {"script":"<script> [1562 bytes]","args":[{"selector":{"id":"application-manageresources-display-component---newResourceUnit--PLANNING_GROUP","interaction":{"idSuffix":"inner"}},"wdio_ui5_key":"applicationmanageresources-display-component---newResourceUnit--PLANNING_GROUP"}]}
COMMAND: GET /session/fcfdec3f19b04732468f3b81cff77eec/screenshot - {}
RESULT: {"script":"<script> [1562 bytes]","args":[{"selector":{"id":"application-manageresources-display-component---newResourceUnit--PLANNING_GROUP","interaction":{"idSuffix":"inner"}},"wdio_ui5_key":"applicationmanageresources-display-component---newResourceUnit--PLANNING_GROUP"}]}
RESULT: undefined
COMMAND: POST /session/fcfdec3f19b04732468f3b81cff77eec/execute/async - {"script":"<script> [776 bytes]","args":[{"enterText":"Material","selector":{"id":"application-manageresources-display-component---newResourceUnit--PLANNING_GROUP","interaction":{"idSuffix":"inner"}},"clearTextFirst":true,"interactionType":"ENTER_TEXT"}]}
RESULT: {}
RESULT: {"script":"<script> [776 bytes]","args":[{"enterText":"Material","selector":{"id":"application-manageresources-display-component---newResourceUnit--PLANNING_GROUP","interaction":{"idSuffix":"inner"}},"clearTextFirst":true,"interactionType":"ENTER_TEXT"}]}
COMMAND: POST /session/fcfdec3f19b04732468f3b81cff77eec/execute/async - {"script":"<script> [1562 bytes]","args":[{"selector":{"id":"application-manageresources-display-component---newResourceUnit--PLANNING_INDICATOR","interaction":{"idSuffix":"inner"}},"wdio_ui5_key":"applicationmanageresources-display-component---newResourceUnit--PLANNING_INDICATOR"}]}
RESULT: {"script":"<script> [1562 bytes]","args":[{"selector":{"id":"application-manageresources-display-component---newResourceUnit--PLANNING_INDICATOR","interaction":{"idSuffix":"inner"}},"wdio_ui5_key":"applicationmanageresources-display-component---newResourceUnit--PLANNING_INDICATOR"}]}
RESULT: undefined
COMMAND: POST /session/fcfdec3f19b04732468f3b81cff77eec/execute/async - {"script":"<script> [776 bytes]","args":[{"enterText":"10 - infinite","selector":{"id":"application-manageresources-display-component---newResourceUnit--PLANNING_INDICATOR","interaction":{"idSuffix":"inner"}},"clearTextFirst":true,"interactionType":"ENTER_TEXT"}]}
RESULT: {"script":"<script> [776 bytes]","args":[{"enterText":"10 - infinite","selector":{"id":"application-manageresources-display-component---newResourceUnit--PLANNING_INDICATOR","interaction":{"idSuffix":"inner"}},"clearTextFirst":true,"interactionType":"ENTER_TEXT"}]}
COMMAND: POST /session/fcfdec3f19b04732468f3b81cff77eec/element - {"using":"css selector","value":"#application-manageresources-display-component---newResourceUnit--btnAddTimeSegment"}
RESULT: {"using":"css selector","value":"#application-manageresources-display-component---newResourceUnit--btnAddTimeSegment"}
COMMAND: GET /session/fcfdec3f19b04732468f3b81cff77eec/element/f.4917B356C9E108E3489CB9DCB9E54F9E.d.A28978BC5C2C70BD262AED1EB925B42C.e.17314/rect - {}
RESULT: {}
COMMAND: GET /session/fcfdec3f19b04732468f3b81cff77eec/window/rect - {}
RESULT: {}
COMMAND: POST /session/fcfdec3f19b04732468f3b81cff77eec/execute/sync - {"script":"<script> [92 bytes]","args":[]}
RESULT: {"script":"<script> [92 bytes]","args":[]}
COMMAND: POST /session/fcfdec3f19b04732468f3b81cff77eec/actions - {"actions":[{"id":"action53","type":"wheel","parameters":{},"actions":[{"type":"scroll","x":-1888,"y":-32,"deltaX":0,"deltaY":0,"duration":0,"origin":{"element-6066-11e4-a52e-4f735466cecf":"f.4917B356C9E108E3489CB9DCB9E54F9E.d.A28978BC5C2C70BD262AED1EB925B42C.e.17314"}}]}]}
COMMAND: GET /session/fcfdec3f19b04732468f3b81cff77eec/screenshot - {}
RESULT: {}
COMMAND: POST /session/fcfdec3f19b04732468f3b81cff77eec/execute/sync - {"script":"<script> [79 bytes]","args":[{"element-6066-11e4-a52e-4f735466cecf":"f.4917B356C9E108E3489CB9DCB9E54F9E.d.A28978BC5C2C70BD262AED1EB925B42C.e.17314","ELEMENT":"f.4917B356C9E108E3489CB9DCB9E54F9E.d.A28978BC5C2C70BD262AED1EB925B42C.e.17314"},{"block":"start","inline":"nearest"}]}
RESULT: {"script":"<script> [79 bytes]","args":[{"element-6066-11e4-a52e-4f735466cecf":"f.4917B356C9E108E3489CB9DCB9E54F9E.d.A28978BC5C2C70BD262AED1EB925B42C.e.17314","ELEMENT":"f.4917B356C9E108E3489CB9DCB9E54F9E.d.A28978BC5C2C70BD262AED1EB925B42C.e.17314"},{"block":"start","inline":"nearest"}]}
COMMAND: POST /session/fcfdec3f19b04732468f3b81cff77eec/execute/async - {"script":"<script> [1562 bytes]","args":[{"selector":{"id":"application-manageresources-display-component---newResourceUnit--btnAddTimeSegment","interaction":{"idSuffix":"inner"}},"wdio_ui5_key":"applicationmanageresources-display-component---newResourceUnit--btnAddTimeSegment"}]}
COMMAND: GET /session/fcfdec3f19b04732468f3b81cff77eec/screenshot - {}
RESULT: {"script":"<script> [1562 bytes]","args":[{"selector":{"id":"application-manageresources-display-component---newResourceUnit--btnAddTimeSegment","interaction":{"idSuffix":"inner"}},"wdio_ui5_key":"applicationmanageresources-display-component---newResourceUnit--btnAddTimeSegment"}]}
RESULT: undefined
COMMAND: POST /session/fcfdec3f19b04732468f3b81cff77eec/element - {"using":"xpath","value":"//*[@id=\"application-manageresources-display-component---newResourceUnit--btnAddTimeSegment\"]"}
RESULT: {}
RESULT: {"using":"xpath","value":"//*[@id=\"application-manageresources-display-component---newResourceUnit--btnAddTimeSegment\"]"}
COMMAND: POST /session/fcfdec3f19b04732468f3b81cff77eec/element/f.4917B356C9E108E3489CB9DCB9E54F9E.d.A28978BC5C2C70BD262AED1EB925B42C.e.17314/click - {}
RESULT: {}
COMMAND: GET /session/fcfdec3f19b04732468f3b81cff77eec/screenshot - {}
RESULT: {}
COMMAND: POST /session/fcfdec3f19b04732468f3b81cff77eec/element - {"using":"xpath","value":"//input[@id=\"application-manageresources-display-component---newResourceUnit--idRuTSAdmin-application-manageresources-display-component---newResourceUnit--RUTimeSegment-0-inner\"]"}
RESULT: {"using":"xpath","value":"//input[@id=\"application-manageresources-display-component---newResourceUnit--idRuTSAdmin-application-manageresources-display-component---newResourceUnit--RUTimeSegment-0-inner\"]"}
COMMAND: POST /session/fcfdec3f19b04732468f3b81cff77eec/element/f.4917B356C9E108E3489CB9DCB9E54F9E.d.A28978BC5C2C70BD262AED1EB925B42C.e.17319/clear - {}
RESULT: {}
COMMAND: POST /session/fcfdec3f19b04732468f3b81cff77eec/element/f.4917B356C9E108E3489CB9DCB9E54F9E.d.A28978BC5C2C70BD262AED1EB925B42C.e.17319/value - {"text":"252"}
COMMAND: GET /session/fcfdec3f19b04732468f3b81cff77eec/screenshot - {}
RESULT: {"text":"252"}
COMMAND: GET /session/fcfdec3f19b04732468f3b81cff77eec/screenshot - {}
RESULT: {}
RESULT: {}
COMMAND: POST /session/fcfdec3f19b04732468f3b81cff77eec/element - {"using":"xpath","value":"//li[.//span[text()='252']]"}
RESULT: {"using":"xpath","value":"//li[.//span[text()='252']]"}
COMMAND: POST /session/fcfdec3f19b04732468f3b81cff77eec/element/f.4917B356C9E108E3489CB9DCB9E54F9E.d.A28978BC5C2C70BD262AED1EB925B42C.e.17328/click - {}
RESULT: {}
COMMAND: GET /session/fcfdec3f19b04732468f3b81cff77eec/screenshot - {}
RESULT: {}
COMMAND: POST /session/fcfdec3f19b04732468f3b81cff77eec/element - {"using":"xpath","value":"(//span[contains(@id, \"-application-manageresources-display-component---newResourceUnit--RUTimeSegment-0-arrow\")])[2]"}
RESULT: {"using":"xpath","value":"(//span[contains(@id, \"-application-manageresources-display-component---newResourceUnit--RUTimeSegment-0-arrow\")])[2]"}
COMMAND: POST /session/fcfdec3f19b04732468f3b81cff77eec/element/f.4917B356C9E108E3489CB9DCB9E54F9E.d.A28978BC5C2C70BD262AED1EB925B42C.e.17329/click - {}
RESULT: {}
COMMAND: POST /session/fcfdec3f19b04732468f3b81cff77eec/element - {"using":"xpath","value":"//span[contains(text(), \"PM Order\")]"}
COMMAND: GET /session/fcfdec3f19b04732468f3b81cff77eec/screenshot - {}
RESULT: {"using":"xpath","value":"//span[contains(text(), \"PM Order\")]"}
COMMAND: POST /session/fcfdec3f19b04732468f3b81cff77eec/element/f.4917B356C9E108E3489CB9DCB9E54F9E.d.A28978BC5C2C70BD262AED1EB925B42C.e.17330/click - {}
RESULT: {}
RESULT: {}
COMMAND: GET /session/fcfdec3f19b04732468f3b81cff77eec/screenshot - {}
RESULT: {}
COMMAND: POST /session/fcfdec3f19b04732468f3b81cff77eec/element - {"using":"xpath","value":"//td/div/div/div/span[contains(@id, \"newResourceUnit--RUTimeSegment-0-vhi\")][1]"}
RESULT: {"using":"xpath","value":"//td/div/div/div/span[contains(@id, \"newResourceUnit--RUTimeSegment-0-vhi\")][1]"}
COMMAND: GET /session/fcfdec3f19b04732468f3b81cff77eec/element/f.4917B356C9E108E3489CB9DCB9E54F9E.d.A28978BC5C2C70BD262AED1EB925B42C.e.17334/rect - {}
RESULT: {}
COMMAND: GET /session/fcfdec3f19b04732468f3b81cff77eec/window/rect - {}
RESULT: {}
COMMAND: POST /session/fcfdec3f19b04732468f3b81cff77eec/execute/sync - {"script":"<script> [92 bytes]","args":[]}
RESULT: {"script":"<script> [92 bytes]","args":[]}
COMMAND: POST /session/fcfdec3f19b04732468f3b81cff77eec/actions - {"actions":[{"id":"action54","type":"wheel","parameters":{},"actions":[{"type":"scroll","x":-1888,"y":-24,"deltaX":0,"deltaY":0,"duration":0,"origin":{"element-6066-11e4-a52e-4f735466cecf":"f.4917B356C9E108E3489CB9DCB9E54F9E.d.A28978BC5C2C70BD262AED1EB925B42C.e.17334"}}]}]}
COMMAND: GET /session/fcfdec3f19b04732468f3b81cff77eec/screenshot - {}
RESULT: {}
COMMAND: POST /session/fcfdec3f19b04732468f3b81cff77eec/execute/sync - {"script":"<script> [79 bytes]","args":[{"element-6066-11e4-a52e-4f735466cecf":"f.4917B356C9E108E3489CB9DCB9E54F9E.d.A28978BC5C2C70BD262AED1EB925B42C.e.17334","ELEMENT":"f.4917B356C9E108E3489CB9DCB9E54F9E.d.A28978BC5C2C70BD262AED1EB925B42C.e.17334"},{"block":"start","inline":"nearest"}]}
RESULT: {"script":"<script> [79 bytes]","args":[{"element-6066-11e4-a52e-4f735466cecf":"f.4917B356C9E108E3489CB9DCB9E54F9E.d.A28978BC5C2C70BD262AED1EB925B42C.e.17334","ELEMENT":"f.4917B356C9E108E3489CB9DCB9E54F9E.d.A28978BC5C2C70BD262AED1EB925B42C.e.17334"},{"block":"start","inline":"nearest"}]}
COMMAND: GET /session/fcfdec3f19b04732468f3b81cff77eec/screenshot - {}
RESULT: {}
COMMAND: POST /session/fcfdec3f19b04732468f3b81cff77eec/element/f.4917B356C9E108E3489CB9DCB9E54F9E.d.A28978BC5C2C70BD262AED1EB925B42C.e.17334/click - {}
RESULT: {}
COMMAND: GET /session/fcfdec3f19b04732468f3b81cff77eec/screenshot - {}
RESULT: {}
COMMAND: POST /session/fcfdec3f19b04732468f3b81cff77eec/execute/async - {"script":"<script> [1562 bytes]","args":[{"selector":{"controlType":"sap.m.SearchField","properties":{"placeholder":"Search"},"searchOpenDialogs":true,"interaction":{"idSuffix":"I"}},"wdio_ui5_key":"sapm.SearchField{\"placeholder\":\"Search\"}"}]}
RESULT: {"script":"<script> [1562 bytes]","args":[{"selector":{"controlType":"sap.m.SearchField","properties":{"placeholder":"Search"},"searchOpenDialogs":true,"interaction":{"idSuffix":"I"}},"wdio_ui5_key":"sapm.SearchField{\"placeholder\":\"Search\"}"}]}
RESULT: undefined
COMMAND: POST /session/fcfdec3f19b04732468f3b81cff77eec/execute/async - {"script":"<script> [776 bytes]","args":[{"enterText":"4000360","selector":{"controlType":"sap.m.SearchField","properties":{"placeholder":"Search"},"searchOpenDialogs":true,"interaction":{"idSuffix":"I"}},"clearTextFirst":true,"interactionType":"ENTER_TEXT"}]}
RESULT: {"script":"<script> [776 bytes]","args":[{"enterText":"4000360","selector":{"controlType":"sap.m.SearchField","properties":{"placeholder":"Search"},"searchOpenDialogs":true,"interaction":{"idSuffix":"I"}},"clearTextFirst":true,"interactionType":"ENTER_TEXT"}]}
COMMAND: POST /session/fcfdec3f19b04732468f3b81cff77eec/actions - {"actions":[{"id":"action55","type":"key","parameters":{},"actions":[{"type":"keyDown","value":""},{"type":"pause","duration":10},{"type":"keyUp","value":""}]}]}
RESULT: {"actions":[{"id":"action55","type":"key","parameters":{},"actions":[{"type":"keyDown","value":""},{"type":"pause","duration":10},{"type":"keyUp","value":""}]}]}
COMMAND: GET /session/fcfdec3f19b04732468f3b81cff77eec/screenshot - {}
RESULT: {}
COMMAND: POST /session/fcfdec3f19b04732468f3b81cff77eec/element - {"using":"xpath","value":"//td/div/span[contains(text(), \"BGL Vehicles\")]"}
RESULT: {"using":"xpath","value":"//td/div/span[contains(text(), \"BGL Vehicles\")]"}
COMMAND: POST /session/fcfdec3f19b04732468f3b81cff77eec/element/f.4917B356C9E108E3489CB9DCB9E54F9E.d.A28978BC5C2C70BD262AED1EB925B42C.e.17356/click - {}
RESULT: {}
COMMAND: GET /session/fcfdec3f19b04732468f3b81cff77eec/screenshot - {}
RESULT: {}
COMMAND: POST /session/fcfdec3f19b04732468f3b81cff77eec/element - {"using":"xpath","value":"//bdi[contains(text(), \"OK\")]"}
RESULT: {"using":"xpath","value":"//bdi[contains(text(), \"OK\")]"}
COMMAND: POST /session/fcfdec3f19b04732468f3b81cff77eec/element/f.4917B356C9E108E3489CB9DCB9E54F9E.d.A28978BC5C2C70BD262AED1EB925B42C.e.17357/click - {}
RESULT: {}
COMMAND: GET /session/fcfdec3f19b04732468f3b81cff77eec/screenshot - {}
RESULT: {}
COMMAND: POST /session/fcfdec3f19b04732468f3b81cff77eec/element - {"using":"xpath","value":"//label[contains(@class, 'sapMLabelRequired') and .//bdi[contains(text(), 'Planned Retirement')]]"}
RESULT: {"using":"xpath","value":"//label[contains(@class, 'sapMLabelRequired') and .//bdi[contains(text(), 'Planned Retirement')]]"}
COMMAND: POST /session/fcfdec3f19b04732468f3b81cff77eec/elements - {"using":"xpath","value":"//label[contains(@class, 'sapMLabelRequired') and .//bdi[contains(text(), 'Planned Retirement')]]"}
RESULT: {"using":"xpath","value":"//label[contains(@class, 'sapMLabelRequired') and .//bdi[contains(text(), 'Planned Retirement')]]"}
COMMAND: POST /session/fcfdec3f19b04732468f3b81cff77eec/element - {"using":"xpath","value":"//button[@data-kt=\"resourceUnitSaveButton\"]"}
RESULT: {"using":"xpath","value":"//button[@data-kt=\"resourceUnitSaveButton\"]"}
COMMAND: POST /session/fcfdec3f19b04732468f3b81cff77eec/element/f.4917B356C9E108E3489CB9DCB9E54F9E.d.A28978BC5C2C70BD262AED1EB925B42C.e.17190/click - {}
RESULT: {}
COMMAND: GET /session/fcfdec3f19b04732468f3b81cff77eec/screenshot - {}
RESULT: {}
COMMAND: POST /session/fcfdec3f19b04732468f3b81cff77eec/element - {"using":"xpath","value":"//bdi[contains(text(), \"Close\")]"}
RESULT: {"using":"xpath","value":"//bdi[contains(text(), \"Close\")]"}
COMMAND: POST /session/fcfdec3f19b04732468f3b81cff77eec/element/f.4917B356C9E108E3489CB9DCB9E54F9E.d.A28978BC5C2C70BD262AED1EB925B42C.e.17363/click - {}
RESULT: {}
COMMAND: GET /session/fcfdec3f19b04732468f3b81cff77eec/screenshot - {}
RESULT: {}
COMMAND: POST /session/fcfdec3f19b04732468f3b81cff77eec/element - {"using":"xpath","value":"//header[contains(@id, 'detailRruPage-headerTitle')]/div[1]/div[2]/div[2]/span[1]"}
RESULT: {"using":"xpath","value":"//header[contains(@id, 'detailRruPage-headerTitle')]/div[1]/div[2]/div[2]/span[1]"}
COMMAND: POST /session/fcfdec3f19b04732468f3b81cff77eec/elements - {"using":"xpath","value":"//header[contains(@id, 'detailRruPage-headerTitle')]/div[1]/div[2]/div[2]/span[1]"}
RESULT: {"using":"xpath","value":"//header[contains(@id, 'detailRruPage-headerTitle')]/div[1]/div[2]/div[2]/span[1]"}
COMMAND: POST /session/fcfdec3f19b04732468f3b81cff77eec/execute/sync - {"script":"<script> [56 bytes]","args":[{"element-6066-11e4-a52e-4f735466cecf":"f.4917B356C9E108E3489CB9DCB9E54F9E.d.A28978BC5C2C70BD262AED1EB925B42C.e.17391","ELEMENT":"f.4917B356C9E108E3489CB9DCB9E54F9E.d.A28978BC5C2C70BD262AED1EB925B42C.e.17391"}]}
RESULT: {"script":"<script> [56 bytes]","args":[{"element-6066-11e4-a52e-4f735466cecf":"f.4917B356C9E108E3489CB9DCB9E54F9E.d.A28978BC5C2C70BD262AED1EB925B42C.e.17391","ELEMENT":"f.4917B356C9E108E3489CB9DCB9E54F9E.d.A28978BC5C2C70BD262AED1EB925B42C.e.17391"}]}
COMMAND: POST /session/fcfdec3f19b04732468f3b81cff77eec/element - {"using":"css selector","value":"#shell-header-logo"}
COMMAND: GET /session/fcfdec3f19b04732468f3b81cff77eec/screenshot - {}
RESULT: {"using":"css selector","value":"#shell-header-logo"}
COMMAND: POST /session/fcfdec3f19b04732468f3b81cff77eec/element/f.4917B356C9E108E3489CB9DCB9E54F9E.d.A28978BC5C2C70BD262AED1EB925B42C.e.16600/click - {}
RESULT: {}
RESULT: {}
COMMAND: GET /session/fcfdec3f19b04732468f3b81cff77eec/screenshot - {}
RESULT: {}
]]></system-out>
    </testcase>
  </testsuite>
  <testsuite timestamp="2025-05-24T17:14:30" time="351.522" tests="6" failures="2" errors="2" skipped="0">
    <properties>
      <property name="specId" value="0"/>
      <property name="suiteName" value="Provide to Site w/o warehouse management w/o clarification"/>
      <property name="capabilities" value="chrome.136_0_7103_93.windows"/>
      <property name="file" value="file:///D:/a/1/s/test/specs/HTR/provide-to-site-wo-warehouse-wo-clarification.spec.js"/>
    </properties>
    <testcase classname="chrome.136_0_7103_93.windows.Provide_to_Site_w/o_warehouse_management_w/o_clarification" name="Should do a stock increase handover" time="94.414">
      <system-out><![CDATA[
COMMAND: POST /session/fcfdec3f19b04732468f3b81cff77eec/execute/async - {"script":"<script> [1562 bytes]","args":[{"selector":{"controlType":"sap.m.GenericTile","properties":{"header":"Manage Handovers"}},"wdio_ui5_key":"sapm.GenericTile{\"header\":\"Manage Handovers\"}"}]}
RESULT: {"script":"<script> [1562 bytes]","args":[{"selector":{"controlType":"sap.m.GenericTile","properties":{"header":"Manage Handovers"}},"wdio_ui5_key":"sapm.GenericTile{\"header\":\"Manage Handovers\"}"}]}
RESULT: undefined
COMMAND: POST /session/fcfdec3f19b04732468f3b81cff77eec/element - {"using":"xpath","value":"//*[@id=\"__tile132\"]"}
RESULT: {"using":"xpath","value":"//*[@id=\"__tile132\"]"}
COMMAND: POST /session/fcfdec3f19b04732468f3b81cff77eec/element/f.4917B356C9E108E3489CB9DCB9E54F9E.d.A28978BC5C2C70BD262AED1EB925B42C.e.16649/click - {}
RESULT: {}
COMMAND: GET /session/fcfdec3f19b04732468f3b81cff77eec/screenshot - {}
RESULT: {}
COMMAND: POST /session/fcfdec3f19b04732468f3b81cff77eec/elements - {"using":"xpath","value":"//span[text()='Error']"}
RESULT: {"using":"xpath","value":"//span[text()='Error']"}
COMMAND: POST /session/fcfdec3f19b04732468f3b81cff77eec/element - {"using":"xpath","value":"//button[@data-kt=\"masterHOAddButton\"]"}
RESULT: {"using":"xpath","value":"//button[@data-kt=\"masterHOAddButton\"]"}
COMMAND: POST /session/fcfdec3f19b04732468f3b81cff77eec/elements - {"using":"xpath","value":"//button[@data-kt=\"masterHOAddButton\"]"}
RESULT: {"using":"xpath","value":"//button[@data-kt=\"masterHOAddButton\"]"}
COMMAND: POST /session/fcfdec3f19b04732468f3b81cff77eec/execute/sync - {"script":"<script> [8489 bytes]","args":[{"element-6066-11e4-a52e-4f735466cecf":"f.4917B356C9E108E3489CB9DCB9E54F9E.d.A28978BC5C2C70BD262AED1EB925B42C.e.17429","ELEMENT":"f.4917B356C9E108E3489CB9DCB9E54F9E.d.A28978BC5C2C70BD262AED1EB925B42C.e.17429"}]}
RESULT: {"script":"<script> [8489 bytes]","args":[{"element-6066-11e4-a52e-4f735466cecf":"f.4917B356C9E108E3489CB9DCB9E54F9E.d.A28978BC5C2C70BD262AED1EB925B42C.e.17429","ELEMENT":"f.4917B356C9E108E3489CB9DCB9E54F9E.d.A28978BC5C2C70BD262AED1EB925B42C.e.17429"}]}
COMMAND: GET /session/fcfdec3f19b04732468f3b81cff77eec/element/f.4917B356C9E108E3489CB9DCB9E54F9E.d.A28978BC5C2C70BD262AED1EB925B42C.e.17429/enabled - {}
COMMAND: GET /session/fcfdec3f19b04732468f3b81cff77eec/screenshot - {}
RESULT: {}
COMMAND: POST /session/fcfdec3f19b04732468f3b81cff77eec/execute/sync - {"script":"<script> [8489 bytes]","args":[{"element-6066-11e4-a52e-4f735466cecf":"f.4917B356C9E108E3489CB9DCB9E54F9E.d.A28978BC5C2C70BD262AED1EB925B42C.e.17429","ELEMENT":"f.4917B356C9E108E3489CB9DCB9E54F9E.d.A28978BC5C2C70BD262AED1EB925B42C.e.17429"}]}
COMMAND: GET /session/fcfdec3f19b04732468f3b81cff77eec/screenshot - {}
RESULT: {}
RESULT: {"script":"<script> [8489 bytes]","args":[{"element-6066-11e4-a52e-4f735466cecf":"f.4917B356C9E108E3489CB9DCB9E54F9E.d.A28978BC5C2C70BD262AED1EB925B42C.e.17429","ELEMENT":"f.4917B356C9E108E3489CB9DCB9E54F9E.d.A28978BC5C2C70BD262AED1EB925B42C.e.17429"}]}
COMMAND: POST /session/fcfdec3f19b04732468f3b81cff77eec/execute/sync - {"script":"<script> [5351 bytes]","args":[{"element-6066-11e4-a52e-4f735466cecf":"f.4917B356C9E108E3489CB9DCB9E54F9E.d.A28978BC5C2C70BD262AED1EB925B42C.e.17429","ELEMENT":"f.4917B356C9E108E3489CB9DCB9E54F9E.d.A28978BC5C2C70BD262AED1EB925B42C.e.17429"}]}
COMMAND: GET /session/fcfdec3f19b04732468f3b81cff77eec/screenshot - {}
RESULT: {}
RESULT: {"script":"<script> [5351 bytes]","args":[{"element-6066-11e4-a52e-4f735466cecf":"f.4917B356C9E108E3489CB9DCB9E54F9E.d.A28978BC5C2C70BD262AED1EB925B42C.e.17429","ELEMENT":"f.4917B356C9E108E3489CB9DCB9E54F9E.d.A28978BC5C2C70BD262AED1EB925B42C.e.17429"}]}
COMMAND: POST /session/fcfdec3f19b04732468f3b81cff77eec/element/f.4917B356C9E108E3489CB9DCB9E54F9E.d.A28978BC5C2C70BD262AED1EB925B42C.e.17429/click - {}
COMMAND: GET /session/fcfdec3f19b04732468f3b81cff77eec/screenshot - {}
RESULT: {}
RESULT: {}
COMMAND: GET /session/fcfdec3f19b04732468f3b81cff77eec/screenshot - {}
COMMAND: POST /session/fcfdec3f19b04732468f3b81cff77eec/element - {"using":"xpath","value":"//span[contains(@id ,\"AddNewHO--typeSelect-arrow\")]"}
RESULT: {}
RESULT: {}
RESULT: {"using":"xpath","value":"//span[contains(@id ,\"AddNewHO--typeSelect-arrow\")]"}
COMMAND: POST /session/fcfdec3f19b04732468f3b81cff77eec/element/f.4917B356C9E108E3489CB9DCB9E54F9E.d.A28978BC5C2C70BD262AED1EB925B42C.e.17770/click - {}
RESULT: {}
COMMAND: GET /session/fcfdec3f19b04732468f3b81cff77eec/screenshot - {}
RESULT: {}
COMMAND: POST /session/fcfdec3f19b04732468f3b81cff77eec/element - {"using":"xpath","value":"(//li[contains(text(), \"stock increase yard\")])[1]"}
RESULT: {"using":"xpath","value":"(//li[contains(text(), \"stock increase yard\")])[1]"}
COMMAND: POST /session/fcfdec3f19b04732468f3b81cff77eec/element/f.4917B356C9E108E3489CB9DCB9E54F9E.d.A28978BC5C2C70BD262AED1EB925B42C.e.17771/click - {}
RESULT: {}
COMMAND: GET /session/fcfdec3f19b04732468f3b81cff77eec/screenshot - {}
RESULT: {}
COMMAND: POST /session/fcfdec3f19b04732468f3b81cff77eec/execute/async - {"script":"<script> [1562 bytes]","args":[{"selector":{"id":"application-managehandovers-display-component---AddNewHO--dueDate","interaction":{"idSuffix":"inner"}},"wdio_ui5_key":"applicationmanagehandovers-display-component---AddNewHO--dueDate"}]}
RESULT: {"script":"<script> [1562 bytes]","args":[{"selector":{"id":"application-managehandovers-display-component---AddNewHO--dueDate","interaction":{"idSuffix":"inner"}},"wdio_ui5_key":"applicationmanagehandovers-display-component---AddNewHO--dueDate"}]}
RESULT: undefined
COMMAND: POST /session/fcfdec3f19b04732468f3b81cff77eec/execute/async - {"script":"<script> [6424 bytes]","args":[{"element-6066-11e4-a52e-4f735466cecf":"f.4917B356C9E108E3489CB9DCB9E54F9E.d.A28978BC5C2C70BD262AED1EB925B42C.e.17775"},"setValue",["5/24/25"]]}
RESULT: {"script":"<script> [6424 bytes]","args":[{"element-6066-11e4-a52e-4f735466cecf":"f.4917B356C9E108E3489CB9DCB9E54F9E.d.A28978BC5C2C70BD262AED1EB925B42C.e.17775"},"setValue",["5/24/25"]]}
COMMAND: POST /session/fcfdec3f19b04732468f3b81cff77eec/element - {"using":"xpath","value":"//input[@id=\"generalSectionFrg--receiveYard-inner\"]"}
RESULT: {"using":"xpath","value":"//input[@id=\"generalSectionFrg--receiveYard-inner\"]"}
COMMAND: POST /session/fcfdec3f19b04732468f3b81cff77eec/element/f.4917B356C9E108E3489CB9DCB9E54F9E.d.A28978BC5C2C70BD262AED1EB925B42C.e.17781/clear - {}
RESULT: {}
COMMAND: POST /session/fcfdec3f19b04732468f3b81cff77eec/element/f.4917B356C9E108E3489CB9DCB9E54F9E.d.A28978BC5C2C70BD262AED1EB925B42C.e.17781/value - {"text":"252"}
COMMAND: GET /session/fcfdec3f19b04732468f3b81cff77eec/screenshot - {}
RESULT: {"text":"252"}
COMMAND: GET /session/fcfdec3f19b04732468f3b81cff77eec/screenshot - {}
RESULT: {}
RESULT: {}
COMMAND: POST /session/fcfdec3f19b04732468f3b81cff77eec/element - {"using":"xpath","value":"//li[.//span[text()='252']]"}
RESULT: {"using":"xpath","value":"//li[.//span[text()='252']]"}
COMMAND: POST /session/fcfdec3f19b04732468f3b81cff77eec/element/f.4917B356C9E108E3489CB9DCB9E54F9E.d.A28978BC5C2C70BD262AED1EB925B42C.e.17797/click - {}
RESULT: {}
COMMAND: GET /session/fcfdec3f19b04732468f3b81cff77eec/screenshot - {}
RESULT: {}
COMMAND: POST /session/fcfdec3f19b04732468f3b81cff77eec/execute/async - {"script":"<script> [1562 bytes]","args":[{"selector":{"id":"application-managehandovers-display-component---AddNewHO--ObjectPageLayout-anchBar-application-managehandovers-display-component---AddNewHO--section4-anchor","interaction":{"idSuffix":"BDI-content"}},"wdio_ui5_key":"applicationmanagehandovers-display-component---AddNewHO--ObjectPageLayout-anchBar-application-managehandovers-display-component---AddNewHO--section4-anchor"}]}
RESULT: {"script":"<script> [1562 bytes]","args":[{"selector":{"id":"application-managehandovers-display-component---AddNewHO--ObjectPageLayout-anchBar-application-managehandovers-display-component---AddNewHO--section4-anchor","interaction":{"idSuffix":"BDI-content"}},"wdio_ui5_key":"applicationmanagehandovers-display-component---AddNewHO--ObjectPageLayout-anchBar-application-managehandovers-display-component---AddNewHO--section4-anchor"}]}
RESULT: undefined
COMMAND: POST /session/fcfdec3f19b04732468f3b81cff77eec/element - {"using":"xpath","value":"//*[@id=\"application-managehandovers-display-component---AddNewHO--ObjectPageLayout-anchBar-application-managehandovers-display-component---AddNewHO--section4-anchor\"]"}
RESULT: {"using":"xpath","value":"//*[@id=\"application-managehandovers-display-component---AddNewHO--ObjectPageLayout-anchBar-application-managehandovers-display-component---AddNewHO--section4-anchor\"]"}
COMMAND: POST /session/fcfdec3f19b04732468f3b81cff77eec/element/f.4917B356C9E108E3489CB9DCB9E54F9E.d.A28978BC5C2C70BD262AED1EB925B42C.e.17799/click - {}
RESULT: {}
COMMAND: POST /session/fcfdec3f19b04732468f3b81cff77eec/element - {"using":"xpath","value":"//button[@aria-label=\"Add\"]"}
COMMAND: GET /session/fcfdec3f19b04732468f3b81cff77eec/screenshot - {}
RESULT: {"using":"xpath","value":"//button[@aria-label=\"Add\"]"}
COMMAND: POST /session/fcfdec3f19b04732468f3b81cff77eec/element/f.4917B356C9E108E3489CB9DCB9E54F9E.d.A28978BC5C2C70BD262AED1EB925B42C.e.17801/click - {}
RESULT: {}
RESULT: {}
COMMAND: GET /session/fcfdec3f19b04732468f3b81cff77eec/screenshot - {}
RESULT: {}
COMMAND: POST /session/fcfdec3f19b04732468f3b81cff77eec/execute/async - {"script":"<script> [1562 bytes]","args":[{"selector":{"id":"application-managehandovers-display-component---AddNewHO--smartFilterBar-btnBasicSearch","searchOpenDialogs":true,"interaction":{"idSuffix":"I"}},"wdio_ui5_key":"applicationmanagehandovers-display-component---AddNewHO--smartFilterBar-btnBasicSearch"}]}
RESULT: {"script":"<script> [1562 bytes]","args":[{"selector":{"id":"application-managehandovers-display-component---AddNewHO--smartFilterBar-btnBasicSearch","searchOpenDialogs":true,"interaction":{"idSuffix":"I"}},"wdio_ui5_key":"applicationmanagehandovers-display-component---AddNewHO--smartFilterBar-btnBasicSearch"}]}
RESULT: undefined
COMMAND: POST /session/fcfdec3f19b04732468f3b81cff77eec/execute/async - {"script":"<script> [776 bytes]","args":[{"enterText":"200115","selector":{"id":"application-managehandovers-display-component---AddNewHO--smartFilterBar-btnBasicSearch","searchOpenDialogs":true,"interaction":{"idSuffix":"I"}},"clearTextFirst":true,"interactionType":"ENTER_TEXT"}]}
RESULT: {"script":"<script> [776 bytes]","args":[{"enterText":"200115","selector":{"id":"application-managehandovers-display-component---AddNewHO--smartFilterBar-btnBasicSearch","searchOpenDialogs":true,"interaction":{"idSuffix":"I"}},"clearTextFirst":true,"interactionType":"ENTER_TEXT"}]}
COMMAND: POST /session/fcfdec3f19b04732468f3b81cff77eec/actions - {"actions":[{"id":"action56","type":"key","parameters":{},"actions":[{"type":"keyDown","value":""},{"type":"pause","duration":10},{"type":"keyUp","value":""}]}]}
RESULT: {"actions":[{"id":"action56","type":"key","parameters":{},"actions":[{"type":"keyDown","value":""},{"type":"pause","duration":10},{"type":"keyUp","value":""}]}]}
COMMAND: GET /session/fcfdec3f19b04732468f3b81cff77eec/screenshot - {}
RESULT: {}
COMMAND: POST /session/fcfdec3f19b04732468f3b81cff77eec/execute/async - {"script":"<script> [1562 bytes]","args":[{"selector":{"id":"application-managehandovers-display-component---AddNewHO--popup-sa","searchOpenDialogs":true,"interaction":{"idSuffix":"CbBg"}},"wdio_ui5_key":"applicationmanagehandovers-display-component---AddNewHO--popup-sa"}]}
RESULT: {"script":"<script> [1562 bytes]","args":[{"selector":{"id":"application-managehandovers-display-component---AddNewHO--popup-sa","searchOpenDialogs":true,"interaction":{"idSuffix":"CbBg"}},"wdio_ui5_key":"applicationmanagehandovers-display-component---AddNewHO--popup-sa"}]}
RESULT: undefined
COMMAND: POST /session/fcfdec3f19b04732468f3b81cff77eec/element - {"using":"xpath","value":"//*[@id=\"application-managehandovers-display-component---AddNewHO--popup-sa\"]"}
RESULT: {"using":"xpath","value":"//*[@id=\"application-managehandovers-display-component---AddNewHO--popup-sa\"]"}
COMMAND: POST /session/fcfdec3f19b04732468f3b81cff77eec/element/f.4917B356C9E108E3489CB9DCB9E54F9E.d.A28978BC5C2C70BD262AED1EB925B42C.e.17954/click - {}
RESULT: {}
COMMAND: GET /session/fcfdec3f19b04732468f3b81cff77eec/screenshot - {}
RESULT: {}
COMMAND: POST /session/fcfdec3f19b04732468f3b81cff77eec/element - {"using":"xpath","value":"//bdi[contains(text(), \"Select\")]"}
RESULT: {"using":"xpath","value":"//bdi[contains(text(), \"Select\")]"}
COMMAND: POST /session/fcfdec3f19b04732468f3b81cff77eec/element/f.4917B356C9E108E3489CB9DCB9E54F9E.d.A28978BC5C2C70BD262AED1EB925B42C.e.17955/click - {}
RESULT: {}
COMMAND: GET /session/fcfdec3f19b04732468f3b81cff77eec/screenshot - {}
RESULT: {}
COMMAND: POST /session/fcfdec3f19b04732468f3b81cff77eec/element - {"using":"xpath","value":"//button[@data-kt=\"AddNewHOSaveButton\"]"}
RESULT: {"using":"xpath","value":"//button[@data-kt=\"AddNewHOSaveButton\"]"}
COMMAND: POST /session/fcfdec3f19b04732468f3b81cff77eec/element/f.4917B356C9E108E3489CB9DCB9E54F9E.d.A28978BC5C2C70BD262AED1EB925B42C.e.17959/click - {}
RESULT: {}
COMMAND: GET /session/fcfdec3f19b04732468f3b81cff77eec/screenshot - {}
RESULT: {}
COMMAND: POST /session/fcfdec3f19b04732468f3b81cff77eec/execute/async - {"script":"<script> [1562 bytes]","args":[{"selector":{"id":"receiptDatePicker","viewName":"etm.portal.ui.managehandovers.view.DetailExecuteHO","interaction":{"idSuffix":"inner"}},"wdio_ui5_key":"receiptDatePickeretmportal.ui.managehandovers.view.DetailExecuteHO"}]}
RESULT: {"script":"<script> [1562 bytes]","args":[{"selector":{"id":"receiptDatePicker","viewName":"etm.portal.ui.managehandovers.view.DetailExecuteHO","interaction":{"idSuffix":"inner"}},"wdio_ui5_key":"receiptDatePickeretmportal.ui.managehandovers.view.DetailExecuteHO"}]}
RESULT: undefined
COMMAND: POST /session/fcfdec3f19b04732468f3b81cff77eec/execute/async - {"script":"<script> [6424 bytes]","args":[{"element-6066-11e4-a52e-4f735466cecf":"f.4917B356C9E108E3489CB9DCB9E54F9E.d.A28978BC5C2C70BD262AED1EB925B42C.e.17988"},"setValue",["5/24/25"]]}
RESULT: {"script":"<script> [6424 bytes]","args":[{"element-6066-11e4-a52e-4f735466cecf":"f.4917B356C9E108E3489CB9DCB9E54F9E.d.A28978BC5C2C70BD262AED1EB925B42C.e.17988"},"setValue",["5/24/25"]]}
COMMAND: POST /session/fcfdec3f19b04732468f3b81cff77eec/element - {"using":"xpath","value":"//button[@data-kt=\"ReceivingTableConfirmAllButton\"]"}
RESULT: {"using":"xpath","value":"//button[@data-kt=\"ReceivingTableConfirmAllButton\"]"}
COMMAND: POST /session/fcfdec3f19b04732468f3b81cff77eec/element/f.4917B356C9E108E3489CB9DCB9E54F9E.d.A28978BC5C2C70BD262AED1EB925B42C.e.18002/click - {}
RESULT: {}
COMMAND: GET /session/fcfdec3f19b04732468f3b81cff77eec/screenshot - {}
RESULT: {}
COMMAND: POST /session/fcfdec3f19b04732468f3b81cff77eec/element - {"using":"xpath","value":"//bdi[contains(text(), \"OK\")]"}
RESULT: {"using":"xpath","value":"//bdi[contains(text(), \"OK\")]"}
COMMAND: POST /session/fcfdec3f19b04732468f3b81cff77eec/element/f.4917B356C9E108E3489CB9DCB9E54F9E.d.A28978BC5C2C70BD262AED1EB925B42C.e.18004/click - {}
RESULT: {}
COMMAND: GET /session/fcfdec3f19b04732468f3b81cff77eec/screenshot - {}
RESULT: {}
COMMAND: POST /session/fcfdec3f19b04732468f3b81cff77eec/element - {"using":"xpath","value":"(//bdi[contains(text(), \"Receive\")])[2]"}
RESULT: {"using":"xpath","value":"(//bdi[contains(text(), \"Receive\")])[2]"}
COMMAND: POST /session/fcfdec3f19b04732468f3b81cff77eec/element/f.4917B356C9E108E3489CB9DCB9E54F9E.d.A28978BC5C2C70BD262AED1EB925B42C.e.18006/click - {}
RESULT: {}
COMMAND: GET /session/fcfdec3f19b04732468f3b81cff77eec/screenshot - {}
RESULT: {}
COMMAND: POST /session/fcfdec3f19b04732468f3b81cff77eec/element - {"using":"css selector","value":"#shell-header-logo"}
RESULT: {"using":"css selector","value":"#shell-header-logo"}
COMMAND: POST /session/fcfdec3f19b04732468f3b81cff77eec/element/f.4917B356C9E108E3489CB9DCB9E54F9E.d.A28978BC5C2C70BD262AED1EB925B42C.e.17394/click - {}
RESULT: {}
COMMAND: GET /session/fcfdec3f19b04732468f3b81cff77eec/screenshot - {}
RESULT: {}
]]></system-out>
    </testcase>
    <testcase classname="chrome.136_0_7103_93.windows.Provide_to_Site_w/o_warehouse_management_w/o_clarification" name="Should create a new contract" time="64.382">
      <system-out><![CDATA[
COMMAND: POST /session/fcfdec3f19b04732468f3b81cff77eec/execute/async - {"script":"<script> [1562 bytes]","args":[{"selector":{"controlType":"sap.m.GenericTile","properties":{"header":"Manage Contracts"}},"wdio_ui5_key":"sapm.GenericTile{\"header\":\"Manage Contracts\"}"}]}
RESULT: {"script":"<script> [1562 bytes]","args":[{"selector":{"controlType":"sap.m.GenericTile","properties":{"header":"Manage Contracts"}},"wdio_ui5_key":"sapm.GenericTile{\"header\":\"Manage Contracts\"}"}]}
RESULT: undefined
COMMAND: POST /session/fcfdec3f19b04732468f3b81cff77eec/element - {"using":"xpath","value":"//*[@id=\"__tile130\"]"}
RESULT: {"using":"xpath","value":"//*[@id=\"__tile130\"]"}
COMMAND: POST /session/fcfdec3f19b04732468f3b81cff77eec/element/f.4917B356C9E108E3489CB9DCB9E54F9E.d.A28978BC5C2C70BD262AED1EB925B42C.e.16638/click - {}
RESULT: {}
COMMAND: GET /session/fcfdec3f19b04732468f3b81cff77eec/screenshot - {}
COMMAND: POST /session/fcfdec3f19b04732468f3b81cff77eec/elements - {"using":"xpath","value":"//span[text()='Error']"}
RESULT: {}
RESULT: {"using":"xpath","value":"//span[text()='Error']"}
COMMAND: POST /session/fcfdec3f19b04732468f3b81cff77eec/element - {"using":"xpath","value":"//button[@data-kt=\"addButton\"]"}
RESULT: {"using":"xpath","value":"//button[@data-kt=\"addButton\"]"}
COMMAND: POST /session/fcfdec3f19b04732468f3b81cff77eec/elements - {"using":"xpath","value":"//button[@data-kt=\"addButton\"]"}
RESULT: {"using":"xpath","value":"//button[@data-kt=\"addButton\"]"}
COMMAND: POST /session/fcfdec3f19b04732468f3b81cff77eec/execute/sync - {"script":"<script> [8489 bytes]","args":[{"element-6066-11e4-a52e-4f735466cecf":"f.4917B356C9E108E3489CB9DCB9E54F9E.d.A28978BC5C2C70BD262AED1EB925B42C.e.18225","ELEMENT":"f.4917B356C9E108E3489CB9DCB9E54F9E.d.A28978BC5C2C70BD262AED1EB925B42C.e.18225"}]}
RESULT: {"script":"<script> [8489 bytes]","args":[{"element-6066-11e4-a52e-4f735466cecf":"f.4917B356C9E108E3489CB9DCB9E54F9E.d.A28978BC5C2C70BD262AED1EB925B42C.e.18225","ELEMENT":"f.4917B356C9E108E3489CB9DCB9E54F9E.d.A28978BC5C2C70BD262AED1EB925B42C.e.18225"}]}
COMMAND: GET /session/fcfdec3f19b04732468f3b81cff77eec/element/f.4917B356C9E108E3489CB9DCB9E54F9E.d.A28978BC5C2C70BD262AED1EB925B42C.e.18225/enabled - {}
RESULT: {}
COMMAND: POST /session/fcfdec3f19b04732468f3b81cff77eec/execute/sync - {"script":"<script> [8489 bytes]","args":[{"element-6066-11e4-a52e-4f735466cecf":"f.4917B356C9E108E3489CB9DCB9E54F9E.d.A28978BC5C2C70BD262AED1EB925B42C.e.18225","ELEMENT":"f.4917B356C9E108E3489CB9DCB9E54F9E.d.A28978BC5C2C70BD262AED1EB925B42C.e.18225"}]}
COMMAND: GET /session/fcfdec3f19b04732468f3b81cff77eec/screenshot - {}
COMMAND: GET /session/fcfdec3f19b04732468f3b81cff77eec/screenshot - {}
RESULT: {"script":"<script> [8489 bytes]","args":[{"element-6066-11e4-a52e-4f735466cecf":"f.4917B356C9E108E3489CB9DCB9E54F9E.d.A28978BC5C2C70BD262AED1EB925B42C.e.18225","ELEMENT":"f.4917B356C9E108E3489CB9DCB9E54F9E.d.A28978BC5C2C70BD262AED1EB925B42C.e.18225"}]}
COMMAND: POST /session/fcfdec3f19b04732468f3b81cff77eec/execute/sync - {"script":"<script> [5351 bytes]","args":[{"element-6066-11e4-a52e-4f735466cecf":"f.4917B356C9E108E3489CB9DCB9E54F9E.d.A28978BC5C2C70BD262AED1EB925B42C.e.18225","ELEMENT":"f.4917B356C9E108E3489CB9DCB9E54F9E.d.A28978BC5C2C70BD262AED1EB925B42C.e.18225"}]}
COMMAND: GET /session/fcfdec3f19b04732468f3b81cff77eec/screenshot - {}
RESULT: {}
RESULT: {}
RESULT: {"script":"<script> [5351 bytes]","args":[{"element-6066-11e4-a52e-4f735466cecf":"f.4917B356C9E108E3489CB9DCB9E54F9E.d.A28978BC5C2C70BD262AED1EB925B42C.e.18225","ELEMENT":"f.4917B356C9E108E3489CB9DCB9E54F9E.d.A28978BC5C2C70BD262AED1EB925B42C.e.18225"}]}
COMMAND: GET /session/fcfdec3f19b04732468f3b81cff77eec/screenshot - {}
RESULT: {}
RESULT: {}
COMMAND: POST /session/fcfdec3f19b04732468f3b81cff77eec/element/f.4917B356C9E108E3489CB9DCB9E54F9E.d.A28978BC5C2C70BD262AED1EB925B42C.e.18225/click - {}
RESULT: {}
COMMAND: GET /session/fcfdec3f19b04732468f3b81cff77eec/screenshot - {}
COMMAND: POST /session/fcfdec3f19b04732468f3b81cff77eec/execute/async - {"script":"<script> [1562 bytes]","args":[{"selector":{"id":"application-managecontracts-display-component---AddNewContract--projectDescription","interaction":{"idSuffix":"inner"}},"wdio_ui5_key":"applicationmanagecontracts-display-component---AddNewContract--projectDescription"}]}
RESULT: {}
RESULT: {"script":"<script> [1562 bytes]","args":[{"selector":{"id":"application-managecontracts-display-component---AddNewContract--projectDescription","interaction":{"idSuffix":"inner"}},"wdio_ui5_key":"applicationmanagecontracts-display-component---AddNewContract--projectDescription"}]}
RESULT: undefined
COMMAND: POST /session/fcfdec3f19b04732468f3b81cff77eec/execute/async - {"script":"<script> [776 bytes]","args":[{"enterText":"Contract WDIO","selector":{"id":"application-managecontracts-display-component---AddNewContract--projectDescription","interaction":{"idSuffix":"inner"}},"clearTextFirst":true,"interactionType":"ENTER_TEXT"}]}
RESULT: {"script":"<script> [776 bytes]","args":[{"enterText":"Contract WDIO","selector":{"id":"application-managecontracts-display-component---AddNewContract--projectDescription","interaction":{"idSuffix":"inner"}},"clearTextFirst":true,"interactionType":"ENTER_TEXT"}]}
COMMAND: POST /session/fcfdec3f19b04732468f3b81cff77eec/element - {"using":"xpath","value":"//input[@id=\"application-managecontracts-display-component---AddNewContract--site-inner\"]"}
RESULT: {"using":"xpath","value":"//input[@id=\"application-managecontracts-display-component---AddNewContract--site-inner\"]"}
COMMAND: POST /session/fcfdec3f19b04732468f3b81cff77eec/element/f.4917B356C9E108E3489CB9DCB9E54F9E.d.A28978BC5C2C70BD262AED1EB925B42C.e.18549/clear - {}
RESULT: {}
COMMAND: POST /session/fcfdec3f19b04732468f3b81cff77eec/element/f.4917B356C9E108E3489CB9DCB9E54F9E.d.A28978BC5C2C70BD262AED1EB925B42C.e.18549/value - {"text":"2097"}
COMMAND: GET /session/fcfdec3f19b04732468f3b81cff77eec/screenshot - {}
RESULT: {"text":"2097"}
COMMAND: GET /session/fcfdec3f19b04732468f3b81cff77eec/screenshot - {}
RESULT: {}
RESULT: {}
COMMAND: POST /session/fcfdec3f19b04732468f3b81cff77eec/element - {"using":"xpath","value":"//li[.//span[text()='2097']]"}
RESULT: {"using":"xpath","value":"//li[.//span[text()='2097']]"}
COMMAND: POST /session/fcfdec3f19b04732468f3b81cff77eec/element/f.4917B356C9E108E3489CB9DCB9E54F9E.d.A28978BC5C2C70BD262AED1EB925B42C.e.18631/click - {}
RESULT: {}
COMMAND: GET /session/fcfdec3f19b04732468f3b81cff77eec/screenshot - {}
RESULT: {}
COMMAND: POST /session/fcfdec3f19b04732468f3b81cff77eec/element - {"using":"xpath","value":"//input[@id=\"application-managecontracts-display-component---AddNewContract--yardId-inner\"]"}
RESULT: {"using":"xpath","value":"//input[@id=\"application-managecontracts-display-component---AddNewContract--yardId-inner\"]"}
COMMAND: GET /session/fcfdec3f19b04732468f3b81cff77eec/element/f.4917B356C9E108E3489CB9DCB9E54F9E.d.A28978BC5C2C70BD262AED1EB925B42C.e.18550/property/value - {}
RESULT: {}
COMMAND: POST /session/fcfdec3f19b04732468f3b81cff77eec/element - {"using":"xpath","value":"//input[@id=\"application-managecontracts-display-component---AddNewContract--customerSelect-inner\"]"}
COMMAND: GET /session/fcfdec3f19b04732468f3b81cff77eec/screenshot - {}
RESULT: {"using":"xpath","value":"//input[@id=\"application-managecontracts-display-component---AddNewContract--customerSelect-inner\"]"}
COMMAND: POST /session/fcfdec3f19b04732468f3b81cff77eec/element/f.4917B356C9E108E3489CB9DCB9E54F9E.d.A28978BC5C2C70BD262AED1EB925B42C.e.18548/clear - {}
RESULT: {}
RESULT: {}
COMMAND: POST /session/fcfdec3f19b04732468f3b81cff77eec/element/f.4917B356C9E108E3489CB9DCB9E54F9E.d.A28978BC5C2C70BD262AED1EB925B42C.e.18548/value - {"text":"1100"}
COMMAND: GET /session/fcfdec3f19b04732468f3b81cff77eec/screenshot - {}
RESULT: {"text":"1100"}
COMMAND: GET /session/fcfdec3f19b04732468f3b81cff77eec/screenshot - {}
RESULT: {}
RESULT: {}
COMMAND: POST /session/fcfdec3f19b04732468f3b81cff77eec/element - {"using":"xpath","value":"//li[.//span[text()='1100']]"}
RESULT: {"using":"xpath","value":"//li[.//span[text()='1100']]"}
COMMAND: POST /session/fcfdec3f19b04732468f3b81cff77eec/element/f.4917B356C9E108E3489CB9DCB9E54F9E.d.A28978BC5C2C70BD262AED1EB925B42C.e.18634/click - {}
RESULT: {}
COMMAND: GET /session/fcfdec3f19b04732468f3b81cff77eec/screenshot - {}
RESULT: {}
COMMAND: POST /session/fcfdec3f19b04732468f3b81cff77eec/element - {"using":"xpath","value":"//button[@data-kt=\"saveButton\"]"}
RESULT: {"using":"xpath","value":"//button[@data-kt=\"saveButton\"]"}
COMMAND: POST /session/fcfdec3f19b04732468f3b81cff77eec/element/f.4917B356C9E108E3489CB9DCB9E54F9E.d.A28978BC5C2C70BD262AED1EB925B42C.e.18624/click - {}
RESULT: {}
COMMAND: GET /session/fcfdec3f19b04732468f3b81cff77eec/screenshot - {}
RESULT: {}
COMMAND: POST /session/fcfdec3f19b04732468f3b81cff77eec/element - {"using":"xpath","value":"//span[contains(@id ,\"contractDetailTitleNoExpanded\")]"}
RESULT: {"using":"xpath","value":"//span[contains(@id ,\"contractDetailTitleNoExpanded\")]"}
COMMAND: POST /session/fcfdec3f19b04732468f3b81cff77eec/elements - {"using":"xpath","value":"//span[contains(@id ,\"contractDetailTitleNoExpanded\")]"}
RESULT: {"using":"xpath","value":"//span[contains(@id ,\"contractDetailTitleNoExpanded\")]"}
COMMAND: POST /session/fcfdec3f19b04732468f3b81cff77eec/execute/sync - {"script":"<script> [56 bytes]","args":[{"element-6066-11e4-a52e-4f735466cecf":"f.4917B356C9E108E3489CB9DCB9E54F9E.d.A28978BC5C2C70BD262AED1EB925B42C.e.18651","ELEMENT":"f.4917B356C9E108E3489CB9DCB9E54F9E.d.A28978BC5C2C70BD262AED1EB925B42C.e.18651"}]}
RESULT: {"script":"<script> [56 bytes]","args":[{"element-6066-11e4-a52e-4f735466cecf":"f.4917B356C9E108E3489CB9DCB9E54F9E.d.A28978BC5C2C70BD262AED1EB925B42C.e.18651","ELEMENT":"f.4917B356C9E108E3489CB9DCB9E54F9E.d.A28978BC5C2C70BD262AED1EB925B42C.e.18651"}]}
COMMAND: GET /session/fcfdec3f19b04732468f3b81cff77eec/screenshot - {}
RESULT: {}
]]></system-out>
    </testcase>
    <testcase classname="chrome.136_0_7103_93.windows.Provide_to_Site_w/o_warehouse_management_w/o_clarification" name="Should add equipment to the contract" time="60.274">
      <system-out><![CDATA[
COMMAND: POST /session/fcfdec3f19b04732468f3b81cff77eec/element - {"using":"xpath","value":"//button[@data-kt=\"contractDetailEditBtnButton\"]"}
RESULT: {"using":"xpath","value":"//button[@data-kt=\"contractDetailEditBtnButton\"]"}
COMMAND: POST /session/fcfdec3f19b04732468f3b81cff77eec/element/f.4917B356C9E108E3489CB9DCB9E54F9E.d.A28978BC5C2C70BD262AED1EB925B42C.e.18653/click - {}
RESULT: {}
COMMAND: GET /session/fcfdec3f19b04732468f3b81cff77eec/screenshot - {}
RESULT: {}
COMMAND: POST /session/fcfdec3f19b04732468f3b81cff77eec/element - {"using":"xpath","value":"(//span[contains(text(), \"Additional Addresses\")])[2]"}
RESULT: {"using":"xpath","value":"(//span[contains(text(), \"Additional Addresses\")])[2]"}
COMMAND: POST /session/fcfdec3f19b04732468f3b81cff77eec/element/f.4917B356C9E108E3489CB9DCB9E54F9E.d.A28978BC5C2C70BD262AED1EB925B42C.e.18709/click - {}
RESULT: {}
COMMAND: GET /session/fcfdec3f19b04732468f3b81cff77eec/screenshot - {}
RESULT: {}
COMMAND: POST /session/fcfdec3f19b04732468f3b81cff77eec/element - {"using":"xpath","value":"//button[@data-kt=\"btnAddTableRowOverflowToolbarButton\"]"}
RESULT: {"using":"xpath","value":"//button[@data-kt=\"btnAddTableRowOverflowToolbarButton\"]"}
COMMAND: POST /session/fcfdec3f19b04732468f3b81cff77eec/element/f.4917B356C9E108E3489CB9DCB9E54F9E.d.A28978BC5C2C70BD262AED1EB925B42C.e.18712/click - {}
RESULT: {}
COMMAND: GET /session/fcfdec3f19b04732468f3b81cff77eec/screenshot - {}
RESULT: {}
COMMAND: POST /session/fcfdec3f19b04732468f3b81cff77eec/element - {"using":"xpath","value":"//div[(text() = 'Standard Entry' or . = 'Standard Entry')]"}
RESULT: {"using":"xpath","value":"//div[(text() = 'Standard Entry' or . = 'Standard Entry')]"}
COMMAND: POST /session/fcfdec3f19b04732468f3b81cff77eec/element/f.4917B356C9E108E3489CB9DCB9E54F9E.d.A28978BC5C2C70BD262AED1EB925B42C.e.18714/click - {}
RESULT: {}
COMMAND: GET /session/fcfdec3f19b04732468f3b81cff77eec/screenshot - {}
RESULT: {}
COMMAND: POST /session/fcfdec3f19b04732468f3b81cff77eec/element - {"using":"xpath","value":"//td[6]/div/div/div/span"}
RESULT: {"using":"xpath","value":"//td[6]/div/div/div/span"}
COMMAND: POST /session/fcfdec3f19b04732468f3b81cff77eec/element/f.4917B356C9E108E3489CB9DCB9E54F9E.d.A28978BC5C2C70BD262AED1EB925B42C.e.18726/click - {}
RESULT: {}
COMMAND: GET /session/fcfdec3f19b04732468f3b81cff77eec/screenshot - {}
RESULT: {}
COMMAND: POST /session/fcfdec3f19b04732468f3b81cff77eec/element - {"using":"xpath","value":"(//span[contains(text(), \"Material\")])"}
RESULT: {"using":"xpath","value":"(//span[contains(text(), \"Material\")])"}
COMMAND: POST /session/fcfdec3f19b04732468f3b81cff77eec/element/f.4917B356C9E108E3489CB9DCB9E54F9E.d.A28978BC5C2C70BD262AED1EB925B42C.e.18727/click - {}
RESULT: {}
COMMAND: GET /session/fcfdec3f19b04732468f3b81cff77eec/screenshot - {}
RESULT: {}
COMMAND: POST /session/fcfdec3f19b04732468f3b81cff77eec/element - {"using":"xpath","value":"//td[7]/div/div/input"}
RESULT: {"using":"xpath","value":"//td[7]/div/div/input"}
COMMAND: POST /session/fcfdec3f19b04732468f3b81cff77eec/element/f.4917B356C9E108E3489CB9DCB9E54F9E.d.A28978BC5C2C70BD262AED1EB925B42C.e.18731/clear - {}
RESULT: {}
COMMAND: POST /session/fcfdec3f19b04732468f3b81cff77eec/element/f.4917B356C9E108E3489CB9DCB9E54F9E.d.A28978BC5C2C70BD262AED1EB925B42C.e.18731/value - {"text":"200115"}
COMMAND: GET /session/fcfdec3f19b04732468f3b81cff77eec/screenshot - {}
RESULT: {"text":"200115"}
COMMAND: GET /session/fcfdec3f19b04732468f3b81cff77eec/screenshot - {}
RESULT: {}
RESULT: {}
COMMAND: POST /session/fcfdec3f19b04732468f3b81cff77eec/actions - {"actions":[{"id":"action57","type":"key","parameters":{},"actions":[{"type":"keyDown","value":""},{"type":"pause","duration":10},{"type":"keyUp","value":""}]}]}
RESULT: {"actions":[{"id":"action57","type":"key","parameters":{},"actions":[{"type":"keyDown","value":""},{"type":"pause","duration":10},{"type":"keyUp","value":""}]}]}
COMMAND: GET /session/fcfdec3f19b04732468f3b81cff77eec/screenshot - {}
RESULT: {}
COMMAND: POST /session/fcfdec3f19b04732468f3b81cff77eec/execute/sync - {"script":"<script> [276 bytes]","args":["No pricing information was found"]}
RESULT: {"script":"<script> [276 bytes]","args":["No pricing information was found"]}
COMMAND: POST /session/fcfdec3f19b04732468f3b81cff77eec/element - {"using":"xpath","value":"//bdi[contains(text(), \"OK\")]"}
COMMAND: GET /session/fcfdec3f19b04732468f3b81cff77eec/screenshot - {}
RESULT: {"using":"xpath","value":"//bdi[contains(text(), \"OK\")]"}
COMMAND: POST /session/fcfdec3f19b04732468f3b81cff77eec/element/f.4917B356C9E108E3489CB9DCB9E54F9E.d.A28978BC5C2C70BD262AED1EB925B42C.e.18757/click - {}
RESULT: {}
RESULT: {}
COMMAND: GET /session/fcfdec3f19b04732468f3b81cff77eec/screenshot - {}
RESULT: {}
COMMAND: POST /session/fcfdec3f19b04732468f3b81cff77eec/element - {"using":"xpath","value":"(//button[@data-kt=\"saveButton\"])[2]"}
RESULT: {"using":"xpath","value":"(//button[@data-kt=\"saveButton\"])[2]"}
COMMAND: POST /session/fcfdec3f19b04732468f3b81cff77eec/element/f.4917B356C9E108E3489CB9DCB9E54F9E.d.A28978BC5C2C70BD262AED1EB925B42C.e.18758/click - {}
RESULT: {}
COMMAND: GET /session/fcfdec3f19b04732468f3b81cff77eec/screenshot - {}
RESULT: {}
COMMAND: POST /session/fcfdec3f19b04732468f3b81cff77eec/execute/sync - {"script":"<script> [276 bytes]","args":["Some contract items are having rental validity exceeding header rental validity"]}
RESULT: {"script":"<script> [276 bytes]","args":["Some contract items are having rental validity exceeding header rental validity"]}
COMMAND: GET /session/fcfdec3f19b04732468f3b81cff77eec/screenshot - {}
RESULT: {}
COMMAND: POST /session/fcfdec3f19b04732468f3b81cff77eec/element - {"using":"xpath","value":"//span[contains(@id ,\"contractItemsSmartTable-header-inner\")]"}
RESULT: {"using":"xpath","value":"//span[contains(@id ,\"contractItemsSmartTable-header-inner\")]"}
COMMAND: POST /session/fcfdec3f19b04732468f3b81cff77eec/elements - {"using":"xpath","value":"//span[contains(@id ,\"contractItemsSmartTable-header-inner\")]"}
RESULT: {"using":"xpath","value":"//span[contains(@id ,\"contractItemsSmartTable-header-inner\")]"}
COMMAND: POST /session/fcfdec3f19b04732468f3b81cff77eec/execute/sync - {"script":"<script> [56 bytes]","args":[{"element-6066-11e4-a52e-4f735466cecf":"f.4917B356C9E108E3489CB9DCB9E54F9E.d.A28978BC5C2C70BD262AED1EB925B42C.e.18763","ELEMENT":"f.4917B356C9E108E3489CB9DCB9E54F9E.d.A28978BC5C2C70BD262AED1EB925B42C.e.18763"}]}
RESULT: {"script":"<script> [56 bytes]","args":[{"element-6066-11e4-a52e-4f735466cecf":"f.4917B356C9E108E3489CB9DCB9E54F9E.d.A28978BC5C2C70BD262AED1EB925B42C.e.18763","ELEMENT":"f.4917B356C9E108E3489CB9DCB9E54F9E.d.A28978BC5C2C70BD262AED1EB925B42C.e.18763"}]}
]]></system-out>
    </testcase>
    <testcase classname="chrome.136_0_7103_93.windows.Provide_to_Site_w/o_warehouse_management_w/o_clarification" name="Should do provide to site" time="127.262">
      <failure/>
      <error message="element click intercepted: Element &lt;button id=&quot;__button251&quot; data-sap-ui=&quot;__button251&quot; data-sap-ui-render=&quot;&quot; data-kt=&quot;ReceivingTableConfirmAllButton&quot; data-ui5-accesskey=&quot;c&quot; aria-describedby=&quot;__button251-tooltip&quot; title=&quot;Confirm All&quot; class=&quot;sapMBtnBase sapMBtn sapMColumnHeaderContent&quot;>...&lt;/button> is not clickable at point (726, 801). Other element would receive the click: &lt;div id=&quot;sap-ui-blocklayer-popup&quot; tabindex=&quot;0&quot; class=&quot;sapUiBLy&quot; style=&quot;z-index: 469; visibility: visible;&quot;>&lt;/div>&#xA;  (Session info: chrome=136.0.7103.93)"/>
      <system-out><![CDATA[
COMMAND: POST /session/fcfdec3f19b04732468f3b81cff77eec/element - {"using":"xpath","value":"//button[@data-kt=\"provideButton\"]"}
COMMAND: GET /session/fcfdec3f19b04732468f3b81cff77eec/screenshot - {}
RESULT: {"using":"xpath","value":"//button[@data-kt=\"provideButton\"]"}
COMMAND: POST /session/fcfdec3f19b04732468f3b81cff77eec/element/f.4917B356C9E108E3489CB9DCB9E54F9E.d.A28978BC5C2C70BD262AED1EB925B42C.e.18764/click - {}
RESULT: {}
RESULT: {}
COMMAND: GET /session/fcfdec3f19b04732468f3b81cff77eec/screenshot - {}
RESULT: {}
COMMAND: POST /session/fcfdec3f19b04732468f3b81cff77eec/element - {"using":"xpath","value":"(//div[contains(@id, \"application-managehandovers-display-component---AddNewHO--oneStep-CbBg\")])"}
RESULT: {"using":"xpath","value":"(//div[contains(@id, \"application-managehandovers-display-component---AddNewHO--oneStep-CbBg\")])"}
COMMAND: POST /session/fcfdec3f19b04732468f3b81cff77eec/element - {"using":"xpath","value":"(//div[contains(@id, \"application-managehandovers-display-component---AddNewHO--oneStep-CbBg\")])/input"}
RESULT: {"using":"xpath","value":"(//div[contains(@id, \"application-managehandovers-display-component---AddNewHO--oneStep-CbBg\")])/input"}
COMMAND: GET /session/fcfdec3f19b04732468f3b81cff77eec/element/f.4917B356C9E108E3489CB9DCB9E54F9E.d.A28978BC5C2C70BD262AED1EB925B42C.e.18840/attribute/checked - {}
RESULT: {}
RESULT: undefined
COMMAND: POST /session/fcfdec3f19b04732468f3b81cff77eec/execute/async - {"script":"<script> [6424 bytes]","args":[{"element-6066-11e4-a52e-4f735466cecf":"f.4917B356C9E108E3489CB9DCB9E54F9E.d.A28978BC5C2C70BD262AED1EB925B42C.e.17775"},"setValue",["05/24/25"]]}
COMMAND: POST /session/fcfdec3f19b04732468f3b81cff77eec/element/f.4917B356C9E108E3489CB9DCB9E54F9E.d.A28978BC5C2C70BD262AED1EB925B42C.e.19078/click - {}
RESULT: {}
COMMAND: GET /session/fcfdec3f19b04732468f3b81cff77eec/screenshot - {}
COMMAND: POST /session/fcfdec3f19b04732468f3b81cff77eec/execute/async - {"script":"<script> [1562 bytes]","args":[{"selector":{"id":"application-managehandovers-display-component---AddNewHO--dueDate","interaction":{"idSuffix":"inner"}},"wdio_ui5_key":"applicationmanagehandovers-display-component---AddNewHO--dueDate"}]}
RESULT: {}
RESULT: {"script":"<script> [1562 bytes]","args":[{"selector":{"id":"application-managehandovers-display-component---AddNewHO--dueDate","interaction":{"idSuffix":"inner"}},"wdio_ui5_key":"applicationmanagehandovers-display-component---AddNewHO--dueDate"}]}
COMMAND: POST /session/fcfdec3f19b04732468f3b81cff77eec/execute/async - {"script":"<script> [6424 bytes]","args":[{"element-6066-11e4-a52e-4f735466cecf":"f.4917B356C9E108E3489CB9DCB9E54F9E.d.A28978BC5C2C70BD262AED1EB925B42C.e.18838"},"setValue",["05/24/25"]]}
RESULT: {"script":"<script> [6424 bytes]","args":[{"element-6066-11e4-a52e-4f735466cecf":"f.4917B356C9E108E3489CB9DCB9E54F9E.d.A28978BC5C2C70BD262AED1EB925B42C.e.18838"},"setValue",["05/24/25"]]}
COMMAND: POST /session/fcfdec3f19b04732468f3b81cff77eec/element - {"using":"xpath","value":"//bdi[contains(text(), \"Instructions\")]"}
RESULT: {"using":"xpath","value":"//bdi[contains(text(), \"Instructions\")]"}
COMMAND: POST /session/fcfdec3f19b04732468f3b81cff77eec/element/f.4917B356C9E108E3489CB9DCB9E54F9E.d.A28978BC5C2C70BD262AED1EB925B42C.e.19082/click - {}
RESULT: {}
COMMAND: GET /session/fcfdec3f19b04732468f3b81cff77eec/screenshot - {}
RESULT: {}
COMMAND: POST /session/fcfdec3f19b04732468f3b81cff77eec/element - {"using":"xpath","value":"//button[@data-kt=\"AddNewHOProvideAddItemsButton\"]"}
RESULT: {"using":"xpath","value":"//button[@data-kt=\"AddNewHOProvideAddItemsButton\"]"}
COMMAND: POST /session/fcfdec3f19b04732468f3b81cff77eec/element/f.4917B356C9E108E3489CB9DCB9E54F9E.d.A28978BC5C2C70BD262AED1EB925B42C.e.19086/click - {}
RESULT: {}
COMMAND: GET /session/fcfdec3f19b04732468f3b81cff77eec/screenshot - {}
RESULT: {}
RESULT: undefined
COMMAND: POST /session/fcfdec3f19b04732468f3b81cff77eec/element - {"using":"xpath","value":"//*[@id=\"application-managehandovers-display-component---AddNewHO--popup-sa\"]"}
RESULT: {"using":"xpath","value":"//*[@id=\"application-managehandovers-display-component---AddNewHO--popup-sa\"]"}
COMMAND: POST /session/fcfdec3f19b04732468f3b81cff77eec/element/f.4917B356C9E108E3489CB9DCB9E54F9E.d.A28978BC5C2C70BD262AED1EB925B42C.e.19091/click - {}
RESULT: {}
COMMAND: GET /session/fcfdec3f19b04732468f3b81cff77eec/screenshot - {}
RESULT: {}
COMMAND: POST /session/fcfdec3f19b04732468f3b81cff77eec/element - {"using":"xpath","value":"//*[contains(@id ,\"BDI-content\")][contains(text(), \"Select\")]"}
RESULT: {"using":"xpath","value":"//*[contains(@id ,\"BDI-content\")][contains(text(), \"Select\")]"}
COMMAND: POST /session/fcfdec3f19b04732468f3b81cff77eec/element/f.4917B356C9E108E3489CB9DCB9E54F9E.d.A28978BC5C2C70BD262AED1EB925B42C.e.19092/click - {}
RESULT: {}
COMMAND: GET /session/fcfdec3f19b04732468f3b81cff77eec/screenshot - {}
RESULT: {}
COMMAND: POST /session/fcfdec3f19b04732468f3b81cff77eec/execute/async - {"script":"<script> [1562 bytes]","args":[{"selector":{"id":"application-managehandovers-display-component---AddNewHO--confirmCreationButton","interaction":{"idSuffix":"BDI-content"}},"wdio_ui5_key":"applicationmanagehandovers-display-component---AddNewHO--confirmCreationButton"}]}
RESULT: {"script":"<script> [1562 bytes]","args":[{"selector":{"id":"application-managehandovers-display-component---AddNewHO--confirmCreationButton","interaction":{"idSuffix":"BDI-content"}},"wdio_ui5_key":"applicationmanagehandovers-display-component---AddNewHO--confirmCreationButton"}]}
RESULT: undefined
COMMAND: POST /session/fcfdec3f19b04732468f3b81cff77eec/element - {"using":"xpath","value":"//*[@id=\"application-managehandovers-display-component---AddNewHO--confirmCreationButton\"]"}
RESULT: {"using":"xpath","value":"//*[@id=\"application-managehandovers-display-component---AddNewHO--confirmCreationButton\"]"}
COMMAND: POST /session/fcfdec3f19b04732468f3b81cff77eec/element/f.4917B356C9E108E3489CB9DCB9E54F9E.d.A28978BC5C2C70BD262AED1EB925B42C.e.18882/click - {}
RESULT: {}
COMMAND: GET /session/fcfdec3f19b04732468f3b81cff77eec/screenshot - {}
RESULT: {}
COMMAND: POST /session/fcfdec3f19b04732468f3b81cff77eec/execute/async - {"script":"<script> [1562 bytes]","args":[{"selector":{"id":"issueDatePicker","viewName":"etm.portal.ui.managehandovers.view.DetailExecuteHO","interaction":{"idSuffix":"inner"}},"wdio_ui5_key":"issueDatePickeretmportal.ui.managehandovers.view.DetailExecuteHO"}]}
RESULT: {"script":"<script> [1562 bytes]","args":[{"selector":{"id":"issueDatePicker","viewName":"etm.portal.ui.managehandovers.view.DetailExecuteHO","interaction":{"idSuffix":"inner"}},"wdio_ui5_key":"issueDatePickeretmportal.ui.managehandovers.view.DetailExecuteHO"}]}
RESULT: undefined
COMMAND: POST /session/fcfdec3f19b04732468f3b81cff77eec/execute/async - {"script":"<script> [776 bytes]","args":[{"enterText":"5/24/25","selector":{"id":"issueDatePicker","viewName":"etm.portal.ui.managehandovers.view.DetailExecuteHO","interaction":{"idSuffix":"inner"}},"clearTextFirst":true,"interactionType":"ENTER_TEXT"}]}
RESULT: {"script":"<script> [776 bytes]","args":[{"enterText":"5/24/25","selector":{"id":"issueDatePicker","viewName":"etm.portal.ui.managehandovers.view.DetailExecuteHO","interaction":{"idSuffix":"inner"}},"clearTextFirst":true,"interactionType":"ENTER_TEXT"}]}
COMMAND: POST /session/fcfdec3f19b04732468f3b81cff77eec/element - {"using":"xpath","value":"//button[@data-kt=\"PickingTableConfirmAllButton\"]"}
RESULT: {"using":"xpath","value":"//button[@data-kt=\"PickingTableConfirmAllButton\"]"}
COMMAND: POST /session/fcfdec3f19b04732468f3b81cff77eec/element/f.4917B356C9E108E3489CB9DCB9E54F9E.d.A28978BC5C2C70BD262AED1EB925B42C.e.19148/click - {}
RESULT: {}
COMMAND: GET /session/fcfdec3f19b04732468f3b81cff77eec/screenshot - {}
RESULT: {}
COMMAND: POST /session/fcfdec3f19b04732468f3b81cff77eec/element - {"using":"xpath","value":"//bdi[contains(text(), \"OK\")]"}
RESULT: {"using":"xpath","value":"//bdi[contains(text(), \"OK\")]"}
COMMAND: POST /session/fcfdec3f19b04732468f3b81cff77eec/element/f.4917B356C9E108E3489CB9DCB9E54F9E.d.A28978BC5C2C70BD262AED1EB925B42C.e.19151/click - {}
RESULT: {}
COMMAND: GET /session/fcfdec3f19b04732468f3b81cff77eec/screenshot - {}
RESULT: {}
COMMAND: POST /session/fcfdec3f19b04732468f3b81cff77eec/element - {"using":"xpath","value":"//button[@data-kt=\"execHoPickButton\"]"}
RESULT: {"using":"xpath","value":"//button[@data-kt=\"execHoPickButton\"]"}
COMMAND: POST /session/fcfdec3f19b04732468f3b81cff77eec/element/f.4917B356C9E108E3489CB9DCB9E54F9E.d.A28978BC5C2C70BD262AED1EB925B42C.e.19153/click - {}
RESULT: {}
COMMAND: GET /session/fcfdec3f19b04732468f3b81cff77eec/screenshot - {}
RESULT: {}
COMMAND: POST /session/fcfdec3f19b04732468f3b81cff77eec/element - {"using":"xpath","value":"//span[contains(@id ,\"filterItemControl_BASIC-RECEIVE_CONTRACT-vhi\")]"}
RESULT: {"using":"xpath","value":"//span[contains(@id ,\"filterItemControl_BASIC-RECEIVE_CONTRACT-vhi\")]"}
COMMAND: POST /session/fcfdec3f19b04732468f3b81cff77eec/element/f.4917B356C9E108E3489CB9DCB9E54F9E.d.A28978BC5C2C70BD262AED1EB925B42C.e.19323/click - {}
RESULT: {}
COMMAND: GET /session/fcfdec3f19b04732468f3b81cff77eec/screenshot - {}
RESULT: {}
COMMAND: POST /session/fcfdec3f19b04732468f3b81cff77eec/execute/async - {"script":"<script> [1562 bytes]","args":[{"selector":{"controlType":"sap.m.SearchField","viewName":"etm.portal.ui.managehandovers.view.MasterHO","bindingPath":{"path":"","propertyPath":"/_BASIC_SEARCH_FIELD","modelName":"fi1t3rM0d31"},"searchOpenDialogs":true,"interaction":{"idSuffix":"I"}},"wdio_ui5_key":"etmportal.ui.managehandovers.view.MasterHOsap.m.SearchField{\"path\":\"\",\"propertyPath\":\"/_BASIC_SEARCH_FIELD\",\"modelName\":\"fi1t3rM0d31\"}"}]}
RESULT: {"script":"<script> [1562 bytes]","args":[{"selector":{"controlType":"sap.m.SearchField","viewName":"etm.portal.ui.managehandovers.view.MasterHO","bindingPath":{"path":"","propertyPath":"/_BASIC_SEARCH_FIELD","modelName":"fi1t3rM0d31"},"searchOpenDialogs":true,"interaction":{"idSuffix":"I"}},"wdio_ui5_key":"etmportal.ui.managehandovers.view.MasterHOsap.m.SearchField{\"path\":\"\",\"propertyPath\":\"/_BASIC_SEARCH_FIELD\",\"modelName\":\"fi1t3rM0d31\"}"}]}
RESULT: undefined
COMMAND: POST /session/fcfdec3f19b04732468f3b81cff77eec/execute/async - {"script":"<script> [776 bytes]","args":[{"enterText":"10187","selector":{"controlType":"sap.m.SearchField","viewName":"etm.portal.ui.managehandovers.view.MasterHO","bindingPath":{"path":"","propertyPath":"/_BASIC_SEARCH_FIELD","modelName":"fi1t3rM0d31"},"searchOpenDialogs":true,"interaction":{"idSuffix":"I"}},"clearTextFirst":true,"interactionType":"ENTER_TEXT"}]}
RESULT: {"script":"<script> [776 bytes]","args":[{"enterText":"10187","selector":{"controlType":"sap.m.SearchField","viewName":"etm.portal.ui.managehandovers.view.MasterHO","bindingPath":{"path":"","propertyPath":"/_BASIC_SEARCH_FIELD","modelName":"fi1t3rM0d31"},"searchOpenDialogs":true,"interaction":{"idSuffix":"I"}},"clearTextFirst":true,"interactionType":"ENTER_TEXT"}]}
COMMAND: POST /session/fcfdec3f19b04732468f3b81cff77eec/actions - {"actions":[{"id":"action58","type":"key","parameters":{},"actions":[{"type":"keyDown","value":""},{"type":"pause","duration":10},{"type":"keyUp","value":""}]}]}
RESULT: {"actions":[{"id":"action58","type":"key","parameters":{},"actions":[{"type":"keyDown","value":""},{"type":"pause","duration":10},{"type":"keyUp","value":""}]}]}
COMMAND: GET /session/fcfdec3f19b04732468f3b81cff77eec/screenshot - {}
RESULT: {}
COMMAND: POST /session/fcfdec3f19b04732468f3b81cff77eec/element - {"using":"xpath","value":"//div[contains(@id, 'filterItemControl_BASIC-RECEIVE_CONTRACT-valueHelpDialog-table-rowsel0')]"}
RESULT: {"using":"xpath","value":"//div[contains(@id, 'filterItemControl_BASIC-RECEIVE_CONTRACT-valueHelpDialog-table-rowsel0')]"}
COMMAND: POST /session/fcfdec3f19b04732468f3b81cff77eec/element/f.4917B356C9E108E3489CB9DCB9E54F9E.d.A28978BC5C2C70BD262AED1EB925B42C.e.19332/click - {}
RESULT: {}
COMMAND: GET /session/fcfdec3f19b04732468f3b81cff77eec/screenshot - {}
RESULT: {}
COMMAND: POST /session/fcfdec3f19b04732468f3b81cff77eec/element - {"using":"xpath","value":"//bdi[contains(text(), \"OK\")]"}
RESULT: {"using":"xpath","value":"//bdi[contains(text(), \"OK\")]"}
COMMAND: POST /session/fcfdec3f19b04732468f3b81cff77eec/element/f.4917B356C9E108E3489CB9DCB9E54F9E.d.A28978BC5C2C70BD262AED1EB925B42C.e.19334/click - {}
RESULT: {}
COMMAND: GET /session/fcfdec3f19b04732468f3b81cff77eec/screenshot - {}
RESULT: {}
COMMAND: POST /session/fcfdec3f19b04732468f3b81cff77eec/element - {"using":"xpath","value":"//span[contains(@id, \"smartTable-header-inner\")]"}
RESULT: {"using":"xpath","value":"//span[contains(@id, \"smartTable-header-inner\")]"}
COMMAND: POST /session/fcfdec3f19b04732468f3b81cff77eec/elements - {"using":"xpath","value":"//span[contains(@id, \"smartTable-header-inner\")]"}
RESULT: {"using":"xpath","value":"//span[contains(@id, \"smartTable-header-inner\")]"}
COMMAND: POST /session/fcfdec3f19b04732468f3b81cff77eec/execute/sync - {"script":"<script> [56 bytes]","args":[{"element-6066-11e4-a52e-4f735466cecf":"f.4917B356C9E108E3489CB9DCB9E54F9E.d.A28978BC5C2C70BD262AED1EB925B42C.e.19362","ELEMENT":"f.4917B356C9E108E3489CB9DCB9E54F9E.d.A28978BC5C2C70BD262AED1EB925B42C.e.19362"}]}
RESULT: {"script":"<script> [56 bytes]","args":[{"element-6066-11e4-a52e-4f735466cecf":"f.4917B356C9E108E3489CB9DCB9E54F9E.d.A28978BC5C2C70BD262AED1EB925B42C.e.19362","ELEMENT":"f.4917B356C9E108E3489CB9DCB9E54F9E.d.A28978BC5C2C70BD262AED1EB925B42C.e.19362"}]}
COMMAND: POST /session/fcfdec3f19b04732468f3b81cff77eec/element - {"using":"xpath","value":"//table[contains(@id, \"customHandovers\")]//tbody/tr[1]/td[2]/span"}
COMMAND: GET /session/fcfdec3f19b04732468f3b81cff77eec/screenshot - {}
RESULT: {"using":"xpath","value":"//table[contains(@id, \"customHandovers\")]//tbody/tr[1]/td[2]/span"}
COMMAND: POST /session/fcfdec3f19b04732468f3b81cff77eec/execute/sync - {"script":"<script> [56 bytes]","args":[{"element-6066-11e4-a52e-4f735466cecf":"f.4917B356C9E108E3489CB9DCB9E54F9E.d.A28978BC5C2C70BD262AED1EB925B42C.e.19363","ELEMENT":"f.4917B356C9E108E3489CB9DCB9E54F9E.d.A28978BC5C2C70BD262AED1EB925B42C.e.19363"}]}
RESULT: {}
RESULT: {"script":"<script> [56 bytes]","args":[{"element-6066-11e4-a52e-4f735466cecf":"f.4917B356C9E108E3489CB9DCB9E54F9E.d.A28978BC5C2C70BD262AED1EB925B42C.e.19363","ELEMENT":"f.4917B356C9E108E3489CB9DCB9E54F9E.d.A28978BC5C2C70BD262AED1EB925B42C.e.19363"}]}
COMMAND: POST /session/fcfdec3f19b04732468f3b81cff77eec/element - {"using":"xpath","value":"(//span[contains(@id, \"imgNav\")])[1]"}
COMMAND: GET /session/fcfdec3f19b04732468f3b81cff77eec/screenshot - {}
RESULT: {"using":"xpath","value":"(//span[contains(@id, \"imgNav\")])[1]"}
COMMAND: POST /session/fcfdec3f19b04732468f3b81cff77eec/element/f.4917B356C9E108E3489CB9DCB9E54F9E.d.A28978BC5C2C70BD262AED1EB925B42C.e.19359/click - {}
RESULT: {}
RESULT: {}
COMMAND: GET /session/fcfdec3f19b04732468f3b81cff77eec/screenshot - {}
RESULT: {}
RESULT: undefined
COMMAND: POST /session/fcfdec3f19b04732468f3b81cff77eec/execute/async - {"script":"<script> [776 bytes]","args":[{"enterText":"5/24/25","selector":{"id":"issueDatePicker","viewName":"etm.portal.ui.managehandovers.view.DetailExecuteHO","interaction":{"idSuffix":"inner"}},"clearTextFirst":true,"interactionType":"ENTER_TEXT"}]}
RESULT: {"script":"<script> [776 bytes]","args":[{"enterText":"5/24/25","selector":{"id":"issueDatePicker","viewName":"etm.portal.ui.managehandovers.view.DetailExecuteHO","interaction":{"idSuffix":"inner"}},"clearTextFirst":true,"interactionType":"ENTER_TEXT"}]}
COMMAND: POST /session/fcfdec3f19b04732468f3b81cff77eec/element - {"using":"xpath","value":"//button[@data-kt=\"IssuingTableConfirmAllButton\"]"}
RESULT: {"using":"xpath","value":"//button[@data-kt=\"IssuingTableConfirmAllButton\"]"}
COMMAND: POST /session/fcfdec3f19b04732468f3b81cff77eec/element/f.4917B356C9E108E3489CB9DCB9E54F9E.d.A28978BC5C2C70BD262AED1EB925B42C.e.19404/click - {}
RESULT: {}
COMMAND: GET /session/fcfdec3f19b04732468f3b81cff77eec/screenshot - {}
RESULT: {}
COMMAND: POST /session/fcfdec3f19b04732468f3b81cff77eec/element - {"using":"xpath","value":"//bdi[contains(text(), \"OK\")]"}
RESULT: {"using":"xpath","value":"//bdi[contains(text(), \"OK\")]"}
COMMAND: POST /session/fcfdec3f19b04732468f3b81cff77eec/element/f.4917B356C9E108E3489CB9DCB9E54F9E.d.A28978BC5C2C70BD262AED1EB925B42C.e.19419/click - {}
RESULT: {}
COMMAND: GET /session/fcfdec3f19b04732468f3b81cff77eec/screenshot - {}
RESULT: {}
COMMAND: POST /session/fcfdec3f19b04732468f3b81cff77eec/element - {"using":"xpath","value":"//button[@data-kt=\"execHoIssueButton\"]"}
RESULT: {"using":"xpath","value":"//button[@data-kt=\"execHoIssueButton\"]"}
COMMAND: POST /session/fcfdec3f19b04732468f3b81cff77eec/element/f.4917B356C9E108E3489CB9DCB9E54F9E.d.A28978BC5C2C70BD262AED1EB925B42C.e.19421/click - {}
RESULT: {}
COMMAND: GET /session/fcfdec3f19b04732468f3b81cff77eec/screenshot - {}
RESULT: {}
COMMAND: POST /session/fcfdec3f19b04732468f3b81cff77eec/element - {"using":"xpath","value":"//input[contains(@id ,\"smartFilterBar-btnBasicSearch-I\")]"}
RESULT: {"using":"xpath","value":"//input[contains(@id ,\"smartFilterBar-btnBasicSearch-I\")]"}
COMMAND: POST /session/fcfdec3f19b04732468f3b81cff77eec/elements - {"using":"xpath","value":"//input[contains(@id ,\"smartFilterBar-btnBasicSearch-I\")]"}
RESULT: {"using":"xpath","value":"//input[contains(@id ,\"smartFilterBar-btnBasicSearch-I\")]"}
COMMAND: POST /session/fcfdec3f19b04732468f3b81cff77eec/execute/sync - {"script":"<script> [8489 bytes]","args":[{"element-6066-11e4-a52e-4f735466cecf":"f.4917B356C9E108E3489CB9DCB9E54F9E.d.A28978BC5C2C70BD262AED1EB925B42C.e.18894","ELEMENT":"f.4917B356C9E108E3489CB9DCB9E54F9E.d.A28978BC5C2C70BD262AED1EB925B42C.e.18894"}]}
RESULT: {"script":"<script> [8489 bytes]","args":[{"element-6066-11e4-a52e-4f735466cecf":"f.4917B356C9E108E3489CB9DCB9E54F9E.d.A28978BC5C2C70BD262AED1EB925B42C.e.18894","ELEMENT":"f.4917B356C9E108E3489CB9DCB9E54F9E.d.A28978BC5C2C70BD262AED1EB925B42C.e.18894"}]}
COMMAND: GET /session/fcfdec3f19b04732468f3b81cff77eec/element/f.4917B356C9E108E3489CB9DCB9E54F9E.d.A28978BC5C2C70BD262AED1EB925B42C.e.18894/enabled - {}
COMMAND: GET /session/fcfdec3f19b04732468f3b81cff77eec/screenshot - {}
RESULT: {}
COMMAND: POST /session/fcfdec3f19b04732468f3b81cff77eec/element/f.4917B356C9E108E3489CB9DCB9E54F9E.d.A28978BC5C2C70BD262AED1EB925B42C.e.18894/clear - {}
COMMAND: GET /session/fcfdec3f19b04732468f3b81cff77eec/screenshot - {}
RESULT: {}
RESULT: {}
COMMAND: POST /session/fcfdec3f19b04732468f3b81cff77eec/element/f.4917B356C9E108E3489CB9DCB9E54F9E.d.A28978BC5C2C70BD262AED1EB925B42C.e.18894/value - {"text":"30380"}
COMMAND: GET /session/fcfdec3f19b04732468f3b81cff77eec/screenshot - {}
RESULT: {}
RESULT: {"text":"30380"}
COMMAND: GET /session/fcfdec3f19b04732468f3b81cff77eec/screenshot - {}
RESULT: {}
RESULT: {}
COMMAND: POST /session/fcfdec3f19b04732468f3b81cff77eec/actions - {"actions":[{"id":"action59","type":"key","parameters":{},"actions":[{"type":"keyDown","value":""},{"type":"pause","duration":10},{"type":"keyUp","value":""}]}]}
RESULT: {"actions":[{"id":"action59","type":"key","parameters":{},"actions":[{"type":"keyDown","value":""},{"type":"pause","duration":10},{"type":"keyUp","value":""}]}]}
COMMAND: GET /session/fcfdec3f19b04732468f3b81cff77eec/screenshot - {}
RESULT: {}
COMMAND: POST /session/fcfdec3f19b04732468f3b81cff77eec/element - {"using":"xpath","value":"//span[contains(@id, \"smartTable-header-inner\")]"}
RESULT: {"using":"xpath","value":"//span[contains(@id, \"smartTable-header-inner\")]"}
COMMAND: POST /session/fcfdec3f19b04732468f3b81cff77eec/elements - {"using":"xpath","value":"//span[contains(@id, \"smartTable-header-inner\")]"}
RESULT: {"using":"xpath","value":"//span[contains(@id, \"smartTable-header-inner\")]"}
COMMAND: POST /session/fcfdec3f19b04732468f3b81cff77eec/execute/sync - {"script":"<script> [56 bytes]","args":[{"element-6066-11e4-a52e-4f735466cecf":"f.4917B356C9E108E3489CB9DCB9E54F9E.d.A28978BC5C2C70BD262AED1EB925B42C.e.19362","ELEMENT":"f.4917B356C9E108E3489CB9DCB9E54F9E.d.A28978BC5C2C70BD262AED1EB925B42C.e.19362"}]}
RESULT: {"script":"<script> [56 bytes]","args":[{"element-6066-11e4-a52e-4f735466cecf":"f.4917B356C9E108E3489CB9DCB9E54F9E.d.A28978BC5C2C70BD262AED1EB925B42C.e.19362","ELEMENT":"f.4917B356C9E108E3489CB9DCB9E54F9E.d.A28978BC5C2C70BD262AED1EB925B42C.e.19362"}]}
COMMAND: POST /session/fcfdec3f19b04732468f3b81cff77eec/elements - {"using":"xpath","value":"//thead[contains(@class, \"sapMTableTH\")]/tr/th"}
COMMAND: GET /session/fcfdec3f19b04732468f3b81cff77eec/screenshot - {}
RESULT: {"using":"xpath","value":"//thead[contains(@class, \"sapMTableTH\")]/tr/th"}
COMMAND: GET /session/fcfdec3f19b04732468f3b81cff77eec/element/f.4917B356C9E108E3489CB9DCB9E54F9E.d.A28978BC5C2C70BD262AED1EB925B42C.e.19454/text - {}
RESULT: {}
RESULT: {}
COMMAND: GET /session/fcfdec3f19b04732468f3b81cff77eec/element/f.4917B356C9E108E3489CB9DCB9E54F9E.d.A28978BC5C2C70BD262AED1EB925B42C.e.19455/text - {}
RESULT: {}
COMMAND: GET /session/fcfdec3f19b04732468f3b81cff77eec/element/f.4917B356C9E108E3489CB9DCB9E54F9E.d.A28978BC5C2C70BD262AED1EB925B42C.e.18831/text - {}
RESULT: {}
COMMAND: GET /session/fcfdec3f19b04732468f3b81cff77eec/element/f.4917B356C9E108E3489CB9DCB9E54F9E.d.A28978BC5C2C70BD262AED1EB925B42C.e.18833/text - {}
RESULT: {}
COMMAND: GET /session/fcfdec3f19b04732468f3b81cff77eec/element/f.4917B356C9E108E3489CB9DCB9E54F9E.d.A28978BC5C2C70BD262AED1EB925B42C.e.19426/text - {}
RESULT: {}
COMMAND: GET /session/fcfdec3f19b04732468f3b81cff77eec/element/f.4917B356C9E108E3489CB9DCB9E54F9E.d.A28978BC5C2C70BD262AED1EB925B42C.e.19427/text - {}
RESULT: {}
COMMAND: GET /session/fcfdec3f19b04732468f3b81cff77eec/element/f.4917B356C9E108E3489CB9DCB9E54F9E.d.A28978BC5C2C70BD262AED1EB925B42C.e.19428/text - {}
RESULT: {}
COMMAND: GET /session/fcfdec3f19b04732468f3b81cff77eec/element/f.4917B356C9E108E3489CB9DCB9E54F9E.d.A28978BC5C2C70BD262AED1EB925B42C.e.19429/text - {}
RESULT: {}
COMMAND: GET /session/fcfdec3f19b04732468f3b81cff77eec/element/f.4917B356C9E108E3489CB9DCB9E54F9E.d.A28978BC5C2C70BD262AED1EB925B42C.e.19430/text - {}
RESULT: {}
COMMAND: GET /session/fcfdec3f19b04732468f3b81cff77eec/element/f.4917B356C9E108E3489CB9DCB9E54F9E.d.A28978BC5C2C70BD262AED1EB925B42C.e.19431/text - {}
RESULT: {}
COMMAND: GET /session/fcfdec3f19b04732468f3b81cff77eec/element/f.4917B356C9E108E3489CB9DCB9E54F9E.d.A28978BC5C2C70BD262AED1EB925B42C.e.19432/text - {}
RESULT: {}
COMMAND: GET /session/fcfdec3f19b04732468f3b81cff77eec/element/f.4917B356C9E108E3489CB9DCB9E54F9E.d.A28978BC5C2C70BD262AED1EB925B42C.e.19433/text - {}
RESULT: {}
COMMAND: GET /session/fcfdec3f19b04732468f3b81cff77eec/element/f.4917B356C9E108E3489CB9DCB9E54F9E.d.A28978BC5C2C70BD262AED1EB925B42C.e.19434/text - {}
RESULT: {}
COMMAND: GET /session/fcfdec3f19b04732468f3b81cff77eec/element/f.4917B356C9E108E3489CB9DCB9E54F9E.d.A28978BC5C2C70BD262AED1EB925B42C.e.18834/text - {}
RESULT: {}
COMMAND: POST /session/fcfdec3f19b04732468f3b81cff77eec/element - {"using":"xpath","value":"//tbody[contains(@id, \"customHandoversTable-tblBody\")]/tr[1]/td[14]/div/span"}
RESULT: {"using":"xpath","value":"//tbody[contains(@id, \"customHandoversTable-tblBody\")]/tr[1]/td[14]/div/span"}
COMMAND: POST /session/fcfdec3f19b04732468f3b81cff77eec/execute/sync - {"script":"<script> [56 bytes]","args":[{"element-6066-11e4-a52e-4f735466cecf":"f.4917B356C9E108E3489CB9DCB9E54F9E.d.A28978BC5C2C70BD262AED1EB925B42C.e.19504","ELEMENT":"f.4917B356C9E108E3489CB9DCB9E54F9E.d.A28978BC5C2C70BD262AED1EB925B42C.e.19504"}]}
RESULT: {"script":"<script> [56 bytes]","args":[{"element-6066-11e4-a52e-4f735466cecf":"f.4917B356C9E108E3489CB9DCB9E54F9E.d.A28978BC5C2C70BD262AED1EB925B42C.e.19504","ELEMENT":"f.4917B356C9E108E3489CB9DCB9E54F9E.d.A28978BC5C2C70BD262AED1EB925B42C.e.19504"}]}
COMMAND: POST /session/fcfdec3f19b04732468f3b81cff77eec/element - {"using":"xpath","value":"(//span[contains(@id, \"imgNav\")])[1]"}
COMMAND: GET /session/fcfdec3f19b04732468f3b81cff77eec/screenshot - {}
RESULT: {"using":"xpath","value":"(//span[contains(@id, \"imgNav\")])[1]"}
COMMAND: POST /session/fcfdec3f19b04732468f3b81cff77eec/element/f.4917B356C9E108E3489CB9DCB9E54F9E.d.A28978BC5C2C70BD262AED1EB925B42C.e.19505/click - {}
RESULT: {}
RESULT: {}
COMMAND: GET /session/fcfdec3f19b04732468f3b81cff77eec/screenshot - {}
RESULT: {}
RESULT: undefined
COMMAND: POST /session/fcfdec3f19b04732468f3b81cff77eec/execute/async - {"script":"<script> [776 bytes]","args":[{"enterText":"05/24/25","selector":{"id":"receiptDatePicker","viewName":"etm.portal.ui.managehandovers.view.DetailExecuteHO","interaction":{"idSuffix":"inner"}},"clearTextFirst":true,"interactionType":"ENTER_TEXT"}]}
RESULT: {"script":"<script> [776 bytes]","args":[{"enterText":"05/24/25","selector":{"id":"receiptDatePicker","viewName":"etm.portal.ui.managehandovers.view.DetailExecuteHO","interaction":{"idSuffix":"inner"}},"clearTextFirst":true,"interactionType":"ENTER_TEXT"}]}
COMMAND: POST /session/fcfdec3f19b04732468f3b81cff77eec/element - {"using":"xpath","value":"//button[@data-kt=\"ReceivingTableConfirmAllButton\"]"}
RESULT: {"using":"xpath","value":"//button[@data-kt=\"ReceivingTableConfirmAllButton\"]"}
COMMAND: POST /session/fcfdec3f19b04732468f3b81cff77eec/element/f.4917B356C9E108E3489CB9DCB9E54F9E.d.A28978BC5C2C70BD262AED1EB925B42C.e.19524/click - {}
COMMAND: GET /session/fcfdec3f19b04732468f3b81cff77eec/screenshot - {}
RESULT: {}
]]></system-out>
      <system-err><![CDATA[
element click intercepted: element click intercepted: Element <button id="__button251" data-sap-ui="__button251" data-sap-ui-render="" data-kt="ReceivingTableConfirmAllButton" data-ui5-accesskey="c" aria-describedby="__button251-tooltip" title="Confirm All" class="sapMBtnBase sapMBtn sapMColumnHeaderContent">...</button> is not clickable at point (726, 801). Other element would receive the click: <div id="sap-ui-blocklayer-popup" tabindex="0" class="sapUiBLy" style="z-index: 469; visibility: visible;"></div>
  (Session info: chrome=136.0.7103.93)
    at async Context.<anonymous> (D:\a\1\s\test\specs\HTR\provide-to-site-wo-warehouse-wo-clarification.spec.js:288:9)
]]></system-err>
    </testcase>
    <testcase classname="chrome.136_0_7103_93.windows.Provide_to_Site_w/o_warehouse_management_w/o_clarification" name="Should Test for Handover Execution" time="5.161">
      <failure/>
      <error message="element click intercepted: Element &lt;span id=&quot;__item1058-__clone2187-imgNav&quot; data-sap-ui=&quot;__item1058-__clone2187-imgNav&quot; data-sap-ui-render=&quot;&quot; role=&quot;img&quot; aria-label=&quot;Navigation&quot; data-sap-ui-icon-content=&quot;&quot; class=&quot;sapUiIcon sapUiIconMirrorInRTL sapMLIBType sapMLIBImgNav&quot; style=&quot;font-family: SAP-icons;&quot;>...&lt;/span> is not clickable at point (588, 394). Other element would receive the click: &lt;div id=&quot;sap-ui-blocklayer-popup&quot; tabindex=&quot;0&quot; class=&quot;sapUiBLy&quot; style=&quot;z-index: 469; visibility: visible;&quot;>&lt;/div>&#xA;  (Session info: chrome=136.0.7103.93)"/>
      <system-out><![CDATA[
COMMAND: POST /session/fcfdec3f19b04732468f3b81cff77eec/element - {"using":"xpath","value":"(//span[contains(@id, \"imgNav\")])[1]"}
COMMAND: GET /session/fcfdec3f19b04732468f3b81cff77eec/screenshot - {}
RESULT: {"using":"xpath","value":"(//span[contains(@id, \"imgNav\")])[1]"}
COMMAND: POST /session/fcfdec3f19b04732468f3b81cff77eec/element/f.4917B356C9E108E3489CB9DCB9E54F9E.d.A28978BC5C2C70BD262AED1EB925B42C.e.19505/click - {}
RESULT: {}
COMMAND: GET /session/fcfdec3f19b04732468f3b81cff77eec/screenshot - {}
RESULT: {}
]]></system-out>
      <system-err><![CDATA[
element click intercepted: element click intercepted: Element <span id="__item1058-__clone2187-imgNav" data-sap-ui="__item1058-__clone2187-imgNav" data-sap-ui-render="" role="img" aria-label="Navigation" data-sap-ui-icon-content="" class="sapUiIcon sapUiIconMirrorInRTL sapMLIBType sapMLIBImgNav" style="font-family: SAP-icons;">...</span> is not clickable at point (588, 394). Other element would receive the click: <div id="sap-ui-blocklayer-popup" tabindex="0" class="sapUiBLy" style="z-index: 469; visibility: visible;"></div>
  (Session info: chrome=136.0.7103.93)
    at async Context.<anonymous> (D:\a\1\s\test\specs\HTR\provide-to-site-wo-warehouse-wo-clarification.spec.js:344:9)
]]></system-err>
    </testcase>
    <testcase classname="chrome.136_0_7103_93.windows.Provide_to_Site_w/o_warehouse_management_w/o_clarification" name="Should test for Clarification" time="0.008">
      <system-out><![CDATA[
COMMAND: GET /session/fcfdec3f19b04732468f3b81cff77eec/screenshot - {}
COMMAND: POST /session/fcfdec3f19b04732468f3b81cff77eec/element - {"using":"css selector","value":"#j_username"}
COMMAND: POST /session/fcfdec3f19b04732468f3b81cff77eec/url - {"url":"https://qa-testing-00-live-etm-ui.cfapps.eu10-004.hana.ondemand.com/"}
COMMAND: GET /session/fcfdec3f19b04732468f3b81cff77eec/screenshot - {}
RESULT: {}
RESULT: {}
RESULT: {"url":"https://qa-testing-00-live-etm-ui.cfapps.eu10-004.hana.ondemand.com/"}
RESULT: undefined
COMMAND: GET /session/fcfdec3f19b04732468f3b81cff77eec/screenshot - {}
RESULT: {"using":"css selector","value":"#j_username"}
COMMAND: POST /session/fcfdec3f19b04732468f3b81cff77eec/element - {"using":"css selector","value":"#j_username"}
RESULT: {}
RESULT: {"using":"css selector","value":"#j_username"}
COMMAND: POST /session/fcfdec3f19b04732468f3b81cff77eec/element - {"using":"css selector","value":"#shell-header-logo"}
RESULT: {"using":"css selector","value":"#shell-header-logo"}
COMMAND: POST /session/fcfdec3f19b04732468f3b81cff77eec/execute/sync - {"script":"<script> [8489 bytes]","args":[{"element-6066-11e4-a52e-4f735466cecf":"f.4917B356C9E108E3489CB9DCB9E54F9E.d.1FC407A229AE60AF32B3C247FA2D21C8.e.19553","ELEMENT":"f.4917B356C9E108E3489CB9DCB9E54F9E.d.1FC407A229AE60AF32B3C247FA2D21C8.e.19553"}]}
RESULT: {"script":"<script> [8489 bytes]","args":[{"element-6066-11e4-a52e-4f735466cecf":"f.4917B356C9E108E3489CB9DCB9E54F9E.d.1FC407A229AE60AF32B3C247FA2D21C8.e.19553","ELEMENT":"f.4917B356C9E108E3489CB9DCB9E54F9E.d.1FC407A229AE60AF32B3C247FA2D21C8.e.19553"}]}
COMMAND: POST /session/fcfdec3f19b04732468f3b81cff77eec/element - {"using":"css selector","value":"#shell-header-logo"}
COMMAND: GET /session/fcfdec3f19b04732468f3b81cff77eec/screenshot - {}
RESULT: {"using":"css selector","value":"#shell-header-logo"}
COMMAND: POST /session/fcfdec3f19b04732468f3b81cff77eec/execute/sync - {"script":"<script> [8489 bytes]","args":[{"element-6066-11e4-a52e-4f735466cecf":"f.4917B356C9E108E3489CB9DCB9E54F9E.d.1FC407A229AE60AF32B3C247FA2D21C8.e.19553","ELEMENT":"f.4917B356C9E108E3489CB9DCB9E54F9E.d.1FC407A229AE60AF32B3C247FA2D21C8.e.19553"}]}
RESULT: {}
RESULT: {"script":"<script> [8489 bytes]","args":[{"element-6066-11e4-a52e-4f735466cecf":"f.4917B356C9E108E3489CB9DCB9E54F9E.d.1FC407A229AE60AF32B3C247FA2D21C8.e.19553","ELEMENT":"f.4917B356C9E108E3489CB9DCB9E54F9E.d.1FC407A229AE60AF32B3C247FA2D21C8.e.19553"}]}
COMMAND: POST /session/fcfdec3f19b04732468f3b81cff77eec/execute/sync - {"script":"<script> [5351 bytes]","args":[{"element-6066-11e4-a52e-4f735466cecf":"f.4917B356C9E108E3489CB9DCB9E54F9E.d.1FC407A229AE60AF32B3C247FA2D21C8.e.19553","ELEMENT":"f.4917B356C9E108E3489CB9DCB9E54F9E.d.1FC407A229AE60AF32B3C247FA2D21C8.e.19553"}]}
COMMAND: GET /session/fcfdec3f19b04732468f3b81cff77eec/screenshot - {}
RESULT: {"script":"<script> [5351 bytes]","args":[{"element-6066-11e4-a52e-4f735466cecf":"f.4917B356C9E108E3489CB9DCB9E54F9E.d.1FC407A229AE60AF32B3C247FA2D21C8.e.19553","ELEMENT":"f.4917B356C9E108E3489CB9DCB9E54F9E.d.1FC407A229AE60AF32B3C247FA2D21C8.e.19553"}]}
COMMAND: POST /session/fcfdec3f19b04732468f3b81cff77eec/element - {"using":"css selector","value":"#shell-header-logo"}
COMMAND: GET /session/fcfdec3f19b04732468f3b81cff77eec/screenshot - {}
RESULT: {}
RESULT: {"using":"css selector","value":"#shell-header-logo"}
COMMAND: POST /session/fcfdec3f19b04732468f3b81cff77eec/element/f.4917B356C9E108E3489CB9DCB9E54F9E.d.1FC407A229AE60AF32B3C247FA2D21C8.e.19553/click - {}
RESULT: {}
RESULT: {}
COMMAND: GET /session/fcfdec3f19b04732468f3b81cff77eec/screenshot - {}
RESULT: {}
COMMAND: POST /session/fcfdec3f19b04732468f3b81cff77eec/execute/async - {"script":"<script> [189 bytes]","args":[]}
RESULT: {"script":"<script> [189 bytes]","args":[]}
COMMAND: POST /session/fcfdec3f19b04732468f3b81cff77eec/execute/async - {"script":"<script> [123 bytes]","args":[]}
RESULT: {"script":"<script> [123 bytes]","args":[]}
COMMAND: POST /session/fcfdec3f19b04732468f3b81cff77eec/timeouts - {"script":"<number>"}
RESULT: {"script":"<number>"}
COMMAND: GET /session/fcfdec3f19b04732468f3b81cff77eec/timeouts - {}
RESULT: {}
RESULT: undefined
COMMAND: POST /session/fcfdec3f19b04732468f3b81cff77eec/execute/async - {"script":"<script> [2676 bytes]","args":[]}
RESULT: {"script":"<script> [2676 bytes]","args":[]}
COMMAND: POST /session/fcfdec3f19b04732468f3b81cff77eec/execute/async - {"script":"<script> [2342 bytes]","args":[{"protocol":"http","hostname":"0.0.0.0","path":"/","capabilities":{"browserName":"chrome","goog:chromeOptions":{"binary":"C:\\Program Files\\Google\\Chrome\\Application\\chrome.exe","args":["--start-maximized"]}},"logLevel":"warn","connectionRetryTimeout":120000,"connectionRetryCount":3,"logLevels":{},"enableDirectConnect":true,"strictSSL":true,"_":"65 more keys: [\"cacheDir\",\"port\",\"requestedCapabilities\",\"automationProtocol\",\"baseUrl\",\"waitforInterval\",\"waitforTimeout\",\"onReload\",\"beforeCommand\",\"afterCommand\",\"rootDir\",\"specs\",\"suites\",\"exclude\",\"groupLogsByTestSpec\",\"excludeDriverLogs\",\"bail\",\"framework\",\"reporters\",\"services\",\"maxInstances\",\"maxInstancesPerCapability\",\"injectGlobals\",\"filesToWatch\",\"execArgv\",\"runnerEnv\",\"runner\",\"shard\",\"specFileRetries\",\"specFileRetriesDelay\",\"specFileRetriesDeferred\",\"reporterSyncInterval\",\"reporterSyncTimeout\",\"cucumberFeaturesWithLineNumbers\",\"autoCompileOpts\",\"mochaOpts\",\"jasmineOpts\",\"cucumberOpts\",\"onPrepare\",\"onWorkerStart\",\"onWorkerEnd\",\"before\",\"beforeSession\",\"beforeSuite\",\"beforeHook\",\"beforeTest\",\"afterTest\",\"afterHook\",\"afterSuite\",\"afterSession\",\"after\",\"onComplete\",\"beforeAssertion\",\"afterAssertion\",\"beforeFeature\",\"beforeScenario\",\"beforeStep\",\"afterStep\",\"afterScenario\",\"afterFeature\",\"_\",\"suite\",\"$0\",\"ignoredWorkerServices\",\"wdi5\"]"}]}
RESULT: {"script":"<script> [2342 bytes]","args":[{"protocol":"http","hostname":"0.0.0.0","path":"/","capabilities":{"browserName":"chrome","goog:chromeOptions":{"binary":"C:\\Program Files\\Google\\Chrome\\Application\\chrome.exe","args":["--start-maximized"]}},"logLevel":"warn","connectionRetryTimeout":120000,"connectionRetryCount":3,"logLevels":{},"enableDirectConnect":true,"strictSSL":true,"_":"65 more keys: [\"cacheDir\",\"port\",\"requestedCapabilities\",\"automationProtocol\",\"baseUrl\",\"waitforInterval\",\"waitforTimeout\",\"onReload\",\"beforeCommand\",\"afterCommand\",\"rootDir\",\"specs\",\"suites\",\"exclude\",\"groupLogsByTestSpec\",\"excludeDriverLogs\",\"bail\",\"framework\",\"reporters\",\"services\",\"maxInstances\",\"maxInstancesPerCapability\",\"injectGlobals\",\"filesToWatch\",\"execArgv\",\"runnerEnv\",\"runner\",\"shard\",\"specFileRetries\",\"specFileRetriesDelay\",\"specFileRetriesDeferred\",\"reporterSyncInterval\",\"reporterSyncTimeout\",\"cucumberFeaturesWithLineNumbers\",\"autoCompileOpts\",\"mochaOpts\",\"jasmineOpts\",\"cucumberOpts\",\"onPrepare\",\"onWorkerStart\",\"onWorkerEnd\",\"before\",\"beforeSession\",\"beforeSuite\",\"beforeHook\",\"beforeTest\",\"afterTest\",\"afterHook\",\"afterSuite\",\"afterSession\",\"after\",\"onComplete\",\"beforeAssertion\",\"afterAssertion\",\"beforeFeature\",\"beforeScenario\",\"beforeStep\",\"afterStep\",\"afterScenario\",\"afterFeature\",\"_\",\"suite\",\"$0\",\"ignoredWorkerServices\",\"wdi5\"]"}]}
COMMAND: POST /session/fcfdec3f19b04732468f3b81cff77eec/execute/async - {"script":"<script> [21126 bytes]","args":[35000]}
RESULT: {"script":"<script> [21126 bytes]","args":[35000]}
COMMAND: POST /session/fcfdec3f19b04732468f3b81cff77eec/window/maximize - {}
RESULT: {}
COMMAND: POST /session/fcfdec3f19b04732468f3b81cff77eec/execute/async - {"script":"<script> [1562 bytes]","args":[{"selector":{"id":"shell-header","interaction":{"idSuffix":"icon"}},"wdio_ui5_key":"shellheader"}]}
COMMAND: GET /session/fcfdec3f19b04732468f3b81cff77eec/screenshot - {}
RESULT: {"script":"<script> [1562 bytes]","args":[{"selector":{"id":"shell-header","interaction":{"idSuffix":"icon"}},"wdio_ui5_key":"shellheader"}]}
RESULT: undefined
COMMAND: POST /session/fcfdec3f19b04732468f3b81cff77eec/refresh - {}
RESULT: {}
RESULT: {}
COMMAND: GET /session/fcfdec3f19b04732468f3b81cff77eec/screenshot - {}
RESULT: {}
COMMAND: POST /session/fcfdec3f19b04732468f3b81cff77eec/refresh - {}
RESULT: {}
COMMAND: GET /session/fcfdec3f19b04732468f3b81cff77eec/screenshot - {}
RESULT: {}
COMMAND: POST /session/fcfdec3f19b04732468f3b81cff77eec/window/fullscreen - {}
RESULT: {}
COMMAND: POST /session/fcfdec3f19b04732468f3b81cff77eec/execute/async - {"script":"<script> [189 bytes]","args":[]}
RESULT: {"script":"<script> [189 bytes]","args":[]}
COMMAND: POST /session/fcfdec3f19b04732468f3b81cff77eec/execute/async - {"script":"<script> [123 bytes]","args":[]}
RESULT: {"script":"<script> [123 bytes]","args":[]}
COMMAND: POST /session/fcfdec3f19b04732468f3b81cff77eec/timeouts - {"script":"<number>"}
RESULT: {"script":"<number>"}
COMMAND: GET /session/fcfdec3f19b04732468f3b81cff77eec/timeouts - {}
RESULT: {}
RESULT: undefined
COMMAND: POST /session/fcfdec3f19b04732468f3b81cff77eec/execute/async - {"script":"<script> [2676 bytes]","args":[]}
RESULT: {"script":"<script> [2676 bytes]","args":[]}
COMMAND: POST /session/fcfdec3f19b04732468f3b81cff77eec/execute/async - {"script":"<script> [2342 bytes]","args":[{"protocol":"http","hostname":"0.0.0.0","path":"/","capabilities":{"browserName":"chrome","goog:chromeOptions":{"binary":"C:\\Program Files\\Google\\Chrome\\Application\\chrome.exe","args":["--start-maximized"]}},"logLevel":"warn","connectionRetryTimeout":120000,"connectionRetryCount":3,"logLevels":{},"enableDirectConnect":true,"strictSSL":true,"_":"65 more keys: [\"cacheDir\",\"port\",\"requestedCapabilities\",\"automationProtocol\",\"baseUrl\",\"waitforInterval\",\"waitforTimeout\",\"onReload\",\"beforeCommand\",\"afterCommand\",\"rootDir\",\"specs\",\"suites\",\"exclude\",\"groupLogsByTestSpec\",\"excludeDriverLogs\",\"bail\",\"framework\",\"reporters\",\"services\",\"maxInstances\",\"maxInstancesPerCapability\",\"injectGlobals\",\"filesToWatch\",\"execArgv\",\"runnerEnv\",\"runner\",\"shard\",\"specFileRetries\",\"specFileRetriesDelay\",\"specFileRetriesDeferred\",\"reporterSyncInterval\",\"reporterSyncTimeout\",\"cucumberFeaturesWithLineNumbers\",\"autoCompileOpts\",\"mochaOpts\",\"jasmineOpts\",\"cucumberOpts\",\"onPrepare\",\"onWorkerStart\",\"onWorkerEnd\",\"before\",\"beforeSession\",\"beforeSuite\",\"beforeHook\",\"beforeTest\",\"afterTest\",\"afterHook\",\"afterSuite\",\"afterSession\",\"after\",\"onComplete\",\"beforeAssertion\",\"afterAssertion\",\"beforeFeature\",\"beforeScenario\",\"beforeStep\",\"afterStep\",\"afterScenario\",\"afterFeature\",\"_\",\"suite\",\"$0\",\"ignoredWorkerServices\",\"wdi5\"]"}]}
RESULT: {"script":"<script> [2342 bytes]","args":[{"protocol":"http","hostname":"0.0.0.0","path":"/","capabilities":{"browserName":"chrome","goog:chromeOptions":{"binary":"C:\\Program Files\\Google\\Chrome\\Application\\chrome.exe","args":["--start-maximized"]}},"logLevel":"warn","connectionRetryTimeout":120000,"connectionRetryCount":3,"logLevels":{},"enableDirectConnect":true,"strictSSL":true,"_":"65 more keys: [\"cacheDir\",\"port\",\"requestedCapabilities\",\"automationProtocol\",\"baseUrl\",\"waitforInterval\",\"waitforTimeout\",\"onReload\",\"beforeCommand\",\"afterCommand\",\"rootDir\",\"specs\",\"suites\",\"exclude\",\"groupLogsByTestSpec\",\"excludeDriverLogs\",\"bail\",\"framework\",\"reporters\",\"services\",\"maxInstances\",\"maxInstancesPerCapability\",\"injectGlobals\",\"filesToWatch\",\"execArgv\",\"runnerEnv\",\"runner\",\"shard\",\"specFileRetries\",\"specFileRetriesDelay\",\"specFileRetriesDeferred\",\"reporterSyncInterval\",\"reporterSyncTimeout\",\"cucumberFeaturesWithLineNumbers\",\"autoCompileOpts\",\"mochaOpts\",\"jasmineOpts\",\"cucumberOpts\",\"onPrepare\",\"onWorkerStart\",\"onWorkerEnd\",\"before\",\"beforeSession\",\"beforeSuite\",\"beforeHook\",\"beforeTest\",\"afterTest\",\"afterHook\",\"afterSuite\",\"afterSession\",\"after\",\"onComplete\",\"beforeAssertion\",\"afterAssertion\",\"beforeFeature\",\"beforeScenario\",\"beforeStep\",\"afterStep\",\"afterScenario\",\"afterFeature\",\"_\",\"suite\",\"$0\",\"ignoredWorkerServices\",\"wdi5\"]"}]}
COMMAND: POST /session/fcfdec3f19b04732468f3b81cff77eec/execute/async - {"script":"<script> [21126 bytes]","args":[35000]}
RESULT: {"script":"<script> [21126 bytes]","args":[35000]}
]]></system-out>
    </testcase>
  </testsuite>
  <testsuite timestamp="2025-05-24T17:20:21" time="196.291" tests="6" failures="0" errors="0" skipped="0">
    <properties>
      <property name="specId" value="0"/>
      <property name="suiteName" value="Return from Site w/ warehouse management w/ clarification US125588"/>
      <property name="capabilities" value="chrome.136_0_7103_93.windows"/>
      <property name="file" value="file:///D:/a/1/s/test/specs/HTR/return-from-site-w-warehouse-management-w-clarification.spec.js"/>
    </properties>
    <testcase classname="chrome.136_0_7103_93.windows.Return_from_Site_w/_warehouse_management_w/_clarification_US125588" name="Should create a new WHM yard" time="0.014">
      <system-out><![CDATA[
COMMAND: POST /session/fcfdec3f19b04732468f3b81cff77eec/window/fullscreen - {}
RESULT: {}
]]></system-out>
    </testcase>
    <testcase classname="chrome.136_0_7103_93.windows.Return_from_Site_w/_warehouse_management_w/_clarification_US125588" name="Should create a new external WHM partner" time="0.004"/>
    <testcase classname="chrome.136_0_7103_93.windows.Return_from_Site_w/_warehouse_management_w/_clarification_US125588" name="Should create a new WHM site" time="0.003"/>
    <testcase classname="chrome.136_0_7103_93.windows.Return_from_Site_w/_warehouse_management_w/_clarification_US125588" name="Should create a new material" time="133.455">
      <system-out><![CDATA[
COMMAND: POST /session/fcfdec3f19b04732468f3b81cff77eec/execute/async - {"script":"<script> [1562 bytes]","args":[{"selector":{"controlType":"sap.m.GenericTile","properties":{"header":"Manage Resources"}},"wdio_ui5_key":"sapm.GenericTile{\"header\":\"Manage Resources\"}"}]}
RESULT: {"script":"<script> [1562 bytes]","args":[{"selector":{"controlType":"sap.m.GenericTile","properties":{"header":"Manage Resources"}},"wdio_ui5_key":"sapm.GenericTile{\"header\":\"Manage Resources\"}"}]}
RESULT: undefined
COMMAND: POST /session/fcfdec3f19b04732468f3b81cff77eec/element - {"using":"xpath","value":"//*[@id=\"__tile39\"]"}
RESULT: {"using":"xpath","value":"//*[@id=\"__tile39\"]"}
COMMAND: POST /session/fcfdec3f19b04732468f3b81cff77eec/element/f.4917B356C9E108E3489CB9DCB9E54F9E.d.FA8F4B7A162AEA5FB17464D915ABC529.e.19693/click - {}
RESULT: {}
COMMAND: GET /session/fcfdec3f19b04732468f3b81cff77eec/screenshot - {}
RESULT: {}
COMMAND: POST /session/fcfdec3f19b04732468f3b81cff77eec/elements - {"using":"xpath","value":"//span[text()='Error']"}
RESULT: {"using":"xpath","value":"//span[text()='Error']"}
COMMAND: POST /session/fcfdec3f19b04732468f3b81cff77eec/element - {"using":"xpath","value":"//button[@data-kt=\"addNewRUOverflowToolbarButton\"]"}
RESULT: {"using":"xpath","value":"//button[@data-kt=\"addNewRUOverflowToolbarButton\"]"}
COMMAND: POST /session/fcfdec3f19b04732468f3b81cff77eec/elements - {"using":"xpath","value":"//button[@data-kt=\"addNewRUOverflowToolbarButton\"]"}
RESULT: {"using":"xpath","value":"//button[@data-kt=\"addNewRUOverflowToolbarButton\"]"}
COMMAND: POST /session/fcfdec3f19b04732468f3b81cff77eec/execute/sync - {"script":"<script> [8489 bytes]","args":[{"element-6066-11e4-a52e-4f735466cecf":"f.4917B356C9E108E3489CB9DCB9E54F9E.d.FA8F4B7A162AEA5FB17464D915ABC529.e.19943","ELEMENT":"f.4917B356C9E108E3489CB9DCB9E54F9E.d.FA8F4B7A162AEA5FB17464D915ABC529.e.19943"}]}
RESULT: {"script":"<script> [8489 bytes]","args":[{"element-6066-11e4-a52e-4f735466cecf":"f.4917B356C9E108E3489CB9DCB9E54F9E.d.FA8F4B7A162AEA5FB17464D915ABC529.e.19943","ELEMENT":"f.4917B356C9E108E3489CB9DCB9E54F9E.d.FA8F4B7A162AEA5FB17464D915ABC529.e.19943"}]}
COMMAND: GET /session/fcfdec3f19b04732468f3b81cff77eec/element/f.4917B356C9E108E3489CB9DCB9E54F9E.d.FA8F4B7A162AEA5FB17464D915ABC529.e.19943/enabled - {}
COMMAND: GET /session/fcfdec3f19b04732468f3b81cff77eec/screenshot - {}
RESULT: {}
COMMAND: POST /session/fcfdec3f19b04732468f3b81cff77eec/execute/sync - {"script":"<script> [8489 bytes]","args":[{"element-6066-11e4-a52e-4f735466cecf":"f.4917B356C9E108E3489CB9DCB9E54F9E.d.FA8F4B7A162AEA5FB17464D915ABC529.e.19943","ELEMENT":"f.4917B356C9E108E3489CB9DCB9E54F9E.d.FA8F4B7A162AEA5FB17464D915ABC529.e.19943"}]}
COMMAND: GET /session/fcfdec3f19b04732468f3b81cff77eec/screenshot - {}
RESULT: {}
RESULT: {"script":"<script> [8489 bytes]","args":[{"element-6066-11e4-a52e-4f735466cecf":"f.4917B356C9E108E3489CB9DCB9E54F9E.d.FA8F4B7A162AEA5FB17464D915ABC529.e.19943","ELEMENT":"f.4917B356C9E108E3489CB9DCB9E54F9E.d.FA8F4B7A162AEA5FB17464D915ABC529.e.19943"}]}
COMMAND: POST /session/fcfdec3f19b04732468f3b81cff77eec/execute/sync - {"script":"<script> [5351 bytes]","args":[{"element-6066-11e4-a52e-4f735466cecf":"f.4917B356C9E108E3489CB9DCB9E54F9E.d.FA8F4B7A162AEA5FB17464D915ABC529.e.19943","ELEMENT":"f.4917B356C9E108E3489CB9DCB9E54F9E.d.FA8F4B7A162AEA5FB17464D915ABC529.e.19943"}]}
COMMAND: GET /session/fcfdec3f19b04732468f3b81cff77eec/screenshot - {}
RESULT: {}
RESULT: {"script":"<script> [5351 bytes]","args":[{"element-6066-11e4-a52e-4f735466cecf":"f.4917B356C9E108E3489CB9DCB9E54F9E.d.FA8F4B7A162AEA5FB17464D915ABC529.e.19943","ELEMENT":"f.4917B356C9E108E3489CB9DCB9E54F9E.d.FA8F4B7A162AEA5FB17464D915ABC529.e.19943"}]}
COMMAND: POST /session/fcfdec3f19b04732468f3b81cff77eec/element/f.4917B356C9E108E3489CB9DCB9E54F9E.d.FA8F4B7A162AEA5FB17464D915ABC529.e.19943/click - {}
COMMAND: GET /session/fcfdec3f19b04732468f3b81cff77eec/screenshot - {}
RESULT: {}
RESULT: {}
COMMAND: GET /session/fcfdec3f19b04732468f3b81cff77eec/screenshot - {}
COMMAND: POST /session/fcfdec3f19b04732468f3b81cff77eec/execute/async - {"script":"<script> [1562 bytes]","args":[{"selector":{"id":"application-manageresources-display-component---newResourceUnit--TYPE-arrow"},"wdio_ui5_key":"applicationmanageresources-display-component---newResourceUnit--TYPE-arrow"}]}
RESULT: {}
RESULT: {}
RESULT: {"script":"<script> [1562 bytes]","args":[{"selector":{"id":"application-manageresources-display-component---newResourceUnit--TYPE-arrow"},"wdio_ui5_key":"applicationmanageresources-display-component---newResourceUnit--TYPE-arrow"}]}
RESULT: undefined
COMMAND: POST /session/fcfdec3f19b04732468f3b81cff77eec/element - {"using":"xpath","value":"//*[@id=\"application-manageresources-display-component---newResourceUnit--TYPE-arrow\"]"}
RESULT: {"using":"xpath","value":"//*[@id=\"application-manageresources-display-component---newResourceUnit--TYPE-arrow\"]"}
COMMAND: POST /session/fcfdec3f19b04732468f3b81cff77eec/element/f.4917B356C9E108E3489CB9DCB9E54F9E.d.FA8F4B7A162AEA5FB17464D915ABC529.e.20184/click - {}
RESULT: {}
COMMAND: POST /session/fcfdec3f19b04732468f3b81cff77eec/element - {"using":"xpath","value":"//input[@id=\"application-manageresources-display-component---newResourceUnit--TYPE-inner\"]"}
COMMAND: GET /session/fcfdec3f19b04732468f3b81cff77eec/screenshot - {}
RESULT: {"using":"xpath","value":"//input[@id=\"application-manageresources-display-component---newResourceUnit--TYPE-inner\"]"}
COMMAND: POST /session/fcfdec3f19b04732468f3b81cff77eec/element/f.4917B356C9E108E3489CB9DCB9E54F9E.d.FA8F4B7A162AEA5FB17464D915ABC529.e.20181/clear - {}
RESULT: {}
RESULT: {}
COMMAND: POST /session/fcfdec3f19b04732468f3b81cff77eec/element/f.4917B356C9E108E3489CB9DCB9E54F9E.d.FA8F4B7A162AEA5FB17464D915ABC529.e.20181/value - {"text":"Material"}
COMMAND: GET /session/fcfdec3f19b04732468f3b81cff77eec/screenshot - {}
RESULT: {"text":"Material"}
COMMAND: GET /session/fcfdec3f19b04732468f3b81cff77eec/screenshot - {}
RESULT: {}
RESULT: {}
COMMAND: POST /session/fcfdec3f19b04732468f3b81cff77eec/actions - {"actions":[{"id":"action60","type":"key","parameters":{},"actions":[{"type":"keyDown","value":""},{"type":"pause","duration":10},{"type":"keyUp","value":""}]}]}
RESULT: {"actions":[{"id":"action60","type":"key","parameters":{},"actions":[{"type":"keyDown","value":""},{"type":"pause","duration":10},{"type":"keyUp","value":""}]}]}
COMMAND: POST /session/fcfdec3f19b04732468f3b81cff77eec/execute/async - {"script":"<script> [1562 bytes]","args":[{"selector":{"id":"application-manageresources-display-component---newResourceUnit--SHORT_TEXT","interaction":{"idSuffix":"inner"}},"wdio_ui5_key":"applicationmanageresources-display-component---newResourceUnit--SHORT_TEXT"}]}
COMMAND: GET /session/fcfdec3f19b04732468f3b81cff77eec/screenshot - {}
RESULT: {"script":"<script> [1562 bytes]","args":[{"selector":{"id":"application-manageresources-display-component---newResourceUnit--SHORT_TEXT","interaction":{"idSuffix":"inner"}},"wdio_ui5_key":"applicationmanageresources-display-component---newResourceUnit--SHORT_TEXT"}]}
RESULT: undefined
COMMAND: POST /session/fcfdec3f19b04732468f3b81cff77eec/execute/async - {"script":"<script> [776 bytes]","args":[{"enterText":"Cement WDIO","selector":{"id":"application-manageresources-display-component---newResourceUnit--SHORT_TEXT","interaction":{"idSuffix":"inner"}},"clearTextFirst":true,"interactionType":"ENTER_TEXT"}]}
RESULT: {}
RESULT: {"script":"<script> [776 bytes]","args":[{"enterText":"Cement WDIO","selector":{"id":"application-manageresources-display-component---newResourceUnit--SHORT_TEXT","interaction":{"idSuffix":"inner"}},"clearTextFirst":true,"interactionType":"ENTER_TEXT"}]}
COMMAND: POST /session/fcfdec3f19b04732468f3b81cff77eec/execute/async - {"script":"<script> [1562 bytes]","args":[{"selector":{"id":"application-manageresources-display-component---newResourceUnit--BASE_UNIT_OF_MEASURE","interaction":{"idSuffix":"inner"}},"wdio_ui5_key":"applicationmanageresources-display-component---newResourceUnit--BASE_UNIT_OF_MEASURE"}]}
RESULT: {"script":"<script> [1562 bytes]","args":[{"selector":{"id":"application-manageresources-display-component---newResourceUnit--BASE_UNIT_OF_MEASURE","interaction":{"idSuffix":"inner"}},"wdio_ui5_key":"applicationmanageresources-display-component---newResourceUnit--BASE_UNIT_OF_MEASURE"}]}
RESULT: undefined
COMMAND: POST /session/fcfdec3f19b04732468f3b81cff77eec/execute/async - {"script":"<script> [776 bytes]","args":[{"enterText":"Piece","selector":{"id":"application-manageresources-display-component---newResourceUnit--BASE_UNIT_OF_MEASURE","interaction":{"idSuffix":"inner"}},"clearTextFirst":true,"interactionType":"ENTER_TEXT"}]}
RESULT: {"script":"<script> [776 bytes]","args":[{"enterText":"Piece","selector":{"id":"application-manageresources-display-component---newResourceUnit--BASE_UNIT_OF_MEASURE","interaction":{"idSuffix":"inner"}},"clearTextFirst":true,"interactionType":"ENTER_TEXT"}]}
COMMAND: POST /session/fcfdec3f19b04732468f3b81cff77eec/execute/async - {"script":"<script> [1562 bytes]","args":[{"selector":{"id":"application-manageresources-display-component---newResourceUnit--WEIGHT_UNIT","interaction":{"idSuffix":"inner"}},"wdio_ui5_key":"applicationmanageresources-display-component---newResourceUnit--WEIGHT_UNIT"}]}
RESULT: {"script":"<script> [1562 bytes]","args":[{"selector":{"id":"application-manageresources-display-component---newResourceUnit--WEIGHT_UNIT","interaction":{"idSuffix":"inner"}},"wdio_ui5_key":"applicationmanageresources-display-component---newResourceUnit--WEIGHT_UNIT"}]}
RESULT: undefined
COMMAND: POST /session/fcfdec3f19b04732468f3b81cff77eec/execute/async - {"script":"<script> [776 bytes]","args":[{"enterText":"Gram","selector":{"id":"application-manageresources-display-component---newResourceUnit--WEIGHT_UNIT","interaction":{"idSuffix":"inner"}},"clearTextFirst":true,"interactionType":"ENTER_TEXT"}]}
RESULT: {"script":"<script> [776 bytes]","args":[{"enterText":"Gram","selector":{"id":"application-manageresources-display-component---newResourceUnit--WEIGHT_UNIT","interaction":{"idSuffix":"inner"}},"clearTextFirst":true,"interactionType":"ENTER_TEXT"}]}
COMMAND: POST /session/fcfdec3f19b04732468f3b81cff77eec/execute/async - {"script":"<script> [1562 bytes]","args":[{"selector":{"id":"application-manageresources-display-component---newResourceUnit--DIMENSION_UNIT","interaction":{"idSuffix":"inner"}},"wdio_ui5_key":"applicationmanageresources-display-component---newResourceUnit--DIMENSION_UNIT"}]}
RESULT: {"script":"<script> [1562 bytes]","args":[{"selector":{"id":"application-manageresources-display-component---newResourceUnit--DIMENSION_UNIT","interaction":{"idSuffix":"inner"}},"wdio_ui5_key":"applicationmanageresources-display-component---newResourceUnit--DIMENSION_UNIT"}]}
RESULT: undefined
COMMAND: POST /session/fcfdec3f19b04732468f3b81cff77eec/execute/async - {"script":"<script> [776 bytes]","args":[{"enterText":"Meter","selector":{"id":"application-manageresources-display-component---newResourceUnit--DIMENSION_UNIT","interaction":{"idSuffix":"inner"}},"clearTextFirst":true,"interactionType":"ENTER_TEXT"}]}
RESULT: {"script":"<script> [776 bytes]","args":[{"enterText":"Meter","selector":{"id":"application-manageresources-display-component---newResourceUnit--DIMENSION_UNIT","interaction":{"idSuffix":"inner"}},"clearTextFirst":true,"interactionType":"ENTER_TEXT"}]}
COMMAND: POST /session/fcfdec3f19b04732468f3b81cff77eec/execute/async - {"script":"<script> [1562 bytes]","args":[{"selector":{"id":"application-manageresources-display-component---newResourceUnit--newRRUPage-anchBar-application-manageresources-display-component---newResourceUnit--control-anchor","interaction":{"idSuffix":"BDI-content"}},"wdio_ui5_key":"applicationmanageresources-display-component---newResourceUnit--newRRUPage-anchBar-application-manageresources-display-component---newResourceUnit--control-anchor"}]}
RESULT: {"script":"<script> [1562 bytes]","args":[{"selector":{"id":"application-manageresources-display-component---newResourceUnit--newRRUPage-anchBar-application-manageresources-display-component---newResourceUnit--control-anchor","interaction":{"idSuffix":"BDI-content"}},"wdio_ui5_key":"applicationmanageresources-display-component---newResourceUnit--newRRUPage-anchBar-application-manageresources-display-component---newResourceUnit--control-anchor"}]}
RESULT: undefined
COMMAND: POST /session/fcfdec3f19b04732468f3b81cff77eec/element - {"using":"xpath","value":"//*[@id=\"application-manageresources-display-component---newResourceUnit--newRRUPage-anchBar-application-manageresources-display-component---newResourceUnit--control-anchor\"]"}
RESULT: {"using":"xpath","value":"//*[@id=\"application-manageresources-display-component---newResourceUnit--newRRUPage-anchBar-application-manageresources-display-component---newResourceUnit--control-anchor\"]"}
COMMAND: POST /session/fcfdec3f19b04732468f3b81cff77eec/element/f.4917B356C9E108E3489CB9DCB9E54F9E.d.FA8F4B7A162AEA5FB17464D915ABC529.e.20316/click - {}
RESULT: {}
COMMAND: POST /session/fcfdec3f19b04732468f3b81cff77eec/execute/async - {"script":"<script> [1562 bytes]","args":[{"selector":{"id":"application-manageresources-display-component---newResourceUnit--PLANNING_GROUP","interaction":{"idSuffix":"inner"}},"wdio_ui5_key":"applicationmanageresources-display-component---newResourceUnit--PLANNING_GROUP"}]}
COMMAND: GET /session/fcfdec3f19b04732468f3b81cff77eec/screenshot - {}
RESULT: {"script":"<script> [1562 bytes]","args":[{"selector":{"id":"application-manageresources-display-component---newResourceUnit--PLANNING_GROUP","interaction":{"idSuffix":"inner"}},"wdio_ui5_key":"applicationmanageresources-display-component---newResourceUnit--PLANNING_GROUP"}]}
RESULT: undefined
COMMAND: POST /session/fcfdec3f19b04732468f3b81cff77eec/execute/async - {"script":"<script> [776 bytes]","args":[{"enterText":"Material","selector":{"id":"application-manageresources-display-component---newResourceUnit--PLANNING_GROUP","interaction":{"idSuffix":"inner"}},"clearTextFirst":true,"interactionType":"ENTER_TEXT"}]}
RESULT: {}
RESULT: {"script":"<script> [776 bytes]","args":[{"enterText":"Material","selector":{"id":"application-manageresources-display-component---newResourceUnit--PLANNING_GROUP","interaction":{"idSuffix":"inner"}},"clearTextFirst":true,"interactionType":"ENTER_TEXT"}]}
COMMAND: POST /session/fcfdec3f19b04732468f3b81cff77eec/execute/async - {"script":"<script> [1562 bytes]","args":[{"selector":{"id":"application-manageresources-display-component---newResourceUnit--PLANNING_INDICATOR","interaction":{"idSuffix":"inner"}},"wdio_ui5_key":"applicationmanageresources-display-component---newResourceUnit--PLANNING_INDICATOR"}]}
RESULT: {"script":"<script> [1562 bytes]","args":[{"selector":{"id":"application-manageresources-display-component---newResourceUnit--PLANNING_INDICATOR","interaction":{"idSuffix":"inner"}},"wdio_ui5_key":"applicationmanageresources-display-component---newResourceUnit--PLANNING_INDICATOR"}]}
RESULT: undefined
COMMAND: POST /session/fcfdec3f19b04732468f3b81cff77eec/execute/async - {"script":"<script> [776 bytes]","args":[{"enterText":"10 - infinite","selector":{"id":"application-manageresources-display-component---newResourceUnit--PLANNING_INDICATOR","interaction":{"idSuffix":"inner"}},"clearTextFirst":true,"interactionType":"ENTER_TEXT"}]}
RESULT: {"script":"<script> [776 bytes]","args":[{"enterText":"10 - infinite","selector":{"id":"application-manageresources-display-component---newResourceUnit--PLANNING_INDICATOR","interaction":{"idSuffix":"inner"}},"clearTextFirst":true,"interactionType":"ENTER_TEXT"}]}
COMMAND: POST /session/fcfdec3f19b04732468f3b81cff77eec/element - {"using":"css selector","value":"#application-manageresources-display-component---newResourceUnit--btnAddTimeSegment"}
RESULT: {"using":"css selector","value":"#application-manageresources-display-component---newResourceUnit--btnAddTimeSegment"}
COMMAND: GET /session/fcfdec3f19b04732468f3b81cff77eec/element/f.4917B356C9E108E3489CB9DCB9E54F9E.d.FA8F4B7A162AEA5FB17464D915ABC529.e.20325/rect - {}
RESULT: {}
COMMAND: GET /session/fcfdec3f19b04732468f3b81cff77eec/window/rect - {}
RESULT: {}
COMMAND: POST /session/fcfdec3f19b04732468f3b81cff77eec/execute/sync - {"script":"<script> [92 bytes]","args":[]}
RESULT: {"script":"<script> [92 bytes]","args":[]}
COMMAND: POST /session/fcfdec3f19b04732468f3b81cff77eec/actions - {"actions":[{"id":"action61","type":"wheel","parameters":{},"actions":[{"type":"scroll","x":-1888,"y":-32,"deltaX":0,"deltaY":0,"duration":0,"origin":{"element-6066-11e4-a52e-4f735466cecf":"f.4917B356C9E108E3489CB9DCB9E54F9E.d.FA8F4B7A162AEA5FB17464D915ABC529.e.20325"}}]}]}
COMMAND: GET /session/fcfdec3f19b04732468f3b81cff77eec/screenshot - {}
RESULT: {}
COMMAND: POST /session/fcfdec3f19b04732468f3b81cff77eec/execute/sync - {"script":"<script> [79 bytes]","args":[{"element-6066-11e4-a52e-4f735466cecf":"f.4917B356C9E108E3489CB9DCB9E54F9E.d.FA8F4B7A162AEA5FB17464D915ABC529.e.20325","ELEMENT":"f.4917B356C9E108E3489CB9DCB9E54F9E.d.FA8F4B7A162AEA5FB17464D915ABC529.e.20325"},{"block":"start","inline":"nearest"}]}
RESULT: {"script":"<script> [79 bytes]","args":[{"element-6066-11e4-a52e-4f735466cecf":"f.4917B356C9E108E3489CB9DCB9E54F9E.d.FA8F4B7A162AEA5FB17464D915ABC529.e.20325","ELEMENT":"f.4917B356C9E108E3489CB9DCB9E54F9E.d.FA8F4B7A162AEA5FB17464D915ABC529.e.20325"},{"block":"start","inline":"nearest"}]}
COMMAND: POST /session/fcfdec3f19b04732468f3b81cff77eec/execute/async - {"script":"<script> [1562 bytes]","args":[{"selector":{"id":"application-manageresources-display-component---newResourceUnit--btnAddTimeSegment","interaction":{"idSuffix":"inner"}},"wdio_ui5_key":"applicationmanageresources-display-component---newResourceUnit--btnAddTimeSegment"}]}
COMMAND: GET /session/fcfdec3f19b04732468f3b81cff77eec/screenshot - {}
RESULT: {"script":"<script> [1562 bytes]","args":[{"selector":{"id":"application-manageresources-display-component---newResourceUnit--btnAddTimeSegment","interaction":{"idSuffix":"inner"}},"wdio_ui5_key":"applicationmanageresources-display-component---newResourceUnit--btnAddTimeSegment"}]}
RESULT: undefined
COMMAND: POST /session/fcfdec3f19b04732468f3b81cff77eec/element - {"using":"xpath","value":"//*[@id=\"application-manageresources-display-component---newResourceUnit--btnAddTimeSegment\"]"}
RESULT: {}
RESULT: {"using":"xpath","value":"//*[@id=\"application-manageresources-display-component---newResourceUnit--btnAddTimeSegment\"]"}
COMMAND: POST /session/fcfdec3f19b04732468f3b81cff77eec/element/f.4917B356C9E108E3489CB9DCB9E54F9E.d.FA8F4B7A162AEA5FB17464D915ABC529.e.20325/click - {}
RESULT: {}
COMMAND: GET /session/fcfdec3f19b04732468f3b81cff77eec/screenshot - {}
RESULT: {}
COMMAND: POST /session/fcfdec3f19b04732468f3b81cff77eec/element - {"using":"xpath","value":"//input[@id=\"application-manageresources-display-component---newResourceUnit--idRuTSAdmin-application-manageresources-display-component---newResourceUnit--RUTimeSegment-0-inner\"]"}
RESULT: {"using":"xpath","value":"//input[@id=\"application-manageresources-display-component---newResourceUnit--idRuTSAdmin-application-manageresources-display-component---newResourceUnit--RUTimeSegment-0-inner\"]"}
COMMAND: POST /session/fcfdec3f19b04732468f3b81cff77eec/element/f.4917B356C9E108E3489CB9DCB9E54F9E.d.FA8F4B7A162AEA5FB17464D915ABC529.e.20330/clear - {}
RESULT: {}
COMMAND: POST /session/fcfdec3f19b04732468f3b81cff77eec/element/f.4917B356C9E108E3489CB9DCB9E54F9E.d.FA8F4B7A162AEA5FB17464D915ABC529.e.20330/value - {"text":"247"}
COMMAND: GET /session/fcfdec3f19b04732468f3b81cff77eec/screenshot - {}
RESULT: {"text":"247"}
COMMAND: GET /session/fcfdec3f19b04732468f3b81cff77eec/screenshot - {}
RESULT: {}
RESULT: {}
COMMAND: POST /session/fcfdec3f19b04732468f3b81cff77eec/element - {"using":"xpath","value":"//li[.//span[text()='247']]"}
RESULT: {"using":"xpath","value":"//li[.//span[text()='247']]"}
COMMAND: POST /session/fcfdec3f19b04732468f3b81cff77eec/element/f.4917B356C9E108E3489CB9DCB9E54F9E.d.FA8F4B7A162AEA5FB17464D915ABC529.e.20339/click - {}
RESULT: {}
COMMAND: GET /session/fcfdec3f19b04732468f3b81cff77eec/screenshot - {}
RESULT: {}
COMMAND: POST /session/fcfdec3f19b04732468f3b81cff77eec/element - {"using":"xpath","value":"(//span[contains(@id, \"-application-manageresources-display-component---newResourceUnit--RUTimeSegment-0-arrow\")])[2]"}
RESULT: {"using":"xpath","value":"(//span[contains(@id, \"-application-manageresources-display-component---newResourceUnit--RUTimeSegment-0-arrow\")])[2]"}
COMMAND: POST /session/fcfdec3f19b04732468f3b81cff77eec/element/f.4917B356C9E108E3489CB9DCB9E54F9E.d.FA8F4B7A162AEA5FB17464D915ABC529.e.20340/click - {}
RESULT: {}
COMMAND: POST /session/fcfdec3f19b04732468f3b81cff77eec/element - {"using":"xpath","value":"//span[contains(text(), \"PM Order\")]"}
COMMAND: GET /session/fcfdec3f19b04732468f3b81cff77eec/screenshot - {}
RESULT: {"using":"xpath","value":"//span[contains(text(), \"PM Order\")]"}
COMMAND: POST /session/fcfdec3f19b04732468f3b81cff77eec/element/f.4917B356C9E108E3489CB9DCB9E54F9E.d.FA8F4B7A162AEA5FB17464D915ABC529.e.20341/click - {}
RESULT: {}
RESULT: {}
COMMAND: GET /session/fcfdec3f19b04732468f3b81cff77eec/screenshot - {}
RESULT: {}
COMMAND: POST /session/fcfdec3f19b04732468f3b81cff77eec/element - {"using":"xpath","value":"//td/div/div/div/span[contains(@id, \"newResourceUnit--RUTimeSegment-0-vhi\")][1]"}
RESULT: {"using":"xpath","value":"//td/div/div/div/span[contains(@id, \"newResourceUnit--RUTimeSegment-0-vhi\")][1]"}
COMMAND: GET /session/fcfdec3f19b04732468f3b81cff77eec/element/f.4917B356C9E108E3489CB9DCB9E54F9E.d.FA8F4B7A162AEA5FB17464D915ABC529.e.20345/rect - {}
RESULT: {}
COMMAND: GET /session/fcfdec3f19b04732468f3b81cff77eec/window/rect - {}
RESULT: {}
COMMAND: POST /session/fcfdec3f19b04732468f3b81cff77eec/execute/sync - {"script":"<script> [92 bytes]","args":[]}
RESULT: {"script":"<script> [92 bytes]","args":[]}
COMMAND: POST /session/fcfdec3f19b04732468f3b81cff77eec/actions - {"actions":[{"id":"action62","type":"wheel","parameters":{},"actions":[{"type":"scroll","x":-1888,"y":-24,"deltaX":0,"deltaY":0,"duration":0,"origin":{"element-6066-11e4-a52e-4f735466cecf":"f.4917B356C9E108E3489CB9DCB9E54F9E.d.FA8F4B7A162AEA5FB17464D915ABC529.e.20345"}}]}]}
COMMAND: GET /session/fcfdec3f19b04732468f3b81cff77eec/screenshot - {}
RESULT: {}
COMMAND: POST /session/fcfdec3f19b04732468f3b81cff77eec/execute/sync - {"script":"<script> [79 bytes]","args":[{"element-6066-11e4-a52e-4f735466cecf":"f.4917B356C9E108E3489CB9DCB9E54F9E.d.FA8F4B7A162AEA5FB17464D915ABC529.e.20345","ELEMENT":"f.4917B356C9E108E3489CB9DCB9E54F9E.d.FA8F4B7A162AEA5FB17464D915ABC529.e.20345"},{"block":"start","inline":"nearest"}]}
RESULT: {"script":"<script> [79 bytes]","args":[{"element-6066-11e4-a52e-4f735466cecf":"f.4917B356C9E108E3489CB9DCB9E54F9E.d.FA8F4B7A162AEA5FB17464D915ABC529.e.20345","ELEMENT":"f.4917B356C9E108E3489CB9DCB9E54F9E.d.FA8F4B7A162AEA5FB17464D915ABC529.e.20345"},{"block":"start","inline":"nearest"}]}
COMMAND: GET /session/fcfdec3f19b04732468f3b81cff77eec/screenshot - {}
RESULT: {}
COMMAND: POST /session/fcfdec3f19b04732468f3b81cff77eec/element/f.4917B356C9E108E3489CB9DCB9E54F9E.d.FA8F4B7A162AEA5FB17464D915ABC529.e.20345/click - {}
RESULT: {}
COMMAND: GET /session/fcfdec3f19b04732468f3b81cff77eec/screenshot - {}
RESULT: {}
COMMAND: POST /session/fcfdec3f19b04732468f3b81cff77eec/execute/async - {"script":"<script> [1562 bytes]","args":[{"selector":{"controlType":"sap.m.SearchField","properties":{"placeholder":"Search"},"searchOpenDialogs":true,"interaction":{"idSuffix":"I"}},"wdio_ui5_key":"sapm.SearchField{\"placeholder\":\"Search\"}"}]}
RESULT: {"script":"<script> [1562 bytes]","args":[{"selector":{"controlType":"sap.m.SearchField","properties":{"placeholder":"Search"},"searchOpenDialogs":true,"interaction":{"idSuffix":"I"}},"wdio_ui5_key":"sapm.SearchField{\"placeholder\":\"Search\"}"}]}
RESULT: undefined
COMMAND: POST /session/fcfdec3f19b04732468f3b81cff77eec/execute/async - {"script":"<script> [776 bytes]","args":[{"enterText":"4000360","selector":{"controlType":"sap.m.SearchField","properties":{"placeholder":"Search"},"searchOpenDialogs":true,"interaction":{"idSuffix":"I"}},"clearTextFirst":true,"interactionType":"ENTER_TEXT"}]}
RESULT: {"script":"<script> [776 bytes]","args":[{"enterText":"4000360","selector":{"controlType":"sap.m.SearchField","properties":{"placeholder":"Search"},"searchOpenDialogs":true,"interaction":{"idSuffix":"I"}},"clearTextFirst":true,"interactionType":"ENTER_TEXT"}]}
COMMAND: POST /session/fcfdec3f19b04732468f3b81cff77eec/actions - {"actions":[{"id":"action63","type":"key","parameters":{},"actions":[{"type":"keyDown","value":""},{"type":"pause","duration":10},{"type":"keyUp","value":""}]}]}
RESULT: {"actions":[{"id":"action63","type":"key","parameters":{},"actions":[{"type":"keyDown","value":""},{"type":"pause","duration":10},{"type":"keyUp","value":""}]}]}
COMMAND: GET /session/fcfdec3f19b04732468f3b81cff77eec/screenshot - {}
RESULT: {}
COMMAND: POST /session/fcfdec3f19b04732468f3b81cff77eec/element - {"using":"xpath","value":"//td/div/span[contains(text(), \"BGL Vehicles\")]"}
RESULT: {"using":"xpath","value":"//td/div/span[contains(text(), \"BGL Vehicles\")]"}
COMMAND: POST /session/fcfdec3f19b04732468f3b81cff77eec/element/f.4917B356C9E108E3489CB9DCB9E54F9E.d.FA8F4B7A162AEA5FB17464D915ABC529.e.20366/click - {}
RESULT: {}
COMMAND: GET /session/fcfdec3f19b04732468f3b81cff77eec/screenshot - {}
RESULT: {}
COMMAND: POST /session/fcfdec3f19b04732468f3b81cff77eec/element - {"using":"xpath","value":"//bdi[contains(text(), \"OK\")]"}
RESULT: {"using":"xpath","value":"//bdi[contains(text(), \"OK\")]"}
COMMAND: POST /session/fcfdec3f19b04732468f3b81cff77eec/element/f.4917B356C9E108E3489CB9DCB9E54F9E.d.FA8F4B7A162AEA5FB17464D915ABC529.e.20367/click - {}
RESULT: {}
COMMAND: GET /session/fcfdec3f19b04732468f3b81cff77eec/screenshot - {}
RESULT: {}
COMMAND: POST /session/fcfdec3f19b04732468f3b81cff77eec/element - {"using":"xpath","value":"//label[contains(@class, 'sapMLabelRequired') and .//bdi[contains(text(), 'Planned Retirement')]]"}
RESULT: {"using":"xpath","value":"//label[contains(@class, 'sapMLabelRequired') and .//bdi[contains(text(), 'Planned Retirement')]]"}
COMMAND: POST /session/fcfdec3f19b04732468f3b81cff77eec/elements - {"using":"xpath","value":"//label[contains(@class, 'sapMLabelRequired') and .//bdi[contains(text(), 'Planned Retirement')]]"}
RESULT: {"using":"xpath","value":"//label[contains(@class, 'sapMLabelRequired') and .//bdi[contains(text(), 'Planned Retirement')]]"}
COMMAND: POST /session/fcfdec3f19b04732468f3b81cff77eec/element - {"using":"xpath","value":"//button[@data-kt=\"resourceUnitSaveButton\"]"}
RESULT: {"using":"xpath","value":"//button[@data-kt=\"resourceUnitSaveButton\"]"}
COMMAND: POST /session/fcfdec3f19b04732468f3b81cff77eec/element/f.4917B356C9E108E3489CB9DCB9E54F9E.d.FA8F4B7A162AEA5FB17464D915ABC529.e.20202/click - {}
RESULT: {}
COMMAND: GET /session/fcfdec3f19b04732468f3b81cff77eec/screenshot - {}
RESULT: {}
COMMAND: POST /session/fcfdec3f19b04732468f3b81cff77eec/element - {"using":"xpath","value":"//bdi[contains(text(), \"Close\")]"}
RESULT: {"using":"xpath","value":"//bdi[contains(text(), \"Close\")]"}
COMMAND: POST /session/fcfdec3f19b04732468f3b81cff77eec/element/f.4917B356C9E108E3489CB9DCB9E54F9E.d.FA8F4B7A162AEA5FB17464D915ABC529.e.20374/click - {}
RESULT: {}
COMMAND: GET /session/fcfdec3f19b04732468f3b81cff77eec/screenshot - {}
RESULT: {}
COMMAND: POST /session/fcfdec3f19b04732468f3b81cff77eec/element - {"using":"xpath","value":"//header[contains(@id, 'detailRruPage-headerTitle')]/div[1]/div[2]/div[2]/span[1]"}
RESULT: {"using":"xpath","value":"//header[contains(@id, 'detailRruPage-headerTitle')]/div[1]/div[2]/div[2]/span[1]"}
COMMAND: POST /session/fcfdec3f19b04732468f3b81cff77eec/elements - {"using":"xpath","value":"//header[contains(@id, 'detailRruPage-headerTitle')]/div[1]/div[2]/div[2]/span[1]"}
RESULT: {"using":"xpath","value":"//header[contains(@id, 'detailRruPage-headerTitle')]/div[1]/div[2]/div[2]/span[1]"}
COMMAND: POST /session/fcfdec3f19b04732468f3b81cff77eec/execute/sync - {"script":"<script> [56 bytes]","args":[{"element-6066-11e4-a52e-4f735466cecf":"f.4917B356C9E108E3489CB9DCB9E54F9E.d.FA8F4B7A162AEA5FB17464D915ABC529.e.20403","ELEMENT":"f.4917B356C9E108E3489CB9DCB9E54F9E.d.FA8F4B7A162AEA5FB17464D915ABC529.e.20403"}]}
RESULT: {"script":"<script> [56 bytes]","args":[{"element-6066-11e4-a52e-4f735466cecf":"f.4917B356C9E108E3489CB9DCB9E54F9E.d.FA8F4B7A162AEA5FB17464D915ABC529.e.20403","ELEMENT":"f.4917B356C9E108E3489CB9DCB9E54F9E.d.FA8F4B7A162AEA5FB17464D915ABC529.e.20403"}]}
COMMAND: POST /session/fcfdec3f19b04732468f3b81cff77eec/element - {"using":"css selector","value":"#shell-header-logo"}
COMMAND: GET /session/fcfdec3f19b04732468f3b81cff77eec/screenshot - {}
RESULT: {"using":"css selector","value":"#shell-header-logo"}
COMMAND: POST /session/fcfdec3f19b04732468f3b81cff77eec/element/f.4917B356C9E108E3489CB9DCB9E54F9E.d.FA8F4B7A162AEA5FB17464D915ABC529.e.19798/click - {}
RESULT: {}
RESULT: {}
COMMAND: GET /session/fcfdec3f19b04732468f3b81cff77eec/screenshot - {}
RESULT: {}
]]></system-out>
    </testcase>
    <testcase classname="chrome.136_0_7103_93.windows.Return_from_Site_w/_warehouse_management_w/_clarification_US125588" name="Bin Status Report Should Create New Organization yard" time="0.004"/>
    <testcase classname="chrome.136_0_7103_93.windows.Return_from_Site_w/_warehouse_management_w/_clarification_US125588" name="Bin Status Report Should Create New Organization for Site" time="0.004"/>
  </testsuite>
  <testsuite timestamp="2025-05-24T17:23:38" time="746.85" tests="7" failures="0" errors="0" skipped="0">
    <properties>
      <property name="specId" value="0"/>
      <property name="suiteName" value="Return from Site w/ warehouse management w clarification"/>
      <property name="capabilities" value="chrome.136_0_7103_93.windows"/>
      <property name="file" value="file:///D:/a/1/s/test/specs/HTR/return-from-site-w-warehouse-management-w-clarification.spec.js"/>
    </properties>
    <testcase classname="chrome.136_0_7103_93.windows.Return_from_Site_w/_warehouse_management_w_clarification" name="Should do a stock increase handover" time="96.185">
      <system-out><![CDATA[
COMMAND: POST /session/fcfdec3f19b04732468f3b81cff77eec/execute/async - {"script":"<script> [1562 bytes]","args":[{"selector":{"controlType":"sap.m.GenericTile","properties":{"header":"Manage Handovers"}},"wdio_ui5_key":"sapm.GenericTile{\"header\":\"Manage Handovers\"}"}]}
RESULT: {"script":"<script> [1562 bytes]","args":[{"selector":{"controlType":"sap.m.GenericTile","properties":{"header":"Manage Handovers"}},"wdio_ui5_key":"sapm.GenericTile{\"header\":\"Manage Handovers\"}"}]}
RESULT: undefined
COMMAND: POST /session/fcfdec3f19b04732468f3b81cff77eec/element - {"using":"xpath","value":"//*[@id=\"__tile132\"]"}
RESULT: {"using":"xpath","value":"//*[@id=\"__tile132\"]"}
COMMAND: POST /session/fcfdec3f19b04732468f3b81cff77eec/element/f.4917B356C9E108E3489CB9DCB9E54F9E.d.FA8F4B7A162AEA5FB17464D915ABC529.e.20405/click - {}
RESULT: {}
COMMAND: GET /session/fcfdec3f19b04732468f3b81cff77eec/screenshot - {}
RESULT: {}
COMMAND: POST /session/fcfdec3f19b04732468f3b81cff77eec/elements - {"using":"xpath","value":"//span[text()='Error']"}
RESULT: {"using":"xpath","value":"//span[text()='Error']"}
COMMAND: POST /session/fcfdec3f19b04732468f3b81cff77eec/element - {"using":"xpath","value":"//button[@data-kt=\"masterHOAddButton\"]"}
RESULT: {"using":"xpath","value":"//button[@data-kt=\"masterHOAddButton\"]"}
COMMAND: POST /session/fcfdec3f19b04732468f3b81cff77eec/elements - {"using":"xpath","value":"//button[@data-kt=\"masterHOAddButton\"]"}
RESULT: {"using":"xpath","value":"//button[@data-kt=\"masterHOAddButton\"]"}
COMMAND: POST /session/fcfdec3f19b04732468f3b81cff77eec/execute/sync - {"script":"<script> [8489 bytes]","args":[{"element-6066-11e4-a52e-4f735466cecf":"f.4917B356C9E108E3489CB9DCB9E54F9E.d.FA8F4B7A162AEA5FB17464D915ABC529.e.20446","ELEMENT":"f.4917B356C9E108E3489CB9DCB9E54F9E.d.FA8F4B7A162AEA5FB17464D915ABC529.e.20446"}]}
RESULT: {"script":"<script> [8489 bytes]","args":[{"element-6066-11e4-a52e-4f735466cecf":"f.4917B356C9E108E3489CB9DCB9E54F9E.d.FA8F4B7A162AEA5FB17464D915ABC529.e.20446","ELEMENT":"f.4917B356C9E108E3489CB9DCB9E54F9E.d.FA8F4B7A162AEA5FB17464D915ABC529.e.20446"}]}
COMMAND: GET /session/fcfdec3f19b04732468f3b81cff77eec/element/f.4917B356C9E108E3489CB9DCB9E54F9E.d.FA8F4B7A162AEA5FB17464D915ABC529.e.20446/enabled - {}
COMMAND: GET /session/fcfdec3f19b04732468f3b81cff77eec/screenshot - {}
RESULT: {}
COMMAND: POST /session/fcfdec3f19b04732468f3b81cff77eec/execute/sync - {"script":"<script> [8489 bytes]","args":[{"element-6066-11e4-a52e-4f735466cecf":"f.4917B356C9E108E3489CB9DCB9E54F9E.d.FA8F4B7A162AEA5FB17464D915ABC529.e.20446","ELEMENT":"f.4917B356C9E108E3489CB9DCB9E54F9E.d.FA8F4B7A162AEA5FB17464D915ABC529.e.20446"}]}
COMMAND: GET /session/fcfdec3f19b04732468f3b81cff77eec/screenshot - {}
RESULT: {}
RESULT: {"script":"<script> [8489 bytes]","args":[{"element-6066-11e4-a52e-4f735466cecf":"f.4917B356C9E108E3489CB9DCB9E54F9E.d.FA8F4B7A162AEA5FB17464D915ABC529.e.20446","ELEMENT":"f.4917B356C9E108E3489CB9DCB9E54F9E.d.FA8F4B7A162AEA5FB17464D915ABC529.e.20446"}]}
COMMAND: POST /session/fcfdec3f19b04732468f3b81cff77eec/execute/sync - {"script":"<script> [5351 bytes]","args":[{"element-6066-11e4-a52e-4f735466cecf":"f.4917B356C9E108E3489CB9DCB9E54F9E.d.FA8F4B7A162AEA5FB17464D915ABC529.e.20446","ELEMENT":"f.4917B356C9E108E3489CB9DCB9E54F9E.d.FA8F4B7A162AEA5FB17464D915ABC529.e.20446"}]}
COMMAND: GET /session/fcfdec3f19b04732468f3b81cff77eec/screenshot - {}
RESULT: {}
RESULT: {"script":"<script> [5351 bytes]","args":[{"element-6066-11e4-a52e-4f735466cecf":"f.4917B356C9E108E3489CB9DCB9E54F9E.d.FA8F4B7A162AEA5FB17464D915ABC529.e.20446","ELEMENT":"f.4917B356C9E108E3489CB9DCB9E54F9E.d.FA8F4B7A162AEA5FB17464D915ABC529.e.20446"}]}
COMMAND: POST /session/fcfdec3f19b04732468f3b81cff77eec/element/f.4917B356C9E108E3489CB9DCB9E54F9E.d.FA8F4B7A162AEA5FB17464D915ABC529.e.20446/click - {}
COMMAND: GET /session/fcfdec3f19b04732468f3b81cff77eec/screenshot - {}
RESULT: {}
RESULT: {}
COMMAND: GET /session/fcfdec3f19b04732468f3b81cff77eec/screenshot - {}
RESULT: {}
COMMAND: POST /session/fcfdec3f19b04732468f3b81cff77eec/element - {"using":"xpath","value":"//span[contains(@id ,\"AddNewHO--typeSelect-arrow\")]"}
RESULT: {}
RESULT: {"using":"xpath","value":"//span[contains(@id ,\"AddNewHO--typeSelect-arrow\")]"}
COMMAND: POST /session/fcfdec3f19b04732468f3b81cff77eec/element/f.4917B356C9E108E3489CB9DCB9E54F9E.d.FA8F4B7A162AEA5FB17464D915ABC529.e.20799/click - {}
RESULT: {}
COMMAND: GET /session/fcfdec3f19b04732468f3b81cff77eec/screenshot - {}
RESULT: {}
COMMAND: POST /session/fcfdec3f19b04732468f3b81cff77eec/element - {"using":"xpath","value":"(//li[contains(text(), \"stock increase yard\")])[1]"}
RESULT: {"using":"xpath","value":"(//li[contains(text(), \"stock increase yard\")])[1]"}
COMMAND: POST /session/fcfdec3f19b04732468f3b81cff77eec/element/f.4917B356C9E108E3489CB9DCB9E54F9E.d.FA8F4B7A162AEA5FB17464D915ABC529.e.20800/click - {}
RESULT: {}
COMMAND: GET /session/fcfdec3f19b04732468f3b81cff77eec/screenshot - {}
RESULT: {}
COMMAND: POST /session/fcfdec3f19b04732468f3b81cff77eec/execute/async - {"script":"<script> [1562 bytes]","args":[{"selector":{"id":"application-managehandovers-display-component---AddNewHO--dueDate","interaction":{"idSuffix":"inner"}},"wdio_ui5_key":"applicationmanagehandovers-display-component---AddNewHO--dueDate"}]}
RESULT: {"script":"<script> [1562 bytes]","args":[{"selector":{"id":"application-managehandovers-display-component---AddNewHO--dueDate","interaction":{"idSuffix":"inner"}},"wdio_ui5_key":"applicationmanagehandovers-display-component---AddNewHO--dueDate"}]}
RESULT: undefined
COMMAND: POST /session/fcfdec3f19b04732468f3b81cff77eec/execute/async - {"script":"<script> [6424 bytes]","args":[{"element-6066-11e4-a52e-4f735466cecf":"f.4917B356C9E108E3489CB9DCB9E54F9E.d.FA8F4B7A162AEA5FB17464D915ABC529.e.20804"},"setValue",["5/24/25"]]}
RESULT: {"script":"<script> [6424 bytes]","args":[{"element-6066-11e4-a52e-4f735466cecf":"f.4917B356C9E108E3489CB9DCB9E54F9E.d.FA8F4B7A162AEA5FB17464D915ABC529.e.20804"},"setValue",["5/24/25"]]}
COMMAND: POST /session/fcfdec3f19b04732468f3b81cff77eec/element - {"using":"xpath","value":"//input[@id=\"generalSectionFrg--receiveYard-inner\"]"}
RESULT: {"using":"xpath","value":"//input[@id=\"generalSectionFrg--receiveYard-inner\"]"}
COMMAND: POST /session/fcfdec3f19b04732468f3b81cff77eec/element/f.4917B356C9E108E3489CB9DCB9E54F9E.d.FA8F4B7A162AEA5FB17464D915ABC529.e.20810/clear - {}
RESULT: {}
COMMAND: POST /session/fcfdec3f19b04732468f3b81cff77eec/element/f.4917B356C9E108E3489CB9DCB9E54F9E.d.FA8F4B7A162AEA5FB17464D915ABC529.e.20810/value - {"text":"247"}
COMMAND: GET /session/fcfdec3f19b04732468f3b81cff77eec/screenshot - {}
RESULT: {"text":"247"}
COMMAND: GET /session/fcfdec3f19b04732468f3b81cff77eec/screenshot - {}
RESULT: {}
RESULT: {}
COMMAND: POST /session/fcfdec3f19b04732468f3b81cff77eec/element - {"using":"xpath","value":"//li[.//span[text()='247']]"}
RESULT: {"using":"xpath","value":"//li[.//span[text()='247']]"}
COMMAND: POST /session/fcfdec3f19b04732468f3b81cff77eec/element/f.4917B356C9E108E3489CB9DCB9E54F9E.d.FA8F4B7A162AEA5FB17464D915ABC529.e.20826/click - {}
RESULT: {}
COMMAND: GET /session/fcfdec3f19b04732468f3b81cff77eec/screenshot - {}
RESULT: {}
COMMAND: POST /session/fcfdec3f19b04732468f3b81cff77eec/execute/async - {"script":"<script> [1562 bytes]","args":[{"selector":{"id":"application-managehandovers-display-component---AddNewHO--ObjectPageLayout-anchBar-application-managehandovers-display-component---AddNewHO--section4-anchor","interaction":{"idSuffix":"BDI-content"}},"wdio_ui5_key":"applicationmanagehandovers-display-component---AddNewHO--ObjectPageLayout-anchBar-application-managehandovers-display-component---AddNewHO--section4-anchor"}]}
RESULT: {"script":"<script> [1562 bytes]","args":[{"selector":{"id":"application-managehandovers-display-component---AddNewHO--ObjectPageLayout-anchBar-application-managehandovers-display-component---AddNewHO--section4-anchor","interaction":{"idSuffix":"BDI-content"}},"wdio_ui5_key":"applicationmanagehandovers-display-component---AddNewHO--ObjectPageLayout-anchBar-application-managehandovers-display-component---AddNewHO--section4-anchor"}]}
RESULT: undefined
COMMAND: POST /session/fcfdec3f19b04732468f3b81cff77eec/element - {"using":"xpath","value":"//*[@id=\"application-managehandovers-display-component---AddNewHO--ObjectPageLayout-anchBar-application-managehandovers-display-component---AddNewHO--section4-anchor\"]"}
RESULT: {"using":"xpath","value":"//*[@id=\"application-managehandovers-display-component---AddNewHO--ObjectPageLayout-anchBar-application-managehandovers-display-component---AddNewHO--section4-anchor\"]"}
COMMAND: POST /session/fcfdec3f19b04732468f3b81cff77eec/element/f.4917B356C9E108E3489CB9DCB9E54F9E.d.FA8F4B7A162AEA5FB17464D915ABC529.e.20828/click - {}
RESULT: {}
COMMAND: POST /session/fcfdec3f19b04732468f3b81cff77eec/element - {"using":"xpath","value":"//button[@aria-label=\"Add\"]"}
COMMAND: GET /session/fcfdec3f19b04732468f3b81cff77eec/screenshot - {}
RESULT: {"using":"xpath","value":"//button[@aria-label=\"Add\"]"}
COMMAND: POST /session/fcfdec3f19b04732468f3b81cff77eec/element/f.4917B356C9E108E3489CB9DCB9E54F9E.d.FA8F4B7A162AEA5FB17464D915ABC529.e.20830/click - {}
RESULT: {}
RESULT: {}
COMMAND: GET /session/fcfdec3f19b04732468f3b81cff77eec/screenshot - {}
RESULT: {}
COMMAND: POST /session/fcfdec3f19b04732468f3b81cff77eec/execute/async - {"script":"<script> [1562 bytes]","args":[{"selector":{"id":"application-managehandovers-display-component---AddNewHO--smartFilterBar-btnBasicSearch","searchOpenDialogs":true,"interaction":{"idSuffix":"I"}},"wdio_ui5_key":"applicationmanagehandovers-display-component---AddNewHO--smartFilterBar-btnBasicSearch"}]}
RESULT: {"script":"<script> [1562 bytes]","args":[{"selector":{"id":"application-managehandovers-display-component---AddNewHO--smartFilterBar-btnBasicSearch","searchOpenDialogs":true,"interaction":{"idSuffix":"I"}},"wdio_ui5_key":"applicationmanagehandovers-display-component---AddNewHO--smartFilterBar-btnBasicSearch"}]}
RESULT: undefined
COMMAND: POST /session/fcfdec3f19b04732468f3b81cff77eec/execute/async - {"script":"<script> [776 bytes]","args":[{"enterText":"200117","selector":{"id":"application-managehandovers-display-component---AddNewHO--smartFilterBar-btnBasicSearch","searchOpenDialogs":true,"interaction":{"idSuffix":"I"}},"clearTextFirst":true,"interactionType":"ENTER_TEXT"}]}
RESULT: {"script":"<script> [776 bytes]","args":[{"enterText":"200117","selector":{"id":"application-managehandovers-display-component---AddNewHO--smartFilterBar-btnBasicSearch","searchOpenDialogs":true,"interaction":{"idSuffix":"I"}},"clearTextFirst":true,"interactionType":"ENTER_TEXT"}]}
COMMAND: POST /session/fcfdec3f19b04732468f3b81cff77eec/actions - {"actions":[{"id":"action64","type":"key","parameters":{},"actions":[{"type":"keyDown","value":""},{"type":"pause","duration":10},{"type":"keyUp","value":""}]}]}
RESULT: {"actions":[{"id":"action64","type":"key","parameters":{},"actions":[{"type":"keyDown","value":""},{"type":"pause","duration":10},{"type":"keyUp","value":""}]}]}
COMMAND: GET /session/fcfdec3f19b04732468f3b81cff77eec/screenshot - {}
RESULT: {}
COMMAND: POST /session/fcfdec3f19b04732468f3b81cff77eec/execute/async - {"script":"<script> [1562 bytes]","args":[{"selector":{"id":"application-managehandovers-display-component---AddNewHO--popup-sa","searchOpenDialogs":true,"interaction":{"idSuffix":"CbBg"}},"wdio_ui5_key":"applicationmanagehandovers-display-component---AddNewHO--popup-sa"}]}
RESULT: {"script":"<script> [1562 bytes]","args":[{"selector":{"id":"application-managehandovers-display-component---AddNewHO--popup-sa","searchOpenDialogs":true,"interaction":{"idSuffix":"CbBg"}},"wdio_ui5_key":"applicationmanagehandovers-display-component---AddNewHO--popup-sa"}]}
RESULT: undefined
COMMAND: POST /session/fcfdec3f19b04732468f3b81cff77eec/element - {"using":"xpath","value":"//*[@id=\"application-managehandovers-display-component---AddNewHO--popup-sa\"]"}
RESULT: {"using":"xpath","value":"//*[@id=\"application-managehandovers-display-component---AddNewHO--popup-sa\"]"}
COMMAND: POST /session/fcfdec3f19b04732468f3b81cff77eec/element/f.4917B356C9E108E3489CB9DCB9E54F9E.d.FA8F4B7A162AEA5FB17464D915ABC529.e.20986/click - {}
RESULT: {}
COMMAND: GET /session/fcfdec3f19b04732468f3b81cff77eec/screenshot - {}
RESULT: {}
COMMAND: POST /session/fcfdec3f19b04732468f3b81cff77eec/element - {"using":"xpath","value":"//bdi[contains(text(), \"Select\")]"}
RESULT: {"using":"xpath","value":"//bdi[contains(text(), \"Select\")]"}
COMMAND: POST /session/fcfdec3f19b04732468f3b81cff77eec/element/f.4917B356C9E108E3489CB9DCB9E54F9E.d.FA8F4B7A162AEA5FB17464D915ABC529.e.20987/click - {}
RESULT: {}
COMMAND: GET /session/fcfdec3f19b04732468f3b81cff77eec/screenshot - {}
RESULT: {}
COMMAND: POST /session/fcfdec3f19b04732468f3b81cff77eec/element - {"using":"xpath","value":"//button[@data-kt=\"AddNewHOSaveButton\"]"}
RESULT: {"using":"xpath","value":"//button[@data-kt=\"AddNewHOSaveButton\"]"}
COMMAND: POST /session/fcfdec3f19b04732468f3b81cff77eec/element/f.4917B356C9E108E3489CB9DCB9E54F9E.d.FA8F4B7A162AEA5FB17464D915ABC529.e.20991/click - {}
RESULT: {}
COMMAND: GET /session/fcfdec3f19b04732468f3b81cff77eec/screenshot - {}
COMMAND: POST /session/fcfdec3f19b04732468f3b81cff77eec/execute/async - {"script":"<script> [1562 bytes]","args":[{"selector":{"id":"receiptDatePicker","viewName":"etm.portal.ui.managehandovers.view.DetailExecuteHO","interaction":{"idSuffix":"inner"}},"wdio_ui5_key":"receiptDatePickeretmportal.ui.managehandovers.view.DetailExecuteHO"}]}
RESULT: {}
RESULT: {"script":"<script> [1562 bytes]","args":[{"selector":{"id":"receiptDatePicker","viewName":"etm.portal.ui.managehandovers.view.DetailExecuteHO","interaction":{"idSuffix":"inner"}},"wdio_ui5_key":"receiptDatePickeretmportal.ui.managehandovers.view.DetailExecuteHO"}]}
RESULT: undefined
COMMAND: POST /session/fcfdec3f19b04732468f3b81cff77eec/execute/async - {"script":"<script> [6424 bytes]","args":[{"element-6066-11e4-a52e-4f735466cecf":"f.4917B356C9E108E3489CB9DCB9E54F9E.d.FA8F4B7A162AEA5FB17464D915ABC529.e.21020"},"setValue",["5/24/25"]]}
RESULT: {"script":"<script> [6424 bytes]","args":[{"element-6066-11e4-a52e-4f735466cecf":"f.4917B356C9E108E3489CB9DCB9E54F9E.d.FA8F4B7A162AEA5FB17464D915ABC529.e.21020"},"setValue",["5/24/25"]]}
COMMAND: POST /session/fcfdec3f19b04732468f3b81cff77eec/element - {"using":"xpath","value":"//button[@data-kt=\"ReceivingTableConfirmAllButton\"]"}
RESULT: {"using":"xpath","value":"//button[@data-kt=\"ReceivingTableConfirmAllButton\"]"}
COMMAND: POST /session/fcfdec3f19b04732468f3b81cff77eec/element/f.4917B356C9E108E3489CB9DCB9E54F9E.d.FA8F4B7A162AEA5FB17464D915ABC529.e.21038/click - {}
RESULT: {}
COMMAND: GET /session/fcfdec3f19b04732468f3b81cff77eec/screenshot - {}
RESULT: {}
COMMAND: POST /session/fcfdec3f19b04732468f3b81cff77eec/element - {"using":"xpath","value":"//bdi[contains(text(), \"OK\")]"}
RESULT: {"using":"xpath","value":"//bdi[contains(text(), \"OK\")]"}
COMMAND: POST /session/fcfdec3f19b04732468f3b81cff77eec/element/f.4917B356C9E108E3489CB9DCB9E54F9E.d.FA8F4B7A162AEA5FB17464D915ABC529.e.21040/click - {}
RESULT: {}
COMMAND: GET /session/fcfdec3f19b04732468f3b81cff77eec/screenshot - {}
RESULT: {}
COMMAND: POST /session/fcfdec3f19b04732468f3b81cff77eec/element - {"using":"xpath","value":"(//bdi[contains(text(), \"Receive\")])[2]"}
RESULT: {"using":"xpath","value":"(//bdi[contains(text(), \"Receive\")])[2]"}
COMMAND: POST /session/fcfdec3f19b04732468f3b81cff77eec/element/f.4917B356C9E108E3489CB9DCB9E54F9E.d.FA8F4B7A162AEA5FB17464D915ABC529.e.21042/click - {}
RESULT: {}
COMMAND: GET /session/fcfdec3f19b04732468f3b81cff77eec/screenshot - {}
RESULT: {}
COMMAND: POST /session/fcfdec3f19b04732468f3b81cff77eec/element - {"using":"css selector","value":"#shell-header-logo"}
RESULT: {"using":"css selector","value":"#shell-header-logo"}
COMMAND: POST /session/fcfdec3f19b04732468f3b81cff77eec/element/f.4917B356C9E108E3489CB9DCB9E54F9E.d.FA8F4B7A162AEA5FB17464D915ABC529.e.20407/click - {}
RESULT: {}
COMMAND: GET /session/fcfdec3f19b04732468f3b81cff77eec/screenshot - {}
RESULT: {}
]]></system-out>
    </testcase>
    <testcase classname="chrome.136_0_7103_93.windows.Return_from_Site_w/_warehouse_management_w_clarification" name="Should create a new contract" time="68.209">
      <system-out><![CDATA[
COMMAND: POST /session/fcfdec3f19b04732468f3b81cff77eec/execute/async - {"script":"<script> [1562 bytes]","args":[{"selector":{"controlType":"sap.m.GenericTile","properties":{"header":"Manage Contracts"}},"wdio_ui5_key":"sapm.GenericTile{\"header\":\"Manage Contracts\"}"}]}
RESULT: {"script":"<script> [1562 bytes]","args":[{"selector":{"controlType":"sap.m.GenericTile","properties":{"header":"Manage Contracts"}},"wdio_ui5_key":"sapm.GenericTile{\"header\":\"Manage Contracts\"}"}]}
RESULT: undefined
COMMAND: POST /session/fcfdec3f19b04732468f3b81cff77eec/element - {"using":"xpath","value":"//*[@id=\"__tile130\"]"}
RESULT: {"using":"xpath","value":"//*[@id=\"__tile130\"]"}
COMMAND: POST /session/fcfdec3f19b04732468f3b81cff77eec/element/f.4917B356C9E108E3489CB9DCB9E54F9E.d.FA8F4B7A162AEA5FB17464D915ABC529.e.21212/click - {}
RESULT: {}
COMMAND: GET /session/fcfdec3f19b04732468f3b81cff77eec/screenshot - {}
RESULT: {}
COMMAND: POST /session/fcfdec3f19b04732468f3b81cff77eec/elements - {"using":"xpath","value":"//span[text()='Error']"}
RESULT: {"using":"xpath","value":"//span[text()='Error']"}
COMMAND: POST /session/fcfdec3f19b04732468f3b81cff77eec/element - {"using":"xpath","value":"//button[@data-kt=\"addButton\"]"}
RESULT: {"using":"xpath","value":"//button[@data-kt=\"addButton\"]"}
COMMAND: POST /session/fcfdec3f19b04732468f3b81cff77eec/elements - {"using":"xpath","value":"//button[@data-kt=\"addButton\"]"}
RESULT: {"using":"xpath","value":"//button[@data-kt=\"addButton\"]"}
COMMAND: POST /session/fcfdec3f19b04732468f3b81cff77eec/execute/sync - {"script":"<script> [8489 bytes]","args":[{"element-6066-11e4-a52e-4f735466cecf":"f.4917B356C9E108E3489CB9DCB9E54F9E.d.FA8F4B7A162AEA5FB17464D915ABC529.e.21259","ELEMENT":"f.4917B356C9E108E3489CB9DCB9E54F9E.d.FA8F4B7A162AEA5FB17464D915ABC529.e.21259"}]}
RESULT: {"script":"<script> [8489 bytes]","args":[{"element-6066-11e4-a52e-4f735466cecf":"f.4917B356C9E108E3489CB9DCB9E54F9E.d.FA8F4B7A162AEA5FB17464D915ABC529.e.21259","ELEMENT":"f.4917B356C9E108E3489CB9DCB9E54F9E.d.FA8F4B7A162AEA5FB17464D915ABC529.e.21259"}]}
COMMAND: GET /session/fcfdec3f19b04732468f3b81cff77eec/element/f.4917B356C9E108E3489CB9DCB9E54F9E.d.FA8F4B7A162AEA5FB17464D915ABC529.e.21259/enabled - {}
COMMAND: GET /session/fcfdec3f19b04732468f3b81cff77eec/screenshot - {}
RESULT: {}
COMMAND: POST /session/fcfdec3f19b04732468f3b81cff77eec/execute/sync - {"script":"<script> [8489 bytes]","args":[{"element-6066-11e4-a52e-4f735466cecf":"f.4917B356C9E108E3489CB9DCB9E54F9E.d.FA8F4B7A162AEA5FB17464D915ABC529.e.21259","ELEMENT":"f.4917B356C9E108E3489CB9DCB9E54F9E.d.FA8F4B7A162AEA5FB17464D915ABC529.e.21259"}]}
COMMAND: GET /session/fcfdec3f19b04732468f3b81cff77eec/screenshot - {}
RESULT: {}
RESULT: {"script":"<script> [8489 bytes]","args":[{"element-6066-11e4-a52e-4f735466cecf":"f.4917B356C9E108E3489CB9DCB9E54F9E.d.FA8F4B7A162AEA5FB17464D915ABC529.e.21259","ELEMENT":"f.4917B356C9E108E3489CB9DCB9E54F9E.d.FA8F4B7A162AEA5FB17464D915ABC529.e.21259"}]}
COMMAND: POST /session/fcfdec3f19b04732468f3b81cff77eec/execute/sync - {"script":"<script> [5351 bytes]","args":[{"element-6066-11e4-a52e-4f735466cecf":"f.4917B356C9E108E3489CB9DCB9E54F9E.d.FA8F4B7A162AEA5FB17464D915ABC529.e.21259","ELEMENT":"f.4917B356C9E108E3489CB9DCB9E54F9E.d.FA8F4B7A162AEA5FB17464D915ABC529.e.21259"}]}
COMMAND: GET /session/fcfdec3f19b04732468f3b81cff77eec/screenshot - {}
RESULT: {}
RESULT: {"script":"<script> [5351 bytes]","args":[{"element-6066-11e4-a52e-4f735466cecf":"f.4917B356C9E108E3489CB9DCB9E54F9E.d.FA8F4B7A162AEA5FB17464D915ABC529.e.21259","ELEMENT":"f.4917B356C9E108E3489CB9DCB9E54F9E.d.FA8F4B7A162AEA5FB17464D915ABC529.e.21259"}]}
COMMAND: GET /session/fcfdec3f19b04732468f3b81cff77eec/screenshot - {}
RESULT: {}
RESULT: {}
COMMAND: POST /session/fcfdec3f19b04732468f3b81cff77eec/element/f.4917B356C9E108E3489CB9DCB9E54F9E.d.FA8F4B7A162AEA5FB17464D915ABC529.e.21259/click - {}
RESULT: {}
COMMAND: GET /session/fcfdec3f19b04732468f3b81cff77eec/screenshot - {}
RESULT: {}
COMMAND: POST /session/fcfdec3f19b04732468f3b81cff77eec/execute/async - {"script":"<script> [1562 bytes]","args":[{"selector":{"id":"application-managecontracts-display-component---AddNewContract--projectDescription","interaction":{"idSuffix":"inner"}},"wdio_ui5_key":"applicationmanagecontracts-display-component---AddNewContract--projectDescription"}]}
RESULT: {"script":"<script> [1562 bytes]","args":[{"selector":{"id":"application-managecontracts-display-component---AddNewContract--projectDescription","interaction":{"idSuffix":"inner"}},"wdio_ui5_key":"applicationmanagecontracts-display-component---AddNewContract--projectDescription"}]}
RESULT: undefined
COMMAND: POST /session/fcfdec3f19b04732468f3b81cff77eec/execute/async - {"script":"<script> [776 bytes]","args":[{"enterText":"Contract WDIO","selector":{"id":"application-managecontracts-display-component---AddNewContract--projectDescription","interaction":{"idSuffix":"inner"}},"clearTextFirst":true,"interactionType":"ENTER_TEXT"}]}
RESULT: {"script":"<script> [776 bytes]","args":[{"enterText":"Contract WDIO","selector":{"id":"application-managecontracts-display-component---AddNewContract--projectDescription","interaction":{"idSuffix":"inner"}},"clearTextFirst":true,"interactionType":"ENTER_TEXT"}]}
COMMAND: POST /session/fcfdec3f19b04732468f3b81cff77eec/element - {"using":"xpath","value":"//input[@id=\"application-managecontracts-display-component---AddNewContract--site-inner\"]"}
RESULT: {"using":"xpath","value":"//input[@id=\"application-managecontracts-display-component---AddNewContract--site-inner\"]"}
COMMAND: POST /session/fcfdec3f19b04732468f3b81cff77eec/element/f.4917B356C9E108E3489CB9DCB9E54F9E.d.FA8F4B7A162AEA5FB17464D915ABC529.e.21581/clear - {}
RESULT: {}
COMMAND: POST /session/fcfdec3f19b04732468f3b81cff77eec/element/f.4917B356C9E108E3489CB9DCB9E54F9E.d.FA8F4B7A162AEA5FB17464D915ABC529.e.21581/value - {"text":"2094"}
COMMAND: GET /session/fcfdec3f19b04732468f3b81cff77eec/screenshot - {}
RESULT: {"text":"2094"}
COMMAND: GET /session/fcfdec3f19b04732468f3b81cff77eec/screenshot - {}
RESULT: {}
RESULT: {}
COMMAND: POST /session/fcfdec3f19b04732468f3b81cff77eec/element - {"using":"xpath","value":"//li[.//span[text()='2094']]"}
RESULT: {"using":"xpath","value":"//li[.//span[text()='2094']]"}
COMMAND: POST /session/fcfdec3f19b04732468f3b81cff77eec/element/f.4917B356C9E108E3489CB9DCB9E54F9E.d.FA8F4B7A162AEA5FB17464D915ABC529.e.21663/click - {}
RESULT: {}
COMMAND: GET /session/fcfdec3f19b04732468f3b81cff77eec/screenshot - {}
RESULT: {}
COMMAND: POST /session/fcfdec3f19b04732468f3b81cff77eec/element - {"using":"xpath","value":"//input[@id=\"application-managecontracts-display-component---AddNewContract--yardId-inner\"]"}
RESULT: {"using":"xpath","value":"//input[@id=\"application-managecontracts-display-component---AddNewContract--yardId-inner\"]"}
COMMAND: GET /session/fcfdec3f19b04732468f3b81cff77eec/element/f.4917B356C9E108E3489CB9DCB9E54F9E.d.FA8F4B7A162AEA5FB17464D915ABC529.e.21582/property/value - {}
RESULT: {}
COMMAND: POST /session/fcfdec3f19b04732468f3b81cff77eec/element - {"using":"xpath","value":"//input[@id=\"application-managecontracts-display-component---AddNewContract--customerSelect-inner\"]"}
COMMAND: GET /session/fcfdec3f19b04732468f3b81cff77eec/screenshot - {}
RESULT: {"using":"xpath","value":"//input[@id=\"application-managecontracts-display-component---AddNewContract--customerSelect-inner\"]"}
COMMAND: POST /session/fcfdec3f19b04732468f3b81cff77eec/element/f.4917B356C9E108E3489CB9DCB9E54F9E.d.FA8F4B7A162AEA5FB17464D915ABC529.e.21580/clear - {}
RESULT: {}
RESULT: {}
COMMAND: POST /session/fcfdec3f19b04732468f3b81cff77eec/element/f.4917B356C9E108E3489CB9DCB9E54F9E.d.FA8F4B7A162AEA5FB17464D915ABC529.e.21580/value - {"text":"1097"}
COMMAND: GET /session/fcfdec3f19b04732468f3b81cff77eec/screenshot - {}
RESULT: {"text":"1097"}
COMMAND: GET /session/fcfdec3f19b04732468f3b81cff77eec/screenshot - {}
RESULT: {}
RESULT: {}
COMMAND: POST /session/fcfdec3f19b04732468f3b81cff77eec/element - {"using":"xpath","value":"//li[.//span[text()='1097']]"}
RESULT: {"using":"xpath","value":"//li[.//span[text()='1097']]"}
COMMAND: POST /session/fcfdec3f19b04732468f3b81cff77eec/element/f.4917B356C9E108E3489CB9DCB9E54F9E.d.FA8F4B7A162AEA5FB17464D915ABC529.e.21666/click - {}
RESULT: {}
COMMAND: GET /session/fcfdec3f19b04732468f3b81cff77eec/screenshot - {}
RESULT: {}
COMMAND: POST /session/fcfdec3f19b04732468f3b81cff77eec/element - {"using":"xpath","value":"//button[@data-kt=\"saveButton\"]"}
RESULT: {"using":"xpath","value":"//button[@data-kt=\"saveButton\"]"}
COMMAND: POST /session/fcfdec3f19b04732468f3b81cff77eec/element/f.4917B356C9E108E3489CB9DCB9E54F9E.d.FA8F4B7A162AEA5FB17464D915ABC529.e.21656/click - {}
RESULT: {}
COMMAND: GET /session/fcfdec3f19b04732468f3b81cff77eec/screenshot - {}
RESULT: {}
COMMAND: POST /session/fcfdec3f19b04732468f3b81cff77eec/element - {"using":"xpath","value":"//span[contains(@id ,\"contractDetailTitleNoExpanded\")]"}
RESULT: {"using":"xpath","value":"//span[contains(@id ,\"contractDetailTitleNoExpanded\")]"}
COMMAND: POST /session/fcfdec3f19b04732468f3b81cff77eec/elements - {"using":"xpath","value":"//span[contains(@id ,\"contractDetailTitleNoExpanded\")]"}
RESULT: {"using":"xpath","value":"//span[contains(@id ,\"contractDetailTitleNoExpanded\")]"}
COMMAND: POST /session/fcfdec3f19b04732468f3b81cff77eec/execute/sync - {"script":"<script> [56 bytes]","args":[{"element-6066-11e4-a52e-4f735466cecf":"f.4917B356C9E108E3489CB9DCB9E54F9E.d.FA8F4B7A162AEA5FB17464D915ABC529.e.21676","ELEMENT":"f.4917B356C9E108E3489CB9DCB9E54F9E.d.FA8F4B7A162AEA5FB17464D915ABC529.e.21676"}]}
RESULT: {"script":"<script> [56 bytes]","args":[{"element-6066-11e4-a52e-4f735466cecf":"f.4917B356C9E108E3489CB9DCB9E54F9E.d.FA8F4B7A162AEA5FB17464D915ABC529.e.21676","ELEMENT":"f.4917B356C9E108E3489CB9DCB9E54F9E.d.FA8F4B7A162AEA5FB17464D915ABC529.e.21676"}]}
COMMAND: GET /session/fcfdec3f19b04732468f3b81cff77eec/screenshot - {}
RESULT: {}
]]></system-out>
    </testcase>
    <testcase classname="chrome.136_0_7103_93.windows.Return_from_Site_w/_warehouse_management_w_clarification" name="Should add equipment to the contract" time="59.61">
      <system-out><![CDATA[
COMMAND: POST /session/fcfdec3f19b04732468f3b81cff77eec/element - {"using":"xpath","value":"//button[@data-kt=\"contractDetailEditBtnButton\"]"}
RESULT: {"using":"xpath","value":"//button[@data-kt=\"contractDetailEditBtnButton\"]"}
COMMAND: POST /session/fcfdec3f19b04732468f3b81cff77eec/element/f.4917B356C9E108E3489CB9DCB9E54F9E.d.FA8F4B7A162AEA5FB17464D915ABC529.e.21677/click - {}
RESULT: {}
COMMAND: GET /session/fcfdec3f19b04732468f3b81cff77eec/screenshot - {}
RESULT: {}
COMMAND: POST /session/fcfdec3f19b04732468f3b81cff77eec/element - {"using":"xpath","value":"(//span[contains(text(), \"Additional Addresses\")])[2]"}
RESULT: {"using":"xpath","value":"(//span[contains(text(), \"Additional Addresses\")])[2]"}
COMMAND: POST /session/fcfdec3f19b04732468f3b81cff77eec/element/f.4917B356C9E108E3489CB9DCB9E54F9E.d.FA8F4B7A162AEA5FB17464D915ABC529.e.21734/click - {}
RESULT: {}
COMMAND: GET /session/fcfdec3f19b04732468f3b81cff77eec/screenshot - {}
RESULT: {}
COMMAND: POST /session/fcfdec3f19b04732468f3b81cff77eec/element - {"using":"xpath","value":"//button[@data-kt=\"btnAddTableRowOverflowToolbarButton\"]"}
RESULT: {"using":"xpath","value":"//button[@data-kt=\"btnAddTableRowOverflowToolbarButton\"]"}
COMMAND: POST /session/fcfdec3f19b04732468f3b81cff77eec/element/f.4917B356C9E108E3489CB9DCB9E54F9E.d.FA8F4B7A162AEA5FB17464D915ABC529.e.21736/click - {}
RESULT: {}
COMMAND: GET /session/fcfdec3f19b04732468f3b81cff77eec/screenshot - {}
RESULT: {}
COMMAND: POST /session/fcfdec3f19b04732468f3b81cff77eec/element - {"using":"xpath","value":"//div[(text() = 'Standard Entry' or . = 'Standard Entry')]"}
RESULT: {"using":"xpath","value":"//div[(text() = 'Standard Entry' or . = 'Standard Entry')]"}
COMMAND: POST /session/fcfdec3f19b04732468f3b81cff77eec/element/f.4917B356C9E108E3489CB9DCB9E54F9E.d.FA8F4B7A162AEA5FB17464D915ABC529.e.21738/click - {}
RESULT: {}
COMMAND: GET /session/fcfdec3f19b04732468f3b81cff77eec/screenshot - {}
RESULT: {}
COMMAND: POST /session/fcfdec3f19b04732468f3b81cff77eec/element - {"using":"xpath","value":"//td[6]/div/div/div/span"}
RESULT: {"using":"xpath","value":"//td[6]/div/div/div/span"}
COMMAND: POST /session/fcfdec3f19b04732468f3b81cff77eec/element/f.4917B356C9E108E3489CB9DCB9E54F9E.d.FA8F4B7A162AEA5FB17464D915ABC529.e.21750/click - {}
RESULT: {}
COMMAND: GET /session/fcfdec3f19b04732468f3b81cff77eec/screenshot - {}
RESULT: {}
COMMAND: POST /session/fcfdec3f19b04732468f3b81cff77eec/element - {"using":"xpath","value":"(//span[contains(text(), \"Material\")])"}
RESULT: {"using":"xpath","value":"(//span[contains(text(), \"Material\")])"}
COMMAND: POST /session/fcfdec3f19b04732468f3b81cff77eec/element/f.4917B356C9E108E3489CB9DCB9E54F9E.d.FA8F4B7A162AEA5FB17464D915ABC529.e.21751/click - {}
RESULT: {}
COMMAND: GET /session/fcfdec3f19b04732468f3b81cff77eec/screenshot - {}
RESULT: {}
COMMAND: POST /session/fcfdec3f19b04732468f3b81cff77eec/element - {"using":"xpath","value":"//td[7]/div/div/input"}
RESULT: {"using":"xpath","value":"//td[7]/div/div/input"}
COMMAND: POST /session/fcfdec3f19b04732468f3b81cff77eec/element/f.4917B356C9E108E3489CB9DCB9E54F9E.d.FA8F4B7A162AEA5FB17464D915ABC529.e.21755/clear - {}
RESULT: {}
COMMAND: POST /session/fcfdec3f19b04732468f3b81cff77eec/element/f.4917B356C9E108E3489CB9DCB9E54F9E.d.FA8F4B7A162AEA5FB17464D915ABC529.e.21755/value - {"text":"200117"}
COMMAND: GET /session/fcfdec3f19b04732468f3b81cff77eec/screenshot - {}
RESULT: {"text":"200117"}
COMMAND: GET /session/fcfdec3f19b04732468f3b81cff77eec/screenshot - {}
RESULT: {}
RESULT: {}
COMMAND: POST /session/fcfdec3f19b04732468f3b81cff77eec/actions - {"actions":[{"id":"action65","type":"key","parameters":{},"actions":[{"type":"keyDown","value":""},{"type":"pause","duration":10},{"type":"keyUp","value":""}]}]}
RESULT: {"actions":[{"id":"action65","type":"key","parameters":{},"actions":[{"type":"keyDown","value":""},{"type":"pause","duration":10},{"type":"keyUp","value":""}]}]}
COMMAND: GET /session/fcfdec3f19b04732468f3b81cff77eec/screenshot - {}
RESULT: {}
COMMAND: POST /session/fcfdec3f19b04732468f3b81cff77eec/execute/sync - {"script":"<script> [276 bytes]","args":["No pricing information was found"]}
RESULT: {"script":"<script> [276 bytes]","args":["No pricing information was found"]}
COMMAND: POST /session/fcfdec3f19b04732468f3b81cff77eec/element - {"using":"xpath","value":"//bdi[contains(text(), \"OK\")]"}
COMMAND: GET /session/fcfdec3f19b04732468f3b81cff77eec/screenshot - {}
RESULT: {"using":"xpath","value":"//bdi[contains(text(), \"OK\")]"}
COMMAND: POST /session/fcfdec3f19b04732468f3b81cff77eec/element/f.4917B356C9E108E3489CB9DCB9E54F9E.d.FA8F4B7A162AEA5FB17464D915ABC529.e.21781/click - {}
RESULT: {}
RESULT: {}
COMMAND: GET /session/fcfdec3f19b04732468f3b81cff77eec/screenshot - {}
RESULT: {}
COMMAND: POST /session/fcfdec3f19b04732468f3b81cff77eec/element - {"using":"xpath","value":"(//button[@data-kt=\"saveButton\"])[2]"}
RESULT: {"using":"xpath","value":"(//button[@data-kt=\"saveButton\"])[2]"}
COMMAND: POST /session/fcfdec3f19b04732468f3b81cff77eec/element/f.4917B356C9E108E3489CB9DCB9E54F9E.d.FA8F4B7A162AEA5FB17464D915ABC529.e.21782/click - {}
RESULT: {}
COMMAND: GET /session/fcfdec3f19b04732468f3b81cff77eec/screenshot - {}
RESULT: {}
COMMAND: POST /session/fcfdec3f19b04732468f3b81cff77eec/execute/sync - {"script":"<script> [276 bytes]","args":["Some contract items are having rental validity exceeding header rental validity"]}
RESULT: {"script":"<script> [276 bytes]","args":["Some contract items are having rental validity exceeding header rental validity"]}
COMMAND: GET /session/fcfdec3f19b04732468f3b81cff77eec/screenshot - {}
RESULT: {}
COMMAND: POST /session/fcfdec3f19b04732468f3b81cff77eec/element - {"using":"xpath","value":"//span[contains(@id ,\"contractItemsSmartTable-header-inner\")]"}
RESULT: {"using":"xpath","value":"//span[contains(@id ,\"contractItemsSmartTable-header-inner\")]"}
COMMAND: POST /session/fcfdec3f19b04732468f3b81cff77eec/elements - {"using":"xpath","value":"//span[contains(@id ,\"contractItemsSmartTable-header-inner\")]"}
RESULT: {"using":"xpath","value":"//span[contains(@id ,\"contractItemsSmartTable-header-inner\")]"}
COMMAND: POST /session/fcfdec3f19b04732468f3b81cff77eec/execute/sync - {"script":"<script> [56 bytes]","args":[{"element-6066-11e4-a52e-4f735466cecf":"f.4917B356C9E108E3489CB9DCB9E54F9E.d.FA8F4B7A162AEA5FB17464D915ABC529.e.21786","ELEMENT":"f.4917B356C9E108E3489CB9DCB9E54F9E.d.FA8F4B7A162AEA5FB17464D915ABC529.e.21786"}]}
RESULT: {"script":"<script> [56 bytes]","args":[{"element-6066-11e4-a52e-4f735466cecf":"f.4917B356C9E108E3489CB9DCB9E54F9E.d.FA8F4B7A162AEA5FB17464D915ABC529.e.21786","ELEMENT":"f.4917B356C9E108E3489CB9DCB9E54F9E.d.FA8F4B7A162AEA5FB17464D915ABC529.e.21786"}]}
]]></system-out>
    </testcase>
    <testcase classname="chrome.136_0_7103_93.windows.Return_from_Site_w/_warehouse_management_w_clarification" name="Should provide to site" time="48.319">
      <system-out><![CDATA[
COMMAND: GET /session/fcfdec3f19b04732468f3b81cff77eec/screenshot - {}
COMMAND: POST /session/fcfdec3f19b04732468f3b81cff77eec/element - {"using":"xpath","value":"//button[@data-kt=\"provideButton\"]"}
RESULT: {}
RESULT: {"using":"xpath","value":"//button[@data-kt=\"provideButton\"]"}
COMMAND: POST /session/fcfdec3f19b04732468f3b81cff77eec/element/f.4917B356C9E108E3489CB9DCB9E54F9E.d.FA8F4B7A162AEA5FB17464D915ABC529.e.21787/click - {}
RESULT: {}
COMMAND: GET /session/fcfdec3f19b04732468f3b81cff77eec/screenshot - {}
RESULT: {}
RESULT: undefined
COMMAND: POST /session/fcfdec3f19b04732468f3b81cff77eec/execute/async - {"script":"<script> [6424 bytes]","args":[{"element-6066-11e4-a52e-4f735466cecf":"f.4917B356C9E108E3489CB9DCB9E54F9E.d.FA8F4B7A162AEA5FB17464D915ABC529.e.20804"},"setValue",["05/24/25"]]}
COMMAND: POST /session/fcfdec3f19b04732468f3b81cff77eec/execute/async - {"script":"<script> [1562 bytes]","args":[{"selector":{"id":"application-managehandovers-display-component---AddNewHO--dueDate","interaction":{"idSuffix":"inner"}},"wdio_ui5_key":"applicationmanagehandovers-display-component---AddNewHO--dueDate"}]}
RESULT: {"script":"<script> [1562 bytes]","args":[{"selector":{"id":"application-managehandovers-display-component---AddNewHO--dueDate","interaction":{"idSuffix":"inner"}},"wdio_ui5_key":"applicationmanagehandovers-display-component---AddNewHO--dueDate"}]}
COMMAND: POST /session/fcfdec3f19b04732468f3b81cff77eec/execute/async - {"script":"<script> [6424 bytes]","args":[{"element-6066-11e4-a52e-4f735466cecf":"f.4917B356C9E108E3489CB9DCB9E54F9E.d.FA8F4B7A162AEA5FB17464D915ABC529.e.21877"},"setValue",["05/24/25"]]}
RESULT: {"script":"<script> [6424 bytes]","args":[{"element-6066-11e4-a52e-4f735466cecf":"f.4917B356C9E108E3489CB9DCB9E54F9E.d.FA8F4B7A162AEA5FB17464D915ABC529.e.21877"},"setValue",["05/24/25"]]}
COMMAND: POST /session/fcfdec3f19b04732468f3b81cff77eec/element - {"using":"xpath","value":"//bdi[contains(text(), \"Instructions\")]"}
RESULT: {"using":"xpath","value":"//bdi[contains(text(), \"Instructions\")]"}
COMMAND: POST /session/fcfdec3f19b04732468f3b81cff77eec/element/f.4917B356C9E108E3489CB9DCB9E54F9E.d.FA8F4B7A162AEA5FB17464D915ABC529.e.22103/click - {}
RESULT: {}
COMMAND: GET /session/fcfdec3f19b04732468f3b81cff77eec/screenshot - {}
RESULT: {}
COMMAND: POST /session/fcfdec3f19b04732468f3b81cff77eec/element - {"using":"xpath","value":"//button[@data-kt=\"AddNewHOProvideAddItemsButton\"]"}
RESULT: {"using":"xpath","value":"//button[@data-kt=\"AddNewHOProvideAddItemsButton\"]"}
COMMAND: POST /session/fcfdec3f19b04732468f3b81cff77eec/element/f.4917B356C9E108E3489CB9DCB9E54F9E.d.FA8F4B7A162AEA5FB17464D915ABC529.e.22107/click - {}
RESULT: {}
COMMAND: GET /session/fcfdec3f19b04732468f3b81cff77eec/screenshot - {}
RESULT: {}
RESULT: undefined
COMMAND: POST /session/fcfdec3f19b04732468f3b81cff77eec/element - {"using":"xpath","value":"//*[@id=\"application-managehandovers-display-component---AddNewHO--popup-sa\"]"}
RESULT: {"using":"xpath","value":"//*[@id=\"application-managehandovers-display-component---AddNewHO--popup-sa\"]"}
COMMAND: POST /session/fcfdec3f19b04732468f3b81cff77eec/element/f.4917B356C9E108E3489CB9DCB9E54F9E.d.FA8F4B7A162AEA5FB17464D915ABC529.e.22117/click - {}
RESULT: {}
COMMAND: GET /session/fcfdec3f19b04732468f3b81cff77eec/screenshot - {}
RESULT: {}
COMMAND: POST /session/fcfdec3f19b04732468f3b81cff77eec/element - {"using":"xpath","value":"//*[contains(@id ,\"BDI-content\")][contains(text(), \"Select\")]"}
RESULT: {"using":"xpath","value":"//*[contains(@id ,\"BDI-content\")][contains(text(), \"Select\")]"}
COMMAND: POST /session/fcfdec3f19b04732468f3b81cff77eec/element/f.4917B356C9E108E3489CB9DCB9E54F9E.d.FA8F4B7A162AEA5FB17464D915ABC529.e.22118/click - {}
RESULT: {}
COMMAND: GET /session/fcfdec3f19b04732468f3b81cff77eec/screenshot - {}
RESULT: {}
COMMAND: POST /session/fcfdec3f19b04732468f3b81cff77eec/element - {"using":"xpath","value":"//bdi[(text() = 'Save' or . = 'Save')]"}
RESULT: {"using":"xpath","value":"//bdi[(text() = 'Save' or . = 'Save')]"}
COMMAND: POST /session/fcfdec3f19b04732468f3b81cff77eec/element/f.4917B356C9E108E3489CB9DCB9E54F9E.d.FA8F4B7A162AEA5FB17464D915ABC529.e.22126/click - {}
RESULT: {}
COMMAND: GET /session/fcfdec3f19b04732468f3b81cff77eec/screenshot - {}
RESULT: {}
]]></system-out>
    </testcase>
    <testcase classname="chrome.136_0_7103_93.windows.Return_from_Site_w/_warehouse_management_w_clarification" name="Should test for Handover Execution" time="169.107">
      <system-out><![CDATA[
COMMAND: POST /session/fcfdec3f19b04732468f3b81cff77eec/execute/async - {"script":"<script> [1562 bytes]","args":[{"selector":{"controlType":"sap.m.Link","viewName":"etm.portal.ui.managehandovers.view.DetailExecuteHO","bindingPath":{"path":"","propertyPath":"/wmDoc","modelName":"warehouseMovModel"}},"wdio_ui5_key":"etmportal.ui.managehandovers.view.DetailExecuteHOsap.m.Link{\"path\":\"\",\"propertyPath\":\"/wmDoc\",\"modelName\":\"warehouseMovModel\"}"}]}
RESULT: {"script":"<script> [1562 bytes]","args":[{"selector":{"controlType":"sap.m.Link","viewName":"etm.portal.ui.managehandovers.view.DetailExecuteHO","bindingPath":{"path":"","propertyPath":"/wmDoc","modelName":"warehouseMovModel"}},"wdio_ui5_key":"etmportal.ui.managehandovers.view.DetailExecuteHOsap.m.Link{\"path\":\"\",\"propertyPath\":\"/wmDoc\",\"modelName\":\"warehouseMovModel\"}"}]}
RESULT: undefined
COMMAND: POST /session/fcfdec3f19b04732468f3b81cff77eec/element - {"using":"xpath","value":"//*[@id=\"__link82\"]"}
RESULT: {"using":"xpath","value":"//*[@id=\"__link82\"]"}
COMMAND: POST /session/fcfdec3f19b04732468f3b81cff77eec/element/f.4917B356C9E108E3489CB9DCB9E54F9E.d.FA8F4B7A162AEA5FB17464D915ABC529.e.22168/click - {}
RESULT: {}
COMMAND: GET /session/fcfdec3f19b04732468f3b81cff77eec/screenshot - {}
RESULT: {}
COMMAND: POST /session/fcfdec3f19b04732468f3b81cff77eec/execute/async - {"script":"<script> [1562 bytes]","args":[{"selector":{"controlType":"sap.m.Link","viewName":"etm.portal.ui.managehandovers.view.DetailExecuteHO","properties":{"text":"Warehouse Overview"},"searchOpenDialogs":true},"wdio_ui5_key":"etmportal.ui.managehandovers.view.DetailExecuteHOsap.m.Link{\"text\":\"Warehouse Overview\"}"}]}
RESULT: {"script":"<script> [1562 bytes]","args":[{"selector":{"controlType":"sap.m.Link","viewName":"etm.portal.ui.managehandovers.view.DetailExecuteHO","properties":{"text":"Warehouse Overview"},"searchOpenDialogs":true},"wdio_ui5_key":"etmportal.ui.managehandovers.view.DetailExecuteHOsap.m.Link{\"text\":\"Warehouse Overview\"}"}]}
RESULT: undefined
COMMAND: POST /session/fcfdec3f19b04732468f3b81cff77eec/element - {"using":"xpath","value":"//*[@id=\"__link98\"]"}
RESULT: {"using":"xpath","value":"//*[@id=\"__link98\"]"}
COMMAND: POST /session/fcfdec3f19b04732468f3b81cff77eec/element/f.4917B356C9E108E3489CB9DCB9E54F9E.d.FA8F4B7A162AEA5FB17464D915ABC529.e.22172/click - {}
RESULT: {}
COMMAND: GET /session/fcfdec3f19b04732468f3b81cff77eec/screenshot - {}
COMMAND: POST /session/fcfdec3f19b04732468f3b81cff77eec/execute/async - {"script":"<script> [1562 bytes]","args":[{"selector":{"controlType":"sap.m.Button","viewName":"etm.portal.ui.warehousemovements.view.DisplayMovement","viewId":"application-warehousemovements-display-component---displayMovement","i18NText":{"propertyName":"text","key":"execution"},"interaction":{"idSuffix":"BDI-content"}},"wdio_ui5_key":"etmportal.ui.warehousemovements.view.DisplayMovementsap.m.Button{\"propertyName\":\"text\",\"key\":\"execution\"}"}]}
RESULT: {}
RESULT: {"script":"<script> [1562 bytes]","args":[{"selector":{"controlType":"sap.m.Button","viewName":"etm.portal.ui.warehousemovements.view.DisplayMovement","viewId":"application-warehousemovements-display-component---displayMovement","i18NText":{"propertyName":"text","key":"execution"},"interaction":{"idSuffix":"BDI-content"}},"wdio_ui5_key":"etmportal.ui.warehousemovements.view.DisplayMovementsap.m.Button{\"propertyName\":\"text\",\"key\":\"execution\"}"}]}
RESULT: undefined
COMMAND: POST /session/fcfdec3f19b04732468f3b81cff77eec/element - {"using":"xpath","value":"//*[@id=\"__button247\"]"}
RESULT: {"using":"xpath","value":"//*[@id=\"__button247\"]"}
COMMAND: POST /session/fcfdec3f19b04732468f3b81cff77eec/element/f.4917B356C9E108E3489CB9DCB9E54F9E.d.FA8F4B7A162AEA5FB17464D915ABC529.e.22307/click - {}
RESULT: {}
COMMAND: GET /session/fcfdec3f19b04732468f3b81cff77eec/screenshot - {}
RESULT: {}
COMMAND: POST /session/fcfdec3f19b04732468f3b81cff77eec/execute/async - {"script":"<script> [1562 bytes]","args":[{"selector":{"controlType":"sap.m.Button","viewName":"etm.portal.ui.warehousemovements.view.ExecuteMovement","viewId":"application-warehousemovements-display-component---executeMovement","properties":{"text":"Items"},"interaction":{"idSuffix":"BDI-content"}},"wdio_ui5_key":"etmportal.ui.warehousemovements.view.ExecuteMovementsap.m.Button{\"text\":\"Items\"}"}]}
RESULT: {"script":"<script> [1562 bytes]","args":[{"selector":{"controlType":"sap.m.Button","viewName":"etm.portal.ui.warehousemovements.view.ExecuteMovement","viewId":"application-warehousemovements-display-component---executeMovement","properties":{"text":"Items"},"interaction":{"idSuffix":"BDI-content"}},"wdio_ui5_key":"etmportal.ui.warehousemovements.view.ExecuteMovementsap.m.Button{\"text\":\"Items\"}"}]}
RESULT: undefined
COMMAND: POST /session/fcfdec3f19b04732468f3b81cff77eec/element - {"using":"xpath","value":"//*[@id=\"__layout379-anchBar-application-warehousemovements-display-component---executeMovement--itemsSection-anchor\"]"}
RESULT: {"using":"xpath","value":"//*[@id=\"__layout379-anchBar-application-warehousemovements-display-component---executeMovement--itemsSection-anchor\"]"}
COMMAND: POST /session/fcfdec3f19b04732468f3b81cff77eec/element/f.4917B356C9E108E3489CB9DCB9E54F9E.d.FA8F4B7A162AEA5FB17464D915ABC529.e.22402/click - {}
RESULT: {}
COMMAND: GET /session/fcfdec3f19b04732468f3b81cff77eec/screenshot - {}
RESULT: {}
COMMAND: POST /session/fcfdec3f19b04732468f3b81cff77eec/execute/async - {"script":"<script> [1562 bytes]","args":[{"selector":{"controlType":"sap.m.ToggleButton","viewName":"etm.portal.ui.warehousemovements.view.ExecuteMovement","viewId":"application-warehousemovements-display-component---executeMovement","bindingPath":{"propertyPath":"STATUS","modelName":"catalogModel"},"interaction":{"idSuffix":"BDI-content"}},"wdio_ui5_key":"etmportal.ui.warehousemovements.view.ExecuteMovementsap.m.ToggleButton{\"propertyPath\":\"STATUS\",\"modelName\":\"catalogModel\"}"}]}
RESULT: {"script":"<script> [1562 bytes]","args":[{"selector":{"controlType":"sap.m.ToggleButton","viewName":"etm.portal.ui.warehousemovements.view.ExecuteMovement","viewId":"application-warehousemovements-display-component---executeMovement","bindingPath":{"propertyPath":"STATUS","modelName":"catalogModel"},"interaction":{"idSuffix":"BDI-content"}},"wdio_ui5_key":"etmportal.ui.warehousemovements.view.ExecuteMovementsap.m.ToggleButton{\"propertyPath\":\"STATUS\",\"modelName\":\"catalogModel\"}"}]}
RESULT: undefined
COMMAND: POST /session/fcfdec3f19b04732468f3b81cff77eec/element - {"using":"xpath","value":"//*[@id=\"__button272-__clone2302\"]"}
RESULT: {"using":"xpath","value":"//*[@id=\"__button272-__clone2302\"]"}
COMMAND: POST /session/fcfdec3f19b04732468f3b81cff77eec/element/f.4917B356C9E108E3489CB9DCB9E54F9E.d.FA8F4B7A162AEA5FB17464D915ABC529.e.22380/click - {}
RESULT: {}
RESULT: undefined
COMMAND: POST /session/fcfdec3f19b04732468f3b81cff77eec/element - {"using":"xpath","value":"//*[@id=\"__button272-__clone2302\"]"}
COMMAND: GET /session/fcfdec3f19b04732468f3b81cff77eec/screenshot - {}
RESULT: {"using":"xpath","value":"//*[@id=\"__button272-__clone2302\"]"}
COMMAND: POST /session/fcfdec3f19b04732468f3b81cff77eec/element/f.4917B356C9E108E3489CB9DCB9E54F9E.d.FA8F4B7A162AEA5FB17464D915ABC529.e.22380/click - {}
RESULT: {}
RESULT: {}
COMMAND: GET /session/fcfdec3f19b04732468f3b81cff77eec/screenshot - {}
RESULT: {}
COMMAND: POST /session/fcfdec3f19b04732468f3b81cff77eec/element - {"using":"xpath","value":"//section[contains(@id,\"FC-NoHead\")]/div[1]/div[5]/div[2]/span"}
RESULT: {"using":"xpath","value":"//section[contains(@id,\"FC-NoHead\")]/div[1]/div[5]/div[2]/span"}
COMMAND: POST /session/fcfdec3f19b04732468f3b81cff77eec/elements - {"using":"xpath","value":"//section[contains(@id,\"FC-NoHead\")]/div[1]/div[5]/div[2]/span"}
RESULT: {"using":"xpath","value":"//section[contains(@id,\"FC-NoHead\")]/div[1]/div[5]/div[2]/span"}
COMMAND: POST /session/fcfdec3f19b04732468f3b81cff77eec/execute/sync - {"script":"<script> [56 bytes]","args":[{"element-6066-11e4-a52e-4f735466cecf":"f.4917B356C9E108E3489CB9DCB9E54F9E.d.FA8F4B7A162AEA5FB17464D915ABC529.e.22408","ELEMENT":"f.4917B356C9E108E3489CB9DCB9E54F9E.d.FA8F4B7A162AEA5FB17464D915ABC529.e.22408"}]}
RESULT: {"script":"<script> [56 bytes]","args":[{"element-6066-11e4-a52e-4f735466cecf":"f.4917B356C9E108E3489CB9DCB9E54F9E.d.FA8F4B7A162AEA5FB17464D915ABC529.e.22408","ELEMENT":"f.4917B356C9E108E3489CB9DCB9E54F9E.d.FA8F4B7A162AEA5FB17464D915ABC529.e.22408"}]}
COMMAND: POST /session/fcfdec3f19b04732468f3b81cff77eec/actions - {"actions":[{"id":"action66","type":"key","parameters":{},"actions":[{"type":"keyDown","value":""},{"type":"pause","duration":10},{"type":"keyUp","value":""}]}]}
COMMAND: GET /session/fcfdec3f19b04732468f3b81cff77eec/screenshot - {}
RESULT: {"actions":[{"id":"action66","type":"key","parameters":{},"actions":[{"type":"keyDown","value":""},{"type":"pause","duration":10},{"type":"keyUp","value":""}]}]}
COMMAND: POST /session/fcfdec3f19b04732468f3b81cff77eec/execute/async - {"script":"<script> [1562 bytes]","args":[{"selector":{"id":"application-warehousemovements-display-component---executeMovement--executeId","interaction":{"idSuffix":"BDI-content"}},"wdio_ui5_key":"applicationwarehousemovements-display-component---executeMovement--executeId"}]}
COMMAND: GET /session/fcfdec3f19b04732468f3b81cff77eec/screenshot - {}
RESULT: {}
RESULT: {"script":"<script> [1562 bytes]","args":[{"selector":{"id":"application-warehousemovements-display-component---executeMovement--executeId","interaction":{"idSuffix":"BDI-content"}},"wdio_ui5_key":"applicationwarehousemovements-display-component---executeMovement--executeId"}]}
RESULT: undefined
COMMAND: POST /session/fcfdec3f19b04732468f3b81cff77eec/element - {"using":"xpath","value":"//*[@id=\"application-warehousemovements-display-component---executeMovement--executeId\"]"}
RESULT: {}
RESULT: {"using":"xpath","value":"//*[@id=\"application-warehousemovements-display-component---executeMovement--executeId\"]"}
COMMAND: POST /session/fcfdec3f19b04732468f3b81cff77eec/element/f.4917B356C9E108E3489CB9DCB9E54F9E.d.FA8F4B7A162AEA5FB17464D915ABC529.e.22374/click - {}
RESULT: {}
COMMAND: GET /session/fcfdec3f19b04732468f3b81cff77eec/screenshot - {}
RESULT: {}
COMMAND: POST /session/fcfdec3f19b04732468f3b81cff77eec/element - {"using":"css selector","value":"#shell-header-logo"}
RESULT: {"using":"css selector","value":"#shell-header-logo"}
COMMAND: POST /session/fcfdec3f19b04732468f3b81cff77eec/element/f.4917B356C9E108E3489CB9DCB9E54F9E.d.FA8F4B7A162AEA5FB17464D915ABC529.e.21214/click - {}
RESULT: {}
COMMAND: GET /session/fcfdec3f19b04732468f3b81cff77eec/screenshot - {}
RESULT: {}
RESULT: undefined
COMMAND: POST /session/fcfdec3f19b04732468f3b81cff77eec/element - {"using":"xpath","value":"//*[@id=\"__tile132\"]"}
RESULT: {"using":"xpath","value":"//*[@id=\"__tile132\"]"}
COMMAND: POST /session/fcfdec3f19b04732468f3b81cff77eec/element/f.4917B356C9E108E3489CB9DCB9E54F9E.d.FA8F4B7A162AEA5FB17464D915ABC529.e.20405/click - {}
RESULT: {}
COMMAND: GET /session/fcfdec3f19b04732468f3b81cff77eec/screenshot - {}
RESULT: {}
COMMAND: POST /session/fcfdec3f19b04732468f3b81cff77eec/elements - {"using":"xpath","value":"//span[text()='Error']"}
RESULT: {"using":"xpath","value":"//span[text()='Error']"}
COMMAND: POST /session/fcfdec3f19b04732468f3b81cff77eec/execute/async - {"script":"<script> [1562 bytes]","args":[{"selector":{"controlType":"sap.m.SearchField","viewName":"etm.portal.ui.managehandovers.view.MasterHO","bindingPath":{"propertyPath":"/_BASIC_SEARCH_FIELD","modelName":"fi1t3rM0d31"},"interaction":{"idSuffix":"I"}},"wdio_ui5_key":"etmportal.ui.managehandovers.view.MasterHOsap.m.SearchField{\"propertyPath\":\"/_BASIC_SEARCH_FIELD\",\"modelName\":\"fi1t3rM0d31\"}"}]}
RESULT: {"script":"<script> [1562 bytes]","args":[{"selector":{"controlType":"sap.m.SearchField","viewName":"etm.portal.ui.managehandovers.view.MasterHO","bindingPath":{"propertyPath":"/_BASIC_SEARCH_FIELD","modelName":"fi1t3rM0d31"},"interaction":{"idSuffix":"I"}},"wdio_ui5_key":"etmportal.ui.managehandovers.view.MasterHOsap.m.SearchField{\"propertyPath\":\"/_BASIC_SEARCH_FIELD\",\"modelName\":\"fi1t3rM0d31\"}"}]}
RESULT: undefined
COMMAND: POST /session/fcfdec3f19b04732468f3b81cff77eec/execute/async - {"script":"<script> [776 bytes]","args":[{"enterText":"30384","selector":{"controlType":"sap.m.SearchField","viewName":"etm.portal.ui.managehandovers.view.MasterHO","bindingPath":{"propertyPath":"/_BASIC_SEARCH_FIELD","modelName":"fi1t3rM0d31"},"interaction":{"idSuffix":"I"}},"clearTextFirst":true,"interactionType":"ENTER_TEXT"}]}
RESULT: {"script":"<script> [776 bytes]","args":[{"enterText":"30384","selector":{"controlType":"sap.m.SearchField","viewName":"etm.portal.ui.managehandovers.view.MasterHO","bindingPath":{"propertyPath":"/_BASIC_SEARCH_FIELD","modelName":"fi1t3rM0d31"},"interaction":{"idSuffix":"I"}},"clearTextFirst":true,"interactionType":"ENTER_TEXT"}]}
COMMAND: POST /session/fcfdec3f19b04732468f3b81cff77eec/actions - {"actions":[{"id":"action67","type":"key","parameters":{},"actions":[{"type":"keyDown","value":""},{"type":"pause","duration":10},{"type":"keyUp","value":""}]}]}
RESULT: {"actions":[{"id":"action67","type":"key","parameters":{},"actions":[{"type":"keyDown","value":""},{"type":"pause","duration":10},{"type":"keyUp","value":""}]}]}
COMMAND: GET /session/fcfdec3f19b04732468f3b81cff77eec/screenshot - {}
RESULT: {}
COMMAND: POST /session/fcfdec3f19b04732468f3b81cff77eec/execute/async - {"script":"<script> [1562 bytes]","args":[{"selector":{"controlType":"sap.ui.core.Icon","viewName":"etm.portal.ui.managehandovers.view.MasterHO","properties":{"src":{"regex":{"source":"slim\\-arrow\\-right"}}}},"wdio_ui5_key":"etmportal.ui.managehandovers.view.MasterHOsap.ui.core.Icon{\"src\":{\"regex\":{\"source\":\"slim\\\\-arrow\\\\-right\"}}}"}]}
RESULT: {"script":"<script> [1562 bytes]","args":[{"selector":{"controlType":"sap.ui.core.Icon","viewName":"etm.portal.ui.managehandovers.view.MasterHO","properties":{"src":{"regex":{"source":"slim\\-arrow\\-right"}}}},"wdio_ui5_key":"etmportal.ui.managehandovers.view.MasterHOsap.ui.core.Icon{\"src\":{\"regex\":{\"source\":\"slim\\\\-arrow\\\\-right\"}}}"}]}
RESULT: undefined
COMMAND: POST /session/fcfdec3f19b04732468f3b81cff77eec/element - {"using":"xpath","value":"//*[@id=\"__item1194-__clone2381-imgNav\"]"}
RESULT: {"using":"xpath","value":"//*[@id=\"__item1194-__clone2381-imgNav\"]"}
COMMAND: POST /session/fcfdec3f19b04732468f3b81cff77eec/element/f.4917B356C9E108E3489CB9DCB9E54F9E.d.FA8F4B7A162AEA5FB17464D915ABC529.e.22585/click - {}
RESULT: {}
COMMAND: GET /session/fcfdec3f19b04732468f3b81cff77eec/screenshot - {}
RESULT: {}
COMMAND: POST /session/fcfdec3f19b04732468f3b81cff77eec/element - {"using":"xpath","value":"//button[@data-kt=\"IssuingTableConfirmAllButton\"]"}
RESULT: {"using":"xpath","value":"//button[@data-kt=\"IssuingTableConfirmAllButton\"]"}
COMMAND: POST /session/fcfdec3f19b04732468f3b81cff77eec/element/f.4917B356C9E108E3489CB9DCB9E54F9E.d.FA8F4B7A162AEA5FB17464D915ABC529.e.22679/click - {}
RESULT: {}
COMMAND: GET /session/fcfdec3f19b04732468f3b81cff77eec/screenshot - {}
RESULT: {}
COMMAND: POST /session/fcfdec3f19b04732468f3b81cff77eec/element - {"using":"xpath","value":"//bdi[contains(text(), \"OK\")]"}
RESULT: {"using":"xpath","value":"//bdi[contains(text(), \"OK\")]"}
COMMAND: POST /session/fcfdec3f19b04732468f3b81cff77eec/element/f.4917B356C9E108E3489CB9DCB9E54F9E.d.FA8F4B7A162AEA5FB17464D915ABC529.e.22687/click - {}
RESULT: {}
COMMAND: GET /session/fcfdec3f19b04732468f3b81cff77eec/screenshot - {}
RESULT: {}
COMMAND: POST /session/fcfdec3f19b04732468f3b81cff77eec/element - {"using":"xpath","value":"//button[@data-kt=\"execHoIssueButton\"]"}
RESULT: {"using":"xpath","value":"//button[@data-kt=\"execHoIssueButton\"]"}
COMMAND: POST /session/fcfdec3f19b04732468f3b81cff77eec/element/f.4917B356C9E108E3489CB9DCB9E54F9E.d.FA8F4B7A162AEA5FB17464D915ABC529.e.22688/click - {}
RESULT: {}
COMMAND: GET /session/fcfdec3f19b04732468f3b81cff77eec/screenshot - {}
RESULT: {}
RESULT: undefined
COMMAND: POST /session/fcfdec3f19b04732468f3b81cff77eec/execute/async - {"script":"<script> [776 bytes]","args":[{"enterText":"30384","selector":{"controlType":"sap.m.SearchField","viewName":"etm.portal.ui.managehandovers.view.MasterHO","bindingPath":{"propertyPath":"/_BASIC_SEARCH_FIELD","modelName":"fi1t3rM0d31"},"interaction":{"idSuffix":"I"}},"clearTextFirst":true,"interactionType":"ENTER_TEXT"}]}
RESULT: {"script":"<script> [776 bytes]","args":[{"enterText":"30384","selector":{"controlType":"sap.m.SearchField","viewName":"etm.portal.ui.managehandovers.view.MasterHO","bindingPath":{"propertyPath":"/_BASIC_SEARCH_FIELD","modelName":"fi1t3rM0d31"},"interaction":{"idSuffix":"I"}},"clearTextFirst":true,"interactionType":"ENTER_TEXT"}]}
COMMAND: POST /session/fcfdec3f19b04732468f3b81cff77eec/actions - {"actions":[{"id":"action68","type":"key","parameters":{},"actions":[{"type":"keyDown","value":""},{"type":"pause","duration":10},{"type":"keyUp","value":""}]}]}
RESULT: {"actions":[{"id":"action68","type":"key","parameters":{},"actions":[{"type":"keyDown","value":""},{"type":"pause","duration":10},{"type":"keyUp","value":""}]}]}
COMMAND: GET /session/fcfdec3f19b04732468f3b81cff77eec/screenshot - {}
RESULT: {}
COMMAND: POST /session/fcfdec3f19b04732468f3b81cff77eec/element - {"using":"xpath","value":"//span[(text() = '30384' or . = '30384')]"}
RESULT: {"using":"xpath","value":"//span[(text() = '30384' or . = '30384')]"}
COMMAND: POST /session/fcfdec3f19b04732468f3b81cff77eec/element/f.4917B356C9E108E3489CB9DCB9E54F9E.d.FA8F4B7A162AEA5FB17464D915ABC529.e.22732/click - {}
RESULT: {}
COMMAND: GET /session/fcfdec3f19b04732468f3b81cff77eec/screenshot - {}
RESULT: {}
COMMAND: POST /session/fcfdec3f19b04732468f3b81cff77eec/element - {"using":"xpath","value":"//span[contains(text(), \"Instructions\")]"}
RESULT: {"using":"xpath","value":"//span[contains(text(), \"Instructions\")]"}
COMMAND: POST /session/fcfdec3f19b04732468f3b81cff77eec/element/f.4917B356C9E108E3489CB9DCB9E54F9E.d.FA8F4B7A162AEA5FB17464D915ABC529.e.22777/click - {}
RESULT: {}
COMMAND: GET /session/fcfdec3f19b04732468f3b81cff77eec/screenshot - {}
RESULT: {}
COMMAND: POST /session/fcfdec3f19b04732468f3b81cff77eec/element - {"using":"xpath","value":"//span[contains(text(), \"Instructions\")]"}
RESULT: {"using":"xpath","value":"//span[contains(text(), \"Instructions\")]"}
COMMAND: POST /session/fcfdec3f19b04732468f3b81cff77eec/element/f.4917B356C9E108E3489CB9DCB9E54F9E.d.FA8F4B7A162AEA5FB17464D915ABC529.e.22777/click - {}
RESULT: {}
COMMAND: GET /session/fcfdec3f19b04732468f3b81cff77eec/screenshot - {}
RESULT: {}
COMMAND: POST /session/fcfdec3f19b04732468f3b81cff77eec/execute/async - {"script":"<script> [1562 bytes]","args":[{"selector":{"controlType":"sap.m.ComboBox","viewName":"etm.portal.ui.managehandovers.view.DetailExecuteHO","bindingPath":{"propertyPath":"RECEIVING_SECTION","modelName":"catalogModel"},"interaction":{"idSuffix":"inner"}},"wdio_ui5_key":"etmportal.ui.managehandovers.view.DetailExecuteHOsap.m.ComboBox{\"propertyPath\":\"RECEIVING_SECTION\",\"modelName\":\"catalogModel\"}"}]}
RESULT: {"script":"<script> [1562 bytes]","args":[{"selector":{"controlType":"sap.m.ComboBox","viewName":"etm.portal.ui.managehandovers.view.DetailExecuteHO","bindingPath":{"propertyPath":"RECEIVING_SECTION","modelName":"catalogModel"},"interaction":{"idSuffix":"inner"}},"wdio_ui5_key":"etmportal.ui.managehandovers.view.DetailExecuteHOsap.m.ComboBox{\"propertyPath\":\"RECEIVING_SECTION\",\"modelName\":\"catalogModel\"}"}]}
RESULT: undefined
COMMAND: POST /session/fcfdec3f19b04732468f3b81cff77eec/execute/async - {"script":"<script> [776 bytes]","args":[{"enterText":"WDIO-2094","selector":{"controlType":"sap.m.ComboBox","viewName":"etm.portal.ui.managehandovers.view.DetailExecuteHO","bindingPath":{"propertyPath":"RECEIVING_SECTION","modelName":"catalogModel"},"interaction":{"idSuffix":"inner"}},"clearTextFirst":true,"interactionType":"ENTER_TEXT"}]}
RESULT: {"script":"<script> [776 bytes]","args":[{"enterText":"WDIO-2094","selector":{"controlType":"sap.m.ComboBox","viewName":"etm.portal.ui.managehandovers.view.DetailExecuteHO","bindingPath":{"propertyPath":"RECEIVING_SECTION","modelName":"catalogModel"},"interaction":{"idSuffix":"inner"}},"clearTextFirst":true,"interactionType":"ENTER_TEXT"}]}
COMMAND: POST /session/fcfdec3f19b04732468f3b81cff77eec/actions - {"actions":[{"id":"action69","type":"key","parameters":{},"actions":[{"type":"keyDown","value":""},{"type":"pause","duration":10},{"type":"keyUp","value":""}]}]}
RESULT: {"actions":[{"id":"action69","type":"key","parameters":{},"actions":[{"type":"keyDown","value":""},{"type":"pause","duration":10},{"type":"keyUp","value":""}]}]}
COMMAND: GET /session/fcfdec3f19b04732468f3b81cff77eec/screenshot - {}
RESULT: {}
COMMAND: POST /session/fcfdec3f19b04732468f3b81cff77eec/element - {"using":"xpath","value":"//button[@data-kt= \"execHoReceiveButton\"]"}
RESULT: {"using":"xpath","value":"//button[@data-kt= \"execHoReceiveButton\"]"}
COMMAND: POST /session/fcfdec3f19b04732468f3b81cff77eec/element/f.4917B356C9E108E3489CB9DCB9E54F9E.d.FA8F4B7A162AEA5FB17464D915ABC529.e.22784/click - {}
RESULT: {}
COMMAND: GET /session/fcfdec3f19b04732468f3b81cff77eec/screenshot - {}
RESULT: {}
COMMAND: POST /session/fcfdec3f19b04732468f3b81cff77eec/execute/async - {"script":"<script> [1562 bytes]","args":[{"selector":{"controlType":"sap.m.Button","properties":{"text":"Continue"},"searchOpenDialogs":true,"interaction":{"idSuffix":"content"}},"wdio_ui5_key":"sapm.Button{\"text\":\"Continue\"}"}]}
RESULT: {"script":"<script> [1562 bytes]","args":[{"selector":{"controlType":"sap.m.Button","properties":{"text":"Continue"},"searchOpenDialogs":true,"interaction":{"idSuffix":"content"}},"wdio_ui5_key":"sapm.Button{\"text\":\"Continue\"}"}]}
RESULT: undefined
COMMAND: POST /session/fcfdec3f19b04732468f3b81cff77eec/element - {"using":"xpath","value":"//*[@id=\"__mbox-btn-6\"]"}
RESULT: {"using":"xpath","value":"//*[@id=\"__mbox-btn-6\"]"}
COMMAND: POST /session/fcfdec3f19b04732468f3b81cff77eec/element/f.4917B356C9E108E3489CB9DCB9E54F9E.d.FA8F4B7A162AEA5FB17464D915ABC529.e.22785/click - {}
RESULT: {}
COMMAND: GET /session/fcfdec3f19b04732468f3b81cff77eec/screenshot - {}
RESULT: {}
COMMAND: POST /session/fcfdec3f19b04732468f3b81cff77eec/element - {"using":"css selector","value":"#shell-header-logo"}
RESULT: {"using":"css selector","value":"#shell-header-logo"}
COMMAND: POST /session/fcfdec3f19b04732468f3b81cff77eec/element/f.4917B356C9E108E3489CB9DCB9E54F9E.d.FA8F4B7A162AEA5FB17464D915ABC529.e.22460/click - {}
RESULT: {}
COMMAND: GET /session/fcfdec3f19b04732468f3b81cff77eec/screenshot - {}
RESULT: {}
]]></system-out>
    </testcase>
    <testcase classname="chrome.136_0_7103_93.windows.Return_from_Site_w/_warehouse_management_w_clarification" name="Should test for Clarification" time="72.652">
      <system-out><![CDATA[
RESULT: undefined
COMMAND: POST /session/fcfdec3f19b04732468f3b81cff77eec/element - {"using":"xpath","value":"//*[@id=\"__tile132\"]"}
RESULT: {"using":"xpath","value":"//*[@id=\"__tile132\"]"}
COMMAND: POST /session/fcfdec3f19b04732468f3b81cff77eec/element/f.4917B356C9E108E3489CB9DCB9E54F9E.d.FA8F4B7A162AEA5FB17464D915ABC529.e.20405/click - {}
RESULT: {}
COMMAND: GET /session/fcfdec3f19b04732468f3b81cff77eec/screenshot - {}
RESULT: {}
COMMAND: POST /session/fcfdec3f19b04732468f3b81cff77eec/elements - {"using":"xpath","value":"//span[text()='Error']"}
RESULT: {"using":"xpath","value":"//span[text()='Error']"}
RESULT: undefined
COMMAND: POST /session/fcfdec3f19b04732468f3b81cff77eec/execute/async - {"script":"<script> [776 bytes]","args":[{"enterText":"30384","selector":{"controlType":"sap.m.SearchField","viewName":"etm.portal.ui.managehandovers.view.MasterHO","bindingPath":{"propertyPath":"/_BASIC_SEARCH_FIELD","modelName":"fi1t3rM0d31"},"interaction":{"idSuffix":"I"}},"clearTextFirst":true,"interactionType":"ENTER_TEXT"}]}
RESULT: {"script":"<script> [776 bytes]","args":[{"enterText":"30384","selector":{"controlType":"sap.m.SearchField","viewName":"etm.portal.ui.managehandovers.view.MasterHO","bindingPath":{"propertyPath":"/_BASIC_SEARCH_FIELD","modelName":"fi1t3rM0d31"},"interaction":{"idSuffix":"I"}},"clearTextFirst":true,"interactionType":"ENTER_TEXT"}]}
COMMAND: POST /session/fcfdec3f19b04732468f3b81cff77eec/actions - {"actions":[{"id":"action70","type":"key","parameters":{},"actions":[{"type":"keyDown","value":""},{"type":"pause","duration":10},{"type":"keyUp","value":""}]}]}
RESULT: {"actions":[{"id":"action70","type":"key","parameters":{},"actions":[{"type":"keyDown","value":""},{"type":"pause","duration":10},{"type":"keyUp","value":""}]}]}
COMMAND: GET /session/fcfdec3f19b04732468f3b81cff77eec/screenshot - {}
RESULT: {}
COMMAND: POST /session/fcfdec3f19b04732468f3b81cff77eec/element - {"using":"xpath","value":"//span[(text() = '30384' or . = '30384')]"}
RESULT: {"using":"xpath","value":"//span[(text() = '30384' or . = '30384')]"}
COMMAND: POST /session/fcfdec3f19b04732468f3b81cff77eec/element/f.4917B356C9E108E3489CB9DCB9E54F9E.d.FA8F4B7A162AEA5FB17464D915ABC529.e.22951/click - {}
RESULT: {}
COMMAND: GET /session/fcfdec3f19b04732468f3b81cff77eec/screenshot - {}
RESULT: {}
COMMAND: POST /session/fcfdec3f19b04732468f3b81cff77eec/element - {"using":"xpath","value":"//span[contains(text(), \"Instructions\")]"}
RESULT: {"using":"xpath","value":"//span[contains(text(), \"Instructions\")]"}
COMMAND: POST /session/fcfdec3f19b04732468f3b81cff77eec/element/f.4917B356C9E108E3489CB9DCB9E54F9E.d.FA8F4B7A162AEA5FB17464D915ABC529.e.23049/click - {}
RESULT: {}
COMMAND: GET /session/fcfdec3f19b04732468f3b81cff77eec/screenshot - {}
RESULT: {}
COMMAND: POST /session/fcfdec3f19b04732468f3b81cff77eec/element - {"using":"xpath","value":"//span[contains(text(), \"Instructions\")]"}
RESULT: {"using":"xpath","value":"//span[contains(text(), \"Instructions\")]"}
COMMAND: POST /session/fcfdec3f19b04732468f3b81cff77eec/element/f.4917B356C9E108E3489CB9DCB9E54F9E.d.FA8F4B7A162AEA5FB17464D915ABC529.e.23049/click - {}
RESULT: {}
COMMAND: GET /session/fcfdec3f19b04732468f3b81cff77eec/screenshot - {}
RESULT: {}
COMMAND: POST /session/fcfdec3f19b04732468f3b81cff77eec/element - {"using":"xpath","value":"//button[.//bdi[text() = \"Receive\"]]"}
RESULT: {"using":"xpath","value":"//button[.//bdi[text() = \"Receive\"]]"}
COMMAND: POST /session/fcfdec3f19b04732468f3b81cff77eec/element/f.4917B356C9E108E3489CB9DCB9E54F9E.d.FA8F4B7A162AEA5FB17464D915ABC529.e.23055/click - {}
RESULT: {}
COMMAND: GET /session/fcfdec3f19b04732468f3b81cff77eec/screenshot - {}
RESULT: {}
COMMAND: POST /session/fcfdec3f19b04732468f3b81cff77eec/element - {"using":"xpath","value":"//button[@data-kt= \"execHoReceiveRefuseButton\"]"}
RESULT: {"using":"xpath","value":"//button[@data-kt= \"execHoReceiveRefuseButton\"]"}
COMMAND: POST /session/fcfdec3f19b04732468f3b81cff77eec/element/f.4917B356C9E108E3489CB9DCB9E54F9E.d.FA8F4B7A162AEA5FB17464D915ABC529.e.23057/click - {}
RESULT: {}
COMMAND: GET /session/fcfdec3f19b04732468f3b81cff77eec/screenshot - {}
RESULT: {}
COMMAND: POST /session/fcfdec3f19b04732468f3b81cff77eec/element - {"using":"css selector","value":"#shell-header-logo"}
RESULT: {"using":"css selector","value":"#shell-header-logo"}
COMMAND: POST /session/fcfdec3f19b04732468f3b81cff77eec/element/f.4917B356C9E108E3489CB9DCB9E54F9E.d.FA8F4B7A162AEA5FB17464D915ABC529.e.22827/click - {}
RESULT: {}
COMMAND: GET /session/fcfdec3f19b04732468f3b81cff77eec/screenshot - {}
RESULT: {}
]]></system-out>
    </testcase>
    <testcase classname="chrome.136_0_7103_93.windows.Return_from_Site_w/_warehouse_management_w_clarification" name="Should do a return to site from the contracts screen in one step" time="232.759">
      <system-out><![CDATA[
RESULT: undefined
COMMAND: POST /session/fcfdec3f19b04732468f3b81cff77eec/element - {"using":"xpath","value":"//*[@id=\"__tile130\"]"}
RESULT: {"using":"xpath","value":"//*[@id=\"__tile130\"]"}
COMMAND: POST /session/fcfdec3f19b04732468f3b81cff77eec/element/f.4917B356C9E108E3489CB9DCB9E54F9E.d.FA8F4B7A162AEA5FB17464D915ABC529.e.21212/click - {}
RESULT: {}
COMMAND: GET /session/fcfdec3f19b04732468f3b81cff77eec/screenshot - {}
RESULT: {}
COMMAND: POST /session/fcfdec3f19b04732468f3b81cff77eec/elements - {"using":"xpath","value":"//span[text()='Error']"}
RESULT: {"using":"xpath","value":"//span[text()='Error']"}
COMMAND: POST /session/fcfdec3f19b04732468f3b81cff77eec/element - {"using":"xpath","value":"//button[@data-kt=\"addButton\"]"}
RESULT: {"using":"xpath","value":"//button[@data-kt=\"addButton\"]"}
COMMAND: POST /session/fcfdec3f19b04732468f3b81cff77eec/elements - {"using":"xpath","value":"//button[@data-kt=\"addButton\"]"}
RESULT: {"using":"xpath","value":"//button[@data-kt=\"addButton\"]"}
COMMAND: POST /session/fcfdec3f19b04732468f3b81cff77eec/execute/sync - {"script":"<script> [8489 bytes]","args":[{"element-6066-11e4-a52e-4f735466cecf":"f.4917B356C9E108E3489CB9DCB9E54F9E.d.FA8F4B7A162AEA5FB17464D915ABC529.e.23148","ELEMENT":"f.4917B356C9E108E3489CB9DCB9E54F9E.d.FA8F4B7A162AEA5FB17464D915ABC529.e.23148"}]}
RESULT: {"script":"<script> [8489 bytes]","args":[{"element-6066-11e4-a52e-4f735466cecf":"f.4917B356C9E108E3489CB9DCB9E54F9E.d.FA8F4B7A162AEA5FB17464D915ABC529.e.23148","ELEMENT":"f.4917B356C9E108E3489CB9DCB9E54F9E.d.FA8F4B7A162AEA5FB17464D915ABC529.e.23148"}]}
COMMAND: GET /session/fcfdec3f19b04732468f3b81cff77eec/element/f.4917B356C9E108E3489CB9DCB9E54F9E.d.FA8F4B7A162AEA5FB17464D915ABC529.e.23148/enabled - {}
COMMAND: GET /session/fcfdec3f19b04732468f3b81cff77eec/screenshot - {}
RESULT: {}
COMMAND: POST /session/fcfdec3f19b04732468f3b81cff77eec/execute/sync - {"script":"<script> [8489 bytes]","args":[{"element-6066-11e4-a52e-4f735466cecf":"f.4917B356C9E108E3489CB9DCB9E54F9E.d.FA8F4B7A162AEA5FB17464D915ABC529.e.23148","ELEMENT":"f.4917B356C9E108E3489CB9DCB9E54F9E.d.FA8F4B7A162AEA5FB17464D915ABC529.e.23148"}]}
COMMAND: GET /session/fcfdec3f19b04732468f3b81cff77eec/screenshot - {}
RESULT: {}
RESULT: {"script":"<script> [8489 bytes]","args":[{"element-6066-11e4-a52e-4f735466cecf":"f.4917B356C9E108E3489CB9DCB9E54F9E.d.FA8F4B7A162AEA5FB17464D915ABC529.e.23148","ELEMENT":"f.4917B356C9E108E3489CB9DCB9E54F9E.d.FA8F4B7A162AEA5FB17464D915ABC529.e.23148"}]}
COMMAND: POST /session/fcfdec3f19b04732468f3b81cff77eec/execute/sync - {"script":"<script> [5351 bytes]","args":[{"element-6066-11e4-a52e-4f735466cecf":"f.4917B356C9E108E3489CB9DCB9E54F9E.d.FA8F4B7A162AEA5FB17464D915ABC529.e.23148","ELEMENT":"f.4917B356C9E108E3489CB9DCB9E54F9E.d.FA8F4B7A162AEA5FB17464D915ABC529.e.23148"}]}
COMMAND: GET /session/fcfdec3f19b04732468f3b81cff77eec/screenshot - {}
RESULT: {}
RESULT: {"script":"<script> [5351 bytes]","args":[{"element-6066-11e4-a52e-4f735466cecf":"f.4917B356C9E108E3489CB9DCB9E54F9E.d.FA8F4B7A162AEA5FB17464D915ABC529.e.23148","ELEMENT":"f.4917B356C9E108E3489CB9DCB9E54F9E.d.FA8F4B7A162AEA5FB17464D915ABC529.e.23148"}]}
COMMAND: GET /session/fcfdec3f19b04732468f3b81cff77eec/screenshot - {}
RESULT: {}
RESULT: {}
COMMAND: POST /session/fcfdec3f19b04732468f3b81cff77eec/element - {"using":"xpath","value":"//input[contains(@id ,\"smartContractFilterBar-btnBasicSearch-I\")]"}
RESULT: {"using":"xpath","value":"//input[contains(@id ,\"smartContractFilterBar-btnBasicSearch-I\")]"}
COMMAND: POST /session/fcfdec3f19b04732468f3b81cff77eec/elements - {"using":"xpath","value":"//input[contains(@id ,\"smartContractFilterBar-btnBasicSearch-I\")]"}
RESULT: {"using":"xpath","value":"//input[contains(@id ,\"smartContractFilterBar-btnBasicSearch-I\")]"}
COMMAND: POST /session/fcfdec3f19b04732468f3b81cff77eec/execute/sync - {"script":"<script> [8489 bytes]","args":[{"element-6066-11e4-a52e-4f735466cecf":"f.4917B356C9E108E3489CB9DCB9E54F9E.d.FA8F4B7A162AEA5FB17464D915ABC529.e.23108","ELEMENT":"f.4917B356C9E108E3489CB9DCB9E54F9E.d.FA8F4B7A162AEA5FB17464D915ABC529.e.23108"}]}
RESULT: {"script":"<script> [8489 bytes]","args":[{"element-6066-11e4-a52e-4f735466cecf":"f.4917B356C9E108E3489CB9DCB9E54F9E.d.FA8F4B7A162AEA5FB17464D915ABC529.e.23108","ELEMENT":"f.4917B356C9E108E3489CB9DCB9E54F9E.d.FA8F4B7A162AEA5FB17464D915ABC529.e.23108"}]}
COMMAND: GET /session/fcfdec3f19b04732468f3b81cff77eec/element/f.4917B356C9E108E3489CB9DCB9E54F9E.d.FA8F4B7A162AEA5FB17464D915ABC529.e.23108/enabled - {}
COMMAND: GET /session/fcfdec3f19b04732468f3b81cff77eec/screenshot - {}
RESULT: {}
COMMAND: POST /session/fcfdec3f19b04732468f3b81cff77eec/element/f.4917B356C9E108E3489CB9DCB9E54F9E.d.FA8F4B7A162AEA5FB17464D915ABC529.e.23108/clear - {}
COMMAND: GET /session/fcfdec3f19b04732468f3b81cff77eec/screenshot - {}
RESULT: {}
RESULT: {}
COMMAND: POST /session/fcfdec3f19b04732468f3b81cff77eec/element/f.4917B356C9E108E3489CB9DCB9E54F9E.d.FA8F4B7A162AEA5FB17464D915ABC529.e.23108/value - {"text":"10190"}
COMMAND: GET /session/fcfdec3f19b04732468f3b81cff77eec/screenshot - {}
RESULT: {}
RESULT: {"text":"10190"}
COMMAND: GET /session/fcfdec3f19b04732468f3b81cff77eec/screenshot - {}
RESULT: {}
RESULT: {}
COMMAND: POST /session/fcfdec3f19b04732468f3b81cff77eec/actions - {"actions":[{"id":"action71","type":"key","parameters":{},"actions":[{"type":"keyDown","value":""},{"type":"pause","duration":10},{"type":"keyUp","value":""}]}]}
RESULT: {"actions":[{"id":"action71","type":"key","parameters":{},"actions":[{"type":"keyDown","value":""},{"type":"pause","duration":10},{"type":"keyUp","value":""}]}]}
COMMAND: GET /session/fcfdec3f19b04732468f3b81cff77eec/screenshot - {}
RESULT: {}
COMMAND: POST /session/fcfdec3f19b04732468f3b81cff77eec/element - {"using":"xpath","value":"//span[contains(@id, \"masterListContractsSmartTable-header-inner\")]"}
RESULT: {"using":"xpath","value":"//span[contains(@id, \"masterListContractsSmartTable-header-inner\")]"}
COMMAND: POST /session/fcfdec3f19b04732468f3b81cff77eec/elements - {"using":"xpath","value":"//span[contains(@id, \"masterListContractsSmartTable-header-inner\")]"}
RESULT: {"using":"xpath","value":"//span[contains(@id, \"masterListContractsSmartTable-header-inner\")]"}
COMMAND: POST /session/fcfdec3f19b04732468f3b81cff77eec/execute/sync - {"script":"<script> [56 bytes]","args":[{"element-6066-11e4-a52e-4f735466cecf":"f.4917B356C9E108E3489CB9DCB9E54F9E.d.FA8F4B7A162AEA5FB17464D915ABC529.e.23200","ELEMENT":"f.4917B356C9E108E3489CB9DCB9E54F9E.d.FA8F4B7A162AEA5FB17464D915ABC529.e.23200"}]}
RESULT: {"script":"<script> [56 bytes]","args":[{"element-6066-11e4-a52e-4f735466cecf":"f.4917B356C9E108E3489CB9DCB9E54F9E.d.FA8F4B7A162AEA5FB17464D915ABC529.e.23200","ELEMENT":"f.4917B356C9E108E3489CB9DCB9E54F9E.d.FA8F4B7A162AEA5FB17464D915ABC529.e.23200"}]}
COMMAND: POST /session/fcfdec3f19b04732468f3b81cff77eec/element - {"using":"xpath","value":"(//span[contains(@id, \"imgNav\")])[1]"}
COMMAND: GET /session/fcfdec3f19b04732468f3b81cff77eec/screenshot - {}
RESULT: {"using":"xpath","value":"(//span[contains(@id, \"imgNav\")])[1]"}
COMMAND: POST /session/fcfdec3f19b04732468f3b81cff77eec/element/f.4917B356C9E108E3489CB9DCB9E54F9E.d.FA8F4B7A162AEA5FB17464D915ABC529.e.23199/click - {}
RESULT: {}
RESULT: {}
COMMAND: GET /session/fcfdec3f19b04732468f3b81cff77eec/screenshot - {}
RESULT: {}
COMMAND: POST /session/fcfdec3f19b04732468f3b81cff77eec/element - {"using":"xpath","value":"//button[contains(@id, \"contractDetailReturnButton\")]"}
RESULT: {"using":"xpath","value":"//button[contains(@id, \"contractDetailReturnButton\")]"}
COMMAND: POST /session/fcfdec3f19b04732468f3b81cff77eec/element/f.4917B356C9E108E3489CB9DCB9E54F9E.d.FA8F4B7A162AEA5FB17464D915ABC529.e.23260/click - {}
RESULT: {}
COMMAND: GET /session/fcfdec3f19b04732468f3b81cff77eec/screenshot - {}
RESULT: undefined
COMMAND: POST /session/fcfdec3f19b04732468f3b81cff77eec/execute/async - {"script":"<script> [6424 bytes]","args":[{"element-6066-11e4-a52e-4f735466cecf":"f.4917B356C9E108E3489CB9DCB9E54F9E.d.FA8F4B7A162AEA5FB17464D915ABC529.e.20804"},"setValue",["05/24/25"]]}
RESULT: {}
COMMAND: POST /session/fcfdec3f19b04732468f3b81cff77eec/execute/async - {"script":"<script> [1562 bytes]","args":[{"selector":{"id":"application-managehandovers-display-component---AddNewHO--dueDate","interaction":{"idSuffix":"inner"}},"wdio_ui5_key":"applicationmanagehandovers-display-component---AddNewHO--dueDate"}]}
RESULT: {"script":"<script> [1562 bytes]","args":[{"selector":{"id":"application-managehandovers-display-component---AddNewHO--dueDate","interaction":{"idSuffix":"inner"}},"wdio_ui5_key":"applicationmanagehandovers-display-component---AddNewHO--dueDate"}]}
COMMAND: POST /session/fcfdec3f19b04732468f3b81cff77eec/execute/async - {"script":"<script> [6424 bytes]","args":[{"element-6066-11e4-a52e-4f735466cecf":"f.4917B356C9E108E3489CB9DCB9E54F9E.d.FA8F4B7A162AEA5FB17464D915ABC529.e.23433"},"setValue",["05/24/25"]]}
RESULT: {"script":"<script> [6424 bytes]","args":[{"element-6066-11e4-a52e-4f735466cecf":"f.4917B356C9E108E3489CB9DCB9E54F9E.d.FA8F4B7A162AEA5FB17464D915ABC529.e.23433"},"setValue",["05/24/25"]]}
COMMAND: POST /session/fcfdec3f19b04732468f3b81cff77eec/element - {"using":"xpath","value":"//bdi[contains(text(), \"Instructions\")]"}
RESULT: {"using":"xpath","value":"//bdi[contains(text(), \"Instructions\")]"}
COMMAND: POST /session/fcfdec3f19b04732468f3b81cff77eec/element/f.4917B356C9E108E3489CB9DCB9E54F9E.d.FA8F4B7A162AEA5FB17464D915ABC529.e.23666/click - {}
RESULT: {}
COMMAND: GET /session/fcfdec3f19b04732468f3b81cff77eec/screenshot - {}
RESULT: {}
COMMAND: POST /session/fcfdec3f19b04732468f3b81cff77eec/element - {"using":"xpath","value":"//button[@data-kt=\"AddNewHOProvideAddItemsButton\"]"}
RESULT: {"using":"xpath","value":"//button[@data-kt=\"AddNewHOProvideAddItemsButton\"]"}
COMMAND: POST /session/fcfdec3f19b04732468f3b81cff77eec/element/f.4917B356C9E108E3489CB9DCB9E54F9E.d.FA8F4B7A162AEA5FB17464D915ABC529.e.23467/click - {}
RESULT: {}
COMMAND: GET /session/fcfdec3f19b04732468f3b81cff77eec/screenshot - {}
RESULT: {}
RESULT: undefined
COMMAND: POST /session/fcfdec3f19b04732468f3b81cff77eec/element - {"using":"xpath","value":"//*[@id=\"application-managehandovers-display-component---AddNewHO--popup-sa\"]"}
RESULT: {"using":"xpath","value":"//*[@id=\"application-managehandovers-display-component---AddNewHO--popup-sa\"]"}
COMMAND: POST /session/fcfdec3f19b04732468f3b81cff77eec/element/f.4917B356C9E108E3489CB9DCB9E54F9E.d.FA8F4B7A162AEA5FB17464D915ABC529.e.23684/click - {}
RESULT: {}
COMMAND: GET /session/fcfdec3f19b04732468f3b81cff77eec/screenshot - {}
RESULT: {}
COMMAND: POST /session/fcfdec3f19b04732468f3b81cff77eec/element - {"using":"xpath","value":"//*[contains(@id ,\"BDI-content\")][contains(text(), \"Select\")]"}
RESULT: {"using":"xpath","value":"//*[contains(@id ,\"BDI-content\")][contains(text(), \"Select\")]"}
COMMAND: POST /session/fcfdec3f19b04732468f3b81cff77eec/element/f.4917B356C9E108E3489CB9DCB9E54F9E.d.FA8F4B7A162AEA5FB17464D915ABC529.e.23686/click - {}
RESULT: {}
COMMAND: GET /session/fcfdec3f19b04732468f3b81cff77eec/screenshot - {}
RESULT: {}
COMMAND: POST /session/fcfdec3f19b04732468f3b81cff77eec/element - {"using":"xpath","value":"//bdi[(text() = 'Save' or . = 'Save')]"}
RESULT: {"using":"xpath","value":"//bdi[(text() = 'Save' or . = 'Save')]"}
COMMAND: POST /session/fcfdec3f19b04732468f3b81cff77eec/element/f.4917B356C9E108E3489CB9DCB9E54F9E.d.FA8F4B7A162AEA5FB17464D915ABC529.e.23694/click - {}
RESULT: {}
COMMAND: GET /session/fcfdec3f19b04732468f3b81cff77eec/screenshot - {}
RESULT: {}
COMMAND: POST /session/fcfdec3f19b04732468f3b81cff77eec/element - {"using":"xpath","value":"//a[@data-kt=\"execHoWhMovementLink\"]"}
RESULT: {"using":"xpath","value":"//a[@data-kt=\"execHoWhMovementLink\"]"}
COMMAND: POST /session/fcfdec3f19b04732468f3b81cff77eec/element/f.4917B356C9E108E3489CB9DCB9E54F9E.d.FA8F4B7A162AEA5FB17464D915ABC529.e.23740/click - {}
RESULT: {}
COMMAND: GET /session/fcfdec3f19b04732468f3b81cff77eec/screenshot - {}
RESULT: {}
COMMAND: POST /session/fcfdec3f19b04732468f3b81cff77eec/element - {"using":"xpath","value":"(//div[contains(@class, \"sapMPopover\") and .//div[contains(@style, \"display: block\")]])[last()]//a"}
RESULT: {"using":"xpath","value":"(//div[contains(@class, \"sapMPopover\") and .//div[contains(@style, \"display: block\")]])[last()]//a"}
COMMAND: POST /session/fcfdec3f19b04732468f3b81cff77eec/element/f.4917B356C9E108E3489CB9DCB9E54F9E.d.FA8F4B7A162AEA5FB17464D915ABC529.e.23744/click - {}
RESULT: {}
COMMAND: GET /session/fcfdec3f19b04732468f3b81cff77eec/screenshot - {}
COMMAND: POST /session/fcfdec3f19b04732468f3b81cff77eec/element - {"using":"xpath","value":"//button[@data-kt=\"executionButton\"]"}
RESULT: {}
RESULT: {"using":"xpath","value":"//button[@data-kt=\"executionButton\"]"}
COMMAND: POST /session/fcfdec3f19b04732468f3b81cff77eec/element/f.4917B356C9E108E3489CB9DCB9E54F9E.d.FA8F4B7A162AEA5FB17464D915ABC529.e.23869/click - {}
RESULT: {}
COMMAND: GET /session/fcfdec3f19b04732468f3b81cff77eec/screenshot - {}
RESULT: {}
COMMAND: POST /session/fcfdec3f19b04732468f3b81cff77eec/element - {"using":"xpath","value":"//button[contains(@id,\"executeMovement--itemsSection-anchor\")]"}
RESULT: {"using":"xpath","value":"//button[contains(@id,\"executeMovement--itemsSection-anchor\")]"}
COMMAND: POST /session/fcfdec3f19b04732468f3b81cff77eec/element/f.4917B356C9E108E3489CB9DCB9E54F9E.d.FA8F4B7A162AEA5FB17464D915ABC529.e.23966/click - {}
RESULT: {}
COMMAND: GET /session/fcfdec3f19b04732468f3b81cff77eec/screenshot - {}
RESULT: {}
COMMAND: POST /session/fcfdec3f19b04732468f3b81cff77eec/element - {"using":"xpath","value":"//table[contains(@id,\"executeMovement--movementItemsTbl-listUl\")]/tbody/tr[1]/td[2]/button"}
RESULT: {"using":"xpath","value":"//table[contains(@id,\"executeMovement--movementItemsTbl-listUl\")]/tbody/tr[1]/td[2]/button"}
COMMAND: POST /session/fcfdec3f19b04732468f3b81cff77eec/element/f.4917B356C9E108E3489CB9DCB9E54F9E.d.FA8F4B7A162AEA5FB17464D915ABC529.e.23939/click - {}
RESULT: {}
COMMAND: GET /session/fcfdec3f19b04732468f3b81cff77eec/screenshot - {}
RESULT: {}
COMMAND: POST /session/fcfdec3f19b04732468f3b81cff77eec/element - {"using":"xpath","value":"//table[contains(@id,\"executeMovement--movementItemsTbl-listUl\")]/tbody/tr[1]/td[2]/button"}
RESULT: {"using":"xpath","value":"//table[contains(@id,\"executeMovement--movementItemsTbl-listUl\")]/tbody/tr[1]/td[2]/button"}
COMMAND: POST /session/fcfdec3f19b04732468f3b81cff77eec/element/f.4917B356C9E108E3489CB9DCB9E54F9E.d.FA8F4B7A162AEA5FB17464D915ABC529.e.23939/click - {}
RESULT: {}
COMMAND: GET /session/fcfdec3f19b04732468f3b81cff77eec/screenshot - {}
RESULT: {}
COMMAND: POST /session/fcfdec3f19b04732468f3b81cff77eec/element - {"using":"xpath","value":"//section[contains(@id,\"FC-NoHead\")]/div[1]/div[5]/div[2]/span"}
RESULT: {"using":"xpath","value":"//section[contains(@id,\"FC-NoHead\")]/div[1]/div[5]/div[2]/span"}
COMMAND: POST /session/fcfdec3f19b04732468f3b81cff77eec/elements - {"using":"xpath","value":"//section[contains(@id,\"FC-NoHead\")]/div[1]/div[5]/div[2]/span"}
RESULT: {"using":"xpath","value":"//section[contains(@id,\"FC-NoHead\")]/div[1]/div[5]/div[2]/span"}
COMMAND: POST /session/fcfdec3f19b04732468f3b81cff77eec/execute/sync - {"script":"<script> [56 bytes]","args":[{"element-6066-11e4-a52e-4f735466cecf":"f.4917B356C9E108E3489CB9DCB9E54F9E.d.FA8F4B7A162AEA5FB17464D915ABC529.e.23972","ELEMENT":"f.4917B356C9E108E3489CB9DCB9E54F9E.d.FA8F4B7A162AEA5FB17464D915ABC529.e.23972"}]}
RESULT: {"script":"<script> [56 bytes]","args":[{"element-6066-11e4-a52e-4f735466cecf":"f.4917B356C9E108E3489CB9DCB9E54F9E.d.FA8F4B7A162AEA5FB17464D915ABC529.e.23972","ELEMENT":"f.4917B356C9E108E3489CB9DCB9E54F9E.d.FA8F4B7A162AEA5FB17464D915ABC529.e.23972"}]}
COMMAND: POST /session/fcfdec3f19b04732468f3b81cff77eec/actions - {"actions":[{"id":"action72","type":"key","parameters":{},"actions":[{"type":"keyDown","value":""},{"type":"pause","duration":10},{"type":"keyUp","value":""}]}]}
COMMAND: GET /session/fcfdec3f19b04732468f3b81cff77eec/screenshot - {}
RESULT: {"actions":[{"id":"action72","type":"key","parameters":{},"actions":[{"type":"keyDown","value":""},{"type":"pause","duration":10},{"type":"keyUp","value":""}]}]}
COMMAND: POST /session/fcfdec3f19b04732468f3b81cff77eec/element - {"using":"xpath","value":"//button[contains(@id,\"executeMovement--executeId\")]"}
COMMAND: GET /session/fcfdec3f19b04732468f3b81cff77eec/screenshot - {}
RESULT: {}
RESULT: {"using":"xpath","value":"//button[contains(@id,\"executeMovement--executeId\")]"}
COMMAND: POST /session/fcfdec3f19b04732468f3b81cff77eec/element/f.4917B356C9E108E3489CB9DCB9E54F9E.d.FA8F4B7A162AEA5FB17464D915ABC529.e.23954/click - {}
RESULT: {}
RESULT: {}
COMMAND: GET /session/fcfdec3f19b04732468f3b81cff77eec/screenshot - {}
RESULT: {}
COMMAND: POST /session/fcfdec3f19b04732468f3b81cff77eec/element - {"using":"css selector","value":"#shell-header-logo"}
RESULT: {"using":"css selector","value":"#shell-header-logo"}
COMMAND: POST /session/fcfdec3f19b04732468f3b81cff77eec/element/f.4917B356C9E108E3489CB9DCB9E54F9E.d.FA8F4B7A162AEA5FB17464D915ABC529.e.23099/click - {}
RESULT: {}
COMMAND: GET /session/fcfdec3f19b04732468f3b81cff77eec/screenshot - {}
RESULT: {}
RESULT: undefined
COMMAND: POST /session/fcfdec3f19b04732468f3b81cff77eec/element - {"using":"xpath","value":"//*[@id=\"__tile132\"]"}
RESULT: {"using":"xpath","value":"//*[@id=\"__tile132\"]"}
COMMAND: POST /session/fcfdec3f19b04732468f3b81cff77eec/element/f.4917B356C9E108E3489CB9DCB9E54F9E.d.FA8F4B7A162AEA5FB17464D915ABC529.e.20405/click - {}
RESULT: {}
COMMAND: GET /session/fcfdec3f19b04732468f3b81cff77eec/screenshot - {}
RESULT: {}
COMMAND: POST /session/fcfdec3f19b04732468f3b81cff77eec/elements - {"using":"xpath","value":"//span[text()='Error']"}
RESULT: {"using":"xpath","value":"//span[text()='Error']"}
RESULT: undefined
COMMAND: POST /session/fcfdec3f19b04732468f3b81cff77eec/execute/async - {"script":"<script> [776 bytes]","args":[{"enterText":"30385","selector":{"controlType":"sap.m.SearchField","viewName":"etm.portal.ui.managehandovers.view.MasterHO","bindingPath":{"propertyPath":"/_BASIC_SEARCH_FIELD","modelName":"fi1t3rM0d31"},"interaction":{"idSuffix":"I"}},"clearTextFirst":true,"interactionType":"ENTER_TEXT"}]}
RESULT: {"script":"<script> [776 bytes]","args":[{"enterText":"30385","selector":{"controlType":"sap.m.SearchField","viewName":"etm.portal.ui.managehandovers.view.MasterHO","bindingPath":{"propertyPath":"/_BASIC_SEARCH_FIELD","modelName":"fi1t3rM0d31"},"interaction":{"idSuffix":"I"}},"clearTextFirst":true,"interactionType":"ENTER_TEXT"}]}
COMMAND: POST /session/fcfdec3f19b04732468f3b81cff77eec/actions - {"actions":[{"id":"action73","type":"key","parameters":{},"actions":[{"type":"keyDown","value":""},{"type":"pause","duration":10},{"type":"keyUp","value":""}]}]}
RESULT: {"actions":[{"id":"action73","type":"key","parameters":{},"actions":[{"type":"keyDown","value":""},{"type":"pause","duration":10},{"type":"keyUp","value":""}]}]}
COMMAND: GET /session/fcfdec3f19b04732468f3b81cff77eec/screenshot - {}
RESULT: {}
COMMAND: POST /session/fcfdec3f19b04732468f3b81cff77eec/element - {"using":"xpath","value":"(//span[contains(@id, \"imgNav\")])[1]"}
RESULT: {"using":"xpath","value":"(//span[contains(@id, \"imgNav\")])[1]"}
COMMAND: POST /session/fcfdec3f19b04732468f3b81cff77eec/element/f.4917B356C9E108E3489CB9DCB9E54F9E.d.FA8F4B7A162AEA5FB17464D915ABC529.e.24131/click - {}
RESULT: {}
COMMAND: GET /session/fcfdec3f19b04732468f3b81cff77eec/screenshot - {}
RESULT: {}
COMMAND: POST /session/fcfdec3f19b04732468f3b81cff77eec/element - {"using":"xpath","value":"//button[@data-kt=\"IssuingTableConfirmAllButton\"]"}
RESULT: {"using":"xpath","value":"//button[@data-kt=\"IssuingTableConfirmAllButton\"]"}
COMMAND: POST /session/fcfdec3f19b04732468f3b81cff77eec/element/f.4917B356C9E108E3489CB9DCB9E54F9E.d.FA8F4B7A162AEA5FB17464D915ABC529.e.24228/click - {}
RESULT: {}
COMMAND: GET /session/fcfdec3f19b04732468f3b81cff77eec/screenshot - {}
RESULT: {}
COMMAND: POST /session/fcfdec3f19b04732468f3b81cff77eec/element - {"using":"xpath","value":"//bdi[contains(text(), \"OK\")]"}
RESULT: {"using":"xpath","value":"//bdi[contains(text(), \"OK\")]"}
COMMAND: POST /session/fcfdec3f19b04732468f3b81cff77eec/element/f.4917B356C9E108E3489CB9DCB9E54F9E.d.FA8F4B7A162AEA5FB17464D915ABC529.e.24238/click - {}
RESULT: {}
COMMAND: GET /session/fcfdec3f19b04732468f3b81cff77eec/screenshot - {}
RESULT: {}
COMMAND: POST /session/fcfdec3f19b04732468f3b81cff77eec/element - {"using":"xpath","value":"//button[@data-kt=\"execHoIssueButton\"]"}
RESULT: {"using":"xpath","value":"//button[@data-kt=\"execHoIssueButton\"]"}
COMMAND: POST /session/fcfdec3f19b04732468f3b81cff77eec/element/f.4917B356C9E108E3489CB9DCB9E54F9E.d.FA8F4B7A162AEA5FB17464D915ABC529.e.24239/click - {}
RESULT: {}
COMMAND: GET /session/fcfdec3f19b04732468f3b81cff77eec/screenshot - {}
RESULT: {}
RESULT: undefined
COMMAND: POST /session/fcfdec3f19b04732468f3b81cff77eec/execute/async - {"script":"<script> [776 bytes]","args":[{"enterText":"30385","selector":{"controlType":"sap.m.SearchField","viewName":"etm.portal.ui.managehandovers.view.MasterHO","bindingPath":{"propertyPath":"/_BASIC_SEARCH_FIELD","modelName":"fi1t3rM0d31"},"interaction":{"idSuffix":"I"}},"clearTextFirst":true,"interactionType":"ENTER_TEXT"}]}
RESULT: {"script":"<script> [776 bytes]","args":[{"enterText":"30385","selector":{"controlType":"sap.m.SearchField","viewName":"etm.portal.ui.managehandovers.view.MasterHO","bindingPath":{"propertyPath":"/_BASIC_SEARCH_FIELD","modelName":"fi1t3rM0d31"},"interaction":{"idSuffix":"I"}},"clearTextFirst":true,"interactionType":"ENTER_TEXT"}]}
COMMAND: POST /session/fcfdec3f19b04732468f3b81cff77eec/actions - {"actions":[{"id":"action74","type":"key","parameters":{},"actions":[{"type":"keyDown","value":""},{"type":"pause","duration":10},{"type":"keyUp","value":""}]}]}
RESULT: {"actions":[{"id":"action74","type":"key","parameters":{},"actions":[{"type":"keyDown","value":""},{"type":"pause","duration":10},{"type":"keyUp","value":""}]}]}
COMMAND: GET /session/fcfdec3f19b04732468f3b81cff77eec/screenshot - {}
RESULT: {}
COMMAND: POST /session/fcfdec3f19b04732468f3b81cff77eec/element - {"using":"xpath","value":"(//span[contains(@id, \"imgNav\")])[1]"}
RESULT: {"using":"xpath","value":"(//span[contains(@id, \"imgNav\")])[1]"}
COMMAND: POST /session/fcfdec3f19b04732468f3b81cff77eec/element/f.4917B356C9E108E3489CB9DCB9E54F9E.d.FA8F4B7A162AEA5FB17464D915ABC529.e.24283/click - {}
RESULT: {}
COMMAND: GET /session/fcfdec3f19b04732468f3b81cff77eec/screenshot - {}
RESULT: {}
COMMAND: POST /session/fcfdec3f19b04732468f3b81cff77eec/execute/async - {"script":"<script> [1562 bytes]","args":[{"selector":{"id":"application-managehandovers-display-component---detailManageHO--completedItemsTableTitle"},"wdio_ui5_key":"applicationmanagehandovers-display-component---detailManageHO--completedItemsTableTitle"}]}
RESULT: {"script":"<script> [1562 bytes]","args":[{"selector":{"id":"application-managehandovers-display-component---detailManageHO--completedItemsTableTitle"},"wdio_ui5_key":"applicationmanagehandovers-display-component---detailManageHO--completedItemsTableTitle"}]}
RESULT: undefined
COMMAND: POST /session/fcfdec3f19b04732468f3b81cff77eec/execute/async - {"script":"<script> [6424 bytes]","args":[{"element-6066-11e4-a52e-4f735466cecf":"f.4917B356C9E108E3489CB9DCB9E54F9E.d.FA8F4B7A162AEA5FB17464D915ABC529.e.24334"},"getText",[]]}
RESULT: {"script":"<script> [6424 bytes]","args":[{"element-6066-11e4-a52e-4f735466cecf":"f.4917B356C9E108E3489CB9DCB9E54F9E.d.FA8F4B7A162AEA5FB17464D915ABC529.e.24334"},"getText",[]]}
COMMAND: POST /session/fcfdec3f19b04732468f3b81cff77eec/element - {"using":"xpath","value":"//div[contains(@id, \"detailManageHO--headerContentForm--FC-NoHead-content\")]/div[4]/div[2]/div/span"}
RESULT: {"using":"xpath","value":"//div[contains(@id, \"detailManageHO--headerContentForm--FC-NoHead-content\")]/div[4]/div[2]/div/span"}
COMMAND: POST /session/fcfdec3f19b04732468f3b81cff77eec/execute/sync - {"script":"<script> [56 bytes]","args":[{"element-6066-11e4-a52e-4f735466cecf":"f.4917B356C9E108E3489CB9DCB9E54F9E.d.FA8F4B7A162AEA5FB17464D915ABC529.e.24335","ELEMENT":"f.4917B356C9E108E3489CB9DCB9E54F9E.d.FA8F4B7A162AEA5FB17464D915ABC529.e.24335"}]}
RESULT: {"script":"<script> [56 bytes]","args":[{"element-6066-11e4-a52e-4f735466cecf":"f.4917B356C9E108E3489CB9DCB9E54F9E.d.FA8F4B7A162AEA5FB17464D915ABC529.e.24335","ELEMENT":"f.4917B356C9E108E3489CB9DCB9E54F9E.d.FA8F4B7A162AEA5FB17464D915ABC529.e.24335"}]}
COMMAND: GET /session/fcfdec3f19b04732468f3b81cff77eec/screenshot - {}
RESULT: {}
COMMAND: POST /session/fcfdec3f19b04732468f3b81cff77eec/element - {"using":"css selector","value":"#shell-header-logo"}
RESULT: {"using":"css selector","value":"#shell-header-logo"}
COMMAND: POST /session/fcfdec3f19b04732468f3b81cff77eec/element/f.4917B356C9E108E3489CB9DCB9E54F9E.d.FA8F4B7A162AEA5FB17464D915ABC529.e.24021/click - {}
RESULT: {}
COMMAND: GET /session/fcfdec3f19b04732468f3b81cff77eec/screenshot - {}
RESULT: {}
COMMAND: POST /session/fcfdec3f19b04732468f3b81cff77eec/element - {"using":"css selector","value":"#j_username"}
COMMAND: POST /session/fcfdec3f19b04732468f3b81cff77eec/url - {"url":"https://qa-testing-00-live-etm-ui.cfapps.eu10-004.hana.ondemand.com/"}
RESULT: {"using":"css selector","value":"#j_username"}
COMMAND: POST /session/fcfdec3f19b04732468f3b81cff77eec/element - {"using":"css selector","value":"#j_username"}
RESULT: {"url":"https://qa-testing-00-live-etm-ui.cfapps.eu10-004.hana.ondemand.com/"}
RESULT: undefined
COMMAND: GET /session/fcfdec3f19b04732468f3b81cff77eec/screenshot - {}
RESULT: {"using":"css selector","value":"#j_username"}
COMMAND: POST /session/fcfdec3f19b04732468f3b81cff77eec/element - {"using":"css selector","value":"#shell-header-logo"}
RESULT: {}
RESULT: {"using":"css selector","value":"#shell-header-logo"}
COMMAND: POST /session/fcfdec3f19b04732468f3b81cff77eec/execute/sync - {"script":"<script> [8489 bytes]","args":[{"element-6066-11e4-a52e-4f735466cecf":"f.4917B356C9E108E3489CB9DCB9E54F9E.d.9D2DA69D744ACADFD35C4269ABDBC776.e.24352","ELEMENT":"f.4917B356C9E108E3489CB9DCB9E54F9E.d.9D2DA69D744ACADFD35C4269ABDBC776.e.24352"}]}
RESULT: {"script":"<script> [8489 bytes]","args":[{"element-6066-11e4-a52e-4f735466cecf":"f.4917B356C9E108E3489CB9DCB9E54F9E.d.9D2DA69D744ACADFD35C4269ABDBC776.e.24352","ELEMENT":"f.4917B356C9E108E3489CB9DCB9E54F9E.d.9D2DA69D744ACADFD35C4269ABDBC776.e.24352"}]}
COMMAND: POST /session/fcfdec3f19b04732468f3b81cff77eec/element - {"using":"css selector","value":"#shell-header-logo"}
COMMAND: GET /session/fcfdec3f19b04732468f3b81cff77eec/screenshot - {}
RESULT: {"using":"css selector","value":"#shell-header-logo"}
COMMAND: POST /session/fcfdec3f19b04732468f3b81cff77eec/execute/sync - {"script":"<script> [8489 bytes]","args":[{"element-6066-11e4-a52e-4f735466cecf":"f.4917B356C9E108E3489CB9DCB9E54F9E.d.9D2DA69D744ACADFD35C4269ABDBC776.e.24352","ELEMENT":"f.4917B356C9E108E3489CB9DCB9E54F9E.d.9D2DA69D744ACADFD35C4269ABDBC776.e.24352"}]}
RESULT: {}
RESULT: {"script":"<script> [8489 bytes]","args":[{"element-6066-11e4-a52e-4f735466cecf":"f.4917B356C9E108E3489CB9DCB9E54F9E.d.9D2DA69D744ACADFD35C4269ABDBC776.e.24352","ELEMENT":"f.4917B356C9E108E3489CB9DCB9E54F9E.d.9D2DA69D744ACADFD35C4269ABDBC776.e.24352"}]}
COMMAND: POST /session/fcfdec3f19b04732468f3b81cff77eec/execute/sync - {"script":"<script> [5351 bytes]","args":[{"element-6066-11e4-a52e-4f735466cecf":"f.4917B356C9E108E3489CB9DCB9E54F9E.d.9D2DA69D744ACADFD35C4269ABDBC776.e.24352","ELEMENT":"f.4917B356C9E108E3489CB9DCB9E54F9E.d.9D2DA69D744ACADFD35C4269ABDBC776.e.24352"}]}
COMMAND: GET /session/fcfdec3f19b04732468f3b81cff77eec/screenshot - {}
RESULT: {"script":"<script> [5351 bytes]","args":[{"element-6066-11e4-a52e-4f735466cecf":"f.4917B356C9E108E3489CB9DCB9E54F9E.d.9D2DA69D744ACADFD35C4269ABDBC776.e.24352","ELEMENT":"f.4917B356C9E108E3489CB9DCB9E54F9E.d.9D2DA69D744ACADFD35C4269ABDBC776.e.24352"}]}
COMMAND: POST /session/fcfdec3f19b04732468f3b81cff77eec/element - {"using":"css selector","value":"#shell-header-logo"}
COMMAND: GET /session/fcfdec3f19b04732468f3b81cff77eec/screenshot - {}
RESULT: {}
RESULT: {"using":"css selector","value":"#shell-header-logo"}
COMMAND: POST /session/fcfdec3f19b04732468f3b81cff77eec/element/f.4917B356C9E108E3489CB9DCB9E54F9E.d.9D2DA69D744ACADFD35C4269ABDBC776.e.24352/click - {}
RESULT: {}
RESULT: {}
COMMAND: GET /session/fcfdec3f19b04732468f3b81cff77eec/screenshot - {}
RESULT: {}
COMMAND: POST /session/fcfdec3f19b04732468f3b81cff77eec/execute/async - {"script":"<script> [189 bytes]","args":[]}
RESULT: {"script":"<script> [189 bytes]","args":[]}
COMMAND: POST /session/fcfdec3f19b04732468f3b81cff77eec/execute/async - {"script":"<script> [123 bytes]","args":[]}
RESULT: {"script":"<script> [123 bytes]","args":[]}
COMMAND: POST /session/fcfdec3f19b04732468f3b81cff77eec/timeouts - {"script":"<number>"}
RESULT: {"script":"<number>"}
COMMAND: GET /session/fcfdec3f19b04732468f3b81cff77eec/timeouts - {}
RESULT: {}
RESULT: undefined
COMMAND: POST /session/fcfdec3f19b04732468f3b81cff77eec/execute/async - {"script":"<script> [2676 bytes]","args":[]}
RESULT: {"script":"<script> [2676 bytes]","args":[]}
COMMAND: POST /session/fcfdec3f19b04732468f3b81cff77eec/execute/async - {"script":"<script> [2342 bytes]","args":[{"protocol":"http","hostname":"0.0.0.0","path":"/","capabilities":{"browserName":"chrome","goog:chromeOptions":{"binary":"C:\\Program Files\\Google\\Chrome\\Application\\chrome.exe","args":["--start-maximized"]}},"logLevel":"warn","connectionRetryTimeout":120000,"connectionRetryCount":3,"logLevels":{},"enableDirectConnect":true,"strictSSL":true,"_":"65 more keys: [\"cacheDir\",\"port\",\"requestedCapabilities\",\"automationProtocol\",\"baseUrl\",\"waitforInterval\",\"waitforTimeout\",\"onReload\",\"beforeCommand\",\"afterCommand\",\"rootDir\",\"specs\",\"suites\",\"exclude\",\"groupLogsByTestSpec\",\"excludeDriverLogs\",\"bail\",\"framework\",\"reporters\",\"services\",\"maxInstances\",\"maxInstancesPerCapability\",\"injectGlobals\",\"filesToWatch\",\"execArgv\",\"runnerEnv\",\"runner\",\"shard\",\"specFileRetries\",\"specFileRetriesDelay\",\"specFileRetriesDeferred\",\"reporterSyncInterval\",\"reporterSyncTimeout\",\"cucumberFeaturesWithLineNumbers\",\"autoCompileOpts\",\"mochaOpts\",\"jasmineOpts\",\"cucumberOpts\",\"onPrepare\",\"onWorkerStart\",\"onWorkerEnd\",\"before\",\"beforeSession\",\"beforeSuite\",\"beforeHook\",\"beforeTest\",\"afterTest\",\"afterHook\",\"afterSuite\",\"afterSession\",\"after\",\"onComplete\",\"beforeAssertion\",\"afterAssertion\",\"beforeFeature\",\"beforeScenario\",\"beforeStep\",\"afterStep\",\"afterScenario\",\"afterFeature\",\"_\",\"suite\",\"$0\",\"ignoredWorkerServices\",\"wdi5\"]"}]}
RESULT: {"script":"<script> [2342 bytes]","args":[{"protocol":"http","hostname":"0.0.0.0","path":"/","capabilities":{"browserName":"chrome","goog:chromeOptions":{"binary":"C:\\Program Files\\Google\\Chrome\\Application\\chrome.exe","args":["--start-maximized"]}},"logLevel":"warn","connectionRetryTimeout":120000,"connectionRetryCount":3,"logLevels":{},"enableDirectConnect":true,"strictSSL":true,"_":"65 more keys: [\"cacheDir\",\"port\",\"requestedCapabilities\",\"automationProtocol\",\"baseUrl\",\"waitforInterval\",\"waitforTimeout\",\"onReload\",\"beforeCommand\",\"afterCommand\",\"rootDir\",\"specs\",\"suites\",\"exclude\",\"groupLogsByTestSpec\",\"excludeDriverLogs\",\"bail\",\"framework\",\"reporters\",\"services\",\"maxInstances\",\"maxInstancesPerCapability\",\"injectGlobals\",\"filesToWatch\",\"execArgv\",\"runnerEnv\",\"runner\",\"shard\",\"specFileRetries\",\"specFileRetriesDelay\",\"specFileRetriesDeferred\",\"reporterSyncInterval\",\"reporterSyncTimeout\",\"cucumberFeaturesWithLineNumbers\",\"autoCompileOpts\",\"mochaOpts\",\"jasmineOpts\",\"cucumberOpts\",\"onPrepare\",\"onWorkerStart\",\"onWorkerEnd\",\"before\",\"beforeSession\",\"beforeSuite\",\"beforeHook\",\"beforeTest\",\"afterTest\",\"afterHook\",\"afterSuite\",\"afterSession\",\"after\",\"onComplete\",\"beforeAssertion\",\"afterAssertion\",\"beforeFeature\",\"beforeScenario\",\"beforeStep\",\"afterStep\",\"afterScenario\",\"afterFeature\",\"_\",\"suite\",\"$0\",\"ignoredWorkerServices\",\"wdi5\"]"}]}
COMMAND: POST /session/fcfdec3f19b04732468f3b81cff77eec/execute/async - {"script":"<script> [21126 bytes]","args":[35000]}
RESULT: {"script":"<script> [21126 bytes]","args":[35000]}
COMMAND: POST /session/fcfdec3f19b04732468f3b81cff77eec/window/maximize - {}
RESULT: {}
COMMAND: POST /session/fcfdec3f19b04732468f3b81cff77eec/execute/async - {"script":"<script> [1562 bytes]","args":[{"selector":{"id":"shell-header","interaction":{"idSuffix":"icon"}},"wdio_ui5_key":"shellheader"}]}
COMMAND: GET /session/fcfdec3f19b04732468f3b81cff77eec/screenshot - {}
RESULT: {"script":"<script> [1562 bytes]","args":[{"selector":{"id":"shell-header","interaction":{"idSuffix":"icon"}},"wdio_ui5_key":"shellheader"}]}
RESULT: undefined
COMMAND: POST /session/fcfdec3f19b04732468f3b81cff77eec/window/fullscreen - {}
RESULT: {}
RESULT: {}
]]></system-out>
    </testcase>
  </testsuite>
  <testsuite timestamp="2025-05-24T17:36:04" time="486.816" tests="9" failures="0" errors="0" skipped="0">
    <properties>
      <property name="specId" value="0"/>
      <property name="suiteName" value="Create masterdata for Yard Overview - trigger provide US130988"/>
      <property name="capabilities" value="chrome.136_0_7103_93.windows"/>
      <property name="file" value="file:///D:/a/1/s/test/specs/HTR/stock-decrease.spec.js"/>
    </properties>
    <testcase classname="chrome.136_0_7103_93.windows.Create_masterdata_for_Yard_Overview_-_trigger_provide_US130988" name="Should create a new WHM yard" time="0.025">
      <system-out><![CDATA[
COMMAND: POST /session/fcfdec3f19b04732468f3b81cff77eec/window/fullscreen - {}
RESULT: {}
]]></system-out>
    </testcase>
    <testcase classname="chrome.136_0_7103_93.windows.Create_masterdata_for_Yard_Overview_-_trigger_provide_US130988" name="Should create a new partner" time="0.005"/>
    <testcase classname="chrome.136_0_7103_93.windows.Create_masterdata_for_Yard_Overview_-_trigger_provide_US130988" name="Should create a new site" time="0.004"/>
    <testcase classname="chrome.136_0_7103_93.windows.Create_masterdata_for_Yard_Overview_-_trigger_provide_US130988" name="Should create a new material" time="145.483">
      <system-out><![CDATA[
COMMAND: POST /session/fcfdec3f19b04732468f3b81cff77eec/execute/async - {"script":"<script> [1562 bytes]","args":[{"selector":{"controlType":"sap.m.GenericTile","properties":{"header":"Manage Resources"}},"wdio_ui5_key":"sapm.GenericTile{\"header\":\"Manage Resources\"}"}]}
RESULT: {"script":"<script> [1562 bytes]","args":[{"selector":{"controlType":"sap.m.GenericTile","properties":{"header":"Manage Resources"}},"wdio_ui5_key":"sapm.GenericTile{\"header\":\"Manage Resources\"}"}]}
RESULT: undefined
COMMAND: POST /session/fcfdec3f19b04732468f3b81cff77eec/element - {"using":"xpath","value":"//*[@id=\"__tile31\"]"}
RESULT: {"using":"xpath","value":"//*[@id=\"__tile31\"]"}
COMMAND: POST /session/fcfdec3f19b04732468f3b81cff77eec/element/f.4917B356C9E108E3489CB9DCB9E54F9E.d.9D2DA69D744ACADFD35C4269ABDBC776.e.24371/click - {}
RESULT: {}
COMMAND: GET /session/fcfdec3f19b04732468f3b81cff77eec/screenshot - {}
RESULT: {}
COMMAND: POST /session/fcfdec3f19b04732468f3b81cff77eec/elements - {"using":"xpath","value":"//span[text()='Error']"}
RESULT: {"using":"xpath","value":"//span[text()='Error']"}
COMMAND: POST /session/fcfdec3f19b04732468f3b81cff77eec/element - {"using":"xpath","value":"//button[@data-kt=\"addNewRUOverflowToolbarButton\"]"}
RESULT: {"using":"xpath","value":"//button[@data-kt=\"addNewRUOverflowToolbarButton\"]"}
COMMAND: POST /session/fcfdec3f19b04732468f3b81cff77eec/elements - {"using":"xpath","value":"//button[@data-kt=\"addNewRUOverflowToolbarButton\"]"}
RESULT: {"using":"xpath","value":"//button[@data-kt=\"addNewRUOverflowToolbarButton\"]"}
COMMAND: POST /session/fcfdec3f19b04732468f3b81cff77eec/elements - {"using":"xpath","value":"//button[@data-kt=\"addNewRUOverflowToolbarButton\"]"}
RESULT: {"using":"xpath","value":"//button[@data-kt=\"addNewRUOverflowToolbarButton\"]"}
COMMAND: POST /session/fcfdec3f19b04732468f3b81cff77eec/elements - {"using":"xpath","value":"//button[@data-kt=\"addNewRUOverflowToolbarButton\"]"}
RESULT: {"using":"xpath","value":"//button[@data-kt=\"addNewRUOverflowToolbarButton\"]"}
COMMAND: POST /session/fcfdec3f19b04732468f3b81cff77eec/elements - {"using":"xpath","value":"//button[@data-kt=\"addNewRUOverflowToolbarButton\"]"}
RESULT: {"using":"xpath","value":"//button[@data-kt=\"addNewRUOverflowToolbarButton\"]"}
COMMAND: POST /session/fcfdec3f19b04732468f3b81cff77eec/elements - {"using":"xpath","value":"//button[@data-kt=\"addNewRUOverflowToolbarButton\"]"}
RESULT: {"using":"xpath","value":"//button[@data-kt=\"addNewRUOverflowToolbarButton\"]"}
COMMAND: POST /session/fcfdec3f19b04732468f3b81cff77eec/elements - {"using":"xpath","value":"//button[@data-kt=\"addNewRUOverflowToolbarButton\"]"}
RESULT: {"using":"xpath","value":"//button[@data-kt=\"addNewRUOverflowToolbarButton\"]"}
COMMAND: POST /session/fcfdec3f19b04732468f3b81cff77eec/elements - {"using":"xpath","value":"//button[@data-kt=\"addNewRUOverflowToolbarButton\"]"}
RESULT: {"using":"xpath","value":"//button[@data-kt=\"addNewRUOverflowToolbarButton\"]"}
COMMAND: POST /session/fcfdec3f19b04732468f3b81cff77eec/elements - {"using":"xpath","value":"//button[@data-kt=\"addNewRUOverflowToolbarButton\"]"}
RESULT: {"using":"xpath","value":"//button[@data-kt=\"addNewRUOverflowToolbarButton\"]"}
COMMAND: POST /session/fcfdec3f19b04732468f3b81cff77eec/elements - {"using":"xpath","value":"//button[@data-kt=\"addNewRUOverflowToolbarButton\"]"}
RESULT: {"using":"xpath","value":"//button[@data-kt=\"addNewRUOverflowToolbarButton\"]"}
COMMAND: POST /session/fcfdec3f19b04732468f3b81cff77eec/elements - {"using":"xpath","value":"//button[@data-kt=\"addNewRUOverflowToolbarButton\"]"}
RESULT: {"using":"xpath","value":"//button[@data-kt=\"addNewRUOverflowToolbarButton\"]"}
COMMAND: POST /session/fcfdec3f19b04732468f3b81cff77eec/element - {"using":"xpath","value":"//button[@data-kt=\"addNewRUOverflowToolbarButton\"]"}
RESULT: {"using":"xpath","value":"//button[@data-kt=\"addNewRUOverflowToolbarButton\"]"}
COMMAND: POST /session/fcfdec3f19b04732468f3b81cff77eec/execute/sync - {"script":"<script> [8489 bytes]","args":[{"element-6066-11e4-a52e-4f735466cecf":"f.4917B356C9E108E3489CB9DCB9E54F9E.d.9D2DA69D744ACADFD35C4269ABDBC776.e.24513","ELEMENT":"f.4917B356C9E108E3489CB9DCB9E54F9E.d.9D2DA69D744ACADFD35C4269ABDBC776.e.24513"}]}
RESULT: {"script":"<script> [8489 bytes]","args":[{"element-6066-11e4-a52e-4f735466cecf":"f.4917B356C9E108E3489CB9DCB9E54F9E.d.9D2DA69D744ACADFD35C4269ABDBC776.e.24513","ELEMENT":"f.4917B356C9E108E3489CB9DCB9E54F9E.d.9D2DA69D744ACADFD35C4269ABDBC776.e.24513"}]}
COMMAND: GET /session/fcfdec3f19b04732468f3b81cff77eec/element/f.4917B356C9E108E3489CB9DCB9E54F9E.d.9D2DA69D744ACADFD35C4269ABDBC776.e.24513/enabled - {}
COMMAND: GET /session/fcfdec3f19b04732468f3b81cff77eec/screenshot - {}
RESULT: {}
COMMAND: POST /session/fcfdec3f19b04732468f3b81cff77eec/execute/sync - {"script":"<script> [8489 bytes]","args":[{"element-6066-11e4-a52e-4f735466cecf":"f.4917B356C9E108E3489CB9DCB9E54F9E.d.9D2DA69D744ACADFD35C4269ABDBC776.e.24513","ELEMENT":"f.4917B356C9E108E3489CB9DCB9E54F9E.d.9D2DA69D744ACADFD35C4269ABDBC776.e.24513"}]}
COMMAND: GET /session/fcfdec3f19b04732468f3b81cff77eec/screenshot - {}
RESULT: {}
RESULT: {"script":"<script> [8489 bytes]","args":[{"element-6066-11e4-a52e-4f735466cecf":"f.4917B356C9E108E3489CB9DCB9E54F9E.d.9D2DA69D744ACADFD35C4269ABDBC776.e.24513","ELEMENT":"f.4917B356C9E108E3489CB9DCB9E54F9E.d.9D2DA69D744ACADFD35C4269ABDBC776.e.24513"}]}
COMMAND: POST /session/fcfdec3f19b04732468f3b81cff77eec/execute/sync - {"script":"<script> [5351 bytes]","args":[{"element-6066-11e4-a52e-4f735466cecf":"f.4917B356C9E108E3489CB9DCB9E54F9E.d.9D2DA69D744ACADFD35C4269ABDBC776.e.24513","ELEMENT":"f.4917B356C9E108E3489CB9DCB9E54F9E.d.9D2DA69D744ACADFD35C4269ABDBC776.e.24513"}]}
COMMAND: GET /session/fcfdec3f19b04732468f3b81cff77eec/screenshot - {}
RESULT: {}
RESULT: {"script":"<script> [5351 bytes]","args":[{"element-6066-11e4-a52e-4f735466cecf":"f.4917B356C9E108E3489CB9DCB9E54F9E.d.9D2DA69D744ACADFD35C4269ABDBC776.e.24513","ELEMENT":"f.4917B356C9E108E3489CB9DCB9E54F9E.d.9D2DA69D744ACADFD35C4269ABDBC776.e.24513"}]}
COMMAND: POST /session/fcfdec3f19b04732468f3b81cff77eec/element/f.4917B356C9E108E3489CB9DCB9E54F9E.d.9D2DA69D744ACADFD35C4269ABDBC776.e.24513/click - {}
COMMAND: GET /session/fcfdec3f19b04732468f3b81cff77eec/screenshot - {}
RESULT: {}
RESULT: {}
COMMAND: GET /session/fcfdec3f19b04732468f3b81cff77eec/screenshot - {}
RESULT: {}
COMMAND: POST /session/fcfdec3f19b04732468f3b81cff77eec/execute/async - {"script":"<script> [1562 bytes]","args":[{"selector":{"id":"application-manageresources-display-component---newResourceUnit--TYPE-arrow"},"wdio_ui5_key":"applicationmanageresources-display-component---newResourceUnit--TYPE-arrow"}]}
RESULT: {}
RESULT: {"script":"<script> [1562 bytes]","args":[{"selector":{"id":"application-manageresources-display-component---newResourceUnit--TYPE-arrow"},"wdio_ui5_key":"applicationmanageresources-display-component---newResourceUnit--TYPE-arrow"}]}
RESULT: undefined
COMMAND: POST /session/fcfdec3f19b04732468f3b81cff77eec/element - {"using":"xpath","value":"//*[@id=\"application-manageresources-display-component---newResourceUnit--TYPE-arrow\"]"}
RESULT: {"using":"xpath","value":"//*[@id=\"application-manageresources-display-component---newResourceUnit--TYPE-arrow\"]"}
COMMAND: POST /session/fcfdec3f19b04732468f3b81cff77eec/element/f.4917B356C9E108E3489CB9DCB9E54F9E.d.9D2DA69D744ACADFD35C4269ABDBC776.e.24858/click - {}
RESULT: {}
COMMAND: POST /session/fcfdec3f19b04732468f3b81cff77eec/element - {"using":"xpath","value":"//input[@id=\"application-manageresources-display-component---newResourceUnit--TYPE-inner\"]"}
COMMAND: GET /session/fcfdec3f19b04732468f3b81cff77eec/screenshot - {}
RESULT: {"using":"xpath","value":"//input[@id=\"application-manageresources-display-component---newResourceUnit--TYPE-inner\"]"}
COMMAND: POST /session/fcfdec3f19b04732468f3b81cff77eec/element/f.4917B356C9E108E3489CB9DCB9E54F9E.d.9D2DA69D744ACADFD35C4269ABDBC776.e.24854/clear - {}
RESULT: {}
RESULT: {}
COMMAND: POST /session/fcfdec3f19b04732468f3b81cff77eec/element/f.4917B356C9E108E3489CB9DCB9E54F9E.d.9D2DA69D744ACADFD35C4269ABDBC776.e.24854/value - {"text":"Material"}
COMMAND: GET /session/fcfdec3f19b04732468f3b81cff77eec/screenshot - {}
RESULT: {"text":"Material"}
COMMAND: GET /session/fcfdec3f19b04732468f3b81cff77eec/screenshot - {}
RESULT: {}
RESULT: {}
COMMAND: POST /session/fcfdec3f19b04732468f3b81cff77eec/actions - {"actions":[{"id":"action75","type":"key","parameters":{},"actions":[{"type":"keyDown","value":""},{"type":"pause","duration":10},{"type":"keyUp","value":""}]}]}
RESULT: {"actions":[{"id":"action75","type":"key","parameters":{},"actions":[{"type":"keyDown","value":""},{"type":"pause","duration":10},{"type":"keyUp","value":""}]}]}
COMMAND: POST /session/fcfdec3f19b04732468f3b81cff77eec/execute/async - {"script":"<script> [1562 bytes]","args":[{"selector":{"id":"application-manageresources-display-component---newResourceUnit--SHORT_TEXT","interaction":{"idSuffix":"inner"}},"wdio_ui5_key":"applicationmanageresources-display-component---newResourceUnit--SHORT_TEXT"}]}
COMMAND: GET /session/fcfdec3f19b04732468f3b81cff77eec/screenshot - {}
RESULT: {"script":"<script> [1562 bytes]","args":[{"selector":{"id":"application-manageresources-display-component---newResourceUnit--SHORT_TEXT","interaction":{"idSuffix":"inner"}},"wdio_ui5_key":"applicationmanageresources-display-component---newResourceUnit--SHORT_TEXT"}]}
RESULT: undefined
COMMAND: POST /session/fcfdec3f19b04732468f3b81cff77eec/execute/async - {"script":"<script> [776 bytes]","args":[{"enterText":"Cement WDIO","selector":{"id":"application-manageresources-display-component---newResourceUnit--SHORT_TEXT","interaction":{"idSuffix":"inner"}},"clearTextFirst":true,"interactionType":"ENTER_TEXT"}]}
RESULT: {}
RESULT: {"script":"<script> [776 bytes]","args":[{"enterText":"Cement WDIO","selector":{"id":"application-manageresources-display-component---newResourceUnit--SHORT_TEXT","interaction":{"idSuffix":"inner"}},"clearTextFirst":true,"interactionType":"ENTER_TEXT"}]}
COMMAND: POST /session/fcfdec3f19b04732468f3b81cff77eec/execute/async - {"script":"<script> [1562 bytes]","args":[{"selector":{"id":"application-manageresources-display-component---newResourceUnit--BASE_UNIT_OF_MEASURE","interaction":{"idSuffix":"inner"}},"wdio_ui5_key":"applicationmanageresources-display-component---newResourceUnit--BASE_UNIT_OF_MEASURE"}]}
RESULT: {"script":"<script> [1562 bytes]","args":[{"selector":{"id":"application-manageresources-display-component---newResourceUnit--BASE_UNIT_OF_MEASURE","interaction":{"idSuffix":"inner"}},"wdio_ui5_key":"applicationmanageresources-display-component---newResourceUnit--BASE_UNIT_OF_MEASURE"}]}
RESULT: undefined
COMMAND: POST /session/fcfdec3f19b04732468f3b81cff77eec/execute/async - {"script":"<script> [776 bytes]","args":[{"enterText":"Piece","selector":{"id":"application-manageresources-display-component---newResourceUnit--BASE_UNIT_OF_MEASURE","interaction":{"idSuffix":"inner"}},"clearTextFirst":true,"interactionType":"ENTER_TEXT"}]}
RESULT: {"script":"<script> [776 bytes]","args":[{"enterText":"Piece","selector":{"id":"application-manageresources-display-component---newResourceUnit--BASE_UNIT_OF_MEASURE","interaction":{"idSuffix":"inner"}},"clearTextFirst":true,"interactionType":"ENTER_TEXT"}]}
COMMAND: POST /session/fcfdec3f19b04732468f3b81cff77eec/execute/async - {"script":"<script> [1562 bytes]","args":[{"selector":{"id":"application-manageresources-display-component---newResourceUnit--WEIGHT_UNIT","interaction":{"idSuffix":"inner"}},"wdio_ui5_key":"applicationmanageresources-display-component---newResourceUnit--WEIGHT_UNIT"}]}
RESULT: {"script":"<script> [1562 bytes]","args":[{"selector":{"id":"application-manageresources-display-component---newResourceUnit--WEIGHT_UNIT","interaction":{"idSuffix":"inner"}},"wdio_ui5_key":"applicationmanageresources-display-component---newResourceUnit--WEIGHT_UNIT"}]}
RESULT: undefined
COMMAND: POST /session/fcfdec3f19b04732468f3b81cff77eec/execute/async - {"script":"<script> [776 bytes]","args":[{"enterText":"Gram","selector":{"id":"application-manageresources-display-component---newResourceUnit--WEIGHT_UNIT","interaction":{"idSuffix":"inner"}},"clearTextFirst":true,"interactionType":"ENTER_TEXT"}]}
RESULT: {"script":"<script> [776 bytes]","args":[{"enterText":"Gram","selector":{"id":"application-manageresources-display-component---newResourceUnit--WEIGHT_UNIT","interaction":{"idSuffix":"inner"}},"clearTextFirst":true,"interactionType":"ENTER_TEXT"}]}
COMMAND: POST /session/fcfdec3f19b04732468f3b81cff77eec/execute/async - {"script":"<script> [1562 bytes]","args":[{"selector":{"id":"application-manageresources-display-component---newResourceUnit--DIMENSION_UNIT","interaction":{"idSuffix":"inner"}},"wdio_ui5_key":"applicationmanageresources-display-component---newResourceUnit--DIMENSION_UNIT"}]}
RESULT: {"script":"<script> [1562 bytes]","args":[{"selector":{"id":"application-manageresources-display-component---newResourceUnit--DIMENSION_UNIT","interaction":{"idSuffix":"inner"}},"wdio_ui5_key":"applicationmanageresources-display-component---newResourceUnit--DIMENSION_UNIT"}]}
RESULT: undefined
COMMAND: POST /session/fcfdec3f19b04732468f3b81cff77eec/execute/async - {"script":"<script> [776 bytes]","args":[{"enterText":"Meter","selector":{"id":"application-manageresources-display-component---newResourceUnit--DIMENSION_UNIT","interaction":{"idSuffix":"inner"}},"clearTextFirst":true,"interactionType":"ENTER_TEXT"}]}
RESULT: {"script":"<script> [776 bytes]","args":[{"enterText":"Meter","selector":{"id":"application-manageresources-display-component---newResourceUnit--DIMENSION_UNIT","interaction":{"idSuffix":"inner"}},"clearTextFirst":true,"interactionType":"ENTER_TEXT"}]}
COMMAND: POST /session/fcfdec3f19b04732468f3b81cff77eec/execute/async - {"script":"<script> [1562 bytes]","args":[{"selector":{"id":"application-manageresources-display-component---newResourceUnit--newRRUPage-anchBar-application-manageresources-display-component---newResourceUnit--control-anchor","interaction":{"idSuffix":"BDI-content"}},"wdio_ui5_key":"applicationmanageresources-display-component---newResourceUnit--newRRUPage-anchBar-application-manageresources-display-component---newResourceUnit--control-anchor"}]}
RESULT: {"script":"<script> [1562 bytes]","args":[{"selector":{"id":"application-manageresources-display-component---newResourceUnit--newRRUPage-anchBar-application-manageresources-display-component---newResourceUnit--control-anchor","interaction":{"idSuffix":"BDI-content"}},"wdio_ui5_key":"applicationmanageresources-display-component---newResourceUnit--newRRUPage-anchBar-application-manageresources-display-component---newResourceUnit--control-anchor"}]}
RESULT: undefined
COMMAND: POST /session/fcfdec3f19b04732468f3b81cff77eec/element - {"using":"xpath","value":"//*[@id=\"application-manageresources-display-component---newResourceUnit--newRRUPage-anchBar-application-manageresources-display-component---newResourceUnit--control-anchor\"]"}
RESULT: {"using":"xpath","value":"//*[@id=\"application-manageresources-display-component---newResourceUnit--newRRUPage-anchBar-application-manageresources-display-component---newResourceUnit--control-anchor\"]"}
COMMAND: POST /session/fcfdec3f19b04732468f3b81cff77eec/element/f.4917B356C9E108E3489CB9DCB9E54F9E.d.9D2DA69D744ACADFD35C4269ABDBC776.e.24989/click - {}
RESULT: {}
COMMAND: POST /session/fcfdec3f19b04732468f3b81cff77eec/execute/async - {"script":"<script> [1562 bytes]","args":[{"selector":{"id":"application-manageresources-display-component---newResourceUnit--PLANNING_GROUP","interaction":{"idSuffix":"inner"}},"wdio_ui5_key":"applicationmanageresources-display-component---newResourceUnit--PLANNING_GROUP"}]}
COMMAND: GET /session/fcfdec3f19b04732468f3b81cff77eec/screenshot - {}
RESULT: {"script":"<script> [1562 bytes]","args":[{"selector":{"id":"application-manageresources-display-component---newResourceUnit--PLANNING_GROUP","interaction":{"idSuffix":"inner"}},"wdio_ui5_key":"applicationmanageresources-display-component---newResourceUnit--PLANNING_GROUP"}]}
RESULT: undefined
COMMAND: POST /session/fcfdec3f19b04732468f3b81cff77eec/execute/async - {"script":"<script> [776 bytes]","args":[{"enterText":"Material","selector":{"id":"application-manageresources-display-component---newResourceUnit--PLANNING_GROUP","interaction":{"idSuffix":"inner"}},"clearTextFirst":true,"interactionType":"ENTER_TEXT"}]}
RESULT: {}
RESULT: {"script":"<script> [776 bytes]","args":[{"enterText":"Material","selector":{"id":"application-manageresources-display-component---newResourceUnit--PLANNING_GROUP","interaction":{"idSuffix":"inner"}},"clearTextFirst":true,"interactionType":"ENTER_TEXT"}]}
COMMAND: POST /session/fcfdec3f19b04732468f3b81cff77eec/execute/async - {"script":"<script> [1562 bytes]","args":[{"selector":{"id":"application-manageresources-display-component---newResourceUnit--PLANNING_INDICATOR","interaction":{"idSuffix":"inner"}},"wdio_ui5_key":"applicationmanageresources-display-component---newResourceUnit--PLANNING_INDICATOR"}]}
RESULT: {"script":"<script> [1562 bytes]","args":[{"selector":{"id":"application-manageresources-display-component---newResourceUnit--PLANNING_INDICATOR","interaction":{"idSuffix":"inner"}},"wdio_ui5_key":"applicationmanageresources-display-component---newResourceUnit--PLANNING_INDICATOR"}]}
RESULT: undefined
COMMAND: POST /session/fcfdec3f19b04732468f3b81cff77eec/execute/async - {"script":"<script> [776 bytes]","args":[{"enterText":"10 - infinite","selector":{"id":"application-manageresources-display-component---newResourceUnit--PLANNING_INDICATOR","interaction":{"idSuffix":"inner"}},"clearTextFirst":true,"interactionType":"ENTER_TEXT"}]}
RESULT: {"script":"<script> [776 bytes]","args":[{"enterText":"10 - infinite","selector":{"id":"application-manageresources-display-component---newResourceUnit--PLANNING_INDICATOR","interaction":{"idSuffix":"inner"}},"clearTextFirst":true,"interactionType":"ENTER_TEXT"}]}
COMMAND: POST /session/fcfdec3f19b04732468f3b81cff77eec/element - {"using":"css selector","value":"#application-manageresources-display-component---newResourceUnit--btnAddTimeSegment"}
RESULT: {"using":"css selector","value":"#application-manageresources-display-component---newResourceUnit--btnAddTimeSegment"}
COMMAND: GET /session/fcfdec3f19b04732468f3b81cff77eec/element/f.4917B356C9E108E3489CB9DCB9E54F9E.d.9D2DA69D744ACADFD35C4269ABDBC776.e.24997/rect - {}
RESULT: {}
COMMAND: GET /session/fcfdec3f19b04732468f3b81cff77eec/window/rect - {}
RESULT: {}
COMMAND: POST /session/fcfdec3f19b04732468f3b81cff77eec/execute/sync - {"script":"<script> [92 bytes]","args":[]}
RESULT: {"script":"<script> [92 bytes]","args":[]}
COMMAND: POST /session/fcfdec3f19b04732468f3b81cff77eec/actions - {"actions":[{"id":"action76","type":"wheel","parameters":{},"actions":[{"type":"scroll","x":-1888,"y":-32,"deltaX":0,"deltaY":0,"duration":0,"origin":{"element-6066-11e4-a52e-4f735466cecf":"f.4917B356C9E108E3489CB9DCB9E54F9E.d.9D2DA69D744ACADFD35C4269ABDBC776.e.24997"}}]}]}
COMMAND: GET /session/fcfdec3f19b04732468f3b81cff77eec/screenshot - {}
RESULT: {}
COMMAND: POST /session/fcfdec3f19b04732468f3b81cff77eec/execute/sync - {"script":"<script> [79 bytes]","args":[{"element-6066-11e4-a52e-4f735466cecf":"f.4917B356C9E108E3489CB9DCB9E54F9E.d.9D2DA69D744ACADFD35C4269ABDBC776.e.24997","ELEMENT":"f.4917B356C9E108E3489CB9DCB9E54F9E.d.9D2DA69D744ACADFD35C4269ABDBC776.e.24997"},{"block":"start","inline":"nearest"}]}
RESULT: {"script":"<script> [79 bytes]","args":[{"element-6066-11e4-a52e-4f735466cecf":"f.4917B356C9E108E3489CB9DCB9E54F9E.d.9D2DA69D744ACADFD35C4269ABDBC776.e.24997","ELEMENT":"f.4917B356C9E108E3489CB9DCB9E54F9E.d.9D2DA69D744ACADFD35C4269ABDBC776.e.24997"},{"block":"start","inline":"nearest"}]}
COMMAND: POST /session/fcfdec3f19b04732468f3b81cff77eec/execute/async - {"script":"<script> [1562 bytes]","args":[{"selector":{"id":"application-manageresources-display-component---newResourceUnit--btnAddTimeSegment","interaction":{"idSuffix":"inner"}},"wdio_ui5_key":"applicationmanageresources-display-component---newResourceUnit--btnAddTimeSegment"}]}
COMMAND: GET /session/fcfdec3f19b04732468f3b81cff77eec/screenshot - {}
RESULT: {"script":"<script> [1562 bytes]","args":[{"selector":{"id":"application-manageresources-display-component---newResourceUnit--btnAddTimeSegment","interaction":{"idSuffix":"inner"}},"wdio_ui5_key":"applicationmanageresources-display-component---newResourceUnit--btnAddTimeSegment"}]}
RESULT: undefined
COMMAND: POST /session/fcfdec3f19b04732468f3b81cff77eec/element - {"using":"xpath","value":"//*[@id=\"application-manageresources-display-component---newResourceUnit--btnAddTimeSegment\"]"}
RESULT: {}
RESULT: {"using":"xpath","value":"//*[@id=\"application-manageresources-display-component---newResourceUnit--btnAddTimeSegment\"]"}
COMMAND: POST /session/fcfdec3f19b04732468f3b81cff77eec/element/f.4917B356C9E108E3489CB9DCB9E54F9E.d.9D2DA69D744ACADFD35C4269ABDBC776.e.24997/click - {}
RESULT: {}
COMMAND: GET /session/fcfdec3f19b04732468f3b81cff77eec/screenshot - {}
RESULT: {}
COMMAND: POST /session/fcfdec3f19b04732468f3b81cff77eec/element - {"using":"xpath","value":"//input[@id=\"application-manageresources-display-component---newResourceUnit--idRuTSAdmin-application-manageresources-display-component---newResourceUnit--RUTimeSegment-0-inner\"]"}
RESULT: {"using":"xpath","value":"//input[@id=\"application-manageresources-display-component---newResourceUnit--idRuTSAdmin-application-manageresources-display-component---newResourceUnit--RUTimeSegment-0-inner\"]"}
COMMAND: POST /session/fcfdec3f19b04732468f3b81cff77eec/element/f.4917B356C9E108E3489CB9DCB9E54F9E.d.9D2DA69D744ACADFD35C4269ABDBC776.e.25002/clear - {}
RESULT: {}
COMMAND: POST /session/fcfdec3f19b04732468f3b81cff77eec/element/f.4917B356C9E108E3489CB9DCB9E54F9E.d.9D2DA69D744ACADFD35C4269ABDBC776.e.25002/value - {"text":"247"}
COMMAND: GET /session/fcfdec3f19b04732468f3b81cff77eec/screenshot - {}
RESULT: {"text":"247"}
COMMAND: GET /session/fcfdec3f19b04732468f3b81cff77eec/screenshot - {}
RESULT: {}
RESULT: {}
COMMAND: POST /session/fcfdec3f19b04732468f3b81cff77eec/element - {"using":"xpath","value":"//li[.//span[text()='247']]"}
RESULT: {"using":"xpath","value":"//li[.//span[text()='247']]"}
COMMAND: POST /session/fcfdec3f19b04732468f3b81cff77eec/element/f.4917B356C9E108E3489CB9DCB9E54F9E.d.9D2DA69D744ACADFD35C4269ABDBC776.e.25011/click - {}
RESULT: {}
COMMAND: GET /session/fcfdec3f19b04732468f3b81cff77eec/screenshot - {}
RESULT: {}
COMMAND: POST /session/fcfdec3f19b04732468f3b81cff77eec/element - {"using":"xpath","value":"(//span[contains(@id, \"-application-manageresources-display-component---newResourceUnit--RUTimeSegment-0-arrow\")])[2]"}
RESULT: {"using":"xpath","value":"(//span[contains(@id, \"-application-manageresources-display-component---newResourceUnit--RUTimeSegment-0-arrow\")])[2]"}
COMMAND: POST /session/fcfdec3f19b04732468f3b81cff77eec/element/f.4917B356C9E108E3489CB9DCB9E54F9E.d.9D2DA69D744ACADFD35C4269ABDBC776.e.25012/click - {}
RESULT: {}
COMMAND: POST /session/fcfdec3f19b04732468f3b81cff77eec/element - {"using":"xpath","value":"//span[contains(text(), \"PM Order\")]"}
COMMAND: GET /session/fcfdec3f19b04732468f3b81cff77eec/screenshot - {}
RESULT: {"using":"xpath","value":"//span[contains(text(), \"PM Order\")]"}
COMMAND: POST /session/fcfdec3f19b04732468f3b81cff77eec/element/f.4917B356C9E108E3489CB9DCB9E54F9E.d.9D2DA69D744ACADFD35C4269ABDBC776.e.25013/click - {}
RESULT: {}
RESULT: {}
COMMAND: GET /session/fcfdec3f19b04732468f3b81cff77eec/screenshot - {}
RESULT: {}
COMMAND: POST /session/fcfdec3f19b04732468f3b81cff77eec/element - {"using":"xpath","value":"//td/div/div/div/span[contains(@id, \"newResourceUnit--RUTimeSegment-0-vhi\")][1]"}
RESULT: {"using":"xpath","value":"//td/div/div/div/span[contains(@id, \"newResourceUnit--RUTimeSegment-0-vhi\")][1]"}
COMMAND: GET /session/fcfdec3f19b04732468f3b81cff77eec/element/f.4917B356C9E108E3489CB9DCB9E54F9E.d.9D2DA69D744ACADFD35C4269ABDBC776.e.25017/rect - {}
RESULT: {}
COMMAND: GET /session/fcfdec3f19b04732468f3b81cff77eec/window/rect - {}
RESULT: {}
COMMAND: POST /session/fcfdec3f19b04732468f3b81cff77eec/execute/sync - {"script":"<script> [92 bytes]","args":[]}
RESULT: {"script":"<script> [92 bytes]","args":[]}
COMMAND: POST /session/fcfdec3f19b04732468f3b81cff77eec/actions - {"actions":[{"id":"action77","type":"wheel","parameters":{},"actions":[{"type":"scroll","x":-1888,"y":-24,"deltaX":0,"deltaY":0,"duration":0,"origin":{"element-6066-11e4-a52e-4f735466cecf":"f.4917B356C9E108E3489CB9DCB9E54F9E.d.9D2DA69D744ACADFD35C4269ABDBC776.e.25017"}}]}]}
COMMAND: GET /session/fcfdec3f19b04732468f3b81cff77eec/screenshot - {}
RESULT: {}
COMMAND: POST /session/fcfdec3f19b04732468f3b81cff77eec/execute/sync - {"script":"<script> [79 bytes]","args":[{"element-6066-11e4-a52e-4f735466cecf":"f.4917B356C9E108E3489CB9DCB9E54F9E.d.9D2DA69D744ACADFD35C4269ABDBC776.e.25017","ELEMENT":"f.4917B356C9E108E3489CB9DCB9E54F9E.d.9D2DA69D744ACADFD35C4269ABDBC776.e.25017"},{"block":"start","inline":"nearest"}]}
RESULT: {"script":"<script> [79 bytes]","args":[{"element-6066-11e4-a52e-4f735466cecf":"f.4917B356C9E108E3489CB9DCB9E54F9E.d.9D2DA69D744ACADFD35C4269ABDBC776.e.25017","ELEMENT":"f.4917B356C9E108E3489CB9DCB9E54F9E.d.9D2DA69D744ACADFD35C4269ABDBC776.e.25017"},{"block":"start","inline":"nearest"}]}
COMMAND: GET /session/fcfdec3f19b04732468f3b81cff77eec/screenshot - {}
RESULT: {}
COMMAND: POST /session/fcfdec3f19b04732468f3b81cff77eec/element/f.4917B356C9E108E3489CB9DCB9E54F9E.d.9D2DA69D744ACADFD35C4269ABDBC776.e.25017/click - {}
RESULT: {}
COMMAND: GET /session/fcfdec3f19b04732468f3b81cff77eec/screenshot - {}
RESULT: {}
COMMAND: POST /session/fcfdec3f19b04732468f3b81cff77eec/execute/async - {"script":"<script> [1562 bytes]","args":[{"selector":{"controlType":"sap.m.SearchField","properties":{"placeholder":"Search"},"searchOpenDialogs":true,"interaction":{"idSuffix":"I"}},"wdio_ui5_key":"sapm.SearchField{\"placeholder\":\"Search\"}"}]}
RESULT: {"script":"<script> [1562 bytes]","args":[{"selector":{"controlType":"sap.m.SearchField","properties":{"placeholder":"Search"},"searchOpenDialogs":true,"interaction":{"idSuffix":"I"}},"wdio_ui5_key":"sapm.SearchField{\"placeholder\":\"Search\"}"}]}
RESULT: undefined
COMMAND: POST /session/fcfdec3f19b04732468f3b81cff77eec/execute/async - {"script":"<script> [776 bytes]","args":[{"enterText":"4000360","selector":{"controlType":"sap.m.SearchField","properties":{"placeholder":"Search"},"searchOpenDialogs":true,"interaction":{"idSuffix":"I"}},"clearTextFirst":true,"interactionType":"ENTER_TEXT"}]}
RESULT: {"script":"<script> [776 bytes]","args":[{"enterText":"4000360","selector":{"controlType":"sap.m.SearchField","properties":{"placeholder":"Search"},"searchOpenDialogs":true,"interaction":{"idSuffix":"I"}},"clearTextFirst":true,"interactionType":"ENTER_TEXT"}]}
COMMAND: POST /session/fcfdec3f19b04732468f3b81cff77eec/actions - {"actions":[{"id":"action78","type":"key","parameters":{},"actions":[{"type":"keyDown","value":""},{"type":"pause","duration":10},{"type":"keyUp","value":""}]}]}
RESULT: {"actions":[{"id":"action78","type":"key","parameters":{},"actions":[{"type":"keyDown","value":""},{"type":"pause","duration":10},{"type":"keyUp","value":""}]}]}
COMMAND: GET /session/fcfdec3f19b04732468f3b81cff77eec/screenshot - {}
RESULT: {}
COMMAND: POST /session/fcfdec3f19b04732468f3b81cff77eec/element - {"using":"xpath","value":"//td/div/span[contains(text(), \"BGL Vehicles\")]"}
RESULT: {"using":"xpath","value":"//td/div/span[contains(text(), \"BGL Vehicles\")]"}
COMMAND: POST /session/fcfdec3f19b04732468f3b81cff77eec/element/f.4917B356C9E108E3489CB9DCB9E54F9E.d.9D2DA69D744ACADFD35C4269ABDBC776.e.25039/click - {}
RESULT: {}
COMMAND: GET /session/fcfdec3f19b04732468f3b81cff77eec/screenshot - {}
RESULT: {}
COMMAND: POST /session/fcfdec3f19b04732468f3b81cff77eec/element - {"using":"xpath","value":"//bdi[contains(text(), \"OK\")]"}
RESULT: {"using":"xpath","value":"//bdi[contains(text(), \"OK\")]"}
COMMAND: POST /session/fcfdec3f19b04732468f3b81cff77eec/element/f.4917B356C9E108E3489CB9DCB9E54F9E.d.9D2DA69D744ACADFD35C4269ABDBC776.e.25040/click - {}
RESULT: {}
COMMAND: GET /session/fcfdec3f19b04732468f3b81cff77eec/screenshot - {}
RESULT: {}
COMMAND: POST /session/fcfdec3f19b04732468f3b81cff77eec/element - {"using":"xpath","value":"//label[contains(@class, 'sapMLabelRequired') and .//bdi[contains(text(), 'Planned Retirement')]]"}
RESULT: {"using":"xpath","value":"//label[contains(@class, 'sapMLabelRequired') and .//bdi[contains(text(), 'Planned Retirement')]]"}
COMMAND: POST /session/fcfdec3f19b04732468f3b81cff77eec/elements - {"using":"xpath","value":"//label[contains(@class, 'sapMLabelRequired') and .//bdi[contains(text(), 'Planned Retirement')]]"}
RESULT: {"using":"xpath","value":"//label[contains(@class, 'sapMLabelRequired') and .//bdi[contains(text(), 'Planned Retirement')]]"}
COMMAND: POST /session/fcfdec3f19b04732468f3b81cff77eec/element - {"using":"xpath","value":"//button[@data-kt=\"resourceUnitSaveButton\"]"}
RESULT: {"using":"xpath","value":"//button[@data-kt=\"resourceUnitSaveButton\"]"}
COMMAND: POST /session/fcfdec3f19b04732468f3b81cff77eec/element/f.4917B356C9E108E3489CB9DCB9E54F9E.d.9D2DA69D744ACADFD35C4269ABDBC776.e.24875/click - {}
RESULT: {}
COMMAND: GET /session/fcfdec3f19b04732468f3b81cff77eec/screenshot - {}
RESULT: {}
COMMAND: POST /session/fcfdec3f19b04732468f3b81cff77eec/element - {"using":"xpath","value":"//bdi[contains(text(), \"Close\")]"}
RESULT: {"using":"xpath","value":"//bdi[contains(text(), \"Close\")]"}
COMMAND: POST /session/fcfdec3f19b04732468f3b81cff77eec/element/f.4917B356C9E108E3489CB9DCB9E54F9E.d.9D2DA69D744ACADFD35C4269ABDBC776.e.25047/click - {}
RESULT: {}
COMMAND: GET /session/fcfdec3f19b04732468f3b81cff77eec/screenshot - {}
RESULT: {}
COMMAND: POST /session/fcfdec3f19b04732468f3b81cff77eec/element - {"using":"xpath","value":"//header[contains(@id, 'detailRruPage-headerTitle')]/div[1]/div[2]/div[2]/span[1]"}
RESULT: {"using":"xpath","value":"//header[contains(@id, 'detailRruPage-headerTitle')]/div[1]/div[2]/div[2]/span[1]"}
COMMAND: POST /session/fcfdec3f19b04732468f3b81cff77eec/elements - {"using":"xpath","value":"//header[contains(@id, 'detailRruPage-headerTitle')]/div[1]/div[2]/div[2]/span[1]"}
RESULT: {"using":"xpath","value":"//header[contains(@id, 'detailRruPage-headerTitle')]/div[1]/div[2]/div[2]/span[1]"}
COMMAND: POST /session/fcfdec3f19b04732468f3b81cff77eec/execute/sync - {"script":"<script> [56 bytes]","args":[{"element-6066-11e4-a52e-4f735466cecf":"f.4917B356C9E108E3489CB9DCB9E54F9E.d.9D2DA69D744ACADFD35C4269ABDBC776.e.25077","ELEMENT":"f.4917B356C9E108E3489CB9DCB9E54F9E.d.9D2DA69D744ACADFD35C4269ABDBC776.e.25077"}]}
RESULT: {"script":"<script> [56 bytes]","args":[{"element-6066-11e4-a52e-4f735466cecf":"f.4917B356C9E108E3489CB9DCB9E54F9E.d.9D2DA69D744ACADFD35C4269ABDBC776.e.25077","ELEMENT":"f.4917B356C9E108E3489CB9DCB9E54F9E.d.9D2DA69D744ACADFD35C4269ABDBC776.e.25077"}]}
COMMAND: POST /session/fcfdec3f19b04732468f3b81cff77eec/element - {"using":"css selector","value":"#shell-header-logo"}
COMMAND: GET /session/fcfdec3f19b04732468f3b81cff77eec/screenshot - {}
RESULT: {"using":"css selector","value":"#shell-header-logo"}
COMMAND: POST /session/fcfdec3f19b04732468f3b81cff77eec/element/f.4917B356C9E108E3489CB9DCB9E54F9E.d.9D2DA69D744ACADFD35C4269ABDBC776.e.24352/click - {}
RESULT: {}
RESULT: {}
COMMAND: GET /session/fcfdec3f19b04732468f3b81cff77eec/screenshot - {}
RESULT: {}
]]></system-out>
    </testcase>
    <testcase classname="chrome.136_0_7103_93.windows.Create_masterdata_for_Yard_Overview_-_trigger_provide_US130988" name="Bin Status Report Should Create New Organization yard" time="0.004"/>
    <testcase classname="chrome.136_0_7103_93.windows.Create_masterdata_for_Yard_Overview_-_trigger_provide_US130988" name="Create a Warehouse Movement for created yard" time="49.567">
      <system-out><![CDATA[
COMMAND: POST /session/fcfdec3f19b04732468f3b81cff77eec/execute/async - {"script":"<script> [1562 bytes]","args":[{"selector":{"controlType":"sap.m.GenericTile","properties":{"header":"Manage Warehouse Movements"}},"wdio_ui5_key":"sapm.GenericTile{\"header\":\"Manage Warehouse Movements\"}"}]}
RESULT: {"script":"<script> [1562 bytes]","args":[{"selector":{"controlType":"sap.m.GenericTile","properties":{"header":"Manage Warehouse Movements"}},"wdio_ui5_key":"sapm.GenericTile{\"header\":\"Manage Warehouse Movements\"}"}]}
RESULT: undefined
COMMAND: POST /session/fcfdec3f19b04732468f3b81cff77eec/element - {"using":"xpath","value":"//*[@id=\"__tile105\"]"}
RESULT: {"using":"xpath","value":"//*[@id=\"__tile105\"]"}
COMMAND: POST /session/fcfdec3f19b04732468f3b81cff77eec/element/f.4917B356C9E108E3489CB9DCB9E54F9E.d.9D2DA69D744ACADFD35C4269ABDBC776.e.25079/click - {}
RESULT: {}
COMMAND: POST /session/fcfdec3f19b04732468f3b81cff77eec/element - {"using":"xpath","value":"//input[@id='application-warehousemovements-display-component---warehouseMovements--smartFilterBar-filterItemControl_BASIC-YARD-inner']"}
COMMAND: GET /session/fcfdec3f19b04732468f3b81cff77eec/screenshot - {}
RESULT: {"using":"xpath","value":"//input[@id='application-warehousemovements-display-component---warehouseMovements--smartFilterBar-filterItemControl_BASIC-YARD-inner']"}
COMMAND: POST /session/fcfdec3f19b04732468f3b81cff77eec/elements - {"using":"xpath","value":"//input[@id='application-warehousemovements-display-component---warehouseMovements--smartFilterBar-filterItemControl_BASIC-YARD-inner']"}
RESULT: {}
RESULT: {"using":"xpath","value":"//input[@id='application-warehousemovements-display-component---warehouseMovements--smartFilterBar-filterItemControl_BASIC-YARD-inner']"}
COMMAND: POST /session/fcfdec3f19b04732468f3b81cff77eec/element - {"using":"xpath","value":"//input[@id='application-warehousemovements-display-component---warehouseMovements--smartFilterBar-filterItemControl_BASIC-YARD-inner']"}
RESULT: {"using":"xpath","value":"//input[@id='application-warehousemovements-display-component---warehouseMovements--smartFilterBar-filterItemControl_BASIC-YARD-inner']"}
COMMAND: POST /session/fcfdec3f19b04732468f3b81cff77eec/execute/sync - {"script":"<script> [8489 bytes]","args":[{"element-6066-11e4-a52e-4f735466cecf":"f.4917B356C9E108E3489CB9DCB9E54F9E.d.9D2DA69D744ACADFD35C4269ABDBC776.e.25088","ELEMENT":"f.4917B356C9E108E3489CB9DCB9E54F9E.d.9D2DA69D744ACADFD35C4269ABDBC776.e.25088"}]}
RESULT: {"script":"<script> [8489 bytes]","args":[{"element-6066-11e4-a52e-4f735466cecf":"f.4917B356C9E108E3489CB9DCB9E54F9E.d.9D2DA69D744ACADFD35C4269ABDBC776.e.25088","ELEMENT":"f.4917B356C9E108E3489CB9DCB9E54F9E.d.9D2DA69D744ACADFD35C4269ABDBC776.e.25088"}]}
COMMAND: GET /session/fcfdec3f19b04732468f3b81cff77eec/element/f.4917B356C9E108E3489CB9DCB9E54F9E.d.9D2DA69D744ACADFD35C4269ABDBC776.e.25088/enabled - {}
COMMAND: GET /session/fcfdec3f19b04732468f3b81cff77eec/screenshot - {}
RESULT: {}
COMMAND: POST /session/fcfdec3f19b04732468f3b81cff77eec/execute/sync - {"script":"<script> [8489 bytes]","args":[{"element-6066-11e4-a52e-4f735466cecf":"f.4917B356C9E108E3489CB9DCB9E54F9E.d.9D2DA69D744ACADFD35C4269ABDBC776.e.25088","ELEMENT":"f.4917B356C9E108E3489CB9DCB9E54F9E.d.9D2DA69D744ACADFD35C4269ABDBC776.e.25088"}]}
COMMAND: GET /session/fcfdec3f19b04732468f3b81cff77eec/screenshot - {}
RESULT: {}
RESULT: {"script":"<script> [8489 bytes]","args":[{"element-6066-11e4-a52e-4f735466cecf":"f.4917B356C9E108E3489CB9DCB9E54F9E.d.9D2DA69D744ACADFD35C4269ABDBC776.e.25088","ELEMENT":"f.4917B356C9E108E3489CB9DCB9E54F9E.d.9D2DA69D744ACADFD35C4269ABDBC776.e.25088"}]}
COMMAND: POST /session/fcfdec3f19b04732468f3b81cff77eec/execute/sync - {"script":"<script> [5351 bytes]","args":[{"element-6066-11e4-a52e-4f735466cecf":"f.4917B356C9E108E3489CB9DCB9E54F9E.d.9D2DA69D744ACADFD35C4269ABDBC776.e.25088","ELEMENT":"f.4917B356C9E108E3489CB9DCB9E54F9E.d.9D2DA69D744ACADFD35C4269ABDBC776.e.25088"}]}
COMMAND: GET /session/fcfdec3f19b04732468f3b81cff77eec/screenshot - {}
RESULT: {}
RESULT: {"script":"<script> [5351 bytes]","args":[{"element-6066-11e4-a52e-4f735466cecf":"f.4917B356C9E108E3489CB9DCB9E54F9E.d.9D2DA69D744ACADFD35C4269ABDBC776.e.25088","ELEMENT":"f.4917B356C9E108E3489CB9DCB9E54F9E.d.9D2DA69D744ACADFD35C4269ABDBC776.e.25088"}]}
COMMAND: GET /session/fcfdec3f19b04732468f3b81cff77eec/screenshot - {}
RESULT: {}
RESULT: {}
COMMAND: POST /session/fcfdec3f19b04732468f3b81cff77eec/element/f.4917B356C9E108E3489CB9DCB9E54F9E.d.9D2DA69D744ACADFD35C4269ABDBC776.e.25088/clear - {}
RESULT: {}
COMMAND: POST /session/fcfdec3f19b04732468f3b81cff77eec/element/f.4917B356C9E108E3489CB9DCB9E54F9E.d.9D2DA69D744ACADFD35C4269ABDBC776.e.25088/value - {"text":"247"}
COMMAND: GET /session/fcfdec3f19b04732468f3b81cff77eec/screenshot - {}
RESULT: {"text":"247"}
COMMAND: POST /session/fcfdec3f19b04732468f3b81cff77eec/actions - {"actions":[{"id":"action79","type":"key","parameters":{},"actions":[{"type":"keyDown","value":""},{"type":"pause","duration":10},{"type":"keyUp","value":""}]}]}
COMMAND: GET /session/fcfdec3f19b04732468f3b81cff77eec/screenshot - {}
RESULT: {}
RESULT: {"actions":[{"id":"action79","type":"key","parameters":{},"actions":[{"type":"keyDown","value":""},{"type":"pause","duration":10},{"type":"keyUp","value":""}]}]}
COMMAND: GET /session/fcfdec3f19b04732468f3b81cff77eec/screenshot - {}
RESULT: {}
RESULT: {}
COMMAND: POST /session/fcfdec3f19b04732468f3b81cff77eec/element - {"using":"xpath","value":"//button[contains(@data-kt, \"MasterMovementAddOverflowToolbarButton\")]"}
RESULT: {"using":"xpath","value":"//button[contains(@data-kt, \"MasterMovementAddOverflowToolbarButton\")]"}
COMMAND: POST /session/fcfdec3f19b04732468f3b81cff77eec/element/f.4917B356C9E108E3489CB9DCB9E54F9E.d.9D2DA69D744ACADFD35C4269ABDBC776.e.25124/click - {}
RESULT: {}
COMMAND: GET /session/fcfdec3f19b04732468f3b81cff77eec/screenshot - {}
RESULT: {}
COMMAND: POST /session/fcfdec3f19b04732468f3b81cff77eec/element - {"using":"xpath","value":"//*[@id=\"application-warehousemovements-display-component---addMovement--sectionsList-arrow\"]"}
RESULT: {"using":"xpath","value":"//*[@id=\"application-warehousemovements-display-component---addMovement--sectionsList-arrow\"]"}
COMMAND: POST /session/fcfdec3f19b04732468f3b81cff77eec/element/f.4917B356C9E108E3489CB9DCB9E54F9E.d.9D2DA69D744ACADFD35C4269ABDBC776.e.25329/click - {}
RESULT: {}
COMMAND: POST /session/fcfdec3f19b04732468f3b81cff77eec/actions - {"actions":[{"id":"action80","type":"key","parameters":{},"actions":[{"type":"keyDown","value":""},{"type":"pause","duration":10},{"type":"keyUp","value":""}]}]}
RESULT: {"actions":[{"id":"action80","type":"key","parameters":{},"actions":[{"type":"keyDown","value":""},{"type":"pause","duration":10},{"type":"keyUp","value":""}]}]}
COMMAND: GET /session/fcfdec3f19b04732468f3b81cff77eec/screenshot - {}
COMMAND: GET /session/fcfdec3f19b04732468f3b81cff77eec/screenshot - {}
RESULT: {}
RESULT: {}
COMMAND: POST /session/fcfdec3f19b04732468f3b81cff77eec/actions - {"actions":[{"id":"action81","type":"key","parameters":{},"actions":[{"type":"keyDown","value":""},{"type":"pause","duration":10},{"type":"keyUp","value":""}]}]}
RESULT: {"actions":[{"id":"action81","type":"key","parameters":{},"actions":[{"type":"keyDown","value":""},{"type":"pause","duration":10},{"type":"keyUp","value":""}]}]}
COMMAND: GET /session/fcfdec3f19b04732468f3b81cff77eec/screenshot - {}
RESULT: {}
COMMAND: POST /session/fcfdec3f19b04732468f3b81cff77eec/element - {"using":"xpath","value":"//*[@id=\"application-warehousemovements-display-component---addMovement--saveMovementBtn-BDI-content\" and text()=\"Save\"]"}
RESULT: {"using":"xpath","value":"//*[@id=\"application-warehousemovements-display-component---addMovement--saveMovementBtn-BDI-content\" and text()=\"Save\"]"}
COMMAND: POST /session/fcfdec3f19b04732468f3b81cff77eec/element/f.4917B356C9E108E3489CB9DCB9E54F9E.d.9D2DA69D744ACADFD35C4269ABDBC776.e.25330/click - {}
RESULT: {}
COMMAND: GET /session/fcfdec3f19b04732468f3b81cff77eec/screenshot - {}
RESULT: {}
COMMAND: POST /session/fcfdec3f19b04732468f3b81cff77eec/element - {"using":"css selector","value":"#shell-header-logo"}
RESULT: {"using":"css selector","value":"#shell-header-logo"}
COMMAND: POST /session/fcfdec3f19b04732468f3b81cff77eec/element/f.4917B356C9E108E3489CB9DCB9E54F9E.d.9D2DA69D744ACADFD35C4269ABDBC776.e.25083/click - {}
RESULT: {}
COMMAND: GET /session/fcfdec3f19b04732468f3b81cff77eec/screenshot - {}
RESULT: {}
]]></system-out>
    </testcase>
    <testcase classname="chrome.136_0_7103_93.windows.Create_masterdata_for_Yard_Overview_-_trigger_provide_US130988" name="Should do a stock increase handover for equipment" time="94.926">
      <system-out><![CDATA[
COMMAND: POST /session/fcfdec3f19b04732468f3b81cff77eec/execute/async - {"script":"<script> [1562 bytes]","args":[{"selector":{"controlType":"sap.m.GenericTile","properties":{"header":"Manage Handovers"}},"wdio_ui5_key":"sapm.GenericTile{\"header\":\"Manage Handovers\"}"}]}
RESULT: {"script":"<script> [1562 bytes]","args":[{"selector":{"controlType":"sap.m.GenericTile","properties":{"header":"Manage Handovers"}},"wdio_ui5_key":"sapm.GenericTile{\"header\":\"Manage Handovers\"}"}]}
RESULT: undefined
COMMAND: POST /session/fcfdec3f19b04732468f3b81cff77eec/element - {"using":"xpath","value":"//*[@id=\"__tile133\"]"}
RESULT: {"using":"xpath","value":"//*[@id=\"__tile133\"]"}
COMMAND: POST /session/fcfdec3f19b04732468f3b81cff77eec/element/f.4917B356C9E108E3489CB9DCB9E54F9E.d.9D2DA69D744ACADFD35C4269ABDBC776.e.24398/click - {}
RESULT: {}
COMMAND: GET /session/fcfdec3f19b04732468f3b81cff77eec/screenshot - {}
RESULT: {}
COMMAND: POST /session/fcfdec3f19b04732468f3b81cff77eec/elements - {"using":"xpath","value":"//span[text()='Error']"}
RESULT: {"using":"xpath","value":"//span[text()='Error']"}
COMMAND: POST /session/fcfdec3f19b04732468f3b81cff77eec/element - {"using":"xpath","value":"//button[@data-kt=\"masterHOAddButton\"]"}
RESULT: {"using":"xpath","value":"//button[@data-kt=\"masterHOAddButton\"]"}
COMMAND: POST /session/fcfdec3f19b04732468f3b81cff77eec/elements - {"using":"xpath","value":"//button[@data-kt=\"masterHOAddButton\"]"}
RESULT: {"using":"xpath","value":"//button[@data-kt=\"masterHOAddButton\"]"}
COMMAND: POST /session/fcfdec3f19b04732468f3b81cff77eec/execute/sync - {"script":"<script> [8489 bytes]","args":[{"element-6066-11e4-a52e-4f735466cecf":"f.4917B356C9E108E3489CB9DCB9E54F9E.d.9D2DA69D744ACADFD35C4269ABDBC776.e.25436","ELEMENT":"f.4917B356C9E108E3489CB9DCB9E54F9E.d.9D2DA69D744ACADFD35C4269ABDBC776.e.25436"}]}
RESULT: {"script":"<script> [8489 bytes]","args":[{"element-6066-11e4-a52e-4f735466cecf":"f.4917B356C9E108E3489CB9DCB9E54F9E.d.9D2DA69D744ACADFD35C4269ABDBC776.e.25436","ELEMENT":"f.4917B356C9E108E3489CB9DCB9E54F9E.d.9D2DA69D744ACADFD35C4269ABDBC776.e.25436"}]}
COMMAND: GET /session/fcfdec3f19b04732468f3b81cff77eec/element/f.4917B356C9E108E3489CB9DCB9E54F9E.d.9D2DA69D744ACADFD35C4269ABDBC776.e.25436/enabled - {}
COMMAND: GET /session/fcfdec3f19b04732468f3b81cff77eec/screenshot - {}
RESULT: {}
COMMAND: POST /session/fcfdec3f19b04732468f3b81cff77eec/execute/sync - {"script":"<script> [8489 bytes]","args":[{"element-6066-11e4-a52e-4f735466cecf":"f.4917B356C9E108E3489CB9DCB9E54F9E.d.9D2DA69D744ACADFD35C4269ABDBC776.e.25436","ELEMENT":"f.4917B356C9E108E3489CB9DCB9E54F9E.d.9D2DA69D744ACADFD35C4269ABDBC776.e.25436"}]}
COMMAND: GET /session/fcfdec3f19b04732468f3b81cff77eec/screenshot - {}
RESULT: {}
RESULT: {"script":"<script> [8489 bytes]","args":[{"element-6066-11e4-a52e-4f735466cecf":"f.4917B356C9E108E3489CB9DCB9E54F9E.d.9D2DA69D744ACADFD35C4269ABDBC776.e.25436","ELEMENT":"f.4917B356C9E108E3489CB9DCB9E54F9E.d.9D2DA69D744ACADFD35C4269ABDBC776.e.25436"}]}
COMMAND: POST /session/fcfdec3f19b04732468f3b81cff77eec/execute/sync - {"script":"<script> [5351 bytes]","args":[{"element-6066-11e4-a52e-4f735466cecf":"f.4917B356C9E108E3489CB9DCB9E54F9E.d.9D2DA69D744ACADFD35C4269ABDBC776.e.25436","ELEMENT":"f.4917B356C9E108E3489CB9DCB9E54F9E.d.9D2DA69D744ACADFD35C4269ABDBC776.e.25436"}]}
COMMAND: GET /session/fcfdec3f19b04732468f3b81cff77eec/screenshot - {}
RESULT: {}
RESULT: {"script":"<script> [5351 bytes]","args":[{"element-6066-11e4-a52e-4f735466cecf":"f.4917B356C9E108E3489CB9DCB9E54F9E.d.9D2DA69D744ACADFD35C4269ABDBC776.e.25436","ELEMENT":"f.4917B356C9E108E3489CB9DCB9E54F9E.d.9D2DA69D744ACADFD35C4269ABDBC776.e.25436"}]}
COMMAND: POST /session/fcfdec3f19b04732468f3b81cff77eec/element/f.4917B356C9E108E3489CB9DCB9E54F9E.d.9D2DA69D744ACADFD35C4269ABDBC776.e.25436/click - {}
COMMAND: GET /session/fcfdec3f19b04732468f3b81cff77eec/screenshot - {}
RESULT: {}
RESULT: {}
COMMAND: GET /session/fcfdec3f19b04732468f3b81cff77eec/screenshot - {}
RESULT: {}
RESULT: {}
COMMAND: POST /session/fcfdec3f19b04732468f3b81cff77eec/element - {"using":"xpath","value":"//span[contains(@id ,\"AddNewHO--typeSelect-arrow\")]"}
RESULT: {"using":"xpath","value":"//span[contains(@id ,\"AddNewHO--typeSelect-arrow\")]"}
COMMAND: POST /session/fcfdec3f19b04732468f3b81cff77eec/element/f.4917B356C9E108E3489CB9DCB9E54F9E.d.9D2DA69D744ACADFD35C4269ABDBC776.e.25795/click - {}
RESULT: {}
COMMAND: GET /session/fcfdec3f19b04732468f3b81cff77eec/screenshot - {}
RESULT: {}
COMMAND: POST /session/fcfdec3f19b04732468f3b81cff77eec/element - {"using":"xpath","value":"(//li[contains(text(), \"stock increase yard\")])[1]"}
RESULT: {"using":"xpath","value":"(//li[contains(text(), \"stock increase yard\")])[1]"}
COMMAND: POST /session/fcfdec3f19b04732468f3b81cff77eec/element/f.4917B356C9E108E3489CB9DCB9E54F9E.d.9D2DA69D744ACADFD35C4269ABDBC776.e.25798/click - {}
RESULT: {}
COMMAND: GET /session/fcfdec3f19b04732468f3b81cff77eec/screenshot - {}
RESULT: {}
COMMAND: POST /session/fcfdec3f19b04732468f3b81cff77eec/execute/async - {"script":"<script> [1562 bytes]","args":[{"selector":{"id":"application-managehandovers-display-component---AddNewHO--dueDate","interaction":{"idSuffix":"inner"}},"wdio_ui5_key":"applicationmanagehandovers-display-component---AddNewHO--dueDate"}]}
RESULT: {"script":"<script> [1562 bytes]","args":[{"selector":{"id":"application-managehandovers-display-component---AddNewHO--dueDate","interaction":{"idSuffix":"inner"}},"wdio_ui5_key":"applicationmanagehandovers-display-component---AddNewHO--dueDate"}]}
RESULT: undefined
COMMAND: POST /session/fcfdec3f19b04732468f3b81cff77eec/execute/async - {"script":"<script> [6424 bytes]","args":[{"element-6066-11e4-a52e-4f735466cecf":"f.4917B356C9E108E3489CB9DCB9E54F9E.d.9D2DA69D744ACADFD35C4269ABDBC776.e.25802"},"setValue",["5/24/25"]]}
RESULT: {"script":"<script> [6424 bytes]","args":[{"element-6066-11e4-a52e-4f735466cecf":"f.4917B356C9E108E3489CB9DCB9E54F9E.d.9D2DA69D744ACADFD35C4269ABDBC776.e.25802"},"setValue",["5/24/25"]]}
COMMAND: POST /session/fcfdec3f19b04732468f3b81cff77eec/element - {"using":"xpath","value":"//input[@id=\"generalSectionFrg--receiveYard-inner\"]"}
RESULT: {"using":"xpath","value":"//input[@id=\"generalSectionFrg--receiveYard-inner\"]"}
COMMAND: POST /session/fcfdec3f19b04732468f3b81cff77eec/element/f.4917B356C9E108E3489CB9DCB9E54F9E.d.9D2DA69D744ACADFD35C4269ABDBC776.e.25808/clear - {}
RESULT: {}
COMMAND: POST /session/fcfdec3f19b04732468f3b81cff77eec/element/f.4917B356C9E108E3489CB9DCB9E54F9E.d.9D2DA69D744ACADFD35C4269ABDBC776.e.25808/value - {"text":"247"}
COMMAND: GET /session/fcfdec3f19b04732468f3b81cff77eec/screenshot - {}
RESULT: {"text":"247"}
COMMAND: GET /session/fcfdec3f19b04732468f3b81cff77eec/screenshot - {}
RESULT: {}
RESULT: {}
COMMAND: POST /session/fcfdec3f19b04732468f3b81cff77eec/element - {"using":"xpath","value":"//li[.//span[text()='247']]"}
RESULT: {"using":"xpath","value":"//li[.//span[text()='247']]"}
COMMAND: POST /session/fcfdec3f19b04732468f3b81cff77eec/element/f.4917B356C9E108E3489CB9DCB9E54F9E.d.9D2DA69D744ACADFD35C4269ABDBC776.e.25823/click - {}
RESULT: {}
COMMAND: GET /session/fcfdec3f19b04732468f3b81cff77eec/screenshot - {}
RESULT: {}
COMMAND: POST /session/fcfdec3f19b04732468f3b81cff77eec/execute/async - {"script":"<script> [1562 bytes]","args":[{"selector":{"id":"application-managehandovers-display-component---AddNewHO--ObjectPageLayout-anchBar-application-managehandovers-display-component---AddNewHO--section4-anchor","interaction":{"idSuffix":"BDI-content"}},"wdio_ui5_key":"applicationmanagehandovers-display-component---AddNewHO--ObjectPageLayout-anchBar-application-managehandovers-display-component---AddNewHO--section4-anchor"}]}
RESULT: {"script":"<script> [1562 bytes]","args":[{"selector":{"id":"application-managehandovers-display-component---AddNewHO--ObjectPageLayout-anchBar-application-managehandovers-display-component---AddNewHO--section4-anchor","interaction":{"idSuffix":"BDI-content"}},"wdio_ui5_key":"applicationmanagehandovers-display-component---AddNewHO--ObjectPageLayout-anchBar-application-managehandovers-display-component---AddNewHO--section4-anchor"}]}
RESULT: undefined
COMMAND: POST /session/fcfdec3f19b04732468f3b81cff77eec/element - {"using":"xpath","value":"//*[@id=\"application-managehandovers-display-component---AddNewHO--ObjectPageLayout-anchBar-application-managehandovers-display-component---AddNewHO--section4-anchor\"]"}
RESULT: {"using":"xpath","value":"//*[@id=\"application-managehandovers-display-component---AddNewHO--ObjectPageLayout-anchBar-application-managehandovers-display-component---AddNewHO--section4-anchor\"]"}
COMMAND: POST /session/fcfdec3f19b04732468f3b81cff77eec/element/f.4917B356C9E108E3489CB9DCB9E54F9E.d.9D2DA69D744ACADFD35C4269ABDBC776.e.25825/click - {}
RESULT: {}
COMMAND: POST /session/fcfdec3f19b04732468f3b81cff77eec/element - {"using":"xpath","value":"//button[@aria-label=\"Add\"]"}
COMMAND: GET /session/fcfdec3f19b04732468f3b81cff77eec/screenshot - {}
RESULT: {"using":"xpath","value":"//button[@aria-label=\"Add\"]"}
COMMAND: POST /session/fcfdec3f19b04732468f3b81cff77eec/element/f.4917B356C9E108E3489CB9DCB9E54F9E.d.9D2DA69D744ACADFD35C4269ABDBC776.e.25829/click - {}
RESULT: {}
RESULT: {}
COMMAND: GET /session/fcfdec3f19b04732468f3b81cff77eec/screenshot - {}
RESULT: {}
COMMAND: POST /session/fcfdec3f19b04732468f3b81cff77eec/execute/async - {"script":"<script> [1562 bytes]","args":[{"selector":{"id":"application-managehandovers-display-component---AddNewHO--smartFilterBar-btnBasicSearch","searchOpenDialogs":true,"interaction":{"idSuffix":"I"}},"wdio_ui5_key":"applicationmanagehandovers-display-component---AddNewHO--smartFilterBar-btnBasicSearch"}]}
RESULT: {"script":"<script> [1562 bytes]","args":[{"selector":{"id":"application-managehandovers-display-component---AddNewHO--smartFilterBar-btnBasicSearch","searchOpenDialogs":true,"interaction":{"idSuffix":"I"}},"wdio_ui5_key":"applicationmanagehandovers-display-component---AddNewHO--smartFilterBar-btnBasicSearch"}]}
RESULT: undefined
COMMAND: POST /session/fcfdec3f19b04732468f3b81cff77eec/execute/async - {"script":"<script> [776 bytes]","args":[{"enterText":"200118","selector":{"id":"application-managehandovers-display-component---AddNewHO--smartFilterBar-btnBasicSearch","searchOpenDialogs":true,"interaction":{"idSuffix":"I"}},"clearTextFirst":true,"interactionType":"ENTER_TEXT"}]}
RESULT: {"script":"<script> [776 bytes]","args":[{"enterText":"200118","selector":{"id":"application-managehandovers-display-component---AddNewHO--smartFilterBar-btnBasicSearch","searchOpenDialogs":true,"interaction":{"idSuffix":"I"}},"clearTextFirst":true,"interactionType":"ENTER_TEXT"}]}
COMMAND: POST /session/fcfdec3f19b04732468f3b81cff77eec/actions - {"actions":[{"id":"action82","type":"key","parameters":{},"actions":[{"type":"keyDown","value":""},{"type":"pause","duration":10},{"type":"keyUp","value":""}]}]}
RESULT: {"actions":[{"id":"action82","type":"key","parameters":{},"actions":[{"type":"keyDown","value":""},{"type":"pause","duration":10},{"type":"keyUp","value":""}]}]}
COMMAND: GET /session/fcfdec3f19b04732468f3b81cff77eec/screenshot - {}
RESULT: {}
COMMAND: POST /session/fcfdec3f19b04732468f3b81cff77eec/execute/async - {"script":"<script> [1562 bytes]","args":[{"selector":{"id":"application-managehandovers-display-component---AddNewHO--popup-sa","searchOpenDialogs":true,"interaction":{"idSuffix":"CbBg"}},"wdio_ui5_key":"applicationmanagehandovers-display-component---AddNewHO--popup-sa"}]}
RESULT: {"script":"<script> [1562 bytes]","args":[{"selector":{"id":"application-managehandovers-display-component---AddNewHO--popup-sa","searchOpenDialogs":true,"interaction":{"idSuffix":"CbBg"}},"wdio_ui5_key":"applicationmanagehandovers-display-component---AddNewHO--popup-sa"}]}
RESULT: undefined
COMMAND: POST /session/fcfdec3f19b04732468f3b81cff77eec/element - {"using":"xpath","value":"//*[@id=\"application-managehandovers-display-component---AddNewHO--popup-sa\"]"}
RESULT: {"using":"xpath","value":"//*[@id=\"application-managehandovers-display-component---AddNewHO--popup-sa\"]"}
COMMAND: POST /session/fcfdec3f19b04732468f3b81cff77eec/element/f.4917B356C9E108E3489CB9DCB9E54F9E.d.9D2DA69D744ACADFD35C4269ABDBC776.e.25984/click - {}
RESULT: {}
COMMAND: GET /session/fcfdec3f19b04732468f3b81cff77eec/screenshot - {}
RESULT: {}
COMMAND: POST /session/fcfdec3f19b04732468f3b81cff77eec/element - {"using":"xpath","value":"//bdi[contains(text(), \"Select\")]"}
RESULT: {"using":"xpath","value":"//bdi[contains(text(), \"Select\")]"}
COMMAND: POST /session/fcfdec3f19b04732468f3b81cff77eec/element/f.4917B356C9E108E3489CB9DCB9E54F9E.d.9D2DA69D744ACADFD35C4269ABDBC776.e.25985/click - {}
RESULT: {}
COMMAND: GET /session/fcfdec3f19b04732468f3b81cff77eec/screenshot - {}
RESULT: {}
COMMAND: POST /session/fcfdec3f19b04732468f3b81cff77eec/element - {"using":"xpath","value":"//button[@data-kt=\"AddNewHOSaveButton\"]"}
RESULT: {"using":"xpath","value":"//button[@data-kt=\"AddNewHOSaveButton\"]"}
COMMAND: POST /session/fcfdec3f19b04732468f3b81cff77eec/element/f.4917B356C9E108E3489CB9DCB9E54F9E.d.9D2DA69D744ACADFD35C4269ABDBC776.e.25989/click - {}
RESULT: {}
COMMAND: GET /session/fcfdec3f19b04732468f3b81cff77eec/screenshot - {}
RESULT: {}
COMMAND: POST /session/fcfdec3f19b04732468f3b81cff77eec/execute/async - {"script":"<script> [1562 bytes]","args":[{"selector":{"id":"receiptDatePicker","viewName":"etm.portal.ui.managehandovers.view.DetailExecuteHO","interaction":{"idSuffix":"inner"}},"wdio_ui5_key":"receiptDatePickeretmportal.ui.managehandovers.view.DetailExecuteHO"}]}
RESULT: {"script":"<script> [1562 bytes]","args":[{"selector":{"id":"receiptDatePicker","viewName":"etm.portal.ui.managehandovers.view.DetailExecuteHO","interaction":{"idSuffix":"inner"}},"wdio_ui5_key":"receiptDatePickeretmportal.ui.managehandovers.view.DetailExecuteHO"}]}
RESULT: undefined
COMMAND: POST /session/fcfdec3f19b04732468f3b81cff77eec/execute/async - {"script":"<script> [6424 bytes]","args":[{"element-6066-11e4-a52e-4f735466cecf":"f.4917B356C9E108E3489CB9DCB9E54F9E.d.9D2DA69D744ACADFD35C4269ABDBC776.e.26018"},"setValue",["5/24/25"]]}
RESULT: {"script":"<script> [6424 bytes]","args":[{"element-6066-11e4-a52e-4f735466cecf":"f.4917B356C9E108E3489CB9DCB9E54F9E.d.9D2DA69D744ACADFD35C4269ABDBC776.e.26018"},"setValue",["5/24/25"]]}
COMMAND: POST /session/fcfdec3f19b04732468f3b81cff77eec/element - {"using":"xpath","value":"//button[@data-kt=\"ReceivingTableConfirmAllButton\"]"}
RESULT: {"using":"xpath","value":"//button[@data-kt=\"ReceivingTableConfirmAllButton\"]"}
COMMAND: POST /session/fcfdec3f19b04732468f3b81cff77eec/element/f.4917B356C9E108E3489CB9DCB9E54F9E.d.9D2DA69D744ACADFD35C4269ABDBC776.e.26036/click - {}
RESULT: {}
COMMAND: GET /session/fcfdec3f19b04732468f3b81cff77eec/screenshot - {}
RESULT: {}
COMMAND: POST /session/fcfdec3f19b04732468f3b81cff77eec/element - {"using":"xpath","value":"//bdi[contains(text(), \"OK\")]"}
RESULT: {"using":"xpath","value":"//bdi[contains(text(), \"OK\")]"}
COMMAND: POST /session/fcfdec3f19b04732468f3b81cff77eec/element/f.4917B356C9E108E3489CB9DCB9E54F9E.d.9D2DA69D744ACADFD35C4269ABDBC776.e.26038/click - {}
RESULT: {}
COMMAND: GET /session/fcfdec3f19b04732468f3b81cff77eec/screenshot - {}
RESULT: {}
COMMAND: POST /session/fcfdec3f19b04732468f3b81cff77eec/element - {"using":"xpath","value":"(//bdi[contains(text(), \"Receive\")])[2]"}
RESULT: {"using":"xpath","value":"(//bdi[contains(text(), \"Receive\")])[2]"}
COMMAND: POST /session/fcfdec3f19b04732468f3b81cff77eec/element/f.4917B356C9E108E3489CB9DCB9E54F9E.d.9D2DA69D744ACADFD35C4269ABDBC776.e.26040/click - {}
RESULT: {}
COMMAND: GET /session/fcfdec3f19b04732468f3b81cff77eec/screenshot - {}
RESULT: {}
COMMAND: POST /session/fcfdec3f19b04732468f3b81cff77eec/element - {"using":"css selector","value":"#shell-header-logo"}
RESULT: {"using":"css selector","value":"#shell-header-logo"}
COMMAND: POST /session/fcfdec3f19b04732468f3b81cff77eec/element/f.4917B356C9E108E3489CB9DCB9E54F9E.d.9D2DA69D744ACADFD35C4269ABDBC776.e.25408/click - {}
RESULT: {}
COMMAND: GET /session/fcfdec3f19b04732468f3b81cff77eec/screenshot - {}
RESULT: {}
]]></system-out>
    </testcase>
    <testcase classname="chrome.136_0_7103_93.windows.Create_masterdata_for_Yard_Overview_-_trigger_provide_US130988" name="Set status to defect" time="60.905">
      <system-out><![CDATA[
COMMAND: POST /session/fcfdec3f19b04732468f3b81cff77eec/execute/async - {"script":"<script> [1562 bytes]","args":[{"selector":{"controlType":"sap.m.GenericTile","properties":{"header":"Manage States & Performance"}},"wdio_ui5_key":"sapm.GenericTile{\"header\":\"Manage States & Performance\"}"}]}
RESULT: {"script":"<script> [1562 bytes]","args":[{"selector":{"controlType":"sap.m.GenericTile","properties":{"header":"Manage States & Performance"}},"wdio_ui5_key":"sapm.GenericTile{\"header\":\"Manage States & Performance\"}"}]}
RESULT: undefined
COMMAND: POST /session/fcfdec3f19b04732468f3b81cff77eec/element - {"using":"xpath","value":"//*[@id=\"__tile96\"]"}
RESULT: {"using":"xpath","value":"//*[@id=\"__tile96\"]"}
COMMAND: POST /session/fcfdec3f19b04732468f3b81cff77eec/element/f.4917B356C9E108E3489CB9DCB9E54F9E.d.9D2DA69D744ACADFD35C4269ABDBC776.e.24442/click - {}
RESULT: {}
COMMAND: GET /session/fcfdec3f19b04732468f3b81cff77eec/screenshot - {}
RESULT: {}
COMMAND: POST /session/fcfdec3f19b04732468f3b81cff77eec/elements - {"using":"xpath","value":"//span[text()='Error']"}
RESULT: {"using":"xpath","value":"//span[text()='Error']"}
COMMAND: POST /session/fcfdec3f19b04732468f3b81cff77eec/execute/async - {"script":"<script> [1562 bytes]","args":[{"selector":{"controlType":"sap.ui.core.Icon","viewName":"etm.portal.ui.managestatesandperformance.view.Master","viewId":"application-managestatesandperformance-display-component---stateAndPerform","properties":{"src":{"regex":{"source":"inventory"}}}},"wdio_ui5_key":"etmportal.ui.managestatesandperformance.view.Mastersap.ui.core.Icon{\"src\":{\"regex\":{\"source\":\"inventory\"}}}"}]}
RESULT: {"script":"<script> [1562 bytes]","args":[{"selector":{"controlType":"sap.ui.core.Icon","viewName":"etm.portal.ui.managestatesandperformance.view.Master","viewId":"application-managestatesandperformance-display-component---stateAndPerform","properties":{"src":{"regex":{"source":"inventory"}}}},"wdio_ui5_key":"etmportal.ui.managestatesandperformance.view.Mastersap.ui.core.Icon{\"src\":{\"regex\":{\"source\":\"inventory\"}}}"}]}
RESULT: undefined
COMMAND: POST /session/fcfdec3f19b04732468f3b81cff77eec/element - {"using":"xpath","value":"//*[@id=\"__filter57-icon\"]"}
RESULT: {"using":"xpath","value":"//*[@id=\"__filter57-icon\"]"}
COMMAND: POST /session/fcfdec3f19b04732468f3b81cff77eec/element/f.4917B356C9E108E3489CB9DCB9E54F9E.d.9D2DA69D744ACADFD35C4269ABDBC776.e.26412/click - {}
RESULT: {}
COMMAND: POST /session/fcfdec3f19b04732468f3b81cff77eec/execute/async - {"script":"<script> [1562 bytes]","args":[{"selector":{"id":"application-managestatesandperformance-display-component---stateAndPerform--smartFilterBarYard-btnBasicSearch","interaction":{"idSuffix":"I"}},"wdio_ui5_key":"applicationmanagestatesandperformance-display-component---stateAndPerform--smartFilterBarYard-btnBasicSearch"}]}
COMMAND: GET /session/fcfdec3f19b04732468f3b81cff77eec/screenshot - {}
RESULT: {"script":"<script> [1562 bytes]","args":[{"selector":{"id":"application-managestatesandperformance-display-component---stateAndPerform--smartFilterBarYard-btnBasicSearch","interaction":{"idSuffix":"I"}},"wdio_ui5_key":"applicationmanagestatesandperformance-display-component---stateAndPerform--smartFilterBarYard-btnBasicSearch"}]}
RESULT: undefined
COMMAND: POST /session/fcfdec3f19b04732468f3b81cff77eec/execute/async - {"script":"<script> [776 bytes]","args":[{"enterText":"200118","selector":{"id":"application-managestatesandperformance-display-component---stateAndPerform--smartFilterBarYard-btnBasicSearch","interaction":{"idSuffix":"I"}},"clearTextFirst":true,"interactionType":"ENTER_TEXT"}]}
RESULT: {}
RESULT: {"script":"<script> [776 bytes]","args":[{"enterText":"200118","selector":{"id":"application-managestatesandperformance-display-component---stateAndPerform--smartFilterBarYard-btnBasicSearch","interaction":{"idSuffix":"I"}},"clearTextFirst":true,"interactionType":"ENTER_TEXT"}]}
COMMAND: POST /session/fcfdec3f19b04732468f3b81cff77eec/actions - {"actions":[{"id":"action83","type":"key","parameters":{},"actions":[{"type":"keyDown","value":""},{"type":"pause","duration":10},{"type":"keyUp","value":""}]}]}
RESULT: {"actions":[{"id":"action83","type":"key","parameters":{},"actions":[{"type":"keyDown","value":""},{"type":"pause","duration":10},{"type":"keyUp","value":""}]}]}
COMMAND: GET /session/fcfdec3f19b04732468f3b81cff77eec/screenshot - {}
RESULT: {}
COMMAND: POST /session/fcfdec3f19b04732468f3b81cff77eec/element - {"using":"xpath","value":"(//span[contains(@id, \"imgNav\")])[1]"}
RESULT: {"using":"xpath","value":"(//span[contains(@id, \"imgNav\")])[1]"}
COMMAND: POST /session/fcfdec3f19b04732468f3b81cff77eec/element/f.4917B356C9E108E3489CB9DCB9E54F9E.d.9D2DA69D744ACADFD35C4269ABDBC776.e.26493/click - {}
RESULT: {}
COMMAND: GET /session/fcfdec3f19b04732468f3b81cff77eec/screenshot - {}
RESULT: {}
COMMAND: POST /session/fcfdec3f19b04732468f3b81cff77eec/execute/async - {"script":"<script> [1562 bytes]","args":[{"selector":{"controlType":"sap.m.Button","viewName":"etm.portal.ui.managestatesandperformance.view.Detail","viewId":"application-managestatesandperformance-display-component---detailStateAndPerform","i18NText":{"propertyName":"text","key":"createStateChange"},"interaction":{"idSuffix":"content"}},"wdio_ui5_key":"etmportal.ui.managestatesandperformance.view.Detailsap.m.Button{\"propertyName\":\"text\",\"key\":\"createStateChange\"}"}]}
RESULT: {"script":"<script> [1562 bytes]","args":[{"selector":{"controlType":"sap.m.Button","viewName":"etm.portal.ui.managestatesandperformance.view.Detail","viewId":"application-managestatesandperformance-display-component---detailStateAndPerform","i18NText":{"propertyName":"text","key":"createStateChange"},"interaction":{"idSuffix":"content"}},"wdio_ui5_key":"etmportal.ui.managestatesandperformance.view.Detailsap.m.Button{\"propertyName\":\"text\",\"key\":\"createStateChange\"}"}]}
RESULT: undefined
COMMAND: POST /session/fcfdec3f19b04732468f3b81cff77eec/element - {"using":"xpath","value":"//*[@id=\"__button186\"]"}
RESULT: {"using":"xpath","value":"//*[@id=\"__button186\"]"}
COMMAND: POST /session/fcfdec3f19b04732468f3b81cff77eec/element/f.4917B356C9E108E3489CB9DCB9E54F9E.d.9D2DA69D744ACADFD35C4269ABDBC776.e.26538/click - {}
RESULT: {}
COMMAND: GET /session/fcfdec3f19b04732468f3b81cff77eec/screenshot - {}
RESULT: {}
COMMAND: POST /session/fcfdec3f19b04732468f3b81cff77eec/execute/async - {"script":"<script> [1562 bytes]","args":[{"selector":{"id":"addStateDialog--stateSelect","searchOpenDialogs":true,"interaction":{"idSuffix":"arrow"}},"wdio_ui5_key":"addStateDialogstateSelect"}]}
RESULT: {"script":"<script> [1562 bytes]","args":[{"selector":{"id":"addStateDialog--stateSelect","searchOpenDialogs":true,"interaction":{"idSuffix":"arrow"}},"wdio_ui5_key":"addStateDialogstateSelect"}]}
RESULT: undefined
COMMAND: POST /session/fcfdec3f19b04732468f3b81cff77eec/element - {"using":"xpath","value":"//*[@id=\"addStateDialog--stateSelect\"]"}
RESULT: {"using":"xpath","value":"//*[@id=\"addStateDialog--stateSelect\"]"}
COMMAND: POST /session/fcfdec3f19b04732468f3b81cff77eec/element/f.4917B356C9E108E3489CB9DCB9E54F9E.d.9D2DA69D744ACADFD35C4269ABDBC776.e.26572/click - {}
RESULT: {}
COMMAND: GET /session/fcfdec3f19b04732468f3b81cff77eec/screenshot - {}
RESULT: {}
COMMAND: POST /session/fcfdec3f19b04732468f3b81cff77eec/element - {"using":"xpath","value":"//li[text()=\"defect\"]"}
RESULT: {"using":"xpath","value":"//li[text()=\"defect\"]"}
COMMAND: POST /session/fcfdec3f19b04732468f3b81cff77eec/element/f.4917B356C9E108E3489CB9DCB9E54F9E.d.9D2DA69D744ACADFD35C4269ABDBC776.e.26574/click - {}
RESULT: {}
COMMAND: GET /session/fcfdec3f19b04732468f3b81cff77eec/screenshot - {}
RESULT: {}
COMMAND: POST /session/fcfdec3f19b04732468f3b81cff77eec/element - {"using":"xpath","value":"//span[contains(@id,\"incrementBtn\")]"}
RESULT: {"using":"xpath","value":"//span[contains(@id,\"incrementBtn\")]"}
COMMAND: POST /session/fcfdec3f19b04732468f3b81cff77eec/element/f.4917B356C9E108E3489CB9DCB9E54F9E.d.9D2DA69D744ACADFD35C4269ABDBC776.e.26576/click - {}
RESULT: {}
COMMAND: GET /session/fcfdec3f19b04732468f3b81cff77eec/screenshot - {}
RESULT: {}
COMMAND: POST /session/fcfdec3f19b04732468f3b81cff77eec/element - {"using":"xpath","value":"//button[@data-kt=\"confirmAddStateButton\"]"}
RESULT: {"using":"xpath","value":"//button[@data-kt=\"confirmAddStateButton\"]"}
COMMAND: POST /session/fcfdec3f19b04732468f3b81cff77eec/element/f.4917B356C9E108E3489CB9DCB9E54F9E.d.9D2DA69D744ACADFD35C4269ABDBC776.e.26577/click - {}
RESULT: {}
COMMAND: GET /session/fcfdec3f19b04732468f3b81cff77eec/screenshot - {}
RESULT: {}
COMMAND: POST /session/fcfdec3f19b04732468f3b81cff77eec/element - {"using":"css selector","value":"#shell-header-logo"}
RESULT: {"using":"css selector","value":"#shell-header-logo"}
COMMAND: POST /session/fcfdec3f19b04732468f3b81cff77eec/element/f.4917B356C9E108E3489CB9DCB9E54F9E.d.9D2DA69D744ACADFD35C4269ABDBC776.e.26324/click - {}
RESULT: {}
COMMAND: GET /session/fcfdec3f19b04732468f3b81cff77eec/screenshot - {}
RESULT: {}
]]></system-out>
    </testcase>
    <testcase classname="chrome.136_0_7103_93.windows.Create_masterdata_for_Yard_Overview_-_trigger_provide_US130988" name="Should do a Stock Decrease" time="114.394">
      <system-out><![CDATA[
RESULT: undefined
COMMAND: POST /session/fcfdec3f19b04732468f3b81cff77eec/element - {"using":"xpath","value":"//*[@id=\"__tile133\"]"}
RESULT: {"using":"xpath","value":"//*[@id=\"__tile133\"]"}
COMMAND: POST /session/fcfdec3f19b04732468f3b81cff77eec/element/f.4917B356C9E108E3489CB9DCB9E54F9E.d.9D2DA69D744ACADFD35C4269ABDBC776.e.24398/click - {}
RESULT: {}
COMMAND: GET /session/fcfdec3f19b04732468f3b81cff77eec/screenshot - {}
RESULT: {}
COMMAND: POST /session/fcfdec3f19b04732468f3b81cff77eec/elements - {"using":"xpath","value":"//span[text()='Error']"}
RESULT: {"using":"xpath","value":"//span[text()='Error']"}
COMMAND: POST /session/fcfdec3f19b04732468f3b81cff77eec/element - {"using":"xpath","value":"//button[@data-kt=\"masterHOAddButton\"]"}
RESULT: {"using":"xpath","value":"//button[@data-kt=\"masterHOAddButton\"]"}
COMMAND: POST /session/fcfdec3f19b04732468f3b81cff77eec/elements - {"using":"xpath","value":"//button[@data-kt=\"masterHOAddButton\"]"}
RESULT: {"using":"xpath","value":"//button[@data-kt=\"masterHOAddButton\"]"}
COMMAND: POST /session/fcfdec3f19b04732468f3b81cff77eec/execute/sync - {"script":"<script> [8489 bytes]","args":[{"element-6066-11e4-a52e-4f735466cecf":"f.4917B356C9E108E3489CB9DCB9E54F9E.d.9D2DA69D744ACADFD35C4269ABDBC776.e.26633","ELEMENT":"f.4917B356C9E108E3489CB9DCB9E54F9E.d.9D2DA69D744ACADFD35C4269ABDBC776.e.26633"}]}
RESULT: {"script":"<script> [8489 bytes]","args":[{"element-6066-11e4-a52e-4f735466cecf":"f.4917B356C9E108E3489CB9DCB9E54F9E.d.9D2DA69D744ACADFD35C4269ABDBC776.e.26633","ELEMENT":"f.4917B356C9E108E3489CB9DCB9E54F9E.d.9D2DA69D744ACADFD35C4269ABDBC776.e.26633"}]}
COMMAND: GET /session/fcfdec3f19b04732468f3b81cff77eec/element/f.4917B356C9E108E3489CB9DCB9E54F9E.d.9D2DA69D744ACADFD35C4269ABDBC776.e.26633/enabled - {}
COMMAND: GET /session/fcfdec3f19b04732468f3b81cff77eec/screenshot - {}
RESULT: {}
COMMAND: POST /session/fcfdec3f19b04732468f3b81cff77eec/execute/sync - {"script":"<script> [8489 bytes]","args":[{"element-6066-11e4-a52e-4f735466cecf":"f.4917B356C9E108E3489CB9DCB9E54F9E.d.9D2DA69D744ACADFD35C4269ABDBC776.e.26633","ELEMENT":"f.4917B356C9E108E3489CB9DCB9E54F9E.d.9D2DA69D744ACADFD35C4269ABDBC776.e.26633"}]}
COMMAND: GET /session/fcfdec3f19b04732468f3b81cff77eec/screenshot - {}
RESULT: {}
RESULT: {"script":"<script> [8489 bytes]","args":[{"element-6066-11e4-a52e-4f735466cecf":"f.4917B356C9E108E3489CB9DCB9E54F9E.d.9D2DA69D744ACADFD35C4269ABDBC776.e.26633","ELEMENT":"f.4917B356C9E108E3489CB9DCB9E54F9E.d.9D2DA69D744ACADFD35C4269ABDBC776.e.26633"}]}
COMMAND: POST /session/fcfdec3f19b04732468f3b81cff77eec/execute/sync - {"script":"<script> [5351 bytes]","args":[{"element-6066-11e4-a52e-4f735466cecf":"f.4917B356C9E108E3489CB9DCB9E54F9E.d.9D2DA69D744ACADFD35C4269ABDBC776.e.26633","ELEMENT":"f.4917B356C9E108E3489CB9DCB9E54F9E.d.9D2DA69D744ACADFD35C4269ABDBC776.e.26633"}]}
COMMAND: GET /session/fcfdec3f19b04732468f3b81cff77eec/screenshot - {}
RESULT: {}
RESULT: {}
RESULT: {"script":"<script> [5351 bytes]","args":[{"element-6066-11e4-a52e-4f735466cecf":"f.4917B356C9E108E3489CB9DCB9E54F9E.d.9D2DA69D744ACADFD35C4269ABDBC776.e.26633","ELEMENT":"f.4917B356C9E108E3489CB9DCB9E54F9E.d.9D2DA69D744ACADFD35C4269ABDBC776.e.26633"}]}
COMMAND: POST /session/fcfdec3f19b04732468f3b81cff77eec/element/f.4917B356C9E108E3489CB9DCB9E54F9E.d.9D2DA69D744ACADFD35C4269ABDBC776.e.26633/click - {}
COMMAND: GET /session/fcfdec3f19b04732468f3b81cff77eec/screenshot - {}
RESULT: {}
COMMAND: GET /session/fcfdec3f19b04732468f3b81cff77eec/screenshot - {}
RESULT: {}
RESULT: {}
COMMAND: POST /session/fcfdec3f19b04732468f3b81cff77eec/element - {"using":"xpath","value":"//span[contains(@id ,\"AddNewHO--typeSelect-arrow\")]"}
RESULT: {"using":"xpath","value":"//span[contains(@id ,\"AddNewHO--typeSelect-arrow\")]"}
COMMAND: POST /session/fcfdec3f19b04732468f3b81cff77eec/element/f.4917B356C9E108E3489CB9DCB9E54F9E.d.9D2DA69D744ACADFD35C4269ABDBC776.e.27040/click - {}
RESULT: {}
COMMAND: GET /session/fcfdec3f19b04732468f3b81cff77eec/screenshot - {}
RESULT: {}
COMMAND: POST /session/fcfdec3f19b04732468f3b81cff77eec/element - {"using":"xpath","value":"(//li[contains(text(), \"stock decrease yard\")])[1]"}
RESULT: {"using":"xpath","value":"(//li[contains(text(), \"stock decrease yard\")])[1]"}
COMMAND: POST /session/fcfdec3f19b04732468f3b81cff77eec/element/f.4917B356C9E108E3489CB9DCB9E54F9E.d.9D2DA69D744ACADFD35C4269ABDBC776.e.27041/click - {}
RESULT: {}
COMMAND: GET /session/fcfdec3f19b04732468f3b81cff77eec/screenshot - {}
RESULT: {}
RESULT: undefined
COMMAND: POST /session/fcfdec3f19b04732468f3b81cff77eec/execute/async - {"script":"<script> [6424 bytes]","args":[{"element-6066-11e4-a52e-4f735466cecf":"f.4917B356C9E108E3489CB9DCB9E54F9E.d.9D2DA69D744ACADFD35C4269ABDBC776.e.25802"},"setValue",["5/24/25"]]}
COMMAND: POST /session/fcfdec3f19b04732468f3b81cff77eec/execute/async - {"script":"<script> [1562 bytes]","args":[{"selector":{"id":"application-managehandovers-display-component---AddNewHO--dueDate","interaction":{"idSuffix":"inner"}},"wdio_ui5_key":"applicationmanagehandovers-display-component---AddNewHO--dueDate"}]}
RESULT: {"script":"<script> [1562 bytes]","args":[{"selector":{"id":"application-managehandovers-display-component---AddNewHO--dueDate","interaction":{"idSuffix":"inner"}},"wdio_ui5_key":"applicationmanagehandovers-display-component---AddNewHO--dueDate"}]}
COMMAND: POST /session/fcfdec3f19b04732468f3b81cff77eec/execute/async - {"script":"<script> [6424 bytes]","args":[{"element-6066-11e4-a52e-4f735466cecf":"f.4917B356C9E108E3489CB9DCB9E54F9E.d.9D2DA69D744ACADFD35C4269ABDBC776.e.27055"},"setValue",["5/24/25"]]}
RESULT: {"script":"<script> [6424 bytes]","args":[{"element-6066-11e4-a52e-4f735466cecf":"f.4917B356C9E108E3489CB9DCB9E54F9E.d.9D2DA69D744ACADFD35C4269ABDBC776.e.27055"},"setValue",["5/24/25"]]}
COMMAND: POST /session/fcfdec3f19b04732468f3b81cff77eec/element - {"using":"xpath","value":"//input[@id=\"generalSectionFrg--sendYard-inner\"]"}
RESULT: {"using":"xpath","value":"//input[@id=\"generalSectionFrg--sendYard-inner\"]"}
COMMAND: POST /session/fcfdec3f19b04732468f3b81cff77eec/element/f.4917B356C9E108E3489CB9DCB9E54F9E.d.9D2DA69D744ACADFD35C4269ABDBC776.e.27061/clear - {}
RESULT: {}
COMMAND: POST /session/fcfdec3f19b04732468f3b81cff77eec/element/f.4917B356C9E108E3489CB9DCB9E54F9E.d.9D2DA69D744ACADFD35C4269ABDBC776.e.27061/value - {"text":"247"}
COMMAND: GET /session/fcfdec3f19b04732468f3b81cff77eec/screenshot - {}
RESULT: {"text":"247"}
COMMAND: GET /session/fcfdec3f19b04732468f3b81cff77eec/screenshot - {}
RESULT: {}
RESULT: {}
COMMAND: POST /session/fcfdec3f19b04732468f3b81cff77eec/element - {"using":"xpath","value":"//li[.//span[text()='247']]"}
RESULT: {"using":"xpath","value":"//li[.//span[text()='247']]"}
COMMAND: POST /session/fcfdec3f19b04732468f3b81cff77eec/element/f.4917B356C9E108E3489CB9DCB9E54F9E.d.9D2DA69D744ACADFD35C4269ABDBC776.e.27079/click - {}
RESULT: {}
COMMAND: GET /session/fcfdec3f19b04732468f3b81cff77eec/screenshot - {}
RESULT: {}
COMMAND: POST /session/fcfdec3f19b04732468f3b81cff77eec/execute/async - {"script":"<script> [1562 bytes]","args":[{"selector":{"controlType":"sap.ui.core.Icon","viewName":"etm.portal.ui.managehandovers.view.AddNewHO","viewId":"application-managehandovers-display-component---AddNewHO","properties":{"src":{"regex":{"source":"slim\\-arrow\\-down"}}},"ancestor":{"controlType":"etm.portal.ui.reusables.customControls.LiveSearchComboBox","viewName":"etm.portal.ui.managehandovers.view.AddNewHO","viewId":"application-managehandovers-display-component---AddNewHO","bindingPath":{"path":"","propertyPath":"/FORWARDER","modelName":"hoItemsModel"}}},"wdio_ui5_key":"etmportal.ui.managehandovers.view.AddNewHOsap.ui.core.Icon{\"src\":{\"regex\":{\"source\":\"slim\\\\-arrow\\\\-down\"}}}{\"controlType\":\"etm.portal.ui.reusables.customControls.LiveSearchComboBox\",\"viewName\":\"etm.portal.ui.managehandovers.view.AddNewHO\",\"viewId\":\"application-managehandovers-display-component---AddNewHO\",\"bindingPath\":{\"path\":\"\",\"propertyPath\":\"/FORWARDER\",\"modelName\":\"hoItemsModel\"}}"}]}
RESULT: {"script":"<script> [1562 bytes]","args":[{"selector":{"controlType":"sap.ui.core.Icon","viewName":"etm.portal.ui.managehandovers.view.AddNewHO","viewId":"application-managehandovers-display-component---AddNewHO","properties":{"src":{"regex":{"source":"slim\\-arrow\\-down"}}},"ancestor":{"controlType":"etm.portal.ui.reusables.customControls.LiveSearchComboBox","viewName":"etm.portal.ui.managehandovers.view.AddNewHO","viewId":"application-managehandovers-display-component---AddNewHO","bindingPath":{"path":"","propertyPath":"/FORWARDER","modelName":"hoItemsModel"}}},"wdio_ui5_key":"etmportal.ui.managehandovers.view.AddNewHOsap.ui.core.Icon{\"src\":{\"regex\":{\"source\":\"slim\\\\-arrow\\\\-down\"}}}{\"controlType\":\"etm.portal.ui.reusables.customControls.LiveSearchComboBox\",\"viewName\":\"etm.portal.ui.managehandovers.view.AddNewHO\",\"viewId\":\"application-managehandovers-display-component---AddNewHO\",\"bindingPath\":{\"path\":\"\",\"propertyPath\":\"/FORWARDER\",\"modelName\":\"hoItemsModel\"}}"}]}
RESULT: undefined
COMMAND: POST /session/fcfdec3f19b04732468f3b81cff77eec/element - {"using":"xpath","value":"//*[@id=\"__box41-arrow\"]"}
RESULT: {"using":"xpath","value":"//*[@id=\"__box41-arrow\"]"}
COMMAND: POST /session/fcfdec3f19b04732468f3b81cff77eec/element/f.4917B356C9E108E3489CB9DCB9E54F9E.d.9D2DA69D744ACADFD35C4269ABDBC776.e.27080/click - {}
RESULT: {}
COMMAND: GET /session/fcfdec3f19b04732468f3b81cff77eec/screenshot - {}
RESULT: {}
COMMAND: POST /session/fcfdec3f19b04732468f3b81cff77eec/execute/async - {"script":"<script> [1562 bytes]","args":[{"selector":{"controlType":"sap.m.StandardListItem","viewName":"etm.portal.ui.managehandovers.view.AddNewHO","viewId":"application-managehandovers-display-component---AddNewHO","properties":{"title":"1002 - Test "},"searchOpenDialogs":true,"interaction":{"idSuffix":"content"}},"wdio_ui5_key":"etmportal.ui.managehandovers.view.AddNewHOsap.m.StandardListItem{\"title\":\"1002 - Test \"}"}]}
RESULT: {"script":"<script> [1562 bytes]","args":[{"selector":{"controlType":"sap.m.StandardListItem","viewName":"etm.portal.ui.managehandovers.view.AddNewHO","viewId":"application-managehandovers-display-component---AddNewHO","properties":{"title":"1002 - Test "},"searchOpenDialogs":true,"interaction":{"idSuffix":"content"}},"wdio_ui5_key":"etmportal.ui.managehandovers.view.AddNewHOsap.m.StandardListItem{\"title\":\"1002 - Test \"}"}]}
RESULT: undefined
COMMAND: POST /session/fcfdec3f19b04732468f3b81cff77eec/element - {"using":"xpath","value":"//*[@id=\"__item1045\"]"}
RESULT: {"using":"xpath","value":"//*[@id=\"__item1045\"]"}
COMMAND: POST /session/fcfdec3f19b04732468f3b81cff77eec/element/f.4917B356C9E108E3489CB9DCB9E54F9E.d.9D2DA69D744ACADFD35C4269ABDBC776.e.27083/click - {}
RESULT: {}
COMMAND: GET /session/fcfdec3f19b04732468f3b81cff77eec/screenshot - {}
RESULT: {}
COMMAND: POST /session/fcfdec3f19b04732468f3b81cff77eec/execute/async - {"script":"<script> [1562 bytes]","args":[{"selector":{"controlType":"sap.m.Input","viewName":"etm.portal.ui.managehandovers.view.AddNewHO","viewId":"application-managehandovers-display-component---AddNewHO","bindingPath":{"path":"","propertyPath":"/DRIVER","modelName":"hoItemsModel"},"interaction":{"idSuffix":"inner"}},"wdio_ui5_key":"etmportal.ui.managehandovers.view.AddNewHOsap.m.Input{\"path\":\"\",\"propertyPath\":\"/DRIVER\",\"modelName\":\"hoItemsModel\"}"}]}
RESULT: {"script":"<script> [1562 bytes]","args":[{"selector":{"controlType":"sap.m.Input","viewName":"etm.portal.ui.managehandovers.view.AddNewHO","viewId":"application-managehandovers-display-component---AddNewHO","bindingPath":{"path":"","propertyPath":"/DRIVER","modelName":"hoItemsModel"},"interaction":{"idSuffix":"inner"}},"wdio_ui5_key":"etmportal.ui.managehandovers.view.AddNewHOsap.m.Input{\"path\":\"\",\"propertyPath\":\"/DRIVER\",\"modelName\":\"hoItemsModel\"}"}]}
RESULT: undefined
COMMAND: POST /session/fcfdec3f19b04732468f3b81cff77eec/execute/async - {"script":"<script> [776 bytes]","args":[{"enterText":"StockDecrease Driver","selector":{"controlType":"sap.m.Input","viewName":"etm.portal.ui.managehandovers.view.AddNewHO","viewId":"application-managehandovers-display-component---AddNewHO","bindingPath":{"path":"","propertyPath":"/DRIVER","modelName":"hoItemsModel"},"interaction":{"idSuffix":"inner"}},"clearTextFirst":true,"interactionType":"ENTER_TEXT"}]}
RESULT: {"script":"<script> [776 bytes]","args":[{"enterText":"StockDecrease Driver","selector":{"controlType":"sap.m.Input","viewName":"etm.portal.ui.managehandovers.view.AddNewHO","viewId":"application-managehandovers-display-component---AddNewHO","bindingPath":{"path":"","propertyPath":"/DRIVER","modelName":"hoItemsModel"},"interaction":{"idSuffix":"inner"}},"clearTextFirst":true,"interactionType":"ENTER_TEXT"}]}
COMMAND: POST /session/fcfdec3f19b04732468f3b81cff77eec/execute/async - {"script":"<script> [1562 bytes]","args":[{"selector":{"id":"application-managehandovers-display-component---AddNewHO--responsibleCB-arrow"},"wdio_ui5_key":"applicationmanagehandovers-display-component---AddNewHO--responsibleCB-arrow"}]}
RESULT: {"script":"<script> [1562 bytes]","args":[{"selector":{"id":"application-managehandovers-display-component---AddNewHO--responsibleCB-arrow"},"wdio_ui5_key":"applicationmanagehandovers-display-component---AddNewHO--responsibleCB-arrow"}]}
RESULT: undefined
COMMAND: POST /session/fcfdec3f19b04732468f3b81cff77eec/element - {"using":"xpath","value":"//*[@id=\"application-managehandovers-display-component---AddNewHO--responsibleCB-arrow\"]"}
RESULT: {"using":"xpath","value":"//*[@id=\"application-managehandovers-display-component---AddNewHO--responsibleCB-arrow\"]"}
COMMAND: POST /session/fcfdec3f19b04732468f3b81cff77eec/element/f.4917B356C9E108E3489CB9DCB9E54F9E.d.9D2DA69D744ACADFD35C4269ABDBC776.e.27085/click - {}
RESULT: {}
COMMAND: GET /session/fcfdec3f19b04732468f3b81cff77eec/screenshot - {}
RESULT: {}
COMMAND: POST /session/fcfdec3f19b04732468f3b81cff77eec/execute/async - {"script":"<script> [1562 bytes]","args":[{"selector":{"controlType":"sap.m.StandardListItem","viewName":"etm.portal.ui.managehandovers.view.AddNewHO","viewId":"application-managehandovers-display-component---AddNewHO","properties":{"title":"1 - Test unit Update "},"searchOpenDialogs":true},"wdio_ui5_key":"etmportal.ui.managehandovers.view.AddNewHOsap.m.StandardListItem{\"title\":\"1 - Test unit Update \"}"}]}
RESULT: {"script":"<script> [1562 bytes]","args":[{"selector":{"controlType":"sap.m.StandardListItem","viewName":"etm.portal.ui.managehandovers.view.AddNewHO","viewId":"application-managehandovers-display-component---AddNewHO","properties":{"title":"1 - Test unit Update "},"searchOpenDialogs":true},"wdio_ui5_key":"etmportal.ui.managehandovers.view.AddNewHOsap.m.StandardListItem{\"title\":\"1 - Test unit Update \"}"}]}
RESULT: undefined
COMMAND: POST /session/fcfdec3f19b04732468f3b81cff77eec/element - {"using":"xpath","value":"//*[@id=\"__item1144\"]"}
RESULT: {"using":"xpath","value":"//*[@id=\"__item1144\"]"}
COMMAND: POST /session/fcfdec3f19b04732468f3b81cff77eec/element/f.4917B356C9E108E3489CB9DCB9E54F9E.d.9D2DA69D744ACADFD35C4269ABDBC776.e.27086/click - {}
RESULT: {}
COMMAND: GET /session/fcfdec3f19b04732468f3b81cff77eec/screenshot - {}
RESULT: {}
RESULT: undefined
COMMAND: POST /session/fcfdec3f19b04732468f3b81cff77eec/element - {"using":"xpath","value":"//*[@id=\"application-managehandovers-display-component---AddNewHO--ObjectPageLayout-anchBar-application-managehandovers-display-component---AddNewHO--section4-anchor\"]"}
RESULT: {"using":"xpath","value":"//*[@id=\"application-managehandovers-display-component---AddNewHO--ObjectPageLayout-anchBar-application-managehandovers-display-component---AddNewHO--section4-anchor\"]"}
COMMAND: POST /session/fcfdec3f19b04732468f3b81cff77eec/element/f.4917B356C9E108E3489CB9DCB9E54F9E.d.9D2DA69D744ACADFD35C4269ABDBC776.e.27087/click - {}
RESULT: {}
COMMAND: GET /session/fcfdec3f19b04732468f3b81cff77eec/screenshot - {}
RESULT: {}
COMMAND: POST /session/fcfdec3f19b04732468f3b81cff77eec/execute/async - {"script":"<script> [1562 bytes]","args":[{"selector":{"controlType":"sap.ui.core.Icon","viewName":"etm.portal.ui.managehandovers.view.AddNewHO","viewId":"application-managehandovers-display-component---AddNewHO","properties":{"src":{"regex":{"source":"add"}}}},"wdio_ui5_key":"etmportal.ui.managehandovers.view.AddNewHOsap.ui.core.Icon{\"src\":{\"regex\":{\"source\":\"add\"}}}"}]}
RESULT: {"script":"<script> [1562 bytes]","args":[{"selector":{"controlType":"sap.ui.core.Icon","viewName":"etm.portal.ui.managehandovers.view.AddNewHO","viewId":"application-managehandovers-display-component---AddNewHO","properties":{"src":{"regex":{"source":"add"}}}},"wdio_ui5_key":"etmportal.ui.managehandovers.view.AddNewHOsap.ui.core.Icon{\"src\":{\"regex\":{\"source\":\"add\"}}}"}]}
RESULT: undefined
COMMAND: POST /session/fcfdec3f19b04732468f3b81cff77eec/element - {"using":"xpath","value":"//*[@id=\"__button220-img\"]"}
RESULT: {"using":"xpath","value":"//*[@id=\"__button220-img\"]"}
COMMAND: POST /session/fcfdec3f19b04732468f3b81cff77eec/element/f.4917B356C9E108E3489CB9DCB9E54F9E.d.9D2DA69D744ACADFD35C4269ABDBC776.e.27091/click - {}
RESULT: {}
RESULT: undefined
COMMAND: POST /session/fcfdec3f19b04732468f3b81cff77eec/execute/async - {"script":"<script> [776 bytes]","args":[{"enterText":"200118","selector":{"id":"application-managehandovers-display-component---AddNewHO--smartFilterBar-btnBasicSearch","searchOpenDialogs":true,"interaction":{"idSuffix":"I"}},"clearTextFirst":true,"interactionType":"ENTER_TEXT"}]}
COMMAND: GET /session/fcfdec3f19b04732468f3b81cff77eec/screenshot - {}
RESULT: {"script":"<script> [776 bytes]","args":[{"enterText":"200118","selector":{"id":"application-managehandovers-display-component---AddNewHO--smartFilterBar-btnBasicSearch","searchOpenDialogs":true,"interaction":{"idSuffix":"I"}},"clearTextFirst":true,"interactionType":"ENTER_TEXT"}]}
RESULT: {}
RESULT: undefined
COMMAND: POST /session/fcfdec3f19b04732468f3b81cff77eec/element - {"using":"xpath","value":"//*[@id=\"application-managehandovers-display-component---AddNewHO--popup-sa\"]"}
RESULT: {"using":"xpath","value":"//*[@id=\"application-managehandovers-display-component---AddNewHO--popup-sa\"]"}
COMMAND: POST /session/fcfdec3f19b04732468f3b81cff77eec/element/f.4917B356C9E108E3489CB9DCB9E54F9E.d.9D2DA69D744ACADFD35C4269ABDBC776.e.27129/click - {}
RESULT: {}
COMMAND: GET /session/fcfdec3f19b04732468f3b81cff77eec/screenshot - {}
RESULT: {}
COMMAND: POST /session/fcfdec3f19b04732468f3b81cff77eec/element - {"using":"xpath","value":"//*[contains(@id ,\"BDI-content\")][contains(text(), \"Select\")]"}
RESULT: {"using":"xpath","value":"//*[contains(@id ,\"BDI-content\")][contains(text(), \"Select\")]"}
COMMAND: POST /session/fcfdec3f19b04732468f3b81cff77eec/element/f.4917B356C9E108E3489CB9DCB9E54F9E.d.9D2DA69D744ACADFD35C4269ABDBC776.e.27130/click - {}
RESULT: {}
COMMAND: POST /session/fcfdec3f19b04732468f3b81cff77eec/execute/async - {"script":"<script> [1562 bytes]","args":[{"selector":{"controlType":"sap.m.Button","viewName":"etm.portal.ui.managehandovers.view.AddNewHO","viewId":"application-managehandovers-display-component---AddNewHO","bindingPath":{"path":"/items/0","propertyPath":"QUANTITY","modelName":"hoItemsModel"},"interaction":{"idSuffix":"inner"}},"wdio_ui5_key":"etmportal.ui.managehandovers.view.AddNewHOsap.m.Button{\"path\":\"/items/0\",\"propertyPath\":\"QUANTITY\",\"modelName\":\"hoItemsModel\"}"}]}
COMMAND: GET /session/fcfdec3f19b04732468f3b81cff77eec/screenshot - {}
RESULT: {"script":"<script> [1562 bytes]","args":[{"selector":{"controlType":"sap.m.Button","viewName":"etm.portal.ui.managehandovers.view.AddNewHO","viewId":"application-managehandovers-display-component---AddNewHO","bindingPath":{"path":"/items/0","propertyPath":"QUANTITY","modelName":"hoItemsModel"},"interaction":{"idSuffix":"inner"}},"wdio_ui5_key":"etmportal.ui.managehandovers.view.AddNewHOsap.m.Button{\"path\":\"/items/0\",\"propertyPath\":\"QUANTITY\",\"modelName\":\"hoItemsModel\"}"}]}
RESULT: undefined
COMMAND: POST /session/fcfdec3f19b04732468f3b81cff77eec/element - {"using":"xpath","value":"//*[@id=\"__button221-__clone2135\"]"}
RESULT: {}
RESULT: {"using":"xpath","value":"//*[@id=\"__button221-__clone2135\"]"}
COMMAND: POST /session/fcfdec3f19b04732468f3b81cff77eec/element/f.4917B356C9E108E3489CB9DCB9E54F9E.d.9D2DA69D744ACADFD35C4269ABDBC776.e.27134/click - {}
RESULT: {}
COMMAND: POST /session/fcfdec3f19b04732468f3b81cff77eec/execute/async - {"script":"<script> [1562 bytes]","args":[{"selector":{"controlType":"sap.m.NumericInput","viewName":"etm.portal.ui.managehandovers.view.AddNewHO","viewId":"application-managehandovers-display-component---AddNewHO","properties":{"value":"0"},"searchOpenDialogs":true,"interaction":{"idSuffix":"inner"}},"wdio_ui5_key":"etmportal.ui.managehandovers.view.AddNewHOsap.m.NumericInput{\"value\":\"0\"}"}]}
COMMAND: GET /session/fcfdec3f19b04732468f3b81cff77eec/screenshot - {}
RESULT: {"script":"<script> [1562 bytes]","args":[{"selector":{"controlType":"sap.m.NumericInput","viewName":"etm.portal.ui.managehandovers.view.AddNewHO","viewId":"application-managehandovers-display-component---AddNewHO","properties":{"value":"0"},"searchOpenDialogs":true,"interaction":{"idSuffix":"inner"}},"wdio_ui5_key":"etmportal.ui.managehandovers.view.AddNewHOsap.m.NumericInput{\"value\":\"0\"}"}]}
RESULT: undefined
COMMAND: POST /session/fcfdec3f19b04732468f3b81cff77eec/execute/async - {"script":"<script> [776 bytes]","args":[{"enterText":"1","selector":{"controlType":"sap.m.NumericInput","viewName":"etm.portal.ui.managehandovers.view.AddNewHO","viewId":"application-managehandovers-display-component---AddNewHO","properties":{"value":"0"},"searchOpenDialogs":true,"interaction":{"idSuffix":"inner"}},"clearTextFirst":true,"interactionType":"ENTER_TEXT"}]}
RESULT: {}
RESULT: {"script":"<script> [776 bytes]","args":[{"enterText":"1","selector":{"controlType":"sap.m.NumericInput","viewName":"etm.portal.ui.managehandovers.view.AddNewHO","viewId":"application-managehandovers-display-component---AddNewHO","properties":{"value":"0"},"searchOpenDialogs":true,"interaction":{"idSuffix":"inner"}},"clearTextFirst":true,"interactionType":"ENTER_TEXT"}]}
COMMAND: POST /session/fcfdec3f19b04732468f3b81cff77eec/execute/async - {"script":"<script> [1562 bytes]","args":[{"selector":{"controlType":"sap.m.Button","viewName":"etm.portal.ui.managehandovers.view.AddNewHO","viewId":"application-managehandovers-display-component---AddNewHO","i18NText":{"propertyName":"text","key":"confirm"},"searchOpenDialogs":true,"interaction":{"idSuffix":"BDI-content"}},"wdio_ui5_key":"etmportal.ui.managehandovers.view.AddNewHOsap.m.Button{\"propertyName\":\"text\",\"key\":\"confirm\"}"}]}
RESULT: {"script":"<script> [1562 bytes]","args":[{"selector":{"controlType":"sap.m.Button","viewName":"etm.portal.ui.managehandovers.view.AddNewHO","viewId":"application-managehandovers-display-component---AddNewHO","i18NText":{"propertyName":"text","key":"confirm"},"searchOpenDialogs":true,"interaction":{"idSuffix":"BDI-content"}},"wdio_ui5_key":"etmportal.ui.managehandovers.view.AddNewHOsap.m.Button{\"propertyName\":\"text\",\"key\":\"confirm\"}"}]}
RESULT: undefined
COMMAND: POST /session/fcfdec3f19b04732468f3b81cff77eec/element - {"using":"xpath","value":"//*[@id=\"__button224\"]"}
RESULT: {"using":"xpath","value":"//*[@id=\"__button224\"]"}
COMMAND: POST /session/fcfdec3f19b04732468f3b81cff77eec/element/f.4917B356C9E108E3489CB9DCB9E54F9E.d.9D2DA69D744ACADFD35C4269ABDBC776.e.27135/click - {}
RESULT: {}
COMMAND: POST /session/fcfdec3f19b04732468f3b81cff77eec/execute/async - {"script":"<script> [1562 bytes]","args":[{"selector":{"id":"application-managehandovers-display-component---AddNewHO--confirmCreationButton","interaction":{"idSuffix":"inner"}},"wdio_ui5_key":"applicationmanagehandovers-display-component---AddNewHO--confirmCreationButton"}]}
COMMAND: GET /session/fcfdec3f19b04732468f3b81cff77eec/screenshot - {}
RESULT: {"script":"<script> [1562 bytes]","args":[{"selector":{"id":"application-managehandovers-display-component---AddNewHO--confirmCreationButton","interaction":{"idSuffix":"inner"}},"wdio_ui5_key":"applicationmanagehandovers-display-component---AddNewHO--confirmCreationButton"}]}
RESULT: undefined
COMMAND: POST /session/fcfdec3f19b04732468f3b81cff77eec/element - {"using":"xpath","value":"//*[@id=\"application-managehandovers-display-component---AddNewHO--confirmCreationButton\"]"}
RESULT: {}
RESULT: {"using":"xpath","value":"//*[@id=\"application-managehandovers-display-component---AddNewHO--confirmCreationButton\"]"}
COMMAND: POST /session/fcfdec3f19b04732468f3b81cff77eec/element/f.4917B356C9E108E3489CB9DCB9E54F9E.d.9D2DA69D744ACADFD35C4269ABDBC776.e.27146/click - {}
RESULT: {}
COMMAND: GET /session/fcfdec3f19b04732468f3b81cff77eec/screenshot - {}
RESULT: {}
RESULT: undefined
COMMAND: POST /session/fcfdec3f19b04732468f3b81cff77eec/execute/async - {"script":"<script> [776 bytes]","args":[{"enterText":"5/24/25","selector":{"id":"receiptDatePicker","viewName":"etm.portal.ui.managehandovers.view.DetailExecuteHO","interaction":{"idSuffix":"inner"}},"clearTextFirst":true,"interactionType":"ENTER_TEXT"}]}
RESULT: {"script":"<script> [776 bytes]","args":[{"enterText":"5/24/25","selector":{"id":"receiptDatePicker","viewName":"etm.portal.ui.managehandovers.view.DetailExecuteHO","interaction":{"idSuffix":"inner"}},"clearTextFirst":true,"interactionType":"ENTER_TEXT"}]}
COMMAND: POST /session/fcfdec3f19b04732468f3b81cff77eec/element - {"using":"xpath","value":"//button[@data-kt=\"IssuingTableConfirmAllButton\"]"}
RESULT: {"using":"xpath","value":"//button[@data-kt=\"IssuingTableConfirmAllButton\"]"}
COMMAND: POST /session/fcfdec3f19b04732468f3b81cff77eec/element/f.4917B356C9E108E3489CB9DCB9E54F9E.d.9D2DA69D744ACADFD35C4269ABDBC776.e.27200/click - {}
RESULT: {}
COMMAND: GET /session/fcfdec3f19b04732468f3b81cff77eec/screenshot - {}
RESULT: {}
COMMAND: POST /session/fcfdec3f19b04732468f3b81cff77eec/element - {"using":"xpath","value":"//bdi[contains(text(), \"OK\")]"}
RESULT: {"using":"xpath","value":"//bdi[contains(text(), \"OK\")]"}
COMMAND: POST /session/fcfdec3f19b04732468f3b81cff77eec/element/f.4917B356C9E108E3489CB9DCB9E54F9E.d.9D2DA69D744ACADFD35C4269ABDBC776.e.27203/click - {}
RESULT: {}
COMMAND: GET /session/fcfdec3f19b04732468f3b81cff77eec/screenshot - {}
RESULT: {}
COMMAND: POST /session/fcfdec3f19b04732468f3b81cff77eec/element - {"using":"xpath","value":"//bdi[contains(text(), \"Issue\")]"}
RESULT: {"using":"xpath","value":"//bdi[contains(text(), \"Issue\")]"}
COMMAND: POST /session/fcfdec3f19b04732468f3b81cff77eec/element/f.4917B356C9E108E3489CB9DCB9E54F9E.d.9D2DA69D744ACADFD35C4269ABDBC776.e.27204/click - {}
RESULT: {}
COMMAND: GET /session/fcfdec3f19b04732468f3b81cff77eec/screenshot - {}
RESULT: {}
COMMAND: POST /session/fcfdec3f19b04732468f3b81cff77eec/element - {"using":"css selector","value":"#shell-header-logo"}
RESULT: {"using":"css selector","value":"#shell-header-logo"}
COMMAND: POST /session/fcfdec3f19b04732468f3b81cff77eec/element/f.4917B356C9E108E3489CB9DCB9E54F9E.d.9D2DA69D744ACADFD35C4269ABDBC776.e.26583/click - {}
RESULT: {}
COMMAND: GET /session/fcfdec3f19b04732468f3b81cff77eec/screenshot - {}
RESULT: {}
COMMAND: POST /session/fcfdec3f19b04732468f3b81cff77eec/element - {"using":"css selector","value":"#j_username"}
COMMAND: POST /session/fcfdec3f19b04732468f3b81cff77eec/url - {"url":"https://qa-testing-00-live-etm-ui.cfapps.eu10-004.hana.ondemand.com/"}
RESULT: {"using":"css selector","value":"#j_username"}
COMMAND: POST /session/fcfdec3f19b04732468f3b81cff77eec/element - {"using":"css selector","value":"#j_username"}
RESULT: {"url":"https://qa-testing-00-live-etm-ui.cfapps.eu10-004.hana.ondemand.com/"}
RESULT: undefined
COMMAND: GET /session/fcfdec3f19b04732468f3b81cff77eec/screenshot - {}
RESULT: {"using":"css selector","value":"#j_username"}
COMMAND: POST /session/fcfdec3f19b04732468f3b81cff77eec/element - {"using":"css selector","value":"#shell-header-logo"}
RESULT: {}
RESULT: {"using":"css selector","value":"#shell-header-logo"}
COMMAND: POST /session/fcfdec3f19b04732468f3b81cff77eec/execute/sync - {"script":"<script> [8489 bytes]","args":[{"element-6066-11e4-a52e-4f735466cecf":"f.4917B356C9E108E3489CB9DCB9E54F9E.d.A54C4D7A0CF8A2A0F6CDC55F6A872293.e.27486","ELEMENT":"f.4917B356C9E108E3489CB9DCB9E54F9E.d.A54C4D7A0CF8A2A0F6CDC55F6A872293.e.27486"}]}
RESULT: {"script":"<script> [8489 bytes]","args":[{"element-6066-11e4-a52e-4f735466cecf":"f.4917B356C9E108E3489CB9DCB9E54F9E.d.A54C4D7A0CF8A2A0F6CDC55F6A872293.e.27486","ELEMENT":"f.4917B356C9E108E3489CB9DCB9E54F9E.d.A54C4D7A0CF8A2A0F6CDC55F6A872293.e.27486"}]}
COMMAND: POST /session/fcfdec3f19b04732468f3b81cff77eec/element - {"using":"css selector","value":"#shell-header-logo"}
COMMAND: GET /session/fcfdec3f19b04732468f3b81cff77eec/screenshot - {}
RESULT: {"using":"css selector","value":"#shell-header-logo"}
COMMAND: POST /session/fcfdec3f19b04732468f3b81cff77eec/execute/sync - {"script":"<script> [8489 bytes]","args":[{"element-6066-11e4-a52e-4f735466cecf":"f.4917B356C9E108E3489CB9DCB9E54F9E.d.A54C4D7A0CF8A2A0F6CDC55F6A872293.e.27486","ELEMENT":"f.4917B356C9E108E3489CB9DCB9E54F9E.d.A54C4D7A0CF8A2A0F6CDC55F6A872293.e.27486"}]}
RESULT: {}
RESULT: {"script":"<script> [8489 bytes]","args":[{"element-6066-11e4-a52e-4f735466cecf":"f.4917B356C9E108E3489CB9DCB9E54F9E.d.A54C4D7A0CF8A2A0F6CDC55F6A872293.e.27486","ELEMENT":"f.4917B356C9E108E3489CB9DCB9E54F9E.d.A54C4D7A0CF8A2A0F6CDC55F6A872293.e.27486"}]}
COMMAND: POST /session/fcfdec3f19b04732468f3b81cff77eec/execute/sync - {"script":"<script> [5351 bytes]","args":[{"element-6066-11e4-a52e-4f735466cecf":"f.4917B356C9E108E3489CB9DCB9E54F9E.d.A54C4D7A0CF8A2A0F6CDC55F6A872293.e.27486","ELEMENT":"f.4917B356C9E108E3489CB9DCB9E54F9E.d.A54C4D7A0CF8A2A0F6CDC55F6A872293.e.27486"}]}
COMMAND: GET /session/fcfdec3f19b04732468f3b81cff77eec/screenshot - {}
RESULT: {"script":"<script> [5351 bytes]","args":[{"element-6066-11e4-a52e-4f735466cecf":"f.4917B356C9E108E3489CB9DCB9E54F9E.d.A54C4D7A0CF8A2A0F6CDC55F6A872293.e.27486","ELEMENT":"f.4917B356C9E108E3489CB9DCB9E54F9E.d.A54C4D7A0CF8A2A0F6CDC55F6A872293.e.27486"}]}
COMMAND: POST /session/fcfdec3f19b04732468f3b81cff77eec/element - {"using":"css selector","value":"#shell-header-logo"}
COMMAND: GET /session/fcfdec3f19b04732468f3b81cff77eec/screenshot - {}
RESULT: {}
RESULT: {"using":"css selector","value":"#shell-header-logo"}
COMMAND: POST /session/fcfdec3f19b04732468f3b81cff77eec/element/f.4917B356C9E108E3489CB9DCB9E54F9E.d.A54C4D7A0CF8A2A0F6CDC55F6A872293.e.27486/click - {}
RESULT: {}
RESULT: {}
COMMAND: GET /session/fcfdec3f19b04732468f3b81cff77eec/screenshot - {}
RESULT: {}
COMMAND: POST /session/fcfdec3f19b04732468f3b81cff77eec/execute/async - {"script":"<script> [189 bytes]","args":[]}
RESULT: {"script":"<script> [189 bytes]","args":[]}
COMMAND: POST /session/fcfdec3f19b04732468f3b81cff77eec/execute/async - {"script":"<script> [123 bytes]","args":[]}
RESULT: {"script":"<script> [123 bytes]","args":[]}
COMMAND: POST /session/fcfdec3f19b04732468f3b81cff77eec/timeouts - {"script":"<number>"}
RESULT: {"script":"<number>"}
COMMAND: GET /session/fcfdec3f19b04732468f3b81cff77eec/timeouts - {}
RESULT: {}
RESULT: undefined
COMMAND: POST /session/fcfdec3f19b04732468f3b81cff77eec/execute/async - {"script":"<script> [2676 bytes]","args":[]}
RESULT: {"script":"<script> [2676 bytes]","args":[]}
COMMAND: POST /session/fcfdec3f19b04732468f3b81cff77eec/execute/async - {"script":"<script> [2342 bytes]","args":[{"protocol":"http","hostname":"0.0.0.0","path":"/","capabilities":{"browserName":"chrome","goog:chromeOptions":{"binary":"C:\\Program Files\\Google\\Chrome\\Application\\chrome.exe","args":["--start-maximized"]}},"logLevel":"warn","connectionRetryTimeout":120000,"connectionRetryCount":3,"logLevels":{},"enableDirectConnect":true,"strictSSL":true,"_":"65 more keys: [\"cacheDir\",\"port\",\"requestedCapabilities\",\"automationProtocol\",\"baseUrl\",\"waitforInterval\",\"waitforTimeout\",\"onReload\",\"beforeCommand\",\"afterCommand\",\"rootDir\",\"specs\",\"suites\",\"exclude\",\"groupLogsByTestSpec\",\"excludeDriverLogs\",\"bail\",\"framework\",\"reporters\",\"services\",\"maxInstances\",\"maxInstancesPerCapability\",\"injectGlobals\",\"filesToWatch\",\"execArgv\",\"runnerEnv\",\"runner\",\"shard\",\"specFileRetries\",\"specFileRetriesDelay\",\"specFileRetriesDeferred\",\"reporterSyncInterval\",\"reporterSyncTimeout\",\"cucumberFeaturesWithLineNumbers\",\"autoCompileOpts\",\"mochaOpts\",\"jasmineOpts\",\"cucumberOpts\",\"onPrepare\",\"onWorkerStart\",\"onWorkerEnd\",\"before\",\"beforeSession\",\"beforeSuite\",\"beforeHook\",\"beforeTest\",\"afterTest\",\"afterHook\",\"afterSuite\",\"afterSession\",\"after\",\"onComplete\",\"beforeAssertion\",\"afterAssertion\",\"beforeFeature\",\"beforeScenario\",\"beforeStep\",\"afterStep\",\"afterScenario\",\"afterFeature\",\"_\",\"suite\",\"$0\",\"ignoredWorkerServices\",\"wdi5\"]"}]}
RESULT: {"script":"<script> [2342 bytes]","args":[{"protocol":"http","hostname":"0.0.0.0","path":"/","capabilities":{"browserName":"chrome","goog:chromeOptions":{"binary":"C:\\Program Files\\Google\\Chrome\\Application\\chrome.exe","args":["--start-maximized"]}},"logLevel":"warn","connectionRetryTimeout":120000,"connectionRetryCount":3,"logLevels":{},"enableDirectConnect":true,"strictSSL":true,"_":"65 more keys: [\"cacheDir\",\"port\",\"requestedCapabilities\",\"automationProtocol\",\"baseUrl\",\"waitforInterval\",\"waitforTimeout\",\"onReload\",\"beforeCommand\",\"afterCommand\",\"rootDir\",\"specs\",\"suites\",\"exclude\",\"groupLogsByTestSpec\",\"excludeDriverLogs\",\"bail\",\"framework\",\"reporters\",\"services\",\"maxInstances\",\"maxInstancesPerCapability\",\"injectGlobals\",\"filesToWatch\",\"execArgv\",\"runnerEnv\",\"runner\",\"shard\",\"specFileRetries\",\"specFileRetriesDelay\",\"specFileRetriesDeferred\",\"reporterSyncInterval\",\"reporterSyncTimeout\",\"cucumberFeaturesWithLineNumbers\",\"autoCompileOpts\",\"mochaOpts\",\"jasmineOpts\",\"cucumberOpts\",\"onPrepare\",\"onWorkerStart\",\"onWorkerEnd\",\"before\",\"beforeSession\",\"beforeSuite\",\"beforeHook\",\"beforeTest\",\"afterTest\",\"afterHook\",\"afterSuite\",\"afterSession\",\"after\",\"onComplete\",\"beforeAssertion\",\"afterAssertion\",\"beforeFeature\",\"beforeScenario\",\"beforeStep\",\"afterStep\",\"afterScenario\",\"afterFeature\",\"_\",\"suite\",\"$0\",\"ignoredWorkerServices\",\"wdi5\"]"}]}
COMMAND: POST /session/fcfdec3f19b04732468f3b81cff77eec/execute/async - {"script":"<script> [21126 bytes]","args":[35000]}
RESULT: {"script":"<script> [21126 bytes]","args":[35000]}
COMMAND: POST /session/fcfdec3f19b04732468f3b81cff77eec/window/maximize - {}
RESULT: {}
COMMAND: POST /session/fcfdec3f19b04732468f3b81cff77eec/execute/async - {"script":"<script> [1562 bytes]","args":[{"selector":{"id":"shell-header","interaction":{"idSuffix":"icon"}},"wdio_ui5_key":"shellheader"}]}
COMMAND: GET /session/fcfdec3f19b04732468f3b81cff77eec/screenshot - {}
RESULT: {"script":"<script> [1562 bytes]","args":[{"selector":{"id":"shell-header","interaction":{"idSuffix":"icon"}},"wdio_ui5_key":"shellheader"}]}
RESULT: undefined
COMMAND: POST /session/fcfdec3f19b04732468f3b81cff77eec/window/fullscreen - {}
RESULT: {}
RESULT: {}
]]></system-out>
    </testcase>
  </testsuite>
  <testsuite timestamp="2025-05-24T17:44:11" time="797.359" tests="7" failures="1" errors="1" skipped="0">
    <properties>
      <property name="specId" value="0"/>
      <property name="suiteName" value="Transfer Yard to Yard US131076"/>
      <property name="capabilities" value="chrome.136_0_7103_93.windows"/>
      <property name="file" value="file:///D:/a/1/s/test/specs/HTR/transfer-yard-to-yard.spec.js"/>
    </properties>
    <testcase classname="chrome.136_0_7103_93.windows.Transfer_Yard_to_Yard_US131076" name="Should create a new yard" time="0.028">
      <system-out><![CDATA[
COMMAND: POST /session/fcfdec3f19b04732468f3b81cff77eec/window/fullscreen - {}
RESULT: {}
]]></system-out>
    </testcase>
    <testcase classname="chrome.136_0_7103_93.windows.Transfer_Yard_to_Yard_US131076" name="Should create a new 2nd yard" time="138.693">
      <system-out><![CDATA[
COMMAND: POST /session/fcfdec3f19b04732468f3b81cff77eec/window/fullscreen - {}
RESULT: {}
COMMAND: POST /session/fcfdec3f19b04732468f3b81cff77eec/execute/async - {"script":"<script> [1562 bytes]","args":[{"selector":{"controlType":"sap.m.GenericTile","properties":{"header":"Manage Yards"}},"wdio_ui5_key":"sapm.GenericTile{\"header\":\"Manage Yards\"}"}]}
RESULT: {"script":"<script> [1562 bytes]","args":[{"selector":{"controlType":"sap.m.GenericTile","properties":{"header":"Manage Yards"}},"wdio_ui5_key":"sapm.GenericTile{\"header\":\"Manage Yards\"}"}]}
RESULT: undefined
COMMAND: POST /session/fcfdec3f19b04732468f3b81cff77eec/element - {"using":"xpath","value":"//*[@id=\"__tile33\"]"}
RESULT: {"using":"xpath","value":"//*[@id=\"__tile33\"]"}
COMMAND: POST /session/fcfdec3f19b04732468f3b81cff77eec/element/f.4917B356C9E108E3489CB9DCB9E54F9E.d.A54C4D7A0CF8A2A0F6CDC55F6A872293.e.27514/click - {}
RESULT: {}
COMMAND: GET /session/fcfdec3f19b04732468f3b81cff77eec/screenshot - {}
COMMAND: POST /session/fcfdec3f19b04732468f3b81cff77eec/elements - {"using":"xpath","value":"//span[text()='Error']"}
RESULT: {}
RESULT: {"using":"xpath","value":"//span[text()='Error']"}
COMMAND: POST /session/fcfdec3f19b04732468f3b81cff77eec/element - {"using":"xpath","value":"//button[@data-kt=\"addNewYardOverflowToolbarButton\"]"}
RESULT: {"using":"xpath","value":"//button[@data-kt=\"addNewYardOverflowToolbarButton\"]"}
COMMAND: POST /session/fcfdec3f19b04732468f3b81cff77eec/elements - {"using":"xpath","value":"//button[@data-kt=\"addNewYardOverflowToolbarButton\"]"}
RESULT: {"using":"xpath","value":"//button[@data-kt=\"addNewYardOverflowToolbarButton\"]"}
COMMAND: POST /session/fcfdec3f19b04732468f3b81cff77eec/execute/sync - {"script":"<script> [8489 bytes]","args":[{"element-6066-11e4-a52e-4f735466cecf":"f.4917B356C9E108E3489CB9DCB9E54F9E.d.A54C4D7A0CF8A2A0F6CDC55F6A872293.e.27635","ELEMENT":"f.4917B356C9E108E3489CB9DCB9E54F9E.d.A54C4D7A0CF8A2A0F6CDC55F6A872293.e.27635"}]}
RESULT: {"script":"<script> [8489 bytes]","args":[{"element-6066-11e4-a52e-4f735466cecf":"f.4917B356C9E108E3489CB9DCB9E54F9E.d.A54C4D7A0CF8A2A0F6CDC55F6A872293.e.27635","ELEMENT":"f.4917B356C9E108E3489CB9DCB9E54F9E.d.A54C4D7A0CF8A2A0F6CDC55F6A872293.e.27635"}]}
COMMAND: GET /session/fcfdec3f19b04732468f3b81cff77eec/element/f.4917B356C9E108E3489CB9DCB9E54F9E.d.A54C4D7A0CF8A2A0F6CDC55F6A872293.e.27635/enabled - {}
COMMAND: GET /session/fcfdec3f19b04732468f3b81cff77eec/screenshot - {}
RESULT: {}
COMMAND: POST /session/fcfdec3f19b04732468f3b81cff77eec/execute/sync - {"script":"<script> [8489 bytes]","args":[{"element-6066-11e4-a52e-4f735466cecf":"f.4917B356C9E108E3489CB9DCB9E54F9E.d.A54C4D7A0CF8A2A0F6CDC55F6A872293.e.27635","ELEMENT":"f.4917B356C9E108E3489CB9DCB9E54F9E.d.A54C4D7A0CF8A2A0F6CDC55F6A872293.e.27635"}]}
RESULT: {}
RESULT: {"script":"<script> [8489 bytes]","args":[{"element-6066-11e4-a52e-4f735466cecf":"f.4917B356C9E108E3489CB9DCB9E54F9E.d.A54C4D7A0CF8A2A0F6CDC55F6A872293.e.27635","ELEMENT":"f.4917B356C9E108E3489CB9DCB9E54F9E.d.A54C4D7A0CF8A2A0F6CDC55F6A872293.e.27635"}]}
COMMAND: POST /session/fcfdec3f19b04732468f3b81cff77eec/execute/sync - {"script":"<script> [5351 bytes]","args":[{"element-6066-11e4-a52e-4f735466cecf":"f.4917B356C9E108E3489CB9DCB9E54F9E.d.A54C4D7A0CF8A2A0F6CDC55F6A872293.e.27635","ELEMENT":"f.4917B356C9E108E3489CB9DCB9E54F9E.d.A54C4D7A0CF8A2A0F6CDC55F6A872293.e.27635"}]}
RESULT: {"script":"<script> [5351 bytes]","args":[{"element-6066-11e4-a52e-4f735466cecf":"f.4917B356C9E108E3489CB9DCB9E54F9E.d.A54C4D7A0CF8A2A0F6CDC55F6A872293.e.27635","ELEMENT":"f.4917B356C9E108E3489CB9DCB9E54F9E.d.A54C4D7A0CF8A2A0F6CDC55F6A872293.e.27635"}]}
COMMAND: POST /session/fcfdec3f19b04732468f3b81cff77eec/element/f.4917B356C9E108E3489CB9DCB9E54F9E.d.A54C4D7A0CF8A2A0F6CDC55F6A872293.e.27635/click - {}
COMMAND: GET /session/fcfdec3f19b04732468f3b81cff77eec/screenshot - {}
COMMAND: GET /session/fcfdec3f19b04732468f3b81cff77eec/screenshot - {}
COMMAND: GET /session/fcfdec3f19b04732468f3b81cff77eec/screenshot - {}
RESULT: {}
COMMAND: GET /session/fcfdec3f19b04732468f3b81cff77eec/screenshot - {}
RESULT: {}
COMMAND: POST /session/fcfdec3f19b04732468f3b81cff77eec/element - {"using":"xpath","value":"//input[@id=\"application-manageyards-display-component---NewYard--yardId-inner\"]"}
RESULT: {}
RESULT: {}
RESULT: {}
RESULT: {"using":"xpath","value":"//input[@id=\"application-manageyards-display-component---NewYard--yardId-inner\"]"}
COMMAND: POST /session/fcfdec3f19b04732468f3b81cff77eec/element - {"using":"xpath","value":"//input[@id=\"application-manageyards-display-component---NewYard--yardId-inner\"]"}
RESULT: {"using":"xpath","value":"//input[@id=\"application-manageyards-display-component---NewYard--yardId-inner\"]"}
COMMAND: POST /session/fcfdec3f19b04732468f3b81cff77eec/execute/async - {"script":"<script> [1562 bytes]","args":[{"selector":{"id":"application-manageyards-display-component---NewYard--addressDetailDetailsName1","interaction":{"idSuffix":"inner"}},"wdio_ui5_key":"applicationmanageyards-display-component---NewYard--addressDetailDetailsName1"}]}
RESULT: {"script":"<script> [1562 bytes]","args":[{"selector":{"id":"application-manageyards-display-component---NewYard--addressDetailDetailsName1","interaction":{"idSuffix":"inner"}},"wdio_ui5_key":"applicationmanageyards-display-component---NewYard--addressDetailDetailsName1"}]}
RESULT: undefined
COMMAND: POST /session/fcfdec3f19b04732468f3b81cff77eec/execute/async - {"script":"<script> [776 bytes]","args":[{"enterText":"Intracompany Yard wdIO","selector":{"id":"application-manageyards-display-component---NewYard--addressDetailDetailsName1","interaction":{"idSuffix":"inner"}},"clearTextFirst":true,"interactionType":"ENTER_TEXT"}]}
RESULT: {"script":"<script> [776 bytes]","args":[{"enterText":"Intracompany Yard wdIO","selector":{"id":"application-manageyards-display-component---NewYard--addressDetailDetailsName1","interaction":{"idSuffix":"inner"}},"clearTextFirst":true,"interactionType":"ENTER_TEXT"}]}
COMMAND: POST /session/fcfdec3f19b04732468f3b81cff77eec/execute/async - {"script":"<script> [1562 bytes]","args":[{"selector":{"id":"application-manageyards-display-component---NewYard--addressDetailDetailsLanguage-arrow"},"wdio_ui5_key":"applicationmanageyards-display-component---NewYard--addressDetailDetailsLanguage-arrow"}]}
RESULT: {"script":"<script> [1562 bytes]","args":[{"selector":{"id":"application-manageyards-display-component---NewYard--addressDetailDetailsLanguage-arrow"},"wdio_ui5_key":"applicationmanageyards-display-component---NewYard--addressDetailDetailsLanguage-arrow"}]}
RESULT: undefined
COMMAND: POST /session/fcfdec3f19b04732468f3b81cff77eec/element - {"using":"xpath","value":"//*[@id=\"application-manageyards-display-component---NewYard--addressDetailDetailsLanguage-arrow\"]"}
RESULT: {"using":"xpath","value":"//*[@id=\"application-manageyards-display-component---NewYard--addressDetailDetailsLanguage-arrow\"]"}
COMMAND: POST /session/fcfdec3f19b04732468f3b81cff77eec/element/f.4917B356C9E108E3489CB9DCB9E54F9E.d.A54C4D7A0CF8A2A0F6CDC55F6A872293.e.28069/click - {}
RESULT: {}
COMMAND: POST /session/fcfdec3f19b04732468f3b81cff77eec/element - {"using":"xpath","value":"//span[contains(text(), \"English\")]"}
COMMAND: GET /session/fcfdec3f19b04732468f3b81cff77eec/screenshot - {}
RESULT: {"using":"xpath","value":"//span[contains(text(), \"English\")]"}
COMMAND: POST /session/fcfdec3f19b04732468f3b81cff77eec/element/f.4917B356C9E108E3489CB9DCB9E54F9E.d.A54C4D7A0CF8A2A0F6CDC55F6A872293.e.28070/click - {}
RESULT: {}
RESULT: {}
COMMAND: POST /session/fcfdec3f19b04732468f3b81cff77eec/execute/async - {"script":"<script> [1562 bytes]","args":[{"selector":{"id":"application-manageyards-display-component---NewYard--addressDetailDetailsCity1","interaction":{"idSuffix":"inner"}},"wdio_ui5_key":"applicationmanageyards-display-component---NewYard--addressDetailDetailsCity1"}]}
COMMAND: GET /session/fcfdec3f19b04732468f3b81cff77eec/screenshot - {}
RESULT: {"script":"<script> [1562 bytes]","args":[{"selector":{"id":"application-manageyards-display-component---NewYard--addressDetailDetailsCity1","interaction":{"idSuffix":"inner"}},"wdio_ui5_key":"applicationmanageyards-display-component---NewYard--addressDetailDetailsCity1"}]}
RESULT: undefined
COMMAND: POST /session/fcfdec3f19b04732468f3b81cff77eec/execute/async - {"script":"<script> [776 bytes]","args":[{"enterText":"Rosario","selector":{"id":"application-manageyards-display-component---NewYard--addressDetailDetailsCity1","interaction":{"idSuffix":"inner"}},"clearTextFirst":true,"interactionType":"ENTER_TEXT"}]}
RESULT: {}
RESULT: {"script":"<script> [776 bytes]","args":[{"enterText":"Rosario","selector":{"id":"application-manageyards-display-component---NewYard--addressDetailDetailsCity1","interaction":{"idSuffix":"inner"}},"clearTextFirst":true,"interactionType":"ENTER_TEXT"}]}
COMMAND: POST /session/fcfdec3f19b04732468f3b81cff77eec/execute/async - {"script":"<script> [1562 bytes]","args":[{"selector":{"id":"application-manageyards-display-component---NewYard--addressDetailDetailsCountry-arrow"},"wdio_ui5_key":"applicationmanageyards-display-component---NewYard--addressDetailDetailsCountry-arrow"}]}
RESULT: {"script":"<script> [1562 bytes]","args":[{"selector":{"id":"application-manageyards-display-component---NewYard--addressDetailDetailsCountry-arrow"},"wdio_ui5_key":"applicationmanageyards-display-component---NewYard--addressDetailDetailsCountry-arrow"}]}
RESULT: undefined
COMMAND: POST /session/fcfdec3f19b04732468f3b81cff77eec/element - {"using":"xpath","value":"//*[@id=\"application-manageyards-display-component---NewYard--addressDetailDetailsCountry-arrow\"]"}
RESULT: {"using":"xpath","value":"//*[@id=\"application-manageyards-display-component---NewYard--addressDetailDetailsCountry-arrow\"]"}
COMMAND: POST /session/fcfdec3f19b04732468f3b81cff77eec/element/f.4917B356C9E108E3489CB9DCB9E54F9E.d.A54C4D7A0CF8A2A0F6CDC55F6A872293.e.28072/click - {}
RESULT: {}
COMMAND: POST /session/fcfdec3f19b04732468f3b81cff77eec/element - {"using":"xpath","value":"//span[contains(text(), \"Argentina\")]"}
COMMAND: GET /session/fcfdec3f19b04732468f3b81cff77eec/screenshot - {}
RESULT: {"using":"xpath","value":"//span[contains(text(), \"Argentina\")]"}
COMMAND: POST /session/fcfdec3f19b04732468f3b81cff77eec/element/f.4917B356C9E108E3489CB9DCB9E54F9E.d.A54C4D7A0CF8A2A0F6CDC55F6A872293.e.28074/click - {}
RESULT: {}
RESULT: {}
COMMAND: POST /session/fcfdec3f19b04732468f3b81cff77eec/execute/async - {"script":"<script> [1562 bytes]","args":[{"selector":{"id":"application-manageyards-display-component---NewYard--addressEditDetailsCostObjectCstType-arrow"},"wdio_ui5_key":"applicationmanageyards-display-component---NewYard--addressEditDetailsCostObjectCstType-arrow"}]}
COMMAND: GET /session/fcfdec3f19b04732468f3b81cff77eec/screenshot - {}
RESULT: {"script":"<script> [1562 bytes]","args":[{"selector":{"id":"application-manageyards-display-component---NewYard--addressEditDetailsCostObjectCstType-arrow"},"wdio_ui5_key":"applicationmanageyards-display-component---NewYard--addressEditDetailsCostObjectCstType-arrow"}]}
RESULT: undefined
COMMAND: POST /session/fcfdec3f19b04732468f3b81cff77eec/element - {"using":"xpath","value":"//*[@id=\"application-manageyards-display-component---NewYard--addressEditDetailsCostObjectCstType-arrow\"]"}
RESULT: {}
RESULT: {"using":"xpath","value":"//*[@id=\"application-manageyards-display-component---NewYard--addressEditDetailsCostObjectCstType-arrow\"]"}
COMMAND: POST /session/fcfdec3f19b04732468f3b81cff77eec/element/f.4917B356C9E108E3489CB9DCB9E54F9E.d.A54C4D7A0CF8A2A0F6CDC55F6A872293.e.28075/click - {}
RESULT: {}
COMMAND: POST /session/fcfdec3f19b04732468f3b81cff77eec/element - {"using":"xpath","value":"//span[contains(text(), \"Cost Center\")]"}
COMMAND: GET /session/fcfdec3f19b04732468f3b81cff77eec/screenshot - {}
RESULT: {"using":"xpath","value":"//span[contains(text(), \"Cost Center\")]"}
COMMAND: POST /session/fcfdec3f19b04732468f3b81cff77eec/element/f.4917B356C9E108E3489CB9DCB9E54F9E.d.A54C4D7A0CF8A2A0F6CDC55F6A872293.e.28076/click - {}
RESULT: {}
RESULT: {}
COMMAND: GET /session/fcfdec3f19b04732468f3b81cff77eec/screenshot - {}
RESULT: {}
COMMAND: POST /session/fcfdec3f19b04732468f3b81cff77eec/element - {"using":"xpath","value":"//span[@id=\"application-manageyards-display-component---NewYard--addressNewCostObjectCstID-vhi\"]"}
RESULT: {"using":"xpath","value":"//span[@id=\"application-manageyards-display-component---NewYard--addressNewCostObjectCstID-vhi\"]"}
COMMAND: POST /session/fcfdec3f19b04732468f3b81cff77eec/execute/sync - {"script":"<script> [8489 bytes]","args":[{"element-6066-11e4-a52e-4f735466cecf":"f.4917B356C9E108E3489CB9DCB9E54F9E.d.A54C4D7A0CF8A2A0F6CDC55F6A872293.e.28080","ELEMENT":"f.4917B356C9E108E3489CB9DCB9E54F9E.d.A54C4D7A0CF8A2A0F6CDC55F6A872293.e.28080"}]}
RESULT: {"script":"<script> [8489 bytes]","args":[{"element-6066-11e4-a52e-4f735466cecf":"f.4917B356C9E108E3489CB9DCB9E54F9E.d.A54C4D7A0CF8A2A0F6CDC55F6A872293.e.28080","ELEMENT":"f.4917B356C9E108E3489CB9DCB9E54F9E.d.A54C4D7A0CF8A2A0F6CDC55F6A872293.e.28080"}]}
COMMAND: POST /session/fcfdec3f19b04732468f3b81cff77eec/execute/async - {"script":"<script> [1562 bytes]","args":[{"selector":{"id":"application-manageyards-display-component---NewYard--addressNewCostObjectCstID-vhi"},"wdio_ui5_key":"applicationmanageyards-display-component---NewYard--addressNewCostObjectCstID-vhi"}]}
COMMAND: GET /session/fcfdec3f19b04732468f3b81cff77eec/screenshot - {}
RESULT: {"script":"<script> [1562 bytes]","args":[{"selector":{"id":"application-manageyards-display-component---NewYard--addressNewCostObjectCstID-vhi"},"wdio_ui5_key":"applicationmanageyards-display-component---NewYard--addressNewCostObjectCstID-vhi"}]}
RESULT: undefined
COMMAND: POST /session/fcfdec3f19b04732468f3b81cff77eec/element - {"using":"xpath","value":"//*[@id=\"application-manageyards-display-component---NewYard--addressNewCostObjectCstID-vhi\"]"}
RESULT: {}
RESULT: {"using":"xpath","value":"//*[@id=\"application-manageyards-display-component---NewYard--addressNewCostObjectCstID-vhi\"]"}
COMMAND: POST /session/fcfdec3f19b04732468f3b81cff77eec/element/f.4917B356C9E108E3489CB9DCB9E54F9E.d.A54C4D7A0CF8A2A0F6CDC55F6A872293.e.28080/click - {}
RESULT: {}
COMMAND: GET /session/fcfdec3f19b04732468f3b81cff77eec/screenshot - {}
RESULT: {}
COMMAND: POST /session/fcfdec3f19b04732468f3b81cff77eec/execute/async - {"script":"<script> [1562 bytes]","args":[{"selector":{"controlType":"sap.m.SearchField","properties":{"placeholder":"Search"},"searchOpenDialogs":true,"interaction":{"idSuffix":"I"}},"wdio_ui5_key":"sapm.SearchField{\"placeholder\":\"Search\"}"}]}
RESULT: {"script":"<script> [1562 bytes]","args":[{"selector":{"controlType":"sap.m.SearchField","properties":{"placeholder":"Search"},"searchOpenDialogs":true,"interaction":{"idSuffix":"I"}},"wdio_ui5_key":"sapm.SearchField{\"placeholder\":\"Search\"}"}]}
RESULT: undefined
COMMAND: POST /session/fcfdec3f19b04732468f3b81cff77eec/execute/async - {"script":"<script> [776 bytes]","args":[{"enterText":"bauh_b","selector":{"controlType":"sap.m.SearchField","properties":{"placeholder":"Search"},"searchOpenDialogs":true,"interaction":{"idSuffix":"I"}},"clearTextFirst":true,"interactionType":"ENTER_TEXT"}]}
RESULT: {"script":"<script> [776 bytes]","args":[{"enterText":"bauh_b","selector":{"controlType":"sap.m.SearchField","properties":{"placeholder":"Search"},"searchOpenDialogs":true,"interaction":{"idSuffix":"I"}},"clearTextFirst":true,"interactionType":"ENTER_TEXT"}]}
COMMAND: POST /session/fcfdec3f19b04732468f3b81cff77eec/actions - {"actions":[{"id":"action84","type":"key","parameters":{},"actions":[{"type":"keyDown","value":""},{"type":"pause","duration":10},{"type":"keyUp","value":""}]}]}
RESULT: {"actions":[{"id":"action84","type":"key","parameters":{},"actions":[{"type":"keyDown","value":""},{"type":"pause","duration":10},{"type":"keyUp","value":""}]}]}
COMMAND: GET /session/fcfdec3f19b04732468f3b81cff77eec/screenshot - {}
RESULT: {}
COMMAND: POST /session/fcfdec3f19b04732468f3b81cff77eec/element - {"using":"xpath","value":"//span[contains(text(), \"Demo Yard\")]"}
RESULT: {"using":"xpath","value":"//span[contains(text(), \"Demo Yard\")]"}
COMMAND: POST /session/fcfdec3f19b04732468f3b81cff77eec/element/f.4917B356C9E108E3489CB9DCB9E54F9E.d.A54C4D7A0CF8A2A0F6CDC55F6A872293.e.28120/click - {}
RESULT: {}
COMMAND: GET /session/fcfdec3f19b04732468f3b81cff77eec/screenshot - {}
RESULT: {}
COMMAND: POST /session/fcfdec3f19b04732468f3b81cff77eec/element - {"using":"xpath","value":"//bdi[contains(text(), \"OK\")]"}
RESULT: {"using":"xpath","value":"//bdi[contains(text(), \"OK\")]"}
COMMAND: POST /session/fcfdec3f19b04732468f3b81cff77eec/element/f.4917B356C9E108E3489CB9DCB9E54F9E.d.A54C4D7A0CF8A2A0F6CDC55F6A872293.e.28121/click - {}
RESULT: {}
COMMAND: GET /session/fcfdec3f19b04732468f3b81cff77eec/screenshot - {}
RESULT: {}
COMMAND: POST /session/fcfdec3f19b04732468f3b81cff77eec/execute/async - {"script":"<script> [1562 bytes]","args":[{"selector":{"id":"application-manageyards-display-component---NewYard--addressEditDetailsCurrency-arrow"},"wdio_ui5_key":"applicationmanageyards-display-component---NewYard--addressEditDetailsCurrency-arrow"}]}
RESULT: {"script":"<script> [1562 bytes]","args":[{"selector":{"id":"application-manageyards-display-component---NewYard--addressEditDetailsCurrency-arrow"},"wdio_ui5_key":"applicationmanageyards-display-component---NewYard--addressEditDetailsCurrency-arrow"}]}
RESULT: undefined
COMMAND: POST /session/fcfdec3f19b04732468f3b81cff77eec/element - {"using":"xpath","value":"//*[@id=\"application-manageyards-display-component---NewYard--addressEditDetailsCurrency-arrow\"]"}
RESULT: {"using":"xpath","value":"//*[@id=\"application-manageyards-display-component---NewYard--addressEditDetailsCurrency-arrow\"]"}
COMMAND: POST /session/fcfdec3f19b04732468f3b81cff77eec/element/f.4917B356C9E108E3489CB9DCB9E54F9E.d.A54C4D7A0CF8A2A0F6CDC55F6A872293.e.28124/click - {}
RESULT: {}
COMMAND: POST /session/fcfdec3f19b04732468f3b81cff77eec/element - {"using":"xpath","value":"//span[contains(text(), \"Euro\")]"}
COMMAND: GET /session/fcfdec3f19b04732468f3b81cff77eec/screenshot - {}
RESULT: {"using":"xpath","value":"//span[contains(text(), \"Euro\")]"}
COMMAND: POST /session/fcfdec3f19b04732468f3b81cff77eec/element/f.4917B356C9E108E3489CB9DCB9E54F9E.d.A54C4D7A0CF8A2A0F6CDC55F6A872293.e.28125/click - {}
RESULT: {}
RESULT: {}
COMMAND: POST /session/fcfdec3f19b04732468f3b81cff77eec/execute/async - {"script":"<script> [1562 bytes]","args":[{"selector":{"controlType":"sap.m.Input","viewName":"etm.portal.ui.manageyards.view.New","viewId":"application-manageyards-display-component---NewYard","bindingPath":{"path":"","propertyPath":"/CONTROLLING_AREA","modelName":"NewYardModel"},"interaction":{"idSuffix":"inner"}},"wdio_ui5_key":"etmportal.ui.manageyards.view.Newsap.m.Input{\"path\":\"\",\"propertyPath\":\"/CONTROLLING_AREA\",\"modelName\":\"NewYardModel\"}"}]}
COMMAND: GET /session/fcfdec3f19b04732468f3b81cff77eec/screenshot - {}
RESULT: {"script":"<script> [1562 bytes]","args":[{"selector":{"controlType":"sap.m.Input","viewName":"etm.portal.ui.manageyards.view.New","viewId":"application-manageyards-display-component---NewYard","bindingPath":{"path":"","propertyPath":"/CONTROLLING_AREA","modelName":"NewYardModel"},"interaction":{"idSuffix":"inner"}},"wdio_ui5_key":"etmportal.ui.manageyards.view.Newsap.m.Input{\"path\":\"\",\"propertyPath\":\"/CONTROLLING_AREA\",\"modelName\":\"NewYardModel\"}"}]}
RESULT: undefined
COMMAND: POST /session/fcfdec3f19b04732468f3b81cff77eec/execute/async - {"script":"<script> [776 bytes]","args":[{"enterText":"Z001","selector":{"controlType":"sap.m.Input","viewName":"etm.portal.ui.manageyards.view.New","viewId":"application-manageyards-display-component---NewYard","bindingPath":{"path":"","propertyPath":"/CONTROLLING_AREA","modelName":"NewYardModel"},"interaction":{"idSuffix":"inner"}},"clearTextFirst":true,"interactionType":"ENTER_TEXT"}]}
RESULT: {}
RESULT: {"script":"<script> [776 bytes]","args":[{"enterText":"Z001","selector":{"controlType":"sap.m.Input","viewName":"etm.portal.ui.manageyards.view.New","viewId":"application-manageyards-display-component---NewYard","bindingPath":{"path":"","propertyPath":"/CONTROLLING_AREA","modelName":"NewYardModel"},"interaction":{"idSuffix":"inner"}},"clearTextFirst":true,"interactionType":"ENTER_TEXT"}]}
COMMAND: POST /session/fcfdec3f19b04732468f3b81cff77eec/execute/async - {"script":"<script> [1562 bytes]","args":[{"selector":{"id":"application-manageyards-display-component---NewYard--companyCodeComboBox","interaction":{"idSuffix":"inner"}},"wdio_ui5_key":"applicationmanageyards-display-component---NewYard--companyCodeComboBox"}]}
RESULT: {"script":"<script> [1562 bytes]","args":[{"selector":{"id":"application-manageyards-display-component---NewYard--companyCodeComboBox","interaction":{"idSuffix":"inner"}},"wdio_ui5_key":"applicationmanageyards-display-component---NewYard--companyCodeComboBox"}]}
RESULT: undefined
COMMAND: POST /session/fcfdec3f19b04732468f3b81cff77eec/execute/async - {"script":"<script> [776 bytes]","args":[{"enterText":"1000","selector":{"id":"application-manageyards-display-component---NewYard--companyCodeComboBox","interaction":{"idSuffix":"inner"}},"clearTextFirst":true,"interactionType":"ENTER_TEXT"}]}
RESULT: {"script":"<script> [776 bytes]","args":[{"enterText":"1000","selector":{"id":"application-manageyards-display-component---NewYard--companyCodeComboBox","interaction":{"idSuffix":"inner"}},"clearTextFirst":true,"interactionType":"ENTER_TEXT"}]}
COMMAND: POST /session/fcfdec3f19b04732468f3b81cff77eec/execute/async - {"script":"<script> [1562 bytes]","args":[{"selector":{"controlType":"sap.m.Input","viewName":"etm.portal.ui.manageyards.view.New","viewId":"application-manageyards-display-component---NewYard","bindingPath":{"path":"","propertyPath":"/PLANT","modelName":"NewYardModel"},"interaction":{"idSuffix":"inner"}},"wdio_ui5_key":"etmportal.ui.manageyards.view.Newsap.m.Input{\"path\":\"\",\"propertyPath\":\"/PLANT\",\"modelName\":\"NewYardModel\"}"}]}
RESULT: {"script":"<script> [1562 bytes]","args":[{"selector":{"controlType":"sap.m.Input","viewName":"etm.portal.ui.manageyards.view.New","viewId":"application-manageyards-display-component---NewYard","bindingPath":{"path":"","propertyPath":"/PLANT","modelName":"NewYardModel"},"interaction":{"idSuffix":"inner"}},"wdio_ui5_key":"etmportal.ui.manageyards.view.Newsap.m.Input{\"path\":\"\",\"propertyPath\":\"/PLANT\",\"modelName\":\"NewYardModel\"}"}]}
RESULT: undefined
COMMAND: POST /session/fcfdec3f19b04732468f3b81cff77eec/execute/async - {"script":"<script> [776 bytes]","args":[{"enterText":"1001","selector":{"controlType":"sap.m.Input","viewName":"etm.portal.ui.manageyards.view.New","viewId":"application-manageyards-display-component---NewYard","bindingPath":{"path":"","propertyPath":"/PLANT","modelName":"NewYardModel"},"interaction":{"idSuffix":"inner"}},"clearTextFirst":true,"interactionType":"ENTER_TEXT"}]}
RESULT: {"script":"<script> [776 bytes]","args":[{"enterText":"1001","selector":{"controlType":"sap.m.Input","viewName":"etm.portal.ui.manageyards.view.New","viewId":"application-manageyards-display-component---NewYard","bindingPath":{"path":"","propertyPath":"/PLANT","modelName":"NewYardModel"},"interaction":{"idSuffix":"inner"}},"clearTextFirst":true,"interactionType":"ENTER_TEXT"}]}
COMMAND: POST /session/fcfdec3f19b04732468f3b81cff77eec/execute/async - {"script":"<script> [1562 bytes]","args":[{"selector":{"controlType":"sap.m.Input","viewName":"etm.portal.ui.manageyards.view.New","viewId":"application-manageyards-display-component---NewYard","bindingPath":{"path":"","propertyPath":"/SALES_AREA_VKORG","modelName":"NewYardModel"},"interaction":{"idSuffix":"inner"}},"wdio_ui5_key":"etmportal.ui.manageyards.view.Newsap.m.Input{\"path\":\"\",\"propertyPath\":\"/SALES_AREA_VKORG\",\"modelName\":\"NewYardModel\"}"}]}
RESULT: {"script":"<script> [1562 bytes]","args":[{"selector":{"controlType":"sap.m.Input","viewName":"etm.portal.ui.manageyards.view.New","viewId":"application-manageyards-display-component---NewYard","bindingPath":{"path":"","propertyPath":"/SALES_AREA_VKORG","modelName":"NewYardModel"},"interaction":{"idSuffix":"inner"}},"wdio_ui5_key":"etmportal.ui.manageyards.view.Newsap.m.Input{\"path\":\"\",\"propertyPath\":\"/SALES_AREA_VKORG\",\"modelName\":\"NewYardModel\"}"}]}
RESULT: undefined
COMMAND: POST /session/fcfdec3f19b04732468f3b81cff77eec/execute/async - {"script":"<script> [776 bytes]","args":[{"enterText":"C002","selector":{"controlType":"sap.m.Input","viewName":"etm.portal.ui.manageyards.view.New","viewId":"application-manageyards-display-component---NewYard","bindingPath":{"path":"","propertyPath":"/SALES_AREA_VKORG","modelName":"NewYardModel"},"interaction":{"idSuffix":"inner"}},"clearTextFirst":true,"interactionType":"ENTER_TEXT"}]}
RESULT: {"script":"<script> [776 bytes]","args":[{"enterText":"C002","selector":{"controlType":"sap.m.Input","viewName":"etm.portal.ui.manageyards.view.New","viewId":"application-manageyards-display-component---NewYard","bindingPath":{"path":"","propertyPath":"/SALES_AREA_VKORG","modelName":"NewYardModel"},"interaction":{"idSuffix":"inner"}},"clearTextFirst":true,"interactionType":"ENTER_TEXT"}]}
COMMAND: POST /session/fcfdec3f19b04732468f3b81cff77eec/execute/async - {"script":"<script> [1562 bytes]","args":[{"selector":{"controlType":"sap.m.Input","viewName":"etm.portal.ui.manageyards.view.New","viewId":"application-manageyards-display-component---NewYard","bindingPath":{"path":"","propertyPath":"/SALES_AREA_VTWEG","modelName":"NewYardModel"},"interaction":{"idSuffix":"inner"}},"wdio_ui5_key":"etmportal.ui.manageyards.view.Newsap.m.Input{\"path\":\"\",\"propertyPath\":\"/SALES_AREA_VTWEG\",\"modelName\":\"NewYardModel\"}"}]}
RESULT: {"script":"<script> [1562 bytes]","args":[{"selector":{"controlType":"sap.m.Input","viewName":"etm.portal.ui.manageyards.view.New","viewId":"application-manageyards-display-component---NewYard","bindingPath":{"path":"","propertyPath":"/SALES_AREA_VTWEG","modelName":"NewYardModel"},"interaction":{"idSuffix":"inner"}},"wdio_ui5_key":"etmportal.ui.manageyards.view.Newsap.m.Input{\"path\":\"\",\"propertyPath\":\"/SALES_AREA_VTWEG\",\"modelName\":\"NewYardModel\"}"}]}
RESULT: undefined
COMMAND: POST /session/fcfdec3f19b04732468f3b81cff77eec/execute/async - {"script":"<script> [776 bytes]","args":[{"enterText":"C2","selector":{"controlType":"sap.m.Input","viewName":"etm.portal.ui.manageyards.view.New","viewId":"application-manageyards-display-component---NewYard","bindingPath":{"path":"","propertyPath":"/SALES_AREA_VTWEG","modelName":"NewYardModel"},"interaction":{"idSuffix":"inner"}},"clearTextFirst":true,"interactionType":"ENTER_TEXT"}]}
RESULT: {"script":"<script> [776 bytes]","args":[{"enterText":"C2","selector":{"controlType":"sap.m.Input","viewName":"etm.portal.ui.manageyards.view.New","viewId":"application-manageyards-display-component---NewYard","bindingPath":{"path":"","propertyPath":"/SALES_AREA_VTWEG","modelName":"NewYardModel"},"interaction":{"idSuffix":"inner"}},"clearTextFirst":true,"interactionType":"ENTER_TEXT"}]}
COMMAND: POST /session/fcfdec3f19b04732468f3b81cff77eec/execute/async - {"script":"<script> [1562 bytes]","args":[{"selector":{"controlType":"sap.m.Input","viewName":"etm.portal.ui.manageyards.view.New","viewId":"application-manageyards-display-component---NewYard","bindingPath":{"path":"","propertyPath":"/SALES_AREA_SPART","modelName":"NewYardModel"},"interaction":{"idSuffix":"inner"}},"wdio_ui5_key":"etmportal.ui.manageyards.view.Newsap.m.Input{\"path\":\"\",\"propertyPath\":\"/SALES_AREA_SPART\",\"modelName\":\"NewYardModel\"}"}]}
RESULT: {"script":"<script> [1562 bytes]","args":[{"selector":{"controlType":"sap.m.Input","viewName":"etm.portal.ui.manageyards.view.New","viewId":"application-manageyards-display-component---NewYard","bindingPath":{"path":"","propertyPath":"/SALES_AREA_SPART","modelName":"NewYardModel"},"interaction":{"idSuffix":"inner"}},"wdio_ui5_key":"etmportal.ui.manageyards.view.Newsap.m.Input{\"path\":\"\",\"propertyPath\":\"/SALES_AREA_SPART\",\"modelName\":\"NewYardModel\"}"}]}
RESULT: undefined
COMMAND: POST /session/fcfdec3f19b04732468f3b81cff77eec/execute/async - {"script":"<script> [776 bytes]","args":[{"enterText":"C2","selector":{"controlType":"sap.m.Input","viewName":"etm.portal.ui.manageyards.view.New","viewId":"application-manageyards-display-component---NewYard","bindingPath":{"path":"","propertyPath":"/SALES_AREA_SPART","modelName":"NewYardModel"},"interaction":{"idSuffix":"inner"}},"clearTextFirst":true,"interactionType":"ENTER_TEXT"}]}
RESULT: {"script":"<script> [776 bytes]","args":[{"enterText":"C2","selector":{"controlType":"sap.m.Input","viewName":"etm.portal.ui.manageyards.view.New","viewId":"application-manageyards-display-component---NewYard","bindingPath":{"path":"","propertyPath":"/SALES_AREA_SPART","modelName":"NewYardModel"},"interaction":{"idSuffix":"inner"}},"clearTextFirst":true,"interactionType":"ENTER_TEXT"}]}
COMMAND: POST /session/fcfdec3f19b04732468f3b81cff77eec/execute/async - {"script":"<script> [1562 bytes]","args":[{"selector":{"controlType":"sap.m.Input","viewName":"etm.portal.ui.manageyards.view.New","viewId":"application-manageyards-display-component---NewYard","bindingPath":{"path":"","propertyPath":"/SHIP_POINT","modelName":"NewYardModel"},"interaction":{"idSuffix":"inner"}},"wdio_ui5_key":"etmportal.ui.manageyards.view.Newsap.m.Input{\"path\":\"\",\"propertyPath\":\"/SHIP_POINT\",\"modelName\":\"NewYardModel\"}"}]}
RESULT: {"script":"<script> [1562 bytes]","args":[{"selector":{"controlType":"sap.m.Input","viewName":"etm.portal.ui.manageyards.view.New","viewId":"application-manageyards-display-component---NewYard","bindingPath":{"path":"","propertyPath":"/SHIP_POINT","modelName":"NewYardModel"},"interaction":{"idSuffix":"inner"}},"wdio_ui5_key":"etmportal.ui.manageyards.view.Newsap.m.Input{\"path\":\"\",\"propertyPath\":\"/SHIP_POINT\",\"modelName\":\"NewYardModel\"}"}]}
RESULT: undefined
COMMAND: POST /session/fcfdec3f19b04732468f3b81cff77eec/execute/async - {"script":"<script> [776 bytes]","args":[{"enterText":"1710","selector":{"controlType":"sap.m.Input","viewName":"etm.portal.ui.manageyards.view.New","viewId":"application-manageyards-display-component---NewYard","bindingPath":{"path":"","propertyPath":"/SHIP_POINT","modelName":"NewYardModel"},"interaction":{"idSuffix":"inner"}},"clearTextFirst":true,"interactionType":"ENTER_TEXT"}]}
RESULT: {"script":"<script> [776 bytes]","args":[{"enterText":"1710","selector":{"controlType":"sap.m.Input","viewName":"etm.portal.ui.manageyards.view.New","viewId":"application-manageyards-display-component---NewYard","bindingPath":{"path":"","propertyPath":"/SHIP_POINT","modelName":"NewYardModel"},"interaction":{"idSuffix":"inner"}},"clearTextFirst":true,"interactionType":"ENTER_TEXT"}]}
COMMAND: POST /session/fcfdec3f19b04732468f3b81cff77eec/execute/async - {"script":"<script> [1562 bytes]","args":[{"selector":{"controlType":"sap.m.Input","viewName":"etm.portal.ui.manageyards.view.New","viewId":"application-manageyards-display-component---NewYard","bindingPath":{"path":"","propertyPath":"/DELIVERY_TYPE","modelName":"NewYardModel"},"interaction":{"idSuffix":"inner"}},"wdio_ui5_key":"etmportal.ui.manageyards.view.Newsap.m.Input{\"path\":\"\",\"propertyPath\":\"/DELIVERY_TYPE\",\"modelName\":\"NewYardModel\"}"}]}
RESULT: {"script":"<script> [1562 bytes]","args":[{"selector":{"controlType":"sap.m.Input","viewName":"etm.portal.ui.manageyards.view.New","viewId":"application-manageyards-display-component---NewYard","bindingPath":{"path":"","propertyPath":"/DELIVERY_TYPE","modelName":"NewYardModel"},"interaction":{"idSuffix":"inner"}},"wdio_ui5_key":"etmportal.ui.manageyards.view.Newsap.m.Input{\"path\":\"\",\"propertyPath\":\"/DELIVERY_TYPE\",\"modelName\":\"NewYardModel\"}"}]}
RESULT: undefined
COMMAND: POST /session/fcfdec3f19b04732468f3b81cff77eec/execute/async - {"script":"<script> [776 bytes]","args":[{"enterText":"ZL01","selector":{"controlType":"sap.m.Input","viewName":"etm.portal.ui.manageyards.view.New","viewId":"application-manageyards-display-component---NewYard","bindingPath":{"path":"","propertyPath":"/DELIVERY_TYPE","modelName":"NewYardModel"},"interaction":{"idSuffix":"inner"}},"clearTextFirst":true,"interactionType":"ENTER_TEXT"}]}
RESULT: {"script":"<script> [776 bytes]","args":[{"enterText":"ZL01","selector":{"controlType":"sap.m.Input","viewName":"etm.portal.ui.manageyards.view.New","viewId":"application-manageyards-display-component---NewYard","bindingPath":{"path":"","propertyPath":"/DELIVERY_TYPE","modelName":"NewYardModel"},"interaction":{"idSuffix":"inner"}},"clearTextFirst":true,"interactionType":"ENTER_TEXT"}]}
COMMAND: POST /session/fcfdec3f19b04732468f3b81cff77eec/execute/async - {"script":"<script> [1562 bytes]","args":[{"selector":{"controlType":"sap.m.Input","viewName":"etm.portal.ui.manageyards.view.New","viewId":"application-manageyards-display-component---NewYard","bindingPath":{"path":"","propertyPath":"/AUART","modelName":"NewYardModel"},"interaction":{"idSuffix":"inner"}},"wdio_ui5_key":"etmportal.ui.manageyards.view.Newsap.m.Input{\"path\":\"\",\"propertyPath\":\"/AUART\",\"modelName\":\"NewYardModel\"}"}]}
RESULT: {"script":"<script> [1562 bytes]","args":[{"selector":{"controlType":"sap.m.Input","viewName":"etm.portal.ui.manageyards.view.New","viewId":"application-manageyards-display-component---NewYard","bindingPath":{"path":"","propertyPath":"/AUART","modelName":"NewYardModel"},"interaction":{"idSuffix":"inner"}},"wdio_ui5_key":"etmportal.ui.manageyards.view.Newsap.m.Input{\"path\":\"\",\"propertyPath\":\"/AUART\",\"modelName\":\"NewYardModel\"}"}]}
RESULT: undefined
COMMAND: POST /session/fcfdec3f19b04732468f3b81cff77eec/execute/async - {"script":"<script> [776 bytes]","args":[{"enterText":"TA","selector":{"controlType":"sap.m.Input","viewName":"etm.portal.ui.manageyards.view.New","viewId":"application-manageyards-display-component---NewYard","bindingPath":{"path":"","propertyPath":"/AUART","modelName":"NewYardModel"},"interaction":{"idSuffix":"inner"}},"clearTextFirst":true,"interactionType":"ENTER_TEXT"}]}
RESULT: {"script":"<script> [776 bytes]","args":[{"enterText":"TA","selector":{"controlType":"sap.m.Input","viewName":"etm.portal.ui.manageyards.view.New","viewId":"application-manageyards-display-component---NewYard","bindingPath":{"path":"","propertyPath":"/AUART","modelName":"NewYardModel"},"interaction":{"idSuffix":"inner"}},"clearTextFirst":true,"interactionType":"ENTER_TEXT"}]}
COMMAND: POST /session/fcfdec3f19b04732468f3b81cff77eec/element - {"using":"xpath","value":"//button[@data-kt=\"newYardSaveButton\"]"}
RESULT: {"using":"xpath","value":"//button[@data-kt=\"newYardSaveButton\"]"}
COMMAND: POST /session/fcfdec3f19b04732468f3b81cff77eec/element/f.4917B356C9E108E3489CB9DCB9E54F9E.d.A54C4D7A0CF8A2A0F6CDC55F6A872293.e.28054/click - {}
RESULT: {}
COMMAND: GET /session/fcfdec3f19b04732468f3b81cff77eec/screenshot - {}
RESULT: {}
COMMAND: POST /session/fcfdec3f19b04732468f3b81cff77eec/element - {"using":"xpath","value":"//header[contains(@id, 'ObjectPageLayout-headerTitle')]/div[1]/div[2]/div[1]/span[1]"}
RESULT: {"using":"xpath","value":"//header[contains(@id, 'ObjectPageLayout-headerTitle')]/div[1]/div[2]/div[1]/span[1]"}
COMMAND: POST /session/fcfdec3f19b04732468f3b81cff77eec/elements - {"using":"xpath","value":"//header[contains(@id, 'ObjectPageLayout-headerTitle')]/div[1]/div[2]/div[1]/span[1]"}
RESULT: {"using":"xpath","value":"//header[contains(@id, 'ObjectPageLayout-headerTitle')]/div[1]/div[2]/div[1]/span[1]"}
COMMAND: POST /session/fcfdec3f19b04732468f3b81cff77eec/execute/sync - {"script":"<script> [56 bytes]","args":[{"element-6066-11e4-a52e-4f735466cecf":"f.4917B356C9E108E3489CB9DCB9E54F9E.d.A54C4D7A0CF8A2A0F6CDC55F6A872293.e.28346","ELEMENT":"f.4917B356C9E108E3489CB9DCB9E54F9E.d.A54C4D7A0CF8A2A0F6CDC55F6A872293.e.28346"}]}
RESULT: {"script":"<script> [56 bytes]","args":[{"element-6066-11e4-a52e-4f735466cecf":"f.4917B356C9E108E3489CB9DCB9E54F9E.d.A54C4D7A0CF8A2A0F6CDC55F6A872293.e.28346","ELEMENT":"f.4917B356C9E108E3489CB9DCB9E54F9E.d.A54C4D7A0CF8A2A0F6CDC55F6A872293.e.28346"}]}
COMMAND: GET /session/fcfdec3f19b04732468f3b81cff77eec/screenshot - {}
RESULT: {}
COMMAND: POST /session/fcfdec3f19b04732468f3b81cff77eec/element - {"using":"css selector","value":"#shell-header-logo"}
RESULT: {"using":"css selector","value":"#shell-header-logo"}
COMMAND: POST /session/fcfdec3f19b04732468f3b81cff77eec/element/f.4917B356C9E108E3489CB9DCB9E54F9E.d.A54C4D7A0CF8A2A0F6CDC55F6A872293.e.27486/click - {}
RESULT: {}
COMMAND: GET /session/fcfdec3f19b04732468f3b81cff77eec/screenshot - {}
RESULT: {}
COMMAND: POST /session/fcfdec3f19b04732468f3b81cff77eec/execute/sync - {"script":"<script> [299 bytes]","args":[["getModel","getResource"]]}
RESULT: {"script":"<script> [299 bytes]","args":[["getModel","getResource"]]}
]]></system-out>
    </testcase>
    <testcase classname="chrome.136_0_7103_93.windows.Transfer_Yard_to_Yard_US131076" name="Should create an equipment" time="155.653">
      <system-out><![CDATA[
COMMAND: POST /session/fcfdec3f19b04732468f3b81cff77eec/execute/async - {"script":"<script> [1562 bytes]","args":[{"selector":{"controlType":"sap.m.GenericTile","properties":{"header":"Manage Resources"}},"wdio_ui5_key":"sapm.GenericTile{\"header\":\"Manage Resources\"}"}]}
COMMAND: GET /session/fcfdec3f19b04732468f3b81cff77eec/screenshot - {}
RESULT: {"script":"<script> [1562 bytes]","args":[{"selector":{"controlType":"sap.m.GenericTile","properties":{"header":"Manage Resources"}},"wdio_ui5_key":"sapm.GenericTile{\"header\":\"Manage Resources\"}"}]}
RESULT: undefined
COMMAND: POST /session/fcfdec3f19b04732468f3b81cff77eec/element - {"using":"xpath","value":"//*[@id=\"__tile31\"]"}
RESULT: {}
RESULT: {"using":"xpath","value":"//*[@id=\"__tile31\"]"}
COMMAND: POST /session/fcfdec3f19b04732468f3b81cff77eec/element/f.4917B356C9E108E3489CB9DCB9E54F9E.d.A54C4D7A0CF8A2A0F6CDC55F6A872293.e.27508/click - {}
RESULT: {}
COMMAND: GET /session/fcfdec3f19b04732468f3b81cff77eec/screenshot - {}
RESULT: {}
COMMAND: POST /session/fcfdec3f19b04732468f3b81cff77eec/elements - {"using":"xpath","value":"//span[text()='Error']"}
RESULT: {"using":"xpath","value":"//span[text()='Error']"}
COMMAND: POST /session/fcfdec3f19b04732468f3b81cff77eec/element - {"using":"xpath","value":"//button[@data-kt=\"addNewRUOverflowToolbarButton\"]"}
RESULT: {"using":"xpath","value":"//button[@data-kt=\"addNewRUOverflowToolbarButton\"]"}
COMMAND: POST /session/fcfdec3f19b04732468f3b81cff77eec/elements - {"using":"xpath","value":"//button[@data-kt=\"addNewRUOverflowToolbarButton\"]"}
RESULT: {"using":"xpath","value":"//button[@data-kt=\"addNewRUOverflowToolbarButton\"]"}
COMMAND: POST /session/fcfdec3f19b04732468f3b81cff77eec/elements - {"using":"xpath","value":"//button[@data-kt=\"addNewRUOverflowToolbarButton\"]"}
RESULT: {"using":"xpath","value":"//button[@data-kt=\"addNewRUOverflowToolbarButton\"]"}
COMMAND: POST /session/fcfdec3f19b04732468f3b81cff77eec/elements - {"using":"xpath","value":"//button[@data-kt=\"addNewRUOverflowToolbarButton\"]"}
RESULT: {"using":"xpath","value":"//button[@data-kt=\"addNewRUOverflowToolbarButton\"]"}
COMMAND: POST /session/fcfdec3f19b04732468f3b81cff77eec/element - {"using":"xpath","value":"//button[@data-kt=\"addNewRUOverflowToolbarButton\"]"}
RESULT: {"using":"xpath","value":"//button[@data-kt=\"addNewRUOverflowToolbarButton\"]"}
COMMAND: POST /session/fcfdec3f19b04732468f3b81cff77eec/execute/sync - {"script":"<script> [8489 bytes]","args":[{"element-6066-11e4-a52e-4f735466cecf":"f.4917B356C9E108E3489CB9DCB9E54F9E.d.A54C4D7A0CF8A2A0F6CDC55F6A872293.e.28388","ELEMENT":"f.4917B356C9E108E3489CB9DCB9E54F9E.d.A54C4D7A0CF8A2A0F6CDC55F6A872293.e.28388"}]}
RESULT: {"script":"<script> [8489 bytes]","args":[{"element-6066-11e4-a52e-4f735466cecf":"f.4917B356C9E108E3489CB9DCB9E54F9E.d.A54C4D7A0CF8A2A0F6CDC55F6A872293.e.28388","ELEMENT":"f.4917B356C9E108E3489CB9DCB9E54F9E.d.A54C4D7A0CF8A2A0F6CDC55F6A872293.e.28388"}]}
COMMAND: GET /session/fcfdec3f19b04732468f3b81cff77eec/element/f.4917B356C9E108E3489CB9DCB9E54F9E.d.A54C4D7A0CF8A2A0F6CDC55F6A872293.e.28388/enabled - {}
COMMAND: GET /session/fcfdec3f19b04732468f3b81cff77eec/screenshot - {}
RESULT: {}
COMMAND: POST /session/fcfdec3f19b04732468f3b81cff77eec/execute/sync - {"script":"<script> [8489 bytes]","args":[{"element-6066-11e4-a52e-4f735466cecf":"f.4917B356C9E108E3489CB9DCB9E54F9E.d.A54C4D7A0CF8A2A0F6CDC55F6A872293.e.28388","ELEMENT":"f.4917B356C9E108E3489CB9DCB9E54F9E.d.A54C4D7A0CF8A2A0F6CDC55F6A872293.e.28388"}]}
COMMAND: GET /session/fcfdec3f19b04732468f3b81cff77eec/screenshot - {}
RESULT: {}
RESULT: {"script":"<script> [8489 bytes]","args":[{"element-6066-11e4-a52e-4f735466cecf":"f.4917B356C9E108E3489CB9DCB9E54F9E.d.A54C4D7A0CF8A2A0F6CDC55F6A872293.e.28388","ELEMENT":"f.4917B356C9E108E3489CB9DCB9E54F9E.d.A54C4D7A0CF8A2A0F6CDC55F6A872293.e.28388"}]}
COMMAND: POST /session/fcfdec3f19b04732468f3b81cff77eec/execute/sync - {"script":"<script> [5351 bytes]","args":[{"element-6066-11e4-a52e-4f735466cecf":"f.4917B356C9E108E3489CB9DCB9E54F9E.d.A54C4D7A0CF8A2A0F6CDC55F6A872293.e.28388","ELEMENT":"f.4917B356C9E108E3489CB9DCB9E54F9E.d.A54C4D7A0CF8A2A0F6CDC55F6A872293.e.28388"}]}
COMMAND: GET /session/fcfdec3f19b04732468f3b81cff77eec/screenshot - {}
RESULT: {}
RESULT: {"script":"<script> [5351 bytes]","args":[{"element-6066-11e4-a52e-4f735466cecf":"f.4917B356C9E108E3489CB9DCB9E54F9E.d.A54C4D7A0CF8A2A0F6CDC55F6A872293.e.28388","ELEMENT":"f.4917B356C9E108E3489CB9DCB9E54F9E.d.A54C4D7A0CF8A2A0F6CDC55F6A872293.e.28388"}]}
COMMAND: POST /session/fcfdec3f19b04732468f3b81cff77eec/element/f.4917B356C9E108E3489CB9DCB9E54F9E.d.A54C4D7A0CF8A2A0F6CDC55F6A872293.e.28388/click - {}
COMMAND: GET /session/fcfdec3f19b04732468f3b81cff77eec/screenshot - {}
RESULT: {}
RESULT: {}
COMMAND: GET /session/fcfdec3f19b04732468f3b81cff77eec/screenshot - {}
COMMAND: POST /session/fcfdec3f19b04732468f3b81cff77eec/execute/async - {"script":"<script> [1562 bytes]","args":[{"selector":{"id":"application-manageresources-display-component---newResourceUnit--TYPE-arrow"},"wdio_ui5_key":"applicationmanageresources-display-component---newResourceUnit--TYPE-arrow"}]}
RESULT: {}
RESULT: {}
RESULT: {"script":"<script> [1562 bytes]","args":[{"selector":{"id":"application-manageresources-display-component---newResourceUnit--TYPE-arrow"},"wdio_ui5_key":"applicationmanageresources-display-component---newResourceUnit--TYPE-arrow"}]}
RESULT: undefined
COMMAND: POST /session/fcfdec3f19b04732468f3b81cff77eec/element - {"using":"xpath","value":"//*[@id=\"application-manageresources-display-component---newResourceUnit--TYPE-arrow\"]"}
RESULT: {"using":"xpath","value":"//*[@id=\"application-manageresources-display-component---newResourceUnit--TYPE-arrow\"]"}
COMMAND: POST /session/fcfdec3f19b04732468f3b81cff77eec/element/f.4917B356C9E108E3489CB9DCB9E54F9E.d.A54C4D7A0CF8A2A0F6CDC55F6A872293.e.28733/click - {}
RESULT: {}
COMMAND: POST /session/fcfdec3f19b04732468f3b81cff77eec/element - {"using":"xpath","value":"//input[@id=\"application-manageresources-display-component---newResourceUnit--TYPE-inner\"]"}
COMMAND: GET /session/fcfdec3f19b04732468f3b81cff77eec/screenshot - {}
RESULT: {"using":"xpath","value":"//input[@id=\"application-manageresources-display-component---newResourceUnit--TYPE-inner\"]"}
COMMAND: POST /session/fcfdec3f19b04732468f3b81cff77eec/element/f.4917B356C9E108E3489CB9DCB9E54F9E.d.A54C4D7A0CF8A2A0F6CDC55F6A872293.e.28729/clear - {}
RESULT: {}
RESULT: {}
COMMAND: POST /session/fcfdec3f19b04732468f3b81cff77eec/element/f.4917B356C9E108E3489CB9DCB9E54F9E.d.A54C4D7A0CF8A2A0F6CDC55F6A872293.e.28729/value - {"text":"Equipment"}
COMMAND: GET /session/fcfdec3f19b04732468f3b81cff77eec/screenshot - {}
RESULT: {"text":"Equipment"}
COMMAND: GET /session/fcfdec3f19b04732468f3b81cff77eec/screenshot - {}
RESULT: {}
RESULT: {}
COMMAND: POST /session/fcfdec3f19b04732468f3b81cff77eec/actions - {"actions":[{"id":"action85","type":"key","parameters":{},"actions":[{"type":"keyDown","value":""},{"type":"pause","duration":10},{"type":"keyUp","value":""}]}]}
RESULT: {"actions":[{"id":"action85","type":"key","parameters":{},"actions":[{"type":"keyDown","value":""},{"type":"pause","duration":10},{"type":"keyUp","value":""}]}]}
COMMAND: POST /session/fcfdec3f19b04732468f3b81cff77eec/execute/async - {"script":"<script> [1562 bytes]","args":[{"selector":{"id":"application-manageresources-display-component---newResourceUnit--resourceId","interaction":{"idSuffix":"inner"}},"wdio_ui5_key":"applicationmanageresources-display-component---newResourceUnit--resourceId"}]}
COMMAND: GET /session/fcfdec3f19b04732468f3b81cff77eec/screenshot - {}
RESULT: {"script":"<script> [1562 bytes]","args":[{"selector":{"id":"application-manageresources-display-component---newResourceUnit--resourceId","interaction":{"idSuffix":"inner"}},"wdio_ui5_key":"applicationmanageresources-display-component---newResourceUnit--resourceId"}]}
RESULT: undefined
COMMAND: POST /session/fcfdec3f19b04732468f3b81cff77eec/execute/async - {"script":"<script> [776 bytes]","args":[{"enterText":"Kb3y2IhGm0","selector":{"id":"application-manageresources-display-component---newResourceUnit--resourceId","interaction":{"idSuffix":"inner"}},"clearTextFirst":true,"interactionType":"ENTER_TEXT"}]}
RESULT: {}
RESULT: {"script":"<script> [776 bytes]","args":[{"enterText":"Kb3y2IhGm0","selector":{"id":"application-manageresources-display-component---newResourceUnit--resourceId","interaction":{"idSuffix":"inner"}},"clearTextFirst":true,"interactionType":"ENTER_TEXT"}]}
COMMAND: POST /session/fcfdec3f19b04732468f3b81cff77eec/execute/async - {"script":"<script> [1562 bytes]","args":[{"selector":{"id":"application-manageresources-display-component---newResourceUnit--SHORT_TEXT","interaction":{"idSuffix":"inner"}},"wdio_ui5_key":"applicationmanageresources-display-component---newResourceUnit--SHORT_TEXT"}]}
RESULT: {"script":"<script> [1562 bytes]","args":[{"selector":{"id":"application-manageresources-display-component---newResourceUnit--SHORT_TEXT","interaction":{"idSuffix":"inner"}},"wdio_ui5_key":"applicationmanageresources-display-component---newResourceUnit--SHORT_TEXT"}]}
RESULT: undefined
COMMAND: POST /session/fcfdec3f19b04732468f3b81cff77eec/execute/async - {"script":"<script> [776 bytes]","args":[{"enterText":"Intercompany Equipment WDIO","selector":{"id":"application-manageresources-display-component---newResourceUnit--SHORT_TEXT","interaction":{"idSuffix":"inner"}},"clearTextFirst":true,"interactionType":"ENTER_TEXT"}]}
RESULT: {"script":"<script> [776 bytes]","args":[{"enterText":"Intercompany Equipment WDIO","selector":{"id":"application-manageresources-display-component---newResourceUnit--SHORT_TEXT","interaction":{"idSuffix":"inner"}},"clearTextFirst":true,"interactionType":"ENTER_TEXT"}]}
COMMAND: POST /session/fcfdec3f19b04732468f3b81cff77eec/execute/async - {"script":"<script> [1562 bytes]","args":[{"selector":{"id":"application-manageresources-display-component---newResourceUnit--BASE_UNIT_OF_MEASURE","interaction":{"idSuffix":"inner"}},"wdio_ui5_key":"applicationmanageresources-display-component---newResourceUnit--BASE_UNIT_OF_MEASURE"}]}
RESULT: {"script":"<script> [1562 bytes]","args":[{"selector":{"id":"application-manageresources-display-component---newResourceUnit--BASE_UNIT_OF_MEASURE","interaction":{"idSuffix":"inner"}},"wdio_ui5_key":"applicationmanageresources-display-component---newResourceUnit--BASE_UNIT_OF_MEASURE"}]}
RESULT: undefined
COMMAND: POST /session/fcfdec3f19b04732468f3b81cff77eec/execute/async - {"script":"<script> [776 bytes]","args":[{"enterText":"Piece","selector":{"id":"application-manageresources-display-component---newResourceUnit--BASE_UNIT_OF_MEASURE","interaction":{"idSuffix":"inner"}},"clearTextFirst":true,"interactionType":"ENTER_TEXT"}]}
RESULT: {"script":"<script> [776 bytes]","args":[{"enterText":"Piece","selector":{"id":"application-manageresources-display-component---newResourceUnit--BASE_UNIT_OF_MEASURE","interaction":{"idSuffix":"inner"}},"clearTextFirst":true,"interactionType":"ENTER_TEXT"}]}
COMMAND: POST /session/fcfdec3f19b04732468f3b81cff77eec/execute/async - {"script":"<script> [1562 bytes]","args":[{"selector":{"id":"application-manageresources-display-component---newResourceUnit--WEIGHT_UNIT","interaction":{"idSuffix":"inner"}},"wdio_ui5_key":"applicationmanageresources-display-component---newResourceUnit--WEIGHT_UNIT"}]}
RESULT: {"script":"<script> [1562 bytes]","args":[{"selector":{"id":"application-manageresources-display-component---newResourceUnit--WEIGHT_UNIT","interaction":{"idSuffix":"inner"}},"wdio_ui5_key":"applicationmanageresources-display-component---newResourceUnit--WEIGHT_UNIT"}]}
RESULT: undefined
COMMAND: POST /session/fcfdec3f19b04732468f3b81cff77eec/execute/async - {"script":"<script> [776 bytes]","args":[{"enterText":"Gram","selector":{"id":"application-manageresources-display-component---newResourceUnit--WEIGHT_UNIT","interaction":{"idSuffix":"inner"}},"clearTextFirst":true,"interactionType":"ENTER_TEXT"}]}
RESULT: {"script":"<script> [776 bytes]","args":[{"enterText":"Gram","selector":{"id":"application-manageresources-display-component---newResourceUnit--WEIGHT_UNIT","interaction":{"idSuffix":"inner"}},"clearTextFirst":true,"interactionType":"ENTER_TEXT"}]}
COMMAND: POST /session/fcfdec3f19b04732468f3b81cff77eec/execute/async - {"script":"<script> [1562 bytes]","args":[{"selector":{"id":"application-manageresources-display-component---newResourceUnit--DIMENSION_UNIT","interaction":{"idSuffix":"inner"}},"wdio_ui5_key":"applicationmanageresources-display-component---newResourceUnit--DIMENSION_UNIT"}]}
RESULT: {"script":"<script> [1562 bytes]","args":[{"selector":{"id":"application-manageresources-display-component---newResourceUnit--DIMENSION_UNIT","interaction":{"idSuffix":"inner"}},"wdio_ui5_key":"applicationmanageresources-display-component---newResourceUnit--DIMENSION_UNIT"}]}
RESULT: undefined
COMMAND: POST /session/fcfdec3f19b04732468f3b81cff77eec/execute/async - {"script":"<script> [776 bytes]","args":[{"enterText":"Meter","selector":{"id":"application-manageresources-display-component---newResourceUnit--DIMENSION_UNIT","interaction":{"idSuffix":"inner"}},"clearTextFirst":true,"interactionType":"ENTER_TEXT"}]}
RESULT: {"script":"<script> [776 bytes]","args":[{"enterText":"Meter","selector":{"id":"application-manageresources-display-component---newResourceUnit--DIMENSION_UNIT","interaction":{"idSuffix":"inner"}},"clearTextFirst":true,"interactionType":"ENTER_TEXT"}]}
COMMAND: POST /session/fcfdec3f19b04732468f3b81cff77eec/execute/async - {"script":"<script> [1562 bytes]","args":[{"selector":{"id":"application-manageresources-display-component---newResourceUnit--newRRUPage-anchBar-application-manageresources-display-component---newResourceUnit--control-anchor","interaction":{"idSuffix":"BDI-content"}},"wdio_ui5_key":"applicationmanageresources-display-component---newResourceUnit--newRRUPage-anchBar-application-manageresources-display-component---newResourceUnit--control-anchor"}]}
RESULT: {"script":"<script> [1562 bytes]","args":[{"selector":{"id":"application-manageresources-display-component---newResourceUnit--newRRUPage-anchBar-application-manageresources-display-component---newResourceUnit--control-anchor","interaction":{"idSuffix":"BDI-content"}},"wdio_ui5_key":"applicationmanageresources-display-component---newResourceUnit--newRRUPage-anchBar-application-manageresources-display-component---newResourceUnit--control-anchor"}]}
RESULT: undefined
COMMAND: POST /session/fcfdec3f19b04732468f3b81cff77eec/element - {"using":"xpath","value":"//*[@id=\"application-manageresources-display-component---newResourceUnit--newRRUPage-anchBar-application-manageresources-display-component---newResourceUnit--control-anchor\"]"}
RESULT: {"using":"xpath","value":"//*[@id=\"application-manageresources-display-component---newResourceUnit--newRRUPage-anchBar-application-manageresources-display-component---newResourceUnit--control-anchor\"]"}
COMMAND: POST /session/fcfdec3f19b04732468f3b81cff77eec/element/f.4917B356C9E108E3489CB9DCB9E54F9E.d.A54C4D7A0CF8A2A0F6CDC55F6A872293.e.28891/click - {}
RESULT: {}
COMMAND: POST /session/fcfdec3f19b04732468f3b81cff77eec/execute/async - {"script":"<script> [1562 bytes]","args":[{"selector":{"id":"application-manageresources-display-component---newResourceUnit--PLANNING_GROUP","interaction":{"idSuffix":"inner"}},"wdio_ui5_key":"applicationmanageresources-display-component---newResourceUnit--PLANNING_GROUP"}]}
COMMAND: GET /session/fcfdec3f19b04732468f3b81cff77eec/screenshot - {}
RESULT: {"script":"<script> [1562 bytes]","args":[{"selector":{"id":"application-manageresources-display-component---newResourceUnit--PLANNING_GROUP","interaction":{"idSuffix":"inner"}},"wdio_ui5_key":"applicationmanageresources-display-component---newResourceUnit--PLANNING_GROUP"}]}
RESULT: undefined
COMMAND: POST /session/fcfdec3f19b04732468f3b81cff77eec/execute/async - {"script":"<script> [776 bytes]","args":[{"enterText":"Heavy Equi","selector":{"id":"application-manageresources-display-component---newResourceUnit--PLANNING_GROUP","interaction":{"idSuffix":"inner"}},"clearTextFirst":true,"interactionType":"ENTER_TEXT"}]}
RESULT: {}
RESULT: {"script":"<script> [776 bytes]","args":[{"enterText":"Heavy Equi","selector":{"id":"application-manageresources-display-component---newResourceUnit--PLANNING_GROUP","interaction":{"idSuffix":"inner"}},"clearTextFirst":true,"interactionType":"ENTER_TEXT"}]}
COMMAND: POST /session/fcfdec3f19b04732468f3b81cff77eec/execute/async - {"script":"<script> [1562 bytes]","args":[{"selector":{"id":"application-manageresources-display-component---newResourceUnit--ITEM_TYPE-arrow"},"wdio_ui5_key":"applicationmanageresources-display-component---newResourceUnit--ITEM_TYPE-arrow"}]}
RESULT: {"script":"<script> [1562 bytes]","args":[{"selector":{"id":"application-manageresources-display-component---newResourceUnit--ITEM_TYPE-arrow"},"wdio_ui5_key":"applicationmanageresources-display-component---newResourceUnit--ITEM_TYPE-arrow"}]}
RESULT: undefined
COMMAND: POST /session/fcfdec3f19b04732468f3b81cff77eec/element - {"using":"xpath","value":"//*[@id=\"application-manageresources-display-component---newResourceUnit--ITEM_TYPE-arrow\"]"}
RESULT: {"using":"xpath","value":"//*[@id=\"application-manageresources-display-component---newResourceUnit--ITEM_TYPE-arrow\"]"}
COMMAND: POST /session/fcfdec3f19b04732468f3b81cff77eec/element/f.4917B356C9E108E3489CB9DCB9E54F9E.d.A54C4D7A0CF8A2A0F6CDC55F6A872293.e.28898/click - {}
RESULT: {}
COMMAND: POST /session/fcfdec3f19b04732468f3b81cff77eec/element - {"using":"xpath","value":"(//span[contains(text(), \"Resource Unit\")])[2]"}
COMMAND: GET /session/fcfdec3f19b04732468f3b81cff77eec/screenshot - {}
RESULT: {"using":"xpath","value":"(//span[contains(text(), \"Resource Unit\")])[2]"}
COMMAND: POST /session/fcfdec3f19b04732468f3b81cff77eec/element/f.4917B356C9E108E3489CB9DCB9E54F9E.d.A54C4D7A0CF8A2A0F6CDC55F6A872293.e.28899/click - {}
RESULT: {}
RESULT: {}
COMMAND: GET /session/fcfdec3f19b04732468f3b81cff77eec/screenshot - {}
RESULT: {}
COMMAND: POST /session/fcfdec3f19b04732468f3b81cff77eec/element - {"using":"css selector","value":"#application-manageresources-display-component---newResourceUnit--btnAddTimeSegment"}
RESULT: {"using":"css selector","value":"#application-manageresources-display-component---newResourceUnit--btnAddTimeSegment"}
COMMAND: GET /session/fcfdec3f19b04732468f3b81cff77eec/element/f.4917B356C9E108E3489CB9DCB9E54F9E.d.A54C4D7A0CF8A2A0F6CDC55F6A872293.e.28907/rect - {}
RESULT: {}
COMMAND: GET /session/fcfdec3f19b04732468f3b81cff77eec/window/rect - {}
RESULT: {}
COMMAND: POST /session/fcfdec3f19b04732468f3b81cff77eec/execute/sync - {"script":"<script> [92 bytes]","args":[]}
RESULT: {"script":"<script> [92 bytes]","args":[]}
COMMAND: POST /session/fcfdec3f19b04732468f3b81cff77eec/actions - {"actions":[{"id":"action86","type":"wheel","parameters":{},"actions":[{"type":"scroll","x":-1888,"y":-32,"deltaX":0,"deltaY":0,"duration":0,"origin":{"element-6066-11e4-a52e-4f735466cecf":"f.4917B356C9E108E3489CB9DCB9E54F9E.d.A54C4D7A0CF8A2A0F6CDC55F6A872293.e.28907"}}]}]}
COMMAND: GET /session/fcfdec3f19b04732468f3b81cff77eec/screenshot - {}
RESULT: {}
COMMAND: POST /session/fcfdec3f19b04732468f3b81cff77eec/execute/sync - {"script":"<script> [79 bytes]","args":[{"element-6066-11e4-a52e-4f735466cecf":"f.4917B356C9E108E3489CB9DCB9E54F9E.d.A54C4D7A0CF8A2A0F6CDC55F6A872293.e.28907","ELEMENT":"f.4917B356C9E108E3489CB9DCB9E54F9E.d.A54C4D7A0CF8A2A0F6CDC55F6A872293.e.28907"},{"block":"start","inline":"nearest"}]}
RESULT: {"script":"<script> [79 bytes]","args":[{"element-6066-11e4-a52e-4f735466cecf":"f.4917B356C9E108E3489CB9DCB9E54F9E.d.A54C4D7A0CF8A2A0F6CDC55F6A872293.e.28907","ELEMENT":"f.4917B356C9E108E3489CB9DCB9E54F9E.d.A54C4D7A0CF8A2A0F6CDC55F6A872293.e.28907"},{"block":"start","inline":"nearest"}]}
COMMAND: POST /session/fcfdec3f19b04732468f3b81cff77eec/execute/async - {"script":"<script> [1562 bytes]","args":[{"selector":{"id":"application-manageresources-display-component---newResourceUnit--btnAddTimeSegment","interaction":{"idSuffix":"inner"}},"wdio_ui5_key":"applicationmanageresources-display-component---newResourceUnit--btnAddTimeSegment"}]}
COMMAND: GET /session/fcfdec3f19b04732468f3b81cff77eec/screenshot - {}
RESULT: {"script":"<script> [1562 bytes]","args":[{"selector":{"id":"application-manageresources-display-component---newResourceUnit--btnAddTimeSegment","interaction":{"idSuffix":"inner"}},"wdio_ui5_key":"applicationmanageresources-display-component---newResourceUnit--btnAddTimeSegment"}]}
RESULT: undefined
COMMAND: POST /session/fcfdec3f19b04732468f3b81cff77eec/element - {"using":"xpath","value":"//*[@id=\"application-manageresources-display-component---newResourceUnit--btnAddTimeSegment\"]"}
RESULT: {}
RESULT: {"using":"xpath","value":"//*[@id=\"application-manageresources-display-component---newResourceUnit--btnAddTimeSegment\"]"}
COMMAND: POST /session/fcfdec3f19b04732468f3b81cff77eec/element/f.4917B356C9E108E3489CB9DCB9E54F9E.d.A54C4D7A0CF8A2A0F6CDC55F6A872293.e.28907/click - {}
RESULT: {}
COMMAND: GET /session/fcfdec3f19b04732468f3b81cff77eec/screenshot - {}
RESULT: {}
COMMAND: POST /session/fcfdec3f19b04732468f3b81cff77eec/element - {"using":"xpath","value":"//input[@id=\"application-manageresources-display-component---newResourceUnit--idRuTSAdmin-application-manageresources-display-component---newResourceUnit--RUTimeSegment-0-inner\"]"}
RESULT: {"using":"xpath","value":"//input[@id=\"application-manageresources-display-component---newResourceUnit--idRuTSAdmin-application-manageresources-display-component---newResourceUnit--RUTimeSegment-0-inner\"]"}
COMMAND: POST /session/fcfdec3f19b04732468f3b81cff77eec/element/f.4917B356C9E108E3489CB9DCB9E54F9E.d.A54C4D7A0CF8A2A0F6CDC55F6A872293.e.28913/clear - {}
RESULT: {}
COMMAND: POST /session/fcfdec3f19b04732468f3b81cff77eec/element/f.4917B356C9E108E3489CB9DCB9E54F9E.d.A54C4D7A0CF8A2A0F6CDC55F6A872293.e.28913/value - {"text":"252"}
COMMAND: GET /session/fcfdec3f19b04732468f3b81cff77eec/screenshot - {}
RESULT: {"text":"252"}
COMMAND: GET /session/fcfdec3f19b04732468f3b81cff77eec/screenshot - {}
RESULT: {}
RESULT: {}
COMMAND: POST /session/fcfdec3f19b04732468f3b81cff77eec/element - {"using":"xpath","value":"//li[.//span[text()='252']]"}
RESULT: {"using":"xpath","value":"//li[.//span[text()='252']]"}
COMMAND: POST /session/fcfdec3f19b04732468f3b81cff77eec/element/f.4917B356C9E108E3489CB9DCB9E54F9E.d.A54C4D7A0CF8A2A0F6CDC55F6A872293.e.28925/click - {}
RESULT: {}
COMMAND: GET /session/fcfdec3f19b04732468f3b81cff77eec/screenshot - {}
RESULT: {}
COMMAND: POST /session/fcfdec3f19b04732468f3b81cff77eec/element - {"using":"xpath","value":"(//span[contains(@id, \"-application-manageresources-display-component---newResourceUnit--RUTimeSegment-0-arrow\")])[6]"}
RESULT: {"using":"xpath","value":"(//span[contains(@id, \"-application-manageresources-display-component---newResourceUnit--RUTimeSegment-0-arrow\")])[6]"}
COMMAND: POST /session/fcfdec3f19b04732468f3b81cff77eec/element/f.4917B356C9E108E3489CB9DCB9E54F9E.d.A54C4D7A0CF8A2A0F6CDC55F6A872293.e.28926/click - {}
RESULT: {}
COMMAND: GET /session/fcfdec3f19b04732468f3b81cff77eec/screenshot - {}
RESULT: {}
COMMAND: POST /session/fcfdec3f19b04732468f3b81cff77eec/element - {"using":"xpath","value":"//span[contains(text(), \"PM Order\")]"}
RESULT: {"using":"xpath","value":"//span[contains(text(), \"PM Order\")]"}
COMMAND: POST /session/fcfdec3f19b04732468f3b81cff77eec/element/f.4917B356C9E108E3489CB9DCB9E54F9E.d.A54C4D7A0CF8A2A0F6CDC55F6A872293.e.28929/click - {}
RESULT: {}
COMMAND: GET /session/fcfdec3f19b04732468f3b81cff77eec/screenshot - {}
RESULT: {}
COMMAND: POST /session/fcfdec3f19b04732468f3b81cff77eec/element - {"using":"xpath","value":"(//span[contains(@id ,\"manageresources-display-component---newResourceUnit--RUTimeSegment-0-vhi\")])[1]"}
RESULT: {"using":"xpath","value":"(//span[contains(@id ,\"manageresources-display-component---newResourceUnit--RUTimeSegment-0-vhi\")])[1]"}
COMMAND: GET /session/fcfdec3f19b04732468f3b81cff77eec/element/f.4917B356C9E108E3489CB9DCB9E54F9E.d.A54C4D7A0CF8A2A0F6CDC55F6A872293.e.28933/rect - {}
RESULT: {}
COMMAND: GET /session/fcfdec3f19b04732468f3b81cff77eec/window/rect - {}
RESULT: {}
COMMAND: POST /session/fcfdec3f19b04732468f3b81cff77eec/execute/sync - {"script":"<script> [92 bytes]","args":[]}
RESULT: {"script":"<script> [92 bytes]","args":[]}
COMMAND: POST /session/fcfdec3f19b04732468f3b81cff77eec/actions - {"actions":[{"id":"action87","type":"wheel","parameters":{},"actions":[{"type":"scroll","x":-869,"y":-24,"deltaX":0,"deltaY":0,"duration":0,"origin":{"element-6066-11e4-a52e-4f735466cecf":"f.4917B356C9E108E3489CB9DCB9E54F9E.d.A54C4D7A0CF8A2A0F6CDC55F6A872293.e.28933"}}]}]}
COMMAND: GET /session/fcfdec3f19b04732468f3b81cff77eec/screenshot - {}
RESULT: {"actions":[{"id":"action87","type":"wheel","parameters":{},"actions":[{"type":"scroll","x":-869,"y":-24,"deltaX":0,"deltaY":0,"duration":0,"origin":{"element-6066-11e4-a52e-4f735466cecf":"f.4917B356C9E108E3489CB9DCB9E54F9E.d.A54C4D7A0CF8A2A0F6CDC55F6A872293.e.28933"}}]}]}
COMMAND: DELETE /session/fcfdec3f19b04732468f3b81cff77eec/actions - {}
COMMAND: GET /session/fcfdec3f19b04732468f3b81cff77eec/screenshot - {}
RESULT: {}
RESULT: {}
COMMAND: GET /session/fcfdec3f19b04732468f3b81cff77eec/screenshot - {}
RESULT: {}
RESULT: {}
COMMAND: POST /session/fcfdec3f19b04732468f3b81cff77eec/element/f.4917B356C9E108E3489CB9DCB9E54F9E.d.A54C4D7A0CF8A2A0F6CDC55F6A872293.e.28933/click - {}
RESULT: {}
COMMAND: GET /session/fcfdec3f19b04732468f3b81cff77eec/screenshot - {}
RESULT: {}
RESULT: undefined
COMMAND: POST /session/fcfdec3f19b04732468f3b81cff77eec/execute/async - {"script":"<script> [776 bytes]","args":[{"enterText":"4000360","selector":{"controlType":"sap.m.SearchField","properties":{"placeholder":"Search"},"searchOpenDialogs":true,"interaction":{"idSuffix":"I"}},"clearTextFirst":true,"interactionType":"ENTER_TEXT"}]}
RESULT: {"script":"<script> [776 bytes]","args":[{"enterText":"4000360","selector":{"controlType":"sap.m.SearchField","properties":{"placeholder":"Search"},"searchOpenDialogs":true,"interaction":{"idSuffix":"I"}},"clearTextFirst":true,"interactionType":"ENTER_TEXT"}]}
COMMAND: POST /session/fcfdec3f19b04732468f3b81cff77eec/actions - {"actions":[{"id":"action88","type":"key","parameters":{},"actions":[{"type":"keyDown","value":""},{"type":"pause","duration":10},{"type":"keyUp","value":""}]}]}
RESULT: {"actions":[{"id":"action88","type":"key","parameters":{},"actions":[{"type":"keyDown","value":""},{"type":"pause","duration":10},{"type":"keyUp","value":""}]}]}
COMMAND: GET /session/fcfdec3f19b04732468f3b81cff77eec/screenshot - {}
RESULT: {}
COMMAND: POST /session/fcfdec3f19b04732468f3b81cff77eec/element - {"using":"xpath","value":"//td/div/span[contains(text(), \"BGL Vehicles\")]"}
RESULT: {"using":"xpath","value":"//td/div/span[contains(text(), \"BGL Vehicles\")]"}
COMMAND: POST /session/fcfdec3f19b04732468f3b81cff77eec/element/f.4917B356C9E108E3489CB9DCB9E54F9E.d.A54C4D7A0CF8A2A0F6CDC55F6A872293.e.28953/click - {}
RESULT: {}
COMMAND: GET /session/fcfdec3f19b04732468f3b81cff77eec/screenshot - {}
RESULT: {}
COMMAND: POST /session/fcfdec3f19b04732468f3b81cff77eec/element - {"using":"xpath","value":"//bdi[contains(text(), \"OK\")]"}
RESULT: {"using":"xpath","value":"//bdi[contains(text(), \"OK\")]"}
COMMAND: POST /session/fcfdec3f19b04732468f3b81cff77eec/element/f.4917B356C9E108E3489CB9DCB9E54F9E.d.A54C4D7A0CF8A2A0F6CDC55F6A872293.e.28954/click - {}
RESULT: {}
COMMAND: GET /session/fcfdec3f19b04732468f3b81cff77eec/screenshot - {}
RESULT: {}
COMMAND: POST /session/fcfdec3f19b04732468f3b81cff77eec/execute/async - {"script":"<script> [1562 bytes]","args":[{"selector":{"id":"application-manageresources-display-component---newResourceUnit--newRRUPage-anchBar-application-manageresources-display-component---newResourceUnit--resource-anchor","interaction":{"idSuffix":"BDI-content"}},"wdio_ui5_key":"applicationmanageresources-display-component---newResourceUnit--newRRUPage-anchBar-application-manageresources-display-component---newResourceUnit--resource-anchor"}]}
RESULT: {"script":"<script> [1562 bytes]","args":[{"selector":{"id":"application-manageresources-display-component---newResourceUnit--newRRUPage-anchBar-application-manageresources-display-component---newResourceUnit--resource-anchor","interaction":{"idSuffix":"BDI-content"}},"wdio_ui5_key":"applicationmanageresources-display-component---newResourceUnit--newRRUPage-anchBar-application-manageresources-display-component---newResourceUnit--resource-anchor"}]}
RESULT: undefined
COMMAND: POST /session/fcfdec3f19b04732468f3b81cff77eec/element - {"using":"xpath","value":"//*[@id=\"application-manageresources-display-component---newResourceUnit--newRRUPage-anchBar-application-manageresources-display-component---newResourceUnit--resource-anchor\"]"}
RESULT: {"using":"xpath","value":"//*[@id=\"application-manageresources-display-component---newResourceUnit--newRRUPage-anchBar-application-manageresources-display-component---newResourceUnit--resource-anchor\"]"}
COMMAND: POST /session/fcfdec3f19b04732468f3b81cff77eec/element/f.4917B356C9E108E3489CB9DCB9E54F9E.d.A54C4D7A0CF8A2A0F6CDC55F6A872293.e.28958/click - {}
RESULT: {}
COMMAND: POST /session/fcfdec3f19b04732468f3b81cff77eec/execute/async - {"script":"<script> [1562 bytes]","args":[{"selector":{"id":"application-manageresources-display-component---newResourceUnit--PLANNED_DELIVERY_DATE","interaction":{"idSuffix":"inner"}},"wdio_ui5_key":"applicationmanageresources-display-component---newResourceUnit--PLANNED_DELIVERY_DATE"}]}
COMMAND: GET /session/fcfdec3f19b04732468f3b81cff77eec/screenshot - {}
RESULT: {}
RESULT: {"script":"<script> [1562 bytes]","args":[{"selector":{"id":"application-manageresources-display-component---newResourceUnit--PLANNED_DELIVERY_DATE","interaction":{"idSuffix":"inner"}},"wdio_ui5_key":"applicationmanageresources-display-component---newResourceUnit--PLANNED_DELIVERY_DATE"}]}
RESULT: undefined
COMMAND: POST /session/fcfdec3f19b04732468f3b81cff77eec/execute/async - {"script":"<script> [6424 bytes]","args":[{"element-6066-11e4-a52e-4f735466cecf":"f.4917B356C9E108E3489CB9DCB9E54F9E.d.A54C4D7A0CF8A2A0F6CDC55F6A872293.e.28789"},"setValue",["5/24/25"]]}
RESULT: {"script":"<script> [6424 bytes]","args":[{"element-6066-11e4-a52e-4f735466cecf":"f.4917B356C9E108E3489CB9DCB9E54F9E.d.A54C4D7A0CF8A2A0F6CDC55F6A872293.e.28789"},"setValue",["5/24/25"]]}
COMMAND: POST /session/fcfdec3f19b04732468f3b81cff77eec/element - {"using":"xpath","value":"//label[contains(@class, 'sapMLabelRequired') and .//bdi[contains(text(), 'Planned Retirement')]]"}
RESULT: {"using":"xpath","value":"//label[contains(@class, 'sapMLabelRequired') and .//bdi[contains(text(), 'Planned Retirement')]]"}
COMMAND: POST /session/fcfdec3f19b04732468f3b81cff77eec/elements - {"using":"xpath","value":"//label[contains(@class, 'sapMLabelRequired') and .//bdi[contains(text(), 'Planned Retirement')]]"}
RESULT: {"using":"xpath","value":"//label[contains(@class, 'sapMLabelRequired') and .//bdi[contains(text(), 'Planned Retirement')]]"}
COMMAND: POST /session/fcfdec3f19b04732468f3b81cff77eec/element - {"using":"xpath","value":"//button[@data-kt=\"resourceUnitSaveButton\"]"}
RESULT: {"using":"xpath","value":"//button[@data-kt=\"resourceUnitSaveButton\"]"}
COMMAND: POST /session/fcfdec3f19b04732468f3b81cff77eec/element/f.4917B356C9E108E3489CB9DCB9E54F9E.d.A54C4D7A0CF8A2A0F6CDC55F6A872293.e.28749/click - {}
RESULT: {}
COMMAND: GET /session/fcfdec3f19b04732468f3b81cff77eec/screenshot - {}
RESULT: {}
COMMAND: POST /session/fcfdec3f19b04732468f3b81cff77eec/element - {"using":"xpath","value":"//bdi[contains(text(), \"Close\")]"}
RESULT: {"using":"xpath","value":"//bdi[contains(text(), \"Close\")]"}
COMMAND: POST /session/fcfdec3f19b04732468f3b81cff77eec/element/f.4917B356C9E108E3489CB9DCB9E54F9E.d.A54C4D7A0CF8A2A0F6CDC55F6A872293.e.28966/click - {}
RESULT: {}
COMMAND: GET /session/fcfdec3f19b04732468f3b81cff77eec/screenshot - {}
RESULT: {}
COMMAND: POST /session/fcfdec3f19b04732468f3b81cff77eec/element - {"using":"xpath","value":"(//button[contains(@id ,\"actionsToolbar-overflowButton\")])[1]"}
RESULT: {"using":"xpath","value":"(//button[contains(@id ,\"actionsToolbar-overflowButton\")])[1]"}
COMMAND: POST /session/fcfdec3f19b04732468f3b81cff77eec/element/f.4917B356C9E108E3489CB9DCB9E54F9E.d.A54C4D7A0CF8A2A0F6CDC55F6A872293.e.29000/click - {}
RESULT: {}
COMMAND: GET /session/fcfdec3f19b04732468f3b81cff77eec/screenshot - {}
RESULT: {}
COMMAND: POST /session/fcfdec3f19b04732468f3b81cff77eec/element - {"using":"xpath","value":"//button[@data-kt=\"priceInfoButton\"]"}
RESULT: {"using":"xpath","value":"//button[@data-kt=\"priceInfoButton\"]"}
COMMAND: POST /session/fcfdec3f19b04732468f3b81cff77eec/element/f.4917B356C9E108E3489CB9DCB9E54F9E.d.A54C4D7A0CF8A2A0F6CDC55F6A872293.e.29002/click - {}
RESULT: {}
COMMAND: GET /session/fcfdec3f19b04732468f3b81cff77eec/screenshot - {}
RESULT: {}
COMMAND: POST /session/fcfdec3f19b04732468f3b81cff77eec/element - {"using":"css selector","value":"#shell-header-logo"}
RESULT: {"using":"css selector","value":"#shell-header-logo"}
COMMAND: POST /session/fcfdec3f19b04732468f3b81cff77eec/element/f.4917B356C9E108E3489CB9DCB9E54F9E.d.A54C4D7A0CF8A2A0F6CDC55F6A872293.e.28349/click - {}
RESULT: {}
COMMAND: GET /session/fcfdec3f19b04732468f3b81cff77eec/screenshot - {}
RESULT: {}
]]></system-out>
    </testcase>
    <testcase classname="chrome.136_0_7103_93.windows.Transfer_Yard_to_Yard_US131076" name="Prereq Should create a new equipment multipart" time="125.816">
      <system-out><![CDATA[
RESULT: undefined
COMMAND: POST /session/fcfdec3f19b04732468f3b81cff77eec/element - {"using":"xpath","value":"//*[@id=\"__tile31\"]"}
RESULT: {"using":"xpath","value":"//*[@id=\"__tile31\"]"}
COMMAND: POST /session/fcfdec3f19b04732468f3b81cff77eec/element/f.4917B356C9E108E3489CB9DCB9E54F9E.d.A54C4D7A0CF8A2A0F6CDC55F6A872293.e.27508/click - {}
RESULT: {}
COMMAND: GET /session/fcfdec3f19b04732468f3b81cff77eec/screenshot - {}
RESULT: {}
COMMAND: POST /session/fcfdec3f19b04732468f3b81cff77eec/elements - {"using":"xpath","value":"//span[text()='Error']"}
RESULT: {"using":"xpath","value":"//span[text()='Error']"}
COMMAND: POST /session/fcfdec3f19b04732468f3b81cff77eec/element - {"using":"xpath","value":"//button[@data-kt=\"addNewRUOverflowToolbarButton\"]"}
RESULT: {"using":"xpath","value":"//button[@data-kt=\"addNewRUOverflowToolbarButton\"]"}
COMMAND: POST /session/fcfdec3f19b04732468f3b81cff77eec/elements - {"using":"xpath","value":"//button[@data-kt=\"addNewRUOverflowToolbarButton\"]"}
RESULT: {"using":"xpath","value":"//button[@data-kt=\"addNewRUOverflowToolbarButton\"]"}
COMMAND: POST /session/fcfdec3f19b04732468f3b81cff77eec/execute/sync - {"script":"<script> [8489 bytes]","args":[{"element-6066-11e4-a52e-4f735466cecf":"f.4917B356C9E108E3489CB9DCB9E54F9E.d.A54C4D7A0CF8A2A0F6CDC55F6A872293.e.29080","ELEMENT":"f.4917B356C9E108E3489CB9DCB9E54F9E.d.A54C4D7A0CF8A2A0F6CDC55F6A872293.e.29080"}]}
RESULT: {"script":"<script> [8489 bytes]","args":[{"element-6066-11e4-a52e-4f735466cecf":"f.4917B356C9E108E3489CB9DCB9E54F9E.d.A54C4D7A0CF8A2A0F6CDC55F6A872293.e.29080","ELEMENT":"f.4917B356C9E108E3489CB9DCB9E54F9E.d.A54C4D7A0CF8A2A0F6CDC55F6A872293.e.29080"}]}
COMMAND: GET /session/fcfdec3f19b04732468f3b81cff77eec/element/f.4917B356C9E108E3489CB9DCB9E54F9E.d.A54C4D7A0CF8A2A0F6CDC55F6A872293.e.29080/enabled - {}
COMMAND: GET /session/fcfdec3f19b04732468f3b81cff77eec/screenshot - {}
RESULT: {}
COMMAND: POST /session/fcfdec3f19b04732468f3b81cff77eec/execute/sync - {"script":"<script> [8489 bytes]","args":[{"element-6066-11e4-a52e-4f735466cecf":"f.4917B356C9E108E3489CB9DCB9E54F9E.d.A54C4D7A0CF8A2A0F6CDC55F6A872293.e.29080","ELEMENT":"f.4917B356C9E108E3489CB9DCB9E54F9E.d.A54C4D7A0CF8A2A0F6CDC55F6A872293.e.29080"}]}
COMMAND: GET /session/fcfdec3f19b04732468f3b81cff77eec/screenshot - {}
RESULT: {}
RESULT: {"script":"<script> [8489 bytes]","args":[{"element-6066-11e4-a52e-4f735466cecf":"f.4917B356C9E108E3489CB9DCB9E54F9E.d.A54C4D7A0CF8A2A0F6CDC55F6A872293.e.29080","ELEMENT":"f.4917B356C9E108E3489CB9DCB9E54F9E.d.A54C4D7A0CF8A2A0F6CDC55F6A872293.e.29080"}]}
COMMAND: POST /session/fcfdec3f19b04732468f3b81cff77eec/execute/sync - {"script":"<script> [5351 bytes]","args":[{"element-6066-11e4-a52e-4f735466cecf":"f.4917B356C9E108E3489CB9DCB9E54F9E.d.A54C4D7A0CF8A2A0F6CDC55F6A872293.e.29080","ELEMENT":"f.4917B356C9E108E3489CB9DCB9E54F9E.d.A54C4D7A0CF8A2A0F6CDC55F6A872293.e.29080"}]}
COMMAND: GET /session/fcfdec3f19b04732468f3b81cff77eec/screenshot - {}
RESULT: {}
RESULT: {"script":"<script> [5351 bytes]","args":[{"element-6066-11e4-a52e-4f735466cecf":"f.4917B356C9E108E3489CB9DCB9E54F9E.d.A54C4D7A0CF8A2A0F6CDC55F6A872293.e.29080","ELEMENT":"f.4917B356C9E108E3489CB9DCB9E54F9E.d.A54C4D7A0CF8A2A0F6CDC55F6A872293.e.29080"}]}
COMMAND: POST /session/fcfdec3f19b04732468f3b81cff77eec/element/f.4917B356C9E108E3489CB9DCB9E54F9E.d.A54C4D7A0CF8A2A0F6CDC55F6A872293.e.29080/click - {}
COMMAND: GET /session/fcfdec3f19b04732468f3b81cff77eec/screenshot - {}
RESULT: {}
RESULT: {}
COMMAND: GET /session/fcfdec3f19b04732468f3b81cff77eec/screenshot - {}
RESULT: undefined
COMMAND: POST /session/fcfdec3f19b04732468f3b81cff77eec/element - {"using":"xpath","value":"//*[@id=\"application-manageresources-display-component---newResourceUnit--TYPE-arrow\"]"}
RESULT: {}
RESULT: {}
RESULT: {"using":"xpath","value":"//*[@id=\"application-manageresources-display-component---newResourceUnit--TYPE-arrow\"]"}
COMMAND: POST /session/fcfdec3f19b04732468f3b81cff77eec/element/f.4917B356C9E108E3489CB9DCB9E54F9E.d.A54C4D7A0CF8A2A0F6CDC55F6A872293.e.29427/click - {}
RESULT: {}
COMMAND: POST /session/fcfdec3f19b04732468f3b81cff77eec/element - {"using":"xpath","value":"//input[@id=\"application-manageresources-display-component---newResourceUnit--TYPE-inner\"]"}
COMMAND: GET /session/fcfdec3f19b04732468f3b81cff77eec/screenshot - {}
RESULT: {"using":"xpath","value":"//input[@id=\"application-manageresources-display-component---newResourceUnit--TYPE-inner\"]"}
COMMAND: POST /session/fcfdec3f19b04732468f3b81cff77eec/element/f.4917B356C9E108E3489CB9DCB9E54F9E.d.A54C4D7A0CF8A2A0F6CDC55F6A872293.e.29423/clear - {}
RESULT: {}
RESULT: {}
COMMAND: POST /session/fcfdec3f19b04732468f3b81cff77eec/element/f.4917B356C9E108E3489CB9DCB9E54F9E.d.A54C4D7A0CF8A2A0F6CDC55F6A872293.e.29423/value - {"text":"Equi Multipart"}
COMMAND: GET /session/fcfdec3f19b04732468f3b81cff77eec/screenshot - {}
RESULT: {"text":"Equi Multipart"}
COMMAND: GET /session/fcfdec3f19b04732468f3b81cff77eec/screenshot - {}
RESULT: {}
RESULT: {}
COMMAND: POST /session/fcfdec3f19b04732468f3b81cff77eec/actions - {"actions":[{"id":"action89","type":"key","parameters":{},"actions":[{"type":"keyDown","value":""},{"type":"pause","duration":10},{"type":"keyUp","value":""}]}]}
RESULT: {"actions":[{"id":"action89","type":"key","parameters":{},"actions":[{"type":"keyDown","value":""},{"type":"pause","duration":10},{"type":"keyUp","value":""}]}]}
RESULT: undefined
COMMAND: POST /session/fcfdec3f19b04732468f3b81cff77eec/execute/async - {"script":"<script> [776 bytes]","args":[{"enterText":"Equipment Multipart WDIO","selector":{"id":"application-manageresources-display-component---newResourceUnit--SHORT_TEXT","interaction":{"idSuffix":"inner"}},"clearTextFirst":true,"interactionType":"ENTER_TEXT"}]}
COMMAND: GET /session/fcfdec3f19b04732468f3b81cff77eec/screenshot - {}
RESULT: {"script":"<script> [776 bytes]","args":[{"enterText":"Equipment Multipart WDIO","selector":{"id":"application-manageresources-display-component---newResourceUnit--SHORT_TEXT","interaction":{"idSuffix":"inner"}},"clearTextFirst":true,"interactionType":"ENTER_TEXT"}]}
RESULT: undefined
COMMAND: POST /session/fcfdec3f19b04732468f3b81cff77eec/execute/async - {"script":"<script> [776 bytes]","args":[{"enterText":"Piece","selector":{"id":"application-manageresources-display-component---newResourceUnit--BASE_UNIT_OF_MEASURE","interaction":{"idSuffix":"inner"}},"clearTextFirst":true,"interactionType":"ENTER_TEXT"}]}
RESULT: {}
RESULT: {"script":"<script> [776 bytes]","args":[{"enterText":"Piece","selector":{"id":"application-manageresources-display-component---newResourceUnit--BASE_UNIT_OF_MEASURE","interaction":{"idSuffix":"inner"}},"clearTextFirst":true,"interactionType":"ENTER_TEXT"}]}
RESULT: undefined
COMMAND: POST /session/fcfdec3f19b04732468f3b81cff77eec/execute/async - {"script":"<script> [776 bytes]","args":[{"enterText":"Gram","selector":{"id":"application-manageresources-display-component---newResourceUnit--WEIGHT_UNIT","interaction":{"idSuffix":"inner"}},"clearTextFirst":true,"interactionType":"ENTER_TEXT"}]}
RESULT: {"script":"<script> [776 bytes]","args":[{"enterText":"Gram","selector":{"id":"application-manageresources-display-component---newResourceUnit--WEIGHT_UNIT","interaction":{"idSuffix":"inner"}},"clearTextFirst":true,"interactionType":"ENTER_TEXT"}]}
RESULT: undefined
COMMAND: POST /session/fcfdec3f19b04732468f3b81cff77eec/execute/async - {"script":"<script> [776 bytes]","args":[{"enterText":"Meter","selector":{"id":"application-manageresources-display-component---newResourceUnit--DIMENSION_UNIT","interaction":{"idSuffix":"inner"}},"clearTextFirst":true,"interactionType":"ENTER_TEXT"}]}
RESULT: {"script":"<script> [776 bytes]","args":[{"enterText":"Meter","selector":{"id":"application-manageresources-display-component---newResourceUnit--DIMENSION_UNIT","interaction":{"idSuffix":"inner"}},"clearTextFirst":true,"interactionType":"ENTER_TEXT"}]}
RESULT: undefined
COMMAND: POST /session/fcfdec3f19b04732468f3b81cff77eec/element - {"using":"xpath","value":"//*[@id=\"application-manageresources-display-component---newResourceUnit--newRRUPage-anchBar-application-manageresources-display-component---newResourceUnit--control-anchor\"]"}
RESULT: {"using":"xpath","value":"//*[@id=\"application-manageresources-display-component---newResourceUnit--newRRUPage-anchBar-application-manageresources-display-component---newResourceUnit--control-anchor\"]"}
COMMAND: POST /session/fcfdec3f19b04732468f3b81cff77eec/element/f.4917B356C9E108E3489CB9DCB9E54F9E.d.A54C4D7A0CF8A2A0F6CDC55F6A872293.e.29556/click - {}
RESULT: {}
RESULT: undefined
COMMAND: POST /session/fcfdec3f19b04732468f3b81cff77eec/execute/async - {"script":"<script> [776 bytes]","args":[{"enterText":"Heavy Equi","selector":{"id":"application-manageresources-display-component---newResourceUnit--PLANNING_GROUP","interaction":{"idSuffix":"inner"}},"clearTextFirst":true,"interactionType":"ENTER_TEXT"}]}
COMMAND: GET /session/fcfdec3f19b04732468f3b81cff77eec/screenshot - {}
RESULT: {"script":"<script> [776 bytes]","args":[{"enterText":"Heavy Equi","selector":{"id":"application-manageresources-display-component---newResourceUnit--PLANNING_GROUP","interaction":{"idSuffix":"inner"}},"clearTextFirst":true,"interactionType":"ENTER_TEXT"}]}
RESULT: {}
COMMAND: POST /session/fcfdec3f19b04732468f3b81cff77eec/execute/async - {"script":"<script> [1562 bytes]","args":[{"selector":{"id":"application-manageresources-display-component---newResourceUnit--PLANNING_INDICATOR","interaction":{"idSuffix":"inner"}},"wdio_ui5_key":"applicationmanageresources-display-component---newResourceUnit--PLANNING_INDICATOR"}]}
RESULT: {"script":"<script> [1562 bytes]","args":[{"selector":{"id":"application-manageresources-display-component---newResourceUnit--PLANNING_INDICATOR","interaction":{"idSuffix":"inner"}},"wdio_ui5_key":"applicationmanageresources-display-component---newResourceUnit--PLANNING_INDICATOR"}]}
RESULT: undefined
COMMAND: POST /session/fcfdec3f19b04732468f3b81cff77eec/execute/async - {"script":"<script> [776 bytes]","args":[{"enterText":"10 - infinite","selector":{"id":"application-manageresources-display-component---newResourceUnit--PLANNING_INDICATOR","interaction":{"idSuffix":"inner"}},"clearTextFirst":true,"interactionType":"ENTER_TEXT"}]}
RESULT: {"script":"<script> [776 bytes]","args":[{"enterText":"10 - infinite","selector":{"id":"application-manageresources-display-component---newResourceUnit--PLANNING_INDICATOR","interaction":{"idSuffix":"inner"}},"clearTextFirst":true,"interactionType":"ENTER_TEXT"}]}
RESULT: undefined
COMMAND: POST /session/fcfdec3f19b04732468f3b81cff77eec/element - {"using":"xpath","value":"//*[@id=\"application-manageresources-display-component---newResourceUnit--ITEM_TYPE-arrow\"]"}
RESULT: {"using":"xpath","value":"//*[@id=\"application-manageresources-display-component---newResourceUnit--ITEM_TYPE-arrow\"]"}
COMMAND: POST /session/fcfdec3f19b04732468f3b81cff77eec/element/f.4917B356C9E108E3489CB9DCB9E54F9E.d.A54C4D7A0CF8A2A0F6CDC55F6A872293.e.29563/click - {}
RESULT: {}
COMMAND: GET /session/fcfdec3f19b04732468f3b81cff77eec/screenshot - {}
RESULT: {}
COMMAND: POST /session/fcfdec3f19b04732468f3b81cff77eec/execute/async - {"script":"<script> [1562 bytes]","args":[{"selector":{"controlType":"sap.m.StandardListItem","viewName":"reusables.view.manageresources.NewResourceUnit","viewId":"application-manageresources-display-component---newResourceUnit","properties":{"title":"Pool Equipment"},"searchOpenDialogs":true,"interaction":{"idSuffix":"content"}},"wdio_ui5_key":"reusablesview.manageresources.NewResourceUnitsap.m.StandardListItem{\"title\":\"Pool Equipment\"}"}]}
RESULT: {"script":"<script> [1562 bytes]","args":[{"selector":{"controlType":"sap.m.StandardListItem","viewName":"reusables.view.manageresources.NewResourceUnit","viewId":"application-manageresources-display-component---newResourceUnit","properties":{"title":"Pool Equipment"},"searchOpenDialogs":true,"interaction":{"idSuffix":"content"}},"wdio_ui5_key":"reusablesview.manageresources.NewResourceUnitsap.m.StandardListItem{\"title\":\"Pool Equipment\"}"}]}
RESULT: undefined
COMMAND: POST /session/fcfdec3f19b04732468f3b81cff77eec/element - {"using":"xpath","value":"//*[@id=\"__item1117\"]"}
RESULT: {"using":"xpath","value":"//*[@id=\"__item1117\"]"}
COMMAND: POST /session/fcfdec3f19b04732468f3b81cff77eec/element/f.4917B356C9E108E3489CB9DCB9E54F9E.d.A54C4D7A0CF8A2A0F6CDC55F6A872293.e.29565/click - {}
RESULT: {}
COMMAND: GET /session/fcfdec3f19b04732468f3b81cff77eec/screenshot - {}
RESULT: {}
COMMAND: POST /session/fcfdec3f19b04732468f3b81cff77eec/element - {"using":"css selector","value":"#application-manageresources-display-component---newResourceUnit--btnAddTimeSegment"}
RESULT: {"using":"css selector","value":"#application-manageresources-display-component---newResourceUnit--btnAddTimeSegment"}
COMMAND: GET /session/fcfdec3f19b04732468f3b81cff77eec/element/f.4917B356C9E108E3489CB9DCB9E54F9E.d.A54C4D7A0CF8A2A0F6CDC55F6A872293.e.29627/rect - {}
RESULT: {}
COMMAND: GET /session/fcfdec3f19b04732468f3b81cff77eec/window/rect - {}
RESULT: {}
COMMAND: POST /session/fcfdec3f19b04732468f3b81cff77eec/execute/sync - {"script":"<script> [92 bytes]","args":[]}
RESULT: {"script":"<script> [92 bytes]","args":[]}
COMMAND: POST /session/fcfdec3f19b04732468f3b81cff77eec/actions - {"actions":[{"id":"action90","type":"wheel","parameters":{},"actions":[{"type":"scroll","x":-1888,"y":-32,"deltaX":0,"deltaY":0,"duration":0,"origin":{"element-6066-11e4-a52e-4f735466cecf":"f.4917B356C9E108E3489CB9DCB9E54F9E.d.A54C4D7A0CF8A2A0F6CDC55F6A872293.e.29627"}}]}]}
COMMAND: GET /session/fcfdec3f19b04732468f3b81cff77eec/screenshot - {}
RESULT: {}
COMMAND: POST /session/fcfdec3f19b04732468f3b81cff77eec/execute/sync - {"script":"<script> [79 bytes]","args":[{"element-6066-11e4-a52e-4f735466cecf":"f.4917B356C9E108E3489CB9DCB9E54F9E.d.A54C4D7A0CF8A2A0F6CDC55F6A872293.e.29627","ELEMENT":"f.4917B356C9E108E3489CB9DCB9E54F9E.d.A54C4D7A0CF8A2A0F6CDC55F6A872293.e.29627"},{"block":"start","inline":"nearest"}]}
RESULT: {"script":"<script> [79 bytes]","args":[{"element-6066-11e4-a52e-4f735466cecf":"f.4917B356C9E108E3489CB9DCB9E54F9E.d.A54C4D7A0CF8A2A0F6CDC55F6A872293.e.29627","ELEMENT":"f.4917B356C9E108E3489CB9DCB9E54F9E.d.A54C4D7A0CF8A2A0F6CDC55F6A872293.e.29627"},{"block":"start","inline":"nearest"}]}
RESULT: undefined
COMMAND: POST /session/fcfdec3f19b04732468f3b81cff77eec/element - {"using":"xpath","value":"//*[@id=\"application-manageresources-display-component---newResourceUnit--btnAddTimeSegment\"]"}
COMMAND: GET /session/fcfdec3f19b04732468f3b81cff77eec/screenshot - {}
RESULT: {"using":"xpath","value":"//*[@id=\"application-manageresources-display-component---newResourceUnit--btnAddTimeSegment\"]"}
COMMAND: POST /session/fcfdec3f19b04732468f3b81cff77eec/element/f.4917B356C9E108E3489CB9DCB9E54F9E.d.A54C4D7A0CF8A2A0F6CDC55F6A872293.e.29627/click - {}
RESULT: {}
RESULT: {}
COMMAND: GET /session/fcfdec3f19b04732468f3b81cff77eec/screenshot - {}
RESULT: {}
COMMAND: POST /session/fcfdec3f19b04732468f3b81cff77eec/element - {"using":"xpath","value":"//input[@id=\"application-manageresources-display-component---newResourceUnit--idRuTSAdmin-application-manageresources-display-component---newResourceUnit--RUTimeSegment-0-inner\"]"}
RESULT: {"using":"xpath","value":"//input[@id=\"application-manageresources-display-component---newResourceUnit--idRuTSAdmin-application-manageresources-display-component---newResourceUnit--RUTimeSegment-0-inner\"]"}
COMMAND: POST /session/fcfdec3f19b04732468f3b81cff77eec/element/f.4917B356C9E108E3489CB9DCB9E54F9E.d.A54C4D7A0CF8A2A0F6CDC55F6A872293.e.29632/clear - {}
RESULT: {}
COMMAND: POST /session/fcfdec3f19b04732468f3b81cff77eec/element/f.4917B356C9E108E3489CB9DCB9E54F9E.d.A54C4D7A0CF8A2A0F6CDC55F6A872293.e.29632/value - {"text":"252"}
COMMAND: GET /session/fcfdec3f19b04732468f3b81cff77eec/screenshot - {}
RESULT: {"text":"252"}
COMMAND: GET /session/fcfdec3f19b04732468f3b81cff77eec/screenshot - {}
RESULT: {}
RESULT: {}
COMMAND: POST /session/fcfdec3f19b04732468f3b81cff77eec/element - {"using":"xpath","value":"//li[.//span[text()='252']]"}
RESULT: {"using":"xpath","value":"//li[.//span[text()='252']]"}
COMMAND: POST /session/fcfdec3f19b04732468f3b81cff77eec/element/f.4917B356C9E108E3489CB9DCB9E54F9E.d.A54C4D7A0CF8A2A0F6CDC55F6A872293.e.29645/click - {}
RESULT: {}
COMMAND: GET /session/fcfdec3f19b04732468f3b81cff77eec/screenshot - {}
RESULT: {}
COMMAND: POST /session/fcfdec3f19b04732468f3b81cff77eec/element - {"using":"xpath","value":"(//span[contains(@id, \"-application-manageresources-display-component---newResourceUnit--RUTimeSegment-0-arrow\")])[5]"}
RESULT: {"using":"xpath","value":"(//span[contains(@id, \"-application-manageresources-display-component---newResourceUnit--RUTimeSegment-0-arrow\")])[5]"}
COMMAND: POST /session/fcfdec3f19b04732468f3b81cff77eec/element/f.4917B356C9E108E3489CB9DCB9E54F9E.d.A54C4D7A0CF8A2A0F6CDC55F6A872293.e.29646/click - {}
RESULT: {}
COMMAND: GET /session/fcfdec3f19b04732468f3b81cff77eec/screenshot - {}
RESULT: {}
COMMAND: POST /session/fcfdec3f19b04732468f3b81cff77eec/element - {"using":"xpath","value":"//span[contains(text(), \"PM Order\")]"}
RESULT: {"using":"xpath","value":"//span[contains(text(), \"PM Order\")]"}
COMMAND: POST /session/fcfdec3f19b04732468f3b81cff77eec/element/f.4917B356C9E108E3489CB9DCB9E54F9E.d.A54C4D7A0CF8A2A0F6CDC55F6A872293.e.29647/click - {}
RESULT: {}
COMMAND: GET /session/fcfdec3f19b04732468f3b81cff77eec/screenshot - {}
RESULT: {}
COMMAND: POST /session/fcfdec3f19b04732468f3b81cff77eec/element - {"using":"xpath","value":"(//span[contains(@id ,\"manageresources-display-component---newResourceUnit--RUTimeSegment-0-vhi\")])[1]"}
RESULT: {"using":"xpath","value":"(//span[contains(@id ,\"manageresources-display-component---newResourceUnit--RUTimeSegment-0-vhi\")])[1]"}
COMMAND: GET /session/fcfdec3f19b04732468f3b81cff77eec/element/f.4917B356C9E108E3489CB9DCB9E54F9E.d.A54C4D7A0CF8A2A0F6CDC55F6A872293.e.29651/rect - {}
RESULT: {}
COMMAND: GET /session/fcfdec3f19b04732468f3b81cff77eec/window/rect - {}
RESULT: {}
COMMAND: POST /session/fcfdec3f19b04732468f3b81cff77eec/execute/sync - {"script":"<script> [92 bytes]","args":[]}
RESULT: {"script":"<script> [92 bytes]","args":[]}
COMMAND: POST /session/fcfdec3f19b04732468f3b81cff77eec/actions - {"actions":[{"id":"action91","type":"wheel","parameters":{},"actions":[{"type":"scroll","x":-1888,"y":-24,"deltaX":0,"deltaY":0,"duration":0,"origin":{"element-6066-11e4-a52e-4f735466cecf":"f.4917B356C9E108E3489CB9DCB9E54F9E.d.A54C4D7A0CF8A2A0F6CDC55F6A872293.e.29651"}}]}]}
COMMAND: GET /session/fcfdec3f19b04732468f3b81cff77eec/screenshot - {}
RESULT: {}
COMMAND: POST /session/fcfdec3f19b04732468f3b81cff77eec/execute/sync - {"script":"<script> [79 bytes]","args":[{"element-6066-11e4-a52e-4f735466cecf":"f.4917B356C9E108E3489CB9DCB9E54F9E.d.A54C4D7A0CF8A2A0F6CDC55F6A872293.e.29651","ELEMENT":"f.4917B356C9E108E3489CB9DCB9E54F9E.d.A54C4D7A0CF8A2A0F6CDC55F6A872293.e.29651"},{"block":"start","inline":"nearest"}]}
RESULT: {"script":"<script> [79 bytes]","args":[{"element-6066-11e4-a52e-4f735466cecf":"f.4917B356C9E108E3489CB9DCB9E54F9E.d.A54C4D7A0CF8A2A0F6CDC55F6A872293.e.29651","ELEMENT":"f.4917B356C9E108E3489CB9DCB9E54F9E.d.A54C4D7A0CF8A2A0F6CDC55F6A872293.e.29651"},{"block":"start","inline":"nearest"}]}
COMMAND: GET /session/fcfdec3f19b04732468f3b81cff77eec/screenshot - {}
RESULT: {}
COMMAND: POST /session/fcfdec3f19b04732468f3b81cff77eec/element/f.4917B356C9E108E3489CB9DCB9E54F9E.d.A54C4D7A0CF8A2A0F6CDC55F6A872293.e.29651/click - {}
RESULT: {}
COMMAND: GET /session/fcfdec3f19b04732468f3b81cff77eec/screenshot - {}
RESULT: {}
RESULT: undefined
COMMAND: POST /session/fcfdec3f19b04732468f3b81cff77eec/execute/async - {"script":"<script> [776 bytes]","args":[{"enterText":"4000360","selector":{"controlType":"sap.m.SearchField","properties":{"placeholder":"Search"},"searchOpenDialogs":true,"interaction":{"idSuffix":"I"}},"clearTextFirst":true,"interactionType":"ENTER_TEXT"}]}
RESULT: {"script":"<script> [776 bytes]","args":[{"enterText":"4000360","selector":{"controlType":"sap.m.SearchField","properties":{"placeholder":"Search"},"searchOpenDialogs":true,"interaction":{"idSuffix":"I"}},"clearTextFirst":true,"interactionType":"ENTER_TEXT"}]}
COMMAND: POST /session/fcfdec3f19b04732468f3b81cff77eec/actions - {"actions":[{"id":"action92","type":"key","parameters":{},"actions":[{"type":"keyDown","value":""},{"type":"pause","duration":10},{"type":"keyUp","value":""}]}]}
RESULT: {"actions":[{"id":"action92","type":"key","parameters":{},"actions":[{"type":"keyDown","value":""},{"type":"pause","duration":10},{"type":"keyUp","value":""}]}]}
COMMAND: GET /session/fcfdec3f19b04732468f3b81cff77eec/screenshot - {}
RESULT: {}
COMMAND: POST /session/fcfdec3f19b04732468f3b81cff77eec/element - {"using":"xpath","value":"//td/div/span[contains(text(), \"BGL Vehicles\")]"}
RESULT: {"using":"xpath","value":"//td/div/span[contains(text(), \"BGL Vehicles\")]"}
COMMAND: POST /session/fcfdec3f19b04732468f3b81cff77eec/element/f.4917B356C9E108E3489CB9DCB9E54F9E.d.A54C4D7A0CF8A2A0F6CDC55F6A872293.e.29671/click - {}
RESULT: {}
COMMAND: GET /session/fcfdec3f19b04732468f3b81cff77eec/screenshot - {}
RESULT: {}
COMMAND: POST /session/fcfdec3f19b04732468f3b81cff77eec/element - {"using":"xpath","value":"//bdi[contains(text(), \"OK\")]"}
RESULT: {"using":"xpath","value":"//bdi[contains(text(), \"OK\")]"}
COMMAND: POST /session/fcfdec3f19b04732468f3b81cff77eec/element/f.4917B356C9E108E3489CB9DCB9E54F9E.d.A54C4D7A0CF8A2A0F6CDC55F6A872293.e.29672/click - {}
RESULT: {}
COMMAND: GET /session/fcfdec3f19b04732468f3b81cff77eec/screenshot - {}
RESULT: {}
COMMAND: POST /session/fcfdec3f19b04732468f3b81cff77eec/element - {"using":"xpath","value":"//label[contains(@class, 'sapMLabelRequired') and .//bdi[contains(text(), 'Planned Retirement')]]"}
RESULT: {"using":"xpath","value":"//label[contains(@class, 'sapMLabelRequired') and .//bdi[contains(text(), 'Planned Retirement')]]"}
COMMAND: POST /session/fcfdec3f19b04732468f3b81cff77eec/elements - {"using":"xpath","value":"//label[contains(@class, 'sapMLabelRequired') and .//bdi[contains(text(), 'Planned Retirement')]]"}
RESULT: {"using":"xpath","value":"//label[contains(@class, 'sapMLabelRequired') and .//bdi[contains(text(), 'Planned Retirement')]]"}
COMMAND: POST /session/fcfdec3f19b04732468f3b81cff77eec/element - {"using":"xpath","value":"//button[@data-kt=\"resourceUnitSaveButton\"]"}
RESULT: {"using":"xpath","value":"//button[@data-kt=\"resourceUnitSaveButton\"]"}
COMMAND: POST /session/fcfdec3f19b04732468f3b81cff77eec/element/f.4917B356C9E108E3489CB9DCB9E54F9E.d.A54C4D7A0CF8A2A0F6CDC55F6A872293.e.29444/click - {}
RESULT: {}
COMMAND: GET /session/fcfdec3f19b04732468f3b81cff77eec/screenshot - {}
RESULT: {}
COMMAND: POST /session/fcfdec3f19b04732468f3b81cff77eec/element - {"using":"xpath","value":"//bdi[contains(text(), \"Close\")]"}
RESULT: {"using":"xpath","value":"//bdi[contains(text(), \"Close\")]"}
COMMAND: POST /session/fcfdec3f19b04732468f3b81cff77eec/element/f.4917B356C9E108E3489CB9DCB9E54F9E.d.A54C4D7A0CF8A2A0F6CDC55F6A872293.e.29678/click - {}
RESULT: {}
COMMAND: GET /session/fcfdec3f19b04732468f3b81cff77eec/screenshot - {}
RESULT: {}
COMMAND: POST /session/fcfdec3f19b04732468f3b81cff77eec/element - {"using":"xpath","value":"//header[contains(@id, 'detailRruPage-headerTitle')]/div[1]/div[2]/div[2]/span[1]"}
RESULT: {"using":"xpath","value":"//header[contains(@id, 'detailRruPage-headerTitle')]/div[1]/div[2]/div[2]/span[1]"}
COMMAND: POST /session/fcfdec3f19b04732468f3b81cff77eec/elements - {"using":"xpath","value":"//header[contains(@id, 'detailRruPage-headerTitle')]/div[1]/div[2]/div[2]/span[1]"}
RESULT: {"using":"xpath","value":"//header[contains(@id, 'detailRruPage-headerTitle')]/div[1]/div[2]/div[2]/span[1]"}
COMMAND: POST /session/fcfdec3f19b04732468f3b81cff77eec/execute/sync - {"script":"<script> [56 bytes]","args":[{"element-6066-11e4-a52e-4f735466cecf":"f.4917B356C9E108E3489CB9DCB9E54F9E.d.A54C4D7A0CF8A2A0F6CDC55F6A872293.e.29710","ELEMENT":"f.4917B356C9E108E3489CB9DCB9E54F9E.d.A54C4D7A0CF8A2A0F6CDC55F6A872293.e.29710"}]}
RESULT: {"script":"<script> [56 bytes]","args":[{"element-6066-11e4-a52e-4f735466cecf":"f.4917B356C9E108E3489CB9DCB9E54F9E.d.A54C4D7A0CF8A2A0F6CDC55F6A872293.e.29710","ELEMENT":"f.4917B356C9E108E3489CB9DCB9E54F9E.d.A54C4D7A0CF8A2A0F6CDC55F6A872293.e.29710"}]}
COMMAND: POST /session/fcfdec3f19b04732468f3b81cff77eec/element - {"using":"css selector","value":"#shell-header-logo"}
COMMAND: GET /session/fcfdec3f19b04732468f3b81cff77eec/screenshot - {}
RESULT: {"using":"css selector","value":"#shell-header-logo"}
COMMAND: POST /session/fcfdec3f19b04732468f3b81cff77eec/element/f.4917B356C9E108E3489CB9DCB9E54F9E.d.A54C4D7A0CF8A2A0F6CDC55F6A872293.e.29041/click - {}
RESULT: {}
RESULT: {}
COMMAND: GET /session/fcfdec3f19b04732468f3b81cff77eec/screenshot - {}
RESULT: {}
]]></system-out>
    </testcase>
    <testcase classname="chrome.136_0_7103_93.windows.Transfer_Yard_to_Yard_US131076" name="Should do a stock increase handover for equipment" time="88.11">
      <system-out><![CDATA[
COMMAND: POST /session/fcfdec3f19b04732468f3b81cff77eec/execute/async - {"script":"<script> [1562 bytes]","args":[{"selector":{"controlType":"sap.m.GenericTile","properties":{"header":"Manage Handovers"}},"wdio_ui5_key":"sapm.GenericTile{\"header\":\"Manage Handovers\"}"}]}
RESULT: {"script":"<script> [1562 bytes]","args":[{"selector":{"controlType":"sap.m.GenericTile","properties":{"header":"Manage Handovers"}},"wdio_ui5_key":"sapm.GenericTile{\"header\":\"Manage Handovers\"}"}]}
RESULT: undefined
COMMAND: POST /session/fcfdec3f19b04732468f3b81cff77eec/element - {"using":"xpath","value":"//*[@id=\"__tile131\"]"}
RESULT: {"using":"xpath","value":"//*[@id=\"__tile131\"]"}
COMMAND: POST /session/fcfdec3f19b04732468f3b81cff77eec/element/f.4917B356C9E108E3489CB9DCB9E54F9E.d.A54C4D7A0CF8A2A0F6CDC55F6A872293.e.27535/click - {}
RESULT: {}
COMMAND: GET /session/fcfdec3f19b04732468f3b81cff77eec/screenshot - {}
RESULT: {}
COMMAND: POST /session/fcfdec3f19b04732468f3b81cff77eec/elements - {"using":"xpath","value":"//span[text()='Error']"}
RESULT: {"using":"xpath","value":"//span[text()='Error']"}
COMMAND: POST /session/fcfdec3f19b04732468f3b81cff77eec/element - {"using":"xpath","value":"//button[@data-kt=\"masterHOAddButton\"]"}
RESULT: {"using":"xpath","value":"//button[@data-kt=\"masterHOAddButton\"]"}
COMMAND: POST /session/fcfdec3f19b04732468f3b81cff77eec/elements - {"using":"xpath","value":"//button[@data-kt=\"masterHOAddButton\"]"}
RESULT: {"using":"xpath","value":"//button[@data-kt=\"masterHOAddButton\"]"}
COMMAND: POST /session/fcfdec3f19b04732468f3b81cff77eec/execute/sync - {"script":"<script> [8489 bytes]","args":[{"element-6066-11e4-a52e-4f735466cecf":"f.4917B356C9E108E3489CB9DCB9E54F9E.d.A54C4D7A0CF8A2A0F6CDC55F6A872293.e.29751","ELEMENT":"f.4917B356C9E108E3489CB9DCB9E54F9E.d.A54C4D7A0CF8A2A0F6CDC55F6A872293.e.29751"}]}
RESULT: {"script":"<script> [8489 bytes]","args":[{"element-6066-11e4-a52e-4f735466cecf":"f.4917B356C9E108E3489CB9DCB9E54F9E.d.A54C4D7A0CF8A2A0F6CDC55F6A872293.e.29751","ELEMENT":"f.4917B356C9E108E3489CB9DCB9E54F9E.d.A54C4D7A0CF8A2A0F6CDC55F6A872293.e.29751"}]}
COMMAND: GET /session/fcfdec3f19b04732468f3b81cff77eec/element/f.4917B356C9E108E3489CB9DCB9E54F9E.d.A54C4D7A0CF8A2A0F6CDC55F6A872293.e.29751/enabled - {}
COMMAND: GET /session/fcfdec3f19b04732468f3b81cff77eec/screenshot - {}
RESULT: {}
COMMAND: POST /session/fcfdec3f19b04732468f3b81cff77eec/execute/sync - {"script":"<script> [8489 bytes]","args":[{"element-6066-11e4-a52e-4f735466cecf":"f.4917B356C9E108E3489CB9DCB9E54F9E.d.A54C4D7A0CF8A2A0F6CDC55F6A872293.e.29751","ELEMENT":"f.4917B356C9E108E3489CB9DCB9E54F9E.d.A54C4D7A0CF8A2A0F6CDC55F6A872293.e.29751"}]}
COMMAND: GET /session/fcfdec3f19b04732468f3b81cff77eec/screenshot - {}
RESULT: {}
RESULT: {"script":"<script> [8489 bytes]","args":[{"element-6066-11e4-a52e-4f735466cecf":"f.4917B356C9E108E3489CB9DCB9E54F9E.d.A54C4D7A0CF8A2A0F6CDC55F6A872293.e.29751","ELEMENT":"f.4917B356C9E108E3489CB9DCB9E54F9E.d.A54C4D7A0CF8A2A0F6CDC55F6A872293.e.29751"}]}
COMMAND: POST /session/fcfdec3f19b04732468f3b81cff77eec/execute/sync - {"script":"<script> [5351 bytes]","args":[{"element-6066-11e4-a52e-4f735466cecf":"f.4917B356C9E108E3489CB9DCB9E54F9E.d.A54C4D7A0CF8A2A0F6CDC55F6A872293.e.29751","ELEMENT":"f.4917B356C9E108E3489CB9DCB9E54F9E.d.A54C4D7A0CF8A2A0F6CDC55F6A872293.e.29751"}]}
COMMAND: GET /session/fcfdec3f19b04732468f3b81cff77eec/screenshot - {}
RESULT: {}
RESULT: {"script":"<script> [5351 bytes]","args":[{"element-6066-11e4-a52e-4f735466cecf":"f.4917B356C9E108E3489CB9DCB9E54F9E.d.A54C4D7A0CF8A2A0F6CDC55F6A872293.e.29751","ELEMENT":"f.4917B356C9E108E3489CB9DCB9E54F9E.d.A54C4D7A0CF8A2A0F6CDC55F6A872293.e.29751"}]}
COMMAND: POST /session/fcfdec3f19b04732468f3b81cff77eec/element/f.4917B356C9E108E3489CB9DCB9E54F9E.d.A54C4D7A0CF8A2A0F6CDC55F6A872293.e.29751/click - {}
COMMAND: GET /session/fcfdec3f19b04732468f3b81cff77eec/screenshot - {}
RESULT: {}
RESULT: {}
COMMAND: GET /session/fcfdec3f19b04732468f3b81cff77eec/screenshot - {}
RESULT: {}
COMMAND: POST /session/fcfdec3f19b04732468f3b81cff77eec/element - {"using":"xpath","value":"//span[contains(@id ,\"AddNewHO--typeSelect-arrow\")]"}
RESULT: {}
RESULT: {"using":"xpath","value":"//span[contains(@id ,\"AddNewHO--typeSelect-arrow\")]"}
COMMAND: POST /session/fcfdec3f19b04732468f3b81cff77eec/element/f.4917B356C9E108E3489CB9DCB9E54F9E.d.A54C4D7A0CF8A2A0F6CDC55F6A872293.e.30090/click - {}
RESULT: {}
COMMAND: GET /session/fcfdec3f19b04732468f3b81cff77eec/screenshot - {}
RESULT: {}
COMMAND: POST /session/fcfdec3f19b04732468f3b81cff77eec/element - {"using":"xpath","value":"(//li[contains(text(), \"stock increase yard\")])[1]"}
RESULT: {"using":"xpath","value":"(//li[contains(text(), \"stock increase yard\")])[1]"}
COMMAND: POST /session/fcfdec3f19b04732468f3b81cff77eec/element/f.4917B356C9E108E3489CB9DCB9E54F9E.d.A54C4D7A0CF8A2A0F6CDC55F6A872293.e.30091/click - {}
RESULT: {}
COMMAND: GET /session/fcfdec3f19b04732468f3b81cff77eec/screenshot - {}
RESULT: {}
COMMAND: POST /session/fcfdec3f19b04732468f3b81cff77eec/execute/async - {"script":"<script> [1562 bytes]","args":[{"selector":{"id":"application-managehandovers-display-component---AddNewHO--dueDate","interaction":{"idSuffix":"inner"}},"wdio_ui5_key":"applicationmanagehandovers-display-component---AddNewHO--dueDate"}]}
RESULT: {"script":"<script> [1562 bytes]","args":[{"selector":{"id":"application-managehandovers-display-component---AddNewHO--dueDate","interaction":{"idSuffix":"inner"}},"wdio_ui5_key":"applicationmanagehandovers-display-component---AddNewHO--dueDate"}]}
RESULT: undefined
COMMAND: POST /session/fcfdec3f19b04732468f3b81cff77eec/execute/async - {"script":"<script> [6424 bytes]","args":[{"element-6066-11e4-a52e-4f735466cecf":"f.4917B356C9E108E3489CB9DCB9E54F9E.d.A54C4D7A0CF8A2A0F6CDC55F6A872293.e.30095"},"setValue",["5/24/25"]]}
RESULT: {"script":"<script> [6424 bytes]","args":[{"element-6066-11e4-a52e-4f735466cecf":"f.4917B356C9E108E3489CB9DCB9E54F9E.d.A54C4D7A0CF8A2A0F6CDC55F6A872293.e.30095"},"setValue",["5/24/25"]]}
COMMAND: POST /session/fcfdec3f19b04732468f3b81cff77eec/element - {"using":"xpath","value":"//input[@id=\"generalSectionFrg--receiveYard-inner\"]"}
RESULT: {"using":"xpath","value":"//input[@id=\"generalSectionFrg--receiveYard-inner\"]"}
COMMAND: POST /session/fcfdec3f19b04732468f3b81cff77eec/element/f.4917B356C9E108E3489CB9DCB9E54F9E.d.A54C4D7A0CF8A2A0F6CDC55F6A872293.e.30101/clear - {}
RESULT: {}
COMMAND: POST /session/fcfdec3f19b04732468f3b81cff77eec/element/f.4917B356C9E108E3489CB9DCB9E54F9E.d.A54C4D7A0CF8A2A0F6CDC55F6A872293.e.30101/value - {"text":"252"}
COMMAND: GET /session/fcfdec3f19b04732468f3b81cff77eec/screenshot - {}
RESULT: {"text":"252"}
COMMAND: GET /session/fcfdec3f19b04732468f3b81cff77eec/screenshot - {}
RESULT: {}
RESULT: {}
COMMAND: POST /session/fcfdec3f19b04732468f3b81cff77eec/element - {"using":"xpath","value":"//li[.//span[text()='252']]"}
RESULT: {"using":"xpath","value":"//li[.//span[text()='252']]"}
COMMAND: POST /session/fcfdec3f19b04732468f3b81cff77eec/element/f.4917B356C9E108E3489CB9DCB9E54F9E.d.A54C4D7A0CF8A2A0F6CDC55F6A872293.e.30115/click - {}
RESULT: {}
COMMAND: GET /session/fcfdec3f19b04732468f3b81cff77eec/screenshot - {}
RESULT: {}
COMMAND: POST /session/fcfdec3f19b04732468f3b81cff77eec/execute/async - {"script":"<script> [1562 bytes]","args":[{"selector":{"id":"application-managehandovers-display-component---AddNewHO--ObjectPageLayout-anchBar-application-managehandovers-display-component---AddNewHO--section4-anchor","interaction":{"idSuffix":"BDI-content"}},"wdio_ui5_key":"applicationmanagehandovers-display-component---AddNewHO--ObjectPageLayout-anchBar-application-managehandovers-display-component---AddNewHO--section4-anchor"}]}
RESULT: {"script":"<script> [1562 bytes]","args":[{"selector":{"id":"application-managehandovers-display-component---AddNewHO--ObjectPageLayout-anchBar-application-managehandovers-display-component---AddNewHO--section4-anchor","interaction":{"idSuffix":"BDI-content"}},"wdio_ui5_key":"applicationmanagehandovers-display-component---AddNewHO--ObjectPageLayout-anchBar-application-managehandovers-display-component---AddNewHO--section4-anchor"}]}
RESULT: undefined
COMMAND: POST /session/fcfdec3f19b04732468f3b81cff77eec/element - {"using":"xpath","value":"//*[@id=\"application-managehandovers-display-component---AddNewHO--ObjectPageLayout-anchBar-application-managehandovers-display-component---AddNewHO--section4-anchor\"]"}
RESULT: {"using":"xpath","value":"//*[@id=\"application-managehandovers-display-component---AddNewHO--ObjectPageLayout-anchBar-application-managehandovers-display-component---AddNewHO--section4-anchor\"]"}
COMMAND: POST /session/fcfdec3f19b04732468f3b81cff77eec/element/f.4917B356C9E108E3489CB9DCB9E54F9E.d.A54C4D7A0CF8A2A0F6CDC55F6A872293.e.30117/click - {}
RESULT: {}
COMMAND: POST /session/fcfdec3f19b04732468f3b81cff77eec/element - {"using":"xpath","value":"//button[@aria-label=\"Add\"]"}
COMMAND: GET /session/fcfdec3f19b04732468f3b81cff77eec/screenshot - {}
RESULT: {"using":"xpath","value":"//button[@aria-label=\"Add\"]"}
COMMAND: POST /session/fcfdec3f19b04732468f3b81cff77eec/element/f.4917B356C9E108E3489CB9DCB9E54F9E.d.A54C4D7A0CF8A2A0F6CDC55F6A872293.e.30119/click - {}
RESULT: {}
RESULT: {}
COMMAND: GET /session/fcfdec3f19b04732468f3b81cff77eec/screenshot - {}
RESULT: {}
COMMAND: POST /session/fcfdec3f19b04732468f3b81cff77eec/execute/async - {"script":"<script> [1562 bytes]","args":[{"selector":{"id":"application-managehandovers-display-component---AddNewHO--smartFilterBar-btnBasicSearch","searchOpenDialogs":true,"interaction":{"idSuffix":"I"}},"wdio_ui5_key":"applicationmanagehandovers-display-component---AddNewHO--smartFilterBar-btnBasicSearch"}]}
RESULT: {"script":"<script> [1562 bytes]","args":[{"selector":{"id":"application-managehandovers-display-component---AddNewHO--smartFilterBar-btnBasicSearch","searchOpenDialogs":true,"interaction":{"idSuffix":"I"}},"wdio_ui5_key":"applicationmanagehandovers-display-component---AddNewHO--smartFilterBar-btnBasicSearch"}]}
RESULT: undefined
COMMAND: POST /session/fcfdec3f19b04732468f3b81cff77eec/execute/async - {"script":"<script> [776 bytes]","args":[{"enterText":"Kb3y2IhGm0","selector":{"id":"application-managehandovers-display-component---AddNewHO--smartFilterBar-btnBasicSearch","searchOpenDialogs":true,"interaction":{"idSuffix":"I"}},"clearTextFirst":true,"interactionType":"ENTER_TEXT"}]}
RESULT: {"script":"<script> [776 bytes]","args":[{"enterText":"Kb3y2IhGm0","selector":{"id":"application-managehandovers-display-component---AddNewHO--smartFilterBar-btnBasicSearch","searchOpenDialogs":true,"interaction":{"idSuffix":"I"}},"clearTextFirst":true,"interactionType":"ENTER_TEXT"}]}
COMMAND: POST /session/fcfdec3f19b04732468f3b81cff77eec/actions - {"actions":[{"id":"action93","type":"key","parameters":{},"actions":[{"type":"keyDown","value":""},{"type":"pause","duration":10},{"type":"keyUp","value":""}]}]}
RESULT: {"actions":[{"id":"action93","type":"key","parameters":{},"actions":[{"type":"keyDown","value":""},{"type":"pause","duration":10},{"type":"keyUp","value":""}]}]}
COMMAND: GET /session/fcfdec3f19b04732468f3b81cff77eec/screenshot - {}
RESULT: {}
COMMAND: POST /session/fcfdec3f19b04732468f3b81cff77eec/execute/async - {"script":"<script> [1562 bytes]","args":[{"selector":{"id":"application-managehandovers-display-component---AddNewHO--popup-sa","searchOpenDialogs":true,"interaction":{"idSuffix":"CbBg"}},"wdio_ui5_key":"applicationmanagehandovers-display-component---AddNewHO--popup-sa"}]}
RESULT: {"script":"<script> [1562 bytes]","args":[{"selector":{"id":"application-managehandovers-display-component---AddNewHO--popup-sa","searchOpenDialogs":true,"interaction":{"idSuffix":"CbBg"}},"wdio_ui5_key":"applicationmanagehandovers-display-component---AddNewHO--popup-sa"}]}
RESULT: undefined
COMMAND: POST /session/fcfdec3f19b04732468f3b81cff77eec/element - {"using":"xpath","value":"//*[@id=\"application-managehandovers-display-component---AddNewHO--popup-sa\"]"}
RESULT: {"using":"xpath","value":"//*[@id=\"application-managehandovers-display-component---AddNewHO--popup-sa\"]"}
COMMAND: POST /session/fcfdec3f19b04732468f3b81cff77eec/element/f.4917B356C9E108E3489CB9DCB9E54F9E.d.A54C4D7A0CF8A2A0F6CDC55F6A872293.e.30271/click - {}
RESULT: {}
COMMAND: GET /session/fcfdec3f19b04732468f3b81cff77eec/screenshot - {}
RESULT: {}
COMMAND: POST /session/fcfdec3f19b04732468f3b81cff77eec/element - {"using":"xpath","value":"//bdi[contains(text(), \"Select\")]"}
RESULT: {"using":"xpath","value":"//bdi[contains(text(), \"Select\")]"}
COMMAND: POST /session/fcfdec3f19b04732468f3b81cff77eec/element/f.4917B356C9E108E3489CB9DCB9E54F9E.d.A54C4D7A0CF8A2A0F6CDC55F6A872293.e.30272/click - {}
RESULT: {}
COMMAND: GET /session/fcfdec3f19b04732468f3b81cff77eec/screenshot - {}
RESULT: {}
COMMAND: POST /session/fcfdec3f19b04732468f3b81cff77eec/element - {"using":"xpath","value":"//button[@data-kt=\"AddNewHOSaveButton\"]"}
RESULT: {"using":"xpath","value":"//button[@data-kt=\"AddNewHOSaveButton\"]"}
COMMAND: POST /session/fcfdec3f19b04732468f3b81cff77eec/element/f.4917B356C9E108E3489CB9DCB9E54F9E.d.A54C4D7A0CF8A2A0F6CDC55F6A872293.e.30276/click - {}
RESULT: {}
COMMAND: GET /session/fcfdec3f19b04732468f3b81cff77eec/screenshot - {}
RESULT: {}
COMMAND: POST /session/fcfdec3f19b04732468f3b81cff77eec/execute/async - {"script":"<script> [1562 bytes]","args":[{"selector":{"id":"receiptDatePicker","viewName":"etm.portal.ui.managehandovers.view.DetailExecuteHO","interaction":{"idSuffix":"inner"}},"wdio_ui5_key":"receiptDatePickeretmportal.ui.managehandovers.view.DetailExecuteHO"}]}
RESULT: {"script":"<script> [1562 bytes]","args":[{"selector":{"id":"receiptDatePicker","viewName":"etm.portal.ui.managehandovers.view.DetailExecuteHO","interaction":{"idSuffix":"inner"}},"wdio_ui5_key":"receiptDatePickeretmportal.ui.managehandovers.view.DetailExecuteHO"}]}
RESULT: undefined
COMMAND: POST /session/fcfdec3f19b04732468f3b81cff77eec/execute/async - {"script":"<script> [6424 bytes]","args":[{"element-6066-11e4-a52e-4f735466cecf":"f.4917B356C9E108E3489CB9DCB9E54F9E.d.A54C4D7A0CF8A2A0F6CDC55F6A872293.e.30306"},"setValue",["5/24/25"]]}
RESULT: {"script":"<script> [6424 bytes]","args":[{"element-6066-11e4-a52e-4f735466cecf":"f.4917B356C9E108E3489CB9DCB9E54F9E.d.A54C4D7A0CF8A2A0F6CDC55F6A872293.e.30306"},"setValue",["5/24/25"]]}
COMMAND: POST /session/fcfdec3f19b04732468f3b81cff77eec/element - {"using":"xpath","value":"//button[@data-kt=\"ReceivingTableConfirmAllButton\"]"}
RESULT: {"using":"xpath","value":"//button[@data-kt=\"ReceivingTableConfirmAllButton\"]"}
COMMAND: POST /session/fcfdec3f19b04732468f3b81cff77eec/element/f.4917B356C9E108E3489CB9DCB9E54F9E.d.A54C4D7A0CF8A2A0F6CDC55F6A872293.e.30321/click - {}
RESULT: {}
COMMAND: GET /session/fcfdec3f19b04732468f3b81cff77eec/screenshot - {}
RESULT: {}
COMMAND: POST /session/fcfdec3f19b04732468f3b81cff77eec/element - {"using":"xpath","value":"//bdi[contains(text(), \"OK\")]"}
RESULT: {"using":"xpath","value":"//bdi[contains(text(), \"OK\")]"}
COMMAND: POST /session/fcfdec3f19b04732468f3b81cff77eec/element/f.4917B356C9E108E3489CB9DCB9E54F9E.d.A54C4D7A0CF8A2A0F6CDC55F6A872293.e.30323/click - {}
RESULT: {}
COMMAND: GET /session/fcfdec3f19b04732468f3b81cff77eec/screenshot - {}
RESULT: {}
COMMAND: POST /session/fcfdec3f19b04732468f3b81cff77eec/element - {"using":"xpath","value":"(//bdi[contains(text(), \"Receive\")])[2]"}
RESULT: {"using":"xpath","value":"(//bdi[contains(text(), \"Receive\")])[2]"}
COMMAND: POST /session/fcfdec3f19b04732468f3b81cff77eec/element/f.4917B356C9E108E3489CB9DCB9E54F9E.d.A54C4D7A0CF8A2A0F6CDC55F6A872293.e.30325/click - {}
RESULT: {}
COMMAND: GET /session/fcfdec3f19b04732468f3b81cff77eec/screenshot - {}
RESULT: {}
COMMAND: POST /session/fcfdec3f19b04732468f3b81cff77eec/element - {"using":"css selector","value":"#shell-header-logo"}
RESULT: {"using":"css selector","value":"#shell-header-logo"}
COMMAND: POST /session/fcfdec3f19b04732468f3b81cff77eec/element/f.4917B356C9E108E3489CB9DCB9E54F9E.d.A54C4D7A0CF8A2A0F6CDC55F6A872293.e.29713/click - {}
RESULT: {}
COMMAND: GET /session/fcfdec3f19b04732468f3b81cff77eec/screenshot - {}
RESULT: {}
]]></system-out>
    </testcase>
    <testcase classname="chrome.136_0_7103_93.windows.Transfer_Yard_to_Yard_US131076" name="Should do a stock increase handover for equipment multipart" time="103.974">
      <system-out><![CDATA[
RESULT: undefined
COMMAND: POST /session/fcfdec3f19b04732468f3b81cff77eec/element - {"using":"xpath","value":"//*[@id=\"__tile131\"]"}
RESULT: {"using":"xpath","value":"//*[@id=\"__tile131\"]"}
COMMAND: POST /session/fcfdec3f19b04732468f3b81cff77eec/element/f.4917B356C9E108E3489CB9DCB9E54F9E.d.A54C4D7A0CF8A2A0F6CDC55F6A872293.e.27535/click - {}
RESULT: {}
COMMAND: GET /session/fcfdec3f19b04732468f3b81cff77eec/screenshot - {}
RESULT: {}
COMMAND: POST /session/fcfdec3f19b04732468f3b81cff77eec/elements - {"using":"xpath","value":"//span[text()='Error']"}
RESULT: {"using":"xpath","value":"//span[text()='Error']"}
COMMAND: POST /session/fcfdec3f19b04732468f3b81cff77eec/element - {"using":"xpath","value":"//button[@data-kt=\"masterHOAddButton\"]"}
RESULT: {"using":"xpath","value":"//button[@data-kt=\"masterHOAddButton\"]"}
COMMAND: POST /session/fcfdec3f19b04732468f3b81cff77eec/elements - {"using":"xpath","value":"//button[@data-kt=\"masterHOAddButton\"]"}
RESULT: {"using":"xpath","value":"//button[@data-kt=\"masterHOAddButton\"]"}
COMMAND: POST /session/fcfdec3f19b04732468f3b81cff77eec/execute/sync - {"script":"<script> [8489 bytes]","args":[{"element-6066-11e4-a52e-4f735466cecf":"f.4917B356C9E108E3489CB9DCB9E54F9E.d.A54C4D7A0CF8A2A0F6CDC55F6A872293.e.30657","ELEMENT":"f.4917B356C9E108E3489CB9DCB9E54F9E.d.A54C4D7A0CF8A2A0F6CDC55F6A872293.e.30657"}]}
RESULT: {"script":"<script> [8489 bytes]","args":[{"element-6066-11e4-a52e-4f735466cecf":"f.4917B356C9E108E3489CB9DCB9E54F9E.d.A54C4D7A0CF8A2A0F6CDC55F6A872293.e.30657","ELEMENT":"f.4917B356C9E108E3489CB9DCB9E54F9E.d.A54C4D7A0CF8A2A0F6CDC55F6A872293.e.30657"}]}
COMMAND: GET /session/fcfdec3f19b04732468f3b81cff77eec/element/f.4917B356C9E108E3489CB9DCB9E54F9E.d.A54C4D7A0CF8A2A0F6CDC55F6A872293.e.30657/enabled - {}
COMMAND: GET /session/fcfdec3f19b04732468f3b81cff77eec/screenshot - {}
RESULT: {}
COMMAND: POST /session/fcfdec3f19b04732468f3b81cff77eec/execute/sync - {"script":"<script> [8489 bytes]","args":[{"element-6066-11e4-a52e-4f735466cecf":"f.4917B356C9E108E3489CB9DCB9E54F9E.d.A54C4D7A0CF8A2A0F6CDC55F6A872293.e.30657","ELEMENT":"f.4917B356C9E108E3489CB9DCB9E54F9E.d.A54C4D7A0CF8A2A0F6CDC55F6A872293.e.30657"}]}
COMMAND: GET /session/fcfdec3f19b04732468f3b81cff77eec/screenshot - {}
RESULT: {}
RESULT: {"script":"<script> [8489 bytes]","args":[{"element-6066-11e4-a52e-4f735466cecf":"f.4917B356C9E108E3489CB9DCB9E54F9E.d.A54C4D7A0CF8A2A0F6CDC55F6A872293.e.30657","ELEMENT":"f.4917B356C9E108E3489CB9DCB9E54F9E.d.A54C4D7A0CF8A2A0F6CDC55F6A872293.e.30657"}]}
COMMAND: POST /session/fcfdec3f19b04732468f3b81cff77eec/execute/sync - {"script":"<script> [5351 bytes]","args":[{"element-6066-11e4-a52e-4f735466cecf":"f.4917B356C9E108E3489CB9DCB9E54F9E.d.A54C4D7A0CF8A2A0F6CDC55F6A872293.e.30657","ELEMENT":"f.4917B356C9E108E3489CB9DCB9E54F9E.d.A54C4D7A0CF8A2A0F6CDC55F6A872293.e.30657"}]}
COMMAND: GET /session/fcfdec3f19b04732468f3b81cff77eec/screenshot - {}
RESULT: {}
RESULT: {}
RESULT: {"script":"<script> [5351 bytes]","args":[{"element-6066-11e4-a52e-4f735466cecf":"f.4917B356C9E108E3489CB9DCB9E54F9E.d.A54C4D7A0CF8A2A0F6CDC55F6A872293.e.30657","ELEMENT":"f.4917B356C9E108E3489CB9DCB9E54F9E.d.A54C4D7A0CF8A2A0F6CDC55F6A872293.e.30657"}]}
COMMAND: POST /session/fcfdec3f19b04732468f3b81cff77eec/element/f.4917B356C9E108E3489CB9DCB9E54F9E.d.A54C4D7A0CF8A2A0F6CDC55F6A872293.e.30657/click - {}
COMMAND: GET /session/fcfdec3f19b04732468f3b81cff77eec/screenshot - {}
RESULT: {}
COMMAND: GET /session/fcfdec3f19b04732468f3b81cff77eec/screenshot - {}
COMMAND: POST /session/fcfdec3f19b04732468f3b81cff77eec/element - {"using":"xpath","value":"//span[contains(@id ,\"AddNewHO--typeSelect-arrow\")]"}
RESULT: {}
RESULT: {}
RESULT: {"using":"xpath","value":"//span[contains(@id ,\"AddNewHO--typeSelect-arrow\")]"}
COMMAND: POST /session/fcfdec3f19b04732468f3b81cff77eec/element/f.4917B356C9E108E3489CB9DCB9E54F9E.d.A54C4D7A0CF8A2A0F6CDC55F6A872293.e.31058/click - {}
RESULT: {}
COMMAND: GET /session/fcfdec3f19b04732468f3b81cff77eec/screenshot - {}
RESULT: {}
COMMAND: POST /session/fcfdec3f19b04732468f3b81cff77eec/element - {"using":"xpath","value":"(//li[contains(text(), \"stock increase yard\")])[1]"}
RESULT: {"using":"xpath","value":"(//li[contains(text(), \"stock increase yard\")])[1]"}
COMMAND: POST /session/fcfdec3f19b04732468f3b81cff77eec/element/f.4917B356C9E108E3489CB9DCB9E54F9E.d.A54C4D7A0CF8A2A0F6CDC55F6A872293.e.31059/click - {}
RESULT: {}
COMMAND: GET /session/fcfdec3f19b04732468f3b81cff77eec/screenshot - {}
RESULT: {}
RESULT: undefined
COMMAND: POST /session/fcfdec3f19b04732468f3b81cff77eec/execute/async - {"script":"<script> [6424 bytes]","args":[{"element-6066-11e4-a52e-4f735466cecf":"f.4917B356C9E108E3489CB9DCB9E54F9E.d.A54C4D7A0CF8A2A0F6CDC55F6A872293.e.30095"},"setValue",["5/24/25"]]}
COMMAND: POST /session/fcfdec3f19b04732468f3b81cff77eec/execute/async - {"script":"<script> [1562 bytes]","args":[{"selector":{"id":"application-managehandovers-display-component---AddNewHO--dueDate","interaction":{"idSuffix":"inner"}},"wdio_ui5_key":"applicationmanagehandovers-display-component---AddNewHO--dueDate"}]}
RESULT: {"script":"<script> [1562 bytes]","args":[{"selector":{"id":"application-managehandovers-display-component---AddNewHO--dueDate","interaction":{"idSuffix":"inner"}},"wdio_ui5_key":"applicationmanagehandovers-display-component---AddNewHO--dueDate"}]}
COMMAND: POST /session/fcfdec3f19b04732468f3b81cff77eec/execute/async - {"script":"<script> [6424 bytes]","args":[{"element-6066-11e4-a52e-4f735466cecf":"f.4917B356C9E108E3489CB9DCB9E54F9E.d.A54C4D7A0CF8A2A0F6CDC55F6A872293.e.31061"},"setValue",["5/24/25"]]}
RESULT: {"script":"<script> [6424 bytes]","args":[{"element-6066-11e4-a52e-4f735466cecf":"f.4917B356C9E108E3489CB9DCB9E54F9E.d.A54C4D7A0CF8A2A0F6CDC55F6A872293.e.31061"},"setValue",["5/24/25"]]}
COMMAND: POST /session/fcfdec3f19b04732468f3b81cff77eec/element - {"using":"xpath","value":"//input[@id=\"generalSectionFrg--receiveYard-inner\"]"}
RESULT: {"using":"xpath","value":"//input[@id=\"generalSectionFrg--receiveYard-inner\"]"}
COMMAND: POST /session/fcfdec3f19b04732468f3b81cff77eec/element/f.4917B356C9E108E3489CB9DCB9E54F9E.d.A54C4D7A0CF8A2A0F6CDC55F6A872293.e.31067/clear - {}
RESULT: {}
COMMAND: POST /session/fcfdec3f19b04732468f3b81cff77eec/element/f.4917B356C9E108E3489CB9DCB9E54F9E.d.A54C4D7A0CF8A2A0F6CDC55F6A872293.e.31067/value - {"text":"252"}
COMMAND: GET /session/fcfdec3f19b04732468f3b81cff77eec/screenshot - {}
RESULT: {"text":"252"}
COMMAND: GET /session/fcfdec3f19b04732468f3b81cff77eec/screenshot - {}
RESULT: {}
RESULT: {}
COMMAND: POST /session/fcfdec3f19b04732468f3b81cff77eec/element - {"using":"xpath","value":"//li[.//span[text()='252']]"}
RESULT: {"using":"xpath","value":"//li[.//span[text()='252']]"}
COMMAND: POST /session/fcfdec3f19b04732468f3b81cff77eec/element/f.4917B356C9E108E3489CB9DCB9E54F9E.d.A54C4D7A0CF8A2A0F6CDC55F6A872293.e.31085/click - {}
RESULT: {}
COMMAND: GET /session/fcfdec3f19b04732468f3b81cff77eec/screenshot - {}
RESULT: {}
RESULT: undefined
COMMAND: POST /session/fcfdec3f19b04732468f3b81cff77eec/element - {"using":"xpath","value":"//*[@id=\"application-managehandovers-display-component---AddNewHO--ObjectPageLayout-anchBar-application-managehandovers-display-component---AddNewHO--section4-anchor\"]"}
RESULT: {"using":"xpath","value":"//*[@id=\"application-managehandovers-display-component---AddNewHO--ObjectPageLayout-anchBar-application-managehandovers-display-component---AddNewHO--section4-anchor\"]"}
COMMAND: POST /session/fcfdec3f19b04732468f3b81cff77eec/element/f.4917B356C9E108E3489CB9DCB9E54F9E.d.A54C4D7A0CF8A2A0F6CDC55F6A872293.e.31086/click - {}
RESULT: {}
COMMAND: POST /session/fcfdec3f19b04732468f3b81cff77eec/element - {"using":"xpath","value":"//button[@aria-label=\"Add\"]"}
COMMAND: GET /session/fcfdec3f19b04732468f3b81cff77eec/screenshot - {}
RESULT: {"using":"xpath","value":"//button[@aria-label=\"Add\"]"}
COMMAND: POST /session/fcfdec3f19b04732468f3b81cff77eec/element/f.4917B356C9E108E3489CB9DCB9E54F9E.d.A54C4D7A0CF8A2A0F6CDC55F6A872293.e.31090/click - {}
RESULT: {}
RESULT: {}
COMMAND: GET /session/fcfdec3f19b04732468f3b81cff77eec/screenshot - {}
RESULT: {}
RESULT: undefined
COMMAND: POST /session/fcfdec3f19b04732468f3b81cff77eec/execute/async - {"script":"<script> [776 bytes]","args":[{"enterText":"400009","selector":{"id":"application-managehandovers-display-component---AddNewHO--smartFilterBar-btnBasicSearch","searchOpenDialogs":true,"interaction":{"idSuffix":"I"}},"clearTextFirst":true,"interactionType":"ENTER_TEXT"}]}
RESULT: {"script":"<script> [776 bytes]","args":[{"enterText":"400009","selector":{"id":"application-managehandovers-display-component---AddNewHO--smartFilterBar-btnBasicSearch","searchOpenDialogs":true,"interaction":{"idSuffix":"I"}},"clearTextFirst":true,"interactionType":"ENTER_TEXT"}]}
COMMAND: POST /session/fcfdec3f19b04732468f3b81cff77eec/actions - {"actions":[{"id":"action94","type":"key","parameters":{},"actions":[{"type":"keyDown","value":""},{"type":"pause","duration":10},{"type":"keyUp","value":""}]}]}
RESULT: {"actions":[{"id":"action94","type":"key","parameters":{},"actions":[{"type":"keyDown","value":""},{"type":"pause","duration":10},{"type":"keyUp","value":""}]}]}
COMMAND: GET /session/fcfdec3f19b04732468f3b81cff77eec/screenshot - {}
RESULT: {}
RESULT: undefined
COMMAND: POST /session/fcfdec3f19b04732468f3b81cff77eec/element - {"using":"xpath","value":"//*[@id=\"application-managehandovers-display-component---AddNewHO--popup-sa\"]"}
RESULT: {"using":"xpath","value":"//*[@id=\"application-managehandovers-display-component---AddNewHO--popup-sa\"]"}
COMMAND: POST /session/fcfdec3f19b04732468f3b81cff77eec/element/f.4917B356C9E108E3489CB9DCB9E54F9E.d.A54C4D7A0CF8A2A0F6CDC55F6A872293.e.31243/click - {}
RESULT: {}
COMMAND: GET /session/fcfdec3f19b04732468f3b81cff77eec/screenshot - {}
RESULT: {}
COMMAND: POST /session/fcfdec3f19b04732468f3b81cff77eec/element - {"using":"xpath","value":"//bdi[contains(text(), \"Select\")]"}
RESULT: {"using":"xpath","value":"//bdi[contains(text(), \"Select\")]"}
COMMAND: POST /session/fcfdec3f19b04732468f3b81cff77eec/element/f.4917B356C9E108E3489CB9DCB9E54F9E.d.A54C4D7A0CF8A2A0F6CDC55F6A872293.e.31244/click - {}
RESULT: {}
COMMAND: GET /session/fcfdec3f19b04732468f3b81cff77eec/screenshot - {}
RESULT: {}
COMMAND: POST /session/fcfdec3f19b04732468f3b81cff77eec/element - {"using":"xpath","value":"//button[@data-kt=\"AddNewHOSaveButton\"]"}
RESULT: {"using":"xpath","value":"//button[@data-kt=\"AddNewHOSaveButton\"]"}
COMMAND: POST /session/fcfdec3f19b04732468f3b81cff77eec/element/f.4917B356C9E108E3489CB9DCB9E54F9E.d.A54C4D7A0CF8A2A0F6CDC55F6A872293.e.31248/click - {}
RESULT: {}
COMMAND: GET /session/fcfdec3f19b04732468f3b81cff77eec/screenshot - {}
RESULT: undefined
COMMAND: POST /session/fcfdec3f19b04732468f3b81cff77eec/execute/async - {"script":"<script> [6424 bytes]","args":[{"element-6066-11e4-a52e-4f735466cecf":"f.4917B356C9E108E3489CB9DCB9E54F9E.d.A54C4D7A0CF8A2A0F6CDC55F6A872293.e.30306"},"setValue",["5/24/25"]]}
RESULT: {}
COMMAND: POST /session/fcfdec3f19b04732468f3b81cff77eec/execute/async - {"script":"<script> [1562 bytes]","args":[{"selector":{"id":"receiptDatePicker","viewName":"etm.portal.ui.managehandovers.view.DetailExecuteHO","interaction":{"idSuffix":"inner"}},"wdio_ui5_key":"receiptDatePickeretmportal.ui.managehandovers.view.DetailExecuteHO"}]}
RESULT: {"script":"<script> [1562 bytes]","args":[{"selector":{"id":"receiptDatePicker","viewName":"etm.portal.ui.managehandovers.view.DetailExecuteHO","interaction":{"idSuffix":"inner"}},"wdio_ui5_key":"receiptDatePickeretmportal.ui.managehandovers.view.DetailExecuteHO"}]}
COMMAND: POST /session/fcfdec3f19b04732468f3b81cff77eec/execute/async - {"script":"<script> [6424 bytes]","args":[{"element-6066-11e4-a52e-4f735466cecf":"f.4917B356C9E108E3489CB9DCB9E54F9E.d.A54C4D7A0CF8A2A0F6CDC55F6A872293.e.31278"},"setValue",["5/24/25"]]}
RESULT: {"script":"<script> [6424 bytes]","args":[{"element-6066-11e4-a52e-4f735466cecf":"f.4917B356C9E108E3489CB9DCB9E54F9E.d.A54C4D7A0CF8A2A0F6CDC55F6A872293.e.31278"},"setValue",["5/24/25"]]}
COMMAND: POST /session/fcfdec3f19b04732468f3b81cff77eec/element - {"using":"xpath","value":"//button[@data-kt=\"ReceivingTableConfirmAllButton\"]"}
RESULT: {"using":"xpath","value":"//button[@data-kt=\"ReceivingTableConfirmAllButton\"]"}
COMMAND: POST /session/fcfdec3f19b04732468f3b81cff77eec/element/f.4917B356C9E108E3489CB9DCB9E54F9E.d.A54C4D7A0CF8A2A0F6CDC55F6A872293.e.31292/click - {}
RESULT: {}
COMMAND: GET /session/fcfdec3f19b04732468f3b81cff77eec/screenshot - {}
RESULT: {}
COMMAND: POST /session/fcfdec3f19b04732468f3b81cff77eec/element - {"using":"xpath","value":"//bdi[contains(text(), \"OK\")]"}
RESULT: {"using":"xpath","value":"//bdi[contains(text(), \"OK\")]"}
COMMAND: POST /session/fcfdec3f19b04732468f3b81cff77eec/element/f.4917B356C9E108E3489CB9DCB9E54F9E.d.A54C4D7A0CF8A2A0F6CDC55F6A872293.e.31294/click - {}
RESULT: {}
COMMAND: GET /session/fcfdec3f19b04732468f3b81cff77eec/screenshot - {}
RESULT: {}
COMMAND: POST /session/fcfdec3f19b04732468f3b81cff77eec/element - {"using":"xpath","value":"(//bdi[contains(text(), \"Receive\")])[2]"}
RESULT: {"using":"xpath","value":"(//bdi[contains(text(), \"Receive\")])[2]"}
COMMAND: POST /session/fcfdec3f19b04732468f3b81cff77eec/element/f.4917B356C9E108E3489CB9DCB9E54F9E.d.A54C4D7A0CF8A2A0F6CDC55F6A872293.e.31296/click - {}
RESULT: {}
COMMAND: GET /session/fcfdec3f19b04732468f3b81cff77eec/screenshot - {}
RESULT: {}
COMMAND: POST /session/fcfdec3f19b04732468f3b81cff77eec/element - {"using":"css selector","value":"#shell-header-logo"}
RESULT: {"using":"css selector","value":"#shell-header-logo"}
COMMAND: POST /session/fcfdec3f19b04732468f3b81cff77eec/element/f.4917B356C9E108E3489CB9DCB9E54F9E.d.A54C4D7A0CF8A2A0F6CDC55F6A872293.e.30623/click - {}
RESULT: {}
COMMAND: GET /session/fcfdec3f19b04732468f3b81cff77eec/screenshot - {}
RESULT: {}
]]></system-out>
    </testcase>
    <testcase classname="chrome.136_0_7103_93.windows.Transfer_Yard_to_Yard_US131076" name="Should create a yard to yard transfer handover" time="170.522">
      <failure/>
      <error message="Can't call click on element with selector &quot;//button[@data-kt=&quot;IssuingTableConfirmAllButton&quot;]&quot; because element wasn't found"/>
      <system-out><![CDATA[
RESULT: undefined
COMMAND: POST /session/fcfdec3f19b04732468f3b81cff77eec/element - {"using":"xpath","value":"//*[@id=\"__tile131\"]"}
RESULT: {"using":"xpath","value":"//*[@id=\"__tile131\"]"}
COMMAND: POST /session/fcfdec3f19b04732468f3b81cff77eec/element/f.4917B356C9E108E3489CB9DCB9E54F9E.d.A54C4D7A0CF8A2A0F6CDC55F6A872293.e.27535/click - {}
RESULT: {}
COMMAND: GET /session/fcfdec3f19b04732468f3b81cff77eec/screenshot - {}
RESULT: {}
COMMAND: POST /session/fcfdec3f19b04732468f3b81cff77eec/elements - {"using":"xpath","value":"//span[text()='Error']"}
RESULT: {"using":"xpath","value":"//span[text()='Error']"}
COMMAND: POST /session/fcfdec3f19b04732468f3b81cff77eec/element - {"using":"xpath","value":"//button[@data-kt=\"masterHOAddButton\"]"}
RESULT: {"using":"xpath","value":"//button[@data-kt=\"masterHOAddButton\"]"}
COMMAND: POST /session/fcfdec3f19b04732468f3b81cff77eec/elements - {"using":"xpath","value":"//button[@data-kt=\"masterHOAddButton\"]"}
RESULT: {"using":"xpath","value":"//button[@data-kt=\"masterHOAddButton\"]"}
COMMAND: POST /session/fcfdec3f19b04732468f3b81cff77eec/execute/sync - {"script":"<script> [8489 bytes]","args":[{"element-6066-11e4-a52e-4f735466cecf":"f.4917B356C9E108E3489CB9DCB9E54F9E.d.A54C4D7A0CF8A2A0F6CDC55F6A872293.e.31517","ELEMENT":"f.4917B356C9E108E3489CB9DCB9E54F9E.d.A54C4D7A0CF8A2A0F6CDC55F6A872293.e.31517"}]}
RESULT: {"script":"<script> [8489 bytes]","args":[{"element-6066-11e4-a52e-4f735466cecf":"f.4917B356C9E108E3489CB9DCB9E54F9E.d.A54C4D7A0CF8A2A0F6CDC55F6A872293.e.31517","ELEMENT":"f.4917B356C9E108E3489CB9DCB9E54F9E.d.A54C4D7A0CF8A2A0F6CDC55F6A872293.e.31517"}]}
COMMAND: GET /session/fcfdec3f19b04732468f3b81cff77eec/element/f.4917B356C9E108E3489CB9DCB9E54F9E.d.A54C4D7A0CF8A2A0F6CDC55F6A872293.e.31517/enabled - {}
COMMAND: GET /session/fcfdec3f19b04732468f3b81cff77eec/screenshot - {}
RESULT: {}
COMMAND: POST /session/fcfdec3f19b04732468f3b81cff77eec/execute/sync - {"script":"<script> [8489 bytes]","args":[{"element-6066-11e4-a52e-4f735466cecf":"f.4917B356C9E108E3489CB9DCB9E54F9E.d.A54C4D7A0CF8A2A0F6CDC55F6A872293.e.31517","ELEMENT":"f.4917B356C9E108E3489CB9DCB9E54F9E.d.A54C4D7A0CF8A2A0F6CDC55F6A872293.e.31517"}]}
COMMAND: GET /session/fcfdec3f19b04732468f3b81cff77eec/screenshot - {}
RESULT: {}
RESULT: {"script":"<script> [8489 bytes]","args":[{"element-6066-11e4-a52e-4f735466cecf":"f.4917B356C9E108E3489CB9DCB9E54F9E.d.A54C4D7A0CF8A2A0F6CDC55F6A872293.e.31517","ELEMENT":"f.4917B356C9E108E3489CB9DCB9E54F9E.d.A54C4D7A0CF8A2A0F6CDC55F6A872293.e.31517"}]}
COMMAND: POST /session/fcfdec3f19b04732468f3b81cff77eec/execute/sync - {"script":"<script> [5351 bytes]","args":[{"element-6066-11e4-a52e-4f735466cecf":"f.4917B356C9E108E3489CB9DCB9E54F9E.d.A54C4D7A0CF8A2A0F6CDC55F6A872293.e.31517","ELEMENT":"f.4917B356C9E108E3489CB9DCB9E54F9E.d.A54C4D7A0CF8A2A0F6CDC55F6A872293.e.31517"}]}
COMMAND: GET /session/fcfdec3f19b04732468f3b81cff77eec/screenshot - {}
RESULT: {}
RESULT: {"script":"<script> [5351 bytes]","args":[{"element-6066-11e4-a52e-4f735466cecf":"f.4917B356C9E108E3489CB9DCB9E54F9E.d.A54C4D7A0CF8A2A0F6CDC55F6A872293.e.31517","ELEMENT":"f.4917B356C9E108E3489CB9DCB9E54F9E.d.A54C4D7A0CF8A2A0F6CDC55F6A872293.e.31517"}]}
COMMAND: POST /session/fcfdec3f19b04732468f3b81cff77eec/element/f.4917B356C9E108E3489CB9DCB9E54F9E.d.A54C4D7A0CF8A2A0F6CDC55F6A872293.e.31517/click - {}
COMMAND: GET /session/fcfdec3f19b04732468f3b81cff77eec/screenshot - {}
RESULT: {}
RESULT: {}
COMMAND: GET /session/fcfdec3f19b04732468f3b81cff77eec/screenshot - {}
RESULT: {}
COMMAND: POST /session/fcfdec3f19b04732468f3b81cff77eec/element - {"using":"xpath","value":"//span[contains(@id ,\"AddNewHO--typeSelect-arrow\")]"}
RESULT: {}
RESULT: {"using":"xpath","value":"//span[contains(@id ,\"AddNewHO--typeSelect-arrow\")]"}
COMMAND: POST /session/fcfdec3f19b04732468f3b81cff77eec/element/f.4917B356C9E108E3489CB9DCB9E54F9E.d.A54C4D7A0CF8A2A0F6CDC55F6A872293.e.31921/click - {}
RESULT: {}
COMMAND: GET /session/fcfdec3f19b04732468f3b81cff77eec/screenshot - {}
RESULT: {}
COMMAND: POST /session/fcfdec3f19b04732468f3b81cff77eec/element - {"using":"xpath","value":"(//li[contains(text(), \"transfer\")])[1]"}
RESULT: {"using":"xpath","value":"(//li[contains(text(), \"transfer\")])[1]"}
COMMAND: POST /session/fcfdec3f19b04732468f3b81cff77eec/element/f.4917B356C9E108E3489CB9DCB9E54F9E.d.A54C4D7A0CF8A2A0F6CDC55F6A872293.e.31922/click - {}
RESULT: {}
COMMAND: GET /session/fcfdec3f19b04732468f3b81cff77eec/screenshot - {}
RESULT: {}
RESULT: undefined
COMMAND: POST /session/fcfdec3f19b04732468f3b81cff77eec/execute/async - {"script":"<script> [6424 bytes]","args":[{"element-6066-11e4-a52e-4f735466cecf":"f.4917B356C9E108E3489CB9DCB9E54F9E.d.A54C4D7A0CF8A2A0F6CDC55F6A872293.e.30095"},"setValue",["05/24/25"]]}
COMMAND: POST /session/fcfdec3f19b04732468f3b81cff77eec/execute/async - {"script":"<script> [1562 bytes]","args":[{"selector":{"id":"application-managehandovers-display-component---AddNewHO--dueDate","interaction":{"idSuffix":"inner"}},"wdio_ui5_key":"applicationmanagehandovers-display-component---AddNewHO--dueDate"}]}
RESULT: {"script":"<script> [1562 bytes]","args":[{"selector":{"id":"application-managehandovers-display-component---AddNewHO--dueDate","interaction":{"idSuffix":"inner"}},"wdio_ui5_key":"applicationmanagehandovers-display-component---AddNewHO--dueDate"}]}
COMMAND: POST /session/fcfdec3f19b04732468f3b81cff77eec/execute/async - {"script":"<script> [6424 bytes]","args":[{"element-6066-11e4-a52e-4f735466cecf":"f.4917B356C9E108E3489CB9DCB9E54F9E.d.A54C4D7A0CF8A2A0F6CDC55F6A872293.e.31924"},"setValue",["05/24/25"]]}
RESULT: {"script":"<script> [6424 bytes]","args":[{"element-6066-11e4-a52e-4f735466cecf":"f.4917B356C9E108E3489CB9DCB9E54F9E.d.A54C4D7A0CF8A2A0F6CDC55F6A872293.e.31924"},"setValue",["05/24/25"]]}
COMMAND: POST /session/fcfdec3f19b04732468f3b81cff77eec/element - {"using":"xpath","value":"//input[@id=\"generalSectionFrg--sendYard-inner\"]"}
RESULT: {"using":"xpath","value":"//input[@id=\"generalSectionFrg--sendYard-inner\"]"}
COMMAND: POST /session/fcfdec3f19b04732468f3b81cff77eec/element/f.4917B356C9E108E3489CB9DCB9E54F9E.d.A54C4D7A0CF8A2A0F6CDC55F6A872293.e.31930/clear - {}
RESULT: {}
COMMAND: POST /session/fcfdec3f19b04732468f3b81cff77eec/element/f.4917B356C9E108E3489CB9DCB9E54F9E.d.A54C4D7A0CF8A2A0F6CDC55F6A872293.e.31930/value - {"text":"252"}
COMMAND: GET /session/fcfdec3f19b04732468f3b81cff77eec/screenshot - {}
RESULT: {"text":"252"}
COMMAND: GET /session/fcfdec3f19b04732468f3b81cff77eec/screenshot - {}
RESULT: {}
RESULT: {}
COMMAND: POST /session/fcfdec3f19b04732468f3b81cff77eec/element - {"using":"xpath","value":"//li[.//span[text()='252']]"}
RESULT: {"using":"xpath","value":"//li[.//span[text()='252']]"}
COMMAND: POST /session/fcfdec3f19b04732468f3b81cff77eec/element/f.4917B356C9E108E3489CB9DCB9E54F9E.d.A54C4D7A0CF8A2A0F6CDC55F6A872293.e.31950/click - {}
RESULT: {}
COMMAND: GET /session/fcfdec3f19b04732468f3b81cff77eec/screenshot - {}
RESULT: {}
COMMAND: POST /session/fcfdec3f19b04732468f3b81cff77eec/element - {"using":"xpath","value":"//input[@id=\"generalSectionFrg--receiveYard-inner\"]"}
RESULT: {"using":"xpath","value":"//input[@id=\"generalSectionFrg--receiveYard-inner\"]"}
COMMAND: POST /session/fcfdec3f19b04732468f3b81cff77eec/element/f.4917B356C9E108E3489CB9DCB9E54F9E.d.A54C4D7A0CF8A2A0F6CDC55F6A872293.e.31931/clear - {}
RESULT: {}
COMMAND: POST /session/fcfdec3f19b04732468f3b81cff77eec/element/f.4917B356C9E108E3489CB9DCB9E54F9E.d.A54C4D7A0CF8A2A0F6CDC55F6A872293.e.31931/value - {"text":"259"}
COMMAND: GET /session/fcfdec3f19b04732468f3b81cff77eec/screenshot - {}
RESULT: {"text":"259"}
COMMAND: GET /session/fcfdec3f19b04732468f3b81cff77eec/screenshot - {}
RESULT: {}
RESULT: {}
COMMAND: POST /session/fcfdec3f19b04732468f3b81cff77eec/element - {"using":"xpath","value":"//li[.//span[text()='259']]"}
RESULT: {"using":"xpath","value":"//li[.//span[text()='259']]"}
COMMAND: POST /session/fcfdec3f19b04732468f3b81cff77eec/element/f.4917B356C9E108E3489CB9DCB9E54F9E.d.A54C4D7A0CF8A2A0F6CDC55F6A872293.e.31952/click - {}
RESULT: {}
COMMAND: GET /session/fcfdec3f19b04732468f3b81cff77eec/screenshot - {}
RESULT: {}
RESULT: undefined
COMMAND: POST /session/fcfdec3f19b04732468f3b81cff77eec/element - {"using":"xpath","value":"//*[@id=\"application-managehandovers-display-component---AddNewHO--ObjectPageLayout-anchBar-application-managehandovers-display-component---AddNewHO--section4-anchor\"]"}
RESULT: {"using":"xpath","value":"//*[@id=\"application-managehandovers-display-component---AddNewHO--ObjectPageLayout-anchBar-application-managehandovers-display-component---AddNewHO--section4-anchor\"]"}
COMMAND: POST /session/fcfdec3f19b04732468f3b81cff77eec/element/f.4917B356C9E108E3489CB9DCB9E54F9E.d.A54C4D7A0CF8A2A0F6CDC55F6A872293.e.31953/click - {}
RESULT: {}
COMMAND: GET /session/fcfdec3f19b04732468f3b81cff77eec/screenshot - {}
RESULT: {}
COMMAND: POST /session/fcfdec3f19b04732468f3b81cff77eec/element - {"using":"xpath","value":"//button[@data-kt=\"AddNewHOProvideAddItemsButton\"]"}
RESULT: {"using":"xpath","value":"//button[@data-kt=\"AddNewHOProvideAddItemsButton\"]"}
COMMAND: POST /session/fcfdec3f19b04732468f3b81cff77eec/element/f.4917B356C9E108E3489CB9DCB9E54F9E.d.A54C4D7A0CF8A2A0F6CDC55F6A872293.e.31957/click - {}
RESULT: {}
COMMAND: GET /session/fcfdec3f19b04732468f3b81cff77eec/screenshot - {}
RESULT: {}
COMMAND: POST /session/fcfdec3f19b04732468f3b81cff77eec/element - {"using":"xpath","value":"//div[contains(@id,\"AddNewHO--TransferHOTypesRuDialogTable-sa-CbBg\")]"}
RESULT: {"using":"xpath","value":"//div[contains(@id,\"AddNewHO--TransferHOTypesRuDialogTable-sa-CbBg\")]"}
COMMAND: POST /session/fcfdec3f19b04732468f3b81cff77eec/element/f.4917B356C9E108E3489CB9DCB9E54F9E.d.A54C4D7A0CF8A2A0F6CDC55F6A872293.e.31982/click - {}
RESULT: {}
COMMAND: GET /session/fcfdec3f19b04732468f3b81cff77eec/screenshot - {}
RESULT: {}
COMMAND: POST /session/fcfdec3f19b04732468f3b81cff77eec/element - {"using":"xpath","value":"//table[contains(@id,\"AddNewHO--TransferHOTypesRuDialogTable-listUl\")]/tbody/tr[1]/td[6]/div/div/input"}
RESULT: {"using":"xpath","value":"//table[contains(@id,\"AddNewHO--TransferHOTypesRuDialogTable-listUl\")]/tbody/tr[1]/td[6]/div/div/input"}
COMMAND: POST /session/fcfdec3f19b04732468f3b81cff77eec/element/f.4917B356C9E108E3489CB9DCB9E54F9E.d.A54C4D7A0CF8A2A0F6CDC55F6A872293.e.31979/clear - {}
RESULT: {}
COMMAND: POST /session/fcfdec3f19b04732468f3b81cff77eec/element/f.4917B356C9E108E3489CB9DCB9E54F9E.d.A54C4D7A0CF8A2A0F6CDC55F6A872293.e.31979/value - {"text":"1"}
COMMAND: GET /session/fcfdec3f19b04732468f3b81cff77eec/screenshot - {}
RESULT: {"text":"1"}
COMMAND: GET /session/fcfdec3f19b04732468f3b81cff77eec/screenshot - {}
RESULT: {}
RESULT: {}
COMMAND: POST /session/fcfdec3f19b04732468f3b81cff77eec/element - {"using":"xpath","value":"//bdi[contains(text(), \"OK\")]"}
RESULT: {"using":"xpath","value":"//bdi[contains(text(), \"OK\")]"}
COMMAND: POST /session/fcfdec3f19b04732468f3b81cff77eec/element/f.4917B356C9E108E3489CB9DCB9E54F9E.d.A54C4D7A0CF8A2A0F6CDC55F6A872293.e.31986/click - {}
RESULT: {}
COMMAND: GET /session/fcfdec3f19b04732468f3b81cff77eec/screenshot - {}
RESULT: {}
COMMAND: POST /session/fcfdec3f19b04732468f3b81cff77eec/execute/async - {"script":"<script> [1562 bytes]","args":[{"selector":{"id":"application-managehandovers-display-component---AddNewHO--confirmCreationButton","interaction":{"idSuffix":"BDI-content"}},"wdio_ui5_key":"applicationmanagehandovers-display-component---AddNewHO--confirmCreationButton"}]}
RESULT: {"script":"<script> [1562 bytes]","args":[{"selector":{"id":"application-managehandovers-display-component---AddNewHO--confirmCreationButton","interaction":{"idSuffix":"BDI-content"}},"wdio_ui5_key":"applicationmanagehandovers-display-component---AddNewHO--confirmCreationButton"}]}
RESULT: undefined
COMMAND: POST /session/fcfdec3f19b04732468f3b81cff77eec/element - {"using":"xpath","value":"//*[@id=\"application-managehandovers-display-component---AddNewHO--confirmCreationButton\"]"}
RESULT: {"using":"xpath","value":"//*[@id=\"application-managehandovers-display-component---AddNewHO--confirmCreationButton\"]"}
COMMAND: POST /session/fcfdec3f19b04732468f3b81cff77eec/element/f.4917B356C9E108E3489CB9DCB9E54F9E.d.A54C4D7A0CF8A2A0F6CDC55F6A872293.e.32002/click - {}
RESULT: {}
COMMAND: GET /session/fcfdec3f19b04732468f3b81cff77eec/screenshot - {}
RESULT: {}
COMMAND: POST /session/fcfdec3f19b04732468f3b81cff77eec/element - {"using":"xpath","value":"(//section[contains(@id,\"headerContentForm--FC-NoHead\")])[2]/div[1]/div[5]/div[2]/div/span"}
RESULT: {"using":"xpath","value":"(//section[contains(@id,\"headerContentForm--FC-NoHead\")])[2]/div[1]/div[5]/div[2]/div/span"}
COMMAND: POST /session/fcfdec3f19b04732468f3b81cff77eec/execute/sync - {"script":"<script> [56 bytes]","args":[{"element-6066-11e4-a52e-4f735466cecf":"f.4917B356C9E108E3489CB9DCB9E54F9E.d.A54C4D7A0CF8A2A0F6CDC55F6A872293.e.32068","ELEMENT":"f.4917B356C9E108E3489CB9DCB9E54F9E.d.A54C4D7A0CF8A2A0F6CDC55F6A872293.e.32068"}]}
RESULT: {"script":"<script> [56 bytes]","args":[{"element-6066-11e4-a52e-4f735466cecf":"f.4917B356C9E108E3489CB9DCB9E54F9E.d.A54C4D7A0CF8A2A0F6CDC55F6A872293.e.32068","ELEMENT":"f.4917B356C9E108E3489CB9DCB9E54F9E.d.A54C4D7A0CF8A2A0F6CDC55F6A872293.e.32068"}]}
COMMAND: POST /session/fcfdec3f19b04732468f3b81cff77eec/execute/async - {"script":"<script> [1562 bytes]","args":[{"selector":{"id":"issueDatePicker","viewName":"etm.portal.ui.managehandovers.view.DetailExecuteHO","interaction":{"idSuffix":"inner"}},"wdio_ui5_key":"issueDatePickeretmportal.ui.managehandovers.view.DetailExecuteHO"}]}
COMMAND: GET /session/fcfdec3f19b04732468f3b81cff77eec/screenshot - {}
RESULT: {"script":"<script> [1562 bytes]","args":[{"selector":{"id":"issueDatePicker","viewName":"etm.portal.ui.managehandovers.view.DetailExecuteHO","interaction":{"idSuffix":"inner"}},"wdio_ui5_key":"issueDatePickeretmportal.ui.managehandovers.view.DetailExecuteHO"}]}
RESULT: undefined
COMMAND: POST /session/fcfdec3f19b04732468f3b81cff77eec/execute/async - {"script":"<script> [776 bytes]","args":[{"enterText":"05/24/25","selector":{"id":"issueDatePicker","viewName":"etm.portal.ui.managehandovers.view.DetailExecuteHO","interaction":{"idSuffix":"inner"}},"clearTextFirst":true,"interactionType":"ENTER_TEXT"}]}
RESULT: {}
RESULT: {"script":"<script> [776 bytes]","args":[{"enterText":"05/24/25","selector":{"id":"issueDatePicker","viewName":"etm.portal.ui.managehandovers.view.DetailExecuteHO","interaction":{"idSuffix":"inner"}},"clearTextFirst":true,"interactionType":"ENTER_TEXT"}]}
COMMAND: POST /session/fcfdec3f19b04732468f3b81cff77eec/element - {"using":"xpath","value":"//bdi[contains(text(), \"OK\")]"}
RESULT: {"using":"xpath","value":"//bdi[contains(text(), \"OK\")]"}
COMMAND: POST /session/fcfdec3f19b04732468f3b81cff77eec/element/f.4917B356C9E108E3489CB9DCB9E54F9E.d.A54C4D7A0CF8A2A0F6CDC55F6A872293.e.32075/click - {}
RESULT: {}
COMMAND: GET /session/fcfdec3f19b04732468f3b81cff77eec/screenshot - {}
RESULT: {}
COMMAND: POST /session/fcfdec3f19b04732468f3b81cff77eec/execute/async - {"script":"<script> [1562 bytes]","args":[{"selector":{"controlType":"sap.m.Button","viewName":"etm.portal.ui.managehandovers.view.DetailExecuteHO","i18NText":{"propertyName":"text","key":"pickQty"},"interaction":{"idSuffix":"content"}},"wdio_ui5_key":"etmportal.ui.managehandovers.view.DetailExecuteHOsap.m.Button{\"propertyName\":\"text\",\"key\":\"pickQty\"}"}]}
RESULT: {"script":"<script> [1562 bytes]","args":[{"selector":{"controlType":"sap.m.Button","viewName":"etm.portal.ui.managehandovers.view.DetailExecuteHO","i18NText":{"propertyName":"text","key":"pickQty"},"interaction":{"idSuffix":"content"}},"wdio_ui5_key":"etmportal.ui.managehandovers.view.DetailExecuteHOsap.m.Button{\"propertyName\":\"text\",\"key\":\"pickQty\"}"}]}
RESULT: undefined
COMMAND: POST /session/fcfdec3f19b04732468f3b81cff77eec/element - {"using":"xpath","value":"//*[@id=\"__button437\"]"}
RESULT: {"using":"xpath","value":"//*[@id=\"__button437\"]"}
COMMAND: POST /session/fcfdec3f19b04732468f3b81cff77eec/element/f.4917B356C9E108E3489CB9DCB9E54F9E.d.A54C4D7A0CF8A2A0F6CDC55F6A872293.e.32083/click - {}
RESULT: {}
COMMAND: GET /session/fcfdec3f19b04732468f3b81cff77eec/screenshot - {}
RESULT: {}
COMMAND: POST /session/fcfdec3f19b04732468f3b81cff77eec/execute/async - {"script":"<script> [1562 bytes]","args":[{"selector":{"controlType":"sap.m.NumericInput","viewName":"etm.portal.ui.managehandovers.view.DetailExecuteHO","properties":{"value":"0"},"searchOpenDialogs":true,"interaction":{"idSuffix":"inner"}},"wdio_ui5_key":"etmportal.ui.managehandovers.view.DetailExecuteHOsap.m.NumericInput{\"value\":\"0\"}"}]}
RESULT: {"script":"<script> [1562 bytes]","args":[{"selector":{"controlType":"sap.m.NumericInput","viewName":"etm.portal.ui.managehandovers.view.DetailExecuteHO","properties":{"value":"0"},"searchOpenDialogs":true,"interaction":{"idSuffix":"inner"}},"wdio_ui5_key":"etmportal.ui.managehandovers.view.DetailExecuteHOsap.m.NumericInput{\"value\":\"0\"}"}]}
RESULT: undefined
COMMAND: POST /session/fcfdec3f19b04732468f3b81cff77eec/execute/async - {"script":"<script> [1562 bytes]","args":[{"selector":{"id":"statesDialog--okBttnStatesDialog","searchOpenDialogs":true,"interaction":{"idSuffix":"BDI-content"}},"wdio_ui5_key":"statesDialogokBttnStatesDialog"}]}
RESULT: {"script":"<script> [1562 bytes]","args":[{"selector":{"id":"statesDialog--okBttnStatesDialog","searchOpenDialogs":true,"interaction":{"idSuffix":"BDI-content"}},"wdio_ui5_key":"statesDialogokBttnStatesDialog"}]}
RESULT: undefined
COMMAND: POST /session/fcfdec3f19b04732468f3b81cff77eec/element - {"using":"xpath","value":"//*[@id=\"statesDialog--okBttnStatesDialog\"]"}
RESULT: {"using":"xpath","value":"//*[@id=\"statesDialog--okBttnStatesDialog\"]"}
COMMAND: POST /session/fcfdec3f19b04732468f3b81cff77eec/element/f.4917B356C9E108E3489CB9DCB9E54F9E.d.A54C4D7A0CF8A2A0F6CDC55F6A872293.e.32090/click - {}
RESULT: {}
COMMAND: GET /session/fcfdec3f19b04732468f3b81cff77eec/screenshot - {}
RESULT: {}
COMMAND: POST /session/fcfdec3f19b04732468f3b81cff77eec/element - {"using":"xpath","value":"//button[@data-kt=\"IssuingTableConfirmAllButton\"]"}
RESULT: {"using":"xpath","value":"//button[@data-kt=\"IssuingTableConfirmAllButton\"]"}
COMMAND: POST /session/fcfdec3f19b04732468f3b81cff77eec/elements - {"using":"xpath","value":"//button[@data-kt=\"IssuingTableConfirmAllButton\"]"}
RESULT: {"using":"xpath","value":"//button[@data-kt=\"IssuingTableConfirmAllButton\"]"}
COMMAND: POST /session/fcfdec3f19b04732468f3b81cff77eec/elements - {"using":"xpath","value":"//button[@data-kt=\"IssuingTableConfirmAllButton\"]"}
RESULT: {"using":"xpath","value":"//button[@data-kt=\"IssuingTableConfirmAllButton\"]"}
COMMAND: POST /session/fcfdec3f19b04732468f3b81cff77eec/elements - {"using":"xpath","value":"//button[@data-kt=\"IssuingTableConfirmAllButton\"]"}
RESULT: {"using":"xpath","value":"//button[@data-kt=\"IssuingTableConfirmAllButton\"]"}
COMMAND: POST /session/fcfdec3f19b04732468f3b81cff77eec/elements - {"using":"xpath","value":"//button[@data-kt=\"IssuingTableConfirmAllButton\"]"}
RESULT: {"using":"xpath","value":"//button[@data-kt=\"IssuingTableConfirmAllButton\"]"}
COMMAND: POST /session/fcfdec3f19b04732468f3b81cff77eec/elements - {"using":"xpath","value":"//button[@data-kt=\"IssuingTableConfirmAllButton\"]"}
RESULT: {"using":"xpath","value":"//button[@data-kt=\"IssuingTableConfirmAllButton\"]"}
COMMAND: POST /session/fcfdec3f19b04732468f3b81cff77eec/elements - {"using":"xpath","value":"//button[@data-kt=\"IssuingTableConfirmAllButton\"]"}
RESULT: {"using":"xpath","value":"//button[@data-kt=\"IssuingTableConfirmAllButton\"]"}
COMMAND: POST /session/fcfdec3f19b04732468f3b81cff77eec/elements - {"using":"xpath","value":"//button[@data-kt=\"IssuingTableConfirmAllButton\"]"}
RESULT: {"using":"xpath","value":"//button[@data-kt=\"IssuingTableConfirmAllButton\"]"}
COMMAND: POST /session/fcfdec3f19b04732468f3b81cff77eec/elements - {"using":"xpath","value":"//button[@data-kt=\"IssuingTableConfirmAllButton\"]"}
RESULT: {"using":"xpath","value":"//button[@data-kt=\"IssuingTableConfirmAllButton\"]"}
COMMAND: POST /session/fcfdec3f19b04732468f3b81cff77eec/elements - {"using":"xpath","value":"//button[@data-kt=\"IssuingTableConfirmAllButton\"]"}
RESULT: {"using":"xpath","value":"//button[@data-kt=\"IssuingTableConfirmAllButton\"]"}
COMMAND: POST /session/fcfdec3f19b04732468f3b81cff77eec/elements - {"using":"xpath","value":"//button[@data-kt=\"IssuingTableConfirmAllButton\"]"}
RESULT: {"using":"xpath","value":"//button[@data-kt=\"IssuingTableConfirmAllButton\"]"}
COMMAND: POST /session/fcfdec3f19b04732468f3b81cff77eec/elements - {"using":"xpath","value":"//button[@data-kt=\"IssuingTableConfirmAllButton\"]"}
RESULT: {"using":"xpath","value":"//button[@data-kt=\"IssuingTableConfirmAllButton\"]"}
COMMAND: POST /session/fcfdec3f19b04732468f3b81cff77eec/elements - {"using":"xpath","value":"//button[@data-kt=\"IssuingTableConfirmAllButton\"]"}
RESULT: {"using":"xpath","value":"//button[@data-kt=\"IssuingTableConfirmAllButton\"]"}
COMMAND: POST /session/fcfdec3f19b04732468f3b81cff77eec/elements - {"using":"xpath","value":"//button[@data-kt=\"IssuingTableConfirmAllButton\"]"}
RESULT: {"using":"xpath","value":"//button[@data-kt=\"IssuingTableConfirmAllButton\"]"}
COMMAND: POST /session/fcfdec3f19b04732468f3b81cff77eec/elements - {"using":"xpath","value":"//button[@data-kt=\"IssuingTableConfirmAllButton\"]"}
RESULT: {"using":"xpath","value":"//button[@data-kt=\"IssuingTableConfirmAllButton\"]"}
COMMAND: POST /session/fcfdec3f19b04732468f3b81cff77eec/elements - {"using":"xpath","value":"//button[@data-kt=\"IssuingTableConfirmAllButton\"]"}
RESULT: {"using":"xpath","value":"//button[@data-kt=\"IssuingTableConfirmAllButton\"]"}
COMMAND: POST /session/fcfdec3f19b04732468f3b81cff77eec/elements - {"using":"xpath","value":"//button[@data-kt=\"IssuingTableConfirmAllButton\"]"}
RESULT: {"using":"xpath","value":"//button[@data-kt=\"IssuingTableConfirmAllButton\"]"}
COMMAND: POST /session/fcfdec3f19b04732468f3b81cff77eec/elements - {"using":"xpath","value":"//button[@data-kt=\"IssuingTableConfirmAllButton\"]"}
RESULT: {"using":"xpath","value":"//button[@data-kt=\"IssuingTableConfirmAllButton\"]"}
COMMAND: POST /session/fcfdec3f19b04732468f3b81cff77eec/elements - {"using":"xpath","value":"//button[@data-kt=\"IssuingTableConfirmAllButton\"]"}
RESULT: {"using":"xpath","value":"//button[@data-kt=\"IssuingTableConfirmAllButton\"]"}
COMMAND: POST /session/fcfdec3f19b04732468f3b81cff77eec/elements - {"using":"xpath","value":"//button[@data-kt=\"IssuingTableConfirmAllButton\"]"}
RESULT: {"using":"xpath","value":"//button[@data-kt=\"IssuingTableConfirmAllButton\"]"}
COMMAND: POST /session/fcfdec3f19b04732468f3b81cff77eec/elements - {"using":"xpath","value":"//button[@data-kt=\"IssuingTableConfirmAllButton\"]"}
RESULT: {"using":"xpath","value":"//button[@data-kt=\"IssuingTableConfirmAllButton\"]"}
COMMAND: POST /session/fcfdec3f19b04732468f3b81cff77eec/elements - {"using":"xpath","value":"//button[@data-kt=\"IssuingTableConfirmAllButton\"]"}
RESULT: {"using":"xpath","value":"//button[@data-kt=\"IssuingTableConfirmAllButton\"]"}
COMMAND: POST /session/fcfdec3f19b04732468f3b81cff77eec/elements - {"using":"xpath","value":"//button[@data-kt=\"IssuingTableConfirmAllButton\"]"}
RESULT: {"using":"xpath","value":"//button[@data-kt=\"IssuingTableConfirmAllButton\"]"}
COMMAND: POST /session/fcfdec3f19b04732468f3b81cff77eec/elements - {"using":"xpath","value":"//button[@data-kt=\"IssuingTableConfirmAllButton\"]"}
RESULT: {"using":"xpath","value":"//button[@data-kt=\"IssuingTableConfirmAllButton\"]"}
COMMAND: POST /session/fcfdec3f19b04732468f3b81cff77eec/elements - {"using":"xpath","value":"//button[@data-kt=\"IssuingTableConfirmAllButton\"]"}
RESULT: {"using":"xpath","value":"//button[@data-kt=\"IssuingTableConfirmAllButton\"]"}
COMMAND: POST /session/fcfdec3f19b04732468f3b81cff77eec/elements - {"using":"xpath","value":"//button[@data-kt=\"IssuingTableConfirmAllButton\"]"}
RESULT: {"using":"xpath","value":"//button[@data-kt=\"IssuingTableConfirmAllButton\"]"}
COMMAND: POST /session/fcfdec3f19b04732468f3b81cff77eec/elements - {"using":"xpath","value":"//button[@data-kt=\"IssuingTableConfirmAllButton\"]"}
RESULT: {"using":"xpath","value":"//button[@data-kt=\"IssuingTableConfirmAllButton\"]"}
COMMAND: POST /session/fcfdec3f19b04732468f3b81cff77eec/elements - {"using":"xpath","value":"//button[@data-kt=\"IssuingTableConfirmAllButton\"]"}
RESULT: {"using":"xpath","value":"//button[@data-kt=\"IssuingTableConfirmAllButton\"]"}
COMMAND: POST /session/fcfdec3f19b04732468f3b81cff77eec/elements - {"using":"xpath","value":"//button[@data-kt=\"IssuingTableConfirmAllButton\"]"}
RESULT: {"using":"xpath","value":"//button[@data-kt=\"IssuingTableConfirmAllButton\"]"}
COMMAND: POST /session/fcfdec3f19b04732468f3b81cff77eec/elements - {"using":"xpath","value":"//button[@data-kt=\"IssuingTableConfirmAllButton\"]"}
RESULT: {"using":"xpath","value":"//button[@data-kt=\"IssuingTableConfirmAllButton\"]"}
COMMAND: POST /session/fcfdec3f19b04732468f3b81cff77eec/elements - {"using":"xpath","value":"//button[@data-kt=\"IssuingTableConfirmAllButton\"]"}
RESULT: {"using":"xpath","value":"//button[@data-kt=\"IssuingTableConfirmAllButton\"]"}
COMMAND: POST /session/fcfdec3f19b04732468f3b81cff77eec/elements - {"using":"xpath","value":"//button[@data-kt=\"IssuingTableConfirmAllButton\"]"}
RESULT: {"using":"xpath","value":"//button[@data-kt=\"IssuingTableConfirmAllButton\"]"}
COMMAND: POST /session/fcfdec3f19b04732468f3b81cff77eec/elements - {"using":"xpath","value":"//button[@data-kt=\"IssuingTableConfirmAllButton\"]"}
RESULT: {"using":"xpath","value":"//button[@data-kt=\"IssuingTableConfirmAllButton\"]"}
COMMAND: POST /session/fcfdec3f19b04732468f3b81cff77eec/elements - {"using":"xpath","value":"//button[@data-kt=\"IssuingTableConfirmAllButton\"]"}
RESULT: {"using":"xpath","value":"//button[@data-kt=\"IssuingTableConfirmAllButton\"]"}
COMMAND: POST /session/fcfdec3f19b04732468f3b81cff77eec/elements - {"using":"xpath","value":"//button[@data-kt=\"IssuingTableConfirmAllButton\"]"}
RESULT: {"using":"xpath","value":"//button[@data-kt=\"IssuingTableConfirmAllButton\"]"}
COMMAND: POST /session/fcfdec3f19b04732468f3b81cff77eec/elements - {"using":"xpath","value":"//button[@data-kt=\"IssuingTableConfirmAllButton\"]"}
RESULT: {"using":"xpath","value":"//button[@data-kt=\"IssuingTableConfirmAllButton\"]"}
COMMAND: POST /session/fcfdec3f19b04732468f3b81cff77eec/elements - {"using":"xpath","value":"//button[@data-kt=\"IssuingTableConfirmAllButton\"]"}
RESULT: {"using":"xpath","value":"//button[@data-kt=\"IssuingTableConfirmAllButton\"]"}
COMMAND: POST /session/fcfdec3f19b04732468f3b81cff77eec/elements - {"using":"xpath","value":"//button[@data-kt=\"IssuingTableConfirmAllButton\"]"}
RESULT: {"using":"xpath","value":"//button[@data-kt=\"IssuingTableConfirmAllButton\"]"}
COMMAND: POST /session/fcfdec3f19b04732468f3b81cff77eec/elements - {"using":"xpath","value":"//button[@data-kt=\"IssuingTableConfirmAllButton\"]"}
RESULT: {"using":"xpath","value":"//button[@data-kt=\"IssuingTableConfirmAllButton\"]"}
COMMAND: POST /session/fcfdec3f19b04732468f3b81cff77eec/elements - {"using":"xpath","value":"//button[@data-kt=\"IssuingTableConfirmAllButton\"]"}
RESULT: {"using":"xpath","value":"//button[@data-kt=\"IssuingTableConfirmAllButton\"]"}
COMMAND: POST /session/fcfdec3f19b04732468f3b81cff77eec/elements - {"using":"xpath","value":"//button[@data-kt=\"IssuingTableConfirmAllButton\"]"}
RESULT: {"using":"xpath","value":"//button[@data-kt=\"IssuingTableConfirmAllButton\"]"}
COMMAND: POST /session/fcfdec3f19b04732468f3b81cff77eec/elements - {"using":"xpath","value":"//button[@data-kt=\"IssuingTableConfirmAllButton\"]"}
RESULT: {"using":"xpath","value":"//button[@data-kt=\"IssuingTableConfirmAllButton\"]"}
COMMAND: POST /session/fcfdec3f19b04732468f3b81cff77eec/elements - {"using":"xpath","value":"//button[@data-kt=\"IssuingTableConfirmAllButton\"]"}
RESULT: {"using":"xpath","value":"//button[@data-kt=\"IssuingTableConfirmAllButton\"]"}
COMMAND: POST /session/fcfdec3f19b04732468f3b81cff77eec/elements - {"using":"xpath","value":"//button[@data-kt=\"IssuingTableConfirmAllButton\"]"}
RESULT: {"using":"xpath","value":"//button[@data-kt=\"IssuingTableConfirmAllButton\"]"}
COMMAND: POST /session/fcfdec3f19b04732468f3b81cff77eec/elements - {"using":"xpath","value":"//button[@data-kt=\"IssuingTableConfirmAllButton\"]"}
RESULT: {"using":"xpath","value":"//button[@data-kt=\"IssuingTableConfirmAllButton\"]"}
COMMAND: POST /session/fcfdec3f19b04732468f3b81cff77eec/elements - {"using":"xpath","value":"//button[@data-kt=\"IssuingTableConfirmAllButton\"]"}
RESULT: {"using":"xpath","value":"//button[@data-kt=\"IssuingTableConfirmAllButton\"]"}
COMMAND: POST /session/fcfdec3f19b04732468f3b81cff77eec/elements - {"using":"xpath","value":"//button[@data-kt=\"IssuingTableConfirmAllButton\"]"}
RESULT: {"using":"xpath","value":"//button[@data-kt=\"IssuingTableConfirmAllButton\"]"}
COMMAND: POST /session/fcfdec3f19b04732468f3b81cff77eec/elements - {"using":"xpath","value":"//button[@data-kt=\"IssuingTableConfirmAllButton\"]"}
RESULT: {"using":"xpath","value":"//button[@data-kt=\"IssuingTableConfirmAllButton\"]"}
COMMAND: POST /session/fcfdec3f19b04732468f3b81cff77eec/elements - {"using":"xpath","value":"//button[@data-kt=\"IssuingTableConfirmAllButton\"]"}
RESULT: {"using":"xpath","value":"//button[@data-kt=\"IssuingTableConfirmAllButton\"]"}
COMMAND: POST /session/fcfdec3f19b04732468f3b81cff77eec/elements - {"using":"xpath","value":"//button[@data-kt=\"IssuingTableConfirmAllButton\"]"}
RESULT: {"using":"xpath","value":"//button[@data-kt=\"IssuingTableConfirmAllButton\"]"}
COMMAND: POST /session/fcfdec3f19b04732468f3b81cff77eec/elements - {"using":"xpath","value":"//button[@data-kt=\"IssuingTableConfirmAllButton\"]"}
RESULT: {"using":"xpath","value":"//button[@data-kt=\"IssuingTableConfirmAllButton\"]"}
COMMAND: POST /session/fcfdec3f19b04732468f3b81cff77eec/elements - {"using":"xpath","value":"//button[@data-kt=\"IssuingTableConfirmAllButton\"]"}
RESULT: {"using":"xpath","value":"//button[@data-kt=\"IssuingTableConfirmAllButton\"]"}
COMMAND: POST /session/fcfdec3f19b04732468f3b81cff77eec/elements - {"using":"xpath","value":"//button[@data-kt=\"IssuingTableConfirmAllButton\"]"}
RESULT: {"using":"xpath","value":"//button[@data-kt=\"IssuingTableConfirmAllButton\"]"}
COMMAND: POST /session/fcfdec3f19b04732468f3b81cff77eec/elements - {"using":"xpath","value":"//button[@data-kt=\"IssuingTableConfirmAllButton\"]"}
RESULT: {"using":"xpath","value":"//button[@data-kt=\"IssuingTableConfirmAllButton\"]"}
COMMAND: POST /session/fcfdec3f19b04732468f3b81cff77eec/elements - {"using":"xpath","value":"//button[@data-kt=\"IssuingTableConfirmAllButton\"]"}
RESULT: {"using":"xpath","value":"//button[@data-kt=\"IssuingTableConfirmAllButton\"]"}
COMMAND: POST /session/fcfdec3f19b04732468f3b81cff77eec/elements - {"using":"xpath","value":"//button[@data-kt=\"IssuingTableConfirmAllButton\"]"}
RESULT: {"using":"xpath","value":"//button[@data-kt=\"IssuingTableConfirmAllButton\"]"}
COMMAND: POST /session/fcfdec3f19b04732468f3b81cff77eec/elements - {"using":"xpath","value":"//button[@data-kt=\"IssuingTableConfirmAllButton\"]"}
RESULT: {"using":"xpath","value":"//button[@data-kt=\"IssuingTableConfirmAllButton\"]"}
COMMAND: POST /session/fcfdec3f19b04732468f3b81cff77eec/elements - {"using":"xpath","value":"//button[@data-kt=\"IssuingTableConfirmAllButton\"]"}
RESULT: {"using":"xpath","value":"//button[@data-kt=\"IssuingTableConfirmAllButton\"]"}
COMMAND: POST /session/fcfdec3f19b04732468f3b81cff77eec/elements - {"using":"xpath","value":"//button[@data-kt=\"IssuingTableConfirmAllButton\"]"}
RESULT: {"using":"xpath","value":"//button[@data-kt=\"IssuingTableConfirmAllButton\"]"}
COMMAND: POST /session/fcfdec3f19b04732468f3b81cff77eec/elements - {"using":"xpath","value":"//button[@data-kt=\"IssuingTableConfirmAllButton\"]"}
RESULT: {"using":"xpath","value":"//button[@data-kt=\"IssuingTableConfirmAllButton\"]"}
COMMAND: POST /session/fcfdec3f19b04732468f3b81cff77eec/elements - {"using":"xpath","value":"//button[@data-kt=\"IssuingTableConfirmAllButton\"]"}
RESULT: {"using":"xpath","value":"//button[@data-kt=\"IssuingTableConfirmAllButton\"]"}
COMMAND: POST /session/fcfdec3f19b04732468f3b81cff77eec/elements - {"using":"xpath","value":"//button[@data-kt=\"IssuingTableConfirmAllButton\"]"}
RESULT: {"using":"xpath","value":"//button[@data-kt=\"IssuingTableConfirmAllButton\"]"}
COMMAND: POST /session/fcfdec3f19b04732468f3b81cff77eec/elements - {"using":"xpath","value":"//button[@data-kt=\"IssuingTableConfirmAllButton\"]"}
RESULT: {"using":"xpath","value":"//button[@data-kt=\"IssuingTableConfirmAllButton\"]"}
COMMAND: POST /session/fcfdec3f19b04732468f3b81cff77eec/elements - {"using":"xpath","value":"//button[@data-kt=\"IssuingTableConfirmAllButton\"]"}
RESULT: {"using":"xpath","value":"//button[@data-kt=\"IssuingTableConfirmAllButton\"]"}
COMMAND: POST /session/fcfdec3f19b04732468f3b81cff77eec/elements - {"using":"xpath","value":"//button[@data-kt=\"IssuingTableConfirmAllButton\"]"}
RESULT: {"using":"xpath","value":"//button[@data-kt=\"IssuingTableConfirmAllButton\"]"}
COMMAND: POST /session/fcfdec3f19b04732468f3b81cff77eec/elements - {"using":"xpath","value":"//button[@data-kt=\"IssuingTableConfirmAllButton\"]"}
RESULT: {"using":"xpath","value":"//button[@data-kt=\"IssuingTableConfirmAllButton\"]"}
COMMAND: POST /session/fcfdec3f19b04732468f3b81cff77eec/elements - {"using":"xpath","value":"//button[@data-kt=\"IssuingTableConfirmAllButton\"]"}
RESULT: {"using":"xpath","value":"//button[@data-kt=\"IssuingTableConfirmAllButton\"]"}
COMMAND: POST /session/fcfdec3f19b04732468f3b81cff77eec/elements - {"using":"xpath","value":"//button[@data-kt=\"IssuingTableConfirmAllButton\"]"}
RESULT: {"using":"xpath","value":"//button[@data-kt=\"IssuingTableConfirmAllButton\"]"}
COMMAND: POST /session/fcfdec3f19b04732468f3b81cff77eec/elements - {"using":"xpath","value":"//button[@data-kt=\"IssuingTableConfirmAllButton\"]"}
RESULT: {"using":"xpath","value":"//button[@data-kt=\"IssuingTableConfirmAllButton\"]"}
COMMAND: POST /session/fcfdec3f19b04732468f3b81cff77eec/elements - {"using":"xpath","value":"//button[@data-kt=\"IssuingTableConfirmAllButton\"]"}
RESULT: {"using":"xpath","value":"//button[@data-kt=\"IssuingTableConfirmAllButton\"]"}
COMMAND: POST /session/fcfdec3f19b04732468f3b81cff77eec/elements - {"using":"xpath","value":"//button[@data-kt=\"IssuingTableConfirmAllButton\"]"}
RESULT: {"using":"xpath","value":"//button[@data-kt=\"IssuingTableConfirmAllButton\"]"}
COMMAND: POST /session/fcfdec3f19b04732468f3b81cff77eec/elements - {"using":"xpath","value":"//button[@data-kt=\"IssuingTableConfirmAllButton\"]"}
RESULT: {"using":"xpath","value":"//button[@data-kt=\"IssuingTableConfirmAllButton\"]"}
COMMAND: POST /session/fcfdec3f19b04732468f3b81cff77eec/elements - {"using":"xpath","value":"//button[@data-kt=\"IssuingTableConfirmAllButton\"]"}
RESULT: {"using":"xpath","value":"//button[@data-kt=\"IssuingTableConfirmAllButton\"]"}
COMMAND: POST /session/fcfdec3f19b04732468f3b81cff77eec/elements - {"using":"xpath","value":"//button[@data-kt=\"IssuingTableConfirmAllButton\"]"}
RESULT: {"using":"xpath","value":"//button[@data-kt=\"IssuingTableConfirmAllButton\"]"}
COMMAND: POST /session/fcfdec3f19b04732468f3b81cff77eec/elements - {"using":"xpath","value":"//button[@data-kt=\"IssuingTableConfirmAllButton\"]"}
RESULT: {"using":"xpath","value":"//button[@data-kt=\"IssuingTableConfirmAllButton\"]"}
COMMAND: POST /session/fcfdec3f19b04732468f3b81cff77eec/elements - {"using":"xpath","value":"//button[@data-kt=\"IssuingTableConfirmAllButton\"]"}
RESULT: {"using":"xpath","value":"//button[@data-kt=\"IssuingTableConfirmAllButton\"]"}
COMMAND: POST /session/fcfdec3f19b04732468f3b81cff77eec/elements - {"using":"xpath","value":"//button[@data-kt=\"IssuingTableConfirmAllButton\"]"}
RESULT: {"using":"xpath","value":"//button[@data-kt=\"IssuingTableConfirmAllButton\"]"}
COMMAND: POST /session/fcfdec3f19b04732468f3b81cff77eec/elements - {"using":"xpath","value":"//button[@data-kt=\"IssuingTableConfirmAllButton\"]"}
RESULT: {"using":"xpath","value":"//button[@data-kt=\"IssuingTableConfirmAllButton\"]"}
COMMAND: POST /session/fcfdec3f19b04732468f3b81cff77eec/elements - {"using":"xpath","value":"//button[@data-kt=\"IssuingTableConfirmAllButton\"]"}
RESULT: {"using":"xpath","value":"//button[@data-kt=\"IssuingTableConfirmAllButton\"]"}
COMMAND: POST /session/fcfdec3f19b04732468f3b81cff77eec/elements - {"using":"xpath","value":"//button[@data-kt=\"IssuingTableConfirmAllButton\"]"}
RESULT: {"using":"xpath","value":"//button[@data-kt=\"IssuingTableConfirmAllButton\"]"}
COMMAND: POST /session/fcfdec3f19b04732468f3b81cff77eec/elements - {"using":"xpath","value":"//button[@data-kt=\"IssuingTableConfirmAllButton\"]"}
RESULT: {"using":"xpath","value":"//button[@data-kt=\"IssuingTableConfirmAllButton\"]"}
COMMAND: POST /session/fcfdec3f19b04732468f3b81cff77eec/elements - {"using":"xpath","value":"//button[@data-kt=\"IssuingTableConfirmAllButton\"]"}
RESULT: {"using":"xpath","value":"//button[@data-kt=\"IssuingTableConfirmAllButton\"]"}
COMMAND: POST /session/fcfdec3f19b04732468f3b81cff77eec/elements - {"using":"xpath","value":"//button[@data-kt=\"IssuingTableConfirmAllButton\"]"}
RESULT: {"using":"xpath","value":"//button[@data-kt=\"IssuingTableConfirmAllButton\"]"}
COMMAND: POST /session/fcfdec3f19b04732468f3b81cff77eec/elements - {"using":"xpath","value":"//button[@data-kt=\"IssuingTableConfirmAllButton\"]"}
RESULT: {"using":"xpath","value":"//button[@data-kt=\"IssuingTableConfirmAllButton\"]"}
COMMAND: POST /session/fcfdec3f19b04732468f3b81cff77eec/elements - {"using":"xpath","value":"//button[@data-kt=\"IssuingTableConfirmAllButton\"]"}
RESULT: {"using":"xpath","value":"//button[@data-kt=\"IssuingTableConfirmAllButton\"]"}
COMMAND: POST /session/fcfdec3f19b04732468f3b81cff77eec/elements - {"using":"xpath","value":"//button[@data-kt=\"IssuingTableConfirmAllButton\"]"}
RESULT: {"using":"xpath","value":"//button[@data-kt=\"IssuingTableConfirmAllButton\"]"}
COMMAND: POST /session/fcfdec3f19b04732468f3b81cff77eec/elements - {"using":"xpath","value":"//button[@data-kt=\"IssuingTableConfirmAllButton\"]"}
RESULT: {"using":"xpath","value":"//button[@data-kt=\"IssuingTableConfirmAllButton\"]"}
COMMAND: POST /session/fcfdec3f19b04732468f3b81cff77eec/elements - {"using":"xpath","value":"//button[@data-kt=\"IssuingTableConfirmAllButton\"]"}
RESULT: {"using":"xpath","value":"//button[@data-kt=\"IssuingTableConfirmAllButton\"]"}
COMMAND: POST /session/fcfdec3f19b04732468f3b81cff77eec/elements - {"using":"xpath","value":"//button[@data-kt=\"IssuingTableConfirmAllButton\"]"}
RESULT: {"using":"xpath","value":"//button[@data-kt=\"IssuingTableConfirmAllButton\"]"}
COMMAND: POST /session/fcfdec3f19b04732468f3b81cff77eec/elements - {"using":"xpath","value":"//button[@data-kt=\"IssuingTableConfirmAllButton\"]"}
RESULT: {"using":"xpath","value":"//button[@data-kt=\"IssuingTableConfirmAllButton\"]"}
COMMAND: POST /session/fcfdec3f19b04732468f3b81cff77eec/elements - {"using":"xpath","value":"//button[@data-kt=\"IssuingTableConfirmAllButton\"]"}
RESULT: {"using":"xpath","value":"//button[@data-kt=\"IssuingTableConfirmAllButton\"]"}
COMMAND: POST /session/fcfdec3f19b04732468f3b81cff77eec/elements - {"using":"xpath","value":"//button[@data-kt=\"IssuingTableConfirmAllButton\"]"}
RESULT: {"using":"xpath","value":"//button[@data-kt=\"IssuingTableConfirmAllButton\"]"}
COMMAND: POST /session/fcfdec3f19b04732468f3b81cff77eec/elements - {"using":"xpath","value":"//button[@data-kt=\"IssuingTableConfirmAllButton\"]"}
RESULT: {"using":"xpath","value":"//button[@data-kt=\"IssuingTableConfirmAllButton\"]"}
COMMAND: POST /session/fcfdec3f19b04732468f3b81cff77eec/elements - {"using":"xpath","value":"//button[@data-kt=\"IssuingTableConfirmAllButton\"]"}
RESULT: {"using":"xpath","value":"//button[@data-kt=\"IssuingTableConfirmAllButton\"]"}
COMMAND: POST /session/fcfdec3f19b04732468f3b81cff77eec/elements - {"using":"xpath","value":"//button[@data-kt=\"IssuingTableConfirmAllButton\"]"}
RESULT: {"using":"xpath","value":"//button[@data-kt=\"IssuingTableConfirmAllButton\"]"}
COMMAND: POST /session/fcfdec3f19b04732468f3b81cff77eec/elements - {"using":"xpath","value":"//button[@data-kt=\"IssuingTableConfirmAllButton\"]"}
RESULT: {"using":"xpath","value":"//button[@data-kt=\"IssuingTableConfirmAllButton\"]"}
COMMAND: POST /session/fcfdec3f19b04732468f3b81cff77eec/elements - {"using":"xpath","value":"//button[@data-kt=\"IssuingTableConfirmAllButton\"]"}
RESULT: {"using":"xpath","value":"//button[@data-kt=\"IssuingTableConfirmAllButton\"]"}
COMMAND: POST /session/fcfdec3f19b04732468f3b81cff77eec/elements - {"using":"xpath","value":"//button[@data-kt=\"IssuingTableConfirmAllButton\"]"}
RESULT: {"using":"xpath","value":"//button[@data-kt=\"IssuingTableConfirmAllButton\"]"}
COMMAND: POST /session/fcfdec3f19b04732468f3b81cff77eec/elements - {"using":"xpath","value":"//button[@data-kt=\"IssuingTableConfirmAllButton\"]"}
RESULT: {"using":"xpath","value":"//button[@data-kt=\"IssuingTableConfirmAllButton\"]"}
COMMAND: POST /session/fcfdec3f19b04732468f3b81cff77eec/elements - {"using":"xpath","value":"//button[@data-kt=\"IssuingTableConfirmAllButton\"]"}
RESULT: {"using":"xpath","value":"//button[@data-kt=\"IssuingTableConfirmAllButton\"]"}
COMMAND: POST /session/fcfdec3f19b04732468f3b81cff77eec/elements - {"using":"xpath","value":"//button[@data-kt=\"IssuingTableConfirmAllButton\"]"}
RESULT: {"using":"xpath","value":"//button[@data-kt=\"IssuingTableConfirmAllButton\"]"}
COMMAND: POST /session/fcfdec3f19b04732468f3b81cff77eec/elements - {"using":"xpath","value":"//button[@data-kt=\"IssuingTableConfirmAllButton\"]"}
RESULT: {"using":"xpath","value":"//button[@data-kt=\"IssuingTableConfirmAllButton\"]"}
COMMAND: POST /session/fcfdec3f19b04732468f3b81cff77eec/elements - {"using":"xpath","value":"//button[@data-kt=\"IssuingTableConfirmAllButton\"]"}
RESULT: {"using":"xpath","value":"//button[@data-kt=\"IssuingTableConfirmAllButton\"]"}
COMMAND: POST /session/fcfdec3f19b04732468f3b81cff77eec/elements - {"using":"xpath","value":"//button[@data-kt=\"IssuingTableConfirmAllButton\"]"}
RESULT: {"using":"xpath","value":"//button[@data-kt=\"IssuingTableConfirmAllButton\"]"}
COMMAND: POST /session/fcfdec3f19b04732468f3b81cff77eec/elements - {"using":"xpath","value":"//button[@data-kt=\"IssuingTableConfirmAllButton\"]"}
RESULT: {"using":"xpath","value":"//button[@data-kt=\"IssuingTableConfirmAllButton\"]"}
COMMAND: POST /session/fcfdec3f19b04732468f3b81cff77eec/elements - {"using":"xpath","value":"//button[@data-kt=\"IssuingTableConfirmAllButton\"]"}
RESULT: {"using":"xpath","value":"//button[@data-kt=\"IssuingTableConfirmAllButton\"]"}
COMMAND: POST /session/fcfdec3f19b04732468f3b81cff77eec/elements - {"using":"xpath","value":"//button[@data-kt=\"IssuingTableConfirmAllButton\"]"}
RESULT: {"using":"xpath","value":"//button[@data-kt=\"IssuingTableConfirmAllButton\"]"}
COMMAND: POST /session/fcfdec3f19b04732468f3b81cff77eec/elements - {"using":"xpath","value":"//button[@data-kt=\"IssuingTableConfirmAllButton\"]"}
RESULT: {"using":"xpath","value":"//button[@data-kt=\"IssuingTableConfirmAllButton\"]"}
COMMAND: POST /session/fcfdec3f19b04732468f3b81cff77eec/elements - {"using":"xpath","value":"//button[@data-kt=\"IssuingTableConfirmAllButton\"]"}
RESULT: {"using":"xpath","value":"//button[@data-kt=\"IssuingTableConfirmAllButton\"]"}
COMMAND: POST /session/fcfdec3f19b04732468f3b81cff77eec/elements - {"using":"xpath","value":"//button[@data-kt=\"IssuingTableConfirmAllButton\"]"}
RESULT: {"using":"xpath","value":"//button[@data-kt=\"IssuingTableConfirmAllButton\"]"}
COMMAND: POST /session/fcfdec3f19b04732468f3b81cff77eec/elements - {"using":"xpath","value":"//button[@data-kt=\"IssuingTableConfirmAllButton\"]"}
RESULT: {"using":"xpath","value":"//button[@data-kt=\"IssuingTableConfirmAllButton\"]"}
COMMAND: POST /session/fcfdec3f19b04732468f3b81cff77eec/elements - {"using":"xpath","value":"//button[@data-kt=\"IssuingTableConfirmAllButton\"]"}
RESULT: {"using":"xpath","value":"//button[@data-kt=\"IssuingTableConfirmAllButton\"]"}
COMMAND: POST /session/fcfdec3f19b04732468f3b81cff77eec/elements - {"using":"xpath","value":"//button[@data-kt=\"IssuingTableConfirmAllButton\"]"}
RESULT: {"using":"xpath","value":"//button[@data-kt=\"IssuingTableConfirmAllButton\"]"}
COMMAND: POST /session/fcfdec3f19b04732468f3b81cff77eec/elements - {"using":"xpath","value":"//button[@data-kt=\"IssuingTableConfirmAllButton\"]"}
RESULT: {"using":"xpath","value":"//button[@data-kt=\"IssuingTableConfirmAllButton\"]"}
COMMAND: POST /session/fcfdec3f19b04732468f3b81cff77eec/elements - {"using":"xpath","value":"//button[@data-kt=\"IssuingTableConfirmAllButton\"]"}
RESULT: {"using":"xpath","value":"//button[@data-kt=\"IssuingTableConfirmAllButton\"]"}
COMMAND: POST /session/fcfdec3f19b04732468f3b81cff77eec/elements - {"using":"xpath","value":"//button[@data-kt=\"IssuingTableConfirmAllButton\"]"}
RESULT: {"using":"xpath","value":"//button[@data-kt=\"IssuingTableConfirmAllButton\"]"}
COMMAND: POST /session/fcfdec3f19b04732468f3b81cff77eec/elements - {"using":"xpath","value":"//button[@data-kt=\"IssuingTableConfirmAllButton\"]"}
RESULT: {"using":"xpath","value":"//button[@data-kt=\"IssuingTableConfirmAllButton\"]"}
COMMAND: POST /session/fcfdec3f19b04732468f3b81cff77eec/elements - {"using":"xpath","value":"//button[@data-kt=\"IssuingTableConfirmAllButton\"]"}
RESULT: {"using":"xpath","value":"//button[@data-kt=\"IssuingTableConfirmAllButton\"]"}
COMMAND: POST /session/fcfdec3f19b04732468f3b81cff77eec/elements - {"using":"xpath","value":"//button[@data-kt=\"IssuingTableConfirmAllButton\"]"}
RESULT: {"using":"xpath","value":"//button[@data-kt=\"IssuingTableConfirmAllButton\"]"}
COMMAND: POST /session/fcfdec3f19b04732468f3b81cff77eec/elements - {"using":"xpath","value":"//button[@data-kt=\"IssuingTableConfirmAllButton\"]"}
RESULT: {"using":"xpath","value":"//button[@data-kt=\"IssuingTableConfirmAllButton\"]"}
COMMAND: POST /session/fcfdec3f19b04732468f3b81cff77eec/elements - {"using":"xpath","value":"//button[@data-kt=\"IssuingTableConfirmAllButton\"]"}
RESULT: {"using":"xpath","value":"//button[@data-kt=\"IssuingTableConfirmAllButton\"]"}
COMMAND: GET /session/fcfdec3f19b04732468f3b81cff77eec/screenshot - {}
RESULT: {}
COMMAND: GET /session/fcfdec3f19b04732468f3b81cff77eec/screenshot - {}
COMMAND: GET /session/fcfdec3f19b04732468f3b81cff77eec/screenshot - {}
RESULT: {}
RESULT: {}
COMMAND: DELETE /session/fcfdec3f19b04732468f3b81cff77eec - {}
RESULT: {}
]]></system-out>
      <system-err><![CDATA[
Error: Can't call click on element with selector "//button[@data-kt="IssuingTableConfirmAllButton"]" because element wasn't found
    at async Context.<anonymous> (D:\a\1\s\test\specs\HTR\transfer-yard-to-yard.spec.js:200:9)
]]></system-err>
    </testcase>
  </testsuite>
</testsuites>