<?xml version="1.0" encoding="UTF-8"?>
<testsuites tests="24" failures="0" errors="0" skipped="0">
  <testsuite timestamp="2025-05-24T15:36:58" time="672.941" tests="5" failures="0" errors="0" skipped="0">
    <properties>
      <property name="specId" value="0"/>
      <property name="suiteName" value="Manage Requests Tags Tests US120163"/>
      <property name="capabilities" value="chrome.136_0_7103_93.windows"/>
      <property name="file" value="file:///D:/a/1/s/test/specs/R2C/create-request-Tags.spec.js"/>
    </properties>
    <testcase classname="chrome.136_0_7103_93.windows.Manage_Requests_Tags_Tests_US120163" name="Should create a new yard" time="138.571">
      <system-out><![CDATA[
COMMAND: POST /session/2fbb17261cc6fb074d1493bb698829b1/execute/async - {"script":"<script> [1562 bytes]","args":[{"selector":{"controlType":"sap.m.GenericTile","properties":{"header":"Manage Yards"}},"wdio_ui5_key":"sapm.GenericTile{\"header\":\"Manage Yards\"}"}]}
RESULT: {"script":"<script> [1562 bytes]","args":[{"selector":{"controlType":"sap.m.GenericTile","properties":{"header":"Manage Yards"}},"wdio_ui5_key":"sapm.GenericTile{\"header\":\"Manage Yards\"}"}]}
RESULT: undefined
COMMAND: POST /session/2fbb17261cc6fb074d1493bb698829b1/element - {"using":"xpath","value":"//*[@id=\"__tile41\"]"}
RESULT: {"using":"xpath","value":"//*[@id=\"__tile41\"]"}
COMMAND: POST /session/2fbb17261cc6fb074d1493bb698829b1/element/f.73F923247D4A980C1D654B50CBD09E00.d.341C4F356AA23FDDA7B245E013BAAF2F.e.115/click - {}
RESULT: {}
COMMAND: GET /session/2fbb17261cc6fb074d1493bb698829b1/screenshot - {}
RESULT: {}
COMMAND: POST /session/2fbb17261cc6fb074d1493bb698829b1/elements - {"using":"xpath","value":"//span[text()='Error']"}
RESULT: {"using":"xpath","value":"//span[text()='Error']"}
COMMAND: POST /session/2fbb17261cc6fb074d1493bb698829b1/execute/async - {"script":"<script> [1562 bytes]","args":[{"selector":{"controlType":"sap.ui.core.Icon","viewName":"etm.portal.ui.manageyards.view.Master","viewId":"application-manageyards-display-component---masterYard","properties":{"src":{"regex":{"source":"add"}}}},"wdio_ui5_key":"etmportal.ui.manageyards.view.Mastersap.ui.core.Icon{\"src\":{\"regex\":{\"source\":\"add\"}}}"}]}
RESULT: {"script":"<script> [1562 bytes]","args":[{"selector":{"controlType":"sap.ui.core.Icon","viewName":"etm.portal.ui.manageyards.view.Master","viewId":"application-manageyards-display-component---masterYard","properties":{"src":{"regex":{"source":"add"}}}},"wdio_ui5_key":"etmportal.ui.manageyards.view.Mastersap.ui.core.Icon{\"src\":{\"regex\":{\"source\":\"add\"}}}"}]}
RESULT: undefined
COMMAND: POST /session/2fbb17261cc6fb074d1493bb698829b1/element - {"using":"xpath","value":"//*[@id=\"__button4-img\"]"}
RESULT: {"using":"xpath","value":"//*[@id=\"__button4-img\"]"}
COMMAND: POST /session/2fbb17261cc6fb074d1493bb698829b1/element/f.73F923247D4A980C1D654B50CBD09E00.d.341C4F356AA23FDDA7B245E013BAAF2F.e.161/click - {}
RESULT: {}
COMMAND: GET /session/2fbb17261cc6fb074d1493bb698829b1/screenshot - {}
RESULT: {}
COMMAND: POST /session/2fbb17261cc6fb074d1493bb698829b1/execute/async - {"script":"<script> [1562 bytes]","args":[{"selector":{"id":"application-manageyards-display-component---NewYard--yardId","interaction":{"idSuffix":"inner"}},"wdio_ui5_key":"applicationmanageyards-display-component---NewYard--yardId"}]}
RESULT: {"script":"<script> [1562 bytes]","args":[{"selector":{"id":"application-manageyards-display-component---NewYard--yardId","interaction":{"idSuffix":"inner"}},"wdio_ui5_key":"applicationmanageyards-display-component---NewYard--yardId"}]}
RESULT: undefined
COMMAND: POST /session/2fbb17261cc6fb074d1493bb698829b1/element - {"using":"xpath","value":"//*[@id=\"application-manageyards-display-component---NewYard--addressDetailDetailsName1-inner\"]"}
RESULT: {"using":"xpath","value":"//*[@id=\"application-manageyards-display-component---NewYard--addressDetailDetailsName1-inner\"]"}
COMMAND: POST /session/2fbb17261cc6fb074d1493bb698829b1/element/f.73F923247D4A980C1D654B50CBD09E00.d.341C4F356AA23FDDA7B245E013BAAF2F.e.373/clear - {}
RESULT: {}
COMMAND: POST /session/2fbb17261cc6fb074d1493bb698829b1/element/f.73F923247D4A980C1D654B50CBD09E00.d.341C4F356AA23FDDA7B245E013BAAF2F.e.373/value - {"text":"WebdriverYardh82nxi"}
COMMAND: GET /session/2fbb17261cc6fb074d1493bb698829b1/screenshot - {}
RESULT: {"text":"WebdriverYardh82nxi"}
COMMAND: POST /session/2fbb17261cc6fb074d1493bb698829b1/element - {"using":"xpath","value":"//*[@id=\"application-manageyards-display-component---NewYard--addressDetailDetailsLanguage-inner\"]"}
COMMAND: GET /session/2fbb17261cc6fb074d1493bb698829b1/screenshot - {}
RESULT: {}
RESULT: {"using":"xpath","value":"//*[@id=\"application-manageyards-display-component---NewYard--addressDetailDetailsLanguage-inner\"]"}
COMMAND: POST /session/2fbb17261cc6fb074d1493bb698829b1/element/f.73F923247D4A980C1D654B50CBD09E00.d.341C4F356AA23FDDA7B245E013BAAF2F.e.374/clear - {}
RESULT: {}
RESULT: {}
COMMAND: POST /session/2fbb17261cc6fb074d1493bb698829b1/element/f.73F923247D4A980C1D654B50CBD09E00.d.341C4F356AA23FDDA7B245E013BAAF2F.e.374/value - {"text":"Romanian"}
COMMAND: GET /session/2fbb17261cc6fb074d1493bb698829b1/screenshot - {}
RESULT: {"text":"Romanian"}
COMMAND: POST /session/2fbb17261cc6fb074d1493bb698829b1/element - {"using":"xpath","value":"//input[contains(@id ,\"application-manageyards-display-component---NewYard--addressDetailDetailsName1-inner\")]"}
RESULT: {"using":"xpath","value":"//input[contains(@id ,\"application-manageyards-display-component---NewYard--addressDetailDetailsName1-inner\")]"}
COMMAND: GET /session/2fbb17261cc6fb074d1493bb698829b1/element/f.73F923247D4A980C1D654B50CBD09E00.d.341C4F356AA23FDDA7B245E013BAAF2F.e.373/property/value - {}
RESULT: {}
RESULT: {}
COMMAND: GET /session/2fbb17261cc6fb074d1493bb698829b1/screenshot - {}
COMMAND: GET /session/2fbb17261cc6fb074d1493bb698829b1/screenshot - {}
RESULT: {}
RESULT: {}
COMMAND: POST /session/2fbb17261cc6fb074d1493bb698829b1/element - {"using":"xpath","value":"//*[@id=\"application-manageyards-display-component---NewYard--addressDetailDetailsCity1-inner\"]"}
RESULT: {"using":"xpath","value":"//*[@id=\"application-manageyards-display-component---NewYard--addressDetailDetailsCity1-inner\"]"}
COMMAND: POST /session/2fbb17261cc6fb074d1493bb698829b1/element/f.73F923247D4A980C1D654B50CBD09E00.d.341C4F356AA23FDDA7B245E013BAAF2F.e.376/clear - {}
RESULT: {}
COMMAND: POST /session/2fbb17261cc6fb074d1493bb698829b1/element/f.73F923247D4A980C1D654B50CBD09E00.d.341C4F356AA23FDDA7B245E013BAAF2F.e.376/value - {"text":"Bucuresti"}
COMMAND: GET /session/2fbb17261cc6fb074d1493bb698829b1/screenshot - {}
RESULT: {"text":"Bucuresti"}
COMMAND: GET /session/2fbb17261cc6fb074d1493bb698829b1/screenshot - {}
RESULT: {}
RESULT: {}
COMMAND: POST /session/2fbb17261cc6fb074d1493bb698829b1/element - {"using":"xpath","value":"//*[@id=\"application-manageyards-display-component---NewYard--addressDetailDetailsCountry-inner\"]"}
RESULT: {"using":"xpath","value":"//*[@id=\"application-manageyards-display-component---NewYard--addressDetailDetailsCountry-inner\"]"}
COMMAND: POST /session/2fbb17261cc6fb074d1493bb698829b1/element/f.73F923247D4A980C1D654B50CBD09E00.d.341C4F356AA23FDDA7B245E013BAAF2F.e.380/clear - {}
RESULT: {}
COMMAND: POST /session/2fbb17261cc6fb074d1493bb698829b1/element/f.73F923247D4A980C1D654B50CBD09E00.d.341C4F356AA23FDDA7B245E013BAAF2F.e.380/value - {"text":"Romania"}
COMMAND: GET /session/2fbb17261cc6fb074d1493bb698829b1/screenshot - {}
RESULT: {"text":"Romania"}
COMMAND: GET /session/2fbb17261cc6fb074d1493bb698829b1/screenshot - {}
RESULT: {}
RESULT: {}
COMMAND: POST /session/2fbb17261cc6fb074d1493bb698829b1/element - {"using":"xpath","value":"//div[contains(text(), \"Commercial\")]"}
RESULT: {"using":"xpath","value":"//div[contains(text(), \"Commercial\")]"}
COMMAND: GET /session/2fbb17261cc6fb074d1493bb698829b1/element/f.73F923247D4A980C1D654B50CBD09E00.d.341C4F356AA23FDDA7B245E013BAAF2F.e.575/rect - {}
RESULT: {}
COMMAND: GET /session/2fbb17261cc6fb074d1493bb698829b1/window/rect - {}
RESULT: {}
COMMAND: POST /session/2fbb17261cc6fb074d1493bb698829b1/execute/sync - {"script":"<script> [92 bytes]","args":[]}
RESULT: {"script":"<script> [92 bytes]","args":[]}
COMMAND: POST /session/2fbb17261cc6fb074d1493bb698829b1/actions - {"actions":[{"id":"action1","type":"wheel","parameters":{},"actions":[{"type":"scroll","x":-1841,"y":-44,"deltaX":0,"deltaY":0,"duration":0,"origin":{"element-6066-11e4-a52e-4f735466cecf":"f.73F923247D4A980C1D654B50CBD09E00.d.341C4F356AA23FDDA7B245E013BAAF2F.e.575"}}]}]}
COMMAND: GET /session/2fbb17261cc6fb074d1493bb698829b1/screenshot - {}
RESULT: {}
COMMAND: POST /session/2fbb17261cc6fb074d1493bb698829b1/execute/sync - {"script":"<script> [79 bytes]","args":[{"element-6066-11e4-a52e-4f735466cecf":"f.73F923247D4A980C1D654B50CBD09E00.d.341C4F356AA23FDDA7B245E013BAAF2F.e.575","ELEMENT":"f.73F923247D4A980C1D654B50CBD09E00.d.341C4F356AA23FDDA7B245E013BAAF2F.e.575"},{"block":"start","inline":"nearest"}]}
RESULT: {"script":"<script> [79 bytes]","args":[{"element-6066-11e4-a52e-4f735466cecf":"f.73F923247D4A980C1D654B50CBD09E00.d.341C4F356AA23FDDA7B245E013BAAF2F.e.575","ELEMENT":"f.73F923247D4A980C1D654B50CBD09E00.d.341C4F356AA23FDDA7B245E013BAAF2F.e.575"},{"block":"start","inline":"nearest"}]}
COMMAND: GET /session/2fbb17261cc6fb074d1493bb698829b1/screenshot - {}
RESULT: {}
COMMAND: POST /session/2fbb17261cc6fb074d1493bb698829b1/execute/async - {"script":"<script> [1562 bytes]","args":[{"selector":{"id":"application-manageyards-display-component---NewYard--addressEditDetailsCostObjectCstType-arrow"},"wdio_ui5_key":"applicationmanageyards-display-component---NewYard--addressEditDetailsCostObjectCstType-arrow"}]}
RESULT: {"script":"<script> [1562 bytes]","args":[{"selector":{"id":"application-manageyards-display-component---NewYard--addressEditDetailsCostObjectCstType-arrow"},"wdio_ui5_key":"applicationmanageyards-display-component---NewYard--addressEditDetailsCostObjectCstType-arrow"}]}
RESULT: undefined
COMMAND: POST /session/2fbb17261cc6fb074d1493bb698829b1/element - {"using":"xpath","value":"//*[@id=\"application-manageyards-display-component---NewYard--addressEditDetailsCostObjectCstType-arrow\"]"}
RESULT: {"using":"xpath","value":"//*[@id=\"application-manageyards-display-component---NewYard--addressEditDetailsCostObjectCstType-arrow\"]"}
COMMAND: POST /session/2fbb17261cc6fb074d1493bb698829b1/element/f.73F923247D4A980C1D654B50CBD09E00.d.341C4F356AA23FDDA7B245E013BAAF2F.e.583/click - {}
RESULT: {}
COMMAND: POST /session/2fbb17261cc6fb074d1493bb698829b1/element - {"using":"xpath","value":"//span[contains(text(), \"Cost Center\")]"}
COMMAND: GET /session/2fbb17261cc6fb074d1493bb698829b1/screenshot - {}
RESULT: {"using":"xpath","value":"//span[contains(text(), \"Cost Center\")]"}
COMMAND: POST /session/2fbb17261cc6fb074d1493bb698829b1/element/f.73F923247D4A980C1D654B50CBD09E00.d.341C4F356AA23FDDA7B245E013BAAF2F.e.584/click - {}
RESULT: {}
RESULT: {}
COMMAND: GET /session/2fbb17261cc6fb074d1493bb698829b1/screenshot - {}
RESULT: {}
COMMAND: POST /session/2fbb17261cc6fb074d1493bb698829b1/execute/async - {"script":"<script> [1562 bytes]","args":[{"selector":{"id":"application-manageyards-display-component---NewYard--addressNewCostObjectCstID-vhi"},"wdio_ui5_key":"applicationmanageyards-display-component---NewYard--addressNewCostObjectCstID-vhi"}]}
RESULT: {"script":"<script> [1562 bytes]","args":[{"selector":{"id":"application-manageyards-display-component---NewYard--addressNewCostObjectCstID-vhi"},"wdio_ui5_key":"applicationmanageyards-display-component---NewYard--addressNewCostObjectCstID-vhi"}]}
RESULT: undefined
COMMAND: POST /session/2fbb17261cc6fb074d1493bb698829b1/element - {"using":"xpath","value":"//*[@id=\"application-manageyards-display-component---NewYard--addressNewCostObjectCstID-vhi\"]"}
RESULT: {"using":"xpath","value":"//*[@id=\"application-manageyards-display-component---NewYard--addressNewCostObjectCstID-vhi\"]"}
COMMAND: POST /session/2fbb17261cc6fb074d1493bb698829b1/element/f.73F923247D4A980C1D654B50CBD09E00.d.341C4F356AA23FDDA7B245E013BAAF2F.e.588/click - {}
RESULT: {}
COMMAND: GET /session/2fbb17261cc6fb074d1493bb698829b1/screenshot - {}
RESULT: {}
COMMAND: POST /session/2fbb17261cc6fb074d1493bb698829b1/execute/async - {"script":"<script> [1562 bytes]","args":[{"selector":{"controlType":"sap.m.SearchField","properties":{"placeholder":"Search"},"searchOpenDialogs":true,"interaction":{"idSuffix":"I"}},"wdio_ui5_key":"sapm.SearchField{\"placeholder\":\"Search\"}"}]}
RESULT: {"script":"<script> [1562 bytes]","args":[{"selector":{"controlType":"sap.m.SearchField","properties":{"placeholder":"Search"},"searchOpenDialogs":true,"interaction":{"idSuffix":"I"}},"wdio_ui5_key":"sapm.SearchField{\"placeholder\":\"Search\"}"}]}
RESULT: undefined
COMMAND: POST /session/2fbb17261cc6fb074d1493bb698829b1/execute/async - {"script":"<script> [776 bytes]","args":[{"enterText":"10001013","selector":{"controlType":"sap.m.SearchField","properties":{"placeholder":"Search"},"searchOpenDialogs":true,"interaction":{"idSuffix":"I"}},"clearTextFirst":true,"interactionType":"ENTER_TEXT"}]}
RESULT: {"script":"<script> [776 bytes]","args":[{"enterText":"10001013","selector":{"controlType":"sap.m.SearchField","properties":{"placeholder":"Search"},"searchOpenDialogs":true,"interaction":{"idSuffix":"I"}},"clearTextFirst":true,"interactionType":"ENTER_TEXT"}]}
COMMAND: POST /session/2fbb17261cc6fb074d1493bb698829b1/actions - {"actions":[{"id":"action2","type":"key","parameters":{},"actions":[{"type":"keyDown","value":""},{"type":"pause","duration":10},{"type":"keyUp","value":""}]}]}
RESULT: {"actions":[{"id":"action2","type":"key","parameters":{},"actions":[{"type":"keyDown","value":""},{"type":"pause","duration":10},{"type":"keyUp","value":""}]}]}
COMMAND: GET /session/2fbb17261cc6fb074d1493bb698829b1/screenshot - {}
RESULT: {}
COMMAND: POST /session/2fbb17261cc6fb074d1493bb698829b1/element - {"using":"xpath","value":"//span[contains(text(), \"General Management\")]"}
RESULT: {"using":"xpath","value":"//span[contains(text(), \"General Management\")]"}
COMMAND: POST /session/2fbb17261cc6fb074d1493bb698829b1/element/f.73F923247D4A980C1D654B50CBD09E00.d.341C4F356AA23FDDA7B245E013BAAF2F.e.628/click - {}
RESULT: {}
COMMAND: GET /session/2fbb17261cc6fb074d1493bb698829b1/screenshot - {}
RESULT: {}
COMMAND: POST /session/2fbb17261cc6fb074d1493bb698829b1/element - {"using":"xpath","value":"//bdi[contains(text(), \"OK\")]"}
RESULT: {"using":"xpath","value":"//bdi[contains(text(), \"OK\")]"}
COMMAND: POST /session/2fbb17261cc6fb074d1493bb698829b1/element/f.73F923247D4A980C1D654B50CBD09E00.d.341C4F356AA23FDDA7B245E013BAAF2F.e.629/click - {}
RESULT: {}
COMMAND: GET /session/2fbb17261cc6fb074d1493bb698829b1/screenshot - {}
RESULT: {}
COMMAND: POST /session/2fbb17261cc6fb074d1493bb698829b1/execute/async - {"script":"<script> [1562 bytes]","args":[{"selector":{"controlType":"sap.m.Button","viewName":"etm.portal.ui.manageyards.view.New","viewId":"application-manageyards-display-component---NewYard","i18NText":{"propertyName":"text","key":"save"},"interaction":{"idSuffix":"inner"}},"wdio_ui5_key":"etmportal.ui.manageyards.view.Newsap.m.Button{\"propertyName\":\"text\",\"key\":\"save\"}"}]}
RESULT: {"script":"<script> [1562 bytes]","args":[{"selector":{"controlType":"sap.m.Button","viewName":"etm.portal.ui.manageyards.view.New","viewId":"application-manageyards-display-component---NewYard","i18NText":{"propertyName":"text","key":"save"},"interaction":{"idSuffix":"inner"}},"wdio_ui5_key":"etmportal.ui.manageyards.view.Newsap.m.Button{\"propertyName\":\"text\",\"key\":\"save\"}"}]}
RESULT: undefined
COMMAND: POST /session/2fbb17261cc6fb074d1493bb698829b1/element - {"using":"xpath","value":"//*[@id=\"__button18\"]"}
RESULT: {"using":"xpath","value":"//*[@id=\"__button18\"]"}
COMMAND: POST /session/2fbb17261cc6fb074d1493bb698829b1/element/f.73F923247D4A980C1D654B50CBD09E00.d.341C4F356AA23FDDA7B245E013BAAF2F.e.539/click - {}
RESULT: {}
COMMAND: GET /session/2fbb17261cc6fb074d1493bb698829b1/screenshot - {}
RESULT: {}
COMMAND: POST /session/2fbb17261cc6fb074d1493bb698829b1/element - {"using":"xpath","value":"//header/div/div[2]/div[2]/span"}
RESULT: {"using":"xpath","value":"//header/div/div[2]/div[2]/span"}
COMMAND: GET /session/2fbb17261cc6fb074d1493bb698829b1/element/f.73F923247D4A980C1D654B50CBD09E00.d.341C4F356AA23FDDA7B245E013BAAF2F.e.826/text - {}
RESULT: {}
COMMAND: POST /session/2fbb17261cc6fb074d1493bb698829b1/execute/async - {"script":"<script> [1562 bytes]","args":[{"selector":{"controlType":"sap.m.OverflowToolbarButton","viewName":"etm.portal.ui.manageyards.view.Detail","viewId":"application-manageyards-display-component---detailYard","i18NText":{"propertyName":"tooltip","key":"closeColumn"},"interaction":{"idSuffix":"inner"}},"wdio_ui5_key":"etmportal.ui.manageyards.view.Detailsap.m.OverflowToolbarButton{\"propertyName\":\"tooltip\",\"key\":\"closeColumn\"}"}]}
RESULT: {"script":"<script> [1562 bytes]","args":[{"selector":{"controlType":"sap.m.OverflowToolbarButton","viewName":"etm.portal.ui.manageyards.view.Detail","viewId":"application-manageyards-display-component---detailYard","i18NText":{"propertyName":"tooltip","key":"closeColumn"},"interaction":{"idSuffix":"inner"}},"wdio_ui5_key":"etmportal.ui.manageyards.view.Detailsap.m.OverflowToolbarButton{\"propertyName\":\"tooltip\",\"key\":\"closeColumn\"}"}]}
RESULT: undefined
COMMAND: POST /session/2fbb17261cc6fb074d1493bb698829b1/element - {"using":"xpath","value":"//*[@id=\"__button42\"]"}
RESULT: {"using":"xpath","value":"//*[@id=\"__button42\"]"}
COMMAND: POST /session/2fbb17261cc6fb074d1493bb698829b1/element/f.73F923247D4A980C1D654B50CBD09E00.d.341C4F356AA23FDDA7B245E013BAAF2F.e.828/click - {}
RESULT: {}
COMMAND: GET /session/2fbb17261cc6fb074d1493bb698829b1/screenshot - {}
RESULT: {}
COMMAND: POST /session/2fbb17261cc6fb074d1493bb698829b1/element - {"using":"css selector","value":"#shell-header-logo"}
RESULT: {"using":"css selector","value":"#shell-header-logo"}
COMMAND: POST /session/2fbb17261cc6fb074d1493bb698829b1/element/f.73F923247D4A980C1D654B50CBD09E00.d.341C4F356AA23FDDA7B245E013BAAF2F.e.117/click - {}
RESULT: {}
COMMAND: GET /session/2fbb17261cc6fb074d1493bb698829b1/screenshot - {}
RESULT: {}
COMMAND: POST /session/2fbb17261cc6fb074d1493bb698829b1/refresh - {}
RESULT: {}
COMMAND: GET /session/2fbb17261cc6fb074d1493bb698829b1/screenshot - {}
RESULT: {}
COMMAND: POST /session/2fbb17261cc6fb074d1493bb698829b1/execute/async - {"script":"<script> [189 bytes]","args":[]}
RESULT: {"script":"<script> [189 bytes]","args":[]}
COMMAND: POST /session/2fbb17261cc6fb074d1493bb698829b1/execute/async - {"script":"<script> [123 bytes]","args":[]}
RESULT: {"script":"<script> [123 bytes]","args":[]}
COMMAND: POST /session/2fbb17261cc6fb074d1493bb698829b1/timeouts - {"script":"<number>"}
RESULT: {"script":"<number>"}
COMMAND: GET /session/2fbb17261cc6fb074d1493bb698829b1/timeouts - {}
RESULT: {}
RESULT: undefined
COMMAND: POST /session/2fbb17261cc6fb074d1493bb698829b1/execute/async - {"script":"<script> [2676 bytes]","args":[]}
RESULT: {"script":"<script> [2676 bytes]","args":[]}
COMMAND: POST /session/2fbb17261cc6fb074d1493bb698829b1/execute/async - {"script":"<script> [2342 bytes]","args":[{"protocol":"http","hostname":"0.0.0.0","path":"/","capabilities":{"browserName":"chrome","goog:chromeOptions":{"binary":"C:\\Program Files\\Google\\Chrome\\Application\\chrome.exe","args":["--start-maximized"]}},"logLevel":"warn","connectionRetryTimeout":120000,"connectionRetryCount":3,"logLevels":{},"enableDirectConnect":true,"strictSSL":true,"_":"65 more keys: [\"cacheDir\",\"port\",\"requestedCapabilities\",\"automationProtocol\",\"baseUrl\",\"waitforInterval\",\"waitforTimeout\",\"onReload\",\"beforeCommand\",\"afterCommand\",\"rootDir\",\"specs\",\"suites\",\"exclude\",\"groupLogsByTestSpec\",\"excludeDriverLogs\",\"bail\",\"framework\",\"reporters\",\"services\",\"maxInstances\",\"maxInstancesPerCapability\",\"injectGlobals\",\"filesToWatch\",\"execArgv\",\"runnerEnv\",\"runner\",\"shard\",\"specFileRetries\",\"specFileRetriesDelay\",\"specFileRetriesDeferred\",\"reporterSyncInterval\",\"reporterSyncTimeout\",\"cucumberFeaturesWithLineNumbers\",\"autoCompileOpts\",\"mochaOpts\",\"jasmineOpts\",\"cucumberOpts\",\"onPrepare\",\"onWorkerStart\",\"onWorkerEnd\",\"before\",\"beforeSession\",\"beforeSuite\",\"beforeHook\",\"beforeTest\",\"afterTest\",\"afterHook\",\"afterSuite\",\"afterSession\",\"after\",\"onComplete\",\"beforeAssertion\",\"afterAssertion\",\"beforeFeature\",\"beforeScenario\",\"beforeStep\",\"afterStep\",\"afterScenario\",\"afterFeature\",\"_\",\"suite\",\"$0\",\"ignoredWorkerServices\",\"wdi5\"]"}]}
RESULT: {"script":"<script> [2342 bytes]","args":[{"protocol":"http","hostname":"0.0.0.0","path":"/","capabilities":{"browserName":"chrome","goog:chromeOptions":{"binary":"C:\\Program Files\\Google\\Chrome\\Application\\chrome.exe","args":["--start-maximized"]}},"logLevel":"warn","connectionRetryTimeout":120000,"connectionRetryCount":3,"logLevels":{},"enableDirectConnect":true,"strictSSL":true,"_":"65 more keys: [\"cacheDir\",\"port\",\"requestedCapabilities\",\"automationProtocol\",\"baseUrl\",\"waitforInterval\",\"waitforTimeout\",\"onReload\",\"beforeCommand\",\"afterCommand\",\"rootDir\",\"specs\",\"suites\",\"exclude\",\"groupLogsByTestSpec\",\"excludeDriverLogs\",\"bail\",\"framework\",\"reporters\",\"services\",\"maxInstances\",\"maxInstancesPerCapability\",\"injectGlobals\",\"filesToWatch\",\"execArgv\",\"runnerEnv\",\"runner\",\"shard\",\"specFileRetries\",\"specFileRetriesDelay\",\"specFileRetriesDeferred\",\"reporterSyncInterval\",\"reporterSyncTimeout\",\"cucumberFeaturesWithLineNumbers\",\"autoCompileOpts\",\"mochaOpts\",\"jasmineOpts\",\"cucumberOpts\",\"onPrepare\",\"onWorkerStart\",\"onWorkerEnd\",\"before\",\"beforeSession\",\"beforeSuite\",\"beforeHook\",\"beforeTest\",\"afterTest\",\"afterHook\",\"afterSuite\",\"afterSession\",\"after\",\"onComplete\",\"beforeAssertion\",\"afterAssertion\",\"beforeFeature\",\"beforeScenario\",\"beforeStep\",\"afterStep\",\"afterScenario\",\"afterFeature\",\"_\",\"suite\",\"$0\",\"ignoredWorkerServices\",\"wdi5\"]"}]}
COMMAND: POST /session/2fbb17261cc6fb074d1493bb698829b1/execute/async - {"script":"<script> [21126 bytes]","args":[35000]}
RESULT: {"script":"<script> [21126 bytes]","args":[35000]}
]]></system-out>
    </testcase>
    <testcase classname="chrome.136_0_7103_93.windows.Manage_Requests_Tags_Tests_US120163" name="Should create a new partner" time="82.164">
      <system-out><![CDATA[
COMMAND: POST /session/2fbb17261cc6fb074d1493bb698829b1/execute/async - {"script":"<script> [1562 bytes]","args":[{"selector":{"controlType":"sap.m.GenericTile","properties":{"header":"Manage Partners"}},"wdio_ui5_key":"sapm.GenericTile{\"header\":\"Manage Partners\"}"}]}
RESULT: {"script":"<script> [1562 bytes]","args":[{"selector":{"controlType":"sap.m.GenericTile","properties":{"header":"Manage Partners"}},"wdio_ui5_key":"sapm.GenericTile{\"header\":\"Manage Partners\"}"}]}
RESULT: undefined
COMMAND: POST /session/2fbb17261cc6fb074d1493bb698829b1/element - {"using":"xpath","value":"//*[@id=\"__tile38\"]"}
RESULT: {"using":"xpath","value":"//*[@id=\"__tile38\"]"}
COMMAND: POST /session/2fbb17261cc6fb074d1493bb698829b1/element/f.73F923247D4A980C1D654B50CBD09E00.d.525711BF6494F53CFBB50AED896A8F72.e.1186/click - {}
RESULT: {}
COMMAND: GET /session/2fbb17261cc6fb074d1493bb698829b1/screenshot - {}
RESULT: {}
COMMAND: POST /session/2fbb17261cc6fb074d1493bb698829b1/elements - {"using":"xpath","value":"//span[text()='Error']"}
RESULT: {"using":"xpath","value":"//span[text()='Error']"}
COMMAND: POST /session/2fbb17261cc6fb074d1493bb698829b1/execute/async - {"script":"<script> [1562 bytes]","args":[{"selector":{"controlType":"sap.ui.core.Icon","viewName":"etm.portal.ui.managepartners.view.Master","viewId":"application-managepartners-display-component---masterPtm","properties":{"src":{"regex":{"source":"add"}}}},"wdio_ui5_key":"etmportal.ui.managepartners.view.Mastersap.ui.core.Icon{\"src\":{\"regex\":{\"source\":\"add\"}}}"}]}
RESULT: {"script":"<script> [1562 bytes]","args":[{"selector":{"controlType":"sap.ui.core.Icon","viewName":"etm.portal.ui.managepartners.view.Master","viewId":"application-managepartners-display-component---masterPtm","properties":{"src":{"regex":{"source":"add"}}}},"wdio_ui5_key":"etmportal.ui.managepartners.view.Mastersap.ui.core.Icon{\"src\":{\"regex\":{\"source\":\"add\"}}}"}]}
RESULT: undefined
COMMAND: POST /session/2fbb17261cc6fb074d1493bb698829b1/element - {"using":"xpath","value":"//*[@id=\"__button4-img\"]"}
RESULT: {"using":"xpath","value":"//*[@id=\"__button4-img\"]"}
COMMAND: POST /session/2fbb17261cc6fb074d1493bb698829b1/element/f.73F923247D4A980C1D654B50CBD09E00.d.525711BF6494F53CFBB50AED896A8F72.e.1236/click - {}
RESULT: {}
COMMAND: GET /session/2fbb17261cc6fb074d1493bb698829b1/screenshot - {}
RESULT: {}
COMMAND: POST /session/2fbb17261cc6fb074d1493bb698829b1/execute/async - {"script":"<script> [1562 bytes]","args":[{"selector":{"id":"application-managepartners-display-component---NewPartner--partnerId","interaction":{"idSuffix":"inner"}},"wdio_ui5_key":"applicationmanagepartners-display-component---NewPartner--partnerId"}]}
RESULT: {"script":"<script> [1562 bytes]","args":[{"selector":{"id":"application-managepartners-display-component---NewPartner--partnerId","interaction":{"idSuffix":"inner"}},"wdio_ui5_key":"applicationmanagepartners-display-component---NewPartner--partnerId"}]}
RESULT: undefined
COMMAND: POST /session/2fbb17261cc6fb074d1493bb698829b1/execute/async - {"script":"<script> [1562 bytes]","args":[{"selector":{"id":"application-managepartners-display-component---NewPartner--addressDetailDetailsName1","interaction":{"idSuffix":"inner"}},"wdio_ui5_key":"applicationmanagepartners-display-component---NewPartner--addressDetailDetailsName1"}]}
RESULT: {"script":"<script> [1562 bytes]","args":[{"selector":{"id":"application-managepartners-display-component---NewPartner--addressDetailDetailsName1","interaction":{"idSuffix":"inner"}},"wdio_ui5_key":"applicationmanagepartners-display-component---NewPartner--addressDetailDetailsName1"}]}
RESULT: undefined
COMMAND: POST /session/2fbb17261cc6fb074d1493bb698829b1/execute/async - {"script":"<script> [776 bytes]","args":[{"enterText":"WebdriverPartner6lsih","selector":{"id":"application-managepartners-display-component---NewPartner--addressDetailDetailsName1","interaction":{"idSuffix":"inner"}},"clearTextFirst":true,"interactionType":"ENTER_TEXT"}]}
RESULT: {"script":"<script> [776 bytes]","args":[{"enterText":"WebdriverPartner6lsih","selector":{"id":"application-managepartners-display-component---NewPartner--addressDetailDetailsName1","interaction":{"idSuffix":"inner"}},"clearTextFirst":true,"interactionType":"ENTER_TEXT"}]}
COMMAND: POST /session/2fbb17261cc6fb074d1493bb698829b1/execute/async - {"script":"<script> [1562 bytes]","args":[{"selector":{"id":"application-managepartners-display-component---NewPartner--addressDetailDetailsLanguage","interaction":{"idSuffix":"inner"}},"wdio_ui5_key":"applicationmanagepartners-display-component---NewPartner--addressDetailDetailsLanguage"}]}
RESULT: {"script":"<script> [1562 bytes]","args":[{"selector":{"id":"application-managepartners-display-component---NewPartner--addressDetailDetailsLanguage","interaction":{"idSuffix":"inner"}},"wdio_ui5_key":"applicationmanagepartners-display-component---NewPartner--addressDetailDetailsLanguage"}]}
RESULT: undefined
COMMAND: POST /session/2fbb17261cc6fb074d1493bb698829b1/execute/async - {"script":"<script> [776 bytes]","args":[{"enterText":"Romanian","selector":{"id":"application-managepartners-display-component---NewPartner--addressDetailDetailsLanguage","interaction":{"idSuffix":"inner"}},"clearTextFirst":true,"interactionType":"ENTER_TEXT"}]}
RESULT: {"script":"<script> [776 bytes]","args":[{"enterText":"Romanian","selector":{"id":"application-managepartners-display-component---NewPartner--addressDetailDetailsLanguage","interaction":{"idSuffix":"inner"}},"clearTextFirst":true,"interactionType":"ENTER_TEXT"}]}
COMMAND: POST /session/2fbb17261cc6fb074d1493bb698829b1/element - {"using":"xpath","value":"//input[contains(@id ,\"application-managepartners-display-component---NewPartner--addressDetailDetailsName1-inner\")]"}
RESULT: {"using":"xpath","value":"//input[contains(@id ,\"application-managepartners-display-component---NewPartner--addressDetailDetailsName1-inner\")]"}
COMMAND: GET /session/2fbb17261cc6fb074d1493bb698829b1/element/f.73F923247D4A980C1D654B50CBD09E00.d.525711BF6494F53CFBB50AED896A8F72.e.1398/property/value - {}
RESULT: {}
COMMAND: POST /session/2fbb17261cc6fb074d1493bb698829b1/execute/async - {"script":"<script> [1562 bytes]","args":[{"selector":{"id":"application-managepartners-display-component---NewPartner--addressDetailDetailsCity1","interaction":{"idSuffix":"inner"}},"wdio_ui5_key":"applicationmanagepartners-display-component---NewPartner--addressDetailDetailsCity1"}]}
COMMAND: GET /session/2fbb17261cc6fb074d1493bb698829b1/screenshot - {}
RESULT: {"script":"<script> [1562 bytes]","args":[{"selector":{"id":"application-managepartners-display-component---NewPartner--addressDetailDetailsCity1","interaction":{"idSuffix":"inner"}},"wdio_ui5_key":"applicationmanagepartners-display-component---NewPartner--addressDetailDetailsCity1"}]}
RESULT: undefined
COMMAND: POST /session/2fbb17261cc6fb074d1493bb698829b1/execute/async - {"script":"<script> [776 bytes]","args":[{"enterText":"Bucharest","selector":{"id":"application-managepartners-display-component---NewPartner--addressDetailDetailsCity1","interaction":{"idSuffix":"inner"}},"clearTextFirst":true,"interactionType":"ENTER_TEXT"}]}
RESULT: {}
RESULT: {"script":"<script> [776 bytes]","args":[{"enterText":"Bucharest","selector":{"id":"application-managepartners-display-component---NewPartner--addressDetailDetailsCity1","interaction":{"idSuffix":"inner"}},"clearTextFirst":true,"interactionType":"ENTER_TEXT"}]}
COMMAND: POST /session/2fbb17261cc6fb074d1493bb698829b1/execute/async - {"script":"<script> [1562 bytes]","args":[{"selector":{"id":"application-managepartners-display-component---NewPartner--addressDetailDetailsCountry","interaction":{"idSuffix":"inner"}},"wdio_ui5_key":"applicationmanagepartners-display-component---NewPartner--addressDetailDetailsCountry"}]}
RESULT: {"script":"<script> [1562 bytes]","args":[{"selector":{"id":"application-managepartners-display-component---NewPartner--addressDetailDetailsCountry","interaction":{"idSuffix":"inner"}},"wdio_ui5_key":"applicationmanagepartners-display-component---NewPartner--addressDetailDetailsCountry"}]}
RESULT: undefined
COMMAND: POST /session/2fbb17261cc6fb074d1493bb698829b1/execute/async - {"script":"<script> [6424 bytes]","args":[{"element-6066-11e4-a52e-4f735466cecf":"f.73F923247D4A980C1D654B50CBD09E00.d.525711BF6494F53CFBB50AED896A8F72.e.1405"},"setValue",["Romania"]]}
RESULT: {"script":"<script> [6424 bytes]","args":[{"element-6066-11e4-a52e-4f735466cecf":"f.73F923247D4A980C1D654B50CBD09E00.d.525711BF6494F53CFBB50AED896A8F72.e.1405"},"setValue",["Romania"]]}
COMMAND: POST /session/2fbb17261cc6fb074d1493bb698829b1/execute/async - {"script":"<script> [1562 bytes]","args":[{"selector":{"id":"application-managepartners-display-component---NewPartner--partnerDetailInternal","interaction":{"idSuffix":"inner"}},"wdio_ui5_key":"applicationmanagepartners-display-component---NewPartner--partnerDetailInternal"}]}
RESULT: {"script":"<script> [1562 bytes]","args":[{"selector":{"id":"application-managepartners-display-component---NewPartner--partnerDetailInternal","interaction":{"idSuffix":"inner"}},"wdio_ui5_key":"applicationmanagepartners-display-component---NewPartner--partnerDetailInternal"}]}
RESULT: undefined
COMMAND: POST /session/2fbb17261cc6fb074d1493bb698829b1/execute/async - {"script":"<script> [776 bytes]","args":[{"enterText":"External partner","selector":{"id":"application-managepartners-display-component---NewPartner--partnerDetailInternal","interaction":{"idSuffix":"inner"}},"clearTextFirst":true,"interactionType":"ENTER_TEXT"}]}
RESULT: {"script":"<script> [776 bytes]","args":[{"enterText":"External partner","selector":{"id":"application-managepartners-display-component---NewPartner--partnerDetailInternal","interaction":{"idSuffix":"inner"}},"clearTextFirst":true,"interactionType":"ENTER_TEXT"}]}
COMMAND: POST /session/2fbb17261cc6fb074d1493bb698829b1/execute/async - {"script":"<script> [1562 bytes]","args":[{"selector":{"id":"application-managepartners-display-component---NewPartner--partnerDetailsCurrency","interaction":{"idSuffix":"inner"}},"wdio_ui5_key":"applicationmanagepartners-display-component---NewPartner--partnerDetailsCurrency"}]}
RESULT: {"script":"<script> [1562 bytes]","args":[{"selector":{"id":"application-managepartners-display-component---NewPartner--partnerDetailsCurrency","interaction":{"idSuffix":"inner"}},"wdio_ui5_key":"applicationmanagepartners-display-component---NewPartner--partnerDetailsCurrency"}]}
RESULT: undefined
COMMAND: POST /session/2fbb17261cc6fb074d1493bb698829b1/execute/async - {"script":"<script> [776 bytes]","args":[{"enterText":"Euro","selector":{"id":"application-managepartners-display-component---NewPartner--partnerDetailsCurrency","interaction":{"idSuffix":"inner"}},"clearTextFirst":true,"interactionType":"ENTER_TEXT"}]}
RESULT: {"script":"<script> [776 bytes]","args":[{"enterText":"Euro","selector":{"id":"application-managepartners-display-component---NewPartner--partnerDetailsCurrency","interaction":{"idSuffix":"inner"}},"clearTextFirst":true,"interactionType":"ENTER_TEXT"}]}
COMMAND: POST /session/2fbb17261cc6fb074d1493bb698829b1/execute/async - {"script":"<script> [1562 bytes]","args":[{"selector":{"controlType":"sap.m.Button","viewName":"etm.portal.ui.managepartners.view.NewPartner","viewId":"application-managepartners-display-component---NewPartner","properties":{"text":"Commercial"},"interaction":{"idSuffix":"BDI-content"}},"wdio_ui5_key":"etmportal.ui.managepartners.view.NewPartnersap.m.Button{\"text\":\"Commercial\"}"}]}
RESULT: {"script":"<script> [1562 bytes]","args":[{"selector":{"controlType":"sap.m.Button","viewName":"etm.portal.ui.managepartners.view.NewPartner","viewId":"application-managepartners-display-component---NewPartner","properties":{"text":"Commercial"},"interaction":{"idSuffix":"BDI-content"}},"wdio_ui5_key":"etmportal.ui.managepartners.view.NewPartnersap.m.Button{\"text\":\"Commercial\"}"}]}
RESULT: undefined
COMMAND: POST /session/2fbb17261cc6fb074d1493bb698829b1/element - {"using":"xpath","value":"//*[@id=\"application-managepartners-display-component---NewPartner--ObjectPageLayout-anchBar-__section5-anchor\"]"}
RESULT: {"using":"xpath","value":"//*[@id=\"application-managepartners-display-component---NewPartner--ObjectPageLayout-anchBar-__section5-anchor\"]"}
COMMAND: POST /session/2fbb17261cc6fb074d1493bb698829b1/element/f.73F923247D4A980C1D654B50CBD09E00.d.525711BF6494F53CFBB50AED896A8F72.e.1640/click - {}
RESULT: {}
COMMAND: GET /session/2fbb17261cc6fb074d1493bb698829b1/screenshot - {}
RESULT: {}
COMMAND: POST /session/2fbb17261cc6fb074d1493bb698829b1/execute/async - {"script":"<script> [1562 bytes]","args":[{"selector":{"id":"application-managepartners-display-component---NewPartner--btnAddTableRow-img"},"wdio_ui5_key":"applicationmanagepartners-display-component---NewPartner--btnAddTableRow-img"}]}
RESULT: {"script":"<script> [1562 bytes]","args":[{"selector":{"id":"application-managepartners-display-component---NewPartner--btnAddTableRow-img"},"wdio_ui5_key":"applicationmanagepartners-display-component---NewPartner--btnAddTableRow-img"}]}
RESULT: undefined
COMMAND: POST /session/2fbb17261cc6fb074d1493bb698829b1/element - {"using":"xpath","value":"//*[@id=\"application-managepartners-display-component---NewPartner--btnAddTableRow-img\"]"}
RESULT: {"using":"xpath","value":"//*[@id=\"application-managepartners-display-component---NewPartner--btnAddTableRow-img\"]"}
COMMAND: POST /session/2fbb17261cc6fb074d1493bb698829b1/element/f.73F923247D4A980C1D654B50CBD09E00.d.525711BF6494F53CFBB50AED896A8F72.e.1646/click - {}
RESULT: {}
COMMAND: POST /session/2fbb17261cc6fb074d1493bb698829b1/element - {"using":"xpath","value":"//input[contains(@id ,\"application-managepartners-display-component---NewPartner--assignmentYard-application-managepartners-display-component---NewPartner\")]"}
COMMAND: GET /session/2fbb17261cc6fb074d1493bb698829b1/screenshot - {}
RESULT: {"using":"xpath","value":"//input[contains(@id ,\"application-managepartners-display-component---NewPartner--assignmentYard-application-managepartners-display-component---NewPartner\")]"}
COMMAND: POST /session/2fbb17261cc6fb074d1493bb698829b1/element/f.73F923247D4A980C1D654B50CBD09E00.d.525711BF6494F53CFBB50AED896A8F72.e.1650/clear - {}
RESULT: {}
RESULT: {}
COMMAND: POST /session/2fbb17261cc6fb074d1493bb698829b1/element/f.73F923247D4A980C1D654B50CBD09E00.d.525711BF6494F53CFBB50AED896A8F72.e.1650/value - {"text":"WebdriverYardh82nxi"}
COMMAND: GET /session/2fbb17261cc6fb074d1493bb698829b1/screenshot - {}
RESULT: {"text":"WebdriverYardh82nxi"}
COMMAND: GET /session/2fbb17261cc6fb074d1493bb698829b1/screenshot - {}
RESULT: {}
RESULT: {}
COMMAND: POST /session/2fbb17261cc6fb074d1493bb698829b1/execute/async - {"script":"<script> [1562 bytes]","args":[{"selector":{"controlType":"sap.m.Button","viewName":"etm.portal.ui.managepartners.view.NewPartner","viewId":"application-managepartners-display-component---NewPartner","i18NText":{"propertyName":"text","key":"save"},"interaction":{"idSuffix":"BDI-content"}},"wdio_ui5_key":"etmportal.ui.managepartners.view.NewPartnersap.m.Button{\"propertyName\":\"text\",\"key\":\"save\"}"}]}
RESULT: {"script":"<script> [1562 bytes]","args":[{"selector":{"controlType":"sap.m.Button","viewName":"etm.portal.ui.managepartners.view.NewPartner","viewId":"application-managepartners-display-component---NewPartner","i18NText":{"propertyName":"text","key":"save"},"interaction":{"idSuffix":"BDI-content"}},"wdio_ui5_key":"etmportal.ui.managepartners.view.NewPartnersap.m.Button{\"propertyName\":\"text\",\"key\":\"save\"}"}]}
RESULT: undefined
COMMAND: POST /session/2fbb17261cc6fb074d1493bb698829b1/element - {"using":"xpath","value":"//*[@id=\"__button12\"]"}
RESULT: {"using":"xpath","value":"//*[@id=\"__button12\"]"}
COMMAND: POST /session/2fbb17261cc6fb074d1493bb698829b1/element/f.73F923247D4A980C1D654B50CBD09E00.d.525711BF6494F53CFBB50AED896A8F72.e.1580/click - {}
RESULT: {}
COMMAND: GET /session/2fbb17261cc6fb074d1493bb698829b1/screenshot - {}
RESULT: {}
COMMAND: POST /session/2fbb17261cc6fb074d1493bb698829b1/element - {"using":"xpath","value":"//header/div/div[2]/div[2]/span"}
RESULT: {"using":"xpath","value":"//header/div/div[2]/div[2]/span"}
COMMAND: GET /session/2fbb17261cc6fb074d1493bb698829b1/element/f.73F923247D4A980C1D654B50CBD09E00.d.525711BF6494F53CFBB50AED896A8F72.e.1807/text - {}
RESULT: {}
COMMAND: POST /session/2fbb17261cc6fb074d1493bb698829b1/element - {"using":"xpath","value":"//header/div/div/div/div/div/div[2]/div/span"}
RESULT: {"using":"xpath","value":"//header/div/div/div/div/div/div[2]/div/span"}
COMMAND: GET /session/2fbb17261cc6fb074d1493bb698829b1/element/f.73F923247D4A980C1D654B50CBD09E00.d.525711BF6494F53CFBB50AED896A8F72.e.1808/text - {}
RESULT: {}
COMMAND: POST /session/2fbb17261cc6fb074d1493bb698829b1/execute/async - {"script":"<script> [1562 bytes]","args":[{"selector":{"id":"application-managepartners-display-component---detailPtm--partnerType"},"wdio_ui5_key":"applicationmanagepartners-display-component---detailPtm--partnerType"}]}
RESULT: {"script":"<script> [1562 bytes]","args":[{"selector":{"id":"application-managepartners-display-component---detailPtm--partnerType"},"wdio_ui5_key":"applicationmanagepartners-display-component---detailPtm--partnerType"}]}
RESULT: undefined
COMMAND: POST /session/2fbb17261cc6fb074d1493bb698829b1/execute/async - {"script":"<script> [6424 bytes]","args":[{"element-6066-11e4-a52e-4f735466cecf":"f.73F923247D4A980C1D654B50CBD09E00.d.525711BF6494F53CFBB50AED896A8F72.e.1809"},"getText",[]]}
RESULT: {"script":"<script> [6424 bytes]","args":[{"element-6066-11e4-a52e-4f735466cecf":"f.73F923247D4A980C1D654B50CBD09E00.d.525711BF6494F53CFBB50AED896A8F72.e.1809"},"getText",[]]}
COMMAND: POST /session/2fbb17261cc6fb074d1493bb698829b1/element - {"using":"css selector","value":"#shell-header-logo"}
RESULT: {"using":"css selector","value":"#shell-header-logo"}
COMMAND: POST /session/2fbb17261cc6fb074d1493bb698829b1/element/f.73F923247D4A980C1D654B50CBD09E00.d.525711BF6494F53CFBB50AED896A8F72.e.1188/click - {}
RESULT: {}
COMMAND: GET /session/2fbb17261cc6fb074d1493bb698829b1/screenshot - {}
RESULT: {}
]]></system-out>
    </testcase>
    <testcase classname="chrome.136_0_7103_93.windows.Manage_Requests_Tags_Tests_US120163" name="Should create a new site" time="97.294">
      <system-out><![CDATA[
COMMAND: POST /session/2fbb17261cc6fb074d1493bb698829b1/execute/async - {"script":"<script> [1562 bytes]","args":[{"selector":{"controlType":"sap.m.GenericTile","properties":{"header":"Manage Sites"}},"wdio_ui5_key":"sapm.GenericTile{\"header\":\"Manage Sites\"}"}]}
RESULT: {"script":"<script> [1562 bytes]","args":[{"selector":{"controlType":"sap.m.GenericTile","properties":{"header":"Manage Sites"}},"wdio_ui5_key":"sapm.GenericTile{\"header\":\"Manage Sites\"}"}]}
RESULT: undefined
COMMAND: POST /session/2fbb17261cc6fb074d1493bb698829b1/element - {"using":"xpath","value":"//*[@id=\"__tile40\"]"}
RESULT: {"using":"xpath","value":"//*[@id=\"__tile40\"]"}
COMMAND: POST /session/2fbb17261cc6fb074d1493bb698829b1/element/f.73F923247D4A980C1D654B50CBD09E00.d.525711BF6494F53CFBB50AED896A8F72.e.1174/click - {}
RESULT: {}
COMMAND: GET /session/2fbb17261cc6fb074d1493bb698829b1/screenshot - {}
RESULT: {}
COMMAND: POST /session/2fbb17261cc6fb074d1493bb698829b1/elements - {"using":"xpath","value":"//span[text()='Error']"}
RESULT: {"using":"xpath","value":"//span[text()='Error']"}
COMMAND: POST /session/2fbb17261cc6fb074d1493bb698829b1/execute/async - {"script":"<script> [1562 bytes]","args":[{"selector":{"controlType":"sap.ui.core.Icon","viewName":"etm.portal.ui.managesites.view.Master","viewId":"application-managesites-display-component---masterSite","properties":{"src":{"regex":{"source":"add"}}}},"wdio_ui5_key":"etmportal.ui.managesites.view.Mastersap.ui.core.Icon{\"src\":{\"regex\":{\"source\":\"add\"}}}"}]}
RESULT: {"script":"<script> [1562 bytes]","args":[{"selector":{"controlType":"sap.ui.core.Icon","viewName":"etm.portal.ui.managesites.view.Master","viewId":"application-managesites-display-component---masterSite","properties":{"src":{"regex":{"source":"add"}}}},"wdio_ui5_key":"etmportal.ui.managesites.view.Mastersap.ui.core.Icon{\"src\":{\"regex\":{\"source\":\"add\"}}}"}]}
RESULT: undefined
COMMAND: POST /session/2fbb17261cc6fb074d1493bb698829b1/element - {"using":"xpath","value":"//*[@id=\"__button52-img\"]"}
RESULT: {"using":"xpath","value":"//*[@id=\"__button52-img\"]"}
COMMAND: POST /session/2fbb17261cc6fb074d1493bb698829b1/element/f.73F923247D4A980C1D654B50CBD09E00.d.525711BF6494F53CFBB50AED896A8F72.e.1859/click - {}
RESULT: {}
COMMAND: POST /session/2fbb17261cc6fb074d1493bb698829b1/execute/async - {"script":"<script> [1562 bytes]","args":[{"selector":{"id":"application-managesites-display-component---NewSite--siteId","interaction":{"idSuffix":"inner"}},"wdio_ui5_key":"applicationmanagesites-display-component---NewSite--siteId"}]}
COMMAND: GET /session/2fbb17261cc6fb074d1493bb698829b1/screenshot - {}
RESULT: {"script":"<script> [1562 bytes]","args":[{"selector":{"id":"application-managesites-display-component---NewSite--siteId","interaction":{"idSuffix":"inner"}},"wdio_ui5_key":"applicationmanagesites-display-component---NewSite--siteId"}]}
RESULT: undefined
COMMAND: POST /session/2fbb17261cc6fb074d1493bb698829b1/execute/async - {"script":"<script> [1562 bytes]","args":[{"selector":{"id":"application-managesites-display-component---NewSite--addressDetailDetailsName1","interaction":{"idSuffix":"inner"}},"wdio_ui5_key":"applicationmanagesites-display-component---NewSite--addressDetailDetailsName1"}]}
RESULT: {}
RESULT: {"script":"<script> [1562 bytes]","args":[{"selector":{"id":"application-managesites-display-component---NewSite--addressDetailDetailsName1","interaction":{"idSuffix":"inner"}},"wdio_ui5_key":"applicationmanagesites-display-component---NewSite--addressDetailDetailsName1"}]}
RESULT: undefined
COMMAND: POST /session/2fbb17261cc6fb074d1493bb698829b1/execute/async - {"script":"<script> [776 bytes]","args":[{"enterText":"WebdriverSitefc5qkg","selector":{"id":"application-managesites-display-component---NewSite--addressDetailDetailsName1","interaction":{"idSuffix":"inner"}},"clearTextFirst":true,"interactionType":"ENTER_TEXT"}]}
RESULT: {"script":"<script> [776 bytes]","args":[{"enterText":"WebdriverSitefc5qkg","selector":{"id":"application-managesites-display-component---NewSite--addressDetailDetailsName1","interaction":{"idSuffix":"inner"}},"clearTextFirst":true,"interactionType":"ENTER_TEXT"}]}
COMMAND: POST /session/2fbb17261cc6fb074d1493bb698829b1/execute/async - {"script":"<script> [1562 bytes]","args":[{"selector":{"id":"application-managesites-display-component---NewSite--addressDetailDetailsLanguage","interaction":{"idSuffix":"inner"}},"wdio_ui5_key":"applicationmanagesites-display-component---NewSite--addressDetailDetailsLanguage"}]}
RESULT: {"script":"<script> [1562 bytes]","args":[{"selector":{"id":"application-managesites-display-component---NewSite--addressDetailDetailsLanguage","interaction":{"idSuffix":"inner"}},"wdio_ui5_key":"applicationmanagesites-display-component---NewSite--addressDetailDetailsLanguage"}]}
RESULT: undefined
COMMAND: POST /session/2fbb17261cc6fb074d1493bb698829b1/execute/async - {"script":"<script> [776 bytes]","args":[{"enterText":"Romanian","selector":{"id":"application-managesites-display-component---NewSite--addressDetailDetailsLanguage","interaction":{"idSuffix":"inner"}},"clearTextFirst":true,"interactionType":"ENTER_TEXT"}]}
RESULT: {"script":"<script> [776 bytes]","args":[{"enterText":"Romanian","selector":{"id":"application-managesites-display-component---NewSite--addressDetailDetailsLanguage","interaction":{"idSuffix":"inner"}},"clearTextFirst":true,"interactionType":"ENTER_TEXT"}]}
COMMAND: POST /session/2fbb17261cc6fb074d1493bb698829b1/execute/async - {"script":"<script> [1562 bytes]","args":[{"selector":{"id":"application-managesites-display-component---NewSite--addressDetailDetailsCity1","interaction":{"idSuffix":"inner"}},"wdio_ui5_key":"applicationmanagesites-display-component---NewSite--addressDetailDetailsCity1"}]}
RESULT: {"script":"<script> [1562 bytes]","args":[{"selector":{"id":"application-managesites-display-component---NewSite--addressDetailDetailsCity1","interaction":{"idSuffix":"inner"}},"wdio_ui5_key":"applicationmanagesites-display-component---NewSite--addressDetailDetailsCity1"}]}
RESULT: undefined
COMMAND: POST /session/2fbb17261cc6fb074d1493bb698829b1/execute/async - {"script":"<script> [776 bytes]","args":[{"enterText":"Bucharest","selector":{"id":"application-managesites-display-component---NewSite--addressDetailDetailsCity1","interaction":{"idSuffix":"inner"}},"clearTextFirst":true,"interactionType":"ENTER_TEXT"}]}
RESULT: {"script":"<script> [776 bytes]","args":[{"enterText":"Bucharest","selector":{"id":"application-managesites-display-component---NewSite--addressDetailDetailsCity1","interaction":{"idSuffix":"inner"}},"clearTextFirst":true,"interactionType":"ENTER_TEXT"}]}
COMMAND: POST /session/2fbb17261cc6fb074d1493bb698829b1/execute/async - {"script":"<script> [1562 bytes]","args":[{"selector":{"id":"application-managesites-display-component---NewSite--addressDetailDetailsCountry","interaction":{"idSuffix":"inner"}},"wdio_ui5_key":"applicationmanagesites-display-component---NewSite--addressDetailDetailsCountry"}]}
RESULT: {"script":"<script> [1562 bytes]","args":[{"selector":{"id":"application-managesites-display-component---NewSite--addressDetailDetailsCountry","interaction":{"idSuffix":"inner"}},"wdio_ui5_key":"applicationmanagesites-display-component---NewSite--addressDetailDetailsCountry"}]}
RESULT: undefined
COMMAND: POST /session/2fbb17261cc6fb074d1493bb698829b1/execute/async - {"script":"<script> [776 bytes]","args":[{"enterText":"Romania","selector":{"id":"application-managesites-display-component---NewSite--addressDetailDetailsCountry","interaction":{"idSuffix":"inner"}},"clearTextFirst":true,"interactionType":"ENTER_TEXT"}]}
RESULT: {"script":"<script> [776 bytes]","args":[{"enterText":"Romania","selector":{"id":"application-managesites-display-component---NewSite--addressDetailDetailsCountry","interaction":{"idSuffix":"inner"}},"clearTextFirst":true,"interactionType":"ENTER_TEXT"}]}
COMMAND: POST /session/2fbb17261cc6fb074d1493bb698829b1/element - {"using":"css selector","value":"#application-managesites-display-component---NewSite--addressDetailDetailsCalendar-inner"}
RESULT: {"using":"css selector","value":"#application-managesites-display-component---NewSite--addressDetailDetailsCalendar-inner"}
COMMAND: POST /session/2fbb17261cc6fb074d1493bb698829b1/element/f.73F923247D4A980C1D654B50CBD09E00.d.525711BF6494F53CFBB50AED896A8F72.e.2088/clear - {}
RESULT: {}
COMMAND: POST /session/2fbb17261cc6fb074d1493bb698829b1/element/f.73F923247D4A980C1D654B50CBD09E00.d.525711BF6494F53CFBB50AED896A8F72.e.2088/value - {"text":"Germany"}
COMMAND: GET /session/2fbb17261cc6fb074d1493bb698829b1/screenshot - {}
RESULT: {"text":"Germany"}
COMMAND: POST /session/2fbb17261cc6fb074d1493bb698829b1/execute/async - {"script":"<script> [1562 bytes]","args":[{"selector":{"id":"application-managesites-display-component---NewSite--addressEditDetailsCostObjectCstType-arrow"},"wdio_ui5_key":"applicationmanagesites-display-component---NewSite--addressEditDetailsCostObjectCstType-arrow"}]}
COMMAND: GET /session/2fbb17261cc6fb074d1493bb698829b1/screenshot - {}
RESULT: {}
RESULT: {"script":"<script> [1562 bytes]","args":[{"selector":{"id":"application-managesites-display-component---NewSite--addressEditDetailsCostObjectCstType-arrow"},"wdio_ui5_key":"applicationmanagesites-display-component---NewSite--addressEditDetailsCostObjectCstType-arrow"}]}
RESULT: undefined
COMMAND: POST /session/2fbb17261cc6fb074d1493bb698829b1/element - {"using":"xpath","value":"//*[@id=\"application-managesites-display-component---NewSite--addressEditDetailsCostObjectCstType-arrow\"]"}
RESULT: {}
RESULT: {"using":"xpath","value":"//*[@id=\"application-managesites-display-component---NewSite--addressEditDetailsCostObjectCstType-arrow\"]"}
COMMAND: POST /session/2fbb17261cc6fb074d1493bb698829b1/element/f.73F923247D4A980C1D654B50CBD09E00.d.525711BF6494F53CFBB50AED896A8F72.e.2226/click - {}
RESULT: {}
COMMAND: POST /session/2fbb17261cc6fb074d1493bb698829b1/element - {"using":"xpath","value":"//span[contains(text(), \"Work Breakdown Structure\")]"}
COMMAND: GET /session/2fbb17261cc6fb074d1493bb698829b1/screenshot - {}
RESULT: {"using":"xpath","value":"//span[contains(text(), \"Work Breakdown Structure\")]"}
COMMAND: POST /session/2fbb17261cc6fb074d1493bb698829b1/element/f.73F923247D4A980C1D654B50CBD09E00.d.525711BF6494F53CFBB50AED896A8F72.e.2227/click - {}
RESULT: {}
RESULT: {}
COMMAND: GET /session/2fbb17261cc6fb074d1493bb698829b1/screenshot - {}
RESULT: {}
COMMAND: POST /session/2fbb17261cc6fb074d1493bb698829b1/execute/async - {"script":"<script> [1562 bytes]","args":[{"selector":{"id":"application-managesites-display-component---NewSite--addressNewCostObjectCstID-vhi"},"wdio_ui5_key":"applicationmanagesites-display-component---NewSite--addressNewCostObjectCstID-vhi"}]}
RESULT: {"script":"<script> [1562 bytes]","args":[{"selector":{"id":"application-managesites-display-component---NewSite--addressNewCostObjectCstID-vhi"},"wdio_ui5_key":"applicationmanagesites-display-component---NewSite--addressNewCostObjectCstID-vhi"}]}
RESULT: undefined
COMMAND: POST /session/2fbb17261cc6fb074d1493bb698829b1/element - {"using":"xpath","value":"//*[@id=\"application-managesites-display-component---NewSite--addressNewCostObjectCstID-vhi\"]"}
RESULT: {"using":"xpath","value":"//*[@id=\"application-managesites-display-component---NewSite--addressNewCostObjectCstID-vhi\"]"}
COMMAND: POST /session/2fbb17261cc6fb074d1493bb698829b1/element/f.73F923247D4A980C1D654B50CBD09E00.d.525711BF6494F53CFBB50AED896A8F72.e.2232/click - {}
RESULT: {}
COMMAND: GET /session/2fbb17261cc6fb074d1493bb698829b1/screenshot - {}
RESULT: {}
COMMAND: POST /session/2fbb17261cc6fb074d1493bb698829b1/execute/async - {"script":"<script> [1562 bytes]","args":[{"selector":{"controlType":"sap.m.SearchField","properties":{"placeholder":"Search"},"searchOpenDialogs":true,"interaction":{"idSuffix":"I"}},"wdio_ui5_key":"sapm.SearchField{\"placeholder\":\"Search\"}"}]}
RESULT: {"script":"<script> [1562 bytes]","args":[{"selector":{"controlType":"sap.m.SearchField","properties":{"placeholder":"Search"},"searchOpenDialogs":true,"interaction":{"idSuffix":"I"}},"wdio_ui5_key":"sapm.SearchField{\"placeholder\":\"Search\"}"}]}
RESULT: undefined
COMMAND: POST /session/2fbb17261cc6fb074d1493bb698829b1/execute/async - {"script":"<script> [776 bytes]","args":[{"enterText":"A1-000100-01","selector":{"controlType":"sap.m.SearchField","properties":{"placeholder":"Search"},"searchOpenDialogs":true,"interaction":{"idSuffix":"I"}},"clearTextFirst":true,"interactionType":"ENTER_TEXT"}]}
RESULT: {"script":"<script> [776 bytes]","args":[{"enterText":"A1-000100-01","selector":{"controlType":"sap.m.SearchField","properties":{"placeholder":"Search"},"searchOpenDialogs":true,"interaction":{"idSuffix":"I"}},"clearTextFirst":true,"interactionType":"ENTER_TEXT"}]}
COMMAND: POST /session/2fbb17261cc6fb074d1493bb698829b1/actions - {"actions":[{"id":"action3","type":"key","parameters":{},"actions":[{"type":"keyDown","value":""},{"type":"pause","duration":10},{"type":"keyUp","value":""}]}]}
RESULT: {"actions":[{"id":"action3","type":"key","parameters":{},"actions":[{"type":"keyDown","value":""},{"type":"pause","duration":10},{"type":"keyUp","value":""}]}]}
COMMAND: GET /session/2fbb17261cc6fb074d1493bb698829b1/screenshot - {}
RESULT: {}
COMMAND: POST /session/2fbb17261cc6fb074d1493bb698829b1/element - {"using":"xpath","value":"//span[contains(text(), \"Template for ETO-Process\")]"}
RESULT: {"using":"xpath","value":"//span[contains(text(), \"Template for ETO-Process\")]"}
COMMAND: POST /session/2fbb17261cc6fb074d1493bb698829b1/element/f.73F923247D4A980C1D654B50CBD09E00.d.525711BF6494F53CFBB50AED896A8F72.e.2252/click - {}
RESULT: {}
COMMAND: GET /session/2fbb17261cc6fb074d1493bb698829b1/screenshot - {}
RESULT: {}
COMMAND: POST /session/2fbb17261cc6fb074d1493bb698829b1/element - {"using":"xpath","value":"//bdi[contains(text(), \"OK\")]"}
RESULT: {"using":"xpath","value":"//bdi[contains(text(), \"OK\")]"}
COMMAND: POST /session/2fbb17261cc6fb074d1493bb698829b1/element/f.73F923247D4A980C1D654B50CBD09E00.d.525711BF6494F53CFBB50AED896A8F72.e.2253/click - {}
RESULT: {}
COMMAND: GET /session/2fbb17261cc6fb074d1493bb698829b1/screenshot - {}
RESULT: {}
COMMAND: POST /session/2fbb17261cc6fb074d1493bb698829b1/element - {"using":"xpath","value":"//input[@id=\"application-managesites-display-component---NewSite--addressDetailDetailsYard-inner\"]"}
RESULT: {"using":"xpath","value":"//input[@id=\"application-managesites-display-component---NewSite--addressDetailDetailsYard-inner\"]"}
COMMAND: POST /session/2fbb17261cc6fb074d1493bb698829b1/element/f.73F923247D4A980C1D654B50CBD09E00.d.525711BF6494F53CFBB50AED896A8F72.e.2089/value - {"text":"WebdriverYardh82nxi"}
RESULT: {"text":"WebdriverYardh82nxi"}
COMMAND: GET /session/2fbb17261cc6fb074d1493bb698829b1/screenshot - {}
RESULT: {}
COMMAND: POST /session/2fbb17261cc6fb074d1493bb698829b1/actions - {"actions":[{"id":"action4","type":"key","parameters":{},"actions":[{"type":"keyDown","value":""},{"type":"pause","duration":10},{"type":"keyUp","value":""}]}]}
RESULT: {"actions":[{"id":"action4","type":"key","parameters":{},"actions":[{"type":"keyDown","value":""},{"type":"pause","duration":10},{"type":"keyUp","value":""}]}]}
COMMAND: GET /session/2fbb17261cc6fb074d1493bb698829b1/screenshot - {}
RESULT: {}
COMMAND: POST /session/2fbb17261cc6fb074d1493bb698829b1/element - {"using":"xpath","value":"//input[@id=\"application-managesites-display-component---NewSite--addressDetailDetailsPartner-inner\"]"}
RESULT: {"using":"xpath","value":"//input[@id=\"application-managesites-display-component---NewSite--addressDetailDetailsPartner-inner\"]"}
COMMAND: POST /session/2fbb17261cc6fb074d1493bb698829b1/elements - {"using":"xpath","value":"//input[@id=\"application-managesites-display-component---NewSite--addressDetailDetailsPartner-inner\"]"}
RESULT: {"using":"xpath","value":"//input[@id=\"application-managesites-display-component---NewSite--addressDetailDetailsPartner-inner\"]"}
COMMAND: POST /session/2fbb17261cc6fb074d1493bb698829b1/execute/async - {"script":"<script> [1562 bytes]","args":[{"selector":{"controlType":"sap.m.Button","viewName":"etm.portal.ui.managesites.view.NewSmartSite","viewId":"application-managesites-display-component---NewSite","properties":{"text":"Commercial"},"interaction":{"idSuffix":"BDI-content"}},"wdio_ui5_key":"etmportal.ui.managesites.view.NewSmartSitesap.m.Button{\"text\":\"Commercial\"}"}]}
RESULT: {"script":"<script> [1562 bytes]","args":[{"selector":{"controlType":"sap.m.Button","viewName":"etm.portal.ui.managesites.view.NewSmartSite","viewId":"application-managesites-display-component---NewSite","properties":{"text":"Commercial"},"interaction":{"idSuffix":"BDI-content"}},"wdio_ui5_key":"etmportal.ui.managesites.view.NewSmartSitesap.m.Button{\"text\":\"Commercial\"}"}]}
RESULT: undefined
COMMAND: POST /session/2fbb17261cc6fb074d1493bb698829b1/element - {"using":"xpath","value":"//*[@id=\"application-managesites-display-component---NewSite--ObjectPageLayout-anchBar-__section31-anchor\"]"}
RESULT: {"using":"xpath","value":"//*[@id=\"application-managesites-display-component---NewSite--ObjectPageLayout-anchBar-__section31-anchor\"]"}
COMMAND: POST /session/2fbb17261cc6fb074d1493bb698829b1/element/f.73F923247D4A980C1D654B50CBD09E00.d.525711BF6494F53CFBB50AED896A8F72.e.2260/click - {}
RESULT: {}
COMMAND: POST /session/2fbb17261cc6fb074d1493bb698829b1/execute/async - {"script":"<script> [1562 bytes]","args":[{"selector":{"controlType":"sap.m.Button","viewName":"etm.portal.ui.managesites.view.NewSmartSite","viewId":"application-managesites-display-component---NewSite","i18NText":{"propertyName":"text","key":"save"},"interaction":{"idSuffix":"BDI-content"}},"wdio_ui5_key":"etmportal.ui.managesites.view.NewSmartSitesap.m.Button{\"propertyName\":\"text\",\"key\":\"save\"}"}]}
COMMAND: GET /session/2fbb17261cc6fb074d1493bb698829b1/screenshot - {}
RESULT: {"script":"<script> [1562 bytes]","args":[{"selector":{"controlType":"sap.m.Button","viewName":"etm.portal.ui.managesites.view.NewSmartSite","viewId":"application-managesites-display-component---NewSite","i18NText":{"propertyName":"text","key":"save"},"interaction":{"idSuffix":"BDI-content"}},"wdio_ui5_key":"etmportal.ui.managesites.view.NewSmartSitesap.m.Button{\"propertyName\":\"text\",\"key\":\"save\"}"}]}
RESULT: undefined
COMMAND: POST /session/2fbb17261cc6fb074d1493bb698829b1/element - {"using":"xpath","value":"//*[@id=\"__button64\"]"}
RESULT: {}
RESULT: {"using":"xpath","value":"//*[@id=\"__button64\"]"}
COMMAND: POST /session/2fbb17261cc6fb074d1493bb698829b1/element/f.73F923247D4A980C1D654B50CBD09E00.d.525711BF6494F53CFBB50AED896A8F72.e.2203/click - {}
RESULT: {}
COMMAND: GET /session/2fbb17261cc6fb074d1493bb698829b1/screenshot - {}
RESULT: {}
COMMAND: POST /session/2fbb17261cc6fb074d1493bb698829b1/execute/async - {"script":"<script> [1562 bytes]","args":[{"selector":{"id":"application-managesites-display-component---detailSite--addressDetailDetailsYardText"},"wdio_ui5_key":"applicationmanagesites-display-component---detailSite--addressDetailDetailsYardText"}]}
RESULT: {"script":"<script> [1562 bytes]","args":[{"selector":{"id":"application-managesites-display-component---detailSite--addressDetailDetailsYardText"},"wdio_ui5_key":"applicationmanagesites-display-component---detailSite--addressDetailDetailsYardText"}]}
RESULT: undefined
COMMAND: POST /session/2fbb17261cc6fb074d1493bb698829b1/element - {"using":"xpath","value":"//header/div/div[2]/div[2]/span"}
RESULT: {"using":"xpath","value":"//header/div/div[2]/div[2]/span"}
COMMAND: GET /session/2fbb17261cc6fb074d1493bb698829b1/element/f.73F923247D4A980C1D654B50CBD09E00.d.525711BF6494F53CFBB50AED896A8F72.e.2455/text - {}
RESULT: {}
COMMAND: POST /session/2fbb17261cc6fb074d1493bb698829b1/element - {"using":"xpath","value":"//header/div/div/div/div/div/div[2]/div/span"}
RESULT: {"using":"xpath","value":"//header/div/div/div/div/div/div[2]/div/span"}
COMMAND: GET /session/2fbb17261cc6fb074d1493bb698829b1/element/f.73F923247D4A980C1D654B50CBD09E00.d.525711BF6494F53CFBB50AED896A8F72.e.2456/text - {}
RESULT: {}
COMMAND: POST /session/2fbb17261cc6fb074d1493bb698829b1/element - {"using":"css selector","value":"#shell-header-logo"}
RESULT: {"using":"css selector","value":"#shell-header-logo"}
COMMAND: POST /session/2fbb17261cc6fb074d1493bb698829b1/element/f.73F923247D4A980C1D654B50CBD09E00.d.525711BF6494F53CFBB50AED896A8F72.e.1813/click - {}
RESULT: {}
COMMAND: GET /session/2fbb17261cc6fb074d1493bb698829b1/screenshot - {}
RESULT: {}
]]></system-out>
    </testcase>
    <testcase classname="chrome.136_0_7103_93.windows.Manage_Requests_Tags_Tests_US120163" name="Should Create New Request Tags" time="220.115">
      <system-out><![CDATA[
COMMAND: POST /session/2fbb17261cc6fb074d1493bb698829b1/execute/async - {"script":"<script> [1562 bytes]","args":[{"selector":{"controlType":"sap.m.GenericTile","properties":{"header":"Manage Requests"}},"wdio_ui5_key":"sapm.GenericTile{\"header\":\"Manage Requests\"}"}]}
RESULT: {"script":"<script> [1562 bytes]","args":[{"selector":{"controlType":"sap.m.GenericTile","properties":{"header":"Manage Requests"}},"wdio_ui5_key":"sapm.GenericTile{\"header\":\"Manage Requests\"}"}]}
RESULT: undefined
COMMAND: POST /session/2fbb17261cc6fb074d1493bb698829b1/element - {"using":"xpath","value":"//*[@id=\"__tile47\"]"}
RESULT: {"using":"xpath","value":"//*[@id=\"__tile47\"]"}
COMMAND: POST /session/2fbb17261cc6fb074d1493bb698829b1/element/f.73F923247D4A980C1D654B50CBD09E00.d.525711BF6494F53CFBB50AED896A8F72.e.2458/click - {}
RESULT: {}
COMMAND: GET /session/2fbb17261cc6fb074d1493bb698829b1/screenshot - {}
RESULT: {}
COMMAND: POST /session/2fbb17261cc6fb074d1493bb698829b1/elements - {"using":"xpath","value":"//span[text()='Error']"}
RESULT: {"using":"xpath","value":"//span[text()='Error']"}
COMMAND: POST /session/2fbb17261cc6fb074d1493bb698829b1/element - {"using":"xpath","value":"//button[contains(@data-kt ,\"btnCreateNewOverflowToolbarButton\")]"}
COMMAND: POST /session/2fbb17261cc6fb074d1493bb698829b1/element - {"using":"xpath","value":"(//span[contains(@class ,\"sapMObjStatusText\")])[1]"}
RESULT: {"using":"xpath","value":"//button[contains(@data-kt ,\"btnCreateNewOverflowToolbarButton\")]"}
COMMAND: POST /session/2fbb17261cc6fb074d1493bb698829b1/element/f.73F923247D4A980C1D654B50CBD09E00.d.525711BF6494F53CFBB50AED896A8F72.e.2514/click - {}
RESULT: {"using":"xpath","value":"(//span[contains(@class ,\"sapMObjStatusText\")])[1]"}
COMMAND: POST /session/2fbb17261cc6fb074d1493bb698829b1/execute/sync - {"script":"<script> [8489 bytes]","args":[{"element-6066-11e4-a52e-4f735466cecf":"f.73F923247D4A980C1D654B50CBD09E00.d.525711BF6494F53CFBB50AED896A8F72.e.2549","ELEMENT":"f.73F923247D4A980C1D654B50CBD09E00.d.525711BF6494F53CFBB50AED896A8F72.e.2549"}]}
RESULT: {}
COMMAND: GET /session/2fbb17261cc6fb074d1493bb698829b1/screenshot - {}
COMMAND: POST /session/2fbb17261cc6fb074d1493bb698829b1/element - {"using":"xpath","value":"(//span[contains(@class ,\"sapMObjStatusText\")])[1]"}
RESULT: {}
RESULT: {"using":"xpath","value":"(//span[contains(@class ,\"sapMObjStatusText\")])[1]"}
COMMAND: POST /session/2fbb17261cc6fb074d1493bb698829b1/execute/sync - {"script":"<script> [8489 bytes]","args":[{"element-6066-11e4-a52e-4f735466cecf":"f.73F923247D4A980C1D654B50CBD09E00.d.525711BF6494F53CFBB50AED896A8F72.e.2792","ELEMENT":"f.73F923247D4A980C1D654B50CBD09E00.d.525711BF6494F53CFBB50AED896A8F72.e.2792"}]}
RESULT: {"script":"<script> [8489 bytes]","args":[{"element-6066-11e4-a52e-4f735466cecf":"f.73F923247D4A980C1D654B50CBD09E00.d.525711BF6494F53CFBB50AED896A8F72.e.2792","ELEMENT":"f.73F923247D4A980C1D654B50CBD09E00.d.525711BF6494F53CFBB50AED896A8F72.e.2792"}]}
COMMAND: GET /session/2fbb17261cc6fb074d1493bb698829b1/screenshot - {}
RESULT: {}
COMMAND: POST /session/2fbb17261cc6fb074d1493bb698829b1/element - {"using":"xpath","value":"//input[contains(@id ,\"yardId-inner\")]"}
RESULT: {"using":"xpath","value":"//input[contains(@id ,\"yardId-inner\")]"}
COMMAND: POST /session/2fbb17261cc6fb074d1493bb698829b1/execute/sync - {"script":"<script> [8489 bytes]","args":[{"element-6066-11e4-a52e-4f735466cecf":"f.73F923247D4A980C1D654B50CBD09E00.d.525711BF6494F53CFBB50AED896A8F72.e.2630","ELEMENT":"f.73F923247D4A980C1D654B50CBD09E00.d.525711BF6494F53CFBB50AED896A8F72.e.2630"}]}
RESULT: {"script":"<script> [8489 bytes]","args":[{"element-6066-11e4-a52e-4f735466cecf":"f.73F923247D4A980C1D654B50CBD09E00.d.525711BF6494F53CFBB50AED896A8F72.e.2630","ELEMENT":"f.73F923247D4A980C1D654B50CBD09E00.d.525711BF6494F53CFBB50AED896A8F72.e.2630"}]}
COMMAND: POST /session/2fbb17261cc6fb074d1493bb698829b1/element - {"using":"xpath","value":"//input[contains(@id ,\"yardId-inner\")]"}
COMMAND: GET /session/2fbb17261cc6fb074d1493bb698829b1/screenshot - {}
RESULT: {"using":"xpath","value":"//input[contains(@id ,\"yardId-inner\")]"}
COMMAND: GET /session/2fbb17261cc6fb074d1493bb698829b1/element/f.73F923247D4A980C1D654B50CBD09E00.d.525711BF6494F53CFBB50AED896A8F72.e.2630/enabled - {}
RESULT: {}
RESULT: {}
COMMAND: POST /session/2fbb17261cc6fb074d1493bb698829b1/element/f.73F923247D4A980C1D654B50CBD09E00.d.525711BF6494F53CFBB50AED896A8F72.e.2630/clear - {}
COMMAND: GET /session/2fbb17261cc6fb074d1493bb698829b1/screenshot - {}
RESULT: {}
COMMAND: POST /session/2fbb17261cc6fb074d1493bb698829b1/element/f.73F923247D4A980C1D654B50CBD09E00.d.525711BF6494F53CFBB50AED896A8F72.e.2630/value - {"text":"WebdriverYardh82nxi"}
COMMAND: GET /session/2fbb17261cc6fb074d1493bb698829b1/screenshot - {}
RESULT: {}
RESULT: {"text":"WebdriverYardh82nxi"}
COMMAND: GET /session/2fbb17261cc6fb074d1493bb698829b1/screenshot - {}
RESULT: {}
RESULT: {}
COMMAND: POST /session/2fbb17261cc6fb074d1493bb698829b1/element - {"using":"xpath","value":"//input[contains(@id ,\"customerNumber-inner\")]"}
RESULT: {"using":"xpath","value":"//input[contains(@id ,\"customerNumber-inner\")]"}
COMMAND: POST /session/2fbb17261cc6fb074d1493bb698829b1/element/f.73F923247D4A980C1D654B50CBD09E00.d.525711BF6494F53CFBB50AED896A8F72.e.2624/value - {"text":"WebdriverPartner6lsih"}
COMMAND: POST /session/2fbb17261cc6fb074d1493bb698829b1/actions - {"actions":[{"id":"action5","type":"key","parameters":{},"actions":[{"type":"keyDown","value":""},{"type":"pause","duration":10},{"type":"keyUp","value":""}]}]}
RESULT: {"actions":[{"id":"action5","type":"key","parameters":{},"actions":[{"type":"keyDown","value":""},{"type":"pause","duration":10},{"type":"keyUp","value":""}]}]}
COMMAND: GET /session/2fbb17261cc6fb074d1493bb698829b1/screenshot - {}
COMMAND: POST /session/2fbb17261cc6fb074d1493bb698829b1/element/f.73F923247D4A980C1D654B50CBD09E00.d.525711BF6494F53CFBB50AED896A8F72.e.2630/clear - {}
RESULT: {"text":"WebdriverPartner6lsih"}
COMMAND: GET /session/2fbb17261cc6fb074d1493bb698829b1/screenshot - {}
RESULT: {}
RESULT: {}
COMMAND: POST /session/2fbb17261cc6fb074d1493bb698829b1/element/f.73F923247D4A980C1D654B50CBD09E00.d.525711BF6494F53CFBB50AED896A8F72.e.2630/clear - {}
COMMAND: GET /session/2fbb17261cc6fb074d1493bb698829b1/screenshot - {}
RESULT: {}
RESULT: {}
COMMAND: POST /session/2fbb17261cc6fb074d1493bb698829b1/element/f.73F923247D4A980C1D654B50CBD09E00.d.525711BF6494F53CFBB50AED896A8F72.e.2630/value - {"text":"WebdriverYardh82nxi"}
COMMAND: GET /session/2fbb17261cc6fb074d1493bb698829b1/screenshot - {}
RESULT: {}
RESULT: {"text":"WebdriverYardh82nxi"}
COMMAND: GET /session/2fbb17261cc6fb074d1493bb698829b1/screenshot - {}
RESULT: {}
RESULT: {}
COMMAND: POST /session/2fbb17261cc6fb074d1493bb698829b1/actions - {"actions":[{"id":"action6","type":"key","parameters":{},"actions":[{"type":"keyDown","value":""},{"type":"pause","duration":10},{"type":"keyUp","value":""}]}]}
RESULT: {"actions":[{"id":"action6","type":"key","parameters":{},"actions":[{"type":"keyDown","value":""},{"type":"pause","duration":10},{"type":"keyUp","value":""}]}]}
COMMAND: GET /session/2fbb17261cc6fb074d1493bb698829b1/screenshot - {}
RESULT: {}
COMMAND: POST /session/2fbb17261cc6fb074d1493bb698829b1/actions - {"actions":[{"id":"action7","type":"key","parameters":{},"actions":[{"type":"keyDown","value":""},{"type":"pause","duration":10},{"type":"keyUp","value":""}]}]}
RESULT: {"actions":[{"id":"action7","type":"key","parameters":{},"actions":[{"type":"keyDown","value":""},{"type":"pause","duration":10},{"type":"keyUp","value":""}]}]}
COMMAND: GET /session/2fbb17261cc6fb074d1493bb698829b1/screenshot - {}
RESULT: {}
COMMAND: GET /session/2fbb17261cc6fb074d1493bb698829b1/element/f.73F923247D4A980C1D654B50CBD09E00.d.525711BF6494F53CFBB50AED896A8F72.e.2624/property/value - {}
RESULT: {}
COMMAND: POST /session/2fbb17261cc6fb074d1493bb698829b1/element/f.73F923247D4A980C1D654B50CBD09E00.d.525711BF6494F53CFBB50AED896A8F72.e.2624/clear - {}
COMMAND: GET /session/2fbb17261cc6fb074d1493bb698829b1/screenshot - {}
RESULT: {}
COMMAND: GET /session/2fbb17261cc6fb074d1493bb698829b1/screenshot - {}
RESULT: {}
RESULT: {}
COMMAND: POST /session/2fbb17261cc6fb074d1493bb698829b1/element/f.73F923247D4A980C1D654B50CBD09E00.d.525711BF6494F53CFBB50AED896A8F72.e.2624/value - {"text":"WebdriverPartner6lsih"}
RESULT: {"text":"WebdriverPartner6lsih"}
COMMAND: GET /session/2fbb17261cc6fb074d1493bb698829b1/screenshot - {}
RESULT: {}
COMMAND: POST /session/2fbb17261cc6fb074d1493bb698829b1/actions - {"actions":[{"id":"action8","type":"key","parameters":{},"actions":[{"type":"keyDown","value":""},{"type":"pause","duration":10},{"type":"keyUp","value":""}]}]}
RESULT: {"actions":[{"id":"action8","type":"key","parameters":{},"actions":[{"type":"keyDown","value":""},{"type":"pause","duration":10},{"type":"keyUp","value":""}]}]}
COMMAND: GET /session/2fbb17261cc6fb074d1493bb698829b1/screenshot - {}
RESULT: {}
COMMAND: POST /session/2fbb17261cc6fb074d1493bb698829b1/element - {"using":"xpath","value":"//input[contains(@id ,\"requestSiteId-inner\")]"}
RESULT: {"using":"xpath","value":"//input[contains(@id ,\"requestSiteId-inner\")]"}
COMMAND: POST /session/2fbb17261cc6fb074d1493bb698829b1/element/f.73F923247D4A980C1D654B50CBD09E00.d.525711BF6494F53CFBB50AED896A8F72.e.2623/value - {"text":"WebdriverSitefc5qkg"}
RESULT: {"text":"WebdriverSitefc5qkg"}
COMMAND: GET /session/2fbb17261cc6fb074d1493bb698829b1/screenshot - {}
RESULT: {}
COMMAND: POST /session/2fbb17261cc6fb074d1493bb698829b1/actions - {"actions":[{"id":"action9","type":"key","parameters":{},"actions":[{"type":"keyDown","value":""},{"type":"pause","duration":10},{"type":"keyUp","value":""}]}]}
RESULT: {"actions":[{"id":"action9","type":"key","parameters":{},"actions":[{"type":"keyDown","value":""},{"type":"pause","duration":10},{"type":"keyUp","value":""}]}]}
COMMAND: GET /session/2fbb17261cc6fb074d1493bb698829b1/screenshot - {}
RESULT: {}
COMMAND: POST /session/2fbb17261cc6fb074d1493bb698829b1/execute/async - {"script":"<script> [1562 bytes]","args":[{"selector":{"controlType":"sap.m.Input","viewName":"etm.portal.ui.managerequests.view.NewRequest","bindingPath":{"path":"","propertyPath":"/DESCRIPTION","modelName":"oNewRequestModel"},"interaction":{"idSuffix":"inner"}},"wdio_ui5_key":"etmportal.ui.managerequests.view.NewRequestsap.m.Input{\"path\":\"\",\"propertyPath\":\"/DESCRIPTION\",\"modelName\":\"oNewRequestModel\"}"}]}
RESULT: {"script":"<script> [1562 bytes]","args":[{"selector":{"controlType":"sap.m.Input","viewName":"etm.portal.ui.managerequests.view.NewRequest","bindingPath":{"path":"","propertyPath":"/DESCRIPTION","modelName":"oNewRequestModel"},"interaction":{"idSuffix":"inner"}},"wdio_ui5_key":"etmportal.ui.managerequests.view.NewRequestsap.m.Input{\"path\":\"\",\"propertyPath\":\"/DESCRIPTION\",\"modelName\":\"oNewRequestModel\"}"}]}
RESULT: undefined
COMMAND: POST /session/2fbb17261cc6fb074d1493bb698829b1/execute/async - {"script":"<script> [776 bytes]","args":[{"enterText":"Wdi5 Tags Test","selector":{"controlType":"sap.m.Input","viewName":"etm.portal.ui.managerequests.view.NewRequest","bindingPath":{"path":"","propertyPath":"/DESCRIPTION","modelName":"oNewRequestModel"},"interaction":{"idSuffix":"inner"}},"clearTextFirst":true,"interactionType":"ENTER_TEXT"}]}
RESULT: {"script":"<script> [776 bytes]","args":[{"enterText":"Wdi5 Tags Test","selector":{"controlType":"sap.m.Input","viewName":"etm.portal.ui.managerequests.view.NewRequest","bindingPath":{"path":"","propertyPath":"/DESCRIPTION","modelName":"oNewRequestModel"},"interaction":{"idSuffix":"inner"}},"clearTextFirst":true,"interactionType":"ENTER_TEXT"}]}
COMMAND: POST /session/2fbb17261cc6fb074d1493bb698829b1/execute/async - {"script":"<script> [1562 bytes]","args":[{"selector":{"id":"tagInputAdd","viewName":"etm.portal.ui.managerequests.view.NewRequest","interaction":{"idSuffix":"inner"}},"wdio_ui5_key":"tagInputAddetmportal.ui.managerequests.view.NewRequest"}]}
RESULT: {"script":"<script> [1562 bytes]","args":[{"selector":{"id":"tagInputAdd","viewName":"etm.portal.ui.managerequests.view.NewRequest","interaction":{"idSuffix":"inner"}},"wdio_ui5_key":"tagInputAddetmportal.ui.managerequests.view.NewRequest"}]}
RESULT: undefined
COMMAND: POST /session/2fbb17261cc6fb074d1493bb698829b1/execute/async - {"script":"<script> [776 bytes]","args":[{"enterText":"RefTag","selector":{"id":"tagInputAdd","viewName":"etm.portal.ui.managerequests.view.NewRequest","interaction":{"idSuffix":"inner"}},"clearTextFirst":true,"interactionType":"ENTER_TEXT"}]}
RESULT: {"script":"<script> [776 bytes]","args":[{"enterText":"RefTag","selector":{"id":"tagInputAdd","viewName":"etm.portal.ui.managerequests.view.NewRequest","interaction":{"idSuffix":"inner"}},"clearTextFirst":true,"interactionType":"ENTER_TEXT"}]}
COMMAND: POST /session/2fbb17261cc6fb074d1493bb698829b1/actions - {"actions":[{"id":"action10","type":"key","parameters":{},"actions":[{"type":"keyDown","value":""},{"type":"pause","duration":10},{"type":"keyUp","value":""}]}]}
RESULT: {"actions":[{"id":"action10","type":"key","parameters":{},"actions":[{"type":"keyDown","value":""},{"type":"pause","duration":10},{"type":"keyUp","value":""}]}]}
COMMAND: GET /session/2fbb17261cc6fb074d1493bb698829b1/screenshot - {}
RESULT: {}
RESULT: undefined
COMMAND: POST /session/2fbb17261cc6fb074d1493bb698829b1/execute/async - {"script":"<script> [776 bytes]","args":[{"enterText":"tag-header","selector":{"id":"tagInputAdd","viewName":"etm.portal.ui.managerequests.view.NewRequest","interaction":{"idSuffix":"inner"}},"clearTextFirst":true,"interactionType":"ENTER_TEXT"}]}
RESULT: {"script":"<script> [776 bytes]","args":[{"enterText":"tag-header","selector":{"id":"tagInputAdd","viewName":"etm.portal.ui.managerequests.view.NewRequest","interaction":{"idSuffix":"inner"}},"clearTextFirst":true,"interactionType":"ENTER_TEXT"}]}
COMMAND: POST /session/2fbb17261cc6fb074d1493bb698829b1/actions - {"actions":[{"id":"action11","type":"key","parameters":{},"actions":[{"type":"keyDown","value":""},{"type":"pause","duration":10},{"type":"keyUp","value":""}]}]}
RESULT: {"actions":[{"id":"action11","type":"key","parameters":{},"actions":[{"type":"keyDown","value":""},{"type":"pause","duration":10},{"type":"keyUp","value":""}]}]}
COMMAND: GET /session/2fbb17261cc6fb074d1493bb698829b1/screenshot - {}
RESULT: {}
RESULT: undefined
COMMAND: POST /session/2fbb17261cc6fb074d1493bb698829b1/execute/async - {"script":"<script> [776 bytes]","args":[{"enterText":"tag-duplicate","selector":{"id":"tagInputAdd","viewName":"etm.portal.ui.managerequests.view.NewRequest","interaction":{"idSuffix":"inner"}},"clearTextFirst":true,"interactionType":"ENTER_TEXT"}]}
RESULT: {"script":"<script> [776 bytes]","args":[{"enterText":"tag-duplicate","selector":{"id":"tagInputAdd","viewName":"etm.portal.ui.managerequests.view.NewRequest","interaction":{"idSuffix":"inner"}},"clearTextFirst":true,"interactionType":"ENTER_TEXT"}]}
COMMAND: POST /session/2fbb17261cc6fb074d1493bb698829b1/actions - {"actions":[{"id":"action12","type":"key","parameters":{},"actions":[{"type":"keyDown","value":""},{"type":"pause","duration":10},{"type":"keyUp","value":""}]}]}
RESULT: {"actions":[{"id":"action12","type":"key","parameters":{},"actions":[{"type":"keyDown","value":""},{"type":"pause","duration":10},{"type":"keyUp","value":""}]}]}
COMMAND: GET /session/2fbb17261cc6fb074d1493bb698829b1/screenshot - {}
RESULT: {}
COMMAND: POST /session/2fbb17261cc6fb074d1493bb698829b1/execute/async - {"script":"<script> [1562 bytes]","args":[{"selector":{"id":"tagsLayoutAdd","viewName":"etm.portal.ui.managerequests.view.NewRequest"},"wdio_ui5_key":"tagsLayoutAddetmportal.ui.managerequests.view.NewRequest"}]}
RESULT: {"script":"<script> [1562 bytes]","args":[{"selector":{"id":"tagsLayoutAdd","viewName":"etm.portal.ui.managerequests.view.NewRequest"},"wdio_ui5_key":"tagsLayoutAddetmportal.ui.managerequests.view.NewRequest"}]}
RESULT: undefined
COMMAND: POST /session/2fbb17261cc6fb074d1493bb698829b1/execute/async - {"script":"<script> [6424 bytes]","args":[{"element-6066-11e4-a52e-4f735466cecf":"f.73F923247D4A980C1D654B50CBD09E00.d.525711BF6494F53CFBB50AED896A8F72.e.2782"},"getTokens",[]]}
RESULT: {"script":"<script> [6424 bytes]","args":[{"element-6066-11e4-a52e-4f735466cecf":"f.73F923247D4A980C1D654B50CBD09E00.d.525711BF6494F53CFBB50AED896A8F72.e.2782"},"getTokens",[]]}
COMMAND: POST /session/2fbb17261cc6fb074d1493bb698829b1/execute/async - {"script":"<script> [1562 bytes]","args":[{"wdio_ui5_key":"__token9","selector":{"id":"__token9"}}]}
COMMAND: POST /session/2fbb17261cc6fb074d1493bb698829b1/execute/async - {"script":"<script> [1562 bytes]","args":[{"wdio_ui5_key":"__token10","selector":{"id":"__token10"}}]}
COMMAND: POST /session/2fbb17261cc6fb074d1493bb698829b1/execute/async - {"script":"<script> [1562 bytes]","args":[{"wdio_ui5_key":"__token8","selector":{"id":"__token8"}}]}
RESULT: {"script":"<script> [1562 bytes]","args":[{"wdio_ui5_key":"__token9","selector":{"id":"__token9"}}]}
RESULT: undefined
RESULT: {"script":"<script> [1562 bytes]","args":[{"wdio_ui5_key":"__token10","selector":{"id":"__token10"}}]}
RESULT: undefined
RESULT: {"script":"<script> [1562 bytes]","args":[{"wdio_ui5_key":"__token8","selector":{"id":"__token8"}}]}
RESULT: undefined
COMMAND: POST /session/2fbb17261cc6fb074d1493bb698829b1/execute/async - {"script":"<script> [1562 bytes]","args":[{"selector":{"controlType":"sap.ui.core.Icon","viewName":"etm.portal.ui.managerequests.view.NewRequest","properties":{"src":{"regex":{"source":"decline"}}},"ancestor":{"controlType":"sap.m.Token","viewName":"etm.portal.ui.managerequests.view.NewRequest","properties":{"text":"tag-duplicate"}}},"wdio_ui5_key":"etmportal.ui.managerequests.view.NewRequestsap.ui.core.Icon{\"src\":{\"regex\":{\"source\":\"decline\"}}}{\"controlType\":\"sap.m.Token\",\"viewName\":\"etm.portal.ui.managerequests.view.NewRequest\",\"properties\":{\"text\":\"tag-duplicate\"}}"}]}
RESULT: {"script":"<script> [1562 bytes]","args":[{"selector":{"controlType":"sap.ui.core.Icon","viewName":"etm.portal.ui.managerequests.view.NewRequest","properties":{"src":{"regex":{"source":"decline"}}},"ancestor":{"controlType":"sap.m.Token","viewName":"etm.portal.ui.managerequests.view.NewRequest","properties":{"text":"tag-duplicate"}}},"wdio_ui5_key":"etmportal.ui.managerequests.view.NewRequestsap.ui.core.Icon{\"src\":{\"regex\":{\"source\":\"decline\"}}}{\"controlType\":\"sap.m.Token\",\"viewName\":\"etm.portal.ui.managerequests.view.NewRequest\",\"properties\":{\"text\":\"tag-duplicate\"}}"}]}
RESULT: undefined
COMMAND: POST /session/2fbb17261cc6fb074d1493bb698829b1/element - {"using":"xpath","value":"//*[@id=\"__token10-icon\"]"}
RESULT: {"using":"xpath","value":"//*[@id=\"__token10-icon\"]"}
COMMAND: POST /session/2fbb17261cc6fb074d1493bb698829b1/element/f.73F923247D4A980C1D654B50CBD09E00.d.525711BF6494F53CFBB50AED896A8F72.e.2806/click - {}
RESULT: {}
COMMAND: POST /session/2fbb17261cc6fb074d1493bb698829b1/execute/async - {"script":"<script> [1562 bytes]","args":[{"selector":{"controlType":"sap.ui.core.Icon","viewName":"etm.portal.ui.managerequests.view.NewRequest","properties":{"src":{"regex":{"source":"decline"}}},"ancestor":{"controlType":"sap.m.Token","viewName":"etm.portal.ui.managerequests.view.NewRequest","properties":{"text":"tag1"}}},"wdio_ui5_key":"etmportal.ui.managerequests.view.NewRequestsap.ui.core.Icon{\"src\":{\"regex\":{\"source\":\"decline\"}}}{\"controlType\":\"sap.m.Token\",\"viewName\":\"etm.portal.ui.managerequests.view.NewRequest\",\"properties\":{\"text\":\"tag1\"}}"}]}
COMMAND: GET /session/2fbb17261cc6fb074d1493bb698829b1/screenshot - {}
RESULT: {"script":"<script> [1562 bytes]","args":[{"selector":{"controlType":"sap.ui.core.Icon","viewName":"etm.portal.ui.managerequests.view.NewRequest","properties":{"src":{"regex":{"source":"decline"}}},"ancestor":{"controlType":"sap.m.Token","viewName":"etm.portal.ui.managerequests.view.NewRequest","properties":{"text":"tag1"}}},"wdio_ui5_key":"etmportal.ui.managerequests.view.NewRequestsap.ui.core.Icon{\"src\":{\"regex\":{\"source\":\"decline\"}}}{\"controlType\":\"sap.m.Token\",\"viewName\":\"etm.portal.ui.managerequests.view.NewRequest\",\"properties\":{\"text\":\"tag1\"}}"}]}
RESULT: undefined
RESULT: {}
COMMAND: POST /session/2fbb17261cc6fb074d1493bb698829b1/actions - {"actions":[{"id":"action13","type":"key","parameters":{},"actions":[{"type":"keyDown","value":""},{"type":"pause","duration":10},{"type":"keyUp","value":""}]}]}
RESULT: {"actions":[{"id":"action13","type":"key","parameters":{},"actions":[{"type":"keyDown","value":""},{"type":"pause","duration":10},{"type":"keyUp","value":""}]}]}
COMMAND: GET /session/2fbb17261cc6fb074d1493bb698829b1/screenshot - {}
RESULT: {}
RESULT: undefined
COMMAND: POST /session/2fbb17261cc6fb074d1493bb698829b1/execute/async - {"script":"<script> [6424 bytes]","args":[{"element-6066-11e4-a52e-4f735466cecf":"f.73F923247D4A980C1D654B50CBD09E00.d.525711BF6494F53CFBB50AED896A8F72.e.2782"},"getTokens",[]]}
RESULT: {"script":"<script> [6424 bytes]","args":[{"element-6066-11e4-a52e-4f735466cecf":"f.73F923247D4A980C1D654B50CBD09E00.d.525711BF6494F53CFBB50AED896A8F72.e.2782"},"getTokens",[]]}
RESULT: undefined
RESULT: undefined
COMMAND: POST /session/2fbb17261cc6fb074d1493bb698829b1/execute/async - {"script":"<script> [1562 bytes]","args":[{"selector":{"controlType":"sap.m.Button","viewName":"etm.portal.ui.managerequests.view.NewRequest","properties":{"text":"Items"},"interaction":{"idSuffix":"BDI-content"}},"wdio_ui5_key":"etmportal.ui.managerequests.view.NewRequestsap.m.Button{\"text\":\"Items\"}"}]}
RESULT: {"script":"<script> [1562 bytes]","args":[{"selector":{"controlType":"sap.m.Button","viewName":"etm.portal.ui.managerequests.view.NewRequest","properties":{"text":"Items"},"interaction":{"idSuffix":"BDI-content"}},"wdio_ui5_key":"etmportal.ui.managerequests.view.NewRequestsap.m.Button{\"text\":\"Items\"}"}]}
RESULT: undefined
COMMAND: POST /session/2fbb17261cc6fb074d1493bb698829b1/element - {"using":"xpath","value":"//*[@id=\"__xmlview59--newRequestPage-anchBar-__xmlview59--requestItemsSection-anchor\"]"}
RESULT: {"using":"xpath","value":"//*[@id=\"__xmlview59--newRequestPage-anchBar-__xmlview59--requestItemsSection-anchor\"]"}
COMMAND: POST /session/2fbb17261cc6fb074d1493bb698829b1/element/f.73F923247D4A980C1D654B50CBD09E00.d.525711BF6494F53CFBB50AED896A8F72.e.2813/click - {}
RESULT: {}
COMMAND: GET /session/2fbb17261cc6fb074d1493bb698829b1/screenshot - {}
RESULT: {}
COMMAND: POST /session/2fbb17261cc6fb074d1493bb698829b1/execute/async - {"script":"<script> [1562 bytes]","args":[{"selector":{"controlType":"sap.ui.core.Icon","viewName":"etm.portal.ui.managerequests.view.NewRequest","properties":{"src":{"regex":{"source":"inspect"}}}},"wdio_ui5_key":"etmportal.ui.managerequests.view.NewRequestsap.ui.core.Icon{\"src\":{\"regex\":{\"source\":\"inspect\"}}}"}]}
RESULT: {"script":"<script> [1562 bytes]","args":[{"selector":{"controlType":"sap.ui.core.Icon","viewName":"etm.portal.ui.managerequests.view.NewRequest","properties":{"src":{"regex":{"source":"inspect"}}}},"wdio_ui5_key":"etmportal.ui.managerequests.view.NewRequestsap.ui.core.Icon{\"src\":{\"regex\":{\"source\":\"inspect\"}}}"}]}
RESULT: undefined
COMMAND: POST /session/2fbb17261cc6fb074d1493bb698829b1/element - {"using":"xpath","value":"//*[@id=\"__button114-img\"]"}
RESULT: {"using":"xpath","value":"//*[@id=\"__button114-img\"]"}
COMMAND: POST /session/2fbb17261cc6fb074d1493bb698829b1/element/f.73F923247D4A980C1D654B50CBD09E00.d.525711BF6494F53CFBB50AED896A8F72.e.2818/click - {}
RESULT: {}
COMMAND: GET /session/2fbb17261cc6fb074d1493bb698829b1/screenshot - {}
RESULT: {}
COMMAND: POST /session/2fbb17261cc6fb074d1493bb698829b1/execute/async - {"script":"<script> [1562 bytes]","args":[{"selector":{"controlType":"sap.ui.core.Icon","viewName":"etm.portal.ui.managerequests.view.NewRequest","properties":{"src":{"regex":{"source":"add"}}}},"wdio_ui5_key":"etmportal.ui.managerequests.view.NewRequestsap.ui.core.Icon{\"src\":{\"regex\":{\"source\":\"add\"}}}"}]}
RESULT: {"script":"<script> [1562 bytes]","args":[{"selector":{"controlType":"sap.ui.core.Icon","viewName":"etm.portal.ui.managerequests.view.NewRequest","properties":{"src":{"regex":{"source":"add"}}}},"wdio_ui5_key":"etmportal.ui.managerequests.view.NewRequestsap.ui.core.Icon{\"src\":{\"regex\":{\"source\":\"add\"}}}"}]}
RESULT: undefined
COMMAND: POST /session/2fbb17261cc6fb074d1493bb698829b1/element - {"using":"xpath","value":"//*[@id=\"__xmlview59--btnAddTableRow-img\"]"}
RESULT: {"using":"xpath","value":"//*[@id=\"__xmlview59--btnAddTableRow-img\"]"}
COMMAND: POST /session/2fbb17261cc6fb074d1493bb698829b1/element/f.73F923247D4A980C1D654B50CBD09E00.d.525711BF6494F53CFBB50AED896A8F72.e.2826/click - {}
RESULT: {}
COMMAND: GET /session/2fbb17261cc6fb074d1493bb698829b1/screenshot - {}
RESULT: {}
COMMAND: POST /session/2fbb17261cc6fb074d1493bb698829b1/execute/async - {"script":"<script> [1562 bytes]","args":[{"selector":{"controlType":"sap.ui.unified.MenuItem","viewName":"etm.portal.ui.managerequests.view.NewRequest","i18NText":{"propertyName":"text","key":"standardEntry"},"searchOpenDialogs":true,"interaction":{"idSuffix":"txt"}},"wdio_ui5_key":"etmportal.ui.managerequests.view.NewRequestsap.ui.unified.MenuItem{\"propertyName\":\"text\",\"key\":\"standardEntry\"}"}]}
RESULT: {"script":"<script> [1562 bytes]","args":[{"selector":{"controlType":"sap.ui.unified.MenuItem","viewName":"etm.portal.ui.managerequests.view.NewRequest","i18NText":{"propertyName":"text","key":"standardEntry"},"searchOpenDialogs":true,"interaction":{"idSuffix":"txt"}},"wdio_ui5_key":"etmportal.ui.managerequests.view.NewRequestsap.ui.unified.MenuItem{\"propertyName\":\"text\",\"key\":\"standardEntry\"}"}]}
RESULT: undefined
COMMAND: POST /session/2fbb17261cc6fb074d1493bb698829b1/element - {"using":"xpath","value":"//*[@id=\"__item1011\"]"}
RESULT: {"using":"xpath","value":"//*[@id=\"__item1011\"]"}
COMMAND: POST /session/2fbb17261cc6fb074d1493bb698829b1/element/f.73F923247D4A980C1D654B50CBD09E00.d.525711BF6494F53CFBB50AED896A8F72.e.2829/click - {}
RESULT: {}
COMMAND: GET /session/2fbb17261cc6fb074d1493bb698829b1/screenshot - {}
RESULT: {}
RESULT: undefined
COMMAND: POST /session/2fbb17261cc6fb074d1493bb698829b1/element - {"using":"xpath","value":"//*[@id=\"__xmlview59--btnAddTableRow-img\"]"}
RESULT: {"using":"xpath","value":"//*[@id=\"__xmlview59--btnAddTableRow-img\"]"}
COMMAND: POST /session/2fbb17261cc6fb074d1493bb698829b1/element/f.73F923247D4A980C1D654B50CBD09E00.d.525711BF6494F53CFBB50AED896A8F72.e.2826/click - {}
RESULT: {}
COMMAND: GET /session/2fbb17261cc6fb074d1493bb698829b1/screenshot - {}
RESULT: {}
RESULT: undefined
COMMAND: POST /session/2fbb17261cc6fb074d1493bb698829b1/element - {"using":"xpath","value":"//*[@id=\"__item1011\"]"}
RESULT: {"using":"xpath","value":"//*[@id=\"__item1011\"]"}
COMMAND: POST /session/2fbb17261cc6fb074d1493bb698829b1/element/f.73F923247D4A980C1D654B50CBD09E00.d.525711BF6494F53CFBB50AED896A8F72.e.2850/click - {}
RESULT: {}
COMMAND: GET /session/2fbb17261cc6fb074d1493bb698829b1/screenshot - {}
RESULT: {}
COMMAND: POST /session/2fbb17261cc6fb074d1493bb698829b1/element - {"using":"xpath","value":"(//input[contains(@id ,\"requestItemsTable-0-inner\")])[5]"}
RESULT: {"using":"xpath","value":"(//input[contains(@id ,\"requestItemsTable-0-inner\")])[5]"}
COMMAND: POST /session/2fbb17261cc6fb074d1493bb698829b1/element/f.73F923247D4A980C1D654B50CBD09E00.d.525711BF6494F53CFBB50AED896A8F72.e.2841/clear - {}
RESULT: {}
COMMAND: POST /session/2fbb17261cc6fb074d1493bb698829b1/element/f.73F923247D4A980C1D654B50CBD09E00.d.525711BF6494F53CFBB50AED896A8F72.e.2841/value - {"text":"1000001"}
COMMAND: GET /session/2fbb17261cc6fb074d1493bb698829b1/screenshot - {}
RESULT: {"text":"1000001"}
COMMAND: GET /session/2fbb17261cc6fb074d1493bb698829b1/screenshot - {}
RESULT: {}
RESULT: {}
COMMAND: POST /session/2fbb17261cc6fb074d1493bb698829b1/actions - {"actions":[{"id":"action14","type":"key","parameters":{},"actions":[{"type":"keyDown","value":""},{"type":"pause","duration":10},{"type":"keyUp","value":""}]}]}
RESULT: {"actions":[{"id":"action14","type":"key","parameters":{},"actions":[{"type":"keyDown","value":""},{"type":"pause","duration":10},{"type":"keyUp","value":""}]}]}
COMMAND: POST /session/2fbb17261cc6fb074d1493bb698829b1/element - {"using":"xpath","value":"(//input[contains(@id ,\"requestItemsTable-1-inner\")])[5]"}
COMMAND: GET /session/2fbb17261cc6fb074d1493bb698829b1/screenshot - {}
RESULT: {"using":"xpath","value":"(//input[contains(@id ,\"requestItemsTable-1-inner\")])[5]"}
COMMAND: POST /session/2fbb17261cc6fb074d1493bb698829b1/element/f.73F923247D4A980C1D654B50CBD09E00.d.525711BF6494F53CFBB50AED896A8F72.e.2856/clear - {}
RESULT: {}
RESULT: {}
COMMAND: POST /session/2fbb17261cc6fb074d1493bb698829b1/element/f.73F923247D4A980C1D654B50CBD09E00.d.525711BF6494F53CFBB50AED896A8F72.e.2856/value - {"text":"1000002"}
COMMAND: GET /session/2fbb17261cc6fb074d1493bb698829b1/screenshot - {}
RESULT: {"text":"1000002"}
COMMAND: GET /session/2fbb17261cc6fb074d1493bb698829b1/screenshot - {}
RESULT: {}
RESULT: {}
COMMAND: POST /session/2fbb17261cc6fb074d1493bb698829b1/actions - {"actions":[{"id":"action15","type":"key","parameters":{},"actions":[{"type":"keyDown","value":""},{"type":"pause","duration":10},{"type":"keyUp","value":""}]}]}
RESULT: {"actions":[{"id":"action15","type":"key","parameters":{},"actions":[{"type":"keyDown","value":""},{"type":"pause","duration":10},{"type":"keyUp","value":""}]}]}
COMMAND: POST /session/2fbb17261cc6fb074d1493bb698829b1/execute/async - {"script":"<script> [1562 bytes]","args":[{"selector":{"controlType":"sap.m.Input","viewName":"etm.portal.ui.managerequests.view.NewRequest","bindingPath":{"path":"","propertyPath":"/Tags","modelName":"catalogModel"},"ancestor":{"controlType":"sap.m.ColumnListItem","viewName":"etm.portal.ui.managerequests.view.NewRequest","bindingPath":{"modelName":"newRequestItems","path":"/RequestItems/0"},"ancestor":{"id":"requestItemsTable","viewName":"etm.portal.ui.managerequests.view.NewRequest"}},"interaction":{"idSuffix":"inner"}},"wdio_ui5_key":"etmportal.ui.managerequests.view.NewRequestsap.m.Input{\"path\":\"\",\"propertyPath\":\"/Tags\",\"modelName\":\"catalogModel\"}{\"controlType\":\"sap.m.ColumnListItem\",\"viewName\":\"etm.portal.ui.managerequests.view.NewRequest\",\"bindingPath\":{\"modelName\":\"newRequestItems\",\"path\":\"/RequestItems/0\"},\"ancestor\":{\"id\":\"requestItemsTable\",\"viewName\":\"etm.portal.ui.managerequests.view.NewRequest\"}}"}]}
COMMAND: GET /session/2fbb17261cc6fb074d1493bb698829b1/screenshot - {}
RESULT: {"script":"<script> [1562 bytes]","args":[{"selector":{"controlType":"sap.m.Input","viewName":"etm.portal.ui.managerequests.view.NewRequest","bindingPath":{"path":"","propertyPath":"/Tags","modelName":"catalogModel"},"ancestor":{"controlType":"sap.m.ColumnListItem","viewName":"etm.portal.ui.managerequests.view.NewRequest","bindingPath":{"modelName":"newRequestItems","path":"/RequestItems/0"},"ancestor":{"id":"requestItemsTable","viewName":"etm.portal.ui.managerequests.view.NewRequest"}},"interaction":{"idSuffix":"inner"}},"wdio_ui5_key":"etmportal.ui.managerequests.view.NewRequestsap.m.Input{\"path\":\"\",\"propertyPath\":\"/Tags\",\"modelName\":\"catalogModel\"}{\"controlType\":\"sap.m.ColumnListItem\",\"viewName\":\"etm.portal.ui.managerequests.view.NewRequest\",\"bindingPath\":{\"modelName\":\"newRequestItems\",\"path\":\"/RequestItems/0\"},\"ancestor\":{\"id\":\"requestItemsTable\",\"viewName\":\"etm.portal.ui.managerequests.view.NewRequest\"}}"}]}
RESULT: undefined
COMMAND: POST /session/2fbb17261cc6fb074d1493bb698829b1/execute/async - {"script":"<script> [776 bytes]","args":[{"enterText":"tag1","selector":{"controlType":"sap.m.Input","viewName":"etm.portal.ui.managerequests.view.NewRequest","bindingPath":{"path":"","propertyPath":"/Tags","modelName":"catalogModel"},"ancestor":{"controlType":"sap.m.ColumnListItem","viewName":"etm.portal.ui.managerequests.view.NewRequest","bindingPath":{"modelName":"newRequestItems","path":"/RequestItems/0"},"ancestor":{"id":"requestItemsTable","viewName":"etm.portal.ui.managerequests.view.NewRequest"}},"interaction":{"idSuffix":"inner"}},"clearTextFirst":true,"interactionType":"ENTER_TEXT"}]}
RESULT: {}
RESULT: {"script":"<script> [776 bytes]","args":[{"enterText":"tag1","selector":{"controlType":"sap.m.Input","viewName":"etm.portal.ui.managerequests.view.NewRequest","bindingPath":{"path":"","propertyPath":"/Tags","modelName":"catalogModel"},"ancestor":{"controlType":"sap.m.ColumnListItem","viewName":"etm.portal.ui.managerequests.view.NewRequest","bindingPath":{"modelName":"newRequestItems","path":"/RequestItems/0"},"ancestor":{"id":"requestItemsTable","viewName":"etm.portal.ui.managerequests.view.NewRequest"}},"interaction":{"idSuffix":"inner"}},"clearTextFirst":true,"interactionType":"ENTER_TEXT"}]}
COMMAND: POST /session/2fbb17261cc6fb074d1493bb698829b1/actions - {"actions":[{"id":"action16","type":"key","parameters":{},"actions":[{"type":"keyDown","value":""},{"type":"pause","duration":10},{"type":"keyUp","value":""}]}]}
RESULT: {"actions":[{"id":"action16","type":"key","parameters":{},"actions":[{"type":"keyDown","value":""},{"type":"pause","duration":10},{"type":"keyUp","value":""}]}]}
RESULT: undefined
COMMAND: POST /session/2fbb17261cc6fb074d1493bb698829b1/execute/async - {"script":"<script> [776 bytes]","args":[{"enterText":"tag-duplicate","selector":{"controlType":"sap.m.Input","viewName":"etm.portal.ui.managerequests.view.NewRequest","bindingPath":{"path":"","propertyPath":"/Tags","modelName":"catalogModel"},"ancestor":{"controlType":"sap.m.ColumnListItem","viewName":"etm.portal.ui.managerequests.view.NewRequest","bindingPath":{"modelName":"newRequestItems","path":"/RequestItems/0"},"ancestor":{"id":"requestItemsTable","viewName":"etm.portal.ui.managerequests.view.NewRequest"}},"interaction":{"idSuffix":"inner"}},"clearTextFirst":true,"interactionType":"ENTER_TEXT"}]}
COMMAND: GET /session/2fbb17261cc6fb074d1493bb698829b1/screenshot - {}
RESULT: {"script":"<script> [776 bytes]","args":[{"enterText":"tag-duplicate","selector":{"controlType":"sap.m.Input","viewName":"etm.portal.ui.managerequests.view.NewRequest","bindingPath":{"path":"","propertyPath":"/Tags","modelName":"catalogModel"},"ancestor":{"controlType":"sap.m.ColumnListItem","viewName":"etm.portal.ui.managerequests.view.NewRequest","bindingPath":{"modelName":"newRequestItems","path":"/RequestItems/0"},"ancestor":{"id":"requestItemsTable","viewName":"etm.portal.ui.managerequests.view.NewRequest"}},"interaction":{"idSuffix":"inner"}},"clearTextFirst":true,"interactionType":"ENTER_TEXT"}]}
RESULT: {}
COMMAND: POST /session/2fbb17261cc6fb074d1493bb698829b1/actions - {"actions":[{"id":"action17","type":"key","parameters":{},"actions":[{"type":"keyDown","value":""},{"type":"pause","duration":10},{"type":"keyUp","value":""}]}]}
RESULT: {"actions":[{"id":"action17","type":"key","parameters":{},"actions":[{"type":"keyDown","value":""},{"type":"pause","duration":10},{"type":"keyUp","value":""}]}]}
COMMAND: GET /session/2fbb17261cc6fb074d1493bb698829b1/screenshot - {}
RESULT: {}
COMMAND: POST /session/2fbb17261cc6fb074d1493bb698829b1/execute/async - {"script":"<script> [1562 bytes]","args":[{"selector":{"controlType":"sap.m.Input","viewName":"etm.portal.ui.managerequests.view.NewRequest","bindingPath":{"path":"","propertyPath":"/Tags","modelName":"catalogModel"},"ancestor":{"controlType":"sap.m.ColumnListItem","viewName":"etm.portal.ui.managerequests.view.NewRequest","bindingPath":{"modelName":"newRequestItems","path":"/RequestItems/1"},"ancestor":{"id":"requestItemsTable","viewName":"etm.portal.ui.managerequests.view.NewRequest"}},"interaction":{"idSuffix":"inner"}},"wdio_ui5_key":"etmportal.ui.managerequests.view.NewRequestsap.m.Input{\"path\":\"\",\"propertyPath\":\"/Tags\",\"modelName\":\"catalogModel\"}{\"controlType\":\"sap.m.ColumnListItem\",\"viewName\":\"etm.portal.ui.managerequests.view.NewRequest\",\"bindingPath\":{\"modelName\":\"newRequestItems\",\"path\":\"/RequestItems/1\"},\"ancestor\":{\"id\":\"requestItemsTable\",\"viewName\":\"etm.portal.ui.managerequests.view.NewRequest\"}}"}]}
RESULT: {"script":"<script> [1562 bytes]","args":[{"selector":{"controlType":"sap.m.Input","viewName":"etm.portal.ui.managerequests.view.NewRequest","bindingPath":{"path":"","propertyPath":"/Tags","modelName":"catalogModel"},"ancestor":{"controlType":"sap.m.ColumnListItem","viewName":"etm.portal.ui.managerequests.view.NewRequest","bindingPath":{"modelName":"newRequestItems","path":"/RequestItems/1"},"ancestor":{"id":"requestItemsTable","viewName":"etm.portal.ui.managerequests.view.NewRequest"}},"interaction":{"idSuffix":"inner"}},"wdio_ui5_key":"etmportal.ui.managerequests.view.NewRequestsap.m.Input{\"path\":\"\",\"propertyPath\":\"/Tags\",\"modelName\":\"catalogModel\"}{\"controlType\":\"sap.m.ColumnListItem\",\"viewName\":\"etm.portal.ui.managerequests.view.NewRequest\",\"bindingPath\":{\"modelName\":\"newRequestItems\",\"path\":\"/RequestItems/1\"},\"ancestor\":{\"id\":\"requestItemsTable\",\"viewName\":\"etm.portal.ui.managerequests.view.NewRequest\"}}"}]}
RESULT: undefined
COMMAND: POST /session/2fbb17261cc6fb074d1493bb698829b1/execute/async - {"script":"<script> [776 bytes]","args":[{"enterText":"tag1","selector":{"controlType":"sap.m.Input","viewName":"etm.portal.ui.managerequests.view.NewRequest","bindingPath":{"path":"","propertyPath":"/Tags","modelName":"catalogModel"},"ancestor":{"controlType":"sap.m.ColumnListItem","viewName":"etm.portal.ui.managerequests.view.NewRequest","bindingPath":{"modelName":"newRequestItems","path":"/RequestItems/1"},"ancestor":{"id":"requestItemsTable","viewName":"etm.portal.ui.managerequests.view.NewRequest"}},"interaction":{"idSuffix":"inner"}},"clearTextFirst":true,"interactionType":"ENTER_TEXT"}]}
RESULT: {"script":"<script> [776 bytes]","args":[{"enterText":"tag1","selector":{"controlType":"sap.m.Input","viewName":"etm.portal.ui.managerequests.view.NewRequest","bindingPath":{"path":"","propertyPath":"/Tags","modelName":"catalogModel"},"ancestor":{"controlType":"sap.m.ColumnListItem","viewName":"etm.portal.ui.managerequests.view.NewRequest","bindingPath":{"modelName":"newRequestItems","path":"/RequestItems/1"},"ancestor":{"id":"requestItemsTable","viewName":"etm.portal.ui.managerequests.view.NewRequest"}},"interaction":{"idSuffix":"inner"}},"clearTextFirst":true,"interactionType":"ENTER_TEXT"}]}
COMMAND: POST /session/2fbb17261cc6fb074d1493bb698829b1/actions - {"actions":[{"id":"action18","type":"key","parameters":{},"actions":[{"type":"keyDown","value":""},{"type":"pause","duration":10},{"type":"keyUp","value":""}]}]}
RESULT: {"actions":[{"id":"action18","type":"key","parameters":{},"actions":[{"type":"keyDown","value":""},{"type":"pause","duration":10},{"type":"keyUp","value":""}]}]}
RESULT: undefined
COMMAND: POST /session/2fbb17261cc6fb074d1493bb698829b1/execute/async - {"script":"<script> [776 bytes]","args":[{"enterText":"tag-duplicate","selector":{"controlType":"sap.m.Input","viewName":"etm.portal.ui.managerequests.view.NewRequest","bindingPath":{"path":"","propertyPath":"/Tags","modelName":"catalogModel"},"ancestor":{"controlType":"sap.m.ColumnListItem","viewName":"etm.portal.ui.managerequests.view.NewRequest","bindingPath":{"modelName":"newRequestItems","path":"/RequestItems/1"},"ancestor":{"id":"requestItemsTable","viewName":"etm.portal.ui.managerequests.view.NewRequest"}},"interaction":{"idSuffix":"inner"}},"clearTextFirst":true,"interactionType":"ENTER_TEXT"}]}
COMMAND: GET /session/2fbb17261cc6fb074d1493bb698829b1/screenshot - {}
RESULT: {"script":"<script> [776 bytes]","args":[{"enterText":"tag-duplicate","selector":{"controlType":"sap.m.Input","viewName":"etm.portal.ui.managerequests.view.NewRequest","bindingPath":{"path":"","propertyPath":"/Tags","modelName":"catalogModel"},"ancestor":{"controlType":"sap.m.ColumnListItem","viewName":"etm.portal.ui.managerequests.view.NewRequest","bindingPath":{"modelName":"newRequestItems","path":"/RequestItems/1"},"ancestor":{"id":"requestItemsTable","viewName":"etm.portal.ui.managerequests.view.NewRequest"}},"interaction":{"idSuffix":"inner"}},"clearTextFirst":true,"interactionType":"ENTER_TEXT"}]}
RESULT: {}
COMMAND: POST /session/2fbb17261cc6fb074d1493bb698829b1/actions - {"actions":[{"id":"action19","type":"key","parameters":{},"actions":[{"type":"keyDown","value":""},{"type":"pause","duration":10},{"type":"keyUp","value":""}]}]}
RESULT: {"actions":[{"id":"action19","type":"key","parameters":{},"actions":[{"type":"keyDown","value":""},{"type":"pause","duration":10},{"type":"keyUp","value":""}]}]}
COMMAND: GET /session/2fbb17261cc6fb074d1493bb698829b1/screenshot - {}
RESULT: {}
COMMAND: POST /session/2fbb17261cc6fb074d1493bb698829b1/execute/async - {"script":"<script> [1562 bytes]","args":[{"selector":{"controlType":"sap.ui.core.Icon","viewName":"etm.portal.ui.managerequests.view.NewRequest","properties":{"src":{"regex":{"source":"slim\\-arrow\\-down"}}},"ancestor":{"controlType":"sap.m.Button","viewName":"etm.portal.ui.managerequests.view.NewRequest","properties":{"icon":"sap-icon://slim-arrow-down"}}},"wdio_ui5_key":"etmportal.ui.managerequests.view.NewRequestsap.ui.core.Icon{\"src\":{\"regex\":{\"source\":\"slim\\\\-arrow\\\\-down\"}}}{\"controlType\":\"sap.m.Button\",\"viewName\":\"etm.portal.ui.managerequests.view.NewRequest\",\"properties\":{\"icon\":\"sap-icon://slim-arrow-down\"}}"}]}
RESULT: {"script":"<script> [1562 bytes]","args":[{"selector":{"controlType":"sap.ui.core.Icon","viewName":"etm.portal.ui.managerequests.view.NewRequest","properties":{"src":{"regex":{"source":"slim\\-arrow\\-down"}}},"ancestor":{"controlType":"sap.m.Button","viewName":"etm.portal.ui.managerequests.view.NewRequest","properties":{"icon":"sap-icon://slim-arrow-down"}}},"wdio_ui5_key":"etmportal.ui.managerequests.view.NewRequestsap.ui.core.Icon{\"src\":{\"regex\":{\"source\":\"slim\\\\-arrow\\\\-down\"}}}{\"controlType\":\"sap.m.Button\",\"viewName\":\"etm.portal.ui.managerequests.view.NewRequest\",\"properties\":{\"icon\":\"sap-icon://slim-arrow-down\"}}"}]}
RESULT: undefined
COMMAND: POST /session/2fbb17261cc6fb074d1493bb698829b1/element - {"using":"xpath","value":"//*[@id=\"__title25-expandBtn-img\"]"}
RESULT: {"using":"xpath","value":"//*[@id=\"__title25-expandBtn-img\"]"}
COMMAND: POST /session/2fbb17261cc6fb074d1493bb698829b1/element/f.73F923247D4A980C1D654B50CBD09E00.d.525711BF6494F53CFBB50AED896A8F72.e.2902/click - {}
RESULT: {}
COMMAND: GET /session/2fbb17261cc6fb074d1493bb698829b1/screenshot - {}
RESULT: {}
COMMAND: POST /session/2fbb17261cc6fb074d1493bb698829b1/element - {"using":"xpath","value":"//div[contains(@data-kt ,\"splitAllocationObjectStatus\")]"}
RESULT: {"using":"xpath","value":"//div[contains(@data-kt ,\"splitAllocationObjectStatus\")]"}
COMMAND: POST /session/2fbb17261cc6fb074d1493bb698829b1/elements - {"using":"xpath","value":"//div[contains(@data-kt ,\"splitAllocationObjectStatus\")]"}
RESULT: {"using":"xpath","value":"//div[contains(@data-kt ,\"splitAllocationObjectStatus\")]"}
COMMAND: POST /session/2fbb17261cc6fb074d1493bb698829b1/execute/async - {"script":"<script> [1562 bytes]","args":[{"selector":{"controlType":"sap.ui.core.Icon","viewName":"etm.portal.ui.managerequests.view.NewRequest","properties":{"src":{"regex":{"source":"message\\-error"}}},"ancestor":{"controlType":"sap.m.ColumnListItem","viewName":"etm.portal.ui.managerequests.view.NewRequest","bindingPath":{"modelName":"newRequestItems","path":"/RequestItems/0"},"ancestor":{"id":"requestItemsTable","viewName":"etm.portal.ui.managerequests.view.NewRequest"}}},"wdio_ui5_key":"etmportal.ui.managerequests.view.NewRequestsap.ui.core.Icon{\"src\":{\"regex\":{\"source\":\"message\\\\-error\"}}}{\"controlType\":\"sap.m.ColumnListItem\",\"viewName\":\"etm.portal.ui.managerequests.view.NewRequest\",\"bindingPath\":{\"modelName\":\"newRequestItems\",\"path\":\"/RequestItems/0\"},\"ancestor\":{\"id\":\"requestItemsTable\",\"viewName\":\"etm.portal.ui.managerequests.view.NewRequest\"}}"}]}
RESULT: {"script":"<script> [1562 bytes]","args":[{"selector":{"controlType":"sap.ui.core.Icon","viewName":"etm.portal.ui.managerequests.view.NewRequest","properties":{"src":{"regex":{"source":"message\\-error"}}},"ancestor":{"controlType":"sap.m.ColumnListItem","viewName":"etm.portal.ui.managerequests.view.NewRequest","bindingPath":{"modelName":"newRequestItems","path":"/RequestItems/0"},"ancestor":{"id":"requestItemsTable","viewName":"etm.portal.ui.managerequests.view.NewRequest"}}},"wdio_ui5_key":"etmportal.ui.managerequests.view.NewRequestsap.ui.core.Icon{\"src\":{\"regex\":{\"source\":\"message\\\\-error\"}}}{\"controlType\":\"sap.m.ColumnListItem\",\"viewName\":\"etm.portal.ui.managerequests.view.NewRequest\",\"bindingPath\":{\"modelName\":\"newRequestItems\",\"path\":\"/RequestItems/0\"},\"ancestor\":{\"id\":\"requestItemsTable\",\"viewName\":\"etm.portal.ui.managerequests.view.NewRequest\"}}"}]}
RESULT: undefined
COMMAND: POST /session/2fbb17261cc6fb074d1493bb698829b1/element - {"using":"xpath","value":"//*[@id=\"__status6-__xmlview59--requestItemsTable-0-icon\"]"}
RESULT: {"using":"xpath","value":"//*[@id=\"__status6-__xmlview59--requestItemsTable-0-icon\"]"}
COMMAND: POST /session/2fbb17261cc6fb074d1493bb698829b1/element/f.73F923247D4A980C1D654B50CBD09E00.d.525711BF6494F53CFBB50AED896A8F72.e.2883/click - {}
RESULT: {}
COMMAND: GET /session/2fbb17261cc6fb074d1493bb698829b1/screenshot - {}
RESULT: {}
COMMAND: POST /session/2fbb17261cc6fb074d1493bb698829b1/execute/async - {"script":"<script> [1562 bytes]","args":[{"selector":{"id":"costObjectAdminTypeComboBox","viewName":"etm.portal.ui.managerequests.view.NewRequest","searchOpenDialogs":true,"interaction":{"idSuffix":"inner"}},"wdio_ui5_key":"costObjectAdminTypeComboBoxetmportal.ui.managerequests.view.NewRequest"}]}
RESULT: {"script":"<script> [1562 bytes]","args":[{"selector":{"id":"costObjectAdminTypeComboBox","viewName":"etm.portal.ui.managerequests.view.NewRequest","searchOpenDialogs":true,"interaction":{"idSuffix":"inner"}},"wdio_ui5_key":"costObjectAdminTypeComboBoxetmportal.ui.managerequests.view.NewRequest"}]}
RESULT: undefined
COMMAND: POST /session/2fbb17261cc6fb074d1493bb698829b1/execute/async - {"script":"<script> [776 bytes]","args":[{"enterText":"Cost Center","selector":{"id":"costObjectAdminTypeComboBox","viewName":"etm.portal.ui.managerequests.view.NewRequest","searchOpenDialogs":true,"interaction":{"idSuffix":"inner"}},"clearTextFirst":true,"interactionType":"ENTER_TEXT"}]}
RESULT: {"script":"<script> [776 bytes]","args":[{"enterText":"Cost Center","selector":{"id":"costObjectAdminTypeComboBox","viewName":"etm.portal.ui.managerequests.view.NewRequest","searchOpenDialogs":true,"interaction":{"idSuffix":"inner"}},"clearTextFirst":true,"interactionType":"ENTER_TEXT"}]}
COMMAND: POST /session/2fbb17261cc6fb074d1493bb698829b1/actions - {"actions":[{"id":"action20","type":"key","parameters":{},"actions":[{"type":"keyDown","value":""},{"type":"pause","duration":10},{"type":"keyUp","value":""}]}]}
RESULT: {"actions":[{"id":"action20","type":"key","parameters":{},"actions":[{"type":"keyDown","value":""},{"type":"pause","duration":10},{"type":"keyUp","value":""}]}]}
COMMAND: GET /session/2fbb17261cc6fb074d1493bb698829b1/screenshot - {}
RESULT: {}
COMMAND: POST /session/2fbb17261cc6fb074d1493bb698829b1/execute/async - {"script":"<script> [1562 bytes]","args":[{"selector":{"id":"costObjectIdComboBox","viewName":"etm.portal.ui.managerequests.view.NewRequest","searchOpenDialogs":true,"interaction":{"idSuffix":"inner"}},"wdio_ui5_key":"costObjectIdComboBoxetmportal.ui.managerequests.view.NewRequest"}]}
RESULT: {"script":"<script> [1562 bytes]","args":[{"selector":{"id":"costObjectIdComboBox","viewName":"etm.portal.ui.managerequests.view.NewRequest","searchOpenDialogs":true,"interaction":{"idSuffix":"inner"}},"wdio_ui5_key":"costObjectIdComboBoxetmportal.ui.managerequests.view.NewRequest"}]}
RESULT: undefined
COMMAND: POST /session/2fbb17261cc6fb074d1493bb698829b1/execute/async - {"script":"<script> [776 bytes]","args":[{"enterText":"1001 - 1001","selector":{"id":"costObjectIdComboBox","viewName":"etm.portal.ui.managerequests.view.NewRequest","searchOpenDialogs":true,"interaction":{"idSuffix":"inner"}},"clearTextFirst":true,"interactionType":"ENTER_TEXT"}]}
RESULT: {"script":"<script> [776 bytes]","args":[{"enterText":"1001 - 1001","selector":{"id":"costObjectIdComboBox","viewName":"etm.portal.ui.managerequests.view.NewRequest","searchOpenDialogs":true,"interaction":{"idSuffix":"inner"}},"clearTextFirst":true,"interactionType":"ENTER_TEXT"}]}
COMMAND: POST /session/2fbb17261cc6fb074d1493bb698829b1/actions - {"actions":[{"id":"action21","type":"key","parameters":{},"actions":[{"type":"keyDown","value":""},{"type":"pause","duration":10},{"type":"keyUp","value":""}]}]}
RESULT: {"actions":[{"id":"action21","type":"key","parameters":{},"actions":[{"type":"keyDown","value":""},{"type":"pause","duration":10},{"type":"keyUp","value":""}]}]}
COMMAND: GET /session/2fbb17261cc6fb074d1493bb698829b1/screenshot - {}
RESULT: {}
COMMAND: POST /session/2fbb17261cc6fb074d1493bb698829b1/element - {"using":"xpath","value":"(//bdi[(text() = 'Save' or . = 'Save')])[1]"}
RESULT: {"using":"xpath","value":"(//bdi[(text() = 'Save' or . = 'Save')])[1]"}
COMMAND: POST /session/2fbb17261cc6fb074d1493bb698829b1/element/f.73F923247D4A980C1D654B50CBD09E00.d.525711BF6494F53CFBB50AED896A8F72.e.2922/click - {}
RESULT: {}
COMMAND: POST /session/2fbb17261cc6fb074d1493bb698829b1/execute/async - {"script":"<script> [1562 bytes]","args":[{"selector":{"controlType":"sap.ui.core.Icon","viewName":"etm.portal.ui.managerequests.view.NewRequest","properties":{"src":{"regex":{"source":"message\\-error"}}},"ancestor":{"controlType":"sap.m.ColumnListItem","viewName":"etm.portal.ui.managerequests.view.NewRequest","bindingPath":{"modelName":"newRequestItems","path":"/RequestItems/1"},"ancestor":{"id":"requestItemsTable","viewName":"etm.portal.ui.managerequests.view.NewRequest"}}},"wdio_ui5_key":"etmportal.ui.managerequests.view.NewRequestsap.ui.core.Icon{\"src\":{\"regex\":{\"source\":\"message\\\\-error\"}}}{\"controlType\":\"sap.m.ColumnListItem\",\"viewName\":\"etm.portal.ui.managerequests.view.NewRequest\",\"bindingPath\":{\"modelName\":\"newRequestItems\",\"path\":\"/RequestItems/1\"},\"ancestor\":{\"id\":\"requestItemsTable\",\"viewName\":\"etm.portal.ui.managerequests.view.NewRequest\"}}"}]}
COMMAND: GET /session/2fbb17261cc6fb074d1493bb698829b1/screenshot - {}
RESULT: {"script":"<script> [1562 bytes]","args":[{"selector":{"controlType":"sap.ui.core.Icon","viewName":"etm.portal.ui.managerequests.view.NewRequest","properties":{"src":{"regex":{"source":"message\\-error"}}},"ancestor":{"controlType":"sap.m.ColumnListItem","viewName":"etm.portal.ui.managerequests.view.NewRequest","bindingPath":{"modelName":"newRequestItems","path":"/RequestItems/1"},"ancestor":{"id":"requestItemsTable","viewName":"etm.portal.ui.managerequests.view.NewRequest"}}},"wdio_ui5_key":"etmportal.ui.managerequests.view.NewRequestsap.ui.core.Icon{\"src\":{\"regex\":{\"source\":\"message\\\\-error\"}}}{\"controlType\":\"sap.m.ColumnListItem\",\"viewName\":\"etm.portal.ui.managerequests.view.NewRequest\",\"bindingPath\":{\"modelName\":\"newRequestItems\",\"path\":\"/RequestItems/1\"},\"ancestor\":{\"id\":\"requestItemsTable\",\"viewName\":\"etm.portal.ui.managerequests.view.NewRequest\"}}"}]}
RESULT: undefined
COMMAND: POST /session/2fbb17261cc6fb074d1493bb698829b1/element - {"using":"xpath","value":"//*[@id=\"__status6-__xmlview59--requestItemsTable-1-icon\"]"}
RESULT: {}
RESULT: {"using":"xpath","value":"//*[@id=\"__status6-__xmlview59--requestItemsTable-1-icon\"]"}
COMMAND: POST /session/2fbb17261cc6fb074d1493bb698829b1/element/f.73F923247D4A980C1D654B50CBD09E00.d.525711BF6494F53CFBB50AED896A8F72.e.2900/click - {}
RESULT: {}
COMMAND: GET /session/2fbb17261cc6fb074d1493bb698829b1/screenshot - {}
RESULT: {}
RESULT: undefined
COMMAND: POST /session/2fbb17261cc6fb074d1493bb698829b1/execute/async - {"script":"<script> [776 bytes]","args":[{"enterText":"Cost Center","selector":{"id":"costObjectAdminTypeComboBox","viewName":"etm.portal.ui.managerequests.view.NewRequest","searchOpenDialogs":true,"interaction":{"idSuffix":"inner"}},"clearTextFirst":true,"interactionType":"ENTER_TEXT"}]}
RESULT: {"script":"<script> [776 bytes]","args":[{"enterText":"Cost Center","selector":{"id":"costObjectAdminTypeComboBox","viewName":"etm.portal.ui.managerequests.view.NewRequest","searchOpenDialogs":true,"interaction":{"idSuffix":"inner"}},"clearTextFirst":true,"interactionType":"ENTER_TEXT"}]}
COMMAND: POST /session/2fbb17261cc6fb074d1493bb698829b1/actions - {"actions":[{"id":"action22","type":"key","parameters":{},"actions":[{"type":"keyDown","value":""},{"type":"pause","duration":10},{"type":"keyUp","value":""}]}]}
RESULT: {"actions":[{"id":"action22","type":"key","parameters":{},"actions":[{"type":"keyDown","value":""},{"type":"pause","duration":10},{"type":"keyUp","value":""}]}]}
COMMAND: GET /session/2fbb17261cc6fb074d1493bb698829b1/screenshot - {}
RESULT: {}
RESULT: undefined
COMMAND: POST /session/2fbb17261cc6fb074d1493bb698829b1/execute/async - {"script":"<script> [776 bytes]","args":[{"enterText":"1001 - 1001","selector":{"id":"costObjectIdComboBox","viewName":"etm.portal.ui.managerequests.view.NewRequest","searchOpenDialogs":true,"interaction":{"idSuffix":"inner"}},"clearTextFirst":true,"interactionType":"ENTER_TEXT"}]}
RESULT: {"script":"<script> [776 bytes]","args":[{"enterText":"1001 - 1001","selector":{"id":"costObjectIdComboBox","viewName":"etm.portal.ui.managerequests.view.NewRequest","searchOpenDialogs":true,"interaction":{"idSuffix":"inner"}},"clearTextFirst":true,"interactionType":"ENTER_TEXT"}]}
COMMAND: POST /session/2fbb17261cc6fb074d1493bb698829b1/actions - {"actions":[{"id":"action23","type":"key","parameters":{},"actions":[{"type":"keyDown","value":""},{"type":"pause","duration":10},{"type":"keyUp","value":""}]}]}
RESULT: {"actions":[{"id":"action23","type":"key","parameters":{},"actions":[{"type":"keyDown","value":""},{"type":"pause","duration":10},{"type":"keyUp","value":""}]}]}
COMMAND: GET /session/2fbb17261cc6fb074d1493bb698829b1/screenshot - {}
RESULT: {}
COMMAND: POST /session/2fbb17261cc6fb074d1493bb698829b1/element - {"using":"xpath","value":"(//bdi[(text() = 'Save' or . = 'Save')])[1]"}
RESULT: {"using":"xpath","value":"(//bdi[(text() = 'Save' or . = 'Save')])[1]"}
COMMAND: POST /session/2fbb17261cc6fb074d1493bb698829b1/element/f.73F923247D4A980C1D654B50CBD09E00.d.525711BF6494F53CFBB50AED896A8F72.e.2936/click - {}
RESULT: {}
COMMAND: POST /session/2fbb17261cc6fb074d1493bb698829b1/execute/async - {"script":"<script> [1562 bytes]","args":[{"selector":{"controlType":"sap.ui.core.Icon","viewName":"etm.portal.ui.managerequests.view.NewRequest","properties":{"src":{"regex":{"source":"decline"}}},"ancestor":{"controlType":"sap.m.Token","viewName":"etm.portal.ui.managerequests.view.NewRequest","bindingPath":{"path":"/RequestItems/0/TOKENS/0","propertyPath":"TAG","modelName":"newRequestItems"}}},"wdio_ui5_key":"etmportal.ui.managerequests.view.NewRequestsap.ui.core.Icon{\"src\":{\"regex\":{\"source\":\"decline\"}}}{\"controlType\":\"sap.m.Token\",\"viewName\":\"etm.portal.ui.managerequests.view.NewRequest\",\"bindingPath\":{\"path\":\"/RequestItems/0/TOKENS/0\",\"propertyPath\":\"TAG\",\"modelName\":\"newRequestItems\"}}"}]}
COMMAND: GET /session/2fbb17261cc6fb074d1493bb698829b1/screenshot - {}
RESULT: {"script":"<script> [1562 bytes]","args":[{"selector":{"controlType":"sap.ui.core.Icon","viewName":"etm.portal.ui.managerequests.view.NewRequest","properties":{"src":{"regex":{"source":"decline"}}},"ancestor":{"controlType":"sap.m.Token","viewName":"etm.portal.ui.managerequests.view.NewRequest","bindingPath":{"path":"/RequestItems/0/TOKENS/0","propertyPath":"TAG","modelName":"newRequestItems"}}},"wdio_ui5_key":"etmportal.ui.managerequests.view.NewRequestsap.ui.core.Icon{\"src\":{\"regex\":{\"source\":\"decline\"}}}{\"controlType\":\"sap.m.Token\",\"viewName\":\"etm.portal.ui.managerequests.view.NewRequest\",\"bindingPath\":{\"path\":\"/RequestItems/0/TOKENS/0\",\"propertyPath\":\"TAG\",\"modelName\":\"newRequestItems\"}}"}]}
RESULT: undefined
COMMAND: POST /session/2fbb17261cc6fb074d1493bb698829b1/element - {"using":"xpath","value":"//*[@id=\"__token7-__tokenizer62-__xmlview59--requestItemsTable-0-0-icon\"]"}
RESULT: {}
RESULT: {"using":"xpath","value":"//*[@id=\"__token7-__tokenizer62-__xmlview59--requestItemsTable-0-0-icon\"]"}
COMMAND: POST /session/2fbb17261cc6fb074d1493bb698829b1/element/f.73F923247D4A980C1D654B50CBD09E00.d.525711BF6494F53CFBB50AED896A8F72.e.2938/click - {}
RESULT: {}
COMMAND: GET /session/2fbb17261cc6fb074d1493bb698829b1/screenshot - {}
RESULT: {}
COMMAND: POST /session/2fbb17261cc6fb074d1493bb698829b1/actions - {"actions":[{"id":"action24","type":"key","parameters":{},"actions":[{"type":"keyDown","value":""},{"type":"pause","duration":10},{"type":"keyUp","value":""}]}]}
RESULT: {"actions":[{"id":"action24","type":"key","parameters":{},"actions":[{"type":"keyDown","value":""},{"type":"pause","duration":10},{"type":"keyUp","value":""}]}]}
COMMAND: GET /session/2fbb17261cc6fb074d1493bb698829b1/screenshot - {}
RESULT: {}
COMMAND: POST /session/2fbb17261cc6fb074d1493bb698829b1/execute/async - {"script":"<script> [1562 bytes]","args":[{"selector":{"controlType":"sap.m.Tokenizer","viewName":"etm.portal.ui.managerequests.view.NewRequest","bindingPath":{"path":"/RequestItems/0","propertyPath":"TOKENS","modelName":"newRequestItems"}},"wdio_ui5_key":"etmportal.ui.managerequests.view.NewRequestsap.m.Tokenizer{\"path\":\"/RequestItems/0\",\"propertyPath\":\"TOKENS\",\"modelName\":\"newRequestItems\"}"}]}
RESULT: {"script":"<script> [1562 bytes]","args":[{"selector":{"controlType":"sap.m.Tokenizer","viewName":"etm.portal.ui.managerequests.view.NewRequest","bindingPath":{"path":"/RequestItems/0","propertyPath":"TOKENS","modelName":"newRequestItems"}},"wdio_ui5_key":"etmportal.ui.managerequests.view.NewRequestsap.m.Tokenizer{\"path\":\"/RequestItems/0\",\"propertyPath\":\"TOKENS\",\"modelName\":\"newRequestItems\"}"}]}
RESULT: undefined
COMMAND: POST /session/2fbb17261cc6fb074d1493bb698829b1/execute/async - {"script":"<script> [6424 bytes]","args":[{"element-6066-11e4-a52e-4f735466cecf":"f.73F923247D4A980C1D654B50CBD09E00.d.525711BF6494F53CFBB50AED896A8F72.e.2944"},"getTokens",[]]}
RESULT: {"script":"<script> [6424 bytes]","args":[{"element-6066-11e4-a52e-4f735466cecf":"f.73F923247D4A980C1D654B50CBD09E00.d.525711BF6494F53CFBB50AED896A8F72.e.2944"},"getTokens",[]]}
COMMAND: POST /session/2fbb17261cc6fb074d1493bb698829b1/execute/async - {"script":"<script> [1562 bytes]","args":[{"wdio_ui5_key":"__token7-__tokenizer62-__xmlview59--requestItemsTable-0-0","selector":{"id":"__token7-__tokenizer62-__xmlview59--requestItemsTable-0-0"}}]}
RESULT: {"script":"<script> [1562 bytes]","args":[{"wdio_ui5_key":"__token7-__tokenizer62-__xmlview59--requestItemsTable-0-0","selector":{"id":"__token7-__tokenizer62-__xmlview59--requestItemsTable-0-0"}}]}
RESULT: undefined
RESULT: undefined
COMMAND: POST /session/2fbb17261cc6fb074d1493bb698829b1/execute/async - {"script":"<script> [776 bytes]","args":[{"enterText":"tagRequest1","selector":{"controlType":"sap.m.Input","viewName":"etm.portal.ui.managerequests.view.NewRequest","bindingPath":{"path":"","propertyPath":"/Tags","modelName":"catalogModel"},"ancestor":{"controlType":"sap.m.ColumnListItem","viewName":"etm.portal.ui.managerequests.view.NewRequest","bindingPath":{"modelName":"newRequestItems","path":"/RequestItems/0"},"ancestor":{"id":"requestItemsTable","viewName":"etm.portal.ui.managerequests.view.NewRequest"}},"interaction":{"idSuffix":"inner"}},"clearTextFirst":true,"interactionType":"ENTER_TEXT"}]}
RESULT: {"script":"<script> [776 bytes]","args":[{"enterText":"tagRequest1","selector":{"controlType":"sap.m.Input","viewName":"etm.portal.ui.managerequests.view.NewRequest","bindingPath":{"path":"","propertyPath":"/Tags","modelName":"catalogModel"},"ancestor":{"controlType":"sap.m.ColumnListItem","viewName":"etm.portal.ui.managerequests.view.NewRequest","bindingPath":{"modelName":"newRequestItems","path":"/RequestItems/0"},"ancestor":{"id":"requestItemsTable","viewName":"etm.portal.ui.managerequests.view.NewRequest"}},"interaction":{"idSuffix":"inner"}},"clearTextFirst":true,"interactionType":"ENTER_TEXT"}]}
COMMAND: POST /session/2fbb17261cc6fb074d1493bb698829b1/actions - {"actions":[{"id":"action25","type":"key","parameters":{},"actions":[{"type":"keyDown","value":""},{"type":"pause","duration":10},{"type":"keyUp","value":""}]}]}
RESULT: {"actions":[{"id":"action25","type":"key","parameters":{},"actions":[{"type":"keyDown","value":""},{"type":"pause","duration":10},{"type":"keyUp","value":""}]}]}
COMMAND: GET /session/2fbb17261cc6fb074d1493bb698829b1/screenshot - {}
RESULT: {}
RESULT: undefined
COMMAND: POST /session/2fbb17261cc6fb074d1493bb698829b1/execute/async - {"script":"<script> [6424 bytes]","args":[{"element-6066-11e4-a52e-4f735466cecf":"f.73F923247D4A980C1D654B50CBD09E00.d.525711BF6494F53CFBB50AED896A8F72.e.2944"},"getTokens",[]]}
RESULT: {"script":"<script> [6424 bytes]","args":[{"element-6066-11e4-a52e-4f735466cecf":"f.73F923247D4A980C1D654B50CBD09E00.d.525711BF6494F53CFBB50AED896A8F72.e.2944"},"getTokens",[]]}
COMMAND: POST /session/2fbb17261cc6fb074d1493bb698829b1/execute/async - {"script":"<script> [1562 bytes]","args":[{"wdio_ui5_key":"__token7-__tokenizer62-__xmlview59--requestItemsTable-0-1","selector":{"id":"__token7-__tokenizer62-__xmlview59--requestItemsTable-0-1"}}]}
RESULT: undefined
RESULT: {"script":"<script> [1562 bytes]","args":[{"wdio_ui5_key":"__token7-__tokenizer62-__xmlview59--requestItemsTable-0-1","selector":{"id":"__token7-__tokenizer62-__xmlview59--requestItemsTable-0-1"}}]}
RESULT: undefined
COMMAND: POST /session/2fbb17261cc6fb074d1493bb698829b1/execute/async - {"script":"<script> [1562 bytes]","args":[{"selector":{"controlType":"sap.ui.core.Icon","viewName":"etm.portal.ui.managerequests.view.NewRequest","properties":{"src":{"regex":{"source":"decline"}}},"ancestor":{"controlType":"sap.m.Token","viewName":"etm.portal.ui.managerequests.view.NewRequest","bindingPath":{"path":"/RequestItems/1/TOKENS/0","propertyPath":"TAG","modelName":"newRequestItems"}}},"wdio_ui5_key":"etmportal.ui.managerequests.view.NewRequestsap.ui.core.Icon{\"src\":{\"regex\":{\"source\":\"decline\"}}}{\"controlType\":\"sap.m.Token\",\"viewName\":\"etm.portal.ui.managerequests.view.NewRequest\",\"bindingPath\":{\"path\":\"/RequestItems/1/TOKENS/0\",\"propertyPath\":\"TAG\",\"modelName\":\"newRequestItems\"}}"}]}
RESULT: {"script":"<script> [1562 bytes]","args":[{"selector":{"controlType":"sap.ui.core.Icon","viewName":"etm.portal.ui.managerequests.view.NewRequest","properties":{"src":{"regex":{"source":"decline"}}},"ancestor":{"controlType":"sap.m.Token","viewName":"etm.portal.ui.managerequests.view.NewRequest","bindingPath":{"path":"/RequestItems/1/TOKENS/0","propertyPath":"TAG","modelName":"newRequestItems"}}},"wdio_ui5_key":"etmportal.ui.managerequests.view.NewRequestsap.ui.core.Icon{\"src\":{\"regex\":{\"source\":\"decline\"}}}{\"controlType\":\"sap.m.Token\",\"viewName\":\"etm.portal.ui.managerequests.view.NewRequest\",\"bindingPath\":{\"path\":\"/RequestItems/1/TOKENS/0\",\"propertyPath\":\"TAG\",\"modelName\":\"newRequestItems\"}}"}]}
RESULT: undefined
COMMAND: POST /session/2fbb17261cc6fb074d1493bb698829b1/element - {"using":"xpath","value":"//*[@id=\"__token7-__tokenizer62-__xmlview59--requestItemsTable-1-0-icon\"]"}
RESULT: {"using":"xpath","value":"//*[@id=\"__token7-__tokenizer62-__xmlview59--requestItemsTable-1-0-icon\"]"}
COMMAND: POST /session/2fbb17261cc6fb074d1493bb698829b1/element/f.73F923247D4A980C1D654B50CBD09E00.d.525711BF6494F53CFBB50AED896A8F72.e.2946/click - {}
RESULT: {}
COMMAND: GET /session/2fbb17261cc6fb074d1493bb698829b1/screenshot - {}
RESULT: {}
COMMAND: POST /session/2fbb17261cc6fb074d1493bb698829b1/actions - {"actions":[{"id":"action26","type":"key","parameters":{},"actions":[{"type":"keyDown","value":""},{"type":"pause","duration":10},{"type":"keyUp","value":""}]}]}
RESULT: {"actions":[{"id":"action26","type":"key","parameters":{},"actions":[{"type":"keyDown","value":""},{"type":"pause","duration":10},{"type":"keyUp","value":""}]}]}
COMMAND: GET /session/2fbb17261cc6fb074d1493bb698829b1/screenshot - {}
RESULT: {}
COMMAND: POST /session/2fbb17261cc6fb074d1493bb698829b1/execute/async - {"script":"<script> [1562 bytes]","args":[{"selector":{"controlType":"sap.m.Tokenizer","viewName":"etm.portal.ui.managerequests.view.NewRequest","bindingPath":{"path":"/RequestItems/1","propertyPath":"TOKENS","modelName":"newRequestItems"}},"wdio_ui5_key":"etmportal.ui.managerequests.view.NewRequestsap.m.Tokenizer{\"path\":\"/RequestItems/1\",\"propertyPath\":\"TOKENS\",\"modelName\":\"newRequestItems\"}"}]}
RESULT: {"script":"<script> [1562 bytes]","args":[{"selector":{"controlType":"sap.m.Tokenizer","viewName":"etm.portal.ui.managerequests.view.NewRequest","bindingPath":{"path":"/RequestItems/1","propertyPath":"TOKENS","modelName":"newRequestItems"}},"wdio_ui5_key":"etmportal.ui.managerequests.view.NewRequestsap.m.Tokenizer{\"path\":\"/RequestItems/1\",\"propertyPath\":\"TOKENS\",\"modelName\":\"newRequestItems\"}"}]}
RESULT: undefined
COMMAND: POST /session/2fbb17261cc6fb074d1493bb698829b1/execute/async - {"script":"<script> [6424 bytes]","args":[{"element-6066-11e4-a52e-4f735466cecf":"f.73F923247D4A980C1D654B50CBD09E00.d.525711BF6494F53CFBB50AED896A8F72.e.2952"},"getTokens",[]]}
RESULT: {"script":"<script> [6424 bytes]","args":[{"element-6066-11e4-a52e-4f735466cecf":"f.73F923247D4A980C1D654B50CBD09E00.d.525711BF6494F53CFBB50AED896A8F72.e.2952"},"getTokens",[]]}
COMMAND: POST /session/2fbb17261cc6fb074d1493bb698829b1/execute/async - {"script":"<script> [1562 bytes]","args":[{"wdio_ui5_key":"__token7-__tokenizer62-__xmlview59--requestItemsTable-1-0","selector":{"id":"__token7-__tokenizer62-__xmlview59--requestItemsTable-1-0"}}]}
RESULT: {"script":"<script> [1562 bytes]","args":[{"wdio_ui5_key":"__token7-__tokenizer62-__xmlview59--requestItemsTable-1-0","selector":{"id":"__token7-__tokenizer62-__xmlview59--requestItemsTable-1-0"}}]}
RESULT: undefined
RESULT: undefined
COMMAND: POST /session/2fbb17261cc6fb074d1493bb698829b1/execute/async - {"script":"<script> [776 bytes]","args":[{"enterText":"tagRequest1","selector":{"controlType":"sap.m.Input","viewName":"etm.portal.ui.managerequests.view.NewRequest","bindingPath":{"path":"","propertyPath":"/Tags","modelName":"catalogModel"},"ancestor":{"controlType":"sap.m.ColumnListItem","viewName":"etm.portal.ui.managerequests.view.NewRequest","bindingPath":{"modelName":"newRequestItems","path":"/RequestItems/1"},"ancestor":{"id":"requestItemsTable","viewName":"etm.portal.ui.managerequests.view.NewRequest"}},"interaction":{"idSuffix":"inner"}},"clearTextFirst":true,"interactionType":"ENTER_TEXT"}]}
RESULT: {"script":"<script> [776 bytes]","args":[{"enterText":"tagRequest1","selector":{"controlType":"sap.m.Input","viewName":"etm.portal.ui.managerequests.view.NewRequest","bindingPath":{"path":"","propertyPath":"/Tags","modelName":"catalogModel"},"ancestor":{"controlType":"sap.m.ColumnListItem","viewName":"etm.portal.ui.managerequests.view.NewRequest","bindingPath":{"modelName":"newRequestItems","path":"/RequestItems/1"},"ancestor":{"id":"requestItemsTable","viewName":"etm.portal.ui.managerequests.view.NewRequest"}},"interaction":{"idSuffix":"inner"}},"clearTextFirst":true,"interactionType":"ENTER_TEXT"}]}
COMMAND: POST /session/2fbb17261cc6fb074d1493bb698829b1/actions - {"actions":[{"id":"action27","type":"key","parameters":{},"actions":[{"type":"keyDown","value":""},{"type":"pause","duration":10},{"type":"keyUp","value":""}]}]}
RESULT: {"actions":[{"id":"action27","type":"key","parameters":{},"actions":[{"type":"keyDown","value":""},{"type":"pause","duration":10},{"type":"keyUp","value":""}]}]}
COMMAND: GET /session/2fbb17261cc6fb074d1493bb698829b1/screenshot - {}
RESULT: {}
RESULT: undefined
COMMAND: POST /session/2fbb17261cc6fb074d1493bb698829b1/execute/async - {"script":"<script> [6424 bytes]","args":[{"element-6066-11e4-a52e-4f735466cecf":"f.73F923247D4A980C1D654B50CBD09E00.d.525711BF6494F53CFBB50AED896A8F72.e.2952"},"getTokens",[]]}
RESULT: {"script":"<script> [6424 bytes]","args":[{"element-6066-11e4-a52e-4f735466cecf":"f.73F923247D4A980C1D654B50CBD09E00.d.525711BF6494F53CFBB50AED896A8F72.e.2952"},"getTokens",[]]}
COMMAND: POST /session/2fbb17261cc6fb074d1493bb698829b1/execute/async - {"script":"<script> [1562 bytes]","args":[{"wdio_ui5_key":"__token7-__tokenizer62-__xmlview59--requestItemsTable-1-1","selector":{"id":"__token7-__tokenizer62-__xmlview59--requestItemsTable-1-1"}}]}
RESULT: undefined
RESULT: {"script":"<script> [1562 bytes]","args":[{"wdio_ui5_key":"__token7-__tokenizer62-__xmlview59--requestItemsTable-1-1","selector":{"id":"__token7-__tokenizer62-__xmlview59--requestItemsTable-1-1"}}]}
RESULT: undefined
COMMAND: POST /session/2fbb17261cc6fb074d1493bb698829b1/execute/async - {"script":"<script> [1562 bytes]","args":[{"selector":{"controlType":"sap.m.Button","viewName":"etm.portal.ui.managerequests.view.NewRequest","properties":{"text":"Save"},"i18NText":{"propertyName":"tooltip","key":"save"},"interaction":{"idSuffix":"BDI-content"}},"wdio_ui5_key":"etmportal.ui.managerequests.view.NewRequestsap.m.Button{\"propertyName\":\"tooltip\",\"key\":\"save\"}{\"text\":\"Save\"}"}]}
RESULT: {"script":"<script> [1562 bytes]","args":[{"selector":{"controlType":"sap.m.Button","viewName":"etm.portal.ui.managerequests.view.NewRequest","properties":{"text":"Save"},"i18NText":{"propertyName":"tooltip","key":"save"},"interaction":{"idSuffix":"BDI-content"}},"wdio_ui5_key":"etmportal.ui.managerequests.view.NewRequestsap.m.Button{\"propertyName\":\"tooltip\",\"key\":\"save\"}{\"text\":\"Save\"}"}]}
RESULT: undefined
COMMAND: POST /session/2fbb17261cc6fb074d1493bb698829b1/element - {"using":"xpath","value":"//*[@id=\"__button117\"]"}
RESULT: {"using":"xpath","value":"//*[@id=\"__button117\"]"}
COMMAND: POST /session/2fbb17261cc6fb074d1493bb698829b1/element/f.73F923247D4A980C1D654B50CBD09E00.d.525711BF6494F53CFBB50AED896A8F72.e.2729/click - {}
RESULT: {}
COMMAND: GET /session/2fbb17261cc6fb074d1493bb698829b1/screenshot - {}
RESULT: {}
COMMAND: POST /session/2fbb17261cc6fb074d1493bb698829b1/element - {"using":"xpath","value":"//bdi[contains(@id ,\"BDI-content\")][contains(text(), \"Close\")]"}
RESULT: {"using":"xpath","value":"//bdi[contains(@id ,\"BDI-content\")][contains(text(), \"Close\")]"}
COMMAND: POST /session/2fbb17261cc6fb074d1493bb698829b1/element/f.73F923247D4A980C1D654B50CBD09E00.d.525711BF6494F53CFBB50AED896A8F72.e.2961/click - {}
RESULT: {}
COMMAND: GET /session/2fbb17261cc6fb074d1493bb698829b1/screenshot - {}
RESULT: {}
]]></system-out>
    </testcase>
    <testcase classname="chrome.136_0_7103_93.windows.Manage_Requests_Tags_Tests_US120163" name="Should Edit Request Tags" time="99.737">
      <system-out><![CDATA[
COMMAND: POST /session/2fbb17261cc6fb074d1493bb698829b1/execute/async - {"script":"<script> [1562 bytes]","args":[{"selector":{"controlType":"sap.ui.core.Icon","viewName":"etm.portal.ui.managerequests.view.Detail","properties":{"src":{"regex":{"source":"overflow"}}}},"wdio_ui5_key":"etmportal.ui.managerequests.view.Detailsap.ui.core.Icon{\"src\":{\"regex\":{\"source\":\"overflow\"}}}"}]}
RESULT: {"script":"<script> [1562 bytes]","args":[{"selector":{"controlType":"sap.ui.core.Icon","viewName":"etm.portal.ui.managerequests.view.Detail","properties":{"src":{"regex":{"source":"overflow"}}}},"wdio_ui5_key":"etmportal.ui.managerequests.view.Detailsap.ui.core.Icon{\"src\":{\"regex\":{\"source\":\"overflow\"}}}"}]}
RESULT: undefined
COMMAND: POST /session/2fbb17261cc6fb074d1493bb698829b1/element - {"using":"xpath","value":"//*[@id=\"__xmlview60--detailHeaderTitle-_actionsToolbar-overflowButton-img\"]"}
RESULT: {"using":"xpath","value":"//*[@id=\"__xmlview60--detailHeaderTitle-_actionsToolbar-overflowButton-img\"]"}
COMMAND: POST /session/2fbb17261cc6fb074d1493bb698829b1/element/f.73F923247D4A980C1D654B50CBD09E00.d.525711BF6494F53CFBB50AED896A8F72.e.3084/click - {}
RESULT: {}
COMMAND: GET /session/2fbb17261cc6fb074d1493bb698829b1/screenshot - {}
RESULT: {}
COMMAND: POST /session/2fbb17261cc6fb074d1493bb698829b1/execute/async - {"script":"<script> [1562 bytes]","args":[{"selector":{"controlType":"sap.uxap.ObjectPageHeaderActionButton","viewName":"etm.portal.ui.managerequests.view.Detail","i18NText":{"propertyName":"text","key":"edit"},"searchOpenDialogs":true,"interaction":{"idSuffix":"inner"}},"wdio_ui5_key":"etmportal.ui.managerequests.view.Detailsap.uxap.ObjectPageHeaderActionButton{\"propertyName\":\"text\",\"key\":\"edit\"}"}]}
RESULT: {"script":"<script> [1562 bytes]","args":[{"selector":{"controlType":"sap.uxap.ObjectPageHeaderActionButton","viewName":"etm.portal.ui.managerequests.view.Detail","i18NText":{"propertyName":"text","key":"edit"},"searchOpenDialogs":true,"interaction":{"idSuffix":"inner"}},"wdio_ui5_key":"etmportal.ui.managerequests.view.Detailsap.uxap.ObjectPageHeaderActionButton{\"propertyName\":\"text\",\"key\":\"edit\"}"}]}
RESULT: undefined
COMMAND: POST /session/2fbb17261cc6fb074d1493bb698829b1/element - {"using":"xpath","value":"//*[@id=\"__button138\"]"}
RESULT: {"using":"xpath","value":"//*[@id=\"__button138\"]"}
COMMAND: POST /session/2fbb17261cc6fb074d1493bb698829b1/element/f.73F923247D4A980C1D654B50CBD09E00.d.525711BF6494F53CFBB50AED896A8F72.e.3088/click - {}
RESULT: {}
COMMAND: GET /session/2fbb17261cc6fb074d1493bb698829b1/screenshot - {}
RESULT: {}
COMMAND: POST /session/2fbb17261cc6fb074d1493bb698829b1/execute/async - {"script":"<script> [1562 bytes]","args":[{"selector":{"controlType":"sap.ui.core.Icon","viewName":"etm.portal.ui.managerequests.view.Edit","properties":{"src":{"regex":{"source":"decline"}}},"ancestor":{"controlType":"sap.m.Token","viewName":"etm.portal.ui.managerequests.view.Edit","bindingPath":{"propertyPath":"TAG","modelName":"catalogModel"},"properties":{"text":"RefTag"}}},"wdio_ui5_key":"etmportal.ui.managerequests.view.Editsap.ui.core.Icon{\"src\":{\"regex\":{\"source\":\"decline\"}}}{\"controlType\":\"sap.m.Token\",\"viewName\":\"etm.portal.ui.managerequests.view.Edit\",\"bindingPath\":{\"propertyPath\":\"TAG\",\"modelName\":\"catalogModel\"},\"properties\":{\"text\":\"RefTag\"}}"}]}
RESULT: {"script":"<script> [1562 bytes]","args":[{"selector":{"controlType":"sap.ui.core.Icon","viewName":"etm.portal.ui.managerequests.view.Edit","properties":{"src":{"regex":{"source":"decline"}}},"ancestor":{"controlType":"sap.m.Token","viewName":"etm.portal.ui.managerequests.view.Edit","bindingPath":{"propertyPath":"TAG","modelName":"catalogModel"},"properties":{"text":"RefTag"}}},"wdio_ui5_key":"etmportal.ui.managerequests.view.Editsap.ui.core.Icon{\"src\":{\"regex\":{\"source\":\"decline\"}}}{\"controlType\":\"sap.m.Token\",\"viewName\":\"etm.portal.ui.managerequests.view.Edit\",\"bindingPath\":{\"propertyPath\":\"TAG\",\"modelName\":\"catalogModel\"},\"properties\":{\"text\":\"RefTag\"}}"}]}
RESULT: undefined
COMMAND: POST /session/2fbb17261cc6fb074d1493bb698829b1/element - {"using":"xpath","value":"//*[@id=\"__token13-__tokenizer64-0-icon\"]"}
RESULT: {"using":"xpath","value":"//*[@id=\"__token13-__tokenizer64-0-icon\"]"}
COMMAND: POST /session/2fbb17261cc6fb074d1493bb698829b1/element/f.73F923247D4A980C1D654B50CBD09E00.d.525711BF6494F53CFBB50AED896A8F72.e.3197/click - {}
RESULT: {}
COMMAND: POST /session/2fbb17261cc6fb074d1493bb698829b1/execute/async - {"script":"<script> [1562 bytes]","args":[{"selector":{"id":"tagMultiInputRequests","viewName":"etm.portal.ui.managerequests.view.Edit","interaction":{"idSuffix":"inner"}},"wdio_ui5_key":"tagMultiInputRequestsetmportal.ui.managerequests.view.Edit"}]}
COMMAND: GET /session/2fbb17261cc6fb074d1493bb698829b1/screenshot - {}
RESULT: {"script":"<script> [1562 bytes]","args":[{"selector":{"id":"tagMultiInputRequests","viewName":"etm.portal.ui.managerequests.view.Edit","interaction":{"idSuffix":"inner"}},"wdio_ui5_key":"tagMultiInputRequestsetmportal.ui.managerequests.view.Edit"}]}
RESULT: undefined
COMMAND: POST /session/2fbb17261cc6fb074d1493bb698829b1/execute/async - {"script":"<script> [6424 bytes]","args":[{"element-6066-11e4-a52e-4f735466cecf":"f.73F923247D4A980C1D654B50CBD09E00.d.525711BF6494F53CFBB50AED896A8F72.e.3122"},"getTokens",[]]}
RESULT: {}
RESULT: {"script":"<script> [6424 bytes]","args":[{"element-6066-11e4-a52e-4f735466cecf":"f.73F923247D4A980C1D654B50CBD09E00.d.525711BF6494F53CFBB50AED896A8F72.e.3122"},"getTokens",[]]}
COMMAND: POST /session/2fbb17261cc6fb074d1493bb698829b1/execute/async - {"script":"<script> [1562 bytes]","args":[{"wdio_ui5_key":"__token13-__tokenizer64-1","selector":{"id":"__token13-__tokenizer64-1"}}]}
RESULT: {"script":"<script> [1562 bytes]","args":[{"wdio_ui5_key":"__token13-__tokenizer64-1","selector":{"id":"__token13-__tokenizer64-1"}}]}
RESULT: undefined
RESULT: undefined
COMMAND: POST /session/2fbb17261cc6fb074d1493bb698829b1/execute/async - {"script":"<script> [776 bytes]","args":[{"enterText":"RefTag","selector":{"id":"tagMultiInputRequests","viewName":"etm.portal.ui.managerequests.view.Edit","interaction":{"idSuffix":"inner"}},"clearTextFirst":true,"interactionType":"ENTER_TEXT"}]}
RESULT: {"script":"<script> [776 bytes]","args":[{"enterText":"RefTag","selector":{"id":"tagMultiInputRequests","viewName":"etm.portal.ui.managerequests.view.Edit","interaction":{"idSuffix":"inner"}},"clearTextFirst":true,"interactionType":"ENTER_TEXT"}]}
COMMAND: POST /session/2fbb17261cc6fb074d1493bb698829b1/actions - {"actions":[{"id":"action28","type":"key","parameters":{},"actions":[{"type":"keyDown","value":""},{"type":"pause","duration":10},{"type":"keyUp","value":""}]}]}
RESULT: {"actions":[{"id":"action28","type":"key","parameters":{},"actions":[{"type":"keyDown","value":""},{"type":"pause","duration":10},{"type":"keyUp","value":""}]}]}
COMMAND: GET /session/2fbb17261cc6fb074d1493bb698829b1/screenshot - {}
RESULT: {}
RESULT: undefined
COMMAND: POST /session/2fbb17261cc6fb074d1493bb698829b1/execute/async - {"script":"<script> [6424 bytes]","args":[{"element-6066-11e4-a52e-4f735466cecf":"f.73F923247D4A980C1D654B50CBD09E00.d.525711BF6494F53CFBB50AED896A8F72.e.3122"},"getTokens",[]]}
RESULT: {"script":"<script> [6424 bytes]","args":[{"element-6066-11e4-a52e-4f735466cecf":"f.73F923247D4A980C1D654B50CBD09E00.d.525711BF6494F53CFBB50AED896A8F72.e.3122"},"getTokens",[]]}
COMMAND: POST /session/2fbb17261cc6fb074d1493bb698829b1/execute/async - {"script":"<script> [1562 bytes]","args":[{"wdio_ui5_key":"__token16","selector":{"id":"__token16"}}]}
RESULT: undefined
RESULT: {"script":"<script> [1562 bytes]","args":[{"wdio_ui5_key":"__token16","selector":{"id":"__token16"}}]}
RESULT: undefined
COMMAND: POST /session/2fbb17261cc6fb074d1493bb698829b1/execute/async - {"script":"<script> [1562 bytes]","args":[{"selector":{"controlType":"sap.m.Button","viewName":"etm.portal.ui.managerequests.view.Edit","properties":{"text":"Items (2)"},"interaction":{"idSuffix":"BDI-content"}},"wdio_ui5_key":"etmportal.ui.managerequests.view.Editsap.m.Button{\"text\":\"Items (2)\"}"}]}
RESULT: {"script":"<script> [1562 bytes]","args":[{"selector":{"controlType":"sap.m.Button","viewName":"etm.portal.ui.managerequests.view.Edit","properties":{"text":"Items (2)"},"interaction":{"idSuffix":"BDI-content"}},"wdio_ui5_key":"etmportal.ui.managerequests.view.Editsap.m.Button{\"text\":\"Items (2)\"}"}]}
RESULT: undefined
COMMAND: POST /session/2fbb17261cc6fb074d1493bb698829b1/element - {"using":"xpath","value":"//*[@id=\"__xmlview61--editRequestPage-anchBar-__xmlview61--requestItemsSection-anchor\"]"}
RESULT: {"using":"xpath","value":"//*[@id=\"__xmlview61--editRequestPage-anchBar-__xmlview61--requestItemsSection-anchor\"]"}
COMMAND: POST /session/2fbb17261cc6fb074d1493bb698829b1/element/f.73F923247D4A980C1D654B50CBD09E00.d.525711BF6494F53CFBB50AED896A8F72.e.3202/click - {}
RESULT: {}
COMMAND: GET /session/2fbb17261cc6fb074d1493bb698829b1/screenshot - {}
RESULT: {}
COMMAND: POST /session/2fbb17261cc6fb074d1493bb698829b1/execute/async - {"script":"<script> [1562 bytes]","args":[{"selector":{"controlType":"sap.ui.core.Icon","viewName":"etm.portal.ui.managerequests.view.Edit","properties":{"src":{"regex":{"source":"inspect"}}}},"wdio_ui5_key":"etmportal.ui.managerequests.view.Editsap.ui.core.Icon{\"src\":{\"regex\":{\"source\":\"inspect\"}}}"}]}
RESULT: {"script":"<script> [1562 bytes]","args":[{"selector":{"controlType":"sap.ui.core.Icon","viewName":"etm.portal.ui.managerequests.view.Edit","properties":{"src":{"regex":{"source":"inspect"}}}},"wdio_ui5_key":"etmportal.ui.managerequests.view.Editsap.ui.core.Icon{\"src\":{\"regex\":{\"source\":\"inspect\"}}}"}]}
RESULT: undefined
COMMAND: POST /session/2fbb17261cc6fb074d1493bb698829b1/element - {"using":"xpath","value":"//*[@id=\"__button165-img\"]"}
RESULT: {"using":"xpath","value":"//*[@id=\"__button165-img\"]"}
COMMAND: POST /session/2fbb17261cc6fb074d1493bb698829b1/element/f.73F923247D4A980C1D654B50CBD09E00.d.525711BF6494F53CFBB50AED896A8F72.e.3208/click - {}
RESULT: {}
COMMAND: GET /session/2fbb17261cc6fb074d1493bb698829b1/screenshot - {}
RESULT: {}
COMMAND: POST /session/2fbb17261cc6fb074d1493bb698829b1/execute/async - {"script":"<script> [1562 bytes]","args":[{"selector":{"controlType":"sap.m.Tokenizer","viewName":"etm.portal.ui.managerequests.view.Edit","bindingPath":{"path":"/RequestItems/0","propertyPath":"LINK_TO_TAGS","modelName":"RequestItemsModel"}},"wdio_ui5_key":"etmportal.ui.managerequests.view.Editsap.m.Tokenizer{\"path\":\"/RequestItems/0\",\"propertyPath\":\"LINK_TO_TAGS\",\"modelName\":\"RequestItemsModel\"}"}]}
RESULT: {"script":"<script> [1562 bytes]","args":[{"selector":{"controlType":"sap.m.Tokenizer","viewName":"etm.portal.ui.managerequests.view.Edit","bindingPath":{"path":"/RequestItems/0","propertyPath":"LINK_TO_TAGS","modelName":"RequestItemsModel"}},"wdio_ui5_key":"etmportal.ui.managerequests.view.Editsap.m.Tokenizer{\"path\":\"/RequestItems/0\",\"propertyPath\":\"LINK_TO_TAGS\",\"modelName\":\"RequestItemsModel\"}"}]}
RESULT: undefined
COMMAND: POST /session/2fbb17261cc6fb074d1493bb698829b1/element - {"using":"xpath","value":"//*[@id=\"__tokenizer66\"]"}
RESULT: {"using":"xpath","value":"//*[@id=\"__tokenizer66\"]"}
COMMAND: POST /session/2fbb17261cc6fb074d1493bb698829b1/element/f.73F923247D4A980C1D654B50CBD09E00.d.525711BF6494F53CFBB50AED896A8F72.e.3211/click - {}
RESULT: {}
COMMAND: GET /session/2fbb17261cc6fb074d1493bb698829b1/screenshot - {}
RESULT: {}
COMMAND: POST /session/2fbb17261cc6fb074d1493bb698829b1/execute/async - {"script":"<script> [1562 bytes]","args":[{"selector":{"controlType":"sap.ui.core.Icon","viewName":"etm.portal.ui.managerequests.view.Edit","properties":{"src":{"regex":{"source":"decline"}}},"searchOpenDialogs":true,"ancestor":{"controlType":"sap.m.StandardListItem","viewName":"etm.portal.ui.managerequests.view.Edit","properties":{"title":"tag-duplicate"},"searchOpenDialogs":true}},"wdio_ui5_key":"etmportal.ui.managerequests.view.Editsap.ui.core.Icon{\"src\":{\"regex\":{\"source\":\"decline\"}}}{\"controlType\":\"sap.m.StandardListItem\",\"viewName\":\"etm.portal.ui.managerequests.view.Edit\",\"properties\":{\"title\":\"tag-duplicate\"},\"searchOpenDialogs\":true}"}]}
RESULT: {"script":"<script> [1562 bytes]","args":[{"selector":{"controlType":"sap.ui.core.Icon","viewName":"etm.portal.ui.managerequests.view.Edit","properties":{"src":{"regex":{"source":"decline"}}},"searchOpenDialogs":true,"ancestor":{"controlType":"sap.m.StandardListItem","viewName":"etm.portal.ui.managerequests.view.Edit","properties":{"title":"tag-duplicate"},"searchOpenDialogs":true}},"wdio_ui5_key":"etmportal.ui.managerequests.view.Editsap.ui.core.Icon{\"src\":{\"regex\":{\"source\":\"decline\"}}}{\"controlType\":\"sap.m.StandardListItem\",\"viewName\":\"etm.portal.ui.managerequests.view.Edit\",\"properties\":{\"title\":\"tag-duplicate\"},\"searchOpenDialogs\":true}"}]}
RESULT: undefined
COMMAND: POST /session/2fbb17261cc6fb074d1493bb698829b1/element - {"using":"xpath","value":"//*[@id=\"__item1354-imgDel-img\"]"}
RESULT: {"using":"xpath","value":"//*[@id=\"__item1354-imgDel-img\"]"}
COMMAND: POST /session/2fbb17261cc6fb074d1493bb698829b1/element/f.73F923247D4A980C1D654B50CBD09E00.d.525711BF6494F53CFBB50AED896A8F72.e.3214/click - {}
RESULT: {}
COMMAND: GET /session/2fbb17261cc6fb074d1493bb698829b1/screenshot - {}
RESULT: {}
COMMAND: POST /session/2fbb17261cc6fb074d1493bb698829b1/actions - {"actions":[{"id":"action29","type":"key","parameters":{},"actions":[{"type":"keyDown","value":""},{"type":"pause","duration":10},{"type":"keyUp","value":""}]}]}
RESULT: {"actions":[{"id":"action29","type":"key","parameters":{},"actions":[{"type":"keyDown","value":""},{"type":"pause","duration":10},{"type":"keyUp","value":""}]}]}
COMMAND: POST /session/2fbb17261cc6fb074d1493bb698829b1/execute/async - {"script":"<script> [1562 bytes]","args":[{"selector":{"controlType":"sap.m.Tokenizer","viewName":"etm.portal.ui.managerequests.view.Edit","bindingPath":{"path":"/RequestItems/1","propertyPath":"LINK_TO_TAGS","modelName":"RequestItemsModel"}},"wdio_ui5_key":"etmportal.ui.managerequests.view.Editsap.m.Tokenizer{\"path\":\"/RequestItems/1\",\"propertyPath\":\"LINK_TO_TAGS\",\"modelName\":\"RequestItemsModel\"}"}]}
COMMAND: GET /session/2fbb17261cc6fb074d1493bb698829b1/screenshot - {}
RESULT: {"script":"<script> [1562 bytes]","args":[{"selector":{"controlType":"sap.m.Tokenizer","viewName":"etm.portal.ui.managerequests.view.Edit","bindingPath":{"path":"/RequestItems/1","propertyPath":"LINK_TO_TAGS","modelName":"RequestItemsModel"}},"wdio_ui5_key":"etmportal.ui.managerequests.view.Editsap.m.Tokenizer{\"path\":\"/RequestItems/1\",\"propertyPath\":\"LINK_TO_TAGS\",\"modelName\":\"RequestItemsModel\"}"}]}
RESULT: undefined
COMMAND: POST /session/2fbb17261cc6fb074d1493bb698829b1/element - {"using":"xpath","value":"//*[@id=\"__tokenizer67\"]"}
RESULT: {}
RESULT: {"using":"xpath","value":"//*[@id=\"__tokenizer67\"]"}
COMMAND: POST /session/2fbb17261cc6fb074d1493bb698829b1/element/f.73F923247D4A980C1D654B50CBD09E00.d.525711BF6494F53CFBB50AED896A8F72.e.3217/click - {}
RESULT: {}
COMMAND: GET /session/2fbb17261cc6fb074d1493bb698829b1/screenshot - {}
RESULT: {}
COMMAND: POST /session/2fbb17261cc6fb074d1493bb698829b1/execute/async - {"script":"<script> [1562 bytes]","args":[{"selector":{"controlType":"sap.ui.core.Icon","viewName":"etm.portal.ui.managerequests.view.Edit","properties":{"src":{"regex":{"source":"decline"}}},"searchOpenDialogs":true,"ancestor":{"controlType":"sap.m.StandardListItem","viewName":"etm.portal.ui.managerequests.view.Edit","properties":{"title":"tagRequest1"},"searchOpenDialogs":true}},"wdio_ui5_key":"etmportal.ui.managerequests.view.Editsap.ui.core.Icon{\"src\":{\"regex\":{\"source\":\"decline\"}}}{\"controlType\":\"sap.m.StandardListItem\",\"viewName\":\"etm.portal.ui.managerequests.view.Edit\",\"properties\":{\"title\":\"tagRequest1\"},\"searchOpenDialogs\":true}"}]}
RESULT: {"script":"<script> [1562 bytes]","args":[{"selector":{"controlType":"sap.ui.core.Icon","viewName":"etm.portal.ui.managerequests.view.Edit","properties":{"src":{"regex":{"source":"decline"}}},"searchOpenDialogs":true,"ancestor":{"controlType":"sap.m.StandardListItem","viewName":"etm.portal.ui.managerequests.view.Edit","properties":{"title":"tagRequest1"},"searchOpenDialogs":true}},"wdio_ui5_key":"etmportal.ui.managerequests.view.Editsap.ui.core.Icon{\"src\":{\"regex\":{\"source\":\"decline\"}}}{\"controlType\":\"sap.m.StandardListItem\",\"viewName\":\"etm.portal.ui.managerequests.view.Edit\",\"properties\":{\"title\":\"tagRequest1\"},\"searchOpenDialogs\":true}"}]}
RESULT: undefined
COMMAND: POST /session/2fbb17261cc6fb074d1493bb698829b1/element - {"using":"xpath","value":"//*[@id=\"__item1362-imgDel-img\"]"}
RESULT: {"using":"xpath","value":"//*[@id=\"__item1362-imgDel-img\"]"}
COMMAND: POST /session/2fbb17261cc6fb074d1493bb698829b1/element/f.73F923247D4A980C1D654B50CBD09E00.d.525711BF6494F53CFBB50AED896A8F72.e.3220/click - {}
RESULT: {}
COMMAND: GET /session/2fbb17261cc6fb074d1493bb698829b1/screenshot - {}
RESULT: {}
COMMAND: POST /session/2fbb17261cc6fb074d1493bb698829b1/execute/async - {"script":"<script> [1562 bytes]","args":[{"selector":{"controlType":"sap.ui.core.Icon","viewName":"etm.portal.ui.managerequests.view.Edit","properties":{"src":{"regex":{"source":"decline"}}},"searchOpenDialogs":true,"ancestor":{"controlType":"sap.m.StandardListItem","viewName":"etm.portal.ui.managerequests.view.Edit","properties":{"title":"RefTag"},"searchOpenDialogs":true}},"wdio_ui5_key":"etmportal.ui.managerequests.view.Editsap.ui.core.Icon{\"src\":{\"regex\":{\"source\":\"decline\"}}}{\"controlType\":\"sap.m.StandardListItem\",\"viewName\":\"etm.portal.ui.managerequests.view.Edit\",\"properties\":{\"title\":\"RefTag\"},\"searchOpenDialogs\":true}"}]}
RESULT: {"script":"<script> [1562 bytes]","args":[{"selector":{"controlType":"sap.ui.core.Icon","viewName":"etm.portal.ui.managerequests.view.Edit","properties":{"src":{"regex":{"source":"decline"}}},"searchOpenDialogs":true,"ancestor":{"controlType":"sap.m.StandardListItem","viewName":"etm.portal.ui.managerequests.view.Edit","properties":{"title":"RefTag"},"searchOpenDialogs":true}},"wdio_ui5_key":"etmportal.ui.managerequests.view.Editsap.ui.core.Icon{\"src\":{\"regex\":{\"source\":\"decline\"}}}{\"controlType\":\"sap.m.StandardListItem\",\"viewName\":\"etm.portal.ui.managerequests.view.Edit\",\"properties\":{\"title\":\"RefTag\"},\"searchOpenDialogs\":true}"}]}
RESULT: undefined
COMMAND: POST /session/2fbb17261cc6fb074d1493bb698829b1/element - {"using":"xpath","value":"//*[@id=\"__item1366-imgDel-img\"]"}
RESULT: {"using":"xpath","value":"//*[@id=\"__item1366-imgDel-img\"]"}
COMMAND: POST /session/2fbb17261cc6fb074d1493bb698829b1/element/f.73F923247D4A980C1D654B50CBD09E00.d.525711BF6494F53CFBB50AED896A8F72.e.3223/click - {}
RESULT: {}
COMMAND: GET /session/2fbb17261cc6fb074d1493bb698829b1/screenshot - {}
RESULT: {}
COMMAND: POST /session/2fbb17261cc6fb074d1493bb698829b1/execute/async - {"script":"<script> [1562 bytes]","args":[{"selector":{"controlType":"sap.ui.core.Icon","viewName":"etm.portal.ui.managerequests.view.Edit","properties":{"src":{"regex":{"source":"decline"}}},"searchOpenDialogs":true,"ancestor":{"controlType":"sap.m.StandardListItem","viewName":"etm.portal.ui.managerequests.view.Edit","properties":{"title":"tag-header"},"searchOpenDialogs":true}},"wdio_ui5_key":"etmportal.ui.managerequests.view.Editsap.ui.core.Icon{\"src\":{\"regex\":{\"source\":\"decline\"}}}{\"controlType\":\"sap.m.StandardListItem\",\"viewName\":\"etm.portal.ui.managerequests.view.Edit\",\"properties\":{\"title\":\"tag-header\"},\"searchOpenDialogs\":true}"}]}
RESULT: {"script":"<script> [1562 bytes]","args":[{"selector":{"controlType":"sap.ui.core.Icon","viewName":"etm.portal.ui.managerequests.view.Edit","properties":{"src":{"regex":{"source":"decline"}}},"searchOpenDialogs":true,"ancestor":{"controlType":"sap.m.StandardListItem","viewName":"etm.portal.ui.managerequests.view.Edit","properties":{"title":"tag-header"},"searchOpenDialogs":true}},"wdio_ui5_key":"etmportal.ui.managerequests.view.Editsap.ui.core.Icon{\"src\":{\"regex\":{\"source\":\"decline\"}}}{\"controlType\":\"sap.m.StandardListItem\",\"viewName\":\"etm.portal.ui.managerequests.view.Edit\",\"properties\":{\"title\":\"tag-header\"},\"searchOpenDialogs\":true}"}]}
RESULT: undefined
COMMAND: POST /session/2fbb17261cc6fb074d1493bb698829b1/element - {"using":"xpath","value":"//*[@id=\"__item1369-imgDel-img\"]"}
RESULT: {"using":"xpath","value":"//*[@id=\"__item1369-imgDel-img\"]"}
COMMAND: POST /session/2fbb17261cc6fb074d1493bb698829b1/element/f.73F923247D4A980C1D654B50CBD09E00.d.525711BF6494F53CFBB50AED896A8F72.e.3226/click - {}
RESULT: {}
COMMAND: GET /session/2fbb17261cc6fb074d1493bb698829b1/screenshot - {}
RESULT: {}
COMMAND: POST /session/2fbb17261cc6fb074d1493bb698829b1/actions - {"actions":[{"id":"action30","type":"key","parameters":{},"actions":[{"type":"keyDown","value":""},{"type":"pause","duration":10},{"type":"keyUp","value":""}]}]}
RESULT: {"actions":[{"id":"action30","type":"key","parameters":{},"actions":[{"type":"keyDown","value":""},{"type":"pause","duration":10},{"type":"keyUp","value":""}]}]}
COMMAND: POST /session/2fbb17261cc6fb074d1493bb698829b1/actions - {"actions":[{"id":"action31","type":"key","parameters":{},"actions":[{"type":"keyDown","value":""},{"type":"pause","duration":10},{"type":"keyUp","value":""}]}]}
COMMAND: GET /session/2fbb17261cc6fb074d1493bb698829b1/screenshot - {}
RESULT: {"actions":[{"id":"action31","type":"key","parameters":{},"actions":[{"type":"keyDown","value":""},{"type":"pause","duration":10},{"type":"keyUp","value":""}]}]}
COMMAND: GET /session/2fbb17261cc6fb074d1493bb698829b1/screenshot - {}
RESULT: {}
RESULT: {}
COMMAND: POST /session/2fbb17261cc6fb074d1493bb698829b1/execute/async - {"script":"<script> [1562 bytes]","args":[{"selector":{"controlType":"sap.m.Button","viewName":"etm.portal.ui.managerequests.view.Edit","i18NText":{"propertyName":"tooltip","key":"save"},"interaction":{"idSuffix":"BDI-content"}},"wdio_ui5_key":"etmportal.ui.managerequests.view.Editsap.m.Button{\"propertyName\":\"tooltip\",\"key\":\"save\"}"}]}
RESULT: {"script":"<script> [1562 bytes]","args":[{"selector":{"controlType":"sap.m.Button","viewName":"etm.portal.ui.managerequests.view.Edit","i18NText":{"propertyName":"tooltip","key":"save"},"interaction":{"idSuffix":"BDI-content"}},"wdio_ui5_key":"etmportal.ui.managerequests.view.Editsap.m.Button{\"propertyName\":\"tooltip\",\"key\":\"save\"}"}]}
RESULT: undefined
COMMAND: POST /session/2fbb17261cc6fb074d1493bb698829b1/element - {"using":"xpath","value":"//*[@id=\"__xmlview61--saveButtonId\"]"}
RESULT: {"using":"xpath","value":"//*[@id=\"__xmlview61--saveButtonId\"]"}
COMMAND: POST /session/2fbb17261cc6fb074d1493bb698829b1/element/f.73F923247D4A980C1D654B50CBD09E00.d.525711BF6494F53CFBB50AED896A8F72.e.3131/click - {}
RESULT: {}
COMMAND: GET /session/2fbb17261cc6fb074d1493bb698829b1/screenshot - {}
RESULT: {}
COMMAND: POST /session/2fbb17261cc6fb074d1493bb698829b1/execute/async - {"script":"<script> [1562 bytes]","args":[{"selector":{"id":"tagsLayoutViewMode","viewName":"etm.portal.ui.managerequests.view.Detail"},"wdio_ui5_key":"tagsLayoutViewModeetmportal.ui.managerequests.view.Detail"}]}
RESULT: {"script":"<script> [1562 bytes]","args":[{"selector":{"id":"tagsLayoutViewMode","viewName":"etm.portal.ui.managerequests.view.Detail"},"wdio_ui5_key":"tagsLayoutViewModeetmportal.ui.managerequests.view.Detail"}]}
RESULT: undefined
COMMAND: POST /session/2fbb17261cc6fb074d1493bb698829b1/execute/async - {"script":"<script> [6424 bytes]","args":[{"element-6066-11e4-a52e-4f735466cecf":"f.73F923247D4A980C1D654B50CBD09E00.d.525711BF6494F53CFBB50AED896A8F72.e.3353"},"getTokens",[]]}
RESULT: {"script":"<script> [6424 bytes]","args":[{"element-6066-11e4-a52e-4f735466cecf":"f.73F923247D4A980C1D654B50CBD09E00.d.525711BF6494F53CFBB50AED896A8F72.e.3353"},"getTokens",[]]}
COMMAND: POST /session/2fbb17261cc6fb074d1493bb698829b1/execute/async - {"script":"<script> [1562 bytes]","args":[{"wdio_ui5_key":"__token11-__xmlview60--tagsLayoutViewMode-1","selector":{"id":"__token11-__xmlview60--tagsLayoutViewMode-1"}}]}
COMMAND: POST /session/2fbb17261cc6fb074d1493bb698829b1/execute/async - {"script":"<script> [1562 bytes]","args":[{"wdio_ui5_key":"__token11-__xmlview60--tagsLayoutViewMode-0","selector":{"id":"__token11-__xmlview60--tagsLayoutViewMode-0"}}]}
RESULT: {"script":"<script> [1562 bytes]","args":[{"wdio_ui5_key":"__token11-__xmlview60--tagsLayoutViewMode-0","selector":{"id":"__token11-__xmlview60--tagsLayoutViewMode-0"}}]}
RESULT: undefined
RESULT: {"script":"<script> [1562 bytes]","args":[{"wdio_ui5_key":"__token11-__xmlview60--tagsLayoutViewMode-1","selector":{"id":"__token11-__xmlview60--tagsLayoutViewMode-1"}}]}
RESULT: undefined
COMMAND: POST /session/2fbb17261cc6fb074d1493bb698829b1/execute/async - {"script":"<script> [1562 bytes]","args":[{"selector":{"controlType":"sap.m.OverflowToolbarButton","viewName":"etm.portal.ui.managerequests.view.Detail","properties":{"text":"Settings"},"interaction":{"idSuffix":"inner"}},"wdio_ui5_key":"etmportal.ui.managerequests.view.Detailsap.m.OverflowToolbarButton{\"text\":\"Settings\"}"}]}
RESULT: {"script":"<script> [1562 bytes]","args":[{"selector":{"controlType":"sap.m.OverflowToolbarButton","viewName":"etm.portal.ui.managerequests.view.Detail","properties":{"text":"Settings"},"interaction":{"idSuffix":"inner"}},"wdio_ui5_key":"etmportal.ui.managerequests.view.Detailsap.m.OverflowToolbarButton{\"text\":\"Settings\"}"}]}
RESULT: undefined
COMMAND: POST /session/2fbb17261cc6fb074d1493bb698829b1/element - {"using":"xpath","value":"//*[@id=\"__xmlview60--smartTableRequestItems-btnPersonalisation\"]"}
RESULT: {"using":"xpath","value":"//*[@id=\"__xmlview60--smartTableRequestItems-btnPersonalisation\"]"}
COMMAND: POST /session/2fbb17261cc6fb074d1493bb698829b1/element/f.73F923247D4A980C1D654B50CBD09E00.d.525711BF6494F53CFBB50AED896A8F72.e.3357/click - {}
RESULT: {}
COMMAND: POST /session/2fbb17261cc6fb074d1493bb698829b1/execute/async - {"script":"<script> [1562 bytes]","args":[{"selector":{"controlType":"sap.m.SearchField","viewName":"etm.portal.ui.managerequests.view.Detail","searchOpenDialogs":true,"interaction":{"idSuffix":"I"}},"wdio_ui5_key":"etmportal.ui.managerequests.view.Detailsap.m.SearchField"}]}
COMMAND: GET /session/2fbb17261cc6fb074d1493bb698829b1/screenshot - {}
RESULT: {"script":"<script> [1562 bytes]","args":[{"selector":{"controlType":"sap.m.SearchField","viewName":"etm.portal.ui.managerequests.view.Detail","searchOpenDialogs":true,"interaction":{"idSuffix":"I"}},"wdio_ui5_key":"etmportal.ui.managerequests.view.Detailsap.m.SearchField"}]}
RESULT: undefined
COMMAND: POST /session/2fbb17261cc6fb074d1493bb698829b1/execute/async - {"script":"<script> [776 bytes]","args":[{"enterText":"tag","selector":{"controlType":"sap.m.SearchField","viewName":"etm.portal.ui.managerequests.view.Detail","searchOpenDialogs":true,"interaction":{"idSuffix":"I"}},"clearTextFirst":true,"interactionType":"ENTER_TEXT"}]}
RESULT: {}
RESULT: {"script":"<script> [776 bytes]","args":[{"enterText":"tag","selector":{"controlType":"sap.m.SearchField","viewName":"etm.portal.ui.managerequests.view.Detail","searchOpenDialogs":true,"interaction":{"idSuffix":"I"}},"clearTextFirst":true,"interactionType":"ENTER_TEXT"}]}
COMMAND: POST /session/2fbb17261cc6fb074d1493bb698829b1/element - {"using":"xpath","value":"//div[contains(@id ,\"innerSelectionPanelTable-0-selectMulti-CbBg\")]"}
RESULT: {"using":"xpath","value":"//div[contains(@id ,\"innerSelectionPanelTable-0-selectMulti-CbBg\")]"}
COMMAND: POST /session/2fbb17261cc6fb074d1493bb698829b1/element/f.73F923247D4A980C1D654B50CBD09E00.d.525711BF6494F53CFBB50AED896A8F72.e.3394/click - {}
RESULT: {}
COMMAND: POST /session/2fbb17261cc6fb074d1493bb698829b1/execute/async - {"script":"<script> [1562 bytes]","args":[{"selector":{"controlType":"sap.m.Button","viewName":"etm.portal.ui.managerequests.view.Detail","properties":{"text":"OK"},"searchOpenDialogs":true,"interaction":{"idSuffix":"BDI-content"}},"wdio_ui5_key":"etmportal.ui.managerequests.view.Detailsap.m.Button{\"text\":\"OK\"}"}]}
COMMAND: GET /session/2fbb17261cc6fb074d1493bb698829b1/screenshot - {}
RESULT: {"script":"<script> [1562 bytes]","args":[{"selector":{"controlType":"sap.m.Button","viewName":"etm.portal.ui.managerequests.view.Detail","properties":{"text":"OK"},"searchOpenDialogs":true,"interaction":{"idSuffix":"BDI-content"}},"wdio_ui5_key":"etmportal.ui.managerequests.view.Detailsap.m.Button{\"text\":\"OK\"}"}]}
RESULT: undefined
COMMAND: POST /session/2fbb17261cc6fb074d1493bb698829b1/element - {"using":"xpath","value":"//*[@id=\"__popup378-confirmBtn\"]"}
RESULT: {}
RESULT: {"using":"xpath","value":"//*[@id=\"__popup378-confirmBtn\"]"}
COMMAND: POST /session/2fbb17261cc6fb074d1493bb698829b1/element/f.73F923247D4A980C1D654B50CBD09E00.d.525711BF6494F53CFBB50AED896A8F72.e.3398/click - {}
RESULT: {}
COMMAND: GET /session/2fbb17261cc6fb074d1493bb698829b1/screenshot - {}
RESULT: {}
COMMAND: POST /session/2fbb17261cc6fb074d1493bb698829b1/execute/async - {"script":"<script> [1562 bytes]","args":[{"selector":{"controlType":"sap.m.Text","viewName":"etm.portal.ui.managerequests.view.Detail","bindingPath":{"propertyPath":"NO","modelName":"catalogModel"}},"wdio_ui5_key":"etmportal.ui.managerequests.view.Detailsap.m.Text{\"propertyPath\":\"NO\",\"modelName\":\"catalogModel\"}"}]}
RESULT: {"script":"<script> [1562 bytes]","args":[{"selector":{"controlType":"sap.m.Text","viewName":"etm.portal.ui.managerequests.view.Detail","bindingPath":{"propertyPath":"NO","modelName":"catalogModel"}},"wdio_ui5_key":"etmportal.ui.managerequests.view.Detailsap.m.Text{\"propertyPath\":\"NO\",\"modelName\":\"catalogModel\"}"}]}
RESULT: undefined
COMMAND: POST /session/2fbb17261cc6fb074d1493bb698829b1/execute/async - {"script":"<script> [6424 bytes]","args":[{"element-6066-11e4-a52e-4f735466cecf":"f.73F923247D4A980C1D654B50CBD09E00.d.525711BF6494F53CFBB50AED896A8F72.e.3410"},"getText",[]]}
RESULT: {"script":"<script> [6424 bytes]","args":[{"element-6066-11e4-a52e-4f735466cecf":"f.73F923247D4A980C1D654B50CBD09E00.d.525711BF6494F53CFBB50AED896A8F72.e.3410"},"getText",[]]}
COMMAND: POST /session/2fbb17261cc6fb074d1493bb698829b1/execute/async - {"script":"<script> [1562 bytes]","args":[{"selector":{"controlType":"sap.m.Tokenizer","viewName":"etm.portal.ui.managerequests.view.Detail","bindingPath":{"path":"/SmartRequestItemsPlanningBoard(ITEM=10m,REQUEST='20090')","propertyPath":"LINK_TO_TAGS"}},"wdio_ui5_key":"etmportal.ui.managerequests.view.Detailsap.m.Tokenizer{\"path\":\"/SmartRequestItemsPlanningBoard(ITEM=10m,REQUEST='20090')\",\"propertyPath\":\"LINK_TO_TAGS\"}"}]}
RESULT: {"script":"<script> [1562 bytes]","args":[{"selector":{"controlType":"sap.m.Tokenizer","viewName":"etm.portal.ui.managerequests.view.Detail","bindingPath":{"path":"/SmartRequestItemsPlanningBoard(ITEM=10m,REQUEST='20090')","propertyPath":"LINK_TO_TAGS"}},"wdio_ui5_key":"etmportal.ui.managerequests.view.Detailsap.m.Tokenizer{\"path\":\"/SmartRequestItemsPlanningBoard(ITEM=10m,REQUEST='20090')\",\"propertyPath\":\"LINK_TO_TAGS\"}"}]}
RESULT: undefined
COMMAND: POST /session/2fbb17261cc6fb074d1493bb698829b1/execute/async - {"script":"<script> [6424 bytes]","args":[{"element-6066-11e4-a52e-4f735466cecf":"f.73F923247D4A980C1D654B50CBD09E00.d.525711BF6494F53CFBB50AED896A8F72.e.3411"},"getTokens",[]]}
RESULT: {"script":"<script> [6424 bytes]","args":[{"element-6066-11e4-a52e-4f735466cecf":"f.73F923247D4A980C1D654B50CBD09E00.d.525711BF6494F53CFBB50AED896A8F72.e.3411"},"getTokens",[]]}
COMMAND: POST /session/2fbb17261cc6fb074d1493bb698829b1/execute/async - {"script":"<script> [1562 bytes]","args":[{"wdio_ui5_key":"__token12-__tokenizer63-__clone4109-1","selector":{"id":"__token12-__tokenizer63-__clone4109-1"}}]}
COMMAND: POST /session/2fbb17261cc6fb074d1493bb698829b1/execute/async - {"script":"<script> [1562 bytes]","args":[{"wdio_ui5_key":"__token12-__tokenizer63-__clone4109-2","selector":{"id":"__token12-__tokenizer63-__clone4109-2"}}]}
COMMAND: POST /session/2fbb17261cc6fb074d1493bb698829b1/execute/async - {"script":"<script> [1562 bytes]","args":[{"wdio_ui5_key":"__token12-__tokenizer63-__clone4109-0","selector":{"id":"__token12-__tokenizer63-__clone4109-0"}}]}
RESULT: {"script":"<script> [1562 bytes]","args":[{"wdio_ui5_key":"__token12-__tokenizer63-__clone4109-1","selector":{"id":"__token12-__tokenizer63-__clone4109-1"}}]}
RESULT: undefined
RESULT: {"script":"<script> [1562 bytes]","args":[{"wdio_ui5_key":"__token12-__tokenizer63-__clone4109-2","selector":{"id":"__token12-__tokenizer63-__clone4109-2"}}]}
RESULT: undefined
RESULT: {"script":"<script> [1562 bytes]","args":[{"wdio_ui5_key":"__token12-__tokenizer63-__clone4109-0","selector":{"id":"__token12-__tokenizer63-__clone4109-0"}}]}
RESULT: undefined
COMMAND: POST /session/2fbb17261cc6fb074d1493bb698829b1/element - {"using":"xpath","value":"(//span[contains(text(), \"tag-header\")])[2]"}
RESULT: {"using":"xpath","value":"(//span[contains(text(), \"tag-header\")])[2]"}
COMMAND: POST /session/2fbb17261cc6fb074d1493bb698829b1/elements - {"using":"xpath","value":"(//span[contains(text(), \"tag-header\")])[2]"}
RESULT: {"using":"xpath","value":"(//span[contains(text(), \"tag-header\")])[2]"}
COMMAND: POST /session/2fbb17261cc6fb074d1493bb698829b1/execute/async - {"script":"<script> [1562 bytes]","args":[{"selector":{"controlType":"sap.m.Tokenizer","viewName":"etm.portal.ui.managerequests.view.Detail","bindingPath":{"path":"/SmartRequestItemsPlanningBoard(ITEM=20m,REQUEST='20090')","propertyPath":"LINK_TO_TAGS"}},"wdio_ui5_key":"etmportal.ui.managerequests.view.Detailsap.m.Tokenizer{\"path\":\"/SmartRequestItemsPlanningBoard(ITEM=20m,REQUEST='20090')\",\"propertyPath\":\"LINK_TO_TAGS\"}"}]}
RESULT: {"script":"<script> [1562 bytes]","args":[{"selector":{"controlType":"sap.m.Tokenizer","viewName":"etm.portal.ui.managerequests.view.Detail","bindingPath":{"path":"/SmartRequestItemsPlanningBoard(ITEM=20m,REQUEST='20090')","propertyPath":"LINK_TO_TAGS"}},"wdio_ui5_key":"etmportal.ui.managerequests.view.Detailsap.m.Tokenizer{\"path\":\"/SmartRequestItemsPlanningBoard(ITEM=20m,REQUEST='20090')\",\"propertyPath\":\"LINK_TO_TAGS\"}"}]}
RESULT: undefined
COMMAND: POST /session/2fbb17261cc6fb074d1493bb698829b1/execute/async - {"script":"<script> [6424 bytes]","args":[{"element-6066-11e4-a52e-4f735466cecf":"f.73F923247D4A980C1D654B50CBD09E00.d.525711BF6494F53CFBB50AED896A8F72.e.3416"},"getTokens",[]]}
RESULT: {"script":"<script> [6424 bytes]","args":[{"element-6066-11e4-a52e-4f735466cecf":"f.73F923247D4A980C1D654B50CBD09E00.d.525711BF6494F53CFBB50AED896A8F72.e.3416"},"getTokens",[]]}
COMMAND: POST /session/2fbb17261cc6fb074d1493bb698829b1/element - {"using":"css selector","value":"#shell-header-logo"}
RESULT: {"using":"css selector","value":"#shell-header-logo"}
COMMAND: POST /session/2fbb17261cc6fb074d1493bb698829b1/element/f.73F923247D4A980C1D654B50CBD09E00.d.525711BF6494F53CFBB50AED896A8F72.e.2460/click - {}
RESULT: {}
COMMAND: GET /session/2fbb17261cc6fb074d1493bb698829b1/screenshot - {}
RESULT: {}
]]></system-out>
    </testcase>
  </testsuite>
  <testsuite timestamp="2025-05-24T15:48:11" time="562.386" tests="4" failures="0" errors="0" skipped="0">
    <properties>
      <property name="specId" value="0"/>
      <property name="suiteName" value="Manage request + Contract processing pick up option US120163 "/>
      <property name="capabilities" value="chrome.136_0_7103_93.windows"/>
      <property name="file" value="file:///D:/a/1/s/test/specs/R2C/create-request-Pickup.spec.js"/>
    </properties>
    <testcase classname="chrome.136_0_7103_93.windows.Manage_request_+_Contract_processing_pick_up_option_US120163_" name="Should create a new contract" time="67.627">
      <system-out><![CDATA[
COMMAND: POST /session/2fbb17261cc6fb074d1493bb698829b1/execute/async - {"script":"<script> [1562 bytes]","args":[{"selector":{"controlType":"sap.m.Text","viewName":"etm.portal.ui.managecontractstile.view.Master","properties":{"text":"Manage Contracts"},"interaction":{"idSuffix":"inner"}},"wdio_ui5_key":"etmportal.ui.managecontractstile.view.Mastersap.m.Text{\"text\":\"Manage Contracts\"}"}]}
RESULT: {"script":"<script> [1562 bytes]","args":[{"selector":{"controlType":"sap.m.Text","viewName":"etm.portal.ui.managecontractstile.view.Master","properties":{"text":"Manage Contracts"},"interaction":{"idSuffix":"inner"}},"wdio_ui5_key":"etmportal.ui.managecontractstile.view.Mastersap.m.Text{\"text\":\"Manage Contracts\"}"}]}
RESULT: undefined
COMMAND: POST /session/2fbb17261cc6fb074d1493bb698829b1/element - {"using":"xpath","value":"//*[@id=\"__tile130-title\"]"}
RESULT: {"using":"xpath","value":"//*[@id=\"__tile130-title\"]"}
COMMAND: POST /session/2fbb17261cc6fb074d1493bb698829b1/element/f.73F923247D4A980C1D654B50CBD09E00.d.525711BF6494F53CFBB50AED896A8F72.e.3420/click - {}
RESULT: {}
COMMAND: GET /session/2fbb17261cc6fb074d1493bb698829b1/screenshot - {}
RESULT: {}
COMMAND: POST /session/2fbb17261cc6fb074d1493bb698829b1/execute/async - {"script":"<script> [1562 bytes]","args":[{"selector":{"controlType":"sap.ui.core.Icon","viewName":"etm.portal.ui.managecontracts.view.Master","properties":{"src":{"regex":{"source":"add"}}}},"wdio_ui5_key":"etmportal.ui.managecontracts.view.Mastersap.ui.core.Icon{\"src\":{\"regex\":{\"source\":\"add\"}}}"}]}
RESULT: {"script":"<script> [1562 bytes]","args":[{"selector":{"controlType":"sap.ui.core.Icon","viewName":"etm.portal.ui.managecontracts.view.Master","properties":{"src":{"regex":{"source":"add"}}}},"wdio_ui5_key":"etmportal.ui.managecontracts.view.Mastersap.ui.core.Icon{\"src\":{\"regex\":{\"source\":\"add\"}}}"}]}
RESULT: undefined
COMMAND: POST /session/2fbb17261cc6fb074d1493bb698829b1/element - {"using":"xpath","value":"//*[@id=\"__button187-img\"]"}
RESULT: {"using":"xpath","value":"//*[@id=\"__button187-img\"]"}
COMMAND: POST /session/2fbb17261cc6fb074d1493bb698829b1/element/f.73F923247D4A980C1D654B50CBD09E00.d.525711BF6494F53CFBB50AED896A8F72.e.3465/click - {}
RESULT: {}
COMMAND: POST /session/2fbb17261cc6fb074d1493bb698829b1/execute/async - {"script":"<script> [1562 bytes]","args":[{"selector":{"id":"application-managecontracts-display-component---AddNewContract--projectDescription","interaction":{"idSuffix":"inner"}},"wdio_ui5_key":"applicationmanagecontracts-display-component---AddNewContract--projectDescription"}]}
COMMAND: GET /session/2fbb17261cc6fb074d1493bb698829b1/screenshot - {}
RESULT: {"script":"<script> [1562 bytes]","args":[{"selector":{"id":"application-managecontracts-display-component---AddNewContract--projectDescription","interaction":{"idSuffix":"inner"}},"wdio_ui5_key":"applicationmanagecontracts-display-component---AddNewContract--projectDescription"}]}
RESULT: undefined
COMMAND: POST /session/2fbb17261cc6fb074d1493bb698829b1/execute/async - {"script":"<script> [776 bytes]","args":[{"enterText":"PickupContract29vrv","selector":{"id":"application-managecontracts-display-component---AddNewContract--projectDescription","interaction":{"idSuffix":"inner"}},"clearTextFirst":true,"interactionType":"ENTER_TEXT"}]}
RESULT: {}
RESULT: {"script":"<script> [776 bytes]","args":[{"enterText":"PickupContract29vrv","selector":{"id":"application-managecontracts-display-component---AddNewContract--projectDescription","interaction":{"idSuffix":"inner"}},"clearTextFirst":true,"interactionType":"ENTER_TEXT"}]}
COMMAND: POST /session/2fbb17261cc6fb074d1493bb698829b1/element - {"using":"xpath","value":"//input[contains(@id ,\"application-managecontracts-display-component---AddNewContract--yardId-inner\")]"}
RESULT: {"using":"xpath","value":"//input[contains(@id ,\"application-managecontracts-display-component---AddNewContract--yardId-inner\")]"}
COMMAND: POST /session/2fbb17261cc6fb074d1493bb698829b1/element/f.73F923247D4A980C1D654B50CBD09E00.d.525711BF6494F53CFBB50AED896A8F72.e.3733/value - {"text":"WebdriverYardh82nxi"}
RESULT: {"text":"WebdriverYardh82nxi"}
COMMAND: GET /session/2fbb17261cc6fb074d1493bb698829b1/screenshot - {}
RESULT: {}
COMMAND: POST /session/2fbb17261cc6fb074d1493bb698829b1/actions - {"actions":[{"id":"action32","type":"key","parameters":{},"actions":[{"type":"keyDown","value":""},{"type":"pause","duration":10},{"type":"keyUp","value":""}]}]}
RESULT: {"actions":[{"id":"action32","type":"key","parameters":{},"actions":[{"type":"keyDown","value":""},{"type":"pause","duration":10},{"type":"keyUp","value":""}]}]}
COMMAND: GET /session/2fbb17261cc6fb074d1493bb698829b1/screenshot - {}
RESULT: {}
COMMAND: POST /session/2fbb17261cc6fb074d1493bb698829b1/element - {"using":"xpath","value":"//input[contains(@id ,\"application-managecontracts-display-component---AddNewContract--customerSelect-inner\")]"}
RESULT: {"using":"xpath","value":"//input[contains(@id ,\"application-managecontracts-display-component---AddNewContract--customerSelect-inner\")]"}
COMMAND: POST /session/2fbb17261cc6fb074d1493bb698829b1/element/f.73F923247D4A980C1D654B50CBD09E00.d.525711BF6494F53CFBB50AED896A8F72.e.3731/value - {"text":"WebdriverPartner6lsih"}
RESULT: {"text":"WebdriverPartner6lsih"}
COMMAND: GET /session/2fbb17261cc6fb074d1493bb698829b1/screenshot - {}
RESULT: {}
COMMAND: POST /session/2fbb17261cc6fb074d1493bb698829b1/actions - {"actions":[{"id":"action33","type":"key","parameters":{},"actions":[{"type":"keyDown","value":""},{"type":"pause","duration":10},{"type":"keyUp","value":""}]}]}
RESULT: {"actions":[{"id":"action33","type":"key","parameters":{},"actions":[{"type":"keyDown","value":""},{"type":"pause","duration":10},{"type":"keyUp","value":""}]}]}
COMMAND: GET /session/2fbb17261cc6fb074d1493bb698829b1/screenshot - {}
RESULT: {}
COMMAND: POST /session/2fbb17261cc6fb074d1493bb698829b1/element - {"using":"xpath","value":"//input[contains(@id ,\"application-managecontracts-display-component---AddNewContract--site-inner\")]"}
RESULT: {"using":"xpath","value":"//input[contains(@id ,\"application-managecontracts-display-component---AddNewContract--site-inner\")]"}
COMMAND: POST /session/2fbb17261cc6fb074d1493bb698829b1/element/f.73F923247D4A980C1D654B50CBD09E00.d.525711BF6494F53CFBB50AED896A8F72.e.3732/value - {"text":"WebdriverSitefc5qkg"}
RESULT: {"text":"WebdriverSitefc5qkg"}
COMMAND: GET /session/2fbb17261cc6fb074d1493bb698829b1/screenshot - {}
RESULT: {}
COMMAND: POST /session/2fbb17261cc6fb074d1493bb698829b1/actions - {"actions":[{"id":"action34","type":"key","parameters":{},"actions":[{"type":"keyDown","value":""},{"type":"pause","duration":10},{"type":"keyUp","value":""}]}]}
RESULT: {"actions":[{"id":"action34","type":"key","parameters":{},"actions":[{"type":"keyDown","value":""},{"type":"pause","duration":10},{"type":"keyUp","value":""}]}]}
COMMAND: GET /session/2fbb17261cc6fb074d1493bb698829b1/screenshot - {}
RESULT: {}
COMMAND: POST /session/2fbb17261cc6fb074d1493bb698829b1/execute/async - {"script":"<script> [1562 bytes]","args":[{"selector":{"id":"application-managecontracts-display-component---AddNewContract--saveBtn","interaction":{"idSuffix":"BDI-content"}},"wdio_ui5_key":"applicationmanagecontracts-display-component---AddNewContract--saveBtn"}]}
RESULT: {"script":"<script> [1562 bytes]","args":[{"selector":{"id":"application-managecontracts-display-component---AddNewContract--saveBtn","interaction":{"idSuffix":"BDI-content"}},"wdio_ui5_key":"applicationmanagecontracts-display-component---AddNewContract--saveBtn"}]}
RESULT: undefined
COMMAND: POST /session/2fbb17261cc6fb074d1493bb698829b1/element - {"using":"xpath","value":"//*[@id=\"application-managecontracts-display-component---AddNewContract--saveBtn\"]"}
RESULT: {"using":"xpath","value":"//*[@id=\"application-managecontracts-display-component---AddNewContract--saveBtn\"]"}
COMMAND: POST /session/2fbb17261cc6fb074d1493bb698829b1/element/f.73F923247D4A980C1D654B50CBD09E00.d.525711BF6494F53CFBB50AED896A8F72.e.3806/click - {}
RESULT: {}
COMMAND: GET /session/2fbb17261cc6fb074d1493bb698829b1/screenshot - {}
RESULT: {}
COMMAND: POST /session/2fbb17261cc6fb074d1493bb698829b1/element - {"using":"xpath","value":"//span[contains(@id ,\"contractDetailTitleNoExpanded\")]"}
RESULT: {"using":"xpath","value":"//span[contains(@id ,\"contractDetailTitleNoExpanded\")]"}
COMMAND: GET /session/2fbb17261cc6fb074d1493bb698829b1/element/f.73F923247D4A980C1D654B50CBD09E00.d.525711BF6494F53CFBB50AED896A8F72.e.3886/text - {}
RESULT: {}
COMMAND: POST /session/2fbb17261cc6fb074d1493bb698829b1/element - {"using":"css selector","value":"#shell-header-logo"}
RESULT: {"using":"css selector","value":"#shell-header-logo"}
COMMAND: POST /session/2fbb17261cc6fb074d1493bb698829b1/element/f.73F923247D4A980C1D654B50CBD09E00.d.525711BF6494F53CFBB50AED896A8F72.e.3422/click - {}
RESULT: {}
COMMAND: GET /session/2fbb17261cc6fb074d1493bb698829b1/screenshot - {}
RESULT: {}
]]></system-out>
    </testcase>
    <testcase classname="chrome.136_0_7103_93.windows.Manage_request_+_Contract_processing_pick_up_option_US120163_" name="Should create a new material" time="141.416">
      <system-out><![CDATA[
COMMAND: POST /session/2fbb17261cc6fb074d1493bb698829b1/execute/async - {"script":"<script> [1562 bytes]","args":[{"selector":{"controlType":"sap.m.GenericTile","properties":{"header":"Manage Resources"}},"wdio_ui5_key":"sapm.GenericTile{\"header\":\"Manage Resources\"}"}]}
RESULT: {"script":"<script> [1562 bytes]","args":[{"selector":{"controlType":"sap.m.GenericTile","properties":{"header":"Manage Resources"}},"wdio_ui5_key":"sapm.GenericTile{\"header\":\"Manage Resources\"}"}]}
RESULT: undefined
COMMAND: POST /session/2fbb17261cc6fb074d1493bb698829b1/element - {"using":"xpath","value":"//*[@id=\"__tile39\"]"}
RESULT: {"using":"xpath","value":"//*[@id=\"__tile39\"]"}
COMMAND: POST /session/2fbb17261cc6fb074d1493bb698829b1/element/f.73F923247D4A980C1D654B50CBD09E00.d.525711BF6494F53CFBB50AED896A8F72.e.3890/click - {}
RESULT: {}
COMMAND: GET /session/2fbb17261cc6fb074d1493bb698829b1/screenshot - {}
RESULT: {}
COMMAND: POST /session/2fbb17261cc6fb074d1493bb698829b1/elements - {"using":"xpath","value":"//span[text()='Error']"}
RESULT: {"using":"xpath","value":"//span[text()='Error']"}
COMMAND: POST /session/2fbb17261cc6fb074d1493bb698829b1/element - {"using":"xpath","value":"//button[@data-kt=\"addNewRUOverflowToolbarButton\"]"}
RESULT: {"using":"xpath","value":"//button[@data-kt=\"addNewRUOverflowToolbarButton\"]"}
COMMAND: POST /session/2fbb17261cc6fb074d1493bb698829b1/execute/sync - {"script":"<script> [8489 bytes]","args":[{"element-6066-11e4-a52e-4f735466cecf":"f.73F923247D4A980C1D654B50CBD09E00.d.525711BF6494F53CFBB50AED896A8F72.e.3931","ELEMENT":"f.73F923247D4A980C1D654B50CBD09E00.d.525711BF6494F53CFBB50AED896A8F72.e.3931"}]}
RESULT: {"script":"<script> [8489 bytes]","args":[{"element-6066-11e4-a52e-4f735466cecf":"f.73F923247D4A980C1D654B50CBD09E00.d.525711BF6494F53CFBB50AED896A8F72.e.3931","ELEMENT":"f.73F923247D4A980C1D654B50CBD09E00.d.525711BF6494F53CFBB50AED896A8F72.e.3931"}]}
COMMAND: POST /session/2fbb17261cc6fb074d1493bb698829b1/element/f.73F923247D4A980C1D654B50CBD09E00.d.525711BF6494F53CFBB50AED896A8F72.e.3931/click - {}
COMMAND: GET /session/2fbb17261cc6fb074d1493bb698829b1/screenshot - {}
RESULT: {}
COMMAND: POST /session/2fbb17261cc6fb074d1493bb698829b1/execute/async - {"script":"<script> [1562 bytes]","args":[{"selector":{"id":"application-manageresources-display-component---newResourceUnit--TYPE-arrow"},"wdio_ui5_key":"applicationmanageresources-display-component---newResourceUnit--TYPE-arrow"}]}
COMMAND: GET /session/2fbb17261cc6fb074d1493bb698829b1/screenshot - {}
RESULT: {}
RESULT: {"script":"<script> [1562 bytes]","args":[{"selector":{"id":"application-manageresources-display-component---newResourceUnit--TYPE-arrow"},"wdio_ui5_key":"applicationmanageresources-display-component---newResourceUnit--TYPE-arrow"}]}
RESULT: undefined
COMMAND: POST /session/2fbb17261cc6fb074d1493bb698829b1/element - {"using":"xpath","value":"//*[@id=\"application-manageresources-display-component---newResourceUnit--TYPE-arrow\"]"}
RESULT: {}
RESULT: {"using":"xpath","value":"//*[@id=\"application-manageresources-display-component---newResourceUnit--TYPE-arrow\"]"}
COMMAND: POST /session/2fbb17261cc6fb074d1493bb698829b1/element/f.73F923247D4A980C1D654B50CBD09E00.d.525711BF6494F53CFBB50AED896A8F72.e.4251/click - {}
RESULT: {}
COMMAND: POST /session/2fbb17261cc6fb074d1493bb698829b1/execute/async - {"script":"<script> [1562 bytes]","args":[{"selector":{"controlType":"sap.m.StandardListItem","viewName":"reusables.view.manageresources.NewResourceUnit","viewId":"application-manageresources-display-component---newResourceUnit","properties":{"title":"Material"},"searchOpenDialogs":true,"interaction":{"idSuffix":"titleText"}},"wdio_ui5_key":"reusablesview.manageresources.NewResourceUnitsap.m.StandardListItem{\"title\":\"Material\"}"}]}
COMMAND: GET /session/2fbb17261cc6fb074d1493bb698829b1/screenshot - {}
RESULT: {"script":"<script> [1562 bytes]","args":[{"selector":{"controlType":"sap.m.StandardListItem","viewName":"reusables.view.manageresources.NewResourceUnit","viewId":"application-manageresources-display-component---newResourceUnit","properties":{"title":"Material"},"searchOpenDialogs":true,"interaction":{"idSuffix":"titleText"}},"wdio_ui5_key":"reusablesview.manageresources.NewResourceUnitsap.m.StandardListItem{\"title\":\"Material\"}"}]}
RESULT: undefined
COMMAND: POST /session/2fbb17261cc6fb074d1493bb698829b1/element - {"using":"xpath","value":"//*[@id=\"__item2107\"]"}
RESULT: {}
RESULT: {"using":"xpath","value":"//*[@id=\"__item2107\"]"}
COMMAND: POST /session/2fbb17261cc6fb074d1493bb698829b1/element/f.73F923247D4A980C1D654B50CBD09E00.d.525711BF6494F53CFBB50AED896A8F72.e.4254/click - {}
RESULT: {}
COMMAND: POST /session/2fbb17261cc6fb074d1493bb698829b1/execute/async - {"script":"<script> [1562 bytes]","args":[{"selector":{"id":"application-manageresources-display-component---newResourceUnit--SHORT_TEXT","interaction":{"idSuffix":"inner"}},"wdio_ui5_key":"applicationmanageresources-display-component---newResourceUnit--SHORT_TEXT"}]}
COMMAND: GET /session/2fbb17261cc6fb074d1493bb698829b1/screenshot - {}
RESULT: {"script":"<script> [1562 bytes]","args":[{"selector":{"id":"application-manageresources-display-component---newResourceUnit--SHORT_TEXT","interaction":{"idSuffix":"inner"}},"wdio_ui5_key":"applicationmanageresources-display-component---newResourceUnit--SHORT_TEXT"}]}
RESULT: undefined
COMMAND: POST /session/2fbb17261cc6fb074d1493bb698829b1/execute/async - {"script":"<script> [776 bytes]","args":[{"enterText":"WebdriverRUR2C6byjc","selector":{"id":"application-manageresources-display-component---newResourceUnit--SHORT_TEXT","interaction":{"idSuffix":"inner"}},"clearTextFirst":true,"interactionType":"ENTER_TEXT"}]}
RESULT: {}
RESULT: {"script":"<script> [776 bytes]","args":[{"enterText":"WebdriverRUR2C6byjc","selector":{"id":"application-manageresources-display-component---newResourceUnit--SHORT_TEXT","interaction":{"idSuffix":"inner"}},"clearTextFirst":true,"interactionType":"ENTER_TEXT"}]}
COMMAND: POST /session/2fbb17261cc6fb074d1493bb698829b1/execute/async - {"script":"<script> [1562 bytes]","args":[{"selector":{"id":"application-manageresources-display-component---newResourceUnit--BASE_UNIT_OF_MEASURE-arrow"},"wdio_ui5_key":"applicationmanageresources-display-component---newResourceUnit--BASE_UNIT_OF_MEASURE-arrow"}]}
RESULT: {"script":"<script> [1562 bytes]","args":[{"selector":{"id":"application-manageresources-display-component---newResourceUnit--BASE_UNIT_OF_MEASURE-arrow"},"wdio_ui5_key":"applicationmanageresources-display-component---newResourceUnit--BASE_UNIT_OF_MEASURE-arrow"}]}
RESULT: undefined
COMMAND: POST /session/2fbb17261cc6fb074d1493bb698829b1/element - {"using":"xpath","value":"//*[@id=\"application-manageresources-display-component---newResourceUnit--BASE_UNIT_OF_MEASURE-arrow\"]"}
RESULT: {"using":"xpath","value":"//*[@id=\"application-manageresources-display-component---newResourceUnit--BASE_UNIT_OF_MEASURE-arrow\"]"}
COMMAND: POST /session/2fbb17261cc6fb074d1493bb698829b1/element/f.73F923247D4A980C1D654B50CBD09E00.d.525711BF6494F53CFBB50AED896A8F72.e.4374/click - {}
RESULT: {}
COMMAND: POST /session/2fbb17261cc6fb074d1493bb698829b1/execute/async - {"script":"<script> [1562 bytes]","args":[{"selector":{"controlType":"sap.m.StandardListItem","viewName":"reusables.view.manageresources.NewResourceUnit","viewId":"application-manageresources-display-component---newResourceUnit","properties":{"title":"Piece"},"searchOpenDialogs":true,"interaction":{"idSuffix":"titleText"}},"wdio_ui5_key":"reusablesview.manageresources.NewResourceUnitsap.m.StandardListItem{\"title\":\"Piece\"}"}]}
COMMAND: GET /session/2fbb17261cc6fb074d1493bb698829b1/screenshot - {}
RESULT: {"script":"<script> [1562 bytes]","args":[{"selector":{"controlType":"sap.m.StandardListItem","viewName":"reusables.view.manageresources.NewResourceUnit","viewId":"application-manageresources-display-component---newResourceUnit","properties":{"title":"Piece"},"searchOpenDialogs":true,"interaction":{"idSuffix":"titleText"}},"wdio_ui5_key":"reusablesview.manageresources.NewResourceUnitsap.m.StandardListItem{\"title\":\"Piece\"}"}]}
RESULT: undefined
COMMAND: POST /session/2fbb17261cc6fb074d1493bb698829b1/element - {"using":"xpath","value":"//*[@id=\"__item2160\"]"}
RESULT: {}
RESULT: {"using":"xpath","value":"//*[@id=\"__item2160\"]"}
COMMAND: POST /session/2fbb17261cc6fb074d1493bb698829b1/element/f.73F923247D4A980C1D654B50CBD09E00.d.525711BF6494F53CFBB50AED896A8F72.e.4376/click - {}
RESULT: {}
COMMAND: POST /session/2fbb17261cc6fb074d1493bb698829b1/element - {"using":"xpath","value":"//input[contains(@id ,\"application-manageresources-display-component---newResourceUnit--SHORT_TEXT-inner\")]"}
COMMAND: GET /session/2fbb17261cc6fb074d1493bb698829b1/screenshot - {}
RESULT: {"using":"xpath","value":"//input[contains(@id ,\"application-manageresources-display-component---newResourceUnit--SHORT_TEXT-inner\")]"}
COMMAND: GET /session/2fbb17261cc6fb074d1493bb698829b1/element/f.73F923247D4A980C1D654B50CBD09E00.d.525711BF6494F53CFBB50AED896A8F72.e.4271/property/value - {}
RESULT: {}
RESULT: {}
COMMAND: POST /session/2fbb17261cc6fb074d1493bb698829b1/execute/async - {"script":"<script> [1562 bytes]","args":[{"selector":{"id":"application-manageresources-display-component---newResourceUnit--WEIGHT_UNIT-arrow"},"wdio_ui5_key":"applicationmanageresources-display-component---newResourceUnit--WEIGHT_UNIT-arrow"}]}
COMMAND: GET /session/2fbb17261cc6fb074d1493bb698829b1/screenshot - {}
RESULT: {"script":"<script> [1562 bytes]","args":[{"selector":{"id":"application-manageresources-display-component---newResourceUnit--WEIGHT_UNIT-arrow"},"wdio_ui5_key":"applicationmanageresources-display-component---newResourceUnit--WEIGHT_UNIT-arrow"}]}
RESULT: undefined
COMMAND: POST /session/2fbb17261cc6fb074d1493bb698829b1/element - {"using":"xpath","value":"//*[@id=\"application-manageresources-display-component---newResourceUnit--WEIGHT_UNIT-arrow\"]"}
RESULT: {}
RESULT: {"using":"xpath","value":"//*[@id=\"application-manageresources-display-component---newResourceUnit--WEIGHT_UNIT-arrow\"]"}
COMMAND: POST /session/2fbb17261cc6fb074d1493bb698829b1/element/f.73F923247D4A980C1D654B50CBD09E00.d.525711BF6494F53CFBB50AED896A8F72.e.4377/click - {}
RESULT: {}
COMMAND: POST /session/2fbb17261cc6fb074d1493bb698829b1/execute/async - {"script":"<script> [1562 bytes]","args":[{"selector":{"controlType":"sap.m.StandardListItem","viewName":"reusables.view.manageresources.NewResourceUnit","viewId":"application-manageresources-display-component---newResourceUnit","properties":{"title":"Gram"},"searchOpenDialogs":true,"interaction":{"idSuffix":"content"}},"wdio_ui5_key":"reusablesview.manageresources.NewResourceUnitsap.m.StandardListItem{\"title\":\"Gram\"}"}]}
COMMAND: GET /session/2fbb17261cc6fb074d1493bb698829b1/screenshot - {}
RESULT: {"script":"<script> [1562 bytes]","args":[{"selector":{"controlType":"sap.m.StandardListItem","viewName":"reusables.view.manageresources.NewResourceUnit","viewId":"application-manageresources-display-component---newResourceUnit","properties":{"title":"Gram"},"searchOpenDialogs":true,"interaction":{"idSuffix":"content"}},"wdio_ui5_key":"reusablesview.manageresources.NewResourceUnitsap.m.StandardListItem{\"title\":\"Gram\"}"}]}
RESULT: undefined
COMMAND: POST /session/2fbb17261cc6fb074d1493bb698829b1/element - {"using":"xpath","value":"//*[@id=\"__item2225\"]"}
RESULT: {}
RESULT: {"using":"xpath","value":"//*[@id=\"__item2225\"]"}
COMMAND: POST /session/2fbb17261cc6fb074d1493bb698829b1/element/f.73F923247D4A980C1D654B50CBD09E00.d.525711BF6494F53CFBB50AED896A8F72.e.4379/click - {}
RESULT: {}
COMMAND: POST /session/2fbb17261cc6fb074d1493bb698829b1/execute/async - {"script":"<script> [1562 bytes]","args":[{"selector":{"id":"application-manageresources-display-component---newResourceUnit--newRRUPage-OPHeaderContent-collapseBtn-img"},"wdio_ui5_key":"applicationmanageresources-display-component---newResourceUnit--newRRUPage-OPHeaderContent-collapseBtn-img"}]}
COMMAND: GET /session/2fbb17261cc6fb074d1493bb698829b1/screenshot - {}
RESULT: {"script":"<script> [1562 bytes]","args":[{"selector":{"id":"application-manageresources-display-component---newResourceUnit--newRRUPage-OPHeaderContent-collapseBtn-img"},"wdio_ui5_key":"applicationmanageresources-display-component---newResourceUnit--newRRUPage-OPHeaderContent-collapseBtn-img"}]}
RESULT: undefined
COMMAND: POST /session/2fbb17261cc6fb074d1493bb698829b1/element - {"using":"xpath","value":"//*[@id=\"application-manageresources-display-component---newResourceUnit--newRRUPage-OPHeaderContent-collapseBtn-img\"]"}
RESULT: {}
RESULT: {"using":"xpath","value":"//*[@id=\"application-manageresources-display-component---newResourceUnit--newRRUPage-OPHeaderContent-collapseBtn-img\"]"}
COMMAND: POST /session/2fbb17261cc6fb074d1493bb698829b1/element/f.73F923247D4A980C1D654B50CBD09E00.d.525711BF6494F53CFBB50AED896A8F72.e.4261/click - {}
RESULT: {}
COMMAND: GET /session/2fbb17261cc6fb074d1493bb698829b1/screenshot - {}
RESULT: {}
COMMAND: POST /session/2fbb17261cc6fb074d1493bb698829b1/element - {"using":"xpath","value":"(//span[contains(@id ,\"application-manageresources-display-component---newResourceUnit--DIMENSION_UNIT-arrow\")])[1]"}
RESULT: {"using":"xpath","value":"(//span[contains(@id ,\"application-manageresources-display-component---newResourceUnit--DIMENSION_UNIT-arrow\")])[1]"}
COMMAND: POST /session/2fbb17261cc6fb074d1493bb698829b1/element/f.73F923247D4A980C1D654B50CBD09E00.d.525711BF6494F53CFBB50AED896A8F72.e.4383/click - {}
RESULT: {}
COMMAND: GET /session/2fbb17261cc6fb074d1493bb698829b1/screenshot - {}
RESULT: {}
COMMAND: POST /session/2fbb17261cc6fb074d1493bb698829b1/execute/async - {"script":"<script> [1562 bytes]","args":[{"selector":{"controlType":"sap.m.StandardListItem","viewName":"reusables.view.manageresources.NewResourceUnit","viewId":"application-manageresources-display-component---newResourceUnit","properties":{"title":"Centimeter"},"searchOpenDialogs":true,"interaction":{"idSuffix":"titleText"}},"wdio_ui5_key":"reusablesview.manageresources.NewResourceUnitsap.m.StandardListItem{\"title\":\"Centimeter\"}"}]}
RESULT: {"script":"<script> [1562 bytes]","args":[{"selector":{"controlType":"sap.m.StandardListItem","viewName":"reusables.view.manageresources.NewResourceUnit","viewId":"application-manageresources-display-component---newResourceUnit","properties":{"title":"Centimeter"},"searchOpenDialogs":true,"interaction":{"idSuffix":"titleText"}},"wdio_ui5_key":"reusablesview.manageresources.NewResourceUnitsap.m.StandardListItem{\"title\":\"Centimeter\"}"}]}
RESULT: undefined
COMMAND: POST /session/2fbb17261cc6fb074d1493bb698829b1/element - {"using":"xpath","value":"//*[@id=\"__item2228\"]"}
RESULT: {"using":"xpath","value":"//*[@id=\"__item2228\"]"}
COMMAND: POST /session/2fbb17261cc6fb074d1493bb698829b1/element/f.73F923247D4A980C1D654B50CBD09E00.d.525711BF6494F53CFBB50AED896A8F72.e.4387/click - {}
RESULT: {}
COMMAND: POST /session/2fbb17261cc6fb074d1493bb698829b1/execute/async - {"script":"<script> [1562 bytes]","args":[{"selector":{"id":"application-manageresources-display-component---newResourceUnit--newRRUPage-anchBar-application-manageresources-display-component---newResourceUnit--reference-anchor","interaction":{"idSuffix":"BDI-content"}},"wdio_ui5_key":"applicationmanageresources-display-component---newResourceUnit--newRRUPage-anchBar-application-manageresources-display-component---newResourceUnit--reference-anchor"}]}
COMMAND: GET /session/2fbb17261cc6fb074d1493bb698829b1/screenshot - {}
RESULT: {"script":"<script> [1562 bytes]","args":[{"selector":{"id":"application-manageresources-display-component---newResourceUnit--newRRUPage-anchBar-application-manageresources-display-component---newResourceUnit--reference-anchor","interaction":{"idSuffix":"BDI-content"}},"wdio_ui5_key":"applicationmanageresources-display-component---newResourceUnit--newRRUPage-anchBar-application-manageresources-display-component---newResourceUnit--reference-anchor"}]}
RESULT: undefined
COMMAND: POST /session/2fbb17261cc6fb074d1493bb698829b1/element - {"using":"xpath","value":"//*[@id=\"application-manageresources-display-component---newResourceUnit--newRRUPage-anchBar-application-manageresources-display-component---newResourceUnit--reference-anchor\"]"}
RESULT: {}
RESULT: {"using":"xpath","value":"//*[@id=\"application-manageresources-display-component---newResourceUnit--newRRUPage-anchBar-application-manageresources-display-component---newResourceUnit--reference-anchor\"]"}
COMMAND: POST /session/2fbb17261cc6fb074d1493bb698829b1/element/f.73F923247D4A980C1D654B50CBD09E00.d.525711BF6494F53CFBB50AED896A8F72.e.4389/click - {}
RESULT: {}
COMMAND: POST /session/2fbb17261cc6fb074d1493bb698829b1/execute/async - {"script":"<script> [1562 bytes]","args":[{"selector":{"id":"application-manageresources-display-component---newResourceUnit--PLANNING_GROUP-arrow"},"wdio_ui5_key":"applicationmanageresources-display-component---newResourceUnit--PLANNING_GROUP-arrow"}]}
COMMAND: GET /session/2fbb17261cc6fb074d1493bb698829b1/screenshot - {}
RESULT: {"script":"<script> [1562 bytes]","args":[{"selector":{"id":"application-manageresources-display-component---newResourceUnit--PLANNING_GROUP-arrow"},"wdio_ui5_key":"applicationmanageresources-display-component---newResourceUnit--PLANNING_GROUP-arrow"}]}
RESULT: undefined
COMMAND: POST /session/2fbb17261cc6fb074d1493bb698829b1/element - {"using":"xpath","value":"//*[@id=\"application-manageresources-display-component---newResourceUnit--PLANNING_GROUP-arrow\"]"}
RESULT: {}
RESULT: {"using":"xpath","value":"//*[@id=\"application-manageresources-display-component---newResourceUnit--PLANNING_GROUP-arrow\"]"}
COMMAND: POST /session/2fbb17261cc6fb074d1493bb698829b1/element/f.73F923247D4A980C1D654B50CBD09E00.d.525711BF6494F53CFBB50AED896A8F72.e.4393/click - {}
RESULT: {}
COMMAND: POST /session/2fbb17261cc6fb074d1493bb698829b1/execute/async - {"script":"<script> [1562 bytes]","args":[{"selector":{"controlType":"sap.m.StandardListItem","viewName":"reusables.view.manageresources.NewResourceUnit","viewId":"application-manageresources-display-component---newResourceUnit","properties":{"title":"Heavy Equi"},"searchOpenDialogs":true,"interaction":{"idSuffix":"content"}},"wdio_ui5_key":"reusablesview.manageresources.NewResourceUnitsap.m.StandardListItem{\"title\":\"Heavy Equi\"}"}]}
COMMAND: GET /session/2fbb17261cc6fb074d1493bb698829b1/screenshot - {}
RESULT: {"script":"<script> [1562 bytes]","args":[{"selector":{"controlType":"sap.m.StandardListItem","viewName":"reusables.view.manageresources.NewResourceUnit","viewId":"application-manageresources-display-component---newResourceUnit","properties":{"title":"Heavy Equi"},"searchOpenDialogs":true,"interaction":{"idSuffix":"content"}},"wdio_ui5_key":"reusablesview.manageresources.NewResourceUnitsap.m.StandardListItem{\"title\":\"Heavy Equi\"}"}]}
RESULT: undefined
COMMAND: POST /session/2fbb17261cc6fb074d1493bb698829b1/element - {"using":"xpath","value":"//*[@id=\"__item2236\"]"}
RESULT: {}
RESULT: {"using":"xpath","value":"//*[@id=\"__item2236\"]"}
COMMAND: POST /session/2fbb17261cc6fb074d1493bb698829b1/element/f.73F923247D4A980C1D654B50CBD09E00.d.525711BF6494F53CFBB50AED896A8F72.e.4397/click - {}
RESULT: {}
COMMAND: GET /session/2fbb17261cc6fb074d1493bb698829b1/screenshot - {}
RESULT: {}
COMMAND: POST /session/2fbb17261cc6fb074d1493bb698829b1/execute/async - {"script":"<script> [1562 bytes]","args":[{"selector":{"id":"application-manageresources-display-component---newResourceUnit--PLANNING_INDICATOR-arrow"},"wdio_ui5_key":"applicationmanageresources-display-component---newResourceUnit--PLANNING_INDICATOR-arrow"}]}
RESULT: {"script":"<script> [1562 bytes]","args":[{"selector":{"id":"application-manageresources-display-component---newResourceUnit--PLANNING_INDICATOR-arrow"},"wdio_ui5_key":"applicationmanageresources-display-component---newResourceUnit--PLANNING_INDICATOR-arrow"}]}
RESULT: undefined
COMMAND: POST /session/2fbb17261cc6fb074d1493bb698829b1/element - {"using":"xpath","value":"//*[@id=\"application-manageresources-display-component---newResourceUnit--PLANNING_INDICATOR-arrow\"]"}
RESULT: {"using":"xpath","value":"//*[@id=\"application-manageresources-display-component---newResourceUnit--PLANNING_INDICATOR-arrow\"]"}
COMMAND: POST /session/2fbb17261cc6fb074d1493bb698829b1/element/f.73F923247D4A980C1D654B50CBD09E00.d.525711BF6494F53CFBB50AED896A8F72.e.4398/click - {}
RESULT: {}
COMMAND: POST /session/2fbb17261cc6fb074d1493bb698829b1/execute/async - {"script":"<script> [1562 bytes]","args":[{"selector":{"controlType":"sap.m.StandardListItem","viewName":"reusables.view.manageresources.NewResourceUnit","viewId":"application-manageresources-display-component---newResourceUnit","properties":{"title":"10 - infinite"},"searchOpenDialogs":true,"interaction":{"idSuffix":"content"}},"wdio_ui5_key":"reusablesview.manageresources.NewResourceUnitsap.m.StandardListItem{\"title\":\"10 - infinite\"}"}]}
COMMAND: GET /session/2fbb17261cc6fb074d1493bb698829b1/screenshot - {}
RESULT: {"script":"<script> [1562 bytes]","args":[{"selector":{"controlType":"sap.m.StandardListItem","viewName":"reusables.view.manageresources.NewResourceUnit","viewId":"application-manageresources-display-component---newResourceUnit","properties":{"title":"10 - infinite"},"searchOpenDialogs":true,"interaction":{"idSuffix":"content"}},"wdio_ui5_key":"reusablesview.manageresources.NewResourceUnitsap.m.StandardListItem{\"title\":\"10 - infinite\"}"}]}
RESULT: undefined
COMMAND: POST /session/2fbb17261cc6fb074d1493bb698829b1/element - {"using":"xpath","value":"//*[@id=\"__item2246\"]"}
RESULT: {}
RESULT: {"using":"xpath","value":"//*[@id=\"__item2246\"]"}
COMMAND: POST /session/2fbb17261cc6fb074d1493bb698829b1/element/f.73F923247D4A980C1D654B50CBD09E00.d.525711BF6494F53CFBB50AED896A8F72.e.4400/click - {}
RESULT: {}
COMMAND: GET /session/2fbb17261cc6fb074d1493bb698829b1/screenshot - {}
RESULT: {}
COMMAND: POST /session/2fbb17261cc6fb074d1493bb698829b1/element - {"using":"xpath","value":"//bdi[contains(text(), \"Time Segment\")]"}
RESULT: {"using":"xpath","value":"//bdi[contains(text(), \"Time Segment\")]"}
COMMAND: GET /session/2fbb17261cc6fb074d1493bb698829b1/element/f.73F923247D4A980C1D654B50CBD09E00.d.525711BF6494F53CFBB50AED896A8F72.e.4401/rect - {}
RESULT: {}
COMMAND: GET /session/2fbb17261cc6fb074d1493bb698829b1/window/rect - {}
RESULT: {}
COMMAND: POST /session/2fbb17261cc6fb074d1493bb698829b1/execute/sync - {"script":"<script> [92 bytes]","args":[]}
RESULT: {"script":"<script> [92 bytes]","args":[]}
COMMAND: POST /session/2fbb17261cc6fb074d1493bb698829b1/actions - {"actions":[{"id":"action35","type":"wheel","parameters":{},"actions":[{"type":"scroll","x":-1820,"y":-21,"deltaX":0,"deltaY":0,"duration":0,"origin":{"element-6066-11e4-a52e-4f735466cecf":"f.73F923247D4A980C1D654B50CBD09E00.d.525711BF6494F53CFBB50AED896A8F72.e.4401"}}]}]}
COMMAND: GET /session/2fbb17261cc6fb074d1493bb698829b1/screenshot - {}
RESULT: {}
COMMAND: POST /session/2fbb17261cc6fb074d1493bb698829b1/execute/sync - {"script":"<script> [79 bytes]","args":[{"element-6066-11e4-a52e-4f735466cecf":"f.73F923247D4A980C1D654B50CBD09E00.d.525711BF6494F53CFBB50AED896A8F72.e.4401","ELEMENT":"f.73F923247D4A980C1D654B50CBD09E00.d.525711BF6494F53CFBB50AED896A8F72.e.4401"},{"block":"start","inline":"nearest"}]}
RESULT: {"script":"<script> [79 bytes]","args":[{"element-6066-11e4-a52e-4f735466cecf":"f.73F923247D4A980C1D654B50CBD09E00.d.525711BF6494F53CFBB50AED896A8F72.e.4401","ELEMENT":"f.73F923247D4A980C1D654B50CBD09E00.d.525711BF6494F53CFBB50AED896A8F72.e.4401"},{"block":"start","inline":"nearest"}]}
COMMAND: GET /session/2fbb17261cc6fb074d1493bb698829b1/screenshot - {}
RESULT: {}
COMMAND: POST /session/2fbb17261cc6fb074d1493bb698829b1/element - {"using":"xpath","value":"//span[@id=\"application-manageresources-display-component---newResourceUnit--btnAddTimeSegment-img\"]"}
RESULT: {"using":"xpath","value":"//span[@id=\"application-manageresources-display-component---newResourceUnit--btnAddTimeSegment-img\"]"}
COMMAND: POST /session/2fbb17261cc6fb074d1493bb698829b1/execute/sync - {"script":"<script> [8489 bytes]","args":[{"element-6066-11e4-a52e-4f735466cecf":"f.73F923247D4A980C1D654B50CBD09E00.d.525711BF6494F53CFBB50AED896A8F72.e.4404","ELEMENT":"f.73F923247D4A980C1D654B50CBD09E00.d.525711BF6494F53CFBB50AED896A8F72.e.4404"}]}
RESULT: {"script":"<script> [8489 bytes]","args":[{"element-6066-11e4-a52e-4f735466cecf":"f.73F923247D4A980C1D654B50CBD09E00.d.525711BF6494F53CFBB50AED896A8F72.e.4404","ELEMENT":"f.73F923247D4A980C1D654B50CBD09E00.d.525711BF6494F53CFBB50AED896A8F72.e.4404"}]}
COMMAND: POST /session/2fbb17261cc6fb074d1493bb698829b1/element/f.73F923247D4A980C1D654B50CBD09E00.d.525711BF6494F53CFBB50AED896A8F72.e.4404/click - {}
COMMAND: GET /session/2fbb17261cc6fb074d1493bb698829b1/screenshot - {}
RESULT: {}
COMMAND: GET /session/2fbb17261cc6fb074d1493bb698829b1/screenshot - {}
RESULT: {}
COMMAND: POST /session/2fbb17261cc6fb074d1493bb698829b1/element - {"using":"xpath","value":"//input[@id=\"application-manageresources-display-component---newResourceUnit--idRuTSAdmin-application-manageresources-display-component---newResourceUnit--RUTimeSegment-0-inner\"]"}
RESULT: {}
RESULT: {"using":"xpath","value":"//input[@id=\"application-manageresources-display-component---newResourceUnit--idRuTSAdmin-application-manageresources-display-component---newResourceUnit--RUTimeSegment-0-inner\"]"}
COMMAND: POST /session/2fbb17261cc6fb074d1493bb698829b1/element/f.73F923247D4A980C1D654B50CBD09E00.d.525711BF6494F53CFBB50AED896A8F72.e.4407/clear - {}
RESULT: {}
COMMAND: POST /session/2fbb17261cc6fb074d1493bb698829b1/element/f.73F923247D4A980C1D654B50CBD09E00.d.525711BF6494F53CFBB50AED896A8F72.e.4407/value - {"text":"WebdriverYardh82nxi"}
COMMAND: GET /session/2fbb17261cc6fb074d1493bb698829b1/screenshot - {}
RESULT: {"text":"WebdriverYardh82nxi"}
COMMAND: GET /session/2fbb17261cc6fb074d1493bb698829b1/screenshot - {}
RESULT: {}
RESULT: {}
COMMAND: POST /session/2fbb17261cc6fb074d1493bb698829b1/actions - {"actions":[{"id":"action36","type":"key","parameters":{},"actions":[{"type":"keyDown","value":""},{"type":"pause","duration":10},{"type":"keyUp","value":""}]}]}
RESULT: {"actions":[{"id":"action36","type":"key","parameters":{},"actions":[{"type":"keyDown","value":""},{"type":"pause","duration":10},{"type":"keyUp","value":""}]}]}
COMMAND: GET /session/2fbb17261cc6fb074d1493bb698829b1/screenshot - {}
RESULT: {}
COMMAND: POST /session/2fbb17261cc6fb074d1493bb698829b1/execute/async - {"script":"<script> [1562 bytes]","args":[{"selector":{"controlType":"sap.m.Button","viewName":"reusables.view.manageresources.NewResourceUnit","viewId":"application-manageresources-display-component---newResourceUnit","i18NText":{"propertyName":"tooltip","key":"save"},"interaction":{"idSuffix":"BDI-content"}},"wdio_ui5_key":"reusablesview.manageresources.NewResourceUnitsap.m.Button{\"propertyName\":\"tooltip\",\"key\":\"save\"}"}]}
RESULT: {"script":"<script> [1562 bytes]","args":[{"selector":{"controlType":"sap.m.Button","viewName":"reusables.view.manageresources.NewResourceUnit","viewId":"application-manageresources-display-component---newResourceUnit","i18NText":{"propertyName":"tooltip","key":"save"},"interaction":{"idSuffix":"BDI-content"}},"wdio_ui5_key":"reusablesview.manageresources.NewResourceUnitsap.m.Button{\"propertyName\":\"tooltip\",\"key\":\"save\"}"}]}
RESULT: undefined
COMMAND: POST /session/2fbb17261cc6fb074d1493bb698829b1/element - {"using":"xpath","value":"//*[@id=\"application-manageresources-display-component---newResourceUnit--createRuButton\"]"}
RESULT: {"using":"xpath","value":"//*[@id=\"application-manageresources-display-component---newResourceUnit--createRuButton\"]"}
COMMAND: POST /session/2fbb17261cc6fb074d1493bb698829b1/element/f.73F923247D4A980C1D654B50CBD09E00.d.525711BF6494F53CFBB50AED896A8F72.e.4267/click - {}
RESULT: {}
COMMAND: GET /session/2fbb17261cc6fb074d1493bb698829b1/screenshot - {}
RESULT: {}
COMMAND: POST /session/2fbb17261cc6fb074d1493bb698829b1/execute/async - {"script":"<script> [1562 bytes]","args":[{"selector":{"controlType":"sap.m.Title","properties":{"text":"Success"},"searchOpenDialogs":true},"wdio_ui5_key":"sapm.Title{\"text\":\"Success\"}"}]}
RESULT: {"script":"<script> [1562 bytes]","args":[{"selector":{"controlType":"sap.m.Title","properties":{"text":"Success"},"searchOpenDialogs":true},"wdio_ui5_key":"sapm.Title{\"text\":\"Success\"}"}]}
RESULT: undefined
COMMAND: POST /session/2fbb17261cc6fb074d1493bb698829b1/execute/async - {"script":"<script> [6424 bytes]","args":[{"element-6066-11e4-a52e-4f735466cecf":"f.73F923247D4A980C1D654B50CBD09E00.d.525711BF6494F53CFBB50AED896A8F72.e.4421"},"getText",[]]}
RESULT: {"script":"<script> [6424 bytes]","args":[{"element-6066-11e4-a52e-4f735466cecf":"f.73F923247D4A980C1D654B50CBD09E00.d.525711BF6494F53CFBB50AED896A8F72.e.4421"},"getText",[]]}
COMMAND: POST /session/2fbb17261cc6fb074d1493bb698829b1/element - {"using":"xpath","value":"//*[contains(@id, '__text') and (contains(text(), 'successfully created') or contains(., 'successfully created'))]"}
RESULT: {"using":"xpath","value":"//*[contains(@id, '__text') and (contains(text(), 'successfully created') or contains(., 'successfully created'))]"}
COMMAND: GET /session/2fbb17261cc6fb074d1493bb698829b1/element/f.73F923247D4A980C1D654B50CBD09E00.d.525711BF6494F53CFBB50AED896A8F72.e.4420/text - {}
RESULT: {}
COMMAND: POST /session/2fbb17261cc6fb074d1493bb698829b1/execute/async - {"script":"<script> [1562 bytes]","args":[{"selector":{"controlType":"sap.m.Button","properties":{"text":"Close"},"searchOpenDialogs":true,"interaction":{"idSuffix":"BDI-content"}},"wdio_ui5_key":"sapm.Button{\"text\":\"Close\"}"}]}
RESULT: {"script":"<script> [1562 bytes]","args":[{"selector":{"controlType":"sap.m.Button","properties":{"text":"Close"},"searchOpenDialogs":true,"interaction":{"idSuffix":"BDI-content"}},"wdio_ui5_key":"sapm.Button{\"text\":\"Close\"}"}]}
RESULT: undefined
COMMAND: POST /session/2fbb17261cc6fb074d1493bb698829b1/element - {"using":"xpath","value":"//*[@id=\"__mbox-btn-1\"]"}
RESULT: {"using":"xpath","value":"//*[@id=\"__mbox-btn-1\"]"}
COMMAND: POST /session/2fbb17261cc6fb074d1493bb698829b1/element/f.73F923247D4A980C1D654B50CBD09E00.d.525711BF6494F53CFBB50AED896A8F72.e.4418/click - {}
RESULT: {}
COMMAND: GET /session/2fbb17261cc6fb074d1493bb698829b1/screenshot - {}
RESULT: {}
COMMAND: POST /session/2fbb17261cc6fb074d1493bb698829b1/execute/async - {"script":"<script> [1562 bytes]","args":[{"selector":{"controlType":"sap.ui.core.Icon","viewName":"etm.portal.ui.manageresources.view.Detail","viewId":"application-manageresources-display-component---detailRU","properties":{"src":{"regex":{"source":"overflow"}}}},"wdio_ui5_key":"etmportal.ui.manageresources.view.Detailsap.ui.core.Icon{\"src\":{\"regex\":{\"source\":\"overflow\"}}}"}]}
RESULT: {"script":"<script> [1562 bytes]","args":[{"selector":{"controlType":"sap.ui.core.Icon","viewName":"etm.portal.ui.manageresources.view.Detail","viewId":"application-manageresources-display-component---detailRU","properties":{"src":{"regex":{"source":"overflow"}}}},"wdio_ui5_key":"etmportal.ui.manageresources.view.Detailsap.ui.core.Icon{\"src\":{\"regex\":{\"source\":\"overflow\"}}}"}]}
RESULT: undefined
COMMAND: POST /session/2fbb17261cc6fb074d1493bb698829b1/element - {"using":"xpath","value":"//*[@id=\"__title81-_actionsToolbar-overflowButton-img\"]"}
RESULT: {"using":"xpath","value":"//*[@id=\"__title81-_actionsToolbar-overflowButton-img\"]"}
COMMAND: POST /session/2fbb17261cc6fb074d1493bb698829b1/element/f.73F923247D4A980C1D654B50CBD09E00.d.525711BF6494F53CFBB50AED896A8F72.e.4455/click - {}
RESULT: {}
COMMAND: POST /session/2fbb17261cc6fb074d1493bb698829b1/execute/async - {"script":"<script> [1562 bytes]","args":[{"selector":{"controlType":"sap.m.Button","viewName":"etm.portal.ui.manageresources.view.Detail","viewId":"application-manageresources-display-component---detailRU","i18NText":{"propertyName":"tooltip","key":"closeColumn"},"searchOpenDialogs":true,"interaction":{"idSuffix":"inner"}},"wdio_ui5_key":"etmportal.ui.manageresources.view.Detailsap.m.Button{\"propertyName\":\"tooltip\",\"key\":\"closeColumn\"}"}]}
COMMAND: GET /session/2fbb17261cc6fb074d1493bb698829b1/screenshot - {}
RESULT: {"script":"<script> [1562 bytes]","args":[{"selector":{"controlType":"sap.m.Button","viewName":"etm.portal.ui.manageresources.view.Detail","viewId":"application-manageresources-display-component---detailRU","i18NText":{"propertyName":"tooltip","key":"closeColumn"},"searchOpenDialogs":true,"interaction":{"idSuffix":"inner"}},"wdio_ui5_key":"etmportal.ui.manageresources.view.Detailsap.m.Button{\"propertyName\":\"tooltip\",\"key\":\"closeColumn\"}"}]}
RESULT: undefined
COMMAND: POST /session/2fbb17261cc6fb074d1493bb698829b1/element - {"using":"xpath","value":"//*[@id=\"__button257\"]"}
RESULT: {}
RESULT: {"using":"xpath","value":"//*[@id=\"__button257\"]"}
COMMAND: POST /session/2fbb17261cc6fb074d1493bb698829b1/element/f.73F923247D4A980C1D654B50CBD09E00.d.525711BF6494F53CFBB50AED896A8F72.e.4457/click - {}
RESULT: {}
COMMAND: GET /session/2fbb17261cc6fb074d1493bb698829b1/screenshot - {}
RESULT: {}
COMMAND: POST /session/2fbb17261cc6fb074d1493bb698829b1/refresh - {}
RESULT: {}
COMMAND: GET /session/2fbb17261cc6fb074d1493bb698829b1/screenshot - {}
RESULT: {}
COMMAND: POST /session/2fbb17261cc6fb074d1493bb698829b1/execute/async - {"script":"<script> [189 bytes]","args":[]}
RESULT: {"script":"<script> [189 bytes]","args":[]}
COMMAND: POST /session/2fbb17261cc6fb074d1493bb698829b1/execute/async - {"script":"<script> [123 bytes]","args":[]}
RESULT: {"script":"<script> [123 bytes]","args":[]}
COMMAND: POST /session/2fbb17261cc6fb074d1493bb698829b1/timeouts - {"script":"<number>"}
RESULT: {"script":"<number>"}
COMMAND: GET /session/2fbb17261cc6fb074d1493bb698829b1/timeouts - {}
RESULT: {}
RESULT: undefined
COMMAND: POST /session/2fbb17261cc6fb074d1493bb698829b1/execute/async - {"script":"<script> [2676 bytes]","args":[]}
RESULT: {"script":"<script> [2676 bytes]","args":[]}
COMMAND: POST /session/2fbb17261cc6fb074d1493bb698829b1/execute/async - {"script":"<script> [2342 bytes]","args":[{"protocol":"http","hostname":"0.0.0.0","path":"/","capabilities":{"browserName":"chrome","goog:chromeOptions":{"binary":"C:\\Program Files\\Google\\Chrome\\Application\\chrome.exe","args":["--start-maximized"]}},"logLevel":"warn","connectionRetryTimeout":120000,"connectionRetryCount":3,"logLevels":{},"enableDirectConnect":true,"strictSSL":true,"_":"65 more keys: [\"cacheDir\",\"port\",\"requestedCapabilities\",\"automationProtocol\",\"baseUrl\",\"waitforInterval\",\"waitforTimeout\",\"onReload\",\"beforeCommand\",\"afterCommand\",\"rootDir\",\"specs\",\"suites\",\"exclude\",\"groupLogsByTestSpec\",\"excludeDriverLogs\",\"bail\",\"framework\",\"reporters\",\"services\",\"maxInstances\",\"maxInstancesPerCapability\",\"injectGlobals\",\"filesToWatch\",\"execArgv\",\"runnerEnv\",\"runner\",\"shard\",\"specFileRetries\",\"specFileRetriesDelay\",\"specFileRetriesDeferred\",\"reporterSyncInterval\",\"reporterSyncTimeout\",\"cucumberFeaturesWithLineNumbers\",\"autoCompileOpts\",\"mochaOpts\",\"jasmineOpts\",\"cucumberOpts\",\"onPrepare\",\"onWorkerStart\",\"onWorkerEnd\",\"before\",\"beforeSession\",\"beforeSuite\",\"beforeHook\",\"beforeTest\",\"afterTest\",\"afterHook\",\"afterSuite\",\"afterSession\",\"after\",\"onComplete\",\"beforeAssertion\",\"afterAssertion\",\"beforeFeature\",\"beforeScenario\",\"beforeStep\",\"afterStep\",\"afterScenario\",\"afterFeature\",\"_\",\"suite\",\"$0\",\"ignoredWorkerServices\",\"wdi5\"]"}]}
RESULT: {"script":"<script> [2342 bytes]","args":[{"protocol":"http","hostname":"0.0.0.0","path":"/","capabilities":{"browserName":"chrome","goog:chromeOptions":{"binary":"C:\\Program Files\\Google\\Chrome\\Application\\chrome.exe","args":["--start-maximized"]}},"logLevel":"warn","connectionRetryTimeout":120000,"connectionRetryCount":3,"logLevels":{},"enableDirectConnect":true,"strictSSL":true,"_":"65 more keys: [\"cacheDir\",\"port\",\"requestedCapabilities\",\"automationProtocol\",\"baseUrl\",\"waitforInterval\",\"waitforTimeout\",\"onReload\",\"beforeCommand\",\"afterCommand\",\"rootDir\",\"specs\",\"suites\",\"exclude\",\"groupLogsByTestSpec\",\"excludeDriverLogs\",\"bail\",\"framework\",\"reporters\",\"services\",\"maxInstances\",\"maxInstancesPerCapability\",\"injectGlobals\",\"filesToWatch\",\"execArgv\",\"runnerEnv\",\"runner\",\"shard\",\"specFileRetries\",\"specFileRetriesDelay\",\"specFileRetriesDeferred\",\"reporterSyncInterval\",\"reporterSyncTimeout\",\"cucumberFeaturesWithLineNumbers\",\"autoCompileOpts\",\"mochaOpts\",\"jasmineOpts\",\"cucumberOpts\",\"onPrepare\",\"onWorkerStart\",\"onWorkerEnd\",\"before\",\"beforeSession\",\"beforeSuite\",\"beforeHook\",\"beforeTest\",\"afterTest\",\"afterHook\",\"afterSuite\",\"afterSession\",\"after\",\"onComplete\",\"beforeAssertion\",\"afterAssertion\",\"beforeFeature\",\"beforeScenario\",\"beforeStep\",\"afterStep\",\"afterScenario\",\"afterFeature\",\"_\",\"suite\",\"$0\",\"ignoredWorkerServices\",\"wdi5\"]"}]}
COMMAND: POST /session/2fbb17261cc6fb074d1493bb698829b1/execute/async - {"script":"<script> [21126 bytes]","args":[35000]}
RESULT: {"script":"<script> [21126 bytes]","args":[35000]}
COMMAND: POST /session/2fbb17261cc6fb074d1493bb698829b1/element - {"using":"css selector","value":"#shell-header-logo"}
RESULT: {"using":"css selector","value":"#shell-header-logo"}
COMMAND: POST /session/2fbb17261cc6fb074d1493bb698829b1/element/f.73F923247D4A980C1D654B50CBD09E00.d.E6C9B18DBF995AFF95EA922B6EC0FA7A.e.4556/click - {}
RESULT: {}
COMMAND: GET /session/2fbb17261cc6fb074d1493bb698829b1/screenshot - {}
RESULT: {}
COMMAND: POST /session/2fbb17261cc6fb074d1493bb698829b1/element - {"using":"css selector","value":"#shell-header-logo"}
RESULT: {"using":"css selector","value":"#shell-header-logo"}
COMMAND: POST /session/2fbb17261cc6fb074d1493bb698829b1/element/f.73F923247D4A980C1D654B50CBD09E00.d.E6C9B18DBF995AFF95EA922B6EC0FA7A.e.4741/click - {}
RESULT: {}
COMMAND: GET /session/2fbb17261cc6fb074d1493bb698829b1/screenshot - {}
RESULT: {}
]]></system-out>
    </testcase>
    <testcase classname="chrome.136_0_7103_93.windows.Manage_request_+_Contract_processing_pick_up_option_US120163_" name="Should Create New Request pick up option" time="175.419">
      <system-out><![CDATA[
COMMAND: POST /session/2fbb17261cc6fb074d1493bb698829b1/element - {"using":"css selector","value":"#shell-header-logo"}
RESULT: {"using":"css selector","value":"#shell-header-logo"}
COMMAND: POST /session/2fbb17261cc6fb074d1493bb698829b1/element/f.73F923247D4A980C1D654B50CBD09E00.d.E6C9B18DBF995AFF95EA922B6EC0FA7A.e.4741/click - {}
RESULT: {}
COMMAND: GET /session/2fbb17261cc6fb074d1493bb698829b1/screenshot - {}
RESULT: {}
COMMAND: POST /session/2fbb17261cc6fb074d1493bb698829b1/execute/async - {"script":"<script> [1562 bytes]","args":[{"selector":{"controlType":"sap.m.GenericTile","properties":{"header":"Manage Requests"}},"wdio_ui5_key":"sapm.GenericTile{\"header\":\"Manage Requests\"}"}]}
RESULT: {"script":"<script> [1562 bytes]","args":[{"selector":{"controlType":"sap.m.GenericTile","properties":{"header":"Manage Requests"}},"wdio_ui5_key":"sapm.GenericTile{\"header\":\"Manage Requests\"}"}]}
RESULT: undefined
COMMAND: POST /session/2fbb17261cc6fb074d1493bb698829b1/element - {"using":"xpath","value":"//*[@id=\"__tile47\"]"}
RESULT: {"using":"xpath","value":"//*[@id=\"__tile47\"]"}
COMMAND: POST /session/2fbb17261cc6fb074d1493bb698829b1/element/f.73F923247D4A980C1D654B50CBD09E00.d.E6C9B18DBF995AFF95EA922B6EC0FA7A.e.4742/click - {}
RESULT: {}
COMMAND: GET /session/2fbb17261cc6fb074d1493bb698829b1/screenshot - {}
RESULT: {}
COMMAND: POST /session/2fbb17261cc6fb074d1493bb698829b1/elements - {"using":"xpath","value":"//span[text()='Error']"}
RESULT: {"using":"xpath","value":"//span[text()='Error']"}
COMMAND: POST /session/2fbb17261cc6fb074d1493bb698829b1/refresh - {}
RESULT: {}
COMMAND: GET /session/2fbb17261cc6fb074d1493bb698829b1/screenshot - {}
RESULT: {}
COMMAND: POST /session/2fbb17261cc6fb074d1493bb698829b1/execute/async - {"script":"<script> [189 bytes]","args":[]}
RESULT: {"script":"<script> [189 bytes]","args":[]}
COMMAND: POST /session/2fbb17261cc6fb074d1493bb698829b1/execute/async - {"script":"<script> [123 bytes]","args":[]}
RESULT: {"script":"<script> [123 bytes]","args":[]}
COMMAND: POST /session/2fbb17261cc6fb074d1493bb698829b1/timeouts - {"script":"<number>"}
RESULT: {"script":"<number>"}
COMMAND: GET /session/2fbb17261cc6fb074d1493bb698829b1/timeouts - {}
RESULT: {}
RESULT: undefined
COMMAND: POST /session/2fbb17261cc6fb074d1493bb698829b1/execute/async - {"script":"<script> [2676 bytes]","args":[]}
RESULT: {"script":"<script> [2676 bytes]","args":[]}
COMMAND: POST /session/2fbb17261cc6fb074d1493bb698829b1/execute/async - {"script":"<script> [2342 bytes]","args":[{"protocol":"http","hostname":"0.0.0.0","path":"/","capabilities":{"browserName":"chrome","goog:chromeOptions":{"binary":"C:\\Program Files\\Google\\Chrome\\Application\\chrome.exe","args":["--start-maximized"]}},"logLevel":"warn","connectionRetryTimeout":120000,"connectionRetryCount":3,"logLevels":{},"enableDirectConnect":true,"strictSSL":true,"_":"65 more keys: [\"cacheDir\",\"port\",\"requestedCapabilities\",\"automationProtocol\",\"baseUrl\",\"waitforInterval\",\"waitforTimeout\",\"onReload\",\"beforeCommand\",\"afterCommand\",\"rootDir\",\"specs\",\"suites\",\"exclude\",\"groupLogsByTestSpec\",\"excludeDriverLogs\",\"bail\",\"framework\",\"reporters\",\"services\",\"maxInstances\",\"maxInstancesPerCapability\",\"injectGlobals\",\"filesToWatch\",\"execArgv\",\"runnerEnv\",\"runner\",\"shard\",\"specFileRetries\",\"specFileRetriesDelay\",\"specFileRetriesDeferred\",\"reporterSyncInterval\",\"reporterSyncTimeout\",\"cucumberFeaturesWithLineNumbers\",\"autoCompileOpts\",\"mochaOpts\",\"jasmineOpts\",\"cucumberOpts\",\"onPrepare\",\"onWorkerStart\",\"onWorkerEnd\",\"before\",\"beforeSession\",\"beforeSuite\",\"beforeHook\",\"beforeTest\",\"afterTest\",\"afterHook\",\"afterSuite\",\"afterSession\",\"after\",\"onComplete\",\"beforeAssertion\",\"afterAssertion\",\"beforeFeature\",\"beforeScenario\",\"beforeStep\",\"afterStep\",\"afterScenario\",\"afterFeature\",\"_\",\"suite\",\"$0\",\"ignoredWorkerServices\",\"wdi5\"]"}]}
RESULT: {"script":"<script> [2342 bytes]","args":[{"protocol":"http","hostname":"0.0.0.0","path":"/","capabilities":{"browserName":"chrome","goog:chromeOptions":{"binary":"C:\\Program Files\\Google\\Chrome\\Application\\chrome.exe","args":["--start-maximized"]}},"logLevel":"warn","connectionRetryTimeout":120000,"connectionRetryCount":3,"logLevels":{},"enableDirectConnect":true,"strictSSL":true,"_":"65 more keys: [\"cacheDir\",\"port\",\"requestedCapabilities\",\"automationProtocol\",\"baseUrl\",\"waitforInterval\",\"waitforTimeout\",\"onReload\",\"beforeCommand\",\"afterCommand\",\"rootDir\",\"specs\",\"suites\",\"exclude\",\"groupLogsByTestSpec\",\"excludeDriverLogs\",\"bail\",\"framework\",\"reporters\",\"services\",\"maxInstances\",\"maxInstancesPerCapability\",\"injectGlobals\",\"filesToWatch\",\"execArgv\",\"runnerEnv\",\"runner\",\"shard\",\"specFileRetries\",\"specFileRetriesDelay\",\"specFileRetriesDeferred\",\"reporterSyncInterval\",\"reporterSyncTimeout\",\"cucumberFeaturesWithLineNumbers\",\"autoCompileOpts\",\"mochaOpts\",\"jasmineOpts\",\"cucumberOpts\",\"onPrepare\",\"onWorkerStart\",\"onWorkerEnd\",\"before\",\"beforeSession\",\"beforeSuite\",\"beforeHook\",\"beforeTest\",\"afterTest\",\"afterHook\",\"afterSuite\",\"afterSession\",\"after\",\"onComplete\",\"beforeAssertion\",\"afterAssertion\",\"beforeFeature\",\"beforeScenario\",\"beforeStep\",\"afterStep\",\"afterScenario\",\"afterFeature\",\"_\",\"suite\",\"$0\",\"ignoredWorkerServices\",\"wdi5\"]"}]}
COMMAND: POST /session/2fbb17261cc6fb074d1493bb698829b1/execute/async - {"script":"<script> [21126 bytes]","args":[35000]}
RESULT: {"script":"<script> [21126 bytes]","args":[35000]}
COMMAND: POST /session/2fbb17261cc6fb074d1493bb698829b1/element - {"using":"xpath","value":"//button[contains(@data-kt ,\"btnCreateNewOverflowToolbarButton\")]"}
COMMAND: POST /session/2fbb17261cc6fb074d1493bb698829b1/element - {"using":"xpath","value":"(//span[contains(@class ,\"sapMObjStatusText\")])[1]"}
RESULT: {"using":"xpath","value":"//button[contains(@data-kt ,\"btnCreateNewOverflowToolbarButton\")]"}
COMMAND: POST /session/2fbb17261cc6fb074d1493bb698829b1/element/f.73F923247D4A980C1D654B50CBD09E00.d.37160C9912A5D106C61A0169C5F5984E.e.4898/click - {}
RESULT: {"using":"xpath","value":"(//span[contains(@class ,\"sapMObjStatusText\")])[1]"}
COMMAND: POST /session/2fbb17261cc6fb074d1493bb698829b1/execute/sync - {"script":"<script> [8489 bytes]","args":[{"element-6066-11e4-a52e-4f735466cecf":"f.73F923247D4A980C1D654B50CBD09E00.d.37160C9912A5D106C61A0169C5F5984E.e.4938","ELEMENT":"f.73F923247D4A980C1D654B50CBD09E00.d.37160C9912A5D106C61A0169C5F5984E.e.4938"}]}
RESULT: {}
COMMAND: GET /session/2fbb17261cc6fb074d1493bb698829b1/screenshot - {}
RESULT: {"script":"<script> [8489 bytes]","args":[{"element-6066-11e4-a52e-4f735466cecf":"f.73F923247D4A980C1D654B50CBD09E00.d.37160C9912A5D106C61A0169C5F5984E.e.4938","ELEMENT":"f.73F923247D4A980C1D654B50CBD09E00.d.37160C9912A5D106C61A0169C5F5984E.e.4938"}]}
COMMAND: GET /session/2fbb17261cc6fb074d1493bb698829b1/screenshot - {}
RESULT: {}
RESULT: {}
COMMAND: POST /session/2fbb17261cc6fb074d1493bb698829b1/element - {"using":"xpath","value":"//input[contains(@id ,\"yardId-inner\")]"}
RESULT: {"using":"xpath","value":"//input[contains(@id ,\"yardId-inner\")]"}
COMMAND: POST /session/2fbb17261cc6fb074d1493bb698829b1/execute/sync - {"script":"<script> [8489 bytes]","args":[{"element-6066-11e4-a52e-4f735466cecf":"f.73F923247D4A980C1D654B50CBD09E00.d.37160C9912A5D106C61A0169C5F5984E.e.5039","ELEMENT":"f.73F923247D4A980C1D654B50CBD09E00.d.37160C9912A5D106C61A0169C5F5984E.e.5039"}]}
RESULT: {"script":"<script> [8489 bytes]","args":[{"element-6066-11e4-a52e-4f735466cecf":"f.73F923247D4A980C1D654B50CBD09E00.d.37160C9912A5D106C61A0169C5F5984E.e.5039","ELEMENT":"f.73F923247D4A980C1D654B50CBD09E00.d.37160C9912A5D106C61A0169C5F5984E.e.5039"}]}
COMMAND: POST /session/2fbb17261cc6fb074d1493bb698829b1/element - {"using":"xpath","value":"//input[contains(@id ,\"requestContractNo-inner\")]"}
COMMAND: POST /session/2fbb17261cc6fb074d1493bb698829b1/element - {"using":"xpath","value":"//input[contains(@id ,\"yardId-inner\")]"}
COMMAND: GET /session/2fbb17261cc6fb074d1493bb698829b1/screenshot - {}
RESULT: {"using":"xpath","value":"//input[contains(@id ,\"requestContractNo-inner\")]"}
COMMAND: POST /session/2fbb17261cc6fb074d1493bb698829b1/element/f.73F923247D4A980C1D654B50CBD09E00.d.37160C9912A5D106C61A0169C5F5984E.e.5034/value - {"text":"10180"}
RESULT: {"using":"xpath","value":"//input[contains(@id ,\"yardId-inner\")]"}
COMMAND: GET /session/2fbb17261cc6fb074d1493bb698829b1/element/f.73F923247D4A980C1D654B50CBD09E00.d.37160C9912A5D106C61A0169C5F5984E.e.5039/enabled - {}
RESULT: {}
RESULT: {"text":"10180"}
COMMAND: GET /session/2fbb17261cc6fb074d1493bb698829b1/screenshot - {}
RESULT: {}
COMMAND: GET /session/2fbb17261cc6fb074d1493bb698829b1/screenshot - {}
RESULT: {}
RESULT: {}
COMMAND: POST /session/2fbb17261cc6fb074d1493bb698829b1/actions - {"actions":[{"id":"action37","type":"key","parameters":{},"actions":[{"type":"keyDown","value":""},{"type":"pause","duration":10},{"type":"keyUp","value":""}]}]}
RESULT: {"actions":[{"id":"action37","type":"key","parameters":{},"actions":[{"type":"keyDown","value":""},{"type":"pause","duration":10},{"type":"keyUp","value":""}]}]}
COMMAND: GET /session/2fbb17261cc6fb074d1493bb698829b1/screenshot - {}
RESULT: {}
COMMAND: POST /session/2fbb17261cc6fb074d1493bb698829b1/execute/async - {"script":"<script> [1562 bytes]","args":[{"selector":{"controlType":"sap.m.Button","viewName":"etm.portal.ui.managerequests.view.NewRequest","properties":{"text":"Items"},"interaction":{"idSuffix":"BDI-content"}},"wdio_ui5_key":"etmportal.ui.managerequests.view.NewRequestsap.m.Button{\"text\":\"Items\"}"}]}
RESULT: {"script":"<script> [1562 bytes]","args":[{"selector":{"controlType":"sap.m.Button","viewName":"etm.portal.ui.managerequests.view.NewRequest","properties":{"text":"Items"},"interaction":{"idSuffix":"BDI-content"}},"wdio_ui5_key":"etmportal.ui.managerequests.view.NewRequestsap.m.Button{\"text\":\"Items\"}"}]}
RESULT: undefined
COMMAND: POST /session/2fbb17261cc6fb074d1493bb698829b1/element - {"using":"xpath","value":"//*[@id=\"__xmlview1--newRequestPage-anchBar-__xmlview1--requestItemsSection-anchor\"]"}
RESULT: {"using":"xpath","value":"//*[@id=\"__xmlview1--newRequestPage-anchBar-__xmlview1--requestItemsSection-anchor\"]"}
COMMAND: POST /session/2fbb17261cc6fb074d1493bb698829b1/element/f.73F923247D4A980C1D654B50CBD09E00.d.37160C9912A5D106C61A0169C5F5984E.e.5194/click - {}
RESULT: {}
COMMAND: GET /session/2fbb17261cc6fb074d1493bb698829b1/screenshot - {}
RESULT: {}
COMMAND: POST /session/2fbb17261cc6fb074d1493bb698829b1/execute/async - {"script":"<script> [1562 bytes]","args":[{"selector":{"controlType":"sap.ui.core.Icon","viewName":"etm.portal.ui.managerequests.view.NewRequest","properties":{"src":{"regex":{"source":"inspect"}}}},"wdio_ui5_key":"etmportal.ui.managerequests.view.NewRequestsap.ui.core.Icon{\"src\":{\"regex\":{\"source\":\"inspect\"}}}"}]}
RESULT: {"script":"<script> [1562 bytes]","args":[{"selector":{"controlType":"sap.ui.core.Icon","viewName":"etm.portal.ui.managerequests.view.NewRequest","properties":{"src":{"regex":{"source":"inspect"}}}},"wdio_ui5_key":"etmportal.ui.managerequests.view.NewRequestsap.ui.core.Icon{\"src\":{\"regex\":{\"source\":\"inspect\"}}}"}]}
RESULT: undefined
COMMAND: POST /session/2fbb17261cc6fb074d1493bb698829b1/element - {"using":"xpath","value":"//*[@id=\"__button8-img\"]"}
RESULT: {"using":"xpath","value":"//*[@id=\"__button8-img\"]"}
COMMAND: POST /session/2fbb17261cc6fb074d1493bb698829b1/element/f.73F923247D4A980C1D654B50CBD09E00.d.37160C9912A5D106C61A0169C5F5984E.e.5199/click - {}
RESULT: {}
COMMAND: GET /session/2fbb17261cc6fb074d1493bb698829b1/screenshot - {}
RESULT: {}
COMMAND: POST /session/2fbb17261cc6fb074d1493bb698829b1/execute/async - {"script":"<script> [1562 bytes]","args":[{"selector":{"controlType":"sap.ui.core.Icon","viewName":"etm.portal.ui.managerequests.view.NewRequest","properties":{"src":{"regex":{"source":"add"}}}},"wdio_ui5_key":"etmportal.ui.managerequests.view.NewRequestsap.ui.core.Icon{\"src\":{\"regex\":{\"source\":\"add\"}}}"}]}
RESULT: {"script":"<script> [1562 bytes]","args":[{"selector":{"controlType":"sap.ui.core.Icon","viewName":"etm.portal.ui.managerequests.view.NewRequest","properties":{"src":{"regex":{"source":"add"}}}},"wdio_ui5_key":"etmportal.ui.managerequests.view.NewRequestsap.ui.core.Icon{\"src\":{\"regex\":{\"source\":\"add\"}}}"}]}
RESULT: undefined
COMMAND: POST /session/2fbb17261cc6fb074d1493bb698829b1/element - {"using":"xpath","value":"//*[@id=\"__xmlview1--btnAddTableRow-img\"]"}
RESULT: {"using":"xpath","value":"//*[@id=\"__xmlview1--btnAddTableRow-img\"]"}
COMMAND: POST /session/2fbb17261cc6fb074d1493bb698829b1/element/f.73F923247D4A980C1D654B50CBD09E00.d.37160C9912A5D106C61A0169C5F5984E.e.5207/click - {}
RESULT: {}
COMMAND: GET /session/2fbb17261cc6fb074d1493bb698829b1/screenshot - {}
RESULT: {}
COMMAND: POST /session/2fbb17261cc6fb074d1493bb698829b1/execute/async - {"script":"<script> [1562 bytes]","args":[{"selector":{"controlType":"sap.ui.unified.MenuItem","viewName":"etm.portal.ui.managerequests.view.NewRequest","i18NText":{"propertyName":"text","key":"standardEntry"},"searchOpenDialogs":true,"interaction":{"idSuffix":"txt"}},"wdio_ui5_key":"etmportal.ui.managerequests.view.NewRequestsap.ui.unified.MenuItem{\"propertyName\":\"text\",\"key\":\"standardEntry\"}"}]}
RESULT: {"script":"<script> [1562 bytes]","args":[{"selector":{"controlType":"sap.ui.unified.MenuItem","viewName":"etm.portal.ui.managerequests.view.NewRequest","i18NText":{"propertyName":"text","key":"standardEntry"},"searchOpenDialogs":true,"interaction":{"idSuffix":"txt"}},"wdio_ui5_key":"etmportal.ui.managerequests.view.NewRequestsap.ui.unified.MenuItem{\"propertyName\":\"text\",\"key\":\"standardEntry\"}"}]}
RESULT: undefined
COMMAND: POST /session/2fbb17261cc6fb074d1493bb698829b1/element - {"using":"xpath","value":"//*[@id=\"__item177\"]"}
RESULT: {"using":"xpath","value":"//*[@id=\"__item177\"]"}
COMMAND: POST /session/2fbb17261cc6fb074d1493bb698829b1/element/f.73F923247D4A980C1D654B50CBD09E00.d.37160C9912A5D106C61A0169C5F5984E.e.5211/click - {}
RESULT: {}
COMMAND: GET /session/2fbb17261cc6fb074d1493bb698829b1/screenshot - {}
RESULT: undefined
COMMAND: POST /session/2fbb17261cc6fb074d1493bb698829b1/element - {"using":"xpath","value":"//*[@id=\"__xmlview1--btnAddTableRow-img\"]"}
RESULT: {}
RESULT: {"using":"xpath","value":"//*[@id=\"__xmlview1--btnAddTableRow-img\"]"}
COMMAND: POST /session/2fbb17261cc6fb074d1493bb698829b1/element/f.73F923247D4A980C1D654B50CBD09E00.d.37160C9912A5D106C61A0169C5F5984E.e.5207/click - {}
RESULT: {}
COMMAND: GET /session/2fbb17261cc6fb074d1493bb698829b1/screenshot - {}
RESULT: {}
RESULT: undefined
COMMAND: POST /session/2fbb17261cc6fb074d1493bb698829b1/element - {"using":"xpath","value":"//*[@id=\"__item177\"]"}
RESULT: {"using":"xpath","value":"//*[@id=\"__item177\"]"}
COMMAND: POST /session/2fbb17261cc6fb074d1493bb698829b1/element/f.73F923247D4A980C1D654B50CBD09E00.d.37160C9912A5D106C61A0169C5F5984E.e.5232/click - {}
RESULT: {}
COMMAND: GET /session/2fbb17261cc6fb074d1493bb698829b1/screenshot - {}
RESULT: {}
COMMAND: POST /session/2fbb17261cc6fb074d1493bb698829b1/element - {"using":"xpath","value":"(//input[contains(@id ,\"requestItemsTable-0-inner\")])[5]"}
RESULT: {"using":"xpath","value":"(//input[contains(@id ,\"requestItemsTable-0-inner\")])[5]"}
COMMAND: POST /session/2fbb17261cc6fb074d1493bb698829b1/element/f.73F923247D4A980C1D654B50CBD09E00.d.37160C9912A5D106C61A0169C5F5984E.e.5223/clear - {}
RESULT: {}
COMMAND: POST /session/2fbb17261cc6fb074d1493bb698829b1/element/f.73F923247D4A980C1D654B50CBD09E00.d.37160C9912A5D106C61A0169C5F5984E.e.5223/value - {"text":"1000001"}
COMMAND: GET /session/2fbb17261cc6fb074d1493bb698829b1/screenshot - {}
RESULT: {"text":"1000001"}
COMMAND: GET /session/2fbb17261cc6fb074d1493bb698829b1/screenshot - {}
RESULT: {}
RESULT: {}
COMMAND: POST /session/2fbb17261cc6fb074d1493bb698829b1/actions - {"actions":[{"id":"action38","type":"key","parameters":{},"actions":[{"type":"keyDown","value":""},{"type":"pause","duration":10},{"type":"keyUp","value":""}]}]}
RESULT: {"actions":[{"id":"action38","type":"key","parameters":{},"actions":[{"type":"keyDown","value":""},{"type":"pause","duration":10},{"type":"keyUp","value":""}]}]}
COMMAND: POST /session/2fbb17261cc6fb074d1493bb698829b1/element - {"using":"xpath","value":"(//input[contains(@id ,\"requestItemsTable-1-inner\")])[5]"}
COMMAND: GET /session/2fbb17261cc6fb074d1493bb698829b1/screenshot - {}
RESULT: {"using":"xpath","value":"(//input[contains(@id ,\"requestItemsTable-1-inner\")])[5]"}
COMMAND: POST /session/2fbb17261cc6fb074d1493bb698829b1/element/f.73F923247D4A980C1D654B50CBD09E00.d.37160C9912A5D106C61A0169C5F5984E.e.5238/clear - {}
RESULT: {}
RESULT: {}
COMMAND: POST /session/2fbb17261cc6fb074d1493bb698829b1/element/f.73F923247D4A980C1D654B50CBD09E00.d.37160C9912A5D106C61A0169C5F5984E.e.5238/value - {"text":"200105"}
COMMAND: GET /session/2fbb17261cc6fb074d1493bb698829b1/screenshot - {}
RESULT: {"text":"200105"}
COMMAND: GET /session/2fbb17261cc6fb074d1493bb698829b1/screenshot - {}
RESULT: {}
RESULT: {}
COMMAND: POST /session/2fbb17261cc6fb074d1493bb698829b1/actions - {"actions":[{"id":"action39","type":"key","parameters":{},"actions":[{"type":"keyDown","value":""},{"type":"pause","duration":10},{"type":"keyUp","value":""}]}]}
RESULT: {"actions":[{"id":"action39","type":"key","parameters":{},"actions":[{"type":"keyDown","value":""},{"type":"pause","duration":10},{"type":"keyUp","value":""}]}]}
COMMAND: POST /session/2fbb17261cc6fb074d1493bb698829b1/element - {"using":"xpath","value":"//div[contains(@data-kt ,\"splitAllocationObjectStatus\")]"}
COMMAND: GET /session/2fbb17261cc6fb074d1493bb698829b1/screenshot - {}
RESULT: {"using":"xpath","value":"//div[contains(@data-kt ,\"splitAllocationObjectStatus\")]"}
COMMAND: POST /session/2fbb17261cc6fb074d1493bb698829b1/elements - {"using":"xpath","value":"//div[contains(@data-kt ,\"splitAllocationObjectStatus\")]"}
RESULT: {}
RESULT: {"using":"xpath","value":"//div[contains(@data-kt ,\"splitAllocationObjectStatus\")]"}
COMMAND: POST /session/2fbb17261cc6fb074d1493bb698829b1/execute/async - {"script":"<script> [1562 bytes]","args":[{"selector":{"controlType":"sap.ui.core.Icon","viewName":"etm.portal.ui.managerequests.view.NewRequest","properties":{"src":{"regex":{"source":"message\\-error"}}},"ancestor":{"controlType":"sap.m.ColumnListItem","viewName":"etm.portal.ui.managerequests.view.NewRequest","bindingPath":{"modelName":"newRequestItems","path":"/RequestItems/0"},"ancestor":{"id":"requestItemsTable","viewName":"etm.portal.ui.managerequests.view.NewRequest"}}},"wdio_ui5_key":"etmportal.ui.managerequests.view.NewRequestsap.ui.core.Icon{\"src\":{\"regex\":{\"source\":\"message\\\\-error\"}}}{\"controlType\":\"sap.m.ColumnListItem\",\"viewName\":\"etm.portal.ui.managerequests.view.NewRequest\",\"bindingPath\":{\"modelName\":\"newRequestItems\",\"path\":\"/RequestItems/0\"},\"ancestor\":{\"id\":\"requestItemsTable\",\"viewName\":\"etm.portal.ui.managerequests.view.NewRequest\"}}"}]}
RESULT: {"script":"<script> [1562 bytes]","args":[{"selector":{"controlType":"sap.ui.core.Icon","viewName":"etm.portal.ui.managerequests.view.NewRequest","properties":{"src":{"regex":{"source":"message\\-error"}}},"ancestor":{"controlType":"sap.m.ColumnListItem","viewName":"etm.portal.ui.managerequests.view.NewRequest","bindingPath":{"modelName":"newRequestItems","path":"/RequestItems/0"},"ancestor":{"id":"requestItemsTable","viewName":"etm.portal.ui.managerequests.view.NewRequest"}}},"wdio_ui5_key":"etmportal.ui.managerequests.view.NewRequestsap.ui.core.Icon{\"src\":{\"regex\":{\"source\":\"message\\\\-error\"}}}{\"controlType\":\"sap.m.ColumnListItem\",\"viewName\":\"etm.portal.ui.managerequests.view.NewRequest\",\"bindingPath\":{\"modelName\":\"newRequestItems\",\"path\":\"/RequestItems/0\"},\"ancestor\":{\"id\":\"requestItemsTable\",\"viewName\":\"etm.portal.ui.managerequests.view.NewRequest\"}}"}]}
RESULT: undefined
COMMAND: POST /session/2fbb17261cc6fb074d1493bb698829b1/element - {"using":"xpath","value":"//*[@id=\"__status4-__xmlview1--requestItemsTable-0-icon\"]"}
RESULT: {"using":"xpath","value":"//*[@id=\"__status4-__xmlview1--requestItemsTable-0-icon\"]"}
COMMAND: POST /session/2fbb17261cc6fb074d1493bb698829b1/element/f.73F923247D4A980C1D654B50CBD09E00.d.37160C9912A5D106C61A0169C5F5984E.e.5250/click - {}
RESULT: {}
COMMAND: GET /session/2fbb17261cc6fb074d1493bb698829b1/screenshot - {}
RESULT: {}
COMMAND: POST /session/2fbb17261cc6fb074d1493bb698829b1/execute/async - {"script":"<script> [1562 bytes]","args":[{"selector":{"id":"costObjectAdminTypeComboBox","viewName":"etm.portal.ui.managerequests.view.NewRequest","searchOpenDialogs":true,"interaction":{"idSuffix":"inner"}},"wdio_ui5_key":"costObjectAdminTypeComboBoxetmportal.ui.managerequests.view.NewRequest"}]}
RESULT: {"script":"<script> [1562 bytes]","args":[{"selector":{"id":"costObjectAdminTypeComboBox","viewName":"etm.portal.ui.managerequests.view.NewRequest","searchOpenDialogs":true,"interaction":{"idSuffix":"inner"}},"wdio_ui5_key":"costObjectAdminTypeComboBoxetmportal.ui.managerequests.view.NewRequest"}]}
RESULT: undefined
COMMAND: POST /session/2fbb17261cc6fb074d1493bb698829b1/execute/async - {"script":"<script> [776 bytes]","args":[{"enterText":"Cost Center","selector":{"id":"costObjectAdminTypeComboBox","viewName":"etm.portal.ui.managerequests.view.NewRequest","searchOpenDialogs":true,"interaction":{"idSuffix":"inner"}},"clearTextFirst":true,"interactionType":"ENTER_TEXT"}]}
RESULT: {"script":"<script> [776 bytes]","args":[{"enterText":"Cost Center","selector":{"id":"costObjectAdminTypeComboBox","viewName":"etm.portal.ui.managerequests.view.NewRequest","searchOpenDialogs":true,"interaction":{"idSuffix":"inner"}},"clearTextFirst":true,"interactionType":"ENTER_TEXT"}]}
COMMAND: POST /session/2fbb17261cc6fb074d1493bb698829b1/actions - {"actions":[{"id":"action40","type":"key","parameters":{},"actions":[{"type":"keyDown","value":""},{"type":"pause","duration":10},{"type":"keyUp","value":""}]}]}
RESULT: {"actions":[{"id":"action40","type":"key","parameters":{},"actions":[{"type":"keyDown","value":""},{"type":"pause","duration":10},{"type":"keyUp","value":""}]}]}
COMMAND: GET /session/2fbb17261cc6fb074d1493bb698829b1/screenshot - {}
RESULT: {}
COMMAND: POST /session/2fbb17261cc6fb074d1493bb698829b1/execute/async - {"script":"<script> [1562 bytes]","args":[{"selector":{"id":"costObjectIdComboBox","viewName":"etm.portal.ui.managerequests.view.NewRequest","searchOpenDialogs":true,"interaction":{"idSuffix":"inner"}},"wdio_ui5_key":"costObjectIdComboBoxetmportal.ui.managerequests.view.NewRequest"}]}
RESULT: {"script":"<script> [1562 bytes]","args":[{"selector":{"id":"costObjectIdComboBox","viewName":"etm.portal.ui.managerequests.view.NewRequest","searchOpenDialogs":true,"interaction":{"idSuffix":"inner"}},"wdio_ui5_key":"costObjectIdComboBoxetmportal.ui.managerequests.view.NewRequest"}]}
RESULT: undefined
COMMAND: POST /session/2fbb17261cc6fb074d1493bb698829b1/execute/async - {"script":"<script> [776 bytes]","args":[{"enterText":"1001 - 1001","selector":{"id":"costObjectIdComboBox","viewName":"etm.portal.ui.managerequests.view.NewRequest","searchOpenDialogs":true,"interaction":{"idSuffix":"inner"}},"clearTextFirst":true,"interactionType":"ENTER_TEXT"}]}
RESULT: {"script":"<script> [776 bytes]","args":[{"enterText":"1001 - 1001","selector":{"id":"costObjectIdComboBox","viewName":"etm.portal.ui.managerequests.view.NewRequest","searchOpenDialogs":true,"interaction":{"idSuffix":"inner"}},"clearTextFirst":true,"interactionType":"ENTER_TEXT"}]}
COMMAND: POST /session/2fbb17261cc6fb074d1493bb698829b1/actions - {"actions":[{"id":"action41","type":"key","parameters":{},"actions":[{"type":"keyDown","value":""},{"type":"pause","duration":10},{"type":"keyUp","value":""}]}]}
RESULT: {"actions":[{"id":"action41","type":"key","parameters":{},"actions":[{"type":"keyDown","value":""},{"type":"pause","duration":10},{"type":"keyUp","value":""}]}]}
COMMAND: GET /session/2fbb17261cc6fb074d1493bb698829b1/screenshot - {}
RESULT: {}
COMMAND: POST /session/2fbb17261cc6fb074d1493bb698829b1/element - {"using":"xpath","value":"(//bdi[(text() = 'Save' or . = 'Save')])[1]"}
RESULT: {"using":"xpath","value":"(//bdi[(text() = 'Save' or . = 'Save')])[1]"}
COMMAND: POST /session/2fbb17261cc6fb074d1493bb698829b1/element/f.73F923247D4A980C1D654B50CBD09E00.d.37160C9912A5D106C61A0169C5F5984E.e.5264/click - {}
RESULT: {}
COMMAND: POST /session/2fbb17261cc6fb074d1493bb698829b1/execute/async - {"script":"<script> [1562 bytes]","args":[{"selector":{"controlType":"sap.ui.core.Icon","viewName":"etm.portal.ui.managerequests.view.NewRequest","properties":{"src":{"regex":{"source":"message\\-error"}}},"ancestor":{"controlType":"sap.m.ColumnListItem","viewName":"etm.portal.ui.managerequests.view.NewRequest","bindingPath":{"modelName":"newRequestItems","path":"/RequestItems/1"},"ancestor":{"id":"requestItemsTable","viewName":"etm.portal.ui.managerequests.view.NewRequest"}}},"wdio_ui5_key":"etmportal.ui.managerequests.view.NewRequestsap.ui.core.Icon{\"src\":{\"regex\":{\"source\":\"message\\\\-error\"}}}{\"controlType\":\"sap.m.ColumnListItem\",\"viewName\":\"etm.portal.ui.managerequests.view.NewRequest\",\"bindingPath\":{\"modelName\":\"newRequestItems\",\"path\":\"/RequestItems/1\"},\"ancestor\":{\"id\":\"requestItemsTable\",\"viewName\":\"etm.portal.ui.managerequests.view.NewRequest\"}}"}]}
COMMAND: GET /session/2fbb17261cc6fb074d1493bb698829b1/screenshot - {}
RESULT: {"script":"<script> [1562 bytes]","args":[{"selector":{"controlType":"sap.ui.core.Icon","viewName":"etm.portal.ui.managerequests.view.NewRequest","properties":{"src":{"regex":{"source":"message\\-error"}}},"ancestor":{"controlType":"sap.m.ColumnListItem","viewName":"etm.portal.ui.managerequests.view.NewRequest","bindingPath":{"modelName":"newRequestItems","path":"/RequestItems/1"},"ancestor":{"id":"requestItemsTable","viewName":"etm.portal.ui.managerequests.view.NewRequest"}}},"wdio_ui5_key":"etmportal.ui.managerequests.view.NewRequestsap.ui.core.Icon{\"src\":{\"regex\":{\"source\":\"message\\\\-error\"}}}{\"controlType\":\"sap.m.ColumnListItem\",\"viewName\":\"etm.portal.ui.managerequests.view.NewRequest\",\"bindingPath\":{\"modelName\":\"newRequestItems\",\"path\":\"/RequestItems/1\"},\"ancestor\":{\"id\":\"requestItemsTable\",\"viewName\":\"etm.portal.ui.managerequests.view.NewRequest\"}}"}]}
RESULT: undefined
COMMAND: POST /session/2fbb17261cc6fb074d1493bb698829b1/element - {"using":"xpath","value":"//*[@id=\"__status4-__xmlview1--requestItemsTable-1-icon\"]"}
RESULT: {}
RESULT: {"using":"xpath","value":"//*[@id=\"__status4-__xmlview1--requestItemsTable-1-icon\"]"}
COMMAND: POST /session/2fbb17261cc6fb074d1493bb698829b1/element/f.73F923247D4A980C1D654B50CBD09E00.d.37160C9912A5D106C61A0169C5F5984E.e.5267/click - {}
RESULT: {}
COMMAND: GET /session/2fbb17261cc6fb074d1493bb698829b1/screenshot - {}
RESULT: {}
RESULT: undefined
COMMAND: POST /session/2fbb17261cc6fb074d1493bb698829b1/execute/async - {"script":"<script> [776 bytes]","args":[{"enterText":"Cost Center","selector":{"id":"costObjectAdminTypeComboBox","viewName":"etm.portal.ui.managerequests.view.NewRequest","searchOpenDialogs":true,"interaction":{"idSuffix":"inner"}},"clearTextFirst":true,"interactionType":"ENTER_TEXT"}]}
RESULT: {"script":"<script> [776 bytes]","args":[{"enterText":"Cost Center","selector":{"id":"costObjectAdminTypeComboBox","viewName":"etm.portal.ui.managerequests.view.NewRequest","searchOpenDialogs":true,"interaction":{"idSuffix":"inner"}},"clearTextFirst":true,"interactionType":"ENTER_TEXT"}]}
COMMAND: POST /session/2fbb17261cc6fb074d1493bb698829b1/actions - {"actions":[{"id":"action42","type":"key","parameters":{},"actions":[{"type":"keyDown","value":""},{"type":"pause","duration":10},{"type":"keyUp","value":""}]}]}
RESULT: {"actions":[{"id":"action42","type":"key","parameters":{},"actions":[{"type":"keyDown","value":""},{"type":"pause","duration":10},{"type":"keyUp","value":""}]}]}
COMMAND: GET /session/2fbb17261cc6fb074d1493bb698829b1/screenshot - {}
RESULT: {}
RESULT: undefined
COMMAND: POST /session/2fbb17261cc6fb074d1493bb698829b1/execute/async - {"script":"<script> [776 bytes]","args":[{"enterText":"1001 - 1001","selector":{"id":"costObjectIdComboBox","viewName":"etm.portal.ui.managerequests.view.NewRequest","searchOpenDialogs":true,"interaction":{"idSuffix":"inner"}},"clearTextFirst":true,"interactionType":"ENTER_TEXT"}]}
RESULT: {"script":"<script> [776 bytes]","args":[{"enterText":"1001 - 1001","selector":{"id":"costObjectIdComboBox","viewName":"etm.portal.ui.managerequests.view.NewRequest","searchOpenDialogs":true,"interaction":{"idSuffix":"inner"}},"clearTextFirst":true,"interactionType":"ENTER_TEXT"}]}
COMMAND: POST /session/2fbb17261cc6fb074d1493bb698829b1/actions - {"actions":[{"id":"action43","type":"key","parameters":{},"actions":[{"type":"keyDown","value":""},{"type":"pause","duration":10},{"type":"keyUp","value":""}]}]}
RESULT: {"actions":[{"id":"action43","type":"key","parameters":{},"actions":[{"type":"keyDown","value":""},{"type":"pause","duration":10},{"type":"keyUp","value":""}]}]}
COMMAND: GET /session/2fbb17261cc6fb074d1493bb698829b1/screenshot - {}
RESULT: {}
COMMAND: POST /session/2fbb17261cc6fb074d1493bb698829b1/element - {"using":"xpath","value":"(//bdi[(text() = 'Save' or . = 'Save')])[1]"}
RESULT: {"using":"xpath","value":"(//bdi[(text() = 'Save' or . = 'Save')])[1]"}
COMMAND: POST /session/2fbb17261cc6fb074d1493bb698829b1/element/f.73F923247D4A980C1D654B50CBD09E00.d.37160C9912A5D106C61A0169C5F5984E.e.5279/click - {}
RESULT: {}
COMMAND: GET /session/2fbb17261cc6fb074d1493bb698829b1/screenshot - {}
RESULT: {}
COMMAND: POST /session/2fbb17261cc6fb074d1493bb698829b1/execute/async - {"script":"<script> [1562 bytes]","args":[{"selector":{"controlType":"sap.m.Button","viewName":"etm.portal.ui.managerequests.view.NewRequest","bindingPath":{"path":"/RequestItems/0","propertyPath":"PICK_UP","modelName":"newRequestItems"},"interaction":{"idSuffix":"BDI-content"}},"wdio_ui5_key":"etmportal.ui.managerequests.view.NewRequestsap.m.Button{\"path\":\"/RequestItems/0\",\"propertyPath\":\"PICK_UP\",\"modelName\":\"newRequestItems\"}"}]}
RESULT: {"script":"<script> [1562 bytes]","args":[{"selector":{"controlType":"sap.m.Button","viewName":"etm.portal.ui.managerequests.view.NewRequest","bindingPath":{"path":"/RequestItems/0","propertyPath":"PICK_UP","modelName":"newRequestItems"},"interaction":{"idSuffix":"BDI-content"}},"wdio_ui5_key":"etmportal.ui.managerequests.view.NewRequestsap.m.Button{\"path\":\"/RequestItems/0\",\"propertyPath\":\"PICK_UP\",\"modelName\":\"newRequestItems\"}"}]}
RESULT: undefined
COMMAND: POST /session/2fbb17261cc6fb074d1493bb698829b1/element - {"using":"xpath","value":"//*[@id=\"__xmlview1--pickUpItemButton-__xmlview1--requestItemsTable-0\"]"}
RESULT: {"using":"xpath","value":"//*[@id=\"__xmlview1--pickUpItemButton-__xmlview1--requestItemsTable-0\"]"}
COMMAND: POST /session/2fbb17261cc6fb074d1493bb698829b1/element/f.73F923247D4A980C1D654B50CBD09E00.d.37160C9912A5D106C61A0169C5F5984E.e.5283/click - {}
RESULT: {}
COMMAND: GET /session/2fbb17261cc6fb074d1493bb698829b1/screenshot - {}
RESULT: {}
COMMAND: POST /session/2fbb17261cc6fb074d1493bb698829b1/execute/async - {"script":"<script> [1562 bytes]","args":[{"selector":{"controlType":"sap.m.Button","viewName":"etm.portal.ui.managerequests.view.NewRequest","properties":{"text":"Save"},"i18NText":{"propertyName":"tooltip","key":"save"},"interaction":{"idSuffix":"BDI-content"}},"wdio_ui5_key":"etmportal.ui.managerequests.view.NewRequestsap.m.Button{\"propertyName\":\"tooltip\",\"key\":\"save\"}{\"text\":\"Save\"}"}]}
RESULT: {"script":"<script> [1562 bytes]","args":[{"selector":{"controlType":"sap.m.Button","viewName":"etm.portal.ui.managerequests.view.NewRequest","properties":{"text":"Save"},"i18NText":{"propertyName":"tooltip","key":"save"},"interaction":{"idSuffix":"BDI-content"}},"wdio_ui5_key":"etmportal.ui.managerequests.view.NewRequestsap.m.Button{\"propertyName\":\"tooltip\",\"key\":\"save\"}{\"text\":\"Save\"}"}]}
RESULT: undefined
COMMAND: POST /session/2fbb17261cc6fb074d1493bb698829b1/element - {"using":"xpath","value":"//*[@id=\"__button11\"]"}
RESULT: {"using":"xpath","value":"//*[@id=\"__button11\"]"}
COMMAND: POST /session/2fbb17261cc6fb074d1493bb698829b1/element/f.73F923247D4A980C1D654B50CBD09E00.d.37160C9912A5D106C61A0169C5F5984E.e.5171/click - {}
RESULT: {}
COMMAND: GET /session/2fbb17261cc6fb074d1493bb698829b1/screenshot - {}
RESULT: {}
COMMAND: POST /session/2fbb17261cc6fb074d1493bb698829b1/execute/async - {"script":"<script> [1562 bytes]","args":[{"selector":{"controlType":"sap.m.Text","searchOpenDialogs":true},"wdio_ui5_key":"sapm.Text"}]}
RESULT: {"script":"<script> [1562 bytes]","args":[{"selector":{"controlType":"sap.m.Text","searchOpenDialogs":true},"wdio_ui5_key":"sapm.Text"}]}
RESULT: undefined
COMMAND: POST /session/2fbb17261cc6fb074d1493bb698829b1/execute/async - {"script":"<script> [6424 bytes]","args":[{"element-6066-11e4-a52e-4f735466cecf":"f.73F923247D4A980C1D654B50CBD09E00.d.37160C9912A5D106C61A0169C5F5984E.e.5286"},"getText",[]]}
RESULT: {"script":"<script> [6424 bytes]","args":[{"element-6066-11e4-a52e-4f735466cecf":"f.73F923247D4A980C1D654B50CBD09E00.d.37160C9912A5D106C61A0169C5F5984E.e.5286"},"getText",[]]}
COMMAND: POST /session/2fbb17261cc6fb074d1493bb698829b1/execute/async - {"script":"<script> [1562 bytes]","args":[{"selector":{"controlType":"sap.m.Button","properties":{"text":"Close"},"searchOpenDialogs":true,"interaction":{"idSuffix":"BDI-content"}},"wdio_ui5_key":"sapm.Button{\"text\":\"Close\"}"}]}
RESULT: {"script":"<script> [1562 bytes]","args":[{"selector":{"controlType":"sap.m.Button","properties":{"text":"Close"},"searchOpenDialogs":true,"interaction":{"idSuffix":"BDI-content"}},"wdio_ui5_key":"sapm.Button{\"text\":\"Close\"}"}]}
RESULT: undefined
COMMAND: POST /session/2fbb17261cc6fb074d1493bb698829b1/element - {"using":"xpath","value":"//*[@id=\"__mbox-btn-0\"]"}
RESULT: {"using":"xpath","value":"//*[@id=\"__mbox-btn-0\"]"}
COMMAND: POST /session/2fbb17261cc6fb074d1493bb698829b1/element/f.73F923247D4A980C1D654B50CBD09E00.d.37160C9912A5D106C61A0169C5F5984E.e.5285/click - {}
RESULT: {}
COMMAND: GET /session/2fbb17261cc6fb074d1493bb698829b1/screenshot - {}
RESULT: {}
COMMAND: POST /session/2fbb17261cc6fb074d1493bb698829b1/execute/async - {"script":"<script> [1562 bytes]","args":[{"selector":{"controlType":"sap.m.Button","viewName":"etm.portal.ui.managerequests.view.Detail","bindingPath":{"path":"/SmartRequestItemsPlanningBoard(ITEM=10m,REQUEST='20091')","propertyPath":"PICK_UP"}},"wdio_ui5_key":"etmportal.ui.managerequests.view.Detailsap.m.Button{\"path\":\"/SmartRequestItemsPlanningBoard(ITEM=10m,REQUEST='20091')\",\"propertyPath\":\"PICK_UP\"}"}]}
RESULT: {"script":"<script> [1562 bytes]","args":[{"selector":{"controlType":"sap.m.Button","viewName":"etm.portal.ui.managerequests.view.Detail","bindingPath":{"path":"/SmartRequestItemsPlanningBoard(ITEM=10m,REQUEST='20091')","propertyPath":"PICK_UP"}},"wdio_ui5_key":"etmportal.ui.managerequests.view.Detailsap.m.Button{\"path\":\"/SmartRequestItemsPlanningBoard(ITEM=10m,REQUEST='20091')\",\"propertyPath\":\"PICK_UP\"}"}]}
RESULT: undefined
COMMAND: POST /session/2fbb17261cc6fb074d1493bb698829b1/execute/async - {"script":"<script> [6424 bytes]","args":[{"element-6066-11e4-a52e-4f735466cecf":"f.73F923247D4A980C1D654B50CBD09E00.d.37160C9912A5D106C61A0169C5F5984E.e.5423"},"getType",[]]}
RESULT: {"script":"<script> [6424 bytes]","args":[{"element-6066-11e4-a52e-4f735466cecf":"f.73F923247D4A980C1D654B50CBD09E00.d.37160C9912A5D106C61A0169C5F5984E.e.5423"},"getType",[]]}
COMMAND: POST /session/2fbb17261cc6fb074d1493bb698829b1/execute/async - {"script":"<script> [1562 bytes]","args":[{"selector":{"controlType":"sap.m.Button","viewName":"etm.portal.ui.managerequests.view.Detail","bindingPath":{"path":"/SmartRequestItemsPlanningBoard(ITEM=20m,REQUEST='20091')","propertyPath":"PICK_UP"}},"wdio_ui5_key":"etmportal.ui.managerequests.view.Detailsap.m.Button{\"path\":\"/SmartRequestItemsPlanningBoard(ITEM=20m,REQUEST='20091')\",\"propertyPath\":\"PICK_UP\"}"}]}
RESULT: {"script":"<script> [1562 bytes]","args":[{"selector":{"controlType":"sap.m.Button","viewName":"etm.portal.ui.managerequests.view.Detail","bindingPath":{"path":"/SmartRequestItemsPlanningBoard(ITEM=20m,REQUEST='20091')","propertyPath":"PICK_UP"}},"wdio_ui5_key":"etmportal.ui.managerequests.view.Detailsap.m.Button{\"path\":\"/SmartRequestItemsPlanningBoard(ITEM=20m,REQUEST='20091')\",\"propertyPath\":\"PICK_UP\"}"}]}
RESULT: undefined
COMMAND: POST /session/2fbb17261cc6fb074d1493bb698829b1/execute/async - {"script":"<script> [6424 bytes]","args":[{"element-6066-11e4-a52e-4f735466cecf":"f.73F923247D4A980C1D654B50CBD09E00.d.37160C9912A5D106C61A0169C5F5984E.e.5424"},"getType",[]]}
RESULT: {"script":"<script> [6424 bytes]","args":[{"element-6066-11e4-a52e-4f735466cecf":"f.73F923247D4A980C1D654B50CBD09E00.d.37160C9912A5D106C61A0169C5F5984E.e.5424"},"getType",[]]}
COMMAND: POST /session/2fbb17261cc6fb074d1493bb698829b1/execute/async - {"script":"<script> [1562 bytes]","args":[{"selector":{"id":"pickUpSwitchHeader","viewName":"etm.portal.ui.managerequests.view.Detail","interaction":{"idSuffix":"handle"}},"wdio_ui5_key":"pickUpSwitchHeaderetmportal.ui.managerequests.view.Detail"}]}
RESULT: {"script":"<script> [1562 bytes]","args":[{"selector":{"id":"pickUpSwitchHeader","viewName":"etm.portal.ui.managerequests.view.Detail","interaction":{"idSuffix":"handle"}},"wdio_ui5_key":"pickUpSwitchHeaderetmportal.ui.managerequests.view.Detail"}]}
RESULT: undefined
COMMAND: POST /session/2fbb17261cc6fb074d1493bb698829b1/element - {"using":"xpath","value":"//*[@id=\"__xmlview2--pickUpSwitchHeader\"]"}
RESULT: {"using":"xpath","value":"//*[@id=\"__xmlview2--pickUpSwitchHeader\"]"}
COMMAND: POST /session/2fbb17261cc6fb074d1493bb698829b1/element/f.73F923247D4A980C1D654B50CBD09E00.d.37160C9912A5D106C61A0169C5F5984E.e.5363/click - {}
RESULT: {}
COMMAND: POST /session/2fbb17261cc6fb074d1493bb698829b1/execute/async - {"script":"<script> [1562 bytes]","args":[{"selector":{"controlType":"sap.ui.core.Icon","viewName":"etm.portal.ui.managerequests.view.Detail","properties":{"src":{"regex":{"source":"pushpin\\-off"}}}},"wdio_ui5_key":"etmportal.ui.managerequests.view.Detailsap.ui.core.Icon{\"src\":{\"regex\":{\"source\":\"pushpin\\\\-off\"}}}"}]}
COMMAND: GET /session/2fbb17261cc6fb074d1493bb698829b1/screenshot - {}
RESULT: {"script":"<script> [1562 bytes]","args":[{"selector":{"controlType":"sap.ui.core.Icon","viewName":"etm.portal.ui.managerequests.view.Detail","properties":{"src":{"regex":{"source":"pushpin\\-off"}}}},"wdio_ui5_key":"etmportal.ui.managerequests.view.Detailsap.ui.core.Icon{\"src\":{\"regex\":{\"source\":\"pushpin\\\\-off\"}}}"}]}
RESULT: undefined
COMMAND: POST /session/2fbb17261cc6fb074d1493bb698829b1/element - {"using":"xpath","value":"//*[@id=\"__xmlview2--detailRequestPage-OPHeaderContent-pinBtn-img\"]"}
RESULT: {}
RESULT: {"using":"xpath","value":"//*[@id=\"__xmlview2--detailRequestPage-OPHeaderContent-pinBtn-img\"]"}
COMMAND: POST /session/2fbb17261cc6fb074d1493bb698829b1/element/f.73F923247D4A980C1D654B50CBD09E00.d.37160C9912A5D106C61A0169C5F5984E.e.5371/click - {}
RESULT: {}
RESULT: undefined
COMMAND: POST /session/2fbb17261cc6fb074d1493bb698829b1/execute/async - {"script":"<script> [6424 bytes]","args":[{"element-6066-11e4-a52e-4f735466cecf":"f.73F923247D4A980C1D654B50CBD09E00.d.37160C9912A5D106C61A0169C5F5984E.e.5423"},"getType",[]]}
COMMAND: GET /session/2fbb17261cc6fb074d1493bb698829b1/screenshot - {}
RESULT: {"script":"<script> [6424 bytes]","args":[{"element-6066-11e4-a52e-4f735466cecf":"f.73F923247D4A980C1D654B50CBD09E00.d.37160C9912A5D106C61A0169C5F5984E.e.5423"},"getType",[]]}
RESULT: undefined
COMMAND: POST /session/2fbb17261cc6fb074d1493bb698829b1/execute/async - {"script":"<script> [6424 bytes]","args":[{"element-6066-11e4-a52e-4f735466cecf":"f.73F923247D4A980C1D654B50CBD09E00.d.37160C9912A5D106C61A0169C5F5984E.e.5424"},"getType",[]]}
RESULT: {}
RESULT: {"script":"<script> [6424 bytes]","args":[{"element-6066-11e4-a52e-4f735466cecf":"f.73F923247D4A980C1D654B50CBD09E00.d.37160C9912A5D106C61A0169C5F5984E.e.5424"},"getType",[]]}
COMMAND: POST /session/2fbb17261cc6fb074d1493bb698829b1/execute/async - {"script":"<script> [1562 bytes]","args":[{"selector":{"controlType":"sap.ui.core.Icon","viewName":"etm.portal.ui.managerequests.view.Detail","properties":{"src":{"regex":{"source":"date\\-time"}}},"ancestor":{"controlType":"sap.m.ColumnListItem","viewName":"etm.portal.ui.managerequests.view.Detail","bindingPath":{"path":"/SmartRequestItemsPlanningBoard(ITEM=10m,REQUEST='20091')"},"ancestor":{"id":"requestItemsTable","viewName":"etm.portal.ui.managerequests.view.Detail"}}},"wdio_ui5_key":"etmportal.ui.managerequests.view.Detailsap.ui.core.Icon{\"src\":{\"regex\":{\"source\":\"date\\\\-time\"}}}{\"controlType\":\"sap.m.ColumnListItem\",\"viewName\":\"etm.portal.ui.managerequests.view.Detail\",\"bindingPath\":{\"path\":\"/SmartRequestItemsPlanningBoard(ITEM=10m,REQUEST='20091')\"},\"ancestor\":{\"id\":\"requestItemsTable\",\"viewName\":\"etm.portal.ui.managerequests.view.Detail\"}}"}]}
RESULT: {"script":"<script> [1562 bytes]","args":[{"selector":{"controlType":"sap.ui.core.Icon","viewName":"etm.portal.ui.managerequests.view.Detail","properties":{"src":{"regex":{"source":"date\\-time"}}},"ancestor":{"controlType":"sap.m.ColumnListItem","viewName":"etm.portal.ui.managerequests.view.Detail","bindingPath":{"path":"/SmartRequestItemsPlanningBoard(ITEM=10m,REQUEST='20091')"},"ancestor":{"id":"requestItemsTable","viewName":"etm.portal.ui.managerequests.view.Detail"}}},"wdio_ui5_key":"etmportal.ui.managerequests.view.Detailsap.ui.core.Icon{\"src\":{\"regex\":{\"source\":\"date\\\\-time\"}}}{\"controlType\":\"sap.m.ColumnListItem\",\"viewName\":\"etm.portal.ui.managerequests.view.Detail\",\"bindingPath\":{\"path\":\"/SmartRequestItemsPlanningBoard(ITEM=10m,REQUEST='20091')\"},\"ancestor\":{\"id\":\"requestItemsTable\",\"viewName\":\"etm.portal.ui.managerequests.view.Detail\"}}"}]}
RESULT: undefined
COMMAND: POST /session/2fbb17261cc6fb074d1493bb698829b1/element - {"using":"xpath","value":"//*[@id=\"__button39-__clone1825-img\"]"}
RESULT: {"using":"xpath","value":"//*[@id=\"__button39-__clone1825-img\"]"}
COMMAND: POST /session/2fbb17261cc6fb074d1493bb698829b1/element/f.73F923247D4A980C1D654B50CBD09E00.d.37160C9912A5D106C61A0169C5F5984E.e.5432/click - {}
RESULT: {}
COMMAND: POST /session/2fbb17261cc6fb074d1493bb698829b1/execute/async - {"script":"<script> [1562 bytes]","args":[{"selector":{"controlType":"sap.m.Button","viewName":"etm.portal.ui.managerequests.view.Detail","properties":{"text":"Close"},"searchOpenDialogs":true,"interaction":{"idSuffix":"inner"}},"wdio_ui5_key":"etmportal.ui.managerequests.view.Detailsap.m.Button{\"text\":\"Close\"}"}]}
COMMAND: GET /session/2fbb17261cc6fb074d1493bb698829b1/screenshot - {}
RESULT: {"script":"<script> [1562 bytes]","args":[{"selector":{"controlType":"sap.m.Button","viewName":"etm.portal.ui.managerequests.view.Detail","properties":{"text":"Close"},"searchOpenDialogs":true,"interaction":{"idSuffix":"inner"}},"wdio_ui5_key":"etmportal.ui.managerequests.view.Detailsap.m.Button{\"text\":\"Close\"}"}]}
RESULT: undefined
COMMAND: POST /session/2fbb17261cc6fb074d1493bb698829b1/element - {"using":"xpath","value":"//*[@id=\"__button49\"]"}
RESULT: {}
RESULT: {"using":"xpath","value":"//*[@id=\"__button49\"]"}
COMMAND: POST /session/2fbb17261cc6fb074d1493bb698829b1/element/f.73F923247D4A980C1D654B50CBD09E00.d.37160C9912A5D106C61A0169C5F5984E.e.5434/click - {}
RESULT: {}
COMMAND: POST /session/2fbb17261cc6fb074d1493bb698829b1/execute/async - {"script":"<script> [1562 bytes]","args":[{"selector":{"controlType":"sap.ui.core.Icon","viewName":"etm.portal.ui.managerequests.view.Detail","properties":{"src":{"regex":{"source":"date\\-time"}}},"ancestor":{"controlType":"sap.m.ColumnListItem","viewName":"etm.portal.ui.managerequests.view.Detail","bindingPath":{"path":"/SmartRequestItemsPlanningBoard(ITEM=20m,REQUEST='20091')"},"ancestor":{"id":"requestItemsTable","viewName":"etm.portal.ui.managerequests.view.Detail"}}},"wdio_ui5_key":"etmportal.ui.managerequests.view.Detailsap.ui.core.Icon{\"src\":{\"regex\":{\"source\":\"date\\\\-time\"}}}{\"controlType\":\"sap.m.ColumnListItem\",\"viewName\":\"etm.portal.ui.managerequests.view.Detail\",\"bindingPath\":{\"path\":\"/SmartRequestItemsPlanningBoard(ITEM=20m,REQUEST='20091')\"},\"ancestor\":{\"id\":\"requestItemsTable\",\"viewName\":\"etm.portal.ui.managerequests.view.Detail\"}}"}]}
COMMAND: GET /session/2fbb17261cc6fb074d1493bb698829b1/screenshot - {}
RESULT: {"script":"<script> [1562 bytes]","args":[{"selector":{"controlType":"sap.ui.core.Icon","viewName":"etm.portal.ui.managerequests.view.Detail","properties":{"src":{"regex":{"source":"date\\-time"}}},"ancestor":{"controlType":"sap.m.ColumnListItem","viewName":"etm.portal.ui.managerequests.view.Detail","bindingPath":{"path":"/SmartRequestItemsPlanningBoard(ITEM=20m,REQUEST='20091')"},"ancestor":{"id":"requestItemsTable","viewName":"etm.portal.ui.managerequests.view.Detail"}}},"wdio_ui5_key":"etmportal.ui.managerequests.view.Detailsap.ui.core.Icon{\"src\":{\"regex\":{\"source\":\"date\\\\-time\"}}}{\"controlType\":\"sap.m.ColumnListItem\",\"viewName\":\"etm.portal.ui.managerequests.view.Detail\",\"bindingPath\":{\"path\":\"/SmartRequestItemsPlanningBoard(ITEM=20m,REQUEST='20091')\"},\"ancestor\":{\"id\":\"requestItemsTable\",\"viewName\":\"etm.portal.ui.managerequests.view.Detail\"}}"}]}
RESULT: undefined
COMMAND: POST /session/2fbb17261cc6fb074d1493bb698829b1/element - {"using":"xpath","value":"//*[@id=\"__button39-__clone1826-img\"]"}
RESULT: {}
RESULT: {"using":"xpath","value":"//*[@id=\"__button39-__clone1826-img\"]"}
COMMAND: POST /session/2fbb17261cc6fb074d1493bb698829b1/element/f.73F923247D4A980C1D654B50CBD09E00.d.37160C9912A5D106C61A0169C5F5984E.e.5441/click - {}
RESULT: {}
RESULT: undefined
COMMAND: POST /session/2fbb17261cc6fb074d1493bb698829b1/element - {"using":"xpath","value":"//*[@id=\"__button49\"]"}
COMMAND: GET /session/2fbb17261cc6fb074d1493bb698829b1/screenshot - {}
RESULT: {"using":"xpath","value":"//*[@id=\"__button49\"]"}
COMMAND: POST /session/2fbb17261cc6fb074d1493bb698829b1/elements - {"using":"xpath","value":"//*[@id=\"__button49\"]"}
RESULT: {}
RESULT: {"using":"xpath","value":"//*[@id=\"__button49\"]"}
COMMAND: POST /session/2fbb17261cc6fb074d1493bb698829b1/element - {"using":"xpath","value":"//*[@id=\"__button49\"]"}
RESULT: {"using":"xpath","value":"//*[@id=\"__button49\"]"}
COMMAND: POST /session/2fbb17261cc6fb074d1493bb698829b1/element/f.73F923247D4A980C1D654B50CBD09E00.d.37160C9912A5D106C61A0169C5F5984E.e.5448/click - {}
RESULT: {}
COMMAND: POST /session/2fbb17261cc6fb074d1493bb698829b1/execute/async - {"script":"<script> [189 bytes]","args":[]}
COMMAND: GET /session/2fbb17261cc6fb074d1493bb698829b1/screenshot - {}
RESULT: {"script":"<script> [189 bytes]","args":[]}
COMMAND: POST /session/2fbb17261cc6fb074d1493bb698829b1/execute/async - {"script":"<script> [123 bytes]","args":[]}
RESULT: {}
RESULT: {"script":"<script> [123 bytes]","args":[]}
COMMAND: POST /session/2fbb17261cc6fb074d1493bb698829b1/timeouts - {"script":"<number>"}
RESULT: {"script":"<number>"}
COMMAND: GET /session/2fbb17261cc6fb074d1493bb698829b1/timeouts - {}
RESULT: {}
RESULT: undefined
COMMAND: POST /session/2fbb17261cc6fb074d1493bb698829b1/execute/async - {"script":"<script> [2676 bytes]","args":[]}
RESULT: {"script":"<script> [2676 bytes]","args":[]}
COMMAND: POST /session/2fbb17261cc6fb074d1493bb698829b1/execute/async - {"script":"<script> [2342 bytes]","args":[{"protocol":"http","hostname":"0.0.0.0","path":"/","capabilities":{"browserName":"chrome","goog:chromeOptions":{"binary":"C:\\Program Files\\Google\\Chrome\\Application\\chrome.exe","args":["--start-maximized"]}},"logLevel":"warn","connectionRetryTimeout":120000,"connectionRetryCount":3,"logLevels":{},"enableDirectConnect":true,"strictSSL":true,"_":"65 more keys: [\"cacheDir\",\"port\",\"requestedCapabilities\",\"automationProtocol\",\"baseUrl\",\"waitforInterval\",\"waitforTimeout\",\"onReload\",\"beforeCommand\",\"afterCommand\",\"rootDir\",\"specs\",\"suites\",\"exclude\",\"groupLogsByTestSpec\",\"excludeDriverLogs\",\"bail\",\"framework\",\"reporters\",\"services\",\"maxInstances\",\"maxInstancesPerCapability\",\"injectGlobals\",\"filesToWatch\",\"execArgv\",\"runnerEnv\",\"runner\",\"shard\",\"specFileRetries\",\"specFileRetriesDelay\",\"specFileRetriesDeferred\",\"reporterSyncInterval\",\"reporterSyncTimeout\",\"cucumberFeaturesWithLineNumbers\",\"autoCompileOpts\",\"mochaOpts\",\"jasmineOpts\",\"cucumberOpts\",\"onPrepare\",\"onWorkerStart\",\"onWorkerEnd\",\"before\",\"beforeSession\",\"beforeSuite\",\"beforeHook\",\"beforeTest\",\"afterTest\",\"afterHook\",\"afterSuite\",\"afterSession\",\"after\",\"onComplete\",\"beforeAssertion\",\"afterAssertion\",\"beforeFeature\",\"beforeScenario\",\"beforeStep\",\"afterStep\",\"afterScenario\",\"afterFeature\",\"_\",\"suite\",\"$0\",\"ignoredWorkerServices\",\"wdi5\"]"}]}
RESULT: {"script":"<script> [2342 bytes]","args":[{"protocol":"http","hostname":"0.0.0.0","path":"/","capabilities":{"browserName":"chrome","goog:chromeOptions":{"binary":"C:\\Program Files\\Google\\Chrome\\Application\\chrome.exe","args":["--start-maximized"]}},"logLevel":"warn","connectionRetryTimeout":120000,"connectionRetryCount":3,"logLevels":{},"enableDirectConnect":true,"strictSSL":true,"_":"65 more keys: [\"cacheDir\",\"port\",\"requestedCapabilities\",\"automationProtocol\",\"baseUrl\",\"waitforInterval\",\"waitforTimeout\",\"onReload\",\"beforeCommand\",\"afterCommand\",\"rootDir\",\"specs\",\"suites\",\"exclude\",\"groupLogsByTestSpec\",\"excludeDriverLogs\",\"bail\",\"framework\",\"reporters\",\"services\",\"maxInstances\",\"maxInstancesPerCapability\",\"injectGlobals\",\"filesToWatch\",\"execArgv\",\"runnerEnv\",\"runner\",\"shard\",\"specFileRetries\",\"specFileRetriesDelay\",\"specFileRetriesDeferred\",\"reporterSyncInterval\",\"reporterSyncTimeout\",\"cucumberFeaturesWithLineNumbers\",\"autoCompileOpts\",\"mochaOpts\",\"jasmineOpts\",\"cucumberOpts\",\"onPrepare\",\"onWorkerStart\",\"onWorkerEnd\",\"before\",\"beforeSession\",\"beforeSuite\",\"beforeHook\",\"beforeTest\",\"afterTest\",\"afterHook\",\"afterSuite\",\"afterSession\",\"after\",\"onComplete\",\"beforeAssertion\",\"afterAssertion\",\"beforeFeature\",\"beforeScenario\",\"beforeStep\",\"afterStep\",\"afterScenario\",\"afterFeature\",\"_\",\"suite\",\"$0\",\"ignoredWorkerServices\",\"wdi5\"]"}]}
COMMAND: POST /session/2fbb17261cc6fb074d1493bb698829b1/execute/async - {"script":"<script> [21126 bytes]","args":[35000]}
RESULT: {"script":"<script> [21126 bytes]","args":[35000]}
COMMAND: POST /session/2fbb17261cc6fb074d1493bb698829b1/execute/async - {"script":"<script> [1562 bytes]","args":[{"selector":{"controlType":"sap.m.Button","viewName":"etm.portal.ui.managerequests.view.Detail","bindingPath":{"path":"/SmartRequestItemsPlanningBoard(ITEM=10m,REQUEST='20091')","propertyPath":"PICK_UP"}},"wdio_ui5_key":"etmportal.ui.managerequests.view.Detailsap.m.Button{\"path\":\"/SmartRequestItemsPlanningBoard(ITEM=10m,REQUEST='20091')\",\"propertyPath\":\"PICK_UP\"}"}]}
RESULT: {"script":"<script> [1562 bytes]","args":[{"selector":{"controlType":"sap.m.Button","viewName":"etm.portal.ui.managerequests.view.Detail","bindingPath":{"path":"/SmartRequestItemsPlanningBoard(ITEM=10m,REQUEST='20091')","propertyPath":"PICK_UP"}},"wdio_ui5_key":"etmportal.ui.managerequests.view.Detailsap.m.Button{\"path\":\"/SmartRequestItemsPlanningBoard(ITEM=10m,REQUEST='20091')\",\"propertyPath\":\"PICK_UP\"}"}]}
RESULT: undefined
COMMAND: POST /session/2fbb17261cc6fb074d1493bb698829b1/execute/async - {"script":"<script> [6424 bytes]","args":[{"element-6066-11e4-a52e-4f735466cecf":"f.73F923247D4A980C1D654B50CBD09E00.d.37160C9912A5D106C61A0169C5F5984E.e.5423"},"getType",[]]}
RESULT: {"script":"<script> [6424 bytes]","args":[{"element-6066-11e4-a52e-4f735466cecf":"f.73F923247D4A980C1D654B50CBD09E00.d.37160C9912A5D106C61A0169C5F5984E.e.5423"},"getType",[]]}
COMMAND: POST /session/2fbb17261cc6fb074d1493bb698829b1/execute/async - {"script":"<script> [1562 bytes]","args":[{"selector":{"controlType":"sap.m.Button","viewName":"etm.portal.ui.managerequests.view.Detail","bindingPath":{"path":"/SmartRequestItemsPlanningBoard(ITEM=20m,REQUEST='20091')","propertyPath":"PICK_UP"}},"wdio_ui5_key":"etmportal.ui.managerequests.view.Detailsap.m.Button{\"path\":\"/SmartRequestItemsPlanningBoard(ITEM=20m,REQUEST='20091')\",\"propertyPath\":\"PICK_UP\"}"}]}
RESULT: {"script":"<script> [1562 bytes]","args":[{"selector":{"controlType":"sap.m.Button","viewName":"etm.portal.ui.managerequests.view.Detail","bindingPath":{"path":"/SmartRequestItemsPlanningBoard(ITEM=20m,REQUEST='20091')","propertyPath":"PICK_UP"}},"wdio_ui5_key":"etmportal.ui.managerequests.view.Detailsap.m.Button{\"path\":\"/SmartRequestItemsPlanningBoard(ITEM=20m,REQUEST='20091')\",\"propertyPath\":\"PICK_UP\"}"}]}
RESULT: undefined
COMMAND: POST /session/2fbb17261cc6fb074d1493bb698829b1/execute/async - {"script":"<script> [6424 bytes]","args":[{"element-6066-11e4-a52e-4f735466cecf":"f.73F923247D4A980C1D654B50CBD09E00.d.37160C9912A5D106C61A0169C5F5984E.e.5424"},"getType",[]]}
RESULT: {"script":"<script> [6424 bytes]","args":[{"element-6066-11e4-a52e-4f735466cecf":"f.73F923247D4A980C1D654B50CBD09E00.d.37160C9912A5D106C61A0169C5F5984E.e.5424"},"getType",[]]}
]]></system-out>
    </testcase>
    <testcase classname="chrome.136_0_7103_93.windows.Manage_request_+_Contract_processing_pick_up_option_US120163_" name="Should Contract processing pick up option" time="170.498">
      <system-out><![CDATA[
COMMAND: POST /session/2fbb17261cc6fb074d1493bb698829b1/execute/async - {"script":"<script> [1562 bytes]","args":[{"selector":{"id":"requestContractNo","viewName":"etm.portal.ui.managerequests.view.Detail"},"wdio_ui5_key":"requestContractNoetmportal.ui.managerequests.view.Detail"}]}
RESULT: {"script":"<script> [1562 bytes]","args":[{"selector":{"id":"requestContractNo","viewName":"etm.portal.ui.managerequests.view.Detail"},"wdio_ui5_key":"requestContractNoetmportal.ui.managerequests.view.Detail"}]}
RESULT: undefined
COMMAND: POST /session/2fbb17261cc6fb074d1493bb698829b1/element - {"using":"xpath","value":"//*[@id=\"__xmlview2--requestContractNo\"]"}
RESULT: {"using":"xpath","value":"//*[@id=\"__xmlview2--requestContractNo\"]"}
COMMAND: POST /session/2fbb17261cc6fb074d1493bb698829b1/element/f.73F923247D4A980C1D654B50CBD09E00.d.37160C9912A5D106C61A0169C5F5984E.e.5451/click - {}
RESULT: {}
COMMAND: POST /session/2fbb17261cc6fb074d1493bb698829b1/execute/async - {"script":"<script> [1562 bytes]","args":[{"selector":{"controlType":"sap.m.Link","viewName":"etm.portal.ui.managerequests.view.Detail","properties":{"text":"Contract Overview"},"searchOpenDialogs":true},"wdio_ui5_key":"etmportal.ui.managerequests.view.Detailsap.m.Link{\"text\":\"Contract Overview\"}"}]}
COMMAND: GET /session/2fbb17261cc6fb074d1493bb698829b1/screenshot - {}
RESULT: {"script":"<script> [1562 bytes]","args":[{"selector":{"controlType":"sap.m.Link","viewName":"etm.portal.ui.managerequests.view.Detail","properties":{"text":"Contract Overview"},"searchOpenDialogs":true},"wdio_ui5_key":"etmportal.ui.managerequests.view.Detailsap.m.Link{\"text\":\"Contract Overview\"}"}]}
RESULT: undefined
COMMAND: POST /session/2fbb17261cc6fb074d1493bb698829b1/element - {"using":"xpath","value":"//*[@id=\"__link8\"]"}
RESULT: {}
RESULT: {"using":"xpath","value":"//*[@id=\"__link8\"]"}
COMMAND: POST /session/2fbb17261cc6fb074d1493bb698829b1/element/f.73F923247D4A980C1D654B50CBD09E00.d.37160C9912A5D106C61A0169C5F5984E.e.5453/click - {}
RESULT: {}
COMMAND: GET /session/2fbb17261cc6fb074d1493bb698829b1/screenshot - {}
RESULT: {}
COMMAND: POST /session/2fbb17261cc6fb074d1493bb698829b1/element - {"using":"xpath","value":"//div[contains(@id ,\"headerBillingItemsTabFilter-text\")]"}
RESULT: {"using":"xpath","value":"//div[contains(@id ,\"headerBillingItemsTabFilter-text\")]"}
COMMAND: POST /session/2fbb17261cc6fb074d1493bb698829b1/element/f.73F923247D4A980C1D654B50CBD09E00.d.37160C9912A5D106C61A0169C5F5984E.e.5687/click - {}
RESULT: {}
COMMAND: GET /session/2fbb17261cc6fb074d1493bb698829b1/screenshot - {}
RESULT: {}
COMMAND: POST /session/2fbb17261cc6fb074d1493bb698829b1/execute/async - {"script":"<script> [1562 bytes]","args":[{"selector":{"id":"addRequestItemBtn","viewName":"etm.portal.ui.managecontracts.view.Detail","interaction":{"idSuffix":"BDI-content"}},"wdio_ui5_key":"addRequestItemBtnetmportal.ui.managecontracts.view.Detail"}]}
RESULT: {"script":"<script> [1562 bytes]","args":[{"selector":{"id":"addRequestItemBtn","viewName":"etm.portal.ui.managecontracts.view.Detail","interaction":{"idSuffix":"BDI-content"}},"wdio_ui5_key":"addRequestItemBtnetmportal.ui.managecontracts.view.Detail"}]}
RESULT: undefined
COMMAND: POST /session/2fbb17261cc6fb074d1493bb698829b1/element - {"using":"xpath","value":"//*[@id=\"__xmlview4--addRequestItemBtn\"]"}
RESULT: {"using":"xpath","value":"//*[@id=\"__xmlview4--addRequestItemBtn\"]"}
COMMAND: POST /session/2fbb17261cc6fb074d1493bb698829b1/element/f.73F923247D4A980C1D654B50CBD09E00.d.37160C9912A5D106C61A0169C5F5984E.e.5560/click - {}
RESULT: {}
COMMAND: GET /session/2fbb17261cc6fb074d1493bb698829b1/screenshot - {}
RESULT: {}
COMMAND: POST /session/2fbb17261cc6fb074d1493bb698829b1/element - {"using":"xpath","value":"//div[contains(@id ,\"popupRequestTable-sa-CbBg\")]"}
RESULT: {"using":"xpath","value":"//div[contains(@id ,\"popupRequestTable-sa-CbBg\")]"}
COMMAND: POST /session/2fbb17261cc6fb074d1493bb698829b1/element/f.73F923247D4A980C1D654B50CBD09E00.d.37160C9912A5D106C61A0169C5F5984E.e.5712/click - {}
RESULT: {}
COMMAND: GET /session/2fbb17261cc6fb074d1493bb698829b1/screenshot - {}
RESULT: {}
COMMAND: POST /session/2fbb17261cc6fb074d1493bb698829b1/execute/async - {"script":"<script> [1562 bytes]","args":[{"selector":{"controlType":"sap.m.Button","viewName":"etm.portal.ui.managecontracts.view.Detail","i18NText":{"propertyName":"text","key":"selectionDone"},"searchOpenDialogs":true,"interaction":{"idSuffix":"content"}},"wdio_ui5_key":"etmportal.ui.managecontracts.view.Detailsap.m.Button{\"propertyName\":\"text\",\"key\":\"selectionDone\"}"}]}
RESULT: {"script":"<script> [1562 bytes]","args":[{"selector":{"controlType":"sap.m.Button","viewName":"etm.portal.ui.managecontracts.view.Detail","i18NText":{"propertyName":"text","key":"selectionDone"},"searchOpenDialogs":true,"interaction":{"idSuffix":"content"}},"wdio_ui5_key":"etmportal.ui.managecontracts.view.Detailsap.m.Button{\"propertyName\":\"text\",\"key\":\"selectionDone\"}"}]}
RESULT: undefined
COMMAND: POST /session/2fbb17261cc6fb074d1493bb698829b1/element - {"using":"xpath","value":"//*[@id=\"__button64\"]"}
RESULT: {"using":"xpath","value":"//*[@id=\"__button64\"]"}
COMMAND: POST /session/2fbb17261cc6fb074d1493bb698829b1/element/f.73F923247D4A980C1D654B50CBD09E00.d.37160C9912A5D106C61A0169C5F5984E.e.5715/click - {}
RESULT: {}
COMMAND: POST /session/2fbb17261cc6fb074d1493bb698829b1/execute/async - {"script":"<script> [1562 bytes]","args":[{"selector":{"controlType":"sap.m.Button","properties":{"text":"OK"},"searchOpenDialogs":true,"interaction":{"idSuffix":"inner"}},"wdio_ui5_key":"sapm.Button{\"text\":\"OK\"}"}]}
COMMAND: GET /session/2fbb17261cc6fb074d1493bb698829b1/screenshot - {}
RESULT: {"script":"<script> [1562 bytes]","args":[{"selector":{"controlType":"sap.m.Button","properties":{"text":"OK"},"searchOpenDialogs":true,"interaction":{"idSuffix":"inner"}},"wdio_ui5_key":"sapm.Button{\"text\":\"OK\"}"}]}
RESULT: undefined
COMMAND: POST /session/2fbb17261cc6fb074d1493bb698829b1/element - {"using":"xpath","value":"//*[@id=\"__mbox-btn-1\"]"}
RESULT: {}
RESULT: {"using":"xpath","value":"//*[@id=\"__mbox-btn-1\"]"}
COMMAND: POST /session/2fbb17261cc6fb074d1493bb698829b1/element/f.73F923247D4A980C1D654B50CBD09E00.d.37160C9912A5D106C61A0169C5F5984E.e.5716/click - {}
RESULT: {}
COMMAND: GET /session/2fbb17261cc6fb074d1493bb698829b1/screenshot - {}
RESULT: {}
COMMAND: POST /session/2fbb17261cc6fb074d1493bb698829b1/element - {"using":"xpath","value":"//div[contains(@id ,\"headerBillingItemsTabFilter-text\")]"}
RESULT: {"using":"xpath","value":"//div[contains(@id ,\"headerBillingItemsTabFilter-text\")]"}
COMMAND: POST /session/2fbb17261cc6fb074d1493bb698829b1/element/f.73F923247D4A980C1D654B50CBD09E00.d.37160C9912A5D106C61A0169C5F5984E.e.5687/click - {}
RESULT: {}
COMMAND: GET /session/2fbb17261cc6fb074d1493bb698829b1/screenshot - {}
RESULT: {}
COMMAND: POST /session/2fbb17261cc6fb074d1493bb698829b1/element - {"using":"xpath","value":"//button[contains(@data-kt ,\"refreshButton\")]"}
RESULT: {"using":"xpath","value":"//button[contains(@data-kt ,\"refreshButton\")]"}
COMMAND: POST /session/2fbb17261cc6fb074d1493bb698829b1/element/f.73F923247D4A980C1D654B50CBD09E00.d.37160C9912A5D106C61A0169C5F5984E.e.5557/click - {}
RESULT: {}
COMMAND: GET /session/2fbb17261cc6fb074d1493bb698829b1/screenshot - {}
RESULT: {}
COMMAND: POST /session/2fbb17261cc6fb074d1493bb698829b1/element - {"using":"xpath","value":"//div[contains(@id ,\"headerBillingItemsTabFilter-text\")]"}
RESULT: {"using":"xpath","value":"//div[contains(@id ,\"headerBillingItemsTabFilter-text\")]"}
COMMAND: POST /session/2fbb17261cc6fb074d1493bb698829b1/element/f.73F923247D4A980C1D654B50CBD09E00.d.37160C9912A5D106C61A0169C5F5984E.e.5687/click - {}
RESULT: {}
COMMAND: GET /session/2fbb17261cc6fb074d1493bb698829b1/screenshot - {}
RESULT: {}
COMMAND: POST /session/2fbb17261cc6fb074d1493bb698829b1/execute/async - {"script":"<script> [1562 bytes]","args":[{"selector":{"id":"contractDetailProvideButton","viewName":"etm.portal.ui.managecontracts.view.Detail","interaction":{"idSuffix":"BDI-content"}},"wdio_ui5_key":"contractDetailProvideButtonetmportal.ui.managecontracts.view.Detail"}]}
RESULT: {"script":"<script> [1562 bytes]","args":[{"selector":{"id":"contractDetailProvideButton","viewName":"etm.portal.ui.managecontracts.view.Detail","interaction":{"idSuffix":"BDI-content"}},"wdio_ui5_key":"contractDetailProvideButtonetmportal.ui.managecontracts.view.Detail"}]}
RESULT: undefined
COMMAND: POST /session/2fbb17261cc6fb074d1493bb698829b1/element - {"using":"xpath","value":"//*[@id=\"__xmlview4--contractDetailProvideButton\"]"}
RESULT: {"using":"xpath","value":"//*[@id=\"__xmlview4--contractDetailProvideButton\"]"}
COMMAND: POST /session/2fbb17261cc6fb074d1493bb698829b1/element/f.73F923247D4A980C1D654B50CBD09E00.d.37160C9912A5D106C61A0169C5F5984E.e.5566/click - {}
RESULT: {}
COMMAND: GET /session/2fbb17261cc6fb074d1493bb698829b1/screenshot - {}
RESULT: {}
COMMAND: POST /session/2fbb17261cc6fb074d1493bb698829b1/execute/async - {"script":"<script> [1562 bytes]","args":[{"selector":{"id":"application-managehandovers-display-component---AddNewHO--pickUpCheckbox","interaction":{"idSuffix":"CbBg"}},"wdio_ui5_key":"applicationmanagehandovers-display-component---AddNewHO--pickUpCheckbox"}]}
RESULT: {"script":"<script> [1562 bytes]","args":[{"selector":{"id":"application-managehandovers-display-component---AddNewHO--pickUpCheckbox","interaction":{"idSuffix":"CbBg"}},"wdio_ui5_key":"applicationmanagehandovers-display-component---AddNewHO--pickUpCheckbox"}]}
RESULT: undefined
COMMAND: POST /session/2fbb17261cc6fb074d1493bb698829b1/element - {"using":"xpath","value":"//*[@id=\"application-managehandovers-display-component---AddNewHO--pickUpCheckbox\"]"}
RESULT: {"using":"xpath","value":"//*[@id=\"application-managehandovers-display-component---AddNewHO--pickUpCheckbox\"]"}
COMMAND: POST /session/2fbb17261cc6fb074d1493bb698829b1/element/f.73F923247D4A980C1D654B50CBD09E00.d.37160C9912A5D106C61A0169C5F5984E.e.5907/click - {}
RESULT: {}
COMMAND: POST /session/2fbb17261cc6fb074d1493bb698829b1/execute/async - {"script":"<script> [1562 bytes]","args":[{"selector":{"id":"application-managehandovers-display-component---AddNewHO--ObjectPageLayout-anchBar-application-managehandovers-display-component---AddNewHO--section4-anchor","interaction":{"idSuffix":"content"}},"wdio_ui5_key":"applicationmanagehandovers-display-component---AddNewHO--ObjectPageLayout-anchBar-application-managehandovers-display-component---AddNewHO--section4-anchor"}]}
COMMAND: GET /session/2fbb17261cc6fb074d1493bb698829b1/screenshot - {}
RESULT: {"script":"<script> [1562 bytes]","args":[{"selector":{"id":"application-managehandovers-display-component---AddNewHO--ObjectPageLayout-anchBar-application-managehandovers-display-component---AddNewHO--section4-anchor","interaction":{"idSuffix":"content"}},"wdio_ui5_key":"applicationmanagehandovers-display-component---AddNewHO--ObjectPageLayout-anchBar-application-managehandovers-display-component---AddNewHO--section4-anchor"}]}
RESULT: undefined
COMMAND: POST /session/2fbb17261cc6fb074d1493bb698829b1/element - {"using":"xpath","value":"//*[@id=\"application-managehandovers-display-component---AddNewHO--ObjectPageLayout-anchBar-application-managehandovers-display-component---AddNewHO--section4-anchor\"]"}
RESULT: {}
RESULT: {"using":"xpath","value":"//*[@id=\"application-managehandovers-display-component---AddNewHO--ObjectPageLayout-anchBar-application-managehandovers-display-component---AddNewHO--section4-anchor\"]"}
COMMAND: POST /session/2fbb17261cc6fb074d1493bb698829b1/element/f.73F923247D4A980C1D654B50CBD09E00.d.37160C9912A5D106C61A0169C5F5984E.e.5911/click - {}
RESULT: {}
COMMAND: POST /session/2fbb17261cc6fb074d1493bb698829b1/execute/async - {"script":"<script> [1562 bytes]","args":[{"selector":{"controlType":"sap.m.Button","viewName":"etm.portal.ui.managehandovers.view.AddNewHO","viewId":"application-managehandovers-display-component---AddNewHO","i18NText":{"propertyName":"tooltip","key":"addItems"},"interaction":{"idSuffix":"inner"}},"wdio_ui5_key":"etmportal.ui.managehandovers.view.AddNewHOsap.m.Button{\"propertyName\":\"tooltip\",\"key\":\"addItems\"}"}]}
COMMAND: GET /session/2fbb17261cc6fb074d1493bb698829b1/screenshot - {}
RESULT: {"script":"<script> [1562 bytes]","args":[{"selector":{"controlType":"sap.m.Button","viewName":"etm.portal.ui.managehandovers.view.AddNewHO","viewId":"application-managehandovers-display-component---AddNewHO","i18NText":{"propertyName":"tooltip","key":"addItems"},"interaction":{"idSuffix":"inner"}},"wdio_ui5_key":"etmportal.ui.managehandovers.view.AddNewHOsap.m.Button{\"propertyName\":\"tooltip\",\"key\":\"addItems\"}"}]}
RESULT: undefined
COMMAND: POST /session/2fbb17261cc6fb074d1493bb698829b1/element - {"using":"xpath","value":"//*[@id=\"__button81\"]"}
RESULT: {}
RESULT: {"using":"xpath","value":"//*[@id=\"__button81\"]"}
COMMAND: POST /session/2fbb17261cc6fb074d1493bb698829b1/element/f.73F923247D4A980C1D654B50CBD09E00.d.37160C9912A5D106C61A0169C5F5984E.e.5915/click - {}
RESULT: {}
COMMAND: POST /session/2fbb17261cc6fb074d1493bb698829b1/execute/async - {"script":"<script> [1562 bytes]","args":[{"selector":{"id":"application-managehandovers-display-component---AddNewHO--smartTableHOPopup-header","searchOpenDialogs":true},"wdio_ui5_key":"applicationmanagehandovers-display-component---AddNewHO--smartTableHOPopup-header"}]}
COMMAND: GET /session/2fbb17261cc6fb074d1493bb698829b1/screenshot - {}
RESULT: {"script":"<script> [1562 bytes]","args":[{"selector":{"id":"application-managehandovers-display-component---AddNewHO--smartTableHOPopup-header","searchOpenDialogs":true},"wdio_ui5_key":"applicationmanagehandovers-display-component---AddNewHO--smartTableHOPopup-header"}]}
RESULT: undefined
COMMAND: POST /session/2fbb17261cc6fb074d1493bb698829b1/execute/async - {"script":"<script> [6424 bytes]","args":[{"element-6066-11e4-a52e-4f735466cecf":"f.73F923247D4A980C1D654B50CBD09E00.d.37160C9912A5D106C61A0169C5F5984E.e.5924"},"getText",[]]}
RESULT: {}
RESULT: {"script":"<script> [6424 bytes]","args":[{"element-6066-11e4-a52e-4f735466cecf":"f.73F923247D4A980C1D654B50CBD09E00.d.37160C9912A5D106C61A0169C5F5984E.e.5924"},"getText",[]]}
COMMAND: POST /session/2fbb17261cc6fb074d1493bb698829b1/actions - {"actions":[{"id":"action44","type":"key","parameters":{},"actions":[{"type":"keyDown","value":""},{"type":"pause","duration":10},{"type":"keyUp","value":""}]}]}
RESULT: {"actions":[{"id":"action44","type":"key","parameters":{},"actions":[{"type":"keyDown","value":""},{"type":"pause","duration":10},{"type":"keyUp","value":""}]}]}
COMMAND: GET /session/2fbb17261cc6fb074d1493bb698829b1/screenshot - {}
RESULT: {}
COMMAND: POST /session/2fbb17261cc6fb074d1493bb698829b1/execute/async - {"script":"<script> [1562 bytes]","args":[{"selector":{"id":"backBtn"},"wdio_ui5_key":"backBtn"}]}
RESULT: {"script":"<script> [1562 bytes]","args":[{"selector":{"id":"backBtn"},"wdio_ui5_key":"backBtn"}]}
RESULT: undefined
COMMAND: POST /session/2fbb17261cc6fb074d1493bb698829b1/element - {"using":"xpath","value":"//*[@id=\"backBtn\"]"}
RESULT: {"using":"xpath","value":"//*[@id=\"backBtn\"]"}
COMMAND: POST /session/2fbb17261cc6fb074d1493bb698829b1/element/f.73F923247D4A980C1D654B50CBD09E00.d.37160C9912A5D106C61A0169C5F5984E.e.5926/click - {}
RESULT: {}
COMMAND: GET /session/2fbb17261cc6fb074d1493bb698829b1/screenshot - {}
RESULT: {}
COMMAND: POST /session/2fbb17261cc6fb074d1493bb698829b1/refresh - {}
RESULT: {}
COMMAND: GET /session/2fbb17261cc6fb074d1493bb698829b1/screenshot - {}
RESULT: {}
COMMAND: POST /session/2fbb17261cc6fb074d1493bb698829b1/execute/async - {"script":"<script> [189 bytes]","args":[]}
RESULT: {"script":"<script> [189 bytes]","args":[]}
COMMAND: POST /session/2fbb17261cc6fb074d1493bb698829b1/execute/async - {"script":"<script> [123 bytes]","args":[]}
RESULT: {"script":"<script> [123 bytes]","args":[]}
COMMAND: POST /session/2fbb17261cc6fb074d1493bb698829b1/timeouts - {"script":"<number>"}
RESULT: {"script":"<number>"}
COMMAND: GET /session/2fbb17261cc6fb074d1493bb698829b1/timeouts - {}
RESULT: {}
RESULT: undefined
COMMAND: POST /session/2fbb17261cc6fb074d1493bb698829b1/execute/async - {"script":"<script> [2676 bytes]","args":[]}
RESULT: {"script":"<script> [2676 bytes]","args":[]}
COMMAND: POST /session/2fbb17261cc6fb074d1493bb698829b1/execute/async - {"script":"<script> [2342 bytes]","args":[{"protocol":"http","hostname":"0.0.0.0","path":"/","capabilities":{"browserName":"chrome","goog:chromeOptions":{"binary":"C:\\Program Files\\Google\\Chrome\\Application\\chrome.exe","args":["--start-maximized"]}},"logLevel":"warn","connectionRetryTimeout":120000,"connectionRetryCount":3,"logLevels":{},"enableDirectConnect":true,"strictSSL":true,"_":"65 more keys: [\"cacheDir\",\"port\",\"requestedCapabilities\",\"automationProtocol\",\"baseUrl\",\"waitforInterval\",\"waitforTimeout\",\"onReload\",\"beforeCommand\",\"afterCommand\",\"rootDir\",\"specs\",\"suites\",\"exclude\",\"groupLogsByTestSpec\",\"excludeDriverLogs\",\"bail\",\"framework\",\"reporters\",\"services\",\"maxInstances\",\"maxInstancesPerCapability\",\"injectGlobals\",\"filesToWatch\",\"execArgv\",\"runnerEnv\",\"runner\",\"shard\",\"specFileRetries\",\"specFileRetriesDelay\",\"specFileRetriesDeferred\",\"reporterSyncInterval\",\"reporterSyncTimeout\",\"cucumberFeaturesWithLineNumbers\",\"autoCompileOpts\",\"mochaOpts\",\"jasmineOpts\",\"cucumberOpts\",\"onPrepare\",\"onWorkerStart\",\"onWorkerEnd\",\"before\",\"beforeSession\",\"beforeSuite\",\"beforeHook\",\"beforeTest\",\"afterTest\",\"afterHook\",\"afterSuite\",\"afterSession\",\"after\",\"onComplete\",\"beforeAssertion\",\"afterAssertion\",\"beforeFeature\",\"beforeScenario\",\"beforeStep\",\"afterStep\",\"afterScenario\",\"afterFeature\",\"_\",\"suite\",\"$0\",\"ignoredWorkerServices\",\"wdi5\"]"}]}
RESULT: {"script":"<script> [2342 bytes]","args":[{"protocol":"http","hostname":"0.0.0.0","path":"/","capabilities":{"browserName":"chrome","goog:chromeOptions":{"binary":"C:\\Program Files\\Google\\Chrome\\Application\\chrome.exe","args":["--start-maximized"]}},"logLevel":"warn","connectionRetryTimeout":120000,"connectionRetryCount":3,"logLevels":{},"enableDirectConnect":true,"strictSSL":true,"_":"65 more keys: [\"cacheDir\",\"port\",\"requestedCapabilities\",\"automationProtocol\",\"baseUrl\",\"waitforInterval\",\"waitforTimeout\",\"onReload\",\"beforeCommand\",\"afterCommand\",\"rootDir\",\"specs\",\"suites\",\"exclude\",\"groupLogsByTestSpec\",\"excludeDriverLogs\",\"bail\",\"framework\",\"reporters\",\"services\",\"maxInstances\",\"maxInstancesPerCapability\",\"injectGlobals\",\"filesToWatch\",\"execArgv\",\"runnerEnv\",\"runner\",\"shard\",\"specFileRetries\",\"specFileRetriesDelay\",\"specFileRetriesDeferred\",\"reporterSyncInterval\",\"reporterSyncTimeout\",\"cucumberFeaturesWithLineNumbers\",\"autoCompileOpts\",\"mochaOpts\",\"jasmineOpts\",\"cucumberOpts\",\"onPrepare\",\"onWorkerStart\",\"onWorkerEnd\",\"before\",\"beforeSession\",\"beforeSuite\",\"beforeHook\",\"beforeTest\",\"afterTest\",\"afterHook\",\"afterSuite\",\"afterSession\",\"after\",\"onComplete\",\"beforeAssertion\",\"afterAssertion\",\"beforeFeature\",\"beforeScenario\",\"beforeStep\",\"afterStep\",\"afterScenario\",\"afterFeature\",\"_\",\"suite\",\"$0\",\"ignoredWorkerServices\",\"wdi5\"]"}]}
COMMAND: POST /session/2fbb17261cc6fb074d1493bb698829b1/execute/async - {"script":"<script> [21126 bytes]","args":[35000]}
RESULT: {"script":"<script> [21126 bytes]","args":[35000]}
COMMAND: POST /session/2fbb17261cc6fb074d1493bb698829b1/element - {"using":"xpath","value":"//div[contains(@id ,\"headerBillingItemsTabFilter-text\")]"}
RESULT: {"using":"xpath","value":"//div[contains(@id ,\"headerBillingItemsTabFilter-text\")]"}
COMMAND: POST /session/2fbb17261cc6fb074d1493bb698829b1/element/f.73F923247D4A980C1D654B50CBD09E00.d.4DFA232B751EA79BE8B90F8B20814CBD.e.6398/click - {}
RESULT: {}
COMMAND: GET /session/2fbb17261cc6fb074d1493bb698829b1/screenshot - {}
RESULT: {}
COMMAND: POST /session/2fbb17261cc6fb074d1493bb698829b1/execute/async - {"script":"<script> [1562 bytes]","args":[{"selector":{"id":"revertPlanningBtn","viewName":"etm.portal.ui.managecontracts.view.Detail","interaction":{"idSuffix":"BDI-content"}},"wdio_ui5_key":"revertPlanningBtnetmportal.ui.managecontracts.view.Detail"}]}
RESULT: {"script":"<script> [1562 bytes]","args":[{"selector":{"id":"revertPlanningBtn","viewName":"etm.portal.ui.managecontracts.view.Detail","interaction":{"idSuffix":"BDI-content"}},"wdio_ui5_key":"revertPlanningBtnetmportal.ui.managecontracts.view.Detail"}]}
RESULT: undefined
COMMAND: POST /session/2fbb17261cc6fb074d1493bb698829b1/element - {"using":"xpath","value":"//*[@id=\"__xmlview1--revertPlanningBtn\"]"}
RESULT: {"using":"xpath","value":"//*[@id=\"__xmlview1--revertPlanningBtn\"]"}
COMMAND: POST /session/2fbb17261cc6fb074d1493bb698829b1/element/f.73F923247D4A980C1D654B50CBD09E00.d.4DFA232B751EA79BE8B90F8B20814CBD.e.6285/click - {}
RESULT: {}
COMMAND: GET /session/2fbb17261cc6fb074d1493bb698829b1/screenshot - {}
RESULT: {}
COMMAND: POST /session/2fbb17261cc6fb074d1493bb698829b1/actions - {"actions":[{"id":"action45","type":"key","parameters":{},"actions":[{"type":"keyDown","value":""},{"type":"pause","duration":10},{"type":"keyUp","value":""}]}]}
RESULT: {"actions":[{"id":"action45","type":"key","parameters":{},"actions":[{"type":"keyDown","value":""},{"type":"pause","duration":10},{"type":"keyUp","value":""}]}]}
COMMAND: GET /session/2fbb17261cc6fb074d1493bb698829b1/screenshot - {}
RESULT: {}
COMMAND: POST /session/2fbb17261cc6fb074d1493bb698829b1/element - {"using":"xpath","value":"//div[contains(@id ,\"ProductsTable-sa-CbBg\")]"}
RESULT: {"using":"xpath","value":"//div[contains(@id ,\"ProductsTable-sa-CbBg\")]"}
COMMAND: POST /session/2fbb17261cc6fb074d1493bb698829b1/element/f.73F923247D4A980C1D654B50CBD09E00.d.4DFA232B751EA79BE8B90F8B20814CBD.e.6448/click - {}
RESULT: {}
COMMAND: GET /session/2fbb17261cc6fb074d1493bb698829b1/screenshot - {}
RESULT: {}
COMMAND: POST /session/2fbb17261cc6fb074d1493bb698829b1/execute/async - {"script":"<script> [1562 bytes]","args":[{"selector":{"id":"executeRevertPlanningBtn","viewName":"etm.portal.ui.managecontracts.view.Detail","interaction":{"idSuffix":"BDI-content"}},"wdio_ui5_key":"executeRevertPlanningBtnetmportal.ui.managecontracts.view.Detail"}]}
RESULT: {"script":"<script> [1562 bytes]","args":[{"selector":{"id":"executeRevertPlanningBtn","viewName":"etm.portal.ui.managecontracts.view.Detail","interaction":{"idSuffix":"BDI-content"}},"wdio_ui5_key":"executeRevertPlanningBtnetmportal.ui.managecontracts.view.Detail"}]}
RESULT: undefined
COMMAND: POST /session/2fbb17261cc6fb074d1493bb698829b1/element - {"using":"xpath","value":"//*[@id=\"__xmlview1--executeRevertPlanningBtn\"]"}
RESULT: {"using":"xpath","value":"//*[@id=\"__xmlview1--executeRevertPlanningBtn\"]"}
COMMAND: POST /session/2fbb17261cc6fb074d1493bb698829b1/element/f.73F923247D4A980C1D654B50CBD09E00.d.4DFA232B751EA79BE8B90F8B20814CBD.e.6447/click - {}
RESULT: {}
COMMAND: GET /session/2fbb17261cc6fb074d1493bb698829b1/screenshot - {}
RESULT: {}
COMMAND: POST /session/2fbb17261cc6fb074d1493bb698829b1/actions - {"actions":[{"id":"action46","type":"key","parameters":{},"actions":[{"type":"keyDown","value":""},{"type":"pause","duration":10},{"type":"keyUp","value":""}]}]}
RESULT: {"actions":[{"id":"action46","type":"key","parameters":{},"actions":[{"type":"keyDown","value":""},{"type":"pause","duration":10},{"type":"keyUp","value":""}]}]}
COMMAND: POST /session/2fbb17261cc6fb074d1493bb698829b1/execute/async - {"script":"<script> [1562 bytes]","args":[{"selector":{"id":"backBtn"},"wdio_ui5_key":"backBtn"}]}
COMMAND: GET /session/2fbb17261cc6fb074d1493bb698829b1/screenshot - {}
RESULT: {"script":"<script> [1562 bytes]","args":[{"selector":{"id":"backBtn"},"wdio_ui5_key":"backBtn"}]}
RESULT: undefined
COMMAND: POST /session/2fbb17261cc6fb074d1493bb698829b1/element - {"using":"xpath","value":"//*[@id=\"backBtn\"]"}
RESULT: {}
RESULT: {"using":"xpath","value":"//*[@id=\"backBtn\"]"}
COMMAND: POST /session/2fbb17261cc6fb074d1493bb698829b1/element/f.73F923247D4A980C1D654B50CBD09E00.d.4DFA232B751EA79BE8B90F8B20814CBD.e.6462/click - {}
RESULT: {}
COMMAND: GET /session/2fbb17261cc6fb074d1493bb698829b1/screenshot - {}
COMMAND: POST /session/2fbb17261cc6fb074d1493bb698829b1/refresh - {}
RESULT: {}
RESULT: {}
COMMAND: GET /session/2fbb17261cc6fb074d1493bb698829b1/screenshot - {}
RESULT: {}
COMMAND: POST /session/2fbb17261cc6fb074d1493bb698829b1/execute/async - {"script":"<script> [189 bytes]","args":[]}
RESULT: {"script":"<script> [189 bytes]","args":[]}
COMMAND: POST /session/2fbb17261cc6fb074d1493bb698829b1/execute/async - {"script":"<script> [123 bytes]","args":[]}
RESULT: {"script":"<script> [123 bytes]","args":[]}
COMMAND: POST /session/2fbb17261cc6fb074d1493bb698829b1/timeouts - {"script":"<number>"}
RESULT: {"script":"<number>"}
COMMAND: GET /session/2fbb17261cc6fb074d1493bb698829b1/timeouts - {}
RESULT: {}
RESULT: undefined
COMMAND: POST /session/2fbb17261cc6fb074d1493bb698829b1/execute/async - {"script":"<script> [2676 bytes]","args":[]}
RESULT: {"script":"<script> [2676 bytes]","args":[]}
COMMAND: POST /session/2fbb17261cc6fb074d1493bb698829b1/execute/async - {"script":"<script> [2342 bytes]","args":[{"protocol":"http","hostname":"0.0.0.0","path":"/","capabilities":{"browserName":"chrome","goog:chromeOptions":{"binary":"C:\\Program Files\\Google\\Chrome\\Application\\chrome.exe","args":["--start-maximized"]}},"logLevel":"warn","connectionRetryTimeout":120000,"connectionRetryCount":3,"logLevels":{},"enableDirectConnect":true,"strictSSL":true,"_":"65 more keys: [\"cacheDir\",\"port\",\"requestedCapabilities\",\"automationProtocol\",\"baseUrl\",\"waitforInterval\",\"waitforTimeout\",\"onReload\",\"beforeCommand\",\"afterCommand\",\"rootDir\",\"specs\",\"suites\",\"exclude\",\"groupLogsByTestSpec\",\"excludeDriverLogs\",\"bail\",\"framework\",\"reporters\",\"services\",\"maxInstances\",\"maxInstancesPerCapability\",\"injectGlobals\",\"filesToWatch\",\"execArgv\",\"runnerEnv\",\"runner\",\"shard\",\"specFileRetries\",\"specFileRetriesDelay\",\"specFileRetriesDeferred\",\"reporterSyncInterval\",\"reporterSyncTimeout\",\"cucumberFeaturesWithLineNumbers\",\"autoCompileOpts\",\"mochaOpts\",\"jasmineOpts\",\"cucumberOpts\",\"onPrepare\",\"onWorkerStart\",\"onWorkerEnd\",\"before\",\"beforeSession\",\"beforeSuite\",\"beforeHook\",\"beforeTest\",\"afterTest\",\"afterHook\",\"afterSuite\",\"afterSession\",\"after\",\"onComplete\",\"beforeAssertion\",\"afterAssertion\",\"beforeFeature\",\"beforeScenario\",\"beforeStep\",\"afterStep\",\"afterScenario\",\"afterFeature\",\"_\",\"suite\",\"$0\",\"ignoredWorkerServices\",\"wdi5\"]"}]}
RESULT: {"script":"<script> [2342 bytes]","args":[{"protocol":"http","hostname":"0.0.0.0","path":"/","capabilities":{"browserName":"chrome","goog:chromeOptions":{"binary":"C:\\Program Files\\Google\\Chrome\\Application\\chrome.exe","args":["--start-maximized"]}},"logLevel":"warn","connectionRetryTimeout":120000,"connectionRetryCount":3,"logLevels":{},"enableDirectConnect":true,"strictSSL":true,"_":"65 more keys: [\"cacheDir\",\"port\",\"requestedCapabilities\",\"automationProtocol\",\"baseUrl\",\"waitforInterval\",\"waitforTimeout\",\"onReload\",\"beforeCommand\",\"afterCommand\",\"rootDir\",\"specs\",\"suites\",\"exclude\",\"groupLogsByTestSpec\",\"excludeDriverLogs\",\"bail\",\"framework\",\"reporters\",\"services\",\"maxInstances\",\"maxInstancesPerCapability\",\"injectGlobals\",\"filesToWatch\",\"execArgv\",\"runnerEnv\",\"runner\",\"shard\",\"specFileRetries\",\"specFileRetriesDelay\",\"specFileRetriesDeferred\",\"reporterSyncInterval\",\"reporterSyncTimeout\",\"cucumberFeaturesWithLineNumbers\",\"autoCompileOpts\",\"mochaOpts\",\"jasmineOpts\",\"cucumberOpts\",\"onPrepare\",\"onWorkerStart\",\"onWorkerEnd\",\"before\",\"beforeSession\",\"beforeSuite\",\"beforeHook\",\"beforeTest\",\"afterTest\",\"afterHook\",\"afterSuite\",\"afterSession\",\"after\",\"onComplete\",\"beforeAssertion\",\"afterAssertion\",\"beforeFeature\",\"beforeScenario\",\"beforeStep\",\"afterStep\",\"afterScenario\",\"afterFeature\",\"_\",\"suite\",\"$0\",\"ignoredWorkerServices\",\"wdi5\"]"}]}
COMMAND: POST /session/2fbb17261cc6fb074d1493bb698829b1/execute/async - {"script":"<script> [21126 bytes]","args":[35000]}
RESULT: {"script":"<script> [21126 bytes]","args":[35000]}
COMMAND: POST /session/2fbb17261cc6fb074d1493bb698829b1/execute/async - {"script":"<script> [1562 bytes]","args":[{"selector":{"controlType":"sap.m.ObjectStatus","viewName":"etm.portal.ui.managerequests.view.Detail","bindingPath":{"path":"/RequestHeaders('20091')","propertyPath":"LINK_TO_STATUS/DESCRIPTION","modelName":"catalogModel"}},"wdio_ui5_key":"etmportal.ui.managerequests.view.Detailsap.m.ObjectStatus{\"path\":\"/RequestHeaders('20091')\",\"propertyPath\":\"LINK_TO_STATUS/DESCRIPTION\",\"modelName\":\"catalogModel\"}"}]}
RESULT: {"script":"<script> [1562 bytes]","args":[{"selector":{"controlType":"sap.m.ObjectStatus","viewName":"etm.portal.ui.managerequests.view.Detail","bindingPath":{"path":"/RequestHeaders('20091')","propertyPath":"LINK_TO_STATUS/DESCRIPTION","modelName":"catalogModel"}},"wdio_ui5_key":"etmportal.ui.managerequests.view.Detailsap.m.ObjectStatus{\"path\":\"/RequestHeaders('20091')\",\"propertyPath\":\"LINK_TO_STATUS/DESCRIPTION\",\"modelName\":\"catalogModel\"}"}]}
RESULT: undefined
COMMAND: POST /session/2fbb17261cc6fb074d1493bb698829b1/execute/async - {"script":"<script> [6424 bytes]","args":[{"element-6066-11e4-a52e-4f735466cecf":"f.73F923247D4A980C1D654B50CBD09E00.d.0F7C1BBE4DE4B5D2811A3F0B7E491735.e.6793"},"getText",[]]}
RESULT: {"script":"<script> [6424 bytes]","args":[{"element-6066-11e4-a52e-4f735466cecf":"f.73F923247D4A980C1D654B50CBD09E00.d.0F7C1BBE4DE4B5D2811A3F0B7E491735.e.6793"},"getText",[]]}
COMMAND: POST /session/2fbb17261cc6fb074d1493bb698829b1/execute/async - {"script":"<script> [1562 bytes]","args":[{"selector":{"controlType":"sap.m.Button","viewName":"etm.portal.ui.managerequests.view.Detail","bindingPath":{"path":"/SmartRequestItemsPlanningBoard(ITEM=10m,REQUEST='20091')","propertyPath":"PICK_UP"}},"wdio_ui5_key":"etmportal.ui.managerequests.view.Detailsap.m.Button{\"path\":\"/SmartRequestItemsPlanningBoard(ITEM=10m,REQUEST='20091')\",\"propertyPath\":\"PICK_UP\"}"}]}
RESULT: {"script":"<script> [1562 bytes]","args":[{"selector":{"controlType":"sap.m.Button","viewName":"etm.portal.ui.managerequests.view.Detail","bindingPath":{"path":"/SmartRequestItemsPlanningBoard(ITEM=10m,REQUEST='20091')","propertyPath":"PICK_UP"}},"wdio_ui5_key":"etmportal.ui.managerequests.view.Detailsap.m.Button{\"path\":\"/SmartRequestItemsPlanningBoard(ITEM=10m,REQUEST='20091')\",\"propertyPath\":\"PICK_UP\"}"}]}
RESULT: undefined
COMMAND: POST /session/2fbb17261cc6fb074d1493bb698829b1/execute/async - {"script":"<script> [6424 bytes]","args":[{"element-6066-11e4-a52e-4f735466cecf":"f.73F923247D4A980C1D654B50CBD09E00.d.0F7C1BBE4DE4B5D2811A3F0B7E491735.e.6778"},"getType",[]]}
RESULT: {"script":"<script> [6424 bytes]","args":[{"element-6066-11e4-a52e-4f735466cecf":"f.73F923247D4A980C1D654B50CBD09E00.d.0F7C1BBE4DE4B5D2811A3F0B7E491735.e.6778"},"getType",[]]}
COMMAND: POST /session/2fbb17261cc6fb074d1493bb698829b1/execute/async - {"script":"<script> [1562 bytes]","args":[{"selector":{"controlType":"sap.m.Button","viewName":"etm.portal.ui.managerequests.view.Detail","bindingPath":{"path":"/SmartRequestItemsPlanningBoard(ITEM=20m,REQUEST='20091')","propertyPath":"PICK_UP"}},"wdio_ui5_key":"etmportal.ui.managerequests.view.Detailsap.m.Button{\"path\":\"/SmartRequestItemsPlanningBoard(ITEM=20m,REQUEST='20091')\",\"propertyPath\":\"PICK_UP\"}"}]}
RESULT: {"script":"<script> [1562 bytes]","args":[{"selector":{"controlType":"sap.m.Button","viewName":"etm.portal.ui.managerequests.view.Detail","bindingPath":{"path":"/SmartRequestItemsPlanningBoard(ITEM=20m,REQUEST='20091')","propertyPath":"PICK_UP"}},"wdio_ui5_key":"etmportal.ui.managerequests.view.Detailsap.m.Button{\"path\":\"/SmartRequestItemsPlanningBoard(ITEM=20m,REQUEST='20091')\",\"propertyPath\":\"PICK_UP\"}"}]}
RESULT: undefined
COMMAND: POST /session/2fbb17261cc6fb074d1493bb698829b1/execute/async - {"script":"<script> [6424 bytes]","args":[{"element-6066-11e4-a52e-4f735466cecf":"f.73F923247D4A980C1D654B50CBD09E00.d.0F7C1BBE4DE4B5D2811A3F0B7E491735.e.6794"},"getType",[]]}
RESULT: {"script":"<script> [6424 bytes]","args":[{"element-6066-11e4-a52e-4f735466cecf":"f.73F923247D4A980C1D654B50CBD09E00.d.0F7C1BBE4DE4B5D2811A3F0B7E491735.e.6794"},"getType",[]]}
COMMAND: POST /session/2fbb17261cc6fb074d1493bb698829b1/element - {"using":"css selector","value":"#shell-header-logo"}
RESULT: {"using":"css selector","value":"#shell-header-logo"}
COMMAND: POST /session/2fbb17261cc6fb074d1493bb698829b1/element/f.73F923247D4A980C1D654B50CBD09E00.d.0F7C1BBE4DE4B5D2811A3F0B7E491735.e.6584/click - {}
RESULT: {}
COMMAND: GET /session/2fbb17261cc6fb074d1493bb698829b1/screenshot - {}
RESULT: {}
COMMAND: POST /session/2fbb17261cc6fb074d1493bb698829b1/execute/async - {"script":"<script> [1562 bytes]","args":[{"selector":{"controlType":"sap.m.GenericTile","properties":{"header":"Manage Classifications"}},"wdio_ui5_key":"sapm.GenericTile{\"header\":\"Manage Classifications\"}"}]}
RESULT: {"script":"<script> [1562 bytes]","args":[{"selector":{"controlType":"sap.m.GenericTile","properties":{"header":"Manage Classifications"}},"wdio_ui5_key":"sapm.GenericTile{\"header\":\"Manage Classifications\"}"}]}
RESULT: undefined
COMMAND: POST /session/2fbb17261cc6fb074d1493bb698829b1/element - {"using":"xpath","value":"//*[@id=\"__tile115\"]"}
RESULT: {"using":"xpath","value":"//*[@id=\"__tile115\"]"}
COMMAND: POST /session/2fbb17261cc6fb074d1493bb698829b1/element/f.73F923247D4A980C1D654B50CBD09E00.d.0F7C1BBE4DE4B5D2811A3F0B7E491735.e.6809/click - {}
RESULT: {}
COMMAND: GET /session/2fbb17261cc6fb074d1493bb698829b1/screenshot - {}
RESULT: {}
COMMAND: POST /session/2fbb17261cc6fb074d1493bb698829b1/elements - {"using":"xpath","value":"//span[text()='Error']"}
RESULT: {"using":"xpath","value":"//span[text()='Error']"}
]]></system-out>
    </testcase>
  </testsuite>
  <testsuite timestamp="2025-05-24T15:57:33" time="404.13" tests="4" failures="0" errors="0" skipped="0">
    <properties>
      <property name="specId" value="0"/>
      <property name="suiteName" value="Manage requests - requests specifications US141095"/>
      <property name="capabilities" value="chrome.136_0_7103_93.windows"/>
      <property name="file" value="file:///D:/a/1/s/test/specs/R2C/manage-requests-request-specifications.spec.js"/>
    </properties>
    <testcase classname="chrome.136_0_7103_93.windows.Manage_requests_-_requests_specifications_US141095" name="Should create a new classification of type request item" time="40.519">
      <system-out><![CDATA[
COMMAND: POST /session/2fbb17261cc6fb074d1493bb698829b1/execute/async - {"script":"<script> [1562 bytes]","args":[{"selector":{"controlType":"sap.ui.core.Icon","viewName":"etm.portal.ui.manageclassifications.view.Master","viewId":"application-manageclassifications-display-component---classificationMaster","properties":{"src":{"regex":{"source":"add"}}}},"wdio_ui5_key":"etmportal.ui.manageclassifications.view.Mastersap.ui.core.Icon{\"src\":{\"regex\":{\"source\":\"add\"}}}"}]}
RESULT: {"script":"<script> [1562 bytes]","args":[{"selector":{"controlType":"sap.ui.core.Icon","viewName":"etm.portal.ui.manageclassifications.view.Master","viewId":"application-manageclassifications-display-component---classificationMaster","properties":{"src":{"regex":{"source":"add"}}}},"wdio_ui5_key":"etmportal.ui.manageclassifications.view.Mastersap.ui.core.Icon{\"src\":{\"regex\":{\"source\":\"add\"}}}"}]}
RESULT: undefined
COMMAND: POST /session/2fbb17261cc6fb074d1493bb698829b1/element - {"using":"xpath","value":"//*[@id=\"__button27-img\"]"}
RESULT: {"using":"xpath","value":"//*[@id=\"__button27-img\"]"}
COMMAND: POST /session/2fbb17261cc6fb074d1493bb698829b1/element/f.73F923247D4A980C1D654B50CBD09E00.d.0F7C1BBE4DE4B5D2811A3F0B7E491735.e.6848/click - {}
RESULT: {}
COMMAND: POST /session/2fbb17261cc6fb074d1493bb698829b1/execute/async - {"script":"<script> [1562 bytes]","args":[{"selector":{"id":"application-manageclassifications-display-component---classificationCreate--classHeaderName","interaction":{"idSuffix":"inner"}},"wdio_ui5_key":"applicationmanageclassifications-display-component---classificationCreate--classHeaderName"}]}
COMMAND: GET /session/2fbb17261cc6fb074d1493bb698829b1/screenshot - {}
RESULT: {"script":"<script> [1562 bytes]","args":[{"selector":{"id":"application-manageclassifications-display-component---classificationCreate--classHeaderName","interaction":{"idSuffix":"inner"}},"wdio_ui5_key":"applicationmanageclassifications-display-component---classificationCreate--classHeaderName"}]}
RESULT: undefined
COMMAND: POST /session/2fbb17261cc6fb074d1493bb698829b1/execute/async - {"script":"<script> [776 bytes]","args":[{"enterText":"WebdriverItemClassd5eji","selector":{"id":"application-manageclassifications-display-component---classificationCreate--classHeaderName","interaction":{"idSuffix":"inner"}},"clearTextFirst":true,"interactionType":"ENTER_TEXT"}]}
RESULT: {}
RESULT: {"script":"<script> [776 bytes]","args":[{"enterText":"WebdriverItemClassd5eji","selector":{"id":"application-manageclassifications-display-component---classificationCreate--classHeaderName","interaction":{"idSuffix":"inner"}},"clearTextFirst":true,"interactionType":"ENTER_TEXT"}]}
COMMAND: POST /session/2fbb17261cc6fb074d1493bb698829b1/execute/async - {"script":"<script> [1562 bytes]","args":[{"selector":{"controlType":"sap.ui.core.Icon","viewName":"etm.portal.ui.manageclassifications.view.Create","viewId":"application-manageclassifications-display-component---classificationCreate","properties":{"src":{"regex":{"source":"slim\\-arrow\\-down"}}}},"wdio_ui5_key":"etmportal.ui.manageclassifications.view.Createsap.ui.core.Icon{\"src\":{\"regex\":{\"source\":\"slim\\\\-arrow\\\\-down\"}}}"}]}
RESULT: {"script":"<script> [1562 bytes]","args":[{"selector":{"controlType":"sap.ui.core.Icon","viewName":"etm.portal.ui.manageclassifications.view.Create","viewId":"application-manageclassifications-display-component---classificationCreate","properties":{"src":{"regex":{"source":"slim\\-arrow\\-down"}}}},"wdio_ui5_key":"etmportal.ui.manageclassifications.view.Createsap.ui.core.Icon{\"src\":{\"regex\":{\"source\":\"slim\\\\-arrow\\\\-down\"}}}"}]}
RESULT: undefined
COMMAND: POST /session/2fbb17261cc6fb074d1493bb698829b1/element - {"using":"xpath","value":"//*[@id=\"__box12-arrow\"]"}
RESULT: {"using":"xpath","value":"//*[@id=\"__box12-arrow\"]"}
COMMAND: POST /session/2fbb17261cc6fb074d1493bb698829b1/element/f.73F923247D4A980C1D654B50CBD09E00.d.0F7C1BBE4DE4B5D2811A3F0B7E491735.e.7136/click - {}
RESULT: {}
COMMAND: POST /session/2fbb17261cc6fb074d1493bb698829b1/execute/async - {"script":"<script> [1562 bytes]","args":[{"selector":{"controlType":"sap.m.StandardListItem","viewName":"etm.portal.ui.manageclassifications.view.Create","viewId":"application-manageclassifications-display-component---classificationCreate","properties":{"title":"Request Item Specifications"},"searchOpenDialogs":true,"interaction":{"idSuffix":"titleText"}},"wdio_ui5_key":"etmportal.ui.manageclassifications.view.Createsap.m.StandardListItem{\"title\":\"Request Item Specifications\"}"}]}
COMMAND: GET /session/2fbb17261cc6fb074d1493bb698829b1/screenshot - {}
RESULT: {"script":"<script> [1562 bytes]","args":[{"selector":{"controlType":"sap.m.StandardListItem","viewName":"etm.portal.ui.manageclassifications.view.Create","viewId":"application-manageclassifications-display-component---classificationCreate","properties":{"title":"Request Item Specifications"},"searchOpenDialogs":true,"interaction":{"idSuffix":"titleText"}},"wdio_ui5_key":"etmportal.ui.manageclassifications.view.Createsap.m.StandardListItem{\"title\":\"Request Item Specifications\"}"}]}
RESULT: undefined
COMMAND: POST /session/2fbb17261cc6fb074d1493bb698829b1/element - {"using":"xpath","value":"//*[@id=\"__item85\"]"}
RESULT: {}
RESULT: {"using":"xpath","value":"//*[@id=\"__item85\"]"}
COMMAND: POST /session/2fbb17261cc6fb074d1493bb698829b1/element/f.73F923247D4A980C1D654B50CBD09E00.d.0F7C1BBE4DE4B5D2811A3F0B7E491735.e.7176/click - {}
RESULT: {}
COMMAND: POST /session/2fbb17261cc6fb074d1493bb698829b1/execute/async - {"script":"<script> [1562 bytes]","args":[{"selector":{"controlType":"sap.ui.core.Icon","viewName":"etm.portal.ui.manageclassifications.view.Create","viewId":"application-manageclassifications-display-component---classificationCreate","properties":{"src":{"regex":{"source":"add"}}}},"wdio_ui5_key":"etmportal.ui.manageclassifications.view.Createsap.ui.core.Icon{\"src\":{\"regex\":{\"source\":\"add\"}}}"}]}
COMMAND: GET /session/2fbb17261cc6fb074d1493bb698829b1/screenshot - {}
RESULT: {"script":"<script> [1562 bytes]","args":[{"selector":{"controlType":"sap.ui.core.Icon","viewName":"etm.portal.ui.manageclassifications.view.Create","viewId":"application-manageclassifications-display-component---classificationCreate","properties":{"src":{"regex":{"source":"add"}}}},"wdio_ui5_key":"etmportal.ui.manageclassifications.view.Createsap.ui.core.Icon{\"src\":{\"regex\":{\"source\":\"add\"}}}"}]}
RESULT: undefined
COMMAND: POST /session/2fbb17261cc6fb074d1493bb698829b1/element - {"using":"xpath","value":"//*[@id=\"__button32-img\"]"}
RESULT: {}
RESULT: {"using":"xpath","value":"//*[@id=\"__button32-img\"]"}
COMMAND: POST /session/2fbb17261cc6fb074d1493bb698829b1/element/f.73F923247D4A980C1D654B50CBD09E00.d.0F7C1BBE4DE4B5D2811A3F0B7E491735.e.7139/click - {}
RESULT: {}
COMMAND: POST /session/2fbb17261cc6fb074d1493bb698829b1/execute/async - {"script":"<script> [1562 bytes]","args":[{"selector":{"controlType":"sap.m.Input","viewName":"etm.portal.ui.manageclassifications.view.Create","viewId":"application-manageclassifications-display-component---classificationCreate","bindingPath":{"path":"/0","propertyPath":"PROPERTY","modelName":"newConfigModel"},"interaction":{"idSuffix":"inner"}},"wdio_ui5_key":"etmportal.ui.manageclassifications.view.Createsap.m.Input{\"path\":\"/0\",\"propertyPath\":\"PROPERTY\",\"modelName\":\"newConfigModel\"}"}]}
COMMAND: GET /session/2fbb17261cc6fb074d1493bb698829b1/screenshot - {}
RESULT: {"script":"<script> [1562 bytes]","args":[{"selector":{"controlType":"sap.m.Input","viewName":"etm.portal.ui.manageclassifications.view.Create","viewId":"application-manageclassifications-display-component---classificationCreate","bindingPath":{"path":"/0","propertyPath":"PROPERTY","modelName":"newConfigModel"},"interaction":{"idSuffix":"inner"}},"wdio_ui5_key":"etmportal.ui.manageclassifications.view.Createsap.m.Input{\"path\":\"/0\",\"propertyPath\":\"PROPERTY\",\"modelName\":\"newConfigModel\"}"}]}
RESULT: undefined
COMMAND: POST /session/2fbb17261cc6fb074d1493bb698829b1/execute/async - {"script":"<script> [776 bytes]","args":[{"enterText":"Color","selector":{"controlType":"sap.m.Input","viewName":"etm.portal.ui.manageclassifications.view.Create","viewId":"application-manageclassifications-display-component---classificationCreate","bindingPath":{"path":"/0","propertyPath":"PROPERTY","modelName":"newConfigModel"},"interaction":{"idSuffix":"inner"}},"clearTextFirst":true,"interactionType":"ENTER_TEXT"}]}
RESULT: {}
RESULT: {"script":"<script> [776 bytes]","args":[{"enterText":"Color","selector":{"controlType":"sap.m.Input","viewName":"etm.portal.ui.manageclassifications.view.Create","viewId":"application-manageclassifications-display-component---classificationCreate","bindingPath":{"path":"/0","propertyPath":"PROPERTY","modelName":"newConfigModel"},"interaction":{"idSuffix":"inner"}},"clearTextFirst":true,"interactionType":"ENTER_TEXT"}]}
COMMAND: POST /session/2fbb17261cc6fb074d1493bb698829b1/execute/async - {"script":"<script> [1562 bytes]","args":[{"selector":{"controlType":"sap.m.Input","viewName":"etm.portal.ui.manageclassifications.view.Create","viewId":"application-manageclassifications-display-component---classificationCreate","bindingPath":{"path":"/0","propertyPath":"DESCRIPTION","modelName":"newConfigModel"},"interaction":{"idSuffix":"inner"}},"wdio_ui5_key":"etmportal.ui.manageclassifications.view.Createsap.m.Input{\"path\":\"/0\",\"propertyPath\":\"DESCRIPTION\",\"modelName\":\"newConfigModel\"}"}]}
RESULT: {"script":"<script> [1562 bytes]","args":[{"selector":{"controlType":"sap.m.Input","viewName":"etm.portal.ui.manageclassifications.view.Create","viewId":"application-manageclassifications-display-component---classificationCreate","bindingPath":{"path":"/0","propertyPath":"DESCRIPTION","modelName":"newConfigModel"},"interaction":{"idSuffix":"inner"}},"wdio_ui5_key":"etmportal.ui.manageclassifications.view.Createsap.m.Input{\"path\":\"/0\",\"propertyPath\":\"DESCRIPTION\",\"modelName\":\"newConfigModel\"}"}]}
RESULT: undefined
COMMAND: POST /session/2fbb17261cc6fb074d1493bb698829b1/execute/async - {"script":"<script> [776 bytes]","args":[{"enterText":"Color","selector":{"controlType":"sap.m.Input","viewName":"etm.portal.ui.manageclassifications.view.Create","viewId":"application-manageclassifications-display-component---classificationCreate","bindingPath":{"path":"/0","propertyPath":"DESCRIPTION","modelName":"newConfigModel"},"interaction":{"idSuffix":"inner"}},"clearTextFirst":true,"interactionType":"ENTER_TEXT"}]}
RESULT: {"script":"<script> [776 bytes]","args":[{"enterText":"Color","selector":{"controlType":"sap.m.Input","viewName":"etm.portal.ui.manageclassifications.view.Create","viewId":"application-manageclassifications-display-component---classificationCreate","bindingPath":{"path":"/0","propertyPath":"DESCRIPTION","modelName":"newConfigModel"},"interaction":{"idSuffix":"inner"}},"clearTextFirst":true,"interactionType":"ENTER_TEXT"}]}
COMMAND: POST /session/2fbb17261cc6fb074d1493bb698829b1/execute/async - {"script":"<script> [1562 bytes]","args":[{"selector":{"controlType":"sap.ui.core.Icon","viewName":"etm.portal.ui.manageclassifications.view.Create","viewId":"application-manageclassifications-display-component---classificationCreate","properties":{"src":{"regex":{"source":"slim\\-arrow\\-down"}}},"ancestor":{"controlType":"sap.m.ComboBox","viewName":"etm.portal.ui.manageclassifications.view.Create","viewId":"application-manageclassifications-display-component---classificationCreate","bindingPath":{"path":"/0","propertyPath":"VALUE_TYPE","modelName":"newConfigModel"}}},"wdio_ui5_key":"etmportal.ui.manageclassifications.view.Createsap.ui.core.Icon{\"src\":{\"regex\":{\"source\":\"slim\\\\-arrow\\\\-down\"}}}{\"controlType\":\"sap.m.ComboBox\",\"viewName\":\"etm.portal.ui.manageclassifications.view.Create\",\"viewId\":\"application-manageclassifications-display-component---classificationCreate\",\"bindingPath\":{\"path\":\"/0\",\"propertyPath\":\"VALUE_TYPE\",\"modelName\":\"newConfigModel\"}}"}]}
RESULT: {"script":"<script> [1562 bytes]","args":[{"selector":{"controlType":"sap.ui.core.Icon","viewName":"etm.portal.ui.manageclassifications.view.Create","viewId":"application-manageclassifications-display-component---classificationCreate","properties":{"src":{"regex":{"source":"slim\\-arrow\\-down"}}},"ancestor":{"controlType":"sap.m.ComboBox","viewName":"etm.portal.ui.manageclassifications.view.Create","viewId":"application-manageclassifications-display-component---classificationCreate","bindingPath":{"path":"/0","propertyPath":"VALUE_TYPE","modelName":"newConfigModel"}}},"wdio_ui5_key":"etmportal.ui.manageclassifications.view.Createsap.ui.core.Icon{\"src\":{\"regex\":{\"source\":\"slim\\\\-arrow\\\\-down\"}}}{\"controlType\":\"sap.m.ComboBox\",\"viewName\":\"etm.portal.ui.manageclassifications.view.Create\",\"viewId\":\"application-manageclassifications-display-component---classificationCreate\",\"bindingPath\":{\"path\":\"/0\",\"propertyPath\":\"VALUE_TYPE\",\"modelName\":\"newConfigModel\"}}"}]}
RESULT: undefined
COMMAND: POST /session/2fbb17261cc6fb074d1493bb698829b1/element - {"using":"xpath","value":"//*[@id=\"__box13-application-manageclassifications-display-component---classificationCreate--configurationList-0-arrow\"]"}
RESULT: {"using":"xpath","value":"//*[@id=\"__box13-application-manageclassifications-display-component---classificationCreate--configurationList-0-arrow\"]"}
COMMAND: POST /session/2fbb17261cc6fb074d1493bb698829b1/element/f.73F923247D4A980C1D654B50CBD09E00.d.0F7C1BBE4DE4B5D2811A3F0B7E491735.e.7185/click - {}
RESULT: {}
COMMAND: POST /session/2fbb17261cc6fb074d1493bb698829b1/execute/async - {"script":"<script> [1562 bytes]","args":[{"selector":{"controlType":"sap.m.StandardListItem","viewName":"etm.portal.ui.manageclassifications.view.Create","viewId":"application-manageclassifications-display-component---classificationCreate","properties":{"title":"Dropdown"},"searchOpenDialogs":true,"interaction":{"idSuffix":"titleText"}},"wdio_ui5_key":"etmportal.ui.manageclassifications.view.Createsap.m.StandardListItem{\"title\":\"Dropdown\"}"}]}
COMMAND: GET /session/2fbb17261cc6fb074d1493bb698829b1/screenshot - {}
RESULT: {"script":"<script> [1562 bytes]","args":[{"selector":{"controlType":"sap.m.StandardListItem","viewName":"etm.portal.ui.manageclassifications.view.Create","viewId":"application-manageclassifications-display-component---classificationCreate","properties":{"title":"Dropdown"},"searchOpenDialogs":true,"interaction":{"idSuffix":"titleText"}},"wdio_ui5_key":"etmportal.ui.manageclassifications.view.Createsap.m.StandardListItem{\"title\":\"Dropdown\"}"}]}
RESULT: undefined
COMMAND: POST /session/2fbb17261cc6fb074d1493bb698829b1/element - {"using":"xpath","value":"//*[@id=\"__item93\"]"}
RESULT: {}
RESULT: {"using":"xpath","value":"//*[@id=\"__item93\"]"}
COMMAND: POST /session/2fbb17261cc6fb074d1493bb698829b1/element/f.73F923247D4A980C1D654B50CBD09E00.d.0F7C1BBE4DE4B5D2811A3F0B7E491735.e.7187/click - {}
RESULT: {}
COMMAND: POST /session/2fbb17261cc6fb074d1493bb698829b1/execute/async - {"script":"<script> [1562 bytes]","args":[{"selector":{"controlType":"sap.ui.core.Icon","viewName":"etm.portal.ui.manageclassifications.view.Create","viewId":"application-manageclassifications-display-component---classificationCreate","properties":{"src":{"regex":{"source":"crm\\-service\\-manager"}}}},"wdio_ui5_key":"etmportal.ui.manageclassifications.view.Createsap.ui.core.Icon{\"src\":{\"regex\":{\"source\":\"crm\\\\-service\\\\-manager\"}}}"}]}
COMMAND: GET /session/2fbb17261cc6fb074d1493bb698829b1/screenshot - {}
RESULT: {"script":"<script> [1562 bytes]","args":[{"selector":{"controlType":"sap.ui.core.Icon","viewName":"etm.portal.ui.manageclassifications.view.Create","viewId":"application-manageclassifications-display-component---classificationCreate","properties":{"src":{"regex":{"source":"crm\\-service\\-manager"}}}},"wdio_ui5_key":"etmportal.ui.manageclassifications.view.Createsap.ui.core.Icon{\"src\":{\"regex\":{\"source\":\"crm\\\\-service\\\\-manager\"}}}"}]}
RESULT: undefined
COMMAND: POST /session/2fbb17261cc6fb074d1493bb698829b1/element - {"using":"xpath","value":"//*[@id=\"__button34-application-manageclassifications-display-component---classificationCreate--configurationList-0-img\"]"}
RESULT: {}
RESULT: {"using":"xpath","value":"//*[@id=\"__button34-application-manageclassifications-display-component---classificationCreate--configurationList-0-img\"]"}
COMMAND: POST /session/2fbb17261cc6fb074d1493bb698829b1/element/f.73F923247D4A980C1D654B50CBD09E00.d.0F7C1BBE4DE4B5D2811A3F0B7E491735.e.7189/click - {}
RESULT: {}
COMMAND: POST /session/2fbb17261cc6fb074d1493bb698829b1/element - {"using":"xpath","value":"//button[@title=\"Add additional value\"]"}
COMMAND: GET /session/2fbb17261cc6fb074d1493bb698829b1/screenshot - {}
RESULT: {"using":"xpath","value":"//button[@title=\"Add additional value\"]"}
COMMAND: POST /session/2fbb17261cc6fb074d1493bb698829b1/element/f.73F923247D4A980C1D654B50CBD09E00.d.0F7C1BBE4DE4B5D2811A3F0B7E491735.e.7190/click - {}
RESULT: {}
RESULT: {}
COMMAND: POST /session/2fbb17261cc6fb074d1493bb698829b1/execute/async - {"script":"<script> [1562 bytes]","args":[{"selector":{"controlType":"sap.m.Input","viewName":"etm.portal.ui.manageclassifications.view.Create","viewId":"application-manageclassifications-display-component---classificationCreate","bindingPath":{"path":"/VALUES/0","propertyPath":"VALUE","modelName":"dropdownValuesModel"},"searchOpenDialogs":true,"interaction":{"idSuffix":"inner"}},"wdio_ui5_key":"etmportal.ui.manageclassifications.view.Createsap.m.Input{\"path\":\"/VALUES/0\",\"propertyPath\":\"VALUE\",\"modelName\":\"dropdownValuesModel\"}"}]}
COMMAND: GET /session/2fbb17261cc6fb074d1493bb698829b1/screenshot - {}
RESULT: {"script":"<script> [1562 bytes]","args":[{"selector":{"controlType":"sap.m.Input","viewName":"etm.portal.ui.manageclassifications.view.Create","viewId":"application-manageclassifications-display-component---classificationCreate","bindingPath":{"path":"/VALUES/0","propertyPath":"VALUE","modelName":"dropdownValuesModel"},"searchOpenDialogs":true,"interaction":{"idSuffix":"inner"}},"wdio_ui5_key":"etmportal.ui.manageclassifications.view.Createsap.m.Input{\"path\":\"/VALUES/0\",\"propertyPath\":\"VALUE\",\"modelName\":\"dropdownValuesModel\"}"}]}
RESULT: undefined
COMMAND: POST /session/2fbb17261cc6fb074d1493bb698829b1/execute/async - {"script":"<script> [776 bytes]","args":[{"enterText":"1","selector":{"controlType":"sap.m.Input","viewName":"etm.portal.ui.manageclassifications.view.Create","viewId":"application-manageclassifications-display-component---classificationCreate","bindingPath":{"path":"/VALUES/0","propertyPath":"VALUE","modelName":"dropdownValuesModel"},"searchOpenDialogs":true,"interaction":{"idSuffix":"inner"}},"clearTextFirst":true,"interactionType":"ENTER_TEXT"}]}
RESULT: {}
RESULT: {"script":"<script> [776 bytes]","args":[{"enterText":"1","selector":{"controlType":"sap.m.Input","viewName":"etm.portal.ui.manageclassifications.view.Create","viewId":"application-manageclassifications-display-component---classificationCreate","bindingPath":{"path":"/VALUES/0","propertyPath":"VALUE","modelName":"dropdownValuesModel"},"searchOpenDialogs":true,"interaction":{"idSuffix":"inner"}},"clearTextFirst":true,"interactionType":"ENTER_TEXT"}]}
COMMAND: POST /session/2fbb17261cc6fb074d1493bb698829b1/execute/async - {"script":"<script> [1562 bytes]","args":[{"selector":{"controlType":"sap.m.Input","viewName":"etm.portal.ui.manageclassifications.view.Create","viewId":"application-manageclassifications-display-component---classificationCreate","bindingPath":{"path":"/VALUES/0","propertyPath":"TEXT","modelName":"dropdownValuesModel"},"searchOpenDialogs":true,"interaction":{"idSuffix":"inner"}},"wdio_ui5_key":"etmportal.ui.manageclassifications.view.Createsap.m.Input{\"path\":\"/VALUES/0\",\"propertyPath\":\"TEXT\",\"modelName\":\"dropdownValuesModel\"}"}]}
RESULT: {"script":"<script> [1562 bytes]","args":[{"selector":{"controlType":"sap.m.Input","viewName":"etm.portal.ui.manageclassifications.view.Create","viewId":"application-manageclassifications-display-component---classificationCreate","bindingPath":{"path":"/VALUES/0","propertyPath":"TEXT","modelName":"dropdownValuesModel"},"searchOpenDialogs":true,"interaction":{"idSuffix":"inner"}},"wdio_ui5_key":"etmportal.ui.manageclassifications.view.Createsap.m.Input{\"path\":\"/VALUES/0\",\"propertyPath\":\"TEXT\",\"modelName\":\"dropdownValuesModel\"}"}]}
RESULT: undefined
COMMAND: POST /session/2fbb17261cc6fb074d1493bb698829b1/execute/async - {"script":"<script> [776 bytes]","args":[{"enterText":"blue","selector":{"controlType":"sap.m.Input","viewName":"etm.portal.ui.manageclassifications.view.Create","viewId":"application-manageclassifications-display-component---classificationCreate","bindingPath":{"path":"/VALUES/0","propertyPath":"TEXT","modelName":"dropdownValuesModel"},"searchOpenDialogs":true,"interaction":{"idSuffix":"inner"}},"clearTextFirst":true,"interactionType":"ENTER_TEXT"}]}
RESULT: {"script":"<script> [776 bytes]","args":[{"enterText":"blue","selector":{"controlType":"sap.m.Input","viewName":"etm.portal.ui.manageclassifications.view.Create","viewId":"application-manageclassifications-display-component---classificationCreate","bindingPath":{"path":"/VALUES/0","propertyPath":"TEXT","modelName":"dropdownValuesModel"},"searchOpenDialogs":true,"interaction":{"idSuffix":"inner"}},"clearTextFirst":true,"interactionType":"ENTER_TEXT"}]}
COMMAND: POST /session/2fbb17261cc6fb074d1493bb698829b1/element - {"using":"xpath","value":"//button[@title=\"Add additional value\"]"}
RESULT: {"using":"xpath","value":"//button[@title=\"Add additional value\"]"}
COMMAND: POST /session/2fbb17261cc6fb074d1493bb698829b1/element/f.73F923247D4A980C1D654B50CBD09E00.d.0F7C1BBE4DE4B5D2811A3F0B7E491735.e.7190/click - {}
RESULT: {}
COMMAND: POST /session/2fbb17261cc6fb074d1493bb698829b1/execute/async - {"script":"<script> [1562 bytes]","args":[{"selector":{"controlType":"sap.m.Input","viewName":"etm.portal.ui.manageclassifications.view.Create","viewId":"application-manageclassifications-display-component---classificationCreate","bindingPath":{"path":"/VALUES/1","propertyPath":"VALUE","modelName":"dropdownValuesModel"},"searchOpenDialogs":true,"interaction":{"idSuffix":"inner"}},"wdio_ui5_key":"etmportal.ui.manageclassifications.view.Createsap.m.Input{\"path\":\"/VALUES/1\",\"propertyPath\":\"VALUE\",\"modelName\":\"dropdownValuesModel\"}"}]}
COMMAND: GET /session/2fbb17261cc6fb074d1493bb698829b1/screenshot - {}
RESULT: {"script":"<script> [1562 bytes]","args":[{"selector":{"controlType":"sap.m.Input","viewName":"etm.portal.ui.manageclassifications.view.Create","viewId":"application-manageclassifications-display-component---classificationCreate","bindingPath":{"path":"/VALUES/1","propertyPath":"VALUE","modelName":"dropdownValuesModel"},"searchOpenDialogs":true,"interaction":{"idSuffix":"inner"}},"wdio_ui5_key":"etmportal.ui.manageclassifications.view.Createsap.m.Input{\"path\":\"/VALUES/1\",\"propertyPath\":\"VALUE\",\"modelName\":\"dropdownValuesModel\"}"}]}
RESULT: undefined
COMMAND: POST /session/2fbb17261cc6fb074d1493bb698829b1/execute/async - {"script":"<script> [776 bytes]","args":[{"enterText":"2","selector":{"controlType":"sap.m.Input","viewName":"etm.portal.ui.manageclassifications.view.Create","viewId":"application-manageclassifications-display-component---classificationCreate","bindingPath":{"path":"/VALUES/1","propertyPath":"VALUE","modelName":"dropdownValuesModel"},"searchOpenDialogs":true,"interaction":{"idSuffix":"inner"}},"clearTextFirst":true,"interactionType":"ENTER_TEXT"}]}
RESULT: {}
RESULT: {"script":"<script> [776 bytes]","args":[{"enterText":"2","selector":{"controlType":"sap.m.Input","viewName":"etm.portal.ui.manageclassifications.view.Create","viewId":"application-manageclassifications-display-component---classificationCreate","bindingPath":{"path":"/VALUES/1","propertyPath":"VALUE","modelName":"dropdownValuesModel"},"searchOpenDialogs":true,"interaction":{"idSuffix":"inner"}},"clearTextFirst":true,"interactionType":"ENTER_TEXT"}]}
COMMAND: POST /session/2fbb17261cc6fb074d1493bb698829b1/execute/async - {"script":"<script> [1562 bytes]","args":[{"selector":{"controlType":"sap.m.Input","viewName":"etm.portal.ui.manageclassifications.view.Create","viewId":"application-manageclassifications-display-component---classificationCreate","bindingPath":{"path":"/VALUES/1","propertyPath":"TEXT","modelName":"dropdownValuesModel"},"searchOpenDialogs":true,"interaction":{"idSuffix":"inner"}},"wdio_ui5_key":"etmportal.ui.manageclassifications.view.Createsap.m.Input{\"path\":\"/VALUES/1\",\"propertyPath\":\"TEXT\",\"modelName\":\"dropdownValuesModel\"}"}]}
RESULT: {"script":"<script> [1562 bytes]","args":[{"selector":{"controlType":"sap.m.Input","viewName":"etm.portal.ui.manageclassifications.view.Create","viewId":"application-manageclassifications-display-component---classificationCreate","bindingPath":{"path":"/VALUES/1","propertyPath":"TEXT","modelName":"dropdownValuesModel"},"searchOpenDialogs":true,"interaction":{"idSuffix":"inner"}},"wdio_ui5_key":"etmportal.ui.manageclassifications.view.Createsap.m.Input{\"path\":\"/VALUES/1\",\"propertyPath\":\"TEXT\",\"modelName\":\"dropdownValuesModel\"}"}]}
RESULT: undefined
COMMAND: POST /session/2fbb17261cc6fb074d1493bb698829b1/execute/async - {"script":"<script> [776 bytes]","args":[{"enterText":"red","selector":{"controlType":"sap.m.Input","viewName":"etm.portal.ui.manageclassifications.view.Create","viewId":"application-manageclassifications-display-component---classificationCreate","bindingPath":{"path":"/VALUES/1","propertyPath":"TEXT","modelName":"dropdownValuesModel"},"searchOpenDialogs":true,"interaction":{"idSuffix":"inner"}},"clearTextFirst":true,"interactionType":"ENTER_TEXT"}]}
RESULT: {"script":"<script> [776 bytes]","args":[{"enterText":"red","selector":{"controlType":"sap.m.Input","viewName":"etm.portal.ui.manageclassifications.view.Create","viewId":"application-manageclassifications-display-component---classificationCreate","bindingPath":{"path":"/VALUES/1","propertyPath":"TEXT","modelName":"dropdownValuesModel"},"searchOpenDialogs":true,"interaction":{"idSuffix":"inner"}},"clearTextFirst":true,"interactionType":"ENTER_TEXT"}]}
COMMAND: POST /session/2fbb17261cc6fb074d1493bb698829b1/execute/async - {"script":"<script> [1562 bytes]","args":[{"selector":{"controlType":"sap.m.Button","viewName":"etm.portal.ui.manageclassifications.view.Create","viewId":"application-manageclassifications-display-component---classificationCreate","i18NText":{"propertyName":"text","key":"save"},"searchOpenDialogs":true,"interaction":{"idSuffix":"BDI-content"}},"wdio_ui5_key":"etmportal.ui.manageclassifications.view.Createsap.m.Button{\"propertyName\":\"text\",\"key\":\"save\"}"}]}
RESULT: {"script":"<script> [1562 bytes]","args":[{"selector":{"controlType":"sap.m.Button","viewName":"etm.portal.ui.manageclassifications.view.Create","viewId":"application-manageclassifications-display-component---classificationCreate","i18NText":{"propertyName":"text","key":"save"},"searchOpenDialogs":true,"interaction":{"idSuffix":"BDI-content"}},"wdio_ui5_key":"etmportal.ui.manageclassifications.view.Createsap.m.Button{\"propertyName\":\"text\",\"key\":\"save\"}"}]}
RESULT: undefined
COMMAND: POST /session/2fbb17261cc6fb074d1493bb698829b1/element - {"using":"xpath","value":"//*[@id=\"__button44\"]"}
RESULT: {"using":"xpath","value":"//*[@id=\"__button44\"]"}
COMMAND: POST /session/2fbb17261cc6fb074d1493bb698829b1/element/f.73F923247D4A980C1D654B50CBD09E00.d.0F7C1BBE4DE4B5D2811A3F0B7E491735.e.7210/click - {}
RESULT: {}
COMMAND: GET /session/2fbb17261cc6fb074d1493bb698829b1/screenshot - {}
RESULT: {}
COMMAND: POST /session/2fbb17261cc6fb074d1493bb698829b1/element - {"using":"xpath","value":"//button[@title=\"Save\"]"}
RESULT: {"using":"xpath","value":"//button[@title=\"Save\"]"}
COMMAND: POST /session/2fbb17261cc6fb074d1493bb698829b1/element/f.73F923247D4A980C1D654B50CBD09E00.d.0F7C1BBE4DE4B5D2811A3F0B7E491735.e.7147/click - {}
RESULT: {}
COMMAND: GET /session/2fbb17261cc6fb074d1493bb698829b1/screenshot - {}
RESULT: {}
COMMAND: POST /session/2fbb17261cc6fb074d1493bb698829b1/execute/async - {"script":"<script> [1562 bytes]","args":[{"selector":{"id":"application-manageclassifications-display-component---classificationMaster--smartFilterBar-btnBasicSearch","interaction":{"idSuffix":"I"}},"wdio_ui5_key":"applicationmanageclassifications-display-component---classificationMaster--smartFilterBar-btnBasicSearch"}]}
RESULT: {"script":"<script> [1562 bytes]","args":[{"selector":{"id":"application-manageclassifications-display-component---classificationMaster--smartFilterBar-btnBasicSearch","interaction":{"idSuffix":"I"}},"wdio_ui5_key":"applicationmanageclassifications-display-component---classificationMaster--smartFilterBar-btnBasicSearch"}]}
RESULT: undefined
COMMAND: POST /session/2fbb17261cc6fb074d1493bb698829b1/execute/async - {"script":"<script> [776 bytes]","args":[{"enterText":"WebdriverItemClassd5eji","selector":{"id":"application-manageclassifications-display-component---classificationMaster--smartFilterBar-btnBasicSearch","interaction":{"idSuffix":"I"}},"clearTextFirst":true,"interactionType":"ENTER_TEXT"}]}
RESULT: {"script":"<script> [776 bytes]","args":[{"enterText":"WebdriverItemClassd5eji","selector":{"id":"application-manageclassifications-display-component---classificationMaster--smartFilterBar-btnBasicSearch","interaction":{"idSuffix":"I"}},"clearTextFirst":true,"interactionType":"ENTER_TEXT"}]}
COMMAND: POST /session/2fbb17261cc6fb074d1493bb698829b1/actions - {"actions":[{"id":"action47","type":"key","parameters":{},"actions":[{"type":"keyDown","value":""},{"type":"pause","duration":10},{"type":"keyUp","value":""}]}]}
RESULT: {"actions":[{"id":"action47","type":"key","parameters":{},"actions":[{"type":"keyDown","value":""},{"type":"pause","duration":10},{"type":"keyUp","value":""}]}]}
COMMAND: POST /session/2fbb17261cc6fb074d1493bb698829b1/execute/async - {"script":"<script> [1562 bytes]","args":[{"selector":{"id":"application-manageclassifications-display-component---classificationMaster--smartTable-header"},"wdio_ui5_key":"applicationmanageclassifications-display-component---classificationMaster--smartTable-header"}]}
COMMAND: GET /session/2fbb17261cc6fb074d1493bb698829b1/screenshot - {}
RESULT: {"script":"<script> [1562 bytes]","args":[{"selector":{"id":"application-manageclassifications-display-component---classificationMaster--smartTable-header"},"wdio_ui5_key":"applicationmanageclassifications-display-component---classificationMaster--smartTable-header"}]}
RESULT: undefined
COMMAND: POST /session/2fbb17261cc6fb074d1493bb698829b1/execute/async - {"script":"<script> [6424 bytes]","args":[{"element-6066-11e4-a52e-4f735466cecf":"f.73F923247D4A980C1D654B50CBD09E00.d.0F7C1BBE4DE4B5D2811A3F0B7E491735.e.7377"},"getText",[]]}
RESULT: {}
RESULT: {"script":"<script> [6424 bytes]","args":[{"element-6066-11e4-a52e-4f735466cecf":"f.73F923247D4A980C1D654B50CBD09E00.d.0F7C1BBE4DE4B5D2811A3F0B7E491735.e.7377"},"getText",[]]}
COMMAND: POST /session/2fbb17261cc6fb074d1493bb698829b1/element - {"using":"css selector","value":"#shell-header-logo"}
RESULT: {"using":"css selector","value":"#shell-header-logo"}
COMMAND: POST /session/2fbb17261cc6fb074d1493bb698829b1/element/f.73F923247D4A980C1D654B50CBD09E00.d.0F7C1BBE4DE4B5D2811A3F0B7E491735.e.6814/click - {}
RESULT: {}
COMMAND: GET /session/2fbb17261cc6fb074d1493bb698829b1/screenshot - {}
RESULT: {}
]]></system-out>
    </testcase>
    <testcase classname="chrome.136_0_7103_93.windows.Manage_requests_-_requests_specifications_US141095" name="Should create a new section and a catalog item" time="140.116">
      <system-out><![CDATA[
COMMAND: POST /session/2fbb17261cc6fb074d1493bb698829b1/execute/async - {"script":"<script> [1562 bytes]","args":[{"selector":{"controlType":"sap.m.GenericTile","properties":{"header":"Manage Catalogs"}},"wdio_ui5_key":"sapm.GenericTile{\"header\":\"Manage Catalogs\"}"}]}
RESULT: {"script":"<script> [1562 bytes]","args":[{"selector":{"controlType":"sap.m.GenericTile","properties":{"header":"Manage Catalogs"}},"wdio_ui5_key":"sapm.GenericTile{\"header\":\"Manage Catalogs\"}"}]}
RESULT: undefined
COMMAND: POST /session/2fbb17261cc6fb074d1493bb698829b1/element - {"using":"xpath","value":"//*[@id=\"__tile37\"]"}
RESULT: {"using":"xpath","value":"//*[@id=\"__tile37\"]"}
COMMAND: POST /session/2fbb17261cc6fb074d1493bb698829b1/element/f.73F923247D4A980C1D654B50CBD09E00.d.0F7C1BBE4DE4B5D2811A3F0B7E491735.e.7382/click - {}
RESULT: {}
COMMAND: GET /session/2fbb17261cc6fb074d1493bb698829b1/screenshot - {}
RESULT: {}
COMMAND: POST /session/2fbb17261cc6fb074d1493bb698829b1/elements - {"using":"xpath","value":"//span[text()='Error']"}
RESULT: {"using":"xpath","value":"//span[text()='Error']"}
COMMAND: POST /session/2fbb17261cc6fb074d1493bb698829b1/execute/async - {"script":"<script> [1562 bytes]","args":[{"selector":{"controlType":"sap.m.Text","viewName":"etm.portal.ui.managecatalogs.view.MasterCatalogs","viewId":"application-managecatalogs-display-component---masterCatalogs","bindingPath":{"path":"/Catalogs('0D7502D073D53A0F1700BE067B89AFF9')","propertyPath":"DESCRIPTION","modelName":"catalogModel"}},"wdio_ui5_key":"etmportal.ui.managecatalogs.view.MasterCatalogssap.m.Text{\"path\":\"/Catalogs('0D7502D073D53A0F1700BE067B89AFF9')\",\"propertyPath\":\"DESCRIPTION\",\"modelName\":\"catalogModel\"}"}]}
RESULT: {"script":"<script> [1562 bytes]","args":[{"selector":{"controlType":"sap.m.Text","viewName":"etm.portal.ui.managecatalogs.view.MasterCatalogs","viewId":"application-managecatalogs-display-component---masterCatalogs","bindingPath":{"path":"/Catalogs('0D7502D073D53A0F1700BE067B89AFF9')","propertyPath":"DESCRIPTION","modelName":"catalogModel"}},"wdio_ui5_key":"etmportal.ui.managecatalogs.view.MasterCatalogssap.m.Text{\"path\":\"/Catalogs('0D7502D073D53A0F1700BE067B89AFF9')\",\"propertyPath\":\"DESCRIPTION\",\"modelName\":\"catalogModel\"}"}]}
RESULT: undefined
COMMAND: POST /session/2fbb17261cc6fb074d1493bb698829b1/element - {"using":"xpath","value":"//*[@id=\"__text434-application-managecatalogs-display-component---masterCatalogs--CatalogsTable-11\"]"}
RESULT: {"using":"xpath","value":"//*[@id=\"__text434-application-managecatalogs-display-component---masterCatalogs--CatalogsTable-11\"]"}
COMMAND: POST /session/2fbb17261cc6fb074d1493bb698829b1/element/f.73F923247D4A980C1D654B50CBD09E00.d.0F7C1BBE4DE4B5D2811A3F0B7E491735.e.7453/click - {}
RESULT: {}
COMMAND: POST /session/2fbb17261cc6fb074d1493bb698829b1/execute/async - {"script":"<script> [1562 bytes]","args":[{"selector":{"controlType":"sap.ui.layout.HorizontalLayout","viewName":"etm.portal.ui.managecatalogs.view.MasterItems","viewId":"application-managecatalogs-display-component---masterCatalogItems","ancestor":{"id":"application-managecatalogs-display-component---masterCatalogItems--idCatalogItemsTree-rows-row0"}},"wdio_ui5_key":"etmportal.ui.managecatalogs.view.MasterItemssap.ui.layout.HorizontalLayout{\"id\":\"application-managecatalogs-display-component---masterCatalogItems--idCatalogItemsTree-rows-row0\"}"}]}
COMMAND: GET /session/2fbb17261cc6fb074d1493bb698829b1/screenshot - {}
RESULT: {"script":"<script> [1562 bytes]","args":[{"selector":{"controlType":"sap.ui.layout.HorizontalLayout","viewName":"etm.portal.ui.managecatalogs.view.MasterItems","viewId":"application-managecatalogs-display-component---masterCatalogItems","ancestor":{"id":"application-managecatalogs-display-component---masterCatalogItems--idCatalogItemsTree-rows-row0"}},"wdio_ui5_key":"etmportal.ui.managecatalogs.view.MasterItemssap.ui.layout.HorizontalLayout{\"id\":\"application-managecatalogs-display-component---masterCatalogItems--idCatalogItemsTree-rows-row0\"}"}]}
RESULT: undefined
COMMAND: POST /session/2fbb17261cc6fb074d1493bb698829b1/element - {"using":"xpath","value":"//*[@id=\"__layout40-__clone392\"]"}
RESULT: {}
RESULT: {"using":"xpath","value":"//*[@id=\"__layout40-__clone392\"]"}
COMMAND: POST /session/2fbb17261cc6fb074d1493bb698829b1/element/f.73F923247D4A980C1D654B50CBD09E00.d.0F7C1BBE4DE4B5D2811A3F0B7E491735.e.7464/click - {}
RESULT: {}
COMMAND: GET /session/2fbb17261cc6fb074d1493bb698829b1/screenshot - {}
COMMAND: POST /session/2fbb17261cc6fb074d1493bb698829b1/execute/async - {"script":"<script> [1562 bytes]","args":[{"selector":{"controlType":"sap.m.Button","viewName":"etm.portal.ui.managecatalogs.view.Detail","viewId":"application-managecatalogs-display-component---detailCatalog","i18NText":{"propertyName":"text","key":"edit"},"interaction":{"idSuffix":"BDI-content"}},"wdio_ui5_key":"etmportal.ui.managecatalogs.view.Detailsap.m.Button{\"propertyName\":\"text\",\"key\":\"edit\"}"}]}
RESULT: {}
RESULT: {"script":"<script> [1562 bytes]","args":[{"selector":{"controlType":"sap.m.Button","viewName":"etm.portal.ui.managecatalogs.view.Detail","viewId":"application-managecatalogs-display-component---detailCatalog","i18NText":{"propertyName":"text","key":"edit"},"interaction":{"idSuffix":"BDI-content"}},"wdio_ui5_key":"etmportal.ui.managecatalogs.view.Detailsap.m.Button{\"propertyName\":\"text\",\"key\":\"edit\"}"}]}
RESULT: undefined
COMMAND: POST /session/2fbb17261cc6fb074d1493bb698829b1/element - {"using":"xpath","value":"//*[@id=\"__button88\"]"}
RESULT: {"using":"xpath","value":"//*[@id=\"__button88\"]"}
COMMAND: POST /session/2fbb17261cc6fb074d1493bb698829b1/element/f.73F923247D4A980C1D654B50CBD09E00.d.0F7C1BBE4DE4B5D2811A3F0B7E491735.e.7573/click - {}
RESULT: {}
COMMAND: GET /session/2fbb17261cc6fb074d1493bb698829b1/screenshot - {}
RESULT: {}
COMMAND: POST /session/2fbb17261cc6fb074d1493bb698829b1/element - {"using":"xpath","value":"//bdi[contains(text(), \"Unlock\")]"}
RESULT: {"using":"xpath","value":"//bdi[contains(text(), \"Unlock\")]"}
COMMAND: POST /session/2fbb17261cc6fb074d1493bb698829b1/elements - {"using":"xpath","value":"//bdi[contains(text(), \"Unlock\")]"}
RESULT: {"using":"xpath","value":"//bdi[contains(text(), \"Unlock\")]"}
COMMAND: POST /session/2fbb17261cc6fb074d1493bb698829b1/execute/async - {"script":"<script> [1562 bytes]","args":[{"selector":{"controlType":"sap.ui.core.Icon","viewName":"etm.portal.ui.managecatalogs.view.Detail","viewId":"application-managecatalogs-display-component---detailCatalog","properties":{"src":{"regex":{"source":"add\\-folder"}}}},"wdio_ui5_key":"etmportal.ui.managecatalogs.view.Detailsap.ui.core.Icon{\"src\":{\"regex\":{\"source\":\"add\\\\-folder\"}}}"}]}
RESULT: {"script":"<script> [1562 bytes]","args":[{"selector":{"controlType":"sap.ui.core.Icon","viewName":"etm.portal.ui.managecatalogs.view.Detail","viewId":"application-managecatalogs-display-component---detailCatalog","properties":{"src":{"regex":{"source":"add\\-folder"}}}},"wdio_ui5_key":"etmportal.ui.managecatalogs.view.Detailsap.ui.core.Icon{\"src\":{\"regex\":{\"source\":\"add\\\\-folder\"}}}"}]}
RESULT: undefined
COMMAND: POST /session/2fbb17261cc6fb074d1493bb698829b1/element - {"using":"xpath","value":"//*[@id=\"__button96-img\"]"}
RESULT: {"using":"xpath","value":"//*[@id=\"__button96-img\"]"}
COMMAND: POST /session/2fbb17261cc6fb074d1493bb698829b1/element/f.73F923247D4A980C1D654B50CBD09E00.d.0F7C1BBE4DE4B5D2811A3F0B7E491735.e.7583/click - {}
RESULT: {}
COMMAND: GET /session/2fbb17261cc6fb074d1493bb698829b1/screenshot - {}
RESULT: {}
COMMAND: POST /session/2fbb17261cc6fb074d1493bb698829b1/execute/async - {"script":"<script> [1562 bytes]","args":[{"selector":{"id":"application-managecatalogs-display-component---detailCatalog--numberInput","searchOpenDialogs":true,"interaction":{"idSuffix":"inner"}},"wdio_ui5_key":"applicationmanagecatalogs-display-component---detailCatalog--numberInput"}]}
RESULT: {"script":"<script> [1562 bytes]","args":[{"selector":{"id":"application-managecatalogs-display-component---detailCatalog--numberInput","searchOpenDialogs":true,"interaction":{"idSuffix":"inner"}},"wdio_ui5_key":"applicationmanagecatalogs-display-component---detailCatalog--numberInput"}]}
RESULT: undefined
COMMAND: POST /session/2fbb17261cc6fb074d1493bb698829b1/execute/async - {"script":"<script> [776 bytes]","args":[{"enterText":"Sectionjaaw","selector":{"id":"application-managecatalogs-display-component---detailCatalog--numberInput","searchOpenDialogs":true,"interaction":{"idSuffix":"inner"}},"clearTextFirst":true,"interactionType":"ENTER_TEXT"}]}
RESULT: {"script":"<script> [776 bytes]","args":[{"enterText":"Sectionjaaw","selector":{"id":"application-managecatalogs-display-component---detailCatalog--numberInput","searchOpenDialogs":true,"interaction":{"idSuffix":"inner"}},"clearTextFirst":true,"interactionType":"ENTER_TEXT"}]}
COMMAND: POST /session/2fbb17261cc6fb074d1493bb698829b1/element - {"using":"css selector","value":"#application-managecatalogs-display-component---detailCatalog--nameInput-inner"}
RESULT: {"using":"css selector","value":"#application-managecatalogs-display-component---detailCatalog--nameInput-inner"}
COMMAND: POST /session/2fbb17261cc6fb074d1493bb698829b1/elements - {"using":"css selector","value":"#application-managecatalogs-display-component---detailCatalog--nameInput-inner"}
RESULT: {"using":"css selector","value":"#application-managecatalogs-display-component---detailCatalog--nameInput-inner"}
COMMAND: POST /session/2fbb17261cc6fb074d1493bb698829b1/element/f.73F923247D4A980C1D654B50CBD09E00.d.0F7C1BBE4DE4B5D2811A3F0B7E491735.e.7587/clear - {}
RESULT: {}
COMMAND: POST /session/2fbb17261cc6fb074d1493bb698829b1/element/f.73F923247D4A980C1D654B50CBD09E00.d.0F7C1BBE4DE4B5D2811A3F0B7E491735.e.7587/value - {"text":"Webdriver2xqal"}
COMMAND: GET /session/2fbb17261cc6fb074d1493bb698829b1/screenshot - {}
RESULT: {"text":"Webdriver2xqal"}
COMMAND: POST /session/2fbb17261cc6fb074d1493bb698829b1/execute/async - {"script":"<script> [1562 bytes]","args":[{"selector":{"controlType":"sap.m.Button","viewName":"etm.portal.ui.managecatalogs.view.Detail","viewId":"application-managecatalogs-display-component---detailCatalog","i18NText":{"propertyName":"text","key":"create"},"searchOpenDialogs":true,"interaction":{"idSuffix":"BDI-content"}},"wdio_ui5_key":"etmportal.ui.managecatalogs.view.Detailsap.m.Button{\"propertyName\":\"text\",\"key\":\"create\"}"}]}
COMMAND: GET /session/2fbb17261cc6fb074d1493bb698829b1/screenshot - {}
RESULT: {}
RESULT: {"script":"<script> [1562 bytes]","args":[{"selector":{"controlType":"sap.m.Button","viewName":"etm.portal.ui.managecatalogs.view.Detail","viewId":"application-managecatalogs-display-component---detailCatalog","i18NText":{"propertyName":"text","key":"create"},"searchOpenDialogs":true,"interaction":{"idSuffix":"BDI-content"}},"wdio_ui5_key":"etmportal.ui.managecatalogs.view.Detailsap.m.Button{\"propertyName\":\"text\",\"key\":\"create\"}"}]}
RESULT: undefined
COMMAND: POST /session/2fbb17261cc6fb074d1493bb698829b1/element - {"using":"xpath","value":"//*[@id=\"__button66\"]"}
RESULT: {}
RESULT: {"using":"xpath","value":"//*[@id=\"__button66\"]"}
COMMAND: POST /session/2fbb17261cc6fb074d1493bb698829b1/element/f.73F923247D4A980C1D654B50CBD09E00.d.0F7C1BBE4DE4B5D2811A3F0B7E491735.e.7592/click - {}
RESULT: {}
COMMAND: GET /session/2fbb17261cc6fb074d1493bb698829b1/screenshot - {}
RESULT: {}
COMMAND: POST /session/2fbb17261cc6fb074d1493bb698829b1/element - {"using":"xpath","value":"//button[@title=\"Save\"]"}
RESULT: {"using":"xpath","value":"//button[@title=\"Save\"]"}
COMMAND: POST /session/2fbb17261cc6fb074d1493bb698829b1/element/f.73F923247D4A980C1D654B50CBD09E00.d.0F7C1BBE4DE4B5D2811A3F0B7E491735.e.7593/click - {}
RESULT: {}
COMMAND: POST /session/2fbb17261cc6fb074d1493bb698829b1/execute/async - {"script":"<script> [1562 bytes]","args":[{"selector":{"controlType":"sap.ui.core.Icon","viewName":"etm.portal.ui.managecatalogs.view.Detail","viewId":"application-managecatalogs-display-component---detailCatalog","properties":{"src":{"regex":{"source":"decline"}}}},"wdio_ui5_key":"etmportal.ui.managecatalogs.view.Detailsap.ui.core.Icon{\"src\":{\"regex\":{\"source\":\"decline\"}}}"}]}
COMMAND: GET /session/2fbb17261cc6fb074d1493bb698829b1/screenshot - {}
RESULT: {"script":"<script> [1562 bytes]","args":[{"selector":{"controlType":"sap.ui.core.Icon","viewName":"etm.portal.ui.managecatalogs.view.Detail","viewId":"application-managecatalogs-display-component---detailCatalog","properties":{"src":{"regex":{"source":"decline"}}}},"wdio_ui5_key":"etmportal.ui.managecatalogs.view.Detailsap.ui.core.Icon{\"src\":{\"regex\":{\"source\":\"decline\"}}}"}]}
RESULT: undefined
COMMAND: POST /session/2fbb17261cc6fb074d1493bb698829b1/element - {"using":"xpath","value":"//*[@id=\"__button91-img\"]"}
RESULT: {}
RESULT: {"using":"xpath","value":"//*[@id=\"__button91-img\"]"}
COMMAND: POST /session/2fbb17261cc6fb074d1493bb698829b1/element/f.73F923247D4A980C1D654B50CBD09E00.d.0F7C1BBE4DE4B5D2811A3F0B7E491735.e.7600/click - {}
RESULT: {}
COMMAND: GET /session/2fbb17261cc6fb074d1493bb698829b1/screenshot - {}
RESULT: {}
COMMAND: POST /session/2fbb17261cc6fb074d1493bb698829b1/execute/async - {"script":"<script> [1562 bytes]","args":[{"selector":{"controlType":"sap.ui.core.Icon","viewName":"etm.portal.ui.managecatalogs.view.MasterItems","viewId":"application-managecatalogs-display-component---masterCatalogItems","properties":{"src":{"regex":{"source":"refresh"}}}},"wdio_ui5_key":"etmportal.ui.managecatalogs.view.MasterItemssap.ui.core.Icon{\"src\":{\"regex\":{\"source\":\"refresh\"}}}"}]}
RESULT: {"script":"<script> [1562 bytes]","args":[{"selector":{"controlType":"sap.ui.core.Icon","viewName":"etm.portal.ui.managecatalogs.view.MasterItems","viewId":"application-managecatalogs-display-component---masterCatalogItems","properties":{"src":{"regex":{"source":"refresh"}}}},"wdio_ui5_key":"etmportal.ui.managecatalogs.view.MasterItemssap.ui.core.Icon{\"src\":{\"regex\":{\"source\":\"refresh\"}}}"}]}
RESULT: undefined
COMMAND: POST /session/2fbb17261cc6fb074d1493bb698829b1/element - {"using":"xpath","value":"//*[@id=\"__button64-img\"]"}
RESULT: {"using":"xpath","value":"//*[@id=\"__button64-img\"]"}
COMMAND: POST /session/2fbb17261cc6fb074d1493bb698829b1/element/f.73F923247D4A980C1D654B50CBD09E00.d.0F7C1BBE4DE4B5D2811A3F0B7E491735.e.7633/click - {}
RESULT: {}
COMMAND: POST /session/2fbb17261cc6fb074d1493bb698829b1/execute/async - {"script":"<script> [1562 bytes]","args":[{"selector":{"id":"application-managecatalogs-display-component---masterCatalogItems--searchItemsField","interaction":{"idSuffix":"I"}},"wdio_ui5_key":"applicationmanagecatalogs-display-component---masterCatalogItems--searchItemsField"}]}
COMMAND: GET /session/2fbb17261cc6fb074d1493bb698829b1/screenshot - {}
RESULT: {"script":"<script> [1562 bytes]","args":[{"selector":{"id":"application-managecatalogs-display-component---masterCatalogItems--searchItemsField","interaction":{"idSuffix":"I"}},"wdio_ui5_key":"applicationmanagecatalogs-display-component---masterCatalogItems--searchItemsField"}]}
RESULT: undefined
COMMAND: POST /session/2fbb17261cc6fb074d1493bb698829b1/execute/async - {"script":"<script> [776 bytes]","args":[{"enterText":"Webdriver2xqal","selector":{"id":"application-managecatalogs-display-component---masterCatalogItems--searchItemsField","interaction":{"idSuffix":"I"}},"clearTextFirst":true,"interactionType":"ENTER_TEXT"}]}
RESULT: {}
RESULT: {"script":"<script> [776 bytes]","args":[{"enterText":"Webdriver2xqal","selector":{"id":"application-managecatalogs-display-component---masterCatalogItems--searchItemsField","interaction":{"idSuffix":"I"}},"clearTextFirst":true,"interactionType":"ENTER_TEXT"}]}
COMMAND: POST /session/2fbb17261cc6fb074d1493bb698829b1/actions - {"actions":[{"id":"action48","type":"key","parameters":{},"actions":[{"type":"keyDown","value":""},{"type":"pause","duration":10},{"type":"keyUp","value":""}]}]}
RESULT: {"actions":[{"id":"action48","type":"key","parameters":{},"actions":[{"type":"keyDown","value":""},{"type":"pause","duration":10},{"type":"keyUp","value":""}]}]}
COMMAND: POST /session/2fbb17261cc6fb074d1493bb698829b1/element - {"using":"xpath","value":"(//span[contains(text(), \"Webdriver2xqal\")])[1]"}
COMMAND: GET /session/2fbb17261cc6fb074d1493bb698829b1/screenshot - {}
RESULT: {"using":"xpath","value":"(//span[contains(text(), \"Webdriver2xqal\")])[1]"}
COMMAND: POST /session/2fbb17261cc6fb074d1493bb698829b1/element/f.73F923247D4A980C1D654B50CBD09E00.d.0F7C1BBE4DE4B5D2811A3F0B7E491735.e.7636/click - {}
RESULT: {}
RESULT: {}
COMMAND: GET /session/2fbb17261cc6fb074d1493bb698829b1/screenshot - {}
RESULT: {}
RESULT: undefined
COMMAND: POST /session/2fbb17261cc6fb074d1493bb698829b1/element - {"using":"xpath","value":"//*[@id=\"__button88\"]"}
RESULT: {"using":"xpath","value":"//*[@id=\"__button88\"]"}
COMMAND: POST /session/2fbb17261cc6fb074d1493bb698829b1/element/f.73F923247D4A980C1D654B50CBD09E00.d.0F7C1BBE4DE4B5D2811A3F0B7E491735.e.7673/click - {}
RESULT: {}
COMMAND: GET /session/2fbb17261cc6fb074d1493bb698829b1/screenshot - {}
RESULT: {}
RESULT: undefined
COMMAND: POST /session/2fbb17261cc6fb074d1493bb698829b1/element - {"using":"xpath","value":"//*[@id=\"__button96-img\"]"}
RESULT: {"using":"xpath","value":"//*[@id=\"__button96-img\"]"}
COMMAND: POST /session/2fbb17261cc6fb074d1493bb698829b1/element/f.73F923247D4A980C1D654B50CBD09E00.d.0F7C1BBE4DE4B5D2811A3F0B7E491735.e.7723/click - {}
RESULT: {}
COMMAND: GET /session/2fbb17261cc6fb074d1493bb698829b1/screenshot - {}
RESULT: {}
RESULT: undefined
COMMAND: POST /session/2fbb17261cc6fb074d1493bb698829b1/execute/async - {"script":"<script> [776 bytes]","args":[{"enterText":"SecondSectionszqtv","selector":{"id":"application-managecatalogs-display-component---detailCatalog--numberInput","searchOpenDialogs":true,"interaction":{"idSuffix":"inner"}},"clearTextFirst":true,"interactionType":"ENTER_TEXT"}]}
RESULT: {"script":"<script> [776 bytes]","args":[{"enterText":"SecondSectionszqtv","selector":{"id":"application-managecatalogs-display-component---detailCatalog--numberInput","searchOpenDialogs":true,"interaction":{"idSuffix":"inner"}},"clearTextFirst":true,"interactionType":"ENTER_TEXT"}]}
COMMAND: POST /session/2fbb17261cc6fb074d1493bb698829b1/element - {"using":"xpath","value":"//input[contains(@id ,\"application-managecatalogs-display-component---detailCatalog--nameInput-inner\")]"}
RESULT: {"using":"xpath","value":"//input[contains(@id ,\"application-managecatalogs-display-component---detailCatalog--nameInput-inner\")]"}
COMMAND: POST /session/2fbb17261cc6fb074d1493bb698829b1/elements - {"using":"xpath","value":"//input[contains(@id ,\"application-managecatalogs-display-component---detailCatalog--nameInput-inner\")]"}
RESULT: {"using":"xpath","value":"//input[contains(@id ,\"application-managecatalogs-display-component---detailCatalog--nameInput-inner\")]"}
COMMAND: POST /session/2fbb17261cc6fb074d1493bb698829b1/element/f.73F923247D4A980C1D654B50CBD09E00.d.0F7C1BBE4DE4B5D2811A3F0B7E491735.e.7727/clear - {}
RESULT: {}
COMMAND: POST /session/2fbb17261cc6fb074d1493bb698829b1/element/f.73F923247D4A980C1D654B50CBD09E00.d.0F7C1BBE4DE4B5D2811A3F0B7E491735.e.7727/value - {"text":"webdriversecondcq2m7"}
COMMAND: GET /session/2fbb17261cc6fb074d1493bb698829b1/screenshot - {}
RESULT: {"text":"webdriversecondcq2m7"}
RESULT: undefined
COMMAND: POST /session/2fbb17261cc6fb074d1493bb698829b1/element - {"using":"xpath","value":"//*[@id=\"__button66\"]"}
COMMAND: GET /session/2fbb17261cc6fb074d1493bb698829b1/screenshot - {}
RESULT: {}
RESULT: {"using":"xpath","value":"//*[@id=\"__button66\"]"}
COMMAND: POST /session/2fbb17261cc6fb074d1493bb698829b1/element/f.73F923247D4A980C1D654B50CBD09E00.d.0F7C1BBE4DE4B5D2811A3F0B7E491735.e.7730/click - {}
RESULT: {}
RESULT: {}
COMMAND: GET /session/2fbb17261cc6fb074d1493bb698829b1/screenshot - {}
RESULT: {}
COMMAND: POST /session/2fbb17261cc6fb074d1493bb698829b1/element - {"using":"xpath","value":"//button[@title=\"Save\"]"}
RESULT: {"using":"xpath","value":"//button[@title=\"Save\"]"}
COMMAND: POST /session/2fbb17261cc6fb074d1493bb698829b1/element/f.73F923247D4A980C1D654B50CBD09E00.d.0F7C1BBE4DE4B5D2811A3F0B7E491735.e.7708/click - {}
RESULT: {}
COMMAND: GET /session/2fbb17261cc6fb074d1493bb698829b1/screenshot - {}
RESULT: {}
RESULT: undefined
COMMAND: POST /session/2fbb17261cc6fb074d1493bb698829b1/element - {"using":"xpath","value":"//*[@id=\"__button91-img\"]"}
RESULT: {"using":"xpath","value":"//*[@id=\"__button91-img\"]"}
COMMAND: POST /session/2fbb17261cc6fb074d1493bb698829b1/element/f.73F923247D4A980C1D654B50CBD09E00.d.0F7C1BBE4DE4B5D2811A3F0B7E491735.e.7680/click - {}
RESULT: {}
COMMAND: GET /session/2fbb17261cc6fb074d1493bb698829b1/screenshot - {}
RESULT: {}
RESULT: undefined
COMMAND: POST /session/2fbb17261cc6fb074d1493bb698829b1/element - {"using":"xpath","value":"//*[@id=\"__button64-img\"]"}
RESULT: {"using":"xpath","value":"//*[@id=\"__button64-img\"]"}
COMMAND: POST /session/2fbb17261cc6fb074d1493bb698829b1/element/f.73F923247D4A980C1D654B50CBD09E00.d.0F7C1BBE4DE4B5D2811A3F0B7E491735.e.7765/click - {}
RESULT: {}
COMMAND: GET /session/2fbb17261cc6fb074d1493bb698829b1/screenshot - {}
RESULT: {}
RESULT: undefined
COMMAND: POST /session/2fbb17261cc6fb074d1493bb698829b1/execute/async - {"script":"<script> [776 bytes]","args":[{"enterText":"SecondSectionszqtv","selector":{"id":"application-managecatalogs-display-component---masterCatalogItems--searchItemsField","interaction":{"idSuffix":"I"}},"clearTextFirst":true,"interactionType":"ENTER_TEXT"}]}
RESULT: {"script":"<script> [776 bytes]","args":[{"enterText":"SecondSectionszqtv","selector":{"id":"application-managecatalogs-display-component---masterCatalogItems--searchItemsField","interaction":{"idSuffix":"I"}},"clearTextFirst":true,"interactionType":"ENTER_TEXT"}]}
COMMAND: POST /session/2fbb17261cc6fb074d1493bb698829b1/actions - {"actions":[{"id":"action49","type":"key","parameters":{},"actions":[{"type":"keyDown","value":""},{"type":"pause","duration":10},{"type":"keyUp","value":""}]}]}
RESULT: {"actions":[{"id":"action49","type":"key","parameters":{},"actions":[{"type":"keyDown","value":""},{"type":"pause","duration":10},{"type":"keyUp","value":""}]}]}
COMMAND: POST /session/2fbb17261cc6fb074d1493bb698829b1/element - {"using":"xpath","value":"(//span[contains(text(), \"SecondSectionszqtv\")])[1]"}
COMMAND: GET /session/2fbb17261cc6fb074d1493bb698829b1/screenshot - {}
RESULT: {"using":"xpath","value":"(//span[contains(text(), \"SecondSectionszqtv\")])[1]"}
COMMAND: POST /session/2fbb17261cc6fb074d1493bb698829b1/element/f.73F923247D4A980C1D654B50CBD09E00.d.0F7C1BBE4DE4B5D2811A3F0B7E491735.e.7768/click - {}
RESULT: {}
RESULT: {}
COMMAND: POST /session/2fbb17261cc6fb074d1493bb698829b1/element - {"using":"xpath","value":"(//span[contains(text(), \"SecondSectionszqtv\")])[1]"}
COMMAND: GET /session/2fbb17261cc6fb074d1493bb698829b1/screenshot - {}
RESULT: {"using":"xpath","value":"(//span[contains(text(), \"SecondSectionszqtv\")])[1]"}
COMMAND: GET /session/2fbb17261cc6fb074d1493bb698829b1/element/f.73F923247D4A980C1D654B50CBD09E00.d.0F7C1BBE4DE4B5D2811A3F0B7E491735.e.7768/text - {}
RESULT: {}
COMMAND: POST /session/2fbb17261cc6fb074d1493bb698829b1/element - {"using":"xpath","value":"(//span[contains(text(), \"SecondSectionszqtv\")])[1]"}
RESULT: {"using":"xpath","value":"(//span[contains(text(), \"SecondSectionszqtv\")])[1]"}
COMMAND: GET /session/2fbb17261cc6fb074d1493bb698829b1/element/f.73F923247D4A980C1D654B50CBD09E00.d.0F7C1BBE4DE4B5D2811A3F0B7E491735.e.7768/text - {}
COMMAND: POST /session/2fbb17261cc6fb074d1493bb698829b1/element - {"using":"xpath","value":"(//span[contains(text(), \"SecondSectionszqtv\")])[1]"}
RESULT: {"using":"xpath","value":"(//span[contains(text(), \"SecondSectionszqtv\")])[1]"}
COMMAND: GET /session/2fbb17261cc6fb074d1493bb698829b1/element/f.73F923247D4A980C1D654B50CBD09E00.d.0F7C1BBE4DE4B5D2811A3F0B7E491735.e.7820/text - {}
RESULT: {}
COMMAND: POST /session/2fbb17261cc6fb074d1493bb698829b1/refresh - {}
RESULT: {}
COMMAND: GET /session/2fbb17261cc6fb074d1493bb698829b1/screenshot - {}
RESULT: {}
COMMAND: POST /session/2fbb17261cc6fb074d1493bb698829b1/execute/async - {"script":"<script> [189 bytes]","args":[]}
RESULT: {"script":"<script> [189 bytes]","args":[]}
COMMAND: POST /session/2fbb17261cc6fb074d1493bb698829b1/execute/async - {"script":"<script> [123 bytes]","args":[]}
RESULT: {"script":"<script> [123 bytes]","args":[]}
COMMAND: POST /session/2fbb17261cc6fb074d1493bb698829b1/timeouts - {"script":"<number>"}
RESULT: {"script":"<number>"}
COMMAND: GET /session/2fbb17261cc6fb074d1493bb698829b1/timeouts - {}
RESULT: {}
RESULT: undefined
COMMAND: POST /session/2fbb17261cc6fb074d1493bb698829b1/execute/async - {"script":"<script> [2676 bytes]","args":[]}
RESULT: {"script":"<script> [2676 bytes]","args":[]}
COMMAND: POST /session/2fbb17261cc6fb074d1493bb698829b1/execute/async - {"script":"<script> [2342 bytes]","args":[{"protocol":"http","hostname":"0.0.0.0","path":"/","capabilities":{"browserName":"chrome","goog:chromeOptions":{"binary":"C:\\Program Files\\Google\\Chrome\\Application\\chrome.exe","args":["--start-maximized"]}},"logLevel":"warn","connectionRetryTimeout":120000,"connectionRetryCount":3,"logLevels":{},"enableDirectConnect":true,"strictSSL":true,"_":"65 more keys: [\"cacheDir\",\"port\",\"requestedCapabilities\",\"automationProtocol\",\"baseUrl\",\"waitforInterval\",\"waitforTimeout\",\"onReload\",\"beforeCommand\",\"afterCommand\",\"rootDir\",\"specs\",\"suites\",\"exclude\",\"groupLogsByTestSpec\",\"excludeDriverLogs\",\"bail\",\"framework\",\"reporters\",\"services\",\"maxInstances\",\"maxInstancesPerCapability\",\"injectGlobals\",\"filesToWatch\",\"execArgv\",\"runnerEnv\",\"runner\",\"shard\",\"specFileRetries\",\"specFileRetriesDelay\",\"specFileRetriesDeferred\",\"reporterSyncInterval\",\"reporterSyncTimeout\",\"cucumberFeaturesWithLineNumbers\",\"autoCompileOpts\",\"mochaOpts\",\"jasmineOpts\",\"cucumberOpts\",\"onPrepare\",\"onWorkerStart\",\"onWorkerEnd\",\"before\",\"beforeSession\",\"beforeSuite\",\"beforeHook\",\"beforeTest\",\"afterTest\",\"afterHook\",\"afterSuite\",\"afterSession\",\"after\",\"onComplete\",\"beforeAssertion\",\"afterAssertion\",\"beforeFeature\",\"beforeScenario\",\"beforeStep\",\"afterStep\",\"afterScenario\",\"afterFeature\",\"_\",\"suite\",\"$0\",\"ignoredWorkerServices\",\"wdi5\"]"}]}
RESULT: {"script":"<script> [2342 bytes]","args":[{"protocol":"http","hostname":"0.0.0.0","path":"/","capabilities":{"browserName":"chrome","goog:chromeOptions":{"binary":"C:\\Program Files\\Google\\Chrome\\Application\\chrome.exe","args":["--start-maximized"]}},"logLevel":"warn","connectionRetryTimeout":120000,"connectionRetryCount":3,"logLevels":{},"enableDirectConnect":true,"strictSSL":true,"_":"65 more keys: [\"cacheDir\",\"port\",\"requestedCapabilities\",\"automationProtocol\",\"baseUrl\",\"waitforInterval\",\"waitforTimeout\",\"onReload\",\"beforeCommand\",\"afterCommand\",\"rootDir\",\"specs\",\"suites\",\"exclude\",\"groupLogsByTestSpec\",\"excludeDriverLogs\",\"bail\",\"framework\",\"reporters\",\"services\",\"maxInstances\",\"maxInstancesPerCapability\",\"injectGlobals\",\"filesToWatch\",\"execArgv\",\"runnerEnv\",\"runner\",\"shard\",\"specFileRetries\",\"specFileRetriesDelay\",\"specFileRetriesDeferred\",\"reporterSyncInterval\",\"reporterSyncTimeout\",\"cucumberFeaturesWithLineNumbers\",\"autoCompileOpts\",\"mochaOpts\",\"jasmineOpts\",\"cucumberOpts\",\"onPrepare\",\"onWorkerStart\",\"onWorkerEnd\",\"before\",\"beforeSession\",\"beforeSuite\",\"beforeHook\",\"beforeTest\",\"afterTest\",\"afterHook\",\"afterSuite\",\"afterSession\",\"after\",\"onComplete\",\"beforeAssertion\",\"afterAssertion\",\"beforeFeature\",\"beforeScenario\",\"beforeStep\",\"afterStep\",\"afterScenario\",\"afterFeature\",\"_\",\"suite\",\"$0\",\"ignoredWorkerServices\",\"wdi5\"]"}]}
COMMAND: POST /session/2fbb17261cc6fb074d1493bb698829b1/execute/async - {"script":"<script> [21126 bytes]","args":[35000]}
RESULT: {"script":"<script> [21126 bytes]","args":[35000]}
COMMAND: POST /session/2fbb17261cc6fb074d1493bb698829b1/execute/async - {"script":"<script> [1562 bytes]","args":[{"selector":{"controlType":"sap.m.Button","viewName":"etm.portal.ui.managecatalogs.view.Detail","viewId":"application-managecatalogs-display-component---detailCatalog","i18NText":{"propertyName":"text","key":"edit"},"interaction":{"idSuffix":"BDI-content"}},"wdio_ui5_key":"etmportal.ui.managecatalogs.view.Detailsap.m.Button{\"propertyName\":\"text\",\"key\":\"edit\"}"}]}
RESULT: {"script":"<script> [1562 bytes]","args":[{"selector":{"controlType":"sap.m.Button","viewName":"etm.portal.ui.managecatalogs.view.Detail","viewId":"application-managecatalogs-display-component---detailCatalog","i18NText":{"propertyName":"text","key":"edit"},"interaction":{"idSuffix":"BDI-content"}},"wdio_ui5_key":"etmportal.ui.managecatalogs.view.Detailsap.m.Button{\"propertyName\":\"text\",\"key\":\"edit\"}"}]}
RESULT: undefined
COMMAND: POST /session/2fbb17261cc6fb074d1493bb698829b1/element - {"using":"xpath","value":"//*[@id=\"__button25\"]"}
RESULT: {"using":"xpath","value":"//*[@id=\"__button25\"]"}
COMMAND: POST /session/2fbb17261cc6fb074d1493bb698829b1/element/f.73F923247D4A980C1D654B50CBD09E00.d.B74FC805EE30405F453D55C38B0E280F.e.7881/click - {}
RESULT: {}
COMMAND: POST /session/2fbb17261cc6fb074d1493bb698829b1/execute/async - {"script":"<script> [1562 bytes]","args":[{"selector":{"controlType":"sap.ui.core.Icon","viewName":"etm.portal.ui.managecatalogs.view.Detail","viewId":"application-managecatalogs-display-component---detailCatalog","properties":{"src":{"regex":{"source":"add\\-document"}}}},"wdio_ui5_key":"etmportal.ui.managecatalogs.view.Detailsap.ui.core.Icon{\"src\":{\"regex\":{\"source\":\"add\\\\-document\"}}}"}]}
COMMAND: GET /session/2fbb17261cc6fb074d1493bb698829b1/screenshot - {}
RESULT: {"script":"<script> [1562 bytes]","args":[{"selector":{"controlType":"sap.ui.core.Icon","viewName":"etm.portal.ui.managecatalogs.view.Detail","viewId":"application-managecatalogs-display-component---detailCatalog","properties":{"src":{"regex":{"source":"add\\-document"}}}},"wdio_ui5_key":"etmportal.ui.managecatalogs.view.Detailsap.ui.core.Icon{\"src\":{\"regex\":{\"source\":\"add\\\\-document\"}}}"}]}
RESULT: undefined
COMMAND: POST /session/2fbb17261cc6fb074d1493bb698829b1/element - {"using":"xpath","value":"//*[@id=\"__button34-img\"]"}
RESULT: {}
RESULT: {"using":"xpath","value":"//*[@id=\"__button34-img\"]"}
COMMAND: POST /session/2fbb17261cc6fb074d1493bb698829b1/element/f.73F923247D4A980C1D654B50CBD09E00.d.B74FC805EE30405F453D55C38B0E280F.e.7889/click - {}
RESULT: {}
COMMAND: POST /session/2fbb17261cc6fb074d1493bb698829b1/execute/async - {"script":"<script> [1562 bytes]","args":[{"selector":{"id":"application-managecatalogs-display-component---detailCatalog--newItemNumberInput","searchOpenDialogs":true,"interaction":{"idSuffix":"inner"}},"wdio_ui5_key":"applicationmanagecatalogs-display-component---detailCatalog--newItemNumberInput"}]}
COMMAND: GET /session/2fbb17261cc6fb074d1493bb698829b1/screenshot - {}
RESULT: {"script":"<script> [1562 bytes]","args":[{"selector":{"id":"application-managecatalogs-display-component---detailCatalog--newItemNumberInput","searchOpenDialogs":true,"interaction":{"idSuffix":"inner"}},"wdio_ui5_key":"applicationmanagecatalogs-display-component---detailCatalog--newItemNumberInput"}]}
RESULT: undefined
COMMAND: POST /session/2fbb17261cc6fb074d1493bb698829b1/execute/async - {"script":"<script> [776 bytes]","args":[{"enterText":"catalogItemqis74","selector":{"id":"application-managecatalogs-display-component---detailCatalog--newItemNumberInput","searchOpenDialogs":true,"interaction":{"idSuffix":"inner"}},"clearTextFirst":true,"interactionType":"ENTER_TEXT"}]}
RESULT: {}
RESULT: {"script":"<script> [776 bytes]","args":[{"enterText":"catalogItemqis74","selector":{"id":"application-managecatalogs-display-component---detailCatalog--newItemNumberInput","searchOpenDialogs":true,"interaction":{"idSuffix":"inner"}},"clearTextFirst":true,"interactionType":"ENTER_TEXT"}]}
COMMAND: POST /session/2fbb17261cc6fb074d1493bb698829b1/execute/async - {"script":"<script> [1562 bytes]","args":[{"selector":{"controlType":"sap.m.Input","viewName":"etm.portal.ui.managecatalogs.view.Detail","viewId":"application-managecatalogs-display-component---detailCatalog","bindingPath":{"path":"","propertyPath":"/DESCRIPTION"},"searchOpenDialogs":true,"interaction":{"idSuffix":"inner"}},"wdio_ui5_key":"etmportal.ui.managecatalogs.view.Detailsap.m.Input{\"path\":\"\",\"propertyPath\":\"/DESCRIPTION\"}"}]}
RESULT: {"script":"<script> [1562 bytes]","args":[{"selector":{"controlType":"sap.m.Input","viewName":"etm.portal.ui.managecatalogs.view.Detail","viewId":"application-managecatalogs-display-component---detailCatalog","bindingPath":{"path":"","propertyPath":"/DESCRIPTION"},"searchOpenDialogs":true,"interaction":{"idSuffix":"inner"}},"wdio_ui5_key":"etmportal.ui.managecatalogs.view.Detailsap.m.Input{\"path\":\"\",\"propertyPath\":\"/DESCRIPTION\"}"}]}
RESULT: undefined
COMMAND: POST /session/2fbb17261cc6fb074d1493bb698829b1/execute/async - {"script":"<script> [776 bytes]","args":[{"enterText":"catalogItemNamejtrb4","selector":{"controlType":"sap.m.Input","viewName":"etm.portal.ui.managecatalogs.view.Detail","viewId":"application-managecatalogs-display-component---detailCatalog","bindingPath":{"path":"","propertyPath":"/DESCRIPTION"},"searchOpenDialogs":true,"interaction":{"idSuffix":"inner"}},"clearTextFirst":true,"interactionType":"ENTER_TEXT"}]}
RESULT: {"script":"<script> [776 bytes]","args":[{"enterText":"catalogItemNamejtrb4","selector":{"controlType":"sap.m.Input","viewName":"etm.portal.ui.managecatalogs.view.Detail","viewId":"application-managecatalogs-display-component---detailCatalog","bindingPath":{"path":"","propertyPath":"/DESCRIPTION"},"searchOpenDialogs":true,"interaction":{"idSuffix":"inner"}},"clearTextFirst":true,"interactionType":"ENTER_TEXT"}]}
COMMAND: POST /session/2fbb17261cc6fb074d1493bb698829b1/execute/async - {"script":"<script> [1562 bytes]","args":[{"selector":{"controlType":"sap.m.Button","viewName":"etm.portal.ui.managecatalogs.view.Detail","viewId":"application-managecatalogs-display-component---detailCatalog","i18NText":{"propertyName":"text","key":"create"},"searchOpenDialogs":true,"interaction":{"idSuffix":"BDI-content"}},"wdio_ui5_key":"etmportal.ui.managecatalogs.view.Detailsap.m.Button{\"propertyName\":\"text\",\"key\":\"create\"}"}]}
RESULT: {"script":"<script> [1562 bytes]","args":[{"selector":{"controlType":"sap.m.Button","viewName":"etm.portal.ui.managecatalogs.view.Detail","viewId":"application-managecatalogs-display-component---detailCatalog","i18NText":{"propertyName":"text","key":"create"},"searchOpenDialogs":true,"interaction":{"idSuffix":"BDI-content"}},"wdio_ui5_key":"etmportal.ui.managecatalogs.view.Detailsap.m.Button{\"propertyName\":\"text\",\"key\":\"create\"}"}]}
RESULT: undefined
COMMAND: POST /session/2fbb17261cc6fb074d1493bb698829b1/element - {"using":"xpath","value":"//*[@id=\"__button9\"]"}
RESULT: {"using":"xpath","value":"//*[@id=\"__button9\"]"}
COMMAND: POST /session/2fbb17261cc6fb074d1493bb698829b1/element/f.73F923247D4A980C1D654B50CBD09E00.d.B74FC805EE30405F453D55C38B0E280F.e.7898/click - {}
RESULT: {}
COMMAND: GET /session/2fbb17261cc6fb074d1493bb698829b1/screenshot - {}
RESULT: {}
COMMAND: POST /session/2fbb17261cc6fb074d1493bb698829b1/element - {"using":"xpath","value":"//button[@title=\"Save\"]"}
RESULT: {"using":"xpath","value":"//button[@title=\"Save\"]"}
COMMAND: POST /session/2fbb17261cc6fb074d1493bb698829b1/element/f.73F923247D4A980C1D654B50CBD09E00.d.B74FC805EE30405F453D55C38B0E280F.e.7899/click - {}
RESULT: {}
COMMAND: GET /session/2fbb17261cc6fb074d1493bb698829b1/screenshot - {}
RESULT: {}
COMMAND: POST /session/2fbb17261cc6fb074d1493bb698829b1/execute/async - {"script":"<script> [1562 bytes]","args":[{"selector":{"controlType":"sap.ui.core.Icon","viewName":"etm.portal.ui.managecatalogs.view.Detail","viewId":"application-managecatalogs-display-component---detailCatalog","properties":{"src":{"regex":{"source":"decline"}}}},"wdio_ui5_key":"etmportal.ui.managecatalogs.view.Detailsap.ui.core.Icon{\"src\":{\"regex\":{\"source\":\"decline\"}}}"}]}
RESULT: {"script":"<script> [1562 bytes]","args":[{"selector":{"controlType":"sap.ui.core.Icon","viewName":"etm.portal.ui.managecatalogs.view.Detail","viewId":"application-managecatalogs-display-component---detailCatalog","properties":{"src":{"regex":{"source":"decline"}}}},"wdio_ui5_key":"etmportal.ui.managecatalogs.view.Detailsap.ui.core.Icon{\"src\":{\"regex\":{\"source\":\"decline\"}}}"}]}
RESULT: undefined
COMMAND: POST /session/2fbb17261cc6fb074d1493bb698829b1/element - {"using":"xpath","value":"//*[@id=\"__button28-img\"]"}
RESULT: {"using":"xpath","value":"//*[@id=\"__button28-img\"]"}
COMMAND: POST /session/2fbb17261cc6fb074d1493bb698829b1/element/f.73F923247D4A980C1D654B50CBD09E00.d.B74FC805EE30405F453D55C38B0E280F.e.7904/click - {}
RESULT: {}
COMMAND: GET /session/2fbb17261cc6fb074d1493bb698829b1/screenshot - {}
RESULT: {}
COMMAND: POST /session/2fbb17261cc6fb074d1493bb698829b1/execute/async - {"script":"<script> [1562 bytes]","args":[{"selector":{"controlType":"sap.ui.core.Icon","viewName":"etm.portal.ui.managecatalogs.view.MasterItems","viewId":"application-managecatalogs-display-component---masterCatalogItems","properties":{"src":{"regex":{"source":"refresh"}}}},"wdio_ui5_key":"etmportal.ui.managecatalogs.view.MasterItemssap.ui.core.Icon{\"src\":{\"regex\":{\"source\":\"refresh\"}}}"}]}
RESULT: {"script":"<script> [1562 bytes]","args":[{"selector":{"controlType":"sap.ui.core.Icon","viewName":"etm.portal.ui.managecatalogs.view.MasterItems","viewId":"application-managecatalogs-display-component---masterCatalogItems","properties":{"src":{"regex":{"source":"refresh"}}}},"wdio_ui5_key":"etmportal.ui.managecatalogs.view.MasterItemssap.ui.core.Icon{\"src\":{\"regex\":{\"source\":\"refresh\"}}}"}]}
RESULT: undefined
COMMAND: POST /session/2fbb17261cc6fb074d1493bb698829b1/element - {"using":"xpath","value":"//*[@id=\"__button1-img\"]"}
RESULT: {"using":"xpath","value":"//*[@id=\"__button1-img\"]"}
COMMAND: POST /session/2fbb17261cc6fb074d1493bb698829b1/element/f.73F923247D4A980C1D654B50CBD09E00.d.B74FC805EE30405F453D55C38B0E280F.e.7913/click - {}
RESULT: {}
COMMAND: GET /session/2fbb17261cc6fb074d1493bb698829b1/screenshot - {}
RESULT: {}
COMMAND: POST /session/2fbb17261cc6fb074d1493bb698829b1/execute/async - {"script":"<script> [1562 bytes]","args":[{"selector":{"id":"application-managecatalogs-display-component---masterCatalogItems--searchItemsField","interaction":{"idSuffix":"I"}},"wdio_ui5_key":"applicationmanagecatalogs-display-component---masterCatalogItems--searchItemsField"}]}
RESULT: {"script":"<script> [1562 bytes]","args":[{"selector":{"id":"application-managecatalogs-display-component---masterCatalogItems--searchItemsField","interaction":{"idSuffix":"I"}},"wdio_ui5_key":"applicationmanagecatalogs-display-component---masterCatalogItems--searchItemsField"}]}
RESULT: undefined
COMMAND: POST /session/2fbb17261cc6fb074d1493bb698829b1/execute/async - {"script":"<script> [776 bytes]","args":[{"enterText":"catalogItemNamejtrb4","selector":{"id":"application-managecatalogs-display-component---masterCatalogItems--searchItemsField","interaction":{"idSuffix":"I"}},"clearTextFirst":true,"interactionType":"ENTER_TEXT"}]}
RESULT: {"script":"<script> [776 bytes]","args":[{"enterText":"catalogItemNamejtrb4","selector":{"id":"application-managecatalogs-display-component---masterCatalogItems--searchItemsField","interaction":{"idSuffix":"I"}},"clearTextFirst":true,"interactionType":"ENTER_TEXT"}]}
COMMAND: POST /session/2fbb17261cc6fb074d1493bb698829b1/actions - {"actions":[{"id":"action50","type":"key","parameters":{},"actions":[{"type":"keyDown","value":""},{"type":"pause","duration":10},{"type":"keyUp","value":""}]}]}
RESULT: {"actions":[{"id":"action50","type":"key","parameters":{},"actions":[{"type":"keyDown","value":""},{"type":"pause","duration":10},{"type":"keyUp","value":""}]}]}
COMMAND: POST /session/2fbb17261cc6fb074d1493bb698829b1/element - {"using":"xpath","value":"(//span[contains(text(), \"catalogItemNamejtrb4\")])[1]"}
COMMAND: GET /session/2fbb17261cc6fb074d1493bb698829b1/screenshot - {}
RESULT: {"using":"xpath","value":"(//span[contains(text(), \"catalogItemNamejtrb4\")])[1]"}
COMMAND: POST /session/2fbb17261cc6fb074d1493bb698829b1/element/f.73F923247D4A980C1D654B50CBD09E00.d.B74FC805EE30405F453D55C38B0E280F.e.7948/click - {}
RESULT: {}
RESULT: {}
COMMAND: GET /session/2fbb17261cc6fb074d1493bb698829b1/screenshot - {}
RESULT: {}
COMMAND: POST /session/2fbb17261cc6fb074d1493bb698829b1/element - {"using":"xpath","value":"//span[contains(text(), \"catalogItemqis74\")]"}
RESULT: {"using":"xpath","value":"//span[contains(text(), \"catalogItemqis74\")]"}
COMMAND: GET /session/2fbb17261cc6fb074d1493bb698829b1/element/f.73F923247D4A980C1D654B50CBD09E00.d.B74FC805EE30405F453D55C38B0E280F.e.8007/text - {}
RESULT: {}
]]></system-out>
    </testcase>
    <testcase classname="chrome.136_0_7103_93.windows.Manage_requests_-_requests_specifications_US141095" name="Should add the classification to the catalog item" time="39.406">
      <system-out><![CDATA[
RESULT: undefined
COMMAND: POST /session/2fbb17261cc6fb074d1493bb698829b1/element - {"using":"xpath","value":"//*[@id=\"__button25\"]"}
RESULT: {"using":"xpath","value":"//*[@id=\"__button25\"]"}
COMMAND: POST /session/2fbb17261cc6fb074d1493bb698829b1/element/f.73F923247D4A980C1D654B50CBD09E00.d.B74FC805EE30405F453D55C38B0E280F.e.8008/click - {}
RESULT: {}
COMMAND: GET /session/2fbb17261cc6fb074d1493bb698829b1/screenshot - {}
RESULT: {}
COMMAND: POST /session/2fbb17261cc6fb074d1493bb698829b1/execute/async - {"script":"<script> [1562 bytes]","args":[{"selector":{"id":"application-managecatalogs-display-component---detailCatalog--BASE_UNIT_OF_MEASURE-arrow"},"wdio_ui5_key":"applicationmanagecatalogs-display-component---detailCatalog--BASE_UNIT_OF_MEASURE-arrow"}]}
RESULT: {"script":"<script> [1562 bytes]","args":[{"selector":{"id":"application-managecatalogs-display-component---detailCatalog--BASE_UNIT_OF_MEASURE-arrow"},"wdio_ui5_key":"applicationmanagecatalogs-display-component---detailCatalog--BASE_UNIT_OF_MEASURE-arrow"}]}
RESULT: undefined
COMMAND: POST /session/2fbb17261cc6fb074d1493bb698829b1/element - {"using":"xpath","value":"//*[@id=\"application-managecatalogs-display-component---detailCatalog--BASE_UNIT_OF_MEASURE-arrow\"]"}
RESULT: {"using":"xpath","value":"//*[@id=\"application-managecatalogs-display-component---detailCatalog--BASE_UNIT_OF_MEASURE-arrow\"]"}
COMMAND: POST /session/2fbb17261cc6fb074d1493bb698829b1/element/f.73F923247D4A980C1D654B50CBD09E00.d.B74FC805EE30405F453D55C38B0E280F.e.8037/click - {}
RESULT: {}
COMMAND: POST /session/2fbb17261cc6fb074d1493bb698829b1/execute/async - {"script":"<script> [1562 bytes]","args":[{"selector":{"controlType":"sap.m.StandardListItem","viewName":"etm.portal.ui.managecatalogs.view.Detail","viewId":"application-managecatalogs-display-component---detailCatalog","properties":{"title":"Piece"},"searchOpenDialogs":true,"interaction":{"idSuffix":"titleText"}},"wdio_ui5_key":"etmportal.ui.managecatalogs.view.Detailsap.m.StandardListItem{\"title\":\"Piece\"}"}]}
COMMAND: GET /session/2fbb17261cc6fb074d1493bb698829b1/screenshot - {}
RESULT: {"script":"<script> [1562 bytes]","args":[{"selector":{"controlType":"sap.m.StandardListItem","viewName":"etm.portal.ui.managecatalogs.view.Detail","viewId":"application-managecatalogs-display-component---detailCatalog","properties":{"title":"Piece"},"searchOpenDialogs":true,"interaction":{"idSuffix":"titleText"}},"wdio_ui5_key":"etmportal.ui.managecatalogs.view.Detailsap.m.StandardListItem{\"title\":\"Piece\"}"}]}
RESULT: undefined
COMMAND: POST /session/2fbb17261cc6fb074d1493bb698829b1/element - {"using":"xpath","value":"//*[@id=\"__item213\"]"}
RESULT: {}
RESULT: {"using":"xpath","value":"//*[@id=\"__item213\"]"}
COMMAND: POST /session/2fbb17261cc6fb074d1493bb698829b1/element/f.73F923247D4A980C1D654B50CBD09E00.d.B74FC805EE30405F453D55C38B0E280F.e.8041/click - {}
RESULT: {}
COMMAND: POST /session/2fbb17261cc6fb074d1493bb698829b1/element - {"using":"xpath","value":"//button[contains(@data-kt ,\"ClassificationAddClassButton\")]"}
COMMAND: GET /session/2fbb17261cc6fb074d1493bb698829b1/screenshot - {}
RESULT: {"using":"xpath","value":"//button[contains(@data-kt ,\"ClassificationAddClassButton\")]"}
COMMAND: POST /session/2fbb17261cc6fb074d1493bb698829b1/element/f.73F923247D4A980C1D654B50CBD09E00.d.B74FC805EE30405F453D55C38B0E280F.e.8042/click - {}
RESULT: {}
RESULT: {}
COMMAND: GET /session/2fbb17261cc6fb074d1493bb698829b1/screenshot - {}
RESULT: {}
COMMAND: POST /session/2fbb17261cc6fb074d1493bb698829b1/element - {"using":"xpath","value":"//input[contains(@id ,\"searchField-I\")]"}
RESULT: {"using":"xpath","value":"//input[contains(@id ,\"searchField-I\")]"}
COMMAND: POST /session/2fbb17261cc6fb074d1493bb698829b1/element/f.73F923247D4A980C1D654B50CBD09E00.d.B74FC805EE30405F453D55C38B0E280F.e.8045/value - {"text":"WebdriverItemClassd5eji"}
RESULT: {"text":"WebdriverItemClassd5eji"}
COMMAND: POST /session/2fbb17261cc6fb074d1493bb698829b1/actions - {"actions":[{"id":"action51","type":"key","parameters":{},"actions":[{"type":"keyDown","value":""},{"type":"pause","duration":10},{"type":"keyUp","value":""}]}]}
COMMAND: GET /session/2fbb17261cc6fb074d1493bb698829b1/screenshot - {}
RESULT: {"actions":[{"id":"action51","type":"key","parameters":{},"actions":[{"type":"keyDown","value":""},{"type":"pause","duration":10},{"type":"keyUp","value":""}]}]}
COMMAND: GET /session/2fbb17261cc6fb074d1493bb698829b1/screenshot - {}
RESULT: {}
RESULT: {}
COMMAND: POST /session/2fbb17261cc6fb074d1493bb698829b1/element - {"using":"xpath","value":"//span[contains(text(), \"WebdriverItemClassd5eji\")]"}
RESULT: {"using":"xpath","value":"//span[contains(text(), \"WebdriverItemClassd5eji\")]"}
COMMAND: POST /session/2fbb17261cc6fb074d1493bb698829b1/element/f.73F923247D4A980C1D654B50CBD09E00.d.B74FC805EE30405F453D55C38B0E280F.e.8061/click - {}
RESULT: {}
COMMAND: GET /session/2fbb17261cc6fb074d1493bb698829b1/screenshot - {}
RESULT: {}
COMMAND: POST /session/2fbb17261cc6fb074d1493bb698829b1/execute/async - {"script":"<script> [1562 bytes]","args":[{"selector":{"controlType":"sap.m.Button","viewName":"etm.portal.ui.managecatalogs.view.Detail","viewId":"application-managecatalogs-display-component---detailCatalog","properties":{"text":"Classification"},"interaction":{"idSuffix":"BDI-content"}},"wdio_ui5_key":"etmportal.ui.managecatalogs.view.Detailsap.m.Button{\"text\":\"Classification\"}"}]}
RESULT: {"script":"<script> [1562 bytes]","args":[{"selector":{"controlType":"sap.m.Button","viewName":"etm.portal.ui.managecatalogs.view.Detail","viewId":"application-managecatalogs-display-component---detailCatalog","properties":{"text":"Classification"},"interaction":{"idSuffix":"BDI-content"}},"wdio_ui5_key":"etmportal.ui.managecatalogs.view.Detailsap.m.Button{\"text\":\"Classification\"}"}]}
RESULT: undefined
COMMAND: POST /session/2fbb17261cc6fb074d1493bb698829b1/element - {"using":"xpath","value":"//*[@id=\"application-managecatalogs-display-component---detailCatalog--ObjectPageLayout-anchBar-__section3-anchor\"]"}
RESULT: {"using":"xpath","value":"//*[@id=\"application-managecatalogs-display-component---detailCatalog--ObjectPageLayout-anchBar-__section3-anchor\"]"}
COMMAND: POST /session/2fbb17261cc6fb074d1493bb698829b1/element/f.73F923247D4A980C1D654B50CBD09E00.d.B74FC805EE30405F453D55C38B0E280F.e.8066/click - {}
RESULT: {}
COMMAND: POST /session/2fbb17261cc6fb074d1493bb698829b1/execute/async - {"script":"<script> [1562 bytes]","args":[{"selector":{"controlType":"sap.ui.core.Icon","viewName":"etm.portal.ui.managecatalogs.view.Detail","viewId":"application-managecatalogs-display-component---detailCatalog","properties":{"src":{"regex":{"source":"slim\\-arrow\\-right"}}},"ancestor":{"controlType":"sap.m.Panel","viewName":"etm.portal.ui.managecatalogs.view.Detail","viewId":"application-managecatalogs-display-component---detailCatalog"}},"wdio_ui5_key":"etmportal.ui.managecatalogs.view.Detailsap.ui.core.Icon{\"src\":{\"regex\":{\"source\":\"slim\\\\-arrow\\\\-right\"}}}{\"controlType\":\"sap.m.Panel\",\"viewName\":\"etm.portal.ui.managecatalogs.view.Detail\",\"viewId\":\"application-managecatalogs-display-component---detailCatalog\"}"}]}
COMMAND: GET /session/2fbb17261cc6fb074d1493bb698829b1/screenshot - {}
RESULT: {"script":"<script> [1562 bytes]","args":[{"selector":{"controlType":"sap.ui.core.Icon","viewName":"etm.portal.ui.managecatalogs.view.Detail","viewId":"application-managecatalogs-display-component---detailCatalog","properties":{"src":{"regex":{"source":"slim\\-arrow\\-right"}}},"ancestor":{"controlType":"sap.m.Panel","viewName":"etm.portal.ui.managecatalogs.view.Detail","viewId":"application-managecatalogs-display-component---detailCatalog"}},"wdio_ui5_key":"etmportal.ui.managecatalogs.view.Detailsap.ui.core.Icon{\"src\":{\"regex\":{\"source\":\"slim\\\\-arrow\\\\-right\"}}}{\"controlType\":\"sap.m.Panel\",\"viewName\":\"etm.portal.ui.managecatalogs.view.Detail\",\"viewId\":\"application-managecatalogs-display-component---detailCatalog\"}"}]}
RESULT: undefined
COMMAND: POST /session/2fbb17261cc6fb074d1493bb698829b1/element - {"using":"xpath","value":"//*[@id=\"__panel0-__layout17-0-expandButton-img\"]"}
RESULT: {}
RESULT: {"using":"xpath","value":"//*[@id=\"__panel0-__layout17-0-expandButton-img\"]"}
COMMAND: POST /session/2fbb17261cc6fb074d1493bb698829b1/element/f.73F923247D4A980C1D654B50CBD09E00.d.B74FC805EE30405F453D55C38B0E280F.e.8072/click - {}
RESULT: {}
COMMAND: POST /session/2fbb17261cc6fb074d1493bb698829b1/execute/async - {"script":"<script> [1562 bytes]","args":[{"selector":{"controlType":"sap.ui.core.Icon","viewName":"etm.portal.ui.managecatalogs.view.Detail","viewId":"application-managecatalogs-display-component---detailCatalog","properties":{"src":{"regex":{"source":"slim\\-arrow\\-down"}}},"ancestor":{"controlType":"sap.m.ColumnListItem","viewName":"etm.portal.ui.managecatalogs.view.Detail","viewId":"application-managecatalogs-display-component---detailCatalog","bindingPath":{"modelName":"classModel","path":"/data/0/PROPERTIES/0"},"ancestor":{"controlType":"sap.m.Table","viewName":"etm.portal.ui.managecatalogs.view.Detail","viewId":"application-managecatalogs-display-component---detailCatalog","bindingPath":{"path":"/data/0","propertyPath":"PROPERTIES","modelName":"classModel"}}}},"wdio_ui5_key":"etmportal.ui.managecatalogs.view.Detailsap.ui.core.Icon{\"src\":{\"regex\":{\"source\":\"slim\\\\-arrow\\\\-down\"}}}{\"controlType\":\"sap.m.ColumnListItem\",\"viewName\":\"etm.portal.ui.managecatalogs.view.Detail\",\"viewId\":\"application-managecatalogs-display-component---detailCatalog\",\"bindingPath\":{\"modelName\":\"classModel\",\"path\":\"/data/0/PROPERTIES/0\"},\"ancestor\":{\"controlType\":\"sap.m.Table\",\"viewName\":\"etm.portal.ui.managecatalogs.view.Detail\",\"viewId\":\"application-managecatalogs-display-component---detailCatalog\",\"bindingPath\":{\"path\":\"/data/0\",\"propertyPath\":\"PROPERTIES\",\"modelName\":\"classModel\"}}}"}]}
COMMAND: GET /session/2fbb17261cc6fb074d1493bb698829b1/screenshot - {}
RESULT: {"script":"<script> [1562 bytes]","args":[{"selector":{"controlType":"sap.ui.core.Icon","viewName":"etm.portal.ui.managecatalogs.view.Detail","viewId":"application-managecatalogs-display-component---detailCatalog","properties":{"src":{"regex":{"source":"slim\\-arrow\\-down"}}},"ancestor":{"controlType":"sap.m.ColumnListItem","viewName":"etm.portal.ui.managecatalogs.view.Detail","viewId":"application-managecatalogs-display-component---detailCatalog","bindingPath":{"modelName":"classModel","path":"/data/0/PROPERTIES/0"},"ancestor":{"controlType":"sap.m.Table","viewName":"etm.portal.ui.managecatalogs.view.Detail","viewId":"application-managecatalogs-display-component---detailCatalog","bindingPath":{"path":"/data/0","propertyPath":"PROPERTIES","modelName":"classModel"}}}},"wdio_ui5_key":"etmportal.ui.managecatalogs.view.Detailsap.ui.core.Icon{\"src\":{\"regex\":{\"source\":\"slim\\\\-arrow\\\\-down\"}}}{\"controlType\":\"sap.m.ColumnListItem\",\"viewName\":\"etm.portal.ui.managecatalogs.view.Detail\",\"viewId\":\"application-managecatalogs-display-component---detailCatalog\",\"bindingPath\":{\"modelName\":\"classModel\",\"path\":\"/data/0/PROPERTIES/0\"},\"ancestor\":{\"controlType\":\"sap.m.Table\",\"viewName\":\"etm.portal.ui.managecatalogs.view.Detail\",\"viewId\":\"application-managecatalogs-display-component---detailCatalog\",\"bindingPath\":{\"path\":\"/data/0\",\"propertyPath\":\"PROPERTIES\",\"modelName\":\"classModel\"}}}"}]}
RESULT: undefined
COMMAND: POST /session/2fbb17261cc6fb074d1493bb698829b1/element - {"using":"xpath","value":"//*[@id=\"__box31-arrow\"]"}
RESULT: {}
RESULT: {"using":"xpath","value":"//*[@id=\"__box31-arrow\"]"}
COMMAND: POST /session/2fbb17261cc6fb074d1493bb698829b1/element/f.73F923247D4A980C1D654B50CBD09E00.d.B74FC805EE30405F453D55C38B0E280F.e.8085/click - {}
RESULT: {}
COMMAND: POST /session/2fbb17261cc6fb074d1493bb698829b1/execute/async - {"script":"<script> [1562 bytes]","args":[{"selector":{"controlType":"sap.m.StandardListItem","viewName":"etm.portal.ui.managecatalogs.view.Detail","viewId":"application-managecatalogs-display-component---detailCatalog","properties":{"title":"red"},"searchOpenDialogs":true,"interaction":{"idSuffix":"content"}},"wdio_ui5_key":"etmportal.ui.managecatalogs.view.Detailsap.m.StandardListItem{\"title\":\"red\"}"}]}
COMMAND: GET /session/2fbb17261cc6fb074d1493bb698829b1/screenshot - {}
RESULT: {"script":"<script> [1562 bytes]","args":[{"selector":{"controlType":"sap.m.StandardListItem","viewName":"etm.portal.ui.managecatalogs.view.Detail","viewId":"application-managecatalogs-display-component---detailCatalog","properties":{"title":"red"},"searchOpenDialogs":true,"interaction":{"idSuffix":"content"}},"wdio_ui5_key":"etmportal.ui.managecatalogs.view.Detailsap.m.StandardListItem{\"title\":\"red\"}"}]}
RESULT: undefined
COMMAND: POST /session/2fbb17261cc6fb074d1493bb698829b1/element - {"using":"xpath","value":"//*[@id=\"__item221\"]"}
RESULT: {}
RESULT: {"using":"xpath","value":"//*[@id=\"__item221\"]"}
COMMAND: POST /session/2fbb17261cc6fb074d1493bb698829b1/element/f.73F923247D4A980C1D654B50CBD09E00.d.B74FC805EE30405F453D55C38B0E280F.e.8088/click - {}
RESULT: {}
COMMAND: GET /session/2fbb17261cc6fb074d1493bb698829b1/screenshot - {}
RESULT: {}
COMMAND: POST /session/2fbb17261cc6fb074d1493bb698829b1/execute/async - {"script":"<script> [1562 bytes]","args":[{"selector":{"controlType":"sap.m.Button","viewName":"etm.portal.ui.managecatalogs.view.Detail","viewId":"application-managecatalogs-display-component---detailCatalog","i18NText":{"propertyName":"text","key":"save"},"interaction":{"idSuffix":"BDI-content"}},"wdio_ui5_key":"etmportal.ui.managecatalogs.view.Detailsap.m.Button{\"propertyName\":\"text\",\"key\":\"save\"}"}]}
RESULT: {"script":"<script> [1562 bytes]","args":[{"selector":{"controlType":"sap.m.Button","viewName":"etm.portal.ui.managecatalogs.view.Detail","viewId":"application-managecatalogs-display-component---detailCatalog","i18NText":{"propertyName":"text","key":"save"},"interaction":{"idSuffix":"BDI-content"}},"wdio_ui5_key":"etmportal.ui.managecatalogs.view.Detailsap.m.Button{\"propertyName\":\"text\",\"key\":\"save\"}"}]}
RESULT: undefined
COMMAND: POST /session/2fbb17261cc6fb074d1493bb698829b1/element - {"using":"xpath","value":"//*[@id=\"__button43\"]"}
RESULT: {"using":"xpath","value":"//*[@id=\"__button43\"]"}
COMMAND: POST /session/2fbb17261cc6fb074d1493bb698829b1/element/f.73F923247D4A980C1D654B50CBD09E00.d.B74FC805EE30405F453D55C38B0E280F.e.8012/click - {}
RESULT: {}
COMMAND: GET /session/2fbb17261cc6fb074d1493bb698829b1/screenshot - {}
RESULT: {}
COMMAND: POST /session/2fbb17261cc6fb074d1493bb698829b1/element - {"using":"css selector","value":"#shell-header-logo"}
RESULT: {"using":"css selector","value":"#shell-header-logo"}
COMMAND: POST /session/2fbb17261cc6fb074d1493bb698829b1/element/f.73F923247D4A980C1D654B50CBD09E00.d.B74FC805EE30405F453D55C38B0E280F.e.7833/click - {}
RESULT: {}
COMMAND: GET /session/2fbb17261cc6fb074d1493bb698829b1/screenshot - {}
]]></system-out>
    </testcase>
    <testcase classname="chrome.136_0_7103_93.windows.Manage_requests_-_requests_specifications_US141095" name="Should create a new request and add the catalog item with the specifications" time="154.507">
      <system-out><![CDATA[
COMMAND: POST /session/2fbb17261cc6fb074d1493bb698829b1/execute/async - {"script":"<script> [1562 bytes]","args":[{"selector":{"controlType":"sap.m.GenericTile","properties":{"header":"Manage Requests"}},"wdio_ui5_key":"sapm.GenericTile{\"header\":\"Manage Requests\"}"}]}
RESULT: {}
RESULT: {"script":"<script> [1562 bytes]","args":[{"selector":{"controlType":"sap.m.GenericTile","properties":{"header":"Manage Requests"}},"wdio_ui5_key":"sapm.GenericTile{\"header\":\"Manage Requests\"}"}]}
RESULT: undefined
COMMAND: POST /session/2fbb17261cc6fb074d1493bb698829b1/element - {"using":"xpath","value":"//*[@id=\"__tile47\"]"}
RESULT: {"using":"xpath","value":"//*[@id=\"__tile47\"]"}
COMMAND: POST /session/2fbb17261cc6fb074d1493bb698829b1/element/f.73F923247D4A980C1D654B50CBD09E00.d.B74FC805EE30405F453D55C38B0E280F.e.8121/click - {}
RESULT: {}
COMMAND: GET /session/2fbb17261cc6fb074d1493bb698829b1/screenshot - {}
RESULT: {}
COMMAND: POST /session/2fbb17261cc6fb074d1493bb698829b1/elements - {"using":"xpath","value":"//span[text()='Error']"}
RESULT: {"using":"xpath","value":"//span[text()='Error']"}
COMMAND: POST /session/2fbb17261cc6fb074d1493bb698829b1/element - {"using":"xpath","value":"//button[contains(@data-kt ,\"btnCreateNewOverflowToolbarButton\")]"}
COMMAND: POST /session/2fbb17261cc6fb074d1493bb698829b1/element - {"using":"xpath","value":"(//span[contains(@class ,\"sapMObjStatusText\")])[1]"}
RESULT: {"using":"xpath","value":"//button[contains(@data-kt ,\"btnCreateNewOverflowToolbarButton\")]"}
COMMAND: POST /session/2fbb17261cc6fb074d1493bb698829b1/element/f.73F923247D4A980C1D654B50CBD09E00.d.B74FC805EE30405F453D55C38B0E280F.e.8177/click - {}
RESULT: {"using":"xpath","value":"(//span[contains(@class ,\"sapMObjStatusText\")])[1]"}
COMMAND: POST /session/2fbb17261cc6fb074d1493bb698829b1/execute/sync - {"script":"<script> [8489 bytes]","args":[{"element-6066-11e4-a52e-4f735466cecf":"f.73F923247D4A980C1D654B50CBD09E00.d.B74FC805EE30405F453D55C38B0E280F.e.8215","ELEMENT":"f.73F923247D4A980C1D654B50CBD09E00.d.B74FC805EE30405F453D55C38B0E280F.e.8215"}]}
RESULT: {}
COMMAND: GET /session/2fbb17261cc6fb074d1493bb698829b1/screenshot - {}
RESULT: {"script":"<script> [8489 bytes]","args":[{"element-6066-11e4-a52e-4f735466cecf":"f.73F923247D4A980C1D654B50CBD09E00.d.B74FC805EE30405F453D55C38B0E280F.e.8215","ELEMENT":"f.73F923247D4A980C1D654B50CBD09E00.d.B74FC805EE30405F453D55C38B0E280F.e.8215"}]}
COMMAND: GET /session/2fbb17261cc6fb074d1493bb698829b1/screenshot - {}
RESULT: {}
RESULT: {}
COMMAND: POST /session/2fbb17261cc6fb074d1493bb698829b1/element - {"using":"xpath","value":"//input[contains(@id ,\"yardId-inner\")]"}
RESULT: {"using":"xpath","value":"//input[contains(@id ,\"yardId-inner\")]"}
COMMAND: POST /session/2fbb17261cc6fb074d1493bb698829b1/execute/sync - {"script":"<script> [8489 bytes]","args":[{"element-6066-11e4-a52e-4f735466cecf":"f.73F923247D4A980C1D654B50CBD09E00.d.B74FC805EE30405F453D55C38B0E280F.e.8297","ELEMENT":"f.73F923247D4A980C1D654B50CBD09E00.d.B74FC805EE30405F453D55C38B0E280F.e.8297"}]}
RESULT: {"script":"<script> [8489 bytes]","args":[{"element-6066-11e4-a52e-4f735466cecf":"f.73F923247D4A980C1D654B50CBD09E00.d.B74FC805EE30405F453D55C38B0E280F.e.8297","ELEMENT":"f.73F923247D4A980C1D654B50CBD09E00.d.B74FC805EE30405F453D55C38B0E280F.e.8297"}]}
COMMAND: POST /session/2fbb17261cc6fb074d1493bb698829b1/element - {"using":"xpath","value":"//input[contains(@id ,\"yardId-inner\")]"}
COMMAND: GET /session/2fbb17261cc6fb074d1493bb698829b1/screenshot - {}
RESULT: {"using":"xpath","value":"//input[contains(@id ,\"yardId-inner\")]"}
COMMAND: GET /session/2fbb17261cc6fb074d1493bb698829b1/element/f.73F923247D4A980C1D654B50CBD09E00.d.B74FC805EE30405F453D55C38B0E280F.e.8297/enabled - {}
RESULT: {}
RESULT: {}
COMMAND: POST /session/2fbb17261cc6fb074d1493bb698829b1/element/f.73F923247D4A980C1D654B50CBD09E00.d.B74FC805EE30405F453D55C38B0E280F.e.8297/clear - {}
COMMAND: GET /session/2fbb17261cc6fb074d1493bb698829b1/screenshot - {}
RESULT: {}
COMMAND: POST /session/2fbb17261cc6fb074d1493bb698829b1/element/f.73F923247D4A980C1D654B50CBD09E00.d.B74FC805EE30405F453D55C38B0E280F.e.8297/value - {"text":"WebdriverYardh82nxi"}
COMMAND: GET /session/2fbb17261cc6fb074d1493bb698829b1/screenshot - {}
RESULT: {}
RESULT: {"text":"WebdriverYardh82nxi"}
COMMAND: GET /session/2fbb17261cc6fb074d1493bb698829b1/screenshot - {}
RESULT: {}
RESULT: {}
COMMAND: POST /session/2fbb17261cc6fb074d1493bb698829b1/actions - {"actions":[{"id":"action52","type":"key","parameters":{},"actions":[{"type":"keyDown","value":""},{"type":"pause","duration":10},{"type":"keyUp","value":""}]}]}
COMMAND: POST /session/2fbb17261cc6fb074d1493bb698829b1/element - {"using":"xpath","value":"//input[contains(@id ,\"customerNumber-inner\")]"}
RESULT: {"actions":[{"id":"action52","type":"key","parameters":{},"actions":[{"type":"keyDown","value":""},{"type":"pause","duration":10},{"type":"keyUp","value":""}]}]}
COMMAND: GET /session/2fbb17261cc6fb074d1493bb698829b1/screenshot - {}
RESULT: {"using":"xpath","value":"//input[contains(@id ,\"customerNumber-inner\")]"}
COMMAND: POST /session/2fbb17261cc6fb074d1493bb698829b1/element/f.73F923247D4A980C1D654B50CBD09E00.d.B74FC805EE30405F453D55C38B0E280F.e.8291/value - {"text":"WebdriverPartner6lsih"}
RESULT: {}
RESULT: {"text":"WebdriverPartner6lsih"}
COMMAND: GET /session/2fbb17261cc6fb074d1493bb698829b1/screenshot - {}
RESULT: {}
COMMAND: POST /session/2fbb17261cc6fb074d1493bb698829b1/actions - {"actions":[{"id":"action53","type":"key","parameters":{},"actions":[{"type":"keyDown","value":""},{"type":"pause","duration":10},{"type":"keyUp","value":""}]}]}
RESULT: {"actions":[{"id":"action53","type":"key","parameters":{},"actions":[{"type":"keyDown","value":""},{"type":"pause","duration":10},{"type":"keyUp","value":""}]}]}
COMMAND: GET /session/2fbb17261cc6fb074d1493bb698829b1/screenshot - {}
RESULT: {}
COMMAND: POST /session/2fbb17261cc6fb074d1493bb698829b1/element - {"using":"xpath","value":"//input[contains(@id ,\"requestSiteId-inner\")]"}
RESULT: {"using":"xpath","value":"//input[contains(@id ,\"requestSiteId-inner\")]"}
COMMAND: POST /session/2fbb17261cc6fb074d1493bb698829b1/element/f.73F923247D4A980C1D654B50CBD09E00.d.B74FC805EE30405F453D55C38B0E280F.e.8290/value - {"text":"WebdriverSitefc5qkg"}
RESULT: {"text":"WebdriverSitefc5qkg"}
COMMAND: GET /session/2fbb17261cc6fb074d1493bb698829b1/screenshot - {}
RESULT: {}
COMMAND: POST /session/2fbb17261cc6fb074d1493bb698829b1/actions - {"actions":[{"id":"action54","type":"key","parameters":{},"actions":[{"type":"keyDown","value":""},{"type":"pause","duration":10},{"type":"keyUp","value":""}]}]}
RESULT: {"actions":[{"id":"action54","type":"key","parameters":{},"actions":[{"type":"keyDown","value":""},{"type":"pause","duration":10},{"type":"keyUp","value":""}]}]}
COMMAND: POST /session/2fbb17261cc6fb074d1493bb698829b1/execute/async - {"script":"<script> [1562 bytes]","args":[{"selector":{"controlType":"sap.ui.core.Icon","viewName":"etm.portal.ui.managerequests.view.NewRequest","properties":{"src":{"regex":{"source":"add"}}}},"wdio_ui5_key":"etmportal.ui.managerequests.view.NewRequestsap.ui.core.Icon{\"src\":{\"regex\":{\"source\":\"add\"}}}"}]}
COMMAND: GET /session/2fbb17261cc6fb074d1493bb698829b1/screenshot - {}
RESULT: {"script":"<script> [1562 bytes]","args":[{"selector":{"controlType":"sap.ui.core.Icon","viewName":"etm.portal.ui.managerequests.view.NewRequest","properties":{"src":{"regex":{"source":"add"}}}},"wdio_ui5_key":"etmportal.ui.managerequests.view.NewRequestsap.ui.core.Icon{\"src\":{\"regex\":{\"source\":\"add\"}}}"}]}
RESULT: undefined
COMMAND: POST /session/2fbb17261cc6fb074d1493bb698829b1/element - {"using":"xpath","value":"//*[@id=\"__xmlview59--btnAddTableRow-img\"]"}
RESULT: {}
RESULT: {"using":"xpath","value":"//*[@id=\"__xmlview59--btnAddTableRow-img\"]"}
COMMAND: POST /session/2fbb17261cc6fb074d1493bb698829b1/element/f.73F923247D4A980C1D654B50CBD09E00.d.B74FC805EE30405F453D55C38B0E280F.e.8467/click - {}
RESULT: {}
COMMAND: GET /session/2fbb17261cc6fb074d1493bb698829b1/screenshot - {}
RESULT: {}
COMMAND: POST /session/2fbb17261cc6fb074d1493bb698829b1/actions - {"actions":[{"id":"action55","type":"key","parameters":{},"actions":[{"type":"keyDown","value":""},{"type":"pause","duration":10},{"type":"keyUp","value":""}]}]}
RESULT: {"actions":[{"id":"action55","type":"key","parameters":{},"actions":[{"type":"keyDown","value":""},{"type":"pause","duration":10},{"type":"keyUp","value":""}]}]}
COMMAND: POST /session/2fbb17261cc6fb074d1493bb698829b1/actions - {"actions":[{"id":"action56","type":"key","parameters":{},"actions":[{"type":"keyDown","value":""},{"type":"pause","duration":10},{"type":"keyUp","value":""}]}]}
COMMAND: GET /session/2fbb17261cc6fb074d1493bb698829b1/screenshot - {}
RESULT: {"actions":[{"id":"action56","type":"key","parameters":{},"actions":[{"type":"keyDown","value":""},{"type":"pause","duration":10},{"type":"keyUp","value":""}]}]}
COMMAND: POST /session/2fbb17261cc6fb074d1493bb698829b1/element - {"using":"xpath","value":"(//input[contains(@id ,\"requestItemsTable-0-inner\")])[1]"}
COMMAND: GET /session/2fbb17261cc6fb074d1493bb698829b1/screenshot - {}
RESULT: {}
RESULT: {"using":"xpath","value":"(//input[contains(@id ,\"requestItemsTable-0-inner\")])[1]"}
COMMAND: POST /session/2fbb17261cc6fb074d1493bb698829b1/element/f.73F923247D4A980C1D654B50CBD09E00.d.B74FC805EE30405F453D55C38B0E280F.e.8472/clear - {}
RESULT: {}
RESULT: {}
COMMAND: POST /session/2fbb17261cc6fb074d1493bb698829b1/element/f.73F923247D4A980C1D654B50CBD09E00.d.B74FC805EE30405F453D55C38B0E280F.e.8472/value - {"text":"catalogItemNamejtrb4"}
COMMAND: GET /session/2fbb17261cc6fb074d1493bb698829b1/screenshot - {}
RESULT: {"text":"catalogItemNamejtrb4"}
COMMAND: GET /session/2fbb17261cc6fb074d1493bb698829b1/screenshot - {}
RESULT: {}
RESULT: {}
COMMAND: POST /session/2fbb17261cc6fb074d1493bb698829b1/actions - {"actions":[{"id":"action57","type":"key","parameters":{},"actions":[{"type":"keyDown","value":""},{"type":"pause","duration":10},{"type":"keyUp","value":""}]}]}
RESULT: {"actions":[{"id":"action57","type":"key","parameters":{},"actions":[{"type":"keyDown","value":""},{"type":"pause","duration":10},{"type":"keyUp","value":""}]}]}
COMMAND: GET /session/2fbb17261cc6fb074d1493bb698829b1/screenshot - {}
RESULT: {}
COMMAND: POST /session/2fbb17261cc6fb074d1493bb698829b1/execute/async - {"script":"<script> [1562 bytes]","args":[{"selector":{"controlType":"sap.m.Button","viewName":"etm.portal.ui.managerequests.view.NewRequest","i18NText":{"propertyName":"text","key":"requestSpecifications"},"interaction":{"idSuffix":"BDI-content"}},"wdio_ui5_key":"etmportal.ui.managerequests.view.NewRequestsap.m.Button{\"propertyName\":\"text\",\"key\":\"requestSpecifications\"}"}]}
RESULT: {"script":"<script> [1562 bytes]","args":[{"selector":{"controlType":"sap.m.Button","viewName":"etm.portal.ui.managerequests.view.NewRequest","i18NText":{"propertyName":"text","key":"requestSpecifications"},"interaction":{"idSuffix":"BDI-content"}},"wdio_ui5_key":"etmportal.ui.managerequests.view.NewRequestsap.m.Button{\"propertyName\":\"text\",\"key\":\"requestSpecifications\"}"}]}
RESULT: undefined
COMMAND: POST /session/2fbb17261cc6fb074d1493bb698829b1/element - {"using":"xpath","value":"//*[@id=\"__button78-__xmlview59--requestItemsTable-0\"]"}
RESULT: {"using":"xpath","value":"//*[@id=\"__button78-__xmlview59--requestItemsTable-0\"]"}
COMMAND: POST /session/2fbb17261cc6fb074d1493bb698829b1/element/f.73F923247D4A980C1D654B50CBD09E00.d.B74FC805EE30405F453D55C38B0E280F.e.8486/click - {}
RESULT: {}
COMMAND: GET /session/2fbb17261cc6fb074d1493bb698829b1/screenshot - {}
RESULT: {}
COMMAND: POST /session/2fbb17261cc6fb074d1493bb698829b1/element - {"using":"xpath","value":"//input[@value=\"red\"]"}
RESULT: {"using":"xpath","value":"//input[@value=\"red\"]"}
COMMAND: POST /session/2fbb17261cc6fb074d1493bb698829b1/elements - {"using":"xpath","value":"//input[@value=\"red\"]"}
RESULT: {"using":"xpath","value":"//input[@value=\"red\"]"}
COMMAND: POST /session/2fbb17261cc6fb074d1493bb698829b1/execute/async - {"script":"<script> [1562 bytes]","args":[{"selector":{"controlType":"sap.m.Text","viewName":"etm.portal.ui.managerequests.view.NewRequest","bindingPath":{"path":"/currentEntries/0/PROPERTIES/0","propertyPath":"DESCRIPTION","modelName":"techSpecsClassificationModel"},"searchOpenDialogs":true},"wdio_ui5_key":"etmportal.ui.managerequests.view.NewRequestsap.m.Text{\"path\":\"/currentEntries/0/PROPERTIES/0\",\"propertyPath\":\"DESCRIPTION\",\"modelName\":\"techSpecsClassificationModel\"}"}]}
RESULT: {"script":"<script> [1562 bytes]","args":[{"selector":{"controlType":"sap.m.Text","viewName":"etm.portal.ui.managerequests.view.NewRequest","bindingPath":{"path":"/currentEntries/0/PROPERTIES/0","propertyPath":"DESCRIPTION","modelName":"techSpecsClassificationModel"},"searchOpenDialogs":true},"wdio_ui5_key":"etmportal.ui.managerequests.view.NewRequestsap.m.Text{\"path\":\"/currentEntries/0/PROPERTIES/0\",\"propertyPath\":\"DESCRIPTION\",\"modelName\":\"techSpecsClassificationModel\"}"}]}
RESULT: undefined
COMMAND: POST /session/2fbb17261cc6fb074d1493bb698829b1/execute/async - {"script":"<script> [6424 bytes]","args":[{"element-6066-11e4-a52e-4f735466cecf":"f.73F923247D4A980C1D654B50CBD09E00.d.B74FC805EE30405F453D55C38B0E280F.e.8494"},"getText",[]]}
RESULT: {"script":"<script> [6424 bytes]","args":[{"element-6066-11e4-a52e-4f735466cecf":"f.73F923247D4A980C1D654B50CBD09E00.d.B74FC805EE30405F453D55C38B0E280F.e.8494"},"getText",[]]}
COMMAND: POST /session/2fbb17261cc6fb074d1493bb698829b1/execute/async - {"script":"<script> [1562 bytes]","args":[{"selector":{"controlType":"sap.ui.core.Icon","viewName":"etm.portal.ui.managerequests.view.NewRequest","properties":{"src":{"regex":{"source":"slim\\-arrow\\-down"}}},"searchOpenDialogs":true},"wdio_ui5_key":"etmportal.ui.managerequests.view.NewRequestsap.ui.core.Icon{\"src\":{\"regex\":{\"source\":\"slim\\\\-arrow\\\\-down\"}}}"}]}
RESULT: {"script":"<script> [1562 bytes]","args":[{"selector":{"controlType":"sap.ui.core.Icon","viewName":"etm.portal.ui.managerequests.view.NewRequest","properties":{"src":{"regex":{"source":"slim\\-arrow\\-down"}}},"searchOpenDialogs":true},"wdio_ui5_key":"etmportal.ui.managerequests.view.NewRequestsap.ui.core.Icon{\"src\":{\"regex\":{\"source\":\"slim\\\\-arrow\\\\-down\"}}}"}]}
RESULT: undefined
COMMAND: POST /session/2fbb17261cc6fb074d1493bb698829b1/element - {"using":"xpath","value":"//*[@id=\"__box58-arrow\"]"}
RESULT: {"using":"xpath","value":"//*[@id=\"__box58-arrow\"]"}
COMMAND: POST /session/2fbb17261cc6fb074d1493bb698829b1/element/f.73F923247D4A980C1D654B50CBD09E00.d.B74FC805EE30405F453D55C38B0E280F.e.8495/click - {}
RESULT: {}
COMMAND: POST /session/2fbb17261cc6fb074d1493bb698829b1/execute/async - {"script":"<script> [1562 bytes]","args":[{"selector":{"controlType":"sap.m.StandardListItem","viewName":"etm.portal.ui.managerequests.view.NewRequest","properties":{"title":"blue"},"searchOpenDialogs":true,"interaction":{"idSuffix":"content"}},"wdio_ui5_key":"etmportal.ui.managerequests.view.NewRequestsap.m.StandardListItem{\"title\":\"blue\"}"}]}
COMMAND: GET /session/2fbb17261cc6fb074d1493bb698829b1/screenshot - {}
RESULT: {"script":"<script> [1562 bytes]","args":[{"selector":{"controlType":"sap.m.StandardListItem","viewName":"etm.portal.ui.managerequests.view.NewRequest","properties":{"title":"blue"},"searchOpenDialogs":true,"interaction":{"idSuffix":"content"}},"wdio_ui5_key":"etmportal.ui.managerequests.view.NewRequestsap.m.StandardListItem{\"title\":\"blue\"}"}]}
RESULT: undefined
COMMAND: POST /session/2fbb17261cc6fb074d1493bb698829b1/element - {"using":"xpath","value":"//*[@id=\"__item655\"]"}
RESULT: {}
RESULT: {"using":"xpath","value":"//*[@id=\"__item655\"]"}
COMMAND: POST /session/2fbb17261cc6fb074d1493bb698829b1/element/f.73F923247D4A980C1D654B50CBD09E00.d.B74FC805EE30405F453D55C38B0E280F.e.8498/click - {}
RESULT: {}
COMMAND: GET /session/2fbb17261cc6fb074d1493bb698829b1/screenshot - {}
RESULT: {}
COMMAND: POST /session/2fbb17261cc6fb074d1493bb698829b1/execute/async - {"script":"<script> [1562 bytes]","args":[{"selector":{"id":"saveButton","viewName":"etm.portal.ui.managerequests.view.NewRequest","searchOpenDialogs":true,"interaction":{"idSuffix":"BDI-content"}},"wdio_ui5_key":"saveButtonetmportal.ui.managerequests.view.NewRequest"}]}
RESULT: {"script":"<script> [1562 bytes]","args":[{"selector":{"id":"saveButton","viewName":"etm.portal.ui.managerequests.view.NewRequest","searchOpenDialogs":true,"interaction":{"idSuffix":"BDI-content"}},"wdio_ui5_key":"saveButtonetmportal.ui.managerequests.view.NewRequest"}]}
RESULT: undefined
COMMAND: POST /session/2fbb17261cc6fb074d1493bb698829b1/element - {"using":"xpath","value":"//*[@id=\"__xmlview59--saveButton\"]"}
RESULT: {"using":"xpath","value":"//*[@id=\"__xmlview59--saveButton\"]"}
COMMAND: POST /session/2fbb17261cc6fb074d1493bb698829b1/element/f.73F923247D4A980C1D654B50CBD09E00.d.B74FC805EE30405F453D55C38B0E280F.e.8492/click - {}
RESULT: {}
COMMAND: POST /session/2fbb17261cc6fb074d1493bb698829b1/execute/async - {"script":"<script> [1562 bytes]","args":[{"selector":{"controlType":"sap.ui.core.Icon","viewName":"etm.portal.ui.managerequests.view.NewRequest","properties":{"src":{"regex":{"source":"slim\\-arrow\\-down"}}},"ancestor":{"controlType":"sap.m.Button","viewName":"etm.portal.ui.managerequests.view.NewRequest","properties":{"icon":"sap-icon://slim-arrow-down"}}},"wdio_ui5_key":"etmportal.ui.managerequests.view.NewRequestsap.ui.core.Icon{\"src\":{\"regex\":{\"source\":\"slim\\\\-arrow\\\\-down\"}}}{\"controlType\":\"sap.m.Button\",\"viewName\":\"etm.portal.ui.managerequests.view.NewRequest\",\"properties\":{\"icon\":\"sap-icon://slim-arrow-down\"}}"}]}
COMMAND: GET /session/2fbb17261cc6fb074d1493bb698829b1/screenshot - {}
RESULT: {"script":"<script> [1562 bytes]","args":[{"selector":{"controlType":"sap.ui.core.Icon","viewName":"etm.portal.ui.managerequests.view.NewRequest","properties":{"src":{"regex":{"source":"slim\\-arrow\\-down"}}},"ancestor":{"controlType":"sap.m.Button","viewName":"etm.portal.ui.managerequests.view.NewRequest","properties":{"icon":"sap-icon://slim-arrow-down"}}},"wdio_ui5_key":"etmportal.ui.managerequests.view.NewRequestsap.ui.core.Icon{\"src\":{\"regex\":{\"source\":\"slim\\\\-arrow\\\\-down\"}}}{\"controlType\":\"sap.m.Button\",\"viewName\":\"etm.portal.ui.managerequests.view.NewRequest\",\"properties\":{\"icon\":\"sap-icon://slim-arrow-down\"}}"}]}
RESULT: undefined
RESULT: {}
COMMAND: POST /session/2fbb17261cc6fb074d1493bb698829b1/element - {"using":"xpath","value":"//div[contains(@data-kt ,\"splitAllocationObjectStatus\")]"}
RESULT: {"using":"xpath","value":"//div[contains(@data-kt ,\"splitAllocationObjectStatus\")]"}
COMMAND: POST /session/2fbb17261cc6fb074d1493bb698829b1/elements - {"using":"xpath","value":"//div[contains(@data-kt ,\"splitAllocationObjectStatus\")]"}
RESULT: {"using":"xpath","value":"//div[contains(@data-kt ,\"splitAllocationObjectStatus\")]"}
COMMAND: POST /session/2fbb17261cc6fb074d1493bb698829b1/execute/async - {"script":"<script> [1562 bytes]","args":[{"selector":{"controlType":"sap.ui.core.Icon","viewName":"etm.portal.ui.managerequests.view.NewRequest","properties":{"src":{"regex":{"source":"message\\-error"}}}},"wdio_ui5_key":"etmportal.ui.managerequests.view.NewRequestsap.ui.core.Icon{\"src\":{\"regex\":{\"source\":\"message\\\\-error\"}}}"}]}
RESULT: {"script":"<script> [1562 bytes]","args":[{"selector":{"controlType":"sap.ui.core.Icon","viewName":"etm.portal.ui.managerequests.view.NewRequest","properties":{"src":{"regex":{"source":"message\\-error"}}}},"wdio_ui5_key":"etmportal.ui.managerequests.view.NewRequestsap.ui.core.Icon{\"src\":{\"regex\":{\"source\":\"message\\\\-error\"}}}"}]}
RESULT: undefined
COMMAND: POST /session/2fbb17261cc6fb074d1493bb698829b1/element - {"using":"xpath","value":"//*[@id=\"__status4-__xmlview59--requestItemsTable-0-icon\"]"}
RESULT: {"using":"xpath","value":"//*[@id=\"__status4-__xmlview59--requestItemsTable-0-icon\"]"}
COMMAND: POST /session/2fbb17261cc6fb074d1493bb698829b1/element/f.73F923247D4A980C1D654B50CBD09E00.d.B74FC805EE30405F453D55C38B0E280F.e.8501/click - {}
RESULT: {}
COMMAND: POST /session/2fbb17261cc6fb074d1493bb698829b1/execute/async - {"script":"<script> [1562 bytes]","args":[{"selector":{"controlType":"sap.ui.core.Icon","viewName":"etm.portal.ui.managerequests.view.NewRequest","properties":{"src":{"regex":{"source":"slim\\-arrow\\-down"}}},"searchOpenDialogs":true,"ancestor":{"id":"costObjectAdminTypeComboBox","viewName":"etm.portal.ui.managerequests.view.NewRequest","searchOpenDialogs":true}},"wdio_ui5_key":"etmportal.ui.managerequests.view.NewRequestsap.ui.core.Icon{\"src\":{\"regex\":{\"source\":\"slim\\\\-arrow\\\\-down\"}}}{\"id\":\"costObjectAdminTypeComboBox\",\"viewName\":\"etm.portal.ui.managerequests.view.NewRequest\",\"searchOpenDialogs\":true}"}]}
COMMAND: GET /session/2fbb17261cc6fb074d1493bb698829b1/screenshot - {}
RESULT: {"script":"<script> [1562 bytes]","args":[{"selector":{"controlType":"sap.ui.core.Icon","viewName":"etm.portal.ui.managerequests.view.NewRequest","properties":{"src":{"regex":{"source":"slim\\-arrow\\-down"}}},"searchOpenDialogs":true,"ancestor":{"id":"costObjectAdminTypeComboBox","viewName":"etm.portal.ui.managerequests.view.NewRequest","searchOpenDialogs":true}},"wdio_ui5_key":"etmportal.ui.managerequests.view.NewRequestsap.ui.core.Icon{\"src\":{\"regex\":{\"source\":\"slim\\\\-arrow\\\\-down\"}}}{\"id\":\"costObjectAdminTypeComboBox\",\"viewName\":\"etm.portal.ui.managerequests.view.NewRequest\",\"searchOpenDialogs\":true}"}]}
RESULT: undefined
COMMAND: POST /session/2fbb17261cc6fb074d1493bb698829b1/element - {"using":"xpath","value":"//*[@id=\"__xmlview59--costObjectAdminTypeComboBox-arrow\"]"}
RESULT: {}
RESULT: {"using":"xpath","value":"//*[@id=\"__xmlview59--costObjectAdminTypeComboBox-arrow\"]"}
COMMAND: POST /session/2fbb17261cc6fb074d1493bb698829b1/element/f.73F923247D4A980C1D654B50CBD09E00.d.B74FC805EE30405F453D55C38B0E280F.e.8505/click - {}
RESULT: {}
COMMAND: POST /session/2fbb17261cc6fb074d1493bb698829b1/execute/async - {"script":"<script> [1562 bytes]","args":[{"selector":{"controlType":"sap.m.StandardListItem","viewName":"etm.portal.ui.managerequests.view.NewRequest","properties":{"title":"Cost Center"},"searchOpenDialogs":true,"interaction":{"idSuffix":"titleText"}},"wdio_ui5_key":"etmportal.ui.managerequests.view.NewRequestsap.m.StandardListItem{\"title\":\"Cost Center\"}"}]}
COMMAND: GET /session/2fbb17261cc6fb074d1493bb698829b1/screenshot - {}
RESULT: {"script":"<script> [1562 bytes]","args":[{"selector":{"controlType":"sap.m.StandardListItem","viewName":"etm.portal.ui.managerequests.view.NewRequest","properties":{"title":"Cost Center"},"searchOpenDialogs":true,"interaction":{"idSuffix":"titleText"}},"wdio_ui5_key":"etmportal.ui.managerequests.view.NewRequestsap.m.StandardListItem{\"title\":\"Cost Center\"}"}]}
RESULT: undefined
COMMAND: POST /session/2fbb17261cc6fb074d1493bb698829b1/element - {"using":"xpath","value":"//*[@id=\"__item658\"]"}
RESULT: {}
RESULT: {"using":"xpath","value":"//*[@id=\"__item658\"]"}
COMMAND: POST /session/2fbb17261cc6fb074d1493bb698829b1/element/f.73F923247D4A980C1D654B50CBD09E00.d.B74FC805EE30405F453D55C38B0E280F.e.8508/click - {}
RESULT: {}
COMMAND: GET /session/2fbb17261cc6fb074d1493bb698829b1/screenshot - {}
RESULT: {}
COMMAND: POST /session/2fbb17261cc6fb074d1493bb698829b1/execute/async - {"script":"<script> [1562 bytes]","args":[{"selector":{"controlType":"sap.ui.core.Icon","viewName":"etm.portal.ui.managerequests.view.NewRequest","properties":{"src":{"regex":{"source":"value\\-help"}}},"searchOpenDialogs":true},"wdio_ui5_key":"etmportal.ui.managerequests.view.NewRequestsap.ui.core.Icon{\"src\":{\"regex\":{\"source\":\"value\\\\-help\"}}}"}]}
RESULT: {"script":"<script> [1562 bytes]","args":[{"selector":{"controlType":"sap.ui.core.Icon","viewName":"etm.portal.ui.managerequests.view.NewRequest","properties":{"src":{"regex":{"source":"value\\-help"}}},"searchOpenDialogs":true},"wdio_ui5_key":"etmportal.ui.managerequests.view.NewRequestsap.ui.core.Icon{\"src\":{\"regex\":{\"source\":\"value\\\\-help\"}}}"}]}
RESULT: undefined
COMMAND: POST /session/2fbb17261cc6fb074d1493bb698829b1/element - {"using":"xpath","value":"//*[@id=\"__xmlview59--costObjectIdComboBox-vhi\"]"}
RESULT: {"using":"xpath","value":"//*[@id=\"__xmlview59--costObjectIdComboBox-vhi\"]"}
COMMAND: POST /session/2fbb17261cc6fb074d1493bb698829b1/element/f.73F923247D4A980C1D654B50CBD09E00.d.B74FC805EE30405F453D55C38B0E280F.e.8515/click - {}
RESULT: {}
COMMAND: POST /session/2fbb17261cc6fb074d1493bb698829b1/execute/async - {"script":"<script> [1562 bytes]","args":[{"selector":{"controlType":"sap.m.SearchField","properties":{"placeholder":"Search"},"searchOpenDialogs":true,"interaction":{"idSuffix":"I"}},"wdio_ui5_key":"sapm.SearchField{\"placeholder\":\"Search\"}"}]}
COMMAND: GET /session/2fbb17261cc6fb074d1493bb698829b1/screenshot - {}
RESULT: {"script":"<script> [1562 bytes]","args":[{"selector":{"controlType":"sap.m.SearchField","properties":{"placeholder":"Search"},"searchOpenDialogs":true,"interaction":{"idSuffix":"I"}},"wdio_ui5_key":"sapm.SearchField{\"placeholder\":\"Search\"}"}]}
RESULT: undefined
COMMAND: POST /session/2fbb17261cc6fb074d1493bb698829b1/execute/async - {"script":"<script> [776 bytes]","args":[{"enterText":"10001010","selector":{"controlType":"sap.m.SearchField","properties":{"placeholder":"Search"},"searchOpenDialogs":true,"interaction":{"idSuffix":"I"}},"clearTextFirst":true,"interactionType":"ENTER_TEXT"}]}
RESULT: {}
RESULT: {"script":"<script> [776 bytes]","args":[{"enterText":"10001010","selector":{"controlType":"sap.m.SearchField","properties":{"placeholder":"Search"},"searchOpenDialogs":true,"interaction":{"idSuffix":"I"}},"clearTextFirst":true,"interactionType":"ENTER_TEXT"}]}
COMMAND: POST /session/2fbb17261cc6fb074d1493bb698829b1/actions - {"actions":[{"id":"action58","type":"key","parameters":{},"actions":[{"type":"keyDown","value":""},{"type":"pause","duration":10},{"type":"keyUp","value":""}]}]}
RESULT: {"actions":[{"id":"action58","type":"key","parameters":{},"actions":[{"type":"keyDown","value":""},{"type":"pause","duration":10},{"type":"keyUp","value":""}]}]}
COMMAND: GET /session/2fbb17261cc6fb074d1493bb698829b1/screenshot - {}
RESULT: {}
COMMAND: POST /session/2fbb17261cc6fb074d1493bb698829b1/execute/async - {"script":"<script> [1562 bytes]","args":[{"selector":{"controlType":"sap.m.Text","bindingPath":{"path":"/C_CostCtrValueHelp(CostCenter='10001010',ControllingArea='Z001')","propertyPath":"CostCenterName","modelName":"CostCenterModel"},"searchOpenDialogs":true},"wdio_ui5_key":"sapm.Text{\"path\":\"/C_CostCtrValueHelp(CostCenter='10001010',ControllingArea='Z001')\",\"propertyPath\":\"CostCenterName\",\"modelName\":\"CostCenterModel\"}"}]}
RESULT: {"script":"<script> [1562 bytes]","args":[{"selector":{"controlType":"sap.m.Text","bindingPath":{"path":"/C_CostCtrValueHelp(CostCenter='10001010',ControllingArea='Z001')","propertyPath":"CostCenterName","modelName":"CostCenterModel"},"searchOpenDialogs":true},"wdio_ui5_key":"sapm.Text{\"path\":\"/C_CostCtrValueHelp(CostCenter='10001010',ControllingArea='Z001')\",\"propertyPath\":\"CostCenterName\",\"modelName\":\"CostCenterModel\"}"}]}
RESULT: undefined
COMMAND: POST /session/2fbb17261cc6fb074d1493bb698829b1/element - {"using":"xpath","value":"//*[@id=\"__text550-__clone875\"]"}
RESULT: {"using":"xpath","value":"//*[@id=\"__text550-__clone875\"]"}
COMMAND: POST /session/2fbb17261cc6fb074d1493bb698829b1/element/f.73F923247D4A980C1D654B50CBD09E00.d.B74FC805EE30405F453D55C38B0E280F.e.8555/click - {}
RESULT: {}
COMMAND: POST /session/2fbb17261cc6fb074d1493bb698829b1/execute/async - {"script":"<script> [1562 bytes]","args":[{"selector":{"controlType":"sap.m.Button","properties":{"text":"OK"},"searchOpenDialogs":true,"interaction":{"idSuffix":"BDI-content"}},"wdio_ui5_key":"sapm.Button{\"text\":\"OK\"}"}]}
COMMAND: GET /session/2fbb17261cc6fb074d1493bb698829b1/screenshot - {}
RESULT: {"script":"<script> [1562 bytes]","args":[{"selector":{"controlType":"sap.m.Button","properties":{"text":"OK"},"searchOpenDialogs":true,"interaction":{"idSuffix":"BDI-content"}},"wdio_ui5_key":"sapm.Button{\"text\":\"OK\"}"}]}
RESULT: undefined
COMMAND: POST /session/2fbb17261cc6fb074d1493bb698829b1/element - {"using":"xpath","value":"//*[@id=\"__dialog2-ok\"]"}
RESULT: {}
RESULT: {"using":"xpath","value":"//*[@id=\"__dialog2-ok\"]"}
COMMAND: POST /session/2fbb17261cc6fb074d1493bb698829b1/element/f.73F923247D4A980C1D654B50CBD09E00.d.B74FC805EE30405F453D55C38B0E280F.e.8557/click - {}
RESULT: {}
COMMAND: GET /session/2fbb17261cc6fb074d1493bb698829b1/screenshot - {}
RESULT: {}
COMMAND: POST /session/2fbb17261cc6fb074d1493bb698829b1/execute/async - {"script":"<script> [1562 bytes]","args":[{"selector":{"controlType":"sap.m.Button","viewName":"etm.portal.ui.managerequests.view.NewRequest","i18NText":{"propertyName":"text","key":"save"},"searchOpenDialogs":true,"interaction":{"idSuffix":"BDI-content"}},"wdio_ui5_key":"etmportal.ui.managerequests.view.NewRequestsap.m.Button{\"propertyName\":\"text\",\"key\":\"save\"}"}]}
RESULT: {"script":"<script> [1562 bytes]","args":[{"selector":{"controlType":"sap.m.Button","viewName":"etm.portal.ui.managerequests.view.NewRequest","i18NText":{"propertyName":"text","key":"save"},"searchOpenDialogs":true,"interaction":{"idSuffix":"BDI-content"}},"wdio_ui5_key":"etmportal.ui.managerequests.view.NewRequestsap.m.Button{\"propertyName\":\"text\",\"key\":\"save\"}"}]}
RESULT: undefined
COMMAND: POST /session/2fbb17261cc6fb074d1493bb698829b1/element - {"using":"xpath","value":"//*[@id=\"__button91\"]"}
RESULT: {"using":"xpath","value":"//*[@id=\"__button91\"]"}
COMMAND: POST /session/2fbb17261cc6fb074d1493bb698829b1/element/f.73F923247D4A980C1D654B50CBD09E00.d.B74FC805EE30405F453D55C38B0E280F.e.8561/click - {}
RESULT: {}
COMMAND: GET /session/2fbb17261cc6fb074d1493bb698829b1/screenshot - {}
RESULT: {}
COMMAND: POST /session/2fbb17261cc6fb074d1493bb698829b1/execute/async - {"script":"<script> [1562 bytes]","args":[{"selector":{"controlType":"sap.m.Button","viewName":"etm.portal.ui.managerequests.view.NewRequest","i18NText":{"propertyName":"tooltip","key":"save"},"interaction":{"idSuffix":"content"}},"wdio_ui5_key":"etmportal.ui.managerequests.view.NewRequestsap.m.Button{\"propertyName\":\"tooltip\",\"key\":\"save\"}"}]}
RESULT: {"script":"<script> [1562 bytes]","args":[{"selector":{"controlType":"sap.m.Button","viewName":"etm.portal.ui.managerequests.view.NewRequest","i18NText":{"propertyName":"tooltip","key":"save"},"interaction":{"idSuffix":"content"}},"wdio_ui5_key":"etmportal.ui.managerequests.view.NewRequestsap.m.Button{\"propertyName\":\"tooltip\",\"key\":\"save\"}"}]}
RESULT: undefined
COMMAND: POST /session/2fbb17261cc6fb074d1493bb698829b1/element - {"using":"xpath","value":"//*[@id=\"__button80\"]"}
RESULT: {"using":"xpath","value":"//*[@id=\"__button80\"]"}
COMMAND: POST /session/2fbb17261cc6fb074d1493bb698829b1/element/f.73F923247D4A980C1D654B50CBD09E00.d.B74FC805EE30405F453D55C38B0E280F.e.8398/click - {}
RESULT: {}
COMMAND: GET /session/2fbb17261cc6fb074d1493bb698829b1/screenshot - {}
RESULT: {}
COMMAND: POST /session/2fbb17261cc6fb074d1493bb698829b1/execute/async - {"script":"<script> [1562 bytes]","args":[{"selector":{"controlType":"sap.m.Title","properties":{"text":"Success"},"searchOpenDialogs":true},"wdio_ui5_key":"sapm.Title{\"text\":\"Success\"}"}]}
RESULT: {"script":"<script> [1562 bytes]","args":[{"selector":{"controlType":"sap.m.Title","properties":{"text":"Success"},"searchOpenDialogs":true},"wdio_ui5_key":"sapm.Title{\"text\":\"Success\"}"}]}
RESULT: undefined
COMMAND: POST /session/2fbb17261cc6fb074d1493bb698829b1/execute/async - {"script":"<script> [6424 bytes]","args":[{"element-6066-11e4-a52e-4f735466cecf":"f.73F923247D4A980C1D654B50CBD09E00.d.B74FC805EE30405F453D55C38B0E280F.e.8566"},"getText",[]]}
RESULT: {"script":"<script> [6424 bytes]","args":[{"element-6066-11e4-a52e-4f735466cecf":"f.73F923247D4A980C1D654B50CBD09E00.d.B74FC805EE30405F453D55C38B0E280F.e.8566"},"getText",[]]}
COMMAND: POST /session/2fbb17261cc6fb074d1493bb698829b1/execute/async - {"script":"<script> [1562 bytes]","args":[{"selector":{"controlType":"sap.m.Button","properties":{"text":"Close"},"searchOpenDialogs":true,"interaction":{"idSuffix":"BDI-content"}},"wdio_ui5_key":"sapm.Button{\"text\":\"Close\"}"}]}
RESULT: {"script":"<script> [1562 bytes]","args":[{"selector":{"controlType":"sap.m.Button","properties":{"text":"Close"},"searchOpenDialogs":true,"interaction":{"idSuffix":"BDI-content"}},"wdio_ui5_key":"sapm.Button{\"text\":\"Close\"}"}]}
RESULT: undefined
COMMAND: POST /session/2fbb17261cc6fb074d1493bb698829b1/element - {"using":"xpath","value":"//*[@id=\"__mbox-btn-0\"]"}
RESULT: {"using":"xpath","value":"//*[@id=\"__mbox-btn-0\"]"}
COMMAND: POST /session/2fbb17261cc6fb074d1493bb698829b1/element/f.73F923247D4A980C1D654B50CBD09E00.d.B74FC805EE30405F453D55C38B0E280F.e.8565/click - {}
RESULT: {}
COMMAND: GET /session/2fbb17261cc6fb074d1493bb698829b1/screenshot - {}
RESULT: {}
COMMAND: POST /session/2fbb17261cc6fb074d1493bb698829b1/execute/async - {"script":"<script> [1562 bytes]","args":[{"selector":{"controlType":"sap.m.Button","viewName":"etm.portal.ui.managerequests.view.Detail","i18NText":{"propertyName":"text","key":"requestSpecifications"},"interaction":{"idSuffix":"BDI-content"}},"wdio_ui5_key":"etmportal.ui.managerequests.view.Detailsap.m.Button{\"propertyName\":\"text\",\"key\":\"requestSpecifications\"}"}]}
RESULT: {"script":"<script> [1562 bytes]","args":[{"selector":{"controlType":"sap.m.Button","viewName":"etm.portal.ui.managerequests.view.Detail","i18NText":{"propertyName":"text","key":"requestSpecifications"},"interaction":{"idSuffix":"BDI-content"}},"wdio_ui5_key":"etmportal.ui.managerequests.view.Detailsap.m.Button{\"propertyName\":\"text\",\"key\":\"requestSpecifications\"}"}]}
RESULT: undefined
COMMAND: POST /session/2fbb17261cc6fb074d1493bb698829b1/element - {"using":"xpath","value":"//*[@id=\"__button107-__clone914\"]"}
RESULT: {"using":"xpath","value":"//*[@id=\"__button107-__clone914\"]"}
COMMAND: POST /session/2fbb17261cc6fb074d1493bb698829b1/element/f.73F923247D4A980C1D654B50CBD09E00.d.B74FC805EE30405F453D55C38B0E280F.e.8681/click - {}
RESULT: {}
COMMAND: GET /session/2fbb17261cc6fb074d1493bb698829b1/screenshot - {}
RESULT: {}
COMMAND: POST /session/2fbb17261cc6fb074d1493bb698829b1/element - {"using":"xpath","value":"//input[@value=\"blue\"]"}
RESULT: {"using":"xpath","value":"//input[@value=\"blue\"]"}
COMMAND: POST /session/2fbb17261cc6fb074d1493bb698829b1/elements - {"using":"xpath","value":"//input[@value=\"blue\"]"}
RESULT: {"using":"xpath","value":"//input[@value=\"blue\"]"}
COMMAND: POST /session/2fbb17261cc6fb074d1493bb698829b1/execute/async - {"script":"<script> [1562 bytes]","args":[{"selector":{"id":"cancelRequestSpecificationsButton","viewName":"etm.portal.ui.managerequests.view.Detail","searchOpenDialogs":true,"interaction":{"idSuffix":"BDI-content"}},"wdio_ui5_key":"cancelRequestSpecificationsButtonetmportal.ui.managerequests.view.Detail"}]}
RESULT: {"script":"<script> [1562 bytes]","args":[{"selector":{"id":"cancelRequestSpecificationsButton","viewName":"etm.portal.ui.managerequests.view.Detail","searchOpenDialogs":true,"interaction":{"idSuffix":"BDI-content"}},"wdio_ui5_key":"cancelRequestSpecificationsButtonetmportal.ui.managerequests.view.Detail"}]}
RESULT: undefined
COMMAND: POST /session/2fbb17261cc6fb074d1493bb698829b1/element - {"using":"xpath","value":"//*[@id=\"__xmlview60--cancelRequestSpecificationsButton\"]"}
RESULT: {"using":"xpath","value":"//*[@id=\"__xmlview60--cancelRequestSpecificationsButton\"]"}
COMMAND: POST /session/2fbb17261cc6fb074d1493bb698829b1/element/f.73F923247D4A980C1D654B50CBD09E00.d.B74FC805EE30405F453D55C38B0E280F.e.8694/click - {}
RESULT: {}
COMMAND: POST /session/2fbb17261cc6fb074d1493bb698829b1/element - {"using":"css selector","value":"#shell-header-logo"}
COMMAND: GET /session/2fbb17261cc6fb074d1493bb698829b1/screenshot - {}
RESULT: {"using":"css selector","value":"#shell-header-logo"}
COMMAND: POST /session/2fbb17261cc6fb074d1493bb698829b1/element/f.73F923247D4A980C1D654B50CBD09E00.d.B74FC805EE30405F453D55C38B0E280F.e.8123/click - {}
RESULT: {}
RESULT: {}
COMMAND: GET /session/2fbb17261cc6fb074d1493bb698829b1/screenshot - {}
RESULT: {}
]]></system-out>
    </testcase>
  </testsuite>
  <testsuite timestamp="2025-05-24T16:04:17" time="351.622" tests="3" failures="0" errors="0" skipped="0">
    <properties>
      <property name="specId" value="0"/>
      <property name="suiteName" value="Reserve/Unreserve request item via reserve option US139161"/>
      <property name="capabilities" value="chrome.136_0_7103_93.windows"/>
      <property name="file" value="file:///D:/a/1/s/test/specs/R2C/reserve-unreserve-request-item-via-reserve-option.spec.js"/>
    </properties>
    <testcase classname="chrome.136_0_7103_93.windows.Reserve/Unreserve_request_item_via_reserve_option_US139161" name="Should add the material to the catalog item" time="88.466">
      <system-out><![CDATA[
COMMAND: POST /session/2fbb17261cc6fb074d1493bb698829b1/execute/async - {"script":"<script> [1562 bytes]","args":[{"selector":{"controlType":"sap.m.GenericTile","properties":{"header":"Manage Catalogs"}},"wdio_ui5_key":"sapm.GenericTile{\"header\":\"Manage Catalogs\"}"}]}
RESULT: {"script":"<script> [1562 bytes]","args":[{"selector":{"controlType":"sap.m.GenericTile","properties":{"header":"Manage Catalogs"}},"wdio_ui5_key":"sapm.GenericTile{\"header\":\"Manage Catalogs\"}"}]}
RESULT: undefined
COMMAND: POST /session/2fbb17261cc6fb074d1493bb698829b1/element - {"using":"xpath","value":"//*[@id=\"__tile37\"]"}
RESULT: {"using":"xpath","value":"//*[@id=\"__tile37\"]"}
COMMAND: POST /session/2fbb17261cc6fb074d1493bb698829b1/element/f.73F923247D4A980C1D654B50CBD09E00.d.B74FC805EE30405F453D55C38B0E280F.e.8701/click - {}
RESULT: {}
COMMAND: GET /session/2fbb17261cc6fb074d1493bb698829b1/screenshot - {}
RESULT: {}
COMMAND: POST /session/2fbb17261cc6fb074d1493bb698829b1/elements - {"using":"xpath","value":"//span[text()='Error']"}
RESULT: {"using":"xpath","value":"//span[text()='Error']"}
COMMAND: POST /session/2fbb17261cc6fb074d1493bb698829b1/execute/async - {"script":"<script> [1562 bytes]","args":[{"selector":{"controlType":"sap.m.Text","viewName":"etm.portal.ui.managecatalogs.view.MasterCatalogs","viewId":"application-managecatalogs-display-component---masterCatalogs","bindingPath":{"path":"/Catalogs('0D7502D073D53A0F1700BE067B89AFF9')","propertyPath":"DESCRIPTION","modelName":"catalogModel"}},"wdio_ui5_key":"etmportal.ui.managecatalogs.view.MasterCatalogssap.m.Text{\"path\":\"/Catalogs('0D7502D073D53A0F1700BE067B89AFF9')\",\"propertyPath\":\"DESCRIPTION\",\"modelName\":\"catalogModel\"}"}]}
RESULT: {"script":"<script> [1562 bytes]","args":[{"selector":{"controlType":"sap.m.Text","viewName":"etm.portal.ui.managecatalogs.view.MasterCatalogs","viewId":"application-managecatalogs-display-component---masterCatalogs","bindingPath":{"path":"/Catalogs('0D7502D073D53A0F1700BE067B89AFF9')","propertyPath":"DESCRIPTION","modelName":"catalogModel"}},"wdio_ui5_key":"etmportal.ui.managecatalogs.view.MasterCatalogssap.m.Text{\"path\":\"/Catalogs('0D7502D073D53A0F1700BE067B89AFF9')\",\"propertyPath\":\"DESCRIPTION\",\"modelName\":\"catalogModel\"}"}]}
RESULT: undefined
COMMAND: POST /session/2fbb17261cc6fb074d1493bb698829b1/element - {"using":"xpath","value":"//*[@id=\"__text685-application-managecatalogs-display-component---masterCatalogs--CatalogsTable-11\"]"}
RESULT: {"using":"xpath","value":"//*[@id=\"__text685-application-managecatalogs-display-component---masterCatalogs--CatalogsTable-11\"]"}
COMMAND: POST /session/2fbb17261cc6fb074d1493bb698829b1/element/f.73F923247D4A980C1D654B50CBD09E00.d.B74FC805EE30405F453D55C38B0E280F.e.8771/click - {}
RESULT: {}
RESULT: undefined
COMMAND: POST /session/2fbb17261cc6fb074d1493bb698829b1/execute/async - {"script":"<script> [776 bytes]","args":[{"enterText":"catalogItemqis74","selector":{"id":"application-managecatalogs-display-component---masterCatalogItems--searchItemsField","interaction":{"idSuffix":"I"}},"clearTextFirst":true,"interactionType":"ENTER_TEXT"}]}
COMMAND: GET /session/2fbb17261cc6fb074d1493bb698829b1/screenshot - {}
RESULT: {"script":"<script> [776 bytes]","args":[{"enterText":"catalogItemqis74","selector":{"id":"application-managecatalogs-display-component---masterCatalogItems--searchItemsField","interaction":{"idSuffix":"I"}},"clearTextFirst":true,"interactionType":"ENTER_TEXT"}]}
COMMAND: POST /session/2fbb17261cc6fb074d1493bb698829b1/actions - {"actions":[{"id":"action59","type":"key","parameters":{},"actions":[{"type":"keyDown","value":""},{"type":"pause","duration":10},{"type":"keyUp","value":""}]}]}
RESULT: {}
RESULT: {"actions":[{"id":"action59","type":"key","parameters":{},"actions":[{"type":"keyDown","value":""},{"type":"pause","duration":10},{"type":"keyUp","value":""}]}]}
COMMAND: POST /session/2fbb17261cc6fb074d1493bb698829b1/element - {"using":"xpath","value":"(//span[contains(text(), \"catalogItemqis74\")])[1]"}
COMMAND: GET /session/2fbb17261cc6fb074d1493bb698829b1/screenshot - {}
RESULT: {"using":"xpath","value":"(//span[contains(text(), \"catalogItemqis74\")])[1]"}
COMMAND: POST /session/2fbb17261cc6fb074d1493bb698829b1/element/f.73F923247D4A980C1D654B50CBD09E00.d.B74FC805EE30405F453D55C38B0E280F.e.8788/click - {}
RESULT: {}
RESULT: {}
COMMAND: GET /session/2fbb17261cc6fb074d1493bb698829b1/screenshot - {}
RESULT: {}
COMMAND: POST /session/2fbb17261cc6fb074d1493bb698829b1/element - {"using":"xpath","value":"//*[contains(@id ,\"BDI-content\")][contains(text(), \"Edit\")]"}
RESULT: {"using":"xpath","value":"//*[contains(@id ,\"BDI-content\")][contains(text(), \"Edit\")]"}
COMMAND: POST /session/2fbb17261cc6fb074d1493bb698829b1/element/f.73F923247D4A980C1D654B50CBD09E00.d.B74FC805EE30405F453D55C38B0E280F.e.8841/click - {}
RESULT: {}
COMMAND: GET /session/2fbb17261cc6fb074d1493bb698829b1/screenshot - {}
RESULT: {}
COMMAND: POST /session/2fbb17261cc6fb074d1493bb698829b1/element - {"using":"xpath","value":"//bdi[contains(text(), \"Assigned Resources\")]"}
RESULT: {"using":"xpath","value":"//bdi[contains(text(), \"Assigned Resources\")]"}
COMMAND: POST /session/2fbb17261cc6fb074d1493bb698829b1/element/f.73F923247D4A980C1D654B50CBD09E00.d.B74FC805EE30405F453D55C38B0E280F.e.8865/click - {}
RESULT: {}
COMMAND: GET /session/2fbb17261cc6fb074d1493bb698829b1/screenshot - {}
RESULT: {}
COMMAND: POST /session/2fbb17261cc6fb074d1493bb698829b1/element - {"using":"xpath","value":"//button[contains(@data-kt ,\"catalogItemAssignRuButton\")]"}
RESULT: {"using":"xpath","value":"//button[contains(@data-kt ,\"catalogItemAssignRuButton\")]"}
COMMAND: POST /session/2fbb17261cc6fb074d1493bb698829b1/element/f.73F923247D4A980C1D654B50CBD09E00.d.B74FC805EE30405F453D55C38B0E280F.e.8873/click - {}
RESULT: {}
COMMAND: GET /session/2fbb17261cc6fb074d1493bb698829b1/screenshot - {}
RESULT: {}
COMMAND: POST /session/2fbb17261cc6fb074d1493bb698829b1/actions - {"actions":[{"id":"action60","type":"key","parameters":{},"actions":[{"type":"keyDown","value":""},{"type":"pause","duration":10},{"type":"keyUp","value":""}]}]}
RESULT: {"actions":[{"id":"action60","type":"key","parameters":{},"actions":[{"type":"keyDown","value":""},{"type":"pause","duration":10},{"type":"keyUp","value":""}]}]}
COMMAND: GET /session/2fbb17261cc6fb074d1493bb698829b1/screenshot - {}
RESULT: {}
COMMAND: POST /session/2fbb17261cc6fb074d1493bb698829b1/execute/async - {"script":"<script> [1562 bytes]","args":[{"selector":{"id":"application-managecatalogs-display-component---detailCatalog--assignRUSearchField-vhi","searchOpenDialogs":true},"wdio_ui5_key":"applicationmanagecatalogs-display-component---detailCatalog--assignRUSearchField-vhi"}]}
RESULT: {"script":"<script> [1562 bytes]","args":[{"selector":{"id":"application-managecatalogs-display-component---detailCatalog--assignRUSearchField-vhi","searchOpenDialogs":true},"wdio_ui5_key":"applicationmanagecatalogs-display-component---detailCatalog--assignRUSearchField-vhi"}]}
RESULT: undefined
COMMAND: POST /session/2fbb17261cc6fb074d1493bb698829b1/element - {"using":"xpath","value":"//*[@id=\"application-managecatalogs-display-component---detailCatalog--assignRUSearchField-vhi\"]"}
RESULT: {"using":"xpath","value":"//*[@id=\"application-managecatalogs-display-component---detailCatalog--assignRUSearchField-vhi\"]"}
COMMAND: POST /session/2fbb17261cc6fb074d1493bb698829b1/element/f.73F923247D4A980C1D654B50CBD09E00.d.B74FC805EE30405F453D55C38B0E280F.e.8889/click - {}
RESULT: {}
COMMAND: GET /session/2fbb17261cc6fb074d1493bb698829b1/screenshot - {}
RESULT: {}
COMMAND: POST /session/2fbb17261cc6fb074d1493bb698829b1/element - {"using":"xpath","value":"//input[contains(@id ,\"searchField-I\")]"}
RESULT: {"using":"xpath","value":"//input[contains(@id ,\"searchField-I\")]"}
COMMAND: POST /session/2fbb17261cc6fb074d1493bb698829b1/element/f.73F923247D4A980C1D654B50CBD09E00.d.B74FC805EE30405F453D55C38B0E280F.e.8893/clear - {}
RESULT: {}
COMMAND: POST /session/2fbb17261cc6fb074d1493bb698829b1/element/f.73F923247D4A980C1D654B50CBD09E00.d.B74FC805EE30405F453D55C38B0E280F.e.8893/value - {"text":"WebdriverRUR2C6byjc"}
COMMAND: GET /session/2fbb17261cc6fb074d1493bb698829b1/screenshot - {}
RESULT: {"text":"WebdriverRUR2C6byjc"}
COMMAND: GET /session/2fbb17261cc6fb074d1493bb698829b1/screenshot - {}
RESULT: {}
RESULT: {}
COMMAND: POST /session/2fbb17261cc6fb074d1493bb698829b1/actions - {"actions":[{"id":"action61","type":"key","parameters":{},"actions":[{"type":"keyDown","value":""},{"type":"pause","duration":10},{"type":"keyUp","value":""}]}]}
RESULT: {"actions":[{"id":"action61","type":"key","parameters":{},"actions":[{"type":"keyDown","value":""},{"type":"pause","duration":10},{"type":"keyUp","value":""}]}]}
COMMAND: GET /session/2fbb17261cc6fb074d1493bb698829b1/screenshot - {}
RESULT: {}
COMMAND: POST /session/2fbb17261cc6fb074d1493bb698829b1/actions - {"actions":[{"id":"action62","type":"key","parameters":{},"actions":[{"type":"keyDown","value":""},{"type":"pause","duration":10},{"type":"keyUp","value":""}]}]}
RESULT: {"actions":[{"id":"action62","type":"key","parameters":{},"actions":[{"type":"keyDown","value":""},{"type":"pause","duration":10},{"type":"keyUp","value":""}]}]}
COMMAND: GET /session/2fbb17261cc6fb074d1493bb698829b1/screenshot - {}
RESULT: {}
COMMAND: POST /session/2fbb17261cc6fb074d1493bb698829b1/actions - {"actions":[{"id":"action63","type":"key","parameters":{},"actions":[{"type":"keyDown","value":""},{"type":"pause","duration":10},{"type":"keyUp","value":""}]}]}
RESULT: {"actions":[{"id":"action63","type":"key","parameters":{},"actions":[{"type":"keyDown","value":""},{"type":"pause","duration":10},{"type":"keyUp","value":""}]}]}
COMMAND: GET /session/2fbb17261cc6fb074d1493bb698829b1/screenshot - {}
RESULT: {}
COMMAND: POST /session/2fbb17261cc6fb074d1493bb698829b1/element - {"using":"xpath","value":"//bdi[contains(@id ,\"application-managecatalogs-display-component---detailCatalog--RUAssignmentSaveButton-BDI-content\")]"}
RESULT: {"using":"xpath","value":"//bdi[contains(@id ,\"application-managecatalogs-display-component---detailCatalog--RUAssignmentSaveButton-BDI-content\")]"}
COMMAND: POST /session/2fbb17261cc6fb074d1493bb698829b1/element/f.73F923247D4A980C1D654B50CBD09E00.d.B74FC805EE30405F453D55C38B0E280F.e.8910/click - {}
RESULT: {}
COMMAND: GET /session/2fbb17261cc6fb074d1493bb698829b1/screenshot - {}
RESULT: {}
COMMAND: POST /session/2fbb17261cc6fb074d1493bb698829b1/element - {"using":"xpath","value":"//bdi[contains(text(), \"Save\")]"}
RESULT: {"using":"xpath","value":"//bdi[contains(text(), \"Save\")]"}
COMMAND: POST /session/2fbb17261cc6fb074d1493bb698829b1/element/f.73F923247D4A980C1D654B50CBD09E00.d.B74FC805EE30405F453D55C38B0E280F.e.8928/click - {}
RESULT: {}
COMMAND: GET /session/2fbb17261cc6fb074d1493bb698829b1/screenshot - {}
RESULT: {}
COMMAND: POST /session/2fbb17261cc6fb074d1493bb698829b1/element - {"using":"css selector","value":"#shell-header-logo"}
RESULT: {"using":"css selector","value":"#shell-header-logo"}
COMMAND: POST /session/2fbb17261cc6fb074d1493bb698829b1/element/f.73F923247D4A980C1D654B50CBD09E00.d.B74FC805EE30405F453D55C38B0E280F.e.8705/click - {}
RESULT: {}
COMMAND: GET /session/2fbb17261cc6fb074d1493bb698829b1/screenshot - {}
RESULT: {}
COMMAND: POST /session/2fbb17261cc6fb074d1493bb698829b1/refresh - {}
RESULT: {}
COMMAND: GET /session/2fbb17261cc6fb074d1493bb698829b1/screenshot - {}
RESULT: {}
COMMAND: POST /session/2fbb17261cc6fb074d1493bb698829b1/execute/async - {"script":"<script> [189 bytes]","args":[]}
RESULT: {"script":"<script> [189 bytes]","args":[]}
COMMAND: POST /session/2fbb17261cc6fb074d1493bb698829b1/execute/async - {"script":"<script> [123 bytes]","args":[]}
RESULT: {"script":"<script> [123 bytes]","args":[]}
COMMAND: POST /session/2fbb17261cc6fb074d1493bb698829b1/timeouts - {"script":"<number>"}
RESULT: {"script":"<number>"}
COMMAND: GET /session/2fbb17261cc6fb074d1493bb698829b1/timeouts - {}
RESULT: {}
RESULT: undefined
COMMAND: POST /session/2fbb17261cc6fb074d1493bb698829b1/execute/async - {"script":"<script> [2676 bytes]","args":[]}
RESULT: {"script":"<script> [2676 bytes]","args":[]}
COMMAND: POST /session/2fbb17261cc6fb074d1493bb698829b1/execute/async - {"script":"<script> [2342 bytes]","args":[{"protocol":"http","hostname":"0.0.0.0","path":"/","capabilities":{"browserName":"chrome","goog:chromeOptions":{"binary":"C:\\Program Files\\Google\\Chrome\\Application\\chrome.exe","args":["--start-maximized"]}},"logLevel":"warn","connectionRetryTimeout":120000,"connectionRetryCount":3,"logLevels":{},"enableDirectConnect":true,"strictSSL":true,"_":"65 more keys: [\"cacheDir\",\"port\",\"requestedCapabilities\",\"automationProtocol\",\"baseUrl\",\"waitforInterval\",\"waitforTimeout\",\"onReload\",\"beforeCommand\",\"afterCommand\",\"rootDir\",\"specs\",\"suites\",\"exclude\",\"groupLogsByTestSpec\",\"excludeDriverLogs\",\"bail\",\"framework\",\"reporters\",\"services\",\"maxInstances\",\"maxInstancesPerCapability\",\"injectGlobals\",\"filesToWatch\",\"execArgv\",\"runnerEnv\",\"runner\",\"shard\",\"specFileRetries\",\"specFileRetriesDelay\",\"specFileRetriesDeferred\",\"reporterSyncInterval\",\"reporterSyncTimeout\",\"cucumberFeaturesWithLineNumbers\",\"autoCompileOpts\",\"mochaOpts\",\"jasmineOpts\",\"cucumberOpts\",\"onPrepare\",\"onWorkerStart\",\"onWorkerEnd\",\"before\",\"beforeSession\",\"beforeSuite\",\"beforeHook\",\"beforeTest\",\"afterTest\",\"afterHook\",\"afterSuite\",\"afterSession\",\"after\",\"onComplete\",\"beforeAssertion\",\"afterAssertion\",\"beforeFeature\",\"beforeScenario\",\"beforeStep\",\"afterStep\",\"afterScenario\",\"afterFeature\",\"_\",\"suite\",\"$0\",\"ignoredWorkerServices\",\"wdi5\"]"}]}
RESULT: {"script":"<script> [2342 bytes]","args":[{"protocol":"http","hostname":"0.0.0.0","path":"/","capabilities":{"browserName":"chrome","goog:chromeOptions":{"binary":"C:\\Program Files\\Google\\Chrome\\Application\\chrome.exe","args":["--start-maximized"]}},"logLevel":"warn","connectionRetryTimeout":120000,"connectionRetryCount":3,"logLevels":{},"enableDirectConnect":true,"strictSSL":true,"_":"65 more keys: [\"cacheDir\",\"port\",\"requestedCapabilities\",\"automationProtocol\",\"baseUrl\",\"waitforInterval\",\"waitforTimeout\",\"onReload\",\"beforeCommand\",\"afterCommand\",\"rootDir\",\"specs\",\"suites\",\"exclude\",\"groupLogsByTestSpec\",\"excludeDriverLogs\",\"bail\",\"framework\",\"reporters\",\"services\",\"maxInstances\",\"maxInstancesPerCapability\",\"injectGlobals\",\"filesToWatch\",\"execArgv\",\"runnerEnv\",\"runner\",\"shard\",\"specFileRetries\",\"specFileRetriesDelay\",\"specFileRetriesDeferred\",\"reporterSyncInterval\",\"reporterSyncTimeout\",\"cucumberFeaturesWithLineNumbers\",\"autoCompileOpts\",\"mochaOpts\",\"jasmineOpts\",\"cucumberOpts\",\"onPrepare\",\"onWorkerStart\",\"onWorkerEnd\",\"before\",\"beforeSession\",\"beforeSuite\",\"beforeHook\",\"beforeTest\",\"afterTest\",\"afterHook\",\"afterSuite\",\"afterSession\",\"after\",\"onComplete\",\"beforeAssertion\",\"afterAssertion\",\"beforeFeature\",\"beforeScenario\",\"beforeStep\",\"afterStep\",\"afterScenario\",\"afterFeature\",\"_\",\"suite\",\"$0\",\"ignoredWorkerServices\",\"wdi5\"]"}]}
COMMAND: POST /session/2fbb17261cc6fb074d1493bb698829b1/execute/async - {"script":"<script> [21126 bytes]","args":[35000]}
RESULT: {"script":"<script> [21126 bytes]","args":[35000]}
]]></system-out>
    </testcase>
    <testcase classname="chrome.136_0_7103_93.windows.Reserve/Unreserve_request_item_via_reserve_option_US139161" name="Should create a new request with a catalog item that can be planned" time="163.092">
      <system-out><![CDATA[
COMMAND: POST /session/2fbb17261cc6fb074d1493bb698829b1/execute/async - {"script":"<script> [1562 bytes]","args":[{"selector":{"controlType":"sap.m.GenericTile","properties":{"header":"Manage Requests"}},"wdio_ui5_key":"sapm.GenericTile{\"header\":\"Manage Requests\"}"}]}
RESULT: {"script":"<script> [1562 bytes]","args":[{"selector":{"controlType":"sap.m.GenericTile","properties":{"header":"Manage Requests"}},"wdio_ui5_key":"sapm.GenericTile{\"header\":\"Manage Requests\"}"}]}
RESULT: undefined
COMMAND: POST /session/2fbb17261cc6fb074d1493bb698829b1/element - {"using":"xpath","value":"//*[@id=\"__tile47\"]"}
RESULT: {"using":"xpath","value":"//*[@id=\"__tile47\"]"}
COMMAND: POST /session/2fbb17261cc6fb074d1493bb698829b1/element/f.73F923247D4A980C1D654B50CBD09E00.d.6285DCCAAC0394608A78FB8C2D381064.e.8967/click - {}
RESULT: {}
COMMAND: GET /session/2fbb17261cc6fb074d1493bb698829b1/screenshot - {}
RESULT: {}
COMMAND: POST /session/2fbb17261cc6fb074d1493bb698829b1/elements - {"using":"xpath","value":"//span[text()='Error']"}
RESULT: {"using":"xpath","value":"//span[text()='Error']"}
COMMAND: POST /session/2fbb17261cc6fb074d1493bb698829b1/element - {"using":"xpath","value":"//button[contains(@data-kt ,\"btnCreateNewOverflowToolbarButton\")]"}
COMMAND: POST /session/2fbb17261cc6fb074d1493bb698829b1/element - {"using":"xpath","value":"(//span[contains(@class ,\"sapMObjStatusText\")])[1]"}
RESULT: {"using":"xpath","value":"//button[contains(@data-kt ,\"btnCreateNewOverflowToolbarButton\")]"}
COMMAND: POST /session/2fbb17261cc6fb074d1493bb698829b1/element/f.73F923247D4A980C1D654B50CBD09E00.d.6285DCCAAC0394608A78FB8C2D381064.e.9023/click - {}
RESULT: {"using":"xpath","value":"(//span[contains(@class ,\"sapMObjStatusText\")])[1]"}
COMMAND: POST /session/2fbb17261cc6fb074d1493bb698829b1/execute/sync - {"script":"<script> [8489 bytes]","args":[{"element-6066-11e4-a52e-4f735466cecf":"f.73F923247D4A980C1D654B50CBD09E00.d.6285DCCAAC0394608A78FB8C2D381064.e.9062","ELEMENT":"f.73F923247D4A980C1D654B50CBD09E00.d.6285DCCAAC0394608A78FB8C2D381064.e.9062"}]}
RESULT: {}
COMMAND: GET /session/2fbb17261cc6fb074d1493bb698829b1/screenshot - {}
RESULT: {"script":"<script> [8489 bytes]","args":[{"element-6066-11e4-a52e-4f735466cecf":"f.73F923247D4A980C1D654B50CBD09E00.d.6285DCCAAC0394608A78FB8C2D381064.e.9062","ELEMENT":"f.73F923247D4A980C1D654B50CBD09E00.d.6285DCCAAC0394608A78FB8C2D381064.e.9062"}]}
COMMAND: GET /session/2fbb17261cc6fb074d1493bb698829b1/screenshot - {}
RESULT: {}
RESULT: {}
COMMAND: POST /session/2fbb17261cc6fb074d1493bb698829b1/element - {"using":"xpath","value":"//input[contains(@id ,\"yardId-inner\")]"}
RESULT: {"using":"xpath","value":"//input[contains(@id ,\"yardId-inner\")]"}
COMMAND: POST /session/2fbb17261cc6fb074d1493bb698829b1/execute/sync - {"script":"<script> [8489 bytes]","args":[{"element-6066-11e4-a52e-4f735466cecf":"f.73F923247D4A980C1D654B50CBD09E00.d.6285DCCAAC0394608A78FB8C2D381064.e.9143","ELEMENT":"f.73F923247D4A980C1D654B50CBD09E00.d.6285DCCAAC0394608A78FB8C2D381064.e.9143"}]}
RESULT: {"script":"<script> [8489 bytes]","args":[{"element-6066-11e4-a52e-4f735466cecf":"f.73F923247D4A980C1D654B50CBD09E00.d.6285DCCAAC0394608A78FB8C2D381064.e.9143","ELEMENT":"f.73F923247D4A980C1D654B50CBD09E00.d.6285DCCAAC0394608A78FB8C2D381064.e.9143"}]}
COMMAND: POST /session/2fbb17261cc6fb074d1493bb698829b1/element - {"using":"xpath","value":"//input[contains(@id ,\"yardId-inner\")]"}
COMMAND: GET /session/2fbb17261cc6fb074d1493bb698829b1/screenshot - {}
RESULT: {"using":"xpath","value":"//input[contains(@id ,\"yardId-inner\")]"}
COMMAND: GET /session/2fbb17261cc6fb074d1493bb698829b1/element/f.73F923247D4A980C1D654B50CBD09E00.d.6285DCCAAC0394608A78FB8C2D381064.e.9143/enabled - {}
RESULT: {}
RESULT: {}
COMMAND: POST /session/2fbb17261cc6fb074d1493bb698829b1/element/f.73F923247D4A980C1D654B50CBD09E00.d.6285DCCAAC0394608A78FB8C2D381064.e.9143/clear - {}
COMMAND: GET /session/2fbb17261cc6fb074d1493bb698829b1/screenshot - {}
RESULT: {}
COMMAND: POST /session/2fbb17261cc6fb074d1493bb698829b1/element/f.73F923247D4A980C1D654B50CBD09E00.d.6285DCCAAC0394608A78FB8C2D381064.e.9143/value - {"text":"WebdriverYardh82nxi"}
COMMAND: GET /session/2fbb17261cc6fb074d1493bb698829b1/screenshot - {}
RESULT: {}
RESULT: {"text":"WebdriverYardh82nxi"}
COMMAND: GET /session/2fbb17261cc6fb074d1493bb698829b1/screenshot - {}
RESULT: {}
RESULT: {}
COMMAND: POST /session/2fbb17261cc6fb074d1493bb698829b1/actions - {"actions":[{"id":"action64","type":"key","parameters":{},"actions":[{"type":"keyDown","value":""},{"type":"pause","duration":10},{"type":"keyUp","value":""}]}]}
COMMAND: POST /session/2fbb17261cc6fb074d1493bb698829b1/element - {"using":"xpath","value":"//input[contains(@id ,\"customerNumber-inner\")]"}
RESULT: {"actions":[{"id":"action64","type":"key","parameters":{},"actions":[{"type":"keyDown","value":""},{"type":"pause","duration":10},{"type":"keyUp","value":""}]}]}
COMMAND: GET /session/2fbb17261cc6fb074d1493bb698829b1/screenshot - {}
RESULT: {"using":"xpath","value":"//input[contains(@id ,\"customerNumber-inner\")]"}
COMMAND: POST /session/2fbb17261cc6fb074d1493bb698829b1/element/f.73F923247D4A980C1D654B50CBD09E00.d.6285DCCAAC0394608A78FB8C2D381064.e.9137/value - {"text":"WebdriverPartner6lsih"}
RESULT: {}
RESULT: {"text":"WebdriverPartner6lsih"}
COMMAND: GET /session/2fbb17261cc6fb074d1493bb698829b1/screenshot - {}
RESULT: {}
COMMAND: POST /session/2fbb17261cc6fb074d1493bb698829b1/actions - {"actions":[{"id":"action65","type":"key","parameters":{},"actions":[{"type":"keyDown","value":""},{"type":"pause","duration":10},{"type":"keyUp","value":""}]}]}
RESULT: {"actions":[{"id":"action65","type":"key","parameters":{},"actions":[{"type":"keyDown","value":""},{"type":"pause","duration":10},{"type":"keyUp","value":""}]}]}
COMMAND: GET /session/2fbb17261cc6fb074d1493bb698829b1/screenshot - {}
RESULT: {}
COMMAND: GET /session/2fbb17261cc6fb074d1493bb698829b1/element/f.73F923247D4A980C1D654B50CBD09E00.d.6285DCCAAC0394608A78FB8C2D381064.e.9137/property/value - {}
RESULT: {}
COMMAND: GET /session/2fbb17261cc6fb074d1493bb698829b1/screenshot - {}
RESULT: {}
COMMAND: POST /session/2fbb17261cc6fb074d1493bb698829b1/element - {"using":"xpath","value":"//input[contains(@id ,\"requestSiteId-inner\")]"}
RESULT: {"using":"xpath","value":"//input[contains(@id ,\"requestSiteId-inner\")]"}
COMMAND: POST /session/2fbb17261cc6fb074d1493bb698829b1/element/f.73F923247D4A980C1D654B50CBD09E00.d.6285DCCAAC0394608A78FB8C2D381064.e.9136/value - {"text":"WebdriverSitefc5qkg"}
RESULT: {"text":"WebdriverSitefc5qkg"}
COMMAND: GET /session/2fbb17261cc6fb074d1493bb698829b1/screenshot - {}
RESULT: {}
COMMAND: POST /session/2fbb17261cc6fb074d1493bb698829b1/actions - {"actions":[{"id":"action66","type":"key","parameters":{},"actions":[{"type":"keyDown","value":""},{"type":"pause","duration":10},{"type":"keyUp","value":""}]}]}
RESULT: {"actions":[{"id":"action66","type":"key","parameters":{},"actions":[{"type":"keyDown","value":""},{"type":"pause","duration":10},{"type":"keyUp","value":""}]}]}
COMMAND: GET /session/2fbb17261cc6fb074d1493bb698829b1/screenshot - {}
RESULT: {}
COMMAND: POST /session/2fbb17261cc6fb074d1493bb698829b1/element - {"using":"xpath","value":"//button[contains(@data-kt ,\"requestItemAddOverflowToolbarButton\")]"}
RESULT: {"using":"xpath","value":"//button[contains(@data-kt ,\"requestItemAddOverflowToolbarButton\")]"}
COMMAND: POST /session/2fbb17261cc6fb074d1493bb698829b1/element/f.73F923247D4A980C1D654B50CBD09E00.d.6285DCCAAC0394608A78FB8C2D381064.e.9320/click - {}
RESULT: {}
COMMAND: GET /session/2fbb17261cc6fb074d1493bb698829b1/screenshot - {}
RESULT: {}
COMMAND: POST /session/2fbb17261cc6fb074d1493bb698829b1/actions - {"actions":[{"id":"action67","type":"key","parameters":{},"actions":[{"type":"keyDown","value":""},{"type":"pause","duration":10},{"type":"keyUp","value":""}]}]}
RESULT: {"actions":[{"id":"action67","type":"key","parameters":{},"actions":[{"type":"keyDown","value":""},{"type":"pause","duration":10},{"type":"keyUp","value":""}]}]}
COMMAND: POST /session/2fbb17261cc6fb074d1493bb698829b1/actions - {"actions":[{"id":"action68","type":"key","parameters":{},"actions":[{"type":"keyDown","value":""},{"type":"pause","duration":10},{"type":"keyUp","value":""}]}]}
COMMAND: GET /session/2fbb17261cc6fb074d1493bb698829b1/screenshot - {}
RESULT: {"actions":[{"id":"action68","type":"key","parameters":{},"actions":[{"type":"keyDown","value":""},{"type":"pause","duration":10},{"type":"keyUp","value":""}]}]}
COMMAND: POST /session/2fbb17261cc6fb074d1493bb698829b1/element - {"using":"xpath","value":"(//input[contains(@id ,\"requestItemsTable-0-inner\")])[1]"}
COMMAND: GET /session/2fbb17261cc6fb074d1493bb698829b1/screenshot - {}
RESULT: {}
RESULT: {"using":"xpath","value":"(//input[contains(@id ,\"requestItemsTable-0-inner\")])[1]"}
COMMAND: POST /session/2fbb17261cc6fb074d1493bb698829b1/element/f.73F923247D4A980C1D654B50CBD09E00.d.6285DCCAAC0394608A78FB8C2D381064.e.9324/clear - {}
RESULT: {}
RESULT: {}
COMMAND: POST /session/2fbb17261cc6fb074d1493bb698829b1/element/f.73F923247D4A980C1D654B50CBD09E00.d.6285DCCAAC0394608A78FB8C2D381064.e.9324/value - {"text":"catalogItemqis74"}
COMMAND: GET /session/2fbb17261cc6fb074d1493bb698829b1/screenshot - {}
RESULT: {"text":"catalogItemqis74"}
COMMAND: GET /session/2fbb17261cc6fb074d1493bb698829b1/screenshot - {}
RESULT: {}
RESULT: {}
COMMAND: POST /session/2fbb17261cc6fb074d1493bb698829b1/actions - {"actions":[{"id":"action69","type":"key","parameters":{},"actions":[{"type":"keyDown","value":""},{"type":"pause","duration":10},{"type":"keyUp","value":""}]}]}
RESULT: {"actions":[{"id":"action69","type":"key","parameters":{},"actions":[{"type":"keyDown","value":""},{"type":"pause","duration":10},{"type":"keyUp","value":""}]}]}
COMMAND: GET /session/2fbb17261cc6fb074d1493bb698829b1/screenshot - {}
RESULT: {}
COMMAND: POST /session/2fbb17261cc6fb074d1493bb698829b1/execute/async - {"script":"<script> [1562 bytes]","args":[{"selector":{"controlType":"sap.ui.core.Icon","viewName":"etm.portal.ui.managerequests.view.NewRequest","properties":{"src":{"regex":{"source":"slim\\-arrow\\-down"}}},"ancestor":{"controlType":"sap.m.Button","viewName":"etm.portal.ui.managerequests.view.NewRequest","properties":{"icon":"sap-icon://slim-arrow-down"}}},"wdio_ui5_key":"etmportal.ui.managerequests.view.NewRequestsap.ui.core.Icon{\"src\":{\"regex\":{\"source\":\"slim\\\\-arrow\\\\-down\"}}}{\"controlType\":\"sap.m.Button\",\"viewName\":\"etm.portal.ui.managerequests.view.NewRequest\",\"properties\":{\"icon\":\"sap-icon://slim-arrow-down\"}}"}]}
RESULT: {"script":"<script> [1562 bytes]","args":[{"selector":{"controlType":"sap.ui.core.Icon","viewName":"etm.portal.ui.managerequests.view.NewRequest","properties":{"src":{"regex":{"source":"slim\\-arrow\\-down"}}},"ancestor":{"controlType":"sap.m.Button","viewName":"etm.portal.ui.managerequests.view.NewRequest","properties":{"icon":"sap-icon://slim-arrow-down"}}},"wdio_ui5_key":"etmportal.ui.managerequests.view.NewRequestsap.ui.core.Icon{\"src\":{\"regex\":{\"source\":\"slim\\\\-arrow\\\\-down\"}}}{\"controlType\":\"sap.m.Button\",\"viewName\":\"etm.portal.ui.managerequests.view.NewRequest\",\"properties\":{\"icon\":\"sap-icon://slim-arrow-down\"}}"}]}
RESULT: undefined
COMMAND: POST /session/2fbb17261cc6fb074d1493bb698829b1/element - {"using":"xpath","value":"//div[contains(@data-kt ,\"splitAllocationObjectStatus\")]"}
RESULT: {"using":"xpath","value":"//div[contains(@data-kt ,\"splitAllocationObjectStatus\")]"}
COMMAND: POST /session/2fbb17261cc6fb074d1493bb698829b1/elements - {"using":"xpath","value":"//div[contains(@data-kt ,\"splitAllocationObjectStatus\")]"}
RESULT: {"using":"xpath","value":"//div[contains(@data-kt ,\"splitAllocationObjectStatus\")]"}
COMMAND: POST /session/2fbb17261cc6fb074d1493bb698829b1/execute/async - {"script":"<script> [1562 bytes]","args":[{"selector":{"controlType":"sap.ui.core.Icon","viewName":"etm.portal.ui.managerequests.view.NewRequest","properties":{"src":{"regex":{"source":"message\\-error"}}}},"wdio_ui5_key":"etmportal.ui.managerequests.view.NewRequestsap.ui.core.Icon{\"src\":{\"regex\":{\"source\":\"message\\\\-error\"}}}"}]}
RESULT: {"script":"<script> [1562 bytes]","args":[{"selector":{"controlType":"sap.ui.core.Icon","viewName":"etm.portal.ui.managerequests.view.NewRequest","properties":{"src":{"regex":{"source":"message\\-error"}}}},"wdio_ui5_key":"etmportal.ui.managerequests.view.NewRequestsap.ui.core.Icon{\"src\":{\"regex\":{\"source\":\"message\\\\-error\"}}}"}]}
RESULT: undefined
COMMAND: POST /session/2fbb17261cc6fb074d1493bb698829b1/element - {"using":"xpath","value":"//*[@id=\"__status4-__xmlview59--requestItemsTable-0-icon\"]"}
RESULT: {"using":"xpath","value":"//*[@id=\"__status4-__xmlview59--requestItemsTable-0-icon\"]"}
COMMAND: POST /session/2fbb17261cc6fb074d1493bb698829b1/element/f.73F923247D4A980C1D654B50CBD09E00.d.6285DCCAAC0394608A78FB8C2D381064.e.9339/click - {}
RESULT: {}
COMMAND: POST /session/2fbb17261cc6fb074d1493bb698829b1/execute/async - {"script":"<script> [1562 bytes]","args":[{"selector":{"controlType":"sap.ui.core.Icon","viewName":"etm.portal.ui.managerequests.view.NewRequest","properties":{"src":{"regex":{"source":"slim\\-arrow\\-down"}}},"searchOpenDialogs":true,"ancestor":{"id":"costObjectAdminTypeComboBox","viewName":"etm.portal.ui.managerequests.view.NewRequest","searchOpenDialogs":true}},"wdio_ui5_key":"etmportal.ui.managerequests.view.NewRequestsap.ui.core.Icon{\"src\":{\"regex\":{\"source\":\"slim\\\\-arrow\\\\-down\"}}}{\"id\":\"costObjectAdminTypeComboBox\",\"viewName\":\"etm.portal.ui.managerequests.view.NewRequest\",\"searchOpenDialogs\":true}"}]}
COMMAND: GET /session/2fbb17261cc6fb074d1493bb698829b1/screenshot - {}
RESULT: {"script":"<script> [1562 bytes]","args":[{"selector":{"controlType":"sap.ui.core.Icon","viewName":"etm.portal.ui.managerequests.view.NewRequest","properties":{"src":{"regex":{"source":"slim\\-arrow\\-down"}}},"searchOpenDialogs":true,"ancestor":{"id":"costObjectAdminTypeComboBox","viewName":"etm.portal.ui.managerequests.view.NewRequest","searchOpenDialogs":true}},"wdio_ui5_key":"etmportal.ui.managerequests.view.NewRequestsap.ui.core.Icon{\"src\":{\"regex\":{\"source\":\"slim\\\\-arrow\\\\-down\"}}}{\"id\":\"costObjectAdminTypeComboBox\",\"viewName\":\"etm.portal.ui.managerequests.view.NewRequest\",\"searchOpenDialogs\":true}"}]}
RESULT: undefined
COMMAND: POST /session/2fbb17261cc6fb074d1493bb698829b1/element - {"using":"xpath","value":"//*[@id=\"__xmlview59--costObjectAdminTypeComboBox-arrow\"]"}
RESULT: {}
RESULT: {"using":"xpath","value":"//*[@id=\"__xmlview59--costObjectAdminTypeComboBox-arrow\"]"}
COMMAND: POST /session/2fbb17261cc6fb074d1493bb698829b1/element/f.73F923247D4A980C1D654B50CBD09E00.d.6285DCCAAC0394608A78FB8C2D381064.e.9343/click - {}
RESULT: {}
COMMAND: POST /session/2fbb17261cc6fb074d1493bb698829b1/execute/async - {"script":"<script> [1562 bytes]","args":[{"selector":{"controlType":"sap.m.StandardListItem","viewName":"etm.portal.ui.managerequests.view.NewRequest","properties":{"title":"Cost Center"},"searchOpenDialogs":true,"interaction":{"idSuffix":"titleText"}},"wdio_ui5_key":"etmportal.ui.managerequests.view.NewRequestsap.m.StandardListItem{\"title\":\"Cost Center\"}"}]}
COMMAND: GET /session/2fbb17261cc6fb074d1493bb698829b1/screenshot - {}
RESULT: {"script":"<script> [1562 bytes]","args":[{"selector":{"controlType":"sap.m.StandardListItem","viewName":"etm.portal.ui.managerequests.view.NewRequest","properties":{"title":"Cost Center"},"searchOpenDialogs":true,"interaction":{"idSuffix":"titleText"}},"wdio_ui5_key":"etmportal.ui.managerequests.view.NewRequestsap.m.StandardListItem{\"title\":\"Cost Center\"}"}]}
RESULT: undefined
COMMAND: POST /session/2fbb17261cc6fb074d1493bb698829b1/element - {"using":"xpath","value":"//*[@id=\"__item419\"]"}
RESULT: {}
RESULT: {"using":"xpath","value":"//*[@id=\"__item419\"]"}
COMMAND: POST /session/2fbb17261cc6fb074d1493bb698829b1/element/f.73F923247D4A980C1D654B50CBD09E00.d.6285DCCAAC0394608A78FB8C2D381064.e.9346/click - {}
RESULT: {}
COMMAND: GET /session/2fbb17261cc6fb074d1493bb698829b1/screenshot - {}
RESULT: {}
COMMAND: POST /session/2fbb17261cc6fb074d1493bb698829b1/execute/async - {"script":"<script> [1562 bytes]","args":[{"selector":{"controlType":"sap.ui.core.Icon","viewName":"etm.portal.ui.managerequests.view.NewRequest","properties":{"src":{"regex":{"source":"value\\-help"}}},"searchOpenDialogs":true},"wdio_ui5_key":"etmportal.ui.managerequests.view.NewRequestsap.ui.core.Icon{\"src\":{\"regex\":{\"source\":\"value\\\\-help\"}}}"}]}
RESULT: {"script":"<script> [1562 bytes]","args":[{"selector":{"controlType":"sap.ui.core.Icon","viewName":"etm.portal.ui.managerequests.view.NewRequest","properties":{"src":{"regex":{"source":"value\\-help"}}},"searchOpenDialogs":true},"wdio_ui5_key":"etmportal.ui.managerequests.view.NewRequestsap.ui.core.Icon{\"src\":{\"regex\":{\"source\":\"value\\\\-help\"}}}"}]}
RESULT: undefined
COMMAND: POST /session/2fbb17261cc6fb074d1493bb698829b1/element - {"using":"xpath","value":"//*[@id=\"__xmlview59--costObjectIdComboBox-vhi\"]"}
RESULT: {"using":"xpath","value":"//*[@id=\"__xmlview59--costObjectIdComboBox-vhi\"]"}
COMMAND: POST /session/2fbb17261cc6fb074d1493bb698829b1/element/f.73F923247D4A980C1D654B50CBD09E00.d.6285DCCAAC0394608A78FB8C2D381064.e.9354/click - {}
RESULT: {}
COMMAND: POST /session/2fbb17261cc6fb074d1493bb698829b1/execute/async - {"script":"<script> [1562 bytes]","args":[{"selector":{"controlType":"sap.m.SearchField","properties":{"placeholder":"Search"},"searchOpenDialogs":true,"interaction":{"idSuffix":"I"}},"wdio_ui5_key":"sapm.SearchField{\"placeholder\":\"Search\"}"}]}
COMMAND: GET /session/2fbb17261cc6fb074d1493bb698829b1/screenshot - {}
RESULT: {"script":"<script> [1562 bytes]","args":[{"selector":{"controlType":"sap.m.SearchField","properties":{"placeholder":"Search"},"searchOpenDialogs":true,"interaction":{"idSuffix":"I"}},"wdio_ui5_key":"sapm.SearchField{\"placeholder\":\"Search\"}"}]}
RESULT: undefined
COMMAND: POST /session/2fbb17261cc6fb074d1493bb698829b1/execute/async - {"script":"<script> [776 bytes]","args":[{"enterText":"10001010","selector":{"controlType":"sap.m.SearchField","properties":{"placeholder":"Search"},"searchOpenDialogs":true,"interaction":{"idSuffix":"I"}},"clearTextFirst":true,"interactionType":"ENTER_TEXT"}]}
RESULT: {}
RESULT: {"script":"<script> [776 bytes]","args":[{"enterText":"10001010","selector":{"controlType":"sap.m.SearchField","properties":{"placeholder":"Search"},"searchOpenDialogs":true,"interaction":{"idSuffix":"I"}},"clearTextFirst":true,"interactionType":"ENTER_TEXT"}]}
COMMAND: POST /session/2fbb17261cc6fb074d1493bb698829b1/actions - {"actions":[{"id":"action70","type":"key","parameters":{},"actions":[{"type":"keyDown","value":""},{"type":"pause","duration":10},{"type":"keyUp","value":""}]}]}
RESULT: {"actions":[{"id":"action70","type":"key","parameters":{},"actions":[{"type":"keyDown","value":""},{"type":"pause","duration":10},{"type":"keyUp","value":""}]}]}
COMMAND: GET /session/2fbb17261cc6fb074d1493bb698829b1/screenshot - {}
RESULT: {}
COMMAND: POST /session/2fbb17261cc6fb074d1493bb698829b1/execute/async - {"script":"<script> [1562 bytes]","args":[{"selector":{"controlType":"sap.m.Text","bindingPath":{"path":"/C_CostCtrValueHelp(CostCenter='10001010',ControllingArea='Z001')","propertyPath":"CostCenterName","modelName":"CostCenterModel"},"searchOpenDialogs":true},"wdio_ui5_key":"sapm.Text{\"path\":\"/C_CostCtrValueHelp(CostCenter='10001010',ControllingArea='Z001')\",\"propertyPath\":\"CostCenterName\",\"modelName\":\"CostCenterModel\"}"}]}
RESULT: {"script":"<script> [1562 bytes]","args":[{"selector":{"controlType":"sap.m.Text","bindingPath":{"path":"/C_CostCtrValueHelp(CostCenter='10001010',ControllingArea='Z001')","propertyPath":"CostCenterName","modelName":"CostCenterModel"},"searchOpenDialogs":true},"wdio_ui5_key":"sapm.Text{\"path\":\"/C_CostCtrValueHelp(CostCenter='10001010',ControllingArea='Z001')\",\"propertyPath\":\"CostCenterName\",\"modelName\":\"CostCenterModel\"}"}]}
RESULT: undefined
COMMAND: POST /session/2fbb17261cc6fb074d1493bb698829b1/element - {"using":"xpath","value":"//*[@id=\"__text291-__clone547\"]"}
RESULT: {"using":"xpath","value":"//*[@id=\"__text291-__clone547\"]"}
COMMAND: POST /session/2fbb17261cc6fb074d1493bb698829b1/element/f.73F923247D4A980C1D654B50CBD09E00.d.6285DCCAAC0394608A78FB8C2D381064.e.9394/click - {}
RESULT: {}
COMMAND: POST /session/2fbb17261cc6fb074d1493bb698829b1/execute/async - {"script":"<script> [1562 bytes]","args":[{"selector":{"controlType":"sap.m.Button","properties":{"text":"OK"},"searchOpenDialogs":true,"interaction":{"idSuffix":"BDI-content"}},"wdio_ui5_key":"sapm.Button{\"text\":\"OK\"}"}]}
COMMAND: GET /session/2fbb17261cc6fb074d1493bb698829b1/screenshot - {}
RESULT: {"script":"<script> [1562 bytes]","args":[{"selector":{"controlType":"sap.m.Button","properties":{"text":"OK"},"searchOpenDialogs":true,"interaction":{"idSuffix":"BDI-content"}},"wdio_ui5_key":"sapm.Button{\"text\":\"OK\"}"}]}
RESULT: undefined
COMMAND: POST /session/2fbb17261cc6fb074d1493bb698829b1/element - {"using":"xpath","value":"//*[@id=\"__dialog1-ok\"]"}
RESULT: {}
RESULT: {"using":"xpath","value":"//*[@id=\"__dialog1-ok\"]"}
COMMAND: POST /session/2fbb17261cc6fb074d1493bb698829b1/element/f.73F923247D4A980C1D654B50CBD09E00.d.6285DCCAAC0394608A78FB8C2D381064.e.9396/click - {}
RESULT: {}
COMMAND: GET /session/2fbb17261cc6fb074d1493bb698829b1/screenshot - {}
RESULT: {}
COMMAND: POST /session/2fbb17261cc6fb074d1493bb698829b1/execute/async - {"script":"<script> [1562 bytes]","args":[{"selector":{"controlType":"sap.m.Button","viewName":"etm.portal.ui.managerequests.view.NewRequest","i18NText":{"propertyName":"text","key":"save"},"searchOpenDialogs":true,"interaction":{"idSuffix":"BDI-content"}},"wdio_ui5_key":"etmportal.ui.managerequests.view.NewRequestsap.m.Button{\"propertyName\":\"text\",\"key\":\"save\"}"}]}
RESULT: {"script":"<script> [1562 bytes]","args":[{"selector":{"controlType":"sap.m.Button","viewName":"etm.portal.ui.managerequests.view.NewRequest","i18NText":{"propertyName":"text","key":"save"},"searchOpenDialogs":true,"interaction":{"idSuffix":"BDI-content"}},"wdio_ui5_key":"etmportal.ui.managerequests.view.NewRequestsap.m.Button{\"propertyName\":\"text\",\"key\":\"save\"}"}]}
RESULT: undefined
COMMAND: POST /session/2fbb17261cc6fb074d1493bb698829b1/element - {"using":"xpath","value":"//*[@id=\"__button24\"]"}
RESULT: {"using":"xpath","value":"//*[@id=\"__button24\"]"}
COMMAND: POST /session/2fbb17261cc6fb074d1493bb698829b1/element/f.73F923247D4A980C1D654B50CBD09E00.d.6285DCCAAC0394608A78FB8C2D381064.e.9400/click - {}
RESULT: {}
COMMAND: GET /session/2fbb17261cc6fb074d1493bb698829b1/screenshot - {}
RESULT: {}
COMMAND: POST /session/2fbb17261cc6fb074d1493bb698829b1/element - {"using":"xpath","value":"(//bdi[contains(text() ,\"Save\")])[1]"}
RESULT: {"using":"xpath","value":"(//bdi[contains(text() ,\"Save\")])[1]"}
COMMAND: POST /session/2fbb17261cc6fb074d1493bb698829b1/element/f.73F923247D4A980C1D654B50CBD09E00.d.6285DCCAAC0394608A78FB8C2D381064.e.9402/click - {}
RESULT: {}
COMMAND: GET /session/2fbb17261cc6fb074d1493bb698829b1/screenshot - {}
RESULT: {}
COMMAND: POST /session/2fbb17261cc6fb074d1493bb698829b1/execute/async - {"script":"<script> [1562 bytes]","args":[{"selector":{"controlType":"sap.m.Title","properties":{"text":"Success"},"searchOpenDialogs":true},"wdio_ui5_key":"sapm.Title{\"text\":\"Success\"}"}]}
RESULT: {"script":"<script> [1562 bytes]","args":[{"selector":{"controlType":"sap.m.Title","properties":{"text":"Success"},"searchOpenDialogs":true},"wdio_ui5_key":"sapm.Title{\"text\":\"Success\"}"}]}
RESULT: undefined
COMMAND: POST /session/2fbb17261cc6fb074d1493bb698829b1/execute/async - {"script":"<script> [6424 bytes]","args":[{"element-6066-11e4-a52e-4f735466cecf":"f.73F923247D4A980C1D654B50CBD09E00.d.6285DCCAAC0394608A78FB8C2D381064.e.9406"},"getText",[]]}
RESULT: {"script":"<script> [6424 bytes]","args":[{"element-6066-11e4-a52e-4f735466cecf":"f.73F923247D4A980C1D654B50CBD09E00.d.6285DCCAAC0394608A78FB8C2D381064.e.9406"},"getText",[]]}
COMMAND: POST /session/2fbb17261cc6fb074d1493bb698829b1/execute/async - {"script":"<script> [1562 bytes]","args":[{"selector":{"controlType":"sap.m.Button","properties":{"text":"Close"},"searchOpenDialogs":true,"interaction":{"idSuffix":"BDI-content"}},"wdio_ui5_key":"sapm.Button{\"text\":\"Close\"}"}]}
RESULT: {"script":"<script> [1562 bytes]","args":[{"selector":{"controlType":"sap.m.Button","properties":{"text":"Close"},"searchOpenDialogs":true,"interaction":{"idSuffix":"BDI-content"}},"wdio_ui5_key":"sapm.Button{\"text\":\"Close\"}"}]}
RESULT: undefined
COMMAND: POST /session/2fbb17261cc6fb074d1493bb698829b1/element - {"using":"xpath","value":"//*[@id=\"__mbox-btn-0\"]"}
RESULT: {"using":"xpath","value":"//*[@id=\"__mbox-btn-0\"]"}
COMMAND: POST /session/2fbb17261cc6fb074d1493bb698829b1/element/f.73F923247D4A980C1D654B50CBD09E00.d.6285DCCAAC0394608A78FB8C2D381064.e.9405/click - {}
RESULT: {}
COMMAND: GET /session/2fbb17261cc6fb074d1493bb698829b1/screenshot - {}
RESULT: {}
]]></system-out>
    </testcase>
    <testcase classname="chrome.136_0_7103_93.windows.Reserve/Unreserve_request_item_via_reserve_option_US139161" name="Should navigate to planning board and reserve the resource" time="95.322">
      <system-out><![CDATA[
COMMAND: POST /session/2fbb17261cc6fb074d1493bb698829b1/execute/async - {"script":"<script> [1562 bytes]","args":[{"selector":{"controlType":"sap.m.Button","viewName":"etm.portal.ui.managerequests.view.Detail","i18NText":{"propertyName":"text","key":"planningSituation"},"interaction":{"idSuffix":"BDI-content"}},"wdio_ui5_key":"etmportal.ui.managerequests.view.Detailsap.m.Button{\"propertyName\":\"text\",\"key\":\"planningSituation\"}"}]}
RESULT: {"script":"<script> [1562 bytes]","args":[{"selector":{"controlType":"sap.m.Button","viewName":"etm.portal.ui.managerequests.view.Detail","i18NText":{"propertyName":"text","key":"planningSituation"},"interaction":{"idSuffix":"BDI-content"}},"wdio_ui5_key":"etmportal.ui.managerequests.view.Detailsap.m.Button{\"propertyName\":\"text\",\"key\":\"planningSituation\"}"}]}
RESULT: undefined
COMMAND: POST /session/2fbb17261cc6fb074d1493bb698829b1/element - {"using":"xpath","value":"//*[@id=\"__button27\"]"}
RESULT: {"using":"xpath","value":"//*[@id=\"__button27\"]"}
COMMAND: POST /session/2fbb17261cc6fb074d1493bb698829b1/element/f.73F923247D4A980C1D654B50CBD09E00.d.6285DCCAAC0394608A78FB8C2D381064.e.9425/click - {}
RESULT: {}
COMMAND: GET /session/2fbb17261cc6fb074d1493bb698829b1/screenshot - {}
RESULT: {}
COMMAND: POST /session/2fbb17261cc6fb074d1493bb698829b1/element - {"using":"xpath","value":"(//span[contains(@title ,\"WebdriverYardh82nxi\")])[1]"}
RESULT: {"using":"xpath","value":"(//span[contains(@title ,\"WebdriverYardh82nxi\")])[1]"}
COMMAND: POST /session/2fbb17261cc6fb074d1493bb698829b1/elements - {"using":"xpath","value":"(//span[contains(@title ,\"WebdriverYardh82nxi\")])[1]"}
RESULT: {"using":"xpath","value":"(//span[contains(@title ,\"WebdriverYardh82nxi\")])[1]"}
COMMAND: POST /session/2fbb17261cc6fb074d1493bb698829b1/elements - {"using":"xpath","value":"(//span[contains(@title ,\"WebdriverYardh82nxi\")])[1]"}
RESULT: {"using":"xpath","value":"(//span[contains(@title ,\"WebdriverYardh82nxi\")])[1]"}
COMMAND: POST /session/2fbb17261cc6fb074d1493bb698829b1/elements - {"using":"xpath","value":"(//span[contains(@title ,\"WebdriverYardh82nxi\")])[1]"}
RESULT: {"using":"xpath","value":"(//span[contains(@title ,\"WebdriverYardh82nxi\")])[1]"}
COMMAND: POST /session/2fbb17261cc6fb074d1493bb698829b1/elements - {"using":"xpath","value":"(//span[contains(@title ,\"WebdriverYardh82nxi\")])[1]"}
RESULT: {"using":"xpath","value":"(//span[contains(@title ,\"WebdriverYardh82nxi\")])[1]"}
COMMAND: POST /session/2fbb17261cc6fb074d1493bb698829b1/elements - {"using":"xpath","value":"(//span[contains(@title ,\"WebdriverYardh82nxi\")])[1]"}
RESULT: {"using":"xpath","value":"(//span[contains(@title ,\"WebdriverYardh82nxi\")])[1]"}
COMMAND: POST /session/2fbb17261cc6fb074d1493bb698829b1/elements - {"using":"xpath","value":"(//span[contains(@title ,\"WebdriverYardh82nxi\")])[1]"}
RESULT: {"using":"xpath","value":"(//span[contains(@title ,\"WebdriverYardh82nxi\")])[1]"}
COMMAND: POST /session/2fbb17261cc6fb074d1493bb698829b1/elements - {"using":"xpath","value":"(//span[contains(@title ,\"WebdriverYardh82nxi\")])[1]"}
RESULT: {"using":"xpath","value":"(//span[contains(@title ,\"WebdriverYardh82nxi\")])[1]"}
COMMAND: POST /session/2fbb17261cc6fb074d1493bb698829b1/elements - {"using":"xpath","value":"(//span[contains(@title ,\"WebdriverYardh82nxi\")])[1]"}
RESULT: {"using":"xpath","value":"(//span[contains(@title ,\"WebdriverYardh82nxi\")])[1]"}
COMMAND: POST /session/2fbb17261cc6fb074d1493bb698829b1/elements - {"using":"xpath","value":"(//span[contains(@title ,\"WebdriverYardh82nxi\")])[1]"}
RESULT: {"using":"xpath","value":"(//span[contains(@title ,\"WebdriverYardh82nxi\")])[1]"}
COMMAND: POST /session/2fbb17261cc6fb074d1493bb698829b1/elements - {"using":"xpath","value":"(//span[contains(@title ,\"WebdriverYardh82nxi\")])[1]"}
RESULT: {"using":"xpath","value":"(//span[contains(@title ,\"WebdriverYardh82nxi\")])[1]"}
COMMAND: POST /session/2fbb17261cc6fb074d1493bb698829b1/elements - {"using":"xpath","value":"(//span[contains(@title ,\"WebdriverYardh82nxi\")])[1]"}
RESULT: {"using":"xpath","value":"(//span[contains(@title ,\"WebdriverYardh82nxi\")])[1]"}
COMMAND: POST /session/2fbb17261cc6fb074d1493bb698829b1/elements - {"using":"xpath","value":"(//span[contains(@title ,\"WebdriverYardh82nxi\")])[1]"}
RESULT: {"using":"xpath","value":"(//span[contains(@title ,\"WebdriverYardh82nxi\")])[1]"}
COMMAND: POST /session/2fbb17261cc6fb074d1493bb698829b1/elements - {"using":"xpath","value":"(//span[contains(@title ,\"WebdriverYardh82nxi\")])[1]"}
RESULT: {"using":"xpath","value":"(//span[contains(@title ,\"WebdriverYardh82nxi\")])[1]"}
COMMAND: POST /session/2fbb17261cc6fb074d1493bb698829b1/elements - {"using":"xpath","value":"(//span[contains(@title ,\"WebdriverYardh82nxi\")])[1]"}
RESULT: {"using":"xpath","value":"(//span[contains(@title ,\"WebdriverYardh82nxi\")])[1]"}
COMMAND: POST /session/2fbb17261cc6fb074d1493bb698829b1/elements - {"using":"xpath","value":"(//span[contains(@title ,\"WebdriverYardh82nxi\")])[1]"}
RESULT: {"using":"xpath","value":"(//span[contains(@title ,\"WebdriverYardh82nxi\")])[1]"}
COMMAND: POST /session/2fbb17261cc6fb074d1493bb698829b1/elements - {"using":"xpath","value":"(//span[contains(@title ,\"WebdriverYardh82nxi\")])[1]"}
RESULT: {"using":"xpath","value":"(//span[contains(@title ,\"WebdriverYardh82nxi\")])[1]"}
COMMAND: POST /session/2fbb17261cc6fb074d1493bb698829b1/elements - {"using":"xpath","value":"(//span[contains(@title ,\"WebdriverYardh82nxi\")])[1]"}
RESULT: {"using":"xpath","value":"(//span[contains(@title ,\"WebdriverYardh82nxi\")])[1]"}
COMMAND: POST /session/2fbb17261cc6fb074d1493bb698829b1/elements - {"using":"xpath","value":"(//span[contains(@title ,\"WebdriverYardh82nxi\")])[1]"}
RESULT: {"using":"xpath","value":"(//span[contains(@title ,\"WebdriverYardh82nxi\")])[1]"}
COMMAND: POST /session/2fbb17261cc6fb074d1493bb698829b1/elements - {"using":"xpath","value":"(//span[contains(@title ,\"WebdriverYardh82nxi\")])[1]"}
RESULT: {"using":"xpath","value":"(//span[contains(@title ,\"WebdriverYardh82nxi\")])[1]"}
COMMAND: POST /session/2fbb17261cc6fb074d1493bb698829b1/elements - {"using":"xpath","value":"(//span[contains(@title ,\"WebdriverYardh82nxi\")])[1]"}
RESULT: {"using":"xpath","value":"(//span[contains(@title ,\"WebdriverYardh82nxi\")])[1]"}
COMMAND: POST /session/2fbb17261cc6fb074d1493bb698829b1/elements - {"using":"xpath","value":"(//span[contains(@title ,\"WebdriverYardh82nxi\")])[1]"}
RESULT: {"using":"xpath","value":"(//span[contains(@title ,\"WebdriverYardh82nxi\")])[1]"}
COMMAND: POST /session/2fbb17261cc6fb074d1493bb698829b1/elements - {"using":"xpath","value":"(//span[contains(@title ,\"WebdriverYardh82nxi\")])[1]"}
RESULT: {"using":"xpath","value":"(//span[contains(@title ,\"WebdriverYardh82nxi\")])[1]"}
COMMAND: POST /session/2fbb17261cc6fb074d1493bb698829b1/elements - {"using":"xpath","value":"(//span[contains(@title ,\"WebdriverYardh82nxi\")])[1]"}
RESULT: {"using":"xpath","value":"(//span[contains(@title ,\"WebdriverYardh82nxi\")])[1]"}
COMMAND: POST /session/2fbb17261cc6fb074d1493bb698829b1/elements - {"using":"xpath","value":"(//span[contains(@title ,\"WebdriverYardh82nxi\")])[1]"}
RESULT: {"using":"xpath","value":"(//span[contains(@title ,\"WebdriverYardh82nxi\")])[1]"}
COMMAND: POST /session/2fbb17261cc6fb074d1493bb698829b1/elements - {"using":"xpath","value":"(//span[contains(@title ,\"WebdriverYardh82nxi\")])[1]"}
RESULT: {"using":"xpath","value":"(//span[contains(@title ,\"WebdriverYardh82nxi\")])[1]"}
COMMAND: POST /session/2fbb17261cc6fb074d1493bb698829b1/elements - {"using":"xpath","value":"(//span[contains(@title ,\"WebdriverYardh82nxi\")])[1]"}
RESULT: {"using":"xpath","value":"(//span[contains(@title ,\"WebdriverYardh82nxi\")])[1]"}
COMMAND: POST /session/2fbb17261cc6fb074d1493bb698829b1/element - {"using":"xpath","value":"(//span[contains(@title ,\"WebdriverYardh82nxi\")])[1]"}
RESULT: {"using":"xpath","value":"(//span[contains(@title ,\"WebdriverYardh82nxi\")])[1]"}
COMMAND: POST /session/2fbb17261cc6fb074d1493bb698829b1/execute/sync - {"script":"<script> [8489 bytes]","args":[{"element-6066-11e4-a52e-4f735466cecf":"f.73F923247D4A980C1D654B50CBD09E00.d.6285DCCAAC0394608A78FB8C2D381064.e.9821","ELEMENT":"f.73F923247D4A980C1D654B50CBD09E00.d.6285DCCAAC0394608A78FB8C2D381064.e.9821"}]}
RESULT: {"script":"<script> [8489 bytes]","args":[{"element-6066-11e4-a52e-4f735466cecf":"f.73F923247D4A980C1D654B50CBD09E00.d.6285DCCAAC0394608A78FB8C2D381064.e.9821","ELEMENT":"f.73F923247D4A980C1D654B50CBD09E00.d.6285DCCAAC0394608A78FB8C2D381064.e.9821"}]}
COMMAND: POST /session/2fbb17261cc6fb074d1493bb698829b1/element - {"using":"xpath","value":"(//span[contains(@title ,\"WebdriverYardh82nxi\")])[1]"}
COMMAND: GET /session/2fbb17261cc6fb074d1493bb698829b1/screenshot - {}
RESULT: {"using":"xpath","value":"(//span[contains(@title ,\"WebdriverYardh82nxi\")])[1]"}
COMMAND: POST /session/2fbb17261cc6fb074d1493bb698829b1/actions - {"actions":[{"id":"action71","type":"pointer","parameters":{"pointerType":"mouse"},"actions":[{"type":"pointerMove","button":0,"width":0,"height":0,"pressure":0,"tangentialPressure":0,"tiltX":0,"tiltY":0,"twist":0,"altitudeAngle":0,"_":"5 more keys: [\"azimuthAngle\",\"x\",\"y\",\"duration\",\"origin\"]"},{"type":"pointerDown","button":2,"width":0,"height":0,"pressure":0,"tangentialPressure":0,"tiltX":0,"tiltY":0,"twist":0,"altitudeAngle":0,"_":"1 more keys: [\"azimuthAngle\"]"},{"type":"pointerUp","button":2}]}]}
RESULT: {}
RESULT: {"actions":[{"id":"action71","type":"pointer","parameters":{"pointerType":"mouse"},"actions":[{"type":"pointerMove","button":0,"width":0,"height":0,"pressure":0,"tangentialPressure":0,"tiltX":0,"tiltY":0,"twist":0,"altitudeAngle":0,"_":"5 more keys: [\"azimuthAngle\",\"x\",\"y\",\"duration\",\"origin\"]"},{"type":"pointerDown","button":2,"width":0,"height":0,"pressure":0,"tangentialPressure":0,"tiltX":0,"tiltY":0,"twist":0,"altitudeAngle":0,"_":"1 more keys: [\"azimuthAngle\"]"},{"type":"pointerUp","button":2}]}]}
COMMAND: DELETE /session/2fbb17261cc6fb074d1493bb698829b1/actions - {}
COMMAND: GET /session/2fbb17261cc6fb074d1493bb698829b1/screenshot - {}
RESULT: {}
COMMAND: GET /session/2fbb17261cc6fb074d1493bb698829b1/screenshot - {}
RESULT: {}
RESULT: {}
COMMAND: POST /session/2fbb17261cc6fb074d1493bb698829b1/actions - {"actions":[{"id":"action72","type":"key","parameters":{},"actions":[{"type":"keyDown","value":""},{"type":"pause","duration":10},{"type":"keyUp","value":""}]}]}
RESULT: {"actions":[{"id":"action72","type":"key","parameters":{},"actions":[{"type":"keyDown","value":""},{"type":"pause","duration":10},{"type":"keyUp","value":""}]}]}
COMMAND: GET /session/2fbb17261cc6fb074d1493bb698829b1/screenshot - {}
RESULT: {}
COMMAND: POST /session/2fbb17261cc6fb074d1493bb698829b1/actions - {"actions":[{"id":"action73","type":"key","parameters":{},"actions":[{"type":"keyDown","value":""},{"type":"pause","duration":10},{"type":"keyUp","value":""}]}]}
RESULT: {"actions":[{"id":"action73","type":"key","parameters":{},"actions":[{"type":"keyDown","value":""},{"type":"pause","duration":10},{"type":"keyUp","value":""}]}]}
COMMAND: GET /session/2fbb17261cc6fb074d1493bb698829b1/screenshot - {}
RESULT: {}
COMMAND: POST /session/2fbb17261cc6fb074d1493bb698829b1/execute/async - {"script":"<script> [1562 bytes]","args":[{"selector":{"id":"application-planningboard-display-component---pB_RequestHeader--RUreservationComment","searchOpenDialogs":true,"interaction":{"idSuffix":"inner"}},"wdio_ui5_key":"applicationplanningboard-display-component---pB_RequestHeader--RUreservationComment"}]}
RESULT: {"script":"<script> [1562 bytes]","args":[{"selector":{"id":"application-planningboard-display-component---pB_RequestHeader--RUreservationComment","searchOpenDialogs":true,"interaction":{"idSuffix":"inner"}},"wdio_ui5_key":"applicationplanningboard-display-component---pB_RequestHeader--RUreservationComment"}]}
RESULT: undefined
COMMAND: POST /session/2fbb17261cc6fb074d1493bb698829b1/execute/async - {"script":"<script> [776 bytes]","args":[{"enterText":"WdIORes1esyg7","selector":{"id":"application-planningboard-display-component---pB_RequestHeader--RUreservationComment","searchOpenDialogs":true,"interaction":{"idSuffix":"inner"}},"clearTextFirst":true,"interactionType":"ENTER_TEXT"}]}
RESULT: {"script":"<script> [776 bytes]","args":[{"enterText":"WdIORes1esyg7","selector":{"id":"application-planningboard-display-component---pB_RequestHeader--RUreservationComment","searchOpenDialogs":true,"interaction":{"idSuffix":"inner"}},"clearTextFirst":true,"interactionType":"ENTER_TEXT"}]}
COMMAND: POST /session/2fbb17261cc6fb074d1493bb698829b1/execute/async - {"script":"<script> [1562 bytes]","args":[{"selector":{"controlType":"sap.m.Button","viewName":"etm.portal.ui.planningboard.view.detail.RequestHeader","viewId":"application-planningboard-display-component---pB_RequestHeader","properties":{"text":"Ok"},"searchOpenDialogs":true,"interaction":{"idSuffix":"BDI-content"}},"wdio_ui5_key":"etmportal.ui.planningboard.view.detail.RequestHeadersap.m.Button{\"text\":\"Ok\"}"}]}
RESULT: {"script":"<script> [1562 bytes]","args":[{"selector":{"controlType":"sap.m.Button","viewName":"etm.portal.ui.planningboard.view.detail.RequestHeader","viewId":"application-planningboard-display-component---pB_RequestHeader","properties":{"text":"Ok"},"searchOpenDialogs":true,"interaction":{"idSuffix":"BDI-content"}},"wdio_ui5_key":"etmportal.ui.planningboard.view.detail.RequestHeadersap.m.Button{\"text\":\"Ok\"}"}]}
RESULT: undefined
COMMAND: POST /session/2fbb17261cc6fb074d1493bb698829b1/element - {"using":"xpath","value":"//*[@id=\"__button192\"]"}
RESULT: {"using":"xpath","value":"//*[@id=\"__button192\"]"}
COMMAND: POST /session/2fbb17261cc6fb074d1493bb698829b1/element/f.73F923247D4A980C1D654B50CBD09E00.d.6285DCCAAC0394608A78FB8C2D381064.e.9834/click - {}
RESULT: {}
COMMAND: GET /session/2fbb17261cc6fb074d1493bb698829b1/screenshot - {}
RESULT: {}
COMMAND: POST /session/2fbb17261cc6fb074d1493bb698829b1/element - {"using":"xpath","value":"//span[contains(@title ,\"WebdriverYardh82nxi\")]"}
RESULT: {"using":"xpath","value":"//span[contains(@title ,\"WebdriverYardh82nxi\")]"}
COMMAND: POST /session/2fbb17261cc6fb074d1493bb698829b1/actions - {"actions":[{"id":"action74","type":"pointer","parameters":{"pointerType":"mouse"},"actions":[{"type":"pointerMove","button":0,"width":0,"height":0,"pressure":0,"tangentialPressure":0,"tiltX":0,"tiltY":0,"twist":0,"altitudeAngle":0,"_":"5 more keys: [\"azimuthAngle\",\"x\",\"y\",\"duration\",\"origin\"]"},{"type":"pointerDown","button":2,"width":0,"height":0,"pressure":0,"tangentialPressure":0,"tiltX":0,"tiltY":0,"twist":0,"altitudeAngle":0,"_":"1 more keys: [\"azimuthAngle\"]"},{"type":"pointerUp","button":2}]}]}
RESULT: {"actions":[{"id":"action74","type":"pointer","parameters":{"pointerType":"mouse"},"actions":[{"type":"pointerMove","button":0,"width":0,"height":0,"pressure":0,"tangentialPressure":0,"tiltX":0,"tiltY":0,"twist":0,"altitudeAngle":0,"_":"5 more keys: [\"azimuthAngle\",\"x\",\"y\",\"duration\",\"origin\"]"},{"type":"pointerDown","button":2,"width":0,"height":0,"pressure":0,"tangentialPressure":0,"tiltX":0,"tiltY":0,"twist":0,"altitudeAngle":0,"_":"1 more keys: [\"azimuthAngle\"]"},{"type":"pointerUp","button":2}]}]}
COMMAND: DELETE /session/2fbb17261cc6fb074d1493bb698829b1/actions - {}
COMMAND: GET /session/2fbb17261cc6fb074d1493bb698829b1/screenshot - {}
RESULT: {}
COMMAND: GET /session/2fbb17261cc6fb074d1493bb698829b1/screenshot - {}
RESULT: {}
RESULT: {}
COMMAND: POST /session/2fbb17261cc6fb074d1493bb698829b1/actions - {"actions":[{"id":"action75","type":"key","parameters":{},"actions":[{"type":"keyDown","value":""},{"type":"pause","duration":10},{"type":"keyUp","value":""}]}]}
RESULT: {"actions":[{"id":"action75","type":"key","parameters":{},"actions":[{"type":"keyDown","value":""},{"type":"pause","duration":10},{"type":"keyUp","value":""}]}]}
COMMAND: GET /session/2fbb17261cc6fb074d1493bb698829b1/screenshot - {}
RESULT: {}
COMMAND: POST /session/2fbb17261cc6fb074d1493bb698829b1/actions - {"actions":[{"id":"action76","type":"key","parameters":{},"actions":[{"type":"keyDown","value":""},{"type":"pause","duration":10},{"type":"keyUp","value":""}]}]}
RESULT: {"actions":[{"id":"action76","type":"key","parameters":{},"actions":[{"type":"keyDown","value":""},{"type":"pause","duration":10},{"type":"keyUp","value":""}]}]}
COMMAND: GET /session/2fbb17261cc6fb074d1493bb698829b1/screenshot - {}
RESULT: {}
RESULT: undefined
COMMAND: POST /session/2fbb17261cc6fb074d1493bb698829b1/execute/async - {"script":"<script> [776 bytes]","args":[{"enterText":"WdIORes2crphx","selector":{"id":"application-planningboard-display-component---pB_RequestHeader--RUreservationComment","searchOpenDialogs":true,"interaction":{"idSuffix":"inner"}},"clearTextFirst":true,"interactionType":"ENTER_TEXT"}]}
RESULT: {"script":"<script> [776 bytes]","args":[{"enterText":"WdIORes2crphx","selector":{"id":"application-planningboard-display-component---pB_RequestHeader--RUreservationComment","searchOpenDialogs":true,"interaction":{"idSuffix":"inner"}},"clearTextFirst":true,"interactionType":"ENTER_TEXT"}]}
RESULT: undefined
COMMAND: POST /session/2fbb17261cc6fb074d1493bb698829b1/element - {"using":"xpath","value":"//*[@id=\"__button192\"]"}
RESULT: {"using":"xpath","value":"//*[@id=\"__button192\"]"}
COMMAND: POST /session/2fbb17261cc6fb074d1493bb698829b1/element/f.73F923247D4A980C1D654B50CBD09E00.d.6285DCCAAC0394608A78FB8C2D381064.e.9911/click - {}
RESULT: {}
COMMAND: GET /session/2fbb17261cc6fb074d1493bb698829b1/screenshot - {}
RESULT: {}
COMMAND: POST /session/2fbb17261cc6fb074d1493bb698829b1/execute/async - {"script":"<script> [1562 bytes]","args":[{"selector":{"controlType":"sap.m.Button","viewName":"etm.portal.ui.planningboard.view.detail.RequestHeader","viewId":"application-planningboard-display-component---pB_RequestHeader","i18NText":{"propertyName":"text","key":"close"},"ancestor":{"id":"application-planningboard-display-component---pB_RequestHeader--requestItemDetails"},"interaction":{"idSuffix":"BDI-content"}},"wdio_ui5_key":"etmportal.ui.planningboard.view.detail.RequestHeadersap.m.Button{\"propertyName\":\"text\",\"key\":\"close\"}{\"id\":\"application-planningboard-display-component---pB_RequestHeader--requestItemDetails\"}"}]}
RESULT: {"script":"<script> [1562 bytes]","args":[{"selector":{"controlType":"sap.m.Button","viewName":"etm.portal.ui.planningboard.view.detail.RequestHeader","viewId":"application-planningboard-display-component---pB_RequestHeader","i18NText":{"propertyName":"text","key":"close"},"ancestor":{"id":"application-planningboard-display-component---pB_RequestHeader--requestItemDetails"},"interaction":{"idSuffix":"BDI-content"}},"wdio_ui5_key":"etmportal.ui.planningboard.view.detail.RequestHeadersap.m.Button{\"propertyName\":\"text\",\"key\":\"close\"}{\"id\":\"application-planningboard-display-component---pB_RequestHeader--requestItemDetails\"}"}]}
RESULT: undefined
COMMAND: POST /session/2fbb17261cc6fb074d1493bb698829b1/element - {"using":"xpath","value":"//*[@id=\"__button68\"]"}
RESULT: {"using":"xpath","value":"//*[@id=\"__button68\"]"}
COMMAND: POST /session/2fbb17261cc6fb074d1493bb698829b1/element/f.73F923247D4A980C1D654B50CBD09E00.d.6285DCCAAC0394608A78FB8C2D381064.e.9701/click - {}
RESULT: {}
COMMAND: GET /session/2fbb17261cc6fb074d1493bb698829b1/screenshot - {}
RESULT: {}
COMMAND: POST /session/2fbb17261cc6fb074d1493bb698829b1/execute/async - {"script":"<script> [1562 bytes]","args":[{"selector":{"id":"application-planningboard-display-component---pB_Master--selectView","interaction":{"idSuffix":"arrow"}},"wdio_ui5_key":"applicationplanningboard-display-component---pB_Master--selectView"}]}
RESULT: {"script":"<script> [1562 bytes]","args":[{"selector":{"id":"application-planningboard-display-component---pB_Master--selectView","interaction":{"idSuffix":"arrow"}},"wdio_ui5_key":"applicationplanningboard-display-component---pB_Master--selectView"}]}
RESULT: undefined
COMMAND: POST /session/2fbb17261cc6fb074d1493bb698829b1/element - {"using":"xpath","value":"//*[@id=\"application-planningboard-display-component---pB_Master--selectView\"]"}
RESULT: {"using":"xpath","value":"//*[@id=\"application-planningboard-display-component---pB_Master--selectView\"]"}
COMMAND: POST /session/2fbb17261cc6fb074d1493bb698829b1/element/f.73F923247D4A980C1D654B50CBD09E00.d.6285DCCAAC0394608A78FB8C2D381064.e.10067/click - {}
RESULT: {}
COMMAND: GET /session/2fbb17261cc6fb074d1493bb698829b1/screenshot - {}
RESULT: {}
COMMAND: POST /session/2fbb17261cc6fb074d1493bb698829b1/execute/async - {"script":"<script> [1562 bytes]","args":[{"selector":{"controlType":"sap.ui.core.Item","viewName":"etm.portal.ui.planningboard.view.Master","viewId":"application-planningboard-display-component---pB_Master","i18NText":{"propertyName":"text","key":"manageReservations"},"searchOpenDialogs":true},"wdio_ui5_key":"etmportal.ui.planningboard.view.Mastersap.ui.core.Item{\"propertyName\":\"text\",\"key\":\"manageReservations\"}"}]}
RESULT: {"script":"<script> [1562 bytes]","args":[{"selector":{"controlType":"sap.ui.core.Item","viewName":"etm.portal.ui.planningboard.view.Master","viewId":"application-planningboard-display-component---pB_Master","i18NText":{"propertyName":"text","key":"manageReservations"},"searchOpenDialogs":true},"wdio_ui5_key":"etmportal.ui.planningboard.view.Mastersap.ui.core.Item{\"propertyName\":\"text\",\"key\":\"manageReservations\"}"}]}
RESULT: undefined
COMMAND: POST /session/2fbb17261cc6fb074d1493bb698829b1/element - {"using":"xpath","value":"//*[@id=\"__item466\"]"}
RESULT: {"using":"xpath","value":"//*[@id=\"__item466\"]"}
COMMAND: POST /session/2fbb17261cc6fb074d1493bb698829b1/element/f.73F923247D4A980C1D654B50CBD09E00.d.6285DCCAAC0394608A78FB8C2D381064.e.10070/click - {}
RESULT: {}
COMMAND: GET /session/2fbb17261cc6fb074d1493bb698829b1/screenshot - {}
RESULT: {}
COMMAND: POST /session/2fbb17261cc6fb074d1493bb698829b1/element - {"using":"xpath","value":"//span[contains(@id ,\"clone\")][contains(text(), \"WdIORes1esyg7\")]"}
RESULT: {"using":"xpath","value":"//span[contains(@id ,\"clone\")][contains(text(), \"WdIORes1esyg7\")]"}
COMMAND: GET /session/2fbb17261cc6fb074d1493bb698829b1/element/f.73F923247D4A980C1D654B50CBD09E00.d.6285DCCAAC0394608A78FB8C2D381064.e.10086/text - {}
RESULT: {}
COMMAND: POST /session/2fbb17261cc6fb074d1493bb698829b1/element - {"using":"xpath","value":"//span[contains(@id ,\"clone\")][contains(text(), \"WdIORes2crphx\")]"}
RESULT: {"using":"xpath","value":"//span[contains(@id ,\"clone\")][contains(text(), \"WdIORes2crphx\")]"}
COMMAND: POST /session/2fbb17261cc6fb074d1493bb698829b1/element/f.73F923247D4A980C1D654B50CBD09E00.d.6285DCCAAC0394608A78FB8C2D381064.e.10087/click - {}
RESULT: {}
COMMAND: GET /session/2fbb17261cc6fb074d1493bb698829b1/screenshot - {}
RESULT: {}
COMMAND: POST /session/2fbb17261cc6fb074d1493bb698829b1/actions - {"actions":[{"id":"action77","type":"key","parameters":{},"actions":[{"type":"keyDown","value":""},{"type":"pause","duration":10},{"type":"keyUp","value":""}]}]}
RESULT: {"actions":[{"id":"action77","type":"key","parameters":{},"actions":[{"type":"keyDown","value":""},{"type":"pause","duration":10},{"type":"keyUp","value":""}]}]}
COMMAND: GET /session/2fbb17261cc6fb074d1493bb698829b1/screenshot - {}
RESULT: {}
COMMAND: POST /session/2fbb17261cc6fb074d1493bb698829b1/execute/async - {"script":"<script> [1562 bytes]","args":[{"selector":{"controlType":"sap.m.Button","viewName":"etm.portal.ui.planningboard.view.detail.Planning","viewId":"application-planningboard-display-component---pB_Planning","i18NText":{"propertyName":"text","key":"unplan"},"interaction":{"idSuffix":"BDI-content"}},"wdio_ui5_key":"etmportal.ui.planningboard.view.detail.Planningsap.m.Button{\"propertyName\":\"text\",\"key\":\"unplan\"}"}]}
RESULT: {"script":"<script> [1562 bytes]","args":[{"selector":{"controlType":"sap.m.Button","viewName":"etm.portal.ui.planningboard.view.detail.Planning","viewId":"application-planningboard-display-component---pB_Planning","i18NText":{"propertyName":"text","key":"unplan"},"interaction":{"idSuffix":"BDI-content"}},"wdio_ui5_key":"etmportal.ui.planningboard.view.detail.Planningsap.m.Button{\"propertyName\":\"text\",\"key\":\"unplan\"}"}]}
RESULT: undefined
COMMAND: POST /session/2fbb17261cc6fb074d1493bb698829b1/element - {"using":"xpath","value":"//*[@id=\"__button258\"]"}
RESULT: {"using":"xpath","value":"//*[@id=\"__button258\"]"}
COMMAND: POST /session/2fbb17261cc6fb074d1493bb698829b1/element/f.73F923247D4A980C1D654B50CBD09E00.d.6285DCCAAC0394608A78FB8C2D381064.e.10122/click - {}
RESULT: {}
COMMAND: GET /session/2fbb17261cc6fb074d1493bb698829b1/screenshot - {}
RESULT: {}
COMMAND: POST /session/2fbb17261cc6fb074d1493bb698829b1/element - {"using":"xpath","value":"//span[contains(@id ,\"clone\")][contains(text(), \"WdIORes2crphx\")]"}
RESULT: {"using":"xpath","value":"//span[contains(@id ,\"clone\")][contains(text(), \"WdIORes2crphx\")]"}
COMMAND: POST /session/2fbb17261cc6fb074d1493bb698829b1/element - {"using":"xpath","value":"//span[contains(@id ,\"clone\")][contains(text(), \"WdIORes2crphx\")]"}
RESULT: {"using":"xpath","value":"//span[contains(@id ,\"clone\")][contains(text(), \"WdIORes2crphx\")]"}
COMMAND: POST /session/2fbb17261cc6fb074d1493bb698829b1/element - {"using":"xpath","value":"//span[contains(@id ,\"clone\")][contains(text(), \"WdIORes1esyg7\")]"}
RESULT: {"using":"xpath","value":"//span[contains(@id ,\"clone\")][contains(text(), \"WdIORes1esyg7\")]"}
COMMAND: POST /session/2fbb17261cc6fb074d1493bb698829b1/element/f.73F923247D4A980C1D654B50CBD09E00.d.6285DCCAAC0394608A78FB8C2D381064.e.10187/click - {}
RESULT: {}
COMMAND: GET /session/2fbb17261cc6fb074d1493bb698829b1/screenshot - {}
RESULT: {}
COMMAND: POST /session/2fbb17261cc6fb074d1493bb698829b1/actions - {"actions":[{"id":"action78","type":"key","parameters":{},"actions":[{"type":"keyDown","value":""},{"type":"pause","duration":10},{"type":"keyUp","value":""}]}]}
RESULT: {"actions":[{"id":"action78","type":"key","parameters":{},"actions":[{"type":"keyDown","value":""},{"type":"pause","duration":10},{"type":"keyUp","value":""}]}]}
COMMAND: GET /session/2fbb17261cc6fb074d1493bb698829b1/screenshot - {}
RESULT: {}
]]></system-out>
    </testcase>
  </testsuite>
  <testsuite timestamp="2025-05-24T16:10:09" time="30.797" tests="1" failures="0" errors="0" skipped="0">
    <properties>
      <property name="specId" value="0"/>
      <property name="suiteName" value="Reserve/Unreserve request item via reserve option US139161"/>
      <property name="capabilities" value="chrome.136_0_7103_93.windows"/>
      <property name="file" value="file:///D:/a/1/s/test/specs/R2C/manage-reservations-view-planning-board.spec.js"/>
    </properties>
    <testcase classname="chrome.136_0_7103_93.windows.Reserve/Unreserve_request_item_via_reserve_option_US139161" name="Should open a reservation to verify and edit the details" time="30.796">
      <system-out><![CDATA[
COMMAND: POST /session/2fbb17261cc6fb074d1493bb698829b1/element - {"using":"xpath","value":"//button[contains(@data-kt, \"editButton\")]"}
RESULT: {"using":"xpath","value":"//button[contains(@data-kt, \"editButton\")]"}
COMMAND: POST /session/2fbb17261cc6fb074d1493bb698829b1/execute/sync - {"script":"<script> [8489 bytes]","args":[{"element-6066-11e4-a52e-4f735466cecf":"f.73F923247D4A980C1D654B50CBD09E00.d.6285DCCAAC0394608A78FB8C2D381064.e.10233","ELEMENT":"f.73F923247D4A980C1D654B50CBD09E00.d.6285DCCAAC0394608A78FB8C2D381064.e.10233"}]}
RESULT: {"script":"<script> [8489 bytes]","args":[{"element-6066-11e4-a52e-4f735466cecf":"f.73F923247D4A980C1D654B50CBD09E00.d.6285DCCAAC0394608A78FB8C2D381064.e.10233","ELEMENT":"f.73F923247D4A980C1D654B50CBD09E00.d.6285DCCAAC0394608A78FB8C2D381064.e.10233"}]}
COMMAND: POST /session/2fbb17261cc6fb074d1493bb698829b1/element - {"using":"xpath","value":"//button[contains(@data-kt, \"unplanButton\")]"}
COMMAND: GET /session/2fbb17261cc6fb074d1493bb698829b1/screenshot - {}
RESULT: {"using":"xpath","value":"//button[contains(@data-kt, \"unplanButton\")]"}
COMMAND: POST /session/2fbb17261cc6fb074d1493bb698829b1/execute/sync - {"script":"<script> [8489 bytes]","args":[{"element-6066-11e4-a52e-4f735466cecf":"f.73F923247D4A980C1D654B50CBD09E00.d.6285DCCAAC0394608A78FB8C2D381064.e.10240","ELEMENT":"f.73F923247D4A980C1D654B50CBD09E00.d.6285DCCAAC0394608A78FB8C2D381064.e.10240"}]}
RESULT: {}
RESULT: {"script":"<script> [8489 bytes]","args":[{"element-6066-11e4-a52e-4f735466cecf":"f.73F923247D4A980C1D654B50CBD09E00.d.6285DCCAAC0394608A78FB8C2D381064.e.10240","ELEMENT":"f.73F923247D4A980C1D654B50CBD09E00.d.6285DCCAAC0394608A78FB8C2D381064.e.10240"}]}
COMMAND: POST /session/2fbb17261cc6fb074d1493bb698829b1/element - {"using":"xpath","value":"//button[contains(@data-kt, \"editButton\")]"}
COMMAND: GET /session/2fbb17261cc6fb074d1493bb698829b1/screenshot - {}
RESULT: {"using":"xpath","value":"//button[contains(@data-kt, \"editButton\")]"}
COMMAND: POST /session/2fbb17261cc6fb074d1493bb698829b1/element/f.73F923247D4A980C1D654B50CBD09E00.d.6285DCCAAC0394608A78FB8C2D381064.e.10233/click - {}
RESULT: {}
RESULT: {}
COMMAND: POST /session/2fbb17261cc6fb074d1493bb698829b1/element - {"using":"xpath","value":"(//input[contains(@id ,\"picker\")][contains(@aria-roledescription ,\"Date Input\")])[4]"}
COMMAND: GET /session/2fbb17261cc6fb074d1493bb698829b1/screenshot - {}
RESULT: {"using":"xpath","value":"(//input[contains(@id ,\"picker\")][contains(@aria-roledescription ,\"Date Input\")])[4]"}
COMMAND: POST /session/2fbb17261cc6fb074d1493bb698829b1/element/f.73F923247D4A980C1D654B50CBD09E00.d.6285DCCAAC0394608A78FB8C2D381064.e.10208/clear - {}
RESULT: {}
RESULT: {}
COMMAND: POST /session/2fbb17261cc6fb074d1493bb698829b1/element/f.73F923247D4A980C1D654B50CBD09E00.d.6285DCCAAC0394608A78FB8C2D381064.e.10208/value - {"text":"5/26/25"}
COMMAND: GET /session/2fbb17261cc6fb074d1493bb698829b1/screenshot - {}
RESULT: {"text":"5/26/25"}
COMMAND: GET /session/2fbb17261cc6fb074d1493bb698829b1/screenshot - {}
RESULT: {}
RESULT: {}
COMMAND: POST /session/2fbb17261cc6fb074d1493bb698829b1/element - {"using":"xpath","value":"//bdi[contains(text(), \"Save\")]"}
RESULT: {"using":"xpath","value":"//bdi[contains(text(), \"Save\")]"}
COMMAND: POST /session/2fbb17261cc6fb074d1493bb698829b1/element/f.73F923247D4A980C1D654B50CBD09E00.d.6285DCCAAC0394608A78FB8C2D381064.e.10263/click - {}
RESULT: {}
COMMAND: GET /session/2fbb17261cc6fb074d1493bb698829b1/screenshot - {}
RESULT: {}
COMMAND: POST /session/2fbb17261cc6fb074d1493bb698829b1/element - {"using":"xpath","value":"(//input[contains(@id ,\"picker\")][contains(@aria-roledescription ,\"Date Input\")])[4]"}
RESULT: {"using":"xpath","value":"(//input[contains(@id ,\"picker\")][contains(@aria-roledescription ,\"Date Input\")])[4]"}
COMMAND: GET /session/2fbb17261cc6fb074d1493bb698829b1/element/f.73F923247D4A980C1D654B50CBD09E00.d.6285DCCAAC0394608A78FB8C2D381064.e.10208/property/value - {}
RESULT: {}
COMMAND: GET /session/2fbb17261cc6fb074d1493bb698829b1/screenshot - {}
RESULT: {}
COMMAND: POST /session/2fbb17261cc6fb074d1493bb698829b1/element - {"using":"xpath","value":"//bdi[contains(text(), \"Unplan\")]"}
RESULT: {"using":"xpath","value":"//bdi[contains(text(), \"Unplan\")]"}
COMMAND: POST /session/2fbb17261cc6fb074d1493bb698829b1/element/f.73F923247D4A980C1D654B50CBD09E00.d.6285DCCAAC0394608A78FB8C2D381064.e.10275/click - {}
RESULT: {}
COMMAND: GET /session/2fbb17261cc6fb074d1493bb698829b1/screenshot - {}
RESULT: {}
COMMAND: POST /session/2fbb17261cc6fb074d1493bb698829b1/element - {"using":"css selector","value":"#shell-header-logo"}
RESULT: {"using":"css selector","value":"#shell-header-logo"}
COMMAND: POST /session/2fbb17261cc6fb074d1493bb698829b1/element/f.73F923247D4A980C1D654B50CBD09E00.d.6285DCCAAC0394608A78FB8C2D381064.e.8968/click - {}
RESULT: {}
COMMAND: GET /session/2fbb17261cc6fb074d1493bb698829b1/screenshot - {}
RESULT: {}
]]></system-out>
    </testcase>
  </testsuite>
  <testsuite timestamp="2025-05-24T16:10:40" time="460.82" tests="4" failures="0" errors="0" skipped="0">
    <properties>
      <property name="specId" value="0"/>
      <property name="suiteName" value="Process request items into an existing quotation US120163"/>
      <property name="capabilities" value="chrome.136_0_7103_93.windows"/>
      <property name="file" value="file:///D:/a/1/s/test/specs/R2C/process-request-items-into-existing-quotation.spec.js"/>
    </properties>
    <testcase classname="chrome.136_0_7103_93.windows.Process_request_items_into_an_existing_quotation_US120163" name="Should create a new quotation" time="102.076">
      <system-out><![CDATA[
COMMAND: POST /session/2fbb17261cc6fb074d1493bb698829b1/execute/async - {"script":"<script> [1562 bytes]","args":[{"selector":{"controlType":"sap.m.GenericTile","properties":{"header":"Manage Quotations"}},"wdio_ui5_key":"sapm.GenericTile{\"header\":\"Manage Quotations\"}"}]}
RESULT: {"script":"<script> [1562 bytes]","args":[{"selector":{"controlType":"sap.m.GenericTile","properties":{"header":"Manage Quotations"}},"wdio_ui5_key":"sapm.GenericTile{\"header\":\"Manage Quotations\"}"}]}
RESULT: undefined
COMMAND: POST /session/2fbb17261cc6fb074d1493bb698829b1/element - {"using":"xpath","value":"//*[@id=\"__tile131\"]"}
RESULT: {"using":"xpath","value":"//*[@id=\"__tile131\"]"}
COMMAND: POST /session/2fbb17261cc6fb074d1493bb698829b1/element/f.73F923247D4A980C1D654B50CBD09E00.d.6285DCCAAC0394608A78FB8C2D381064.e.10330/click - {}
RESULT: {}
COMMAND: GET /session/2fbb17261cc6fb074d1493bb698829b1/screenshot - {}
RESULT: {}
COMMAND: POST /session/2fbb17261cc6fb074d1493bb698829b1/elements - {"using":"xpath","value":"//span[text()='Error']"}
RESULT: {"using":"xpath","value":"//span[text()='Error']"}
COMMAND: POST /session/2fbb17261cc6fb074d1493bb698829b1/element - {"using":"xpath","value":"//button[contains(@title ,\"Add New Contract\")]"}
RESULT: {"using":"xpath","value":"//button[contains(@title ,\"Add New Contract\")]"}
COMMAND: POST /session/2fbb17261cc6fb074d1493bb698829b1/element/f.73F923247D4A980C1D654B50CBD09E00.d.6285DCCAAC0394608A78FB8C2D381064.e.10371/click - {}
RESULT: {}
COMMAND: GET /session/2fbb17261cc6fb074d1493bb698829b1/screenshot - {}
RESULT: {}
COMMAND: POST /session/2fbb17261cc6fb074d1493bb698829b1/element - {"using":"xpath","value":"//input[contains(@id ,\"application-managequotations-display-component---AddNewContract--projectDescription-inner\")]"}
RESULT: {"using":"xpath","value":"//input[contains(@id ,\"application-managequotations-display-component---AddNewContract--projectDescription-inner\")]"}
COMMAND: POST /session/2fbb17261cc6fb074d1493bb698829b1/element/f.73F923247D4A980C1D654B50CBD09E00.d.6285DCCAAC0394608A78FB8C2D381064.e.10637/value - {"text":"WdIOQuotationmpiog"}
RESULT: {"text":"WdIOQuotationmpiog"}
COMMAND: GET /session/2fbb17261cc6fb074d1493bb698829b1/screenshot - {}
RESULT: {}
COMMAND: POST /session/2fbb17261cc6fb074d1493bb698829b1/element - {"using":"xpath","value":"//input[contains(@id ,\"application-managequotations-display-component---AddNewContract--yardId-inner\")]"}
RESULT: {"using":"xpath","value":"//input[contains(@id ,\"application-managequotations-display-component---AddNewContract--yardId-inner\")]"}
COMMAND: POST /session/2fbb17261cc6fb074d1493bb698829b1/element/f.73F923247D4A980C1D654B50CBD09E00.d.6285DCCAAC0394608A78FB8C2D381064.e.10640/value - {"text":"WebdriverYardh82nxi"}
RESULT: {"text":"WebdriverYardh82nxi"}
COMMAND: GET /session/2fbb17261cc6fb074d1493bb698829b1/screenshot - {}
RESULT: {}
COMMAND: POST /session/2fbb17261cc6fb074d1493bb698829b1/actions - {"actions":[{"id":"action79","type":"key","parameters":{},"actions":[{"type":"keyDown","value":""},{"type":"pause","duration":10},{"type":"keyUp","value":""}]}]}
RESULT: {"actions":[{"id":"action79","type":"key","parameters":{},"actions":[{"type":"keyDown","value":""},{"type":"pause","duration":10},{"type":"keyUp","value":""}]}]}
COMMAND: GET /session/2fbb17261cc6fb074d1493bb698829b1/screenshot - {}
RESULT: {}
COMMAND: POST /session/2fbb17261cc6fb074d1493bb698829b1/element - {"using":"xpath","value":"//input[contains(@id ,\"application-managequotations-display-component---AddNewContract--customerSelect-inner\")]"}
RESULT: {"using":"xpath","value":"//input[contains(@id ,\"application-managequotations-display-component---AddNewContract--customerSelect-inner\")]"}
COMMAND: POST /session/2fbb17261cc6fb074d1493bb698829b1/element/f.73F923247D4A980C1D654B50CBD09E00.d.6285DCCAAC0394608A78FB8C2D381064.e.10638/value - {"text":"WebdriverPartner6lsih"}
RESULT: {"text":"WebdriverPartner6lsih"}
COMMAND: GET /session/2fbb17261cc6fb074d1493bb698829b1/screenshot - {}
RESULT: {}
COMMAND: POST /session/2fbb17261cc6fb074d1493bb698829b1/actions - {"actions":[{"id":"action80","type":"key","parameters":{},"actions":[{"type":"keyDown","value":""},{"type":"pause","duration":10},{"type":"keyUp","value":""}]}]}
RESULT: {"actions":[{"id":"action80","type":"key","parameters":{},"actions":[{"type":"keyDown","value":""},{"type":"pause","duration":10},{"type":"keyUp","value":""}]}]}
COMMAND: GET /session/2fbb17261cc6fb074d1493bb698829b1/screenshot - {}
RESULT: {}
COMMAND: POST /session/2fbb17261cc6fb074d1493bb698829b1/element - {"using":"xpath","value":"//input[contains(@id ,\"application-managequotations-display-component---AddNewContract--site-inner\")]"}
RESULT: {"using":"xpath","value":"//input[contains(@id ,\"application-managequotations-display-component---AddNewContract--site-inner\")]"}
COMMAND: POST /session/2fbb17261cc6fb074d1493bb698829b1/element/f.73F923247D4A980C1D654B50CBD09E00.d.6285DCCAAC0394608A78FB8C2D381064.e.10639/value - {"text":"WebdriverSitefc5qkg"}
RESULT: {"text":"WebdriverSitefc5qkg"}
COMMAND: GET /session/2fbb17261cc6fb074d1493bb698829b1/screenshot - {}
RESULT: {}
COMMAND: POST /session/2fbb17261cc6fb074d1493bb698829b1/actions - {"actions":[{"id":"action81","type":"key","parameters":{},"actions":[{"type":"keyDown","value":""},{"type":"pause","duration":10},{"type":"keyUp","value":""}]}]}
RESULT: {"actions":[{"id":"action81","type":"key","parameters":{},"actions":[{"type":"keyDown","value":""},{"type":"pause","duration":10},{"type":"keyUp","value":""}]}]}
COMMAND: GET /session/2fbb17261cc6fb074d1493bb698829b1/screenshot - {}
RESULT: {}
COMMAND: POST /session/2fbb17261cc6fb074d1493bb698829b1/element - {"using":"xpath","value":"//bdi[contains(text(), \"Save\")]"}
RESULT: {"using":"xpath","value":"//bdi[contains(text(), \"Save\")]"}
COMMAND: POST /session/2fbb17261cc6fb074d1493bb698829b1/element/f.73F923247D4A980C1D654B50CBD09E00.d.6285DCCAAC0394608A78FB8C2D381064.e.10730/click - {}
RESULT: {}
COMMAND: GET /session/2fbb17261cc6fb074d1493bb698829b1/screenshot - {}
RESULT: {}
COMMAND: POST /session/2fbb17261cc6fb074d1493bb698829b1/element - {"using":"css selector","value":"#shell-header-logo"}
RESULT: {"using":"css selector","value":"#shell-header-logo"}
COMMAND: POST /session/2fbb17261cc6fb074d1493bb698829b1/element/f.73F923247D4A980C1D654B50CBD09E00.d.6285DCCAAC0394608A78FB8C2D381064.e.10332/click - {}
RESULT: {}
COMMAND: GET /session/2fbb17261cc6fb074d1493bb698829b1/screenshot - {}
RESULT: {}
COMMAND: POST /session/2fbb17261cc6fb074d1493bb698829b1/refresh - {}
RESULT: {}
COMMAND: GET /session/2fbb17261cc6fb074d1493bb698829b1/screenshot - {}
RESULT: {}
COMMAND: POST /session/2fbb17261cc6fb074d1493bb698829b1/execute/async - {"script":"<script> [189 bytes]","args":[]}
RESULT: {"script":"<script> [189 bytes]","args":[]}
COMMAND: POST /session/2fbb17261cc6fb074d1493bb698829b1/execute/async - {"script":"<script> [123 bytes]","args":[]}
RESULT: {"script":"<script> [123 bytes]","args":[]}
COMMAND: POST /session/2fbb17261cc6fb074d1493bb698829b1/timeouts - {"script":"<number>"}
RESULT: {"script":"<number>"}
COMMAND: GET /session/2fbb17261cc6fb074d1493bb698829b1/timeouts - {}
RESULT: {}
RESULT: undefined
COMMAND: POST /session/2fbb17261cc6fb074d1493bb698829b1/execute/async - {"script":"<script> [2676 bytes]","args":[]}
RESULT: {"script":"<script> [2676 bytes]","args":[]}
COMMAND: POST /session/2fbb17261cc6fb074d1493bb698829b1/execute/async - {"script":"<script> [2342 bytes]","args":[{"protocol":"http","hostname":"0.0.0.0","path":"/","capabilities":{"browserName":"chrome","goog:chromeOptions":{"binary":"C:\\Program Files\\Google\\Chrome\\Application\\chrome.exe","args":["--start-maximized"]}},"logLevel":"warn","connectionRetryTimeout":120000,"connectionRetryCount":3,"logLevels":{},"enableDirectConnect":true,"strictSSL":true,"_":"65 more keys: [\"cacheDir\",\"port\",\"requestedCapabilities\",\"automationProtocol\",\"baseUrl\",\"waitforInterval\",\"waitforTimeout\",\"onReload\",\"beforeCommand\",\"afterCommand\",\"rootDir\",\"specs\",\"suites\",\"exclude\",\"groupLogsByTestSpec\",\"excludeDriverLogs\",\"bail\",\"framework\",\"reporters\",\"services\",\"maxInstances\",\"maxInstancesPerCapability\",\"injectGlobals\",\"filesToWatch\",\"execArgv\",\"runnerEnv\",\"runner\",\"shard\",\"specFileRetries\",\"specFileRetriesDelay\",\"specFileRetriesDeferred\",\"reporterSyncInterval\",\"reporterSyncTimeout\",\"cucumberFeaturesWithLineNumbers\",\"autoCompileOpts\",\"mochaOpts\",\"jasmineOpts\",\"cucumberOpts\",\"onPrepare\",\"onWorkerStart\",\"onWorkerEnd\",\"before\",\"beforeSession\",\"beforeSuite\",\"beforeHook\",\"beforeTest\",\"afterTest\",\"afterHook\",\"afterSuite\",\"afterSession\",\"after\",\"onComplete\",\"beforeAssertion\",\"afterAssertion\",\"beforeFeature\",\"beforeScenario\",\"beforeStep\",\"afterStep\",\"afterScenario\",\"afterFeature\",\"_\",\"suite\",\"$0\",\"ignoredWorkerServices\",\"wdi5\"]"}]}
RESULT: {"script":"<script> [2342 bytes]","args":[{"protocol":"http","hostname":"0.0.0.0","path":"/","capabilities":{"browserName":"chrome","goog:chromeOptions":{"binary":"C:\\Program Files\\Google\\Chrome\\Application\\chrome.exe","args":["--start-maximized"]}},"logLevel":"warn","connectionRetryTimeout":120000,"connectionRetryCount":3,"logLevels":{},"enableDirectConnect":true,"strictSSL":true,"_":"65 more keys: [\"cacheDir\",\"port\",\"requestedCapabilities\",\"automationProtocol\",\"baseUrl\",\"waitforInterval\",\"waitforTimeout\",\"onReload\",\"beforeCommand\",\"afterCommand\",\"rootDir\",\"specs\",\"suites\",\"exclude\",\"groupLogsByTestSpec\",\"excludeDriverLogs\",\"bail\",\"framework\",\"reporters\",\"services\",\"maxInstances\",\"maxInstancesPerCapability\",\"injectGlobals\",\"filesToWatch\",\"execArgv\",\"runnerEnv\",\"runner\",\"shard\",\"specFileRetries\",\"specFileRetriesDelay\",\"specFileRetriesDeferred\",\"reporterSyncInterval\",\"reporterSyncTimeout\",\"cucumberFeaturesWithLineNumbers\",\"autoCompileOpts\",\"mochaOpts\",\"jasmineOpts\",\"cucumberOpts\",\"onPrepare\",\"onWorkerStart\",\"onWorkerEnd\",\"before\",\"beforeSession\",\"beforeSuite\",\"beforeHook\",\"beforeTest\",\"afterTest\",\"afterHook\",\"afterSuite\",\"afterSession\",\"after\",\"onComplete\",\"beforeAssertion\",\"afterAssertion\",\"beforeFeature\",\"beforeScenario\",\"beforeStep\",\"afterStep\",\"afterScenario\",\"afterFeature\",\"_\",\"suite\",\"$0\",\"ignoredWorkerServices\",\"wdi5\"]"}]}
COMMAND: POST /session/2fbb17261cc6fb074d1493bb698829b1/execute/async - {"script":"<script> [21126 bytes]","args":[35000]}
RESULT: {"script":"<script> [21126 bytes]","args":[35000]}
]]></system-out>
    </testcase>
    <testcase classname="chrome.136_0_7103_93.windows.Process_request_items_into_an_existing_quotation_US120163" name="Should create a new request with catalog items and plan it" time="241.333">
      <system-out><![CDATA[
COMMAND: POST /session/2fbb17261cc6fb074d1493bb698829b1/execute/async - {"script":"<script> [1562 bytes]","args":[{"selector":{"controlType":"sap.m.GenericTile","properties":{"header":"Manage Requests"}},"wdio_ui5_key":"sapm.GenericTile{\"header\":\"Manage Requests\"}"}]}
RESULT: {"script":"<script> [1562 bytes]","args":[{"selector":{"controlType":"sap.m.GenericTile","properties":{"header":"Manage Requests"}},"wdio_ui5_key":"sapm.GenericTile{\"header\":\"Manage Requests\"}"}]}
RESULT: undefined
COMMAND: POST /session/2fbb17261cc6fb074d1493bb698829b1/element - {"using":"xpath","value":"//*[@id=\"__tile47\"]"}
RESULT: {"using":"xpath","value":"//*[@id=\"__tile47\"]"}
COMMAND: POST /session/2fbb17261cc6fb074d1493bb698829b1/element/f.73F923247D4A980C1D654B50CBD09E00.d.897E14513A9244FB8704BF17E0A5E1FD.e.10817/click - {}
RESULT: {}
COMMAND: GET /session/2fbb17261cc6fb074d1493bb698829b1/screenshot - {}
RESULT: {}
COMMAND: POST /session/2fbb17261cc6fb074d1493bb698829b1/elements - {"using":"xpath","value":"//span[text()='Error']"}
RESULT: {"using":"xpath","value":"//span[text()='Error']"}
COMMAND: POST /session/2fbb17261cc6fb074d1493bb698829b1/element - {"using":"xpath","value":"(//span[contains(@class ,\"sapMObjStatusText\")])[1]"}
RESULT: {"using":"xpath","value":"(//span[contains(@class ,\"sapMObjStatusText\")])[1]"}
COMMAND: POST /session/2fbb17261cc6fb074d1493bb698829b1/execute/sync - {"script":"<script> [8489 bytes]","args":[{"element-6066-11e4-a52e-4f735466cecf":"f.73F923247D4A980C1D654B50CBD09E00.d.897E14513A9244FB8704BF17E0A5E1FD.e.10913","ELEMENT":"f.73F923247D4A980C1D654B50CBD09E00.d.897E14513A9244FB8704BF17E0A5E1FD.e.10913"}]}
RESULT: {"script":"<script> [8489 bytes]","args":[{"element-6066-11e4-a52e-4f735466cecf":"f.73F923247D4A980C1D654B50CBD09E00.d.897E14513A9244FB8704BF17E0A5E1FD.e.10913","ELEMENT":"f.73F923247D4A980C1D654B50CBD09E00.d.897E14513A9244FB8704BF17E0A5E1FD.e.10913"}]}
COMMAND: POST /session/2fbb17261cc6fb074d1493bb698829b1/element - {"using":"xpath","value":"//button[contains(@data-kt ,\"btnCreateNewOverflowToolbarButton\")]"}
COMMAND: GET /session/2fbb17261cc6fb074d1493bb698829b1/screenshot - {}
RESULT: {"using":"xpath","value":"//button[contains(@data-kt ,\"btnCreateNewOverflowToolbarButton\")]"}
COMMAND: POST /session/2fbb17261cc6fb074d1493bb698829b1/element/f.73F923247D4A980C1D654B50CBD09E00.d.897E14513A9244FB8704BF17E0A5E1FD.e.10875/click - {}
RESULT: {}
RESULT: {}
COMMAND: GET /session/2fbb17261cc6fb074d1493bb698829b1/screenshot - {}
RESULT: {}
COMMAND: POST /session/2fbb17261cc6fb074d1493bb698829b1/element - {"using":"xpath","value":"//input[contains(@id ,\"yardId-inner\")]"}
RESULT: {"using":"xpath","value":"//input[contains(@id ,\"yardId-inner\")]"}
COMMAND: POST /session/2fbb17261cc6fb074d1493bb698829b1/execute/sync - {"script":"<script> [8489 bytes]","args":[{"element-6066-11e4-a52e-4f735466cecf":"f.73F923247D4A980C1D654B50CBD09E00.d.897E14513A9244FB8704BF17E0A5E1FD.e.10994","ELEMENT":"f.73F923247D4A980C1D654B50CBD09E00.d.897E14513A9244FB8704BF17E0A5E1FD.e.10994"}]}
RESULT: {"script":"<script> [8489 bytes]","args":[{"element-6066-11e4-a52e-4f735466cecf":"f.73F923247D4A980C1D654B50CBD09E00.d.897E14513A9244FB8704BF17E0A5E1FD.e.10994","ELEMENT":"f.73F923247D4A980C1D654B50CBD09E00.d.897E14513A9244FB8704BF17E0A5E1FD.e.10994"}]}
COMMAND: POST /session/2fbb17261cc6fb074d1493bb698829b1/element - {"using":"xpath","value":"//input[contains(@id ,\"yardId-inner\")]"}
COMMAND: GET /session/2fbb17261cc6fb074d1493bb698829b1/screenshot - {}
RESULT: {"using":"xpath","value":"//input[contains(@id ,\"yardId-inner\")]"}
COMMAND: GET /session/2fbb17261cc6fb074d1493bb698829b1/element/f.73F923247D4A980C1D654B50CBD09E00.d.897E14513A9244FB8704BF17E0A5E1FD.e.10994/enabled - {}
RESULT: {}
RESULT: {}
COMMAND: POST /session/2fbb17261cc6fb074d1493bb698829b1/element/f.73F923247D4A980C1D654B50CBD09E00.d.897E14513A9244FB8704BF17E0A5E1FD.e.10994/clear - {}
COMMAND: GET /session/2fbb17261cc6fb074d1493bb698829b1/screenshot - {}
RESULT: {}
COMMAND: POST /session/2fbb17261cc6fb074d1493bb698829b1/element/f.73F923247D4A980C1D654B50CBD09E00.d.897E14513A9244FB8704BF17E0A5E1FD.e.10994/value - {"text":"WebdriverYardh82nxi"}
COMMAND: GET /session/2fbb17261cc6fb074d1493bb698829b1/screenshot - {}
RESULT: {}
RESULT: {"text":"WebdriverYardh82nxi"}
COMMAND: GET /session/2fbb17261cc6fb074d1493bb698829b1/screenshot - {}
RESULT: {}
RESULT: {}
COMMAND: POST /session/2fbb17261cc6fb074d1493bb698829b1/actions - {"actions":[{"id":"action82","type":"key","parameters":{},"actions":[{"type":"keyDown","value":""},{"type":"pause","duration":10},{"type":"keyUp","value":""}]}]}
RESULT: {"actions":[{"id":"action82","type":"key","parameters":{},"actions":[{"type":"keyDown","value":""},{"type":"pause","duration":10},{"type":"keyUp","value":""}]}]}
COMMAND: GET /session/2fbb17261cc6fb074d1493bb698829b1/screenshot - {}
RESULT: {}
COMMAND: POST /session/2fbb17261cc6fb074d1493bb698829b1/element - {"using":"xpath","value":"//input[contains(@id ,\"customerNumber-inner\")]"}
RESULT: {"using":"xpath","value":"//input[contains(@id ,\"customerNumber-inner\")]"}
COMMAND: POST /session/2fbb17261cc6fb074d1493bb698829b1/element/f.73F923247D4A980C1D654B50CBD09E00.d.897E14513A9244FB8704BF17E0A5E1FD.e.10988/value - {"text":"WebdriverPartner6lsih"}
RESULT: {"text":"WebdriverPartner6lsih"}
COMMAND: GET /session/2fbb17261cc6fb074d1493bb698829b1/screenshot - {}
RESULT: {}
COMMAND: POST /session/2fbb17261cc6fb074d1493bb698829b1/actions - {"actions":[{"id":"action83","type":"key","parameters":{},"actions":[{"type":"keyDown","value":""},{"type":"pause","duration":10},{"type":"keyUp","value":""}]}]}
RESULT: {"actions":[{"id":"action83","type":"key","parameters":{},"actions":[{"type":"keyDown","value":""},{"type":"pause","duration":10},{"type":"keyUp","value":""}]}]}
COMMAND: GET /session/2fbb17261cc6fb074d1493bb698829b1/screenshot - {}
RESULT: {}
COMMAND: GET /session/2fbb17261cc6fb074d1493bb698829b1/element/f.73F923247D4A980C1D654B50CBD09E00.d.897E14513A9244FB8704BF17E0A5E1FD.e.10988/property/value - {}
RESULT: {}
COMMAND: POST /session/2fbb17261cc6fb074d1493bb698829b1/element/f.73F923247D4A980C1D654B50CBD09E00.d.897E14513A9244FB8704BF17E0A5E1FD.e.10988/value - {"text":"WebdriverPartner6lsih"}
COMMAND: GET /session/2fbb17261cc6fb074d1493bb698829b1/screenshot - {}
RESULT: {"text":"WebdriverPartner6lsih"}
COMMAND: GET /session/2fbb17261cc6fb074d1493bb698829b1/screenshot - {}
RESULT: {}
RESULT: {}
COMMAND: POST /session/2fbb17261cc6fb074d1493bb698829b1/actions - {"actions":[{"id":"action84","type":"key","parameters":{},"actions":[{"type":"keyDown","value":""},{"type":"pause","duration":10},{"type":"keyUp","value":""}]}]}
RESULT: {"actions":[{"id":"action84","type":"key","parameters":{},"actions":[{"type":"keyDown","value":""},{"type":"pause","duration":10},{"type":"keyUp","value":""}]}]}
COMMAND: GET /session/2fbb17261cc6fb074d1493bb698829b1/screenshot - {}
RESULT: {}
COMMAND: POST /session/2fbb17261cc6fb074d1493bb698829b1/element - {"using":"xpath","value":"//input[contains(@id ,\"requestSiteId-inner\")]"}
RESULT: {"using":"xpath","value":"//input[contains(@id ,\"requestSiteId-inner\")]"}
COMMAND: POST /session/2fbb17261cc6fb074d1493bb698829b1/element/f.73F923247D4A980C1D654B50CBD09E00.d.897E14513A9244FB8704BF17E0A5E1FD.e.10987/value - {"text":"WebdriverSitefc5qkg"}
RESULT: {"text":"WebdriverSitefc5qkg"}
COMMAND: GET /session/2fbb17261cc6fb074d1493bb698829b1/screenshot - {}
RESULT: {}
COMMAND: POST /session/2fbb17261cc6fb074d1493bb698829b1/actions - {"actions":[{"id":"action85","type":"key","parameters":{},"actions":[{"type":"keyDown","value":""},{"type":"pause","duration":10},{"type":"keyUp","value":""}]}]}
RESULT: {"actions":[{"id":"action85","type":"key","parameters":{},"actions":[{"type":"keyDown","value":""},{"type":"pause","duration":10},{"type":"keyUp","value":""}]}]}
COMMAND: GET /session/2fbb17261cc6fb074d1493bb698829b1/screenshot - {}
RESULT: {}
COMMAND: POST /session/2fbb17261cc6fb074d1493bb698829b1/element - {"using":"xpath","value":"//button[contains(@data-kt ,\"requestItemAddOverflowToolbarButton\")]"}
RESULT: {"using":"xpath","value":"//button[contains(@data-kt ,\"requestItemAddOverflowToolbarButton\")]"}
COMMAND: POST /session/2fbb17261cc6fb074d1493bb698829b1/element/f.73F923247D4A980C1D654B50CBD09E00.d.897E14513A9244FB8704BF17E0A5E1FD.e.11173/click - {}
RESULT: {}
COMMAND: GET /session/2fbb17261cc6fb074d1493bb698829b1/screenshot - {}
RESULT: {}
COMMAND: POST /session/2fbb17261cc6fb074d1493bb698829b1/actions - {"actions":[{"id":"action86","type":"key","parameters":{},"actions":[{"type":"keyDown","value":""},{"type":"pause","duration":10},{"type":"keyUp","value":""}]}]}
RESULT: {"actions":[{"id":"action86","type":"key","parameters":{},"actions":[{"type":"keyDown","value":""},{"type":"pause","duration":10},{"type":"keyUp","value":""}]}]}
COMMAND: POST /session/2fbb17261cc6fb074d1493bb698829b1/actions - {"actions":[{"id":"action87","type":"key","parameters":{},"actions":[{"type":"keyDown","value":""},{"type":"pause","duration":10},{"type":"keyUp","value":""}]}]}
COMMAND: GET /session/2fbb17261cc6fb074d1493bb698829b1/screenshot - {}
RESULT: {"actions":[{"id":"action87","type":"key","parameters":{},"actions":[{"type":"keyDown","value":""},{"type":"pause","duration":10},{"type":"keyUp","value":""}]}]}
COMMAND: GET /session/2fbb17261cc6fb074d1493bb698829b1/screenshot - {}
RESULT: {}
RESULT: {}
COMMAND: POST /session/2fbb17261cc6fb074d1493bb698829b1/element - {"using":"xpath","value":"(//input[contains(@id ,\"requestItemsTable-0-inner\")])[1]"}
RESULT: {"using":"xpath","value":"(//input[contains(@id ,\"requestItemsTable-0-inner\")])[1]"}
COMMAND: POST /session/2fbb17261cc6fb074d1493bb698829b1/element/f.73F923247D4A980C1D654B50CBD09E00.d.897E14513A9244FB8704BF17E0A5E1FD.e.11177/clear - {}
RESULT: {}
COMMAND: POST /session/2fbb17261cc6fb074d1493bb698829b1/element/f.73F923247D4A980C1D654B50CBD09E00.d.897E14513A9244FB8704BF17E0A5E1FD.e.11177/value - {"text":"catalogItemqis74"}
COMMAND: GET /session/2fbb17261cc6fb074d1493bb698829b1/screenshot - {}
RESULT: {"text":"catalogItemqis74"}
COMMAND: GET /session/2fbb17261cc6fb074d1493bb698829b1/screenshot - {}
RESULT: {}
RESULT: {}
COMMAND: POST /session/2fbb17261cc6fb074d1493bb698829b1/actions - {"actions":[{"id":"action88","type":"key","parameters":{},"actions":[{"type":"keyDown","value":""},{"type":"pause","duration":10},{"type":"keyUp","value":""}]}]}
RESULT: {"actions":[{"id":"action88","type":"key","parameters":{},"actions":[{"type":"keyDown","value":""},{"type":"pause","duration":10},{"type":"keyUp","value":""}]}]}
COMMAND: GET /session/2fbb17261cc6fb074d1493bb698829b1/screenshot - {}
RESULT: {}
COMMAND: POST /session/2fbb17261cc6fb074d1493bb698829b1/execute/async - {"script":"<script> [1562 bytes]","args":[{"selector":{"controlType":"sap.ui.core.Icon","viewName":"etm.portal.ui.managerequests.view.NewRequest","properties":{"src":{"regex":{"source":"slim\\-arrow\\-down"}}},"ancestor":{"controlType":"sap.m.Button","viewName":"etm.portal.ui.managerequests.view.NewRequest","properties":{"icon":"sap-icon://slim-arrow-down"}}},"wdio_ui5_key":"etmportal.ui.managerequests.view.NewRequestsap.ui.core.Icon{\"src\":{\"regex\":{\"source\":\"slim\\\\-arrow\\\\-down\"}}}{\"controlType\":\"sap.m.Button\",\"viewName\":\"etm.portal.ui.managerequests.view.NewRequest\",\"properties\":{\"icon\":\"sap-icon://slim-arrow-down\"}}"}]}
RESULT: {"script":"<script> [1562 bytes]","args":[{"selector":{"controlType":"sap.ui.core.Icon","viewName":"etm.portal.ui.managerequests.view.NewRequest","properties":{"src":{"regex":{"source":"slim\\-arrow\\-down"}}},"ancestor":{"controlType":"sap.m.Button","viewName":"etm.portal.ui.managerequests.view.NewRequest","properties":{"icon":"sap-icon://slim-arrow-down"}}},"wdio_ui5_key":"etmportal.ui.managerequests.view.NewRequestsap.ui.core.Icon{\"src\":{\"regex\":{\"source\":\"slim\\\\-arrow\\\\-down\"}}}{\"controlType\":\"sap.m.Button\",\"viewName\":\"etm.portal.ui.managerequests.view.NewRequest\",\"properties\":{\"icon\":\"sap-icon://slim-arrow-down\"}}"}]}
RESULT: undefined
COMMAND: POST /session/2fbb17261cc6fb074d1493bb698829b1/element - {"using":"xpath","value":"//div[contains(@data-kt ,\"splitAllocationObjectStatus\")]"}
RESULT: {"using":"xpath","value":"//div[contains(@data-kt ,\"splitAllocationObjectStatus\")]"}
COMMAND: POST /session/2fbb17261cc6fb074d1493bb698829b1/elements - {"using":"xpath","value":"//div[contains(@data-kt ,\"splitAllocationObjectStatus\")]"}
RESULT: {"using":"xpath","value":"//div[contains(@data-kt ,\"splitAllocationObjectStatus\")]"}
COMMAND: POST /session/2fbb17261cc6fb074d1493bb698829b1/execute/async - {"script":"<script> [1562 bytes]","args":[{"selector":{"controlType":"sap.ui.core.Icon","viewName":"etm.portal.ui.managerequests.view.NewRequest","properties":{"src":{"regex":{"source":"message\\-error"}}}},"wdio_ui5_key":"etmportal.ui.managerequests.view.NewRequestsap.ui.core.Icon{\"src\":{\"regex\":{\"source\":\"message\\\\-error\"}}}"}]}
RESULT: {"script":"<script> [1562 bytes]","args":[{"selector":{"controlType":"sap.ui.core.Icon","viewName":"etm.portal.ui.managerequests.view.NewRequest","properties":{"src":{"regex":{"source":"message\\-error"}}}},"wdio_ui5_key":"etmportal.ui.managerequests.view.NewRequestsap.ui.core.Icon{\"src\":{\"regex\":{\"source\":\"message\\\\-error\"}}}"}]}
RESULT: undefined
COMMAND: POST /session/2fbb17261cc6fb074d1493bb698829b1/element - {"using":"xpath","value":"//*[@id=\"__status4-__xmlview59--requestItemsTable-0-icon\"]"}
RESULT: {"using":"xpath","value":"//*[@id=\"__status4-__xmlview59--requestItemsTable-0-icon\"]"}
COMMAND: POST /session/2fbb17261cc6fb074d1493bb698829b1/element/f.73F923247D4A980C1D654B50CBD09E00.d.897E14513A9244FB8704BF17E0A5E1FD.e.11193/click - {}
RESULT: {}
COMMAND: POST /session/2fbb17261cc6fb074d1493bb698829b1/execute/async - {"script":"<script> [1562 bytes]","args":[{"selector":{"controlType":"sap.ui.core.Icon","viewName":"etm.portal.ui.managerequests.view.NewRequest","properties":{"src":{"regex":{"source":"slim\\-arrow\\-down"}}},"searchOpenDialogs":true,"ancestor":{"id":"costObjectAdminTypeComboBox","viewName":"etm.portal.ui.managerequests.view.NewRequest","searchOpenDialogs":true}},"wdio_ui5_key":"etmportal.ui.managerequests.view.NewRequestsap.ui.core.Icon{\"src\":{\"regex\":{\"source\":\"slim\\\\-arrow\\\\-down\"}}}{\"id\":\"costObjectAdminTypeComboBox\",\"viewName\":\"etm.portal.ui.managerequests.view.NewRequest\",\"searchOpenDialogs\":true}"}]}
COMMAND: GET /session/2fbb17261cc6fb074d1493bb698829b1/screenshot - {}
RESULT: {"script":"<script> [1562 bytes]","args":[{"selector":{"controlType":"sap.ui.core.Icon","viewName":"etm.portal.ui.managerequests.view.NewRequest","properties":{"src":{"regex":{"source":"slim\\-arrow\\-down"}}},"searchOpenDialogs":true,"ancestor":{"id":"costObjectAdminTypeComboBox","viewName":"etm.portal.ui.managerequests.view.NewRequest","searchOpenDialogs":true}},"wdio_ui5_key":"etmportal.ui.managerequests.view.NewRequestsap.ui.core.Icon{\"src\":{\"regex\":{\"source\":\"slim\\\\-arrow\\\\-down\"}}}{\"id\":\"costObjectAdminTypeComboBox\",\"viewName\":\"etm.portal.ui.managerequests.view.NewRequest\",\"searchOpenDialogs\":true}"}]}
RESULT: undefined
COMMAND: POST /session/2fbb17261cc6fb074d1493bb698829b1/element - {"using":"xpath","value":"//*[@id=\"__xmlview59--costObjectAdminTypeComboBox-arrow\"]"}
RESULT: {}
RESULT: {"using":"xpath","value":"//*[@id=\"__xmlview59--costObjectAdminTypeComboBox-arrow\"]"}
COMMAND: POST /session/2fbb17261cc6fb074d1493bb698829b1/element/f.73F923247D4A980C1D654B50CBD09E00.d.897E14513A9244FB8704BF17E0A5E1FD.e.11197/click - {}
RESULT: {}
COMMAND: POST /session/2fbb17261cc6fb074d1493bb698829b1/execute/async - {"script":"<script> [1562 bytes]","args":[{"selector":{"controlType":"sap.m.StandardListItem","viewName":"etm.portal.ui.managerequests.view.NewRequest","properties":{"title":"Cost Center"},"searchOpenDialogs":true,"interaction":{"idSuffix":"titleText"}},"wdio_ui5_key":"etmportal.ui.managerequests.view.NewRequestsap.m.StandardListItem{\"title\":\"Cost Center\"}"}]}
COMMAND: GET /session/2fbb17261cc6fb074d1493bb698829b1/screenshot - {}
RESULT: {"script":"<script> [1562 bytes]","args":[{"selector":{"controlType":"sap.m.StandardListItem","viewName":"etm.portal.ui.managerequests.view.NewRequest","properties":{"title":"Cost Center"},"searchOpenDialogs":true,"interaction":{"idSuffix":"titleText"}},"wdio_ui5_key":"etmportal.ui.managerequests.view.NewRequestsap.m.StandardListItem{\"title\":\"Cost Center\"}"}]}
RESULT: undefined
COMMAND: POST /session/2fbb17261cc6fb074d1493bb698829b1/element - {"using":"xpath","value":"//*[@id=\"__item521\"]"}
RESULT: {}
RESULT: {"using":"xpath","value":"//*[@id=\"__item521\"]"}
COMMAND: POST /session/2fbb17261cc6fb074d1493bb698829b1/element/f.73F923247D4A980C1D654B50CBD09E00.d.897E14513A9244FB8704BF17E0A5E1FD.e.11200/click - {}
RESULT: {}
COMMAND: GET /session/2fbb17261cc6fb074d1493bb698829b1/screenshot - {}
RESULT: {}
COMMAND: POST /session/2fbb17261cc6fb074d1493bb698829b1/execute/async - {"script":"<script> [1562 bytes]","args":[{"selector":{"controlType":"sap.ui.core.Icon","viewName":"etm.portal.ui.managerequests.view.NewRequest","properties":{"src":{"regex":{"source":"value\\-help"}}},"searchOpenDialogs":true},"wdio_ui5_key":"etmportal.ui.managerequests.view.NewRequestsap.ui.core.Icon{\"src\":{\"regex\":{\"source\":\"value\\\\-help\"}}}"}]}
RESULT: {"script":"<script> [1562 bytes]","args":[{"selector":{"controlType":"sap.ui.core.Icon","viewName":"etm.portal.ui.managerequests.view.NewRequest","properties":{"src":{"regex":{"source":"value\\-help"}}},"searchOpenDialogs":true},"wdio_ui5_key":"etmportal.ui.managerequests.view.NewRequestsap.ui.core.Icon{\"src\":{\"regex\":{\"source\":\"value\\\\-help\"}}}"}]}
RESULT: undefined
COMMAND: POST /session/2fbb17261cc6fb074d1493bb698829b1/element - {"using":"xpath","value":"//*[@id=\"__xmlview59--costObjectIdComboBox-vhi\"]"}
RESULT: {"using":"xpath","value":"//*[@id=\"__xmlview59--costObjectIdComboBox-vhi\"]"}
COMMAND: POST /session/2fbb17261cc6fb074d1493bb698829b1/element/f.73F923247D4A980C1D654B50CBD09E00.d.897E14513A9244FB8704BF17E0A5E1FD.e.11207/click - {}
RESULT: {}
COMMAND: POST /session/2fbb17261cc6fb074d1493bb698829b1/execute/async - {"script":"<script> [1562 bytes]","args":[{"selector":{"controlType":"sap.m.SearchField","properties":{"placeholder":"Search"},"searchOpenDialogs":true,"interaction":{"idSuffix":"I"}},"wdio_ui5_key":"sapm.SearchField{\"placeholder\":\"Search\"}"}]}
COMMAND: GET /session/2fbb17261cc6fb074d1493bb698829b1/screenshot - {}
RESULT: {"script":"<script> [1562 bytes]","args":[{"selector":{"controlType":"sap.m.SearchField","properties":{"placeholder":"Search"},"searchOpenDialogs":true,"interaction":{"idSuffix":"I"}},"wdio_ui5_key":"sapm.SearchField{\"placeholder\":\"Search\"}"}]}
RESULT: undefined
COMMAND: POST /session/2fbb17261cc6fb074d1493bb698829b1/execute/async - {"script":"<script> [776 bytes]","args":[{"enterText":"10001010","selector":{"controlType":"sap.m.SearchField","properties":{"placeholder":"Search"},"searchOpenDialogs":true,"interaction":{"idSuffix":"I"}},"clearTextFirst":true,"interactionType":"ENTER_TEXT"}]}
RESULT: {}
RESULT: {"script":"<script> [776 bytes]","args":[{"enterText":"10001010","selector":{"controlType":"sap.m.SearchField","properties":{"placeholder":"Search"},"searchOpenDialogs":true,"interaction":{"idSuffix":"I"}},"clearTextFirst":true,"interactionType":"ENTER_TEXT"}]}
COMMAND: POST /session/2fbb17261cc6fb074d1493bb698829b1/actions - {"actions":[{"id":"action89","type":"key","parameters":{},"actions":[{"type":"keyDown","value":""},{"type":"pause","duration":10},{"type":"keyUp","value":""}]}]}
RESULT: {"actions":[{"id":"action89","type":"key","parameters":{},"actions":[{"type":"keyDown","value":""},{"type":"pause","duration":10},{"type":"keyUp","value":""}]}]}
COMMAND: GET /session/2fbb17261cc6fb074d1493bb698829b1/screenshot - {}
RESULT: {}
COMMAND: POST /session/2fbb17261cc6fb074d1493bb698829b1/execute/async - {"script":"<script> [1562 bytes]","args":[{"selector":{"controlType":"sap.m.Text","bindingPath":{"path":"/C_CostCtrValueHelp(CostCenter='10001010',ControllingArea='Z001')","propertyPath":"CostCenterName","modelName":"CostCenterModel"},"searchOpenDialogs":true},"wdio_ui5_key":"sapm.Text{\"path\":\"/C_CostCtrValueHelp(CostCenter='10001010',ControllingArea='Z001')\",\"propertyPath\":\"CostCenterName\",\"modelName\":\"CostCenterModel\"}"}]}
RESULT: {"script":"<script> [1562 bytes]","args":[{"selector":{"controlType":"sap.m.Text","bindingPath":{"path":"/C_CostCtrValueHelp(CostCenter='10001010',ControllingArea='Z001')","propertyPath":"CostCenterName","modelName":"CostCenterModel"},"searchOpenDialogs":true},"wdio_ui5_key":"sapm.Text{\"path\":\"/C_CostCtrValueHelp(CostCenter='10001010',ControllingArea='Z001')\",\"propertyPath\":\"CostCenterName\",\"modelName\":\"CostCenterModel\"}"}]}
RESULT: undefined
COMMAND: POST /session/2fbb17261cc6fb074d1493bb698829b1/element - {"using":"xpath","value":"//*[@id=\"__text291-__clone650\"]"}
RESULT: {"using":"xpath","value":"//*[@id=\"__text291-__clone650\"]"}
COMMAND: POST /session/2fbb17261cc6fb074d1493bb698829b1/element/f.73F923247D4A980C1D654B50CBD09E00.d.897E14513A9244FB8704BF17E0A5E1FD.e.11248/click - {}
RESULT: {}
COMMAND: POST /session/2fbb17261cc6fb074d1493bb698829b1/execute/async - {"script":"<script> [1562 bytes]","args":[{"selector":{"controlType":"sap.m.Button","properties":{"text":"OK"},"searchOpenDialogs":true,"interaction":{"idSuffix":"BDI-content"}},"wdio_ui5_key":"sapm.Button{\"text\":\"OK\"}"}]}
COMMAND: GET /session/2fbb17261cc6fb074d1493bb698829b1/screenshot - {}
RESULT: {"script":"<script> [1562 bytes]","args":[{"selector":{"controlType":"sap.m.Button","properties":{"text":"OK"},"searchOpenDialogs":true,"interaction":{"idSuffix":"BDI-content"}},"wdio_ui5_key":"sapm.Button{\"text\":\"OK\"}"}]}
RESULT: undefined
COMMAND: POST /session/2fbb17261cc6fb074d1493bb698829b1/element - {"using":"xpath","value":"//*[@id=\"__dialog1-ok\"]"}
RESULT: {}
RESULT: {"using":"xpath","value":"//*[@id=\"__dialog1-ok\"]"}
COMMAND: POST /session/2fbb17261cc6fb074d1493bb698829b1/element/f.73F923247D4A980C1D654B50CBD09E00.d.897E14513A9244FB8704BF17E0A5E1FD.e.11250/click - {}
RESULT: {}
COMMAND: GET /session/2fbb17261cc6fb074d1493bb698829b1/screenshot - {}
RESULT: {}
COMMAND: POST /session/2fbb17261cc6fb074d1493bb698829b1/execute/async - {"script":"<script> [1562 bytes]","args":[{"selector":{"controlType":"sap.m.Button","viewName":"etm.portal.ui.managerequests.view.NewRequest","i18NText":{"propertyName":"text","key":"save"},"searchOpenDialogs":true,"interaction":{"idSuffix":"BDI-content"}},"wdio_ui5_key":"etmportal.ui.managerequests.view.NewRequestsap.m.Button{\"propertyName\":\"text\",\"key\":\"save\"}"}]}
RESULT: {"script":"<script> [1562 bytes]","args":[{"selector":{"controlType":"sap.m.Button","viewName":"etm.portal.ui.managerequests.view.NewRequest","i18NText":{"propertyName":"text","key":"save"},"searchOpenDialogs":true,"interaction":{"idSuffix":"BDI-content"}},"wdio_ui5_key":"etmportal.ui.managerequests.view.NewRequestsap.m.Button{\"propertyName\":\"text\",\"key\":\"save\"}"}]}
RESULT: undefined
COMMAND: POST /session/2fbb17261cc6fb074d1493bb698829b1/element - {"using":"xpath","value":"//*[@id=\"__button24\"]"}
RESULT: {"using":"xpath","value":"//*[@id=\"__button24\"]"}
COMMAND: POST /session/2fbb17261cc6fb074d1493bb698829b1/element/f.73F923247D4A980C1D654B50CBD09E00.d.897E14513A9244FB8704BF17E0A5E1FD.e.11254/click - {}
RESULT: {}
COMMAND: GET /session/2fbb17261cc6fb074d1493bb698829b1/screenshot - {}
RESULT: {}
COMMAND: POST /session/2fbb17261cc6fb074d1493bb698829b1/element - {"using":"xpath","value":"(//bdi[contains(text() ,\"Save\")])[1]"}
RESULT: {"using":"xpath","value":"(//bdi[contains(text() ,\"Save\")])[1]"}
COMMAND: POST /session/2fbb17261cc6fb074d1493bb698829b1/element/f.73F923247D4A980C1D654B50CBD09E00.d.897E14513A9244FB8704BF17E0A5E1FD.e.11256/click - {}
RESULT: {}
COMMAND: GET /session/2fbb17261cc6fb074d1493bb698829b1/screenshot - {}
RESULT: {}
COMMAND: POST /session/2fbb17261cc6fb074d1493bb698829b1/execute/async - {"script":"<script> [1562 bytes]","args":[{"selector":{"controlType":"sap.m.Title","properties":{"text":"Success"},"searchOpenDialogs":true},"wdio_ui5_key":"sapm.Title{\"text\":\"Success\"}"}]}
RESULT: {"script":"<script> [1562 bytes]","args":[{"selector":{"controlType":"sap.m.Title","properties":{"text":"Success"},"searchOpenDialogs":true},"wdio_ui5_key":"sapm.Title{\"text\":\"Success\"}"}]}
RESULT: undefined
COMMAND: POST /session/2fbb17261cc6fb074d1493bb698829b1/execute/async - {"script":"<script> [6424 bytes]","args":[{"element-6066-11e4-a52e-4f735466cecf":"f.73F923247D4A980C1D654B50CBD09E00.d.897E14513A9244FB8704BF17E0A5E1FD.e.11261"},"getText",[]]}
RESULT: {"script":"<script> [6424 bytes]","args":[{"element-6066-11e4-a52e-4f735466cecf":"f.73F923247D4A980C1D654B50CBD09E00.d.897E14513A9244FB8704BF17E0A5E1FD.e.11261"},"getText",[]]}
COMMAND: POST /session/2fbb17261cc6fb074d1493bb698829b1/execute/async - {"script":"<script> [1562 bytes]","args":[{"selector":{"controlType":"sap.m.Button","properties":{"text":"Close"},"searchOpenDialogs":true,"interaction":{"idSuffix":"BDI-content"}},"wdio_ui5_key":"sapm.Button{\"text\":\"Close\"}"}]}
RESULT: {"script":"<script> [1562 bytes]","args":[{"selector":{"controlType":"sap.m.Button","properties":{"text":"Close"},"searchOpenDialogs":true,"interaction":{"idSuffix":"BDI-content"}},"wdio_ui5_key":"sapm.Button{\"text\":\"Close\"}"}]}
RESULT: undefined
COMMAND: POST /session/2fbb17261cc6fb074d1493bb698829b1/element - {"using":"xpath","value":"//*[@id=\"__mbox-btn-0\"]"}
RESULT: {"using":"xpath","value":"//*[@id=\"__mbox-btn-0\"]"}
COMMAND: POST /session/2fbb17261cc6fb074d1493bb698829b1/element/f.73F923247D4A980C1D654B50CBD09E00.d.897E14513A9244FB8704BF17E0A5E1FD.e.11259/click - {}
RESULT: {}
COMMAND: GET /session/2fbb17261cc6fb074d1493bb698829b1/screenshot - {}
RESULT: {}
COMMAND: POST /session/2fbb17261cc6fb074d1493bb698829b1/execute/async - {"script":"<script> [1562 bytes]","args":[{"selector":{"controlType":"sap.m.Text","viewName":"etm.portal.ui.managerequests.view.Detail","bindingPath":{"propertyPath":"NO","modelName":"catalogModel"}},"wdio_ui5_key":"etmportal.ui.managerequests.view.Detailsap.m.Text{\"propertyPath\":\"NO\",\"modelName\":\"catalogModel\"}"}]}
RESULT: {"script":"<script> [1562 bytes]","args":[{"selector":{"controlType":"sap.m.Text","viewName":"etm.portal.ui.managerequests.view.Detail","bindingPath":{"propertyPath":"NO","modelName":"catalogModel"}},"wdio_ui5_key":"etmportal.ui.managerequests.view.Detailsap.m.Text{\"propertyPath\":\"NO\",\"modelName\":\"catalogModel\"}"}]}
RESULT: undefined
COMMAND: POST /session/2fbb17261cc6fb074d1493bb698829b1/execute/async - {"script":"<script> [6424 bytes]","args":[{"element-6066-11e4-a52e-4f735466cecf":"f.73F923247D4A980C1D654B50CBD09E00.d.897E14513A9244FB8704BF17E0A5E1FD.e.11385"},"getText",[]]}
RESULT: {"script":"<script> [6424 bytes]","args":[{"element-6066-11e4-a52e-4f735466cecf":"f.73F923247D4A980C1D654B50CBD09E00.d.897E14513A9244FB8704BF17E0A5E1FD.e.11385"},"getText",[]]}
COMMAND: POST /session/2fbb17261cc6fb074d1493bb698829b1/execute/async - {"script":"<script> [1562 bytes]","args":[{"selector":{"controlType":"sap.ui.core.Icon","viewName":"etm.portal.ui.managerequests.view.Detail","properties":{"src":{"regex":{"source":"date\\-time"}}},"ancestor":{"controlType":"sap.m.ColumnListItem","viewName":"etm.portal.ui.managerequests.view.Detail","bindingPath":{"path":"/SmartRequestItemsPlanningBoard(ITEM=10m,REQUEST='20095')"},"ancestor":{"id":"requestItemsTable","viewName":"etm.portal.ui.managerequests.view.Detail"}}},"wdio_ui5_key":"etmportal.ui.managerequests.view.Detailsap.ui.core.Icon{\"src\":{\"regex\":{\"source\":\"date\\\\-time\"}}}{\"controlType\":\"sap.m.ColumnListItem\",\"viewName\":\"etm.portal.ui.managerequests.view.Detail\",\"bindingPath\":{\"path\":\"/SmartRequestItemsPlanningBoard(ITEM=10m,REQUEST='20095')\"},\"ancestor\":{\"id\":\"requestItemsTable\",\"viewName\":\"etm.portal.ui.managerequests.view.Detail\"}}"}]}
RESULT: {"script":"<script> [1562 bytes]","args":[{"selector":{"controlType":"sap.ui.core.Icon","viewName":"etm.portal.ui.managerequests.view.Detail","properties":{"src":{"regex":{"source":"date\\-time"}}},"ancestor":{"controlType":"sap.m.ColumnListItem","viewName":"etm.portal.ui.managerequests.view.Detail","bindingPath":{"path":"/SmartRequestItemsPlanningBoard(ITEM=10m,REQUEST='20095')"},"ancestor":{"id":"requestItemsTable","viewName":"etm.portal.ui.managerequests.view.Detail"}}},"wdio_ui5_key":"etmportal.ui.managerequests.view.Detailsap.ui.core.Icon{\"src\":{\"regex\":{\"source\":\"date\\\\-time\"}}}{\"controlType\":\"sap.m.ColumnListItem\",\"viewName\":\"etm.portal.ui.managerequests.view.Detail\",\"bindingPath\":{\"path\":\"/SmartRequestItemsPlanningBoard(ITEM=10m,REQUEST='20095')\"},\"ancestor\":{\"id\":\"requestItemsTable\",\"viewName\":\"etm.portal.ui.managerequests.view.Detail\"}}"}]}
RESULT: undefined
COMMAND: POST /session/2fbb17261cc6fb074d1493bb698829b1/element - {"using":"xpath","value":"//*[@id=\"__button39-__clone689-img\"]"}
RESULT: {"using":"xpath","value":"//*[@id=\"__button39-__clone689-img\"]"}
COMMAND: POST /session/2fbb17261cc6fb074d1493bb698829b1/element/f.73F923247D4A980C1D654B50CBD09E00.d.897E14513A9244FB8704BF17E0A5E1FD.e.11386/click - {}
RESULT: {}
COMMAND: POST /session/2fbb17261cc6fb074d1493bb698829b1/execute/async - {"script":"<script> [1562 bytes]","args":[{"selector":{"controlType":"sap.m.Button","viewName":"etm.portal.ui.managerequests.view.Detail","properties":{"text":"Close"},"searchOpenDialogs":true,"interaction":{"idSuffix":"BDI-content"}},"wdio_ui5_key":"etmportal.ui.managerequests.view.Detailsap.m.Button{\"text\":\"Close\"}"}]}
COMMAND: GET /session/2fbb17261cc6fb074d1493bb698829b1/screenshot - {}
RESULT: {"script":"<script> [1562 bytes]","args":[{"selector":{"controlType":"sap.m.Button","viewName":"etm.portal.ui.managerequests.view.Detail","properties":{"text":"Close"},"searchOpenDialogs":true,"interaction":{"idSuffix":"BDI-content"}},"wdio_ui5_key":"etmportal.ui.managerequests.view.Detailsap.m.Button{\"text\":\"Close\"}"}]}
RESULT: undefined
COMMAND: POST /session/2fbb17261cc6fb074d1493bb698829b1/element - {"using":"xpath","value":"//*[@id=\"__button49\"]"}
RESULT: {}
RESULT: {"using":"xpath","value":"//*[@id=\"__button49\"]"}
COMMAND: POST /session/2fbb17261cc6fb074d1493bb698829b1/element/f.73F923247D4A980C1D654B50CBD09E00.d.897E14513A9244FB8704BF17E0A5E1FD.e.11388/click - {}
RESULT: {}
COMMAND: GET /session/2fbb17261cc6fb074d1493bb698829b1/screenshot - {}
RESULT: {}
COMMAND: POST /session/2fbb17261cc6fb074d1493bb698829b1/refresh - {}
RESULT: {}
COMMAND: GET /session/2fbb17261cc6fb074d1493bb698829b1/screenshot - {}
RESULT: {}
COMMAND: POST /session/2fbb17261cc6fb074d1493bb698829b1/execute/async - {"script":"<script> [189 bytes]","args":[]}
RESULT: {"script":"<script> [189 bytes]","args":[]}
COMMAND: POST /session/2fbb17261cc6fb074d1493bb698829b1/execute/async - {"script":"<script> [123 bytes]","args":[]}
RESULT: {"script":"<script> [123 bytes]","args":[]}
COMMAND: POST /session/2fbb17261cc6fb074d1493bb698829b1/timeouts - {"script":"<number>"}
RESULT: {"script":"<number>"}
COMMAND: GET /session/2fbb17261cc6fb074d1493bb698829b1/timeouts - {}
RESULT: {}
RESULT: undefined
COMMAND: POST /session/2fbb17261cc6fb074d1493bb698829b1/execute/async - {"script":"<script> [2676 bytes]","args":[]}
RESULT: {"script":"<script> [2676 bytes]","args":[]}
COMMAND: POST /session/2fbb17261cc6fb074d1493bb698829b1/execute/async - {"script":"<script> [2342 bytes]","args":[{"protocol":"http","hostname":"0.0.0.0","path":"/","capabilities":{"browserName":"chrome","goog:chromeOptions":{"binary":"C:\\Program Files\\Google\\Chrome\\Application\\chrome.exe","args":["--start-maximized"]}},"logLevel":"warn","connectionRetryTimeout":120000,"connectionRetryCount":3,"logLevels":{},"enableDirectConnect":true,"strictSSL":true,"_":"65 more keys: [\"cacheDir\",\"port\",\"requestedCapabilities\",\"automationProtocol\",\"baseUrl\",\"waitforInterval\",\"waitforTimeout\",\"onReload\",\"beforeCommand\",\"afterCommand\",\"rootDir\",\"specs\",\"suites\",\"exclude\",\"groupLogsByTestSpec\",\"excludeDriverLogs\",\"bail\",\"framework\",\"reporters\",\"services\",\"maxInstances\",\"maxInstancesPerCapability\",\"injectGlobals\",\"filesToWatch\",\"execArgv\",\"runnerEnv\",\"runner\",\"shard\",\"specFileRetries\",\"specFileRetriesDelay\",\"specFileRetriesDeferred\",\"reporterSyncInterval\",\"reporterSyncTimeout\",\"cucumberFeaturesWithLineNumbers\",\"autoCompileOpts\",\"mochaOpts\",\"jasmineOpts\",\"cucumberOpts\",\"onPrepare\",\"onWorkerStart\",\"onWorkerEnd\",\"before\",\"beforeSession\",\"beforeSuite\",\"beforeHook\",\"beforeTest\",\"afterTest\",\"afterHook\",\"afterSuite\",\"afterSession\",\"after\",\"onComplete\",\"beforeAssertion\",\"afterAssertion\",\"beforeFeature\",\"beforeScenario\",\"beforeStep\",\"afterStep\",\"afterScenario\",\"afterFeature\",\"_\",\"suite\",\"$0\",\"ignoredWorkerServices\",\"wdi5\"]"}]}
RESULT: {"script":"<script> [2342 bytes]","args":[{"protocol":"http","hostname":"0.0.0.0","path":"/","capabilities":{"browserName":"chrome","goog:chromeOptions":{"binary":"C:\\Program Files\\Google\\Chrome\\Application\\chrome.exe","args":["--start-maximized"]}},"logLevel":"warn","connectionRetryTimeout":120000,"connectionRetryCount":3,"logLevels":{},"enableDirectConnect":true,"strictSSL":true,"_":"65 more keys: [\"cacheDir\",\"port\",\"requestedCapabilities\",\"automationProtocol\",\"baseUrl\",\"waitforInterval\",\"waitforTimeout\",\"onReload\",\"beforeCommand\",\"afterCommand\",\"rootDir\",\"specs\",\"suites\",\"exclude\",\"groupLogsByTestSpec\",\"excludeDriverLogs\",\"bail\",\"framework\",\"reporters\",\"services\",\"maxInstances\",\"maxInstancesPerCapability\",\"injectGlobals\",\"filesToWatch\",\"execArgv\",\"runnerEnv\",\"runner\",\"shard\",\"specFileRetries\",\"specFileRetriesDelay\",\"specFileRetriesDeferred\",\"reporterSyncInterval\",\"reporterSyncTimeout\",\"cucumberFeaturesWithLineNumbers\",\"autoCompileOpts\",\"mochaOpts\",\"jasmineOpts\",\"cucumberOpts\",\"onPrepare\",\"onWorkerStart\",\"onWorkerEnd\",\"before\",\"beforeSession\",\"beforeSuite\",\"beforeHook\",\"beforeTest\",\"afterTest\",\"afterHook\",\"afterSuite\",\"afterSession\",\"after\",\"onComplete\",\"beforeAssertion\",\"afterAssertion\",\"beforeFeature\",\"beforeScenario\",\"beforeStep\",\"afterStep\",\"afterScenario\",\"afterFeature\",\"_\",\"suite\",\"$0\",\"ignoredWorkerServices\",\"wdi5\"]"}]}
COMMAND: POST /session/2fbb17261cc6fb074d1493bb698829b1/execute/async - {"script":"<script> [21126 bytes]","args":[35000]}
RESULT: {"script":"<script> [21126 bytes]","args":[35000]}
]]></system-out>
    </testcase>
    <testcase classname="chrome.136_0_7103_93.windows.Process_request_items_into_an_existing_quotation_US120163" name="Should process the request into an existing quotation" time="71.803">
      <system-out><![CDATA[
COMMAND: GET /session/2fbb17261cc6fb074d1493bb698829b1/window - {}
RESULT: {}
COMMAND: POST /session/2fbb17261cc6fb074d1493bb698829b1/element - {"using":"xpath","value":"//span[contains(@id ,\"detailHeaderTitle-_actionsToolbar-overflowButton-img\")]"}
RESULT: {"using":"xpath","value":"//span[contains(@id ,\"detailHeaderTitle-_actionsToolbar-overflowButton-img\")]"}
COMMAND: POST /session/2fbb17261cc6fb074d1493bb698829b1/element/f.73F923247D4A980C1D654B50CBD09E00.d.6ECD86F4673673447A2511242381E560.e.11610/click - {}
RESULT: {}
COMMAND: GET /session/2fbb17261cc6fb074d1493bb698829b1/screenshot - {}
RESULT: {}
COMMAND: POST /session/2fbb17261cc6fb074d1493bb698829b1/element - {"using":"xpath","value":"//span[contains(@id ,\"actionsMenuButton-internalSplitBtn-arrowButton-img\")]"}
RESULT: {"using":"xpath","value":"//span[contains(@id ,\"actionsMenuButton-internalSplitBtn-arrowButton-img\")]"}
COMMAND: POST /session/2fbb17261cc6fb074d1493bb698829b1/element/f.73F923247D4A980C1D654B50CBD09E00.d.6ECD86F4673673447A2511242381E560.e.11613/click - {}
RESULT: {}
COMMAND: GET /session/2fbb17261cc6fb074d1493bb698829b1/screenshot - {}
RESULT: {}
COMMAND: POST /session/2fbb17261cc6fb074d1493bb698829b1/actions - {"actions":[{"id":"action90","type":"key","parameters":{},"actions":[{"type":"keyDown","value":""},{"type":"pause","duration":10},{"type":"keyUp","value":""}]}]}
RESULT: {"actions":[{"id":"action90","type":"key","parameters":{},"actions":[{"type":"keyDown","value":""},{"type":"pause","duration":10},{"type":"keyUp","value":""}]}]}
COMMAND: GET /session/2fbb17261cc6fb074d1493bb698829b1/screenshot - {}
RESULT: {}
COMMAND: POST /session/2fbb17261cc6fb074d1493bb698829b1/actions - {"actions":[{"id":"action91","type":"key","parameters":{},"actions":[{"type":"keyDown","value":""},{"type":"pause","duration":10},{"type":"keyUp","value":""}]}]}
RESULT: {"actions":[{"id":"action91","type":"key","parameters":{},"actions":[{"type":"keyDown","value":""},{"type":"pause","duration":10},{"type":"keyUp","value":""}]}]}
COMMAND: GET /session/2fbb17261cc6fb074d1493bb698829b1/screenshot - {}
RESULT: {}
COMMAND: POST /session/2fbb17261cc6fb074d1493bb698829b1/actions - {"actions":[{"id":"action92","type":"key","parameters":{},"actions":[{"type":"keyDown","value":""},{"type":"pause","duration":10},{"type":"keyUp","value":""}]}]}
RESULT: {"actions":[{"id":"action92","type":"key","parameters":{},"actions":[{"type":"keyDown","value":""},{"type":"pause","duration":10},{"type":"keyUp","value":""}]}]}
COMMAND: GET /session/2fbb17261cc6fb074d1493bb698829b1/screenshot - {}
RESULT: {}
COMMAND: POST /session/2fbb17261cc6fb074d1493bb698829b1/actions - {"actions":[{"id":"action93","type":"key","parameters":{},"actions":[{"type":"keyDown","value":""},{"type":"pause","duration":10},{"type":"keyUp","value":""}]}]}
RESULT: {"actions":[{"id":"action93","type":"key","parameters":{},"actions":[{"type":"keyDown","value":""},{"type":"pause","duration":10},{"type":"keyUp","value":""}]}]}
COMMAND: GET /session/2fbb17261cc6fb074d1493bb698829b1/screenshot - {}
RESULT: {}
COMMAND: POST /session/2fbb17261cc6fb074d1493bb698829b1/element - {"using":"xpath","value":"//input[contains(@id ,\"quotationsSearchField-I\")]"}
RESULT: {"using":"xpath","value":"//input[contains(@id ,\"quotationsSearchField-I\")]"}
COMMAND: POST /session/2fbb17261cc6fb074d1493bb698829b1/element/f.73F923247D4A980C1D654B50CBD09E00.d.6ECD86F4673673447A2511242381E560.e.11616/clear - {}
RESULT: {}
COMMAND: POST /session/2fbb17261cc6fb074d1493bb698829b1/element/f.73F923247D4A980C1D654B50CBD09E00.d.6ECD86F4673673447A2511242381E560.e.11616/value - {"text":"WdIOQuotationmpiog"}
COMMAND: GET /session/2fbb17261cc6fb074d1493bb698829b1/screenshot - {}
RESULT: {"text":"WdIOQuotationmpiog"}
COMMAND: GET /session/2fbb17261cc6fb074d1493bb698829b1/screenshot - {}
RESULT: {}
RESULT: {}
COMMAND: POST /session/2fbb17261cc6fb074d1493bb698829b1/actions - {"actions":[{"id":"action94","type":"key","parameters":{},"actions":[{"type":"keyDown","value":""},{"type":"pause","duration":10},{"type":"keyUp","value":""}]}]}
RESULT: {"actions":[{"id":"action94","type":"key","parameters":{},"actions":[{"type":"keyDown","value":""},{"type":"pause","duration":10},{"type":"keyUp","value":""}]}]}
COMMAND: GET /session/2fbb17261cc6fb074d1493bb698829b1/screenshot - {}
RESULT: {}
COMMAND: POST /session/2fbb17261cc6fb074d1493bb698829b1/element - {"using":"xpath","value":"//div[contains(@id ,\"selectSingle\")]"}
RESULT: {"using":"xpath","value":"//div[contains(@id ,\"selectSingle\")]"}
COMMAND: POST /session/2fbb17261cc6fb074d1493bb698829b1/element/f.73F923247D4A980C1D654B50CBD09E00.d.6ECD86F4673673447A2511242381E560.e.11621/click - {}
RESULT: {}
COMMAND: GET /session/2fbb17261cc6fb074d1493bb698829b1/screenshot - {}
RESULT: {}
COMMAND: POST /session/2fbb17261cc6fb074d1493bb698829b1/element - {"using":"xpath","value":"//bdi[contains(text() ,\"Selection Done\")]"}
RESULT: {"using":"xpath","value":"//bdi[contains(text() ,\"Selection Done\")]"}
COMMAND: POST /session/2fbb17261cc6fb074d1493bb698829b1/element/f.73F923247D4A980C1D654B50CBD09E00.d.6ECD86F4673673447A2511242381E560.e.11627/click - {}
RESULT: {}
COMMAND: GET /session/2fbb17261cc6fb074d1493bb698829b1/screenshot - {}
RESULT: {}
COMMAND: POST /session/2fbb17261cc6fb074d1493bb698829b1/actions - {"actions":[{"id":"action95","type":"key","parameters":{},"actions":[{"type":"keyDown","value":""},{"type":"pause","duration":10},{"type":"keyUp","value":""}]}]}
RESULT: {"actions":[{"id":"action95","type":"key","parameters":{},"actions":[{"type":"keyDown","value":""},{"type":"pause","duration":10},{"type":"keyUp","value":""}]}]}
COMMAND: GET /session/2fbb17261cc6fb074d1493bb698829b1/screenshot - {}
RESULT: {}
COMMAND: POST /session/2fbb17261cc6fb074d1493bb698829b1/actions - {"actions":[{"id":"action96","type":"key","parameters":{},"actions":[{"type":"keyDown","value":""},{"type":"pause","duration":10},{"type":"keyUp","value":""}]}]}
RESULT: {"actions":[{"id":"action96","type":"key","parameters":{},"actions":[{"type":"keyDown","value":""},{"type":"pause","duration":10},{"type":"keyUp","value":""}]}]}
COMMAND: GET /session/2fbb17261cc6fb074d1493bb698829b1/screenshot - {}
RESULT: {}
COMMAND: GET /session/2fbb17261cc6fb074d1493bb698829b1/window/handles - {}
RESULT: {}
COMMAND: GET /session/2fbb17261cc6fb074d1493bb698829b1/window/handles - {}
RESULT: {}
COMMAND: POST /session/2fbb17261cc6fb074d1493bb698829b1/window - {"handle":"8F23769BECF6D837CA14B2841D777D85"}
RESULT: {"handle":"8F23769BECF6D837CA14B2841D777D85"}
COMMAND: GET /session/2fbb17261cc6fb074d1493bb698829b1/url - {}
RESULT: {}
COMMAND: GET /session/2fbb17261cc6fb074d1493bb698829b1/screenshot - {}
RESULT: {}
COMMAND: POST /session/2fbb17261cc6fb074d1493bb698829b1/element - {"using":"xpath","value":"//span[contains(text(), \"Header Billing Items\")]"}
RESULT: {"using":"xpath","value":"//span[contains(text(), \"Header Billing Items\")]"}
COMMAND: POST /session/2fbb17261cc6fb074d1493bb698829b1/element/f.8F23769BECF6D837CA14B2841D777D85.d.6423E1DE98665C5809CCAF106B978F5C.e.11858/click - {}
RESULT: {}
COMMAND: GET /session/2fbb17261cc6fb074d1493bb698829b1/screenshot - {}
RESULT: {}
COMMAND: POST /session/2fbb17261cc6fb074d1493bb698829b1/element - {"using":"xpath","value":"//span[contains(@id ,\"contractItemsSmartTable-header-inner\")]"}
RESULT: {"using":"xpath","value":"//span[contains(@id ,\"contractItemsSmartTable-header-inner\")]"}
COMMAND: GET /session/2fbb17261cc6fb074d1493bb698829b1/element/f.8F23769BECF6D837CA14B2841D777D85.d.6423E1DE98665C5809CCAF106B978F5C.e.11860/text - {}
RESULT: {}
COMMAND: POST /session/2fbb17261cc6fb074d1493bb698829b1/element - {"using":"xpath","value":"//span[@class=\"sapMObjStatusText\"][contains(text(), \"proposed\")]"}
RESULT: {"using":"xpath","value":"//span[@class=\"sapMObjStatusText\"][contains(text(), \"proposed\")]"}
COMMAND: GET /session/2fbb17261cc6fb074d1493bb698829b1/element/f.8F23769BECF6D837CA14B2841D777D85.d.6423E1DE98665C5809CCAF106B978F5C.e.11861/text - {}
RESULT: {}
COMMAND: DELETE /session/2fbb17261cc6fb074d1493bb698829b1/window - {}
RESULT: {}
COMMAND: POST /session/2fbb17261cc6fb074d1493bb698829b1/window - {"handle":"73F923247D4A980C1D654B50CBD09E00"}
RESULT: {"handle":"73F923247D4A980C1D654B50CBD09E00"}
COMMAND: GET /session/2fbb17261cc6fb074d1493bb698829b1/url - {}
RESULT: {}
COMMAND: GET /session/2fbb17261cc6fb074d1493bb698829b1/screenshot - {}
RESULT: {}
]]></system-out>
    </testcase>
    <testcase classname="chrome.136_0_7103_93.windows.Process_request_items_into_an_existing_quotation_US120163" name="Should navigate back to the request and check the request and item statuses" time="41.129">
      <system-out><![CDATA[
COMMAND: POST /session/2fbb17261cc6fb074d1493bb698829b1/refresh - {}
RESULT: {}
COMMAND: GET /session/2fbb17261cc6fb074d1493bb698829b1/screenshot - {}
RESULT: {}
COMMAND: POST /session/2fbb17261cc6fb074d1493bb698829b1/execute/async - {"script":"<script> [189 bytes]","args":[]}
RESULT: {"script":"<script> [189 bytes]","args":[]}
COMMAND: POST /session/2fbb17261cc6fb074d1493bb698829b1/execute/async - {"script":"<script> [123 bytes]","args":[]}
RESULT: {"script":"<script> [123 bytes]","args":[]}
COMMAND: POST /session/2fbb17261cc6fb074d1493bb698829b1/timeouts - {"script":"<number>"}
RESULT: {"script":"<number>"}
COMMAND: GET /session/2fbb17261cc6fb074d1493bb698829b1/timeouts - {}
RESULT: {}
RESULT: undefined
COMMAND: POST /session/2fbb17261cc6fb074d1493bb698829b1/execute/async - {"script":"<script> [2676 bytes]","args":[]}
RESULT: {"script":"<script> [2676 bytes]","args":[]}
COMMAND: POST /session/2fbb17261cc6fb074d1493bb698829b1/execute/async - {"script":"<script> [2342 bytes]","args":[{"protocol":"http","hostname":"0.0.0.0","path":"/","capabilities":{"browserName":"chrome","goog:chromeOptions":{"binary":"C:\\Program Files\\Google\\Chrome\\Application\\chrome.exe","args":["--start-maximized"]}},"logLevel":"warn","connectionRetryTimeout":120000,"connectionRetryCount":3,"logLevels":{},"enableDirectConnect":true,"strictSSL":true,"_":"65 more keys: [\"cacheDir\",\"port\",\"requestedCapabilities\",\"automationProtocol\",\"baseUrl\",\"waitforInterval\",\"waitforTimeout\",\"onReload\",\"beforeCommand\",\"afterCommand\",\"rootDir\",\"specs\",\"suites\",\"exclude\",\"groupLogsByTestSpec\",\"excludeDriverLogs\",\"bail\",\"framework\",\"reporters\",\"services\",\"maxInstances\",\"maxInstancesPerCapability\",\"injectGlobals\",\"filesToWatch\",\"execArgv\",\"runnerEnv\",\"runner\",\"shard\",\"specFileRetries\",\"specFileRetriesDelay\",\"specFileRetriesDeferred\",\"reporterSyncInterval\",\"reporterSyncTimeout\",\"cucumberFeaturesWithLineNumbers\",\"autoCompileOpts\",\"mochaOpts\",\"jasmineOpts\",\"cucumberOpts\",\"onPrepare\",\"onWorkerStart\",\"onWorkerEnd\",\"before\",\"beforeSession\",\"beforeSuite\",\"beforeHook\",\"beforeTest\",\"afterTest\",\"afterHook\",\"afterSuite\",\"afterSession\",\"after\",\"onComplete\",\"beforeAssertion\",\"afterAssertion\",\"beforeFeature\",\"beforeScenario\",\"beforeStep\",\"afterStep\",\"afterScenario\",\"afterFeature\",\"_\",\"suite\",\"$0\",\"ignoredWorkerServices\",\"wdi5\"]"}]}
RESULT: {"script":"<script> [2342 bytes]","args":[{"protocol":"http","hostname":"0.0.0.0","path":"/","capabilities":{"browserName":"chrome","goog:chromeOptions":{"binary":"C:\\Program Files\\Google\\Chrome\\Application\\chrome.exe","args":["--start-maximized"]}},"logLevel":"warn","connectionRetryTimeout":120000,"connectionRetryCount":3,"logLevels":{},"enableDirectConnect":true,"strictSSL":true,"_":"65 more keys: [\"cacheDir\",\"port\",\"requestedCapabilities\",\"automationProtocol\",\"baseUrl\",\"waitforInterval\",\"waitforTimeout\",\"onReload\",\"beforeCommand\",\"afterCommand\",\"rootDir\",\"specs\",\"suites\",\"exclude\",\"groupLogsByTestSpec\",\"excludeDriverLogs\",\"bail\",\"framework\",\"reporters\",\"services\",\"maxInstances\",\"maxInstancesPerCapability\",\"injectGlobals\",\"filesToWatch\",\"execArgv\",\"runnerEnv\",\"runner\",\"shard\",\"specFileRetries\",\"specFileRetriesDelay\",\"specFileRetriesDeferred\",\"reporterSyncInterval\",\"reporterSyncTimeout\",\"cucumberFeaturesWithLineNumbers\",\"autoCompileOpts\",\"mochaOpts\",\"jasmineOpts\",\"cucumberOpts\",\"onPrepare\",\"onWorkerStart\",\"onWorkerEnd\",\"before\",\"beforeSession\",\"beforeSuite\",\"beforeHook\",\"beforeTest\",\"afterTest\",\"afterHook\",\"afterSuite\",\"afterSession\",\"after\",\"onComplete\",\"beforeAssertion\",\"afterAssertion\",\"beforeFeature\",\"beforeScenario\",\"beforeStep\",\"afterStep\",\"afterScenario\",\"afterFeature\",\"_\",\"suite\",\"$0\",\"ignoredWorkerServices\",\"wdi5\"]"}]}
COMMAND: POST /session/2fbb17261cc6fb074d1493bb698829b1/execute/async - {"script":"<script> [21126 bytes]","args":[35000]}
RESULT: {"script":"<script> [21126 bytes]","args":[35000]}
COMMAND: POST /session/2fbb17261cc6fb074d1493bb698829b1/execute/async - {"script":"<script> [1562 bytes]","args":[{"selector":{"controlType":"sap.m.Text","viewName":"etm.portal.ui.managerequests.view.Detail","bindingPath":{"path":"/SmartRequestItemsPlanningBoard(ITEM=10m,REQUEST='20095')","propertyPath":"STATUS_DESC"}},"wdio_ui5_key":"etmportal.ui.managerequests.view.Detailsap.m.Text{\"path\":\"/SmartRequestItemsPlanningBoard(ITEM=10m,REQUEST='20095')\",\"propertyPath\":\"STATUS_DESC\"}"}]}
RESULT: {"script":"<script> [1562 bytes]","args":[{"selector":{"controlType":"sap.m.Text","viewName":"etm.portal.ui.managerequests.view.Detail","bindingPath":{"path":"/SmartRequestItemsPlanningBoard(ITEM=10m,REQUEST='20095')","propertyPath":"STATUS_DESC"}},"wdio_ui5_key":"etmportal.ui.managerequests.view.Detailsap.m.Text{\"path\":\"/SmartRequestItemsPlanningBoard(ITEM=10m,REQUEST='20095')\",\"propertyPath\":\"STATUS_DESC\"}"}]}
RESULT: undefined
COMMAND: POST /session/2fbb17261cc6fb074d1493bb698829b1/execute/async - {"script":"<script> [6424 bytes]","args":[{"element-6066-11e4-a52e-4f735466cecf":"f.73F923247D4A980C1D654B50CBD09E00.d.A551708169D848FD20729BDD885B930C.e.12075"},"getText",[]]}
RESULT: {"script":"<script> [6424 bytes]","args":[{"element-6066-11e4-a52e-4f735466cecf":"f.73F923247D4A980C1D654B50CBD09E00.d.A551708169D848FD20729BDD885B930C.e.12075"},"getText",[]]}
COMMAND: POST /session/2fbb17261cc6fb074d1493bb698829b1/execute/async - {"script":"<script> [1562 bytes]","args":[{"selector":{"controlType":"sap.m.ObjectStatus","viewName":"etm.portal.ui.managerequests.view.Detail","bindingPath":{"path":"/RequestHeaders('20095')","propertyPath":"LINK_TO_STATUS/DESCRIPTION","modelName":"catalogModel"}},"wdio_ui5_key":"etmportal.ui.managerequests.view.Detailsap.m.ObjectStatus{\"path\":\"/RequestHeaders('20095')\",\"propertyPath\":\"LINK_TO_STATUS/DESCRIPTION\",\"modelName\":\"catalogModel\"}"}]}
RESULT: {"script":"<script> [1562 bytes]","args":[{"selector":{"controlType":"sap.m.ObjectStatus","viewName":"etm.portal.ui.managerequests.view.Detail","bindingPath":{"path":"/RequestHeaders('20095')","propertyPath":"LINK_TO_STATUS/DESCRIPTION","modelName":"catalogModel"}},"wdio_ui5_key":"etmportal.ui.managerequests.view.Detailsap.m.ObjectStatus{\"path\":\"/RequestHeaders('20095')\",\"propertyPath\":\"LINK_TO_STATUS/DESCRIPTION\",\"modelName\":\"catalogModel\"}"}]}
RESULT: undefined
COMMAND: POST /session/2fbb17261cc6fb074d1493bb698829b1/execute/async - {"script":"<script> [6424 bytes]","args":[{"element-6066-11e4-a52e-4f735466cecf":"f.73F923247D4A980C1D654B50CBD09E00.d.A551708169D848FD20729BDD885B930C.e.12076"},"getText",[]]}
RESULT: {"script":"<script> [6424 bytes]","args":[{"element-6066-11e4-a52e-4f735466cecf":"f.73F923247D4A980C1D654B50CBD09E00.d.A551708169D848FD20729BDD885B930C.e.12076"},"getText",[]]}
COMMAND: POST /session/2fbb17261cc6fb074d1493bb698829b1/element - {"using":"css selector","value":"#shell-header-logo"}
RESULT: {"using":"css selector","value":"#shell-header-logo"}
COMMAND: POST /session/2fbb17261cc6fb074d1493bb698829b1/element/f.73F923247D4A980C1D654B50CBD09E00.d.A551708169D848FD20729BDD885B930C.e.11868/click - {}
RESULT: {}
COMMAND: GET /session/2fbb17261cc6fb074d1493bb698829b1/screenshot - {}
RESULT: {}
COMMAND: POST /session/2fbb17261cc6fb074d1493bb698829b1/refresh - {}
RESULT: {}
COMMAND: GET /session/2fbb17261cc6fb074d1493bb698829b1/screenshot - {}
RESULT: {}
COMMAND: POST /session/2fbb17261cc6fb074d1493bb698829b1/execute/async - {"script":"<script> [189 bytes]","args":[]}
RESULT: {"script":"<script> [189 bytes]","args":[]}
COMMAND: POST /session/2fbb17261cc6fb074d1493bb698829b1/execute/async - {"script":"<script> [123 bytes]","args":[]}
RESULT: {"script":"<script> [123 bytes]","args":[]}
COMMAND: POST /session/2fbb17261cc6fb074d1493bb698829b1/timeouts - {"script":"<number>"}
RESULT: {"script":"<number>"}
COMMAND: GET /session/2fbb17261cc6fb074d1493bb698829b1/timeouts - {}
RESULT: {}
RESULT: undefined
COMMAND: POST /session/2fbb17261cc6fb074d1493bb698829b1/execute/async - {"script":"<script> [2676 bytes]","args":[]}
RESULT: {"script":"<script> [2676 bytes]","args":[]}
COMMAND: POST /session/2fbb17261cc6fb074d1493bb698829b1/execute/async - {"script":"<script> [2342 bytes]","args":[{"protocol":"http","hostname":"0.0.0.0","path":"/","capabilities":{"browserName":"chrome","goog:chromeOptions":{"binary":"C:\\Program Files\\Google\\Chrome\\Application\\chrome.exe","args":["--start-maximized"]}},"logLevel":"warn","connectionRetryTimeout":120000,"connectionRetryCount":3,"logLevels":{},"enableDirectConnect":true,"strictSSL":true,"_":"65 more keys: [\"cacheDir\",\"port\",\"requestedCapabilities\",\"automationProtocol\",\"baseUrl\",\"waitforInterval\",\"waitforTimeout\",\"onReload\",\"beforeCommand\",\"afterCommand\",\"rootDir\",\"specs\",\"suites\",\"exclude\",\"groupLogsByTestSpec\",\"excludeDriverLogs\",\"bail\",\"framework\",\"reporters\",\"services\",\"maxInstances\",\"maxInstancesPerCapability\",\"injectGlobals\",\"filesToWatch\",\"execArgv\",\"runnerEnv\",\"runner\",\"shard\",\"specFileRetries\",\"specFileRetriesDelay\",\"specFileRetriesDeferred\",\"reporterSyncInterval\",\"reporterSyncTimeout\",\"cucumberFeaturesWithLineNumbers\",\"autoCompileOpts\",\"mochaOpts\",\"jasmineOpts\",\"cucumberOpts\",\"onPrepare\",\"onWorkerStart\",\"onWorkerEnd\",\"before\",\"beforeSession\",\"beforeSuite\",\"beforeHook\",\"beforeTest\",\"afterTest\",\"afterHook\",\"afterSuite\",\"afterSession\",\"after\",\"onComplete\",\"beforeAssertion\",\"afterAssertion\",\"beforeFeature\",\"beforeScenario\",\"beforeStep\",\"afterStep\",\"afterScenario\",\"afterFeature\",\"_\",\"suite\",\"$0\",\"ignoredWorkerServices\",\"wdi5\"]"}]}
RESULT: {"script":"<script> [2342 bytes]","args":[{"protocol":"http","hostname":"0.0.0.0","path":"/","capabilities":{"browserName":"chrome","goog:chromeOptions":{"binary":"C:\\Program Files\\Google\\Chrome\\Application\\chrome.exe","args":["--start-maximized"]}},"logLevel":"warn","connectionRetryTimeout":120000,"connectionRetryCount":3,"logLevels":{},"enableDirectConnect":true,"strictSSL":true,"_":"65 more keys: [\"cacheDir\",\"port\",\"requestedCapabilities\",\"automationProtocol\",\"baseUrl\",\"waitforInterval\",\"waitforTimeout\",\"onReload\",\"beforeCommand\",\"afterCommand\",\"rootDir\",\"specs\",\"suites\",\"exclude\",\"groupLogsByTestSpec\",\"excludeDriverLogs\",\"bail\",\"framework\",\"reporters\",\"services\",\"maxInstances\",\"maxInstancesPerCapability\",\"injectGlobals\",\"filesToWatch\",\"execArgv\",\"runnerEnv\",\"runner\",\"shard\",\"specFileRetries\",\"specFileRetriesDelay\",\"specFileRetriesDeferred\",\"reporterSyncInterval\",\"reporterSyncTimeout\",\"cucumberFeaturesWithLineNumbers\",\"autoCompileOpts\",\"mochaOpts\",\"jasmineOpts\",\"cucumberOpts\",\"onPrepare\",\"onWorkerStart\",\"onWorkerEnd\",\"before\",\"beforeSession\",\"beforeSuite\",\"beforeHook\",\"beforeTest\",\"afterTest\",\"afterHook\",\"afterSuite\",\"afterSession\",\"after\",\"onComplete\",\"beforeAssertion\",\"afterAssertion\",\"beforeFeature\",\"beforeScenario\",\"beforeStep\",\"afterStep\",\"afterScenario\",\"afterFeature\",\"_\",\"suite\",\"$0\",\"ignoredWorkerServices\",\"wdi5\"]"}]}
COMMAND: POST /session/2fbb17261cc6fb074d1493bb698829b1/execute/async - {"script":"<script> [21126 bytes]","args":[35000]}
RESULT: {"script":"<script> [21126 bytes]","args":[35000]}
]]></system-out>
    </testcase>
  </testsuite>
  <testsuite timestamp="2025-05-24T16:18:21" time="300.164" tests="3" failures="0" errors="0" skipped="0">
    <properties>
      <property name="specId" value="0"/>
      <property name="suiteName" value="Process request items into new quotation US120163"/>
      <property name="capabilities" value="chrome.136_0_7103_93.windows"/>
      <property name="file" value="file:///D:/a/1/s/test/specs/R2C/process-request-items-into-new-quotation.spec.js"/>
    </properties>
    <testcase classname="chrome.136_0_7103_93.windows.Process_request_items_into_new_quotation_US120163" name="Should create a new request with catalog items and plan it" time="187.825">
      <system-out><![CDATA[
COMMAND: POST /session/2fbb17261cc6fb074d1493bb698829b1/execute/async - {"script":"<script> [1562 bytes]","args":[{"selector":{"controlType":"sap.m.GenericTile","properties":{"header":"Manage Requests"}},"wdio_ui5_key":"sapm.GenericTile{\"header\":\"Manage Requests\"}"}]}
RESULT: {"script":"<script> [1562 bytes]","args":[{"selector":{"controlType":"sap.m.GenericTile","properties":{"header":"Manage Requests"}},"wdio_ui5_key":"sapm.GenericTile{\"header\":\"Manage Requests\"}"}]}
RESULT: undefined
COMMAND: POST /session/2fbb17261cc6fb074d1493bb698829b1/element - {"using":"xpath","value":"//*[@id=\"__tile47\"]"}
RESULT: {"using":"xpath","value":"//*[@id=\"__tile47\"]"}
COMMAND: POST /session/2fbb17261cc6fb074d1493bb698829b1/element/f.73F923247D4A980C1D654B50CBD09E00.d.0431109759AA29AB18243B5DCB10160A.e.12113/click - {}
RESULT: {}
COMMAND: GET /session/2fbb17261cc6fb074d1493bb698829b1/screenshot - {}
RESULT: {}
COMMAND: POST /session/2fbb17261cc6fb074d1493bb698829b1/elements - {"using":"xpath","value":"//span[text()='Error']"}
RESULT: {"using":"xpath","value":"//span[text()='Error']"}
COMMAND: POST /session/2fbb17261cc6fb074d1493bb698829b1/element - {"using":"xpath","value":"//button[contains(@data-kt ,\"btnCreateNewOverflowToolbarButton\")]"}
COMMAND: POST /session/2fbb17261cc6fb074d1493bb698829b1/element - {"using":"xpath","value":"(//span[contains(@class ,\"sapMObjStatusText\")])[1]"}
RESULT: {"using":"xpath","value":"//button[contains(@data-kt ,\"btnCreateNewOverflowToolbarButton\")]"}
COMMAND: POST /session/2fbb17261cc6fb074d1493bb698829b1/element/f.73F923247D4A980C1D654B50CBD09E00.d.0431109759AA29AB18243B5DCB10160A.e.12170/click - {}
RESULT: {"using":"xpath","value":"(//span[contains(@class ,\"sapMObjStatusText\")])[1]"}
COMMAND: POST /session/2fbb17261cc6fb074d1493bb698829b1/execute/sync - {"script":"<script> [8489 bytes]","args":[{"element-6066-11e4-a52e-4f735466cecf":"f.73F923247D4A980C1D654B50CBD09E00.d.0431109759AA29AB18243B5DCB10160A.e.12208","ELEMENT":"f.73F923247D4A980C1D654B50CBD09E00.d.0431109759AA29AB18243B5DCB10160A.e.12208"}]}
RESULT: {}
COMMAND: GET /session/2fbb17261cc6fb074d1493bb698829b1/screenshot - {}
COMMAND: POST /session/2fbb17261cc6fb074d1493bb698829b1/element - {"using":"xpath","value":"(//span[contains(@class ,\"sapMObjStatusText\")])[1]"}
RESULT: {}
RESULT: {"using":"xpath","value":"(//span[contains(@class ,\"sapMObjStatusText\")])[1]"}
COMMAND: POST /session/2fbb17261cc6fb074d1493bb698829b1/execute/sync - {"script":"<script> [8489 bytes]","args":[{"element-6066-11e4-a52e-4f735466cecf":"f.73F923247D4A980C1D654B50CBD09E00.d.0431109759AA29AB18243B5DCB10160A.e.12460","ELEMENT":"f.73F923247D4A980C1D654B50CBD09E00.d.0431109759AA29AB18243B5DCB10160A.e.12460"}]}
RESULT: {"script":"<script> [8489 bytes]","args":[{"element-6066-11e4-a52e-4f735466cecf":"f.73F923247D4A980C1D654B50CBD09E00.d.0431109759AA29AB18243B5DCB10160A.e.12460","ELEMENT":"f.73F923247D4A980C1D654B50CBD09E00.d.0431109759AA29AB18243B5DCB10160A.e.12460"}]}
COMMAND: GET /session/2fbb17261cc6fb074d1493bb698829b1/screenshot - {}
RESULT: {}
COMMAND: POST /session/2fbb17261cc6fb074d1493bb698829b1/element - {"using":"xpath","value":"//input[contains(@id ,\"yardId-inner\")]"}
RESULT: {"using":"xpath","value":"//input[contains(@id ,\"yardId-inner\")]"}
COMMAND: POST /session/2fbb17261cc6fb074d1493bb698829b1/execute/sync - {"script":"<script> [8489 bytes]","args":[{"element-6066-11e4-a52e-4f735466cecf":"f.73F923247D4A980C1D654B50CBD09E00.d.0431109759AA29AB18243B5DCB10160A.e.12290","ELEMENT":"f.73F923247D4A980C1D654B50CBD09E00.d.0431109759AA29AB18243B5DCB10160A.e.12290"}]}
RESULT: {"script":"<script> [8489 bytes]","args":[{"element-6066-11e4-a52e-4f735466cecf":"f.73F923247D4A980C1D654B50CBD09E00.d.0431109759AA29AB18243B5DCB10160A.e.12290","ELEMENT":"f.73F923247D4A980C1D654B50CBD09E00.d.0431109759AA29AB18243B5DCB10160A.e.12290"}]}
COMMAND: POST /session/2fbb17261cc6fb074d1493bb698829b1/element - {"using":"xpath","value":"//input[contains(@id ,\"yardId-inner\")]"}
COMMAND: GET /session/2fbb17261cc6fb074d1493bb698829b1/screenshot - {}
RESULT: {"using":"xpath","value":"//input[contains(@id ,\"yardId-inner\")]"}
COMMAND: GET /session/2fbb17261cc6fb074d1493bb698829b1/element/f.73F923247D4A980C1D654B50CBD09E00.d.0431109759AA29AB18243B5DCB10160A.e.12290/enabled - {}
RESULT: {}
RESULT: {}
COMMAND: POST /session/2fbb17261cc6fb074d1493bb698829b1/element/f.73F923247D4A980C1D654B50CBD09E00.d.0431109759AA29AB18243B5DCB10160A.e.12290/clear - {}
COMMAND: GET /session/2fbb17261cc6fb074d1493bb698829b1/screenshot - {}
RESULT: {}
COMMAND: POST /session/2fbb17261cc6fb074d1493bb698829b1/element/f.73F923247D4A980C1D654B50CBD09E00.d.0431109759AA29AB18243B5DCB10160A.e.12290/value - {"text":"WebdriverYardh82nxi"}
COMMAND: GET /session/2fbb17261cc6fb074d1493bb698829b1/screenshot - {}
RESULT: {}
RESULT: {"text":"WebdriverYardh82nxi"}
COMMAND: GET /session/2fbb17261cc6fb074d1493bb698829b1/screenshot - {}
RESULT: {}
RESULT: {}
COMMAND: POST /session/2fbb17261cc6fb074d1493bb698829b1/element - {"using":"xpath","value":"//input[contains(@id ,\"customerNumber-inner\")]"}
RESULT: {"using":"xpath","value":"//input[contains(@id ,\"customerNumber-inner\")]"}
COMMAND: POST /session/2fbb17261cc6fb074d1493bb698829b1/element/f.73F923247D4A980C1D654B50CBD09E00.d.0431109759AA29AB18243B5DCB10160A.e.12284/value - {"text":"WebdriverPartner6lsih"}
COMMAND: POST /session/2fbb17261cc6fb074d1493bb698829b1/actions - {"actions":[{"id":"action97","type":"key","parameters":{},"actions":[{"type":"keyDown","value":""},{"type":"pause","duration":10},{"type":"keyUp","value":""}]}]}
RESULT: {"actions":[{"id":"action97","type":"key","parameters":{},"actions":[{"type":"keyDown","value":""},{"type":"pause","duration":10},{"type":"keyUp","value":""}]}]}
COMMAND: GET /session/2fbb17261cc6fb074d1493bb698829b1/screenshot - {}
RESULT: {"text":"WebdriverPartner6lsih"}
COMMAND: GET /session/2fbb17261cc6fb074d1493bb698829b1/screenshot - {}
RESULT: {}
RESULT: {}
COMMAND: POST /session/2fbb17261cc6fb074d1493bb698829b1/element/f.73F923247D4A980C1D654B50CBD09E00.d.0431109759AA29AB18243B5DCB10160A.e.12290/clear - {}
RESULT: {}
COMMAND: POST /session/2fbb17261cc6fb074d1493bb698829b1/element/f.73F923247D4A980C1D654B50CBD09E00.d.0431109759AA29AB18243B5DCB10160A.e.12290/clear - {}
COMMAND: GET /session/2fbb17261cc6fb074d1493bb698829b1/screenshot - {}
RESULT: {}
COMMAND: POST /session/2fbb17261cc6fb074d1493bb698829b1/element/f.73F923247D4A980C1D654B50CBD09E00.d.0431109759AA29AB18243B5DCB10160A.e.12290/value - {"text":"WebdriverYardh82nxi"}
COMMAND: GET /session/2fbb17261cc6fb074d1493bb698829b1/screenshot - {}
RESULT: {}
RESULT: {"text":"WebdriverYardh82nxi"}
COMMAND: GET /session/2fbb17261cc6fb074d1493bb698829b1/screenshot - {}
RESULT: {}
RESULT: {}
COMMAND: POST /session/2fbb17261cc6fb074d1493bb698829b1/actions - {"actions":[{"id":"action98","type":"key","parameters":{},"actions":[{"type":"keyDown","value":""},{"type":"pause","duration":10},{"type":"keyUp","value":""}]}]}
RESULT: {"actions":[{"id":"action98","type":"key","parameters":{},"actions":[{"type":"keyDown","value":""},{"type":"pause","duration":10},{"type":"keyUp","value":""}]}]}
COMMAND: GET /session/2fbb17261cc6fb074d1493bb698829b1/screenshot - {}
RESULT: {}
COMMAND: POST /session/2fbb17261cc6fb074d1493bb698829b1/actions - {"actions":[{"id":"action99","type":"key","parameters":{},"actions":[{"type":"keyDown","value":""},{"type":"pause","duration":10},{"type":"keyUp","value":""}]}]}
RESULT: {"actions":[{"id":"action99","type":"key","parameters":{},"actions":[{"type":"keyDown","value":""},{"type":"pause","duration":10},{"type":"keyUp","value":""}]}]}
COMMAND: GET /session/2fbb17261cc6fb074d1493bb698829b1/screenshot - {}
RESULT: {}
COMMAND: GET /session/2fbb17261cc6fb074d1493bb698829b1/element/f.73F923247D4A980C1D654B50CBD09E00.d.0431109759AA29AB18243B5DCB10160A.e.12284/property/value - {}
RESULT: {}
COMMAND: POST /session/2fbb17261cc6fb074d1493bb698829b1/element - {"using":"xpath","value":"//input[contains(@id ,\"requestSiteId-inner\")]"}
COMMAND: GET /session/2fbb17261cc6fb074d1493bb698829b1/screenshot - {}
RESULT: {"using":"xpath","value":"//input[contains(@id ,\"requestSiteId-inner\")]"}
COMMAND: POST /session/2fbb17261cc6fb074d1493bb698829b1/element/f.73F923247D4A980C1D654B50CBD09E00.d.0431109759AA29AB18243B5DCB10160A.e.12283/value - {"text":"WebdriverSitefc5qkg"}
RESULT: {}
RESULT: {"text":"WebdriverSitefc5qkg"}
COMMAND: GET /session/2fbb17261cc6fb074d1493bb698829b1/screenshot - {}
RESULT: {}
COMMAND: POST /session/2fbb17261cc6fb074d1493bb698829b1/actions - {"actions":[{"id":"action100","type":"key","parameters":{},"actions":[{"type":"keyDown","value":""},{"type":"pause","duration":10},{"type":"keyUp","value":""}]}]}
RESULT: {"actions":[{"id":"action100","type":"key","parameters":{},"actions":[{"type":"keyDown","value":""},{"type":"pause","duration":10},{"type":"keyUp","value":""}]}]}
COMMAND: GET /session/2fbb17261cc6fb074d1493bb698829b1/screenshot - {}
RESULT: {}
COMMAND: POST /session/2fbb17261cc6fb074d1493bb698829b1/element - {"using":"xpath","value":"//button[contains(@data-kt ,\"requestItemAddOverflowToolbarButton\")]"}
RESULT: {"using":"xpath","value":"//button[contains(@data-kt ,\"requestItemAddOverflowToolbarButton\")]"}
COMMAND: POST /session/2fbb17261cc6fb074d1493bb698829b1/element/f.73F923247D4A980C1D654B50CBD09E00.d.0431109759AA29AB18243B5DCB10160A.e.12469/click - {}
RESULT: {}
COMMAND: GET /session/2fbb17261cc6fb074d1493bb698829b1/screenshot - {}
RESULT: {}
COMMAND: POST /session/2fbb17261cc6fb074d1493bb698829b1/actions - {"actions":[{"id":"action101","type":"key","parameters":{},"actions":[{"type":"keyDown","value":""},{"type":"pause","duration":10},{"type":"keyUp","value":""}]}]}
RESULT: {"actions":[{"id":"action101","type":"key","parameters":{},"actions":[{"type":"keyDown","value":""},{"type":"pause","duration":10},{"type":"keyUp","value":""}]}]}
COMMAND: POST /session/2fbb17261cc6fb074d1493bb698829b1/actions - {"actions":[{"id":"action102","type":"key","parameters":{},"actions":[{"type":"keyDown","value":""},{"type":"pause","duration":10},{"type":"keyUp","value":""}]}]}
COMMAND: GET /session/2fbb17261cc6fb074d1493bb698829b1/screenshot - {}
RESULT: {"actions":[{"id":"action102","type":"key","parameters":{},"actions":[{"type":"keyDown","value":""},{"type":"pause","duration":10},{"type":"keyUp","value":""}]}]}
COMMAND: GET /session/2fbb17261cc6fb074d1493bb698829b1/screenshot - {}
RESULT: {}
RESULT: {}
COMMAND: POST /session/2fbb17261cc6fb074d1493bb698829b1/element - {"using":"xpath","value":"(//input[contains(@id ,\"requestItemsTable-0-inner\")])[1]"}
RESULT: {"using":"xpath","value":"(//input[contains(@id ,\"requestItemsTable-0-inner\")])[1]"}
COMMAND: POST /session/2fbb17261cc6fb074d1493bb698829b1/element/f.73F923247D4A980C1D654B50CBD09E00.d.0431109759AA29AB18243B5DCB10160A.e.12473/clear - {}
RESULT: {}
COMMAND: POST /session/2fbb17261cc6fb074d1493bb698829b1/element/f.73F923247D4A980C1D654B50CBD09E00.d.0431109759AA29AB18243B5DCB10160A.e.12473/value - {"text":"catalogItemqis74"}
COMMAND: GET /session/2fbb17261cc6fb074d1493bb698829b1/screenshot - {}
RESULT: {"text":"catalogItemqis74"}
COMMAND: GET /session/2fbb17261cc6fb074d1493bb698829b1/screenshot - {}
RESULT: {}
RESULT: {}
COMMAND: POST /session/2fbb17261cc6fb074d1493bb698829b1/actions - {"actions":[{"id":"action103","type":"key","parameters":{},"actions":[{"type":"keyDown","value":""},{"type":"pause","duration":10},{"type":"keyUp","value":""}]}]}
RESULT: {"actions":[{"id":"action103","type":"key","parameters":{},"actions":[{"type":"keyDown","value":""},{"type":"pause","duration":10},{"type":"keyUp","value":""}]}]}
COMMAND: GET /session/2fbb17261cc6fb074d1493bb698829b1/screenshot - {}
RESULT: {}
COMMAND: POST /session/2fbb17261cc6fb074d1493bb698829b1/execute/async - {"script":"<script> [1562 bytes]","args":[{"selector":{"controlType":"sap.ui.core.Icon","viewName":"etm.portal.ui.managerequests.view.NewRequest","properties":{"src":{"regex":{"source":"slim\\-arrow\\-down"}}},"ancestor":{"controlType":"sap.m.Button","viewName":"etm.portal.ui.managerequests.view.NewRequest","properties":{"icon":"sap-icon://slim-arrow-down"}}},"wdio_ui5_key":"etmportal.ui.managerequests.view.NewRequestsap.ui.core.Icon{\"src\":{\"regex\":{\"source\":\"slim\\\\-arrow\\\\-down\"}}}{\"controlType\":\"sap.m.Button\",\"viewName\":\"etm.portal.ui.managerequests.view.NewRequest\",\"properties\":{\"icon\":\"sap-icon://slim-arrow-down\"}}"}]}
RESULT: {"script":"<script> [1562 bytes]","args":[{"selector":{"controlType":"sap.ui.core.Icon","viewName":"etm.portal.ui.managerequests.view.NewRequest","properties":{"src":{"regex":{"source":"slim\\-arrow\\-down"}}},"ancestor":{"controlType":"sap.m.Button","viewName":"etm.portal.ui.managerequests.view.NewRequest","properties":{"icon":"sap-icon://slim-arrow-down"}}},"wdio_ui5_key":"etmportal.ui.managerequests.view.NewRequestsap.ui.core.Icon{\"src\":{\"regex\":{\"source\":\"slim\\\\-arrow\\\\-down\"}}}{\"controlType\":\"sap.m.Button\",\"viewName\":\"etm.portal.ui.managerequests.view.NewRequest\",\"properties\":{\"icon\":\"sap-icon://slim-arrow-down\"}}"}]}
RESULT: undefined
COMMAND: POST /session/2fbb17261cc6fb074d1493bb698829b1/element - {"using":"xpath","value":"//div[contains(@data-kt ,\"splitAllocationObjectStatus\")]"}
RESULT: {"using":"xpath","value":"//div[contains(@data-kt ,\"splitAllocationObjectStatus\")]"}
COMMAND: POST /session/2fbb17261cc6fb074d1493bb698829b1/elements - {"using":"xpath","value":"//div[contains(@data-kt ,\"splitAllocationObjectStatus\")]"}
RESULT: {"using":"xpath","value":"//div[contains(@data-kt ,\"splitAllocationObjectStatus\")]"}
COMMAND: POST /session/2fbb17261cc6fb074d1493bb698829b1/execute/async - {"script":"<script> [1562 bytes]","args":[{"selector":{"controlType":"sap.ui.core.Icon","viewName":"etm.portal.ui.managerequests.view.NewRequest","properties":{"src":{"regex":{"source":"message\\-error"}}}},"wdio_ui5_key":"etmportal.ui.managerequests.view.NewRequestsap.ui.core.Icon{\"src\":{\"regex\":{\"source\":\"message\\\\-error\"}}}"}]}
RESULT: {"script":"<script> [1562 bytes]","args":[{"selector":{"controlType":"sap.ui.core.Icon","viewName":"etm.portal.ui.managerequests.view.NewRequest","properties":{"src":{"regex":{"source":"message\\-error"}}}},"wdio_ui5_key":"etmportal.ui.managerequests.view.NewRequestsap.ui.core.Icon{\"src\":{\"regex\":{\"source\":\"message\\\\-error\"}}}"}]}
RESULT: undefined
COMMAND: POST /session/2fbb17261cc6fb074d1493bb698829b1/element - {"using":"xpath","value":"//*[@id=\"__status4-__xmlview59--requestItemsTable-0-icon\"]"}
RESULT: {"using":"xpath","value":"//*[@id=\"__status4-__xmlview59--requestItemsTable-0-icon\"]"}
COMMAND: POST /session/2fbb17261cc6fb074d1493bb698829b1/element/f.73F923247D4A980C1D654B50CBD09E00.d.0431109759AA29AB18243B5DCB10160A.e.12487/click - {}
RESULT: {}
COMMAND: POST /session/2fbb17261cc6fb074d1493bb698829b1/execute/async - {"script":"<script> [1562 bytes]","args":[{"selector":{"controlType":"sap.ui.core.Icon","viewName":"etm.portal.ui.managerequests.view.NewRequest","properties":{"src":{"regex":{"source":"slim\\-arrow\\-down"}}},"searchOpenDialogs":true,"ancestor":{"id":"costObjectAdminTypeComboBox","viewName":"etm.portal.ui.managerequests.view.NewRequest","searchOpenDialogs":true}},"wdio_ui5_key":"etmportal.ui.managerequests.view.NewRequestsap.ui.core.Icon{\"src\":{\"regex\":{\"source\":\"slim\\\\-arrow\\\\-down\"}}}{\"id\":\"costObjectAdminTypeComboBox\",\"viewName\":\"etm.portal.ui.managerequests.view.NewRequest\",\"searchOpenDialogs\":true}"}]}
COMMAND: GET /session/2fbb17261cc6fb074d1493bb698829b1/screenshot - {}
RESULT: {"script":"<script> [1562 bytes]","args":[{"selector":{"controlType":"sap.ui.core.Icon","viewName":"etm.portal.ui.managerequests.view.NewRequest","properties":{"src":{"regex":{"source":"slim\\-arrow\\-down"}}},"searchOpenDialogs":true,"ancestor":{"id":"costObjectAdminTypeComboBox","viewName":"etm.portal.ui.managerequests.view.NewRequest","searchOpenDialogs":true}},"wdio_ui5_key":"etmportal.ui.managerequests.view.NewRequestsap.ui.core.Icon{\"src\":{\"regex\":{\"source\":\"slim\\\\-arrow\\\\-down\"}}}{\"id\":\"costObjectAdminTypeComboBox\",\"viewName\":\"etm.portal.ui.managerequests.view.NewRequest\",\"searchOpenDialogs\":true}"}]}
RESULT: undefined
COMMAND: POST /session/2fbb17261cc6fb074d1493bb698829b1/element - {"using":"xpath","value":"//*[@id=\"__xmlview59--costObjectAdminTypeComboBox-arrow\"]"}
RESULT: {}
RESULT: {"using":"xpath","value":"//*[@id=\"__xmlview59--costObjectAdminTypeComboBox-arrow\"]"}
COMMAND: POST /session/2fbb17261cc6fb074d1493bb698829b1/element/f.73F923247D4A980C1D654B50CBD09E00.d.0431109759AA29AB18243B5DCB10160A.e.12492/click - {}
RESULT: {}
COMMAND: POST /session/2fbb17261cc6fb074d1493bb698829b1/execute/async - {"script":"<script> [1562 bytes]","args":[{"selector":{"controlType":"sap.m.StandardListItem","viewName":"etm.portal.ui.managerequests.view.NewRequest","properties":{"title":"Cost Center"},"searchOpenDialogs":true,"interaction":{"idSuffix":"titleText"}},"wdio_ui5_key":"etmportal.ui.managerequests.view.NewRequestsap.m.StandardListItem{\"title\":\"Cost Center\"}"}]}
COMMAND: GET /session/2fbb17261cc6fb074d1493bb698829b1/screenshot - {}
RESULT: {"script":"<script> [1562 bytes]","args":[{"selector":{"controlType":"sap.m.StandardListItem","viewName":"etm.portal.ui.managerequests.view.NewRequest","properties":{"title":"Cost Center"},"searchOpenDialogs":true,"interaction":{"idSuffix":"titleText"}},"wdio_ui5_key":"etmportal.ui.managerequests.view.NewRequestsap.m.StandardListItem{\"title\":\"Cost Center\"}"}]}
RESULT: undefined
COMMAND: POST /session/2fbb17261cc6fb074d1493bb698829b1/element - {"using":"xpath","value":"//*[@id=\"__item421\"]"}
RESULT: {}
RESULT: {"using":"xpath","value":"//*[@id=\"__item421\"]"}
COMMAND: POST /session/2fbb17261cc6fb074d1493bb698829b1/element/f.73F923247D4A980C1D654B50CBD09E00.d.0431109759AA29AB18243B5DCB10160A.e.12495/click - {}
RESULT: {}
COMMAND: GET /session/2fbb17261cc6fb074d1493bb698829b1/screenshot - {}
RESULT: {}
COMMAND: POST /session/2fbb17261cc6fb074d1493bb698829b1/execute/async - {"script":"<script> [1562 bytes]","args":[{"selector":{"controlType":"sap.ui.core.Icon","viewName":"etm.portal.ui.managerequests.view.NewRequest","properties":{"src":{"regex":{"source":"value\\-help"}}},"searchOpenDialogs":true},"wdio_ui5_key":"etmportal.ui.managerequests.view.NewRequestsap.ui.core.Icon{\"src\":{\"regex\":{\"source\":\"value\\\\-help\"}}}"}]}
RESULT: {"script":"<script> [1562 bytes]","args":[{"selector":{"controlType":"sap.ui.core.Icon","viewName":"etm.portal.ui.managerequests.view.NewRequest","properties":{"src":{"regex":{"source":"value\\-help"}}},"searchOpenDialogs":true},"wdio_ui5_key":"etmportal.ui.managerequests.view.NewRequestsap.ui.core.Icon{\"src\":{\"regex\":{\"source\":\"value\\\\-help\"}}}"}]}
RESULT: undefined
COMMAND: POST /session/2fbb17261cc6fb074d1493bb698829b1/element - {"using":"xpath","value":"//*[@id=\"__xmlview59--costObjectIdComboBox-vhi\"]"}
RESULT: {"using":"xpath","value":"//*[@id=\"__xmlview59--costObjectIdComboBox-vhi\"]"}
COMMAND: POST /session/2fbb17261cc6fb074d1493bb698829b1/element/f.73F923247D4A980C1D654B50CBD09E00.d.0431109759AA29AB18243B5DCB10160A.e.12502/click - {}
RESULT: {}
COMMAND: POST /session/2fbb17261cc6fb074d1493bb698829b1/execute/async - {"script":"<script> [1562 bytes]","args":[{"selector":{"controlType":"sap.m.SearchField","properties":{"placeholder":"Search"},"searchOpenDialogs":true,"interaction":{"idSuffix":"I"}},"wdio_ui5_key":"sapm.SearchField{\"placeholder\":\"Search\"}"}]}
COMMAND: GET /session/2fbb17261cc6fb074d1493bb698829b1/screenshot - {}
RESULT: {"script":"<script> [1562 bytes]","args":[{"selector":{"controlType":"sap.m.SearchField","properties":{"placeholder":"Search"},"searchOpenDialogs":true,"interaction":{"idSuffix":"I"}},"wdio_ui5_key":"sapm.SearchField{\"placeholder\":\"Search\"}"}]}
RESULT: undefined
COMMAND: POST /session/2fbb17261cc6fb074d1493bb698829b1/execute/async - {"script":"<script> [776 bytes]","args":[{"enterText":"10001010","selector":{"controlType":"sap.m.SearchField","properties":{"placeholder":"Search"},"searchOpenDialogs":true,"interaction":{"idSuffix":"I"}},"clearTextFirst":true,"interactionType":"ENTER_TEXT"}]}
RESULT: {}
RESULT: {"script":"<script> [776 bytes]","args":[{"enterText":"10001010","selector":{"controlType":"sap.m.SearchField","properties":{"placeholder":"Search"},"searchOpenDialogs":true,"interaction":{"idSuffix":"I"}},"clearTextFirst":true,"interactionType":"ENTER_TEXT"}]}
COMMAND: POST /session/2fbb17261cc6fb074d1493bb698829b1/actions - {"actions":[{"id":"action104","type":"key","parameters":{},"actions":[{"type":"keyDown","value":""},{"type":"pause","duration":10},{"type":"keyUp","value":""}]}]}
RESULT: {"actions":[{"id":"action104","type":"key","parameters":{},"actions":[{"type":"keyDown","value":""},{"type":"pause","duration":10},{"type":"keyUp","value":""}]}]}
COMMAND: GET /session/2fbb17261cc6fb074d1493bb698829b1/screenshot - {}
RESULT: {}
COMMAND: POST /session/2fbb17261cc6fb074d1493bb698829b1/execute/async - {"script":"<script> [1562 bytes]","args":[{"selector":{"controlType":"sap.m.Text","bindingPath":{"path":"/C_CostCtrValueHelp(CostCenter='10001010',ControllingArea='Z001')","propertyPath":"CostCenterName","modelName":"CostCenterModel"},"searchOpenDialogs":true},"wdio_ui5_key":"sapm.Text{\"path\":\"/C_CostCtrValueHelp(CostCenter='10001010',ControllingArea='Z001')\",\"propertyPath\":\"CostCenterName\",\"modelName\":\"CostCenterModel\"}"}]}
RESULT: {"script":"<script> [1562 bytes]","args":[{"selector":{"controlType":"sap.m.Text","bindingPath":{"path":"/C_CostCtrValueHelp(CostCenter='10001010',ControllingArea='Z001')","propertyPath":"CostCenterName","modelName":"CostCenterModel"},"searchOpenDialogs":true},"wdio_ui5_key":"sapm.Text{\"path\":\"/C_CostCtrValueHelp(CostCenter='10001010',ControllingArea='Z001')\",\"propertyPath\":\"CostCenterName\",\"modelName\":\"CostCenterModel\"}"}]}
RESULT: undefined
COMMAND: POST /session/2fbb17261cc6fb074d1493bb698829b1/element - {"using":"xpath","value":"//*[@id=\"__text291-__clone550\"]"}
RESULT: {"using":"xpath","value":"//*[@id=\"__text291-__clone550\"]"}
COMMAND: POST /session/2fbb17261cc6fb074d1493bb698829b1/element/f.73F923247D4A980C1D654B50CBD09E00.d.0431109759AA29AB18243B5DCB10160A.e.12541/click - {}
RESULT: {}
COMMAND: POST /session/2fbb17261cc6fb074d1493bb698829b1/execute/async - {"script":"<script> [1562 bytes]","args":[{"selector":{"controlType":"sap.m.Button","properties":{"text":"OK"},"searchOpenDialogs":true,"interaction":{"idSuffix":"BDI-content"}},"wdio_ui5_key":"sapm.Button{\"text\":\"OK\"}"}]}
COMMAND: GET /session/2fbb17261cc6fb074d1493bb698829b1/screenshot - {}
RESULT: {"script":"<script> [1562 bytes]","args":[{"selector":{"controlType":"sap.m.Button","properties":{"text":"OK"},"searchOpenDialogs":true,"interaction":{"idSuffix":"BDI-content"}},"wdio_ui5_key":"sapm.Button{\"text\":\"OK\"}"}]}
RESULT: undefined
COMMAND: POST /session/2fbb17261cc6fb074d1493bb698829b1/element - {"using":"xpath","value":"//*[@id=\"__dialog1-ok\"]"}
RESULT: {}
RESULT: {"using":"xpath","value":"//*[@id=\"__dialog1-ok\"]"}
COMMAND: POST /session/2fbb17261cc6fb074d1493bb698829b1/element/f.73F923247D4A980C1D654B50CBD09E00.d.0431109759AA29AB18243B5DCB10160A.e.12543/click - {}
RESULT: {}
COMMAND: GET /session/2fbb17261cc6fb074d1493bb698829b1/screenshot - {}
RESULT: {}
COMMAND: POST /session/2fbb17261cc6fb074d1493bb698829b1/execute/async - {"script":"<script> [1562 bytes]","args":[{"selector":{"controlType":"sap.m.Button","viewName":"etm.portal.ui.managerequests.view.NewRequest","i18NText":{"propertyName":"text","key":"save"},"searchOpenDialogs":true,"interaction":{"idSuffix":"BDI-content"}},"wdio_ui5_key":"etmportal.ui.managerequests.view.NewRequestsap.m.Button{\"propertyName\":\"text\",\"key\":\"save\"}"}]}
RESULT: {"script":"<script> [1562 bytes]","args":[{"selector":{"controlType":"sap.m.Button","viewName":"etm.portal.ui.managerequests.view.NewRequest","i18NText":{"propertyName":"text","key":"save"},"searchOpenDialogs":true,"interaction":{"idSuffix":"BDI-content"}},"wdio_ui5_key":"etmportal.ui.managerequests.view.NewRequestsap.m.Button{\"propertyName\":\"text\",\"key\":\"save\"}"}]}
RESULT: undefined
COMMAND: POST /session/2fbb17261cc6fb074d1493bb698829b1/element - {"using":"xpath","value":"//*[@id=\"__button24\"]"}
RESULT: {"using":"xpath","value":"//*[@id=\"__button24\"]"}
COMMAND: POST /session/2fbb17261cc6fb074d1493bb698829b1/element/f.73F923247D4A980C1D654B50CBD09E00.d.0431109759AA29AB18243B5DCB10160A.e.12547/click - {}
RESULT: {}
COMMAND: GET /session/2fbb17261cc6fb074d1493bb698829b1/screenshot - {}
RESULT: {}
COMMAND: POST /session/2fbb17261cc6fb074d1493bb698829b1/element - {"using":"xpath","value":"(//bdi[contains(text() ,\"Save\")])[1]"}
RESULT: {"using":"xpath","value":"(//bdi[contains(text() ,\"Save\")])[1]"}
COMMAND: POST /session/2fbb17261cc6fb074d1493bb698829b1/element/f.73F923247D4A980C1D654B50CBD09E00.d.0431109759AA29AB18243B5DCB10160A.e.12549/click - {}
RESULT: {}
COMMAND: GET /session/2fbb17261cc6fb074d1493bb698829b1/screenshot - {}
RESULT: {}
COMMAND: POST /session/2fbb17261cc6fb074d1493bb698829b1/execute/async - {"script":"<script> [1562 bytes]","args":[{"selector":{"controlType":"sap.m.Title","properties":{"text":"Success"},"searchOpenDialogs":true},"wdio_ui5_key":"sapm.Title{\"text\":\"Success\"}"}]}
RESULT: {"script":"<script> [1562 bytes]","args":[{"selector":{"controlType":"sap.m.Title","properties":{"text":"Success"},"searchOpenDialogs":true},"wdio_ui5_key":"sapm.Title{\"text\":\"Success\"}"}]}
RESULT: undefined
COMMAND: POST /session/2fbb17261cc6fb074d1493bb698829b1/execute/async - {"script":"<script> [6424 bytes]","args":[{"element-6066-11e4-a52e-4f735466cecf":"f.73F923247D4A980C1D654B50CBD09E00.d.0431109759AA29AB18243B5DCB10160A.e.12552"},"getText",[]]}
RESULT: {"script":"<script> [6424 bytes]","args":[{"element-6066-11e4-a52e-4f735466cecf":"f.73F923247D4A980C1D654B50CBD09E00.d.0431109759AA29AB18243B5DCB10160A.e.12552"},"getText",[]]}
COMMAND: POST /session/2fbb17261cc6fb074d1493bb698829b1/execute/async - {"script":"<script> [1562 bytes]","args":[{"selector":{"controlType":"sap.m.Button","properties":{"text":"Close"},"searchOpenDialogs":true,"interaction":{"idSuffix":"BDI-content"}},"wdio_ui5_key":"sapm.Button{\"text\":\"Close\"}"}]}
RESULT: {"script":"<script> [1562 bytes]","args":[{"selector":{"controlType":"sap.m.Button","properties":{"text":"Close"},"searchOpenDialogs":true,"interaction":{"idSuffix":"BDI-content"}},"wdio_ui5_key":"sapm.Button{\"text\":\"Close\"}"}]}
RESULT: undefined
COMMAND: POST /session/2fbb17261cc6fb074d1493bb698829b1/element - {"using":"xpath","value":"//*[@id=\"__mbox-btn-0\"]"}
RESULT: {"using":"xpath","value":"//*[@id=\"__mbox-btn-0\"]"}
COMMAND: POST /session/2fbb17261cc6fb074d1493bb698829b1/element/f.73F923247D4A980C1D654B50CBD09E00.d.0431109759AA29AB18243B5DCB10160A.e.12551/click - {}
RESULT: {}
COMMAND: GET /session/2fbb17261cc6fb074d1493bb698829b1/screenshot - {}
RESULT: {}
COMMAND: POST /session/2fbb17261cc6fb074d1493bb698829b1/execute/async - {"script":"<script> [1562 bytes]","args":[{"selector":{"controlType":"sap.m.Text","viewName":"etm.portal.ui.managerequests.view.Detail","bindingPath":{"propertyPath":"NO","modelName":"catalogModel"}},"wdio_ui5_key":"etmportal.ui.managerequests.view.Detailsap.m.Text{\"propertyPath\":\"NO\",\"modelName\":\"catalogModel\"}"}]}
RESULT: {"script":"<script> [1562 bytes]","args":[{"selector":{"controlType":"sap.m.Text","viewName":"etm.portal.ui.managerequests.view.Detail","bindingPath":{"propertyPath":"NO","modelName":"catalogModel"}},"wdio_ui5_key":"etmportal.ui.managerequests.view.Detailsap.m.Text{\"propertyPath\":\"NO\",\"modelName\":\"catalogModel\"}"}]}
RESULT: undefined
COMMAND: POST /session/2fbb17261cc6fb074d1493bb698829b1/execute/async - {"script":"<script> [6424 bytes]","args":[{"element-6066-11e4-a52e-4f735466cecf":"f.73F923247D4A980C1D654B50CBD09E00.d.0431109759AA29AB18243B5DCB10160A.e.12678"},"getText",[]]}
RESULT: {"script":"<script> [6424 bytes]","args":[{"element-6066-11e4-a52e-4f735466cecf":"f.73F923247D4A980C1D654B50CBD09E00.d.0431109759AA29AB18243B5DCB10160A.e.12678"},"getText",[]]}
COMMAND: POST /session/2fbb17261cc6fb074d1493bb698829b1/execute/async - {"script":"<script> [1562 bytes]","args":[{"selector":{"controlType":"sap.ui.core.Icon","viewName":"etm.portal.ui.managerequests.view.Detail","properties":{"src":{"regex":{"source":"date\\-time"}}},"ancestor":{"controlType":"sap.m.ColumnListItem","viewName":"etm.portal.ui.managerequests.view.Detail","bindingPath":{"path":"/SmartRequestItemsPlanningBoard(ITEM=10m,REQUEST='20097')"},"ancestor":{"id":"requestItemsTable","viewName":"etm.portal.ui.managerequests.view.Detail"}}},"wdio_ui5_key":"etmportal.ui.managerequests.view.Detailsap.ui.core.Icon{\"src\":{\"regex\":{\"source\":\"date\\\\-time\"}}}{\"controlType\":\"sap.m.ColumnListItem\",\"viewName\":\"etm.portal.ui.managerequests.view.Detail\",\"bindingPath\":{\"path\":\"/SmartRequestItemsPlanningBoard(ITEM=10m,REQUEST='20097')\"},\"ancestor\":{\"id\":\"requestItemsTable\",\"viewName\":\"etm.portal.ui.managerequests.view.Detail\"}}"}]}
RESULT: {"script":"<script> [1562 bytes]","args":[{"selector":{"controlType":"sap.ui.core.Icon","viewName":"etm.portal.ui.managerequests.view.Detail","properties":{"src":{"regex":{"source":"date\\-time"}}},"ancestor":{"controlType":"sap.m.ColumnListItem","viewName":"etm.portal.ui.managerequests.view.Detail","bindingPath":{"path":"/SmartRequestItemsPlanningBoard(ITEM=10m,REQUEST='20097')"},"ancestor":{"id":"requestItemsTable","viewName":"etm.portal.ui.managerequests.view.Detail"}}},"wdio_ui5_key":"etmportal.ui.managerequests.view.Detailsap.ui.core.Icon{\"src\":{\"regex\":{\"source\":\"date\\\\-time\"}}}{\"controlType\":\"sap.m.ColumnListItem\",\"viewName\":\"etm.portal.ui.managerequests.view.Detail\",\"bindingPath\":{\"path\":\"/SmartRequestItemsPlanningBoard(ITEM=10m,REQUEST='20097')\"},\"ancestor\":{\"id\":\"requestItemsTable\",\"viewName\":\"etm.portal.ui.managerequests.view.Detail\"}}"}]}
RESULT: undefined
COMMAND: POST /session/2fbb17261cc6fb074d1493bb698829b1/element - {"using":"xpath","value":"//*[@id=\"__button39-__clone589-img\"]"}
RESULT: {"using":"xpath","value":"//*[@id=\"__button39-__clone589-img\"]"}
COMMAND: POST /session/2fbb17261cc6fb074d1493bb698829b1/element/f.73F923247D4A980C1D654B50CBD09E00.d.0431109759AA29AB18243B5DCB10160A.e.12679/click - {}
RESULT: {}
COMMAND: POST /session/2fbb17261cc6fb074d1493bb698829b1/execute/async - {"script":"<script> [1562 bytes]","args":[{"selector":{"controlType":"sap.m.Button","viewName":"etm.portal.ui.managerequests.view.Detail","properties":{"text":"Close"},"searchOpenDialogs":true,"interaction":{"idSuffix":"BDI-content"}},"wdio_ui5_key":"etmportal.ui.managerequests.view.Detailsap.m.Button{\"text\":\"Close\"}"}]}
COMMAND: GET /session/2fbb17261cc6fb074d1493bb698829b1/screenshot - {}
RESULT: {"script":"<script> [1562 bytes]","args":[{"selector":{"controlType":"sap.m.Button","viewName":"etm.portal.ui.managerequests.view.Detail","properties":{"text":"Close"},"searchOpenDialogs":true,"interaction":{"idSuffix":"BDI-content"}},"wdio_ui5_key":"etmportal.ui.managerequests.view.Detailsap.m.Button{\"text\":\"Close\"}"}]}
RESULT: undefined
COMMAND: POST /session/2fbb17261cc6fb074d1493bb698829b1/element - {"using":"xpath","value":"//*[@id=\"__button49\"]"}
RESULT: {}
RESULT: {"using":"xpath","value":"//*[@id=\"__button49\"]"}
COMMAND: POST /session/2fbb17261cc6fb074d1493bb698829b1/element/f.73F923247D4A980C1D654B50CBD09E00.d.0431109759AA29AB18243B5DCB10160A.e.12681/click - {}
RESULT: {}
COMMAND: POST /session/2fbb17261cc6fb074d1493bb698829b1/refresh - {}
COMMAND: GET /session/2fbb17261cc6fb074d1493bb698829b1/screenshot - {}
RESULT: {}
COMMAND: GET /session/2fbb17261cc6fb074d1493bb698829b1/screenshot - {}
RESULT: {}
RESULT: {}
COMMAND: POST /session/2fbb17261cc6fb074d1493bb698829b1/execute/async - {"script":"<script> [189 bytes]","args":[]}
RESULT: {"script":"<script> [189 bytes]","args":[]}
COMMAND: POST /session/2fbb17261cc6fb074d1493bb698829b1/execute/async - {"script":"<script> [123 bytes]","args":[]}
RESULT: {"script":"<script> [123 bytes]","args":[]}
COMMAND: POST /session/2fbb17261cc6fb074d1493bb698829b1/timeouts - {"script":"<number>"}
RESULT: {"script":"<number>"}
COMMAND: GET /session/2fbb17261cc6fb074d1493bb698829b1/timeouts - {}
RESULT: {}
RESULT: undefined
COMMAND: POST /session/2fbb17261cc6fb074d1493bb698829b1/execute/async - {"script":"<script> [2676 bytes]","args":[]}
RESULT: {"script":"<script> [2676 bytes]","args":[]}
COMMAND: POST /session/2fbb17261cc6fb074d1493bb698829b1/execute/async - {"script":"<script> [2342 bytes]","args":[{"protocol":"http","hostname":"0.0.0.0","path":"/","capabilities":{"browserName":"chrome","goog:chromeOptions":{"binary":"C:\\Program Files\\Google\\Chrome\\Application\\chrome.exe","args":["--start-maximized"]}},"logLevel":"warn","connectionRetryTimeout":120000,"connectionRetryCount":3,"logLevels":{},"enableDirectConnect":true,"strictSSL":true,"_":"65 more keys: [\"cacheDir\",\"port\",\"requestedCapabilities\",\"automationProtocol\",\"baseUrl\",\"waitforInterval\",\"waitforTimeout\",\"onReload\",\"beforeCommand\",\"afterCommand\",\"rootDir\",\"specs\",\"suites\",\"exclude\",\"groupLogsByTestSpec\",\"excludeDriverLogs\",\"bail\",\"framework\",\"reporters\",\"services\",\"maxInstances\",\"maxInstancesPerCapability\",\"injectGlobals\",\"filesToWatch\",\"execArgv\",\"runnerEnv\",\"runner\",\"shard\",\"specFileRetries\",\"specFileRetriesDelay\",\"specFileRetriesDeferred\",\"reporterSyncInterval\",\"reporterSyncTimeout\",\"cucumberFeaturesWithLineNumbers\",\"autoCompileOpts\",\"mochaOpts\",\"jasmineOpts\",\"cucumberOpts\",\"onPrepare\",\"onWorkerStart\",\"onWorkerEnd\",\"before\",\"beforeSession\",\"beforeSuite\",\"beforeHook\",\"beforeTest\",\"afterTest\",\"afterHook\",\"afterSuite\",\"afterSession\",\"after\",\"onComplete\",\"beforeAssertion\",\"afterAssertion\",\"beforeFeature\",\"beforeScenario\",\"beforeStep\",\"afterStep\",\"afterScenario\",\"afterFeature\",\"_\",\"suite\",\"$0\",\"ignoredWorkerServices\",\"wdi5\"]"}]}
RESULT: {"script":"<script> [2342 bytes]","args":[{"protocol":"http","hostname":"0.0.0.0","path":"/","capabilities":{"browserName":"chrome","goog:chromeOptions":{"binary":"C:\\Program Files\\Google\\Chrome\\Application\\chrome.exe","args":["--start-maximized"]}},"logLevel":"warn","connectionRetryTimeout":120000,"connectionRetryCount":3,"logLevels":{},"enableDirectConnect":true,"strictSSL":true,"_":"65 more keys: [\"cacheDir\",\"port\",\"requestedCapabilities\",\"automationProtocol\",\"baseUrl\",\"waitforInterval\",\"waitforTimeout\",\"onReload\",\"beforeCommand\",\"afterCommand\",\"rootDir\",\"specs\",\"suites\",\"exclude\",\"groupLogsByTestSpec\",\"excludeDriverLogs\",\"bail\",\"framework\",\"reporters\",\"services\",\"maxInstances\",\"maxInstancesPerCapability\",\"injectGlobals\",\"filesToWatch\",\"execArgv\",\"runnerEnv\",\"runner\",\"shard\",\"specFileRetries\",\"specFileRetriesDelay\",\"specFileRetriesDeferred\",\"reporterSyncInterval\",\"reporterSyncTimeout\",\"cucumberFeaturesWithLineNumbers\",\"autoCompileOpts\",\"mochaOpts\",\"jasmineOpts\",\"cucumberOpts\",\"onPrepare\",\"onWorkerStart\",\"onWorkerEnd\",\"before\",\"beforeSession\",\"beforeSuite\",\"beforeHook\",\"beforeTest\",\"afterTest\",\"afterHook\",\"afterSuite\",\"afterSession\",\"after\",\"onComplete\",\"beforeAssertion\",\"afterAssertion\",\"beforeFeature\",\"beforeScenario\",\"beforeStep\",\"afterStep\",\"afterScenario\",\"afterFeature\",\"_\",\"suite\",\"$0\",\"ignoredWorkerServices\",\"wdi5\"]"}]}
COMMAND: POST /session/2fbb17261cc6fb074d1493bb698829b1/execute/async - {"script":"<script> [21126 bytes]","args":[35000]}
RESULT: {"script":"<script> [21126 bytes]","args":[35000]}
]]></system-out>
    </testcase>
    <testcase classname="chrome.136_0_7103_93.windows.Process_request_items_into_new_quotation_US120163" name="Should process the request into a new quotation" time="56.483">
      <system-out><![CDATA[
COMMAND: GET /session/2fbb17261cc6fb074d1493bb698829b1/window - {}
RESULT: {}
COMMAND: POST /session/2fbb17261cc6fb074d1493bb698829b1/element - {"using":"xpath","value":"//span[contains(@id ,\"detailHeaderTitle-_actionsToolbar-overflowButton-img\")]"}
RESULT: {"using":"xpath","value":"//span[contains(@id ,\"detailHeaderTitle-_actionsToolbar-overflowButton-img\")]"}
COMMAND: POST /session/2fbb17261cc6fb074d1493bb698829b1/element/f.73F923247D4A980C1D654B50CBD09E00.d.40811AE20DE87DE17D194A082AE22E77.e.12901/click - {}
RESULT: {}
COMMAND: GET /session/2fbb17261cc6fb074d1493bb698829b1/screenshot - {}
RESULT: {}
COMMAND: POST /session/2fbb17261cc6fb074d1493bb698829b1/element - {"using":"xpath","value":"//span[contains(@id ,\"actionsMenuButton-internalSplitBtn-arrowButton-img\")]"}
RESULT: {"using":"xpath","value":"//span[contains(@id ,\"actionsMenuButton-internalSplitBtn-arrowButton-img\")]"}
COMMAND: POST /session/2fbb17261cc6fb074d1493bb698829b1/element/f.73F923247D4A980C1D654B50CBD09E00.d.40811AE20DE87DE17D194A082AE22E77.e.12905/click - {}
RESULT: {}
COMMAND: GET /session/2fbb17261cc6fb074d1493bb698829b1/screenshot - {}
RESULT: {}
COMMAND: POST /session/2fbb17261cc6fb074d1493bb698829b1/actions - {"actions":[{"id":"action105","type":"key","parameters":{},"actions":[{"type":"keyDown","value":""},{"type":"pause","duration":10},{"type":"keyUp","value":""}]}]}
RESULT: {"actions":[{"id":"action105","type":"key","parameters":{},"actions":[{"type":"keyDown","value":""},{"type":"pause","duration":10},{"type":"keyUp","value":""}]}]}
COMMAND: GET /session/2fbb17261cc6fb074d1493bb698829b1/screenshot - {}
RESULT: {}
COMMAND: POST /session/2fbb17261cc6fb074d1493bb698829b1/actions - {"actions":[{"id":"action106","type":"key","parameters":{},"actions":[{"type":"keyDown","value":""},{"type":"pause","duration":10},{"type":"keyUp","value":""}]}]}
RESULT: {"actions":[{"id":"action106","type":"key","parameters":{},"actions":[{"type":"keyDown","value":""},{"type":"pause","duration":10},{"type":"keyUp","value":""}]}]}
COMMAND: GET /session/2fbb17261cc6fb074d1493bb698829b1/screenshot - {}
RESULT: {}
COMMAND: POST /session/2fbb17261cc6fb074d1493bb698829b1/actions - {"actions":[{"id":"action107","type":"key","parameters":{},"actions":[{"type":"keyDown","value":""},{"type":"pause","duration":10},{"type":"keyUp","value":""}]}]}
RESULT: {"actions":[{"id":"action107","type":"key","parameters":{},"actions":[{"type":"keyDown","value":""},{"type":"pause","duration":10},{"type":"keyUp","value":""}]}]}
COMMAND: GET /session/2fbb17261cc6fb074d1493bb698829b1/screenshot - {}
RESULT: {}
COMMAND: POST /session/2fbb17261cc6fb074d1493bb698829b1/actions - {"actions":[{"id":"action108","type":"key","parameters":{},"actions":[{"type":"keyDown","value":""},{"type":"pause","duration":10},{"type":"keyUp","value":""}]}]}
RESULT: {"actions":[{"id":"action108","type":"key","parameters":{},"actions":[{"type":"keyDown","value":""},{"type":"pause","duration":10},{"type":"keyUp","value":""}]}]}
COMMAND: GET /session/2fbb17261cc6fb074d1493bb698829b1/screenshot - {}
RESULT: {}
COMMAND: POST /session/2fbb17261cc6fb074d1493bb698829b1/actions - {"actions":[{"id":"action109","type":"key","parameters":{},"actions":[{"type":"keyDown","value":""},{"type":"pause","duration":10},{"type":"keyUp","value":""}]}]}
RESULT: {"actions":[{"id":"action109","type":"key","parameters":{},"actions":[{"type":"keyDown","value":""},{"type":"pause","duration":10},{"type":"keyUp","value":""}]}]}
COMMAND: GET /session/2fbb17261cc6fb074d1493bb698829b1/screenshot - {}
RESULT: {}
COMMAND: GET /session/2fbb17261cc6fb074d1493bb698829b1/window/handles - {}
RESULT: {}
COMMAND: GET /session/2fbb17261cc6fb074d1493bb698829b1/window/handles - {}
RESULT: {}
COMMAND: POST /session/2fbb17261cc6fb074d1493bb698829b1/window - {"handle":"A0B6669434D2F33C804705602FE59C37"}
RESULT: {"handle":"A0B6669434D2F33C804705602FE59C37"}
COMMAND: GET /session/2fbb17261cc6fb074d1493bb698829b1/url - {}
RESULT: {}
COMMAND: GET /session/2fbb17261cc6fb074d1493bb698829b1/screenshot - {}
RESULT: {}
COMMAND: POST /session/2fbb17261cc6fb074d1493bb698829b1/element - {"using":"xpath","value":"//span[contains(text(), \"Header Billing Items\")]"}
RESULT: {"using":"xpath","value":"//span[contains(text(), \"Header Billing Items\")]"}
COMMAND: POST /session/2fbb17261cc6fb074d1493bb698829b1/element/f.A0B6669434D2F33C804705602FE59C37.d.87FF41D7C0761F5C51D9F146C1A2A29B.e.13125/click - {}
RESULT: {}
COMMAND: GET /session/2fbb17261cc6fb074d1493bb698829b1/screenshot - {}
RESULT: {}
COMMAND: POST /session/2fbb17261cc6fb074d1493bb698829b1/element - {"using":"xpath","value":"//span[contains(@id ,\"contractItemsSmartTable-header-inner\")]"}
RESULT: {"using":"xpath","value":"//span[contains(@id ,\"contractItemsSmartTable-header-inner\")]"}
COMMAND: GET /session/2fbb17261cc6fb074d1493bb698829b1/element/f.A0B6669434D2F33C804705602FE59C37.d.87FF41D7C0761F5C51D9F146C1A2A29B.e.13130/text - {}
RESULT: {}
COMMAND: POST /session/2fbb17261cc6fb074d1493bb698829b1/element - {"using":"xpath","value":"//span[@class=\"sapMObjStatusText\"][contains(text(), \"proposed\")]"}
RESULT: {"using":"xpath","value":"//span[@class=\"sapMObjStatusText\"][contains(text(), \"proposed\")]"}
COMMAND: GET /session/2fbb17261cc6fb074d1493bb698829b1/element/f.A0B6669434D2F33C804705602FE59C37.d.87FF41D7C0761F5C51D9F146C1A2A29B.e.13131/text - {}
RESULT: {}
COMMAND: DELETE /session/2fbb17261cc6fb074d1493bb698829b1/window - {}
RESULT: {}
COMMAND: POST /session/2fbb17261cc6fb074d1493bb698829b1/window - {"handle":"73F923247D4A980C1D654B50CBD09E00"}
RESULT: {"handle":"73F923247D4A980C1D654B50CBD09E00"}
COMMAND: GET /session/2fbb17261cc6fb074d1493bb698829b1/url - {}
RESULT: {}
COMMAND: GET /session/2fbb17261cc6fb074d1493bb698829b1/screenshot - {}
RESULT: {}
]]></system-out>
    </testcase>
    <testcase classname="chrome.136_0_7103_93.windows.Process_request_items_into_new_quotation_US120163" name="Should navigate back to the request and check the request and item statuses" time="27.631">
      <system-out><![CDATA[
COMMAND: POST /session/2fbb17261cc6fb074d1493bb698829b1/refresh - {}
RESULT: {}
COMMAND: GET /session/2fbb17261cc6fb074d1493bb698829b1/screenshot - {}
RESULT: {}
COMMAND: POST /session/2fbb17261cc6fb074d1493bb698829b1/execute/async - {"script":"<script> [189 bytes]","args":[]}
RESULT: {"script":"<script> [189 bytes]","args":[]}
COMMAND: POST /session/2fbb17261cc6fb074d1493bb698829b1/execute/async - {"script":"<script> [123 bytes]","args":[]}
RESULT: {"script":"<script> [123 bytes]","args":[]}
COMMAND: POST /session/2fbb17261cc6fb074d1493bb698829b1/timeouts - {"script":"<number>"}
RESULT: {"script":"<number>"}
COMMAND: GET /session/2fbb17261cc6fb074d1493bb698829b1/timeouts - {}
RESULT: {}
RESULT: undefined
COMMAND: POST /session/2fbb17261cc6fb074d1493bb698829b1/execute/async - {"script":"<script> [2676 bytes]","args":[]}
RESULT: {"script":"<script> [2676 bytes]","args":[]}
COMMAND: POST /session/2fbb17261cc6fb074d1493bb698829b1/execute/async - {"script":"<script> [2342 bytes]","args":[{"protocol":"http","hostname":"0.0.0.0","path":"/","capabilities":{"browserName":"chrome","goog:chromeOptions":{"binary":"C:\\Program Files\\Google\\Chrome\\Application\\chrome.exe","args":["--start-maximized"]}},"logLevel":"warn","connectionRetryTimeout":120000,"connectionRetryCount":3,"logLevels":{},"enableDirectConnect":true,"strictSSL":true,"_":"65 more keys: [\"cacheDir\",\"port\",\"requestedCapabilities\",\"automationProtocol\",\"baseUrl\",\"waitforInterval\",\"waitforTimeout\",\"onReload\",\"beforeCommand\",\"afterCommand\",\"rootDir\",\"specs\",\"suites\",\"exclude\",\"groupLogsByTestSpec\",\"excludeDriverLogs\",\"bail\",\"framework\",\"reporters\",\"services\",\"maxInstances\",\"maxInstancesPerCapability\",\"injectGlobals\",\"filesToWatch\",\"execArgv\",\"runnerEnv\",\"runner\",\"shard\",\"specFileRetries\",\"specFileRetriesDelay\",\"specFileRetriesDeferred\",\"reporterSyncInterval\",\"reporterSyncTimeout\",\"cucumberFeaturesWithLineNumbers\",\"autoCompileOpts\",\"mochaOpts\",\"jasmineOpts\",\"cucumberOpts\",\"onPrepare\",\"onWorkerStart\",\"onWorkerEnd\",\"before\",\"beforeSession\",\"beforeSuite\",\"beforeHook\",\"beforeTest\",\"afterTest\",\"afterHook\",\"afterSuite\",\"afterSession\",\"after\",\"onComplete\",\"beforeAssertion\",\"afterAssertion\",\"beforeFeature\",\"beforeScenario\",\"beforeStep\",\"afterStep\",\"afterScenario\",\"afterFeature\",\"_\",\"suite\",\"$0\",\"ignoredWorkerServices\",\"wdi5\"]"}]}
RESULT: {"script":"<script> [2342 bytes]","args":[{"protocol":"http","hostname":"0.0.0.0","path":"/","capabilities":{"browserName":"chrome","goog:chromeOptions":{"binary":"C:\\Program Files\\Google\\Chrome\\Application\\chrome.exe","args":["--start-maximized"]}},"logLevel":"warn","connectionRetryTimeout":120000,"connectionRetryCount":3,"logLevels":{},"enableDirectConnect":true,"strictSSL":true,"_":"65 more keys: [\"cacheDir\",\"port\",\"requestedCapabilities\",\"automationProtocol\",\"baseUrl\",\"waitforInterval\",\"waitforTimeout\",\"onReload\",\"beforeCommand\",\"afterCommand\",\"rootDir\",\"specs\",\"suites\",\"exclude\",\"groupLogsByTestSpec\",\"excludeDriverLogs\",\"bail\",\"framework\",\"reporters\",\"services\",\"maxInstances\",\"maxInstancesPerCapability\",\"injectGlobals\",\"filesToWatch\",\"execArgv\",\"runnerEnv\",\"runner\",\"shard\",\"specFileRetries\",\"specFileRetriesDelay\",\"specFileRetriesDeferred\",\"reporterSyncInterval\",\"reporterSyncTimeout\",\"cucumberFeaturesWithLineNumbers\",\"autoCompileOpts\",\"mochaOpts\",\"jasmineOpts\",\"cucumberOpts\",\"onPrepare\",\"onWorkerStart\",\"onWorkerEnd\",\"before\",\"beforeSession\",\"beforeSuite\",\"beforeHook\",\"beforeTest\",\"afterTest\",\"afterHook\",\"afterSuite\",\"afterSession\",\"after\",\"onComplete\",\"beforeAssertion\",\"afterAssertion\",\"beforeFeature\",\"beforeScenario\",\"beforeStep\",\"afterStep\",\"afterScenario\",\"afterFeature\",\"_\",\"suite\",\"$0\",\"ignoredWorkerServices\",\"wdi5\"]"}]}
COMMAND: POST /session/2fbb17261cc6fb074d1493bb698829b1/execute/async - {"script":"<script> [21126 bytes]","args":[35000]}
RESULT: {"script":"<script> [21126 bytes]","args":[35000]}
COMMAND: POST /session/2fbb17261cc6fb074d1493bb698829b1/execute/async - {"script":"<script> [1562 bytes]","args":[{"selector":{"controlType":"sap.m.Text","viewName":"etm.portal.ui.managerequests.view.Detail","bindingPath":{"path":"/SmartRequestItemsPlanningBoard(ITEM=10m,REQUEST='20097')","propertyPath":"STATUS_DESC"}},"wdio_ui5_key":"etmportal.ui.managerequests.view.Detailsap.m.Text{\"path\":\"/SmartRequestItemsPlanningBoard(ITEM=10m,REQUEST='20097')\",\"propertyPath\":\"STATUS_DESC\"}"}]}
RESULT: {"script":"<script> [1562 bytes]","args":[{"selector":{"controlType":"sap.m.Text","viewName":"etm.portal.ui.managerequests.view.Detail","bindingPath":{"path":"/SmartRequestItemsPlanningBoard(ITEM=10m,REQUEST='20097')","propertyPath":"STATUS_DESC"}},"wdio_ui5_key":"etmportal.ui.managerequests.view.Detailsap.m.Text{\"path\":\"/SmartRequestItemsPlanningBoard(ITEM=10m,REQUEST='20097')\",\"propertyPath\":\"STATUS_DESC\"}"}]}
RESULT: undefined
COMMAND: POST /session/2fbb17261cc6fb074d1493bb698829b1/execute/async - {"script":"<script> [6424 bytes]","args":[{"element-6066-11e4-a52e-4f735466cecf":"f.73F923247D4A980C1D654B50CBD09E00.d.F22FA9ECEAF68921F5D13A8762731F97.e.13344"},"getText",[]]}
RESULT: {"script":"<script> [6424 bytes]","args":[{"element-6066-11e4-a52e-4f735466cecf":"f.73F923247D4A980C1D654B50CBD09E00.d.F22FA9ECEAF68921F5D13A8762731F97.e.13344"},"getText",[]]}
COMMAND: POST /session/2fbb17261cc6fb074d1493bb698829b1/execute/async - {"script":"<script> [1562 bytes]","args":[{"selector":{"controlType":"sap.m.ObjectStatus","viewName":"etm.portal.ui.managerequests.view.Detail","bindingPath":{"path":"/RequestHeaders('20097')","propertyPath":"LINK_TO_STATUS/DESCRIPTION","modelName":"catalogModel"}},"wdio_ui5_key":"etmportal.ui.managerequests.view.Detailsap.m.ObjectStatus{\"path\":\"/RequestHeaders('20097')\",\"propertyPath\":\"LINK_TO_STATUS/DESCRIPTION\",\"modelName\":\"catalogModel\"}"}]}
RESULT: {"script":"<script> [1562 bytes]","args":[{"selector":{"controlType":"sap.m.ObjectStatus","viewName":"etm.portal.ui.managerequests.view.Detail","bindingPath":{"path":"/RequestHeaders('20097')","propertyPath":"LINK_TO_STATUS/DESCRIPTION","modelName":"catalogModel"}},"wdio_ui5_key":"etmportal.ui.managerequests.view.Detailsap.m.ObjectStatus{\"path\":\"/RequestHeaders('20097')\",\"propertyPath\":\"LINK_TO_STATUS/DESCRIPTION\",\"modelName\":\"catalogModel\"}"}]}
RESULT: undefined
COMMAND: POST /session/2fbb17261cc6fb074d1493bb698829b1/execute/async - {"script":"<script> [6424 bytes]","args":[{"element-6066-11e4-a52e-4f735466cecf":"f.73F923247D4A980C1D654B50CBD09E00.d.F22FA9ECEAF68921F5D13A8762731F97.e.13345"},"getText",[]]}
RESULT: {"script":"<script> [6424 bytes]","args":[{"element-6066-11e4-a52e-4f735466cecf":"f.73F923247D4A980C1D654B50CBD09E00.d.F22FA9ECEAF68921F5D13A8762731F97.e.13345"},"getText",[]]}
COMMAND: DELETE /session/2fbb17261cc6fb074d1493bb698829b1 - {}
RESULT: {}
]]></system-out>
    </testcase>
  </testsuite>
</testsuites>