<?xml version="1.0" encoding="UTF-8"?>
<testsuites tests="48" failures="7" errors="7" skipped="0">
  <testsuite timestamp="2025-04-30T17:17:12" time="1035.965" tests="12" failures="1" errors="1" skipped="0">
    <properties>
      <property name="specId" value="0" />
      <property name="suiteName" value="Billing Transfer - Master data &amp; Intercompany US127250" />
      <property name="capabilities" value="chrome.135_0_7049_96.windows" />
      <property name="file" value="file:///D:/a/1/s/test/specs/BTS/billing-transfer-intercompany.spec.js" />
    </properties>
    <testcase classname="chrome.135_0_7049_96.windows.Billing_Transfer_-_Master_data_&amp;_Intercompany_US127250" name="Should create a new yard" time="124.839">
      <system-out><![CDATA[
COMMAND: POST /session/11c278e322621322209dbd84d797ae8b/window/fullscreen - {}
RESULT: {}
COMMAND: POST /session/11c278e322621322209dbd84d797ae8b/execute/async - {"script":"<script> [1562 bytes]","args":[{"selector":{"controlType":"sap.m.GenericTile","properties":{"header":"Manage Yards"}},"wdio_ui5_key":"sapm.GenericTile{\"header\":\"Manage Yards\"}"}]}
RESULT: {"script":"<script> [1562 bytes]","args":[{"selector":{"controlType":"sap.m.GenericTile","properties":{"header":"Manage Yards"}},"wdio_ui5_key":"sapm.GenericTile{\"header\":\"Manage Yards\"}"}]}
RESULT: undefined
COMMAND: POST /session/11c278e322621322209dbd84d797ae8b/element - {"using":"xpath","value":"//*[@id=\"__tile41\"]"}
RESULT: {"using":"xpath","value":"//*[@id=\"__tile41\"]"}
COMMAND: POST /session/11c278e322621322209dbd84d797ae8b/element/f.1BBDEBF70A0905171D1AD33BCA73C599.d.747F5B6D6D0827A2F7E3B89F5CBC16AB.e.163/click - {}
RESULT: {}
COMMAND: POST /session/11c278e322621322209dbd84d797ae8b/element - {"using":"xpath","value":"//button[@data-kt=\"addNewYardOverflowToolbarButton\"]"}
COMMAND: GET /session/11c278e322621322209dbd84d797ae8b/screenshot - {}
RESULT: {"using":"xpath","value":"//button[@data-kt=\"addNewYardOverflowToolbarButton\"]"}
COMMAND: POST /session/11c278e322621322209dbd84d797ae8b/elements - {"using":"xpath","value":"//button[@data-kt=\"addNewYardOverflowToolbarButton\"]"}
RESULT: {}
RESULT: {"using":"xpath","value":"//button[@data-kt=\"addNewYardOverflowToolbarButton\"]"}
COMMAND: POST /session/11c278e322621322209dbd84d797ae8b/elements - {"using":"xpath","value":"//button[@data-kt=\"addNewYardOverflowToolbarButton\"]"}
RESULT: {"using":"xpath","value":"//button[@data-kt=\"addNewYardOverflowToolbarButton\"]"}
COMMAND: POST /session/11c278e322621322209dbd84d797ae8b/elements - {"using":"xpath","value":"//button[@data-kt=\"addNewYardOverflowToolbarButton\"]"}
RESULT: {"using":"xpath","value":"//button[@data-kt=\"addNewYardOverflowToolbarButton\"]"}
COMMAND: POST /session/11c278e322621322209dbd84d797ae8b/elements - {"using":"xpath","value":"//button[@data-kt=\"addNewYardOverflowToolbarButton\"]"}
RESULT: {"using":"xpath","value":"//button[@data-kt=\"addNewYardOverflowToolbarButton\"]"}
COMMAND: POST /session/11c278e322621322209dbd84d797ae8b/elements - {"using":"xpath","value":"//button[@data-kt=\"addNewYardOverflowToolbarButton\"]"}
RESULT: {"using":"xpath","value":"//button[@data-kt=\"addNewYardOverflowToolbarButton\"]"}
COMMAND: POST /session/11c278e322621322209dbd84d797ae8b/elements - {"using":"xpath","value":"//button[@data-kt=\"addNewYardOverflowToolbarButton\"]"}
RESULT: {"using":"xpath","value":"//button[@data-kt=\"addNewYardOverflowToolbarButton\"]"}
COMMAND: POST /session/11c278e322621322209dbd84d797ae8b/elements - {"using":"xpath","value":"//button[@data-kt=\"addNewYardOverflowToolbarButton\"]"}
RESULT: {"using":"xpath","value":"//button[@data-kt=\"addNewYardOverflowToolbarButton\"]"}
COMMAND: POST /session/11c278e322621322209dbd84d797ae8b/elements - {"using":"xpath","value":"//button[@data-kt=\"addNewYardOverflowToolbarButton\"]"}
RESULT: {"using":"xpath","value":"//button[@data-kt=\"addNewYardOverflowToolbarButton\"]"}
COMMAND: POST /session/11c278e322621322209dbd84d797ae8b/elements - {"using":"xpath","value":"//button[@data-kt=\"addNewYardOverflowToolbarButton\"]"}
RESULT: {"using":"xpath","value":"//button[@data-kt=\"addNewYardOverflowToolbarButton\"]"}
COMMAND: POST /session/11c278e322621322209dbd84d797ae8b/elements - {"using":"xpath","value":"//button[@data-kt=\"addNewYardOverflowToolbarButton\"]"}
RESULT: {"using":"xpath","value":"//button[@data-kt=\"addNewYardOverflowToolbarButton\"]"}
COMMAND: POST /session/11c278e322621322209dbd84d797ae8b/elements - {"using":"xpath","value":"//button[@data-kt=\"addNewYardOverflowToolbarButton\"]"}
RESULT: {"using":"xpath","value":"//button[@data-kt=\"addNewYardOverflowToolbarButton\"]"}
COMMAND: POST /session/11c278e322621322209dbd84d797ae8b/elements - {"using":"xpath","value":"//button[@data-kt=\"addNewYardOverflowToolbarButton\"]"}
RESULT: {"using":"xpath","value":"//button[@data-kt=\"addNewYardOverflowToolbarButton\"]"}
COMMAND: POST /session/11c278e322621322209dbd84d797ae8b/elements - {"using":"xpath","value":"//button[@data-kt=\"addNewYardOverflowToolbarButton\"]"}
RESULT: {"using":"xpath","value":"//button[@data-kt=\"addNewYardOverflowToolbarButton\"]"}
COMMAND: POST /session/11c278e322621322209dbd84d797ae8b/elements - {"using":"xpath","value":"//button[@data-kt=\"addNewYardOverflowToolbarButton\"]"}
RESULT: {"using":"xpath","value":"//button[@data-kt=\"addNewYardOverflowToolbarButton\"]"}
COMMAND: POST /session/11c278e322621322209dbd84d797ae8b/elements - {"using":"xpath","value":"//button[@data-kt=\"addNewYardOverflowToolbarButton\"]"}
RESULT: {"using":"xpath","value":"//button[@data-kt=\"addNewYardOverflowToolbarButton\"]"}
COMMAND: POST /session/11c278e322621322209dbd84d797ae8b/elements - {"using":"xpath","value":"//button[@data-kt=\"addNewYardOverflowToolbarButton\"]"}
RESULT: {"using":"xpath","value":"//button[@data-kt=\"addNewYardOverflowToolbarButton\"]"}
COMMAND: POST /session/11c278e322621322209dbd84d797ae8b/elements - {"using":"xpath","value":"//button[@data-kt=\"addNewYardOverflowToolbarButton\"]"}
RESULT: {"using":"xpath","value":"//button[@data-kt=\"addNewYardOverflowToolbarButton\"]"}
COMMAND: POST /session/11c278e322621322209dbd84d797ae8b/elements - {"using":"xpath","value":"//button[@data-kt=\"addNewYardOverflowToolbarButton\"]"}
RESULT: {"using":"xpath","value":"//button[@data-kt=\"addNewYardOverflowToolbarButton\"]"}
COMMAND: POST /session/11c278e322621322209dbd84d797ae8b/elements - {"using":"xpath","value":"//button[@data-kt=\"addNewYardOverflowToolbarButton\"]"}
RESULT: {"using":"xpath","value":"//button[@data-kt=\"addNewYardOverflowToolbarButton\"]"}
COMMAND: POST /session/11c278e322621322209dbd84d797ae8b/elements - {"using":"xpath","value":"//button[@data-kt=\"addNewYardOverflowToolbarButton\"]"}
RESULT: {"using":"xpath","value":"//button[@data-kt=\"addNewYardOverflowToolbarButton\"]"}
COMMAND: POST /session/11c278e322621322209dbd84d797ae8b/elements - {"using":"xpath","value":"//button[@data-kt=\"addNewYardOverflowToolbarButton\"]"}
RESULT: {"using":"xpath","value":"//button[@data-kt=\"addNewYardOverflowToolbarButton\"]"}
COMMAND: POST /session/11c278e322621322209dbd84d797ae8b/elements - {"using":"xpath","value":"//button[@data-kt=\"addNewYardOverflowToolbarButton\"]"}
RESULT: {"using":"xpath","value":"//button[@data-kt=\"addNewYardOverflowToolbarButton\"]"}
COMMAND: POST /session/11c278e322621322209dbd84d797ae8b/elements - {"using":"xpath","value":"//button[@data-kt=\"addNewYardOverflowToolbarButton\"]"}
RESULT: {"using":"xpath","value":"//button[@data-kt=\"addNewYardOverflowToolbarButton\"]"}
COMMAND: POST /session/11c278e322621322209dbd84d797ae8b/elements - {"using":"xpath","value":"//button[@data-kt=\"addNewYardOverflowToolbarButton\"]"}
RESULT: {"using":"xpath","value":"//button[@data-kt=\"addNewYardOverflowToolbarButton\"]"}
COMMAND: POST /session/11c278e322621322209dbd84d797ae8b/elements - {"using":"xpath","value":"//button[@data-kt=\"addNewYardOverflowToolbarButton\"]"}
RESULT: {"using":"xpath","value":"//button[@data-kt=\"addNewYardOverflowToolbarButton\"]"}
COMMAND: POST /session/11c278e322621322209dbd84d797ae8b/elements - {"using":"xpath","value":"//button[@data-kt=\"addNewYardOverflowToolbarButton\"]"}
RESULT: {"using":"xpath","value":"//button[@data-kt=\"addNewYardOverflowToolbarButton\"]"}
COMMAND: POST /session/11c278e322621322209dbd84d797ae8b/elements - {"using":"xpath","value":"//button[@data-kt=\"addNewYardOverflowToolbarButton\"]"}
RESULT: {"using":"xpath","value":"//button[@data-kt=\"addNewYardOverflowToolbarButton\"]"}
COMMAND: POST /session/11c278e322621322209dbd84d797ae8b/elements - {"using":"xpath","value":"//button[@data-kt=\"addNewYardOverflowToolbarButton\"]"}
RESULT: {"using":"xpath","value":"//button[@data-kt=\"addNewYardOverflowToolbarButton\"]"}
COMMAND: POST /session/11c278e322621322209dbd84d797ae8b/elements - {"using":"xpath","value":"//button[@data-kt=\"addNewYardOverflowToolbarButton\"]"}
RESULT: {"using":"xpath","value":"//button[@data-kt=\"addNewYardOverflowToolbarButton\"]"}
COMMAND: POST /session/11c278e322621322209dbd84d797ae8b/elements - {"using":"xpath","value":"//button[@data-kt=\"addNewYardOverflowToolbarButton\"]"}
RESULT: {"using":"xpath","value":"//button[@data-kt=\"addNewYardOverflowToolbarButton\"]"}
COMMAND: POST /session/11c278e322621322209dbd84d797ae8b/elements - {"using":"xpath","value":"//button[@data-kt=\"addNewYardOverflowToolbarButton\"]"}
RESULT: {"using":"xpath","value":"//button[@data-kt=\"addNewYardOverflowToolbarButton\"]"}
COMMAND: POST /session/11c278e322621322209dbd84d797ae8b/elements - {"using":"xpath","value":"//button[@data-kt=\"addNewYardOverflowToolbarButton\"]"}
RESULT: {"using":"xpath","value":"//button[@data-kt=\"addNewYardOverflowToolbarButton\"]"}
COMMAND: POST /session/11c278e322621322209dbd84d797ae8b/elements - {"using":"xpath","value":"//button[@data-kt=\"addNewYardOverflowToolbarButton\"]"}
RESULT: {"using":"xpath","value":"//button[@data-kt=\"addNewYardOverflowToolbarButton\"]"}
COMMAND: POST /session/11c278e322621322209dbd84d797ae8b/elements - {"using":"xpath","value":"//button[@data-kt=\"addNewYardOverflowToolbarButton\"]"}
RESULT: {"using":"xpath","value":"//button[@data-kt=\"addNewYardOverflowToolbarButton\"]"}
COMMAND: POST /session/11c278e322621322209dbd84d797ae8b/element - {"using":"xpath","value":"//button[@data-kt=\"addNewYardOverflowToolbarButton\"]"}
RESULT: {"using":"xpath","value":"//button[@data-kt=\"addNewYardOverflowToolbarButton\"]"}
COMMAND: POST /session/11c278e322621322209dbd84d797ae8b/execute/sync - {"script":"<script> [8489 bytes]","args":[{"element-6066-11e4-a52e-4f735466cecf":"f.1BBDEBF70A0905171D1AD33BCA73C599.d.747F5B6D6D0827A2F7E3B89F5CBC16AB.e.299","ELEMENT":"f.1BBDEBF70A0905171D1AD33BCA73C599.d.747F5B6D6D0827A2F7E3B89F5CBC16AB.e.299"}]}
RESULT: {"script":"<script> [8489 bytes]","args":[{"element-6066-11e4-a52e-4f735466cecf":"f.1BBDEBF70A0905171D1AD33BCA73C599.d.747F5B6D6D0827A2F7E3B89F5CBC16AB.e.299","ELEMENT":"f.1BBDEBF70A0905171D1AD33BCA73C599.d.747F5B6D6D0827A2F7E3B89F5CBC16AB.e.299"}]}
COMMAND: GET /session/11c278e322621322209dbd84d797ae8b/element/f.1BBDEBF70A0905171D1AD33BCA73C599.d.747F5B6D6D0827A2F7E3B89F5CBC16AB.e.299/enabled - {}
COMMAND: GET /session/11c278e322621322209dbd84d797ae8b/screenshot - {}
RESULT: {}
COMMAND: POST /session/11c278e322621322209dbd84d797ae8b/execute/sync - {"script":"<script> [8489 bytes]","args":[{"element-6066-11e4-a52e-4f735466cecf":"f.1BBDEBF70A0905171D1AD33BCA73C599.d.747F5B6D6D0827A2F7E3B89F5CBC16AB.e.299","ELEMENT":"f.1BBDEBF70A0905171D1AD33BCA73C599.d.747F5B6D6D0827A2F7E3B89F5CBC16AB.e.299"}]}
COMMAND: GET /session/11c278e322621322209dbd84d797ae8b/screenshot - {}
RESULT: {}
RESULT: {"script":"<script> [8489 bytes]","args":[{"element-6066-11e4-a52e-4f735466cecf":"f.1BBDEBF70A0905171D1AD33BCA73C599.d.747F5B6D6D0827A2F7E3B89F5CBC16AB.e.299","ELEMENT":"f.1BBDEBF70A0905171D1AD33BCA73C599.d.747F5B6D6D0827A2F7E3B89F5CBC16AB.e.299"}]}
COMMAND: POST /session/11c278e322621322209dbd84d797ae8b/execute/sync - {"script":"<script> [5351 bytes]","args":[{"element-6066-11e4-a52e-4f735466cecf":"f.1BBDEBF70A0905171D1AD33BCA73C599.d.747F5B6D6D0827A2F7E3B89F5CBC16AB.e.299","ELEMENT":"f.1BBDEBF70A0905171D1AD33BCA73C599.d.747F5B6D6D0827A2F7E3B89F5CBC16AB.e.299"}]}
COMMAND: GET /session/11c278e322621322209dbd84d797ae8b/screenshot - {}
RESULT: {}
RESULT: {"script":"<script> [5351 bytes]","args":[{"element-6066-11e4-a52e-4f735466cecf":"f.1BBDEBF70A0905171D1AD33BCA73C599.d.747F5B6D6D0827A2F7E3B89F5CBC16AB.e.299","ELEMENT":"f.1BBDEBF70A0905171D1AD33BCA73C599.d.747F5B6D6D0827A2F7E3B89F5CBC16AB.e.299"}]}
COMMAND: POST /session/11c278e322621322209dbd84d797ae8b/element/f.1BBDEBF70A0905171D1AD33BCA73C599.d.747F5B6D6D0827A2F7E3B89F5CBC16AB.e.299/click - {}
COMMAND: GET /session/11c278e322621322209dbd84d797ae8b/screenshot - {}
RESULT: {}
RESULT: {}
COMMAND: GET /session/11c278e322621322209dbd84d797ae8b/screenshot - {}
COMMAND: POST /session/11c278e322621322209dbd84d797ae8b/element - {"using":"xpath","value":"//input[@id=\"application-manageyards-display-component---NewYard--yardId-inner\"]"}
RESULT: {}
RESULT: {}
RESULT: {"using":"xpath","value":"//input[@id=\"application-manageyards-display-component---NewYard--yardId-inner\"]"}
COMMAND: POST /session/11c278e322621322209dbd84d797ae8b/element - {"using":"xpath","value":"//input[@id=\"application-manageyards-display-component---NewYard--yardId-inner\"]"}
RESULT: {"using":"xpath","value":"//input[@id=\"application-manageyards-display-component---NewYard--yardId-inner\"]"}
COMMAND: POST /session/11c278e322621322209dbd84d797ae8b/execute/async - {"script":"<script> [1562 bytes]","args":[{"selector":{"id":"application-manageyards-display-component---NewYard--addressDetailDetailsName1","interaction":{"idSuffix":"inner"}},"wdio_ui5_key":"applicationmanageyards-display-component---NewYard--addressDetailDetailsName1"}]}
RESULT: {"script":"<script> [1562 bytes]","args":[{"selector":{"id":"application-manageyards-display-component---NewYard--addressDetailDetailsName1","interaction":{"idSuffix":"inner"}},"wdio_ui5_key":"applicationmanageyards-display-component---NewYard--addressDetailDetailsName1"}]}
RESULT: undefined
COMMAND: POST /session/11c278e322621322209dbd84d797ae8b/execute/async - {"script":"<script> [776 bytes]","args":[{"enterText":"Intercompany Yard wdIO","selector":{"id":"application-manageyards-display-component---NewYard--addressDetailDetailsName1","interaction":{"idSuffix":"inner"}},"clearTextFirst":true,"interactionType":"ENTER_TEXT"}]}
RESULT: {"script":"<script> [776 bytes]","args":[{"enterText":"Intercompany Yard wdIO","selector":{"id":"application-manageyards-display-component---NewYard--addressDetailDetailsName1","interaction":{"idSuffix":"inner"}},"clearTextFirst":true,"interactionType":"ENTER_TEXT"}]}
COMMAND: POST /session/11c278e322621322209dbd84d797ae8b/execute/async - {"script":"<script> [1562 bytes]","args":[{"selector":{"id":"application-manageyards-display-component---NewYard--addressDetailDetailsLanguage-arrow"},"wdio_ui5_key":"applicationmanageyards-display-component---NewYard--addressDetailDetailsLanguage-arrow"}]}
RESULT: {"script":"<script> [1562 bytes]","args":[{"selector":{"id":"application-manageyards-display-component---NewYard--addressDetailDetailsLanguage-arrow"},"wdio_ui5_key":"applicationmanageyards-display-component---NewYard--addressDetailDetailsLanguage-arrow"}]}
RESULT: undefined
COMMAND: POST /session/11c278e322621322209dbd84d797ae8b/element - {"using":"xpath","value":"//*[@id=\"application-manageyards-display-component---NewYard--addressDetailDetailsLanguage-arrow\"]"}
RESULT: {"using":"xpath","value":"//*[@id=\"application-manageyards-display-component---NewYard--addressDetailDetailsLanguage-arrow\"]"}
COMMAND: POST /session/11c278e322621322209dbd84d797ae8b/element/f.1BBDEBF70A0905171D1AD33BCA73C599.d.747F5B6D6D0827A2F7E3B89F5CBC16AB.e.739/click - {}
RESULT: {}
COMMAND: POST /session/11c278e322621322209dbd84d797ae8b/element - {"using":"xpath","value":"//span[contains(text(), \"English\")]"}
COMMAND: GET /session/11c278e322621322209dbd84d797ae8b/screenshot - {}
RESULT: {"using":"xpath","value":"//span[contains(text(), \"English\")]"}
COMMAND: POST /session/11c278e322621322209dbd84d797ae8b/element/f.1BBDEBF70A0905171D1AD33BCA73C599.d.747F5B6D6D0827A2F7E3B89F5CBC16AB.e.740/click - {}
RESULT: {}
RESULT: {}
COMMAND: POST /session/11c278e322621322209dbd84d797ae8b/execute/async - {"script":"<script> [1562 bytes]","args":[{"selector":{"id":"application-manageyards-display-component---NewYard--addressDetailDetailsCity1","interaction":{"idSuffix":"inner"}},"wdio_ui5_key":"applicationmanageyards-display-component---NewYard--addressDetailDetailsCity1"}]}
COMMAND: GET /session/11c278e322621322209dbd84d797ae8b/screenshot - {}
RESULT: {"script":"<script> [1562 bytes]","args":[{"selector":{"id":"application-manageyards-display-component---NewYard--addressDetailDetailsCity1","interaction":{"idSuffix":"inner"}},"wdio_ui5_key":"applicationmanageyards-display-component---NewYard--addressDetailDetailsCity1"}]}
RESULT: undefined
COMMAND: POST /session/11c278e322621322209dbd84d797ae8b/execute/async - {"script":"<script> [776 bytes]","args":[{"enterText":"Rosario","selector":{"id":"application-manageyards-display-component---NewYard--addressDetailDetailsCity1","interaction":{"idSuffix":"inner"}},"clearTextFirst":true,"interactionType":"ENTER_TEXT"}]}
RESULT: {}
RESULT: {"script":"<script> [776 bytes]","args":[{"enterText":"Rosario","selector":{"id":"application-manageyards-display-component---NewYard--addressDetailDetailsCity1","interaction":{"idSuffix":"inner"}},"clearTextFirst":true,"interactionType":"ENTER_TEXT"}]}
COMMAND: POST /session/11c278e322621322209dbd84d797ae8b/execute/async - {"script":"<script> [1562 bytes]","args":[{"selector":{"id":"application-manageyards-display-component---NewYard--addressDetailDetailsCountry-arrow"},"wdio_ui5_key":"applicationmanageyards-display-component---NewYard--addressDetailDetailsCountry-arrow"}]}
RESULT: {"script":"<script> [1562 bytes]","args":[{"selector":{"id":"application-manageyards-display-component---NewYard--addressDetailDetailsCountry-arrow"},"wdio_ui5_key":"applicationmanageyards-display-component---NewYard--addressDetailDetailsCountry-arrow"}]}
RESULT: undefined
COMMAND: POST /session/11c278e322621322209dbd84d797ae8b/element - {"using":"xpath","value":"//*[@id=\"application-manageyards-display-component---NewYard--addressDetailDetailsCountry-arrow\"]"}
RESULT: {"using":"xpath","value":"//*[@id=\"application-manageyards-display-component---NewYard--addressDetailDetailsCountry-arrow\"]"}
COMMAND: POST /session/11c278e322621322209dbd84d797ae8b/element/f.1BBDEBF70A0905171D1AD33BCA73C599.d.747F5B6D6D0827A2F7E3B89F5CBC16AB.e.742/click - {}
RESULT: {}
COMMAND: POST /session/11c278e322621322209dbd84d797ae8b/element - {"using":"xpath","value":"//span[contains(text(), \"Argentina\")]"}
COMMAND: GET /session/11c278e322621322209dbd84d797ae8b/screenshot - {}
RESULT: {"using":"xpath","value":"//span[contains(text(), \"Argentina\")]"}
COMMAND: POST /session/11c278e322621322209dbd84d797ae8b/element/f.1BBDEBF70A0905171D1AD33BCA73C599.d.747F5B6D6D0827A2F7E3B89F5CBC16AB.e.744/click - {}
RESULT: {}
RESULT: {}
COMMAND: POST /session/11c278e322621322209dbd84d797ae8b/execute/async - {"script":"<script> [1562 bytes]","args":[{"selector":{"id":"application-manageyards-display-component---NewYard--addressEditDetailsCostObjectCstType-arrow"},"wdio_ui5_key":"applicationmanageyards-display-component---NewYard--addressEditDetailsCostObjectCstType-arrow"}]}
COMMAND: GET /session/11c278e322621322209dbd84d797ae8b/screenshot - {}
RESULT: {"script":"<script> [1562 bytes]","args":[{"selector":{"id":"application-manageyards-display-component---NewYard--addressEditDetailsCostObjectCstType-arrow"},"wdio_ui5_key":"applicationmanageyards-display-component---NewYard--addressEditDetailsCostObjectCstType-arrow"}]}
RESULT: undefined
COMMAND: POST /session/11c278e322621322209dbd84d797ae8b/element - {"using":"xpath","value":"//*[@id=\"application-manageyards-display-component---NewYard--addressEditDetailsCostObjectCstType-arrow\"]"}
RESULT: {}
RESULT: {"using":"xpath","value":"//*[@id=\"application-manageyards-display-component---NewYard--addressEditDetailsCostObjectCstType-arrow\"]"}
COMMAND: POST /session/11c278e322621322209dbd84d797ae8b/element/f.1BBDEBF70A0905171D1AD33BCA73C599.d.747F5B6D6D0827A2F7E3B89F5CBC16AB.e.745/click - {}
RESULT: {}
COMMAND: POST /session/11c278e322621322209dbd84d797ae8b/element - {"using":"xpath","value":"//span[contains(text(), \"Cost Center\")]"}
COMMAND: GET /session/11c278e322621322209dbd84d797ae8b/screenshot - {}
RESULT: {"using":"xpath","value":"//span[contains(text(), \"Cost Center\")]"}
COMMAND: POST /session/11c278e322621322209dbd84d797ae8b/element/f.1BBDEBF70A0905171D1AD33BCA73C599.d.747F5B6D6D0827A2F7E3B89F5CBC16AB.e.746/click - {}
RESULT: {}
RESULT: {}
COMMAND: GET /session/11c278e322621322209dbd84d797ae8b/screenshot - {}
RESULT: {}
COMMAND: POST /session/11c278e322621322209dbd84d797ae8b/element - {"using":"xpath","value":"//span[@id=\"application-manageyards-display-component---NewYard--addressNewCostObjectCstID-vhi\"]"}
RESULT: {"using":"xpath","value":"//span[@id=\"application-manageyards-display-component---NewYard--addressNewCostObjectCstID-vhi\"]"}
COMMAND: POST /session/11c278e322621322209dbd84d797ae8b/execute/sync - {"script":"<script> [8489 bytes]","args":[{"element-6066-11e4-a52e-4f735466cecf":"f.1BBDEBF70A0905171D1AD33BCA73C599.d.747F5B6D6D0827A2F7E3B89F5CBC16AB.e.750","ELEMENT":"f.1BBDEBF70A0905171D1AD33BCA73C599.d.747F5B6D6D0827A2F7E3B89F5CBC16AB.e.750"}]}
RESULT: {"script":"<script> [8489 bytes]","args":[{"element-6066-11e4-a52e-4f735466cecf":"f.1BBDEBF70A0905171D1AD33BCA73C599.d.747F5B6D6D0827A2F7E3B89F5CBC16AB.e.750","ELEMENT":"f.1BBDEBF70A0905171D1AD33BCA73C599.d.747F5B6D6D0827A2F7E3B89F5CBC16AB.e.750"}]}
COMMAND: POST /session/11c278e322621322209dbd84d797ae8b/execute/async - {"script":"<script> [1562 bytes]","args":[{"selector":{"id":"application-manageyards-display-component---NewYard--addressNewCostObjectCstID-vhi"},"wdio_ui5_key":"applicationmanageyards-display-component---NewYard--addressNewCostObjectCstID-vhi"}]}
COMMAND: GET /session/11c278e322621322209dbd84d797ae8b/screenshot - {}
RESULT: {"script":"<script> [1562 bytes]","args":[{"selector":{"id":"application-manageyards-display-component---NewYard--addressNewCostObjectCstID-vhi"},"wdio_ui5_key":"applicationmanageyards-display-component---NewYard--addressNewCostObjectCstID-vhi"}]}
RESULT: undefined
COMMAND: POST /session/11c278e322621322209dbd84d797ae8b/element - {"using":"xpath","value":"//*[@id=\"application-manageyards-display-component---NewYard--addressNewCostObjectCstID-vhi\"]"}
RESULT: {}
RESULT: {"using":"xpath","value":"//*[@id=\"application-manageyards-display-component---NewYard--addressNewCostObjectCstID-vhi\"]"}
COMMAND: POST /session/11c278e322621322209dbd84d797ae8b/element/f.1BBDEBF70A0905171D1AD33BCA73C599.d.747F5B6D6D0827A2F7E3B89F5CBC16AB.e.750/click - {}
RESULT: {}
COMMAND: GET /session/11c278e322621322209dbd84d797ae8b/screenshot - {}
RESULT: {}
COMMAND: POST /session/11c278e322621322209dbd84d797ae8b/execute/async - {"script":"<script> [1562 bytes]","args":[{"selector":{"controlType":"sap.m.SearchField","properties":{"placeholder":"Search"},"searchOpenDialogs":true,"interaction":{"idSuffix":"I"}},"wdio_ui5_key":"sapm.SearchField{\"placeholder\":\"Search\"}"}]}
RESULT: {"script":"<script> [1562 bytes]","args":[{"selector":{"controlType":"sap.m.SearchField","properties":{"placeholder":"Search"},"searchOpenDialogs":true,"interaction":{"idSuffix":"I"}},"wdio_ui5_key":"sapm.SearchField{\"placeholder\":\"Search\"}"}]}
RESULT: undefined
COMMAND: POST /session/11c278e322621322209dbd84d797ae8b/execute/async - {"script":"<script> [776 bytes]","args":[{"enterText":"10001013","selector":{"controlType":"sap.m.SearchField","properties":{"placeholder":"Search"},"searchOpenDialogs":true,"interaction":{"idSuffix":"I"}},"clearTextFirst":true,"interactionType":"ENTER_TEXT"}]}
RESULT: {"script":"<script> [776 bytes]","args":[{"enterText":"10001013","selector":{"controlType":"sap.m.SearchField","properties":{"placeholder":"Search"},"searchOpenDialogs":true,"interaction":{"idSuffix":"I"}},"clearTextFirst":true,"interactionType":"ENTER_TEXT"}]}
COMMAND: POST /session/11c278e322621322209dbd84d797ae8b/actions - {"actions":[{"id":"action1","type":"key","parameters":{},"actions":[{"type":"keyDown","value":"î€‡"},{"type":"pause","duration":10},{"type":"keyUp","value":"î€‡"}]}]}
RESULT: {"actions":[{"id":"action1","type":"key","parameters":{},"actions":[{"type":"keyDown","value":"î€‡"},{"type":"pause","duration":10},{"type":"keyUp","value":"î€‡"}]}]}
COMMAND: GET /session/11c278e322621322209dbd84d797ae8b/screenshot - {}
RESULT: {}
COMMAND: POST /session/11c278e322621322209dbd84d797ae8b/element - {"using":"xpath","value":"//span[contains(text(), \"General Management\")]"}
RESULT: {"using":"xpath","value":"//span[contains(text(), \"General Management\")]"}
COMMAND: POST /session/11c278e322621322209dbd84d797ae8b/element/f.1BBDEBF70A0905171D1AD33BCA73C599.d.747F5B6D6D0827A2F7E3B89F5CBC16AB.e.791/click - {}
RESULT: {}
COMMAND: GET /session/11c278e322621322209dbd84d797ae8b/screenshot - {}
RESULT: {}
COMMAND: POST /session/11c278e322621322209dbd84d797ae8b/element - {"using":"xpath","value":"//bdi[contains(text(), \"OK\")]"}
RESULT: {"using":"xpath","value":"//bdi[contains(text(), \"OK\")]"}
COMMAND: POST /session/11c278e322621322209dbd84d797ae8b/element/f.1BBDEBF70A0905171D1AD33BCA73C599.d.747F5B6D6D0827A2F7E3B89F5CBC16AB.e.792/click - {}
RESULT: {}
COMMAND: GET /session/11c278e322621322209dbd84d797ae8b/screenshot - {}
RESULT: {}
COMMAND: POST /session/11c278e322621322209dbd84d797ae8b/execute/async - {"script":"<script> [1562 bytes]","args":[{"selector":{"id":"application-manageyards-display-component---NewYard--addressEditDetailsCurrency-arrow"},"wdio_ui5_key":"applicationmanageyards-display-component---NewYard--addressEditDetailsCurrency-arrow"}]}
RESULT: {"script":"<script> [1562 bytes]","args":[{"selector":{"id":"application-manageyards-display-component---NewYard--addressEditDetailsCurrency-arrow"},"wdio_ui5_key":"applicationmanageyards-display-component---NewYard--addressEditDetailsCurrency-arrow"}]}
RESULT: undefined
COMMAND: POST /session/11c278e322621322209dbd84d797ae8b/element - {"using":"xpath","value":"//*[@id=\"application-manageyards-display-component---NewYard--addressEditDetailsCurrency-arrow\"]"}
RESULT: {"using":"xpath","value":"//*[@id=\"application-manageyards-display-component---NewYard--addressEditDetailsCurrency-arrow\"]"}
COMMAND: POST /session/11c278e322621322209dbd84d797ae8b/element/f.1BBDEBF70A0905171D1AD33BCA73C599.d.747F5B6D6D0827A2F7E3B89F5CBC16AB.e.795/click - {}
RESULT: {}
COMMAND: POST /session/11c278e322621322209dbd84d797ae8b/element - {"using":"xpath","value":"//span[contains(text(), \"Euro\")]"}
COMMAND: GET /session/11c278e322621322209dbd84d797ae8b/screenshot - {}
RESULT: {"using":"xpath","value":"//span[contains(text(), \"Euro\")]"}
COMMAND: POST /session/11c278e322621322209dbd84d797ae8b/element/f.1BBDEBF70A0905171D1AD33BCA73C599.d.747F5B6D6D0827A2F7E3B89F5CBC16AB.e.796/click - {}
RESULT: {}
RESULT: {}
COMMAND: POST /session/11c278e322621322209dbd84d797ae8b/execute/async - {"script":"<script> [1562 bytes]","args":[{"selector":{"controlType":"sap.m.Input","viewName":"etm.portal.ui.manageyards.view.New","viewId":"application-manageyards-display-component---NewYard","bindingPath":{"path":"","propertyPath":"/CONTROLLING_AREA","modelName":"NewYardModel"},"interaction":{"idSuffix":"inner"}},"wdio_ui5_key":"etmportal.ui.manageyards.view.Newsap.m.Input{\"path\":\"\",\"propertyPath\":\"/CONTROLLING_AREA\",\"modelName\":\"NewYardModel\"}"}]}
COMMAND: GET /session/11c278e322621322209dbd84d797ae8b/screenshot - {}
RESULT: {"script":"<script> [1562 bytes]","args":[{"selector":{"controlType":"sap.m.Input","viewName":"etm.portal.ui.manageyards.view.New","viewId":"application-manageyards-display-component---NewYard","bindingPath":{"path":"","propertyPath":"/CONTROLLING_AREA","modelName":"NewYardModel"},"interaction":{"idSuffix":"inner"}},"wdio_ui5_key":"etmportal.ui.manageyards.view.Newsap.m.Input{\"path\":\"\",\"propertyPath\":\"/CONTROLLING_AREA\",\"modelName\":\"NewYardModel\"}"}]}
RESULT: undefined
COMMAND: POST /session/11c278e322621322209dbd84d797ae8b/execute/async - {"script":"<script> [776 bytes]","args":[{"enterText":"Z001","selector":{"controlType":"sap.m.Input","viewName":"etm.portal.ui.manageyards.view.New","viewId":"application-manageyards-display-component---NewYard","bindingPath":{"path":"","propertyPath":"/CONTROLLING_AREA","modelName":"NewYardModel"},"interaction":{"idSuffix":"inner"}},"clearTextFirst":true,"interactionType":"ENTER_TEXT"}]}
RESULT: {}
RESULT: {"script":"<script> [776 bytes]","args":[{"enterText":"Z001","selector":{"controlType":"sap.m.Input","viewName":"etm.portal.ui.manageyards.view.New","viewId":"application-manageyards-display-component---NewYard","bindingPath":{"path":"","propertyPath":"/CONTROLLING_AREA","modelName":"NewYardModel"},"interaction":{"idSuffix":"inner"}},"clearTextFirst":true,"interactionType":"ENTER_TEXT"}]}
COMMAND: POST /session/11c278e322621322209dbd84d797ae8b/execute/async - {"script":"<script> [1562 bytes]","args":[{"selector":{"id":"application-manageyards-display-component---NewYard--companyCodeComboBox","interaction":{"idSuffix":"inner"}},"wdio_ui5_key":"applicationmanageyards-display-component---NewYard--companyCodeComboBox"}]}
RESULT: {"script":"<script> [1562 bytes]","args":[{"selector":{"id":"application-manageyards-display-component---NewYard--companyCodeComboBox","interaction":{"idSuffix":"inner"}},"wdio_ui5_key":"applicationmanageyards-display-component---NewYard--companyCodeComboBox"}]}
RESULT: undefined
COMMAND: POST /session/11c278e322621322209dbd84d797ae8b/execute/async - {"script":"<script> [776 bytes]","args":[{"enterText":"1000","selector":{"id":"application-manageyards-display-component---NewYard--companyCodeComboBox","interaction":{"idSuffix":"inner"}},"clearTextFirst":true,"interactionType":"ENTER_TEXT"}]}
RESULT: {"script":"<script> [776 bytes]","args":[{"enterText":"1000","selector":{"id":"application-manageyards-display-component---NewYard--companyCodeComboBox","interaction":{"idSuffix":"inner"}},"clearTextFirst":true,"interactionType":"ENTER_TEXT"}]}
COMMAND: POST /session/11c278e322621322209dbd84d797ae8b/execute/async - {"script":"<script> [1562 bytes]","args":[{"selector":{"controlType":"sap.m.Input","viewName":"etm.portal.ui.manageyards.view.New","viewId":"application-manageyards-display-component---NewYard","bindingPath":{"path":"","propertyPath":"/PLANT","modelName":"NewYardModel"},"interaction":{"idSuffix":"inner"}},"wdio_ui5_key":"etmportal.ui.manageyards.view.Newsap.m.Input{\"path\":\"\",\"propertyPath\":\"/PLANT\",\"modelName\":\"NewYardModel\"}"}]}
RESULT: {"script":"<script> [1562 bytes]","args":[{"selector":{"controlType":"sap.m.Input","viewName":"etm.portal.ui.manageyards.view.New","viewId":"application-manageyards-display-component---NewYard","bindingPath":{"path":"","propertyPath":"/PLANT","modelName":"NewYardModel"},"interaction":{"idSuffix":"inner"}},"wdio_ui5_key":"etmportal.ui.manageyards.view.Newsap.m.Input{\"path\":\"\",\"propertyPath\":\"/PLANT\",\"modelName\":\"NewYardModel\"}"}]}
RESULT: undefined
COMMAND: POST /session/11c278e322621322209dbd84d797ae8b/execute/async - {"script":"<script> [776 bytes]","args":[{"enterText":"1001","selector":{"controlType":"sap.m.Input","viewName":"etm.portal.ui.manageyards.view.New","viewId":"application-manageyards-display-component---NewYard","bindingPath":{"path":"","propertyPath":"/PLANT","modelName":"NewYardModel"},"interaction":{"idSuffix":"inner"}},"clearTextFirst":true,"interactionType":"ENTER_TEXT"}]}
RESULT: {"script":"<script> [776 bytes]","args":[{"enterText":"1001","selector":{"controlType":"sap.m.Input","viewName":"etm.portal.ui.manageyards.view.New","viewId":"application-manageyards-display-component---NewYard","bindingPath":{"path":"","propertyPath":"/PLANT","modelName":"NewYardModel"},"interaction":{"idSuffix":"inner"}},"clearTextFirst":true,"interactionType":"ENTER_TEXT"}]}
COMMAND: POST /session/11c278e322621322209dbd84d797ae8b/execute/async - {"script":"<script> [1562 bytes]","args":[{"selector":{"controlType":"sap.m.Input","viewName":"etm.portal.ui.manageyards.view.New","viewId":"application-manageyards-display-component---NewYard","bindingPath":{"path":"","propertyPath":"/SALES_AREA_VKORG","modelName":"NewYardModel"},"interaction":{"idSuffix":"inner"}},"wdio_ui5_key":"etmportal.ui.manageyards.view.Newsap.m.Input{\"path\":\"\",\"propertyPath\":\"/SALES_AREA_VKORG\",\"modelName\":\"NewYardModel\"}"}]}
RESULT: {"script":"<script> [1562 bytes]","args":[{"selector":{"controlType":"sap.m.Input","viewName":"etm.portal.ui.manageyards.view.New","viewId":"application-manageyards-display-component---NewYard","bindingPath":{"path":"","propertyPath":"/SALES_AREA_VKORG","modelName":"NewYardModel"},"interaction":{"idSuffix":"inner"}},"wdio_ui5_key":"etmportal.ui.manageyards.view.Newsap.m.Input{\"path\":\"\",\"propertyPath\":\"/SALES_AREA_VKORG\",\"modelName\":\"NewYardModel\"}"}]}
RESULT: undefined
COMMAND: POST /session/11c278e322621322209dbd84d797ae8b/execute/async - {"script":"<script> [776 bytes]","args":[{"enterText":"C002","selector":{"controlType":"sap.m.Input","viewName":"etm.portal.ui.manageyards.view.New","viewId":"application-manageyards-display-component---NewYard","bindingPath":{"path":"","propertyPath":"/SALES_AREA_VKORG","modelName":"NewYardModel"},"interaction":{"idSuffix":"inner"}},"clearTextFirst":true,"interactionType":"ENTER_TEXT"}]}
RESULT: {"script":"<script> [776 bytes]","args":[{"enterText":"C002","selector":{"controlType":"sap.m.Input","viewName":"etm.portal.ui.manageyards.view.New","viewId":"application-manageyards-display-component---NewYard","bindingPath":{"path":"","propertyPath":"/SALES_AREA_VKORG","modelName":"NewYardModel"},"interaction":{"idSuffix":"inner"}},"clearTextFirst":true,"interactionType":"ENTER_TEXT"}]}
COMMAND: POST /session/11c278e322621322209dbd84d797ae8b/execute/async - {"script":"<script> [1562 bytes]","args":[{"selector":{"controlType":"sap.m.Input","viewName":"etm.portal.ui.manageyards.view.New","viewId":"application-manageyards-display-component---NewYard","bindingPath":{"path":"","propertyPath":"/SALES_AREA_VTWEG","modelName":"NewYardModel"},"interaction":{"idSuffix":"inner"}},"wdio_ui5_key":"etmportal.ui.manageyards.view.Newsap.m.Input{\"path\":\"\",\"propertyPath\":\"/SALES_AREA_VTWEG\",\"modelName\":\"NewYardModel\"}"}]}
RESULT: {"script":"<script> [1562 bytes]","args":[{"selector":{"controlType":"sap.m.Input","viewName":"etm.portal.ui.manageyards.view.New","viewId":"application-manageyards-display-component---NewYard","bindingPath":{"path":"","propertyPath":"/SALES_AREA_VTWEG","modelName":"NewYardModel"},"interaction":{"idSuffix":"inner"}},"wdio_ui5_key":"etmportal.ui.manageyards.view.Newsap.m.Input{\"path\":\"\",\"propertyPath\":\"/SALES_AREA_VTWEG\",\"modelName\":\"NewYardModel\"}"}]}
RESULT: undefined
COMMAND: POST /session/11c278e322621322209dbd84d797ae8b/execute/async - {"script":"<script> [776 bytes]","args":[{"enterText":"C2","selector":{"controlType":"sap.m.Input","viewName":"etm.portal.ui.manageyards.view.New","viewId":"application-manageyards-display-component---NewYard","bindingPath":{"path":"","propertyPath":"/SALES_AREA_VTWEG","modelName":"NewYardModel"},"interaction":{"idSuffix":"inner"}},"clearTextFirst":true,"interactionType":"ENTER_TEXT"}]}
RESULT: {"script":"<script> [776 bytes]","args":[{"enterText":"C2","selector":{"controlType":"sap.m.Input","viewName":"etm.portal.ui.manageyards.view.New","viewId":"application-manageyards-display-component---NewYard","bindingPath":{"path":"","propertyPath":"/SALES_AREA_VTWEG","modelName":"NewYardModel"},"interaction":{"idSuffix":"inner"}},"clearTextFirst":true,"interactionType":"ENTER_TEXT"}]}
COMMAND: POST /session/11c278e322621322209dbd84d797ae8b/execute/async - {"script":"<script> [1562 bytes]","args":[{"selector":{"controlType":"sap.m.Input","viewName":"etm.portal.ui.manageyards.view.New","viewId":"application-manageyards-display-component---NewYard","bindingPath":{"path":"","propertyPath":"/SALES_AREA_SPART","modelName":"NewYardModel"},"interaction":{"idSuffix":"inner"}},"wdio_ui5_key":"etmportal.ui.manageyards.view.Newsap.m.Input{\"path\":\"\",\"propertyPath\":\"/SALES_AREA_SPART\",\"modelName\":\"NewYardModel\"}"}]}
RESULT: {"script":"<script> [1562 bytes]","args":[{"selector":{"controlType":"sap.m.Input","viewName":"etm.portal.ui.manageyards.view.New","viewId":"application-manageyards-display-component---NewYard","bindingPath":{"path":"","propertyPath":"/SALES_AREA_SPART","modelName":"NewYardModel"},"interaction":{"idSuffix":"inner"}},"wdio_ui5_key":"etmportal.ui.manageyards.view.Newsap.m.Input{\"path\":\"\",\"propertyPath\":\"/SALES_AREA_SPART\",\"modelName\":\"NewYardModel\"}"}]}
RESULT: undefined
COMMAND: POST /session/11c278e322621322209dbd84d797ae8b/execute/async - {"script":"<script> [776 bytes]","args":[{"enterText":"C2","selector":{"controlType":"sap.m.Input","viewName":"etm.portal.ui.manageyards.view.New","viewId":"application-manageyards-display-component---NewYard","bindingPath":{"path":"","propertyPath":"/SALES_AREA_SPART","modelName":"NewYardModel"},"interaction":{"idSuffix":"inner"}},"clearTextFirst":true,"interactionType":"ENTER_TEXT"}]}
RESULT: {"script":"<script> [776 bytes]","args":[{"enterText":"C2","selector":{"controlType":"sap.m.Input","viewName":"etm.portal.ui.manageyards.view.New","viewId":"application-manageyards-display-component---NewYard","bindingPath":{"path":"","propertyPath":"/SALES_AREA_SPART","modelName":"NewYardModel"},"interaction":{"idSuffix":"inner"}},"clearTextFirst":true,"interactionType":"ENTER_TEXT"}]}
COMMAND: POST /session/11c278e322621322209dbd84d797ae8b/execute/async - {"script":"<script> [1562 bytes]","args":[{"selector":{"controlType":"sap.m.Input","viewName":"etm.portal.ui.manageyards.view.New","viewId":"application-manageyards-display-component---NewYard","bindingPath":{"path":"","propertyPath":"/SHIP_POINT","modelName":"NewYardModel"},"interaction":{"idSuffix":"inner"}},"wdio_ui5_key":"etmportal.ui.manageyards.view.Newsap.m.Input{\"path\":\"\",\"propertyPath\":\"/SHIP_POINT\",\"modelName\":\"NewYardModel\"}"}]}
RESULT: {"script":"<script> [1562 bytes]","args":[{"selector":{"controlType":"sap.m.Input","viewName":"etm.portal.ui.manageyards.view.New","viewId":"application-manageyards-display-component---NewYard","bindingPath":{"path":"","propertyPath":"/SHIP_POINT","modelName":"NewYardModel"},"interaction":{"idSuffix":"inner"}},"wdio_ui5_key":"etmportal.ui.manageyards.view.Newsap.m.Input{\"path\":\"\",\"propertyPath\":\"/SHIP_POINT\",\"modelName\":\"NewYardModel\"}"}]}
RESULT: undefined
COMMAND: POST /session/11c278e322621322209dbd84d797ae8b/execute/async - {"script":"<script> [776 bytes]","args":[{"enterText":"1710","selector":{"controlType":"sap.m.Input","viewName":"etm.portal.ui.manageyards.view.New","viewId":"application-manageyards-display-component---NewYard","bindingPath":{"path":"","propertyPath":"/SHIP_POINT","modelName":"NewYardModel"},"interaction":{"idSuffix":"inner"}},"clearTextFirst":true,"interactionType":"ENTER_TEXT"}]}
RESULT: {"script":"<script> [776 bytes]","args":[{"enterText":"1710","selector":{"controlType":"sap.m.Input","viewName":"etm.portal.ui.manageyards.view.New","viewId":"application-manageyards-display-component---NewYard","bindingPath":{"path":"","propertyPath":"/SHIP_POINT","modelName":"NewYardModel"},"interaction":{"idSuffix":"inner"}},"clearTextFirst":true,"interactionType":"ENTER_TEXT"}]}
COMMAND: POST /session/11c278e322621322209dbd84d797ae8b/execute/async - {"script":"<script> [1562 bytes]","args":[{"selector":{"controlType":"sap.m.Input","viewName":"etm.portal.ui.manageyards.view.New","viewId":"application-manageyards-display-component---NewYard","bindingPath":{"path":"","propertyPath":"/DELIVERY_TYPE","modelName":"NewYardModel"},"interaction":{"idSuffix":"inner"}},"wdio_ui5_key":"etmportal.ui.manageyards.view.Newsap.m.Input{\"path\":\"\",\"propertyPath\":\"/DELIVERY_TYPE\",\"modelName\":\"NewYardModel\"}"}]}
RESULT: {"script":"<script> [1562 bytes]","args":[{"selector":{"controlType":"sap.m.Input","viewName":"etm.portal.ui.manageyards.view.New","viewId":"application-manageyards-display-component---NewYard","bindingPath":{"path":"","propertyPath":"/DELIVERY_TYPE","modelName":"NewYardModel"},"interaction":{"idSuffix":"inner"}},"wdio_ui5_key":"etmportal.ui.manageyards.view.Newsap.m.Input{\"path\":\"\",\"propertyPath\":\"/DELIVERY_TYPE\",\"modelName\":\"NewYardModel\"}"}]}
RESULT: undefined
COMMAND: POST /session/11c278e322621322209dbd84d797ae8b/execute/async - {"script":"<script> [776 bytes]","args":[{"enterText":"ZL01","selector":{"controlType":"sap.m.Input","viewName":"etm.portal.ui.manageyards.view.New","viewId":"application-manageyards-display-component---NewYard","bindingPath":{"path":"","propertyPath":"/DELIVERY_TYPE","modelName":"NewYardModel"},"interaction":{"idSuffix":"inner"}},"clearTextFirst":true,"interactionType":"ENTER_TEXT"}]}
RESULT: {"script":"<script> [776 bytes]","args":[{"enterText":"ZL01","selector":{"controlType":"sap.m.Input","viewName":"etm.portal.ui.manageyards.view.New","viewId":"application-manageyards-display-component---NewYard","bindingPath":{"path":"","propertyPath":"/DELIVERY_TYPE","modelName":"NewYardModel"},"interaction":{"idSuffix":"inner"}},"clearTextFirst":true,"interactionType":"ENTER_TEXT"}]}
COMMAND: POST /session/11c278e322621322209dbd84d797ae8b/execute/async - {"script":"<script> [1562 bytes]","args":[{"selector":{"controlType":"sap.m.Input","viewName":"etm.portal.ui.manageyards.view.New","viewId":"application-manageyards-display-component---NewYard","bindingPath":{"path":"","propertyPath":"/AUART","modelName":"NewYardModel"},"interaction":{"idSuffix":"inner"}},"wdio_ui5_key":"etmportal.ui.manageyards.view.Newsap.m.Input{\"path\":\"\",\"propertyPath\":\"/AUART\",\"modelName\":\"NewYardModel\"}"}]}
RESULT: {"script":"<script> [1562 bytes]","args":[{"selector":{"controlType":"sap.m.Input","viewName":"etm.portal.ui.manageyards.view.New","viewId":"application-manageyards-display-component---NewYard","bindingPath":{"path":"","propertyPath":"/AUART","modelName":"NewYardModel"},"interaction":{"idSuffix":"inner"}},"wdio_ui5_key":"etmportal.ui.manageyards.view.Newsap.m.Input{\"path\":\"\",\"propertyPath\":\"/AUART\",\"modelName\":\"NewYardModel\"}"}]}
RESULT: undefined
COMMAND: POST /session/11c278e322621322209dbd84d797ae8b/execute/async - {"script":"<script> [776 bytes]","args":[{"enterText":"TA","selector":{"controlType":"sap.m.Input","viewName":"etm.portal.ui.manageyards.view.New","viewId":"application-manageyards-display-component---NewYard","bindingPath":{"path":"","propertyPath":"/AUART","modelName":"NewYardModel"},"interaction":{"idSuffix":"inner"}},"clearTextFirst":true,"interactionType":"ENTER_TEXT"}]}
RESULT: {"script":"<script> [776 bytes]","args":[{"enterText":"TA","selector":{"controlType":"sap.m.Input","viewName":"etm.portal.ui.manageyards.view.New","viewId":"application-manageyards-display-component---NewYard","bindingPath":{"path":"","propertyPath":"/AUART","modelName":"NewYardModel"},"interaction":{"idSuffix":"inner"}},"clearTextFirst":true,"interactionType":"ENTER_TEXT"}]}
COMMAND: POST /session/11c278e322621322209dbd84d797ae8b/element - {"using":"xpath","value":"//button[@data-kt=\"newYardSaveButton\"]"}
RESULT: {"using":"xpath","value":"//button[@data-kt=\"newYardSaveButton\"]"}
COMMAND: POST /session/11c278e322621322209dbd84d797ae8b/element/f.1BBDEBF70A0905171D1AD33BCA73C599.d.747F5B6D6D0827A2F7E3B89F5CBC16AB.e.724/click - {}
RESULT: {}
COMMAND: GET /session/11c278e322621322209dbd84d797ae8b/screenshot - {}
RESULT: {}
COMMAND: POST /session/11c278e322621322209dbd84d797ae8b/element - {"using":"xpath","value":"//header[contains(@id, 'ObjectPageLayout-headerTitle')]/div[1]/div[2]/div[1]/span[1]"}
RESULT: {"using":"xpath","value":"//header[contains(@id, 'ObjectPageLayout-headerTitle')]/div[1]/div[2]/div[1]/span[1]"}
COMMAND: POST /session/11c278e322621322209dbd84d797ae8b/elements - {"using":"xpath","value":"//header[contains(@id, 'ObjectPageLayout-headerTitle')]/div[1]/div[2]/div[1]/span[1]"}
RESULT: {"using":"xpath","value":"//header[contains(@id, 'ObjectPageLayout-headerTitle')]/div[1]/div[2]/div[1]/span[1]"}
COMMAND: POST /session/11c278e322621322209dbd84d797ae8b/execute/sync - {"script":"<script> [56 bytes]","args":[{"element-6066-11e4-a52e-4f735466cecf":"f.1BBDEBF70A0905171D1AD33BCA73C599.d.747F5B6D6D0827A2F7E3B89F5CBC16AB.e.1021","ELEMENT":"f.1BBDEBF70A0905171D1AD33BCA73C599.d.747F5B6D6D0827A2F7E3B89F5CBC16AB.e.1021"}]}
RESULT: {"script":"<script> [56 bytes]","args":[{"element-6066-11e4-a52e-4f735466cecf":"f.1BBDEBF70A0905171D1AD33BCA73C599.d.747F5B6D6D0827A2F7E3B89F5CBC16AB.e.1021","ELEMENT":"f.1BBDEBF70A0905171D1AD33BCA73C599.d.747F5B6D6D0827A2F7E3B89F5CBC16AB.e.1021"}]}
COMMAND: GET /session/11c278e322621322209dbd84d797ae8b/screenshot - {}
RESULT: {}
COMMAND: POST /session/11c278e322621322209dbd84d797ae8b/element - {"using":"css selector","value":"#shell-header-logo"}
RESULT: {"using":"css selector","value":"#shell-header-logo"}
COMMAND: POST /session/11c278e322621322209dbd84d797ae8b/element/f.1BBDEBF70A0905171D1AD33BCA73C599.d.747F5B6D6D0827A2F7E3B89F5CBC16AB.e.268/click - {}
RESULT: {}
COMMAND: GET /session/11c278e322621322209dbd84d797ae8b/screenshot - {}
RESULT: {}
COMMAND: POST /session/11c278e322621322209dbd84d797ae8b/execute/sync - {"script":"<script> [299 bytes]","args":[["getModel","getResource"]]}
RESULT: {"script":"<script> [299 bytes]","args":[["getModel","getResource"]]}
]]></system-out>
    </testcase>
    <testcase classname="chrome.135_0_7049_96.windows.Billing_Transfer_-_Master_data_&amp;_Intercompany_US127250" name="Should create a new partner" time="127.052">
      <system-out><![CDATA[
COMMAND: POST /session/11c278e322621322209dbd84d797ae8b/window/fullscreen - {}
COMMAND: GET /session/11c278e322621322209dbd84d797ae8b/screenshot - {}
RESULT: {}
COMMAND: POST /session/11c278e322621322209dbd84d797ae8b/execute/async - {"script":"<script> [1562 bytes]","args":[{"selector":{"controlType":"sap.m.GenericTile","properties":{"header":"Manage Partners"}},"wdio_ui5_key":"sapm.GenericTile{\"header\":\"Manage Partners\"}"}]}
RESULT: {}
RESULT: {"script":"<script> [1562 bytes]","args":[{"selector":{"controlType":"sap.m.GenericTile","properties":{"header":"Manage Partners"}},"wdio_ui5_key":"sapm.GenericTile{\"header\":\"Manage Partners\"}"}]}
RESULT: undefined
COMMAND: POST /session/11c278e322621322209dbd84d797ae8b/element - {"using":"xpath","value":"//*[@id=\"__tile38\"]"}
RESULT: {"using":"xpath","value":"//*[@id=\"__tile38\"]"}
COMMAND: POST /session/11c278e322621322209dbd84d797ae8b/element/f.1BBDEBF70A0905171D1AD33BCA73C599.d.747F5B6D6D0827A2F7E3B89F5CBC16AB.e.154/click - {}
RESULT: {}
COMMAND: POST /session/11c278e322621322209dbd84d797ae8b/element - {"using":"xpath","value":"//button[@data-kt=\"addButton\"]"}
COMMAND: GET /session/11c278e322621322209dbd84d797ae8b/screenshot - {}
RESULT: {"using":"xpath","value":"//button[@data-kt=\"addButton\"]"}
COMMAND: POST /session/11c278e322621322209dbd84d797ae8b/elements - {"using":"xpath","value":"//button[@data-kt=\"addButton\"]"}
RESULT: {}
RESULT: {"using":"xpath","value":"//button[@data-kt=\"addButton\"]"}
COMMAND: POST /session/11c278e322621322209dbd84d797ae8b/elements - {"using":"xpath","value":"//button[@data-kt=\"addButton\"]"}
RESULT: {"using":"xpath","value":"//button[@data-kt=\"addButton\"]"}
COMMAND: POST /session/11c278e322621322209dbd84d797ae8b/elements - {"using":"xpath","value":"//button[@data-kt=\"addButton\"]"}
RESULT: {"using":"xpath","value":"//button[@data-kt=\"addButton\"]"}
COMMAND: POST /session/11c278e322621322209dbd84d797ae8b/elements - {"using":"xpath","value":"//button[@data-kt=\"addButton\"]"}
RESULT: {"using":"xpath","value":"//button[@data-kt=\"addButton\"]"}
COMMAND: POST /session/11c278e322621322209dbd84d797ae8b/elements - {"using":"xpath","value":"//button[@data-kt=\"addButton\"]"}
RESULT: {"using":"xpath","value":"//button[@data-kt=\"addButton\"]"}
COMMAND: POST /session/11c278e322621322209dbd84d797ae8b/elements - {"using":"xpath","value":"//button[@data-kt=\"addButton\"]"}
RESULT: {"using":"xpath","value":"//button[@data-kt=\"addButton\"]"}
COMMAND: POST /session/11c278e322621322209dbd84d797ae8b/elements - {"using":"xpath","value":"//button[@data-kt=\"addButton\"]"}
RESULT: {"using":"xpath","value":"//button[@data-kt=\"addButton\"]"}
COMMAND: POST /session/11c278e322621322209dbd84d797ae8b/elements - {"using":"xpath","value":"//button[@data-kt=\"addButton\"]"}
RESULT: {"using":"xpath","value":"//button[@data-kt=\"addButton\"]"}
COMMAND: POST /session/11c278e322621322209dbd84d797ae8b/elements - {"using":"xpath","value":"//button[@data-kt=\"addButton\"]"}
RESULT: {"using":"xpath","value":"//button[@data-kt=\"addButton\"]"}
COMMAND: POST /session/11c278e322621322209dbd84d797ae8b/elements - {"using":"xpath","value":"//button[@data-kt=\"addButton\"]"}
RESULT: {"using":"xpath","value":"//button[@data-kt=\"addButton\"]"}
COMMAND: POST /session/11c278e322621322209dbd84d797ae8b/elements - {"using":"xpath","value":"//button[@data-kt=\"addButton\"]"}
RESULT: {"using":"xpath","value":"//button[@data-kt=\"addButton\"]"}
COMMAND: POST /session/11c278e322621322209dbd84d797ae8b/elements - {"using":"xpath","value":"//button[@data-kt=\"addButton\"]"}
RESULT: {"using":"xpath","value":"//button[@data-kt=\"addButton\"]"}
COMMAND: POST /session/11c278e322621322209dbd84d797ae8b/element - {"using":"xpath","value":"//button[@data-kt=\"addButton\"]"}
RESULT: {"using":"xpath","value":"//button[@data-kt=\"addButton\"]"}
COMMAND: POST /session/11c278e322621322209dbd84d797ae8b/execute/sync - {"script":"<script> [8489 bytes]","args":[{"element-6066-11e4-a52e-4f735466cecf":"f.1BBDEBF70A0905171D1AD33BCA73C599.d.747F5B6D6D0827A2F7E3B89F5CBC16AB.e.1058","ELEMENT":"f.1BBDEBF70A0905171D1AD33BCA73C599.d.747F5B6D6D0827A2F7E3B89F5CBC16AB.e.1058"}]}
RESULT: {"script":"<script> [8489 bytes]","args":[{"element-6066-11e4-a52e-4f735466cecf":"f.1BBDEBF70A0905171D1AD33BCA73C599.d.747F5B6D6D0827A2F7E3B89F5CBC16AB.e.1058","ELEMENT":"f.1BBDEBF70A0905171D1AD33BCA73C599.d.747F5B6D6D0827A2F7E3B89F5CBC16AB.e.1058"}]}
COMMAND: GET /session/11c278e322621322209dbd84d797ae8b/element/f.1BBDEBF70A0905171D1AD33BCA73C599.d.747F5B6D6D0827A2F7E3B89F5CBC16AB.e.1058/enabled - {}
COMMAND: GET /session/11c278e322621322209dbd84d797ae8b/screenshot - {}
RESULT: {}
COMMAND: POST /session/11c278e322621322209dbd84d797ae8b/execute/sync - {"script":"<script> [8489 bytes]","args":[{"element-6066-11e4-a52e-4f735466cecf":"f.1BBDEBF70A0905171D1AD33BCA73C599.d.747F5B6D6D0827A2F7E3B89F5CBC16AB.e.1058","ELEMENT":"f.1BBDEBF70A0905171D1AD33BCA73C599.d.747F5B6D6D0827A2F7E3B89F5CBC16AB.e.1058"}]}
COMMAND: GET /session/11c278e322621322209dbd84d797ae8b/screenshot - {}
RESULT: {}
RESULT: {"script":"<script> [8489 bytes]","args":[{"element-6066-11e4-a52e-4f735466cecf":"f.1BBDEBF70A0905171D1AD33BCA73C599.d.747F5B6D6D0827A2F7E3B89F5CBC16AB.e.1058","ELEMENT":"f.1BBDEBF70A0905171D1AD33BCA73C599.d.747F5B6D6D0827A2F7E3B89F5CBC16AB.e.1058"}]}
COMMAND: POST /session/11c278e322621322209dbd84d797ae8b/execute/sync - {"script":"<script> [5351 bytes]","args":[{"element-6066-11e4-a52e-4f735466cecf":"f.1BBDEBF70A0905171D1AD33BCA73C599.d.747F5B6D6D0827A2F7E3B89F5CBC16AB.e.1058","ELEMENT":"f.1BBDEBF70A0905171D1AD33BCA73C599.d.747F5B6D6D0827A2F7E3B89F5CBC16AB.e.1058"}]}
COMMAND: GET /session/11c278e322621322209dbd84d797ae8b/screenshot - {}
RESULT: {}
RESULT: {"script":"<script> [5351 bytes]","args":[{"element-6066-11e4-a52e-4f735466cecf":"f.1BBDEBF70A0905171D1AD33BCA73C599.d.747F5B6D6D0827A2F7E3B89F5CBC16AB.e.1058","ELEMENT":"f.1BBDEBF70A0905171D1AD33BCA73C599.d.747F5B6D6D0827A2F7E3B89F5CBC16AB.e.1058"}]}
COMMAND: POST /session/11c278e322621322209dbd84d797ae8b/element/f.1BBDEBF70A0905171D1AD33BCA73C599.d.747F5B6D6D0827A2F7E3B89F5CBC16AB.e.1058/click - {}
COMMAND: GET /session/11c278e322621322209dbd84d797ae8b/screenshot - {}
RESULT: {}
RESULT: {}
COMMAND: GET /session/11c278e322621322209dbd84d797ae8b/screenshot - {}
COMMAND: POST /session/11c278e322621322209dbd84d797ae8b/execute/async - {"script":"<script> [1562 bytes]","args":[{"selector":{"id":"application-managepartners-display-component---NewPartner--addressDetailDetailsName1","interaction":{"idSuffix":"inner"}},"wdio_ui5_key":"applicationmanagepartners-display-component---NewPartner--addressDetailDetailsName1"}]}
RESULT: {}
RESULT: {}
RESULT: {"script":"<script> [1562 bytes]","args":[{"selector":{"id":"application-managepartners-display-component---NewPartner--addressDetailDetailsName1","interaction":{"idSuffix":"inner"}},"wdio_ui5_key":"applicationmanagepartners-display-component---NewPartner--addressDetailDetailsName1"}]}
RESULT: undefined
COMMAND: POST /session/11c278e322621322209dbd84d797ae8b/execute/async - {"script":"<script> [776 bytes]","args":[{"enterText":"Intercompany Partner WDIO","selector":{"id":"application-managepartners-display-component---NewPartner--addressDetailDetailsName1","interaction":{"idSuffix":"inner"}},"clearTextFirst":true,"interactionType":"ENTER_TEXT"}]}
RESULT: {"script":"<script> [776 bytes]","args":[{"enterText":"Intercompany Partner WDIO","selector":{"id":"application-managepartners-display-component---NewPartner--addressDetailDetailsName1","interaction":{"idSuffix":"inner"}},"clearTextFirst":true,"interactionType":"ENTER_TEXT"}]}
COMMAND: POST /session/11c278e322621322209dbd84d797ae8b/execute/async - {"script":"<script> [1562 bytes]","args":[{"selector":{"id":"application-managepartners-display-component---NewPartner--addressDetailDetailsLanguage-arrow"},"wdio_ui5_key":"applicationmanagepartners-display-component---NewPartner--addressDetailDetailsLanguage-arrow"}]}
RESULT: {"script":"<script> [1562 bytes]","args":[{"selector":{"id":"application-managepartners-display-component---NewPartner--addressDetailDetailsLanguage-arrow"},"wdio_ui5_key":"applicationmanagepartners-display-component---NewPartner--addressDetailDetailsLanguage-arrow"}]}
RESULT: undefined
COMMAND: POST /session/11c278e322621322209dbd84d797ae8b/element - {"using":"xpath","value":"//*[@id=\"application-managepartners-display-component---NewPartner--addressDetailDetailsLanguage-arrow\"]"}
RESULT: {"using":"xpath","value":"//*[@id=\"application-managepartners-display-component---NewPartner--addressDetailDetailsLanguage-arrow\"]"}
COMMAND: POST /session/11c278e322621322209dbd84d797ae8b/element/f.1BBDEBF70A0905171D1AD33BCA73C599.d.747F5B6D6D0827A2F7E3B89F5CBC16AB.e.1514/click - {}
RESULT: {}
COMMAND: POST /session/11c278e322621322209dbd84d797ae8b/element - {"using":"xpath","value":"//span[contains(text(), \"English\")]"}
COMMAND: GET /session/11c278e322621322209dbd84d797ae8b/screenshot - {}
RESULT: {"using":"xpath","value":"//span[contains(text(), \"English\")]"}
COMMAND: POST /session/11c278e322621322209dbd84d797ae8b/element/f.1BBDEBF70A0905171D1AD33BCA73C599.d.747F5B6D6D0827A2F7E3B89F5CBC16AB.e.1515/click - {}
RESULT: {}
RESULT: {}
COMMAND: GET /session/11c278e322621322209dbd84d797ae8b/screenshot - {}
RESULT: {}
COMMAND: POST /session/11c278e322621322209dbd84d797ae8b/execute/async - {"script":"<script> [1562 bytes]","args":[{"selector":{"id":"application-managepartners-display-component---NewPartner--addressDetailDetailsCity1","interaction":{"idSuffix":"inner"}},"wdio_ui5_key":"applicationmanagepartners-display-component---NewPartner--addressDetailDetailsCity1"}]}
RESULT: {"script":"<script> [1562 bytes]","args":[{"selector":{"id":"application-managepartners-display-component---NewPartner--addressDetailDetailsCity1","interaction":{"idSuffix":"inner"}},"wdio_ui5_key":"applicationmanagepartners-display-component---NewPartner--addressDetailDetailsCity1"}]}
RESULT: undefined
COMMAND: POST /session/11c278e322621322209dbd84d797ae8b/execute/async - {"script":"<script> [776 bytes]","args":[{"enterText":"Rosario","selector":{"id":"application-managepartners-display-component---NewPartner--addressDetailDetailsCity1","interaction":{"idSuffix":"inner"}},"clearTextFirst":true,"interactionType":"ENTER_TEXT"}]}
RESULT: {"script":"<script> [776 bytes]","args":[{"enterText":"Rosario","selector":{"id":"application-managepartners-display-component---NewPartner--addressDetailDetailsCity1","interaction":{"idSuffix":"inner"}},"clearTextFirst":true,"interactionType":"ENTER_TEXT"}]}
COMMAND: POST /session/11c278e322621322209dbd84d797ae8b/execute/async - {"script":"<script> [1562 bytes]","args":[{"selector":{"id":"application-managepartners-display-component---NewPartner--addressDetailDetailsCountry-arrow"},"wdio_ui5_key":"applicationmanagepartners-display-component---NewPartner--addressDetailDetailsCountry-arrow"}]}
RESULT: {"script":"<script> [1562 bytes]","args":[{"selector":{"id":"application-managepartners-display-component---NewPartner--addressDetailDetailsCountry-arrow"},"wdio_ui5_key":"applicationmanagepartners-display-component---NewPartner--addressDetailDetailsCountry-arrow"}]}
RESULT: undefined
COMMAND: POST /session/11c278e322621322209dbd84d797ae8b/element - {"using":"xpath","value":"//*[@id=\"application-managepartners-display-component---NewPartner--addressDetailDetailsCountry-arrow\"]"}
RESULT: {"using":"xpath","value":"//*[@id=\"application-managepartners-display-component---NewPartner--addressDetailDetailsCountry-arrow\"]"}
COMMAND: POST /session/11c278e322621322209dbd84d797ae8b/element/f.1BBDEBF70A0905171D1AD33BCA73C599.d.747F5B6D6D0827A2F7E3B89F5CBC16AB.e.1496/click - {}
RESULT: {}
COMMAND: POST /session/11c278e322621322209dbd84d797ae8b/element - {"using":"xpath","value":"//span[contains(text(), \"Argentina\")]"}
COMMAND: GET /session/11c278e322621322209dbd84d797ae8b/screenshot - {}
RESULT: {"using":"xpath","value":"//span[contains(text(), \"Argentina\")]"}
COMMAND: POST /session/11c278e322621322209dbd84d797ae8b/element/f.1BBDEBF70A0905171D1AD33BCA73C599.d.747F5B6D6D0827A2F7E3B89F5CBC16AB.e.1517/click - {}
RESULT: {}
RESULT: {}
COMMAND: GET /session/11c278e322621322209dbd84d797ae8b/screenshot - {}
RESULT: {}
COMMAND: POST /session/11c278e322621322209dbd84d797ae8b/element - {"using":"xpath","value":"//bdi[contains(text(), \"Commercial\")]"}
RESULT: {"using":"xpath","value":"//bdi[contains(text(), \"Commercial\")]"}
COMMAND: POST /session/11c278e322621322209dbd84d797ae8b/element/f.1BBDEBF70A0905171D1AD33BCA73C599.d.747F5B6D6D0827A2F7E3B89F5CBC16AB.e.1518/click - {}
RESULT: {}
COMMAND: GET /session/11c278e322621322209dbd84d797ae8b/screenshot - {}
RESULT: {}
COMMAND: POST /session/11c278e322621322209dbd84d797ae8b/execute/async - {"script":"<script> [1562 bytes]","args":[{"selector":{"id":"application-managepartners-display-component---NewPartner--partnerDetailInternal-arrow"},"wdio_ui5_key":"applicationmanagepartners-display-component---NewPartner--partnerDetailInternal-arrow"}]}
RESULT: {"script":"<script> [1562 bytes]","args":[{"selector":{"id":"application-managepartners-display-component---NewPartner--partnerDetailInternal-arrow"},"wdio_ui5_key":"applicationmanagepartners-display-component---NewPartner--partnerDetailInternal-arrow"}]}
RESULT: undefined
COMMAND: POST /session/11c278e322621322209dbd84d797ae8b/element - {"using":"xpath","value":"//*[@id=\"application-managepartners-display-component---NewPartner--partnerDetailInternal-arrow\"]"}
RESULT: {"using":"xpath","value":"//*[@id=\"application-managepartners-display-component---NewPartner--partnerDetailInternal-arrow\"]"}
COMMAND: POST /session/11c278e322621322209dbd84d797ae8b/element/f.1BBDEBF70A0905171D1AD33BCA73C599.d.747F5B6D6D0827A2F7E3B89F5CBC16AB.e.1524/click - {}
RESULT: {}
COMMAND: POST /session/11c278e322621322209dbd84d797ae8b/element - {"using":"xpath","value":"//span[contains(text(), \"Affiliated company\")]"}
COMMAND: GET /session/11c278e322621322209dbd84d797ae8b/screenshot - {}
RESULT: {"using":"xpath","value":"//span[contains(text(), \"Affiliated company\")]"}
COMMAND: POST /session/11c278e322621322209dbd84d797ae8b/element/f.1BBDEBF70A0905171D1AD33BCA73C599.d.747F5B6D6D0827A2F7E3B89F5CBC16AB.e.1527/click - {}
RESULT: {}
RESULT: {}
COMMAND: POST /session/11c278e322621322209dbd84d797ae8b/execute/async - {"script":"<script> [1562 bytes]","args":[{"selector":{"id":"application-managepartners-display-component---NewPartner--partnerDetailsCurrency-arrow"},"wdio_ui5_key":"applicationmanagepartners-display-component---NewPartner--partnerDetailsCurrency-arrow"}]}
COMMAND: GET /session/11c278e322621322209dbd84d797ae8b/screenshot - {}
RESULT: {"script":"<script> [1562 bytes]","args":[{"selector":{"id":"application-managepartners-display-component---NewPartner--partnerDetailsCurrency-arrow"},"wdio_ui5_key":"applicationmanagepartners-display-component---NewPartner--partnerDetailsCurrency-arrow"}]}
RESULT: undefined
COMMAND: POST /session/11c278e322621322209dbd84d797ae8b/element - {"using":"xpath","value":"//*[@id=\"application-managepartners-display-component---NewPartner--partnerDetailsCurrency-arrow\"]"}
RESULT: {}
RESULT: {"using":"xpath","value":"//*[@id=\"application-managepartners-display-component---NewPartner--partnerDetailsCurrency-arrow\"]"}
COMMAND: POST /session/11c278e322621322209dbd84d797ae8b/element/f.1BBDEBF70A0905171D1AD33BCA73C599.d.747F5B6D6D0827A2F7E3B89F5CBC16AB.e.1534/click - {}
RESULT: {}
COMMAND: POST /session/11c278e322621322209dbd84d797ae8b/element - {"using":"xpath","value":"//span[contains(text(), \"Euro\")]"}
COMMAND: GET /session/11c278e322621322209dbd84d797ae8b/screenshot - {}
RESULT: {"using":"xpath","value":"//span[contains(text(), \"Euro\")]"}
COMMAND: POST /session/11c278e322621322209dbd84d797ae8b/element/f.1BBDEBF70A0905171D1AD33BCA73C599.d.747F5B6D6D0827A2F7E3B89F5CBC16AB.e.1535/click - {}
RESULT: {}
RESULT: {}
COMMAND: POST /session/11c278e322621322209dbd84d797ae8b/execute/async - {"script":"<script> [1562 bytes]","args":[{"selector":{"id":"application-managepartners-display-component---NewPartner--addressEditDetailsCostObjectCstType-arrow"},"wdio_ui5_key":"applicationmanagepartners-display-component---NewPartner--addressEditDetailsCostObjectCstType-arrow"}]}
COMMAND: GET /session/11c278e322621322209dbd84d797ae8b/screenshot - {}
RESULT: {"script":"<script> [1562 bytes]","args":[{"selector":{"id":"application-managepartners-display-component---NewPartner--addressEditDetailsCostObjectCstType-arrow"},"wdio_ui5_key":"applicationmanagepartners-display-component---NewPartner--addressEditDetailsCostObjectCstType-arrow"}]}
RESULT: undefined
COMMAND: POST /session/11c278e322621322209dbd84d797ae8b/element - {"using":"xpath","value":"//*[@id=\"application-managepartners-display-component---NewPartner--addressEditDetailsCostObjectCstType-arrow\"]"}
RESULT: {}
RESULT: {"using":"xpath","value":"//*[@id=\"application-managepartners-display-component---NewPartner--addressEditDetailsCostObjectCstType-arrow\"]"}
COMMAND: POST /session/11c278e322621322209dbd84d797ae8b/element/f.1BBDEBF70A0905171D1AD33BCA73C599.d.747F5B6D6D0827A2F7E3B89F5CBC16AB.e.1536/click - {}
RESULT: {}
COMMAND: POST /session/11c278e322621322209dbd84d797ae8b/element - {"using":"xpath","value":"//span[contains(text(), \"Cost Center\")]"}
COMMAND: GET /session/11c278e322621322209dbd84d797ae8b/screenshot - {}
RESULT: {"using":"xpath","value":"//span[contains(text(), \"Cost Center\")]"}
COMMAND: POST /session/11c278e322621322209dbd84d797ae8b/element/f.1BBDEBF70A0905171D1AD33BCA73C599.d.747F5B6D6D0827A2F7E3B89F5CBC16AB.e.1537/click - {}
RESULT: {}
RESULT: {}
COMMAND: GET /session/11c278e322621322209dbd84d797ae8b/screenshot - {}
RESULT: {}
COMMAND: POST /session/11c278e322621322209dbd84d797ae8b/element - {"using":"xpath","value":"//span[@id=\"application-managepartners-display-component---NewPartner--addressNewCostObjectCstID-vhi\"]"}
RESULT: {"using":"xpath","value":"//span[@id=\"application-managepartners-display-component---NewPartner--addressNewCostObjectCstID-vhi\"]"}
COMMAND: POST /session/11c278e322621322209dbd84d797ae8b/execute/sync - {"script":"<script> [8489 bytes]","args":[{"element-6066-11e4-a52e-4f735466cecf":"f.1BBDEBF70A0905171D1AD33BCA73C599.d.747F5B6D6D0827A2F7E3B89F5CBC16AB.e.1541","ELEMENT":"f.1BBDEBF70A0905171D1AD33BCA73C599.d.747F5B6D6D0827A2F7E3B89F5CBC16AB.e.1541"}]}
RESULT: {"script":"<script> [8489 bytes]","args":[{"element-6066-11e4-a52e-4f735466cecf":"f.1BBDEBF70A0905171D1AD33BCA73C599.d.747F5B6D6D0827A2F7E3B89F5CBC16AB.e.1541","ELEMENT":"f.1BBDEBF70A0905171D1AD33BCA73C599.d.747F5B6D6D0827A2F7E3B89F5CBC16AB.e.1541"}]}
COMMAND: POST /session/11c278e322621322209dbd84d797ae8b/execute/async - {"script":"<script> [1562 bytes]","args":[{"selector":{"id":"application-managepartners-display-component---NewPartner--addressNewCostObjectCstID-vhi"},"wdio_ui5_key":"applicationmanagepartners-display-component---NewPartner--addressNewCostObjectCstID-vhi"}]}
COMMAND: GET /session/11c278e322621322209dbd84d797ae8b/screenshot - {}
RESULT: {"script":"<script> [1562 bytes]","args":[{"selector":{"id":"application-managepartners-display-component---NewPartner--addressNewCostObjectCstID-vhi"},"wdio_ui5_key":"applicationmanagepartners-display-component---NewPartner--addressNewCostObjectCstID-vhi"}]}
RESULT: undefined
COMMAND: POST /session/11c278e322621322209dbd84d797ae8b/element - {"using":"xpath","value":"//*[@id=\"application-managepartners-display-component---NewPartner--addressNewCostObjectCstID-vhi\"]"}
RESULT: {}
RESULT: {"using":"xpath","value":"//*[@id=\"application-managepartners-display-component---NewPartner--addressNewCostObjectCstID-vhi\"]"}
COMMAND: POST /session/11c278e322621322209dbd84d797ae8b/element/f.1BBDEBF70A0905171D1AD33BCA73C599.d.747F5B6D6D0827A2F7E3B89F5CBC16AB.e.1541/click - {}
RESULT: {}
COMMAND: GET /session/11c278e322621322209dbd84d797ae8b/screenshot - {}
RESULT: {}
RESULT: undefined
COMMAND: POST /session/11c278e322621322209dbd84d797ae8b/execute/async - {"script":"<script> [776 bytes]","args":[{"enterText":"10001013","selector":{"controlType":"sap.m.SearchField","properties":{"placeholder":"Search"},"searchOpenDialogs":true,"interaction":{"idSuffix":"I"}},"clearTextFirst":true,"interactionType":"ENTER_TEXT"}]}
RESULT: {"script":"<script> [776 bytes]","args":[{"enterText":"10001013","selector":{"controlType":"sap.m.SearchField","properties":{"placeholder":"Search"},"searchOpenDialogs":true,"interaction":{"idSuffix":"I"}},"clearTextFirst":true,"interactionType":"ENTER_TEXT"}]}
COMMAND: POST /session/11c278e322621322209dbd84d797ae8b/actions - {"actions":[{"id":"action2","type":"key","parameters":{},"actions":[{"type":"keyDown","value":"î€‡"},{"type":"pause","duration":10},{"type":"keyUp","value":"î€‡"}]}]}
RESULT: {"actions":[{"id":"action2","type":"key","parameters":{},"actions":[{"type":"keyDown","value":"î€‡"},{"type":"pause","duration":10},{"type":"keyUp","value":"î€‡"}]}]}
COMMAND: GET /session/11c278e322621322209dbd84d797ae8b/screenshot - {}
RESULT: {}
COMMAND: POST /session/11c278e322621322209dbd84d797ae8b/element - {"using":"xpath","value":"//span[contains(text(), \"General Management\")]"}
RESULT: {"using":"xpath","value":"//span[contains(text(), \"General Management\")]"}
COMMAND: POST /session/11c278e322621322209dbd84d797ae8b/element/f.1BBDEBF70A0905171D1AD33BCA73C599.d.747F5B6D6D0827A2F7E3B89F5CBC16AB.e.1579/click - {}
RESULT: {}
COMMAND: GET /session/11c278e322621322209dbd84d797ae8b/screenshot - {}
RESULT: {}
COMMAND: POST /session/11c278e322621322209dbd84d797ae8b/element - {"using":"xpath","value":"//bdi[contains(text(), \"OK\")]"}
RESULT: {"using":"xpath","value":"//bdi[contains(text(), \"OK\")]"}
COMMAND: POST /session/11c278e322621322209dbd84d797ae8b/element/f.1BBDEBF70A0905171D1AD33BCA73C599.d.747F5B6D6D0827A2F7E3B89F5CBC16AB.e.1580/click - {}
RESULT: {}
COMMAND: GET /session/11c278e322621322209dbd84d797ae8b/screenshot - {}
RESULT: {}
COMMAND: POST /session/11c278e322621322209dbd84d797ae8b/element - {"using":"xpath","value":"//input[@id=\"application-managepartners-display-component---NewPartner--companyCodeComboBox-inner\"]"}
RESULT: {"using":"xpath","value":"//input[@id=\"application-managepartners-display-component---NewPartner--companyCodeComboBox-inner\"]"}
COMMAND: POST /session/11c278e322621322209dbd84d797ae8b/element/f.1BBDEBF70A0905171D1AD33BCA73C599.d.747F5B6D6D0827A2F7E3B89F5CBC16AB.e.1375/clear - {}
RESULT: {}
COMMAND: POST /session/11c278e322621322209dbd84d797ae8b/element/f.1BBDEBF70A0905171D1AD33BCA73C599.d.747F5B6D6D0827A2F7E3B89F5CBC16AB.e.1375/value - {"text":"C002"}
COMMAND: GET /session/11c278e322621322209dbd84d797ae8b/screenshot - {}
RESULT: {"text":"C002"}
COMMAND: GET /session/11c278e322621322209dbd84d797ae8b/screenshot - {}
RESULT: {}
RESULT: {}
COMMAND: POST /session/11c278e322621322209dbd84d797ae8b/element - {"using":"xpath","value":"//span[contains(text(), \"C002\")]"}
RESULT: {"using":"xpath","value":"//span[contains(text(), \"C002\")]"}
COMMAND: POST /session/11c278e322621322209dbd84d797ae8b/element/f.1BBDEBF70A0905171D1AD33BCA73C599.d.747F5B6D6D0827A2F7E3B89F5CBC16AB.e.1586/click - {}
RESULT: {}
COMMAND: GET /session/11c278e322621322209dbd84d797ae8b/screenshot - {}
RESULT: {}
COMMAND: POST /session/11c278e322621322209dbd84d797ae8b/execute/async - {"script":"<script> [1562 bytes]","args":[{"selector":{"id":"application-managepartners-display-component---NewPartner--btnAddTableRow-img"},"wdio_ui5_key":"applicationmanagepartners-display-component---NewPartner--btnAddTableRow-img"}]}
RESULT: {"script":"<script> [1562 bytes]","args":[{"selector":{"id":"application-managepartners-display-component---NewPartner--btnAddTableRow-img"},"wdio_ui5_key":"applicationmanagepartners-display-component---NewPartner--btnAddTableRow-img"}]}
RESULT: undefined
COMMAND: POST /session/11c278e322621322209dbd84d797ae8b/element - {"using":"xpath","value":"//*[@id=\"application-managepartners-display-component---NewPartner--btnAddTableRow-img\"]"}
RESULT: {"using":"xpath","value":"//*[@id=\"application-managepartners-display-component---NewPartner--btnAddTableRow-img\"]"}
COMMAND: POST /session/11c278e322621322209dbd84d797ae8b/element/f.1BBDEBF70A0905171D1AD33BCA73C599.d.747F5B6D6D0827A2F7E3B89F5CBC16AB.e.1587/click - {}
RESULT: {}
COMMAND: GET /session/11c278e322621322209dbd84d797ae8b/screenshot - {}
COMMAND: POST /session/11c278e322621322209dbd84d797ae8b/element - {"using":"xpath","value":"//input[@id=\"application-managepartners-display-component---NewPartner--assignmentYard-application-managepartners-display-component---NewPartner--assignmentsTable-0-inner\"]"}
RESULT: {}
RESULT: {"using":"xpath","value":"//input[@id=\"application-managepartners-display-component---NewPartner--assignmentYard-application-managepartners-display-component---NewPartner--assignmentsTable-0-inner\"]"}
COMMAND: POST /session/11c278e322621322209dbd84d797ae8b/element/f.1BBDEBF70A0905171D1AD33BCA73C599.d.747F5B6D6D0827A2F7E3B89F5CBC16AB.e.1590/clear - {}
RESULT: {}
COMMAND: POST /session/11c278e322621322209dbd84d797ae8b/element/f.1BBDEBF70A0905171D1AD33BCA73C599.d.747F5B6D6D0827A2F7E3B89F5CBC16AB.e.1590/value - {"text":"467"}
COMMAND: GET /session/11c278e322621322209dbd84d797ae8b/screenshot - {}
RESULT: {"text":"467"}
COMMAND: GET /session/11c278e322621322209dbd84d797ae8b/screenshot - {}
RESULT: {}
RESULT: {}
COMMAND: POST /session/11c278e322621322209dbd84d797ae8b/element - {"using":"xpath","value":"//li[.//span[text()='467']]"}
RESULT: {"using":"xpath","value":"//li[.//span[text()='467']]"}
COMMAND: POST /session/11c278e322621322209dbd84d797ae8b/element/f.1BBDEBF70A0905171D1AD33BCA73C599.d.747F5B6D6D0827A2F7E3B89F5CBC16AB.e.1599/click - {}
RESULT: {}
COMMAND: GET /session/11c278e322621322209dbd84d797ae8b/screenshot - {}
RESULT: {}
COMMAND: POST /session/11c278e322621322209dbd84d797ae8b/actions - {"actions":[{"id":"action3","type":"key","parameters":{},"actions":[{"type":"keyDown","value":"î€‡"},{"type":"pause","duration":10},{"type":"keyUp","value":"î€‡"}]}]}
RESULT: {"actions":[{"id":"action3","type":"key","parameters":{},"actions":[{"type":"keyDown","value":"î€‡"},{"type":"pause","duration":10},{"type":"keyUp","value":"î€‡"}]}]}
COMMAND: POST /session/11c278e322621322209dbd84d797ae8b/execute/async - {"script":"<script> [1562 bytes]","args":[{"selector":{"id":"application-managepartners-display-component---NewPartner--externalCustomerComboBox-application-managepartners-display-component---NewPartner--assignmentsTable-0-vhi"},"wdio_ui5_key":"applicationmanagepartners-display-component---NewPartner--externalCustomerComboBox-application-managepartners-display-component---NewPartner--assignmentsTable-0-vhi"}]}
COMMAND: GET /session/11c278e322621322209dbd84d797ae8b/screenshot - {}
RESULT: {"script":"<script> [1562 bytes]","args":[{"selector":{"id":"application-managepartners-display-component---NewPartner--externalCustomerComboBox-application-managepartners-display-component---NewPartner--assignmentsTable-0-vhi"},"wdio_ui5_key":"applicationmanagepartners-display-component---NewPartner--externalCustomerComboBox-application-managepartners-display-component---NewPartner--assignmentsTable-0-vhi"}]}
RESULT: undefined
COMMAND: POST /session/11c278e322621322209dbd84d797ae8b/element - {"using":"xpath","value":"//*[@id=\"application-managepartners-display-component---NewPartner--externalCustomerComboBox-application-managepartners-display-component---NewPartner--assignmentsTable-0-vhi\"]"}
RESULT: {}
RESULT: {"using":"xpath","value":"//*[@id=\"application-managepartners-display-component---NewPartner--externalCustomerComboBox-application-managepartners-display-component---NewPartner--assignmentsTable-0-vhi\"]"}
COMMAND: POST /session/11c278e322621322209dbd84d797ae8b/element/f.1BBDEBF70A0905171D1AD33BCA73C599.d.747F5B6D6D0827A2F7E3B89F5CBC16AB.e.1603/click - {}
RESULT: {}
RESULT: undefined
COMMAND: POST /session/11c278e322621322209dbd84d797ae8b/execute/async - {"script":"<script> [776 bytes]","args":[{"enterText":"300003","selector":{"controlType":"sap.m.SearchField","properties":{"placeholder":"Search"},"searchOpenDialogs":true,"interaction":{"idSuffix":"I"}},"clearTextFirst":true,"interactionType":"ENTER_TEXT"}]}
COMMAND: GET /session/11c278e322621322209dbd84d797ae8b/screenshot - {}
RESULT: {"script":"<script> [776 bytes]","args":[{"enterText":"300003","selector":{"controlType":"sap.m.SearchField","properties":{"placeholder":"Search"},"searchOpenDialogs":true,"interaction":{"idSuffix":"I"}},"clearTextFirst":true,"interactionType":"ENTER_TEXT"}]}
COMMAND: POST /session/11c278e322621322209dbd84d797ae8b/actions - {"actions":[{"id":"action4","type":"key","parameters":{},"actions":[{"type":"keyDown","value":"î€‡"},{"type":"pause","duration":10},{"type":"keyUp","value":"î€‡"}]}]}
RESULT: {}
RESULT: {"actions":[{"id":"action4","type":"key","parameters":{},"actions":[{"type":"keyDown","value":"î€‡"},{"type":"pause","duration":10},{"type":"keyUp","value":"î€‡"}]}]}
COMMAND: GET /session/11c278e322621322209dbd84d797ae8b/screenshot - {}
RESULT: {}
COMMAND: POST /session/11c278e322621322209dbd84d797ae8b/element - {"using":"xpath","value":"//span[contains(text(), \"300003\")]"}
RESULT: {"using":"xpath","value":"//span[contains(text(), \"300003\")]"}
COMMAND: POST /session/11c278e322621322209dbd84d797ae8b/element/f.1BBDEBF70A0905171D1AD33BCA73C599.d.747F5B6D6D0827A2F7E3B89F5CBC16AB.e.1621/click - {}
RESULT: {}
COMMAND: GET /session/11c278e322621322209dbd84d797ae8b/screenshot - {}
RESULT: {}
COMMAND: POST /session/11c278e322621322209dbd84d797ae8b/element - {"using":"xpath","value":"//bdi[contains(text(), \"OK\")]"}
RESULT: {"using":"xpath","value":"//bdi[contains(text(), \"OK\")]"}
COMMAND: POST /session/11c278e322621322209dbd84d797ae8b/element/f.1BBDEBF70A0905171D1AD33BCA73C599.d.747F5B6D6D0827A2F7E3B89F5CBC16AB.e.1623/click - {}
RESULT: {}
COMMAND: GET /session/11c278e322621322209dbd84d797ae8b/screenshot - {}
RESULT: {}
COMMAND: POST /session/11c278e322621322209dbd84d797ae8b/execute/async - {"script":"<script> [1562 bytes]","args":[{"selector":{"id":"application-managepartners-display-component---NewPartner--intercompVendorComboBox-application-managepartners-display-component---NewPartner--assignmentsTable-0-vhi"},"wdio_ui5_key":"applicationmanagepartners-display-component---NewPartner--intercompVendorComboBox-application-managepartners-display-component---NewPartner--assignmentsTable-0-vhi"}]}
RESULT: {"script":"<script> [1562 bytes]","args":[{"selector":{"id":"application-managepartners-display-component---NewPartner--intercompVendorComboBox-application-managepartners-display-component---NewPartner--assignmentsTable-0-vhi"},"wdio_ui5_key":"applicationmanagepartners-display-component---NewPartner--intercompVendorComboBox-application-managepartners-display-component---NewPartner--assignmentsTable-0-vhi"}]}
RESULT: undefined
COMMAND: POST /session/11c278e322621322209dbd84d797ae8b/element - {"using":"xpath","value":"//*[@id=\"application-managepartners-display-component---NewPartner--intercompVendorComboBox-application-managepartners-display-component---NewPartner--assignmentsTable-0-vhi\"]"}
RESULT: {"using":"xpath","value":"//*[@id=\"application-managepartners-display-component---NewPartner--intercompVendorComboBox-application-managepartners-display-component---NewPartner--assignmentsTable-0-vhi\"]"}
COMMAND: POST /session/11c278e322621322209dbd84d797ae8b/element/f.1BBDEBF70A0905171D1AD33BCA73C599.d.747F5B6D6D0827A2F7E3B89F5CBC16AB.e.1626/click - {}
RESULT: {}
RESULT: undefined
COMMAND: POST /session/11c278e322621322209dbd84d797ae8b/execute/async - {"script":"<script> [776 bytes]","args":[{"enterText":"100005","selector":{"controlType":"sap.m.SearchField","properties":{"placeholder":"Search"},"searchOpenDialogs":true,"interaction":{"idSuffix":"I"}},"clearTextFirst":true,"interactionType":"ENTER_TEXT"}]}
COMMAND: GET /session/11c278e322621322209dbd84d797ae8b/screenshot - {}
RESULT: {"script":"<script> [776 bytes]","args":[{"enterText":"100005","selector":{"controlType":"sap.m.SearchField","properties":{"placeholder":"Search"},"searchOpenDialogs":true,"interaction":{"idSuffix":"I"}},"clearTextFirst":true,"interactionType":"ENTER_TEXT"}]}
COMMAND: POST /session/11c278e322621322209dbd84d797ae8b/actions - {"actions":[{"id":"action5","type":"key","parameters":{},"actions":[{"type":"keyDown","value":"î€‡"},{"type":"pause","duration":10},{"type":"keyUp","value":"î€‡"}]}]}
RESULT: {}
RESULT: {"actions":[{"id":"action5","type":"key","parameters":{},"actions":[{"type":"keyDown","value":"î€‡"},{"type":"pause","duration":10},{"type":"keyUp","value":"î€‡"}]}]}
COMMAND: GET /session/11c278e322621322209dbd84d797ae8b/screenshot - {}
RESULT: {}
COMMAND: POST /session/11c278e322621322209dbd84d797ae8b/element - {"using":"xpath","value":"//span[contains(text(), \"Penguins - Field/12345 Berlin\")]"}
RESULT: {"using":"xpath","value":"//span[contains(text(), \"Penguins - Field/12345 Berlin\")]"}
COMMAND: POST /session/11c278e322621322209dbd84d797ae8b/element/f.1BBDEBF70A0905171D1AD33BCA73C599.d.747F5B6D6D0827A2F7E3B89F5CBC16AB.e.1645/click - {}
RESULT: {}
COMMAND: GET /session/11c278e322621322209dbd84d797ae8b/screenshot - {}
RESULT: {}
COMMAND: POST /session/11c278e322621322209dbd84d797ae8b/element - {"using":"xpath","value":"//bdi[contains(text(), \"OK\")]"}
RESULT: {"using":"xpath","value":"//bdi[contains(text(), \"OK\")]"}
COMMAND: POST /session/11c278e322621322209dbd84d797ae8b/element/f.1BBDEBF70A0905171D1AD33BCA73C599.d.747F5B6D6D0827A2F7E3B89F5CBC16AB.e.1646/click - {}
RESULT: {}
COMMAND: GET /session/11c278e322621322209dbd84d797ae8b/screenshot - {}
RESULT: {}
COMMAND: POST /session/11c278e322621322209dbd84d797ae8b/element - {"using":"xpath","value":"//button[@data-kt=\"saveButton\"]"}
RESULT: {"using":"xpath","value":"//button[@data-kt=\"saveButton\"]"}
COMMAND: POST /session/11c278e322621322209dbd84d797ae8b/element/f.1BBDEBF70A0905171D1AD33BCA73C599.d.747F5B6D6D0827A2F7E3B89F5CBC16AB.e.1498/click - {}
RESULT: {}
COMMAND: GET /session/11c278e322621322209dbd84d797ae8b/screenshot - {}
RESULT: {}
COMMAND: POST /session/11c278e322621322209dbd84d797ae8b/element - {"using":"xpath","value":"//header[contains(@id, 'ObjectPageLayout-headerTitle')]/div[1]/div[2]/div[2]/span[1]"}
RESULT: {"using":"xpath","value":"//header[contains(@id, 'ObjectPageLayout-headerTitle')]/div[1]/div[2]/div[2]/span[1]"}
COMMAND: POST /session/11c278e322621322209dbd84d797ae8b/elements - {"using":"xpath","value":"//header[contains(@id, 'ObjectPageLayout-headerTitle')]/div[1]/div[2]/div[2]/span[1]"}
RESULT: {"using":"xpath","value":"//header[contains(@id, 'ObjectPageLayout-headerTitle')]/div[1]/div[2]/div[2]/span[1]"}
COMMAND: POST /session/11c278e322621322209dbd84d797ae8b/execute/sync - {"script":"<script> [56 bytes]","args":[{"element-6066-11e4-a52e-4f735466cecf":"f.1BBDEBF70A0905171D1AD33BCA73C599.d.747F5B6D6D0827A2F7E3B89F5CBC16AB.e.1810","ELEMENT":"f.1BBDEBF70A0905171D1AD33BCA73C599.d.747F5B6D6D0827A2F7E3B89F5CBC16AB.e.1810"}]}
RESULT: {"script":"<script> [56 bytes]","args":[{"element-6066-11e4-a52e-4f735466cecf":"f.1BBDEBF70A0905171D1AD33BCA73C599.d.747F5B6D6D0827A2F7E3B89F5CBC16AB.e.1810","ELEMENT":"f.1BBDEBF70A0905171D1AD33BCA73C599.d.747F5B6D6D0827A2F7E3B89F5CBC16AB.e.1810"}]}
COMMAND: POST /session/11c278e322621322209dbd84d797ae8b/element - {"using":"css selector","value":"#shell-header-logo"}
COMMAND: GET /session/11c278e322621322209dbd84d797ae8b/screenshot - {}
RESULT: {"using":"css selector","value":"#shell-header-logo"}
COMMAND: POST /session/11c278e322621322209dbd84d797ae8b/element/f.1BBDEBF70A0905171D1AD33BCA73C599.d.747F5B6D6D0827A2F7E3B89F5CBC16AB.e.1025/click - {}
RESULT: {}
RESULT: {}
COMMAND: GET /session/11c278e322621322209dbd84d797ae8b/screenshot - {}
RESULT: {}
COMMAND: POST /session/11c278e322621322209dbd84d797ae8b/execute/sync - {"script":"<script> [299 bytes]","args":[["getModel","getResource"]]}
RESULT: {"script":"<script> [299 bytes]","args":[["getModel","getResource"]]}
]]></system-out>
    </testcase>
    <testcase classname="chrome.135_0_7049_96.windows.Billing_Transfer_-_Master_data_&amp;_Intercompany_US127250" name="Should create a new site" time="92.114">
      <system-out><![CDATA[
COMMAND: POST /session/11c278e322621322209dbd84d797ae8b/execute/async - {"script":"<script> [1562 bytes]","args":[{"selector":{"controlType":"sap.m.TileContent","bindingPath":{"path":"","propertyPath":"/properties/info"},"ancestor":{"controlType":"sap.m.GenericTile","properties":{"header":"Manage Sites"}}},"wdio_ui5_key":"sapm.TileContent{\"path\":\"\",\"propertyPath\":\"/properties/info\"}{\"controlType\":\"sap.m.GenericTile\",\"properties\":{\"header\":\"Manage Sites\"}}"}]}
COMMAND: GET /session/11c278e322621322209dbd84d797ae8b/screenshot - {}
RESULT: {"script":"<script> [1562 bytes]","args":[{"selector":{"controlType":"sap.m.TileContent","bindingPath":{"path":"","propertyPath":"/properties/info"},"ancestor":{"controlType":"sap.m.GenericTile","properties":{"header":"Manage Sites"}}},"wdio_ui5_key":"sapm.TileContent{\"path\":\"\",\"propertyPath\":\"/properties/info\"}{\"controlType\":\"sap.m.GenericTile\",\"properties\":{\"header\":\"Manage Sites\"}}"}]}
RESULT: undefined
COMMAND: POST /session/11c278e322621322209dbd84d797ae8b/element - {"using":"xpath","value":"//*[@id=\"__xmlview7--numericTileContent\"]"}
RESULT: {}
RESULT: {"using":"xpath","value":"//*[@id=\"__xmlview7--numericTileContent\"]"}
COMMAND: POST /session/11c278e322621322209dbd84d797ae8b/element/f.1BBDEBF70A0905171D1AD33BCA73C599.d.747F5B6D6D0827A2F7E3B89F5CBC16AB.e.1812/click - {}
RESULT: {}
COMMAND: POST /session/11c278e322621322209dbd84d797ae8b/element - {"using":"xpath","value":"//button[@data-kt=\"addOverflowToolbarButton\"]"}
COMMAND: GET /session/11c278e322621322209dbd84d797ae8b/screenshot - {}
RESULT: {"using":"xpath","value":"//button[@data-kt=\"addOverflowToolbarButton\"]"}
COMMAND: POST /session/11c278e322621322209dbd84d797ae8b/elements - {"using":"xpath","value":"//button[@data-kt=\"addOverflowToolbarButton\"]"}
RESULT: {}
RESULT: {"using":"xpath","value":"//button[@data-kt=\"addOverflowToolbarButton\"]"}
COMMAND: POST /session/11c278e322621322209dbd84d797ae8b/elements - {"using":"xpath","value":"//button[@data-kt=\"addOverflowToolbarButton\"]"}
RESULT: {"using":"xpath","value":"//button[@data-kt=\"addOverflowToolbarButton\"]"}
COMMAND: POST /session/11c278e322621322209dbd84d797ae8b/elements - {"using":"xpath","value":"//button[@data-kt=\"addOverflowToolbarButton\"]"}
RESULT: {"using":"xpath","value":"//button[@data-kt=\"addOverflowToolbarButton\"]"}
COMMAND: POST /session/11c278e322621322209dbd84d797ae8b/elements - {"using":"xpath","value":"//button[@data-kt=\"addOverflowToolbarButton\"]"}
RESULT: {"using":"xpath","value":"//button[@data-kt=\"addOverflowToolbarButton\"]"}
COMMAND: POST /session/11c278e322621322209dbd84d797ae8b/element - {"using":"xpath","value":"//button[@data-kt=\"addOverflowToolbarButton\"]"}
RESULT: {"using":"xpath","value":"//button[@data-kt=\"addOverflowToolbarButton\"]"}
COMMAND: POST /session/11c278e322621322209dbd84d797ae8b/execute/sync - {"script":"<script> [8489 bytes]","args":[{"element-6066-11e4-a52e-4f735466cecf":"f.1BBDEBF70A0905171D1AD33BCA73C599.d.747F5B6D6D0827A2F7E3B89F5CBC16AB.e.1858","ELEMENT":"f.1BBDEBF70A0905171D1AD33BCA73C599.d.747F5B6D6D0827A2F7E3B89F5CBC16AB.e.1858"}]}
RESULT: {"script":"<script> [8489 bytes]","args":[{"element-6066-11e4-a52e-4f735466cecf":"f.1BBDEBF70A0905171D1AD33BCA73C599.d.747F5B6D6D0827A2F7E3B89F5CBC16AB.e.1858","ELEMENT":"f.1BBDEBF70A0905171D1AD33BCA73C599.d.747F5B6D6D0827A2F7E3B89F5CBC16AB.e.1858"}]}
COMMAND: GET /session/11c278e322621322209dbd84d797ae8b/element/f.1BBDEBF70A0905171D1AD33BCA73C599.d.747F5B6D6D0827A2F7E3B89F5CBC16AB.e.1858/enabled - {}
COMMAND: GET /session/11c278e322621322209dbd84d797ae8b/screenshot - {}
RESULT: {}
COMMAND: POST /session/11c278e322621322209dbd84d797ae8b/execute/sync - {"script":"<script> [8489 bytes]","args":[{"element-6066-11e4-a52e-4f735466cecf":"f.1BBDEBF70A0905171D1AD33BCA73C599.d.747F5B6D6D0827A2F7E3B89F5CBC16AB.e.1858","ELEMENT":"f.1BBDEBF70A0905171D1AD33BCA73C599.d.747F5B6D6D0827A2F7E3B89F5CBC16AB.e.1858"}]}
COMMAND: GET /session/11c278e322621322209dbd84d797ae8b/screenshot - {}
RESULT: {}
RESULT: {"script":"<script> [8489 bytes]","args":[{"element-6066-11e4-a52e-4f735466cecf":"f.1BBDEBF70A0905171D1AD33BCA73C599.d.747F5B6D6D0827A2F7E3B89F5CBC16AB.e.1858","ELEMENT":"f.1BBDEBF70A0905171D1AD33BCA73C599.d.747F5B6D6D0827A2F7E3B89F5CBC16AB.e.1858"}]}
COMMAND: POST /session/11c278e322621322209dbd84d797ae8b/execute/sync - {"script":"<script> [5351 bytes]","args":[{"element-6066-11e4-a52e-4f735466cecf":"f.1BBDEBF70A0905171D1AD33BCA73C599.d.747F5B6D6D0827A2F7E3B89F5CBC16AB.e.1858","ELEMENT":"f.1BBDEBF70A0905171D1AD33BCA73C599.d.747F5B6D6D0827A2F7E3B89F5CBC16AB.e.1858"}]}
COMMAND: GET /session/11c278e322621322209dbd84d797ae8b/screenshot - {}
RESULT: {}
RESULT: {"script":"<script> [5351 bytes]","args":[{"element-6066-11e4-a52e-4f735466cecf":"f.1BBDEBF70A0905171D1AD33BCA73C599.d.747F5B6D6D0827A2F7E3B89F5CBC16AB.e.1858","ELEMENT":"f.1BBDEBF70A0905171D1AD33BCA73C599.d.747F5B6D6D0827A2F7E3B89F5CBC16AB.e.1858"}]}
COMMAND: POST /session/11c278e322621322209dbd84d797ae8b/element/f.1BBDEBF70A0905171D1AD33BCA73C599.d.747F5B6D6D0827A2F7E3B89F5CBC16AB.e.1858/click - {}
COMMAND: GET /session/11c278e322621322209dbd84d797ae8b/screenshot - {}
RESULT: {}
RESULT: {}
COMMAND: GET /session/11c278e322621322209dbd84d797ae8b/screenshot - {}
COMMAND: POST /session/11c278e322621322209dbd84d797ae8b/execute/async - {"script":"<script> [1562 bytes]","args":[{"selector":{"id":"application-managesites-display-component---NewSite--addressDetailDetailsName1","interaction":{"idSuffix":"inner"}},"wdio_ui5_key":"applicationmanagesites-display-component---NewSite--addressDetailDetailsName1"}]}
RESULT: {}
RESULT: {}
RESULT: {"script":"<script> [1562 bytes]","args":[{"selector":{"id":"application-managesites-display-component---NewSite--addressDetailDetailsName1","interaction":{"idSuffix":"inner"}},"wdio_ui5_key":"applicationmanagesites-display-component---NewSite--addressDetailDetailsName1"}]}
RESULT: undefined
COMMAND: POST /session/11c278e322621322209dbd84d797ae8b/execute/async - {"script":"<script> [776 bytes]","args":[{"enterText":"Intercompany Site wdIO","selector":{"id":"application-managesites-display-component---NewSite--addressDetailDetailsName1","interaction":{"idSuffix":"inner"}},"clearTextFirst":true,"interactionType":"ENTER_TEXT"}]}
RESULT: {"script":"<script> [776 bytes]","args":[{"enterText":"Intercompany Site wdIO","selector":{"id":"application-managesites-display-component---NewSite--addressDetailDetailsName1","interaction":{"idSuffix":"inner"}},"clearTextFirst":true,"interactionType":"ENTER_TEXT"}]}
COMMAND: POST /session/11c278e322621322209dbd84d797ae8b/execute/async - {"script":"<script> [1562 bytes]","args":[{"selector":{"id":"application-managesites-display-component---NewSite--addressDetailDetailsLanguage-arrow"},"wdio_ui5_key":"applicationmanagesites-display-component---NewSite--addressDetailDetailsLanguage-arrow"}]}
RESULT: {"script":"<script> [1562 bytes]","args":[{"selector":{"id":"application-managesites-display-component---NewSite--addressDetailDetailsLanguage-arrow"},"wdio_ui5_key":"applicationmanagesites-display-component---NewSite--addressDetailDetailsLanguage-arrow"}]}
RESULT: undefined
COMMAND: POST /session/11c278e322621322209dbd84d797ae8b/element - {"using":"xpath","value":"//*[@id=\"application-managesites-display-component---NewSite--addressDetailDetailsLanguage-arrow\"]"}
RESULT: {"using":"xpath","value":"//*[@id=\"application-managesites-display-component---NewSite--addressDetailDetailsLanguage-arrow\"]"}
COMMAND: POST /session/11c278e322621322209dbd84d797ae8b/element/f.1BBDEBF70A0905171D1AD33BCA73C599.d.747F5B6D6D0827A2F7E3B89F5CBC16AB.e.2486/click - {}
RESULT: {}
COMMAND: POST /session/11c278e322621322209dbd84d797ae8b/element - {"using":"xpath","value":"//span[contains(text(), \"English\")]"}
COMMAND: GET /session/11c278e322621322209dbd84d797ae8b/screenshot - {}
RESULT: {"using":"xpath","value":"//span[contains(text(), \"English\")]"}
COMMAND: POST /session/11c278e322621322209dbd84d797ae8b/element/f.1BBDEBF70A0905171D1AD33BCA73C599.d.747F5B6D6D0827A2F7E3B89F5CBC16AB.e.2487/click - {}
RESULT: {}
RESULT: {}
COMMAND: POST /session/11c278e322621322209dbd84d797ae8b/execute/async - {"script":"<script> [1562 bytes]","args":[{"selector":{"id":"application-managesites-display-component---NewSite--addressDetailDetailsCity1","interaction":{"idSuffix":"inner"}},"wdio_ui5_key":"applicationmanagesites-display-component---NewSite--addressDetailDetailsCity1"}]}
COMMAND: GET /session/11c278e322621322209dbd84d797ae8b/screenshot - {}
RESULT: {"script":"<script> [1562 bytes]","args":[{"selector":{"id":"application-managesites-display-component---NewSite--addressDetailDetailsCity1","interaction":{"idSuffix":"inner"}},"wdio_ui5_key":"applicationmanagesites-display-component---NewSite--addressDetailDetailsCity1"}]}
RESULT: undefined
COMMAND: POST /session/11c278e322621322209dbd84d797ae8b/execute/async - {"script":"<script> [776 bytes]","args":[{"enterText":"Rosario","selector":{"id":"application-managesites-display-component---NewSite--addressDetailDetailsCity1","interaction":{"idSuffix":"inner"}},"clearTextFirst":true,"interactionType":"ENTER_TEXT"}]}
RESULT: {}
RESULT: {"script":"<script> [776 bytes]","args":[{"enterText":"Rosario","selector":{"id":"application-managesites-display-component---NewSite--addressDetailDetailsCity1","interaction":{"idSuffix":"inner"}},"clearTextFirst":true,"interactionType":"ENTER_TEXT"}]}
COMMAND: POST /session/11c278e322621322209dbd84d797ae8b/execute/async - {"script":"<script> [1562 bytes]","args":[{"selector":{"id":"application-managesites-display-component---NewSite--addressDetailDetailsCountry-arrow"},"wdio_ui5_key":"applicationmanagesites-display-component---NewSite--addressDetailDetailsCountry-arrow"}]}
RESULT: {"script":"<script> [1562 bytes]","args":[{"selector":{"id":"application-managesites-display-component---NewSite--addressDetailDetailsCountry-arrow"},"wdio_ui5_key":"applicationmanagesites-display-component---NewSite--addressDetailDetailsCountry-arrow"}]}
RESULT: undefined
COMMAND: POST /session/11c278e322621322209dbd84d797ae8b/element - {"using":"xpath","value":"//*[@id=\"application-managesites-display-component---NewSite--addressDetailDetailsCountry-arrow\"]"}
RESULT: {"using":"xpath","value":"//*[@id=\"application-managesites-display-component---NewSite--addressDetailDetailsCountry-arrow\"]"}
COMMAND: POST /session/11c278e322621322209dbd84d797ae8b/element/f.1BBDEBF70A0905171D1AD33BCA73C599.d.747F5B6D6D0827A2F7E3B89F5CBC16AB.e.2489/click - {}
RESULT: {}
COMMAND: POST /session/11c278e322621322209dbd84d797ae8b/element - {"using":"xpath","value":"//span[contains(text(), \"Argentina\")]"}
COMMAND: GET /session/11c278e322621322209dbd84d797ae8b/screenshot - {}
RESULT: {"using":"xpath","value":"//span[contains(text(), \"Argentina\")]"}
COMMAND: POST /session/11c278e322621322209dbd84d797ae8b/element/f.1BBDEBF70A0905171D1AD33BCA73C599.d.747F5B6D6D0827A2F7E3B89F5CBC16AB.e.2490/click - {}
RESULT: {}
RESULT: {}
COMMAND: GET /session/11c278e322621322209dbd84d797ae8b/screenshot - {}
RESULT: {}
COMMAND: POST /session/11c278e322621322209dbd84d797ae8b/execute/async - {"script":"<script> [1562 bytes]","args":[{"selector":{"id":"application-managesites-display-component---NewSite--addressEditDetailsCostObjectCstType-arrow"},"wdio_ui5_key":"applicationmanagesites-display-component---NewSite--addressEditDetailsCostObjectCstType-arrow"}]}
RESULT: {"script":"<script> [1562 bytes]","args":[{"selector":{"id":"application-managesites-display-component---NewSite--addressEditDetailsCostObjectCstType-arrow"},"wdio_ui5_key":"applicationmanagesites-display-component---NewSite--addressEditDetailsCostObjectCstType-arrow"}]}
RESULT: undefined
COMMAND: POST /session/11c278e322621322209dbd84d797ae8b/element - {"using":"xpath","value":"//*[@id=\"application-managesites-display-component---NewSite--addressEditDetailsCostObjectCstType-arrow\"]"}
RESULT: {"using":"xpath","value":"//*[@id=\"application-managesites-display-component---NewSite--addressEditDetailsCostObjectCstType-arrow\"]"}
COMMAND: POST /session/11c278e322621322209dbd84d797ae8b/element/f.1BBDEBF70A0905171D1AD33BCA73C599.d.747F5B6D6D0827A2F7E3B89F5CBC16AB.e.2492/click - {}
RESULT: {}
COMMAND: POST /session/11c278e322621322209dbd84d797ae8b/element - {"using":"xpath","value":"//span[contains(text(), \"Cost Center\")]"}
COMMAND: GET /session/11c278e322621322209dbd84d797ae8b/screenshot - {}
RESULT: {"using":"xpath","value":"//span[contains(text(), \"Cost Center\")]"}
COMMAND: POST /session/11c278e322621322209dbd84d797ae8b/element/f.1BBDEBF70A0905171D1AD33BCA73C599.d.747F5B6D6D0827A2F7E3B89F5CBC16AB.e.2493/click - {}
RESULT: {}
RESULT: {}
COMMAND: GET /session/11c278e322621322209dbd84d797ae8b/screenshot - {}
RESULT: {}
COMMAND: POST /session/11c278e322621322209dbd84d797ae8b/element - {"using":"xpath","value":"//span[@id=\"application-managesites-display-component---NewSite--addressNewCostObjectCstID-vhi\"]"}
RESULT: {"using":"xpath","value":"//span[@id=\"application-managesites-display-component---NewSite--addressNewCostObjectCstID-vhi\"]"}
COMMAND: POST /session/11c278e322621322209dbd84d797ae8b/execute/sync - {"script":"<script> [8489 bytes]","args":[{"element-6066-11e4-a52e-4f735466cecf":"f.1BBDEBF70A0905171D1AD33BCA73C599.d.747F5B6D6D0827A2F7E3B89F5CBC16AB.e.2498","ELEMENT":"f.1BBDEBF70A0905171D1AD33BCA73C599.d.747F5B6D6D0827A2F7E3B89F5CBC16AB.e.2498"}]}
RESULT: {"script":"<script> [8489 bytes]","args":[{"element-6066-11e4-a52e-4f735466cecf":"f.1BBDEBF70A0905171D1AD33BCA73C599.d.747F5B6D6D0827A2F7E3B89F5CBC16AB.e.2498","ELEMENT":"f.1BBDEBF70A0905171D1AD33BCA73C599.d.747F5B6D6D0827A2F7E3B89F5CBC16AB.e.2498"}]}
COMMAND: POST /session/11c278e322621322209dbd84d797ae8b/execute/async - {"script":"<script> [1562 bytes]","args":[{"selector":{"id":"application-managesites-display-component---NewSite--addressNewCostObjectCstID-vhi"},"wdio_ui5_key":"applicationmanagesites-display-component---NewSite--addressNewCostObjectCstID-vhi"}]}
COMMAND: GET /session/11c278e322621322209dbd84d797ae8b/screenshot - {}
RESULT: {"script":"<script> [1562 bytes]","args":[{"selector":{"id":"application-managesites-display-component---NewSite--addressNewCostObjectCstID-vhi"},"wdio_ui5_key":"applicationmanagesites-display-component---NewSite--addressNewCostObjectCstID-vhi"}]}
RESULT: undefined
COMMAND: POST /session/11c278e322621322209dbd84d797ae8b/element - {"using":"xpath","value":"//*[@id=\"application-managesites-display-component---NewSite--addressNewCostObjectCstID-vhi\"]"}
RESULT: {}
RESULT: {"using":"xpath","value":"//*[@id=\"application-managesites-display-component---NewSite--addressNewCostObjectCstID-vhi\"]"}
COMMAND: POST /session/11c278e322621322209dbd84d797ae8b/element/f.1BBDEBF70A0905171D1AD33BCA73C599.d.747F5B6D6D0827A2F7E3B89F5CBC16AB.e.2498/click - {}
RESULT: {}
COMMAND: GET /session/11c278e322621322209dbd84d797ae8b/screenshot - {}
RESULT: {}
RESULT: undefined
COMMAND: POST /session/11c278e322621322209dbd84d797ae8b/execute/async - {"script":"<script> [776 bytes]","args":[{"enterText":"10001013","selector":{"controlType":"sap.m.SearchField","properties":{"placeholder":"Search"},"searchOpenDialogs":true,"interaction":{"idSuffix":"I"}},"clearTextFirst":true,"interactionType":"ENTER_TEXT"}]}
RESULT: {"script":"<script> [776 bytes]","args":[{"enterText":"10001013","selector":{"controlType":"sap.m.SearchField","properties":{"placeholder":"Search"},"searchOpenDialogs":true,"interaction":{"idSuffix":"I"}},"clearTextFirst":true,"interactionType":"ENTER_TEXT"}]}
COMMAND: POST /session/11c278e322621322209dbd84d797ae8b/actions - {"actions":[{"id":"action6","type":"key","parameters":{},"actions":[{"type":"keyDown","value":"î€‡"},{"type":"pause","duration":10},{"type":"keyUp","value":"î€‡"}]}]}
RESULT: {"actions":[{"id":"action6","type":"key","parameters":{},"actions":[{"type":"keyDown","value":"î€‡"},{"type":"pause","duration":10},{"type":"keyUp","value":"î€‡"}]}]}
COMMAND: GET /session/11c278e322621322209dbd84d797ae8b/screenshot - {}
RESULT: {}
COMMAND: POST /session/11c278e322621322209dbd84d797ae8b/element - {"using":"xpath","value":"//span[contains(text(), \"General Management\")]"}
RESULT: {"using":"xpath","value":"//span[contains(text(), \"General Management\")]"}
COMMAND: POST /session/11c278e322621322209dbd84d797ae8b/element/f.1BBDEBF70A0905171D1AD33BCA73C599.d.747F5B6D6D0827A2F7E3B89F5CBC16AB.e.2537/click - {}
RESULT: {}
COMMAND: GET /session/11c278e322621322209dbd84d797ae8b/screenshot - {}
RESULT: {}
COMMAND: POST /session/11c278e322621322209dbd84d797ae8b/element - {"using":"xpath","value":"//bdi[contains(text(), \"OK\")]"}
RESULT: {"using":"xpath","value":"//bdi[contains(text(), \"OK\")]"}
COMMAND: POST /session/11c278e322621322209dbd84d797ae8b/element/f.1BBDEBF70A0905171D1AD33BCA73C599.d.747F5B6D6D0827A2F7E3B89F5CBC16AB.e.2538/click - {}
RESULT: {}
COMMAND: GET /session/11c278e322621322209dbd84d797ae8b/screenshot - {}
RESULT: {}
COMMAND: POST /session/11c278e322621322209dbd84d797ae8b/element - {"using":"xpath","value":"//input[@id=\"application-managesites-display-component---NewSite--addressDetailDetailsCalendar-inner\"]"}
RESULT: {"using":"xpath","value":"//input[@id=\"application-managesites-display-component---NewSite--addressDetailDetailsCalendar-inner\"]"}
COMMAND: POST /session/11c278e322621322209dbd84d797ae8b/element/f.1BBDEBF70A0905171D1AD33BCA73C599.d.747F5B6D6D0827A2F7E3B89F5CBC16AB.e.2284/clear - {}
RESULT: {}
COMMAND: POST /session/11c278e322621322209dbd84d797ae8b/element/f.1BBDEBF70A0905171D1AD33BCA73C599.d.747F5B6D6D0827A2F7E3B89F5CBC16AB.e.2284/value - {"text":"Unit"}
COMMAND: GET /session/11c278e322621322209dbd84d797ae8b/screenshot - {}
RESULT: {"text":"Unit"}
COMMAND: GET /session/11c278e322621322209dbd84d797ae8b/screenshot - {}
RESULT: {}
RESULT: {}
COMMAND: POST /session/11c278e322621322209dbd84d797ae8b/actions - {"actions":[{"id":"action7","type":"key","parameters":{},"actions":[{"type":"keyDown","value":"î€‡"},{"type":"pause","duration":10},{"type":"keyUp","value":"î€‡"}]}]}
RESULT: {"actions":[{"id":"action7","type":"key","parameters":{},"actions":[{"type":"keyDown","value":"î€‡"},{"type":"pause","duration":10},{"type":"keyUp","value":"î€‡"}]}]}
COMMAND: POST /session/11c278e322621322209dbd84d797ae8b/element - {"using":"xpath","value":"//input[@id=\"application-managesites-display-component---NewSite--addressDetailDetailsYard-inner\"]"}
COMMAND: GET /session/11c278e322621322209dbd84d797ae8b/screenshot - {}
RESULT: {"using":"xpath","value":"//input[@id=\"application-managesites-display-component---NewSite--addressDetailDetailsYard-inner\"]"}
COMMAND: POST /session/11c278e322621322209dbd84d797ae8b/element/f.1BBDEBF70A0905171D1AD33BCA73C599.d.747F5B6D6D0827A2F7E3B89F5CBC16AB.e.2285/clear - {}
RESULT: {}
RESULT: {}
COMMAND: POST /session/11c278e322621322209dbd84d797ae8b/element/f.1BBDEBF70A0905171D1AD33BCA73C599.d.747F5B6D6D0827A2F7E3B89F5CBC16AB.e.2285/value - {"text":"467"}
COMMAND: GET /session/11c278e322621322209dbd84d797ae8b/screenshot - {}
RESULT: {"text":"467"}
COMMAND: GET /session/11c278e322621322209dbd84d797ae8b/screenshot - {}
RESULT: {}
RESULT: {}
COMMAND: POST /session/11c278e322621322209dbd84d797ae8b/element - {"using":"xpath","value":"//li[.//span[text()='467']]"}
RESULT: {"using":"xpath","value":"//li[.//span[text()='467']]"}
COMMAND: POST /session/11c278e322621322209dbd84d797ae8b/element/f.1BBDEBF70A0905171D1AD33BCA73C599.d.747F5B6D6D0827A2F7E3B89F5CBC16AB.e.2546/click - {}
RESULT: {}
COMMAND: GET /session/11c278e322621322209dbd84d797ae8b/screenshot - {}
RESULT: {}
COMMAND: POST /session/11c278e322621322209dbd84d797ae8b/element - {"using":"xpath","value":"//input[@id=\"application-managesites-display-component---NewSite--addressDetailDetailsPartner-inner\"]"}
RESULT: {"using":"xpath","value":"//input[@id=\"application-managesites-display-component---NewSite--addressDetailDetailsPartner-inner\"]"}
COMMAND: POST /session/11c278e322621322209dbd84d797ae8b/element - {"using":"xpath","value":"//input[@id=\"application-managesites-display-component---NewSite--addressDetailDetailsPartner-inner\"]"}
RESULT: {"using":"xpath","value":"//input[@id=\"application-managesites-display-component---NewSite--addressDetailDetailsPartner-inner\"]"}
COMMAND: POST /session/11c278e322621322209dbd84d797ae8b/element - {"using":"xpath","value":"//button[@data-kt=\"saveButton\"]"}
RESULT: {"using":"xpath","value":"//button[@data-kt=\"saveButton\"]"}
COMMAND: POST /session/11c278e322621322209dbd84d797ae8b/element/f.1BBDEBF70A0905171D1AD33BCA73C599.d.747F5B6D6D0827A2F7E3B89F5CBC16AB.e.2471/click - {}
RESULT: {}
COMMAND: GET /session/11c278e322621322209dbd84d797ae8b/screenshot - {}
RESULT: {}
COMMAND: POST /session/11c278e322621322209dbd84d797ae8b/element - {"using":"xpath","value":"//header[contains(@id, 'ObjectPageLayout-headerTitle')]/div[1]/div[2]/div[2]/span[1]"}
RESULT: {"using":"xpath","value":"//header[contains(@id, 'ObjectPageLayout-headerTitle')]/div[1]/div[2]/div[2]/span[1]"}
COMMAND: POST /session/11c278e322621322209dbd84d797ae8b/elements - {"using":"xpath","value":"//header[contains(@id, 'ObjectPageLayout-headerTitle')]/div[1]/div[2]/div[2]/span[1]"}
RESULT: {"using":"xpath","value":"//header[contains(@id, 'ObjectPageLayout-headerTitle')]/div[1]/div[2]/div[2]/span[1]"}
COMMAND: POST /session/11c278e322621322209dbd84d797ae8b/execute/sync - {"script":"<script> [56 bytes]","args":[{"element-6066-11e4-a52e-4f735466cecf":"f.1BBDEBF70A0905171D1AD33BCA73C599.d.747F5B6D6D0827A2F7E3B89F5CBC16AB.e.2748","ELEMENT":"f.1BBDEBF70A0905171D1AD33BCA73C599.d.747F5B6D6D0827A2F7E3B89F5CBC16AB.e.2748"}]}
RESULT: {"script":"<script> [56 bytes]","args":[{"element-6066-11e4-a52e-4f735466cecf":"f.1BBDEBF70A0905171D1AD33BCA73C599.d.747F5B6D6D0827A2F7E3B89F5CBC16AB.e.2748","ELEMENT":"f.1BBDEBF70A0905171D1AD33BCA73C599.d.747F5B6D6D0827A2F7E3B89F5CBC16AB.e.2748"}]}
COMMAND: POST /session/11c278e322621322209dbd84d797ae8b/element - {"using":"css selector","value":"#shell-header-logo"}
COMMAND: GET /session/11c278e322621322209dbd84d797ae8b/screenshot - {}
RESULT: {"using":"css selector","value":"#shell-header-logo"}
COMMAND: POST /session/11c278e322621322209dbd84d797ae8b/element/f.1BBDEBF70A0905171D1AD33BCA73C599.d.747F5B6D6D0827A2F7E3B89F5CBC16AB.e.1816/click - {}
RESULT: {}
RESULT: {}
COMMAND: GET /session/11c278e322621322209dbd84d797ae8b/screenshot - {}
RESULT: {}
COMMAND: POST /session/11c278e322621322209dbd84d797ae8b/execute/sync - {"script":"<script> [299 bytes]","args":[["getModel","getResource"]]}
RESULT: {"script":"<script> [299 bytes]","args":[["getModel","getResource"]]}
COMMAND: GET /session/11c278e322621322209dbd84d797ae8b/screenshot - {}
]]></system-out>
    </testcase>
    <testcase classname="chrome.135_0_7049_96.windows.Billing_Transfer_-_Master_data_&amp;_Intercompany_US127250" name="Should create a new equipment" time="123.368">
      <system-out><![CDATA[
COMMAND: POST /session/11c278e322621322209dbd84d797ae8b/execute/async - {"script":"<script> [1562 bytes]","args":[{"selector":{"controlType":"sap.m.GenericTile","properties":{"header":"Manage Resources"}},"wdio_ui5_key":"sapm.GenericTile{\"header\":\"Manage Resources\"}"}]}
RESULT: {}
RESULT: {"script":"<script> [1562 bytes]","args":[{"selector":{"controlType":"sap.m.GenericTile","properties":{"header":"Manage Resources"}},"wdio_ui5_key":"sapm.GenericTile{\"header\":\"Manage Resources\"}"}]}
RESULT: undefined
COMMAND: POST /session/11c278e322621322209dbd84d797ae8b/element - {"using":"xpath","value":"//*[@id=\"__tile39\"]"}
RESULT: {"using":"xpath","value":"//*[@id=\"__tile39\"]"}
COMMAND: POST /session/11c278e322621322209dbd84d797ae8b/element/f.1BBDEBF70A0905171D1AD33BCA73C599.d.747F5B6D6D0827A2F7E3B89F5CBC16AB.e.157/click - {}
RESULT: {}
COMMAND: POST /session/11c278e322621322209dbd84d797ae8b/element - {"using":"xpath","value":"//button[@data-kt=\"addNewRUOverflowToolbarButton\"]"}
COMMAND: GET /session/11c278e322621322209dbd84d797ae8b/screenshot - {}
RESULT: {"using":"xpath","value":"//button[@data-kt=\"addNewRUOverflowToolbarButton\"]"}
COMMAND: POST /session/11c278e322621322209dbd84d797ae8b/elements - {"using":"xpath","value":"//button[@data-kt=\"addNewRUOverflowToolbarButton\"]"}
RESULT: {}
RESULT: {"using":"xpath","value":"//button[@data-kt=\"addNewRUOverflowToolbarButton\"]"}
COMMAND: POST /session/11c278e322621322209dbd84d797ae8b/elements - {"using":"xpath","value":"//button[@data-kt=\"addNewRUOverflowToolbarButton\"]"}
RESULT: {"using":"xpath","value":"//button[@data-kt=\"addNewRUOverflowToolbarButton\"]"}
COMMAND: POST /session/11c278e322621322209dbd84d797ae8b/elements - {"using":"xpath","value":"//button[@data-kt=\"addNewRUOverflowToolbarButton\"]"}
RESULT: {"using":"xpath","value":"//button[@data-kt=\"addNewRUOverflowToolbarButton\"]"}
COMMAND: POST /session/11c278e322621322209dbd84d797ae8b/elements - {"using":"xpath","value":"//button[@data-kt=\"addNewRUOverflowToolbarButton\"]"}
RESULT: {"using":"xpath","value":"//button[@data-kt=\"addNewRUOverflowToolbarButton\"]"}
COMMAND: POST /session/11c278e322621322209dbd84d797ae8b/elements - {"using":"xpath","value":"//button[@data-kt=\"addNewRUOverflowToolbarButton\"]"}
RESULT: {"using":"xpath","value":"//button[@data-kt=\"addNewRUOverflowToolbarButton\"]"}
COMMAND: POST /session/11c278e322621322209dbd84d797ae8b/elements - {"using":"xpath","value":"//button[@data-kt=\"addNewRUOverflowToolbarButton\"]"}
RESULT: {"using":"xpath","value":"//button[@data-kt=\"addNewRUOverflowToolbarButton\"]"}
COMMAND: POST /session/11c278e322621322209dbd84d797ae8b/elements - {"using":"xpath","value":"//button[@data-kt=\"addNewRUOverflowToolbarButton\"]"}
RESULT: {"using":"xpath","value":"//button[@data-kt=\"addNewRUOverflowToolbarButton\"]"}
COMMAND: POST /session/11c278e322621322209dbd84d797ae8b/elements - {"using":"xpath","value":"//button[@data-kt=\"addNewRUOverflowToolbarButton\"]"}
RESULT: {"using":"xpath","value":"//button[@data-kt=\"addNewRUOverflowToolbarButton\"]"}
COMMAND: POST /session/11c278e322621322209dbd84d797ae8b/elements - {"using":"xpath","value":"//button[@data-kt=\"addNewRUOverflowToolbarButton\"]"}
RESULT: {"using":"xpath","value":"//button[@data-kt=\"addNewRUOverflowToolbarButton\"]"}
COMMAND: POST /session/11c278e322621322209dbd84d797ae8b/element - {"using":"xpath","value":"//button[@data-kt=\"addNewRUOverflowToolbarButton\"]"}
RESULT: {"using":"xpath","value":"//button[@data-kt=\"addNewRUOverflowToolbarButton\"]"}
COMMAND: POST /session/11c278e322621322209dbd84d797ae8b/execute/sync - {"script":"<script> [8489 bytes]","args":[{"element-6066-11e4-a52e-4f735466cecf":"f.1BBDEBF70A0905171D1AD33BCA73C599.d.747F5B6D6D0827A2F7E3B89F5CBC16AB.e.2780","ELEMENT":"f.1BBDEBF70A0905171D1AD33BCA73C599.d.747F5B6D6D0827A2F7E3B89F5CBC16AB.e.2780"}]}
RESULT: {"script":"<script> [8489 bytes]","args":[{"element-6066-11e4-a52e-4f735466cecf":"f.1BBDEBF70A0905171D1AD33BCA73C599.d.747F5B6D6D0827A2F7E3B89F5CBC16AB.e.2780","ELEMENT":"f.1BBDEBF70A0905171D1AD33BCA73C599.d.747F5B6D6D0827A2F7E3B89F5CBC16AB.e.2780"}]}
COMMAND: GET /session/11c278e322621322209dbd84d797ae8b/element/f.1BBDEBF70A0905171D1AD33BCA73C599.d.747F5B6D6D0827A2F7E3B89F5CBC16AB.e.2780/enabled - {}
COMMAND: GET /session/11c278e322621322209dbd84d797ae8b/screenshot - {}
RESULT: {}
COMMAND: POST /session/11c278e322621322209dbd84d797ae8b/execute/sync - {"script":"<script> [8489 bytes]","args":[{"element-6066-11e4-a52e-4f735466cecf":"f.1BBDEBF70A0905171D1AD33BCA73C599.d.747F5B6D6D0827A2F7E3B89F5CBC16AB.e.2780","ELEMENT":"f.1BBDEBF70A0905171D1AD33BCA73C599.d.747F5B6D6D0827A2F7E3B89F5CBC16AB.e.2780"}]}
COMMAND: GET /session/11c278e322621322209dbd84d797ae8b/screenshot - {}
RESULT: {}
RESULT: {"script":"<script> [8489 bytes]","args":[{"element-6066-11e4-a52e-4f735466cecf":"f.1BBDEBF70A0905171D1AD33BCA73C599.d.747F5B6D6D0827A2F7E3B89F5CBC16AB.e.2780","ELEMENT":"f.1BBDEBF70A0905171D1AD33BCA73C599.d.747F5B6D6D0827A2F7E3B89F5CBC16AB.e.2780"}]}
COMMAND: POST /session/11c278e322621322209dbd84d797ae8b/execute/sync - {"script":"<script> [5351 bytes]","args":[{"element-6066-11e4-a52e-4f735466cecf":"f.1BBDEBF70A0905171D1AD33BCA73C599.d.747F5B6D6D0827A2F7E3B89F5CBC16AB.e.2780","ELEMENT":"f.1BBDEBF70A0905171D1AD33BCA73C599.d.747F5B6D6D0827A2F7E3B89F5CBC16AB.e.2780"}]}
COMMAND: GET /session/11c278e322621322209dbd84d797ae8b/screenshot - {}
RESULT: {}
RESULT: {"script":"<script> [5351 bytes]","args":[{"element-6066-11e4-a52e-4f735466cecf":"f.1BBDEBF70A0905171D1AD33BCA73C599.d.747F5B6D6D0827A2F7E3B89F5CBC16AB.e.2780","ELEMENT":"f.1BBDEBF70A0905171D1AD33BCA73C599.d.747F5B6D6D0827A2F7E3B89F5CBC16AB.e.2780"}]}
COMMAND: POST /session/11c278e322621322209dbd84d797ae8b/element/f.1BBDEBF70A0905171D1AD33BCA73C599.d.747F5B6D6D0827A2F7E3B89F5CBC16AB.e.2780/click - {}
COMMAND: GET /session/11c278e322621322209dbd84d797ae8b/screenshot - {}
RESULT: {}
RESULT: {}
COMMAND: GET /session/11c278e322621322209dbd84d797ae8b/screenshot - {}
COMMAND: POST /session/11c278e322621322209dbd84d797ae8b/execute/async - {"script":"<script> [1562 bytes]","args":[{"selector":{"id":"application-manageresources-display-component---newResourceUnit--TYPE-arrow"},"wdio_ui5_key":"applicationmanageresources-display-component---newResourceUnit--TYPE-arrow"}]}
RESULT: {}
RESULT: {}
RESULT: {"script":"<script> [1562 bytes]","args":[{"selector":{"id":"application-manageresources-display-component---newResourceUnit--TYPE-arrow"},"wdio_ui5_key":"applicationmanageresources-display-component---newResourceUnit--TYPE-arrow"}]}
RESULT: undefined
COMMAND: POST /session/11c278e322621322209dbd84d797ae8b/element - {"using":"xpath","value":"//*[@id=\"application-manageresources-display-component---newResourceUnit--TYPE-arrow\"]"}
RESULT: {"using":"xpath","value":"//*[@id=\"application-manageresources-display-component---newResourceUnit--TYPE-arrow\"]"}
COMMAND: POST /session/11c278e322621322209dbd84d797ae8b/element/f.1BBDEBF70A0905171D1AD33BCA73C599.d.747F5B6D6D0827A2F7E3B89F5CBC16AB.e.2953/click - {}
RESULT: {}
COMMAND: POST /session/11c278e322621322209dbd84d797ae8b/element - {"using":"xpath","value":"//input[@id=\"application-manageresources-display-component---newResourceUnit--TYPE-inner\"]"}
COMMAND: GET /session/11c278e322621322209dbd84d797ae8b/screenshot - {}
RESULT: {"using":"xpath","value":"//input[@id=\"application-manageresources-display-component---newResourceUnit--TYPE-inner\"]"}
COMMAND: POST /session/11c278e322621322209dbd84d797ae8b/element/f.1BBDEBF70A0905171D1AD33BCA73C599.d.747F5B6D6D0827A2F7E3B89F5CBC16AB.e.2840/clear - {}
RESULT: {}
RESULT: {}
COMMAND: POST /session/11c278e322621322209dbd84d797ae8b/element/f.1BBDEBF70A0905171D1AD33BCA73C599.d.747F5B6D6D0827A2F7E3B89F5CBC16AB.e.2840/value - {"text":"Equipment"}
COMMAND: GET /session/11c278e322621322209dbd84d797ae8b/screenshot - {}
RESULT: {"text":"Equipment"}
COMMAND: GET /session/11c278e322621322209dbd84d797ae8b/screenshot - {}
RESULT: {}
RESULT: {}
COMMAND: POST /session/11c278e322621322209dbd84d797ae8b/actions - {"actions":[{"id":"action8","type":"key","parameters":{},"actions":[{"type":"keyDown","value":"î€‡"},{"type":"pause","duration":10},{"type":"keyUp","value":"î€‡"}]}]}
RESULT: {"actions":[{"id":"action8","type":"key","parameters":{},"actions":[{"type":"keyDown","value":"î€‡"},{"type":"pause","duration":10},{"type":"keyUp","value":"î€‡"}]}]}
COMMAND: POST /session/11c278e322621322209dbd84d797ae8b/execute/async - {"script":"<script> [1562 bytes]","args":[{"selector":{"id":"application-manageresources-display-component---newResourceUnit--resourceId","interaction":{"idSuffix":"inner"}},"wdio_ui5_key":"applicationmanageresources-display-component---newResourceUnit--resourceId"}]}
COMMAND: GET /session/11c278e322621322209dbd84d797ae8b/screenshot - {}
RESULT: {"script":"<script> [1562 bytes]","args":[{"selector":{"id":"application-manageresources-display-component---newResourceUnit--resourceId","interaction":{"idSuffix":"inner"}},"wdio_ui5_key":"applicationmanageresources-display-component---newResourceUnit--resourceId"}]}
RESULT: undefined
COMMAND: POST /session/11c278e322621322209dbd84d797ae8b/execute/async - {"script":"<script> [776 bytes]","args":[{"enterText":"ltfGSCNacd","selector":{"id":"application-manageresources-display-component---newResourceUnit--resourceId","interaction":{"idSuffix":"inner"}},"clearTextFirst":true,"interactionType":"ENTER_TEXT"}]}
RESULT: {}
RESULT: {"script":"<script> [776 bytes]","args":[{"enterText":"ltfGSCNacd","selector":{"id":"application-manageresources-display-component---newResourceUnit--resourceId","interaction":{"idSuffix":"inner"}},"clearTextFirst":true,"interactionType":"ENTER_TEXT"}]}
COMMAND: POST /session/11c278e322621322209dbd84d797ae8b/execute/async - {"script":"<script> [1562 bytes]","args":[{"selector":{"id":"application-manageresources-display-component---newResourceUnit--SHORT_TEXT","interaction":{"idSuffix":"inner"}},"wdio_ui5_key":"applicationmanageresources-display-component---newResourceUnit--SHORT_TEXT"}]}
RESULT: {"script":"<script> [1562 bytes]","args":[{"selector":{"id":"application-manageresources-display-component---newResourceUnit--SHORT_TEXT","interaction":{"idSuffix":"inner"}},"wdio_ui5_key":"applicationmanageresources-display-component---newResourceUnit--SHORT_TEXT"}]}
RESULT: undefined
COMMAND: POST /session/11c278e322621322209dbd84d797ae8b/execute/async - {"script":"<script> [776 bytes]","args":[{"enterText":"Intercompany Equipment WDIO","selector":{"id":"application-manageresources-display-component---newResourceUnit--SHORT_TEXT","interaction":{"idSuffix":"inner"}},"clearTextFirst":true,"interactionType":"ENTER_TEXT"}]}
RESULT: {"script":"<script> [776 bytes]","args":[{"enterText":"Intercompany Equipment WDIO","selector":{"id":"application-manageresources-display-component---newResourceUnit--SHORT_TEXT","interaction":{"idSuffix":"inner"}},"clearTextFirst":true,"interactionType":"ENTER_TEXT"}]}
COMMAND: POST /session/11c278e322621322209dbd84d797ae8b/execute/async - {"script":"<script> [1562 bytes]","args":[{"selector":{"id":"application-manageresources-display-component---newResourceUnit--BASE_UNIT_OF_MEASURE","interaction":{"idSuffix":"inner"}},"wdio_ui5_key":"applicationmanageresources-display-component---newResourceUnit--BASE_UNIT_OF_MEASURE"}]}
RESULT: {"script":"<script> [1562 bytes]","args":[{"selector":{"id":"application-manageresources-display-component---newResourceUnit--BASE_UNIT_OF_MEASURE","interaction":{"idSuffix":"inner"}},"wdio_ui5_key":"applicationmanageresources-display-component---newResourceUnit--BASE_UNIT_OF_MEASURE"}]}
RESULT: undefined
COMMAND: POST /session/11c278e322621322209dbd84d797ae8b/execute/async - {"script":"<script> [776 bytes]","args":[{"enterText":"Piece","selector":{"id":"application-manageresources-display-component---newResourceUnit--BASE_UNIT_OF_MEASURE","interaction":{"idSuffix":"inner"}},"clearTextFirst":true,"interactionType":"ENTER_TEXT"}]}
RESULT: {"script":"<script> [776 bytes]","args":[{"enterText":"Piece","selector":{"id":"application-manageresources-display-component---newResourceUnit--BASE_UNIT_OF_MEASURE","interaction":{"idSuffix":"inner"}},"clearTextFirst":true,"interactionType":"ENTER_TEXT"}]}
COMMAND: POST /session/11c278e322621322209dbd84d797ae8b/execute/async - {"script":"<script> [1562 bytes]","args":[{"selector":{"id":"application-manageresources-display-component---newResourceUnit--WEIGHT_UNIT","interaction":{"idSuffix":"inner"}},"wdio_ui5_key":"applicationmanageresources-display-component---newResourceUnit--WEIGHT_UNIT"}]}
RESULT: {"script":"<script> [1562 bytes]","args":[{"selector":{"id":"application-manageresources-display-component---newResourceUnit--WEIGHT_UNIT","interaction":{"idSuffix":"inner"}},"wdio_ui5_key":"applicationmanageresources-display-component---newResourceUnit--WEIGHT_UNIT"}]}
RESULT: undefined
COMMAND: POST /session/11c278e322621322209dbd84d797ae8b/execute/async - {"script":"<script> [776 bytes]","args":[{"enterText":"Gram","selector":{"id":"application-manageresources-display-component---newResourceUnit--WEIGHT_UNIT","interaction":{"idSuffix":"inner"}},"clearTextFirst":true,"interactionType":"ENTER_TEXT"}]}
RESULT: {"script":"<script> [776 bytes]","args":[{"enterText":"Gram","selector":{"id":"application-manageresources-display-component---newResourceUnit--WEIGHT_UNIT","interaction":{"idSuffix":"inner"}},"clearTextFirst":true,"interactionType":"ENTER_TEXT"}]}
COMMAND: POST /session/11c278e322621322209dbd84d797ae8b/execute/async - {"script":"<script> [1562 bytes]","args":[{"selector":{"id":"application-manageresources-display-component---newResourceUnit--DIMENSION_UNIT","interaction":{"idSuffix":"inner"}},"wdio_ui5_key":"applicationmanageresources-display-component---newResourceUnit--DIMENSION_UNIT"}]}
RESULT: {"script":"<script> [1562 bytes]","args":[{"selector":{"id":"application-manageresources-display-component---newResourceUnit--DIMENSION_UNIT","interaction":{"idSuffix":"inner"}},"wdio_ui5_key":"applicationmanageresources-display-component---newResourceUnit--DIMENSION_UNIT"}]}
RESULT: undefined
COMMAND: POST /session/11c278e322621322209dbd84d797ae8b/execute/async - {"script":"<script> [776 bytes]","args":[{"enterText":"Meter","selector":{"id":"application-manageresources-display-component---newResourceUnit--DIMENSION_UNIT","interaction":{"idSuffix":"inner"}},"clearTextFirst":true,"interactionType":"ENTER_TEXT"}]}
RESULT: {"script":"<script> [776 bytes]","args":[{"enterText":"Meter","selector":{"id":"application-manageresources-display-component---newResourceUnit--DIMENSION_UNIT","interaction":{"idSuffix":"inner"}},"clearTextFirst":true,"interactionType":"ENTER_TEXT"}]}
COMMAND: POST /session/11c278e322621322209dbd84d797ae8b/execute/async - {"script":"<script> [1562 bytes]","args":[{"selector":{"id":"application-manageresources-display-component---newResourceUnit--newRRUPage-anchBar-application-manageresources-display-component---newResourceUnit--control-anchor","interaction":{"idSuffix":"BDI-content"}},"wdio_ui5_key":"applicationmanageresources-display-component---newResourceUnit--newRRUPage-anchBar-application-manageresources-display-component---newResourceUnit--control-anchor"}]}
RESULT: {"script":"<script> [1562 bytes]","args":[{"selector":{"id":"application-manageresources-display-component---newResourceUnit--newRRUPage-anchBar-application-manageresources-display-component---newResourceUnit--control-anchor","interaction":{"idSuffix":"BDI-content"}},"wdio_ui5_key":"applicationmanageresources-display-component---newResourceUnit--newRRUPage-anchBar-application-manageresources-display-component---newResourceUnit--control-anchor"}]}
RESULT: undefined
COMMAND: POST /session/11c278e322621322209dbd84d797ae8b/element - {"using":"xpath","value":"//*[@id=\"application-manageresources-display-component---newResourceUnit--newRRUPage-anchBar-application-manageresources-display-component---newResourceUnit--control-anchor\"]"}
RESULT: {"using":"xpath","value":"//*[@id=\"application-manageresources-display-component---newResourceUnit--newRRUPage-anchBar-application-manageresources-display-component---newResourceUnit--control-anchor\"]"}
COMMAND: POST /session/11c278e322621322209dbd84d797ae8b/element/f.1BBDEBF70A0905171D1AD33BCA73C599.d.747F5B6D6D0827A2F7E3B89F5CBC16AB.e.3086/click - {}
RESULT: {}
COMMAND: POST /session/11c278e322621322209dbd84d797ae8b/execute/async - {"script":"<script> [1562 bytes]","args":[{"selector":{"id":"application-manageresources-display-component---newResourceUnit--PLANNING_GROUP","interaction":{"idSuffix":"inner"}},"wdio_ui5_key":"applicationmanageresources-display-component---newResourceUnit--PLANNING_GROUP"}]}
COMMAND: GET /session/11c278e322621322209dbd84d797ae8b/screenshot - {}
RESULT: {"script":"<script> [1562 bytes]","args":[{"selector":{"id":"application-manageresources-display-component---newResourceUnit--PLANNING_GROUP","interaction":{"idSuffix":"inner"}},"wdio_ui5_key":"applicationmanageresources-display-component---newResourceUnit--PLANNING_GROUP"}]}
RESULT: undefined
COMMAND: POST /session/11c278e322621322209dbd84d797ae8b/execute/async - {"script":"<script> [776 bytes]","args":[{"enterText":"Heavy Equi","selector":{"id":"application-manageresources-display-component---newResourceUnit--PLANNING_GROUP","interaction":{"idSuffix":"inner"}},"clearTextFirst":true,"interactionType":"ENTER_TEXT"}]}
RESULT: {}
RESULT: {"script":"<script> [776 bytes]","args":[{"enterText":"Heavy Equi","selector":{"id":"application-manageresources-display-component---newResourceUnit--PLANNING_GROUP","interaction":{"idSuffix":"inner"}},"clearTextFirst":true,"interactionType":"ENTER_TEXT"}]}
COMMAND: POST /session/11c278e322621322209dbd84d797ae8b/execute/async - {"script":"<script> [1562 bytes]","args":[{"selector":{"id":"application-manageresources-display-component---newResourceUnit--ITEM_TYPE-arrow"},"wdio_ui5_key":"applicationmanageresources-display-component---newResourceUnit--ITEM_TYPE-arrow"}]}
RESULT: {"script":"<script> [1562 bytes]","args":[{"selector":{"id":"application-manageresources-display-component---newResourceUnit--ITEM_TYPE-arrow"},"wdio_ui5_key":"applicationmanageresources-display-component---newResourceUnit--ITEM_TYPE-arrow"}]}
RESULT: undefined
COMMAND: POST /session/11c278e322621322209dbd84d797ae8b/element - {"using":"xpath","value":"//*[@id=\"application-manageresources-display-component---newResourceUnit--ITEM_TYPE-arrow\"]"}
RESULT: {"using":"xpath","value":"//*[@id=\"application-manageresources-display-component---newResourceUnit--ITEM_TYPE-arrow\"]"}
COMMAND: POST /session/11c278e322621322209dbd84d797ae8b/element/f.1BBDEBF70A0905171D1AD33BCA73C599.d.747F5B6D6D0827A2F7E3B89F5CBC16AB.e.3093/click - {}
RESULT: {}
COMMAND: POST /session/11c278e322621322209dbd84d797ae8b/element - {"using":"xpath","value":"(//span[contains(text(), \"Resource Unit\")])[2]"}
COMMAND: GET /session/11c278e322621322209dbd84d797ae8b/screenshot - {}
RESULT: {"using":"xpath","value":"(//span[contains(text(), \"Resource Unit\")])[2]"}
COMMAND: POST /session/11c278e322621322209dbd84d797ae8b/element/f.1BBDEBF70A0905171D1AD33BCA73C599.d.747F5B6D6D0827A2F7E3B89F5CBC16AB.e.3094/click - {}
RESULT: {}
RESULT: {}
COMMAND: GET /session/11c278e322621322209dbd84d797ae8b/screenshot - {}
RESULT: {}
COMMAND: POST /session/11c278e322621322209dbd84d797ae8b/element - {"using":"css selector","value":"#application-manageresources-display-component---newResourceUnit--btnAddTimeSegment"}
RESULT: {"using":"css selector","value":"#application-manageresources-display-component---newResourceUnit--btnAddTimeSegment"}
COMMAND: GET /session/11c278e322621322209dbd84d797ae8b/element/f.1BBDEBF70A0905171D1AD33BCA73C599.d.747F5B6D6D0827A2F7E3B89F5CBC16AB.e.3095/rect - {}
RESULT: {}
COMMAND: GET /session/11c278e322621322209dbd84d797ae8b/window/rect - {}
RESULT: {}
COMMAND: POST /session/11c278e322621322209dbd84d797ae8b/execute/sync - {"script":"<script> [92 bytes]","args":[]}
RESULT: {"script":"<script> [92 bytes]","args":[]}
COMMAND: POST /session/11c278e322621322209dbd84d797ae8b/actions - {"actions":[{"id":"action9","type":"wheel","parameters":{},"actions":[{"type":"scroll","x":-1888,"y":-32,"deltaX":0,"deltaY":0,"duration":0,"origin":{"element-6066-11e4-a52e-4f735466cecf":"f.1BBDEBF70A0905171D1AD33BCA73C599.d.747F5B6D6D0827A2F7E3B89F5CBC16AB.e.3095"}}]}]}
COMMAND: GET /session/11c278e322621322209dbd84d797ae8b/screenshot - {}
RESULT: {}
COMMAND: POST /session/11c278e322621322209dbd84d797ae8b/execute/sync - {"script":"<script> [79 bytes]","args":[{"element-6066-11e4-a52e-4f735466cecf":"f.1BBDEBF70A0905171D1AD33BCA73C599.d.747F5B6D6D0827A2F7E3B89F5CBC16AB.e.3095","ELEMENT":"f.1BBDEBF70A0905171D1AD33BCA73C599.d.747F5B6D6D0827A2F7E3B89F5CBC16AB.e.3095"},{"block":"start","inline":"nearest"}]}
RESULT: {"script":"<script> [79 bytes]","args":[{"element-6066-11e4-a52e-4f735466cecf":"f.1BBDEBF70A0905171D1AD33BCA73C599.d.747F5B6D6D0827A2F7E3B89F5CBC16AB.e.3095","ELEMENT":"f.1BBDEBF70A0905171D1AD33BCA73C599.d.747F5B6D6D0827A2F7E3B89F5CBC16AB.e.3095"},{"block":"start","inline":"nearest"}]}
COMMAND: POST /session/11c278e322621322209dbd84d797ae8b/execute/async - {"script":"<script> [1562 bytes]","args":[{"selector":{"id":"application-manageresources-display-component---newResourceUnit--btnAddTimeSegment","interaction":{"idSuffix":"inner"}},"wdio_ui5_key":"applicationmanageresources-display-component---newResourceUnit--btnAddTimeSegment"}]}
COMMAND: GET /session/11c278e322621322209dbd84d797ae8b/screenshot - {}
RESULT: {"script":"<script> [1562 bytes]","args":[{"selector":{"id":"application-manageresources-display-component---newResourceUnit--btnAddTimeSegment","interaction":{"idSuffix":"inner"}},"wdio_ui5_key":"applicationmanageresources-display-component---newResourceUnit--btnAddTimeSegment"}]}
RESULT: undefined
COMMAND: POST /session/11c278e322621322209dbd84d797ae8b/element - {"using":"xpath","value":"//*[@id=\"application-manageresources-display-component---newResourceUnit--btnAddTimeSegment\"]"}
RESULT: {}
RESULT: {"using":"xpath","value":"//*[@id=\"application-manageresources-display-component---newResourceUnit--btnAddTimeSegment\"]"}
COMMAND: POST /session/11c278e322621322209dbd84d797ae8b/element/f.1BBDEBF70A0905171D1AD33BCA73C599.d.747F5B6D6D0827A2F7E3B89F5CBC16AB.e.3095/click - {}
RESULT: {}
COMMAND: GET /session/11c278e322621322209dbd84d797ae8b/screenshot - {}
RESULT: {}
COMMAND: POST /session/11c278e322621322209dbd84d797ae8b/element - {"using":"xpath","value":"//input[@id=\"application-manageresources-display-component---newResourceUnit--idRuTSAdmin-application-manageresources-display-component---newResourceUnit--RUTimeSegment-0-inner\"]"}
RESULT: {"using":"xpath","value":"//input[@id=\"application-manageresources-display-component---newResourceUnit--idRuTSAdmin-application-manageresources-display-component---newResourceUnit--RUTimeSegment-0-inner\"]"}
COMMAND: POST /session/11c278e322621322209dbd84d797ae8b/element/f.1BBDEBF70A0905171D1AD33BCA73C599.d.747F5B6D6D0827A2F7E3B89F5CBC16AB.e.3101/clear - {}
RESULT: {}
COMMAND: POST /session/11c278e322621322209dbd84d797ae8b/element/f.1BBDEBF70A0905171D1AD33BCA73C599.d.747F5B6D6D0827A2F7E3B89F5CBC16AB.e.3101/value - {"text":"467"}
COMMAND: GET /session/11c278e322621322209dbd84d797ae8b/screenshot - {}
RESULT: {"text":"467"}
COMMAND: GET /session/11c278e322621322209dbd84d797ae8b/screenshot - {}
RESULT: {}
RESULT: {}
COMMAND: POST /session/11c278e322621322209dbd84d797ae8b/element - {"using":"xpath","value":"//li[.//span[text()='467']]"}
RESULT: {"using":"xpath","value":"//li[.//span[text()='467']]"}
COMMAND: POST /session/11c278e322621322209dbd84d797ae8b/element/f.1BBDEBF70A0905171D1AD33BCA73C599.d.747F5B6D6D0827A2F7E3B89F5CBC16AB.e.3113/click - {}
RESULT: {}
COMMAND: GET /session/11c278e322621322209dbd84d797ae8b/screenshot - {}
RESULT: {}
COMMAND: POST /session/11c278e322621322209dbd84d797ae8b/element - {"using":"xpath","value":"(//span[contains(@id, \"-application-manageresources-display-component---newResourceUnit--RUTimeSegment-0-arrow\")])[6]"}
RESULT: {"using":"xpath","value":"(//span[contains(@id, \"-application-manageresources-display-component---newResourceUnit--RUTimeSegment-0-arrow\")])[6]"}
COMMAND: POST /session/11c278e322621322209dbd84d797ae8b/element/f.1BBDEBF70A0905171D1AD33BCA73C599.d.747F5B6D6D0827A2F7E3B89F5CBC16AB.e.3114/click - {}
RESULT: {}
COMMAND: GET /session/11c278e322621322209dbd84d797ae8b/screenshot - {}
RESULT: {}
COMMAND: POST /session/11c278e322621322209dbd84d797ae8b/element - {"using":"xpath","value":"//span[contains(text(), \"PM Order\")]"}
RESULT: {"using":"xpath","value":"//span[contains(text(), \"PM Order\")]"}
COMMAND: POST /session/11c278e322621322209dbd84d797ae8b/element/f.1BBDEBF70A0905171D1AD33BCA73C599.d.747F5B6D6D0827A2F7E3B89F5CBC16AB.e.3117/click - {}
RESULT: {}
COMMAND: GET /session/11c278e322621322209dbd84d797ae8b/screenshot - {}
RESULT: {}
COMMAND: POST /session/11c278e322621322209dbd84d797ae8b/element - {"using":"xpath","value":"(//span[contains(@id ,\"manageresources-display-component---newResourceUnit--RUTimeSegment-0-vhi\")])[1]"}
RESULT: {"using":"xpath","value":"(//span[contains(@id ,\"manageresources-display-component---newResourceUnit--RUTimeSegment-0-vhi\")])[1]"}
COMMAND: GET /session/11c278e322621322209dbd84d797ae8b/element/f.1BBDEBF70A0905171D1AD33BCA73C599.d.747F5B6D6D0827A2F7E3B89F5CBC16AB.e.3121/rect - {}
RESULT: {}
COMMAND: GET /session/11c278e322621322209dbd84d797ae8b/window/rect - {}
RESULT: {}
COMMAND: POST /session/11c278e322621322209dbd84d797ae8b/execute/sync - {"script":"<script> [92 bytes]","args":[]}
RESULT: {"script":"<script> [92 bytes]","args":[]}
COMMAND: POST /session/11c278e322621322209dbd84d797ae8b/actions - {"actions":[{"id":"action10","type":"wheel","parameters":{},"actions":[{"type":"scroll","x":-869,"y":-24,"deltaX":0,"deltaY":0,"duration":0,"origin":{"element-6066-11e4-a52e-4f735466cecf":"f.1BBDEBF70A0905171D1AD33BCA73C599.d.747F5B6D6D0827A2F7E3B89F5CBC16AB.e.3121"}}]}]}
COMMAND: GET /session/11c278e322621322209dbd84d797ae8b/screenshot - {}
RESULT: {"actions":[{"id":"action10","type":"wheel","parameters":{},"actions":[{"type":"scroll","x":-869,"y":-24,"deltaX":0,"deltaY":0,"duration":0,"origin":{"element-6066-11e4-a52e-4f735466cecf":"f.1BBDEBF70A0905171D1AD33BCA73C599.d.747F5B6D6D0827A2F7E3B89F5CBC16AB.e.3121"}}]}]}
COMMAND: DELETE /session/11c278e322621322209dbd84d797ae8b/actions - {}
COMMAND: GET /session/11c278e322621322209dbd84d797ae8b/screenshot - {}
RESULT: {}
RESULT: {}
COMMAND: GET /session/11c278e322621322209dbd84d797ae8b/screenshot - {}
RESULT: {}
RESULT: {}
COMMAND: POST /session/11c278e322621322209dbd84d797ae8b/element/f.1BBDEBF70A0905171D1AD33BCA73C599.d.747F5B6D6D0827A2F7E3B89F5CBC16AB.e.3121/click - {}
RESULT: {}
COMMAND: GET /session/11c278e322621322209dbd84d797ae8b/screenshot - {}
RESULT: {}
RESULT: undefined
COMMAND: POST /session/11c278e322621322209dbd84d797ae8b/execute/async - {"script":"<script> [776 bytes]","args":[{"enterText":"4000360","selector":{"controlType":"sap.m.SearchField","properties":{"placeholder":"Search"},"searchOpenDialogs":true,"interaction":{"idSuffix":"I"}},"clearTextFirst":true,"interactionType":"ENTER_TEXT"}]}
RESULT: {"script":"<script> [776 bytes]","args":[{"enterText":"4000360","selector":{"controlType":"sap.m.SearchField","properties":{"placeholder":"Search"},"searchOpenDialogs":true,"interaction":{"idSuffix":"I"}},"clearTextFirst":true,"interactionType":"ENTER_TEXT"}]}
COMMAND: POST /session/11c278e322621322209dbd84d797ae8b/actions - {"actions":[{"id":"action11","type":"key","parameters":{},"actions":[{"type":"keyDown","value":"î€‡"},{"type":"pause","duration":10},{"type":"keyUp","value":"î€‡"}]}]}
RESULT: {"actions":[{"id":"action11","type":"key","parameters":{},"actions":[{"type":"keyDown","value":"î€‡"},{"type":"pause","duration":10},{"type":"keyUp","value":"î€‡"}]}]}
COMMAND: GET /session/11c278e322621322209dbd84d797ae8b/screenshot - {}
RESULT: {}
COMMAND: POST /session/11c278e322621322209dbd84d797ae8b/element - {"using":"xpath","value":"//td/div/span[contains(text(), \"BGL Vehicles\")]"}
RESULT: {"using":"xpath","value":"//td/div/span[contains(text(), \"BGL Vehicles\")]"}
COMMAND: POST /session/11c278e322621322209dbd84d797ae8b/element/f.1BBDEBF70A0905171D1AD33BCA73C599.d.747F5B6D6D0827A2F7E3B89F5CBC16AB.e.3141/click - {}
RESULT: {}
COMMAND: GET /session/11c278e322621322209dbd84d797ae8b/screenshot - {}
RESULT: {}
COMMAND: POST /session/11c278e322621322209dbd84d797ae8b/element - {"using":"xpath","value":"//bdi[contains(text(), \"OK\")]"}
RESULT: {"using":"xpath","value":"//bdi[contains(text(), \"OK\")]"}
COMMAND: POST /session/11c278e322621322209dbd84d797ae8b/element/f.1BBDEBF70A0905171D1AD33BCA73C599.d.747F5B6D6D0827A2F7E3B89F5CBC16AB.e.3142/click - {}
RESULT: {}
COMMAND: GET /session/11c278e322621322209dbd84d797ae8b/screenshot - {}
RESULT: {}
COMMAND: POST /session/11c278e322621322209dbd84d797ae8b/execute/async - {"script":"<script> [1562 bytes]","args":[{"selector":{"id":"application-manageresources-display-component---newResourceUnit--newRRUPage-anchBar-application-manageresources-display-component---newResourceUnit--resource-anchor","interaction":{"idSuffix":"BDI-content"}},"wdio_ui5_key":"applicationmanageresources-display-component---newResourceUnit--newRRUPage-anchBar-application-manageresources-display-component---newResourceUnit--resource-anchor"}]}
RESULT: {"script":"<script> [1562 bytes]","args":[{"selector":{"id":"application-manageresources-display-component---newResourceUnit--newRRUPage-anchBar-application-manageresources-display-component---newResourceUnit--resource-anchor","interaction":{"idSuffix":"BDI-content"}},"wdio_ui5_key":"applicationmanageresources-display-component---newResourceUnit--newRRUPage-anchBar-application-manageresources-display-component---newResourceUnit--resource-anchor"}]}
RESULT: undefined
COMMAND: POST /session/11c278e322621322209dbd84d797ae8b/element - {"using":"xpath","value":"//*[@id=\"application-manageresources-display-component---newResourceUnit--newRRUPage-anchBar-application-manageresources-display-component---newResourceUnit--resource-anchor\"]"}
RESULT: {"using":"xpath","value":"//*[@id=\"application-manageresources-display-component---newResourceUnit--newRRUPage-anchBar-application-manageresources-display-component---newResourceUnit--resource-anchor\"]"}
COMMAND: POST /session/11c278e322621322209dbd84d797ae8b/element/f.1BBDEBF70A0905171D1AD33BCA73C599.d.747F5B6D6D0827A2F7E3B89F5CBC16AB.e.3146/click - {}
RESULT: {}
COMMAND: POST /session/11c278e322621322209dbd84d797ae8b/execute/async - {"script":"<script> [1562 bytes]","args":[{"selector":{"id":"application-manageresources-display-component---newResourceUnit--PLANNED_DELIVERY_DATE","interaction":{"idSuffix":"inner"}},"wdio_ui5_key":"applicationmanageresources-display-component---newResourceUnit--PLANNED_DELIVERY_DATE"}]}
COMMAND: GET /session/11c278e322621322209dbd84d797ae8b/screenshot - {}
RESULT: {"script":"<script> [1562 bytes]","args":[{"selector":{"id":"application-manageresources-display-component---newResourceUnit--PLANNED_DELIVERY_DATE","interaction":{"idSuffix":"inner"}},"wdio_ui5_key":"applicationmanageresources-display-component---newResourceUnit--PLANNED_DELIVERY_DATE"}]}
RESULT: undefined
COMMAND: POST /session/11c278e322621322209dbd84d797ae8b/execute/async - {"script":"<script> [6424 bytes]","args":[{"element-6066-11e4-a52e-4f735466cecf":"f.1BBDEBF70A0905171D1AD33BCA73C599.d.747F5B6D6D0827A2F7E3B89F5CBC16AB.e.3009"},"setValue",["4/30/25"]]}
RESULT: {}
RESULT: {"script":"<script> [6424 bytes]","args":[{"element-6066-11e4-a52e-4f735466cecf":"f.1BBDEBF70A0905171D1AD33BCA73C599.d.747F5B6D6D0827A2F7E3B89F5CBC16AB.e.3009"},"setValue",["4/30/25"]]}
COMMAND: POST /session/11c278e322621322209dbd84d797ae8b/element - {"using":"xpath","value":"//button[@data-kt=\"resourceUnitSaveButton\"]"}
RESULT: {"using":"xpath","value":"//button[@data-kt=\"resourceUnitSaveButton\"]"}
COMMAND: POST /session/11c278e322621322209dbd84d797ae8b/element/f.1BBDEBF70A0905171D1AD33BCA73C599.d.747F5B6D6D0827A2F7E3B89F5CBC16AB.e.2970/click - {}
RESULT: {}
COMMAND: GET /session/11c278e322621322209dbd84d797ae8b/screenshot - {}
RESULT: {}
COMMAND: POST /session/11c278e322621322209dbd84d797ae8b/element - {"using":"xpath","value":"//bdi[contains(text(), \"Close\")]"}
RESULT: {"using":"xpath","value":"//bdi[contains(text(), \"Close\")]"}
COMMAND: POST /session/11c278e322621322209dbd84d797ae8b/element/f.1BBDEBF70A0905171D1AD33BCA73C599.d.747F5B6D6D0827A2F7E3B89F5CBC16AB.e.3155/click - {}
RESULT: {}
COMMAND: GET /session/11c278e322621322209dbd84d797ae8b/screenshot - {}
RESULT: {}
COMMAND: POST /session/11c278e322621322209dbd84d797ae8b/element - {"using":"xpath","value":"(//button[contains(@id ,\"actionsToolbar-overflowButton\")])[1]"}
RESULT: {"using":"xpath","value":"(//button[contains(@id ,\"actionsToolbar-overflowButton\")])[1]"}
COMMAND: POST /session/11c278e322621322209dbd84d797ae8b/element/f.1BBDEBF70A0905171D1AD33BCA73C599.d.747F5B6D6D0827A2F7E3B89F5CBC16AB.e.3211/click - {}
RESULT: {}
COMMAND: GET /session/11c278e322621322209dbd84d797ae8b/screenshot - {}
RESULT: {}
COMMAND: POST /session/11c278e322621322209dbd84d797ae8b/element - {"using":"xpath","value":"//button[@data-kt=\"priceInfoButton\"]"}
RESULT: {"using":"xpath","value":"//button[@data-kt=\"priceInfoButton\"]"}
COMMAND: POST /session/11c278e322621322209dbd84d797ae8b/element/f.1BBDEBF70A0905171D1AD33BCA73C599.d.747F5B6D6D0827A2F7E3B89F5CBC16AB.e.3213/click - {}
RESULT: {}
COMMAND: GET /session/11c278e322621322209dbd84d797ae8b/screenshot - {}
RESULT: {}
]]></system-out>
    </testcase>
    <testcase classname="chrome.135_0_7049_96.windows.Billing_Transfer_-_Master_data_&amp;_Intercompany_US127250" name="Should create new pricing rule TB on the equipment TB" time="53.311">
      <system-out><![CDATA[
COMMAND: POST /session/11c278e322621322209dbd84d797ae8b/element - {"using":"xpath","value":"//button[@data-kt=\"addButton\"]"}
RESULT: {"using":"xpath","value":"//button[@data-kt=\"addButton\"]"}
COMMAND: POST /session/11c278e322621322209dbd84d797ae8b/elements - {"using":"xpath","value":"//button[@data-kt=\"addButton\"]"}
RESULT: {"using":"xpath","value":"//button[@data-kt=\"addButton\"]"}
COMMAND: POST /session/11c278e322621322209dbd84d797ae8b/elements - {"using":"xpath","value":"//button[@data-kt=\"addButton\"]"}
RESULT: {"using":"xpath","value":"//button[@data-kt=\"addButton\"]"}
COMMAND: POST /session/11c278e322621322209dbd84d797ae8b/element - {"using":"xpath","value":"//button[@data-kt=\"addButton\"]"}
RESULT: {"using":"xpath","value":"//button[@data-kt=\"addButton\"]"}
COMMAND: POST /session/11c278e322621322209dbd84d797ae8b/execute/sync - {"script":"<script> [8489 bytes]","args":[{"element-6066-11e4-a52e-4f735466cecf":"f.1BBDEBF70A0905171D1AD33BCA73C599.d.747F5B6D6D0827A2F7E3B89F5CBC16AB.e.3249","ELEMENT":"f.1BBDEBF70A0905171D1AD33BCA73C599.d.747F5B6D6D0827A2F7E3B89F5CBC16AB.e.3249"}]}
RESULT: {"script":"<script> [8489 bytes]","args":[{"element-6066-11e4-a52e-4f735466cecf":"f.1BBDEBF70A0905171D1AD33BCA73C599.d.747F5B6D6D0827A2F7E3B89F5CBC16AB.e.3249","ELEMENT":"f.1BBDEBF70A0905171D1AD33BCA73C599.d.747F5B6D6D0827A2F7E3B89F5CBC16AB.e.3249"}]}
COMMAND: GET /session/11c278e322621322209dbd84d797ae8b/element/f.1BBDEBF70A0905171D1AD33BCA73C599.d.747F5B6D6D0827A2F7E3B89F5CBC16AB.e.3249/enabled - {}
COMMAND: GET /session/11c278e322621322209dbd84d797ae8b/screenshot - {}
RESULT: {}
COMMAND: POST /session/11c278e322621322209dbd84d797ae8b/execute/sync - {"script":"<script> [8489 bytes]","args":[{"element-6066-11e4-a52e-4f735466cecf":"f.1BBDEBF70A0905171D1AD33BCA73C599.d.747F5B6D6D0827A2F7E3B89F5CBC16AB.e.3249","ELEMENT":"f.1BBDEBF70A0905171D1AD33BCA73C599.d.747F5B6D6D0827A2F7E3B89F5CBC16AB.e.3249"}]}
COMMAND: GET /session/11c278e322621322209dbd84d797ae8b/screenshot - {}
RESULT: {}
RESULT: {"script":"<script> [8489 bytes]","args":[{"element-6066-11e4-a52e-4f735466cecf":"f.1BBDEBF70A0905171D1AD33BCA73C599.d.747F5B6D6D0827A2F7E3B89F5CBC16AB.e.3249","ELEMENT":"f.1BBDEBF70A0905171D1AD33BCA73C599.d.747F5B6D6D0827A2F7E3B89F5CBC16AB.e.3249"}]}
COMMAND: POST /session/11c278e322621322209dbd84d797ae8b/execute/sync - {"script":"<script> [5351 bytes]","args":[{"element-6066-11e4-a52e-4f735466cecf":"f.1BBDEBF70A0905171D1AD33BCA73C599.d.747F5B6D6D0827A2F7E3B89F5CBC16AB.e.3249","ELEMENT":"f.1BBDEBF70A0905171D1AD33BCA73C599.d.747F5B6D6D0827A2F7E3B89F5CBC16AB.e.3249"}]}
COMMAND: GET /session/11c278e322621322209dbd84d797ae8b/screenshot - {}
RESULT: {}
RESULT: {"script":"<script> [5351 bytes]","args":[{"element-6066-11e4-a52e-4f735466cecf":"f.1BBDEBF70A0905171D1AD33BCA73C599.d.747F5B6D6D0827A2F7E3B89F5CBC16AB.e.3249","ELEMENT":"f.1BBDEBF70A0905171D1AD33BCA73C599.d.747F5B6D6D0827A2F7E3B89F5CBC16AB.e.3249"}]}
COMMAND: POST /session/11c278e322621322209dbd84d797ae8b/element/f.1BBDEBF70A0905171D1AD33BCA73C599.d.747F5B6D6D0827A2F7E3B89F5CBC16AB.e.3249/click - {}
COMMAND: GET /session/11c278e322621322209dbd84d797ae8b/screenshot - {}
RESULT: {}
RESULT: {}
COMMAND: GET /session/11c278e322621322209dbd84d797ae8b/screenshot - {}
RESULT: {}
RESULT: {}
COMMAND: POST /session/11c278e322621322209dbd84d797ae8b/execute/async - {"script":"<script> [1562 bytes]","args":[{"selector":{"controlType":"sap.m.Title","viewName":"etm.portal.ui.managepricingrules.view.NewItem","viewId":"application-managepricingrules-display-component---newInfoPriceItem","properties":{"text":"New Pricing Rules - Item Level"}},"wdio_ui5_key":"etmportal.ui.managepricingrules.view.NewItemsap.m.Title{\"text\":\"New Pricing Rules - Item Level\"}"}]}
RESULT: {"script":"<script> [1562 bytes]","args":[{"selector":{"controlType":"sap.m.Title","viewName":"etm.portal.ui.managepricingrules.view.NewItem","viewId":"application-managepricingrules-display-component---newInfoPriceItem","properties":{"text":"New Pricing Rules - Item Level"}},"wdio_ui5_key":"etmportal.ui.managepricingrules.view.NewItemsap.m.Title{\"text\":\"New Pricing Rules - Item Level\"}"}]}
RESULT: undefined
COMMAND: POST /session/11c278e322621322209dbd84d797ae8b/execute/async - {"script":"<script> [6424 bytes]","args":[{"element-6066-11e4-a52e-4f735466cecf":"f.1BBDEBF70A0905171D1AD33BCA73C599.d.747F5B6D6D0827A2F7E3B89F5CBC16AB.e.3417"},"getText",[]]}
RESULT: {"script":"<script> [6424 bytes]","args":[{"element-6066-11e4-a52e-4f735466cecf":"f.1BBDEBF70A0905171D1AD33BCA73C599.d.747F5B6D6D0827A2F7E3B89F5CBC16AB.e.3417"},"getText",[]]}
COMMAND: POST /session/11c278e322621322209dbd84d797ae8b/execute/async - {"script":"<script> [1562 bytes]","args":[{"selector":{"id":"application-managepricingrules-display-component---newInfoPriceItem--condValidTo","interaction":{"idSuffix":"inner"}},"wdio_ui5_key":"applicationmanagepricingrules-display-component---newInfoPriceItem--condValidTo"}]}
RESULT: {"script":"<script> [1562 bytes]","args":[{"selector":{"id":"application-managepricingrules-display-component---newInfoPriceItem--condValidTo","interaction":{"idSuffix":"inner"}},"wdio_ui5_key":"applicationmanagepricingrules-display-component---newInfoPriceItem--condValidTo"}]}
RESULT: undefined
COMMAND: POST /session/11c278e322621322209dbd84d797ae8b/execute/async - {"script":"<script> [776 bytes]","args":[{"enterText":"12/30/25","selector":{"id":"application-managepricingrules-display-component---newInfoPriceItem--condValidTo","interaction":{"idSuffix":"inner"}},"clearTextFirst":true,"interactionType":"ENTER_TEXT"}]}
RESULT: {"script":"<script> [776 bytes]","args":[{"enterText":"12/30/25","selector":{"id":"application-managepricingrules-display-component---newInfoPriceItem--condValidTo","interaction":{"idSuffix":"inner"}},"clearTextFirst":true,"interactionType":"ENTER_TEXT"}]}
COMMAND: POST /session/11c278e322621322209dbd84d797ae8b/execute/async - {"script":"<script> [1562 bytes]","args":[{"selector":{"id":"application-managepricingrules-display-component---newInfoPriceItem--billType-arrow"},"wdio_ui5_key":"applicationmanagepricingrules-display-component---newInfoPriceItem--billType-arrow"}]}
RESULT: {"script":"<script> [1562 bytes]","args":[{"selector":{"id":"application-managepricingrules-display-component---newInfoPriceItem--billType-arrow"},"wdio_ui5_key":"applicationmanagepricingrules-display-component---newInfoPriceItem--billType-arrow"}]}
RESULT: undefined
COMMAND: POST /session/11c278e322621322209dbd84d797ae8b/element - {"using":"xpath","value":"//*[@id=\"application-managepricingrules-display-component---newInfoPriceItem--billType-arrow\"]"}
RESULT: {"using":"xpath","value":"//*[@id=\"application-managepricingrules-display-component---newInfoPriceItem--billType-arrow\"]"}
COMMAND: POST /session/11c278e322621322209dbd84d797ae8b/element/f.1BBDEBF70A0905171D1AD33BCA73C599.d.747F5B6D6D0827A2F7E3B89F5CBC16AB.e.3379/click - {}
RESULT: {}
COMMAND: POST /session/11c278e322621322209dbd84d797ae8b/element - {"using":"xpath","value":"//span[contains(text(), \"TB - Time based\")]"}
COMMAND: GET /session/11c278e322621322209dbd84d797ae8b/screenshot - {}
RESULT: {"using":"xpath","value":"//span[contains(text(), \"TB - Time based\")]"}
COMMAND: POST /session/11c278e322621322209dbd84d797ae8b/element/f.1BBDEBF70A0905171D1AD33BCA73C599.d.747F5B6D6D0827A2F7E3B89F5CBC16AB.e.3421/click - {}
RESULT: {}
RESULT: {}
COMMAND: POST /session/11c278e322621322209dbd84d797ae8b/execute/async - {"script":"<script> [1562 bytes]","args":[{"selector":{"id":"application-managepricingrules-display-component---newInfoPriceItem--priceProc-arrow"},"wdio_ui5_key":"applicationmanagepricingrules-display-component---newInfoPriceItem--priceProc-arrow"}]}
COMMAND: GET /session/11c278e322621322209dbd84d797ae8b/screenshot - {}
RESULT: {"script":"<script> [1562 bytes]","args":[{"selector":{"id":"application-managepricingrules-display-component---newInfoPriceItem--priceProc-arrow"},"wdio_ui5_key":"applicationmanagepricingrules-display-component---newInfoPriceItem--priceProc-arrow"}]}
RESULT: undefined
COMMAND: POST /session/11c278e322621322209dbd84d797ae8b/element - {"using":"xpath","value":"//*[@id=\"application-managepricingrules-display-component---newInfoPriceItem--priceProc-arrow\"]"}
RESULT: {}
RESULT: {"using":"xpath","value":"//*[@id=\"application-managepricingrules-display-component---newInfoPriceItem--priceProc-arrow\"]"}
COMMAND: POST /session/11c278e322621322209dbd84d797ae8b/element/f.1BBDEBF70A0905171D1AD33BCA73C599.d.747F5B6D6D0827A2F7E3B89F5CBC16AB.e.3386/click - {}
RESULT: {}
COMMAND: POST /session/11c278e322621322209dbd84d797ae8b/element - {"using":"xpath","value":"//span[contains(text(), \"TBS - Time based standard\")]"}
COMMAND: GET /session/11c278e322621322209dbd84d797ae8b/screenshot - {}
RESULT: {"using":"xpath","value":"//span[contains(text(), \"TBS - Time based standard\")]"}
COMMAND: POST /session/11c278e322621322209dbd84d797ae8b/element/f.1BBDEBF70A0905171D1AD33BCA73C599.d.747F5B6D6D0827A2F7E3B89F5CBC16AB.e.3422/click - {}
RESULT: {}
RESULT: {}
COMMAND: POST /session/11c278e322621322209dbd84d797ae8b/execute/async - {"script":"<script> [1562 bytes]","args":[{"selector":{"id":"application-managepricingrules-display-component---newInfoPriceItem--calcBase-arrow"},"wdio_ui5_key":"applicationmanagepricingrules-display-component---newInfoPriceItem--calcBase-arrow"}]}
COMMAND: GET /session/11c278e322621322209dbd84d797ae8b/screenshot - {}
RESULT: {"script":"<script> [1562 bytes]","args":[{"selector":{"id":"application-managepricingrules-display-component---newInfoPriceItem--calcBase-arrow"},"wdio_ui5_key":"applicationmanagepricingrules-display-component---newInfoPriceItem--calcBase-arrow"}]}
RESULT: undefined
COMMAND: POST /session/11c278e322621322209dbd84d797ae8b/element - {"using":"xpath","value":"//*[@id=\"application-managepricingrules-display-component---newInfoPriceItem--calcBase-arrow\"]"}
RESULT: {}
RESULT: {"using":"xpath","value":"//*[@id=\"application-managepricingrules-display-component---newInfoPriceItem--calcBase-arrow\"]"}
COMMAND: POST /session/11c278e322621322209dbd84d797ae8b/element/f.1BBDEBF70A0905171D1AD33BCA73C599.d.747F5B6D6D0827A2F7E3B89F5CBC16AB.e.3393/click - {}
RESULT: {}
COMMAND: GET /session/11c278e322621322209dbd84d797ae8b/screenshot - {}
RESULT: {}
COMMAND: POST /session/11c278e322621322209dbd84d797ae8b/element - {"using":"xpath","value":"//span[contains(text(), \"0006 - TB(calendar days)\")]"}
RESULT: {"using":"xpath","value":"//span[contains(text(), \"0006 - TB(calendar days)\")]"}
COMMAND: POST /session/11c278e322621322209dbd84d797ae8b/element/f.1BBDEBF70A0905171D1AD33BCA73C599.d.747F5B6D6D0827A2F7E3B89F5CBC16AB.e.3423/click - {}
RESULT: {}
COMMAND: GET /session/11c278e322621322209dbd84d797ae8b/screenshot - {}
RESULT: {}
COMMAND: POST /session/11c278e322621322209dbd84d797ae8b/execute/async - {"script":"<script> [1562 bytes]","args":[{"selector":{"id":"application-managepricingrules-display-component---newInfoPriceItem--daysMonth","interaction":{"idSuffix":"inner"}},"wdio_ui5_key":"applicationmanagepricingrules-display-component---newInfoPriceItem--daysMonth"}]}
RESULT: {"script":"<script> [1562 bytes]","args":[{"selector":{"id":"application-managepricingrules-display-component---newInfoPriceItem--daysMonth","interaction":{"idSuffix":"inner"}},"wdio_ui5_key":"applicationmanagepricingrules-display-component---newInfoPriceItem--daysMonth"}]}
RESULT: undefined
COMMAND: POST /session/11c278e322621322209dbd84d797ae8b/execute/async - {"script":"<script> [776 bytes]","args":[{"enterText":"30","selector":{"id":"application-managepricingrules-display-component---newInfoPriceItem--daysMonth","interaction":{"idSuffix":"inner"}},"clearTextFirst":true,"interactionType":"ENTER_TEXT"}]}
RESULT: {"script":"<script> [776 bytes]","args":[{"enterText":"30","selector":{"id":"application-managepricingrules-display-component---newInfoPriceItem--daysMonth","interaction":{"idSuffix":"inner"}},"clearTextFirst":true,"interactionType":"ENTER_TEXT"}]}
COMMAND: POST /session/11c278e322621322209dbd84d797ae8b/element - {"using":"xpath","value":"//button[@data-kt=\"saveNewRuleButton\"]"}
RESULT: {"using":"xpath","value":"//button[@data-kt=\"saveNewRuleButton\"]"}
COMMAND: POST /session/11c278e322621322209dbd84d797ae8b/element/f.1BBDEBF70A0905171D1AD33BCA73C599.d.747F5B6D6D0827A2F7E3B89F5CBC16AB.e.3413/click - {}
RESULT: {}
COMMAND: GET /session/11c278e322621322209dbd84d797ae8b/screenshot - {}
RESULT: {}
COMMAND: POST /session/11c278e322621322209dbd84d797ae8b/execute/async - {"script":"<script> [1562 bytes]","args":[{"selector":{"id":"application-managepricingrules-display-component---priceInfoItem--smartFilterBar-btnBasicSearch","interaction":{"idSuffix":"I"}},"wdio_ui5_key":"applicationmanagepricingrules-display-component---priceInfoItem--smartFilterBar-btnBasicSearch"}]}
RESULT: {"script":"<script> [1562 bytes]","args":[{"selector":{"id":"application-managepricingrules-display-component---priceInfoItem--smartFilterBar-btnBasicSearch","interaction":{"idSuffix":"I"}},"wdio_ui5_key":"applicationmanagepricingrules-display-component---priceInfoItem--smartFilterBar-btnBasicSearch"}]}
RESULT: undefined
COMMAND: POST /session/11c278e322621322209dbd84d797ae8b/execute/async - {"script":"<script> [776 bytes]","args":[{"enterText":"ltfGSCNacd","selector":{"id":"application-managepricingrules-display-component---priceInfoItem--smartFilterBar-btnBasicSearch","interaction":{"idSuffix":"I"}},"clearTextFirst":true,"interactionType":"ENTER_TEXT"}]}
RESULT: {"script":"<script> [776 bytes]","args":[{"enterText":"ltfGSCNacd","selector":{"id":"application-managepricingrules-display-component---priceInfoItem--smartFilterBar-btnBasicSearch","interaction":{"idSuffix":"I"}},"clearTextFirst":true,"interactionType":"ENTER_TEXT"}]}
COMMAND: POST /session/11c278e322621322209dbd84d797ae8b/actions - {"actions":[{"id":"action12","type":"key","parameters":{},"actions":[{"type":"keyDown","value":"î€‡"},{"type":"pause","duration":10},{"type":"keyUp","value":"î€‡"}]}]}
RESULT: {"actions":[{"id":"action12","type":"key","parameters":{},"actions":[{"type":"keyDown","value":"î€‡"},{"type":"pause","duration":10},{"type":"keyUp","value":"î€‡"}]}]}
COMMAND: GET /session/11c278e322621322209dbd84d797ae8b/screenshot - {}
RESULT: {}
COMMAND: POST /session/11c278e322621322209dbd84d797ae8b/element - {"using":"xpath","value":"//span[@id=\"application-managepricingrules-display-component---priceInfoItem--smartTable-header-inner\"]"}
RESULT: {"using":"xpath","value":"//span[@id=\"application-managepricingrules-display-component---priceInfoItem--smartTable-header-inner\"]"}
COMMAND: POST /session/11c278e322621322209dbd84d797ae8b/elements - {"using":"xpath","value":"//span[@id=\"application-managepricingrules-display-component---priceInfoItem--smartTable-header-inner\"]"}
RESULT: {"using":"xpath","value":"//span[@id=\"application-managepricingrules-display-component---priceInfoItem--smartTable-header-inner\"]"}
COMMAND: POST /session/11c278e322621322209dbd84d797ae8b/execute/sync - {"script":"<script> [56 bytes]","args":[{"element-6066-11e4-a52e-4f735466cecf":"f.1BBDEBF70A0905171D1AD33BCA73C599.d.747F5B6D6D0827A2F7E3B89F5CBC16AB.e.3437","ELEMENT":"f.1BBDEBF70A0905171D1AD33BCA73C599.d.747F5B6D6D0827A2F7E3B89F5CBC16AB.e.3437"}]}
RESULT: {"script":"<script> [56 bytes]","args":[{"element-6066-11e4-a52e-4f735466cecf":"f.1BBDEBF70A0905171D1AD33BCA73C599.d.747F5B6D6D0827A2F7E3B89F5CBC16AB.e.3437","ELEMENT":"f.1BBDEBF70A0905171D1AD33BCA73C599.d.747F5B6D6D0827A2F7E3B89F5CBC16AB.e.3437"}]}
COMMAND: POST /session/11c278e322621322209dbd84d797ae8b/element - {"using":"css selector","value":"#shell-header-logo"}
COMMAND: GET /session/11c278e322621322209dbd84d797ae8b/screenshot - {}
RESULT: {"using":"css selector","value":"#shell-header-logo"}
COMMAND: POST /session/11c278e322621322209dbd84d797ae8b/element/f.1BBDEBF70A0905171D1AD33BCA73C599.d.747F5B6D6D0827A2F7E3B89F5CBC16AB.e.2752/click - {}
RESULT: {}
RESULT: {}
COMMAND: GET /session/11c278e322621322209dbd84d797ae8b/screenshot - {}
RESULT: {}
]]></system-out>
    </testcase>
    <testcase classname="chrome.135_0_7049_96.windows.Billing_Transfer_-_Master_data_&amp;_Intercompany_US127250" name="Should create new condition for equipment TB" time="67.651">
      <system-out><![CDATA[
COMMAND: POST /session/11c278e322621322209dbd84d797ae8b/execute/async - {"script":"<script> [1562 bytes]","args":[{"selector":{"controlType":"sap.m.Text","properties":{"text":"Manage Conditions & Prices"},"interaction":{"idSuffix":"inner"}},"wdio_ui5_key":"sapm.Text{\"text\":\"Manage Conditions & Prices\"}"}]}
RESULT: {"script":"<script> [1562 bytes]","args":[{"selector":{"controlType":"sap.m.Text","properties":{"text":"Manage Conditions & Prices"},"interaction":{"idSuffix":"inner"}},"wdio_ui5_key":"sapm.Text{\"text\":\"Manage Conditions & Prices\"}"}]}
RESULT: undefined
COMMAND: POST /session/11c278e322621322209dbd84d797ae8b/element - {"using":"xpath","value":"//*[@id=\"__tile53-title\"]"}
RESULT: {"using":"xpath","value":"//*[@id=\"__tile53-title\"]"}
COMMAND: POST /session/11c278e322621322209dbd84d797ae8b/element/f.1BBDEBF70A0905171D1AD33BCA73C599.d.747F5B6D6D0827A2F7E3B89F5CBC16AB.e.3440/click - {}
RESULT: {}
COMMAND: POST /session/11c278e322621322209dbd84d797ae8b/element - {"using":"xpath","value":"//button[@aria-label=\"Create\"]"}
COMMAND: GET /session/11c278e322621322209dbd84d797ae8b/screenshot - {}
RESULT: {"using":"xpath","value":"//button[@aria-label=\"Create\"]"}
COMMAND: POST /session/11c278e322621322209dbd84d797ae8b/elements - {"using":"xpath","value":"//button[@aria-label=\"Create\"]"}
RESULT: {}
RESULT: {"using":"xpath","value":"//button[@aria-label=\"Create\"]"}
COMMAND: POST /session/11c278e322621322209dbd84d797ae8b/elements - {"using":"xpath","value":"//button[@aria-label=\"Create\"]"}
RESULT: {"using":"xpath","value":"//button[@aria-label=\"Create\"]"}
COMMAND: POST /session/11c278e322621322209dbd84d797ae8b/elements - {"using":"xpath","value":"//button[@aria-label=\"Create\"]"}
RESULT: {"using":"xpath","value":"//button[@aria-label=\"Create\"]"}
COMMAND: POST /session/11c278e322621322209dbd84d797ae8b/elements - {"using":"xpath","value":"//button[@aria-label=\"Create\"]"}
RESULT: {"using":"xpath","value":"//button[@aria-label=\"Create\"]"}
COMMAND: POST /session/11c278e322621322209dbd84d797ae8b/elements - {"using":"xpath","value":"//button[@aria-label=\"Create\"]"}
RESULT: {"using":"xpath","value":"//button[@aria-label=\"Create\"]"}
COMMAND: POST /session/11c278e322621322209dbd84d797ae8b/elements - {"using":"xpath","value":"//button[@aria-label=\"Create\"]"}
RESULT: {"using":"xpath","value":"//button[@aria-label=\"Create\"]"}
COMMAND: POST /session/11c278e322621322209dbd84d797ae8b/elements - {"using":"xpath","value":"//button[@aria-label=\"Create\"]"}
RESULT: {"using":"xpath","value":"//button[@aria-label=\"Create\"]"}
COMMAND: POST /session/11c278e322621322209dbd84d797ae8b/elements - {"using":"xpath","value":"//button[@aria-label=\"Create\"]"}
RESULT: {"using":"xpath","value":"//button[@aria-label=\"Create\"]"}
COMMAND: POST /session/11c278e322621322209dbd84d797ae8b/elements - {"using":"xpath","value":"//button[@aria-label=\"Create\"]"}
RESULT: {"using":"xpath","value":"//button[@aria-label=\"Create\"]"}
COMMAND: POST /session/11c278e322621322209dbd84d797ae8b/elements - {"using":"xpath","value":"//button[@aria-label=\"Create\"]"}
RESULT: {"using":"xpath","value":"//button[@aria-label=\"Create\"]"}
COMMAND: POST /session/11c278e322621322209dbd84d797ae8b/elements - {"using":"xpath","value":"//button[@aria-label=\"Create\"]"}
RESULT: {"using":"xpath","value":"//button[@aria-label=\"Create\"]"}
COMMAND: POST /session/11c278e322621322209dbd84d797ae8b/elements - {"using":"xpath","value":"//button[@aria-label=\"Create\"]"}
RESULT: {"using":"xpath","value":"//button[@aria-label=\"Create\"]"}
COMMAND: POST /session/11c278e322621322209dbd84d797ae8b/elements - {"using":"xpath","value":"//button[@aria-label=\"Create\"]"}
RESULT: {"using":"xpath","value":"//button[@aria-label=\"Create\"]"}
COMMAND: POST /session/11c278e322621322209dbd84d797ae8b/elements - {"using":"xpath","value":"//button[@aria-label=\"Create\"]"}
RESULT: {"using":"xpath","value":"//button[@aria-label=\"Create\"]"}
COMMAND: POST /session/11c278e322621322209dbd84d797ae8b/elements - {"using":"xpath","value":"//button[@aria-label=\"Create\"]"}
RESULT: {"using":"xpath","value":"//button[@aria-label=\"Create\"]"}
COMMAND: POST /session/11c278e322621322209dbd84d797ae8b/elements - {"using":"xpath","value":"//button[@aria-label=\"Create\"]"}
RESULT: {"using":"xpath","value":"//button[@aria-label=\"Create\"]"}
COMMAND: POST /session/11c278e322621322209dbd84d797ae8b/elements - {"using":"xpath","value":"//button[@aria-label=\"Create\"]"}
RESULT: {"using":"xpath","value":"//button[@aria-label=\"Create\"]"}
COMMAND: POST /session/11c278e322621322209dbd84d797ae8b/elements - {"using":"xpath","value":"//button[@aria-label=\"Create\"]"}
RESULT: {"using":"xpath","value":"//button[@aria-label=\"Create\"]"}
COMMAND: POST /session/11c278e322621322209dbd84d797ae8b/elements - {"using":"xpath","value":"//button[@aria-label=\"Create\"]"}
RESULT: {"using":"xpath","value":"//button[@aria-label=\"Create\"]"}
COMMAND: POST /session/11c278e322621322209dbd84d797ae8b/elements - {"using":"xpath","value":"//button[@aria-label=\"Create\"]"}
RESULT: {"using":"xpath","value":"//button[@aria-label=\"Create\"]"}
COMMAND: POST /session/11c278e322621322209dbd84d797ae8b/element - {"using":"xpath","value":"//button[@aria-label=\"Create\"]"}
RESULT: {"using":"xpath","value":"//button[@aria-label=\"Create\"]"}
COMMAND: POST /session/11c278e322621322209dbd84d797ae8b/execute/sync - {"script":"<script> [8489 bytes]","args":[{"element-6066-11e4-a52e-4f735466cecf":"f.1BBDEBF70A0905171D1AD33BCA73C599.d.747F5B6D6D0827A2F7E3B89F5CBC16AB.e.3475","ELEMENT":"f.1BBDEBF70A0905171D1AD33BCA73C599.d.747F5B6D6D0827A2F7E3B89F5CBC16AB.e.3475"}]}
RESULT: {"script":"<script> [8489 bytes]","args":[{"element-6066-11e4-a52e-4f735466cecf":"f.1BBDEBF70A0905171D1AD33BCA73C599.d.747F5B6D6D0827A2F7E3B89F5CBC16AB.e.3475","ELEMENT":"f.1BBDEBF70A0905171D1AD33BCA73C599.d.747F5B6D6D0827A2F7E3B89F5CBC16AB.e.3475"}]}
COMMAND: GET /session/11c278e322621322209dbd84d797ae8b/element/f.1BBDEBF70A0905171D1AD33BCA73C599.d.747F5B6D6D0827A2F7E3B89F5CBC16AB.e.3475/enabled - {}
COMMAND: GET /session/11c278e322621322209dbd84d797ae8b/screenshot - {}
RESULT: {}
COMMAND: POST /session/11c278e322621322209dbd84d797ae8b/execute/sync - {"script":"<script> [8489 bytes]","args":[{"element-6066-11e4-a52e-4f735466cecf":"f.1BBDEBF70A0905171D1AD33BCA73C599.d.747F5B6D6D0827A2F7E3B89F5CBC16AB.e.3475","ELEMENT":"f.1BBDEBF70A0905171D1AD33BCA73C599.d.747F5B6D6D0827A2F7E3B89F5CBC16AB.e.3475"}]}
COMMAND: GET /session/11c278e322621322209dbd84d797ae8b/screenshot - {}
RESULT: {}
RESULT: {"script":"<script> [8489 bytes]","args":[{"element-6066-11e4-a52e-4f735466cecf":"f.1BBDEBF70A0905171D1AD33BCA73C599.d.747F5B6D6D0827A2F7E3B89F5CBC16AB.e.3475","ELEMENT":"f.1BBDEBF70A0905171D1AD33BCA73C599.d.747F5B6D6D0827A2F7E3B89F5CBC16AB.e.3475"}]}
COMMAND: POST /session/11c278e322621322209dbd84d797ae8b/execute/sync - {"script":"<script> [5351 bytes]","args":[{"element-6066-11e4-a52e-4f735466cecf":"f.1BBDEBF70A0905171D1AD33BCA73C599.d.747F5B6D6D0827A2F7E3B89F5CBC16AB.e.3475","ELEMENT":"f.1BBDEBF70A0905171D1AD33BCA73C599.d.747F5B6D6D0827A2F7E3B89F5CBC16AB.e.3475"}]}
COMMAND: GET /session/11c278e322621322209dbd84d797ae8b/screenshot - {}
RESULT: {}
RESULT: {"script":"<script> [5351 bytes]","args":[{"element-6066-11e4-a52e-4f735466cecf":"f.1BBDEBF70A0905171D1AD33BCA73C599.d.747F5B6D6D0827A2F7E3B89F5CBC16AB.e.3475","ELEMENT":"f.1BBDEBF70A0905171D1AD33BCA73C599.d.747F5B6D6D0827A2F7E3B89F5CBC16AB.e.3475"}]}
COMMAND: POST /session/11c278e322621322209dbd84d797ae8b/element/f.1BBDEBF70A0905171D1AD33BCA73C599.d.747F5B6D6D0827A2F7E3B89F5CBC16AB.e.3475/click - {}
COMMAND: GET /session/11c278e322621322209dbd84d797ae8b/screenshot - {}
RESULT: {}
RESULT: {}
COMMAND: GET /session/11c278e322621322209dbd84d797ae8b/screenshot - {}
RESULT: {}
RESULT: {}
COMMAND: POST /session/11c278e322621322209dbd84d797ae8b/actions - {"actions":[{"id":"action13","type":"key","parameters":{},"actions":[{"type":"keyDown","value":"î€‡"},{"type":"pause","duration":10},{"type":"keyUp","value":"î€‡"}]}]}
RESULT: {"actions":[{"id":"action13","type":"key","parameters":{},"actions":[{"type":"keyDown","value":"î€‡"},{"type":"pause","duration":10},{"type":"keyUp","value":"î€‡"}]}]}
COMMAND: GET /session/11c278e322621322209dbd84d797ae8b/screenshot - {}
RESULT: {}
COMMAND: POST /session/11c278e322621322209dbd84d797ae8b/execute/async - {"script":"<script> [1562 bytes]","args":[{"selector":{"id":"application-manageconditionprice-display-component---newCondition--condBillCond-arrow"},"wdio_ui5_key":"applicationmanageconditionprice-display-component---newCondition--condBillCond-arrow"}]}
RESULT: {"script":"<script> [1562 bytes]","args":[{"selector":{"id":"application-manageconditionprice-display-component---newCondition--condBillCond-arrow"},"wdio_ui5_key":"applicationmanageconditionprice-display-component---newCondition--condBillCond-arrow"}]}
RESULT: undefined
COMMAND: POST /session/11c278e322621322209dbd84d797ae8b/element - {"using":"xpath","value":"//*[@id=\"application-manageconditionprice-display-component---newCondition--condBillCond-arrow\"]"}
RESULT: {"using":"xpath","value":"//*[@id=\"application-manageconditionprice-display-component---newCondition--condBillCond-arrow\"]"}
COMMAND: POST /session/11c278e322621322209dbd84d797ae8b/element/f.1BBDEBF70A0905171D1AD33BCA73C599.d.747F5B6D6D0827A2F7E3B89F5CBC16AB.e.3684/click - {}
RESULT: {}
COMMAND: GET /session/11c278e322621322209dbd84d797ae8b/screenshot - {}
RESULT: {}
COMMAND: POST /session/11c278e322621322209dbd84d797ae8b/element - {"using":"xpath","value":"//li[.//span[contains(text(), \"DISP - D&I special price\")]]"}
RESULT: {"using":"xpath","value":"//li[.//span[contains(text(), \"DISP - D&I special price\")]]"}
COMMAND: POST /session/11c278e322621322209dbd84d797ae8b/element/f.1BBDEBF70A0905171D1AD33BCA73C599.d.747F5B6D6D0827A2F7E3B89F5CBC16AB.e.3687/click - {}
RESULT: {}
COMMAND: GET /session/11c278e322621322209dbd84d797ae8b/screenshot - {}
RESULT: {}
COMMAND: POST /session/11c278e322621322209dbd84d797ae8b/execute/async - {"script":"<script> [1562 bytes]","args":[{"selector":{"id":"application-manageconditionprice-display-component---newCondition--condValidTo","interaction":{"idSuffix":"inner"}},"wdio_ui5_key":"applicationmanageconditionprice-display-component---newCondition--condValidTo"}]}
RESULT: {"script":"<script> [1562 bytes]","args":[{"selector":{"id":"application-manageconditionprice-display-component---newCondition--condValidTo","interaction":{"idSuffix":"inner"}},"wdio_ui5_key":"applicationmanageconditionprice-display-component---newCondition--condValidTo"}]}
RESULT: undefined
COMMAND: POST /session/11c278e322621322209dbd84d797ae8b/execute/async - {"script":"<script> [776 bytes]","args":[{"enterText":"12/30/25","selector":{"id":"application-manageconditionprice-display-component---newCondition--condValidTo","interaction":{"idSuffix":"inner"}},"clearTextFirst":true,"interactionType":"ENTER_TEXT"}]}
RESULT: {"script":"<script> [776 bytes]","args":[{"enterText":"12/30/25","selector":{"id":"application-manageconditionprice-display-component---newCondition--condValidTo","interaction":{"idSuffix":"inner"}},"clearTextFirst":true,"interactionType":"ENTER_TEXT"}]}
COMMAND: POST /session/11c278e322621322209dbd84d797ae8b/element - {"using":"xpath","value":"//input[@id=\"application-manageconditionprice-display-component---newCondition--condRU-inner\"]"}
RESULT: {"using":"xpath","value":"//input[@id=\"application-manageconditionprice-display-component---newCondition--condRU-inner\"]"}
COMMAND: POST /session/11c278e322621322209dbd84d797ae8b/element/f.1BBDEBF70A0905171D1AD33BCA73C599.d.747F5B6D6D0827A2F7E3B89F5CBC16AB.e.3549/clear - {}
RESULT: {}
COMMAND: POST /session/11c278e322621322209dbd84d797ae8b/element/f.1BBDEBF70A0905171D1AD33BCA73C599.d.747F5B6D6D0827A2F7E3B89F5CBC16AB.e.3549/value - {"text":"ltfGSCNacd"}
COMMAND: GET /session/11c278e322621322209dbd84d797ae8b/screenshot - {}
RESULT: {"text":"ltfGSCNacd"}
COMMAND: GET /session/11c278e322621322209dbd84d797ae8b/screenshot - {}
RESULT: {}
RESULT: {}
COMMAND: POST /session/11c278e322621322209dbd84d797ae8b/actions - {"actions":[{"id":"action14","type":"key","parameters":{},"actions":[{"type":"keyDown","value":"î€‡"},{"type":"pause","duration":10},{"type":"keyUp","value":"î€‡"}]}]}
RESULT: {"actions":[{"id":"action14","type":"key","parameters":{},"actions":[{"type":"keyDown","value":"î€‡"},{"type":"pause","duration":10},{"type":"keyUp","value":"î€‡"}]}]}
COMMAND: POST /session/11c278e322621322209dbd84d797ae8b/execute/async - {"script":"<script> [1562 bytes]","args":[{"selector":{"id":"application-manageconditionprice-display-component---newCondition--condBaseQty","interaction":{"idSuffix":"inner"}},"wdio_ui5_key":"applicationmanageconditionprice-display-component---newCondition--condBaseQty"}]}
COMMAND: GET /session/11c278e322621322209dbd84d797ae8b/screenshot - {}
RESULT: {"script":"<script> [1562 bytes]","args":[{"selector":{"id":"application-manageconditionprice-display-component---newCondition--condBaseQty","interaction":{"idSuffix":"inner"}},"wdio_ui5_key":"applicationmanageconditionprice-display-component---newCondition--condBaseQty"}]}
RESULT: undefined
COMMAND: POST /session/11c278e322621322209dbd84d797ae8b/execute/async - {"script":"<script> [776 bytes]","args":[{"enterText":"1","selector":{"id":"application-manageconditionprice-display-component---newCondition--condBaseQty","interaction":{"idSuffix":"inner"}},"clearTextFirst":true,"interactionType":"ENTER_TEXT"}]}
RESULT: {}
RESULT: {"script":"<script> [776 bytes]","args":[{"enterText":"1","selector":{"id":"application-manageconditionprice-display-component---newCondition--condBaseQty","interaction":{"idSuffix":"inner"}},"clearTextFirst":true,"interactionType":"ENTER_TEXT"}]}
COMMAND: POST /session/11c278e322621322209dbd84d797ae8b/execute/async - {"script":"<script> [1562 bytes]","args":[{"selector":{"id":"application-manageconditionprice-display-component---newCondition--condValue","interaction":{"idSuffix":"inner"}},"wdio_ui5_key":"applicationmanageconditionprice-display-component---newCondition--condValue"}]}
RESULT: {"script":"<script> [1562 bytes]","args":[{"selector":{"id":"application-manageconditionprice-display-component---newCondition--condValue","interaction":{"idSuffix":"inner"}},"wdio_ui5_key":"applicationmanageconditionprice-display-component---newCondition--condValue"}]}
RESULT: undefined
COMMAND: POST /session/11c278e322621322209dbd84d797ae8b/execute/async - {"script":"<script> [776 bytes]","args":[{"enterText":"100","selector":{"id":"application-manageconditionprice-display-component---newCondition--condValue","interaction":{"idSuffix":"inner"}},"clearTextFirst":true,"interactionType":"ENTER_TEXT"}]}
RESULT: {"script":"<script> [776 bytes]","args":[{"enterText":"100","selector":{"id":"application-manageconditionprice-display-component---newCondition--condValue","interaction":{"idSuffix":"inner"}},"clearTextFirst":true,"interactionType":"ENTER_TEXT"}]}
COMMAND: POST /session/11c278e322621322209dbd84d797ae8b/execute/async - {"script":"<script> [1562 bytes]","args":[{"selector":{"id":"application-manageconditionprice-display-component---newCondition--condCurr-arrow"},"wdio_ui5_key":"applicationmanageconditionprice-display-component---newCondition--condCurr-arrow"}]}
RESULT: {"script":"<script> [1562 bytes]","args":[{"selector":{"id":"application-manageconditionprice-display-component---newCondition--condCurr-arrow"},"wdio_ui5_key":"applicationmanageconditionprice-display-component---newCondition--condCurr-arrow"}]}
RESULT: undefined
COMMAND: POST /session/11c278e322621322209dbd84d797ae8b/element - {"using":"xpath","value":"//*[@id=\"application-manageconditionprice-display-component---newCondition--condCurr-arrow\"]"}
RESULT: {"using":"xpath","value":"//*[@id=\"application-manageconditionprice-display-component---newCondition--condCurr-arrow\"]"}
COMMAND: POST /session/11c278e322621322209dbd84d797ae8b/element/f.1BBDEBF70A0905171D1AD33BCA73C599.d.747F5B6D6D0827A2F7E3B89F5CBC16AB.e.3666/click - {}
RESULT: {}
COMMAND: POST /session/11c278e322621322209dbd84d797ae8b/element - {"using":"xpath","value":"//span[contains(text(), \"Euro\")]"}
COMMAND: GET /session/11c278e322621322209dbd84d797ae8b/screenshot - {}
RESULT: {"using":"xpath","value":"//span[contains(text(), \"Euro\")]"}
COMMAND: POST /session/11c278e322621322209dbd84d797ae8b/element/f.1BBDEBF70A0905171D1AD33BCA73C599.d.747F5B6D6D0827A2F7E3B89F5CBC16AB.e.3725/click - {}
RESULT: {}
RESULT: {}
COMMAND: POST /session/11c278e322621322209dbd84d797ae8b/element - {"using":"xpath","value":"//button[@data-kt=\"saveButton\"]"}
COMMAND: GET /session/11c278e322621322209dbd84d797ae8b/screenshot - {}
RESULT: {"using":"xpath","value":"//button[@data-kt=\"saveButton\"]"}
COMMAND: POST /session/11c278e322621322209dbd84d797ae8b/element/f.1BBDEBF70A0905171D1AD33BCA73C599.d.747F5B6D6D0827A2F7E3B89F5CBC16AB.e.3667/click - {}
RESULT: {}
RESULT: {}
COMMAND: GET /session/11c278e322621322209dbd84d797ae8b/screenshot - {}
RESULT: {}
COMMAND: POST /session/11c278e322621322209dbd84d797ae8b/execute/async - {"script":"<script> [1562 bytes]","args":[{"selector":{"id":"application-manageconditionprice-display-component---conditions--smartFilterBar-btnBasicSearch","interaction":{"idSuffix":"I"}},"wdio_ui5_key":"applicationmanageconditionprice-display-component---conditions--smartFilterBar-btnBasicSearch"}]}
RESULT: {"script":"<script> [1562 bytes]","args":[{"selector":{"id":"application-manageconditionprice-display-component---conditions--smartFilterBar-btnBasicSearch","interaction":{"idSuffix":"I"}},"wdio_ui5_key":"applicationmanageconditionprice-display-component---conditions--smartFilterBar-btnBasicSearch"}]}
RESULT: undefined
COMMAND: POST /session/11c278e322621322209dbd84d797ae8b/execute/async - {"script":"<script> [776 bytes]","args":[{"enterText":"ltfGSCNacd","selector":{"id":"application-manageconditionprice-display-component---conditions--smartFilterBar-btnBasicSearch","interaction":{"idSuffix":"I"}},"clearTextFirst":true,"interactionType":"ENTER_TEXT"}]}
RESULT: {"script":"<script> [776 bytes]","args":[{"enterText":"ltfGSCNacd","selector":{"id":"application-manageconditionprice-display-component---conditions--smartFilterBar-btnBasicSearch","interaction":{"idSuffix":"I"}},"clearTextFirst":true,"interactionType":"ENTER_TEXT"}]}
COMMAND: POST /session/11c278e322621322209dbd84d797ae8b/actions - {"actions":[{"id":"action15","type":"key","parameters":{},"actions":[{"type":"keyDown","value":"î€‡"},{"type":"pause","duration":10},{"type":"keyUp","value":"î€‡"}]}]}
RESULT: {"actions":[{"id":"action15","type":"key","parameters":{},"actions":[{"type":"keyDown","value":"î€‡"},{"type":"pause","duration":10},{"type":"keyUp","value":"î€‡"}]}]}
COMMAND: GET /session/11c278e322621322209dbd84d797ae8b/screenshot - {}
RESULT: {}
COMMAND: POST /session/11c278e322621322209dbd84d797ae8b/execute/async - {"script":"<script> [1562 bytes]","args":[{"selector":{"id":"application-manageconditionprice-display-component---conditions--smartFilterBar-filterItemControl_BASIC-BILL_TYPES-vhi"},"wdio_ui5_key":"applicationmanageconditionprice-display-component---conditions--smartFilterBar-filterItemControl_BASIC-BILL_TYPES-vhi"}]}
RESULT: {"script":"<script> [1562 bytes]","args":[{"selector":{"id":"application-manageconditionprice-display-component---conditions--smartFilterBar-filterItemControl_BASIC-BILL_TYPES-vhi"},"wdio_ui5_key":"applicationmanageconditionprice-display-component---conditions--smartFilterBar-filterItemControl_BASIC-BILL_TYPES-vhi"}]}
RESULT: undefined
COMMAND: POST /session/11c278e322621322209dbd84d797ae8b/element - {"using":"xpath","value":"//*[@id=\"application-manageconditionprice-display-component---conditions--smartFilterBar-filterItemControl_BASIC-BILL_TYPES-vhi\"]"}
RESULT: {"using":"xpath","value":"//*[@id=\"application-manageconditionprice-display-component---conditions--smartFilterBar-filterItemControl_BASIC-BILL_TYPES-vhi\"]"}
COMMAND: POST /session/11c278e322621322209dbd84d797ae8b/element/f.1BBDEBF70A0905171D1AD33BCA73C599.d.747F5B6D6D0827A2F7E3B89F5CBC16AB.e.3743/click - {}
RESULT: {}
COMMAND: POST /session/11c278e322621322209dbd84d797ae8b/execute/async - {"script":"<script> [1562 bytes]","args":[{"selector":{"id":"application-manageconditionprice-display-component---conditions--smartFilterBar-filterItemControl_BASIC-BILL_TYPES-valueHelpDialog-smartFilterBar-btnBasicSearch","searchOpenDialogs":true,"interaction":{"idSuffix":"I"}},"wdio_ui5_key":"applicationmanageconditionprice-display-component---conditions--smartFilterBar-filterItemControl_BASIC-BILL_TYPES-valueHelpDialog-smartFilterBar-btnBasicSearch"}]}
COMMAND: GET /session/11c278e322621322209dbd84d797ae8b/screenshot - {}
RESULT: {"script":"<script> [1562 bytes]","args":[{"selector":{"id":"application-manageconditionprice-display-component---conditions--smartFilterBar-filterItemControl_BASIC-BILL_TYPES-valueHelpDialog-smartFilterBar-btnBasicSearch","searchOpenDialogs":true,"interaction":{"idSuffix":"I"}},"wdio_ui5_key":"applicationmanageconditionprice-display-component---conditions--smartFilterBar-filterItemControl_BASIC-BILL_TYPES-valueHelpDialog-smartFilterBar-btnBasicSearch"}]}
RESULT: undefined
COMMAND: POST /session/11c278e322621322209dbd84d797ae8b/execute/async - {"script":"<script> [776 bytes]","args":[{"enterText":"TB","selector":{"id":"application-manageconditionprice-display-component---conditions--smartFilterBar-filterItemControl_BASIC-BILL_TYPES-valueHelpDialog-smartFilterBar-btnBasicSearch","searchOpenDialogs":true,"interaction":{"idSuffix":"I"}},"clearTextFirst":true,"interactionType":"ENTER_TEXT"}]}
RESULT: {}
RESULT: {"script":"<script> [776 bytes]","args":[{"enterText":"TB","selector":{"id":"application-manageconditionprice-display-component---conditions--smartFilterBar-filterItemControl_BASIC-BILL_TYPES-valueHelpDialog-smartFilterBar-btnBasicSearch","searchOpenDialogs":true,"interaction":{"idSuffix":"I"}},"clearTextFirst":true,"interactionType":"ENTER_TEXT"}]}
COMMAND: POST /session/11c278e322621322209dbd84d797ae8b/actions - {"actions":[{"id":"action16","type":"key","parameters":{},"actions":[{"type":"keyDown","value":"î€‡"},{"type":"pause","duration":10},{"type":"keyUp","value":"î€‡"}]}]}
RESULT: {"actions":[{"id":"action16","type":"key","parameters":{},"actions":[{"type":"keyDown","value":"î€‡"},{"type":"pause","duration":10},{"type":"keyUp","value":"î€‡"}]}]}
COMMAND: GET /session/11c278e322621322209dbd84d797ae8b/screenshot - {}
RESULT: {}
COMMAND: POST /session/11c278e322621322209dbd84d797ae8b/element - {"using":"xpath","value":"//div[contains(@id, 'application-manageconditionprice-display-component---conditions--smartFilterBar-filterItemControl_BASIC-BILL_TYPES-valueHelpDialog-table-rowsel0')]"}
RESULT: {"using":"xpath","value":"//div[contains(@id, 'application-manageconditionprice-display-component---conditions--smartFilterBar-filterItemControl_BASIC-BILL_TYPES-valueHelpDialog-table-rowsel0')]"}
COMMAND: POST /session/11c278e322621322209dbd84d797ae8b/element/f.1BBDEBF70A0905171D1AD33BCA73C599.d.747F5B6D6D0827A2F7E3B89F5CBC16AB.e.3752/click - {}
RESULT: {}
COMMAND: GET /session/11c278e322621322209dbd84d797ae8b/screenshot - {}
RESULT: {}
COMMAND: POST /session/11c278e322621322209dbd84d797ae8b/element - {"using":"xpath","value":"//bdi[contains(text(), \"OK\")]"}
RESULT: {"using":"xpath","value":"//bdi[contains(text(), \"OK\")]"}
COMMAND: POST /session/11c278e322621322209dbd84d797ae8b/element/f.1BBDEBF70A0905171D1AD33BCA73C599.d.747F5B6D6D0827A2F7E3B89F5CBC16AB.e.3754/click - {}
RESULT: {}
COMMAND: GET /session/11c278e322621322209dbd84d797ae8b/screenshot - {}
RESULT: {}
COMMAND: POST /session/11c278e322621322209dbd84d797ae8b/element - {"using":"xpath","value":"//span[@id=\"application-manageconditionprice-display-component---conditions--smartTable-header-inner\"]"}
RESULT: {"using":"xpath","value":"//span[@id=\"application-manageconditionprice-display-component---conditions--smartTable-header-inner\"]"}
COMMAND: POST /session/11c278e322621322209dbd84d797ae8b/elements - {"using":"xpath","value":"//span[@id=\"application-manageconditionprice-display-component---conditions--smartTable-header-inner\"]"}
RESULT: {"using":"xpath","value":"//span[@id=\"application-manageconditionprice-display-component---conditions--smartTable-header-inner\"]"}
COMMAND: POST /session/11c278e322621322209dbd84d797ae8b/execute/sync - {"script":"<script> [56 bytes]","args":[{"element-6066-11e4-a52e-4f735466cecf":"f.1BBDEBF70A0905171D1AD33BCA73C599.d.747F5B6D6D0827A2F7E3B89F5CBC16AB.e.3757","ELEMENT":"f.1BBDEBF70A0905171D1AD33BCA73C599.d.747F5B6D6D0827A2F7E3B89F5CBC16AB.e.3757"}]}
RESULT: {"script":"<script> [56 bytes]","args":[{"element-6066-11e4-a52e-4f735466cecf":"f.1BBDEBF70A0905171D1AD33BCA73C599.d.747F5B6D6D0827A2F7E3B89F5CBC16AB.e.3757","ELEMENT":"f.1BBDEBF70A0905171D1AD33BCA73C599.d.747F5B6D6D0827A2F7E3B89F5CBC16AB.e.3757"}]}
COMMAND: POST /session/11c278e322621322209dbd84d797ae8b/element - {"using":"css selector","value":"#shell-header-logo"}
COMMAND: GET /session/11c278e322621322209dbd84d797ae8b/screenshot - {}
RESULT: {"using":"css selector","value":"#shell-header-logo"}
COMMAND: POST /session/11c278e322621322209dbd84d797ae8b/element/f.1BBDEBF70A0905171D1AD33BCA73C599.d.747F5B6D6D0827A2F7E3B89F5CBC16AB.e.3442/click - {}
RESULT: {}
RESULT: {}
COMMAND: GET /session/11c278e322621322209dbd84d797ae8b/screenshot - {}
RESULT: {}
]]></system-out>
    </testcase>
    <testcase classname="chrome.135_0_7049_96.windows.Billing_Transfer_-_Master_data_&amp;_Intercompany_US127250" name="Should do a stock increase" time="82.083">
      <system-out><![CDATA[
COMMAND: POST /session/11c278e322621322209dbd84d797ae8b/execute/async - {"script":"<script> [1562 bytes]","args":[{"selector":{"controlType":"sap.m.Text","viewName":"etm.portal.ui.managehandoverstile.view.Master","properties":{"text":"Manage Handovers"},"interaction":{"idSuffix":"inner"}},"wdio_ui5_key":"etmportal.ui.managehandoverstile.view.Mastersap.m.Text{\"text\":\"Manage Handovers\"}"}]}
RESULT: {"script":"<script> [1562 bytes]","args":[{"selector":{"controlType":"sap.m.Text","viewName":"etm.portal.ui.managehandoverstile.view.Master","properties":{"text":"Manage Handovers"},"interaction":{"idSuffix":"inner"}},"wdio_ui5_key":"etmportal.ui.managehandoverstile.view.Mastersap.m.Text{\"text\":\"Manage Handovers\"}"}]}
RESULT: undefined
COMMAND: POST /session/11c278e322621322209dbd84d797ae8b/element - {"using":"xpath","value":"//*[@id=\"__tile133-title\"]"}
RESULT: {"using":"xpath","value":"//*[@id=\"__tile133-title\"]"}
COMMAND: POST /session/11c278e322621322209dbd84d797ae8b/element/f.1BBDEBF70A0905171D1AD33BCA73C599.d.747F5B6D6D0827A2F7E3B89F5CBC16AB.e.3762/click - {}
RESULT: {}
COMMAND: POST /session/11c278e322621322209dbd84d797ae8b/element - {"using":"xpath","value":"//button[@data-kt=\"masterHOAddButton\"]"}
COMMAND: GET /session/11c278e322621322209dbd84d797ae8b/screenshot - {}
RESULT: {"using":"xpath","value":"//button[@data-kt=\"masterHOAddButton\"]"}
COMMAND: POST /session/11c278e322621322209dbd84d797ae8b/elements - {"using":"xpath","value":"//button[@data-kt=\"masterHOAddButton\"]"}
RESULT: {}
RESULT: {"using":"xpath","value":"//button[@data-kt=\"masterHOAddButton\"]"}
COMMAND: POST /session/11c278e322621322209dbd84d797ae8b/elements - {"using":"xpath","value":"//button[@data-kt=\"masterHOAddButton\"]"}
RESULT: {"using":"xpath","value":"//button[@data-kt=\"masterHOAddButton\"]"}
COMMAND: POST /session/11c278e322621322209dbd84d797ae8b/elements - {"using":"xpath","value":"//button[@data-kt=\"masterHOAddButton\"]"}
RESULT: {"using":"xpath","value":"//button[@data-kt=\"masterHOAddButton\"]"}
COMMAND: POST /session/11c278e322621322209dbd84d797ae8b/elements - {"using":"xpath","value":"//button[@data-kt=\"masterHOAddButton\"]"}
RESULT: {"using":"xpath","value":"//button[@data-kt=\"masterHOAddButton\"]"}
COMMAND: POST /session/11c278e322621322209dbd84d797ae8b/elements - {"using":"xpath","value":"//button[@data-kt=\"masterHOAddButton\"]"}
RESULT: {"using":"xpath","value":"//button[@data-kt=\"masterHOAddButton\"]"}
COMMAND: POST /session/11c278e322621322209dbd84d797ae8b/elements - {"using":"xpath","value":"//button[@data-kt=\"masterHOAddButton\"]"}
RESULT: {"using":"xpath","value":"//button[@data-kt=\"masterHOAddButton\"]"}
COMMAND: POST /session/11c278e322621322209dbd84d797ae8b/elements - {"using":"xpath","value":"//button[@data-kt=\"masterHOAddButton\"]"}
RESULT: {"using":"xpath","value":"//button[@data-kt=\"masterHOAddButton\"]"}
COMMAND: POST /session/11c278e322621322209dbd84d797ae8b/elements - {"using":"xpath","value":"//button[@data-kt=\"masterHOAddButton\"]"}
RESULT: {"using":"xpath","value":"//button[@data-kt=\"masterHOAddButton\"]"}
COMMAND: POST /session/11c278e322621322209dbd84d797ae8b/elements - {"using":"xpath","value":"//button[@data-kt=\"masterHOAddButton\"]"}
RESULT: {"using":"xpath","value":"//button[@data-kt=\"masterHOAddButton\"]"}
COMMAND: POST /session/11c278e322621322209dbd84d797ae8b/elements - {"using":"xpath","value":"//button[@data-kt=\"masterHOAddButton\"]"}
RESULT: {"using":"xpath","value":"//button[@data-kt=\"masterHOAddButton\"]"}
COMMAND: POST /session/11c278e322621322209dbd84d797ae8b/elements - {"using":"xpath","value":"//button[@data-kt=\"masterHOAddButton\"]"}
RESULT: {"using":"xpath","value":"//button[@data-kt=\"masterHOAddButton\"]"}
COMMAND: POST /session/11c278e322621322209dbd84d797ae8b/elements - {"using":"xpath","value":"//button[@data-kt=\"masterHOAddButton\"]"}
RESULT: {"using":"xpath","value":"//button[@data-kt=\"masterHOAddButton\"]"}
COMMAND: POST /session/11c278e322621322209dbd84d797ae8b/elements - {"using":"xpath","value":"//button[@data-kt=\"masterHOAddButton\"]"}
RESULT: {"using":"xpath","value":"//button[@data-kt=\"masterHOAddButton\"]"}
COMMAND: POST /session/11c278e322621322209dbd84d797ae8b/elements - {"using":"xpath","value":"//button[@data-kt=\"masterHOAddButton\"]"}
RESULT: {"using":"xpath","value":"//button[@data-kt=\"masterHOAddButton\"]"}
COMMAND: POST /session/11c278e322621322209dbd84d797ae8b/elements - {"using":"xpath","value":"//button[@data-kt=\"masterHOAddButton\"]"}
RESULT: {"using":"xpath","value":"//button[@data-kt=\"masterHOAddButton\"]"}
COMMAND: POST /session/11c278e322621322209dbd84d797ae8b/elements - {"using":"xpath","value":"//button[@data-kt=\"masterHOAddButton\"]"}
RESULT: {"using":"xpath","value":"//button[@data-kt=\"masterHOAddButton\"]"}
COMMAND: POST /session/11c278e322621322209dbd84d797ae8b/elements - {"using":"xpath","value":"//button[@data-kt=\"masterHOAddButton\"]"}
RESULT: {"using":"xpath","value":"//button[@data-kt=\"masterHOAddButton\"]"}
COMMAND: POST /session/11c278e322621322209dbd84d797ae8b/elements - {"using":"xpath","value":"//button[@data-kt=\"masterHOAddButton\"]"}
RESULT: {"using":"xpath","value":"//button[@data-kt=\"masterHOAddButton\"]"}
COMMAND: POST /session/11c278e322621322209dbd84d797ae8b/elements - {"using":"xpath","value":"//button[@data-kt=\"masterHOAddButton\"]"}
RESULT: {"using":"xpath","value":"//button[@data-kt=\"masterHOAddButton\"]"}
COMMAND: POST /session/11c278e322621322209dbd84d797ae8b/elements - {"using":"xpath","value":"//button[@data-kt=\"masterHOAddButton\"]"}
RESULT: {"using":"xpath","value":"//button[@data-kt=\"masterHOAddButton\"]"}
COMMAND: POST /session/11c278e322621322209dbd84d797ae8b/elements - {"using":"xpath","value":"//button[@data-kt=\"masterHOAddButton\"]"}
RESULT: {"using":"xpath","value":"//button[@data-kt=\"masterHOAddButton\"]"}
COMMAND: POST /session/11c278e322621322209dbd84d797ae8b/elements - {"using":"xpath","value":"//button[@data-kt=\"masterHOAddButton\"]"}
RESULT: {"using":"xpath","value":"//button[@data-kt=\"masterHOAddButton\"]"}
COMMAND: POST /session/11c278e322621322209dbd84d797ae8b/element - {"using":"xpath","value":"//button[@data-kt=\"masterHOAddButton\"]"}
RESULT: {"using":"xpath","value":"//button[@data-kt=\"masterHOAddButton\"]"}
COMMAND: POST /session/11c278e322621322209dbd84d797ae8b/execute/sync - {"script":"<script> [8489 bytes]","args":[{"element-6066-11e4-a52e-4f735466cecf":"f.1BBDEBF70A0905171D1AD33BCA73C599.d.747F5B6D6D0827A2F7E3B89F5CBC16AB.e.3789","ELEMENT":"f.1BBDEBF70A0905171D1AD33BCA73C599.d.747F5B6D6D0827A2F7E3B89F5CBC16AB.e.3789"}]}
RESULT: {"script":"<script> [8489 bytes]","args":[{"element-6066-11e4-a52e-4f735466cecf":"f.1BBDEBF70A0905171D1AD33BCA73C599.d.747F5B6D6D0827A2F7E3B89F5CBC16AB.e.3789","ELEMENT":"f.1BBDEBF70A0905171D1AD33BCA73C599.d.747F5B6D6D0827A2F7E3B89F5CBC16AB.e.3789"}]}
COMMAND: GET /session/11c278e322621322209dbd84d797ae8b/element/f.1BBDEBF70A0905171D1AD33BCA73C599.d.747F5B6D6D0827A2F7E3B89F5CBC16AB.e.3789/enabled - {}
COMMAND: GET /session/11c278e322621322209dbd84d797ae8b/screenshot - {}
RESULT: {}
COMMAND: POST /session/11c278e322621322209dbd84d797ae8b/execute/sync - {"script":"<script> [8489 bytes]","args":[{"element-6066-11e4-a52e-4f735466cecf":"f.1BBDEBF70A0905171D1AD33BCA73C599.d.747F5B6D6D0827A2F7E3B89F5CBC16AB.e.3789","ELEMENT":"f.1BBDEBF70A0905171D1AD33BCA73C599.d.747F5B6D6D0827A2F7E3B89F5CBC16AB.e.3789"}]}
COMMAND: GET /session/11c278e322621322209dbd84d797ae8b/screenshot - {}
RESULT: {}
RESULT: {"script":"<script> [8489 bytes]","args":[{"element-6066-11e4-a52e-4f735466cecf":"f.1BBDEBF70A0905171D1AD33BCA73C599.d.747F5B6D6D0827A2F7E3B89F5CBC16AB.e.3789","ELEMENT":"f.1BBDEBF70A0905171D1AD33BCA73C599.d.747F5B6D6D0827A2F7E3B89F5CBC16AB.e.3789"}]}
COMMAND: POST /session/11c278e322621322209dbd84d797ae8b/execute/sync - {"script":"<script> [5351 bytes]","args":[{"element-6066-11e4-a52e-4f735466cecf":"f.1BBDEBF70A0905171D1AD33BCA73C599.d.747F5B6D6D0827A2F7E3B89F5CBC16AB.e.3789","ELEMENT":"f.1BBDEBF70A0905171D1AD33BCA73C599.d.747F5B6D6D0827A2F7E3B89F5CBC16AB.e.3789"}]}
COMMAND: GET /session/11c278e322621322209dbd84d797ae8b/screenshot - {}
RESULT: {}
RESULT: {"script":"<script> [5351 bytes]","args":[{"element-6066-11e4-a52e-4f735466cecf":"f.1BBDEBF70A0905171D1AD33BCA73C599.d.747F5B6D6D0827A2F7E3B89F5CBC16AB.e.3789","ELEMENT":"f.1BBDEBF70A0905171D1AD33BCA73C599.d.747F5B6D6D0827A2F7E3B89F5CBC16AB.e.3789"}]}
COMMAND: POST /session/11c278e322621322209dbd84d797ae8b/element/f.1BBDEBF70A0905171D1AD33BCA73C599.d.747F5B6D6D0827A2F7E3B89F5CBC16AB.e.3789/click - {}
COMMAND: GET /session/11c278e322621322209dbd84d797ae8b/screenshot - {}
RESULT: {}
RESULT: {}
COMMAND: GET /session/11c278e322621322209dbd84d797ae8b/screenshot - {}
RESULT: {}
COMMAND: POST /session/11c278e322621322209dbd84d797ae8b/element - {"using":"xpath","value":"//span[contains(@id ,\"AddNewHO--typeSelect-arrow\")]"}
RESULT: {}
RESULT: {"using":"xpath","value":"//span[contains(@id ,\"AddNewHO--typeSelect-arrow\")]"}
COMMAND: POST /session/11c278e322621322209dbd84d797ae8b/element/f.1BBDEBF70A0905171D1AD33BCA73C599.d.747F5B6D6D0827A2F7E3B89F5CBC16AB.e.4141/click - {}
RESULT: {}
COMMAND: GET /session/11c278e322621322209dbd84d797ae8b/screenshot - {}
RESULT: {}
COMMAND: POST /session/11c278e322621322209dbd84d797ae8b/element - {"using":"xpath","value":"(//li[contains(text(), \"stock increase yard\")])[1]"}
RESULT: {"using":"xpath","value":"(//li[contains(text(), \"stock increase yard\")])[1]"}
COMMAND: POST /session/11c278e322621322209dbd84d797ae8b/element/f.1BBDEBF70A0905171D1AD33BCA73C599.d.747F5B6D6D0827A2F7E3B89F5CBC16AB.e.4142/click - {}
RESULT: {}
COMMAND: GET /session/11c278e322621322209dbd84d797ae8b/screenshot - {}
RESULT: {}
COMMAND: POST /session/11c278e322621322209dbd84d797ae8b/execute/async - {"script":"<script> [1562 bytes]","args":[{"selector":{"id":"application-managehandovers-display-component---AddNewHO--dueDate","interaction":{"idSuffix":"inner"}},"wdio_ui5_key":"applicationmanagehandovers-display-component---AddNewHO--dueDate"}]}
RESULT: {"script":"<script> [1562 bytes]","args":[{"selector":{"id":"application-managehandovers-display-component---AddNewHO--dueDate","interaction":{"idSuffix":"inner"}},"wdio_ui5_key":"applicationmanagehandovers-display-component---AddNewHO--dueDate"}]}
RESULT: undefined
COMMAND: POST /session/11c278e322621322209dbd84d797ae8b/execute/async - {"script":"<script> [6424 bytes]","args":[{"element-6066-11e4-a52e-4f735466cecf":"f.1BBDEBF70A0905171D1AD33BCA73C599.d.747F5B6D6D0827A2F7E3B89F5CBC16AB.e.4144"},"setValue",["04/30/2025"]]}
RESULT: {"script":"<script> [6424 bytes]","args":[{"element-6066-11e4-a52e-4f735466cecf":"f.1BBDEBF70A0905171D1AD33BCA73C599.d.747F5B6D6D0827A2F7E3B89F5CBC16AB.e.4144"},"setValue",["04/30/2025"]]}
COMMAND: POST /session/11c278e322621322209dbd84d797ae8b/element - {"using":"xpath","value":"//input[@id=\"generalSectionFrg--receiveYard-inner\"]"}
RESULT: {"using":"xpath","value":"//input[@id=\"generalSectionFrg--receiveYard-inner\"]"}
COMMAND: POST /session/11c278e322621322209dbd84d797ae8b/element/f.1BBDEBF70A0905171D1AD33BCA73C599.d.747F5B6D6D0827A2F7E3B89F5CBC16AB.e.4150/clear - {}
RESULT: {}
COMMAND: POST /session/11c278e322621322209dbd84d797ae8b/element/f.1BBDEBF70A0905171D1AD33BCA73C599.d.747F5B6D6D0827A2F7E3B89F5CBC16AB.e.4150/value - {"text":"467"}
COMMAND: GET /session/11c278e322621322209dbd84d797ae8b/screenshot - {}
RESULT: {"text":"467"}
COMMAND: GET /session/11c278e322621322209dbd84d797ae8b/screenshot - {}
RESULT: {}
RESULT: {}
COMMAND: POST /session/11c278e322621322209dbd84d797ae8b/element - {"using":"xpath","value":"//li[.//span[text()='467']]"}
RESULT: {"using":"xpath","value":"//li[.//span[text()='467']]"}
COMMAND: POST /session/11c278e322621322209dbd84d797ae8b/element/f.1BBDEBF70A0905171D1AD33BCA73C599.d.747F5B6D6D0827A2F7E3B89F5CBC16AB.e.4168/click - {}
RESULT: {}
COMMAND: GET /session/11c278e322621322209dbd84d797ae8b/screenshot - {}
RESULT: {}
COMMAND: POST /session/11c278e322621322209dbd84d797ae8b/execute/async - {"script":"<script> [1562 bytes]","args":[{"selector":{"id":"application-managehandovers-display-component---AddNewHO--ObjectPageLayout-anchBar-application-managehandovers-display-component---AddNewHO--section4-anchor","interaction":{"idSuffix":"BDI-content"}},"wdio_ui5_key":"applicationmanagehandovers-display-component---AddNewHO--ObjectPageLayout-anchBar-application-managehandovers-display-component---AddNewHO--section4-anchor"}]}
RESULT: {"script":"<script> [1562 bytes]","args":[{"selector":{"id":"application-managehandovers-display-component---AddNewHO--ObjectPageLayout-anchBar-application-managehandovers-display-component---AddNewHO--section4-anchor","interaction":{"idSuffix":"BDI-content"}},"wdio_ui5_key":"applicationmanagehandovers-display-component---AddNewHO--ObjectPageLayout-anchBar-application-managehandovers-display-component---AddNewHO--section4-anchor"}]}
RESULT: undefined
COMMAND: POST /session/11c278e322621322209dbd84d797ae8b/element - {"using":"xpath","value":"//*[@id=\"application-managehandovers-display-component---AddNewHO--ObjectPageLayout-anchBar-application-managehandovers-display-component---AddNewHO--section4-anchor\"]"}
RESULT: {"using":"xpath","value":"//*[@id=\"application-managehandovers-display-component---AddNewHO--ObjectPageLayout-anchBar-application-managehandovers-display-component---AddNewHO--section4-anchor\"]"}
COMMAND: POST /session/11c278e322621322209dbd84d797ae8b/element/f.1BBDEBF70A0905171D1AD33BCA73C599.d.747F5B6D6D0827A2F7E3B89F5CBC16AB.e.4170/click - {}
RESULT: {}
COMMAND: POST /session/11c278e322621322209dbd84d797ae8b/element - {"using":"xpath","value":"//button[@aria-label=\"Add\"]"}
COMMAND: GET /session/11c278e322621322209dbd84d797ae8b/screenshot - {}
RESULT: {"using":"xpath","value":"//button[@aria-label=\"Add\"]"}
COMMAND: POST /session/11c278e322621322209dbd84d797ae8b/element/f.1BBDEBF70A0905171D1AD33BCA73C599.d.747F5B6D6D0827A2F7E3B89F5CBC16AB.e.4174/click - {}
RESULT: {}
RESULT: {}
COMMAND: GET /session/11c278e322621322209dbd84d797ae8b/screenshot - {}
RESULT: {}
COMMAND: POST /session/11c278e322621322209dbd84d797ae8b/execute/async - {"script":"<script> [1562 bytes]","args":[{"selector":{"id":"application-managehandovers-display-component---AddNewHO--smartFilterBar-btnBasicSearch","searchOpenDialogs":true,"interaction":{"idSuffix":"I"}},"wdio_ui5_key":"applicationmanagehandovers-display-component---AddNewHO--smartFilterBar-btnBasicSearch"}]}
RESULT: {"script":"<script> [1562 bytes]","args":[{"selector":{"id":"application-managehandovers-display-component---AddNewHO--smartFilterBar-btnBasicSearch","searchOpenDialogs":true,"interaction":{"idSuffix":"I"}},"wdio_ui5_key":"applicationmanagehandovers-display-component---AddNewHO--smartFilterBar-btnBasicSearch"}]}
RESULT: undefined
COMMAND: POST /session/11c278e322621322209dbd84d797ae8b/execute/async - {"script":"<script> [776 bytes]","args":[{"enterText":"ltfGSCNacd","selector":{"id":"application-managehandovers-display-component---AddNewHO--smartFilterBar-btnBasicSearch","searchOpenDialogs":true,"interaction":{"idSuffix":"I"}},"clearTextFirst":true,"interactionType":"ENTER_TEXT"}]}
RESULT: {"script":"<script> [776 bytes]","args":[{"enterText":"ltfGSCNacd","selector":{"id":"application-managehandovers-display-component---AddNewHO--smartFilterBar-btnBasicSearch","searchOpenDialogs":true,"interaction":{"idSuffix":"I"}},"clearTextFirst":true,"interactionType":"ENTER_TEXT"}]}
COMMAND: POST /session/11c278e322621322209dbd84d797ae8b/actions - {"actions":[{"id":"action17","type":"key","parameters":{},"actions":[{"type":"keyDown","value":"î€‡"},{"type":"pause","duration":10},{"type":"keyUp","value":"î€‡"}]}]}
RESULT: {"actions":[{"id":"action17","type":"key","parameters":{},"actions":[{"type":"keyDown","value":"î€‡"},{"type":"pause","duration":10},{"type":"keyUp","value":"î€‡"}]}]}
COMMAND: GET /session/11c278e322621322209dbd84d797ae8b/screenshot - {}
RESULT: {}
COMMAND: POST /session/11c278e322621322209dbd84d797ae8b/execute/async - {"script":"<script> [1562 bytes]","args":[{"selector":{"id":"application-managehandovers-display-component---AddNewHO--popup-sa","searchOpenDialogs":true,"interaction":{"idSuffix":"CbBg"}},"wdio_ui5_key":"applicationmanagehandovers-display-component---AddNewHO--popup-sa"}]}
RESULT: {"script":"<script> [1562 bytes]","args":[{"selector":{"id":"application-managehandovers-display-component---AddNewHO--popup-sa","searchOpenDialogs":true,"interaction":{"idSuffix":"CbBg"}},"wdio_ui5_key":"applicationmanagehandovers-display-component---AddNewHO--popup-sa"}]}
RESULT: undefined
COMMAND: POST /session/11c278e322621322209dbd84d797ae8b/element - {"using":"xpath","value":"//*[@id=\"application-managehandovers-display-component---AddNewHO--popup-sa\"]"}
RESULT: {"using":"xpath","value":"//*[@id=\"application-managehandovers-display-component---AddNewHO--popup-sa\"]"}
COMMAND: POST /session/11c278e322621322209dbd84d797ae8b/element/f.1BBDEBF70A0905171D1AD33BCA73C599.d.747F5B6D6D0827A2F7E3B89F5CBC16AB.e.4328/click - {}
RESULT: {}
COMMAND: GET /session/11c278e322621322209dbd84d797ae8b/screenshot - {}
RESULT: {}
COMMAND: POST /session/11c278e322621322209dbd84d797ae8b/element - {"using":"xpath","value":"//bdi[contains(text(), \"Select\")]"}
RESULT: {"using":"xpath","value":"//bdi[contains(text(), \"Select\")]"}
COMMAND: POST /session/11c278e322621322209dbd84d797ae8b/element/f.1BBDEBF70A0905171D1AD33BCA73C599.d.747F5B6D6D0827A2F7E3B89F5CBC16AB.e.4329/click - {}
RESULT: {}
COMMAND: GET /session/11c278e322621322209dbd84d797ae8b/screenshot - {}
RESULT: {}
COMMAND: POST /session/11c278e322621322209dbd84d797ae8b/element - {"using":"xpath","value":"//button[@data-kt=\"AddNewHOSaveButton\"]"}
RESULT: {"using":"xpath","value":"//button[@data-kt=\"AddNewHOSaveButton\"]"}
COMMAND: POST /session/11c278e322621322209dbd84d797ae8b/element/f.1BBDEBF70A0905171D1AD33BCA73C599.d.747F5B6D6D0827A2F7E3B89F5CBC16AB.e.4333/click - {}
RESULT: {}
COMMAND: GET /session/11c278e322621322209dbd84d797ae8b/screenshot - {}
RESULT: {}
COMMAND: POST /session/11c278e322621322209dbd84d797ae8b/execute/async - {"script":"<script> [1562 bytes]","args":[{"selector":{"id":"receiptDatePicker","viewName":"etm.portal.ui.managehandovers.view.DetailExecuteHO","interaction":{"idSuffix":"inner"}},"wdio_ui5_key":"receiptDatePickeretmportal.ui.managehandovers.view.DetailExecuteHO"}]}
RESULT: {"script":"<script> [1562 bytes]","args":[{"selector":{"id":"receiptDatePicker","viewName":"etm.portal.ui.managehandovers.view.DetailExecuteHO","interaction":{"idSuffix":"inner"}},"wdio_ui5_key":"receiptDatePickeretmportal.ui.managehandovers.view.DetailExecuteHO"}]}
RESULT: undefined
COMMAND: POST /session/11c278e322621322209dbd84d797ae8b/execute/async - {"script":"<script> [6424 bytes]","args":[{"element-6066-11e4-a52e-4f735466cecf":"f.1BBDEBF70A0905171D1AD33BCA73C599.d.747F5B6D6D0827A2F7E3B89F5CBC16AB.e.4364"},"setValue",["04/30/2025"]]}
RESULT: {"script":"<script> [6424 bytes]","args":[{"element-6066-11e4-a52e-4f735466cecf":"f.1BBDEBF70A0905171D1AD33BCA73C599.d.747F5B6D6D0827A2F7E3B89F5CBC16AB.e.4364"},"setValue",["04/30/2025"]]}
COMMAND: POST /session/11c278e322621322209dbd84d797ae8b/element - {"using":"xpath","value":"//button[@data-kt=\"PickingTableConfirmAllButton\"]"}
RESULT: {"using":"xpath","value":"//button[@data-kt=\"PickingTableConfirmAllButton\"]"}
COMMAND: POST /session/11c278e322621322209dbd84d797ae8b/element/f.1BBDEBF70A0905171D1AD33BCA73C599.d.747F5B6D6D0827A2F7E3B89F5CBC16AB.e.4380/click - {}
RESULT: {}
COMMAND: GET /session/11c278e322621322209dbd84d797ae8b/screenshot - {}
RESULT: {}
COMMAND: POST /session/11c278e322621322209dbd84d797ae8b/element - {"using":"xpath","value":"//bdi[contains(text(), \"OK\")]"}
RESULT: {"using":"xpath","value":"//bdi[contains(text(), \"OK\")]"}
COMMAND: POST /session/11c278e322621322209dbd84d797ae8b/element/f.1BBDEBF70A0905171D1AD33BCA73C599.d.747F5B6D6D0827A2F7E3B89F5CBC16AB.e.4383/click - {}
RESULT: {}
COMMAND: GET /session/11c278e322621322209dbd84d797ae8b/screenshot - {}
RESULT: {}
COMMAND: POST /session/11c278e322621322209dbd84d797ae8b/element - {"using":"xpath","value":"(//bdi[contains(text(), \"Receive\")])[2]"}
RESULT: {"using":"xpath","value":"(//bdi[contains(text(), \"Receive\")])[2]"}
COMMAND: POST /session/11c278e322621322209dbd84d797ae8b/element/f.1BBDEBF70A0905171D1AD33BCA73C599.d.747F5B6D6D0827A2F7E3B89F5CBC16AB.e.4384/click - {}
RESULT: {}
COMMAND: GET /session/11c278e322621322209dbd84d797ae8b/screenshot - {}
RESULT: {}
COMMAND: POST /session/11c278e322621322209dbd84d797ae8b/element - {"using":"css selector","value":"#shell-header-logo"}
RESULT: {"using":"css selector","value":"#shell-header-logo"}
COMMAND: POST /session/11c278e322621322209dbd84d797ae8b/element/f.1BBDEBF70A0905171D1AD33BCA73C599.d.747F5B6D6D0827A2F7E3B89F5CBC16AB.e.3765/click - {}
RESULT: {}
COMMAND: GET /session/11c278e322621322209dbd84d797ae8b/screenshot - {}
RESULT: {}
]]></system-out>
    </testcase>
    <testcase classname="chrome.135_0_7049_96.windows.Billing_Transfer_-_Master_data_&amp;_Intercompany_US127250" name="Should create a new contract" time="64.639">
      <system-out><![CDATA[
COMMAND: POST /session/11c278e322621322209dbd84d797ae8b/execute/async - {"script":"<script> [1562 bytes]","args":[{"selector":{"controlType":"sap.m.Text","viewName":"etm.portal.ui.managecontractstile.view.Master","properties":{"text":"Manage Contracts"},"interaction":{"idSuffix":"inner"}},"wdio_ui5_key":"etmportal.ui.managecontractstile.view.Mastersap.m.Text{\"text\":\"Manage Contracts\"}"}]}
RESULT: {"script":"<script> [1562 bytes]","args":[{"selector":{"controlType":"sap.m.Text","viewName":"etm.portal.ui.managecontractstile.view.Master","properties":{"text":"Manage Contracts"},"interaction":{"idSuffix":"inner"}},"wdio_ui5_key":"etmportal.ui.managecontractstile.view.Mastersap.m.Text{\"text\":\"Manage Contracts\"}"}]}
RESULT: undefined
COMMAND: POST /session/11c278e322621322209dbd84d797ae8b/element - {"using":"xpath","value":"//*[@id=\"__tile130-title\"]"}
RESULT: {"using":"xpath","value":"//*[@id=\"__tile130-title\"]"}
COMMAND: POST /session/11c278e322621322209dbd84d797ae8b/element/f.1BBDEBF70A0905171D1AD33BCA73C599.d.747F5B6D6D0827A2F7E3B89F5CBC16AB.e.4559/click - {}
RESULT: {}
COMMAND: GET /session/11c278e322621322209dbd84d797ae8b/screenshot - {}
RESULT: {}
COMMAND: POST /session/11c278e322621322209dbd84d797ae8b/element - {"using":"xpath","value":"//button[@data-kt=\"addButton\"]"}
RESULT: {"using":"xpath","value":"//button[@data-kt=\"addButton\"]"}
COMMAND: POST /session/11c278e322621322209dbd84d797ae8b/elements - {"using":"xpath","value":"//button[@data-kt=\"addButton\"]"}
RESULT: {"using":"xpath","value":"//button[@data-kt=\"addButton\"]"}
COMMAND: POST /session/11c278e322621322209dbd84d797ae8b/elements - {"using":"xpath","value":"//button[@data-kt=\"addButton\"]"}
RESULT: {"using":"xpath","value":"//button[@data-kt=\"addButton\"]"}
COMMAND: POST /session/11c278e322621322209dbd84d797ae8b/element - {"using":"xpath","value":"//button[@data-kt=\"addButton\"]"}
RESULT: {"using":"xpath","value":"//button[@data-kt=\"addButton\"]"}
COMMAND: POST /session/11c278e322621322209dbd84d797ae8b/execute/sync - {"script":"<script> [8489 bytes]","args":[{"element-6066-11e4-a52e-4f735466cecf":"f.1BBDEBF70A0905171D1AD33BCA73C599.d.747F5B6D6D0827A2F7E3B89F5CBC16AB.e.4635","ELEMENT":"f.1BBDEBF70A0905171D1AD33BCA73C599.d.747F5B6D6D0827A2F7E3B89F5CBC16AB.e.4635"}]}
RESULT: {"script":"<script> [8489 bytes]","args":[{"element-6066-11e4-a52e-4f735466cecf":"f.1BBDEBF70A0905171D1AD33BCA73C599.d.747F5B6D6D0827A2F7E3B89F5CBC16AB.e.4635","ELEMENT":"f.1BBDEBF70A0905171D1AD33BCA73C599.d.747F5B6D6D0827A2F7E3B89F5CBC16AB.e.4635"}]}
COMMAND: GET /session/11c278e322621322209dbd84d797ae8b/element/f.1BBDEBF70A0905171D1AD33BCA73C599.d.747F5B6D6D0827A2F7E3B89F5CBC16AB.e.4635/enabled - {}
COMMAND: GET /session/11c278e322621322209dbd84d797ae8b/screenshot - {}
RESULT: {}
COMMAND: POST /session/11c278e322621322209dbd84d797ae8b/execute/sync - {"script":"<script> [8489 bytes]","args":[{"element-6066-11e4-a52e-4f735466cecf":"f.1BBDEBF70A0905171D1AD33BCA73C599.d.747F5B6D6D0827A2F7E3B89F5CBC16AB.e.4635","ELEMENT":"f.1BBDEBF70A0905171D1AD33BCA73C599.d.747F5B6D6D0827A2F7E3B89F5CBC16AB.e.4635"}]}
COMMAND: GET /session/11c278e322621322209dbd84d797ae8b/screenshot - {}
RESULT: {}
RESULT: {"script":"<script> [8489 bytes]","args":[{"element-6066-11e4-a52e-4f735466cecf":"f.1BBDEBF70A0905171D1AD33BCA73C599.d.747F5B6D6D0827A2F7E3B89F5CBC16AB.e.4635","ELEMENT":"f.1BBDEBF70A0905171D1AD33BCA73C599.d.747F5B6D6D0827A2F7E3B89F5CBC16AB.e.4635"}]}
COMMAND: POST /session/11c278e322621322209dbd84d797ae8b/execute/sync - {"script":"<script> [5351 bytes]","args":[{"element-6066-11e4-a52e-4f735466cecf":"f.1BBDEBF70A0905171D1AD33BCA73C599.d.747F5B6D6D0827A2F7E3B89F5CBC16AB.e.4635","ELEMENT":"f.1BBDEBF70A0905171D1AD33BCA73C599.d.747F5B6D6D0827A2F7E3B89F5CBC16AB.e.4635"}]}
COMMAND: GET /session/11c278e322621322209dbd84d797ae8b/screenshot - {}
RESULT: {}
RESULT: {"script":"<script> [5351 bytes]","args":[{"element-6066-11e4-a52e-4f735466cecf":"f.1BBDEBF70A0905171D1AD33BCA73C599.d.747F5B6D6D0827A2F7E3B89F5CBC16AB.e.4635","ELEMENT":"f.1BBDEBF70A0905171D1AD33BCA73C599.d.747F5B6D6D0827A2F7E3B89F5CBC16AB.e.4635"}]}
COMMAND: GET /session/11c278e322621322209dbd84d797ae8b/screenshot - {}
RESULT: {}
RESULT: {}
COMMAND: POST /session/11c278e322621322209dbd84d797ae8b/element/f.1BBDEBF70A0905171D1AD33BCA73C599.d.747F5B6D6D0827A2F7E3B89F5CBC16AB.e.4635/click - {}
RESULT: {}
COMMAND: GET /session/11c278e322621322209dbd84d797ae8b/screenshot - {}
COMMAND: POST /session/11c278e322621322209dbd84d797ae8b/execute/async - {"script":"<script> [1562 bytes]","args":[{"selector":{"id":"application-managecontracts-display-component---AddNewContract--projectDescription","interaction":{"idSuffix":"inner"}},"wdio_ui5_key":"applicationmanagecontracts-display-component---AddNewContract--projectDescription"}]}
RESULT: {}
RESULT: {"script":"<script> [1562 bytes]","args":[{"selector":{"id":"application-managecontracts-display-component---AddNewContract--projectDescription","interaction":{"idSuffix":"inner"}},"wdio_ui5_key":"applicationmanagecontracts-display-component---AddNewContract--projectDescription"}]}
RESULT: undefined
COMMAND: POST /session/11c278e322621322209dbd84d797ae8b/execute/async - {"script":"<script> [776 bytes]","args":[{"enterText":"Intercompany Contract WDIO","selector":{"id":"application-managecontracts-display-component---AddNewContract--projectDescription","interaction":{"idSuffix":"inner"}},"clearTextFirst":true,"interactionType":"ENTER_TEXT"}]}
RESULT: {"script":"<script> [776 bytes]","args":[{"enterText":"Intercompany Contract WDIO","selector":{"id":"application-managecontracts-display-component---AddNewContract--projectDescription","interaction":{"idSuffix":"inner"}},"clearTextFirst":true,"interactionType":"ENTER_TEXT"}]}
COMMAND: POST /session/11c278e322621322209dbd84d797ae8b/element - {"using":"xpath","value":"//input[@id=\"application-managecontracts-display-component---AddNewContract--site-inner\"]"}
RESULT: {"using":"xpath","value":"//input[@id=\"application-managecontracts-display-component---AddNewContract--site-inner\"]"}
COMMAND: POST /session/11c278e322621322209dbd84d797ae8b/element/f.1BBDEBF70A0905171D1AD33BCA73C599.d.747F5B6D6D0827A2F7E3B89F5CBC16AB.e.4929/clear - {}
RESULT: {}
COMMAND: POST /session/11c278e322621322209dbd84d797ae8b/element/f.1BBDEBF70A0905171D1AD33BCA73C599.d.747F5B6D6D0827A2F7E3B89F5CBC16AB.e.4929/value - {"text":"2304"}
COMMAND: GET /session/11c278e322621322209dbd84d797ae8b/screenshot - {}
RESULT: {"text":"2304"}
COMMAND: GET /session/11c278e322621322209dbd84d797ae8b/screenshot - {}
RESULT: {}
RESULT: {}
COMMAND: POST /session/11c278e322621322209dbd84d797ae8b/element - {"using":"xpath","value":"//li[.//span[text()='2304']]"}
RESULT: {"using":"xpath","value":"//li[.//span[text()='2304']]"}
COMMAND: POST /session/11c278e322621322209dbd84d797ae8b/element/f.1BBDEBF70A0905171D1AD33BCA73C599.d.747F5B6D6D0827A2F7E3B89F5CBC16AB.e.4951/click - {}
RESULT: {}
COMMAND: GET /session/11c278e322621322209dbd84d797ae8b/screenshot - {}
RESULT: {}
COMMAND: POST /session/11c278e322621322209dbd84d797ae8b/element - {"using":"xpath","value":"//input[@id=\"application-managecontracts-display-component---AddNewContract--yardId-inner\"]"}
RESULT: {"using":"xpath","value":"//input[@id=\"application-managecontracts-display-component---AddNewContract--yardId-inner\"]"}
COMMAND: GET /session/11c278e322621322209dbd84d797ae8b/element/f.1BBDEBF70A0905171D1AD33BCA73C599.d.747F5B6D6D0827A2F7E3B89F5CBC16AB.e.4930/property/value - {}
RESULT: {}
COMMAND: POST /session/11c278e322621322209dbd84d797ae8b/element - {"using":"xpath","value":"//input[@id=\"application-managecontracts-display-component---AddNewContract--customerSelect-inner\"]"}
COMMAND: GET /session/11c278e322621322209dbd84d797ae8b/screenshot - {}
RESULT: {"using":"xpath","value":"//input[@id=\"application-managecontracts-display-component---AddNewContract--customerSelect-inner\"]"}
COMMAND: POST /session/11c278e322621322209dbd84d797ae8b/element/f.1BBDEBF70A0905171D1AD33BCA73C599.d.747F5B6D6D0827A2F7E3B89F5CBC16AB.e.4928/clear - {}
RESULT: {}
RESULT: {}
COMMAND: POST /session/11c278e322621322209dbd84d797ae8b/element/f.1BBDEBF70A0905171D1AD33BCA73C599.d.747F5B6D6D0827A2F7E3B89F5CBC16AB.e.4928/value - {"text":"1337"}
COMMAND: GET /session/11c278e322621322209dbd84d797ae8b/screenshot - {}
RESULT: {"text":"1337"}
COMMAND: GET /session/11c278e322621322209dbd84d797ae8b/screenshot - {}
RESULT: {}
RESULT: {}
COMMAND: POST /session/11c278e322621322209dbd84d797ae8b/element - {"using":"xpath","value":"//li[.//span[text()='1337']]"}
RESULT: {"using":"xpath","value":"//li[.//span[text()='1337']]"}
COMMAND: POST /session/11c278e322621322209dbd84d797ae8b/element/f.1BBDEBF70A0905171D1AD33BCA73C599.d.747F5B6D6D0827A2F7E3B89F5CBC16AB.e.4954/click - {}
RESULT: {}
COMMAND: GET /session/11c278e322621322209dbd84d797ae8b/screenshot - {}
RESULT: {}
COMMAND: POST /session/11c278e322621322209dbd84d797ae8b/element - {"using":"xpath","value":"//button[@data-kt=\"saveButton\"]"}
RESULT: {"using":"xpath","value":"//button[@data-kt=\"saveButton\"]"}
COMMAND: POST /session/11c278e322621322209dbd84d797ae8b/element/f.1BBDEBF70A0905171D1AD33BCA73C599.d.747F5B6D6D0827A2F7E3B89F5CBC16AB.e.4944/click - {}
RESULT: {}
COMMAND: GET /session/11c278e322621322209dbd84d797ae8b/screenshot - {}
RESULT: {}
COMMAND: POST /session/11c278e322621322209dbd84d797ae8b/element - {"using":"xpath","value":"//span[contains(@id ,\"contractDetailTitleNoExpanded\")]"}
RESULT: {"using":"xpath","value":"//span[contains(@id ,\"contractDetailTitleNoExpanded\")]"}
COMMAND: POST /session/11c278e322621322209dbd84d797ae8b/elements - {"using":"xpath","value":"//span[contains(@id ,\"contractDetailTitleNoExpanded\")]"}
RESULT: {"using":"xpath","value":"//span[contains(@id ,\"contractDetailTitleNoExpanded\")]"}
COMMAND: POST /session/11c278e322621322209dbd84d797ae8b/execute/sync - {"script":"<script> [56 bytes]","args":[{"element-6066-11e4-a52e-4f735466cecf":"f.1BBDEBF70A0905171D1AD33BCA73C599.d.747F5B6D6D0827A2F7E3B89F5CBC16AB.e.4965","ELEMENT":"f.1BBDEBF70A0905171D1AD33BCA73C599.d.747F5B6D6D0827A2F7E3B89F5CBC16AB.e.4965"}]}
RESULT: {"script":"<script> [56 bytes]","args":[{"element-6066-11e4-a52e-4f735466cecf":"f.1BBDEBF70A0905171D1AD33BCA73C599.d.747F5B6D6D0827A2F7E3B89F5CBC16AB.e.4965","ELEMENT":"f.1BBDEBF70A0905171D1AD33BCA73C599.d.747F5B6D6D0827A2F7E3B89F5CBC16AB.e.4965"}]}
COMMAND: GET /session/11c278e322621322209dbd84d797ae8b/screenshot - {}
RESULT: {}
]]></system-out>
    </testcase>
    <testcase classname="chrome.135_0_7049_96.windows.Billing_Transfer_-_Master_data_&amp;_Intercompany_US127250" name="Should add equipment to the contract" time="45.576">
      <system-out><![CDATA[
COMMAND: POST /session/11c278e322621322209dbd84d797ae8b/element - {"using":"xpath","value":"//button[@data-kt=\"contractDetailEditBtnButton\"]"}
RESULT: {"using":"xpath","value":"//button[@data-kt=\"contractDetailEditBtnButton\"]"}
COMMAND: POST /session/11c278e322621322209dbd84d797ae8b/element/f.1BBDEBF70A0905171D1AD33BCA73C599.d.747F5B6D6D0827A2F7E3B89F5CBC16AB.e.4967/click - {}
RESULT: {}
COMMAND: GET /session/11c278e322621322209dbd84d797ae8b/screenshot - {}
RESULT: {}
COMMAND: POST /session/11c278e322621322209dbd84d797ae8b/element - {"using":"xpath","value":"(//span[contains(text(), \"Additional Addresses\")])[2]"}
RESULT: {"using":"xpath","value":"(//span[contains(text(), \"Additional Addresses\")])[2]"}
COMMAND: POST /session/11c278e322621322209dbd84d797ae8b/element/f.1BBDEBF70A0905171D1AD33BCA73C599.d.747F5B6D6D0827A2F7E3B89F5CBC16AB.e.5023/click - {}
RESULT: {}
COMMAND: GET /session/11c278e322621322209dbd84d797ae8b/screenshot - {}
RESULT: {}
COMMAND: POST /session/11c278e322621322209dbd84d797ae8b/element - {"using":"xpath","value":"//button[@data-kt=\"btnAddTableRowOverflowToolbarButton\"]"}
RESULT: {"using":"xpath","value":"//button[@data-kt=\"btnAddTableRowOverflowToolbarButton\"]"}
COMMAND: POST /session/11c278e322621322209dbd84d797ae8b/element/f.1BBDEBF70A0905171D1AD33BCA73C599.d.747F5B6D6D0827A2F7E3B89F5CBC16AB.e.5025/click - {}
RESULT: {}
COMMAND: GET /session/11c278e322621322209dbd84d797ae8b/screenshot - {}
RESULT: {}
COMMAND: POST /session/11c278e322621322209dbd84d797ae8b/element - {"using":"xpath","value":"//div[(text() = 'Standard Entry' or . = 'Standard Entry')]"}
RESULT: {"using":"xpath","value":"//div[(text() = 'Standard Entry' or . = 'Standard Entry')]"}
COMMAND: POST /session/11c278e322621322209dbd84d797ae8b/element/f.1BBDEBF70A0905171D1AD33BCA73C599.d.747F5B6D6D0827A2F7E3B89F5CBC16AB.e.5027/click - {}
RESULT: {}
COMMAND: GET /session/11c278e322621322209dbd84d797ae8b/screenshot - {}
RESULT: {}
COMMAND: POST /session/11c278e322621322209dbd84d797ae8b/element - {"using":"xpath","value":"//td[7]/div/div/input"}
RESULT: {"using":"xpath","value":"//td[7]/div/div/input"}
COMMAND: POST /session/11c278e322621322209dbd84d797ae8b/element/f.1BBDEBF70A0905171D1AD33BCA73C599.d.747F5B6D6D0827A2F7E3B89F5CBC16AB.e.5036/clear - {}
RESULT: {}
COMMAND: POST /session/11c278e322621322209dbd84d797ae8b/element/f.1BBDEBF70A0905171D1AD33BCA73C599.d.747F5B6D6D0827A2F7E3B89F5CBC16AB.e.5036/value - {"text":"ltfGSCNacd"}
COMMAND: GET /session/11c278e322621322209dbd84d797ae8b/screenshot - {}
RESULT: {"text":"ltfGSCNacd"}
COMMAND: GET /session/11c278e322621322209dbd84d797ae8b/screenshot - {}
RESULT: {}
RESULT: {}
COMMAND: POST /session/11c278e322621322209dbd84d797ae8b/actions - {"actions":[{"id":"action18","type":"key","parameters":{},"actions":[{"type":"keyDown","value":"î€‡"},{"type":"pause","duration":10},{"type":"keyUp","value":"î€‡"}]}]}
RESULT: {"actions":[{"id":"action18","type":"key","parameters":{},"actions":[{"type":"keyDown","value":"î€‡"},{"type":"pause","duration":10},{"type":"keyUp","value":"î€‡"}]}]}
COMMAND: GET /session/11c278e322621322209dbd84d797ae8b/screenshot - {}
RESULT: {}
COMMAND: POST /session/11c278e322621322209dbd84d797ae8b/execute/sync - {"script":"<script> [276 bytes]","args":["No pricing information was found"]}
RESULT: {"script":"<script> [276 bytes]","args":["No pricing information was found"]}
COMMAND: POST /session/11c278e322621322209dbd84d797ae8b/element - {"using":"xpath","value":"(//button[@data-kt=\"saveButton\"])[2]"}
COMMAND: GET /session/11c278e322621322209dbd84d797ae8b/screenshot - {}
RESULT: {"using":"xpath","value":"(//button[@data-kt=\"saveButton\"])[2]"}
COMMAND: POST /session/11c278e322621322209dbd84d797ae8b/element/f.1BBDEBF70A0905171D1AD33BCA73C599.d.747F5B6D6D0827A2F7E3B89F5CBC16AB.e.5051/click - {}
RESULT: {}
RESULT: {}
COMMAND: GET /session/11c278e322621322209dbd84d797ae8b/screenshot - {}
RESULT: {}
COMMAND: POST /session/11c278e322621322209dbd84d797ae8b/execute/sync - {"script":"<script> [276 bytes]","args":["Some contract items are having rental validity exceeding header rental validity"]}
RESULT: {"script":"<script> [276 bytes]","args":["Some contract items are having rental validity exceeding header rental validity"]}
COMMAND: GET /session/11c278e322621322209dbd84d797ae8b/screenshot - {}
RESULT: {}
COMMAND: POST /session/11c278e322621322209dbd84d797ae8b/element - {"using":"xpath","value":"//span[contains(@id ,\"contractItemsSmartTable-header-inner\")]"}
RESULT: {"using":"xpath","value":"//span[contains(@id ,\"contractItemsSmartTable-header-inner\")]"}
COMMAND: POST /session/11c278e322621322209dbd84d797ae8b/elements - {"using":"xpath","value":"//span[contains(@id ,\"contractItemsSmartTable-header-inner\")]"}
RESULT: {"using":"xpath","value":"//span[contains(@id ,\"contractItemsSmartTable-header-inner\")]"}
COMMAND: POST /session/11c278e322621322209dbd84d797ae8b/execute/sync - {"script":"<script> [56 bytes]","args":[{"element-6066-11e4-a52e-4f735466cecf":"f.1BBDEBF70A0905171D1AD33BCA73C599.d.747F5B6D6D0827A2F7E3B89F5CBC16AB.e.5057","ELEMENT":"f.1BBDEBF70A0905171D1AD33BCA73C599.d.747F5B6D6D0827A2F7E3B89F5CBC16AB.e.5057"}]}
RESULT: {"script":"<script> [56 bytes]","args":[{"element-6066-11e4-a52e-4f735466cecf":"f.1BBDEBF70A0905171D1AD33BCA73C599.d.747F5B6D6D0827A2F7E3B89F5CBC16AB.e.5057","ELEMENT":"f.1BBDEBF70A0905171D1AD33BCA73C599.d.747F5B6D6D0827A2F7E3B89F5CBC16AB.e.5057"}]}
]]></system-out>
    </testcase>
    <testcase classname="chrome.135_0_7049_96.windows.Billing_Transfer_-_Master_data_&amp;_Intercompany_US127250" name="Should do a provide to site handover" time="57.725">
      <system-out><![CDATA[
COMMAND: GET /session/11c278e322621322209dbd84d797ae8b/screenshot - {}
COMMAND: POST /session/11c278e322621322209dbd84d797ae8b/element - {"using":"xpath","value":"//button[@data-kt=\"provideButton\"]"}
RESULT: {"using":"xpath","value":"//button[@data-kt=\"provideButton\"]"}
COMMAND: POST /session/11c278e322621322209dbd84d797ae8b/element/f.1BBDEBF70A0905171D1AD33BCA73C599.d.747F5B6D6D0827A2F7E3B89F5CBC16AB.e.5058/click - {}
RESULT: {}
RESULT: {}
COMMAND: GET /session/11c278e322621322209dbd84d797ae8b/screenshot - {}
RESULT: {}
RESULT: undefined
COMMAND: POST /session/11c278e322621322209dbd84d797ae8b/execute/async - {"script":"<script> [6424 bytes]","args":[{"element-6066-11e4-a52e-4f735466cecf":"f.1BBDEBF70A0905171D1AD33BCA73C599.d.747F5B6D6D0827A2F7E3B89F5CBC16AB.e.4144"},"setValue",["04/30/2025"]]}
COMMAND: POST /session/11c278e322621322209dbd84d797ae8b/execute/async - {"script":"<script> [1562 bytes]","args":[{"selector":{"id":"application-managehandovers-display-component---AddNewHO--dueDate","interaction":{"idSuffix":"inner"}},"wdio_ui5_key":"applicationmanagehandovers-display-component---AddNewHO--dueDate"}]}
RESULT: {"script":"<script> [1562 bytes]","args":[{"selector":{"id":"application-managehandovers-display-component---AddNewHO--dueDate","interaction":{"idSuffix":"inner"}},"wdio_ui5_key":"applicationmanagehandovers-display-component---AddNewHO--dueDate"}]}
COMMAND: POST /session/11c278e322621322209dbd84d797ae8b/execute/async - {"script":"<script> [6424 bytes]","args":[{"element-6066-11e4-a52e-4f735466cecf":"f.1BBDEBF70A0905171D1AD33BCA73C599.d.747F5B6D6D0827A2F7E3B89F5CBC16AB.e.5115"},"setValue",["04/30/2025"]]}
RESULT: {"script":"<script> [6424 bytes]","args":[{"element-6066-11e4-a52e-4f735466cecf":"f.1BBDEBF70A0905171D1AD33BCA73C599.d.747F5B6D6D0827A2F7E3B89F5CBC16AB.e.5115"},"setValue",["04/30/2025"]]}
COMMAND: POST /session/11c278e322621322209dbd84d797ae8b/element - {"using":"xpath","value":"//bdi[contains(text(), \"Instructions\")]"}
RESULT: {"using":"xpath","value":"//bdi[contains(text(), \"Instructions\")]"}
COMMAND: POST /session/11c278e322621322209dbd84d797ae8b/element/f.1BBDEBF70A0905171D1AD33BCA73C599.d.747F5B6D6D0827A2F7E3B89F5CBC16AB.e.5368/click - {}
RESULT: {}
COMMAND: GET /session/11c278e322621322209dbd84d797ae8b/screenshot - {}
RESULT: {}
COMMAND: POST /session/11c278e322621322209dbd84d797ae8b/element - {"using":"xpath","value":"//button[@data-kt=\"AddNewHOProvideAddItemsButton\"]"}
RESULT: {"using":"xpath","value":"//button[@data-kt=\"AddNewHOProvideAddItemsButton\"]"}
COMMAND: POST /session/11c278e322621322209dbd84d797ae8b/element/f.1BBDEBF70A0905171D1AD33BCA73C599.d.747F5B6D6D0827A2F7E3B89F5CBC16AB.e.5372/click - {}
RESULT: {}
COMMAND: GET /session/11c278e322621322209dbd84d797ae8b/screenshot - {}
RESULT: {}
RESULT: undefined
COMMAND: POST /session/11c278e322621322209dbd84d797ae8b/element - {"using":"xpath","value":"//*[@id=\"application-managehandovers-display-component---AddNewHO--popup-sa\"]"}
RESULT: {"using":"xpath","value":"//*[@id=\"application-managehandovers-display-component---AddNewHO--popup-sa\"]"}
COMMAND: POST /session/11c278e322621322209dbd84d797ae8b/element/f.1BBDEBF70A0905171D1AD33BCA73C599.d.747F5B6D6D0827A2F7E3B89F5CBC16AB.e.5387/click - {}
RESULT: {}
COMMAND: GET /session/11c278e322621322209dbd84d797ae8b/screenshot - {}
RESULT: {}
COMMAND: POST /session/11c278e322621322209dbd84d797ae8b/element - {"using":"xpath","value":"//*[contains(@id ,\"BDI-content\")][contains(text(), \"Select\")]"}
RESULT: {"using":"xpath","value":"//*[contains(@id ,\"BDI-content\")][contains(text(), \"Select\")]"}
COMMAND: POST /session/11c278e322621322209dbd84d797ae8b/element/f.1BBDEBF70A0905171D1AD33BCA73C599.d.747F5B6D6D0827A2F7E3B89F5CBC16AB.e.5389/click - {}
RESULT: {}
COMMAND: GET /session/11c278e322621322209dbd84d797ae8b/screenshot - {}
RESULT: {}
COMMAND: POST /session/11c278e322621322209dbd84d797ae8b/execute/async - {"script":"<script> [1562 bytes]","args":[{"selector":{"id":"application-managehandovers-display-component---AddNewHO--confirmCreationButton","interaction":{"idSuffix":"BDI-content"}},"wdio_ui5_key":"applicationmanagehandovers-display-component---AddNewHO--confirmCreationButton"}]}
RESULT: {"script":"<script> [1562 bytes]","args":[{"selector":{"id":"application-managehandovers-display-component---AddNewHO--confirmCreationButton","interaction":{"idSuffix":"BDI-content"}},"wdio_ui5_key":"applicationmanagehandovers-display-component---AddNewHO--confirmCreationButton"}]}
RESULT: undefined
COMMAND: POST /session/11c278e322621322209dbd84d797ae8b/element - {"using":"xpath","value":"//*[@id=\"application-managehandovers-display-component---AddNewHO--confirmCreationButton\"]"}
RESULT: {"using":"xpath","value":"//*[@id=\"application-managehandovers-display-component---AddNewHO--confirmCreationButton\"]"}
COMMAND: POST /session/11c278e322621322209dbd84d797ae8b/element/f.1BBDEBF70A0905171D1AD33BCA73C599.d.747F5B6D6D0827A2F7E3B89F5CBC16AB.e.5195/click - {}
RESULT: {}
COMMAND: GET /session/11c278e322621322209dbd84d797ae8b/screenshot - {}
RESULT: {}
COMMAND: POST /session/11c278e322621322209dbd84d797ae8b/element - {"using":"xpath","value":"//button[@data-kt=\"PickingTableConfirmAllButton\"]"}
RESULT: {"using":"xpath","value":"//button[@data-kt=\"PickingTableConfirmAllButton\"]"}
COMMAND: POST /session/11c278e322621322209dbd84d797ae8b/element/f.1BBDEBF70A0905171D1AD33BCA73C599.d.747F5B6D6D0827A2F7E3B89F5CBC16AB.e.5437/click - {}
COMMAND: POST /session/11c278e322621322209dbd84d797ae8b/element - {"using":"xpath","value":"//button[@data-kt=\"PickingTableConfirmAllButton\"]"}
RESULT: {"using":"xpath","value":"//button[@data-kt=\"PickingTableConfirmAllButton\"]"}
COMMAND: POST /session/11c278e322621322209dbd84d797ae8b/element/f.1BBDEBF70A0905171D1AD33BCA73C599.d.747F5B6D6D0827A2F7E3B89F5CBC16AB.e.5437/click - {}
COMMAND: POST /session/11c278e322621322209dbd84d797ae8b/element - {"using":"xpath","value":"//button[@data-kt=\"PickingTableConfirmAllButton\"]"}
RESULT: {"using":"xpath","value":"//button[@data-kt=\"PickingTableConfirmAllButton\"]"}
COMMAND: POST /session/11c278e322621322209dbd84d797ae8b/element/f.1BBDEBF70A0905171D1AD33BCA73C599.d.747F5B6D6D0827A2F7E3B89F5CBC16AB.e.5450/click - {}
RESULT: {}
COMMAND: GET /session/11c278e322621322209dbd84d797ae8b/screenshot - {}
RESULT: {}
COMMAND: POST /session/11c278e322621322209dbd84d797ae8b/element - {"using":"xpath","value":"//bdi[contains(text(), \"OK\")]"}
RESULT: {"using":"xpath","value":"//bdi[contains(text(), \"OK\")]"}
COMMAND: POST /session/11c278e322621322209dbd84d797ae8b/element/f.1BBDEBF70A0905171D1AD33BCA73C599.d.747F5B6D6D0827A2F7E3B89F5CBC16AB.e.5452/click - {}
RESULT: {}
COMMAND: GET /session/11c278e322621322209dbd84d797ae8b/screenshot - {}
RESULT: {}
COMMAND: POST /session/11c278e322621322209dbd84d797ae8b/element - {"using":"xpath","value":"//bdi[contains(text(), \"Issue\")]"}
RESULT: {"using":"xpath","value":"//bdi[contains(text(), \"Issue\")]"}
COMMAND: POST /session/11c278e322621322209dbd84d797ae8b/element/f.1BBDEBF70A0905171D1AD33BCA73C599.d.747F5B6D6D0827A2F7E3B89F5CBC16AB.e.5454/click - {}
RESULT: {}
COMMAND: GET /session/11c278e322621322209dbd84d797ae8b/screenshot - {}
RESULT: {}
COMMAND: POST /session/11c278e322621322209dbd84d797ae8b/element - {"using":"css selector","value":"#shell-header-logo"}
RESULT: {"using":"css selector","value":"#shell-header-logo"}
COMMAND: POST /session/11c278e322621322209dbd84d797ae8b/element/f.1BBDEBF70A0905171D1AD33BCA73C599.d.747F5B6D6D0827A2F7E3B89F5CBC16AB.e.4562/click - {}
RESULT: {}
COMMAND: GET /session/11c278e322621322209dbd84d797ae8b/screenshot - {}
RESULT: {}
]]></system-out>
    </testcase>
    <testcase classname="chrome.135_0_7049_96.windows.Billing_Transfer_-_Master_data_&amp;_Intercompany_US127250" name="Should go navigate to Manage Billings and trigger contract calculation check result" time="58.284">
      <system-out><![CDATA[
COMMAND: POST /session/11c278e322621322209dbd84d797ae8b/execute/async - {"script":"<script> [1562 bytes]","args":[{"selector":{"controlType":"sap.m.GenericTile","properties":{"header":"Manage Billings"}},"wdio_ui5_key":"sapm.GenericTile{\"header\":\"Manage Billings\"}"}]}
RESULT: {"script":"<script> [1562 bytes]","args":[{"selector":{"controlType":"sap.m.GenericTile","properties":{"header":"Manage Billings"}},"wdio_ui5_key":"sapm.GenericTile{\"header\":\"Manage Billings\"}"}]}
RESULT: undefined
COMMAND: POST /session/11c278e322621322209dbd84d797ae8b/element - {"using":"xpath","value":"//*[@id=\"__tile51\"]"}
RESULT: {"using":"xpath","value":"//*[@id=\"__tile51\"]"}
COMMAND: POST /session/11c278e322621322209dbd84d797ae8b/element/f.1BBDEBF70A0905171D1AD33BCA73C599.d.747F5B6D6D0827A2F7E3B89F5CBC16AB.e.200/click - {}
RESULT: {}
COMMAND: GET /session/11c278e322621322209dbd84d797ae8b/screenshot - {}
RESULT: {}
COMMAND: POST /session/11c278e322621322209dbd84d797ae8b/execute/async - {"script":"<script> [1562 bytes]","args":[{"selector":{"id":"application-managebillings-display-component---billRunCalcResult--smartFilterBar-btnBasicSearch","interaction":{"idSuffix":"I"}},"wdio_ui5_key":"applicationmanagebillings-display-component---billRunCalcResult--smartFilterBar-btnBasicSearch"}]}
RESULT: {"script":"<script> [1562 bytes]","args":[{"selector":{"id":"application-managebillings-display-component---billRunCalcResult--smartFilterBar-btnBasicSearch","interaction":{"idSuffix":"I"}},"wdio_ui5_key":"applicationmanagebillings-display-component---billRunCalcResult--smartFilterBar-btnBasicSearch"}]}
RESULT: undefined
COMMAND: POST /session/11c278e322621322209dbd84d797ae8b/execute/async - {"script":"<script> [776 bytes]","args":[{"enterText":"10416","selector":{"id":"application-managebillings-display-component---billRunCalcResult--smartFilterBar-btnBasicSearch","interaction":{"idSuffix":"I"}},"clearTextFirst":true,"interactionType":"ENTER_TEXT"}]}
RESULT: {"script":"<script> [776 bytes]","args":[{"enterText":"10416","selector":{"id":"application-managebillings-display-component---billRunCalcResult--smartFilterBar-btnBasicSearch","interaction":{"idSuffix":"I"}},"clearTextFirst":true,"interactionType":"ENTER_TEXT"}]}
COMMAND: POST /session/11c278e322621322209dbd84d797ae8b/actions - {"actions":[{"id":"action19","type":"key","parameters":{},"actions":[{"type":"keyDown","value":"î€‡"},{"type":"pause","duration":10},{"type":"keyUp","value":"î€‡"}]}]}
RESULT: {"actions":[{"id":"action19","type":"key","parameters":{},"actions":[{"type":"keyDown","value":"î€‡"},{"type":"pause","duration":10},{"type":"keyUp","value":"î€‡"}]}]}
COMMAND: GET /session/11c278e322621322209dbd84d797ae8b/screenshot - {}
RESULT: {}
COMMAND: POST /session/11c278e322621322209dbd84d797ae8b/element - {"using":"xpath","value":"//td[@aria-colindex=\"1\"]/div/div[contains(@class, \"sapMCbBg\")]"}
RESULT: {"using":"xpath","value":"//td[@aria-colindex=\"1\"]/div/div[contains(@class, \"sapMCbBg\")]"}
COMMAND: POST /session/11c278e322621322209dbd84d797ae8b/element/f.1BBDEBF70A0905171D1AD33BCA73C599.d.747F5B6D6D0827A2F7E3B89F5CBC16AB.e.5840/click - {}
RESULT: {}
COMMAND: GET /session/11c278e322621322209dbd84d797ae8b/screenshot - {}
RESULT: {}
COMMAND: POST /session/11c278e322621322209dbd84d797ae8b/execute/async - {"script":"<script> [1562 bytes]","args":[{"selector":{"id":"application-managebillings-display-component---billRunCalcResult--contractBillRunDate","interaction":{"idSuffix":"inner"}},"wdio_ui5_key":"applicationmanagebillings-display-component---billRunCalcResult--contractBillRunDate"}]}
RESULT: {"script":"<script> [1562 bytes]","args":[{"selector":{"id":"application-managebillings-display-component---billRunCalcResult--contractBillRunDate","interaction":{"idSuffix":"inner"}},"wdio_ui5_key":"applicationmanagebillings-display-component---billRunCalcResult--contractBillRunDate"}]}
RESULT: undefined
COMMAND: POST /session/11c278e322621322209dbd84d797ae8b/execute/async - {"script":"<script> [776 bytes]","args":[{"enterText":"05/30/25","selector":{"id":"application-managebillings-display-component---billRunCalcResult--contractBillRunDate","interaction":{"idSuffix":"inner"}},"clearTextFirst":true,"interactionType":"ENTER_TEXT"}]}
RESULT: {"script":"<script> [776 bytes]","args":[{"enterText":"05/30/25","selector":{"id":"application-managebillings-display-component---billRunCalcResult--contractBillRunDate","interaction":{"idSuffix":"inner"}},"clearTextFirst":true,"interactionType":"ENTER_TEXT"}]}
COMMAND: POST /session/11c278e322621322209dbd84d797ae8b/element - {"using":"xpath","value":"//bdi[contains(text(), \"Trigger Calculation\")]"}
RESULT: {"using":"xpath","value":"//bdi[contains(text(), \"Trigger Calculation\")]"}
COMMAND: POST /session/11c278e322621322209dbd84d797ae8b/element/f.1BBDEBF70A0905171D1AD33BCA73C599.d.747F5B6D6D0827A2F7E3B89F5CBC16AB.e.5891/click - {}
RESULT: {}
COMMAND: GET /session/11c278e322621322209dbd84d797ae8b/screenshot - {}
RESULT: {}
COMMAND: POST /session/11c278e322621322209dbd84d797ae8b/element - {"using":"xpath","value":"(//span[contains(@id, \"imgNav\")])[1]"}
RESULT: {"using":"xpath","value":"(//span[contains(@id, \"imgNav\")])[1]"}
COMMAND: POST /session/11c278e322621322209dbd84d797ae8b/element/f.1BBDEBF70A0905171D1AD33BCA73C599.d.747F5B6D6D0827A2F7E3B89F5CBC16AB.e.5841/click - {}
RESULT: {}
COMMAND: GET /session/11c278e322621322209dbd84d797ae8b/screenshot - {}
RESULT: {}
COMMAND: POST /session/11c278e322621322209dbd84d797ae8b/element - {"using":"xpath","value":"//tr/td[6]/div[1]/span[1]/span[1]"}
RESULT: {"using":"xpath","value":"//tr/td[6]/div[1]/span[1]/span[1]"}
COMMAND: GET /session/11c278e322621322209dbd84d797ae8b/element/f.1BBDEBF70A0905171D1AD33BCA73C599.d.747F5B6D6D0827A2F7E3B89F5CBC16AB.e.5895/text - {}
RESULT: {}
COMMAND: POST /session/11c278e322621322209dbd84d797ae8b/element - {"using":"xpath","value":"(//span[contains(@id, \"imgNav\")])[2]"}
RESULT: {"using":"xpath","value":"(//span[contains(@id, \"imgNav\")])[2]"}
COMMAND: POST /session/11c278e322621322209dbd84d797ae8b/element/f.1BBDEBF70A0905171D1AD33BCA73C599.d.747F5B6D6D0827A2F7E3B89F5CBC16AB.e.5896/click - {}
RESULT: {}
COMMAND: POST /session/11c278e322621322209dbd84d797ae8b/element - {"using":"xpath","value":"//bdi[contains(text(), \"Business Confirm\")]"}
COMMAND: GET /session/11c278e322621322209dbd84d797ae8b/screenshot - {}
RESULT: {"using":"xpath","value":"//bdi[contains(text(), \"Business Confirm\")]"}
COMMAND: POST /session/11c278e322621322209dbd84d797ae8b/elements - {"using":"xpath","value":"//bdi[contains(text(), \"Business Confirm\")]"}
RESULT: {}
RESULT: {"using":"xpath","value":"//bdi[contains(text(), \"Business Confirm\")]"}
COMMAND: POST /session/11c278e322621322209dbd84d797ae8b/element - {"using":"xpath","value":"//bdi[contains(text(), \"Business Confirm\")]"}
RESULT: {"using":"xpath","value":"//bdi[contains(text(), \"Business Confirm\")]"}
COMMAND: POST /session/11c278e322621322209dbd84d797ae8b/element/f.1BBDEBF70A0905171D1AD33BCA73C599.d.747F5B6D6D0827A2F7E3B89F5CBC16AB.e.5951/click - {}
RESULT: {}
COMMAND: POST /session/11c278e322621322209dbd84d797ae8b/element - {"using":"css selector","value":"#shell-header-logo"}
COMMAND: GET /session/11c278e322621322209dbd84d797ae8b/screenshot - {}
RESULT: {}
RESULT: {"using":"css selector","value":"#shell-header-logo"}
COMMAND: POST /session/11c278e322621322209dbd84d797ae8b/element/f.1BBDEBF70A0905171D1AD33BCA73C599.d.747F5B6D6D0827A2F7E3B89F5CBC16AB.e.5632/click - {}
RESULT: {}
COMMAND: GET /session/11c278e322621322209dbd84d797ae8b/screenshot - {}
RESULT: {}
]]></system-out>
    </testcase>
  </testsuite>
  <testsuite timestamp="2025-04-30T17:34:28" time="1029.976" tests="12" failures="0" errors="0" skipped="0">
    <properties>
      <property name="specId" value="0" />
      <property name="suiteName" value="Billing Transfer - Intracompany US127249" />
      <property name="capabilities" value="chrome.135_0_7049_96.windows" />
      <property name="file" value="file:///D:/a/1/s/test/specs/BTS/billing-transfer-intracompany.spec.js" />
    </properties>
    <testcase classname="chrome.135_0_7049_96.windows.Billing_Transfer_-_Intracompany_US127249" name="Should create a new yard" time="110.502">
      <system-out><![CDATA[
COMMAND: POST /session/11c278e322621322209dbd84d797ae8b/window/fullscreen - {}
RESULT: {}
COMMAND: POST /session/11c278e322621322209dbd84d797ae8b/execute/async - {"script":"<script> [1562 bytes]","args":[{"selector":{"controlType":"sap.m.GenericTile","properties":{"header":"Manage Yards"}},"wdio_ui5_key":"sapm.GenericTile{\"header\":\"Manage Yards\"}"}]}
RESULT: {"script":"<script> [1562 bytes]","args":[{"selector":{"controlType":"sap.m.GenericTile","properties":{"header":"Manage Yards"}},"wdio_ui5_key":"sapm.GenericTile{\"header\":\"Manage Yards\"}"}]}
RESULT: undefined
COMMAND: POST /session/11c278e322621322209dbd84d797ae8b/element - {"using":"xpath","value":"//*[@id=\"__tile41\"]"}
RESULT: {"using":"xpath","value":"//*[@id=\"__tile41\"]"}
COMMAND: POST /session/11c278e322621322209dbd84d797ae8b/element/f.1BBDEBF70A0905171D1AD33BCA73C599.d.DE7B499EC18738A7FA849CD99D105641.e.6318/click - {}
RESULT: {}
COMMAND: POST /session/11c278e322621322209dbd84d797ae8b/element - {"using":"xpath","value":"//button[@data-kt=\"addNewYardOverflowToolbarButton\"]"}
COMMAND: GET /session/11c278e322621322209dbd84d797ae8b/screenshot - {}
RESULT: {"using":"xpath","value":"//button[@data-kt=\"addNewYardOverflowToolbarButton\"]"}
COMMAND: POST /session/11c278e322621322209dbd84d797ae8b/elements - {"using":"xpath","value":"//button[@data-kt=\"addNewYardOverflowToolbarButton\"]"}
RESULT: {}
RESULT: {"using":"xpath","value":"//button[@data-kt=\"addNewYardOverflowToolbarButton\"]"}
COMMAND: POST /session/11c278e322621322209dbd84d797ae8b/elements - {"using":"xpath","value":"//button[@data-kt=\"addNewYardOverflowToolbarButton\"]"}
RESULT: {"using":"xpath","value":"//button[@data-kt=\"addNewYardOverflowToolbarButton\"]"}
COMMAND: POST /session/11c278e322621322209dbd84d797ae8b/elements - {"using":"xpath","value":"//button[@data-kt=\"addNewYardOverflowToolbarButton\"]"}
RESULT: {"using":"xpath","value":"//button[@data-kt=\"addNewYardOverflowToolbarButton\"]"}
COMMAND: POST /session/11c278e322621322209dbd84d797ae8b/elements - {"using":"xpath","value":"//button[@data-kt=\"addNewYardOverflowToolbarButton\"]"}
RESULT: {"using":"xpath","value":"//button[@data-kt=\"addNewYardOverflowToolbarButton\"]"}
COMMAND: POST /session/11c278e322621322209dbd84d797ae8b/elements - {"using":"xpath","value":"//button[@data-kt=\"addNewYardOverflowToolbarButton\"]"}
RESULT: {"using":"xpath","value":"//button[@data-kt=\"addNewYardOverflowToolbarButton\"]"}
COMMAND: POST /session/11c278e322621322209dbd84d797ae8b/elements - {"using":"xpath","value":"//button[@data-kt=\"addNewYardOverflowToolbarButton\"]"}
RESULT: {"using":"xpath","value":"//button[@data-kt=\"addNewYardOverflowToolbarButton\"]"}
COMMAND: POST /session/11c278e322621322209dbd84d797ae8b/elements - {"using":"xpath","value":"//button[@data-kt=\"addNewYardOverflowToolbarButton\"]"}
RESULT: {"using":"xpath","value":"//button[@data-kt=\"addNewYardOverflowToolbarButton\"]"}
COMMAND: POST /session/11c278e322621322209dbd84d797ae8b/elements - {"using":"xpath","value":"//button[@data-kt=\"addNewYardOverflowToolbarButton\"]"}
RESULT: {"using":"xpath","value":"//button[@data-kt=\"addNewYardOverflowToolbarButton\"]"}
COMMAND: POST /session/11c278e322621322209dbd84d797ae8b/elements - {"using":"xpath","value":"//button[@data-kt=\"addNewYardOverflowToolbarButton\"]"}
RESULT: {"using":"xpath","value":"//button[@data-kt=\"addNewYardOverflowToolbarButton\"]"}
COMMAND: POST /session/11c278e322621322209dbd84d797ae8b/elements - {"using":"xpath","value":"//button[@data-kt=\"addNewYardOverflowToolbarButton\"]"}
RESULT: {"using":"xpath","value":"//button[@data-kt=\"addNewYardOverflowToolbarButton\"]"}
COMMAND: POST /session/11c278e322621322209dbd84d797ae8b/elements - {"using":"xpath","value":"//button[@data-kt=\"addNewYardOverflowToolbarButton\"]"}
RESULT: {"using":"xpath","value":"//button[@data-kt=\"addNewYardOverflowToolbarButton\"]"}
COMMAND: POST /session/11c278e322621322209dbd84d797ae8b/elements - {"using":"xpath","value":"//button[@data-kt=\"addNewYardOverflowToolbarButton\"]"}
RESULT: {"using":"xpath","value":"//button[@data-kt=\"addNewYardOverflowToolbarButton\"]"}
COMMAND: POST /session/11c278e322621322209dbd84d797ae8b/elements - {"using":"xpath","value":"//button[@data-kt=\"addNewYardOverflowToolbarButton\"]"}
RESULT: {"using":"xpath","value":"//button[@data-kt=\"addNewYardOverflowToolbarButton\"]"}
COMMAND: POST /session/11c278e322621322209dbd84d797ae8b/elements - {"using":"xpath","value":"//button[@data-kt=\"addNewYardOverflowToolbarButton\"]"}
RESULT: {"using":"xpath","value":"//button[@data-kt=\"addNewYardOverflowToolbarButton\"]"}
COMMAND: POST /session/11c278e322621322209dbd84d797ae8b/elements - {"using":"xpath","value":"//button[@data-kt=\"addNewYardOverflowToolbarButton\"]"}
RESULT: {"using":"xpath","value":"//button[@data-kt=\"addNewYardOverflowToolbarButton\"]"}
COMMAND: POST /session/11c278e322621322209dbd84d797ae8b/elements - {"using":"xpath","value":"//button[@data-kt=\"addNewYardOverflowToolbarButton\"]"}
RESULT: {"using":"xpath","value":"//button[@data-kt=\"addNewYardOverflowToolbarButton\"]"}
COMMAND: POST /session/11c278e322621322209dbd84d797ae8b/elements - {"using":"xpath","value":"//button[@data-kt=\"addNewYardOverflowToolbarButton\"]"}
RESULT: {"using":"xpath","value":"//button[@data-kt=\"addNewYardOverflowToolbarButton\"]"}
COMMAND: POST /session/11c278e322621322209dbd84d797ae8b/elements - {"using":"xpath","value":"//button[@data-kt=\"addNewYardOverflowToolbarButton\"]"}
RESULT: {"using":"xpath","value":"//button[@data-kt=\"addNewYardOverflowToolbarButton\"]"}
COMMAND: POST /session/11c278e322621322209dbd84d797ae8b/elements - {"using":"xpath","value":"//button[@data-kt=\"addNewYardOverflowToolbarButton\"]"}
RESULT: {"using":"xpath","value":"//button[@data-kt=\"addNewYardOverflowToolbarButton\"]"}
COMMAND: POST /session/11c278e322621322209dbd84d797ae8b/elements - {"using":"xpath","value":"//button[@data-kt=\"addNewYardOverflowToolbarButton\"]"}
RESULT: {"using":"xpath","value":"//button[@data-kt=\"addNewYardOverflowToolbarButton\"]"}
COMMAND: POST /session/11c278e322621322209dbd84d797ae8b/elements - {"using":"xpath","value":"//button[@data-kt=\"addNewYardOverflowToolbarButton\"]"}
RESULT: {"using":"xpath","value":"//button[@data-kt=\"addNewYardOverflowToolbarButton\"]"}
COMMAND: POST /session/11c278e322621322209dbd84d797ae8b/elements - {"using":"xpath","value":"//button[@data-kt=\"addNewYardOverflowToolbarButton\"]"}
RESULT: {"using":"xpath","value":"//button[@data-kt=\"addNewYardOverflowToolbarButton\"]"}
COMMAND: POST /session/11c278e322621322209dbd84d797ae8b/elements - {"using":"xpath","value":"//button[@data-kt=\"addNewYardOverflowToolbarButton\"]"}
RESULT: {"using":"xpath","value":"//button[@data-kt=\"addNewYardOverflowToolbarButton\"]"}
COMMAND: POST /session/11c278e322621322209dbd84d797ae8b/elements - {"using":"xpath","value":"//button[@data-kt=\"addNewYardOverflowToolbarButton\"]"}
RESULT: {"using":"xpath","value":"//button[@data-kt=\"addNewYardOverflowToolbarButton\"]"}
COMMAND: POST /session/11c278e322621322209dbd84d797ae8b/elements - {"using":"xpath","value":"//button[@data-kt=\"addNewYardOverflowToolbarButton\"]"}
RESULT: {"using":"xpath","value":"//button[@data-kt=\"addNewYardOverflowToolbarButton\"]"}
COMMAND: POST /session/11c278e322621322209dbd84d797ae8b/element - {"using":"xpath","value":"//button[@data-kt=\"addNewYardOverflowToolbarButton\"]"}
RESULT: {"using":"xpath","value":"//button[@data-kt=\"addNewYardOverflowToolbarButton\"]"}
COMMAND: POST /session/11c278e322621322209dbd84d797ae8b/execute/sync - {"script":"<script> [8489 bytes]","args":[{"element-6066-11e4-a52e-4f735466cecf":"f.1BBDEBF70A0905171D1AD33BCA73C599.d.DE7B499EC18738A7FA849CD99D105641.e.6452","ELEMENT":"f.1BBDEBF70A0905171D1AD33BCA73C599.d.DE7B499EC18738A7FA849CD99D105641.e.6452"}]}
RESULT: {"script":"<script> [8489 bytes]","args":[{"element-6066-11e4-a52e-4f735466cecf":"f.1BBDEBF70A0905171D1AD33BCA73C599.d.DE7B499EC18738A7FA849CD99D105641.e.6452","ELEMENT":"f.1BBDEBF70A0905171D1AD33BCA73C599.d.DE7B499EC18738A7FA849CD99D105641.e.6452"}]}
COMMAND: GET /session/11c278e322621322209dbd84d797ae8b/element/f.1BBDEBF70A0905171D1AD33BCA73C599.d.DE7B499EC18738A7FA849CD99D105641.e.6452/enabled - {}
COMMAND: GET /session/11c278e322621322209dbd84d797ae8b/screenshot - {}
RESULT: {}
COMMAND: POST /session/11c278e322621322209dbd84d797ae8b/execute/sync - {"script":"<script> [8489 bytes]","args":[{"element-6066-11e4-a52e-4f735466cecf":"f.1BBDEBF70A0905171D1AD33BCA73C599.d.DE7B499EC18738A7FA849CD99D105641.e.6452","ELEMENT":"f.1BBDEBF70A0905171D1AD33BCA73C599.d.DE7B499EC18738A7FA849CD99D105641.e.6452"}]}
COMMAND: GET /session/11c278e322621322209dbd84d797ae8b/screenshot - {}
RESULT: {}
RESULT: {"script":"<script> [8489 bytes]","args":[{"element-6066-11e4-a52e-4f735466cecf":"f.1BBDEBF70A0905171D1AD33BCA73C599.d.DE7B499EC18738A7FA849CD99D105641.e.6452","ELEMENT":"f.1BBDEBF70A0905171D1AD33BCA73C599.d.DE7B499EC18738A7FA849CD99D105641.e.6452"}]}
COMMAND: POST /session/11c278e322621322209dbd84d797ae8b/execute/sync - {"script":"<script> [5351 bytes]","args":[{"element-6066-11e4-a52e-4f735466cecf":"f.1BBDEBF70A0905171D1AD33BCA73C599.d.DE7B499EC18738A7FA849CD99D105641.e.6452","ELEMENT":"f.1BBDEBF70A0905171D1AD33BCA73C599.d.DE7B499EC18738A7FA849CD99D105641.e.6452"}]}
COMMAND: GET /session/11c278e322621322209dbd84d797ae8b/screenshot - {}
RESULT: {}
RESULT: {"script":"<script> [5351 bytes]","args":[{"element-6066-11e4-a52e-4f735466cecf":"f.1BBDEBF70A0905171D1AD33BCA73C599.d.DE7B499EC18738A7FA849CD99D105641.e.6452","ELEMENT":"f.1BBDEBF70A0905171D1AD33BCA73C599.d.DE7B499EC18738A7FA849CD99D105641.e.6452"}]}
COMMAND: POST /session/11c278e322621322209dbd84d797ae8b/element/f.1BBDEBF70A0905171D1AD33BCA73C599.d.DE7B499EC18738A7FA849CD99D105641.e.6452/click - {}
COMMAND: GET /session/11c278e322621322209dbd84d797ae8b/screenshot - {}
RESULT: {}
RESULT: {}
COMMAND: GET /session/11c278e322621322209dbd84d797ae8b/screenshot - {}
COMMAND: POST /session/11c278e322621322209dbd84d797ae8b/element - {"using":"xpath","value":"//input[@id=\"application-manageyards-display-component---NewYard--yardId-inner\"]"}
RESULT: {}
RESULT: {}
RESULT: {"using":"xpath","value":"//input[@id=\"application-manageyards-display-component---NewYard--yardId-inner\"]"}
COMMAND: POST /session/11c278e322621322209dbd84d797ae8b/element - {"using":"xpath","value":"//input[@id=\"application-manageyards-display-component---NewYard--yardId-inner\"]"}
RESULT: {"using":"xpath","value":"//input[@id=\"application-manageyards-display-component---NewYard--yardId-inner\"]"}
COMMAND: POST /session/11c278e322621322209dbd84d797ae8b/execute/async - {"script":"<script> [1562 bytes]","args":[{"selector":{"id":"application-manageyards-display-component---NewYard--addressDetailDetailsName1","interaction":{"idSuffix":"inner"}},"wdio_ui5_key":"applicationmanageyards-display-component---NewYard--addressDetailDetailsName1"}]}
RESULT: {"script":"<script> [1562 bytes]","args":[{"selector":{"id":"application-manageyards-display-component---NewYard--addressDetailDetailsName1","interaction":{"idSuffix":"inner"}},"wdio_ui5_key":"applicationmanageyards-display-component---NewYard--addressDetailDetailsName1"}]}
RESULT: undefined
COMMAND: POST /session/11c278e322621322209dbd84d797ae8b/execute/async - {"script":"<script> [776 bytes]","args":[{"enterText":"Intracompany Yard wdIO","selector":{"id":"application-manageyards-display-component---NewYard--addressDetailDetailsName1","interaction":{"idSuffix":"inner"}},"clearTextFirst":true,"interactionType":"ENTER_TEXT"}]}
RESULT: {"script":"<script> [776 bytes]","args":[{"enterText":"Intracompany Yard wdIO","selector":{"id":"application-manageyards-display-component---NewYard--addressDetailDetailsName1","interaction":{"idSuffix":"inner"}},"clearTextFirst":true,"interactionType":"ENTER_TEXT"}]}
COMMAND: POST /session/11c278e322621322209dbd84d797ae8b/execute/async - {"script":"<script> [1562 bytes]","args":[{"selector":{"id":"application-manageyards-display-component---NewYard--addressDetailDetailsLanguage-arrow"},"wdio_ui5_key":"applicationmanageyards-display-component---NewYard--addressDetailDetailsLanguage-arrow"}]}
RESULT: {"script":"<script> [1562 bytes]","args":[{"selector":{"id":"application-manageyards-display-component---NewYard--addressDetailDetailsLanguage-arrow"},"wdio_ui5_key":"applicationmanageyards-display-component---NewYard--addressDetailDetailsLanguage-arrow"}]}
RESULT: undefined
COMMAND: POST /session/11c278e322621322209dbd84d797ae8b/element - {"using":"xpath","value":"//*[@id=\"application-manageyards-display-component---NewYard--addressDetailDetailsLanguage-arrow\"]"}
RESULT: {"using":"xpath","value":"//*[@id=\"application-manageyards-display-component---NewYard--addressDetailDetailsLanguage-arrow\"]"}
COMMAND: POST /session/11c278e322621322209dbd84d797ae8b/element/f.1BBDEBF70A0905171D1AD33BCA73C599.d.DE7B499EC18738A7FA849CD99D105641.e.6888/click - {}
RESULT: {}
COMMAND: POST /session/11c278e322621322209dbd84d797ae8b/element - {"using":"xpath","value":"//span[contains(text(), \"English\")]"}
COMMAND: GET /session/11c278e322621322209dbd84d797ae8b/screenshot - {}
RESULT: {"using":"xpath","value":"//span[contains(text(), \"English\")]"}
COMMAND: POST /session/11c278e322621322209dbd84d797ae8b/element/f.1BBDEBF70A0905171D1AD33BCA73C599.d.DE7B499EC18738A7FA849CD99D105641.e.6889/click - {}
RESULT: {}
RESULT: {}
COMMAND: POST /session/11c278e322621322209dbd84d797ae8b/execute/async - {"script":"<script> [1562 bytes]","args":[{"selector":{"id":"application-manageyards-display-component---NewYard--addressDetailDetailsCity1","interaction":{"idSuffix":"inner"}},"wdio_ui5_key":"applicationmanageyards-display-component---NewYard--addressDetailDetailsCity1"}]}
COMMAND: GET /session/11c278e322621322209dbd84d797ae8b/screenshot - {}
RESULT: {"script":"<script> [1562 bytes]","args":[{"selector":{"id":"application-manageyards-display-component---NewYard--addressDetailDetailsCity1","interaction":{"idSuffix":"inner"}},"wdio_ui5_key":"applicationmanageyards-display-component---NewYard--addressDetailDetailsCity1"}]}
RESULT: undefined
COMMAND: POST /session/11c278e322621322209dbd84d797ae8b/execute/async - {"script":"<script> [776 bytes]","args":[{"enterText":"Rosario","selector":{"id":"application-manageyards-display-component---NewYard--addressDetailDetailsCity1","interaction":{"idSuffix":"inner"}},"clearTextFirst":true,"interactionType":"ENTER_TEXT"}]}
RESULT: {}
RESULT: {"script":"<script> [776 bytes]","args":[{"enterText":"Rosario","selector":{"id":"application-manageyards-display-component---NewYard--addressDetailDetailsCity1","interaction":{"idSuffix":"inner"}},"clearTextFirst":true,"interactionType":"ENTER_TEXT"}]}
COMMAND: POST /session/11c278e322621322209dbd84d797ae8b/execute/async - {"script":"<script> [1562 bytes]","args":[{"selector":{"id":"application-manageyards-display-component---NewYard--addressDetailDetailsCountry-arrow"},"wdio_ui5_key":"applicationmanageyards-display-component---NewYard--addressDetailDetailsCountry-arrow"}]}
RESULT: {"script":"<script> [1562 bytes]","args":[{"selector":{"id":"application-manageyards-display-component---NewYard--addressDetailDetailsCountry-arrow"},"wdio_ui5_key":"applicationmanageyards-display-component---NewYard--addressDetailDetailsCountry-arrow"}]}
RESULT: undefined
COMMAND: POST /session/11c278e322621322209dbd84d797ae8b/element - {"using":"xpath","value":"//*[@id=\"application-manageyards-display-component---NewYard--addressDetailDetailsCountry-arrow\"]"}
RESULT: {"using":"xpath","value":"//*[@id=\"application-manageyards-display-component---NewYard--addressDetailDetailsCountry-arrow\"]"}
COMMAND: POST /session/11c278e322621322209dbd84d797ae8b/element/f.1BBDEBF70A0905171D1AD33BCA73C599.d.DE7B499EC18738A7FA849CD99D105641.e.6891/click - {}
RESULT: {}
COMMAND: POST /session/11c278e322621322209dbd84d797ae8b/element - {"using":"xpath","value":"//span[contains(text(), \"Argentina\")]"}
COMMAND: GET /session/11c278e322621322209dbd84d797ae8b/screenshot - {}
RESULT: {}
RESULT: {"using":"xpath","value":"//span[contains(text(), \"Argentina\")]"}
COMMAND: POST /session/11c278e322621322209dbd84d797ae8b/element/f.1BBDEBF70A0905171D1AD33BCA73C599.d.DE7B499EC18738A7FA849CD99D105641.e.6893/click - {}
RESULT: {}
COMMAND: POST /session/11c278e322621322209dbd84d797ae8b/execute/async - {"script":"<script> [1562 bytes]","args":[{"selector":{"id":"application-manageyards-display-component---NewYard--addressEditDetailsCostObjectCstType-arrow"},"wdio_ui5_key":"applicationmanageyards-display-component---NewYard--addressEditDetailsCostObjectCstType-arrow"}]}
COMMAND: GET /session/11c278e322621322209dbd84d797ae8b/screenshot - {}
RESULT: {"script":"<script> [1562 bytes]","args":[{"selector":{"id":"application-manageyards-display-component---NewYard--addressEditDetailsCostObjectCstType-arrow"},"wdio_ui5_key":"applicationmanageyards-display-component---NewYard--addressEditDetailsCostObjectCstType-arrow"}]}
RESULT: undefined
COMMAND: POST /session/11c278e322621322209dbd84d797ae8b/element - {"using":"xpath","value":"//*[@id=\"application-manageyards-display-component---NewYard--addressEditDetailsCostObjectCstType-arrow\"]"}
RESULT: {}
RESULT: {"using":"xpath","value":"//*[@id=\"application-manageyards-display-component---NewYard--addressEditDetailsCostObjectCstType-arrow\"]"}
COMMAND: POST /session/11c278e322621322209dbd84d797ae8b/element/f.1BBDEBF70A0905171D1AD33BCA73C599.d.DE7B499EC18738A7FA849CD99D105641.e.6894/click - {}
RESULT: {}
COMMAND: POST /session/11c278e322621322209dbd84d797ae8b/element - {"using":"xpath","value":"//span[contains(text(), \"Cost Center\")]"}
COMMAND: GET /session/11c278e322621322209dbd84d797ae8b/screenshot - {}
RESULT: {"using":"xpath","value":"//span[contains(text(), \"Cost Center\")]"}
COMMAND: POST /session/11c278e322621322209dbd84d797ae8b/element/f.1BBDEBF70A0905171D1AD33BCA73C599.d.DE7B499EC18738A7FA849CD99D105641.e.6895/click - {}
RESULT: {}
RESULT: {}
COMMAND: GET /session/11c278e322621322209dbd84d797ae8b/screenshot - {}
RESULT: {}
COMMAND: POST /session/11c278e322621322209dbd84d797ae8b/element - {"using":"xpath","value":"//span[@id=\"application-manageyards-display-component---NewYard--addressNewCostObjectCstID-vhi\"]"}
RESULT: {"using":"xpath","value":"//span[@id=\"application-manageyards-display-component---NewYard--addressNewCostObjectCstID-vhi\"]"}
COMMAND: POST /session/11c278e322621322209dbd84d797ae8b/execute/sync - {"script":"<script> [8489 bytes]","args":[{"element-6066-11e4-a52e-4f735466cecf":"f.1BBDEBF70A0905171D1AD33BCA73C599.d.DE7B499EC18738A7FA849CD99D105641.e.6899","ELEMENT":"f.1BBDEBF70A0905171D1AD33BCA73C599.d.DE7B499EC18738A7FA849CD99D105641.e.6899"}]}
RESULT: {"script":"<script> [8489 bytes]","args":[{"element-6066-11e4-a52e-4f735466cecf":"f.1BBDEBF70A0905171D1AD33BCA73C599.d.DE7B499EC18738A7FA849CD99D105641.e.6899","ELEMENT":"f.1BBDEBF70A0905171D1AD33BCA73C599.d.DE7B499EC18738A7FA849CD99D105641.e.6899"}]}
COMMAND: POST /session/11c278e322621322209dbd84d797ae8b/execute/async - {"script":"<script> [1562 bytes]","args":[{"selector":{"id":"application-manageyards-display-component---NewYard--addressNewCostObjectCstID-vhi"},"wdio_ui5_key":"applicationmanageyards-display-component---NewYard--addressNewCostObjectCstID-vhi"}]}
COMMAND: GET /session/11c278e322621322209dbd84d797ae8b/screenshot - {}
RESULT: {"script":"<script> [1562 bytes]","args":[{"selector":{"id":"application-manageyards-display-component---NewYard--addressNewCostObjectCstID-vhi"},"wdio_ui5_key":"applicationmanageyards-display-component---NewYard--addressNewCostObjectCstID-vhi"}]}
RESULT: undefined
COMMAND: POST /session/11c278e322621322209dbd84d797ae8b/element - {"using":"xpath","value":"//*[@id=\"application-manageyards-display-component---NewYard--addressNewCostObjectCstID-vhi\"]"}
RESULT: {}
RESULT: {"using":"xpath","value":"//*[@id=\"application-manageyards-display-component---NewYard--addressNewCostObjectCstID-vhi\"]"}
COMMAND: POST /session/11c278e322621322209dbd84d797ae8b/element/f.1BBDEBF70A0905171D1AD33BCA73C599.d.DE7B499EC18738A7FA849CD99D105641.e.6899/click - {}
RESULT: {}
COMMAND: GET /session/11c278e322621322209dbd84d797ae8b/screenshot - {}
RESULT: {}
COMMAND: POST /session/11c278e322621322209dbd84d797ae8b/execute/async - {"script":"<script> [1562 bytes]","args":[{"selector":{"controlType":"sap.m.SearchField","properties":{"placeholder":"Search"},"searchOpenDialogs":true,"interaction":{"idSuffix":"I"}},"wdio_ui5_key":"sapm.SearchField{\"placeholder\":\"Search\"}"}]}
RESULT: {"script":"<script> [1562 bytes]","args":[{"selector":{"controlType":"sap.m.SearchField","properties":{"placeholder":"Search"},"searchOpenDialogs":true,"interaction":{"idSuffix":"I"}},"wdio_ui5_key":"sapm.SearchField{\"placeholder\":\"Search\"}"}]}
RESULT: undefined
COMMAND: POST /session/11c278e322621322209dbd84d797ae8b/execute/async - {"script":"<script> [776 bytes]","args":[{"enterText":"10001013","selector":{"controlType":"sap.m.SearchField","properties":{"placeholder":"Search"},"searchOpenDialogs":true,"interaction":{"idSuffix":"I"}},"clearTextFirst":true,"interactionType":"ENTER_TEXT"}]}
RESULT: {"script":"<script> [776 bytes]","args":[{"enterText":"10001013","selector":{"controlType":"sap.m.SearchField","properties":{"placeholder":"Search"},"searchOpenDialogs":true,"interaction":{"idSuffix":"I"}},"clearTextFirst":true,"interactionType":"ENTER_TEXT"}]}
COMMAND: POST /session/11c278e322621322209dbd84d797ae8b/actions - {"actions":[{"id":"action22","type":"key","parameters":{},"actions":[{"type":"keyDown","value":"î€‡"},{"type":"pause","duration":10},{"type":"keyUp","value":"î€‡"}]}]}
RESULT: {"actions":[{"id":"action22","type":"key","parameters":{},"actions":[{"type":"keyDown","value":"î€‡"},{"type":"pause","duration":10},{"type":"keyUp","value":"î€‡"}]}]}
COMMAND: GET /session/11c278e322621322209dbd84d797ae8b/screenshot - {}
RESULT: {}
COMMAND: POST /session/11c278e322621322209dbd84d797ae8b/element - {"using":"xpath","value":"//span[contains(text(), \"General Management\")]"}
RESULT: {"using":"xpath","value":"//span[contains(text(), \"General Management\")]"}
COMMAND: POST /session/11c278e322621322209dbd84d797ae8b/element/f.1BBDEBF70A0905171D1AD33BCA73C599.d.DE7B499EC18738A7FA849CD99D105641.e.6939/click - {}
RESULT: {}
COMMAND: GET /session/11c278e322621322209dbd84d797ae8b/screenshot - {}
RESULT: {}
COMMAND: POST /session/11c278e322621322209dbd84d797ae8b/element - {"using":"xpath","value":"//bdi[contains(text(), \"OK\")]"}
RESULT: {"using":"xpath","value":"//bdi[contains(text(), \"OK\")]"}
COMMAND: POST /session/11c278e322621322209dbd84d797ae8b/element/f.1BBDEBF70A0905171D1AD33BCA73C599.d.DE7B499EC18738A7FA849CD99D105641.e.6940/click - {}
RESULT: {}
COMMAND: GET /session/11c278e322621322209dbd84d797ae8b/screenshot - {}
RESULT: {}
COMMAND: POST /session/11c278e322621322209dbd84d797ae8b/execute/async - {"script":"<script> [1562 bytes]","args":[{"selector":{"id":"application-manageyards-display-component---NewYard--addressEditDetailsCurrency-arrow"},"wdio_ui5_key":"applicationmanageyards-display-component---NewYard--addressEditDetailsCurrency-arrow"}]}
RESULT: {"script":"<script> [1562 bytes]","args":[{"selector":{"id":"application-manageyards-display-component---NewYard--addressEditDetailsCurrency-arrow"},"wdio_ui5_key":"applicationmanageyards-display-component---NewYard--addressEditDetailsCurrency-arrow"}]}
RESULT: undefined
COMMAND: POST /session/11c278e322621322209dbd84d797ae8b/element - {"using":"xpath","value":"//*[@id=\"application-manageyards-display-component---NewYard--addressEditDetailsCurrency-arrow\"]"}
RESULT: {"using":"xpath","value":"//*[@id=\"application-manageyards-display-component---NewYard--addressEditDetailsCurrency-arrow\"]"}
COMMAND: POST /session/11c278e322621322209dbd84d797ae8b/element/f.1BBDEBF70A0905171D1AD33BCA73C599.d.DE7B499EC18738A7FA849CD99D105641.e.6943/click - {}
RESULT: {}
COMMAND: POST /session/11c278e322621322209dbd84d797ae8b/element - {"using":"xpath","value":"//span[contains(text(), \"Euro\")]"}
COMMAND: GET /session/11c278e322621322209dbd84d797ae8b/screenshot - {}
RESULT: {"using":"xpath","value":"//span[contains(text(), \"Euro\")]"}
COMMAND: POST /session/11c278e322621322209dbd84d797ae8b/element/f.1BBDEBF70A0905171D1AD33BCA73C599.d.DE7B499EC18738A7FA849CD99D105641.e.6944/click - {}
RESULT: {}
RESULT: {}
COMMAND: POST /session/11c278e322621322209dbd84d797ae8b/execute/async - {"script":"<script> [1562 bytes]","args":[{"selector":{"controlType":"sap.m.Input","viewName":"etm.portal.ui.manageyards.view.New","viewId":"application-manageyards-display-component---NewYard","bindingPath":{"path":"","propertyPath":"/CONTROLLING_AREA","modelName":"NewYardModel"},"interaction":{"idSuffix":"inner"}},"wdio_ui5_key":"etmportal.ui.manageyards.view.Newsap.m.Input{\"path\":\"\",\"propertyPath\":\"/CONTROLLING_AREA\",\"modelName\":\"NewYardModel\"}"}]}
COMMAND: GET /session/11c278e322621322209dbd84d797ae8b/screenshot - {}
RESULT: {"script":"<script> [1562 bytes]","args":[{"selector":{"controlType":"sap.m.Input","viewName":"etm.portal.ui.manageyards.view.New","viewId":"application-manageyards-display-component---NewYard","bindingPath":{"path":"","propertyPath":"/CONTROLLING_AREA","modelName":"NewYardModel"},"interaction":{"idSuffix":"inner"}},"wdio_ui5_key":"etmportal.ui.manageyards.view.Newsap.m.Input{\"path\":\"\",\"propertyPath\":\"/CONTROLLING_AREA\",\"modelName\":\"NewYardModel\"}"}]}
RESULT: undefined
COMMAND: POST /session/11c278e322621322209dbd84d797ae8b/execute/async - {"script":"<script> [776 bytes]","args":[{"enterText":"Z001","selector":{"controlType":"sap.m.Input","viewName":"etm.portal.ui.manageyards.view.New","viewId":"application-manageyards-display-component---NewYard","bindingPath":{"path":"","propertyPath":"/CONTROLLING_AREA","modelName":"NewYardModel"},"interaction":{"idSuffix":"inner"}},"clearTextFirst":true,"interactionType":"ENTER_TEXT"}]}
RESULT: {}
RESULT: {"script":"<script> [776 bytes]","args":[{"enterText":"Z001","selector":{"controlType":"sap.m.Input","viewName":"etm.portal.ui.manageyards.view.New","viewId":"application-manageyards-display-component---NewYard","bindingPath":{"path":"","propertyPath":"/CONTROLLING_AREA","modelName":"NewYardModel"},"interaction":{"idSuffix":"inner"}},"clearTextFirst":true,"interactionType":"ENTER_TEXT"}]}
COMMAND: POST /session/11c278e322621322209dbd84d797ae8b/execute/async - {"script":"<script> [1562 bytes]","args":[{"selector":{"id":"application-manageyards-display-component---NewYard--companyCodeComboBox","interaction":{"idSuffix":"inner"}},"wdio_ui5_key":"applicationmanageyards-display-component---NewYard--companyCodeComboBox"}]}
RESULT: {"script":"<script> [1562 bytes]","args":[{"selector":{"id":"application-manageyards-display-component---NewYard--companyCodeComboBox","interaction":{"idSuffix":"inner"}},"wdio_ui5_key":"applicationmanageyards-display-component---NewYard--companyCodeComboBox"}]}
RESULT: undefined
COMMAND: POST /session/11c278e322621322209dbd84d797ae8b/execute/async - {"script":"<script> [776 bytes]","args":[{"enterText":"1000","selector":{"id":"application-manageyards-display-component---NewYard--companyCodeComboBox","interaction":{"idSuffix":"inner"}},"clearTextFirst":true,"interactionType":"ENTER_TEXT"}]}
RESULT: {"script":"<script> [776 bytes]","args":[{"enterText":"1000","selector":{"id":"application-manageyards-display-component---NewYard--companyCodeComboBox","interaction":{"idSuffix":"inner"}},"clearTextFirst":true,"interactionType":"ENTER_TEXT"}]}
COMMAND: POST /session/11c278e322621322209dbd84d797ae8b/execute/async - {"script":"<script> [1562 bytes]","args":[{"selector":{"controlType":"sap.m.Input","viewName":"etm.portal.ui.manageyards.view.New","viewId":"application-manageyards-display-component---NewYard","bindingPath":{"path":"","propertyPath":"/PLANT","modelName":"NewYardModel"},"interaction":{"idSuffix":"inner"}},"wdio_ui5_key":"etmportal.ui.manageyards.view.Newsap.m.Input{\"path\":\"\",\"propertyPath\":\"/PLANT\",\"modelName\":\"NewYardModel\"}"}]}
RESULT: {"script":"<script> [1562 bytes]","args":[{"selector":{"controlType":"sap.m.Input","viewName":"etm.portal.ui.manageyards.view.New","viewId":"application-manageyards-display-component---NewYard","bindingPath":{"path":"","propertyPath":"/PLANT","modelName":"NewYardModel"},"interaction":{"idSuffix":"inner"}},"wdio_ui5_key":"etmportal.ui.manageyards.view.Newsap.m.Input{\"path\":\"\",\"propertyPath\":\"/PLANT\",\"modelName\":\"NewYardModel\"}"}]}
RESULT: undefined
COMMAND: POST /session/11c278e322621322209dbd84d797ae8b/execute/async - {"script":"<script> [776 bytes]","args":[{"enterText":"1001","selector":{"controlType":"sap.m.Input","viewName":"etm.portal.ui.manageyards.view.New","viewId":"application-manageyards-display-component---NewYard","bindingPath":{"path":"","propertyPath":"/PLANT","modelName":"NewYardModel"},"interaction":{"idSuffix":"inner"}},"clearTextFirst":true,"interactionType":"ENTER_TEXT"}]}
RESULT: {"script":"<script> [776 bytes]","args":[{"enterText":"1001","selector":{"controlType":"sap.m.Input","viewName":"etm.portal.ui.manageyards.view.New","viewId":"application-manageyards-display-component---NewYard","bindingPath":{"path":"","propertyPath":"/PLANT","modelName":"NewYardModel"},"interaction":{"idSuffix":"inner"}},"clearTextFirst":true,"interactionType":"ENTER_TEXT"}]}
COMMAND: POST /session/11c278e322621322209dbd84d797ae8b/execute/async - {"script":"<script> [1562 bytes]","args":[{"selector":{"controlType":"sap.m.Input","viewName":"etm.portal.ui.manageyards.view.New","viewId":"application-manageyards-display-component---NewYard","bindingPath":{"path":"","propertyPath":"/SALES_AREA_VKORG","modelName":"NewYardModel"},"interaction":{"idSuffix":"inner"}},"wdio_ui5_key":"etmportal.ui.manageyards.view.Newsap.m.Input{\"path\":\"\",\"propertyPath\":\"/SALES_AREA_VKORG\",\"modelName\":\"NewYardModel\"}"}]}
RESULT: {"script":"<script> [1562 bytes]","args":[{"selector":{"controlType":"sap.m.Input","viewName":"etm.portal.ui.manageyards.view.New","viewId":"application-manageyards-display-component---NewYard","bindingPath":{"path":"","propertyPath":"/SALES_AREA_VKORG","modelName":"NewYardModel"},"interaction":{"idSuffix":"inner"}},"wdio_ui5_key":"etmportal.ui.manageyards.view.Newsap.m.Input{\"path\":\"\",\"propertyPath\":\"/SALES_AREA_VKORG\",\"modelName\":\"NewYardModel\"}"}]}
RESULT: undefined
COMMAND: POST /session/11c278e322621322209dbd84d797ae8b/execute/async - {"script":"<script> [776 bytes]","args":[{"enterText":"C002","selector":{"controlType":"sap.m.Input","viewName":"etm.portal.ui.manageyards.view.New","viewId":"application-manageyards-display-component---NewYard","bindingPath":{"path":"","propertyPath":"/SALES_AREA_VKORG","modelName":"NewYardModel"},"interaction":{"idSuffix":"inner"}},"clearTextFirst":true,"interactionType":"ENTER_TEXT"}]}
RESULT: {"script":"<script> [776 bytes]","args":[{"enterText":"C002","selector":{"controlType":"sap.m.Input","viewName":"etm.portal.ui.manageyards.view.New","viewId":"application-manageyards-display-component---NewYard","bindingPath":{"path":"","propertyPath":"/SALES_AREA_VKORG","modelName":"NewYardModel"},"interaction":{"idSuffix":"inner"}},"clearTextFirst":true,"interactionType":"ENTER_TEXT"}]}
COMMAND: POST /session/11c278e322621322209dbd84d797ae8b/execute/async - {"script":"<script> [1562 bytes]","args":[{"selector":{"controlType":"sap.m.Input","viewName":"etm.portal.ui.manageyards.view.New","viewId":"application-manageyards-display-component---NewYard","bindingPath":{"path":"","propertyPath":"/SALES_AREA_VTWEG","modelName":"NewYardModel"},"interaction":{"idSuffix":"inner"}},"wdio_ui5_key":"etmportal.ui.manageyards.view.Newsap.m.Input{\"path\":\"\",\"propertyPath\":\"/SALES_AREA_VTWEG\",\"modelName\":\"NewYardModel\"}"}]}
RESULT: {"script":"<script> [1562 bytes]","args":[{"selector":{"controlType":"sap.m.Input","viewName":"etm.portal.ui.manageyards.view.New","viewId":"application-manageyards-display-component---NewYard","bindingPath":{"path":"","propertyPath":"/SALES_AREA_VTWEG","modelName":"NewYardModel"},"interaction":{"idSuffix":"inner"}},"wdio_ui5_key":"etmportal.ui.manageyards.view.Newsap.m.Input{\"path\":\"\",\"propertyPath\":\"/SALES_AREA_VTWEG\",\"modelName\":\"NewYardModel\"}"}]}
RESULT: undefined
COMMAND: POST /session/11c278e322621322209dbd84d797ae8b/execute/async - {"script":"<script> [776 bytes]","args":[{"enterText":"C2","selector":{"controlType":"sap.m.Input","viewName":"etm.portal.ui.manageyards.view.New","viewId":"application-manageyards-display-component---NewYard","bindingPath":{"path":"","propertyPath":"/SALES_AREA_VTWEG","modelName":"NewYardModel"},"interaction":{"idSuffix":"inner"}},"clearTextFirst":true,"interactionType":"ENTER_TEXT"}]}
RESULT: {"script":"<script> [776 bytes]","args":[{"enterText":"C2","selector":{"controlType":"sap.m.Input","viewName":"etm.portal.ui.manageyards.view.New","viewId":"application-manageyards-display-component---NewYard","bindingPath":{"path":"","propertyPath":"/SALES_AREA_VTWEG","modelName":"NewYardModel"},"interaction":{"idSuffix":"inner"}},"clearTextFirst":true,"interactionType":"ENTER_TEXT"}]}
COMMAND: POST /session/11c278e322621322209dbd84d797ae8b/execute/async - {"script":"<script> [1562 bytes]","args":[{"selector":{"controlType":"sap.m.Input","viewName":"etm.portal.ui.manageyards.view.New","viewId":"application-manageyards-display-component---NewYard","bindingPath":{"path":"","propertyPath":"/SALES_AREA_SPART","modelName":"NewYardModel"},"interaction":{"idSuffix":"inner"}},"wdio_ui5_key":"etmportal.ui.manageyards.view.Newsap.m.Input{\"path\":\"\",\"propertyPath\":\"/SALES_AREA_SPART\",\"modelName\":\"NewYardModel\"}"}]}
RESULT: {"script":"<script> [1562 bytes]","args":[{"selector":{"controlType":"sap.m.Input","viewName":"etm.portal.ui.manageyards.view.New","viewId":"application-manageyards-display-component---NewYard","bindingPath":{"path":"","propertyPath":"/SALES_AREA_SPART","modelName":"NewYardModel"},"interaction":{"idSuffix":"inner"}},"wdio_ui5_key":"etmportal.ui.manageyards.view.Newsap.m.Input{\"path\":\"\",\"propertyPath\":\"/SALES_AREA_SPART\",\"modelName\":\"NewYardModel\"}"}]}
RESULT: undefined
COMMAND: POST /session/11c278e322621322209dbd84d797ae8b/execute/async - {"script":"<script> [776 bytes]","args":[{"enterText":"C2","selector":{"controlType":"sap.m.Input","viewName":"etm.portal.ui.manageyards.view.New","viewId":"application-manageyards-display-component---NewYard","bindingPath":{"path":"","propertyPath":"/SALES_AREA_SPART","modelName":"NewYardModel"},"interaction":{"idSuffix":"inner"}},"clearTextFirst":true,"interactionType":"ENTER_TEXT"}]}
RESULT: {"script":"<script> [776 bytes]","args":[{"enterText":"C2","selector":{"controlType":"sap.m.Input","viewName":"etm.portal.ui.manageyards.view.New","viewId":"application-manageyards-display-component---NewYard","bindingPath":{"path":"","propertyPath":"/SALES_AREA_SPART","modelName":"NewYardModel"},"interaction":{"idSuffix":"inner"}},"clearTextFirst":true,"interactionType":"ENTER_TEXT"}]}
COMMAND: POST /session/11c278e322621322209dbd84d797ae8b/execute/async - {"script":"<script> [1562 bytes]","args":[{"selector":{"controlType":"sap.m.Input","viewName":"etm.portal.ui.manageyards.view.New","viewId":"application-manageyards-display-component---NewYard","bindingPath":{"path":"","propertyPath":"/SHIP_POINT","modelName":"NewYardModel"},"interaction":{"idSuffix":"inner"}},"wdio_ui5_key":"etmportal.ui.manageyards.view.Newsap.m.Input{\"path\":\"\",\"propertyPath\":\"/SHIP_POINT\",\"modelName\":\"NewYardModel\"}"}]}
RESULT: {"script":"<script> [1562 bytes]","args":[{"selector":{"controlType":"sap.m.Input","viewName":"etm.portal.ui.manageyards.view.New","viewId":"application-manageyards-display-component---NewYard","bindingPath":{"path":"","propertyPath":"/SHIP_POINT","modelName":"NewYardModel"},"interaction":{"idSuffix":"inner"}},"wdio_ui5_key":"etmportal.ui.manageyards.view.Newsap.m.Input{\"path\":\"\",\"propertyPath\":\"/SHIP_POINT\",\"modelName\":\"NewYardModel\"}"}]}
RESULT: undefined
COMMAND: POST /session/11c278e322621322209dbd84d797ae8b/execute/async - {"script":"<script> [776 bytes]","args":[{"enterText":"1710","selector":{"controlType":"sap.m.Input","viewName":"etm.portal.ui.manageyards.view.New","viewId":"application-manageyards-display-component---NewYard","bindingPath":{"path":"","propertyPath":"/SHIP_POINT","modelName":"NewYardModel"},"interaction":{"idSuffix":"inner"}},"clearTextFirst":true,"interactionType":"ENTER_TEXT"}]}
RESULT: {"script":"<script> [776 bytes]","args":[{"enterText":"1710","selector":{"controlType":"sap.m.Input","viewName":"etm.portal.ui.manageyards.view.New","viewId":"application-manageyards-display-component---NewYard","bindingPath":{"path":"","propertyPath":"/SHIP_POINT","modelName":"NewYardModel"},"interaction":{"idSuffix":"inner"}},"clearTextFirst":true,"interactionType":"ENTER_TEXT"}]}
COMMAND: POST /session/11c278e322621322209dbd84d797ae8b/execute/async - {"script":"<script> [1562 bytes]","args":[{"selector":{"controlType":"sap.m.Input","viewName":"etm.portal.ui.manageyards.view.New","viewId":"application-manageyards-display-component---NewYard","bindingPath":{"path":"","propertyPath":"/DELIVERY_TYPE","modelName":"NewYardModel"},"interaction":{"idSuffix":"inner"}},"wdio_ui5_key":"etmportal.ui.manageyards.view.Newsap.m.Input{\"path\":\"\",\"propertyPath\":\"/DELIVERY_TYPE\",\"modelName\":\"NewYardModel\"}"}]}
RESULT: {"script":"<script> [1562 bytes]","args":[{"selector":{"controlType":"sap.m.Input","viewName":"etm.portal.ui.manageyards.view.New","viewId":"application-manageyards-display-component---NewYard","bindingPath":{"path":"","propertyPath":"/DELIVERY_TYPE","modelName":"NewYardModel"},"interaction":{"idSuffix":"inner"}},"wdio_ui5_key":"etmportal.ui.manageyards.view.Newsap.m.Input{\"path\":\"\",\"propertyPath\":\"/DELIVERY_TYPE\",\"modelName\":\"NewYardModel\"}"}]}
RESULT: undefined
COMMAND: POST /session/11c278e322621322209dbd84d797ae8b/execute/async - {"script":"<script> [776 bytes]","args":[{"enterText":"ZL01","selector":{"controlType":"sap.m.Input","viewName":"etm.portal.ui.manageyards.view.New","viewId":"application-manageyards-display-component---NewYard","bindingPath":{"path":"","propertyPath":"/DELIVERY_TYPE","modelName":"NewYardModel"},"interaction":{"idSuffix":"inner"}},"clearTextFirst":true,"interactionType":"ENTER_TEXT"}]}
RESULT: {"script":"<script> [776 bytes]","args":[{"enterText":"ZL01","selector":{"controlType":"sap.m.Input","viewName":"etm.portal.ui.manageyards.view.New","viewId":"application-manageyards-display-component---NewYard","bindingPath":{"path":"","propertyPath":"/DELIVERY_TYPE","modelName":"NewYardModel"},"interaction":{"idSuffix":"inner"}},"clearTextFirst":true,"interactionType":"ENTER_TEXT"}]}
COMMAND: POST /session/11c278e322621322209dbd84d797ae8b/execute/async - {"script":"<script> [1562 bytes]","args":[{"selector":{"controlType":"sap.m.Input","viewName":"etm.portal.ui.manageyards.view.New","viewId":"application-manageyards-display-component---NewYard","bindingPath":{"path":"","propertyPath":"/AUART","modelName":"NewYardModel"},"interaction":{"idSuffix":"inner"}},"wdio_ui5_key":"etmportal.ui.manageyards.view.Newsap.m.Input{\"path\":\"\",\"propertyPath\":\"/AUART\",\"modelName\":\"NewYardModel\"}"}]}
RESULT: {"script":"<script> [1562 bytes]","args":[{"selector":{"controlType":"sap.m.Input","viewName":"etm.portal.ui.manageyards.view.New","viewId":"application-manageyards-display-component---NewYard","bindingPath":{"path":"","propertyPath":"/AUART","modelName":"NewYardModel"},"interaction":{"idSuffix":"inner"}},"wdio_ui5_key":"etmportal.ui.manageyards.view.Newsap.m.Input{\"path\":\"\",\"propertyPath\":\"/AUART\",\"modelName\":\"NewYardModel\"}"}]}
RESULT: undefined
COMMAND: POST /session/11c278e322621322209dbd84d797ae8b/execute/async - {"script":"<script> [776 bytes]","args":[{"enterText":"TA","selector":{"controlType":"sap.m.Input","viewName":"etm.portal.ui.manageyards.view.New","viewId":"application-manageyards-display-component---NewYard","bindingPath":{"path":"","propertyPath":"/AUART","modelName":"NewYardModel"},"interaction":{"idSuffix":"inner"}},"clearTextFirst":true,"interactionType":"ENTER_TEXT"}]}
RESULT: {"script":"<script> [776 bytes]","args":[{"enterText":"TA","selector":{"controlType":"sap.m.Input","viewName":"etm.portal.ui.manageyards.view.New","viewId":"application-manageyards-display-component---NewYard","bindingPath":{"path":"","propertyPath":"/AUART","modelName":"NewYardModel"},"interaction":{"idSuffix":"inner"}},"clearTextFirst":true,"interactionType":"ENTER_TEXT"}]}
COMMAND: POST /session/11c278e322621322209dbd84d797ae8b/element - {"using":"xpath","value":"//button[@data-kt=\"newYardSaveButton\"]"}
RESULT: {"using":"xpath","value":"//button[@data-kt=\"newYardSaveButton\"]"}
COMMAND: POST /session/11c278e322621322209dbd84d797ae8b/element/f.1BBDEBF70A0905171D1AD33BCA73C599.d.DE7B499EC18738A7FA849CD99D105641.e.6855/click - {}
RESULT: {}
COMMAND: GET /session/11c278e322621322209dbd84d797ae8b/screenshot - {}
RESULT: {}
COMMAND: POST /session/11c278e322621322209dbd84d797ae8b/element - {"using":"xpath","value":"//header[contains(@id, 'ObjectPageLayout-headerTitle')]/div[1]/div[2]/div[1]/span[1]"}
RESULT: {"using":"xpath","value":"//header[contains(@id, 'ObjectPageLayout-headerTitle')]/div[1]/div[2]/div[1]/span[1]"}
COMMAND: POST /session/11c278e322621322209dbd84d797ae8b/elements - {"using":"xpath","value":"//header[contains(@id, 'ObjectPageLayout-headerTitle')]/div[1]/div[2]/div[1]/span[1]"}
RESULT: {"using":"xpath","value":"//header[contains(@id, 'ObjectPageLayout-headerTitle')]/div[1]/div[2]/div[1]/span[1]"}
COMMAND: POST /session/11c278e322621322209dbd84d797ae8b/execute/sync - {"script":"<script> [56 bytes]","args":[{"element-6066-11e4-a52e-4f735466cecf":"f.1BBDEBF70A0905171D1AD33BCA73C599.d.DE7B499EC18738A7FA849CD99D105641.e.7168","ELEMENT":"f.1BBDEBF70A0905171D1AD33BCA73C599.d.DE7B499EC18738A7FA849CD99D105641.e.7168"}]}
RESULT: {"script":"<script> [56 bytes]","args":[{"element-6066-11e4-a52e-4f735466cecf":"f.1BBDEBF70A0905171D1AD33BCA73C599.d.DE7B499EC18738A7FA849CD99D105641.e.7168","ELEMENT":"f.1BBDEBF70A0905171D1AD33BCA73C599.d.DE7B499EC18738A7FA849CD99D105641.e.7168"}]}
COMMAND: GET /session/11c278e322621322209dbd84d797ae8b/screenshot - {}
RESULT: {}
COMMAND: POST /session/11c278e322621322209dbd84d797ae8b/execute/sync - {"script":"<script> [56 bytes]","args":[{"element-6066-11e4-a52e-4f735466cecf":"f.1BBDEBF70A0905171D1AD33BCA73C599.d.DE7B499EC18738A7FA849CD99D105641.e.7168","ELEMENT":"f.1BBDEBF70A0905171D1AD33BCA73C599.d.DE7B499EC18738A7FA849CD99D105641.e.7168"}]}
RESULT: {"script":"<script> [56 bytes]","args":[{"element-6066-11e4-a52e-4f735466cecf":"f.1BBDEBF70A0905171D1AD33BCA73C599.d.DE7B499EC18738A7FA849CD99D105641.e.7168","ELEMENT":"f.1BBDEBF70A0905171D1AD33BCA73C599.d.DE7B499EC18738A7FA849CD99D105641.e.7168"}]}
COMMAND: GET /session/11c278e322621322209dbd84d797ae8b/screenshot - {}
RESULT: {}
COMMAND: POST /session/11c278e322621322209dbd84d797ae8b/element - {"using":"css selector","value":"#shell-header-logo"}
RESULT: {"using":"css selector","value":"#shell-header-logo"}
COMMAND: POST /session/11c278e322621322209dbd84d797ae8b/element/f.1BBDEBF70A0905171D1AD33BCA73C599.d.DE7B499EC18738A7FA849CD99D105641.e.6421/click - {}
RESULT: {}
COMMAND: GET /session/11c278e322621322209dbd84d797ae8b/screenshot - {}
RESULT: {}
COMMAND: POST /session/11c278e322621322209dbd84d797ae8b/execute/sync - {"script":"<script> [299 bytes]","args":[["getModel","getResource"]]}
RESULT: {"script":"<script> [299 bytes]","args":[["getModel","getResource"]]}
COMMAND: GET /session/11c278e322621322209dbd84d797ae8b/screenshot - {}
]]></system-out>
    </testcase>
    <testcase classname="chrome.135_0_7049_96.windows.Billing_Transfer_-_Intracompany_US127249" name="Should create a new partner" time="121.909">
      <system-out><![CDATA[
COMMAND: POST /session/11c278e322621322209dbd84d797ae8b/window/fullscreen - {}
RESULT: {}
RESULT: {}
COMMAND: POST /session/11c278e322621322209dbd84d797ae8b/execute/async - {"script":"<script> [1562 bytes]","args":[{"selector":{"controlType":"sap.m.GenericTile","properties":{"header":"Manage Partners"}},"wdio_ui5_key":"sapm.GenericTile{\"header\":\"Manage Partners\"}"}]}
RESULT: {"script":"<script> [1562 bytes]","args":[{"selector":{"controlType":"sap.m.GenericTile","properties":{"header":"Manage Partners"}},"wdio_ui5_key":"sapm.GenericTile{\"header\":\"Manage Partners\"}"}]}
RESULT: undefined
COMMAND: POST /session/11c278e322621322209dbd84d797ae8b/element - {"using":"xpath","value":"//*[@id=\"__tile38\"]"}
RESULT: {"using":"xpath","value":"//*[@id=\"__tile38\"]"}
COMMAND: POST /session/11c278e322621322209dbd84d797ae8b/element/f.1BBDEBF70A0905171D1AD33BCA73C599.d.DE7B499EC18738A7FA849CD99D105641.e.6309/click - {}
RESULT: {}
COMMAND: POST /session/11c278e322621322209dbd84d797ae8b/element - {"using":"xpath","value":"//button[@data-kt=\"addButton\"]"}
COMMAND: GET /session/11c278e322621322209dbd84d797ae8b/screenshot - {}
RESULT: {"using":"xpath","value":"//button[@data-kt=\"addButton\"]"}
COMMAND: POST /session/11c278e322621322209dbd84d797ae8b/elements - {"using":"xpath","value":"//button[@data-kt=\"addButton\"]"}
RESULT: {}
RESULT: {"using":"xpath","value":"//button[@data-kt=\"addButton\"]"}
COMMAND: POST /session/11c278e322621322209dbd84d797ae8b/elements - {"using":"xpath","value":"//button[@data-kt=\"addButton\"]"}
RESULT: {"using":"xpath","value":"//button[@data-kt=\"addButton\"]"}
COMMAND: POST /session/11c278e322621322209dbd84d797ae8b/elements - {"using":"xpath","value":"//button[@data-kt=\"addButton\"]"}
RESULT: {"using":"xpath","value":"//button[@data-kt=\"addButton\"]"}
COMMAND: POST /session/11c278e322621322209dbd84d797ae8b/elements - {"using":"xpath","value":"//button[@data-kt=\"addButton\"]"}
RESULT: {"using":"xpath","value":"//button[@data-kt=\"addButton\"]"}
COMMAND: POST /session/11c278e322621322209dbd84d797ae8b/elements - {"using":"xpath","value":"//button[@data-kt=\"addButton\"]"}
RESULT: {"using":"xpath","value":"//button[@data-kt=\"addButton\"]"}
COMMAND: POST /session/11c278e322621322209dbd84d797ae8b/elements - {"using":"xpath","value":"//button[@data-kt=\"addButton\"]"}
RESULT: {"using":"xpath","value":"//button[@data-kt=\"addButton\"]"}
COMMAND: POST /session/11c278e322621322209dbd84d797ae8b/elements - {"using":"xpath","value":"//button[@data-kt=\"addButton\"]"}
RESULT: {"using":"xpath","value":"//button[@data-kt=\"addButton\"]"}
COMMAND: POST /session/11c278e322621322209dbd84d797ae8b/elements - {"using":"xpath","value":"//button[@data-kt=\"addButton\"]"}
RESULT: {"using":"xpath","value":"//button[@data-kt=\"addButton\"]"}
COMMAND: POST /session/11c278e322621322209dbd84d797ae8b/elements - {"using":"xpath","value":"//button[@data-kt=\"addButton\"]"}
RESULT: {"using":"xpath","value":"//button[@data-kt=\"addButton\"]"}
COMMAND: POST /session/11c278e322621322209dbd84d797ae8b/elements - {"using":"xpath","value":"//button[@data-kt=\"addButton\"]"}
RESULT: {"using":"xpath","value":"//button[@data-kt=\"addButton\"]"}
COMMAND: POST /session/11c278e322621322209dbd84d797ae8b/elements - {"using":"xpath","value":"//button[@data-kt=\"addButton\"]"}
RESULT: {"using":"xpath","value":"//button[@data-kt=\"addButton\"]"}
COMMAND: POST /session/11c278e322621322209dbd84d797ae8b/elements - {"using":"xpath","value":"//button[@data-kt=\"addButton\"]"}
RESULT: {"using":"xpath","value":"//button[@data-kt=\"addButton\"]"}
COMMAND: POST /session/11c278e322621322209dbd84d797ae8b/elements - {"using":"xpath","value":"//button[@data-kt=\"addButton\"]"}
RESULT: {"using":"xpath","value":"//button[@data-kt=\"addButton\"]"}
COMMAND: POST /session/11c278e322621322209dbd84d797ae8b/elements - {"using":"xpath","value":"//button[@data-kt=\"addButton\"]"}
RESULT: {"using":"xpath","value":"//button[@data-kt=\"addButton\"]"}
COMMAND: POST /session/11c278e322621322209dbd84d797ae8b/elements - {"using":"xpath","value":"//button[@data-kt=\"addButton\"]"}
RESULT: {"using":"xpath","value":"//button[@data-kt=\"addButton\"]"}
COMMAND: POST /session/11c278e322621322209dbd84d797ae8b/elements - {"using":"xpath","value":"//button[@data-kt=\"addButton\"]"}
RESULT: {"using":"xpath","value":"//button[@data-kt=\"addButton\"]"}
COMMAND: POST /session/11c278e322621322209dbd84d797ae8b/elements - {"using":"xpath","value":"//button[@data-kt=\"addButton\"]"}
RESULT: {"using":"xpath","value":"//button[@data-kt=\"addButton\"]"}
COMMAND: POST /session/11c278e322621322209dbd84d797ae8b/elements - {"using":"xpath","value":"//button[@data-kt=\"addButton\"]"}
RESULT: {"using":"xpath","value":"//button[@data-kt=\"addButton\"]"}
COMMAND: POST /session/11c278e322621322209dbd84d797ae8b/elements - {"using":"xpath","value":"//button[@data-kt=\"addButton\"]"}
RESULT: {"using":"xpath","value":"//button[@data-kt=\"addButton\"]"}
COMMAND: POST /session/11c278e322621322209dbd84d797ae8b/elements - {"using":"xpath","value":"//button[@data-kt=\"addButton\"]"}
RESULT: {"using":"xpath","value":"//button[@data-kt=\"addButton\"]"}
COMMAND: POST /session/11c278e322621322209dbd84d797ae8b/elements - {"using":"xpath","value":"//button[@data-kt=\"addButton\"]"}
RESULT: {"using":"xpath","value":"//button[@data-kt=\"addButton\"]"}
COMMAND: POST /session/11c278e322621322209dbd84d797ae8b/elements - {"using":"xpath","value":"//button[@data-kt=\"addButton\"]"}
RESULT: {"using":"xpath","value":"//button[@data-kt=\"addButton\"]"}
COMMAND: POST /session/11c278e322621322209dbd84d797ae8b/elements - {"using":"xpath","value":"//button[@data-kt=\"addButton\"]"}
RESULT: {"using":"xpath","value":"//button[@data-kt=\"addButton\"]"}
COMMAND: POST /session/11c278e322621322209dbd84d797ae8b/element - {"using":"xpath","value":"//button[@data-kt=\"addButton\"]"}
RESULT: {"using":"xpath","value":"//button[@data-kt=\"addButton\"]"}
COMMAND: POST /session/11c278e322621322209dbd84d797ae8b/execute/sync - {"script":"<script> [8489 bytes]","args":[{"element-6066-11e4-a52e-4f735466cecf":"f.1BBDEBF70A0905171D1AD33BCA73C599.d.DE7B499EC18738A7FA849CD99D105641.e.7210","ELEMENT":"f.1BBDEBF70A0905171D1AD33BCA73C599.d.DE7B499EC18738A7FA849CD99D105641.e.7210"}]}
RESULT: {"script":"<script> [8489 bytes]","args":[{"element-6066-11e4-a52e-4f735466cecf":"f.1BBDEBF70A0905171D1AD33BCA73C599.d.DE7B499EC18738A7FA849CD99D105641.e.7210","ELEMENT":"f.1BBDEBF70A0905171D1AD33BCA73C599.d.DE7B499EC18738A7FA849CD99D105641.e.7210"}]}
COMMAND: GET /session/11c278e322621322209dbd84d797ae8b/element/f.1BBDEBF70A0905171D1AD33BCA73C599.d.DE7B499EC18738A7FA849CD99D105641.e.7210/enabled - {}
COMMAND: GET /session/11c278e322621322209dbd84d797ae8b/screenshot - {}
RESULT: {}
COMMAND: POST /session/11c278e322621322209dbd84d797ae8b/execute/sync - {"script":"<script> [8489 bytes]","args":[{"element-6066-11e4-a52e-4f735466cecf":"f.1BBDEBF70A0905171D1AD33BCA73C599.d.DE7B499EC18738A7FA849CD99D105641.e.7210","ELEMENT":"f.1BBDEBF70A0905171D1AD33BCA73C599.d.DE7B499EC18738A7FA849CD99D105641.e.7210"}]}
COMMAND: GET /session/11c278e322621322209dbd84d797ae8b/screenshot - {}
RESULT: {}
RESULT: {"script":"<script> [8489 bytes]","args":[{"element-6066-11e4-a52e-4f735466cecf":"f.1BBDEBF70A0905171D1AD33BCA73C599.d.DE7B499EC18738A7FA849CD99D105641.e.7210","ELEMENT":"f.1BBDEBF70A0905171D1AD33BCA73C599.d.DE7B499EC18738A7FA849CD99D105641.e.7210"}]}
COMMAND: POST /session/11c278e322621322209dbd84d797ae8b/execute/sync - {"script":"<script> [5351 bytes]","args":[{"element-6066-11e4-a52e-4f735466cecf":"f.1BBDEBF70A0905171D1AD33BCA73C599.d.DE7B499EC18738A7FA849CD99D105641.e.7210","ELEMENT":"f.1BBDEBF70A0905171D1AD33BCA73C599.d.DE7B499EC18738A7FA849CD99D105641.e.7210"}]}
COMMAND: GET /session/11c278e322621322209dbd84d797ae8b/screenshot - {}
RESULT: {}
RESULT: {"script":"<script> [5351 bytes]","args":[{"element-6066-11e4-a52e-4f735466cecf":"f.1BBDEBF70A0905171D1AD33BCA73C599.d.DE7B499EC18738A7FA849CD99D105641.e.7210","ELEMENT":"f.1BBDEBF70A0905171D1AD33BCA73C599.d.DE7B499EC18738A7FA849CD99D105641.e.7210"}]}
COMMAND: POST /session/11c278e322621322209dbd84d797ae8b/element/f.1BBDEBF70A0905171D1AD33BCA73C599.d.DE7B499EC18738A7FA849CD99D105641.e.7210/click - {}
COMMAND: GET /session/11c278e322621322209dbd84d797ae8b/screenshot - {}
RESULT: {}
RESULT: {}
COMMAND: GET /session/11c278e322621322209dbd84d797ae8b/screenshot - {}
RESULT: {}
RESULT: {}
COMMAND: POST /session/11c278e322621322209dbd84d797ae8b/execute/async - {"script":"<script> [1562 bytes]","args":[{"selector":{"id":"application-managepartners-display-component---NewPartner--addressDetailDetailsName1","interaction":{"idSuffix":"inner"}},"wdio_ui5_key":"applicationmanagepartners-display-component---NewPartner--addressDetailDetailsName1"}]}
RESULT: {"script":"<script> [1562 bytes]","args":[{"selector":{"id":"application-managepartners-display-component---NewPartner--addressDetailDetailsName1","interaction":{"idSuffix":"inner"}},"wdio_ui5_key":"applicationmanagepartners-display-component---NewPartner--addressDetailDetailsName1"}]}
RESULT: undefined
COMMAND: POST /session/11c278e322621322209dbd84d797ae8b/execute/async - {"script":"<script> [776 bytes]","args":[{"enterText":"Intracompany Partner WDIO","selector":{"id":"application-managepartners-display-component---NewPartner--addressDetailDetailsName1","interaction":{"idSuffix":"inner"}},"clearTextFirst":true,"interactionType":"ENTER_TEXT"}]}
RESULT: {"script":"<script> [776 bytes]","args":[{"enterText":"Intracompany Partner WDIO","selector":{"id":"application-managepartners-display-component---NewPartner--addressDetailDetailsName1","interaction":{"idSuffix":"inner"}},"clearTextFirst":true,"interactionType":"ENTER_TEXT"}]}
COMMAND: POST /session/11c278e322621322209dbd84d797ae8b/execute/async - {"script":"<script> [1562 bytes]","args":[{"selector":{"id":"application-managepartners-display-component---NewPartner--addressDetailDetailsLanguage-arrow"},"wdio_ui5_key":"applicationmanagepartners-display-component---NewPartner--addressDetailDetailsLanguage-arrow"}]}
RESULT: {"script":"<script> [1562 bytes]","args":[{"selector":{"id":"application-managepartners-display-component---NewPartner--addressDetailDetailsLanguage-arrow"},"wdio_ui5_key":"applicationmanagepartners-display-component---NewPartner--addressDetailDetailsLanguage-arrow"}]}
RESULT: undefined
COMMAND: POST /session/11c278e322621322209dbd84d797ae8b/element - {"using":"xpath","value":"//*[@id=\"application-managepartners-display-component---NewPartner--addressDetailDetailsLanguage-arrow\"]"}
RESULT: {"using":"xpath","value":"//*[@id=\"application-managepartners-display-component---NewPartner--addressDetailDetailsLanguage-arrow\"]"}
COMMAND: POST /session/11c278e322621322209dbd84d797ae8b/element/f.1BBDEBF70A0905171D1AD33BCA73C599.d.DE7B499EC18738A7FA849CD99D105641.e.7666/click - {}
RESULT: {}
COMMAND: POST /session/11c278e322621322209dbd84d797ae8b/element - {"using":"xpath","value":"//span[contains(text(), \"English\")]"}
COMMAND: GET /session/11c278e322621322209dbd84d797ae8b/screenshot - {}
RESULT: {"using":"xpath","value":"//span[contains(text(), \"English\")]"}
COMMAND: POST /session/11c278e322621322209dbd84d797ae8b/element/f.1BBDEBF70A0905171D1AD33BCA73C599.d.DE7B499EC18738A7FA849CD99D105641.e.7667/click - {}
RESULT: {}
RESULT: {}
COMMAND: GET /session/11c278e322621322209dbd84d797ae8b/screenshot - {}
RESULT: {}
COMMAND: POST /session/11c278e322621322209dbd84d797ae8b/execute/async - {"script":"<script> [1562 bytes]","args":[{"selector":{"id":"application-managepartners-display-component---NewPartner--addressDetailDetailsCity1","interaction":{"idSuffix":"inner"}},"wdio_ui5_key":"applicationmanagepartners-display-component---NewPartner--addressDetailDetailsCity1"}]}
RESULT: {"script":"<script> [1562 bytes]","args":[{"selector":{"id":"application-managepartners-display-component---NewPartner--addressDetailDetailsCity1","interaction":{"idSuffix":"inner"}},"wdio_ui5_key":"applicationmanagepartners-display-component---NewPartner--addressDetailDetailsCity1"}]}
RESULT: undefined
COMMAND: POST /session/11c278e322621322209dbd84d797ae8b/execute/async - {"script":"<script> [776 bytes]","args":[{"enterText":"Rosario","selector":{"id":"application-managepartners-display-component---NewPartner--addressDetailDetailsCity1","interaction":{"idSuffix":"inner"}},"clearTextFirst":true,"interactionType":"ENTER_TEXT"}]}
RESULT: {"script":"<script> [776 bytes]","args":[{"enterText":"Rosario","selector":{"id":"application-managepartners-display-component---NewPartner--addressDetailDetailsCity1","interaction":{"idSuffix":"inner"}},"clearTextFirst":true,"interactionType":"ENTER_TEXT"}]}
COMMAND: POST /session/11c278e322621322209dbd84d797ae8b/execute/async - {"script":"<script> [1562 bytes]","args":[{"selector":{"id":"application-managepartners-display-component---NewPartner--addressDetailDetailsCountry-arrow"},"wdio_ui5_key":"applicationmanagepartners-display-component---NewPartner--addressDetailDetailsCountry-arrow"}]}
RESULT: {"script":"<script> [1562 bytes]","args":[{"selector":{"id":"application-managepartners-display-component---NewPartner--addressDetailDetailsCountry-arrow"},"wdio_ui5_key":"applicationmanagepartners-display-component---NewPartner--addressDetailDetailsCountry-arrow"}]}
RESULT: undefined
COMMAND: POST /session/11c278e322621322209dbd84d797ae8b/element - {"using":"xpath","value":"//*[@id=\"application-managepartners-display-component---NewPartner--addressDetailDetailsCountry-arrow\"]"}
RESULT: {"using":"xpath","value":"//*[@id=\"application-managepartners-display-component---NewPartner--addressDetailDetailsCountry-arrow\"]"}
COMMAND: POST /session/11c278e322621322209dbd84d797ae8b/element/f.1BBDEBF70A0905171D1AD33BCA73C599.d.DE7B499EC18738A7FA849CD99D105641.e.7653/click - {}
RESULT: {}
COMMAND: POST /session/11c278e322621322209dbd84d797ae8b/element - {"using":"xpath","value":"//span[contains(text(), \"Argentina\")]"}
COMMAND: GET /session/11c278e322621322209dbd84d797ae8b/screenshot - {}
RESULT: {"using":"xpath","value":"//span[contains(text(), \"Argentina\")]"}
COMMAND: POST /session/11c278e322621322209dbd84d797ae8b/element/f.1BBDEBF70A0905171D1AD33BCA73C599.d.DE7B499EC18738A7FA849CD99D105641.e.7669/click - {}
RESULT: {}
RESULT: {}
COMMAND: GET /session/11c278e322621322209dbd84d797ae8b/screenshot - {}
RESULT: {}
COMMAND: POST /session/11c278e322621322209dbd84d797ae8b/element - {"using":"xpath","value":"//bdi[contains(text(), \"Commercial\")]"}
RESULT: {"using":"xpath","value":"//bdi[contains(text(), \"Commercial\")]"}
COMMAND: POST /session/11c278e322621322209dbd84d797ae8b/element/f.1BBDEBF70A0905171D1AD33BCA73C599.d.DE7B499EC18738A7FA849CD99D105641.e.7670/click - {}
RESULT: {}
COMMAND: GET /session/11c278e322621322209dbd84d797ae8b/screenshot - {}
RESULT: {}
COMMAND: POST /session/11c278e322621322209dbd84d797ae8b/execute/async - {"script":"<script> [1562 bytes]","args":[{"selector":{"id":"application-managepartners-display-component---NewPartner--partnerDetailInternal-arrow"},"wdio_ui5_key":"applicationmanagepartners-display-component---NewPartner--partnerDetailInternal-arrow"}]}
RESULT: {"script":"<script> [1562 bytes]","args":[{"selector":{"id":"application-managepartners-display-component---NewPartner--partnerDetailInternal-arrow"},"wdio_ui5_key":"applicationmanagepartners-display-component---NewPartner--partnerDetailInternal-arrow"}]}
RESULT: undefined
COMMAND: POST /session/11c278e322621322209dbd84d797ae8b/element - {"using":"xpath","value":"//*[@id=\"application-managepartners-display-component---NewPartner--partnerDetailInternal-arrow\"]"}
RESULT: {"using":"xpath","value":"//*[@id=\"application-managepartners-display-component---NewPartner--partnerDetailInternal-arrow\"]"}
COMMAND: POST /session/11c278e322621322209dbd84d797ae8b/element/f.1BBDEBF70A0905171D1AD33BCA73C599.d.DE7B499EC18738A7FA849CD99D105641.e.7676/click - {}
RESULT: {}
COMMAND: POST /session/11c278e322621322209dbd84d797ae8b/element - {"using":"xpath","value":"//span[contains(text(), \"Affiliated company\")]"}
COMMAND: GET /session/11c278e322621322209dbd84d797ae8b/screenshot - {}
RESULT: {"using":"xpath","value":"//span[contains(text(), \"Affiliated company\")]"}
COMMAND: POST /session/11c278e322621322209dbd84d797ae8b/element/f.1BBDEBF70A0905171D1AD33BCA73C599.d.DE7B499EC18738A7FA849CD99D105641.e.7679/click - {}
RESULT: {}
RESULT: {}
COMMAND: POST /session/11c278e322621322209dbd84d797ae8b/execute/async - {"script":"<script> [1562 bytes]","args":[{"selector":{"id":"application-managepartners-display-component---NewPartner--partnerDetailsCurrency-arrow"},"wdio_ui5_key":"applicationmanagepartners-display-component---NewPartner--partnerDetailsCurrency-arrow"}]}
COMMAND: GET /session/11c278e322621322209dbd84d797ae8b/screenshot - {}
RESULT: {"script":"<script> [1562 bytes]","args":[{"selector":{"id":"application-managepartners-display-component---NewPartner--partnerDetailsCurrency-arrow"},"wdio_ui5_key":"applicationmanagepartners-display-component---NewPartner--partnerDetailsCurrency-arrow"}]}
RESULT: undefined
COMMAND: POST /session/11c278e322621322209dbd84d797ae8b/element - {"using":"xpath","value":"//*[@id=\"application-managepartners-display-component---NewPartner--partnerDetailsCurrency-arrow\"]"}
RESULT: {}
RESULT: {"using":"xpath","value":"//*[@id=\"application-managepartners-display-component---NewPartner--partnerDetailsCurrency-arrow\"]"}
COMMAND: POST /session/11c278e322621322209dbd84d797ae8b/element/f.1BBDEBF70A0905171D1AD33BCA73C599.d.DE7B499EC18738A7FA849CD99D105641.e.7686/click - {}
RESULT: {}
COMMAND: POST /session/11c278e322621322209dbd84d797ae8b/element - {"using":"xpath","value":"//span[contains(text(), \"Euro\")]"}
COMMAND: GET /session/11c278e322621322209dbd84d797ae8b/screenshot - {}
RESULT: {"using":"xpath","value":"//span[contains(text(), \"Euro\")]"}
COMMAND: POST /session/11c278e322621322209dbd84d797ae8b/element/f.1BBDEBF70A0905171D1AD33BCA73C599.d.DE7B499EC18738A7FA849CD99D105641.e.7687/click - {}
RESULT: {}
RESULT: {}
COMMAND: POST /session/11c278e322621322209dbd84d797ae8b/execute/async - {"script":"<script> [1562 bytes]","args":[{"selector":{"id":"application-managepartners-display-component---NewPartner--addressEditDetailsCostObjectCstType-arrow"},"wdio_ui5_key":"applicationmanagepartners-display-component---NewPartner--addressEditDetailsCostObjectCstType-arrow"}]}
COMMAND: GET /session/11c278e322621322209dbd84d797ae8b/screenshot - {}
RESULT: {"script":"<script> [1562 bytes]","args":[{"selector":{"id":"application-managepartners-display-component---NewPartner--addressEditDetailsCostObjectCstType-arrow"},"wdio_ui5_key":"applicationmanagepartners-display-component---NewPartner--addressEditDetailsCostObjectCstType-arrow"}]}
RESULT: undefined
COMMAND: POST /session/11c278e322621322209dbd84d797ae8b/element - {"using":"xpath","value":"//*[@id=\"application-managepartners-display-component---NewPartner--addressEditDetailsCostObjectCstType-arrow\"]"}
RESULT: {}
RESULT: {"using":"xpath","value":"//*[@id=\"application-managepartners-display-component---NewPartner--addressEditDetailsCostObjectCstType-arrow\"]"}
COMMAND: POST /session/11c278e322621322209dbd84d797ae8b/element/f.1BBDEBF70A0905171D1AD33BCA73C599.d.DE7B499EC18738A7FA849CD99D105641.e.7688/click - {}
RESULT: {}
COMMAND: POST /session/11c278e322621322209dbd84d797ae8b/element - {"using":"xpath","value":"//span[contains(text(), \"Cost Center\")]"}
COMMAND: GET /session/11c278e322621322209dbd84d797ae8b/screenshot - {}
RESULT: {"using":"xpath","value":"//span[contains(text(), \"Cost Center\")]"}
COMMAND: POST /session/11c278e322621322209dbd84d797ae8b/element/f.1BBDEBF70A0905171D1AD33BCA73C599.d.DE7B499EC18738A7FA849CD99D105641.e.7689/click - {}
RESULT: {}
RESULT: {}
COMMAND: GET /session/11c278e322621322209dbd84d797ae8b/screenshot - {}
RESULT: {}
COMMAND: POST /session/11c278e322621322209dbd84d797ae8b/element - {"using":"xpath","value":"//span[@id=\"application-managepartners-display-component---NewPartner--addressNewCostObjectCstID-vhi\"]"}
RESULT: {"using":"xpath","value":"//span[@id=\"application-managepartners-display-component---NewPartner--addressNewCostObjectCstID-vhi\"]"}
COMMAND: POST /session/11c278e322621322209dbd84d797ae8b/execute/sync - {"script":"<script> [8489 bytes]","args":[{"element-6066-11e4-a52e-4f735466cecf":"f.1BBDEBF70A0905171D1AD33BCA73C599.d.DE7B499EC18738A7FA849CD99D105641.e.7693","ELEMENT":"f.1BBDEBF70A0905171D1AD33BCA73C599.d.DE7B499EC18738A7FA849CD99D105641.e.7693"}]}
RESULT: {"script":"<script> [8489 bytes]","args":[{"element-6066-11e4-a52e-4f735466cecf":"f.1BBDEBF70A0905171D1AD33BCA73C599.d.DE7B499EC18738A7FA849CD99D105641.e.7693","ELEMENT":"f.1BBDEBF70A0905171D1AD33BCA73C599.d.DE7B499EC18738A7FA849CD99D105641.e.7693"}]}
COMMAND: POST /session/11c278e322621322209dbd84d797ae8b/execute/async - {"script":"<script> [1562 bytes]","args":[{"selector":{"id":"application-managepartners-display-component---NewPartner--addressNewCostObjectCstID-vhi"},"wdio_ui5_key":"applicationmanagepartners-display-component---NewPartner--addressNewCostObjectCstID-vhi"}]}
COMMAND: GET /session/11c278e322621322209dbd84d797ae8b/screenshot - {}
RESULT: {"script":"<script> [1562 bytes]","args":[{"selector":{"id":"application-managepartners-display-component---NewPartner--addressNewCostObjectCstID-vhi"},"wdio_ui5_key":"applicationmanagepartners-display-component---NewPartner--addressNewCostObjectCstID-vhi"}]}
RESULT: undefined
COMMAND: POST /session/11c278e322621322209dbd84d797ae8b/element - {"using":"xpath","value":"//*[@id=\"application-managepartners-display-component---NewPartner--addressNewCostObjectCstID-vhi\"]"}
RESULT: {}
RESULT: {"using":"xpath","value":"//*[@id=\"application-managepartners-display-component---NewPartner--addressNewCostObjectCstID-vhi\"]"}
COMMAND: POST /session/11c278e322621322209dbd84d797ae8b/element/f.1BBDEBF70A0905171D1AD33BCA73C599.d.DE7B499EC18738A7FA849CD99D105641.e.7693/click - {}
RESULT: {}
COMMAND: GET /session/11c278e322621322209dbd84d797ae8b/screenshot - {}
RESULT: {}
RESULT: undefined
COMMAND: POST /session/11c278e322621322209dbd84d797ae8b/execute/async - {"script":"<script> [776 bytes]","args":[{"enterText":"10001013","selector":{"controlType":"sap.m.SearchField","properties":{"placeholder":"Search"},"searchOpenDialogs":true,"interaction":{"idSuffix":"I"}},"clearTextFirst":true,"interactionType":"ENTER_TEXT"}]}
RESULT: {"script":"<script> [776 bytes]","args":[{"enterText":"10001013","selector":{"controlType":"sap.m.SearchField","properties":{"placeholder":"Search"},"searchOpenDialogs":true,"interaction":{"idSuffix":"I"}},"clearTextFirst":true,"interactionType":"ENTER_TEXT"}]}
COMMAND: POST /session/11c278e322621322209dbd84d797ae8b/actions - {"actions":[{"id":"action23","type":"key","parameters":{},"actions":[{"type":"keyDown","value":"î€‡"},{"type":"pause","duration":10},{"type":"keyUp","value":"î€‡"}]}]}
RESULT: {"actions":[{"id":"action23","type":"key","parameters":{},"actions":[{"type":"keyDown","value":"î€‡"},{"type":"pause","duration":10},{"type":"keyUp","value":"î€‡"}]}]}
COMMAND: GET /session/11c278e322621322209dbd84d797ae8b/screenshot - {}
RESULT: {}
COMMAND: POST /session/11c278e322621322209dbd84d797ae8b/element - {"using":"xpath","value":"//span[contains(text(), \"General Management\")]"}
RESULT: {"using":"xpath","value":"//span[contains(text(), \"General Management\")]"}
COMMAND: POST /session/11c278e322621322209dbd84d797ae8b/element/f.1BBDEBF70A0905171D1AD33BCA73C599.d.DE7B499EC18738A7FA849CD99D105641.e.7733/click - {}
RESULT: {}
COMMAND: GET /session/11c278e322621322209dbd84d797ae8b/screenshot - {}
RESULT: {}
COMMAND: POST /session/11c278e322621322209dbd84d797ae8b/element - {"using":"xpath","value":"//bdi[contains(text(), \"OK\")]"}
RESULT: {"using":"xpath","value":"//bdi[contains(text(), \"OK\")]"}
COMMAND: POST /session/11c278e322621322209dbd84d797ae8b/element/f.1BBDEBF70A0905171D1AD33BCA73C599.d.DE7B499EC18738A7FA849CD99D105641.e.7734/click - {}
RESULT: {}
COMMAND: GET /session/11c278e322621322209dbd84d797ae8b/screenshot - {}
RESULT: {}
COMMAND: POST /session/11c278e322621322209dbd84d797ae8b/element - {"using":"xpath","value":"//input[@id=\"application-managepartners-display-component---NewPartner--companyCodeComboBox-inner\"]"}
RESULT: {"using":"xpath","value":"//input[@id=\"application-managepartners-display-component---NewPartner--companyCodeComboBox-inner\"]"}
COMMAND: POST /session/11c278e322621322209dbd84d797ae8b/element/f.1BBDEBF70A0905171D1AD33BCA73C599.d.DE7B499EC18738A7FA849CD99D105641.e.7521/clear - {}
RESULT: {}
COMMAND: POST /session/11c278e322621322209dbd84d797ae8b/element/f.1BBDEBF70A0905171D1AD33BCA73C599.d.DE7B499EC18738A7FA849CD99D105641.e.7521/value - {"text":"1000"}
COMMAND: GET /session/11c278e322621322209dbd84d797ae8b/screenshot - {}
RESULT: {"text":"1000"}
COMMAND: GET /session/11c278e322621322209dbd84d797ae8b/screenshot - {}
RESULT: {}
RESULT: {}
COMMAND: POST /session/11c278e322621322209dbd84d797ae8b/element - {"using":"xpath","value":"//span[contains(text(), \"1000\")]"}
RESULT: {"using":"xpath","value":"//span[contains(text(), \"1000\")]"}
COMMAND: POST /session/11c278e322621322209dbd84d797ae8b/element/f.1BBDEBF70A0905171D1AD33BCA73C599.d.DE7B499EC18738A7FA849CD99D105641.e.7740/click - {}
RESULT: {}
COMMAND: GET /session/11c278e322621322209dbd84d797ae8b/screenshot - {}
RESULT: {}
COMMAND: POST /session/11c278e322621322209dbd84d797ae8b/execute/async - {"script":"<script> [1562 bytes]","args":[{"selector":{"id":"application-managepartners-display-component---NewPartner--btnAddTableRow-img"},"wdio_ui5_key":"applicationmanagepartners-display-component---NewPartner--btnAddTableRow-img"}]}
RESULT: {"script":"<script> [1562 bytes]","args":[{"selector":{"id":"application-managepartners-display-component---NewPartner--btnAddTableRow-img"},"wdio_ui5_key":"applicationmanagepartners-display-component---NewPartner--btnAddTableRow-img"}]}
RESULT: undefined
COMMAND: POST /session/11c278e322621322209dbd84d797ae8b/element - {"using":"xpath","value":"//*[@id=\"application-managepartners-display-component---NewPartner--btnAddTableRow-img\"]"}
RESULT: {"using":"xpath","value":"//*[@id=\"application-managepartners-display-component---NewPartner--btnAddTableRow-img\"]"}
COMMAND: POST /session/11c278e322621322209dbd84d797ae8b/element/f.1BBDEBF70A0905171D1AD33BCA73C599.d.DE7B499EC18738A7FA849CD99D105641.e.7741/click - {}
RESULT: {}
COMMAND: GET /session/11c278e322621322209dbd84d797ae8b/screenshot - {}
RESULT: {}
COMMAND: POST /session/11c278e322621322209dbd84d797ae8b/element - {"using":"xpath","value":"//input[@id=\"application-managepartners-display-component---NewPartner--assignmentYard-application-managepartners-display-component---NewPartner--assignmentsTable-0-inner\"]"}
RESULT: {"using":"xpath","value":"//input[@id=\"application-managepartners-display-component---NewPartner--assignmentYard-application-managepartners-display-component---NewPartner--assignmentsTable-0-inner\"]"}
COMMAND: POST /session/11c278e322621322209dbd84d797ae8b/element/f.1BBDEBF70A0905171D1AD33BCA73C599.d.DE7B499EC18738A7FA849CD99D105641.e.7744/clear - {}
RESULT: {}
COMMAND: POST /session/11c278e322621322209dbd84d797ae8b/element/f.1BBDEBF70A0905171D1AD33BCA73C599.d.DE7B499EC18738A7FA849CD99D105641.e.7744/value - {"text":"471"}
COMMAND: GET /session/11c278e322621322209dbd84d797ae8b/screenshot - {}
RESULT: {"text":"471"}
COMMAND: GET /session/11c278e322621322209dbd84d797ae8b/screenshot - {}
RESULT: {}
RESULT: {}
COMMAND: POST /session/11c278e322621322209dbd84d797ae8b/element - {"using":"xpath","value":"//li[.//span[text()='471']]"}
RESULT: {"using":"xpath","value":"//li[.//span[text()='471']]"}
COMMAND: POST /session/11c278e322621322209dbd84d797ae8b/element/f.1BBDEBF70A0905171D1AD33BCA73C599.d.DE7B499EC18738A7FA849CD99D105641.e.7753/click - {}
RESULT: {}
COMMAND: GET /session/11c278e322621322209dbd84d797ae8b/screenshot - {}
RESULT: {}
COMMAND: POST /session/11c278e322621322209dbd84d797ae8b/actions - {"actions":[{"id":"action24","type":"key","parameters":{},"actions":[{"type":"keyDown","value":"î€‡"},{"type":"pause","duration":10},{"type":"keyUp","value":"î€‡"}]}]}
RESULT: {"actions":[{"id":"action24","type":"key","parameters":{},"actions":[{"type":"keyDown","value":"î€‡"},{"type":"pause","duration":10},{"type":"keyUp","value":"î€‡"}]}]}
COMMAND: POST /session/11c278e322621322209dbd84d797ae8b/execute/async - {"script":"<script> [1562 bytes]","args":[{"selector":{"id":"application-managepartners-display-component---NewPartner--externalCustomerComboBox-application-managepartners-display-component---NewPartner--assignmentsTable-0-vhi"},"wdio_ui5_key":"applicationmanagepartners-display-component---NewPartner--externalCustomerComboBox-application-managepartners-display-component---NewPartner--assignmentsTable-0-vhi"}]}
COMMAND: GET /session/11c278e322621322209dbd84d797ae8b/screenshot - {}
RESULT: {"script":"<script> [1562 bytes]","args":[{"selector":{"id":"application-managepartners-display-component---NewPartner--externalCustomerComboBox-application-managepartners-display-component---NewPartner--assignmentsTable-0-vhi"},"wdio_ui5_key":"applicationmanagepartners-display-component---NewPartner--externalCustomerComboBox-application-managepartners-display-component---NewPartner--assignmentsTable-0-vhi"}]}
RESULT: undefined
COMMAND: POST /session/11c278e322621322209dbd84d797ae8b/element - {"using":"xpath","value":"//*[@id=\"application-managepartners-display-component---NewPartner--externalCustomerComboBox-application-managepartners-display-component---NewPartner--assignmentsTable-0-vhi\"]"}
RESULT: {}
RESULT: {"using":"xpath","value":"//*[@id=\"application-managepartners-display-component---NewPartner--externalCustomerComboBox-application-managepartners-display-component---NewPartner--assignmentsTable-0-vhi\"]"}
COMMAND: POST /session/11c278e322621322209dbd84d797ae8b/element/f.1BBDEBF70A0905171D1AD33BCA73C599.d.DE7B499EC18738A7FA849CD99D105641.e.7757/click - {}
RESULT: {}
RESULT: undefined
COMMAND: POST /session/11c278e322621322209dbd84d797ae8b/execute/async - {"script":"<script> [776 bytes]","args":[{"enterText":"300003","selector":{"controlType":"sap.m.SearchField","properties":{"placeholder":"Search"},"searchOpenDialogs":true,"interaction":{"idSuffix":"I"}},"clearTextFirst":true,"interactionType":"ENTER_TEXT"}]}
COMMAND: GET /session/11c278e322621322209dbd84d797ae8b/screenshot - {}
RESULT: {"script":"<script> [776 bytes]","args":[{"enterText":"300003","selector":{"controlType":"sap.m.SearchField","properties":{"placeholder":"Search"},"searchOpenDialogs":true,"interaction":{"idSuffix":"I"}},"clearTextFirst":true,"interactionType":"ENTER_TEXT"}]}
COMMAND: POST /session/11c278e322621322209dbd84d797ae8b/actions - {"actions":[{"id":"action25","type":"key","parameters":{},"actions":[{"type":"keyDown","value":"î€‡"},{"type":"pause","duration":10},{"type":"keyUp","value":"î€‡"}]}]}
RESULT: {}
RESULT: {"actions":[{"id":"action25","type":"key","parameters":{},"actions":[{"type":"keyDown","value":"î€‡"},{"type":"pause","duration":10},{"type":"keyUp","value":"î€‡"}]}]}
COMMAND: GET /session/11c278e322621322209dbd84d797ae8b/screenshot - {}
RESULT: {}
COMMAND: POST /session/11c278e322621322209dbd84d797ae8b/element - {"using":"xpath","value":"//span[contains(text(), \"300003\")]"}
RESULT: {"using":"xpath","value":"//span[contains(text(), \"300003\")]"}
COMMAND: POST /session/11c278e322621322209dbd84d797ae8b/element/f.1BBDEBF70A0905171D1AD33BCA73C599.d.DE7B499EC18738A7FA849CD99D105641.e.7774/click - {}
RESULT: {}
COMMAND: GET /session/11c278e322621322209dbd84d797ae8b/screenshot - {}
RESULT: {}
COMMAND: POST /session/11c278e322621322209dbd84d797ae8b/element - {"using":"xpath","value":"//bdi[contains(text(), \"OK\")]"}
RESULT: {"using":"xpath","value":"//bdi[contains(text(), \"OK\")]"}
COMMAND: POST /session/11c278e322621322209dbd84d797ae8b/element/f.1BBDEBF70A0905171D1AD33BCA73C599.d.DE7B499EC18738A7FA849CD99D105641.e.7776/click - {}
RESULT: {}
COMMAND: GET /session/11c278e322621322209dbd84d797ae8b/screenshot - {}
RESULT: {}
COMMAND: POST /session/11c278e322621322209dbd84d797ae8b/execute/async - {"script":"<script> [1562 bytes]","args":[{"selector":{"id":"application-managepartners-display-component---NewPartner--intercompVendorComboBox-application-managepartners-display-component---NewPartner--assignmentsTable-0-vhi"},"wdio_ui5_key":"applicationmanagepartners-display-component---NewPartner--intercompVendorComboBox-application-managepartners-display-component---NewPartner--assignmentsTable-0-vhi"}]}
RESULT: {"script":"<script> [1562 bytes]","args":[{"selector":{"id":"application-managepartners-display-component---NewPartner--intercompVendorComboBox-application-managepartners-display-component---NewPartner--assignmentsTable-0-vhi"},"wdio_ui5_key":"applicationmanagepartners-display-component---NewPartner--intercompVendorComboBox-application-managepartners-display-component---NewPartner--assignmentsTable-0-vhi"}]}
RESULT: undefined
COMMAND: POST /session/11c278e322621322209dbd84d797ae8b/element - {"using":"xpath","value":"//*[@id=\"application-managepartners-display-component---NewPartner--intercompVendorComboBox-application-managepartners-display-component---NewPartner--assignmentsTable-0-vhi\"]"}
RESULT: {"using":"xpath","value":"//*[@id=\"application-managepartners-display-component---NewPartner--intercompVendorComboBox-application-managepartners-display-component---NewPartner--assignmentsTable-0-vhi\"]"}
COMMAND: POST /session/11c278e322621322209dbd84d797ae8b/element/f.1BBDEBF70A0905171D1AD33BCA73C599.d.DE7B499EC18738A7FA849CD99D105641.e.7779/click - {}
RESULT: {}
RESULT: undefined
COMMAND: POST /session/11c278e322621322209dbd84d797ae8b/execute/async - {"script":"<script> [776 bytes]","args":[{"enterText":"100005","selector":{"controlType":"sap.m.SearchField","properties":{"placeholder":"Search"},"searchOpenDialogs":true,"interaction":{"idSuffix":"I"}},"clearTextFirst":true,"interactionType":"ENTER_TEXT"}]}
COMMAND: GET /session/11c278e322621322209dbd84d797ae8b/screenshot - {}
RESULT: {"script":"<script> [776 bytes]","args":[{"enterText":"100005","selector":{"controlType":"sap.m.SearchField","properties":{"placeholder":"Search"},"searchOpenDialogs":true,"interaction":{"idSuffix":"I"}},"clearTextFirst":true,"interactionType":"ENTER_TEXT"}]}
COMMAND: POST /session/11c278e322621322209dbd84d797ae8b/actions - {"actions":[{"id":"action26","type":"key","parameters":{},"actions":[{"type":"keyDown","value":"î€‡"},{"type":"pause","duration":10},{"type":"keyUp","value":"î€‡"}]}]}
RESULT: {}
RESULT: {"actions":[{"id":"action26","type":"key","parameters":{},"actions":[{"type":"keyDown","value":"î€‡"},{"type":"pause","duration":10},{"type":"keyUp","value":"î€‡"}]}]}
COMMAND: GET /session/11c278e322621322209dbd84d797ae8b/screenshot - {}
RESULT: {}
COMMAND: POST /session/11c278e322621322209dbd84d797ae8b/element - {"using":"xpath","value":"//span[contains(text(), \"Penguins - Field/12345 Berlin\")]"}
RESULT: {"using":"xpath","value":"//span[contains(text(), \"Penguins - Field/12345 Berlin\")]"}
COMMAND: POST /session/11c278e322621322209dbd84d797ae8b/element/f.1BBDEBF70A0905171D1AD33BCA73C599.d.DE7B499EC18738A7FA849CD99D105641.e.7797/click - {}
RESULT: {}
COMMAND: GET /session/11c278e322621322209dbd84d797ae8b/screenshot - {}
RESULT: {}
COMMAND: POST /session/11c278e322621322209dbd84d797ae8b/element - {"using":"xpath","value":"//bdi[contains(text(), \"OK\")]"}
RESULT: {"using":"xpath","value":"//bdi[contains(text(), \"OK\")]"}
COMMAND: POST /session/11c278e322621322209dbd84d797ae8b/element/f.1BBDEBF70A0905171D1AD33BCA73C599.d.DE7B499EC18738A7FA849CD99D105641.e.7798/click - {}
RESULT: {}
COMMAND: GET /session/11c278e322621322209dbd84d797ae8b/screenshot - {}
RESULT: {}
COMMAND: POST /session/11c278e322621322209dbd84d797ae8b/element - {"using":"xpath","value":"//button[@data-kt=\"saveButton\"]"}
RESULT: {"using":"xpath","value":"//button[@data-kt=\"saveButton\"]"}
COMMAND: POST /session/11c278e322621322209dbd84d797ae8b/element/f.1BBDEBF70A0905171D1AD33BCA73C599.d.DE7B499EC18738A7FA849CD99D105641.e.7603/click - {}
RESULT: {}
COMMAND: GET /session/11c278e322621322209dbd84d797ae8b/screenshot - {}
RESULT: {}
COMMAND: POST /session/11c278e322621322209dbd84d797ae8b/element - {"using":"xpath","value":"//header[contains(@id, 'ObjectPageLayout-headerTitle')]/div[1]/div[2]/div[2]/span[1]"}
RESULT: {"using":"xpath","value":"//header[contains(@id, 'ObjectPageLayout-headerTitle')]/div[1]/div[2]/div[2]/span[1]"}
COMMAND: POST /session/11c278e322621322209dbd84d797ae8b/elements - {"using":"xpath","value":"//header[contains(@id, 'ObjectPageLayout-headerTitle')]/div[1]/div[2]/div[2]/span[1]"}
RESULT: {"using":"xpath","value":"//header[contains(@id, 'ObjectPageLayout-headerTitle')]/div[1]/div[2]/div[2]/span[1]"}
COMMAND: POST /session/11c278e322621322209dbd84d797ae8b/execute/sync - {"script":"<script> [56 bytes]","args":[{"element-6066-11e4-a52e-4f735466cecf":"f.1BBDEBF70A0905171D1AD33BCA73C599.d.DE7B499EC18738A7FA849CD99D105641.e.7962","ELEMENT":"f.1BBDEBF70A0905171D1AD33BCA73C599.d.DE7B499EC18738A7FA849CD99D105641.e.7962"}]}
RESULT: {"script":"<script> [56 bytes]","args":[{"element-6066-11e4-a52e-4f735466cecf":"f.1BBDEBF70A0905171D1AD33BCA73C599.d.DE7B499EC18738A7FA849CD99D105641.e.7962","ELEMENT":"f.1BBDEBF70A0905171D1AD33BCA73C599.d.DE7B499EC18738A7FA849CD99D105641.e.7962"}]}
COMMAND: POST /session/11c278e322621322209dbd84d797ae8b/element - {"using":"css selector","value":"#shell-header-logo"}
COMMAND: GET /session/11c278e322621322209dbd84d797ae8b/screenshot - {}
RESULT: {"using":"css selector","value":"#shell-header-logo"}
COMMAND: POST /session/11c278e322621322209dbd84d797ae8b/element/f.1BBDEBF70A0905171D1AD33BCA73C599.d.DE7B499EC18738A7FA849CD99D105641.e.7177/click - {}
RESULT: {}
RESULT: {}
COMMAND: GET /session/11c278e322621322209dbd84d797ae8b/screenshot - {}
RESULT: {}
COMMAND: POST /session/11c278e322621322209dbd84d797ae8b/execute/sync - {"script":"<script> [299 bytes]","args":[["getModel","getResource"]]}
RESULT: {"script":"<script> [299 bytes]","args":[["getModel","getResource"]]}
COMMAND: GET /session/11c278e322621322209dbd84d797ae8b/screenshot - {}
]]></system-out>
    </testcase>
    <testcase classname="chrome.135_0_7049_96.windows.Billing_Transfer_-_Intracompany_US127249" name="Should create a new site" time="141.306">
      <system-out><![CDATA[
COMMAND: POST /session/11c278e322621322209dbd84d797ae8b/execute/async - {"script":"<script> [1562 bytes]","args":[{"selector":{"controlType":"sap.m.TileContent","bindingPath":{"path":"","propertyPath":"/properties/info"},"ancestor":{"controlType":"sap.m.GenericTile","properties":{"header":"Manage Sites"}}},"wdio_ui5_key":"sapm.TileContent{\"path\":\"\",\"propertyPath\":\"/properties/info\"}{\"controlType\":\"sap.m.GenericTile\",\"properties\":{\"header\":\"Manage Sites\"}}"}]}
RESULT: {}
RESULT: {"script":"<script> [1562 bytes]","args":[{"selector":{"controlType":"sap.m.TileContent","bindingPath":{"path":"","propertyPath":"/properties/info"},"ancestor":{"controlType":"sap.m.GenericTile","properties":{"header":"Manage Sites"}}},"wdio_ui5_key":"sapm.TileContent{\"path\":\"\",\"propertyPath\":\"/properties/info\"}{\"controlType\":\"sap.m.GenericTile\",\"properties\":{\"header\":\"Manage Sites\"}}"}]}
RESULT: undefined
COMMAND: POST /session/11c278e322621322209dbd84d797ae8b/element - {"using":"xpath","value":"//*[@id=\"__xmlview7--numericTileContent\"]"}
RESULT: {"using":"xpath","value":"//*[@id=\"__xmlview7--numericTileContent\"]"}
COMMAND: POST /session/11c278e322621322209dbd84d797ae8b/element/f.1BBDEBF70A0905171D1AD33BCA73C599.d.DE7B499EC18738A7FA849CD99D105641.e.7964/click - {}
RESULT: {}
COMMAND: POST /session/11c278e322621322209dbd84d797ae8b/element - {"using":"xpath","value":"//button[@data-kt=\"addOverflowToolbarButton\"]"}
COMMAND: GET /session/11c278e322621322209dbd84d797ae8b/screenshot - {}
RESULT: {"using":"xpath","value":"//button[@data-kt=\"addOverflowToolbarButton\"]"}
COMMAND: POST /session/11c278e322621322209dbd84d797ae8b/elements - {"using":"xpath","value":"//button[@data-kt=\"addOverflowToolbarButton\"]"}
RESULT: {}
RESULT: {"using":"xpath","value":"//button[@data-kt=\"addOverflowToolbarButton\"]"}
COMMAND: POST /session/11c278e322621322209dbd84d797ae8b/elements - {"using":"xpath","value":"//button[@data-kt=\"addOverflowToolbarButton\"]"}
RESULT: {"using":"xpath","value":"//button[@data-kt=\"addOverflowToolbarButton\"]"}
COMMAND: POST /session/11c278e322621322209dbd84d797ae8b/element - {"using":"xpath","value":"//button[@data-kt=\"addOverflowToolbarButton\"]"}
RESULT: {"using":"xpath","value":"//button[@data-kt=\"addOverflowToolbarButton\"]"}
COMMAND: POST /session/11c278e322621322209dbd84d797ae8b/execute/sync - {"script":"<script> [8489 bytes]","args":[{"element-6066-11e4-a52e-4f735466cecf":"f.1BBDEBF70A0905171D1AD33BCA73C599.d.DE7B499EC18738A7FA849CD99D105641.e.8004","ELEMENT":"f.1BBDEBF70A0905171D1AD33BCA73C599.d.DE7B499EC18738A7FA849CD99D105641.e.8004"}]}
RESULT: {"script":"<script> [8489 bytes]","args":[{"element-6066-11e4-a52e-4f735466cecf":"f.1BBDEBF70A0905171D1AD33BCA73C599.d.DE7B499EC18738A7FA849CD99D105641.e.8004","ELEMENT":"f.1BBDEBF70A0905171D1AD33BCA73C599.d.DE7B499EC18738A7FA849CD99D105641.e.8004"}]}
COMMAND: GET /session/11c278e322621322209dbd84d797ae8b/element/f.1BBDEBF70A0905171D1AD33BCA73C599.d.DE7B499EC18738A7FA849CD99D105641.e.8004/enabled - {}
COMMAND: GET /session/11c278e322621322209dbd84d797ae8b/screenshot - {}
RESULT: {}
COMMAND: POST /session/11c278e322621322209dbd84d797ae8b/execute/sync - {"script":"<script> [8489 bytes]","args":[{"element-6066-11e4-a52e-4f735466cecf":"f.1BBDEBF70A0905171D1AD33BCA73C599.d.DE7B499EC18738A7FA849CD99D105641.e.8004","ELEMENT":"f.1BBDEBF70A0905171D1AD33BCA73C599.d.DE7B499EC18738A7FA849CD99D105641.e.8004"}]}
COMMAND: GET /session/11c278e322621322209dbd84d797ae8b/screenshot - {}
RESULT: {}
RESULT: {"script":"<script> [8489 bytes]","args":[{"element-6066-11e4-a52e-4f735466cecf":"f.1BBDEBF70A0905171D1AD33BCA73C599.d.DE7B499EC18738A7FA849CD99D105641.e.8004","ELEMENT":"f.1BBDEBF70A0905171D1AD33BCA73C599.d.DE7B499EC18738A7FA849CD99D105641.e.8004"}]}
COMMAND: POST /session/11c278e322621322209dbd84d797ae8b/execute/sync - {"script":"<script> [5351 bytes]","args":[{"element-6066-11e4-a52e-4f735466cecf":"f.1BBDEBF70A0905171D1AD33BCA73C599.d.DE7B499EC18738A7FA849CD99D105641.e.8004","ELEMENT":"f.1BBDEBF70A0905171D1AD33BCA73C599.d.DE7B499EC18738A7FA849CD99D105641.e.8004"}]}
COMMAND: GET /session/11c278e322621322209dbd84d797ae8b/screenshot - {}
RESULT: {}
RESULT: {"script":"<script> [5351 bytes]","args":[{"element-6066-11e4-a52e-4f735466cecf":"f.1BBDEBF70A0905171D1AD33BCA73C599.d.DE7B499EC18738A7FA849CD99D105641.e.8004","ELEMENT":"f.1BBDEBF70A0905171D1AD33BCA73C599.d.DE7B499EC18738A7FA849CD99D105641.e.8004"}]}
COMMAND: POST /session/11c278e322621322209dbd84d797ae8b/element/f.1BBDEBF70A0905171D1AD33BCA73C599.d.DE7B499EC18738A7FA849CD99D105641.e.8004/click - {}
COMMAND: GET /session/11c278e322621322209dbd84d797ae8b/screenshot - {}
RESULT: {}
RESULT: {}
COMMAND: GET /session/11c278e322621322209dbd84d797ae8b/screenshot - {}
COMMAND: POST /session/11c278e322621322209dbd84d797ae8b/execute/async - {"script":"<script> [1562 bytes]","args":[{"selector":{"id":"application-managesites-display-component---NewSite--addressDetailDetailsName1","interaction":{"idSuffix":"inner"}},"wdio_ui5_key":"applicationmanagesites-display-component---NewSite--addressDetailDetailsName1"}]}
RESULT: {}
RESULT: {}
RESULT: {"script":"<script> [1562 bytes]","args":[{"selector":{"id":"application-managesites-display-component---NewSite--addressDetailDetailsName1","interaction":{"idSuffix":"inner"}},"wdio_ui5_key":"applicationmanagesites-display-component---NewSite--addressDetailDetailsName1"}]}
RESULT: undefined
COMMAND: POST /session/11c278e322621322209dbd84d797ae8b/execute/async - {"script":"<script> [776 bytes]","args":[{"enterText":"Intracompany Site wdIO","selector":{"id":"application-managesites-display-component---NewSite--addressDetailDetailsName1","interaction":{"idSuffix":"inner"}},"clearTextFirst":true,"interactionType":"ENTER_TEXT"}]}
RESULT: {"script":"<script> [776 bytes]","args":[{"enterText":"Intracompany Site wdIO","selector":{"id":"application-managesites-display-component---NewSite--addressDetailDetailsName1","interaction":{"idSuffix":"inner"}},"clearTextFirst":true,"interactionType":"ENTER_TEXT"}]}
COMMAND: POST /session/11c278e322621322209dbd84d797ae8b/execute/async - {"script":"<script> [1562 bytes]","args":[{"selector":{"id":"application-managesites-display-component---NewSite--addressDetailDetailsLanguage-arrow"},"wdio_ui5_key":"applicationmanagesites-display-component---NewSite--addressDetailDetailsLanguage-arrow"}]}
RESULT: {"script":"<script> [1562 bytes]","args":[{"selector":{"id":"application-managesites-display-component---NewSite--addressDetailDetailsLanguage-arrow"},"wdio_ui5_key":"applicationmanagesites-display-component---NewSite--addressDetailDetailsLanguage-arrow"}]}
RESULT: undefined
COMMAND: POST /session/11c278e322621322209dbd84d797ae8b/element - {"using":"xpath","value":"//*[@id=\"application-managesites-display-component---NewSite--addressDetailDetailsLanguage-arrow\"]"}
RESULT: {"using":"xpath","value":"//*[@id=\"application-managesites-display-component---NewSite--addressDetailDetailsLanguage-arrow\"]"}
COMMAND: POST /session/11c278e322621322209dbd84d797ae8b/element/f.1BBDEBF70A0905171D1AD33BCA73C599.d.DE7B499EC18738A7FA849CD99D105641.e.8640/click - {}
RESULT: {}
COMMAND: POST /session/11c278e322621322209dbd84d797ae8b/element - {"using":"xpath","value":"//span[contains(text(), \"English\")]"}
COMMAND: GET /session/11c278e322621322209dbd84d797ae8b/screenshot - {}
RESULT: {"using":"xpath","value":"//span[contains(text(), \"English\")]"}
COMMAND: POST /session/11c278e322621322209dbd84d797ae8b/element/f.1BBDEBF70A0905171D1AD33BCA73C599.d.DE7B499EC18738A7FA849CD99D105641.e.8641/click - {}
RESULT: {}
RESULT: {}
COMMAND: POST /session/11c278e322621322209dbd84d797ae8b/execute/async - {"script":"<script> [1562 bytes]","args":[{"selector":{"id":"application-managesites-display-component---NewSite--addressDetailDetailsCity1","interaction":{"idSuffix":"inner"}},"wdio_ui5_key":"applicationmanagesites-display-component---NewSite--addressDetailDetailsCity1"}]}
COMMAND: GET /session/11c278e322621322209dbd84d797ae8b/screenshot - {}
RESULT: {"script":"<script> [1562 bytes]","args":[{"selector":{"id":"application-managesites-display-component---NewSite--addressDetailDetailsCity1","interaction":{"idSuffix":"inner"}},"wdio_ui5_key":"applicationmanagesites-display-component---NewSite--addressDetailDetailsCity1"}]}
RESULT: undefined
COMMAND: POST /session/11c278e322621322209dbd84d797ae8b/execute/async - {"script":"<script> [776 bytes]","args":[{"enterText":"Rosario","selector":{"id":"application-managesites-display-component---NewSite--addressDetailDetailsCity1","interaction":{"idSuffix":"inner"}},"clearTextFirst":true,"interactionType":"ENTER_TEXT"}]}
RESULT: {}
RESULT: {"script":"<script> [776 bytes]","args":[{"enterText":"Rosario","selector":{"id":"application-managesites-display-component---NewSite--addressDetailDetailsCity1","interaction":{"idSuffix":"inner"}},"clearTextFirst":true,"interactionType":"ENTER_TEXT"}]}
COMMAND: POST /session/11c278e322621322209dbd84d797ae8b/execute/async - {"script":"<script> [1562 bytes]","args":[{"selector":{"id":"application-managesites-display-component---NewSite--addressDetailDetailsCountry-arrow"},"wdio_ui5_key":"applicationmanagesites-display-component---NewSite--addressDetailDetailsCountry-arrow"}]}
RESULT: {"script":"<script> [1562 bytes]","args":[{"selector":{"id":"application-managesites-display-component---NewSite--addressDetailDetailsCountry-arrow"},"wdio_ui5_key":"applicationmanagesites-display-component---NewSite--addressDetailDetailsCountry-arrow"}]}
RESULT: undefined
COMMAND: POST /session/11c278e322621322209dbd84d797ae8b/element - {"using":"xpath","value":"//*[@id=\"application-managesites-display-component---NewSite--addressDetailDetailsCountry-arrow\"]"}
RESULT: {"using":"xpath","value":"//*[@id=\"application-managesites-display-component---NewSite--addressDetailDetailsCountry-arrow\"]"}
COMMAND: POST /session/11c278e322621322209dbd84d797ae8b/element/f.1BBDEBF70A0905171D1AD33BCA73C599.d.DE7B499EC18738A7FA849CD99D105641.e.8643/click - {}
RESULT: {}
COMMAND: POST /session/11c278e322621322209dbd84d797ae8b/element - {"using":"xpath","value":"//span[contains(text(), \"Argentina\")]"}
COMMAND: GET /session/11c278e322621322209dbd84d797ae8b/screenshot - {}
RESULT: {"using":"xpath","value":"//span[contains(text(), \"Argentina\")]"}
COMMAND: POST /session/11c278e322621322209dbd84d797ae8b/element/f.1BBDEBF70A0905171D1AD33BCA73C599.d.DE7B499EC18738A7FA849CD99D105641.e.8644/click - {}
RESULT: {}
RESULT: {}
COMMAND: GET /session/11c278e322621322209dbd84d797ae8b/screenshot - {}
RESULT: {}
COMMAND: POST /session/11c278e322621322209dbd84d797ae8b/execute/async - {"script":"<script> [1562 bytes]","args":[{"selector":{"id":"application-managesites-display-component---NewSite--addressEditDetailsCostObjectCstType-arrow"},"wdio_ui5_key":"applicationmanagesites-display-component---NewSite--addressEditDetailsCostObjectCstType-arrow"}]}
RESULT: {"script":"<script> [1562 bytes]","args":[{"selector":{"id":"application-managesites-display-component---NewSite--addressEditDetailsCostObjectCstType-arrow"},"wdio_ui5_key":"applicationmanagesites-display-component---NewSite--addressEditDetailsCostObjectCstType-arrow"}]}
RESULT: undefined
COMMAND: POST /session/11c278e322621322209dbd84d797ae8b/element - {"using":"xpath","value":"//*[@id=\"application-managesites-display-component---NewSite--addressEditDetailsCostObjectCstType-arrow\"]"}
RESULT: {"using":"xpath","value":"//*[@id=\"application-managesites-display-component---NewSite--addressEditDetailsCostObjectCstType-arrow\"]"}
COMMAND: POST /session/11c278e322621322209dbd84d797ae8b/element/f.1BBDEBF70A0905171D1AD33BCA73C599.d.DE7B499EC18738A7FA849CD99D105641.e.8646/click - {}
RESULT: {}
COMMAND: POST /session/11c278e322621322209dbd84d797ae8b/element - {"using":"xpath","value":"//span[contains(text(), \"Cost Center\")]"}
COMMAND: GET /session/11c278e322621322209dbd84d797ae8b/screenshot - {}
RESULT: {"using":"xpath","value":"//span[contains(text(), \"Cost Center\")]"}
COMMAND: POST /session/11c278e322621322209dbd84d797ae8b/element/f.1BBDEBF70A0905171D1AD33BCA73C599.d.DE7B499EC18738A7FA849CD99D105641.e.8647/click - {}
RESULT: {}
RESULT: {}
COMMAND: GET /session/11c278e322621322209dbd84d797ae8b/screenshot - {}
RESULT: {}
COMMAND: POST /session/11c278e322621322209dbd84d797ae8b/element - {"using":"xpath","value":"//span[@id=\"application-managesites-display-component---NewSite--addressNewCostObjectCstID-vhi\"]"}
RESULT: {"using":"xpath","value":"//span[@id=\"application-managesites-display-component---NewSite--addressNewCostObjectCstID-vhi\"]"}
COMMAND: POST /session/11c278e322621322209dbd84d797ae8b/execute/sync - {"script":"<script> [8489 bytes]","args":[{"element-6066-11e4-a52e-4f735466cecf":"f.1BBDEBF70A0905171D1AD33BCA73C599.d.DE7B499EC18738A7FA849CD99D105641.e.8651","ELEMENT":"f.1BBDEBF70A0905171D1AD33BCA73C599.d.DE7B499EC18738A7FA849CD99D105641.e.8651"}]}
RESULT: {"script":"<script> [8489 bytes]","args":[{"element-6066-11e4-a52e-4f735466cecf":"f.1BBDEBF70A0905171D1AD33BCA73C599.d.DE7B499EC18738A7FA849CD99D105641.e.8651","ELEMENT":"f.1BBDEBF70A0905171D1AD33BCA73C599.d.DE7B499EC18738A7FA849CD99D105641.e.8651"}]}
COMMAND: POST /session/11c278e322621322209dbd84d797ae8b/execute/async - {"script":"<script> [1562 bytes]","args":[{"selector":{"id":"application-managesites-display-component---NewSite--addressNewCostObjectCstID-vhi"},"wdio_ui5_key":"applicationmanagesites-display-component---NewSite--addressNewCostObjectCstID-vhi"}]}
COMMAND: GET /session/11c278e322621322209dbd84d797ae8b/screenshot - {}
RESULT: {"script":"<script> [1562 bytes]","args":[{"selector":{"id":"application-managesites-display-component---NewSite--addressNewCostObjectCstID-vhi"},"wdio_ui5_key":"applicationmanagesites-display-component---NewSite--addressNewCostObjectCstID-vhi"}]}
RESULT: undefined
COMMAND: POST /session/11c278e322621322209dbd84d797ae8b/element - {"using":"xpath","value":"//*[@id=\"application-managesites-display-component---NewSite--addressNewCostObjectCstID-vhi\"]"}
RESULT: {}
RESULT: {"using":"xpath","value":"//*[@id=\"application-managesites-display-component---NewSite--addressNewCostObjectCstID-vhi\"]"}
COMMAND: POST /session/11c278e322621322209dbd84d797ae8b/element/f.1BBDEBF70A0905171D1AD33BCA73C599.d.DE7B499EC18738A7FA849CD99D105641.e.8651/click - {}
RESULT: {}
COMMAND: GET /session/11c278e322621322209dbd84d797ae8b/screenshot - {}
RESULT: {}
RESULT: undefined
COMMAND: POST /session/11c278e322621322209dbd84d797ae8b/execute/async - {"script":"<script> [776 bytes]","args":[{"enterText":"10001013","selector":{"controlType":"sap.m.SearchField","properties":{"placeholder":"Search"},"searchOpenDialogs":true,"interaction":{"idSuffix":"I"}},"clearTextFirst":true,"interactionType":"ENTER_TEXT"}]}
RESULT: {"script":"<script> [776 bytes]","args":[{"enterText":"10001013","selector":{"controlType":"sap.m.SearchField","properties":{"placeholder":"Search"},"searchOpenDialogs":true,"interaction":{"idSuffix":"I"}},"clearTextFirst":true,"interactionType":"ENTER_TEXT"}]}
COMMAND: POST /session/11c278e322621322209dbd84d797ae8b/actions - {"actions":[{"id":"action27","type":"key","parameters":{},"actions":[{"type":"keyDown","value":"î€‡"},{"type":"pause","duration":10},{"type":"keyUp","value":"î€‡"}]}]}
RESULT: {"actions":[{"id":"action27","type":"key","parameters":{},"actions":[{"type":"keyDown","value":"î€‡"},{"type":"pause","duration":10},{"type":"keyUp","value":"î€‡"}]}]}
COMMAND: GET /session/11c278e322621322209dbd84d797ae8b/screenshot - {}
RESULT: {}
COMMAND: POST /session/11c278e322621322209dbd84d797ae8b/element - {"using":"xpath","value":"//span[contains(text(), \"General Management\")]"}
RESULT: {"using":"xpath","value":"//span[contains(text(), \"General Management\")]"}
COMMAND: POST /session/11c278e322621322209dbd84d797ae8b/element/f.1BBDEBF70A0905171D1AD33BCA73C599.d.DE7B499EC18738A7FA849CD99D105641.e.8690/click - {}
RESULT: {}
COMMAND: GET /session/11c278e322621322209dbd84d797ae8b/screenshot - {}
RESULT: {}
COMMAND: POST /session/11c278e322621322209dbd84d797ae8b/element - {"using":"xpath","value":"//bdi[contains(text(), \"OK\")]"}
RESULT: {"using":"xpath","value":"//bdi[contains(text(), \"OK\")]"}
COMMAND: POST /session/11c278e322621322209dbd84d797ae8b/element/f.1BBDEBF70A0905171D1AD33BCA73C599.d.DE7B499EC18738A7FA849CD99D105641.e.8691/click - {}
RESULT: {}
COMMAND: GET /session/11c278e322621322209dbd84d797ae8b/screenshot - {}
RESULT: {}
COMMAND: POST /session/11c278e322621322209dbd84d797ae8b/element - {"using":"xpath","value":"//input[@id=\"application-managesites-display-component---NewSite--addressDetailDetailsCalendar-inner\"]"}
RESULT: {"using":"xpath","value":"//input[@id=\"application-managesites-display-component---NewSite--addressDetailDetailsCalendar-inner\"]"}
COMMAND: POST /session/11c278e322621322209dbd84d797ae8b/element/f.1BBDEBF70A0905171D1AD33BCA73C599.d.DE7B499EC18738A7FA849CD99D105641.e.8438/clear - {}
RESULT: {}
COMMAND: POST /session/11c278e322621322209dbd84d797ae8b/element/f.1BBDEBF70A0905171D1AD33BCA73C599.d.DE7B499EC18738A7FA849CD99D105641.e.8438/value - {"text":"Unit"}
COMMAND: GET /session/11c278e322621322209dbd84d797ae8b/screenshot - {}
RESULT: {"text":"Unit"}
COMMAND: GET /session/11c278e322621322209dbd84d797ae8b/screenshot - {}
RESULT: {}
RESULT: {}
COMMAND: POST /session/11c278e322621322209dbd84d797ae8b/actions - {"actions":[{"id":"action28","type":"key","parameters":{},"actions":[{"type":"keyDown","value":"î€‡"},{"type":"pause","duration":10},{"type":"keyUp","value":"î€‡"}]}]}
RESULT: {"actions":[{"id":"action28","type":"key","parameters":{},"actions":[{"type":"keyDown","value":"î€‡"},{"type":"pause","duration":10},{"type":"keyUp","value":"î€‡"}]}]}
COMMAND: POST /session/11c278e322621322209dbd84d797ae8b/element - {"using":"xpath","value":"//input[@id=\"application-managesites-display-component---NewSite--addressDetailDetailsYard-inner\"]"}
COMMAND: GET /session/11c278e322621322209dbd84d797ae8b/screenshot - {}
RESULT: {"using":"xpath","value":"//input[@id=\"application-managesites-display-component---NewSite--addressDetailDetailsYard-inner\"]"}
COMMAND: POST /session/11c278e322621322209dbd84d797ae8b/element/f.1BBDEBF70A0905171D1AD33BCA73C599.d.DE7B499EC18738A7FA849CD99D105641.e.8439/clear - {}
RESULT: {}
RESULT: {}
COMMAND: POST /session/11c278e322621322209dbd84d797ae8b/element/f.1BBDEBF70A0905171D1AD33BCA73C599.d.DE7B499EC18738A7FA849CD99D105641.e.8439/value - {"text":"471"}
COMMAND: GET /session/11c278e322621322209dbd84d797ae8b/screenshot - {}
RESULT: {"text":"471"}
COMMAND: GET /session/11c278e322621322209dbd84d797ae8b/screenshot - {}
RESULT: {}
RESULT: {}
COMMAND: POST /session/11c278e322621322209dbd84d797ae8b/element - {"using":"xpath","value":"//li[.//span[text()='471']]"}
RESULT: {"using":"xpath","value":"//li[.//span[text()='471']]"}
COMMAND: POST /session/11c278e322621322209dbd84d797ae8b/element/f.1BBDEBF70A0905171D1AD33BCA73C599.d.DE7B499EC18738A7FA849CD99D105641.e.8699/click - {}
RESULT: {}
COMMAND: GET /session/11c278e322621322209dbd84d797ae8b/screenshot - {}
RESULT: {}
COMMAND: POST /session/11c278e322621322209dbd84d797ae8b/element - {"using":"xpath","value":"//input[@id=\"application-managesites-display-component---NewSite--addressDetailDetailsPartner-inner\"]"}
RESULT: {"using":"xpath","value":"//input[@id=\"application-managesites-display-component---NewSite--addressDetailDetailsPartner-inner\"]"}
COMMAND: POST /session/11c278e322621322209dbd84d797ae8b/element - {"using":"xpath","value":"//input[@id=\"application-managesites-display-component---NewSite--addressDetailDetailsPartner-inner\"]"}
RESULT: {"using":"xpath","value":"//input[@id=\"application-managesites-display-component---NewSite--addressDetailDetailsPartner-inner\"]"}
COMMAND: POST /session/11c278e322621322209dbd84d797ae8b/element - {"using":"xpath","value":"//button[@data-kt=\"saveButton\"]"}
RESULT: {"using":"xpath","value":"//button[@data-kt=\"saveButton\"]"}
COMMAND: POST /session/11c278e322621322209dbd84d797ae8b/element/f.1BBDEBF70A0905171D1AD33BCA73C599.d.DE7B499EC18738A7FA849CD99D105641.e.8633/click - {}
RESULT: {}
COMMAND: GET /session/11c278e322621322209dbd84d797ae8b/screenshot - {}
RESULT: {}
COMMAND: POST /session/11c278e322621322209dbd84d797ae8b/element - {"using":"xpath","value":"//header[contains(@id, 'ObjectPageLayout-headerTitle')]/div[1]/div[2]/div[2]/span[1]"}
RESULT: {"using":"xpath","value":"//header[contains(@id, 'ObjectPageLayout-headerTitle')]/div[1]/div[2]/div[2]/span[1]"}
COMMAND: POST /session/11c278e322621322209dbd84d797ae8b/elements - {"using":"xpath","value":"//header[contains(@id, 'ObjectPageLayout-headerTitle')]/div[1]/div[2]/div[2]/span[1]"}
RESULT: {"using":"xpath","value":"//header[contains(@id, 'ObjectPageLayout-headerTitle')]/div[1]/div[2]/div[2]/span[1]"}
COMMAND: POST /session/11c278e322621322209dbd84d797ae8b/execute/sync - {"script":"<script> [56 bytes]","args":[{"element-6066-11e4-a52e-4f735466cecf":"f.1BBDEBF70A0905171D1AD33BCA73C599.d.DE7B499EC18738A7FA849CD99D105641.e.8901","ELEMENT":"f.1BBDEBF70A0905171D1AD33BCA73C599.d.DE7B499EC18738A7FA849CD99D105641.e.8901"}]}
RESULT: {"script":"<script> [56 bytes]","args":[{"element-6066-11e4-a52e-4f735466cecf":"f.1BBDEBF70A0905171D1AD33BCA73C599.d.DE7B499EC18738A7FA849CD99D105641.e.8901","ELEMENT":"f.1BBDEBF70A0905171D1AD33BCA73C599.d.DE7B499EC18738A7FA849CD99D105641.e.8901"}]}
COMMAND: POST /session/11c278e322621322209dbd84d797ae8b/element - {"using":"css selector","value":"#shell-header-logo"}
COMMAND: GET /session/11c278e322621322209dbd84d797ae8b/screenshot - {}
RESULT: {"using":"css selector","value":"#shell-header-logo"}
COMMAND: POST /session/11c278e322621322209dbd84d797ae8b/element/f.1BBDEBF70A0905171D1AD33BCA73C599.d.DE7B499EC18738A7FA849CD99D105641.e.7968/click - {}
RESULT: {}
RESULT: {}
COMMAND: GET /session/11c278e322621322209dbd84d797ae8b/screenshot - {}
RESULT: {}
COMMAND: POST /session/11c278e322621322209dbd84d797ae8b/execute/sync - {"script":"<script> [299 bytes]","args":[["getModel","getResource"]]}
RESULT: {"script":"<script> [299 bytes]","args":[["getModel","getResource"]]}
COMMAND: POST /session/11c278e322621322209dbd84d797ae8b/element - {"using":"xpath","value":"//button[.//bdi[contains(text(), \"Close\")]]"}
COMMAND: GET /session/11c278e322621322209dbd84d797ae8b/screenshot - {}
RESULT: {"using":"xpath","value":"//button[.//bdi[contains(text(), \"Close\")]]"}
COMMAND: POST /session/11c278e322621322209dbd84d797ae8b/element/f.1BBDEBF70A0905171D1AD33BCA73C599.d.DE7B499EC18738A7FA849CD99D105641.e.8903/click - {}
RESULT: {}
RESULT: {}
COMMAND: GET /session/11c278e322621322209dbd84d797ae8b/screenshot - {}
RESULT: {}
COMMAND: POST /session/11c278e322621322209dbd84d797ae8b/refresh - {}
RESULT: {}
COMMAND: GET /session/11c278e322621322209dbd84d797ae8b/screenshot - {}
RESULT: {}
COMMAND: POST /session/11c278e322621322209dbd84d797ae8b/refresh - {}
RESULT: {}
COMMAND: GET /session/11c278e322621322209dbd84d797ae8b/screenshot - {}
RESULT: {}
COMMAND: POST /session/11c278e322621322209dbd84d797ae8b/window/fullscreen - {}
RESULT: {}
COMMAND: POST /session/11c278e322621322209dbd84d797ae8b/execute/async - {"script":"<script> [189 bytes]","args":[]}
RESULT: {"script":"<script> [189 bytes]","args":[]}
COMMAND: POST /session/11c278e322621322209dbd84d797ae8b/execute/async - {"script":"<script> [123 bytes]","args":[]}
RESULT: {"script":"<script> [123 bytes]","args":[]}
COMMAND: POST /session/11c278e322621322209dbd84d797ae8b/timeouts - {"script":"<number>"}
RESULT: {"script":"<number>"}
COMMAND: GET /session/11c278e322621322209dbd84d797ae8b/timeouts - {}
RESULT: {}
RESULT: undefined
COMMAND: POST /session/11c278e322621322209dbd84d797ae8b/execute/async - {"script":"<script> [2676 bytes]","args":[]}
RESULT: {"script":"<script> [2676 bytes]","args":[]}
COMMAND: POST /session/11c278e322621322209dbd84d797ae8b/execute/async - {"script":"<script> [2342 bytes]","args":[{"protocol":"http","hostname":"0.0.0.0","path":"/","capabilities":{"browserName":"chrome","goog:chromeOptions":{"binary":"C:\\Program Files\\Google\\Chrome\\Application\\chrome.exe","args":["--start-maximized"]}},"logLevel":"warn","connectionRetryTimeout":120000,"connectionRetryCount":3,"logLevels":{},"enableDirectConnect":true,"strictSSL":true,"_":"65 more keys: [\"cacheDir\",\"port\",\"requestedCapabilities\",\"automationProtocol\",\"baseUrl\",\"waitforInterval\",\"waitforTimeout\",\"onReload\",\"beforeCommand\",\"afterCommand\",\"rootDir\",\"specs\",\"suites\",\"exclude\",\"groupLogsByTestSpec\",\"excludeDriverLogs\",\"bail\",\"framework\",\"reporters\",\"services\",\"maxInstances\",\"maxInstancesPerCapability\",\"injectGlobals\",\"filesToWatch\",\"execArgv\",\"runnerEnv\",\"runner\",\"shard\",\"specFileRetries\",\"specFileRetriesDelay\",\"specFileRetriesDeferred\",\"reporterSyncInterval\",\"reporterSyncTimeout\",\"cucumberFeaturesWithLineNumbers\",\"autoCompileOpts\",\"mochaOpts\",\"jasmineOpts\",\"cucumberOpts\",\"onPrepare\",\"onWorkerStart\",\"onWorkerEnd\",\"before\",\"beforeSession\",\"beforeSuite\",\"beforeHook\",\"beforeTest\",\"afterTest\",\"afterHook\",\"afterSuite\",\"afterSession\",\"after\",\"onComplete\",\"beforeAssertion\",\"afterAssertion\",\"beforeFeature\",\"beforeScenario\",\"beforeStep\",\"afterStep\",\"afterScenario\",\"afterFeature\",\"_\",\"suite\",\"$0\",\"ignoredWorkerServices\",\"wdi5\"]"}]}
RESULT: {"script":"<script> [2342 bytes]","args":[{"protocol":"http","hostname":"0.0.0.0","path":"/","capabilities":{"browserName":"chrome","goog:chromeOptions":{"binary":"C:\\Program Files\\Google\\Chrome\\Application\\chrome.exe","args":["--start-maximized"]}},"logLevel":"warn","connectionRetryTimeout":120000,"connectionRetryCount":3,"logLevels":{},"enableDirectConnect":true,"strictSSL":true,"_":"65 more keys: [\"cacheDir\",\"port\",\"requestedCapabilities\",\"automationProtocol\",\"baseUrl\",\"waitforInterval\",\"waitforTimeout\",\"onReload\",\"beforeCommand\",\"afterCommand\",\"rootDir\",\"specs\",\"suites\",\"exclude\",\"groupLogsByTestSpec\",\"excludeDriverLogs\",\"bail\",\"framework\",\"reporters\",\"services\",\"maxInstances\",\"maxInstancesPerCapability\",\"injectGlobals\",\"filesToWatch\",\"execArgv\",\"runnerEnv\",\"runner\",\"shard\",\"specFileRetries\",\"specFileRetriesDelay\",\"specFileRetriesDeferred\",\"reporterSyncInterval\",\"reporterSyncTimeout\",\"cucumberFeaturesWithLineNumbers\",\"autoCompileOpts\",\"mochaOpts\",\"jasmineOpts\",\"cucumberOpts\",\"onPrepare\",\"onWorkerStart\",\"onWorkerEnd\",\"before\",\"beforeSession\",\"beforeSuite\",\"beforeHook\",\"beforeTest\",\"afterTest\",\"afterHook\",\"afterSuite\",\"afterSession\",\"after\",\"onComplete\",\"beforeAssertion\",\"afterAssertion\",\"beforeFeature\",\"beforeScenario\",\"beforeStep\",\"afterStep\",\"afterScenario\",\"afterFeature\",\"_\",\"suite\",\"$0\",\"ignoredWorkerServices\",\"wdi5\"]"}]}
COMMAND: POST /session/11c278e322621322209dbd84d797ae8b/execute/async - {"script":"<script> [21126 bytes]","args":[35000]}
RESULT: {"script":"<script> [21126 bytes]","args":[35000]}
COMMAND: POST /session/11c278e322621322209dbd84d797ae8b/window/fullscreen - {}
RESULT: {}
]]></system-out>
    </testcase>
    <testcase classname="chrome.135_0_7049_96.windows.Billing_Transfer_-_Intracompany_US127249" name="Should create a new equipment" time="125.461">
      <system-out><![CDATA[
COMMAND: POST /session/11c278e322621322209dbd84d797ae8b/execute/async - {"script":"<script> [1562 bytes]","args":[{"selector":{"controlType":"sap.m.GenericTile","properties":{"header":"Manage Resources"}},"wdio_ui5_key":"sapm.GenericTile{\"header\":\"Manage Resources\"}"}]}
RESULT: {"script":"<script> [1562 bytes]","args":[{"selector":{"controlType":"sap.m.GenericTile","properties":{"header":"Manage Resources"}},"wdio_ui5_key":"sapm.GenericTile{\"header\":\"Manage Resources\"}"}]}
RESULT: undefined
COMMAND: POST /session/11c278e322621322209dbd84d797ae8b/element - {"using":"xpath","value":"//*[@id=\"__tile31\"]"}
RESULT: {"using":"xpath","value":"//*[@id=\"__tile31\"]"}
COMMAND: POST /session/11c278e322621322209dbd84d797ae8b/element/f.1BBDEBF70A0905171D1AD33BCA73C599.d.B6DC24A96119612F01F3EAD39319B45E.e.8974/click - {}
RESULT: {}
COMMAND: POST /session/11c278e322621322209dbd84d797ae8b/element - {"using":"xpath","value":"//button[@data-kt=\"addNewRUOverflowToolbarButton\"]"}
COMMAND: GET /session/11c278e322621322209dbd84d797ae8b/screenshot - {}
RESULT: {"using":"xpath","value":"//button[@data-kt=\"addNewRUOverflowToolbarButton\"]"}
COMMAND: POST /session/11c278e322621322209dbd84d797ae8b/elements - {"using":"xpath","value":"//button[@data-kt=\"addNewRUOverflowToolbarButton\"]"}
RESULT: {}
RESULT: {"using":"xpath","value":"//button[@data-kt=\"addNewRUOverflowToolbarButton\"]"}
COMMAND: POST /session/11c278e322621322209dbd84d797ae8b/elements - {"using":"xpath","value":"//button[@data-kt=\"addNewRUOverflowToolbarButton\"]"}
RESULT: {"using":"xpath","value":"//button[@data-kt=\"addNewRUOverflowToolbarButton\"]"}
COMMAND: POST /session/11c278e322621322209dbd84d797ae8b/elements - {"using":"xpath","value":"//button[@data-kt=\"addNewRUOverflowToolbarButton\"]"}
RESULT: {"using":"xpath","value":"//button[@data-kt=\"addNewRUOverflowToolbarButton\"]"}
COMMAND: POST /session/11c278e322621322209dbd84d797ae8b/elements - {"using":"xpath","value":"//button[@data-kt=\"addNewRUOverflowToolbarButton\"]"}
RESULT: {"using":"xpath","value":"//button[@data-kt=\"addNewRUOverflowToolbarButton\"]"}
COMMAND: POST /session/11c278e322621322209dbd84d797ae8b/elements - {"using":"xpath","value":"//button[@data-kt=\"addNewRUOverflowToolbarButton\"]"}
RESULT: {"using":"xpath","value":"//button[@data-kt=\"addNewRUOverflowToolbarButton\"]"}
COMMAND: POST /session/11c278e322621322209dbd84d797ae8b/elements - {"using":"xpath","value":"//button[@data-kt=\"addNewRUOverflowToolbarButton\"]"}
RESULT: {"using":"xpath","value":"//button[@data-kt=\"addNewRUOverflowToolbarButton\"]"}
COMMAND: POST /session/11c278e322621322209dbd84d797ae8b/elements - {"using":"xpath","value":"//button[@data-kt=\"addNewRUOverflowToolbarButton\"]"}
RESULT: {"using":"xpath","value":"//button[@data-kt=\"addNewRUOverflowToolbarButton\"]"}
COMMAND: POST /session/11c278e322621322209dbd84d797ae8b/elements - {"using":"xpath","value":"//button[@data-kt=\"addNewRUOverflowToolbarButton\"]"}
RESULT: {"using":"xpath","value":"//button[@data-kt=\"addNewRUOverflowToolbarButton\"]"}
COMMAND: POST /session/11c278e322621322209dbd84d797ae8b/elements - {"using":"xpath","value":"//button[@data-kt=\"addNewRUOverflowToolbarButton\"]"}
RESULT: {"using":"xpath","value":"//button[@data-kt=\"addNewRUOverflowToolbarButton\"]"}
COMMAND: POST /session/11c278e322621322209dbd84d797ae8b/elements - {"using":"xpath","value":"//button[@data-kt=\"addNewRUOverflowToolbarButton\"]"}
RESULT: {"using":"xpath","value":"//button[@data-kt=\"addNewRUOverflowToolbarButton\"]"}
COMMAND: POST /session/11c278e322621322209dbd84d797ae8b/elements - {"using":"xpath","value":"//button[@data-kt=\"addNewRUOverflowToolbarButton\"]"}
RESULT: {"using":"xpath","value":"//button[@data-kt=\"addNewRUOverflowToolbarButton\"]"}
COMMAND: POST /session/11c278e322621322209dbd84d797ae8b/elements - {"using":"xpath","value":"//button[@data-kt=\"addNewRUOverflowToolbarButton\"]"}
RESULT: {"using":"xpath","value":"//button[@data-kt=\"addNewRUOverflowToolbarButton\"]"}
COMMAND: POST /session/11c278e322621322209dbd84d797ae8b/elements - {"using":"xpath","value":"//button[@data-kt=\"addNewRUOverflowToolbarButton\"]"}
RESULT: {"using":"xpath","value":"//button[@data-kt=\"addNewRUOverflowToolbarButton\"]"}
COMMAND: POST /session/11c278e322621322209dbd84d797ae8b/elements - {"using":"xpath","value":"//button[@data-kt=\"addNewRUOverflowToolbarButton\"]"}
RESULT: {"using":"xpath","value":"//button[@data-kt=\"addNewRUOverflowToolbarButton\"]"}
COMMAND: POST /session/11c278e322621322209dbd84d797ae8b/elements - {"using":"xpath","value":"//button[@data-kt=\"addNewRUOverflowToolbarButton\"]"}
RESULT: {"using":"xpath","value":"//button[@data-kt=\"addNewRUOverflowToolbarButton\"]"}
COMMAND: POST /session/11c278e322621322209dbd84d797ae8b/elements - {"using":"xpath","value":"//button[@data-kt=\"addNewRUOverflowToolbarButton\"]"}
RESULT: {"using":"xpath","value":"//button[@data-kt=\"addNewRUOverflowToolbarButton\"]"}
COMMAND: POST /session/11c278e322621322209dbd84d797ae8b/elements - {"using":"xpath","value":"//button[@data-kt=\"addNewRUOverflowToolbarButton\"]"}
RESULT: {"using":"xpath","value":"//button[@data-kt=\"addNewRUOverflowToolbarButton\"]"}
COMMAND: POST /session/11c278e322621322209dbd84d797ae8b/elements - {"using":"xpath","value":"//button[@data-kt=\"addNewRUOverflowToolbarButton\"]"}
RESULT: {"using":"xpath","value":"//button[@data-kt=\"addNewRUOverflowToolbarButton\"]"}
COMMAND: POST /session/11c278e322621322209dbd84d797ae8b/elements - {"using":"xpath","value":"//button[@data-kt=\"addNewRUOverflowToolbarButton\"]"}
RESULT: {"using":"xpath","value":"//button[@data-kt=\"addNewRUOverflowToolbarButton\"]"}
COMMAND: POST /session/11c278e322621322209dbd84d797ae8b/elements - {"using":"xpath","value":"//button[@data-kt=\"addNewRUOverflowToolbarButton\"]"}
RESULT: {"using":"xpath","value":"//button[@data-kt=\"addNewRUOverflowToolbarButton\"]"}
COMMAND: POST /session/11c278e322621322209dbd84d797ae8b/elements - {"using":"xpath","value":"//button[@data-kt=\"addNewRUOverflowToolbarButton\"]"}
RESULT: {"using":"xpath","value":"//button[@data-kt=\"addNewRUOverflowToolbarButton\"]"}
COMMAND: POST /session/11c278e322621322209dbd84d797ae8b/elements - {"using":"xpath","value":"//button[@data-kt=\"addNewRUOverflowToolbarButton\"]"}
RESULT: {"using":"xpath","value":"//button[@data-kt=\"addNewRUOverflowToolbarButton\"]"}
COMMAND: POST /session/11c278e322621322209dbd84d797ae8b/elements - {"using":"xpath","value":"//button[@data-kt=\"addNewRUOverflowToolbarButton\"]"}
RESULT: {"using":"xpath","value":"//button[@data-kt=\"addNewRUOverflowToolbarButton\"]"}
COMMAND: POST /session/11c278e322621322209dbd84d797ae8b/element - {"using":"xpath","value":"//button[@data-kt=\"addNewRUOverflowToolbarButton\"]"}
RESULT: {"using":"xpath","value":"//button[@data-kt=\"addNewRUOverflowToolbarButton\"]"}
COMMAND: POST /session/11c278e322621322209dbd84d797ae8b/execute/sync - {"script":"<script> [8489 bytes]","args":[{"element-6066-11e4-a52e-4f735466cecf":"f.1BBDEBF70A0905171D1AD33BCA73C599.d.B6DC24A96119612F01F3EAD39319B45E.e.9081","ELEMENT":"f.1BBDEBF70A0905171D1AD33BCA73C599.d.B6DC24A96119612F01F3EAD39319B45E.e.9081"}]}
RESULT: {"script":"<script> [8489 bytes]","args":[{"element-6066-11e4-a52e-4f735466cecf":"f.1BBDEBF70A0905171D1AD33BCA73C599.d.B6DC24A96119612F01F3EAD39319B45E.e.9081","ELEMENT":"f.1BBDEBF70A0905171D1AD33BCA73C599.d.B6DC24A96119612F01F3EAD39319B45E.e.9081"}]}
COMMAND: GET /session/11c278e322621322209dbd84d797ae8b/element/f.1BBDEBF70A0905171D1AD33BCA73C599.d.B6DC24A96119612F01F3EAD39319B45E.e.9081/enabled - {}
COMMAND: GET /session/11c278e322621322209dbd84d797ae8b/screenshot - {}
RESULT: {}
COMMAND: POST /session/11c278e322621322209dbd84d797ae8b/execute/sync - {"script":"<script> [8489 bytes]","args":[{"element-6066-11e4-a52e-4f735466cecf":"f.1BBDEBF70A0905171D1AD33BCA73C599.d.B6DC24A96119612F01F3EAD39319B45E.e.9081","ELEMENT":"f.1BBDEBF70A0905171D1AD33BCA73C599.d.B6DC24A96119612F01F3EAD39319B45E.e.9081"}]}
COMMAND: GET /session/11c278e322621322209dbd84d797ae8b/screenshot - {}
RESULT: {}
RESULT: {"script":"<script> [8489 bytes]","args":[{"element-6066-11e4-a52e-4f735466cecf":"f.1BBDEBF70A0905171D1AD33BCA73C599.d.B6DC24A96119612F01F3EAD39319B45E.e.9081","ELEMENT":"f.1BBDEBF70A0905171D1AD33BCA73C599.d.B6DC24A96119612F01F3EAD39319B45E.e.9081"}]}
COMMAND: POST /session/11c278e322621322209dbd84d797ae8b/execute/sync - {"script":"<script> [5351 bytes]","args":[{"element-6066-11e4-a52e-4f735466cecf":"f.1BBDEBF70A0905171D1AD33BCA73C599.d.B6DC24A96119612F01F3EAD39319B45E.e.9081","ELEMENT":"f.1BBDEBF70A0905171D1AD33BCA73C599.d.B6DC24A96119612F01F3EAD39319B45E.e.9081"}]}
COMMAND: GET /session/11c278e322621322209dbd84d797ae8b/screenshot - {}
RESULT: {}
RESULT: {"script":"<script> [5351 bytes]","args":[{"element-6066-11e4-a52e-4f735466cecf":"f.1BBDEBF70A0905171D1AD33BCA73C599.d.B6DC24A96119612F01F3EAD39319B45E.e.9081","ELEMENT":"f.1BBDEBF70A0905171D1AD33BCA73C599.d.B6DC24A96119612F01F3EAD39319B45E.e.9081"}]}
COMMAND: POST /session/11c278e322621322209dbd84d797ae8b/element/f.1BBDEBF70A0905171D1AD33BCA73C599.d.B6DC24A96119612F01F3EAD39319B45E.e.9081/click - {}
COMMAND: GET /session/11c278e322621322209dbd84d797ae8b/screenshot - {}
RESULT: {}
RESULT: {}
COMMAND: GET /session/11c278e322621322209dbd84d797ae8b/screenshot - {}
RESULT: {}
COMMAND: POST /session/11c278e322621322209dbd84d797ae8b/execute/async - {"script":"<script> [1562 bytes]","args":[{"selector":{"id":"application-manageresources-display-component---newResourceUnit--TYPE-arrow"},"wdio_ui5_key":"applicationmanageresources-display-component---newResourceUnit--TYPE-arrow"}]}
RESULT: {}
RESULT: {"script":"<script> [1562 bytes]","args":[{"selector":{"id":"application-manageresources-display-component---newResourceUnit--TYPE-arrow"},"wdio_ui5_key":"applicationmanageresources-display-component---newResourceUnit--TYPE-arrow"}]}
RESULT: undefined
COMMAND: POST /session/11c278e322621322209dbd84d797ae8b/element - {"using":"xpath","value":"//*[@id=\"application-manageresources-display-component---newResourceUnit--TYPE-arrow\"]"}
RESULT: {"using":"xpath","value":"//*[@id=\"application-manageresources-display-component---newResourceUnit--TYPE-arrow\"]"}
COMMAND: POST /session/11c278e322621322209dbd84d797ae8b/element/f.1BBDEBF70A0905171D1AD33BCA73C599.d.B6DC24A96119612F01F3EAD39319B45E.e.9249/click - {}
RESULT: {}
COMMAND: POST /session/11c278e322621322209dbd84d797ae8b/element - {"using":"xpath","value":"//input[@id=\"application-manageresources-display-component---newResourceUnit--TYPE-inner\"]"}
COMMAND: GET /session/11c278e322621322209dbd84d797ae8b/screenshot - {}
RESULT: {"using":"xpath","value":"//input[@id=\"application-manageresources-display-component---newResourceUnit--TYPE-inner\"]"}
COMMAND: POST /session/11c278e322621322209dbd84d797ae8b/element/f.1BBDEBF70A0905171D1AD33BCA73C599.d.B6DC24A96119612F01F3EAD39319B45E.e.9136/clear - {}
RESULT: {}
RESULT: {}
COMMAND: POST /session/11c278e322621322209dbd84d797ae8b/element/f.1BBDEBF70A0905171D1AD33BCA73C599.d.B6DC24A96119612F01F3EAD39319B45E.e.9136/value - {"text":"Equipment"}
COMMAND: GET /session/11c278e322621322209dbd84d797ae8b/screenshot - {}
RESULT: {"text":"Equipment"}
COMMAND: GET /session/11c278e322621322209dbd84d797ae8b/screenshot - {}
RESULT: {}
RESULT: {}
COMMAND: POST /session/11c278e322621322209dbd84d797ae8b/actions - {"actions":[{"id":"action29","type":"key","parameters":{},"actions":[{"type":"keyDown","value":"î€‡"},{"type":"pause","duration":10},{"type":"keyUp","value":"î€‡"}]}]}
RESULT: {"actions":[{"id":"action29","type":"key","parameters":{},"actions":[{"type":"keyDown","value":"î€‡"},{"type":"pause","duration":10},{"type":"keyUp","value":"î€‡"}]}]}
COMMAND: POST /session/11c278e322621322209dbd84d797ae8b/execute/async - {"script":"<script> [1562 bytes]","args":[{"selector":{"id":"application-manageresources-display-component---newResourceUnit--resourceId","interaction":{"idSuffix":"inner"}},"wdio_ui5_key":"applicationmanageresources-display-component---newResourceUnit--resourceId"}]}
COMMAND: GET /session/11c278e322621322209dbd84d797ae8b/screenshot - {}
RESULT: {"script":"<script> [1562 bytes]","args":[{"selector":{"id":"application-manageresources-display-component---newResourceUnit--resourceId","interaction":{"idSuffix":"inner"}},"wdio_ui5_key":"applicationmanageresources-display-component---newResourceUnit--resourceId"}]}
RESULT: undefined
COMMAND: POST /session/11c278e322621322209dbd84d797ae8b/execute/async - {"script":"<script> [776 bytes]","args":[{"enterText":"tSk5nwMrRg","selector":{"id":"application-manageresources-display-component---newResourceUnit--resourceId","interaction":{"idSuffix":"inner"}},"clearTextFirst":true,"interactionType":"ENTER_TEXT"}]}
RESULT: {}
RESULT: {"script":"<script> [776 bytes]","args":[{"enterText":"tSk5nwMrRg","selector":{"id":"application-manageresources-display-component---newResourceUnit--resourceId","interaction":{"idSuffix":"inner"}},"clearTextFirst":true,"interactionType":"ENTER_TEXT"}]}
COMMAND: POST /session/11c278e322621322209dbd84d797ae8b/execute/async - {"script":"<script> [1562 bytes]","args":[{"selector":{"id":"application-manageresources-display-component---newResourceUnit--SHORT_TEXT","interaction":{"idSuffix":"inner"}},"wdio_ui5_key":"applicationmanageresources-display-component---newResourceUnit--SHORT_TEXT"}]}
RESULT: {"script":"<script> [1562 bytes]","args":[{"selector":{"id":"application-manageresources-display-component---newResourceUnit--SHORT_TEXT","interaction":{"idSuffix":"inner"}},"wdio_ui5_key":"applicationmanageresources-display-component---newResourceUnit--SHORT_TEXT"}]}
RESULT: undefined
COMMAND: POST /session/11c278e322621322209dbd84d797ae8b/execute/async - {"script":"<script> [776 bytes]","args":[{"enterText":"Intercompany Equipment WDIO","selector":{"id":"application-manageresources-display-component---newResourceUnit--SHORT_TEXT","interaction":{"idSuffix":"inner"}},"clearTextFirst":true,"interactionType":"ENTER_TEXT"}]}
RESULT: {"script":"<script> [776 bytes]","args":[{"enterText":"Intercompany Equipment WDIO","selector":{"id":"application-manageresources-display-component---newResourceUnit--SHORT_TEXT","interaction":{"idSuffix":"inner"}},"clearTextFirst":true,"interactionType":"ENTER_TEXT"}]}
COMMAND: POST /session/11c278e322621322209dbd84d797ae8b/execute/async - {"script":"<script> [1562 bytes]","args":[{"selector":{"id":"application-manageresources-display-component---newResourceUnit--BASE_UNIT_OF_MEASURE","interaction":{"idSuffix":"inner"}},"wdio_ui5_key":"applicationmanageresources-display-component---newResourceUnit--BASE_UNIT_OF_MEASURE"}]}
RESULT: {"script":"<script> [1562 bytes]","args":[{"selector":{"id":"application-manageresources-display-component---newResourceUnit--BASE_UNIT_OF_MEASURE","interaction":{"idSuffix":"inner"}},"wdio_ui5_key":"applicationmanageresources-display-component---newResourceUnit--BASE_UNIT_OF_MEASURE"}]}
RESULT: undefined
COMMAND: POST /session/11c278e322621322209dbd84d797ae8b/execute/async - {"script":"<script> [776 bytes]","args":[{"enterText":"Piece","selector":{"id":"application-manageresources-display-component---newResourceUnit--BASE_UNIT_OF_MEASURE","interaction":{"idSuffix":"inner"}},"clearTextFirst":true,"interactionType":"ENTER_TEXT"}]}
RESULT: {"script":"<script> [776 bytes]","args":[{"enterText":"Piece","selector":{"id":"application-manageresources-display-component---newResourceUnit--BASE_UNIT_OF_MEASURE","interaction":{"idSuffix":"inner"}},"clearTextFirst":true,"interactionType":"ENTER_TEXT"}]}
COMMAND: POST /session/11c278e322621322209dbd84d797ae8b/execute/async - {"script":"<script> [1562 bytes]","args":[{"selector":{"id":"application-manageresources-display-component---newResourceUnit--WEIGHT_UNIT","interaction":{"idSuffix":"inner"}},"wdio_ui5_key":"applicationmanageresources-display-component---newResourceUnit--WEIGHT_UNIT"}]}
RESULT: {"script":"<script> [1562 bytes]","args":[{"selector":{"id":"application-manageresources-display-component---newResourceUnit--WEIGHT_UNIT","interaction":{"idSuffix":"inner"}},"wdio_ui5_key":"applicationmanageresources-display-component---newResourceUnit--WEIGHT_UNIT"}]}
RESULT: undefined
COMMAND: POST /session/11c278e322621322209dbd84d797ae8b/execute/async - {"script":"<script> [776 bytes]","args":[{"enterText":"Gram","selector":{"id":"application-manageresources-display-component---newResourceUnit--WEIGHT_UNIT","interaction":{"idSuffix":"inner"}},"clearTextFirst":true,"interactionType":"ENTER_TEXT"}]}
RESULT: {"script":"<script> [776 bytes]","args":[{"enterText":"Gram","selector":{"id":"application-manageresources-display-component---newResourceUnit--WEIGHT_UNIT","interaction":{"idSuffix":"inner"}},"clearTextFirst":true,"interactionType":"ENTER_TEXT"}]}
COMMAND: POST /session/11c278e322621322209dbd84d797ae8b/execute/async - {"script":"<script> [1562 bytes]","args":[{"selector":{"id":"application-manageresources-display-component---newResourceUnit--DIMENSION_UNIT","interaction":{"idSuffix":"inner"}},"wdio_ui5_key":"applicationmanageresources-display-component---newResourceUnit--DIMENSION_UNIT"}]}
RESULT: {"script":"<script> [1562 bytes]","args":[{"selector":{"id":"application-manageresources-display-component---newResourceUnit--DIMENSION_UNIT","interaction":{"idSuffix":"inner"}},"wdio_ui5_key":"applicationmanageresources-display-component---newResourceUnit--DIMENSION_UNIT"}]}
RESULT: undefined
COMMAND: POST /session/11c278e322621322209dbd84d797ae8b/execute/async - {"script":"<script> [776 bytes]","args":[{"enterText":"Meter","selector":{"id":"application-manageresources-display-component---newResourceUnit--DIMENSION_UNIT","interaction":{"idSuffix":"inner"}},"clearTextFirst":true,"interactionType":"ENTER_TEXT"}]}
RESULT: {"script":"<script> [776 bytes]","args":[{"enterText":"Meter","selector":{"id":"application-manageresources-display-component---newResourceUnit--DIMENSION_UNIT","interaction":{"idSuffix":"inner"}},"clearTextFirst":true,"interactionType":"ENTER_TEXT"}]}
COMMAND: POST /session/11c278e322621322209dbd84d797ae8b/execute/async - {"script":"<script> [1562 bytes]","args":[{"selector":{"id":"application-manageresources-display-component---newResourceUnit--newRRUPage-anchBar-application-manageresources-display-component---newResourceUnit--control-anchor","interaction":{"idSuffix":"BDI-content"}},"wdio_ui5_key":"applicationmanageresources-display-component---newResourceUnit--newRRUPage-anchBar-application-manageresources-display-component---newResourceUnit--control-anchor"}]}
RESULT: {"script":"<script> [1562 bytes]","args":[{"selector":{"id":"application-manageresources-display-component---newResourceUnit--newRRUPage-anchBar-application-manageresources-display-component---newResourceUnit--control-anchor","interaction":{"idSuffix":"BDI-content"}},"wdio_ui5_key":"applicationmanageresources-display-component---newResourceUnit--newRRUPage-anchBar-application-manageresources-display-component---newResourceUnit--control-anchor"}]}
RESULT: undefined
COMMAND: POST /session/11c278e322621322209dbd84d797ae8b/element - {"using":"xpath","value":"//*[@id=\"application-manageresources-display-component---newResourceUnit--newRRUPage-anchBar-application-manageresources-display-component---newResourceUnit--control-anchor\"]"}
RESULT: {"using":"xpath","value":"//*[@id=\"application-manageresources-display-component---newResourceUnit--newRRUPage-anchBar-application-manageresources-display-component---newResourceUnit--control-anchor\"]"}
COMMAND: POST /session/11c278e322621322209dbd84d797ae8b/element/f.1BBDEBF70A0905171D1AD33BCA73C599.d.B6DC24A96119612F01F3EAD39319B45E.e.9384/click - {}
RESULT: {}
COMMAND: POST /session/11c278e322621322209dbd84d797ae8b/execute/async - {"script":"<script> [1562 bytes]","args":[{"selector":{"id":"application-manageresources-display-component---newResourceUnit--PLANNING_GROUP","interaction":{"idSuffix":"inner"}},"wdio_ui5_key":"applicationmanageresources-display-component---newResourceUnit--PLANNING_GROUP"}]}
COMMAND: GET /session/11c278e322621322209dbd84d797ae8b/screenshot - {}
RESULT: {"script":"<script> [1562 bytes]","args":[{"selector":{"id":"application-manageresources-display-component---newResourceUnit--PLANNING_GROUP","interaction":{"idSuffix":"inner"}},"wdio_ui5_key":"applicationmanageresources-display-component---newResourceUnit--PLANNING_GROUP"}]}
RESULT: undefined
COMMAND: POST /session/11c278e322621322209dbd84d797ae8b/execute/async - {"script":"<script> [776 bytes]","args":[{"enterText":"Heavy Equi","selector":{"id":"application-manageresources-display-component---newResourceUnit--PLANNING_GROUP","interaction":{"idSuffix":"inner"}},"clearTextFirst":true,"interactionType":"ENTER_TEXT"}]}
RESULT: {}
RESULT: {"script":"<script> [776 bytes]","args":[{"enterText":"Heavy Equi","selector":{"id":"application-manageresources-display-component---newResourceUnit--PLANNING_GROUP","interaction":{"idSuffix":"inner"}},"clearTextFirst":true,"interactionType":"ENTER_TEXT"}]}
COMMAND: POST /session/11c278e322621322209dbd84d797ae8b/execute/async - {"script":"<script> [1562 bytes]","args":[{"selector":{"id":"application-manageresources-display-component---newResourceUnit--ITEM_TYPE-arrow"},"wdio_ui5_key":"applicationmanageresources-display-component---newResourceUnit--ITEM_TYPE-arrow"}]}
RESULT: {"script":"<script> [1562 bytes]","args":[{"selector":{"id":"application-manageresources-display-component---newResourceUnit--ITEM_TYPE-arrow"},"wdio_ui5_key":"applicationmanageresources-display-component---newResourceUnit--ITEM_TYPE-arrow"}]}
RESULT: undefined
COMMAND: POST /session/11c278e322621322209dbd84d797ae8b/element - {"using":"xpath","value":"//*[@id=\"application-manageresources-display-component---newResourceUnit--ITEM_TYPE-arrow\"]"}
RESULT: {"using":"xpath","value":"//*[@id=\"application-manageresources-display-component---newResourceUnit--ITEM_TYPE-arrow\"]"}
COMMAND: POST /session/11c278e322621322209dbd84d797ae8b/element/f.1BBDEBF70A0905171D1AD33BCA73C599.d.B6DC24A96119612F01F3EAD39319B45E.e.9393/click - {}
RESULT: {}
COMMAND: POST /session/11c278e322621322209dbd84d797ae8b/element - {"using":"xpath","value":"(//span[contains(text(), \"Resource Unit\")])[2]"}
COMMAND: GET /session/11c278e322621322209dbd84d797ae8b/screenshot - {}
RESULT: {"using":"xpath","value":"(//span[contains(text(), \"Resource Unit\")])[2]"}
COMMAND: POST /session/11c278e322621322209dbd84d797ae8b/element/f.1BBDEBF70A0905171D1AD33BCA73C599.d.B6DC24A96119612F01F3EAD39319B45E.e.9394/click - {}
RESULT: {}
RESULT: {}
COMMAND: GET /session/11c278e322621322209dbd84d797ae8b/screenshot - {}
RESULT: {}
COMMAND: POST /session/11c278e322621322209dbd84d797ae8b/element - {"using":"css selector","value":"#application-manageresources-display-component---newResourceUnit--btnAddTimeSegment"}
RESULT: {"using":"css selector","value":"#application-manageresources-display-component---newResourceUnit--btnAddTimeSegment"}
COMMAND: GET /session/11c278e322621322209dbd84d797ae8b/element/f.1BBDEBF70A0905171D1AD33BCA73C599.d.B6DC24A96119612F01F3EAD39319B45E.e.9395/rect - {}
RESULT: {}
COMMAND: GET /session/11c278e322621322209dbd84d797ae8b/window/rect - {}
RESULT: {}
COMMAND: POST /session/11c278e322621322209dbd84d797ae8b/execute/sync - {"script":"<script> [92 bytes]","args":[]}
RESULT: {"script":"<script> [92 bytes]","args":[]}
COMMAND: POST /session/11c278e322621322209dbd84d797ae8b/actions - {"actions":[{"id":"action30","type":"wheel","parameters":{},"actions":[{"type":"scroll","x":-1888,"y":-32,"deltaX":0,"deltaY":0,"duration":0,"origin":{"element-6066-11e4-a52e-4f735466cecf":"f.1BBDEBF70A0905171D1AD33BCA73C599.d.B6DC24A96119612F01F3EAD39319B45E.e.9395"}}]}]}
COMMAND: GET /session/11c278e322621322209dbd84d797ae8b/screenshot - {}
RESULT: {}
COMMAND: POST /session/11c278e322621322209dbd84d797ae8b/execute/sync - {"script":"<script> [79 bytes]","args":[{"element-6066-11e4-a52e-4f735466cecf":"f.1BBDEBF70A0905171D1AD33BCA73C599.d.B6DC24A96119612F01F3EAD39319B45E.e.9395","ELEMENT":"f.1BBDEBF70A0905171D1AD33BCA73C599.d.B6DC24A96119612F01F3EAD39319B45E.e.9395"},{"block":"start","inline":"nearest"}]}
RESULT: {"script":"<script> [79 bytes]","args":[{"element-6066-11e4-a52e-4f735466cecf":"f.1BBDEBF70A0905171D1AD33BCA73C599.d.B6DC24A96119612F01F3EAD39319B45E.e.9395","ELEMENT":"f.1BBDEBF70A0905171D1AD33BCA73C599.d.B6DC24A96119612F01F3EAD39319B45E.e.9395"},{"block":"start","inline":"nearest"}]}
COMMAND: POST /session/11c278e322621322209dbd84d797ae8b/execute/async - {"script":"<script> [1562 bytes]","args":[{"selector":{"id":"application-manageresources-display-component---newResourceUnit--btnAddTimeSegment","interaction":{"idSuffix":"inner"}},"wdio_ui5_key":"applicationmanageresources-display-component---newResourceUnit--btnAddTimeSegment"}]}
COMMAND: GET /session/11c278e322621322209dbd84d797ae8b/screenshot - {}
RESULT: {"script":"<script> [1562 bytes]","args":[{"selector":{"id":"application-manageresources-display-component---newResourceUnit--btnAddTimeSegment","interaction":{"idSuffix":"inner"}},"wdio_ui5_key":"applicationmanageresources-display-component---newResourceUnit--btnAddTimeSegment"}]}
RESULT: undefined
COMMAND: POST /session/11c278e322621322209dbd84d797ae8b/element - {"using":"xpath","value":"//*[@id=\"application-manageresources-display-component---newResourceUnit--btnAddTimeSegment\"]"}
RESULT: {}
RESULT: {"using":"xpath","value":"//*[@id=\"application-manageresources-display-component---newResourceUnit--btnAddTimeSegment\"]"}
COMMAND: POST /session/11c278e322621322209dbd84d797ae8b/element/f.1BBDEBF70A0905171D1AD33BCA73C599.d.B6DC24A96119612F01F3EAD39319B45E.e.9395/click - {}
RESULT: {}
COMMAND: GET /session/11c278e322621322209dbd84d797ae8b/screenshot - {}
RESULT: {}
COMMAND: POST /session/11c278e322621322209dbd84d797ae8b/element - {"using":"xpath","value":"//input[@id=\"application-manageresources-display-component---newResourceUnit--idRuTSAdmin-application-manageresources-display-component---newResourceUnit--RUTimeSegment-0-inner\"]"}
RESULT: {"using":"xpath","value":"//input[@id=\"application-manageresources-display-component---newResourceUnit--idRuTSAdmin-application-manageresources-display-component---newResourceUnit--RUTimeSegment-0-inner\"]"}
COMMAND: POST /session/11c278e322621322209dbd84d797ae8b/element/f.1BBDEBF70A0905171D1AD33BCA73C599.d.B6DC24A96119612F01F3EAD39319B45E.e.9401/clear - {}
RESULT: {}
COMMAND: POST /session/11c278e322621322209dbd84d797ae8b/element/f.1BBDEBF70A0905171D1AD33BCA73C599.d.B6DC24A96119612F01F3EAD39319B45E.e.9401/value - {"text":"471"}
COMMAND: GET /session/11c278e322621322209dbd84d797ae8b/screenshot - {}
RESULT: {"text":"471"}
COMMAND: GET /session/11c278e322621322209dbd84d797ae8b/screenshot - {}
RESULT: {}
RESULT: {}
COMMAND: POST /session/11c278e322621322209dbd84d797ae8b/element - {"using":"xpath","value":"//li[.//span[text()='471']]"}
RESULT: {"using":"xpath","value":"//li[.//span[text()='471']]"}
COMMAND: POST /session/11c278e322621322209dbd84d797ae8b/element/f.1BBDEBF70A0905171D1AD33BCA73C599.d.B6DC24A96119612F01F3EAD39319B45E.e.9413/click - {}
RESULT: {}
COMMAND: GET /session/11c278e322621322209dbd84d797ae8b/screenshot - {}
RESULT: {}
COMMAND: POST /session/11c278e322621322209dbd84d797ae8b/element - {"using":"xpath","value":"(//span[contains(@id, \"-application-manageresources-display-component---newResourceUnit--RUTimeSegment-0-arrow\")])[6]"}
RESULT: {"using":"xpath","value":"(//span[contains(@id, \"-application-manageresources-display-component---newResourceUnit--RUTimeSegment-0-arrow\")])[6]"}
COMMAND: POST /session/11c278e322621322209dbd84d797ae8b/element/f.1BBDEBF70A0905171D1AD33BCA73C599.d.B6DC24A96119612F01F3EAD39319B45E.e.9414/click - {}
RESULT: {}
COMMAND: GET /session/11c278e322621322209dbd84d797ae8b/screenshot - {}
RESULT: {}
COMMAND: POST /session/11c278e322621322209dbd84d797ae8b/element - {"using":"xpath","value":"//span[contains(text(), \"PM Order\")]"}
RESULT: {"using":"xpath","value":"//span[contains(text(), \"PM Order\")]"}
COMMAND: POST /session/11c278e322621322209dbd84d797ae8b/element/f.1BBDEBF70A0905171D1AD33BCA73C599.d.B6DC24A96119612F01F3EAD39319B45E.e.9417/click - {}
RESULT: {}
COMMAND: GET /session/11c278e322621322209dbd84d797ae8b/screenshot - {}
RESULT: {}
COMMAND: POST /session/11c278e322621322209dbd84d797ae8b/element - {"using":"xpath","value":"(//span[contains(@id ,\"manageresources-display-component---newResourceUnit--RUTimeSegment-0-vhi\")])[1]"}
RESULT: {"using":"xpath","value":"(//span[contains(@id ,\"manageresources-display-component---newResourceUnit--RUTimeSegment-0-vhi\")])[1]"}
COMMAND: GET /session/11c278e322621322209dbd84d797ae8b/element/f.1BBDEBF70A0905171D1AD33BCA73C599.d.B6DC24A96119612F01F3EAD39319B45E.e.9421/rect - {}
RESULT: {}
COMMAND: GET /session/11c278e322621322209dbd84d797ae8b/window/rect - {}
RESULT: {}
COMMAND: POST /session/11c278e322621322209dbd84d797ae8b/execute/sync - {"script":"<script> [92 bytes]","args":[]}
RESULT: {"script":"<script> [92 bytes]","args":[]}
COMMAND: POST /session/11c278e322621322209dbd84d797ae8b/actions - {"actions":[{"id":"action31","type":"wheel","parameters":{},"actions":[{"type":"scroll","x":-869,"y":-24,"deltaX":0,"deltaY":0,"duration":0,"origin":{"element-6066-11e4-a52e-4f735466cecf":"f.1BBDEBF70A0905171D1AD33BCA73C599.d.B6DC24A96119612F01F3EAD39319B45E.e.9421"}}]}]}
COMMAND: GET /session/11c278e322621322209dbd84d797ae8b/screenshot - {}
RESULT: {"actions":[{"id":"action31","type":"wheel","parameters":{},"actions":[{"type":"scroll","x":-869,"y":-24,"deltaX":0,"deltaY":0,"duration":0,"origin":{"element-6066-11e4-a52e-4f735466cecf":"f.1BBDEBF70A0905171D1AD33BCA73C599.d.B6DC24A96119612F01F3EAD39319B45E.e.9421"}}]}]}
COMMAND: DELETE /session/11c278e322621322209dbd84d797ae8b/actions - {}
COMMAND: GET /session/11c278e322621322209dbd84d797ae8b/screenshot - {}
RESULT: {}
RESULT: {}
COMMAND: GET /session/11c278e322621322209dbd84d797ae8b/screenshot - {}
RESULT: {}
RESULT: {}
COMMAND: POST /session/11c278e322621322209dbd84d797ae8b/element/f.1BBDEBF70A0905171D1AD33BCA73C599.d.B6DC24A96119612F01F3EAD39319B45E.e.9421/click - {}
RESULT: {}
COMMAND: GET /session/11c278e322621322209dbd84d797ae8b/screenshot - {}
RESULT: {}
COMMAND: POST /session/11c278e322621322209dbd84d797ae8b/execute/async - {"script":"<script> [1562 bytes]","args":[{"selector":{"controlType":"sap.m.SearchField","properties":{"placeholder":"Search"},"searchOpenDialogs":true,"interaction":{"idSuffix":"I"}},"wdio_ui5_key":"sapm.SearchField{\"placeholder\":\"Search\"}"}]}
RESULT: {"script":"<script> [1562 bytes]","args":[{"selector":{"controlType":"sap.m.SearchField","properties":{"placeholder":"Search"},"searchOpenDialogs":true,"interaction":{"idSuffix":"I"}},"wdio_ui5_key":"sapm.SearchField{\"placeholder\":\"Search\"}"}]}
RESULT: undefined
COMMAND: POST /session/11c278e322621322209dbd84d797ae8b/execute/async - {"script":"<script> [776 bytes]","args":[{"enterText":"4000360","selector":{"controlType":"sap.m.SearchField","properties":{"placeholder":"Search"},"searchOpenDialogs":true,"interaction":{"idSuffix":"I"}},"clearTextFirst":true,"interactionType":"ENTER_TEXT"}]}
RESULT: {"script":"<script> [776 bytes]","args":[{"enterText":"4000360","selector":{"controlType":"sap.m.SearchField","properties":{"placeholder":"Search"},"searchOpenDialogs":true,"interaction":{"idSuffix":"I"}},"clearTextFirst":true,"interactionType":"ENTER_TEXT"}]}
COMMAND: POST /session/11c278e322621322209dbd84d797ae8b/actions - {"actions":[{"id":"action32","type":"key","parameters":{},"actions":[{"type":"keyDown","value":"î€‡"},{"type":"pause","duration":10},{"type":"keyUp","value":"î€‡"}]}]}
RESULT: {"actions":[{"id":"action32","type":"key","parameters":{},"actions":[{"type":"keyDown","value":"î€‡"},{"type":"pause","duration":10},{"type":"keyUp","value":"î€‡"}]}]}
COMMAND: GET /session/11c278e322621322209dbd84d797ae8b/screenshot - {}
RESULT: {}
COMMAND: POST /session/11c278e322621322209dbd84d797ae8b/element - {"using":"xpath","value":"//td/div/span[contains(text(), \"BGL Vehicles\")]"}
RESULT: {"using":"xpath","value":"//td/div/span[contains(text(), \"BGL Vehicles\")]"}
COMMAND: POST /session/11c278e322621322209dbd84d797ae8b/element/f.1BBDEBF70A0905171D1AD33BCA73C599.d.B6DC24A96119612F01F3EAD39319B45E.e.9443/click - {}
RESULT: {}
COMMAND: GET /session/11c278e322621322209dbd84d797ae8b/screenshot - {}
RESULT: {}
COMMAND: POST /session/11c278e322621322209dbd84d797ae8b/element - {"using":"xpath","value":"//bdi[contains(text(), \"OK\")]"}
RESULT: {"using":"xpath","value":"//bdi[contains(text(), \"OK\")]"}
COMMAND: POST /session/11c278e322621322209dbd84d797ae8b/element/f.1BBDEBF70A0905171D1AD33BCA73C599.d.B6DC24A96119612F01F3EAD39319B45E.e.9444/click - {}
RESULT: {}
COMMAND: GET /session/11c278e322621322209dbd84d797ae8b/screenshot - {}
RESULT: {}
COMMAND: POST /session/11c278e322621322209dbd84d797ae8b/execute/async - {"script":"<script> [1562 bytes]","args":[{"selector":{"id":"application-manageresources-display-component---newResourceUnit--newRRUPage-anchBar-application-manageresources-display-component---newResourceUnit--resource-anchor","interaction":{"idSuffix":"BDI-content"}},"wdio_ui5_key":"applicationmanageresources-display-component---newResourceUnit--newRRUPage-anchBar-application-manageresources-display-component---newResourceUnit--resource-anchor"}]}
RESULT: {"script":"<script> [1562 bytes]","args":[{"selector":{"id":"application-manageresources-display-component---newResourceUnit--newRRUPage-anchBar-application-manageresources-display-component---newResourceUnit--resource-anchor","interaction":{"idSuffix":"BDI-content"}},"wdio_ui5_key":"applicationmanageresources-display-component---newResourceUnit--newRRUPage-anchBar-application-manageresources-display-component---newResourceUnit--resource-anchor"}]}
RESULT: undefined
COMMAND: POST /session/11c278e322621322209dbd84d797ae8b/element - {"using":"xpath","value":"//*[@id=\"application-manageresources-display-component---newResourceUnit--newRRUPage-anchBar-application-manageresources-display-component---newResourceUnit--resource-anchor\"]"}
RESULT: {"using":"xpath","value":"//*[@id=\"application-manageresources-display-component---newResourceUnit--newRRUPage-anchBar-application-manageresources-display-component---newResourceUnit--resource-anchor\"]"}
COMMAND: POST /session/11c278e322621322209dbd84d797ae8b/element/f.1BBDEBF70A0905171D1AD33BCA73C599.d.B6DC24A96119612F01F3EAD39319B45E.e.9448/click - {}
RESULT: {}
COMMAND: POST /session/11c278e322621322209dbd84d797ae8b/execute/async - {"script":"<script> [1562 bytes]","args":[{"selector":{"id":"application-manageresources-display-component---newResourceUnit--PLANNED_DELIVERY_DATE","interaction":{"idSuffix":"inner"}},"wdio_ui5_key":"applicationmanageresources-display-component---newResourceUnit--PLANNED_DELIVERY_DATE"}]}
COMMAND: GET /session/11c278e322621322209dbd84d797ae8b/screenshot - {}
RESULT: {"script":"<script> [1562 bytes]","args":[{"selector":{"id":"application-manageresources-display-component---newResourceUnit--PLANNED_DELIVERY_DATE","interaction":{"idSuffix":"inner"}},"wdio_ui5_key":"applicationmanageresources-display-component---newResourceUnit--PLANNED_DELIVERY_DATE"}]}
RESULT: undefined
COMMAND: POST /session/11c278e322621322209dbd84d797ae8b/execute/async - {"script":"<script> [6424 bytes]","args":[{"element-6066-11e4-a52e-4f735466cecf":"f.1BBDEBF70A0905171D1AD33BCA73C599.d.B6DC24A96119612F01F3EAD39319B45E.e.9306"},"setValue",["4/30/25"]]}
RESULT: {}
RESULT: {"script":"<script> [6424 bytes]","args":[{"element-6066-11e4-a52e-4f735466cecf":"f.1BBDEBF70A0905171D1AD33BCA73C599.d.B6DC24A96119612F01F3EAD39319B45E.e.9306"},"setValue",["4/30/25"]]}
COMMAND: POST /session/11c278e322621322209dbd84d797ae8b/element - {"using":"xpath","value":"//button[@data-kt=\"resourceUnitSaveButton\"]"}
RESULT: {"using":"xpath","value":"//button[@data-kt=\"resourceUnitSaveButton\"]"}
COMMAND: POST /session/11c278e322621322209dbd84d797ae8b/element/f.1BBDEBF70A0905171D1AD33BCA73C599.d.B6DC24A96119612F01F3EAD39319B45E.e.9267/click - {}
RESULT: {}
COMMAND: GET /session/11c278e322621322209dbd84d797ae8b/screenshot - {}
RESULT: {}
COMMAND: POST /session/11c278e322621322209dbd84d797ae8b/element - {"using":"xpath","value":"//bdi[contains(text(), \"Close\")]"}
RESULT: {"using":"xpath","value":"//bdi[contains(text(), \"Close\")]"}
COMMAND: POST /session/11c278e322621322209dbd84d797ae8b/element/f.1BBDEBF70A0905171D1AD33BCA73C599.d.B6DC24A96119612F01F3EAD39319B45E.e.9456/click - {}
RESULT: {}
COMMAND: GET /session/11c278e322621322209dbd84d797ae8b/screenshot - {}
RESULT: {}
COMMAND: POST /session/11c278e322621322209dbd84d797ae8b/element - {"using":"xpath","value":"(//button[contains(@id ,\"actionsToolbar-overflowButton\")])[1]"}
RESULT: {"using":"xpath","value":"(//button[contains(@id ,\"actionsToolbar-overflowButton\")])[1]"}
COMMAND: POST /session/11c278e322621322209dbd84d797ae8b/element/f.1BBDEBF70A0905171D1AD33BCA73C599.d.B6DC24A96119612F01F3EAD39319B45E.e.9486/click - {}
RESULT: {}
COMMAND: GET /session/11c278e322621322209dbd84d797ae8b/screenshot - {}
RESULT: {}
COMMAND: POST /session/11c278e322621322209dbd84d797ae8b/element - {"using":"xpath","value":"//button[@data-kt=\"priceInfoButton\"]"}
RESULT: {"using":"xpath","value":"//button[@data-kt=\"priceInfoButton\"]"}
COMMAND: POST /session/11c278e322621322209dbd84d797ae8b/element/f.1BBDEBF70A0905171D1AD33BCA73C599.d.B6DC24A96119612F01F3EAD39319B45E.e.9490/click - {}
RESULT: {}
COMMAND: GET /session/11c278e322621322209dbd84d797ae8b/screenshot - {}
RESULT: {}
]]></system-out>
    </testcase>
    <testcase classname="chrome.135_0_7049_96.windows.Billing_Transfer_-_Intracompany_US127249" name="Should create a pricing procedure" time="51.015">
      <system-out><![CDATA[
COMMAND: POST /session/11c278e322621322209dbd84d797ae8b/element - {"using":"xpath","value":"//button[@data-kt=\"addButton\"]"}
RESULT: {"using":"xpath","value":"//button[@data-kt=\"addButton\"]"}
COMMAND: POST /session/11c278e322621322209dbd84d797ae8b/elements - {"using":"xpath","value":"//button[@data-kt=\"addButton\"]"}
RESULT: {"using":"xpath","value":"//button[@data-kt=\"addButton\"]"}
COMMAND: POST /session/11c278e322621322209dbd84d797ae8b/elements - {"using":"xpath","value":"//button[@data-kt=\"addButton\"]"}
RESULT: {"using":"xpath","value":"//button[@data-kt=\"addButton\"]"}
COMMAND: POST /session/11c278e322621322209dbd84d797ae8b/element - {"using":"xpath","value":"//button[@data-kt=\"addButton\"]"}
RESULT: {"using":"xpath","value":"//button[@data-kt=\"addButton\"]"}
COMMAND: POST /session/11c278e322621322209dbd84d797ae8b/execute/sync - {"script":"<script> [8489 bytes]","args":[{"element-6066-11e4-a52e-4f735466cecf":"f.1BBDEBF70A0905171D1AD33BCA73C599.d.B6DC24A96119612F01F3EAD39319B45E.e.9526","ELEMENT":"f.1BBDEBF70A0905171D1AD33BCA73C599.d.B6DC24A96119612F01F3EAD39319B45E.e.9526"}]}
RESULT: {"script":"<script> [8489 bytes]","args":[{"element-6066-11e4-a52e-4f735466cecf":"f.1BBDEBF70A0905171D1AD33BCA73C599.d.B6DC24A96119612F01F3EAD39319B45E.e.9526","ELEMENT":"f.1BBDEBF70A0905171D1AD33BCA73C599.d.B6DC24A96119612F01F3EAD39319B45E.e.9526"}]}
COMMAND: GET /session/11c278e322621322209dbd84d797ae8b/element/f.1BBDEBF70A0905171D1AD33BCA73C599.d.B6DC24A96119612F01F3EAD39319B45E.e.9526/enabled - {}
COMMAND: GET /session/11c278e322621322209dbd84d797ae8b/screenshot - {}
RESULT: {}
RESULT: {}
COMMAND: POST /session/11c278e322621322209dbd84d797ae8b/execute/sync - {"script":"<script> [8489 bytes]","args":[{"element-6066-11e4-a52e-4f735466cecf":"f.1BBDEBF70A0905171D1AD33BCA73C599.d.B6DC24A96119612F01F3EAD39319B45E.e.9526","ELEMENT":"f.1BBDEBF70A0905171D1AD33BCA73C599.d.B6DC24A96119612F01F3EAD39319B45E.e.9526"}]}
COMMAND: GET /session/11c278e322621322209dbd84d797ae8b/screenshot - {}
RESULT: {"script":"<script> [8489 bytes]","args":[{"element-6066-11e4-a52e-4f735466cecf":"f.1BBDEBF70A0905171D1AD33BCA73C599.d.B6DC24A96119612F01F3EAD39319B45E.e.9526","ELEMENT":"f.1BBDEBF70A0905171D1AD33BCA73C599.d.B6DC24A96119612F01F3EAD39319B45E.e.9526"}]}
COMMAND: POST /session/11c278e322621322209dbd84d797ae8b/execute/sync - {"script":"<script> [5351 bytes]","args":[{"element-6066-11e4-a52e-4f735466cecf":"f.1BBDEBF70A0905171D1AD33BCA73C599.d.B6DC24A96119612F01F3EAD39319B45E.e.9526","ELEMENT":"f.1BBDEBF70A0905171D1AD33BCA73C599.d.B6DC24A96119612F01F3EAD39319B45E.e.9526"}]}
COMMAND: GET /session/11c278e322621322209dbd84d797ae8b/screenshot - {}
RESULT: {}
RESULT: {"script":"<script> [5351 bytes]","args":[{"element-6066-11e4-a52e-4f735466cecf":"f.1BBDEBF70A0905171D1AD33BCA73C599.d.B6DC24A96119612F01F3EAD39319B45E.e.9526","ELEMENT":"f.1BBDEBF70A0905171D1AD33BCA73C599.d.B6DC24A96119612F01F3EAD39319B45E.e.9526"}]}
COMMAND: POST /session/11c278e322621322209dbd84d797ae8b/element/f.1BBDEBF70A0905171D1AD33BCA73C599.d.B6DC24A96119612F01F3EAD39319B45E.e.9526/click - {}
COMMAND: GET /session/11c278e322621322209dbd84d797ae8b/screenshot - {}
RESULT: {}
RESULT: {}
COMMAND: GET /session/11c278e322621322209dbd84d797ae8b/screenshot - {}
RESULT: {}
RESULT: {}
COMMAND: POST /session/11c278e322621322209dbd84d797ae8b/execute/async - {"script":"<script> [1562 bytes]","args":[{"selector":{"controlType":"sap.m.Title","viewName":"etm.portal.ui.managepricingrules.view.NewItem","viewId":"application-managepricingrules-display-component---newInfoPriceItem","properties":{"text":"New Pricing Rules - Item Level"}},"wdio_ui5_key":"etmportal.ui.managepricingrules.view.NewItemsap.m.Title{\"text\":\"New Pricing Rules - Item Level\"}"}]}
RESULT: {"script":"<script> [1562 bytes]","args":[{"selector":{"controlType":"sap.m.Title","viewName":"etm.portal.ui.managepricingrules.view.NewItem","viewId":"application-managepricingrules-display-component---newInfoPriceItem","properties":{"text":"New Pricing Rules - Item Level"}},"wdio_ui5_key":"etmportal.ui.managepricingrules.view.NewItemsap.m.Title{\"text\":\"New Pricing Rules - Item Level\"}"}]}
RESULT: undefined
COMMAND: POST /session/11c278e322621322209dbd84d797ae8b/execute/async - {"script":"<script> [6424 bytes]","args":[{"element-6066-11e4-a52e-4f735466cecf":"f.1BBDEBF70A0905171D1AD33BCA73C599.d.B6DC24A96119612F01F3EAD39319B45E.e.9696"},"getText",[]]}
RESULT: {"script":"<script> [6424 bytes]","args":[{"element-6066-11e4-a52e-4f735466cecf":"f.1BBDEBF70A0905171D1AD33BCA73C599.d.B6DC24A96119612F01F3EAD39319B45E.e.9696"},"getText",[]]}
COMMAND: POST /session/11c278e322621322209dbd84d797ae8b/execute/async - {"script":"<script> [1562 bytes]","args":[{"selector":{"id":"application-managepricingrules-display-component---newInfoPriceItem--condValidTo","interaction":{"idSuffix":"inner"}},"wdio_ui5_key":"applicationmanagepricingrules-display-component---newInfoPriceItem--condValidTo"}]}
RESULT: {"script":"<script> [1562 bytes]","args":[{"selector":{"id":"application-managepricingrules-display-component---newInfoPriceItem--condValidTo","interaction":{"idSuffix":"inner"}},"wdio_ui5_key":"applicationmanagepricingrules-display-component---newInfoPriceItem--condValidTo"}]}
RESULT: undefined
COMMAND: POST /session/11c278e322621322209dbd84d797ae8b/execute/async - {"script":"<script> [776 bytes]","args":[{"enterText":"12/30/25","selector":{"id":"application-managepricingrules-display-component---newInfoPriceItem--condValidTo","interaction":{"idSuffix":"inner"}},"clearTextFirst":true,"interactionType":"ENTER_TEXT"}]}
RESULT: {"script":"<script> [776 bytes]","args":[{"enterText":"12/30/25","selector":{"id":"application-managepricingrules-display-component---newInfoPriceItem--condValidTo","interaction":{"idSuffix":"inner"}},"clearTextFirst":true,"interactionType":"ENTER_TEXT"}]}
COMMAND: POST /session/11c278e322621322209dbd84d797ae8b/execute/async - {"script":"<script> [1562 bytes]","args":[{"selector":{"id":"application-managepricingrules-display-component---newInfoPriceItem--billType-arrow"},"wdio_ui5_key":"applicationmanagepricingrules-display-component---newInfoPriceItem--billType-arrow"}]}
RESULT: {"script":"<script> [1562 bytes]","args":[{"selector":{"id":"application-managepricingrules-display-component---newInfoPriceItem--billType-arrow"},"wdio_ui5_key":"applicationmanagepricingrules-display-component---newInfoPriceItem--billType-arrow"}]}
RESULT: undefined
COMMAND: POST /session/11c278e322621322209dbd84d797ae8b/element - {"using":"xpath","value":"//*[@id=\"application-managepricingrules-display-component---newInfoPriceItem--billType-arrow\"]"}
RESULT: {"using":"xpath","value":"//*[@id=\"application-managepricingrules-display-component---newInfoPriceItem--billType-arrow\"]"}
COMMAND: POST /session/11c278e322621322209dbd84d797ae8b/element/f.1BBDEBF70A0905171D1AD33BCA73C599.d.B6DC24A96119612F01F3EAD39319B45E.e.9656/click - {}
RESULT: {}
COMMAND: POST /session/11c278e322621322209dbd84d797ae8b/element - {"using":"xpath","value":"//span[contains(text(), \"TB - Time based\")]"}
COMMAND: GET /session/11c278e322621322209dbd84d797ae8b/screenshot - {}
RESULT: {"using":"xpath","value":"//span[contains(text(), \"TB - Time based\")]"}
COMMAND: POST /session/11c278e322621322209dbd84d797ae8b/element/f.1BBDEBF70A0905171D1AD33BCA73C599.d.B6DC24A96119612F01F3EAD39319B45E.e.9698/click - {}
RESULT: {}
RESULT: {}
COMMAND: POST /session/11c278e322621322209dbd84d797ae8b/execute/async - {"script":"<script> [1562 bytes]","args":[{"selector":{"id":"application-managepricingrules-display-component---newInfoPriceItem--priceProc-arrow"},"wdio_ui5_key":"applicationmanagepricingrules-display-component---newInfoPriceItem--priceProc-arrow"}]}
COMMAND: GET /session/11c278e322621322209dbd84d797ae8b/screenshot - {}
RESULT: {"script":"<script> [1562 bytes]","args":[{"selector":{"id":"application-managepricingrules-display-component---newInfoPriceItem--priceProc-arrow"},"wdio_ui5_key":"applicationmanagepricingrules-display-component---newInfoPriceItem--priceProc-arrow"}]}
RESULT: undefined
COMMAND: POST /session/11c278e322621322209dbd84d797ae8b/element - {"using":"xpath","value":"//*[@id=\"application-managepricingrules-display-component---newInfoPriceItem--priceProc-arrow\"]"}
RESULT: {}
RESULT: {"using":"xpath","value":"//*[@id=\"application-managepricingrules-display-component---newInfoPriceItem--priceProc-arrow\"]"}
COMMAND: POST /session/11c278e322621322209dbd84d797ae8b/element/f.1BBDEBF70A0905171D1AD33BCA73C599.d.B6DC24A96119612F01F3EAD39319B45E.e.9663/click - {}
RESULT: {}
COMMAND: POST /session/11c278e322621322209dbd84d797ae8b/element - {"using":"xpath","value":"//span[contains(text(), \"TBS - Time based standard\")]"}
COMMAND: GET /session/11c278e322621322209dbd84d797ae8b/screenshot - {}
RESULT: {"using":"xpath","value":"//span[contains(text(), \"TBS - Time based standard\")]"}
COMMAND: POST /session/11c278e322621322209dbd84d797ae8b/element/f.1BBDEBF70A0905171D1AD33BCA73C599.d.B6DC24A96119612F01F3EAD39319B45E.e.9699/click - {}
RESULT: {}
RESULT: {}
COMMAND: POST /session/11c278e322621322209dbd84d797ae8b/execute/async - {"script":"<script> [1562 bytes]","args":[{"selector":{"id":"application-managepricingrules-display-component---newInfoPriceItem--calcBase-arrow"},"wdio_ui5_key":"applicationmanagepricingrules-display-component---newInfoPriceItem--calcBase-arrow"}]}
COMMAND: GET /session/11c278e322621322209dbd84d797ae8b/screenshot - {}
RESULT: {}
RESULT: {"script":"<script> [1562 bytes]","args":[{"selector":{"id":"application-managepricingrules-display-component---newInfoPriceItem--calcBase-arrow"},"wdio_ui5_key":"applicationmanagepricingrules-display-component---newInfoPriceItem--calcBase-arrow"}]}
RESULT: undefined
COMMAND: POST /session/11c278e322621322209dbd84d797ae8b/element - {"using":"xpath","value":"//*[@id=\"application-managepricingrules-display-component---newInfoPriceItem--calcBase-arrow\"]"}
RESULT: {"using":"xpath","value":"//*[@id=\"application-managepricingrules-display-component---newInfoPriceItem--calcBase-arrow\"]"}
COMMAND: POST /session/11c278e322621322209dbd84d797ae8b/element/f.1BBDEBF70A0905171D1AD33BCA73C599.d.B6DC24A96119612F01F3EAD39319B45E.e.9670/click - {}
RESULT: {}
COMMAND: GET /session/11c278e322621322209dbd84d797ae8b/screenshot - {}
RESULT: {}
COMMAND: POST /session/11c278e322621322209dbd84d797ae8b/element - {"using":"xpath","value":"//span[contains(text(), \"0006 - TB(calendar days)\")]"}
RESULT: {"using":"xpath","value":"//span[contains(text(), \"0006 - TB(calendar days)\")]"}
COMMAND: POST /session/11c278e322621322209dbd84d797ae8b/element/f.1BBDEBF70A0905171D1AD33BCA73C599.d.B6DC24A96119612F01F3EAD39319B45E.e.9700/click - {}
RESULT: {}
COMMAND: GET /session/11c278e322621322209dbd84d797ae8b/screenshot - {}
RESULT: {}
COMMAND: POST /session/11c278e322621322209dbd84d797ae8b/execute/async - {"script":"<script> [1562 bytes]","args":[{"selector":{"id":"application-managepricingrules-display-component---newInfoPriceItem--daysMonth","interaction":{"idSuffix":"inner"}},"wdio_ui5_key":"applicationmanagepricingrules-display-component---newInfoPriceItem--daysMonth"}]}
RESULT: {"script":"<script> [1562 bytes]","args":[{"selector":{"id":"application-managepricingrules-display-component---newInfoPriceItem--daysMonth","interaction":{"idSuffix":"inner"}},"wdio_ui5_key":"applicationmanagepricingrules-display-component---newInfoPriceItem--daysMonth"}]}
RESULT: undefined
COMMAND: POST /session/11c278e322621322209dbd84d797ae8b/execute/async - {"script":"<script> [776 bytes]","args":[{"enterText":"30","selector":{"id":"application-managepricingrules-display-component---newInfoPriceItem--daysMonth","interaction":{"idSuffix":"inner"}},"clearTextFirst":true,"interactionType":"ENTER_TEXT"}]}
RESULT: {"script":"<script> [776 bytes]","args":[{"enterText":"30","selector":{"id":"application-managepricingrules-display-component---newInfoPriceItem--daysMonth","interaction":{"idSuffix":"inner"}},"clearTextFirst":true,"interactionType":"ENTER_TEXT"}]}
COMMAND: POST /session/11c278e322621322209dbd84d797ae8b/element - {"using":"xpath","value":"//button[@data-kt=\"saveNewRuleButton\"]"}
RESULT: {"using":"xpath","value":"//button[@data-kt=\"saveNewRuleButton\"]"}
COMMAND: POST /session/11c278e322621322209dbd84d797ae8b/element/f.1BBDEBF70A0905171D1AD33BCA73C599.d.B6DC24A96119612F01F3EAD39319B45E.e.9690/click - {}
RESULT: {}
COMMAND: GET /session/11c278e322621322209dbd84d797ae8b/screenshot - {}
RESULT: {}
COMMAND: POST /session/11c278e322621322209dbd84d797ae8b/execute/async - {"script":"<script> [1562 bytes]","args":[{"selector":{"id":"application-managepricingrules-display-component---priceInfoItem--smartFilterBar-btnBasicSearch","interaction":{"idSuffix":"I"}},"wdio_ui5_key":"applicationmanagepricingrules-display-component---priceInfoItem--smartFilterBar-btnBasicSearch"}]}
RESULT: {"script":"<script> [1562 bytes]","args":[{"selector":{"id":"application-managepricingrules-display-component---priceInfoItem--smartFilterBar-btnBasicSearch","interaction":{"idSuffix":"I"}},"wdio_ui5_key":"applicationmanagepricingrules-display-component---priceInfoItem--smartFilterBar-btnBasicSearch"}]}
RESULT: undefined
COMMAND: POST /session/11c278e322621322209dbd84d797ae8b/execute/async - {"script":"<script> [776 bytes]","args":[{"enterText":"tSk5nwMrRg","selector":{"id":"application-managepricingrules-display-component---priceInfoItem--smartFilterBar-btnBasicSearch","interaction":{"idSuffix":"I"}},"clearTextFirst":true,"interactionType":"ENTER_TEXT"}]}
RESULT: {"script":"<script> [776 bytes]","args":[{"enterText":"tSk5nwMrRg","selector":{"id":"application-managepricingrules-display-component---priceInfoItem--smartFilterBar-btnBasicSearch","interaction":{"idSuffix":"I"}},"clearTextFirst":true,"interactionType":"ENTER_TEXT"}]}
COMMAND: POST /session/11c278e322621322209dbd84d797ae8b/actions - {"actions":[{"id":"action33","type":"key","parameters":{},"actions":[{"type":"keyDown","value":"î€‡"},{"type":"pause","duration":10},{"type":"keyUp","value":"î€‡"}]}]}
RESULT: {"actions":[{"id":"action33","type":"key","parameters":{},"actions":[{"type":"keyDown","value":"î€‡"},{"type":"pause","duration":10},{"type":"keyUp","value":"î€‡"}]}]}
COMMAND: GET /session/11c278e322621322209dbd84d797ae8b/screenshot - {}
RESULT: {}
COMMAND: POST /session/11c278e322621322209dbd84d797ae8b/element - {"using":"xpath","value":"//span[@id=\"application-managepricingrules-display-component---priceInfoItem--smartTable-header-inner\"]"}
RESULT: {"using":"xpath","value":"//span[@id=\"application-managepricingrules-display-component---priceInfoItem--smartTable-header-inner\"]"}
COMMAND: POST /session/11c278e322621322209dbd84d797ae8b/elements - {"using":"xpath","value":"//span[@id=\"application-managepricingrules-display-component---priceInfoItem--smartTable-header-inner\"]"}
RESULT: {"using":"xpath","value":"//span[@id=\"application-managepricingrules-display-component---priceInfoItem--smartTable-header-inner\"]"}
COMMAND: POST /session/11c278e322621322209dbd84d797ae8b/execute/sync - {"script":"<script> [56 bytes]","args":[{"element-6066-11e4-a52e-4f735466cecf":"f.1BBDEBF70A0905171D1AD33BCA73C599.d.B6DC24A96119612F01F3EAD39319B45E.e.9714","ELEMENT":"f.1BBDEBF70A0905171D1AD33BCA73C599.d.B6DC24A96119612F01F3EAD39319B45E.e.9714"}]}
RESULT: {"script":"<script> [56 bytes]","args":[{"element-6066-11e4-a52e-4f735466cecf":"f.1BBDEBF70A0905171D1AD33BCA73C599.d.B6DC24A96119612F01F3EAD39319B45E.e.9714","ELEMENT":"f.1BBDEBF70A0905171D1AD33BCA73C599.d.B6DC24A96119612F01F3EAD39319B45E.e.9714"}]}
COMMAND: POST /session/11c278e322621322209dbd84d797ae8b/element - {"using":"css selector","value":"#shell-header-logo"}
COMMAND: GET /session/11c278e322621322209dbd84d797ae8b/screenshot - {}
RESULT: {"using":"css selector","value":"#shell-header-logo"}
COMMAND: POST /session/11c278e322621322209dbd84d797ae8b/element/f.1BBDEBF70A0905171D1AD33BCA73C599.d.B6DC24A96119612F01F3EAD39319B45E.e.9051/click - {}
RESULT: {}
RESULT: {}
COMMAND: GET /session/11c278e322621322209dbd84d797ae8b/screenshot - {}
RESULT: {}
]]></system-out>
    </testcase>
    <testcase classname="chrome.135_0_7049_96.windows.Billing_Transfer_-_Intracompany_US127249" name="Should manage conditions" time="64.414">
      <system-out><![CDATA[
COMMAND: POST /session/11c278e322621322209dbd84d797ae8b/execute/async - {"script":"<script> [1562 bytes]","args":[{"selector":{"controlType":"sap.m.Text","properties":{"text":"Manage Conditions & Prices"},"interaction":{"idSuffix":"inner"}},"wdio_ui5_key":"sapm.Text{\"text\":\"Manage Conditions & Prices\"}"}]}
RESULT: {"script":"<script> [1562 bytes]","args":[{"selector":{"controlType":"sap.m.Text","properties":{"text":"Manage Conditions & Prices"},"interaction":{"idSuffix":"inner"}},"wdio_ui5_key":"sapm.Text{\"text\":\"Manage Conditions & Prices\"}"}]}
RESULT: undefined
COMMAND: POST /session/11c278e322621322209dbd84d797ae8b/element - {"using":"xpath","value":"//*[@id=\"__tile93-title\"]"}
RESULT: {"using":"xpath","value":"//*[@id=\"__tile93-title\"]"}
COMMAND: POST /session/11c278e322621322209dbd84d797ae8b/element/f.1BBDEBF70A0905171D1AD33BCA73C599.d.B6DC24A96119612F01F3EAD39319B45E.e.9717/click - {}
RESULT: {}
COMMAND: POST /session/11c278e322621322209dbd84d797ae8b/element - {"using":"xpath","value":"//button[@aria-label=\"Create\"]"}
COMMAND: GET /session/11c278e322621322209dbd84d797ae8b/screenshot - {}
RESULT: {"using":"xpath","value":"//button[@aria-label=\"Create\"]"}
COMMAND: POST /session/11c278e322621322209dbd84d797ae8b/elements - {"using":"xpath","value":"//button[@aria-label=\"Create\"]"}
RESULT: {}
RESULT: {"using":"xpath","value":"//button[@aria-label=\"Create\"]"}
COMMAND: POST /session/11c278e322621322209dbd84d797ae8b/elements - {"using":"xpath","value":"//button[@aria-label=\"Create\"]"}
RESULT: {"using":"xpath","value":"//button[@aria-label=\"Create\"]"}
COMMAND: POST /session/11c278e322621322209dbd84d797ae8b/elements - {"using":"xpath","value":"//button[@aria-label=\"Create\"]"}
RESULT: {"using":"xpath","value":"//button[@aria-label=\"Create\"]"}
COMMAND: POST /session/11c278e322621322209dbd84d797ae8b/elements - {"using":"xpath","value":"//button[@aria-label=\"Create\"]"}
RESULT: {"using":"xpath","value":"//button[@aria-label=\"Create\"]"}
COMMAND: POST /session/11c278e322621322209dbd84d797ae8b/elements - {"using":"xpath","value":"//button[@aria-label=\"Create\"]"}
RESULT: {"using":"xpath","value":"//button[@aria-label=\"Create\"]"}
COMMAND: POST /session/11c278e322621322209dbd84d797ae8b/elements - {"using":"xpath","value":"//button[@aria-label=\"Create\"]"}
RESULT: {"using":"xpath","value":"//button[@aria-label=\"Create\"]"}
COMMAND: POST /session/11c278e322621322209dbd84d797ae8b/elements - {"using":"xpath","value":"//button[@aria-label=\"Create\"]"}
RESULT: {"using":"xpath","value":"//button[@aria-label=\"Create\"]"}
COMMAND: POST /session/11c278e322621322209dbd84d797ae8b/elements - {"using":"xpath","value":"//button[@aria-label=\"Create\"]"}
RESULT: {"using":"xpath","value":"//button[@aria-label=\"Create\"]"}
COMMAND: POST /session/11c278e322621322209dbd84d797ae8b/elements - {"using":"xpath","value":"//button[@aria-label=\"Create\"]"}
RESULT: {"using":"xpath","value":"//button[@aria-label=\"Create\"]"}
COMMAND: POST /session/11c278e322621322209dbd84d797ae8b/elements - {"using":"xpath","value":"//button[@aria-label=\"Create\"]"}
RESULT: {"using":"xpath","value":"//button[@aria-label=\"Create\"]"}
COMMAND: POST /session/11c278e322621322209dbd84d797ae8b/elements - {"using":"xpath","value":"//button[@aria-label=\"Create\"]"}
RESULT: {"using":"xpath","value":"//button[@aria-label=\"Create\"]"}
COMMAND: POST /session/11c278e322621322209dbd84d797ae8b/elements - {"using":"xpath","value":"//button[@aria-label=\"Create\"]"}
RESULT: {"using":"xpath","value":"//button[@aria-label=\"Create\"]"}
COMMAND: POST /session/11c278e322621322209dbd84d797ae8b/elements - {"using":"xpath","value":"//button[@aria-label=\"Create\"]"}
RESULT: {"using":"xpath","value":"//button[@aria-label=\"Create\"]"}
COMMAND: POST /session/11c278e322621322209dbd84d797ae8b/elements - {"using":"xpath","value":"//button[@aria-label=\"Create\"]"}
RESULT: {"using":"xpath","value":"//button[@aria-label=\"Create\"]"}
COMMAND: POST /session/11c278e322621322209dbd84d797ae8b/elements - {"using":"xpath","value":"//button[@aria-label=\"Create\"]"}
RESULT: {"using":"xpath","value":"//button[@aria-label=\"Create\"]"}
COMMAND: POST /session/11c278e322621322209dbd84d797ae8b/element - {"using":"xpath","value":"//button[@aria-label=\"Create\"]"}
RESULT: {"using":"xpath","value":"//button[@aria-label=\"Create\"]"}
COMMAND: POST /session/11c278e322621322209dbd84d797ae8b/execute/sync - {"script":"<script> [8489 bytes]","args":[{"element-6066-11e4-a52e-4f735466cecf":"f.1BBDEBF70A0905171D1AD33BCA73C599.d.B6DC24A96119612F01F3EAD39319B45E.e.9751","ELEMENT":"f.1BBDEBF70A0905171D1AD33BCA73C599.d.B6DC24A96119612F01F3EAD39319B45E.e.9751"}]}
RESULT: {"script":"<script> [8489 bytes]","args":[{"element-6066-11e4-a52e-4f735466cecf":"f.1BBDEBF70A0905171D1AD33BCA73C599.d.B6DC24A96119612F01F3EAD39319B45E.e.9751","ELEMENT":"f.1BBDEBF70A0905171D1AD33BCA73C599.d.B6DC24A96119612F01F3EAD39319B45E.e.9751"}]}
COMMAND: GET /session/11c278e322621322209dbd84d797ae8b/element/f.1BBDEBF70A0905171D1AD33BCA73C599.d.B6DC24A96119612F01F3EAD39319B45E.e.9751/enabled - {}
COMMAND: GET /session/11c278e322621322209dbd84d797ae8b/screenshot - {}
RESULT: {}
COMMAND: POST /session/11c278e322621322209dbd84d797ae8b/execute/sync - {"script":"<script> [8489 bytes]","args":[{"element-6066-11e4-a52e-4f735466cecf":"f.1BBDEBF70A0905171D1AD33BCA73C599.d.B6DC24A96119612F01F3EAD39319B45E.e.9751","ELEMENT":"f.1BBDEBF70A0905171D1AD33BCA73C599.d.B6DC24A96119612F01F3EAD39319B45E.e.9751"}]}
COMMAND: GET /session/11c278e322621322209dbd84d797ae8b/screenshot - {}
RESULT: {}
RESULT: {"script":"<script> [8489 bytes]","args":[{"element-6066-11e4-a52e-4f735466cecf":"f.1BBDEBF70A0905171D1AD33BCA73C599.d.B6DC24A96119612F01F3EAD39319B45E.e.9751","ELEMENT":"f.1BBDEBF70A0905171D1AD33BCA73C599.d.B6DC24A96119612F01F3EAD39319B45E.e.9751"}]}
COMMAND: POST /session/11c278e322621322209dbd84d797ae8b/execute/sync - {"script":"<script> [5351 bytes]","args":[{"element-6066-11e4-a52e-4f735466cecf":"f.1BBDEBF70A0905171D1AD33BCA73C599.d.B6DC24A96119612F01F3EAD39319B45E.e.9751","ELEMENT":"f.1BBDEBF70A0905171D1AD33BCA73C599.d.B6DC24A96119612F01F3EAD39319B45E.e.9751"}]}
COMMAND: GET /session/11c278e322621322209dbd84d797ae8b/screenshot - {}
RESULT: {}
RESULT: {"script":"<script> [5351 bytes]","args":[{"element-6066-11e4-a52e-4f735466cecf":"f.1BBDEBF70A0905171D1AD33BCA73C599.d.B6DC24A96119612F01F3EAD39319B45E.e.9751","ELEMENT":"f.1BBDEBF70A0905171D1AD33BCA73C599.d.B6DC24A96119612F01F3EAD39319B45E.e.9751"}]}
COMMAND: POST /session/11c278e322621322209dbd84d797ae8b/element/f.1BBDEBF70A0905171D1AD33BCA73C599.d.B6DC24A96119612F01F3EAD39319B45E.e.9751/click - {}
COMMAND: GET /session/11c278e322621322209dbd84d797ae8b/screenshot - {}
RESULT: {}
RESULT: {}
COMMAND: GET /session/11c278e322621322209dbd84d797ae8b/screenshot - {}
RESULT: {}
RESULT: {}
COMMAND: POST /session/11c278e322621322209dbd84d797ae8b/actions - {"actions":[{"id":"action34","type":"key","parameters":{},"actions":[{"type":"keyDown","value":"î€‡"},{"type":"pause","duration":10},{"type":"keyUp","value":"î€‡"}]}]}
RESULT: {"actions":[{"id":"action34","type":"key","parameters":{},"actions":[{"type":"keyDown","value":"î€‡"},{"type":"pause","duration":10},{"type":"keyUp","value":"î€‡"}]}]}
COMMAND: GET /session/11c278e322621322209dbd84d797ae8b/screenshot - {}
RESULT: {}
COMMAND: POST /session/11c278e322621322209dbd84d797ae8b/execute/async - {"script":"<script> [1562 bytes]","args":[{"selector":{"id":"application-manageconditionprice-display-component---newCondition--condBillCond-arrow"},"wdio_ui5_key":"applicationmanageconditionprice-display-component---newCondition--condBillCond-arrow"}]}
RESULT: {"script":"<script> [1562 bytes]","args":[{"selector":{"id":"application-manageconditionprice-display-component---newCondition--condBillCond-arrow"},"wdio_ui5_key":"applicationmanageconditionprice-display-component---newCondition--condBillCond-arrow"}]}
RESULT: undefined
COMMAND: POST /session/11c278e322621322209dbd84d797ae8b/element - {"using":"xpath","value":"//*[@id=\"application-manageconditionprice-display-component---newCondition--condBillCond-arrow\"]"}
RESULT: {"using":"xpath","value":"//*[@id=\"application-manageconditionprice-display-component---newCondition--condBillCond-arrow\"]"}
COMMAND: POST /session/11c278e322621322209dbd84d797ae8b/element/f.1BBDEBF70A0905171D1AD33BCA73C599.d.B6DC24A96119612F01F3EAD39319B45E.e.9922/click - {}
RESULT: {}
COMMAND: GET /session/11c278e322621322209dbd84d797ae8b/screenshot - {}
RESULT: {}
COMMAND: POST /session/11c278e322621322209dbd84d797ae8b/element - {"using":"xpath","value":"//li[.//span[contains(text(), \"DISP - D&I special price\")]]"}
RESULT: {"using":"xpath","value":"//li[.//span[contains(text(), \"DISP - D&I special price\")]]"}
COMMAND: POST /session/11c278e322621322209dbd84d797ae8b/element/f.1BBDEBF70A0905171D1AD33BCA73C599.d.B6DC24A96119612F01F3EAD39319B45E.e.9926/click - {}
RESULT: {}
COMMAND: GET /session/11c278e322621322209dbd84d797ae8b/screenshot - {}
RESULT: {}
COMMAND: POST /session/11c278e322621322209dbd84d797ae8b/execute/async - {"script":"<script> [1562 bytes]","args":[{"selector":{"id":"application-manageconditionprice-display-component---newCondition--condValidTo","interaction":{"idSuffix":"inner"}},"wdio_ui5_key":"applicationmanageconditionprice-display-component---newCondition--condValidTo"}]}
RESULT: {"script":"<script> [1562 bytes]","args":[{"selector":{"id":"application-manageconditionprice-display-component---newCondition--condValidTo","interaction":{"idSuffix":"inner"}},"wdio_ui5_key":"applicationmanageconditionprice-display-component---newCondition--condValidTo"}]}
RESULT: undefined
COMMAND: POST /session/11c278e322621322209dbd84d797ae8b/execute/async - {"script":"<script> [776 bytes]","args":[{"enterText":"12/30/25","selector":{"id":"application-manageconditionprice-display-component---newCondition--condValidTo","interaction":{"idSuffix":"inner"}},"clearTextFirst":true,"interactionType":"ENTER_TEXT"}]}
RESULT: {"script":"<script> [776 bytes]","args":[{"enterText":"12/30/25","selector":{"id":"application-manageconditionprice-display-component---newCondition--condValidTo","interaction":{"idSuffix":"inner"}},"clearTextFirst":true,"interactionType":"ENTER_TEXT"}]}
COMMAND: POST /session/11c278e322621322209dbd84d797ae8b/element - {"using":"xpath","value":"//input[@id=\"application-manageconditionprice-display-component---newCondition--condRU-inner\"]"}
RESULT: {"using":"xpath","value":"//input[@id=\"application-manageconditionprice-display-component---newCondition--condRU-inner\"]"}
COMMAND: POST /session/11c278e322621322209dbd84d797ae8b/element/f.1BBDEBF70A0905171D1AD33BCA73C599.d.B6DC24A96119612F01F3EAD39319B45E.e.9793/clear - {}
RESULT: {}
COMMAND: POST /session/11c278e322621322209dbd84d797ae8b/element/f.1BBDEBF70A0905171D1AD33BCA73C599.d.B6DC24A96119612F01F3EAD39319B45E.e.9793/value - {"text":"tSk5nwMrRg"}
COMMAND: GET /session/11c278e322621322209dbd84d797ae8b/screenshot - {}
RESULT: {"text":"tSk5nwMrRg"}
COMMAND: GET /session/11c278e322621322209dbd84d797ae8b/screenshot - {}
RESULT: {}
RESULT: {}
COMMAND: POST /session/11c278e322621322209dbd84d797ae8b/actions - {"actions":[{"id":"action35","type":"key","parameters":{},"actions":[{"type":"keyDown","value":"î€‡"},{"type":"pause","duration":10},{"type":"keyUp","value":"î€‡"}]}]}
RESULT: {"actions":[{"id":"action35","type":"key","parameters":{},"actions":[{"type":"keyDown","value":"î€‡"},{"type":"pause","duration":10},{"type":"keyUp","value":"î€‡"}]}]}
COMMAND: POST /session/11c278e322621322209dbd84d797ae8b/execute/async - {"script":"<script> [1562 bytes]","args":[{"selector":{"id":"application-manageconditionprice-display-component---newCondition--condBaseQty","interaction":{"idSuffix":"inner"}},"wdio_ui5_key":"applicationmanageconditionprice-display-component---newCondition--condBaseQty"}]}
COMMAND: GET /session/11c278e322621322209dbd84d797ae8b/screenshot - {}
RESULT: {"script":"<script> [1562 bytes]","args":[{"selector":{"id":"application-manageconditionprice-display-component---newCondition--condBaseQty","interaction":{"idSuffix":"inner"}},"wdio_ui5_key":"applicationmanageconditionprice-display-component---newCondition--condBaseQty"}]}
RESULT: undefined
COMMAND: POST /session/11c278e322621322209dbd84d797ae8b/execute/async - {"script":"<script> [776 bytes]","args":[{"enterText":"1","selector":{"id":"application-manageconditionprice-display-component---newCondition--condBaseQty","interaction":{"idSuffix":"inner"}},"clearTextFirst":true,"interactionType":"ENTER_TEXT"}]}
RESULT: {}
RESULT: {"script":"<script> [776 bytes]","args":[{"enterText":"1","selector":{"id":"application-manageconditionprice-display-component---newCondition--condBaseQty","interaction":{"idSuffix":"inner"}},"clearTextFirst":true,"interactionType":"ENTER_TEXT"}]}
COMMAND: POST /session/11c278e322621322209dbd84d797ae8b/execute/async - {"script":"<script> [1562 bytes]","args":[{"selector":{"id":"application-manageconditionprice-display-component---newCondition--condValue","interaction":{"idSuffix":"inner"}},"wdio_ui5_key":"applicationmanageconditionprice-display-component---newCondition--condValue"}]}
RESULT: {"script":"<script> [1562 bytes]","args":[{"selector":{"id":"application-manageconditionprice-display-component---newCondition--condValue","interaction":{"idSuffix":"inner"}},"wdio_ui5_key":"applicationmanageconditionprice-display-component---newCondition--condValue"}]}
RESULT: undefined
COMMAND: POST /session/11c278e322621322209dbd84d797ae8b/execute/async - {"script":"<script> [776 bytes]","args":[{"enterText":"200","selector":{"id":"application-manageconditionprice-display-component---newCondition--condValue","interaction":{"idSuffix":"inner"}},"clearTextFirst":true,"interactionType":"ENTER_TEXT"}]}
RESULT: {"script":"<script> [776 bytes]","args":[{"enterText":"200","selector":{"id":"application-manageconditionprice-display-component---newCondition--condValue","interaction":{"idSuffix":"inner"}},"clearTextFirst":true,"interactionType":"ENTER_TEXT"}]}
COMMAND: POST /session/11c278e322621322209dbd84d797ae8b/execute/async - {"script":"<script> [1562 bytes]","args":[{"selector":{"id":"application-manageconditionprice-display-component---newCondition--condCurr-arrow"},"wdio_ui5_key":"applicationmanageconditionprice-display-component---newCondition--condCurr-arrow"}]}
RESULT: {"script":"<script> [1562 bytes]","args":[{"selector":{"id":"application-manageconditionprice-display-component---newCondition--condCurr-arrow"},"wdio_ui5_key":"applicationmanageconditionprice-display-component---newCondition--condCurr-arrow"}]}
RESULT: undefined
COMMAND: POST /session/11c278e322621322209dbd84d797ae8b/element - {"using":"xpath","value":"//*[@id=\"application-manageconditionprice-display-component---newCondition--condCurr-arrow\"]"}
RESULT: {"using":"xpath","value":"//*[@id=\"application-manageconditionprice-display-component---newCondition--condCurr-arrow\"]"}
COMMAND: POST /session/11c278e322621322209dbd84d797ae8b/element/f.1BBDEBF70A0905171D1AD33BCA73C599.d.B6DC24A96119612F01F3EAD39319B45E.e.9894/click - {}
RESULT: {}
COMMAND: POST /session/11c278e322621322209dbd84d797ae8b/element - {"using":"xpath","value":"//span[contains(text(), \"Euro\")]"}
COMMAND: GET /session/11c278e322621322209dbd84d797ae8b/screenshot - {}
RESULT: {"using":"xpath","value":"//span[contains(text(), \"Euro\")]"}
COMMAND: POST /session/11c278e322621322209dbd84d797ae8b/element/f.1BBDEBF70A0905171D1AD33BCA73C599.d.B6DC24A96119612F01F3EAD39319B45E.e.9963/click - {}
RESULT: {}
RESULT: {}
COMMAND: POST /session/11c278e322621322209dbd84d797ae8b/element - {"using":"xpath","value":"//button[@data-kt=\"saveButton\"]"}
COMMAND: GET /session/11c278e322621322209dbd84d797ae8b/screenshot - {}
RESULT: {"using":"xpath","value":"//button[@data-kt=\"saveButton\"]"}
COMMAND: POST /session/11c278e322621322209dbd84d797ae8b/element/f.1BBDEBF70A0905171D1AD33BCA73C599.d.B6DC24A96119612F01F3EAD39319B45E.e.9895/click - {}
RESULT: {}
RESULT: {}
COMMAND: GET /session/11c278e322621322209dbd84d797ae8b/screenshot - {}
RESULT: {}
COMMAND: POST /session/11c278e322621322209dbd84d797ae8b/execute/async - {"script":"<script> [1562 bytes]","args":[{"selector":{"id":"application-manageconditionprice-display-component---conditions--smartFilterBar-btnBasicSearch","interaction":{"idSuffix":"I"}},"wdio_ui5_key":"applicationmanageconditionprice-display-component---conditions--smartFilterBar-btnBasicSearch"}]}
RESULT: {"script":"<script> [1562 bytes]","args":[{"selector":{"id":"application-manageconditionprice-display-component---conditions--smartFilterBar-btnBasicSearch","interaction":{"idSuffix":"I"}},"wdio_ui5_key":"applicationmanageconditionprice-display-component---conditions--smartFilterBar-btnBasicSearch"}]}
RESULT: undefined
COMMAND: POST /session/11c278e322621322209dbd84d797ae8b/execute/async - {"script":"<script> [776 bytes]","args":[{"enterText":"tSk5nwMrRg","selector":{"id":"application-manageconditionprice-display-component---conditions--smartFilterBar-btnBasicSearch","interaction":{"idSuffix":"I"}},"clearTextFirst":true,"interactionType":"ENTER_TEXT"}]}
RESULT: {"script":"<script> [776 bytes]","args":[{"enterText":"tSk5nwMrRg","selector":{"id":"application-manageconditionprice-display-component---conditions--smartFilterBar-btnBasicSearch","interaction":{"idSuffix":"I"}},"clearTextFirst":true,"interactionType":"ENTER_TEXT"}]}
COMMAND: POST /session/11c278e322621322209dbd84d797ae8b/actions - {"actions":[{"id":"action36","type":"key","parameters":{},"actions":[{"type":"keyDown","value":"î€‡"},{"type":"pause","duration":10},{"type":"keyUp","value":"î€‡"}]}]}
RESULT: {"actions":[{"id":"action36","type":"key","parameters":{},"actions":[{"type":"keyDown","value":"î€‡"},{"type":"pause","duration":10},{"type":"keyUp","value":"î€‡"}]}]}
COMMAND: GET /session/11c278e322621322209dbd84d797ae8b/screenshot - {}
RESULT: {}
COMMAND: POST /session/11c278e322621322209dbd84d797ae8b/execute/async - {"script":"<script> [1562 bytes]","args":[{"selector":{"id":"application-manageconditionprice-display-component---conditions--smartFilterBar-filterItemControl_BASIC-BILL_TYPES-vhi"},"wdio_ui5_key":"applicationmanageconditionprice-display-component---conditions--smartFilterBar-filterItemControl_BASIC-BILL_TYPES-vhi"}]}
RESULT: {"script":"<script> [1562 bytes]","args":[{"selector":{"id":"application-manageconditionprice-display-component---conditions--smartFilterBar-filterItemControl_BASIC-BILL_TYPES-vhi"},"wdio_ui5_key":"applicationmanageconditionprice-display-component---conditions--smartFilterBar-filterItemControl_BASIC-BILL_TYPES-vhi"}]}
RESULT: undefined
COMMAND: POST /session/11c278e322621322209dbd84d797ae8b/element - {"using":"xpath","value":"//*[@id=\"application-manageconditionprice-display-component---conditions--smartFilterBar-filterItemControl_BASIC-BILL_TYPES-vhi\"]"}
RESULT: {"using":"xpath","value":"//*[@id=\"application-manageconditionprice-display-component---conditions--smartFilterBar-filterItemControl_BASIC-BILL_TYPES-vhi\"]"}
COMMAND: POST /session/11c278e322621322209dbd84d797ae8b/element/f.1BBDEBF70A0905171D1AD33BCA73C599.d.B6DC24A96119612F01F3EAD39319B45E.e.9980/click - {}
RESULT: {}
COMMAND: POST /session/11c278e322621322209dbd84d797ae8b/execute/async - {"script":"<script> [1562 bytes]","args":[{"selector":{"id":"application-manageconditionprice-display-component---conditions--smartFilterBar-filterItemControl_BASIC-BILL_TYPES-valueHelpDialog-smartFilterBar-btnBasicSearch","searchOpenDialogs":true,"interaction":{"idSuffix":"I"}},"wdio_ui5_key":"applicationmanageconditionprice-display-component---conditions--smartFilterBar-filterItemControl_BASIC-BILL_TYPES-valueHelpDialog-smartFilterBar-btnBasicSearch"}]}
COMMAND: GET /session/11c278e322621322209dbd84d797ae8b/screenshot - {}
RESULT: {"script":"<script> [1562 bytes]","args":[{"selector":{"id":"application-manageconditionprice-display-component---conditions--smartFilterBar-filterItemControl_BASIC-BILL_TYPES-valueHelpDialog-smartFilterBar-btnBasicSearch","searchOpenDialogs":true,"interaction":{"idSuffix":"I"}},"wdio_ui5_key":"applicationmanageconditionprice-display-component---conditions--smartFilterBar-filterItemControl_BASIC-BILL_TYPES-valueHelpDialog-smartFilterBar-btnBasicSearch"}]}
RESULT: undefined
COMMAND: POST /session/11c278e322621322209dbd84d797ae8b/execute/async - {"script":"<script> [776 bytes]","args":[{"enterText":"TB","selector":{"id":"application-manageconditionprice-display-component---conditions--smartFilterBar-filterItemControl_BASIC-BILL_TYPES-valueHelpDialog-smartFilterBar-btnBasicSearch","searchOpenDialogs":true,"interaction":{"idSuffix":"I"}},"clearTextFirst":true,"interactionType":"ENTER_TEXT"}]}
RESULT: {}
RESULT: {"script":"<script> [776 bytes]","args":[{"enterText":"TB","selector":{"id":"application-manageconditionprice-display-component---conditions--smartFilterBar-filterItemControl_BASIC-BILL_TYPES-valueHelpDialog-smartFilterBar-btnBasicSearch","searchOpenDialogs":true,"interaction":{"idSuffix":"I"}},"clearTextFirst":true,"interactionType":"ENTER_TEXT"}]}
COMMAND: POST /session/11c278e322621322209dbd84d797ae8b/actions - {"actions":[{"id":"action37","type":"key","parameters":{},"actions":[{"type":"keyDown","value":"î€‡"},{"type":"pause","duration":10},{"type":"keyUp","value":"î€‡"}]}]}
RESULT: {"actions":[{"id":"action37","type":"key","parameters":{},"actions":[{"type":"keyDown","value":"î€‡"},{"type":"pause","duration":10},{"type":"keyUp","value":"î€‡"}]}]}
COMMAND: GET /session/11c278e322621322209dbd84d797ae8b/screenshot - {}
RESULT: {}
COMMAND: POST /session/11c278e322621322209dbd84d797ae8b/element - {"using":"xpath","value":"//div[contains(@id, 'application-manageconditionprice-display-component---conditions--smartFilterBar-filterItemControl_BASIC-BILL_TYPES-valueHelpDialog-table-rowsel0')]"}
RESULT: {"using":"xpath","value":"//div[contains(@id, 'application-manageconditionprice-display-component---conditions--smartFilterBar-filterItemControl_BASIC-BILL_TYPES-valueHelpDialog-table-rowsel0')]"}
COMMAND: POST /session/11c278e322621322209dbd84d797ae8b/element/f.1BBDEBF70A0905171D1AD33BCA73C599.d.B6DC24A96119612F01F3EAD39319B45E.e.9989/click - {}
RESULT: {}
COMMAND: GET /session/11c278e322621322209dbd84d797ae8b/screenshot - {}
RESULT: {}
COMMAND: POST /session/11c278e322621322209dbd84d797ae8b/element - {"using":"xpath","value":"//bdi[contains(text(), \"OK\")]"}
RESULT: {"using":"xpath","value":"//bdi[contains(text(), \"OK\")]"}
COMMAND: POST /session/11c278e322621322209dbd84d797ae8b/element/f.1BBDEBF70A0905171D1AD33BCA73C599.d.B6DC24A96119612F01F3EAD39319B45E.e.9991/click - {}
RESULT: {}
COMMAND: GET /session/11c278e322621322209dbd84d797ae8b/screenshot - {}
RESULT: {}
COMMAND: POST /session/11c278e322621322209dbd84d797ae8b/element - {"using":"xpath","value":"//span[@id=\"application-manageconditionprice-display-component---conditions--smartTable-header-inner\"]"}
RESULT: {"using":"xpath","value":"//span[@id=\"application-manageconditionprice-display-component---conditions--smartTable-header-inner\"]"}
COMMAND: POST /session/11c278e322621322209dbd84d797ae8b/elements - {"using":"xpath","value":"//span[@id=\"application-manageconditionprice-display-component---conditions--smartTable-header-inner\"]"}
RESULT: {"using":"xpath","value":"//span[@id=\"application-manageconditionprice-display-component---conditions--smartTable-header-inner\"]"}
COMMAND: POST /session/11c278e322621322209dbd84d797ae8b/execute/sync - {"script":"<script> [56 bytes]","args":[{"element-6066-11e4-a52e-4f735466cecf":"f.1BBDEBF70A0905171D1AD33BCA73C599.d.B6DC24A96119612F01F3EAD39319B45E.e.9994","ELEMENT":"f.1BBDEBF70A0905171D1AD33BCA73C599.d.B6DC24A96119612F01F3EAD39319B45E.e.9994"}]}
RESULT: {"script":"<script> [56 bytes]","args":[{"element-6066-11e4-a52e-4f735466cecf":"f.1BBDEBF70A0905171D1AD33BCA73C599.d.B6DC24A96119612F01F3EAD39319B45E.e.9994","ELEMENT":"f.1BBDEBF70A0905171D1AD33BCA73C599.d.B6DC24A96119612F01F3EAD39319B45E.e.9994"}]}
COMMAND: POST /session/11c278e322621322209dbd84d797ae8b/element - {"using":"css selector","value":"#shell-header-logo"}
COMMAND: GET /session/11c278e322621322209dbd84d797ae8b/screenshot - {}
RESULT: {"using":"css selector","value":"#shell-header-logo"}
COMMAND: POST /session/11c278e322621322209dbd84d797ae8b/element/f.1BBDEBF70A0905171D1AD33BCA73C599.d.B6DC24A96119612F01F3EAD39319B45E.e.9719/click - {}
RESULT: {}
RESULT: {}
COMMAND: GET /session/11c278e322621322209dbd84d797ae8b/screenshot - {}
RESULT: {}
]]></system-out>
    </testcase>
    <testcase classname="chrome.135_0_7049_96.windows.Billing_Transfer_-_Intracompany_US127249" name="Should do a stock increase handover" time="78.851">
      <system-out><![CDATA[
COMMAND: POST /session/11c278e322621322209dbd84d797ae8b/execute/async - {"script":"<script> [1562 bytes]","args":[{"selector":{"controlType":"sap.m.Text","viewName":"etm.portal.ui.managehandoverstile.view.Master","properties":{"text":"Manage Handovers"},"interaction":{"idSuffix":"inner"}},"wdio_ui5_key":"etmportal.ui.managehandoverstile.view.Mastersap.m.Text{\"text\":\"Manage Handovers\"}"}]}
RESULT: {"script":"<script> [1562 bytes]","args":[{"selector":{"controlType":"sap.m.Text","viewName":"etm.portal.ui.managehandoverstile.view.Master","properties":{"text":"Manage Handovers"},"interaction":{"idSuffix":"inner"}},"wdio_ui5_key":"etmportal.ui.managehandoverstile.view.Mastersap.m.Text{\"text\":\"Manage Handovers\"}"}]}
RESULT: undefined
COMMAND: POST /session/11c278e322621322209dbd84d797ae8b/element - {"using":"xpath","value":"//*[@id=\"__tile132-title\"]"}
RESULT: {"using":"xpath","value":"//*[@id=\"__tile132-title\"]"}
COMMAND: POST /session/11c278e322621322209dbd84d797ae8b/element/f.1BBDEBF70A0905171D1AD33BCA73C599.d.B6DC24A96119612F01F3EAD39319B45E.e.9999/click - {}
RESULT: {}
COMMAND: POST /session/11c278e322621322209dbd84d797ae8b/element - {"using":"xpath","value":"//button[@data-kt=\"masterHOAddButton\"]"}
COMMAND: GET /session/11c278e322621322209dbd84d797ae8b/screenshot - {}
RESULT: {"using":"xpath","value":"//button[@data-kt=\"masterHOAddButton\"]"}
COMMAND: POST /session/11c278e322621322209dbd84d797ae8b/elements - {"using":"xpath","value":"//button[@data-kt=\"masterHOAddButton\"]"}
RESULT: {}
RESULT: {"using":"xpath","value":"//button[@data-kt=\"masterHOAddButton\"]"}
COMMAND: POST /session/11c278e322621322209dbd84d797ae8b/elements - {"using":"xpath","value":"//button[@data-kt=\"masterHOAddButton\"]"}
RESULT: {"using":"xpath","value":"//button[@data-kt=\"masterHOAddButton\"]"}
COMMAND: POST /session/11c278e322621322209dbd84d797ae8b/elements - {"using":"xpath","value":"//button[@data-kt=\"masterHOAddButton\"]"}
RESULT: {"using":"xpath","value":"//button[@data-kt=\"masterHOAddButton\"]"}
COMMAND: POST /session/11c278e322621322209dbd84d797ae8b/elements - {"using":"xpath","value":"//button[@data-kt=\"masterHOAddButton\"]"}
RESULT: {"using":"xpath","value":"//button[@data-kt=\"masterHOAddButton\"]"}
COMMAND: POST /session/11c278e322621322209dbd84d797ae8b/elements - {"using":"xpath","value":"//button[@data-kt=\"masterHOAddButton\"]"}
RESULT: {"using":"xpath","value":"//button[@data-kt=\"masterHOAddButton\"]"}
COMMAND: POST /session/11c278e322621322209dbd84d797ae8b/elements - {"using":"xpath","value":"//button[@data-kt=\"masterHOAddButton\"]"}
RESULT: {"using":"xpath","value":"//button[@data-kt=\"masterHOAddButton\"]"}
COMMAND: POST /session/11c278e322621322209dbd84d797ae8b/elements - {"using":"xpath","value":"//button[@data-kt=\"masterHOAddButton\"]"}
RESULT: {"using":"xpath","value":"//button[@data-kt=\"masterHOAddButton\"]"}
COMMAND: POST /session/11c278e322621322209dbd84d797ae8b/elements - {"using":"xpath","value":"//button[@data-kt=\"masterHOAddButton\"]"}
RESULT: {"using":"xpath","value":"//button[@data-kt=\"masterHOAddButton\"]"}
COMMAND: POST /session/11c278e322621322209dbd84d797ae8b/elements - {"using":"xpath","value":"//button[@data-kt=\"masterHOAddButton\"]"}
RESULT: {"using":"xpath","value":"//button[@data-kt=\"masterHOAddButton\"]"}
COMMAND: POST /session/11c278e322621322209dbd84d797ae8b/elements - {"using":"xpath","value":"//button[@data-kt=\"masterHOAddButton\"]"}
RESULT: {"using":"xpath","value":"//button[@data-kt=\"masterHOAddButton\"]"}
COMMAND: POST /session/11c278e322621322209dbd84d797ae8b/elements - {"using":"xpath","value":"//button[@data-kt=\"masterHOAddButton\"]"}
RESULT: {"using":"xpath","value":"//button[@data-kt=\"masterHOAddButton\"]"}
COMMAND: POST /session/11c278e322621322209dbd84d797ae8b/elements - {"using":"xpath","value":"//button[@data-kt=\"masterHOAddButton\"]"}
RESULT: {"using":"xpath","value":"//button[@data-kt=\"masterHOAddButton\"]"}
COMMAND: POST /session/11c278e322621322209dbd84d797ae8b/elements - {"using":"xpath","value":"//button[@data-kt=\"masterHOAddButton\"]"}
RESULT: {"using":"xpath","value":"//button[@data-kt=\"masterHOAddButton\"]"}
COMMAND: POST /session/11c278e322621322209dbd84d797ae8b/elements - {"using":"xpath","value":"//button[@data-kt=\"masterHOAddButton\"]"}
RESULT: {"using":"xpath","value":"//button[@data-kt=\"masterHOAddButton\"]"}
COMMAND: POST /session/11c278e322621322209dbd84d797ae8b/elements - {"using":"xpath","value":"//button[@data-kt=\"masterHOAddButton\"]"}
RESULT: {"using":"xpath","value":"//button[@data-kt=\"masterHOAddButton\"]"}
COMMAND: POST /session/11c278e322621322209dbd84d797ae8b/element - {"using":"xpath","value":"//button[@data-kt=\"masterHOAddButton\"]"}
RESULT: {"using":"xpath","value":"//button[@data-kt=\"masterHOAddButton\"]"}
COMMAND: POST /session/11c278e322621322209dbd84d797ae8b/execute/sync - {"script":"<script> [8489 bytes]","args":[{"element-6066-11e4-a52e-4f735466cecf":"f.1BBDEBF70A0905171D1AD33BCA73C599.d.B6DC24A96119612F01F3EAD39319B45E.e.10029","ELEMENT":"f.1BBDEBF70A0905171D1AD33BCA73C599.d.B6DC24A96119612F01F3EAD39319B45E.e.10029"}]}
RESULT: {"script":"<script> [8489 bytes]","args":[{"element-6066-11e4-a52e-4f735466cecf":"f.1BBDEBF70A0905171D1AD33BCA73C599.d.B6DC24A96119612F01F3EAD39319B45E.e.10029","ELEMENT":"f.1BBDEBF70A0905171D1AD33BCA73C599.d.B6DC24A96119612F01F3EAD39319B45E.e.10029"}]}
COMMAND: GET /session/11c278e322621322209dbd84d797ae8b/element/f.1BBDEBF70A0905171D1AD33BCA73C599.d.B6DC24A96119612F01F3EAD39319B45E.e.10029/enabled - {}
COMMAND: GET /session/11c278e322621322209dbd84d797ae8b/screenshot - {}
RESULT: {}
COMMAND: POST /session/11c278e322621322209dbd84d797ae8b/execute/sync - {"script":"<script> [8489 bytes]","args":[{"element-6066-11e4-a52e-4f735466cecf":"f.1BBDEBF70A0905171D1AD33BCA73C599.d.B6DC24A96119612F01F3EAD39319B45E.e.10029","ELEMENT":"f.1BBDEBF70A0905171D1AD33BCA73C599.d.B6DC24A96119612F01F3EAD39319B45E.e.10029"}]}
COMMAND: GET /session/11c278e322621322209dbd84d797ae8b/screenshot - {}
RESULT: {}
RESULT: {"script":"<script> [8489 bytes]","args":[{"element-6066-11e4-a52e-4f735466cecf":"f.1BBDEBF70A0905171D1AD33BCA73C599.d.B6DC24A96119612F01F3EAD39319B45E.e.10029","ELEMENT":"f.1BBDEBF70A0905171D1AD33BCA73C599.d.B6DC24A96119612F01F3EAD39319B45E.e.10029"}]}
COMMAND: POST /session/11c278e322621322209dbd84d797ae8b/execute/sync - {"script":"<script> [5351 bytes]","args":[{"element-6066-11e4-a52e-4f735466cecf":"f.1BBDEBF70A0905171D1AD33BCA73C599.d.B6DC24A96119612F01F3EAD39319B45E.e.10029","ELEMENT":"f.1BBDEBF70A0905171D1AD33BCA73C599.d.B6DC24A96119612F01F3EAD39319B45E.e.10029"}]}
COMMAND: GET /session/11c278e322621322209dbd84d797ae8b/screenshot - {}
RESULT: {}
RESULT: {"script":"<script> [5351 bytes]","args":[{"element-6066-11e4-a52e-4f735466cecf":"f.1BBDEBF70A0905171D1AD33BCA73C599.d.B6DC24A96119612F01F3EAD39319B45E.e.10029","ELEMENT":"f.1BBDEBF70A0905171D1AD33BCA73C599.d.B6DC24A96119612F01F3EAD39319B45E.e.10029"}]}
COMMAND: POST /session/11c278e322621322209dbd84d797ae8b/element/f.1BBDEBF70A0905171D1AD33BCA73C599.d.B6DC24A96119612F01F3EAD39319B45E.e.10029/click - {}
COMMAND: GET /session/11c278e322621322209dbd84d797ae8b/screenshot - {}
RESULT: {}
RESULT: {}
COMMAND: GET /session/11c278e322621322209dbd84d797ae8b/screenshot - {}
RESULT: {}
RESULT: {}
COMMAND: POST /session/11c278e322621322209dbd84d797ae8b/element - {"using":"xpath","value":"//span[contains(@id ,\"AddNewHO--typeSelect-arrow\")]"}
RESULT: {"using":"xpath","value":"//span[contains(@id ,\"AddNewHO--typeSelect-arrow\")]"}
COMMAND: POST /session/11c278e322621322209dbd84d797ae8b/element/f.1BBDEBF70A0905171D1AD33BCA73C599.d.B6DC24A96119612F01F3EAD39319B45E.e.10395/click - {}
RESULT: {}
COMMAND: GET /session/11c278e322621322209dbd84d797ae8b/screenshot - {}
RESULT: {}
COMMAND: POST /session/11c278e322621322209dbd84d797ae8b/element - {"using":"xpath","value":"(//li[contains(text(), \"stock increase yard\")])[1]"}
RESULT: {"using":"xpath","value":"(//li[contains(text(), \"stock increase yard\")])[1]"}
COMMAND: POST /session/11c278e322621322209dbd84d797ae8b/element/f.1BBDEBF70A0905171D1AD33BCA73C599.d.B6DC24A96119612F01F3EAD39319B45E.e.10396/click - {}
RESULT: {}
COMMAND: GET /session/11c278e322621322209dbd84d797ae8b/screenshot - {}
RESULT: {}
COMMAND: POST /session/11c278e322621322209dbd84d797ae8b/execute/async - {"script":"<script> [1562 bytes]","args":[{"selector":{"id":"application-managehandovers-display-component---AddNewHO--dueDate","interaction":{"idSuffix":"inner"}},"wdio_ui5_key":"applicationmanagehandovers-display-component---AddNewHO--dueDate"}]}
RESULT: {"script":"<script> [1562 bytes]","args":[{"selector":{"id":"application-managehandovers-display-component---AddNewHO--dueDate","interaction":{"idSuffix":"inner"}},"wdio_ui5_key":"applicationmanagehandovers-display-component---AddNewHO--dueDate"}]}
RESULT: undefined
COMMAND: POST /session/11c278e322621322209dbd84d797ae8b/execute/async - {"script":"<script> [6424 bytes]","args":[{"element-6066-11e4-a52e-4f735466cecf":"f.1BBDEBF70A0905171D1AD33BCA73C599.d.B6DC24A96119612F01F3EAD39319B45E.e.10398"},"setValue",["04/30/2025"]]}
RESULT: {"script":"<script> [6424 bytes]","args":[{"element-6066-11e4-a52e-4f735466cecf":"f.1BBDEBF70A0905171D1AD33BCA73C599.d.B6DC24A96119612F01F3EAD39319B45E.e.10398"},"setValue",["04/30/2025"]]}
COMMAND: POST /session/11c278e322621322209dbd84d797ae8b/element - {"using":"xpath","value":"//input[@id=\"generalSectionFrg--receiveYard-inner\"]"}
RESULT: {"using":"xpath","value":"//input[@id=\"generalSectionFrg--receiveYard-inner\"]"}
COMMAND: POST /session/11c278e322621322209dbd84d797ae8b/element/f.1BBDEBF70A0905171D1AD33BCA73C599.d.B6DC24A96119612F01F3EAD39319B45E.e.10404/clear - {}
RESULT: {}
COMMAND: POST /session/11c278e322621322209dbd84d797ae8b/element/f.1BBDEBF70A0905171D1AD33BCA73C599.d.B6DC24A96119612F01F3EAD39319B45E.e.10404/value - {"text":"471"}
COMMAND: GET /session/11c278e322621322209dbd84d797ae8b/screenshot - {}
RESULT: {"text":"471"}
COMMAND: GET /session/11c278e322621322209dbd84d797ae8b/screenshot - {}
RESULT: {}
RESULT: {}
COMMAND: POST /session/11c278e322621322209dbd84d797ae8b/element - {"using":"xpath","value":"//li[.//span[text()='471']]"}
RESULT: {"using":"xpath","value":"//li[.//span[text()='471']]"}
COMMAND: POST /session/11c278e322621322209dbd84d797ae8b/element/f.1BBDEBF70A0905171D1AD33BCA73C599.d.B6DC24A96119612F01F3EAD39319B45E.e.10422/click - {}
RESULT: {}
COMMAND: GET /session/11c278e322621322209dbd84d797ae8b/screenshot - {}
RESULT: {}
COMMAND: POST /session/11c278e322621322209dbd84d797ae8b/execute/async - {"script":"<script> [1562 bytes]","args":[{"selector":{"id":"application-managehandovers-display-component---AddNewHO--ObjectPageLayout-anchBar-application-managehandovers-display-component---AddNewHO--section4-anchor","interaction":{"idSuffix":"BDI-content"}},"wdio_ui5_key":"applicationmanagehandovers-display-component---AddNewHO--ObjectPageLayout-anchBar-application-managehandovers-display-component---AddNewHO--section4-anchor"}]}
RESULT: {"script":"<script> [1562 bytes]","args":[{"selector":{"id":"application-managehandovers-display-component---AddNewHO--ObjectPageLayout-anchBar-application-managehandovers-display-component---AddNewHO--section4-anchor","interaction":{"idSuffix":"BDI-content"}},"wdio_ui5_key":"applicationmanagehandovers-display-component---AddNewHO--ObjectPageLayout-anchBar-application-managehandovers-display-component---AddNewHO--section4-anchor"}]}
RESULT: undefined
COMMAND: POST /session/11c278e322621322209dbd84d797ae8b/element - {"using":"xpath","value":"//*[@id=\"application-managehandovers-display-component---AddNewHO--ObjectPageLayout-anchBar-application-managehandovers-display-component---AddNewHO--section4-anchor\"]"}
RESULT: {"using":"xpath","value":"//*[@id=\"application-managehandovers-display-component---AddNewHO--ObjectPageLayout-anchBar-application-managehandovers-display-component---AddNewHO--section4-anchor\"]"}
COMMAND: POST /session/11c278e322621322209dbd84d797ae8b/element/f.1BBDEBF70A0905171D1AD33BCA73C599.d.B6DC24A96119612F01F3EAD39319B45E.e.10424/click - {}
RESULT: {}
COMMAND: POST /session/11c278e322621322209dbd84d797ae8b/element - {"using":"xpath","value":"//button[@aria-label=\"Add\"]"}
COMMAND: GET /session/11c278e322621322209dbd84d797ae8b/screenshot - {}
RESULT: {"using":"xpath","value":"//button[@aria-label=\"Add\"]"}
COMMAND: POST /session/11c278e322621322209dbd84d797ae8b/element/f.1BBDEBF70A0905171D1AD33BCA73C599.d.B6DC24A96119612F01F3EAD39319B45E.e.10428/click - {}
RESULT: {}
RESULT: {}
COMMAND: GET /session/11c278e322621322209dbd84d797ae8b/screenshot - {}
RESULT: {}
COMMAND: POST /session/11c278e322621322209dbd84d797ae8b/execute/async - {"script":"<script> [1562 bytes]","args":[{"selector":{"id":"application-managehandovers-display-component---AddNewHO--smartFilterBar-btnBasicSearch","searchOpenDialogs":true,"interaction":{"idSuffix":"I"}},"wdio_ui5_key":"applicationmanagehandovers-display-component---AddNewHO--smartFilterBar-btnBasicSearch"}]}
RESULT: {"script":"<script> [1562 bytes]","args":[{"selector":{"id":"application-managehandovers-display-component---AddNewHO--smartFilterBar-btnBasicSearch","searchOpenDialogs":true,"interaction":{"idSuffix":"I"}},"wdio_ui5_key":"applicationmanagehandovers-display-component---AddNewHO--smartFilterBar-btnBasicSearch"}]}
RESULT: undefined
COMMAND: POST /session/11c278e322621322209dbd84d797ae8b/execute/async - {"script":"<script> [776 bytes]","args":[{"enterText":"tSk5nwMrRg","selector":{"id":"application-managehandovers-display-component---AddNewHO--smartFilterBar-btnBasicSearch","searchOpenDialogs":true,"interaction":{"idSuffix":"I"}},"clearTextFirst":true,"interactionType":"ENTER_TEXT"}]}
RESULT: {"script":"<script> [776 bytes]","args":[{"enterText":"tSk5nwMrRg","selector":{"id":"application-managehandovers-display-component---AddNewHO--smartFilterBar-btnBasicSearch","searchOpenDialogs":true,"interaction":{"idSuffix":"I"}},"clearTextFirst":true,"interactionType":"ENTER_TEXT"}]}
COMMAND: POST /session/11c278e322621322209dbd84d797ae8b/actions - {"actions":[{"id":"action38","type":"key","parameters":{},"actions":[{"type":"keyDown","value":"î€‡"},{"type":"pause","duration":10},{"type":"keyUp","value":"î€‡"}]}]}
RESULT: {"actions":[{"id":"action38","type":"key","parameters":{},"actions":[{"type":"keyDown","value":"î€‡"},{"type":"pause","duration":10},{"type":"keyUp","value":"î€‡"}]}]}
COMMAND: GET /session/11c278e322621322209dbd84d797ae8b/screenshot - {}
RESULT: {}
COMMAND: POST /session/11c278e322621322209dbd84d797ae8b/execute/async - {"script":"<script> [1562 bytes]","args":[{"selector":{"id":"application-managehandovers-display-component---AddNewHO--popup-sa","searchOpenDialogs":true,"interaction":{"idSuffix":"CbBg"}},"wdio_ui5_key":"applicationmanagehandovers-display-component---AddNewHO--popup-sa"}]}
RESULT: {"script":"<script> [1562 bytes]","args":[{"selector":{"id":"application-managehandovers-display-component---AddNewHO--popup-sa","searchOpenDialogs":true,"interaction":{"idSuffix":"CbBg"}},"wdio_ui5_key":"applicationmanagehandovers-display-component---AddNewHO--popup-sa"}]}
RESULT: undefined
COMMAND: POST /session/11c278e322621322209dbd84d797ae8b/element - {"using":"xpath","value":"//*[@id=\"application-managehandovers-display-component---AddNewHO--popup-sa\"]"}
RESULT: {"using":"xpath","value":"//*[@id=\"application-managehandovers-display-component---AddNewHO--popup-sa\"]"}
COMMAND: POST /session/11c278e322621322209dbd84d797ae8b/element/f.1BBDEBF70A0905171D1AD33BCA73C599.d.B6DC24A96119612F01F3EAD39319B45E.e.10581/click - {}
RESULT: {}
COMMAND: GET /session/11c278e322621322209dbd84d797ae8b/screenshot - {}
RESULT: {}
COMMAND: POST /session/11c278e322621322209dbd84d797ae8b/element - {"using":"xpath","value":"//bdi[contains(text(), \"Select\")]"}
RESULT: {"using":"xpath","value":"//bdi[contains(text(), \"Select\")]"}
COMMAND: POST /session/11c278e322621322209dbd84d797ae8b/element/f.1BBDEBF70A0905171D1AD33BCA73C599.d.B6DC24A96119612F01F3EAD39319B45E.e.10582/click - {}
RESULT: {}
COMMAND: GET /session/11c278e322621322209dbd84d797ae8b/screenshot - {}
RESULT: {}
COMMAND: POST /session/11c278e322621322209dbd84d797ae8b/element - {"using":"xpath","value":"//button[@data-kt=\"AddNewHOSaveButton\"]"}
RESULT: {"using":"xpath","value":"//button[@data-kt=\"AddNewHOSaveButton\"]"}
COMMAND: POST /session/11c278e322621322209dbd84d797ae8b/element/f.1BBDEBF70A0905171D1AD33BCA73C599.d.B6DC24A96119612F01F3EAD39319B45E.e.10586/click - {}
RESULT: {}
COMMAND: GET /session/11c278e322621322209dbd84d797ae8b/screenshot - {}
RESULT: {}
COMMAND: POST /session/11c278e322621322209dbd84d797ae8b/execute/async - {"script":"<script> [1562 bytes]","args":[{"selector":{"id":"receiptDatePicker","viewName":"etm.portal.ui.managehandovers.view.DetailExecuteHO","interaction":{"idSuffix":"inner"}},"wdio_ui5_key":"receiptDatePickeretmportal.ui.managehandovers.view.DetailExecuteHO"}]}
RESULT: {"script":"<script> [1562 bytes]","args":[{"selector":{"id":"receiptDatePicker","viewName":"etm.portal.ui.managehandovers.view.DetailExecuteHO","interaction":{"idSuffix":"inner"}},"wdio_ui5_key":"receiptDatePickeretmportal.ui.managehandovers.view.DetailExecuteHO"}]}
RESULT: undefined
COMMAND: POST /session/11c278e322621322209dbd84d797ae8b/execute/async - {"script":"<script> [6424 bytes]","args":[{"element-6066-11e4-a52e-4f735466cecf":"f.1BBDEBF70A0905171D1AD33BCA73C599.d.B6DC24A96119612F01F3EAD39319B45E.e.10614"},"setValue",["04/30/2025"]]}
RESULT: {"script":"<script> [6424 bytes]","args":[{"element-6066-11e4-a52e-4f735466cecf":"f.1BBDEBF70A0905171D1AD33BCA73C599.d.B6DC24A96119612F01F3EAD39319B45E.e.10614"},"setValue",["04/30/2025"]]}
COMMAND: POST /session/11c278e322621322209dbd84d797ae8b/element - {"using":"xpath","value":"//button[@data-kt=\"PickingTableConfirmAllButton\"]"}
RESULT: {"using":"xpath","value":"//button[@data-kt=\"PickingTableConfirmAllButton\"]"}
COMMAND: POST /session/11c278e322621322209dbd84d797ae8b/element/f.1BBDEBF70A0905171D1AD33BCA73C599.d.B6DC24A96119612F01F3EAD39319B45E.e.10629/click - {}
RESULT: {}
COMMAND: GET /session/11c278e322621322209dbd84d797ae8b/screenshot - {}
RESULT: {}
COMMAND: POST /session/11c278e322621322209dbd84d797ae8b/element - {"using":"xpath","value":"//bdi[contains(text(), \"OK\")]"}
RESULT: {"using":"xpath","value":"//bdi[contains(text(), \"OK\")]"}
COMMAND: POST /session/11c278e322621322209dbd84d797ae8b/element/f.1BBDEBF70A0905171D1AD33BCA73C599.d.B6DC24A96119612F01F3EAD39319B45E.e.10631/click - {}
RESULT: {}
COMMAND: GET /session/11c278e322621322209dbd84d797ae8b/screenshot - {}
RESULT: {}
COMMAND: POST /session/11c278e322621322209dbd84d797ae8b/element - {"using":"xpath","value":"(//bdi[contains(text(), \"Receive\")])[2]"}
RESULT: {"using":"xpath","value":"(//bdi[contains(text(), \"Receive\")])[2]"}
COMMAND: POST /session/11c278e322621322209dbd84d797ae8b/element/f.1BBDEBF70A0905171D1AD33BCA73C599.d.B6DC24A96119612F01F3EAD39319B45E.e.10633/click - {}
RESULT: {}
COMMAND: GET /session/11c278e322621322209dbd84d797ae8b/screenshot - {}
RESULT: {}
COMMAND: POST /session/11c278e322621322209dbd84d797ae8b/element - {"using":"css selector","value":"#shell-header-logo"}
RESULT: {"using":"css selector","value":"#shell-header-logo"}
COMMAND: POST /session/11c278e322621322209dbd84d797ae8b/element/f.1BBDEBF70A0905171D1AD33BCA73C599.d.B6DC24A96119612F01F3EAD39319B45E.e.10001/click - {}
RESULT: {}
COMMAND: GET /session/11c278e322621322209dbd84d797ae8b/screenshot - {}
RESULT: {}
]]></system-out>
    </testcase>
    <testcase classname="chrome.135_0_7049_96.windows.Billing_Transfer_-_Intracompany_US127249" name="Should create a new contract" time="55.347">
      <system-out><![CDATA[
COMMAND: POST /session/11c278e322621322209dbd84d797ae8b/execute/async - {"script":"<script> [1562 bytes]","args":[{"selector":{"controlType":"sap.m.Text","viewName":"etm.portal.ui.managecontractstile.view.Master","properties":{"text":"Manage Contracts"},"interaction":{"idSuffix":"inner"}},"wdio_ui5_key":"etmportal.ui.managecontractstile.view.Mastersap.m.Text{\"text\":\"Manage Contracts\"}"}]}
RESULT: {"script":"<script> [1562 bytes]","args":[{"selector":{"controlType":"sap.m.Text","viewName":"etm.portal.ui.managecontractstile.view.Master","properties":{"text":"Manage Contracts"},"interaction":{"idSuffix":"inner"}},"wdio_ui5_key":"etmportal.ui.managecontractstile.view.Mastersap.m.Text{\"text\":\"Manage Contracts\"}"}]}
RESULT: undefined
COMMAND: POST /session/11c278e322621322209dbd84d797ae8b/element - {"using":"xpath","value":"//*[@id=\"__tile130-title\"]"}
RESULT: {"using":"xpath","value":"//*[@id=\"__tile130-title\"]"}
COMMAND: POST /session/11c278e322621322209dbd84d797ae8b/element/f.1BBDEBF70A0905171D1AD33BCA73C599.d.B6DC24A96119612F01F3EAD39319B45E.e.10803/click - {}
RESULT: {}
COMMAND: GET /session/11c278e322621322209dbd84d797ae8b/screenshot - {}
RESULT: {}
COMMAND: POST /session/11c278e322621322209dbd84d797ae8b/element - {"using":"xpath","value":"//button[@data-kt=\"addButton\"]"}
RESULT: {"using":"xpath","value":"//button[@data-kt=\"addButton\"]"}
COMMAND: POST /session/11c278e322621322209dbd84d797ae8b/elements - {"using":"xpath","value":"//button[@data-kt=\"addButton\"]"}
RESULT: {"using":"xpath","value":"//button[@data-kt=\"addButton\"]"}
COMMAND: POST /session/11c278e322621322209dbd84d797ae8b/elements - {"using":"xpath","value":"//button[@data-kt=\"addButton\"]"}
RESULT: {"using":"xpath","value":"//button[@data-kt=\"addButton\"]"}
COMMAND: POST /session/11c278e322621322209dbd84d797ae8b/elements - {"using":"xpath","value":"//button[@data-kt=\"addButton\"]"}
RESULT: {"using":"xpath","value":"//button[@data-kt=\"addButton\"]"}
COMMAND: POST /session/11c278e322621322209dbd84d797ae8b/elements - {"using":"xpath","value":"//button[@data-kt=\"addButton\"]"}
RESULT: {"using":"xpath","value":"//button[@data-kt=\"addButton\"]"}
COMMAND: POST /session/11c278e322621322209dbd84d797ae8b/element - {"using":"xpath","value":"//button[@data-kt=\"addButton\"]"}
RESULT: {"using":"xpath","value":"//button[@data-kt=\"addButton\"]"}
COMMAND: POST /session/11c278e322621322209dbd84d797ae8b/execute/sync - {"script":"<script> [8489 bytes]","args":[{"element-6066-11e4-a52e-4f735466cecf":"f.1BBDEBF70A0905171D1AD33BCA73C599.d.B6DC24A96119612F01F3EAD39319B45E.e.10877","ELEMENT":"f.1BBDEBF70A0905171D1AD33BCA73C599.d.B6DC24A96119612F01F3EAD39319B45E.e.10877"}]}
RESULT: {"script":"<script> [8489 bytes]","args":[{"element-6066-11e4-a52e-4f735466cecf":"f.1BBDEBF70A0905171D1AD33BCA73C599.d.B6DC24A96119612F01F3EAD39319B45E.e.10877","ELEMENT":"f.1BBDEBF70A0905171D1AD33BCA73C599.d.B6DC24A96119612F01F3EAD39319B45E.e.10877"}]}
COMMAND: GET /session/11c278e322621322209dbd84d797ae8b/element/f.1BBDEBF70A0905171D1AD33BCA73C599.d.B6DC24A96119612F01F3EAD39319B45E.e.10877/enabled - {}
COMMAND: GET /session/11c278e322621322209dbd84d797ae8b/screenshot - {}
RESULT: {}
COMMAND: POST /session/11c278e322621322209dbd84d797ae8b/execute/sync - {"script":"<script> [8489 bytes]","args":[{"element-6066-11e4-a52e-4f735466cecf":"f.1BBDEBF70A0905171D1AD33BCA73C599.d.B6DC24A96119612F01F3EAD39319B45E.e.10877","ELEMENT":"f.1BBDEBF70A0905171D1AD33BCA73C599.d.B6DC24A96119612F01F3EAD39319B45E.e.10877"}]}
COMMAND: GET /session/11c278e322621322209dbd84d797ae8b/screenshot - {}
RESULT: {}
RESULT: {"script":"<script> [8489 bytes]","args":[{"element-6066-11e4-a52e-4f735466cecf":"f.1BBDEBF70A0905171D1AD33BCA73C599.d.B6DC24A96119612F01F3EAD39319B45E.e.10877","ELEMENT":"f.1BBDEBF70A0905171D1AD33BCA73C599.d.B6DC24A96119612F01F3EAD39319B45E.e.10877"}]}
COMMAND: POST /session/11c278e322621322209dbd84d797ae8b/execute/sync - {"script":"<script> [5351 bytes]","args":[{"element-6066-11e4-a52e-4f735466cecf":"f.1BBDEBF70A0905171D1AD33BCA73C599.d.B6DC24A96119612F01F3EAD39319B45E.e.10877","ELEMENT":"f.1BBDEBF70A0905171D1AD33BCA73C599.d.B6DC24A96119612F01F3EAD39319B45E.e.10877"}]}
COMMAND: GET /session/11c278e322621322209dbd84d797ae8b/screenshot - {}
RESULT: {}
RESULT: {"script":"<script> [5351 bytes]","args":[{"element-6066-11e4-a52e-4f735466cecf":"f.1BBDEBF70A0905171D1AD33BCA73C599.d.B6DC24A96119612F01F3EAD39319B45E.e.10877","ELEMENT":"f.1BBDEBF70A0905171D1AD33BCA73C599.d.B6DC24A96119612F01F3EAD39319B45E.e.10877"}]}
COMMAND: GET /session/11c278e322621322209dbd84d797ae8b/screenshot - {}
RESULT: {}
RESULT: {}
COMMAND: POST /session/11c278e322621322209dbd84d797ae8b/element/f.1BBDEBF70A0905171D1AD33BCA73C599.d.B6DC24A96119612F01F3EAD39319B45E.e.10877/click - {}
RESULT: {}
COMMAND: GET /session/11c278e322621322209dbd84d797ae8b/screenshot - {}
COMMAND: POST /session/11c278e322621322209dbd84d797ae8b/execute/async - {"script":"<script> [1562 bytes]","args":[{"selector":{"id":"application-managecontracts-display-component---AddNewContract--projectDescription","interaction":{"idSuffix":"inner"}},"wdio_ui5_key":"applicationmanagecontracts-display-component---AddNewContract--projectDescription"}]}
RESULT: {}
RESULT: {"script":"<script> [1562 bytes]","args":[{"selector":{"id":"application-managecontracts-display-component---AddNewContract--projectDescription","interaction":{"idSuffix":"inner"}},"wdio_ui5_key":"applicationmanagecontracts-display-component---AddNewContract--projectDescription"}]}
RESULT: undefined
COMMAND: POST /session/11c278e322621322209dbd84d797ae8b/execute/async - {"script":"<script> [776 bytes]","args":[{"enterText":"Contract WDIO","selector":{"id":"application-managecontracts-display-component---AddNewContract--projectDescription","interaction":{"idSuffix":"inner"}},"clearTextFirst":true,"interactionType":"ENTER_TEXT"}]}
RESULT: {"script":"<script> [776 bytes]","args":[{"enterText":"Contract WDIO","selector":{"id":"application-managecontracts-display-component---AddNewContract--projectDescription","interaction":{"idSuffix":"inner"}},"clearTextFirst":true,"interactionType":"ENTER_TEXT"}]}
COMMAND: POST /session/11c278e322621322209dbd84d797ae8b/element - {"using":"xpath","value":"//input[@id=\"application-managecontracts-display-component---AddNewContract--site-inner\"]"}
RESULT: {"using":"xpath","value":"//input[@id=\"application-managecontracts-display-component---AddNewContract--site-inner\"]"}
COMMAND: POST /session/11c278e322621322209dbd84d797ae8b/element/f.1BBDEBF70A0905171D1AD33BCA73C599.d.B6DC24A96119612F01F3EAD39319B45E.e.11170/clear - {}
RESULT: {}
COMMAND: POST /session/11c278e322621322209dbd84d797ae8b/element/f.1BBDEBF70A0905171D1AD33BCA73C599.d.B6DC24A96119612F01F3EAD39319B45E.e.11170/value - {"text":"2307"}
COMMAND: GET /session/11c278e322621322209dbd84d797ae8b/screenshot - {}
RESULT: {"text":"2307"}
COMMAND: GET /session/11c278e322621322209dbd84d797ae8b/screenshot - {}
RESULT: {}
RESULT: {}
COMMAND: POST /session/11c278e322621322209dbd84d797ae8b/element - {"using":"xpath","value":"//li[.//span[text()='2307']]"}
RESULT: {"using":"xpath","value":"//li[.//span[text()='2307']]"}
COMMAND: POST /session/11c278e322621322209dbd84d797ae8b/element/f.1BBDEBF70A0905171D1AD33BCA73C599.d.B6DC24A96119612F01F3EAD39319B45E.e.11193/click - {}
RESULT: {}
COMMAND: GET /session/11c278e322621322209dbd84d797ae8b/screenshot - {}
RESULT: {}
COMMAND: POST /session/11c278e322621322209dbd84d797ae8b/element - {"using":"xpath","value":"//input[@id=\"application-managecontracts-display-component---AddNewContract--yardId-inner\"]"}
RESULT: {"using":"xpath","value":"//input[@id=\"application-managecontracts-display-component---AddNewContract--yardId-inner\"]"}
COMMAND: GET /session/11c278e322621322209dbd84d797ae8b/element/f.1BBDEBF70A0905171D1AD33BCA73C599.d.B6DC24A96119612F01F3EAD39319B45E.e.11171/property/value - {}
RESULT: {}
COMMAND: POST /session/11c278e322621322209dbd84d797ae8b/element - {"using":"xpath","value":"//input[@id=\"application-managecontracts-display-component---AddNewContract--customerSelect-inner\"]"}
COMMAND: GET /session/11c278e322621322209dbd84d797ae8b/screenshot - {}
RESULT: {"using":"xpath","value":"//input[@id=\"application-managecontracts-display-component---AddNewContract--customerSelect-inner\"]"}
COMMAND: POST /session/11c278e322621322209dbd84d797ae8b/element/f.1BBDEBF70A0905171D1AD33BCA73C599.d.B6DC24A96119612F01F3EAD39319B45E.e.11169/clear - {}
RESULT: {}
RESULT: {}
COMMAND: POST /session/11c278e322621322209dbd84d797ae8b/element/f.1BBDEBF70A0905171D1AD33BCA73C599.d.B6DC24A96119612F01F3EAD39319B45E.e.11169/value - {"text":"1341"}
COMMAND: GET /session/11c278e322621322209dbd84d797ae8b/screenshot - {}
RESULT: {"text":"1341"}
COMMAND: GET /session/11c278e322621322209dbd84d797ae8b/screenshot - {}
RESULT: {}
RESULT: {}
COMMAND: POST /session/11c278e322621322209dbd84d797ae8b/element - {"using":"xpath","value":"//li[.//span[text()='1341']]"}
RESULT: {"using":"xpath","value":"//li[.//span[text()='1341']]"}
COMMAND: POST /session/11c278e322621322209dbd84d797ae8b/element/f.1BBDEBF70A0905171D1AD33BCA73C599.d.B6DC24A96119612F01F3EAD39319B45E.e.11196/click - {}
RESULT: {}
COMMAND: GET /session/11c278e322621322209dbd84d797ae8b/screenshot - {}
RESULT: {}
COMMAND: POST /session/11c278e322621322209dbd84d797ae8b/element - {"using":"xpath","value":"//button[@data-kt=\"saveButton\"]"}
RESULT: {"using":"xpath","value":"//button[@data-kt=\"saveButton\"]"}
COMMAND: POST /session/11c278e322621322209dbd84d797ae8b/element/f.1BBDEBF70A0905171D1AD33BCA73C599.d.B6DC24A96119612F01F3EAD39319B45E.e.11186/click - {}
RESULT: {}
COMMAND: GET /session/11c278e322621322209dbd84d797ae8b/screenshot - {}
RESULT: {}
COMMAND: POST /session/11c278e322621322209dbd84d797ae8b/element - {"using":"xpath","value":"//span[contains(@id ,\"contractDetailTitleNoExpanded\")]"}
RESULT: {"using":"xpath","value":"//span[contains(@id ,\"contractDetailTitleNoExpanded\")]"}
COMMAND: POST /session/11c278e322621322209dbd84d797ae8b/elements - {"using":"xpath","value":"//span[contains(@id ,\"contractDetailTitleNoExpanded\")]"}
RESULT: {"using":"xpath","value":"//span[contains(@id ,\"contractDetailTitleNoExpanded\")]"}
COMMAND: POST /session/11c278e322621322209dbd84d797ae8b/execute/sync - {"script":"<script> [56 bytes]","args":[{"element-6066-11e4-a52e-4f735466cecf":"f.1BBDEBF70A0905171D1AD33BCA73C599.d.B6DC24A96119612F01F3EAD39319B45E.e.11267","ELEMENT":"f.1BBDEBF70A0905171D1AD33BCA73C599.d.B6DC24A96119612F01F3EAD39319B45E.e.11267"}]}
RESULT: {"script":"<script> [56 bytes]","args":[{"element-6066-11e4-a52e-4f735466cecf":"f.1BBDEBF70A0905171D1AD33BCA73C599.d.B6DC24A96119612F01F3EAD39319B45E.e.11267","ELEMENT":"f.1BBDEBF70A0905171D1AD33BCA73C599.d.B6DC24A96119612F01F3EAD39319B45E.e.11267"}]}
COMMAND: GET /session/11c278e322621322209dbd84d797ae8b/screenshot - {}
RESULT: {}
]]></system-out>
    </testcase>
    <testcase classname="chrome.135_0_7049_96.windows.Billing_Transfer_-_Intracompany_US127249" name="Should add equipment to the contract" time="48.473">
      <system-out><![CDATA[
COMMAND: POST /session/11c278e322621322209dbd84d797ae8b/element - {"using":"xpath","value":"//button[@data-kt=\"contractDetailEditBtnButton\"]"}
RESULT: {"using":"xpath","value":"//button[@data-kt=\"contractDetailEditBtnButton\"]"}
COMMAND: POST /session/11c278e322621322209dbd84d797ae8b/element/f.1BBDEBF70A0905171D1AD33BCA73C599.d.B6DC24A96119612F01F3EAD39319B45E.e.11269/click - {}
RESULT: {}
COMMAND: GET /session/11c278e322621322209dbd84d797ae8b/screenshot - {}
RESULT: {}
COMMAND: POST /session/11c278e322621322209dbd84d797ae8b/element - {"using":"xpath","value":"(//span[contains(text(), \"Additional Addresses\")])[2]"}
RESULT: {"using":"xpath","value":"(//span[contains(text(), \"Additional Addresses\")])[2]"}
COMMAND: POST /session/11c278e322621322209dbd84d797ae8b/element/f.1BBDEBF70A0905171D1AD33BCA73C599.d.B6DC24A96119612F01F3EAD39319B45E.e.11324/click - {}
RESULT: {}
COMMAND: GET /session/11c278e322621322209dbd84d797ae8b/screenshot - {}
RESULT: {}
COMMAND: POST /session/11c278e322621322209dbd84d797ae8b/element - {"using":"xpath","value":"//button[@data-kt=\"btnAddTableRowOverflowToolbarButton\"]"}
RESULT: {"using":"xpath","value":"//button[@data-kt=\"btnAddTableRowOverflowToolbarButton\"]"}
COMMAND: POST /session/11c278e322621322209dbd84d797ae8b/element/f.1BBDEBF70A0905171D1AD33BCA73C599.d.B6DC24A96119612F01F3EAD39319B45E.e.11327/click - {}
RESULT: {}
COMMAND: GET /session/11c278e322621322209dbd84d797ae8b/screenshot - {}
RESULT: {}
COMMAND: POST /session/11c278e322621322209dbd84d797ae8b/element - {"using":"xpath","value":"//div[(text() = 'Standard Entry' or . = 'Standard Entry')]"}
RESULT: {"using":"xpath","value":"//div[(text() = 'Standard Entry' or . = 'Standard Entry')]"}
COMMAND: POST /session/11c278e322621322209dbd84d797ae8b/element/f.1BBDEBF70A0905171D1AD33BCA73C599.d.B6DC24A96119612F01F3EAD39319B45E.e.11329/click - {}
RESULT: {}
COMMAND: GET /session/11c278e322621322209dbd84d797ae8b/screenshot - {}
RESULT: {}
COMMAND: POST /session/11c278e322621322209dbd84d797ae8b/element - {"using":"xpath","value":"//td[7]/div/div/input"}
RESULT: {"using":"xpath","value":"//td[7]/div/div/input"}
COMMAND: POST /session/11c278e322621322209dbd84d797ae8b/element/f.1BBDEBF70A0905171D1AD33BCA73C599.d.B6DC24A96119612F01F3EAD39319B45E.e.11338/clear - {}
RESULT: {}
COMMAND: POST /session/11c278e322621322209dbd84d797ae8b/element/f.1BBDEBF70A0905171D1AD33BCA73C599.d.B6DC24A96119612F01F3EAD39319B45E.e.11338/value - {"text":"tSk5nwMrRg"}
COMMAND: GET /session/11c278e322621322209dbd84d797ae8b/screenshot - {}
RESULT: {"text":"tSk5nwMrRg"}
COMMAND: GET /session/11c278e322621322209dbd84d797ae8b/screenshot - {}
RESULT: {}
RESULT: {}
COMMAND: POST /session/11c278e322621322209dbd84d797ae8b/actions - {"actions":[{"id":"action39","type":"key","parameters":{},"actions":[{"type":"keyDown","value":"î€‡"},{"type":"pause","duration":10},{"type":"keyUp","value":"î€‡"}]}]}
RESULT: {"actions":[{"id":"action39","type":"key","parameters":{},"actions":[{"type":"keyDown","value":"î€‡"},{"type":"pause","duration":10},{"type":"keyUp","value":"î€‡"}]}]}
COMMAND: GET /session/11c278e322621322209dbd84d797ae8b/screenshot - {}
RESULT: {}
COMMAND: POST /session/11c278e322621322209dbd84d797ae8b/execute/sync - {"script":"<script> [276 bytes]","args":["No pricing information was found"]}
RESULT: {"script":"<script> [276 bytes]","args":["No pricing information was found"]}
COMMAND: POST /session/11c278e322621322209dbd84d797ae8b/element - {"using":"xpath","value":"(//button[@data-kt=\"saveButton\"])[2]"}
COMMAND: GET /session/11c278e322621322209dbd84d797ae8b/screenshot - {}
RESULT: {"using":"xpath","value":"(//button[@data-kt=\"saveButton\"])[2]"}
COMMAND: POST /session/11c278e322621322209dbd84d797ae8b/element/f.1BBDEBF70A0905171D1AD33BCA73C599.d.B6DC24A96119612F01F3EAD39319B45E.e.11353/click - {}
RESULT: {}
RESULT: {}
COMMAND: GET /session/11c278e322621322209dbd84d797ae8b/screenshot - {}
RESULT: {}
COMMAND: POST /session/11c278e322621322209dbd84d797ae8b/execute/sync - {"script":"<script> [276 bytes]","args":["Some contract items are having rental validity exceeding header rental validity"]}
RESULT: {"script":"<script> [276 bytes]","args":["Some contract items are having rental validity exceeding header rental validity"]}
COMMAND: GET /session/11c278e322621322209dbd84d797ae8b/screenshot - {}
RESULT: {}
COMMAND: POST /session/11c278e322621322209dbd84d797ae8b/element - {"using":"xpath","value":"//span[contains(@id ,\"contractItemsSmartTable-header-inner\")]"}
RESULT: {"using":"xpath","value":"//span[contains(@id ,\"contractItemsSmartTable-header-inner\")]"}
COMMAND: POST /session/11c278e322621322209dbd84d797ae8b/elements - {"using":"xpath","value":"//span[contains(@id ,\"contractItemsSmartTable-header-inner\")]"}
RESULT: {"using":"xpath","value":"//span[contains(@id ,\"contractItemsSmartTable-header-inner\")]"}
COMMAND: POST /session/11c278e322621322209dbd84d797ae8b/execute/sync - {"script":"<script> [56 bytes]","args":[{"element-6066-11e4-a52e-4f735466cecf":"f.1BBDEBF70A0905171D1AD33BCA73C599.d.B6DC24A96119612F01F3EAD39319B45E.e.11359","ELEMENT":"f.1BBDEBF70A0905171D1AD33BCA73C599.d.B6DC24A96119612F01F3EAD39319B45E.e.11359"}]}
RESULT: {"script":"<script> [56 bytes]","args":[{"element-6066-11e4-a52e-4f735466cecf":"f.1BBDEBF70A0905171D1AD33BCA73C599.d.B6DC24A96119612F01F3EAD39319B45E.e.11359","ELEMENT":"f.1BBDEBF70A0905171D1AD33BCA73C599.d.B6DC24A96119612F01F3EAD39319B45E.e.11359"}]}
COMMAND: GET /session/11c278e322621322209dbd84d797ae8b/screenshot - {}
]]></system-out>
    </testcase>
    <testcase classname="chrome.135_0_7049_96.windows.Billing_Transfer_-_Intracompany_US127249" name="Should do a provide to site handover" time="50.848">
      <system-out><![CDATA[
COMMAND: POST /session/11c278e322621322209dbd84d797ae8b/element - {"using":"xpath","value":"//button[@data-kt=\"provideButton\"]"}
RESULT: {"using":"xpath","value":"//button[@data-kt=\"provideButton\"]"}
COMMAND: POST /session/11c278e322621322209dbd84d797ae8b/element/f.1BBDEBF70A0905171D1AD33BCA73C599.d.B6DC24A96119612F01F3EAD39319B45E.e.11360/click - {}
RESULT: {}
RESULT: {}
COMMAND: GET /session/11c278e322621322209dbd84d797ae8b/screenshot - {}
RESULT: undefined
COMMAND: POST /session/11c278e322621322209dbd84d797ae8b/execute/async - {"script":"<script> [6424 bytes]","args":[{"element-6066-11e4-a52e-4f735466cecf":"f.1BBDEBF70A0905171D1AD33BCA73C599.d.B6DC24A96119612F01F3EAD39319B45E.e.10398"},"setValue",["04/30/2025"]]}
RESULT: {}
COMMAND: POST /session/11c278e322621322209dbd84d797ae8b/execute/async - {"script":"<script> [1562 bytes]","args":[{"selector":{"id":"application-managehandovers-display-component---AddNewHO--dueDate","interaction":{"idSuffix":"inner"}},"wdio_ui5_key":"applicationmanagehandovers-display-component---AddNewHO--dueDate"}]}
RESULT: {"script":"<script> [1562 bytes]","args":[{"selector":{"id":"application-managehandovers-display-component---AddNewHO--dueDate","interaction":{"idSuffix":"inner"}},"wdio_ui5_key":"applicationmanagehandovers-display-component---AddNewHO--dueDate"}]}
COMMAND: POST /session/11c278e322621322209dbd84d797ae8b/execute/async - {"script":"<script> [6424 bytes]","args":[{"element-6066-11e4-a52e-4f735466cecf":"f.1BBDEBF70A0905171D1AD33BCA73C599.d.B6DC24A96119612F01F3EAD39319B45E.e.11450"},"setValue",["04/30/2025"]]}
RESULT: {"script":"<script> [6424 bytes]","args":[{"element-6066-11e4-a52e-4f735466cecf":"f.1BBDEBF70A0905171D1AD33BCA73C599.d.B6DC24A96119612F01F3EAD39319B45E.e.11450"},"setValue",["04/30/2025"]]}
COMMAND: POST /session/11c278e322621322209dbd84d797ae8b/element - {"using":"xpath","value":"//bdi[contains(text(), \"Instructions\")]"}
RESULT: {"using":"xpath","value":"//bdi[contains(text(), \"Instructions\")]"}
COMMAND: POST /session/11c278e322621322209dbd84d797ae8b/element/f.1BBDEBF70A0905171D1AD33BCA73C599.d.B6DC24A96119612F01F3EAD39319B45E.e.11671/click - {}
RESULT: {}
COMMAND: GET /session/11c278e322621322209dbd84d797ae8b/screenshot - {}
RESULT: {}
COMMAND: POST /session/11c278e322621322209dbd84d797ae8b/element - {"using":"xpath","value":"//button[@data-kt=\"AddNewHOProvideAddItemsButton\"]"}
RESULT: {"using":"xpath","value":"//button[@data-kt=\"AddNewHOProvideAddItemsButton\"]"}
COMMAND: POST /session/11c278e322621322209dbd84d797ae8b/element/f.1BBDEBF70A0905171D1AD33BCA73C599.d.B6DC24A96119612F01F3EAD39319B45E.e.11675/click - {}
RESULT: {}
COMMAND: GET /session/11c278e322621322209dbd84d797ae8b/screenshot - {}
RESULT: {}
RESULT: undefined
COMMAND: POST /session/11c278e322621322209dbd84d797ae8b/element - {"using":"xpath","value":"//*[@id=\"application-managehandovers-display-component---AddNewHO--popup-sa\"]"}
RESULT: {"using":"xpath","value":"//*[@id=\"application-managehandovers-display-component---AddNewHO--popup-sa\"]"}
COMMAND: POST /session/11c278e322621322209dbd84d797ae8b/element/f.1BBDEBF70A0905171D1AD33BCA73C599.d.B6DC24A96119612F01F3EAD39319B45E.e.11685/click - {}
RESULT: {}
COMMAND: GET /session/11c278e322621322209dbd84d797ae8b/screenshot - {}
RESULT: {}
COMMAND: POST /session/11c278e322621322209dbd84d797ae8b/element - {"using":"xpath","value":"//*[contains(@id ,\"BDI-content\")][contains(text(), \"Select\")]"}
RESULT: {"using":"xpath","value":"//*[contains(@id ,\"BDI-content\")][contains(text(), \"Select\")]"}
COMMAND: POST /session/11c278e322621322209dbd84d797ae8b/element/f.1BBDEBF70A0905171D1AD33BCA73C599.d.B6DC24A96119612F01F3EAD39319B45E.e.11686/click - {}
RESULT: {}
COMMAND: GET /session/11c278e322621322209dbd84d797ae8b/screenshot - {}
RESULT: {}
COMMAND: POST /session/11c278e322621322209dbd84d797ae8b/execute/async - {"script":"<script> [1562 bytes]","args":[{"selector":{"id":"application-managehandovers-display-component---AddNewHO--confirmCreationButton","interaction":{"idSuffix":"BDI-content"}},"wdio_ui5_key":"applicationmanagehandovers-display-component---AddNewHO--confirmCreationButton"}]}
RESULT: {"script":"<script> [1562 bytes]","args":[{"selector":{"id":"application-managehandovers-display-component---AddNewHO--confirmCreationButton","interaction":{"idSuffix":"BDI-content"}},"wdio_ui5_key":"applicationmanagehandovers-display-component---AddNewHO--confirmCreationButton"}]}
RESULT: undefined
COMMAND: POST /session/11c278e322621322209dbd84d797ae8b/element - {"using":"xpath","value":"//*[@id=\"application-managehandovers-display-component---AddNewHO--confirmCreationButton\"]"}
RESULT: {"using":"xpath","value":"//*[@id=\"application-managehandovers-display-component---AddNewHO--confirmCreationButton\"]"}
COMMAND: POST /session/11c278e322621322209dbd84d797ae8b/element/f.1BBDEBF70A0905171D1AD33BCA73C599.d.B6DC24A96119612F01F3EAD39319B45E.e.11496/click - {}
RESULT: {}
COMMAND: GET /session/11c278e322621322209dbd84d797ae8b/screenshot - {}
RESULT: {}
COMMAND: POST /session/11c278e322621322209dbd84d797ae8b/element - {"using":"xpath","value":"//button[@data-kt=\"PickingTableConfirmAllButton\"]"}
RESULT: {"using":"xpath","value":"//button[@data-kt=\"PickingTableConfirmAllButton\"]"}
COMMAND: POST /session/11c278e322621322209dbd84d797ae8b/element/f.1BBDEBF70A0905171D1AD33BCA73C599.d.B6DC24A96119612F01F3EAD39319B45E.e.11724/click - {}
COMMAND: POST /session/11c278e322621322209dbd84d797ae8b/element - {"using":"xpath","value":"//button[@data-kt=\"PickingTableConfirmAllButton\"]"}
RESULT: {"using":"xpath","value":"//button[@data-kt=\"PickingTableConfirmAllButton\"]"}
COMMAND: POST /session/11c278e322621322209dbd84d797ae8b/element/f.1BBDEBF70A0905171D1AD33BCA73C599.d.B6DC24A96119612F01F3EAD39319B45E.e.11724/click - {}
COMMAND: POST /session/11c278e322621322209dbd84d797ae8b/element - {"using":"xpath","value":"//button[@data-kt=\"PickingTableConfirmAllButton\"]"}
RESULT: {"using":"xpath","value":"//button[@data-kt=\"PickingTableConfirmAllButton\"]"}
COMMAND: POST /session/11c278e322621322209dbd84d797ae8b/element/f.1BBDEBF70A0905171D1AD33BCA73C599.d.B6DC24A96119612F01F3EAD39319B45E.e.11743/click - {}
RESULT: {}
COMMAND: GET /session/11c278e322621322209dbd84d797ae8b/screenshot - {}
RESULT: {}
COMMAND: POST /session/11c278e322621322209dbd84d797ae8b/element - {"using":"xpath","value":"//bdi[contains(text(), \"OK\")]"}
RESULT: {"using":"xpath","value":"//bdi[contains(text(), \"OK\")]"}
COMMAND: POST /session/11c278e322621322209dbd84d797ae8b/element/f.1BBDEBF70A0905171D1AD33BCA73C599.d.B6DC24A96119612F01F3EAD39319B45E.e.11747/click - {}
RESULT: {}
COMMAND: GET /session/11c278e322621322209dbd84d797ae8b/screenshot - {}
RESULT: {}
COMMAND: POST /session/11c278e322621322209dbd84d797ae8b/element - {"using":"xpath","value":"//bdi[contains(text(), \"Issue\")]"}
RESULT: {"using":"xpath","value":"//bdi[contains(text(), \"Issue\")]"}
COMMAND: POST /session/11c278e322621322209dbd84d797ae8b/element/f.1BBDEBF70A0905171D1AD33BCA73C599.d.B6DC24A96119612F01F3EAD39319B45E.e.11748/click - {}
RESULT: {}
COMMAND: GET /session/11c278e322621322209dbd84d797ae8b/screenshot - {}
RESULT: {}
COMMAND: POST /session/11c278e322621322209dbd84d797ae8b/element - {"using":"css selector","value":"#shell-header-logo"}
RESULT: {"using":"css selector","value":"#shell-header-logo"}
COMMAND: POST /session/11c278e322621322209dbd84d797ae8b/element/f.1BBDEBF70A0905171D1AD33BCA73C599.d.B6DC24A96119612F01F3EAD39319B45E.e.10806/click - {}
RESULT: {}
COMMAND: GET /session/11c278e322621322209dbd84d797ae8b/screenshot - {}
RESULT: {}
]]></system-out>
    </testcase>
    <testcase classname="chrome.135_0_7049_96.windows.Billing_Transfer_-_Intracompany_US127249" name="Should go navigate to Manage Billings and trigger contract calculation check result" time="55.709">
      <system-out><![CDATA[
COMMAND: POST /session/11c278e322621322209dbd84d797ae8b/execute/async - {"script":"<script> [1562 bytes]","args":[{"selector":{"controlType":"sap.m.GenericTile","properties":{"header":"Manage Billings"}},"wdio_ui5_key":"sapm.GenericTile{\"header\":\"Manage Billings\"}"}]}
RESULT: {"script":"<script> [1562 bytes]","args":[{"selector":{"controlType":"sap.m.GenericTile","properties":{"header":"Manage Billings"}},"wdio_ui5_key":"sapm.GenericTile{\"header\":\"Manage Billings\"}"}]}
RESULT: undefined
COMMAND: POST /session/11c278e322621322209dbd84d797ae8b/element - {"using":"xpath","value":"//*[@id=\"__tile91\"]"}
RESULT: {"using":"xpath","value":"//*[@id=\"__tile91\"]"}
COMMAND: POST /session/11c278e322621322209dbd84d797ae8b/element/f.1BBDEBF70A0905171D1AD33BCA73C599.d.B6DC24A96119612F01F3EAD39319B45E.e.9031/click - {}
RESULT: {}
COMMAND: GET /session/11c278e322621322209dbd84d797ae8b/screenshot - {}
RESULT: {}
COMMAND: POST /session/11c278e322621322209dbd84d797ae8b/execute/async - {"script":"<script> [1562 bytes]","args":[{"selector":{"id":"application-managebillings-display-component---billRunCalcResult--smartFilterBar-btnBasicSearch","interaction":{"idSuffix":"I"}},"wdio_ui5_key":"applicationmanagebillings-display-component---billRunCalcResult--smartFilterBar-btnBasicSearch"}]}
RESULT: {"script":"<script> [1562 bytes]","args":[{"selector":{"id":"application-managebillings-display-component---billRunCalcResult--smartFilterBar-btnBasicSearch","interaction":{"idSuffix":"I"}},"wdio_ui5_key":"applicationmanagebillings-display-component---billRunCalcResult--smartFilterBar-btnBasicSearch"}]}
RESULT: undefined
COMMAND: POST /session/11c278e322621322209dbd84d797ae8b/execute/async - {"script":"<script> [776 bytes]","args":[{"enterText":"10419","selector":{"id":"application-managebillings-display-component---billRunCalcResult--smartFilterBar-btnBasicSearch","interaction":{"idSuffix":"I"}},"clearTextFirst":true,"interactionType":"ENTER_TEXT"}]}
RESULT: {"script":"<script> [776 bytes]","args":[{"enterText":"10419","selector":{"id":"application-managebillings-display-component---billRunCalcResult--smartFilterBar-btnBasicSearch","interaction":{"idSuffix":"I"}},"clearTextFirst":true,"interactionType":"ENTER_TEXT"}]}
COMMAND: POST /session/11c278e322621322209dbd84d797ae8b/actions - {"actions":[{"id":"action40","type":"key","parameters":{},"actions":[{"type":"keyDown","value":"î€‡"},{"type":"pause","duration":10},{"type":"keyUp","value":"î€‡"}]}]}
RESULT: {"actions":[{"id":"action40","type":"key","parameters":{},"actions":[{"type":"keyDown","value":"î€‡"},{"type":"pause","duration":10},{"type":"keyUp","value":"î€‡"}]}]}
COMMAND: GET /session/11c278e322621322209dbd84d797ae8b/screenshot - {}
RESULT: {}
COMMAND: POST /session/11c278e322621322209dbd84d797ae8b/element - {"using":"xpath","value":"//td[@aria-colindex=\"1\"]/div/div[contains(@class, \"sapMCbBg\")]"}
RESULT: {"using":"xpath","value":"//td[@aria-colindex=\"1\"]/div/div[contains(@class, \"sapMCbBg\")]"}
COMMAND: POST /session/11c278e322621322209dbd84d797ae8b/element/f.1BBDEBF70A0905171D1AD33BCA73C599.d.B6DC24A96119612F01F3EAD39319B45E.e.12256/click - {}
RESULT: {}
COMMAND: GET /session/11c278e322621322209dbd84d797ae8b/screenshot - {}
RESULT: {}
COMMAND: POST /session/11c278e322621322209dbd84d797ae8b/execute/async - {"script":"<script> [1562 bytes]","args":[{"selector":{"id":"application-managebillings-display-component---billRunCalcResult--contractBillRunDate","interaction":{"idSuffix":"inner"}},"wdio_ui5_key":"applicationmanagebillings-display-component---billRunCalcResult--contractBillRunDate"}]}
RESULT: {"script":"<script> [1562 bytes]","args":[{"selector":{"id":"application-managebillings-display-component---billRunCalcResult--contractBillRunDate","interaction":{"idSuffix":"inner"}},"wdio_ui5_key":"applicationmanagebillings-display-component---billRunCalcResult--contractBillRunDate"}]}
RESULT: undefined
COMMAND: POST /session/11c278e322621322209dbd84d797ae8b/execute/async - {"script":"<script> [776 bytes]","args":[{"enterText":"04/30/25","selector":{"id":"application-managebillings-display-component---billRunCalcResult--contractBillRunDate","interaction":{"idSuffix":"inner"}},"clearTextFirst":true,"interactionType":"ENTER_TEXT"}]}
RESULT: {"script":"<script> [776 bytes]","args":[{"enterText":"04/30/25","selector":{"id":"application-managebillings-display-component---billRunCalcResult--contractBillRunDate","interaction":{"idSuffix":"inner"}},"clearTextFirst":true,"interactionType":"ENTER_TEXT"}]}
COMMAND: POST /session/11c278e322621322209dbd84d797ae8b/element - {"using":"xpath","value":"//bdi[contains(text(), \"Trigger Calculation\")]"}
RESULT: {"using":"xpath","value":"//bdi[contains(text(), \"Trigger Calculation\")]"}
COMMAND: POST /session/11c278e322621322209dbd84d797ae8b/element/f.1BBDEBF70A0905171D1AD33BCA73C599.d.B6DC24A96119612F01F3EAD39319B45E.e.12308/click - {}
RESULT: {}
COMMAND: GET /session/11c278e322621322209dbd84d797ae8b/screenshot - {}
RESULT: {}
COMMAND: POST /session/11c278e322621322209dbd84d797ae8b/element - {"using":"xpath","value":"(//span[contains(@id, \"imgNav\")])[1]"}
RESULT: {"using":"xpath","value":"(//span[contains(@id, \"imgNav\")])[1]"}
COMMAND: POST /session/11c278e322621322209dbd84d797ae8b/element/f.1BBDEBF70A0905171D1AD33BCA73C599.d.B6DC24A96119612F01F3EAD39319B45E.e.12257/click - {}
RESULT: {}
COMMAND: GET /session/11c278e322621322209dbd84d797ae8b/screenshot - {}
RESULT: {}
COMMAND: POST /session/11c278e322621322209dbd84d797ae8b/element - {"using":"xpath","value":"//tr/td[6]/div[1]/span[1]/span[1]"}
RESULT: {"using":"xpath","value":"//tr/td[6]/div[1]/span[1]/span[1]"}
COMMAND: GET /session/11c278e322621322209dbd84d797ae8b/element/f.1BBDEBF70A0905171D1AD33BCA73C599.d.B6DC24A96119612F01F3EAD39319B45E.e.12313/text - {}
RESULT: {}
COMMAND: POST /session/11c278e322621322209dbd84d797ae8b/element - {"using":"xpath","value":"(//span[contains(@id, \"imgNav\")])[2]"}
RESULT: {"using":"xpath","value":"(//span[contains(@id, \"imgNav\")])[2]"}
COMMAND: POST /session/11c278e322621322209dbd84d797ae8b/element/f.1BBDEBF70A0905171D1AD33BCA73C599.d.B6DC24A96119612F01F3EAD39319B45E.e.12314/click - {}
RESULT: {}
COMMAND: POST /session/11c278e322621322209dbd84d797ae8b/element - {"using":"xpath","value":"//bdi[contains(text(), \"Business Confirm\")]"}
COMMAND: GET /session/11c278e322621322209dbd84d797ae8b/screenshot - {}
RESULT: {"using":"xpath","value":"//bdi[contains(text(), \"Business Confirm\")]"}
COMMAND: POST /session/11c278e322621322209dbd84d797ae8b/elements - {"using":"xpath","value":"//bdi[contains(text(), \"Business Confirm\")]"}
RESULT: {}
RESULT: {"using":"xpath","value":"//bdi[contains(text(), \"Business Confirm\")]"}
COMMAND: POST /session/11c278e322621322209dbd84d797ae8b/element - {"using":"xpath","value":"//bdi[contains(text(), \"Business Confirm\")]"}
RESULT: {"using":"xpath","value":"//bdi[contains(text(), \"Business Confirm\")]"}
COMMAND: POST /session/11c278e322621322209dbd84d797ae8b/element/f.1BBDEBF70A0905171D1AD33BCA73C599.d.B6DC24A96119612F01F3EAD39319B45E.e.12358/click - {}
RESULT: {}
COMMAND: POST /session/11c278e322621322209dbd84d797ae8b/element - {"using":"css selector","value":"#shell-header-logo"}
COMMAND: GET /session/11c278e322621322209dbd84d797ae8b/screenshot - {}
RESULT: {"using":"css selector","value":"#shell-header-logo"}
COMMAND: POST /session/11c278e322621322209dbd84d797ae8b/element/f.1BBDEBF70A0905171D1AD33BCA73C599.d.B6DC24A96119612F01F3EAD39319B45E.e.12041/click - {}
RESULT: {}
RESULT: {}
COMMAND: GET /session/11c278e322621322209dbd84d797ae8b/screenshot - {}
RESULT: {}
]]></system-out>
    </testcase>
    <testcase classname="chrome.135_0_7049_96.windows.Billing_Transfer_-_Intracompany_US127249" name="Should navigate to billing transfer and invoice the contract" time="68.208">
      <system-out><![CDATA[
COMMAND: POST /session/11c278e322621322209dbd84d797ae8b/execute/async - {"script":"<script> [1562 bytes]","args":[{"selector":{"controlType":"sap.m.GenericTile","properties":{"header":"Billing Transfer"}},"wdio_ui5_key":"sapm.GenericTile{\"header\":\"Billing Transfer\"}"}]}
RESULT: {"script":"<script> [1562 bytes]","args":[{"selector":{"controlType":"sap.m.GenericTile","properties":{"header":"Billing Transfer"}},"wdio_ui5_key":"sapm.GenericTile{\"header\":\"Billing Transfer\"}"}]}
RESULT: undefined
COMMAND: POST /session/11c278e322621322209dbd84d797ae8b/element - {"using":"xpath","value":"//*[@id=\"__tile90\"]"}
RESULT: {"using":"xpath","value":"//*[@id=\"__tile90\"]"}
COMMAND: POST /session/11c278e322621322209dbd84d797ae8b/element/f.1BBDEBF70A0905171D1AD33BCA73C599.d.B6DC24A96119612F01F3EAD39319B45E.e.9028/click - {}
RESULT: {}
COMMAND: POST /session/11c278e322621322209dbd84d797ae8b/element - {"using":"xpath","value":"//input[contains(@id ,\"application-billingtransfer-display-component---billingWorkbench--smartFilterBar-btnBasicSearch\")]"}
COMMAND: GET /session/11c278e322621322209dbd84d797ae8b/screenshot - {}
RESULT: {"using":"xpath","value":"//input[contains(@id ,\"application-billingtransfer-display-component---billingWorkbench--smartFilterBar-btnBasicSearch\")]"}
COMMAND: POST /session/11c278e322621322209dbd84d797ae8b/elements - {"using":"xpath","value":"//input[contains(@id ,\"application-billingtransfer-display-component---billingWorkbench--smartFilterBar-btnBasicSearch\")]"}
RESULT: {}
RESULT: {"using":"xpath","value":"//input[contains(@id ,\"application-billingtransfer-display-component---billingWorkbench--smartFilterBar-btnBasicSearch\")]"}
COMMAND: POST /session/11c278e322621322209dbd84d797ae8b/elements - {"using":"xpath","value":"//input[contains(@id ,\"application-billingtransfer-display-component---billingWorkbench--smartFilterBar-btnBasicSearch\")]"}
RESULT: {"using":"xpath","value":"//input[contains(@id ,\"application-billingtransfer-display-component---billingWorkbench--smartFilterBar-btnBasicSearch\")]"}
COMMAND: POST /session/11c278e322621322209dbd84d797ae8b/elements - {"using":"xpath","value":"//input[contains(@id ,\"application-billingtransfer-display-component---billingWorkbench--smartFilterBar-btnBasicSearch\")]"}
RESULT: {"using":"xpath","value":"//input[contains(@id ,\"application-billingtransfer-display-component---billingWorkbench--smartFilterBar-btnBasicSearch\")]"}
COMMAND: POST /session/11c278e322621322209dbd84d797ae8b/element - {"using":"xpath","value":"//input[contains(@id ,\"application-billingtransfer-display-component---billingWorkbench--smartFilterBar-btnBasicSearch\")]"}
RESULT: {"using":"xpath","value":"//input[contains(@id ,\"application-billingtransfer-display-component---billingWorkbench--smartFilterBar-btnBasicSearch\")]"}
COMMAND: POST /session/11c278e322621322209dbd84d797ae8b/execute/sync - {"script":"<script> [8489 bytes]","args":[{"element-6066-11e4-a52e-4f735466cecf":"f.1BBDEBF70A0905171D1AD33BCA73C599.d.B6DC24A96119612F01F3EAD39319B45E.e.12387","ELEMENT":"f.1BBDEBF70A0905171D1AD33BCA73C599.d.B6DC24A96119612F01F3EAD39319B45E.e.12387"}]}
RESULT: {"script":"<script> [8489 bytes]","args":[{"element-6066-11e4-a52e-4f735466cecf":"f.1BBDEBF70A0905171D1AD33BCA73C599.d.B6DC24A96119612F01F3EAD39319B45E.e.12387","ELEMENT":"f.1BBDEBF70A0905171D1AD33BCA73C599.d.B6DC24A96119612F01F3EAD39319B45E.e.12387"}]}
COMMAND: GET /session/11c278e322621322209dbd84d797ae8b/element/f.1BBDEBF70A0905171D1AD33BCA73C599.d.B6DC24A96119612F01F3EAD39319B45E.e.12387/enabled - {}
COMMAND: GET /session/11c278e322621322209dbd84d797ae8b/screenshot - {}
RESULT: {}
COMMAND: POST /session/11c278e322621322209dbd84d797ae8b/element/f.1BBDEBF70A0905171D1AD33BCA73C599.d.B6DC24A96119612F01F3EAD39319B45E.e.12387/click - {}
COMMAND: GET /session/11c278e322621322209dbd84d797ae8b/screenshot - {}
RESULT: {}
RESULT: {}
COMMAND: GET /session/11c278e322621322209dbd84d797ae8b/screenshot - {}
RESULT: {}
RESULT: {}
COMMAND: POST /session/11c278e322621322209dbd84d797ae8b/element/f.1BBDEBF70A0905171D1AD33BCA73C599.d.B6DC24A96119612F01F3EAD39319B45E.e.12387/clear - {}
RESULT: {}
COMMAND: POST /session/11c278e322621322209dbd84d797ae8b/element/f.1BBDEBF70A0905171D1AD33BCA73C599.d.B6DC24A96119612F01F3EAD39319B45E.e.12387/value - {"text":"10419"}
COMMAND: GET /session/11c278e322621322209dbd84d797ae8b/screenshot - {}
RESULT: {"text":"10419"}
COMMAND: POST /session/11c278e322621322209dbd84d797ae8b/actions - {"actions":[{"id":"action41","type":"key","parameters":{},"actions":[{"type":"keyDown","value":"î€‡"},{"type":"pause","duration":10},{"type":"keyUp","value":"î€‡"}]}]}
COMMAND: GET /session/11c278e322621322209dbd84d797ae8b/screenshot - {}
RESULT: {}
RESULT: {"actions":[{"id":"action41","type":"key","parameters":{},"actions":[{"type":"keyDown","value":"î€‡"},{"type":"pause","duration":10},{"type":"keyUp","value":"î€‡"}]}]}
COMMAND: GET /session/11c278e322621322209dbd84d797ae8b/screenshot - {}
RESULT: {}
RESULT: {}
COMMAND: POST /session/11c278e322621322209dbd84d797ae8b/element - {"using":"xpath","value":"//span[contains(@id ,\"application-billingtransfer-display-component---billingWorkbench--smartTableBillingRuns-header-inner\")]"}
RESULT: {"using":"xpath","value":"//span[contains(@id ,\"application-billingtransfer-display-component---billingWorkbench--smartTableBillingRuns-header-inner\")]"}
COMMAND: POST /session/11c278e322621322209dbd84d797ae8b/elements - {"using":"xpath","value":"//span[contains(@id ,\"application-billingtransfer-display-component---billingWorkbench--smartTableBillingRuns-header-inner\")]"}
RESULT: {"using":"xpath","value":"//span[contains(@id ,\"application-billingtransfer-display-component---billingWorkbench--smartTableBillingRuns-header-inner\")]"}
COMMAND: POST /session/11c278e322621322209dbd84d797ae8b/execute/sync - {"script":"<script> [56 bytes]","args":[{"element-6066-11e4-a52e-4f735466cecf":"f.1BBDEBF70A0905171D1AD33BCA73C599.d.B6DC24A96119612F01F3EAD39319B45E.e.12604","ELEMENT":"f.1BBDEBF70A0905171D1AD33BCA73C599.d.B6DC24A96119612F01F3EAD39319B45E.e.12604"}]}
RESULT: {"script":"<script> [56 bytes]","args":[{"element-6066-11e4-a52e-4f735466cecf":"f.1BBDEBF70A0905171D1AD33BCA73C599.d.B6DC24A96119612F01F3EAD39319B45E.e.12604","ELEMENT":"f.1BBDEBF70A0905171D1AD33BCA73C599.d.B6DC24A96119612F01F3EAD39319B45E.e.12604"}]}
COMMAND: POST /session/11c278e322621322209dbd84d797ae8b/element - {"using":"xpath","value":"//td[@aria-colindex=\"1\"]/div/div[contains(@class, \"sapMCbBg\")]"}
COMMAND: GET /session/11c278e322621322209dbd84d797ae8b/screenshot - {}
RESULT: {"using":"xpath","value":"//td[@aria-colindex=\"1\"]/div/div[contains(@class, \"sapMCbBg\")]"}
COMMAND: POST /session/11c278e322621322209dbd84d797ae8b/element/f.1BBDEBF70A0905171D1AD33BCA73C599.d.B6DC24A96119612F01F3EAD39319B45E.e.12505/click - {}
RESULT: {}
RESULT: {}
COMMAND: GET /session/11c278e322621322209dbd84d797ae8b/screenshot - {}
RESULT: {}
COMMAND: POST /session/11c278e322621322209dbd84d797ae8b/element - {"using":"xpath","value":"//bdi[contains(text(), \"Check\")]"}
RESULT: {"using":"xpath","value":"//bdi[contains(text(), \"Check\")]"}
COMMAND: POST /session/11c278e322621322209dbd84d797ae8b/element/f.1BBDEBF70A0905171D1AD33BCA73C599.d.B6DC24A96119612F01F3EAD39319B45E.e.12605/click - {}
RESULT: {}
COMMAND: GET /session/11c278e322621322209dbd84d797ae8b/screenshot - {}
RESULT: {}
COMMAND: POST /session/11c278e322621322209dbd84d797ae8b/element - {"using":"xpath","value":"//bdi[contains(text(), \"OK\")]"}
RESULT: {"using":"xpath","value":"//bdi[contains(text(), \"OK\")]"}
COMMAND: POST /session/11c278e322621322209dbd84d797ae8b/element/f.1BBDEBF70A0905171D1AD33BCA73C599.d.B6DC24A96119612F01F3EAD39319B45E.e.12608/click - {}
RESULT: {}
COMMAND: GET /session/11c278e322621322209dbd84d797ae8b/screenshot - {}
RESULT: {}
COMMAND: POST /session/11c278e322621322209dbd84d797ae8b/element - {"using":"xpath","value":"(//span[contains(text(), \"CO/SD checked\")]/parent::div/preceding-sibling::div/span)[1]"}
RESULT: {"using":"xpath","value":"(//span[contains(text(), \"CO/SD checked\")]/parent::div/preceding-sibling::div/span)[1]"}
COMMAND: POST /session/11c278e322621322209dbd84d797ae8b/element/f.1BBDEBF70A0905171D1AD33BCA73C599.d.B6DC24A96119612F01F3EAD39319B45E.e.12609/click - {}
RESULT: {}
COMMAND: GET /session/11c278e322621322209dbd84d797ae8b/screenshot - {}
RESULT: {}
COMMAND: POST /session/11c278e322621322209dbd84d797ae8b/element - {"using":"xpath","value":"//input[contains(@id ,\"application-billingtransfer-display-component---billingWorkbench--smartFilterBar-btnBasicSearch\")]"}
RESULT: {"using":"xpath","value":"//input[contains(@id ,\"application-billingtransfer-display-component---billingWorkbench--smartFilterBar-btnBasicSearch\")]"}
COMMAND: POST /session/11c278e322621322209dbd84d797ae8b/elements - {"using":"xpath","value":"//input[contains(@id ,\"application-billingtransfer-display-component---billingWorkbench--smartFilterBar-btnBasicSearch\")]"}
RESULT: {"using":"xpath","value":"//input[contains(@id ,\"application-billingtransfer-display-component---billingWorkbench--smartFilterBar-btnBasicSearch\")]"}
COMMAND: POST /session/11c278e322621322209dbd84d797ae8b/execute/sync - {"script":"<script> [8489 bytes]","args":[{"element-6066-11e4-a52e-4f735466cecf":"f.1BBDEBF70A0905171D1AD33BCA73C599.d.B6DC24A96119612F01F3EAD39319B45E.e.12387","ELEMENT":"f.1BBDEBF70A0905171D1AD33BCA73C599.d.B6DC24A96119612F01F3EAD39319B45E.e.12387"}]}
RESULT: {"script":"<script> [8489 bytes]","args":[{"element-6066-11e4-a52e-4f735466cecf":"f.1BBDEBF70A0905171D1AD33BCA73C599.d.B6DC24A96119612F01F3EAD39319B45E.e.12387","ELEMENT":"f.1BBDEBF70A0905171D1AD33BCA73C599.d.B6DC24A96119612F01F3EAD39319B45E.e.12387"}]}
COMMAND: GET /session/11c278e322621322209dbd84d797ae8b/element/f.1BBDEBF70A0905171D1AD33BCA73C599.d.B6DC24A96119612F01F3EAD39319B45E.e.12387/enabled - {}
COMMAND: GET /session/11c278e322621322209dbd84d797ae8b/screenshot - {}
RESULT: {}
COMMAND: POST /session/11c278e322621322209dbd84d797ae8b/element/f.1BBDEBF70A0905171D1AD33BCA73C599.d.B6DC24A96119612F01F3EAD39319B45E.e.12387/click - {}
COMMAND: GET /session/11c278e322621322209dbd84d797ae8b/screenshot - {}
RESULT: {}
RESULT: {}
COMMAND: GET /session/11c278e322621322209dbd84d797ae8b/screenshot - {}
RESULT: {}
RESULT: {}
COMMAND: POST /session/11c278e322621322209dbd84d797ae8b/element/f.1BBDEBF70A0905171D1AD33BCA73C599.d.B6DC24A96119612F01F3EAD39319B45E.e.12387/clear - {}
RESULT: {}
COMMAND: POST /session/11c278e322621322209dbd84d797ae8b/element/f.1BBDEBF70A0905171D1AD33BCA73C599.d.B6DC24A96119612F01F3EAD39319B45E.e.12387/value - {"text":"10419"}
COMMAND: GET /session/11c278e322621322209dbd84d797ae8b/screenshot - {}
RESULT: {"text":"10419"}
COMMAND: POST /session/11c278e322621322209dbd84d797ae8b/actions - {"actions":[{"id":"action42","type":"key","parameters":{},"actions":[{"type":"keyDown","value":"î€‡"},{"type":"pause","duration":10},{"type":"keyUp","value":"î€‡"}]}]}
COMMAND: GET /session/11c278e322621322209dbd84d797ae8b/screenshot - {}
RESULT: {}
RESULT: {"actions":[{"id":"action42","type":"key","parameters":{},"actions":[{"type":"keyDown","value":"î€‡"},{"type":"pause","duration":10},{"type":"keyUp","value":"î€‡"}]}]}
COMMAND: GET /session/11c278e322621322209dbd84d797ae8b/screenshot - {}
RESULT: {}
RESULT: {}
COMMAND: POST /session/11c278e322621322209dbd84d797ae8b/element - {"using":"xpath","value":"//span[contains(@id ,\"application-billingtransfer-display-component---billingWorkbench--smartTableBillingRuns-header-inner\")]"}
RESULT: {"using":"xpath","value":"//span[contains(@id ,\"application-billingtransfer-display-component---billingWorkbench--smartTableBillingRuns-header-inner\")]"}
COMMAND: POST /session/11c278e322621322209dbd84d797ae8b/elements - {"using":"xpath","value":"//span[contains(@id ,\"application-billingtransfer-display-component---billingWorkbench--smartTableBillingRuns-header-inner\")]"}
RESULT: {"using":"xpath","value":"//span[contains(@id ,\"application-billingtransfer-display-component---billingWorkbench--smartTableBillingRuns-header-inner\")]"}
COMMAND: POST /session/11c278e322621322209dbd84d797ae8b/execute/sync - {"script":"<script> [56 bytes]","args":[{"element-6066-11e4-a52e-4f735466cecf":"f.1BBDEBF70A0905171D1AD33BCA73C599.d.B6DC24A96119612F01F3EAD39319B45E.e.12604","ELEMENT":"f.1BBDEBF70A0905171D1AD33BCA73C599.d.B6DC24A96119612F01F3EAD39319B45E.e.12604"}]}
RESULT: {"script":"<script> [56 bytes]","args":[{"element-6066-11e4-a52e-4f735466cecf":"f.1BBDEBF70A0905171D1AD33BCA73C599.d.B6DC24A96119612F01F3EAD39319B45E.e.12604","ELEMENT":"f.1BBDEBF70A0905171D1AD33BCA73C599.d.B6DC24A96119612F01F3EAD39319B45E.e.12604"}]}
COMMAND: POST /session/11c278e322621322209dbd84d797ae8b/element - {"using":"xpath","value":"//td[@aria-colindex=\"1\"]/div/div[contains(@class, \"sapMCbBg\")]"}
COMMAND: GET /session/11c278e322621322209dbd84d797ae8b/screenshot - {}
RESULT: {"using":"xpath","value":"//td[@aria-colindex=\"1\"]/div/div[contains(@class, \"sapMCbBg\")]"}
COMMAND: POST /session/11c278e322621322209dbd84d797ae8b/element/f.1BBDEBF70A0905171D1AD33BCA73C599.d.B6DC24A96119612F01F3EAD39319B45E.e.12614/click - {}
RESULT: {}
RESULT: {}
COMMAND: GET /session/11c278e322621322209dbd84d797ae8b/screenshot - {}
RESULT: {}
COMMAND: POST /session/11c278e322621322209dbd84d797ae8b/element - {"using":"xpath","value":"//bdi[text()=\"Transfer\"]"}
RESULT: {"using":"xpath","value":"//bdi[text()=\"Transfer\"]"}
COMMAND: POST /session/11c278e322621322209dbd84d797ae8b/element/f.1BBDEBF70A0905171D1AD33BCA73C599.d.B6DC24A96119612F01F3EAD39319B45E.e.12615/click - {}
RESULT: {}
COMMAND: GET /session/11c278e322621322209dbd84d797ae8b/screenshot - {}
RESULT: {}
COMMAND: POST /session/11c278e322621322209dbd84d797ae8b/element - {"using":"xpath","value":"//bdi[contains(text(), \"OK\")]"}
RESULT: {"using":"xpath","value":"//bdi[contains(text(), \"OK\")]"}
COMMAND: POST /session/11c278e322621322209dbd84d797ae8b/element/f.1BBDEBF70A0905171D1AD33BCA73C599.d.B6DC24A96119612F01F3EAD39319B45E.e.12618/click - {}
RESULT: {}
COMMAND: GET /session/11c278e322621322209dbd84d797ae8b/screenshot - {}
RESULT: {}
COMMAND: POST /session/11c278e322621322209dbd84d797ae8b/element - {"using":"xpath","value":"(//span[contains(text(), \"Completed\")]/parent::div/preceding-sibling::div/span)[1]"}
RESULT: {"using":"xpath","value":"(//span[contains(text(), \"Completed\")]/parent::div/preceding-sibling::div/span)[1]"}
COMMAND: POST /session/11c278e322621322209dbd84d797ae8b/element/f.1BBDEBF70A0905171D1AD33BCA73C599.d.B6DC24A96119612F01F3EAD39319B45E.e.12627/click - {}
RESULT: {}
COMMAND: POST /session/11c278e322621322209dbd84d797ae8b/element - {"using":"xpath","value":"//input[contains(@id ,\"application-billingtransfer-display-component---billingWorkbench--smartFilterBar-btnBasicSearch\")]"}
COMMAND: GET /session/11c278e322621322209dbd84d797ae8b/screenshot - {}
RESULT: {"using":"xpath","value":"//input[contains(@id ,\"application-billingtransfer-display-component---billingWorkbench--smartFilterBar-btnBasicSearch\")]"}
COMMAND: POST /session/11c278e322621322209dbd84d797ae8b/elements - {"using":"xpath","value":"//input[contains(@id ,\"application-billingtransfer-display-component---billingWorkbench--smartFilterBar-btnBasicSearch\")]"}
RESULT: {}
RESULT: {"using":"xpath","value":"//input[contains(@id ,\"application-billingtransfer-display-component---billingWorkbench--smartFilterBar-btnBasicSearch\")]"}
COMMAND: POST /session/11c278e322621322209dbd84d797ae8b/execute/sync - {"script":"<script> [8489 bytes]","args":[{"element-6066-11e4-a52e-4f735466cecf":"f.1BBDEBF70A0905171D1AD33BCA73C599.d.B6DC24A96119612F01F3EAD39319B45E.e.12387","ELEMENT":"f.1BBDEBF70A0905171D1AD33BCA73C599.d.B6DC24A96119612F01F3EAD39319B45E.e.12387"}]}
RESULT: {"script":"<script> [8489 bytes]","args":[{"element-6066-11e4-a52e-4f735466cecf":"f.1BBDEBF70A0905171D1AD33BCA73C599.d.B6DC24A96119612F01F3EAD39319B45E.e.12387","ELEMENT":"f.1BBDEBF70A0905171D1AD33BCA73C599.d.B6DC24A96119612F01F3EAD39319B45E.e.12387"}]}
COMMAND: GET /session/11c278e322621322209dbd84d797ae8b/element/f.1BBDEBF70A0905171D1AD33BCA73C599.d.B6DC24A96119612F01F3EAD39319B45E.e.12387/enabled - {}
COMMAND: GET /session/11c278e322621322209dbd84d797ae8b/screenshot - {}
RESULT: {}
COMMAND: POST /session/11c278e322621322209dbd84d797ae8b/element/f.1BBDEBF70A0905171D1AD33BCA73C599.d.B6DC24A96119612F01F3EAD39319B45E.e.12387/click - {}
COMMAND: GET /session/11c278e322621322209dbd84d797ae8b/screenshot - {}
RESULT: {}
RESULT: {}
COMMAND: GET /session/11c278e322621322209dbd84d797ae8b/screenshot - {}
RESULT: {}
RESULT: {}
COMMAND: POST /session/11c278e322621322209dbd84d797ae8b/element/f.1BBDEBF70A0905171D1AD33BCA73C599.d.B6DC24A96119612F01F3EAD39319B45E.e.12387/clear - {}
RESULT: {}
COMMAND: POST /session/11c278e322621322209dbd84d797ae8b/element/f.1BBDEBF70A0905171D1AD33BCA73C599.d.B6DC24A96119612F01F3EAD39319B45E.e.12387/value - {"text":"10419"}
COMMAND: GET /session/11c278e322621322209dbd84d797ae8b/screenshot - {}
RESULT: {"text":"10419"}
COMMAND: POST /session/11c278e322621322209dbd84d797ae8b/actions - {"actions":[{"id":"action43","type":"key","parameters":{},"actions":[{"type":"keyDown","value":"î€‡"},{"type":"pause","duration":10},{"type":"keyUp","value":"î€‡"}]}]}
COMMAND: GET /session/11c278e322621322209dbd84d797ae8b/screenshot - {}
RESULT: {}
RESULT: {"actions":[{"id":"action43","type":"key","parameters":{},"actions":[{"type":"keyDown","value":"î€‡"},{"type":"pause","duration":10},{"type":"keyUp","value":"î€‡"}]}]}
COMMAND: GET /session/11c278e322621322209dbd84d797ae8b/screenshot - {}
RESULT: {}
RESULT: {}
COMMAND: POST /session/11c278e322621322209dbd84d797ae8b/element - {"using":"xpath","value":"//span[contains(@id ,\"application-billingtransfer-display-component---billingWorkbench--smartTableBillingRuns-header-inner\")]"}
RESULT: {"using":"xpath","value":"//span[contains(@id ,\"application-billingtransfer-display-component---billingWorkbench--smartTableBillingRuns-header-inner\")]"}
COMMAND: POST /session/11c278e322621322209dbd84d797ae8b/elements - {"using":"xpath","value":"//span[contains(@id ,\"application-billingtransfer-display-component---billingWorkbench--smartTableBillingRuns-header-inner\")]"}
RESULT: {"using":"xpath","value":"//span[contains(@id ,\"application-billingtransfer-display-component---billingWorkbench--smartTableBillingRuns-header-inner\")]"}
COMMAND: POST /session/11c278e322621322209dbd84d797ae8b/execute/sync - {"script":"<script> [56 bytes]","args":[{"element-6066-11e4-a52e-4f735466cecf":"f.1BBDEBF70A0905171D1AD33BCA73C599.d.B6DC24A96119612F01F3EAD39319B45E.e.12604","ELEMENT":"f.1BBDEBF70A0905171D1AD33BCA73C599.d.B6DC24A96119612F01F3EAD39319B45E.e.12604"}]}
RESULT: {"script":"<script> [56 bytes]","args":[{"element-6066-11e4-a52e-4f735466cecf":"f.1BBDEBF70A0905171D1AD33BCA73C599.d.B6DC24A96119612F01F3EAD39319B45E.e.12604","ELEMENT":"f.1BBDEBF70A0905171D1AD33BCA73C599.d.B6DC24A96119612F01F3EAD39319B45E.e.12604"}]}
COMMAND: POST /session/11c278e322621322209dbd84d797ae8b/element - {"using":"css selector","value":"#shell-header-logo"}
COMMAND: GET /session/11c278e322621322209dbd84d797ae8b/screenshot - {}
RESULT: {"using":"css selector","value":"#shell-header-logo"}
COMMAND: POST /session/11c278e322621322209dbd84d797ae8b/element/f.1BBDEBF70A0905171D1AD33BCA73C599.d.B6DC24A96119612F01F3EAD39319B45E.e.12384/click - {}
RESULT: {}
RESULT: {}
COMMAND: GET /session/11c278e322621322209dbd84d797ae8b/screenshot - {}
RESULT: {}
COMMAND: POST /session/11c278e322621322209dbd84d797ae8b/element - {"using":"css selector","value":"#j_username"}
COMMAND: POST /session/11c278e322621322209dbd84d797ae8b/url - {"url":"https://qa-testing-00-live-etm-ui.cfapps.eu10-004.hana.ondemand.com/"}
RESULT: {"using":"css selector","value":"#j_username"}
COMMAND: POST /session/11c278e322621322209dbd84d797ae8b/element - {"using":"css selector","value":"#j_username"}
RESULT: {"url":"https://qa-testing-00-live-etm-ui.cfapps.eu10-004.hana.ondemand.com/"}
RESULT: undefined
COMMAND: GET /session/11c278e322621322209dbd84d797ae8b/screenshot - {}
RESULT: {"using":"css selector","value":"#j_username"}
COMMAND: POST /session/11c278e322621322209dbd84d797ae8b/element - {"using":"css selector","value":"#shell-header-logo"}
RESULT: {}
RESULT: {"using":"css selector","value":"#shell-header-logo"}
COMMAND: POST /session/11c278e322621322209dbd84d797ae8b/execute/sync - {"script":"<script> [8489 bytes]","args":[{"element-6066-11e4-a52e-4f735466cecf":"f.1BBDEBF70A0905171D1AD33BCA73C599.d.1D41BE2C7517483945D29C061F4184C7.e.12635","ELEMENT":"f.1BBDEBF70A0905171D1AD33BCA73C599.d.1D41BE2C7517483945D29C061F4184C7.e.12635"}]}
RESULT: {"script":"<script> [8489 bytes]","args":[{"element-6066-11e4-a52e-4f735466cecf":"f.1BBDEBF70A0905171D1AD33BCA73C599.d.1D41BE2C7517483945D29C061F4184C7.e.12635","ELEMENT":"f.1BBDEBF70A0905171D1AD33BCA73C599.d.1D41BE2C7517483945D29C061F4184C7.e.12635"}]}
COMMAND: POST /session/11c278e322621322209dbd84d797ae8b/element - {"using":"css selector","value":"#shell-header-logo"}
COMMAND: GET /session/11c278e322621322209dbd84d797ae8b/screenshot - {}
RESULT: {"using":"css selector","value":"#shell-header-logo"}
COMMAND: POST /session/11c278e322621322209dbd84d797ae8b/execute/sync - {"script":"<script> [8489 bytes]","args":[{"element-6066-11e4-a52e-4f735466cecf":"f.1BBDEBF70A0905171D1AD33BCA73C599.d.1D41BE2C7517483945D29C061F4184C7.e.12635","ELEMENT":"f.1BBDEBF70A0905171D1AD33BCA73C599.d.1D41BE2C7517483945D29C061F4184C7.e.12635"}]}
RESULT: {}
RESULT: {"script":"<script> [8489 bytes]","args":[{"element-6066-11e4-a52e-4f735466cecf":"f.1BBDEBF70A0905171D1AD33BCA73C599.d.1D41BE2C7517483945D29C061F4184C7.e.12635","ELEMENT":"f.1BBDEBF70A0905171D1AD33BCA73C599.d.1D41BE2C7517483945D29C061F4184C7.e.12635"}]}
COMMAND: POST /session/11c278e322621322209dbd84d797ae8b/execute/sync - {"script":"<script> [5351 bytes]","args":[{"element-6066-11e4-a52e-4f735466cecf":"f.1BBDEBF70A0905171D1AD33BCA73C599.d.1D41BE2C7517483945D29C061F4184C7.e.12635","ELEMENT":"f.1BBDEBF70A0905171D1AD33BCA73C599.d.1D41BE2C7517483945D29C061F4184C7.e.12635"}]}
COMMAND: GET /session/11c278e322621322209dbd84d797ae8b/screenshot - {}
RESULT: {"script":"<script> [5351 bytes]","args":[{"element-6066-11e4-a52e-4f735466cecf":"f.1BBDEBF70A0905171D1AD33BCA73C599.d.1D41BE2C7517483945D29C061F4184C7.e.12635","ELEMENT":"f.1BBDEBF70A0905171D1AD33BCA73C599.d.1D41BE2C7517483945D29C061F4184C7.e.12635"}]}
COMMAND: POST /session/11c278e322621322209dbd84d797ae8b/element - {"using":"css selector","value":"#shell-header-logo"}
COMMAND: GET /session/11c278e322621322209dbd84d797ae8b/screenshot - {}
RESULT: {}
RESULT: {"using":"css selector","value":"#shell-header-logo"}
COMMAND: POST /session/11c278e322621322209dbd84d797ae8b/element/f.1BBDEBF70A0905171D1AD33BCA73C599.d.1D41BE2C7517483945D29C061F4184C7.e.12635/click - {}
RESULT: {}
RESULT: {}
COMMAND: GET /session/11c278e322621322209dbd84d797ae8b/screenshot - {}
RESULT: {}
COMMAND: POST /session/11c278e322621322209dbd84d797ae8b/execute/async - {"script":"<script> [189 bytes]","args":[]}
RESULT: {"script":"<script> [189 bytes]","args":[]}
COMMAND: POST /session/11c278e322621322209dbd84d797ae8b/execute/async - {"script":"<script> [123 bytes]","args":[]}
RESULT: {"script":"<script> [123 bytes]","args":[]}
COMMAND: POST /session/11c278e322621322209dbd84d797ae8b/timeouts - {"script":"<number>"}
RESULT: {"script":"<number>"}
COMMAND: GET /session/11c278e322621322209dbd84d797ae8b/timeouts - {}
RESULT: {}
RESULT: undefined
COMMAND: POST /session/11c278e322621322209dbd84d797ae8b/execute/async - {"script":"<script> [2676 bytes]","args":[]}
RESULT: {"script":"<script> [2676 bytes]","args":[]}
COMMAND: POST /session/11c278e322621322209dbd84d797ae8b/execute/async - {"script":"<script> [2342 bytes]","args":[{"protocol":"http","hostname":"0.0.0.0","path":"/","capabilities":{"browserName":"chrome","goog:chromeOptions":{"binary":"C:\\Program Files\\Google\\Chrome\\Application\\chrome.exe","args":["--start-maximized"]}},"logLevel":"warn","connectionRetryTimeout":120000,"connectionRetryCount":3,"logLevels":{},"enableDirectConnect":true,"strictSSL":true,"_":"65 more keys: [\"cacheDir\",\"port\",\"requestedCapabilities\",\"automationProtocol\",\"baseUrl\",\"waitforInterval\",\"waitforTimeout\",\"onReload\",\"beforeCommand\",\"afterCommand\",\"rootDir\",\"specs\",\"suites\",\"exclude\",\"groupLogsByTestSpec\",\"excludeDriverLogs\",\"bail\",\"framework\",\"reporters\",\"services\",\"maxInstances\",\"maxInstancesPerCapability\",\"injectGlobals\",\"filesToWatch\",\"execArgv\",\"runnerEnv\",\"runner\",\"shard\",\"specFileRetries\",\"specFileRetriesDelay\",\"specFileRetriesDeferred\",\"reporterSyncInterval\",\"reporterSyncTimeout\",\"cucumberFeaturesWithLineNumbers\",\"autoCompileOpts\",\"mochaOpts\",\"jasmineOpts\",\"cucumberOpts\",\"onPrepare\",\"onWorkerStart\",\"onWorkerEnd\",\"before\",\"beforeSession\",\"beforeSuite\",\"beforeHook\",\"beforeTest\",\"afterTest\",\"afterHook\",\"afterSuite\",\"afterSession\",\"after\",\"onComplete\",\"beforeAssertion\",\"afterAssertion\",\"beforeFeature\",\"beforeScenario\",\"beforeStep\",\"afterStep\",\"afterScenario\",\"afterFeature\",\"_\",\"suite\",\"$0\",\"ignoredWorkerServices\",\"wdi5\"]"}]}
RESULT: {"script":"<script> [2342 bytes]","args":[{"protocol":"http","hostname":"0.0.0.0","path":"/","capabilities":{"browserName":"chrome","goog:chromeOptions":{"binary":"C:\\Program Files\\Google\\Chrome\\Application\\chrome.exe","args":["--start-maximized"]}},"logLevel":"warn","connectionRetryTimeout":120000,"connectionRetryCount":3,"logLevels":{},"enableDirectConnect":true,"strictSSL":true,"_":"65 more keys: [\"cacheDir\",\"port\",\"requestedCapabilities\",\"automationProtocol\",\"baseUrl\",\"waitforInterval\",\"waitforTimeout\",\"onReload\",\"beforeCommand\",\"afterCommand\",\"rootDir\",\"specs\",\"suites\",\"exclude\",\"groupLogsByTestSpec\",\"excludeDriverLogs\",\"bail\",\"framework\",\"reporters\",\"services\",\"maxInstances\",\"maxInstancesPerCapability\",\"injectGlobals\",\"filesToWatch\",\"execArgv\",\"runnerEnv\",\"runner\",\"shard\",\"specFileRetries\",\"specFileRetriesDelay\",\"specFileRetriesDeferred\",\"reporterSyncInterval\",\"reporterSyncTimeout\",\"cucumberFeaturesWithLineNumbers\",\"autoCompileOpts\",\"mochaOpts\",\"jasmineOpts\",\"cucumberOpts\",\"onPrepare\",\"onWorkerStart\",\"onWorkerEnd\",\"before\",\"beforeSession\",\"beforeSuite\",\"beforeHook\",\"beforeTest\",\"afterTest\",\"afterHook\",\"afterSuite\",\"afterSession\",\"after\",\"onComplete\",\"beforeAssertion\",\"afterAssertion\",\"beforeFeature\",\"beforeScenario\",\"beforeStep\",\"afterStep\",\"afterScenario\",\"afterFeature\",\"_\",\"suite\",\"$0\",\"ignoredWorkerServices\",\"wdi5\"]"}]}
COMMAND: POST /session/11c278e322621322209dbd84d797ae8b/execute/async - {"script":"<script> [21126 bytes]","args":[35000]}
RESULT: {"script":"<script> [21126 bytes]","args":[35000]}
COMMAND: POST /session/11c278e322621322209dbd84d797ae8b/window/maximize - {}
RESULT: {}
COMMAND: POST /session/11c278e322621322209dbd84d797ae8b/execute/async - {"script":"<script> [1562 bytes]","args":[{"selector":{"id":"shell-header","interaction":{"idSuffix":"icon"}},"wdio_ui5_key":"shellheader"}]}
COMMAND: GET /session/11c278e322621322209dbd84d797ae8b/screenshot - {}
RESULT: {"script":"<script> [1562 bytes]","args":[{"selector":{"id":"shell-header","interaction":{"idSuffix":"icon"}},"wdio_ui5_key":"shellheader"}]}
RESULT: undefined
COMMAND: POST /session/11c278e322621322209dbd84d797ae8b/refresh - {}
RESULT: {}
RESULT: {}
COMMAND: GET /session/11c278e322621322209dbd84d797ae8b/screenshot - {}
RESULT: {}
COMMAND: POST /session/11c278e322621322209dbd84d797ae8b/refresh - {}
RESULT: {}
COMMAND: GET /session/11c278e322621322209dbd84d797ae8b/screenshot - {}
RESULT: {}
COMMAND: POST /session/11c278e322621322209dbd84d797ae8b/window/fullscreen - {}
RESULT: {}
COMMAND: POST /session/11c278e322621322209dbd84d797ae8b/execute/async - {"script":"<script> [189 bytes]","args":[]}
RESULT: {"script":"<script> [189 bytes]","args":[]}
COMMAND: POST /session/11c278e322621322209dbd84d797ae8b/execute/async - {"script":"<script> [123 bytes]","args":[]}
RESULT: {"script":"<script> [123 bytes]","args":[]}
COMMAND: POST /session/11c278e322621322209dbd84d797ae8b/timeouts - {"script":"<number>"}
RESULT: {"script":"<number>"}
COMMAND: GET /session/11c278e322621322209dbd84d797ae8b/timeouts - {}
RESULT: {}
RESULT: undefined
COMMAND: POST /session/11c278e322621322209dbd84d797ae8b/execute/async - {"script":"<script> [2676 bytes]","args":[]}
RESULT: {"script":"<script> [2676 bytes]","args":[]}
COMMAND: POST /session/11c278e322621322209dbd84d797ae8b/execute/async - {"script":"<script> [2342 bytes]","args":[{"protocol":"http","hostname":"0.0.0.0","path":"/","capabilities":{"browserName":"chrome","goog:chromeOptions":{"binary":"C:\\Program Files\\Google\\Chrome\\Application\\chrome.exe","args":["--start-maximized"]}},"logLevel":"warn","connectionRetryTimeout":120000,"connectionRetryCount":3,"logLevels":{},"enableDirectConnect":true,"strictSSL":true,"_":"65 more keys: [\"cacheDir\",\"port\",\"requestedCapabilities\",\"automationProtocol\",\"baseUrl\",\"waitforInterval\",\"waitforTimeout\",\"onReload\",\"beforeCommand\",\"afterCommand\",\"rootDir\",\"specs\",\"suites\",\"exclude\",\"groupLogsByTestSpec\",\"excludeDriverLogs\",\"bail\",\"framework\",\"reporters\",\"services\",\"maxInstances\",\"maxInstancesPerCapability\",\"injectGlobals\",\"filesToWatch\",\"execArgv\",\"runnerEnv\",\"runner\",\"shard\",\"specFileRetries\",\"specFileRetriesDelay\",\"specFileRetriesDeferred\",\"reporterSyncInterval\",\"reporterSyncTimeout\",\"cucumberFeaturesWithLineNumbers\",\"autoCompileOpts\",\"mochaOpts\",\"jasmineOpts\",\"cucumberOpts\",\"onPrepare\",\"onWorkerStart\",\"onWorkerEnd\",\"before\",\"beforeSession\",\"beforeSuite\",\"beforeHook\",\"beforeTest\",\"afterTest\",\"afterHook\",\"afterSuite\",\"afterSession\",\"after\",\"onComplete\",\"beforeAssertion\",\"afterAssertion\",\"beforeFeature\",\"beforeScenario\",\"beforeStep\",\"afterStep\",\"afterScenario\",\"afterFeature\",\"_\",\"suite\",\"$0\",\"ignoredWorkerServices\",\"wdi5\"]"}]}
RESULT: {"script":"<script> [2342 bytes]","args":[{"protocol":"http","hostname":"0.0.0.0","path":"/","capabilities":{"browserName":"chrome","goog:chromeOptions":{"binary":"C:\\Program Files\\Google\\Chrome\\Application\\chrome.exe","args":["--start-maximized"]}},"logLevel":"warn","connectionRetryTimeout":120000,"connectionRetryCount":3,"logLevels":{},"enableDirectConnect":true,"strictSSL":true,"_":"65 more keys: [\"cacheDir\",\"port\",\"requestedCapabilities\",\"automationProtocol\",\"baseUrl\",\"waitforInterval\",\"waitforTimeout\",\"onReload\",\"beforeCommand\",\"afterCommand\",\"rootDir\",\"specs\",\"suites\",\"exclude\",\"groupLogsByTestSpec\",\"excludeDriverLogs\",\"bail\",\"framework\",\"reporters\",\"services\",\"maxInstances\",\"maxInstancesPerCapability\",\"injectGlobals\",\"filesToWatch\",\"execArgv\",\"runnerEnv\",\"runner\",\"shard\",\"specFileRetries\",\"specFileRetriesDelay\",\"specFileRetriesDeferred\",\"reporterSyncInterval\",\"reporterSyncTimeout\",\"cucumberFeaturesWithLineNumbers\",\"autoCompileOpts\",\"mochaOpts\",\"jasmineOpts\",\"cucumberOpts\",\"onPrepare\",\"onWorkerStart\",\"onWorkerEnd\",\"before\",\"beforeSession\",\"beforeSuite\",\"beforeHook\",\"beforeTest\",\"afterTest\",\"afterHook\",\"afterSuite\",\"afterSession\",\"after\",\"onComplete\",\"beforeAssertion\",\"afterAssertion\",\"beforeFeature\",\"beforeScenario\",\"beforeStep\",\"afterStep\",\"afterScenario\",\"afterFeature\",\"_\",\"suite\",\"$0\",\"ignoredWorkerServices\",\"wdi5\"]"}]}
COMMAND: POST /session/11c278e322621322209dbd84d797ae8b/execute/async - {"script":"<script> [21126 bytes]","args":[35000]}
RESULT: {"script":"<script> [21126 bytes]","args":[35000]}
]]></system-out>
    </testcase>
  </testsuite>
  <testsuite timestamp="2025-04-30T17:51:38" time="620.798" tests="12" failures="6" errors="6" skipped="0">
    <properties>
      <property name="specId" value="0" />
      <property name="suiteName" value="Billing transfer US117289" />
      <property name="capabilities" value="chrome.135_0_7049_96.windows" />
      <property name="file" value="file:///D:/a/1/s/test/specs/BTS/billing-transfer.spec.js" />
    </properties>
    <testcase classname="chrome.135_0_7049_96.windows.Billing_transfer_US117289" name="Should create a new yard" time="0.023">
      <system-out><![CDATA[
COMMAND: POST /session/11c278e322621322209dbd84d797ae8b/window/fullscreen - {}
RESULT: {}
]]></system-out>
    </testcase>
    <testcase classname="chrome.135_0_7049_96.windows.Billing_transfer_US117289" name="Should create a new partner" time="0.003" />
    <testcase classname="chrome.135_0_7049_96.windows.Billing_transfer_US117289" name="Should create a new site" time="0.003" />
    <testcase classname="chrome.135_0_7049_96.windows.Billing_transfer_US117289" name="Should create a new equipment" time="131.07">
      <system-out><![CDATA[
COMMAND: POST /session/11c278e322621322209dbd84d797ae8b/execute/async - {"script":"<script> [1562 bytes]","args":[{"selector":{"controlType":"sap.m.GenericTile","properties":{"header":"Manage Resources"}},"wdio_ui5_key":"sapm.GenericTile{\"header\":\"Manage Resources\"}"}]}
RESULT: {"script":"<script> [1562 bytes]","args":[{"selector":{"controlType":"sap.m.GenericTile","properties":{"header":"Manage Resources"}},"wdio_ui5_key":"sapm.GenericTile{\"header\":\"Manage Resources\"}"}]}
RESULT: undefined
COMMAND: POST /session/11c278e322621322209dbd84d797ae8b/element - {"using":"xpath","value":"//*[@id=\"__tile39\"]"}
RESULT: {"using":"xpath","value":"//*[@id=\"__tile39\"]"}
COMMAND: POST /session/11c278e322621322209dbd84d797ae8b/element/f.1BBDEBF70A0905171D1AD33BCA73C599.d.E2B5521F9EBA815D9D023FDC89DA884D.e.12800/click - {}
RESULT: {}
COMMAND: POST /session/11c278e322621322209dbd84d797ae8b/element - {"using":"xpath","value":"//button[@data-kt=\"addNewRUOverflowToolbarButton\"]"}
COMMAND: GET /session/11c278e322621322209dbd84d797ae8b/screenshot - {}
RESULT: {"using":"xpath","value":"//button[@data-kt=\"addNewRUOverflowToolbarButton\"]"}
COMMAND: POST /session/11c278e322621322209dbd84d797ae8b/elements - {"using":"xpath","value":"//button[@data-kt=\"addNewRUOverflowToolbarButton\"]"}
RESULT: {}
RESULT: {"using":"xpath","value":"//button[@data-kt=\"addNewRUOverflowToolbarButton\"]"}
COMMAND: POST /session/11c278e322621322209dbd84d797ae8b/elements - {"using":"xpath","value":"//button[@data-kt=\"addNewRUOverflowToolbarButton\"]"}
RESULT: {"using":"xpath","value":"//button[@data-kt=\"addNewRUOverflowToolbarButton\"]"}
COMMAND: POST /session/11c278e322621322209dbd84d797ae8b/elements - {"using":"xpath","value":"//button[@data-kt=\"addNewRUOverflowToolbarButton\"]"}
RESULT: {"using":"xpath","value":"//button[@data-kt=\"addNewRUOverflowToolbarButton\"]"}
COMMAND: POST /session/11c278e322621322209dbd84d797ae8b/elements - {"using":"xpath","value":"//button[@data-kt=\"addNewRUOverflowToolbarButton\"]"}
RESULT: {"using":"xpath","value":"//button[@data-kt=\"addNewRUOverflowToolbarButton\"]"}
COMMAND: POST /session/11c278e322621322209dbd84d797ae8b/elements - {"using":"xpath","value":"//button[@data-kt=\"addNewRUOverflowToolbarButton\"]"}
RESULT: {"using":"xpath","value":"//button[@data-kt=\"addNewRUOverflowToolbarButton\"]"}
COMMAND: POST /session/11c278e322621322209dbd84d797ae8b/elements - {"using":"xpath","value":"//button[@data-kt=\"addNewRUOverflowToolbarButton\"]"}
RESULT: {"using":"xpath","value":"//button[@data-kt=\"addNewRUOverflowToolbarButton\"]"}
COMMAND: POST /session/11c278e322621322209dbd84d797ae8b/elements - {"using":"xpath","value":"//button[@data-kt=\"addNewRUOverflowToolbarButton\"]"}
RESULT: {"using":"xpath","value":"//button[@data-kt=\"addNewRUOverflowToolbarButton\"]"}
COMMAND: POST /session/11c278e322621322209dbd84d797ae8b/elements - {"using":"xpath","value":"//button[@data-kt=\"addNewRUOverflowToolbarButton\"]"}
RESULT: {"using":"xpath","value":"//button[@data-kt=\"addNewRUOverflowToolbarButton\"]"}
COMMAND: POST /session/11c278e322621322209dbd84d797ae8b/elements - {"using":"xpath","value":"//button[@data-kt=\"addNewRUOverflowToolbarButton\"]"}
RESULT: {"using":"xpath","value":"//button[@data-kt=\"addNewRUOverflowToolbarButton\"]"}
COMMAND: POST /session/11c278e322621322209dbd84d797ae8b/elements - {"using":"xpath","value":"//button[@data-kt=\"addNewRUOverflowToolbarButton\"]"}
RESULT: {"using":"xpath","value":"//button[@data-kt=\"addNewRUOverflowToolbarButton\"]"}
COMMAND: POST /session/11c278e322621322209dbd84d797ae8b/elements - {"using":"xpath","value":"//button[@data-kt=\"addNewRUOverflowToolbarButton\"]"}
RESULT: {"using":"xpath","value":"//button[@data-kt=\"addNewRUOverflowToolbarButton\"]"}
COMMAND: POST /session/11c278e322621322209dbd84d797ae8b/elements - {"using":"xpath","value":"//button[@data-kt=\"addNewRUOverflowToolbarButton\"]"}
RESULT: {"using":"xpath","value":"//button[@data-kt=\"addNewRUOverflowToolbarButton\"]"}
COMMAND: POST /session/11c278e322621322209dbd84d797ae8b/elements - {"using":"xpath","value":"//button[@data-kt=\"addNewRUOverflowToolbarButton\"]"}
RESULT: {"using":"xpath","value":"//button[@data-kt=\"addNewRUOverflowToolbarButton\"]"}
COMMAND: POST /session/11c278e322621322209dbd84d797ae8b/elements - {"using":"xpath","value":"//button[@data-kt=\"addNewRUOverflowToolbarButton\"]"}
RESULT: {"using":"xpath","value":"//button[@data-kt=\"addNewRUOverflowToolbarButton\"]"}
COMMAND: POST /session/11c278e322621322209dbd84d797ae8b/elements - {"using":"xpath","value":"//button[@data-kt=\"addNewRUOverflowToolbarButton\"]"}
RESULT: {"using":"xpath","value":"//button[@data-kt=\"addNewRUOverflowToolbarButton\"]"}
COMMAND: POST /session/11c278e322621322209dbd84d797ae8b/elements - {"using":"xpath","value":"//button[@data-kt=\"addNewRUOverflowToolbarButton\"]"}
RESULT: {"using":"xpath","value":"//button[@data-kt=\"addNewRUOverflowToolbarButton\"]"}
COMMAND: POST /session/11c278e322621322209dbd84d797ae8b/elements - {"using":"xpath","value":"//button[@data-kt=\"addNewRUOverflowToolbarButton\"]"}
RESULT: {"using":"xpath","value":"//button[@data-kt=\"addNewRUOverflowToolbarButton\"]"}
COMMAND: POST /session/11c278e322621322209dbd84d797ae8b/elements - {"using":"xpath","value":"//button[@data-kt=\"addNewRUOverflowToolbarButton\"]"}
RESULT: {"using":"xpath","value":"//button[@data-kt=\"addNewRUOverflowToolbarButton\"]"}
COMMAND: POST /session/11c278e322621322209dbd84d797ae8b/elements - {"using":"xpath","value":"//button[@data-kt=\"addNewRUOverflowToolbarButton\"]"}
RESULT: {"using":"xpath","value":"//button[@data-kt=\"addNewRUOverflowToolbarButton\"]"}
COMMAND: POST /session/11c278e322621322209dbd84d797ae8b/elements - {"using":"xpath","value":"//button[@data-kt=\"addNewRUOverflowToolbarButton\"]"}
RESULT: {"using":"xpath","value":"//button[@data-kt=\"addNewRUOverflowToolbarButton\"]"}
COMMAND: POST /session/11c278e322621322209dbd84d797ae8b/elements - {"using":"xpath","value":"//button[@data-kt=\"addNewRUOverflowToolbarButton\"]"}
RESULT: {"using":"xpath","value":"//button[@data-kt=\"addNewRUOverflowToolbarButton\"]"}
COMMAND: POST /session/11c278e322621322209dbd84d797ae8b/elements - {"using":"xpath","value":"//button[@data-kt=\"addNewRUOverflowToolbarButton\"]"}
RESULT: {"using":"xpath","value":"//button[@data-kt=\"addNewRUOverflowToolbarButton\"]"}
COMMAND: POST /session/11c278e322621322209dbd84d797ae8b/elements - {"using":"xpath","value":"//button[@data-kt=\"addNewRUOverflowToolbarButton\"]"}
RESULT: {"using":"xpath","value":"//button[@data-kt=\"addNewRUOverflowToolbarButton\"]"}
COMMAND: POST /session/11c278e322621322209dbd84d797ae8b/elements - {"using":"xpath","value":"//button[@data-kt=\"addNewRUOverflowToolbarButton\"]"}
RESULT: {"using":"xpath","value":"//button[@data-kt=\"addNewRUOverflowToolbarButton\"]"}
COMMAND: POST /session/11c278e322621322209dbd84d797ae8b/elements - {"using":"xpath","value":"//button[@data-kt=\"addNewRUOverflowToolbarButton\"]"}
RESULT: {"using":"xpath","value":"//button[@data-kt=\"addNewRUOverflowToolbarButton\"]"}
COMMAND: POST /session/11c278e322621322209dbd84d797ae8b/elements - {"using":"xpath","value":"//button[@data-kt=\"addNewRUOverflowToolbarButton\"]"}
RESULT: {"using":"xpath","value":"//button[@data-kt=\"addNewRUOverflowToolbarButton\"]"}
COMMAND: POST /session/11c278e322621322209dbd84d797ae8b/elements - {"using":"xpath","value":"//button[@data-kt=\"addNewRUOverflowToolbarButton\"]"}
RESULT: {"using":"xpath","value":"//button[@data-kt=\"addNewRUOverflowToolbarButton\"]"}
COMMAND: POST /session/11c278e322621322209dbd84d797ae8b/elements - {"using":"xpath","value":"//button[@data-kt=\"addNewRUOverflowToolbarButton\"]"}
RESULT: {"using":"xpath","value":"//button[@data-kt=\"addNewRUOverflowToolbarButton\"]"}
COMMAND: POST /session/11c278e322621322209dbd84d797ae8b/elements - {"using":"xpath","value":"//button[@data-kt=\"addNewRUOverflowToolbarButton\"]"}
RESULT: {"using":"xpath","value":"//button[@data-kt=\"addNewRUOverflowToolbarButton\"]"}
COMMAND: POST /session/11c278e322621322209dbd84d797ae8b/elements - {"using":"xpath","value":"//button[@data-kt=\"addNewRUOverflowToolbarButton\"]"}
RESULT: {"using":"xpath","value":"//button[@data-kt=\"addNewRUOverflowToolbarButton\"]"}
COMMAND: POST /session/11c278e322621322209dbd84d797ae8b/elements - {"using":"xpath","value":"//button[@data-kt=\"addNewRUOverflowToolbarButton\"]"}
RESULT: {"using":"xpath","value":"//button[@data-kt=\"addNewRUOverflowToolbarButton\"]"}
COMMAND: POST /session/11c278e322621322209dbd84d797ae8b/elements - {"using":"xpath","value":"//button[@data-kt=\"addNewRUOverflowToolbarButton\"]"}
RESULT: {"using":"xpath","value":"//button[@data-kt=\"addNewRUOverflowToolbarButton\"]"}
COMMAND: POST /session/11c278e322621322209dbd84d797ae8b/elements - {"using":"xpath","value":"//button[@data-kt=\"addNewRUOverflowToolbarButton\"]"}
RESULT: {"using":"xpath","value":"//button[@data-kt=\"addNewRUOverflowToolbarButton\"]"}
COMMAND: POST /session/11c278e322621322209dbd84d797ae8b/elements - {"using":"xpath","value":"//button[@data-kt=\"addNewRUOverflowToolbarButton\"]"}
RESULT: {"using":"xpath","value":"//button[@data-kt=\"addNewRUOverflowToolbarButton\"]"}
COMMAND: POST /session/11c278e322621322209dbd84d797ae8b/element - {"using":"xpath","value":"//button[@data-kt=\"addNewRUOverflowToolbarButton\"]"}
RESULT: {"using":"xpath","value":"//button[@data-kt=\"addNewRUOverflowToolbarButton\"]"}
COMMAND: POST /session/11c278e322621322209dbd84d797ae8b/execute/sync - {"script":"<script> [8489 bytes]","args":[{"element-6066-11e4-a52e-4f735466cecf":"f.1BBDEBF70A0905171D1AD33BCA73C599.d.E2B5521F9EBA815D9D023FDC89DA884D.e.12949","ELEMENT":"f.1BBDEBF70A0905171D1AD33BCA73C599.d.E2B5521F9EBA815D9D023FDC89DA884D.e.12949"}]}
RESULT: {"script":"<script> [8489 bytes]","args":[{"element-6066-11e4-a52e-4f735466cecf":"f.1BBDEBF70A0905171D1AD33BCA73C599.d.E2B5521F9EBA815D9D023FDC89DA884D.e.12949","ELEMENT":"f.1BBDEBF70A0905171D1AD33BCA73C599.d.E2B5521F9EBA815D9D023FDC89DA884D.e.12949"}]}
COMMAND: GET /session/11c278e322621322209dbd84d797ae8b/element/f.1BBDEBF70A0905171D1AD33BCA73C599.d.E2B5521F9EBA815D9D023FDC89DA884D.e.12949/enabled - {}
COMMAND: GET /session/11c278e322621322209dbd84d797ae8b/screenshot - {}
RESULT: {}
COMMAND: POST /session/11c278e322621322209dbd84d797ae8b/execute/sync - {"script":"<script> [8489 bytes]","args":[{"element-6066-11e4-a52e-4f735466cecf":"f.1BBDEBF70A0905171D1AD33BCA73C599.d.E2B5521F9EBA815D9D023FDC89DA884D.e.12949","ELEMENT":"f.1BBDEBF70A0905171D1AD33BCA73C599.d.E2B5521F9EBA815D9D023FDC89DA884D.e.12949"}]}
COMMAND: GET /session/11c278e322621322209dbd84d797ae8b/screenshot - {}
RESULT: {}
RESULT: {"script":"<script> [8489 bytes]","args":[{"element-6066-11e4-a52e-4f735466cecf":"f.1BBDEBF70A0905171D1AD33BCA73C599.d.E2B5521F9EBA815D9D023FDC89DA884D.e.12949","ELEMENT":"f.1BBDEBF70A0905171D1AD33BCA73C599.d.E2B5521F9EBA815D9D023FDC89DA884D.e.12949"}]}
COMMAND: POST /session/11c278e322621322209dbd84d797ae8b/execute/sync - {"script":"<script> [5351 bytes]","args":[{"element-6066-11e4-a52e-4f735466cecf":"f.1BBDEBF70A0905171D1AD33BCA73C599.d.E2B5521F9EBA815D9D023FDC89DA884D.e.12949","ELEMENT":"f.1BBDEBF70A0905171D1AD33BCA73C599.d.E2B5521F9EBA815D9D023FDC89DA884D.e.12949"}]}
COMMAND: GET /session/11c278e322621322209dbd84d797ae8b/screenshot - {}
RESULT: {}
RESULT: {"script":"<script> [5351 bytes]","args":[{"element-6066-11e4-a52e-4f735466cecf":"f.1BBDEBF70A0905171D1AD33BCA73C599.d.E2B5521F9EBA815D9D023FDC89DA884D.e.12949","ELEMENT":"f.1BBDEBF70A0905171D1AD33BCA73C599.d.E2B5521F9EBA815D9D023FDC89DA884D.e.12949"}]}
COMMAND: POST /session/11c278e322621322209dbd84d797ae8b/element/f.1BBDEBF70A0905171D1AD33BCA73C599.d.E2B5521F9EBA815D9D023FDC89DA884D.e.12949/click - {}
COMMAND: GET /session/11c278e322621322209dbd84d797ae8b/screenshot - {}
RESULT: {}
RESULT: {}
COMMAND: GET /session/11c278e322621322209dbd84d797ae8b/screenshot - {}
COMMAND: POST /session/11c278e322621322209dbd84d797ae8b/execute/async - {"script":"<script> [1562 bytes]","args":[{"selector":{"id":"application-manageresources-display-component---newResourceUnit--TYPE-arrow"},"wdio_ui5_key":"applicationmanageresources-display-component---newResourceUnit--TYPE-arrow"}]}
RESULT: {}
RESULT: {}
RESULT: {"script":"<script> [1562 bytes]","args":[{"selector":{"id":"application-manageresources-display-component---newResourceUnit--TYPE-arrow"},"wdio_ui5_key":"applicationmanageresources-display-component---newResourceUnit--TYPE-arrow"}]}
RESULT: undefined
COMMAND: POST /session/11c278e322621322209dbd84d797ae8b/element - {"using":"xpath","value":"//*[@id=\"application-manageresources-display-component---newResourceUnit--TYPE-arrow\"]"}
RESULT: {"using":"xpath","value":"//*[@id=\"application-manageresources-display-component---newResourceUnit--TYPE-arrow\"]"}
COMMAND: POST /session/11c278e322621322209dbd84d797ae8b/element/f.1BBDEBF70A0905171D1AD33BCA73C599.d.E2B5521F9EBA815D9D023FDC89DA884D.e.13309/click - {}
RESULT: {}
COMMAND: POST /session/11c278e322621322209dbd84d797ae8b/element - {"using":"xpath","value":"//input[@id=\"application-manageresources-display-component---newResourceUnit--TYPE-inner\"]"}
COMMAND: GET /session/11c278e322621322209dbd84d797ae8b/screenshot - {}
RESULT: {"using":"xpath","value":"//input[@id=\"application-manageresources-display-component---newResourceUnit--TYPE-inner\"]"}
COMMAND: POST /session/11c278e322621322209dbd84d797ae8b/element/f.1BBDEBF70A0905171D1AD33BCA73C599.d.E2B5521F9EBA815D9D023FDC89DA884D.e.13292/clear - {}
RESULT: {}
RESULT: {}
COMMAND: POST /session/11c278e322621322209dbd84d797ae8b/element/f.1BBDEBF70A0905171D1AD33BCA73C599.d.E2B5521F9EBA815D9D023FDC89DA884D.e.13292/value - {"text":"Equipment"}
COMMAND: GET /session/11c278e322621322209dbd84d797ae8b/screenshot - {}
RESULT: {"text":"Equipment"}
COMMAND: GET /session/11c278e322621322209dbd84d797ae8b/screenshot - {}
RESULT: {}
RESULT: {}
COMMAND: POST /session/11c278e322621322209dbd84d797ae8b/actions - {"actions":[{"id":"action44","type":"key","parameters":{},"actions":[{"type":"keyDown","value":"î€‡"},{"type":"pause","duration":10},{"type":"keyUp","value":"î€‡"}]}]}
RESULT: {"actions":[{"id":"action44","type":"key","parameters":{},"actions":[{"type":"keyDown","value":"î€‡"},{"type":"pause","duration":10},{"type":"keyUp","value":"î€‡"}]}]}
COMMAND: POST /session/11c278e322621322209dbd84d797ae8b/execute/async - {"script":"<script> [1562 bytes]","args":[{"selector":{"id":"application-manageresources-display-component---newResourceUnit--resourceId","interaction":{"idSuffix":"inner"}},"wdio_ui5_key":"applicationmanageresources-display-component---newResourceUnit--resourceId"}]}
COMMAND: GET /session/11c278e322621322209dbd84d797ae8b/screenshot - {}
RESULT: {"script":"<script> [1562 bytes]","args":[{"selector":{"id":"application-manageresources-display-component---newResourceUnit--resourceId","interaction":{"idSuffix":"inner"}},"wdio_ui5_key":"applicationmanageresources-display-component---newResourceUnit--resourceId"}]}
RESULT: undefined
COMMAND: POST /session/11c278e322621322209dbd84d797ae8b/execute/async - {"script":"<script> [776 bytes]","args":[{"enterText":"clzz5UqR6a","selector":{"id":"application-manageresources-display-component---newResourceUnit--resourceId","interaction":{"idSuffix":"inner"}},"clearTextFirst":true,"interactionType":"ENTER_TEXT"}]}
RESULT: {}
RESULT: {"script":"<script> [776 bytes]","args":[{"enterText":"clzz5UqR6a","selector":{"id":"application-manageresources-display-component---newResourceUnit--resourceId","interaction":{"idSuffix":"inner"}},"clearTextFirst":true,"interactionType":"ENTER_TEXT"}]}
COMMAND: POST /session/11c278e322621322209dbd84d797ae8b/execute/async - {"script":"<script> [1562 bytes]","args":[{"selector":{"id":"application-manageresources-display-component---newResourceUnit--SHORT_TEXT","interaction":{"idSuffix":"inner"}},"wdio_ui5_key":"applicationmanageresources-display-component---newResourceUnit--SHORT_TEXT"}]}
RESULT: {"script":"<script> [1562 bytes]","args":[{"selector":{"id":"application-manageresources-display-component---newResourceUnit--SHORT_TEXT","interaction":{"idSuffix":"inner"}},"wdio_ui5_key":"applicationmanageresources-display-component---newResourceUnit--SHORT_TEXT"}]}
RESULT: undefined
COMMAND: POST /session/11c278e322621322209dbd84d797ae8b/execute/async - {"script":"<script> [776 bytes]","args":[{"enterText":"Intercompany Equipment WDIO","selector":{"id":"application-manageresources-display-component---newResourceUnit--SHORT_TEXT","interaction":{"idSuffix":"inner"}},"clearTextFirst":true,"interactionType":"ENTER_TEXT"}]}
RESULT: {"script":"<script> [776 bytes]","args":[{"enterText":"Intercompany Equipment WDIO","selector":{"id":"application-manageresources-display-component---newResourceUnit--SHORT_TEXT","interaction":{"idSuffix":"inner"}},"clearTextFirst":true,"interactionType":"ENTER_TEXT"}]}
COMMAND: POST /session/11c278e322621322209dbd84d797ae8b/execute/async - {"script":"<script> [1562 bytes]","args":[{"selector":{"id":"application-manageresources-display-component---newResourceUnit--BASE_UNIT_OF_MEASURE","interaction":{"idSuffix":"inner"}},"wdio_ui5_key":"applicationmanageresources-display-component---newResourceUnit--BASE_UNIT_OF_MEASURE"}]}
RESULT: {"script":"<script> [1562 bytes]","args":[{"selector":{"id":"application-manageresources-display-component---newResourceUnit--BASE_UNIT_OF_MEASURE","interaction":{"idSuffix":"inner"}},"wdio_ui5_key":"applicationmanageresources-display-component---newResourceUnit--BASE_UNIT_OF_MEASURE"}]}
RESULT: undefined
COMMAND: POST /session/11c278e322621322209dbd84d797ae8b/execute/async - {"script":"<script> [776 bytes]","args":[{"enterText":"Piece","selector":{"id":"application-manageresources-display-component---newResourceUnit--BASE_UNIT_OF_MEASURE","interaction":{"idSuffix":"inner"}},"clearTextFirst":true,"interactionType":"ENTER_TEXT"}]}
RESULT: {"script":"<script> [776 bytes]","args":[{"enterText":"Piece","selector":{"id":"application-manageresources-display-component---newResourceUnit--BASE_UNIT_OF_MEASURE","interaction":{"idSuffix":"inner"}},"clearTextFirst":true,"interactionType":"ENTER_TEXT"}]}
COMMAND: POST /session/11c278e322621322209dbd84d797ae8b/execute/async - {"script":"<script> [1562 bytes]","args":[{"selector":{"id":"application-manageresources-display-component---newResourceUnit--WEIGHT_UNIT","interaction":{"idSuffix":"inner"}},"wdio_ui5_key":"applicationmanageresources-display-component---newResourceUnit--WEIGHT_UNIT"}]}
RESULT: {"script":"<script> [1562 bytes]","args":[{"selector":{"id":"application-manageresources-display-component---newResourceUnit--WEIGHT_UNIT","interaction":{"idSuffix":"inner"}},"wdio_ui5_key":"applicationmanageresources-display-component---newResourceUnit--WEIGHT_UNIT"}]}
RESULT: undefined
COMMAND: POST /session/11c278e322621322209dbd84d797ae8b/execute/async - {"script":"<script> [776 bytes]","args":[{"enterText":"Gram","selector":{"id":"application-manageresources-display-component---newResourceUnit--WEIGHT_UNIT","interaction":{"idSuffix":"inner"}},"clearTextFirst":true,"interactionType":"ENTER_TEXT"}]}
RESULT: {"script":"<script> [776 bytes]","args":[{"enterText":"Gram","selector":{"id":"application-manageresources-display-component---newResourceUnit--WEIGHT_UNIT","interaction":{"idSuffix":"inner"}},"clearTextFirst":true,"interactionType":"ENTER_TEXT"}]}
COMMAND: POST /session/11c278e322621322209dbd84d797ae8b/execute/async - {"script":"<script> [1562 bytes]","args":[{"selector":{"id":"application-manageresources-display-component---newResourceUnit--DIMENSION_UNIT","interaction":{"idSuffix":"inner"}},"wdio_ui5_key":"applicationmanageresources-display-component---newResourceUnit--DIMENSION_UNIT"}]}
RESULT: {"script":"<script> [1562 bytes]","args":[{"selector":{"id":"application-manageresources-display-component---newResourceUnit--DIMENSION_UNIT","interaction":{"idSuffix":"inner"}},"wdio_ui5_key":"applicationmanageresources-display-component---newResourceUnit--DIMENSION_UNIT"}]}
RESULT: undefined
COMMAND: POST /session/11c278e322621322209dbd84d797ae8b/execute/async - {"script":"<script> [776 bytes]","args":[{"enterText":"Meter","selector":{"id":"application-manageresources-display-component---newResourceUnit--DIMENSION_UNIT","interaction":{"idSuffix":"inner"}},"clearTextFirst":true,"interactionType":"ENTER_TEXT"}]}
RESULT: {"script":"<script> [776 bytes]","args":[{"enterText":"Meter","selector":{"id":"application-manageresources-display-component---newResourceUnit--DIMENSION_UNIT","interaction":{"idSuffix":"inner"}},"clearTextFirst":true,"interactionType":"ENTER_TEXT"}]}
COMMAND: POST /session/11c278e322621322209dbd84d797ae8b/execute/async - {"script":"<script> [1562 bytes]","args":[{"selector":{"id":"application-manageresources-display-component---newResourceUnit--newRRUPage-anchBar-application-manageresources-display-component---newResourceUnit--control-anchor","interaction":{"idSuffix":"BDI-content"}},"wdio_ui5_key":"applicationmanageresources-display-component---newResourceUnit--newRRUPage-anchBar-application-manageresources-display-component---newResourceUnit--control-anchor"}]}
RESULT: {"script":"<script> [1562 bytes]","args":[{"selector":{"id":"application-manageresources-display-component---newResourceUnit--newRRUPage-anchBar-application-manageresources-display-component---newResourceUnit--control-anchor","interaction":{"idSuffix":"BDI-content"}},"wdio_ui5_key":"applicationmanageresources-display-component---newResourceUnit--newRRUPage-anchBar-application-manageresources-display-component---newResourceUnit--control-anchor"}]}
RESULT: undefined
COMMAND: POST /session/11c278e322621322209dbd84d797ae8b/element - {"using":"xpath","value":"//*[@id=\"application-manageresources-display-component---newResourceUnit--newRRUPage-anchBar-application-manageresources-display-component---newResourceUnit--control-anchor\"]"}
RESULT: {"using":"xpath","value":"//*[@id=\"application-manageresources-display-component---newResourceUnit--newRRUPage-anchBar-application-manageresources-display-component---newResourceUnit--control-anchor\"]"}
COMMAND: POST /session/11c278e322621322209dbd84d797ae8b/element/f.1BBDEBF70A0905171D1AD33BCA73C599.d.E2B5521F9EBA815D9D023FDC89DA884D.e.13445/click - {}
RESULT: {}
COMMAND: POST /session/11c278e322621322209dbd84d797ae8b/execute/async - {"script":"<script> [1562 bytes]","args":[{"selector":{"id":"application-manageresources-display-component---newResourceUnit--PLANNING_GROUP","interaction":{"idSuffix":"inner"}},"wdio_ui5_key":"applicationmanageresources-display-component---newResourceUnit--PLANNING_GROUP"}]}
COMMAND: GET /session/11c278e322621322209dbd84d797ae8b/screenshot - {}
RESULT: {"script":"<script> [1562 bytes]","args":[{"selector":{"id":"application-manageresources-display-component---newResourceUnit--PLANNING_GROUP","interaction":{"idSuffix":"inner"}},"wdio_ui5_key":"applicationmanageresources-display-component---newResourceUnit--PLANNING_GROUP"}]}
RESULT: undefined
COMMAND: POST /session/11c278e322621322209dbd84d797ae8b/execute/async - {"script":"<script> [776 bytes]","args":[{"enterText":"Heavy Equi","selector":{"id":"application-manageresources-display-component---newResourceUnit--PLANNING_GROUP","interaction":{"idSuffix":"inner"}},"clearTextFirst":true,"interactionType":"ENTER_TEXT"}]}
RESULT: {}
RESULT: {"script":"<script> [776 bytes]","args":[{"enterText":"Heavy Equi","selector":{"id":"application-manageresources-display-component---newResourceUnit--PLANNING_GROUP","interaction":{"idSuffix":"inner"}},"clearTextFirst":true,"interactionType":"ENTER_TEXT"}]}
COMMAND: POST /session/11c278e322621322209dbd84d797ae8b/execute/async - {"script":"<script> [1562 bytes]","args":[{"selector":{"id":"application-manageresources-display-component---newResourceUnit--ITEM_TYPE-arrow"},"wdio_ui5_key":"applicationmanageresources-display-component---newResourceUnit--ITEM_TYPE-arrow"}]}
RESULT: {"script":"<script> [1562 bytes]","args":[{"selector":{"id":"application-manageresources-display-component---newResourceUnit--ITEM_TYPE-arrow"},"wdio_ui5_key":"applicationmanageresources-display-component---newResourceUnit--ITEM_TYPE-arrow"}]}
RESULT: undefined
COMMAND: POST /session/11c278e322621322209dbd84d797ae8b/element - {"using":"xpath","value":"//*[@id=\"application-manageresources-display-component---newResourceUnit--ITEM_TYPE-arrow\"]"}
RESULT: {"using":"xpath","value":"//*[@id=\"application-manageresources-display-component---newResourceUnit--ITEM_TYPE-arrow\"]"}
COMMAND: POST /session/11c278e322621322209dbd84d797ae8b/element/f.1BBDEBF70A0905171D1AD33BCA73C599.d.E2B5521F9EBA815D9D023FDC89DA884D.e.13454/click - {}
RESULT: {}
COMMAND: POST /session/11c278e322621322209dbd84d797ae8b/element - {"using":"xpath","value":"(//span[contains(text(), \"Resource Unit\")])[2]"}
COMMAND: GET /session/11c278e322621322209dbd84d797ae8b/screenshot - {}
RESULT: {"using":"xpath","value":"(//span[contains(text(), \"Resource Unit\")])[2]"}
COMMAND: POST /session/11c278e322621322209dbd84d797ae8b/element/f.1BBDEBF70A0905171D1AD33BCA73C599.d.E2B5521F9EBA815D9D023FDC89DA884D.e.13455/click - {}
RESULT: {}
RESULT: {}
COMMAND: GET /session/11c278e322621322209dbd84d797ae8b/screenshot - {}
RESULT: {}
COMMAND: POST /session/11c278e322621322209dbd84d797ae8b/element - {"using":"css selector","value":"#application-manageresources-display-component---newResourceUnit--btnAddTimeSegment"}
RESULT: {"using":"css selector","value":"#application-manageresources-display-component---newResourceUnit--btnAddTimeSegment"}
COMMAND: GET /session/11c278e322621322209dbd84d797ae8b/element/f.1BBDEBF70A0905171D1AD33BCA73C599.d.E2B5521F9EBA815D9D023FDC89DA884D.e.13456/rect - {}
RESULT: {}
COMMAND: GET /session/11c278e322621322209dbd84d797ae8b/window/rect - {}
RESULT: {}
COMMAND: POST /session/11c278e322621322209dbd84d797ae8b/execute/sync - {"script":"<script> [92 bytes]","args":[]}
RESULT: {"script":"<script> [92 bytes]","args":[]}
COMMAND: POST /session/11c278e322621322209dbd84d797ae8b/actions - {"actions":[{"id":"action45","type":"wheel","parameters":{},"actions":[{"type":"scroll","x":-1888,"y":-32,"deltaX":0,"deltaY":0,"duration":0,"origin":{"element-6066-11e4-a52e-4f735466cecf":"f.1BBDEBF70A0905171D1AD33BCA73C599.d.E2B5521F9EBA815D9D023FDC89DA884D.e.13456"}}]}]}
COMMAND: GET /session/11c278e322621322209dbd84d797ae8b/screenshot - {}
RESULT: {}
COMMAND: POST /session/11c278e322621322209dbd84d797ae8b/execute/sync - {"script":"<script> [79 bytes]","args":[{"element-6066-11e4-a52e-4f735466cecf":"f.1BBDEBF70A0905171D1AD33BCA73C599.d.E2B5521F9EBA815D9D023FDC89DA884D.e.13456","ELEMENT":"f.1BBDEBF70A0905171D1AD33BCA73C599.d.E2B5521F9EBA815D9D023FDC89DA884D.e.13456"},{"block":"start","inline":"nearest"}]}
RESULT: {"script":"<script> [79 bytes]","args":[{"element-6066-11e4-a52e-4f735466cecf":"f.1BBDEBF70A0905171D1AD33BCA73C599.d.E2B5521F9EBA815D9D023FDC89DA884D.e.13456","ELEMENT":"f.1BBDEBF70A0905171D1AD33BCA73C599.d.E2B5521F9EBA815D9D023FDC89DA884D.e.13456"},{"block":"start","inline":"nearest"}]}
COMMAND: POST /session/11c278e322621322209dbd84d797ae8b/execute/async - {"script":"<script> [1562 bytes]","args":[{"selector":{"id":"application-manageresources-display-component---newResourceUnit--btnAddTimeSegment","interaction":{"idSuffix":"inner"}},"wdio_ui5_key":"applicationmanageresources-display-component---newResourceUnit--btnAddTimeSegment"}]}
COMMAND: GET /session/11c278e322621322209dbd84d797ae8b/screenshot - {}
RESULT: {"script":"<script> [1562 bytes]","args":[{"selector":{"id":"application-manageresources-display-component---newResourceUnit--btnAddTimeSegment","interaction":{"idSuffix":"inner"}},"wdio_ui5_key":"applicationmanageresources-display-component---newResourceUnit--btnAddTimeSegment"}]}
RESULT: undefined
COMMAND: POST /session/11c278e322621322209dbd84d797ae8b/element - {"using":"xpath","value":"//*[@id=\"application-manageresources-display-component---newResourceUnit--btnAddTimeSegment\"]"}
RESULT: {}
RESULT: {"using":"xpath","value":"//*[@id=\"application-manageresources-display-component---newResourceUnit--btnAddTimeSegment\"]"}
COMMAND: POST /session/11c278e322621322209dbd84d797ae8b/element/f.1BBDEBF70A0905171D1AD33BCA73C599.d.E2B5521F9EBA815D9D023FDC89DA884D.e.13456/click - {}
RESULT: {}
COMMAND: GET /session/11c278e322621322209dbd84d797ae8b/screenshot - {}
RESULT: {}
COMMAND: POST /session/11c278e322621322209dbd84d797ae8b/element - {"using":"xpath","value":"//input[@id=\"application-manageresources-display-component---newResourceUnit--idRuTSAdmin-application-manageresources-display-component---newResourceUnit--RUTimeSegment-0-inner\"]"}
RESULT: {"using":"xpath","value":"//input[@id=\"application-manageresources-display-component---newResourceUnit--idRuTSAdmin-application-manageresources-display-component---newResourceUnit--RUTimeSegment-0-inner\"]"}
COMMAND: POST /session/11c278e322621322209dbd84d797ae8b/element/f.1BBDEBF70A0905171D1AD33BCA73C599.d.E2B5521F9EBA815D9D023FDC89DA884D.e.13462/clear - {}
RESULT: {}
COMMAND: POST /session/11c278e322621322209dbd84d797ae8b/element/f.1BBDEBF70A0905171D1AD33BCA73C599.d.E2B5521F9EBA815D9D023FDC89DA884D.e.13462/value - {"text":"471"}
COMMAND: GET /session/11c278e322621322209dbd84d797ae8b/screenshot - {}
RESULT: {"text":"471"}
COMMAND: GET /session/11c278e322621322209dbd84d797ae8b/screenshot - {}
RESULT: {}
RESULT: {}
COMMAND: POST /session/11c278e322621322209dbd84d797ae8b/element - {"using":"xpath","value":"//li[.//span[text()='471']]"}
RESULT: {"using":"xpath","value":"//li[.//span[text()='471']]"}
COMMAND: POST /session/11c278e322621322209dbd84d797ae8b/element/f.1BBDEBF70A0905171D1AD33BCA73C599.d.E2B5521F9EBA815D9D023FDC89DA884D.e.13474/click - {}
RESULT: {}
COMMAND: GET /session/11c278e322621322209dbd84d797ae8b/screenshot - {}
RESULT: {}
COMMAND: POST /session/11c278e322621322209dbd84d797ae8b/element - {"using":"xpath","value":"(//span[contains(@id, \"-application-manageresources-display-component---newResourceUnit--RUTimeSegment-0-arrow\")])[6]"}
RESULT: {"using":"xpath","value":"(//span[contains(@id, \"-application-manageresources-display-component---newResourceUnit--RUTimeSegment-0-arrow\")])[6]"}
COMMAND: POST /session/11c278e322621322209dbd84d797ae8b/element/f.1BBDEBF70A0905171D1AD33BCA73C599.d.E2B5521F9EBA815D9D023FDC89DA884D.e.13475/click - {}
RESULT: {}
COMMAND: GET /session/11c278e322621322209dbd84d797ae8b/screenshot - {}
RESULT: {}
COMMAND: POST /session/11c278e322621322209dbd84d797ae8b/element - {"using":"xpath","value":"//span[contains(text(), \"PM Order\")]"}
RESULT: {"using":"xpath","value":"//span[contains(text(), \"PM Order\")]"}
COMMAND: POST /session/11c278e322621322209dbd84d797ae8b/element/f.1BBDEBF70A0905171D1AD33BCA73C599.d.E2B5521F9EBA815D9D023FDC89DA884D.e.13478/click - {}
RESULT: {}
COMMAND: GET /session/11c278e322621322209dbd84d797ae8b/screenshot - {}
RESULT: {}
COMMAND: POST /session/11c278e322621322209dbd84d797ae8b/element - {"using":"xpath","value":"(//span[contains(@id ,\"manageresources-display-component---newResourceUnit--RUTimeSegment-0-vhi\")])[1]"}
RESULT: {"using":"xpath","value":"(//span[contains(@id ,\"manageresources-display-component---newResourceUnit--RUTimeSegment-0-vhi\")])[1]"}
COMMAND: GET /session/11c278e322621322209dbd84d797ae8b/element/f.1BBDEBF70A0905171D1AD33BCA73C599.d.E2B5521F9EBA815D9D023FDC89DA884D.e.13482/rect - {}
RESULT: {}
COMMAND: GET /session/11c278e322621322209dbd84d797ae8b/window/rect - {}
RESULT: {}
COMMAND: POST /session/11c278e322621322209dbd84d797ae8b/execute/sync - {"script":"<script> [92 bytes]","args":[]}
RESULT: {"script":"<script> [92 bytes]","args":[]}
COMMAND: POST /session/11c278e322621322209dbd84d797ae8b/actions - {"actions":[{"id":"action46","type":"wheel","parameters":{},"actions":[{"type":"scroll","x":-869,"y":-24,"deltaX":0,"deltaY":0,"duration":0,"origin":{"element-6066-11e4-a52e-4f735466cecf":"f.1BBDEBF70A0905171D1AD33BCA73C599.d.E2B5521F9EBA815D9D023FDC89DA884D.e.13482"}}]}]}
COMMAND: GET /session/11c278e322621322209dbd84d797ae8b/screenshot - {}
RESULT: {"actions":[{"id":"action46","type":"wheel","parameters":{},"actions":[{"type":"scroll","x":-869,"y":-24,"deltaX":0,"deltaY":0,"duration":0,"origin":{"element-6066-11e4-a52e-4f735466cecf":"f.1BBDEBF70A0905171D1AD33BCA73C599.d.E2B5521F9EBA815D9D023FDC89DA884D.e.13482"}}]}]}
COMMAND: DELETE /session/11c278e322621322209dbd84d797ae8b/actions - {}
COMMAND: GET /session/11c278e322621322209dbd84d797ae8b/screenshot - {}
RESULT: {}
RESULT: {}
COMMAND: GET /session/11c278e322621322209dbd84d797ae8b/screenshot - {}
RESULT: {}
RESULT: {}
COMMAND: POST /session/11c278e322621322209dbd84d797ae8b/element/f.1BBDEBF70A0905171D1AD33BCA73C599.d.E2B5521F9EBA815D9D023FDC89DA884D.e.13482/click - {}
RESULT: {}
COMMAND: GET /session/11c278e322621322209dbd84d797ae8b/screenshot - {}
RESULT: {}
COMMAND: POST /session/11c278e322621322209dbd84d797ae8b/execute/async - {"script":"<script> [1562 bytes]","args":[{"selector":{"controlType":"sap.m.SearchField","properties":{"placeholder":"Search"},"searchOpenDialogs":true,"interaction":{"idSuffix":"I"}},"wdio_ui5_key":"sapm.SearchField{\"placeholder\":\"Search\"}"}]}
RESULT: {"script":"<script> [1562 bytes]","args":[{"selector":{"controlType":"sap.m.SearchField","properties":{"placeholder":"Search"},"searchOpenDialogs":true,"interaction":{"idSuffix":"I"}},"wdio_ui5_key":"sapm.SearchField{\"placeholder\":\"Search\"}"}]}
RESULT: undefined
COMMAND: POST /session/11c278e322621322209dbd84d797ae8b/execute/async - {"script":"<script> [776 bytes]","args":[{"enterText":"4000360","selector":{"controlType":"sap.m.SearchField","properties":{"placeholder":"Search"},"searchOpenDialogs":true,"interaction":{"idSuffix":"I"}},"clearTextFirst":true,"interactionType":"ENTER_TEXT"}]}
RESULT: {"script":"<script> [776 bytes]","args":[{"enterText":"4000360","selector":{"controlType":"sap.m.SearchField","properties":{"placeholder":"Search"},"searchOpenDialogs":true,"interaction":{"idSuffix":"I"}},"clearTextFirst":true,"interactionType":"ENTER_TEXT"}]}
COMMAND: POST /session/11c278e322621322209dbd84d797ae8b/actions - {"actions":[{"id":"action47","type":"key","parameters":{},"actions":[{"type":"keyDown","value":"î€‡"},{"type":"pause","duration":10},{"type":"keyUp","value":"î€‡"}]}]}
RESULT: {"actions":[{"id":"action47","type":"key","parameters":{},"actions":[{"type":"keyDown","value":"î€‡"},{"type":"pause","duration":10},{"type":"keyUp","value":"î€‡"}]}]}
COMMAND: GET /session/11c278e322621322209dbd84d797ae8b/screenshot - {}
RESULT: {}
COMMAND: POST /session/11c278e322621322209dbd84d797ae8b/element - {"using":"xpath","value":"//td/div/span[contains(text(), \"BGL Vehicles\")]"}
RESULT: {"using":"xpath","value":"//td/div/span[contains(text(), \"BGL Vehicles\")]"}
COMMAND: POST /session/11c278e322621322209dbd84d797ae8b/element/f.1BBDEBF70A0905171D1AD33BCA73C599.d.E2B5521F9EBA815D9D023FDC89DA884D.e.13503/click - {}
RESULT: {}
COMMAND: GET /session/11c278e322621322209dbd84d797ae8b/screenshot - {}
RESULT: {}
COMMAND: POST /session/11c278e322621322209dbd84d797ae8b/element - {"using":"xpath","value":"//bdi[contains(text(), \"OK\")]"}
RESULT: {"using":"xpath","value":"//bdi[contains(text(), \"OK\")]"}
COMMAND: POST /session/11c278e322621322209dbd84d797ae8b/element/f.1BBDEBF70A0905171D1AD33BCA73C599.d.E2B5521F9EBA815D9D023FDC89DA884D.e.13504/click - {}
RESULT: {}
COMMAND: GET /session/11c278e322621322209dbd84d797ae8b/screenshot - {}
RESULT: {}
COMMAND: POST /session/11c278e322621322209dbd84d797ae8b/execute/async - {"script":"<script> [1562 bytes]","args":[{"selector":{"id":"application-manageresources-display-component---newResourceUnit--newRRUPage-anchBar-application-manageresources-display-component---newResourceUnit--resource-anchor","interaction":{"idSuffix":"BDI-content"}},"wdio_ui5_key":"applicationmanageresources-display-component---newResourceUnit--newRRUPage-anchBar-application-manageresources-display-component---newResourceUnit--resource-anchor"}]}
RESULT: {"script":"<script> [1562 bytes]","args":[{"selector":{"id":"application-manageresources-display-component---newResourceUnit--newRRUPage-anchBar-application-manageresources-display-component---newResourceUnit--resource-anchor","interaction":{"idSuffix":"BDI-content"}},"wdio_ui5_key":"applicationmanageresources-display-component---newResourceUnit--newRRUPage-anchBar-application-manageresources-display-component---newResourceUnit--resource-anchor"}]}
RESULT: undefined
COMMAND: POST /session/11c278e322621322209dbd84d797ae8b/element - {"using":"xpath","value":"//*[@id=\"application-manageresources-display-component---newResourceUnit--newRRUPage-anchBar-application-manageresources-display-component---newResourceUnit--resource-anchor\"]"}
RESULT: {"using":"xpath","value":"//*[@id=\"application-manageresources-display-component---newResourceUnit--newRRUPage-anchBar-application-manageresources-display-component---newResourceUnit--resource-anchor\"]"}
COMMAND: POST /session/11c278e322621322209dbd84d797ae8b/element/f.1BBDEBF70A0905171D1AD33BCA73C599.d.E2B5521F9EBA815D9D023FDC89DA884D.e.13508/click - {}
RESULT: {}
COMMAND: POST /session/11c278e322621322209dbd84d797ae8b/execute/async - {"script":"<script> [1562 bytes]","args":[{"selector":{"id":"application-manageresources-display-component---newResourceUnit--PLANNED_DELIVERY_DATE","interaction":{"idSuffix":"inner"}},"wdio_ui5_key":"applicationmanageresources-display-component---newResourceUnit--PLANNED_DELIVERY_DATE"}]}
COMMAND: GET /session/11c278e322621322209dbd84d797ae8b/screenshot - {}
RESULT: {}
RESULT: {"script":"<script> [1562 bytes]","args":[{"selector":{"id":"application-manageresources-display-component---newResourceUnit--PLANNED_DELIVERY_DATE","interaction":{"idSuffix":"inner"}},"wdio_ui5_key":"applicationmanageresources-display-component---newResourceUnit--PLANNED_DELIVERY_DATE"}]}
RESULT: undefined
COMMAND: POST /session/11c278e322621322209dbd84d797ae8b/execute/async - {"script":"<script> [6424 bytes]","args":[{"element-6066-11e4-a52e-4f735466cecf":"f.1BBDEBF70A0905171D1AD33BCA73C599.d.E2B5521F9EBA815D9D023FDC89DA884D.e.13367"},"setValue",["4/30/25"]]}
RESULT: {"script":"<script> [6424 bytes]","args":[{"element-6066-11e4-a52e-4f735466cecf":"f.1BBDEBF70A0905171D1AD33BCA73C599.d.E2B5521F9EBA815D9D023FDC89DA884D.e.13367"},"setValue",["4/30/25"]]}
COMMAND: POST /session/11c278e322621322209dbd84d797ae8b/element - {"using":"xpath","value":"//button[@data-kt=\"resourceUnitSaveButton\"]"}
RESULT: {"using":"xpath","value":"//button[@data-kt=\"resourceUnitSaveButton\"]"}
COMMAND: POST /session/11c278e322621322209dbd84d797ae8b/element/f.1BBDEBF70A0905171D1AD33BCA73C599.d.E2B5521F9EBA815D9D023FDC89DA884D.e.13328/click - {}
RESULT: {}
COMMAND: GET /session/11c278e322621322209dbd84d797ae8b/screenshot - {}
RESULT: {}
COMMAND: POST /session/11c278e322621322209dbd84d797ae8b/element - {"using":"xpath","value":"//bdi[contains(text(), \"Close\")]"}
RESULT: {"using":"xpath","value":"//bdi[contains(text(), \"Close\")]"}
COMMAND: POST /session/11c278e322621322209dbd84d797ae8b/element/f.1BBDEBF70A0905171D1AD33BCA73C599.d.E2B5521F9EBA815D9D023FDC89DA884D.e.13516/click - {}
RESULT: {}
COMMAND: GET /session/11c278e322621322209dbd84d797ae8b/screenshot - {}
RESULT: {}
COMMAND: POST /session/11c278e322621322209dbd84d797ae8b/element - {"using":"xpath","value":"(//button[contains(@id ,\"actionsToolbar-overflowButton\")])[1]"}
RESULT: {"using":"xpath","value":"(//button[contains(@id ,\"actionsToolbar-overflowButton\")])[1]"}
COMMAND: POST /session/11c278e322621322209dbd84d797ae8b/element/f.1BBDEBF70A0905171D1AD33BCA73C599.d.E2B5521F9EBA815D9D023FDC89DA884D.e.13570/click - {}
RESULT: {}
COMMAND: GET /session/11c278e322621322209dbd84d797ae8b/screenshot - {}
RESULT: {}
COMMAND: POST /session/11c278e322621322209dbd84d797ae8b/element - {"using":"xpath","value":"//button[@data-kt=\"priceInfoButton\"]"}
RESULT: {"using":"xpath","value":"//button[@data-kt=\"priceInfoButton\"]"}
COMMAND: POST /session/11c278e322621322209dbd84d797ae8b/element/f.1BBDEBF70A0905171D1AD33BCA73C599.d.E2B5521F9EBA815D9D023FDC89DA884D.e.13572/click - {}
RESULT: {}
COMMAND: GET /session/11c278e322621322209dbd84d797ae8b/screenshot - {}
]]></system-out>
    </testcase>
    <testcase classname="chrome.135_0_7049_96.windows.Billing_transfer_US117289" name="Should create new pricing rule" time="51.144">
      <system-out><![CDATA[
COMMAND: POST /session/11c278e322621322209dbd84d797ae8b/element - {"using":"xpath","value":"//button[@data-kt=\"addButton\"]"}
RESULT: {}
RESULT: {"using":"xpath","value":"//button[@data-kt=\"addButton\"]"}
COMMAND: POST /session/11c278e322621322209dbd84d797ae8b/elements - {"using":"xpath","value":"//button[@data-kt=\"addButton\"]"}
RESULT: {"using":"xpath","value":"//button[@data-kt=\"addButton\"]"}
COMMAND: POST /session/11c278e322621322209dbd84d797ae8b/execute/sync - {"script":"<script> [8489 bytes]","args":[{"element-6066-11e4-a52e-4f735466cecf":"f.1BBDEBF70A0905171D1AD33BCA73C599.d.E2B5521F9EBA815D9D023FDC89DA884D.e.13608","ELEMENT":"f.1BBDEBF70A0905171D1AD33BCA73C599.d.E2B5521F9EBA815D9D023FDC89DA884D.e.13608"}]}
RESULT: {"script":"<script> [8489 bytes]","args":[{"element-6066-11e4-a52e-4f735466cecf":"f.1BBDEBF70A0905171D1AD33BCA73C599.d.E2B5521F9EBA815D9D023FDC89DA884D.e.13608","ELEMENT":"f.1BBDEBF70A0905171D1AD33BCA73C599.d.E2B5521F9EBA815D9D023FDC89DA884D.e.13608"}]}
COMMAND: GET /session/11c278e322621322209dbd84d797ae8b/element/f.1BBDEBF70A0905171D1AD33BCA73C599.d.E2B5521F9EBA815D9D023FDC89DA884D.e.13608/enabled - {}
COMMAND: GET /session/11c278e322621322209dbd84d797ae8b/screenshot - {}
RESULT: {}
COMMAND: POST /session/11c278e322621322209dbd84d797ae8b/execute/sync - {"script":"<script> [8489 bytes]","args":[{"element-6066-11e4-a52e-4f735466cecf":"f.1BBDEBF70A0905171D1AD33BCA73C599.d.E2B5521F9EBA815D9D023FDC89DA884D.e.13608","ELEMENT":"f.1BBDEBF70A0905171D1AD33BCA73C599.d.E2B5521F9EBA815D9D023FDC89DA884D.e.13608"}]}
COMMAND: GET /session/11c278e322621322209dbd84d797ae8b/screenshot - {}
RESULT: {}
RESULT: {"script":"<script> [8489 bytes]","args":[{"element-6066-11e4-a52e-4f735466cecf":"f.1BBDEBF70A0905171D1AD33BCA73C599.d.E2B5521F9EBA815D9D023FDC89DA884D.e.13608","ELEMENT":"f.1BBDEBF70A0905171D1AD33BCA73C599.d.E2B5521F9EBA815D9D023FDC89DA884D.e.13608"}]}
COMMAND: POST /session/11c278e322621322209dbd84d797ae8b/execute/sync - {"script":"<script> [5351 bytes]","args":[{"element-6066-11e4-a52e-4f735466cecf":"f.1BBDEBF70A0905171D1AD33BCA73C599.d.E2B5521F9EBA815D9D023FDC89DA884D.e.13608","ELEMENT":"f.1BBDEBF70A0905171D1AD33BCA73C599.d.E2B5521F9EBA815D9D023FDC89DA884D.e.13608"}]}
COMMAND: GET /session/11c278e322621322209dbd84d797ae8b/screenshot - {}
RESULT: {}
RESULT: {"script":"<script> [5351 bytes]","args":[{"element-6066-11e4-a52e-4f735466cecf":"f.1BBDEBF70A0905171D1AD33BCA73C599.d.E2B5521F9EBA815D9D023FDC89DA884D.e.13608","ELEMENT":"f.1BBDEBF70A0905171D1AD33BCA73C599.d.E2B5521F9EBA815D9D023FDC89DA884D.e.13608"}]}
COMMAND: POST /session/11c278e322621322209dbd84d797ae8b/element/f.1BBDEBF70A0905171D1AD33BCA73C599.d.E2B5521F9EBA815D9D023FDC89DA884D.e.13608/click - {}
COMMAND: GET /session/11c278e322621322209dbd84d797ae8b/screenshot - {}
RESULT: {}
RESULT: {}
COMMAND: GET /session/11c278e322621322209dbd84d797ae8b/screenshot - {}
RESULT: {}
RESULT: {}
COMMAND: POST /session/11c278e322621322209dbd84d797ae8b/execute/async - {"script":"<script> [1562 bytes]","args":[{"selector":{"controlType":"sap.m.Title","viewName":"etm.portal.ui.managepricingrules.view.NewItem","viewId":"application-managepricingrules-display-component---newInfoPriceItem","properties":{"text":"New Pricing Rules - Item Level"}},"wdio_ui5_key":"etmportal.ui.managepricingrules.view.NewItemsap.m.Title{\"text\":\"New Pricing Rules - Item Level\"}"}]}
RESULT: {"script":"<script> [1562 bytes]","args":[{"selector":{"controlType":"sap.m.Title","viewName":"etm.portal.ui.managepricingrules.view.NewItem","viewId":"application-managepricingrules-display-component---newInfoPriceItem","properties":{"text":"New Pricing Rules - Item Level"}},"wdio_ui5_key":"etmportal.ui.managepricingrules.view.NewItemsap.m.Title{\"text\":\"New Pricing Rules - Item Level\"}"}]}
RESULT: undefined
COMMAND: POST /session/11c278e322621322209dbd84d797ae8b/execute/async - {"script":"<script> [6424 bytes]","args":[{"element-6066-11e4-a52e-4f735466cecf":"f.1BBDEBF70A0905171D1AD33BCA73C599.d.E2B5521F9EBA815D9D023FDC89DA884D.e.13768"},"getText",[]]}
RESULT: {"script":"<script> [6424 bytes]","args":[{"element-6066-11e4-a52e-4f735466cecf":"f.1BBDEBF70A0905171D1AD33BCA73C599.d.E2B5521F9EBA815D9D023FDC89DA884D.e.13768"},"getText",[]]}
COMMAND: POST /session/11c278e322621322209dbd84d797ae8b/execute/async - {"script":"<script> [1562 bytes]","args":[{"selector":{"id":"application-managepricingrules-display-component---newInfoPriceItem--condValidTo","interaction":{"idSuffix":"inner"}},"wdio_ui5_key":"applicationmanagepricingrules-display-component---newInfoPriceItem--condValidTo"}]}
RESULT: {"script":"<script> [1562 bytes]","args":[{"selector":{"id":"application-managepricingrules-display-component---newInfoPriceItem--condValidTo","interaction":{"idSuffix":"inner"}},"wdio_ui5_key":"applicationmanagepricingrules-display-component---newInfoPriceItem--condValidTo"}]}
RESULT: undefined
COMMAND: POST /session/11c278e322621322209dbd84d797ae8b/execute/async - {"script":"<script> [776 bytes]","args":[{"enterText":"12/30/25","selector":{"id":"application-managepricingrules-display-component---newInfoPriceItem--condValidTo","interaction":{"idSuffix":"inner"}},"clearTextFirst":true,"interactionType":"ENTER_TEXT"}]}
RESULT: {"script":"<script> [776 bytes]","args":[{"enterText":"12/30/25","selector":{"id":"application-managepricingrules-display-component---newInfoPriceItem--condValidTo","interaction":{"idSuffix":"inner"}},"clearTextFirst":true,"interactionType":"ENTER_TEXT"}]}
COMMAND: POST /session/11c278e322621322209dbd84d797ae8b/execute/async - {"script":"<script> [1562 bytes]","args":[{"selector":{"id":"application-managepricingrules-display-component---newInfoPriceItem--billType-arrow"},"wdio_ui5_key":"applicationmanagepricingrules-display-component---newInfoPriceItem--billType-arrow"}]}
RESULT: {"script":"<script> [1562 bytes]","args":[{"selector":{"id":"application-managepricingrules-display-component---newInfoPriceItem--billType-arrow"},"wdio_ui5_key":"applicationmanagepricingrules-display-component---newInfoPriceItem--billType-arrow"}]}
RESULT: undefined
COMMAND: POST /session/11c278e322621322209dbd84d797ae8b/element - {"using":"xpath","value":"//*[@id=\"application-managepricingrules-display-component---newInfoPriceItem--billType-arrow\"]"}
RESULT: {"using":"xpath","value":"//*[@id=\"application-managepricingrules-display-component---newInfoPriceItem--billType-arrow\"]"}
COMMAND: POST /session/11c278e322621322209dbd84d797ae8b/element/f.1BBDEBF70A0905171D1AD33BCA73C599.d.E2B5521F9EBA815D9D023FDC89DA884D.e.13770/click - {}
RESULT: {}
COMMAND: POST /session/11c278e322621322209dbd84d797ae8b/element - {"using":"xpath","value":"//span[contains(text(), \"TB - Time based\")]"}
COMMAND: GET /session/11c278e322621322209dbd84d797ae8b/screenshot - {}
RESULT: {"using":"xpath","value":"//span[contains(text(), \"TB - Time based\")]"}
COMMAND: POST /session/11c278e322621322209dbd84d797ae8b/element/f.1BBDEBF70A0905171D1AD33BCA73C599.d.E2B5521F9EBA815D9D023FDC89DA884D.e.13771/click - {}
RESULT: {}
RESULT: {}
COMMAND: POST /session/11c278e322621322209dbd84d797ae8b/execute/async - {"script":"<script> [1562 bytes]","args":[{"selector":{"id":"application-managepricingrules-display-component---newInfoPriceItem--priceProc-arrow"},"wdio_ui5_key":"applicationmanagepricingrules-display-component---newInfoPriceItem--priceProc-arrow"}]}
COMMAND: GET /session/11c278e322621322209dbd84d797ae8b/screenshot - {}
RESULT: {"script":"<script> [1562 bytes]","args":[{"selector":{"id":"application-managepricingrules-display-component---newInfoPriceItem--priceProc-arrow"},"wdio_ui5_key":"applicationmanagepricingrules-display-component---newInfoPriceItem--priceProc-arrow"}]}
RESULT: undefined
COMMAND: POST /session/11c278e322621322209dbd84d797ae8b/element - {"using":"xpath","value":"//*[@id=\"application-managepricingrules-display-component---newInfoPriceItem--priceProc-arrow\"]"}
RESULT: {}
RESULT: {"using":"xpath","value":"//*[@id=\"application-managepricingrules-display-component---newInfoPriceItem--priceProc-arrow\"]"}
COMMAND: POST /session/11c278e322621322209dbd84d797ae8b/element/f.1BBDEBF70A0905171D1AD33BCA73C599.d.E2B5521F9EBA815D9D023FDC89DA884D.e.13734/click - {}
RESULT: {}
COMMAND: POST /session/11c278e322621322209dbd84d797ae8b/element - {"using":"xpath","value":"//span[contains(text(), \"TBS - Time based standard\")]"}
COMMAND: GET /session/11c278e322621322209dbd84d797ae8b/screenshot - {}
RESULT: {"using":"xpath","value":"//span[contains(text(), \"TBS - Time based standard\")]"}
COMMAND: POST /session/11c278e322621322209dbd84d797ae8b/element/f.1BBDEBF70A0905171D1AD33BCA73C599.d.E2B5521F9EBA815D9D023FDC89DA884D.e.13772/click - {}
RESULT: {}
RESULT: {}
COMMAND: POST /session/11c278e322621322209dbd84d797ae8b/execute/async - {"script":"<script> [1562 bytes]","args":[{"selector":{"id":"application-managepricingrules-display-component---newInfoPriceItem--calcBase-arrow"},"wdio_ui5_key":"applicationmanagepricingrules-display-component---newInfoPriceItem--calcBase-arrow"}]}
COMMAND: GET /session/11c278e322621322209dbd84d797ae8b/screenshot - {}
RESULT: {"script":"<script> [1562 bytes]","args":[{"selector":{"id":"application-managepricingrules-display-component---newInfoPriceItem--calcBase-arrow"},"wdio_ui5_key":"applicationmanagepricingrules-display-component---newInfoPriceItem--calcBase-arrow"}]}
RESULT: undefined
COMMAND: POST /session/11c278e322621322209dbd84d797ae8b/element - {"using":"xpath","value":"//*[@id=\"application-managepricingrules-display-component---newInfoPriceItem--calcBase-arrow\"]"}
RESULT: {}
RESULT: {"using":"xpath","value":"//*[@id=\"application-managepricingrules-display-component---newInfoPriceItem--calcBase-arrow\"]"}
COMMAND: POST /session/11c278e322621322209dbd84d797ae8b/element/f.1BBDEBF70A0905171D1AD33BCA73C599.d.E2B5521F9EBA815D9D023FDC89DA884D.e.13741/click - {}
RESULT: {}
COMMAND: GET /session/11c278e322621322209dbd84d797ae8b/screenshot - {}
RESULT: {}
COMMAND: POST /session/11c278e322621322209dbd84d797ae8b/element - {"using":"xpath","value":"//span[contains(text(), \"0006 - TB(calendar days)\")]"}
RESULT: {"using":"xpath","value":"//span[contains(text(), \"0006 - TB(calendar days)\")]"}
COMMAND: POST /session/11c278e322621322209dbd84d797ae8b/element/f.1BBDEBF70A0905171D1AD33BCA73C599.d.E2B5521F9EBA815D9D023FDC89DA884D.e.13773/click - {}
RESULT: {}
COMMAND: GET /session/11c278e322621322209dbd84d797ae8b/screenshot - {}
RESULT: {}
COMMAND: POST /session/11c278e322621322209dbd84d797ae8b/execute/async - {"script":"<script> [1562 bytes]","args":[{"selector":{"id":"application-managepricingrules-display-component---newInfoPriceItem--daysMonth","interaction":{"idSuffix":"inner"}},"wdio_ui5_key":"applicationmanagepricingrules-display-component---newInfoPriceItem--daysMonth"}]}
RESULT: {"script":"<script> [1562 bytes]","args":[{"selector":{"id":"application-managepricingrules-display-component---newInfoPriceItem--daysMonth","interaction":{"idSuffix":"inner"}},"wdio_ui5_key":"applicationmanagepricingrules-display-component---newInfoPriceItem--daysMonth"}]}
RESULT: undefined
COMMAND: POST /session/11c278e322621322209dbd84d797ae8b/execute/async - {"script":"<script> [776 bytes]","args":[{"enterText":"30","selector":{"id":"application-managepricingrules-display-component---newInfoPriceItem--daysMonth","interaction":{"idSuffix":"inner"}},"clearTextFirst":true,"interactionType":"ENTER_TEXT"}]}
RESULT: {"script":"<script> [776 bytes]","args":[{"enterText":"30","selector":{"id":"application-managepricingrules-display-component---newInfoPriceItem--daysMonth","interaction":{"idSuffix":"inner"}},"clearTextFirst":true,"interactionType":"ENTER_TEXT"}]}
COMMAND: POST /session/11c278e322621322209dbd84d797ae8b/element - {"using":"xpath","value":"//button[@data-kt=\"saveNewRuleButton\"]"}
RESULT: {"using":"xpath","value":"//button[@data-kt=\"saveNewRuleButton\"]"}
COMMAND: POST /session/11c278e322621322209dbd84d797ae8b/element/f.1BBDEBF70A0905171D1AD33BCA73C599.d.E2B5521F9EBA815D9D023FDC89DA884D.e.13758/click - {}
RESULT: {}
COMMAND: GET /session/11c278e322621322209dbd84d797ae8b/screenshot - {}
RESULT: {}
COMMAND: POST /session/11c278e322621322209dbd84d797ae8b/execute/async - {"script":"<script> [1562 bytes]","args":[{"selector":{"id":"application-managepricingrules-display-component---priceInfoItem--smartFilterBar-btnBasicSearch","interaction":{"idSuffix":"I"}},"wdio_ui5_key":"applicationmanagepricingrules-display-component---priceInfoItem--smartFilterBar-btnBasicSearch"}]}
RESULT: {"script":"<script> [1562 bytes]","args":[{"selector":{"id":"application-managepricingrules-display-component---priceInfoItem--smartFilterBar-btnBasicSearch","interaction":{"idSuffix":"I"}},"wdio_ui5_key":"applicationmanagepricingrules-display-component---priceInfoItem--smartFilterBar-btnBasicSearch"}]}
RESULT: undefined
COMMAND: POST /session/11c278e322621322209dbd84d797ae8b/execute/async - {"script":"<script> [776 bytes]","args":[{"enterText":"clzz5UqR6a","selector":{"id":"application-managepricingrules-display-component---priceInfoItem--smartFilterBar-btnBasicSearch","interaction":{"idSuffix":"I"}},"clearTextFirst":true,"interactionType":"ENTER_TEXT"}]}
RESULT: {"script":"<script> [776 bytes]","args":[{"enterText":"clzz5UqR6a","selector":{"id":"application-managepricingrules-display-component---priceInfoItem--smartFilterBar-btnBasicSearch","interaction":{"idSuffix":"I"}},"clearTextFirst":true,"interactionType":"ENTER_TEXT"}]}
COMMAND: POST /session/11c278e322621322209dbd84d797ae8b/actions - {"actions":[{"id":"action48","type":"key","parameters":{},"actions":[{"type":"keyDown","value":"î€‡"},{"type":"pause","duration":10},{"type":"keyUp","value":"î€‡"}]}]}
RESULT: {"actions":[{"id":"action48","type":"key","parameters":{},"actions":[{"type":"keyDown","value":"î€‡"},{"type":"pause","duration":10},{"type":"keyUp","value":"î€‡"}]}]}
COMMAND: GET /session/11c278e322621322209dbd84d797ae8b/screenshot - {}
RESULT: {}
COMMAND: POST /session/11c278e322621322209dbd84d797ae8b/element - {"using":"xpath","value":"//span[@id=\"application-managepricingrules-display-component---priceInfoItem--smartTable-header-inner\"]"}
RESULT: {"using":"xpath","value":"//span[@id=\"application-managepricingrules-display-component---priceInfoItem--smartTable-header-inner\"]"}
COMMAND: POST /session/11c278e322621322209dbd84d797ae8b/elements - {"using":"xpath","value":"//span[@id=\"application-managepricingrules-display-component---priceInfoItem--smartTable-header-inner\"]"}
RESULT: {"using":"xpath","value":"//span[@id=\"application-managepricingrules-display-component---priceInfoItem--smartTable-header-inner\"]"}
COMMAND: POST /session/11c278e322621322209dbd84d797ae8b/execute/sync - {"script":"<script> [56 bytes]","args":[{"element-6066-11e4-a52e-4f735466cecf":"f.1BBDEBF70A0905171D1AD33BCA73C599.d.E2B5521F9EBA815D9D023FDC89DA884D.e.13798","ELEMENT":"f.1BBDEBF70A0905171D1AD33BCA73C599.d.E2B5521F9EBA815D9D023FDC89DA884D.e.13798"}]}
RESULT: {"script":"<script> [56 bytes]","args":[{"element-6066-11e4-a52e-4f735466cecf":"f.1BBDEBF70A0905171D1AD33BCA73C599.d.E2B5521F9EBA815D9D023FDC89DA884D.e.13798","ELEMENT":"f.1BBDEBF70A0905171D1AD33BCA73C599.d.E2B5521F9EBA815D9D023FDC89DA884D.e.13798"}]}
COMMAND: POST /session/11c278e322621322209dbd84d797ae8b/element - {"using":"css selector","value":"#shell-header-logo"}
COMMAND: GET /session/11c278e322621322209dbd84d797ae8b/screenshot - {}
RESULT: {"using":"css selector","value":"#shell-header-logo"}
COMMAND: POST /session/11c278e322621322209dbd84d797ae8b/element/f.1BBDEBF70A0905171D1AD33BCA73C599.d.E2B5521F9EBA815D9D023FDC89DA884D.e.12907/click - {}
RESULT: {}
RESULT: {}
COMMAND: GET /session/11c278e322621322209dbd84d797ae8b/screenshot - {}
RESULT: {}
]]></system-out>
    </testcase>
    <testcase classname="chrome.135_0_7049_96.windows.Billing_transfer_US117289" name="Should create new condition for equipment" time="63.884">
      <system-out><![CDATA[
COMMAND: POST /session/11c278e322621322209dbd84d797ae8b/execute/async - {"script":"<script> [1562 bytes]","args":[{"selector":{"controlType":"sap.m.Text","properties":{"text":"Manage Conditions & Prices"},"interaction":{"idSuffix":"inner"}},"wdio_ui5_key":"sapm.Text{\"text\":\"Manage Conditions & Prices\"}"}]}
RESULT: {"script":"<script> [1562 bytes]","args":[{"selector":{"controlType":"sap.m.Text","properties":{"text":"Manage Conditions & Prices"},"interaction":{"idSuffix":"inner"}},"wdio_ui5_key":"sapm.Text{\"text\":\"Manage Conditions & Prices\"}"}]}
RESULT: undefined
COMMAND: POST /session/11c278e322621322209dbd84d797ae8b/element - {"using":"xpath","value":"//*[@id=\"__tile53-title\"]"}
RESULT: {"using":"xpath","value":"//*[@id=\"__tile53-title\"]"}
COMMAND: POST /session/11c278e322621322209dbd84d797ae8b/element/f.1BBDEBF70A0905171D1AD33BCA73C599.d.E2B5521F9EBA815D9D023FDC89DA884D.e.13801/click - {}
RESULT: {}
COMMAND: POST /session/11c278e322621322209dbd84d797ae8b/element - {"using":"xpath","value":"//button[@aria-label=\"Create\"]"}
COMMAND: GET /session/11c278e322621322209dbd84d797ae8b/screenshot - {}
RESULT: {"using":"xpath","value":"//button[@aria-label=\"Create\"]"}
COMMAND: POST /session/11c278e322621322209dbd84d797ae8b/elements - {"using":"xpath","value":"//button[@aria-label=\"Create\"]"}
RESULT: {}
RESULT: {"using":"xpath","value":"//button[@aria-label=\"Create\"]"}
COMMAND: POST /session/11c278e322621322209dbd84d797ae8b/elements - {"using":"xpath","value":"//button[@aria-label=\"Create\"]"}
RESULT: {"using":"xpath","value":"//button[@aria-label=\"Create\"]"}
COMMAND: POST /session/11c278e322621322209dbd84d797ae8b/element - {"using":"xpath","value":"//button[@aria-label=\"Create\"]"}
RESULT: {"using":"xpath","value":"//button[@aria-label=\"Create\"]"}
COMMAND: POST /session/11c278e322621322209dbd84d797ae8b/execute/sync - {"script":"<script> [8489 bytes]","args":[{"element-6066-11e4-a52e-4f735466cecf":"f.1BBDEBF70A0905171D1AD33BCA73C599.d.E2B5521F9EBA815D9D023FDC89DA884D.e.13835","ELEMENT":"f.1BBDEBF70A0905171D1AD33BCA73C599.d.E2B5521F9EBA815D9D023FDC89DA884D.e.13835"}]}
RESULT: {"script":"<script> [8489 bytes]","args":[{"element-6066-11e4-a52e-4f735466cecf":"f.1BBDEBF70A0905171D1AD33BCA73C599.d.E2B5521F9EBA815D9D023FDC89DA884D.e.13835","ELEMENT":"f.1BBDEBF70A0905171D1AD33BCA73C599.d.E2B5521F9EBA815D9D023FDC89DA884D.e.13835"}]}
COMMAND: GET /session/11c278e322621322209dbd84d797ae8b/element/f.1BBDEBF70A0905171D1AD33BCA73C599.d.E2B5521F9EBA815D9D023FDC89DA884D.e.13835/enabled - {}
COMMAND: GET /session/11c278e322621322209dbd84d797ae8b/screenshot - {}
RESULT: {}
COMMAND: POST /session/11c278e322621322209dbd84d797ae8b/execute/sync - {"script":"<script> [8489 bytes]","args":[{"element-6066-11e4-a52e-4f735466cecf":"f.1BBDEBF70A0905171D1AD33BCA73C599.d.E2B5521F9EBA815D9D023FDC89DA884D.e.13835","ELEMENT":"f.1BBDEBF70A0905171D1AD33BCA73C599.d.E2B5521F9EBA815D9D023FDC89DA884D.e.13835"}]}
COMMAND: GET /session/11c278e322621322209dbd84d797ae8b/screenshot - {}
RESULT: {}
RESULT: {"script":"<script> [8489 bytes]","args":[{"element-6066-11e4-a52e-4f735466cecf":"f.1BBDEBF70A0905171D1AD33BCA73C599.d.E2B5521F9EBA815D9D023FDC89DA884D.e.13835","ELEMENT":"f.1BBDEBF70A0905171D1AD33BCA73C599.d.E2B5521F9EBA815D9D023FDC89DA884D.e.13835"}]}
COMMAND: POST /session/11c278e322621322209dbd84d797ae8b/execute/sync - {"script":"<script> [5351 bytes]","args":[{"element-6066-11e4-a52e-4f735466cecf":"f.1BBDEBF70A0905171D1AD33BCA73C599.d.E2B5521F9EBA815D9D023FDC89DA884D.e.13835","ELEMENT":"f.1BBDEBF70A0905171D1AD33BCA73C599.d.E2B5521F9EBA815D9D023FDC89DA884D.e.13835"}]}
COMMAND: GET /session/11c278e322621322209dbd84d797ae8b/screenshot - {}
RESULT: {}
RESULT: {"script":"<script> [5351 bytes]","args":[{"element-6066-11e4-a52e-4f735466cecf":"f.1BBDEBF70A0905171D1AD33BCA73C599.d.E2B5521F9EBA815D9D023FDC89DA884D.e.13835","ELEMENT":"f.1BBDEBF70A0905171D1AD33BCA73C599.d.E2B5521F9EBA815D9D023FDC89DA884D.e.13835"}]}
COMMAND: POST /session/11c278e322621322209dbd84d797ae8b/element/f.1BBDEBF70A0905171D1AD33BCA73C599.d.E2B5521F9EBA815D9D023FDC89DA884D.e.13835/click - {}
COMMAND: GET /session/11c278e322621322209dbd84d797ae8b/screenshot - {}
RESULT: {}
RESULT: {}
COMMAND: GET /session/11c278e322621322209dbd84d797ae8b/screenshot - {}
RESULT: {}
RESULT: {}
COMMAND: POST /session/11c278e322621322209dbd84d797ae8b/actions - {"actions":[{"id":"action49","type":"key","parameters":{},"actions":[{"type":"keyDown","value":"î€‡"},{"type":"pause","duration":10},{"type":"keyUp","value":"î€‡"}]}]}
RESULT: {"actions":[{"id":"action49","type":"key","parameters":{},"actions":[{"type":"keyDown","value":"î€‡"},{"type":"pause","duration":10},{"type":"keyUp","value":"î€‡"}]}]}
COMMAND: GET /session/11c278e322621322209dbd84d797ae8b/screenshot - {}
RESULT: {}
COMMAND: POST /session/11c278e322621322209dbd84d797ae8b/execute/async - {"script":"<script> [1562 bytes]","args":[{"selector":{"id":"application-manageconditionprice-display-component---newCondition--condBillCond-arrow"},"wdio_ui5_key":"applicationmanageconditionprice-display-component---newCondition--condBillCond-arrow"}]}
RESULT: {"script":"<script> [1562 bytes]","args":[{"selector":{"id":"application-manageconditionprice-display-component---newCondition--condBillCond-arrow"},"wdio_ui5_key":"applicationmanageconditionprice-display-component---newCondition--condBillCond-arrow"}]}
RESULT: undefined
COMMAND: POST /session/11c278e322621322209dbd84d797ae8b/element - {"using":"xpath","value":"//*[@id=\"application-manageconditionprice-display-component---newCondition--condBillCond-arrow\"]"}
RESULT: {"using":"xpath","value":"//*[@id=\"application-manageconditionprice-display-component---newCondition--condBillCond-arrow\"]"}
COMMAND: POST /session/11c278e322621322209dbd84d797ae8b/element/f.1BBDEBF70A0905171D1AD33BCA73C599.d.E2B5521F9EBA815D9D023FDC89DA884D.e.14012/click - {}
RESULT: {}
COMMAND: GET /session/11c278e322621322209dbd84d797ae8b/screenshot - {}
RESULT: {}
COMMAND: POST /session/11c278e322621322209dbd84d797ae8b/element - {"using":"xpath","value":"//li[.//span[contains(text(), \"DISP - D&I special price\")]]"}
RESULT: {"using":"xpath","value":"//li[.//span[contains(text(), \"DISP - D&I special price\")]]"}
COMMAND: POST /session/11c278e322621322209dbd84d797ae8b/element/f.1BBDEBF70A0905171D1AD33BCA73C599.d.E2B5521F9EBA815D9D023FDC89DA884D.e.14015/click - {}
RESULT: {}
COMMAND: GET /session/11c278e322621322209dbd84d797ae8b/screenshot - {}
RESULT: {}
COMMAND: POST /session/11c278e322621322209dbd84d797ae8b/execute/async - {"script":"<script> [1562 bytes]","args":[{"selector":{"id":"application-manageconditionprice-display-component---newCondition--condValidTo","interaction":{"idSuffix":"inner"}},"wdio_ui5_key":"applicationmanageconditionprice-display-component---newCondition--condValidTo"}]}
RESULT: {"script":"<script> [1562 bytes]","args":[{"selector":{"id":"application-manageconditionprice-display-component---newCondition--condValidTo","interaction":{"idSuffix":"inner"}},"wdio_ui5_key":"applicationmanageconditionprice-display-component---newCondition--condValidTo"}]}
RESULT: undefined
COMMAND: POST /session/11c278e322621322209dbd84d797ae8b/execute/async - {"script":"<script> [776 bytes]","args":[{"enterText":"12/30/25","selector":{"id":"application-manageconditionprice-display-component---newCondition--condValidTo","interaction":{"idSuffix":"inner"}},"clearTextFirst":true,"interactionType":"ENTER_TEXT"}]}
RESULT: {"script":"<script> [776 bytes]","args":[{"enterText":"12/30/25","selector":{"id":"application-manageconditionprice-display-component---newCondition--condValidTo","interaction":{"idSuffix":"inner"}},"clearTextFirst":true,"interactionType":"ENTER_TEXT"}]}
COMMAND: POST /session/11c278e322621322209dbd84d797ae8b/element - {"using":"xpath","value":"//input[@id=\"application-manageconditionprice-display-component---newCondition--condRU-inner\"]"}
RESULT: {"using":"xpath","value":"//input[@id=\"application-manageconditionprice-display-component---newCondition--condRU-inner\"]"}
COMMAND: POST /session/11c278e322621322209dbd84d797ae8b/element/f.1BBDEBF70A0905171D1AD33BCA73C599.d.E2B5521F9EBA815D9D023FDC89DA884D.e.13877/clear - {}
RESULT: {}
COMMAND: POST /session/11c278e322621322209dbd84d797ae8b/element/f.1BBDEBF70A0905171D1AD33BCA73C599.d.E2B5521F9EBA815D9D023FDC89DA884D.e.13877/value - {"text":"clzz5UqR6a"}
COMMAND: GET /session/11c278e322621322209dbd84d797ae8b/screenshot - {}
RESULT: {"text":"clzz5UqR6a"}
COMMAND: GET /session/11c278e322621322209dbd84d797ae8b/screenshot - {}
RESULT: {}
RESULT: {}
COMMAND: POST /session/11c278e322621322209dbd84d797ae8b/actions - {"actions":[{"id":"action50","type":"key","parameters":{},"actions":[{"type":"keyDown","value":"î€‡"},{"type":"pause","duration":10},{"type":"keyUp","value":"î€‡"}]}]}
RESULT: {"actions":[{"id":"action50","type":"key","parameters":{},"actions":[{"type":"keyDown","value":"î€‡"},{"type":"pause","duration":10},{"type":"keyUp","value":"î€‡"}]}]}
COMMAND: POST /session/11c278e322621322209dbd84d797ae8b/execute/async - {"script":"<script> [1562 bytes]","args":[{"selector":{"id":"application-manageconditionprice-display-component---newCondition--condBaseQty","interaction":{"idSuffix":"inner"}},"wdio_ui5_key":"applicationmanageconditionprice-display-component---newCondition--condBaseQty"}]}
COMMAND: GET /session/11c278e322621322209dbd84d797ae8b/screenshot - {}
RESULT: {"script":"<script> [1562 bytes]","args":[{"selector":{"id":"application-manageconditionprice-display-component---newCondition--condBaseQty","interaction":{"idSuffix":"inner"}},"wdio_ui5_key":"applicationmanageconditionprice-display-component---newCondition--condBaseQty"}]}
RESULT: undefined
COMMAND: POST /session/11c278e322621322209dbd84d797ae8b/execute/async - {"script":"<script> [776 bytes]","args":[{"enterText":"1","selector":{"id":"application-manageconditionprice-display-component---newCondition--condBaseQty","interaction":{"idSuffix":"inner"}},"clearTextFirst":true,"interactionType":"ENTER_TEXT"}]}
RESULT: {}
RESULT: {"script":"<script> [776 bytes]","args":[{"enterText":"1","selector":{"id":"application-manageconditionprice-display-component---newCondition--condBaseQty","interaction":{"idSuffix":"inner"}},"clearTextFirst":true,"interactionType":"ENTER_TEXT"}]}
COMMAND: POST /session/11c278e322621322209dbd84d797ae8b/execute/async - {"script":"<script> [1562 bytes]","args":[{"selector":{"id":"application-manageconditionprice-display-component---newCondition--condValue","interaction":{"idSuffix":"inner"}},"wdio_ui5_key":"applicationmanageconditionprice-display-component---newCondition--condValue"}]}
RESULT: {"script":"<script> [1562 bytes]","args":[{"selector":{"id":"application-manageconditionprice-display-component---newCondition--condValue","interaction":{"idSuffix":"inner"}},"wdio_ui5_key":"applicationmanageconditionprice-display-component---newCondition--condValue"}]}
RESULT: undefined
COMMAND: POST /session/11c278e322621322209dbd84d797ae8b/execute/async - {"script":"<script> [776 bytes]","args":[{"enterText":"100","selector":{"id":"application-manageconditionprice-display-component---newCondition--condValue","interaction":{"idSuffix":"inner"}},"clearTextFirst":true,"interactionType":"ENTER_TEXT"}]}
RESULT: {"script":"<script> [776 bytes]","args":[{"enterText":"100","selector":{"id":"application-manageconditionprice-display-component---newCondition--condValue","interaction":{"idSuffix":"inner"}},"clearTextFirst":true,"interactionType":"ENTER_TEXT"}]}
COMMAND: POST /session/11c278e322621322209dbd84d797ae8b/execute/async - {"script":"<script> [1562 bytes]","args":[{"selector":{"id":"application-manageconditionprice-display-component---newCondition--condCurr-arrow"},"wdio_ui5_key":"applicationmanageconditionprice-display-component---newCondition--condCurr-arrow"}]}
RESULT: {"script":"<script> [1562 bytes]","args":[{"selector":{"id":"application-manageconditionprice-display-component---newCondition--condCurr-arrow"},"wdio_ui5_key":"applicationmanageconditionprice-display-component---newCondition--condCurr-arrow"}]}
RESULT: undefined
COMMAND: POST /session/11c278e322621322209dbd84d797ae8b/element - {"using":"xpath","value":"//*[@id=\"application-manageconditionprice-display-component---newCondition--condCurr-arrow\"]"}
RESULT: {"using":"xpath","value":"//*[@id=\"application-manageconditionprice-display-component---newCondition--condCurr-arrow\"]"}
COMMAND: POST /session/11c278e322621322209dbd84d797ae8b/element/f.1BBDEBF70A0905171D1AD33BCA73C599.d.E2B5521F9EBA815D9D023FDC89DA884D.e.13974/click - {}
RESULT: {}
COMMAND: POST /session/11c278e322621322209dbd84d797ae8b/element - {"using":"xpath","value":"//span[contains(text(), \"Euro\")]"}
COMMAND: GET /session/11c278e322621322209dbd84d797ae8b/screenshot - {}
RESULT: {"using":"xpath","value":"//span[contains(text(), \"Euro\")]"}
COMMAND: POST /session/11c278e322621322209dbd84d797ae8b/element/f.1BBDEBF70A0905171D1AD33BCA73C599.d.E2B5521F9EBA815D9D023FDC89DA884D.e.14052/click - {}
RESULT: {}
RESULT: {}
COMMAND: POST /session/11c278e322621322209dbd84d797ae8b/element - {"using":"xpath","value":"//button[@data-kt=\"saveButton\"]"}
COMMAND: GET /session/11c278e322621322209dbd84d797ae8b/screenshot - {}
RESULT: {"using":"xpath","value":"//button[@data-kt=\"saveButton\"]"}
COMMAND: POST /session/11c278e322621322209dbd84d797ae8b/element/f.1BBDEBF70A0905171D1AD33BCA73C599.d.E2B5521F9EBA815D9D023FDC89DA884D.e.13975/click - {}
RESULT: {}
RESULT: {}
COMMAND: GET /session/11c278e322621322209dbd84d797ae8b/screenshot - {}
RESULT: {}
COMMAND: POST /session/11c278e322621322209dbd84d797ae8b/execute/async - {"script":"<script> [1562 bytes]","args":[{"selector":{"id":"application-manageconditionprice-display-component---conditions--smartFilterBar-btnBasicSearch","interaction":{"idSuffix":"I"}},"wdio_ui5_key":"applicationmanageconditionprice-display-component---conditions--smartFilterBar-btnBasicSearch"}]}
RESULT: {"script":"<script> [1562 bytes]","args":[{"selector":{"id":"application-manageconditionprice-display-component---conditions--smartFilterBar-btnBasicSearch","interaction":{"idSuffix":"I"}},"wdio_ui5_key":"applicationmanageconditionprice-display-component---conditions--smartFilterBar-btnBasicSearch"}]}
RESULT: undefined
COMMAND: POST /session/11c278e322621322209dbd84d797ae8b/execute/async - {"script":"<script> [776 bytes]","args":[{"enterText":"clzz5UqR6a","selector":{"id":"application-manageconditionprice-display-component---conditions--smartFilterBar-btnBasicSearch","interaction":{"idSuffix":"I"}},"clearTextFirst":true,"interactionType":"ENTER_TEXT"}]}
RESULT: {"script":"<script> [776 bytes]","args":[{"enterText":"clzz5UqR6a","selector":{"id":"application-manageconditionprice-display-component---conditions--smartFilterBar-btnBasicSearch","interaction":{"idSuffix":"I"}},"clearTextFirst":true,"interactionType":"ENTER_TEXT"}]}
COMMAND: POST /session/11c278e322621322209dbd84d797ae8b/actions - {"actions":[{"id":"action51","type":"key","parameters":{},"actions":[{"type":"keyDown","value":"î€‡"},{"type":"pause","duration":10},{"type":"keyUp","value":"î€‡"}]}]}
RESULT: {"actions":[{"id":"action51","type":"key","parameters":{},"actions":[{"type":"keyDown","value":"î€‡"},{"type":"pause","duration":10},{"type":"keyUp","value":"î€‡"}]}]}
COMMAND: GET /session/11c278e322621322209dbd84d797ae8b/screenshot - {}
RESULT: {}
COMMAND: POST /session/11c278e322621322209dbd84d797ae8b/execute/async - {"script":"<script> [1562 bytes]","args":[{"selector":{"id":"application-manageconditionprice-display-component---conditions--smartFilterBar-filterItemControl_BASIC-BILL_TYPES-vhi"},"wdio_ui5_key":"applicationmanageconditionprice-display-component---conditions--smartFilterBar-filterItemControl_BASIC-BILL_TYPES-vhi"}]}
RESULT: {"script":"<script> [1562 bytes]","args":[{"selector":{"id":"application-manageconditionprice-display-component---conditions--smartFilterBar-filterItemControl_BASIC-BILL_TYPES-vhi"},"wdio_ui5_key":"applicationmanageconditionprice-display-component---conditions--smartFilterBar-filterItemControl_BASIC-BILL_TYPES-vhi"}]}
RESULT: undefined
COMMAND: POST /session/11c278e322621322209dbd84d797ae8b/element - {"using":"xpath","value":"//*[@id=\"application-manageconditionprice-display-component---conditions--smartFilterBar-filterItemControl_BASIC-BILL_TYPES-vhi\"]"}
RESULT: {"using":"xpath","value":"//*[@id=\"application-manageconditionprice-display-component---conditions--smartFilterBar-filterItemControl_BASIC-BILL_TYPES-vhi\"]"}
COMMAND: POST /session/11c278e322621322209dbd84d797ae8b/element/f.1BBDEBF70A0905171D1AD33BCA73C599.d.E2B5521F9EBA815D9D023FDC89DA884D.e.14158/click - {}
RESULT: {}
COMMAND: POST /session/11c278e322621322209dbd84d797ae8b/execute/async - {"script":"<script> [1562 bytes]","args":[{"selector":{"id":"application-manageconditionprice-display-component---conditions--smartFilterBar-filterItemControl_BASIC-BILL_TYPES-valueHelpDialog-smartFilterBar-btnBasicSearch","searchOpenDialogs":true,"interaction":{"idSuffix":"I"}},"wdio_ui5_key":"applicationmanageconditionprice-display-component---conditions--smartFilterBar-filterItemControl_BASIC-BILL_TYPES-valueHelpDialog-smartFilterBar-btnBasicSearch"}]}
COMMAND: GET /session/11c278e322621322209dbd84d797ae8b/screenshot - {}
RESULT: {"script":"<script> [1562 bytes]","args":[{"selector":{"id":"application-manageconditionprice-display-component---conditions--smartFilterBar-filterItemControl_BASIC-BILL_TYPES-valueHelpDialog-smartFilterBar-btnBasicSearch","searchOpenDialogs":true,"interaction":{"idSuffix":"I"}},"wdio_ui5_key":"applicationmanageconditionprice-display-component---conditions--smartFilterBar-filterItemControl_BASIC-BILL_TYPES-valueHelpDialog-smartFilterBar-btnBasicSearch"}]}
RESULT: undefined
COMMAND: POST /session/11c278e322621322209dbd84d797ae8b/execute/async - {"script":"<script> [776 bytes]","args":[{"enterText":"TB","selector":{"id":"application-manageconditionprice-display-component---conditions--smartFilterBar-filterItemControl_BASIC-BILL_TYPES-valueHelpDialog-smartFilterBar-btnBasicSearch","searchOpenDialogs":true,"interaction":{"idSuffix":"I"}},"clearTextFirst":true,"interactionType":"ENTER_TEXT"}]}
RESULT: {}
RESULT: {"script":"<script> [776 bytes]","args":[{"enterText":"TB","selector":{"id":"application-manageconditionprice-display-component---conditions--smartFilterBar-filterItemControl_BASIC-BILL_TYPES-valueHelpDialog-smartFilterBar-btnBasicSearch","searchOpenDialogs":true,"interaction":{"idSuffix":"I"}},"clearTextFirst":true,"interactionType":"ENTER_TEXT"}]}
COMMAND: POST /session/11c278e322621322209dbd84d797ae8b/actions - {"actions":[{"id":"action52","type":"key","parameters":{},"actions":[{"type":"keyDown","value":"î€‡"},{"type":"pause","duration":10},{"type":"keyUp","value":"î€‡"}]}]}
RESULT: {"actions":[{"id":"action52","type":"key","parameters":{},"actions":[{"type":"keyDown","value":"î€‡"},{"type":"pause","duration":10},{"type":"keyUp","value":"î€‡"}]}]}
COMMAND: GET /session/11c278e322621322209dbd84d797ae8b/screenshot - {}
RESULT: {}
COMMAND: POST /session/11c278e322621322209dbd84d797ae8b/element - {"using":"xpath","value":"//div[contains(@id, 'application-manageconditionprice-display-component---conditions--smartFilterBar-filterItemControl_BASIC-BILL_TYPES-valueHelpDialog-table-rowsel0')]"}
RESULT: {"using":"xpath","value":"//div[contains(@id, 'application-manageconditionprice-display-component---conditions--smartFilterBar-filterItemControl_BASIC-BILL_TYPES-valueHelpDialog-table-rowsel0')]"}
COMMAND: POST /session/11c278e322621322209dbd84d797ae8b/element/f.1BBDEBF70A0905171D1AD33BCA73C599.d.E2B5521F9EBA815D9D023FDC89DA884D.e.14168/click - {}
RESULT: {}
COMMAND: GET /session/11c278e322621322209dbd84d797ae8b/screenshot - {}
RESULT: {}
COMMAND: POST /session/11c278e322621322209dbd84d797ae8b/element - {"using":"xpath","value":"//bdi[contains(text(), \"OK\")]"}
RESULT: {"using":"xpath","value":"//bdi[contains(text(), \"OK\")]"}
COMMAND: POST /session/11c278e322621322209dbd84d797ae8b/element/f.1BBDEBF70A0905171D1AD33BCA73C599.d.E2B5521F9EBA815D9D023FDC89DA884D.e.14170/click - {}
RESULT: {}
COMMAND: GET /session/11c278e322621322209dbd84d797ae8b/screenshot - {}
RESULT: {}
COMMAND: POST /session/11c278e322621322209dbd84d797ae8b/element - {"using":"xpath","value":"//span[@id=\"application-manageconditionprice-display-component---conditions--smartTable-header-inner\"]"}
RESULT: {"using":"xpath","value":"//span[@id=\"application-manageconditionprice-display-component---conditions--smartTable-header-inner\"]"}
COMMAND: POST /session/11c278e322621322209dbd84d797ae8b/elements - {"using":"xpath","value":"//span[@id=\"application-manageconditionprice-display-component---conditions--smartTable-header-inner\"]"}
RESULT: {"using":"xpath","value":"//span[@id=\"application-manageconditionprice-display-component---conditions--smartTable-header-inner\"]"}
COMMAND: POST /session/11c278e322621322209dbd84d797ae8b/execute/sync - {"script":"<script> [56 bytes]","args":[{"element-6066-11e4-a52e-4f735466cecf":"f.1BBDEBF70A0905171D1AD33BCA73C599.d.E2B5521F9EBA815D9D023FDC89DA884D.e.14173","ELEMENT":"f.1BBDEBF70A0905171D1AD33BCA73C599.d.E2B5521F9EBA815D9D023FDC89DA884D.e.14173"}]}
RESULT: {"script":"<script> [56 bytes]","args":[{"element-6066-11e4-a52e-4f735466cecf":"f.1BBDEBF70A0905171D1AD33BCA73C599.d.E2B5521F9EBA815D9D023FDC89DA884D.e.14173","ELEMENT":"f.1BBDEBF70A0905171D1AD33BCA73C599.d.E2B5521F9EBA815D9D023FDC89DA884D.e.14173"}]}
COMMAND: POST /session/11c278e322621322209dbd84d797ae8b/element - {"using":"css selector","value":"#shell-header-logo"}
COMMAND: GET /session/11c278e322621322209dbd84d797ae8b/screenshot - {}
RESULT: {"using":"css selector","value":"#shell-header-logo"}
COMMAND: POST /session/11c278e322621322209dbd84d797ae8b/element/f.1BBDEBF70A0905171D1AD33BCA73C599.d.E2B5521F9EBA815D9D023FDC89DA884D.e.13803/click - {}
RESULT: {}
RESULT: {}
COMMAND: GET /session/11c278e322621322209dbd84d797ae8b/screenshot - {}
RESULT: {}
]]></system-out>
    </testcase>
  </testsuite>
  <testsuite timestamp="2025-04-30T18:01:59" time="622.923" tests="12" failures="0" errors="0" skipped="0">
    <properties>
      <property name="specId" value="0" />
      <property name="suiteName" value="Create Reverse Billing US127248" />
      <property name="capabilities" value="chrome.135_0_7049_96.windows" />
      <property name="file" value="file:///D:/a/1/s/test/specs/BTS/reverse-billing.spec.js" />
    </properties>
    <testcase classname="chrome.135_0_7049_96.windows.Create_Reverse_Billing_US127248" name="Should create a new yard" time="0.009">
      <system-out><![CDATA[
COMMAND: POST /session/11c278e322621322209dbd84d797ae8b/window/fullscreen - {}
RESULT: {}
]]></system-out>
    </testcase>
    <testcase classname="chrome.135_0_7049_96.windows.Create_Reverse_Billing_US127248" name="Should create a new partner" time="0.004" />
    <testcase classname="chrome.135_0_7049_96.windows.Create_Reverse_Billing_US127248" name="Should create a new site" time="0.004" />
    <testcase classname="chrome.135_0_7049_96.windows.Create_Reverse_Billing_US127248" name="Should create a resource" time="121.631">
      <system-out><![CDATA[
COMMAND: POST /session/11c278e322621322209dbd84d797ae8b/execute/async - {"script":"<script> [1562 bytes]","args":[{"selector":{"controlType":"sap.m.GenericTile","properties":{"header":"Manage Resources"}},"wdio_ui5_key":"sapm.GenericTile{\"header\":\"Manage Resources\"}"}]}
RESULT: {"script":"<script> [1562 bytes]","args":[{"selector":{"controlType":"sap.m.GenericTile","properties":{"header":"Manage Resources"}},"wdio_ui5_key":"sapm.GenericTile{\"header\":\"Manage Resources\"}"}]}
RESULT: undefined
COMMAND: POST /session/11c278e322621322209dbd84d797ae8b/element - {"using":"xpath","value":"//*[@id=\"__tile39\"]"}
RESULT: {"using":"xpath","value":"//*[@id=\"__tile39\"]"}
COMMAND: POST /session/11c278e322621322209dbd84d797ae8b/element/f.1BBDEBF70A0905171D1AD33BCA73C599.d.A16B228817C02819E3A83037DC3F0094.e.15337/click - {}
RESULT: {}
COMMAND: POST /session/11c278e322621322209dbd84d797ae8b/element - {"using":"xpath","value":"//button[@data-kt=\"addNewRUOverflowToolbarButton\"]"}
COMMAND: GET /session/11c278e322621322209dbd84d797ae8b/screenshot - {}
RESULT: {"using":"xpath","value":"//button[@data-kt=\"addNewRUOverflowToolbarButton\"]"}
COMMAND: POST /session/11c278e322621322209dbd84d797ae8b/elements - {"using":"xpath","value":"//button[@data-kt=\"addNewRUOverflowToolbarButton\"]"}
RESULT: {}
RESULT: {"using":"xpath","value":"//button[@data-kt=\"addNewRUOverflowToolbarButton\"]"}
COMMAND: POST /session/11c278e322621322209dbd84d797ae8b/elements - {"using":"xpath","value":"//button[@data-kt=\"addNewRUOverflowToolbarButton\"]"}
RESULT: {"using":"xpath","value":"//button[@data-kt=\"addNewRUOverflowToolbarButton\"]"}
COMMAND: POST /session/11c278e322621322209dbd84d797ae8b/elements - {"using":"xpath","value":"//button[@data-kt=\"addNewRUOverflowToolbarButton\"]"}
RESULT: {"using":"xpath","value":"//button[@data-kt=\"addNewRUOverflowToolbarButton\"]"}
COMMAND: POST /session/11c278e322621322209dbd84d797ae8b/elements - {"using":"xpath","value":"//button[@data-kt=\"addNewRUOverflowToolbarButton\"]"}
RESULT: {"using":"xpath","value":"//button[@data-kt=\"addNewRUOverflowToolbarButton\"]"}
COMMAND: POST /session/11c278e322621322209dbd84d797ae8b/elements - {"using":"xpath","value":"//button[@data-kt=\"addNewRUOverflowToolbarButton\"]"}
RESULT: {"using":"xpath","value":"//button[@data-kt=\"addNewRUOverflowToolbarButton\"]"}
COMMAND: POST /session/11c278e322621322209dbd84d797ae8b/elements - {"using":"xpath","value":"//button[@data-kt=\"addNewRUOverflowToolbarButton\"]"}
RESULT: {"using":"xpath","value":"//button[@data-kt=\"addNewRUOverflowToolbarButton\"]"}
COMMAND: POST /session/11c278e322621322209dbd84d797ae8b/elements - {"using":"xpath","value":"//button[@data-kt=\"addNewRUOverflowToolbarButton\"]"}
RESULT: {"using":"xpath","value":"//button[@data-kt=\"addNewRUOverflowToolbarButton\"]"}
COMMAND: POST /session/11c278e322621322209dbd84d797ae8b/elements - {"using":"xpath","value":"//button[@data-kt=\"addNewRUOverflowToolbarButton\"]"}
RESULT: {"using":"xpath","value":"//button[@data-kt=\"addNewRUOverflowToolbarButton\"]"}
COMMAND: POST /session/11c278e322621322209dbd84d797ae8b/elements - {"using":"xpath","value":"//button[@data-kt=\"addNewRUOverflowToolbarButton\"]"}
RESULT: {"using":"xpath","value":"//button[@data-kt=\"addNewRUOverflowToolbarButton\"]"}
COMMAND: POST /session/11c278e322621322209dbd84d797ae8b/elements - {"using":"xpath","value":"//button[@data-kt=\"addNewRUOverflowToolbarButton\"]"}
RESULT: {"using":"xpath","value":"//button[@data-kt=\"addNewRUOverflowToolbarButton\"]"}
COMMAND: POST /session/11c278e322621322209dbd84d797ae8b/elements - {"using":"xpath","value":"//button[@data-kt=\"addNewRUOverflowToolbarButton\"]"}
RESULT: {"using":"xpath","value":"//button[@data-kt=\"addNewRUOverflowToolbarButton\"]"}
COMMAND: POST /session/11c278e322621322209dbd84d797ae8b/elements - {"using":"xpath","value":"//button[@data-kt=\"addNewRUOverflowToolbarButton\"]"}
RESULT: {"using":"xpath","value":"//button[@data-kt=\"addNewRUOverflowToolbarButton\"]"}
COMMAND: POST /session/11c278e322621322209dbd84d797ae8b/elements - {"using":"xpath","value":"//button[@data-kt=\"addNewRUOverflowToolbarButton\"]"}
RESULT: {"using":"xpath","value":"//button[@data-kt=\"addNewRUOverflowToolbarButton\"]"}
COMMAND: POST /session/11c278e322621322209dbd84d797ae8b/elements - {"using":"xpath","value":"//button[@data-kt=\"addNewRUOverflowToolbarButton\"]"}
RESULT: {"using":"xpath","value":"//button[@data-kt=\"addNewRUOverflowToolbarButton\"]"}
COMMAND: POST /session/11c278e322621322209dbd84d797ae8b/elements - {"using":"xpath","value":"//button[@data-kt=\"addNewRUOverflowToolbarButton\"]"}
RESULT: {"using":"xpath","value":"//button[@data-kt=\"addNewRUOverflowToolbarButton\"]"}
COMMAND: POST /session/11c278e322621322209dbd84d797ae8b/elements - {"using":"xpath","value":"//button[@data-kt=\"addNewRUOverflowToolbarButton\"]"}
RESULT: {"using":"xpath","value":"//button[@data-kt=\"addNewRUOverflowToolbarButton\"]"}
COMMAND: POST /session/11c278e322621322209dbd84d797ae8b/elements - {"using":"xpath","value":"//button[@data-kt=\"addNewRUOverflowToolbarButton\"]"}
RESULT: {"using":"xpath","value":"//button[@data-kt=\"addNewRUOverflowToolbarButton\"]"}
COMMAND: POST /session/11c278e322621322209dbd84d797ae8b/elements - {"using":"xpath","value":"//button[@data-kt=\"addNewRUOverflowToolbarButton\"]"}
RESULT: {"using":"xpath","value":"//button[@data-kt=\"addNewRUOverflowToolbarButton\"]"}
COMMAND: POST /session/11c278e322621322209dbd84d797ae8b/elements - {"using":"xpath","value":"//button[@data-kt=\"addNewRUOverflowToolbarButton\"]"}
RESULT: {"using":"xpath","value":"//button[@data-kt=\"addNewRUOverflowToolbarButton\"]"}
COMMAND: POST /session/11c278e322621322209dbd84d797ae8b/elements - {"using":"xpath","value":"//button[@data-kt=\"addNewRUOverflowToolbarButton\"]"}
RESULT: {"using":"xpath","value":"//button[@data-kt=\"addNewRUOverflowToolbarButton\"]"}
COMMAND: POST /session/11c278e322621322209dbd84d797ae8b/element - {"using":"xpath","value":"//button[@data-kt=\"addNewRUOverflowToolbarButton\"]"}
RESULT: {"using":"xpath","value":"//button[@data-kt=\"addNewRUOverflowToolbarButton\"]"}
COMMAND: POST /session/11c278e322621322209dbd84d797ae8b/execute/sync - {"script":"<script> [8489 bytes]","args":[{"element-6066-11e4-a52e-4f735466cecf":"f.1BBDEBF70A0905171D1AD33BCA73C599.d.A16B228817C02819E3A83037DC3F0094.e.15467","ELEMENT":"f.1BBDEBF70A0905171D1AD33BCA73C599.d.A16B228817C02819E3A83037DC3F0094.e.15467"}]}
RESULT: {"script":"<script> [8489 bytes]","args":[{"element-6066-11e4-a52e-4f735466cecf":"f.1BBDEBF70A0905171D1AD33BCA73C599.d.A16B228817C02819E3A83037DC3F0094.e.15467","ELEMENT":"f.1BBDEBF70A0905171D1AD33BCA73C599.d.A16B228817C02819E3A83037DC3F0094.e.15467"}]}
COMMAND: GET /session/11c278e322621322209dbd84d797ae8b/element/f.1BBDEBF70A0905171D1AD33BCA73C599.d.A16B228817C02819E3A83037DC3F0094.e.15467/enabled - {}
COMMAND: GET /session/11c278e322621322209dbd84d797ae8b/screenshot - {}
RESULT: {}
COMMAND: POST /session/11c278e322621322209dbd84d797ae8b/execute/sync - {"script":"<script> [8489 bytes]","args":[{"element-6066-11e4-a52e-4f735466cecf":"f.1BBDEBF70A0905171D1AD33BCA73C599.d.A16B228817C02819E3A83037DC3F0094.e.15467","ELEMENT":"f.1BBDEBF70A0905171D1AD33BCA73C599.d.A16B228817C02819E3A83037DC3F0094.e.15467"}]}
COMMAND: GET /session/11c278e322621322209dbd84d797ae8b/screenshot - {}
RESULT: {}
RESULT: {"script":"<script> [8489 bytes]","args":[{"element-6066-11e4-a52e-4f735466cecf":"f.1BBDEBF70A0905171D1AD33BCA73C599.d.A16B228817C02819E3A83037DC3F0094.e.15467","ELEMENT":"f.1BBDEBF70A0905171D1AD33BCA73C599.d.A16B228817C02819E3A83037DC3F0094.e.15467"}]}
COMMAND: POST /session/11c278e322621322209dbd84d797ae8b/execute/sync - {"script":"<script> [5351 bytes]","args":[{"element-6066-11e4-a52e-4f735466cecf":"f.1BBDEBF70A0905171D1AD33BCA73C599.d.A16B228817C02819E3A83037DC3F0094.e.15467","ELEMENT":"f.1BBDEBF70A0905171D1AD33BCA73C599.d.A16B228817C02819E3A83037DC3F0094.e.15467"}]}
COMMAND: GET /session/11c278e322621322209dbd84d797ae8b/screenshot - {}
RESULT: {}
RESULT: {"script":"<script> [5351 bytes]","args":[{"element-6066-11e4-a52e-4f735466cecf":"f.1BBDEBF70A0905171D1AD33BCA73C599.d.A16B228817C02819E3A83037DC3F0094.e.15467","ELEMENT":"f.1BBDEBF70A0905171D1AD33BCA73C599.d.A16B228817C02819E3A83037DC3F0094.e.15467"}]}
COMMAND: POST /session/11c278e322621322209dbd84d797ae8b/element/f.1BBDEBF70A0905171D1AD33BCA73C599.d.A16B228817C02819E3A83037DC3F0094.e.15467/click - {}
COMMAND: GET /session/11c278e322621322209dbd84d797ae8b/screenshot - {}
RESULT: {}
RESULT: {}
COMMAND: GET /session/11c278e322621322209dbd84d797ae8b/screenshot - {}
RESULT: {}
COMMAND: POST /session/11c278e322621322209dbd84d797ae8b/execute/async - {"script":"<script> [1562 bytes]","args":[{"selector":{"id":"application-manageresources-display-component---newResourceUnit--TYPE-arrow"},"wdio_ui5_key":"applicationmanageresources-display-component---newResourceUnit--TYPE-arrow"}]}
RESULT: {}
RESULT: {"script":"<script> [1562 bytes]","args":[{"selector":{"id":"application-manageresources-display-component---newResourceUnit--TYPE-arrow"},"wdio_ui5_key":"applicationmanageresources-display-component---newResourceUnit--TYPE-arrow"}]}
RESULT: undefined
COMMAND: POST /session/11c278e322621322209dbd84d797ae8b/element - {"using":"xpath","value":"//*[@id=\"application-manageresources-display-component---newResourceUnit--TYPE-arrow\"]"}
RESULT: {"using":"xpath","value":"//*[@id=\"application-manageresources-display-component---newResourceUnit--TYPE-arrow\"]"}
COMMAND: POST /session/11c278e322621322209dbd84d797ae8b/element/f.1BBDEBF70A0905171D1AD33BCA73C599.d.A16B228817C02819E3A83037DC3F0094.e.15830/click - {}
RESULT: {}
COMMAND: POST /session/11c278e322621322209dbd84d797ae8b/element - {"using":"xpath","value":"//input[@id=\"application-manageresources-display-component---newResourceUnit--TYPE-inner\"]"}
COMMAND: GET /session/11c278e322621322209dbd84d797ae8b/screenshot - {}
RESULT: {"using":"xpath","value":"//input[@id=\"application-manageresources-display-component---newResourceUnit--TYPE-inner\"]"}
COMMAND: POST /session/11c278e322621322209dbd84d797ae8b/element/f.1BBDEBF70A0905171D1AD33BCA73C599.d.A16B228817C02819E3A83037DC3F0094.e.15820/clear - {}
RESULT: {}
RESULT: {}
COMMAND: POST /session/11c278e322621322209dbd84d797ae8b/element/f.1BBDEBF70A0905171D1AD33BCA73C599.d.A16B228817C02819E3A83037DC3F0094.e.15820/value - {"text":"Equipment"}
COMMAND: GET /session/11c278e322621322209dbd84d797ae8b/screenshot - {}
RESULT: {"text":"Equipment"}
COMMAND: GET /session/11c278e322621322209dbd84d797ae8b/screenshot - {}
RESULT: {}
RESULT: {}
COMMAND: POST /session/11c278e322621322209dbd84d797ae8b/actions - {"actions":[{"id":"action55","type":"key","parameters":{},"actions":[{"type":"keyDown","value":"î€‡"},{"type":"pause","duration":10},{"type":"keyUp","value":"î€‡"}]}]}
RESULT: {"actions":[{"id":"action55","type":"key","parameters":{},"actions":[{"type":"keyDown","value":"î€‡"},{"type":"pause","duration":10},{"type":"keyUp","value":"î€‡"}]}]}
COMMAND: POST /session/11c278e322621322209dbd84d797ae8b/execute/async - {"script":"<script> [1562 bytes]","args":[{"selector":{"id":"application-manageresources-display-component---newResourceUnit--resourceId","interaction":{"idSuffix":"inner"}},"wdio_ui5_key":"applicationmanageresources-display-component---newResourceUnit--resourceId"}]}
COMMAND: GET /session/11c278e322621322209dbd84d797ae8b/screenshot - {}
RESULT: {"script":"<script> [1562 bytes]","args":[{"selector":{"id":"application-manageresources-display-component---newResourceUnit--resourceId","interaction":{"idSuffix":"inner"}},"wdio_ui5_key":"applicationmanageresources-display-component---newResourceUnit--resourceId"}]}
RESULT: undefined
COMMAND: POST /session/11c278e322621322209dbd84d797ae8b/execute/async - {"script":"<script> [776 bytes]","args":[{"enterText":"KDPfDvemzP","selector":{"id":"application-manageresources-display-component---newResourceUnit--resourceId","interaction":{"idSuffix":"inner"}},"clearTextFirst":true,"interactionType":"ENTER_TEXT"}]}
RESULT: {}
RESULT: {"script":"<script> [776 bytes]","args":[{"enterText":"KDPfDvemzP","selector":{"id":"application-manageresources-display-component---newResourceUnit--resourceId","interaction":{"idSuffix":"inner"}},"clearTextFirst":true,"interactionType":"ENTER_TEXT"}]}
COMMAND: POST /session/11c278e322621322209dbd84d797ae8b/execute/async - {"script":"<script> [1562 bytes]","args":[{"selector":{"id":"application-manageresources-display-component---newResourceUnit--SHORT_TEXT","interaction":{"idSuffix":"inner"}},"wdio_ui5_key":"applicationmanageresources-display-component---newResourceUnit--SHORT_TEXT"}]}
RESULT: {"script":"<script> [1562 bytes]","args":[{"selector":{"id":"application-manageresources-display-component---newResourceUnit--SHORT_TEXT","interaction":{"idSuffix":"inner"}},"wdio_ui5_key":"applicationmanageresources-display-component---newResourceUnit--SHORT_TEXT"}]}
RESULT: undefined
COMMAND: POST /session/11c278e322621322209dbd84d797ae8b/execute/async - {"script":"<script> [776 bytes]","args":[{"enterText":"Intercompany Equipment WDIO","selector":{"id":"application-manageresources-display-component---newResourceUnit--SHORT_TEXT","interaction":{"idSuffix":"inner"}},"clearTextFirst":true,"interactionType":"ENTER_TEXT"}]}
RESULT: {"script":"<script> [776 bytes]","args":[{"enterText":"Intercompany Equipment WDIO","selector":{"id":"application-manageresources-display-component---newResourceUnit--SHORT_TEXT","interaction":{"idSuffix":"inner"}},"clearTextFirst":true,"interactionType":"ENTER_TEXT"}]}
COMMAND: POST /session/11c278e322621322209dbd84d797ae8b/execute/async - {"script":"<script> [1562 bytes]","args":[{"selector":{"id":"application-manageresources-display-component---newResourceUnit--BASE_UNIT_OF_MEASURE","interaction":{"idSuffix":"inner"}},"wdio_ui5_key":"applicationmanageresources-display-component---newResourceUnit--BASE_UNIT_OF_MEASURE"}]}
RESULT: {"script":"<script> [1562 bytes]","args":[{"selector":{"id":"application-manageresources-display-component---newResourceUnit--BASE_UNIT_OF_MEASURE","interaction":{"idSuffix":"inner"}},"wdio_ui5_key":"applicationmanageresources-display-component---newResourceUnit--BASE_UNIT_OF_MEASURE"}]}
RESULT: undefined
COMMAND: POST /session/11c278e322621322209dbd84d797ae8b/execute/async - {"script":"<script> [776 bytes]","args":[{"enterText":"Piece","selector":{"id":"application-manageresources-display-component---newResourceUnit--BASE_UNIT_OF_MEASURE","interaction":{"idSuffix":"inner"}},"clearTextFirst":true,"interactionType":"ENTER_TEXT"}]}
RESULT: {"script":"<script> [776 bytes]","args":[{"enterText":"Piece","selector":{"id":"application-manageresources-display-component---newResourceUnit--BASE_UNIT_OF_MEASURE","interaction":{"idSuffix":"inner"}},"clearTextFirst":true,"interactionType":"ENTER_TEXT"}]}
COMMAND: POST /session/11c278e322621322209dbd84d797ae8b/execute/async - {"script":"<script> [1562 bytes]","args":[{"selector":{"id":"application-manageresources-display-component---newResourceUnit--WEIGHT_UNIT","interaction":{"idSuffix":"inner"}},"wdio_ui5_key":"applicationmanageresources-display-component---newResourceUnit--WEIGHT_UNIT"}]}
RESULT: {"script":"<script> [1562 bytes]","args":[{"selector":{"id":"application-manageresources-display-component---newResourceUnit--WEIGHT_UNIT","interaction":{"idSuffix":"inner"}},"wdio_ui5_key":"applicationmanageresources-display-component---newResourceUnit--WEIGHT_UNIT"}]}
RESULT: undefined
COMMAND: POST /session/11c278e322621322209dbd84d797ae8b/execute/async - {"script":"<script> [776 bytes]","args":[{"enterText":"Gram","selector":{"id":"application-manageresources-display-component---newResourceUnit--WEIGHT_UNIT","interaction":{"idSuffix":"inner"}},"clearTextFirst":true,"interactionType":"ENTER_TEXT"}]}
RESULT: {"script":"<script> [776 bytes]","args":[{"enterText":"Gram","selector":{"id":"application-manageresources-display-component---newResourceUnit--WEIGHT_UNIT","interaction":{"idSuffix":"inner"}},"clearTextFirst":true,"interactionType":"ENTER_TEXT"}]}
COMMAND: POST /session/11c278e322621322209dbd84d797ae8b/execute/async - {"script":"<script> [1562 bytes]","args":[{"selector":{"id":"application-manageresources-display-component---newResourceUnit--DIMENSION_UNIT","interaction":{"idSuffix":"inner"}},"wdio_ui5_key":"applicationmanageresources-display-component---newResourceUnit--DIMENSION_UNIT"}]}
RESULT: {"script":"<script> [1562 bytes]","args":[{"selector":{"id":"application-manageresources-display-component---newResourceUnit--DIMENSION_UNIT","interaction":{"idSuffix":"inner"}},"wdio_ui5_key":"applicationmanageresources-display-component---newResourceUnit--DIMENSION_UNIT"}]}
RESULT: undefined
COMMAND: POST /session/11c278e322621322209dbd84d797ae8b/execute/async - {"script":"<script> [776 bytes]","args":[{"enterText":"Meter","selector":{"id":"application-manageresources-display-component---newResourceUnit--DIMENSION_UNIT","interaction":{"idSuffix":"inner"}},"clearTextFirst":true,"interactionType":"ENTER_TEXT"}]}
RESULT: {"script":"<script> [776 bytes]","args":[{"enterText":"Meter","selector":{"id":"application-manageresources-display-component---newResourceUnit--DIMENSION_UNIT","interaction":{"idSuffix":"inner"}},"clearTextFirst":true,"interactionType":"ENTER_TEXT"}]}
COMMAND: POST /session/11c278e322621322209dbd84d797ae8b/execute/async - {"script":"<script> [1562 bytes]","args":[{"selector":{"id":"application-manageresources-display-component---newResourceUnit--newRRUPage-anchBar-application-manageresources-display-component---newResourceUnit--control-anchor","interaction":{"idSuffix":"BDI-content"}},"wdio_ui5_key":"applicationmanageresources-display-component---newResourceUnit--newRRUPage-anchBar-application-manageresources-display-component---newResourceUnit--control-anchor"}]}
RESULT: {"script":"<script> [1562 bytes]","args":[{"selector":{"id":"application-manageresources-display-component---newResourceUnit--newRRUPage-anchBar-application-manageresources-display-component---newResourceUnit--control-anchor","interaction":{"idSuffix":"BDI-content"}},"wdio_ui5_key":"applicationmanageresources-display-component---newResourceUnit--newRRUPage-anchBar-application-manageresources-display-component---newResourceUnit--control-anchor"}]}
RESULT: undefined
COMMAND: POST /session/11c278e322621322209dbd84d797ae8b/element - {"using":"xpath","value":"//*[@id=\"application-manageresources-display-component---newResourceUnit--newRRUPage-anchBar-application-manageresources-display-component---newResourceUnit--control-anchor\"]"}
RESULT: {"using":"xpath","value":"//*[@id=\"application-manageresources-display-component---newResourceUnit--newRRUPage-anchBar-application-manageresources-display-component---newResourceUnit--control-anchor\"]"}
COMMAND: POST /session/11c278e322621322209dbd84d797ae8b/element/f.1BBDEBF70A0905171D1AD33BCA73C599.d.A16B228817C02819E3A83037DC3F0094.e.15964/click - {}
RESULT: {}
COMMAND: POST /session/11c278e322621322209dbd84d797ae8b/execute/async - {"script":"<script> [1562 bytes]","args":[{"selector":{"id":"application-manageresources-display-component---newResourceUnit--PLANNING_GROUP","interaction":{"idSuffix":"inner"}},"wdio_ui5_key":"applicationmanageresources-display-component---newResourceUnit--PLANNING_GROUP"}]}
COMMAND: GET /session/11c278e322621322209dbd84d797ae8b/screenshot - {}
RESULT: {"script":"<script> [1562 bytes]","args":[{"selector":{"id":"application-manageresources-display-component---newResourceUnit--PLANNING_GROUP","interaction":{"idSuffix":"inner"}},"wdio_ui5_key":"applicationmanageresources-display-component---newResourceUnit--PLANNING_GROUP"}]}
RESULT: undefined
COMMAND: POST /session/11c278e322621322209dbd84d797ae8b/execute/async - {"script":"<script> [776 bytes]","args":[{"enterText":"Heavy Equi","selector":{"id":"application-manageresources-display-component---newResourceUnit--PLANNING_GROUP","interaction":{"idSuffix":"inner"}},"clearTextFirst":true,"interactionType":"ENTER_TEXT"}]}
RESULT: {}
RESULT: {"script":"<script> [776 bytes]","args":[{"enterText":"Heavy Equi","selector":{"id":"application-manageresources-display-component---newResourceUnit--PLANNING_GROUP","interaction":{"idSuffix":"inner"}},"clearTextFirst":true,"interactionType":"ENTER_TEXT"}]}
COMMAND: POST /session/11c278e322621322209dbd84d797ae8b/execute/async - {"script":"<script> [1562 bytes]","args":[{"selector":{"id":"application-manageresources-display-component---newResourceUnit--ITEM_TYPE-arrow"},"wdio_ui5_key":"applicationmanageresources-display-component---newResourceUnit--ITEM_TYPE-arrow"}]}
RESULT: {"script":"<script> [1562 bytes]","args":[{"selector":{"id":"application-manageresources-display-component---newResourceUnit--ITEM_TYPE-arrow"},"wdio_ui5_key":"applicationmanageresources-display-component---newResourceUnit--ITEM_TYPE-arrow"}]}
RESULT: undefined
COMMAND: POST /session/11c278e322621322209dbd84d797ae8b/element - {"using":"xpath","value":"//*[@id=\"application-manageresources-display-component---newResourceUnit--ITEM_TYPE-arrow\"]"}
RESULT: {"using":"xpath","value":"//*[@id=\"application-manageresources-display-component---newResourceUnit--ITEM_TYPE-arrow\"]"}
COMMAND: POST /session/11c278e322621322209dbd84d797ae8b/element/f.1BBDEBF70A0905171D1AD33BCA73C599.d.A16B228817C02819E3A83037DC3F0094.e.15971/click - {}
RESULT: {}
COMMAND: POST /session/11c278e322621322209dbd84d797ae8b/element - {"using":"xpath","value":"(//span[contains(text(), \"Resource Unit\")])[2]"}
COMMAND: GET /session/11c278e322621322209dbd84d797ae8b/screenshot - {}
RESULT: {"using":"xpath","value":"(//span[contains(text(), \"Resource Unit\")])[2]"}
COMMAND: POST /session/11c278e322621322209dbd84d797ae8b/element/f.1BBDEBF70A0905171D1AD33BCA73C599.d.A16B228817C02819E3A83037DC3F0094.e.15972/click - {}
RESULT: {}
RESULT: {}
COMMAND: GET /session/11c278e322621322209dbd84d797ae8b/screenshot - {}
RESULT: {}
COMMAND: POST /session/11c278e322621322209dbd84d797ae8b/element - {"using":"css selector","value":"#application-manageresources-display-component---newResourceUnit--btnAddTimeSegment"}
RESULT: {"using":"css selector","value":"#application-manageresources-display-component---newResourceUnit--btnAddTimeSegment"}
COMMAND: GET /session/11c278e322621322209dbd84d797ae8b/element/f.1BBDEBF70A0905171D1AD33BCA73C599.d.A16B228817C02819E3A83037DC3F0094.e.15973/rect - {}
RESULT: {}
COMMAND: GET /session/11c278e322621322209dbd84d797ae8b/window/rect - {}
RESULT: {}
COMMAND: POST /session/11c278e322621322209dbd84d797ae8b/execute/sync - {"script":"<script> [92 bytes]","args":[]}
RESULT: {"script":"<script> [92 bytes]","args":[]}
COMMAND: POST /session/11c278e322621322209dbd84d797ae8b/actions - {"actions":[{"id":"action56","type":"wheel","parameters":{},"actions":[{"type":"scroll","x":-1888,"y":-32,"deltaX":0,"deltaY":0,"duration":0,"origin":{"element-6066-11e4-a52e-4f735466cecf":"f.1BBDEBF70A0905171D1AD33BCA73C599.d.A16B228817C02819E3A83037DC3F0094.e.15973"}}]}]}
COMMAND: GET /session/11c278e322621322209dbd84d797ae8b/screenshot - {}
RESULT: {}
COMMAND: POST /session/11c278e322621322209dbd84d797ae8b/execute/sync - {"script":"<script> [79 bytes]","args":[{"element-6066-11e4-a52e-4f735466cecf":"f.1BBDEBF70A0905171D1AD33BCA73C599.d.A16B228817C02819E3A83037DC3F0094.e.15973","ELEMENT":"f.1BBDEBF70A0905171D1AD33BCA73C599.d.A16B228817C02819E3A83037DC3F0094.e.15973"},{"block":"start","inline":"nearest"}]}
RESULT: {"script":"<script> [79 bytes]","args":[{"element-6066-11e4-a52e-4f735466cecf":"f.1BBDEBF70A0905171D1AD33BCA73C599.d.A16B228817C02819E3A83037DC3F0094.e.15973","ELEMENT":"f.1BBDEBF70A0905171D1AD33BCA73C599.d.A16B228817C02819E3A83037DC3F0094.e.15973"},{"block":"start","inline":"nearest"}]}
COMMAND: POST /session/11c278e322621322209dbd84d797ae8b/execute/async - {"script":"<script> [1562 bytes]","args":[{"selector":{"id":"application-manageresources-display-component---newResourceUnit--btnAddTimeSegment","interaction":{"idSuffix":"inner"}},"wdio_ui5_key":"applicationmanageresources-display-component---newResourceUnit--btnAddTimeSegment"}]}
COMMAND: GET /session/11c278e322621322209dbd84d797ae8b/screenshot - {}
RESULT: {"script":"<script> [1562 bytes]","args":[{"selector":{"id":"application-manageresources-display-component---newResourceUnit--btnAddTimeSegment","interaction":{"idSuffix":"inner"}},"wdio_ui5_key":"applicationmanageresources-display-component---newResourceUnit--btnAddTimeSegment"}]}
RESULT: undefined
COMMAND: POST /session/11c278e322621322209dbd84d797ae8b/element - {"using":"xpath","value":"//*[@id=\"application-manageresources-display-component---newResourceUnit--btnAddTimeSegment\"]"}
RESULT: {}
RESULT: {"using":"xpath","value":"//*[@id=\"application-manageresources-display-component---newResourceUnit--btnAddTimeSegment\"]"}
COMMAND: POST /session/11c278e322621322209dbd84d797ae8b/element/f.1BBDEBF70A0905171D1AD33BCA73C599.d.A16B228817C02819E3A83037DC3F0094.e.15973/click - {}
RESULT: {}
COMMAND: GET /session/11c278e322621322209dbd84d797ae8b/screenshot - {}
RESULT: {}
COMMAND: POST /session/11c278e322621322209dbd84d797ae8b/element - {"using":"xpath","value":"//input[@id=\"application-manageresources-display-component---newResourceUnit--idRuTSAdmin-application-manageresources-display-component---newResourceUnit--RUTimeSegment-0-inner\"]"}
RESULT: {"using":"xpath","value":"//input[@id=\"application-manageresources-display-component---newResourceUnit--idRuTSAdmin-application-manageresources-display-component---newResourceUnit--RUTimeSegment-0-inner\"]"}
COMMAND: POST /session/11c278e322621322209dbd84d797ae8b/element/f.1BBDEBF70A0905171D1AD33BCA73C599.d.A16B228817C02819E3A83037DC3F0094.e.15979/clear - {}
RESULT: {}
COMMAND: POST /session/11c278e322621322209dbd84d797ae8b/element/f.1BBDEBF70A0905171D1AD33BCA73C599.d.A16B228817C02819E3A83037DC3F0094.e.15979/value - {"text":"471"}
COMMAND: GET /session/11c278e322621322209dbd84d797ae8b/screenshot - {}
RESULT: {"text":"471"}
COMMAND: GET /session/11c278e322621322209dbd84d797ae8b/screenshot - {}
RESULT: {}
RESULT: {}
COMMAND: POST /session/11c278e322621322209dbd84d797ae8b/element - {"using":"xpath","value":"//li[.//span[text()='471']]"}
RESULT: {"using":"xpath","value":"//li[.//span[text()='471']]"}
COMMAND: POST /session/11c278e322621322209dbd84d797ae8b/element/f.1BBDEBF70A0905171D1AD33BCA73C599.d.A16B228817C02819E3A83037DC3F0094.e.15991/click - {}
RESULT: {}
COMMAND: GET /session/11c278e322621322209dbd84d797ae8b/screenshot - {}
RESULT: {}
COMMAND: POST /session/11c278e322621322209dbd84d797ae8b/element - {"using":"xpath","value":"(//span[contains(@id, \"-application-manageresources-display-component---newResourceUnit--RUTimeSegment-0-arrow\")])[6]"}
RESULT: {"using":"xpath","value":"(//span[contains(@id, \"-application-manageresources-display-component---newResourceUnit--RUTimeSegment-0-arrow\")])[6]"}
COMMAND: POST /session/11c278e322621322209dbd84d797ae8b/element/f.1BBDEBF70A0905171D1AD33BCA73C599.d.A16B228817C02819E3A83037DC3F0094.e.15992/click - {}
RESULT: {}
COMMAND: GET /session/11c278e322621322209dbd84d797ae8b/screenshot - {}
RESULT: {}
COMMAND: POST /session/11c278e322621322209dbd84d797ae8b/element - {"using":"xpath","value":"//span[contains(text(), \"PM Order\")]"}
RESULT: {"using":"xpath","value":"//span[contains(text(), \"PM Order\")]"}
COMMAND: POST /session/11c278e322621322209dbd84d797ae8b/element/f.1BBDEBF70A0905171D1AD33BCA73C599.d.A16B228817C02819E3A83037DC3F0094.e.15995/click - {}
RESULT: {}
COMMAND: GET /session/11c278e322621322209dbd84d797ae8b/screenshot - {}
RESULT: {}
COMMAND: POST /session/11c278e322621322209dbd84d797ae8b/element - {"using":"xpath","value":"(//span[contains(@id ,\"manageresources-display-component---newResourceUnit--RUTimeSegment-0-vhi\")])[1]"}
RESULT: {"using":"xpath","value":"(//span[contains(@id ,\"manageresources-display-component---newResourceUnit--RUTimeSegment-0-vhi\")])[1]"}
COMMAND: GET /session/11c278e322621322209dbd84d797ae8b/element/f.1BBDEBF70A0905171D1AD33BCA73C599.d.A16B228817C02819E3A83037DC3F0094.e.15999/rect - {}
RESULT: {}
COMMAND: GET /session/11c278e322621322209dbd84d797ae8b/window/rect - {}
RESULT: {}
COMMAND: POST /session/11c278e322621322209dbd84d797ae8b/execute/sync - {"script":"<script> [92 bytes]","args":[]}
RESULT: {"script":"<script> [92 bytes]","args":[]}
COMMAND: POST /session/11c278e322621322209dbd84d797ae8b/actions - {"actions":[{"id":"action57","type":"wheel","parameters":{},"actions":[{"type":"scroll","x":-869,"y":-24,"deltaX":0,"deltaY":0,"duration":0,"origin":{"element-6066-11e4-a52e-4f735466cecf":"f.1BBDEBF70A0905171D1AD33BCA73C599.d.A16B228817C02819E3A83037DC3F0094.e.15999"}}]}]}
COMMAND: GET /session/11c278e322621322209dbd84d797ae8b/screenshot - {}
RESULT: {"actions":[{"id":"action57","type":"wheel","parameters":{},"actions":[{"type":"scroll","x":-869,"y":-24,"deltaX":0,"deltaY":0,"duration":0,"origin":{"element-6066-11e4-a52e-4f735466cecf":"f.1BBDEBF70A0905171D1AD33BCA73C599.d.A16B228817C02819E3A83037DC3F0094.e.15999"}}]}]}
COMMAND: DELETE /session/11c278e322621322209dbd84d797ae8b/actions - {}
COMMAND: GET /session/11c278e322621322209dbd84d797ae8b/screenshot - {}
RESULT: {}
RESULT: {}
COMMAND: GET /session/11c278e322621322209dbd84d797ae8b/screenshot - {}
RESULT: {}
RESULT: {}
COMMAND: POST /session/11c278e322621322209dbd84d797ae8b/element/f.1BBDEBF70A0905171D1AD33BCA73C599.d.A16B228817C02819E3A83037DC3F0094.e.15999/click - {}
RESULT: {}
COMMAND: GET /session/11c278e322621322209dbd84d797ae8b/screenshot - {}
RESULT: {}
COMMAND: POST /session/11c278e322621322209dbd84d797ae8b/execute/async - {"script":"<script> [1562 bytes]","args":[{"selector":{"controlType":"sap.m.SearchField","properties":{"placeholder":"Search"},"searchOpenDialogs":true,"interaction":{"idSuffix":"I"}},"wdio_ui5_key":"sapm.SearchField{\"placeholder\":\"Search\"}"}]}
RESULT: {"script":"<script> [1562 bytes]","args":[{"selector":{"controlType":"sap.m.SearchField","properties":{"placeholder":"Search"},"searchOpenDialogs":true,"interaction":{"idSuffix":"I"}},"wdio_ui5_key":"sapm.SearchField{\"placeholder\":\"Search\"}"}]}
RESULT: undefined
COMMAND: POST /session/11c278e322621322209dbd84d797ae8b/execute/async - {"script":"<script> [776 bytes]","args":[{"enterText":"4000360","selector":{"controlType":"sap.m.SearchField","properties":{"placeholder":"Search"},"searchOpenDialogs":true,"interaction":{"idSuffix":"I"}},"clearTextFirst":true,"interactionType":"ENTER_TEXT"}]}
RESULT: {"script":"<script> [776 bytes]","args":[{"enterText":"4000360","selector":{"controlType":"sap.m.SearchField","properties":{"placeholder":"Search"},"searchOpenDialogs":true,"interaction":{"idSuffix":"I"}},"clearTextFirst":true,"interactionType":"ENTER_TEXT"}]}
COMMAND: POST /session/11c278e322621322209dbd84d797ae8b/actions - {"actions":[{"id":"action58","type":"key","parameters":{},"actions":[{"type":"keyDown","value":"î€‡"},{"type":"pause","duration":10},{"type":"keyUp","value":"î€‡"}]}]}
RESULT: {"actions":[{"id":"action58","type":"key","parameters":{},"actions":[{"type":"keyDown","value":"î€‡"},{"type":"pause","duration":10},{"type":"keyUp","value":"î€‡"}]}]}
COMMAND: GET /session/11c278e322621322209dbd84d797ae8b/screenshot - {}
RESULT: {}
COMMAND: POST /session/11c278e322621322209dbd84d797ae8b/element - {"using":"xpath","value":"//td/div/span[contains(text(), \"BGL Vehicles\")]"}
RESULT: {"using":"xpath","value":"//td/div/span[contains(text(), \"BGL Vehicles\")]"}
COMMAND: POST /session/11c278e322621322209dbd84d797ae8b/element/f.1BBDEBF70A0905171D1AD33BCA73C599.d.A16B228817C02819E3A83037DC3F0094.e.16020/click - {}
RESULT: {}
COMMAND: GET /session/11c278e322621322209dbd84d797ae8b/screenshot - {}
RESULT: {}
COMMAND: POST /session/11c278e322621322209dbd84d797ae8b/element - {"using":"xpath","value":"//bdi[contains(text(), \"OK\")]"}
RESULT: {"using":"xpath","value":"//bdi[contains(text(), \"OK\")]"}
COMMAND: POST /session/11c278e322621322209dbd84d797ae8b/element/f.1BBDEBF70A0905171D1AD33BCA73C599.d.A16B228817C02819E3A83037DC3F0094.e.16021/click - {}
RESULT: {}
COMMAND: GET /session/11c278e322621322209dbd84d797ae8b/screenshot - {}
RESULT: {}
COMMAND: POST /session/11c278e322621322209dbd84d797ae8b/execute/async - {"script":"<script> [1562 bytes]","args":[{"selector":{"id":"application-manageresources-display-component---newResourceUnit--newRRUPage-anchBar-application-manageresources-display-component---newResourceUnit--resource-anchor","interaction":{"idSuffix":"BDI-content"}},"wdio_ui5_key":"applicationmanageresources-display-component---newResourceUnit--newRRUPage-anchBar-application-manageresources-display-component---newResourceUnit--resource-anchor"}]}
RESULT: {"script":"<script> [1562 bytes]","args":[{"selector":{"id":"application-manageresources-display-component---newResourceUnit--newRRUPage-anchBar-application-manageresources-display-component---newResourceUnit--resource-anchor","interaction":{"idSuffix":"BDI-content"}},"wdio_ui5_key":"applicationmanageresources-display-component---newResourceUnit--newRRUPage-anchBar-application-manageresources-display-component---newResourceUnit--resource-anchor"}]}
RESULT: undefined
COMMAND: POST /session/11c278e322621322209dbd84d797ae8b/element - {"using":"xpath","value":"//*[@id=\"application-manageresources-display-component---newResourceUnit--newRRUPage-anchBar-application-manageresources-display-component---newResourceUnit--resource-anchor\"]"}
RESULT: {"using":"xpath","value":"//*[@id=\"application-manageresources-display-component---newResourceUnit--newRRUPage-anchBar-application-manageresources-display-component---newResourceUnit--resource-anchor\"]"}
COMMAND: POST /session/11c278e322621322209dbd84d797ae8b/element/f.1BBDEBF70A0905171D1AD33BCA73C599.d.A16B228817C02819E3A83037DC3F0094.e.16025/click - {}
RESULT: {}
COMMAND: POST /session/11c278e322621322209dbd84d797ae8b/execute/async - {"script":"<script> [1562 bytes]","args":[{"selector":{"id":"application-manageresources-display-component---newResourceUnit--PLANNED_DELIVERY_DATE","interaction":{"idSuffix":"inner"}},"wdio_ui5_key":"applicationmanageresources-display-component---newResourceUnit--PLANNED_DELIVERY_DATE"}]}
COMMAND: GET /session/11c278e322621322209dbd84d797ae8b/screenshot - {}
RESULT: {"script":"<script> [1562 bytes]","args":[{"selector":{"id":"application-manageresources-display-component---newResourceUnit--PLANNED_DELIVERY_DATE","interaction":{"idSuffix":"inner"}},"wdio_ui5_key":"applicationmanageresources-display-component---newResourceUnit--PLANNED_DELIVERY_DATE"}]}
RESULT: undefined
COMMAND: POST /session/11c278e322621322209dbd84d797ae8b/execute/async - {"script":"<script> [6424 bytes]","args":[{"element-6066-11e4-a52e-4f735466cecf":"f.1BBDEBF70A0905171D1AD33BCA73C599.d.A16B228817C02819E3A83037DC3F0094.e.15886"},"setValue",["4/30/25"]]}
RESULT: {}
RESULT: {"script":"<script> [6424 bytes]","args":[{"element-6066-11e4-a52e-4f735466cecf":"f.1BBDEBF70A0905171D1AD33BCA73C599.d.A16B228817C02819E3A83037DC3F0094.e.15886"},"setValue",["4/30/25"]]}
COMMAND: POST /session/11c278e322621322209dbd84d797ae8b/element - {"using":"xpath","value":"//button[@data-kt=\"resourceUnitSaveButton\"]"}
RESULT: {"using":"xpath","value":"//button[@data-kt=\"resourceUnitSaveButton\"]"}
COMMAND: POST /session/11c278e322621322209dbd84d797ae8b/element/f.1BBDEBF70A0905171D1AD33BCA73C599.d.A16B228817C02819E3A83037DC3F0094.e.15846/click - {}
RESULT: {}
COMMAND: GET /session/11c278e322621322209dbd84d797ae8b/screenshot - {}
RESULT: {}
COMMAND: POST /session/11c278e322621322209dbd84d797ae8b/element - {"using":"xpath","value":"//bdi[contains(text(), \"Close\")]"}
RESULT: {"using":"xpath","value":"//bdi[contains(text(), \"Close\")]"}
COMMAND: POST /session/11c278e322621322209dbd84d797ae8b/element/f.1BBDEBF70A0905171D1AD33BCA73C599.d.A16B228817C02819E3A83037DC3F0094.e.16033/click - {}
RESULT: {}
COMMAND: GET /session/11c278e322621322209dbd84d797ae8b/screenshot - {}
RESULT: {}
COMMAND: POST /session/11c278e322621322209dbd84d797ae8b/element - {"using":"xpath","value":"(//button[contains(@id ,\"actionsToolbar-overflowButton\")])[1]"}
RESULT: {"using":"xpath","value":"(//button[contains(@id ,\"actionsToolbar-overflowButton\")])[1]"}
COMMAND: POST /session/11c278e322621322209dbd84d797ae8b/element/f.1BBDEBF70A0905171D1AD33BCA73C599.d.A16B228817C02819E3A83037DC3F0094.e.16062/click - {}
RESULT: {}
COMMAND: GET /session/11c278e322621322209dbd84d797ae8b/screenshot - {}
RESULT: {}
COMMAND: POST /session/11c278e322621322209dbd84d797ae8b/element - {"using":"xpath","value":"//button[@data-kt=\"priceInfoButton\"]"}
RESULT: {"using":"xpath","value":"//button[@data-kt=\"priceInfoButton\"]"}
COMMAND: POST /session/11c278e322621322209dbd84d797ae8b/element/f.1BBDEBF70A0905171D1AD33BCA73C599.d.A16B228817C02819E3A83037DC3F0094.e.16064/click - {}
RESULT: {}
COMMAND: GET /session/11c278e322621322209dbd84d797ae8b/screenshot - {}
]]></system-out>
    </testcase>
    <testcase classname="chrome.135_0_7049_96.windows.Create_Reverse_Billing_US127248" name="Should create a pricing procedure" time="48.679">
      <system-out><![CDATA[
COMMAND: POST /session/11c278e322621322209dbd84d797ae8b/element - {"using":"xpath","value":"//button[@data-kt=\"addButton\"]"}
RESULT: {}
RESULT: {"using":"xpath","value":"//button[@data-kt=\"addButton\"]"}
COMMAND: POST /session/11c278e322621322209dbd84d797ae8b/elements - {"using":"xpath","value":"//button[@data-kt=\"addButton\"]"}
RESULT: {"using":"xpath","value":"//button[@data-kt=\"addButton\"]"}
COMMAND: POST /session/11c278e322621322209dbd84d797ae8b/element - {"using":"xpath","value":"//button[@data-kt=\"addButton\"]"}
RESULT: {"using":"xpath","value":"//button[@data-kt=\"addButton\"]"}
COMMAND: POST /session/11c278e322621322209dbd84d797ae8b/execute/sync - {"script":"<script> [8489 bytes]","args":[{"element-6066-11e4-a52e-4f735466cecf":"f.1BBDEBF70A0905171D1AD33BCA73C599.d.A16B228817C02819E3A83037DC3F0094.e.16100","ELEMENT":"f.1BBDEBF70A0905171D1AD33BCA73C599.d.A16B228817C02819E3A83037DC3F0094.e.16100"}]}
RESULT: {"script":"<script> [8489 bytes]","args":[{"element-6066-11e4-a52e-4f735466cecf":"f.1BBDEBF70A0905171D1AD33BCA73C599.d.A16B228817C02819E3A83037DC3F0094.e.16100","ELEMENT":"f.1BBDEBF70A0905171D1AD33BCA73C599.d.A16B228817C02819E3A83037DC3F0094.e.16100"}]}
COMMAND: GET /session/11c278e322621322209dbd84d797ae8b/element/f.1BBDEBF70A0905171D1AD33BCA73C599.d.A16B228817C02819E3A83037DC3F0094.e.16100/enabled - {}
COMMAND: GET /session/11c278e322621322209dbd84d797ae8b/screenshot - {}
RESULT: {}
COMMAND: POST /session/11c278e322621322209dbd84d797ae8b/execute/sync - {"script":"<script> [8489 bytes]","args":[{"element-6066-11e4-a52e-4f735466cecf":"f.1BBDEBF70A0905171D1AD33BCA73C599.d.A16B228817C02819E3A83037DC3F0094.e.16100","ELEMENT":"f.1BBDEBF70A0905171D1AD33BCA73C599.d.A16B228817C02819E3A83037DC3F0094.e.16100"}]}
COMMAND: GET /session/11c278e322621322209dbd84d797ae8b/screenshot - {}
RESULT: {}
RESULT: {"script":"<script> [8489 bytes]","args":[{"element-6066-11e4-a52e-4f735466cecf":"f.1BBDEBF70A0905171D1AD33BCA73C599.d.A16B228817C02819E3A83037DC3F0094.e.16100","ELEMENT":"f.1BBDEBF70A0905171D1AD33BCA73C599.d.A16B228817C02819E3A83037DC3F0094.e.16100"}]}
COMMAND: POST /session/11c278e322621322209dbd84d797ae8b/execute/sync - {"script":"<script> [5351 bytes]","args":[{"element-6066-11e4-a52e-4f735466cecf":"f.1BBDEBF70A0905171D1AD33BCA73C599.d.A16B228817C02819E3A83037DC3F0094.e.16100","ELEMENT":"f.1BBDEBF70A0905171D1AD33BCA73C599.d.A16B228817C02819E3A83037DC3F0094.e.16100"}]}
COMMAND: GET /session/11c278e322621322209dbd84d797ae8b/screenshot - {}
RESULT: {}
RESULT: {"script":"<script> [5351 bytes]","args":[{"element-6066-11e4-a52e-4f735466cecf":"f.1BBDEBF70A0905171D1AD33BCA73C599.d.A16B228817C02819E3A83037DC3F0094.e.16100","ELEMENT":"f.1BBDEBF70A0905171D1AD33BCA73C599.d.A16B228817C02819E3A83037DC3F0094.e.16100"}]}
COMMAND: POST /session/11c278e322621322209dbd84d797ae8b/element/f.1BBDEBF70A0905171D1AD33BCA73C599.d.A16B228817C02819E3A83037DC3F0094.e.16100/click - {}
COMMAND: GET /session/11c278e322621322209dbd84d797ae8b/screenshot - {}
RESULT: {}
RESULT: {}
COMMAND: GET /session/11c278e322621322209dbd84d797ae8b/screenshot - {}
RESULT: {}
RESULT: {}
COMMAND: POST /session/11c278e322621322209dbd84d797ae8b/execute/async - {"script":"<script> [1562 bytes]","args":[{"selector":{"controlType":"sap.m.Title","viewName":"etm.portal.ui.managepricingrules.view.NewItem","viewId":"application-managepricingrules-display-component---newInfoPriceItem","properties":{"text":"New Pricing Rules - Item Level"}},"wdio_ui5_key":"etmportal.ui.managepricingrules.view.NewItemsap.m.Title{\"text\":\"New Pricing Rules - Item Level\"}"}]}
RESULT: {"script":"<script> [1562 bytes]","args":[{"selector":{"controlType":"sap.m.Title","viewName":"etm.portal.ui.managepricingrules.view.NewItem","viewId":"application-managepricingrules-display-component---newInfoPriceItem","properties":{"text":"New Pricing Rules - Item Level"}},"wdio_ui5_key":"etmportal.ui.managepricingrules.view.NewItemsap.m.Title{\"text\":\"New Pricing Rules - Item Level\"}"}]}
RESULT: undefined
COMMAND: POST /session/11c278e322621322209dbd84d797ae8b/execute/async - {"script":"<script> [6424 bytes]","args":[{"element-6066-11e4-a52e-4f735466cecf":"f.1BBDEBF70A0905171D1AD33BCA73C599.d.A16B228817C02819E3A83037DC3F0094.e.16227"},"getText",[]]}
RESULT: {"script":"<script> [6424 bytes]","args":[{"element-6066-11e4-a52e-4f735466cecf":"f.1BBDEBF70A0905171D1AD33BCA73C599.d.A16B228817C02819E3A83037DC3F0094.e.16227"},"getText",[]]}
COMMAND: POST /session/11c278e322621322209dbd84d797ae8b/execute/async - {"script":"<script> [1562 bytes]","args":[{"selector":{"id":"application-managepricingrules-display-component---newInfoPriceItem--condValidTo","interaction":{"idSuffix":"inner"}},"wdio_ui5_key":"applicationmanagepricingrules-display-component---newInfoPriceItem--condValidTo"}]}
RESULT: {"script":"<script> [1562 bytes]","args":[{"selector":{"id":"application-managepricingrules-display-component---newInfoPriceItem--condValidTo","interaction":{"idSuffix":"inner"}},"wdio_ui5_key":"applicationmanagepricingrules-display-component---newInfoPriceItem--condValidTo"}]}
RESULT: undefined
COMMAND: POST /session/11c278e322621322209dbd84d797ae8b/execute/async - {"script":"<script> [776 bytes]","args":[{"enterText":"12/30/25","selector":{"id":"application-managepricingrules-display-component---newInfoPriceItem--condValidTo","interaction":{"idSuffix":"inner"}},"clearTextFirst":true,"interactionType":"ENTER_TEXT"}]}
RESULT: {"script":"<script> [776 bytes]","args":[{"enterText":"12/30/25","selector":{"id":"application-managepricingrules-display-component---newInfoPriceItem--condValidTo","interaction":{"idSuffix":"inner"}},"clearTextFirst":true,"interactionType":"ENTER_TEXT"}]}
COMMAND: POST /session/11c278e322621322209dbd84d797ae8b/execute/async - {"script":"<script> [1562 bytes]","args":[{"selector":{"id":"application-managepricingrules-display-component---newInfoPriceItem--billType-arrow"},"wdio_ui5_key":"applicationmanagepricingrules-display-component---newInfoPriceItem--billType-arrow"}]}
RESULT: {"script":"<script> [1562 bytes]","args":[{"selector":{"id":"application-managepricingrules-display-component---newInfoPriceItem--billType-arrow"},"wdio_ui5_key":"applicationmanagepricingrules-display-component---newInfoPriceItem--billType-arrow"}]}
RESULT: undefined
COMMAND: POST /session/11c278e322621322209dbd84d797ae8b/element - {"using":"xpath","value":"//*[@id=\"application-managepricingrules-display-component---newInfoPriceItem--billType-arrow\"]"}
RESULT: {"using":"xpath","value":"//*[@id=\"application-managepricingrules-display-component---newInfoPriceItem--billType-arrow\"]"}
COMMAND: POST /session/11c278e322621322209dbd84d797ae8b/element/f.1BBDEBF70A0905171D1AD33BCA73C599.d.A16B228817C02819E3A83037DC3F0094.e.16229/click - {}
RESULT: {}
COMMAND: POST /session/11c278e322621322209dbd84d797ae8b/element - {"using":"xpath","value":"//span[contains(text(), \"TB - Time based\")]"}
COMMAND: GET /session/11c278e322621322209dbd84d797ae8b/screenshot - {}
RESULT: {"using":"xpath","value":"//span[contains(text(), \"TB - Time based\")]"}
COMMAND: POST /session/11c278e322621322209dbd84d797ae8b/element/f.1BBDEBF70A0905171D1AD33BCA73C599.d.A16B228817C02819E3A83037DC3F0094.e.16230/click - {}
RESULT: {}
RESULT: {}
COMMAND: POST /session/11c278e322621322209dbd84d797ae8b/execute/async - {"script":"<script> [1562 bytes]","args":[{"selector":{"id":"application-managepricingrules-display-component---newInfoPriceItem--priceProc-arrow"},"wdio_ui5_key":"applicationmanagepricingrules-display-component---newInfoPriceItem--priceProc-arrow"}]}
COMMAND: GET /session/11c278e322621322209dbd84d797ae8b/screenshot - {}
RESULT: {"script":"<script> [1562 bytes]","args":[{"selector":{"id":"application-managepricingrules-display-component---newInfoPriceItem--priceProc-arrow"},"wdio_ui5_key":"applicationmanagepricingrules-display-component---newInfoPriceItem--priceProc-arrow"}]}
RESULT: undefined
COMMAND: POST /session/11c278e322621322209dbd84d797ae8b/element - {"using":"xpath","value":"//*[@id=\"application-managepricingrules-display-component---newInfoPriceItem--priceProc-arrow\"]"}
RESULT: {}
RESULT: {"using":"xpath","value":"//*[@id=\"application-managepricingrules-display-component---newInfoPriceItem--priceProc-arrow\"]"}
COMMAND: POST /session/11c278e322621322209dbd84d797ae8b/element/f.1BBDEBF70A0905171D1AD33BCA73C599.d.A16B228817C02819E3A83037DC3F0094.e.16231/click - {}
RESULT: {}
COMMAND: POST /session/11c278e322621322209dbd84d797ae8b/element - {"using":"xpath","value":"//span[contains(text(), \"TBS - Time based standard\")]"}
COMMAND: GET /session/11c278e322621322209dbd84d797ae8b/screenshot - {}
RESULT: {"using":"xpath","value":"//span[contains(text(), \"TBS - Time based standard\")]"}
COMMAND: POST /session/11c278e322621322209dbd84d797ae8b/element/f.1BBDEBF70A0905171D1AD33BCA73C599.d.A16B228817C02819E3A83037DC3F0094.e.16232/click - {}
RESULT: {}
RESULT: {}
COMMAND: POST /session/11c278e322621322209dbd84d797ae8b/execute/async - {"script":"<script> [1562 bytes]","args":[{"selector":{"id":"application-managepricingrules-display-component---newInfoPriceItem--calcBase-arrow"},"wdio_ui5_key":"applicationmanagepricingrules-display-component---newInfoPriceItem--calcBase-arrow"}]}
COMMAND: GET /session/11c278e322621322209dbd84d797ae8b/screenshot - {}
RESULT: {"script":"<script> [1562 bytes]","args":[{"selector":{"id":"application-managepricingrules-display-component---newInfoPriceItem--calcBase-arrow"},"wdio_ui5_key":"applicationmanagepricingrules-display-component---newInfoPriceItem--calcBase-arrow"}]}
RESULT: undefined
COMMAND: POST /session/11c278e322621322209dbd84d797ae8b/element - {"using":"xpath","value":"//*[@id=\"application-managepricingrules-display-component---newInfoPriceItem--calcBase-arrow\"]"}
RESULT: {}
RESULT: {"using":"xpath","value":"//*[@id=\"application-managepricingrules-display-component---newInfoPriceItem--calcBase-arrow\"]"}
COMMAND: POST /session/11c278e322621322209dbd84d797ae8b/element/f.1BBDEBF70A0905171D1AD33BCA73C599.d.A16B228817C02819E3A83037DC3F0094.e.16204/click - {}
RESULT: {}
COMMAND: GET /session/11c278e322621322209dbd84d797ae8b/screenshot - {}
RESULT: {}
COMMAND: POST /session/11c278e322621322209dbd84d797ae8b/element - {"using":"xpath","value":"//span[contains(text(), \"0006 - TB(calendar days)\")]"}
RESULT: {"using":"xpath","value":"//span[contains(text(), \"0006 - TB(calendar days)\")]"}
COMMAND: POST /session/11c278e322621322209dbd84d797ae8b/element/f.1BBDEBF70A0905171D1AD33BCA73C599.d.A16B228817C02819E3A83037DC3F0094.e.16233/click - {}
RESULT: {}
COMMAND: GET /session/11c278e322621322209dbd84d797ae8b/screenshot - {}
RESULT: {}
COMMAND: POST /session/11c278e322621322209dbd84d797ae8b/execute/async - {"script":"<script> [1562 bytes]","args":[{"selector":{"id":"application-managepricingrules-display-component---newInfoPriceItem--daysMonth","interaction":{"idSuffix":"inner"}},"wdio_ui5_key":"applicationmanagepricingrules-display-component---newInfoPriceItem--daysMonth"}]}
RESULT: {"script":"<script> [1562 bytes]","args":[{"selector":{"id":"application-managepricingrules-display-component---newInfoPriceItem--daysMonth","interaction":{"idSuffix":"inner"}},"wdio_ui5_key":"applicationmanagepricingrules-display-component---newInfoPriceItem--daysMonth"}]}
RESULT: undefined
COMMAND: POST /session/11c278e322621322209dbd84d797ae8b/execute/async - {"script":"<script> [776 bytes]","args":[{"enterText":"30","selector":{"id":"application-managepricingrules-display-component---newInfoPriceItem--daysMonth","interaction":{"idSuffix":"inner"}},"clearTextFirst":true,"interactionType":"ENTER_TEXT"}]}
RESULT: {"script":"<script> [776 bytes]","args":[{"enterText":"30","selector":{"id":"application-managepricingrules-display-component---newInfoPriceItem--daysMonth","interaction":{"idSuffix":"inner"}},"clearTextFirst":true,"interactionType":"ENTER_TEXT"}]}
COMMAND: POST /session/11c278e322621322209dbd84d797ae8b/element - {"using":"xpath","value":"//button[@data-kt=\"saveNewRuleButton\"]"}
RESULT: {"using":"xpath","value":"//button[@data-kt=\"saveNewRuleButton\"]"}
COMMAND: POST /session/11c278e322621322209dbd84d797ae8b/element/f.1BBDEBF70A0905171D1AD33BCA73C599.d.A16B228817C02819E3A83037DC3F0094.e.16216/click - {}
RESULT: {}
COMMAND: GET /session/11c278e322621322209dbd84d797ae8b/screenshot - {}
RESULT: {}
COMMAND: POST /session/11c278e322621322209dbd84d797ae8b/execute/async - {"script":"<script> [1562 bytes]","args":[{"selector":{"id":"application-managepricingrules-display-component---priceInfoItem--smartFilterBar-btnBasicSearch","interaction":{"idSuffix":"I"}},"wdio_ui5_key":"applicationmanagepricingrules-display-component---priceInfoItem--smartFilterBar-btnBasicSearch"}]}
RESULT: {"script":"<script> [1562 bytes]","args":[{"selector":{"id":"application-managepricingrules-display-component---priceInfoItem--smartFilterBar-btnBasicSearch","interaction":{"idSuffix":"I"}},"wdio_ui5_key":"applicationmanagepricingrules-display-component---priceInfoItem--smartFilterBar-btnBasicSearch"}]}
RESULT: undefined
COMMAND: POST /session/11c278e322621322209dbd84d797ae8b/execute/async - {"script":"<script> [776 bytes]","args":[{"enterText":"KDPfDvemzP","selector":{"id":"application-managepricingrules-display-component---priceInfoItem--smartFilterBar-btnBasicSearch","interaction":{"idSuffix":"I"}},"clearTextFirst":true,"interactionType":"ENTER_TEXT"}]}
RESULT: {"script":"<script> [776 bytes]","args":[{"enterText":"KDPfDvemzP","selector":{"id":"application-managepricingrules-display-component---priceInfoItem--smartFilterBar-btnBasicSearch","interaction":{"idSuffix":"I"}},"clearTextFirst":true,"interactionType":"ENTER_TEXT"}]}
COMMAND: POST /session/11c278e322621322209dbd84d797ae8b/actions - {"actions":[{"id":"action59","type":"key","parameters":{},"actions":[{"type":"keyDown","value":"î€‡"},{"type":"pause","duration":10},{"type":"keyUp","value":"î€‡"}]}]}
RESULT: {"actions":[{"id":"action59","type":"key","parameters":{},"actions":[{"type":"keyDown","value":"î€‡"},{"type":"pause","duration":10},{"type":"keyUp","value":"î€‡"}]}]}
COMMAND: GET /session/11c278e322621322209dbd84d797ae8b/screenshot - {}
RESULT: {}
COMMAND: POST /session/11c278e322621322209dbd84d797ae8b/element - {"using":"xpath","value":"//span[@id=\"application-managepricingrules-display-component---priceInfoItem--smartTable-header-inner\"]"}
RESULT: {"using":"xpath","value":"//span[@id=\"application-managepricingrules-display-component---priceInfoItem--smartTable-header-inner\"]"}
COMMAND: POST /session/11c278e322621322209dbd84d797ae8b/elements - {"using":"xpath","value":"//span[@id=\"application-managepricingrules-display-component---priceInfoItem--smartTable-header-inner\"]"}
RESULT: {"using":"xpath","value":"//span[@id=\"application-managepricingrules-display-component---priceInfoItem--smartTable-header-inner\"]"}
COMMAND: POST /session/11c278e322621322209dbd84d797ae8b/execute/sync - {"script":"<script> [56 bytes]","args":[{"element-6066-11e4-a52e-4f735466cecf":"f.1BBDEBF70A0905171D1AD33BCA73C599.d.A16B228817C02819E3A83037DC3F0094.e.16258","ELEMENT":"f.1BBDEBF70A0905171D1AD33BCA73C599.d.A16B228817C02819E3A83037DC3F0094.e.16258"}]}
RESULT: {"script":"<script> [56 bytes]","args":[{"element-6066-11e4-a52e-4f735466cecf":"f.1BBDEBF70A0905171D1AD33BCA73C599.d.A16B228817C02819E3A83037DC3F0094.e.16258","ELEMENT":"f.1BBDEBF70A0905171D1AD33BCA73C599.d.A16B228817C02819E3A83037DC3F0094.e.16258"}]}
COMMAND: POST /session/11c278e322621322209dbd84d797ae8b/element - {"using":"css selector","value":"#shell-header-logo"}
COMMAND: GET /session/11c278e322621322209dbd84d797ae8b/screenshot - {}
RESULT: {"using":"css selector","value":"#shell-header-logo"}
COMMAND: POST /session/11c278e322621322209dbd84d797ae8b/element/f.1BBDEBF70A0905171D1AD33BCA73C599.d.A16B228817C02819E3A83037DC3F0094.e.15436/click - {}
RESULT: {}
RESULT: {}
COMMAND: GET /session/11c278e322621322209dbd84d797ae8b/screenshot - {}
RESULT: {}
]]></system-out>
    </testcase>
    <testcase classname="chrome.135_0_7049_96.windows.Create_Reverse_Billing_US127248" name="Should manage conditions" time="64.074">
      <system-out><![CDATA[
COMMAND: POST /session/11c278e322621322209dbd84d797ae8b/execute/async - {"script":"<script> [1562 bytes]","args":[{"selector":{"controlType":"sap.m.Text","properties":{"text":"Manage Conditions & Prices"},"interaction":{"idSuffix":"inner"}},"wdio_ui5_key":"sapm.Text{\"text\":\"Manage Conditions & Prices\"}"}]}
RESULT: {"script":"<script> [1562 bytes]","args":[{"selector":{"controlType":"sap.m.Text","properties":{"text":"Manage Conditions & Prices"},"interaction":{"idSuffix":"inner"}},"wdio_ui5_key":"sapm.Text{\"text\":\"Manage Conditions & Prices\"}"}]}
RESULT: undefined
COMMAND: POST /session/11c278e322621322209dbd84d797ae8b/element - {"using":"xpath","value":"//*[@id=\"__tile53-title\"]"}
RESULT: {"using":"xpath","value":"//*[@id=\"__tile53-title\"]"}
COMMAND: POST /session/11c278e322621322209dbd84d797ae8b/element/f.1BBDEBF70A0905171D1AD33BCA73C599.d.A16B228817C02819E3A83037DC3F0094.e.16261/click - {}
RESULT: {}
COMMAND: POST /session/11c278e322621322209dbd84d797ae8b/element - {"using":"xpath","value":"//button[@aria-label=\"Create\"]"}
COMMAND: GET /session/11c278e322621322209dbd84d797ae8b/screenshot - {}
RESULT: {"using":"xpath","value":"//button[@aria-label=\"Create\"]"}
COMMAND: POST /session/11c278e322621322209dbd84d797ae8b/elements - {"using":"xpath","value":"//button[@aria-label=\"Create\"]"}
RESULT: {}
RESULT: {"using":"xpath","value":"//button[@aria-label=\"Create\"]"}
COMMAND: POST /session/11c278e322621322209dbd84d797ae8b/elements - {"using":"xpath","value":"//button[@aria-label=\"Create\"]"}
RESULT: {"using":"xpath","value":"//button[@aria-label=\"Create\"]"}
COMMAND: POST /session/11c278e322621322209dbd84d797ae8b/elements - {"using":"xpath","value":"//button[@aria-label=\"Create\"]"}
RESULT: {"using":"xpath","value":"//button[@aria-label=\"Create\"]"}
COMMAND: POST /session/11c278e322621322209dbd84d797ae8b/element - {"using":"xpath","value":"//button[@aria-label=\"Create\"]"}
RESULT: {"using":"xpath","value":"//button[@aria-label=\"Create\"]"}
COMMAND: POST /session/11c278e322621322209dbd84d797ae8b/execute/sync - {"script":"<script> [8489 bytes]","args":[{"element-6066-11e4-a52e-4f735466cecf":"f.1BBDEBF70A0905171D1AD33BCA73C599.d.A16B228817C02819E3A83037DC3F0094.e.16295","ELEMENT":"f.1BBDEBF70A0905171D1AD33BCA73C599.d.A16B228817C02819E3A83037DC3F0094.e.16295"}]}
RESULT: {"script":"<script> [8489 bytes]","args":[{"element-6066-11e4-a52e-4f735466cecf":"f.1BBDEBF70A0905171D1AD33BCA73C599.d.A16B228817C02819E3A83037DC3F0094.e.16295","ELEMENT":"f.1BBDEBF70A0905171D1AD33BCA73C599.d.A16B228817C02819E3A83037DC3F0094.e.16295"}]}
COMMAND: GET /session/11c278e322621322209dbd84d797ae8b/element/f.1BBDEBF70A0905171D1AD33BCA73C599.d.A16B228817C02819E3A83037DC3F0094.e.16295/enabled - {}
COMMAND: GET /session/11c278e322621322209dbd84d797ae8b/screenshot - {}
RESULT: {}
COMMAND: POST /session/11c278e322621322209dbd84d797ae8b/execute/sync - {"script":"<script> [8489 bytes]","args":[{"element-6066-11e4-a52e-4f735466cecf":"f.1BBDEBF70A0905171D1AD33BCA73C599.d.A16B228817C02819E3A83037DC3F0094.e.16295","ELEMENT":"f.1BBDEBF70A0905171D1AD33BCA73C599.d.A16B228817C02819E3A83037DC3F0094.e.16295"}]}
COMMAND: GET /session/11c278e322621322209dbd84d797ae8b/screenshot - {}
RESULT: {}
RESULT: {"script":"<script> [8489 bytes]","args":[{"element-6066-11e4-a52e-4f735466cecf":"f.1BBDEBF70A0905171D1AD33BCA73C599.d.A16B228817C02819E3A83037DC3F0094.e.16295","ELEMENT":"f.1BBDEBF70A0905171D1AD33BCA73C599.d.A16B228817C02819E3A83037DC3F0094.e.16295"}]}
COMMAND: POST /session/11c278e322621322209dbd84d797ae8b/execute/sync - {"script":"<script> [5351 bytes]","args":[{"element-6066-11e4-a52e-4f735466cecf":"f.1BBDEBF70A0905171D1AD33BCA73C599.d.A16B228817C02819E3A83037DC3F0094.e.16295","ELEMENT":"f.1BBDEBF70A0905171D1AD33BCA73C599.d.A16B228817C02819E3A83037DC3F0094.e.16295"}]}
COMMAND: GET /session/11c278e322621322209dbd84d797ae8b/screenshot - {}
RESULT: {}
RESULT: {"script":"<script> [5351 bytes]","args":[{"element-6066-11e4-a52e-4f735466cecf":"f.1BBDEBF70A0905171D1AD33BCA73C599.d.A16B228817C02819E3A83037DC3F0094.e.16295","ELEMENT":"f.1BBDEBF70A0905171D1AD33BCA73C599.d.A16B228817C02819E3A83037DC3F0094.e.16295"}]}
COMMAND: POST /session/11c278e322621322209dbd84d797ae8b/element/f.1BBDEBF70A0905171D1AD33BCA73C599.d.A16B228817C02819E3A83037DC3F0094.e.16295/click - {}
COMMAND: GET /session/11c278e322621322209dbd84d797ae8b/screenshot - {}
RESULT: {}
RESULT: {}
COMMAND: GET /session/11c278e322621322209dbd84d797ae8b/screenshot - {}
RESULT: {}
RESULT: {}
COMMAND: POST /session/11c278e322621322209dbd84d797ae8b/actions - {"actions":[{"id":"action60","type":"key","parameters":{},"actions":[{"type":"keyDown","value":"î€‡"},{"type":"pause","duration":10},{"type":"keyUp","value":"î€‡"}]}]}
RESULT: {"actions":[{"id":"action60","type":"key","parameters":{},"actions":[{"type":"keyDown","value":"î€‡"},{"type":"pause","duration":10},{"type":"keyUp","value":"î€‡"}]}]}
COMMAND: GET /session/11c278e322621322209dbd84d797ae8b/screenshot - {}
RESULT: {}
COMMAND: POST /session/11c278e322621322209dbd84d797ae8b/execute/async - {"script":"<script> [1562 bytes]","args":[{"selector":{"id":"application-manageconditionprice-display-component---newCondition--condBillCond-arrow"},"wdio_ui5_key":"applicationmanageconditionprice-display-component---newCondition--condBillCond-arrow"}]}
RESULT: {"script":"<script> [1562 bytes]","args":[{"selector":{"id":"application-manageconditionprice-display-component---newCondition--condBillCond-arrow"},"wdio_ui5_key":"applicationmanageconditionprice-display-component---newCondition--condBillCond-arrow"}]}
RESULT: undefined
COMMAND: POST /session/11c278e322621322209dbd84d797ae8b/element - {"using":"xpath","value":"//*[@id=\"application-manageconditionprice-display-component---newCondition--condBillCond-arrow\"]"}
RESULT: {"using":"xpath","value":"//*[@id=\"application-manageconditionprice-display-component---newCondition--condBillCond-arrow\"]"}
COMMAND: POST /session/11c278e322621322209dbd84d797ae8b/element/f.1BBDEBF70A0905171D1AD33BCA73C599.d.A16B228817C02819E3A83037DC3F0094.e.16471/click - {}
RESULT: {}
COMMAND: GET /session/11c278e322621322209dbd84d797ae8b/screenshot - {}
RESULT: {}
COMMAND: POST /session/11c278e322621322209dbd84d797ae8b/element - {"using":"xpath","value":"//li[.//span[contains(text(), \"DISP - D&I special price\")]]"}
RESULT: {"using":"xpath","value":"//li[.//span[contains(text(), \"DISP - D&I special price\")]]"}
COMMAND: POST /session/11c278e322621322209dbd84d797ae8b/element/f.1BBDEBF70A0905171D1AD33BCA73C599.d.A16B228817C02819E3A83037DC3F0094.e.16474/click - {}
RESULT: {}
COMMAND: GET /session/11c278e322621322209dbd84d797ae8b/screenshot - {}
RESULT: {}
COMMAND: POST /session/11c278e322621322209dbd84d797ae8b/execute/async - {"script":"<script> [1562 bytes]","args":[{"selector":{"id":"application-manageconditionprice-display-component---newCondition--condValidTo","interaction":{"idSuffix":"inner"}},"wdio_ui5_key":"applicationmanageconditionprice-display-component---newCondition--condValidTo"}]}
RESULT: {"script":"<script> [1562 bytes]","args":[{"selector":{"id":"application-manageconditionprice-display-component---newCondition--condValidTo","interaction":{"idSuffix":"inner"}},"wdio_ui5_key":"applicationmanageconditionprice-display-component---newCondition--condValidTo"}]}
RESULT: undefined
COMMAND: POST /session/11c278e322621322209dbd84d797ae8b/execute/async - {"script":"<script> [776 bytes]","args":[{"enterText":"12/30/25","selector":{"id":"application-manageconditionprice-display-component---newCondition--condValidTo","interaction":{"idSuffix":"inner"}},"clearTextFirst":true,"interactionType":"ENTER_TEXT"}]}
RESULT: {"script":"<script> [776 bytes]","args":[{"enterText":"12/30/25","selector":{"id":"application-manageconditionprice-display-component---newCondition--condValidTo","interaction":{"idSuffix":"inner"}},"clearTextFirst":true,"interactionType":"ENTER_TEXT"}]}
COMMAND: POST /session/11c278e322621322209dbd84d797ae8b/element - {"using":"xpath","value":"//input[@id=\"application-manageconditionprice-display-component---newCondition--condRU-inner\"]"}
RESULT: {"using":"xpath","value":"//input[@id=\"application-manageconditionprice-display-component---newCondition--condRU-inner\"]"}
COMMAND: POST /session/11c278e322621322209dbd84d797ae8b/element/f.1BBDEBF70A0905171D1AD33BCA73C599.d.A16B228817C02819E3A83037DC3F0094.e.16337/clear - {}
RESULT: {}
COMMAND: POST /session/11c278e322621322209dbd84d797ae8b/element/f.1BBDEBF70A0905171D1AD33BCA73C599.d.A16B228817C02819E3A83037DC3F0094.e.16337/value - {"text":"KDPfDvemzP"}
COMMAND: GET /session/11c278e322621322209dbd84d797ae8b/screenshot - {}
RESULT: {"text":"KDPfDvemzP"}
COMMAND: GET /session/11c278e322621322209dbd84d797ae8b/screenshot - {}
RESULT: {}
RESULT: {}
COMMAND: POST /session/11c278e322621322209dbd84d797ae8b/actions - {"actions":[{"id":"action61","type":"key","parameters":{},"actions":[{"type":"keyDown","value":"î€‡"},{"type":"pause","duration":10},{"type":"keyUp","value":"î€‡"}]}]}
RESULT: {"actions":[{"id":"action61","type":"key","parameters":{},"actions":[{"type":"keyDown","value":"î€‡"},{"type":"pause","duration":10},{"type":"keyUp","value":"î€‡"}]}]}
COMMAND: POST /session/11c278e322621322209dbd84d797ae8b/execute/async - {"script":"<script> [1562 bytes]","args":[{"selector":{"id":"application-manageconditionprice-display-component---newCondition--condBaseQty","interaction":{"idSuffix":"inner"}},"wdio_ui5_key":"applicationmanageconditionprice-display-component---newCondition--condBaseQty"}]}
COMMAND: GET /session/11c278e322621322209dbd84d797ae8b/screenshot - {}
RESULT: {"script":"<script> [1562 bytes]","args":[{"selector":{"id":"application-manageconditionprice-display-component---newCondition--condBaseQty","interaction":{"idSuffix":"inner"}},"wdio_ui5_key":"applicationmanageconditionprice-display-component---newCondition--condBaseQty"}]}
RESULT: undefined
COMMAND: POST /session/11c278e322621322209dbd84d797ae8b/execute/async - {"script":"<script> [776 bytes]","args":[{"enterText":"1","selector":{"id":"application-manageconditionprice-display-component---newCondition--condBaseQty","interaction":{"idSuffix":"inner"}},"clearTextFirst":true,"interactionType":"ENTER_TEXT"}]}
RESULT: {}
RESULT: {"script":"<script> [776 bytes]","args":[{"enterText":"1","selector":{"id":"application-manageconditionprice-display-component---newCondition--condBaseQty","interaction":{"idSuffix":"inner"}},"clearTextFirst":true,"interactionType":"ENTER_TEXT"}]}
COMMAND: POST /session/11c278e322621322209dbd84d797ae8b/execute/async - {"script":"<script> [1562 bytes]","args":[{"selector":{"id":"application-manageconditionprice-display-component---newCondition--condValue","interaction":{"idSuffix":"inner"}},"wdio_ui5_key":"applicationmanageconditionprice-display-component---newCondition--condValue"}]}
RESULT: {"script":"<script> [1562 bytes]","args":[{"selector":{"id":"application-manageconditionprice-display-component---newCondition--condValue","interaction":{"idSuffix":"inner"}},"wdio_ui5_key":"applicationmanageconditionprice-display-component---newCondition--condValue"}]}
RESULT: undefined
COMMAND: POST /session/11c278e322621322209dbd84d797ae8b/execute/async - {"script":"<script> [776 bytes]","args":[{"enterText":"200","selector":{"id":"application-manageconditionprice-display-component---newCondition--condValue","interaction":{"idSuffix":"inner"}},"clearTextFirst":true,"interactionType":"ENTER_TEXT"}]}
RESULT: {"script":"<script> [776 bytes]","args":[{"enterText":"200","selector":{"id":"application-manageconditionprice-display-component---newCondition--condValue","interaction":{"idSuffix":"inner"}},"clearTextFirst":true,"interactionType":"ENTER_TEXT"}]}
COMMAND: POST /session/11c278e322621322209dbd84d797ae8b/execute/async - {"script":"<script> [1562 bytes]","args":[{"selector":{"id":"application-manageconditionprice-display-component---newCondition--condCurr-arrow"},"wdio_ui5_key":"applicationmanageconditionprice-display-component---newCondition--condCurr-arrow"}]}
RESULT: {"script":"<script> [1562 bytes]","args":[{"selector":{"id":"application-manageconditionprice-display-component---newCondition--condCurr-arrow"},"wdio_ui5_key":"applicationmanageconditionprice-display-component---newCondition--condCurr-arrow"}]}
RESULT: undefined
COMMAND: POST /session/11c278e322621322209dbd84d797ae8b/element - {"using":"xpath","value":"//*[@id=\"application-manageconditionprice-display-component---newCondition--condCurr-arrow\"]"}
RESULT: {"using":"xpath","value":"//*[@id=\"application-manageconditionprice-display-component---newCondition--condCurr-arrow\"]"}
COMMAND: POST /session/11c278e322621322209dbd84d797ae8b/element/f.1BBDEBF70A0905171D1AD33BCA73C599.d.A16B228817C02819E3A83037DC3F0094.e.16453/click - {}
RESULT: {}
COMMAND: POST /session/11c278e322621322209dbd84d797ae8b/element - {"using":"xpath","value":"//span[contains(text(), \"Euro\")]"}
COMMAND: GET /session/11c278e322621322209dbd84d797ae8b/screenshot - {}
RESULT: {"using":"xpath","value":"//span[contains(text(), \"Euro\")]"}
COMMAND: POST /session/11c278e322621322209dbd84d797ae8b/element/f.1BBDEBF70A0905171D1AD33BCA73C599.d.A16B228817C02819E3A83037DC3F0094.e.16511/click - {}
RESULT: {}
RESULT: {}
COMMAND: POST /session/11c278e322621322209dbd84d797ae8b/element - {"using":"xpath","value":"//button[@data-kt=\"saveButton\"]"}
COMMAND: GET /session/11c278e322621322209dbd84d797ae8b/screenshot - {}
RESULT: {"using":"xpath","value":"//button[@data-kt=\"saveButton\"]"}
COMMAND: POST /session/11c278e322621322209dbd84d797ae8b/element/f.1BBDEBF70A0905171D1AD33BCA73C599.d.A16B228817C02819E3A83037DC3F0094.e.16454/click - {}
RESULT: {}
RESULT: {}
COMMAND: GET /session/11c278e322621322209dbd84d797ae8b/screenshot - {}
RESULT: {}
COMMAND: POST /session/11c278e322621322209dbd84d797ae8b/execute/async - {"script":"<script> [1562 bytes]","args":[{"selector":{"id":"application-manageconditionprice-display-component---conditions--smartFilterBar-btnBasicSearch","interaction":{"idSuffix":"I"}},"wdio_ui5_key":"applicationmanageconditionprice-display-component---conditions--smartFilterBar-btnBasicSearch"}]}
RESULT: {"script":"<script> [1562 bytes]","args":[{"selector":{"id":"application-manageconditionprice-display-component---conditions--smartFilterBar-btnBasicSearch","interaction":{"idSuffix":"I"}},"wdio_ui5_key":"applicationmanageconditionprice-display-component---conditions--smartFilterBar-btnBasicSearch"}]}
RESULT: undefined
COMMAND: POST /session/11c278e322621322209dbd84d797ae8b/execute/async - {"script":"<script> [776 bytes]","args":[{"enterText":"KDPfDvemzP","selector":{"id":"application-manageconditionprice-display-component---conditions--smartFilterBar-btnBasicSearch","interaction":{"idSuffix":"I"}},"clearTextFirst":true,"interactionType":"ENTER_TEXT"}]}
RESULT: {"script":"<script> [776 bytes]","args":[{"enterText":"KDPfDvemzP","selector":{"id":"application-manageconditionprice-display-component---conditions--smartFilterBar-btnBasicSearch","interaction":{"idSuffix":"I"}},"clearTextFirst":true,"interactionType":"ENTER_TEXT"}]}
COMMAND: POST /session/11c278e322621322209dbd84d797ae8b/actions - {"actions":[{"id":"action62","type":"key","parameters":{},"actions":[{"type":"keyDown","value":"î€‡"},{"type":"pause","duration":10},{"type":"keyUp","value":"î€‡"}]}]}
RESULT: {"actions":[{"id":"action62","type":"key","parameters":{},"actions":[{"type":"keyDown","value":"î€‡"},{"type":"pause","duration":10},{"type":"keyUp","value":"î€‡"}]}]}
COMMAND: GET /session/11c278e322621322209dbd84d797ae8b/screenshot - {}
RESULT: {}
COMMAND: POST /session/11c278e322621322209dbd84d797ae8b/execute/async - {"script":"<script> [1562 bytes]","args":[{"selector":{"id":"application-manageconditionprice-display-component---conditions--smartFilterBar-filterItemControl_BASIC-BILL_TYPES-vhi"},"wdio_ui5_key":"applicationmanageconditionprice-display-component---conditions--smartFilterBar-filterItemControl_BASIC-BILL_TYPES-vhi"}]}
RESULT: {"script":"<script> [1562 bytes]","args":[{"selector":{"id":"application-manageconditionprice-display-component---conditions--smartFilterBar-filterItemControl_BASIC-BILL_TYPES-vhi"},"wdio_ui5_key":"applicationmanageconditionprice-display-component---conditions--smartFilterBar-filterItemControl_BASIC-BILL_TYPES-vhi"}]}
RESULT: undefined
COMMAND: POST /session/11c278e322621322209dbd84d797ae8b/element - {"using":"xpath","value":"//*[@id=\"application-manageconditionprice-display-component---conditions--smartFilterBar-filterItemControl_BASIC-BILL_TYPES-vhi\"]"}
RESULT: {"using":"xpath","value":"//*[@id=\"application-manageconditionprice-display-component---conditions--smartFilterBar-filterItemControl_BASIC-BILL_TYPES-vhi\"]"}
COMMAND: POST /session/11c278e322621322209dbd84d797ae8b/element/f.1BBDEBF70A0905171D1AD33BCA73C599.d.A16B228817C02819E3A83037DC3F0094.e.16528/click - {}
RESULT: {}
COMMAND: POST /session/11c278e322621322209dbd84d797ae8b/execute/async - {"script":"<script> [1562 bytes]","args":[{"selector":{"id":"application-manageconditionprice-display-component---conditions--smartFilterBar-filterItemControl_BASIC-BILL_TYPES-valueHelpDialog-smartFilterBar-btnBasicSearch","searchOpenDialogs":true,"interaction":{"idSuffix":"I"}},"wdio_ui5_key":"applicationmanageconditionprice-display-component---conditions--smartFilterBar-filterItemControl_BASIC-BILL_TYPES-valueHelpDialog-smartFilterBar-btnBasicSearch"}]}
COMMAND: GET /session/11c278e322621322209dbd84d797ae8b/screenshot - {}
RESULT: {"script":"<script> [1562 bytes]","args":[{"selector":{"id":"application-manageconditionprice-display-component---conditions--smartFilterBar-filterItemControl_BASIC-BILL_TYPES-valueHelpDialog-smartFilterBar-btnBasicSearch","searchOpenDialogs":true,"interaction":{"idSuffix":"I"}},"wdio_ui5_key":"applicationmanageconditionprice-display-component---conditions--smartFilterBar-filterItemControl_BASIC-BILL_TYPES-valueHelpDialog-smartFilterBar-btnBasicSearch"}]}
RESULT: undefined
COMMAND: POST /session/11c278e322621322209dbd84d797ae8b/execute/async - {"script":"<script> [776 bytes]","args":[{"enterText":"TB","selector":{"id":"application-manageconditionprice-display-component---conditions--smartFilterBar-filterItemControl_BASIC-BILL_TYPES-valueHelpDialog-smartFilterBar-btnBasicSearch","searchOpenDialogs":true,"interaction":{"idSuffix":"I"}},"clearTextFirst":true,"interactionType":"ENTER_TEXT"}]}
RESULT: {}
RESULT: {"script":"<script> [776 bytes]","args":[{"enterText":"TB","selector":{"id":"application-manageconditionprice-display-component---conditions--smartFilterBar-filterItemControl_BASIC-BILL_TYPES-valueHelpDialog-smartFilterBar-btnBasicSearch","searchOpenDialogs":true,"interaction":{"idSuffix":"I"}},"clearTextFirst":true,"interactionType":"ENTER_TEXT"}]}
COMMAND: POST /session/11c278e322621322209dbd84d797ae8b/actions - {"actions":[{"id":"action63","type":"key","parameters":{},"actions":[{"type":"keyDown","value":"î€‡"},{"type":"pause","duration":10},{"type":"keyUp","value":"î€‡"}]}]}
RESULT: {"actions":[{"id":"action63","type":"key","parameters":{},"actions":[{"type":"keyDown","value":"î€‡"},{"type":"pause","duration":10},{"type":"keyUp","value":"î€‡"}]}]}
COMMAND: GET /session/11c278e322621322209dbd84d797ae8b/screenshot - {}
RESULT: {}
COMMAND: POST /session/11c278e322621322209dbd84d797ae8b/element - {"using":"xpath","value":"//div[contains(@id, 'application-manageconditionprice-display-component---conditions--smartFilterBar-filterItemControl_BASIC-BILL_TYPES-valueHelpDialog-table-rowsel0')]"}
RESULT: {"using":"xpath","value":"//div[contains(@id, 'application-manageconditionprice-display-component---conditions--smartFilterBar-filterItemControl_BASIC-BILL_TYPES-valueHelpDialog-table-rowsel0')]"}
COMMAND: POST /session/11c278e322621322209dbd84d797ae8b/element/f.1BBDEBF70A0905171D1AD33BCA73C599.d.A16B228817C02819E3A83037DC3F0094.e.16537/click - {}
RESULT: {}
COMMAND: GET /session/11c278e322621322209dbd84d797ae8b/screenshot - {}
RESULT: {}
COMMAND: POST /session/11c278e322621322209dbd84d797ae8b/element - {"using":"xpath","value":"//bdi[contains(text(), \"OK\")]"}
RESULT: {"using":"xpath","value":"//bdi[contains(text(), \"OK\")]"}
COMMAND: POST /session/11c278e322621322209dbd84d797ae8b/element/f.1BBDEBF70A0905171D1AD33BCA73C599.d.A16B228817C02819E3A83037DC3F0094.e.16539/click - {}
RESULT: {}
COMMAND: GET /session/11c278e322621322209dbd84d797ae8b/screenshot - {}
RESULT: {}
COMMAND: POST /session/11c278e322621322209dbd84d797ae8b/element - {"using":"xpath","value":"//span[@id=\"application-manageconditionprice-display-component---conditions--smartTable-header-inner\"]"}
RESULT: {"using":"xpath","value":"//span[@id=\"application-manageconditionprice-display-component---conditions--smartTable-header-inner\"]"}
COMMAND: POST /session/11c278e322621322209dbd84d797ae8b/elements - {"using":"xpath","value":"//span[@id=\"application-manageconditionprice-display-component---conditions--smartTable-header-inner\"]"}
RESULT: {"using":"xpath","value":"//span[@id=\"application-manageconditionprice-display-component---conditions--smartTable-header-inner\"]"}
COMMAND: POST /session/11c278e322621322209dbd84d797ae8b/execute/sync - {"script":"<script> [56 bytes]","args":[{"element-6066-11e4-a52e-4f735466cecf":"f.1BBDEBF70A0905171D1AD33BCA73C599.d.A16B228817C02819E3A83037DC3F0094.e.16542","ELEMENT":"f.1BBDEBF70A0905171D1AD33BCA73C599.d.A16B228817C02819E3A83037DC3F0094.e.16542"}]}
RESULT: {"script":"<script> [56 bytes]","args":[{"element-6066-11e4-a52e-4f735466cecf":"f.1BBDEBF70A0905171D1AD33BCA73C599.d.A16B228817C02819E3A83037DC3F0094.e.16542","ELEMENT":"f.1BBDEBF70A0905171D1AD33BCA73C599.d.A16B228817C02819E3A83037DC3F0094.e.16542"}]}
COMMAND: POST /session/11c278e322621322209dbd84d797ae8b/element - {"using":"css selector","value":"#shell-header-logo"}
COMMAND: GET /session/11c278e322621322209dbd84d797ae8b/screenshot - {}
RESULT: {"using":"css selector","value":"#shell-header-logo"}
COMMAND: POST /session/11c278e322621322209dbd84d797ae8b/element/f.1BBDEBF70A0905171D1AD33BCA73C599.d.A16B228817C02819E3A83037DC3F0094.e.16263/click - {}
RESULT: {}
RESULT: {}
COMMAND: GET /session/11c278e322621322209dbd84d797ae8b/screenshot - {}
RESULT: {}
]]></system-out>
    </testcase>
    <testcase classname="chrome.135_0_7049_96.windows.Create_Reverse_Billing_US127248" name="Should do a stock increase handover" time="80.433">
      <system-out><![CDATA[
COMMAND: POST /session/11c278e322621322209dbd84d797ae8b/execute/async - {"script":"<script> [1562 bytes]","args":[{"selector":{"controlType":"sap.m.Text","viewName":"etm.portal.ui.managehandoverstile.view.Master","properties":{"text":"Manage Handovers"},"interaction":{"idSuffix":"inner"}},"wdio_ui5_key":"etmportal.ui.managehandoverstile.view.Mastersap.m.Text{\"text\":\"Manage Handovers\"}"}]}
RESULT: {"script":"<script> [1562 bytes]","args":[{"selector":{"controlType":"sap.m.Text","viewName":"etm.portal.ui.managehandoverstile.view.Master","properties":{"text":"Manage Handovers"},"interaction":{"idSuffix":"inner"}},"wdio_ui5_key":"etmportal.ui.managehandoverstile.view.Mastersap.m.Text{\"text\":\"Manage Handovers\"}"}]}
RESULT: undefined
COMMAND: POST /session/11c278e322621322209dbd84d797ae8b/element - {"using":"xpath","value":"//*[@id=\"__tile133-title\"]"}
RESULT: {"using":"xpath","value":"//*[@id=\"__tile133-title\"]"}
COMMAND: POST /session/11c278e322621322209dbd84d797ae8b/element/f.1BBDEBF70A0905171D1AD33BCA73C599.d.A16B228817C02819E3A83037DC3F0094.e.16547/click - {}
RESULT: {}
COMMAND: POST /session/11c278e322621322209dbd84d797ae8b/element - {"using":"xpath","value":"//button[@data-kt=\"masterHOAddButton\"]"}
COMMAND: GET /session/11c278e322621322209dbd84d797ae8b/screenshot - {}
RESULT: {"using":"xpath","value":"//button[@data-kt=\"masterHOAddButton\"]"}
COMMAND: POST /session/11c278e322621322209dbd84d797ae8b/elements - {"using":"xpath","value":"//button[@data-kt=\"masterHOAddButton\"]"}
RESULT: {}
RESULT: {"using":"xpath","value":"//button[@data-kt=\"masterHOAddButton\"]"}
COMMAND: POST /session/11c278e322621322209dbd84d797ae8b/elements - {"using":"xpath","value":"//button[@data-kt=\"masterHOAddButton\"]"}
RESULT: {"using":"xpath","value":"//button[@data-kt=\"masterHOAddButton\"]"}
COMMAND: POST /session/11c278e322621322209dbd84d797ae8b/elements - {"using":"xpath","value":"//button[@data-kt=\"masterHOAddButton\"]"}
RESULT: {"using":"xpath","value":"//button[@data-kt=\"masterHOAddButton\"]"}
COMMAND: POST /session/11c278e322621322209dbd84d797ae8b/elements - {"using":"xpath","value":"//button[@data-kt=\"masterHOAddButton\"]"}
RESULT: {"using":"xpath","value":"//button[@data-kt=\"masterHOAddButton\"]"}
COMMAND: POST /session/11c278e322621322209dbd84d797ae8b/elements - {"using":"xpath","value":"//button[@data-kt=\"masterHOAddButton\"]"}
RESULT: {"using":"xpath","value":"//button[@data-kt=\"masterHOAddButton\"]"}
COMMAND: POST /session/11c278e322621322209dbd84d797ae8b/elements - {"using":"xpath","value":"//button[@data-kt=\"masterHOAddButton\"]"}
RESULT: {"using":"xpath","value":"//button[@data-kt=\"masterHOAddButton\"]"}
COMMAND: POST /session/11c278e322621322209dbd84d797ae8b/elements - {"using":"xpath","value":"//button[@data-kt=\"masterHOAddButton\"]"}
RESULT: {"using":"xpath","value":"//button[@data-kt=\"masterHOAddButton\"]"}
COMMAND: POST /session/11c278e322621322209dbd84d797ae8b/elements - {"using":"xpath","value":"//button[@data-kt=\"masterHOAddButton\"]"}
RESULT: {"using":"xpath","value":"//button[@data-kt=\"masterHOAddButton\"]"}
COMMAND: POST /session/11c278e322621322209dbd84d797ae8b/element - {"using":"xpath","value":"//button[@data-kt=\"masterHOAddButton\"]"}
RESULT: {"using":"xpath","value":"//button[@data-kt=\"masterHOAddButton\"]"}
COMMAND: POST /session/11c278e322621322209dbd84d797ae8b/execute/sync - {"script":"<script> [8489 bytes]","args":[{"element-6066-11e4-a52e-4f735466cecf":"f.1BBDEBF70A0905171D1AD33BCA73C599.d.A16B228817C02819E3A83037DC3F0094.e.16580","ELEMENT":"f.1BBDEBF70A0905171D1AD33BCA73C599.d.A16B228817C02819E3A83037DC3F0094.e.16580"}]}
RESULT: {"script":"<script> [8489 bytes]","args":[{"element-6066-11e4-a52e-4f735466cecf":"f.1BBDEBF70A0905171D1AD33BCA73C599.d.A16B228817C02819E3A83037DC3F0094.e.16580","ELEMENT":"f.1BBDEBF70A0905171D1AD33BCA73C599.d.A16B228817C02819E3A83037DC3F0094.e.16580"}]}
COMMAND: GET /session/11c278e322621322209dbd84d797ae8b/element/f.1BBDEBF70A0905171D1AD33BCA73C599.d.A16B228817C02819E3A83037DC3F0094.e.16580/enabled - {}
COMMAND: GET /session/11c278e322621322209dbd84d797ae8b/screenshot - {}
RESULT: {}
COMMAND: POST /session/11c278e322621322209dbd84d797ae8b/execute/sync - {"script":"<script> [8489 bytes]","args":[{"element-6066-11e4-a52e-4f735466cecf":"f.1BBDEBF70A0905171D1AD33BCA73C599.d.A16B228817C02819E3A83037DC3F0094.e.16580","ELEMENT":"f.1BBDEBF70A0905171D1AD33BCA73C599.d.A16B228817C02819E3A83037DC3F0094.e.16580"}]}
COMMAND: GET /session/11c278e322621322209dbd84d797ae8b/screenshot - {}
RESULT: {}
RESULT: {"script":"<script> [8489 bytes]","args":[{"element-6066-11e4-a52e-4f735466cecf":"f.1BBDEBF70A0905171D1AD33BCA73C599.d.A16B228817C02819E3A83037DC3F0094.e.16580","ELEMENT":"f.1BBDEBF70A0905171D1AD33BCA73C599.d.A16B228817C02819E3A83037DC3F0094.e.16580"}]}
COMMAND: POST /session/11c278e322621322209dbd84d797ae8b/execute/sync - {"script":"<script> [5351 bytes]","args":[{"element-6066-11e4-a52e-4f735466cecf":"f.1BBDEBF70A0905171D1AD33BCA73C599.d.A16B228817C02819E3A83037DC3F0094.e.16580","ELEMENT":"f.1BBDEBF70A0905171D1AD33BCA73C599.d.A16B228817C02819E3A83037DC3F0094.e.16580"}]}
COMMAND: GET /session/11c278e322621322209dbd84d797ae8b/screenshot - {}
RESULT: {}
RESULT: {"script":"<script> [5351 bytes]","args":[{"element-6066-11e4-a52e-4f735466cecf":"f.1BBDEBF70A0905171D1AD33BCA73C599.d.A16B228817C02819E3A83037DC3F0094.e.16580","ELEMENT":"f.1BBDEBF70A0905171D1AD33BCA73C599.d.A16B228817C02819E3A83037DC3F0094.e.16580"}]}
COMMAND: POST /session/11c278e322621322209dbd84d797ae8b/element/f.1BBDEBF70A0905171D1AD33BCA73C599.d.A16B228817C02819E3A83037DC3F0094.e.16580/click - {}
COMMAND: GET /session/11c278e322621322209dbd84d797ae8b/screenshot - {}
RESULT: {}
RESULT: {}
COMMAND: GET /session/11c278e322621322209dbd84d797ae8b/screenshot - {}
RESULT: {}
RESULT: {}
COMMAND: POST /session/11c278e322621322209dbd84d797ae8b/element - {"using":"xpath","value":"//span[contains(@id ,\"AddNewHO--typeSelect-arrow\")]"}
RESULT: {"using":"xpath","value":"//span[contains(@id ,\"AddNewHO--typeSelect-arrow\")]"}
COMMAND: POST /session/11c278e322621322209dbd84d797ae8b/element/f.1BBDEBF70A0905171D1AD33BCA73C599.d.A16B228817C02819E3A83037DC3F0094.e.16926/click - {}
RESULT: {}
COMMAND: GET /session/11c278e322621322209dbd84d797ae8b/screenshot - {}
RESULT: {}
COMMAND: POST /session/11c278e322621322209dbd84d797ae8b/element - {"using":"xpath","value":"(//li[contains(text(), \"stock increase yard\")])[1]"}
RESULT: {"using":"xpath","value":"(//li[contains(text(), \"stock increase yard\")])[1]"}
COMMAND: POST /session/11c278e322621322209dbd84d797ae8b/element/f.1BBDEBF70A0905171D1AD33BCA73C599.d.A16B228817C02819E3A83037DC3F0094.e.16927/click - {}
RESULT: {}
COMMAND: GET /session/11c278e322621322209dbd84d797ae8b/screenshot - {}
RESULT: {}
COMMAND: POST /session/11c278e322621322209dbd84d797ae8b/execute/async - {"script":"<script> [1562 bytes]","args":[{"selector":{"id":"application-managehandovers-display-component---AddNewHO--dueDate","interaction":{"idSuffix":"inner"}},"wdio_ui5_key":"applicationmanagehandovers-display-component---AddNewHO--dueDate"}]}
RESULT: {"script":"<script> [1562 bytes]","args":[{"selector":{"id":"application-managehandovers-display-component---AddNewHO--dueDate","interaction":{"idSuffix":"inner"}},"wdio_ui5_key":"applicationmanagehandovers-display-component---AddNewHO--dueDate"}]}
RESULT: undefined
COMMAND: POST /session/11c278e322621322209dbd84d797ae8b/execute/async - {"script":"<script> [6424 bytes]","args":[{"element-6066-11e4-a52e-4f735466cecf":"f.1BBDEBF70A0905171D1AD33BCA73C599.d.A16B228817C02819E3A83037DC3F0094.e.16929"},"setValue",["04/30/2025"]]}
RESULT: {"script":"<script> [6424 bytes]","args":[{"element-6066-11e4-a52e-4f735466cecf":"f.1BBDEBF70A0905171D1AD33BCA73C599.d.A16B228817C02819E3A83037DC3F0094.e.16929"},"setValue",["04/30/2025"]]}
COMMAND: POST /session/11c278e322621322209dbd84d797ae8b/element - {"using":"xpath","value":"//input[@id=\"generalSectionFrg--receiveYard-inner\"]"}
RESULT: {"using":"xpath","value":"//input[@id=\"generalSectionFrg--receiveYard-inner\"]"}
COMMAND: POST /session/11c278e322621322209dbd84d797ae8b/element/f.1BBDEBF70A0905171D1AD33BCA73C599.d.A16B228817C02819E3A83037DC3F0094.e.16935/clear - {}
RESULT: {}
COMMAND: POST /session/11c278e322621322209dbd84d797ae8b/element/f.1BBDEBF70A0905171D1AD33BCA73C599.d.A16B228817C02819E3A83037DC3F0094.e.16935/value - {"text":"471"}
COMMAND: GET /session/11c278e322621322209dbd84d797ae8b/screenshot - {}
RESULT: {"text":"471"}
COMMAND: GET /session/11c278e322621322209dbd84d797ae8b/screenshot - {}
RESULT: {}
RESULT: {}
COMMAND: POST /session/11c278e322621322209dbd84d797ae8b/element - {"using":"xpath","value":"//li[.//span[text()='471']]"}
RESULT: {"using":"xpath","value":"//li[.//span[text()='471']]"}
COMMAND: POST /session/11c278e322621322209dbd84d797ae8b/element/f.1BBDEBF70A0905171D1AD33BCA73C599.d.A16B228817C02819E3A83037DC3F0094.e.16951/click - {}
RESULT: {}
COMMAND: GET /session/11c278e322621322209dbd84d797ae8b/screenshot - {}
RESULT: {}
COMMAND: POST /session/11c278e322621322209dbd84d797ae8b/execute/async - {"script":"<script> [1562 bytes]","args":[{"selector":{"id":"application-managehandovers-display-component---AddNewHO--ObjectPageLayout-anchBar-application-managehandovers-display-component---AddNewHO--section4-anchor","interaction":{"idSuffix":"BDI-content"}},"wdio_ui5_key":"applicationmanagehandovers-display-component---AddNewHO--ObjectPageLayout-anchBar-application-managehandovers-display-component---AddNewHO--section4-anchor"}]}
RESULT: {"script":"<script> [1562 bytes]","args":[{"selector":{"id":"application-managehandovers-display-component---AddNewHO--ObjectPageLayout-anchBar-application-managehandovers-display-component---AddNewHO--section4-anchor","interaction":{"idSuffix":"BDI-content"}},"wdio_ui5_key":"applicationmanagehandovers-display-component---AddNewHO--ObjectPageLayout-anchBar-application-managehandovers-display-component---AddNewHO--section4-anchor"}]}
RESULT: undefined
COMMAND: POST /session/11c278e322621322209dbd84d797ae8b/element - {"using":"xpath","value":"//*[@id=\"application-managehandovers-display-component---AddNewHO--ObjectPageLayout-anchBar-application-managehandovers-display-component---AddNewHO--section4-anchor\"]"}
RESULT: {"using":"xpath","value":"//*[@id=\"application-managehandovers-display-component---AddNewHO--ObjectPageLayout-anchBar-application-managehandovers-display-component---AddNewHO--section4-anchor\"]"}
COMMAND: POST /session/11c278e322621322209dbd84d797ae8b/element/f.1BBDEBF70A0905171D1AD33BCA73C599.d.A16B228817C02819E3A83037DC3F0094.e.16953/click - {}
RESULT: {}
COMMAND: POST /session/11c278e322621322209dbd84d797ae8b/element - {"using":"xpath","value":"//button[@aria-label=\"Add\"]"}
COMMAND: GET /session/11c278e322621322209dbd84d797ae8b/screenshot - {}
RESULT: {"using":"xpath","value":"//button[@aria-label=\"Add\"]"}
COMMAND: POST /session/11c278e322621322209dbd84d797ae8b/element/f.1BBDEBF70A0905171D1AD33BCA73C599.d.A16B228817C02819E3A83037DC3F0094.e.16955/click - {}
RESULT: {}
RESULT: {}
COMMAND: GET /session/11c278e322621322209dbd84d797ae8b/screenshot - {}
RESULT: {}
COMMAND: POST /session/11c278e322621322209dbd84d797ae8b/execute/async - {"script":"<script> [1562 bytes]","args":[{"selector":{"id":"application-managehandovers-display-component---AddNewHO--smartFilterBar-btnBasicSearch","searchOpenDialogs":true,"interaction":{"idSuffix":"I"}},"wdio_ui5_key":"applicationmanagehandovers-display-component---AddNewHO--smartFilterBar-btnBasicSearch"}]}
RESULT: {"script":"<script> [1562 bytes]","args":[{"selector":{"id":"application-managehandovers-display-component---AddNewHO--smartFilterBar-btnBasicSearch","searchOpenDialogs":true,"interaction":{"idSuffix":"I"}},"wdio_ui5_key":"applicationmanagehandovers-display-component---AddNewHO--smartFilterBar-btnBasicSearch"}]}
RESULT: undefined
COMMAND: POST /session/11c278e322621322209dbd84d797ae8b/execute/async - {"script":"<script> [776 bytes]","args":[{"enterText":"KDPfDvemzP","selector":{"id":"application-managehandovers-display-component---AddNewHO--smartFilterBar-btnBasicSearch","searchOpenDialogs":true,"interaction":{"idSuffix":"I"}},"clearTextFirst":true,"interactionType":"ENTER_TEXT"}]}
RESULT: {"script":"<script> [776 bytes]","args":[{"enterText":"KDPfDvemzP","selector":{"id":"application-managehandovers-display-component---AddNewHO--smartFilterBar-btnBasicSearch","searchOpenDialogs":true,"interaction":{"idSuffix":"I"}},"clearTextFirst":true,"interactionType":"ENTER_TEXT"}]}
COMMAND: POST /session/11c278e322621322209dbd84d797ae8b/actions - {"actions":[{"id":"action64","type":"key","parameters":{},"actions":[{"type":"keyDown","value":"î€‡"},{"type":"pause","duration":10},{"type":"keyUp","value":"î€‡"}]}]}
RESULT: {"actions":[{"id":"action64","type":"key","parameters":{},"actions":[{"type":"keyDown","value":"î€‡"},{"type":"pause","duration":10},{"type":"keyUp","value":"î€‡"}]}]}
COMMAND: GET /session/11c278e322621322209dbd84d797ae8b/screenshot - {}
RESULT: {}
COMMAND: POST /session/11c278e322621322209dbd84d797ae8b/execute/async - {"script":"<script> [1562 bytes]","args":[{"selector":{"id":"application-managehandovers-display-component---AddNewHO--popup-sa","searchOpenDialogs":true,"interaction":{"idSuffix":"CbBg"}},"wdio_ui5_key":"applicationmanagehandovers-display-component---AddNewHO--popup-sa"}]}
RESULT: {"script":"<script> [1562 bytes]","args":[{"selector":{"id":"application-managehandovers-display-component---AddNewHO--popup-sa","searchOpenDialogs":true,"interaction":{"idSuffix":"CbBg"}},"wdio_ui5_key":"applicationmanagehandovers-display-component---AddNewHO--popup-sa"}]}
RESULT: undefined
COMMAND: POST /session/11c278e322621322209dbd84d797ae8b/element - {"using":"xpath","value":"//*[@id=\"application-managehandovers-display-component---AddNewHO--popup-sa\"]"}
RESULT: {"using":"xpath","value":"//*[@id=\"application-managehandovers-display-component---AddNewHO--popup-sa\"]"}
COMMAND: POST /session/11c278e322621322209dbd84d797ae8b/element/f.1BBDEBF70A0905171D1AD33BCA73C599.d.A16B228817C02819E3A83037DC3F0094.e.17109/click - {}
RESULT: {}
COMMAND: GET /session/11c278e322621322209dbd84d797ae8b/screenshot - {}
RESULT: {}
COMMAND: POST /session/11c278e322621322209dbd84d797ae8b/element - {"using":"xpath","value":"//bdi[contains(text(), \"Select\")]"}
RESULT: {"using":"xpath","value":"//bdi[contains(text(), \"Select\")]"}
COMMAND: POST /session/11c278e322621322209dbd84d797ae8b/element/f.1BBDEBF70A0905171D1AD33BCA73C599.d.A16B228817C02819E3A83037DC3F0094.e.17110/click - {}
RESULT: {}
COMMAND: GET /session/11c278e322621322209dbd84d797ae8b/screenshot - {}
RESULT: {}
COMMAND: POST /session/11c278e322621322209dbd84d797ae8b/element - {"using":"xpath","value":"//button[@data-kt=\"AddNewHOSaveButton\"]"}
RESULT: {"using":"xpath","value":"//button[@data-kt=\"AddNewHOSaveButton\"]"}
COMMAND: POST /session/11c278e322621322209dbd84d797ae8b/element/f.1BBDEBF70A0905171D1AD33BCA73C599.d.A16B228817C02819E3A83037DC3F0094.e.17114/click - {}
RESULT: {}
COMMAND: GET /session/11c278e322621322209dbd84d797ae8b/screenshot - {}
RESULT: {}
COMMAND: POST /session/11c278e322621322209dbd84d797ae8b/execute/async - {"script":"<script> [1562 bytes]","args":[{"selector":{"id":"receiptDatePicker","viewName":"etm.portal.ui.managehandovers.view.DetailExecuteHO","interaction":{"idSuffix":"inner"}},"wdio_ui5_key":"receiptDatePickeretmportal.ui.managehandovers.view.DetailExecuteHO"}]}
RESULT: {"script":"<script> [1562 bytes]","args":[{"selector":{"id":"receiptDatePicker","viewName":"etm.portal.ui.managehandovers.view.DetailExecuteHO","interaction":{"idSuffix":"inner"}},"wdio_ui5_key":"receiptDatePickeretmportal.ui.managehandovers.view.DetailExecuteHO"}]}
RESULT: undefined
COMMAND: POST /session/11c278e322621322209dbd84d797ae8b/execute/async - {"script":"<script> [6424 bytes]","args":[{"element-6066-11e4-a52e-4f735466cecf":"f.1BBDEBF70A0905171D1AD33BCA73C599.d.A16B228817C02819E3A83037DC3F0094.e.17144"},"setValue",["04/30/2025"]]}
RESULT: {"script":"<script> [6424 bytes]","args":[{"element-6066-11e4-a52e-4f735466cecf":"f.1BBDEBF70A0905171D1AD33BCA73C599.d.A16B228817C02819E3A83037DC3F0094.e.17144"},"setValue",["04/30/2025"]]}
COMMAND: POST /session/11c278e322621322209dbd84d797ae8b/element - {"using":"xpath","value":"//button[@data-kt=\"PickingTableConfirmAllButton\"]"}
RESULT: {"using":"xpath","value":"//button[@data-kt=\"PickingTableConfirmAllButton\"]"}
COMMAND: POST /session/11c278e322621322209dbd84d797ae8b/element/f.1BBDEBF70A0905171D1AD33BCA73C599.d.A16B228817C02819E3A83037DC3F0094.e.17159/click - {}
RESULT: {}
COMMAND: GET /session/11c278e322621322209dbd84d797ae8b/screenshot - {}
RESULT: {}
COMMAND: POST /session/11c278e322621322209dbd84d797ae8b/element - {"using":"xpath","value":"//bdi[contains(text(), \"OK\")]"}
RESULT: {"using":"xpath","value":"//bdi[contains(text(), \"OK\")]"}
COMMAND: POST /session/11c278e322621322209dbd84d797ae8b/element/f.1BBDEBF70A0905171D1AD33BCA73C599.d.A16B228817C02819E3A83037DC3F0094.e.17161/click - {}
RESULT: {}
COMMAND: GET /session/11c278e322621322209dbd84d797ae8b/screenshot - {}
RESULT: {}
COMMAND: POST /session/11c278e322621322209dbd84d797ae8b/element - {"using":"xpath","value":"(//bdi[contains(text(), \"Receive\")])[2]"}
RESULT: {"using":"xpath","value":"(//bdi[contains(text(), \"Receive\")])[2]"}
COMMAND: POST /session/11c278e322621322209dbd84d797ae8b/element/f.1BBDEBF70A0905171D1AD33BCA73C599.d.A16B228817C02819E3A83037DC3F0094.e.17163/click - {}
RESULT: {}
COMMAND: GET /session/11c278e322621322209dbd84d797ae8b/screenshot - {}
RESULT: {}
COMMAND: POST /session/11c278e322621322209dbd84d797ae8b/element - {"using":"css selector","value":"#shell-header-logo"}
RESULT: {"using":"css selector","value":"#shell-header-logo"}
COMMAND: POST /session/11c278e322621322209dbd84d797ae8b/element/f.1BBDEBF70A0905171D1AD33BCA73C599.d.A16B228817C02819E3A83037DC3F0094.e.16549/click - {}
RESULT: {}
COMMAND: GET /session/11c278e322621322209dbd84d797ae8b/screenshot - {}
RESULT: {}
]]></system-out>
    </testcase>
    <testcase classname="chrome.135_0_7049_96.windows.Create_Reverse_Billing_US127248" name="Should create a new contract" time="53.728">
      <system-out><![CDATA[
COMMAND: POST /session/11c278e322621322209dbd84d797ae8b/execute/async - {"script":"<script> [1562 bytes]","args":[{"selector":{"controlType":"sap.m.Text","viewName":"etm.portal.ui.managecontractstile.view.Master","properties":{"text":"Manage Contracts"},"interaction":{"idSuffix":"inner"}},"wdio_ui5_key":"etmportal.ui.managecontractstile.view.Mastersap.m.Text{\"text\":\"Manage Contracts\"}"}]}
RESULT: {"script":"<script> [1562 bytes]","args":[{"selector":{"controlType":"sap.m.Text","viewName":"etm.portal.ui.managecontractstile.view.Master","properties":{"text":"Manage Contracts"},"interaction":{"idSuffix":"inner"}},"wdio_ui5_key":"etmportal.ui.managecontractstile.view.Mastersap.m.Text{\"text\":\"Manage Contracts\"}"}]}
RESULT: undefined
COMMAND: POST /session/11c278e322621322209dbd84d797ae8b/element - {"using":"xpath","value":"//*[@id=\"__tile130-title\"]"}
RESULT: {"using":"xpath","value":"//*[@id=\"__tile130-title\"]"}
COMMAND: POST /session/11c278e322621322209dbd84d797ae8b/element/f.1BBDEBF70A0905171D1AD33BCA73C599.d.A16B228817C02819E3A83037DC3F0094.e.17337/click - {}
RESULT: {}
COMMAND: GET /session/11c278e322621322209dbd84d797ae8b/screenshot - {}
COMMAND: POST /session/11c278e322621322209dbd84d797ae8b/element - {"using":"xpath","value":"//button[@data-kt=\"addButton\"]"}
RESULT: {}
RESULT: {"using":"xpath","value":"//button[@data-kt=\"addButton\"]"}
COMMAND: POST /session/11c278e322621322209dbd84d797ae8b/elements - {"using":"xpath","value":"//button[@data-kt=\"addButton\"]"}
RESULT: {"using":"xpath","value":"//button[@data-kt=\"addButton\"]"}
COMMAND: POST /session/11c278e322621322209dbd84d797ae8b/execute/sync - {"script":"<script> [8489 bytes]","args":[{"element-6066-11e4-a52e-4f735466cecf":"f.1BBDEBF70A0905171D1AD33BCA73C599.d.A16B228817C02819E3A83037DC3F0094.e.17410","ELEMENT":"f.1BBDEBF70A0905171D1AD33BCA73C599.d.A16B228817C02819E3A83037DC3F0094.e.17410"}]}
RESULT: {"script":"<script> [8489 bytes]","args":[{"element-6066-11e4-a52e-4f735466cecf":"f.1BBDEBF70A0905171D1AD33BCA73C599.d.A16B228817C02819E3A83037DC3F0094.e.17410","ELEMENT":"f.1BBDEBF70A0905171D1AD33BCA73C599.d.A16B228817C02819E3A83037DC3F0094.e.17410"}]}
COMMAND: GET /session/11c278e322621322209dbd84d797ae8b/element/f.1BBDEBF70A0905171D1AD33BCA73C599.d.A16B228817C02819E3A83037DC3F0094.e.17410/enabled - {}
COMMAND: GET /session/11c278e322621322209dbd84d797ae8b/screenshot - {}
RESULT: {}
COMMAND: POST /session/11c278e322621322209dbd84d797ae8b/execute/sync - {"script":"<script> [8489 bytes]","args":[{"element-6066-11e4-a52e-4f735466cecf":"f.1BBDEBF70A0905171D1AD33BCA73C599.d.A16B228817C02819E3A83037DC3F0094.e.17410","ELEMENT":"f.1BBDEBF70A0905171D1AD33BCA73C599.d.A16B228817C02819E3A83037DC3F0094.e.17410"}]}
COMMAND: GET /session/11c278e322621322209dbd84d797ae8b/screenshot - {}
RESULT: {}
RESULT: {"script":"<script> [8489 bytes]","args":[{"element-6066-11e4-a52e-4f735466cecf":"f.1BBDEBF70A0905171D1AD33BCA73C599.d.A16B228817C02819E3A83037DC3F0094.e.17410","ELEMENT":"f.1BBDEBF70A0905171D1AD33BCA73C599.d.A16B228817C02819E3A83037DC3F0094.e.17410"}]}
COMMAND: POST /session/11c278e322621322209dbd84d797ae8b/execute/sync - {"script":"<script> [5351 bytes]","args":[{"element-6066-11e4-a52e-4f735466cecf":"f.1BBDEBF70A0905171D1AD33BCA73C599.d.A16B228817C02819E3A83037DC3F0094.e.17410","ELEMENT":"f.1BBDEBF70A0905171D1AD33BCA73C599.d.A16B228817C02819E3A83037DC3F0094.e.17410"}]}
COMMAND: GET /session/11c278e322621322209dbd84d797ae8b/screenshot - {}
RESULT: {}
RESULT: {"script":"<script> [5351 bytes]","args":[{"element-6066-11e4-a52e-4f735466cecf":"f.1BBDEBF70A0905171D1AD33BCA73C599.d.A16B228817C02819E3A83037DC3F0094.e.17410","ELEMENT":"f.1BBDEBF70A0905171D1AD33BCA73C599.d.A16B228817C02819E3A83037DC3F0094.e.17410"}]}
COMMAND: GET /session/11c278e322621322209dbd84d797ae8b/screenshot - {}
RESULT: {}
RESULT: {}
COMMAND: POST /session/11c278e322621322209dbd84d797ae8b/element/f.1BBDEBF70A0905171D1AD33BCA73C599.d.A16B228817C02819E3A83037DC3F0094.e.17410/click - {}
RESULT: {}
COMMAND: GET /session/11c278e322621322209dbd84d797ae8b/screenshot - {}
COMMAND: POST /session/11c278e322621322209dbd84d797ae8b/execute/async - {"script":"<script> [1562 bytes]","args":[{"selector":{"id":"application-managecontracts-display-component---AddNewContract--projectDescription","interaction":{"idSuffix":"inner"}},"wdio_ui5_key":"applicationmanagecontracts-display-component---AddNewContract--projectDescription"}]}
RESULT: {}
RESULT: {"script":"<script> [1562 bytes]","args":[{"selector":{"id":"application-managecontracts-display-component---AddNewContract--projectDescription","interaction":{"idSuffix":"inner"}},"wdio_ui5_key":"applicationmanagecontracts-display-component---AddNewContract--projectDescription"}]}
RESULT: undefined
COMMAND: POST /session/11c278e322621322209dbd84d797ae8b/execute/async - {"script":"<script> [776 bytes]","args":[{"enterText":"Contract WDIO","selector":{"id":"application-managecontracts-display-component---AddNewContract--projectDescription","interaction":{"idSuffix":"inner"}},"clearTextFirst":true,"interactionType":"ENTER_TEXT"}]}
RESULT: {"script":"<script> [776 bytes]","args":[{"enterText":"Contract WDIO","selector":{"id":"application-managecontracts-display-component---AddNewContract--projectDescription","interaction":{"idSuffix":"inner"}},"clearTextFirst":true,"interactionType":"ENTER_TEXT"}]}
COMMAND: POST /session/11c278e322621322209dbd84d797ae8b/element - {"using":"xpath","value":"//input[@id=\"application-managecontracts-display-component---AddNewContract--site-inner\"]"}
RESULT: {"using":"xpath","value":"//input[@id=\"application-managecontracts-display-component---AddNewContract--site-inner\"]"}
COMMAND: POST /session/11c278e322621322209dbd84d797ae8b/element/f.1BBDEBF70A0905171D1AD33BCA73C599.d.A16B228817C02819E3A83037DC3F0094.e.17703/clear - {}
RESULT: {}
COMMAND: POST /session/11c278e322621322209dbd84d797ae8b/element/f.1BBDEBF70A0905171D1AD33BCA73C599.d.A16B228817C02819E3A83037DC3F0094.e.17703/value - {"text":"2307"}
COMMAND: GET /session/11c278e322621322209dbd84d797ae8b/screenshot - {}
RESULT: {"text":"2307"}
COMMAND: GET /session/11c278e322621322209dbd84d797ae8b/screenshot - {}
RESULT: {}
RESULT: {}
COMMAND: POST /session/11c278e322621322209dbd84d797ae8b/element - {"using":"xpath","value":"//li[.//span[text()='2307']]"}
RESULT: {"using":"xpath","value":"//li[.//span[text()='2307']]"}
COMMAND: POST /session/11c278e322621322209dbd84d797ae8b/element/f.1BBDEBF70A0905171D1AD33BCA73C599.d.A16B228817C02819E3A83037DC3F0094.e.17727/click - {}
RESULT: {}
COMMAND: GET /session/11c278e322621322209dbd84d797ae8b/screenshot - {}
RESULT: {}
COMMAND: POST /session/11c278e322621322209dbd84d797ae8b/element - {"using":"xpath","value":"//input[@id=\"application-managecontracts-display-component---AddNewContract--yardId-inner\"]"}
RESULT: {"using":"xpath","value":"//input[@id=\"application-managecontracts-display-component---AddNewContract--yardId-inner\"]"}
COMMAND: GET /session/11c278e322621322209dbd84d797ae8b/element/f.1BBDEBF70A0905171D1AD33BCA73C599.d.A16B228817C02819E3A83037DC3F0094.e.17704/property/value - {}
RESULT: {}
COMMAND: POST /session/11c278e322621322209dbd84d797ae8b/element - {"using":"xpath","value":"//input[@id=\"application-managecontracts-display-component---AddNewContract--customerSelect-inner\"]"}
COMMAND: GET /session/11c278e322621322209dbd84d797ae8b/screenshot - {}
RESULT: {"using":"xpath","value":"//input[@id=\"application-managecontracts-display-component---AddNewContract--customerSelect-inner\"]"}
COMMAND: POST /session/11c278e322621322209dbd84d797ae8b/element/f.1BBDEBF70A0905171D1AD33BCA73C599.d.A16B228817C02819E3A83037DC3F0094.e.17702/clear - {}
RESULT: {}
RESULT: {}
COMMAND: POST /session/11c278e322621322209dbd84d797ae8b/element/f.1BBDEBF70A0905171D1AD33BCA73C599.d.A16B228817C02819E3A83037DC3F0094.e.17702/value - {"text":"1341"}
COMMAND: GET /session/11c278e322621322209dbd84d797ae8b/screenshot - {}
RESULT: {"text":"1341"}
COMMAND: GET /session/11c278e322621322209dbd84d797ae8b/screenshot - {}
RESULT: {}
RESULT: {}
COMMAND: POST /session/11c278e322621322209dbd84d797ae8b/element - {"using":"xpath","value":"//li[.//span[text()='1341']]"}
RESULT: {"using":"xpath","value":"//li[.//span[text()='1341']]"}
COMMAND: POST /session/11c278e322621322209dbd84d797ae8b/element/f.1BBDEBF70A0905171D1AD33BCA73C599.d.A16B228817C02819E3A83037DC3F0094.e.17730/click - {}
RESULT: {}
COMMAND: GET /session/11c278e322621322209dbd84d797ae8b/screenshot - {}
RESULT: {}
COMMAND: POST /session/11c278e322621322209dbd84d797ae8b/element - {"using":"xpath","value":"//button[@data-kt=\"saveButton\"]"}
RESULT: {"using":"xpath","value":"//button[@data-kt=\"saveButton\"]"}
COMMAND: POST /session/11c278e322621322209dbd84d797ae8b/element/f.1BBDEBF70A0905171D1AD33BCA73C599.d.A16B228817C02819E3A83037DC3F0094.e.17720/click - {}
RESULT: {}
COMMAND: GET /session/11c278e322621322209dbd84d797ae8b/screenshot - {}
RESULT: {}
COMMAND: POST /session/11c278e322621322209dbd84d797ae8b/element - {"using":"xpath","value":"//span[contains(@id ,\"contractDetailTitleNoExpanded\")]"}
RESULT: {"using":"xpath","value":"//span[contains(@id ,\"contractDetailTitleNoExpanded\")]"}
COMMAND: POST /session/11c278e322621322209dbd84d797ae8b/elements - {"using":"xpath","value":"//span[contains(@id ,\"contractDetailTitleNoExpanded\")]"}
RESULT: {"using":"xpath","value":"//span[contains(@id ,\"contractDetailTitleNoExpanded\")]"}
COMMAND: POST /session/11c278e322621322209dbd84d797ae8b/execute/sync - {"script":"<script> [56 bytes]","args":[{"element-6066-11e4-a52e-4f735466cecf":"f.1BBDEBF70A0905171D1AD33BCA73C599.d.A16B228817C02819E3A83037DC3F0094.e.17739","ELEMENT":"f.1BBDEBF70A0905171D1AD33BCA73C599.d.A16B228817C02819E3A83037DC3F0094.e.17739"}]}
RESULT: {"script":"<script> [56 bytes]","args":[{"element-6066-11e4-a52e-4f735466cecf":"f.1BBDEBF70A0905171D1AD33BCA73C599.d.A16B228817C02819E3A83037DC3F0094.e.17739","ELEMENT":"f.1BBDEBF70A0905171D1AD33BCA73C599.d.A16B228817C02819E3A83037DC3F0094.e.17739"}]}
COMMAND: GET /session/11c278e322621322209dbd84d797ae8b/screenshot - {}
RESULT: {}
]]></system-out>
    </testcase>
    <testcase classname="chrome.135_0_7049_96.windows.Create_Reverse_Billing_US127248" name="Should add equipment to the contract" time="45.443">
      <system-out><![CDATA[
COMMAND: POST /session/11c278e322621322209dbd84d797ae8b/element - {"using":"xpath","value":"//button[@data-kt=\"contractDetailEditBtnButton\"]"}
RESULT: {"using":"xpath","value":"//button[@data-kt=\"contractDetailEditBtnButton\"]"}
COMMAND: POST /session/11c278e322621322209dbd84d797ae8b/element/f.1BBDEBF70A0905171D1AD33BCA73C599.d.A16B228817C02819E3A83037DC3F0094.e.17742/click - {}
RESULT: {}
COMMAND: GET /session/11c278e322621322209dbd84d797ae8b/screenshot - {}
RESULT: {}
COMMAND: POST /session/11c278e322621322209dbd84d797ae8b/element - {"using":"xpath","value":"(//span[contains(text(), \"Additional Addresses\")])[2]"}
RESULT: {"using":"xpath","value":"(//span[contains(text(), \"Additional Addresses\")])[2]"}
COMMAND: POST /session/11c278e322621322209dbd84d797ae8b/element/f.1BBDEBF70A0905171D1AD33BCA73C599.d.A16B228817C02819E3A83037DC3F0094.e.17796/click - {}
RESULT: {}
COMMAND: GET /session/11c278e322621322209dbd84d797ae8b/screenshot - {}
RESULT: {}
COMMAND: POST /session/11c278e322621322209dbd84d797ae8b/element - {"using":"xpath","value":"//button[@data-kt=\"btnAddTableRowOverflowToolbarButton\"]"}
RESULT: {"using":"xpath","value":"//button[@data-kt=\"btnAddTableRowOverflowToolbarButton\"]"}
COMMAND: POST /session/11c278e322621322209dbd84d797ae8b/element/f.1BBDEBF70A0905171D1AD33BCA73C599.d.A16B228817C02819E3A83037DC3F0094.e.17800/click - {}
RESULT: {}
COMMAND: GET /session/11c278e322621322209dbd84d797ae8b/screenshot - {}
RESULT: {}
COMMAND: POST /session/11c278e322621322209dbd84d797ae8b/element - {"using":"xpath","value":"//div[(text() = 'Standard Entry' or . = 'Standard Entry')]"}
RESULT: {"using":"xpath","value":"//div[(text() = 'Standard Entry' or . = 'Standard Entry')]"}
COMMAND: POST /session/11c278e322621322209dbd84d797ae8b/element/f.1BBDEBF70A0905171D1AD33BCA73C599.d.A16B228817C02819E3A83037DC3F0094.e.17802/click - {}
RESULT: {}
COMMAND: GET /session/11c278e322621322209dbd84d797ae8b/screenshot - {}
RESULT: {}
COMMAND: POST /session/11c278e322621322209dbd84d797ae8b/element - {"using":"xpath","value":"//td[7]/div/div/input"}
RESULT: {"using":"xpath","value":"//td[7]/div/div/input"}
COMMAND: POST /session/11c278e322621322209dbd84d797ae8b/element/f.1BBDEBF70A0905171D1AD33BCA73C599.d.A16B228817C02819E3A83037DC3F0094.e.17811/clear - {}
RESULT: {}
COMMAND: POST /session/11c278e322621322209dbd84d797ae8b/element/f.1BBDEBF70A0905171D1AD33BCA73C599.d.A16B228817C02819E3A83037DC3F0094.e.17811/value - {"text":"KDPfDvemzP"}
COMMAND: GET /session/11c278e322621322209dbd84d797ae8b/screenshot - {}
RESULT: {"text":"KDPfDvemzP"}
COMMAND: GET /session/11c278e322621322209dbd84d797ae8b/screenshot - {}
RESULT: {}
RESULT: {}
COMMAND: POST /session/11c278e322621322209dbd84d797ae8b/actions - {"actions":[{"id":"action65","type":"key","parameters":{},"actions":[{"type":"keyDown","value":"î€‡"},{"type":"pause","duration":10},{"type":"keyUp","value":"î€‡"}]}]}
RESULT: {"actions":[{"id":"action65","type":"key","parameters":{},"actions":[{"type":"keyDown","value":"î€‡"},{"type":"pause","duration":10},{"type":"keyUp","value":"î€‡"}]}]}
COMMAND: GET /session/11c278e322621322209dbd84d797ae8b/screenshot - {}
RESULT: {}
COMMAND: POST /session/11c278e322621322209dbd84d797ae8b/execute/sync - {"script":"<script> [276 bytes]","args":["No pricing information was found"]}
RESULT: {"script":"<script> [276 bytes]","args":["No pricing information was found"]}
COMMAND: POST /session/11c278e322621322209dbd84d797ae8b/element - {"using":"xpath","value":"(//button[@data-kt=\"saveButton\"])[2]"}
COMMAND: GET /session/11c278e322621322209dbd84d797ae8b/screenshot - {}
RESULT: {"using":"xpath","value":"(//button[@data-kt=\"saveButton\"])[2]"}
COMMAND: POST /session/11c278e322621322209dbd84d797ae8b/element/f.1BBDEBF70A0905171D1AD33BCA73C599.d.A16B228817C02819E3A83037DC3F0094.e.17826/click - {}
RESULT: {}
RESULT: {}
COMMAND: GET /session/11c278e322621322209dbd84d797ae8b/screenshot - {}
RESULT: {}
COMMAND: POST /session/11c278e322621322209dbd84d797ae8b/execute/sync - {"script":"<script> [276 bytes]","args":["Some contract items are having rental validity exceeding header rental validity"]}
RESULT: {"script":"<script> [276 bytes]","args":["Some contract items are having rental validity exceeding header rental validity"]}
COMMAND: GET /session/11c278e322621322209dbd84d797ae8b/screenshot - {}
RESULT: {}
COMMAND: POST /session/11c278e322621322209dbd84d797ae8b/element - {"using":"xpath","value":"//span[contains(@id ,\"contractItemsSmartTable-header-inner\")]"}
RESULT: {"using":"xpath","value":"//span[contains(@id ,\"contractItemsSmartTable-header-inner\")]"}
COMMAND: POST /session/11c278e322621322209dbd84d797ae8b/elements - {"using":"xpath","value":"//span[contains(@id ,\"contractItemsSmartTable-header-inner\")]"}
RESULT: {"using":"xpath","value":"//span[contains(@id ,\"contractItemsSmartTable-header-inner\")]"}
COMMAND: POST /session/11c278e322621322209dbd84d797ae8b/execute/sync - {"script":"<script> [56 bytes]","args":[{"element-6066-11e4-a52e-4f735466cecf":"f.1BBDEBF70A0905171D1AD33BCA73C599.d.A16B228817C02819E3A83037DC3F0094.e.17832","ELEMENT":"f.1BBDEBF70A0905171D1AD33BCA73C599.d.A16B228817C02819E3A83037DC3F0094.e.17832"}]}
RESULT: {"script":"<script> [56 bytes]","args":[{"element-6066-11e4-a52e-4f735466cecf":"f.1BBDEBF70A0905171D1AD33BCA73C599.d.A16B228817C02819E3A83037DC3F0094.e.17832","ELEMENT":"f.1BBDEBF70A0905171D1AD33BCA73C599.d.A16B228817C02819E3A83037DC3F0094.e.17832"}]}
]]></system-out>
    </testcase>
    <testcase classname="chrome.135_0_7049_96.windows.Create_Reverse_Billing_US127248" name="Should do a provide to site handover" time="48.99">
      <system-out><![CDATA[
COMMAND: POST /session/11c278e322621322209dbd84d797ae8b/element - {"using":"xpath","value":"//button[@data-kt=\"provideButton\"]"}
COMMAND: GET /session/11c278e322621322209dbd84d797ae8b/screenshot - {}
RESULT: {"using":"xpath","value":"//button[@data-kt=\"provideButton\"]"}
COMMAND: POST /session/11c278e322621322209dbd84d797ae8b/element/f.1BBDEBF70A0905171D1AD33BCA73C599.d.A16B228817C02819E3A83037DC3F0094.e.17833/click - {}
RESULT: {}
RESULT: {}
COMMAND: GET /session/11c278e322621322209dbd84d797ae8b/screenshot - {}
RESULT: undefined
COMMAND: POST /session/11c278e322621322209dbd84d797ae8b/execute/async - {"script":"<script> [6424 bytes]","args":[{"element-6066-11e4-a52e-4f735466cecf":"f.1BBDEBF70A0905171D1AD33BCA73C599.d.A16B228817C02819E3A83037DC3F0094.e.16929"},"setValue",["04/30/2025"]]}
RESULT: {}
COMMAND: POST /session/11c278e322621322209dbd84d797ae8b/execute/async - {"script":"<script> [1562 bytes]","args":[{"selector":{"id":"application-managehandovers-display-component---AddNewHO--dueDate","interaction":{"idSuffix":"inner"}},"wdio_ui5_key":"applicationmanagehandovers-display-component---AddNewHO--dueDate"}]}
RESULT: {"script":"<script> [1562 bytes]","args":[{"selector":{"id":"application-managehandovers-display-component---AddNewHO--dueDate","interaction":{"idSuffix":"inner"}},"wdio_ui5_key":"applicationmanagehandovers-display-component---AddNewHO--dueDate"}]}
COMMAND: POST /session/11c278e322621322209dbd84d797ae8b/execute/async - {"script":"<script> [6424 bytes]","args":[{"element-6066-11e4-a52e-4f735466cecf":"f.1BBDEBF70A0905171D1AD33BCA73C599.d.A16B228817C02819E3A83037DC3F0094.e.17890"},"setValue",["04/30/2025"]]}
RESULT: {"script":"<script> [6424 bytes]","args":[{"element-6066-11e4-a52e-4f735466cecf":"f.1BBDEBF70A0905171D1AD33BCA73C599.d.A16B228817C02819E3A83037DC3F0094.e.17890"},"setValue",["04/30/2025"]]}
COMMAND: POST /session/11c278e322621322209dbd84d797ae8b/element - {"using":"xpath","value":"//bdi[contains(text(), \"Instructions\")]"}
RESULT: {"using":"xpath","value":"//bdi[contains(text(), \"Instructions\")]"}
COMMAND: POST /session/11c278e322621322209dbd84d797ae8b/element/f.1BBDEBF70A0905171D1AD33BCA73C599.d.A16B228817C02819E3A83037DC3F0094.e.18142/click - {}
RESULT: {}
COMMAND: GET /session/11c278e322621322209dbd84d797ae8b/screenshot - {}
RESULT: {}
COMMAND: POST /session/11c278e322621322209dbd84d797ae8b/element - {"using":"xpath","value":"//button[@data-kt=\"AddNewHOProvideAddItemsButton\"]"}
RESULT: {"using":"xpath","value":"//button[@data-kt=\"AddNewHOProvideAddItemsButton\"]"}
COMMAND: POST /session/11c278e322621322209dbd84d797ae8b/element/f.1BBDEBF70A0905171D1AD33BCA73C599.d.A16B228817C02819E3A83037DC3F0094.e.18146/click - {}
RESULT: {}
COMMAND: GET /session/11c278e322621322209dbd84d797ae8b/screenshot - {}
RESULT: {}
RESULT: undefined
COMMAND: POST /session/11c278e322621322209dbd84d797ae8b/element - {"using":"xpath","value":"//*[@id=\"application-managehandovers-display-component---AddNewHO--popup-sa\"]"}
RESULT: {"using":"xpath","value":"//*[@id=\"application-managehandovers-display-component---AddNewHO--popup-sa\"]"}
COMMAND: POST /session/11c278e322621322209dbd84d797ae8b/element/f.1BBDEBF70A0905171D1AD33BCA73C599.d.A16B228817C02819E3A83037DC3F0094.e.18161/click - {}
RESULT: {}
COMMAND: GET /session/11c278e322621322209dbd84d797ae8b/screenshot - {}
RESULT: {}
COMMAND: POST /session/11c278e322621322209dbd84d797ae8b/element - {"using":"xpath","value":"//*[contains(@id ,\"BDI-content\")][contains(text(), \"Select\")]"}
RESULT: {"using":"xpath","value":"//*[contains(@id ,\"BDI-content\")][contains(text(), \"Select\")]"}
COMMAND: POST /session/11c278e322621322209dbd84d797ae8b/element/f.1BBDEBF70A0905171D1AD33BCA73C599.d.A16B228817C02819E3A83037DC3F0094.e.18163/click - {}
RESULT: {}
COMMAND: GET /session/11c278e322621322209dbd84d797ae8b/screenshot - {}
RESULT: {}
COMMAND: POST /session/11c278e322621322209dbd84d797ae8b/execute/async - {"script":"<script> [1562 bytes]","args":[{"selector":{"id":"application-managehandovers-display-component---AddNewHO--confirmCreationButton","interaction":{"idSuffix":"BDI-content"}},"wdio_ui5_key":"applicationmanagehandovers-display-component---AddNewHO--confirmCreationButton"}]}
RESULT: {"script":"<script> [1562 bytes]","args":[{"selector":{"id":"application-managehandovers-display-component---AddNewHO--confirmCreationButton","interaction":{"idSuffix":"BDI-content"}},"wdio_ui5_key":"applicationmanagehandovers-display-component---AddNewHO--confirmCreationButton"}]}
RESULT: undefined
COMMAND: POST /session/11c278e322621322209dbd84d797ae8b/element - {"using":"xpath","value":"//*[@id=\"application-managehandovers-display-component---AddNewHO--confirmCreationButton\"]"}
RESULT: {"using":"xpath","value":"//*[@id=\"application-managehandovers-display-component---AddNewHO--confirmCreationButton\"]"}
COMMAND: POST /session/11c278e322621322209dbd84d797ae8b/element/f.1BBDEBF70A0905171D1AD33BCA73C599.d.A16B228817C02819E3A83037DC3F0094.e.17970/click - {}
RESULT: {}
COMMAND: GET /session/11c278e322621322209dbd84d797ae8b/screenshot - {}
RESULT: {}
COMMAND: POST /session/11c278e322621322209dbd84d797ae8b/element - {"using":"xpath","value":"//button[@data-kt=\"PickingTableConfirmAllButton\"]"}
RESULT: {"using":"xpath","value":"//button[@data-kt=\"PickingTableConfirmAllButton\"]"}
COMMAND: POST /session/11c278e322621322209dbd84d797ae8b/element/f.1BBDEBF70A0905171D1AD33BCA73C599.d.A16B228817C02819E3A83037DC3F0094.e.18200/click - {}
COMMAND: POST /session/11c278e322621322209dbd84d797ae8b/element - {"using":"xpath","value":"//button[@data-kt=\"PickingTableConfirmAllButton\"]"}
RESULT: {"using":"xpath","value":"//button[@data-kt=\"PickingTableConfirmAllButton\"]"}
COMMAND: POST /session/11c278e322621322209dbd84d797ae8b/element/f.1BBDEBF70A0905171D1AD33BCA73C599.d.A16B228817C02819E3A83037DC3F0094.e.18200/click - {}
COMMAND: POST /session/11c278e322621322209dbd84d797ae8b/element - {"using":"xpath","value":"//button[@data-kt=\"PickingTableConfirmAllButton\"]"}
RESULT: {"using":"xpath","value":"//button[@data-kt=\"PickingTableConfirmAllButton\"]"}
COMMAND: POST /session/11c278e322621322209dbd84d797ae8b/element/f.1BBDEBF70A0905171D1AD33BCA73C599.d.A16B228817C02819E3A83037DC3F0094.e.18222/click - {}
RESULT: {}
COMMAND: GET /session/11c278e322621322209dbd84d797ae8b/screenshot - {}
RESULT: {}
COMMAND: POST /session/11c278e322621322209dbd84d797ae8b/element - {"using":"xpath","value":"//bdi[contains(text(), \"OK\")]"}
RESULT: {"using":"xpath","value":"//bdi[contains(text(), \"OK\")]"}
COMMAND: POST /session/11c278e322621322209dbd84d797ae8b/element/f.1BBDEBF70A0905171D1AD33BCA73C599.d.A16B228817C02819E3A83037DC3F0094.e.18225/click - {}
RESULT: {}
COMMAND: GET /session/11c278e322621322209dbd84d797ae8b/screenshot - {}
RESULT: {}
COMMAND: POST /session/11c278e322621322209dbd84d797ae8b/element - {"using":"xpath","value":"//bdi[contains(text(), \"Issue\")]"}
RESULT: {"using":"xpath","value":"//bdi[contains(text(), \"Issue\")]"}
COMMAND: POST /session/11c278e322621322209dbd84d797ae8b/element/f.1BBDEBF70A0905171D1AD33BCA73C599.d.A16B228817C02819E3A83037DC3F0094.e.18227/click - {}
RESULT: {}
COMMAND: GET /session/11c278e322621322209dbd84d797ae8b/screenshot - {}
RESULT: {}
COMMAND: POST /session/11c278e322621322209dbd84d797ae8b/element - {"using":"css selector","value":"#shell-header-logo"}
RESULT: {"using":"css selector","value":"#shell-header-logo"}
COMMAND: POST /session/11c278e322621322209dbd84d797ae8b/element/f.1BBDEBF70A0905171D1AD33BCA73C599.d.A16B228817C02819E3A83037DC3F0094.e.17340/click - {}
RESULT: {}
COMMAND: GET /session/11c278e322621322209dbd84d797ae8b/screenshot - {}
RESULT: {}
]]></system-out>
    </testcase>
    <testcase classname="chrome.135_0_7049_96.windows.Create_Reverse_Billing_US127248" name="Should go navigate to Manage Billings and trigger contract calculation check result" time="56.965">
      <system-out><![CDATA[
COMMAND: POST /session/11c278e322621322209dbd84d797ae8b/execute/async - {"script":"<script> [1562 bytes]","args":[{"selector":{"controlType":"sap.m.GenericTile","properties":{"header":"Manage Billings"}},"wdio_ui5_key":"sapm.GenericTile{\"header\":\"Manage Billings\"}"}]}
RESULT: {"script":"<script> [1562 bytes]","args":[{"selector":{"controlType":"sap.m.GenericTile","properties":{"header":"Manage Billings"}},"wdio_ui5_key":"sapm.GenericTile{\"header\":\"Manage Billings\"}"}]}
RESULT: undefined
COMMAND: POST /session/11c278e322621322209dbd84d797ae8b/element - {"using":"xpath","value":"//*[@id=\"__tile51\"]"}
RESULT: {"using":"xpath","value":"//*[@id=\"__tile51\"]"}
COMMAND: POST /session/11c278e322621322209dbd84d797ae8b/element/f.1BBDEBF70A0905171D1AD33BCA73C599.d.A16B228817C02819E3A83037DC3F0094.e.15380/click - {}
RESULT: {}
COMMAND: GET /session/11c278e322621322209dbd84d797ae8b/screenshot - {}
COMMAND: POST /session/11c278e322621322209dbd84d797ae8b/execute/async - {"script":"<script> [1562 bytes]","args":[{"selector":{"id":"application-managebillings-display-component---billRunCalcResult--smartFilterBar-btnBasicSearch","interaction":{"idSuffix":"I"}},"wdio_ui5_key":"applicationmanagebillings-display-component---billRunCalcResult--smartFilterBar-btnBasicSearch"}]}
RESULT: {}
RESULT: {"script":"<script> [1562 bytes]","args":[{"selector":{"id":"application-managebillings-display-component---billRunCalcResult--smartFilterBar-btnBasicSearch","interaction":{"idSuffix":"I"}},"wdio_ui5_key":"applicationmanagebillings-display-component---billRunCalcResult--smartFilterBar-btnBasicSearch"}]}
RESULT: undefined
COMMAND: POST /session/11c278e322621322209dbd84d797ae8b/execute/async - {"script":"<script> [776 bytes]","args":[{"enterText":"10423","selector":{"id":"application-managebillings-display-component---billRunCalcResult--smartFilterBar-btnBasicSearch","interaction":{"idSuffix":"I"}},"clearTextFirst":true,"interactionType":"ENTER_TEXT"}]}
RESULT: {"script":"<script> [776 bytes]","args":[{"enterText":"10423","selector":{"id":"application-managebillings-display-component---billRunCalcResult--smartFilterBar-btnBasicSearch","interaction":{"idSuffix":"I"}},"clearTextFirst":true,"interactionType":"ENTER_TEXT"}]}
COMMAND: POST /session/11c278e322621322209dbd84d797ae8b/actions - {"actions":[{"id":"action66","type":"key","parameters":{},"actions":[{"type":"keyDown","value":"î€‡"},{"type":"pause","duration":10},{"type":"keyUp","value":"î€‡"}]}]}
RESULT: {"actions":[{"id":"action66","type":"key","parameters":{},"actions":[{"type":"keyDown","value":"î€‡"},{"type":"pause","duration":10},{"type":"keyUp","value":"î€‡"}]}]}
COMMAND: GET /session/11c278e322621322209dbd84d797ae8b/screenshot - {}
RESULT: {}
COMMAND: POST /session/11c278e322621322209dbd84d797ae8b/element - {"using":"xpath","value":"//td[@aria-colindex=\"1\"]/div/div[contains(@class, \"sapMCbBg\")]"}
RESULT: {"using":"xpath","value":"//td[@aria-colindex=\"1\"]/div/div[contains(@class, \"sapMCbBg\")]"}
COMMAND: POST /session/11c278e322621322209dbd84d797ae8b/element/f.1BBDEBF70A0905171D1AD33BCA73C599.d.A16B228817C02819E3A83037DC3F0094.e.18613/click - {}
RESULT: {}
COMMAND: GET /session/11c278e322621322209dbd84d797ae8b/screenshot - {}
RESULT: {}
COMMAND: POST /session/11c278e322621322209dbd84d797ae8b/execute/async - {"script":"<script> [1562 bytes]","args":[{"selector":{"id":"application-managebillings-display-component---billRunCalcResult--contractBillRunDate","interaction":{"idSuffix":"inner"}},"wdio_ui5_key":"applicationmanagebillings-display-component---billRunCalcResult--contractBillRunDate"}]}
RESULT: {"script":"<script> [1562 bytes]","args":[{"selector":{"id":"application-managebillings-display-component---billRunCalcResult--contractBillRunDate","interaction":{"idSuffix":"inner"}},"wdio_ui5_key":"applicationmanagebillings-display-component---billRunCalcResult--contractBillRunDate"}]}
RESULT: undefined
COMMAND: POST /session/11c278e322621322209dbd84d797ae8b/execute/async - {"script":"<script> [776 bytes]","args":[{"enterText":"05/30/25","selector":{"id":"application-managebillings-display-component---billRunCalcResult--contractBillRunDate","interaction":{"idSuffix":"inner"}},"clearTextFirst":true,"interactionType":"ENTER_TEXT"}]}
RESULT: {"script":"<script> [776 bytes]","args":[{"enterText":"05/30/25","selector":{"id":"application-managebillings-display-component---billRunCalcResult--contractBillRunDate","interaction":{"idSuffix":"inner"}},"clearTextFirst":true,"interactionType":"ENTER_TEXT"}]}
COMMAND: POST /session/11c278e322621322209dbd84d797ae8b/element - {"using":"xpath","value":"//bdi[contains(text(), \"Trigger Calculation\")]"}
RESULT: {"using":"xpath","value":"//bdi[contains(text(), \"Trigger Calculation\")]"}
COMMAND: POST /session/11c278e322621322209dbd84d797ae8b/element/f.1BBDEBF70A0905171D1AD33BCA73C599.d.A16B228817C02819E3A83037DC3F0094.e.18664/click - {}
RESULT: {}
COMMAND: GET /session/11c278e322621322209dbd84d797ae8b/screenshot - {}
RESULT: {}
COMMAND: POST /session/11c278e322621322209dbd84d797ae8b/element - {"using":"xpath","value":"(//span[contains(@id, \"imgNav\")])[1]"}
RESULT: {"using":"xpath","value":"(//span[contains(@id, \"imgNav\")])[1]"}
COMMAND: POST /session/11c278e322621322209dbd84d797ae8b/element/f.1BBDEBF70A0905171D1AD33BCA73C599.d.A16B228817C02819E3A83037DC3F0094.e.18614/click - {}
RESULT: {}
COMMAND: GET /session/11c278e322621322209dbd84d797ae8b/screenshot - {}
RESULT: {}
COMMAND: POST /session/11c278e322621322209dbd84d797ae8b/element - {"using":"xpath","value":"//tr/td[6]/div[1]/span[1]/span[1]"}
RESULT: {"using":"xpath","value":"//tr/td[6]/div[1]/span[1]/span[1]"}
COMMAND: GET /session/11c278e322621322209dbd84d797ae8b/element/f.1BBDEBF70A0905171D1AD33BCA73C599.d.A16B228817C02819E3A83037DC3F0094.e.18669/text - {}
RESULT: {}
COMMAND: POST /session/11c278e322621322209dbd84d797ae8b/element - {"using":"xpath","value":"(//span[contains(@id, \"imgNav\")])[2]"}
RESULT: {"using":"xpath","value":"(//span[contains(@id, \"imgNav\")])[2]"}
COMMAND: POST /session/11c278e322621322209dbd84d797ae8b/element/f.1BBDEBF70A0905171D1AD33BCA73C599.d.A16B228817C02819E3A83037DC3F0094.e.18670/click - {}
RESULT: {}
COMMAND: POST /session/11c278e322621322209dbd84d797ae8b/element - {"using":"xpath","value":"//bdi[contains(text(), \"Business Confirm\")]"}
COMMAND: GET /session/11c278e322621322209dbd84d797ae8b/screenshot - {}
RESULT: {"using":"xpath","value":"//bdi[contains(text(), \"Business Confirm\")]"}
COMMAND: POST /session/11c278e322621322209dbd84d797ae8b/elements - {"using":"xpath","value":"//bdi[contains(text(), \"Business Confirm\")]"}
RESULT: {}
RESULT: {"using":"xpath","value":"//bdi[contains(text(), \"Business Confirm\")]"}
COMMAND: POST /session/11c278e322621322209dbd84d797ae8b/element - {"using":"xpath","value":"//bdi[contains(text(), \"Business Confirm\")]"}
RESULT: {"using":"xpath","value":"//bdi[contains(text(), \"Business Confirm\")]"}
COMMAND: POST /session/11c278e322621322209dbd84d797ae8b/element/f.1BBDEBF70A0905171D1AD33BCA73C599.d.A16B228817C02819E3A83037DC3F0094.e.18706/click - {}
RESULT: {}
COMMAND: POST /session/11c278e322621322209dbd84d797ae8b/element - {"using":"css selector","value":"#shell-header-logo"}
COMMAND: GET /session/11c278e322621322209dbd84d797ae8b/screenshot - {}
RESULT: {"using":"css selector","value":"#shell-header-logo"}
COMMAND: POST /session/11c278e322621322209dbd84d797ae8b/element/f.1BBDEBF70A0905171D1AD33BCA73C599.d.A16B228817C02819E3A83037DC3F0094.e.18405/click - {}
RESULT: {}
RESULT: {}
COMMAND: GET /session/11c278e322621322209dbd84d797ae8b/screenshot - {}
RESULT: {}
]]></system-out>
    </testcase>
    <testcase classname="chrome.135_0_7049_96.windows.Create_Reverse_Billing_US127248" name="Should go into Billing Transfer and reverse the billing" time="42.317">
      <system-out><![CDATA[
COMMAND: POST /session/11c278e322621322209dbd84d797ae8b/execute/async - {"script":"<script> [1562 bytes]","args":[{"selector":{"controlType":"sap.m.GenericTile","properties":{"header":"Billing Transfer"}},"wdio_ui5_key":"sapm.GenericTile{\"header\":\"Billing Transfer\"}"}]}
RESULT: {"script":"<script> [1562 bytes]","args":[{"selector":{"controlType":"sap.m.GenericTile","properties":{"header":"Billing Transfer"}},"wdio_ui5_key":"sapm.GenericTile{\"header\":\"Billing Transfer\"}"}]}
RESULT: undefined
COMMAND: POST /session/11c278e322621322209dbd84d797ae8b/element - {"using":"xpath","value":"//*[@id=\"__tile50\"]"}
RESULT: {"using":"xpath","value":"//*[@id=\"__tile50\"]"}
COMMAND: POST /session/11c278e322621322209dbd84d797ae8b/element/f.1BBDEBF70A0905171D1AD33BCA73C599.d.A16B228817C02819E3A83037DC3F0094.e.15378/click - {}
RESULT: {}
COMMAND: POST /session/11c278e322621322209dbd84d797ae8b/element - {"using":"xpath","value":"//input[contains(@id ,\"application-billingtransfer-display-component---billingWorkbench--smartFilterBar-btnBasicSearch\")]"}
COMMAND: GET /session/11c278e322621322209dbd84d797ae8b/screenshot - {}
RESULT: {"using":"xpath","value":"//input[contains(@id ,\"application-billingtransfer-display-component---billingWorkbench--smartFilterBar-btnBasicSearch\")]"}
COMMAND: POST /session/11c278e322621322209dbd84d797ae8b/elements - {"using":"xpath","value":"//input[contains(@id ,\"application-billingtransfer-display-component---billingWorkbench--smartFilterBar-btnBasicSearch\")]"}
RESULT: {}
RESULT: {"using":"xpath","value":"//input[contains(@id ,\"application-billingtransfer-display-component---billingWorkbench--smartFilterBar-btnBasicSearch\")]"}
COMMAND: POST /session/11c278e322621322209dbd84d797ae8b/element - {"using":"xpath","value":"//input[contains(@id ,\"application-billingtransfer-display-component---billingWorkbench--smartFilterBar-btnBasicSearch\")]"}
RESULT: {"using":"xpath","value":"//input[contains(@id ,\"application-billingtransfer-display-component---billingWorkbench--smartFilterBar-btnBasicSearch\")]"}
COMMAND: POST /session/11c278e322621322209dbd84d797ae8b/execute/sync - {"script":"<script> [8489 bytes]","args":[{"element-6066-11e4-a52e-4f735466cecf":"f.1BBDEBF70A0905171D1AD33BCA73C599.d.A16B228817C02819E3A83037DC3F0094.e.18734","ELEMENT":"f.1BBDEBF70A0905171D1AD33BCA73C599.d.A16B228817C02819E3A83037DC3F0094.e.18734"}]}
RESULT: {"script":"<script> [8489 bytes]","args":[{"element-6066-11e4-a52e-4f735466cecf":"f.1BBDEBF70A0905171D1AD33BCA73C599.d.A16B228817C02819E3A83037DC3F0094.e.18734","ELEMENT":"f.1BBDEBF70A0905171D1AD33BCA73C599.d.A16B228817C02819E3A83037DC3F0094.e.18734"}]}
COMMAND: GET /session/11c278e322621322209dbd84d797ae8b/element/f.1BBDEBF70A0905171D1AD33BCA73C599.d.A16B228817C02819E3A83037DC3F0094.e.18734/enabled - {}
COMMAND: GET /session/11c278e322621322209dbd84d797ae8b/screenshot - {}
RESULT: {}
COMMAND: POST /session/11c278e322621322209dbd84d797ae8b/element/f.1BBDEBF70A0905171D1AD33BCA73C599.d.A16B228817C02819E3A83037DC3F0094.e.18734/click - {}
COMMAND: GET /session/11c278e322621322209dbd84d797ae8b/screenshot - {}
RESULT: {}
RESULT: {}
COMMAND: GET /session/11c278e322621322209dbd84d797ae8b/screenshot - {}
RESULT: {}
RESULT: {}
COMMAND: POST /session/11c278e322621322209dbd84d797ae8b/element/f.1BBDEBF70A0905171D1AD33BCA73C599.d.A16B228817C02819E3A83037DC3F0094.e.18734/clear - {}
RESULT: {}
COMMAND: POST /session/11c278e322621322209dbd84d797ae8b/element/f.1BBDEBF70A0905171D1AD33BCA73C599.d.A16B228817C02819E3A83037DC3F0094.e.18734/value - {"text":"10423"}
COMMAND: GET /session/11c278e322621322209dbd84d797ae8b/screenshot - {}
RESULT: {"text":"10423"}
COMMAND: POST /session/11c278e322621322209dbd84d797ae8b/actions - {"actions":[{"id":"action67","type":"key","parameters":{},"actions":[{"type":"keyDown","value":"î€‡"},{"type":"pause","duration":10},{"type":"keyUp","value":"î€‡"}]}]}
COMMAND: GET /session/11c278e322621322209dbd84d797ae8b/screenshot - {}
RESULT: {}
RESULT: {"actions":[{"id":"action67","type":"key","parameters":{},"actions":[{"type":"keyDown","value":"î€‡"},{"type":"pause","duration":10},{"type":"keyUp","value":"î€‡"}]}]}
COMMAND: GET /session/11c278e322621322209dbd84d797ae8b/screenshot - {}
RESULT: {}
RESULT: {}
COMMAND: POST /session/11c278e322621322209dbd84d797ae8b/element - {"using":"xpath","value":"//span[contains(@id ,\"application-billingtransfer-display-component---billingWorkbench--smartTableBillingRuns-header-inner\")]"}
RESULT: {"using":"xpath","value":"//span[contains(@id ,\"application-billingtransfer-display-component---billingWorkbench--smartTableBillingRuns-header-inner\")]"}
COMMAND: POST /session/11c278e322621322209dbd84d797ae8b/elements - {"using":"xpath","value":"//span[contains(@id ,\"application-billingtransfer-display-component---billingWorkbench--smartTableBillingRuns-header-inner\")]"}
RESULT: {"using":"xpath","value":"//span[contains(@id ,\"application-billingtransfer-display-component---billingWorkbench--smartTableBillingRuns-header-inner\")]"}
COMMAND: POST /session/11c278e322621322209dbd84d797ae8b/execute/sync - {"script":"<script> [56 bytes]","args":[{"element-6066-11e4-a52e-4f735466cecf":"f.1BBDEBF70A0905171D1AD33BCA73C599.d.A16B228817C02819E3A83037DC3F0094.e.18899","ELEMENT":"f.1BBDEBF70A0905171D1AD33BCA73C599.d.A16B228817C02819E3A83037DC3F0094.e.18899"}]}
RESULT: {"script":"<script> [56 bytes]","args":[{"element-6066-11e4-a52e-4f735466cecf":"f.1BBDEBF70A0905171D1AD33BCA73C599.d.A16B228817C02819E3A83037DC3F0094.e.18899","ELEMENT":"f.1BBDEBF70A0905171D1AD33BCA73C599.d.A16B228817C02819E3A83037DC3F0094.e.18899"}]}
COMMAND: POST /session/11c278e322621322209dbd84d797ae8b/element - {"using":"xpath","value":"//td[@aria-colindex=\"1\"]/div/div[contains(@class, \"sapMCbBg\")]"}
COMMAND: GET /session/11c278e322621322209dbd84d797ae8b/screenshot - {}
RESULT: {"using":"xpath","value":"//td[@aria-colindex=\"1\"]/div/div[contains(@class, \"sapMCbBg\")]"}
COMMAND: POST /session/11c278e322621322209dbd84d797ae8b/element/f.1BBDEBF70A0905171D1AD33BCA73C599.d.A16B228817C02819E3A83037DC3F0094.e.18890/click - {}
RESULT: {}
RESULT: {}
COMMAND: GET /session/11c278e322621322209dbd84d797ae8b/screenshot - {}
RESULT: {}
COMMAND: POST /session/11c278e322621322209dbd84d797ae8b/element - {"using":"xpath","value":"//bdi[contains(text(), \"Reverse\")]"}
RESULT: {"using":"xpath","value":"//bdi[contains(text(), \"Reverse\")]"}
COMMAND: POST /session/11c278e322621322209dbd84d797ae8b/element/f.1BBDEBF70A0905171D1AD33BCA73C599.d.A16B228817C02819E3A83037DC3F0094.e.18900/click - {}
RESULT: {}
COMMAND: GET /session/11c278e322621322209dbd84d797ae8b/screenshot - {}
RESULT: {}
COMMAND: POST /session/11c278e322621322209dbd84d797ae8b/element - {"using":"xpath","value":"//input[contains(@id ,\"application-billingtransfer-display-component---billingWorkbench--smartFilterBar-btnBasicSearch\")]"}
RESULT: {"using":"xpath","value":"//input[contains(@id ,\"application-billingtransfer-display-component---billingWorkbench--smartFilterBar-btnBasicSearch\")]"}
COMMAND: POST /session/11c278e322621322209dbd84d797ae8b/elements - {"using":"xpath","value":"//input[contains(@id ,\"application-billingtransfer-display-component---billingWorkbench--smartFilterBar-btnBasicSearch\")]"}
RESULT: {"using":"xpath","value":"//input[contains(@id ,\"application-billingtransfer-display-component---billingWorkbench--smartFilterBar-btnBasicSearch\")]"}
COMMAND: POST /session/11c278e322621322209dbd84d797ae8b/execute/sync - {"script":"<script> [8489 bytes]","args":[{"element-6066-11e4-a52e-4f735466cecf":"f.1BBDEBF70A0905171D1AD33BCA73C599.d.A16B228817C02819E3A83037DC3F0094.e.18734","ELEMENT":"f.1BBDEBF70A0905171D1AD33BCA73C599.d.A16B228817C02819E3A83037DC3F0094.e.18734"}]}
RESULT: {"script":"<script> [8489 bytes]","args":[{"element-6066-11e4-a52e-4f735466cecf":"f.1BBDEBF70A0905171D1AD33BCA73C599.d.A16B228817C02819E3A83037DC3F0094.e.18734","ELEMENT":"f.1BBDEBF70A0905171D1AD33BCA73C599.d.A16B228817C02819E3A83037DC3F0094.e.18734"}]}
COMMAND: GET /session/11c278e322621322209dbd84d797ae8b/element/f.1BBDEBF70A0905171D1AD33BCA73C599.d.A16B228817C02819E3A83037DC3F0094.e.18734/enabled - {}
COMMAND: GET /session/11c278e322621322209dbd84d797ae8b/screenshot - {}
RESULT: {}
COMMAND: POST /session/11c278e322621322209dbd84d797ae8b/element/f.1BBDEBF70A0905171D1AD33BCA73C599.d.A16B228817C02819E3A83037DC3F0094.e.18734/click - {}
COMMAND: GET /session/11c278e322621322209dbd84d797ae8b/screenshot - {}
RESULT: {}
RESULT: {}
COMMAND: GET /session/11c278e322621322209dbd84d797ae8b/screenshot - {}
RESULT: {}
RESULT: {}
COMMAND: POST /session/11c278e322621322209dbd84d797ae8b/element/f.1BBDEBF70A0905171D1AD33BCA73C599.d.A16B228817C02819E3A83037DC3F0094.e.18734/clear - {}
RESULT: {}
COMMAND: POST /session/11c278e322621322209dbd84d797ae8b/element/f.1BBDEBF70A0905171D1AD33BCA73C599.d.A16B228817C02819E3A83037DC3F0094.e.18734/value - {"text":"10423"}
COMMAND: GET /session/11c278e322621322209dbd84d797ae8b/screenshot - {}
RESULT: {"text":"10423"}
COMMAND: POST /session/11c278e322621322209dbd84d797ae8b/actions - {"actions":[{"id":"action68","type":"key","parameters":{},"actions":[{"type":"keyDown","value":"î€‡"},{"type":"pause","duration":10},{"type":"keyUp","value":"î€‡"}]}]}
COMMAND: GET /session/11c278e322621322209dbd84d797ae8b/screenshot - {}
RESULT: {}
RESULT: {"actions":[{"id":"action68","type":"key","parameters":{},"actions":[{"type":"keyDown","value":"î€‡"},{"type":"pause","duration":10},{"type":"keyUp","value":"î€‡"}]}]}
COMMAND: GET /session/11c278e322621322209dbd84d797ae8b/screenshot - {}
RESULT: {}
RESULT: {}
COMMAND: POST /session/11c278e322621322209dbd84d797ae8b/element - {"using":"xpath","value":"//span[contains(@id ,\"application-billingtransfer-display-component---billingWorkbench--smartTableBillingRuns-header-inner\")]"}
RESULT: {"using":"xpath","value":"//span[contains(@id ,\"application-billingtransfer-display-component---billingWorkbench--smartTableBillingRuns-header-inner\")]"}
COMMAND: POST /session/11c278e322621322209dbd84d797ae8b/elements - {"using":"xpath","value":"//span[contains(@id ,\"application-billingtransfer-display-component---billingWorkbench--smartTableBillingRuns-header-inner\")]"}
RESULT: {"using":"xpath","value":"//span[contains(@id ,\"application-billingtransfer-display-component---billingWorkbench--smartTableBillingRuns-header-inner\")]"}
COMMAND: POST /session/11c278e322621322209dbd84d797ae8b/execute/sync - {"script":"<script> [56 bytes]","args":[{"element-6066-11e4-a52e-4f735466cecf":"f.1BBDEBF70A0905171D1AD33BCA73C599.d.A16B228817C02819E3A83037DC3F0094.e.18899","ELEMENT":"f.1BBDEBF70A0905171D1AD33BCA73C599.d.A16B228817C02819E3A83037DC3F0094.e.18899"}]}
RESULT: {"script":"<script> [56 bytes]","args":[{"element-6066-11e4-a52e-4f735466cecf":"f.1BBDEBF70A0905171D1AD33BCA73C599.d.A16B228817C02819E3A83037DC3F0094.e.18899","ELEMENT":"f.1BBDEBF70A0905171D1AD33BCA73C599.d.A16B228817C02819E3A83037DC3F0094.e.18899"}]}
COMMAND: POST /session/11c278e322621322209dbd84d797ae8b/element - {"using":"css selector","value":"#shell-header-logo"}
COMMAND: GET /session/11c278e322621322209dbd84d797ae8b/screenshot - {}
RESULT: {"using":"css selector","value":"#shell-header-logo"}
COMMAND: POST /session/11c278e322621322209dbd84d797ae8b/element/f.1BBDEBF70A0905171D1AD33BCA73C599.d.A16B228817C02819E3A83037DC3F0094.e.18732/click - {}
RESULT: {}
RESULT: {}
COMMAND: GET /session/11c278e322621322209dbd84d797ae8b/screenshot - {}
RESULT: {}
COMMAND: DELETE /session/11c278e322621322209dbd84d797ae8b - {}
RESULT: {}
]]></system-out>
    </testcase>
  </testsuite>
</testsuites>