<?xml version="1.0" encoding="UTF-8"?>
<testsuites tests="5" failures="0" errors="0" skipped="0">
  <testsuite timestamp="2025-04-12T17:28:09" time="429.094" tests="5" failures="0" errors="0" skipped="0">
    <properties>
      <property name="specId" value="0"/>
      <property name="suiteName" value="Partner specific tests US150819 US151080 US151654 US151176"/>
      <property name="capabilities" value="chrome.135_0_7049_42.windows"/>
      <property name="file" value="file:///D:/a/1/s/test/specs/BTS/manage-partners.spec.js"/>
    </properties>
    <testcase classname="chrome.135_0_7049_42.windows.Partner_specific_tests_US150819_US151080_US151654_US151176" name="Should create a new yard prerequisite" time="109.181">
      <system-out><![CDATA[
COMMAND: POST /session/a5b66c13a27a9e41cdce2979e8d5c27d/window/fullscreen - {}
RESULT: {}
COMMAND: POST /session/a5b66c13a27a9e41cdce2979e8d5c27d/execute/async - {"script":"<script> [1562 bytes]","args":[{"selector":{"controlType":"sap.m.GenericTile","properties":{"header":"Manage Yards"}},"wdio_ui5_key":"sapm.GenericTile{\"header\":\"Manage Yards\"}"}]}
RESULT: {"script":"<script> [1562 bytes]","args":[{"selector":{"controlType":"sap.m.GenericTile","properties":{"header":"Manage Yards"}},"wdio_ui5_key":"sapm.GenericTile{\"header\":\"Manage Yards\"}"}]}
RESULT: undefined
COMMAND: POST /session/a5b66c13a27a9e41cdce2979e8d5c27d/element - {"using":"xpath","value":"//*[@id=\"__tile41\"]"}
RESULT: {"using":"xpath","value":"//*[@id=\"__tile41\"]"}
COMMAND: POST /session/a5b66c13a27a9e41cdce2979e8d5c27d/element/f.17D56A192CD4E7C0015A92528EE77794.d.0D63393C03B116A2DD29010CCA4E1EFF.e.144/click - {}
RESULT: {}
COMMAND: POST /session/a5b66c13a27a9e41cdce2979e8d5c27d/element - {"using":"xpath","value":"//button[@data-kt=\"addNewYardOverflowToolbarButton\"]"}
COMMAND: GET /session/a5b66c13a27a9e41cdce2979e8d5c27d/screenshot - {}
RESULT: {"using":"xpath","value":"//button[@data-kt=\"addNewYardOverflowToolbarButton\"]"}
COMMAND: POST /session/a5b66c13a27a9e41cdce2979e8d5c27d/elements - {"using":"xpath","value":"//button[@data-kt=\"addNewYardOverflowToolbarButton\"]"}
RESULT: {}
RESULT: {"using":"xpath","value":"//button[@data-kt=\"addNewYardOverflowToolbarButton\"]"}
COMMAND: POST /session/a5b66c13a27a9e41cdce2979e8d5c27d/elements - {"using":"xpath","value":"//button[@data-kt=\"addNewYardOverflowToolbarButton\"]"}
RESULT: {"using":"xpath","value":"//button[@data-kt=\"addNewYardOverflowToolbarButton\"]"}
COMMAND: POST /session/a5b66c13a27a9e41cdce2979e8d5c27d/elements - {"using":"xpath","value":"//button[@data-kt=\"addNewYardOverflowToolbarButton\"]"}
RESULT: {"using":"xpath","value":"//button[@data-kt=\"addNewYardOverflowToolbarButton\"]"}
COMMAND: POST /session/a5b66c13a27a9e41cdce2979e8d5c27d/elements - {"using":"xpath","value":"//button[@data-kt=\"addNewYardOverflowToolbarButton\"]"}
RESULT: {"using":"xpath","value":"//button[@data-kt=\"addNewYardOverflowToolbarButton\"]"}
COMMAND: POST /session/a5b66c13a27a9e41cdce2979e8d5c27d/elements - {"using":"xpath","value":"//button[@data-kt=\"addNewYardOverflowToolbarButton\"]"}
RESULT: {"using":"xpath","value":"//button[@data-kt=\"addNewYardOverflowToolbarButton\"]"}
COMMAND: POST /session/a5b66c13a27a9e41cdce2979e8d5c27d/elements - {"using":"xpath","value":"//button[@data-kt=\"addNewYardOverflowToolbarButton\"]"}
RESULT: {"using":"xpath","value":"//button[@data-kt=\"addNewYardOverflowToolbarButton\"]"}
COMMAND: POST /session/a5b66c13a27a9e41cdce2979e8d5c27d/elements - {"using":"xpath","value":"//button[@data-kt=\"addNewYardOverflowToolbarButton\"]"}
RESULT: {"using":"xpath","value":"//button[@data-kt=\"addNewYardOverflowToolbarButton\"]"}
COMMAND: POST /session/a5b66c13a27a9e41cdce2979e8d5c27d/elements - {"using":"xpath","value":"//button[@data-kt=\"addNewYardOverflowToolbarButton\"]"}
RESULT: {"using":"xpath","value":"//button[@data-kt=\"addNewYardOverflowToolbarButton\"]"}
COMMAND: POST /session/a5b66c13a27a9e41cdce2979e8d5c27d/elements - {"using":"xpath","value":"//button[@data-kt=\"addNewYardOverflowToolbarButton\"]"}
RESULT: {"using":"xpath","value":"//button[@data-kt=\"addNewYardOverflowToolbarButton\"]"}
COMMAND: POST /session/a5b66c13a27a9e41cdce2979e8d5c27d/elements - {"using":"xpath","value":"//button[@data-kt=\"addNewYardOverflowToolbarButton\"]"}
RESULT: {"using":"xpath","value":"//button[@data-kt=\"addNewYardOverflowToolbarButton\"]"}
COMMAND: POST /session/a5b66c13a27a9e41cdce2979e8d5c27d/elements - {"using":"xpath","value":"//button[@data-kt=\"addNewYardOverflowToolbarButton\"]"}
RESULT: {"using":"xpath","value":"//button[@data-kt=\"addNewYardOverflowToolbarButton\"]"}
COMMAND: POST /session/a5b66c13a27a9e41cdce2979e8d5c27d/elements - {"using":"xpath","value":"//button[@data-kt=\"addNewYardOverflowToolbarButton\"]"}
RESULT: {"using":"xpath","value":"//button[@data-kt=\"addNewYardOverflowToolbarButton\"]"}
COMMAND: POST /session/a5b66c13a27a9e41cdce2979e8d5c27d/elements - {"using":"xpath","value":"//button[@data-kt=\"addNewYardOverflowToolbarButton\"]"}
RESULT: {"using":"xpath","value":"//button[@data-kt=\"addNewYardOverflowToolbarButton\"]"}
COMMAND: POST /session/a5b66c13a27a9e41cdce2979e8d5c27d/elements - {"using":"xpath","value":"//button[@data-kt=\"addNewYardOverflowToolbarButton\"]"}
RESULT: {"using":"xpath","value":"//button[@data-kt=\"addNewYardOverflowToolbarButton\"]"}
COMMAND: POST /session/a5b66c13a27a9e41cdce2979e8d5c27d/elements - {"using":"xpath","value":"//button[@data-kt=\"addNewYardOverflowToolbarButton\"]"}
RESULT: {"using":"xpath","value":"//button[@data-kt=\"addNewYardOverflowToolbarButton\"]"}
COMMAND: POST /session/a5b66c13a27a9e41cdce2979e8d5c27d/elements - {"using":"xpath","value":"//button[@data-kt=\"addNewYardOverflowToolbarButton\"]"}
RESULT: {"using":"xpath","value":"//button[@data-kt=\"addNewYardOverflowToolbarButton\"]"}
COMMAND: POST /session/a5b66c13a27a9e41cdce2979e8d5c27d/elements - {"using":"xpath","value":"//button[@data-kt=\"addNewYardOverflowToolbarButton\"]"}
RESULT: {"using":"xpath","value":"//button[@data-kt=\"addNewYardOverflowToolbarButton\"]"}
COMMAND: POST /session/a5b66c13a27a9e41cdce2979e8d5c27d/elements - {"using":"xpath","value":"//button[@data-kt=\"addNewYardOverflowToolbarButton\"]"}
RESULT: {"using":"xpath","value":"//button[@data-kt=\"addNewYardOverflowToolbarButton\"]"}
COMMAND: POST /session/a5b66c13a27a9e41cdce2979e8d5c27d/elements - {"using":"xpath","value":"//button[@data-kt=\"addNewYardOverflowToolbarButton\"]"}
RESULT: {"using":"xpath","value":"//button[@data-kt=\"addNewYardOverflowToolbarButton\"]"}
COMMAND: POST /session/a5b66c13a27a9e41cdce2979e8d5c27d/elements - {"using":"xpath","value":"//button[@data-kt=\"addNewYardOverflowToolbarButton\"]"}
RESULT: {"using":"xpath","value":"//button[@data-kt=\"addNewYardOverflowToolbarButton\"]"}
COMMAND: POST /session/a5b66c13a27a9e41cdce2979e8d5c27d/element - {"using":"xpath","value":"//button[@data-kt=\"addNewYardOverflowToolbarButton\"]"}
RESULT: {"using":"xpath","value":"//button[@data-kt=\"addNewYardOverflowToolbarButton\"]"}
COMMAND: POST /session/a5b66c13a27a9e41cdce2979e8d5c27d/execute/sync - {"script":"<script> [8489 bytes]","args":[{"element-6066-11e4-a52e-4f735466cecf":"f.17D56A192CD4E7C0015A92528EE77794.d.0D63393C03B116A2DD29010CCA4E1EFF.e.190","ELEMENT":"f.17D56A192CD4E7C0015A92528EE77794.d.0D63393C03B116A2DD29010CCA4E1EFF.e.190"}]}
RESULT: {"script":"<script> [8489 bytes]","args":[{"element-6066-11e4-a52e-4f735466cecf":"f.17D56A192CD4E7C0015A92528EE77794.d.0D63393C03B116A2DD29010CCA4E1EFF.e.190","ELEMENT":"f.17D56A192CD4E7C0015A92528EE77794.d.0D63393C03B116A2DD29010CCA4E1EFF.e.190"}]}
COMMAND: GET /session/a5b66c13a27a9e41cdce2979e8d5c27d/element/f.17D56A192CD4E7C0015A92528EE77794.d.0D63393C03B116A2DD29010CCA4E1EFF.e.190/enabled - {}
COMMAND: GET /session/a5b66c13a27a9e41cdce2979e8d5c27d/screenshot - {}
RESULT: {}
COMMAND: POST /session/a5b66c13a27a9e41cdce2979e8d5c27d/execute/sync - {"script":"<script> [8489 bytes]","args":[{"element-6066-11e4-a52e-4f735466cecf":"f.17D56A192CD4E7C0015A92528EE77794.d.0D63393C03B116A2DD29010CCA4E1EFF.e.190","ELEMENT":"f.17D56A192CD4E7C0015A92528EE77794.d.0D63393C03B116A2DD29010CCA4E1EFF.e.190"}]}
COMMAND: GET /session/a5b66c13a27a9e41cdce2979e8d5c27d/screenshot - {}
RESULT: {}
RESULT: {"script":"<script> [8489 bytes]","args":[{"element-6066-11e4-a52e-4f735466cecf":"f.17D56A192CD4E7C0015A92528EE77794.d.0D63393C03B116A2DD29010CCA4E1EFF.e.190","ELEMENT":"f.17D56A192CD4E7C0015A92528EE77794.d.0D63393C03B116A2DD29010CCA4E1EFF.e.190"}]}
COMMAND: POST /session/a5b66c13a27a9e41cdce2979e8d5c27d/execute/sync - {"script":"<script> [5351 bytes]","args":[{"element-6066-11e4-a52e-4f735466cecf":"f.17D56A192CD4E7C0015A92528EE77794.d.0D63393C03B116A2DD29010CCA4E1EFF.e.190","ELEMENT":"f.17D56A192CD4E7C0015A92528EE77794.d.0D63393C03B116A2DD29010CCA4E1EFF.e.190"}]}
COMMAND: GET /session/a5b66c13a27a9e41cdce2979e8d5c27d/screenshot - {}
RESULT: {}
RESULT: {"script":"<script> [5351 bytes]","args":[{"element-6066-11e4-a52e-4f735466cecf":"f.17D56A192CD4E7C0015A92528EE77794.d.0D63393C03B116A2DD29010CCA4E1EFF.e.190","ELEMENT":"f.17D56A192CD4E7C0015A92528EE77794.d.0D63393C03B116A2DD29010CCA4E1EFF.e.190"}]}
COMMAND: POST /session/a5b66c13a27a9e41cdce2979e8d5c27d/element/f.17D56A192CD4E7C0015A92528EE77794.d.0D63393C03B116A2DD29010CCA4E1EFF.e.190/click - {}
COMMAND: GET /session/a5b66c13a27a9e41cdce2979e8d5c27d/screenshot - {}
RESULT: {}
RESULT: {}
COMMAND: GET /session/a5b66c13a27a9e41cdce2979e8d5c27d/screenshot - {}
COMMAND: POST /session/a5b66c13a27a9e41cdce2979e8d5c27d/element - {"using":"xpath","value":"//input[@id=\"application-manageyards-display-component---NewYard--yardId-inner\"]"}
RESULT: {}
RESULT: {}
RESULT: {"using":"xpath","value":"//input[@id=\"application-manageyards-display-component---NewYard--yardId-inner\"]"}
COMMAND: POST /session/a5b66c13a27a9e41cdce2979e8d5c27d/element - {"using":"xpath","value":"//input[@id=\"application-manageyards-display-component---NewYard--yardId-inner\"]"}
RESULT: {"using":"xpath","value":"//input[@id=\"application-manageyards-display-component---NewYard--yardId-inner\"]"}
COMMAND: POST /session/a5b66c13a27a9e41cdce2979e8d5c27d/execute/async - {"script":"<script> [1562 bytes]","args":[{"selector":{"id":"application-manageyards-display-component---NewYard--addressDetailDetailsName1","interaction":{"idSuffix":"inner"}},"wdio_ui5_key":"applicationmanageyards-display-component---NewYard--addressDetailDetailsName1"}]}
RESULT: {"script":"<script> [1562 bytes]","args":[{"selector":{"id":"application-manageyards-display-component---NewYard--addressDetailDetailsName1","interaction":{"idSuffix":"inner"}},"wdio_ui5_key":"applicationmanageyards-display-component---NewYard--addressDetailDetailsName1"}]}
RESULT: undefined
COMMAND: POST /session/a5b66c13a27a9e41cdce2979e8d5c27d/execute/async - {"script":"<script> [776 bytes]","args":[{"enterText":"Intracompany Yard wdIO","selector":{"id":"application-manageyards-display-component---NewYard--addressDetailDetailsName1","interaction":{"idSuffix":"inner"}},"clearTextFirst":true,"interactionType":"ENTER_TEXT"}]}
RESULT: {"script":"<script> [776 bytes]","args":[{"enterText":"Intracompany Yard wdIO","selector":{"id":"application-manageyards-display-component---NewYard--addressDetailDetailsName1","interaction":{"idSuffix":"inner"}},"clearTextFirst":true,"interactionType":"ENTER_TEXT"}]}
COMMAND: POST /session/a5b66c13a27a9e41cdce2979e8d5c27d/execute/async - {"script":"<script> [1562 bytes]","args":[{"selector":{"id":"application-manageyards-display-component---NewYard--addressDetailDetailsLanguage-arrow"},"wdio_ui5_key":"applicationmanageyards-display-component---NewYard--addressDetailDetailsLanguage-arrow"}]}
RESULT: {"script":"<script> [1562 bytes]","args":[{"selector":{"id":"application-manageyards-display-component---NewYard--addressDetailDetailsLanguage-arrow"},"wdio_ui5_key":"applicationmanageyards-display-component---NewYard--addressDetailDetailsLanguage-arrow"}]}
RESULT: undefined
COMMAND: POST /session/a5b66c13a27a9e41cdce2979e8d5c27d/element - {"using":"xpath","value":"//*[@id=\"application-manageyards-display-component---NewYard--addressDetailDetailsLanguage-arrow\"]"}
RESULT: {"using":"xpath","value":"//*[@id=\"application-manageyards-display-component---NewYard--addressDetailDetailsLanguage-arrow\"]"}
COMMAND: POST /session/a5b66c13a27a9e41cdce2979e8d5c27d/element/f.17D56A192CD4E7C0015A92528EE77794.d.0D63393C03B116A2DD29010CCA4E1EFF.e.610/click - {}
RESULT: {}
COMMAND: POST /session/a5b66c13a27a9e41cdce2979e8d5c27d/element - {"using":"xpath","value":"//span[contains(text(), \"English\")]"}
COMMAND: GET /session/a5b66c13a27a9e41cdce2979e8d5c27d/screenshot - {}
RESULT: {"using":"xpath","value":"//span[contains(text(), \"English\")]"}
COMMAND: POST /session/a5b66c13a27a9e41cdce2979e8d5c27d/element/f.17D56A192CD4E7C0015A92528EE77794.d.0D63393C03B116A2DD29010CCA4E1EFF.e.611/click - {}
RESULT: {}
RESULT: {}
COMMAND: POST /session/a5b66c13a27a9e41cdce2979e8d5c27d/execute/async - {"script":"<script> [1562 bytes]","args":[{"selector":{"id":"application-manageyards-display-component---NewYard--addressDetailDetailsCity1","interaction":{"idSuffix":"inner"}},"wdio_ui5_key":"applicationmanageyards-display-component---NewYard--addressDetailDetailsCity1"}]}
COMMAND: GET /session/a5b66c13a27a9e41cdce2979e8d5c27d/screenshot - {}
RESULT: {"script":"<script> [1562 bytes]","args":[{"selector":{"id":"application-manageyards-display-component---NewYard--addressDetailDetailsCity1","interaction":{"idSuffix":"inner"}},"wdio_ui5_key":"applicationmanageyards-display-component---NewYard--addressDetailDetailsCity1"}]}
RESULT: undefined
COMMAND: POST /session/a5b66c13a27a9e41cdce2979e8d5c27d/execute/async - {"script":"<script> [776 bytes]","args":[{"enterText":"Rosario","selector":{"id":"application-manageyards-display-component---NewYard--addressDetailDetailsCity1","interaction":{"idSuffix":"inner"}},"clearTextFirst":true,"interactionType":"ENTER_TEXT"}]}
RESULT: {}
RESULT: {"script":"<script> [776 bytes]","args":[{"enterText":"Rosario","selector":{"id":"application-manageyards-display-component---NewYard--addressDetailDetailsCity1","interaction":{"idSuffix":"inner"}},"clearTextFirst":true,"interactionType":"ENTER_TEXT"}]}
COMMAND: POST /session/a5b66c13a27a9e41cdce2979e8d5c27d/execute/async - {"script":"<script> [1562 bytes]","args":[{"selector":{"id":"application-manageyards-display-component---NewYard--addressDetailDetailsCountry-arrow"},"wdio_ui5_key":"applicationmanageyards-display-component---NewYard--addressDetailDetailsCountry-arrow"}]}
RESULT: {"script":"<script> [1562 bytes]","args":[{"selector":{"id":"application-manageyards-display-component---NewYard--addressDetailDetailsCountry-arrow"},"wdio_ui5_key":"applicationmanageyards-display-component---NewYard--addressDetailDetailsCountry-arrow"}]}
RESULT: undefined
COMMAND: POST /session/a5b66c13a27a9e41cdce2979e8d5c27d/element - {"using":"xpath","value":"//*[@id=\"application-manageyards-display-component---NewYard--addressDetailDetailsCountry-arrow\"]"}
RESULT: {"using":"xpath","value":"//*[@id=\"application-manageyards-display-component---NewYard--addressDetailDetailsCountry-arrow\"]"}
COMMAND: POST /session/a5b66c13a27a9e41cdce2979e8d5c27d/element/f.17D56A192CD4E7C0015A92528EE77794.d.0D63393C03B116A2DD29010CCA4E1EFF.e.613/click - {}
RESULT: {}
COMMAND: POST /session/a5b66c13a27a9e41cdce2979e8d5c27d/element - {"using":"xpath","value":"//span[contains(text(), \"Argentina\")]"}
COMMAND: GET /session/a5b66c13a27a9e41cdce2979e8d5c27d/screenshot - {}
RESULT: {"using":"xpath","value":"//span[contains(text(), \"Argentina\")]"}
COMMAND: POST /session/a5b66c13a27a9e41cdce2979e8d5c27d/element/f.17D56A192CD4E7C0015A92528EE77794.d.0D63393C03B116A2DD29010CCA4E1EFF.e.614/click - {}
RESULT: {}
RESULT: {}
COMMAND: POST /session/a5b66c13a27a9e41cdce2979e8d5c27d/execute/async - {"script":"<script> [1562 bytes]","args":[{"selector":{"id":"application-manageyards-display-component---NewYard--addressEditDetailsCostObjectCstType-arrow"},"wdio_ui5_key":"applicationmanageyards-display-component---NewYard--addressEditDetailsCostObjectCstType-arrow"}]}
COMMAND: GET /session/a5b66c13a27a9e41cdce2979e8d5c27d/screenshot - {}
RESULT: {"script":"<script> [1562 bytes]","args":[{"selector":{"id":"application-manageyards-display-component---NewYard--addressEditDetailsCostObjectCstType-arrow"},"wdio_ui5_key":"applicationmanageyards-display-component---NewYard--addressEditDetailsCostObjectCstType-arrow"}]}
RESULT: undefined
COMMAND: POST /session/a5b66c13a27a9e41cdce2979e8d5c27d/element - {"using":"xpath","value":"//*[@id=\"application-manageyards-display-component---NewYard--addressEditDetailsCostObjectCstType-arrow\"]"}
RESULT: {}
RESULT: {"using":"xpath","value":"//*[@id=\"application-manageyards-display-component---NewYard--addressEditDetailsCostObjectCstType-arrow\"]"}
COMMAND: POST /session/a5b66c13a27a9e41cdce2979e8d5c27d/element/f.17D56A192CD4E7C0015A92528EE77794.d.0D63393C03B116A2DD29010CCA4E1EFF.e.616/click - {}
RESULT: {}
COMMAND: POST /session/a5b66c13a27a9e41cdce2979e8d5c27d/element - {"using":"xpath","value":"//span[contains(text(), \"Cost Center\")]"}
COMMAND: GET /session/a5b66c13a27a9e41cdce2979e8d5c27d/screenshot - {}
RESULT: {"using":"xpath","value":"//span[contains(text(), \"Cost Center\")]"}
COMMAND: POST /session/a5b66c13a27a9e41cdce2979e8d5c27d/element/f.17D56A192CD4E7C0015A92528EE77794.d.0D63393C03B116A2DD29010CCA4E1EFF.e.617/click - {}
RESULT: {}
RESULT: {}
COMMAND: GET /session/a5b66c13a27a9e41cdce2979e8d5c27d/screenshot - {}
RESULT: {}
COMMAND: POST /session/a5b66c13a27a9e41cdce2979e8d5c27d/element - {"using":"xpath","value":"//span[@id=\"application-manageyards-display-component---NewYard--addressNewCostObjectCstID-vhi\"]"}
RESULT: {"using":"xpath","value":"//span[@id=\"application-manageyards-display-component---NewYard--addressNewCostObjectCstID-vhi\"]"}
COMMAND: POST /session/a5b66c13a27a9e41cdce2979e8d5c27d/execute/sync - {"script":"<script> [8489 bytes]","args":[{"element-6066-11e4-a52e-4f735466cecf":"f.17D56A192CD4E7C0015A92528EE77794.d.0D63393C03B116A2DD29010CCA4E1EFF.e.620","ELEMENT":"f.17D56A192CD4E7C0015A92528EE77794.d.0D63393C03B116A2DD29010CCA4E1EFF.e.620"}]}
RESULT: {"script":"<script> [8489 bytes]","args":[{"element-6066-11e4-a52e-4f735466cecf":"f.17D56A192CD4E7C0015A92528EE77794.d.0D63393C03B116A2DD29010CCA4E1EFF.e.620","ELEMENT":"f.17D56A192CD4E7C0015A92528EE77794.d.0D63393C03B116A2DD29010CCA4E1EFF.e.620"}]}
COMMAND: POST /session/a5b66c13a27a9e41cdce2979e8d5c27d/execute/async - {"script":"<script> [1562 bytes]","args":[{"selector":{"id":"application-manageyards-display-component---NewYard--addressNewCostObjectCstID-vhi"},"wdio_ui5_key":"applicationmanageyards-display-component---NewYard--addressNewCostObjectCstID-vhi"}]}
COMMAND: GET /session/a5b66c13a27a9e41cdce2979e8d5c27d/screenshot - {}
RESULT: {"script":"<script> [1562 bytes]","args":[{"selector":{"id":"application-manageyards-display-component---NewYard--addressNewCostObjectCstID-vhi"},"wdio_ui5_key":"applicationmanageyards-display-component---NewYard--addressNewCostObjectCstID-vhi"}]}
RESULT: undefined
COMMAND: POST /session/a5b66c13a27a9e41cdce2979e8d5c27d/element - {"using":"xpath","value":"//*[@id=\"application-manageyards-display-component---NewYard--addressNewCostObjectCstID-vhi\"]"}
RESULT: {}
RESULT: {"using":"xpath","value":"//*[@id=\"application-manageyards-display-component---NewYard--addressNewCostObjectCstID-vhi\"]"}
COMMAND: POST /session/a5b66c13a27a9e41cdce2979e8d5c27d/element/f.17D56A192CD4E7C0015A92528EE77794.d.0D63393C03B116A2DD29010CCA4E1EFF.e.620/click - {}
RESULT: {}
COMMAND: GET /session/a5b66c13a27a9e41cdce2979e8d5c27d/screenshot - {}
RESULT: {}
COMMAND: POST /session/a5b66c13a27a9e41cdce2979e8d5c27d/execute/async - {"script":"<script> [1562 bytes]","args":[{"selector":{"controlType":"sap.m.SearchField","properties":{"placeholder":"Search"},"searchOpenDialogs":true,"interaction":{"idSuffix":"I"}},"wdio_ui5_key":"sapm.SearchField{\"placeholder\":\"Search\"}"}]}
RESULT: {"script":"<script> [1562 bytes]","args":[{"selector":{"controlType":"sap.m.SearchField","properties":{"placeholder":"Search"},"searchOpenDialogs":true,"interaction":{"idSuffix":"I"}},"wdio_ui5_key":"sapm.SearchField{\"placeholder\":\"Search\"}"}]}
RESULT: undefined
COMMAND: POST /session/a5b66c13a27a9e41cdce2979e8d5c27d/execute/async - {"script":"<script> [776 bytes]","args":[{"enterText":"10001013","selector":{"controlType":"sap.m.SearchField","properties":{"placeholder":"Search"},"searchOpenDialogs":true,"interaction":{"idSuffix":"I"}},"clearTextFirst":true,"interactionType":"ENTER_TEXT"}]}
RESULT: {"script":"<script> [776 bytes]","args":[{"enterText":"10001013","selector":{"controlType":"sap.m.SearchField","properties":{"placeholder":"Search"},"searchOpenDialogs":true,"interaction":{"idSuffix":"I"}},"clearTextFirst":true,"interactionType":"ENTER_TEXT"}]}
COMMAND: POST /session/a5b66c13a27a9e41cdce2979e8d5c27d/actions - {"actions":[{"id":"action1","type":"key","parameters":{},"actions":[{"type":"keyDown","value":""},{"type":"pause","duration":10},{"type":"keyUp","value":""}]}]}
RESULT: {"actions":[{"id":"action1","type":"key","parameters":{},"actions":[{"type":"keyDown","value":""},{"type":"pause","duration":10},{"type":"keyUp","value":""}]}]}
COMMAND: GET /session/a5b66c13a27a9e41cdce2979e8d5c27d/screenshot - {}
RESULT: {}
COMMAND: POST /session/a5b66c13a27a9e41cdce2979e8d5c27d/element - {"using":"xpath","value":"//span[contains(text(), \"General Management\")]"}
RESULT: {"using":"xpath","value":"//span[contains(text(), \"General Management\")]"}
COMMAND: POST /session/a5b66c13a27a9e41cdce2979e8d5c27d/element/f.17D56A192CD4E7C0015A92528EE77794.d.0D63393C03B116A2DD29010CCA4E1EFF.e.661/click - {}
RESULT: {}
COMMAND: GET /session/a5b66c13a27a9e41cdce2979e8d5c27d/screenshot - {}
RESULT: {}
COMMAND: POST /session/a5b66c13a27a9e41cdce2979e8d5c27d/element - {"using":"xpath","value":"//bdi[contains(text(), \"OK\")]"}
RESULT: {"using":"xpath","value":"//bdi[contains(text(), \"OK\")]"}
COMMAND: POST /session/a5b66c13a27a9e41cdce2979e8d5c27d/element/f.17D56A192CD4E7C0015A92528EE77794.d.0D63393C03B116A2DD29010CCA4E1EFF.e.662/click - {}
RESULT: {}
COMMAND: GET /session/a5b66c13a27a9e41cdce2979e8d5c27d/screenshot - {}
RESULT: {}
COMMAND: POST /session/a5b66c13a27a9e41cdce2979e8d5c27d/execute/async - {"script":"<script> [1562 bytes]","args":[{"selector":{"id":"application-manageyards-display-component---NewYard--addressEditDetailsCurrency-arrow"},"wdio_ui5_key":"applicationmanageyards-display-component---NewYard--addressEditDetailsCurrency-arrow"}]}
RESULT: {"script":"<script> [1562 bytes]","args":[{"selector":{"id":"application-manageyards-display-component---NewYard--addressEditDetailsCurrency-arrow"},"wdio_ui5_key":"applicationmanageyards-display-component---NewYard--addressEditDetailsCurrency-arrow"}]}
RESULT: undefined
COMMAND: POST /session/a5b66c13a27a9e41cdce2979e8d5c27d/element - {"using":"xpath","value":"//*[@id=\"application-manageyards-display-component---NewYard--addressEditDetailsCurrency-arrow\"]"}
RESULT: {"using":"xpath","value":"//*[@id=\"application-manageyards-display-component---NewYard--addressEditDetailsCurrency-arrow\"]"}
COMMAND: POST /session/a5b66c13a27a9e41cdce2979e8d5c27d/element/f.17D56A192CD4E7C0015A92528EE77794.d.0D63393C03B116A2DD29010CCA4E1EFF.e.665/click - {}
RESULT: {}
COMMAND: POST /session/a5b66c13a27a9e41cdce2979e8d5c27d/element - {"using":"xpath","value":"//span[contains(text(), \"Euro\")]"}
COMMAND: GET /session/a5b66c13a27a9e41cdce2979e8d5c27d/screenshot - {}
RESULT: {"using":"xpath","value":"//span[contains(text(), \"Euro\")]"}
COMMAND: POST /session/a5b66c13a27a9e41cdce2979e8d5c27d/element/f.17D56A192CD4E7C0015A92528EE77794.d.0D63393C03B116A2DD29010CCA4E1EFF.e.666/click - {}
RESULT: {}
RESULT: {}
COMMAND: POST /session/a5b66c13a27a9e41cdce2979e8d5c27d/execute/async - {"script":"<script> [1562 bytes]","args":[{"selector":{"controlType":"sap.m.Input","viewName":"etm.portal.ui.manageyards.view.New","viewId":"application-manageyards-display-component---NewYard","bindingPath":{"path":"","propertyPath":"/CONTROLLING_AREA","modelName":"NewYardModel"},"interaction":{"idSuffix":"inner"}},"wdio_ui5_key":"etmportal.ui.manageyards.view.Newsap.m.Input{\"path\":\"\",\"propertyPath\":\"/CONTROLLING_AREA\",\"modelName\":\"NewYardModel\"}"}]}
COMMAND: GET /session/a5b66c13a27a9e41cdce2979e8d5c27d/screenshot - {}
RESULT: {"script":"<script> [1562 bytes]","args":[{"selector":{"controlType":"sap.m.Input","viewName":"etm.portal.ui.manageyards.view.New","viewId":"application-manageyards-display-component---NewYard","bindingPath":{"path":"","propertyPath":"/CONTROLLING_AREA","modelName":"NewYardModel"},"interaction":{"idSuffix":"inner"}},"wdio_ui5_key":"etmportal.ui.manageyards.view.Newsap.m.Input{\"path\":\"\",\"propertyPath\":\"/CONTROLLING_AREA\",\"modelName\":\"NewYardModel\"}"}]}
RESULT: undefined
COMMAND: POST /session/a5b66c13a27a9e41cdce2979e8d5c27d/execute/async - {"script":"<script> [776 bytes]","args":[{"enterText":"Z001","selector":{"controlType":"sap.m.Input","viewName":"etm.portal.ui.manageyards.view.New","viewId":"application-manageyards-display-component---NewYard","bindingPath":{"path":"","propertyPath":"/CONTROLLING_AREA","modelName":"NewYardModel"},"interaction":{"idSuffix":"inner"}},"clearTextFirst":true,"interactionType":"ENTER_TEXT"}]}
RESULT: {}
RESULT: {"script":"<script> [776 bytes]","args":[{"enterText":"Z001","selector":{"controlType":"sap.m.Input","viewName":"etm.portal.ui.manageyards.view.New","viewId":"application-manageyards-display-component---NewYard","bindingPath":{"path":"","propertyPath":"/CONTROLLING_AREA","modelName":"NewYardModel"},"interaction":{"idSuffix":"inner"}},"clearTextFirst":true,"interactionType":"ENTER_TEXT"}]}
COMMAND: POST /session/a5b66c13a27a9e41cdce2979e8d5c27d/execute/async - {"script":"<script> [1562 bytes]","args":[{"selector":{"id":"application-manageyards-display-component---NewYard--companyCodeComboBox","interaction":{"idSuffix":"inner"}},"wdio_ui5_key":"applicationmanageyards-display-component---NewYard--companyCodeComboBox"}]}
RESULT: {"script":"<script> [1562 bytes]","args":[{"selector":{"id":"application-manageyards-display-component---NewYard--companyCodeComboBox","interaction":{"idSuffix":"inner"}},"wdio_ui5_key":"applicationmanageyards-display-component---NewYard--companyCodeComboBox"}]}
RESULT: undefined
COMMAND: POST /session/a5b66c13a27a9e41cdce2979e8d5c27d/execute/async - {"script":"<script> [776 bytes]","args":[{"enterText":"1000","selector":{"id":"application-manageyards-display-component---NewYard--companyCodeComboBox","interaction":{"idSuffix":"inner"}},"clearTextFirst":true,"interactionType":"ENTER_TEXT"}]}
RESULT: {"script":"<script> [776 bytes]","args":[{"enterText":"1000","selector":{"id":"application-manageyards-display-component---NewYard--companyCodeComboBox","interaction":{"idSuffix":"inner"}},"clearTextFirst":true,"interactionType":"ENTER_TEXT"}]}
COMMAND: POST /session/a5b66c13a27a9e41cdce2979e8d5c27d/execute/async - {"script":"<script> [1562 bytes]","args":[{"selector":{"controlType":"sap.m.Input","viewName":"etm.portal.ui.manageyards.view.New","viewId":"application-manageyards-display-component---NewYard","bindingPath":{"path":"","propertyPath":"/PLANT","modelName":"NewYardModel"},"interaction":{"idSuffix":"inner"}},"wdio_ui5_key":"etmportal.ui.manageyards.view.Newsap.m.Input{\"path\":\"\",\"propertyPath\":\"/PLANT\",\"modelName\":\"NewYardModel\"}"}]}
RESULT: {"script":"<script> [1562 bytes]","args":[{"selector":{"controlType":"sap.m.Input","viewName":"etm.portal.ui.manageyards.view.New","viewId":"application-manageyards-display-component---NewYard","bindingPath":{"path":"","propertyPath":"/PLANT","modelName":"NewYardModel"},"interaction":{"idSuffix":"inner"}},"wdio_ui5_key":"etmportal.ui.manageyards.view.Newsap.m.Input{\"path\":\"\",\"propertyPath\":\"/PLANT\",\"modelName\":\"NewYardModel\"}"}]}
RESULT: undefined
COMMAND: POST /session/a5b66c13a27a9e41cdce2979e8d5c27d/execute/async - {"script":"<script> [776 bytes]","args":[{"enterText":"1001","selector":{"controlType":"sap.m.Input","viewName":"etm.portal.ui.manageyards.view.New","viewId":"application-manageyards-display-component---NewYard","bindingPath":{"path":"","propertyPath":"/PLANT","modelName":"NewYardModel"},"interaction":{"idSuffix":"inner"}},"clearTextFirst":true,"interactionType":"ENTER_TEXT"}]}
RESULT: {"script":"<script> [776 bytes]","args":[{"enterText":"1001","selector":{"controlType":"sap.m.Input","viewName":"etm.portal.ui.manageyards.view.New","viewId":"application-manageyards-display-component---NewYard","bindingPath":{"path":"","propertyPath":"/PLANT","modelName":"NewYardModel"},"interaction":{"idSuffix":"inner"}},"clearTextFirst":true,"interactionType":"ENTER_TEXT"}]}
COMMAND: POST /session/a5b66c13a27a9e41cdce2979e8d5c27d/execute/async - {"script":"<script> [1562 bytes]","args":[{"selector":{"controlType":"sap.m.Input","viewName":"etm.portal.ui.manageyards.view.New","viewId":"application-manageyards-display-component---NewYard","bindingPath":{"path":"","propertyPath":"/SALES_AREA_VKORG","modelName":"NewYardModel"},"interaction":{"idSuffix":"inner"}},"wdio_ui5_key":"etmportal.ui.manageyards.view.Newsap.m.Input{\"path\":\"\",\"propertyPath\":\"/SALES_AREA_VKORG\",\"modelName\":\"NewYardModel\"}"}]}
RESULT: {"script":"<script> [1562 bytes]","args":[{"selector":{"controlType":"sap.m.Input","viewName":"etm.portal.ui.manageyards.view.New","viewId":"application-manageyards-display-component---NewYard","bindingPath":{"path":"","propertyPath":"/SALES_AREA_VKORG","modelName":"NewYardModel"},"interaction":{"idSuffix":"inner"}},"wdio_ui5_key":"etmportal.ui.manageyards.view.Newsap.m.Input{\"path\":\"\",\"propertyPath\":\"/SALES_AREA_VKORG\",\"modelName\":\"NewYardModel\"}"}]}
RESULT: undefined
COMMAND: POST /session/a5b66c13a27a9e41cdce2979e8d5c27d/execute/async - {"script":"<script> [776 bytes]","args":[{"enterText":"C002","selector":{"controlType":"sap.m.Input","viewName":"etm.portal.ui.manageyards.view.New","viewId":"application-manageyards-display-component---NewYard","bindingPath":{"path":"","propertyPath":"/SALES_AREA_VKORG","modelName":"NewYardModel"},"interaction":{"idSuffix":"inner"}},"clearTextFirst":true,"interactionType":"ENTER_TEXT"}]}
RESULT: {"script":"<script> [776 bytes]","args":[{"enterText":"C002","selector":{"controlType":"sap.m.Input","viewName":"etm.portal.ui.manageyards.view.New","viewId":"application-manageyards-display-component---NewYard","bindingPath":{"path":"","propertyPath":"/SALES_AREA_VKORG","modelName":"NewYardModel"},"interaction":{"idSuffix":"inner"}},"clearTextFirst":true,"interactionType":"ENTER_TEXT"}]}
COMMAND: POST /session/a5b66c13a27a9e41cdce2979e8d5c27d/execute/async - {"script":"<script> [1562 bytes]","args":[{"selector":{"controlType":"sap.m.Input","viewName":"etm.portal.ui.manageyards.view.New","viewId":"application-manageyards-display-component---NewYard","bindingPath":{"path":"","propertyPath":"/SALES_AREA_VTWEG","modelName":"NewYardModel"},"interaction":{"idSuffix":"inner"}},"wdio_ui5_key":"etmportal.ui.manageyards.view.Newsap.m.Input{\"path\":\"\",\"propertyPath\":\"/SALES_AREA_VTWEG\",\"modelName\":\"NewYardModel\"}"}]}
RESULT: {"script":"<script> [1562 bytes]","args":[{"selector":{"controlType":"sap.m.Input","viewName":"etm.portal.ui.manageyards.view.New","viewId":"application-manageyards-display-component---NewYard","bindingPath":{"path":"","propertyPath":"/SALES_AREA_VTWEG","modelName":"NewYardModel"},"interaction":{"idSuffix":"inner"}},"wdio_ui5_key":"etmportal.ui.manageyards.view.Newsap.m.Input{\"path\":\"\",\"propertyPath\":\"/SALES_AREA_VTWEG\",\"modelName\":\"NewYardModel\"}"}]}
RESULT: undefined
COMMAND: POST /session/a5b66c13a27a9e41cdce2979e8d5c27d/execute/async - {"script":"<script> [776 bytes]","args":[{"enterText":"C2","selector":{"controlType":"sap.m.Input","viewName":"etm.portal.ui.manageyards.view.New","viewId":"application-manageyards-display-component---NewYard","bindingPath":{"path":"","propertyPath":"/SALES_AREA_VTWEG","modelName":"NewYardModel"},"interaction":{"idSuffix":"inner"}},"clearTextFirst":true,"interactionType":"ENTER_TEXT"}]}
RESULT: {"script":"<script> [776 bytes]","args":[{"enterText":"C2","selector":{"controlType":"sap.m.Input","viewName":"etm.portal.ui.manageyards.view.New","viewId":"application-manageyards-display-component---NewYard","bindingPath":{"path":"","propertyPath":"/SALES_AREA_VTWEG","modelName":"NewYardModel"},"interaction":{"idSuffix":"inner"}},"clearTextFirst":true,"interactionType":"ENTER_TEXT"}]}
COMMAND: POST /session/a5b66c13a27a9e41cdce2979e8d5c27d/execute/async - {"script":"<script> [1562 bytes]","args":[{"selector":{"controlType":"sap.m.Input","viewName":"etm.portal.ui.manageyards.view.New","viewId":"application-manageyards-display-component---NewYard","bindingPath":{"path":"","propertyPath":"/SALES_AREA_SPART","modelName":"NewYardModel"},"interaction":{"idSuffix":"inner"}},"wdio_ui5_key":"etmportal.ui.manageyards.view.Newsap.m.Input{\"path\":\"\",\"propertyPath\":\"/SALES_AREA_SPART\",\"modelName\":\"NewYardModel\"}"}]}
RESULT: {"script":"<script> [1562 bytes]","args":[{"selector":{"controlType":"sap.m.Input","viewName":"etm.portal.ui.manageyards.view.New","viewId":"application-manageyards-display-component---NewYard","bindingPath":{"path":"","propertyPath":"/SALES_AREA_SPART","modelName":"NewYardModel"},"interaction":{"idSuffix":"inner"}},"wdio_ui5_key":"etmportal.ui.manageyards.view.Newsap.m.Input{\"path\":\"\",\"propertyPath\":\"/SALES_AREA_SPART\",\"modelName\":\"NewYardModel\"}"}]}
RESULT: undefined
COMMAND: POST /session/a5b66c13a27a9e41cdce2979e8d5c27d/execute/async - {"script":"<script> [776 bytes]","args":[{"enterText":"C2","selector":{"controlType":"sap.m.Input","viewName":"etm.portal.ui.manageyards.view.New","viewId":"application-manageyards-display-component---NewYard","bindingPath":{"path":"","propertyPath":"/SALES_AREA_SPART","modelName":"NewYardModel"},"interaction":{"idSuffix":"inner"}},"clearTextFirst":true,"interactionType":"ENTER_TEXT"}]}
RESULT: {"script":"<script> [776 bytes]","args":[{"enterText":"C2","selector":{"controlType":"sap.m.Input","viewName":"etm.portal.ui.manageyards.view.New","viewId":"application-manageyards-display-component---NewYard","bindingPath":{"path":"","propertyPath":"/SALES_AREA_SPART","modelName":"NewYardModel"},"interaction":{"idSuffix":"inner"}},"clearTextFirst":true,"interactionType":"ENTER_TEXT"}]}
COMMAND: POST /session/a5b66c13a27a9e41cdce2979e8d5c27d/execute/async - {"script":"<script> [1562 bytes]","args":[{"selector":{"controlType":"sap.m.Input","viewName":"etm.portal.ui.manageyards.view.New","viewId":"application-manageyards-display-component---NewYard","bindingPath":{"path":"","propertyPath":"/SHIP_POINT","modelName":"NewYardModel"},"interaction":{"idSuffix":"inner"}},"wdio_ui5_key":"etmportal.ui.manageyards.view.Newsap.m.Input{\"path\":\"\",\"propertyPath\":\"/SHIP_POINT\",\"modelName\":\"NewYardModel\"}"}]}
RESULT: {"script":"<script> [1562 bytes]","args":[{"selector":{"controlType":"sap.m.Input","viewName":"etm.portal.ui.manageyards.view.New","viewId":"application-manageyards-display-component---NewYard","bindingPath":{"path":"","propertyPath":"/SHIP_POINT","modelName":"NewYardModel"},"interaction":{"idSuffix":"inner"}},"wdio_ui5_key":"etmportal.ui.manageyards.view.Newsap.m.Input{\"path\":\"\",\"propertyPath\":\"/SHIP_POINT\",\"modelName\":\"NewYardModel\"}"}]}
RESULT: undefined
COMMAND: POST /session/a5b66c13a27a9e41cdce2979e8d5c27d/execute/async - {"script":"<script> [776 bytes]","args":[{"enterText":"1710","selector":{"controlType":"sap.m.Input","viewName":"etm.portal.ui.manageyards.view.New","viewId":"application-manageyards-display-component---NewYard","bindingPath":{"path":"","propertyPath":"/SHIP_POINT","modelName":"NewYardModel"},"interaction":{"idSuffix":"inner"}},"clearTextFirst":true,"interactionType":"ENTER_TEXT"}]}
RESULT: {"script":"<script> [776 bytes]","args":[{"enterText":"1710","selector":{"controlType":"sap.m.Input","viewName":"etm.portal.ui.manageyards.view.New","viewId":"application-manageyards-display-component---NewYard","bindingPath":{"path":"","propertyPath":"/SHIP_POINT","modelName":"NewYardModel"},"interaction":{"idSuffix":"inner"}},"clearTextFirst":true,"interactionType":"ENTER_TEXT"}]}
COMMAND: POST /session/a5b66c13a27a9e41cdce2979e8d5c27d/execute/async - {"script":"<script> [1562 bytes]","args":[{"selector":{"controlType":"sap.m.Input","viewName":"etm.portal.ui.manageyards.view.New","viewId":"application-manageyards-display-component---NewYard","bindingPath":{"path":"","propertyPath":"/DELIVERY_TYPE","modelName":"NewYardModel"},"interaction":{"idSuffix":"inner"}},"wdio_ui5_key":"etmportal.ui.manageyards.view.Newsap.m.Input{\"path\":\"\",\"propertyPath\":\"/DELIVERY_TYPE\",\"modelName\":\"NewYardModel\"}"}]}
RESULT: {"script":"<script> [1562 bytes]","args":[{"selector":{"controlType":"sap.m.Input","viewName":"etm.portal.ui.manageyards.view.New","viewId":"application-manageyards-display-component---NewYard","bindingPath":{"path":"","propertyPath":"/DELIVERY_TYPE","modelName":"NewYardModel"},"interaction":{"idSuffix":"inner"}},"wdio_ui5_key":"etmportal.ui.manageyards.view.Newsap.m.Input{\"path\":\"\",\"propertyPath\":\"/DELIVERY_TYPE\",\"modelName\":\"NewYardModel\"}"}]}
RESULT: undefined
COMMAND: POST /session/a5b66c13a27a9e41cdce2979e8d5c27d/execute/async - {"script":"<script> [776 bytes]","args":[{"enterText":"ZL01","selector":{"controlType":"sap.m.Input","viewName":"etm.portal.ui.manageyards.view.New","viewId":"application-manageyards-display-component---NewYard","bindingPath":{"path":"","propertyPath":"/DELIVERY_TYPE","modelName":"NewYardModel"},"interaction":{"idSuffix":"inner"}},"clearTextFirst":true,"interactionType":"ENTER_TEXT"}]}
RESULT: {"script":"<script> [776 bytes]","args":[{"enterText":"ZL01","selector":{"controlType":"sap.m.Input","viewName":"etm.portal.ui.manageyards.view.New","viewId":"application-manageyards-display-component---NewYard","bindingPath":{"path":"","propertyPath":"/DELIVERY_TYPE","modelName":"NewYardModel"},"interaction":{"idSuffix":"inner"}},"clearTextFirst":true,"interactionType":"ENTER_TEXT"}]}
COMMAND: POST /session/a5b66c13a27a9e41cdce2979e8d5c27d/execute/async - {"script":"<script> [1562 bytes]","args":[{"selector":{"controlType":"sap.m.Input","viewName":"etm.portal.ui.manageyards.view.New","viewId":"application-manageyards-display-component---NewYard","bindingPath":{"path":"","propertyPath":"/AUART","modelName":"NewYardModel"},"interaction":{"idSuffix":"inner"}},"wdio_ui5_key":"etmportal.ui.manageyards.view.Newsap.m.Input{\"path\":\"\",\"propertyPath\":\"/AUART\",\"modelName\":\"NewYardModel\"}"}]}
RESULT: {"script":"<script> [1562 bytes]","args":[{"selector":{"controlType":"sap.m.Input","viewName":"etm.portal.ui.manageyards.view.New","viewId":"application-manageyards-display-component---NewYard","bindingPath":{"path":"","propertyPath":"/AUART","modelName":"NewYardModel"},"interaction":{"idSuffix":"inner"}},"wdio_ui5_key":"etmportal.ui.manageyards.view.Newsap.m.Input{\"path\":\"\",\"propertyPath\":\"/AUART\",\"modelName\":\"NewYardModel\"}"}]}
RESULT: undefined
COMMAND: POST /session/a5b66c13a27a9e41cdce2979e8d5c27d/execute/async - {"script":"<script> [776 bytes]","args":[{"enterText":"TA","selector":{"controlType":"sap.m.Input","viewName":"etm.portal.ui.manageyards.view.New","viewId":"application-manageyards-display-component---NewYard","bindingPath":{"path":"","propertyPath":"/AUART","modelName":"NewYardModel"},"interaction":{"idSuffix":"inner"}},"clearTextFirst":true,"interactionType":"ENTER_TEXT"}]}
RESULT: {"script":"<script> [776 bytes]","args":[{"enterText":"TA","selector":{"controlType":"sap.m.Input","viewName":"etm.portal.ui.manageyards.view.New","viewId":"application-manageyards-display-component---NewYard","bindingPath":{"path":"","propertyPath":"/AUART","modelName":"NewYardModel"},"interaction":{"idSuffix":"inner"}},"clearTextFirst":true,"interactionType":"ENTER_TEXT"}]}
COMMAND: POST /session/a5b66c13a27a9e41cdce2979e8d5c27d/element - {"using":"xpath","value":"//button[@data-kt=\"newYardSaveButton\"]"}
RESULT: {"using":"xpath","value":"//button[@data-kt=\"newYardSaveButton\"]"}
COMMAND: POST /session/a5b66c13a27a9e41cdce2979e8d5c27d/element/f.17D56A192CD4E7C0015A92528EE77794.d.0D63393C03B116A2DD29010CCA4E1EFF.e.603/click - {}
RESULT: {}
COMMAND: GET /session/a5b66c13a27a9e41cdce2979e8d5c27d/screenshot - {}
COMMAND: POST /session/a5b66c13a27a9e41cdce2979e8d5c27d/element - {"using":"xpath","value":"//header[contains(@id, 'ObjectPageLayout-headerTitle')]/div[1]/div[2]/div[1]/span[1]"}
RESULT: {}
RESULT: {"using":"xpath","value":"//header[contains(@id, 'ObjectPageLayout-headerTitle')]/div[1]/div[2]/div[1]/span[1]"}
COMMAND: POST /session/a5b66c13a27a9e41cdce2979e8d5c27d/elements - {"using":"xpath","value":"//header[contains(@id, 'ObjectPageLayout-headerTitle')]/div[1]/div[2]/div[1]/span[1]"}
RESULT: {"using":"xpath","value":"//header[contains(@id, 'ObjectPageLayout-headerTitle')]/div[1]/div[2]/div[1]/span[1]"}
COMMAND: POST /session/a5b66c13a27a9e41cdce2979e8d5c27d/execute/sync - {"script":"<script> [56 bytes]","args":[{"element-6066-11e4-a52e-4f735466cecf":"f.17D56A192CD4E7C0015A92528EE77794.d.0D63393C03B116A2DD29010CCA4E1EFF.e.887","ELEMENT":"f.17D56A192CD4E7C0015A92528EE77794.d.0D63393C03B116A2DD29010CCA4E1EFF.e.887"}]}
RESULT: {"script":"<script> [56 bytes]","args":[{"element-6066-11e4-a52e-4f735466cecf":"f.17D56A192CD4E7C0015A92528EE77794.d.0D63393C03B116A2DD29010CCA4E1EFF.e.887","ELEMENT":"f.17D56A192CD4E7C0015A92528EE77794.d.0D63393C03B116A2DD29010CCA4E1EFF.e.887"}]}
COMMAND: GET /session/a5b66c13a27a9e41cdce2979e8d5c27d/screenshot - {}
COMMAND: POST /session/a5b66c13a27a9e41cdce2979e8d5c27d/execute/sync - {"script":"<script> [56 bytes]","args":[{"element-6066-11e4-a52e-4f735466cecf":"f.17D56A192CD4E7C0015A92528EE77794.d.0D63393C03B116A2DD29010CCA4E1EFF.e.887","ELEMENT":"f.17D56A192CD4E7C0015A92528EE77794.d.0D63393C03B116A2DD29010CCA4E1EFF.e.887"}]}
RESULT: {}
RESULT: {"script":"<script> [56 bytes]","args":[{"element-6066-11e4-a52e-4f735466cecf":"f.17D56A192CD4E7C0015A92528EE77794.d.0D63393C03B116A2DD29010CCA4E1EFF.e.887","ELEMENT":"f.17D56A192CD4E7C0015A92528EE77794.d.0D63393C03B116A2DD29010CCA4E1EFF.e.887"}]}
COMMAND: GET /session/a5b66c13a27a9e41cdce2979e8d5c27d/screenshot - {}
RESULT: {}
COMMAND: POST /session/a5b66c13a27a9e41cdce2979e8d5c27d/element - {"using":"css selector","value":"#shell-header-logo"}
RESULT: {"using":"css selector","value":"#shell-header-logo"}
COMMAND: POST /session/a5b66c13a27a9e41cdce2979e8d5c27d/element/f.17D56A192CD4E7C0015A92528EE77794.d.0D63393C03B116A2DD29010CCA4E1EFF.e.147/click - {}
RESULT: {}
COMMAND: GET /session/a5b66c13a27a9e41cdce2979e8d5c27d/screenshot - {}
RESULT: {}
]]></system-out>
    </testcase>
    <testcase classname="chrome.135_0_7049_42.windows.Partner_specific_tests_US150819_US151080_US151654_US151176" name="Should create new external partner US150819" time="106.49">
      <system-out><![CDATA[
COMMAND: POST /session/a5b66c13a27a9e41cdce2979e8d5c27d/window/fullscreen - {}
RESULT: {}
COMMAND: POST /session/a5b66c13a27a9e41cdce2979e8d5c27d/execute/async - {"script":"<script> [1562 bytes]","args":[{"selector":{"controlType":"sap.m.GenericTile","properties":{"header":"Manage Partners"}},"wdio_ui5_key":"sapm.GenericTile{\"header\":\"Manage Partners\"}"}]}
RESULT: {"script":"<script> [1562 bytes]","args":[{"selector":{"controlType":"sap.m.GenericTile","properties":{"header":"Manage Partners"}},"wdio_ui5_key":"sapm.GenericTile{\"header\":\"Manage Partners\"}"}]}
RESULT: undefined
COMMAND: POST /session/a5b66c13a27a9e41cdce2979e8d5c27d/element - {"using":"xpath","value":"//*[@id=\"__tile38\"]"}
RESULT: {"using":"xpath","value":"//*[@id=\"__tile38\"]"}
COMMAND: POST /session/a5b66c13a27a9e41cdce2979e8d5c27d/element/f.17D56A192CD4E7C0015A92528EE77794.d.0D63393C03B116A2DD29010CCA4E1EFF.e.893/click - {}
RESULT: {}
COMMAND: POST /session/a5b66c13a27a9e41cdce2979e8d5c27d/element - {"using":"xpath","value":"//button[@data-kt=\"addButton\"]"}
COMMAND: GET /session/a5b66c13a27a9e41cdce2979e8d5c27d/screenshot - {}
RESULT: {"using":"xpath","value":"//button[@data-kt=\"addButton\"]"}
COMMAND: POST /session/a5b66c13a27a9e41cdce2979e8d5c27d/elements - {"using":"xpath","value":"//button[@data-kt=\"addButton\"]"}
RESULT: {}
RESULT: {"using":"xpath","value":"//button[@data-kt=\"addButton\"]"}
COMMAND: POST /session/a5b66c13a27a9e41cdce2979e8d5c27d/elements - {"using":"xpath","value":"//button[@data-kt=\"addButton\"]"}
RESULT: {"using":"xpath","value":"//button[@data-kt=\"addButton\"]"}
COMMAND: POST /session/a5b66c13a27a9e41cdce2979e8d5c27d/elements - {"using":"xpath","value":"//button[@data-kt=\"addButton\"]"}
RESULT: {"using":"xpath","value":"//button[@data-kt=\"addButton\"]"}
COMMAND: POST /session/a5b66c13a27a9e41cdce2979e8d5c27d/elements - {"using":"xpath","value":"//button[@data-kt=\"addButton\"]"}
RESULT: {"using":"xpath","value":"//button[@data-kt=\"addButton\"]"}
COMMAND: POST /session/a5b66c13a27a9e41cdce2979e8d5c27d/elements - {"using":"xpath","value":"//button[@data-kt=\"addButton\"]"}
RESULT: {"using":"xpath","value":"//button[@data-kt=\"addButton\"]"}
COMMAND: POST /session/a5b66c13a27a9e41cdce2979e8d5c27d/elements - {"using":"xpath","value":"//button[@data-kt=\"addButton\"]"}
RESULT: {"using":"xpath","value":"//button[@data-kt=\"addButton\"]"}
COMMAND: POST /session/a5b66c13a27a9e41cdce2979e8d5c27d/elements - {"using":"xpath","value":"//button[@data-kt=\"addButton\"]"}
RESULT: {"using":"xpath","value":"//button[@data-kt=\"addButton\"]"}
COMMAND: POST /session/a5b66c13a27a9e41cdce2979e8d5c27d/elements - {"using":"xpath","value":"//button[@data-kt=\"addButton\"]"}
RESULT: {"using":"xpath","value":"//button[@data-kt=\"addButton\"]"}
COMMAND: POST /session/a5b66c13a27a9e41cdce2979e8d5c27d/elements - {"using":"xpath","value":"//button[@data-kt=\"addButton\"]"}
RESULT: {"using":"xpath","value":"//button[@data-kt=\"addButton\"]"}
COMMAND: POST /session/a5b66c13a27a9e41cdce2979e8d5c27d/elements - {"using":"xpath","value":"//button[@data-kt=\"addButton\"]"}
RESULT: {"using":"xpath","value":"//button[@data-kt=\"addButton\"]"}
COMMAND: POST /session/a5b66c13a27a9e41cdce2979e8d5c27d/elements - {"using":"xpath","value":"//button[@data-kt=\"addButton\"]"}
RESULT: {"using":"xpath","value":"//button[@data-kt=\"addButton\"]"}
COMMAND: POST /session/a5b66c13a27a9e41cdce2979e8d5c27d/elements - {"using":"xpath","value":"//button[@data-kt=\"addButton\"]"}
RESULT: {"using":"xpath","value":"//button[@data-kt=\"addButton\"]"}
COMMAND: POST /session/a5b66c13a27a9e41cdce2979e8d5c27d/elements - {"using":"xpath","value":"//button[@data-kt=\"addButton\"]"}
RESULT: {"using":"xpath","value":"//button[@data-kt=\"addButton\"]"}
COMMAND: POST /session/a5b66c13a27a9e41cdce2979e8d5c27d/elements - {"using":"xpath","value":"//button[@data-kt=\"addButton\"]"}
RESULT: {"using":"xpath","value":"//button[@data-kt=\"addButton\"]"}
COMMAND: POST /session/a5b66c13a27a9e41cdce2979e8d5c27d/elements - {"using":"xpath","value":"//button[@data-kt=\"addButton\"]"}
RESULT: {"using":"xpath","value":"//button[@data-kt=\"addButton\"]"}
COMMAND: POST /session/a5b66c13a27a9e41cdce2979e8d5c27d/elements - {"using":"xpath","value":"//button[@data-kt=\"addButton\"]"}
RESULT: {"using":"xpath","value":"//button[@data-kt=\"addButton\"]"}
COMMAND: POST /session/a5b66c13a27a9e41cdce2979e8d5c27d/element - {"using":"xpath","value":"//button[@data-kt=\"addButton\"]"}
RESULT: {"using":"xpath","value":"//button[@data-kt=\"addButton\"]"}
COMMAND: POST /session/a5b66c13a27a9e41cdce2979e8d5c27d/execute/sync - {"script":"<script> [8489 bytes]","args":[{"element-6066-11e4-a52e-4f735466cecf":"f.17D56A192CD4E7C0015A92528EE77794.d.0D63393C03B116A2DD29010CCA4E1EFF.e.939","ELEMENT":"f.17D56A192CD4E7C0015A92528EE77794.d.0D63393C03B116A2DD29010CCA4E1EFF.e.939"}]}
RESULT: {"script":"<script> [8489 bytes]","args":[{"element-6066-11e4-a52e-4f735466cecf":"f.17D56A192CD4E7C0015A92528EE77794.d.0D63393C03B116A2DD29010CCA4E1EFF.e.939","ELEMENT":"f.17D56A192CD4E7C0015A92528EE77794.d.0D63393C03B116A2DD29010CCA4E1EFF.e.939"}]}
COMMAND: GET /session/a5b66c13a27a9e41cdce2979e8d5c27d/element/f.17D56A192CD4E7C0015A92528EE77794.d.0D63393C03B116A2DD29010CCA4E1EFF.e.939/enabled - {}
COMMAND: GET /session/a5b66c13a27a9e41cdce2979e8d5c27d/screenshot - {}
RESULT: {}
COMMAND: POST /session/a5b66c13a27a9e41cdce2979e8d5c27d/execute/sync - {"script":"<script> [8489 bytes]","args":[{"element-6066-11e4-a52e-4f735466cecf":"f.17D56A192CD4E7C0015A92528EE77794.d.0D63393C03B116A2DD29010CCA4E1EFF.e.939","ELEMENT":"f.17D56A192CD4E7C0015A92528EE77794.d.0D63393C03B116A2DD29010CCA4E1EFF.e.939"}]}
COMMAND: GET /session/a5b66c13a27a9e41cdce2979e8d5c27d/screenshot - {}
RESULT: {}
RESULT: {"script":"<script> [8489 bytes]","args":[{"element-6066-11e4-a52e-4f735466cecf":"f.17D56A192CD4E7C0015A92528EE77794.d.0D63393C03B116A2DD29010CCA4E1EFF.e.939","ELEMENT":"f.17D56A192CD4E7C0015A92528EE77794.d.0D63393C03B116A2DD29010CCA4E1EFF.e.939"}]}
COMMAND: POST /session/a5b66c13a27a9e41cdce2979e8d5c27d/execute/sync - {"script":"<script> [5351 bytes]","args":[{"element-6066-11e4-a52e-4f735466cecf":"f.17D56A192CD4E7C0015A92528EE77794.d.0D63393C03B116A2DD29010CCA4E1EFF.e.939","ELEMENT":"f.17D56A192CD4E7C0015A92528EE77794.d.0D63393C03B116A2DD29010CCA4E1EFF.e.939"}]}
COMMAND: GET /session/a5b66c13a27a9e41cdce2979e8d5c27d/screenshot - {}
RESULT: {}
RESULT: {"script":"<script> [5351 bytes]","args":[{"element-6066-11e4-a52e-4f735466cecf":"f.17D56A192CD4E7C0015A92528EE77794.d.0D63393C03B116A2DD29010CCA4E1EFF.e.939","ELEMENT":"f.17D56A192CD4E7C0015A92528EE77794.d.0D63393C03B116A2DD29010CCA4E1EFF.e.939"}]}
COMMAND: POST /session/a5b66c13a27a9e41cdce2979e8d5c27d/element/f.17D56A192CD4E7C0015A92528EE77794.d.0D63393C03B116A2DD29010CCA4E1EFF.e.939/click - {}
COMMAND: GET /session/a5b66c13a27a9e41cdce2979e8d5c27d/screenshot - {}
RESULT: {}
RESULT: {}
COMMAND: GET /session/a5b66c13a27a9e41cdce2979e8d5c27d/screenshot - {}
COMMAND: POST /session/a5b66c13a27a9e41cdce2979e8d5c27d/execute/async - {"script":"<script> [1562 bytes]","args":[{"selector":{"id":"application-managepartners-display-component---NewPartner--addressDetailDetailsName1","interaction":{"idSuffix":"inner"}},"wdio_ui5_key":"applicationmanagepartners-display-component---NewPartner--addressDetailDetailsName1"}]}
RESULT: {}
RESULT: {}
RESULT: {"script":"<script> [1562 bytes]","args":[{"selector":{"id":"application-managepartners-display-component---NewPartner--addressDetailDetailsName1","interaction":{"idSuffix":"inner"}},"wdio_ui5_key":"applicationmanagepartners-display-component---NewPartner--addressDetailDetailsName1"}]}
RESULT: undefined
COMMAND: POST /session/a5b66c13a27a9e41cdce2979e8d5c27d/execute/async - {"script":"<script> [776 bytes]","args":[{"enterText":"External Partner WDIO","selector":{"id":"application-managepartners-display-component---NewPartner--addressDetailDetailsName1","interaction":{"idSuffix":"inner"}},"clearTextFirst":true,"interactionType":"ENTER_TEXT"}]}
RESULT: {"script":"<script> [776 bytes]","args":[{"enterText":"External Partner WDIO","selector":{"id":"application-managepartners-display-component---NewPartner--addressDetailDetailsName1","interaction":{"idSuffix":"inner"}},"clearTextFirst":true,"interactionType":"ENTER_TEXT"}]}
COMMAND: POST /session/a5b66c13a27a9e41cdce2979e8d5c27d/execute/async - {"script":"<script> [1562 bytes]","args":[{"selector":{"id":"application-managepartners-display-component---NewPartner--addressDetailDetailsLanguage-arrow"},"wdio_ui5_key":"applicationmanagepartners-display-component---NewPartner--addressDetailDetailsLanguage-arrow"}]}
RESULT: {"script":"<script> [1562 bytes]","args":[{"selector":{"id":"application-managepartners-display-component---NewPartner--addressDetailDetailsLanguage-arrow"},"wdio_ui5_key":"applicationmanagepartners-display-component---NewPartner--addressDetailDetailsLanguage-arrow"}]}
RESULT: undefined
COMMAND: POST /session/a5b66c13a27a9e41cdce2979e8d5c27d/element - {"using":"xpath","value":"//*[@id=\"application-managepartners-display-component---NewPartner--addressDetailDetailsLanguage-arrow\"]"}
RESULT: {"using":"xpath","value":"//*[@id=\"application-managepartners-display-component---NewPartner--addressDetailDetailsLanguage-arrow\"]"}
COMMAND: POST /session/a5b66c13a27a9e41cdce2979e8d5c27d/element/f.17D56A192CD4E7C0015A92528EE77794.d.0D63393C03B116A2DD29010CCA4E1EFF.e.1329/click - {}
RESULT: {}
COMMAND: POST /session/a5b66c13a27a9e41cdce2979e8d5c27d/element - {"using":"xpath","value":"//span[contains(text(), \"English\")]"}
COMMAND: GET /session/a5b66c13a27a9e41cdce2979e8d5c27d/screenshot - {}
RESULT: {"using":"xpath","value":"//span[contains(text(), \"English\")]"}
COMMAND: POST /session/a5b66c13a27a9e41cdce2979e8d5c27d/element/f.17D56A192CD4E7C0015A92528EE77794.d.0D63393C03B116A2DD29010CCA4E1EFF.e.1330/click - {}
RESULT: {}
RESULT: {}
COMMAND: GET /session/a5b66c13a27a9e41cdce2979e8d5c27d/screenshot - {}
RESULT: {}
COMMAND: POST /session/a5b66c13a27a9e41cdce2979e8d5c27d/execute/async - {"script":"<script> [1562 bytes]","args":[{"selector":{"id":"application-managepartners-display-component---NewPartner--addressDetailDetailsCity1","interaction":{"idSuffix":"inner"}},"wdio_ui5_key":"applicationmanagepartners-display-component---NewPartner--addressDetailDetailsCity1"}]}
RESULT: {"script":"<script> [1562 bytes]","args":[{"selector":{"id":"application-managepartners-display-component---NewPartner--addressDetailDetailsCity1","interaction":{"idSuffix":"inner"}},"wdio_ui5_key":"applicationmanagepartners-display-component---NewPartner--addressDetailDetailsCity1"}]}
RESULT: undefined
COMMAND: POST /session/a5b66c13a27a9e41cdce2979e8d5c27d/execute/async - {"script":"<script> [776 bytes]","args":[{"enterText":"Rosario","selector":{"id":"application-managepartners-display-component---NewPartner--addressDetailDetailsCity1","interaction":{"idSuffix":"inner"}},"clearTextFirst":true,"interactionType":"ENTER_TEXT"}]}
RESULT: {"script":"<script> [776 bytes]","args":[{"enterText":"Rosario","selector":{"id":"application-managepartners-display-component---NewPartner--addressDetailDetailsCity1","interaction":{"idSuffix":"inner"}},"clearTextFirst":true,"interactionType":"ENTER_TEXT"}]}
COMMAND: POST /session/a5b66c13a27a9e41cdce2979e8d5c27d/execute/async - {"script":"<script> [1562 bytes]","args":[{"selector":{"id":"application-managepartners-display-component---NewPartner--addressDetailDetailsCountry-arrow"},"wdio_ui5_key":"applicationmanagepartners-display-component---NewPartner--addressDetailDetailsCountry-arrow"}]}
RESULT: {"script":"<script> [1562 bytes]","args":[{"selector":{"id":"application-managepartners-display-component---NewPartner--addressDetailDetailsCountry-arrow"},"wdio_ui5_key":"applicationmanagepartners-display-component---NewPartner--addressDetailDetailsCountry-arrow"}]}
RESULT: undefined
COMMAND: POST /session/a5b66c13a27a9e41cdce2979e8d5c27d/element - {"using":"xpath","value":"//*[@id=\"application-managepartners-display-component---NewPartner--addressDetailDetailsCountry-arrow\"]"}
RESULT: {"using":"xpath","value":"//*[@id=\"application-managepartners-display-component---NewPartner--addressDetailDetailsCountry-arrow\"]"}
COMMAND: POST /session/a5b66c13a27a9e41cdce2979e8d5c27d/element/f.17D56A192CD4E7C0015A92528EE77794.d.0D63393C03B116A2DD29010CCA4E1EFF.e.1315/click - {}
RESULT: {}
COMMAND: POST /session/a5b66c13a27a9e41cdce2979e8d5c27d/element - {"using":"xpath","value":"//span[contains(text(), \"Argentina\")]"}
COMMAND: GET /session/a5b66c13a27a9e41cdce2979e8d5c27d/screenshot - {}
RESULT: {"using":"xpath","value":"//span[contains(text(), \"Argentina\")]"}
COMMAND: POST /session/a5b66c13a27a9e41cdce2979e8d5c27d/element/f.17D56A192CD4E7C0015A92528EE77794.d.0D63393C03B116A2DD29010CCA4E1EFF.e.1332/click - {}
RESULT: {}
RESULT: {}
COMMAND: GET /session/a5b66c13a27a9e41cdce2979e8d5c27d/screenshot - {}
RESULT: {}
COMMAND: POST /session/a5b66c13a27a9e41cdce2979e8d5c27d/element - {"using":"xpath","value":"//bdi[contains(text(), \"Commercial\")]"}
RESULT: {"using":"xpath","value":"//bdi[contains(text(), \"Commercial\")]"}
COMMAND: POST /session/a5b66c13a27a9e41cdce2979e8d5c27d/element/f.17D56A192CD4E7C0015A92528EE77794.d.0D63393C03B116A2DD29010CCA4E1EFF.e.1333/click - {}
RESULT: {}
COMMAND: GET /session/a5b66c13a27a9e41cdce2979e8d5c27d/screenshot - {}
RESULT: {}
COMMAND: POST /session/a5b66c13a27a9e41cdce2979e8d5c27d/execute/async - {"script":"<script> [1562 bytes]","args":[{"selector":{"id":"application-managepartners-display-component---NewPartner--partnerDetailInternal-arrow"},"wdio_ui5_key":"applicationmanagepartners-display-component---NewPartner--partnerDetailInternal-arrow"}]}
RESULT: {"script":"<script> [1562 bytes]","args":[{"selector":{"id":"application-managepartners-display-component---NewPartner--partnerDetailInternal-arrow"},"wdio_ui5_key":"applicationmanagepartners-display-component---NewPartner--partnerDetailInternal-arrow"}]}
RESULT: undefined
COMMAND: POST /session/a5b66c13a27a9e41cdce2979e8d5c27d/element - {"using":"xpath","value":"//*[@id=\"application-managepartners-display-component---NewPartner--partnerDetailInternal-arrow\"]"}
RESULT: {"using":"xpath","value":"//*[@id=\"application-managepartners-display-component---NewPartner--partnerDetailInternal-arrow\"]"}
COMMAND: POST /session/a5b66c13a27a9e41cdce2979e8d5c27d/element/f.17D56A192CD4E7C0015A92528EE77794.d.0D63393C03B116A2DD29010CCA4E1EFF.e.1339/click - {}
RESULT: {}
COMMAND: POST /session/a5b66c13a27a9e41cdce2979e8d5c27d/element - {"using":"xpath","value":"//span[contains(text(), \"External partner\")]"}
COMMAND: GET /session/a5b66c13a27a9e41cdce2979e8d5c27d/screenshot - {}
RESULT: {"using":"xpath","value":"//span[contains(text(), \"External partner\")]"}
COMMAND: POST /session/a5b66c13a27a9e41cdce2979e8d5c27d/element/f.17D56A192CD4E7C0015A92528EE77794.d.0D63393C03B116A2DD29010CCA4E1EFF.e.1342/click - {}
RESULT: {}
RESULT: {}
COMMAND: POST /session/a5b66c13a27a9e41cdce2979e8d5c27d/execute/async - {"script":"<script> [1562 bytes]","args":[{"selector":{"id":"application-managepartners-display-component---NewPartner--partnerDetailsCurrency-arrow"},"wdio_ui5_key":"applicationmanagepartners-display-component---NewPartner--partnerDetailsCurrency-arrow"}]}
COMMAND: GET /session/a5b66c13a27a9e41cdce2979e8d5c27d/screenshot - {}
RESULT: {"script":"<script> [1562 bytes]","args":[{"selector":{"id":"application-managepartners-display-component---NewPartner--partnerDetailsCurrency-arrow"},"wdio_ui5_key":"applicationmanagepartners-display-component---NewPartner--partnerDetailsCurrency-arrow"}]}
RESULT: undefined
COMMAND: POST /session/a5b66c13a27a9e41cdce2979e8d5c27d/element - {"using":"xpath","value":"//*[@id=\"application-managepartners-display-component---NewPartner--partnerDetailsCurrency-arrow\"]"}
RESULT: {}
RESULT: {"using":"xpath","value":"//*[@id=\"application-managepartners-display-component---NewPartner--partnerDetailsCurrency-arrow\"]"}
COMMAND: POST /session/a5b66c13a27a9e41cdce2979e8d5c27d/element/f.17D56A192CD4E7C0015A92528EE77794.d.0D63393C03B116A2DD29010CCA4E1EFF.e.1347/click - {}
RESULT: {}
COMMAND: POST /session/a5b66c13a27a9e41cdce2979e8d5c27d/element - {"using":"xpath","value":"//span[contains(text(), \"Euro\")]"}
COMMAND: GET /session/a5b66c13a27a9e41cdce2979e8d5c27d/screenshot - {}
RESULT: {"using":"xpath","value":"//span[contains(text(), \"Euro\")]"}
COMMAND: POST /session/a5b66c13a27a9e41cdce2979e8d5c27d/element/f.17D56A192CD4E7C0015A92528EE77794.d.0D63393C03B116A2DD29010CCA4E1EFF.e.1348/click - {}
RESULT: {}
RESULT: {}
COMMAND: GET /session/a5b66c13a27a9e41cdce2979e8d5c27d/screenshot - {}
RESULT: {}
COMMAND: POST /session/a5b66c13a27a9e41cdce2979e8d5c27d/element - {"using":"xpath","value":"//input[@id=\"application-managepartners-display-component---NewPartner--companyCodeComboBox-inner\"]"}
RESULT: {"using":"xpath","value":"//input[@id=\"application-managepartners-display-component---NewPartner--companyCodeComboBox-inner\"]"}
COMMAND: POST /session/a5b66c13a27a9e41cdce2979e8d5c27d/element/f.17D56A192CD4E7C0015A92528EE77794.d.0D63393C03B116A2DD29010CCA4E1EFF.e.1186/clear - {}
RESULT: {}
COMMAND: POST /session/a5b66c13a27a9e41cdce2979e8d5c27d/element/f.17D56A192CD4E7C0015A92528EE77794.d.0D63393C03B116A2DD29010CCA4E1EFF.e.1186/value - {"text":"C002"}
COMMAND: GET /session/a5b66c13a27a9e41cdce2979e8d5c27d/screenshot - {}
RESULT: {"text":"C002"}
COMMAND: GET /session/a5b66c13a27a9e41cdce2979e8d5c27d/screenshot - {}
RESULT: {}
RESULT: {}
COMMAND: POST /session/a5b66c13a27a9e41cdce2979e8d5c27d/element - {"using":"xpath","value":"//span[contains(text(), \"C002\")]"}
RESULT: {"using":"xpath","value":"//span[contains(text(), \"C002\")]"}
COMMAND: POST /session/a5b66c13a27a9e41cdce2979e8d5c27d/element/f.17D56A192CD4E7C0015A92528EE77794.d.0D63393C03B116A2DD29010CCA4E1EFF.e.1352/click - {}
RESULT: {}
COMMAND: GET /session/a5b66c13a27a9e41cdce2979e8d5c27d/screenshot - {}
RESULT: {}
COMMAND: POST /session/a5b66c13a27a9e41cdce2979e8d5c27d/execute/async - {"script":"<script> [1562 bytes]","args":[{"selector":{"id":"application-managepartners-display-component---NewPartner--btnAddTableRow-img"},"wdio_ui5_key":"applicationmanagepartners-display-component---NewPartner--btnAddTableRow-img"}]}
RESULT: {"script":"<script> [1562 bytes]","args":[{"selector":{"id":"application-managepartners-display-component---NewPartner--btnAddTableRow-img"},"wdio_ui5_key":"applicationmanagepartners-display-component---NewPartner--btnAddTableRow-img"}]}
RESULT: undefined
COMMAND: POST /session/a5b66c13a27a9e41cdce2979e8d5c27d/element - {"using":"xpath","value":"//*[@id=\"application-managepartners-display-component---NewPartner--btnAddTableRow-img\"]"}
RESULT: {"using":"xpath","value":"//*[@id=\"application-managepartners-display-component---NewPartner--btnAddTableRow-img\"]"}
COMMAND: POST /session/a5b66c13a27a9e41cdce2979e8d5c27d/element/f.17D56A192CD4E7C0015A92528EE77794.d.0D63393C03B116A2DD29010CCA4E1EFF.e.1353/click - {}
RESULT: {}
COMMAND: GET /session/a5b66c13a27a9e41cdce2979e8d5c27d/screenshot - {}
RESULT: {}
COMMAND: POST /session/a5b66c13a27a9e41cdce2979e8d5c27d/element - {"using":"xpath","value":"//input[@id=\"application-managepartners-display-component---NewPartner--assignmentYard-application-managepartners-display-component---NewPartner--assignmentsTable-0-inner\"]"}
RESULT: {"using":"xpath","value":"//input[@id=\"application-managepartners-display-component---NewPartner--assignmentYard-application-managepartners-display-component---NewPartner--assignmentsTable-0-inner\"]"}
COMMAND: POST /session/a5b66c13a27a9e41cdce2979e8d5c27d/element/f.17D56A192CD4E7C0015A92528EE77794.d.0D63393C03B116A2DD29010CCA4E1EFF.e.1356/clear - {}
RESULT: {}
COMMAND: POST /session/a5b66c13a27a9e41cdce2979e8d5c27d/element/f.17D56A192CD4E7C0015A92528EE77794.d.0D63393C03B116A2DD29010CCA4E1EFF.e.1356/value - {"text":"218"}
COMMAND: GET /session/a5b66c13a27a9e41cdce2979e8d5c27d/screenshot - {}
RESULT: {"text":"218"}
COMMAND: GET /session/a5b66c13a27a9e41cdce2979e8d5c27d/screenshot - {}
RESULT: {}
RESULT: {}
COMMAND: POST /session/a5b66c13a27a9e41cdce2979e8d5c27d/element - {"using":"xpath","value":"//li[.//span[text()='218']]"}
RESULT: {"using":"xpath","value":"//li[.//span[text()='218']]"}
COMMAND: POST /session/a5b66c13a27a9e41cdce2979e8d5c27d/element/f.17D56A192CD4E7C0015A92528EE77794.d.0D63393C03B116A2DD29010CCA4E1EFF.e.1364/click - {}
RESULT: {}
COMMAND: GET /session/a5b66c13a27a9e41cdce2979e8d5c27d/screenshot - {}
RESULT: {}
COMMAND: POST /session/a5b66c13a27a9e41cdce2979e8d5c27d/actions - {"actions":[{"id":"action2","type":"key","parameters":{},"actions":[{"type":"keyDown","value":""},{"type":"pause","duration":10},{"type":"keyUp","value":""}]}]}
RESULT: {"actions":[{"id":"action2","type":"key","parameters":{},"actions":[{"type":"keyDown","value":""},{"type":"pause","duration":10},{"type":"keyUp","value":""}]}]}
COMMAND: POST /session/a5b66c13a27a9e41cdce2979e8d5c27d/element - {"using":"xpath","value":"//td[contains(@id, \"assignmentsTable-0-cell2\")]/div/div"}
COMMAND: GET /session/a5b66c13a27a9e41cdce2979e8d5c27d/screenshot - {}
RESULT: {"using":"xpath","value":"//td[contains(@id, \"assignmentsTable-0-cell2\")]/div/div"}
COMMAND: POST /session/a5b66c13a27a9e41cdce2979e8d5c27d/element/f.17D56A192CD4E7C0015A92528EE77794.d.0D63393C03B116A2DD29010CCA4E1EFF.e.1367/click - {}
RESULT: {}
RESULT: {}
COMMAND: GET /session/a5b66c13a27a9e41cdce2979e8d5c27d/screenshot - {}
RESULT: {}
COMMAND: POST /session/a5b66c13a27a9e41cdce2979e8d5c27d/execute/async - {"script":"<script> [1562 bytes]","args":[{"selector":{"id":"application-managepartners-display-component---NewPartner--externalCustomerComboBox-application-managepartners-display-component---NewPartner--assignmentsTable-0-vhi"},"wdio_ui5_key":"applicationmanagepartners-display-component---NewPartner--externalCustomerComboBox-application-managepartners-display-component---NewPartner--assignmentsTable-0-vhi"}]}
RESULT: {"script":"<script> [1562 bytes]","args":[{"selector":{"id":"application-managepartners-display-component---NewPartner--externalCustomerComboBox-application-managepartners-display-component---NewPartner--assignmentsTable-0-vhi"},"wdio_ui5_key":"applicationmanagepartners-display-component---NewPartner--externalCustomerComboBox-application-managepartners-display-component---NewPartner--assignmentsTable-0-vhi"}]}
RESULT: undefined
COMMAND: POST /session/a5b66c13a27a9e41cdce2979e8d5c27d/element - {"using":"xpath","value":"//*[@id=\"application-managepartners-display-component---NewPartner--externalCustomerComboBox-application-managepartners-display-component---NewPartner--assignmentsTable-0-vhi\"]"}
RESULT: {"using":"xpath","value":"//*[@id=\"application-managepartners-display-component---NewPartner--externalCustomerComboBox-application-managepartners-display-component---NewPartner--assignmentsTable-0-vhi\"]"}
COMMAND: POST /session/a5b66c13a27a9e41cdce2979e8d5c27d/element/f.17D56A192CD4E7C0015A92528EE77794.d.0D63393C03B116A2DD29010CCA4E1EFF.e.1368/click - {}
RESULT: {}
RESULT: undefined
COMMAND: POST /session/a5b66c13a27a9e41cdce2979e8d5c27d/execute/async - {"script":"<script> [776 bytes]","args":[{"enterText":"300003","selector":{"controlType":"sap.m.SearchField","properties":{"placeholder":"Search"},"searchOpenDialogs":true,"interaction":{"idSuffix":"I"}},"clearTextFirst":true,"interactionType":"ENTER_TEXT"}]}
COMMAND: GET /session/a5b66c13a27a9e41cdce2979e8d5c27d/screenshot - {}
RESULT: {"script":"<script> [776 bytes]","args":[{"enterText":"300003","selector":{"controlType":"sap.m.SearchField","properties":{"placeholder":"Search"},"searchOpenDialogs":true,"interaction":{"idSuffix":"I"}},"clearTextFirst":true,"interactionType":"ENTER_TEXT"}]}
COMMAND: POST /session/a5b66c13a27a9e41cdce2979e8d5c27d/actions - {"actions":[{"id":"action3","type":"key","parameters":{},"actions":[{"type":"keyDown","value":""},{"type":"pause","duration":10},{"type":"keyUp","value":""}]}]}
RESULT: {}
RESULT: {"actions":[{"id":"action3","type":"key","parameters":{},"actions":[{"type":"keyDown","value":""},{"type":"pause","duration":10},{"type":"keyUp","value":""}]}]}
COMMAND: GET /session/a5b66c13a27a9e41cdce2979e8d5c27d/screenshot - {}
RESULT: {}
COMMAND: POST /session/a5b66c13a27a9e41cdce2979e8d5c27d/element - {"using":"xpath","value":"//span[contains(text(), \"300003\")]"}
RESULT: {"using":"xpath","value":"//span[contains(text(), \"300003\")]"}
COMMAND: POST /session/a5b66c13a27a9e41cdce2979e8d5c27d/element/f.17D56A192CD4E7C0015A92528EE77794.d.0D63393C03B116A2DD29010CCA4E1EFF.e.1385/click - {}
RESULT: {}
COMMAND: GET /session/a5b66c13a27a9e41cdce2979e8d5c27d/screenshot - {}
RESULT: {}
COMMAND: POST /session/a5b66c13a27a9e41cdce2979e8d5c27d/element - {"using":"xpath","value":"//bdi[contains(text(), \"OK\")]"}
RESULT: {"using":"xpath","value":"//bdi[contains(text(), \"OK\")]"}
COMMAND: POST /session/a5b66c13a27a9e41cdce2979e8d5c27d/element/f.17D56A192CD4E7C0015A92528EE77794.d.0D63393C03B116A2DD29010CCA4E1EFF.e.1387/click - {}
RESULT: {}
COMMAND: GET /session/a5b66c13a27a9e41cdce2979e8d5c27d/screenshot - {}
RESULT: {}
COMMAND: POST /session/a5b66c13a27a9e41cdce2979e8d5c27d/execute/async - {"script":"<script> [1562 bytes]","args":[{"selector":{"id":"application-managepartners-display-component---NewPartner--externalVendorComboBox-application-managepartners-display-component---NewPartner--assignmentsTable-0-vhi"},"wdio_ui5_key":"applicationmanagepartners-display-component---NewPartner--externalVendorComboBox-application-managepartners-display-component---NewPartner--assignmentsTable-0-vhi"}]}
RESULT: {"script":"<script> [1562 bytes]","args":[{"selector":{"id":"application-managepartners-display-component---NewPartner--externalVendorComboBox-application-managepartners-display-component---NewPartner--assignmentsTable-0-vhi"},"wdio_ui5_key":"applicationmanagepartners-display-component---NewPartner--externalVendorComboBox-application-managepartners-display-component---NewPartner--assignmentsTable-0-vhi"}]}
RESULT: undefined
COMMAND: POST /session/a5b66c13a27a9e41cdce2979e8d5c27d/element - {"using":"xpath","value":"//*[@id=\"application-managepartners-display-component---NewPartner--externalVendorComboBox-application-managepartners-display-component---NewPartner--assignmentsTable-0-vhi\"]"}
RESULT: {"using":"xpath","value":"//*[@id=\"application-managepartners-display-component---NewPartner--externalVendorComboBox-application-managepartners-display-component---NewPartner--assignmentsTable-0-vhi\"]"}
COMMAND: POST /session/a5b66c13a27a9e41cdce2979e8d5c27d/element/f.17D56A192CD4E7C0015A92528EE77794.d.0D63393C03B116A2DD29010CCA4E1EFF.e.1390/click - {}
RESULT: {}
RESULT: undefined
COMMAND: POST /session/a5b66c13a27a9e41cdce2979e8d5c27d/execute/async - {"script":"<script> [776 bytes]","args":[{"enterText":"100005","selector":{"controlType":"sap.m.SearchField","properties":{"placeholder":"Search"},"searchOpenDialogs":true,"interaction":{"idSuffix":"I"}},"clearTextFirst":true,"interactionType":"ENTER_TEXT"}]}
COMMAND: GET /session/a5b66c13a27a9e41cdce2979e8d5c27d/screenshot - {}
RESULT: {"script":"<script> [776 bytes]","args":[{"enterText":"100005","selector":{"controlType":"sap.m.SearchField","properties":{"placeholder":"Search"},"searchOpenDialogs":true,"interaction":{"idSuffix":"I"}},"clearTextFirst":true,"interactionType":"ENTER_TEXT"}]}
COMMAND: POST /session/a5b66c13a27a9e41cdce2979e8d5c27d/actions - {"actions":[{"id":"action4","type":"key","parameters":{},"actions":[{"type":"keyDown","value":""},{"type":"pause","duration":10},{"type":"keyUp","value":""}]}]}
RESULT: {}
RESULT: {"actions":[{"id":"action4","type":"key","parameters":{},"actions":[{"type":"keyDown","value":""},{"type":"pause","duration":10},{"type":"keyUp","value":""}]}]}
COMMAND: GET /session/a5b66c13a27a9e41cdce2979e8d5c27d/screenshot - {}
RESULT: {}
COMMAND: POST /session/a5b66c13a27a9e41cdce2979e8d5c27d/element - {"using":"xpath","value":"//span[contains(text(), \"Penguins - Field/12345 Berlin\")]"}
RESULT: {"using":"xpath","value":"//span[contains(text(), \"Penguins - Field/12345 Berlin\")]"}
COMMAND: POST /session/a5b66c13a27a9e41cdce2979e8d5c27d/element/f.17D56A192CD4E7C0015A92528EE77794.d.0D63393C03B116A2DD29010CCA4E1EFF.e.1409/click - {}
RESULT: {}
COMMAND: GET /session/a5b66c13a27a9e41cdce2979e8d5c27d/screenshot - {}
RESULT: {}
COMMAND: POST /session/a5b66c13a27a9e41cdce2979e8d5c27d/element - {"using":"xpath","value":"//bdi[contains(text(), \"OK\")]"}
RESULT: {"using":"xpath","value":"//bdi[contains(text(), \"OK\")]"}
COMMAND: POST /session/a5b66c13a27a9e41cdce2979e8d5c27d/element/f.17D56A192CD4E7C0015A92528EE77794.d.0D63393C03B116A2DD29010CCA4E1EFF.e.1410/click - {}
RESULT: {}
COMMAND: GET /session/a5b66c13a27a9e41cdce2979e8d5c27d/screenshot - {}
RESULT: {}
COMMAND: POST /session/a5b66c13a27a9e41cdce2979e8d5c27d/element - {"using":"xpath","value":"//button[@data-kt=\"saveButton\"]"}
RESULT: {"using":"xpath","value":"//button[@data-kt=\"saveButton\"]"}
COMMAND: POST /session/a5b66c13a27a9e41cdce2979e8d5c27d/element/f.17D56A192CD4E7C0015A92528EE77794.d.0D63393C03B116A2DD29010CCA4E1EFF.e.1266/click - {}
RESULT: {}
COMMAND: GET /session/a5b66c13a27a9e41cdce2979e8d5c27d/screenshot - {}
RESULT: {}
COMMAND: POST /session/a5b66c13a27a9e41cdce2979e8d5c27d/element - {"using":"xpath","value":"//header[contains(@id, 'ObjectPageLayout-headerTitle')]/div[1]/div[2]/div[2]/span[1]"}
RESULT: {"using":"xpath","value":"//header[contains(@id, 'ObjectPageLayout-headerTitle')]/div[1]/div[2]/div[2]/span[1]"}
COMMAND: POST /session/a5b66c13a27a9e41cdce2979e8d5c27d/elements - {"using":"xpath","value":"//header[contains(@id, 'ObjectPageLayout-headerTitle')]/div[1]/div[2]/div[2]/span[1]"}
RESULT: {"using":"xpath","value":"//header[contains(@id, 'ObjectPageLayout-headerTitle')]/div[1]/div[2]/div[2]/span[1]"}
COMMAND: POST /session/a5b66c13a27a9e41cdce2979e8d5c27d/execute/sync - {"script":"<script> [56 bytes]","args":[{"element-6066-11e4-a52e-4f735466cecf":"f.17D56A192CD4E7C0015A92528EE77794.d.0D63393C03B116A2DD29010CCA4E1EFF.e.1548","ELEMENT":"f.17D56A192CD4E7C0015A92528EE77794.d.0D63393C03B116A2DD29010CCA4E1EFF.e.1548"}]}
RESULT: {"script":"<script> [56 bytes]","args":[{"element-6066-11e4-a52e-4f735466cecf":"f.17D56A192CD4E7C0015A92528EE77794.d.0D63393C03B116A2DD29010CCA4E1EFF.e.1548","ELEMENT":"f.17D56A192CD4E7C0015A92528EE77794.d.0D63393C03B116A2DD29010CCA4E1EFF.e.1548"}]}
COMMAND: POST /session/a5b66c13a27a9e41cdce2979e8d5c27d/element - {"using":"css selector","value":"#shell-header-logo"}
COMMAND: GET /session/a5b66c13a27a9e41cdce2979e8d5c27d/screenshot - {}
RESULT: {"using":"css selector","value":"#shell-header-logo"}
COMMAND: POST /session/a5b66c13a27a9e41cdce2979e8d5c27d/element/f.17D56A192CD4E7C0015A92528EE77794.d.0D63393C03B116A2DD29010CCA4E1EFF.e.895/click - {}
RESULT: {}
RESULT: {}
COMMAND: GET /session/a5b66c13a27a9e41cdce2979e8d5c27d/screenshot - {}
RESULT: {}
]]></system-out>
    </testcase>
    <testcase classname="chrome.135_0_7049_42.windows.Partner_specific_tests_US150819_US151080_US151654_US151176" name="Should filter and search partners US151080" time="88.949">
      <system-out><![CDATA[
RESULT: undefined
COMMAND: POST /session/a5b66c13a27a9e41cdce2979e8d5c27d/element - {"using":"xpath","value":"//*[@id=\"__tile38\"]"}
RESULT: {"using":"xpath","value":"//*[@id=\"__tile38\"]"}
COMMAND: POST /session/a5b66c13a27a9e41cdce2979e8d5c27d/element/f.17D56A192CD4E7C0015A92528EE77794.d.0D63393C03B116A2DD29010CCA4E1EFF.e.893/click - {}
RESULT: {}
COMMAND: POST /session/a5b66c13a27a9e41cdce2979e8d5c27d/element - {"using":"xpath","value":"//button[@data-kt=\"addButton\"]"}
COMMAND: GET /session/a5b66c13a27a9e41cdce2979e8d5c27d/screenshot - {}
RESULT: {"using":"xpath","value":"//button[@data-kt=\"addButton\"]"}
COMMAND: POST /session/a5b66c13a27a9e41cdce2979e8d5c27d/elements - {"using":"xpath","value":"//button[@data-kt=\"addButton\"]"}
RESULT: {}
RESULT: {"using":"xpath","value":"//button[@data-kt=\"addButton\"]"}
COMMAND: POST /session/a5b66c13a27a9e41cdce2979e8d5c27d/execute/sync - {"script":"<script> [8489 bytes]","args":[{"element-6066-11e4-a52e-4f735466cecf":"f.17D56A192CD4E7C0015A92528EE77794.d.0D63393C03B116A2DD29010CCA4E1EFF.e.1584","ELEMENT":"f.17D56A192CD4E7C0015A92528EE77794.d.0D63393C03B116A2DD29010CCA4E1EFF.e.1584"}]}
RESULT: {"script":"<script> [8489 bytes]","args":[{"element-6066-11e4-a52e-4f735466cecf":"f.17D56A192CD4E7C0015A92528EE77794.d.0D63393C03B116A2DD29010CCA4E1EFF.e.1584","ELEMENT":"f.17D56A192CD4E7C0015A92528EE77794.d.0D63393C03B116A2DD29010CCA4E1EFF.e.1584"}]}
COMMAND: GET /session/a5b66c13a27a9e41cdce2979e8d5c27d/element/f.17D56A192CD4E7C0015A92528EE77794.d.0D63393C03B116A2DD29010CCA4E1EFF.e.1584/enabled - {}
RESULT: {}
COMMAND: POST /session/a5b66c13a27a9e41cdce2979e8d5c27d/execute/sync - {"script":"<script> [8489 bytes]","args":[{"element-6066-11e4-a52e-4f735466cecf":"f.17D56A192CD4E7C0015A92528EE77794.d.0D63393C03B116A2DD29010CCA4E1EFF.e.1584","ELEMENT":"f.17D56A192CD4E7C0015A92528EE77794.d.0D63393C03B116A2DD29010CCA4E1EFF.e.1584"}]}
RESULT: {"script":"<script> [8489 bytes]","args":[{"element-6066-11e4-a52e-4f735466cecf":"f.17D56A192CD4E7C0015A92528EE77794.d.0D63393C03B116A2DD29010CCA4E1EFF.e.1584","ELEMENT":"f.17D56A192CD4E7C0015A92528EE77794.d.0D63393C03B116A2DD29010CCA4E1EFF.e.1584"}]}
COMMAND: POST /session/a5b66c13a27a9e41cdce2979e8d5c27d/execute/sync - {"script":"<script> [5351 bytes]","args":[{"element-6066-11e4-a52e-4f735466cecf":"f.17D56A192CD4E7C0015A92528EE77794.d.0D63393C03B116A2DD29010CCA4E1EFF.e.1584","ELEMENT":"f.17D56A192CD4E7C0015A92528EE77794.d.0D63393C03B116A2DD29010CCA4E1EFF.e.1584"}]}
COMMAND: GET /session/a5b66c13a27a9e41cdce2979e8d5c27d/screenshot - {}
COMMAND: GET /session/a5b66c13a27a9e41cdce2979e8d5c27d/screenshot - {}
COMMAND: GET /session/a5b66c13a27a9e41cdce2979e8d5c27d/screenshot - {}
RESULT: {"script":"<script> [5351 bytes]","args":[{"element-6066-11e4-a52e-4f735466cecf":"f.17D56A192CD4E7C0015A92528EE77794.d.0D63393C03B116A2DD29010CCA4E1EFF.e.1584","ELEMENT":"f.17D56A192CD4E7C0015A92528EE77794.d.0D63393C03B116A2DD29010CCA4E1EFF.e.1584"}]}
COMMAND: GET /session/a5b66c13a27a9e41cdce2979e8d5c27d/screenshot - {}
RESULT: {}
RESULT: {}
RESULT: {}
RESULT: {}
COMMAND: POST /session/a5b66c13a27a9e41cdce2979e8d5c27d/execute/async - {"script":"<script> [1562 bytes]","args":[{"selector":{"id":"application-managepartners-display-component---masterPtm--smartTable-btnPersonalisation-img"},"wdio_ui5_key":"applicationmanagepartners-display-component---masterPtm--smartTable-btnPersonalisation-img"}]}
RESULT: {"script":"<script> [1562 bytes]","args":[{"selector":{"id":"application-managepartners-display-component---masterPtm--smartTable-btnPersonalisation-img"},"wdio_ui5_key":"applicationmanagepartners-display-component---masterPtm--smartTable-btnPersonalisation-img"}]}
RESULT: undefined
COMMAND: POST /session/a5b66c13a27a9e41cdce2979e8d5c27d/element - {"using":"xpath","value":"//*[@id=\"application-managepartners-display-component---masterPtm--smartTable-btnPersonalisation-img\"]"}
RESULT: {"using":"xpath","value":"//*[@id=\"application-managepartners-display-component---masterPtm--smartTable-btnPersonalisation-img\"]"}
COMMAND: POST /session/a5b66c13a27a9e41cdce2979e8d5c27d/element/f.17D56A192CD4E7C0015A92528EE77794.d.0D63393C03B116A2DD29010CCA4E1EFF.e.1600/click - {}
RESULT: {}
COMMAND: GET /session/a5b66c13a27a9e41cdce2979e8d5c27d/screenshot - {}
RESULT: {}
COMMAND: POST /session/a5b66c13a27a9e41cdce2979e8d5c27d/execute/async - {"script":"<script> [1562 bytes]","args":[{"selector":{"controlType":"sap.m.IconTabFilter","viewName":"etm.portal.ui.managepartners.view.Master","viewId":"application-managepartners-display-component---masterPtm","properties":{"text":"Sort"},"searchOpenDialogs":true,"interaction":{"idSuffix":"text"}},"wdio_ui5_key":"etmportal.ui.managepartners.view.Mastersap.m.IconTabFilter{\"text\":\"Sort\"}"}]}
RESULT: {"script":"<script> [1562 bytes]","args":[{"selector":{"controlType":"sap.m.IconTabFilter","viewName":"etm.portal.ui.managepartners.view.Master","viewId":"application-managepartners-display-component---masterPtm","properties":{"text":"Sort"},"searchOpenDialogs":true,"interaction":{"idSuffix":"text"}},"wdio_ui5_key":"etmportal.ui.managepartners.view.Mastersap.m.IconTabFilter{\"text\":\"Sort\"}"}]}
RESULT: undefined
COMMAND: POST /session/a5b66c13a27a9e41cdce2979e8d5c27d/element - {"using":"xpath","value":"//*[@id=\"__filter1\"]"}
RESULT: {"using":"xpath","value":"//*[@id=\"__filter1\"]"}
COMMAND: POST /session/a5b66c13a27a9e41cdce2979e8d5c27d/element/f.17D56A192CD4E7C0015A92528EE77794.d.0D63393C03B116A2DD29010CCA4E1EFF.e.1717/click - {}
RESULT: {}
COMMAND: GET /session/a5b66c13a27a9e41cdce2979e8d5c27d/screenshot - {}
RESULT: {}
COMMAND: POST /session/a5b66c13a27a9e41cdce2979e8d5c27d/element - {"using":"xpath","value":"//input[@placeholder=\"Sort by\"]/following-sibling::div//span"}
RESULT: {"using":"xpath","value":"//input[@placeholder=\"Sort by\"]/following-sibling::div//span"}
COMMAND: POST /session/a5b66c13a27a9e41cdce2979e8d5c27d/element/f.17D56A192CD4E7C0015A92528EE77794.d.0D63393C03B116A2DD29010CCA4E1EFF.e.1719/click - {}
RESULT: {}
COMMAND: GET /session/a5b66c13a27a9e41cdce2979e8d5c27d/screenshot - {}
RESULT: {}
COMMAND: POST /session/a5b66c13a27a9e41cdce2979e8d5c27d/element - {"using":"xpath","value":"//li[.//span[text()=\"Language\"]]"}
RESULT: {"using":"xpath","value":"//li[.//span[text()=\"Language\"]]"}
COMMAND: POST /session/a5b66c13a27a9e41cdce2979e8d5c27d/element/f.17D56A192CD4E7C0015A92528EE77794.d.0D63393C03B116A2DD29010CCA4E1EFF.e.1720/click - {}
RESULT: {}
COMMAND: GET /session/a5b66c13a27a9e41cdce2979e8d5c27d/screenshot - {}
RESULT: {}
COMMAND: POST /session/a5b66c13a27a9e41cdce2979e8d5c27d/element - {"using":"xpath","value":"//bdi[contains(text(), \"OK\")]"}
RESULT: {"using":"xpath","value":"//bdi[contains(text(), \"OK\")]"}
COMMAND: POST /session/a5b66c13a27a9e41cdce2979e8d5c27d/element/f.17D56A192CD4E7C0015A92528EE77794.d.0D63393C03B116A2DD29010CCA4E1EFF.e.1724/click - {}
RESULT: {}
COMMAND: GET /session/a5b66c13a27a9e41cdce2979e8d5c27d/screenshot - {}
RESULT: {}
COMMAND: POST /session/a5b66c13a27a9e41cdce2979e8d5c27d/element - {"using":"xpath","value":"//table[contains(@id, \"customPartnersTable\")]//tbody/tr[1]/td[3]/span"}
RESULT: {"using":"xpath","value":"//table[contains(@id, \"customPartnersTable\")]//tbody/tr[1]/td[3]/span"}
COMMAND: POST /session/a5b66c13a27a9e41cdce2979e8d5c27d/execute/sync - {"script":"<script> [56 bytes]","args":[{"element-6066-11e4-a52e-4f735466cecf":"f.17D56A192CD4E7C0015A92528EE77794.d.0D63393C03B116A2DD29010CCA4E1EFF.e.1841","ELEMENT":"f.17D56A192CD4E7C0015A92528EE77794.d.0D63393C03B116A2DD29010CCA4E1EFF.e.1841"}]}
RESULT: {"script":"<script> [56 bytes]","args":[{"element-6066-11e4-a52e-4f735466cecf":"f.17D56A192CD4E7C0015A92528EE77794.d.0D63393C03B116A2DD29010CCA4E1EFF.e.1841","ELEMENT":"f.17D56A192CD4E7C0015A92528EE77794.d.0D63393C03B116A2DD29010CCA4E1EFF.e.1841"}]}
RESULT: undefined
COMMAND: POST /session/a5b66c13a27a9e41cdce2979e8d5c27d/element - {"using":"xpath","value":"//*[@id=\"application-managepartners-display-component---masterPtm--smartTable-btnPersonalisation-img\"]"}
COMMAND: GET /session/a5b66c13a27a9e41cdce2979e8d5c27d/screenshot - {}
RESULT: {"using":"xpath","value":"//*[@id=\"application-managepartners-display-component---masterPtm--smartTable-btnPersonalisation-img\"]"}
COMMAND: POST /session/a5b66c13a27a9e41cdce2979e8d5c27d/element/f.17D56A192CD4E7C0015A92528EE77794.d.0D63393C03B116A2DD29010CCA4E1EFF.e.1600/click - {}
RESULT: {}
RESULT: {}
COMMAND: GET /session/a5b66c13a27a9e41cdce2979e8d5c27d/screenshot - {}
RESULT: {}
COMMAND: POST /session/a5b66c13a27a9e41cdce2979e8d5c27d/element - {"using":"xpath","value":"//bdi[contains(text(), \"Reset\")]"}
RESULT: {"using":"xpath","value":"//bdi[contains(text(), \"Reset\")]"}
COMMAND: POST /session/a5b66c13a27a9e41cdce2979e8d5c27d/element/f.17D56A192CD4E7C0015A92528EE77794.d.0D63393C03B116A2DD29010CCA4E1EFF.e.1847/click - {}
RESULT: {}
COMMAND: GET /session/a5b66c13a27a9e41cdce2979e8d5c27d/screenshot - {}
RESULT: {}
COMMAND: POST /session/a5b66c13a27a9e41cdce2979e8d5c27d/element - {"using":"xpath","value":"(//bdi[contains(text(), \"OK\")])[2]"}
RESULT: {"using":"xpath","value":"(//bdi[contains(text(), \"OK\")])[2]"}
COMMAND: POST /session/a5b66c13a27a9e41cdce2979e8d5c27d/element/f.17D56A192CD4E7C0015A92528EE77794.d.0D63393C03B116A2DD29010CCA4E1EFF.e.1850/click - {}
RESULT: {}
COMMAND: GET /session/a5b66c13a27a9e41cdce2979e8d5c27d/screenshot - {}
RESULT: {}
COMMAND: POST /session/a5b66c13a27a9e41cdce2979e8d5c27d/element - {"using":"xpath","value":"//bdi[contains(text(), \"OK\")]"}
RESULT: {"using":"xpath","value":"//bdi[contains(text(), \"OK\")]"}
COMMAND: POST /session/a5b66c13a27a9e41cdce2979e8d5c27d/element/f.17D56A192CD4E7C0015A92528EE77794.d.0D63393C03B116A2DD29010CCA4E1EFF.e.1897/click - {}
RESULT: {}
COMMAND: GET /session/a5b66c13a27a9e41cdce2979e8d5c27d/screenshot - {}
RESULT: {}
COMMAND: POST /session/a5b66c13a27a9e41cdce2979e8d5c27d/element - {"using":"xpath","value":"//table[contains(@id, \"customPartnersTable\")]//tbody/tr[1]/td[3]/span"}
RESULT: {"using":"xpath","value":"//table[contains(@id, \"customPartnersTable\")]//tbody/tr[1]/td[3]/span"}
COMMAND: POST /session/a5b66c13a27a9e41cdce2979e8d5c27d/execute/sync - {"script":"<script> [56 bytes]","args":[{"element-6066-11e4-a52e-4f735466cecf":"f.17D56A192CD4E7C0015A92528EE77794.d.0D63393C03B116A2DD29010CCA4E1EFF.e.1900","ELEMENT":"f.17D56A192CD4E7C0015A92528EE77794.d.0D63393C03B116A2DD29010CCA4E1EFF.e.1900"}]}
RESULT: {"script":"<script> [56 bytes]","args":[{"element-6066-11e4-a52e-4f735466cecf":"f.17D56A192CD4E7C0015A92528EE77794.d.0D63393C03B116A2DD29010CCA4E1EFF.e.1900","ELEMENT":"f.17D56A192CD4E7C0015A92528EE77794.d.0D63393C03B116A2DD29010CCA4E1EFF.e.1900"}]}
RESULT: undefined
COMMAND: POST /session/a5b66c13a27a9e41cdce2979e8d5c27d/element - {"using":"xpath","value":"//*[@id=\"application-managepartners-display-component---masterPtm--smartTable-btnPersonalisation-img\"]"}
COMMAND: GET /session/a5b66c13a27a9e41cdce2979e8d5c27d/screenshot - {}
RESULT: {"using":"xpath","value":"//*[@id=\"application-managepartners-display-component---masterPtm--smartTable-btnPersonalisation-img\"]"}
COMMAND: POST /session/a5b66c13a27a9e41cdce2979e8d5c27d/element/f.17D56A192CD4E7C0015A92528EE77794.d.0D63393C03B116A2DD29010CCA4E1EFF.e.1600/click - {}
RESULT: {}
RESULT: {}
COMMAND: GET /session/a5b66c13a27a9e41cdce2979e8d5c27d/screenshot - {}
RESULT: {}
COMMAND: POST /session/a5b66c13a27a9e41cdce2979e8d5c27d/execute/async - {"script":"<script> [1562 bytes]","args":[{"selector":{"controlType":"sap.m.IconTabFilter","viewName":"etm.portal.ui.managepartners.view.Master","viewId":"application-managepartners-display-component---masterPtm","properties":{"text":"Filter"},"searchOpenDialogs":true,"interaction":{"idSuffix":"text"}},"wdio_ui5_key":"etmportal.ui.managepartners.view.Mastersap.m.IconTabFilter{\"text\":\"Filter\"}"}]}
RESULT: {"script":"<script> [1562 bytes]","args":[{"selector":{"controlType":"sap.m.IconTabFilter","viewName":"etm.portal.ui.managepartners.view.Master","viewId":"application-managepartners-display-component---masterPtm","properties":{"text":"Filter"},"searchOpenDialogs":true,"interaction":{"idSuffix":"text"}},"wdio_ui5_key":"etmportal.ui.managepartners.view.Mastersap.m.IconTabFilter{\"text\":\"Filter\"}"}]}
RESULT: undefined
COMMAND: POST /session/a5b66c13a27a9e41cdce2979e8d5c27d/element - {"using":"xpath","value":"//*[@id=\"__filter10\"]"}
RESULT: {"using":"xpath","value":"//*[@id=\"__filter10\"]"}
COMMAND: POST /session/a5b66c13a27a9e41cdce2979e8d5c27d/element/f.17D56A192CD4E7C0015A92528EE77794.d.0D63393C03B116A2DD29010CCA4E1EFF.e.1905/click - {}
RESULT: {}
COMMAND: GET /session/a5b66c13a27a9e41cdce2979e8d5c27d/screenshot - {}
RESULT: {}
COMMAND: POST /session/a5b66c13a27a9e41cdce2979e8d5c27d/element - {"using":"xpath","value":"//input[@placeholder=\"Filter by\"]/following-sibling::div//span"}
RESULT: {"using":"xpath","value":"//input[@placeholder=\"Filter by\"]/following-sibling::div//span"}
COMMAND: POST /session/a5b66c13a27a9e41cdce2979e8d5c27d/element/f.17D56A192CD4E7C0015A92528EE77794.d.0D63393C03B116A2DD29010CCA4E1EFF.e.1907/click - {}
RESULT: {}
COMMAND: GET /session/a5b66c13a27a9e41cdce2979e8d5c27d/screenshot - {}
RESULT: {}
COMMAND: POST /session/a5b66c13a27a9e41cdce2979e8d5c27d/element - {"using":"xpath","value":"//li[.//span[text()=\"Preferred Yard\"]]"}
RESULT: {"using":"xpath","value":"//li[.//span[text()=\"Preferred Yard\"]]"}
COMMAND: POST /session/a5b66c13a27a9e41cdce2979e8d5c27d/element/f.17D56A192CD4E7C0015A92528EE77794.d.0D63393C03B116A2DD29010CCA4E1EFF.e.1908/click - {}
RESULT: {}
COMMAND: GET /session/a5b66c13a27a9e41cdce2979e8d5c27d/screenshot - {}
RESULT: {}
COMMAND: POST /session/a5b66c13a27a9e41cdce2979e8d5c27d/execute/async - {"script":"<script> [1562 bytes]","args":[{"selector":{"id":"FilterPanel-filterItemControl_BASIC-application-managepartners-display-component---masterPtm--smartTable-YARDYARD-vhi","searchOpenDialogs":true},"wdio_ui5_key":"FilterPanelfilterItemControl_BASIC-application-managepartners-display-component---masterPtm--smartTable-YARDYARD-vhi"}]}
RESULT: {"script":"<script> [1562 bytes]","args":[{"selector":{"id":"FilterPanel-filterItemControl_BASIC-application-managepartners-display-component---masterPtm--smartTable-YARDYARD-vhi","searchOpenDialogs":true},"wdio_ui5_key":"FilterPanelfilterItemControl_BASIC-application-managepartners-display-component---masterPtm--smartTable-YARDYARD-vhi"}]}
RESULT: undefined
COMMAND: POST /session/a5b66c13a27a9e41cdce2979e8d5c27d/element - {"using":"xpath","value":"//*[@id=\"FilterPanel-filterItemControl_BASIC-application-managepartners-display-component---masterPtm--smartTable-YARDYARD-vhi\"]"}
RESULT: {"using":"xpath","value":"//*[@id=\"FilterPanel-filterItemControl_BASIC-application-managepartners-display-component---masterPtm--smartTable-YARDYARD-vhi\"]"}
COMMAND: POST /session/a5b66c13a27a9e41cdce2979e8d5c27d/element/f.17D56A192CD4E7C0015A92528EE77794.d.0D63393C03B116A2DD29010CCA4E1EFF.e.1911/click - {}
RESULT: {}
COMMAND: GET /session/a5b66c13a27a9e41cdce2979e8d5c27d/screenshot - {}
RESULT: {}
COMMAND: POST /session/a5b66c13a27a9e41cdce2979e8d5c27d/execute/async - {"script":"<script> [1562 bytes]","args":[{"selector":{"id":"FilterPanel-filterItemControl_BASIC-application-managepartners-display-component---masterPtm--smartTable-YARDYARD-valueHelpDialog-smartFilterBar-btnBasicSearch","searchOpenDialogs":true,"interaction":{"idSuffix":"I"}},"wdio_ui5_key":"FilterPanelfilterItemControl_BASIC-application-managepartners-display-component---masterPtm--smartTable-YARDYARD-valueHelpDialog-smartFilterBar-btnBasicSearch"}]}
RESULT: {"script":"<script> [1562 bytes]","args":[{"selector":{"id":"FilterPanel-filterItemControl_BASIC-application-managepartners-display-component---masterPtm--smartTable-YARDYARD-valueHelpDialog-smartFilterBar-btnBasicSearch","searchOpenDialogs":true,"interaction":{"idSuffix":"I"}},"wdio_ui5_key":"FilterPanelfilterItemControl_BASIC-application-managepartners-display-component---masterPtm--smartTable-YARDYARD-valueHelpDialog-smartFilterBar-btnBasicSearch"}]}
RESULT: undefined
COMMAND: POST /session/a5b66c13a27a9e41cdce2979e8d5c27d/execute/async - {"script":"<script> [776 bytes]","args":[{"enterText":"218","selector":{"id":"FilterPanel-filterItemControl_BASIC-application-managepartners-display-component---masterPtm--smartTable-YARDYARD-valueHelpDialog-smartFilterBar-btnBasicSearch","searchOpenDialogs":true,"interaction":{"idSuffix":"I"}},"clearTextFirst":true,"interactionType":"ENTER_TEXT"}]}
RESULT: {"script":"<script> [776 bytes]","args":[{"enterText":"218","selector":{"id":"FilterPanel-filterItemControl_BASIC-application-managepartners-display-component---masterPtm--smartTable-YARDYARD-valueHelpDialog-smartFilterBar-btnBasicSearch","searchOpenDialogs":true,"interaction":{"idSuffix":"I"}},"clearTextFirst":true,"interactionType":"ENTER_TEXT"}]}
COMMAND: POST /session/a5b66c13a27a9e41cdce2979e8d5c27d/actions - {"actions":[{"id":"action5","type":"key","parameters":{},"actions":[{"type":"keyDown","value":""},{"type":"pause","duration":10},{"type":"keyUp","value":""}]}]}
RESULT: {"actions":[{"id":"action5","type":"key","parameters":{},"actions":[{"type":"keyDown","value":""},{"type":"pause","duration":10},{"type":"keyUp","value":""}]}]}
COMMAND: GET /session/a5b66c13a27a9e41cdce2979e8d5c27d/screenshot - {}
RESULT: {}
COMMAND: POST /session/a5b66c13a27a9e41cdce2979e8d5c27d/elements - {"using":"xpath","value":"//table[contains(@id, \"smartTable-YARDYARD-valueHelpDialog-table-table\")]/tbody/tr"}
RESULT: {"using":"xpath","value":"//table[contains(@id, \"smartTable-YARDYARD-valueHelpDialog-table-table\")]/tbody/tr"}
COMMAND: POST /session/a5b66c13a27a9e41cdce2979e8d5c27d/element - {"using":"xpath","value":"//table[contains(@id, \"smartTable-YARDYARD-valueHelpDialog-table-table\")]/tbody/tr[1]/td[1]/div/span"}
RESULT: {"using":"xpath","value":"//table[contains(@id, \"smartTable-YARDYARD-valueHelpDialog-table-table\")]/tbody/tr[1]/td[1]/div/span"}
COMMAND: POST /session/a5b66c13a27a9e41cdce2979e8d5c27d/elements - {"using":"xpath","value":"//table[contains(@id, \"smartTable-YARDYARD-valueHelpDialog-table-table\")]/tbody/tr[1]/td[1]/div/span"}
RESULT: {"using":"xpath","value":"//table[contains(@id, \"smartTable-YARDYARD-valueHelpDialog-table-table\")]/tbody/tr[1]/td[1]/div/span"}
COMMAND: POST /session/a5b66c13a27a9e41cdce2979e8d5c27d/execute/sync - {"script":"<script> [56 bytes]","args":[{"element-6066-11e4-a52e-4f735466cecf":"f.17D56A192CD4E7C0015A92528EE77794.d.0D63393C03B116A2DD29010CCA4E1EFF.e.1930","ELEMENT":"f.17D56A192CD4E7C0015A92528EE77794.d.0D63393C03B116A2DD29010CCA4E1EFF.e.1930"}]}
RESULT: {"script":"<script> [56 bytes]","args":[{"element-6066-11e4-a52e-4f735466cecf":"f.17D56A192CD4E7C0015A92528EE77794.d.0D63393C03B116A2DD29010CCA4E1EFF.e.1930","ELEMENT":"f.17D56A192CD4E7C0015A92528EE77794.d.0D63393C03B116A2DD29010CCA4E1EFF.e.1930"}]}
COMMAND: POST /session/a5b66c13a27a9e41cdce2979e8d5c27d/element - {"using":"xpath","value":"//table[contains(@id, \"smartTable-YARDYARD-valueHelpDialog-table-table\")]/tbody/tr[2]/td[1]/div/span"}
COMMAND: GET /session/a5b66c13a27a9e41cdce2979e8d5c27d/screenshot - {}
RESULT: {"using":"xpath","value":"//table[contains(@id, \"smartTable-YARDYARD-valueHelpDialog-table-table\")]/tbody/tr[2]/td[1]/div/span"}
COMMAND: POST /session/a5b66c13a27a9e41cdce2979e8d5c27d/elements - {"using":"xpath","value":"//table[contains(@id, \"smartTable-YARDYARD-valueHelpDialog-table-table\")]/tbody/tr[2]/td[1]/div/span"}
RESULT: {}
RESULT: {"using":"xpath","value":"//table[contains(@id, \"smartTable-YARDYARD-valueHelpDialog-table-table\")]/tbody/tr[2]/td[1]/div/span"}
COMMAND: POST /session/a5b66c13a27a9e41cdce2979e8d5c27d/execute/sync - {"script":"<script> [56 bytes]","args":[{"element-6066-11e4-a52e-4f735466cecf":"f.17D56A192CD4E7C0015A92528EE77794.d.0D63393C03B116A2DD29010CCA4E1EFF.e.1931","ELEMENT":"f.17D56A192CD4E7C0015A92528EE77794.d.0D63393C03B116A2DD29010CCA4E1EFF.e.1931"}]}
RESULT: {"script":"<script> [56 bytes]","args":[{"element-6066-11e4-a52e-4f735466cecf":"f.17D56A192CD4E7C0015A92528EE77794.d.0D63393C03B116A2DD29010CCA4E1EFF.e.1931","ELEMENT":"f.17D56A192CD4E7C0015A92528EE77794.d.0D63393C03B116A2DD29010CCA4E1EFF.e.1931"}]}
COMMAND: POST /session/a5b66c13a27a9e41cdce2979e8d5c27d/element - {"using":"xpath","value":"//div[contains(@id, \"YARDYARD-valueHelpDialog-table-rowsel1\")]"}
COMMAND: GET /session/a5b66c13a27a9e41cdce2979e8d5c27d/screenshot - {}
RESULT: {"using":"xpath","value":"//div[contains(@id, \"YARDYARD-valueHelpDialog-table-rowsel1\")]"}
COMMAND: POST /session/a5b66c13a27a9e41cdce2979e8d5c27d/element/f.17D56A192CD4E7C0015A92528EE77794.d.0D63393C03B116A2DD29010CCA4E1EFF.e.1932/click - {}
RESULT: {}
RESULT: {}
COMMAND: GET /session/a5b66c13a27a9e41cdce2979e8d5c27d/screenshot - {}
RESULT: {}
COMMAND: POST /session/a5b66c13a27a9e41cdce2979e8d5c27d/element - {"using":"xpath","value":"(//bdi[contains(text(), \"OK\")])[2]"}
RESULT: {"using":"xpath","value":"(//bdi[contains(text(), \"OK\")])[2]"}
COMMAND: POST /session/a5b66c13a27a9e41cdce2979e8d5c27d/element/f.17D56A192CD4E7C0015A92528EE77794.d.0D63393C03B116A2DD29010CCA4E1EFF.e.1934/click - {}
RESULT: {}
COMMAND: GET /session/a5b66c13a27a9e41cdce2979e8d5c27d/screenshot - {}
RESULT: {}
COMMAND: POST /session/a5b66c13a27a9e41cdce2979e8d5c27d/element - {"using":"xpath","value":"//bdi[contains(text(), \"OK\")]"}
RESULT: {"using":"xpath","value":"//bdi[contains(text(), \"OK\")]"}
COMMAND: POST /session/a5b66c13a27a9e41cdce2979e8d5c27d/element/f.17D56A192CD4E7C0015A92528EE77794.d.0D63393C03B116A2DD29010CCA4E1EFF.e.1937/click - {}
RESULT: {}
COMMAND: GET /session/a5b66c13a27a9e41cdce2979e8d5c27d/screenshot - {}
RESULT: {}
COMMAND: POST /session/a5b66c13a27a9e41cdce2979e8d5c27d/element - {"using":"xpath","value":"//table[contains(@id, \"customPartnersTable\")]//tbody/tr[1]/td[3]/span"}
RESULT: {"using":"xpath","value":"//table[contains(@id, \"customPartnersTable\")]//tbody/tr[1]/td[3]/span"}
COMMAND: POST /session/a5b66c13a27a9e41cdce2979e8d5c27d/execute/sync - {"script":"<script> [56 bytes]","args":[{"element-6066-11e4-a52e-4f735466cecf":"f.17D56A192CD4E7C0015A92528EE77794.d.0D63393C03B116A2DD29010CCA4E1EFF.e.1994","ELEMENT":"f.17D56A192CD4E7C0015A92528EE77794.d.0D63393C03B116A2DD29010CCA4E1EFF.e.1994"}]}
RESULT: {"script":"<script> [56 bytes]","args":[{"element-6066-11e4-a52e-4f735466cecf":"f.17D56A192CD4E7C0015A92528EE77794.d.0D63393C03B116A2DD29010CCA4E1EFF.e.1994","ELEMENT":"f.17D56A192CD4E7C0015A92528EE77794.d.0D63393C03B116A2DD29010CCA4E1EFF.e.1994"}]}
COMMAND: POST /session/a5b66c13a27a9e41cdce2979e8d5c27d/element - {"using":"css selector","value":"#shell-header-logo"}
COMMAND: GET /session/a5b66c13a27a9e41cdce2979e8d5c27d/screenshot - {}
RESULT: {"using":"css selector","value":"#shell-header-logo"}
COMMAND: POST /session/a5b66c13a27a9e41cdce2979e8d5c27d/element/f.17D56A192CD4E7C0015A92528EE77794.d.0D63393C03B116A2DD29010CCA4E1EFF.e.1551/click - {}
RESULT: {}
RESULT: {}
COMMAND: GET /session/a5b66c13a27a9e41cdce2979e8d5c27d/screenshot - {}
RESULT: {}
]]></system-out>
    </testcase>
    <testcase classname="chrome.135_0_7049_42.windows.Partner_specific_tests_US150819_US151080_US151654_US151176" name="Should deactivate the created partner in earlier step US151654" time="44.714">
      <system-out><![CDATA[
RESULT: undefined
COMMAND: POST /session/a5b66c13a27a9e41cdce2979e8d5c27d/element - {"using":"xpath","value":"//*[@id=\"__tile38\"]"}
RESULT: {"using":"xpath","value":"//*[@id=\"__tile38\"]"}
COMMAND: POST /session/a5b66c13a27a9e41cdce2979e8d5c27d/element/f.17D56A192CD4E7C0015A92528EE77794.d.0D63393C03B116A2DD29010CCA4E1EFF.e.893/click - {}
RESULT: {}
COMMAND: POST /session/a5b66c13a27a9e41cdce2979e8d5c27d/element - {"using":"xpath","value":"//button[@data-kt=\"addButton\"]"}
COMMAND: GET /session/a5b66c13a27a9e41cdce2979e8d5c27d/screenshot - {}
RESULT: {"using":"xpath","value":"//button[@data-kt=\"addButton\"]"}
COMMAND: POST /session/a5b66c13a27a9e41cdce2979e8d5c27d/elements - {"using":"xpath","value":"//button[@data-kt=\"addButton\"]"}
RESULT: {}
RESULT: {"using":"xpath","value":"//button[@data-kt=\"addButton\"]"}
COMMAND: POST /session/a5b66c13a27a9e41cdce2979e8d5c27d/elements - {"using":"xpath","value":"//button[@data-kt=\"addButton\"]"}
RESULT: {"using":"xpath","value":"//button[@data-kt=\"addButton\"]"}
COMMAND: POST /session/a5b66c13a27a9e41cdce2979e8d5c27d/elements - {"using":"xpath","value":"//button[@data-kt=\"addButton\"]"}
RESULT: {"using":"xpath","value":"//button[@data-kt=\"addButton\"]"}
COMMAND: POST /session/a5b66c13a27a9e41cdce2979e8d5c27d/elements - {"using":"xpath","value":"//button[@data-kt=\"addButton\"]"}
RESULT: {"using":"xpath","value":"//button[@data-kt=\"addButton\"]"}
COMMAND: POST /session/a5b66c13a27a9e41cdce2979e8d5c27d/elements - {"using":"xpath","value":"//button[@data-kt=\"addButton\"]"}
RESULT: {"using":"xpath","value":"//button[@data-kt=\"addButton\"]"}
COMMAND: POST /session/a5b66c13a27a9e41cdce2979e8d5c27d/elements - {"using":"xpath","value":"//button[@data-kt=\"addButton\"]"}
RESULT: {"using":"xpath","value":"//button[@data-kt=\"addButton\"]"}
COMMAND: POST /session/a5b66c13a27a9e41cdce2979e8d5c27d/element - {"using":"xpath","value":"//button[@data-kt=\"addButton\"]"}
RESULT: {"using":"xpath","value":"//button[@data-kt=\"addButton\"]"}
COMMAND: POST /session/a5b66c13a27a9e41cdce2979e8d5c27d/execute/sync - {"script":"<script> [8489 bytes]","args":[{"element-6066-11e4-a52e-4f735466cecf":"f.17D56A192CD4E7C0015A92528EE77794.d.0D63393C03B116A2DD29010CCA4E1EFF.e.2042","ELEMENT":"f.17D56A192CD4E7C0015A92528EE77794.d.0D63393C03B116A2DD29010CCA4E1EFF.e.2042"}]}
RESULT: {"script":"<script> [8489 bytes]","args":[{"element-6066-11e4-a52e-4f735466cecf":"f.17D56A192CD4E7C0015A92528EE77794.d.0D63393C03B116A2DD29010CCA4E1EFF.e.2042","ELEMENT":"f.17D56A192CD4E7C0015A92528EE77794.d.0D63393C03B116A2DD29010CCA4E1EFF.e.2042"}]}
COMMAND: GET /session/a5b66c13a27a9e41cdce2979e8d5c27d/element/f.17D56A192CD4E7C0015A92528EE77794.d.0D63393C03B116A2DD29010CCA4E1EFF.e.2042/enabled - {}
COMMAND: GET /session/a5b66c13a27a9e41cdce2979e8d5c27d/screenshot - {}
RESULT: {}
COMMAND: POST /session/a5b66c13a27a9e41cdce2979e8d5c27d/execute/sync - {"script":"<script> [8489 bytes]","args":[{"element-6066-11e4-a52e-4f735466cecf":"f.17D56A192CD4E7C0015A92528EE77794.d.0D63393C03B116A2DD29010CCA4E1EFF.e.2042","ELEMENT":"f.17D56A192CD4E7C0015A92528EE77794.d.0D63393C03B116A2DD29010CCA4E1EFF.e.2042"}]}
COMMAND: GET /session/a5b66c13a27a9e41cdce2979e8d5c27d/screenshot - {}
RESULT: {}
RESULT: {"script":"<script> [8489 bytes]","args":[{"element-6066-11e4-a52e-4f735466cecf":"f.17D56A192CD4E7C0015A92528EE77794.d.0D63393C03B116A2DD29010CCA4E1EFF.e.2042","ELEMENT":"f.17D56A192CD4E7C0015A92528EE77794.d.0D63393C03B116A2DD29010CCA4E1EFF.e.2042"}]}
COMMAND: POST /session/a5b66c13a27a9e41cdce2979e8d5c27d/execute/sync - {"script":"<script> [5351 bytes]","args":[{"element-6066-11e4-a52e-4f735466cecf":"f.17D56A192CD4E7C0015A92528EE77794.d.0D63393C03B116A2DD29010CCA4E1EFF.e.2042","ELEMENT":"f.17D56A192CD4E7C0015A92528EE77794.d.0D63393C03B116A2DD29010CCA4E1EFF.e.2042"}]}
COMMAND: GET /session/a5b66c13a27a9e41cdce2979e8d5c27d/screenshot - {}
RESULT: {}
RESULT: {"script":"<script> [5351 bytes]","args":[{"element-6066-11e4-a52e-4f735466cecf":"f.17D56A192CD4E7C0015A92528EE77794.d.0D63393C03B116A2DD29010CCA4E1EFF.e.2042","ELEMENT":"f.17D56A192CD4E7C0015A92528EE77794.d.0D63393C03B116A2DD29010CCA4E1EFF.e.2042"}]}
COMMAND: GET /session/a5b66c13a27a9e41cdce2979e8d5c27d/screenshot - {}
RESULT: {}
RESULT: {}
COMMAND: POST /session/a5b66c13a27a9e41cdce2979e8d5c27d/execute/async - {"script":"<script> [1562 bytes]","args":[{"selector":{"id":"application-managepartners-display-component---masterPtm--smartFilterBar-btnBasicSearch","interaction":{"idSuffix":"I"}},"wdio_ui5_key":"applicationmanagepartners-display-component---masterPtm--smartFilterBar-btnBasicSearch"}]}
RESULT: {"script":"<script> [1562 bytes]","args":[{"selector":{"id":"application-managepartners-display-component---masterPtm--smartFilterBar-btnBasicSearch","interaction":{"idSuffix":"I"}},"wdio_ui5_key":"applicationmanagepartners-display-component---masterPtm--smartFilterBar-btnBasicSearch"}]}
RESULT: undefined
COMMAND: POST /session/a5b66c13a27a9e41cdce2979e8d5c27d/execute/async - {"script":"<script> [776 bytes]","args":[{"enterText":"1083","selector":{"id":"application-managepartners-display-component---masterPtm--smartFilterBar-btnBasicSearch","interaction":{"idSuffix":"I"}},"clearTextFirst":true,"interactionType":"ENTER_TEXT"}]}
RESULT: {"script":"<script> [776 bytes]","args":[{"enterText":"1083","selector":{"id":"application-managepartners-display-component---masterPtm--smartFilterBar-btnBasicSearch","interaction":{"idSuffix":"I"}},"clearTextFirst":true,"interactionType":"ENTER_TEXT"}]}
COMMAND: POST /session/a5b66c13a27a9e41cdce2979e8d5c27d/actions - {"actions":[{"id":"action6","type":"key","parameters":{},"actions":[{"type":"keyDown","value":""},{"type":"pause","duration":10},{"type":"keyUp","value":""}]}]}
RESULT: {"actions":[{"id":"action6","type":"key","parameters":{},"actions":[{"type":"keyDown","value":""},{"type":"pause","duration":10},{"type":"keyUp","value":""}]}]}
COMMAND: GET /session/a5b66c13a27a9e41cdce2979e8d5c27d/screenshot - {}
RESULT: {}
COMMAND: POST /session/a5b66c13a27a9e41cdce2979e8d5c27d/elements - {"using":"xpath","value":"//table[contains(@id, \"customPartnersTable-listUl\")]/tbody/tr"}
RESULT: {"using":"xpath","value":"//table[contains(@id, \"customPartnersTable-listUl\")]/tbody/tr"}
COMMAND: POST /session/a5b66c13a27a9e41cdce2979e8d5c27d/element - {"using":"xpath","value":"//table[contains(@id, \"customPartnersTable-listUl\")]/tbody/tr[1]/td[3]/span"}
RESULT: {"using":"xpath","value":"//table[contains(@id, \"customPartnersTable-listUl\")]/tbody/tr[1]/td[3]/span"}
COMMAND: POST /session/a5b66c13a27a9e41cdce2979e8d5c27d/elements - {"using":"xpath","value":"//table[contains(@id, \"customPartnersTable-listUl\")]/tbody/tr[1]/td[3]/span"}
RESULT: {"using":"xpath","value":"//table[contains(@id, \"customPartnersTable-listUl\")]/tbody/tr[1]/td[3]/span"}
COMMAND: POST /session/a5b66c13a27a9e41cdce2979e8d5c27d/execute/sync - {"script":"<script> [56 bytes]","args":[{"element-6066-11e4-a52e-4f735466cecf":"f.17D56A192CD4E7C0015A92528EE77794.d.0D63393C03B116A2DD29010CCA4E1EFF.e.2155","ELEMENT":"f.17D56A192CD4E7C0015A92528EE77794.d.0D63393C03B116A2DD29010CCA4E1EFF.e.2155"}]}
RESULT: {"script":"<script> [56 bytes]","args":[{"element-6066-11e4-a52e-4f735466cecf":"f.17D56A192CD4E7C0015A92528EE77794.d.0D63393C03B116A2DD29010CCA4E1EFF.e.2155","ELEMENT":"f.17D56A192CD4E7C0015A92528EE77794.d.0D63393C03B116A2DD29010CCA4E1EFF.e.2155"}]}
COMMAND: POST /session/a5b66c13a27a9e41cdce2979e8d5c27d/element - {"using":"xpath","value":"//table[contains(@id, \"customPartnersTable-listUl\")]/tbody/tr[1]/td[7]/div/span"}
COMMAND: GET /session/a5b66c13a27a9e41cdce2979e8d5c27d/screenshot - {}
RESULT: {"using":"xpath","value":"//table[contains(@id, \"customPartnersTable-listUl\")]/tbody/tr[1]/td[7]/div/span"}
COMMAND: POST /session/a5b66c13a27a9e41cdce2979e8d5c27d/execute/sync - {"script":"<script> [56 bytes]","args":[{"element-6066-11e4-a52e-4f735466cecf":"f.17D56A192CD4E7C0015A92528EE77794.d.0D63393C03B116A2DD29010CCA4E1EFF.e.2156","ELEMENT":"f.17D56A192CD4E7C0015A92528EE77794.d.0D63393C03B116A2DD29010CCA4E1EFF.e.2156"}]}
RESULT: {}
RESULT: {"script":"<script> [56 bytes]","args":[{"element-6066-11e4-a52e-4f735466cecf":"f.17D56A192CD4E7C0015A92528EE77794.d.0D63393C03B116A2DD29010CCA4E1EFF.e.2156","ELEMENT":"f.17D56A192CD4E7C0015A92528EE77794.d.0D63393C03B116A2DD29010CCA4E1EFF.e.2156"}]}
COMMAND: POST /session/a5b66c13a27a9e41cdce2979e8d5c27d/element - {"using":"xpath","value":"//table[contains(@id, \"customPartnersTable-listUl\")]/tbody/tr[1]/td[2]/div/div"}
COMMAND: GET /session/a5b66c13a27a9e41cdce2979e8d5c27d/screenshot - {}
RESULT: {"using":"xpath","value":"//table[contains(@id, \"customPartnersTable-listUl\")]/tbody/tr[1]/td[2]/div/div"}
COMMAND: POST /session/a5b66c13a27a9e41cdce2979e8d5c27d/element/f.17D56A192CD4E7C0015A92528EE77794.d.0D63393C03B116A2DD29010CCA4E1EFF.e.2148/click - {}
RESULT: {}
RESULT: {}
COMMAND: GET /session/a5b66c13a27a9e41cdce2979e8d5c27d/screenshot - {}
RESULT: {}
COMMAND: POST /session/a5b66c13a27a9e41cdce2979e8d5c27d/element - {"using":"xpath","value":"//bdi[contains(text(), \"Deactivate\")]"}
RESULT: {"using":"xpath","value":"//bdi[contains(text(), \"Deactivate\")]"}
COMMAND: POST /session/a5b66c13a27a9e41cdce2979e8d5c27d/element/f.17D56A192CD4E7C0015A92528EE77794.d.0D63393C03B116A2DD29010CCA4E1EFF.e.2157/click - {}
RESULT: {}
COMMAND: GET /session/a5b66c13a27a9e41cdce2979e8d5c27d/screenshot - {}
RESULT: {}
COMMAND: POST /session/a5b66c13a27a9e41cdce2979e8d5c27d/element - {"using":"xpath","value":"//bdi[contains(text(), \"Yes\")]"}
RESULT: {"using":"xpath","value":"//bdi[contains(text(), \"Yes\")]"}
COMMAND: POST /session/a5b66c13a27a9e41cdce2979e8d5c27d/element/f.17D56A192CD4E7C0015A92528EE77794.d.0D63393C03B116A2DD29010CCA4E1EFF.e.2159/click - {}
RESULT: {}
COMMAND: GET /session/a5b66c13a27a9e41cdce2979e8d5c27d/screenshot - {}
RESULT: {}
COMMAND: POST /session/a5b66c13a27a9e41cdce2979e8d5c27d/element - {"using":"xpath","value":"//table[contains(@id, \"customPartnersTable-listUl\")]/tbody/tr[1]/td[7]/div/span"}
RESULT: {"using":"xpath","value":"//table[contains(@id, \"customPartnersTable-listUl\")]/tbody/tr[1]/td[7]/div/span"}
COMMAND: POST /session/a5b66c13a27a9e41cdce2979e8d5c27d/execute/sync - {"script":"<script> [56 bytes]","args":[{"element-6066-11e4-a52e-4f735466cecf":"f.17D56A192CD4E7C0015A92528EE77794.d.0D63393C03B116A2DD29010CCA4E1EFF.e.2156","ELEMENT":"f.17D56A192CD4E7C0015A92528EE77794.d.0D63393C03B116A2DD29010CCA4E1EFF.e.2156"}]}
RESULT: {"script":"<script> [56 bytes]","args":[{"element-6066-11e4-a52e-4f735466cecf":"f.17D56A192CD4E7C0015A92528EE77794.d.0D63393C03B116A2DD29010CCA4E1EFF.e.2156","ELEMENT":"f.17D56A192CD4E7C0015A92528EE77794.d.0D63393C03B116A2DD29010CCA4E1EFF.e.2156"}]}
COMMAND: GET /session/a5b66c13a27a9e41cdce2979e8d5c27d/screenshot - {}
RESULT: {}
COMMAND: POST /session/a5b66c13a27a9e41cdce2979e8d5c27d/element - {"using":"css selector","value":"#shell-header-logo"}
RESULT: {"using":"css selector","value":"#shell-header-logo"}
COMMAND: POST /session/a5b66c13a27a9e41cdce2979e8d5c27d/element/f.17D56A192CD4E7C0015A92528EE77794.d.0D63393C03B116A2DD29010CCA4E1EFF.e.1997/click - {}
RESULT: {}
COMMAND: GET /session/a5b66c13a27a9e41cdce2979e8d5c27d/screenshot - {}
RESULT: {}
]]></system-out>
    </testcase>
    <testcase classname="chrome.135_0_7049_42.windows.Partner_specific_tests_US150819_US151080_US151654_US151176" name="Should activate the created partner again US151176" time="43.774">
      <system-out><![CDATA[
RESULT: undefined
COMMAND: POST /session/a5b66c13a27a9e41cdce2979e8d5c27d/element - {"using":"xpath","value":"//*[@id=\"__tile38\"]"}
RESULT: {"using":"xpath","value":"//*[@id=\"__tile38\"]"}
COMMAND: POST /session/a5b66c13a27a9e41cdce2979e8d5c27d/element/f.17D56A192CD4E7C0015A92528EE77794.d.0D63393C03B116A2DD29010CCA4E1EFF.e.893/click - {}
RESULT: {}
COMMAND: POST /session/a5b66c13a27a9e41cdce2979e8d5c27d/element - {"using":"xpath","value":"//button[@data-kt=\"addButton\"]"}
COMMAND: GET /session/a5b66c13a27a9e41cdce2979e8d5c27d/screenshot - {}
RESULT: {"using":"xpath","value":"//button[@data-kt=\"addButton\"]"}
COMMAND: POST /session/a5b66c13a27a9e41cdce2979e8d5c27d/elements - {"using":"xpath","value":"//button[@data-kt=\"addButton\"]"}
RESULT: {}
RESULT: {"using":"xpath","value":"//button[@data-kt=\"addButton\"]"}
COMMAND: POST /session/a5b66c13a27a9e41cdce2979e8d5c27d/elements - {"using":"xpath","value":"//button[@data-kt=\"addButton\"]"}
RESULT: {"using":"xpath","value":"//button[@data-kt=\"addButton\"]"}
COMMAND: POST /session/a5b66c13a27a9e41cdce2979e8d5c27d/element - {"using":"xpath","value":"//button[@data-kt=\"addButton\"]"}
RESULT: {"using":"xpath","value":"//button[@data-kt=\"addButton\"]"}
COMMAND: POST /session/a5b66c13a27a9e41cdce2979e8d5c27d/execute/sync - {"script":"<script> [8489 bytes]","args":[{"element-6066-11e4-a52e-4f735466cecf":"f.17D56A192CD4E7C0015A92528EE77794.d.0D63393C03B116A2DD29010CCA4E1EFF.e.2209","ELEMENT":"f.17D56A192CD4E7C0015A92528EE77794.d.0D63393C03B116A2DD29010CCA4E1EFF.e.2209"}]}
RESULT: {"script":"<script> [8489 bytes]","args":[{"element-6066-11e4-a52e-4f735466cecf":"f.17D56A192CD4E7C0015A92528EE77794.d.0D63393C03B116A2DD29010CCA4E1EFF.e.2209","ELEMENT":"f.17D56A192CD4E7C0015A92528EE77794.d.0D63393C03B116A2DD29010CCA4E1EFF.e.2209"}]}
COMMAND: GET /session/a5b66c13a27a9e41cdce2979e8d5c27d/element/f.17D56A192CD4E7C0015A92528EE77794.d.0D63393C03B116A2DD29010CCA4E1EFF.e.2209/enabled - {}
COMMAND: GET /session/a5b66c13a27a9e41cdce2979e8d5c27d/screenshot - {}
RESULT: {}
COMMAND: POST /session/a5b66c13a27a9e41cdce2979e8d5c27d/execute/sync - {"script":"<script> [8489 bytes]","args":[{"element-6066-11e4-a52e-4f735466cecf":"f.17D56A192CD4E7C0015A92528EE77794.d.0D63393C03B116A2DD29010CCA4E1EFF.e.2209","ELEMENT":"f.17D56A192CD4E7C0015A92528EE77794.d.0D63393C03B116A2DD29010CCA4E1EFF.e.2209"}]}
COMMAND: GET /session/a5b66c13a27a9e41cdce2979e8d5c27d/screenshot - {}
RESULT: {}
RESULT: {"script":"<script> [8489 bytes]","args":[{"element-6066-11e4-a52e-4f735466cecf":"f.17D56A192CD4E7C0015A92528EE77794.d.0D63393C03B116A2DD29010CCA4E1EFF.e.2209","ELEMENT":"f.17D56A192CD4E7C0015A92528EE77794.d.0D63393C03B116A2DD29010CCA4E1EFF.e.2209"}]}
COMMAND: POST /session/a5b66c13a27a9e41cdce2979e8d5c27d/execute/sync - {"script":"<script> [5351 bytes]","args":[{"element-6066-11e4-a52e-4f735466cecf":"f.17D56A192CD4E7C0015A92528EE77794.d.0D63393C03B116A2DD29010CCA4E1EFF.e.2209","ELEMENT":"f.17D56A192CD4E7C0015A92528EE77794.d.0D63393C03B116A2DD29010CCA4E1EFF.e.2209"}]}
COMMAND: GET /session/a5b66c13a27a9e41cdce2979e8d5c27d/screenshot - {}
RESULT: {}
RESULT: {"script":"<script> [5351 bytes]","args":[{"element-6066-11e4-a52e-4f735466cecf":"f.17D56A192CD4E7C0015A92528EE77794.d.0D63393C03B116A2DD29010CCA4E1EFF.e.2209","ELEMENT":"f.17D56A192CD4E7C0015A92528EE77794.d.0D63393C03B116A2DD29010CCA4E1EFF.e.2209"}]}
COMMAND: GET /session/a5b66c13a27a9e41cdce2979e8d5c27d/screenshot - {}
RESULT: {}
RESULT: {}
RESULT: undefined
COMMAND: POST /session/a5b66c13a27a9e41cdce2979e8d5c27d/execute/async - {"script":"<script> [776 bytes]","args":[{"enterText":"1083","selector":{"id":"application-managepartners-display-component---masterPtm--smartFilterBar-btnBasicSearch","interaction":{"idSuffix":"I"}},"clearTextFirst":true,"interactionType":"ENTER_TEXT"}]}
RESULT: {"script":"<script> [776 bytes]","args":[{"enterText":"1083","selector":{"id":"application-managepartners-display-component---masterPtm--smartFilterBar-btnBasicSearch","interaction":{"idSuffix":"I"}},"clearTextFirst":true,"interactionType":"ENTER_TEXT"}]}
COMMAND: POST /session/a5b66c13a27a9e41cdce2979e8d5c27d/actions - {"actions":[{"id":"action7","type":"key","parameters":{},"actions":[{"type":"keyDown","value":""},{"type":"pause","duration":10},{"type":"keyUp","value":""}]}]}
RESULT: {"actions":[{"id":"action7","type":"key","parameters":{},"actions":[{"type":"keyDown","value":""},{"type":"pause","duration":10},{"type":"keyUp","value":""}]}]}
COMMAND: GET /session/a5b66c13a27a9e41cdce2979e8d5c27d/screenshot - {}
RESULT: {}
COMMAND: POST /session/a5b66c13a27a9e41cdce2979e8d5c27d/elements - {"using":"xpath","value":"//table[contains(@id, \"customPartnersTable-listUl\")]/tbody/tr"}
RESULT: {"using":"xpath","value":"//table[contains(@id, \"customPartnersTable-listUl\")]/tbody/tr"}
COMMAND: POST /session/a5b66c13a27a9e41cdce2979e8d5c27d/element - {"using":"xpath","value":"//table[contains(@id, \"customPartnersTable-listUl\")]/tbody/tr[1]/td[3]/span"}
RESULT: {"using":"xpath","value":"//table[contains(@id, \"customPartnersTable-listUl\")]/tbody/tr[1]/td[3]/span"}
COMMAND: POST /session/a5b66c13a27a9e41cdce2979e8d5c27d/elements - {"using":"xpath","value":"//table[contains(@id, \"customPartnersTable-listUl\")]/tbody/tr[1]/td[3]/span"}
RESULT: {"using":"xpath","value":"//table[contains(@id, \"customPartnersTable-listUl\")]/tbody/tr[1]/td[3]/span"}
COMMAND: POST /session/a5b66c13a27a9e41cdce2979e8d5c27d/execute/sync - {"script":"<script> [56 bytes]","args":[{"element-6066-11e4-a52e-4f735466cecf":"f.17D56A192CD4E7C0015A92528EE77794.d.0D63393C03B116A2DD29010CCA4E1EFF.e.2323","ELEMENT":"f.17D56A192CD4E7C0015A92528EE77794.d.0D63393C03B116A2DD29010CCA4E1EFF.e.2323"}]}
RESULT: {"script":"<script> [56 bytes]","args":[{"element-6066-11e4-a52e-4f735466cecf":"f.17D56A192CD4E7C0015A92528EE77794.d.0D63393C03B116A2DD29010CCA4E1EFF.e.2323","ELEMENT":"f.17D56A192CD4E7C0015A92528EE77794.d.0D63393C03B116A2DD29010CCA4E1EFF.e.2323"}]}
COMMAND: POST /session/a5b66c13a27a9e41cdce2979e8d5c27d/element - {"using":"xpath","value":"//table[contains(@id, \"customPartnersTable-listUl\")]/tbody/tr[1]/td[7]/div/span"}
COMMAND: GET /session/a5b66c13a27a9e41cdce2979e8d5c27d/screenshot - {}
RESULT: {"using":"xpath","value":"//table[contains(@id, \"customPartnersTable-listUl\")]/tbody/tr[1]/td[7]/div/span"}
COMMAND: POST /session/a5b66c13a27a9e41cdce2979e8d5c27d/execute/sync - {"script":"<script> [56 bytes]","args":[{"element-6066-11e4-a52e-4f735466cecf":"f.17D56A192CD4E7C0015A92528EE77794.d.0D63393C03B116A2DD29010CCA4E1EFF.e.2324","ELEMENT":"f.17D56A192CD4E7C0015A92528EE77794.d.0D63393C03B116A2DD29010CCA4E1EFF.e.2324"}]}
RESULT: {}
RESULT: {"script":"<script> [56 bytes]","args":[{"element-6066-11e4-a52e-4f735466cecf":"f.17D56A192CD4E7C0015A92528EE77794.d.0D63393C03B116A2DD29010CCA4E1EFF.e.2324","ELEMENT":"f.17D56A192CD4E7C0015A92528EE77794.d.0D63393C03B116A2DD29010CCA4E1EFF.e.2324"}]}
COMMAND: POST /session/a5b66c13a27a9e41cdce2979e8d5c27d/element - {"using":"xpath","value":"//table[contains(@id, \"customPartnersTable-listUl\")]/tbody/tr[1]/td[2]/div/div"}
COMMAND: GET /session/a5b66c13a27a9e41cdce2979e8d5c27d/screenshot - {}
RESULT: {"using":"xpath","value":"//table[contains(@id, \"customPartnersTable-listUl\")]/tbody/tr[1]/td[2]/div/div"}
COMMAND: POST /session/a5b66c13a27a9e41cdce2979e8d5c27d/element/f.17D56A192CD4E7C0015A92528EE77794.d.0D63393C03B116A2DD29010CCA4E1EFF.e.2316/click - {}
RESULT: {}
RESULT: {}
COMMAND: GET /session/a5b66c13a27a9e41cdce2979e8d5c27d/screenshot - {}
RESULT: {}
COMMAND: POST /session/a5b66c13a27a9e41cdce2979e8d5c27d/element - {"using":"xpath","value":"//bdi[contains(text(), \"Activate\")]"}
RESULT: {"using":"xpath","value":"//bdi[contains(text(), \"Activate\")]"}
COMMAND: POST /session/a5b66c13a27a9e41cdce2979e8d5c27d/element/f.17D56A192CD4E7C0015A92528EE77794.d.0D63393C03B116A2DD29010CCA4E1EFF.e.2325/click - {}
RESULT: {}
COMMAND: GET /session/a5b66c13a27a9e41cdce2979e8d5c27d/screenshot - {}
RESULT: {}
COMMAND: POST /session/a5b66c13a27a9e41cdce2979e8d5c27d/element - {"using":"xpath","value":"//bdi[contains(text(), \"Yes\")]"}
RESULT: {"using":"xpath","value":"//bdi[contains(text(), \"Yes\")]"}
COMMAND: POST /session/a5b66c13a27a9e41cdce2979e8d5c27d/element/f.17D56A192CD4E7C0015A92528EE77794.d.0D63393C03B116A2DD29010CCA4E1EFF.e.2327/click - {}
RESULT: {}
COMMAND: GET /session/a5b66c13a27a9e41cdce2979e8d5c27d/screenshot - {}
RESULT: {}
COMMAND: POST /session/a5b66c13a27a9e41cdce2979e8d5c27d/element - {"using":"xpath","value":"//table[contains(@id, \"customPartnersTable-listUl\")]/tbody/tr[1]/td[7]/div/span"}
RESULT: {"using":"xpath","value":"//table[contains(@id, \"customPartnersTable-listUl\")]/tbody/tr[1]/td[7]/div/span"}
COMMAND: POST /session/a5b66c13a27a9e41cdce2979e8d5c27d/execute/sync - {"script":"<script> [56 bytes]","args":[{"element-6066-11e4-a52e-4f735466cecf":"f.17D56A192CD4E7C0015A92528EE77794.d.0D63393C03B116A2DD29010CCA4E1EFF.e.2324","ELEMENT":"f.17D56A192CD4E7C0015A92528EE77794.d.0D63393C03B116A2DD29010CCA4E1EFF.e.2324"}]}
RESULT: {"script":"<script> [56 bytes]","args":[{"element-6066-11e4-a52e-4f735466cecf":"f.17D56A192CD4E7C0015A92528EE77794.d.0D63393C03B116A2DD29010CCA4E1EFF.e.2324","ELEMENT":"f.17D56A192CD4E7C0015A92528EE77794.d.0D63393C03B116A2DD29010CCA4E1EFF.e.2324"}]}
COMMAND: GET /session/a5b66c13a27a9e41cdce2979e8d5c27d/screenshot - {}
RESULT: {}
COMMAND: POST /session/a5b66c13a27a9e41cdce2979e8d5c27d/element - {"using":"css selector","value":"#shell-header-logo"}
RESULT: {"using":"css selector","value":"#shell-header-logo"}
COMMAND: POST /session/a5b66c13a27a9e41cdce2979e8d5c27d/element/f.17D56A192CD4E7C0015A92528EE77794.d.0D63393C03B116A2DD29010CCA4E1EFF.e.2164/click - {}
RESULT: {}
COMMAND: GET /session/a5b66c13a27a9e41cdce2979e8d5c27d/screenshot - {}
RESULT: {}
COMMAND: DELETE /session/a5b66c13a27a9e41cdce2979e8d5c27d - {}
RESULT: {}
]]></system-out>
    </testcase>
  </testsuite>
</testsuites>