<?xml version="1.0" encoding="UTF-8"?>
<testsuites tests="49" failures="0" errors="0" skipped="0">
  <testsuite timestamp="2025-05-13T15:10:16" time="1975.911" tests="49" failures="0" errors="0" skipped="0">
    <properties>
      <property name="specId" value="0" />
      <property name="suiteName" value="Sanity Tests US104253" />
      <property name="capabilities" value="chrome.136_0_7103_49.windows" />
      <property name="file" value="file:///D:/a/1/s/test/specs/General/sanity.spec.js" />
    </properties>
    <testcase classname="chrome.136_0_7103_49.windows.Sanity_Tests_US104253" name="Should open Manage Partners page" time="44.834">
      <system-out><![CDATA[
COMMAND: POST /session/33495d3582e1ae9d795edae8d05afa86/execute/async - {"script":"<script> [1562 bytes]","args":[{"selector":{"controlType":"sap.m.GenericTile","properties":{"header":"Manage Partners"}},"wdio_ui5_key":"sapm.GenericTile{\"header\":\"Manage Partners\"}"}]}
RESULT: {"script":"<script> [1562 bytes]","args":[{"selector":{"controlType":"sap.m.GenericTile","properties":{"header":"Manage Partners"}},"wdio_ui5_key":"sapm.GenericTile{\"header\":\"Manage Partners\"}"}]}
RESULT: undefined
COMMAND: POST /session/33495d3582e1ae9d795edae8d05afa86/element - {"using":"xpath","value":"//*[@id=\"__tile38\"]"}
RESULT: {"using":"xpath","value":"//*[@id=\"__tile38\"]"}
COMMAND: POST /session/33495d3582e1ae9d795edae8d05afa86/element/f.99972AF7A4A37AB9389516F879C83B90.d.45D27D88E42DB6542E25F2A7CD116E73.e.113/click - {}
RESULT: {}
COMMAND: GET /session/33495d3582e1ae9d795edae8d05afa86/screenshot - {}
RESULT: {}
COMMAND: POST /session/33495d3582e1ae9d795edae8d05afa86/elements - {"using":"xpath","value":"//span[text()='Error']"}
RESULT: {"using":"xpath","value":"//span[text()='Error']"}
RESULT: undefined
COMMAND: POST /session/33495d3582e1ae9d795edae8d05afa86/element - {"using":"xpath","value":"//*[@id=\"__tile38\"]"}
RESULT: {"using":"xpath","value":"//*[@id=\"__tile38\"]"}
COMMAND: POST /session/33495d3582e1ae9d795edae8d05afa86/element/f.99972AF7A4A37AB9389516F879C83B90.d.45D27D88E42DB6542E25F2A7CD116E73.e.113/click - {}
RESULT: undefined
COMMAND: POST /session/33495d3582e1ae9d795edae8d05afa86/element - {"using":"xpath","value":"//*[@id=\"__tile38\"]"}
RESULT: {"using":"xpath","value":"//*[@id=\"__tile38\"]"}
COMMAND: POST /session/33495d3582e1ae9d795edae8d05afa86/element/f.99972AF7A4A37AB9389516F879C83B90.d.45D27D88E42DB6542E25F2A7CD116E73.e.113/click - {}
COMMAND: POST /session/33495d3582e1ae9d795edae8d05afa86/execute/async - {"script":"<script> [1562 bytes]","args":[{"selector":{"id":"shellAppTitle"},"wdio_ui5_key":"shellAppTitle"}]}
RESULT: {"script":"<script> [1562 bytes]","args":[{"selector":{"id":"shellAppTitle"},"wdio_ui5_key":"shellAppTitle"}]}
RESULT: undefined
COMMAND: POST /session/33495d3582e1ae9d795edae8d05afa86/execute/async - {"script":"<script> [6424 bytes]","args":[{"element-6066-11e4-a52e-4f735466cecf":"f.99972AF7A4A37AB9389516F879C83B90.d.45D27D88E42DB6542E25F2A7CD116E73.e.260"},"getTitle",[]]}
RESULT: {"script":"<script> [6424 bytes]","args":[{"element-6066-11e4-a52e-4f735466cecf":"f.99972AF7A4A37AB9389516F879C83B90.d.45D27D88E42DB6542E25F2A7CD116E73.e.260"},"getTitle",[]]}
COMMAND: POST /session/33495d3582e1ae9d795edae8d05afa86/execute/async - {"script":"<script> [1562 bytes]","args":[{"selector":{"id":"backBtn"},"wdio_ui5_key":"backBtn"}]}
RESULT: {"script":"<script> [1562 bytes]","args":[{"selector":{"id":"backBtn"},"wdio_ui5_key":"backBtn"}]}
RESULT: undefined
COMMAND: POST /session/33495d3582e1ae9d795edae8d05afa86/element - {"using":"xpath","value":"//*[@id=\"backBtn\"]"}
RESULT: {"using":"xpath","value":"//*[@id=\"backBtn\"]"}
COMMAND: POST /session/33495d3582e1ae9d795edae8d05afa86/element/f.99972AF7A4A37AB9389516F879C83B90.d.45D27D88E42DB6542E25F2A7CD116E73.e.261/click - {}
RESULT: {}
COMMAND: GET /session/33495d3582e1ae9d795edae8d05afa86/screenshot - {}
RESULT: {}
]]></system-out>
    </testcase>
    <testcase classname="chrome.136_0_7103_49.windows.Sanity_Tests_US104253" name="Should open Manage Sites page" time="36.295">
      <system-out><![CDATA[
COMMAND: POST /session/33495d3582e1ae9d795edae8d05afa86/execute/async - {"script":"<script> [1562 bytes]","args":[{"selector":{"controlType":"sap.m.GenericTile","properties":{"header":"Manage Sites"}},"wdio_ui5_key":"sapm.GenericTile{\"header\":\"Manage Sites\"}"}]}
RESULT: {"script":"<script> [1562 bytes]","args":[{"selector":{"controlType":"sap.m.GenericTile","properties":{"header":"Manage Sites"}},"wdio_ui5_key":"sapm.GenericTile{\"header\":\"Manage Sites\"}"}]}
RESULT: undefined
COMMAND: POST /session/33495d3582e1ae9d795edae8d05afa86/element - {"using":"xpath","value":"//*[@id=\"__tile40\"]"}
RESULT: {"using":"xpath","value":"//*[@id=\"__tile40\"]"}
COMMAND: POST /session/33495d3582e1ae9d795edae8d05afa86/element/f.99972AF7A4A37AB9389516F879C83B90.d.45D27D88E42DB6542E25F2A7CD116E73.e.263/click - {}
RESULT: {}
COMMAND: GET /session/33495d3582e1ae9d795edae8d05afa86/screenshot - {}
RESULT: {}
COMMAND: POST /session/33495d3582e1ae9d795edae8d05afa86/elements - {"using":"xpath","value":"//span[text()='Error']"}
RESULT: {"using":"xpath","value":"//span[text()='Error']"}
RESULT: undefined
COMMAND: POST /session/33495d3582e1ae9d795edae8d05afa86/element - {"using":"xpath","value":"//*[@id=\"__tile40\"]"}
RESULT: {"using":"xpath","value":"//*[@id=\"__tile40\"]"}
COMMAND: POST /session/33495d3582e1ae9d795edae8d05afa86/element/f.99972AF7A4A37AB9389516F879C83B90.d.45D27D88E42DB6542E25F2A7CD116E73.e.263/click - {}
RESULT: undefined
COMMAND: POST /session/33495d3582e1ae9d795edae8d05afa86/element - {"using":"xpath","value":"//*[@id=\"__tile40\"]"}
RESULT: {"using":"xpath","value":"//*[@id=\"__tile40\"]"}
COMMAND: POST /session/33495d3582e1ae9d795edae8d05afa86/element/f.99972AF7A4A37AB9389516F879C83B90.d.45D27D88E42DB6542E25F2A7CD116E73.e.263/click - {}
RESULT: undefined
COMMAND: POST /session/33495d3582e1ae9d795edae8d05afa86/execute/async - {"script":"<script> [6424 bytes]","args":[{"element-6066-11e4-a52e-4f735466cecf":"f.99972AF7A4A37AB9389516F879C83B90.d.45D27D88E42DB6542E25F2A7CD116E73.e.260"},"getTitle",[]]}
COMMAND: POST /session/33495d3582e1ae9d795edae8d05afa86/execute/async - {"script":"<script> [1562 bytes]","args":[{"selector":{"id":"shellAppTitle"},"wdio_ui5_key":"shellAppTitle"}]}
RESULT: {"script":"<script> [1562 bytes]","args":[{"selector":{"id":"shellAppTitle"},"wdio_ui5_key":"shellAppTitle"}]}
COMMAND: POST /session/33495d3582e1ae9d795edae8d05afa86/execute/async - {"script":"<script> [6424 bytes]","args":[{"element-6066-11e4-a52e-4f735466cecf":"f.99972AF7A4A37AB9389516F879C83B90.d.45D27D88E42DB6542E25F2A7CD116E73.e.424"},"getTitle",[]]}
RESULT: {"script":"<script> [6424 bytes]","args":[{"element-6066-11e4-a52e-4f735466cecf":"f.99972AF7A4A37AB9389516F879C83B90.d.45D27D88E42DB6542E25F2A7CD116E73.e.424"},"getTitle",[]]}
RESULT: undefined
COMMAND: POST /session/33495d3582e1ae9d795edae8d05afa86/element/f.99972AF7A4A37AB9389516F879C83B90.d.45D27D88E42DB6542E25F2A7CD116E73.e.261/click - {}
RESULT: {}
COMMAND: GET /session/33495d3582e1ae9d795edae8d05afa86/screenshot - {}
RESULT: {}
]]></system-out>
    </testcase>
    <testcase classname="chrome.136_0_7103_49.windows.Sanity_Tests_US104253" name="Should open Manage Resources page" time="37.836">
      <system-out><![CDATA[
COMMAND: POST /session/33495d3582e1ae9d795edae8d05afa86/execute/async - {"script":"<script> [1562 bytes]","args":[{"selector":{"controlType":"sap.m.GenericTile","properties":{"header":"Manage Resources"}},"wdio_ui5_key":"sapm.GenericTile{\"header\":\"Manage Resources\"}"}]}
RESULT: {"script":"<script> [1562 bytes]","args":[{"selector":{"controlType":"sap.m.GenericTile","properties":{"header":"Manage Resources"}},"wdio_ui5_key":"sapm.GenericTile{\"header\":\"Manage Resources\"}"}]}
RESULT: undefined
COMMAND: POST /session/33495d3582e1ae9d795edae8d05afa86/element - {"using":"xpath","value":"//*[@id=\"__tile39\"]"}
RESULT: {"using":"xpath","value":"//*[@id=\"__tile39\"]"}
COMMAND: POST /session/33495d3582e1ae9d795edae8d05afa86/element/f.99972AF7A4A37AB9389516F879C83B90.d.45D27D88E42DB6542E25F2A7CD116E73.e.426/click - {}
RESULT: {}
COMMAND: GET /session/33495d3582e1ae9d795edae8d05afa86/screenshot - {}
RESULT: {}
COMMAND: POST /session/33495d3582e1ae9d795edae8d05afa86/elements - {"using":"xpath","value":"//span[text()='Error']"}
RESULT: {"using":"xpath","value":"//span[text()='Error']"}
RESULT: undefined
COMMAND: POST /session/33495d3582e1ae9d795edae8d05afa86/element - {"using":"xpath","value":"//*[@id=\"__tile39\"]"}
RESULT: {"using":"xpath","value":"//*[@id=\"__tile39\"]"}
COMMAND: POST /session/33495d3582e1ae9d795edae8d05afa86/element/f.99972AF7A4A37AB9389516F879C83B90.d.45D27D88E42DB6542E25F2A7CD116E73.e.426/click - {}
RESULT: undefined
COMMAND: POST /session/33495d3582e1ae9d795edae8d05afa86/element - {"using":"xpath","value":"//*[@id=\"__tile39\"]"}
RESULT: {"using":"xpath","value":"//*[@id=\"__tile39\"]"}
COMMAND: POST /session/33495d3582e1ae9d795edae8d05afa86/element/f.99972AF7A4A37AB9389516F879C83B90.d.45D27D88E42DB6542E25F2A7CD116E73.e.426/click - {}
RESULT: undefined
COMMAND: POST /session/33495d3582e1ae9d795edae8d05afa86/execute/async - {"script":"<script> [6424 bytes]","args":[{"element-6066-11e4-a52e-4f735466cecf":"f.99972AF7A4A37AB9389516F879C83B90.d.45D27D88E42DB6542E25F2A7CD116E73.e.260"},"getTitle",[]]}
COMMAND: POST /session/33495d3582e1ae9d795edae8d05afa86/execute/async - {"script":"<script> [1562 bytes]","args":[{"selector":{"id":"shellAppTitle"},"wdio_ui5_key":"shellAppTitle"}]}
RESULT: {"script":"<script> [1562 bytes]","args":[{"selector":{"id":"shellAppTitle"},"wdio_ui5_key":"shellAppTitle"}]}
COMMAND: POST /session/33495d3582e1ae9d795edae8d05afa86/execute/async - {"script":"<script> [6424 bytes]","args":[{"element-6066-11e4-a52e-4f735466cecf":"f.99972AF7A4A37AB9389516F879C83B90.d.45D27D88E42DB6542E25F2A7CD116E73.e.598"},"getTitle",[]]}
RESULT: {"script":"<script> [6424 bytes]","args":[{"element-6066-11e4-a52e-4f735466cecf":"f.99972AF7A4A37AB9389516F879C83B90.d.45D27D88E42DB6542E25F2A7CD116E73.e.598"},"getTitle",[]]}
RESULT: undefined
COMMAND: POST /session/33495d3582e1ae9d795edae8d05afa86/element/f.99972AF7A4A37AB9389516F879C83B90.d.45D27D88E42DB6542E25F2A7CD116E73.e.261/click - {}
COMMAND: POST /session/33495d3582e1ae9d795edae8d05afa86/element - {"using":"xpath","value":"//*[@id=\"backBtn\"]"}
RESULT: {"using":"xpath","value":"//*[@id=\"backBtn\"]"}
COMMAND: POST /session/33495d3582e1ae9d795edae8d05afa86/element/f.99972AF7A4A37AB9389516F879C83B90.d.45D27D88E42DB6542E25F2A7CD116E73.e.261/click - {}
COMMAND: POST /session/33495d3582e1ae9d795edae8d05afa86/element - {"using":"xpath","value":"//*[@id=\"backBtn\"]"}
RESULT: {"using":"xpath","value":"//*[@id=\"backBtn\"]"}
COMMAND: POST /session/33495d3582e1ae9d795edae8d05afa86/element/f.99972AF7A4A37AB9389516F879C83B90.d.45D27D88E42DB6542E25F2A7CD116E73.e.599/click - {}
RESULT: {}
COMMAND: GET /session/33495d3582e1ae9d795edae8d05afa86/screenshot - {}
RESULT: {}
]]></system-out>
    </testcase>
    <testcase classname="chrome.136_0_7103_49.windows.Sanity_Tests_US104253" name="Should open Manage Catalogs page" time="36.502">
      <system-out><![CDATA[
COMMAND: POST /session/33495d3582e1ae9d795edae8d05afa86/execute/async - {"script":"<script> [1562 bytes]","args":[{"selector":{"controlType":"sap.m.GenericTile","properties":{"header":"Manage Catalogs"}},"wdio_ui5_key":"sapm.GenericTile{\"header\":\"Manage Catalogs\"}"}]}
RESULT: {"script":"<script> [1562 bytes]","args":[{"selector":{"controlType":"sap.m.GenericTile","properties":{"header":"Manage Catalogs"}},"wdio_ui5_key":"sapm.GenericTile{\"header\":\"Manage Catalogs\"}"}]}
RESULT: undefined
COMMAND: POST /session/33495d3582e1ae9d795edae8d05afa86/element - {"using":"xpath","value":"//*[@id=\"__tile37\"]"}
RESULT: {"using":"xpath","value":"//*[@id=\"__tile37\"]"}
COMMAND: POST /session/33495d3582e1ae9d795edae8d05afa86/element/f.99972AF7A4A37AB9389516F879C83B90.d.45D27D88E42DB6542E25F2A7CD116E73.e.601/click - {}
RESULT: {}
COMMAND: GET /session/33495d3582e1ae9d795edae8d05afa86/screenshot - {}
RESULT: {}
COMMAND: POST /session/33495d3582e1ae9d795edae8d05afa86/elements - {"using":"xpath","value":"//span[text()='Error']"}
RESULT: {"using":"xpath","value":"//span[text()='Error']"}
RESULT: undefined
COMMAND: POST /session/33495d3582e1ae9d795edae8d05afa86/element - {"using":"xpath","value":"//*[@id=\"__tile37\"]"}
RESULT: {"using":"xpath","value":"//*[@id=\"__tile37\"]"}
COMMAND: POST /session/33495d3582e1ae9d795edae8d05afa86/element/f.99972AF7A4A37AB9389516F879C83B90.d.45D27D88E42DB6542E25F2A7CD116E73.e.601/click - {}
RESULT: undefined
COMMAND: POST /session/33495d3582e1ae9d795edae8d05afa86/element - {"using":"xpath","value":"//*[@id=\"__tile37\"]"}
RESULT: {"using":"xpath","value":"//*[@id=\"__tile37\"]"}
COMMAND: POST /session/33495d3582e1ae9d795edae8d05afa86/element/f.99972AF7A4A37AB9389516F879C83B90.d.45D27D88E42DB6542E25F2A7CD116E73.e.601/click - {}
RESULT: undefined
COMMAND: POST /session/33495d3582e1ae9d795edae8d05afa86/execute/async - {"script":"<script> [6424 bytes]","args":[{"element-6066-11e4-a52e-4f735466cecf":"f.99972AF7A4A37AB9389516F879C83B90.d.45D27D88E42DB6542E25F2A7CD116E73.e.260"},"getTitle",[]]}
COMMAND: POST /session/33495d3582e1ae9d795edae8d05afa86/execute/async - {"script":"<script> [1562 bytes]","args":[{"selector":{"id":"shellAppTitle"},"wdio_ui5_key":"shellAppTitle"}]}
RESULT: {"script":"<script> [1562 bytes]","args":[{"selector":{"id":"shellAppTitle"},"wdio_ui5_key":"shellAppTitle"}]}
COMMAND: POST /session/33495d3582e1ae9d795edae8d05afa86/execute/async - {"script":"<script> [6424 bytes]","args":[{"element-6066-11e4-a52e-4f735466cecf":"f.99972AF7A4A37AB9389516F879C83B90.d.45D27D88E42DB6542E25F2A7CD116E73.e.670"},"getTitle",[]]}
RESULT: {"script":"<script> [6424 bytes]","args":[{"element-6066-11e4-a52e-4f735466cecf":"f.99972AF7A4A37AB9389516F879C83B90.d.45D27D88E42DB6542E25F2A7CD116E73.e.670"},"getTitle",[]]}
RESULT: undefined
COMMAND: POST /session/33495d3582e1ae9d795edae8d05afa86/element/f.99972AF7A4A37AB9389516F879C83B90.d.45D27D88E42DB6542E25F2A7CD116E73.e.599/click - {}
RESULT: {}
COMMAND: GET /session/33495d3582e1ae9d795edae8d05afa86/screenshot - {}
RESULT: {}
]]></system-out>
    </testcase>
    <testcase classname="chrome.136_0_7103_49.windows.Sanity_Tests_US104253" name="Should open Manage Calendars page" time="40.375">
      <system-out><![CDATA[
COMMAND: POST /session/33495d3582e1ae9d795edae8d05afa86/execute/async - {"script":"<script> [1562 bytes]","args":[{"selector":{"controlType":"sap.m.GenericTile","properties":{"header":"Manage Calendars"}},"wdio_ui5_key":"sapm.GenericTile{\"header\":\"Manage Calendars\"}"}]}
RESULT: {"script":"<script> [1562 bytes]","args":[{"selector":{"controlType":"sap.m.GenericTile","properties":{"header":"Manage Calendars"}},"wdio_ui5_key":"sapm.GenericTile{\"header\":\"Manage Calendars\"}"}]}
RESULT: undefined
COMMAND: POST /session/33495d3582e1ae9d795edae8d05afa86/element - {"using":"xpath","value":"//*[@id=\"__tile36\"]"}
RESULT: {"using":"xpath","value":"//*[@id=\"__tile36\"]"}
COMMAND: POST /session/33495d3582e1ae9d795edae8d05afa86/element/f.99972AF7A4A37AB9389516F879C83B90.d.45D27D88E42DB6542E25F2A7CD116E73.e.672/click - {}
RESULT: {}
COMMAND: GET /session/33495d3582e1ae9d795edae8d05afa86/screenshot - {}
RESULT: {}
COMMAND: POST /session/33495d3582e1ae9d795edae8d05afa86/elements - {"using":"xpath","value":"//span[text()='Error']"}
RESULT: {"using":"xpath","value":"//span[text()='Error']"}
RESULT: undefined
COMMAND: POST /session/33495d3582e1ae9d795edae8d05afa86/element - {"using":"xpath","value":"//*[@id=\"__tile36\"]"}
RESULT: {"using":"xpath","value":"//*[@id=\"__tile36\"]"}
COMMAND: POST /session/33495d3582e1ae9d795edae8d05afa86/element/f.99972AF7A4A37AB9389516F879C83B90.d.45D27D88E42DB6542E25F2A7CD116E73.e.672/click - {}
RESULT: undefined
COMMAND: POST /session/33495d3582e1ae9d795edae8d05afa86/element - {"using":"xpath","value":"//*[@id=\"__tile36\"]"}
RESULT: {"using":"xpath","value":"//*[@id=\"__tile36\"]"}
COMMAND: POST /session/33495d3582e1ae9d795edae8d05afa86/element/f.99972AF7A4A37AB9389516F879C83B90.d.45D27D88E42DB6542E25F2A7CD116E73.e.672/click - {}
RESULT: undefined
COMMAND: POST /session/33495d3582e1ae9d795edae8d05afa86/execute/async - {"script":"<script> [6424 bytes]","args":[{"element-6066-11e4-a52e-4f735466cecf":"f.99972AF7A4A37AB9389516F879C83B90.d.45D27D88E42DB6542E25F2A7CD116E73.e.260"},"getTitle",[]]}
COMMAND: POST /session/33495d3582e1ae9d795edae8d05afa86/execute/async - {"script":"<script> [1562 bytes]","args":[{"selector":{"id":"shellAppTitle"},"wdio_ui5_key":"shellAppTitle"}]}
RESULT: {"script":"<script> [1562 bytes]","args":[{"selector":{"id":"shellAppTitle"},"wdio_ui5_key":"shellAppTitle"}]}
COMMAND: POST /session/33495d3582e1ae9d795edae8d05afa86/execute/async - {"script":"<script> [6424 bytes]","args":[{"element-6066-11e4-a52e-4f735466cecf":"f.99972AF7A4A37AB9389516F879C83B90.d.45D27D88E42DB6542E25F2A7CD116E73.e.743"},"getTitle",[]]}
RESULT: {"script":"<script> [6424 bytes]","args":[{"element-6066-11e4-a52e-4f735466cecf":"f.99972AF7A4A37AB9389516F879C83B90.d.45D27D88E42DB6542E25F2A7CD116E73.e.743"},"getTitle",[]]}
RESULT: undefined
COMMAND: POST /session/33495d3582e1ae9d795edae8d05afa86/element/f.99972AF7A4A37AB9389516F879C83B90.d.45D27D88E42DB6542E25F2A7CD116E73.e.599/click - {}
COMMAND: POST /session/33495d3582e1ae9d795edae8d05afa86/element - {"using":"xpath","value":"//*[@id=\"backBtn\"]"}
RESULT: {"using":"xpath","value":"//*[@id=\"backBtn\"]"}
COMMAND: POST /session/33495d3582e1ae9d795edae8d05afa86/element/f.99972AF7A4A37AB9389516F879C83B90.d.45D27D88E42DB6542E25F2A7CD116E73.e.599/click - {}
COMMAND: POST /session/33495d3582e1ae9d795edae8d05afa86/element - {"using":"xpath","value":"//*[@id=\"backBtn\"]"}
RESULT: {"using":"xpath","value":"//*[@id=\"backBtn\"]"}
COMMAND: POST /session/33495d3582e1ae9d795edae8d05afa86/element/f.99972AF7A4A37AB9389516F879C83B90.d.45D27D88E42DB6542E25F2A7CD116E73.e.744/click - {}
RESULT: {}
COMMAND: GET /session/33495d3582e1ae9d795edae8d05afa86/screenshot - {}
RESULT: {}
]]></system-out>
    </testcase>
    <testcase classname="chrome.136_0_7103_49.windows.Sanity_Tests_US104253" name="Should open Address Management page" time="39.195">
      <system-out><![CDATA[
COMMAND: POST /session/33495d3582e1ae9d795edae8d05afa86/execute/async - {"script":"<script> [1562 bytes]","args":[{"selector":{"controlType":"sap.m.GenericTile","properties":{"header":"Address Management"}},"wdio_ui5_key":"sapm.GenericTile{\"header\":\"Address Management\"}"}]}
RESULT: {"script":"<script> [1562 bytes]","args":[{"selector":{"controlType":"sap.m.GenericTile","properties":{"header":"Address Management"}},"wdio_ui5_key":"sapm.GenericTile{\"header\":\"Address Management\"}"}]}
RESULT: undefined
COMMAND: POST /session/33495d3582e1ae9d795edae8d05afa86/element - {"using":"xpath","value":"//*[@id=\"__tile33\"]"}
RESULT: {"using":"xpath","value":"//*[@id=\"__tile33\"]"}
COMMAND: POST /session/33495d3582e1ae9d795edae8d05afa86/element/f.99972AF7A4A37AB9389516F879C83B90.d.45D27D88E42DB6542E25F2A7CD116E73.e.746/click - {}
RESULT: {}
COMMAND: GET /session/33495d3582e1ae9d795edae8d05afa86/screenshot - {}
RESULT: {}
COMMAND: POST /session/33495d3582e1ae9d795edae8d05afa86/elements - {"using":"xpath","value":"//span[text()='Error']"}
RESULT: {"using":"xpath","value":"//span[text()='Error']"}
RESULT: undefined
COMMAND: POST /session/33495d3582e1ae9d795edae8d05afa86/element - {"using":"xpath","value":"//*[@id=\"__tile33\"]"}
RESULT: {"using":"xpath","value":"//*[@id=\"__tile33\"]"}
COMMAND: POST /session/33495d3582e1ae9d795edae8d05afa86/element/f.99972AF7A4A37AB9389516F879C83B90.d.45D27D88E42DB6542E25F2A7CD116E73.e.746/click - {}
RESULT: undefined
COMMAND: POST /session/33495d3582e1ae9d795edae8d05afa86/element - {"using":"xpath","value":"//*[@id=\"__tile33\"]"}
RESULT: {"using":"xpath","value":"//*[@id=\"__tile33\"]"}
COMMAND: POST /session/33495d3582e1ae9d795edae8d05afa86/element/f.99972AF7A4A37AB9389516F879C83B90.d.45D27D88E42DB6542E25F2A7CD116E73.e.746/click - {}
RESULT: undefined
COMMAND: POST /session/33495d3582e1ae9d795edae8d05afa86/execute/async - {"script":"<script> [6424 bytes]","args":[{"element-6066-11e4-a52e-4f735466cecf":"f.99972AF7A4A37AB9389516F879C83B90.d.45D27D88E42DB6542E25F2A7CD116E73.e.260"},"getTitle",[]]}
COMMAND: POST /session/33495d3582e1ae9d795edae8d05afa86/execute/async - {"script":"<script> [1562 bytes]","args":[{"selector":{"id":"shellAppTitle"},"wdio_ui5_key":"shellAppTitle"}]}
RESULT: {"script":"<script> [1562 bytes]","args":[{"selector":{"id":"shellAppTitle"},"wdio_ui5_key":"shellAppTitle"}]}
COMMAND: POST /session/33495d3582e1ae9d795edae8d05afa86/execute/async - {"script":"<script> [6424 bytes]","args":[{"element-6066-11e4-a52e-4f735466cecf":"f.99972AF7A4A37AB9389516F879C83B90.d.45D27D88E42DB6542E25F2A7CD116E73.e.1106"},"getTitle",[]]}
RESULT: {"script":"<script> [6424 bytes]","args":[{"element-6066-11e4-a52e-4f735466cecf":"f.99972AF7A4A37AB9389516F879C83B90.d.45D27D88E42DB6542E25F2A7CD116E73.e.1106"},"getTitle",[]]}
RESULT: undefined
COMMAND: POST /session/33495d3582e1ae9d795edae8d05afa86/element/f.99972AF7A4A37AB9389516F879C83B90.d.45D27D88E42DB6542E25F2A7CD116E73.e.744/click - {}
RESULT: {}
COMMAND: GET /session/33495d3582e1ae9d795edae8d05afa86/screenshot - {}
RESULT: {}
]]></system-out>
    </testcase>
    <testcase classname="chrome.136_0_7103_49.windows.Sanity_Tests_US104253" name="Should open Bill Of Resources page" time="42.297">
      <system-out><![CDATA[
COMMAND: POST /session/33495d3582e1ae9d795edae8d05afa86/execute/async - {"script":"<script> [1562 bytes]","args":[{"selector":{"controlType":"sap.m.GenericTile","properties":{"header":"Bill Of Resources"}},"wdio_ui5_key":"sapm.GenericTile{\"header\":\"Bill Of Resources\"}"}]}
RESULT: {"script":"<script> [1562 bytes]","args":[{"selector":{"controlType":"sap.m.GenericTile","properties":{"header":"Bill Of Resources"}},"wdio_ui5_key":"sapm.GenericTile{\"header\":\"Bill Of Resources\"}"}]}
RESULT: undefined
COMMAND: POST /session/33495d3582e1ae9d795edae8d05afa86/element - {"using":"xpath","value":"//*[@id=\"__tile34\"]"}
RESULT: {"using":"xpath","value":"//*[@id=\"__tile34\"]"}
COMMAND: POST /session/33495d3582e1ae9d795edae8d05afa86/element/f.99972AF7A4A37AB9389516F879C83B90.d.45D27D88E42DB6542E25F2A7CD116E73.e.1108/click - {}
RESULT: {}
COMMAND: GET /session/33495d3582e1ae9d795edae8d05afa86/screenshot - {}
RESULT: {}
COMMAND: POST /session/33495d3582e1ae9d795edae8d05afa86/elements - {"using":"xpath","value":"//span[text()='Error']"}
RESULT: {"using":"xpath","value":"//span[text()='Error']"}
RESULT: undefined
COMMAND: POST /session/33495d3582e1ae9d795edae8d05afa86/element - {"using":"xpath","value":"//*[@id=\"__tile34\"]"}
RESULT: {"using":"xpath","value":"//*[@id=\"__tile34\"]"}
COMMAND: POST /session/33495d3582e1ae9d795edae8d05afa86/element/f.99972AF7A4A37AB9389516F879C83B90.d.45D27D88E42DB6542E25F2A7CD116E73.e.1108/click - {}
RESULT: undefined
COMMAND: POST /session/33495d3582e1ae9d795edae8d05afa86/element - {"using":"xpath","value":"//*[@id=\"__tile34\"]"}
RESULT: {"using":"xpath","value":"//*[@id=\"__tile34\"]"}
COMMAND: POST /session/33495d3582e1ae9d795edae8d05afa86/element/f.99972AF7A4A37AB9389516F879C83B90.d.45D27D88E42DB6542E25F2A7CD116E73.e.1108/click - {}
RESULT: undefined
COMMAND: POST /session/33495d3582e1ae9d795edae8d05afa86/execute/async - {"script":"<script> [6424 bytes]","args":[{"element-6066-11e4-a52e-4f735466cecf":"f.99972AF7A4A37AB9389516F879C83B90.d.45D27D88E42DB6542E25F2A7CD116E73.e.260"},"getTitle",[]]}
COMMAND: POST /session/33495d3582e1ae9d795edae8d05afa86/execute/async - {"script":"<script> [1562 bytes]","args":[{"selector":{"id":"shellAppTitle"},"wdio_ui5_key":"shellAppTitle"}]}
RESULT: {"script":"<script> [1562 bytes]","args":[{"selector":{"id":"shellAppTitle"},"wdio_ui5_key":"shellAppTitle"}]}
COMMAND: POST /session/33495d3582e1ae9d795edae8d05afa86/execute/async - {"script":"<script> [6424 bytes]","args":[{"element-6066-11e4-a52e-4f735466cecf":"f.99972AF7A4A37AB9389516F879C83B90.d.45D27D88E42DB6542E25F2A7CD116E73.e.1190"},"getTitle",[]]}
RESULT: {"script":"<script> [6424 bytes]","args":[{"element-6066-11e4-a52e-4f735466cecf":"f.99972AF7A4A37AB9389516F879C83B90.d.45D27D88E42DB6542E25F2A7CD116E73.e.1190"},"getTitle",[]]}
RESULT: undefined
COMMAND: POST /session/33495d3582e1ae9d795edae8d05afa86/element/f.99972AF7A4A37AB9389516F879C83B90.d.45D27D88E42DB6542E25F2A7CD116E73.e.744/click - {}
COMMAND: POST /session/33495d3582e1ae9d795edae8d05afa86/element - {"using":"xpath","value":"//*[@id=\"backBtn\"]"}
RESULT: {"using":"xpath","value":"//*[@id=\"backBtn\"]"}
COMMAND: POST /session/33495d3582e1ae9d795edae8d05afa86/element/f.99972AF7A4A37AB9389516F879C83B90.d.45D27D88E42DB6542E25F2A7CD116E73.e.744/click - {}
COMMAND: POST /session/33495d3582e1ae9d795edae8d05afa86/element - {"using":"xpath","value":"//*[@id=\"backBtn\"]"}
RESULT: {"using":"xpath","value":"//*[@id=\"backBtn\"]"}
COMMAND: POST /session/33495d3582e1ae9d795edae8d05afa86/element/f.99972AF7A4A37AB9389516F879C83B90.d.45D27D88E42DB6542E25F2A7CD116E73.e.1191/click - {}
RESULT: {}
COMMAND: GET /session/33495d3582e1ae9d795edae8d05afa86/screenshot - {}
RESULT: {}
]]></system-out>
    </testcase>
    <testcase classname="chrome.136_0_7103_49.windows.Sanity_Tests_US104253" name="Should open Manage Yards page" time="38.53">
      <system-out><![CDATA[
COMMAND: POST /session/33495d3582e1ae9d795edae8d05afa86/execute/async - {"script":"<script> [1562 bytes]","args":[{"selector":{"controlType":"sap.m.GenericTile","properties":{"header":"Manage Yards"}},"wdio_ui5_key":"sapm.GenericTile{\"header\":\"Manage Yards\"}"}]}
RESULT: {"script":"<script> [1562 bytes]","args":[{"selector":{"controlType":"sap.m.GenericTile","properties":{"header":"Manage Yards"}},"wdio_ui5_key":"sapm.GenericTile{\"header\":\"Manage Yards\"}"}]}
RESULT: undefined
COMMAND: POST /session/33495d3582e1ae9d795edae8d05afa86/element - {"using":"xpath","value":"//*[@id=\"__tile41\"]"}
RESULT: {"using":"xpath","value":"//*[@id=\"__tile41\"]"}
COMMAND: POST /session/33495d3582e1ae9d795edae8d05afa86/element/f.99972AF7A4A37AB9389516F879C83B90.d.45D27D88E42DB6542E25F2A7CD116E73.e.1193/click - {}
RESULT: {}
COMMAND: GET /session/33495d3582e1ae9d795edae8d05afa86/screenshot - {}
RESULT: {}
COMMAND: POST /session/33495d3582e1ae9d795edae8d05afa86/elements - {"using":"xpath","value":"//span[text()='Error']"}
RESULT: {"using":"xpath","value":"//span[text()='Error']"}
RESULT: undefined
COMMAND: POST /session/33495d3582e1ae9d795edae8d05afa86/element - {"using":"xpath","value":"//*[@id=\"__tile41\"]"}
RESULT: {"using":"xpath","value":"//*[@id=\"__tile41\"]"}
COMMAND: POST /session/33495d3582e1ae9d795edae8d05afa86/element/f.99972AF7A4A37AB9389516F879C83B90.d.45D27D88E42DB6542E25F2A7CD116E73.e.1193/click - {}
RESULT: undefined
COMMAND: POST /session/33495d3582e1ae9d795edae8d05afa86/element - {"using":"xpath","value":"//*[@id=\"__tile41\"]"}
RESULT: {"using":"xpath","value":"//*[@id=\"__tile41\"]"}
COMMAND: POST /session/33495d3582e1ae9d795edae8d05afa86/element/f.99972AF7A4A37AB9389516F879C83B90.d.45D27D88E42DB6542E25F2A7CD116E73.e.1193/click - {}
RESULT: undefined
COMMAND: POST /session/33495d3582e1ae9d795edae8d05afa86/execute/async - {"script":"<script> [6424 bytes]","args":[{"element-6066-11e4-a52e-4f735466cecf":"f.99972AF7A4A37AB9389516F879C83B90.d.45D27D88E42DB6542E25F2A7CD116E73.e.260"},"getTitle",[]]}
COMMAND: POST /session/33495d3582e1ae9d795edae8d05afa86/execute/async - {"script":"<script> [1562 bytes]","args":[{"selector":{"id":"shellAppTitle"},"wdio_ui5_key":"shellAppTitle"}]}
RESULT: {"script":"<script> [1562 bytes]","args":[{"selector":{"id":"shellAppTitle"},"wdio_ui5_key":"shellAppTitle"}]}
COMMAND: POST /session/33495d3582e1ae9d795edae8d05afa86/execute/async - {"script":"<script> [6424 bytes]","args":[{"element-6066-11e4-a52e-4f735466cecf":"f.99972AF7A4A37AB9389516F879C83B90.d.45D27D88E42DB6542E25F2A7CD116E73.e.1375"},"getTitle",[]]}
RESULT: {"script":"<script> [6424 bytes]","args":[{"element-6066-11e4-a52e-4f735466cecf":"f.99972AF7A4A37AB9389516F879C83B90.d.45D27D88E42DB6542E25F2A7CD116E73.e.1375"},"getTitle",[]]}
RESULT: undefined
COMMAND: POST /session/33495d3582e1ae9d795edae8d05afa86/element/f.99972AF7A4A37AB9389516F879C83B90.d.45D27D88E42DB6542E25F2A7CD116E73.e.1191/click - {}
RESULT: {}
COMMAND: GET /session/33495d3582e1ae9d795edae8d05afa86/screenshot - {}
RESULT: {}
]]></system-out>
    </testcase>
    <testcase classname="chrome.136_0_7103_49.windows.Sanity_Tests_US104253" name="Should open Manage Requests page" time="41.528">
      <system-out><![CDATA[
COMMAND: POST /session/33495d3582e1ae9d795edae8d05afa86/execute/async - {"script":"<script> [1562 bytes]","args":[{"selector":{"controlType":"sap.m.GenericTile","properties":{"header":"Manage Requests"}},"wdio_ui5_key":"sapm.GenericTile{\"header\":\"Manage Requests\"}"}]}
RESULT: {"script":"<script> [1562 bytes]","args":[{"selector":{"controlType":"sap.m.GenericTile","properties":{"header":"Manage Requests"}},"wdio_ui5_key":"sapm.GenericTile{\"header\":\"Manage Requests\"}"}]}
RESULT: undefined
COMMAND: POST /session/33495d3582e1ae9d795edae8d05afa86/element - {"using":"xpath","value":"//*[@id=\"__tile47\"]"}
RESULT: {"using":"xpath","value":"//*[@id=\"__tile47\"]"}
COMMAND: POST /session/33495d3582e1ae9d795edae8d05afa86/element/f.99972AF7A4A37AB9389516F879C83B90.d.45D27D88E42DB6542E25F2A7CD116E73.e.1377/click - {}
RESULT: {}
COMMAND: GET /session/33495d3582e1ae9d795edae8d05afa86/screenshot - {}
RESULT: {}
COMMAND: POST /session/33495d3582e1ae9d795edae8d05afa86/elements - {"using":"xpath","value":"//span[text()='Error']"}
RESULT: {"using":"xpath","value":"//span[text()='Error']"}
RESULT: undefined
COMMAND: POST /session/33495d3582e1ae9d795edae8d05afa86/element - {"using":"xpath","value":"//*[@id=\"__tile47\"]"}
RESULT: {"using":"xpath","value":"//*[@id=\"__tile47\"]"}
COMMAND: POST /session/33495d3582e1ae9d795edae8d05afa86/element/f.99972AF7A4A37AB9389516F879C83B90.d.45D27D88E42DB6542E25F2A7CD116E73.e.1377/click - {}
RESULT: undefined
COMMAND: POST /session/33495d3582e1ae9d795edae8d05afa86/element - {"using":"xpath","value":"//*[@id=\"__tile47\"]"}
RESULT: {"using":"xpath","value":"//*[@id=\"__tile47\"]"}
COMMAND: POST /session/33495d3582e1ae9d795edae8d05afa86/element/f.99972AF7A4A37AB9389516F879C83B90.d.45D27D88E42DB6542E25F2A7CD116E73.e.1377/click - {}
RESULT: undefined
COMMAND: POST /session/33495d3582e1ae9d795edae8d05afa86/execute/async - {"script":"<script> [6424 bytes]","args":[{"element-6066-11e4-a52e-4f735466cecf":"f.99972AF7A4A37AB9389516F879C83B90.d.45D27D88E42DB6542E25F2A7CD116E73.e.260"},"getTitle",[]]}
COMMAND: POST /session/33495d3582e1ae9d795edae8d05afa86/execute/async - {"script":"<script> [1562 bytes]","args":[{"selector":{"id":"shellAppTitle"},"wdio_ui5_key":"shellAppTitle"}]}
RESULT: {"script":"<script> [1562 bytes]","args":[{"selector":{"id":"shellAppTitle"},"wdio_ui5_key":"shellAppTitle"}]}
COMMAND: POST /session/33495d3582e1ae9d795edae8d05afa86/execute/async - {"script":"<script> [6424 bytes]","args":[{"element-6066-11e4-a52e-4f735466cecf":"f.99972AF7A4A37AB9389516F879C83B90.d.45D27D88E42DB6542E25F2A7CD116E73.e.1472"},"getTitle",[]]}
RESULT: {"script":"<script> [6424 bytes]","args":[{"element-6066-11e4-a52e-4f735466cecf":"f.99972AF7A4A37AB9389516F879C83B90.d.45D27D88E42DB6542E25F2A7CD116E73.e.1472"},"getTitle",[]]}
RESULT: undefined
COMMAND: POST /session/33495d3582e1ae9d795edae8d05afa86/element/f.99972AF7A4A37AB9389516F879C83B90.d.45D27D88E42DB6542E25F2A7CD116E73.e.1191/click - {}
COMMAND: POST /session/33495d3582e1ae9d795edae8d05afa86/element - {"using":"xpath","value":"//*[@id=\"backBtn\"]"}
RESULT: {"using":"xpath","value":"//*[@id=\"backBtn\"]"}
COMMAND: POST /session/33495d3582e1ae9d795edae8d05afa86/element/f.99972AF7A4A37AB9389516F879C83B90.d.45D27D88E42DB6542E25F2A7CD116E73.e.1191/click - {}
COMMAND: POST /session/33495d3582e1ae9d795edae8d05afa86/element - {"using":"xpath","value":"//*[@id=\"backBtn\"]"}
RESULT: {"using":"xpath","value":"//*[@id=\"backBtn\"]"}
COMMAND: POST /session/33495d3582e1ae9d795edae8d05afa86/element/f.99972AF7A4A37AB9389516F879C83B90.d.45D27D88E42DB6542E25F2A7CD116E73.e.1473/click - {}
RESULT: {}
COMMAND: GET /session/33495d3582e1ae9d795edae8d05afa86/screenshot - {}
RESULT: {}
]]></system-out>
    </testcase>
    <testcase classname="chrome.136_0_7103_49.windows.Sanity_Tests_US104253" name="Should open Manage Purchasing page" time="48.006">
      <system-out><![CDATA[
COMMAND: POST /session/33495d3582e1ae9d795edae8d05afa86/execute/async - {"script":"<script> [1562 bytes]","args":[{"selector":{"controlType":"sap.m.GenericTile","properties":{"header":"Manage Purchasing"}},"wdio_ui5_key":"sapm.GenericTile{\"header\":\"Manage Purchasing\"}"}]}
RESULT: {"script":"<script> [1562 bytes]","args":[{"selector":{"controlType":"sap.m.GenericTile","properties":{"header":"Manage Purchasing"}},"wdio_ui5_key":"sapm.GenericTile{\"header\":\"Manage Purchasing\"}"}]}
RESULT: undefined
COMMAND: POST /session/33495d3582e1ae9d795edae8d05afa86/element - {"using":"xpath","value":"//*[@id=\"__tile46\"]"}
RESULT: {"using":"xpath","value":"//*[@id=\"__tile46\"]"}
COMMAND: POST /session/33495d3582e1ae9d795edae8d05afa86/element/f.99972AF7A4A37AB9389516F879C83B90.d.45D27D88E42DB6542E25F2A7CD116E73.e.1476/click - {}
RESULT: {}
COMMAND: GET /session/33495d3582e1ae9d795edae8d05afa86/screenshot - {}
RESULT: {}
COMMAND: POST /session/33495d3582e1ae9d795edae8d05afa86/elements - {"using":"xpath","value":"//span[text()='Error']"}
RESULT: {"using":"xpath","value":"//span[text()='Error']"}
RESULT: undefined
COMMAND: POST /session/33495d3582e1ae9d795edae8d05afa86/element - {"using":"xpath","value":"//*[@id=\"__tile46\"]"}
RESULT: {"using":"xpath","value":"//*[@id=\"__tile46\"]"}
COMMAND: POST /session/33495d3582e1ae9d795edae8d05afa86/element/f.99972AF7A4A37AB9389516F879C83B90.d.45D27D88E42DB6542E25F2A7CD116E73.e.1476/click - {}
RESULT: undefined
COMMAND: POST /session/33495d3582e1ae9d795edae8d05afa86/element - {"using":"xpath","value":"//*[@id=\"__tile46\"]"}
RESULT: {"using":"xpath","value":"//*[@id=\"__tile46\"]"}
COMMAND: POST /session/33495d3582e1ae9d795edae8d05afa86/element/f.99972AF7A4A37AB9389516F879C83B90.d.45D27D88E42DB6542E25F2A7CD116E73.e.1476/click - {}
RESULT: undefined
COMMAND: POST /session/33495d3582e1ae9d795edae8d05afa86/execute/async - {"script":"<script> [6424 bytes]","args":[{"element-6066-11e4-a52e-4f735466cecf":"f.99972AF7A4A37AB9389516F879C83B90.d.45D27D88E42DB6542E25F2A7CD116E73.e.260"},"getTitle",[]]}
COMMAND: POST /session/33495d3582e1ae9d795edae8d05afa86/execute/async - {"script":"<script> [1562 bytes]","args":[{"selector":{"id":"shellAppTitle"},"wdio_ui5_key":"shellAppTitle"}]}
RESULT: {"script":"<script> [1562 bytes]","args":[{"selector":{"id":"shellAppTitle"},"wdio_ui5_key":"shellAppTitle"}]}
COMMAND: POST /session/33495d3582e1ae9d795edae8d05afa86/execute/async - {"script":"<script> [6424 bytes]","args":[{"element-6066-11e4-a52e-4f735466cecf":"f.99972AF7A4A37AB9389516F879C83B90.d.45D27D88E42DB6542E25F2A7CD116E73.e.1557"},"getTitle",[]]}
RESULT: {"script":"<script> [6424 bytes]","args":[{"element-6066-11e4-a52e-4f735466cecf":"f.99972AF7A4A37AB9389516F879C83B90.d.45D27D88E42DB6542E25F2A7CD116E73.e.1557"},"getTitle",[]]}
RESULT: undefined
COMMAND: POST /session/33495d3582e1ae9d795edae8d05afa86/element/f.99972AF7A4A37AB9389516F879C83B90.d.45D27D88E42DB6542E25F2A7CD116E73.e.1473/click - {}
RESULT: {}
COMMAND: GET /session/33495d3582e1ae9d795edae8d05afa86/screenshot - {}
RESULT: {}
]]></system-out>
    </testcase>
    <testcase classname="chrome.136_0_7103_49.windows.Sanity_Tests_US104253" name="Should open Planning Board page" time="36.471">
      <system-out><![CDATA[
COMMAND: POST /session/33495d3582e1ae9d795edae8d05afa86/execute/async - {"script":"<script> [1562 bytes]","args":[{"selector":{"controlType":"sap.m.GenericTile","properties":{"header":"Planning Board"}},"wdio_ui5_key":"sapm.GenericTile{\"header\":\"Planning Board\"}"}]}
RESULT: {"script":"<script> [1562 bytes]","args":[{"selector":{"controlType":"sap.m.GenericTile","properties":{"header":"Planning Board"}},"wdio_ui5_key":"sapm.GenericTile{\"header\":\"Planning Board\"}"}]}
RESULT: undefined
COMMAND: POST /session/33495d3582e1ae9d795edae8d05afa86/element - {"using":"xpath","value":"//*[@id=\"__tile130\"]"}
RESULT: {"using":"xpath","value":"//*[@id=\"__tile130\"]"}
COMMAND: POST /session/33495d3582e1ae9d795edae8d05afa86/element/f.99972AF7A4A37AB9389516F879C83B90.d.45D27D88E42DB6542E25F2A7CD116E73.e.1559/click - {}
RESULT: {}
COMMAND: GET /session/33495d3582e1ae9d795edae8d05afa86/screenshot - {}
RESULT: {}
COMMAND: POST /session/33495d3582e1ae9d795edae8d05afa86/elements - {"using":"xpath","value":"//span[text()='Error']"}
RESULT: {"using":"xpath","value":"//span[text()='Error']"}
RESULT: undefined
COMMAND: POST /session/33495d3582e1ae9d795edae8d05afa86/element - {"using":"xpath","value":"//*[@id=\"__tile130\"]"}
RESULT: {"using":"xpath","value":"//*[@id=\"__tile130\"]"}
COMMAND: POST /session/33495d3582e1ae9d795edae8d05afa86/element/f.99972AF7A4A37AB9389516F879C83B90.d.45D27D88E42DB6542E25F2A7CD116E73.e.1559/click - {}
RESULT: undefined
COMMAND: POST /session/33495d3582e1ae9d795edae8d05afa86/element - {"using":"xpath","value":"//*[@id=\"__tile130\"]"}
RESULT: {"using":"xpath","value":"//*[@id=\"__tile130\"]"}
COMMAND: POST /session/33495d3582e1ae9d795edae8d05afa86/element/f.99972AF7A4A37AB9389516F879C83B90.d.45D27D88E42DB6542E25F2A7CD116E73.e.1559/click - {}
RESULT: undefined
COMMAND: POST /session/33495d3582e1ae9d795edae8d05afa86/execute/async - {"script":"<script> [6424 bytes]","args":[{"element-6066-11e4-a52e-4f735466cecf":"f.99972AF7A4A37AB9389516F879C83B90.d.45D27D88E42DB6542E25F2A7CD116E73.e.260"},"getTitle",[]]}
COMMAND: POST /session/33495d3582e1ae9d795edae8d05afa86/execute/async - {"script":"<script> [1562 bytes]","args":[{"selector":{"id":"shellAppTitle"},"wdio_ui5_key":"shellAppTitle"}]}
RESULT: {"script":"<script> [1562 bytes]","args":[{"selector":{"id":"shellAppTitle"},"wdio_ui5_key":"shellAppTitle"}]}
COMMAND: POST /session/33495d3582e1ae9d795edae8d05afa86/execute/async - {"script":"<script> [6424 bytes]","args":[{"element-6066-11e4-a52e-4f735466cecf":"f.99972AF7A4A37AB9389516F879C83B90.d.45D27D88E42DB6542E25F2A7CD116E73.e.1607"},"getTitle",[]]}
RESULT: {"script":"<script> [6424 bytes]","args":[{"element-6066-11e4-a52e-4f735466cecf":"f.99972AF7A4A37AB9389516F879C83B90.d.45D27D88E42DB6542E25F2A7CD116E73.e.1607"},"getTitle",[]]}
RESULT: undefined
COMMAND: POST /session/33495d3582e1ae9d795edae8d05afa86/element/f.99972AF7A4A37AB9389516F879C83B90.d.45D27D88E42DB6542E25F2A7CD116E73.e.1473/click - {}
COMMAND: POST /session/33495d3582e1ae9d795edae8d05afa86/element/f.99972AF7A4A37AB9389516F879C83B90.d.45D27D88E42DB6542E25F2A7CD116E73.e.1473/click - {}
COMMAND: POST /session/33495d3582e1ae9d795edae8d05afa86/element - {"using":"xpath","value":"//*[@id=\"backBtn\"]"}
COMMAND: POST /session/33495d3582e1ae9d795edae8d05afa86/element - {"using":"xpath","value":"//*[@id=\"backBtn\"]"}
RESULT: {"using":"xpath","value":"//*[@id=\"backBtn\"]"}
COMMAND: POST /session/33495d3582e1ae9d795edae8d05afa86/element/f.99972AF7A4A37AB9389516F879C83B90.d.45D27D88E42DB6542E25F2A7CD116E73.e.1473/click - {}
RESULT: {"using":"xpath","value":"//*[@id=\"backBtn\"]"}
COMMAND: POST /session/33495d3582e1ae9d795edae8d05afa86/element/f.99972AF7A4A37AB9389516F879C83B90.d.45D27D88E42DB6542E25F2A7CD116E73.e.1473/click - {}
COMMAND: POST /session/33495d3582e1ae9d795edae8d05afa86/element - {"using":"xpath","value":"//*[@id=\"backBtn\"]"}
COMMAND: POST /session/33495d3582e1ae9d795edae8d05afa86/element - {"using":"xpath","value":"//*[@id=\"backBtn\"]"}
RESULT: {"using":"xpath","value":"//*[@id=\"backBtn\"]"}
COMMAND: POST /session/33495d3582e1ae9d795edae8d05afa86/element/f.99972AF7A4A37AB9389516F879C83B90.d.45D27D88E42DB6542E25F2A7CD116E73.e.1608/click - {}
RESULT: {"using":"xpath","value":"//*[@id=\"backBtn\"]"}
COMMAND: POST /session/33495d3582e1ae9d795edae8d05afa86/element/f.99972AF7A4A37AB9389516F879C83B90.d.45D27D88E42DB6542E25F2A7CD116E73.e.1608/click - {}
RESULT: {}
COMMAND: GET /session/33495d3582e1ae9d795edae8d05afa86/screenshot - {}
RESULT: {}
COMMAND: GET /session/33495d3582e1ae9d795edae8d05afa86/screenshot - {}
RESULT: {}
RESULT: {}
]]></system-out>
    </testcase>
    <testcase classname="chrome.136_0_7103_49.windows.Sanity_Tests_US104253" name="Should open Manage Contracts page" time="37.596">
      <system-out><![CDATA[
COMMAND: POST /session/33495d3582e1ae9d795edae8d05afa86/execute/async - {"script":"<script> [1562 bytes]","args":[{"selector":{"controlType":"sap.m.GenericTile","properties":{"header":"Manage Contracts"}},"wdio_ui5_key":"sapm.GenericTile{\"header\":\"Manage Contracts\"}"}]}
RESULT: {"script":"<script> [1562 bytes]","args":[{"selector":{"controlType":"sap.m.GenericTile","properties":{"header":"Manage Contracts"}},"wdio_ui5_key":"sapm.GenericTile{\"header\":\"Manage Contracts\"}"}]}
RESULT: undefined
COMMAND: POST /session/33495d3582e1ae9d795edae8d05afa86/element - {"using":"xpath","value":"//*[@id=\"__tile133\"]"}
RESULT: {"using":"xpath","value":"//*[@id=\"__tile133\"]"}
COMMAND: POST /session/33495d3582e1ae9d795edae8d05afa86/element/f.99972AF7A4A37AB9389516F879C83B90.d.45D27D88E42DB6542E25F2A7CD116E73.e.1610/click - {}
RESULT: {}
COMMAND: GET /session/33495d3582e1ae9d795edae8d05afa86/screenshot - {}
RESULT: {}
COMMAND: POST /session/33495d3582e1ae9d795edae8d05afa86/elements - {"using":"xpath","value":"//span[text()='Error']"}
RESULT: {"using":"xpath","value":"//span[text()='Error']"}
RESULT: undefined
COMMAND: POST /session/33495d3582e1ae9d795edae8d05afa86/element - {"using":"xpath","value":"//*[@id=\"__tile133\"]"}
RESULT: {"using":"xpath","value":"//*[@id=\"__tile133\"]"}
COMMAND: POST /session/33495d3582e1ae9d795edae8d05afa86/element/f.99972AF7A4A37AB9389516F879C83B90.d.45D27D88E42DB6542E25F2A7CD116E73.e.1610/click - {}
RESULT: undefined
COMMAND: POST /session/33495d3582e1ae9d795edae8d05afa86/element - {"using":"xpath","value":"//*[@id=\"__tile133\"]"}
RESULT: {"using":"xpath","value":"//*[@id=\"__tile133\"]"}
COMMAND: POST /session/33495d3582e1ae9d795edae8d05afa86/element/f.99972AF7A4A37AB9389516F879C83B90.d.45D27D88E42DB6542E25F2A7CD116E73.e.1610/click - {}
RESULT: undefined
COMMAND: POST /session/33495d3582e1ae9d795edae8d05afa86/execute/async - {"script":"<script> [6424 bytes]","args":[{"element-6066-11e4-a52e-4f735466cecf":"f.99972AF7A4A37AB9389516F879C83B90.d.45D27D88E42DB6542E25F2A7CD116E73.e.260"},"getTitle",[]]}
COMMAND: POST /session/33495d3582e1ae9d795edae8d05afa86/execute/async - {"script":"<script> [1562 bytes]","args":[{"selector":{"id":"shellAppTitle"},"wdio_ui5_key":"shellAppTitle"}]}
RESULT: {"script":"<script> [1562 bytes]","args":[{"selector":{"id":"shellAppTitle"},"wdio_ui5_key":"shellAppTitle"}]}
COMMAND: POST /session/33495d3582e1ae9d795edae8d05afa86/execute/async - {"script":"<script> [6424 bytes]","args":[{"element-6066-11e4-a52e-4f735466cecf":"f.99972AF7A4A37AB9389516F879C83B90.d.45D27D88E42DB6542E25F2A7CD116E73.e.1674"},"getTitle",[]]}
RESULT: {"script":"<script> [6424 bytes]","args":[{"element-6066-11e4-a52e-4f735466cecf":"f.99972AF7A4A37AB9389516F879C83B90.d.45D27D88E42DB6542E25F2A7CD116E73.e.1674"},"getTitle",[]]}
RESULT: undefined
COMMAND: POST /session/33495d3582e1ae9d795edae8d05afa86/element/f.99972AF7A4A37AB9389516F879C83B90.d.45D27D88E42DB6542E25F2A7CD116E73.e.1608/click - {}
RESULT: {}
COMMAND: GET /session/33495d3582e1ae9d795edae8d05afa86/screenshot - {}
RESULT: {}
]]></system-out>
    </testcase>
    <testcase classname="chrome.136_0_7103_49.windows.Sanity_Tests_US104253" name="Should open Manage Quotations page" time="36.499">
      <system-out><![CDATA[
COMMAND: POST /session/33495d3582e1ae9d795edae8d05afa86/execute/async - {"script":"<script> [1562 bytes]","args":[{"selector":{"controlType":"sap.m.GenericTile","properties":{"header":"Manage Quotations"}},"wdio_ui5_key":"sapm.GenericTile{\"header\":\"Manage Quotations\"}"}]}
RESULT: {"script":"<script> [1562 bytes]","args":[{"selector":{"controlType":"sap.m.GenericTile","properties":{"header":"Manage Quotations"}},"wdio_ui5_key":"sapm.GenericTile{\"header\":\"Manage Quotations\"}"}]}
RESULT: undefined
COMMAND: POST /session/33495d3582e1ae9d795edae8d05afa86/element - {"using":"xpath","value":"//*[@id=\"__tile131\"]"}
RESULT: {"using":"xpath","value":"//*[@id=\"__tile131\"]"}
COMMAND: POST /session/33495d3582e1ae9d795edae8d05afa86/element/f.99972AF7A4A37AB9389516F879C83B90.d.45D27D88E42DB6542E25F2A7CD116E73.e.1676/click - {}
RESULT: {}
COMMAND: GET /session/33495d3582e1ae9d795edae8d05afa86/screenshot - {}
RESULT: {}
COMMAND: POST /session/33495d3582e1ae9d795edae8d05afa86/elements - {"using":"xpath","value":"//span[text()='Error']"}
RESULT: {"using":"xpath","value":"//span[text()='Error']"}
RESULT: undefined
COMMAND: POST /session/33495d3582e1ae9d795edae8d05afa86/element - {"using":"xpath","value":"//*[@id=\"__tile131\"]"}
RESULT: {"using":"xpath","value":"//*[@id=\"__tile131\"]"}
COMMAND: POST /session/33495d3582e1ae9d795edae8d05afa86/element/f.99972AF7A4A37AB9389516F879C83B90.d.45D27D88E42DB6542E25F2A7CD116E73.e.1676/click - {}
RESULT: undefined
COMMAND: POST /session/33495d3582e1ae9d795edae8d05afa86/element - {"using":"xpath","value":"//*[@id=\"__tile131\"]"}
RESULT: {"using":"xpath","value":"//*[@id=\"__tile131\"]"}
COMMAND: POST /session/33495d3582e1ae9d795edae8d05afa86/element/f.99972AF7A4A37AB9389516F879C83B90.d.45D27D88E42DB6542E25F2A7CD116E73.e.1676/click - {}
RESULT: undefined
COMMAND: POST /session/33495d3582e1ae9d795edae8d05afa86/execute/async - {"script":"<script> [6424 bytes]","args":[{"element-6066-11e4-a52e-4f735466cecf":"f.99972AF7A4A37AB9389516F879C83B90.d.45D27D88E42DB6542E25F2A7CD116E73.e.260"},"getTitle",[]]}
COMMAND: POST /session/33495d3582e1ae9d795edae8d05afa86/execute/async - {"script":"<script> [1562 bytes]","args":[{"selector":{"id":"shellAppTitle"},"wdio_ui5_key":"shellAppTitle"}]}
RESULT: {"script":"<script> [1562 bytes]","args":[{"selector":{"id":"shellAppTitle"},"wdio_ui5_key":"shellAppTitle"}]}
COMMAND: POST /session/33495d3582e1ae9d795edae8d05afa86/execute/async - {"script":"<script> [6424 bytes]","args":[{"element-6066-11e4-a52e-4f735466cecf":"f.99972AF7A4A37AB9389516F879C83B90.d.45D27D88E42DB6542E25F2A7CD116E73.e.1753"},"getTitle",[]]}
RESULT: {"script":"<script> [6424 bytes]","args":[{"element-6066-11e4-a52e-4f735466cecf":"f.99972AF7A4A37AB9389516F879C83B90.d.45D27D88E42DB6542E25F2A7CD116E73.e.1753"},"getTitle",[]]}
RESULT: undefined
COMMAND: POST /session/33495d3582e1ae9d795edae8d05afa86/element/f.99972AF7A4A37AB9389516F879C83B90.d.45D27D88E42DB6542E25F2A7CD116E73.e.1608/click - {}
COMMAND: POST /session/33495d3582e1ae9d795edae8d05afa86/element - {"using":"xpath","value":"//*[@id=\"backBtn\"]"}
RESULT: {"using":"xpath","value":"//*[@id=\"backBtn\"]"}
COMMAND: POST /session/33495d3582e1ae9d795edae8d05afa86/element/f.99972AF7A4A37AB9389516F879C83B90.d.45D27D88E42DB6542E25F2A7CD116E73.e.1608/click - {}
COMMAND: POST /session/33495d3582e1ae9d795edae8d05afa86/element - {"using":"xpath","value":"//*[@id=\"backBtn\"]"}
RESULT: {"using":"xpath","value":"//*[@id=\"backBtn\"]"}
COMMAND: POST /session/33495d3582e1ae9d795edae8d05afa86/element/f.99972AF7A4A37AB9389516F879C83B90.d.45D27D88E42DB6542E25F2A7CD116E73.e.1754/click - {}
RESULT: {}
COMMAND: GET /session/33495d3582e1ae9d795edae8d05afa86/screenshot - {}
RESULT: {}
]]></system-out>
    </testcase>
    <testcase classname="chrome.136_0_7103_49.windows.Sanity_Tests_US104253" name="Should open Manage Handovers page" time="37.911">
      <system-out><![CDATA[
COMMAND: POST /session/33495d3582e1ae9d795edae8d05afa86/execute/async - {"script":"<script> [1562 bytes]","args":[{"selector":{"controlType":"sap.m.GenericTile","properties":{"header":"Manage Handovers"}},"wdio_ui5_key":"sapm.GenericTile{\"header\":\"Manage Handovers\"}"}]}
RESULT: {"script":"<script> [1562 bytes]","args":[{"selector":{"controlType":"sap.m.GenericTile","properties":{"header":"Manage Handovers"}},"wdio_ui5_key":"sapm.GenericTile{\"header\":\"Manage Handovers\"}"}]}
RESULT: undefined
COMMAND: POST /session/33495d3582e1ae9d795edae8d05afa86/element - {"using":"xpath","value":"//*[@id=\"__tile132\"]"}
RESULT: {"using":"xpath","value":"//*[@id=\"__tile132\"]"}
COMMAND: POST /session/33495d3582e1ae9d795edae8d05afa86/element/f.99972AF7A4A37AB9389516F879C83B90.d.45D27D88E42DB6542E25F2A7CD116E73.e.1756/click - {}
RESULT: {}
COMMAND: GET /session/33495d3582e1ae9d795edae8d05afa86/screenshot - {}
RESULT: {}
COMMAND: POST /session/33495d3582e1ae9d795edae8d05afa86/elements - {"using":"xpath","value":"//span[text()='Error']"}
RESULT: {"using":"xpath","value":"//span[text()='Error']"}
RESULT: undefined
COMMAND: POST /session/33495d3582e1ae9d795edae8d05afa86/element - {"using":"xpath","value":"//*[@id=\"__tile132\"]"}
RESULT: {"using":"xpath","value":"//*[@id=\"__tile132\"]"}
COMMAND: POST /session/33495d3582e1ae9d795edae8d05afa86/element/f.99972AF7A4A37AB9389516F879C83B90.d.45D27D88E42DB6542E25F2A7CD116E73.e.1756/click - {}
RESULT: undefined
COMMAND: POST /session/33495d3582e1ae9d795edae8d05afa86/element - {"using":"xpath","value":"//*[@id=\"__tile132\"]"}
RESULT: {"using":"xpath","value":"//*[@id=\"__tile132\"]"}
COMMAND: POST /session/33495d3582e1ae9d795edae8d05afa86/element/f.99972AF7A4A37AB9389516F879C83B90.d.45D27D88E42DB6542E25F2A7CD116E73.e.1756/click - {}
RESULT: undefined
COMMAND: POST /session/33495d3582e1ae9d795edae8d05afa86/execute/async - {"script":"<script> [6424 bytes]","args":[{"element-6066-11e4-a52e-4f735466cecf":"f.99972AF7A4A37AB9389516F879C83B90.d.45D27D88E42DB6542E25F2A7CD116E73.e.260"},"getTitle",[]]}
COMMAND: POST /session/33495d3582e1ae9d795edae8d05afa86/execute/async - {"script":"<script> [1562 bytes]","args":[{"selector":{"id":"shellAppTitle"},"wdio_ui5_key":"shellAppTitle"}]}
RESULT: {"script":"<script> [1562 bytes]","args":[{"selector":{"id":"shellAppTitle"},"wdio_ui5_key":"shellAppTitle"}]}
COMMAND: POST /session/33495d3582e1ae9d795edae8d05afa86/execute/async - {"script":"<script> [6424 bytes]","args":[{"element-6066-11e4-a52e-4f735466cecf":"f.99972AF7A4A37AB9389516F879C83B90.d.45D27D88E42DB6542E25F2A7CD116E73.e.1862"},"getTitle",[]]}
RESULT: {"script":"<script> [6424 bytes]","args":[{"element-6066-11e4-a52e-4f735466cecf":"f.99972AF7A4A37AB9389516F879C83B90.d.45D27D88E42DB6542E25F2A7CD116E73.e.1862"},"getTitle",[]]}
RESULT: undefined
COMMAND: POST /session/33495d3582e1ae9d795edae8d05afa86/element/f.99972AF7A4A37AB9389516F879C83B90.d.45D27D88E42DB6542E25F2A7CD116E73.e.1754/click - {}
RESULT: {}
COMMAND: GET /session/33495d3582e1ae9d795edae8d05afa86/screenshot - {}
RESULT: {}
]]></system-out>
    </testcase>
    <testcase classname="chrome.136_0_7103_49.windows.Sanity_Tests_US104253" name="Should open Delivery Monitor page" time="38.205">
      <system-out><![CDATA[
COMMAND: POST /session/33495d3582e1ae9d795edae8d05afa86/execute/async - {"script":"<script> [1562 bytes]","args":[{"selector":{"controlType":"sap.m.GenericTile","properties":{"header":"Delivery Monitor"}},"wdio_ui5_key":"sapm.GenericTile{\"header\":\"Delivery Monitor\"}"}]}
RESULT: {"script":"<script> [1562 bytes]","args":[{"selector":{"controlType":"sap.m.GenericTile","properties":{"header":"Delivery Monitor"}},"wdio_ui5_key":"sapm.GenericTile{\"header\":\"Delivery Monitor\"}"}]}
RESULT: undefined
COMMAND: POST /session/33495d3582e1ae9d795edae8d05afa86/element - {"using":"xpath","value":"//*[@id=\"__tile43\"]"}
RESULT: {"using":"xpath","value":"//*[@id=\"__tile43\"]"}
COMMAND: POST /session/33495d3582e1ae9d795edae8d05afa86/element/f.99972AF7A4A37AB9389516F879C83B90.d.45D27D88E42DB6542E25F2A7CD116E73.e.1864/click - {}
RESULT: {}
COMMAND: GET /session/33495d3582e1ae9d795edae8d05afa86/screenshot - {}
RESULT: {}
COMMAND: POST /session/33495d3582e1ae9d795edae8d05afa86/elements - {"using":"xpath","value":"//span[text()='Error']"}
RESULT: {"using":"xpath","value":"//span[text()='Error']"}
RESULT: undefined
COMMAND: POST /session/33495d3582e1ae9d795edae8d05afa86/element - {"using":"xpath","value":"//*[@id=\"__tile43\"]"}
RESULT: {"using":"xpath","value":"//*[@id=\"__tile43\"]"}
COMMAND: POST /session/33495d3582e1ae9d795edae8d05afa86/element/f.99972AF7A4A37AB9389516F879C83B90.d.45D27D88E42DB6542E25F2A7CD116E73.e.1864/click - {}
RESULT: undefined
COMMAND: POST /session/33495d3582e1ae9d795edae8d05afa86/element - {"using":"xpath","value":"//*[@id=\"__tile43\"]"}
RESULT: {"using":"xpath","value":"//*[@id=\"__tile43\"]"}
COMMAND: POST /session/33495d3582e1ae9d795edae8d05afa86/element/f.99972AF7A4A37AB9389516F879C83B90.d.45D27D88E42DB6542E25F2A7CD116E73.e.1864/click - {}
RESULT: undefined
COMMAND: POST /session/33495d3582e1ae9d795edae8d05afa86/execute/async - {"script":"<script> [6424 bytes]","args":[{"element-6066-11e4-a52e-4f735466cecf":"f.99972AF7A4A37AB9389516F879C83B90.d.45D27D88E42DB6542E25F2A7CD116E73.e.260"},"getTitle",[]]}
COMMAND: POST /session/33495d3582e1ae9d795edae8d05afa86/execute/async - {"script":"<script> [1562 bytes]","args":[{"selector":{"id":"shellAppTitle"},"wdio_ui5_key":"shellAppTitle"}]}
RESULT: {"script":"<script> [1562 bytes]","args":[{"selector":{"id":"shellAppTitle"},"wdio_ui5_key":"shellAppTitle"}]}
COMMAND: POST /session/33495d3582e1ae9d795edae8d05afa86/execute/async - {"script":"<script> [6424 bytes]","args":[{"element-6066-11e4-a52e-4f735466cecf":"f.99972AF7A4A37AB9389516F879C83B90.d.45D27D88E42DB6542E25F2A7CD116E73.e.1983"},"getTitle",[]]}
RESULT: {"script":"<script> [6424 bytes]","args":[{"element-6066-11e4-a52e-4f735466cecf":"f.99972AF7A4A37AB9389516F879C83B90.d.45D27D88E42DB6542E25F2A7CD116E73.e.1983"},"getTitle",[]]}
RESULT: undefined
COMMAND: POST /session/33495d3582e1ae9d795edae8d05afa86/element/f.99972AF7A4A37AB9389516F879C83B90.d.45D27D88E42DB6542E25F2A7CD116E73.e.1754/click - {}
COMMAND: POST /session/33495d3582e1ae9d795edae8d05afa86/element - {"using":"xpath","value":"//*[@id=\"backBtn\"]"}
RESULT: {"using":"xpath","value":"//*[@id=\"backBtn\"]"}
COMMAND: POST /session/33495d3582e1ae9d795edae8d05afa86/element/f.99972AF7A4A37AB9389516F879C83B90.d.45D27D88E42DB6542E25F2A7CD116E73.e.1754/click - {}
COMMAND: POST /session/33495d3582e1ae9d795edae8d05afa86/element - {"using":"xpath","value":"//*[@id=\"backBtn\"]"}
RESULT: {"using":"xpath","value":"//*[@id=\"backBtn\"]"}
COMMAND: POST /session/33495d3582e1ae9d795edae8d05afa86/element/f.99972AF7A4A37AB9389516F879C83B90.d.45D27D88E42DB6542E25F2A7CD116E73.e.1984/click - {}
RESULT: {}
COMMAND: GET /session/33495d3582e1ae9d795edae8d05afa86/screenshot - {}
RESULT: {}
]]></system-out>
    </testcase>
    <testcase classname="chrome.136_0_7103_49.windows.Sanity_Tests_US104253" name="Should open Manage Calendar Exceptions page" time="42.698">
      <system-out><![CDATA[
COMMAND: POST /session/33495d3582e1ae9d795edae8d05afa86/execute/async - {"script":"<script> [1562 bytes]","args":[{"selector":{"controlType":"sap.m.GenericTile","properties":{"header":"Manage Calendar Exceptions"}},"wdio_ui5_key":"sapm.GenericTile{\"header\":\"Manage Calendar Exceptions\"}"}]}
RESULT: {"script":"<script> [1562 bytes]","args":[{"selector":{"controlType":"sap.m.GenericTile","properties":{"header":"Manage Calendar Exceptions"}},"wdio_ui5_key":"sapm.GenericTile{\"header\":\"Manage Calendar Exceptions\"}"}]}
RESULT: undefined
COMMAND: POST /session/33495d3582e1ae9d795edae8d05afa86/element - {"using":"xpath","value":"//*[@id=\"__tile52\"]"}
RESULT: {"using":"xpath","value":"//*[@id=\"__tile52\"]"}
COMMAND: POST /session/33495d3582e1ae9d795edae8d05afa86/element/f.99972AF7A4A37AB9389516F879C83B90.d.45D27D88E42DB6542E25F2A7CD116E73.e.1986/click - {}
RESULT: {}
COMMAND: GET /session/33495d3582e1ae9d795edae8d05afa86/screenshot - {}
RESULT: {}
COMMAND: POST /session/33495d3582e1ae9d795edae8d05afa86/elements - {"using":"xpath","value":"//span[text()='Error']"}
RESULT: {"using":"xpath","value":"//span[text()='Error']"}
RESULT: undefined
COMMAND: POST /session/33495d3582e1ae9d795edae8d05afa86/element - {"using":"xpath","value":"//*[@id=\"__tile52\"]"}
RESULT: {"using":"xpath","value":"//*[@id=\"__tile52\"]"}
COMMAND: POST /session/33495d3582e1ae9d795edae8d05afa86/element/f.99972AF7A4A37AB9389516F879C83B90.d.45D27D88E42DB6542E25F2A7CD116E73.e.1986/click - {}
RESULT: undefined
COMMAND: POST /session/33495d3582e1ae9d795edae8d05afa86/element - {"using":"xpath","value":"//*[@id=\"__tile52\"]"}
RESULT: {"using":"xpath","value":"//*[@id=\"__tile52\"]"}
COMMAND: POST /session/33495d3582e1ae9d795edae8d05afa86/element/f.99972AF7A4A37AB9389516F879C83B90.d.45D27D88E42DB6542E25F2A7CD116E73.e.1986/click - {}
RESULT: undefined
COMMAND: POST /session/33495d3582e1ae9d795edae8d05afa86/execute/async - {"script":"<script> [6424 bytes]","args":[{"element-6066-11e4-a52e-4f735466cecf":"f.99972AF7A4A37AB9389516F879C83B90.d.45D27D88E42DB6542E25F2A7CD116E73.e.260"},"getTitle",[]]}
COMMAND: POST /session/33495d3582e1ae9d795edae8d05afa86/execute/async - {"script":"<script> [1562 bytes]","args":[{"selector":{"id":"shellAppTitle"},"wdio_ui5_key":"shellAppTitle"}]}
RESULT: {"script":"<script> [1562 bytes]","args":[{"selector":{"id":"shellAppTitle"},"wdio_ui5_key":"shellAppTitle"}]}
COMMAND: POST /session/33495d3582e1ae9d795edae8d05afa86/execute/async - {"script":"<script> [6424 bytes]","args":[{"element-6066-11e4-a52e-4f735466cecf":"f.99972AF7A4A37AB9389516F879C83B90.d.45D27D88E42DB6542E25F2A7CD116E73.e.2105"},"getTitle",[]]}
RESULT: {"script":"<script> [6424 bytes]","args":[{"element-6066-11e4-a52e-4f735466cecf":"f.99972AF7A4A37AB9389516F879C83B90.d.45D27D88E42DB6542E25F2A7CD116E73.e.2105"},"getTitle",[]]}
RESULT: undefined
COMMAND: POST /session/33495d3582e1ae9d795edae8d05afa86/element/f.99972AF7A4A37AB9389516F879C83B90.d.45D27D88E42DB6542E25F2A7CD116E73.e.1984/click - {}
RESULT: {}
COMMAND: GET /session/33495d3582e1ae9d795edae8d05afa86/screenshot - {}
RESULT: {}
]]></system-out>
    </testcase>
    <testcase classname="chrome.136_0_7103_49.windows.Sanity_Tests_US104253" name="Should open Manage States Performance page" time="37.223">
      <system-out><![CDATA[
COMMAND: POST /session/33495d3582e1ae9d795edae8d05afa86/execute/async - {"script":"<script> [1562 bytes]","args":[{"selector":{"controlType":"sap.m.GenericTile","properties":{"header":"Manage States & Performance"}},"wdio_ui5_key":"sapm.GenericTile{\"header\":\"Manage States & Performance\"}"}]}
RESULT: {"script":"<script> [1562 bytes]","args":[{"selector":{"controlType":"sap.m.GenericTile","properties":{"header":"Manage States & Performance"}},"wdio_ui5_key":"sapm.GenericTile{\"header\":\"Manage States & Performance\"}"}]}
RESULT: undefined
COMMAND: POST /session/33495d3582e1ae9d795edae8d05afa86/element - {"using":"xpath","value":"//*[@id=\"__tile56\"]"}
RESULT: {"using":"xpath","value":"//*[@id=\"__tile56\"]"}
COMMAND: POST /session/33495d3582e1ae9d795edae8d05afa86/element/f.99972AF7A4A37AB9389516F879C83B90.d.45D27D88E42DB6542E25F2A7CD116E73.e.2109/click - {}
RESULT: {}
COMMAND: GET /session/33495d3582e1ae9d795edae8d05afa86/screenshot - {}
RESULT: {}
COMMAND: POST /session/33495d3582e1ae9d795edae8d05afa86/elements - {"using":"xpath","value":"//span[text()='Error']"}
RESULT: {"using":"xpath","value":"//span[text()='Error']"}
RESULT: undefined
COMMAND: POST /session/33495d3582e1ae9d795edae8d05afa86/element - {"using":"xpath","value":"//*[@id=\"__tile56\"]"}
RESULT: {"using":"xpath","value":"//*[@id=\"__tile56\"]"}
COMMAND: POST /session/33495d3582e1ae9d795edae8d05afa86/element/f.99972AF7A4A37AB9389516F879C83B90.d.45D27D88E42DB6542E25F2A7CD116E73.e.2109/click - {}
RESULT: undefined
COMMAND: POST /session/33495d3582e1ae9d795edae8d05afa86/element - {"using":"xpath","value":"//*[@id=\"__tile56\"]"}
RESULT: {"using":"xpath","value":"//*[@id=\"__tile56\"]"}
COMMAND: POST /session/33495d3582e1ae9d795edae8d05afa86/element/f.99972AF7A4A37AB9389516F879C83B90.d.45D27D88E42DB6542E25F2A7CD116E73.e.2109/click - {}
RESULT: undefined
COMMAND: POST /session/33495d3582e1ae9d795edae8d05afa86/execute/async - {"script":"<script> [6424 bytes]","args":[{"element-6066-11e4-a52e-4f735466cecf":"f.99972AF7A4A37AB9389516F879C83B90.d.45D27D88E42DB6542E25F2A7CD116E73.e.260"},"getTitle",[]]}
COMMAND: POST /session/33495d3582e1ae9d795edae8d05afa86/execute/async - {"script":"<script> [1562 bytes]","args":[{"selector":{"id":"shellAppTitle"},"wdio_ui5_key":"shellAppTitle"}]}
RESULT: {"script":"<script> [1562 bytes]","args":[{"selector":{"id":"shellAppTitle"},"wdio_ui5_key":"shellAppTitle"}]}
COMMAND: POST /session/33495d3582e1ae9d795edae8d05afa86/execute/async - {"script":"<script> [6424 bytes]","args":[{"element-6066-11e4-a52e-4f735466cecf":"f.99972AF7A4A37AB9389516F879C83B90.d.45D27D88E42DB6542E25F2A7CD116E73.e.2211"},"getTitle",[]]}
RESULT: {"script":"<script> [6424 bytes]","args":[{"element-6066-11e4-a52e-4f735466cecf":"f.99972AF7A4A37AB9389516F879C83B90.d.45D27D88E42DB6542E25F2A7CD116E73.e.2211"},"getTitle",[]]}
RESULT: undefined
COMMAND: POST /session/33495d3582e1ae9d795edae8d05afa86/element/f.99972AF7A4A37AB9389516F879C83B90.d.45D27D88E42DB6542E25F2A7CD116E73.e.1984/click - {}
COMMAND: POST /session/33495d3582e1ae9d795edae8d05afa86/element - {"using":"xpath","value":"//*[@id=\"backBtn\"]"}
RESULT: {"using":"xpath","value":"//*[@id=\"backBtn\"]"}
COMMAND: POST /session/33495d3582e1ae9d795edae8d05afa86/element/f.99972AF7A4A37AB9389516F879C83B90.d.45D27D88E42DB6542E25F2A7CD116E73.e.1984/click - {}
COMMAND: POST /session/33495d3582e1ae9d795edae8d05afa86/element - {"using":"xpath","value":"//*[@id=\"backBtn\"]"}
RESULT: {"using":"xpath","value":"//*[@id=\"backBtn\"]"}
COMMAND: POST /session/33495d3582e1ae9d795edae8d05afa86/element/f.99972AF7A4A37AB9389516F879C83B90.d.45D27D88E42DB6542E25F2A7CD116E73.e.2212/click - {}
RESULT: {}
COMMAND: GET /session/33495d3582e1ae9d795edae8d05afa86/screenshot - {}
RESULT: {}
]]></system-out>
    </testcase>
    <testcase classname="chrome.136_0_7103_49.windows.Sanity_Tests_US104253" name="Should open Manage Billings page" time="38.231">
      <system-out><![CDATA[
COMMAND: POST /session/33495d3582e1ae9d795edae8d05afa86/execute/async - {"script":"<script> [1562 bytes]","args":[{"selector":{"controlType":"sap.m.GenericTile","properties":{"header":"Manage Billings"}},"wdio_ui5_key":"sapm.GenericTile{\"header\":\"Manage Billings\"}"}]}
RESULT: {"script":"<script> [1562 bytes]","args":[{"selector":{"controlType":"sap.m.GenericTile","properties":{"header":"Manage Billings"}},"wdio_ui5_key":"sapm.GenericTile{\"header\":\"Manage Billings\"}"}]}
RESULT: undefined
COMMAND: POST /session/33495d3582e1ae9d795edae8d05afa86/element - {"using":"xpath","value":"//*[@id=\"__tile51\"]"}
RESULT: {"using":"xpath","value":"//*[@id=\"__tile51\"]"}
COMMAND: POST /session/33495d3582e1ae9d795edae8d05afa86/element/f.99972AF7A4A37AB9389516F879C83B90.d.45D27D88E42DB6542E25F2A7CD116E73.e.2214/click - {}
RESULT: {}
COMMAND: GET /session/33495d3582e1ae9d795edae8d05afa86/screenshot - {}
RESULT: {}
COMMAND: POST /session/33495d3582e1ae9d795edae8d05afa86/elements - {"using":"xpath","value":"//span[text()='Error']"}
RESULT: {"using":"xpath","value":"//span[text()='Error']"}
RESULT: undefined
COMMAND: POST /session/33495d3582e1ae9d795edae8d05afa86/element - {"using":"xpath","value":"//*[@id=\"__tile51\"]"}
RESULT: {"using":"xpath","value":"//*[@id=\"__tile51\"]"}
COMMAND: POST /session/33495d3582e1ae9d795edae8d05afa86/element/f.99972AF7A4A37AB9389516F879C83B90.d.45D27D88E42DB6542E25F2A7CD116E73.e.2214/click - {}
RESULT: undefined
COMMAND: POST /session/33495d3582e1ae9d795edae8d05afa86/element - {"using":"xpath","value":"//*[@id=\"__tile51\"]"}
RESULT: {"using":"xpath","value":"//*[@id=\"__tile51\"]"}
COMMAND: POST /session/33495d3582e1ae9d795edae8d05afa86/element/f.99972AF7A4A37AB9389516F879C83B90.d.45D27D88E42DB6542E25F2A7CD116E73.e.2214/click - {}
RESULT: undefined
COMMAND: POST /session/33495d3582e1ae9d795edae8d05afa86/execute/async - {"script":"<script> [6424 bytes]","args":[{"element-6066-11e4-a52e-4f735466cecf":"f.99972AF7A4A37AB9389516F879C83B90.d.45D27D88E42DB6542E25F2A7CD116E73.e.260"},"getTitle",[]]}
COMMAND: POST /session/33495d3582e1ae9d795edae8d05afa86/execute/async - {"script":"<script> [1562 bytes]","args":[{"selector":{"id":"shellAppTitle"},"wdio_ui5_key":"shellAppTitle"}]}
RESULT: {"script":"<script> [1562 bytes]","args":[{"selector":{"id":"shellAppTitle"},"wdio_ui5_key":"shellAppTitle"}]}
COMMAND: POST /session/33495d3582e1ae9d795edae8d05afa86/execute/async - {"script":"<script> [6424 bytes]","args":[{"element-6066-11e4-a52e-4f735466cecf":"f.99972AF7A4A37AB9389516F879C83B90.d.45D27D88E42DB6542E25F2A7CD116E73.e.2355"},"getTitle",[]]}
RESULT: {"script":"<script> [6424 bytes]","args":[{"element-6066-11e4-a52e-4f735466cecf":"f.99972AF7A4A37AB9389516F879C83B90.d.45D27D88E42DB6542E25F2A7CD116E73.e.2355"},"getTitle",[]]}
RESULT: undefined
COMMAND: POST /session/33495d3582e1ae9d795edae8d05afa86/element/f.99972AF7A4A37AB9389516F879C83B90.d.45D27D88E42DB6542E25F2A7CD116E73.e.2212/click - {}
COMMAND: POST /session/33495d3582e1ae9d795edae8d05afa86/element/f.99972AF7A4A37AB9389516F879C83B90.d.45D27D88E42DB6542E25F2A7CD116E73.e.2212/click - {}
RESULT: {}
COMMAND: GET /session/33495d3582e1ae9d795edae8d05afa86/screenshot - {}
COMMAND: POST /session/33495d3582e1ae9d795edae8d05afa86/element - {"using":"xpath","value":"//*[@id=\"backBtn\"]"}
RESULT: {}
RESULT: {"using":"xpath","value":"//*[@id=\"backBtn\"]"}
COMMAND: POST /session/33495d3582e1ae9d795edae8d05afa86/elements - {"using":"xpath","value":"//*[@id=\"backBtn\"]"}
RESULT: {"using":"xpath","value":"//*[@id=\"backBtn\"]"}
COMMAND: POST /session/33495d3582e1ae9d795edae8d05afa86/elements - {"using":"xpath","value":"//*[@id=\"backBtn\"]"}
RESULT: {"using":"xpath","value":"//*[@id=\"backBtn\"]"}
COMMAND: POST /session/33495d3582e1ae9d795edae8d05afa86/elements - {"using":"xpath","value":"//*[@id=\"backBtn\"]"}
RESULT: {"using":"xpath","value":"//*[@id=\"backBtn\"]"}
COMMAND: POST /session/33495d3582e1ae9d795edae8d05afa86/elements - {"using":"xpath","value":"//*[@id=\"backBtn\"]"}
RESULT: {"using":"xpath","value":"//*[@id=\"backBtn\"]"}
COMMAND: POST /session/33495d3582e1ae9d795edae8d05afa86/elements - {"using":"xpath","value":"//*[@id=\"backBtn\"]"}
RESULT: {"using":"xpath","value":"//*[@id=\"backBtn\"]"}
COMMAND: POST /session/33495d3582e1ae9d795edae8d05afa86/elements - {"using":"xpath","value":"//*[@id=\"backBtn\"]"}
RESULT: {"using":"xpath","value":"//*[@id=\"backBtn\"]"}
COMMAND: POST /session/33495d3582e1ae9d795edae8d05afa86/elements - {"using":"xpath","value":"//*[@id=\"backBtn\"]"}
RESULT: {"using":"xpath","value":"//*[@id=\"backBtn\"]"}
COMMAND: POST /session/33495d3582e1ae9d795edae8d05afa86/elements - {"using":"xpath","value":"//*[@id=\"backBtn\"]"}
RESULT: {"using":"xpath","value":"//*[@id=\"backBtn\"]"}
COMMAND: POST /session/33495d3582e1ae9d795edae8d05afa86/elements - {"using":"xpath","value":"//*[@id=\"backBtn\"]"}
RESULT: {"using":"xpath","value":"//*[@id=\"backBtn\"]"}
COMMAND: POST /session/33495d3582e1ae9d795edae8d05afa86/elements - {"using":"xpath","value":"//*[@id=\"backBtn\"]"}
RESULT: {"using":"xpath","value":"//*[@id=\"backBtn\"]"}
COMMAND: POST /session/33495d3582e1ae9d795edae8d05afa86/elements - {"using":"xpath","value":"//*[@id=\"backBtn\"]"}
RESULT: {"using":"xpath","value":"//*[@id=\"backBtn\"]"}
COMMAND: POST /session/33495d3582e1ae9d795edae8d05afa86/elements - {"using":"xpath","value":"//*[@id=\"backBtn\"]"}
RESULT: {"using":"xpath","value":"//*[@id=\"backBtn\"]"}
COMMAND: POST /session/33495d3582e1ae9d795edae8d05afa86/elements - {"using":"xpath","value":"//*[@id=\"backBtn\"]"}
RESULT: {"using":"xpath","value":"//*[@id=\"backBtn\"]"}
COMMAND: POST /session/33495d3582e1ae9d795edae8d05afa86/elements - {"using":"xpath","value":"//*[@id=\"backBtn\"]"}
RESULT: {"using":"xpath","value":"//*[@id=\"backBtn\"]"}
COMMAND: POST /session/33495d3582e1ae9d795edae8d05afa86/elements - {"using":"xpath","value":"//*[@id=\"backBtn\"]"}
RESULT: {"using":"xpath","value":"//*[@id=\"backBtn\"]"}
COMMAND: POST /session/33495d3582e1ae9d795edae8d05afa86/elements - {"using":"xpath","value":"//*[@id=\"backBtn\"]"}
RESULT: {"using":"xpath","value":"//*[@id=\"backBtn\"]"}
COMMAND: POST /session/33495d3582e1ae9d795edae8d05afa86/elements - {"using":"xpath","value":"//*[@id=\"backBtn\"]"}
RESULT: {"using":"xpath","value":"//*[@id=\"backBtn\"]"}
]]></system-out>
    </testcase>
    <testcase classname="chrome.136_0_7103_49.windows.Sanity_Tests_US104253" name="Should open Manage Conditions Prices page" time="49.866">
      <system-out><![CDATA[
COMMAND: POST /session/33495d3582e1ae9d795edae8d05afa86/execute/async - {"script":"<script> [1562 bytes]","args":[{"selector":{"controlType":"sap.m.GenericTile","properties":{"header":"Manage Conditions & Prices"}},"wdio_ui5_key":"sapm.GenericTile{\"header\":\"Manage Conditions & Prices\"}"}]}
RESULT: {"script":"<script> [1562 bytes]","args":[{"selector":{"controlType":"sap.m.GenericTile","properties":{"header":"Manage Conditions & Prices"}},"wdio_ui5_key":"sapm.GenericTile{\"header\":\"Manage Conditions & Prices\"}"}]}
RESULT: undefined
COMMAND: POST /session/33495d3582e1ae9d795edae8d05afa86/element - {"using":"xpath","value":"//*[@id=\"__tile53\"]"}
COMMAND: POST /session/33495d3582e1ae9d795edae8d05afa86/elements - {"using":"xpath","value":"//*[@id=\"backBtn\"]"}
RESULT: {"using":"xpath","value":"//*[@id=\"__tile53\"]"}
COMMAND: POST /session/33495d3582e1ae9d795edae8d05afa86/element/f.99972AF7A4A37AB9389516F879C83B90.d.45D27D88E42DB6542E25F2A7CD116E73.e.2357/click - {}
RESULT: {"using":"xpath","value":"//*[@id=\"backBtn\"]"}
RESULT: {}
COMMAND: GET /session/33495d3582e1ae9d795edae8d05afa86/screenshot - {}
COMMAND: POST /session/33495d3582e1ae9d795edae8d05afa86/elements - {"using":"xpath","value":"//*[@id=\"backBtn\"]"}
RESULT: {}
RESULT: {"using":"xpath","value":"//*[@id=\"backBtn\"]"}
COMMAND: POST /session/33495d3582e1ae9d795edae8d05afa86/elements - {"using":"xpath","value":"//*[@id=\"backBtn\"]"}
RESULT: {"using":"xpath","value":"//*[@id=\"backBtn\"]"}
COMMAND: POST /session/33495d3582e1ae9d795edae8d05afa86/elements - {"using":"xpath","value":"//*[@id=\"backBtn\"]"}
RESULT: {"using":"xpath","value":"//*[@id=\"backBtn\"]"}
COMMAND: POST /session/33495d3582e1ae9d795edae8d05afa86/elements - {"using":"xpath","value":"//*[@id=\"backBtn\"]"}
RESULT: {"using":"xpath","value":"//*[@id=\"backBtn\"]"}
COMMAND: POST /session/33495d3582e1ae9d795edae8d05afa86/elements - {"using":"xpath","value":"//*[@id=\"backBtn\"]"}
COMMAND: POST /session/33495d3582e1ae9d795edae8d05afa86/elements - {"using":"xpath","value":"//span[text()='Error']"}
RESULT: {"using":"xpath","value":"//*[@id=\"backBtn\"]"}
COMMAND: POST /session/33495d3582e1ae9d795edae8d05afa86/element - {"using":"xpath","value":"//*[@id=\"backBtn\"]"}
RESULT: {"using":"xpath","value":"//span[text()='Error']"}
RESULT: {"using":"xpath","value":"//*[@id=\"backBtn\"]"}
COMMAND: POST /session/33495d3582e1ae9d795edae8d05afa86/element/f.99972AF7A4A37AB9389516F879C83B90.d.45D27D88E42DB6542E25F2A7CD116E73.e.2212/click - {}
COMMAND: POST /session/33495d3582e1ae9d795edae8d05afa86/element - {"using":"xpath","value":"//*[@id=\"backBtn\"]"}
RESULT: {"using":"xpath","value":"//*[@id=\"backBtn\"]"}
COMMAND: POST /session/33495d3582e1ae9d795edae8d05afa86/element/f.99972AF7A4A37AB9389516F879C83B90.d.45D27D88E42DB6542E25F2A7CD116E73.e.2388/click - {}
RESULT: {}
COMMAND: GET /session/33495d3582e1ae9d795edae8d05afa86/screenshot - {}
RESULT: {}
RESULT: undefined
COMMAND: POST /session/33495d3582e1ae9d795edae8d05afa86/element - {"using":"xpath","value":"//*[@id=\"__tile53\"]"}
RESULT: {"using":"xpath","value":"//*[@id=\"__tile53\"]"}
COMMAND: POST /session/33495d3582e1ae9d795edae8d05afa86/element/f.99972AF7A4A37AB9389516F879C83B90.d.45D27D88E42DB6542E25F2A7CD116E73.e.2357/click - {}
RESULT: {}
RESULT: undefined
COMMAND: POST /session/33495d3582e1ae9d795edae8d05afa86/element - {"using":"xpath","value":"//*[@id=\"__tile53\"]"}
COMMAND: GET /session/33495d3582e1ae9d795edae8d05afa86/screenshot - {}
RESULT: {"using":"xpath","value":"//*[@id=\"__tile53\"]"}
COMMAND: POST /session/33495d3582e1ae9d795edae8d05afa86/element/f.99972AF7A4A37AB9389516F879C83B90.d.45D27D88E42DB6542E25F2A7CD116E73.e.2357/click - {}
RESULT: {}
RESULT: undefined
COMMAND: POST /session/33495d3582e1ae9d795edae8d05afa86/execute/async - {"script":"<script> [6424 bytes]","args":[{"element-6066-11e4-a52e-4f735466cecf":"f.99972AF7A4A37AB9389516F879C83B90.d.45D27D88E42DB6542E25F2A7CD116E73.e.260"},"getTitle",[]]}
COMMAND: POST /session/33495d3582e1ae9d795edae8d05afa86/execute/async - {"script":"<script> [1562 bytes]","args":[{"selector":{"id":"shellAppTitle"},"wdio_ui5_key":"shellAppTitle"}]}
RESULT: {"script":"<script> [1562 bytes]","args":[{"selector":{"id":"shellAppTitle"},"wdio_ui5_key":"shellAppTitle"}]}
COMMAND: POST /session/33495d3582e1ae9d795edae8d05afa86/execute/async - {"script":"<script> [6424 bytes]","args":[{"element-6066-11e4-a52e-4f735466cecf":"f.99972AF7A4A37AB9389516F879C83B90.d.45D27D88E42DB6542E25F2A7CD116E73.e.2496"},"getTitle",[]]}
RESULT: {"script":"<script> [6424 bytes]","args":[{"element-6066-11e4-a52e-4f735466cecf":"f.99972AF7A4A37AB9389516F879C83B90.d.45D27D88E42DB6542E25F2A7CD116E73.e.2496"},"getTitle",[]]}
RESULT: undefined
COMMAND: POST /session/33495d3582e1ae9d795edae8d05afa86/element/f.99972AF7A4A37AB9389516F879C83B90.d.45D27D88E42DB6542E25F2A7CD116E73.e.2388/click - {}
RESULT: {}
COMMAND: GET /session/33495d3582e1ae9d795edae8d05afa86/screenshot - {}
RESULT: {}
]]></system-out>
    </testcase>
    <testcase classname="chrome.136_0_7103_49.windows.Sanity_Tests_US104253" name="Should open Billing Transfer page" time="37.262">
      <system-out><![CDATA[
COMMAND: POST /session/33495d3582e1ae9d795edae8d05afa86/execute/async - {"script":"<script> [1562 bytes]","args":[{"selector":{"controlType":"sap.m.GenericTile","properties":{"header":"Billing Transfer"}},"wdio_ui5_key":"sapm.GenericTile{\"header\":\"Billing Transfer\"}"}]}
RESULT: {"script":"<script> [1562 bytes]","args":[{"selector":{"controlType":"sap.m.GenericTile","properties":{"header":"Billing Transfer"}},"wdio_ui5_key":"sapm.GenericTile{\"header\":\"Billing Transfer\"}"}]}
RESULT: undefined
COMMAND: POST /session/33495d3582e1ae9d795edae8d05afa86/element - {"using":"xpath","value":"//*[@id=\"__tile50\"]"}
RESULT: {"using":"xpath","value":"//*[@id=\"__tile50\"]"}
COMMAND: POST /session/33495d3582e1ae9d795edae8d05afa86/element/f.99972AF7A4A37AB9389516F879C83B90.d.45D27D88E42DB6542E25F2A7CD116E73.e.2498/click - {}
RESULT: {}
COMMAND: GET /session/33495d3582e1ae9d795edae8d05afa86/screenshot - {}
RESULT: {}
COMMAND: POST /session/33495d3582e1ae9d795edae8d05afa86/elements - {"using":"xpath","value":"//span[text()='Error']"}
RESULT: {"using":"xpath","value":"//span[text()='Error']"}
RESULT: undefined
COMMAND: POST /session/33495d3582e1ae9d795edae8d05afa86/element - {"using":"xpath","value":"//*[@id=\"__tile50\"]"}
RESULT: {"using":"xpath","value":"//*[@id=\"__tile50\"]"}
COMMAND: POST /session/33495d3582e1ae9d795edae8d05afa86/element/f.99972AF7A4A37AB9389516F879C83B90.d.45D27D88E42DB6542E25F2A7CD116E73.e.2498/click - {}
RESULT: undefined
COMMAND: POST /session/33495d3582e1ae9d795edae8d05afa86/element - {"using":"xpath","value":"//*[@id=\"__tile50\"]"}
RESULT: {"using":"xpath","value":"//*[@id=\"__tile50\"]"}
COMMAND: POST /session/33495d3582e1ae9d795edae8d05afa86/element/f.99972AF7A4A37AB9389516F879C83B90.d.45D27D88E42DB6542E25F2A7CD116E73.e.2498/click - {}
RESULT: undefined
COMMAND: POST /session/33495d3582e1ae9d795edae8d05afa86/execute/async - {"script":"<script> [6424 bytes]","args":[{"element-6066-11e4-a52e-4f735466cecf":"f.99972AF7A4A37AB9389516F879C83B90.d.45D27D88E42DB6542E25F2A7CD116E73.e.260"},"getTitle",[]]}
COMMAND: POST /session/33495d3582e1ae9d795edae8d05afa86/execute/async - {"script":"<script> [1562 bytes]","args":[{"selector":{"id":"shellAppTitle"},"wdio_ui5_key":"shellAppTitle"}]}
RESULT: {"script":"<script> [1562 bytes]","args":[{"selector":{"id":"shellAppTitle"},"wdio_ui5_key":"shellAppTitle"}]}
COMMAND: POST /session/33495d3582e1ae9d795edae8d05afa86/execute/async - {"script":"<script> [6424 bytes]","args":[{"element-6066-11e4-a52e-4f735466cecf":"f.99972AF7A4A37AB9389516F879C83B90.d.45D27D88E42DB6542E25F2A7CD116E73.e.2570"},"getTitle",[]]}
RESULT: {"script":"<script> [6424 bytes]","args":[{"element-6066-11e4-a52e-4f735466cecf":"f.99972AF7A4A37AB9389516F879C83B90.d.45D27D88E42DB6542E25F2A7CD116E73.e.2570"},"getTitle",[]]}
RESULT: undefined
COMMAND: POST /session/33495d3582e1ae9d795edae8d05afa86/element/f.99972AF7A4A37AB9389516F879C83B90.d.45D27D88E42DB6542E25F2A7CD116E73.e.2388/click - {}
COMMAND: POST /session/33495d3582e1ae9d795edae8d05afa86/element - {"using":"xpath","value":"//*[@id=\"backBtn\"]"}
RESULT: {"using":"xpath","value":"//*[@id=\"backBtn\"]"}
COMMAND: POST /session/33495d3582e1ae9d795edae8d05afa86/element/f.99972AF7A4A37AB9389516F879C83B90.d.45D27D88E42DB6542E25F2A7CD116E73.e.2388/click - {}
COMMAND: POST /session/33495d3582e1ae9d795edae8d05afa86/element - {"using":"xpath","value":"//*[@id=\"backBtn\"]"}
RESULT: {"using":"xpath","value":"//*[@id=\"backBtn\"]"}
COMMAND: POST /session/33495d3582e1ae9d795edae8d05afa86/element/f.99972AF7A4A37AB9389516F879C83B90.d.45D27D88E42DB6542E25F2A7CD116E73.e.2571/click - {}
RESULT: {}
COMMAND: GET /session/33495d3582e1ae9d795edae8d05afa86/screenshot - {}
RESULT: {}
]]></system-out>
    </testcase>
    <testcase classname="chrome.136_0_7103_49.windows.Sanity_Tests_US104253" name="Should open Manage Pricing Rules page" time="38.92">
      <system-out><![CDATA[
COMMAND: POST /session/33495d3582e1ae9d795edae8d05afa86/execute/async - {"script":"<script> [1562 bytes]","args":[{"selector":{"controlType":"sap.m.GenericTile","properties":{"header":"Manage Pricing Rules"}},"wdio_ui5_key":"sapm.GenericTile{\"header\":\"Manage Pricing Rules\"}"}]}
RESULT: {"script":"<script> [1562 bytes]","args":[{"selector":{"controlType":"sap.m.GenericTile","properties":{"header":"Manage Pricing Rules"}},"wdio_ui5_key":"sapm.GenericTile{\"header\":\"Manage Pricing Rules\"}"}]}
RESULT: undefined
COMMAND: POST /session/33495d3582e1ae9d795edae8d05afa86/element - {"using":"xpath","value":"//*[@id=\"__tile55\"]"}
RESULT: {"using":"xpath","value":"//*[@id=\"__tile55\"]"}
COMMAND: POST /session/33495d3582e1ae9d795edae8d05afa86/element/f.99972AF7A4A37AB9389516F879C83B90.d.45D27D88E42DB6542E25F2A7CD116E73.e.2573/click - {}
RESULT: {}
COMMAND: GET /session/33495d3582e1ae9d795edae8d05afa86/screenshot - {}
RESULT: {}
COMMAND: POST /session/33495d3582e1ae9d795edae8d05afa86/elements - {"using":"xpath","value":"//span[text()='Error']"}
RESULT: {"using":"xpath","value":"//span[text()='Error']"}
RESULT: undefined
COMMAND: POST /session/33495d3582e1ae9d795edae8d05afa86/element - {"using":"xpath","value":"//*[@id=\"__tile55\"]"}
RESULT: {"using":"xpath","value":"//*[@id=\"__tile55\"]"}
COMMAND: POST /session/33495d3582e1ae9d795edae8d05afa86/element/f.99972AF7A4A37AB9389516F879C83B90.d.45D27D88E42DB6542E25F2A7CD116E73.e.2573/click - {}
RESULT: undefined
COMMAND: POST /session/33495d3582e1ae9d795edae8d05afa86/element - {"using":"xpath","value":"//*[@id=\"__tile55\"]"}
RESULT: {"using":"xpath","value":"//*[@id=\"__tile55\"]"}
COMMAND: POST /session/33495d3582e1ae9d795edae8d05afa86/element/f.99972AF7A4A37AB9389516F879C83B90.d.45D27D88E42DB6542E25F2A7CD116E73.e.2573/click - {}
RESULT: undefined
COMMAND: POST /session/33495d3582e1ae9d795edae8d05afa86/execute/async - {"script":"<script> [6424 bytes]","args":[{"element-6066-11e4-a52e-4f735466cecf":"f.99972AF7A4A37AB9389516F879C83B90.d.45D27D88E42DB6542E25F2A7CD116E73.e.260"},"getTitle",[]]}
COMMAND: POST /session/33495d3582e1ae9d795edae8d05afa86/execute/async - {"script":"<script> [1562 bytes]","args":[{"selector":{"id":"shellAppTitle"},"wdio_ui5_key":"shellAppTitle"}]}
RESULT: {"script":"<script> [1562 bytes]","args":[{"selector":{"id":"shellAppTitle"},"wdio_ui5_key":"shellAppTitle"}]}
COMMAND: POST /session/33495d3582e1ae9d795edae8d05afa86/execute/async - {"script":"<script> [6424 bytes]","args":[{"element-6066-11e4-a52e-4f735466cecf":"f.99972AF7A4A37AB9389516F879C83B90.d.45D27D88E42DB6542E25F2A7CD116E73.e.2655"},"getTitle",[]]}
RESULT: {"script":"<script> [6424 bytes]","args":[{"element-6066-11e4-a52e-4f735466cecf":"f.99972AF7A4A37AB9389516F879C83B90.d.45D27D88E42DB6542E25F2A7CD116E73.e.2655"},"getTitle",[]]}
RESULT: undefined
COMMAND: POST /session/33495d3582e1ae9d795edae8d05afa86/element/f.99972AF7A4A37AB9389516F879C83B90.d.45D27D88E42DB6542E25F2A7CD116E73.e.2571/click - {}
RESULT: {}
COMMAND: GET /session/33495d3582e1ae9d795edae8d05afa86/screenshot - {}
RESULT: {}
]]></system-out>
    </testcase>
    <testcase classname="chrome.136_0_7103_49.windows.Sanity_Tests_US104253" name="Should open Manage Price Determination Matrices page" time="42.98">
      <system-out><![CDATA[
COMMAND: POST /session/33495d3582e1ae9d795edae8d05afa86/execute/async - {"script":"<script> [1562 bytes]","args":[{"selector":{"controlType":"sap.m.GenericTile","properties":{"header":"Manage Price Determination Matrices"}},"wdio_ui5_key":"sapm.GenericTile{\"header\":\"Manage Price Determination Matrices\"}"}]}
RESULT: {"script":"<script> [1562 bytes]","args":[{"selector":{"controlType":"sap.m.GenericTile","properties":{"header":"Manage Price Determination Matrices"}},"wdio_ui5_key":"sapm.GenericTile{\"header\":\"Manage Price Determination Matrices\"}"}]}
RESULT: undefined
COMMAND: POST /session/33495d3582e1ae9d795edae8d05afa86/element - {"using":"xpath","value":"//*[@id=\"__tile54\"]"}
RESULT: {"using":"xpath","value":"//*[@id=\"__tile54\"]"}
COMMAND: POST /session/33495d3582e1ae9d795edae8d05afa86/element/f.99972AF7A4A37AB9389516F879C83B90.d.45D27D88E42DB6542E25F2A7CD116E73.e.2657/click - {}
RESULT: {}
COMMAND: GET /session/33495d3582e1ae9d795edae8d05afa86/screenshot - {}
RESULT: {}
COMMAND: POST /session/33495d3582e1ae9d795edae8d05afa86/elements - {"using":"xpath","value":"//span[text()='Error']"}
RESULT: {"using":"xpath","value":"//span[text()='Error']"}
RESULT: undefined
COMMAND: POST /session/33495d3582e1ae9d795edae8d05afa86/element - {"using":"xpath","value":"//*[@id=\"__tile54\"]"}
RESULT: {"using":"xpath","value":"//*[@id=\"__tile54\"]"}
COMMAND: POST /session/33495d3582e1ae9d795edae8d05afa86/element/f.99972AF7A4A37AB9389516F879C83B90.d.45D27D88E42DB6542E25F2A7CD116E73.e.2657/click - {}
RESULT: undefined
COMMAND: POST /session/33495d3582e1ae9d795edae8d05afa86/element - {"using":"xpath","value":"//*[@id=\"__tile54\"]"}
RESULT: {"using":"xpath","value":"//*[@id=\"__tile54\"]"}
COMMAND: POST /session/33495d3582e1ae9d795edae8d05afa86/element/f.99972AF7A4A37AB9389516F879C83B90.d.45D27D88E42DB6542E25F2A7CD116E73.e.2657/click - {}
RESULT: undefined
COMMAND: POST /session/33495d3582e1ae9d795edae8d05afa86/execute/async - {"script":"<script> [6424 bytes]","args":[{"element-6066-11e4-a52e-4f735466cecf":"f.99972AF7A4A37AB9389516F879C83B90.d.45D27D88E42DB6542E25F2A7CD116E73.e.260"},"getTitle",[]]}
COMMAND: POST /session/33495d3582e1ae9d795edae8d05afa86/execute/async - {"script":"<script> [1562 bytes]","args":[{"selector":{"id":"shellAppTitle"},"wdio_ui5_key":"shellAppTitle"}]}
RESULT: {"script":"<script> [1562 bytes]","args":[{"selector":{"id":"shellAppTitle"},"wdio_ui5_key":"shellAppTitle"}]}
COMMAND: POST /session/33495d3582e1ae9d795edae8d05afa86/execute/async - {"script":"<script> [6424 bytes]","args":[{"element-6066-11e4-a52e-4f735466cecf":"f.99972AF7A4A37AB9389516F879C83B90.d.45D27D88E42DB6542E25F2A7CD116E73.e.2730"},"getTitle",[]]}
RESULT: {"script":"<script> [6424 bytes]","args":[{"element-6066-11e4-a52e-4f735466cecf":"f.99972AF7A4A37AB9389516F879C83B90.d.45D27D88E42DB6542E25F2A7CD116E73.e.2730"},"getTitle",[]]}
RESULT: undefined
COMMAND: POST /session/33495d3582e1ae9d795edae8d05afa86/element/f.99972AF7A4A37AB9389516F879C83B90.d.45D27D88E42DB6542E25F2A7CD116E73.e.2571/click - {}
COMMAND: POST /session/33495d3582e1ae9d795edae8d05afa86/element - {"using":"xpath","value":"//*[@id=\"backBtn\"]"}
RESULT: {"using":"xpath","value":"//*[@id=\"backBtn\"]"}
COMMAND: POST /session/33495d3582e1ae9d795edae8d05afa86/element/f.99972AF7A4A37AB9389516F879C83B90.d.45D27D88E42DB6542E25F2A7CD116E73.e.2571/click - {}
COMMAND: POST /session/33495d3582e1ae9d795edae8d05afa86/element - {"using":"xpath","value":"//*[@id=\"backBtn\"]"}
RESULT: {"using":"xpath","value":"//*[@id=\"backBtn\"]"}
COMMAND: POST /session/33495d3582e1ae9d795edae8d05afa86/element/f.99972AF7A4A37AB9389516F879C83B90.d.45D27D88E42DB6542E25F2A7CD116E73.e.2731/click - {}
RESULT: {}
COMMAND: GET /session/33495d3582e1ae9d795edae8d05afa86/screenshot - {}
RESULT: {}
]]></system-out>
    </testcase>
    <testcase classname="chrome.136_0_7103_49.windows.Sanity_Tests_US104253" name="Should open Yard Overview page" time="37.313">
      <system-out><![CDATA[
COMMAND: POST /session/33495d3582e1ae9d795edae8d05afa86/execute/async - {"script":"<script> [1562 bytes]","args":[{"selector":{"controlType":"sap.m.GenericTile","properties":{"header":"Yard Overview"}},"wdio_ui5_key":"sapm.GenericTile{\"header\":\"Yard Overview\"}"}]}
RESULT: {"script":"<script> [1562 bytes]","args":[{"selector":{"controlType":"sap.m.GenericTile","properties":{"header":"Yard Overview"}},"wdio_ui5_key":"sapm.GenericTile{\"header\":\"Yard Overview\"}"}]}
RESULT: undefined
COMMAND: POST /session/33495d3582e1ae9d795edae8d05afa86/element - {"using":"xpath","value":"//*[@id=\"__tile102\"]"}
RESULT: {"using":"xpath","value":"//*[@id=\"__tile102\"]"}
COMMAND: POST /session/33495d3582e1ae9d795edae8d05afa86/element/f.99972AF7A4A37AB9389516F879C83B90.d.45D27D88E42DB6542E25F2A7CD116E73.e.2733/click - {}
RESULT: {}
COMMAND: GET /session/33495d3582e1ae9d795edae8d05afa86/screenshot - {}
RESULT: {}
COMMAND: POST /session/33495d3582e1ae9d795edae8d05afa86/elements - {"using":"xpath","value":"//span[text()='Error']"}
RESULT: {"using":"xpath","value":"//span[text()='Error']"}
RESULT: undefined
COMMAND: POST /session/33495d3582e1ae9d795edae8d05afa86/element - {"using":"xpath","value":"//*[@id=\"__tile102\"]"}
RESULT: {"using":"xpath","value":"//*[@id=\"__tile102\"]"}
COMMAND: POST /session/33495d3582e1ae9d795edae8d05afa86/element/f.99972AF7A4A37AB9389516F879C83B90.d.45D27D88E42DB6542E25F2A7CD116E73.e.2733/click - {}
RESULT: undefined
COMMAND: POST /session/33495d3582e1ae9d795edae8d05afa86/element - {"using":"xpath","value":"//*[@id=\"__tile102\"]"}
RESULT: {"using":"xpath","value":"//*[@id=\"__tile102\"]"}
COMMAND: POST /session/33495d3582e1ae9d795edae8d05afa86/element/f.99972AF7A4A37AB9389516F879C83B90.d.45D27D88E42DB6542E25F2A7CD116E73.e.2733/click - {}
RESULT: undefined
COMMAND: POST /session/33495d3582e1ae9d795edae8d05afa86/execute/async - {"script":"<script> [6424 bytes]","args":[{"element-6066-11e4-a52e-4f735466cecf":"f.99972AF7A4A37AB9389516F879C83B90.d.45D27D88E42DB6542E25F2A7CD116E73.e.260"},"getTitle",[]]}
COMMAND: POST /session/33495d3582e1ae9d795edae8d05afa86/execute/async - {"script":"<script> [1562 bytes]","args":[{"selector":{"id":"shellAppTitle"},"wdio_ui5_key":"shellAppTitle"}]}
RESULT: {"script":"<script> [1562 bytes]","args":[{"selector":{"id":"shellAppTitle"},"wdio_ui5_key":"shellAppTitle"}]}
COMMAND: POST /session/33495d3582e1ae9d795edae8d05afa86/execute/async - {"script":"<script> [6424 bytes]","args":[{"element-6066-11e4-a52e-4f735466cecf":"f.99972AF7A4A37AB9389516F879C83B90.d.45D27D88E42DB6542E25F2A7CD116E73.e.2792"},"getTitle",[]]}
RESULT: {"script":"<script> [6424 bytes]","args":[{"element-6066-11e4-a52e-4f735466cecf":"f.99972AF7A4A37AB9389516F879C83B90.d.45D27D88E42DB6542E25F2A7CD116E73.e.2792"},"getTitle",[]]}
RESULT: undefined
COMMAND: POST /session/33495d3582e1ae9d795edae8d05afa86/element/f.99972AF7A4A37AB9389516F879C83B90.d.45D27D88E42DB6542E25F2A7CD116E73.e.2731/click - {}
RESULT: {}
COMMAND: GET /session/33495d3582e1ae9d795edae8d05afa86/screenshot - {}
RESULT: {}
]]></system-out>
    </testcase>
    <testcase classname="chrome.136_0_7103_49.windows.Sanity_Tests_US104253" name="Should open Site Overview page" time="40.154">
      <system-out><![CDATA[
COMMAND: POST /session/33495d3582e1ae9d795edae8d05afa86/execute/async - {"script":"<script> [1562 bytes]","args":[{"selector":{"controlType":"sap.m.GenericTile","properties":{"header":"Site Overview"}},"wdio_ui5_key":"sapm.GenericTile{\"header\":\"Site Overview\"}"}]}
RESULT: {"script":"<script> [1562 bytes]","args":[{"selector":{"controlType":"sap.m.GenericTile","properties":{"header":"Site Overview"}},"wdio_ui5_key":"sapm.GenericTile{\"header\":\"Site Overview\"}"}]}
RESULT: undefined
COMMAND: POST /session/33495d3582e1ae9d795edae8d05afa86/element - {"using":"xpath","value":"//*[@id=\"__tile100\"]"}
RESULT: {"using":"xpath","value":"//*[@id=\"__tile100\"]"}
COMMAND: POST /session/33495d3582e1ae9d795edae8d05afa86/element/f.99972AF7A4A37AB9389516F879C83B90.d.45D27D88E42DB6542E25F2A7CD116E73.e.2795/click - {}
RESULT: {}
COMMAND: GET /session/33495d3582e1ae9d795edae8d05afa86/screenshot - {}
RESULT: {}
COMMAND: POST /session/33495d3582e1ae9d795edae8d05afa86/elements - {"using":"xpath","value":"//span[text()='Error']"}
RESULT: {"using":"xpath","value":"//span[text()='Error']"}
RESULT: undefined
COMMAND: POST /session/33495d3582e1ae9d795edae8d05afa86/element - {"using":"xpath","value":"//*[@id=\"__tile100\"]"}
RESULT: {"using":"xpath","value":"//*[@id=\"__tile100\"]"}
COMMAND: POST /session/33495d3582e1ae9d795edae8d05afa86/element/f.99972AF7A4A37AB9389516F879C83B90.d.45D27D88E42DB6542E25F2A7CD116E73.e.2795/click - {}
RESULT: undefined
COMMAND: POST /session/33495d3582e1ae9d795edae8d05afa86/element - {"using":"xpath","value":"//*[@id=\"__tile100\"]"}
RESULT: {"using":"xpath","value":"//*[@id=\"__tile100\"]"}
COMMAND: POST /session/33495d3582e1ae9d795edae8d05afa86/element/f.99972AF7A4A37AB9389516F879C83B90.d.45D27D88E42DB6542E25F2A7CD116E73.e.2795/click - {}
RESULT: undefined
COMMAND: POST /session/33495d3582e1ae9d795edae8d05afa86/execute/async - {"script":"<script> [6424 bytes]","args":[{"element-6066-11e4-a52e-4f735466cecf":"f.99972AF7A4A37AB9389516F879C83B90.d.45D27D88E42DB6542E25F2A7CD116E73.e.260"},"getTitle",[]]}
COMMAND: POST /session/33495d3582e1ae9d795edae8d05afa86/execute/async - {"script":"<script> [1562 bytes]","args":[{"selector":{"id":"shellAppTitle"},"wdio_ui5_key":"shellAppTitle"}]}
RESULT: {"script":"<script> [1562 bytes]","args":[{"selector":{"id":"shellAppTitle"},"wdio_ui5_key":"shellAppTitle"}]}
COMMAND: POST /session/33495d3582e1ae9d795edae8d05afa86/execute/async - {"script":"<script> [6424 bytes]","args":[{"element-6066-11e4-a52e-4f735466cecf":"f.99972AF7A4A37AB9389516F879C83B90.d.45D27D88E42DB6542E25F2A7CD116E73.e.2906"},"getTitle",[]]}
RESULT: {"script":"<script> [6424 bytes]","args":[{"element-6066-11e4-a52e-4f735466cecf":"f.99972AF7A4A37AB9389516F879C83B90.d.45D27D88E42DB6542E25F2A7CD116E73.e.2906"},"getTitle",[]]}
RESULT: undefined
COMMAND: POST /session/33495d3582e1ae9d795edae8d05afa86/element/f.99972AF7A4A37AB9389516F879C83B90.d.45D27D88E42DB6542E25F2A7CD116E73.e.2731/click - {}
COMMAND: POST /session/33495d3582e1ae9d795edae8d05afa86/element - {"using":"xpath","value":"//*[@id=\"backBtn\"]"}
RESULT: {"using":"xpath","value":"//*[@id=\"backBtn\"]"}
COMMAND: POST /session/33495d3582e1ae9d795edae8d05afa86/element/f.99972AF7A4A37AB9389516F879C83B90.d.45D27D88E42DB6542E25F2A7CD116E73.e.2731/click - {}
COMMAND: POST /session/33495d3582e1ae9d795edae8d05afa86/element - {"using":"xpath","value":"//*[@id=\"backBtn\"]"}
RESULT: {"using":"xpath","value":"//*[@id=\"backBtn\"]"}
COMMAND: POST /session/33495d3582e1ae9d795edae8d05afa86/element/f.99972AF7A4A37AB9389516F879C83B90.d.45D27D88E42DB6542E25F2A7CD116E73.e.2907/click - {}
RESULT: {}
COMMAND: GET /session/33495d3582e1ae9d795edae8d05afa86/screenshot - {}
RESULT: {}
]]></system-out>
    </testcase>
    <testcase classname="chrome.136_0_7103_49.windows.Sanity_Tests_US104253" name="Should open Trace Track Resources page" time="38.764">
      <system-out><![CDATA[
COMMAND: POST /session/33495d3582e1ae9d795edae8d05afa86/execute/async - {"script":"<script> [1562 bytes]","args":[{"selector":{"controlType":"sap.m.GenericTile","properties":{"header":"Trace & Track Resources"}},"wdio_ui5_key":"sapm.GenericTile{\"header\":\"Trace & Track Resources\"}"}]}
RESULT: {"script":"<script> [1562 bytes]","args":[{"selector":{"controlType":"sap.m.GenericTile","properties":{"header":"Trace & Track Resources"}},"wdio_ui5_key":"sapm.GenericTile{\"header\":\"Trace & Track Resources\"}"}]}
RESULT: undefined
COMMAND: POST /session/33495d3582e1ae9d795edae8d05afa86/element - {"using":"xpath","value":"//*[@id=\"__tile101\"]"}
RESULT: {"using":"xpath","value":"//*[@id=\"__tile101\"]"}
COMMAND: POST /session/33495d3582e1ae9d795edae8d05afa86/element/f.99972AF7A4A37AB9389516F879C83B90.d.45D27D88E42DB6542E25F2A7CD116E73.e.2909/click - {}
RESULT: {}
COMMAND: GET /session/33495d3582e1ae9d795edae8d05afa86/screenshot - {}
RESULT: {}
COMMAND: POST /session/33495d3582e1ae9d795edae8d05afa86/elements - {"using":"xpath","value":"//span[text()='Error']"}
RESULT: {"using":"xpath","value":"//span[text()='Error']"}
RESULT: undefined
COMMAND: POST /session/33495d3582e1ae9d795edae8d05afa86/element - {"using":"xpath","value":"//*[@id=\"__tile101\"]"}
RESULT: {"using":"xpath","value":"//*[@id=\"__tile101\"]"}
COMMAND: POST /session/33495d3582e1ae9d795edae8d05afa86/element/f.99972AF7A4A37AB9389516F879C83B90.d.45D27D88E42DB6542E25F2A7CD116E73.e.2909/click - {}
RESULT: undefined
COMMAND: POST /session/33495d3582e1ae9d795edae8d05afa86/element - {"using":"xpath","value":"//*[@id=\"__tile101\"]"}
RESULT: {"using":"xpath","value":"//*[@id=\"__tile101\"]"}
COMMAND: POST /session/33495d3582e1ae9d795edae8d05afa86/element/f.99972AF7A4A37AB9389516F879C83B90.d.45D27D88E42DB6542E25F2A7CD116E73.e.2909/click - {}
RESULT: undefined
COMMAND: POST /session/33495d3582e1ae9d795edae8d05afa86/execute/async - {"script":"<script> [6424 bytes]","args":[{"element-6066-11e4-a52e-4f735466cecf":"f.99972AF7A4A37AB9389516F879C83B90.d.45D27D88E42DB6542E25F2A7CD116E73.e.260"},"getTitle",[]]}
COMMAND: POST /session/33495d3582e1ae9d795edae8d05afa86/execute/async - {"script":"<script> [1562 bytes]","args":[{"selector":{"id":"shellAppTitle"},"wdio_ui5_key":"shellAppTitle"}]}
RESULT: {"script":"<script> [1562 bytes]","args":[{"selector":{"id":"shellAppTitle"},"wdio_ui5_key":"shellAppTitle"}]}
COMMAND: POST /session/33495d3582e1ae9d795edae8d05afa86/execute/async - {"script":"<script> [6424 bytes]","args":[{"element-6066-11e4-a52e-4f735466cecf":"f.99972AF7A4A37AB9389516F879C83B90.d.45D27D88E42DB6542E25F2A7CD116E73.e.2944"},"getTitle",[]]}
RESULT: {"script":"<script> [6424 bytes]","args":[{"element-6066-11e4-a52e-4f735466cecf":"f.99972AF7A4A37AB9389516F879C83B90.d.45D27D88E42DB6542E25F2A7CD116E73.e.2944"},"getTitle",[]]}
RESULT: undefined
COMMAND: POST /session/33495d3582e1ae9d795edae8d05afa86/element/f.99972AF7A4A37AB9389516F879C83B90.d.45D27D88E42DB6542E25F2A7CD116E73.e.2907/click - {}
RESULT: {}
COMMAND: GET /session/33495d3582e1ae9d795edae8d05afa86/screenshot - {}
RESULT: {}
]]></system-out>
    </testcase>
    <testcase classname="chrome.136_0_7103_49.windows.Sanity_Tests_US104253" name="Should open RU Inventory List page" time="43.834">
      <system-out><![CDATA[
COMMAND: POST /session/33495d3582e1ae9d795edae8d05afa86/execute/async - {"script":"<script> [1562 bytes]","args":[{"selector":{"controlType":"sap.m.GenericTile","properties":{"header":"RU Inventory List"}},"wdio_ui5_key":"sapm.GenericTile{\"header\":\"RU Inventory List\"}"}]}
RESULT: {"script":"<script> [1562 bytes]","args":[{"selector":{"controlType":"sap.m.GenericTile","properties":{"header":"RU Inventory List"}},"wdio_ui5_key":"sapm.GenericTile{\"header\":\"RU Inventory List\"}"}]}
RESULT: undefined
COMMAND: POST /session/33495d3582e1ae9d795edae8d05afa86/element - {"using":"xpath","value":"//*[@id=\"__tile99\"]"}
RESULT: {"using":"xpath","value":"//*[@id=\"__tile99\"]"}
COMMAND: POST /session/33495d3582e1ae9d795edae8d05afa86/element/f.99972AF7A4A37AB9389516F879C83B90.d.45D27D88E42DB6542E25F2A7CD116E73.e.2946/click - {}
RESULT: {}
COMMAND: GET /session/33495d3582e1ae9d795edae8d05afa86/screenshot - {}
RESULT: {}
COMMAND: POST /session/33495d3582e1ae9d795edae8d05afa86/elements - {"using":"xpath","value":"//span[text()='Error']"}
RESULT: {"using":"xpath","value":"//span[text()='Error']"}
RESULT: undefined
COMMAND: POST /session/33495d3582e1ae9d795edae8d05afa86/element - {"using":"xpath","value":"//*[@id=\"__tile99\"]"}
RESULT: {"using":"xpath","value":"//*[@id=\"__tile99\"]"}
COMMAND: POST /session/33495d3582e1ae9d795edae8d05afa86/element/f.99972AF7A4A37AB9389516F879C83B90.d.45D27D88E42DB6542E25F2A7CD116E73.e.2946/click - {}
RESULT: undefined
COMMAND: POST /session/33495d3582e1ae9d795edae8d05afa86/element - {"using":"xpath","value":"//*[@id=\"__tile99\"]"}
RESULT: {"using":"xpath","value":"//*[@id=\"__tile99\"]"}
COMMAND: POST /session/33495d3582e1ae9d795edae8d05afa86/element/f.99972AF7A4A37AB9389516F879C83B90.d.45D27D88E42DB6542E25F2A7CD116E73.e.2946/click - {}
RESULT: undefined
COMMAND: POST /session/33495d3582e1ae9d795edae8d05afa86/execute/async - {"script":"<script> [6424 bytes]","args":[{"element-6066-11e4-a52e-4f735466cecf":"f.99972AF7A4A37AB9389516F879C83B90.d.45D27D88E42DB6542E25F2A7CD116E73.e.260"},"getTitle",[]]}
COMMAND: POST /session/33495d3582e1ae9d795edae8d05afa86/execute/async - {"script":"<script> [1562 bytes]","args":[{"selector":{"id":"shellAppTitle"},"wdio_ui5_key":"shellAppTitle"}]}
RESULT: {"script":"<script> [1562 bytes]","args":[{"selector":{"id":"shellAppTitle"},"wdio_ui5_key":"shellAppTitle"}]}
COMMAND: POST /session/33495d3582e1ae9d795edae8d05afa86/execute/async - {"script":"<script> [6424 bytes]","args":[{"element-6066-11e4-a52e-4f735466cecf":"f.99972AF7A4A37AB9389516F879C83B90.d.45D27D88E42DB6542E25F2A7CD116E73.e.3123"},"getTitle",[]]}
RESULT: {"script":"<script> [6424 bytes]","args":[{"element-6066-11e4-a52e-4f735466cecf":"f.99972AF7A4A37AB9389516F879C83B90.d.45D27D88E42DB6542E25F2A7CD116E73.e.3123"},"getTitle",[]]}
RESULT: undefined
COMMAND: POST /session/33495d3582e1ae9d795edae8d05afa86/element/f.99972AF7A4A37AB9389516F879C83B90.d.45D27D88E42DB6542E25F2A7CD116E73.e.2907/click - {}
COMMAND: POST /session/33495d3582e1ae9d795edae8d05afa86/element - {"using":"xpath","value":"//*[@id=\"backBtn\"]"}
RESULT: {"using":"xpath","value":"//*[@id=\"backBtn\"]"}
COMMAND: POST /session/33495d3582e1ae9d795edae8d05afa86/element/f.99972AF7A4A37AB9389516F879C83B90.d.45D27D88E42DB6542E25F2A7CD116E73.e.2907/click - {}
COMMAND: POST /session/33495d3582e1ae9d795edae8d05afa86/element - {"using":"xpath","value":"//*[@id=\"backBtn\"]"}
RESULT: {"using":"xpath","value":"//*[@id=\"backBtn\"]"}
COMMAND: POST /session/33495d3582e1ae9d795edae8d05afa86/element/f.99972AF7A4A37AB9389516F879C83B90.d.45D27D88E42DB6542E25F2A7CD116E73.e.3124/click - {}
RESULT: {}
COMMAND: GET /session/33495d3582e1ae9d795edae8d05afa86/screenshot - {}
RESULT: {}
]]></system-out>
    </testcase>
    <testcase classname="chrome.136_0_7103_49.windows.Sanity_Tests_US104253" name="Should open Contracts Dashboard page" time="47.949">
      <system-out><![CDATA[
COMMAND: POST /session/33495d3582e1ae9d795edae8d05afa86/execute/async - {"script":"<script> [1562 bytes]","args":[{"selector":{"controlType":"sap.m.GenericTile","properties":{"header":"Contracts Dashboard"}},"wdio_ui5_key":"sapm.GenericTile{\"header\":\"Contracts Dashboard\"}"}]}
RESULT: {"script":"<script> [1562 bytes]","args":[{"selector":{"controlType":"sap.m.GenericTile","properties":{"header":"Contracts Dashboard"}},"wdio_ui5_key":"sapm.GenericTile{\"header\":\"Contracts Dashboard\"}"}]}
RESULT: undefined
COMMAND: POST /session/33495d3582e1ae9d795edae8d05afa86/element - {"using":"xpath","value":"//*[@id=\"__tile97\"]"}
RESULT: {"using":"xpath","value":"//*[@id=\"__tile97\"]"}
COMMAND: POST /session/33495d3582e1ae9d795edae8d05afa86/element/f.99972AF7A4A37AB9389516F879C83B90.d.45D27D88E42DB6542E25F2A7CD116E73.e.3126/click - {}
RESULT: {}
COMMAND: GET /session/33495d3582e1ae9d795edae8d05afa86/screenshot - {}
RESULT: {}
COMMAND: POST /session/33495d3582e1ae9d795edae8d05afa86/elements - {"using":"xpath","value":"//span[text()='Error']"}
RESULT: {"using":"xpath","value":"//span[text()='Error']"}
RESULT: undefined
COMMAND: POST /session/33495d3582e1ae9d795edae8d05afa86/element - {"using":"xpath","value":"//*[@id=\"__tile97\"]"}
RESULT: {"using":"xpath","value":"//*[@id=\"__tile97\"]"}
COMMAND: POST /session/33495d3582e1ae9d795edae8d05afa86/element/f.99972AF7A4A37AB9389516F879C83B90.d.45D27D88E42DB6542E25F2A7CD116E73.e.3126/click - {}
RESULT: undefined
COMMAND: POST /session/33495d3582e1ae9d795edae8d05afa86/element - {"using":"xpath","value":"//*[@id=\"__tile97\"]"}
RESULT: {"using":"xpath","value":"//*[@id=\"__tile97\"]"}
COMMAND: POST /session/33495d3582e1ae9d795edae8d05afa86/element/f.99972AF7A4A37AB9389516F879C83B90.d.45D27D88E42DB6542E25F2A7CD116E73.e.3126/click - {}
RESULT: undefined
COMMAND: POST /session/33495d3582e1ae9d795edae8d05afa86/execute/async - {"script":"<script> [6424 bytes]","args":[{"element-6066-11e4-a52e-4f735466cecf":"f.99972AF7A4A37AB9389516F879C83B90.d.45D27D88E42DB6542E25F2A7CD116E73.e.260"},"getTitle",[]]}
COMMAND: POST /session/33495d3582e1ae9d795edae8d05afa86/execute/async - {"script":"<script> [1562 bytes]","args":[{"selector":{"id":"shellAppTitle"},"wdio_ui5_key":"shellAppTitle"}]}
RESULT: {"script":"<script> [1562 bytes]","args":[{"selector":{"id":"shellAppTitle"},"wdio_ui5_key":"shellAppTitle"}]}
COMMAND: POST /session/33495d3582e1ae9d795edae8d05afa86/execute/async - {"script":"<script> [6424 bytes]","args":[{"element-6066-11e4-a52e-4f735466cecf":"f.99972AF7A4A37AB9389516F879C83B90.d.45D27D88E42DB6542E25F2A7CD116E73.e.3147"},"getTitle",[]]}
RESULT: {"script":"<script> [6424 bytes]","args":[{"element-6066-11e4-a52e-4f735466cecf":"f.99972AF7A4A37AB9389516F879C83B90.d.45D27D88E42DB6542E25F2A7CD116E73.e.3147"},"getTitle",[]]}
RESULT: undefined
COMMAND: POST /session/33495d3582e1ae9d795edae8d05afa86/element/f.99972AF7A4A37AB9389516F879C83B90.d.45D27D88E42DB6542E25F2A7CD116E73.e.3124/click - {}
RESULT: {}
COMMAND: GET /session/33495d3582e1ae9d795edae8d05afa86/screenshot - {}
RESULT: {}
]]></system-out>
    </testcase>
    <testcase classname="chrome.136_0_7103_49.windows.Sanity_Tests_US104253" name="Should open Bin Status Report page" time="39.984">
      <system-out><![CDATA[
COMMAND: POST /session/33495d3582e1ae9d795edae8d05afa86/execute/async - {"script":"<script> [1562 bytes]","args":[{"selector":{"controlType":"sap.m.GenericTile","properties":{"header":"Bin Status Report"}},"wdio_ui5_key":"sapm.GenericTile{\"header\":\"Bin Status Report\"}"}]}
RESULT: {"script":"<script> [1562 bytes]","args":[{"selector":{"controlType":"sap.m.GenericTile","properties":{"header":"Bin Status Report"}},"wdio_ui5_key":"sapm.GenericTile{\"header\":\"Bin Status Report\"}"}]}
RESULT: undefined
COMMAND: POST /session/33495d3582e1ae9d795edae8d05afa86/element - {"using":"xpath","value":"//*[@id=\"__tile104\"]"}
RESULT: {"using":"xpath","value":"//*[@id=\"__tile104\"]"}
COMMAND: POST /session/33495d3582e1ae9d795edae8d05afa86/element/f.99972AF7A4A37AB9389516F879C83B90.d.45D27D88E42DB6542E25F2A7CD116E73.e.108/click - {}
RESULT: {}
COMMAND: GET /session/33495d3582e1ae9d795edae8d05afa86/screenshot - {}
RESULT: {}
COMMAND: POST /session/33495d3582e1ae9d795edae8d05afa86/elements - {"using":"xpath","value":"//span[text()='Error']"}
RESULT: {"using":"xpath","value":"//span[text()='Error']"}
RESULT: undefined
COMMAND: POST /session/33495d3582e1ae9d795edae8d05afa86/element - {"using":"xpath","value":"//*[@id=\"__tile104\"]"}
RESULT: {"using":"xpath","value":"//*[@id=\"__tile104\"]"}
COMMAND: POST /session/33495d3582e1ae9d795edae8d05afa86/element/f.99972AF7A4A37AB9389516F879C83B90.d.45D27D88E42DB6542E25F2A7CD116E73.e.108/click - {}
RESULT: undefined
COMMAND: POST /session/33495d3582e1ae9d795edae8d05afa86/element - {"using":"xpath","value":"//*[@id=\"__tile104\"]"}
RESULT: {"using":"xpath","value":"//*[@id=\"__tile104\"]"}
COMMAND: POST /session/33495d3582e1ae9d795edae8d05afa86/element/f.99972AF7A4A37AB9389516F879C83B90.d.45D27D88E42DB6542E25F2A7CD116E73.e.108/click - {}
RESULT: undefined
COMMAND: POST /session/33495d3582e1ae9d795edae8d05afa86/execute/async - {"script":"<script> [6424 bytes]","args":[{"element-6066-11e4-a52e-4f735466cecf":"f.99972AF7A4A37AB9389516F879C83B90.d.45D27D88E42DB6542E25F2A7CD116E73.e.260"},"getTitle",[]]}
COMMAND: POST /session/33495d3582e1ae9d795edae8d05afa86/execute/async - {"script":"<script> [1562 bytes]","args":[{"selector":{"id":"shellAppTitle"},"wdio_ui5_key":"shellAppTitle"}]}
RESULT: {"script":"<script> [1562 bytes]","args":[{"selector":{"id":"shellAppTitle"},"wdio_ui5_key":"shellAppTitle"}]}
COMMAND: POST /session/33495d3582e1ae9d795edae8d05afa86/execute/async - {"script":"<script> [6424 bytes]","args":[{"element-6066-11e4-a52e-4f735466cecf":"f.99972AF7A4A37AB9389516F879C83B90.d.45D27D88E42DB6542E25F2A7CD116E73.e.3241"},"getTitle",[]]}
RESULT: {"script":"<script> [6424 bytes]","args":[{"element-6066-11e4-a52e-4f735466cecf":"f.99972AF7A4A37AB9389516F879C83B90.d.45D27D88E42DB6542E25F2A7CD116E73.e.3241"},"getTitle",[]]}
RESULT: undefined
COMMAND: POST /session/33495d3582e1ae9d795edae8d05afa86/element/f.99972AF7A4A37AB9389516F879C83B90.d.45D27D88E42DB6542E25F2A7CD116E73.e.3124/click - {}
COMMAND: POST /session/33495d3582e1ae9d795edae8d05afa86/element - {"using":"xpath","value":"//*[@id=\"backBtn\"]"}
RESULT: {"using":"xpath","value":"//*[@id=\"backBtn\"]"}
COMMAND: POST /session/33495d3582e1ae9d795edae8d05afa86/element/f.99972AF7A4A37AB9389516F879C83B90.d.45D27D88E42DB6542E25F2A7CD116E73.e.3124/click - {}
COMMAND: POST /session/33495d3582e1ae9d795edae8d05afa86/element - {"using":"xpath","value":"//*[@id=\"backBtn\"]"}
RESULT: {"using":"xpath","value":"//*[@id=\"backBtn\"]"}
COMMAND: POST /session/33495d3582e1ae9d795edae8d05afa86/element/f.99972AF7A4A37AB9389516F879C83B90.d.45D27D88E42DB6542E25F2A7CD116E73.e.3242/click - {}
RESULT: {}
COMMAND: GET /session/33495d3582e1ae9d795edae8d05afa86/screenshot - {}
RESULT: {}
]]></system-out>
    </testcase>
    <testcase classname="chrome.136_0_7103_49.windows.Sanity_Tests_US104253" name="Should open Manage Warehouse Movements page" time="38.987">
      <system-out><![CDATA[
COMMAND: POST /session/33495d3582e1ae9d795edae8d05afa86/execute/async - {"script":"<script> [1562 bytes]","args":[{"selector":{"controlType":"sap.m.GenericTile","properties":{"header":"Manage Warehouse Movements"}},"wdio_ui5_key":"sapm.GenericTile{\"header\":\"Manage Warehouse Movements\"}"}]}
RESULT: {"script":"<script> [1562 bytes]","args":[{"selector":{"controlType":"sap.m.GenericTile","properties":{"header":"Manage Warehouse Movements"}},"wdio_ui5_key":"sapm.GenericTile{\"header\":\"Manage Warehouse Movements\"}"}]}
RESULT: undefined
COMMAND: POST /session/33495d3582e1ae9d795edae8d05afa86/element - {"using":"xpath","value":"//*[@id=\"__tile105\"]"}
RESULT: {"using":"xpath","value":"//*[@id=\"__tile105\"]"}
COMMAND: POST /session/33495d3582e1ae9d795edae8d05afa86/element/f.99972AF7A4A37AB9389516F879C83B90.d.45D27D88E42DB6542E25F2A7CD116E73.e.3246/click - {}
RESULT: {}
COMMAND: GET /session/33495d3582e1ae9d795edae8d05afa86/screenshot - {}
RESULT: {}
COMMAND: POST /session/33495d3582e1ae9d795edae8d05afa86/elements - {"using":"xpath","value":"//span[text()='Error']"}
RESULT: {"using":"xpath","value":"//span[text()='Error']"}
RESULT: undefined
COMMAND: POST /session/33495d3582e1ae9d795edae8d05afa86/element - {"using":"xpath","value":"//*[@id=\"__tile105\"]"}
RESULT: {"using":"xpath","value":"//*[@id=\"__tile105\"]"}
COMMAND: POST /session/33495d3582e1ae9d795edae8d05afa86/element/f.99972AF7A4A37AB9389516F879C83B90.d.45D27D88E42DB6542E25F2A7CD116E73.e.3246/click - {}
RESULT: undefined
COMMAND: POST /session/33495d3582e1ae9d795edae8d05afa86/element - {"using":"xpath","value":"//*[@id=\"__tile105\"]"}
RESULT: {"using":"xpath","value":"//*[@id=\"__tile105\"]"}
COMMAND: POST /session/33495d3582e1ae9d795edae8d05afa86/element/f.99972AF7A4A37AB9389516F879C83B90.d.45D27D88E42DB6542E25F2A7CD116E73.e.3246/click - {}
RESULT: undefined
COMMAND: POST /session/33495d3582e1ae9d795edae8d05afa86/execute/async - {"script":"<script> [6424 bytes]","args":[{"element-6066-11e4-a52e-4f735466cecf":"f.99972AF7A4A37AB9389516F879C83B90.d.45D27D88E42DB6542E25F2A7CD116E73.e.260"},"getTitle",[]]}
COMMAND: POST /session/33495d3582e1ae9d795edae8d05afa86/execute/async - {"script":"<script> [1562 bytes]","args":[{"selector":{"id":"shellAppTitle"},"wdio_ui5_key":"shellAppTitle"}]}
RESULT: {"script":"<script> [1562 bytes]","args":[{"selector":{"id":"shellAppTitle"},"wdio_ui5_key":"shellAppTitle"}]}
COMMAND: POST /session/33495d3582e1ae9d795edae8d05afa86/execute/async - {"script":"<script> [6424 bytes]","args":[{"element-6066-11e4-a52e-4f735466cecf":"f.99972AF7A4A37AB9389516F879C83B90.d.45D27D88E42DB6542E25F2A7CD116E73.e.3428"},"getTitle",[]]}
RESULT: {"script":"<script> [6424 bytes]","args":[{"element-6066-11e4-a52e-4f735466cecf":"f.99972AF7A4A37AB9389516F879C83B90.d.45D27D88E42DB6542E25F2A7CD116E73.e.3428"},"getTitle",[]]}
RESULT: undefined
COMMAND: POST /session/33495d3582e1ae9d795edae8d05afa86/element/f.99972AF7A4A37AB9389516F879C83B90.d.45D27D88E42DB6542E25F2A7CD116E73.e.3242/click - {}
RESULT: {}
COMMAND: GET /session/33495d3582e1ae9d795edae8d05afa86/screenshot - {}
RESULT: {}
]]></system-out>
    </testcase>
    <testcase classname="chrome.136_0_7103_49.windows.Sanity_Tests_US104253" name="Should open Bin Inventory List page" time="37.587">
      <system-out><![CDATA[
COMMAND: POST /session/33495d3582e1ae9d795edae8d05afa86/execute/async - {"script":"<script> [1562 bytes]","args":[{"selector":{"controlType":"sap.m.GenericTile","properties":{"header":"Bin Inventory List"}},"wdio_ui5_key":"sapm.GenericTile{\"header\":\"Bin Inventory List\"}"}]}
RESULT: {"script":"<script> [1562 bytes]","args":[{"selector":{"controlType":"sap.m.GenericTile","properties":{"header":"Bin Inventory List"}},"wdio_ui5_key":"sapm.GenericTile{\"header\":\"Bin Inventory List\"}"}]}
RESULT: undefined
COMMAND: POST /session/33495d3582e1ae9d795edae8d05afa86/element - {"using":"xpath","value":"//*[@id=\"__tile103\"]"}
RESULT: {"using":"xpath","value":"//*[@id=\"__tile103\"]"}
COMMAND: POST /session/33495d3582e1ae9d795edae8d05afa86/element/f.99972AF7A4A37AB9389516F879C83B90.d.45D27D88E42DB6542E25F2A7CD116E73.e.3430/click - {}
RESULT: {}
COMMAND: GET /session/33495d3582e1ae9d795edae8d05afa86/screenshot - {}
RESULT: {}
COMMAND: POST /session/33495d3582e1ae9d795edae8d05afa86/elements - {"using":"xpath","value":"//span[text()='Error']"}
RESULT: {"using":"xpath","value":"//span[text()='Error']"}
RESULT: undefined
COMMAND: POST /session/33495d3582e1ae9d795edae8d05afa86/element - {"using":"xpath","value":"//*[@id=\"__tile103\"]"}
RESULT: {"using":"xpath","value":"//*[@id=\"__tile103\"]"}
COMMAND: POST /session/33495d3582e1ae9d795edae8d05afa86/element/f.99972AF7A4A37AB9389516F879C83B90.d.45D27D88E42DB6542E25F2A7CD116E73.e.3430/click - {}
RESULT: undefined
COMMAND: POST /session/33495d3582e1ae9d795edae8d05afa86/element - {"using":"xpath","value":"//*[@id=\"__tile103\"]"}
RESULT: {"using":"xpath","value":"//*[@id=\"__tile103\"]"}
COMMAND: POST /session/33495d3582e1ae9d795edae8d05afa86/element/f.99972AF7A4A37AB9389516F879C83B90.d.45D27D88E42DB6542E25F2A7CD116E73.e.3430/click - {}
RESULT: undefined
COMMAND: POST /session/33495d3582e1ae9d795edae8d05afa86/execute/async - {"script":"<script> [6424 bytes]","args":[{"element-6066-11e4-a52e-4f735466cecf":"f.99972AF7A4A37AB9389516F879C83B90.d.45D27D88E42DB6542E25F2A7CD116E73.e.260"},"getTitle",[]]}
COMMAND: POST /session/33495d3582e1ae9d795edae8d05afa86/execute/async - {"script":"<script> [1562 bytes]","args":[{"selector":{"id":"shellAppTitle"},"wdio_ui5_key":"shellAppTitle"}]}
RESULT: {"script":"<script> [1562 bytes]","args":[{"selector":{"id":"shellAppTitle"},"wdio_ui5_key":"shellAppTitle"}]}
COMMAND: POST /session/33495d3582e1ae9d795edae8d05afa86/execute/async - {"script":"<script> [6424 bytes]","args":[{"element-6066-11e4-a52e-4f735466cecf":"f.99972AF7A4A37AB9389516F879C83B90.d.45D27D88E42DB6542E25F2A7CD116E73.e.3523"},"getTitle",[]]}
RESULT: {"script":"<script> [6424 bytes]","args":[{"element-6066-11e4-a52e-4f735466cecf":"f.99972AF7A4A37AB9389516F879C83B90.d.45D27D88E42DB6542E25F2A7CD116E73.e.3523"},"getTitle",[]]}
RESULT: undefined
COMMAND: POST /session/33495d3582e1ae9d795edae8d05afa86/element/f.99972AF7A4A37AB9389516F879C83B90.d.45D27D88E42DB6542E25F2A7CD116E73.e.3242/click - {}
COMMAND: POST /session/33495d3582e1ae9d795edae8d05afa86/element - {"using":"xpath","value":"//*[@id=\"backBtn\"]"}
RESULT: {"using":"xpath","value":"//*[@id=\"backBtn\"]"}
COMMAND: POST /session/33495d3582e1ae9d795edae8d05afa86/element/f.99972AF7A4A37AB9389516F879C83B90.d.45D27D88E42DB6542E25F2A7CD116E73.e.3242/click - {}
COMMAND: POST /session/33495d3582e1ae9d795edae8d05afa86/element - {"using":"xpath","value":"//*[@id=\"backBtn\"]"}
RESULT: {"using":"xpath","value":"//*[@id=\"backBtn\"]"}
COMMAND: POST /session/33495d3582e1ae9d795edae8d05afa86/element/f.99972AF7A4A37AB9389516F879C83B90.d.45D27D88E42DB6542E25F2A7CD116E73.e.3524/click - {}
RESULT: {}
COMMAND: GET /session/33495d3582e1ae9d795edae8d05afa86/screenshot - {}
RESULT: {}
]]></system-out>
    </testcase>
    <testcase classname="chrome.136_0_7103_49.windows.Sanity_Tests_US104253" name="Should open ISC Templates page" time="37.76">
      <system-out><![CDATA[
COMMAND: POST /session/33495d3582e1ae9d795edae8d05afa86/execute/async - {"script":"<script> [1562 bytes]","args":[{"selector":{"controlType":"sap.m.GenericTile","properties":{"header":"ISC Templates"}},"wdio_ui5_key":"sapm.GenericTile{\"header\":\"ISC Templates\"}"}]}
RESULT: {"script":"<script> [1562 bytes]","args":[{"selector":{"controlType":"sap.m.GenericTile","properties":{"header":"ISC Templates"}},"wdio_ui5_key":"sapm.GenericTile{\"header\":\"ISC Templates\"}"}]}
RESULT: undefined
COMMAND: POST /session/33495d3582e1ae9d795edae8d05afa86/element - {"using":"xpath","value":"//*[@id=\"__tile111\"]"}
RESULT: {"using":"xpath","value":"//*[@id=\"__tile111\"]"}
COMMAND: POST /session/33495d3582e1ae9d795edae8d05afa86/element/f.99972AF7A4A37AB9389516F879C83B90.d.45D27D88E42DB6542E25F2A7CD116E73.e.3526/click - {}
RESULT: {}
COMMAND: GET /session/33495d3582e1ae9d795edae8d05afa86/screenshot - {}
RESULT: {}
COMMAND: POST /session/33495d3582e1ae9d795edae8d05afa86/elements - {"using":"xpath","value":"//span[text()='Error']"}
RESULT: {"using":"xpath","value":"//span[text()='Error']"}
RESULT: undefined
COMMAND: POST /session/33495d3582e1ae9d795edae8d05afa86/element - {"using":"xpath","value":"//*[@id=\"__tile111\"]"}
RESULT: {"using":"xpath","value":"//*[@id=\"__tile111\"]"}
COMMAND: POST /session/33495d3582e1ae9d795edae8d05afa86/element/f.99972AF7A4A37AB9389516F879C83B90.d.45D27D88E42DB6542E25F2A7CD116E73.e.3526/click - {}
RESULT: undefined
COMMAND: POST /session/33495d3582e1ae9d795edae8d05afa86/element - {"using":"xpath","value":"//*[@id=\"__tile111\"]"}
RESULT: {"using":"xpath","value":"//*[@id=\"__tile111\"]"}
COMMAND: POST /session/33495d3582e1ae9d795edae8d05afa86/element/f.99972AF7A4A37AB9389516F879C83B90.d.45D27D88E42DB6542E25F2A7CD116E73.e.3526/click - {}
RESULT: undefined
COMMAND: POST /session/33495d3582e1ae9d795edae8d05afa86/execute/async - {"script":"<script> [6424 bytes]","args":[{"element-6066-11e4-a52e-4f735466cecf":"f.99972AF7A4A37AB9389516F879C83B90.d.45D27D88E42DB6542E25F2A7CD116E73.e.260"},"getTitle",[]]}
COMMAND: POST /session/33495d3582e1ae9d795edae8d05afa86/execute/async - {"script":"<script> [1562 bytes]","args":[{"selector":{"id":"shellAppTitle"},"wdio_ui5_key":"shellAppTitle"}]}
RESULT: {"script":"<script> [1562 bytes]","args":[{"selector":{"id":"shellAppTitle"},"wdio_ui5_key":"shellAppTitle"}]}
COMMAND: POST /session/33495d3582e1ae9d795edae8d05afa86/execute/async - {"script":"<script> [6424 bytes]","args":[{"element-6066-11e4-a52e-4f735466cecf":"f.99972AF7A4A37AB9389516F879C83B90.d.45D27D88E42DB6542E25F2A7CD116E73.e.3594"},"getTitle",[]]}
RESULT: {"script":"<script> [6424 bytes]","args":[{"element-6066-11e4-a52e-4f735466cecf":"f.99972AF7A4A37AB9389516F879C83B90.d.45D27D88E42DB6542E25F2A7CD116E73.e.3594"},"getTitle",[]]}
RESULT: undefined
COMMAND: POST /session/33495d3582e1ae9d795edae8d05afa86/element/f.99972AF7A4A37AB9389516F879C83B90.d.45D27D88E42DB6542E25F2A7CD116E73.e.3524/click - {}
RESULT: {}
COMMAND: GET /session/33495d3582e1ae9d795edae8d05afa86/screenshot - {}
RESULT: {}
]]></system-out>
    </testcase>
    <testcase classname="chrome.136_0_7103_49.windows.Sanity_Tests_US104253" name="Should open ISC Schedules page" time="38.6">
      <system-out><![CDATA[
COMMAND: POST /session/33495d3582e1ae9d795edae8d05afa86/execute/async - {"script":"<script> [1562 bytes]","args":[{"selector":{"controlType":"sap.m.GenericTile","properties":{"header":"ISC Schedules"}},"wdio_ui5_key":"sapm.GenericTile{\"header\":\"ISC Schedules\"}"}]}
RESULT: {"script":"<script> [1562 bytes]","args":[{"selector":{"controlType":"sap.m.GenericTile","properties":{"header":"ISC Schedules"}},"wdio_ui5_key":"sapm.GenericTile{\"header\":\"ISC Schedules\"}"}]}
RESULT: undefined
COMMAND: POST /session/33495d3582e1ae9d795edae8d05afa86/element - {"using":"xpath","value":"//*[@id=\"__tile109\"]"}
RESULT: {"using":"xpath","value":"//*[@id=\"__tile109\"]"}
COMMAND: POST /session/33495d3582e1ae9d795edae8d05afa86/element/f.99972AF7A4A37AB9389516F879C83B90.d.45D27D88E42DB6542E25F2A7CD116E73.e.3597/click - {}
RESULT: {}
COMMAND: GET /session/33495d3582e1ae9d795edae8d05afa86/screenshot - {}
RESULT: {}
COMMAND: POST /session/33495d3582e1ae9d795edae8d05afa86/elements - {"using":"xpath","value":"//span[text()='Error']"}
RESULT: {"using":"xpath","value":"//span[text()='Error']"}
RESULT: undefined
COMMAND: POST /session/33495d3582e1ae9d795edae8d05afa86/element - {"using":"xpath","value":"//*[@id=\"__tile109\"]"}
RESULT: {"using":"xpath","value":"//*[@id=\"__tile109\"]"}
COMMAND: POST /session/33495d3582e1ae9d795edae8d05afa86/element/f.99972AF7A4A37AB9389516F879C83B90.d.45D27D88E42DB6542E25F2A7CD116E73.e.3597/click - {}
RESULT: undefined
COMMAND: POST /session/33495d3582e1ae9d795edae8d05afa86/element - {"using":"xpath","value":"//*[@id=\"__tile109\"]"}
RESULT: {"using":"xpath","value":"//*[@id=\"__tile109\"]"}
COMMAND: POST /session/33495d3582e1ae9d795edae8d05afa86/element/f.99972AF7A4A37AB9389516F879C83B90.d.45D27D88E42DB6542E25F2A7CD116E73.e.3597/click - {}
RESULT: undefined
COMMAND: POST /session/33495d3582e1ae9d795edae8d05afa86/execute/async - {"script":"<script> [6424 bytes]","args":[{"element-6066-11e4-a52e-4f735466cecf":"f.99972AF7A4A37AB9389516F879C83B90.d.45D27D88E42DB6542E25F2A7CD116E73.e.260"},"getTitle",[]]}
COMMAND: POST /session/33495d3582e1ae9d795edae8d05afa86/execute/async - {"script":"<script> [1562 bytes]","args":[{"selector":{"id":"shellAppTitle"},"wdio_ui5_key":"shellAppTitle"}]}
RESULT: {"script":"<script> [1562 bytes]","args":[{"selector":{"id":"shellAppTitle"},"wdio_ui5_key":"shellAppTitle"}]}
COMMAND: POST /session/33495d3582e1ae9d795edae8d05afa86/execute/async - {"script":"<script> [6424 bytes]","args":[{"element-6066-11e4-a52e-4f735466cecf":"f.99972AF7A4A37AB9389516F879C83B90.d.45D27D88E42DB6542E25F2A7CD116E73.e.3799"},"getTitle",[]]}
RESULT: {"script":"<script> [6424 bytes]","args":[{"element-6066-11e4-a52e-4f735466cecf":"f.99972AF7A4A37AB9389516F879C83B90.d.45D27D88E42DB6542E25F2A7CD116E73.e.3799"},"getTitle",[]]}
RESULT: undefined
COMMAND: POST /session/33495d3582e1ae9d795edae8d05afa86/element/f.99972AF7A4A37AB9389516F879C83B90.d.45D27D88E42DB6542E25F2A7CD116E73.e.3524/click - {}
COMMAND: POST /session/33495d3582e1ae9d795edae8d05afa86/element - {"using":"xpath","value":"//*[@id=\"backBtn\"]"}
RESULT: {"using":"xpath","value":"//*[@id=\"backBtn\"]"}
COMMAND: POST /session/33495d3582e1ae9d795edae8d05afa86/element/f.99972AF7A4A37AB9389516F879C83B90.d.45D27D88E42DB6542E25F2A7CD116E73.e.3524/click - {}
COMMAND: POST /session/33495d3582e1ae9d795edae8d05afa86/element - {"using":"xpath","value":"//*[@id=\"backBtn\"]"}
RESULT: {"using":"xpath","value":"//*[@id=\"backBtn\"]"}
COMMAND: POST /session/33495d3582e1ae9d795edae8d05afa86/element/f.99972AF7A4A37AB9389516F879C83B90.d.45D27D88E42DB6542E25F2A7CD116E73.e.3800/click - {}
RESULT: {}
COMMAND: GET /session/33495d3582e1ae9d795edae8d05afa86/screenshot - {}
RESULT: {}
]]></system-out>
    </testcase>
    <testcase classname="chrome.136_0_7103_49.windows.Sanity_Tests_US104253" name="Should open ISC Dashboard page" time="41.945">
      <system-out><![CDATA[
COMMAND: POST /session/33495d3582e1ae9d795edae8d05afa86/execute/async - {"script":"<script> [1562 bytes]","args":[{"selector":{"controlType":"sap.m.GenericTile","properties":{"header":"ISC Dashboard"}},"wdio_ui5_key":"sapm.GenericTile{\"header\":\"ISC Dashboard\"}"}]}
RESULT: {"script":"<script> [1562 bytes]","args":[{"selector":{"controlType":"sap.m.GenericTile","properties":{"header":"ISC Dashboard"}},"wdio_ui5_key":"sapm.GenericTile{\"header\":\"ISC Dashboard\"}"}]}
RESULT: undefined
COMMAND: POST /session/33495d3582e1ae9d795edae8d05afa86/element - {"using":"xpath","value":"//*[@id=\"__tile106\"]"}
RESULT: {"using":"xpath","value":"//*[@id=\"__tile106\"]"}
COMMAND: POST /session/33495d3582e1ae9d795edae8d05afa86/element/f.99972AF7A4A37AB9389516F879C83B90.d.45D27D88E42DB6542E25F2A7CD116E73.e.3802/click - {}
RESULT: {}
COMMAND: GET /session/33495d3582e1ae9d795edae8d05afa86/screenshot - {}
RESULT: {}
COMMAND: POST /session/33495d3582e1ae9d795edae8d05afa86/elements - {"using":"xpath","value":"//span[text()='Error']"}
RESULT: {"using":"xpath","value":"//span[text()='Error']"}
RESULT: undefined
COMMAND: POST /session/33495d3582e1ae9d795edae8d05afa86/element - {"using":"xpath","value":"//*[@id=\"__tile106\"]"}
RESULT: {"using":"xpath","value":"//*[@id=\"__tile106\"]"}
COMMAND: POST /session/33495d3582e1ae9d795edae8d05afa86/element/f.99972AF7A4A37AB9389516F879C83B90.d.45D27D88E42DB6542E25F2A7CD116E73.e.3802/click - {}
RESULT: undefined
COMMAND: POST /session/33495d3582e1ae9d795edae8d05afa86/element - {"using":"xpath","value":"//*[@id=\"__tile106\"]"}
RESULT: {"using":"xpath","value":"//*[@id=\"__tile106\"]"}
COMMAND: POST /session/33495d3582e1ae9d795edae8d05afa86/element/f.99972AF7A4A37AB9389516F879C83B90.d.45D27D88E42DB6542E25F2A7CD116E73.e.3802/click - {}
RESULT: undefined
COMMAND: POST /session/33495d3582e1ae9d795edae8d05afa86/execute/async - {"script":"<script> [6424 bytes]","args":[{"element-6066-11e4-a52e-4f735466cecf":"f.99972AF7A4A37AB9389516F879C83B90.d.45D27D88E42DB6542E25F2A7CD116E73.e.260"},"getTitle",[]]}
COMMAND: POST /session/33495d3582e1ae9d795edae8d05afa86/execute/async - {"script":"<script> [1562 bytes]","args":[{"selector":{"id":"shellAppTitle"},"wdio_ui5_key":"shellAppTitle"}]}
RESULT: {"script":"<script> [1562 bytes]","args":[{"selector":{"id":"shellAppTitle"},"wdio_ui5_key":"shellAppTitle"}]}
COMMAND: POST /session/33495d3582e1ae9d795edae8d05afa86/execute/async - {"script":"<script> [6424 bytes]","args":[{"element-6066-11e4-a52e-4f735466cecf":"f.99972AF7A4A37AB9389516F879C83B90.d.45D27D88E42DB6542E25F2A7CD116E73.e.3931"},"getTitle",[]]}
RESULT: {"script":"<script> [6424 bytes]","args":[{"element-6066-11e4-a52e-4f735466cecf":"f.99972AF7A4A37AB9389516F879C83B90.d.45D27D88E42DB6542E25F2A7CD116E73.e.3931"},"getTitle",[]]}
RESULT: undefined
COMMAND: POST /session/33495d3582e1ae9d795edae8d05afa86/element/f.99972AF7A4A37AB9389516F879C83B90.d.45D27D88E42DB6542E25F2A7CD116E73.e.3800/click - {}
RESULT: {}
COMMAND: GET /session/33495d3582e1ae9d795edae8d05afa86/screenshot - {}
RESULT: {}
]]></system-out>
    </testcase>
    <testcase classname="chrome.136_0_7103_49.windows.Sanity_Tests_US104253" name="Should open ISC Orders page" time="41.747">
      <system-out><![CDATA[
COMMAND: POST /session/33495d3582e1ae9d795edae8d05afa86/execute/async - {"script":"<script> [1562 bytes]","args":[{"selector":{"controlType":"sap.m.GenericTile","properties":{"header":"ISC Orders"}},"wdio_ui5_key":"sapm.GenericTile{\"header\":\"ISC Orders\"}"}]}
RESULT: {"script":"<script> [1562 bytes]","args":[{"selector":{"controlType":"sap.m.GenericTile","properties":{"header":"ISC Orders"}},"wdio_ui5_key":"sapm.GenericTile{\"header\":\"ISC Orders\"}"}]}
RESULT: undefined
COMMAND: POST /session/33495d3582e1ae9d795edae8d05afa86/element - {"using":"xpath","value":"//*[@id=\"__tile108\"]"}
RESULT: {"using":"xpath","value":"//*[@id=\"__tile108\"]"}
COMMAND: POST /session/33495d3582e1ae9d795edae8d05afa86/element/f.99972AF7A4A37AB9389516F879C83B90.d.45D27D88E42DB6542E25F2A7CD116E73.e.3933/click - {}
RESULT: {}
COMMAND: GET /session/33495d3582e1ae9d795edae8d05afa86/screenshot - {}
RESULT: {}
COMMAND: POST /session/33495d3582e1ae9d795edae8d05afa86/elements - {"using":"xpath","value":"//span[text()='Error']"}
RESULT: {"using":"xpath","value":"//span[text()='Error']"}
RESULT: undefined
COMMAND: POST /session/33495d3582e1ae9d795edae8d05afa86/element - {"using":"xpath","value":"//*[@id=\"__tile108\"]"}
RESULT: {"using":"xpath","value":"//*[@id=\"__tile108\"]"}
COMMAND: POST /session/33495d3582e1ae9d795edae8d05afa86/element/f.99972AF7A4A37AB9389516F879C83B90.d.45D27D88E42DB6542E25F2A7CD116E73.e.3933/click - {}
RESULT: undefined
COMMAND: POST /session/33495d3582e1ae9d795edae8d05afa86/element - {"using":"xpath","value":"//*[@id=\"__tile108\"]"}
RESULT: {"using":"xpath","value":"//*[@id=\"__tile108\"]"}
COMMAND: POST /session/33495d3582e1ae9d795edae8d05afa86/element/f.99972AF7A4A37AB9389516F879C83B90.d.45D27D88E42DB6542E25F2A7CD116E73.e.3933/click - {}
RESULT: undefined
COMMAND: POST /session/33495d3582e1ae9d795edae8d05afa86/execute/async - {"script":"<script> [6424 bytes]","args":[{"element-6066-11e4-a52e-4f735466cecf":"f.99972AF7A4A37AB9389516F879C83B90.d.45D27D88E42DB6542E25F2A7CD116E73.e.260"},"getTitle",[]]}
COMMAND: POST /session/33495d3582e1ae9d795edae8d05afa86/execute/async - {"script":"<script> [1562 bytes]","args":[{"selector":{"id":"shellAppTitle"},"wdio_ui5_key":"shellAppTitle"}]}
RESULT: {"script":"<script> [1562 bytes]","args":[{"selector":{"id":"shellAppTitle"},"wdio_ui5_key":"shellAppTitle"}]}
COMMAND: POST /session/33495d3582e1ae9d795edae8d05afa86/execute/async - {"script":"<script> [6424 bytes]","args":[{"element-6066-11e4-a52e-4f735466cecf":"f.99972AF7A4A37AB9389516F879C83B90.d.45D27D88E42DB6542E25F2A7CD116E73.e.4043"},"getTitle",[]]}
RESULT: {"script":"<script> [6424 bytes]","args":[{"element-6066-11e4-a52e-4f735466cecf":"f.99972AF7A4A37AB9389516F879C83B90.d.45D27D88E42DB6542E25F2A7CD116E73.e.4043"},"getTitle",[]]}
RESULT: undefined
COMMAND: POST /session/33495d3582e1ae9d795edae8d05afa86/element/f.99972AF7A4A37AB9389516F879C83B90.d.45D27D88E42DB6542E25F2A7CD116E73.e.3800/click - {}
COMMAND: POST /session/33495d3582e1ae9d795edae8d05afa86/element - {"using":"xpath","value":"//*[@id=\"backBtn\"]"}
RESULT: {"using":"xpath","value":"//*[@id=\"backBtn\"]"}
COMMAND: POST /session/33495d3582e1ae9d795edae8d05afa86/element/f.99972AF7A4A37AB9389516F879C83B90.d.45D27D88E42DB6542E25F2A7CD116E73.e.3800/click - {}
COMMAND: POST /session/33495d3582e1ae9d795edae8d05afa86/element - {"using":"xpath","value":"//*[@id=\"backBtn\"]"}
RESULT: {"using":"xpath","value":"//*[@id=\"backBtn\"]"}
COMMAND: POST /session/33495d3582e1ae9d795edae8d05afa86/element/f.99972AF7A4A37AB9389516F879C83B90.d.45D27D88E42DB6542E25F2A7CD116E73.e.4044/click - {}
RESULT: {}
COMMAND: GET /session/33495d3582e1ae9d795edae8d05afa86/screenshot - {}
RESULT: {}
]]></system-out>
    </testcase>
    <testcase classname="chrome.136_0_7103_49.windows.Sanity_Tests_US104253" name="Should open ISC Tasks page" time="40.804">
      <system-out><![CDATA[
COMMAND: POST /session/33495d3582e1ae9d795edae8d05afa86/execute/async - {"script":"<script> [1562 bytes]","args":[{"selector":{"controlType":"sap.m.GenericTile","properties":{"header":"ISC Tasks"}},"wdio_ui5_key":"sapm.GenericTile{\"header\":\"ISC Tasks\"}"}]}
RESULT: {"script":"<script> [1562 bytes]","args":[{"selector":{"controlType":"sap.m.GenericTile","properties":{"header":"ISC Tasks"}},"wdio_ui5_key":"sapm.GenericTile{\"header\":\"ISC Tasks\"}"}]}
RESULT: undefined
COMMAND: POST /session/33495d3582e1ae9d795edae8d05afa86/element - {"using":"xpath","value":"//*[@id=\"__tile110\"]"}
RESULT: {"using":"xpath","value":"//*[@id=\"__tile110\"]"}
COMMAND: POST /session/33495d3582e1ae9d795edae8d05afa86/element/f.99972AF7A4A37AB9389516F879C83B90.d.45D27D88E42DB6542E25F2A7CD116E73.e.4046/click - {}
RESULT: {}
COMMAND: GET /session/33495d3582e1ae9d795edae8d05afa86/screenshot - {}
RESULT: {}
COMMAND: POST /session/33495d3582e1ae9d795edae8d05afa86/elements - {"using":"xpath","value":"//span[text()='Error']"}
RESULT: {"using":"xpath","value":"//span[text()='Error']"}
RESULT: undefined
COMMAND: POST /session/33495d3582e1ae9d795edae8d05afa86/element - {"using":"xpath","value":"//*[@id=\"__tile110\"]"}
RESULT: {"using":"xpath","value":"//*[@id=\"__tile110\"]"}
COMMAND: POST /session/33495d3582e1ae9d795edae8d05afa86/element/f.99972AF7A4A37AB9389516F879C83B90.d.45D27D88E42DB6542E25F2A7CD116E73.e.4046/click - {}
RESULT: undefined
COMMAND: POST /session/33495d3582e1ae9d795edae8d05afa86/element - {"using":"xpath","value":"//*[@id=\"__tile110\"]"}
RESULT: {"using":"xpath","value":"//*[@id=\"__tile110\"]"}
COMMAND: POST /session/33495d3582e1ae9d795edae8d05afa86/element/f.99972AF7A4A37AB9389516F879C83B90.d.45D27D88E42DB6542E25F2A7CD116E73.e.4046/click - {}
RESULT: undefined
COMMAND: POST /session/33495d3582e1ae9d795edae8d05afa86/execute/async - {"script":"<script> [6424 bytes]","args":[{"element-6066-11e4-a52e-4f735466cecf":"f.99972AF7A4A37AB9389516F879C83B90.d.45D27D88E42DB6542E25F2A7CD116E73.e.260"},"getTitle",[]]}
COMMAND: POST /session/33495d3582e1ae9d795edae8d05afa86/execute/async - {"script":"<script> [1562 bytes]","args":[{"selector":{"id":"shellAppTitle"},"wdio_ui5_key":"shellAppTitle"}]}
RESULT: {"script":"<script> [1562 bytes]","args":[{"selector":{"id":"shellAppTitle"},"wdio_ui5_key":"shellAppTitle"}]}
COMMAND: POST /session/33495d3582e1ae9d795edae8d05afa86/execute/async - {"script":"<script> [6424 bytes]","args":[{"element-6066-11e4-a52e-4f735466cecf":"f.99972AF7A4A37AB9389516F879C83B90.d.45D27D88E42DB6542E25F2A7CD116E73.e.4127"},"getTitle",[]]}
RESULT: {"script":"<script> [6424 bytes]","args":[{"element-6066-11e4-a52e-4f735466cecf":"f.99972AF7A4A37AB9389516F879C83B90.d.45D27D88E42DB6542E25F2A7CD116E73.e.4127"},"getTitle",[]]}
RESULT: undefined
COMMAND: POST /session/33495d3582e1ae9d795edae8d05afa86/element/f.99972AF7A4A37AB9389516F879C83B90.d.45D27D88E42DB6542E25F2A7CD116E73.e.4044/click - {}
RESULT: {}
COMMAND: GET /session/33495d3582e1ae9d795edae8d05afa86/screenshot - {}
RESULT: {}
]]></system-out>
    </testcase>
    <testcase classname="chrome.136_0_7103_49.windows.Sanity_Tests_US104253" name="Should open Manage Resource Logbook page" time="38.775">
      <system-out><![CDATA[
COMMAND: POST /session/33495d3582e1ae9d795edae8d05afa86/execute/async - {"script":"<script> [1562 bytes]","args":[{"selector":{"controlType":"sap.m.GenericTile","properties":{"header":"Manage Resource Logbook"}},"wdio_ui5_key":"sapm.GenericTile{\"header\":\"Manage Resource Logbook\"}"}]}
RESULT: {"script":"<script> [1562 bytes]","args":[{"selector":{"controlType":"sap.m.GenericTile","properties":{"header":"Manage Resource Logbook"}},"wdio_ui5_key":"sapm.GenericTile{\"header\":\"Manage Resource Logbook\"}"}]}
RESULT: undefined
COMMAND: POST /session/33495d3582e1ae9d795edae8d05afa86/element - {"using":"xpath","value":"//*[@id=\"__tile113\"]"}
RESULT: {"using":"xpath","value":"//*[@id=\"__tile113\"]"}
COMMAND: POST /session/33495d3582e1ae9d795edae8d05afa86/element/f.99972AF7A4A37AB9389516F879C83B90.d.45D27D88E42DB6542E25F2A7CD116E73.e.4129/click - {}
RESULT: {}
COMMAND: GET /session/33495d3582e1ae9d795edae8d05afa86/screenshot - {}
RESULT: {}
COMMAND: POST /session/33495d3582e1ae9d795edae8d05afa86/elements - {"using":"xpath","value":"//span[text()='Error']"}
RESULT: {"using":"xpath","value":"//span[text()='Error']"}
RESULT: undefined
COMMAND: POST /session/33495d3582e1ae9d795edae8d05afa86/element - {"using":"xpath","value":"//*[@id=\"__tile113\"]"}
RESULT: {"using":"xpath","value":"//*[@id=\"__tile113\"]"}
COMMAND: POST /session/33495d3582e1ae9d795edae8d05afa86/element/f.99972AF7A4A37AB9389516F879C83B90.d.45D27D88E42DB6542E25F2A7CD116E73.e.4129/click - {}
RESULT: undefined
COMMAND: POST /session/33495d3582e1ae9d795edae8d05afa86/element - {"using":"xpath","value":"//*[@id=\"__tile113\"]"}
RESULT: {"using":"xpath","value":"//*[@id=\"__tile113\"]"}
COMMAND: POST /session/33495d3582e1ae9d795edae8d05afa86/element/f.99972AF7A4A37AB9389516F879C83B90.d.45D27D88E42DB6542E25F2A7CD116E73.e.4129/click - {}
RESULT: undefined
COMMAND: POST /session/33495d3582e1ae9d795edae8d05afa86/execute/async - {"script":"<script> [6424 bytes]","args":[{"element-6066-11e4-a52e-4f735466cecf":"f.99972AF7A4A37AB9389516F879C83B90.d.45D27D88E42DB6542E25F2A7CD116E73.e.260"},"getTitle",[]]}
COMMAND: POST /session/33495d3582e1ae9d795edae8d05afa86/execute/async - {"script":"<script> [1562 bytes]","args":[{"selector":{"id":"shellAppTitle"},"wdio_ui5_key":"shellAppTitle"}]}
RESULT: {"script":"<script> [1562 bytes]","args":[{"selector":{"id":"shellAppTitle"},"wdio_ui5_key":"shellAppTitle"}]}
COMMAND: POST /session/33495d3582e1ae9d795edae8d05afa86/execute/async - {"script":"<script> [6424 bytes]","args":[{"element-6066-11e4-a52e-4f735466cecf":"f.99972AF7A4A37AB9389516F879C83B90.d.45D27D88E42DB6542E25F2A7CD116E73.e.4224"},"getTitle",[]]}
RESULT: {"script":"<script> [6424 bytes]","args":[{"element-6066-11e4-a52e-4f735466cecf":"f.99972AF7A4A37AB9389516F879C83B90.d.45D27D88E42DB6542E25F2A7CD116E73.e.4224"},"getTitle",[]]}
RESULT: undefined
COMMAND: POST /session/33495d3582e1ae9d795edae8d05afa86/element/f.99972AF7A4A37AB9389516F879C83B90.d.45D27D88E42DB6542E25F2A7CD116E73.e.4044/click - {}
COMMAND: POST /session/33495d3582e1ae9d795edae8d05afa86/element - {"using":"xpath","value":"//*[@id=\"backBtn\"]"}
RESULT: {"using":"xpath","value":"//*[@id=\"backBtn\"]"}
COMMAND: POST /session/33495d3582e1ae9d795edae8d05afa86/element/f.99972AF7A4A37AB9389516F879C83B90.d.45D27D88E42DB6542E25F2A7CD116E73.e.4044/click - {}
COMMAND: POST /session/33495d3582e1ae9d795edae8d05afa86/element - {"using":"xpath","value":"//*[@id=\"backBtn\"]"}
RESULT: {"using":"xpath","value":"//*[@id=\"backBtn\"]"}
COMMAND: POST /session/33495d3582e1ae9d795edae8d05afa86/element/f.99972AF7A4A37AB9389516F879C83B90.d.45D27D88E42DB6542E25F2A7CD116E73.e.4225/click - {}
RESULT: {}
COMMAND: GET /session/33495d3582e1ae9d795edae8d05afa86/screenshot - {}
RESULT: {}
]]></system-out>
    </testcase>
    <testcase classname="chrome.136_0_7103_49.windows.Sanity_Tests_US104253" name="Should open Manage Logbook page" time="43.852">
      <system-out><![CDATA[
COMMAND: POST /session/33495d3582e1ae9d795edae8d05afa86/execute/async - {"script":"<script> [1562 bytes]","args":[{"selector":{"controlType":"sap.m.GenericTile","properties":{"header":"Manage Logbook"}},"wdio_ui5_key":"sapm.GenericTile{\"header\":\"Manage Logbook\"}"}]}
RESULT: {"script":"<script> [1562 bytes]","args":[{"selector":{"controlType":"sap.m.GenericTile","properties":{"header":"Manage Logbook"}},"wdio_ui5_key":"sapm.GenericTile{\"header\":\"Manage Logbook\"}"}]}
RESULT: undefined
COMMAND: POST /session/33495d3582e1ae9d795edae8d05afa86/element - {"using":"xpath","value":"//*[@id=\"__tile112\"]"}
RESULT: {"using":"xpath","value":"//*[@id=\"__tile112\"]"}
COMMAND: POST /session/33495d3582e1ae9d795edae8d05afa86/element/f.99972AF7A4A37AB9389516F879C83B90.d.45D27D88E42DB6542E25F2A7CD116E73.e.4227/click - {}
RESULT: {}
COMMAND: GET /session/33495d3582e1ae9d795edae8d05afa86/screenshot - {}
RESULT: {}
COMMAND: POST /session/33495d3582e1ae9d795edae8d05afa86/elements - {"using":"xpath","value":"//span[text()='Error']"}
RESULT: {"using":"xpath","value":"//span[text()='Error']"}
RESULT: undefined
COMMAND: POST /session/33495d3582e1ae9d795edae8d05afa86/element - {"using":"xpath","value":"//*[@id=\"__tile112\"]"}
RESULT: {"using":"xpath","value":"//*[@id=\"__tile112\"]"}
COMMAND: POST /session/33495d3582e1ae9d795edae8d05afa86/element/f.99972AF7A4A37AB9389516F879C83B90.d.45D27D88E42DB6542E25F2A7CD116E73.e.4227/click - {}
RESULT: undefined
COMMAND: POST /session/33495d3582e1ae9d795edae8d05afa86/element - {"using":"xpath","value":"//*[@id=\"__tile112\"]"}
RESULT: {"using":"xpath","value":"//*[@id=\"__tile112\"]"}
COMMAND: POST /session/33495d3582e1ae9d795edae8d05afa86/element/f.99972AF7A4A37AB9389516F879C83B90.d.45D27D88E42DB6542E25F2A7CD116E73.e.4227/click - {}
RESULT: undefined
COMMAND: POST /session/33495d3582e1ae9d795edae8d05afa86/execute/async - {"script":"<script> [6424 bytes]","args":[{"element-6066-11e4-a52e-4f735466cecf":"f.99972AF7A4A37AB9389516F879C83B90.d.45D27D88E42DB6542E25F2A7CD116E73.e.260"},"getTitle",[]]}
COMMAND: POST /session/33495d3582e1ae9d795edae8d05afa86/execute/async - {"script":"<script> [1562 bytes]","args":[{"selector":{"id":"shellAppTitle"},"wdio_ui5_key":"shellAppTitle"}]}
RESULT: {"script":"<script> [1562 bytes]","args":[{"selector":{"id":"shellAppTitle"},"wdio_ui5_key":"shellAppTitle"}]}
COMMAND: POST /session/33495d3582e1ae9d795edae8d05afa86/execute/async - {"script":"<script> [6424 bytes]","args":[{"element-6066-11e4-a52e-4f735466cecf":"f.99972AF7A4A37AB9389516F879C83B90.d.45D27D88E42DB6542E25F2A7CD116E73.e.4311"},"getTitle",[]]}
RESULT: {"script":"<script> [6424 bytes]","args":[{"element-6066-11e4-a52e-4f735466cecf":"f.99972AF7A4A37AB9389516F879C83B90.d.45D27D88E42DB6542E25F2A7CD116E73.e.4311"},"getTitle",[]]}
RESULT: undefined
COMMAND: POST /session/33495d3582e1ae9d795edae8d05afa86/element/f.99972AF7A4A37AB9389516F879C83B90.d.45D27D88E42DB6542E25F2A7CD116E73.e.4225/click - {}
RESULT: {}
COMMAND: GET /session/33495d3582e1ae9d795edae8d05afa86/screenshot - {}
RESULT: {}
]]></system-out>
    </testcase>
    <testcase classname="chrome.136_0_7103_49.windows.Sanity_Tests_US104253" name="Should open ISC Orders Calendar page" time="40.712">
      <system-out><![CDATA[
COMMAND: POST /session/33495d3582e1ae9d795edae8d05afa86/execute/async - {"script":"<script> [1562 bytes]","args":[{"selector":{"controlType":"sap.m.GenericTile","properties":{"header":"ISC Orders Calendar"}},"wdio_ui5_key":"sapm.GenericTile{\"header\":\"ISC Orders Calendar\"}"}]}
RESULT: {"script":"<script> [1562 bytes]","args":[{"selector":{"controlType":"sap.m.GenericTile","properties":{"header":"ISC Orders Calendar"}},"wdio_ui5_key":"sapm.GenericTile{\"header\":\"ISC Orders Calendar\"}"}]}
RESULT: undefined
COMMAND: POST /session/33495d3582e1ae9d795edae8d05afa86/element - {"using":"xpath","value":"//*[@id=\"__tile107\"]"}
RESULT: {"using":"xpath","value":"//*[@id=\"__tile107\"]"}
COMMAND: POST /session/33495d3582e1ae9d795edae8d05afa86/element/f.99972AF7A4A37AB9389516F879C83B90.d.45D27D88E42DB6542E25F2A7CD116E73.e.109/click - {}
RESULT: {}
COMMAND: GET /session/33495d3582e1ae9d795edae8d05afa86/screenshot - {}
RESULT: {}
COMMAND: POST /session/33495d3582e1ae9d795edae8d05afa86/elements - {"using":"xpath","value":"//span[text()='Error']"}
RESULT: {"using":"xpath","value":"//span[text()='Error']"}
RESULT: undefined
COMMAND: POST /session/33495d3582e1ae9d795edae8d05afa86/element - {"using":"xpath","value":"//*[@id=\"__tile107\"]"}
RESULT: {"using":"xpath","value":"//*[@id=\"__tile107\"]"}
COMMAND: POST /session/33495d3582e1ae9d795edae8d05afa86/element/f.99972AF7A4A37AB9389516F879C83B90.d.45D27D88E42DB6542E25F2A7CD116E73.e.109/click - {}
RESULT: undefined
COMMAND: POST /session/33495d3582e1ae9d795edae8d05afa86/element - {"using":"xpath","value":"//*[@id=\"__tile107\"]"}
RESULT: {"using":"xpath","value":"//*[@id=\"__tile107\"]"}
COMMAND: POST /session/33495d3582e1ae9d795edae8d05afa86/element/f.99972AF7A4A37AB9389516F879C83B90.d.45D27D88E42DB6542E25F2A7CD116E73.e.109/click - {}
RESULT: undefined
COMMAND: POST /session/33495d3582e1ae9d795edae8d05afa86/execute/async - {"script":"<script> [6424 bytes]","args":[{"element-6066-11e4-a52e-4f735466cecf":"f.99972AF7A4A37AB9389516F879C83B90.d.45D27D88E42DB6542E25F2A7CD116E73.e.260"},"getTitle",[]]}
COMMAND: POST /session/33495d3582e1ae9d795edae8d05afa86/execute/async - {"script":"<script> [1562 bytes]","args":[{"selector":{"id":"shellAppTitle"},"wdio_ui5_key":"shellAppTitle"}]}
RESULT: {"script":"<script> [1562 bytes]","args":[{"selector":{"id":"shellAppTitle"},"wdio_ui5_key":"shellAppTitle"}]}
COMMAND: POST /session/33495d3582e1ae9d795edae8d05afa86/execute/async - {"script":"<script> [6424 bytes]","args":[{"element-6066-11e4-a52e-4f735466cecf":"f.99972AF7A4A37AB9389516F879C83B90.d.45D27D88E42DB6542E25F2A7CD116E73.e.4523"},"getTitle",[]]}
RESULT: {"script":"<script> [6424 bytes]","args":[{"element-6066-11e4-a52e-4f735466cecf":"f.99972AF7A4A37AB9389516F879C83B90.d.45D27D88E42DB6542E25F2A7CD116E73.e.4523"},"getTitle",[]]}
RESULT: undefined
COMMAND: POST /session/33495d3582e1ae9d795edae8d05afa86/element/f.99972AF7A4A37AB9389516F879C83B90.d.45D27D88E42DB6542E25F2A7CD116E73.e.4225/click - {}
COMMAND: POST /session/33495d3582e1ae9d795edae8d05afa86/element - {"using":"xpath","value":"//*[@id=\"backBtn\"]"}
RESULT: {"using":"xpath","value":"//*[@id=\"backBtn\"]"}
COMMAND: POST /session/33495d3582e1ae9d795edae8d05afa86/element/f.99972AF7A4A37AB9389516F879C83B90.d.45D27D88E42DB6542E25F2A7CD116E73.e.4225/click - {}
COMMAND: POST /session/33495d3582e1ae9d795edae8d05afa86/element - {"using":"xpath","value":"//*[@id=\"backBtn\"]"}
RESULT: {"using":"xpath","value":"//*[@id=\"backBtn\"]"}
COMMAND: POST /session/33495d3582e1ae9d795edae8d05afa86/element/f.99972AF7A4A37AB9389516F879C83B90.d.45D27D88E42DB6542E25F2A7CD116E73.e.4524/click - {}
RESULT: {}
COMMAND: GET /session/33495d3582e1ae9d795edae8d05afa86/screenshot - {}
RESULT: {}
]]></system-out>
    </testcase>
    <testcase classname="chrome.136_0_7103_49.windows.Sanity_Tests_US104253" name="Should open Configure System page" time="37.808">
      <system-out><![CDATA[
COMMAND: POST /session/33495d3582e1ae9d795edae8d05afa86/execute/async - {"script":"<script> [1562 bytes]","args":[{"selector":{"controlType":"sap.m.GenericTile","properties":{"header":"Configure System"}},"wdio_ui5_key":"sapm.GenericTile{\"header\":\"Configure System\"}"}]}
RESULT: {"script":"<script> [1562 bytes]","args":[{"selector":{"controlType":"sap.m.GenericTile","properties":{"header":"Configure System"}},"wdio_ui5_key":"sapm.GenericTile{\"header\":\"Configure System\"}"}]}
RESULT: undefined
COMMAND: POST /session/33495d3582e1ae9d795edae8d05afa86/element - {"using":"xpath","value":"//*[@id=\"__tile114\"]"}
RESULT: {"using":"xpath","value":"//*[@id=\"__tile114\"]"}
COMMAND: POST /session/33495d3582e1ae9d795edae8d05afa86/element/f.99972AF7A4A37AB9389516F879C83B90.d.45D27D88E42DB6542E25F2A7CD116E73.e.4526/click - {}
RESULT: {}
COMMAND: GET /session/33495d3582e1ae9d795edae8d05afa86/screenshot - {}
RESULT: {}
COMMAND: POST /session/33495d3582e1ae9d795edae8d05afa86/elements - {"using":"xpath","value":"//span[text()='Error']"}
RESULT: {"using":"xpath","value":"//span[text()='Error']"}
RESULT: undefined
COMMAND: POST /session/33495d3582e1ae9d795edae8d05afa86/element - {"using":"xpath","value":"//*[@id=\"__tile114\"]"}
RESULT: {"using":"xpath","value":"//*[@id=\"__tile114\"]"}
COMMAND: POST /session/33495d3582e1ae9d795edae8d05afa86/element/f.99972AF7A4A37AB9389516F879C83B90.d.45D27D88E42DB6542E25F2A7CD116E73.e.4526/click - {}
RESULT: undefined
COMMAND: POST /session/33495d3582e1ae9d795edae8d05afa86/element - {"using":"xpath","value":"//*[@id=\"__tile114\"]"}
RESULT: {"using":"xpath","value":"//*[@id=\"__tile114\"]"}
COMMAND: POST /session/33495d3582e1ae9d795edae8d05afa86/element/f.99972AF7A4A37AB9389516F879C83B90.d.45D27D88E42DB6542E25F2A7CD116E73.e.4526/click - {}
RESULT: undefined
COMMAND: POST /session/33495d3582e1ae9d795edae8d05afa86/execute/async - {"script":"<script> [6424 bytes]","args":[{"element-6066-11e4-a52e-4f735466cecf":"f.99972AF7A4A37AB9389516F879C83B90.d.45D27D88E42DB6542E25F2A7CD116E73.e.260"},"getTitle",[]]}
COMMAND: POST /session/33495d3582e1ae9d795edae8d05afa86/execute/async - {"script":"<script> [1562 bytes]","args":[{"selector":{"id":"shellAppTitle"},"wdio_ui5_key":"shellAppTitle"}]}
RESULT: {"script":"<script> [1562 bytes]","args":[{"selector":{"id":"shellAppTitle"},"wdio_ui5_key":"shellAppTitle"}]}
COMMAND: POST /session/33495d3582e1ae9d795edae8d05afa86/execute/async - {"script":"<script> [6424 bytes]","args":[{"element-6066-11e4-a52e-4f735466cecf":"f.99972AF7A4A37AB9389516F879C83B90.d.45D27D88E42DB6542E25F2A7CD116E73.e.4607"},"getTitle",[]]}
RESULT: {"script":"<script> [6424 bytes]","args":[{"element-6066-11e4-a52e-4f735466cecf":"f.99972AF7A4A37AB9389516F879C83B90.d.45D27D88E42DB6542E25F2A7CD116E73.e.4607"},"getTitle",[]]}
RESULT: undefined
COMMAND: POST /session/33495d3582e1ae9d795edae8d05afa86/element/f.99972AF7A4A37AB9389516F879C83B90.d.45D27D88E42DB6542E25F2A7CD116E73.e.4524/click - {}
RESULT: {}
COMMAND: GET /session/33495d3582e1ae9d795edae8d05afa86/screenshot - {}
RESULT: {}
]]></system-out>
    </testcase>
    <testcase classname="chrome.136_0_7103_49.windows.Sanity_Tests_US104253" name="Should open Manage Classifications page" time="39.197">
      <system-out><![CDATA[
COMMAND: POST /session/33495d3582e1ae9d795edae8d05afa86/execute/async - {"script":"<script> [1562 bytes]","args":[{"selector":{"controlType":"sap.m.GenericTile","properties":{"header":"Manage Classifications"}},"wdio_ui5_key":"sapm.GenericTile{\"header\":\"Manage Classifications\"}"}]}
RESULT: {"script":"<script> [1562 bytes]","args":[{"selector":{"controlType":"sap.m.GenericTile","properties":{"header":"Manage Classifications"}},"wdio_ui5_key":"sapm.GenericTile{\"header\":\"Manage Classifications\"}"}]}
RESULT: undefined
COMMAND: POST /session/33495d3582e1ae9d795edae8d05afa86/element - {"using":"xpath","value":"//*[@id=\"__tile115\"]"}
RESULT: {"using":"xpath","value":"//*[@id=\"__tile115\"]"}
COMMAND: POST /session/33495d3582e1ae9d795edae8d05afa86/element/f.99972AF7A4A37AB9389516F879C83B90.d.45D27D88E42DB6542E25F2A7CD116E73.e.4611/click - {}
RESULT: {}
COMMAND: GET /session/33495d3582e1ae9d795edae8d05afa86/screenshot - {}
RESULT: {}
COMMAND: POST /session/33495d3582e1ae9d795edae8d05afa86/elements - {"using":"xpath","value":"//span[text()='Error']"}
RESULT: {"using":"xpath","value":"//span[text()='Error']"}
RESULT: undefined
COMMAND: POST /session/33495d3582e1ae9d795edae8d05afa86/element - {"using":"xpath","value":"//*[@id=\"__tile115\"]"}
RESULT: {"using":"xpath","value":"//*[@id=\"__tile115\"]"}
COMMAND: POST /session/33495d3582e1ae9d795edae8d05afa86/element/f.99972AF7A4A37AB9389516F879C83B90.d.45D27D88E42DB6542E25F2A7CD116E73.e.4611/click - {}
RESULT: undefined
COMMAND: POST /session/33495d3582e1ae9d795edae8d05afa86/element - {"using":"xpath","value":"//*[@id=\"__tile115\"]"}
RESULT: {"using":"xpath","value":"//*[@id=\"__tile115\"]"}
COMMAND: POST /session/33495d3582e1ae9d795edae8d05afa86/element/f.99972AF7A4A37AB9389516F879C83B90.d.45D27D88E42DB6542E25F2A7CD116E73.e.4611/click - {}
RESULT: undefined
COMMAND: POST /session/33495d3582e1ae9d795edae8d05afa86/execute/async - {"script":"<script> [6424 bytes]","args":[{"element-6066-11e4-a52e-4f735466cecf":"f.99972AF7A4A37AB9389516F879C83B90.d.45D27D88E42DB6542E25F2A7CD116E73.e.260"},"getTitle",[]]}
COMMAND: POST /session/33495d3582e1ae9d795edae8d05afa86/execute/async - {"script":"<script> [1562 bytes]","args":[{"selector":{"id":"shellAppTitle"},"wdio_ui5_key":"shellAppTitle"}]}
RESULT: {"script":"<script> [1562 bytes]","args":[{"selector":{"id":"shellAppTitle"},"wdio_ui5_key":"shellAppTitle"}]}
COMMAND: POST /session/33495d3582e1ae9d795edae8d05afa86/execute/async - {"script":"<script> [6424 bytes]","args":[{"element-6066-11e4-a52e-4f735466cecf":"f.99972AF7A4A37AB9389516F879C83B90.d.45D27D88E42DB6542E25F2A7CD116E73.e.4704"},"getTitle",[]]}
RESULT: {"script":"<script> [6424 bytes]","args":[{"element-6066-11e4-a52e-4f735466cecf":"f.99972AF7A4A37AB9389516F879C83B90.d.45D27D88E42DB6542E25F2A7CD116E73.e.4704"},"getTitle",[]]}
RESULT: undefined
COMMAND: POST /session/33495d3582e1ae9d795edae8d05afa86/element/f.99972AF7A4A37AB9389516F879C83B90.d.45D27D88E42DB6542E25F2A7CD116E73.e.4524/click - {}
COMMAND: POST /session/33495d3582e1ae9d795edae8d05afa86/element - {"using":"xpath","value":"//*[@id=\"backBtn\"]"}
RESULT: {"using":"xpath","value":"//*[@id=\"backBtn\"]"}
COMMAND: POST /session/33495d3582e1ae9d795edae8d05afa86/element/f.99972AF7A4A37AB9389516F879C83B90.d.45D27D88E42DB6542E25F2A7CD116E73.e.4524/click - {}
COMMAND: POST /session/33495d3582e1ae9d795edae8d05afa86/element - {"using":"xpath","value":"//*[@id=\"backBtn\"]"}
RESULT: {"using":"xpath","value":"//*[@id=\"backBtn\"]"}
COMMAND: POST /session/33495d3582e1ae9d795edae8d05afa86/element/f.99972AF7A4A37AB9389516F879C83B90.d.45D27D88E42DB6542E25F2A7CD116E73.e.4705/click - {}
RESULT: {}
COMMAND: GET /session/33495d3582e1ae9d795edae8d05afa86/screenshot - {}
RESULT: {}
]]></system-out>
    </testcase>
    <testcase classname="chrome.136_0_7103_49.windows.Sanity_Tests_US104253" name="Should open Data Explorer page" time="37.283">
      <system-out><![CDATA[
COMMAND: POST /session/33495d3582e1ae9d795edae8d05afa86/execute/async - {"script":"<script> [1562 bytes]","args":[{"selector":{"controlType":"sap.m.GenericTile","properties":{"header":"Data Explorer"}},"wdio_ui5_key":"sapm.GenericTile{\"header\":\"Data Explorer\"}"}]}
RESULT: {"script":"<script> [1562 bytes]","args":[{"selector":{"controlType":"sap.m.GenericTile","properties":{"header":"Data Explorer"}},"wdio_ui5_key":"sapm.GenericTile{\"header\":\"Data Explorer\"}"}]}
RESULT: undefined
COMMAND: POST /session/33495d3582e1ae9d795edae8d05afa86/element - {"using":"xpath","value":"//*[@id=\"__tile117\"]"}
RESULT: {"using":"xpath","value":"//*[@id=\"__tile117\"]"}
COMMAND: POST /session/33495d3582e1ae9d795edae8d05afa86/element/f.99972AF7A4A37AB9389516F879C83B90.d.45D27D88E42DB6542E25F2A7CD116E73.e.4707/click - {}
RESULT: {}
COMMAND: GET /session/33495d3582e1ae9d795edae8d05afa86/screenshot - {}
RESULT: {}
COMMAND: POST /session/33495d3582e1ae9d795edae8d05afa86/elements - {"using":"xpath","value":"//span[text()='Error']"}
RESULT: {"using":"xpath","value":"//span[text()='Error']"}
RESULT: undefined
COMMAND: POST /session/33495d3582e1ae9d795edae8d05afa86/element - {"using":"xpath","value":"//*[@id=\"__tile117\"]"}
RESULT: {"using":"xpath","value":"//*[@id=\"__tile117\"]"}
COMMAND: POST /session/33495d3582e1ae9d795edae8d05afa86/element/f.99972AF7A4A37AB9389516F879C83B90.d.45D27D88E42DB6542E25F2A7CD116E73.e.4707/click - {}
RESULT: undefined
COMMAND: POST /session/33495d3582e1ae9d795edae8d05afa86/element - {"using":"xpath","value":"//*[@id=\"__tile117\"]"}
RESULT: {"using":"xpath","value":"//*[@id=\"__tile117\"]"}
COMMAND: POST /session/33495d3582e1ae9d795edae8d05afa86/element/f.99972AF7A4A37AB9389516F879C83B90.d.45D27D88E42DB6542E25F2A7CD116E73.e.4707/click - {}
RESULT: undefined
COMMAND: POST /session/33495d3582e1ae9d795edae8d05afa86/execute/async - {"script":"<script> [6424 bytes]","args":[{"element-6066-11e4-a52e-4f735466cecf":"f.99972AF7A4A37AB9389516F879C83B90.d.45D27D88E42DB6542E25F2A7CD116E73.e.260"},"getTitle",[]]}
COMMAND: POST /session/33495d3582e1ae9d795edae8d05afa86/execute/async - {"script":"<script> [1562 bytes]","args":[{"selector":{"id":"shellAppTitle"},"wdio_ui5_key":"shellAppTitle"}]}
RESULT: {"script":"<script> [1562 bytes]","args":[{"selector":{"id":"shellAppTitle"},"wdio_ui5_key":"shellAppTitle"}]}
COMMAND: POST /session/33495d3582e1ae9d795edae8d05afa86/execute/async - {"script":"<script> [6424 bytes]","args":[{"element-6066-11e4-a52e-4f735466cecf":"f.99972AF7A4A37AB9389516F879C83B90.d.45D27D88E42DB6542E25F2A7CD116E73.e.5048"},"getTitle",[]]}
RESULT: {"script":"<script> [6424 bytes]","args":[{"element-6066-11e4-a52e-4f735466cecf":"f.99972AF7A4A37AB9389516F879C83B90.d.45D27D88E42DB6542E25F2A7CD116E73.e.5048"},"getTitle",[]]}
RESULT: undefined
COMMAND: POST /session/33495d3582e1ae9d795edae8d05afa86/element/f.99972AF7A4A37AB9389516F879C83B90.d.45D27D88E42DB6542E25F2A7CD116E73.e.4705/click - {}
RESULT: {}
COMMAND: GET /session/33495d3582e1ae9d795edae8d05afa86/screenshot - {}
RESULT: {}
]]></system-out>
    </testcase>
    <testcase classname="chrome.136_0_7103_49.windows.Sanity_Tests_US104253" name="Should open Performance Monitor page" time="37.383">
      <system-out><![CDATA[
COMMAND: POST /session/33495d3582e1ae9d795edae8d05afa86/execute/async - {"script":"<script> [1562 bytes]","args":[{"selector":{"controlType":"sap.m.GenericTile","properties":{"header":"Performance Monitor"}},"wdio_ui5_key":"sapm.GenericTile{\"header\":\"Performance Monitor\"}"}]}
RESULT: {"script":"<script> [1562 bytes]","args":[{"selector":{"controlType":"sap.m.GenericTile","properties":{"header":"Performance Monitor"}},"wdio_ui5_key":"sapm.GenericTile{\"header\":\"Performance Monitor\"}"}]}
RESULT: undefined
COMMAND: POST /session/33495d3582e1ae9d795edae8d05afa86/element - {"using":"xpath","value":"//*[@id=\"__tile116\"]"}
RESULT: {"using":"xpath","value":"//*[@id=\"__tile116\"]"}
COMMAND: POST /session/33495d3582e1ae9d795edae8d05afa86/element/f.99972AF7A4A37AB9389516F879C83B90.d.45D27D88E42DB6542E25F2A7CD116E73.e.5050/click - {}
RESULT: {}
COMMAND: GET /session/33495d3582e1ae9d795edae8d05afa86/screenshot - {}
RESULT: {}
COMMAND: POST /session/33495d3582e1ae9d795edae8d05afa86/elements - {"using":"xpath","value":"//span[text()='Error']"}
RESULT: {"using":"xpath","value":"//span[text()='Error']"}
RESULT: undefined
COMMAND: POST /session/33495d3582e1ae9d795edae8d05afa86/element - {"using":"xpath","value":"//*[@id=\"__tile116\"]"}
RESULT: {"using":"xpath","value":"//*[@id=\"__tile116\"]"}
COMMAND: POST /session/33495d3582e1ae9d795edae8d05afa86/element/f.99972AF7A4A37AB9389516F879C83B90.d.45D27D88E42DB6542E25F2A7CD116E73.e.5050/click - {}
RESULT: undefined
COMMAND: POST /session/33495d3582e1ae9d795edae8d05afa86/element - {"using":"xpath","value":"//*[@id=\"__tile116\"]"}
RESULT: {"using":"xpath","value":"//*[@id=\"__tile116\"]"}
COMMAND: POST /session/33495d3582e1ae9d795edae8d05afa86/element/f.99972AF7A4A37AB9389516F879C83B90.d.45D27D88E42DB6542E25F2A7CD116E73.e.5050/click - {}
RESULT: undefined
COMMAND: POST /session/33495d3582e1ae9d795edae8d05afa86/execute/async - {"script":"<script> [6424 bytes]","args":[{"element-6066-11e4-a52e-4f735466cecf":"f.99972AF7A4A37AB9389516F879C83B90.d.45D27D88E42DB6542E25F2A7CD116E73.e.260"},"getTitle",[]]}
COMMAND: POST /session/33495d3582e1ae9d795edae8d05afa86/execute/async - {"script":"<script> [1562 bytes]","args":[{"selector":{"id":"shellAppTitle"},"wdio_ui5_key":"shellAppTitle"}]}
RESULT: {"script":"<script> [1562 bytes]","args":[{"selector":{"id":"shellAppTitle"},"wdio_ui5_key":"shellAppTitle"}]}
COMMAND: POST /session/33495d3582e1ae9d795edae8d05afa86/execute/async - {"script":"<script> [6424 bytes]","args":[{"element-6066-11e4-a52e-4f735466cecf":"f.99972AF7A4A37AB9389516F879C83B90.d.45D27D88E42DB6542E25F2A7CD116E73.e.5091"},"getTitle",[]]}
RESULT: {"script":"<script> [6424 bytes]","args":[{"element-6066-11e4-a52e-4f735466cecf":"f.99972AF7A4A37AB9389516F879C83B90.d.45D27D88E42DB6542E25F2A7CD116E73.e.5091"},"getTitle",[]]}
RESULT: undefined
COMMAND: POST /session/33495d3582e1ae9d795edae8d05afa86/element/f.99972AF7A4A37AB9389516F879C83B90.d.45D27D88E42DB6542E25F2A7CD116E73.e.4705/click - {}
COMMAND: POST /session/33495d3582e1ae9d795edae8d05afa86/element - {"using":"xpath","value":"//*[@id=\"backBtn\"]"}
RESULT: {"using":"xpath","value":"//*[@id=\"backBtn\"]"}
COMMAND: POST /session/33495d3582e1ae9d795edae8d05afa86/element/f.99972AF7A4A37AB9389516F879C83B90.d.45D27D88E42DB6542E25F2A7CD116E73.e.4705/click - {}
COMMAND: POST /session/33495d3582e1ae9d795edae8d05afa86/element - {"using":"xpath","value":"//*[@id=\"backBtn\"]"}
RESULT: {"using":"xpath","value":"//*[@id=\"backBtn\"]"}
COMMAND: POST /session/33495d3582e1ae9d795edae8d05afa86/element/f.99972AF7A4A37AB9389516F879C83B90.d.45D27D88E42DB6542E25F2A7CD116E73.e.5092/click - {}
RESULT: {}
COMMAND: GET /session/33495d3582e1ae9d795edae8d05afa86/screenshot - {}
RESULT: {}
]]></system-out>
    </testcase>
    <testcase classname="chrome.136_0_7103_49.windows.Sanity_Tests_US104253" name="Should open Organizational Model page" time="37.54">
      <system-out><![CDATA[
COMMAND: POST /session/33495d3582e1ae9d795edae8d05afa86/execute/async - {"script":"<script> [1562 bytes]","args":[{"selector":{"controlType":"sap.m.GenericTile","properties":{"header":"Organizational Model"}},"wdio_ui5_key":"sapm.GenericTile{\"header\":\"Organizational Model\"}"}]}
RESULT: {"script":"<script> [1562 bytes]","args":[{"selector":{"controlType":"sap.m.GenericTile","properties":{"header":"Organizational Model"}},"wdio_ui5_key":"sapm.GenericTile{\"header\":\"Organizational Model\"}"}]}
RESULT: undefined
COMMAND: POST /session/33495d3582e1ae9d795edae8d05afa86/element - {"using":"xpath","value":"//*[@id=\"__tile120\"]"}
RESULT: {"using":"xpath","value":"//*[@id=\"__tile120\"]"}
COMMAND: POST /session/33495d3582e1ae9d795edae8d05afa86/element/f.99972AF7A4A37AB9389516F879C83B90.d.45D27D88E42DB6542E25F2A7CD116E73.e.5094/click - {}
RESULT: {}
COMMAND: GET /session/33495d3582e1ae9d795edae8d05afa86/screenshot - {}
RESULT: {}
COMMAND: POST /session/33495d3582e1ae9d795edae8d05afa86/elements - {"using":"xpath","value":"//span[text()='Error']"}
RESULT: {"using":"xpath","value":"//span[text()='Error']"}
RESULT: undefined
COMMAND: POST /session/33495d3582e1ae9d795edae8d05afa86/element - {"using":"xpath","value":"//*[@id=\"__tile120\"]"}
RESULT: {"using":"xpath","value":"//*[@id=\"__tile120\"]"}
COMMAND: POST /session/33495d3582e1ae9d795edae8d05afa86/element/f.99972AF7A4A37AB9389516F879C83B90.d.45D27D88E42DB6542E25F2A7CD116E73.e.5094/click - {}
RESULT: undefined
COMMAND: POST /session/33495d3582e1ae9d795edae8d05afa86/element - {"using":"xpath","value":"//*[@id=\"__tile120\"]"}
RESULT: {"using":"xpath","value":"//*[@id=\"__tile120\"]"}
COMMAND: POST /session/33495d3582e1ae9d795edae8d05afa86/element/f.99972AF7A4A37AB9389516F879C83B90.d.45D27D88E42DB6542E25F2A7CD116E73.e.5094/click - {}
RESULT: undefined
COMMAND: POST /session/33495d3582e1ae9d795edae8d05afa86/execute/async - {"script":"<script> [6424 bytes]","args":[{"element-6066-11e4-a52e-4f735466cecf":"f.99972AF7A4A37AB9389516F879C83B90.d.45D27D88E42DB6542E25F2A7CD116E73.e.260"},"getTitle",[]]}
COMMAND: POST /session/33495d3582e1ae9d795edae8d05afa86/execute/async - {"script":"<script> [1562 bytes]","args":[{"selector":{"id":"shellAppTitle"},"wdio_ui5_key":"shellAppTitle"}]}
RESULT: {"script":"<script> [1562 bytes]","args":[{"selector":{"id":"shellAppTitle"},"wdio_ui5_key":"shellAppTitle"}]}
COMMAND: POST /session/33495d3582e1ae9d795edae8d05afa86/execute/async - {"script":"<script> [6424 bytes]","args":[{"element-6066-11e4-a52e-4f735466cecf":"f.99972AF7A4A37AB9389516F879C83B90.d.45D27D88E42DB6542E25F2A7CD116E73.e.5113"},"getTitle",[]]}
RESULT: {"script":"<script> [6424 bytes]","args":[{"element-6066-11e4-a52e-4f735466cecf":"f.99972AF7A4A37AB9389516F879C83B90.d.45D27D88E42DB6542E25F2A7CD116E73.e.5113"},"getTitle",[]]}
RESULT: undefined
COMMAND: POST /session/33495d3582e1ae9d795edae8d05afa86/element/f.99972AF7A4A37AB9389516F879C83B90.d.45D27D88E42DB6542E25F2A7CD116E73.e.5092/click - {}
RESULT: {}
COMMAND: GET /session/33495d3582e1ae9d795edae8d05afa86/screenshot - {}
RESULT: {}
]]></system-out>
    </testcase>
    <testcase classname="chrome.136_0_7103_49.windows.Sanity_Tests_US104253" name="Should open Manage Roles page" time="36.417">
      <system-out><![CDATA[
COMMAND: POST /session/33495d3582e1ae9d795edae8d05afa86/execute/async - {"script":"<script> [1562 bytes]","args":[{"selector":{"controlType":"sap.m.GenericTile","properties":{"header":"Manage Roles"}},"wdio_ui5_key":"sapm.GenericTile{\"header\":\"Manage Roles\"}"}]}
RESULT: {"script":"<script> [1562 bytes]","args":[{"selector":{"controlType":"sap.m.GenericTile","properties":{"header":"Manage Roles"}},"wdio_ui5_key":"sapm.GenericTile{\"header\":\"Manage Roles\"}"}]}
RESULT: undefined
COMMAND: POST /session/33495d3582e1ae9d795edae8d05afa86/element - {"using":"xpath","value":"//*[@id=\"__tile119\"]"}
RESULT: {"using":"xpath","value":"//*[@id=\"__tile119\"]"}
COMMAND: POST /session/33495d3582e1ae9d795edae8d05afa86/element/f.99972AF7A4A37AB9389516F879C83B90.d.45D27D88E42DB6542E25F2A7CD116E73.e.5115/click - {}
RESULT: {}
COMMAND: GET /session/33495d3582e1ae9d795edae8d05afa86/screenshot - {}
RESULT: {}
COMMAND: POST /session/33495d3582e1ae9d795edae8d05afa86/elements - {"using":"xpath","value":"//span[text()='Error']"}
RESULT: {"using":"xpath","value":"//span[text()='Error']"}
RESULT: undefined
COMMAND: POST /session/33495d3582e1ae9d795edae8d05afa86/element - {"using":"xpath","value":"//*[@id=\"__tile119\"]"}
RESULT: {"using":"xpath","value":"//*[@id=\"__tile119\"]"}
COMMAND: POST /session/33495d3582e1ae9d795edae8d05afa86/element/f.99972AF7A4A37AB9389516F879C83B90.d.45D27D88E42DB6542E25F2A7CD116E73.e.5115/click - {}
RESULT: undefined
COMMAND: POST /session/33495d3582e1ae9d795edae8d05afa86/element - {"using":"xpath","value":"//*[@id=\"__tile119\"]"}
RESULT: {"using":"xpath","value":"//*[@id=\"__tile119\"]"}
COMMAND: POST /session/33495d3582e1ae9d795edae8d05afa86/element/f.99972AF7A4A37AB9389516F879C83B90.d.45D27D88E42DB6542E25F2A7CD116E73.e.5115/click - {}
RESULT: undefined
COMMAND: POST /session/33495d3582e1ae9d795edae8d05afa86/execute/async - {"script":"<script> [6424 bytes]","args":[{"element-6066-11e4-a52e-4f735466cecf":"f.99972AF7A4A37AB9389516F879C83B90.d.45D27D88E42DB6542E25F2A7CD116E73.e.260"},"getTitle",[]]}
COMMAND: POST /session/33495d3582e1ae9d795edae8d05afa86/execute/async - {"script":"<script> [1562 bytes]","args":[{"selector":{"id":"shellAppTitle"},"wdio_ui5_key":"shellAppTitle"}]}
RESULT: {"script":"<script> [1562 bytes]","args":[{"selector":{"id":"shellAppTitle"},"wdio_ui5_key":"shellAppTitle"}]}
COMMAND: POST /session/33495d3582e1ae9d795edae8d05afa86/execute/async - {"script":"<script> [6424 bytes]","args":[{"element-6066-11e4-a52e-4f735466cecf":"f.99972AF7A4A37AB9389516F879C83B90.d.45D27D88E42DB6542E25F2A7CD116E73.e.5157"},"getTitle",[]]}
RESULT: {"script":"<script> [6424 bytes]","args":[{"element-6066-11e4-a52e-4f735466cecf":"f.99972AF7A4A37AB9389516F879C83B90.d.45D27D88E42DB6542E25F2A7CD116E73.e.5157"},"getTitle",[]]}
RESULT: undefined
COMMAND: POST /session/33495d3582e1ae9d795edae8d05afa86/element/f.99972AF7A4A37AB9389516F879C83B90.d.45D27D88E42DB6542E25F2A7CD116E73.e.5092/click - {}
COMMAND: POST /session/33495d3582e1ae9d795edae8d05afa86/element - {"using":"xpath","value":"//*[@id=\"backBtn\"]"}
RESULT: {"using":"xpath","value":"//*[@id=\"backBtn\"]"}
COMMAND: POST /session/33495d3582e1ae9d795edae8d05afa86/element/f.99972AF7A4A37AB9389516F879C83B90.d.45D27D88E42DB6542E25F2A7CD116E73.e.5092/click - {}
COMMAND: POST /session/33495d3582e1ae9d795edae8d05afa86/element - {"using":"xpath","value":"//*[@id=\"backBtn\"]"}
RESULT: {"using":"xpath","value":"//*[@id=\"backBtn\"]"}
COMMAND: POST /session/33495d3582e1ae9d795edae8d05afa86/element/f.99972AF7A4A37AB9389516F879C83B90.d.45D27D88E42DB6542E25F2A7CD116E73.e.5158/click - {}
RESULT: {}
COMMAND: GET /session/33495d3582e1ae9d795edae8d05afa86/screenshot - {}
RESULT: {}
]]></system-out>
    </testcase>
    <testcase classname="chrome.136_0_7103_49.windows.Sanity_Tests_US104253" name="Should open Authorization Tables page" time="37.841">
      <system-out><![CDATA[
COMMAND: POST /session/33495d3582e1ae9d795edae8d05afa86/execute/async - {"script":"<script> [1562 bytes]","args":[{"selector":{"controlType":"sap.m.GenericTile","properties":{"header":"Authorization Tables"}},"wdio_ui5_key":"sapm.GenericTile{\"header\":\"Authorization Tables\"}"}]}
RESULT: {"script":"<script> [1562 bytes]","args":[{"selector":{"controlType":"sap.m.GenericTile","properties":{"header":"Authorization Tables"}},"wdio_ui5_key":"sapm.GenericTile{\"header\":\"Authorization Tables\"}"}]}
RESULT: undefined
COMMAND: POST /session/33495d3582e1ae9d795edae8d05afa86/element - {"using":"xpath","value":"//*[@id=\"__tile118\"]"}
RESULT: {"using":"xpath","value":"//*[@id=\"__tile118\"]"}
COMMAND: POST /session/33495d3582e1ae9d795edae8d05afa86/element/f.99972AF7A4A37AB9389516F879C83B90.d.45D27D88E42DB6542E25F2A7CD116E73.e.5160/click - {}
RESULT: {}
COMMAND: GET /session/33495d3582e1ae9d795edae8d05afa86/screenshot - {}
RESULT: {}
COMMAND: POST /session/33495d3582e1ae9d795edae8d05afa86/elements - {"using":"xpath","value":"//span[text()='Error']"}
RESULT: {"using":"xpath","value":"//span[text()='Error']"}
RESULT: undefined
COMMAND: POST /session/33495d3582e1ae9d795edae8d05afa86/element - {"using":"xpath","value":"//*[@id=\"__tile118\"]"}
RESULT: {"using":"xpath","value":"//*[@id=\"__tile118\"]"}
COMMAND: POST /session/33495d3582e1ae9d795edae8d05afa86/element/f.99972AF7A4A37AB9389516F879C83B90.d.45D27D88E42DB6542E25F2A7CD116E73.e.5160/click - {}
RESULT: undefined
COMMAND: POST /session/33495d3582e1ae9d795edae8d05afa86/element - {"using":"xpath","value":"//*[@id=\"__tile118\"]"}
RESULT: {"using":"xpath","value":"//*[@id=\"__tile118\"]"}
COMMAND: POST /session/33495d3582e1ae9d795edae8d05afa86/element/f.99972AF7A4A37AB9389516F879C83B90.d.45D27D88E42DB6542E25F2A7CD116E73.e.5160/click - {}
RESULT: undefined
COMMAND: POST /session/33495d3582e1ae9d795edae8d05afa86/execute/async - {"script":"<script> [6424 bytes]","args":[{"element-6066-11e4-a52e-4f735466cecf":"f.99972AF7A4A37AB9389516F879C83B90.d.45D27D88E42DB6542E25F2A7CD116E73.e.260"},"getTitle",[]]}
COMMAND: POST /session/33495d3582e1ae9d795edae8d05afa86/execute/async - {"script":"<script> [1562 bytes]","args":[{"selector":{"id":"shellAppTitle"},"wdio_ui5_key":"shellAppTitle"}]}
RESULT: {"script":"<script> [1562 bytes]","args":[{"selector":{"id":"shellAppTitle"},"wdio_ui5_key":"shellAppTitle"}]}
COMMAND: POST /session/33495d3582e1ae9d795edae8d05afa86/execute/async - {"script":"<script> [6424 bytes]","args":[{"element-6066-11e4-a52e-4f735466cecf":"f.99972AF7A4A37AB9389516F879C83B90.d.45D27D88E42DB6542E25F2A7CD116E73.e.5244"},"getTitle",[]]}
RESULT: {"script":"<script> [6424 bytes]","args":[{"element-6066-11e4-a52e-4f735466cecf":"f.99972AF7A4A37AB9389516F879C83B90.d.45D27D88E42DB6542E25F2A7CD116E73.e.5244"},"getTitle",[]]}
RESULT: undefined
COMMAND: POST /session/33495d3582e1ae9d795edae8d05afa86/element/f.99972AF7A4A37AB9389516F879C83B90.d.45D27D88E42DB6542E25F2A7CD116E73.e.5158/click - {}
RESULT: {}
COMMAND: GET /session/33495d3582e1ae9d795edae8d05afa86/screenshot - {}
RESULT: {}
]]></system-out>
    </testcase>
    <testcase classname="chrome.136_0_7103_49.windows.Sanity_Tests_US104253" name="Should open User Maintenance page" time="36.61">
      <system-out><![CDATA[
COMMAND: POST /session/33495d3582e1ae9d795edae8d05afa86/execute/async - {"script":"<script> [1562 bytes]","args":[{"selector":{"controlType":"sap.m.GenericTile","properties":{"header":"User Maintenance"}},"wdio_ui5_key":"sapm.GenericTile{\"header\":\"User Maintenance\"}"}]}
RESULT: {"script":"<script> [1562 bytes]","args":[{"selector":{"controlType":"sap.m.GenericTile","properties":{"header":"User Maintenance"}},"wdio_ui5_key":"sapm.GenericTile{\"header\":\"User Maintenance\"}"}]}
RESULT: undefined
COMMAND: POST /session/33495d3582e1ae9d795edae8d05afa86/element - {"using":"xpath","value":"//*[@id=\"__tile121\"]"}
RESULT: {"using":"xpath","value":"//*[@id=\"__tile121\"]"}
COMMAND: POST /session/33495d3582e1ae9d795edae8d05afa86/element/f.99972AF7A4A37AB9389516F879C83B90.d.45D27D88E42DB6542E25F2A7CD116E73.e.5246/click - {}
RESULT: {}
COMMAND: GET /session/33495d3582e1ae9d795edae8d05afa86/screenshot - {}
RESULT: {}
COMMAND: POST /session/33495d3582e1ae9d795edae8d05afa86/elements - {"using":"xpath","value":"//span[text()='Error']"}
RESULT: {"using":"xpath","value":"//span[text()='Error']"}
RESULT: undefined
COMMAND: POST /session/33495d3582e1ae9d795edae8d05afa86/element - {"using":"xpath","value":"//*[@id=\"__tile121\"]"}
RESULT: {"using":"xpath","value":"//*[@id=\"__tile121\"]"}
COMMAND: POST /session/33495d3582e1ae9d795edae8d05afa86/element/f.99972AF7A4A37AB9389516F879C83B90.d.45D27D88E42DB6542E25F2A7CD116E73.e.5246/click - {}
RESULT: undefined
COMMAND: POST /session/33495d3582e1ae9d795edae8d05afa86/element - {"using":"xpath","value":"//*[@id=\"__tile121\"]"}
RESULT: {"using":"xpath","value":"//*[@id=\"__tile121\"]"}
COMMAND: POST /session/33495d3582e1ae9d795edae8d05afa86/element/f.99972AF7A4A37AB9389516F879C83B90.d.45D27D88E42DB6542E25F2A7CD116E73.e.5246/click - {}
RESULT: undefined
COMMAND: POST /session/33495d3582e1ae9d795edae8d05afa86/execute/async - {"script":"<script> [6424 bytes]","args":[{"element-6066-11e4-a52e-4f735466cecf":"f.99972AF7A4A37AB9389516F879C83B90.d.45D27D88E42DB6542E25F2A7CD116E73.e.260"},"getTitle",[]]}
COMMAND: POST /session/33495d3582e1ae9d795edae8d05afa86/execute/async - {"script":"<script> [1562 bytes]","args":[{"selector":{"id":"shellAppTitle"},"wdio_ui5_key":"shellAppTitle"}]}
RESULT: {"script":"<script> [1562 bytes]","args":[{"selector":{"id":"shellAppTitle"},"wdio_ui5_key":"shellAppTitle"}]}
COMMAND: POST /session/33495d3582e1ae9d795edae8d05afa86/execute/async - {"script":"<script> [6424 bytes]","args":[{"element-6066-11e4-a52e-4f735466cecf":"f.99972AF7A4A37AB9389516F879C83B90.d.45D27D88E42DB6542E25F2A7CD116E73.e.5336"},"getTitle",[]]}
RESULT: {"script":"<script> [6424 bytes]","args":[{"element-6066-11e4-a52e-4f735466cecf":"f.99972AF7A4A37AB9389516F879C83B90.d.45D27D88E42DB6542E25F2A7CD116E73.e.5336"},"getTitle",[]]}
RESULT: undefined
COMMAND: POST /session/33495d3582e1ae9d795edae8d05afa86/element/f.99972AF7A4A37AB9389516F879C83B90.d.45D27D88E42DB6542E25F2A7CD116E73.e.5158/click - {}
COMMAND: POST /session/33495d3582e1ae9d795edae8d05afa86/element - {"using":"xpath","value":"//*[@id=\"backBtn\"]"}
RESULT: {"using":"xpath","value":"//*[@id=\"backBtn\"]"}
COMMAND: POST /session/33495d3582e1ae9d795edae8d05afa86/element/f.99972AF7A4A37AB9389516F879C83B90.d.45D27D88E42DB6542E25F2A7CD116E73.e.5158/click - {}
COMMAND: POST /session/33495d3582e1ae9d795edae8d05afa86/element - {"using":"xpath","value":"//*[@id=\"backBtn\"]"}
RESULT: {"using":"xpath","value":"//*[@id=\"backBtn\"]"}
COMMAND: POST /session/33495d3582e1ae9d795edae8d05afa86/element/f.99972AF7A4A37AB9389516F879C83B90.d.45D27D88E42DB6542E25F2A7CD116E73.e.5337/click - {}
RESULT: {}
COMMAND: GET /session/33495d3582e1ae9d795edae8d05afa86/screenshot - {}
RESULT: {}
]]></system-out>
    </testcase>
    <testcase classname="chrome.136_0_7103_49.windows.Sanity_Tests_US104253" name="Should open Schedule Jobs page" time="36.083">
      <system-out><![CDATA[
COMMAND: POST /session/33495d3582e1ae9d795edae8d05afa86/execute/async - {"script":"<script> [1562 bytes]","args":[{"selector":{"controlType":"sap.m.GenericTile","properties":{"header":"Schedule Jobs"}},"wdio_ui5_key":"sapm.GenericTile{\"header\":\"Schedule Jobs\"}"}]}
RESULT: {"script":"<script> [1562 bytes]","args":[{"selector":{"controlType":"sap.m.GenericTile","properties":{"header":"Schedule Jobs"}},"wdio_ui5_key":"sapm.GenericTile{\"header\":\"Schedule Jobs\"}"}]}
RESULT: undefined
COMMAND: POST /session/33495d3582e1ae9d795edae8d05afa86/element - {"using":"xpath","value":"//*[@id=\"__tile127\"]"}
RESULT: {"using":"xpath","value":"//*[@id=\"__tile127\"]"}
COMMAND: POST /session/33495d3582e1ae9d795edae8d05afa86/element/f.99972AF7A4A37AB9389516F879C83B90.d.45D27D88E42DB6542E25F2A7CD116E73.e.5340/click - {}
RESULT: {}
COMMAND: GET /session/33495d3582e1ae9d795edae8d05afa86/screenshot - {}
RESULT: {}
COMMAND: POST /session/33495d3582e1ae9d795edae8d05afa86/elements - {"using":"xpath","value":"//span[text()='Error']"}
RESULT: {"using":"xpath","value":"//span[text()='Error']"}
RESULT: undefined
COMMAND: POST /session/33495d3582e1ae9d795edae8d05afa86/element - {"using":"xpath","value":"//*[@id=\"__tile127\"]"}
RESULT: {"using":"xpath","value":"//*[@id=\"__tile127\"]"}
COMMAND: POST /session/33495d3582e1ae9d795edae8d05afa86/element/f.99972AF7A4A37AB9389516F879C83B90.d.45D27D88E42DB6542E25F2A7CD116E73.e.5340/click - {}
RESULT: undefined
COMMAND: POST /session/33495d3582e1ae9d795edae8d05afa86/element - {"using":"xpath","value":"//*[@id=\"__tile127\"]"}
RESULT: {"using":"xpath","value":"//*[@id=\"__tile127\"]"}
COMMAND: POST /session/33495d3582e1ae9d795edae8d05afa86/element/f.99972AF7A4A37AB9389516F879C83B90.d.45D27D88E42DB6542E25F2A7CD116E73.e.5340/click - {}
RESULT: undefined
COMMAND: POST /session/33495d3582e1ae9d795edae8d05afa86/execute/async - {"script":"<script> [6424 bytes]","args":[{"element-6066-11e4-a52e-4f735466cecf":"f.99972AF7A4A37AB9389516F879C83B90.d.45D27D88E42DB6542E25F2A7CD116E73.e.260"},"getTitle",[]]}
COMMAND: POST /session/33495d3582e1ae9d795edae8d05afa86/execute/async - {"script":"<script> [1562 bytes]","args":[{"selector":{"id":"shellAppTitle"},"wdio_ui5_key":"shellAppTitle"}]}
RESULT: {"script":"<script> [1562 bytes]","args":[{"selector":{"id":"shellAppTitle"},"wdio_ui5_key":"shellAppTitle"}]}
COMMAND: POST /session/33495d3582e1ae9d795edae8d05afa86/execute/async - {"script":"<script> [6424 bytes]","args":[{"element-6066-11e4-a52e-4f735466cecf":"f.99972AF7A4A37AB9389516F879C83B90.d.45D27D88E42DB6542E25F2A7CD116E73.e.5385"},"getTitle",[]]}
RESULT: {"script":"<script> [6424 bytes]","args":[{"element-6066-11e4-a52e-4f735466cecf":"f.99972AF7A4A37AB9389516F879C83B90.d.45D27D88E42DB6542E25F2A7CD116E73.e.5385"},"getTitle",[]]}
RESULT: undefined
COMMAND: POST /session/33495d3582e1ae9d795edae8d05afa86/element/f.99972AF7A4A37AB9389516F879C83B90.d.45D27D88E42DB6542E25F2A7CD116E73.e.5337/click - {}
COMMAND: POST /session/33495d3582e1ae9d795edae8d05afa86/element/f.99972AF7A4A37AB9389516F879C83B90.d.45D27D88E42DB6542E25F2A7CD116E73.e.5337/click - {}
RESULT: {}
COMMAND: GET /session/33495d3582e1ae9d795edae8d05afa86/screenshot - {}
COMMAND: POST /session/33495d3582e1ae9d795edae8d05afa86/element - {"using":"xpath","value":"//*[@id=\"backBtn\"]"}
RESULT: {}
RESULT: {"using":"xpath","value":"//*[@id=\"backBtn\"]"}
COMMAND: POST /session/33495d3582e1ae9d795edae8d05afa86/elements - {"using":"xpath","value":"//*[@id=\"backBtn\"]"}
RESULT: {"using":"xpath","value":"//*[@id=\"backBtn\"]"}
COMMAND: POST /session/33495d3582e1ae9d795edae8d05afa86/elements - {"using":"xpath","value":"//*[@id=\"backBtn\"]"}
RESULT: {"using":"xpath","value":"//*[@id=\"backBtn\"]"}
COMMAND: POST /session/33495d3582e1ae9d795edae8d05afa86/elements - {"using":"xpath","value":"//*[@id=\"backBtn\"]"}
RESULT: {"using":"xpath","value":"//*[@id=\"backBtn\"]"}
COMMAND: POST /session/33495d3582e1ae9d795edae8d05afa86/elements - {"using":"xpath","value":"//*[@id=\"backBtn\"]"}
RESULT: {"using":"xpath","value":"//*[@id=\"backBtn\"]"}
COMMAND: POST /session/33495d3582e1ae9d795edae8d05afa86/elements - {"using":"xpath","value":"//*[@id=\"backBtn\"]"}
RESULT: {"using":"xpath","value":"//*[@id=\"backBtn\"]"}
COMMAND: POST /session/33495d3582e1ae9d795edae8d05afa86/elements - {"using":"xpath","value":"//*[@id=\"backBtn\"]"}
RESULT: {"using":"xpath","value":"//*[@id=\"backBtn\"]"}
COMMAND: POST /session/33495d3582e1ae9d795edae8d05afa86/elements - {"using":"xpath","value":"//*[@id=\"backBtn\"]"}
RESULT: {"using":"xpath","value":"//*[@id=\"backBtn\"]"}
COMMAND: POST /session/33495d3582e1ae9d795edae8d05afa86/elements - {"using":"xpath","value":"//*[@id=\"backBtn\"]"}
RESULT: {"using":"xpath","value":"//*[@id=\"backBtn\"]"}
COMMAND: POST /session/33495d3582e1ae9d795edae8d05afa86/elements - {"using":"xpath","value":"//*[@id=\"backBtn\"]"}
RESULT: {"using":"xpath","value":"//*[@id=\"backBtn\"]"}
COMMAND: POST /session/33495d3582e1ae9d795edae8d05afa86/elements - {"using":"xpath","value":"//*[@id=\"backBtn\"]"}
RESULT: {"using":"xpath","value":"//*[@id=\"backBtn\"]"}
COMMAND: POST /session/33495d3582e1ae9d795edae8d05afa86/elements - {"using":"xpath","value":"//*[@id=\"backBtn\"]"}
RESULT: {"using":"xpath","value":"//*[@id=\"backBtn\"]"}
COMMAND: POST /session/33495d3582e1ae9d795edae8d05afa86/elements - {"using":"xpath","value":"//*[@id=\"backBtn\"]"}
RESULT: {"using":"xpath","value":"//*[@id=\"backBtn\"]"}
COMMAND: POST /session/33495d3582e1ae9d795edae8d05afa86/elements - {"using":"xpath","value":"//*[@id=\"backBtn\"]"}
RESULT: {"using":"xpath","value":"//*[@id=\"backBtn\"]"}
COMMAND: POST /session/33495d3582e1ae9d795edae8d05afa86/elements - {"using":"xpath","value":"//*[@id=\"backBtn\"]"}
RESULT: {"using":"xpath","value":"//*[@id=\"backBtn\"]"}
COMMAND: POST /session/33495d3582e1ae9d795edae8d05afa86/elements - {"using":"xpath","value":"//*[@id=\"backBtn\"]"}
RESULT: {"using":"xpath","value":"//*[@id=\"backBtn\"]"}
COMMAND: POST /session/33495d3582e1ae9d795edae8d05afa86/elements - {"using":"xpath","value":"//*[@id=\"backBtn\"]"}
RESULT: {"using":"xpath","value":"//*[@id=\"backBtn\"]"}
COMMAND: POST /session/33495d3582e1ae9d795edae8d05afa86/elements - {"using":"xpath","value":"//*[@id=\"backBtn\"]"}
RESULT: {"using":"xpath","value":"//*[@id=\"backBtn\"]"}
]]></system-out>
    </testcase>
    <testcase classname="chrome.136_0_7103_49.windows.Sanity_Tests_US104253" name="Should open Jobs Setup page" time="36.234">
      <system-out><![CDATA[
COMMAND: POST /session/33495d3582e1ae9d795edae8d05afa86/execute/async - {"script":"<script> [1562 bytes]","args":[{"selector":{"controlType":"sap.m.GenericTile","properties":{"header":"Jobs Setup"}},"wdio_ui5_key":"sapm.GenericTile{\"header\":\"Jobs Setup\"}"}]}
COMMAND: POST /session/33495d3582e1ae9d795edae8d05afa86/elements - {"using":"xpath","value":"//*[@id=\"backBtn\"]"}
RESULT: {"script":"<script> [1562 bytes]","args":[{"selector":{"controlType":"sap.m.GenericTile","properties":{"header":"Jobs Setup"}},"wdio_ui5_key":"sapm.GenericTile{\"header\":\"Jobs Setup\"}"}]}
RESULT: undefined
COMMAND: POST /session/33495d3582e1ae9d795edae8d05afa86/element - {"using":"xpath","value":"//*[@id=\"__tile128\"]"}
RESULT: {"using":"xpath","value":"//*[@id=\"backBtn\"]"}
RESULT: {"using":"xpath","value":"//*[@id=\"__tile128\"]"}
COMMAND: POST /session/33495d3582e1ae9d795edae8d05afa86/element/f.99972AF7A4A37AB9389516F879C83B90.d.45D27D88E42DB6542E25F2A7CD116E73.e.5387/click - {}
COMMAND: POST /session/33495d3582e1ae9d795edae8d05afa86/elements - {"using":"xpath","value":"//*[@id=\"backBtn\"]"}
RESULT: {}
COMMAND: GET /session/33495d3582e1ae9d795edae8d05afa86/screenshot - {}
RESULT: {"using":"xpath","value":"//*[@id=\"backBtn\"]"}
RESULT: {}
COMMAND: POST /session/33495d3582e1ae9d795edae8d05afa86/elements - {"using":"xpath","value":"//*[@id=\"backBtn\"]"}
RESULT: {"using":"xpath","value":"//*[@id=\"backBtn\"]"}
COMMAND: POST /session/33495d3582e1ae9d795edae8d05afa86/element - {"using":"xpath","value":"//*[@id=\"backBtn\"]"}
RESULT: {"using":"xpath","value":"//*[@id=\"backBtn\"]"}
COMMAND: POST /session/33495d3582e1ae9d795edae8d05afa86/element/f.99972AF7A4A37AB9389516F879C83B90.d.45D27D88E42DB6542E25F2A7CD116E73.e.5337/click - {}
COMMAND: POST /session/33495d3582e1ae9d795edae8d05afa86/element - {"using":"xpath","value":"//*[@id=\"backBtn\"]"}
RESULT: {"using":"xpath","value":"//*[@id=\"backBtn\"]"}
COMMAND: POST /session/33495d3582e1ae9d795edae8d05afa86/element/f.99972AF7A4A37AB9389516F879C83B90.d.45D27D88E42DB6542E25F2A7CD116E73.e.5451/click - {}
RESULT: {}
COMMAND: GET /session/33495d3582e1ae9d795edae8d05afa86/screenshot - {}
RESULT: {}
COMMAND: POST /session/33495d3582e1ae9d795edae8d05afa86/elements - {"using":"xpath","value":"//span[text()='Error']"}
RESULT: {"using":"xpath","value":"//span[text()='Error']"}
RESULT: undefined
COMMAND: POST /session/33495d3582e1ae9d795edae8d05afa86/element - {"using":"xpath","value":"//*[@id=\"__tile128\"]"}
RESULT: {"using":"xpath","value":"//*[@id=\"__tile128\"]"}
COMMAND: POST /session/33495d3582e1ae9d795edae8d05afa86/element/f.99972AF7A4A37AB9389516F879C83B90.d.45D27D88E42DB6542E25F2A7CD116E73.e.5387/click - {}
RESULT: undefined
COMMAND: POST /session/33495d3582e1ae9d795edae8d05afa86/element - {"using":"xpath","value":"//*[@id=\"__tile128\"]"}
RESULT: {"using":"xpath","value":"//*[@id=\"__tile128\"]"}
COMMAND: POST /session/33495d3582e1ae9d795edae8d05afa86/element/f.99972AF7A4A37AB9389516F879C83B90.d.45D27D88E42DB6542E25F2A7CD116E73.e.5387/click - {}
RESULT: undefined
COMMAND: POST /session/33495d3582e1ae9d795edae8d05afa86/execute/async - {"script":"<script> [6424 bytes]","args":[{"element-6066-11e4-a52e-4f735466cecf":"f.99972AF7A4A37AB9389516F879C83B90.d.45D27D88E42DB6542E25F2A7CD116E73.e.260"},"getTitle",[]]}
COMMAND: POST /session/33495d3582e1ae9d795edae8d05afa86/execute/async - {"script":"<script> [1562 bytes]","args":[{"selector":{"id":"shellAppTitle"},"wdio_ui5_key":"shellAppTitle"}]}
RESULT: {"script":"<script> [1562 bytes]","args":[{"selector":{"id":"shellAppTitle"},"wdio_ui5_key":"shellAppTitle"}]}
COMMAND: POST /session/33495d3582e1ae9d795edae8d05afa86/execute/async - {"script":"<script> [6424 bytes]","args":[{"element-6066-11e4-a52e-4f735466cecf":"f.99972AF7A4A37AB9389516F879C83B90.d.45D27D88E42DB6542E25F2A7CD116E73.e.5477"},"getTitle",[]]}
RESULT: {"script":"<script> [6424 bytes]","args":[{"element-6066-11e4-a52e-4f735466cecf":"f.99972AF7A4A37AB9389516F879C83B90.d.45D27D88E42DB6542E25F2A7CD116E73.e.5477"},"getTitle",[]]}
RESULT: undefined
COMMAND: POST /session/33495d3582e1ae9d795edae8d05afa86/element/f.99972AF7A4A37AB9389516F879C83B90.d.45D27D88E42DB6542E25F2A7CD116E73.e.5451/click - {}
COMMAND: POST /session/33495d3582e1ae9d795edae8d05afa86/element/f.99972AF7A4A37AB9389516F879C83B90.d.45D27D88E42DB6542E25F2A7CD116E73.e.5451/click - {}
RESULT: {}
COMMAND: GET /session/33495d3582e1ae9d795edae8d05afa86/screenshot - {}
RESULT: {}
COMMAND: GET /session/33495d3582e1ae9d795edae8d05afa86/screenshot - {}
RESULT: {}
RESULT: {}
]]></system-out>
    </testcase>
    <testcase classname="chrome.136_0_7103_49.windows.Sanity_Tests_US104253" name="Should open Target Systems Configuration page" time="36.291">
      <system-out><![CDATA[
COMMAND: POST /session/33495d3582e1ae9d795edae8d05afa86/execute/async - {"script":"<script> [1562 bytes]","args":[{"selector":{"controlType":"sap.m.GenericTile","properties":{"header":"Target Systems Configuration"}},"wdio_ui5_key":"sapm.GenericTile{\"header\":\"Target Systems Configuration\"}"}]}
RESULT: {"script":"<script> [1562 bytes]","args":[{"selector":{"controlType":"sap.m.GenericTile","properties":{"header":"Target Systems Configuration"}},"wdio_ui5_key":"sapm.GenericTile{\"header\":\"Target Systems Configuration\"}"}]}
RESULT: undefined
COMMAND: POST /session/33495d3582e1ae9d795edae8d05afa86/element - {"using":"xpath","value":"//*[@id=\"__tile129\"]"}
RESULT: {"using":"xpath","value":"//*[@id=\"__tile129\"]"}
COMMAND: POST /session/33495d3582e1ae9d795edae8d05afa86/element/f.99972AF7A4A37AB9389516F879C83B90.d.45D27D88E42DB6542E25F2A7CD116E73.e.5481/click - {}
RESULT: {}
COMMAND: GET /session/33495d3582e1ae9d795edae8d05afa86/screenshot - {}
RESULT: {}
COMMAND: POST /session/33495d3582e1ae9d795edae8d05afa86/elements - {"using":"xpath","value":"//span[text()='Error']"}
RESULT: {"using":"xpath","value":"//span[text()='Error']"}
RESULT: undefined
COMMAND: POST /session/33495d3582e1ae9d795edae8d05afa86/element - {"using":"xpath","value":"//*[@id=\"__tile129\"]"}
RESULT: {"using":"xpath","value":"//*[@id=\"__tile129\"]"}
COMMAND: POST /session/33495d3582e1ae9d795edae8d05afa86/element/f.99972AF7A4A37AB9389516F879C83B90.d.45D27D88E42DB6542E25F2A7CD116E73.e.5481/click - {}
RESULT: undefined
COMMAND: POST /session/33495d3582e1ae9d795edae8d05afa86/element - {"using":"xpath","value":"//*[@id=\"__tile129\"]"}
RESULT: {"using":"xpath","value":"//*[@id=\"__tile129\"]"}
COMMAND: POST /session/33495d3582e1ae9d795edae8d05afa86/element/f.99972AF7A4A37AB9389516F879C83B90.d.45D27D88E42DB6542E25F2A7CD116E73.e.5481/click - {}
RESULT: undefined
COMMAND: POST /session/33495d3582e1ae9d795edae8d05afa86/execute/async - {"script":"<script> [6424 bytes]","args":[{"element-6066-11e4-a52e-4f735466cecf":"f.99972AF7A4A37AB9389516F879C83B90.d.45D27D88E42DB6542E25F2A7CD116E73.e.260"},"getTitle",[]]}
COMMAND: POST /session/33495d3582e1ae9d795edae8d05afa86/execute/async - {"script":"<script> [1562 bytes]","args":[{"selector":{"id":"shellAppTitle"},"wdio_ui5_key":"shellAppTitle"}]}
RESULT: {"script":"<script> [1562 bytes]","args":[{"selector":{"id":"shellAppTitle"},"wdio_ui5_key":"shellAppTitle"}]}
COMMAND: POST /session/33495d3582e1ae9d795edae8d05afa86/execute/async - {"script":"<script> [6424 bytes]","args":[{"element-6066-11e4-a52e-4f735466cecf":"f.99972AF7A4A37AB9389516F879C83B90.d.45D27D88E42DB6542E25F2A7CD116E73.e.5534"},"getTitle",[]]}
RESULT: {"script":"<script> [6424 bytes]","args":[{"element-6066-11e4-a52e-4f735466cecf":"f.99972AF7A4A37AB9389516F879C83B90.d.45D27D88E42DB6542E25F2A7CD116E73.e.5534"},"getTitle",[]]}
RESULT: undefined
COMMAND: POST /session/33495d3582e1ae9d795edae8d05afa86/element/f.99972AF7A4A37AB9389516F879C83B90.d.45D27D88E42DB6542E25F2A7CD116E73.e.5451/click - {}
COMMAND: POST /session/33495d3582e1ae9d795edae8d05afa86/element/f.99972AF7A4A37AB9389516F879C83B90.d.45D27D88E42DB6542E25F2A7CD116E73.e.5451/click - {}
RESULT: {}
COMMAND: GET /session/33495d3582e1ae9d795edae8d05afa86/screenshot - {}
COMMAND: POST /session/33495d3582e1ae9d795edae8d05afa86/element - {"using":"xpath","value":"//*[@id=\"backBtn\"]"}
RESULT: {}
RESULT: {"using":"xpath","value":"//*[@id=\"backBtn\"]"}
COMMAND: POST /session/33495d3582e1ae9d795edae8d05afa86/elements - {"using":"xpath","value":"//*[@id=\"backBtn\"]"}
RESULT: {"using":"xpath","value":"//*[@id=\"backBtn\"]"}
COMMAND: POST /session/33495d3582e1ae9d795edae8d05afa86/elements - {"using":"xpath","value":"//*[@id=\"backBtn\"]"}
RESULT: {"using":"xpath","value":"//*[@id=\"backBtn\"]"}
COMMAND: POST /session/33495d3582e1ae9d795edae8d05afa86/elements - {"using":"xpath","value":"//*[@id=\"backBtn\"]"}
RESULT: {"using":"xpath","value":"//*[@id=\"backBtn\"]"}
COMMAND: POST /session/33495d3582e1ae9d795edae8d05afa86/elements - {"using":"xpath","value":"//*[@id=\"backBtn\"]"}
RESULT: {"using":"xpath","value":"//*[@id=\"backBtn\"]"}
COMMAND: POST /session/33495d3582e1ae9d795edae8d05afa86/elements - {"using":"xpath","value":"//*[@id=\"backBtn\"]"}
RESULT: {"using":"xpath","value":"//*[@id=\"backBtn\"]"}
COMMAND: POST /session/33495d3582e1ae9d795edae8d05afa86/elements - {"using":"xpath","value":"//*[@id=\"backBtn\"]"}
RESULT: {"using":"xpath","value":"//*[@id=\"backBtn\"]"}
COMMAND: POST /session/33495d3582e1ae9d795edae8d05afa86/elements - {"using":"xpath","value":"//*[@id=\"backBtn\"]"}
RESULT: {"using":"xpath","value":"//*[@id=\"backBtn\"]"}
COMMAND: POST /session/33495d3582e1ae9d795edae8d05afa86/elements - {"using":"xpath","value":"//*[@id=\"backBtn\"]"}
RESULT: {"using":"xpath","value":"//*[@id=\"backBtn\"]"}
COMMAND: POST /session/33495d3582e1ae9d795edae8d05afa86/elements - {"using":"xpath","value":"//*[@id=\"backBtn\"]"}
RESULT: {"using":"xpath","value":"//*[@id=\"backBtn\"]"}
COMMAND: POST /session/33495d3582e1ae9d795edae8d05afa86/elements - {"using":"xpath","value":"//*[@id=\"backBtn\"]"}
RESULT: {"using":"xpath","value":"//*[@id=\"backBtn\"]"}
COMMAND: POST /session/33495d3582e1ae9d795edae8d05afa86/elements - {"using":"xpath","value":"//*[@id=\"backBtn\"]"}
RESULT: {"using":"xpath","value":"//*[@id=\"backBtn\"]"}
COMMAND: POST /session/33495d3582e1ae9d795edae8d05afa86/elements - {"using":"xpath","value":"//*[@id=\"backBtn\"]"}
RESULT: {"using":"xpath","value":"//*[@id=\"backBtn\"]"}
COMMAND: POST /session/33495d3582e1ae9d795edae8d05afa86/elements - {"using":"xpath","value":"//*[@id=\"backBtn\"]"}
RESULT: {"using":"xpath","value":"//*[@id=\"backBtn\"]"}
COMMAND: POST /session/33495d3582e1ae9d795edae8d05afa86/elements - {"using":"xpath","value":"//*[@id=\"backBtn\"]"}
RESULT: {"using":"xpath","value":"//*[@id=\"backBtn\"]"}
COMMAND: POST /session/33495d3582e1ae9d795edae8d05afa86/elements - {"using":"xpath","value":"//*[@id=\"backBtn\"]"}
RESULT: {"using":"xpath","value":"//*[@id=\"backBtn\"]"}
COMMAND: POST /session/33495d3582e1ae9d795edae8d05afa86/elements - {"using":"xpath","value":"//*[@id=\"backBtn\"]"}
RESULT: {"using":"xpath","value":"//*[@id=\"backBtn\"]"}
COMMAND: POST /session/33495d3582e1ae9d795edae8d05afa86/elements - {"using":"xpath","value":"//*[@id=\"backBtn\"]"}
RESULT: {"using":"xpath","value":"//*[@id=\"backBtn\"]"}
COMMAND: POST /session/33495d3582e1ae9d795edae8d05afa86/elements - {"using":"xpath","value":"//*[@id=\"backBtn\"]"}
RESULT: {"using":"xpath","value":"//*[@id=\"backBtn\"]"}
COMMAND: POST /session/33495d3582e1ae9d795edae8d05afa86/elements - {"using":"xpath","value":"//*[@id=\"backBtn\"]"}
RESULT: {"using":"xpath","value":"//*[@id=\"backBtn\"]"}
COMMAND: POST /session/33495d3582e1ae9d795edae8d05afa86/elements - {"using":"xpath","value":"//*[@id=\"backBtn\"]"}
RESULT: {"using":"xpath","value":"//*[@id=\"backBtn\"]"}
COMMAND: POST /session/33495d3582e1ae9d795edae8d05afa86/elements - {"using":"xpath","value":"//*[@id=\"backBtn\"]"}
RESULT: {"using":"xpath","value":"//*[@id=\"backBtn\"]"}
COMMAND: POST /session/33495d3582e1ae9d795edae8d05afa86/elements - {"using":"xpath","value":"//*[@id=\"backBtn\"]"}
RESULT: {"using":"xpath","value":"//*[@id=\"backBtn\"]"}
COMMAND: POST /session/33495d3582e1ae9d795edae8d05afa86/elements - {"using":"xpath","value":"//*[@id=\"backBtn\"]"}
RESULT: {"using":"xpath","value":"//*[@id=\"backBtn\"]"}
COMMAND: POST /session/33495d3582e1ae9d795edae8d05afa86/elements - {"using":"xpath","value":"//*[@id=\"backBtn\"]"}
RESULT: {"using":"xpath","value":"//*[@id=\"backBtn\"]"}
COMMAND: POST /session/33495d3582e1ae9d795edae8d05afa86/elements - {"using":"xpath","value":"//*[@id=\"backBtn\"]"}
RESULT: {"using":"xpath","value":"//*[@id=\"backBtn\"]"}
COMMAND: POST /session/33495d3582e1ae9d795edae8d05afa86/elements - {"using":"xpath","value":"//*[@id=\"backBtn\"]"}
RESULT: {"using":"xpath","value":"//*[@id=\"backBtn\"]"}
COMMAND: POST /session/33495d3582e1ae9d795edae8d05afa86/elements - {"using":"xpath","value":"//*[@id=\"backBtn\"]"}
RESULT: {"using":"xpath","value":"//*[@id=\"backBtn\"]"}
COMMAND: POST /session/33495d3582e1ae9d795edae8d05afa86/elements - {"using":"xpath","value":"//*[@id=\"backBtn\"]"}
RESULT: {"using":"xpath","value":"//*[@id=\"backBtn\"]"}
COMMAND: POST /session/33495d3582e1ae9d795edae8d05afa86/elements - {"using":"xpath","value":"//*[@id=\"backBtn\"]"}
RESULT: {"using":"xpath","value":"//*[@id=\"backBtn\"]"}
COMMAND: POST /session/33495d3582e1ae9d795edae8d05afa86/elements - {"using":"xpath","value":"//*[@id=\"backBtn\"]"}
RESULT: {"using":"xpath","value":"//*[@id=\"backBtn\"]"}
COMMAND: POST /session/33495d3582e1ae9d795edae8d05afa86/elements - {"using":"xpath","value":"//*[@id=\"backBtn\"]"}
RESULT: {"using":"xpath","value":"//*[@id=\"backBtn\"]"}
COMMAND: POST /session/33495d3582e1ae9d795edae8d05afa86/elements - {"using":"xpath","value":"//*[@id=\"backBtn\"]"}
RESULT: {"using":"xpath","value":"//*[@id=\"backBtn\"]"}
COMMAND: POST /session/33495d3582e1ae9d795edae8d05afa86/elements - {"using":"xpath","value":"//*[@id=\"backBtn\"]"}
RESULT: {"using":"xpath","value":"//*[@id=\"backBtn\"]"}
COMMAND: POST /session/33495d3582e1ae9d795edae8d05afa86/elements - {"using":"xpath","value":"//*[@id=\"backBtn\"]"}
RESULT: {"using":"xpath","value":"//*[@id=\"backBtn\"]"}
COMMAND: POST /session/33495d3582e1ae9d795edae8d05afa86/elements - {"using":"xpath","value":"//*[@id=\"backBtn\"]"}
RESULT: {"using":"xpath","value":"//*[@id=\"backBtn\"]"}
COMMAND: POST /session/33495d3582e1ae9d795edae8d05afa86/elements - {"using":"xpath","value":"//*[@id=\"backBtn\"]"}
RESULT: {"using":"xpath","value":"//*[@id=\"backBtn\"]"}
COMMAND: POST /session/33495d3582e1ae9d795edae8d05afa86/elements - {"using":"xpath","value":"//*[@id=\"backBtn\"]"}
RESULT: {"using":"xpath","value":"//*[@id=\"backBtn\"]"}
COMMAND: POST /session/33495d3582e1ae9d795edae8d05afa86/elements - {"using":"xpath","value":"//*[@id=\"backBtn\"]"}
RESULT: {"using":"xpath","value":"//*[@id=\"backBtn\"]"}
COMMAND: POST /session/33495d3582e1ae9d795edae8d05afa86/elements - {"using":"xpath","value":"//*[@id=\"backBtn\"]"}
RESULT: {"using":"xpath","value":"//*[@id=\"backBtn\"]"}
COMMAND: DELETE /session/33495d3582e1ae9d795edae8d05afa86 - {}
RESULT: {}
]]></system-out>
    </testcase>
  </testsuite>
</testsuites>