<?xml version="1.0" encoding="UTF-8"?>
<testsuites tests="7" failures="0" errors="0" skipped="0">
  <testsuite timestamp="2025-06-05T15:23:45" time="904.648" tests="7" failures="0" errors="0" skipped="0">
    <properties>
      <property name="specId" value="0" />
      <property name="suiteName" value="Related resources for groups US139107" />
      <property name="capabilities" value="chrome.137_0_7151_69.windows" />
      <property name="file" value="file:///D:/a/1/s/test/specs/R2C/related-resources-area-rpg.spec.js" />
    </properties>
    <testcase classname="chrome.137_0_7151_69.windows.Related_resources_for_groups_US139107" name="Should create a new yard" time="139.038">
      <system-out><![CDATA[
COMMAND: POST /session/fc8710269a386560706f3ec5ac47ed98/execute/async - {"script":"<script> [1562 bytes]","args":[{"selector":{"controlType":"sap.m.GenericTile","properties":{"header":"Manage Yards"}},"wdio_ui5_key":"sapm.GenericTile{\"header\":\"Manage Yards\"}"}]}
RESULT: {"script":"<script> [1562 bytes]","args":[{"selector":{"controlType":"sap.m.GenericTile","properties":{"header":"Manage Yards"}},"wdio_ui5_key":"sapm.GenericTile{\"header\":\"Manage Yards\"}"}]}
RESULT: undefined
COMMAND: POST /session/fc8710269a386560706f3ec5ac47ed98/element - {"using":"xpath","value":"//*[@id=\"__tile41\"]"}
RESULT: {"using":"xpath","value":"//*[@id=\"__tile41\"]"}
COMMAND: POST /session/fc8710269a386560706f3ec5ac47ed98/element/f.A415CF0DC7BF82C6485FB72A7DE5D8B2.d.03B79855F76302FE6A5CB5952C3BA4BB.e.125/click - {}
RESULT: {}
COMMAND: GET /session/fc8710269a386560706f3ec5ac47ed98/screenshot - {}
RESULT: {}
COMMAND: POST /session/fc8710269a386560706f3ec5ac47ed98/elements - {"using":"xpath","value":"//span[text()='Error']"}
RESULT: {"using":"xpath","value":"//span[text()='Error']"}
COMMAND: POST /session/fc8710269a386560706f3ec5ac47ed98/execute/async - {"script":"<script> [1562 bytes]","args":[{"selector":{"controlType":"sap.ui.core.Icon","viewName":"etm.portal.ui.manageyards.view.Master","viewId":"application-manageyards-display-component---masterYard","properties":{"src":{"regex":{"source":"add"}}}},"wdio_ui5_key":"etmportal.ui.manageyards.view.Mastersap.ui.core.Icon{\"src\":{\"regex\":{\"source\":\"add\"}}}"}]}
RESULT: {"script":"<script> [1562 bytes]","args":[{"selector":{"controlType":"sap.ui.core.Icon","viewName":"etm.portal.ui.manageyards.view.Master","viewId":"application-manageyards-display-component---masterYard","properties":{"src":{"regex":{"source":"add"}}}},"wdio_ui5_key":"etmportal.ui.manageyards.view.Mastersap.ui.core.Icon{\"src\":{\"regex\":{\"source\":\"add\"}}}"}]}
RESULT: undefined
COMMAND: POST /session/fc8710269a386560706f3ec5ac47ed98/element - {"using":"xpath","value":"//*[@id=\"__button4-img\"]"}
RESULT: {"using":"xpath","value":"//*[@id=\"__button4-img\"]"}
COMMAND: POST /session/fc8710269a386560706f3ec5ac47ed98/element/f.A415CF0DC7BF82C6485FB72A7DE5D8B2.d.03B79855F76302FE6A5CB5952C3BA4BB.e.173/click - {}
RESULT: {}
COMMAND: GET /session/fc8710269a386560706f3ec5ac47ed98/screenshot - {}
RESULT: {}
COMMAND: POST /session/fc8710269a386560706f3ec5ac47ed98/execute/async - {"script":"<script> [1562 bytes]","args":[{"selector":{"id":"application-manageyards-display-component---NewYard--yardId","interaction":{"idSuffix":"inner"}},"wdio_ui5_key":"applicationmanageyards-display-component---NewYard--yardId"}]}
RESULT: {"script":"<script> [1562 bytes]","args":[{"selector":{"id":"application-manageyards-display-component---NewYard--yardId","interaction":{"idSuffix":"inner"}},"wdio_ui5_key":"applicationmanageyards-display-component---NewYard--yardId"}]}
RESULT: undefined
COMMAND: POST /session/fc8710269a386560706f3ec5ac47ed98/element - {"using":"xpath","value":"//*[@id=\"application-manageyards-display-component---NewYard--addressDetailDetailsName1-inner\"]"}
RESULT: {"using":"xpath","value":"//*[@id=\"application-manageyards-display-component---NewYard--addressDetailDetailsName1-inner\"]"}
COMMAND: POST /session/fc8710269a386560706f3ec5ac47ed98/element/f.A415CF0DC7BF82C6485FB72A7DE5D8B2.d.03B79855F76302FE6A5CB5952C3BA4BB.e.386/clear - {}
RESULT: {}
COMMAND: POST /session/fc8710269a386560706f3ec5ac47ed98/element/f.A415CF0DC7BF82C6485FB72A7DE5D8B2.d.03B79855F76302FE6A5CB5952C3BA4BB.e.386/value - {"text":"WebdriverYardx2p2o"}
COMMAND: GET /session/fc8710269a386560706f3ec5ac47ed98/screenshot - {}
RESULT: {"text":"WebdriverYardx2p2o"}
COMMAND: POST /session/fc8710269a386560706f3ec5ac47ed98/element - {"using":"xpath","value":"//*[@id=\"application-manageyards-display-component---NewYard--addressDetailDetailsLanguage-inner\"]"}
COMMAND: GET /session/fc8710269a386560706f3ec5ac47ed98/screenshot - {}
RESULT: {}
RESULT: {"using":"xpath","value":"//*[@id=\"application-manageyards-display-component---NewYard--addressDetailDetailsLanguage-inner\"]"}
COMMAND: POST /session/fc8710269a386560706f3ec5ac47ed98/element/f.A415CF0DC7BF82C6485FB72A7DE5D8B2.d.03B79855F76302FE6A5CB5952C3BA4BB.e.387/clear - {}
RESULT: {}
RESULT: {}
COMMAND: POST /session/fc8710269a386560706f3ec5ac47ed98/element/f.A415CF0DC7BF82C6485FB72A7DE5D8B2.d.03B79855F76302FE6A5CB5952C3BA4BB.e.387/value - {"text":"Romanian"}
COMMAND: GET /session/fc8710269a386560706f3ec5ac47ed98/screenshot - {}
RESULT: {"text":"Romanian"}
COMMAND: POST /session/fc8710269a386560706f3ec5ac47ed98/element - {"using":"xpath","value":"//input[contains(@id ,\"application-manageyards-display-component---NewYard--addressDetailDetailsName1-inner\")]"}
COMMAND: GET /session/fc8710269a386560706f3ec5ac47ed98/screenshot - {}
RESULT: {}
RESULT: {"using":"xpath","value":"//input[contains(@id ,\"application-manageyards-display-component---NewYard--addressDetailDetailsName1-inner\")]"}
COMMAND: GET /session/fc8710269a386560706f3ec5ac47ed98/element/f.A415CF0DC7BF82C6485FB72A7DE5D8B2.d.03B79855F76302FE6A5CB5952C3BA4BB.e.386/property/value - {}
RESULT: {}
RESULT: {}
COMMAND: GET /session/fc8710269a386560706f3ec5ac47ed98/screenshot - {}
RESULT: {}
COMMAND: POST /session/fc8710269a386560706f3ec5ac47ed98/element - {"using":"xpath","value":"//*[@id=\"application-manageyards-display-component---NewYard--addressDetailDetailsCity1-inner\"]"}
RESULT: {"using":"xpath","value":"//*[@id=\"application-manageyards-display-component---NewYard--addressDetailDetailsCity1-inner\"]"}
COMMAND: POST /session/fc8710269a386560706f3ec5ac47ed98/element/f.A415CF0DC7BF82C6485FB72A7DE5D8B2.d.03B79855F76302FE6A5CB5952C3BA4BB.e.389/clear - {}
RESULT: {}
COMMAND: POST /session/fc8710269a386560706f3ec5ac47ed98/element/f.A415CF0DC7BF82C6485FB72A7DE5D8B2.d.03B79855F76302FE6A5CB5952C3BA4BB.e.389/value - {"text":"Bucuresti"}
COMMAND: GET /session/fc8710269a386560706f3ec5ac47ed98/screenshot - {}
RESULT: {"text":"Bucuresti"}
COMMAND: GET /session/fc8710269a386560706f3ec5ac47ed98/screenshot - {}
RESULT: {}
RESULT: {}
COMMAND: POST /session/fc8710269a386560706f3ec5ac47ed98/element - {"using":"xpath","value":"//*[@id=\"application-manageyards-display-component---NewYard--addressDetailDetailsCountry-inner\"]"}
RESULT: {"using":"xpath","value":"//*[@id=\"application-manageyards-display-component---NewYard--addressDetailDetailsCountry-inner\"]"}
COMMAND: POST /session/fc8710269a386560706f3ec5ac47ed98/element/f.A415CF0DC7BF82C6485FB72A7DE5D8B2.d.03B79855F76302FE6A5CB5952C3BA4BB.e.393/clear - {}
RESULT: {}
COMMAND: POST /session/fc8710269a386560706f3ec5ac47ed98/element/f.A415CF0DC7BF82C6485FB72A7DE5D8B2.d.03B79855F76302FE6A5CB5952C3BA4BB.e.393/value - {"text":"Romania"}
COMMAND: GET /session/fc8710269a386560706f3ec5ac47ed98/screenshot - {}
RESULT: {}
RESULT: {"text":"Romania"}
COMMAND: GET /session/fc8710269a386560706f3ec5ac47ed98/screenshot - {}
RESULT: {}
COMMAND: POST /session/fc8710269a386560706f3ec5ac47ed98/element - {"using":"xpath","value":"//div[contains(text(), \"Commercial\")]"}
RESULT: {"using":"xpath","value":"//div[contains(text(), \"Commercial\")]"}
COMMAND: GET /session/fc8710269a386560706f3ec5ac47ed98/element/f.A415CF0DC7BF82C6485FB72A7DE5D8B2.d.03B79855F76302FE6A5CB5952C3BA4BB.e.580/rect - {}
RESULT: {}
COMMAND: GET /session/fc8710269a386560706f3ec5ac47ed98/window/rect - {}
RESULT: {}
COMMAND: POST /session/fc8710269a386560706f3ec5ac47ed98/execute/sync - {"script":"<script> [92 bytes]","args":[]}
RESULT: {"script":"<script> [92 bytes]","args":[]}
COMMAND: POST /session/fc8710269a386560706f3ec5ac47ed98/actions - {"actions":[{"id":"action1","type":"wheel","parameters":{},"actions":[{"type":"scroll","x":-1841,"y":-44,"deltaX":0,"deltaY":0,"duration":0,"origin":{"element-6066-11e4-a52e-4f735466cecf":"f.A415CF0DC7BF82C6485FB72A7DE5D8B2.d.03B79855F76302FE6A5CB5952C3BA4BB.e.580"}}]}]}
COMMAND: GET /session/fc8710269a386560706f3ec5ac47ed98/screenshot - {}
RESULT: {}
COMMAND: POST /session/fc8710269a386560706f3ec5ac47ed98/execute/sync - {"script":"<script> [79 bytes]","args":[{"element-6066-11e4-a52e-4f735466cecf":"f.A415CF0DC7BF82C6485FB72A7DE5D8B2.d.03B79855F76302FE6A5CB5952C3BA4BB.e.580","ELEMENT":"f.A415CF0DC7BF82C6485FB72A7DE5D8B2.d.03B79855F76302FE6A5CB5952C3BA4BB.e.580"},{"block":"start","inline":"nearest"}]}
RESULT: {"script":"<script> [79 bytes]","args":[{"element-6066-11e4-a52e-4f735466cecf":"f.A415CF0DC7BF82C6485FB72A7DE5D8B2.d.03B79855F76302FE6A5CB5952C3BA4BB.e.580","ELEMENT":"f.A415CF0DC7BF82C6485FB72A7DE5D8B2.d.03B79855F76302FE6A5CB5952C3BA4BB.e.580"},{"block":"start","inline":"nearest"}]}
COMMAND: GET /session/fc8710269a386560706f3ec5ac47ed98/screenshot - {}
RESULT: {}
COMMAND: POST /session/fc8710269a386560706f3ec5ac47ed98/execute/async - {"script":"<script> [1562 bytes]","args":[{"selector":{"id":"application-manageyards-display-component---NewYard--addressEditDetailsCostObjectCstType-arrow"},"wdio_ui5_key":"applicationmanageyards-display-component---NewYard--addressEditDetailsCostObjectCstType-arrow"}]}
RESULT: {"script":"<script> [1562 bytes]","args":[{"selector":{"id":"application-manageyards-display-component---NewYard--addressEditDetailsCostObjectCstType-arrow"},"wdio_ui5_key":"applicationmanageyards-display-component---NewYard--addressEditDetailsCostObjectCstType-arrow"}]}
RESULT: undefined
COMMAND: POST /session/fc8710269a386560706f3ec5ac47ed98/element - {"using":"xpath","value":"//*[@id=\"application-manageyards-display-component---NewYard--addressEditDetailsCostObjectCstType-arrow\"]"}
RESULT: {"using":"xpath","value":"//*[@id=\"application-manageyards-display-component---NewYard--addressEditDetailsCostObjectCstType-arrow\"]"}
COMMAND: POST /session/fc8710269a386560706f3ec5ac47ed98/element/f.A415CF0DC7BF82C6485FB72A7DE5D8B2.d.03B79855F76302FE6A5CB5952C3BA4BB.e.589/click - {}
RESULT: {}
COMMAND: POST /session/fc8710269a386560706f3ec5ac47ed98/element - {"using":"xpath","value":"//span[contains(text(), \"Cost Center\")]"}
COMMAND: GET /session/fc8710269a386560706f3ec5ac47ed98/screenshot - {}
RESULT: {"using":"xpath","value":"//span[contains(text(), \"Cost Center\")]"}
COMMAND: POST /session/fc8710269a386560706f3ec5ac47ed98/element/f.A415CF0DC7BF82C6485FB72A7DE5D8B2.d.03B79855F76302FE6A5CB5952C3BA4BB.e.590/click - {}
RESULT: {}
RESULT: {}
COMMAND: GET /session/fc8710269a386560706f3ec5ac47ed98/screenshot - {}
RESULT: {}
COMMAND: POST /session/fc8710269a386560706f3ec5ac47ed98/execute/async - {"script":"<script> [1562 bytes]","args":[{"selector":{"id":"application-manageyards-display-component---NewYard--addressNewCostObjectCstID-vhi"},"wdio_ui5_key":"applicationmanageyards-display-component---NewYard--addressNewCostObjectCstID-vhi"}]}
RESULT: {"script":"<script> [1562 bytes]","args":[{"selector":{"id":"application-manageyards-display-component---NewYard--addressNewCostObjectCstID-vhi"},"wdio_ui5_key":"applicationmanageyards-display-component---NewYard--addressNewCostObjectCstID-vhi"}]}
RESULT: undefined
COMMAND: POST /session/fc8710269a386560706f3ec5ac47ed98/element - {"using":"xpath","value":"//*[@id=\"application-manageyards-display-component---NewYard--addressNewCostObjectCstID-vhi\"]"}
RESULT: {"using":"xpath","value":"//*[@id=\"application-manageyards-display-component---NewYard--addressNewCostObjectCstID-vhi\"]"}
COMMAND: POST /session/fc8710269a386560706f3ec5ac47ed98/element/f.A415CF0DC7BF82C6485FB72A7DE5D8B2.d.03B79855F76302FE6A5CB5952C3BA4BB.e.594/click - {}
RESULT: {}
COMMAND: GET /session/fc8710269a386560706f3ec5ac47ed98/screenshot - {}
RESULT: {}
COMMAND: POST /session/fc8710269a386560706f3ec5ac47ed98/execute/async - {"script":"<script> [1562 bytes]","args":[{"selector":{"controlType":"sap.m.SearchField","properties":{"placeholder":"Search"},"searchOpenDialogs":true,"interaction":{"idSuffix":"I"}},"wdio_ui5_key":"sapm.SearchField{\"placeholder\":\"Search\"}"}]}
RESULT: {"script":"<script> [1562 bytes]","args":[{"selector":{"controlType":"sap.m.SearchField","properties":{"placeholder":"Search"},"searchOpenDialogs":true,"interaction":{"idSuffix":"I"}},"wdio_ui5_key":"sapm.SearchField{\"placeholder\":\"Search\"}"}]}
RESULT: undefined
COMMAND: POST /session/fc8710269a386560706f3ec5ac47ed98/execute/async - {"script":"<script> [776 bytes]","args":[{"enterText":"10001013","selector":{"controlType":"sap.m.SearchField","properties":{"placeholder":"Search"},"searchOpenDialogs":true,"interaction":{"idSuffix":"I"}},"clearTextFirst":true,"interactionType":"ENTER_TEXT"}]}
RESULT: {"script":"<script> [776 bytes]","args":[{"enterText":"10001013","selector":{"controlType":"sap.m.SearchField","properties":{"placeholder":"Search"},"searchOpenDialogs":true,"interaction":{"idSuffix":"I"}},"clearTextFirst":true,"interactionType":"ENTER_TEXT"}]}
COMMAND: POST /session/fc8710269a386560706f3ec5ac47ed98/actions - {"actions":[{"id":"action2","type":"key","parameters":{},"actions":[{"type":"keyDown","value":"î€‡"},{"type":"pause","duration":10},{"type":"keyUp","value":"î€‡"}]}]}
RESULT: {"actions":[{"id":"action2","type":"key","parameters":{},"actions":[{"type":"keyDown","value":"î€‡"},{"type":"pause","duration":10},{"type":"keyUp","value":"î€‡"}]}]}
COMMAND: GET /session/fc8710269a386560706f3ec5ac47ed98/screenshot - {}
RESULT: {}
COMMAND: POST /session/fc8710269a386560706f3ec5ac47ed98/element - {"using":"xpath","value":"//span[contains(text(), \"General Management\")]"}
RESULT: {"using":"xpath","value":"//span[contains(text(), \"General Management\")]"}
COMMAND: POST /session/fc8710269a386560706f3ec5ac47ed98/element/f.A415CF0DC7BF82C6485FB72A7DE5D8B2.d.03B79855F76302FE6A5CB5952C3BA4BB.e.635/click - {}
RESULT: {}
COMMAND: GET /session/fc8710269a386560706f3ec5ac47ed98/screenshot - {}
RESULT: {}
COMMAND: POST /session/fc8710269a386560706f3ec5ac47ed98/element - {"using":"xpath","value":"//bdi[contains(text(), \"OK\")]"}
RESULT: {"using":"xpath","value":"//bdi[contains(text(), \"OK\")]"}
COMMAND: POST /session/fc8710269a386560706f3ec5ac47ed98/element/f.A415CF0DC7BF82C6485FB72A7DE5D8B2.d.03B79855F76302FE6A5CB5952C3BA4BB.e.636/click - {}
RESULT: {}
COMMAND: GET /session/fc8710269a386560706f3ec5ac47ed98/screenshot - {}
RESULT: {}
COMMAND: POST /session/fc8710269a386560706f3ec5ac47ed98/execute/async - {"script":"<script> [1562 bytes]","args":[{"selector":{"controlType":"sap.m.Button","viewName":"etm.portal.ui.manageyards.view.New","viewId":"application-manageyards-display-component---NewYard","i18NText":{"propertyName":"text","key":"save"},"interaction":{"idSuffix":"inner"}},"wdio_ui5_key":"etmportal.ui.manageyards.view.Newsap.m.Button{\"propertyName\":\"text\",\"key\":\"save\"}"}]}
RESULT: {"script":"<script> [1562 bytes]","args":[{"selector":{"controlType":"sap.m.Button","viewName":"etm.portal.ui.manageyards.view.New","viewId":"application-manageyards-display-component---NewYard","i18NText":{"propertyName":"text","key":"save"},"interaction":{"idSuffix":"inner"}},"wdio_ui5_key":"etmportal.ui.manageyards.view.Newsap.m.Button{\"propertyName\":\"text\",\"key\":\"save\"}"}]}
RESULT: undefined
COMMAND: POST /session/fc8710269a386560706f3ec5ac47ed98/element - {"using":"xpath","value":"//*[@id=\"__button18\"]"}
RESULT: {"using":"xpath","value":"//*[@id=\"__button18\"]"}
COMMAND: POST /session/fc8710269a386560706f3ec5ac47ed98/element/f.A415CF0DC7BF82C6485FB72A7DE5D8B2.d.03B79855F76302FE6A5CB5952C3BA4BB.e.560/click - {}
RESULT: {}
COMMAND: GET /session/fc8710269a386560706f3ec5ac47ed98/screenshot - {}
RESULT: {}
COMMAND: POST /session/fc8710269a386560706f3ec5ac47ed98/element - {"using":"xpath","value":"//header/div/div[2]/div[2]/span"}
RESULT: {"using":"xpath","value":"//header/div/div[2]/div[2]/span"}
COMMAND: GET /session/fc8710269a386560706f3ec5ac47ed98/element/f.A415CF0DC7BF82C6485FB72A7DE5D8B2.d.03B79855F76302FE6A5CB5952C3BA4BB.e.833/text - {}
RESULT: {}
COMMAND: POST /session/fc8710269a386560706f3ec5ac47ed98/execute/async - {"script":"<script> [1562 bytes]","args":[{"selector":{"controlType":"sap.m.OverflowToolbarButton","viewName":"etm.portal.ui.manageyards.view.Detail","viewId":"application-manageyards-display-component---detailYard","i18NText":{"propertyName":"tooltip","key":"closeColumn"},"interaction":{"idSuffix":"inner"}},"wdio_ui5_key":"etmportal.ui.manageyards.view.Detailsap.m.OverflowToolbarButton{\"propertyName\":\"tooltip\",\"key\":\"closeColumn\"}"}]}
RESULT: {"script":"<script> [1562 bytes]","args":[{"selector":{"controlType":"sap.m.OverflowToolbarButton","viewName":"etm.portal.ui.manageyards.view.Detail","viewId":"application-manageyards-display-component---detailYard","i18NText":{"propertyName":"tooltip","key":"closeColumn"},"interaction":{"idSuffix":"inner"}},"wdio_ui5_key":"etmportal.ui.manageyards.view.Detailsap.m.OverflowToolbarButton{\"propertyName\":\"tooltip\",\"key\":\"closeColumn\"}"}]}
RESULT: undefined
COMMAND: POST /session/fc8710269a386560706f3ec5ac47ed98/element - {"using":"xpath","value":"//*[@id=\"__button42\"]"}
RESULT: {"using":"xpath","value":"//*[@id=\"__button42\"]"}
COMMAND: POST /session/fc8710269a386560706f3ec5ac47ed98/element/f.A415CF0DC7BF82C6485FB72A7DE5D8B2.d.03B79855F76302FE6A5CB5952C3BA4BB.e.835/click - {}
RESULT: {}
COMMAND: GET /session/fc8710269a386560706f3ec5ac47ed98/screenshot - {}
RESULT: {}
COMMAND: POST /session/fc8710269a386560706f3ec5ac47ed98/element - {"using":"css selector","value":"#shell-header-logo"}
RESULT: {"using":"css selector","value":"#shell-header-logo"}
COMMAND: POST /session/fc8710269a386560706f3ec5ac47ed98/element/f.A415CF0DC7BF82C6485FB72A7DE5D8B2.d.03B79855F76302FE6A5CB5952C3BA4BB.e.128/click - {}
RESULT: {}
COMMAND: GET /session/fc8710269a386560706f3ec5ac47ed98/screenshot - {}
RESULT: {}
COMMAND: POST /session/fc8710269a386560706f3ec5ac47ed98/refresh - {}
RESULT: {}
COMMAND: GET /session/fc8710269a386560706f3ec5ac47ed98/screenshot - {}
RESULT: {}
COMMAND: POST /session/fc8710269a386560706f3ec5ac47ed98/execute/async - {"script":"<script> [189 bytes]","args":[]}
RESULT: {"script":"<script> [189 bytes]","args":[]}
COMMAND: POST /session/fc8710269a386560706f3ec5ac47ed98/execute/async - {"script":"<script> [123 bytes]","args":[]}
RESULT: {"script":"<script> [123 bytes]","args":[]}
COMMAND: POST /session/fc8710269a386560706f3ec5ac47ed98/timeouts - {"script":"<number>"}
RESULT: {"script":"<number>"}
COMMAND: GET /session/fc8710269a386560706f3ec5ac47ed98/timeouts - {}
RESULT: {}
RESULT: undefined
COMMAND: POST /session/fc8710269a386560706f3ec5ac47ed98/execute/async - {"script":"<script> [2676 bytes]","args":[]}
RESULT: {"script":"<script> [2676 bytes]","args":[]}
COMMAND: POST /session/fc8710269a386560706f3ec5ac47ed98/execute/async - {"script":"<script> [2342 bytes]","args":[{"protocol":"http","hostname":"0.0.0.0","path":"/","capabilities":{"browserName":"chrome","goog:chromeOptions":{"binary":"C:\\Program Files\\Google\\Chrome\\Application\\chrome.exe","args":["--start-maximized"]}},"logLevel":"warn","connectionRetryTimeout":120000,"connectionRetryCount":3,"logLevels":{},"enableDirectConnect":true,"strictSSL":true,"_":"65 more keys: [\"cacheDir\",\"port\",\"requestedCapabilities\",\"automationProtocol\",\"baseUrl\",\"waitforInterval\",\"waitforTimeout\",\"onReload\",\"beforeCommand\",\"afterCommand\",\"rootDir\",\"specs\",\"suites\",\"exclude\",\"groupLogsByTestSpec\",\"excludeDriverLogs\",\"bail\",\"framework\",\"reporters\",\"services\",\"maxInstances\",\"maxInstancesPerCapability\",\"injectGlobals\",\"filesToWatch\",\"execArgv\",\"runnerEnv\",\"runner\",\"shard\",\"specFileRetries\",\"specFileRetriesDelay\",\"specFileRetriesDeferred\",\"reporterSyncInterval\",\"reporterSyncTimeout\",\"cucumberFeaturesWithLineNumbers\",\"autoCompileOpts\",\"mochaOpts\",\"jasmineOpts\",\"cucumberOpts\",\"onPrepare\",\"onWorkerStart\",\"onWorkerEnd\",\"before\",\"beforeSession\",\"beforeSuite\",\"beforeHook\",\"beforeTest\",\"afterTest\",\"afterHook\",\"afterSuite\",\"afterSession\",\"after\",\"onComplete\",\"beforeAssertion\",\"afterAssertion\",\"beforeFeature\",\"beforeScenario\",\"beforeStep\",\"afterStep\",\"afterScenario\",\"afterFeature\",\"_\",\"suite\",\"$0\",\"ignoredWorkerServices\",\"wdi5\"]"}]}
RESULT: {"script":"<script> [2342 bytes]","args":[{"protocol":"http","hostname":"0.0.0.0","path":"/","capabilities":{"browserName":"chrome","goog:chromeOptions":{"binary":"C:\\Program Files\\Google\\Chrome\\Application\\chrome.exe","args":["--start-maximized"]}},"logLevel":"warn","connectionRetryTimeout":120000,"connectionRetryCount":3,"logLevels":{},"enableDirectConnect":true,"strictSSL":true,"_":"65 more keys: [\"cacheDir\",\"port\",\"requestedCapabilities\",\"automationProtocol\",\"baseUrl\",\"waitforInterval\",\"waitforTimeout\",\"onReload\",\"beforeCommand\",\"afterCommand\",\"rootDir\",\"specs\",\"suites\",\"exclude\",\"groupLogsByTestSpec\",\"excludeDriverLogs\",\"bail\",\"framework\",\"reporters\",\"services\",\"maxInstances\",\"maxInstancesPerCapability\",\"injectGlobals\",\"filesToWatch\",\"execArgv\",\"runnerEnv\",\"runner\",\"shard\",\"specFileRetries\",\"specFileRetriesDelay\",\"specFileRetriesDeferred\",\"reporterSyncInterval\",\"reporterSyncTimeout\",\"cucumberFeaturesWithLineNumbers\",\"autoCompileOpts\",\"mochaOpts\",\"jasmineOpts\",\"cucumberOpts\",\"onPrepare\",\"onWorkerStart\",\"onWorkerEnd\",\"before\",\"beforeSession\",\"beforeSuite\",\"beforeHook\",\"beforeTest\",\"afterTest\",\"afterHook\",\"afterSuite\",\"afterSession\",\"after\",\"onComplete\",\"beforeAssertion\",\"afterAssertion\",\"beforeFeature\",\"beforeScenario\",\"beforeStep\",\"afterStep\",\"afterScenario\",\"afterFeature\",\"_\",\"suite\",\"$0\",\"ignoredWorkerServices\",\"wdi5\"]"}]}
COMMAND: POST /session/fc8710269a386560706f3ec5ac47ed98/execute/async - {"script":"<script> [21126 bytes]","args":[35000]}
RESULT: {"script":"<script> [21126 bytes]","args":[35000]}
]]></system-out>
    </testcase>
    <testcase classname="chrome.137_0_7151_69.windows.Related_resources_for_groups_US139107" name="Should create a resource of type group" time="103.205">
      <system-out><![CDATA[
COMMAND: POST /session/fc8710269a386560706f3ec5ac47ed98/execute/async - {"script":"<script> [1562 bytes]","args":[{"selector":{"controlType":"sap.m.GenericTile","properties":{"header":"Manage Resources"}},"wdio_ui5_key":"sapm.GenericTile{\"header\":\"Manage Resources\"}"}]}
RESULT: {"script":"<script> [1562 bytes]","args":[{"selector":{"controlType":"sap.m.GenericTile","properties":{"header":"Manage Resources"}},"wdio_ui5_key":"sapm.GenericTile{\"header\":\"Manage Resources\"}"}]}
RESULT: undefined
COMMAND: POST /session/fc8710269a386560706f3ec5ac47ed98/element - {"using":"xpath","value":"//*[@id=\"__tile39\"]"}
RESULT: {"using":"xpath","value":"//*[@id=\"__tile39\"]"}
COMMAND: POST /session/fc8710269a386560706f3ec5ac47ed98/element/f.A415CF0DC7BF82C6485FB72A7DE5D8B2.d.0F078B6D31CA8F404769C2681CE5B42D.e.1189/click - {}
RESULT: {}
COMMAND: GET /session/fc8710269a386560706f3ec5ac47ed98/screenshot - {}
RESULT: {}
COMMAND: POST /session/fc8710269a386560706f3ec5ac47ed98/elements - {"using":"xpath","value":"//span[text()='Error']"}
RESULT: {"using":"xpath","value":"//span[text()='Error']"}
COMMAND: POST /session/fc8710269a386560706f3ec5ac47ed98/element - {"using":"xpath","value":"//button[@data-kt=\"addNewRUOverflowToolbarButton\"]"}
RESULT: {"using":"xpath","value":"//button[@data-kt=\"addNewRUOverflowToolbarButton\"]"}
COMMAND: POST /session/fc8710269a386560706f3ec5ac47ed98/execute/sync - {"script":"<script> [8489 bytes]","args":[{"element-6066-11e4-a52e-4f735466cecf":"f.A415CF0DC7BF82C6485FB72A7DE5D8B2.d.0F078B6D31CA8F404769C2681CE5B42D.e.1233","ELEMENT":"f.A415CF0DC7BF82C6485FB72A7DE5D8B2.d.0F078B6D31CA8F404769C2681CE5B42D.e.1233"}]}
RESULT: {"script":"<script> [8489 bytes]","args":[{"element-6066-11e4-a52e-4f735466cecf":"f.A415CF0DC7BF82C6485FB72A7DE5D8B2.d.0F078B6D31CA8F404769C2681CE5B42D.e.1233","ELEMENT":"f.A415CF0DC7BF82C6485FB72A7DE5D8B2.d.0F078B6D31CA8F404769C2681CE5B42D.e.1233"}]}
COMMAND: POST /session/fc8710269a386560706f3ec5ac47ed98/element/f.A415CF0DC7BF82C6485FB72A7DE5D8B2.d.0F078B6D31CA8F404769C2681CE5B42D.e.1233/click - {}
COMMAND: GET /session/fc8710269a386560706f3ec5ac47ed98/screenshot - {}
RESULT: {}
COMMAND: GET /session/fc8710269a386560706f3ec5ac47ed98/screenshot - {}
COMMAND: POST /session/fc8710269a386560706f3ec5ac47ed98/execute/async - {"script":"<script> [1562 bytes]","args":[{"selector":{"id":"application-manageresources-display-component---newResourceUnit--TYPE-arrow"},"wdio_ui5_key":"applicationmanageresources-display-component---newResourceUnit--TYPE-arrow"}]}
RESULT: {}
RESULT: {}
RESULT: {"script":"<script> [1562 bytes]","args":[{"selector":{"id":"application-manageresources-display-component---newResourceUnit--TYPE-arrow"},"wdio_ui5_key":"applicationmanageresources-display-component---newResourceUnit--TYPE-arrow"}]}
RESULT: undefined
COMMAND: POST /session/fc8710269a386560706f3ec5ac47ed98/element - {"using":"xpath","value":"//*[@id=\"application-manageresources-display-component---newResourceUnit--TYPE-arrow\"]"}
RESULT: {"using":"xpath","value":"//*[@id=\"application-manageresources-display-component---newResourceUnit--TYPE-arrow\"]"}
COMMAND: POST /session/fc8710269a386560706f3ec5ac47ed98/element/f.A415CF0DC7BF82C6485FB72A7DE5D8B2.d.0F078B6D31CA8F404769C2681CE5B42D.e.1544/click - {}
RESULT: {}
COMMAND: POST /session/fc8710269a386560706f3ec5ac47ed98/execute/async - {"script":"<script> [1562 bytes]","args":[{"selector":{"controlType":"sap.m.StandardListItem","viewName":"reusables.view.manageresources.NewResourceUnit","viewId":"application-manageresources-display-component---newResourceUnit","properties":{"title":"Group"},"searchOpenDialogs":true,"interaction":{"idSuffix":"content"}},"wdio_ui5_key":"reusablesview.manageresources.NewResourceUnitsap.m.StandardListItem{\"title\":\"Group\"}"}]}
COMMAND: GET /session/fc8710269a386560706f3ec5ac47ed98/screenshot - {}
RESULT: {"script":"<script> [1562 bytes]","args":[{"selector":{"controlType":"sap.m.StandardListItem","viewName":"reusables.view.manageresources.NewResourceUnit","viewId":"application-manageresources-display-component---newResourceUnit","properties":{"title":"Group"},"searchOpenDialogs":true,"interaction":{"idSuffix":"content"}},"wdio_ui5_key":"reusablesview.manageresources.NewResourceUnitsap.m.StandardListItem{\"title\":\"Group\"}"}]}
RESULT: undefined
COMMAND: POST /session/fc8710269a386560706f3ec5ac47ed98/element - {"using":"xpath","value":"//*[@id=\"__item154\"]"}
RESULT: {}
RESULT: {"using":"xpath","value":"//*[@id=\"__item154\"]"}
COMMAND: POST /session/fc8710269a386560706f3ec5ac47ed98/element/f.A415CF0DC7BF82C6485FB72A7DE5D8B2.d.0F078B6D31CA8F404769C2681CE5B42D.e.1547/click - {}
RESULT: {}
COMMAND: GET /session/fc8710269a386560706f3ec5ac47ed98/screenshot - {}
RESULT: {}
COMMAND: POST /session/fc8710269a386560706f3ec5ac47ed98/execute/async - {"script":"<script> [1562 bytes]","args":[{"selector":{"id":"application-manageresources-display-component---newResourceUnit--SHORT_TEXT","interaction":{"idSuffix":"inner"}},"wdio_ui5_key":"applicationmanageresources-display-component---newResourceUnit--SHORT_TEXT"}]}
RESULT: {"script":"<script> [1562 bytes]","args":[{"selector":{"id":"application-manageresources-display-component---newResourceUnit--SHORT_TEXT","interaction":{"idSuffix":"inner"}},"wdio_ui5_key":"applicationmanageresources-display-component---newResourceUnit--SHORT_TEXT"}]}
RESULT: undefined
COMMAND: POST /session/fc8710269a386560706f3ec5ac47ed98/execute/async - {"script":"<script> [776 bytes]","args":[{"enterText":"WdIORUGroupnnk9r","selector":{"id":"application-manageresources-display-component---newResourceUnit--SHORT_TEXT","interaction":{"idSuffix":"inner"}},"clearTextFirst":true,"interactionType":"ENTER_TEXT"}]}
RESULT: {"script":"<script> [776 bytes]","args":[{"enterText":"WdIORUGroupnnk9r","selector":{"id":"application-manageresources-display-component---newResourceUnit--SHORT_TEXT","interaction":{"idSuffix":"inner"}},"clearTextFirst":true,"interactionType":"ENTER_TEXT"}]}
COMMAND: POST /session/fc8710269a386560706f3ec5ac47ed98/execute/async - {"script":"<script> [1562 bytes]","args":[{"selector":{"id":"application-manageresources-display-component---newResourceUnit--BASE_UNIT_OF_MEASURE","interaction":{"idSuffix":"inner"}},"wdio_ui5_key":"applicationmanageresources-display-component---newResourceUnit--BASE_UNIT_OF_MEASURE"}]}
RESULT: {"script":"<script> [1562 bytes]","args":[{"selector":{"id":"application-manageresources-display-component---newResourceUnit--BASE_UNIT_OF_MEASURE","interaction":{"idSuffix":"inner"}},"wdio_ui5_key":"applicationmanageresources-display-component---newResourceUnit--BASE_UNIT_OF_MEASURE"}]}
RESULT: undefined
COMMAND: POST /session/fc8710269a386560706f3ec5ac47ed98/execute/async - {"script":"<script> [776 bytes]","args":[{"enterText":"Piece","selector":{"id":"application-manageresources-display-component---newResourceUnit--BASE_UNIT_OF_MEASURE","interaction":{"idSuffix":"inner"}},"clearTextFirst":true,"interactionType":"ENTER_TEXT"}]}
RESULT: {"script":"<script> [776 bytes]","args":[{"enterText":"Piece","selector":{"id":"application-manageresources-display-component---newResourceUnit--BASE_UNIT_OF_MEASURE","interaction":{"idSuffix":"inner"}},"clearTextFirst":true,"interactionType":"ENTER_TEXT"}]}
COMMAND: POST /session/fc8710269a386560706f3ec5ac47ed98/execute/async - {"script":"<script> [1562 bytes]","args":[{"selector":{"id":"application-manageresources-display-component---newResourceUnit--newRRUPage-OPHeaderContent-collapseBtn-img"},"wdio_ui5_key":"applicationmanageresources-display-component---newResourceUnit--newRRUPage-OPHeaderContent-collapseBtn-img"}]}
RESULT: {"script":"<script> [1562 bytes]","args":[{"selector":{"id":"application-manageresources-display-component---newResourceUnit--newRRUPage-OPHeaderContent-collapseBtn-img"},"wdio_ui5_key":"applicationmanageresources-display-component---newResourceUnit--newRRUPage-OPHeaderContent-collapseBtn-img"}]}
RESULT: undefined
COMMAND: POST /session/fc8710269a386560706f3ec5ac47ed98/element - {"using":"xpath","value":"//*[@id=\"application-manageresources-display-component---newResourceUnit--newRRUPage-OPHeaderContent-collapseBtn-img\"]"}
RESULT: {"using":"xpath","value":"//*[@id=\"application-manageresources-display-component---newResourceUnit--newRRUPage-OPHeaderContent-collapseBtn-img\"]"}
COMMAND: POST /session/fc8710269a386560706f3ec5ac47ed98/element/f.A415CF0DC7BF82C6485FB72A7DE5D8B2.d.0F078B6D31CA8F404769C2681CE5B42D.e.1555/click - {}
RESULT: {}
COMMAND: GET /session/fc8710269a386560706f3ec5ac47ed98/screenshot - {}
RESULT: {}
COMMAND: POST /session/fc8710269a386560706f3ec5ac47ed98/execute/async - {"script":"<script> [1562 bytes]","args":[{"selector":{"id":"application-manageresources-display-component---newResourceUnit--newRRUPage-anchBar-application-manageresources-display-component---newResourceUnit--control-anchor","interaction":{"idSuffix":"BDI-content"}},"wdio_ui5_key":"applicationmanageresources-display-component---newResourceUnit--newRRUPage-anchBar-application-manageresources-display-component---newResourceUnit--control-anchor"}]}
RESULT: {"script":"<script> [1562 bytes]","args":[{"selector":{"id":"application-manageresources-display-component---newResourceUnit--newRRUPage-anchBar-application-manageresources-display-component---newResourceUnit--control-anchor","interaction":{"idSuffix":"BDI-content"}},"wdio_ui5_key":"applicationmanageresources-display-component---newResourceUnit--newRRUPage-anchBar-application-manageresources-display-component---newResourceUnit--control-anchor"}]}
RESULT: undefined
COMMAND: POST /session/fc8710269a386560706f3ec5ac47ed98/element - {"using":"xpath","value":"//*[@id=\"application-manageresources-display-component---newResourceUnit--newRRUPage-anchBar-application-manageresources-display-component---newResourceUnit--control-anchor\"]"}
RESULT: {"using":"xpath","value":"//*[@id=\"application-manageresources-display-component---newResourceUnit--newRRUPage-anchBar-application-manageresources-display-component---newResourceUnit--control-anchor\"]"}
COMMAND: POST /session/fc8710269a386560706f3ec5ac47ed98/element/f.A415CF0DC7BF82C6485FB72A7DE5D8B2.d.0F078B6D31CA8F404769C2681CE5B42D.e.1668/click - {}
RESULT: {}
COMMAND: POST /session/fc8710269a386560706f3ec5ac47ed98/execute/async - {"script":"<script> [1562 bytes]","args":[{"selector":{"id":"application-manageresources-display-component---newResourceUnit--PLANNING_GROUP","interaction":{"idSuffix":"inner"}},"wdio_ui5_key":"applicationmanageresources-display-component---newResourceUnit--PLANNING_GROUP"}]}
COMMAND: GET /session/fc8710269a386560706f3ec5ac47ed98/screenshot - {}
RESULT: {}
RESULT: {"script":"<script> [1562 bytes]","args":[{"selector":{"id":"application-manageresources-display-component---newResourceUnit--PLANNING_GROUP","interaction":{"idSuffix":"inner"}},"wdio_ui5_key":"applicationmanageresources-display-component---newResourceUnit--PLANNING_GROUP"}]}
RESULT: undefined
COMMAND: POST /session/fc8710269a386560706f3ec5ac47ed98/execute/async - {"script":"<script> [776 bytes]","args":[{"enterText":"Heavy Equi","selector":{"id":"application-manageresources-display-component---newResourceUnit--PLANNING_GROUP","interaction":{"idSuffix":"inner"}},"clearTextFirst":true,"interactionType":"ENTER_TEXT"}]}
RESULT: {"script":"<script> [776 bytes]","args":[{"enterText":"Heavy Equi","selector":{"id":"application-manageresources-display-component---newResourceUnit--PLANNING_GROUP","interaction":{"idSuffix":"inner"}},"clearTextFirst":true,"interactionType":"ENTER_TEXT"}]}
COMMAND: POST /session/fc8710269a386560706f3ec5ac47ed98/element - {"using":"xpath","value":"//bdi[contains(text(), \"Time Segment\")]"}
RESULT: {"using":"xpath","value":"//bdi[contains(text(), \"Time Segment\")]"}
COMMAND: GET /session/fc8710269a386560706f3ec5ac47ed98/element/f.A415CF0DC7BF82C6485FB72A7DE5D8B2.d.0F078B6D31CA8F404769C2681CE5B42D.e.1673/rect - {}
RESULT: {}
COMMAND: GET /session/fc8710269a386560706f3ec5ac47ed98/window/rect - {}
RESULT: {}
COMMAND: POST /session/fc8710269a386560706f3ec5ac47ed98/execute/sync - {"script":"<script> [92 bytes]","args":[]}
RESULT: {"script":"<script> [92 bytes]","args":[]}
COMMAND: POST /session/fc8710269a386560706f3ec5ac47ed98/actions - {"actions":[{"id":"action3","type":"wheel","parameters":{},"actions":[{"type":"scroll","x":-1820,"y":-21,"deltaX":0,"deltaY":0,"duration":0,"origin":{"element-6066-11e4-a52e-4f735466cecf":"f.A415CF0DC7BF82C6485FB72A7DE5D8B2.d.0F078B6D31CA8F404769C2681CE5B42D.e.1673"}}]}]}
COMMAND: GET /session/fc8710269a386560706f3ec5ac47ed98/screenshot - {}
RESULT: {}
COMMAND: POST /session/fc8710269a386560706f3ec5ac47ed98/execute/sync - {"script":"<script> [79 bytes]","args":[{"element-6066-11e4-a52e-4f735466cecf":"f.A415CF0DC7BF82C6485FB72A7DE5D8B2.d.0F078B6D31CA8F404769C2681CE5B42D.e.1673","ELEMENT":"f.A415CF0DC7BF82C6485FB72A7DE5D8B2.d.0F078B6D31CA8F404769C2681CE5B42D.e.1673"},{"block":"start","inline":"nearest"}]}
RESULT: {"script":"<script> [79 bytes]","args":[{"element-6066-11e4-a52e-4f735466cecf":"f.A415CF0DC7BF82C6485FB72A7DE5D8B2.d.0F078B6D31CA8F404769C2681CE5B42D.e.1673","ELEMENT":"f.A415CF0DC7BF82C6485FB72A7DE5D8B2.d.0F078B6D31CA8F404769C2681CE5B42D.e.1673"},{"block":"start","inline":"nearest"}]}
COMMAND: GET /session/fc8710269a386560706f3ec5ac47ed98/screenshot - {}
RESULT: {}
COMMAND: POST /session/fc8710269a386560706f3ec5ac47ed98/execute/async - {"script":"<script> [1562 bytes]","args":[{"selector":{"id":"application-manageresources-display-component---newResourceUnit--btnAddTimeSegment-img"},"wdio_ui5_key":"applicationmanageresources-display-component---newResourceUnit--btnAddTimeSegment-img"}]}
RESULT: {"script":"<script> [1562 bytes]","args":[{"selector":{"id":"application-manageresources-display-component---newResourceUnit--btnAddTimeSegment-img"},"wdio_ui5_key":"applicationmanageresources-display-component---newResourceUnit--btnAddTimeSegment-img"}]}
RESULT: undefined
COMMAND: POST /session/fc8710269a386560706f3ec5ac47ed98/element - {"using":"xpath","value":"//*[@id=\"application-manageresources-display-component---newResourceUnit--btnAddTimeSegment-img\"]"}
RESULT: {"using":"xpath","value":"//*[@id=\"application-manageresources-display-component---newResourceUnit--btnAddTimeSegment-img\"]"}
COMMAND: POST /session/fc8710269a386560706f3ec5ac47ed98/element/f.A415CF0DC7BF82C6485FB72A7DE5D8B2.d.0F078B6D31CA8F404769C2681CE5B42D.e.1676/click - {}
RESULT: {}
COMMAND: GET /session/fc8710269a386560706f3ec5ac47ed98/screenshot - {}
COMMAND: POST /session/fc8710269a386560706f3ec5ac47ed98/element - {"using":"xpath","value":"//input[@id=\"application-manageresources-display-component---newResourceUnit--idRuTSAdmin-application-manageresources-display-component---newResourceUnit--RUTimeSegment-0-inner\"]"}
RESULT: {}
RESULT: {"using":"xpath","value":"//input[@id=\"application-manageresources-display-component---newResourceUnit--idRuTSAdmin-application-manageresources-display-component---newResourceUnit--RUTimeSegment-0-inner\"]"}
COMMAND: POST /session/fc8710269a386560706f3ec5ac47ed98/element/f.A415CF0DC7BF82C6485FB72A7DE5D8B2.d.0F078B6D31CA8F404769C2681CE5B42D.e.1679/clear - {}
RESULT: {}
COMMAND: POST /session/fc8710269a386560706f3ec5ac47ed98/element/f.A415CF0DC7BF82C6485FB72A7DE5D8B2.d.0F078B6D31CA8F404769C2681CE5B42D.e.1679/value - {"text":"WebdriverYardx2p2o"}
COMMAND: GET /session/fc8710269a386560706f3ec5ac47ed98/screenshot - {}
RESULT: {"text":"WebdriverYardx2p2o"}
COMMAND: GET /session/fc8710269a386560706f3ec5ac47ed98/screenshot - {}
RESULT: {}
RESULT: {}
COMMAND: POST /session/fc8710269a386560706f3ec5ac47ed98/actions - {"actions":[{"id":"action4","type":"key","parameters":{},"actions":[{"type":"keyDown","value":"î€‡"},{"type":"pause","duration":10},{"type":"keyUp","value":"î€‡"}]}]}
RESULT: {"actions":[{"id":"action4","type":"key","parameters":{},"actions":[{"type":"keyDown","value":"î€‡"},{"type":"pause","duration":10},{"type":"keyUp","value":"î€‡"}]}]}
COMMAND: GET /session/fc8710269a386560706f3ec5ac47ed98/screenshot - {}
RESULT: {}
COMMAND: POST /session/fc8710269a386560706f3ec5ac47ed98/execute/async - {"script":"<script> [1562 bytes]","args":[{"selector":{"controlType":"sap.m.Button","viewName":"reusables.view.manageresources.NewResourceUnit","viewId":"application-manageresources-display-component---newResourceUnit","i18NText":{"propertyName":"tooltip","key":"save"},"interaction":{"idSuffix":"BDI-content"}},"wdio_ui5_key":"reusablesview.manageresources.NewResourceUnitsap.m.Button{\"propertyName\":\"tooltip\",\"key\":\"save\"}"}]}
RESULT: {"script":"<script> [1562 bytes]","args":[{"selector":{"controlType":"sap.m.Button","viewName":"reusables.view.manageresources.NewResourceUnit","viewId":"application-manageresources-display-component---newResourceUnit","i18NText":{"propertyName":"tooltip","key":"save"},"interaction":{"idSuffix":"BDI-content"}},"wdio_ui5_key":"reusablesview.manageresources.NewResourceUnitsap.m.Button{\"propertyName\":\"tooltip\",\"key\":\"save\"}"}]}
RESULT: undefined
COMMAND: POST /session/fc8710269a386560706f3ec5ac47ed98/element - {"using":"xpath","value":"//*[@id=\"application-manageresources-display-component---newResourceUnit--createRuButton\"]"}
RESULT: {"using":"xpath","value":"//*[@id=\"application-manageresources-display-component---newResourceUnit--createRuButton\"]"}
COMMAND: POST /session/fc8710269a386560706f3ec5ac47ed98/element/f.A415CF0DC7BF82C6485FB72A7DE5D8B2.d.0F078B6D31CA8F404769C2681CE5B42D.e.1561/click - {}
RESULT: {}
COMMAND: GET /session/fc8710269a386560706f3ec5ac47ed98/screenshot - {}
RESULT: {}
COMMAND: POST /session/fc8710269a386560706f3ec5ac47ed98/execute/async - {"script":"<script> [1562 bytes]","args":[{"selector":{"controlType":"sap.m.Button","properties":{"text":"Close"},"searchOpenDialogs":true,"interaction":{"idSuffix":"inner"}},"wdio_ui5_key":"sapm.Button{\"text\":\"Close\"}"}]}
RESULT: {"script":"<script> [1562 bytes]","args":[{"selector":{"controlType":"sap.m.Button","properties":{"text":"Close"},"searchOpenDialogs":true,"interaction":{"idSuffix":"inner"}},"wdio_ui5_key":"sapm.Button{\"text\":\"Close\"}"}]}
RESULT: undefined
COMMAND: POST /session/fc8710269a386560706f3ec5ac47ed98/element - {"using":"xpath","value":"//*[@id=\"__mbox-btn-0\"]"}
RESULT: {"using":"xpath","value":"//*[@id=\"__mbox-btn-0\"]"}
COMMAND: POST /session/fc8710269a386560706f3ec5ac47ed98/element/f.A415CF0DC7BF82C6485FB72A7DE5D8B2.d.0F078B6D31CA8F404769C2681CE5B42D.e.1687/click - {}
RESULT: {}
COMMAND: GET /session/fc8710269a386560706f3ec5ac47ed98/screenshot - {}
RESULT: {}
COMMAND: POST /session/fc8710269a386560706f3ec5ac47ed98/element - {"using":"css selector","value":"#shell-header-logo"}
RESULT: {"using":"css selector","value":"#shell-header-logo"}
COMMAND: POST /session/fc8710269a386560706f3ec5ac47ed98/element/f.A415CF0DC7BF82C6485FB72A7DE5D8B2.d.0F078B6D31CA8F404769C2681CE5B42D.e.1191/click - {}
RESULT: {}
COMMAND: GET /session/fc8710269a386560706f3ec5ac47ed98/screenshot - {}
RESULT: {}
]]></system-out>
    </testcase>
    <testcase classname="chrome.137_0_7151_69.windows.Related_resources_for_groups_US139107" name="Should create first equipment and add it to the group" time="137.574">
      <system-out><![CDATA[
RESULT: undefined
COMMAND: POST /session/fc8710269a386560706f3ec5ac47ed98/element - {"using":"xpath","value":"//*[@id=\"__tile39\"]"}
RESULT: {"using":"xpath","value":"//*[@id=\"__tile39\"]"}
COMMAND: POST /session/fc8710269a386560706f3ec5ac47ed98/element/f.A415CF0DC7BF82C6485FB72A7DE5D8B2.d.0F078B6D31CA8F404769C2681CE5B42D.e.1189/click - {}
RESULT: {}
COMMAND: GET /session/fc8710269a386560706f3ec5ac47ed98/screenshot - {}
RESULT: {}
COMMAND: POST /session/fc8710269a386560706f3ec5ac47ed98/elements - {"using":"xpath","value":"//span[text()='Error']"}
RESULT: {"using":"xpath","value":"//span[text()='Error']"}
COMMAND: POST /session/fc8710269a386560706f3ec5ac47ed98/element - {"using":"xpath","value":"//button[@data-kt=\"addNewRUOverflowToolbarButton\"]"}
RESULT: {"using":"xpath","value":"//button[@data-kt=\"addNewRUOverflowToolbarButton\"]"}
COMMAND: POST /session/fc8710269a386560706f3ec5ac47ed98/execute/sync - {"script":"<script> [8489 bytes]","args":[{"element-6066-11e4-a52e-4f735466cecf":"f.A415CF0DC7BF82C6485FB72A7DE5D8B2.d.0F078B6D31CA8F404769C2681CE5B42D.e.1760","ELEMENT":"f.A415CF0DC7BF82C6485FB72A7DE5D8B2.d.0F078B6D31CA8F404769C2681CE5B42D.e.1760"}]}
RESULT: {"script":"<script> [8489 bytes]","args":[{"element-6066-11e4-a52e-4f735466cecf":"f.A415CF0DC7BF82C6485FB72A7DE5D8B2.d.0F078B6D31CA8F404769C2681CE5B42D.e.1760","ELEMENT":"f.A415CF0DC7BF82C6485FB72A7DE5D8B2.d.0F078B6D31CA8F404769C2681CE5B42D.e.1760"}]}
COMMAND: POST /session/fc8710269a386560706f3ec5ac47ed98/element/f.A415CF0DC7BF82C6485FB72A7DE5D8B2.d.0F078B6D31CA8F404769C2681CE5B42D.e.1760/click - {}
COMMAND: GET /session/fc8710269a386560706f3ec5ac47ed98/screenshot - {}
RESULT: {}
COMMAND: GET /session/fc8710269a386560706f3ec5ac47ed98/screenshot - {}
RESULT: {}
RESULT: undefined
COMMAND: POST /session/fc8710269a386560706f3ec5ac47ed98/element - {"using":"xpath","value":"//*[@id=\"application-manageresources-display-component---newResourceUnit--TYPE-arrow\"]"}
RESULT: {}
RESULT: {"using":"xpath","value":"//*[@id=\"application-manageresources-display-component---newResourceUnit--TYPE-arrow\"]"}
COMMAND: POST /session/fc8710269a386560706f3ec5ac47ed98/element/f.A415CF0DC7BF82C6485FB72A7DE5D8B2.d.0F078B6D31CA8F404769C2681CE5B42D.e.2072/click - {}
RESULT: {}
COMMAND: POST /session/fc8710269a386560706f3ec5ac47ed98/execute/async - {"script":"<script> [1562 bytes]","args":[{"selector":{"controlType":"sap.m.StandardListItem","viewName":"reusables.view.manageresources.NewResourceUnit","viewId":"application-manageresources-display-component---newResourceUnit","properties":{"title":"Equipment"},"searchOpenDialogs":true,"interaction":{"idSuffix":"content"}},"wdio_ui5_key":"reusablesview.manageresources.NewResourceUnitsap.m.StandardListItem{\"title\":\"Equipment\"}"}]}
COMMAND: GET /session/fc8710269a386560706f3ec5ac47ed98/screenshot - {}
RESULT: {"script":"<script> [1562 bytes]","args":[{"selector":{"controlType":"sap.m.StandardListItem","viewName":"reusables.view.manageresources.NewResourceUnit","viewId":"application-manageresources-display-component---newResourceUnit","properties":{"title":"Equipment"},"searchOpenDialogs":true,"interaction":{"idSuffix":"content"}},"wdio_ui5_key":"reusablesview.manageresources.NewResourceUnitsap.m.StandardListItem{\"title\":\"Equipment\"}"}]}
RESULT: undefined
COMMAND: POST /session/fc8710269a386560706f3ec5ac47ed98/element - {"using":"xpath","value":"//*[@id=\"__item956\"]"}
RESULT: {}
RESULT: {"using":"xpath","value":"//*[@id=\"__item956\"]"}
COMMAND: POST /session/fc8710269a386560706f3ec5ac47ed98/element/f.A415CF0DC7BF82C6485FB72A7DE5D8B2.d.0F078B6D31CA8F404769C2681CE5B42D.e.2075/click - {}
RESULT: {}
COMMAND: GET /session/fc8710269a386560706f3ec5ac47ed98/screenshot - {}
RESULT: {}
COMMAND: POST /session/fc8710269a386560706f3ec5ac47ed98/execute/async - {"script":"<script> [1562 bytes]","args":[{"selector":{"id":"application-manageresources-display-component---newResourceUnit--resourceId","interaction":{"idSuffix":"inner"}},"wdio_ui5_key":"applicationmanageresources-display-component---newResourceUnit--resourceId"}]}
RESULT: {"script":"<script> [1562 bytes]","args":[{"selector":{"id":"application-manageresources-display-component---newResourceUnit--resourceId","interaction":{"idSuffix":"inner"}},"wdio_ui5_key":"applicationmanageresources-display-component---newResourceUnit--resourceId"}]}
RESULT: undefined
COMMAND: POST /session/fc8710269a386560706f3ec5ac47ed98/execute/async - {"script":"<script> [776 bytes]","args":[{"enterText":"WdIORUEquip1rwguv","selector":{"id":"application-manageresources-display-component---newResourceUnit--resourceId","interaction":{"idSuffix":"inner"}},"clearTextFirst":true,"interactionType":"ENTER_TEXT"}]}
RESULT: {"script":"<script> [776 bytes]","args":[{"enterText":"WdIORUEquip1rwguv","selector":{"id":"application-manageresources-display-component---newResourceUnit--resourceId","interaction":{"idSuffix":"inner"}},"clearTextFirst":true,"interactionType":"ENTER_TEXT"}]}
RESULT: undefined
COMMAND: POST /session/fc8710269a386560706f3ec5ac47ed98/execute/async - {"script":"<script> [776 bytes]","args":[{"enterText":"WdIORUEquip1rwguv","selector":{"id":"application-manageresources-display-component---newResourceUnit--SHORT_TEXT","interaction":{"idSuffix":"inner"}},"clearTextFirst":true,"interactionType":"ENTER_TEXT"}]}
RESULT: {"script":"<script> [776 bytes]","args":[{"enterText":"WdIORUEquip1rwguv","selector":{"id":"application-manageresources-display-component---newResourceUnit--SHORT_TEXT","interaction":{"idSuffix":"inner"}},"clearTextFirst":true,"interactionType":"ENTER_TEXT"}]}
RESULT: undefined
COMMAND: POST /session/fc8710269a386560706f3ec5ac47ed98/execute/async - {"script":"<script> [776 bytes]","args":[{"enterText":"Piece","selector":{"id":"application-manageresources-display-component---newResourceUnit--BASE_UNIT_OF_MEASURE","interaction":{"idSuffix":"inner"}},"clearTextFirst":true,"interactionType":"ENTER_TEXT"}]}
RESULT: {"script":"<script> [776 bytes]","args":[{"enterText":"Piece","selector":{"id":"application-manageresources-display-component---newResourceUnit--BASE_UNIT_OF_MEASURE","interaction":{"idSuffix":"inner"}},"clearTextFirst":true,"interactionType":"ENTER_TEXT"}]}
COMMAND: POST /session/fc8710269a386560706f3ec5ac47ed98/element - {"using":"xpath","value":"//input[contains(@id ,\"application-manageresources-display-component---newResourceUnit--HIGHER_LEVEL_RESOURCE-inner\")]"}
RESULT: {"using":"xpath","value":"//input[contains(@id ,\"application-manageresources-display-component---newResourceUnit--HIGHER_LEVEL_RESOURCE-inner\")]"}
COMMAND: POST /session/fc8710269a386560706f3ec5ac47ed98/element/f.A415CF0DC7BF82C6485FB72A7DE5D8B2.d.0F078B6D31CA8F404769C2681CE5B42D.e.2097/value - {"text":"WdIORUGroupnnk9r"}
RESULT: {"text":"WdIORUGroupnnk9r"}
COMMAND: GET /session/fc8710269a386560706f3ec5ac47ed98/screenshot - {}
RESULT: {}
COMMAND: POST /session/fc8710269a386560706f3ec5ac47ed98/actions - {"actions":[{"id":"action5","type":"key","parameters":{},"actions":[{"type":"keyDown","value":"î€‡"},{"type":"pause","duration":10},{"type":"keyUp","value":"î€‡"}]}]}
RESULT: {"actions":[{"id":"action5","type":"key","parameters":{},"actions":[{"type":"keyDown","value":"î€‡"},{"type":"pause","duration":10},{"type":"keyUp","value":"î€‡"}]}]}
COMMAND: POST /session/fc8710269a386560706f3ec5ac47ed98/execute/async - {"script":"<script> [1562 bytes]","args":[{"selector":{"id":"application-manageresources-display-component---newResourceUnit--WEIGHT_UNIT","interaction":{"idSuffix":"inner"}},"wdio_ui5_key":"applicationmanageresources-display-component---newResourceUnit--WEIGHT_UNIT"}]}
COMMAND: GET /session/fc8710269a386560706f3ec5ac47ed98/screenshot - {}
RESULT: {"script":"<script> [1562 bytes]","args":[{"selector":{"id":"application-manageresources-display-component---newResourceUnit--WEIGHT_UNIT","interaction":{"idSuffix":"inner"}},"wdio_ui5_key":"applicationmanageresources-display-component---newResourceUnit--WEIGHT_UNIT"}]}
RESULT: undefined
COMMAND: POST /session/fc8710269a386560706f3ec5ac47ed98/execute/async - {"script":"<script> [776 bytes]","args":[{"enterText":"Gram","selector":{"id":"application-manageresources-display-component---newResourceUnit--WEIGHT_UNIT","interaction":{"idSuffix":"inner"}},"clearTextFirst":true,"interactionType":"ENTER_TEXT"}]}
RESULT: {}
RESULT: {"script":"<script> [776 bytes]","args":[{"enterText":"Gram","selector":{"id":"application-manageresources-display-component---newResourceUnit--WEIGHT_UNIT","interaction":{"idSuffix":"inner"}},"clearTextFirst":true,"interactionType":"ENTER_TEXT"}]}
RESULT: undefined
COMMAND: POST /session/fc8710269a386560706f3ec5ac47ed98/element - {"using":"xpath","value":"//*[@id=\"application-manageresources-display-component---newResourceUnit--newRRUPage-OPHeaderContent-collapseBtn-img\"]"}
RESULT: {"using":"xpath","value":"//*[@id=\"application-manageresources-display-component---newResourceUnit--newRRUPage-OPHeaderContent-collapseBtn-img\"]"}
COMMAND: POST /session/fc8710269a386560706f3ec5ac47ed98/element/f.A415CF0DC7BF82C6485FB72A7DE5D8B2.d.0F078B6D31CA8F404769C2681CE5B42D.e.2082/click - {}
RESULT: {}
COMMAND: GET /session/fc8710269a386560706f3ec5ac47ed98/screenshot - {}
RESULT: {}
COMMAND: POST /session/fc8710269a386560706f3ec5ac47ed98/element - {"using":"xpath","value":"(//span[contains(@id ,\"application-manageresources-display-component---newResourceUnit--DIMENSION_UNIT-arrow\")])[1]"}
RESULT: {"using":"xpath","value":"(//span[contains(@id ,\"application-manageresources-display-component---newResourceUnit--DIMENSION_UNIT-arrow\")])[1]"}
COMMAND: POST /session/fc8710269a386560706f3ec5ac47ed98/element/f.A415CF0DC7BF82C6485FB72A7DE5D8B2.d.0F078B6D31CA8F404769C2681CE5B42D.e.2233/click - {}
RESULT: {}
COMMAND: GET /session/fc8710269a386560706f3ec5ac47ed98/screenshot - {}
RESULT: {}
COMMAND: POST /session/fc8710269a386560706f3ec5ac47ed98/execute/async - {"script":"<script> [1562 bytes]","args":[{"selector":{"controlType":"sap.m.StandardListItem","viewName":"reusables.view.manageresources.NewResourceUnit","viewId":"application-manageresources-display-component---newResourceUnit","properties":{"title":"Centimeter"},"searchOpenDialogs":true,"interaction":{"idSuffix":"titleText"}},"wdio_ui5_key":"reusablesview.manageresources.NewResourceUnitsap.m.StandardListItem{\"title\":\"Centimeter\"}"}]}
RESULT: {"script":"<script> [1562 bytes]","args":[{"selector":{"controlType":"sap.m.StandardListItem","viewName":"reusables.view.manageresources.NewResourceUnit","viewId":"application-manageresources-display-component---newResourceUnit","properties":{"title":"Centimeter"},"searchOpenDialogs":true,"interaction":{"idSuffix":"titleText"}},"wdio_ui5_key":"reusablesview.manageresources.NewResourceUnitsap.m.StandardListItem{\"title\":\"Centimeter\"}"}]}
RESULT: undefined
COMMAND: POST /session/fc8710269a386560706f3ec5ac47ed98/element - {"using":"xpath","value":"//*[@id=\"__item1064\"]"}
RESULT: {"using":"xpath","value":"//*[@id=\"__item1064\"]"}
COMMAND: POST /session/fc8710269a386560706f3ec5ac47ed98/element/f.A415CF0DC7BF82C6485FB72A7DE5D8B2.d.0F078B6D31CA8F404769C2681CE5B42D.e.2235/click - {}
RESULT: {}
COMMAND: GET /session/fc8710269a386560706f3ec5ac47ed98/screenshot - {}
RESULT: {}
RESULT: undefined
COMMAND: POST /session/fc8710269a386560706f3ec5ac47ed98/element - {"using":"xpath","value":"//*[@id=\"application-manageresources-display-component---newResourceUnit--newRRUPage-anchBar-application-manageresources-display-component---newResourceUnit--control-anchor\"]"}
RESULT: {"using":"xpath","value":"//*[@id=\"application-manageresources-display-component---newResourceUnit--newRRUPage-anchBar-application-manageresources-display-component---newResourceUnit--control-anchor\"]"}
COMMAND: POST /session/fc8710269a386560706f3ec5ac47ed98/element/f.A415CF0DC7BF82C6485FB72A7DE5D8B2.d.0F078B6D31CA8F404769C2681CE5B42D.e.2236/click - {}
RESULT: {}
RESULT: undefined
COMMAND: POST /session/fc8710269a386560706f3ec5ac47ed98/execute/async - {"script":"<script> [776 bytes]","args":[{"enterText":"Heavy Equi","selector":{"id":"application-manageresources-display-component---newResourceUnit--PLANNING_GROUP","interaction":{"idSuffix":"inner"}},"clearTextFirst":true,"interactionType":"ENTER_TEXT"}]}
COMMAND: GET /session/fc8710269a386560706f3ec5ac47ed98/screenshot - {}
RESULT: {"script":"<script> [776 bytes]","args":[{"enterText":"Heavy Equi","selector":{"id":"application-manageresources-display-component---newResourceUnit--PLANNING_GROUP","interaction":{"idSuffix":"inner"}},"clearTextFirst":true,"interactionType":"ENTER_TEXT"}]}
RESULT: {}
COMMAND: POST /session/fc8710269a386560706f3ec5ac47ed98/execute/async - {"script":"<script> [1562 bytes]","args":[{"selector":{"id":"application-manageresources-display-component---newResourceUnit--ITEM_TYPE-arrow"},"wdio_ui5_key":"applicationmanageresources-display-component---newResourceUnit--ITEM_TYPE-arrow"}]}
RESULT: {"script":"<script> [1562 bytes]","args":[{"selector":{"id":"application-manageresources-display-component---newResourceUnit--ITEM_TYPE-arrow"},"wdio_ui5_key":"applicationmanageresources-display-component---newResourceUnit--ITEM_TYPE-arrow"}]}
RESULT: undefined
COMMAND: POST /session/fc8710269a386560706f3ec5ac47ed98/element - {"using":"xpath","value":"//*[@id=\"application-manageresources-display-component---newResourceUnit--ITEM_TYPE-arrow\"]"}
RESULT: {"using":"xpath","value":"//*[@id=\"application-manageresources-display-component---newResourceUnit--ITEM_TYPE-arrow\"]"}
COMMAND: POST /session/fc8710269a386560706f3ec5ac47ed98/element/f.A415CF0DC7BF82C6485FB72A7DE5D8B2.d.0F078B6D31CA8F404769C2681CE5B42D.e.2240/click - {}
RESULT: {}
COMMAND: POST /session/fc8710269a386560706f3ec5ac47ed98/execute/async - {"script":"<script> [1562 bytes]","args":[{"selector":{"controlType":"sap.m.StandardListItem","viewName":"reusables.view.manageresources.NewResourceUnit","viewId":"application-manageresources-display-component---newResourceUnit","properties":{"title":"Resource Unit"},"searchOpenDialogs":true,"interaction":{"idSuffix":"titleText"}},"wdio_ui5_key":"reusablesview.manageresources.NewResourceUnitsap.m.StandardListItem{\"title\":\"Resource Unit\"}"}]}
COMMAND: GET /session/fc8710269a386560706f3ec5ac47ed98/screenshot - {}
RESULT: {"script":"<script> [1562 bytes]","args":[{"selector":{"controlType":"sap.m.StandardListItem","viewName":"reusables.view.manageresources.NewResourceUnit","viewId":"application-manageresources-display-component---newResourceUnit","properties":{"title":"Resource Unit"},"searchOpenDialogs":true,"interaction":{"idSuffix":"titleText"}},"wdio_ui5_key":"reusablesview.manageresources.NewResourceUnitsap.m.StandardListItem{\"title\":\"Resource Unit\"}"}]}
RESULT: undefined
COMMAND: POST /session/fc8710269a386560706f3ec5ac47ed98/element - {"using":"xpath","value":"//*[@id=\"__item1086\"]"}
RESULT: {}
RESULT: {"using":"xpath","value":"//*[@id=\"__item1086\"]"}
COMMAND: POST /session/fc8710269a386560706f3ec5ac47ed98/element/f.A415CF0DC7BF82C6485FB72A7DE5D8B2.d.0F078B6D31CA8F404769C2681CE5B42D.e.2242/click - {}
RESULT: {}
COMMAND: POST /session/fc8710269a386560706f3ec5ac47ed98/element - {"using":"xpath","value":"//bdi[contains(text(), \"Time Segment\")]"}
COMMAND: GET /session/fc8710269a386560706f3ec5ac47ed98/screenshot - {}
RESULT: {"using":"xpath","value":"//bdi[contains(text(), \"Time Segment\")]"}
COMMAND: GET /session/fc8710269a386560706f3ec5ac47ed98/element/f.A415CF0DC7BF82C6485FB72A7DE5D8B2.d.0F078B6D31CA8F404769C2681CE5B42D.e.2249/rect - {}
RESULT: {}
RESULT: {}
COMMAND: GET /session/fc8710269a386560706f3ec5ac47ed98/window/rect - {}
RESULT: {}
COMMAND: POST /session/fc8710269a386560706f3ec5ac47ed98/execute/sync - {"script":"<script> [92 bytes]","args":[]}
RESULT: {"script":"<script> [92 bytes]","args":[]}
COMMAND: POST /session/fc8710269a386560706f3ec5ac47ed98/actions - {"actions":[{"id":"action6","type":"wheel","parameters":{},"actions":[{"type":"scroll","x":-1820,"y":-21,"deltaX":0,"deltaY":0,"duration":0,"origin":{"element-6066-11e4-a52e-4f735466cecf":"f.A415CF0DC7BF82C6485FB72A7DE5D8B2.d.0F078B6D31CA8F404769C2681CE5B42D.e.2249"}}]}]}
COMMAND: GET /session/fc8710269a386560706f3ec5ac47ed98/screenshot - {}
RESULT: {}
COMMAND: POST /session/fc8710269a386560706f3ec5ac47ed98/execute/sync - {"script":"<script> [79 bytes]","args":[{"element-6066-11e4-a52e-4f735466cecf":"f.A415CF0DC7BF82C6485FB72A7DE5D8B2.d.0F078B6D31CA8F404769C2681CE5B42D.e.2249","ELEMENT":"f.A415CF0DC7BF82C6485FB72A7DE5D8B2.d.0F078B6D31CA8F404769C2681CE5B42D.e.2249"},{"block":"start","inline":"nearest"}]}
RESULT: {"script":"<script> [79 bytes]","args":[{"element-6066-11e4-a52e-4f735466cecf":"f.A415CF0DC7BF82C6485FB72A7DE5D8B2.d.0F078B6D31CA8F404769C2681CE5B42D.e.2249","ELEMENT":"f.A415CF0DC7BF82C6485FB72A7DE5D8B2.d.0F078B6D31CA8F404769C2681CE5B42D.e.2249"},{"block":"start","inline":"nearest"}]}
RESULT: undefined
COMMAND: POST /session/fc8710269a386560706f3ec5ac47ed98/element - {"using":"xpath","value":"//*[@id=\"application-manageresources-display-component---newResourceUnit--btnAddTimeSegment-img\"]"}
COMMAND: GET /session/fc8710269a386560706f3ec5ac47ed98/screenshot - {}
RESULT: {"using":"xpath","value":"//*[@id=\"application-manageresources-display-component---newResourceUnit--btnAddTimeSegment-img\"]"}
COMMAND: POST /session/fc8710269a386560706f3ec5ac47ed98/element/f.A415CF0DC7BF82C6485FB72A7DE5D8B2.d.0F078B6D31CA8F404769C2681CE5B42D.e.2252/click - {}
RESULT: {}
RESULT: {}
COMMAND: GET /session/fc8710269a386560706f3ec5ac47ed98/screenshot - {}
COMMAND: POST /session/fc8710269a386560706f3ec5ac47ed98/element - {"using":"xpath","value":"//input[@id=\"application-manageresources-display-component---newResourceUnit--idRuTSAdmin-application-manageresources-display-component---newResourceUnit--RUTimeSegment-0-inner\"]"}
RESULT: {}
RESULT: {"using":"xpath","value":"//input[@id=\"application-manageresources-display-component---newResourceUnit--idRuTSAdmin-application-manageresources-display-component---newResourceUnit--RUTimeSegment-0-inner\"]"}
COMMAND: POST /session/fc8710269a386560706f3ec5ac47ed98/element/f.A415CF0DC7BF82C6485FB72A7DE5D8B2.d.0F078B6D31CA8F404769C2681CE5B42D.e.2256/clear - {}
RESULT: {}
COMMAND: POST /session/fc8710269a386560706f3ec5ac47ed98/element/f.A415CF0DC7BF82C6485FB72A7DE5D8B2.d.0F078B6D31CA8F404769C2681CE5B42D.e.2256/value - {"text":"WebdriverYardx2p2o"}
COMMAND: GET /session/fc8710269a386560706f3ec5ac47ed98/screenshot - {}
RESULT: {"text":"WebdriverYardx2p2o"}
COMMAND: GET /session/fc8710269a386560706f3ec5ac47ed98/screenshot - {}
RESULT: {}
RESULT: {}
COMMAND: POST /session/fc8710269a386560706f3ec5ac47ed98/actions - {"actions":[{"id":"action7","type":"key","parameters":{},"actions":[{"type":"keyDown","value":"î€‡"},{"type":"pause","duration":10},{"type":"keyUp","value":"î€‡"}]}]}
RESULT: {"actions":[{"id":"action7","type":"key","parameters":{},"actions":[{"type":"keyDown","value":"î€‡"},{"type":"pause","duration":10},{"type":"keyUp","value":"î€‡"}]}]}
COMMAND: POST /session/fc8710269a386560706f3ec5ac47ed98/execute/async - {"script":"<script> [1562 bytes]","args":[{"selector":{"controlType":"sap.ui.core.Icon","viewName":"reusables.view.manageresources.NewResourceUnit","viewId":"application-manageresources-display-component---newResourceUnit","properties":{"src":{"regex":{"source":"slim\\-arrow\\-down"}}},"ancestor":{"controlType":"sap.m.ComboBox","viewName":"reusables.view.manageresources.NewResourceUnit","viewId":"application-manageresources-display-component---newResourceUnit","bindingPath":{"path":"/RESOURCE_UNIT_TIME_SEQUENCES/0","propertyPath":"COST_OBJECT_ADMIN_CST_TYPE","modelName":"oNewRruModel"}}},"wdio_ui5_key":"reusablesview.manageresources.NewResourceUnitsap.ui.core.Icon{\"src\":{\"regex\":{\"source\":\"slim\\\\-arrow\\\\-down\"}}}{\"controlType\":\"sap.m.ComboBox\",\"viewName\":\"reusables.view.manageresources.NewResourceUnit\",\"viewId\":\"application-manageresources-display-component---newResourceUnit\",\"bindingPath\":{\"path\":\"/RESOURCE_UNIT_TIME_SEQUENCES/0\",\"propertyPath\":\"COST_OBJECT_ADMIN_CST_TYPE\",\"modelName\":\"oNewRruModel\"}}"}]}
COMMAND: GET /session/fc8710269a386560706f3ec5ac47ed98/screenshot - {}
RESULT: {"script":"<script> [1562 bytes]","args":[{"selector":{"controlType":"sap.ui.core.Icon","viewName":"reusables.view.manageresources.NewResourceUnit","viewId":"application-manageresources-display-component---newResourceUnit","properties":{"src":{"regex":{"source":"slim\\-arrow\\-down"}}},"ancestor":{"controlType":"sap.m.ComboBox","viewName":"reusables.view.manageresources.NewResourceUnit","viewId":"application-manageresources-display-component---newResourceUnit","bindingPath":{"path":"/RESOURCE_UNIT_TIME_SEQUENCES/0","propertyPath":"COST_OBJECT_ADMIN_CST_TYPE","modelName":"oNewRruModel"}}},"wdio_ui5_key":"reusablesview.manageresources.NewResourceUnitsap.ui.core.Icon{\"src\":{\"regex\":{\"source\":\"slim\\\\-arrow\\\\-down\"}}}{\"controlType\":\"sap.m.ComboBox\",\"viewName\":\"reusables.view.manageresources.NewResourceUnit\",\"viewId\":\"application-manageresources-display-component---newResourceUnit\",\"bindingPath\":{\"path\":\"/RESOURCE_UNIT_TIME_SEQUENCES/0\",\"propertyPath\":\"COST_OBJECT_ADMIN_CST_TYPE\",\"modelName\":\"oNewRruModel\"}}"}]}
RESULT: undefined
COMMAND: POST /session/fc8710269a386560706f3ec5ac47ed98/element - {"using":"xpath","value":"//*[@id=\"__box10-application-manageresources-display-component---newResourceUnit--RUTimeSegment-0-arrow\"]"}
RESULT: {}
RESULT: {"using":"xpath","value":"//*[@id=\"__box10-application-manageresources-display-component---newResourceUnit--RUTimeSegment-0-arrow\"]"}
COMMAND: POST /session/fc8710269a386560706f3ec5ac47ed98/element/f.A415CF0DC7BF82C6485FB72A7DE5D8B2.d.0F078B6D31CA8F404769C2681CE5B42D.e.2270/click - {}
RESULT: {}
COMMAND: POST /session/fc8710269a386560706f3ec5ac47ed98/execute/async - {"script":"<script> [1562 bytes]","args":[{"selector":{"controlType":"sap.m.StandardListItem","viewName":"reusables.view.manageresources.NewResourceUnit","viewId":"application-manageresources-display-component---newResourceUnit","properties":{"title":"PM Order"},"searchOpenDialogs":true,"interaction":{"idSuffix":"titleText"}},"wdio_ui5_key":"reusablesview.manageresources.NewResourceUnitsap.m.StandardListItem{\"title\":\"PM Order\"}"}]}
COMMAND: GET /session/fc8710269a386560706f3ec5ac47ed98/screenshot - {}
RESULT: {"script":"<script> [1562 bytes]","args":[{"selector":{"controlType":"sap.m.StandardListItem","viewName":"reusables.view.manageresources.NewResourceUnit","viewId":"application-manageresources-display-component---newResourceUnit","properties":{"title":"PM Order"},"searchOpenDialogs":true,"interaction":{"idSuffix":"titleText"}},"wdio_ui5_key":"reusablesview.manageresources.NewResourceUnitsap.m.StandardListItem{\"title\":\"PM Order\"}"}]}
RESULT: undefined
COMMAND: POST /session/fc8710269a386560706f3ec5ac47ed98/element - {"using":"xpath","value":"//*[@id=\"__item2209\"]"}
RESULT: {}
RESULT: {"using":"xpath","value":"//*[@id=\"__item2209\"]"}
COMMAND: POST /session/fc8710269a386560706f3ec5ac47ed98/element/f.A415CF0DC7BF82C6485FB72A7DE5D8B2.d.0F078B6D31CA8F404769C2681CE5B42D.e.2274/click - {}
RESULT: {}
COMMAND: GET /session/fc8710269a386560706f3ec5ac47ed98/screenshot - {}
RESULT: {}
COMMAND: POST /session/fc8710269a386560706f3ec5ac47ed98/element - {"using":"xpath","value":"(//input[contains(@id ,\"-application-manageresources-display-component---newResourceUnit--RUTimeSegment-0-inner\")])[8]"}
RESULT: {"using":"xpath","value":"(//input[contains(@id ,\"-application-manageresources-display-component---newResourceUnit--RUTimeSegment-0-inner\")])[8]"}
COMMAND: POST /session/fc8710269a386560706f3ec5ac47ed98/element/f.A415CF0DC7BF82C6485FB72A7DE5D8B2.d.0F078B6D31CA8F404769C2681CE5B42D.e.2277/clear - {}
RESULT: {}
COMMAND: POST /session/fc8710269a386560706f3ec5ac47ed98/element/f.A415CF0DC7BF82C6485FB72A7DE5D8B2.d.0F078B6D31CA8F404769C2681CE5B42D.e.2277/value - {"text":"4000360"}
COMMAND: GET /session/fc8710269a386560706f3ec5ac47ed98/screenshot - {}
RESULT: {"text":"4000360"}
COMMAND: GET /session/fc8710269a386560706f3ec5ac47ed98/screenshot - {}
RESULT: {}
RESULT: {}
COMMAND: POST /session/fc8710269a386560706f3ec5ac47ed98/actions - {"actions":[{"id":"action8","type":"key","parameters":{},"actions":[{"type":"keyDown","value":"î€‡"},{"type":"pause","duration":10},{"type":"keyUp","value":"î€‡"}]}]}
RESULT: {"actions":[{"id":"action8","type":"key","parameters":{},"actions":[{"type":"keyDown","value":"î€‡"},{"type":"pause","duration":10},{"type":"keyUp","value":"î€‡"}]}]}
COMMAND: GET /session/fc8710269a386560706f3ec5ac47ed98/screenshot - {}
RESULT: {}
COMMAND: POST /session/fc8710269a386560706f3ec5ac47ed98/element - {"using":"xpath","value":"//input[contains(@id ,\"application-manageresources-display-component---newResourceUnit--newTimeSegmentFromDatePicker-application-manageresources-display-component---newResourceUnit--RUTimeSegment-0-inner\")]"}
RESULT: {"using":"xpath","value":"//input[contains(@id ,\"application-manageresources-display-component---newResourceUnit--newTimeSegmentFromDatePicker-application-manageresources-display-component---newResourceUnit--RUTimeSegment-0-inner\")]"}
COMMAND: POST /session/fc8710269a386560706f3ec5ac47ed98/element/f.A415CF0DC7BF82C6485FB72A7DE5D8B2.d.0F078B6D31CA8F404769C2681CE5B42D.e.2263/clear - {}
RESULT: {}
COMMAND: POST /session/fc8710269a386560706f3ec5ac47ed98/element/f.A415CF0DC7BF82C6485FB72A7DE5D8B2.d.0F078B6D31CA8F404769C2681CE5B42D.e.2263/clear - {}
COMMAND: GET /session/fc8710269a386560706f3ec5ac47ed98/screenshot - {}
RESULT: {}
COMMAND: POST /session/fc8710269a386560706f3ec5ac47ed98/element/f.A415CF0DC7BF82C6485FB72A7DE5D8B2.d.0F078B6D31CA8F404769C2681CE5B42D.e.2263/value - {"text":"7/5/24"}
COMMAND: GET /session/fc8710269a386560706f3ec5ac47ed98/screenshot - {}
RESULT: {}
RESULT: {"text":"7/5/24"}
COMMAND: POST /session/fc8710269a386560706f3ec5ac47ed98/execute/async - {"script":"<script> [1562 bytes]","args":[{"selector":{"id":"application-manageresources-display-component---newResourceUnit--newRRUPage-anchBar-application-manageresources-display-component---newResourceUnit--resource-anchor","interaction":{"idSuffix":"BDI-content"}},"wdio_ui5_key":"applicationmanageresources-display-component---newResourceUnit--newRRUPage-anchBar-application-manageresources-display-component---newResourceUnit--resource-anchor"}]}
COMMAND: GET /session/fc8710269a386560706f3ec5ac47ed98/screenshot - {}
RESULT: {}
RESULT: {"script":"<script> [1562 bytes]","args":[{"selector":{"id":"application-manageresources-display-component---newResourceUnit--newRRUPage-anchBar-application-manageresources-display-component---newResourceUnit--resource-anchor","interaction":{"idSuffix":"BDI-content"}},"wdio_ui5_key":"applicationmanageresources-display-component---newResourceUnit--newRRUPage-anchBar-application-manageresources-display-component---newResourceUnit--resource-anchor"}]}
RESULT: undefined
COMMAND: POST /session/fc8710269a386560706f3ec5ac47ed98/element - {"using":"xpath","value":"//*[@id=\"application-manageresources-display-component---newResourceUnit--newRRUPage-anchBar-application-manageresources-display-component---newResourceUnit--resource-anchor\"]"}
RESULT: {}
RESULT: {"using":"xpath","value":"//*[@id=\"application-manageresources-display-component---newResourceUnit--newRRUPage-anchBar-application-manageresources-display-component---newResourceUnit--resource-anchor\"]"}
COMMAND: POST /session/fc8710269a386560706f3ec5ac47ed98/element/f.A415CF0DC7BF82C6485FB72A7DE5D8B2.d.0F078B6D31CA8F404769C2681CE5B42D.e.2298/click - {}
RESULT: {}
COMMAND: POST /session/fc8710269a386560706f3ec5ac47ed98/execute/async - {"script":"<script> [1562 bytes]","args":[{"selector":{"id":"application-manageresources-display-component---newResourceUnit--PLANNED_DELIVERY_DATE","interaction":{"idSuffix":"inner"}},"wdio_ui5_key":"applicationmanageresources-display-component---newResourceUnit--PLANNED_DELIVERY_DATE"}]}
COMMAND: GET /session/fc8710269a386560706f3ec5ac47ed98/screenshot - {}
RESULT: {"script":"<script> [1562 bytes]","args":[{"selector":{"id":"application-manageresources-display-component---newResourceUnit--PLANNED_DELIVERY_DATE","interaction":{"idSuffix":"inner"}},"wdio_ui5_key":"applicationmanageresources-display-component---newResourceUnit--PLANNED_DELIVERY_DATE"}]}
RESULT: undefined
COMMAND: POST /session/fc8710269a386560706f3ec5ac47ed98/execute/async - {"script":"<script> [6424 bytes]","args":[{"element-6066-11e4-a52e-4f735466cecf":"f.A415CF0DC7BF82C6485FB72A7DE5D8B2.d.0F078B6D31CA8F404769C2681CE5B42D.e.2128"},"setValue",["7/5/24"]]}
RESULT: {}
RESULT: {"script":"<script> [6424 bytes]","args":[{"element-6066-11e4-a52e-4f735466cecf":"f.A415CF0DC7BF82C6485FB72A7DE5D8B2.d.0F078B6D31CA8F404769C2681CE5B42D.e.2128"},"setValue",["7/5/24"]]}
COMMAND: POST /session/fc8710269a386560706f3ec5ac47ed98/execute/async - {"script":"<script> [1562 bytes]","args":[{"selector":{"id":"application-manageresources-display-component---newResourceUnit--RETIRE_PLANNED_DATE","interaction":{"idSuffix":"inner"}},"wdio_ui5_key":"applicationmanageresources-display-component---newResourceUnit--RETIRE_PLANNED_DATE"}]}
RESULT: {"script":"<script> [1562 bytes]","args":[{"selector":{"id":"application-manageresources-display-component---newResourceUnit--RETIRE_PLANNED_DATE","interaction":{"idSuffix":"inner"}},"wdio_ui5_key":"applicationmanageresources-display-component---newResourceUnit--RETIRE_PLANNED_DATE"}]}
RESULT: undefined
COMMAND: POST /session/fc8710269a386560706f3ec5ac47ed98/execute/async - {"script":"<script> [776 bytes]","args":[{"enterText":"3/14/29","selector":{"id":"application-manageresources-display-component---newResourceUnit--RETIRE_PLANNED_DATE","interaction":{"idSuffix":"inner"}},"clearTextFirst":true,"interactionType":"ENTER_TEXT"}]}
RESULT: {"script":"<script> [776 bytes]","args":[{"enterText":"3/14/29","selector":{"id":"application-manageresources-display-component---newResourceUnit--RETIRE_PLANNED_DATE","interaction":{"idSuffix":"inner"}},"clearTextFirst":true,"interactionType":"ENTER_TEXT"}]}
RESULT: undefined
COMMAND: POST /session/fc8710269a386560706f3ec5ac47ed98/element - {"using":"xpath","value":"//*[@id=\"application-manageresources-display-component---newResourceUnit--createRuButton\"]"}
RESULT: {"using":"xpath","value":"//*[@id=\"application-manageresources-display-component---newResourceUnit--createRuButton\"]"}
COMMAND: POST /session/fc8710269a386560706f3ec5ac47ed98/element/f.A415CF0DC7BF82C6485FB72A7DE5D8B2.d.0F078B6D31CA8F404769C2681CE5B42D.e.2088/click - {}
RESULT: {}
COMMAND: GET /session/fc8710269a386560706f3ec5ac47ed98/screenshot - {}
RESULT: {}
COMMAND: POST /session/fc8710269a386560706f3ec5ac47ed98/element - {"using":"xpath","value":"(//bdi[contains(text(), \"Close\")])[1]"}
RESULT: {"using":"xpath","value":"(//bdi[contains(text(), \"Close\")])[1]"}
COMMAND: POST /session/fc8710269a386560706f3ec5ac47ed98/element/f.A415CF0DC7BF82C6485FB72A7DE5D8B2.d.0F078B6D31CA8F404769C2681CE5B42D.e.2310/click - {}
RESULT: {}
COMMAND: GET /session/fc8710269a386560706f3ec5ac47ed98/screenshot - {}
]]></system-out>
    </testcase>
    <testcase classname="chrome.137_0_7151_69.windows.Related_resources_for_groups_US139107" name="Should create one more equipment using copy function and add it to the group" time="78.003">
      <system-out><![CDATA[
COMMAND: POST /session/fc8710269a386560706f3ec5ac47ed98/element - {"using":"xpath","value":"//span[contains(@id ,\"actionsToolbar-overflowButton-img\")]"}
RESULT: {}
RESULT: {"using":"xpath","value":"//span[contains(@id ,\"actionsToolbar-overflowButton-img\")]"}
COMMAND: POST /session/fc8710269a386560706f3ec5ac47ed98/execute/sync - {"script":"<script> [8489 bytes]","args":[{"element-6066-11e4-a52e-4f735466cecf":"f.A415CF0DC7BF82C6485FB72A7DE5D8B2.d.0F078B6D31CA8F404769C2681CE5B42D.e.2347","ELEMENT":"f.A415CF0DC7BF82C6485FB72A7DE5D8B2.d.0F078B6D31CA8F404769C2681CE5B42D.e.2347"}]}
RESULT: {"script":"<script> [8489 bytes]","args":[{"element-6066-11e4-a52e-4f735466cecf":"f.A415CF0DC7BF82C6485FB72A7DE5D8B2.d.0F078B6D31CA8F404769C2681CE5B42D.e.2347","ELEMENT":"f.A415CF0DC7BF82C6485FB72A7DE5D8B2.d.0F078B6D31CA8F404769C2681CE5B42D.e.2347"}]}
COMMAND: POST /session/fc8710269a386560706f3ec5ac47ed98/execute/sync - {"script":"<script> [5351 bytes]","args":[{"element-6066-11e4-a52e-4f735466cecf":"f.A415CF0DC7BF82C6485FB72A7DE5D8B2.d.0F078B6D31CA8F404769C2681CE5B42D.e.2347","ELEMENT":"f.A415CF0DC7BF82C6485FB72A7DE5D8B2.d.0F078B6D31CA8F404769C2681CE5B42D.e.2347"}]}
COMMAND: GET /session/fc8710269a386560706f3ec5ac47ed98/screenshot - {}
RESULT: {"script":"<script> [5351 bytes]","args":[{"element-6066-11e4-a52e-4f735466cecf":"f.A415CF0DC7BF82C6485FB72A7DE5D8B2.d.0F078B6D31CA8F404769C2681CE5B42D.e.2347","ELEMENT":"f.A415CF0DC7BF82C6485FB72A7DE5D8B2.d.0F078B6D31CA8F404769C2681CE5B42D.e.2347"}]}
COMMAND: GET /session/fc8710269a386560706f3ec5ac47ed98/screenshot - {}
COMMAND: POST /session/fc8710269a386560706f3ec5ac47ed98/execute/sync - {"script":"<script> [8489 bytes]","args":[{"element-6066-11e4-a52e-4f735466cecf":"f.A415CF0DC7BF82C6485FB72A7DE5D8B2.d.0F078B6D31CA8F404769C2681CE5B42D.e.2347","ELEMENT":"f.A415CF0DC7BF82C6485FB72A7DE5D8B2.d.0F078B6D31CA8F404769C2681CE5B42D.e.2347"}]}
RESULT: {}
RESULT: {}
RESULT: {"script":"<script> [8489 bytes]","args":[{"element-6066-11e4-a52e-4f735466cecf":"f.A415CF0DC7BF82C6485FB72A7DE5D8B2.d.0F078B6D31CA8F404769C2681CE5B42D.e.2347","ELEMENT":"f.A415CF0DC7BF82C6485FB72A7DE5D8B2.d.0F078B6D31CA8F404769C2681CE5B42D.e.2347"}]}
COMMAND: POST /session/fc8710269a386560706f3ec5ac47ed98/execute/sync - {"script":"<script> [5351 bytes]","args":[{"element-6066-11e4-a52e-4f735466cecf":"f.A415CF0DC7BF82C6485FB72A7DE5D8B2.d.0F078B6D31CA8F404769C2681CE5B42D.e.2347","ELEMENT":"f.A415CF0DC7BF82C6485FB72A7DE5D8B2.d.0F078B6D31CA8F404769C2681CE5B42D.e.2347"}]}
COMMAND: GET /session/fc8710269a386560706f3ec5ac47ed98/screenshot - {}
RESULT: {"script":"<script> [5351 bytes]","args":[{"element-6066-11e4-a52e-4f735466cecf":"f.A415CF0DC7BF82C6485FB72A7DE5D8B2.d.0F078B6D31CA8F404769C2681CE5B42D.e.2347","ELEMENT":"f.A415CF0DC7BF82C6485FB72A7DE5D8B2.d.0F078B6D31CA8F404769C2681CE5B42D.e.2347"}]}
COMMAND: POST /session/fc8710269a386560706f3ec5ac47ed98/element/f.A415CF0DC7BF82C6485FB72A7DE5D8B2.d.0F078B6D31CA8F404769C2681CE5B42D.e.2347/click - {}
COMMAND: GET /session/fc8710269a386560706f3ec5ac47ed98/screenshot - {}
RESULT: {}
RESULT: {}
COMMAND: GET /session/fc8710269a386560706f3ec5ac47ed98/screenshot - {}
RESULT: {}
RESULT: {}
COMMAND: POST /session/fc8710269a386560706f3ec5ac47ed98/execute/async - {"script":"<script> [1562 bytes]","args":[{"selector":{"controlType":"sap.m.Button","viewName":"etm.portal.ui.manageresources.view.Detail","viewId":"application-manageresources-display-component---detailRU","i18NText":{"propertyName":"text","key":"copy"},"interaction":{"idSuffix":"BDI-content"}},"wdio_ui5_key":"etmportal.ui.manageresources.view.Detailsap.m.Button{\"propertyName\":\"text\",\"key\":\"copy\"}"}]}
RESULT: {"script":"<script> [1562 bytes]","args":[{"selector":{"controlType":"sap.m.Button","viewName":"etm.portal.ui.manageresources.view.Detail","viewId":"application-manageresources-display-component---detailRU","i18NText":{"propertyName":"text","key":"copy"},"interaction":{"idSuffix":"BDI-content"}},"wdio_ui5_key":"etmportal.ui.manageresources.view.Detailsap.m.Button{\"propertyName\":\"text\",\"key\":\"copy\"}"}]}
RESULT: undefined
COMMAND: POST /session/fc8710269a386560706f3ec5ac47ed98/element - {"using":"xpath","value":"//*[@id=\"__button117\"]"}
RESULT: {"using":"xpath","value":"//*[@id=\"__button117\"]"}
COMMAND: POST /session/fc8710269a386560706f3ec5ac47ed98/element/f.A415CF0DC7BF82C6485FB72A7DE5D8B2.d.0F078B6D31CA8F404769C2681CE5B42D.e.2351/click - {}
RESULT: {}
COMMAND: GET /session/fc8710269a386560706f3ec5ac47ed98/screenshot - {}
RESULT: {}
COMMAND: POST /session/fc8710269a386560706f3ec5ac47ed98/execute/async - {"script":"<script> [1562 bytes]","args":[{"selector":{"controlType":"sap.m.Button","viewName":"etm.portal.ui.manageresources.view.Detail","viewId":"application-manageresources-display-component---detailRU","i18NText":{"propertyName":"text","key":"selectAll"},"searchOpenDialogs":true,"interaction":{"idSuffix":"BDI-content"}},"wdio_ui5_key":"etmportal.ui.manageresources.view.Detailsap.m.Button{\"propertyName\":\"text\",\"key\":\"selectAll\"}"}]}
RESULT: {"script":"<script> [1562 bytes]","args":[{"selector":{"controlType":"sap.m.Button","viewName":"etm.portal.ui.manageresources.view.Detail","viewId":"application-manageresources-display-component---detailRU","i18NText":{"propertyName":"text","key":"selectAll"},"searchOpenDialogs":true,"interaction":{"idSuffix":"BDI-content"}},"wdio_ui5_key":"etmportal.ui.manageresources.view.Detailsap.m.Button{\"propertyName\":\"text\",\"key\":\"selectAll\"}"}]}
RESULT: undefined
COMMAND: POST /session/fc8710269a386560706f3ec5ac47ed98/element - {"using":"xpath","value":"//*[@id=\"__button168\"]"}
RESULT: {"using":"xpath","value":"//*[@id=\"__button168\"]"}
COMMAND: POST /session/fc8710269a386560706f3ec5ac47ed98/element/f.A415CF0DC7BF82C6485FB72A7DE5D8B2.d.0F078B6D31CA8F404769C2681CE5B42D.e.2352/click - {}
RESULT: {}
COMMAND: GET /session/fc8710269a386560706f3ec5ac47ed98/screenshot - {}
RESULT: {}
COMMAND: POST /session/fc8710269a386560706f3ec5ac47ed98/execute/async - {"script":"<script> [1562 bytes]","args":[{"selector":{"controlType":"sap.m.Button","viewName":"etm.portal.ui.manageresources.view.Detail","viewId":"application-manageresources-display-component---detailRU","i18NText":{"propertyName":"text","key":"confirm"},"searchOpenDialogs":true,"interaction":{"idSuffix":"content"}},"wdio_ui5_key":"etmportal.ui.manageresources.view.Detailsap.m.Button{\"propertyName\":\"text\",\"key\":\"confirm\"}"}]}
RESULT: {"script":"<script> [1562 bytes]","args":[{"selector":{"controlType":"sap.m.Button","viewName":"etm.portal.ui.manageresources.view.Detail","viewId":"application-manageresources-display-component---detailRU","i18NText":{"propertyName":"text","key":"confirm"},"searchOpenDialogs":true,"interaction":{"idSuffix":"content"}},"wdio_ui5_key":"etmportal.ui.manageresources.view.Detailsap.m.Button{\"propertyName\":\"text\",\"key\":\"confirm\"}"}]}
RESULT: undefined
COMMAND: POST /session/fc8710269a386560706f3ec5ac47ed98/element - {"using":"xpath","value":"//*[@id=\"__button169\"]"}
RESULT: {"using":"xpath","value":"//*[@id=\"__button169\"]"}
COMMAND: POST /session/fc8710269a386560706f3ec5ac47ed98/element/f.A415CF0DC7BF82C6485FB72A7DE5D8B2.d.0F078B6D31CA8F404769C2681CE5B42D.e.2376/click - {}
RESULT: {}
COMMAND: GET /session/fc8710269a386560706f3ec5ac47ed98/screenshot - {}
RESULT: {}
RESULT: undefined
COMMAND: POST /session/fc8710269a386560706f3ec5ac47ed98/execute/async - {"script":"<script> [776 bytes]","args":[{"enterText":"WdIORUEquip2qz1k3f","selector":{"id":"application-manageresources-display-component---newResourceUnit--resourceId","interaction":{"idSuffix":"inner"}},"clearTextFirst":true,"interactionType":"ENTER_TEXT"}]}
RESULT: {"script":"<script> [776 bytes]","args":[{"enterText":"WdIORUEquip2qz1k3f","selector":{"id":"application-manageresources-display-component---newResourceUnit--resourceId","interaction":{"idSuffix":"inner"}},"clearTextFirst":true,"interactionType":"ENTER_TEXT"}]}
COMMAND: POST /session/fc8710269a386560706f3ec5ac47ed98/element - {"using":"xpath","value":"//input[contains(@id ,\"application-manageresources-display-component---newResourceUnit--SHORT_TEXT-inner\")]"}
RESULT: {"using":"xpath","value":"//input[contains(@id ,\"application-manageresources-display-component---newResourceUnit--SHORT_TEXT-inner\")]"}
COMMAND: POST /session/fc8710269a386560706f3ec5ac47ed98/element/f.A415CF0DC7BF82C6485FB72A7DE5D8B2.d.0F078B6D31CA8F404769C2681CE5B42D.e.2093/clear - {}
RESULT: {}
COMMAND: POST /session/fc8710269a386560706f3ec5ac47ed98/element/f.A415CF0DC7BF82C6485FB72A7DE5D8B2.d.0F078B6D31CA8F404769C2681CE5B42D.e.2093/clear - {}
COMMAND: GET /session/fc8710269a386560706f3ec5ac47ed98/screenshot - {}
RESULT: {}
COMMAND: POST /session/fc8710269a386560706f3ec5ac47ed98/element/f.A415CF0DC7BF82C6485FB72A7DE5D8B2.d.0F078B6D31CA8F404769C2681CE5B42D.e.2093/value - {"text":"WdIORUEquip2qz1k3f"}
COMMAND: GET /session/fc8710269a386560706f3ec5ac47ed98/screenshot - {}
RESULT: {}
RESULT: {"text":"WdIORUEquip2qz1k3f"}
COMMAND: POST /session/fc8710269a386560706f3ec5ac47ed98/element - {"using":"xpath","value":"//bdi[contains(text(), \"Time Segment\")]"}
COMMAND: GET /session/fc8710269a386560706f3ec5ac47ed98/screenshot - {}
RESULT: {}
RESULT: {"using":"xpath","value":"//bdi[contains(text(), \"Time Segment\")]"}
COMMAND: GET /session/fc8710269a386560706f3ec5ac47ed98/element/f.A415CF0DC7BF82C6485FB72A7DE5D8B2.d.0F078B6D31CA8F404769C2681CE5B42D.e.2249/rect - {}
RESULT: {}
RESULT: {}
COMMAND: GET /session/fc8710269a386560706f3ec5ac47ed98/window/rect - {}
RESULT: {}
COMMAND: POST /session/fc8710269a386560706f3ec5ac47ed98/execute/sync - {"script":"<script> [92 bytes]","args":[]}
RESULT: {"script":"<script> [92 bytes]","args":[]}
COMMAND: POST /session/fc8710269a386560706f3ec5ac47ed98/actions - {"actions":[{"id":"action9","type":"wheel","parameters":{},"actions":[{"type":"scroll","x":-1820,"y":962,"deltaX":0,"deltaY":0,"duration":0,"origin":{"element-6066-11e4-a52e-4f735466cecf":"f.A415CF0DC7BF82C6485FB72A7DE5D8B2.d.0F078B6D31CA8F404769C2681CE5B42D.e.2249"}}]}]}
COMMAND: GET /session/fc8710269a386560706f3ec5ac47ed98/screenshot - {}
RESULT: {}
COMMAND: POST /session/fc8710269a386560706f3ec5ac47ed98/execute/sync - {"script":"<script> [79 bytes]","args":[{"element-6066-11e4-a52e-4f735466cecf":"f.A415CF0DC7BF82C6485FB72A7DE5D8B2.d.0F078B6D31CA8F404769C2681CE5B42D.e.2249","ELEMENT":"f.A415CF0DC7BF82C6485FB72A7DE5D8B2.d.0F078B6D31CA8F404769C2681CE5B42D.e.2249"},{"block":"start","inline":"nearest"}]}
RESULT: {"script":"<script> [79 bytes]","args":[{"element-6066-11e4-a52e-4f735466cecf":"f.A415CF0DC7BF82C6485FB72A7DE5D8B2.d.0F078B6D31CA8F404769C2681CE5B42D.e.2249","ELEMENT":"f.A415CF0DC7BF82C6485FB72A7DE5D8B2.d.0F078B6D31CA8F404769C2681CE5B42D.e.2249"},{"block":"start","inline":"nearest"}]}
COMMAND: GET /session/fc8710269a386560706f3ec5ac47ed98/screenshot - {}
RESULT: {}
COMMAND: POST /session/fc8710269a386560706f3ec5ac47ed98/element - {"using":"xpath","value":"//input[@id=\"application-manageresources-display-component---newResourceUnit--idRuTSAdmin-application-manageresources-display-component---newResourceUnit--RUTimeSegment-0-inner\"]"}
RESULT: {"using":"xpath","value":"//input[@id=\"application-manageresources-display-component---newResourceUnit--idRuTSAdmin-application-manageresources-display-component---newResourceUnit--RUTimeSegment-0-inner\"]"}
COMMAND: POST /session/fc8710269a386560706f3ec5ac47ed98/element/f.A415CF0DC7BF82C6485FB72A7DE5D8B2.d.0F078B6D31CA8F404769C2681CE5B42D.e.2256/clear - {}
RESULT: {}
COMMAND: POST /session/fc8710269a386560706f3ec5ac47ed98/element/f.A415CF0DC7BF82C6485FB72A7DE5D8B2.d.0F078B6D31CA8F404769C2681CE5B42D.e.2256/value - {"text":"WebdriverYardx2p2o"}
COMMAND: GET /session/fc8710269a386560706f3ec5ac47ed98/screenshot - {}
RESULT: {"text":"WebdriverYardx2p2o"}
COMMAND: GET /session/fc8710269a386560706f3ec5ac47ed98/screenshot - {}
RESULT: {}
RESULT: {}
COMMAND: POST /session/fc8710269a386560706f3ec5ac47ed98/actions - {"actions":[{"id":"action10","type":"key","parameters":{},"actions":[{"type":"keyDown","value":"î€‡"},{"type":"pause","duration":10},{"type":"keyUp","value":"î€‡"}]}]}
RESULT: {"actions":[{"id":"action10","type":"key","parameters":{},"actions":[{"type":"keyDown","value":"î€‡"},{"type":"pause","duration":10},{"type":"keyUp","value":"î€‡"}]}]}
COMMAND: GET /session/fc8710269a386560706f3ec5ac47ed98/screenshot - {}
RESULT: {}
RESULT: undefined
COMMAND: POST /session/fc8710269a386560706f3ec5ac47ed98/element - {"using":"xpath","value":"//*[@id=\"__box10-application-manageresources-display-component---newResourceUnit--RUTimeSegment-0-arrow\"]"}
RESULT: {"using":"xpath","value":"//*[@id=\"__box10-application-manageresources-display-component---newResourceUnit--RUTimeSegment-0-arrow\"]"}
COMMAND: POST /session/fc8710269a386560706f3ec5ac47ed98/element/f.A415CF0DC7BF82C6485FB72A7DE5D8B2.d.0F078B6D31CA8F404769C2681CE5B42D.e.2270/click - {}
RESULT: {}
COMMAND: GET /session/fc8710269a386560706f3ec5ac47ed98/screenshot - {}
RESULT: {}
COMMAND: POST /session/fc8710269a386560706f3ec5ac47ed98/element - {"using":"xpath","value":"//span[contains(@id ,\"titleText\")][contains(text(), \"PM Order\")]"}
RESULT: {"using":"xpath","value":"//span[contains(@id ,\"titleText\")][contains(text(), \"PM Order\")]"}
COMMAND: POST /session/fc8710269a386560706f3ec5ac47ed98/element/f.A415CF0DC7BF82C6485FB72A7DE5D8B2.d.0F078B6D31CA8F404769C2681CE5B42D.e.2397/click - {}
RESULT: {}
COMMAND: GET /session/fc8710269a386560706f3ec5ac47ed98/screenshot - {}
RESULT: {}
COMMAND: POST /session/fc8710269a386560706f3ec5ac47ed98/element - {"using":"xpath","value":"(//input[contains(@id ,\"-application-manageresources-display-component---newResourceUnit--RUTimeSegment-0-inner\")])[8]"}
RESULT: {"using":"xpath","value":"(//input[contains(@id ,\"-application-manageresources-display-component---newResourceUnit--RUTimeSegment-0-inner\")])[8]"}
COMMAND: POST /session/fc8710269a386560706f3ec5ac47ed98/element/f.A415CF0DC7BF82C6485FB72A7DE5D8B2.d.0F078B6D31CA8F404769C2681CE5B42D.e.2400/clear - {}
RESULT: {}
COMMAND: POST /session/fc8710269a386560706f3ec5ac47ed98/element/f.A415CF0DC7BF82C6485FB72A7DE5D8B2.d.0F078B6D31CA8F404769C2681CE5B42D.e.2400/value - {"text":"4000360"}
COMMAND: GET /session/fc8710269a386560706f3ec5ac47ed98/screenshot - {}
RESULT: {"text":"4000360"}
COMMAND: GET /session/fc8710269a386560706f3ec5ac47ed98/screenshot - {}
RESULT: {}
RESULT: {}
COMMAND: POST /session/fc8710269a386560706f3ec5ac47ed98/actions - {"actions":[{"id":"action11","type":"key","parameters":{},"actions":[{"type":"keyDown","value":"î€‡"},{"type":"pause","duration":10},{"type":"keyUp","value":"î€‡"}]}]}
RESULT: {"actions":[{"id":"action11","type":"key","parameters":{},"actions":[{"type":"keyDown","value":"î€‡"},{"type":"pause","duration":10},{"type":"keyUp","value":"î€‡"}]}]}
COMMAND: GET /session/fc8710269a386560706f3ec5ac47ed98/screenshot - {}
RESULT: {}
RESULT: undefined
COMMAND: POST /session/fc8710269a386560706f3ec5ac47ed98/element - {"using":"xpath","value":"//*[@id=\"application-manageresources-display-component---newResourceUnit--createRuButton\"]"}
RESULT: {"using":"xpath","value":"//*[@id=\"application-manageresources-display-component---newResourceUnit--createRuButton\"]"}
COMMAND: POST /session/fc8710269a386560706f3ec5ac47ed98/element/f.A415CF0DC7BF82C6485FB72A7DE5D8B2.d.0F078B6D31CA8F404769C2681CE5B42D.e.2088/click - {}
RESULT: {}
COMMAND: GET /session/fc8710269a386560706f3ec5ac47ed98/screenshot - {}
RESULT: {}
COMMAND: POST /session/fc8710269a386560706f3ec5ac47ed98/element - {"using":"xpath","value":"(//bdi[contains(text(), \"Close\")])[1]"}
RESULT: {"using":"xpath","value":"(//bdi[contains(text(), \"Close\")])[1]"}
COMMAND: POST /session/fc8710269a386560706f3ec5ac47ed98/element/f.A415CF0DC7BF82C6485FB72A7DE5D8B2.d.0F078B6D31CA8F404769C2681CE5B42D.e.2420/click - {}
RESULT: {}
COMMAND: GET /session/fc8710269a386560706f3ec5ac47ed98/screenshot - {}
RESULT: {}
]]></system-out>
    </testcase>
    <testcase classname="chrome.137_0_7151_69.windows.Related_resources_for_groups_US139107" name="Should verify the Yard Overview hyperlinks in related resource" time="146.445">
      <system-out><![CDATA[
COMMAND: POST /session/fc8710269a386560706f3ec5ac47ed98/execute/async - {"script":"<script> [1562 bytes]","args":[{"selector":{"controlType":"sap.ui.core.Icon","viewName":"etm.portal.ui.manageresources.view.Detail","viewId":"application-manageresources-display-component---detailRU","properties":{"src":{"regex":{"source":"decline"}}}},"wdio_ui5_key":"etmportal.ui.manageresources.view.Detailsap.ui.core.Icon{\"src\":{\"regex\":{\"source\":\"decline\"}}}"}]}
RESULT: {"script":"<script> [1562 bytes]","args":[{"selector":{"controlType":"sap.ui.core.Icon","viewName":"etm.portal.ui.manageresources.view.Detail","viewId":"application-manageresources-display-component---detailRU","properties":{"src":{"regex":{"source":"decline"}}}},"wdio_ui5_key":"etmportal.ui.manageresources.view.Detailsap.ui.core.Icon{\"src\":{\"regex\":{\"source\":\"decline\"}}}"}]}
RESULT: undefined
COMMAND: POST /session/fc8710269a386560706f3ec5ac47ed98/element - {"using":"xpath","value":"//input[contains(@id ,\"application-manageresources-display-component---masterRU--smartFilterBar-btnBasicSearch-I\")]"}
RESULT: {"using":"xpath","value":"//input[contains(@id ,\"application-manageresources-display-component---masterRU--smartFilterBar-btnBasicSearch-I\")]"}
COMMAND: POST /session/fc8710269a386560706f3ec5ac47ed98/element/f.A415CF0DC7BF82C6485FB72A7DE5D8B2.d.0F078B6D31CA8F404769C2681CE5B42D.e.1735/value - {"text":"WdIORUGroupnnk9r"}
RESULT: {"text":"WdIORUGroupnnk9r"}
COMMAND: GET /session/fc8710269a386560706f3ec5ac47ed98/screenshot - {}
RESULT: {}
COMMAND: POST /session/fc8710269a386560706f3ec5ac47ed98/actions - {"actions":[{"id":"action12","type":"key","parameters":{},"actions":[{"type":"keyDown","value":"î€‡"},{"type":"pause","duration":10},{"type":"keyUp","value":"î€‡"}]}]}
RESULT: {"actions":[{"id":"action12","type":"key","parameters":{},"actions":[{"type":"keyDown","value":"î€‡"},{"type":"pause","duration":10},{"type":"keyUp","value":"î€‡"}]}]}
COMMAND: GET /session/fc8710269a386560706f3ec5ac47ed98/screenshot - {}
RESULT: {}
COMMAND: POST /session/fc8710269a386560706f3ec5ac47ed98/execute/async - {"script":"<script> [1562 bytes]","args":[{"selector":{"controlType":"sap.ui.core.Icon","viewName":"etm.portal.ui.manageresources.view.Master","viewId":"application-manageresources-display-component---masterRU","properties":{"src":{"regex":{"source":"slim\\-arrow\\-right"}}}},"wdio_ui5_key":"etmportal.ui.manageresources.view.Mastersap.ui.core.Icon{\"src\":{\"regex\":{\"source\":\"slim\\\\-arrow\\\\-right\"}}}"}]}
RESULT: {"script":"<script> [1562 bytes]","args":[{"selector":{"controlType":"sap.ui.core.Icon","viewName":"etm.portal.ui.manageresources.view.Master","viewId":"application-manageresources-display-component---masterRU","properties":{"src":{"regex":{"source":"slim\\-arrow\\-right"}}}},"wdio_ui5_key":"etmportal.ui.manageresources.view.Mastersap.ui.core.Icon{\"src\":{\"regex\":{\"source\":\"slim\\\\-arrow\\\\-right\"}}}"}]}
RESULT: undefined
COMMAND: POST /session/fc8710269a386560706f3ec5ac47ed98/element - {"using":"xpath","value":"//*[@id=\"__item846-__clone2289-imgNav\"]"}
RESULT: {"using":"xpath","value":"//*[@id=\"__item846-__clone2289-imgNav\"]"}
COMMAND: POST /session/fc8710269a386560706f3ec5ac47ed98/element/f.A415CF0DC7BF82C6485FB72A7DE5D8B2.d.0F078B6D31CA8F404769C2681CE5B42D.e.1906/click - {}
RESULT: {}
COMMAND: GET /session/fc8710269a386560706f3ec5ac47ed98/screenshot - {}
RESULT: {}
COMMAND: POST /session/fc8710269a386560706f3ec5ac47ed98/element - {"using":"xpath","value":"//bdi[contains(@id ,\"application-manageresources-display-component---detailRU--openRelatedRus-BDI-content\")]"}
RESULT: {"using":"xpath","value":"//bdi[contains(@id ,\"application-manageresources-display-component---detailRU--openRelatedRus-BDI-content\")]"}
COMMAND: POST /session/fc8710269a386560706f3ec5ac47ed98/execute/sync - {"script":"<script> [8489 bytes]","args":[{"element-6066-11e4-a52e-4f735466cecf":"f.A415CF0DC7BF82C6485FB72A7DE5D8B2.d.0F078B6D31CA8F404769C2681CE5B42D.e.2662","ELEMENT":"f.A415CF0DC7BF82C6485FB72A7DE5D8B2.d.0F078B6D31CA8F404769C2681CE5B42D.e.2662"}]}
RESULT: {"script":"<script> [8489 bytes]","args":[{"element-6066-11e4-a52e-4f735466cecf":"f.A415CF0DC7BF82C6485FB72A7DE5D8B2.d.0F078B6D31CA8F404769C2681CE5B42D.e.2662","ELEMENT":"f.A415CF0DC7BF82C6485FB72A7DE5D8B2.d.0F078B6D31CA8F404769C2681CE5B42D.e.2662"}]}
COMMAND: POST /session/fc8710269a386560706f3ec5ac47ed98/execute/sync - {"script":"<script> [5351 bytes]","args":[{"element-6066-11e4-a52e-4f735466cecf":"f.A415CF0DC7BF82C6485FB72A7DE5D8B2.d.0F078B6D31CA8F404769C2681CE5B42D.e.2662","ELEMENT":"f.A415CF0DC7BF82C6485FB72A7DE5D8B2.d.0F078B6D31CA8F404769C2681CE5B42D.e.2662"}]}
COMMAND: GET /session/fc8710269a386560706f3ec5ac47ed98/screenshot - {}
RESULT: {"script":"<script> [5351 bytes]","args":[{"element-6066-11e4-a52e-4f735466cecf":"f.A415CF0DC7BF82C6485FB72A7DE5D8B2.d.0F078B6D31CA8F404769C2681CE5B42D.e.2662","ELEMENT":"f.A415CF0DC7BF82C6485FB72A7DE5D8B2.d.0F078B6D31CA8F404769C2681CE5B42D.e.2662"}]}
COMMAND: POST /session/fc8710269a386560706f3ec5ac47ed98/element/f.A415CF0DC7BF82C6485FB72A7DE5D8B2.d.0F078B6D31CA8F404769C2681CE5B42D.e.2662/click - {}
COMMAND: GET /session/fc8710269a386560706f3ec5ac47ed98/screenshot - {}
RESULT: {}
RESULT: {}
COMMAND: GET /session/fc8710269a386560706f3ec5ac47ed98/screenshot - {}
RESULT: {}
RESULT: {}
COMMAND: POST /session/fc8710269a386560706f3ec5ac47ed98/element - {"using":"xpath","value":"//*[contains(@data-kt ,\"openRUIdMenuLink\")]"}
RESULT: {"using":"xpath","value":"//*[contains(@data-kt ,\"openRUIdMenuLink\")]"}
COMMAND: POST /session/fc8710269a386560706f3ec5ac47ed98/execute/sync - {"script":"<script> [8489 bytes]","args":[{"element-6066-11e4-a52e-4f735466cecf":"f.A415CF0DC7BF82C6485FB72A7DE5D8B2.d.0F078B6D31CA8F404769C2681CE5B42D.e.2668","ELEMENT":"f.A415CF0DC7BF82C6485FB72A7DE5D8B2.d.0F078B6D31CA8F404769C2681CE5B42D.e.2668"}]}
RESULT: {"script":"<script> [8489 bytes]","args":[{"element-6066-11e4-a52e-4f735466cecf":"f.A415CF0DC7BF82C6485FB72A7DE5D8B2.d.0F078B6D31CA8F404769C2681CE5B42D.e.2668","ELEMENT":"f.A415CF0DC7BF82C6485FB72A7DE5D8B2.d.0F078B6D31CA8F404769C2681CE5B42D.e.2668"}]}
COMMAND: POST /session/fc8710269a386560706f3ec5ac47ed98/execute/sync - {"script":"<script> [5351 bytes]","args":[{"element-6066-11e4-a52e-4f735466cecf":"f.A415CF0DC7BF82C6485FB72A7DE5D8B2.d.0F078B6D31CA8F404769C2681CE5B42D.e.2668","ELEMENT":"f.A415CF0DC7BF82C6485FB72A7DE5D8B2.d.0F078B6D31CA8F404769C2681CE5B42D.e.2668"}]}
COMMAND: GET /session/fc8710269a386560706f3ec5ac47ed98/screenshot - {}
RESULT: {"script":"<script> [5351 bytes]","args":[{"element-6066-11e4-a52e-4f735466cecf":"f.A415CF0DC7BF82C6485FB72A7DE5D8B2.d.0F078B6D31CA8F404769C2681CE5B42D.e.2668","ELEMENT":"f.A415CF0DC7BF82C6485FB72A7DE5D8B2.d.0F078B6D31CA8F404769C2681CE5B42D.e.2668"}]}
COMMAND: POST /session/fc8710269a386560706f3ec5ac47ed98/execute/async - {"script":"<script> [1562 bytes]","args":[{"selector":{"id":"RelatedRUsFragmentID--smartTableRUs-header","searchOpenDialogs":true},"wdio_ui5_key":"RelatedRUsFragmentIDsmartTableRUs-header"}]}
COMMAND: GET /session/fc8710269a386560706f3ec5ac47ed98/screenshot - {}
RESULT: {}
RESULT: {"script":"<script> [1562 bytes]","args":[{"selector":{"id":"RelatedRUsFragmentID--smartTableRUs-header","searchOpenDialogs":true},"wdio_ui5_key":"RelatedRUsFragmentIDsmartTableRUs-header"}]}
RESULT: undefined
COMMAND: POST /session/fc8710269a386560706f3ec5ac47ed98/execute/async - {"script":"<script> [6424 bytes]","args":[{"element-6066-11e4-a52e-4f735466cecf":"f.A415CF0DC7BF82C6485FB72A7DE5D8B2.d.0F078B6D31CA8F404769C2681CE5B42D.e.2669"},"getText",[]]}
RESULT: {}
RESULT: {"script":"<script> [6424 bytes]","args":[{"element-6066-11e4-a52e-4f735466cecf":"f.A415CF0DC7BF82C6485FB72A7DE5D8B2.d.0F078B6D31CA8F404769C2681CE5B42D.e.2669"},"getText",[]]}
COMMAND: POST /session/fc8710269a386560706f3ec5ac47ed98/element/f.A415CF0DC7BF82C6485FB72A7DE5D8B2.d.0F078B6D31CA8F404769C2681CE5B42D.e.2668/click - {}
RESULT: {}
COMMAND: GET /session/fc8710269a386560706f3ec5ac47ed98/screenshot - {}
RESULT: {}
COMMAND: POST /session/fc8710269a386560706f3ec5ac47ed98/element - {"using":"xpath","value":"//*[contains(@data-kt ,\"ContextMenuId2Link\")][contains(text(), \"RU Overview\")]"}
RESULT: {"using":"xpath","value":"//*[contains(@data-kt ,\"ContextMenuId2Link\")][contains(text(), \"RU Overview\")]"}
COMMAND: POST /session/fc8710269a386560706f3ec5ac47ed98/execute/sync - {"script":"<script> [8489 bytes]","args":[{"element-6066-11e4-a52e-4f735466cecf":"f.A415CF0DC7BF82C6485FB72A7DE5D8B2.d.0F078B6D31CA8F404769C2681CE5B42D.e.2671","ELEMENT":"f.A415CF0DC7BF82C6485FB72A7DE5D8B2.d.0F078B6D31CA8F404769C2681CE5B42D.e.2671"}]}
COMMAND: POST /session/fc8710269a386560706f3ec5ac47ed98/element/f.A415CF0DC7BF82C6485FB72A7DE5D8B2.d.0F078B6D31CA8F404769C2681CE5B42D.e.2671/click - {}
RESULT: {"script":"<script> [8489 bytes]","args":[{"element-6066-11e4-a52e-4f735466cecf":"f.A415CF0DC7BF82C6485FB72A7DE5D8B2.d.0F078B6D31CA8F404769C2681CE5B42D.e.2671","ELEMENT":"f.A415CF0DC7BF82C6485FB72A7DE5D8B2.d.0F078B6D31CA8F404769C2681CE5B42D.e.2671"}]}
COMMAND: GET /session/fc8710269a386560706f3ec5ac47ed98/screenshot - {}
RESULT: {}
COMMAND: GET /session/fc8710269a386560706f3ec5ac47ed98/screenshot - {}
RESULT: {}
RESULT: {}
COMMAND: POST /session/fc8710269a386560706f3ec5ac47ed98/execute/async - {"script":"<script> [1562 bytes]","args":[{"selector":{"id":"shellAppTitle"},"wdio_ui5_key":"shellAppTitle"}]}
RESULT: {"script":"<script> [1562 bytes]","args":[{"selector":{"id":"shellAppTitle"},"wdio_ui5_key":"shellAppTitle"}]}
RESULT: undefined
COMMAND: POST /session/fc8710269a386560706f3ec5ac47ed98/execute/async - {"script":"<script> [6424 bytes]","args":[{"element-6066-11e4-a52e-4f735466cecf":"f.A415CF0DC7BF82C6485FB72A7DE5D8B2.d.0F078B6D31CA8F404769C2681CE5B42D.e.2986"},"getTitle",[]]}
RESULT: {"script":"<script> [6424 bytes]","args":[{"element-6066-11e4-a52e-4f735466cecf":"f.A415CF0DC7BF82C6485FB72A7DE5D8B2.d.0F078B6D31CA8F404769C2681CE5B42D.e.2986"},"getTitle",[]]}
COMMAND: POST /session/fc8710269a386560706f3ec5ac47ed98/element - {"using":"xpath","value":"//span[contains(@id ,\"application-manageresources-display-component---detailRU--snappedTitle-inner\")][contains(text(), \"WdIORUEquip1rwguv\")]"}
RESULT: {"using":"xpath","value":"//span[contains(@id ,\"application-manageresources-display-component---detailRU--snappedTitle-inner\")][contains(text(), \"WdIORUEquip1rwguv\")]"}
COMMAND: POST /session/fc8710269a386560706f3ec5ac47ed98/element - {"using":"xpath","value":"//span[contains(@id ,\"application-manageresources-display-component---detailRU--snappedTitle-inner\")][contains(text(), \"WdIORUEquip1rwguv\")]"}
COMMAND: POST /session/fc8710269a386560706f3ec5ac47ed98/execute/async - {"script":"<script> [1562 bytes]","args":[{"selector":{"id":"backBtn"},"wdio_ui5_key":"backBtn"}]}
RESULT: {"using":"xpath","value":"//span[contains(@id ,\"application-manageresources-display-component---detailRU--snappedTitle-inner\")][contains(text(), \"WdIORUEquip1rwguv\")]"}
RESULT: {"script":"<script> [1562 bytes]","args":[{"selector":{"id":"backBtn"},"wdio_ui5_key":"backBtn"}]}
RESULT: undefined
COMMAND: POST /session/fc8710269a386560706f3ec5ac47ed98/element - {"using":"xpath","value":"//*[@id=\"backBtn\"]"}
RESULT: {"using":"xpath","value":"//*[@id=\"backBtn\"]"}
COMMAND: POST /session/fc8710269a386560706f3ec5ac47ed98/element/f.A415CF0DC7BF82C6485FB72A7DE5D8B2.d.0F078B6D31CA8F404769C2681CE5B42D.e.2987/click - {}
COMMAND: POST /session/fc8710269a386560706f3ec5ac47ed98/element - {"using":"xpath","value":"//span[contains(@id ,\"application-manageresources-display-component---detailRU--snappedTitle-inner\")][contains(text(), \"WdIORUEquip1rwguv\")]"}
RESULT: {}
COMMAND: GET /session/fc8710269a386560706f3ec5ac47ed98/screenshot - {}
RESULT: {"using":"xpath","value":"//span[contains(@id ,\"application-manageresources-display-component---detailRU--snappedTitle-inner\")][contains(text(), \"WdIORUEquip1rwguv\")]"}
COMMAND: POST /session/fc8710269a386560706f3ec5ac47ed98/element - {"using":"xpath","value":"//span[contains(@id ,\"application-manageresources-display-component---detailRU--snappedTitle-inner\")][contains(text(), \"WdIORUEquip1rwguv\")]"}
RESULT: {}
RESULT: {"using":"xpath","value":"//span[contains(@id ,\"application-manageresources-display-component---detailRU--snappedTitle-inner\")][contains(text(), \"WdIORUEquip1rwguv\")]"}
COMMAND: POST /session/fc8710269a386560706f3ec5ac47ed98/element - {"using":"xpath","value":"//span[contains(@id ,\"application-manageresources-display-component---detailRU--snappedTitle-inner\")][contains(text(), \"WdIORUEquip1rwguv\")]"}
RESULT: {"using":"xpath","value":"//span[contains(@id ,\"application-manageresources-display-component---detailRU--snappedTitle-inner\")][contains(text(), \"WdIORUEquip1rwguv\")]"}
COMMAND: POST /session/fc8710269a386560706f3ec5ac47ed98/element - {"using":"xpath","value":"//span[contains(@id ,\"application-manageresources-display-component---detailRU--snappedTitle-inner\")][contains(text(), \"WdIORUEquip1rwguv\")]"}
RESULT: {"using":"xpath","value":"//span[contains(@id ,\"application-manageresources-display-component---detailRU--snappedTitle-inner\")][contains(text(), \"WdIORUEquip1rwguv\")]"}
COMMAND: POST /session/fc8710269a386560706f3ec5ac47ed98/element - {"using":"xpath","value":"//span[contains(@id ,\"application-manageresources-display-component---detailRU--snappedTitle-inner\")][contains(text(), \"WdIORUEquip1rwguv\")]"}
RESULT: {"using":"xpath","value":"//span[contains(@id ,\"application-manageresources-display-component---detailRU--snappedTitle-inner\")][contains(text(), \"WdIORUEquip1rwguv\")]"}
COMMAND: POST /session/fc8710269a386560706f3ec5ac47ed98/element - {"using":"xpath","value":"//span[contains(@id ,\"application-manageresources-display-component---detailRU--snappedTitle-inner\")][contains(text(), \"WdIORUEquip1rwguv\")]"}
RESULT: {"using":"xpath","value":"//span[contains(@id ,\"application-manageresources-display-component---detailRU--snappedTitle-inner\")][contains(text(), \"WdIORUEquip1rwguv\")]"}
COMMAND: POST /session/fc8710269a386560706f3ec5ac47ed98/element - {"using":"xpath","value":"//span[contains(@id ,\"application-manageresources-display-component---detailRU--snappedTitle-inner\")][contains(text(), \"WdIORUEquip1rwguv\")]"}
RESULT: {"using":"xpath","value":"//span[contains(@id ,\"application-manageresources-display-component---detailRU--snappedTitle-inner\")][contains(text(), \"WdIORUEquip1rwguv\")]"}
COMMAND: POST /session/fc8710269a386560706f3ec5ac47ed98/element - {"using":"xpath","value":"//span[contains(@id ,\"application-manageresources-display-component---detailRU--snappedTitle-inner\")][contains(text(), \"WdIORUEquip1rwguv\")]"}
RESULT: {"using":"xpath","value":"//span[contains(@id ,\"application-manageresources-display-component---detailRU--snappedTitle-inner\")][contains(text(), \"WdIORUEquip1rwguv\")]"}
COMMAND: POST /session/fc8710269a386560706f3ec5ac47ed98/element - {"using":"xpath","value":"//span[contains(@id ,\"application-manageresources-display-component---detailRU--snappedTitle-inner\")][contains(text(), \"WdIORUEquip1rwguv\")]"}
RESULT: {"using":"xpath","value":"//span[contains(@id ,\"application-manageresources-display-component---detailRU--snappedTitle-inner\")][contains(text(), \"WdIORUEquip1rwguv\")]"}
COMMAND: POST /session/fc8710269a386560706f3ec5ac47ed98/element - {"using":"xpath","value":"//span[contains(@id ,\"application-manageresources-display-component---detailRU--snappedTitle-inner\")][contains(text(), \"WdIORUEquip1rwguv\")]"}
RESULT: {"using":"xpath","value":"//span[contains(@id ,\"application-manageresources-display-component---detailRU--snappedTitle-inner\")][contains(text(), \"WdIORUEquip1rwguv\")]"}
COMMAND: POST /session/fc8710269a386560706f3ec5ac47ed98/element - {"using":"xpath","value":"//span[contains(@id ,\"application-manageresources-display-component---detailRU--snappedTitle-inner\")][contains(text(), \"WdIORUEquip1rwguv\")]"}
RESULT: {"using":"xpath","value":"//span[contains(@id ,\"application-manageresources-display-component---detailRU--snappedTitle-inner\")][contains(text(), \"WdIORUEquip1rwguv\")]"}
COMMAND: POST /session/fc8710269a386560706f3ec5ac47ed98/element - {"using":"xpath","value":"//span[contains(@id ,\"application-manageresources-display-component---detailRU--snappedTitle-inner\")][contains(text(), \"WdIORUEquip1rwguv\")]"}
RESULT: {"using":"xpath","value":"//span[contains(@id ,\"application-manageresources-display-component---detailRU--snappedTitle-inner\")][contains(text(), \"WdIORUEquip1rwguv\")]"}
COMMAND: POST /session/fc8710269a386560706f3ec5ac47ed98/element - {"using":"xpath","value":"//span[contains(@id ,\"application-manageresources-display-component---detailRU--snappedTitle-inner\")][contains(text(), \"WdIORUEquip1rwguv\")]"}
RESULT: {"using":"xpath","value":"//span[contains(@id ,\"application-manageresources-display-component---detailRU--snappedTitle-inner\")][contains(text(), \"WdIORUEquip1rwguv\")]"}
COMMAND: POST /session/fc8710269a386560706f3ec5ac47ed98/element - {"using":"xpath","value":"//span[contains(@id ,\"application-manageresources-display-component---detailRU--snappedTitle-inner\")][contains(text(), \"WdIORUEquip1rwguv\")]"}
RESULT: {"using":"xpath","value":"//span[contains(@id ,\"application-manageresources-display-component---detailRU--snappedTitle-inner\")][contains(text(), \"WdIORUEquip1rwguv\")]"}
COMMAND: POST /session/fc8710269a386560706f3ec5ac47ed98/element - {"using":"xpath","value":"//span[contains(@id ,\"application-manageresources-display-component---detailRU--snappedTitle-inner\")][contains(text(), \"WdIORUEquip1rwguv\")]"}
RESULT: {"using":"xpath","value":"//span[contains(@id ,\"application-manageresources-display-component---detailRU--snappedTitle-inner\")][contains(text(), \"WdIORUEquip1rwguv\")]"}
COMMAND: POST /session/fc8710269a386560706f3ec5ac47ed98/element - {"using":"xpath","value":"//span[contains(@id ,\"application-manageresources-display-component---detailRU--snappedTitle-inner\")][contains(text(), \"WdIORUEquip1rwguv\")]"}
RESULT: {"using":"xpath","value":"//span[contains(@id ,\"application-manageresources-display-component---detailRU--snappedTitle-inner\")][contains(text(), \"WdIORUEquip1rwguv\")]"}
COMMAND: POST /session/fc8710269a386560706f3ec5ac47ed98/element - {"using":"xpath","value":"//span[contains(@id ,\"application-manageresources-display-component---detailRU--snappedTitle-inner\")][contains(text(), \"WdIORUEquip1rwguv\")]"}
RESULT: {"using":"xpath","value":"//span[contains(@id ,\"application-manageresources-display-component---detailRU--snappedTitle-inner\")][contains(text(), \"WdIORUEquip1rwguv\")]"}
COMMAND: POST /session/fc8710269a386560706f3ec5ac47ed98/element - {"using":"xpath","value":"//span[contains(@id ,\"application-manageresources-display-component---detailRU--snappedTitle-inner\")][contains(text(), \"WdIORUEquip1rwguv\")]"}
RESULT: {"using":"xpath","value":"//span[contains(@id ,\"application-manageresources-display-component---detailRU--snappedTitle-inner\")][contains(text(), \"WdIORUEquip1rwguv\")]"}
COMMAND: POST /session/fc8710269a386560706f3ec5ac47ed98/element - {"using":"xpath","value":"//span[contains(@id ,\"application-manageresources-display-component---detailRU--snappedTitle-inner\")][contains(text(), \"WdIORUEquip1rwguv\")]"}
RESULT: {"using":"xpath","value":"//span[contains(@id ,\"application-manageresources-display-component---detailRU--snappedTitle-inner\")][contains(text(), \"WdIORUEquip1rwguv\")]"}
COMMAND: POST /session/fc8710269a386560706f3ec5ac47ed98/element - {"using":"xpath","value":"//span[contains(@id ,\"application-manageresources-display-component---detailRU--snappedTitle-inner\")][contains(text(), \"WdIORUEquip1rwguv\")]"}
RESULT: {"using":"xpath","value":"//span[contains(@id ,\"application-manageresources-display-component---detailRU--snappedTitle-inner\")][contains(text(), \"WdIORUEquip1rwguv\")]"}
COMMAND: POST /session/fc8710269a386560706f3ec5ac47ed98/element - {"using":"xpath","value":"//span[contains(@id ,\"application-manageresources-display-component---detailRU--snappedTitle-inner\")][contains(text(), \"WdIORUEquip1rwguv\")]"}
RESULT: {"using":"xpath","value":"//span[contains(@id ,\"application-manageresources-display-component---detailRU--snappedTitle-inner\")][contains(text(), \"WdIORUEquip1rwguv\")]"}
COMMAND: POST /session/fc8710269a386560706f3ec5ac47ed98/element - {"using":"xpath","value":"//span[contains(@id ,\"application-manageresources-display-component---detailRU--snappedTitle-inner\")][contains(text(), \"WdIORUEquip1rwguv\")]"}
RESULT: {"using":"xpath","value":"//span[contains(@id ,\"application-manageresources-display-component---detailRU--snappedTitle-inner\")][contains(text(), \"WdIORUEquip1rwguv\")]"}
COMMAND: POST /session/fc8710269a386560706f3ec5ac47ed98/element - {"using":"xpath","value":"//span[contains(@id ,\"application-manageresources-display-component---detailRU--snappedTitle-inner\")][contains(text(), \"WdIORUEquip1rwguv\")]"}
RESULT: {"using":"xpath","value":"//span[contains(@id ,\"application-manageresources-display-component---detailRU--snappedTitle-inner\")][contains(text(), \"WdIORUEquip1rwguv\")]"}
COMMAND: POST /session/fc8710269a386560706f3ec5ac47ed98/element - {"using":"xpath","value":"//span[contains(@id ,\"application-manageresources-display-component---detailRU--snappedTitle-inner\")][contains(text(), \"WdIORUEquip1rwguv\")]"}
RESULT: {"using":"xpath","value":"//span[contains(@id ,\"application-manageresources-display-component---detailRU--snappedTitle-inner\")][contains(text(), \"WdIORUEquip1rwguv\")]"}
COMMAND: POST /session/fc8710269a386560706f3ec5ac47ed98/element - {"using":"xpath","value":"//span[contains(@id ,\"application-manageresources-display-component---detailRU--snappedTitle-inner\")][contains(text(), \"WdIORUEquip1rwguv\")]"}
RESULT: {"using":"xpath","value":"//span[contains(@id ,\"application-manageresources-display-component---detailRU--snappedTitle-inner\")][contains(text(), \"WdIORUEquip1rwguv\")]"}
COMMAND: POST /session/fc8710269a386560706f3ec5ac47ed98/execute/sync - {"script":"<script> [8489 bytes]","args":[{"element-6066-11e4-a52e-4f735466cecf":"f.A415CF0DC7BF82C6485FB72A7DE5D8B2.d.0F078B6D31CA8F404769C2681CE5B42D.e.2662","ELEMENT":"f.A415CF0DC7BF82C6485FB72A7DE5D8B2.d.0F078B6D31CA8F404769C2681CE5B42D.e.2662"}]}
COMMAND: POST /session/fc8710269a386560706f3ec5ac47ed98/element - {"using":"xpath","value":"//bdi[contains(@id ,\"application-manageresources-display-component---detailRU--openRelatedRus-BDI-content\")]"}
RESULT: {"using":"xpath","value":"//bdi[contains(@id ,\"application-manageresources-display-component---detailRU--openRelatedRus-BDI-content\")]"}
COMMAND: POST /session/fc8710269a386560706f3ec5ac47ed98/execute/sync - {"script":"<script> [8489 bytes]","args":[{"element-6066-11e4-a52e-4f735466cecf":"f.A415CF0DC7BF82C6485FB72A7DE5D8B2.d.0F078B6D31CA8F404769C2681CE5B42D.e.3410","ELEMENT":"f.A415CF0DC7BF82C6485FB72A7DE5D8B2.d.0F078B6D31CA8F404769C2681CE5B42D.e.3410"}]}
RESULT: {"script":"<script> [8489 bytes]","args":[{"element-6066-11e4-a52e-4f735466cecf":"f.A415CF0DC7BF82C6485FB72A7DE5D8B2.d.0F078B6D31CA8F404769C2681CE5B42D.e.3410","ELEMENT":"f.A415CF0DC7BF82C6485FB72A7DE5D8B2.d.0F078B6D31CA8F404769C2681CE5B42D.e.3410"}]}
COMMAND: POST /session/fc8710269a386560706f3ec5ac47ed98/execute/sync - {"script":"<script> [5351 bytes]","args":[{"element-6066-11e4-a52e-4f735466cecf":"f.A415CF0DC7BF82C6485FB72A7DE5D8B2.d.0F078B6D31CA8F404769C2681CE5B42D.e.3410","ELEMENT":"f.A415CF0DC7BF82C6485FB72A7DE5D8B2.d.0F078B6D31CA8F404769C2681CE5B42D.e.3410"}]}
COMMAND: GET /session/fc8710269a386560706f3ec5ac47ed98/screenshot - {}
RESULT: {"script":"<script> [5351 bytes]","args":[{"element-6066-11e4-a52e-4f735466cecf":"f.A415CF0DC7BF82C6485FB72A7DE5D8B2.d.0F078B6D31CA8F404769C2681CE5B42D.e.3410","ELEMENT":"f.A415CF0DC7BF82C6485FB72A7DE5D8B2.d.0F078B6D31CA8F404769C2681CE5B42D.e.3410"}]}
COMMAND: POST /session/fc8710269a386560706f3ec5ac47ed98/element/f.A415CF0DC7BF82C6485FB72A7DE5D8B2.d.0F078B6D31CA8F404769C2681CE5B42D.e.3410/click - {}
COMMAND: GET /session/fc8710269a386560706f3ec5ac47ed98/screenshot - {}
COMMAND: POST /session/fc8710269a386560706f3ec5ac47ed98/element - {"using":"xpath","value":"//span[contains(@id ,\"application-manageresources-display-component---detailRU--snappedTitle-inner\")][contains(text(), \"WdIORUEquip1rwguv\")]"}
RESULT: {}
RESULT: {}
COMMAND: GET /session/fc8710269a386560706f3ec5ac47ed98/screenshot - {}
RESULT: {}
RESULT: {"using":"xpath","value":"//span[contains(@id ,\"application-manageresources-display-component---detailRU--snappedTitle-inner\")][contains(text(), \"WdIORUEquip1rwguv\")]"}
RESULT: {}
COMMAND: POST /session/fc8710269a386560706f3ec5ac47ed98/element - {"using":"xpath","value":"//span[contains(@id ,\"application-manageresources-display-component---detailRU--snappedTitle-inner\")][contains(text(), \"WdIORUEquip1rwguv\")]"}
RESULT: {"using":"xpath","value":"//span[contains(@id ,\"application-manageresources-display-component---detailRU--snappedTitle-inner\")][contains(text(), \"WdIORUEquip1rwguv\")]"}
COMMAND: POST /session/fc8710269a386560706f3ec5ac47ed98/element - {"using":"xpath","value":"//span[contains(@id ,\"application-manageresources-display-component---detailRU--snappedTitle-inner\")][contains(text(), \"WdIORUEquip1rwguv\")]"}
RESULT: {"using":"xpath","value":"//span[contains(@id ,\"application-manageresources-display-component---detailRU--snappedTitle-inner\")][contains(text(), \"WdIORUEquip1rwguv\")]"}
COMMAND: POST /session/fc8710269a386560706f3ec5ac47ed98/element - {"using":"xpath","value":"//span[contains(@id ,\"application-manageresources-display-component---detailRU--snappedTitle-inner\")][contains(text(), \"WdIORUEquip1rwguv\")]"}
RESULT: {"using":"xpath","value":"//span[contains(@id ,\"application-manageresources-display-component---detailRU--snappedTitle-inner\")][contains(text(), \"WdIORUEquip1rwguv\")]"}
COMMAND: POST /session/fc8710269a386560706f3ec5ac47ed98/element - {"using":"xpath","value":"//span[contains(@id ,\"application-manageresources-display-component---detailRU--snappedTitle-inner\")][contains(text(), \"WdIORUEquip1rwguv\")]"}
RESULT: {"using":"xpath","value":"//span[contains(@id ,\"application-manageresources-display-component---detailRU--snappedTitle-inner\")][contains(text(), \"WdIORUEquip1rwguv\")]"}
COMMAND: POST /session/fc8710269a386560706f3ec5ac47ed98/element - {"using":"xpath","value":"//span[contains(@id ,\"application-manageresources-display-component---detailRU--snappedTitle-inner\")][contains(text(), \"WdIORUEquip1rwguv\")]"}
RESULT: {"using":"xpath","value":"//span[contains(@id ,\"application-manageresources-display-component---detailRU--snappedTitle-inner\")][contains(text(), \"WdIORUEquip1rwguv\")]"}
COMMAND: POST /session/fc8710269a386560706f3ec5ac47ed98/element - {"using":"xpath","value":"//span[contains(@id ,\"application-manageresources-display-component---detailRU--snappedTitle-inner\")][contains(text(), \"WdIORUEquip1rwguv\")]"}
RESULT: {"using":"xpath","value":"//span[contains(@id ,\"application-manageresources-display-component---detailRU--snappedTitle-inner\")][contains(text(), \"WdIORUEquip1rwguv\")]"}
COMMAND: POST /session/fc8710269a386560706f3ec5ac47ed98/element - {"using":"xpath","value":"//span[contains(@id ,\"application-manageresources-display-component---detailRU--snappedTitle-inner\")][contains(text(), \"WdIORUEquip1rwguv\")]"}
RESULT: {"using":"xpath","value":"//span[contains(@id ,\"application-manageresources-display-component---detailRU--snappedTitle-inner\")][contains(text(), \"WdIORUEquip1rwguv\")]"}
COMMAND: POST /session/fc8710269a386560706f3ec5ac47ed98/element - {"using":"xpath","value":"//span[contains(@id ,\"application-manageresources-display-component---detailRU--snappedTitle-inner\")][contains(text(), \"WdIORUEquip1rwguv\")]"}
COMMAND: POST /session/fc8710269a386560706f3ec5ac47ed98/execute/sync - {"script":"<script> [8489 bytes]","args":[{"element-6066-11e4-a52e-4f735466cecf":"f.A415CF0DC7BF82C6485FB72A7DE5D8B2.d.0F078B6D31CA8F404769C2681CE5B42D.e.2668","ELEMENT":"f.A415CF0DC7BF82C6485FB72A7DE5D8B2.d.0F078B6D31CA8F404769C2681CE5B42D.e.2668"}]}
RESULT: {"using":"xpath","value":"//span[contains(@id ,\"application-manageresources-display-component---detailRU--snappedTitle-inner\")][contains(text(), \"WdIORUEquip1rwguv\")]"}
COMMAND: POST /session/fc8710269a386560706f3ec5ac47ed98/element - {"using":"xpath","value":"//*[contains(@data-kt ,\"openRUIdMenuLink\")]"}
RESULT: {"using":"xpath","value":"//*[contains(@data-kt ,\"openRUIdMenuLink\")]"}
COMMAND: POST /session/fc8710269a386560706f3ec5ac47ed98/execute/sync - {"script":"<script> [8489 bytes]","args":[{"element-6066-11e4-a52e-4f735466cecf":"f.A415CF0DC7BF82C6485FB72A7DE5D8B2.d.0F078B6D31CA8F404769C2681CE5B42D.e.3415","ELEMENT":"f.A415CF0DC7BF82C6485FB72A7DE5D8B2.d.0F078B6D31CA8F404769C2681CE5B42D.e.3415"}]}
RESULT: {"script":"<script> [8489 bytes]","args":[{"element-6066-11e4-a52e-4f735466cecf":"f.A415CF0DC7BF82C6485FB72A7DE5D8B2.d.0F078B6D31CA8F404769C2681CE5B42D.e.3415","ELEMENT":"f.A415CF0DC7BF82C6485FB72A7DE5D8B2.d.0F078B6D31CA8F404769C2681CE5B42D.e.3415"}]}
COMMAND: POST /session/fc8710269a386560706f3ec5ac47ed98/execute/sync - {"script":"<script> [5351 bytes]","args":[{"element-6066-11e4-a52e-4f735466cecf":"f.A415CF0DC7BF82C6485FB72A7DE5D8B2.d.0F078B6D31CA8F404769C2681CE5B42D.e.3415","ELEMENT":"f.A415CF0DC7BF82C6485FB72A7DE5D8B2.d.0F078B6D31CA8F404769C2681CE5B42D.e.3415"}]}
COMMAND: GET /session/fc8710269a386560706f3ec5ac47ed98/screenshot - {}
RESULT: {"script":"<script> [5351 bytes]","args":[{"element-6066-11e4-a52e-4f735466cecf":"f.A415CF0DC7BF82C6485FB72A7DE5D8B2.d.0F078B6D31CA8F404769C2681CE5B42D.e.3415","ELEMENT":"f.A415CF0DC7BF82C6485FB72A7DE5D8B2.d.0F078B6D31CA8F404769C2681CE5B42D.e.3415"}]}
COMMAND: POST /session/fc8710269a386560706f3ec5ac47ed98/element/f.A415CF0DC7BF82C6485FB72A7DE5D8B2.d.0F078B6D31CA8F404769C2681CE5B42D.e.3415/click - {}
COMMAND: GET /session/fc8710269a386560706f3ec5ac47ed98/screenshot - {}
RESULT: {}
COMMAND: POST /session/fc8710269a386560706f3ec5ac47ed98/element - {"using":"xpath","value":"//span[contains(@id ,\"application-manageresources-display-component---detailRU--snappedTitle-inner\")][contains(text(), \"WdIORUEquip1rwguv\")]"}
RESULT: {}
COMMAND: GET /session/fc8710269a386560706f3ec5ac47ed98/screenshot - {}
RESULT: {}
RESULT: {"using":"xpath","value":"//span[contains(@id ,\"application-manageresources-display-component---detailRU--snappedTitle-inner\")][contains(text(), \"WdIORUEquip1rwguv\")]"}
RESULT: {}
COMMAND: POST /session/fc8710269a386560706f3ec5ac47ed98/element - {"using":"xpath","value":"//span[contains(@id ,\"application-manageresources-display-component---detailRU--snappedTitle-inner\")][contains(text(), \"WdIORUEquip1rwguv\")]"}
RESULT: {"using":"xpath","value":"//span[contains(@id ,\"application-manageresources-display-component---detailRU--snappedTitle-inner\")][contains(text(), \"WdIORUEquip1rwguv\")]"}
COMMAND: POST /session/fc8710269a386560706f3ec5ac47ed98/element - {"using":"xpath","value":"//span[contains(@id ,\"application-manageresources-display-component---detailRU--snappedTitle-inner\")][contains(text(), \"WdIORUEquip1rwguv\")]"}
RESULT: {"using":"xpath","value":"//span[contains(@id ,\"application-manageresources-display-component---detailRU--snappedTitle-inner\")][contains(text(), \"WdIORUEquip1rwguv\")]"}
COMMAND: POST /session/fc8710269a386560706f3ec5ac47ed98/element - {"using":"xpath","value":"//span[contains(@id ,\"application-manageresources-display-component---detailRU--snappedTitle-inner\")][contains(text(), \"WdIORUEquip1rwguv\")]"}
COMMAND: POST /session/fc8710269a386560706f3ec5ac47ed98/element - {"using":"xpath","value":"//button[contains(@data-kt ,\"ContextMenuExternalId2Link\")]"}
RESULT: {"using":"xpath","value":"//span[contains(@id ,\"application-manageresources-display-component---detailRU--snappedTitle-inner\")][contains(text(), \"WdIORUEquip1rwguv\")]"}
RESULT: {"using":"xpath","value":"//button[contains(@data-kt ,\"ContextMenuExternalId2Link\")]"}
COMMAND: POST /session/fc8710269a386560706f3ec5ac47ed98/element/f.A415CF0DC7BF82C6485FB72A7DE5D8B2.d.0F078B6D31CA8F404769C2681CE5B42D.e.3416/click - {}
COMMAND: POST /session/fc8710269a386560706f3ec5ac47ed98/element - {"using":"xpath","value":"//span[contains(@id ,\"application-manageresources-display-component---detailRU--snappedTitle-inner\")][contains(text(), \"WdIORUEquip1rwguv\")]"}
RESULT: {}
COMMAND: GET /session/fc8710269a386560706f3ec5ac47ed98/screenshot - {}
RESULT: {"using":"xpath","value":"//span[contains(@id ,\"application-manageresources-display-component---detailRU--snappedTitle-inner\")][contains(text(), \"WdIORUEquip1rwguv\")]"}
COMMAND: POST /session/fc8710269a386560706f3ec5ac47ed98/element - {"using":"xpath","value":"//span[contains(@id ,\"application-manageresources-display-component---detailRU--snappedTitle-inner\")][contains(text(), \"WdIORUEquip1rwguv\")]"}
RESULT: {}
RESULT: {"using":"xpath","value":"//span[contains(@id ,\"application-manageresources-display-component---detailRU--snappedTitle-inner\")][contains(text(), \"WdIORUEquip1rwguv\")]"}
COMMAND: POST /session/fc8710269a386560706f3ec5ac47ed98/element - {"using":"xpath","value":"//span[contains(@id ,\"application-manageresources-display-component---detailRU--snappedTitle-inner\")][contains(text(), \"WdIORUEquip1rwguv\")]"}
RESULT: {"using":"xpath","value":"//span[contains(@id ,\"application-manageresources-display-component---detailRU--snappedTitle-inner\")][contains(text(), \"WdIORUEquip1rwguv\")]"}
COMMAND: POST /session/fc8710269a386560706f3ec5ac47ed98/element - {"using":"xpath","value":"//span[contains(@id ,\"application-manageresources-display-component---detailRU--snappedTitle-inner\")][contains(text(), \"WdIORUEquip1rwguv\")]"}
RESULT: {"using":"xpath","value":"//span[contains(@id ,\"application-manageresources-display-component---detailRU--snappedTitle-inner\")][contains(text(), \"WdIORUEquip1rwguv\")]"}
COMMAND: POST /session/fc8710269a386560706f3ec5ac47ed98/element - {"using":"xpath","value":"//span[contains(@id ,\"application-manageresources-display-component---detailRU--snappedTitle-inner\")][contains(text(), \"WdIORUEquip1rwguv\")]"}
RESULT: {"using":"xpath","value":"//span[contains(@id ,\"application-manageresources-display-component---detailRU--snappedTitle-inner\")][contains(text(), \"WdIORUEquip1rwguv\")]"}
COMMAND: POST /session/fc8710269a386560706f3ec5ac47ed98/element - {"using":"xpath","value":"//span[contains(@id ,\"application-manageresources-display-component---detailRU--snappedTitle-inner\")][contains(text(), \"WdIORUEquip1rwguv\")]"}
RESULT: {"using":"xpath","value":"//span[contains(@id ,\"application-manageresources-display-component---detailRU--snappedTitle-inner\")][contains(text(), \"WdIORUEquip1rwguv\")]"}
COMMAND: POST /session/fc8710269a386560706f3ec5ac47ed98/element - {"using":"xpath","value":"//span[contains(@id ,\"application-manageresources-display-component---detailRU--snappedTitle-inner\")][contains(text(), \"WdIORUEquip1rwguv\")]"}
RESULT: {"using":"xpath","value":"//span[contains(@id ,\"application-manageresources-display-component---detailRU--snappedTitle-inner\")][contains(text(), \"WdIORUEquip1rwguv\")]"}
COMMAND: POST /session/fc8710269a386560706f3ec5ac47ed98/element - {"using":"xpath","value":"//span[contains(@id ,\"application-manageresources-display-component---detailRU--snappedTitle-inner\")][contains(text(), \"WdIORUEquip1rwguv\")]"}
RESULT: {"using":"xpath","value":"//span[contains(@id ,\"application-manageresources-display-component---detailRU--snappedTitle-inner\")][contains(text(), \"WdIORUEquip1rwguv\")]"}
COMMAND: POST /session/fc8710269a386560706f3ec5ac47ed98/element - {"using":"xpath","value":"//span[contains(@id ,\"application-manageresources-display-component---detailRU--snappedTitle-inner\")][contains(text(), \"WdIORUEquip1rwguv\")]"}
COMMAND: GET /session/fc8710269a386560706f3ec5ac47ed98/window/handles - {}
RESULT: {"using":"xpath","value":"//span[contains(@id ,\"application-manageresources-display-component---detailRU--snappedTitle-inner\")][contains(text(), \"WdIORUEquip1rwguv\")]"}
COMMAND: POST /session/fc8710269a386560706f3ec5ac47ed98/element - {"using":"xpath","value":"//span[contains(@id ,\"application-manageresources-display-component---detailRU--snappedTitle-inner\")][contains(text(), \"WdIORUEquip1rwguv\")]"}
RESULT: {}
COMMAND: POST /session/fc8710269a386560706f3ec5ac47ed98/window - {"handle":"1D5FBD602986C8B83B39E86ED0E76415"}
RESULT: {"using":"xpath","value":"//span[contains(@id ,\"application-manageresources-display-component---detailRU--snappedTitle-inner\")][contains(text(), \"WdIORUEquip1rwguv\")]"}
RESULT: {"handle":"1D5FBD602986C8B83B39E86ED0E76415"}
COMMAND: GET /session/fc8710269a386560706f3ec5ac47ed98/url - {}
RESULT: {}
COMMAND: GET /session/fc8710269a386560706f3ec5ac47ed98/screenshot - {}
RESULT: {}
COMMAND: POST /session/fc8710269a386560706f3ec5ac47ed98/element - {"using":"xpath","value":"//span[contains(@id ,\"application-manageresources-display-component---detailRU--snappedTitle-inner\")][contains(text(), \"WdIORUEquip1rwguv\")]"}
COMMAND: DELETE /session/fc8710269a386560706f3ec5ac47ed98/window - {}
RESULT: {}
COMMAND: POST /session/fc8710269a386560706f3ec5ac47ed98/window - {"handle":"A415CF0DC7BF82C6485FB72A7DE5D8B2"}
RESULT: {"handle":"A415CF0DC7BF82C6485FB72A7DE5D8B2"}
COMMAND: GET /session/fc8710269a386560706f3ec5ac47ed98/url - {}
RESULT: {"using":"xpath","value":"//span[contains(@id ,\"application-manageresources-display-component---detailRU--snappedTitle-inner\")][contains(text(), \"WdIORUEquip1rwguv\")]"}
RESULT: {}
COMMAND: POST /session/fc8710269a386560706f3ec5ac47ed98/element - {"using":"xpath","value":"//span[contains(@id ,\"application-manageresources-display-component---detailRU--snappedTitle-inner\")][contains(text(), \"WdIORUEquip1rwguv\")]"}
COMMAND: GET /session/fc8710269a386560706f3ec5ac47ed98/screenshot - {}
RESULT: {"using":"xpath","value":"//span[contains(@id ,\"application-manageresources-display-component---detailRU--snappedTitle-inner\")][contains(text(), \"WdIORUEquip1rwguv\")]"}
RESULT: {}
COMMAND: POST /session/fc8710269a386560706f3ec5ac47ed98/element - {"using":"xpath","value":"//span[contains(@id ,\"application-manageresources-display-component---detailRU--snappedTitle-inner\")][contains(text(), \"WdIORUEquip1rwguv\")]"}
RESULT: {"using":"xpath","value":"//span[contains(@id ,\"application-manageresources-display-component---detailRU--snappedTitle-inner\")][contains(text(), \"WdIORUEquip1rwguv\")]"}
COMMAND: POST /session/fc8710269a386560706f3ec5ac47ed98/element - {"using":"xpath","value":"//span[contains(@id ,\"application-manageresources-display-component---detailRU--snappedTitle-inner\")][contains(text(), \"WdIORUEquip1rwguv\")]"}
RESULT: {"using":"xpath","value":"//span[contains(@id ,\"application-manageresources-display-component---detailRU--snappedTitle-inner\")][contains(text(), \"WdIORUEquip1rwguv\")]"}
COMMAND: POST /session/fc8710269a386560706f3ec5ac47ed98/element - {"using":"xpath","value":"//span[contains(@id ,\"application-manageresources-display-component---detailRU--snappedTitle-inner\")][contains(text(), \"WdIORUEquip1rwguv\")]"}
RESULT: {"using":"xpath","value":"//span[contains(@id ,\"application-manageresources-display-component---detailRU--snappedTitle-inner\")][contains(text(), \"WdIORUEquip1rwguv\")]"}
COMMAND: POST /session/fc8710269a386560706f3ec5ac47ed98/element - {"using":"xpath","value":"//span[contains(@id ,\"application-manageresources-display-component---detailRU--snappedTitle-inner\")][contains(text(), \"WdIORUEquip1rwguv\")]"}
RESULT: {"using":"xpath","value":"//span[contains(@id ,\"application-manageresources-display-component---detailRU--snappedTitle-inner\")][contains(text(), \"WdIORUEquip1rwguv\")]"}
COMMAND: POST /session/fc8710269a386560706f3ec5ac47ed98/element - {"using":"xpath","value":"//span[contains(@id ,\"application-manageresources-display-component---detailRU--snappedTitle-inner\")][contains(text(), \"WdIORUEquip1rwguv\")]"}
RESULT: {"using":"xpath","value":"//span[contains(@id ,\"application-manageresources-display-component---detailRU--snappedTitle-inner\")][contains(text(), \"WdIORUEquip1rwguv\")]"}
COMMAND: POST /session/fc8710269a386560706f3ec5ac47ed98/element - {"using":"xpath","value":"//span[contains(@id ,\"application-manageresources-display-component---detailRU--snappedTitle-inner\")][contains(text(), \"WdIORUEquip1rwguv\")]"}
RESULT: {"using":"xpath","value":"//span[contains(@id ,\"application-manageresources-display-component---detailRU--snappedTitle-inner\")][contains(text(), \"WdIORUEquip1rwguv\")]"}
COMMAND: POST /session/fc8710269a386560706f3ec5ac47ed98/element - {"using":"xpath","value":"//span[contains(@id ,\"application-manageresources-display-component---detailRU--snappedTitle-inner\")][contains(text(), \"WdIORUEquip1rwguv\")]"}
RESULT: {"using":"xpath","value":"//span[contains(@id ,\"application-manageresources-display-component---detailRU--snappedTitle-inner\")][contains(text(), \"WdIORUEquip1rwguv\")]"}
COMMAND: POST /session/fc8710269a386560706f3ec5ac47ed98/element - {"using":"xpath","value":"//span[contains(@id ,\"application-manageresources-display-component---detailRU--snappedTitle-inner\")][contains(text(), \"WdIORUEquip1rwguv\")]"}
RESULT: {"using":"xpath","value":"//span[contains(@id ,\"application-manageresources-display-component---detailRU--snappedTitle-inner\")][contains(text(), \"WdIORUEquip1rwguv\")]"}
]]></system-out>
    </testcase>
    <testcase classname="chrome.137_0_7151_69.windows.Related_resources_for_groups_US139107" name="Should verify the current location hyperlinks in related resources" time="192.156">
      <system-out><![CDATA[
COMMAND: POST /session/fc8710269a386560706f3ec5ac47ed98/element - {"using":"xpath","value":"//*[contains(@data-kt ,\"openLocationActionMenuLink\")]"}
RESULT: {"using":"xpath","value":"//*[contains(@data-kt ,\"openLocationActionMenuLink\")]"}
COMMAND: POST /session/fc8710269a386560706f3ec5ac47ed98/execute/sync - {"script":"<script> [8489 bytes]","args":[{"element-6066-11e4-a52e-4f735466cecf":"f.A415CF0DC7BF82C6485FB72A7DE5D8B2.d.0F078B6D31CA8F404769C2681CE5B42D.e.3774","ELEMENT":"f.A415CF0DC7BF82C6485FB72A7DE5D8B2.d.0F078B6D31CA8F404769C2681CE5B42D.e.3774"}]}
RESULT: {"script":"<script> [8489 bytes]","args":[{"element-6066-11e4-a52e-4f735466cecf":"f.A415CF0DC7BF82C6485FB72A7DE5D8B2.d.0F078B6D31CA8F404769C2681CE5B42D.e.3774","ELEMENT":"f.A415CF0DC7BF82C6485FB72A7DE5D8B2.d.0F078B6D31CA8F404769C2681CE5B42D.e.3774"}]}
COMMAND: POST /session/fc8710269a386560706f3ec5ac47ed98/execute/sync - {"script":"<script> [5351 bytes]","args":[{"element-6066-11e4-a52e-4f735466cecf":"f.A415CF0DC7BF82C6485FB72A7DE5D8B2.d.0F078B6D31CA8F404769C2681CE5B42D.e.3774","ELEMENT":"f.A415CF0DC7BF82C6485FB72A7DE5D8B2.d.0F078B6D31CA8F404769C2681CE5B42D.e.3774"}]}
COMMAND: GET /session/fc8710269a386560706f3ec5ac47ed98/screenshot - {}
RESULT: {"script":"<script> [5351 bytes]","args":[{"element-6066-11e4-a52e-4f735466cecf":"f.A415CF0DC7BF82C6485FB72A7DE5D8B2.d.0F078B6D31CA8F404769C2681CE5B42D.e.3774","ELEMENT":"f.A415CF0DC7BF82C6485FB72A7DE5D8B2.d.0F078B6D31CA8F404769C2681CE5B42D.e.3774"}]}
COMMAND: POST /session/fc8710269a386560706f3ec5ac47ed98/element/f.A415CF0DC7BF82C6485FB72A7DE5D8B2.d.0F078B6D31CA8F404769C2681CE5B42D.e.3774/click - {}
COMMAND: GET /session/fc8710269a386560706f3ec5ac47ed98/screenshot - {}
COMMAND: POST /session/fc8710269a386560706f3ec5ac47ed98/element - {"using":"xpath","value":"//span[contains(@id ,\"application-manageresources-display-component---detailRU--snappedTitle-inner\")][contains(text(), \"WdIORUEquip1rwguv\")]"}
RESULT: {}
RESULT: {}
COMMAND: GET /session/fc8710269a386560706f3ec5ac47ed98/screenshot - {}
RESULT: {}
RESULT: {"using":"xpath","value":"//span[contains(@id ,\"application-manageresources-display-component---detailRU--snappedTitle-inner\")][contains(text(), \"WdIORUEquip1rwguv\")]"}
RESULT: {}
COMMAND: POST /session/fc8710269a386560706f3ec5ac47ed98/element - {"using":"xpath","value":"//span[contains(@id ,\"application-manageresources-display-component---detailRU--snappedTitle-inner\")][contains(text(), \"WdIORUEquip1rwguv\")]"}
RESULT: {"using":"xpath","value":"//span[contains(@id ,\"application-manageresources-display-component---detailRU--snappedTitle-inner\")][contains(text(), \"WdIORUEquip1rwguv\")]"}
COMMAND: POST /session/fc8710269a386560706f3ec5ac47ed98/element - {"using":"xpath","value":"//span[contains(@id ,\"application-manageresources-display-component---detailRU--snappedTitle-inner\")][contains(text(), \"WdIORUEquip1rwguv\")]"}
RESULT: {"using":"xpath","value":"//span[contains(@id ,\"application-manageresources-display-component---detailRU--snappedTitle-inner\")][contains(text(), \"WdIORUEquip1rwguv\")]"}
COMMAND: POST /session/fc8710269a386560706f3ec5ac47ed98/element - {"using":"xpath","value":"//span[contains(@id ,\"application-manageresources-display-component---detailRU--snappedTitle-inner\")][contains(text(), \"WdIORUEquip1rwguv\")]"}
RESULT: {"using":"xpath","value":"//span[contains(@id ,\"application-manageresources-display-component---detailRU--snappedTitle-inner\")][contains(text(), \"WdIORUEquip1rwguv\")]"}
COMMAND: POST /session/fc8710269a386560706f3ec5ac47ed98/element - {"using":"xpath","value":"//a[contains(@class ,\"sapMLnk sapMLnkMaxWidth sapUiTinyMarginTop\")][contains(text(), \"Yard Overview\")]"}
RESULT: {"using":"xpath","value":"//a[contains(@class ,\"sapMLnk sapMLnkMaxWidth sapUiTinyMarginTop\")][contains(text(), \"Yard Overview\")]"}
COMMAND: POST /session/fc8710269a386560706f3ec5ac47ed98/execute/sync - {"script":"<script> [8489 bytes]","args":[{"element-6066-11e4-a52e-4f735466cecf":"f.A415CF0DC7BF82C6485FB72A7DE5D8B2.d.0F078B6D31CA8F404769C2681CE5B42D.e.3776","ELEMENT":"f.A415CF0DC7BF82C6485FB72A7DE5D8B2.d.0F078B6D31CA8F404769C2681CE5B42D.e.3776"}]}
COMMAND: POST /session/fc8710269a386560706f3ec5ac47ed98/element - {"using":"xpath","value":"//a[contains(@class ,\"sapMLnk sapMLnkMaxWidth sapUiTinyMarginTop\")][contains(text(), \"Yard Address\")]"}
RESULT: {"script":"<script> [8489 bytes]","args":[{"element-6066-11e4-a52e-4f735466cecf":"f.A415CF0DC7BF82C6485FB72A7DE5D8B2.d.0F078B6D31CA8F404769C2681CE5B42D.e.3776","ELEMENT":"f.A415CF0DC7BF82C6485FB72A7DE5D8B2.d.0F078B6D31CA8F404769C2681CE5B42D.e.3776"}]}
COMMAND: GET /session/fc8710269a386560706f3ec5ac47ed98/screenshot - {}
RESULT: {"using":"xpath","value":"//a[contains(@class ,\"sapMLnk sapMLnkMaxWidth sapUiTinyMarginTop\")][contains(text(), \"Yard Address\")]"}
COMMAND: POST /session/fc8710269a386560706f3ec5ac47ed98/execute/sync - {"script":"<script> [8489 bytes]","args":[{"element-6066-11e4-a52e-4f735466cecf":"f.A415CF0DC7BF82C6485FB72A7DE5D8B2.d.0F078B6D31CA8F404769C2681CE5B42D.e.3777","ELEMENT":"f.A415CF0DC7BF82C6485FB72A7DE5D8B2.d.0F078B6D31CA8F404769C2681CE5B42D.e.3777"}]}
COMMAND: POST /session/fc8710269a386560706f3ec5ac47ed98/element/f.A415CF0DC7BF82C6485FB72A7DE5D8B2.d.0F078B6D31CA8F404769C2681CE5B42D.e.3776/click - {}
RESULT: {}
RESULT: {"script":"<script> [8489 bytes]","args":[{"element-6066-11e4-a52e-4f735466cecf":"f.A415CF0DC7BF82C6485FB72A7DE5D8B2.d.0F078B6D31CA8F404769C2681CE5B42D.e.3777","ELEMENT":"f.A415CF0DC7BF82C6485FB72A7DE5D8B2.d.0F078B6D31CA8F404769C2681CE5B42D.e.3777"}]}
COMMAND: POST /session/fc8710269a386560706f3ec5ac47ed98/element - {"using":"xpath","value":"//span[contains(@id ,\"application-manageresources-display-component---detailRU--snappedTitle-inner\")][contains(text(), \"WdIORUEquip1rwguv\")]"}
COMMAND: GET /session/fc8710269a386560706f3ec5ac47ed98/screenshot - {}
RESULT: {}
COMMAND: GET /session/fc8710269a386560706f3ec5ac47ed98/screenshot - {}
RESULT: {"using":"xpath","value":"//span[contains(@id ,\"application-manageresources-display-component---detailRU--snappedTitle-inner\")][contains(text(), \"WdIORUEquip1rwguv\")]"}
COMMAND: POST /session/fc8710269a386560706f3ec5ac47ed98/element - {"using":"xpath","value":"//span[contains(@id ,\"application-manageresources-display-component---detailRU--snappedTitle-inner\")][contains(text(), \"WdIORUEquip1rwguv\")]"}
RESULT: {}
RESULT: {}
RESULT: {"using":"xpath","value":"//span[contains(@id ,\"application-manageresources-display-component---detailRU--snappedTitle-inner\")][contains(text(), \"WdIORUEquip1rwguv\")]"}
COMMAND: POST /session/fc8710269a386560706f3ec5ac47ed98/element - {"using":"xpath","value":"//span[contains(@id ,\"application-manageresources-display-component---detailRU--snappedTitle-inner\")][contains(text(), \"WdIORUEquip1rwguv\")]"}
RESULT: {"using":"xpath","value":"//span[contains(@id ,\"application-manageresources-display-component---detailRU--snappedTitle-inner\")][contains(text(), \"WdIORUEquip1rwguv\")]"}
COMMAND: POST /session/fc8710269a386560706f3ec5ac47ed98/element - {"using":"xpath","value":"//span[contains(@id ,\"application-manageresources-display-component---detailRU--snappedTitle-inner\")][contains(text(), \"WdIORUEquip1rwguv\")]"}
RESULT: {"using":"xpath","value":"//span[contains(@id ,\"application-manageresources-display-component---detailRU--snappedTitle-inner\")][contains(text(), \"WdIORUEquip1rwguv\")]"}
COMMAND: POST /session/fc8710269a386560706f3ec5ac47ed98/element - {"using":"xpath","value":"//span[contains(@id ,\"application-manageresources-display-component---detailRU--snappedTitle-inner\")][contains(text(), \"WdIORUEquip1rwguv\")]"}
RESULT: {"using":"xpath","value":"//span[contains(@id ,\"application-manageresources-display-component---detailRU--snappedTitle-inner\")][contains(text(), \"WdIORUEquip1rwguv\")]"}
COMMAND: POST /session/fc8710269a386560706f3ec5ac47ed98/element - {"using":"xpath","value":"//span[contains(@id ,\"application-manageresources-display-component---detailRU--snappedTitle-inner\")][contains(text(), \"WdIORUEquip1rwguv\")]"}
RESULT: {"using":"xpath","value":"//span[contains(@id ,\"application-manageresources-display-component---detailRU--snappedTitle-inner\")][contains(text(), \"WdIORUEquip1rwguv\")]"}
COMMAND: POST /session/fc8710269a386560706f3ec5ac47ed98/element - {"using":"xpath","value":"//span[contains(@id ,\"application-manageresources-display-component---detailRU--snappedTitle-inner\")][contains(text(), \"WdIORUEquip1rwguv\")]"}
RESULT: {"using":"xpath","value":"//span[contains(@id ,\"application-manageresources-display-component---detailRU--snappedTitle-inner\")][contains(text(), \"WdIORUEquip1rwguv\")]"}
COMMAND: POST /session/fc8710269a386560706f3ec5ac47ed98/element - {"using":"xpath","value":"//span[contains(@id ,\"application-manageresources-display-component---detailRU--snappedTitle-inner\")][contains(text(), \"WdIORUEquip1rwguv\")]"}
RESULT: undefined
COMMAND: POST /session/fc8710269a386560706f3ec5ac47ed98/execute/async - {"script":"<script> [6424 bytes]","args":[{"element-6066-11e4-a52e-4f735466cecf":"f.A415CF0DC7BF82C6485FB72A7DE5D8B2.d.0F078B6D31CA8F404769C2681CE5B42D.e.2986"},"getTitle",[]]}
RESULT: {"using":"xpath","value":"//span[contains(@id ,\"application-manageresources-display-component---detailRU--snappedTitle-inner\")][contains(text(), \"WdIORUEquip1rwguv\")]"}
COMMAND: POST /session/fc8710269a386560706f3ec5ac47ed98/execute/async - {"script":"<script> [1562 bytes]","args":[{"selector":{"id":"shellAppTitle"},"wdio_ui5_key":"shellAppTitle"}]}
RESULT: {"script":"<script> [1562 bytes]","args":[{"selector":{"id":"shellAppTitle"},"wdio_ui5_key":"shellAppTitle"}]}
COMMAND: POST /session/fc8710269a386560706f3ec5ac47ed98/execute/async - {"script":"<script> [6424 bytes]","args":[{"element-6066-11e4-a52e-4f735466cecf":"f.A415CF0DC7BF82C6485FB72A7DE5D8B2.d.0F078B6D31CA8F404769C2681CE5B42D.e.3902"},"getTitle",[]]}
COMMAND: POST /session/fc8710269a386560706f3ec5ac47ed98/element - {"using":"xpath","value":"//span[contains(@id ,\"application-manageresources-display-component---detailRU--snappedTitle-inner\")][contains(text(), \"WdIORUEquip1rwguv\")]"}
RESULT: {"script":"<script> [6424 bytes]","args":[{"element-6066-11e4-a52e-4f735466cecf":"f.A415CF0DC7BF82C6485FB72A7DE5D8B2.d.0F078B6D31CA8F404769C2681CE5B42D.e.3902"},"getTitle",[]]}
COMMAND: POST /session/fc8710269a386560706f3ec5ac47ed98/element - {"using":"xpath","value":"(//span[contains(text(), \"WebdriverYardx2p2o\")])[2]"}
RESULT: {"using":"xpath","value":"//span[contains(@id ,\"application-manageresources-display-component---detailRU--snappedTitle-inner\")][contains(text(), \"WdIORUEquip1rwguv\")]"}
RESULT: {"using":"xpath","value":"(//span[contains(text(), \"WebdriverYardx2p2o\")])[2]"}
COMMAND: POST /session/fc8710269a386560706f3ec5ac47ed98/execute/sync - {"script":"<script> [8489 bytes]","args":[{"element-6066-11e4-a52e-4f735466cecf":"f.A415CF0DC7BF82C6485FB72A7DE5D8B2.d.0F078B6D31CA8F404769C2681CE5B42D.e.3903","ELEMENT":"f.A415CF0DC7BF82C6485FB72A7DE5D8B2.d.0F078B6D31CA8F404769C2681CE5B42D.e.3903"}]}
RESULT: undefined
COMMAND: POST /session/fc8710269a386560706f3ec5ac47ed98/element - {"using":"xpath","value":"//*[@id=\"backBtn\"]"}
RESULT: {"using":"xpath","value":"//*[@id=\"backBtn\"]"}
COMMAND: POST /session/fc8710269a386560706f3ec5ac47ed98/element/f.A415CF0DC7BF82C6485FB72A7DE5D8B2.d.0F078B6D31CA8F404769C2681CE5B42D.e.2987/click - {}
RESULT: {"script":"<script> [8489 bytes]","args":[{"element-6066-11e4-a52e-4f735466cecf":"f.A415CF0DC7BF82C6485FB72A7DE5D8B2.d.0F078B6D31CA8F404769C2681CE5B42D.e.3903","ELEMENT":"f.A415CF0DC7BF82C6485FB72A7DE5D8B2.d.0F078B6D31CA8F404769C2681CE5B42D.e.3903"}]}
COMMAND: GET /session/fc8710269a386560706f3ec5ac47ed98/screenshot - {}
RESULT: {}
COMMAND: GET /session/fc8710269a386560706f3ec5ac47ed98/screenshot - {}
COMMAND: POST /session/fc8710269a386560706f3ec5ac47ed98/element - {"using":"xpath","value":"//span[contains(@id ,\"application-manageresources-display-component---detailRU--snappedTitle-inner\")][contains(text(), \"WdIORUEquip1rwguv\")]"}
COMMAND: POST /session/fc8710269a386560706f3ec5ac47ed98/execute/sync - {"script":"<script> [8489 bytes]","args":[{"element-6066-11e4-a52e-4f735466cecf":"f.A415CF0DC7BF82C6485FB72A7DE5D8B2.d.0F078B6D31CA8F404769C2681CE5B42D.e.3903","ELEMENT":"f.A415CF0DC7BF82C6485FB72A7DE5D8B2.d.0F078B6D31CA8F404769C2681CE5B42D.e.3903"}]}
RESULT: {}
RESULT: {}
RESULT: {"using":"xpath","value":"//span[contains(@id ,\"application-manageresources-display-component---detailRU--snappedTitle-inner\")][contains(text(), \"WdIORUEquip1rwguv\")]"}
COMMAND: POST /session/fc8710269a386560706f3ec5ac47ed98/element - {"using":"xpath","value":"(//span[contains(text(), \"WebdriverYardx2p2o\")])[2]"}
RESULT: {"using":"xpath","value":"(//span[contains(text(), \"WebdriverYardx2p2o\")])[2]"}
COMMAND: POST /session/fc8710269a386560706f3ec5ac47ed98/element - {"using":"xpath","value":"(//span[contains(text(), \"WebdriverYardx2p2o\")])[2]"}
COMMAND: POST /session/fc8710269a386560706f3ec5ac47ed98/element - {"using":"xpath","value":"//span[contains(@id ,\"application-manageresources-display-component---detailRU--snappedTitle-inner\")][contains(text(), \"WdIORUEquip1rwguv\")]"}
RESULT: {"using":"xpath","value":"(//span[contains(text(), \"WebdriverYardx2p2o\")])[2]"}
RESULT: {"using":"xpath","value":"//span[contains(@id ,\"application-manageresources-display-component---detailRU--snappedTitle-inner\")][contains(text(), \"WdIORUEquip1rwguv\")]"}
COMMAND: POST /session/fc8710269a386560706f3ec5ac47ed98/element - {"using":"xpath","value":"(//span[contains(text(), \"WebdriverYardx2p2o\")])[2]"}
RESULT: {"using":"xpath","value":"(//span[contains(text(), \"WebdriverYardx2p2o\")])[2]"}
COMMAND: POST /session/fc8710269a386560706f3ec5ac47ed98/element - {"using":"xpath","value":"//span[contains(@id ,\"application-manageresources-display-component---detailRU--snappedTitle-inner\")][contains(text(), \"WdIORUEquip1rwguv\")]"}
RESULT: {"using":"xpath","value":"//span[contains(@id ,\"application-manageresources-display-component---detailRU--snappedTitle-inner\")][contains(text(), \"WdIORUEquip1rwguv\")]"}
COMMAND: POST /session/fc8710269a386560706f3ec5ac47ed98/element - {"using":"xpath","value":"(//span[contains(text(), \"WebdriverYardx2p2o\")])[2]"}
COMMAND: POST /session/fc8710269a386560706f3ec5ac47ed98/element - {"using":"xpath","value":"//span[contains(@id ,\"application-manageresources-display-component---detailRU--snappedTitle-inner\")][contains(text(), \"WdIORUEquip1rwguv\")]"}
RESULT: {"using":"xpath","value":"(//span[contains(text(), \"WebdriverYardx2p2o\")])[2]"}
COMMAND: POST /session/fc8710269a386560706f3ec5ac47ed98/element - {"using":"xpath","value":"(//span[contains(text(), \"WebdriverYardx2p2o\")])[2]"}
RESULT: {"using":"xpath","value":"//span[contains(@id ,\"application-manageresources-display-component---detailRU--snappedTitle-inner\")][contains(text(), \"WdIORUEquip1rwguv\")]"}
COMMAND: POST /session/fc8710269a386560706f3ec5ac47ed98/element - {"using":"xpath","value":"//span[contains(@id ,\"application-manageresources-display-component---detailRU--snappedTitle-inner\")][contains(text(), \"WdIORUEquip1rwguv\")]"}
RESULT: {"using":"xpath","value":"(//span[contains(text(), \"WebdriverYardx2p2o\")])[2]"}
RESULT: {"using":"xpath","value":"//span[contains(@id ,\"application-manageresources-display-component---detailRU--snappedTitle-inner\")][contains(text(), \"WdIORUEquip1rwguv\")]"}
COMMAND: POST /session/fc8710269a386560706f3ec5ac47ed98/element - {"using":"xpath","value":"(//span[contains(text(), \"WebdriverYardx2p2o\")])[2]"}
RESULT: {"using":"xpath","value":"(//span[contains(text(), \"WebdriverYardx2p2o\")])[2]"}
COMMAND: POST /session/fc8710269a386560706f3ec5ac47ed98/element - {"using":"xpath","value":"//span[contains(@id ,\"application-manageresources-display-component---detailRU--snappedTitle-inner\")][contains(text(), \"WdIORUEquip1rwguv\")]"}
RESULT: {"using":"xpath","value":"//span[contains(@id ,\"application-manageresources-display-component---detailRU--snappedTitle-inner\")][contains(text(), \"WdIORUEquip1rwguv\")]"}
COMMAND: POST /session/fc8710269a386560706f3ec5ac47ed98/element - {"using":"xpath","value":"(//span[contains(text(), \"WebdriverYardx2p2o\")])[2]"}
RESULT: {"using":"xpath","value":"(//span[contains(text(), \"WebdriverYardx2p2o\")])[2]"}
COMMAND: POST /session/fc8710269a386560706f3ec5ac47ed98/element - {"using":"xpath","value":"//span[contains(@id ,\"application-manageresources-display-component---detailRU--snappedTitle-inner\")][contains(text(), \"WdIORUEquip1rwguv\")]"}
RESULT: {"using":"xpath","value":"//span[contains(@id ,\"application-manageresources-display-component---detailRU--snappedTitle-inner\")][contains(text(), \"WdIORUEquip1rwguv\")]"}
COMMAND: POST /session/fc8710269a386560706f3ec5ac47ed98/element - {"using":"xpath","value":"(//span[contains(text(), \"WebdriverYardx2p2o\")])[2]"}
COMMAND: POST /session/fc8710269a386560706f3ec5ac47ed98/element - {"using":"xpath","value":"//span[contains(@id ,\"application-manageresources-display-component---detailRU--snappedTitle-inner\")][contains(text(), \"WdIORUEquip1rwguv\")]"}
COMMAND: POST /session/fc8710269a386560706f3ec5ac47ed98/element - {"using":"xpath","value":"//bdi[contains(@id ,\"application-manageresources-display-component---detailRU--openRelatedRus-BDI-content\")]"}
RESULT: {"using":"xpath","value":"(//span[contains(text(), \"WebdriverYardx2p2o\")])[2]"}
RESULT: {"using":"xpath","value":"//span[contains(@id ,\"application-manageresources-display-component---detailRU--snappedTitle-inner\")][contains(text(), \"WdIORUEquip1rwguv\")]"}
RESULT: {"using":"xpath","value":"//bdi[contains(@id ,\"application-manageresources-display-component---detailRU--openRelatedRus-BDI-content\")]"}
COMMAND: POST /session/fc8710269a386560706f3ec5ac47ed98/execute/sync - {"script":"<script> [8489 bytes]","args":[{"element-6066-11e4-a52e-4f735466cecf":"f.A415CF0DC7BF82C6485FB72A7DE5D8B2.d.0F078B6D31CA8F404769C2681CE5B42D.e.4133","ELEMENT":"f.A415CF0DC7BF82C6485FB72A7DE5D8B2.d.0F078B6D31CA8F404769C2681CE5B42D.e.4133"}]}
RESULT: {"script":"<script> [8489 bytes]","args":[{"element-6066-11e4-a52e-4f735466cecf":"f.A415CF0DC7BF82C6485FB72A7DE5D8B2.d.0F078B6D31CA8F404769C2681CE5B42D.e.4133","ELEMENT":"f.A415CF0DC7BF82C6485FB72A7DE5D8B2.d.0F078B6D31CA8F404769C2681CE5B42D.e.4133"}]}
COMMAND: POST /session/fc8710269a386560706f3ec5ac47ed98/execute/sync - {"script":"<script> [5351 bytes]","args":[{"element-6066-11e4-a52e-4f735466cecf":"f.A415CF0DC7BF82C6485FB72A7DE5D8B2.d.0F078B6D31CA8F404769C2681CE5B42D.e.4133","ELEMENT":"f.A415CF0DC7BF82C6485FB72A7DE5D8B2.d.0F078B6D31CA8F404769C2681CE5B42D.e.4133"}]}
COMMAND: GET /session/fc8710269a386560706f3ec5ac47ed98/screenshot - {}
RESULT: {"script":"<script> [5351 bytes]","args":[{"element-6066-11e4-a52e-4f735466cecf":"f.A415CF0DC7BF82C6485FB72A7DE5D8B2.d.0F078B6D31CA8F404769C2681CE5B42D.e.4133","ELEMENT":"f.A415CF0DC7BF82C6485FB72A7DE5D8B2.d.0F078B6D31CA8F404769C2681CE5B42D.e.4133"}]}
COMMAND: POST /session/fc8710269a386560706f3ec5ac47ed98/element/f.A415CF0DC7BF82C6485FB72A7DE5D8B2.d.0F078B6D31CA8F404769C2681CE5B42D.e.4133/click - {}
COMMAND: GET /session/fc8710269a386560706f3ec5ac47ed98/screenshot - {}
RESULT: {}
COMMAND: POST /session/fc8710269a386560706f3ec5ac47ed98/element - {"using":"xpath","value":"(//span[contains(text(), \"WebdriverYardx2p2o\")])[2]"}
RESULT: {}
COMMAND: GET /session/fc8710269a386560706f3ec5ac47ed98/screenshot - {}
RESULT: {}
RESULT: {"using":"xpath","value":"(//span[contains(text(), \"WebdriverYardx2p2o\")])[2]"}
RESULT: {}
COMMAND: POST /session/fc8710269a386560706f3ec5ac47ed98/element - {"using":"xpath","value":"(//span[contains(text(), \"WebdriverYardx2p2o\")])[2]"}
RESULT: {"using":"xpath","value":"(//span[contains(text(), \"WebdriverYardx2p2o\")])[2]"}
COMMAND: POST /session/fc8710269a386560706f3ec5ac47ed98/execute/sync - {"script":"<script> [8489 bytes]","args":[{"element-6066-11e4-a52e-4f735466cecf":"f.A415CF0DC7BF82C6485FB72A7DE5D8B2.d.0F078B6D31CA8F404769C2681CE5B42D.e.4138","ELEMENT":"f.A415CF0DC7BF82C6485FB72A7DE5D8B2.d.0F078B6D31CA8F404769C2681CE5B42D.e.4138"}]}
RESULT: {"script":"<script> [8489 bytes]","args":[{"element-6066-11e4-a52e-4f735466cecf":"f.A415CF0DC7BF82C6485FB72A7DE5D8B2.d.0F078B6D31CA8F404769C2681CE5B42D.e.4138","ELEMENT":"f.A415CF0DC7BF82C6485FB72A7DE5D8B2.d.0F078B6D31CA8F404769C2681CE5B42D.e.4138"}]}
COMMAND: GET /session/fc8710269a386560706f3ec5ac47ed98/screenshot - {}
COMMAND: POST /session/fc8710269a386560706f3ec5ac47ed98/element/f.A415CF0DC7BF82C6485FB72A7DE5D8B2.d.0F078B6D31CA8F404769C2681CE5B42D.e.3774/click - {}
RESULT: {}
COMMAND: POST /session/fc8710269a386560706f3ec5ac47ed98/element - {"using":"xpath","value":"//*[contains(@data-kt ,\"openLocationActionMenuLink\")]"}
RESULT: {"using":"xpath","value":"//*[contains(@data-kt ,\"openLocationActionMenuLink\")]"}
COMMAND: POST /session/fc8710269a386560706f3ec5ac47ed98/element/f.A415CF0DC7BF82C6485FB72A7DE5D8B2.d.0F078B6D31CA8F404769C2681CE5B42D.e.3774/click - {}
COMMAND: POST /session/fc8710269a386560706f3ec5ac47ed98/element - {"using":"xpath","value":"//*[contains(@data-kt ,\"openLocationActionMenuLink\")]"}
RESULT: {"using":"xpath","value":"//*[contains(@data-kt ,\"openLocationActionMenuLink\")]"}
COMMAND: POST /session/fc8710269a386560706f3ec5ac47ed98/element/f.A415CF0DC7BF82C6485FB72A7DE5D8B2.d.0F078B6D31CA8F404769C2681CE5B42D.e.4201/click - {}
RESULT: {}
COMMAND: GET /session/fc8710269a386560706f3ec5ac47ed98/screenshot - {}
RESULT: {}
COMMAND: POST /session/fc8710269a386560706f3ec5ac47ed98/element/f.A415CF0DC7BF82C6485FB72A7DE5D8B2.d.0F078B6D31CA8F404769C2681CE5B42D.e.3777/click - {}
COMMAND: POST /session/fc8710269a386560706f3ec5ac47ed98/element - {"using":"xpath","value":"//a[contains(@class ,\"sapMLnk sapMLnkMaxWidth sapUiTinyMarginTop\")][contains(text(), \"Yard Address\")]"}
RESULT: {"using":"xpath","value":"//a[contains(@class ,\"sapMLnk sapMLnkMaxWidth sapUiTinyMarginTop\")][contains(text(), \"Yard Address\")]"}
COMMAND: POST /session/fc8710269a386560706f3ec5ac47ed98/element/f.A415CF0DC7BF82C6485FB72A7DE5D8B2.d.0F078B6D31CA8F404769C2681CE5B42D.e.3777/click - {}
COMMAND: POST /session/fc8710269a386560706f3ec5ac47ed98/element - {"using":"xpath","value":"//a[contains(@class ,\"sapMLnk sapMLnkMaxWidth sapUiTinyMarginTop\")][contains(text(), \"Yard Address\")]"}
RESULT: {"using":"xpath","value":"//a[contains(@class ,\"sapMLnk sapMLnkMaxWidth sapUiTinyMarginTop\")][contains(text(), \"Yard Address\")]"}
COMMAND: POST /session/fc8710269a386560706f3ec5ac47ed98/element/f.A415CF0DC7BF82C6485FB72A7DE5D8B2.d.0F078B6D31CA8F404769C2681CE5B42D.e.4203/click - {}
RESULT: {}
COMMAND: GET /session/fc8710269a386560706f3ec5ac47ed98/screenshot - {}
RESULT: {}
RESULT: undefined
COMMAND: POST /session/fc8710269a386560706f3ec5ac47ed98/execute/async - {"script":"<script> [6424 bytes]","args":[{"element-6066-11e4-a52e-4f735466cecf":"f.A415CF0DC7BF82C6485FB72A7DE5D8B2.d.0F078B6D31CA8F404769C2681CE5B42D.e.2986"},"getTitle",[]]}
COMMAND: POST /session/fc8710269a386560706f3ec5ac47ed98/execute/async - {"script":"<script> [1562 bytes]","args":[{"selector":{"id":"shellAppTitle"},"wdio_ui5_key":"shellAppTitle"}]}
RESULT: {"script":"<script> [1562 bytes]","args":[{"selector":{"id":"shellAppTitle"},"wdio_ui5_key":"shellAppTitle"}]}
COMMAND: POST /session/fc8710269a386560706f3ec5ac47ed98/execute/async - {"script":"<script> [6424 bytes]","args":[{"element-6066-11e4-a52e-4f735466cecf":"f.A415CF0DC7BF82C6485FB72A7DE5D8B2.d.0F078B6D31CA8F404769C2681CE5B42D.e.4391"},"getTitle",[]]}
RESULT: {"script":"<script> [6424 bytes]","args":[{"element-6066-11e4-a52e-4f735466cecf":"f.A415CF0DC7BF82C6485FB72A7DE5D8B2.d.0F078B6D31CA8F404769C2681CE5B42D.e.4391"},"getTitle",[]]}
COMMAND: POST /session/fc8710269a386560706f3ec5ac47ed98/element - {"using":"xpath","value":"//span[contains(@id ,\"application-addressmanagement-display-component---detailAdm--addressDetailDetailsName1\")][contains(text(), \"WebdriverYardx2p2o\")]"}
RESULT: {"using":"xpath","value":"//span[contains(@id ,\"application-addressmanagement-display-component---detailAdm--addressDetailDetailsName1\")][contains(text(), \"WebdriverYardx2p2o\")]"}
COMMAND: POST /session/fc8710269a386560706f3ec5ac47ed98/execute/sync - {"script":"<script> [8489 bytes]","args":[{"element-6066-11e4-a52e-4f735466cecf":"f.A415CF0DC7BF82C6485FB72A7DE5D8B2.d.0F078B6D31CA8F404769C2681CE5B42D.e.4392","ELEMENT":"f.A415CF0DC7BF82C6485FB72A7DE5D8B2.d.0F078B6D31CA8F404769C2681CE5B42D.e.4392"}]}
RESULT: undefined
COMMAND: POST /session/fc8710269a386560706f3ec5ac47ed98/element - {"using":"xpath","value":"//*[@id=\"backBtn\"]"}
RESULT: {"using":"xpath","value":"//*[@id=\"backBtn\"]"}
COMMAND: POST /session/fc8710269a386560706f3ec5ac47ed98/element/f.A415CF0DC7BF82C6485FB72A7DE5D8B2.d.0F078B6D31CA8F404769C2681CE5B42D.e.2987/click - {}
RESULT: {"script":"<script> [8489 bytes]","args":[{"element-6066-11e4-a52e-4f735466cecf":"f.A415CF0DC7BF82C6485FB72A7DE5D8B2.d.0F078B6D31CA8F404769C2681CE5B42D.e.4392","ELEMENT":"f.A415CF0DC7BF82C6485FB72A7DE5D8B2.d.0F078B6D31CA8F404769C2681CE5B42D.e.4392"}]}
COMMAND: GET /session/fc8710269a386560706f3ec5ac47ed98/screenshot - {}
RESULT: {}
COMMAND: GET /session/fc8710269a386560706f3ec5ac47ed98/screenshot - {}
RESULT: {}
RESULT: {}
COMMAND: POST /session/fc8710269a386560706f3ec5ac47ed98/execute/sync - {"script":"<script> [8489 bytes]","args":[{"element-6066-11e4-a52e-4f735466cecf":"f.A415CF0DC7BF82C6485FB72A7DE5D8B2.d.0F078B6D31CA8F404769C2681CE5B42D.e.4133","ELEMENT":"f.A415CF0DC7BF82C6485FB72A7DE5D8B2.d.0F078B6D31CA8F404769C2681CE5B42D.e.4133"}]}
COMMAND: POST /session/fc8710269a386560706f3ec5ac47ed98/element - {"using":"xpath","value":"//bdi[contains(@id ,\"application-manageresources-display-component---detailRU--openRelatedRus-BDI-content\")]"}
RESULT: {"using":"xpath","value":"//bdi[contains(@id ,\"application-manageresources-display-component---detailRU--openRelatedRus-BDI-content\")]"}
COMMAND: POST /session/fc8710269a386560706f3ec5ac47ed98/execute/sync - {"script":"<script> [8489 bytes]","args":[{"element-6066-11e4-a52e-4f735466cecf":"f.A415CF0DC7BF82C6485FB72A7DE5D8B2.d.0F078B6D31CA8F404769C2681CE5B42D.e.4737","ELEMENT":"f.A415CF0DC7BF82C6485FB72A7DE5D8B2.d.0F078B6D31CA8F404769C2681CE5B42D.e.4737"}]}
RESULT: {"script":"<script> [8489 bytes]","args":[{"element-6066-11e4-a52e-4f735466cecf":"f.A415CF0DC7BF82C6485FB72A7DE5D8B2.d.0F078B6D31CA8F404769C2681CE5B42D.e.4737","ELEMENT":"f.A415CF0DC7BF82C6485FB72A7DE5D8B2.d.0F078B6D31CA8F404769C2681CE5B42D.e.4737"}]}
COMMAND: POST /session/fc8710269a386560706f3ec5ac47ed98/execute/sync - {"script":"<script> [5351 bytes]","args":[{"element-6066-11e4-a52e-4f735466cecf":"f.A415CF0DC7BF82C6485FB72A7DE5D8B2.d.0F078B6D31CA8F404769C2681CE5B42D.e.4737","ELEMENT":"f.A415CF0DC7BF82C6485FB72A7DE5D8B2.d.0F078B6D31CA8F404769C2681CE5B42D.e.4737"}]}
COMMAND: GET /session/fc8710269a386560706f3ec5ac47ed98/screenshot - {}
RESULT: {"script":"<script> [5351 bytes]","args":[{"element-6066-11e4-a52e-4f735466cecf":"f.A415CF0DC7BF82C6485FB72A7DE5D8B2.d.0F078B6D31CA8F404769C2681CE5B42D.e.4737","ELEMENT":"f.A415CF0DC7BF82C6485FB72A7DE5D8B2.d.0F078B6D31CA8F404769C2681CE5B42D.e.4737"}]}
COMMAND: POST /session/fc8710269a386560706f3ec5ac47ed98/element/f.A415CF0DC7BF82C6485FB72A7DE5D8B2.d.0F078B6D31CA8F404769C2681CE5B42D.e.4737/click - {}
COMMAND: GET /session/fc8710269a386560706f3ec5ac47ed98/screenshot - {}
RESULT: {}
RESULT: {}
COMMAND: GET /session/fc8710269a386560706f3ec5ac47ed98/screenshot - {}
RESULT: {}
RESULT: {}
COMMAND: POST /session/fc8710269a386560706f3ec5ac47ed98/element/f.A415CF0DC7BF82C6485FB72A7DE5D8B2.d.0F078B6D31CA8F404769C2681CE5B42D.e.4201/click - {}
COMMAND: POST /session/fc8710269a386560706f3ec5ac47ed98/element - {"using":"xpath","value":"//*[contains(@data-kt ,\"openLocationActionMenuLink\")]"}
RESULT: {"using":"xpath","value":"//*[contains(@data-kt ,\"openLocationActionMenuLink\")]"}
COMMAND: POST /session/fc8710269a386560706f3ec5ac47ed98/element/f.A415CF0DC7BF82C6485FB72A7DE5D8B2.d.0F078B6D31CA8F404769C2681CE5B42D.e.4201/click - {}
COMMAND: POST /session/fc8710269a386560706f3ec5ac47ed98/element - {"using":"xpath","value":"//*[contains(@data-kt ,\"openLocationActionMenuLink\")]"}
RESULT: {"using":"xpath","value":"//*[contains(@data-kt ,\"openLocationActionMenuLink\")]"}
COMMAND: POST /session/fc8710269a386560706f3ec5ac47ed98/element/f.A415CF0DC7BF82C6485FB72A7DE5D8B2.d.0F078B6D31CA8F404769C2681CE5B42D.e.4804/click - {}
RESULT: {}
COMMAND: GET /session/fc8710269a386560706f3ec5ac47ed98/screenshot - {}
RESULT: {}
COMMAND: POST /session/fc8710269a386560706f3ec5ac47ed98/element - {"using":"xpath","value":"(//button[contains(@title ,\"Open in new tab\")])[1]"}
RESULT: {"using":"xpath","value":"(//button[contains(@title ,\"Open in new tab\")])[1]"}
COMMAND: POST /session/fc8710269a386560706f3ec5ac47ed98/element/f.A415CF0DC7BF82C6485FB72A7DE5D8B2.d.0F078B6D31CA8F404769C2681CE5B42D.e.4805/click - {}
RESULT: {}
COMMAND: GET /session/fc8710269a386560706f3ec5ac47ed98/screenshot - {}
RESULT: {}
COMMAND: GET /session/fc8710269a386560706f3ec5ac47ed98/window/handles - {}
RESULT: {}
COMMAND: POST /session/fc8710269a386560706f3ec5ac47ed98/window - {"handle":"42A5B2B83CE48D40E795CCA4F7220D18"}
RESULT: {"handle":"42A5B2B83CE48D40E795CCA4F7220D18"}
COMMAND: GET /session/fc8710269a386560706f3ec5ac47ed98/url - {}
RESULT: {}
COMMAND: GET /session/fc8710269a386560706f3ec5ac47ed98/screenshot - {}
RESULT: {}
COMMAND: POST /session/fc8710269a386560706f3ec5ac47ed98/execute/sync - {"script":"<script> [8489 bytes]","args":[{"element-6066-11e4-a52e-4f735466cecf":"f.A415CF0DC7BF82C6485FB72A7DE5D8B2.d.0F078B6D31CA8F404769C2681CE5B42D.e.4138","ELEMENT":"f.A415CF0DC7BF82C6485FB72A7DE5D8B2.d.0F078B6D31CA8F404769C2681CE5B42D.e.4138"}]}
COMMAND: DELETE /session/fc8710269a386560706f3ec5ac47ed98/window - {}
RESULT: {}
COMMAND: POST /session/fc8710269a386560706f3ec5ac47ed98/window - {"handle":"A415CF0DC7BF82C6485FB72A7DE5D8B2"}
RESULT: {"handle":"A415CF0DC7BF82C6485FB72A7DE5D8B2"}
COMMAND: GET /session/fc8710269a386560706f3ec5ac47ed98/url - {}
COMMAND: POST /session/fc8710269a386560706f3ec5ac47ed98/element - {"using":"xpath","value":"(//span[contains(text(), \"WebdriverYardx2p2o\")])[2]"}
RESULT: {}
COMMAND: GET /session/fc8710269a386560706f3ec5ac47ed98/screenshot - {}
RESULT: {"using":"xpath","value":"(//span[contains(text(), \"WebdriverYardx2p2o\")])[2]"}
COMMAND: POST /session/fc8710269a386560706f3ec5ac47ed98/execute/sync - {"script":"<script> [8489 bytes]","args":[{"element-6066-11e4-a52e-4f735466cecf":"f.A415CF0DC7BF82C6485FB72A7DE5D8B2.d.0F078B6D31CA8F404769C2681CE5B42D.e.4895","ELEMENT":"f.A415CF0DC7BF82C6485FB72A7DE5D8B2.d.0F078B6D31CA8F404769C2681CE5B42D.e.4895"}]}
RESULT: {}
RESULT: {"script":"<script> [8489 bytes]","args":[{"element-6066-11e4-a52e-4f735466cecf":"f.A415CF0DC7BF82C6485FB72A7DE5D8B2.d.0F078B6D31CA8F404769C2681CE5B42D.e.4895","ELEMENT":"f.A415CF0DC7BF82C6485FB72A7DE5D8B2.d.0F078B6D31CA8F404769C2681CE5B42D.e.4895"}]}
COMMAND: GET /session/fc8710269a386560706f3ec5ac47ed98/screenshot - {}
RESULT: {}
COMMAND: POST /session/fc8710269a386560706f3ec5ac47ed98/element - {"using":"xpath","value":"(//button[contains(@title ,\"Open in new tab\")])[2]"}
RESULT: {"using":"xpath","value":"(//button[contains(@title ,\"Open in new tab\")])[2]"}
COMMAND: POST /session/fc8710269a386560706f3ec5ac47ed98/element/f.A415CF0DC7BF82C6485FB72A7DE5D8B2.d.0F078B6D31CA8F404769C2681CE5B42D.e.4896/click - {}
RESULT: {}
COMMAND: GET /session/fc8710269a386560706f3ec5ac47ed98/screenshot - {}
RESULT: {}
COMMAND: GET /session/fc8710269a386560706f3ec5ac47ed98/window/handles - {}
RESULT: {}
COMMAND: POST /session/fc8710269a386560706f3ec5ac47ed98/window - {"handle":"0750DDC4CA46A78B3A70ABE42A072D7B"}
RESULT: {"handle":"0750DDC4CA46A78B3A70ABE42A072D7B"}
COMMAND: GET /session/fc8710269a386560706f3ec5ac47ed98/url - {}
RESULT: {}
COMMAND: GET /session/fc8710269a386560706f3ec5ac47ed98/screenshot - {}
RESULT: {}
COMMAND: POST /session/fc8710269a386560706f3ec5ac47ed98/execute/sync - {"script":"<script> [8489 bytes]","args":[{"element-6066-11e4-a52e-4f735466cecf":"f.A415CF0DC7BF82C6485FB72A7DE5D8B2.d.0F078B6D31CA8F404769C2681CE5B42D.e.4392","ELEMENT":"f.A415CF0DC7BF82C6485FB72A7DE5D8B2.d.0F078B6D31CA8F404769C2681CE5B42D.e.4392"}]}
COMMAND: DELETE /session/fc8710269a386560706f3ec5ac47ed98/window - {}
RESULT: {}
COMMAND: POST /session/fc8710269a386560706f3ec5ac47ed98/window - {"handle":"A415CF0DC7BF82C6485FB72A7DE5D8B2"}
RESULT: {"handle":"A415CF0DC7BF82C6485FB72A7DE5D8B2"}
COMMAND: GET /session/fc8710269a386560706f3ec5ac47ed98/url - {}
COMMAND: POST /session/fc8710269a386560706f3ec5ac47ed98/element - {"using":"xpath","value":"//span[contains(@id ,\"application-addressmanagement-display-component---detailAdm--addressDetailDetailsName1\")][contains(text(), \"WebdriverYardx2p2o\")]"}
RESULT: {}
COMMAND: GET /session/fc8710269a386560706f3ec5ac47ed98/screenshot - {}
RESULT: {"using":"xpath","value":"//span[contains(@id ,\"application-addressmanagement-display-component---detailAdm--addressDetailDetailsName1\")][contains(text(), \"WebdriverYardx2p2o\")]"}
COMMAND: POST /session/fc8710269a386560706f3ec5ac47ed98/element - {"using":"xpath","value":"//span[contains(@id ,\"application-addressmanagement-display-component---detailAdm--addressDetailDetailsName1\")][contains(text(), \"WebdriverYardx2p2o\")]"}
RESULT: {}
RESULT: {"using":"xpath","value":"//span[contains(@id ,\"application-addressmanagement-display-component---detailAdm--addressDetailDetailsName1\")][contains(text(), \"WebdriverYardx2p2o\")]"}
COMMAND: POST /session/fc8710269a386560706f3ec5ac47ed98/element - {"using":"xpath","value":"//span[contains(@id ,\"application-addressmanagement-display-component---detailAdm--addressDetailDetailsName1\")][contains(text(), \"WebdriverYardx2p2o\")]"}
RESULT: {"using":"xpath","value":"//span[contains(@id ,\"application-addressmanagement-display-component---detailAdm--addressDetailDetailsName1\")][contains(text(), \"WebdriverYardx2p2o\")]"}
COMMAND: POST /session/fc8710269a386560706f3ec5ac47ed98/element - {"using":"xpath","value":"//span[contains(@id ,\"application-addressmanagement-display-component---detailAdm--addressDetailDetailsName1\")][contains(text(), \"WebdriverYardx2p2o\")]"}
RESULT: {"using":"xpath","value":"//span[contains(@id ,\"application-addressmanagement-display-component---detailAdm--addressDetailDetailsName1\")][contains(text(), \"WebdriverYardx2p2o\")]"}
COMMAND: POST /session/fc8710269a386560706f3ec5ac47ed98/element - {"using":"xpath","value":"//span[contains(@id ,\"application-addressmanagement-display-component---detailAdm--addressDetailDetailsName1\")][contains(text(), \"WebdriverYardx2p2o\")]"}
RESULT: {"using":"xpath","value":"//span[contains(@id ,\"application-addressmanagement-display-component---detailAdm--addressDetailDetailsName1\")][contains(text(), \"WebdriverYardx2p2o\")]"}
COMMAND: POST /session/fc8710269a386560706f3ec5ac47ed98/element - {"using":"xpath","value":"//span[contains(@id ,\"application-addressmanagement-display-component---detailAdm--addressDetailDetailsName1\")][contains(text(), \"WebdriverYardx2p2o\")]"}
RESULT: {"using":"xpath","value":"//span[contains(@id ,\"application-addressmanagement-display-component---detailAdm--addressDetailDetailsName1\")][contains(text(), \"WebdriverYardx2p2o\")]"}
COMMAND: POST /session/fc8710269a386560706f3ec5ac47ed98/element - {"using":"xpath","value":"//span[contains(@id ,\"application-addressmanagement-display-component---detailAdm--addressDetailDetailsName1\")][contains(text(), \"WebdriverYardx2p2o\")]"}
RESULT: {"using":"xpath","value":"//span[contains(@id ,\"application-addressmanagement-display-component---detailAdm--addressDetailDetailsName1\")][contains(text(), \"WebdriverYardx2p2o\")]"}
COMMAND: POST /session/fc8710269a386560706f3ec5ac47ed98/element - {"using":"xpath","value":"//span[contains(@id ,\"application-addressmanagement-display-component---detailAdm--addressDetailDetailsName1\")][contains(text(), \"WebdriverYardx2p2o\")]"}
RESULT: {"using":"xpath","value":"//span[contains(@id ,\"application-addressmanagement-display-component---detailAdm--addressDetailDetailsName1\")][contains(text(), \"WebdriverYardx2p2o\")]"}
COMMAND: POST /session/fc8710269a386560706f3ec5ac47ed98/element - {"using":"xpath","value":"//span[contains(@id ,\"application-addressmanagement-display-component---detailAdm--addressDetailDetailsName1\")][contains(text(), \"WebdriverYardx2p2o\")]"}
RESULT: {"using":"xpath","value":"//span[contains(@id ,\"application-addressmanagement-display-component---detailAdm--addressDetailDetailsName1\")][contains(text(), \"WebdriverYardx2p2o\")]"}
]]></system-out>
    </testcase>
    <testcase classname="chrome.137_0_7151_69.windows.Related_resources_for_groups_US139107" name="Should set one equipment to inactive and verify that it does not show in the releated resources" time="65.305">
      <system-out><![CDATA[
COMMAND: POST /session/fc8710269a386560706f3ec5ac47ed98/element - {"using":"xpath","value":"//*[contains(@data-kt ,\"openRUIdMenuLink\")]"}
RESULT: {"using":"xpath","value":"//*[contains(@data-kt ,\"openRUIdMenuLink\")]"}
COMMAND: POST /session/fc8710269a386560706f3ec5ac47ed98/execute/sync - {"script":"<script> [8489 bytes]","args":[{"element-6066-11e4-a52e-4f735466cecf":"f.A415CF0DC7BF82C6485FB72A7DE5D8B2.d.0F078B6D31CA8F404769C2681CE5B42D.e.5109","ELEMENT":"f.A415CF0DC7BF82C6485FB72A7DE5D8B2.d.0F078B6D31CA8F404769C2681CE5B42D.e.5109"}]}
RESULT: {"script":"<script> [8489 bytes]","args":[{"element-6066-11e4-a52e-4f735466cecf":"f.A415CF0DC7BF82C6485FB72A7DE5D8B2.d.0F078B6D31CA8F404769C2681CE5B42D.e.5109","ELEMENT":"f.A415CF0DC7BF82C6485FB72A7DE5D8B2.d.0F078B6D31CA8F404769C2681CE5B42D.e.5109"}]}
COMMAND: POST /session/fc8710269a386560706f3ec5ac47ed98/execute/sync - {"script":"<script> [5351 bytes]","args":[{"element-6066-11e4-a52e-4f735466cecf":"f.A415CF0DC7BF82C6485FB72A7DE5D8B2.d.0F078B6D31CA8F404769C2681CE5B42D.e.5109","ELEMENT":"f.A415CF0DC7BF82C6485FB72A7DE5D8B2.d.0F078B6D31CA8F404769C2681CE5B42D.e.5109"}]}
RESULT: {"script":"<script> [5351 bytes]","args":[{"element-6066-11e4-a52e-4f735466cecf":"f.A415CF0DC7BF82C6485FB72A7DE5D8B2.d.0F078B6D31CA8F404769C2681CE5B42D.e.5109","ELEMENT":"f.A415CF0DC7BF82C6485FB72A7DE5D8B2.d.0F078B6D31CA8F404769C2681CE5B42D.e.5109"}]}
COMMAND: POST /session/fc8710269a386560706f3ec5ac47ed98/element/f.A415CF0DC7BF82C6485FB72A7DE5D8B2.d.0F078B6D31CA8F404769C2681CE5B42D.e.5109/click - {}
RESULT: {}
COMMAND: POST /session/fc8710269a386560706f3ec5ac47ed98/element - {"using":"xpath","value":"//span[contains(@id ,\"application-addressmanagement-display-component---detailAdm--addressDetailDetailsName1\")][contains(text(), \"WebdriverYardx2p2o\")]"}
COMMAND: GET /session/fc8710269a386560706f3ec5ac47ed98/screenshot - {}
COMMAND: GET /session/fc8710269a386560706f3ec5ac47ed98/screenshot - {}
COMMAND: GET /session/fc8710269a386560706f3ec5ac47ed98/screenshot - {}
RESULT: {"using":"xpath","value":"//span[contains(@id ,\"application-addressmanagement-display-component---detailAdm--addressDetailDetailsName1\")][contains(text(), \"WebdriverYardx2p2o\")]"}
RESULT: {}
COMMAND: POST /session/fc8710269a386560706f3ec5ac47ed98/element - {"using":"xpath","value":"//span[contains(@id ,\"application-addressmanagement-display-component---detailAdm--addressDetailDetailsName1\")][contains(text(), \"WebdriverYardx2p2o\")]"}
RESULT: {}
RESULT: {}
RESULT: {"using":"xpath","value":"//span[contains(@id ,\"application-addressmanagement-display-component---detailAdm--addressDetailDetailsName1\")][contains(text(), \"WebdriverYardx2p2o\")]"}
COMMAND: POST /session/fc8710269a386560706f3ec5ac47ed98/element - {"using":"xpath","value":"//span[contains(@id ,\"application-addressmanagement-display-component---detailAdm--addressDetailDetailsName1\")][contains(text(), \"WebdriverYardx2p2o\")]"}
RESULT: {"using":"xpath","value":"//span[contains(@id ,\"application-addressmanagement-display-component---detailAdm--addressDetailDetailsName1\")][contains(text(), \"WebdriverYardx2p2o\")]"}
COMMAND: POST /session/fc8710269a386560706f3ec5ac47ed98/element - {"using":"xpath","value":"//*[contains(@data-kt ,\"ContextMenuId2Link\")][contains(text(), \"RU Overview\")]"}
RESULT: {"using":"xpath","value":"//*[contains(@data-kt ,\"ContextMenuId2Link\")][contains(text(), \"RU Overview\")]"}
COMMAND: POST /session/fc8710269a386560706f3ec5ac47ed98/execute/sync - {"script":"<script> [8489 bytes]","args":[{"element-6066-11e4-a52e-4f735466cecf":"f.A415CF0DC7BF82C6485FB72A7DE5D8B2.d.0F078B6D31CA8F404769C2681CE5B42D.e.5111","ELEMENT":"f.A415CF0DC7BF82C6485FB72A7DE5D8B2.d.0F078B6D31CA8F404769C2681CE5B42D.e.5111"}]}
COMMAND: POST /session/fc8710269a386560706f3ec5ac47ed98/element/f.A415CF0DC7BF82C6485FB72A7DE5D8B2.d.0F078B6D31CA8F404769C2681CE5B42D.e.5111/click - {}
COMMAND: POST /session/fc8710269a386560706f3ec5ac47ed98/element - {"using":"xpath","value":"//span[contains(@id ,\"application-addressmanagement-display-component---detailAdm--addressDetailDetailsName1\")][contains(text(), \"WebdriverYardx2p2o\")]"}
RESULT: {}
COMMAND: GET /session/fc8710269a386560706f3ec5ac47ed98/screenshot - {}
COMMAND: POST /session/fc8710269a386560706f3ec5ac47ed98/element - {"using":"xpath","value":"//*[contains(@data-kt ,\"ContextMenuId2Link\")][contains(text(), \"RU Overview\")]"}
RESULT: {"using":"xpath","value":"//span[contains(@id ,\"application-addressmanagement-display-component---detailAdm--addressDetailDetailsName1\")][contains(text(), \"WebdriverYardx2p2o\")]"}
COMMAND: POST /session/fc8710269a386560706f3ec5ac47ed98/element - {"using":"xpath","value":"//span[contains(@id ,\"application-addressmanagement-display-component---detailAdm--addressDetailDetailsName1\")][contains(text(), \"WebdriverYardx2p2o\")]"}
RESULT: {}
RESULT: {"using":"xpath","value":"//*[contains(@data-kt ,\"ContextMenuId2Link\")][contains(text(), \"RU Overview\")]"}
COMMAND: POST /session/fc8710269a386560706f3ec5ac47ed98/element - {"using":"xpath","value":"//*[contains(@data-kt ,\"ContextMenuId2Link\")][contains(text(), \"RU Overview\")]"}
RESULT: {"using":"xpath","value":"//span[contains(@id ,\"application-addressmanagement-display-component---detailAdm--addressDetailDetailsName1\")][contains(text(), \"WebdriverYardx2p2o\")]"}
RESULT: {"using":"xpath","value":"//*[contains(@data-kt ,\"ContextMenuId2Link\")][contains(text(), \"RU Overview\")]"}
COMMAND: POST /session/fc8710269a386560706f3ec5ac47ed98/element - {"using":"xpath","value":"//span[contains(@id ,\"application-addressmanagement-display-component---detailAdm--addressDetailDetailsName1\")][contains(text(), \"WebdriverYardx2p2o\")]"}
COMMAND: POST /session/fc8710269a386560706f3ec5ac47ed98/element - {"using":"xpath","value":"//*[contains(@data-kt ,\"ContextMenuId2Link\")][contains(text(), \"RU Overview\")]"}
RESULT: {"using":"xpath","value":"//span[contains(@id ,\"application-addressmanagement-display-component---detailAdm--addressDetailDetailsName1\")][contains(text(), \"WebdriverYardx2p2o\")]"}
RESULT: {"using":"xpath","value":"//*[contains(@data-kt ,\"ContextMenuId2Link\")][contains(text(), \"RU Overview\")]"}
COMMAND: POST /session/fc8710269a386560706f3ec5ac47ed98/element - {"using":"xpath","value":"//span[contains(@id ,\"application-addressmanagement-display-component---detailAdm--addressDetailDetailsName1\")][contains(text(), \"WebdriverYardx2p2o\")]"}
RESULT: {"using":"xpath","value":"//span[contains(@id ,\"application-addressmanagement-display-component---detailAdm--addressDetailDetailsName1\")][contains(text(), \"WebdriverYardx2p2o\")]"}
COMMAND: POST /session/fc8710269a386560706f3ec5ac47ed98/element - {"using":"xpath","value":"//*[contains(@data-kt ,\"ContextMenuId2Link\")][contains(text(), \"RU Overview\")]"}
COMMAND: POST /session/fc8710269a386560706f3ec5ac47ed98/element - {"using":"xpath","value":"//span[contains(@id ,\"application-addressmanagement-display-component---detailAdm--addressDetailDetailsName1\")][contains(text(), \"WebdriverYardx2p2o\")]"}
RESULT: {"using":"xpath","value":"//*[contains(@data-kt ,\"ContextMenuId2Link\")][contains(text(), \"RU Overview\")]"}
RESULT: {"using":"xpath","value":"//span[contains(@id ,\"application-addressmanagement-display-component---detailAdm--addressDetailDetailsName1\")][contains(text(), \"WebdriverYardx2p2o\")]"}
COMMAND: POST /session/fc8710269a386560706f3ec5ac47ed98/element - {"using":"xpath","value":"//*[contains(@data-kt ,\"ContextMenuId2Link\")][contains(text(), \"RU Overview\")]"}
COMMAND: POST /session/fc8710269a386560706f3ec5ac47ed98/element - {"using":"xpath","value":"//span[contains(@id ,\"application-addressmanagement-display-component---detailAdm--addressDetailDetailsName1\")][contains(text(), \"WebdriverYardx2p2o\")]"}
RESULT: {"using":"xpath","value":"//*[contains(@data-kt ,\"ContextMenuId2Link\")][contains(text(), \"RU Overview\")]"}
RESULT: {"using":"xpath","value":"//span[contains(@id ,\"application-addressmanagement-display-component---detailAdm--addressDetailDetailsName1\")][contains(text(), \"WebdriverYardx2p2o\")]"}
COMMAND: POST /session/fc8710269a386560706f3ec5ac47ed98/element - {"using":"xpath","value":"//*[contains(@data-kt ,\"ContextMenuId2Link\")][contains(text(), \"RU Overview\")]"}
COMMAND: POST /session/fc8710269a386560706f3ec5ac47ed98/element - {"using":"xpath","value":"//span[contains(@id ,\"application-addressmanagement-display-component---detailAdm--addressDetailDetailsName1\")][contains(text(), \"WebdriverYardx2p2o\")]"}
RESULT: {"using":"xpath","value":"//*[contains(@data-kt ,\"ContextMenuId2Link\")][contains(text(), \"RU Overview\")]"}
RESULT: {"using":"xpath","value":"//span[contains(@id ,\"application-addressmanagement-display-component---detailAdm--addressDetailDetailsName1\")][contains(text(), \"WebdriverYardx2p2o\")]"}
COMMAND: POST /session/fc8710269a386560706f3ec5ac47ed98/element - {"using":"xpath","value":"//*[contains(@data-kt ,\"ContextMenuId2Link\")][contains(text(), \"RU Overview\")]"}
COMMAND: POST /session/fc8710269a386560706f3ec5ac47ed98/element - {"using":"xpath","value":"//span[contains(@id ,\"application-addressmanagement-display-component---detailAdm--addressDetailDetailsName1\")][contains(text(), \"WebdriverYardx2p2o\")]"}
RESULT: {"using":"xpath","value":"//*[contains(@data-kt ,\"ContextMenuId2Link\")][contains(text(), \"RU Overview\")]"}
RESULT: {"using":"xpath","value":"//span[contains(@id ,\"application-addressmanagement-display-component---detailAdm--addressDetailDetailsName1\")][contains(text(), \"WebdriverYardx2p2o\")]"}
COMMAND: POST /session/fc8710269a386560706f3ec5ac47ed98/element - {"using":"xpath","value":"//*[contains(@data-kt ,\"ContextMenuId2Link\")][contains(text(), \"RU Overview\")]"}
COMMAND: POST /session/fc8710269a386560706f3ec5ac47ed98/element - {"using":"xpath","value":"//span[contains(@id ,\"application-addressmanagement-display-component---detailAdm--addressDetailDetailsName1\")][contains(text(), \"WebdriverYardx2p2o\")]"}
RESULT: {"using":"xpath","value":"//*[contains(@data-kt ,\"ContextMenuId2Link\")][contains(text(), \"RU Overview\")]"}
RESULT: {"using":"xpath","value":"//span[contains(@id ,\"application-addressmanagement-display-component---detailAdm--addressDetailDetailsName1\")][contains(text(), \"WebdriverYardx2p2o\")]"}
COMMAND: POST /session/fc8710269a386560706f3ec5ac47ed98/element - {"using":"xpath","value":"//*[contains(@data-kt ,\"ContextMenuId2Link\")][contains(text(), \"RU Overview\")]"}
COMMAND: POST /session/fc8710269a386560706f3ec5ac47ed98/element - {"using":"xpath","value":"//span[contains(@id ,\"application-addressmanagement-display-component---detailAdm--addressDetailDetailsName1\")][contains(text(), \"WebdriverYardx2p2o\")]"}
RESULT: {"using":"xpath","value":"//*[contains(@data-kt ,\"ContextMenuId2Link\")][contains(text(), \"RU Overview\")]"}
RESULT: {"using":"xpath","value":"//span[contains(@id ,\"application-addressmanagement-display-component---detailAdm--addressDetailDetailsName1\")][contains(text(), \"WebdriverYardx2p2o\")]"}
COMMAND: POST /session/fc8710269a386560706f3ec5ac47ed98/element - {"using":"xpath","value":"//*[contains(@data-kt ,\"ContextMenuId2Link\")][contains(text(), \"RU Overview\")]"}
COMMAND: POST /session/fc8710269a386560706f3ec5ac47ed98/element - {"using":"xpath","value":"//span[contains(@id ,\"application-addressmanagement-display-component---detailAdm--addressDetailDetailsName1\")][contains(text(), \"WebdriverYardx2p2o\")]"}
RESULT: {"using":"xpath","value":"//*[contains(@data-kt ,\"ContextMenuId2Link\")][contains(text(), \"RU Overview\")]"}
RESULT: {"using":"xpath","value":"//span[contains(@id ,\"application-addressmanagement-display-component---detailAdm--addressDetailDetailsName1\")][contains(text(), \"WebdriverYardx2p2o\")]"}
COMMAND: POST /session/fc8710269a386560706f3ec5ac47ed98/element - {"using":"xpath","value":"//*[contains(@data-kt ,\"ContextMenuId2Link\")][contains(text(), \"RU Overview\")]"}
COMMAND: POST /session/fc8710269a386560706f3ec5ac47ed98/element - {"using":"xpath","value":"//span[contains(@id ,\"application-addressmanagement-display-component---detailAdm--addressDetailDetailsName1\")][contains(text(), \"WebdriverYardx2p2o\")]"}
RESULT: {"using":"xpath","value":"//*[contains(@data-kt ,\"ContextMenuId2Link\")][contains(text(), \"RU Overview\")]"}
RESULT: {"using":"xpath","value":"//span[contains(@id ,\"application-addressmanagement-display-component---detailAdm--addressDetailDetailsName1\")][contains(text(), \"WebdriverYardx2p2o\")]"}
COMMAND: POST /session/fc8710269a386560706f3ec5ac47ed98/element - {"using":"xpath","value":"//*[contains(@data-kt ,\"ContextMenuId2Link\")][contains(text(), \"RU Overview\")]"}
COMMAND: POST /session/fc8710269a386560706f3ec5ac47ed98/element - {"using":"xpath","value":"//span[contains(@id ,\"application-addressmanagement-display-component---detailAdm--addressDetailDetailsName1\")][contains(text(), \"WebdriverYardx2p2o\")]"}
RESULT: {"using":"xpath","value":"//*[contains(@data-kt ,\"ContextMenuId2Link\")][contains(text(), \"RU Overview\")]"}
RESULT: {"using":"xpath","value":"//span[contains(@id ,\"application-addressmanagement-display-component---detailAdm--addressDetailDetailsName1\")][contains(text(), \"WebdriverYardx2p2o\")]"}
COMMAND: POST /session/fc8710269a386560706f3ec5ac47ed98/element - {"using":"xpath","value":"//*[contains(@data-kt ,\"ContextMenuId2Link\")][contains(text(), \"RU Overview\")]"}
COMMAND: POST /session/fc8710269a386560706f3ec5ac47ed98/element - {"using":"xpath","value":"//span[contains(@id ,\"application-addressmanagement-display-component---detailAdm--addressDetailDetailsName1\")][contains(text(), \"WebdriverYardx2p2o\")]"}
RESULT: {"using":"xpath","value":"//*[contains(@data-kt ,\"ContextMenuId2Link\")][contains(text(), \"RU Overview\")]"}
RESULT: {"using":"xpath","value":"//span[contains(@id ,\"application-addressmanagement-display-component---detailAdm--addressDetailDetailsName1\")][contains(text(), \"WebdriverYardx2p2o\")]"}
COMMAND: POST /session/fc8710269a386560706f3ec5ac47ed98/element - {"using":"xpath","value":"//*[contains(@data-kt ,\"ContextMenuId2Link\")][contains(text(), \"RU Overview\")]"}
COMMAND: POST /session/fc8710269a386560706f3ec5ac47ed98/element - {"using":"xpath","value":"//span[contains(@id ,\"application-addressmanagement-display-component---detailAdm--addressDetailDetailsName1\")][contains(text(), \"WebdriverYardx2p2o\")]"}
RESULT: {"using":"xpath","value":"//*[contains(@data-kt ,\"ContextMenuId2Link\")][contains(text(), \"RU Overview\")]"}
RESULT: {"using":"xpath","value":"//span[contains(@id ,\"application-addressmanagement-display-component---detailAdm--addressDetailDetailsName1\")][contains(text(), \"WebdriverYardx2p2o\")]"}
COMMAND: POST /session/fc8710269a386560706f3ec5ac47ed98/element - {"using":"xpath","value":"//*[contains(@data-kt ,\"ContextMenuId2Link\")][contains(text(), \"RU Overview\")]"}
COMMAND: POST /session/fc8710269a386560706f3ec5ac47ed98/element - {"using":"xpath","value":"//span[contains(@id ,\"application-addressmanagement-display-component---detailAdm--addressDetailDetailsName1\")][contains(text(), \"WebdriverYardx2p2o\")]"}
RESULT: {"using":"xpath","value":"//*[contains(@data-kt ,\"ContextMenuId2Link\")][contains(text(), \"RU Overview\")]"}
RESULT: {"using":"xpath","value":"//span[contains(@id ,\"application-addressmanagement-display-component---detailAdm--addressDetailDetailsName1\")][contains(text(), \"WebdriverYardx2p2o\")]"}
COMMAND: POST /session/fc8710269a386560706f3ec5ac47ed98/element - {"using":"xpath","value":"//*[contains(@data-kt ,\"ContextMenuId2Link\")][contains(text(), \"RU Overview\")]"}
COMMAND: POST /session/fc8710269a386560706f3ec5ac47ed98/element - {"using":"xpath","value":"//span[contains(@id ,\"application-addressmanagement-display-component---detailAdm--addressDetailDetailsName1\")][contains(text(), \"WebdriverYardx2p2o\")]"}
RESULT: {"using":"xpath","value":"//*[contains(@data-kt ,\"ContextMenuId2Link\")][contains(text(), \"RU Overview\")]"}
RESULT: {"using":"xpath","value":"//span[contains(@id ,\"application-addressmanagement-display-component---detailAdm--addressDetailDetailsName1\")][contains(text(), \"WebdriverYardx2p2o\")]"}
COMMAND: POST /session/fc8710269a386560706f3ec5ac47ed98/element - {"using":"xpath","value":"//*[contains(@data-kt ,\"ContextMenuId2Link\")][contains(text(), \"RU Overview\")]"}
COMMAND: POST /session/fc8710269a386560706f3ec5ac47ed98/element - {"using":"xpath","value":"//span[contains(@id ,\"application-addressmanagement-display-component---detailAdm--addressDetailDetailsName1\")][contains(text(), \"WebdriverYardx2p2o\")]"}
RESULT: {"using":"xpath","value":"//*[contains(@data-kt ,\"ContextMenuId2Link\")][contains(text(), \"RU Overview\")]"}
RESULT: {"using":"xpath","value":"//span[contains(@id ,\"application-addressmanagement-display-component---detailAdm--addressDetailDetailsName1\")][contains(text(), \"WebdriverYardx2p2o\")]"}
COMMAND: POST /session/fc8710269a386560706f3ec5ac47ed98/element - {"using":"xpath","value":"//*[contains(@data-kt ,\"ContextMenuId2Link\")][contains(text(), \"RU Overview\")]"}
COMMAND: POST /session/fc8710269a386560706f3ec5ac47ed98/element - {"using":"xpath","value":"//span[contains(@id ,\"application-addressmanagement-display-component---detailAdm--addressDetailDetailsName1\")][contains(text(), \"WebdriverYardx2p2o\")]"}
RESULT: {"using":"xpath","value":"//*[contains(@data-kt ,\"ContextMenuId2Link\")][contains(text(), \"RU Overview\")]"}
RESULT: {"using":"xpath","value":"//span[contains(@id ,\"application-addressmanagement-display-component---detailAdm--addressDetailDetailsName1\")][contains(text(), \"WebdriverYardx2p2o\")]"}
COMMAND: POST /session/fc8710269a386560706f3ec5ac47ed98/element - {"using":"xpath","value":"//*[contains(@data-kt ,\"ContextMenuId2Link\")][contains(text(), \"RU Overview\")]"}
RESULT: {"using":"xpath","value":"//*[contains(@data-kt ,\"ContextMenuId2Link\")][contains(text(), \"RU Overview\")]"}
COMMAND: POST /session/fc8710269a386560706f3ec5ac47ed98/element - {"using":"xpath","value":"//span[contains(@id ,\"application-addressmanagement-display-component---detailAdm--addressDetailDetailsName1\")][contains(text(), \"WebdriverYardx2p2o\")]"}
RESULT: {"using":"xpath","value":"//span[contains(@id ,\"application-addressmanagement-display-component---detailAdm--addressDetailDetailsName1\")][contains(text(), \"WebdriverYardx2p2o\")]"}
COMMAND: POST /session/fc8710269a386560706f3ec5ac47ed98/element - {"using":"xpath","value":"//*[contains(@data-kt ,\"ContextMenuId2Link\")][contains(text(), \"RU Overview\")]"}
COMMAND: POST /session/fc8710269a386560706f3ec5ac47ed98/element - {"using":"xpath","value":"//span[contains(@id ,\"actionsToolbar-overflowButton-img\")]"}
RESULT: {"using":"xpath","value":"//*[contains(@data-kt ,\"ContextMenuId2Link\")][contains(text(), \"RU Overview\")]"}
COMMAND: POST /session/fc8710269a386560706f3ec5ac47ed98/element - {"using":"xpath","value":"//span[contains(@id ,\"application-addressmanagement-display-component---detailAdm--addressDetailDetailsName1\")][contains(text(), \"WebdriverYardx2p2o\")]"}
RESULT: {"using":"xpath","value":"//span[contains(@id ,\"actionsToolbar-overflowButton-img\")]"}
COMMAND: POST /session/fc8710269a386560706f3ec5ac47ed98/execute/sync - {"script":"<script> [8489 bytes]","args":[{"element-6066-11e4-a52e-4f735466cecf":"f.A415CF0DC7BF82C6485FB72A7DE5D8B2.d.0F078B6D31CA8F404769C2681CE5B42D.e.5534","ELEMENT":"f.A415CF0DC7BF82C6485FB72A7DE5D8B2.d.0F078B6D31CA8F404769C2681CE5B42D.e.5534"}]}
RESULT: {"using":"xpath","value":"//span[contains(@id ,\"application-addressmanagement-display-component---detailAdm--addressDetailDetailsName1\")][contains(text(), \"WebdriverYardx2p2o\")]"}
RESULT: {"script":"<script> [8489 bytes]","args":[{"element-6066-11e4-a52e-4f735466cecf":"f.A415CF0DC7BF82C6485FB72A7DE5D8B2.d.0F078B6D31CA8F404769C2681CE5B42D.e.5534","ELEMENT":"f.A415CF0DC7BF82C6485FB72A7DE5D8B2.d.0F078B6D31CA8F404769C2681CE5B42D.e.5534"}]}
COMMAND: POST /session/fc8710269a386560706f3ec5ac47ed98/execute/sync - {"script":"<script> [5351 bytes]","args":[{"element-6066-11e4-a52e-4f735466cecf":"f.A415CF0DC7BF82C6485FB72A7DE5D8B2.d.0F078B6D31CA8F404769C2681CE5B42D.e.5534","ELEMENT":"f.A415CF0DC7BF82C6485FB72A7DE5D8B2.d.0F078B6D31CA8F404769C2681CE5B42D.e.5534"}]}
COMMAND: GET /session/fc8710269a386560706f3ec5ac47ed98/screenshot - {}
RESULT: {"script":"<script> [5351 bytes]","args":[{"element-6066-11e4-a52e-4f735466cecf":"f.A415CF0DC7BF82C6485FB72A7DE5D8B2.d.0F078B6D31CA8F404769C2681CE5B42D.e.5534","ELEMENT":"f.A415CF0DC7BF82C6485FB72A7DE5D8B2.d.0F078B6D31CA8F404769C2681CE5B42D.e.5534"}]}
COMMAND: POST /session/fc8710269a386560706f3ec5ac47ed98/element/f.A415CF0DC7BF82C6485FB72A7DE5D8B2.d.0F078B6D31CA8F404769C2681CE5B42D.e.5534/click - {}
COMMAND: GET /session/fc8710269a386560706f3ec5ac47ed98/screenshot - {}
RESULT: {}
COMMAND: POST /session/fc8710269a386560706f3ec5ac47ed98/element - {"using":"xpath","value":"//*[contains(@data-kt ,\"ContextMenuId2Link\")][contains(text(), \"RU Overview\")]"}
COMMAND: POST /session/fc8710269a386560706f3ec5ac47ed98/element - {"using":"xpath","value":"//span[contains(@id ,\"application-addressmanagement-display-component---detailAdm--addressDetailDetailsName1\")][contains(text(), \"WebdriverYardx2p2o\")]"}
RESULT: {}
COMMAND: GET /session/fc8710269a386560706f3ec5ac47ed98/screenshot - {}
RESULT: {}
RESULT: {"using":"xpath","value":"//*[contains(@data-kt ,\"ContextMenuId2Link\")][contains(text(), \"RU Overview\")]"}
RESULT: {"using":"xpath","value":"//span[contains(@id ,\"application-addressmanagement-display-component---detailAdm--addressDetailDetailsName1\")][contains(text(), \"WebdriverYardx2p2o\")]"}
RESULT: {}
COMMAND: POST /session/fc8710269a386560706f3ec5ac47ed98/element - {"using":"xpath","value":"//*[contains(@data-kt ,\"ContextMenuId2Link\")][contains(text(), \"RU Overview\")]"}
COMMAND: POST /session/fc8710269a386560706f3ec5ac47ed98/element - {"using":"xpath","value":"//span[contains(@id ,\"application-addressmanagement-display-component---detailAdm--addressDetailDetailsName1\")][contains(text(), \"WebdriverYardx2p2o\")]"}
RESULT: {"using":"xpath","value":"//*[contains(@data-kt ,\"ContextMenuId2Link\")][contains(text(), \"RU Overview\")]"}
RESULT: {"using":"xpath","value":"//span[contains(@id ,\"application-addressmanagement-display-component---detailAdm--addressDetailDetailsName1\")][contains(text(), \"WebdriverYardx2p2o\")]"}
COMMAND: POST /session/fc8710269a386560706f3ec5ac47ed98/element - {"using":"xpath","value":"//*[contains(@data-kt ,\"ContextMenuId2Link\")][contains(text(), \"RU Overview\")]"}
COMMAND: POST /session/fc8710269a386560706f3ec5ac47ed98/element - {"using":"xpath","value":"//span[contains(@id ,\"application-addressmanagement-display-component---detailAdm--addressDetailDetailsName1\")][contains(text(), \"WebdriverYardx2p2o\")]"}
RESULT: {"using":"xpath","value":"//*[contains(@data-kt ,\"ContextMenuId2Link\")][contains(text(), \"RU Overview\")]"}
RESULT: {"using":"xpath","value":"//span[contains(@id ,\"application-addressmanagement-display-component---detailAdm--addressDetailDetailsName1\")][contains(text(), \"WebdriverYardx2p2o\")]"}
COMMAND: POST /session/fc8710269a386560706f3ec5ac47ed98/element - {"using":"xpath","value":"(//bdi[contains(text(), \"Deactivate\")])[1]"}
RESULT: {"using":"xpath","value":"(//bdi[contains(text(), \"Deactivate\")])[1]"}
COMMAND: POST /session/fc8710269a386560706f3ec5ac47ed98/element/f.A415CF0DC7BF82C6485FB72A7DE5D8B2.d.0F078B6D31CA8F404769C2681CE5B42D.e.5537/click - {}
COMMAND: POST /session/fc8710269a386560706f3ec5ac47ed98/element - {"using":"xpath","value":"//*[contains(@data-kt ,\"ContextMenuId2Link\")][contains(text(), \"RU Overview\")]"}
COMMAND: POST /session/fc8710269a386560706f3ec5ac47ed98/element - {"using":"xpath","value":"//span[contains(@id ,\"application-addressmanagement-display-component---detailAdm--addressDetailDetailsName1\")][contains(text(), \"WebdriverYardx2p2o\")]"}
RESULT: {}
COMMAND: GET /session/fc8710269a386560706f3ec5ac47ed98/screenshot - {}
RESULT: {"using":"xpath","value":"//*[contains(@data-kt ,\"ContextMenuId2Link\")][contains(text(), \"RU Overview\")]"}
RESULT: {"using":"xpath","value":"//span[contains(@id ,\"application-addressmanagement-display-component---detailAdm--addressDetailDetailsName1\")][contains(text(), \"WebdriverYardx2p2o\")]"}
RESULT: {}
COMMAND: POST /session/fc8710269a386560706f3ec5ac47ed98/element - {"using":"xpath","value":"//*[contains(@data-kt ,\"ContextMenuId2Link\")][contains(text(), \"RU Overview\")]"}
COMMAND: POST /session/fc8710269a386560706f3ec5ac47ed98/element - {"using":"xpath","value":"//span[contains(@id ,\"application-addressmanagement-display-component---detailAdm--addressDetailDetailsName1\")][contains(text(), \"WebdriverYardx2p2o\")]"}
RESULT: {"using":"xpath","value":"//*[contains(@data-kt ,\"ContextMenuId2Link\")][contains(text(), \"RU Overview\")]"}
RESULT: {"using":"xpath","value":"//span[contains(@id ,\"application-addressmanagement-display-component---detailAdm--addressDetailDetailsName1\")][contains(text(), \"WebdriverYardx2p2o\")]"}
COMMAND: POST /session/fc8710269a386560706f3ec5ac47ed98/element - {"using":"xpath","value":"//*[contains(@data-kt ,\"ContextMenuId2Link\")][contains(text(), \"RU Overview\")]"}
COMMAND: POST /session/fc8710269a386560706f3ec5ac47ed98/element - {"using":"xpath","value":"//span[contains(@id ,\"application-addressmanagement-display-component---detailAdm--addressDetailDetailsName1\")][contains(text(), \"WebdriverYardx2p2o\")]"}
RESULT: {"using":"xpath","value":"//*[contains(@data-kt ,\"ContextMenuId2Link\")][contains(text(), \"RU Overview\")]"}
RESULT: {"using":"xpath","value":"//span[contains(@id ,\"application-addressmanagement-display-component---detailAdm--addressDetailDetailsName1\")][contains(text(), \"WebdriverYardx2p2o\")]"}
COMMAND: POST /session/fc8710269a386560706f3ec5ac47ed98/element - {"using":"xpath","value":"//*[contains(@data-kt ,\"ContextMenuId2Link\")][contains(text(), \"RU Overview\")]"}
COMMAND: POST /session/fc8710269a386560706f3ec5ac47ed98/element - {"using":"xpath","value":"//span[contains(@id ,\"application-addressmanagement-display-component---detailAdm--addressDetailDetailsName1\")][contains(text(), \"WebdriverYardx2p2o\")]"}
RESULT: {"using":"xpath","value":"//*[contains(@data-kt ,\"ContextMenuId2Link\")][contains(text(), \"RU Overview\")]"}
RESULT: {"using":"xpath","value":"//span[contains(@id ,\"application-addressmanagement-display-component---detailAdm--addressDetailDetailsName1\")][contains(text(), \"WebdriverYardx2p2o\")]"}
COMMAND: POST /session/fc8710269a386560706f3ec5ac47ed98/element - {"using":"xpath","value":"(//bdi[contains(text(), \"OK\")])[1]"}
RESULT: {"using":"xpath","value":"(//bdi[contains(text(), \"OK\")])[1]"}
COMMAND: POST /session/fc8710269a386560706f3ec5ac47ed98/element/f.A415CF0DC7BF82C6485FB72A7DE5D8B2.d.0F078B6D31CA8F404769C2681CE5B42D.e.5540/click - {}
RESULT: {}
COMMAND: GET /session/fc8710269a386560706f3ec5ac47ed98/screenshot - {}
COMMAND: POST /session/fc8710269a386560706f3ec5ac47ed98/element - {"using":"xpath","value":"//*[contains(@data-kt ,\"ContextMenuId2Link\")][contains(text(), \"RU Overview\")]"}
COMMAND: POST /session/fc8710269a386560706f3ec5ac47ed98/element - {"using":"xpath","value":"//span[contains(@id ,\"application-addressmanagement-display-component---detailAdm--addressDetailDetailsName1\")][contains(text(), \"WebdriverYardx2p2o\")]"}
RESULT: {}
RESULT: {"using":"xpath","value":"//*[contains(@data-kt ,\"ContextMenuId2Link\")][contains(text(), \"RU Overview\")]"}
RESULT: {"using":"xpath","value":"//span[contains(@id ,\"application-addressmanagement-display-component---detailAdm--addressDetailDetailsName1\")][contains(text(), \"WebdriverYardx2p2o\")]"}
COMMAND: POST /session/fc8710269a386560706f3ec5ac47ed98/element - {"using":"xpath","value":"//*[contains(@data-kt ,\"ContextMenuId2Link\")][contains(text(), \"RU Overview\")]"}
COMMAND: POST /session/fc8710269a386560706f3ec5ac47ed98/element - {"using":"xpath","value":"//span[contains(@id ,\"application-addressmanagement-display-component---detailAdm--addressDetailDetailsName1\")][contains(text(), \"WebdriverYardx2p2o\")]"}
RESULT: {"using":"xpath","value":"//*[contains(@data-kt ,\"ContextMenuId2Link\")][contains(text(), \"RU Overview\")]"}
RESULT: {"using":"xpath","value":"//span[contains(@id ,\"application-addressmanagement-display-component---detailAdm--addressDetailDetailsName1\")][contains(text(), \"WebdriverYardx2p2o\")]"}
COMMAND: POST /session/fc8710269a386560706f3ec5ac47ed98/element - {"using":"xpath","value":"//*[contains(@data-kt ,\"ContextMenuId2Link\")][contains(text(), \"RU Overview\")]"}
RESULT: {"using":"xpath","value":"//*[contains(@data-kt ,\"ContextMenuId2Link\")][contains(text(), \"RU Overview\")]"}
COMMAND: POST /session/fc8710269a386560706f3ec5ac47ed98/element - {"using":"xpath","value":"//span[contains(@id ,\"application-addressmanagement-display-component---detailAdm--addressDetailDetailsName1\")][contains(text(), \"WebdriverYardx2p2o\")]"}
RESULT: {"using":"xpath","value":"//span[contains(@id ,\"application-addressmanagement-display-component---detailAdm--addressDetailDetailsName1\")][contains(text(), \"WebdriverYardx2p2o\")]"}
COMMAND: POST /session/fc8710269a386560706f3ec5ac47ed98/element - {"using":"xpath","value":"//*[contains(@data-kt ,\"ContextMenuId2Link\")][contains(text(), \"RU Overview\")]"}
COMMAND: POST /session/fc8710269a386560706f3ec5ac47ed98/element - {"using":"xpath","value":"//span[contains(@id ,\"application-addressmanagement-display-component---detailAdm--addressDetailDetailsName1\")][contains(text(), \"WebdriverYardx2p2o\")]"}
COMMAND: POST /session/fc8710269a386560706f3ec5ac47ed98/element - {"using":"xpath","value":"//input[contains(@id ,\"application-manageresources-display-component---masterRU--smartFilterBar-btnBasicSearch-I\")]"}
RESULT: {"using":"xpath","value":"//*[contains(@data-kt ,\"ContextMenuId2Link\")][contains(text(), \"RU Overview\")]"}
RESULT: {"using":"xpath","value":"//span[contains(@id ,\"application-addressmanagement-display-component---detailAdm--addressDetailDetailsName1\")][contains(text(), \"WebdriverYardx2p2o\")]"}
RESULT: {"using":"xpath","value":"//input[contains(@id ,\"application-manageresources-display-component---masterRU--smartFilterBar-btnBasicSearch-I\")]"}
COMMAND: POST /session/fc8710269a386560706f3ec5ac47ed98/element/f.A415CF0DC7BF82C6485FB72A7DE5D8B2.d.0F078B6D31CA8F404769C2681CE5B42D.e.5121/value - {"text":"WdIORUGroupnnk9r"}
RESULT: {"text":"WdIORUGroupnnk9r"}
COMMAND: GET /session/fc8710269a386560706f3ec5ac47ed98/screenshot - {}
COMMAND: POST /session/fc8710269a386560706f3ec5ac47ed98/element - {"using":"xpath","value":"//*[contains(@data-kt ,\"ContextMenuId2Link\")][contains(text(), \"RU Overview\")]"}
COMMAND: POST /session/fc8710269a386560706f3ec5ac47ed98/element - {"using":"xpath","value":"//span[contains(@id ,\"application-addressmanagement-display-component---detailAdm--addressDetailDetailsName1\")][contains(text(), \"WebdriverYardx2p2o\")]"}
RESULT: {}
RESULT: {"using":"xpath","value":"//*[contains(@data-kt ,\"ContextMenuId2Link\")][contains(text(), \"RU Overview\")]"}
RESULT: {"using":"xpath","value":"//span[contains(@id ,\"application-addressmanagement-display-component---detailAdm--addressDetailDetailsName1\")][contains(text(), \"WebdriverYardx2p2o\")]"}
COMMAND: POST /session/fc8710269a386560706f3ec5ac47ed98/element - {"using":"xpath","value":"//*[contains(@data-kt ,\"ContextMenuId2Link\")][contains(text(), \"RU Overview\")]"}
RESULT: {"using":"xpath","value":"//*[contains(@data-kt ,\"ContextMenuId2Link\")][contains(text(), \"RU Overview\")]"}
COMMAND: POST /session/fc8710269a386560706f3ec5ac47ed98/element - {"using":"xpath","value":"//span[contains(@id ,\"application-addressmanagement-display-component---detailAdm--addressDetailDetailsName1\")][contains(text(), \"WebdriverYardx2p2o\")]"}
RESULT: {"using":"xpath","value":"//span[contains(@id ,\"application-addressmanagement-display-component---detailAdm--addressDetailDetailsName1\")][contains(text(), \"WebdriverYardx2p2o\")]"}
COMMAND: POST /session/fc8710269a386560706f3ec5ac47ed98/element - {"using":"xpath","value":"//*[contains(@data-kt ,\"ContextMenuId2Link\")][contains(text(), \"RU Overview\")]"}
COMMAND: POST /session/fc8710269a386560706f3ec5ac47ed98/element - {"using":"xpath","value":"//span[contains(@id ,\"application-addressmanagement-display-component---detailAdm--addressDetailDetailsName1\")][contains(text(), \"WebdriverYardx2p2o\")]"}
RESULT: {"using":"xpath","value":"//*[contains(@data-kt ,\"ContextMenuId2Link\")][contains(text(), \"RU Overview\")]"}
RESULT: {"using":"xpath","value":"//span[contains(@id ,\"application-addressmanagement-display-component---detailAdm--addressDetailDetailsName1\")][contains(text(), \"WebdriverYardx2p2o\")]"}
COMMAND: POST /session/fc8710269a386560706f3ec5ac47ed98/element - {"using":"xpath","value":"//*[contains(@data-kt ,\"ContextMenuId2Link\")][contains(text(), \"RU Overview\")]"}
RESULT: {"using":"xpath","value":"//*[contains(@data-kt ,\"ContextMenuId2Link\")][contains(text(), \"RU Overview\")]"}
COMMAND: POST /session/fc8710269a386560706f3ec5ac47ed98/element - {"using":"xpath","value":"//span[contains(@id ,\"application-addressmanagement-display-component---detailAdm--addressDetailDetailsName1\")][contains(text(), \"WebdriverYardx2p2o\")]"}
RESULT: {"using":"xpath","value":"//span[contains(@id ,\"application-addressmanagement-display-component---detailAdm--addressDetailDetailsName1\")][contains(text(), \"WebdriverYardx2p2o\")]"}
COMMAND: POST /session/fc8710269a386560706f3ec5ac47ed98/actions - {"actions":[{"id":"action13","type":"key","parameters":{},"actions":[{"type":"keyDown","value":"î€‡"},{"type":"pause","duration":10},{"type":"keyUp","value":"î€‡"}]}]}
RESULT: {"actions":[{"id":"action13","type":"key","parameters":{},"actions":[{"type":"keyDown","value":"î€‡"},{"type":"pause","duration":10},{"type":"keyUp","value":"î€‡"}]}]}
COMMAND: GET /session/fc8710269a386560706f3ec5ac47ed98/screenshot - {}
COMMAND: POST /session/fc8710269a386560706f3ec5ac47ed98/element - {"using":"xpath","value":"//*[contains(@data-kt ,\"ContextMenuId2Link\")][contains(text(), \"RU Overview\")]"}
COMMAND: POST /session/fc8710269a386560706f3ec5ac47ed98/element - {"using":"xpath","value":"//span[contains(@id ,\"application-addressmanagement-display-component---detailAdm--addressDetailDetailsName1\")][contains(text(), \"WebdriverYardx2p2o\")]"}
RESULT: {}
RESULT: {"using":"xpath","value":"//*[contains(@data-kt ,\"ContextMenuId2Link\")][contains(text(), \"RU Overview\")]"}
RESULT: {"using":"xpath","value":"//span[contains(@id ,\"application-addressmanagement-display-component---detailAdm--addressDetailDetailsName1\")][contains(text(), \"WebdriverYardx2p2o\")]"}
COMMAND: POST /session/fc8710269a386560706f3ec5ac47ed98/element - {"using":"xpath","value":"//*[contains(@data-kt ,\"ContextMenuId2Link\")][contains(text(), \"RU Overview\")]"}
RESULT: {"using":"xpath","value":"//*[contains(@data-kt ,\"ContextMenuId2Link\")][contains(text(), \"RU Overview\")]"}
COMMAND: POST /session/fc8710269a386560706f3ec5ac47ed98/element - {"using":"xpath","value":"//span[contains(@id ,\"application-addressmanagement-display-component---detailAdm--addressDetailDetailsName1\")][contains(text(), \"WebdriverYardx2p2o\")]"}
RESULT: {"using":"xpath","value":"//span[contains(@id ,\"application-addressmanagement-display-component---detailAdm--addressDetailDetailsName1\")][contains(text(), \"WebdriverYardx2p2o\")]"}
COMMAND: POST /session/fc8710269a386560706f3ec5ac47ed98/element - {"using":"xpath","value":"//*[contains(@data-kt ,\"ContextMenuId2Link\")][contains(text(), \"RU Overview\")]"}
RESULT: {"using":"xpath","value":"//*[contains(@data-kt ,\"ContextMenuId2Link\")][contains(text(), \"RU Overview\")]"}
COMMAND: POST /session/fc8710269a386560706f3ec5ac47ed98/element - {"using":"xpath","value":"//span[contains(@id ,\"application-addressmanagement-display-component---detailAdm--addressDetailDetailsName1\")][contains(text(), \"WebdriverYardx2p2o\")]"}
RESULT: {"using":"xpath","value":"//span[contains(@id ,\"application-addressmanagement-display-component---detailAdm--addressDetailDetailsName1\")][contains(text(), \"WebdriverYardx2p2o\")]"}
COMMAND: POST /session/fc8710269a386560706f3ec5ac47ed98/element - {"using":"xpath","value":"//*[contains(@data-kt ,\"ContextMenuId2Link\")][contains(text(), \"RU Overview\")]"}
RESULT: {"using":"xpath","value":"//*[contains(@data-kt ,\"ContextMenuId2Link\")][contains(text(), \"RU Overview\")]"}
COMMAND: POST /session/fc8710269a386560706f3ec5ac47ed98/element - {"using":"xpath","value":"//span[contains(@id ,\"application-addressmanagement-display-component---detailAdm--addressDetailDetailsName1\")][contains(text(), \"WebdriverYardx2p2o\")]"}
RESULT: {"using":"xpath","value":"//span[contains(@id ,\"application-addressmanagement-display-component---detailAdm--addressDetailDetailsName1\")][contains(text(), \"WebdriverYardx2p2o\")]"}
COMMAND: POST /session/fc8710269a386560706f3ec5ac47ed98/element - {"using":"xpath","value":"//*[contains(@data-kt ,\"ContextMenuId2Link\")][contains(text(), \"RU Overview\")]"}
RESULT: {"using":"xpath","value":"//*[contains(@data-kt ,\"ContextMenuId2Link\")][contains(text(), \"RU Overview\")]"}
COMMAND: POST /session/fc8710269a386560706f3ec5ac47ed98/element - {"using":"xpath","value":"//span[contains(@id ,\"application-addressmanagement-display-component---detailAdm--addressDetailDetailsName1\")][contains(text(), \"WebdriverYardx2p2o\")]"}
RESULT: {"using":"xpath","value":"//span[contains(@id ,\"application-addressmanagement-display-component---detailAdm--addressDetailDetailsName1\")][contains(text(), \"WebdriverYardx2p2o\")]"}
COMMAND: POST /session/fc8710269a386560706f3ec5ac47ed98/element - {"using":"xpath","value":"//*[contains(@data-kt ,\"ContextMenuId2Link\")][contains(text(), \"RU Overview\")]"}
RESULT: {"using":"xpath","value":"//*[contains(@data-kt ,\"ContextMenuId2Link\")][contains(text(), \"RU Overview\")]"}
COMMAND: POST /session/fc8710269a386560706f3ec5ac47ed98/element - {"using":"xpath","value":"//span[contains(@id ,\"application-addressmanagement-display-component---detailAdm--addressDetailDetailsName1\")][contains(text(), \"WebdriverYardx2p2o\")]"}
RESULT: {"using":"xpath","value":"//span[contains(@id ,\"application-addressmanagement-display-component---detailAdm--addressDetailDetailsName1\")][contains(text(), \"WebdriverYardx2p2o\")]"}
COMMAND: POST /session/fc8710269a386560706f3ec5ac47ed98/element - {"using":"xpath","value":"//*[contains(@data-kt ,\"ContextMenuId2Link\")][contains(text(), \"RU Overview\")]"}
RESULT: {"using":"xpath","value":"//*[contains(@data-kt ,\"ContextMenuId2Link\")][contains(text(), \"RU Overview\")]"}
COMMAND: POST /session/fc8710269a386560706f3ec5ac47ed98/element - {"using":"xpath","value":"//span[contains(@id ,\"application-addressmanagement-display-component---detailAdm--addressDetailDetailsName1\")][contains(text(), \"WebdriverYardx2p2o\")]"}
RESULT: {"using":"xpath","value":"//span[contains(@id ,\"application-addressmanagement-display-component---detailAdm--addressDetailDetailsName1\")][contains(text(), \"WebdriverYardx2p2o\")]"}
COMMAND: POST /session/fc8710269a386560706f3ec5ac47ed98/element - {"using":"xpath","value":"//*[contains(@data-kt ,\"ContextMenuId2Link\")][contains(text(), \"RU Overview\")]"}
RESULT: {"using":"xpath","value":"//*[contains(@data-kt ,\"ContextMenuId2Link\")][contains(text(), \"RU Overview\")]"}
COMMAND: POST /session/fc8710269a386560706f3ec5ac47ed98/element - {"using":"xpath","value":"//span[contains(@id ,\"application-addressmanagement-display-component---detailAdm--addressDetailDetailsName1\")][contains(text(), \"WebdriverYardx2p2o\")]"}
RESULT: {"using":"xpath","value":"//span[contains(@id ,\"application-addressmanagement-display-component---detailAdm--addressDetailDetailsName1\")][contains(text(), \"WebdriverYardx2p2o\")]"}
COMMAND: POST /session/fc8710269a386560706f3ec5ac47ed98/element - {"using":"xpath","value":"//*[contains(@data-kt ,\"ContextMenuId2Link\")][contains(text(), \"RU Overview\")]"}
RESULT: {"using":"xpath","value":"//*[contains(@data-kt ,\"ContextMenuId2Link\")][contains(text(), \"RU Overview\")]"}
COMMAND: POST /session/fc8710269a386560706f3ec5ac47ed98/element - {"using":"xpath","value":"//span[contains(@id ,\"application-addressmanagement-display-component---detailAdm--addressDetailDetailsName1\")][contains(text(), \"WebdriverYardx2p2o\")]"}
RESULT: {"using":"xpath","value":"//span[contains(@id ,\"application-addressmanagement-display-component---detailAdm--addressDetailDetailsName1\")][contains(text(), \"WebdriverYardx2p2o\")]"}
COMMAND: POST /session/fc8710269a386560706f3ec5ac47ed98/element - {"using":"xpath","value":"//*[contains(@data-kt ,\"ContextMenuId2Link\")][contains(text(), \"RU Overview\")]"}
RESULT: {"using":"xpath","value":"//*[contains(@data-kt ,\"ContextMenuId2Link\")][contains(text(), \"RU Overview\")]"}
COMMAND: POST /session/fc8710269a386560706f3ec5ac47ed98/element - {"using":"xpath","value":"//span[contains(@id ,\"application-addressmanagement-display-component---detailAdm--addressDetailDetailsName1\")][contains(text(), \"WebdriverYardx2p2o\")]"}
RESULT: {"using":"xpath","value":"//span[contains(@id ,\"application-addressmanagement-display-component---detailAdm--addressDetailDetailsName1\")][contains(text(), \"WebdriverYardx2p2o\")]"}
COMMAND: POST /session/fc8710269a386560706f3ec5ac47ed98/element - {"using":"xpath","value":"//*[contains(@data-kt ,\"ContextMenuId2Link\")][contains(text(), \"RU Overview\")]"}
RESULT: {"using":"xpath","value":"//*[contains(@data-kt ,\"ContextMenuId2Link\")][contains(text(), \"RU Overview\")]"}
COMMAND: POST /session/fc8710269a386560706f3ec5ac47ed98/element - {"using":"xpath","value":"//span[contains(@id ,\"application-addressmanagement-display-component---detailAdm--addressDetailDetailsName1\")][contains(text(), \"WebdriverYardx2p2o\")]"}
RESULT: {"using":"xpath","value":"//span[contains(@id ,\"application-addressmanagement-display-component---detailAdm--addressDetailDetailsName1\")][contains(text(), \"WebdriverYardx2p2o\")]"}
COMMAND: POST /session/fc8710269a386560706f3ec5ac47ed98/element - {"using":"xpath","value":"//span[contains(text(), \"WdIORUGroupnnk9r\")][contains(@class ,\"sapMText sapUiSelectable sapMTextBreakWord sapMTextMaxWidth\")]"}
RESULT: {"using":"xpath","value":"//span[contains(text(), \"WdIORUGroupnnk9r\")][contains(@class ,\"sapMText sapUiSelectable sapMTextBreakWord sapMTextMaxWidth\")]"}
COMMAND: POST /session/fc8710269a386560706f3ec5ac47ed98/element/f.A415CF0DC7BF82C6485FB72A7DE5D8B2.d.0F078B6D31CA8F404769C2681CE5B42D.e.5694/click - {}
COMMAND: POST /session/fc8710269a386560706f3ec5ac47ed98/element - {"using":"xpath","value":"//*[contains(@data-kt ,\"ContextMenuId2Link\")][contains(text(), \"RU Overview\")]"}
RESULT: {}
COMMAND: GET /session/fc8710269a386560706f3ec5ac47ed98/screenshot - {}
RESULT: {"using":"xpath","value":"//*[contains(@data-kt ,\"ContextMenuId2Link\")][contains(text(), \"RU Overview\")]"}
COMMAND: POST /session/fc8710269a386560706f3ec5ac47ed98/element - {"using":"xpath","value":"//span[contains(@id ,\"application-addressmanagement-display-component---detailAdm--addressDetailDetailsName1\")][contains(text(), \"WebdriverYardx2p2o\")]"}
COMMAND: POST /session/fc8710269a386560706f3ec5ac47ed98/element - {"using":"xpath","value":"//*[contains(@data-kt ,\"ContextMenuId2Link\")][contains(text(), \"RU Overview\")]"}
RESULT: {}
RESULT: {"using":"xpath","value":"//span[contains(@id ,\"application-addressmanagement-display-component---detailAdm--addressDetailDetailsName1\")][contains(text(), \"WebdriverYardx2p2o\")]"}
RESULT: {"using":"xpath","value":"//*[contains(@data-kt ,\"ContextMenuId2Link\")][contains(text(), \"RU Overview\")]"}
COMMAND: POST /session/fc8710269a386560706f3ec5ac47ed98/element - {"using":"xpath","value":"//*[contains(@data-kt ,\"ContextMenuId2Link\")][contains(text(), \"RU Overview\")]"}
RESULT: {"using":"xpath","value":"//*[contains(@data-kt ,\"ContextMenuId2Link\")][contains(text(), \"RU Overview\")]"}
COMMAND: POST /session/fc8710269a386560706f3ec5ac47ed98/element - {"using":"xpath","value":"//*[contains(@data-kt ,\"ContextMenuId2Link\")][contains(text(), \"RU Overview\")]"}
RESULT: {"using":"xpath","value":"//*[contains(@data-kt ,\"ContextMenuId2Link\")][contains(text(), \"RU Overview\")]"}
COMMAND: POST /session/fc8710269a386560706f3ec5ac47ed98/element - {"using":"xpath","value":"//*[contains(@data-kt ,\"ContextMenuId2Link\")][contains(text(), \"RU Overview\")]"}
RESULT: {"using":"xpath","value":"//*[contains(@data-kt ,\"ContextMenuId2Link\")][contains(text(), \"RU Overview\")]"}
COMMAND: POST /session/fc8710269a386560706f3ec5ac47ed98/element - {"using":"xpath","value":"//*[contains(@data-kt ,\"ContextMenuId2Link\")][contains(text(), \"RU Overview\")]"}
RESULT: {"using":"xpath","value":"//*[contains(@data-kt ,\"ContextMenuId2Link\")][contains(text(), \"RU Overview\")]"}
COMMAND: POST /session/fc8710269a386560706f3ec5ac47ed98/element - {"using":"xpath","value":"//*[contains(@data-kt ,\"ContextMenuId2Link\")][contains(text(), \"RU Overview\")]"}
RESULT: {"using":"xpath","value":"//*[contains(@data-kt ,\"ContextMenuId2Link\")][contains(text(), \"RU Overview\")]"}
COMMAND: POST /session/fc8710269a386560706f3ec5ac47ed98/element - {"using":"xpath","value":"//*[contains(@data-kt ,\"ContextMenuId2Link\")][contains(text(), \"RU Overview\")]"}
RESULT: {"using":"xpath","value":"//*[contains(@data-kt ,\"ContextMenuId2Link\")][contains(text(), \"RU Overview\")]"}
COMMAND: POST /session/fc8710269a386560706f3ec5ac47ed98/element - {"using":"xpath","value":"//*[contains(@data-kt ,\"ContextMenuId2Link\")][contains(text(), \"RU Overview\")]"}
RESULT: {"using":"xpath","value":"//*[contains(@data-kt ,\"ContextMenuId2Link\")][contains(text(), \"RU Overview\")]"}
COMMAND: POST /session/fc8710269a386560706f3ec5ac47ed98/element - {"using":"xpath","value":"//bdi[contains(@id ,\"application-manageresources-display-component---detailRU--openRelatedRus-BDI-content\")]"}
RESULT: {"using":"xpath","value":"//bdi[contains(@id ,\"application-manageresources-display-component---detailRU--openRelatedRus-BDI-content\")]"}
COMMAND: POST /session/fc8710269a386560706f3ec5ac47ed98/execute/sync - {"script":"<script> [8489 bytes]","args":[{"element-6066-11e4-a52e-4f735466cecf":"f.A415CF0DC7BF82C6485FB72A7DE5D8B2.d.0F078B6D31CA8F404769C2681CE5B42D.e.5808","ELEMENT":"f.A415CF0DC7BF82C6485FB72A7DE5D8B2.d.0F078B6D31CA8F404769C2681CE5B42D.e.5808"}]}
RESULT: {"script":"<script> [8489 bytes]","args":[{"element-6066-11e4-a52e-4f735466cecf":"f.A415CF0DC7BF82C6485FB72A7DE5D8B2.d.0F078B6D31CA8F404769C2681CE5B42D.e.5808","ELEMENT":"f.A415CF0DC7BF82C6485FB72A7DE5D8B2.d.0F078B6D31CA8F404769C2681CE5B42D.e.5808"}]}
COMMAND: POST /session/fc8710269a386560706f3ec5ac47ed98/execute/sync - {"script":"<script> [5351 bytes]","args":[{"element-6066-11e4-a52e-4f735466cecf":"f.A415CF0DC7BF82C6485FB72A7DE5D8B2.d.0F078B6D31CA8F404769C2681CE5B42D.e.5808","ELEMENT":"f.A415CF0DC7BF82C6485FB72A7DE5D8B2.d.0F078B6D31CA8F404769C2681CE5B42D.e.5808"}]}
COMMAND: GET /session/fc8710269a386560706f3ec5ac47ed98/screenshot - {}
RESULT: {"script":"<script> [5351 bytes]","args":[{"element-6066-11e4-a52e-4f735466cecf":"f.A415CF0DC7BF82C6485FB72A7DE5D8B2.d.0F078B6D31CA8F404769C2681CE5B42D.e.5808","ELEMENT":"f.A415CF0DC7BF82C6485FB72A7DE5D8B2.d.0F078B6D31CA8F404769C2681CE5B42D.e.5808"}]}
COMMAND: POST /session/fc8710269a386560706f3ec5ac47ed98/element/f.A415CF0DC7BF82C6485FB72A7DE5D8B2.d.0F078B6D31CA8F404769C2681CE5B42D.e.5808/click - {}
COMMAND: GET /session/fc8710269a386560706f3ec5ac47ed98/screenshot - {}
COMMAND: POST /session/fc8710269a386560706f3ec5ac47ed98/element - {"using":"xpath","value":"//*[contains(@data-kt ,\"ContextMenuId2Link\")][contains(text(), \"RU Overview\")]"}
RESULT: {}
RESULT: {}
COMMAND: GET /session/fc8710269a386560706f3ec5ac47ed98/screenshot - {}
RESULT: {}
RESULT: {"using":"xpath","value":"//*[contains(@data-kt ,\"ContextMenuId2Link\")][contains(text(), \"RU Overview\")]"}
RESULT: {}
COMMAND: POST /session/fc8710269a386560706f3ec5ac47ed98/element - {"using":"xpath","value":"//*[contains(@data-kt ,\"ContextMenuId2Link\")][contains(text(), \"RU Overview\")]"}
RESULT: {"using":"xpath","value":"//*[contains(@data-kt ,\"ContextMenuId2Link\")][contains(text(), \"RU Overview\")]"}
COMMAND: POST /session/fc8710269a386560706f3ec5ac47ed98/element - {"using":"xpath","value":"//*[contains(@data-kt ,\"ContextMenuId2Link\")][contains(text(), \"RU Overview\")]"}
RESULT: {"using":"xpath","value":"//*[contains(@data-kt ,\"ContextMenuId2Link\")][contains(text(), \"RU Overview\")]"}
COMMAND: POST /session/fc8710269a386560706f3ec5ac47ed98/element - {"using":"xpath","value":"//*[contains(@data-kt ,\"ContextMenuId2Link\")][contains(text(), \"RU Overview\")]"}
RESULT: {"using":"xpath","value":"//*[contains(@data-kt ,\"ContextMenuId2Link\")][contains(text(), \"RU Overview\")]"}
COMMAND: POST /session/fc8710269a386560706f3ec5ac47ed98/element - {"using":"xpath","value":"//*[contains(@data-kt ,\"ContextMenuId2Link\")][contains(text(), \"RU Overview\")]"}
RESULT: {"using":"xpath","value":"//*[contains(@data-kt ,\"ContextMenuId2Link\")][contains(text(), \"RU Overview\")]"}
COMMAND: POST /session/fc8710269a386560706f3ec5ac47ed98/element - {"using":"xpath","value":"//*[contains(@data-kt ,\"ContextMenuId2Link\")][contains(text(), \"RU Overview\")]"}
RESULT: {"using":"xpath","value":"//*[contains(@data-kt ,\"ContextMenuId2Link\")][contains(text(), \"RU Overview\")]"}
COMMAND: POST /session/fc8710269a386560706f3ec5ac47ed98/element - {"using":"xpath","value":"//*[contains(@data-kt ,\"ContextMenuId2Link\")][contains(text(), \"RU Overview\")]"}
RESULT: {"using":"xpath","value":"//*[contains(@data-kt ,\"ContextMenuId2Link\")][contains(text(), \"RU Overview\")]"}
RESULT: undefined
COMMAND: POST /session/fc8710269a386560706f3ec5ac47ed98/execute/async - {"script":"<script> [6424 bytes]","args":[{"element-6066-11e4-a52e-4f735466cecf":"f.A415CF0DC7BF82C6485FB72A7DE5D8B2.d.0F078B6D31CA8F404769C2681CE5B42D.e.2669"},"getText",[]]}
COMMAND: POST /session/fc8710269a386560706f3ec5ac47ed98/execute/async - {"script":"<script> [1562 bytes]","args":[{"selector":{"id":"RelatedRUsFragmentID--smartTableRUs-header","searchOpenDialogs":true},"wdio_ui5_key":"RelatedRUsFragmentIDsmartTableRUs-header"}]}
RESULT: {"script":"<script> [1562 bytes]","args":[{"selector":{"id":"RelatedRUsFragmentID--smartTableRUs-header","searchOpenDialogs":true},"wdio_ui5_key":"RelatedRUsFragmentIDsmartTableRUs-header"}]}
COMMAND: POST /session/fc8710269a386560706f3ec5ac47ed98/execute/async - {"script":"<script> [6424 bytes]","args":[{"element-6066-11e4-a52e-4f735466cecf":"f.A415CF0DC7BF82C6485FB72A7DE5D8B2.d.0F078B6D31CA8F404769C2681CE5B42D.e.5813"},"getText",[]]}
RESULT: {"script":"<script> [6424 bytes]","args":[{"element-6066-11e4-a52e-4f735466cecf":"f.A415CF0DC7BF82C6485FB72A7DE5D8B2.d.0F078B6D31CA8F404769C2681CE5B42D.e.5813"},"getText",[]]}
COMMAND: DELETE /session/fc8710269a386560706f3ec5ac47ed98 - {}
RESULT: {}
]]></system-out>
    </testcase>
  </testsuite>
</testsuites>