<?xml version="1.0" encoding="UTF-8"?>
<testsuites tests="3" failures="0" errors="0" skipped="0">
  <testsuite timestamp="2025-04-24T17:57:49" time="188.26" tests="3" failures="0" errors="0" skipped="0">
    <properties>
      <property name="specId" value="0" />
      <property name="suiteName" value="Address Management Tests US151165 US151160" />
      <property name="capabilities" value="chrome.135_0_7049_96.windows" />
      <property name="file" value="file:///D:/a/1/s/test/specs/BTS/address-management.spec.js" />
    </properties>
    <testcase classname="chrome.135_0_7049_96.windows.Address_Management_Tests_US151165_US151160" name="Step 1 Will check existence of address created with generated name if none then we create" time="58.278">
      <system-out><![CDATA[
COMMAND: POST /session/0c1a7e55b121da76f99c16a18c4e6ced/execute/async - {"script":"<script> [1562 bytes]","args":[{"selector":{"controlType":"sap.m.GenericTile","properties":{"header":"Address Management"}},"wdio_ui5_key":"sapm.GenericTile{\"header\":\"Address Management\"}"}]}
RESULT: {"script":"<script> [1562 bytes]","args":[{"selector":{"controlType":"sap.m.GenericTile","properties":{"header":"Address Management"}},"wdio_ui5_key":"sapm.GenericTile{\"header\":\"Address Management\"}"}]}
RESULT: undefined
COMMAND: POST /session/0c1a7e55b121da76f99c16a18c4e6ced/element - {"using":"xpath","value":"//*[@id=\"__tile33\"]"}
RESULT: {"using":"xpath","value":"//*[@id=\"__tile33\"]"}
COMMAND: POST /session/0c1a7e55b121da76f99c16a18c4e6ced/element/f.00EA30B0B8B02181D7C886F3AA20B5A2.d.8154A2B48BE6343DD750B6C9713FB820.e.218/click - {}
RESULT: {}
COMMAND: POST /session/0c1a7e55b121da76f99c16a18c4e6ced/element - {"using":"xpath","value":"//button[@data-kt=\"addButton\"]"}
COMMAND: GET /session/0c1a7e55b121da76f99c16a18c4e6ced/screenshot - {}
RESULT: {"using":"xpath","value":"//button[@data-kt=\"addButton\"]"}
COMMAND: POST /session/0c1a7e55b121da76f99c16a18c4e6ced/elements - {"using":"xpath","value":"//button[@data-kt=\"addButton\"]"}
RESULT: {}
RESULT: {"using":"xpath","value":"//button[@data-kt=\"addButton\"]"}
COMMAND: POST /session/0c1a7e55b121da76f99c16a18c4e6ced/elements - {"using":"xpath","value":"//button[@data-kt=\"addButton\"]"}
RESULT: {"using":"xpath","value":"//button[@data-kt=\"addButton\"]"}
COMMAND: POST /session/0c1a7e55b121da76f99c16a18c4e6ced/elements - {"using":"xpath","value":"//button[@data-kt=\"addButton\"]"}
RESULT: {"using":"xpath","value":"//button[@data-kt=\"addButton\"]"}
COMMAND: POST /session/0c1a7e55b121da76f99c16a18c4e6ced/elements - {"using":"xpath","value":"//button[@data-kt=\"addButton\"]"}
RESULT: {"using":"xpath","value":"//button[@data-kt=\"addButton\"]"}
COMMAND: POST /session/0c1a7e55b121da76f99c16a18c4e6ced/elements - {"using":"xpath","value":"//button[@data-kt=\"addButton\"]"}
RESULT: {"using":"xpath","value":"//button[@data-kt=\"addButton\"]"}
COMMAND: POST /session/0c1a7e55b121da76f99c16a18c4e6ced/elements - {"using":"xpath","value":"//button[@data-kt=\"addButton\"]"}
RESULT: {"using":"xpath","value":"//button[@data-kt=\"addButton\"]"}
COMMAND: POST /session/0c1a7e55b121da76f99c16a18c4e6ced/elements - {"using":"xpath","value":"//button[@data-kt=\"addButton\"]"}
RESULT: {"using":"xpath","value":"//button[@data-kt=\"addButton\"]"}
COMMAND: POST /session/0c1a7e55b121da76f99c16a18c4e6ced/elements - {"using":"xpath","value":"//button[@data-kt=\"addButton\"]"}
RESULT: {"using":"xpath","value":"//button[@data-kt=\"addButton\"]"}
COMMAND: POST /session/0c1a7e55b121da76f99c16a18c4e6ced/elements - {"using":"xpath","value":"//button[@data-kt=\"addButton\"]"}
RESULT: {"using":"xpath","value":"//button[@data-kt=\"addButton\"]"}
COMMAND: POST /session/0c1a7e55b121da76f99c16a18c4e6ced/elements - {"using":"xpath","value":"//button[@data-kt=\"addButton\"]"}
RESULT: {"using":"xpath","value":"//button[@data-kt=\"addButton\"]"}
COMMAND: POST /session/0c1a7e55b121da76f99c16a18c4e6ced/elements - {"using":"xpath","value":"//button[@data-kt=\"addButton\"]"}
RESULT: {"using":"xpath","value":"//button[@data-kt=\"addButton\"]"}
COMMAND: POST /session/0c1a7e55b121da76f99c16a18c4e6ced/elements - {"using":"xpath","value":"//button[@data-kt=\"addButton\"]"}
RESULT: {"using":"xpath","value":"//button[@data-kt=\"addButton\"]"}
COMMAND: POST /session/0c1a7e55b121da76f99c16a18c4e6ced/elements - {"using":"xpath","value":"//button[@data-kt=\"addButton\"]"}
RESULT: {"using":"xpath","value":"//button[@data-kt=\"addButton\"]"}
COMMAND: POST /session/0c1a7e55b121da76f99c16a18c4e6ced/elements - {"using":"xpath","value":"//button[@data-kt=\"addButton\"]"}
RESULT: {"using":"xpath","value":"//button[@data-kt=\"addButton\"]"}
COMMAND: POST /session/0c1a7e55b121da76f99c16a18c4e6ced/elements - {"using":"xpath","value":"//button[@data-kt=\"addButton\"]"}
RESULT: {"using":"xpath","value":"//button[@data-kt=\"addButton\"]"}
COMMAND: POST /session/0c1a7e55b121da76f99c16a18c4e6ced/elements - {"using":"xpath","value":"//button[@data-kt=\"addButton\"]"}
RESULT: {"using":"xpath","value":"//button[@data-kt=\"addButton\"]"}
COMMAND: POST /session/0c1a7e55b121da76f99c16a18c4e6ced/elements - {"using":"xpath","value":"//button[@data-kt=\"addButton\"]"}
RESULT: {"using":"xpath","value":"//button[@data-kt=\"addButton\"]"}
COMMAND: POST /session/0c1a7e55b121da76f99c16a18c4e6ced/elements - {"using":"xpath","value":"//button[@data-kt=\"addButton\"]"}
RESULT: {"using":"xpath","value":"//button[@data-kt=\"addButton\"]"}
COMMAND: POST /session/0c1a7e55b121da76f99c16a18c4e6ced/elements - {"using":"xpath","value":"//button[@data-kt=\"addButton\"]"}
RESULT: {"using":"xpath","value":"//button[@data-kt=\"addButton\"]"}
COMMAND: POST /session/0c1a7e55b121da76f99c16a18c4e6ced/elements - {"using":"xpath","value":"//button[@data-kt=\"addButton\"]"}
RESULT: {"using":"xpath","value":"//button[@data-kt=\"addButton\"]"}
COMMAND: POST /session/0c1a7e55b121da76f99c16a18c4e6ced/elements - {"using":"xpath","value":"//button[@data-kt=\"addButton\"]"}
RESULT: {"using":"xpath","value":"//button[@data-kt=\"addButton\"]"}
COMMAND: POST /session/0c1a7e55b121da76f99c16a18c4e6ced/elements - {"using":"xpath","value":"//button[@data-kt=\"addButton\"]"}
RESULT: {"using":"xpath","value":"//button[@data-kt=\"addButton\"]"}
COMMAND: POST /session/0c1a7e55b121da76f99c16a18c4e6ced/elements - {"using":"xpath","value":"//button[@data-kt=\"addButton\"]"}
RESULT: {"using":"xpath","value":"//button[@data-kt=\"addButton\"]"}
COMMAND: POST /session/0c1a7e55b121da76f99c16a18c4e6ced/elements - {"using":"xpath","value":"//button[@data-kt=\"addButton\"]"}
RESULT: {"using":"xpath","value":"//button[@data-kt=\"addButton\"]"}
COMMAND: POST /session/0c1a7e55b121da76f99c16a18c4e6ced/elements - {"using":"xpath","value":"//button[@data-kt=\"addButton\"]"}
RESULT: {"using":"xpath","value":"//button[@data-kt=\"addButton\"]"}
COMMAND: POST /session/0c1a7e55b121da76f99c16a18c4e6ced/elements - {"using":"xpath","value":"//button[@data-kt=\"addButton\"]"}
RESULT: {"using":"xpath","value":"//button[@data-kt=\"addButton\"]"}
COMMAND: POST /session/0c1a7e55b121da76f99c16a18c4e6ced/element - {"using":"xpath","value":"//button[@data-kt=\"addButton\"]"}
RESULT: {"using":"xpath","value":"//button[@data-kt=\"addButton\"]"}
COMMAND: POST /session/0c1a7e55b121da76f99c16a18c4e6ced/execute/sync - {"script":"<script> [8489 bytes]","args":[{"element-6066-11e4-a52e-4f735466cecf":"f.00EA30B0B8B02181D7C886F3AA20B5A2.d.8154A2B48BE6343DD750B6C9713FB820.e.305","ELEMENT":"f.00EA30B0B8B02181D7C886F3AA20B5A2.d.8154A2B48BE6343DD750B6C9713FB820.e.305"}]}
RESULT: {"script":"<script> [8489 bytes]","args":[{"element-6066-11e4-a52e-4f735466cecf":"f.00EA30B0B8B02181D7C886F3AA20B5A2.d.8154A2B48BE6343DD750B6C9713FB820.e.305","ELEMENT":"f.00EA30B0B8B02181D7C886F3AA20B5A2.d.8154A2B48BE6343DD750B6C9713FB820.e.305"}]}
COMMAND: GET /session/0c1a7e55b121da76f99c16a18c4e6ced/element/f.00EA30B0B8B02181D7C886F3AA20B5A2.d.8154A2B48BE6343DD750B6C9713FB820.e.305/enabled - {}
COMMAND: GET /session/0c1a7e55b121da76f99c16a18c4e6ced/screenshot - {}
RESULT: {}
COMMAND: POST /session/0c1a7e55b121da76f99c16a18c4e6ced/execute/sync - {"script":"<script> [8489 bytes]","args":[{"element-6066-11e4-a52e-4f735466cecf":"f.00EA30B0B8B02181D7C886F3AA20B5A2.d.8154A2B48BE6343DD750B6C9713FB820.e.305","ELEMENT":"f.00EA30B0B8B02181D7C886F3AA20B5A2.d.8154A2B48BE6343DD750B6C9713FB820.e.305"}]}
COMMAND: GET /session/0c1a7e55b121da76f99c16a18c4e6ced/screenshot - {}
RESULT: {}
RESULT: {"script":"<script> [8489 bytes]","args":[{"element-6066-11e4-a52e-4f735466cecf":"f.00EA30B0B8B02181D7C886F3AA20B5A2.d.8154A2B48BE6343DD750B6C9713FB820.e.305","ELEMENT":"f.00EA30B0B8B02181D7C886F3AA20B5A2.d.8154A2B48BE6343DD750B6C9713FB820.e.305"}]}
COMMAND: POST /session/0c1a7e55b121da76f99c16a18c4e6ced/execute/sync - {"script":"<script> [5351 bytes]","args":[{"element-6066-11e4-a52e-4f735466cecf":"f.00EA30B0B8B02181D7C886F3AA20B5A2.d.8154A2B48BE6343DD750B6C9713FB820.e.305","ELEMENT":"f.00EA30B0B8B02181D7C886F3AA20B5A2.d.8154A2B48BE6343DD750B6C9713FB820.e.305"}]}
COMMAND: GET /session/0c1a7e55b121da76f99c16a18c4e6ced/screenshot - {}
RESULT: {}
RESULT: {"script":"<script> [5351 bytes]","args":[{"element-6066-11e4-a52e-4f735466cecf":"f.00EA30B0B8B02181D7C886F3AA20B5A2.d.8154A2B48BE6343DD750B6C9713FB820.e.305","ELEMENT":"f.00EA30B0B8B02181D7C886F3AA20B5A2.d.8154A2B48BE6343DD750B6C9713FB820.e.305"}]}
COMMAND: GET /session/0c1a7e55b121da76f99c16a18c4e6ced/screenshot - {}
RESULT: {}
RESULT: {}
COMMAND: POST /session/0c1a7e55b121da76f99c16a18c4e6ced/execute/async - {"script":"<script> [1562 bytes]","args":[{"selector":{"id":"application-addressmanagement-display-component---masterAdm--smartFilterBar-btnBasicSearch","interaction":{"idSuffix":"I"}},"wdio_ui5_key":"applicationaddressmanagement-display-component---masterAdm--smartFilterBar-btnBasicSearch"}]}
RESULT: {"script":"<script> [1562 bytes]","args":[{"selector":{"id":"application-addressmanagement-display-component---masterAdm--smartFilterBar-btnBasicSearch","interaction":{"idSuffix":"I"}},"wdio_ui5_key":"applicationaddressmanagement-display-component---masterAdm--smartFilterBar-btnBasicSearch"}]}
RESULT: undefined
COMMAND: POST /session/0c1a7e55b121da76f99c16a18c4e6ced/execute/async - {"script":"<script> [776 bytes]","args":[{"enterText":"Qdcrj69kNy","selector":{"id":"application-addressmanagement-display-component---masterAdm--smartFilterBar-btnBasicSearch","interaction":{"idSuffix":"I"}},"clearTextFirst":true,"interactionType":"ENTER_TEXT"}]}
RESULT: {"script":"<script> [776 bytes]","args":[{"enterText":"Qdcrj69kNy","selector":{"id":"application-addressmanagement-display-component---masterAdm--smartFilterBar-btnBasicSearch","interaction":{"idSuffix":"I"}},"clearTextFirst":true,"interactionType":"ENTER_TEXT"}]}
COMMAND: POST /session/0c1a7e55b121da76f99c16a18c4e6ced/actions - {"actions":[{"id":"action1","type":"key","parameters":{},"actions":[{"type":"keyDown","value":"î€‡"},{"type":"pause","duration":10},{"type":"keyUp","value":"î€‡"}]}]}
RESULT: {"actions":[{"id":"action1","type":"key","parameters":{},"actions":[{"type":"keyDown","value":"î€‡"},{"type":"pause","duration":10},{"type":"keyUp","value":"î€‡"}]}]}
COMMAND: GET /session/0c1a7e55b121da76f99c16a18c4e6ced/screenshot - {}
RESULT: {}
COMMAND: POST /session/0c1a7e55b121da76f99c16a18c4e6ced/elements - {"using":"xpath","value":"//table[contains(@id, \"customPersonsAddressesTable-listUl\")]/tbody/tr"}
RESULT: {"using":"xpath","value":"//table[contains(@id, \"customPersonsAddressesTable-listUl\")]/tbody/tr"}
COMMAND: POST /session/0c1a7e55b121da76f99c16a18c4e6ced/element - {"using":"xpath","value":"//table[contains(@id, \"customPersonsAddressesTable-listUl\")]/tbody/tr[1]/td[5]/span/span"}
RESULT: {"using":"xpath","value":"//table[contains(@id, \"customPersonsAddressesTable-listUl\")]/tbody/tr[1]/td[5]/span/span"}
COMMAND: POST /session/0c1a7e55b121da76f99c16a18c4e6ced/element - {"using":"xpath","value":"//table[contains(@id, \"customPersonsAddressesTable-listUl\")]/tbody/tr[1]/td[3]/span"}
RESULT: {"using":"xpath","value":"//table[contains(@id, \"customPersonsAddressesTable-listUl\")]/tbody/tr[1]/td[3]/span"}
COMMAND: POST /session/0c1a7e55b121da76f99c16a18c4e6ced/elements - {"using":"xpath","value":"//table[contains(@id, \"customPersonsAddressesTable-listUl\")]/tbody/tr[1]/td[5]/span/span"}
RESULT: {"using":"xpath","value":"//table[contains(@id, \"customPersonsAddressesTable-listUl\")]/tbody/tr[1]/td[5]/span/span"}
COMMAND: POST /session/0c1a7e55b121da76f99c16a18c4e6ced/element - {"using":"xpath","value":"//span[@id=\"application-addressmanagement-display-component---masterAdm--smartTable-header-inner\"]"}
RESULT: {"using":"xpath","value":"//span[@id=\"application-addressmanagement-display-component---masterAdm--smartTable-header-inner\"]"}
COMMAND: POST /session/0c1a7e55b121da76f99c16a18c4e6ced/elements - {"using":"xpath","value":"//span[@id=\"application-addressmanagement-display-component---masterAdm--smartTable-header-inner\"]"}
RESULT: {"using":"xpath","value":"//span[@id=\"application-addressmanagement-display-component---masterAdm--smartTable-header-inner\"]"}
COMMAND: POST /session/0c1a7e55b121da76f99c16a18c4e6ced/execute/sync - {"script":"<script> [56 bytes]","args":[{"element-6066-11e4-a52e-4f735466cecf":"f.00EA30B0B8B02181D7C886F3AA20B5A2.d.8154A2B48BE6343DD750B6C9713FB820.e.447","ELEMENT":"f.00EA30B0B8B02181D7C886F3AA20B5A2.d.8154A2B48BE6343DD750B6C9713FB820.e.447"}]}
RESULT: {"script":"<script> [56 bytes]","args":[{"element-6066-11e4-a52e-4f735466cecf":"f.00EA30B0B8B02181D7C886F3AA20B5A2.d.8154A2B48BE6343DD750B6C9713FB820.e.447","ELEMENT":"f.00EA30B0B8B02181D7C886F3AA20B5A2.d.8154A2B48BE6343DD750B6C9713FB820.e.447"}]}
COMMAND: POST /session/0c1a7e55b121da76f99c16a18c4e6ced/element - {"using":"xpath","value":"//button[@data-kt=\"addButton\"]"}
COMMAND: GET /session/0c1a7e55b121da76f99c16a18c4e6ced/screenshot - {}
RESULT: {"using":"xpath","value":"//button[@data-kt=\"addButton\"]"}
COMMAND: POST /session/0c1a7e55b121da76f99c16a18c4e6ced/element/f.00EA30B0B8B02181D7C886F3AA20B5A2.d.8154A2B48BE6343DD750B6C9713FB820.e.305/click - {}
RESULT: {}
RESULT: {}
COMMAND: GET /session/0c1a7e55b121da76f99c16a18c4e6ced/screenshot - {}
RESULT: {}
COMMAND: POST /session/0c1a7e55b121da76f99c16a18c4e6ced/execute/async - {"script":"<script> [1562 bytes]","args":[{"selector":{"controlType":"sap.ui.core.Icon","viewName":"etm.portal.ui.addressmanagement.view.NewAddress","properties":{"src":{"regex":{"source":"slim\\-arrow\\-down"}}},"ancestor":{"id":"addressTitle","viewName":"etm.portal.ui.addressmanagement.view.NewAddress"}},"wdio_ui5_key":"etmportal.ui.addressmanagement.view.NewAddresssap.ui.core.Icon{\"src\":{\"regex\":{\"source\":\"slim\\\\-arrow\\\\-down\"}}}{\"id\":\"addressTitle\",\"viewName\":\"etm.portal.ui.addressmanagement.view.NewAddress\"}"}]}
RESULT: {"script":"<script> [1562 bytes]","args":[{"selector":{"controlType":"sap.ui.core.Icon","viewName":"etm.portal.ui.addressmanagement.view.NewAddress","properties":{"src":{"regex":{"source":"slim\\-arrow\\-down"}}},"ancestor":{"id":"addressTitle","viewName":"etm.portal.ui.addressmanagement.view.NewAddress"}},"wdio_ui5_key":"etmportal.ui.addressmanagement.view.NewAddresssap.ui.core.Icon{\"src\":{\"regex\":{\"source\":\"slim\\\\-arrow\\\\-down\"}}}{\"id\":\"addressTitle\",\"viewName\":\"etm.portal.ui.addressmanagement.view.NewAddress\"}"}]}
RESULT: undefined
COMMAND: POST /session/0c1a7e55b121da76f99c16a18c4e6ced/element - {"using":"xpath","value":"//*[@id=\"__xmlview58--addressTitle-arrow\"]"}
RESULT: {"using":"xpath","value":"//*[@id=\"__xmlview58--addressTitle-arrow\"]"}
COMMAND: POST /session/0c1a7e55b121da76f99c16a18c4e6ced/element/f.00EA30B0B8B02181D7C886F3AA20B5A2.d.8154A2B48BE6343DD750B6C9713FB820.e.475/click - {}
RESULT: {}
COMMAND: GET /session/0c1a7e55b121da76f99c16a18c4e6ced/screenshot - {}
RESULT: {}
COMMAND: POST /session/0c1a7e55b121da76f99c16a18c4e6ced/element - {"using":"xpath","value":"//li[.//span[text()=\"Dr.\"]]"}
RESULT: {"using":"xpath","value":"//li[.//span[text()=\"Dr.\"]]"}
COMMAND: POST /session/0c1a7e55b121da76f99c16a18c4e6ced/element/f.00EA30B0B8B02181D7C886F3AA20B5A2.d.8154A2B48BE6343DD750B6C9713FB820.e.588/click - {}
RESULT: {}
COMMAND: POST /session/0c1a7e55b121da76f99c16a18c4e6ced/execute/async - {"script":"<script> [1562 bytes]","args":[{"selector":{"controlType":"sap.ui.core.Icon","viewName":"etm.portal.ui.addressmanagement.view.NewAddress","properties":{"src":{"regex":{"source":"slim\\-arrow\\-down"}}},"ancestor":{"id":"addressDetailDetailsLanguage","viewName":"etm.portal.ui.addressmanagement.view.NewAddress"}},"wdio_ui5_key":"etmportal.ui.addressmanagement.view.NewAddresssap.ui.core.Icon{\"src\":{\"regex\":{\"source\":\"slim\\\\-arrow\\\\-down\"}}}{\"id\":\"addressDetailDetailsLanguage\",\"viewName\":\"etm.portal.ui.addressmanagement.view.NewAddress\"}"}]}
COMMAND: GET /session/0c1a7e55b121da76f99c16a18c4e6ced/screenshot - {}
RESULT: {"script":"<script> [1562 bytes]","args":[{"selector":{"controlType":"sap.ui.core.Icon","viewName":"etm.portal.ui.addressmanagement.view.NewAddress","properties":{"src":{"regex":{"source":"slim\\-arrow\\-down"}}},"ancestor":{"id":"addressDetailDetailsLanguage","viewName":"etm.portal.ui.addressmanagement.view.NewAddress"}},"wdio_ui5_key":"etmportal.ui.addressmanagement.view.NewAddresssap.ui.core.Icon{\"src\":{\"regex\":{\"source\":\"slim\\\\-arrow\\\\-down\"}}}{\"id\":\"addressDetailDetailsLanguage\",\"viewName\":\"etm.portal.ui.addressmanagement.view.NewAddress\"}"}]}
RESULT: undefined
COMMAND: POST /session/0c1a7e55b121da76f99c16a18c4e6ced/element - {"using":"xpath","value":"//*[@id=\"__xmlview58--addressDetailDetailsLanguage-arrow\"]"}
RESULT: {}
RESULT: {"using":"xpath","value":"//*[@id=\"__xmlview58--addressDetailDetailsLanguage-arrow\"]"}
COMMAND: POST /session/0c1a7e55b121da76f99c16a18c4e6ced/element/f.00EA30B0B8B02181D7C886F3AA20B5A2.d.8154A2B48BE6343DD750B6C9713FB820.e.488/click - {}
RESULT: {}
COMMAND: GET /session/0c1a7e55b121da76f99c16a18c4e6ced/screenshot - {}
RESULT: {}
COMMAND: POST /session/0c1a7e55b121da76f99c16a18c4e6ced/element - {"using":"xpath","value":"//span[contains(text(), \"English\")]"}
RESULT: {"using":"xpath","value":"//span[contains(text(), \"English\")]"}
COMMAND: POST /session/0c1a7e55b121da76f99c16a18c4e6ced/element/f.00EA30B0B8B02181D7C886F3AA20B5A2.d.8154A2B48BE6343DD750B6C9713FB820.e.589/click - {}
RESULT: {}
COMMAND: POST /session/0c1a7e55b121da76f99c16a18c4e6ced/execute/async - {"script":"<script> [1562 bytes]","args":[{"selector":{"controlType":"sap.m.Input","viewName":"etm.portal.ui.addressmanagement.view.NewAddress","labelFor":{"text":"Name"},"interaction":{"idSuffix":"inner"}},"wdio_ui5_key":"etmportal.ui.addressmanagement.view.NewAddresssap.m.Input{\"text\":\"Name\"}"}]}
COMMAND: GET /session/0c1a7e55b121da76f99c16a18c4e6ced/screenshot - {}
RESULT: {"script":"<script> [1562 bytes]","args":[{"selector":{"controlType":"sap.m.Input","viewName":"etm.portal.ui.addressmanagement.view.NewAddress","labelFor":{"text":"Name"},"interaction":{"idSuffix":"inner"}},"wdio_ui5_key":"etmportal.ui.addressmanagement.view.NewAddresssap.m.Input{\"text\":\"Name\"}"}]}
RESULT: undefined
COMMAND: POST /session/0c1a7e55b121da76f99c16a18c4e6ced/execute/async - {"script":"<script> [776 bytes]","args":[{"enterText":"Qdcrj69kNy","selector":{"controlType":"sap.m.Input","viewName":"etm.portal.ui.addressmanagement.view.NewAddress","labelFor":{"text":"Name"},"interaction":{"idSuffix":"inner"}},"clearTextFirst":true,"interactionType":"ENTER_TEXT"}]}
RESULT: {}
RESULT: {"script":"<script> [776 bytes]","args":[{"enterText":"Qdcrj69kNy","selector":{"controlType":"sap.m.Input","viewName":"etm.portal.ui.addressmanagement.view.NewAddress","labelFor":{"text":"Name"},"interaction":{"idSuffix":"inner"}},"clearTextFirst":true,"interactionType":"ENTER_TEXT"}]}
COMMAND: POST /session/0c1a7e55b121da76f99c16a18c4e6ced/element - {"using":"xpath","value":"//button[@title=\"Save\"]"}
RESULT: {"using":"xpath","value":"//button[@title=\"Save\"]"}
COMMAND: POST /session/0c1a7e55b121da76f99c16a18c4e6ced/element/f.00EA30B0B8B02181D7C886F3AA20B5A2.d.8154A2B48BE6343DD750B6C9713FB820.e.577/click - {}
RESULT: {}
COMMAND: GET /session/0c1a7e55b121da76f99c16a18c4e6ced/screenshot - {}
RESULT: {}
COMMAND: POST /session/0c1a7e55b121da76f99c16a18c4e6ced/element - {"using":"xpath","value":"//header[contains(@id, \"application-addressmanagement-display-component---detailAdm--ObjectPageLayout-headerTitle\")]/div[1]/div[3]/div[2]/span"}
RESULT: {"using":"xpath","value":"//header[contains(@id, \"application-addressmanagement-display-component---detailAdm--ObjectPageLayout-headerTitle\")]/div[1]/div[3]/div[2]/span"}
COMMAND: POST /session/0c1a7e55b121da76f99c16a18c4e6ced/elements - {"using":"xpath","value":"//header[contains(@id, \"application-addressmanagement-display-component---detailAdm--ObjectPageLayout-headerTitle\")]/div[1]/div[3]/div[2]/span"}
RESULT: {"using":"xpath","value":"//header[contains(@id, \"application-addressmanagement-display-component---detailAdm--ObjectPageLayout-headerTitle\")]/div[1]/div[3]/div[2]/span"}
COMMAND: POST /session/0c1a7e55b121da76f99c16a18c4e6ced/execute/sync - {"script":"<script> [56 bytes]","args":[{"element-6066-11e4-a52e-4f735466cecf":"f.00EA30B0B8B02181D7C886F3AA20B5A2.d.8154A2B48BE6343DD750B6C9713FB820.e.616","ELEMENT":"f.00EA30B0B8B02181D7C886F3AA20B5A2.d.8154A2B48BE6343DD750B6C9713FB820.e.616"}]}
RESULT: {"script":"<script> [56 bytes]","args":[{"element-6066-11e4-a52e-4f735466cecf":"f.00EA30B0B8B02181D7C886F3AA20B5A2.d.8154A2B48BE6343DD750B6C9713FB820.e.616","ELEMENT":"f.00EA30B0B8B02181D7C886F3AA20B5A2.d.8154A2B48BE6343DD750B6C9713FB820.e.616"}]}
COMMAND: GET /session/0c1a7e55b121da76f99c16a18c4e6ced/screenshot - {}
RESULT: {}
COMMAND: POST /session/0c1a7e55b121da76f99c16a18c4e6ced/element - {"using":"css selector","value":"#shell-header-logo"}
RESULT: {"using":"css selector","value":"#shell-header-logo"}
COMMAND: POST /session/0c1a7e55b121da76f99c16a18c4e6ced/element/f.00EA30B0B8B02181D7C886F3AA20B5A2.d.8154A2B48BE6343DD750B6C9713FB820.e.268/click - {}
RESULT: {}
COMMAND: GET /session/0c1a7e55b121da76f99c16a18c4e6ced/screenshot - {}
RESULT: {}
]]></system-out>
    </testcase>
    <testcase classname="chrome.135_0_7049_96.windows.Address_Management_Tests_US151165_US151160" name="Step 2 Should deactivate the created address in earlier step US151165" time="37.571">
      <system-out><![CDATA[
RESULT: undefined
COMMAND: POST /session/0c1a7e55b121da76f99c16a18c4e6ced/element - {"using":"xpath","value":"//*[@id=\"__tile33\"]"}
RESULT: {"using":"xpath","value":"//*[@id=\"__tile33\"]"}
COMMAND: POST /session/0c1a7e55b121da76f99c16a18c4e6ced/element/f.00EA30B0B8B02181D7C886F3AA20B5A2.d.8154A2B48BE6343DD750B6C9713FB820.e.218/click - {}
RESULT: {}
COMMAND: POST /session/0c1a7e55b121da76f99c16a18c4e6ced/element - {"using":"xpath","value":"//button[@data-kt=\"addButton\"]"}
COMMAND: GET /session/0c1a7e55b121da76f99c16a18c4e6ced/screenshot - {}
RESULT: {"using":"xpath","value":"//button[@data-kt=\"addButton\"]"}
COMMAND: POST /session/0c1a7e55b121da76f99c16a18c4e6ced/elements - {"using":"xpath","value":"//button[@data-kt=\"addButton\"]"}
RESULT: {}
RESULT: {"using":"xpath","value":"//button[@data-kt=\"addButton\"]"}
COMMAND: POST /session/0c1a7e55b121da76f99c16a18c4e6ced/elements - {"using":"xpath","value":"//button[@data-kt=\"addButton\"]"}
RESULT: {"using":"xpath","value":"//button[@data-kt=\"addButton\"]"}
COMMAND: POST /session/0c1a7e55b121da76f99c16a18c4e6ced/element - {"using":"xpath","value":"//button[@data-kt=\"addButton\"]"}
RESULT: {"using":"xpath","value":"//button[@data-kt=\"addButton\"]"}
COMMAND: POST /session/0c1a7e55b121da76f99c16a18c4e6ced/execute/sync - {"script":"<script> [8489 bytes]","args":[{"element-6066-11e4-a52e-4f735466cecf":"f.00EA30B0B8B02181D7C886F3AA20B5A2.d.8154A2B48BE6343DD750B6C9713FB820.e.659","ELEMENT":"f.00EA30B0B8B02181D7C886F3AA20B5A2.d.8154A2B48BE6343DD750B6C9713FB820.e.659"}]}
RESULT: {"script":"<script> [8489 bytes]","args":[{"element-6066-11e4-a52e-4f735466cecf":"f.00EA30B0B8B02181D7C886F3AA20B5A2.d.8154A2B48BE6343DD750B6C9713FB820.e.659","ELEMENT":"f.00EA30B0B8B02181D7C886F3AA20B5A2.d.8154A2B48BE6343DD750B6C9713FB820.e.659"}]}
COMMAND: GET /session/0c1a7e55b121da76f99c16a18c4e6ced/element/f.00EA30B0B8B02181D7C886F3AA20B5A2.d.8154A2B48BE6343DD750B6C9713FB820.e.659/enabled - {}
COMMAND: GET /session/0c1a7e55b121da76f99c16a18c4e6ced/screenshot - {}
RESULT: {}
COMMAND: POST /session/0c1a7e55b121da76f99c16a18c4e6ced/execute/sync - {"script":"<script> [8489 bytes]","args":[{"element-6066-11e4-a52e-4f735466cecf":"f.00EA30B0B8B02181D7C886F3AA20B5A2.d.8154A2B48BE6343DD750B6C9713FB820.e.659","ELEMENT":"f.00EA30B0B8B02181D7C886F3AA20B5A2.d.8154A2B48BE6343DD750B6C9713FB820.e.659"}]}
COMMAND: GET /session/0c1a7e55b121da76f99c16a18c4e6ced/screenshot - {}
RESULT: {}
RESULT: {"script":"<script> [8489 bytes]","args":[{"element-6066-11e4-a52e-4f735466cecf":"f.00EA30B0B8B02181D7C886F3AA20B5A2.d.8154A2B48BE6343DD750B6C9713FB820.e.659","ELEMENT":"f.00EA30B0B8B02181D7C886F3AA20B5A2.d.8154A2B48BE6343DD750B6C9713FB820.e.659"}]}
COMMAND: POST /session/0c1a7e55b121da76f99c16a18c4e6ced/execute/sync - {"script":"<script> [5351 bytes]","args":[{"element-6066-11e4-a52e-4f735466cecf":"f.00EA30B0B8B02181D7C886F3AA20B5A2.d.8154A2B48BE6343DD750B6C9713FB820.e.659","ELEMENT":"f.00EA30B0B8B02181D7C886F3AA20B5A2.d.8154A2B48BE6343DD750B6C9713FB820.e.659"}]}
COMMAND: GET /session/0c1a7e55b121da76f99c16a18c4e6ced/screenshot - {}
RESULT: {}
RESULT: {"script":"<script> [5351 bytes]","args":[{"element-6066-11e4-a52e-4f735466cecf":"f.00EA30B0B8B02181D7C886F3AA20B5A2.d.8154A2B48BE6343DD750B6C9713FB820.e.659","ELEMENT":"f.00EA30B0B8B02181D7C886F3AA20B5A2.d.8154A2B48BE6343DD750B6C9713FB820.e.659"}]}
COMMAND: GET /session/0c1a7e55b121da76f99c16a18c4e6ced/screenshot - {}
RESULT: {}
RESULT: {}
RESULT: undefined
COMMAND: POST /session/0c1a7e55b121da76f99c16a18c4e6ced/execute/async - {"script":"<script> [776 bytes]","args":[{"enterText":"Qdcrj69kNy","selector":{"id":"application-addressmanagement-display-component---masterAdm--smartFilterBar-btnBasicSearch","interaction":{"idSuffix":"I"}},"clearTextFirst":true,"interactionType":"ENTER_TEXT"}]}
RESULT: {"script":"<script> [776 bytes]","args":[{"enterText":"Qdcrj69kNy","selector":{"id":"application-addressmanagement-display-component---masterAdm--smartFilterBar-btnBasicSearch","interaction":{"idSuffix":"I"}},"clearTextFirst":true,"interactionType":"ENTER_TEXT"}]}
COMMAND: POST /session/0c1a7e55b121da76f99c16a18c4e6ced/actions - {"actions":[{"id":"action2","type":"key","parameters":{},"actions":[{"type":"keyDown","value":"î€‡"},{"type":"pause","duration":10},{"type":"keyUp","value":"î€‡"}]}]}
RESULT: {"actions":[{"id":"action2","type":"key","parameters":{},"actions":[{"type":"keyDown","value":"î€‡"},{"type":"pause","duration":10},{"type":"keyUp","value":"î€‡"}]}]}
COMMAND: GET /session/0c1a7e55b121da76f99c16a18c4e6ced/screenshot - {}
RESULT: {}
COMMAND: POST /session/0c1a7e55b121da76f99c16a18c4e6ced/elements - {"using":"xpath","value":"//table[contains(@id, \"customPersonsAddressesTable-listUl\")]/tbody/tr"}
RESULT: {"using":"xpath","value":"//table[contains(@id, \"customPersonsAddressesTable-listUl\")]/tbody/tr"}
COMMAND: POST /session/0c1a7e55b121da76f99c16a18c4e6ced/element - {"using":"xpath","value":"//table[contains(@id, \"customPersonsAddressesTable-listUl\")]/tbody/tr[1]/td[5]/span/span"}
RESULT: {"using":"xpath","value":"//table[contains(@id, \"customPersonsAddressesTable-listUl\")]/tbody/tr[1]/td[5]/span/span"}
COMMAND: POST /session/0c1a7e55b121da76f99c16a18c4e6ced/element - {"using":"xpath","value":"//table[contains(@id, \"customPersonsAddressesTable-listUl\")]/tbody/tr[1]/td[3]/span"}
RESULT: {"using":"xpath","value":"//table[contains(@id, \"customPersonsAddressesTable-listUl\")]/tbody/tr[1]/td[3]/span"}
COMMAND: POST /session/0c1a7e55b121da76f99c16a18c4e6ced/elements - {"using":"xpath","value":"//table[contains(@id, \"customPersonsAddressesTable-listUl\")]/tbody/tr[1]/td[5]/span/span"}
RESULT: {"using":"xpath","value":"//table[contains(@id, \"customPersonsAddressesTable-listUl\")]/tbody/tr[1]/td[5]/span/span"}
COMMAND: POST /session/0c1a7e55b121da76f99c16a18c4e6ced/execute/sync - {"script":"<script> [56 bytes]","args":[{"element-6066-11e4-a52e-4f735466cecf":"f.00EA30B0B8B02181D7C886F3AA20B5A2.d.8154A2B48BE6343DD750B6C9713FB820.e.811","ELEMENT":"f.00EA30B0B8B02181D7C886F3AA20B5A2.d.8154A2B48BE6343DD750B6C9713FB820.e.811"}]}
RESULT: {"script":"<script> [56 bytes]","args":[{"element-6066-11e4-a52e-4f735466cecf":"f.00EA30B0B8B02181D7C886F3AA20B5A2.d.8154A2B48BE6343DD750B6C9713FB820.e.811","ELEMENT":"f.00EA30B0B8B02181D7C886F3AA20B5A2.d.8154A2B48BE6343DD750B6C9713FB820.e.811"}]}
COMMAND: POST /session/0c1a7e55b121da76f99c16a18c4e6ced/execute/sync - {"script":"<script> [56 bytes]","args":[{"element-6066-11e4-a52e-4f735466cecf":"f.00EA30B0B8B02181D7C886F3AA20B5A2.d.8154A2B48BE6343DD750B6C9713FB820.e.812","ELEMENT":"f.00EA30B0B8B02181D7C886F3AA20B5A2.d.8154A2B48BE6343DD750B6C9713FB820.e.812"}]}
COMMAND: GET /session/0c1a7e55b121da76f99c16a18c4e6ced/screenshot - {}
RESULT: {"script":"<script> [56 bytes]","args":[{"element-6066-11e4-a52e-4f735466cecf":"f.00EA30B0B8B02181D7C886F3AA20B5A2.d.8154A2B48BE6343DD750B6C9713FB820.e.812","ELEMENT":"f.00EA30B0B8B02181D7C886F3AA20B5A2.d.8154A2B48BE6343DD750B6C9713FB820.e.812"}]}
COMMAND: POST /session/0c1a7e55b121da76f99c16a18c4e6ced/element - {"using":"xpath","value":"//table[contains(@id, \"customPersonsAddressesTable-listUl\")]/tbody/tr[1]/td[10]/div/span"}
COMMAND: GET /session/0c1a7e55b121da76f99c16a18c4e6ced/screenshot - {}
RESULT: {}
RESULT: {"using":"xpath","value":"//table[contains(@id, \"customPersonsAddressesTable-listUl\")]/tbody/tr[1]/td[10]/div/span"}
COMMAND: POST /session/0c1a7e55b121da76f99c16a18c4e6ced/execute/sync - {"script":"<script> [56 bytes]","args":[{"element-6066-11e4-a52e-4f735466cecf":"f.00EA30B0B8B02181D7C886F3AA20B5A2.d.8154A2B48BE6343DD750B6C9713FB820.e.813","ELEMENT":"f.00EA30B0B8B02181D7C886F3AA20B5A2.d.8154A2B48BE6343DD750B6C9713FB820.e.813"}]}
RESULT: {}
RESULT: {"script":"<script> [56 bytes]","args":[{"element-6066-11e4-a52e-4f735466cecf":"f.00EA30B0B8B02181D7C886F3AA20B5A2.d.8154A2B48BE6343DD750B6C9713FB820.e.813","ELEMENT":"f.00EA30B0B8B02181D7C886F3AA20B5A2.d.8154A2B48BE6343DD750B6C9713FB820.e.813"}]}
COMMAND: POST /session/0c1a7e55b121da76f99c16a18c4e6ced/element - {"using":"xpath","value":"//table[contains(@id, \"customPersonsAddressesTable-listUl\")]/tbody/tr[1]/td[2]/div/div"}
COMMAND: GET /session/0c1a7e55b121da76f99c16a18c4e6ced/screenshot - {}
RESULT: {"using":"xpath","value":"//table[contains(@id, \"customPersonsAddressesTable-listUl\")]/tbody/tr[1]/td[2]/div/div"}
COMMAND: POST /session/0c1a7e55b121da76f99c16a18c4e6ced/element/f.00EA30B0B8B02181D7C886F3AA20B5A2.d.8154A2B48BE6343DD750B6C9713FB820.e.814/click - {}
RESULT: {}
RESULT: {}
COMMAND: GET /session/0c1a7e55b121da76f99c16a18c4e6ced/screenshot - {}
RESULT: {}
COMMAND: POST /session/0c1a7e55b121da76f99c16a18c4e6ced/element - {"using":"xpath","value":"//bdi[contains(text(), \"Deactivate\")]"}
RESULT: {"using":"xpath","value":"//bdi[contains(text(), \"Deactivate\")]"}
COMMAND: POST /session/0c1a7e55b121da76f99c16a18c4e6ced/element/f.00EA30B0B8B02181D7C886F3AA20B5A2.d.8154A2B48BE6343DD750B6C9713FB820.e.815/click - {}
RESULT: {}
COMMAND: GET /session/0c1a7e55b121da76f99c16a18c4e6ced/screenshot - {}
RESULT: {}
COMMAND: POST /session/0c1a7e55b121da76f99c16a18c4e6ced/element - {"using":"xpath","value":"//bdi[contains(text(), \"Yes\")]"}
RESULT: {"using":"xpath","value":"//bdi[contains(text(), \"Yes\")]"}
COMMAND: POST /session/0c1a7e55b121da76f99c16a18c4e6ced/element/f.00EA30B0B8B02181D7C886F3AA20B5A2.d.8154A2B48BE6343DD750B6C9713FB820.e.817/click - {}
RESULT: {}
COMMAND: GET /session/0c1a7e55b121da76f99c16a18c4e6ced/screenshot - {}
RESULT: {}
COMMAND: POST /session/0c1a7e55b121da76f99c16a18c4e6ced/element - {"using":"xpath","value":"//table[contains(@id, \"customPersonsAddressesTable-listUl\")]/tbody/tr[1]/td[10]/div/span"}
RESULT: {"using":"xpath","value":"//table[contains(@id, \"customPersonsAddressesTable-listUl\")]/tbody/tr[1]/td[10]/div/span"}
COMMAND: POST /session/0c1a7e55b121da76f99c16a18c4e6ced/execute/sync - {"script":"<script> [56 bytes]","args":[{"element-6066-11e4-a52e-4f735466cecf":"f.00EA30B0B8B02181D7C886F3AA20B5A2.d.8154A2B48BE6343DD750B6C9713FB820.e.813","ELEMENT":"f.00EA30B0B8B02181D7C886F3AA20B5A2.d.8154A2B48BE6343DD750B6C9713FB820.e.813"}]}
RESULT: {"script":"<script> [56 bytes]","args":[{"element-6066-11e4-a52e-4f735466cecf":"f.00EA30B0B8B02181D7C886F3AA20B5A2.d.8154A2B48BE6343DD750B6C9713FB820.e.813","ELEMENT":"f.00EA30B0B8B02181D7C886F3AA20B5A2.d.8154A2B48BE6343DD750B6C9713FB820.e.813"}]}
COMMAND: GET /session/0c1a7e55b121da76f99c16a18c4e6ced/screenshot - {}
RESULT: {}
COMMAND: POST /session/0c1a7e55b121da76f99c16a18c4e6ced/element - {"using":"css selector","value":"#shell-header-logo"}
RESULT: {"using":"css selector","value":"#shell-header-logo"}
COMMAND: POST /session/0c1a7e55b121da76f99c16a18c4e6ced/element/f.00EA30B0B8B02181D7C886F3AA20B5A2.d.8154A2B48BE6343DD750B6C9713FB820.e.621/click - {}
RESULT: {}
COMMAND: GET /session/0c1a7e55b121da76f99c16a18c4e6ced/screenshot - {}
RESULT: {}
]]></system-out>
    </testcase>
    <testcase classname="chrome.135_0_7049_96.windows.Address_Management_Tests_US151165_US151160" name="Step 3 Should activate the created address back again US151160" time="39.818">
      <system-out><![CDATA[
RESULT: undefined
COMMAND: POST /session/0c1a7e55b121da76f99c16a18c4e6ced/element - {"using":"xpath","value":"//*[@id=\"__tile33\"]"}
RESULT: {"using":"xpath","value":"//*[@id=\"__tile33\"]"}
COMMAND: POST /session/0c1a7e55b121da76f99c16a18c4e6ced/element/f.00EA30B0B8B02181D7C886F3AA20B5A2.d.8154A2B48BE6343DD750B6C9713FB820.e.218/click - {}
RESULT: {}
COMMAND: POST /session/0c1a7e55b121da76f99c16a18c4e6ced/element - {"using":"xpath","value":"//button[@data-kt=\"addButton\"]"}
COMMAND: GET /session/0c1a7e55b121da76f99c16a18c4e6ced/screenshot - {}
RESULT: {"using":"xpath","value":"//button[@data-kt=\"addButton\"]"}
COMMAND: POST /session/0c1a7e55b121da76f99c16a18c4e6ced/elements - {"using":"xpath","value":"//button[@data-kt=\"addButton\"]"}
RESULT: {}
RESULT: {"using":"xpath","value":"//button[@data-kt=\"addButton\"]"}
COMMAND: POST /session/0c1a7e55b121da76f99c16a18c4e6ced/element - {"using":"xpath","value":"//button[@data-kt=\"addButton\"]"}
RESULT: {"using":"xpath","value":"//button[@data-kt=\"addButton\"]"}
COMMAND: POST /session/0c1a7e55b121da76f99c16a18c4e6ced/execute/sync - {"script":"<script> [8489 bytes]","args":[{"element-6066-11e4-a52e-4f735466cecf":"f.00EA30B0B8B02181D7C886F3AA20B5A2.d.8154A2B48BE6343DD750B6C9713FB820.e.882","ELEMENT":"f.00EA30B0B8B02181D7C886F3AA20B5A2.d.8154A2B48BE6343DD750B6C9713FB820.e.882"}]}
RESULT: {"script":"<script> [8489 bytes]","args":[{"element-6066-11e4-a52e-4f735466cecf":"f.00EA30B0B8B02181D7C886F3AA20B5A2.d.8154A2B48BE6343DD750B6C9713FB820.e.882","ELEMENT":"f.00EA30B0B8B02181D7C886F3AA20B5A2.d.8154A2B48BE6343DD750B6C9713FB820.e.882"}]}
COMMAND: GET /session/0c1a7e55b121da76f99c16a18c4e6ced/element/f.00EA30B0B8B02181D7C886F3AA20B5A2.d.8154A2B48BE6343DD750B6C9713FB820.e.882/enabled - {}
COMMAND: GET /session/0c1a7e55b121da76f99c16a18c4e6ced/screenshot - {}
RESULT: {}
COMMAND: POST /session/0c1a7e55b121da76f99c16a18c4e6ced/execute/sync - {"script":"<script> [8489 bytes]","args":[{"element-6066-11e4-a52e-4f735466cecf":"f.00EA30B0B8B02181D7C886F3AA20B5A2.d.8154A2B48BE6343DD750B6C9713FB820.e.882","ELEMENT":"f.00EA30B0B8B02181D7C886F3AA20B5A2.d.8154A2B48BE6343DD750B6C9713FB820.e.882"}]}
COMMAND: GET /session/0c1a7e55b121da76f99c16a18c4e6ced/screenshot - {}
RESULT: {}
RESULT: {"script":"<script> [8489 bytes]","args":[{"element-6066-11e4-a52e-4f735466cecf":"f.00EA30B0B8B02181D7C886F3AA20B5A2.d.8154A2B48BE6343DD750B6C9713FB820.e.882","ELEMENT":"f.00EA30B0B8B02181D7C886F3AA20B5A2.d.8154A2B48BE6343DD750B6C9713FB820.e.882"}]}
COMMAND: POST /session/0c1a7e55b121da76f99c16a18c4e6ced/execute/sync - {"script":"<script> [5351 bytes]","args":[{"element-6066-11e4-a52e-4f735466cecf":"f.00EA30B0B8B02181D7C886F3AA20B5A2.d.8154A2B48BE6343DD750B6C9713FB820.e.882","ELEMENT":"f.00EA30B0B8B02181D7C886F3AA20B5A2.d.8154A2B48BE6343DD750B6C9713FB820.e.882"}]}
COMMAND: GET /session/0c1a7e55b121da76f99c16a18c4e6ced/screenshot - {}
RESULT: {}
RESULT: {"script":"<script> [5351 bytes]","args":[{"element-6066-11e4-a52e-4f735466cecf":"f.00EA30B0B8B02181D7C886F3AA20B5A2.d.8154A2B48BE6343DD750B6C9713FB820.e.882","ELEMENT":"f.00EA30B0B8B02181D7C886F3AA20B5A2.d.8154A2B48BE6343DD750B6C9713FB820.e.882"}]}
COMMAND: GET /session/0c1a7e55b121da76f99c16a18c4e6ced/screenshot - {}
RESULT: {}
RESULT: {}
RESULT: undefined
COMMAND: POST /session/0c1a7e55b121da76f99c16a18c4e6ced/execute/async - {"script":"<script> [776 bytes]","args":[{"enterText":"Qdcrj69kNy","selector":{"id":"application-addressmanagement-display-component---masterAdm--smartFilterBar-btnBasicSearch","interaction":{"idSuffix":"I"}},"clearTextFirst":true,"interactionType":"ENTER_TEXT"}]}
RESULT: {"script":"<script> [776 bytes]","args":[{"enterText":"Qdcrj69kNy","selector":{"id":"application-addressmanagement-display-component---masterAdm--smartFilterBar-btnBasicSearch","interaction":{"idSuffix":"I"}},"clearTextFirst":true,"interactionType":"ENTER_TEXT"}]}
COMMAND: POST /session/0c1a7e55b121da76f99c16a18c4e6ced/actions - {"actions":[{"id":"action3","type":"key","parameters":{},"actions":[{"type":"keyDown","value":"î€‡"},{"type":"pause","duration":10},{"type":"keyUp","value":"î€‡"}]}]}
RESULT: {"actions":[{"id":"action3","type":"key","parameters":{},"actions":[{"type":"keyDown","value":"î€‡"},{"type":"pause","duration":10},{"type":"keyUp","value":"î€‡"}]}]}
COMMAND: GET /session/0c1a7e55b121da76f99c16a18c4e6ced/screenshot - {}
RESULT: {}
COMMAND: POST /session/0c1a7e55b121da76f99c16a18c4e6ced/elements - {"using":"xpath","value":"//table[contains(@id, \"customPersonsAddressesTable-listUl\")]/tbody/tr"}
RESULT: {"using":"xpath","value":"//table[contains(@id, \"customPersonsAddressesTable-listUl\")]/tbody/tr"}
COMMAND: POST /session/0c1a7e55b121da76f99c16a18c4e6ced/element - {"using":"xpath","value":"//table[contains(@id, \"customPersonsAddressesTable-listUl\")]/tbody/tr[1]/td[5]/span/span"}
RESULT: {"using":"xpath","value":"//table[contains(@id, \"customPersonsAddressesTable-listUl\")]/tbody/tr[1]/td[5]/span/span"}
COMMAND: POST /session/0c1a7e55b121da76f99c16a18c4e6ced/element - {"using":"xpath","value":"//table[contains(@id, \"customPersonsAddressesTable-listUl\")]/tbody/tr[1]/td[3]/span"}
RESULT: {"using":"xpath","value":"//table[contains(@id, \"customPersonsAddressesTable-listUl\")]/tbody/tr[1]/td[3]/span"}
COMMAND: POST /session/0c1a7e55b121da76f99c16a18c4e6ced/elements - {"using":"xpath","value":"//table[contains(@id, \"customPersonsAddressesTable-listUl\")]/tbody/tr[1]/td[5]/span/span"}
RESULT: {"using":"xpath","value":"//table[contains(@id, \"customPersonsAddressesTable-listUl\")]/tbody/tr[1]/td[5]/span/span"}
COMMAND: POST /session/0c1a7e55b121da76f99c16a18c4e6ced/execute/sync - {"script":"<script> [56 bytes]","args":[{"element-6066-11e4-a52e-4f735466cecf":"f.00EA30B0B8B02181D7C886F3AA20B5A2.d.8154A2B48BE6343DD750B6C9713FB820.e.1022","ELEMENT":"f.00EA30B0B8B02181D7C886F3AA20B5A2.d.8154A2B48BE6343DD750B6C9713FB820.e.1022"}]}
RESULT: {"script":"<script> [56 bytes]","args":[{"element-6066-11e4-a52e-4f735466cecf":"f.00EA30B0B8B02181D7C886F3AA20B5A2.d.8154A2B48BE6343DD750B6C9713FB820.e.1022","ELEMENT":"f.00EA30B0B8B02181D7C886F3AA20B5A2.d.8154A2B48BE6343DD750B6C9713FB820.e.1022"}]}
COMMAND: POST /session/0c1a7e55b121da76f99c16a18c4e6ced/execute/sync - {"script":"<script> [56 bytes]","args":[{"element-6066-11e4-a52e-4f735466cecf":"f.00EA30B0B8B02181D7C886F3AA20B5A2.d.8154A2B48BE6343DD750B6C9713FB820.e.1023","ELEMENT":"f.00EA30B0B8B02181D7C886F3AA20B5A2.d.8154A2B48BE6343DD750B6C9713FB820.e.1023"}]}
COMMAND: GET /session/0c1a7e55b121da76f99c16a18c4e6ced/screenshot - {}
RESULT: {"script":"<script> [56 bytes]","args":[{"element-6066-11e4-a52e-4f735466cecf":"f.00EA30B0B8B02181D7C886F3AA20B5A2.d.8154A2B48BE6343DD750B6C9713FB820.e.1023","ELEMENT":"f.00EA30B0B8B02181D7C886F3AA20B5A2.d.8154A2B48BE6343DD750B6C9713FB820.e.1023"}]}
COMMAND: POST /session/0c1a7e55b121da76f99c16a18c4e6ced/element - {"using":"xpath","value":"//table[contains(@id, \"customPersonsAddressesTable-listUl\")]/tbody/tr[1]/td[10]/div/span"}
COMMAND: GET /session/0c1a7e55b121da76f99c16a18c4e6ced/screenshot - {}
RESULT: {}
RESULT: {"using":"xpath","value":"//table[contains(@id, \"customPersonsAddressesTable-listUl\")]/tbody/tr[1]/td[10]/div/span"}
COMMAND: POST /session/0c1a7e55b121da76f99c16a18c4e6ced/execute/sync - {"script":"<script> [56 bytes]","args":[{"element-6066-11e4-a52e-4f735466cecf":"f.00EA30B0B8B02181D7C886F3AA20B5A2.d.8154A2B48BE6343DD750B6C9713FB820.e.1024","ELEMENT":"f.00EA30B0B8B02181D7C886F3AA20B5A2.d.8154A2B48BE6343DD750B6C9713FB820.e.1024"}]}
RESULT: {}
RESULT: {"script":"<script> [56 bytes]","args":[{"element-6066-11e4-a52e-4f735466cecf":"f.00EA30B0B8B02181D7C886F3AA20B5A2.d.8154A2B48BE6343DD750B6C9713FB820.e.1024","ELEMENT":"f.00EA30B0B8B02181D7C886F3AA20B5A2.d.8154A2B48BE6343DD750B6C9713FB820.e.1024"}]}
COMMAND: POST /session/0c1a7e55b121da76f99c16a18c4e6ced/element - {"using":"xpath","value":"//table[contains(@id, \"customPersonsAddressesTable-listUl\")]/tbody/tr[1]/td[2]/div/div"}
COMMAND: GET /session/0c1a7e55b121da76f99c16a18c4e6ced/screenshot - {}
RESULT: {"using":"xpath","value":"//table[contains(@id, \"customPersonsAddressesTable-listUl\")]/tbody/tr[1]/td[2]/div/div"}
COMMAND: POST /session/0c1a7e55b121da76f99c16a18c4e6ced/element/f.00EA30B0B8B02181D7C886F3AA20B5A2.d.8154A2B48BE6343DD750B6C9713FB820.e.1025/click - {}
RESULT: {}
RESULT: {}
COMMAND: GET /session/0c1a7e55b121da76f99c16a18c4e6ced/screenshot - {}
RESULT: {}
COMMAND: POST /session/0c1a7e55b121da76f99c16a18c4e6ced/element - {"using":"xpath","value":"//bdi[contains(text(), \"Activate\")]"}
RESULT: {"using":"xpath","value":"//bdi[contains(text(), \"Activate\")]"}
COMMAND: POST /session/0c1a7e55b121da76f99c16a18c4e6ced/element/f.00EA30B0B8B02181D7C886F3AA20B5A2.d.8154A2B48BE6343DD750B6C9713FB820.e.1026/click - {}
RESULT: {}
COMMAND: GET /session/0c1a7e55b121da76f99c16a18c4e6ced/screenshot - {}
RESULT: {}
COMMAND: POST /session/0c1a7e55b121da76f99c16a18c4e6ced/element - {"using":"xpath","value":"//bdi[contains(text(), \"Yes\")]"}
RESULT: {"using":"xpath","value":"//bdi[contains(text(), \"Yes\")]"}
COMMAND: POST /session/0c1a7e55b121da76f99c16a18c4e6ced/element/f.00EA30B0B8B02181D7C886F3AA20B5A2.d.8154A2B48BE6343DD750B6C9713FB820.e.1028/click - {}
RESULT: {}
COMMAND: GET /session/0c1a7e55b121da76f99c16a18c4e6ced/screenshot - {}
RESULT: {}
COMMAND: POST /session/0c1a7e55b121da76f99c16a18c4e6ced/element - {"using":"xpath","value":"//table[contains(@id, \"customPersonsAddressesTable-listUl\")]/tbody/tr[1]/td[10]/div/span"}
RESULT: {"using":"xpath","value":"//table[contains(@id, \"customPersonsAddressesTable-listUl\")]/tbody/tr[1]/td[10]/div/span"}
COMMAND: POST /session/0c1a7e55b121da76f99c16a18c4e6ced/execute/sync - {"script":"<script> [56 bytes]","args":[{"element-6066-11e4-a52e-4f735466cecf":"f.00EA30B0B8B02181D7C886F3AA20B5A2.d.8154A2B48BE6343DD750B6C9713FB820.e.1024","ELEMENT":"f.00EA30B0B8B02181D7C886F3AA20B5A2.d.8154A2B48BE6343DD750B6C9713FB820.e.1024"}]}
RESULT: {"script":"<script> [56 bytes]","args":[{"element-6066-11e4-a52e-4f735466cecf":"f.00EA30B0B8B02181D7C886F3AA20B5A2.d.8154A2B48BE6343DD750B6C9713FB820.e.1024","ELEMENT":"f.00EA30B0B8B02181D7C886F3AA20B5A2.d.8154A2B48BE6343DD750B6C9713FB820.e.1024"}]}
COMMAND: GET /session/0c1a7e55b121da76f99c16a18c4e6ced/screenshot - {}
RESULT: {}
COMMAND: POST /session/0c1a7e55b121da76f99c16a18c4e6ced/element - {"using":"css selector","value":"#shell-header-logo"}
RESULT: {"using":"css selector","value":"#shell-header-logo"}
COMMAND: POST /session/0c1a7e55b121da76f99c16a18c4e6ced/element/f.00EA30B0B8B02181D7C886F3AA20B5A2.d.8154A2B48BE6343DD750B6C9713FB820.e.825/click - {}
RESULT: {}
COMMAND: GET /session/0c1a7e55b121da76f99c16a18c4e6ced/screenshot - {}
RESULT: {}
COMMAND: DELETE /session/0c1a7e55b121da76f99c16a18c4e6ced - {}
RESULT: {}
]]></system-out>
    </testcase>
  </testsuite>
</testsuites>