<?xml version="1.0" encoding="UTF-8"?>
<testsuites tests="24" failures="2" errors="2" skipped="0">
  <testsuite timestamp="2025-05-08T05:38:32" time="686.436" tests="5" failures="0" errors="0" skipped="0">
    <properties>
      <property name="specId" value="0" />
      <property name="suiteName" value="Manage Requests Tags Tests US120163" />
      <property name="capabilities" value="chrome.136_0_7103_49.windows" />
      <property name="file" value="file:///D:/a/1/s/test/specs/R2C/create-request-Tags.spec.js" />
    </properties>
    <testcase classname="chrome.136_0_7103_49.windows.Manage_Requests_Tags_Tests_US120163" name="Should create a new yard" time="127.177">
      <system-out><![CDATA[
COMMAND: POST /session/e0f9f5aee1597ce8ab84fc4949c39ac3/execute/async - {"script":"<script> [1562 bytes]","args":[{"selector":{"controlType":"sap.m.GenericTile","properties":{"header":"Manage Yards"}},"wdio_ui5_key":"sapm.GenericTile{\"header\":\"Manage Yards\"}"}]}
RESULT: {"script":"<script> [1562 bytes]","args":[{"selector":{"controlType":"sap.m.GenericTile","properties":{"header":"Manage Yards"}},"wdio_ui5_key":"sapm.GenericTile{\"header\":\"Manage Yards\"}"}]}
RESULT: undefined
COMMAND: POST /session/e0f9f5aee1597ce8ab84fc4949c39ac3/element - {"using":"xpath","value":"//*[@id=\"__tile41\"]"}
RESULT: {"using":"xpath","value":"//*[@id=\"__tile41\"]"}
COMMAND: POST /session/e0f9f5aee1597ce8ab84fc4949c39ac3/element/f.16219B07342047CC16B1B6C41B76C932.d.68CF03FC4C649B829A32F107320EF598.e.117/click - {}
RESULT: {}
COMMAND: GET /session/e0f9f5aee1597ce8ab84fc4949c39ac3/screenshot - {}
RESULT: {}
COMMAND: POST /session/e0f9f5aee1597ce8ab84fc4949c39ac3/execute/async - {"script":"<script> [1562 bytes]","args":[{"selector":{"controlType":"sap.ui.core.Icon","viewName":"etm.portal.ui.manageyards.view.Master","viewId":"application-manageyards-display-component---masterYard","properties":{"src":{"regex":{"source":"add"}}}},"wdio_ui5_key":"etmportal.ui.manageyards.view.Mastersap.ui.core.Icon{\"src\":{\"regex\":{\"source\":\"add\"}}}"}]}
RESULT: {"script":"<script> [1562 bytes]","args":[{"selector":{"controlType":"sap.ui.core.Icon","viewName":"etm.portal.ui.manageyards.view.Master","viewId":"application-manageyards-display-component---masterYard","properties":{"src":{"regex":{"source":"add"}}}},"wdio_ui5_key":"etmportal.ui.manageyards.view.Mastersap.ui.core.Icon{\"src\":{\"regex\":{\"source\":\"add\"}}}"}]}
RESULT: undefined
COMMAND: POST /session/e0f9f5aee1597ce8ab84fc4949c39ac3/element - {"using":"xpath","value":"//*[@id=\"__button4-img\"]"}
RESULT: {"using":"xpath","value":"//*[@id=\"__button4-img\"]"}
COMMAND: POST /session/e0f9f5aee1597ce8ab84fc4949c39ac3/element/f.16219B07342047CC16B1B6C41B76C932.d.68CF03FC4C649B829A32F107320EF598.e.164/click - {}
RESULT: {}
COMMAND: GET /session/e0f9f5aee1597ce8ab84fc4949c39ac3/screenshot - {}
RESULT: {}
COMMAND: POST /session/e0f9f5aee1597ce8ab84fc4949c39ac3/execute/async - {"script":"<script> [1562 bytes]","args":[{"selector":{"id":"application-manageyards-display-component---NewYard--yardId","interaction":{"idSuffix":"inner"}},"wdio_ui5_key":"applicationmanageyards-display-component---NewYard--yardId"}]}
RESULT: {"script":"<script> [1562 bytes]","args":[{"selector":{"id":"application-manageyards-display-component---NewYard--yardId","interaction":{"idSuffix":"inner"}},"wdio_ui5_key":"applicationmanageyards-display-component---NewYard--yardId"}]}
RESULT: undefined
COMMAND: POST /session/e0f9f5aee1597ce8ab84fc4949c39ac3/element - {"using":"xpath","value":"//*[@id=\"application-manageyards-display-component---NewYard--addressDetailDetailsName1-inner\"]"}
RESULT: {"using":"xpath","value":"//*[@id=\"application-manageyards-display-component---NewYard--addressDetailDetailsName1-inner\"]"}
COMMAND: POST /session/e0f9f5aee1597ce8ab84fc4949c39ac3/element/f.16219B07342047CC16B1B6C41B76C932.d.68CF03FC4C649B829A32F107320EF598.e.382/clear - {}
RESULT: {}
COMMAND: POST /session/e0f9f5aee1597ce8ab84fc4949c39ac3/element/f.16219B07342047CC16B1B6C41B76C932.d.68CF03FC4C649B829A32F107320EF598.e.382/value - {"text":"WebdriverYardgxtyv"}
COMMAND: GET /session/e0f9f5aee1597ce8ab84fc4949c39ac3/screenshot - {}
RESULT: {"text":"WebdriverYardgxtyv"}
COMMAND: POST /session/e0f9f5aee1597ce8ab84fc4949c39ac3/element - {"using":"xpath","value":"//*[@id=\"application-manageyards-display-component---NewYard--addressDetailDetailsLanguage-inner\"]"}
COMMAND: GET /session/e0f9f5aee1597ce8ab84fc4949c39ac3/screenshot - {}
RESULT: {}
RESULT: {"using":"xpath","value":"//*[@id=\"application-manageyards-display-component---NewYard--addressDetailDetailsLanguage-inner\"]"}
COMMAND: POST /session/e0f9f5aee1597ce8ab84fc4949c39ac3/element/f.16219B07342047CC16B1B6C41B76C932.d.68CF03FC4C649B829A32F107320EF598.e.383/clear - {}
RESULT: {}
RESULT: {}
COMMAND: POST /session/e0f9f5aee1597ce8ab84fc4949c39ac3/element/f.16219B07342047CC16B1B6C41B76C932.d.68CF03FC4C649B829A32F107320EF598.e.383/value - {"text":"Romanian"}
COMMAND: GET /session/e0f9f5aee1597ce8ab84fc4949c39ac3/screenshot - {}
RESULT: {"text":"Romanian"}
COMMAND: POST /session/e0f9f5aee1597ce8ab84fc4949c39ac3/element - {"using":"xpath","value":"//input[contains(@id ,\"application-manageyards-display-component---NewYard--addressDetailDetailsName1-inner\")]"}
COMMAND: GET /session/e0f9f5aee1597ce8ab84fc4949c39ac3/screenshot - {}
RESULT: {}
RESULT: {"using":"xpath","value":"//input[contains(@id ,\"application-manageyards-display-component---NewYard--addressDetailDetailsName1-inner\")]"}
COMMAND: GET /session/e0f9f5aee1597ce8ab84fc4949c39ac3/element/f.16219B07342047CC16B1B6C41B76C932.d.68CF03FC4C649B829A32F107320EF598.e.382/property/value - {}
RESULT: {}
RESULT: {}
COMMAND: GET /session/e0f9f5aee1597ce8ab84fc4949c39ac3/screenshot - {}
RESULT: {}
COMMAND: POST /session/e0f9f5aee1597ce8ab84fc4949c39ac3/element - {"using":"xpath","value":"//*[@id=\"application-manageyards-display-component---NewYard--addressDetailDetailsCity1-inner\"]"}
RESULT: {"using":"xpath","value":"//*[@id=\"application-manageyards-display-component---NewYard--addressDetailDetailsCity1-inner\"]"}
COMMAND: POST /session/e0f9f5aee1597ce8ab84fc4949c39ac3/element/f.16219B07342047CC16B1B6C41B76C932.d.68CF03FC4C649B829A32F107320EF598.e.385/clear - {}
RESULT: {}
COMMAND: POST /session/e0f9f5aee1597ce8ab84fc4949c39ac3/element/f.16219B07342047CC16B1B6C41B76C932.d.68CF03FC4C649B829A32F107320EF598.e.385/value - {"text":"Bucuresti"}
COMMAND: GET /session/e0f9f5aee1597ce8ab84fc4949c39ac3/screenshot - {}
RESULT: {"text":"Bucuresti"}
COMMAND: GET /session/e0f9f5aee1597ce8ab84fc4949c39ac3/screenshot - {}
RESULT: {}
RESULT: {}
COMMAND: POST /session/e0f9f5aee1597ce8ab84fc4949c39ac3/element - {"using":"xpath","value":"//*[@id=\"application-manageyards-display-component---NewYard--addressDetailDetailsCountry-inner\"]"}
RESULT: {"using":"xpath","value":"//*[@id=\"application-manageyards-display-component---NewYard--addressDetailDetailsCountry-inner\"]"}
COMMAND: POST /session/e0f9f5aee1597ce8ab84fc4949c39ac3/element/f.16219B07342047CC16B1B6C41B76C932.d.68CF03FC4C649B829A32F107320EF598.e.389/clear - {}
RESULT: {}
COMMAND: POST /session/e0f9f5aee1597ce8ab84fc4949c39ac3/element/f.16219B07342047CC16B1B6C41B76C932.d.68CF03FC4C649B829A32F107320EF598.e.389/value - {"text":"Romania"}
COMMAND: GET /session/e0f9f5aee1597ce8ab84fc4949c39ac3/screenshot - {}
RESULT: {"text":"Romania"}
COMMAND: GET /session/e0f9f5aee1597ce8ab84fc4949c39ac3/screenshot - {}
RESULT: {}
RESULT: {}
COMMAND: POST /session/e0f9f5aee1597ce8ab84fc4949c39ac3/element - {"using":"xpath","value":"//div[contains(text(), \"Commercial\")]"}
RESULT: {"using":"xpath","value":"//div[contains(text(), \"Commercial\")]"}
COMMAND: GET /session/e0f9f5aee1597ce8ab84fc4949c39ac3/element/f.16219B07342047CC16B1B6C41B76C932.d.68CF03FC4C649B829A32F107320EF598.e.578/rect - {}
RESULT: {}
COMMAND: GET /session/e0f9f5aee1597ce8ab84fc4949c39ac3/window/rect - {}
RESULT: {}
COMMAND: POST /session/e0f9f5aee1597ce8ab84fc4949c39ac3/execute/sync - {"script":"<script> [92 bytes]","args":[]}
RESULT: {"script":"<script> [92 bytes]","args":[]}
COMMAND: POST /session/e0f9f5aee1597ce8ab84fc4949c39ac3/actions - {"actions":[{"id":"action1","type":"wheel","parameters":{},"actions":[{"type":"scroll","x":-1841,"y":-44,"deltaX":0,"deltaY":0,"duration":0,"origin":{"element-6066-11e4-a52e-4f735466cecf":"f.16219B07342047CC16B1B6C41B76C932.d.68CF03FC4C649B829A32F107320EF598.e.578"}}]}]}
COMMAND: GET /session/e0f9f5aee1597ce8ab84fc4949c39ac3/screenshot - {}
RESULT: {}
COMMAND: POST /session/e0f9f5aee1597ce8ab84fc4949c39ac3/execute/sync - {"script":"<script> [79 bytes]","args":[{"element-6066-11e4-a52e-4f735466cecf":"f.16219B07342047CC16B1B6C41B76C932.d.68CF03FC4C649B829A32F107320EF598.e.578","ELEMENT":"f.16219B07342047CC16B1B6C41B76C932.d.68CF03FC4C649B829A32F107320EF598.e.578"},{"block":"start","inline":"nearest"}]}
RESULT: {"script":"<script> [79 bytes]","args":[{"element-6066-11e4-a52e-4f735466cecf":"f.16219B07342047CC16B1B6C41B76C932.d.68CF03FC4C649B829A32F107320EF598.e.578","ELEMENT":"f.16219B07342047CC16B1B6C41B76C932.d.68CF03FC4C649B829A32F107320EF598.e.578"},{"block":"start","inline":"nearest"}]}
COMMAND: GET /session/e0f9f5aee1597ce8ab84fc4949c39ac3/screenshot - {}
RESULT: {}
COMMAND: POST /session/e0f9f5aee1597ce8ab84fc4949c39ac3/execute/async - {"script":"<script> [1562 bytes]","args":[{"selector":{"id":"application-manageyards-display-component---NewYard--addressEditDetailsCostObjectCstType-arrow"},"wdio_ui5_key":"applicationmanageyards-display-component---NewYard--addressEditDetailsCostObjectCstType-arrow"}]}
RESULT: {"script":"<script> [1562 bytes]","args":[{"selector":{"id":"application-manageyards-display-component---NewYard--addressEditDetailsCostObjectCstType-arrow"},"wdio_ui5_key":"applicationmanageyards-display-component---NewYard--addressEditDetailsCostObjectCstType-arrow"}]}
RESULT: undefined
COMMAND: POST /session/e0f9f5aee1597ce8ab84fc4949c39ac3/element - {"using":"xpath","value":"//*[@id=\"application-manageyards-display-component---NewYard--addressEditDetailsCostObjectCstType-arrow\"]"}
RESULT: {"using":"xpath","value":"//*[@id=\"application-manageyards-display-component---NewYard--addressEditDetailsCostObjectCstType-arrow\"]"}
COMMAND: POST /session/e0f9f5aee1597ce8ab84fc4949c39ac3/element/f.16219B07342047CC16B1B6C41B76C932.d.68CF03FC4C649B829A32F107320EF598.e.586/click - {}
RESULT: {}
COMMAND: POST /session/e0f9f5aee1597ce8ab84fc4949c39ac3/element - {"using":"xpath","value":"//span[contains(text(), \"Cost Center\")]"}
COMMAND: GET /session/e0f9f5aee1597ce8ab84fc4949c39ac3/screenshot - {}
RESULT: {"using":"xpath","value":"//span[contains(text(), \"Cost Center\")]"}
COMMAND: POST /session/e0f9f5aee1597ce8ab84fc4949c39ac3/element/f.16219B07342047CC16B1B6C41B76C932.d.68CF03FC4C649B829A32F107320EF598.e.587/click - {}
RESULT: {}
RESULT: {}
COMMAND: GET /session/e0f9f5aee1597ce8ab84fc4949c39ac3/screenshot - {}
RESULT: {}
COMMAND: POST /session/e0f9f5aee1597ce8ab84fc4949c39ac3/execute/async - {"script":"<script> [1562 bytes]","args":[{"selector":{"id":"application-manageyards-display-component---NewYard--addressNewCostObjectCstID-vhi"},"wdio_ui5_key":"applicationmanageyards-display-component---NewYard--addressNewCostObjectCstID-vhi"}]}
RESULT: {"script":"<script> [1562 bytes]","args":[{"selector":{"id":"application-manageyards-display-component---NewYard--addressNewCostObjectCstID-vhi"},"wdio_ui5_key":"applicationmanageyards-display-component---NewYard--addressNewCostObjectCstID-vhi"}]}
RESULT: undefined
COMMAND: POST /session/e0f9f5aee1597ce8ab84fc4949c39ac3/element - {"using":"xpath","value":"//*[@id=\"application-manageyards-display-component---NewYard--addressNewCostObjectCstID-vhi\"]"}
RESULT: {"using":"xpath","value":"//*[@id=\"application-manageyards-display-component---NewYard--addressNewCostObjectCstID-vhi\"]"}
COMMAND: POST /session/e0f9f5aee1597ce8ab84fc4949c39ac3/element/f.16219B07342047CC16B1B6C41B76C932.d.68CF03FC4C649B829A32F107320EF598.e.603/click - {}
RESULT: {}
COMMAND: GET /session/e0f9f5aee1597ce8ab84fc4949c39ac3/screenshot - {}
RESULT: {}
COMMAND: POST /session/e0f9f5aee1597ce8ab84fc4949c39ac3/execute/async - {"script":"<script> [1562 bytes]","args":[{"selector":{"controlType":"sap.m.SearchField","properties":{"placeholder":"Search"},"searchOpenDialogs":true,"interaction":{"idSuffix":"I"}},"wdio_ui5_key":"sapm.SearchField{\"placeholder\":\"Search\"}"}]}
RESULT: {"script":"<script> [1562 bytes]","args":[{"selector":{"controlType":"sap.m.SearchField","properties":{"placeholder":"Search"},"searchOpenDialogs":true,"interaction":{"idSuffix":"I"}},"wdio_ui5_key":"sapm.SearchField{\"placeholder\":\"Search\"}"}]}
RESULT: undefined
COMMAND: POST /session/e0f9f5aee1597ce8ab84fc4949c39ac3/execute/async - {"script":"<script> [776 bytes]","args":[{"enterText":"10001013","selector":{"controlType":"sap.m.SearchField","properties":{"placeholder":"Search"},"searchOpenDialogs":true,"interaction":{"idSuffix":"I"}},"clearTextFirst":true,"interactionType":"ENTER_TEXT"}]}
RESULT: {"script":"<script> [776 bytes]","args":[{"enterText":"10001013","selector":{"controlType":"sap.m.SearchField","properties":{"placeholder":"Search"},"searchOpenDialogs":true,"interaction":{"idSuffix":"I"}},"clearTextFirst":true,"interactionType":"ENTER_TEXT"}]}
COMMAND: POST /session/e0f9f5aee1597ce8ab84fc4949c39ac3/actions - {"actions":[{"id":"action2","type":"key","parameters":{},"actions":[{"type":"keyDown","value":"î€‡"},{"type":"pause","duration":10},{"type":"keyUp","value":"î€‡"}]}]}
RESULT: {"actions":[{"id":"action2","type":"key","parameters":{},"actions":[{"type":"keyDown","value":"î€‡"},{"type":"pause","duration":10},{"type":"keyUp","value":"î€‡"}]}]}
COMMAND: GET /session/e0f9f5aee1597ce8ab84fc4949c39ac3/screenshot - {}
RESULT: {}
COMMAND: POST /session/e0f9f5aee1597ce8ab84fc4949c39ac3/element - {"using":"xpath","value":"//span[contains(text(), \"General Management\")]"}
RESULT: {"using":"xpath","value":"//span[contains(text(), \"General Management\")]"}
COMMAND: POST /session/e0f9f5aee1597ce8ab84fc4949c39ac3/element/f.16219B07342047CC16B1B6C41B76C932.d.68CF03FC4C649B829A32F107320EF598.e.644/click - {}
RESULT: {}
COMMAND: GET /session/e0f9f5aee1597ce8ab84fc4949c39ac3/screenshot - {}
RESULT: {}
COMMAND: POST /session/e0f9f5aee1597ce8ab84fc4949c39ac3/element - {"using":"xpath","value":"//bdi[contains(text(), \"OK\")]"}
RESULT: {"using":"xpath","value":"//bdi[contains(text(), \"OK\")]"}
COMMAND: POST /session/e0f9f5aee1597ce8ab84fc4949c39ac3/element/f.16219B07342047CC16B1B6C41B76C932.d.68CF03FC4C649B829A32F107320EF598.e.645/click - {}
RESULT: {}
COMMAND: GET /session/e0f9f5aee1597ce8ab84fc4949c39ac3/screenshot - {}
RESULT: {}
COMMAND: POST /session/e0f9f5aee1597ce8ab84fc4949c39ac3/execute/async - {"script":"<script> [1562 bytes]","args":[{"selector":{"controlType":"sap.m.Button","viewName":"etm.portal.ui.manageyards.view.New","viewId":"application-manageyards-display-component---NewYard","i18NText":{"propertyName":"text","key":"save"},"interaction":{"idSuffix":"inner"}},"wdio_ui5_key":"etmportal.ui.manageyards.view.Newsap.m.Button{\"propertyName\":\"text\",\"key\":\"save\"}"}]}
RESULT: {"script":"<script> [1562 bytes]","args":[{"selector":{"controlType":"sap.m.Button","viewName":"etm.portal.ui.manageyards.view.New","viewId":"application-manageyards-display-component---NewYard","i18NText":{"propertyName":"text","key":"save"},"interaction":{"idSuffix":"inner"}},"wdio_ui5_key":"etmportal.ui.manageyards.view.Newsap.m.Button{\"propertyName\":\"text\",\"key\":\"save\"}"}]}
RESULT: undefined
COMMAND: POST /session/e0f9f5aee1597ce8ab84fc4949c39ac3/element - {"using":"xpath","value":"//*[@id=\"__button18\"]"}
RESULT: {"using":"xpath","value":"//*[@id=\"__button18\"]"}
COMMAND: POST /session/e0f9f5aee1597ce8ab84fc4949c39ac3/element/f.16219B07342047CC16B1B6C41B76C932.d.68CF03FC4C649B829A32F107320EF598.e.558/click - {}
RESULT: {}
COMMAND: GET /session/e0f9f5aee1597ce8ab84fc4949c39ac3/screenshot - {}
RESULT: {}
COMMAND: POST /session/e0f9f5aee1597ce8ab84fc4949c39ac3/element - {"using":"xpath","value":"//header/div/div[2]/div[2]/span"}
RESULT: {"using":"xpath","value":"//header/div/div[2]/div[2]/span"}
COMMAND: GET /session/e0f9f5aee1597ce8ab84fc4949c39ac3/element/f.16219B07342047CC16B1B6C41B76C932.d.68CF03FC4C649B829A32F107320EF598.e.842/text - {}
RESULT: {}
COMMAND: POST /session/e0f9f5aee1597ce8ab84fc4949c39ac3/execute/async - {"script":"<script> [1562 bytes]","args":[{"selector":{"controlType":"sap.m.OverflowToolbarButton","viewName":"etm.portal.ui.manageyards.view.Detail","viewId":"application-manageyards-display-component---detailYard","i18NText":{"propertyName":"tooltip","key":"closeColumn"},"interaction":{"idSuffix":"inner"}},"wdio_ui5_key":"etmportal.ui.manageyards.view.Detailsap.m.OverflowToolbarButton{\"propertyName\":\"tooltip\",\"key\":\"closeColumn\"}"}]}
RESULT: {"script":"<script> [1562 bytes]","args":[{"selector":{"controlType":"sap.m.OverflowToolbarButton","viewName":"etm.portal.ui.manageyards.view.Detail","viewId":"application-manageyards-display-component---detailYard","i18NText":{"propertyName":"tooltip","key":"closeColumn"},"interaction":{"idSuffix":"inner"}},"wdio_ui5_key":"etmportal.ui.manageyards.view.Detailsap.m.OverflowToolbarButton{\"propertyName\":\"tooltip\",\"key\":\"closeColumn\"}"}]}
RESULT: undefined
COMMAND: POST /session/e0f9f5aee1597ce8ab84fc4949c39ac3/element - {"using":"xpath","value":"//*[@id=\"__button42\"]"}
RESULT: {"using":"xpath","value":"//*[@id=\"__button42\"]"}
COMMAND: POST /session/e0f9f5aee1597ce8ab84fc4949c39ac3/element/f.16219B07342047CC16B1B6C41B76C932.d.68CF03FC4C649B829A32F107320EF598.e.844/click - {}
RESULT: {}
COMMAND: GET /session/e0f9f5aee1597ce8ab84fc4949c39ac3/screenshot - {}
RESULT: {}
COMMAND: POST /session/e0f9f5aee1597ce8ab84fc4949c39ac3/element - {"using":"css selector","value":"#shell-header-logo"}
RESULT: {"using":"css selector","value":"#shell-header-logo"}
COMMAND: POST /session/e0f9f5aee1597ce8ab84fc4949c39ac3/element/f.16219B07342047CC16B1B6C41B76C932.d.68CF03FC4C649B829A32F107320EF598.e.119/click - {}
RESULT: {}
COMMAND: GET /session/e0f9f5aee1597ce8ab84fc4949c39ac3/screenshot - {}
RESULT: {}
COMMAND: POST /session/e0f9f5aee1597ce8ab84fc4949c39ac3/refresh - {}
RESULT: {}
COMMAND: GET /session/e0f9f5aee1597ce8ab84fc4949c39ac3/screenshot - {}
RESULT: {}
COMMAND: POST /session/e0f9f5aee1597ce8ab84fc4949c39ac3/execute/async - {"script":"<script> [189 bytes]","args":[]}
RESULT: {"script":"<script> [189 bytes]","args":[]}
COMMAND: POST /session/e0f9f5aee1597ce8ab84fc4949c39ac3/execute/async - {"script":"<script> [123 bytes]","args":[]}
RESULT: {"script":"<script> [123 bytes]","args":[]}
COMMAND: POST /session/e0f9f5aee1597ce8ab84fc4949c39ac3/timeouts - {"script":"<number>"}
RESULT: {"script":"<number>"}
COMMAND: GET /session/e0f9f5aee1597ce8ab84fc4949c39ac3/timeouts - {}
RESULT: {}
RESULT: undefined
COMMAND: POST /session/e0f9f5aee1597ce8ab84fc4949c39ac3/execute/async - {"script":"<script> [2676 bytes]","args":[]}
RESULT: {"script":"<script> [2676 bytes]","args":[]}
COMMAND: POST /session/e0f9f5aee1597ce8ab84fc4949c39ac3/execute/async - {"script":"<script> [2342 bytes]","args":[{"protocol":"http","hostname":"0.0.0.0","path":"/","capabilities":{"browserName":"chrome","goog:chromeOptions":{"binary":"C:\\Program Files\\Google\\Chrome\\Application\\chrome.exe","args":["--start-maximized"]}},"logLevel":"warn","connectionRetryTimeout":120000,"connectionRetryCount":3,"logLevels":{},"enableDirectConnect":true,"strictSSL":true,"_":"65 more keys: [\"cacheDir\",\"port\",\"requestedCapabilities\",\"automationProtocol\",\"baseUrl\",\"waitforInterval\",\"waitforTimeout\",\"onReload\",\"beforeCommand\",\"afterCommand\",\"rootDir\",\"specs\",\"suites\",\"exclude\",\"groupLogsByTestSpec\",\"excludeDriverLogs\",\"bail\",\"framework\",\"reporters\",\"services\",\"maxInstances\",\"maxInstancesPerCapability\",\"injectGlobals\",\"filesToWatch\",\"execArgv\",\"runnerEnv\",\"runner\",\"shard\",\"specFileRetries\",\"specFileRetriesDelay\",\"specFileRetriesDeferred\",\"reporterSyncInterval\",\"reporterSyncTimeout\",\"cucumberFeaturesWithLineNumbers\",\"autoCompileOpts\",\"mochaOpts\",\"jasmineOpts\",\"cucumberOpts\",\"onPrepare\",\"onWorkerStart\",\"onWorkerEnd\",\"before\",\"beforeSession\",\"beforeSuite\",\"beforeHook\",\"beforeTest\",\"afterTest\",\"afterHook\",\"afterSuite\",\"afterSession\",\"after\",\"onComplete\",\"beforeAssertion\",\"afterAssertion\",\"beforeFeature\",\"beforeScenario\",\"beforeStep\",\"afterStep\",\"afterScenario\",\"afterFeature\",\"_\",\"suite\",\"$0\",\"ignoredWorkerServices\",\"wdi5\"]"}]}
RESULT: {"script":"<script> [2342 bytes]","args":[{"protocol":"http","hostname":"0.0.0.0","path":"/","capabilities":{"browserName":"chrome","goog:chromeOptions":{"binary":"C:\\Program Files\\Google\\Chrome\\Application\\chrome.exe","args":["--start-maximized"]}},"logLevel":"warn","connectionRetryTimeout":120000,"connectionRetryCount":3,"logLevels":{},"enableDirectConnect":true,"strictSSL":true,"_":"65 more keys: [\"cacheDir\",\"port\",\"requestedCapabilities\",\"automationProtocol\",\"baseUrl\",\"waitforInterval\",\"waitforTimeout\",\"onReload\",\"beforeCommand\",\"afterCommand\",\"rootDir\",\"specs\",\"suites\",\"exclude\",\"groupLogsByTestSpec\",\"excludeDriverLogs\",\"bail\",\"framework\",\"reporters\",\"services\",\"maxInstances\",\"maxInstancesPerCapability\",\"injectGlobals\",\"filesToWatch\",\"execArgv\",\"runnerEnv\",\"runner\",\"shard\",\"specFileRetries\",\"specFileRetriesDelay\",\"specFileRetriesDeferred\",\"reporterSyncInterval\",\"reporterSyncTimeout\",\"cucumberFeaturesWithLineNumbers\",\"autoCompileOpts\",\"mochaOpts\",\"jasmineOpts\",\"cucumberOpts\",\"onPrepare\",\"onWorkerStart\",\"onWorkerEnd\",\"before\",\"beforeSession\",\"beforeSuite\",\"beforeHook\",\"beforeTest\",\"afterTest\",\"afterHook\",\"afterSuite\",\"afterSession\",\"after\",\"onComplete\",\"beforeAssertion\",\"afterAssertion\",\"beforeFeature\",\"beforeScenario\",\"beforeStep\",\"afterStep\",\"afterScenario\",\"afterFeature\",\"_\",\"suite\",\"$0\",\"ignoredWorkerServices\",\"wdi5\"]"}]}
COMMAND: POST /session/e0f9f5aee1597ce8ab84fc4949c39ac3/execute/async - {"script":"<script> [21126 bytes]","args":[35000]}
RESULT: {"script":"<script> [21126 bytes]","args":[35000]}
]]></system-out>
    </testcase>
    <testcase classname="chrome.136_0_7103_49.windows.Manage_Requests_Tags_Tests_US120163" name="Should create a new partner" time="83.575">
      <system-out><![CDATA[
COMMAND: POST /session/e0f9f5aee1597ce8ab84fc4949c39ac3/execute/async - {"script":"<script> [1562 bytes]","args":[{"selector":{"controlType":"sap.m.GenericTile","properties":{"header":"Manage Partners"}},"wdio_ui5_key":"sapm.GenericTile{\"header\":\"Manage Partners\"}"}]}
RESULT: {"script":"<script> [1562 bytes]","args":[{"selector":{"controlType":"sap.m.GenericTile","properties":{"header":"Manage Partners"}},"wdio_ui5_key":"sapm.GenericTile{\"header\":\"Manage Partners\"}"}]}
RESULT: undefined
COMMAND: POST /session/e0f9f5aee1597ce8ab84fc4949c39ac3/element - {"using":"xpath","value":"//*[@id=\"__tile38\"]"}
RESULT: {"using":"xpath","value":"//*[@id=\"__tile38\"]"}
COMMAND: POST /session/e0f9f5aee1597ce8ab84fc4949c39ac3/element/f.16219B07342047CC16B1B6C41B76C932.d.6FA29B592B5A08FC0696E3EDD9ED07BE.e.1200/click - {}
RESULT: {}
COMMAND: GET /session/e0f9f5aee1597ce8ab84fc4949c39ac3/screenshot - {}
RESULT: {}
COMMAND: POST /session/e0f9f5aee1597ce8ab84fc4949c39ac3/execute/async - {"script":"<script> [1562 bytes]","args":[{"selector":{"controlType":"sap.ui.core.Icon","viewName":"etm.portal.ui.managepartners.view.Master","viewId":"application-managepartners-display-component---masterPtm","properties":{"src":{"regex":{"source":"add"}}}},"wdio_ui5_key":"etmportal.ui.managepartners.view.Mastersap.ui.core.Icon{\"src\":{\"regex\":{\"source\":\"add\"}}}"}]}
RESULT: {"script":"<script> [1562 bytes]","args":[{"selector":{"controlType":"sap.ui.core.Icon","viewName":"etm.portal.ui.managepartners.view.Master","viewId":"application-managepartners-display-component---masterPtm","properties":{"src":{"regex":{"source":"add"}}}},"wdio_ui5_key":"etmportal.ui.managepartners.view.Mastersap.ui.core.Icon{\"src\":{\"regex\":{\"source\":\"add\"}}}"}]}
RESULT: undefined
COMMAND: POST /session/e0f9f5aee1597ce8ab84fc4949c39ac3/element - {"using":"xpath","value":"//*[@id=\"__button4-img\"]"}
RESULT: {"using":"xpath","value":"//*[@id=\"__button4-img\"]"}
COMMAND: POST /session/e0f9f5aee1597ce8ab84fc4949c39ac3/element/f.16219B07342047CC16B1B6C41B76C932.d.6FA29B592B5A08FC0696E3EDD9ED07BE.e.1252/click - {}
RESULT: {}
COMMAND: GET /session/e0f9f5aee1597ce8ab84fc4949c39ac3/screenshot - {}
RESULT: {}
COMMAND: POST /session/e0f9f5aee1597ce8ab84fc4949c39ac3/execute/async - {"script":"<script> [1562 bytes]","args":[{"selector":{"id":"application-managepartners-display-component---NewPartner--partnerId","interaction":{"idSuffix":"inner"}},"wdio_ui5_key":"applicationmanagepartners-display-component---NewPartner--partnerId"}]}
RESULT: {"script":"<script> [1562 bytes]","args":[{"selector":{"id":"application-managepartners-display-component---NewPartner--partnerId","interaction":{"idSuffix":"inner"}},"wdio_ui5_key":"applicationmanagepartners-display-component---NewPartner--partnerId"}]}
RESULT: undefined
COMMAND: POST /session/e0f9f5aee1597ce8ab84fc4949c39ac3/execute/async - {"script":"<script> [1562 bytes]","args":[{"selector":{"id":"application-managepartners-display-component---NewPartner--addressDetailDetailsName1","interaction":{"idSuffix":"inner"}},"wdio_ui5_key":"applicationmanagepartners-display-component---NewPartner--addressDetailDetailsName1"}]}
RESULT: {"script":"<script> [1562 bytes]","args":[{"selector":{"id":"application-managepartners-display-component---NewPartner--addressDetailDetailsName1","interaction":{"idSuffix":"inner"}},"wdio_ui5_key":"applicationmanagepartners-display-component---NewPartner--addressDetailDetailsName1"}]}
RESULT: undefined
COMMAND: POST /session/e0f9f5aee1597ce8ab84fc4949c39ac3/execute/async - {"script":"<script> [776 bytes]","args":[{"enterText":"WebdriverPartnerssuou","selector":{"id":"application-managepartners-display-component---NewPartner--addressDetailDetailsName1","interaction":{"idSuffix":"inner"}},"clearTextFirst":true,"interactionType":"ENTER_TEXT"}]}
RESULT: {"script":"<script> [776 bytes]","args":[{"enterText":"WebdriverPartnerssuou","selector":{"id":"application-managepartners-display-component---NewPartner--addressDetailDetailsName1","interaction":{"idSuffix":"inner"}},"clearTextFirst":true,"interactionType":"ENTER_TEXT"}]}
COMMAND: POST /session/e0f9f5aee1597ce8ab84fc4949c39ac3/execute/async - {"script":"<script> [1562 bytes]","args":[{"selector":{"id":"application-managepartners-display-component---NewPartner--addressDetailDetailsLanguage","interaction":{"idSuffix":"inner"}},"wdio_ui5_key":"applicationmanagepartners-display-component---NewPartner--addressDetailDetailsLanguage"}]}
RESULT: {"script":"<script> [1562 bytes]","args":[{"selector":{"id":"application-managepartners-display-component---NewPartner--addressDetailDetailsLanguage","interaction":{"idSuffix":"inner"}},"wdio_ui5_key":"applicationmanagepartners-display-component---NewPartner--addressDetailDetailsLanguage"}]}
RESULT: undefined
COMMAND: POST /session/e0f9f5aee1597ce8ab84fc4949c39ac3/execute/async - {"script":"<script> [776 bytes]","args":[{"enterText":"Romanian","selector":{"id":"application-managepartners-display-component---NewPartner--addressDetailDetailsLanguage","interaction":{"idSuffix":"inner"}},"clearTextFirst":true,"interactionType":"ENTER_TEXT"}]}
RESULT: {"script":"<script> [776 bytes]","args":[{"enterText":"Romanian","selector":{"id":"application-managepartners-display-component---NewPartner--addressDetailDetailsLanguage","interaction":{"idSuffix":"inner"}},"clearTextFirst":true,"interactionType":"ENTER_TEXT"}]}
COMMAND: POST /session/e0f9f5aee1597ce8ab84fc4949c39ac3/element - {"using":"xpath","value":"//input[contains(@id ,\"application-managepartners-display-component---NewPartner--addressDetailDetailsName1-inner\")]"}
RESULT: {"using":"xpath","value":"//input[contains(@id ,\"application-managepartners-display-component---NewPartner--addressDetailDetailsName1-inner\")]"}
COMMAND: GET /session/e0f9f5aee1597ce8ab84fc4949c39ac3/element/f.16219B07342047CC16B1B6C41B76C932.d.6FA29B592B5A08FC0696E3EDD9ED07BE.e.1464/property/value - {}
RESULT: {}
COMMAND: POST /session/e0f9f5aee1597ce8ab84fc4949c39ac3/execute/async - {"script":"<script> [1562 bytes]","args":[{"selector":{"id":"application-managepartners-display-component---NewPartner--addressDetailDetailsCity1","interaction":{"idSuffix":"inner"}},"wdio_ui5_key":"applicationmanagepartners-display-component---NewPartner--addressDetailDetailsCity1"}]}
COMMAND: GET /session/e0f9f5aee1597ce8ab84fc4949c39ac3/screenshot - {}
RESULT: {"script":"<script> [1562 bytes]","args":[{"selector":{"id":"application-managepartners-display-component---NewPartner--addressDetailDetailsCity1","interaction":{"idSuffix":"inner"}},"wdio_ui5_key":"applicationmanagepartners-display-component---NewPartner--addressDetailDetailsCity1"}]}
RESULT: undefined
COMMAND: POST /session/e0f9f5aee1597ce8ab84fc4949c39ac3/execute/async - {"script":"<script> [776 bytes]","args":[{"enterText":"Bucharest","selector":{"id":"application-managepartners-display-component---NewPartner--addressDetailDetailsCity1","interaction":{"idSuffix":"inner"}},"clearTextFirst":true,"interactionType":"ENTER_TEXT"}]}
RESULT: {}
RESULT: {"script":"<script> [776 bytes]","args":[{"enterText":"Bucharest","selector":{"id":"application-managepartners-display-component---NewPartner--addressDetailDetailsCity1","interaction":{"idSuffix":"inner"}},"clearTextFirst":true,"interactionType":"ENTER_TEXT"}]}
COMMAND: POST /session/e0f9f5aee1597ce8ab84fc4949c39ac3/execute/async - {"script":"<script> [1562 bytes]","args":[{"selector":{"id":"application-managepartners-display-component---NewPartner--addressDetailDetailsCountry","interaction":{"idSuffix":"inner"}},"wdio_ui5_key":"applicationmanagepartners-display-component---NewPartner--addressDetailDetailsCountry"}]}
RESULT: {"script":"<script> [1562 bytes]","args":[{"selector":{"id":"application-managepartners-display-component---NewPartner--addressDetailDetailsCountry","interaction":{"idSuffix":"inner"}},"wdio_ui5_key":"applicationmanagepartners-display-component---NewPartner--addressDetailDetailsCountry"}]}
RESULT: undefined
COMMAND: POST /session/e0f9f5aee1597ce8ab84fc4949c39ac3/execute/async - {"script":"<script> [6424 bytes]","args":[{"element-6066-11e4-a52e-4f735466cecf":"f.16219B07342047CC16B1B6C41B76C932.d.6FA29B592B5A08FC0696E3EDD9ED07BE.e.1471"},"setValue",["Romania"]]}
RESULT: {"script":"<script> [6424 bytes]","args":[{"element-6066-11e4-a52e-4f735466cecf":"f.16219B07342047CC16B1B6C41B76C932.d.6FA29B592B5A08FC0696E3EDD9ED07BE.e.1471"},"setValue",["Romania"]]}
COMMAND: POST /session/e0f9f5aee1597ce8ab84fc4949c39ac3/execute/async - {"script":"<script> [1562 bytes]","args":[{"selector":{"id":"application-managepartners-display-component---NewPartner--partnerDetailInternal","interaction":{"idSuffix":"inner"}},"wdio_ui5_key":"applicationmanagepartners-display-component---NewPartner--partnerDetailInternal"}]}
RESULT: {"script":"<script> [1562 bytes]","args":[{"selector":{"id":"application-managepartners-display-component---NewPartner--partnerDetailInternal","interaction":{"idSuffix":"inner"}},"wdio_ui5_key":"applicationmanagepartners-display-component---NewPartner--partnerDetailInternal"}]}
RESULT: undefined
COMMAND: POST /session/e0f9f5aee1597ce8ab84fc4949c39ac3/execute/async - {"script":"<script> [776 bytes]","args":[{"enterText":"External partner","selector":{"id":"application-managepartners-display-component---NewPartner--partnerDetailInternal","interaction":{"idSuffix":"inner"}},"clearTextFirst":true,"interactionType":"ENTER_TEXT"}]}
RESULT: {"script":"<script> [776 bytes]","args":[{"enterText":"External partner","selector":{"id":"application-managepartners-display-component---NewPartner--partnerDetailInternal","interaction":{"idSuffix":"inner"}},"clearTextFirst":true,"interactionType":"ENTER_TEXT"}]}
COMMAND: POST /session/e0f9f5aee1597ce8ab84fc4949c39ac3/execute/async - {"script":"<script> [1562 bytes]","args":[{"selector":{"id":"application-managepartners-display-component---NewPartner--partnerDetailsCurrency","interaction":{"idSuffix":"inner"}},"wdio_ui5_key":"applicationmanagepartners-display-component---NewPartner--partnerDetailsCurrency"}]}
RESULT: {"script":"<script> [1562 bytes]","args":[{"selector":{"id":"application-managepartners-display-component---NewPartner--partnerDetailsCurrency","interaction":{"idSuffix":"inner"}},"wdio_ui5_key":"applicationmanagepartners-display-component---NewPartner--partnerDetailsCurrency"}]}
RESULT: undefined
COMMAND: POST /session/e0f9f5aee1597ce8ab84fc4949c39ac3/execute/async - {"script":"<script> [776 bytes]","args":[{"enterText":"Euro","selector":{"id":"application-managepartners-display-component---NewPartner--partnerDetailsCurrency","interaction":{"idSuffix":"inner"}},"clearTextFirst":true,"interactionType":"ENTER_TEXT"}]}
RESULT: {"script":"<script> [776 bytes]","args":[{"enterText":"Euro","selector":{"id":"application-managepartners-display-component---NewPartner--partnerDetailsCurrency","interaction":{"idSuffix":"inner"}},"clearTextFirst":true,"interactionType":"ENTER_TEXT"}]}
COMMAND: POST /session/e0f9f5aee1597ce8ab84fc4949c39ac3/execute/async - {"script":"<script> [1562 bytes]","args":[{"selector":{"controlType":"sap.m.Button","viewName":"etm.portal.ui.managepartners.view.NewPartner","viewId":"application-managepartners-display-component---NewPartner","properties":{"text":"Commercial"},"interaction":{"idSuffix":"BDI-content"}},"wdio_ui5_key":"etmportal.ui.managepartners.view.NewPartnersap.m.Button{\"text\":\"Commercial\"}"}]}
RESULT: {"script":"<script> [1562 bytes]","args":[{"selector":{"controlType":"sap.m.Button","viewName":"etm.portal.ui.managepartners.view.NewPartner","viewId":"application-managepartners-display-component---NewPartner","properties":{"text":"Commercial"},"interaction":{"idSuffix":"BDI-content"}},"wdio_ui5_key":"etmportal.ui.managepartners.view.NewPartnersap.m.Button{\"text\":\"Commercial\"}"}]}
RESULT: undefined
COMMAND: POST /session/e0f9f5aee1597ce8ab84fc4949c39ac3/element - {"using":"xpath","value":"//*[@id=\"application-managepartners-display-component---NewPartner--ObjectPageLayout-anchBar-__section5-anchor\"]"}
RESULT: {"using":"xpath","value":"//*[@id=\"application-managepartners-display-component---NewPartner--ObjectPageLayout-anchBar-__section5-anchor\"]"}
COMMAND: POST /session/e0f9f5aee1597ce8ab84fc4949c39ac3/element/f.16219B07342047CC16B1B6C41B76C932.d.6FA29B592B5A08FC0696E3EDD9ED07BE.e.1676/click - {}
RESULT: {}
COMMAND: GET /session/e0f9f5aee1597ce8ab84fc4949c39ac3/screenshot - {}
RESULT: {}
COMMAND: POST /session/e0f9f5aee1597ce8ab84fc4949c39ac3/execute/async - {"script":"<script> [1562 bytes]","args":[{"selector":{"id":"application-managepartners-display-component---NewPartner--btnAddTableRow-img"},"wdio_ui5_key":"applicationmanagepartners-display-component---NewPartner--btnAddTableRow-img"}]}
RESULT: {"script":"<script> [1562 bytes]","args":[{"selector":{"id":"application-managepartners-display-component---NewPartner--btnAddTableRow-img"},"wdio_ui5_key":"applicationmanagepartners-display-component---NewPartner--btnAddTableRow-img"}]}
RESULT: undefined
COMMAND: POST /session/e0f9f5aee1597ce8ab84fc4949c39ac3/element - {"using":"xpath","value":"//*[@id=\"application-managepartners-display-component---NewPartner--btnAddTableRow-img\"]"}
RESULT: {"using":"xpath","value":"//*[@id=\"application-managepartners-display-component---NewPartner--btnAddTableRow-img\"]"}
COMMAND: POST /session/e0f9f5aee1597ce8ab84fc4949c39ac3/element/f.16219B07342047CC16B1B6C41B76C932.d.6FA29B592B5A08FC0696E3EDD9ED07BE.e.1682/click - {}
RESULT: {}
COMMAND: POST /session/e0f9f5aee1597ce8ab84fc4949c39ac3/element - {"using":"xpath","value":"//input[contains(@id ,\"application-managepartners-display-component---NewPartner--assignmentYard-application-managepartners-display-component---NewPartner\")]"}
COMMAND: GET /session/e0f9f5aee1597ce8ab84fc4949c39ac3/screenshot - {}
RESULT: {"using":"xpath","value":"//input[contains(@id ,\"application-managepartners-display-component---NewPartner--assignmentYard-application-managepartners-display-component---NewPartner\")]"}
COMMAND: POST /session/e0f9f5aee1597ce8ab84fc4949c39ac3/element/f.16219B07342047CC16B1B6C41B76C932.d.6FA29B592B5A08FC0696E3EDD9ED07BE.e.1686/clear - {}
RESULT: {}
RESULT: {}
COMMAND: POST /session/e0f9f5aee1597ce8ab84fc4949c39ac3/element/f.16219B07342047CC16B1B6C41B76C932.d.6FA29B592B5A08FC0696E3EDD9ED07BE.e.1686/value - {"text":"690"}
COMMAND: GET /session/e0f9f5aee1597ce8ab84fc4949c39ac3/screenshot - {}
RESULT: {"text":"690"}
COMMAND: GET /session/e0f9f5aee1597ce8ab84fc4949c39ac3/screenshot - {}
RESULT: {}
RESULT: {}
COMMAND: POST /session/e0f9f5aee1597ce8ab84fc4949c39ac3/execute/async - {"script":"<script> [1562 bytes]","args":[{"selector":{"controlType":"sap.m.Button","viewName":"etm.portal.ui.managepartners.view.NewPartner","viewId":"application-managepartners-display-component---NewPartner","i18NText":{"propertyName":"text","key":"save"},"interaction":{"idSuffix":"BDI-content"}},"wdio_ui5_key":"etmportal.ui.managepartners.view.NewPartnersap.m.Button{\"propertyName\":\"text\",\"key\":\"save\"}"}]}
RESULT: {"script":"<script> [1562 bytes]","args":[{"selector":{"controlType":"sap.m.Button","viewName":"etm.portal.ui.managepartners.view.NewPartner","viewId":"application-managepartners-display-component---NewPartner","i18NText":{"propertyName":"text","key":"save"},"interaction":{"idSuffix":"BDI-content"}},"wdio_ui5_key":"etmportal.ui.managepartners.view.NewPartnersap.m.Button{\"propertyName\":\"text\",\"key\":\"save\"}"}]}
RESULT: undefined
COMMAND: POST /session/e0f9f5aee1597ce8ab84fc4949c39ac3/element - {"using":"xpath","value":"//*[@id=\"__button12\"]"}
RESULT: {"using":"xpath","value":"//*[@id=\"__button12\"]"}
COMMAND: POST /session/e0f9f5aee1597ce8ab84fc4949c39ac3/element/f.16219B07342047CC16B1B6C41B76C932.d.6FA29B592B5A08FC0696E3EDD9ED07BE.e.1615/click - {}
RESULT: {}
COMMAND: GET /session/e0f9f5aee1597ce8ab84fc4949c39ac3/screenshot - {}
RESULT: {}
COMMAND: POST /session/e0f9f5aee1597ce8ab84fc4949c39ac3/element - {"using":"xpath","value":"//header/div/div[2]/div[2]/span"}
RESULT: {"using":"xpath","value":"//header/div/div[2]/div[2]/span"}
COMMAND: GET /session/e0f9f5aee1597ce8ab84fc4949c39ac3/element/f.16219B07342047CC16B1B6C41B76C932.d.6FA29B592B5A08FC0696E3EDD9ED07BE.e.1858/text - {}
RESULT: {}
COMMAND: POST /session/e0f9f5aee1597ce8ab84fc4949c39ac3/element - {"using":"xpath","value":"//header/div/div/div/div/div/div[2]/div/span"}
RESULT: {"using":"xpath","value":"//header/div/div/div/div/div/div[2]/div/span"}
COMMAND: GET /session/e0f9f5aee1597ce8ab84fc4949c39ac3/element/f.16219B07342047CC16B1B6C41B76C932.d.6FA29B592B5A08FC0696E3EDD9ED07BE.e.1859/text - {}
RESULT: {}
COMMAND: POST /session/e0f9f5aee1597ce8ab84fc4949c39ac3/execute/async - {"script":"<script> [1562 bytes]","args":[{"selector":{"id":"application-managepartners-display-component---detailPtm--partnerType"},"wdio_ui5_key":"applicationmanagepartners-display-component---detailPtm--partnerType"}]}
RESULT: {"script":"<script> [1562 bytes]","args":[{"selector":{"id":"application-managepartners-display-component---detailPtm--partnerType"},"wdio_ui5_key":"applicationmanagepartners-display-component---detailPtm--partnerType"}]}
RESULT: undefined
COMMAND: POST /session/e0f9f5aee1597ce8ab84fc4949c39ac3/execute/async - {"script":"<script> [6424 bytes]","args":[{"element-6066-11e4-a52e-4f735466cecf":"f.16219B07342047CC16B1B6C41B76C932.d.6FA29B592B5A08FC0696E3EDD9ED07BE.e.1860"},"getText",[]]}
RESULT: {"script":"<script> [6424 bytes]","args":[{"element-6066-11e4-a52e-4f735466cecf":"f.16219B07342047CC16B1B6C41B76C932.d.6FA29B592B5A08FC0696E3EDD9ED07BE.e.1860"},"getText",[]]}
COMMAND: POST /session/e0f9f5aee1597ce8ab84fc4949c39ac3/element - {"using":"css selector","value":"#shell-header-logo"}
RESULT: {"using":"css selector","value":"#shell-header-logo"}
COMMAND: POST /session/e0f9f5aee1597ce8ab84fc4949c39ac3/element/f.16219B07342047CC16B1B6C41B76C932.d.6FA29B592B5A08FC0696E3EDD9ED07BE.e.1203/click - {}
RESULT: {}
COMMAND: GET /session/e0f9f5aee1597ce8ab84fc4949c39ac3/screenshot - {}
RESULT: {}
]]></system-out>
    </testcase>
    <testcase classname="chrome.136_0_7103_49.windows.Manage_Requests_Tags_Tests_US120163" name="Should create a new site" time="95.702">
      <system-out><![CDATA[
COMMAND: POST /session/e0f9f5aee1597ce8ab84fc4949c39ac3/execute/async - {"script":"<script> [1562 bytes]","args":[{"selector":{"controlType":"sap.m.GenericTile","properties":{"header":"Manage Sites"}},"wdio_ui5_key":"sapm.GenericTile{\"header\":\"Manage Sites\"}"}]}
RESULT: {"script":"<script> [1562 bytes]","args":[{"selector":{"controlType":"sap.m.GenericTile","properties":{"header":"Manage Sites"}},"wdio_ui5_key":"sapm.GenericTile{\"header\":\"Manage Sites\"}"}]}
RESULT: undefined
COMMAND: POST /session/e0f9f5aee1597ce8ab84fc4949c39ac3/element - {"using":"xpath","value":"//*[@id=\"__tile40\"]"}
RESULT: {"using":"xpath","value":"//*[@id=\"__tile40\"]"}
COMMAND: POST /session/e0f9f5aee1597ce8ab84fc4949c39ac3/element/f.16219B07342047CC16B1B6C41B76C932.d.6FA29B592B5A08FC0696E3EDD9ED07BE.e.1862/click - {}
RESULT: {}
COMMAND: GET /session/e0f9f5aee1597ce8ab84fc4949c39ac3/screenshot - {}
RESULT: {}
COMMAND: POST /session/e0f9f5aee1597ce8ab84fc4949c39ac3/execute/async - {"script":"<script> [1562 bytes]","args":[{"selector":{"controlType":"sap.ui.core.Icon","viewName":"etm.portal.ui.managesites.view.Master","viewId":"application-managesites-display-component---masterSite","properties":{"src":{"regex":{"source":"add"}}}},"wdio_ui5_key":"etmportal.ui.managesites.view.Mastersap.ui.core.Icon{\"src\":{\"regex\":{\"source\":\"add\"}}}"}]}
RESULT: {"script":"<script> [1562 bytes]","args":[{"selector":{"controlType":"sap.ui.core.Icon","viewName":"etm.portal.ui.managesites.view.Master","viewId":"application-managesites-display-component---masterSite","properties":{"src":{"regex":{"source":"add"}}}},"wdio_ui5_key":"etmportal.ui.managesites.view.Mastersap.ui.core.Icon{\"src\":{\"regex\":{\"source\":\"add\"}}}"}]}
RESULT: undefined
COMMAND: POST /session/e0f9f5aee1597ce8ab84fc4949c39ac3/element - {"using":"xpath","value":"//*[@id=\"__button52-img\"]"}
RESULT: {"using":"xpath","value":"//*[@id=\"__button52-img\"]"}
COMMAND: POST /session/e0f9f5aee1597ce8ab84fc4949c39ac3/element/f.16219B07342047CC16B1B6C41B76C932.d.6FA29B592B5A08FC0696E3EDD9ED07BE.e.1911/click - {}
RESULT: {}
COMMAND: POST /session/e0f9f5aee1597ce8ab84fc4949c39ac3/execute/async - {"script":"<script> [1562 bytes]","args":[{"selector":{"id":"application-managesites-display-component---NewSite--siteId","interaction":{"idSuffix":"inner"}},"wdio_ui5_key":"applicationmanagesites-display-component---NewSite--siteId"}]}
COMMAND: GET /session/e0f9f5aee1597ce8ab84fc4949c39ac3/screenshot - {}
RESULT: {"script":"<script> [1562 bytes]","args":[{"selector":{"id":"application-managesites-display-component---NewSite--siteId","interaction":{"idSuffix":"inner"}},"wdio_ui5_key":"applicationmanagesites-display-component---NewSite--siteId"}]}
RESULT: undefined
COMMAND: POST /session/e0f9f5aee1597ce8ab84fc4949c39ac3/execute/async - {"script":"<script> [1562 bytes]","args":[{"selector":{"id":"application-managesites-display-component---NewSite--addressDetailDetailsName1","interaction":{"idSuffix":"inner"}},"wdio_ui5_key":"applicationmanagesites-display-component---NewSite--addressDetailDetailsName1"}]}
RESULT: {}
RESULT: {"script":"<script> [1562 bytes]","args":[{"selector":{"id":"application-managesites-display-component---NewSite--addressDetailDetailsName1","interaction":{"idSuffix":"inner"}},"wdio_ui5_key":"applicationmanagesites-display-component---NewSite--addressDetailDetailsName1"}]}
RESULT: undefined
COMMAND: POST /session/e0f9f5aee1597ce8ab84fc4949c39ac3/execute/async - {"script":"<script> [776 bytes]","args":[{"enterText":"WebdriverSite1lfj","selector":{"id":"application-managesites-display-component---NewSite--addressDetailDetailsName1","interaction":{"idSuffix":"inner"}},"clearTextFirst":true,"interactionType":"ENTER_TEXT"}]}
RESULT: {"script":"<script> [776 bytes]","args":[{"enterText":"WebdriverSite1lfj","selector":{"id":"application-managesites-display-component---NewSite--addressDetailDetailsName1","interaction":{"idSuffix":"inner"}},"clearTextFirst":true,"interactionType":"ENTER_TEXT"}]}
COMMAND: POST /session/e0f9f5aee1597ce8ab84fc4949c39ac3/execute/async - {"script":"<script> [1562 bytes]","args":[{"selector":{"id":"application-managesites-display-component---NewSite--addressDetailDetailsLanguage","interaction":{"idSuffix":"inner"}},"wdio_ui5_key":"applicationmanagesites-display-component---NewSite--addressDetailDetailsLanguage"}]}
RESULT: {"script":"<script> [1562 bytes]","args":[{"selector":{"id":"application-managesites-display-component---NewSite--addressDetailDetailsLanguage","interaction":{"idSuffix":"inner"}},"wdio_ui5_key":"applicationmanagesites-display-component---NewSite--addressDetailDetailsLanguage"}]}
RESULT: undefined
COMMAND: POST /session/e0f9f5aee1597ce8ab84fc4949c39ac3/execute/async - {"script":"<script> [776 bytes]","args":[{"enterText":"Romanian","selector":{"id":"application-managesites-display-component---NewSite--addressDetailDetailsLanguage","interaction":{"idSuffix":"inner"}},"clearTextFirst":true,"interactionType":"ENTER_TEXT"}]}
RESULT: {"script":"<script> [776 bytes]","args":[{"enterText":"Romanian","selector":{"id":"application-managesites-display-component---NewSite--addressDetailDetailsLanguage","interaction":{"idSuffix":"inner"}},"clearTextFirst":true,"interactionType":"ENTER_TEXT"}]}
COMMAND: POST /session/e0f9f5aee1597ce8ab84fc4949c39ac3/execute/async - {"script":"<script> [1562 bytes]","args":[{"selector":{"id":"application-managesites-display-component---NewSite--addressDetailDetailsCity1","interaction":{"idSuffix":"inner"}},"wdio_ui5_key":"applicationmanagesites-display-component---NewSite--addressDetailDetailsCity1"}]}
RESULT: {"script":"<script> [1562 bytes]","args":[{"selector":{"id":"application-managesites-display-component---NewSite--addressDetailDetailsCity1","interaction":{"idSuffix":"inner"}},"wdio_ui5_key":"applicationmanagesites-display-component---NewSite--addressDetailDetailsCity1"}]}
RESULT: undefined
COMMAND: POST /session/e0f9f5aee1597ce8ab84fc4949c39ac3/execute/async - {"script":"<script> [776 bytes]","args":[{"enterText":"Bucharest","selector":{"id":"application-managesites-display-component---NewSite--addressDetailDetailsCity1","interaction":{"idSuffix":"inner"}},"clearTextFirst":true,"interactionType":"ENTER_TEXT"}]}
RESULT: {"script":"<script> [776 bytes]","args":[{"enterText":"Bucharest","selector":{"id":"application-managesites-display-component---NewSite--addressDetailDetailsCity1","interaction":{"idSuffix":"inner"}},"clearTextFirst":true,"interactionType":"ENTER_TEXT"}]}
COMMAND: POST /session/e0f9f5aee1597ce8ab84fc4949c39ac3/execute/async - {"script":"<script> [1562 bytes]","args":[{"selector":{"id":"application-managesites-display-component---NewSite--addressDetailDetailsCountry","interaction":{"idSuffix":"inner"}},"wdio_ui5_key":"applicationmanagesites-display-component---NewSite--addressDetailDetailsCountry"}]}
RESULT: {"script":"<script> [1562 bytes]","args":[{"selector":{"id":"application-managesites-display-component---NewSite--addressDetailDetailsCountry","interaction":{"idSuffix":"inner"}},"wdio_ui5_key":"applicationmanagesites-display-component---NewSite--addressDetailDetailsCountry"}]}
RESULT: undefined
COMMAND: POST /session/e0f9f5aee1597ce8ab84fc4949c39ac3/execute/async - {"script":"<script> [776 bytes]","args":[{"enterText":"Romania","selector":{"id":"application-managesites-display-component---NewSite--addressDetailDetailsCountry","interaction":{"idSuffix":"inner"}},"clearTextFirst":true,"interactionType":"ENTER_TEXT"}]}
RESULT: {"script":"<script> [776 bytes]","args":[{"enterText":"Romania","selector":{"id":"application-managesites-display-component---NewSite--addressDetailDetailsCountry","interaction":{"idSuffix":"inner"}},"clearTextFirst":true,"interactionType":"ENTER_TEXT"}]}
COMMAND: POST /session/e0f9f5aee1597ce8ab84fc4949c39ac3/element - {"using":"css selector","value":"#application-managesites-display-component---NewSite--addressDetailDetailsCalendar-inner"}
RESULT: {"using":"css selector","value":"#application-managesites-display-component---NewSite--addressDetailDetailsCalendar-inner"}
COMMAND: POST /session/e0f9f5aee1597ce8ab84fc4949c39ac3/element/f.16219B07342047CC16B1B6C41B76C932.d.6FA29B592B5A08FC0696E3EDD9ED07BE.e.2335/clear - {}
RESULT: {}
COMMAND: POST /session/e0f9f5aee1597ce8ab84fc4949c39ac3/element/f.16219B07342047CC16B1B6C41B76C932.d.6FA29B592B5A08FC0696E3EDD9ED07BE.e.2335/value - {"text":"Germany"}
COMMAND: GET /session/e0f9f5aee1597ce8ab84fc4949c39ac3/screenshot - {}
RESULT: {"text":"Germany"}
COMMAND: POST /session/e0f9f5aee1597ce8ab84fc4949c39ac3/execute/async - {"script":"<script> [1562 bytes]","args":[{"selector":{"id":"application-managesites-display-component---NewSite--addressEditDetailsCostObjectCstType-arrow"},"wdio_ui5_key":"applicationmanagesites-display-component---NewSite--addressEditDetailsCostObjectCstType-arrow"}]}
COMMAND: GET /session/e0f9f5aee1597ce8ab84fc4949c39ac3/screenshot - {}
RESULT: {}
RESULT: {"script":"<script> [1562 bytes]","args":[{"selector":{"id":"application-managesites-display-component---NewSite--addressEditDetailsCostObjectCstType-arrow"},"wdio_ui5_key":"applicationmanagesites-display-component---NewSite--addressEditDetailsCostObjectCstType-arrow"}]}
RESULT: undefined
COMMAND: POST /session/e0f9f5aee1597ce8ab84fc4949c39ac3/element - {"using":"xpath","value":"//*[@id=\"application-managesites-display-component---NewSite--addressEditDetailsCostObjectCstType-arrow\"]"}
RESULT: {}
RESULT: {"using":"xpath","value":"//*[@id=\"application-managesites-display-component---NewSite--addressEditDetailsCostObjectCstType-arrow\"]"}
COMMAND: POST /session/e0f9f5aee1597ce8ab84fc4949c39ac3/element/f.16219B07342047CC16B1B6C41B76C932.d.6FA29B592B5A08FC0696E3EDD9ED07BE.e.2489/click - {}
RESULT: {}
COMMAND: POST /session/e0f9f5aee1597ce8ab84fc4949c39ac3/element - {"using":"xpath","value":"//span[contains(text(), \"Work Breakdown Structure\")]"}
COMMAND: GET /session/e0f9f5aee1597ce8ab84fc4949c39ac3/screenshot - {}
RESULT: {"using":"xpath","value":"//span[contains(text(), \"Work Breakdown Structure\")]"}
COMMAND: POST /session/e0f9f5aee1597ce8ab84fc4949c39ac3/element/f.16219B07342047CC16B1B6C41B76C932.d.6FA29B592B5A08FC0696E3EDD9ED07BE.e.2490/click - {}
RESULT: {}
RESULT: {}
COMMAND: GET /session/e0f9f5aee1597ce8ab84fc4949c39ac3/screenshot - {}
RESULT: {}
COMMAND: POST /session/e0f9f5aee1597ce8ab84fc4949c39ac3/execute/async - {"script":"<script> [1562 bytes]","args":[{"selector":{"id":"application-managesites-display-component---NewSite--addressNewCostObjectCstID-vhi"},"wdio_ui5_key":"applicationmanagesites-display-component---NewSite--addressNewCostObjectCstID-vhi"}]}
RESULT: {"script":"<script> [1562 bytes]","args":[{"selector":{"id":"application-managesites-display-component---NewSite--addressNewCostObjectCstID-vhi"},"wdio_ui5_key":"applicationmanagesites-display-component---NewSite--addressNewCostObjectCstID-vhi"}]}
RESULT: undefined
COMMAND: POST /session/e0f9f5aee1597ce8ab84fc4949c39ac3/element - {"using":"xpath","value":"//*[@id=\"application-managesites-display-component---NewSite--addressNewCostObjectCstID-vhi\"]"}
RESULT: {"using":"xpath","value":"//*[@id=\"application-managesites-display-component---NewSite--addressNewCostObjectCstID-vhi\"]"}
COMMAND: POST /session/e0f9f5aee1597ce8ab84fc4949c39ac3/element/f.16219B07342047CC16B1B6C41B76C932.d.6FA29B592B5A08FC0696E3EDD9ED07BE.e.2495/click - {}
RESULT: {}
COMMAND: GET /session/e0f9f5aee1597ce8ab84fc4949c39ac3/screenshot - {}
RESULT: {}
COMMAND: POST /session/e0f9f5aee1597ce8ab84fc4949c39ac3/execute/async - {"script":"<script> [1562 bytes]","args":[{"selector":{"controlType":"sap.m.SearchField","properties":{"placeholder":"Search"},"searchOpenDialogs":true,"interaction":{"idSuffix":"I"}},"wdio_ui5_key":"sapm.SearchField{\"placeholder\":\"Search\"}"}]}
RESULT: {"script":"<script> [1562 bytes]","args":[{"selector":{"controlType":"sap.m.SearchField","properties":{"placeholder":"Search"},"searchOpenDialogs":true,"interaction":{"idSuffix":"I"}},"wdio_ui5_key":"sapm.SearchField{\"placeholder\":\"Search\"}"}]}
RESULT: undefined
COMMAND: POST /session/e0f9f5aee1597ce8ab84fc4949c39ac3/execute/async - {"script":"<script> [776 bytes]","args":[{"enterText":"A1-000100-01","selector":{"controlType":"sap.m.SearchField","properties":{"placeholder":"Search"},"searchOpenDialogs":true,"interaction":{"idSuffix":"I"}},"clearTextFirst":true,"interactionType":"ENTER_TEXT"}]}
RESULT: {"script":"<script> [776 bytes]","args":[{"enterText":"A1-000100-01","selector":{"controlType":"sap.m.SearchField","properties":{"placeholder":"Search"},"searchOpenDialogs":true,"interaction":{"idSuffix":"I"}},"clearTextFirst":true,"interactionType":"ENTER_TEXT"}]}
COMMAND: POST /session/e0f9f5aee1597ce8ab84fc4949c39ac3/actions - {"actions":[{"id":"action3","type":"key","parameters":{},"actions":[{"type":"keyDown","value":"î€‡"},{"type":"pause","duration":10},{"type":"keyUp","value":"î€‡"}]}]}
RESULT: {"actions":[{"id":"action3","type":"key","parameters":{},"actions":[{"type":"keyDown","value":"î€‡"},{"type":"pause","duration":10},{"type":"keyUp","value":"î€‡"}]}]}
COMMAND: GET /session/e0f9f5aee1597ce8ab84fc4949c39ac3/screenshot - {}
RESULT: {}
COMMAND: POST /session/e0f9f5aee1597ce8ab84fc4949c39ac3/element - {"using":"xpath","value":"//span[contains(text(), \"Template for ETO-Process\")]"}
RESULT: {"using":"xpath","value":"//span[contains(text(), \"Template for ETO-Process\")]"}
COMMAND: POST /session/e0f9f5aee1597ce8ab84fc4949c39ac3/element/f.16219B07342047CC16B1B6C41B76C932.d.6FA29B592B5A08FC0696E3EDD9ED07BE.e.2514/click - {}
RESULT: {}
COMMAND: GET /session/e0f9f5aee1597ce8ab84fc4949c39ac3/screenshot - {}
RESULT: {}
COMMAND: POST /session/e0f9f5aee1597ce8ab84fc4949c39ac3/element - {"using":"xpath","value":"//bdi[contains(text(), \"OK\")]"}
RESULT: {"using":"xpath","value":"//bdi[contains(text(), \"OK\")]"}
COMMAND: POST /session/e0f9f5aee1597ce8ab84fc4949c39ac3/element/f.16219B07342047CC16B1B6C41B76C932.d.6FA29B592B5A08FC0696E3EDD9ED07BE.e.2515/click - {}
RESULT: {}
COMMAND: GET /session/e0f9f5aee1597ce8ab84fc4949c39ac3/screenshot - {}
RESULT: {}
COMMAND: POST /session/e0f9f5aee1597ce8ab84fc4949c39ac3/element - {"using":"xpath","value":"//input[@id=\"application-managesites-display-component---NewSite--addressDetailDetailsYard-inner\"]"}
RESULT: {"using":"xpath","value":"//input[@id=\"application-managesites-display-component---NewSite--addressDetailDetailsYard-inner\"]"}
COMMAND: POST /session/e0f9f5aee1597ce8ab84fc4949c39ac3/element/f.16219B07342047CC16B1B6C41B76C932.d.6FA29B592B5A08FC0696E3EDD9ED07BE.e.2336/value - {"text":"690"}
RESULT: {"text":"690"}
COMMAND: GET /session/e0f9f5aee1597ce8ab84fc4949c39ac3/screenshot - {}
RESULT: {}
COMMAND: POST /session/e0f9f5aee1597ce8ab84fc4949c39ac3/actions - {"actions":[{"id":"action4","type":"key","parameters":{},"actions":[{"type":"keyDown","value":"î€‡"},{"type":"pause","duration":10},{"type":"keyUp","value":"î€‡"}]}]}
RESULT: {"actions":[{"id":"action4","type":"key","parameters":{},"actions":[{"type":"keyDown","value":"î€‡"},{"type":"pause","duration":10},{"type":"keyUp","value":"î€‡"}]}]}
COMMAND: GET /session/e0f9f5aee1597ce8ab84fc4949c39ac3/screenshot - {}
RESULT: {}
COMMAND: POST /session/e0f9f5aee1597ce8ab84fc4949c39ac3/element - {"using":"xpath","value":"//input[@id=\"application-managesites-display-component---NewSite--addressDetailDetailsPartner-inner\"]"}
RESULT: {"using":"xpath","value":"//input[@id=\"application-managesites-display-component---NewSite--addressDetailDetailsPartner-inner\"]"}
COMMAND: POST /session/e0f9f5aee1597ce8ab84fc4949c39ac3/elements - {"using":"xpath","value":"//input[@id=\"application-managesites-display-component---NewSite--addressDetailDetailsPartner-inner\"]"}
RESULT: {"using":"xpath","value":"//input[@id=\"application-managesites-display-component---NewSite--addressDetailDetailsPartner-inner\"]"}
COMMAND: POST /session/e0f9f5aee1597ce8ab84fc4949c39ac3/execute/async - {"script":"<script> [1562 bytes]","args":[{"selector":{"controlType":"sap.m.Button","viewName":"etm.portal.ui.managesites.view.NewSmartSite","viewId":"application-managesites-display-component---NewSite","properties":{"text":"Commercial"},"interaction":{"idSuffix":"BDI-content"}},"wdio_ui5_key":"etmportal.ui.managesites.view.NewSmartSitesap.m.Button{\"text\":\"Commercial\"}"}]}
RESULT: {"script":"<script> [1562 bytes]","args":[{"selector":{"controlType":"sap.m.Button","viewName":"etm.portal.ui.managesites.view.NewSmartSite","viewId":"application-managesites-display-component---NewSite","properties":{"text":"Commercial"},"interaction":{"idSuffix":"BDI-content"}},"wdio_ui5_key":"etmportal.ui.managesites.view.NewSmartSitesap.m.Button{\"text\":\"Commercial\"}"}]}
RESULT: undefined
COMMAND: POST /session/e0f9f5aee1597ce8ab84fc4949c39ac3/element - {"using":"xpath","value":"//*[@id=\"application-managesites-display-component---NewSite--ObjectPageLayout-anchBar-__section31-anchor\"]"}
RESULT: {"using":"xpath","value":"//*[@id=\"application-managesites-display-component---NewSite--ObjectPageLayout-anchBar-__section31-anchor\"]"}
COMMAND: POST /session/e0f9f5aee1597ce8ab84fc4949c39ac3/element/f.16219B07342047CC16B1B6C41B76C932.d.6FA29B592B5A08FC0696E3EDD9ED07BE.e.2522/click - {}
RESULT: {}
COMMAND: POST /session/e0f9f5aee1597ce8ab84fc4949c39ac3/execute/async - {"script":"<script> [1562 bytes]","args":[{"selector":{"controlType":"sap.m.Button","viewName":"etm.portal.ui.managesites.view.NewSmartSite","viewId":"application-managesites-display-component---NewSite","i18NText":{"propertyName":"text","key":"save"},"interaction":{"idSuffix":"BDI-content"}},"wdio_ui5_key":"etmportal.ui.managesites.view.NewSmartSitesap.m.Button{\"propertyName\":\"text\",\"key\":\"save\"}"}]}
COMMAND: GET /session/e0f9f5aee1597ce8ab84fc4949c39ac3/screenshot - {}
RESULT: {"script":"<script> [1562 bytes]","args":[{"selector":{"controlType":"sap.m.Button","viewName":"etm.portal.ui.managesites.view.NewSmartSite","viewId":"application-managesites-display-component---NewSite","i18NText":{"propertyName":"text","key":"save"},"interaction":{"idSuffix":"BDI-content"}},"wdio_ui5_key":"etmportal.ui.managesites.view.NewSmartSitesap.m.Button{\"propertyName\":\"text\",\"key\":\"save\"}"}]}
RESULT: undefined
COMMAND: POST /session/e0f9f5aee1597ce8ab84fc4949c39ac3/element - {"using":"xpath","value":"//*[@id=\"__button64\"]"}
RESULT: {}
RESULT: {"using":"xpath","value":"//*[@id=\"__button64\"]"}
COMMAND: POST /session/e0f9f5aee1597ce8ab84fc4949c39ac3/element/f.16219B07342047CC16B1B6C41B76C932.d.6FA29B592B5A08FC0696E3EDD9ED07BE.e.2468/click - {}
RESULT: {}
COMMAND: GET /session/e0f9f5aee1597ce8ab84fc4949c39ac3/screenshot - {}
RESULT: {}
COMMAND: POST /session/e0f9f5aee1597ce8ab84fc4949c39ac3/execute/async - {"script":"<script> [1562 bytes]","args":[{"selector":{"id":"application-managesites-display-component---detailSite--addressDetailDetailsYardText"},"wdio_ui5_key":"applicationmanagesites-display-component---detailSite--addressDetailDetailsYardText"}]}
RESULT: {"script":"<script> [1562 bytes]","args":[{"selector":{"id":"application-managesites-display-component---detailSite--addressDetailDetailsYardText"},"wdio_ui5_key":"applicationmanagesites-display-component---detailSite--addressDetailDetailsYardText"}]}
RESULT: undefined
COMMAND: POST /session/e0f9f5aee1597ce8ab84fc4949c39ac3/element - {"using":"xpath","value":"//header/div/div[2]/div[2]/span"}
RESULT: {"using":"xpath","value":"//header/div/div[2]/div[2]/span"}
COMMAND: GET /session/e0f9f5aee1597ce8ab84fc4949c39ac3/element/f.16219B07342047CC16B1B6C41B76C932.d.6FA29B592B5A08FC0696E3EDD9ED07BE.e.2728/text - {}
RESULT: {}
COMMAND: POST /session/e0f9f5aee1597ce8ab84fc4949c39ac3/element - {"using":"xpath","value":"//header/div/div/div/div/div/div[2]/div/span"}
RESULT: {"using":"xpath","value":"//header/div/div/div/div/div/div[2]/div/span"}
COMMAND: GET /session/e0f9f5aee1597ce8ab84fc4949c39ac3/element/f.16219B07342047CC16B1B6C41B76C932.d.6FA29B592B5A08FC0696E3EDD9ED07BE.e.2729/text - {}
RESULT: {}
COMMAND: POST /session/e0f9f5aee1597ce8ab84fc4949c39ac3/element - {"using":"css selector","value":"#shell-header-logo"}
RESULT: {"using":"css selector","value":"#shell-header-logo"}
COMMAND: POST /session/e0f9f5aee1597ce8ab84fc4949c39ac3/element/f.16219B07342047CC16B1B6C41B76C932.d.6FA29B592B5A08FC0696E3EDD9ED07BE.e.1867/click - {}
RESULT: {}
COMMAND: GET /session/e0f9f5aee1597ce8ab84fc4949c39ac3/screenshot - {}
RESULT: {}
]]></system-out>
    </testcase>
    <testcase classname="chrome.136_0_7103_49.windows.Manage_Requests_Tags_Tests_US120163" name="Should Create New Request Tags" time="217.779">
      <system-out><![CDATA[
COMMAND: POST /session/e0f9f5aee1597ce8ab84fc4949c39ac3/execute/async - {"script":"<script> [1562 bytes]","args":[{"selector":{"controlType":"sap.m.GenericTile","properties":{"header":"Manage Requests"}},"wdio_ui5_key":"sapm.GenericTile{\"header\":\"Manage Requests\"}"}]}
RESULT: {"script":"<script> [1562 bytes]","args":[{"selector":{"controlType":"sap.m.GenericTile","properties":{"header":"Manage Requests"}},"wdio_ui5_key":"sapm.GenericTile{\"header\":\"Manage Requests\"}"}]}
RESULT: undefined
COMMAND: POST /session/e0f9f5aee1597ce8ab84fc4949c39ac3/element - {"using":"xpath","value":"//*[@id=\"__tile47\"]"}
RESULT: {"using":"xpath","value":"//*[@id=\"__tile47\"]"}
COMMAND: POST /session/e0f9f5aee1597ce8ab84fc4949c39ac3/element/f.16219B07342047CC16B1B6C41B76C932.d.6FA29B592B5A08FC0696E3EDD9ED07BE.e.2731/click - {}
RESULT: {}
COMMAND: GET /session/e0f9f5aee1597ce8ab84fc4949c39ac3/screenshot - {}
RESULT: {}
COMMAND: POST /session/e0f9f5aee1597ce8ab84fc4949c39ac3/element - {"using":"xpath","value":"//button[contains(@data-kt ,\"btnCreateNewOverflowToolbarButton\")]"}
COMMAND: POST /session/e0f9f5aee1597ce8ab84fc4949c39ac3/element - {"using":"xpath","value":"(//span[contains(@class ,\"sapMObjStatusText\")])[1]"}
RESULT: {"using":"xpath","value":"//button[contains(@data-kt ,\"btnCreateNewOverflowToolbarButton\")]"}
COMMAND: POST /session/e0f9f5aee1597ce8ab84fc4949c39ac3/element/f.16219B07342047CC16B1B6C41B76C932.d.6FA29B592B5A08FC0696E3EDD9ED07BE.e.2770/click - {}
RESULT: {"using":"xpath","value":"(//span[contains(@class ,\"sapMObjStatusText\")])[1]"}
COMMAND: POST /session/e0f9f5aee1597ce8ab84fc4949c39ac3/element - {"using":"xpath","value":"(//span[contains(@class ,\"sapMObjStatusText\")])[1]"}
RESULT: {}
COMMAND: GET /session/e0f9f5aee1597ce8ab84fc4949c39ac3/screenshot - {}
RESULT: {"using":"xpath","value":"(//span[contains(@class ,\"sapMObjStatusText\")])[1]"}
COMMAND: POST /session/e0f9f5aee1597ce8ab84fc4949c39ac3/element - {"using":"xpath","value":"(//span[contains(@class ,\"sapMObjStatusText\")])[1]"}
RESULT: {}
RESULT: {"using":"xpath","value":"(//span[contains(@class ,\"sapMObjStatusText\")])[1]"}
COMMAND: POST /session/e0f9f5aee1597ce8ab84fc4949c39ac3/execute/sync - {"script":"<script> [8489 bytes]","args":[{"element-6066-11e4-a52e-4f735466cecf":"f.16219B07342047CC16B1B6C41B76C932.d.6FA29B592B5A08FC0696E3EDD9ED07BE.e.2832","ELEMENT":"f.16219B07342047CC16B1B6C41B76C932.d.6FA29B592B5A08FC0696E3EDD9ED07BE.e.2832"}]}
RESULT: {"script":"<script> [8489 bytes]","args":[{"element-6066-11e4-a52e-4f735466cecf":"f.16219B07342047CC16B1B6C41B76C932.d.6FA29B592B5A08FC0696E3EDD9ED07BE.e.2832","ELEMENT":"f.16219B07342047CC16B1B6C41B76C932.d.6FA29B592B5A08FC0696E3EDD9ED07BE.e.2832"}]}
COMMAND: GET /session/e0f9f5aee1597ce8ab84fc4949c39ac3/screenshot - {}
RESULT: {}
COMMAND: POST /session/e0f9f5aee1597ce8ab84fc4949c39ac3/element - {"using":"xpath","value":"//input[contains(@id ,\"yardId-inner\")]"}
RESULT: {"using":"xpath","value":"//input[contains(@id ,\"yardId-inner\")]"}
COMMAND: POST /session/e0f9f5aee1597ce8ab84fc4949c39ac3/element - {"using":"xpath","value":"//input[contains(@id ,\"yardId-inner\")]"}
RESULT: {"using":"xpath","value":"//input[contains(@id ,\"yardId-inner\")]"}
COMMAND: POST /session/e0f9f5aee1597ce8ab84fc4949c39ac3/element/f.16219B07342047CC16B1B6C41B76C932.d.6FA29B592B5A08FC0696E3EDD9ED07BE.e.2770/click - {}
RESULT: {}
COMMAND: GET /session/e0f9f5aee1597ce8ab84fc4949c39ac3/screenshot - {}
RESULT: {}
COMMAND: POST /session/e0f9f5aee1597ce8ab84fc4949c39ac3/element - {"using":"xpath","value":"//input[contains(@id ,\"yardId-inner\")]"}
RESULT: {"using":"xpath","value":"//input[contains(@id ,\"yardId-inner\")]"}
COMMAND: GET /session/e0f9f5aee1597ce8ab84fc4949c39ac3/element/f.16219B07342047CC16B1B6C41B76C932.d.6FA29B592B5A08FC0696E3EDD9ED07BE.e.3039/enabled - {}
RESULT: {}
COMMAND: POST /session/e0f9f5aee1597ce8ab84fc4949c39ac3/element/f.16219B07342047CC16B1B6C41B76C932.d.6FA29B592B5A08FC0696E3EDD9ED07BE.e.3039/clear - {}
COMMAND: GET /session/e0f9f5aee1597ce8ab84fc4949c39ac3/screenshot - {}
RESULT: {}
COMMAND: POST /session/e0f9f5aee1597ce8ab84fc4949c39ac3/element/f.16219B07342047CC16B1B6C41B76C932.d.6FA29B592B5A08FC0696E3EDD9ED07BE.e.3039/value - {"text":"WebdriverYardgxtyv"}
COMMAND: GET /session/e0f9f5aee1597ce8ab84fc4949c39ac3/screenshot - {}
RESULT: {}
COMMAND: POST /session/e0f9f5aee1597ce8ab84fc4949c39ac3/element - {"using":"xpath","value":"//input[contains(@id ,\"customerNumber-inner\")]"}
RESULT: {"text":"WebdriverYardgxtyv"}
COMMAND: GET /session/e0f9f5aee1597ce8ab84fc4949c39ac3/screenshot - {}
RESULT: {}
RESULT: {"using":"xpath","value":"//input[contains(@id ,\"customerNumber-inner\")]"}
COMMAND: POST /session/e0f9f5aee1597ce8ab84fc4949c39ac3/element/f.16219B07342047CC16B1B6C41B76C932.d.6FA29B592B5A08FC0696E3EDD9ED07BE.e.3033/value - {"text":"WebdriverPartnerssuou"}
RESULT: {}
COMMAND: POST /session/e0f9f5aee1597ce8ab84fc4949c39ac3/actions - {"actions":[{"id":"action5","type":"key","parameters":{},"actions":[{"type":"keyDown","value":"î€‡"},{"type":"pause","duration":10},{"type":"keyUp","value":"î€‡"}]}]}
RESULT: {"text":"WebdriverPartnerssuou"}
COMMAND: GET /session/e0f9f5aee1597ce8ab84fc4949c39ac3/screenshot - {}
RESULT: {"actions":[{"id":"action5","type":"key","parameters":{},"actions":[{"type":"keyDown","value":"î€‡"},{"type":"pause","duration":10},{"type":"keyUp","value":"î€‡"}]}]}
COMMAND: GET /session/e0f9f5aee1597ce8ab84fc4949c39ac3/screenshot - {}
RESULT: {}
RESULT: {}
COMMAND: POST /session/e0f9f5aee1597ce8ab84fc4949c39ac3/element/f.16219B07342047CC16B1B6C41B76C932.d.6FA29B592B5A08FC0696E3EDD9ED07BE.e.3039/clear - {}
RESULT: {}
COMMAND: POST /session/e0f9f5aee1597ce8ab84fc4949c39ac3/element/f.16219B07342047CC16B1B6C41B76C932.d.6FA29B592B5A08FC0696E3EDD9ED07BE.e.3039/clear - {}
COMMAND: GET /session/e0f9f5aee1597ce8ab84fc4949c39ac3/screenshot - {}
RESULT: {}
COMMAND: POST /session/e0f9f5aee1597ce8ab84fc4949c39ac3/element/f.16219B07342047CC16B1B6C41B76C932.d.6FA29B592B5A08FC0696E3EDD9ED07BE.e.3039/value - {"text":"WebdriverYardgxtyv"}
COMMAND: GET /session/e0f9f5aee1597ce8ab84fc4949c39ac3/screenshot - {}
RESULT: {}
COMMAND: POST /session/e0f9f5aee1597ce8ab84fc4949c39ac3/actions - {"actions":[{"id":"action6","type":"key","parameters":{},"actions":[{"type":"keyDown","value":"î€‡"},{"type":"pause","duration":10},{"type":"keyUp","value":"î€‡"}]}]}
RESULT: {"text":"WebdriverYardgxtyv"}
COMMAND: GET /session/e0f9f5aee1597ce8ab84fc4949c39ac3/screenshot - {}
RESULT: {}
RESULT: {"actions":[{"id":"action6","type":"key","parameters":{},"actions":[{"type":"keyDown","value":"î€‡"},{"type":"pause","duration":10},{"type":"keyUp","value":"î€‡"}]}]}
COMMAND: GET /session/e0f9f5aee1597ce8ab84fc4949c39ac3/screenshot - {}
RESULT: {}
RESULT: {}
COMMAND: GET /session/e0f9f5aee1597ce8ab84fc4949c39ac3/element/f.16219B07342047CC16B1B6C41B76C932.d.6FA29B592B5A08FC0696E3EDD9ED07BE.e.3033/property/value - {}
RESULT: {}
COMMAND: GET /session/e0f9f5aee1597ce8ab84fc4949c39ac3/screenshot - {}
RESULT: {}
COMMAND: POST /session/e0f9f5aee1597ce8ab84fc4949c39ac3/actions - {"actions":[{"id":"action7","type":"key","parameters":{},"actions":[{"type":"keyDown","value":"î€‡"},{"type":"pause","duration":10},{"type":"keyUp","value":"î€‡"}]}]}
RESULT: {"actions":[{"id":"action7","type":"key","parameters":{},"actions":[{"type":"keyDown","value":"î€‡"},{"type":"pause","duration":10},{"type":"keyUp","value":"î€‡"}]}]}
COMMAND: GET /session/e0f9f5aee1597ce8ab84fc4949c39ac3/screenshot - {}
RESULT: {}
COMMAND: POST /session/e0f9f5aee1597ce8ab84fc4949c39ac3/element - {"using":"xpath","value":"//input[contains(@id ,\"requestSiteId-inner\")]"}
RESULT: {"using":"xpath","value":"//input[contains(@id ,\"requestSiteId-inner\")]"}
COMMAND: POST /session/e0f9f5aee1597ce8ab84fc4949c39ac3/element/f.16219B07342047CC16B1B6C41B76C932.d.6FA29B592B5A08FC0696E3EDD9ED07BE.e.3032/value - {"text":"WebdriverSite1lfj"}
RESULT: {"text":"WebdriverSite1lfj"}
COMMAND: GET /session/e0f9f5aee1597ce8ab84fc4949c39ac3/screenshot - {}
RESULT: {}
COMMAND: POST /session/e0f9f5aee1597ce8ab84fc4949c39ac3/actions - {"actions":[{"id":"action8","type":"key","parameters":{},"actions":[{"type":"keyDown","value":"î€‡"},{"type":"pause","duration":10},{"type":"keyUp","value":"î€‡"}]}]}
RESULT: {"actions":[{"id":"action8","type":"key","parameters":{},"actions":[{"type":"keyDown","value":"î€‡"},{"type":"pause","duration":10},{"type":"keyUp","value":"î€‡"}]}]}
COMMAND: GET /session/e0f9f5aee1597ce8ab84fc4949c39ac3/screenshot - {}
RESULT: {}
COMMAND: POST /session/e0f9f5aee1597ce8ab84fc4949c39ac3/execute/async - {"script":"<script> [1562 bytes]","args":[{"selector":{"controlType":"sap.m.Input","viewName":"etm.portal.ui.managerequests.view.NewRequest","bindingPath":{"path":"","propertyPath":"/DESCRIPTION","modelName":"oNewRequestModel"},"interaction":{"idSuffix":"inner"}},"wdio_ui5_key":"etmportal.ui.managerequests.view.NewRequestsap.m.Input{\"path\":\"\",\"propertyPath\":\"/DESCRIPTION\",\"modelName\":\"oNewRequestModel\"}"}]}
RESULT: {"script":"<script> [1562 bytes]","args":[{"selector":{"controlType":"sap.m.Input","viewName":"etm.portal.ui.managerequests.view.NewRequest","bindingPath":{"path":"","propertyPath":"/DESCRIPTION","modelName":"oNewRequestModel"},"interaction":{"idSuffix":"inner"}},"wdio_ui5_key":"etmportal.ui.managerequests.view.NewRequestsap.m.Input{\"path\":\"\",\"propertyPath\":\"/DESCRIPTION\",\"modelName\":\"oNewRequestModel\"}"}]}
RESULT: undefined
COMMAND: POST /session/e0f9f5aee1597ce8ab84fc4949c39ac3/execute/async - {"script":"<script> [776 bytes]","args":[{"enterText":"Wdi5 Tags Test","selector":{"controlType":"sap.m.Input","viewName":"etm.portal.ui.managerequests.view.NewRequest","bindingPath":{"path":"","propertyPath":"/DESCRIPTION","modelName":"oNewRequestModel"},"interaction":{"idSuffix":"inner"}},"clearTextFirst":true,"interactionType":"ENTER_TEXT"}]}
RESULT: {"script":"<script> [776 bytes]","args":[{"enterText":"Wdi5 Tags Test","selector":{"controlType":"sap.m.Input","viewName":"etm.portal.ui.managerequests.view.NewRequest","bindingPath":{"path":"","propertyPath":"/DESCRIPTION","modelName":"oNewRequestModel"},"interaction":{"idSuffix":"inner"}},"clearTextFirst":true,"interactionType":"ENTER_TEXT"}]}
COMMAND: POST /session/e0f9f5aee1597ce8ab84fc4949c39ac3/execute/async - {"script":"<script> [1562 bytes]","args":[{"selector":{"id":"tagInputAdd","viewName":"etm.portal.ui.managerequests.view.NewRequest","interaction":{"idSuffix":"inner"}},"wdio_ui5_key":"tagInputAddetmportal.ui.managerequests.view.NewRequest"}]}
RESULT: {"script":"<script> [1562 bytes]","args":[{"selector":{"id":"tagInputAdd","viewName":"etm.portal.ui.managerequests.view.NewRequest","interaction":{"idSuffix":"inner"}},"wdio_ui5_key":"tagInputAddetmportal.ui.managerequests.view.NewRequest"}]}
RESULT: undefined
COMMAND: POST /session/e0f9f5aee1597ce8ab84fc4949c39ac3/execute/async - {"script":"<script> [776 bytes]","args":[{"enterText":"RefTag","selector":{"id":"tagInputAdd","viewName":"etm.portal.ui.managerequests.view.NewRequest","interaction":{"idSuffix":"inner"}},"clearTextFirst":true,"interactionType":"ENTER_TEXT"}]}
RESULT: {"script":"<script> [776 bytes]","args":[{"enterText":"RefTag","selector":{"id":"tagInputAdd","viewName":"etm.portal.ui.managerequests.view.NewRequest","interaction":{"idSuffix":"inner"}},"clearTextFirst":true,"interactionType":"ENTER_TEXT"}]}
COMMAND: POST /session/e0f9f5aee1597ce8ab84fc4949c39ac3/actions - {"actions":[{"id":"action9","type":"key","parameters":{},"actions":[{"type":"keyDown","value":"î€‡"},{"type":"pause","duration":10},{"type":"keyUp","value":"î€‡"}]}]}
RESULT: {"actions":[{"id":"action9","type":"key","parameters":{},"actions":[{"type":"keyDown","value":"î€‡"},{"type":"pause","duration":10},{"type":"keyUp","value":"î€‡"}]}]}
COMMAND: GET /session/e0f9f5aee1597ce8ab84fc4949c39ac3/screenshot - {}
RESULT: {}
RESULT: undefined
COMMAND: POST /session/e0f9f5aee1597ce8ab84fc4949c39ac3/execute/async - {"script":"<script> [776 bytes]","args":[{"enterText":"tag-header","selector":{"id":"tagInputAdd","viewName":"etm.portal.ui.managerequests.view.NewRequest","interaction":{"idSuffix":"inner"}},"clearTextFirst":true,"interactionType":"ENTER_TEXT"}]}
RESULT: {"script":"<script> [776 bytes]","args":[{"enterText":"tag-header","selector":{"id":"tagInputAdd","viewName":"etm.portal.ui.managerequests.view.NewRequest","interaction":{"idSuffix":"inner"}},"clearTextFirst":true,"interactionType":"ENTER_TEXT"}]}
COMMAND: POST /session/e0f9f5aee1597ce8ab84fc4949c39ac3/actions - {"actions":[{"id":"action10","type":"key","parameters":{},"actions":[{"type":"keyDown","value":"î€‡"},{"type":"pause","duration":10},{"type":"keyUp","value":"î€‡"}]}]}
RESULT: {"actions":[{"id":"action10","type":"key","parameters":{},"actions":[{"type":"keyDown","value":"î€‡"},{"type":"pause","duration":10},{"type":"keyUp","value":"î€‡"}]}]}
COMMAND: GET /session/e0f9f5aee1597ce8ab84fc4949c39ac3/screenshot - {}
RESULT: {}
RESULT: undefined
COMMAND: POST /session/e0f9f5aee1597ce8ab84fc4949c39ac3/execute/async - {"script":"<script> [776 bytes]","args":[{"enterText":"tag-duplicate","selector":{"id":"tagInputAdd","viewName":"etm.portal.ui.managerequests.view.NewRequest","interaction":{"idSuffix":"inner"}},"clearTextFirst":true,"interactionType":"ENTER_TEXT"}]}
RESULT: {"script":"<script> [776 bytes]","args":[{"enterText":"tag-duplicate","selector":{"id":"tagInputAdd","viewName":"etm.portal.ui.managerequests.view.NewRequest","interaction":{"idSuffix":"inner"}},"clearTextFirst":true,"interactionType":"ENTER_TEXT"}]}
COMMAND: POST /session/e0f9f5aee1597ce8ab84fc4949c39ac3/actions - {"actions":[{"id":"action11","type":"key","parameters":{},"actions":[{"type":"keyDown","value":"î€‡"},{"type":"pause","duration":10},{"type":"keyUp","value":"î€‡"}]}]}
RESULT: {"actions":[{"id":"action11","type":"key","parameters":{},"actions":[{"type":"keyDown","value":"î€‡"},{"type":"pause","duration":10},{"type":"keyUp","value":"î€‡"}]}]}
COMMAND: GET /session/e0f9f5aee1597ce8ab84fc4949c39ac3/screenshot - {}
RESULT: {}
COMMAND: POST /session/e0f9f5aee1597ce8ab84fc4949c39ac3/execute/async - {"script":"<script> [1562 bytes]","args":[{"selector":{"id":"tagsLayoutAdd","viewName":"etm.portal.ui.managerequests.view.NewRequest"},"wdio_ui5_key":"tagsLayoutAddetmportal.ui.managerequests.view.NewRequest"}]}
RESULT: {"script":"<script> [1562 bytes]","args":[{"selector":{"id":"tagsLayoutAdd","viewName":"etm.portal.ui.managerequests.view.NewRequest"},"wdio_ui5_key":"tagsLayoutAddetmportal.ui.managerequests.view.NewRequest"}]}
RESULT: undefined
COMMAND: POST /session/e0f9f5aee1597ce8ab84fc4949c39ac3/execute/async - {"script":"<script> [6424 bytes]","args":[{"element-6066-11e4-a52e-4f735466cecf":"f.16219B07342047CC16B1B6C41B76C932.d.6FA29B592B5A08FC0696E3EDD9ED07BE.e.3154"},"getTokens",[]]}
RESULT: {"script":"<script> [6424 bytes]","args":[{"element-6066-11e4-a52e-4f735466cecf":"f.16219B07342047CC16B1B6C41B76C932.d.6FA29B592B5A08FC0696E3EDD9ED07BE.e.3154"},"getTokens",[]]}
COMMAND: POST /session/e0f9f5aee1597ce8ab84fc4949c39ac3/execute/async - {"script":"<script> [1562 bytes]","args":[{"wdio_ui5_key":"__token9","selector":{"id":"__token9"}}]}
COMMAND: POST /session/e0f9f5aee1597ce8ab84fc4949c39ac3/execute/async - {"script":"<script> [1562 bytes]","args":[{"wdio_ui5_key":"__token10","selector":{"id":"__token10"}}]}
COMMAND: POST /session/e0f9f5aee1597ce8ab84fc4949c39ac3/execute/async - {"script":"<script> [1562 bytes]","args":[{"wdio_ui5_key":"__token8","selector":{"id":"__token8"}}]}
RESULT: {"script":"<script> [1562 bytes]","args":[{"wdio_ui5_key":"__token8","selector":{"id":"__token8"}}]}
RESULT: undefined
RESULT: {"script":"<script> [1562 bytes]","args":[{"wdio_ui5_key":"__token10","selector":{"id":"__token10"}}]}
RESULT: undefined
RESULT: {"script":"<script> [1562 bytes]","args":[{"wdio_ui5_key":"__token9","selector":{"id":"__token9"}}]}
RESULT: undefined
COMMAND: POST /session/e0f9f5aee1597ce8ab84fc4949c39ac3/execute/async - {"script":"<script> [1562 bytes]","args":[{"selector":{"controlType":"sap.ui.core.Icon","viewName":"etm.portal.ui.managerequests.view.NewRequest","properties":{"src":{"regex":{"source":"decline"}}},"ancestor":{"controlType":"sap.m.Token","viewName":"etm.portal.ui.managerequests.view.NewRequest","properties":{"text":"tag-duplicate"}}},"wdio_ui5_key":"etmportal.ui.managerequests.view.NewRequestsap.ui.core.Icon{\"src\":{\"regex\":{\"source\":\"decline\"}}}{\"controlType\":\"sap.m.Token\",\"viewName\":\"etm.portal.ui.managerequests.view.NewRequest\",\"properties\":{\"text\":\"tag-duplicate\"}}"}]}
RESULT: {"script":"<script> [1562 bytes]","args":[{"selector":{"controlType":"sap.ui.core.Icon","viewName":"etm.portal.ui.managerequests.view.NewRequest","properties":{"src":{"regex":{"source":"decline"}}},"ancestor":{"controlType":"sap.m.Token","viewName":"etm.portal.ui.managerequests.view.NewRequest","properties":{"text":"tag-duplicate"}}},"wdio_ui5_key":"etmportal.ui.managerequests.view.NewRequestsap.ui.core.Icon{\"src\":{\"regex\":{\"source\":\"decline\"}}}{\"controlType\":\"sap.m.Token\",\"viewName\":\"etm.portal.ui.managerequests.view.NewRequest\",\"properties\":{\"text\":\"tag-duplicate\"}}"}]}
RESULT: undefined
COMMAND: POST /session/e0f9f5aee1597ce8ab84fc4949c39ac3/element - {"using":"xpath","value":"//*[@id=\"__token10-icon\"]"}
RESULT: {"using":"xpath","value":"//*[@id=\"__token10-icon\"]"}
COMMAND: POST /session/e0f9f5aee1597ce8ab84fc4949c39ac3/element/f.16219B07342047CC16B1B6C41B76C932.d.6FA29B592B5A08FC0696E3EDD9ED07BE.e.3206/click - {}
RESULT: {}
COMMAND: POST /session/e0f9f5aee1597ce8ab84fc4949c39ac3/execute/async - {"script":"<script> [1562 bytes]","args":[{"selector":{"controlType":"sap.ui.core.Icon","viewName":"etm.portal.ui.managerequests.view.NewRequest","properties":{"src":{"regex":{"source":"decline"}}},"ancestor":{"controlType":"sap.m.Token","viewName":"etm.portal.ui.managerequests.view.NewRequest","properties":{"text":"tag1"}}},"wdio_ui5_key":"etmportal.ui.managerequests.view.NewRequestsap.ui.core.Icon{\"src\":{\"regex\":{\"source\":\"decline\"}}}{\"controlType\":\"sap.m.Token\",\"viewName\":\"etm.portal.ui.managerequests.view.NewRequest\",\"properties\":{\"text\":\"tag1\"}}"}]}
COMMAND: GET /session/e0f9f5aee1597ce8ab84fc4949c39ac3/screenshot - {}
RESULT: {"script":"<script> [1562 bytes]","args":[{"selector":{"controlType":"sap.ui.core.Icon","viewName":"etm.portal.ui.managerequests.view.NewRequest","properties":{"src":{"regex":{"source":"decline"}}},"ancestor":{"controlType":"sap.m.Token","viewName":"etm.portal.ui.managerequests.view.NewRequest","properties":{"text":"tag1"}}},"wdio_ui5_key":"etmportal.ui.managerequests.view.NewRequestsap.ui.core.Icon{\"src\":{\"regex\":{\"source\":\"decline\"}}}{\"controlType\":\"sap.m.Token\",\"viewName\":\"etm.portal.ui.managerequests.view.NewRequest\",\"properties\":{\"text\":\"tag1\"}}"}]}
RESULT: undefined
RESULT: {}
COMMAND: POST /session/e0f9f5aee1597ce8ab84fc4949c39ac3/actions - {"actions":[{"id":"action12","type":"key","parameters":{},"actions":[{"type":"keyDown","value":"î€Œ"},{"type":"pause","duration":10},{"type":"keyUp","value":"î€Œ"}]}]}
RESULT: {"actions":[{"id":"action12","type":"key","parameters":{},"actions":[{"type":"keyDown","value":"î€Œ"},{"type":"pause","duration":10},{"type":"keyUp","value":"î€Œ"}]}]}
COMMAND: GET /session/e0f9f5aee1597ce8ab84fc4949c39ac3/screenshot - {}
RESULT: {}
RESULT: undefined
COMMAND: POST /session/e0f9f5aee1597ce8ab84fc4949c39ac3/execute/async - {"script":"<script> [6424 bytes]","args":[{"element-6066-11e4-a52e-4f735466cecf":"f.16219B07342047CC16B1B6C41B76C932.d.6FA29B592B5A08FC0696E3EDD9ED07BE.e.3154"},"getTokens",[]]}
RESULT: {"script":"<script> [6424 bytes]","args":[{"element-6066-11e4-a52e-4f735466cecf":"f.16219B07342047CC16B1B6C41B76C932.d.6FA29B592B5A08FC0696E3EDD9ED07BE.e.3154"},"getTokens",[]]}
RESULT: undefined
RESULT: undefined
COMMAND: POST /session/e0f9f5aee1597ce8ab84fc4949c39ac3/execute/async - {"script":"<script> [1562 bytes]","args":[{"selector":{"controlType":"sap.m.Button","viewName":"etm.portal.ui.managerequests.view.NewRequest","properties":{"text":"Items"},"interaction":{"idSuffix":"BDI-content"}},"wdio_ui5_key":"etmportal.ui.managerequests.view.NewRequestsap.m.Button{\"text\":\"Items\"}"}]}
RESULT: {"script":"<script> [1562 bytes]","args":[{"selector":{"controlType":"sap.m.Button","viewName":"etm.portal.ui.managerequests.view.NewRequest","properties":{"text":"Items"},"interaction":{"idSuffix":"BDI-content"}},"wdio_ui5_key":"etmportal.ui.managerequests.view.NewRequestsap.m.Button{\"text\":\"Items\"}"}]}
RESULT: undefined
COMMAND: POST /session/e0f9f5aee1597ce8ab84fc4949c39ac3/element - {"using":"xpath","value":"//*[@id=\"__xmlview59--newRequestPage-anchBar-__xmlview59--requestItemsSection-anchor\"]"}
RESULT: {"using":"xpath","value":"//*[@id=\"__xmlview59--newRequestPage-anchBar-__xmlview59--requestItemsSection-anchor\"]"}
COMMAND: POST /session/e0f9f5aee1597ce8ab84fc4949c39ac3/element/f.16219B07342047CC16B1B6C41B76C932.d.6FA29B592B5A08FC0696E3EDD9ED07BE.e.3213/click - {}
RESULT: {}
COMMAND: GET /session/e0f9f5aee1597ce8ab84fc4949c39ac3/screenshot - {}
RESULT: {}
COMMAND: POST /session/e0f9f5aee1597ce8ab84fc4949c39ac3/execute/async - {"script":"<script> [1562 bytes]","args":[{"selector":{"controlType":"sap.ui.core.Icon","viewName":"etm.portal.ui.managerequests.view.NewRequest","properties":{"src":{"regex":{"source":"inspect"}}}},"wdio_ui5_key":"etmportal.ui.managerequests.view.NewRequestsap.ui.core.Icon{\"src\":{\"regex\":{\"source\":\"inspect\"}}}"}]}
RESULT: {"script":"<script> [1562 bytes]","args":[{"selector":{"controlType":"sap.ui.core.Icon","viewName":"etm.portal.ui.managerequests.view.NewRequest","properties":{"src":{"regex":{"source":"inspect"}}}},"wdio_ui5_key":"etmportal.ui.managerequests.view.NewRequestsap.ui.core.Icon{\"src\":{\"regex\":{\"source\":\"inspect\"}}}"}]}
RESULT: undefined
COMMAND: POST /session/e0f9f5aee1597ce8ab84fc4949c39ac3/element - {"using":"xpath","value":"//*[@id=\"__button114-img\"]"}
RESULT: {"using":"xpath","value":"//*[@id=\"__button114-img\"]"}
COMMAND: POST /session/e0f9f5aee1597ce8ab84fc4949c39ac3/element/f.16219B07342047CC16B1B6C41B76C932.d.6FA29B592B5A08FC0696E3EDD9ED07BE.e.3218/click - {}
RESULT: {}
COMMAND: GET /session/e0f9f5aee1597ce8ab84fc4949c39ac3/screenshot - {}
RESULT: {}
COMMAND: POST /session/e0f9f5aee1597ce8ab84fc4949c39ac3/execute/async - {"script":"<script> [1562 bytes]","args":[{"selector":{"controlType":"sap.ui.core.Icon","viewName":"etm.portal.ui.managerequests.view.NewRequest","properties":{"src":{"regex":{"source":"add"}}}},"wdio_ui5_key":"etmportal.ui.managerequests.view.NewRequestsap.ui.core.Icon{\"src\":{\"regex\":{\"source\":\"add\"}}}"}]}
RESULT: {"script":"<script> [1562 bytes]","args":[{"selector":{"controlType":"sap.ui.core.Icon","viewName":"etm.portal.ui.managerequests.view.NewRequest","properties":{"src":{"regex":{"source":"add"}}}},"wdio_ui5_key":"etmportal.ui.managerequests.view.NewRequestsap.ui.core.Icon{\"src\":{\"regex\":{\"source\":\"add\"}}}"}]}
RESULT: undefined
COMMAND: POST /session/e0f9f5aee1597ce8ab84fc4949c39ac3/element - {"using":"xpath","value":"//*[@id=\"__xmlview59--btnAddTableRow-img\"]"}
RESULT: {"using":"xpath","value":"//*[@id=\"__xmlview59--btnAddTableRow-img\"]"}
COMMAND: POST /session/e0f9f5aee1597ce8ab84fc4949c39ac3/element/f.16219B07342047CC16B1B6C41B76C932.d.6FA29B592B5A08FC0696E3EDD9ED07BE.e.3013/click - {}
RESULT: {}
COMMAND: GET /session/e0f9f5aee1597ce8ab84fc4949c39ac3/screenshot - {}
RESULT: {}
COMMAND: POST /session/e0f9f5aee1597ce8ab84fc4949c39ac3/execute/async - {"script":"<script> [1562 bytes]","args":[{"selector":{"controlType":"sap.ui.unified.MenuItem","viewName":"etm.portal.ui.managerequests.view.NewRequest","i18NText":{"propertyName":"text","key":"standardEntry"},"searchOpenDialogs":true,"interaction":{"idSuffix":"txt"}},"wdio_ui5_key":"etmportal.ui.managerequests.view.NewRequestsap.ui.unified.MenuItem{\"propertyName\":\"text\",\"key\":\"standardEntry\"}"}]}
RESULT: {"script":"<script> [1562 bytes]","args":[{"selector":{"controlType":"sap.ui.unified.MenuItem","viewName":"etm.portal.ui.managerequests.view.NewRequest","i18NText":{"propertyName":"text","key":"standardEntry"},"searchOpenDialogs":true,"interaction":{"idSuffix":"txt"}},"wdio_ui5_key":"etmportal.ui.managerequests.view.NewRequestsap.ui.unified.MenuItem{\"propertyName\":\"text\",\"key\":\"standardEntry\"}"}]}
RESULT: undefined
COMMAND: POST /session/e0f9f5aee1597ce8ab84fc4949c39ac3/element - {"using":"xpath","value":"//*[@id=\"__item2607\"]"}
RESULT: {"using":"xpath","value":"//*[@id=\"__item2607\"]"}
COMMAND: POST /session/e0f9f5aee1597ce8ab84fc4949c39ac3/element/f.16219B07342047CC16B1B6C41B76C932.d.6FA29B592B5A08FC0696E3EDD9ED07BE.e.3226/click - {}
RESULT: {}
COMMAND: GET /session/e0f9f5aee1597ce8ab84fc4949c39ac3/screenshot - {}
RESULT: {}
RESULT: undefined
COMMAND: POST /session/e0f9f5aee1597ce8ab84fc4949c39ac3/element - {"using":"xpath","value":"//*[@id=\"__xmlview59--btnAddTableRow-img\"]"}
RESULT: {"using":"xpath","value":"//*[@id=\"__xmlview59--btnAddTableRow-img\"]"}
COMMAND: POST /session/e0f9f5aee1597ce8ab84fc4949c39ac3/element/f.16219B07342047CC16B1B6C41B76C932.d.6FA29B592B5A08FC0696E3EDD9ED07BE.e.3013/click - {}
RESULT: {}
COMMAND: GET /session/e0f9f5aee1597ce8ab84fc4949c39ac3/screenshot - {}
RESULT: {}
RESULT: undefined
COMMAND: POST /session/e0f9f5aee1597ce8ab84fc4949c39ac3/element - {"using":"xpath","value":"//*[@id=\"__item2607\"]"}
RESULT: {"using":"xpath","value":"//*[@id=\"__item2607\"]"}
COMMAND: POST /session/e0f9f5aee1597ce8ab84fc4949c39ac3/element/f.16219B07342047CC16B1B6C41B76C932.d.6FA29B592B5A08FC0696E3EDD9ED07BE.e.3247/click - {}
RESULT: {}
COMMAND: GET /session/e0f9f5aee1597ce8ab84fc4949c39ac3/screenshot - {}
RESULT: {}
COMMAND: POST /session/e0f9f5aee1597ce8ab84fc4949c39ac3/element - {"using":"xpath","value":"(//input[contains(@id ,\"requestItemsTable-0-inner\")])[5]"}
RESULT: {"using":"xpath","value":"(//input[contains(@id ,\"requestItemsTable-0-inner\")])[5]"}
COMMAND: POST /session/e0f9f5aee1597ce8ab84fc4949c39ac3/element/f.16219B07342047CC16B1B6C41B76C932.d.6FA29B592B5A08FC0696E3EDD9ED07BE.e.3238/clear - {}
RESULT: {}
COMMAND: POST /session/e0f9f5aee1597ce8ab84fc4949c39ac3/element/f.16219B07342047CC16B1B6C41B76C932.d.6FA29B592B5A08FC0696E3EDD9ED07BE.e.3238/value - {"text":"1000001"}
COMMAND: GET /session/e0f9f5aee1597ce8ab84fc4949c39ac3/screenshot - {}
RESULT: {"text":"1000001"}
COMMAND: GET /session/e0f9f5aee1597ce8ab84fc4949c39ac3/screenshot - {}
RESULT: {}
RESULT: {}
COMMAND: POST /session/e0f9f5aee1597ce8ab84fc4949c39ac3/actions - {"actions":[{"id":"action13","type":"key","parameters":{},"actions":[{"type":"keyDown","value":"î€‡"},{"type":"pause","duration":10},{"type":"keyUp","value":"î€‡"}]}]}
RESULT: {"actions":[{"id":"action13","type":"key","parameters":{},"actions":[{"type":"keyDown","value":"î€‡"},{"type":"pause","duration":10},{"type":"keyUp","value":"î€‡"}]}]}
COMMAND: POST /session/e0f9f5aee1597ce8ab84fc4949c39ac3/element - {"using":"xpath","value":"(//input[contains(@id ,\"requestItemsTable-1-inner\")])[5]"}
COMMAND: GET /session/e0f9f5aee1597ce8ab84fc4949c39ac3/screenshot - {}
RESULT: {"using":"xpath","value":"(//input[contains(@id ,\"requestItemsTable-1-inner\")])[5]"}
COMMAND: POST /session/e0f9f5aee1597ce8ab84fc4949c39ac3/element/f.16219B07342047CC16B1B6C41B76C932.d.6FA29B592B5A08FC0696E3EDD9ED07BE.e.3253/clear - {}
RESULT: {}
RESULT: {}
COMMAND: POST /session/e0f9f5aee1597ce8ab84fc4949c39ac3/element/f.16219B07342047CC16B1B6C41B76C932.d.6FA29B592B5A08FC0696E3EDD9ED07BE.e.3253/value - {"text":"1000002"}
COMMAND: GET /session/e0f9f5aee1597ce8ab84fc4949c39ac3/screenshot - {}
RESULT: {"text":"1000002"}
COMMAND: GET /session/e0f9f5aee1597ce8ab84fc4949c39ac3/screenshot - {}
RESULT: {}
RESULT: {}
COMMAND: POST /session/e0f9f5aee1597ce8ab84fc4949c39ac3/actions - {"actions":[{"id":"action14","type":"key","parameters":{},"actions":[{"type":"keyDown","value":"î€‡"},{"type":"pause","duration":10},{"type":"keyUp","value":"î€‡"}]}]}
RESULT: {"actions":[{"id":"action14","type":"key","parameters":{},"actions":[{"type":"keyDown","value":"î€‡"},{"type":"pause","duration":10},{"type":"keyUp","value":"î€‡"}]}]}
COMMAND: POST /session/e0f9f5aee1597ce8ab84fc4949c39ac3/execute/async - {"script":"<script> [1562 bytes]","args":[{"selector":{"controlType":"sap.m.Input","viewName":"etm.portal.ui.managerequests.view.NewRequest","bindingPath":{"path":"","propertyPath":"/Tags","modelName":"catalogModel"},"ancestor":{"controlType":"sap.m.ColumnListItem","viewName":"etm.portal.ui.managerequests.view.NewRequest","bindingPath":{"modelName":"newRequestItems","path":"/RequestItems/0"},"ancestor":{"id":"requestItemsTable","viewName":"etm.portal.ui.managerequests.view.NewRequest"}},"interaction":{"idSuffix":"inner"}},"wdio_ui5_key":"etmportal.ui.managerequests.view.NewRequestsap.m.Input{\"path\":\"\",\"propertyPath\":\"/Tags\",\"modelName\":\"catalogModel\"}{\"controlType\":\"sap.m.ColumnListItem\",\"viewName\":\"etm.portal.ui.managerequests.view.NewRequest\",\"bindingPath\":{\"modelName\":\"newRequestItems\",\"path\":\"/RequestItems/0\"},\"ancestor\":{\"id\":\"requestItemsTable\",\"viewName\":\"etm.portal.ui.managerequests.view.NewRequest\"}}"}]}
COMMAND: GET /session/e0f9f5aee1597ce8ab84fc4949c39ac3/screenshot - {}
RESULT: {"script":"<script> [1562 bytes]","args":[{"selector":{"controlType":"sap.m.Input","viewName":"etm.portal.ui.managerequests.view.NewRequest","bindingPath":{"path":"","propertyPath":"/Tags","modelName":"catalogModel"},"ancestor":{"controlType":"sap.m.ColumnListItem","viewName":"etm.portal.ui.managerequests.view.NewRequest","bindingPath":{"modelName":"newRequestItems","path":"/RequestItems/0"},"ancestor":{"id":"requestItemsTable","viewName":"etm.portal.ui.managerequests.view.NewRequest"}},"interaction":{"idSuffix":"inner"}},"wdio_ui5_key":"etmportal.ui.managerequests.view.NewRequestsap.m.Input{\"path\":\"\",\"propertyPath\":\"/Tags\",\"modelName\":\"catalogModel\"}{\"controlType\":\"sap.m.ColumnListItem\",\"viewName\":\"etm.portal.ui.managerequests.view.NewRequest\",\"bindingPath\":{\"modelName\":\"newRequestItems\",\"path\":\"/RequestItems/0\"},\"ancestor\":{\"id\":\"requestItemsTable\",\"viewName\":\"etm.portal.ui.managerequests.view.NewRequest\"}}"}]}
RESULT: undefined
COMMAND: POST /session/e0f9f5aee1597ce8ab84fc4949c39ac3/execute/async - {"script":"<script> [776 bytes]","args":[{"enterText":"tag1","selector":{"controlType":"sap.m.Input","viewName":"etm.portal.ui.managerequests.view.NewRequest","bindingPath":{"path":"","propertyPath":"/Tags","modelName":"catalogModel"},"ancestor":{"controlType":"sap.m.ColumnListItem","viewName":"etm.portal.ui.managerequests.view.NewRequest","bindingPath":{"modelName":"newRequestItems","path":"/RequestItems/0"},"ancestor":{"id":"requestItemsTable","viewName":"etm.portal.ui.managerequests.view.NewRequest"}},"interaction":{"idSuffix":"inner"}},"clearTextFirst":true,"interactionType":"ENTER_TEXT"}]}
RESULT: {}
RESULT: {"script":"<script> [776 bytes]","args":[{"enterText":"tag1","selector":{"controlType":"sap.m.Input","viewName":"etm.portal.ui.managerequests.view.NewRequest","bindingPath":{"path":"","propertyPath":"/Tags","modelName":"catalogModel"},"ancestor":{"controlType":"sap.m.ColumnListItem","viewName":"etm.portal.ui.managerequests.view.NewRequest","bindingPath":{"modelName":"newRequestItems","path":"/RequestItems/0"},"ancestor":{"id":"requestItemsTable","viewName":"etm.portal.ui.managerequests.view.NewRequest"}},"interaction":{"idSuffix":"inner"}},"clearTextFirst":true,"interactionType":"ENTER_TEXT"}]}
COMMAND: POST /session/e0f9f5aee1597ce8ab84fc4949c39ac3/actions - {"actions":[{"id":"action15","type":"key","parameters":{},"actions":[{"type":"keyDown","value":"î€‡"},{"type":"pause","duration":10},{"type":"keyUp","value":"î€‡"}]}]}
RESULT: {"actions":[{"id":"action15","type":"key","parameters":{},"actions":[{"type":"keyDown","value":"î€‡"},{"type":"pause","duration":10},{"type":"keyUp","value":"î€‡"}]}]}
RESULT: undefined
COMMAND: POST /session/e0f9f5aee1597ce8ab84fc4949c39ac3/execute/async - {"script":"<script> [776 bytes]","args":[{"enterText":"tag-duplicate","selector":{"controlType":"sap.m.Input","viewName":"etm.portal.ui.managerequests.view.NewRequest","bindingPath":{"path":"","propertyPath":"/Tags","modelName":"catalogModel"},"ancestor":{"controlType":"sap.m.ColumnListItem","viewName":"etm.portal.ui.managerequests.view.NewRequest","bindingPath":{"modelName":"newRequestItems","path":"/RequestItems/0"},"ancestor":{"id":"requestItemsTable","viewName":"etm.portal.ui.managerequests.view.NewRequest"}},"interaction":{"idSuffix":"inner"}},"clearTextFirst":true,"interactionType":"ENTER_TEXT"}]}
COMMAND: GET /session/e0f9f5aee1597ce8ab84fc4949c39ac3/screenshot - {}
RESULT: {"script":"<script> [776 bytes]","args":[{"enterText":"tag-duplicate","selector":{"controlType":"sap.m.Input","viewName":"etm.portal.ui.managerequests.view.NewRequest","bindingPath":{"path":"","propertyPath":"/Tags","modelName":"catalogModel"},"ancestor":{"controlType":"sap.m.ColumnListItem","viewName":"etm.portal.ui.managerequests.view.NewRequest","bindingPath":{"modelName":"newRequestItems","path":"/RequestItems/0"},"ancestor":{"id":"requestItemsTable","viewName":"etm.portal.ui.managerequests.view.NewRequest"}},"interaction":{"idSuffix":"inner"}},"clearTextFirst":true,"interactionType":"ENTER_TEXT"}]}
RESULT: {}
COMMAND: POST /session/e0f9f5aee1597ce8ab84fc4949c39ac3/actions - {"actions":[{"id":"action16","type":"key","parameters":{},"actions":[{"type":"keyDown","value":"î€‡"},{"type":"pause","duration":10},{"type":"keyUp","value":"î€‡"}]}]}
RESULT: {"actions":[{"id":"action16","type":"key","parameters":{},"actions":[{"type":"keyDown","value":"î€‡"},{"type":"pause","duration":10},{"type":"keyUp","value":"î€‡"}]}]}
COMMAND: GET /session/e0f9f5aee1597ce8ab84fc4949c39ac3/screenshot - {}
RESULT: {}
COMMAND: POST /session/e0f9f5aee1597ce8ab84fc4949c39ac3/execute/async - {"script":"<script> [1562 bytes]","args":[{"selector":{"controlType":"sap.m.Input","viewName":"etm.portal.ui.managerequests.view.NewRequest","bindingPath":{"path":"","propertyPath":"/Tags","modelName":"catalogModel"},"ancestor":{"controlType":"sap.m.ColumnListItem","viewName":"etm.portal.ui.managerequests.view.NewRequest","bindingPath":{"modelName":"newRequestItems","path":"/RequestItems/1"},"ancestor":{"id":"requestItemsTable","viewName":"etm.portal.ui.managerequests.view.NewRequest"}},"interaction":{"idSuffix":"inner"}},"wdio_ui5_key":"etmportal.ui.managerequests.view.NewRequestsap.m.Input{\"path\":\"\",\"propertyPath\":\"/Tags\",\"modelName\":\"catalogModel\"}{\"controlType\":\"sap.m.ColumnListItem\",\"viewName\":\"etm.portal.ui.managerequests.view.NewRequest\",\"bindingPath\":{\"modelName\":\"newRequestItems\",\"path\":\"/RequestItems/1\"},\"ancestor\":{\"id\":\"requestItemsTable\",\"viewName\":\"etm.portal.ui.managerequests.view.NewRequest\"}}"}]}
RESULT: {"script":"<script> [1562 bytes]","args":[{"selector":{"controlType":"sap.m.Input","viewName":"etm.portal.ui.managerequests.view.NewRequest","bindingPath":{"path":"","propertyPath":"/Tags","modelName":"catalogModel"},"ancestor":{"controlType":"sap.m.ColumnListItem","viewName":"etm.portal.ui.managerequests.view.NewRequest","bindingPath":{"modelName":"newRequestItems","path":"/RequestItems/1"},"ancestor":{"id":"requestItemsTable","viewName":"etm.portal.ui.managerequests.view.NewRequest"}},"interaction":{"idSuffix":"inner"}},"wdio_ui5_key":"etmportal.ui.managerequests.view.NewRequestsap.m.Input{\"path\":\"\",\"propertyPath\":\"/Tags\",\"modelName\":\"catalogModel\"}{\"controlType\":\"sap.m.ColumnListItem\",\"viewName\":\"etm.portal.ui.managerequests.view.NewRequest\",\"bindingPath\":{\"modelName\":\"newRequestItems\",\"path\":\"/RequestItems/1\"},\"ancestor\":{\"id\":\"requestItemsTable\",\"viewName\":\"etm.portal.ui.managerequests.view.NewRequest\"}}"}]}
RESULT: undefined
COMMAND: POST /session/e0f9f5aee1597ce8ab84fc4949c39ac3/execute/async - {"script":"<script> [776 bytes]","args":[{"enterText":"tag1","selector":{"controlType":"sap.m.Input","viewName":"etm.portal.ui.managerequests.view.NewRequest","bindingPath":{"path":"","propertyPath":"/Tags","modelName":"catalogModel"},"ancestor":{"controlType":"sap.m.ColumnListItem","viewName":"etm.portal.ui.managerequests.view.NewRequest","bindingPath":{"modelName":"newRequestItems","path":"/RequestItems/1"},"ancestor":{"id":"requestItemsTable","viewName":"etm.portal.ui.managerequests.view.NewRequest"}},"interaction":{"idSuffix":"inner"}},"clearTextFirst":true,"interactionType":"ENTER_TEXT"}]}
RESULT: {"script":"<script> [776 bytes]","args":[{"enterText":"tag1","selector":{"controlType":"sap.m.Input","viewName":"etm.portal.ui.managerequests.view.NewRequest","bindingPath":{"path":"","propertyPath":"/Tags","modelName":"catalogModel"},"ancestor":{"controlType":"sap.m.ColumnListItem","viewName":"etm.portal.ui.managerequests.view.NewRequest","bindingPath":{"modelName":"newRequestItems","path":"/RequestItems/1"},"ancestor":{"id":"requestItemsTable","viewName":"etm.portal.ui.managerequests.view.NewRequest"}},"interaction":{"idSuffix":"inner"}},"clearTextFirst":true,"interactionType":"ENTER_TEXT"}]}
COMMAND: POST /session/e0f9f5aee1597ce8ab84fc4949c39ac3/actions - {"actions":[{"id":"action17","type":"key","parameters":{},"actions":[{"type":"keyDown","value":"î€‡"},{"type":"pause","duration":10},{"type":"keyUp","value":"î€‡"}]}]}
RESULT: {"actions":[{"id":"action17","type":"key","parameters":{},"actions":[{"type":"keyDown","value":"î€‡"},{"type":"pause","duration":10},{"type":"keyUp","value":"î€‡"}]}]}
RESULT: undefined
COMMAND: POST /session/e0f9f5aee1597ce8ab84fc4949c39ac3/execute/async - {"script":"<script> [776 bytes]","args":[{"enterText":"tag-duplicate","selector":{"controlType":"sap.m.Input","viewName":"etm.portal.ui.managerequests.view.NewRequest","bindingPath":{"path":"","propertyPath":"/Tags","modelName":"catalogModel"},"ancestor":{"controlType":"sap.m.ColumnListItem","viewName":"etm.portal.ui.managerequests.view.NewRequest","bindingPath":{"modelName":"newRequestItems","path":"/RequestItems/1"},"ancestor":{"id":"requestItemsTable","viewName":"etm.portal.ui.managerequests.view.NewRequest"}},"interaction":{"idSuffix":"inner"}},"clearTextFirst":true,"interactionType":"ENTER_TEXT"}]}
COMMAND: GET /session/e0f9f5aee1597ce8ab84fc4949c39ac3/screenshot - {}
RESULT: {"script":"<script> [776 bytes]","args":[{"enterText":"tag-duplicate","selector":{"controlType":"sap.m.Input","viewName":"etm.portal.ui.managerequests.view.NewRequest","bindingPath":{"path":"","propertyPath":"/Tags","modelName":"catalogModel"},"ancestor":{"controlType":"sap.m.ColumnListItem","viewName":"etm.portal.ui.managerequests.view.NewRequest","bindingPath":{"modelName":"newRequestItems","path":"/RequestItems/1"},"ancestor":{"id":"requestItemsTable","viewName":"etm.portal.ui.managerequests.view.NewRequest"}},"interaction":{"idSuffix":"inner"}},"clearTextFirst":true,"interactionType":"ENTER_TEXT"}]}
RESULT: {}
COMMAND: POST /session/e0f9f5aee1597ce8ab84fc4949c39ac3/actions - {"actions":[{"id":"action18","type":"key","parameters":{},"actions":[{"type":"keyDown","value":"î€‡"},{"type":"pause","duration":10},{"type":"keyUp","value":"î€‡"}]}]}
RESULT: {"actions":[{"id":"action18","type":"key","parameters":{},"actions":[{"type":"keyDown","value":"î€‡"},{"type":"pause","duration":10},{"type":"keyUp","value":"î€‡"}]}]}
COMMAND: GET /session/e0f9f5aee1597ce8ab84fc4949c39ac3/screenshot - {}
RESULT: {}
COMMAND: POST /session/e0f9f5aee1597ce8ab84fc4949c39ac3/execute/async - {"script":"<script> [1562 bytes]","args":[{"selector":{"controlType":"sap.ui.core.Icon","viewName":"etm.portal.ui.managerequests.view.NewRequest","properties":{"src":{"regex":{"source":"slim\\-arrow\\-down"}}},"ancestor":{"controlType":"sap.m.Button","viewName":"etm.portal.ui.managerequests.view.NewRequest","properties":{"icon":"sap-icon://slim-arrow-down"}}},"wdio_ui5_key":"etmportal.ui.managerequests.view.NewRequestsap.ui.core.Icon{\"src\":{\"regex\":{\"source\":\"slim\\\\-arrow\\\\-down\"}}}{\"controlType\":\"sap.m.Button\",\"viewName\":\"etm.portal.ui.managerequests.view.NewRequest\",\"properties\":{\"icon\":\"sap-icon://slim-arrow-down\"}}"}]}
RESULT: {"script":"<script> [1562 bytes]","args":[{"selector":{"controlType":"sap.ui.core.Icon","viewName":"etm.portal.ui.managerequests.view.NewRequest","properties":{"src":{"regex":{"source":"slim\\-arrow\\-down"}}},"ancestor":{"controlType":"sap.m.Button","viewName":"etm.portal.ui.managerequests.view.NewRequest","properties":{"icon":"sap-icon://slim-arrow-down"}}},"wdio_ui5_key":"etmportal.ui.managerequests.view.NewRequestsap.ui.core.Icon{\"src\":{\"regex\":{\"source\":\"slim\\\\-arrow\\\\-down\"}}}{\"controlType\":\"sap.m.Button\",\"viewName\":\"etm.portal.ui.managerequests.view.NewRequest\",\"properties\":{\"icon\":\"sap-icon://slim-arrow-down\"}}"}]}
RESULT: undefined
COMMAND: POST /session/e0f9f5aee1597ce8ab84fc4949c39ac3/element - {"using":"xpath","value":"//*[@id=\"__title25-expandBtn-img\"]"}
RESULT: {"using":"xpath","value":"//*[@id=\"__title25-expandBtn-img\"]"}
COMMAND: POST /session/e0f9f5aee1597ce8ab84fc4949c39ac3/element/f.16219B07342047CC16B1B6C41B76C932.d.6FA29B592B5A08FC0696E3EDD9ED07BE.e.3298/click - {}
RESULT: {}
COMMAND: GET /session/e0f9f5aee1597ce8ab84fc4949c39ac3/screenshot - {}
RESULT: {}
COMMAND: POST /session/e0f9f5aee1597ce8ab84fc4949c39ac3/element - {"using":"xpath","value":"//div[contains(@data-kt ,\"splitAllocationObjectStatus\")]"}
RESULT: {"using":"xpath","value":"//div[contains(@data-kt ,\"splitAllocationObjectStatus\")]"}
COMMAND: POST /session/e0f9f5aee1597ce8ab84fc4949c39ac3/elements - {"using":"xpath","value":"//div[contains(@data-kt ,\"splitAllocationObjectStatus\")]"}
RESULT: {"using":"xpath","value":"//div[contains(@data-kt ,\"splitAllocationObjectStatus\")]"}
COMMAND: POST /session/e0f9f5aee1597ce8ab84fc4949c39ac3/execute/async - {"script":"<script> [1562 bytes]","args":[{"selector":{"controlType":"sap.ui.core.Icon","viewName":"etm.portal.ui.managerequests.view.NewRequest","properties":{"src":{"regex":{"source":"message\\-error"}}},"ancestor":{"controlType":"sap.m.ColumnListItem","viewName":"etm.portal.ui.managerequests.view.NewRequest","bindingPath":{"modelName":"newRequestItems","path":"/RequestItems/0"},"ancestor":{"id":"requestItemsTable","viewName":"etm.portal.ui.managerequests.view.NewRequest"}}},"wdio_ui5_key":"etmportal.ui.managerequests.view.NewRequestsap.ui.core.Icon{\"src\":{\"regex\":{\"source\":\"message\\\\-error\"}}}{\"controlType\":\"sap.m.ColumnListItem\",\"viewName\":\"etm.portal.ui.managerequests.view.NewRequest\",\"bindingPath\":{\"modelName\":\"newRequestItems\",\"path\":\"/RequestItems/0\"},\"ancestor\":{\"id\":\"requestItemsTable\",\"viewName\":\"etm.portal.ui.managerequests.view.NewRequest\"}}"}]}
RESULT: {"script":"<script> [1562 bytes]","args":[{"selector":{"controlType":"sap.ui.core.Icon","viewName":"etm.portal.ui.managerequests.view.NewRequest","properties":{"src":{"regex":{"source":"message\\-error"}}},"ancestor":{"controlType":"sap.m.ColumnListItem","viewName":"etm.portal.ui.managerequests.view.NewRequest","bindingPath":{"modelName":"newRequestItems","path":"/RequestItems/0"},"ancestor":{"id":"requestItemsTable","viewName":"etm.portal.ui.managerequests.view.NewRequest"}}},"wdio_ui5_key":"etmportal.ui.managerequests.view.NewRequestsap.ui.core.Icon{\"src\":{\"regex\":{\"source\":\"message\\\\-error\"}}}{\"controlType\":\"sap.m.ColumnListItem\",\"viewName\":\"etm.portal.ui.managerequests.view.NewRequest\",\"bindingPath\":{\"modelName\":\"newRequestItems\",\"path\":\"/RequestItems/0\"},\"ancestor\":{\"id\":\"requestItemsTable\",\"viewName\":\"etm.portal.ui.managerequests.view.NewRequest\"}}"}]}
RESULT: undefined
COMMAND: POST /session/e0f9f5aee1597ce8ab84fc4949c39ac3/element - {"using":"xpath","value":"//*[@id=\"__status6-__xmlview59--requestItemsTable-0-icon\"]"}
RESULT: {"using":"xpath","value":"//*[@id=\"__status6-__xmlview59--requestItemsTable-0-icon\"]"}
COMMAND: POST /session/e0f9f5aee1597ce8ab84fc4949c39ac3/element/f.16219B07342047CC16B1B6C41B76C932.d.6FA29B592B5A08FC0696E3EDD9ED07BE.e.3279/click - {}
RESULT: {}
COMMAND: GET /session/e0f9f5aee1597ce8ab84fc4949c39ac3/screenshot - {}
RESULT: {}
COMMAND: POST /session/e0f9f5aee1597ce8ab84fc4949c39ac3/execute/async - {"script":"<script> [1562 bytes]","args":[{"selector":{"id":"costObjectAdminTypeComboBox","viewName":"etm.portal.ui.managerequests.view.NewRequest","searchOpenDialogs":true,"interaction":{"idSuffix":"inner"}},"wdio_ui5_key":"costObjectAdminTypeComboBoxetmportal.ui.managerequests.view.NewRequest"}]}
RESULT: {"script":"<script> [1562 bytes]","args":[{"selector":{"id":"costObjectAdminTypeComboBox","viewName":"etm.portal.ui.managerequests.view.NewRequest","searchOpenDialogs":true,"interaction":{"idSuffix":"inner"}},"wdio_ui5_key":"costObjectAdminTypeComboBoxetmportal.ui.managerequests.view.NewRequest"}]}
RESULT: undefined
COMMAND: POST /session/e0f9f5aee1597ce8ab84fc4949c39ac3/execute/async - {"script":"<script> [776 bytes]","args":[{"enterText":"Cost Center","selector":{"id":"costObjectAdminTypeComboBox","viewName":"etm.portal.ui.managerequests.view.NewRequest","searchOpenDialogs":true,"interaction":{"idSuffix":"inner"}},"clearTextFirst":true,"interactionType":"ENTER_TEXT"}]}
RESULT: {"script":"<script> [776 bytes]","args":[{"enterText":"Cost Center","selector":{"id":"costObjectAdminTypeComboBox","viewName":"etm.portal.ui.managerequests.view.NewRequest","searchOpenDialogs":true,"interaction":{"idSuffix":"inner"}},"clearTextFirst":true,"interactionType":"ENTER_TEXT"}]}
COMMAND: POST /session/e0f9f5aee1597ce8ab84fc4949c39ac3/actions - {"actions":[{"id":"action19","type":"key","parameters":{},"actions":[{"type":"keyDown","value":"î€‡"},{"type":"pause","duration":10},{"type":"keyUp","value":"î€‡"}]}]}
RESULT: {"actions":[{"id":"action19","type":"key","parameters":{},"actions":[{"type":"keyDown","value":"î€‡"},{"type":"pause","duration":10},{"type":"keyUp","value":"î€‡"}]}]}
COMMAND: GET /session/e0f9f5aee1597ce8ab84fc4949c39ac3/screenshot - {}
RESULT: {}
COMMAND: POST /session/e0f9f5aee1597ce8ab84fc4949c39ac3/execute/async - {"script":"<script> [1562 bytes]","args":[{"selector":{"id":"costObjectIdComboBox","viewName":"etm.portal.ui.managerequests.view.NewRequest","searchOpenDialogs":true,"interaction":{"idSuffix":"inner"}},"wdio_ui5_key":"costObjectIdComboBoxetmportal.ui.managerequests.view.NewRequest"}]}
RESULT: {"script":"<script> [1562 bytes]","args":[{"selector":{"id":"costObjectIdComboBox","viewName":"etm.portal.ui.managerequests.view.NewRequest","searchOpenDialogs":true,"interaction":{"idSuffix":"inner"}},"wdio_ui5_key":"costObjectIdComboBoxetmportal.ui.managerequests.view.NewRequest"}]}
RESULT: undefined
COMMAND: POST /session/e0f9f5aee1597ce8ab84fc4949c39ac3/execute/async - {"script":"<script> [776 bytes]","args":[{"enterText":"1001 - 1001","selector":{"id":"costObjectIdComboBox","viewName":"etm.portal.ui.managerequests.view.NewRequest","searchOpenDialogs":true,"interaction":{"idSuffix":"inner"}},"clearTextFirst":true,"interactionType":"ENTER_TEXT"}]}
RESULT: {"script":"<script> [776 bytes]","args":[{"enterText":"1001 - 1001","selector":{"id":"costObjectIdComboBox","viewName":"etm.portal.ui.managerequests.view.NewRequest","searchOpenDialogs":true,"interaction":{"idSuffix":"inner"}},"clearTextFirst":true,"interactionType":"ENTER_TEXT"}]}
COMMAND: POST /session/e0f9f5aee1597ce8ab84fc4949c39ac3/actions - {"actions":[{"id":"action20","type":"key","parameters":{},"actions":[{"type":"keyDown","value":"î€‡"},{"type":"pause","duration":10},{"type":"keyUp","value":"î€‡"}]}]}
RESULT: {"actions":[{"id":"action20","type":"key","parameters":{},"actions":[{"type":"keyDown","value":"î€‡"},{"type":"pause","duration":10},{"type":"keyUp","value":"î€‡"}]}]}
COMMAND: GET /session/e0f9f5aee1597ce8ab84fc4949c39ac3/screenshot - {}
RESULT: {}
COMMAND: POST /session/e0f9f5aee1597ce8ab84fc4949c39ac3/element - {"using":"xpath","value":"(//bdi[(text() = 'Save' or . = 'Save')])[1]"}
RESULT: {"using":"xpath","value":"(//bdi[(text() = 'Save' or . = 'Save')])[1]"}
COMMAND: POST /session/e0f9f5aee1597ce8ab84fc4949c39ac3/element/f.16219B07342047CC16B1B6C41B76C932.d.6FA29B592B5A08FC0696E3EDD9ED07BE.e.3318/click - {}
RESULT: {}
COMMAND: POST /session/e0f9f5aee1597ce8ab84fc4949c39ac3/execute/async - {"script":"<script> [1562 bytes]","args":[{"selector":{"controlType":"sap.ui.core.Icon","viewName":"etm.portal.ui.managerequests.view.NewRequest","properties":{"src":{"regex":{"source":"message\\-error"}}},"ancestor":{"controlType":"sap.m.ColumnListItem","viewName":"etm.portal.ui.managerequests.view.NewRequest","bindingPath":{"modelName":"newRequestItems","path":"/RequestItems/1"},"ancestor":{"id":"requestItemsTable","viewName":"etm.portal.ui.managerequests.view.NewRequest"}}},"wdio_ui5_key":"etmportal.ui.managerequests.view.NewRequestsap.ui.core.Icon{\"src\":{\"regex\":{\"source\":\"message\\\\-error\"}}}{\"controlType\":\"sap.m.ColumnListItem\",\"viewName\":\"etm.portal.ui.managerequests.view.NewRequest\",\"bindingPath\":{\"modelName\":\"newRequestItems\",\"path\":\"/RequestItems/1\"},\"ancestor\":{\"id\":\"requestItemsTable\",\"viewName\":\"etm.portal.ui.managerequests.view.NewRequest\"}}"}]}
COMMAND: GET /session/e0f9f5aee1597ce8ab84fc4949c39ac3/screenshot - {}
RESULT: {"script":"<script> [1562 bytes]","args":[{"selector":{"controlType":"sap.ui.core.Icon","viewName":"etm.portal.ui.managerequests.view.NewRequest","properties":{"src":{"regex":{"source":"message\\-error"}}},"ancestor":{"controlType":"sap.m.ColumnListItem","viewName":"etm.portal.ui.managerequests.view.NewRequest","bindingPath":{"modelName":"newRequestItems","path":"/RequestItems/1"},"ancestor":{"id":"requestItemsTable","viewName":"etm.portal.ui.managerequests.view.NewRequest"}}},"wdio_ui5_key":"etmportal.ui.managerequests.view.NewRequestsap.ui.core.Icon{\"src\":{\"regex\":{\"source\":\"message\\\\-error\"}}}{\"controlType\":\"sap.m.ColumnListItem\",\"viewName\":\"etm.portal.ui.managerequests.view.NewRequest\",\"bindingPath\":{\"modelName\":\"newRequestItems\",\"path\":\"/RequestItems/1\"},\"ancestor\":{\"id\":\"requestItemsTable\",\"viewName\":\"etm.portal.ui.managerequests.view.NewRequest\"}}"}]}
RESULT: undefined
COMMAND: POST /session/e0f9f5aee1597ce8ab84fc4949c39ac3/element - {"using":"xpath","value":"//*[@id=\"__status6-__xmlview59--requestItemsTable-1-icon\"]"}
RESULT: {}
RESULT: {"using":"xpath","value":"//*[@id=\"__status6-__xmlview59--requestItemsTable-1-icon\"]"}
COMMAND: POST /session/e0f9f5aee1597ce8ab84fc4949c39ac3/element/f.16219B07342047CC16B1B6C41B76C932.d.6FA29B592B5A08FC0696E3EDD9ED07BE.e.3296/click - {}
RESULT: {}
COMMAND: GET /session/e0f9f5aee1597ce8ab84fc4949c39ac3/screenshot - {}
RESULT: {}
RESULT: undefined
COMMAND: POST /session/e0f9f5aee1597ce8ab84fc4949c39ac3/execute/async - {"script":"<script> [776 bytes]","args":[{"enterText":"Cost Center","selector":{"id":"costObjectAdminTypeComboBox","viewName":"etm.portal.ui.managerequests.view.NewRequest","searchOpenDialogs":true,"interaction":{"idSuffix":"inner"}},"clearTextFirst":true,"interactionType":"ENTER_TEXT"}]}
RESULT: {"script":"<script> [776 bytes]","args":[{"enterText":"Cost Center","selector":{"id":"costObjectAdminTypeComboBox","viewName":"etm.portal.ui.managerequests.view.NewRequest","searchOpenDialogs":true,"interaction":{"idSuffix":"inner"}},"clearTextFirst":true,"interactionType":"ENTER_TEXT"}]}
COMMAND: POST /session/e0f9f5aee1597ce8ab84fc4949c39ac3/actions - {"actions":[{"id":"action21","type":"key","parameters":{},"actions":[{"type":"keyDown","value":"î€‡"},{"type":"pause","duration":10},{"type":"keyUp","value":"î€‡"}]}]}
RESULT: {"actions":[{"id":"action21","type":"key","parameters":{},"actions":[{"type":"keyDown","value":"î€‡"},{"type":"pause","duration":10},{"type":"keyUp","value":"î€‡"}]}]}
COMMAND: GET /session/e0f9f5aee1597ce8ab84fc4949c39ac3/screenshot - {}
RESULT: {}
RESULT: undefined
COMMAND: POST /session/e0f9f5aee1597ce8ab84fc4949c39ac3/execute/async - {"script":"<script> [776 bytes]","args":[{"enterText":"1001 - 1001","selector":{"id":"costObjectIdComboBox","viewName":"etm.portal.ui.managerequests.view.NewRequest","searchOpenDialogs":true,"interaction":{"idSuffix":"inner"}},"clearTextFirst":true,"interactionType":"ENTER_TEXT"}]}
RESULT: {"script":"<script> [776 bytes]","args":[{"enterText":"1001 - 1001","selector":{"id":"costObjectIdComboBox","viewName":"etm.portal.ui.managerequests.view.NewRequest","searchOpenDialogs":true,"interaction":{"idSuffix":"inner"}},"clearTextFirst":true,"interactionType":"ENTER_TEXT"}]}
COMMAND: POST /session/e0f9f5aee1597ce8ab84fc4949c39ac3/actions - {"actions":[{"id":"action22","type":"key","parameters":{},"actions":[{"type":"keyDown","value":"î€‡"},{"type":"pause","duration":10},{"type":"keyUp","value":"î€‡"}]}]}
RESULT: {"actions":[{"id":"action22","type":"key","parameters":{},"actions":[{"type":"keyDown","value":"î€‡"},{"type":"pause","duration":10},{"type":"keyUp","value":"î€‡"}]}]}
COMMAND: GET /session/e0f9f5aee1597ce8ab84fc4949c39ac3/screenshot - {}
RESULT: {}
COMMAND: POST /session/e0f9f5aee1597ce8ab84fc4949c39ac3/element - {"using":"xpath","value":"(//bdi[(text() = 'Save' or . = 'Save')])[1]"}
RESULT: {"using":"xpath","value":"(//bdi[(text() = 'Save' or . = 'Save')])[1]"}
COMMAND: POST /session/e0f9f5aee1597ce8ab84fc4949c39ac3/element/f.16219B07342047CC16B1B6C41B76C932.d.6FA29B592B5A08FC0696E3EDD9ED07BE.e.3332/click - {}
RESULT: {}
COMMAND: POST /session/e0f9f5aee1597ce8ab84fc4949c39ac3/execute/async - {"script":"<script> [1562 bytes]","args":[{"selector":{"controlType":"sap.ui.core.Icon","viewName":"etm.portal.ui.managerequests.view.NewRequest","properties":{"src":{"regex":{"source":"decline"}}},"ancestor":{"controlType":"sap.m.Token","viewName":"etm.portal.ui.managerequests.view.NewRequest","bindingPath":{"path":"/RequestItems/0/TOKENS/0","propertyPath":"TAG","modelName":"newRequestItems"}}},"wdio_ui5_key":"etmportal.ui.managerequests.view.NewRequestsap.ui.core.Icon{\"src\":{\"regex\":{\"source\":\"decline\"}}}{\"controlType\":\"sap.m.Token\",\"viewName\":\"etm.portal.ui.managerequests.view.NewRequest\",\"bindingPath\":{\"path\":\"/RequestItems/0/TOKENS/0\",\"propertyPath\":\"TAG\",\"modelName\":\"newRequestItems\"}}"}]}
COMMAND: GET /session/e0f9f5aee1597ce8ab84fc4949c39ac3/screenshot - {}
RESULT: {"script":"<script> [1562 bytes]","args":[{"selector":{"controlType":"sap.ui.core.Icon","viewName":"etm.portal.ui.managerequests.view.NewRequest","properties":{"src":{"regex":{"source":"decline"}}},"ancestor":{"controlType":"sap.m.Token","viewName":"etm.portal.ui.managerequests.view.NewRequest","bindingPath":{"path":"/RequestItems/0/TOKENS/0","propertyPath":"TAG","modelName":"newRequestItems"}}},"wdio_ui5_key":"etmportal.ui.managerequests.view.NewRequestsap.ui.core.Icon{\"src\":{\"regex\":{\"source\":\"decline\"}}}{\"controlType\":\"sap.m.Token\",\"viewName\":\"etm.portal.ui.managerequests.view.NewRequest\",\"bindingPath\":{\"path\":\"/RequestItems/0/TOKENS/0\",\"propertyPath\":\"TAG\",\"modelName\":\"newRequestItems\"}}"}]}
RESULT: undefined
COMMAND: POST /session/e0f9f5aee1597ce8ab84fc4949c39ac3/element - {"using":"xpath","value":"//*[@id=\"__token7-__tokenizer62-__xmlview59--requestItemsTable-0-0-icon\"]"}
RESULT: {}
RESULT: {"using":"xpath","value":"//*[@id=\"__token7-__tokenizer62-__xmlview59--requestItemsTable-0-0-icon\"]"}
COMMAND: POST /session/e0f9f5aee1597ce8ab84fc4949c39ac3/element/f.16219B07342047CC16B1B6C41B76C932.d.6FA29B592B5A08FC0696E3EDD9ED07BE.e.3334/click - {}
RESULT: {}
COMMAND: GET /session/e0f9f5aee1597ce8ab84fc4949c39ac3/screenshot - {}
RESULT: {}
COMMAND: POST /session/e0f9f5aee1597ce8ab84fc4949c39ac3/actions - {"actions":[{"id":"action23","type":"key","parameters":{},"actions":[{"type":"keyDown","value":"î€Œ"},{"type":"pause","duration":10},{"type":"keyUp","value":"î€Œ"}]}]}
RESULT: {"actions":[{"id":"action23","type":"key","parameters":{},"actions":[{"type":"keyDown","value":"î€Œ"},{"type":"pause","duration":10},{"type":"keyUp","value":"î€Œ"}]}]}
COMMAND: GET /session/e0f9f5aee1597ce8ab84fc4949c39ac3/screenshot - {}
RESULT: {}
COMMAND: POST /session/e0f9f5aee1597ce8ab84fc4949c39ac3/execute/async - {"script":"<script> [1562 bytes]","args":[{"selector":{"controlType":"sap.m.Tokenizer","viewName":"etm.portal.ui.managerequests.view.NewRequest","bindingPath":{"path":"/RequestItems/0","propertyPath":"TOKENS","modelName":"newRequestItems"}},"wdio_ui5_key":"etmportal.ui.managerequests.view.NewRequestsap.m.Tokenizer{\"path\":\"/RequestItems/0\",\"propertyPath\":\"TOKENS\",\"modelName\":\"newRequestItems\"}"}]}
RESULT: {"script":"<script> [1562 bytes]","args":[{"selector":{"controlType":"sap.m.Tokenizer","viewName":"etm.portal.ui.managerequests.view.NewRequest","bindingPath":{"path":"/RequestItems/0","propertyPath":"TOKENS","modelName":"newRequestItems"}},"wdio_ui5_key":"etmportal.ui.managerequests.view.NewRequestsap.m.Tokenizer{\"path\":\"/RequestItems/0\",\"propertyPath\":\"TOKENS\",\"modelName\":\"newRequestItems\"}"}]}
RESULT: undefined
COMMAND: POST /session/e0f9f5aee1597ce8ab84fc4949c39ac3/execute/async - {"script":"<script> [6424 bytes]","args":[{"element-6066-11e4-a52e-4f735466cecf":"f.16219B07342047CC16B1B6C41B76C932.d.6FA29B592B5A08FC0696E3EDD9ED07BE.e.3340"},"getTokens",[]]}
RESULT: {"script":"<script> [6424 bytes]","args":[{"element-6066-11e4-a52e-4f735466cecf":"f.16219B07342047CC16B1B6C41B76C932.d.6FA29B592B5A08FC0696E3EDD9ED07BE.e.3340"},"getTokens",[]]}
COMMAND: POST /session/e0f9f5aee1597ce8ab84fc4949c39ac3/execute/async - {"script":"<script> [1562 bytes]","args":[{"wdio_ui5_key":"__token7-__tokenizer62-__xmlview59--requestItemsTable-0-0","selector":{"id":"__token7-__tokenizer62-__xmlview59--requestItemsTable-0-0"}}]}
RESULT: {"script":"<script> [1562 bytes]","args":[{"wdio_ui5_key":"__token7-__tokenizer62-__xmlview59--requestItemsTable-0-0","selector":{"id":"__token7-__tokenizer62-__xmlview59--requestItemsTable-0-0"}}]}
RESULT: undefined
RESULT: undefined
COMMAND: POST /session/e0f9f5aee1597ce8ab84fc4949c39ac3/execute/async - {"script":"<script> [776 bytes]","args":[{"enterText":"tagRequest1","selector":{"controlType":"sap.m.Input","viewName":"etm.portal.ui.managerequests.view.NewRequest","bindingPath":{"path":"","propertyPath":"/Tags","modelName":"catalogModel"},"ancestor":{"controlType":"sap.m.ColumnListItem","viewName":"etm.portal.ui.managerequests.view.NewRequest","bindingPath":{"modelName":"newRequestItems","path":"/RequestItems/0"},"ancestor":{"id":"requestItemsTable","viewName":"etm.portal.ui.managerequests.view.NewRequest"}},"interaction":{"idSuffix":"inner"}},"clearTextFirst":true,"interactionType":"ENTER_TEXT"}]}
RESULT: {"script":"<script> [776 bytes]","args":[{"enterText":"tagRequest1","selector":{"controlType":"sap.m.Input","viewName":"etm.portal.ui.managerequests.view.NewRequest","bindingPath":{"path":"","propertyPath":"/Tags","modelName":"catalogModel"},"ancestor":{"controlType":"sap.m.ColumnListItem","viewName":"etm.portal.ui.managerequests.view.NewRequest","bindingPath":{"modelName":"newRequestItems","path":"/RequestItems/0"},"ancestor":{"id":"requestItemsTable","viewName":"etm.portal.ui.managerequests.view.NewRequest"}},"interaction":{"idSuffix":"inner"}},"clearTextFirst":true,"interactionType":"ENTER_TEXT"}]}
COMMAND: POST /session/e0f9f5aee1597ce8ab84fc4949c39ac3/actions - {"actions":[{"id":"action24","type":"key","parameters":{},"actions":[{"type":"keyDown","value":"î€‡"},{"type":"pause","duration":10},{"type":"keyUp","value":"î€‡"}]}]}
RESULT: {"actions":[{"id":"action24","type":"key","parameters":{},"actions":[{"type":"keyDown","value":"î€‡"},{"type":"pause","duration":10},{"type":"keyUp","value":"î€‡"}]}]}
COMMAND: GET /session/e0f9f5aee1597ce8ab84fc4949c39ac3/screenshot - {}
RESULT: {}
RESULT: undefined
COMMAND: POST /session/e0f9f5aee1597ce8ab84fc4949c39ac3/execute/async - {"script":"<script> [6424 bytes]","args":[{"element-6066-11e4-a52e-4f735466cecf":"f.16219B07342047CC16B1B6C41B76C932.d.6FA29B592B5A08FC0696E3EDD9ED07BE.e.3340"},"getTokens",[]]}
RESULT: {"script":"<script> [6424 bytes]","args":[{"element-6066-11e4-a52e-4f735466cecf":"f.16219B07342047CC16B1B6C41B76C932.d.6FA29B592B5A08FC0696E3EDD9ED07BE.e.3340"},"getTokens",[]]}
COMMAND: POST /session/e0f9f5aee1597ce8ab84fc4949c39ac3/execute/async - {"script":"<script> [1562 bytes]","args":[{"wdio_ui5_key":"__token7-__tokenizer62-__xmlview59--requestItemsTable-0-1","selector":{"id":"__token7-__tokenizer62-__xmlview59--requestItemsTable-0-1"}}]}
RESULT: undefined
RESULT: {"script":"<script> [1562 bytes]","args":[{"wdio_ui5_key":"__token7-__tokenizer62-__xmlview59--requestItemsTable-0-1","selector":{"id":"__token7-__tokenizer62-__xmlview59--requestItemsTable-0-1"}}]}
RESULT: undefined
COMMAND: POST /session/e0f9f5aee1597ce8ab84fc4949c39ac3/execute/async - {"script":"<script> [1562 bytes]","args":[{"selector":{"controlType":"sap.ui.core.Icon","viewName":"etm.portal.ui.managerequests.view.NewRequest","properties":{"src":{"regex":{"source":"decline"}}},"ancestor":{"controlType":"sap.m.Token","viewName":"etm.portal.ui.managerequests.view.NewRequest","bindingPath":{"path":"/RequestItems/1/TOKENS/0","propertyPath":"TAG","modelName":"newRequestItems"}}},"wdio_ui5_key":"etmportal.ui.managerequests.view.NewRequestsap.ui.core.Icon{\"src\":{\"regex\":{\"source\":\"decline\"}}}{\"controlType\":\"sap.m.Token\",\"viewName\":\"etm.portal.ui.managerequests.view.NewRequest\",\"bindingPath\":{\"path\":\"/RequestItems/1/TOKENS/0\",\"propertyPath\":\"TAG\",\"modelName\":\"newRequestItems\"}}"}]}
RESULT: {"script":"<script> [1562 bytes]","args":[{"selector":{"controlType":"sap.ui.core.Icon","viewName":"etm.portal.ui.managerequests.view.NewRequest","properties":{"src":{"regex":{"source":"decline"}}},"ancestor":{"controlType":"sap.m.Token","viewName":"etm.portal.ui.managerequests.view.NewRequest","bindingPath":{"path":"/RequestItems/1/TOKENS/0","propertyPath":"TAG","modelName":"newRequestItems"}}},"wdio_ui5_key":"etmportal.ui.managerequests.view.NewRequestsap.ui.core.Icon{\"src\":{\"regex\":{\"source\":\"decline\"}}}{\"controlType\":\"sap.m.Token\",\"viewName\":\"etm.portal.ui.managerequests.view.NewRequest\",\"bindingPath\":{\"path\":\"/RequestItems/1/TOKENS/0\",\"propertyPath\":\"TAG\",\"modelName\":\"newRequestItems\"}}"}]}
RESULT: undefined
COMMAND: POST /session/e0f9f5aee1597ce8ab84fc4949c39ac3/element - {"using":"xpath","value":"//*[@id=\"__token7-__tokenizer62-__xmlview59--requestItemsTable-1-0-icon\"]"}
RESULT: {"using":"xpath","value":"//*[@id=\"__token7-__tokenizer62-__xmlview59--requestItemsTable-1-0-icon\"]"}
COMMAND: POST /session/e0f9f5aee1597ce8ab84fc4949c39ac3/element/f.16219B07342047CC16B1B6C41B76C932.d.6FA29B592B5A08FC0696E3EDD9ED07BE.e.3342/click - {}
RESULT: {}
COMMAND: GET /session/e0f9f5aee1597ce8ab84fc4949c39ac3/screenshot - {}
RESULT: {}
COMMAND: POST /session/e0f9f5aee1597ce8ab84fc4949c39ac3/actions - {"actions":[{"id":"action25","type":"key","parameters":{},"actions":[{"type":"keyDown","value":"î€Œ"},{"type":"pause","duration":10},{"type":"keyUp","value":"î€Œ"}]}]}
RESULT: {"actions":[{"id":"action25","type":"key","parameters":{},"actions":[{"type":"keyDown","value":"î€Œ"},{"type":"pause","duration":10},{"type":"keyUp","value":"î€Œ"}]}]}
COMMAND: GET /session/e0f9f5aee1597ce8ab84fc4949c39ac3/screenshot - {}
RESULT: {}
COMMAND: POST /session/e0f9f5aee1597ce8ab84fc4949c39ac3/execute/async - {"script":"<script> [1562 bytes]","args":[{"selector":{"controlType":"sap.m.Tokenizer","viewName":"etm.portal.ui.managerequests.view.NewRequest","bindingPath":{"path":"/RequestItems/1","propertyPath":"TOKENS","modelName":"newRequestItems"}},"wdio_ui5_key":"etmportal.ui.managerequests.view.NewRequestsap.m.Tokenizer{\"path\":\"/RequestItems/1\",\"propertyPath\":\"TOKENS\",\"modelName\":\"newRequestItems\"}"}]}
RESULT: {"script":"<script> [1562 bytes]","args":[{"selector":{"controlType":"sap.m.Tokenizer","viewName":"etm.portal.ui.managerequests.view.NewRequest","bindingPath":{"path":"/RequestItems/1","propertyPath":"TOKENS","modelName":"newRequestItems"}},"wdio_ui5_key":"etmportal.ui.managerequests.view.NewRequestsap.m.Tokenizer{\"path\":\"/RequestItems/1\",\"propertyPath\":\"TOKENS\",\"modelName\":\"newRequestItems\"}"}]}
RESULT: undefined
COMMAND: POST /session/e0f9f5aee1597ce8ab84fc4949c39ac3/execute/async - {"script":"<script> [6424 bytes]","args":[{"element-6066-11e4-a52e-4f735466cecf":"f.16219B07342047CC16B1B6C41B76C932.d.6FA29B592B5A08FC0696E3EDD9ED07BE.e.3348"},"getTokens",[]]}
RESULT: {"script":"<script> [6424 bytes]","args":[{"element-6066-11e4-a52e-4f735466cecf":"f.16219B07342047CC16B1B6C41B76C932.d.6FA29B592B5A08FC0696E3EDD9ED07BE.e.3348"},"getTokens",[]]}
COMMAND: POST /session/e0f9f5aee1597ce8ab84fc4949c39ac3/execute/async - {"script":"<script> [1562 bytes]","args":[{"wdio_ui5_key":"__token7-__tokenizer62-__xmlview59--requestItemsTable-1-0","selector":{"id":"__token7-__tokenizer62-__xmlview59--requestItemsTable-1-0"}}]}
RESULT: {"script":"<script> [1562 bytes]","args":[{"wdio_ui5_key":"__token7-__tokenizer62-__xmlview59--requestItemsTable-1-0","selector":{"id":"__token7-__tokenizer62-__xmlview59--requestItemsTable-1-0"}}]}
RESULT: undefined
RESULT: undefined
COMMAND: POST /session/e0f9f5aee1597ce8ab84fc4949c39ac3/execute/async - {"script":"<script> [776 bytes]","args":[{"enterText":"tagRequest1","selector":{"controlType":"sap.m.Input","viewName":"etm.portal.ui.managerequests.view.NewRequest","bindingPath":{"path":"","propertyPath":"/Tags","modelName":"catalogModel"},"ancestor":{"controlType":"sap.m.ColumnListItem","viewName":"etm.portal.ui.managerequests.view.NewRequest","bindingPath":{"modelName":"newRequestItems","path":"/RequestItems/1"},"ancestor":{"id":"requestItemsTable","viewName":"etm.portal.ui.managerequests.view.NewRequest"}},"interaction":{"idSuffix":"inner"}},"clearTextFirst":true,"interactionType":"ENTER_TEXT"}]}
RESULT: {"script":"<script> [776 bytes]","args":[{"enterText":"tagRequest1","selector":{"controlType":"sap.m.Input","viewName":"etm.portal.ui.managerequests.view.NewRequest","bindingPath":{"path":"","propertyPath":"/Tags","modelName":"catalogModel"},"ancestor":{"controlType":"sap.m.ColumnListItem","viewName":"etm.portal.ui.managerequests.view.NewRequest","bindingPath":{"modelName":"newRequestItems","path":"/RequestItems/1"},"ancestor":{"id":"requestItemsTable","viewName":"etm.portal.ui.managerequests.view.NewRequest"}},"interaction":{"idSuffix":"inner"}},"clearTextFirst":true,"interactionType":"ENTER_TEXT"}]}
COMMAND: POST /session/e0f9f5aee1597ce8ab84fc4949c39ac3/actions - {"actions":[{"id":"action26","type":"key","parameters":{},"actions":[{"type":"keyDown","value":"î€‡"},{"type":"pause","duration":10},{"type":"keyUp","value":"î€‡"}]}]}
RESULT: {"actions":[{"id":"action26","type":"key","parameters":{},"actions":[{"type":"keyDown","value":"î€‡"},{"type":"pause","duration":10},{"type":"keyUp","value":"î€‡"}]}]}
COMMAND: GET /session/e0f9f5aee1597ce8ab84fc4949c39ac3/screenshot - {}
RESULT: {}
RESULT: undefined
COMMAND: POST /session/e0f9f5aee1597ce8ab84fc4949c39ac3/execute/async - {"script":"<script> [6424 bytes]","args":[{"element-6066-11e4-a52e-4f735466cecf":"f.16219B07342047CC16B1B6C41B76C932.d.6FA29B592B5A08FC0696E3EDD9ED07BE.e.3348"},"getTokens",[]]}
RESULT: {"script":"<script> [6424 bytes]","args":[{"element-6066-11e4-a52e-4f735466cecf":"f.16219B07342047CC16B1B6C41B76C932.d.6FA29B592B5A08FC0696E3EDD9ED07BE.e.3348"},"getTokens",[]]}
COMMAND: POST /session/e0f9f5aee1597ce8ab84fc4949c39ac3/execute/async - {"script":"<script> [1562 bytes]","args":[{"wdio_ui5_key":"__token7-__tokenizer62-__xmlview59--requestItemsTable-1-1","selector":{"id":"__token7-__tokenizer62-__xmlview59--requestItemsTable-1-1"}}]}
RESULT: undefined
RESULT: {"script":"<script> [1562 bytes]","args":[{"wdio_ui5_key":"__token7-__tokenizer62-__xmlview59--requestItemsTable-1-1","selector":{"id":"__token7-__tokenizer62-__xmlview59--requestItemsTable-1-1"}}]}
RESULT: undefined
COMMAND: POST /session/e0f9f5aee1597ce8ab84fc4949c39ac3/execute/async - {"script":"<script> [1562 bytes]","args":[{"selector":{"controlType":"sap.m.Button","viewName":"etm.portal.ui.managerequests.view.NewRequest","properties":{"text":"Save"},"i18NText":{"propertyName":"tooltip","key":"save"},"interaction":{"idSuffix":"BDI-content"}},"wdio_ui5_key":"etmportal.ui.managerequests.view.NewRequestsap.m.Button{\"propertyName\":\"tooltip\",\"key\":\"save\"}{\"text\":\"Save\"}"}]}
RESULT: {"script":"<script> [1562 bytes]","args":[{"selector":{"controlType":"sap.m.Button","viewName":"etm.portal.ui.managerequests.view.NewRequest","properties":{"text":"Save"},"i18NText":{"propertyName":"tooltip","key":"save"},"interaction":{"idSuffix":"BDI-content"}},"wdio_ui5_key":"etmportal.ui.managerequests.view.NewRequestsap.m.Button{\"propertyName\":\"tooltip\",\"key\":\"save\"}{\"text\":\"Save\"}"}]}
RESULT: undefined
COMMAND: POST /session/e0f9f5aee1597ce8ab84fc4949c39ac3/element - {"using":"xpath","value":"//*[@id=\"__button117\"]"}
RESULT: {"using":"xpath","value":"//*[@id=\"__button117\"]"}
COMMAND: POST /session/e0f9f5aee1597ce8ab84fc4949c39ac3/element/f.16219B07342047CC16B1B6C41B76C932.d.6FA29B592B5A08FC0696E3EDD9ED07BE.e.3129/click - {}
RESULT: {}
COMMAND: GET /session/e0f9f5aee1597ce8ab84fc4949c39ac3/screenshot - {}
RESULT: {}
COMMAND: POST /session/e0f9f5aee1597ce8ab84fc4949c39ac3/element - {"using":"xpath","value":"//bdi[contains(@id ,\"BDI-content\")][contains(text(), \"Close\")]"}
RESULT: {"using":"xpath","value":"//bdi[contains(@id ,\"BDI-content\")][contains(text(), \"Close\")]"}
COMMAND: POST /session/e0f9f5aee1597ce8ab84fc4949c39ac3/element/f.16219B07342047CC16B1B6C41B76C932.d.6FA29B592B5A08FC0696E3EDD9ED07BE.e.3356/click - {}
RESULT: {}
COMMAND: GET /session/e0f9f5aee1597ce8ab84fc4949c39ac3/screenshot - {}
]]></system-out>
    </testcase>
    <testcase classname="chrome.136_0_7103_49.windows.Manage_Requests_Tags_Tests_US120163" name="Should Edit Request Tags" time="118.946">
      <system-out><![CDATA[
COMMAND: POST /session/e0f9f5aee1597ce8ab84fc4949c39ac3/execute/async - {"script":"<script> [1562 bytes]","args":[{"selector":{"controlType":"sap.ui.core.Icon","viewName":"etm.portal.ui.managerequests.view.Detail","properties":{"src":{"regex":{"source":"overflow"}}}},"wdio_ui5_key":"etmportal.ui.managerequests.view.Detailsap.ui.core.Icon{\"src\":{\"regex\":{\"source\":\"overflow\"}}}"}]}
RESULT: {}
RESULT: {"script":"<script> [1562 bytes]","args":[{"selector":{"controlType":"sap.ui.core.Icon","viewName":"etm.portal.ui.managerequests.view.Detail","properties":{"src":{"regex":{"source":"overflow"}}}},"wdio_ui5_key":"etmportal.ui.managerequests.view.Detailsap.ui.core.Icon{\"src\":{\"regex\":{\"source\":\"overflow\"}}}"}]}
RESULT: undefined
COMMAND: POST /session/e0f9f5aee1597ce8ab84fc4949c39ac3/element - {"using":"xpath","value":"//*[@id=\"__xmlview60--detailHeaderTitle-_actionsToolbar-overflowButton-img\"]"}
RESULT: {"using":"xpath","value":"//*[@id=\"__xmlview60--detailHeaderTitle-_actionsToolbar-overflowButton-img\"]"}
COMMAND: POST /session/e0f9f5aee1597ce8ab84fc4949c39ac3/element/f.16219B07342047CC16B1B6C41B76C932.d.6FA29B592B5A08FC0696E3EDD9ED07BE.e.3482/click - {}
RESULT: {}
COMMAND: GET /session/e0f9f5aee1597ce8ab84fc4949c39ac3/screenshot - {}
RESULT: {}
COMMAND: POST /session/e0f9f5aee1597ce8ab84fc4949c39ac3/execute/async - {"script":"<script> [1562 bytes]","args":[{"selector":{"controlType":"sap.uxap.ObjectPageHeaderActionButton","viewName":"etm.portal.ui.managerequests.view.Detail","i18NText":{"propertyName":"text","key":"edit"},"searchOpenDialogs":true,"interaction":{"idSuffix":"inner"}},"wdio_ui5_key":"etmportal.ui.managerequests.view.Detailsap.uxap.ObjectPageHeaderActionButton{\"propertyName\":\"text\",\"key\":\"edit\"}"}]}
RESULT: {"script":"<script> [1562 bytes]","args":[{"selector":{"controlType":"sap.uxap.ObjectPageHeaderActionButton","viewName":"etm.portal.ui.managerequests.view.Detail","i18NText":{"propertyName":"text","key":"edit"},"searchOpenDialogs":true,"interaction":{"idSuffix":"inner"}},"wdio_ui5_key":"etmportal.ui.managerequests.view.Detailsap.uxap.ObjectPageHeaderActionButton{\"propertyName\":\"text\",\"key\":\"edit\"}"}]}
RESULT: undefined
COMMAND: POST /session/e0f9f5aee1597ce8ab84fc4949c39ac3/element - {"using":"xpath","value":"//*[@id=\"__button138\"]"}
RESULT: {"using":"xpath","value":"//*[@id=\"__button138\"]"}
COMMAND: POST /session/e0f9f5aee1597ce8ab84fc4949c39ac3/element/f.16219B07342047CC16B1B6C41B76C932.d.6FA29B592B5A08FC0696E3EDD9ED07BE.e.3484/click - {}
RESULT: {}
COMMAND: GET /session/e0f9f5aee1597ce8ab84fc4949c39ac3/screenshot - {}
RESULT: {}
COMMAND: POST /session/e0f9f5aee1597ce8ab84fc4949c39ac3/execute/async - {"script":"<script> [1562 bytes]","args":[{"selector":{"controlType":"sap.ui.core.Icon","viewName":"etm.portal.ui.managerequests.view.Edit","properties":{"src":{"regex":{"source":"decline"}}},"ancestor":{"controlType":"sap.m.Token","viewName":"etm.portal.ui.managerequests.view.Edit","bindingPath":{"propertyPath":"TAG","modelName":"catalogModel"},"properties":{"text":"RefTag"}}},"wdio_ui5_key":"etmportal.ui.managerequests.view.Editsap.ui.core.Icon{\"src\":{\"regex\":{\"source\":\"decline\"}}}{\"controlType\":\"sap.m.Token\",\"viewName\":\"etm.portal.ui.managerequests.view.Edit\",\"bindingPath\":{\"propertyPath\":\"TAG\",\"modelName\":\"catalogModel\"},\"properties\":{\"text\":\"RefTag\"}}"}]}
RESULT: {"script":"<script> [1562 bytes]","args":[{"selector":{"controlType":"sap.ui.core.Icon","viewName":"etm.portal.ui.managerequests.view.Edit","properties":{"src":{"regex":{"source":"decline"}}},"ancestor":{"controlType":"sap.m.Token","viewName":"etm.portal.ui.managerequests.view.Edit","bindingPath":{"propertyPath":"TAG","modelName":"catalogModel"},"properties":{"text":"RefTag"}}},"wdio_ui5_key":"etmportal.ui.managerequests.view.Editsap.ui.core.Icon{\"src\":{\"regex\":{\"source\":\"decline\"}}}{\"controlType\":\"sap.m.Token\",\"viewName\":\"etm.portal.ui.managerequests.view.Edit\",\"bindingPath\":{\"propertyPath\":\"TAG\",\"modelName\":\"catalogModel\"},\"properties\":{\"text\":\"RefTag\"}}"}]}
RESULT: undefined
COMMAND: POST /session/e0f9f5aee1597ce8ab84fc4949c39ac3/element - {"using":"xpath","value":"//*[@id=\"__token13-__tokenizer64-0-icon\"]"}
RESULT: {"using":"xpath","value":"//*[@id=\"__token13-__tokenizer64-0-icon\"]"}
COMMAND: POST /session/e0f9f5aee1597ce8ab84fc4949c39ac3/element/f.16219B07342047CC16B1B6C41B76C932.d.6FA29B592B5A08FC0696E3EDD9ED07BE.e.3603/click - {}
RESULT: {}
COMMAND: POST /session/e0f9f5aee1597ce8ab84fc4949c39ac3/execute/async - {"script":"<script> [1562 bytes]","args":[{"selector":{"id":"tagMultiInputRequests","viewName":"etm.portal.ui.managerequests.view.Edit","interaction":{"idSuffix":"inner"}},"wdio_ui5_key":"tagMultiInputRequestsetmportal.ui.managerequests.view.Edit"}]}
COMMAND: GET /session/e0f9f5aee1597ce8ab84fc4949c39ac3/screenshot - {}
RESULT: {"script":"<script> [1562 bytes]","args":[{"selector":{"id":"tagMultiInputRequests","viewName":"etm.portal.ui.managerequests.view.Edit","interaction":{"idSuffix":"inner"}},"wdio_ui5_key":"tagMultiInputRequestsetmportal.ui.managerequests.view.Edit"}]}
RESULT: undefined
COMMAND: POST /session/e0f9f5aee1597ce8ab84fc4949c39ac3/execute/async - {"script":"<script> [6424 bytes]","args":[{"element-6066-11e4-a52e-4f735466cecf":"f.16219B07342047CC16B1B6C41B76C932.d.6FA29B592B5A08FC0696E3EDD9ED07BE.e.3518"},"getTokens",[]]}
RESULT: {}
RESULT: {"script":"<script> [6424 bytes]","args":[{"element-6066-11e4-a52e-4f735466cecf":"f.16219B07342047CC16B1B6C41B76C932.d.6FA29B592B5A08FC0696E3EDD9ED07BE.e.3518"},"getTokens",[]]}
COMMAND: POST /session/e0f9f5aee1597ce8ab84fc4949c39ac3/execute/async - {"script":"<script> [1562 bytes]","args":[{"wdio_ui5_key":"__token13-__tokenizer64-1","selector":{"id":"__token13-__tokenizer64-1"}}]}
RESULT: {"script":"<script> [1562 bytes]","args":[{"wdio_ui5_key":"__token13-__tokenizer64-1","selector":{"id":"__token13-__tokenizer64-1"}}]}
RESULT: undefined
RESULT: undefined
COMMAND: POST /session/e0f9f5aee1597ce8ab84fc4949c39ac3/execute/async - {"script":"<script> [776 bytes]","args":[{"enterText":"RefTag","selector":{"id":"tagMultiInputRequests","viewName":"etm.portal.ui.managerequests.view.Edit","interaction":{"idSuffix":"inner"}},"clearTextFirst":true,"interactionType":"ENTER_TEXT"}]}
RESULT: {"script":"<script> [776 bytes]","args":[{"enterText":"RefTag","selector":{"id":"tagMultiInputRequests","viewName":"etm.portal.ui.managerequests.view.Edit","interaction":{"idSuffix":"inner"}},"clearTextFirst":true,"interactionType":"ENTER_TEXT"}]}
COMMAND: POST /session/e0f9f5aee1597ce8ab84fc4949c39ac3/actions - {"actions":[{"id":"action27","type":"key","parameters":{},"actions":[{"type":"keyDown","value":"î€‡"},{"type":"pause","duration":10},{"type":"keyUp","value":"î€‡"}]}]}
RESULT: {"actions":[{"id":"action27","type":"key","parameters":{},"actions":[{"type":"keyDown","value":"î€‡"},{"type":"pause","duration":10},{"type":"keyUp","value":"î€‡"}]}]}
COMMAND: GET /session/e0f9f5aee1597ce8ab84fc4949c39ac3/screenshot - {}
RESULT: {}
RESULT: undefined
COMMAND: POST /session/e0f9f5aee1597ce8ab84fc4949c39ac3/execute/async - {"script":"<script> [6424 bytes]","args":[{"element-6066-11e4-a52e-4f735466cecf":"f.16219B07342047CC16B1B6C41B76C932.d.6FA29B592B5A08FC0696E3EDD9ED07BE.e.3518"},"getTokens",[]]}
RESULT: {"script":"<script> [6424 bytes]","args":[{"element-6066-11e4-a52e-4f735466cecf":"f.16219B07342047CC16B1B6C41B76C932.d.6FA29B592B5A08FC0696E3EDD9ED07BE.e.3518"},"getTokens",[]]}
COMMAND: POST /session/e0f9f5aee1597ce8ab84fc4949c39ac3/execute/async - {"script":"<script> [1562 bytes]","args":[{"wdio_ui5_key":"__token16","selector":{"id":"__token16"}}]}
RESULT: undefined
RESULT: {"script":"<script> [1562 bytes]","args":[{"wdio_ui5_key":"__token16","selector":{"id":"__token16"}}]}
RESULT: undefined
COMMAND: POST /session/e0f9f5aee1597ce8ab84fc4949c39ac3/execute/async - {"script":"<script> [1562 bytes]","args":[{"selector":{"controlType":"sap.m.Button","viewName":"etm.portal.ui.managerequests.view.Edit","properties":{"text":"Items (2)"},"interaction":{"idSuffix":"BDI-content"}},"wdio_ui5_key":"etmportal.ui.managerequests.view.Editsap.m.Button{\"text\":\"Items (2)\"}"}]}
RESULT: {"script":"<script> [1562 bytes]","args":[{"selector":{"controlType":"sap.m.Button","viewName":"etm.portal.ui.managerequests.view.Edit","properties":{"text":"Items (2)"},"interaction":{"idSuffix":"BDI-content"}},"wdio_ui5_key":"etmportal.ui.managerequests.view.Editsap.m.Button{\"text\":\"Items (2)\"}"}]}
RESULT: undefined
COMMAND: POST /session/e0f9f5aee1597ce8ab84fc4949c39ac3/element - {"using":"xpath","value":"//*[@id=\"__xmlview61--editRequestPage-anchBar-__xmlview61--requestItemsSection-anchor\"]"}
RESULT: {"using":"xpath","value":"//*[@id=\"__xmlview61--editRequestPage-anchBar-__xmlview61--requestItemsSection-anchor\"]"}
COMMAND: POST /session/e0f9f5aee1597ce8ab84fc4949c39ac3/element/f.16219B07342047CC16B1B6C41B76C932.d.6FA29B592B5A08FC0696E3EDD9ED07BE.e.3608/click - {}
RESULT: {}
COMMAND: GET /session/e0f9f5aee1597ce8ab84fc4949c39ac3/screenshot - {}
RESULT: {}
COMMAND: POST /session/e0f9f5aee1597ce8ab84fc4949c39ac3/execute/async - {"script":"<script> [1562 bytes]","args":[{"selector":{"controlType":"sap.ui.core.Icon","viewName":"etm.portal.ui.managerequests.view.Edit","properties":{"src":{"regex":{"source":"inspect"}}}},"wdio_ui5_key":"etmportal.ui.managerequests.view.Editsap.ui.core.Icon{\"src\":{\"regex\":{\"source\":\"inspect\"}}}"}]}
RESULT: {"script":"<script> [1562 bytes]","args":[{"selector":{"controlType":"sap.ui.core.Icon","viewName":"etm.portal.ui.managerequests.view.Edit","properties":{"src":{"regex":{"source":"inspect"}}}},"wdio_ui5_key":"etmportal.ui.managerequests.view.Editsap.ui.core.Icon{\"src\":{\"regex\":{\"source\":\"inspect\"}}}"}]}
RESULT: undefined
COMMAND: POST /session/e0f9f5aee1597ce8ab84fc4949c39ac3/element - {"using":"xpath","value":"//*[@id=\"__button165-img\"]"}
RESULT: {"using":"xpath","value":"//*[@id=\"__button165-img\"]"}
COMMAND: POST /session/e0f9f5aee1597ce8ab84fc4949c39ac3/element/f.16219B07342047CC16B1B6C41B76C932.d.6FA29B592B5A08FC0696E3EDD9ED07BE.e.3613/click - {}
RESULT: {}
COMMAND: GET /session/e0f9f5aee1597ce8ab84fc4949c39ac3/screenshot - {}
RESULT: {}
COMMAND: POST /session/e0f9f5aee1597ce8ab84fc4949c39ac3/execute/async - {"script":"<script> [1562 bytes]","args":[{"selector":{"controlType":"sap.m.Tokenizer","viewName":"etm.portal.ui.managerequests.view.Edit","bindingPath":{"path":"/RequestItems/0","propertyPath":"LINK_TO_TAGS","modelName":"RequestItemsModel"}},"wdio_ui5_key":"etmportal.ui.managerequests.view.Editsap.m.Tokenizer{\"path\":\"/RequestItems/0\",\"propertyPath\":\"LINK_TO_TAGS\",\"modelName\":\"RequestItemsModel\"}"}]}
RESULT: {"script":"<script> [1562 bytes]","args":[{"selector":{"controlType":"sap.m.Tokenizer","viewName":"etm.portal.ui.managerequests.view.Edit","bindingPath":{"path":"/RequestItems/0","propertyPath":"LINK_TO_TAGS","modelName":"RequestItemsModel"}},"wdio_ui5_key":"etmportal.ui.managerequests.view.Editsap.m.Tokenizer{\"path\":\"/RequestItems/0\",\"propertyPath\":\"LINK_TO_TAGS\",\"modelName\":\"RequestItemsModel\"}"}]}
RESULT: undefined
COMMAND: POST /session/e0f9f5aee1597ce8ab84fc4949c39ac3/element - {"using":"xpath","value":"//*[@id=\"__tokenizer66\"]"}
RESULT: {"using":"xpath","value":"//*[@id=\"__tokenizer66\"]"}
COMMAND: POST /session/e0f9f5aee1597ce8ab84fc4949c39ac3/element/f.16219B07342047CC16B1B6C41B76C932.d.6FA29B592B5A08FC0696E3EDD9ED07BE.e.3616/click - {}
RESULT: {}
COMMAND: GET /session/e0f9f5aee1597ce8ab84fc4949c39ac3/screenshot - {}
RESULT: {}
COMMAND: POST /session/e0f9f5aee1597ce8ab84fc4949c39ac3/execute/async - {"script":"<script> [1562 bytes]","args":[{"selector":{"controlType":"sap.ui.core.Icon","viewName":"etm.portal.ui.managerequests.view.Edit","properties":{"src":{"regex":{"source":"decline"}}},"searchOpenDialogs":true,"ancestor":{"controlType":"sap.m.StandardListItem","viewName":"etm.portal.ui.managerequests.view.Edit","properties":{"title":"tag-duplicate"},"searchOpenDialogs":true}},"wdio_ui5_key":"etmportal.ui.managerequests.view.Editsap.ui.core.Icon{\"src\":{\"regex\":{\"source\":\"decline\"}}}{\"controlType\":\"sap.m.StandardListItem\",\"viewName\":\"etm.portal.ui.managerequests.view.Edit\",\"properties\":{\"title\":\"tag-duplicate\"},\"searchOpenDialogs\":true}"}]}
RESULT: {"script":"<script> [1562 bytes]","args":[{"selector":{"controlType":"sap.ui.core.Icon","viewName":"etm.portal.ui.managerequests.view.Edit","properties":{"src":{"regex":{"source":"decline"}}},"searchOpenDialogs":true,"ancestor":{"controlType":"sap.m.StandardListItem","viewName":"etm.portal.ui.managerequests.view.Edit","properties":{"title":"tag-duplicate"},"searchOpenDialogs":true}},"wdio_ui5_key":"etmportal.ui.managerequests.view.Editsap.ui.core.Icon{\"src\":{\"regex\":{\"source\":\"decline\"}}}{\"controlType\":\"sap.m.StandardListItem\",\"viewName\":\"etm.portal.ui.managerequests.view.Edit\",\"properties\":{\"title\":\"tag-duplicate\"},\"searchOpenDialogs\":true}"}]}
RESULT: undefined
COMMAND: POST /session/e0f9f5aee1597ce8ab84fc4949c39ac3/element - {"using":"xpath","value":"//*[@id=\"__item2950-imgDel-img\"]"}
RESULT: {"using":"xpath","value":"//*[@id=\"__item2950-imgDel-img\"]"}
COMMAND: POST /session/e0f9f5aee1597ce8ab84fc4949c39ac3/element/f.16219B07342047CC16B1B6C41B76C932.d.6FA29B592B5A08FC0696E3EDD9ED07BE.e.3619/click - {}
RESULT: {}
COMMAND: GET /session/e0f9f5aee1597ce8ab84fc4949c39ac3/screenshot - {}
RESULT: {}
COMMAND: POST /session/e0f9f5aee1597ce8ab84fc4949c39ac3/actions - {"actions":[{"id":"action28","type":"key","parameters":{},"actions":[{"type":"keyDown","value":"î€Œ"},{"type":"pause","duration":10},{"type":"keyUp","value":"î€Œ"}]}]}
RESULT: {"actions":[{"id":"action28","type":"key","parameters":{},"actions":[{"type":"keyDown","value":"î€Œ"},{"type":"pause","duration":10},{"type":"keyUp","value":"î€Œ"}]}]}
COMMAND: POST /session/e0f9f5aee1597ce8ab84fc4949c39ac3/execute/async - {"script":"<script> [1562 bytes]","args":[{"selector":{"controlType":"sap.m.Tokenizer","viewName":"etm.portal.ui.managerequests.view.Edit","bindingPath":{"path":"/RequestItems/1","propertyPath":"LINK_TO_TAGS","modelName":"RequestItemsModel"}},"wdio_ui5_key":"etmportal.ui.managerequests.view.Editsap.m.Tokenizer{\"path\":\"/RequestItems/1\",\"propertyPath\":\"LINK_TO_TAGS\",\"modelName\":\"RequestItemsModel\"}"}]}
COMMAND: GET /session/e0f9f5aee1597ce8ab84fc4949c39ac3/screenshot - {}
RESULT: {"script":"<script> [1562 bytes]","args":[{"selector":{"controlType":"sap.m.Tokenizer","viewName":"etm.portal.ui.managerequests.view.Edit","bindingPath":{"path":"/RequestItems/1","propertyPath":"LINK_TO_TAGS","modelName":"RequestItemsModel"}},"wdio_ui5_key":"etmportal.ui.managerequests.view.Editsap.m.Tokenizer{\"path\":\"/RequestItems/1\",\"propertyPath\":\"LINK_TO_TAGS\",\"modelName\":\"RequestItemsModel\"}"}]}
RESULT: undefined
COMMAND: POST /session/e0f9f5aee1597ce8ab84fc4949c39ac3/element - {"using":"xpath","value":"//*[@id=\"__tokenizer67\"]"}
RESULT: {}
RESULT: {"using":"xpath","value":"//*[@id=\"__tokenizer67\"]"}
COMMAND: POST /session/e0f9f5aee1597ce8ab84fc4949c39ac3/element/f.16219B07342047CC16B1B6C41B76C932.d.6FA29B592B5A08FC0696E3EDD9ED07BE.e.3622/click - {}
RESULT: {}
COMMAND: GET /session/e0f9f5aee1597ce8ab84fc4949c39ac3/screenshot - {}
RESULT: {}
COMMAND: POST /session/e0f9f5aee1597ce8ab84fc4949c39ac3/execute/async - {"script":"<script> [1562 bytes]","args":[{"selector":{"controlType":"sap.ui.core.Icon","viewName":"etm.portal.ui.managerequests.view.Edit","properties":{"src":{"regex":{"source":"decline"}}},"searchOpenDialogs":true,"ancestor":{"controlType":"sap.m.StandardListItem","viewName":"etm.portal.ui.managerequests.view.Edit","properties":{"title":"tagRequest1"},"searchOpenDialogs":true}},"wdio_ui5_key":"etmportal.ui.managerequests.view.Editsap.ui.core.Icon{\"src\":{\"regex\":{\"source\":\"decline\"}}}{\"controlType\":\"sap.m.StandardListItem\",\"viewName\":\"etm.portal.ui.managerequests.view.Edit\",\"properties\":{\"title\":\"tagRequest1\"},\"searchOpenDialogs\":true}"}]}
RESULT: {"script":"<script> [1562 bytes]","args":[{"selector":{"controlType":"sap.ui.core.Icon","viewName":"etm.portal.ui.managerequests.view.Edit","properties":{"src":{"regex":{"source":"decline"}}},"searchOpenDialogs":true,"ancestor":{"controlType":"sap.m.StandardListItem","viewName":"etm.portal.ui.managerequests.view.Edit","properties":{"title":"tagRequest1"},"searchOpenDialogs":true}},"wdio_ui5_key":"etmportal.ui.managerequests.view.Editsap.ui.core.Icon{\"src\":{\"regex\":{\"source\":\"decline\"}}}{\"controlType\":\"sap.m.StandardListItem\",\"viewName\":\"etm.portal.ui.managerequests.view.Edit\",\"properties\":{\"title\":\"tagRequest1\"},\"searchOpenDialogs\":true}"}]}
RESULT: undefined
COMMAND: POST /session/e0f9f5aee1597ce8ab84fc4949c39ac3/element - {"using":"xpath","value":"//*[@id=\"__item2958-imgDel-img\"]"}
RESULT: {"using":"xpath","value":"//*[@id=\"__item2958-imgDel-img\"]"}
COMMAND: POST /session/e0f9f5aee1597ce8ab84fc4949c39ac3/element/f.16219B07342047CC16B1B6C41B76C932.d.6FA29B592B5A08FC0696E3EDD9ED07BE.e.3625/click - {}
RESULT: {}
COMMAND: GET /session/e0f9f5aee1597ce8ab84fc4949c39ac3/screenshot - {}
RESULT: {}
COMMAND: POST /session/e0f9f5aee1597ce8ab84fc4949c39ac3/execute/async - {"script":"<script> [1562 bytes]","args":[{"selector":{"controlType":"sap.ui.core.Icon","viewName":"etm.portal.ui.managerequests.view.Edit","properties":{"src":{"regex":{"source":"decline"}}},"searchOpenDialogs":true,"ancestor":{"controlType":"sap.m.StandardListItem","viewName":"etm.portal.ui.managerequests.view.Edit","properties":{"title":"RefTag"},"searchOpenDialogs":true}},"wdio_ui5_key":"etmportal.ui.managerequests.view.Editsap.ui.core.Icon{\"src\":{\"regex\":{\"source\":\"decline\"}}}{\"controlType\":\"sap.m.StandardListItem\",\"viewName\":\"etm.portal.ui.managerequests.view.Edit\",\"properties\":{\"title\":\"RefTag\"},\"searchOpenDialogs\":true}"}]}
RESULT: {"script":"<script> [1562 bytes]","args":[{"selector":{"controlType":"sap.ui.core.Icon","viewName":"etm.portal.ui.managerequests.view.Edit","properties":{"src":{"regex":{"source":"decline"}}},"searchOpenDialogs":true,"ancestor":{"controlType":"sap.m.StandardListItem","viewName":"etm.portal.ui.managerequests.view.Edit","properties":{"title":"RefTag"},"searchOpenDialogs":true}},"wdio_ui5_key":"etmportal.ui.managerequests.view.Editsap.ui.core.Icon{\"src\":{\"regex\":{\"source\":\"decline\"}}}{\"controlType\":\"sap.m.StandardListItem\",\"viewName\":\"etm.portal.ui.managerequests.view.Edit\",\"properties\":{\"title\":\"RefTag\"},\"searchOpenDialogs\":true}"}]}
RESULT: undefined
COMMAND: POST /session/e0f9f5aee1597ce8ab84fc4949c39ac3/element - {"using":"xpath","value":"//*[@id=\"__item2962-imgDel-img\"]"}
RESULT: {"using":"xpath","value":"//*[@id=\"__item2962-imgDel-img\"]"}
COMMAND: POST /session/e0f9f5aee1597ce8ab84fc4949c39ac3/element/f.16219B07342047CC16B1B6C41B76C932.d.6FA29B592B5A08FC0696E3EDD9ED07BE.e.3628/click - {}
RESULT: {}
COMMAND: GET /session/e0f9f5aee1597ce8ab84fc4949c39ac3/screenshot - {}
RESULT: {}
COMMAND: POST /session/e0f9f5aee1597ce8ab84fc4949c39ac3/execute/async - {"script":"<script> [1562 bytes]","args":[{"selector":{"controlType":"sap.ui.core.Icon","viewName":"etm.portal.ui.managerequests.view.Edit","properties":{"src":{"regex":{"source":"decline"}}},"searchOpenDialogs":true,"ancestor":{"controlType":"sap.m.StandardListItem","viewName":"etm.portal.ui.managerequests.view.Edit","properties":{"title":"tag-header"},"searchOpenDialogs":true}},"wdio_ui5_key":"etmportal.ui.managerequests.view.Editsap.ui.core.Icon{\"src\":{\"regex\":{\"source\":\"decline\"}}}{\"controlType\":\"sap.m.StandardListItem\",\"viewName\":\"etm.portal.ui.managerequests.view.Edit\",\"properties\":{\"title\":\"tag-header\"},\"searchOpenDialogs\":true}"}]}
RESULT: {"script":"<script> [1562 bytes]","args":[{"selector":{"controlType":"sap.ui.core.Icon","viewName":"etm.portal.ui.managerequests.view.Edit","properties":{"src":{"regex":{"source":"decline"}}},"searchOpenDialogs":true,"ancestor":{"controlType":"sap.m.StandardListItem","viewName":"etm.portal.ui.managerequests.view.Edit","properties":{"title":"tag-header"},"searchOpenDialogs":true}},"wdio_ui5_key":"etmportal.ui.managerequests.view.Editsap.ui.core.Icon{\"src\":{\"regex\":{\"source\":\"decline\"}}}{\"controlType\":\"sap.m.StandardListItem\",\"viewName\":\"etm.portal.ui.managerequests.view.Edit\",\"properties\":{\"title\":\"tag-header\"},\"searchOpenDialogs\":true}"}]}
RESULT: undefined
COMMAND: POST /session/e0f9f5aee1597ce8ab84fc4949c39ac3/element - {"using":"xpath","value":"//*[@id=\"__item2965-imgDel-img\"]"}
RESULT: {"using":"xpath","value":"//*[@id=\"__item2965-imgDel-img\"]"}
COMMAND: POST /session/e0f9f5aee1597ce8ab84fc4949c39ac3/element/f.16219B07342047CC16B1B6C41B76C932.d.6FA29B592B5A08FC0696E3EDD9ED07BE.e.3631/click - {}
RESULT: {}
COMMAND: GET /session/e0f9f5aee1597ce8ab84fc4949c39ac3/screenshot - {}
RESULT: {}
COMMAND: POST /session/e0f9f5aee1597ce8ab84fc4949c39ac3/actions - {"actions":[{"id":"action29","type":"key","parameters":{},"actions":[{"type":"keyDown","value":"î€ƒ"},{"type":"pause","duration":10},{"type":"keyUp","value":"î€ƒ"}]}]}
RESULT: {"actions":[{"id":"action29","type":"key","parameters":{},"actions":[{"type":"keyDown","value":"î€ƒ"},{"type":"pause","duration":10},{"type":"keyUp","value":"î€ƒ"}]}]}
COMMAND: POST /session/e0f9f5aee1597ce8ab84fc4949c39ac3/actions - {"actions":[{"id":"action30","type":"key","parameters":{},"actions":[{"type":"keyDown","value":"î€ƒ"},{"type":"pause","duration":10},{"type":"keyUp","value":"î€ƒ"}]}]}
COMMAND: GET /session/e0f9f5aee1597ce8ab84fc4949c39ac3/screenshot - {}
RESULT: {"actions":[{"id":"action30","type":"key","parameters":{},"actions":[{"type":"keyDown","value":"î€ƒ"},{"type":"pause","duration":10},{"type":"keyUp","value":"î€ƒ"}]}]}
COMMAND: GET /session/e0f9f5aee1597ce8ab84fc4949c39ac3/screenshot - {}
RESULT: {}
RESULT: {}
COMMAND: POST /session/e0f9f5aee1597ce8ab84fc4949c39ac3/execute/async - {"script":"<script> [1562 bytes]","args":[{"selector":{"controlType":"sap.m.Button","viewName":"etm.portal.ui.managerequests.view.Edit","i18NText":{"propertyName":"tooltip","key":"save"},"interaction":{"idSuffix":"BDI-content"}},"wdio_ui5_key":"etmportal.ui.managerequests.view.Editsap.m.Button{\"propertyName\":\"tooltip\",\"key\":\"save\"}"}]}
RESULT: {"script":"<script> [1562 bytes]","args":[{"selector":{"controlType":"sap.m.Button","viewName":"etm.portal.ui.managerequests.view.Edit","i18NText":{"propertyName":"tooltip","key":"save"},"interaction":{"idSuffix":"BDI-content"}},"wdio_ui5_key":"etmportal.ui.managerequests.view.Editsap.m.Button{\"propertyName\":\"tooltip\",\"key\":\"save\"}"}]}
RESULT: undefined
COMMAND: POST /session/e0f9f5aee1597ce8ab84fc4949c39ac3/element - {"using":"xpath","value":"//*[@id=\"__xmlview61--saveButtonId\"]"}
RESULT: {"using":"xpath","value":"//*[@id=\"__xmlview61--saveButtonId\"]"}
COMMAND: POST /session/e0f9f5aee1597ce8ab84fc4949c39ac3/element/f.16219B07342047CC16B1B6C41B76C932.d.6FA29B592B5A08FC0696E3EDD9ED07BE.e.3526/click - {}
RESULT: {}
COMMAND: GET /session/e0f9f5aee1597ce8ab84fc4949c39ac3/screenshot - {}
RESULT: {}
COMMAND: POST /session/e0f9f5aee1597ce8ab84fc4949c39ac3/execute/async - {"script":"<script> [1562 bytes]","args":[{"selector":{"id":"tagsLayoutViewMode","viewName":"etm.portal.ui.managerequests.view.Detail"},"wdio_ui5_key":"tagsLayoutViewModeetmportal.ui.managerequests.view.Detail"}]}
RESULT: {"script":"<script> [1562 bytes]","args":[{"selector":{"id":"tagsLayoutViewMode","viewName":"etm.portal.ui.managerequests.view.Detail"},"wdio_ui5_key":"tagsLayoutViewModeetmportal.ui.managerequests.view.Detail"}]}
RESULT: undefined
COMMAND: POST /session/e0f9f5aee1597ce8ab84fc4949c39ac3/execute/async - {"script":"<script> [6424 bytes]","args":[{"element-6066-11e4-a52e-4f735466cecf":"f.16219B07342047CC16B1B6C41B76C932.d.6FA29B592B5A08FC0696E3EDD9ED07BE.e.3716"},"getTokens",[]]}
RESULT: {"script":"<script> [6424 bytes]","args":[{"element-6066-11e4-a52e-4f735466cecf":"f.16219B07342047CC16B1B6C41B76C932.d.6FA29B592B5A08FC0696E3EDD9ED07BE.e.3716"},"getTokens",[]]}
COMMAND: POST /session/e0f9f5aee1597ce8ab84fc4949c39ac3/execute/async - {"script":"<script> [1562 bytes]","args":[{"wdio_ui5_key":"__token11-__xmlview60--tagsLayoutViewMode-1","selector":{"id":"__token11-__xmlview60--tagsLayoutViewMode-1"}}]}
COMMAND: POST /session/e0f9f5aee1597ce8ab84fc4949c39ac3/execute/async - {"script":"<script> [1562 bytes]","args":[{"wdio_ui5_key":"__token11-__xmlview60--tagsLayoutViewMode-0","selector":{"id":"__token11-__xmlview60--tagsLayoutViewMode-0"}}]}
RESULT: {"script":"<script> [1562 bytes]","args":[{"wdio_ui5_key":"__token11-__xmlview60--tagsLayoutViewMode-1","selector":{"id":"__token11-__xmlview60--tagsLayoutViewMode-1"}}]}
RESULT: undefined
RESULT: {"script":"<script> [1562 bytes]","args":[{"wdio_ui5_key":"__token11-__xmlview60--tagsLayoutViewMode-0","selector":{"id":"__token11-__xmlview60--tagsLayoutViewMode-0"}}]}
RESULT: undefined
COMMAND: POST /session/e0f9f5aee1597ce8ab84fc4949c39ac3/execute/async - {"script":"<script> [1562 bytes]","args":[{"selector":{"controlType":"sap.m.OverflowToolbarButton","viewName":"etm.portal.ui.managerequests.view.Detail","properties":{"text":"Settings"},"interaction":{"idSuffix":"inner"}},"wdio_ui5_key":"etmportal.ui.managerequests.view.Detailsap.m.OverflowToolbarButton{\"text\":\"Settings\"}"}]}
RESULT: {"script":"<script> [1562 bytes]","args":[{"selector":{"controlType":"sap.m.OverflowToolbarButton","viewName":"etm.portal.ui.managerequests.view.Detail","properties":{"text":"Settings"},"interaction":{"idSuffix":"inner"}},"wdio_ui5_key":"etmportal.ui.managerequests.view.Detailsap.m.OverflowToolbarButton{\"text\":\"Settings\"}"}]}
RESULT: undefined
COMMAND: POST /session/e0f9f5aee1597ce8ab84fc4949c39ac3/element - {"using":"xpath","value":"//*[@id=\"__xmlview60--smartTableRequestItems-btnPersonalisation\"]"}
RESULT: {"using":"xpath","value":"//*[@id=\"__xmlview60--smartTableRequestItems-btnPersonalisation\"]"}
COMMAND: POST /session/e0f9f5aee1597ce8ab84fc4949c39ac3/element/f.16219B07342047CC16B1B6C41B76C932.d.6FA29B592B5A08FC0696E3EDD9ED07BE.e.3745/click - {}
RESULT: {}
COMMAND: POST /session/e0f9f5aee1597ce8ab84fc4949c39ac3/execute/async - {"script":"<script> [1562 bytes]","args":[{"selector":{"controlType":"sap.m.SearchField","viewName":"etm.portal.ui.managerequests.view.Detail","searchOpenDialogs":true,"interaction":{"idSuffix":"I"}},"wdio_ui5_key":"etmportal.ui.managerequests.view.Detailsap.m.SearchField"}]}
COMMAND: GET /session/e0f9f5aee1597ce8ab84fc4949c39ac3/screenshot - {}
RESULT: {"script":"<script> [1562 bytes]","args":[{"selector":{"controlType":"sap.m.SearchField","viewName":"etm.portal.ui.managerequests.view.Detail","searchOpenDialogs":true,"interaction":{"idSuffix":"I"}},"wdio_ui5_key":"etmportal.ui.managerequests.view.Detailsap.m.SearchField"}]}
RESULT: undefined
COMMAND: POST /session/e0f9f5aee1597ce8ab84fc4949c39ac3/execute/async - {"script":"<script> [776 bytes]","args":[{"enterText":"tag","selector":{"controlType":"sap.m.SearchField","viewName":"etm.portal.ui.managerequests.view.Detail","searchOpenDialogs":true,"interaction":{"idSuffix":"I"}},"clearTextFirst":true,"interactionType":"ENTER_TEXT"}]}
RESULT: {}
RESULT: {"script":"<script> [776 bytes]","args":[{"enterText":"tag","selector":{"controlType":"sap.m.SearchField","viewName":"etm.portal.ui.managerequests.view.Detail","searchOpenDialogs":true,"interaction":{"idSuffix":"I"}},"clearTextFirst":true,"interactionType":"ENTER_TEXT"}]}
COMMAND: POST /session/e0f9f5aee1597ce8ab84fc4949c39ac3/element - {"using":"xpath","value":"//div[contains(@id ,\"innerSelectionPanelTable-0-selectMulti-CbBg\")]"}
RESULT: {"using":"xpath","value":"//div[contains(@id ,\"innerSelectionPanelTable-0-selectMulti-CbBg\")]"}
COMMAND: POST /session/e0f9f5aee1597ce8ab84fc4949c39ac3/element/f.16219B07342047CC16B1B6C41B76C932.d.6FA29B592B5A08FC0696E3EDD9ED07BE.e.3780/click - {}
RESULT: {}
COMMAND: POST /session/e0f9f5aee1597ce8ab84fc4949c39ac3/execute/async - {"script":"<script> [1562 bytes]","args":[{"selector":{"controlType":"sap.m.Button","viewName":"etm.portal.ui.managerequests.view.Detail","properties":{"text":"OK"},"searchOpenDialogs":true,"interaction":{"idSuffix":"BDI-content"}},"wdio_ui5_key":"etmportal.ui.managerequests.view.Detailsap.m.Button{\"text\":\"OK\"}"}]}
COMMAND: GET /session/e0f9f5aee1597ce8ab84fc4949c39ac3/screenshot - {}
RESULT: {"script":"<script> [1562 bytes]","args":[{"selector":{"controlType":"sap.m.Button","viewName":"etm.portal.ui.managerequests.view.Detail","properties":{"text":"OK"},"searchOpenDialogs":true,"interaction":{"idSuffix":"BDI-content"}},"wdio_ui5_key":"etmportal.ui.managerequests.view.Detailsap.m.Button{\"text\":\"OK\"}"}]}
RESULT: undefined
COMMAND: POST /session/e0f9f5aee1597ce8ab84fc4949c39ac3/element - {"using":"xpath","value":"//*[@id=\"__popup377-confirmBtn\"]"}
RESULT: {}
RESULT: {"using":"xpath","value":"//*[@id=\"__popup377-confirmBtn\"]"}
COMMAND: POST /session/e0f9f5aee1597ce8ab84fc4949c39ac3/element/f.16219B07342047CC16B1B6C41B76C932.d.6FA29B592B5A08FC0696E3EDD9ED07BE.e.3784/click - {}
RESULT: {}
COMMAND: GET /session/e0f9f5aee1597ce8ab84fc4949c39ac3/screenshot - {}
RESULT: {}
COMMAND: POST /session/e0f9f5aee1597ce8ab84fc4949c39ac3/execute/async - {"script":"<script> [1562 bytes]","args":[{"selector":{"controlType":"sap.m.Text","viewName":"etm.portal.ui.managerequests.view.Detail","bindingPath":{"propertyPath":"NO","modelName":"catalogModel"}},"wdio_ui5_key":"etmportal.ui.managerequests.view.Detailsap.m.Text{\"propertyPath\":\"NO\",\"modelName\":\"catalogModel\"}"}]}
RESULT: {"script":"<script> [1562 bytes]","args":[{"selector":{"controlType":"sap.m.Text","viewName":"etm.portal.ui.managerequests.view.Detail","bindingPath":{"propertyPath":"NO","modelName":"catalogModel"}},"wdio_ui5_key":"etmportal.ui.managerequests.view.Detailsap.m.Text{\"propertyPath\":\"NO\",\"modelName\":\"catalogModel\"}"}]}
RESULT: undefined
COMMAND: POST /session/e0f9f5aee1597ce8ab84fc4949c39ac3/execute/async - {"script":"<script> [6424 bytes]","args":[{"element-6066-11e4-a52e-4f735466cecf":"f.16219B07342047CC16B1B6C41B76C932.d.6FA29B592B5A08FC0696E3EDD9ED07BE.e.3810"},"getText",[]]}
RESULT: {"script":"<script> [6424 bytes]","args":[{"element-6066-11e4-a52e-4f735466cecf":"f.16219B07342047CC16B1B6C41B76C932.d.6FA29B592B5A08FC0696E3EDD9ED07BE.e.3810"},"getText",[]]}
COMMAND: POST /session/e0f9f5aee1597ce8ab84fc4949c39ac3/execute/async - {"script":"<script> [1562 bytes]","args":[{"selector":{"controlType":"sap.m.Tokenizer","viewName":"etm.portal.ui.managerequests.view.Detail","bindingPath":{"path":"/SmartRequestItemsPlanningBoard(ITEM=10m,REQUEST='20399')","propertyPath":"LINK_TO_TAGS"}},"wdio_ui5_key":"etmportal.ui.managerequests.view.Detailsap.m.Tokenizer{\"path\":\"/SmartRequestItemsPlanningBoard(ITEM=10m,REQUEST='20399')\",\"propertyPath\":\"LINK_TO_TAGS\"}"}]}
RESULT: {"script":"<script> [1562 bytes]","args":[{"selector":{"controlType":"sap.m.Tokenizer","viewName":"etm.portal.ui.managerequests.view.Detail","bindingPath":{"path":"/SmartRequestItemsPlanningBoard(ITEM=10m,REQUEST='20399')","propertyPath":"LINK_TO_TAGS"}},"wdio_ui5_key":"etmportal.ui.managerequests.view.Detailsap.m.Tokenizer{\"path\":\"/SmartRequestItemsPlanningBoard(ITEM=10m,REQUEST='20399')\",\"propertyPath\":\"LINK_TO_TAGS\"}"}]}
RESULT: undefined
COMMAND: POST /session/e0f9f5aee1597ce8ab84fc4949c39ac3/execute/async - {"script":"<script> [6424 bytes]","args":[{"element-6066-11e4-a52e-4f735466cecf":"f.16219B07342047CC16B1B6C41B76C932.d.6FA29B592B5A08FC0696E3EDD9ED07BE.e.3811"},"getTokens",[]]}
RESULT: {"script":"<script> [6424 bytes]","args":[{"element-6066-11e4-a52e-4f735466cecf":"f.16219B07342047CC16B1B6C41B76C932.d.6FA29B592B5A08FC0696E3EDD9ED07BE.e.3811"},"getTokens",[]]}
COMMAND: POST /session/e0f9f5aee1597ce8ab84fc4949c39ac3/execute/async - {"script":"<script> [1562 bytes]","args":[{"wdio_ui5_key":"__token12-__tokenizer63-__clone5859-1","selector":{"id":"__token12-__tokenizer63-__clone5859-1"}}]}
COMMAND: POST /session/e0f9f5aee1597ce8ab84fc4949c39ac3/execute/async - {"script":"<script> [1562 bytes]","args":[{"wdio_ui5_key":"__token12-__tokenizer63-__clone5859-2","selector":{"id":"__token12-__tokenizer63-__clone5859-2"}}]}
COMMAND: POST /session/e0f9f5aee1597ce8ab84fc4949c39ac3/execute/async - {"script":"<script> [1562 bytes]","args":[{"wdio_ui5_key":"__token12-__tokenizer63-__clone5859-0","selector":{"id":"__token12-__tokenizer63-__clone5859-0"}}]}
RESULT: {"script":"<script> [1562 bytes]","args":[{"wdio_ui5_key":"__token12-__tokenizer63-__clone5859-1","selector":{"id":"__token12-__tokenizer63-__clone5859-1"}}]}
RESULT: undefined
RESULT: {"script":"<script> [1562 bytes]","args":[{"wdio_ui5_key":"__token12-__tokenizer63-__clone5859-2","selector":{"id":"__token12-__tokenizer63-__clone5859-2"}}]}
RESULT: undefined
RESULT: {"script":"<script> [1562 bytes]","args":[{"wdio_ui5_key":"__token12-__tokenizer63-__clone5859-0","selector":{"id":"__token12-__tokenizer63-__clone5859-0"}}]}
RESULT: undefined
COMMAND: POST /session/e0f9f5aee1597ce8ab84fc4949c39ac3/element - {"using":"xpath","value":"(//span[contains(text(), \"tag-header\")])[2]"}
RESULT: {"using":"xpath","value":"(//span[contains(text(), \"tag-header\")])[2]"}
COMMAND: POST /session/e0f9f5aee1597ce8ab84fc4949c39ac3/elements - {"using":"xpath","value":"(//span[contains(text(), \"tag-header\")])[2]"}
RESULT: {"using":"xpath","value":"(//span[contains(text(), \"tag-header\")])[2]"}
COMMAND: POST /session/e0f9f5aee1597ce8ab84fc4949c39ac3/execute/async - {"script":"<script> [1562 bytes]","args":[{"selector":{"controlType":"sap.m.Tokenizer","viewName":"etm.portal.ui.managerequests.view.Detail","bindingPath":{"path":"/SmartRequestItemsPlanningBoard(ITEM=20m,REQUEST='20399')","propertyPath":"LINK_TO_TAGS"}},"wdio_ui5_key":"etmportal.ui.managerequests.view.Detailsap.m.Tokenizer{\"path\":\"/SmartRequestItemsPlanningBoard(ITEM=20m,REQUEST='20399')\",\"propertyPath\":\"LINK_TO_TAGS\"}"}]}
RESULT: {"script":"<script> [1562 bytes]","args":[{"selector":{"controlType":"sap.m.Tokenizer","viewName":"etm.portal.ui.managerequests.view.Detail","bindingPath":{"path":"/SmartRequestItemsPlanningBoard(ITEM=20m,REQUEST='20399')","propertyPath":"LINK_TO_TAGS"}},"wdio_ui5_key":"etmportal.ui.managerequests.view.Detailsap.m.Tokenizer{\"path\":\"/SmartRequestItemsPlanningBoard(ITEM=20m,REQUEST='20399')\",\"propertyPath\":\"LINK_TO_TAGS\"}"}]}
RESULT: undefined
COMMAND: POST /session/e0f9f5aee1597ce8ab84fc4949c39ac3/execute/async - {"script":"<script> [6424 bytes]","args":[{"element-6066-11e4-a52e-4f735466cecf":"f.16219B07342047CC16B1B6C41B76C932.d.6FA29B592B5A08FC0696E3EDD9ED07BE.e.3816"},"getTokens",[]]}
RESULT: {"script":"<script> [6424 bytes]","args":[{"element-6066-11e4-a52e-4f735466cecf":"f.16219B07342047CC16B1B6C41B76C932.d.6FA29B592B5A08FC0696E3EDD9ED07BE.e.3816"},"getTokens",[]]}
COMMAND: POST /session/e0f9f5aee1597ce8ab84fc4949c39ac3/element - {"using":"css selector","value":"#shell-header-logo"}
RESULT: {"using":"css selector","value":"#shell-header-logo"}
COMMAND: POST /session/e0f9f5aee1597ce8ab84fc4949c39ac3/element/f.16219B07342047CC16B1B6C41B76C932.d.6FA29B592B5A08FC0696E3EDD9ED07BE.e.2734/click - {}
RESULT: {}
COMMAND: GET /session/e0f9f5aee1597ce8ab84fc4949c39ac3/screenshot - {}
RESULT: {}
]]></system-out>
    </testcase>
  </testsuite>
  <testsuite timestamp="2025-05-08T05:49:58" time="648.111" tests="4" failures="0" errors="0" skipped="0">
    <properties>
      <property name="specId" value="0" />
      <property name="suiteName" value="Manage request + Contract processing pick up option US120163 " />
      <property name="capabilities" value="chrome.136_0_7103_49.windows" />
      <property name="file" value="file:///D:/a/1/s/test/specs/R2C/create-request-Pickup.spec.js" />
    </properties>
    <testcase classname="chrome.136_0_7103_49.windows.Manage_request_+_Contract_processing_pick_up_option_US120163_" name="Should create a new contract" time="103.971">
      <system-out><![CDATA[
COMMAND: POST /session/e0f9f5aee1597ce8ab84fc4949c39ac3/execute/async - {"script":"<script> [1562 bytes]","args":[{"selector":{"controlType":"sap.m.Text","viewName":"etm.portal.ui.managecontractstile.view.Master","properties":{"text":"Manage Contracts"},"interaction":{"idSuffix":"inner"}},"wdio_ui5_key":"etmportal.ui.managecontractstile.view.Mastersap.m.Text{\"text\":\"Manage Contracts\"}"}]}
RESULT: {"script":"<script> [1562 bytes]","args":[{"selector":{"controlType":"sap.m.Text","viewName":"etm.portal.ui.managecontractstile.view.Master","properties":{"text":"Manage Contracts"},"interaction":{"idSuffix":"inner"}},"wdio_ui5_key":"etmportal.ui.managecontractstile.view.Mastersap.m.Text{\"text\":\"Manage Contracts\"}"}]}
RESULT: undefined
COMMAND: POST /session/e0f9f5aee1597ce8ab84fc4949c39ac3/element - {"using":"xpath","value":"//*[@id=\"__tile131-title\"]"}
RESULT: {"using":"xpath","value":"//*[@id=\"__tile131-title\"]"}
COMMAND: POST /session/e0f9f5aee1597ce8ab84fc4949c39ac3/element/f.16219B07342047CC16B1B6C41B76C932.d.6FA29B592B5A08FC0696E3EDD9ED07BE.e.3820/click - {}
RESULT: {}
COMMAND: GET /session/e0f9f5aee1597ce8ab84fc4949c39ac3/screenshot - {}
RESULT: {}
COMMAND: POST /session/e0f9f5aee1597ce8ab84fc4949c39ac3/execute/async - {"script":"<script> [1562 bytes]","args":[{"selector":{"controlType":"sap.ui.core.Icon","viewName":"etm.portal.ui.managecontracts.view.Master","properties":{"src":{"regex":{"source":"add"}}}},"wdio_ui5_key":"etmportal.ui.managecontracts.view.Mastersap.ui.core.Icon{\"src\":{\"regex\":{\"source\":\"add\"}}}"}]}
RESULT: {"script":"<script> [1562 bytes]","args":[{"selector":{"controlType":"sap.ui.core.Icon","viewName":"etm.portal.ui.managecontracts.view.Master","properties":{"src":{"regex":{"source":"add"}}}},"wdio_ui5_key":"etmportal.ui.managecontracts.view.Mastersap.ui.core.Icon{\"src\":{\"regex\":{\"source\":\"add\"}}}"}]}
RESULT: undefined
COMMAND: POST /session/e0f9f5aee1597ce8ab84fc4949c39ac3/element - {"using":"xpath","value":"//*[@id=\"__button187-img\"]"}
RESULT: {"using":"xpath","value":"//*[@id=\"__button187-img\"]"}
COMMAND: POST /session/e0f9f5aee1597ce8ab84fc4949c39ac3/element/f.16219B07342047CC16B1B6C41B76C932.d.6FA29B592B5A08FC0696E3EDD9ED07BE.e.3872/click - {}
RESULT: {}
COMMAND: POST /session/e0f9f5aee1597ce8ab84fc4949c39ac3/execute/async - {"script":"<script> [1562 bytes]","args":[{"selector":{"id":"application-managecontracts-display-component---AddNewContract--projectDescription","interaction":{"idSuffix":"inner"}},"wdio_ui5_key":"applicationmanagecontracts-display-component---AddNewContract--projectDescription"}]}
COMMAND: GET /session/e0f9f5aee1597ce8ab84fc4949c39ac3/screenshot - {}
RESULT: {"script":"<script> [1562 bytes]","args":[{"selector":{"id":"application-managecontracts-display-component---AddNewContract--projectDescription","interaction":{"idSuffix":"inner"}},"wdio_ui5_key":"applicationmanagecontracts-display-component---AddNewContract--projectDescription"}]}
RESULT: undefined
COMMAND: POST /session/e0f9f5aee1597ce8ab84fc4949c39ac3/execute/async - {"script":"<script> [776 bytes]","args":[{"enterText":"PickupContract5bjhu","selector":{"id":"application-managecontracts-display-component---AddNewContract--projectDescription","interaction":{"idSuffix":"inner"}},"clearTextFirst":true,"interactionType":"ENTER_TEXT"}]}
RESULT: {}
RESULT: {"script":"<script> [776 bytes]","args":[{"enterText":"PickupContract5bjhu","selector":{"id":"application-managecontracts-display-component---AddNewContract--projectDescription","interaction":{"idSuffix":"inner"}},"clearTextFirst":true,"interactionType":"ENTER_TEXT"}]}
COMMAND: POST /session/e0f9f5aee1597ce8ab84fc4949c39ac3/element - {"using":"xpath","value":"//input[contains(@id ,\"application-managecontracts-display-component---AddNewContract--yardId-inner\")]"}
RESULT: {"using":"xpath","value":"//input[contains(@id ,\"application-managecontracts-display-component---AddNewContract--yardId-inner\")]"}
COMMAND: POST /session/e0f9f5aee1597ce8ab84fc4949c39ac3/element/f.16219B07342047CC16B1B6C41B76C932.d.6FA29B592B5A08FC0696E3EDD9ED07BE.e.4156/value - {"text":"WebdriverYardgxtyv"}
RESULT: {"text":"WebdriverYardgxtyv"}
COMMAND: GET /session/e0f9f5aee1597ce8ab84fc4949c39ac3/screenshot - {}
RESULT: {}
COMMAND: POST /session/e0f9f5aee1597ce8ab84fc4949c39ac3/actions - {"actions":[{"id":"action31","type":"key","parameters":{},"actions":[{"type":"keyDown","value":"î€‡"},{"type":"pause","duration":10},{"type":"keyUp","value":"î€‡"}]}]}
RESULT: {"actions":[{"id":"action31","type":"key","parameters":{},"actions":[{"type":"keyDown","value":"î€‡"},{"type":"pause","duration":10},{"type":"keyUp","value":"î€‡"}]}]}
COMMAND: GET /session/e0f9f5aee1597ce8ab84fc4949c39ac3/screenshot - {}
RESULT: {}
COMMAND: POST /session/e0f9f5aee1597ce8ab84fc4949c39ac3/element - {"using":"xpath","value":"//input[contains(@id ,\"application-managecontracts-display-component---AddNewContract--customerSelect-inner\")]"}
RESULT: {"using":"xpath","value":"//input[contains(@id ,\"application-managecontracts-display-component---AddNewContract--customerSelect-inner\")]"}
COMMAND: POST /session/e0f9f5aee1597ce8ab84fc4949c39ac3/element/f.16219B07342047CC16B1B6C41B76C932.d.6FA29B592B5A08FC0696E3EDD9ED07BE.e.4154/value - {"text":"WebdriverPartnerssuou"}
RESULT: {"text":"WebdriverPartnerssuou"}
COMMAND: GET /session/e0f9f5aee1597ce8ab84fc4949c39ac3/screenshot - {}
COMMAND: POST /session/e0f9f5aee1597ce8ab84fc4949c39ac3/actions - {"actions":[{"id":"action32","type":"key","parameters":{},"actions":[{"type":"keyDown","value":"î€‡"},{"type":"pause","duration":10},{"type":"keyUp","value":"î€‡"}]}]}
RESULT: {}
RESULT: {"actions":[{"id":"action32","type":"key","parameters":{},"actions":[{"type":"keyDown","value":"î€‡"},{"type":"pause","duration":10},{"type":"keyUp","value":"î€‡"}]}]}
COMMAND: GET /session/e0f9f5aee1597ce8ab84fc4949c39ac3/screenshot - {}
RESULT: {}
COMMAND: POST /session/e0f9f5aee1597ce8ab84fc4949c39ac3/element - {"using":"xpath","value":"//input[contains(@id ,\"application-managecontracts-display-component---AddNewContract--site-inner\")]"}
RESULT: {"using":"xpath","value":"//input[contains(@id ,\"application-managecontracts-display-component---AddNewContract--site-inner\")]"}
COMMAND: POST /session/e0f9f5aee1597ce8ab84fc4949c39ac3/element/f.16219B07342047CC16B1B6C41B76C932.d.6FA29B592B5A08FC0696E3EDD9ED07BE.e.4155/value - {"text":"WebdriverSite1lfj"}
RESULT: {"text":"WebdriverSite1lfj"}
COMMAND: GET /session/e0f9f5aee1597ce8ab84fc4949c39ac3/screenshot - {}
RESULT: {}
COMMAND: POST /session/e0f9f5aee1597ce8ab84fc4949c39ac3/actions - {"actions":[{"id":"action33","type":"key","parameters":{},"actions":[{"type":"keyDown","value":"î€‡"},{"type":"pause","duration":10},{"type":"keyUp","value":"î€‡"}]}]}
RESULT: {"actions":[{"id":"action33","type":"key","parameters":{},"actions":[{"type":"keyDown","value":"î€‡"},{"type":"pause","duration":10},{"type":"keyUp","value":"î€‡"}]}]}
COMMAND: GET /session/e0f9f5aee1597ce8ab84fc4949c39ac3/screenshot - {}
COMMAND: POST /session/e0f9f5aee1597ce8ab84fc4949c39ac3/execute/async - {"script":"<script> [1562 bytes]","args":[{"selector":{"id":"application-managecontracts-display-component---AddNewContract--saveBtn","interaction":{"idSuffix":"BDI-content"}},"wdio_ui5_key":"applicationmanagecontracts-display-component---AddNewContract--saveBtn"}]}
RESULT: {}
RESULT: {"script":"<script> [1562 bytes]","args":[{"selector":{"id":"application-managecontracts-display-component---AddNewContract--saveBtn","interaction":{"idSuffix":"BDI-content"}},"wdio_ui5_key":"applicationmanagecontracts-display-component---AddNewContract--saveBtn"}]}
RESULT: undefined
COMMAND: POST /session/e0f9f5aee1597ce8ab84fc4949c39ac3/element - {"using":"xpath","value":"//*[@id=\"application-managecontracts-display-component---AddNewContract--saveBtn\"]"}
RESULT: {"using":"xpath","value":"//*[@id=\"application-managecontracts-display-component---AddNewContract--saveBtn\"]"}
COMMAND: POST /session/e0f9f5aee1597ce8ab84fc4949c39ac3/element/f.16219B07342047CC16B1B6C41B76C932.d.6FA29B592B5A08FC0696E3EDD9ED07BE.e.4169/click - {}
RESULT: {}
COMMAND: GET /session/e0f9f5aee1597ce8ab84fc4949c39ac3/screenshot - {}
RESULT: {}
COMMAND: POST /session/e0f9f5aee1597ce8ab84fc4949c39ac3/element - {"using":"xpath","value":"//span[contains(@id ,\"contractDetailTitleNoExpanded\")]"}
RESULT: {"using":"xpath","value":"//span[contains(@id ,\"contractDetailTitleNoExpanded\")]"}
COMMAND: GET /session/e0f9f5aee1597ce8ab84fc4949c39ac3/element/f.16219B07342047CC16B1B6C41B76C932.d.6FA29B592B5A08FC0696E3EDD9ED07BE.e.4252/text - {}
RESULT: {}
COMMAND: POST /session/e0f9f5aee1597ce8ab84fc4949c39ac3/element - {"using":"css selector","value":"#shell-header-logo"}
RESULT: {"using":"css selector","value":"#shell-header-logo"}
COMMAND: POST /session/e0f9f5aee1597ce8ab84fc4949c39ac3/element/f.16219B07342047CC16B1B6C41B76C932.d.6FA29B592B5A08FC0696E3EDD9ED07BE.e.3823/click - {}
RESULT: {}
COMMAND: GET /session/e0f9f5aee1597ce8ab84fc4949c39ac3/screenshot - {}
RESULT: {}
]]></system-out>
    </testcase>
    <testcase classname="chrome.136_0_7103_49.windows.Manage_request_+_Contract_processing_pick_up_option_US120163_" name="Should create a new material" time="134.03">
      <system-out><![CDATA[
COMMAND: POST /session/e0f9f5aee1597ce8ab84fc4949c39ac3/execute/async - {"script":"<script> [1562 bytes]","args":[{"selector":{"controlType":"sap.m.GenericTile","properties":{"header":"Manage Resources"}},"wdio_ui5_key":"sapm.GenericTile{\"header\":\"Manage Resources\"}"}]}
RESULT: {"script":"<script> [1562 bytes]","args":[{"selector":{"controlType":"sap.m.GenericTile","properties":{"header":"Manage Resources"}},"wdio_ui5_key":"sapm.GenericTile{\"header\":\"Manage Resources\"}"}]}
RESULT: undefined
COMMAND: POST /session/e0f9f5aee1597ce8ab84fc4949c39ac3/element - {"using":"xpath","value":"//*[@id=\"__tile39\"]"}
RESULT: {"using":"xpath","value":"//*[@id=\"__tile39\"]"}
COMMAND: POST /session/e0f9f5aee1597ce8ab84fc4949c39ac3/element/f.16219B07342047CC16B1B6C41B76C932.d.6FA29B592B5A08FC0696E3EDD9ED07BE.e.4254/click - {}
RESULT: {}
COMMAND: GET /session/e0f9f5aee1597ce8ab84fc4949c39ac3/screenshot - {}
RESULT: {}
COMMAND: POST /session/e0f9f5aee1597ce8ab84fc4949c39ac3/element - {"using":"xpath","value":"//button[@data-kt=\"addNewRUOverflowToolbarButton\"]"}
RESULT: {"using":"xpath","value":"//button[@data-kt=\"addNewRUOverflowToolbarButton\"]"}
COMMAND: POST /session/e0f9f5aee1597ce8ab84fc4949c39ac3/execute/sync - {"script":"<script> [8489 bytes]","args":[{"element-6066-11e4-a52e-4f735466cecf":"f.16219B07342047CC16B1B6C41B76C932.d.6FA29B592B5A08FC0696E3EDD9ED07BE.e.4297","ELEMENT":"f.16219B07342047CC16B1B6C41B76C932.d.6FA29B592B5A08FC0696E3EDD9ED07BE.e.4297"}]}
RESULT: {"script":"<script> [8489 bytes]","args":[{"element-6066-11e4-a52e-4f735466cecf":"f.16219B07342047CC16B1B6C41B76C932.d.6FA29B592B5A08FC0696E3EDD9ED07BE.e.4297","ELEMENT":"f.16219B07342047CC16B1B6C41B76C932.d.6FA29B592B5A08FC0696E3EDD9ED07BE.e.4297"}]}
COMMAND: POST /session/e0f9f5aee1597ce8ab84fc4949c39ac3/element/f.16219B07342047CC16B1B6C41B76C932.d.6FA29B592B5A08FC0696E3EDD9ED07BE.e.4297/click - {}
COMMAND: GET /session/e0f9f5aee1597ce8ab84fc4949c39ac3/screenshot - {}
RESULT: {}
COMMAND: POST /session/e0f9f5aee1597ce8ab84fc4949c39ac3/execute/async - {"script":"<script> [1562 bytes]","args":[{"selector":{"id":"application-manageresources-display-component---newResourceUnit--TYPE-arrow"},"wdio_ui5_key":"applicationmanageresources-display-component---newResourceUnit--TYPE-arrow"}]}
COMMAND: GET /session/e0f9f5aee1597ce8ab84fc4949c39ac3/screenshot - {}
RESULT: {}
RESULT: {"script":"<script> [1562 bytes]","args":[{"selector":{"id":"application-manageresources-display-component---newResourceUnit--TYPE-arrow"},"wdio_ui5_key":"applicationmanageresources-display-component---newResourceUnit--TYPE-arrow"}]}
RESULT: undefined
COMMAND: POST /session/e0f9f5aee1597ce8ab84fc4949c39ac3/element - {"using":"xpath","value":"//*[@id=\"application-manageresources-display-component---newResourceUnit--TYPE-arrow\"]"}
RESULT: {}
RESULT: {"using":"xpath","value":"//*[@id=\"application-manageresources-display-component---newResourceUnit--TYPE-arrow\"]"}
COMMAND: POST /session/e0f9f5aee1597ce8ab84fc4949c39ac3/element/f.16219B07342047CC16B1B6C41B76C932.d.6FA29B592B5A08FC0696E3EDD9ED07BE.e.4750/click - {}
RESULT: {}
COMMAND: POST /session/e0f9f5aee1597ce8ab84fc4949c39ac3/execute/async - {"script":"<script> [1562 bytes]","args":[{"selector":{"controlType":"sap.m.StandardListItem","viewName":"reusables.view.manageresources.NewResourceUnit","viewId":"application-manageresources-display-component---newResourceUnit","properties":{"title":"Material"},"searchOpenDialogs":true,"interaction":{"idSuffix":"titleText"}},"wdio_ui5_key":"reusablesview.manageresources.NewResourceUnitsap.m.StandardListItem{\"title\":\"Material\"}"}]}
COMMAND: GET /session/e0f9f5aee1597ce8ab84fc4949c39ac3/screenshot - {}
RESULT: {"script":"<script> [1562 bytes]","args":[{"selector":{"controlType":"sap.m.StandardListItem","viewName":"reusables.view.manageresources.NewResourceUnit","viewId":"application-manageresources-display-component---newResourceUnit","properties":{"title":"Material"},"searchOpenDialogs":true,"interaction":{"idSuffix":"titleText"}},"wdio_ui5_key":"reusablesview.manageresources.NewResourceUnitsap.m.StandardListItem{\"title\":\"Material\"}"}]}
RESULT: undefined
COMMAND: POST /session/e0f9f5aee1597ce8ab84fc4949c39ac3/element - {"using":"xpath","value":"//*[@id=\"__item7182\"]"}
RESULT: {}
RESULT: {"using":"xpath","value":"//*[@id=\"__item7182\"]"}
COMMAND: POST /session/e0f9f5aee1597ce8ab84fc4949c39ac3/element/f.16219B07342047CC16B1B6C41B76C932.d.6FA29B592B5A08FC0696E3EDD9ED07BE.e.4753/click - {}
RESULT: {}
COMMAND: POST /session/e0f9f5aee1597ce8ab84fc4949c39ac3/execute/async - {"script":"<script> [1562 bytes]","args":[{"selector":{"id":"application-manageresources-display-component---newResourceUnit--SHORT_TEXT","interaction":{"idSuffix":"inner"}},"wdio_ui5_key":"applicationmanageresources-display-component---newResourceUnit--SHORT_TEXT"}]}
COMMAND: GET /session/e0f9f5aee1597ce8ab84fc4949c39ac3/screenshot - {}
RESULT: {"script":"<script> [1562 bytes]","args":[{"selector":{"id":"application-manageresources-display-component---newResourceUnit--SHORT_TEXT","interaction":{"idSuffix":"inner"}},"wdio_ui5_key":"applicationmanageresources-display-component---newResourceUnit--SHORT_TEXT"}]}
RESULT: undefined
COMMAND: POST /session/e0f9f5aee1597ce8ab84fc4949c39ac3/execute/async - {"script":"<script> [776 bytes]","args":[{"enterText":"WebdriverRUR2Cspn3sj","selector":{"id":"application-manageresources-display-component---newResourceUnit--SHORT_TEXT","interaction":{"idSuffix":"inner"}},"clearTextFirst":true,"interactionType":"ENTER_TEXT"}]}
RESULT: {}
RESULT: {"script":"<script> [776 bytes]","args":[{"enterText":"WebdriverRUR2Cspn3sj","selector":{"id":"application-manageresources-display-component---newResourceUnit--SHORT_TEXT","interaction":{"idSuffix":"inner"}},"clearTextFirst":true,"interactionType":"ENTER_TEXT"}]}
COMMAND: POST /session/e0f9f5aee1597ce8ab84fc4949c39ac3/execute/async - {"script":"<script> [1562 bytes]","args":[{"selector":{"id":"application-manageresources-display-component---newResourceUnit--BASE_UNIT_OF_MEASURE-arrow"},"wdio_ui5_key":"applicationmanageresources-display-component---newResourceUnit--BASE_UNIT_OF_MEASURE-arrow"}]}
RESULT: {"script":"<script> [1562 bytes]","args":[{"selector":{"id":"application-manageresources-display-component---newResourceUnit--BASE_UNIT_OF_MEASURE-arrow"},"wdio_ui5_key":"applicationmanageresources-display-component---newResourceUnit--BASE_UNIT_OF_MEASURE-arrow"}]}
RESULT: undefined
COMMAND: POST /session/e0f9f5aee1597ce8ab84fc4949c39ac3/element - {"using":"xpath","value":"//*[@id=\"application-manageresources-display-component---newResourceUnit--BASE_UNIT_OF_MEASURE-arrow\"]"}
RESULT: {"using":"xpath","value":"//*[@id=\"application-manageresources-display-component---newResourceUnit--BASE_UNIT_OF_MEASURE-arrow\"]"}
COMMAND: POST /session/e0f9f5aee1597ce8ab84fc4949c39ac3/element/f.16219B07342047CC16B1B6C41B76C932.d.6FA29B592B5A08FC0696E3EDD9ED07BE.e.4810/click - {}
RESULT: {}
COMMAND: POST /session/e0f9f5aee1597ce8ab84fc4949c39ac3/execute/async - {"script":"<script> [1562 bytes]","args":[{"selector":{"controlType":"sap.m.StandardListItem","viewName":"reusables.view.manageresources.NewResourceUnit","viewId":"application-manageresources-display-component---newResourceUnit","properties":{"title":"Piece"},"searchOpenDialogs":true,"interaction":{"idSuffix":"titleText"}},"wdio_ui5_key":"reusablesview.manageresources.NewResourceUnitsap.m.StandardListItem{\"title\":\"Piece\"}"}]}
COMMAND: GET /session/e0f9f5aee1597ce8ab84fc4949c39ac3/screenshot - {}
RESULT: {"script":"<script> [1562 bytes]","args":[{"selector":{"controlType":"sap.m.StandardListItem","viewName":"reusables.view.manageresources.NewResourceUnit","viewId":"application-manageresources-display-component---newResourceUnit","properties":{"title":"Piece"},"searchOpenDialogs":true,"interaction":{"idSuffix":"titleText"}},"wdio_ui5_key":"reusablesview.manageresources.NewResourceUnitsap.m.StandardListItem{\"title\":\"Piece\"}"}]}
RESULT: undefined
COMMAND: POST /session/e0f9f5aee1597ce8ab84fc4949c39ac3/element - {"using":"xpath","value":"//*[@id=\"__item7226\"]"}
RESULT: {}
RESULT: {"using":"xpath","value":"//*[@id=\"__item7226\"]"}
COMMAND: POST /session/e0f9f5aee1597ce8ab84fc4949c39ac3/element/f.16219B07342047CC16B1B6C41B76C932.d.6FA29B592B5A08FC0696E3EDD9ED07BE.e.4812/click - {}
RESULT: {}
COMMAND: POST /session/e0f9f5aee1597ce8ab84fc4949c39ac3/element - {"using":"xpath","value":"//input[contains(@id ,\"application-manageresources-display-component---newResourceUnit--SHORT_TEXT-inner\")]"}
COMMAND: GET /session/e0f9f5aee1597ce8ab84fc4949c39ac3/screenshot - {}
RESULT: {"using":"xpath","value":"//input[contains(@id ,\"application-manageresources-display-component---newResourceUnit--SHORT_TEXT-inner\")]"}
COMMAND: GET /session/e0f9f5aee1597ce8ab84fc4949c39ac3/element/f.16219B07342047CC16B1B6C41B76C932.d.6FA29B592B5A08FC0696E3EDD9ED07BE.e.4771/property/value - {}
RESULT: {}
RESULT: {}
COMMAND: POST /session/e0f9f5aee1597ce8ab84fc4949c39ac3/execute/async - {"script":"<script> [1562 bytes]","args":[{"selector":{"id":"application-manageresources-display-component---newResourceUnit--WEIGHT_UNIT-arrow"},"wdio_ui5_key":"applicationmanageresources-display-component---newResourceUnit--WEIGHT_UNIT-arrow"}]}
COMMAND: GET /session/e0f9f5aee1597ce8ab84fc4949c39ac3/screenshot - {}
RESULT: {"script":"<script> [1562 bytes]","args":[{"selector":{"id":"application-manageresources-display-component---newResourceUnit--WEIGHT_UNIT-arrow"},"wdio_ui5_key":"applicationmanageresources-display-component---newResourceUnit--WEIGHT_UNIT-arrow"}]}
RESULT: undefined
COMMAND: POST /session/e0f9f5aee1597ce8ab84fc4949c39ac3/element - {"using":"xpath","value":"//*[@id=\"application-manageresources-display-component---newResourceUnit--WEIGHT_UNIT-arrow\"]"}
RESULT: {}
RESULT: {"using":"xpath","value":"//*[@id=\"application-manageresources-display-component---newResourceUnit--WEIGHT_UNIT-arrow\"]"}
COMMAND: POST /session/e0f9f5aee1597ce8ab84fc4949c39ac3/element/f.16219B07342047CC16B1B6C41B76C932.d.6FA29B592B5A08FC0696E3EDD9ED07BE.e.4813/click - {}
RESULT: {}
COMMAND: POST /session/e0f9f5aee1597ce8ab84fc4949c39ac3/execute/async - {"script":"<script> [1562 bytes]","args":[{"selector":{"controlType":"sap.m.StandardListItem","viewName":"reusables.view.manageresources.NewResourceUnit","viewId":"application-manageresources-display-component---newResourceUnit","properties":{"title":"Gram"},"searchOpenDialogs":true,"interaction":{"idSuffix":"content"}},"wdio_ui5_key":"reusablesview.manageresources.NewResourceUnitsap.m.StandardListItem{\"title\":\"Gram\"}"}]}
COMMAND: GET /session/e0f9f5aee1597ce8ab84fc4949c39ac3/screenshot - {}
RESULT: {"script":"<script> [1562 bytes]","args":[{"selector":{"controlType":"sap.m.StandardListItem","viewName":"reusables.view.manageresources.NewResourceUnit","viewId":"application-manageresources-display-component---newResourceUnit","properties":{"title":"Gram"},"searchOpenDialogs":true,"interaction":{"idSuffix":"content"}},"wdio_ui5_key":"reusablesview.manageresources.NewResourceUnitsap.m.StandardListItem{\"title\":\"Gram\"}"}]}
RESULT: undefined
COMMAND: POST /session/e0f9f5aee1597ce8ab84fc4949c39ac3/element - {"using":"xpath","value":"//*[@id=\"__item7291\"]"}
RESULT: {}
RESULT: {"using":"xpath","value":"//*[@id=\"__item7291\"]"}
COMMAND: POST /session/e0f9f5aee1597ce8ab84fc4949c39ac3/element/f.16219B07342047CC16B1B6C41B76C932.d.6FA29B592B5A08FC0696E3EDD9ED07BE.e.4815/click - {}
RESULT: {}
COMMAND: POST /session/e0f9f5aee1597ce8ab84fc4949c39ac3/execute/async - {"script":"<script> [1562 bytes]","args":[{"selector":{"id":"application-manageresources-display-component---newResourceUnit--newRRUPage-OPHeaderContent-collapseBtn-img"},"wdio_ui5_key":"applicationmanageresources-display-component---newResourceUnit--newRRUPage-OPHeaderContent-collapseBtn-img"}]}
COMMAND: GET /session/e0f9f5aee1597ce8ab84fc4949c39ac3/screenshot - {}
RESULT: {"script":"<script> [1562 bytes]","args":[{"selector":{"id":"application-manageresources-display-component---newResourceUnit--newRRUPage-OPHeaderContent-collapseBtn-img"},"wdio_ui5_key":"applicationmanageresources-display-component---newResourceUnit--newRRUPage-OPHeaderContent-collapseBtn-img"}]}
RESULT: undefined
COMMAND: POST /session/e0f9f5aee1597ce8ab84fc4949c39ac3/element - {"using":"xpath","value":"//*[@id=\"application-manageresources-display-component---newResourceUnit--newRRUPage-OPHeaderContent-collapseBtn-img\"]"}
RESULT: {}
RESULT: {"using":"xpath","value":"//*[@id=\"application-manageresources-display-component---newResourceUnit--newRRUPage-OPHeaderContent-collapseBtn-img\"]"}
COMMAND: POST /session/e0f9f5aee1597ce8ab84fc4949c39ac3/element/f.16219B07342047CC16B1B6C41B76C932.d.6FA29B592B5A08FC0696E3EDD9ED07BE.e.4761/click - {}
RESULT: {}
COMMAND: GET /session/e0f9f5aee1597ce8ab84fc4949c39ac3/screenshot - {}
RESULT: {}
COMMAND: POST /session/e0f9f5aee1597ce8ab84fc4949c39ac3/element - {"using":"xpath","value":"(//span[contains(@id ,\"application-manageresources-display-component---newResourceUnit--DIMENSION_UNIT-arrow\")])[1]"}
RESULT: {"using":"xpath","value":"(//span[contains(@id ,\"application-manageresources-display-component---newResourceUnit--DIMENSION_UNIT-arrow\")])[1]"}
COMMAND: POST /session/e0f9f5aee1597ce8ab84fc4949c39ac3/element/f.16219B07342047CC16B1B6C41B76C932.d.6FA29B592B5A08FC0696E3EDD9ED07BE.e.4819/click - {}
RESULT: {}
COMMAND: GET /session/e0f9f5aee1597ce8ab84fc4949c39ac3/screenshot - {}
RESULT: {}
COMMAND: POST /session/e0f9f5aee1597ce8ab84fc4949c39ac3/execute/async - {"script":"<script> [1562 bytes]","args":[{"selector":{"controlType":"sap.m.StandardListItem","viewName":"reusables.view.manageresources.NewResourceUnit","viewId":"application-manageresources-display-component---newResourceUnit","properties":{"title":"Centimeter"},"searchOpenDialogs":true,"interaction":{"idSuffix":"titleText"}},"wdio_ui5_key":"reusablesview.manageresources.NewResourceUnitsap.m.StandardListItem{\"title\":\"Centimeter\"}"}]}
RESULT: {"script":"<script> [1562 bytes]","args":[{"selector":{"controlType":"sap.m.StandardListItem","viewName":"reusables.view.manageresources.NewResourceUnit","viewId":"application-manageresources-display-component---newResourceUnit","properties":{"title":"Centimeter"},"searchOpenDialogs":true,"interaction":{"idSuffix":"titleText"}},"wdio_ui5_key":"reusablesview.manageresources.NewResourceUnitsap.m.StandardListItem{\"title\":\"Centimeter\"}"}]}
RESULT: undefined
COMMAND: POST /session/e0f9f5aee1597ce8ab84fc4949c39ac3/element - {"using":"xpath","value":"//*[@id=\"__item7294\"]"}
RESULT: {"using":"xpath","value":"//*[@id=\"__item7294\"]"}
COMMAND: POST /session/e0f9f5aee1597ce8ab84fc4949c39ac3/element/f.16219B07342047CC16B1B6C41B76C932.d.6FA29B592B5A08FC0696E3EDD9ED07BE.e.4823/click - {}
RESULT: {}
COMMAND: POST /session/e0f9f5aee1597ce8ab84fc4949c39ac3/execute/async - {"script":"<script> [1562 bytes]","args":[{"selector":{"id":"application-manageresources-display-component---newResourceUnit--newRRUPage-anchBar-application-manageresources-display-component---newResourceUnit--reference-anchor","interaction":{"idSuffix":"BDI-content"}},"wdio_ui5_key":"applicationmanageresources-display-component---newResourceUnit--newRRUPage-anchBar-application-manageresources-display-component---newResourceUnit--reference-anchor"}]}
COMMAND: GET /session/e0f9f5aee1597ce8ab84fc4949c39ac3/screenshot - {}
RESULT: {"script":"<script> [1562 bytes]","args":[{"selector":{"id":"application-manageresources-display-component---newResourceUnit--newRRUPage-anchBar-application-manageresources-display-component---newResourceUnit--reference-anchor","interaction":{"idSuffix":"BDI-content"}},"wdio_ui5_key":"applicationmanageresources-display-component---newResourceUnit--newRRUPage-anchBar-application-manageresources-display-component---newResourceUnit--reference-anchor"}]}
RESULT: undefined
COMMAND: POST /session/e0f9f5aee1597ce8ab84fc4949c39ac3/element - {"using":"xpath","value":"//*[@id=\"application-manageresources-display-component---newResourceUnit--newRRUPage-anchBar-application-manageresources-display-component---newResourceUnit--reference-anchor\"]"}
RESULT: {}
RESULT: {"using":"xpath","value":"//*[@id=\"application-manageresources-display-component---newResourceUnit--newRRUPage-anchBar-application-manageresources-display-component---newResourceUnit--reference-anchor\"]"}
COMMAND: POST /session/e0f9f5aee1597ce8ab84fc4949c39ac3/element/f.16219B07342047CC16B1B6C41B76C932.d.6FA29B592B5A08FC0696E3EDD9ED07BE.e.4825/click - {}
RESULT: {}
COMMAND: POST /session/e0f9f5aee1597ce8ab84fc4949c39ac3/execute/async - {"script":"<script> [1562 bytes]","args":[{"selector":{"id":"application-manageresources-display-component---newResourceUnit--PLANNING_GROUP-arrow"},"wdio_ui5_key":"applicationmanageresources-display-component---newResourceUnit--PLANNING_GROUP-arrow"}]}
COMMAND: GET /session/e0f9f5aee1597ce8ab84fc4949c39ac3/screenshot - {}
RESULT: {"script":"<script> [1562 bytes]","args":[{"selector":{"id":"application-manageresources-display-component---newResourceUnit--PLANNING_GROUP-arrow"},"wdio_ui5_key":"applicationmanageresources-display-component---newResourceUnit--PLANNING_GROUP-arrow"}]}
RESULT: undefined
COMMAND: POST /session/e0f9f5aee1597ce8ab84fc4949c39ac3/element - {"using":"xpath","value":"//*[@id=\"application-manageresources-display-component---newResourceUnit--PLANNING_GROUP-arrow\"]"}
RESULT: {}
RESULT: {"using":"xpath","value":"//*[@id=\"application-manageresources-display-component---newResourceUnit--PLANNING_GROUP-arrow\"]"}
COMMAND: POST /session/e0f9f5aee1597ce8ab84fc4949c39ac3/element/f.16219B07342047CC16B1B6C41B76C932.d.6FA29B592B5A08FC0696E3EDD9ED07BE.e.4829/click - {}
RESULT: {}
COMMAND: POST /session/e0f9f5aee1597ce8ab84fc4949c39ac3/execute/async - {"script":"<script> [1562 bytes]","args":[{"selector":{"controlType":"sap.m.StandardListItem","viewName":"reusables.view.manageresources.NewResourceUnit","viewId":"application-manageresources-display-component---newResourceUnit","properties":{"title":"Heavy Equi"},"searchOpenDialogs":true,"interaction":{"idSuffix":"content"}},"wdio_ui5_key":"reusablesview.manageresources.NewResourceUnitsap.m.StandardListItem{\"title\":\"Heavy Equi\"}"}]}
COMMAND: GET /session/e0f9f5aee1597ce8ab84fc4949c39ac3/screenshot - {}
RESULT: {"script":"<script> [1562 bytes]","args":[{"selector":{"controlType":"sap.m.StandardListItem","viewName":"reusables.view.manageresources.NewResourceUnit","viewId":"application-manageresources-display-component---newResourceUnit","properties":{"title":"Heavy Equi"},"searchOpenDialogs":true,"interaction":{"idSuffix":"content"}},"wdio_ui5_key":"reusablesview.manageresources.NewResourceUnitsap.m.StandardListItem{\"title\":\"Heavy Equi\"}"}]}
RESULT: undefined
COMMAND: POST /session/e0f9f5aee1597ce8ab84fc4949c39ac3/element - {"using":"xpath","value":"//*[@id=\"__item7302\"]"}
RESULT: {}
RESULT: {"using":"xpath","value":"//*[@id=\"__item7302\"]"}
COMMAND: POST /session/e0f9f5aee1597ce8ab84fc4949c39ac3/element/f.16219B07342047CC16B1B6C41B76C932.d.6FA29B592B5A08FC0696E3EDD9ED07BE.e.4833/click - {}
RESULT: {}
COMMAND: GET /session/e0f9f5aee1597ce8ab84fc4949c39ac3/screenshot - {}
RESULT: {}
COMMAND: POST /session/e0f9f5aee1597ce8ab84fc4949c39ac3/execute/async - {"script":"<script> [1562 bytes]","args":[{"selector":{"id":"application-manageresources-display-component---newResourceUnit--PLANNING_INDICATOR-arrow"},"wdio_ui5_key":"applicationmanageresources-display-component---newResourceUnit--PLANNING_INDICATOR-arrow"}]}
RESULT: {"script":"<script> [1562 bytes]","args":[{"selector":{"id":"application-manageresources-display-component---newResourceUnit--PLANNING_INDICATOR-arrow"},"wdio_ui5_key":"applicationmanageresources-display-component---newResourceUnit--PLANNING_INDICATOR-arrow"}]}
RESULT: undefined
COMMAND: POST /session/e0f9f5aee1597ce8ab84fc4949c39ac3/element - {"using":"xpath","value":"//*[@id=\"application-manageresources-display-component---newResourceUnit--PLANNING_INDICATOR-arrow\"]"}
RESULT: {"using":"xpath","value":"//*[@id=\"application-manageresources-display-component---newResourceUnit--PLANNING_INDICATOR-arrow\"]"}
COMMAND: POST /session/e0f9f5aee1597ce8ab84fc4949c39ac3/element/f.16219B07342047CC16B1B6C41B76C932.d.6FA29B592B5A08FC0696E3EDD9ED07BE.e.4834/click - {}
RESULT: {}
COMMAND: POST /session/e0f9f5aee1597ce8ab84fc4949c39ac3/execute/async - {"script":"<script> [1562 bytes]","args":[{"selector":{"controlType":"sap.m.StandardListItem","viewName":"reusables.view.manageresources.NewResourceUnit","viewId":"application-manageresources-display-component---newResourceUnit","properties":{"title":"10 - infinite"},"searchOpenDialogs":true,"interaction":{"idSuffix":"content"}},"wdio_ui5_key":"reusablesview.manageresources.NewResourceUnitsap.m.StandardListItem{\"title\":\"10 - infinite\"}"}]}
COMMAND: GET /session/e0f9f5aee1597ce8ab84fc4949c39ac3/screenshot - {}
RESULT: {"script":"<script> [1562 bytes]","args":[{"selector":{"controlType":"sap.m.StandardListItem","viewName":"reusables.view.manageresources.NewResourceUnit","viewId":"application-manageresources-display-component---newResourceUnit","properties":{"title":"10 - infinite"},"searchOpenDialogs":true,"interaction":{"idSuffix":"content"}},"wdio_ui5_key":"reusablesview.manageresources.NewResourceUnitsap.m.StandardListItem{\"title\":\"10 - infinite\"}"}]}
RESULT: undefined
COMMAND: POST /session/e0f9f5aee1597ce8ab84fc4949c39ac3/element - {"using":"xpath","value":"//*[@id=\"__item7312\"]"}
RESULT: {}
RESULT: {"using":"xpath","value":"//*[@id=\"__item7312\"]"}
COMMAND: POST /session/e0f9f5aee1597ce8ab84fc4949c39ac3/element/f.16219B07342047CC16B1B6C41B76C932.d.6FA29B592B5A08FC0696E3EDD9ED07BE.e.4836/click - {}
RESULT: {}
COMMAND: GET /session/e0f9f5aee1597ce8ab84fc4949c39ac3/screenshot - {}
RESULT: {}
COMMAND: POST /session/e0f9f5aee1597ce8ab84fc4949c39ac3/element - {"using":"xpath","value":"//bdi[contains(text(), \"Time Segment\")]"}
RESULT: {"using":"xpath","value":"//bdi[contains(text(), \"Time Segment\")]"}
COMMAND: GET /session/e0f9f5aee1597ce8ab84fc4949c39ac3/element/f.16219B07342047CC16B1B6C41B76C932.d.6FA29B592B5A08FC0696E3EDD9ED07BE.e.4837/rect - {}
RESULT: {}
COMMAND: GET /session/e0f9f5aee1597ce8ab84fc4949c39ac3/window/rect - {}
RESULT: {}
COMMAND: POST /session/e0f9f5aee1597ce8ab84fc4949c39ac3/execute/sync - {"script":"<script> [92 bytes]","args":[]}
RESULT: {"script":"<script> [92 bytes]","args":[]}
COMMAND: POST /session/e0f9f5aee1597ce8ab84fc4949c39ac3/actions - {"actions":[{"id":"action34","type":"wheel","parameters":{},"actions":[{"type":"scroll","x":-1820,"y":-21,"deltaX":0,"deltaY":0,"duration":0,"origin":{"element-6066-11e4-a52e-4f735466cecf":"f.16219B07342047CC16B1B6C41B76C932.d.6FA29B592B5A08FC0696E3EDD9ED07BE.e.4837"}}]}]}
COMMAND: GET /session/e0f9f5aee1597ce8ab84fc4949c39ac3/screenshot - {}
RESULT: {}
COMMAND: POST /session/e0f9f5aee1597ce8ab84fc4949c39ac3/execute/sync - {"script":"<script> [79 bytes]","args":[{"element-6066-11e4-a52e-4f735466cecf":"f.16219B07342047CC16B1B6C41B76C932.d.6FA29B592B5A08FC0696E3EDD9ED07BE.e.4837","ELEMENT":"f.16219B07342047CC16B1B6C41B76C932.d.6FA29B592B5A08FC0696E3EDD9ED07BE.e.4837"},{"block":"start","inline":"nearest"}]}
RESULT: {"script":"<script> [79 bytes]","args":[{"element-6066-11e4-a52e-4f735466cecf":"f.16219B07342047CC16B1B6C41B76C932.d.6FA29B592B5A08FC0696E3EDD9ED07BE.e.4837","ELEMENT":"f.16219B07342047CC16B1B6C41B76C932.d.6FA29B592B5A08FC0696E3EDD9ED07BE.e.4837"},{"block":"start","inline":"nearest"}]}
COMMAND: GET /session/e0f9f5aee1597ce8ab84fc4949c39ac3/screenshot - {}
RESULT: {}
COMMAND: POST /session/e0f9f5aee1597ce8ab84fc4949c39ac3/element - {"using":"xpath","value":"//span[@id=\"application-manageresources-display-component---newResourceUnit--btnAddTimeSegment-img\"]"}
RESULT: {"using":"xpath","value":"//span[@id=\"application-manageresources-display-component---newResourceUnit--btnAddTimeSegment-img\"]"}
COMMAND: POST /session/e0f9f5aee1597ce8ab84fc4949c39ac3/execute/sync - {"script":"<script> [8489 bytes]","args":[{"element-6066-11e4-a52e-4f735466cecf":"f.16219B07342047CC16B1B6C41B76C932.d.6FA29B592B5A08FC0696E3EDD9ED07BE.e.4840","ELEMENT":"f.16219B07342047CC16B1B6C41B76C932.d.6FA29B592B5A08FC0696E3EDD9ED07BE.e.4840"}]}
RESULT: {"script":"<script> [8489 bytes]","args":[{"element-6066-11e4-a52e-4f735466cecf":"f.16219B07342047CC16B1B6C41B76C932.d.6FA29B592B5A08FC0696E3EDD9ED07BE.e.4840","ELEMENT":"f.16219B07342047CC16B1B6C41B76C932.d.6FA29B592B5A08FC0696E3EDD9ED07BE.e.4840"}]}
COMMAND: POST /session/e0f9f5aee1597ce8ab84fc4949c39ac3/element/f.16219B07342047CC16B1B6C41B76C932.d.6FA29B592B5A08FC0696E3EDD9ED07BE.e.4840/click - {}
COMMAND: GET /session/e0f9f5aee1597ce8ab84fc4949c39ac3/screenshot - {}
RESULT: {}
COMMAND: GET /session/e0f9f5aee1597ce8ab84fc4949c39ac3/screenshot - {}
COMMAND: POST /session/e0f9f5aee1597ce8ab84fc4949c39ac3/element - {"using":"xpath","value":"//input[@id=\"application-manageresources-display-component---newResourceUnit--idRuTSAdmin-application-manageresources-display-component---newResourceUnit--RUTimeSegment-0-inner\"]"}
RESULT: {}
RESULT: {}
RESULT: {"using":"xpath","value":"//input[@id=\"application-manageresources-display-component---newResourceUnit--idRuTSAdmin-application-manageresources-display-component---newResourceUnit--RUTimeSegment-0-inner\"]"}
COMMAND: POST /session/e0f9f5aee1597ce8ab84fc4949c39ac3/element/f.16219B07342047CC16B1B6C41B76C932.d.6FA29B592B5A08FC0696E3EDD9ED07BE.e.4843/clear - {}
RESULT: {}
COMMAND: POST /session/e0f9f5aee1597ce8ab84fc4949c39ac3/element/f.16219B07342047CC16B1B6C41B76C932.d.6FA29B592B5A08FC0696E3EDD9ED07BE.e.4843/value - {"text":"WebdriverYardgxtyv"}
COMMAND: GET /session/e0f9f5aee1597ce8ab84fc4949c39ac3/screenshot - {}
RESULT: {"text":"WebdriverYardgxtyv"}
COMMAND: GET /session/e0f9f5aee1597ce8ab84fc4949c39ac3/screenshot - {}
RESULT: {}
RESULT: {}
COMMAND: POST /session/e0f9f5aee1597ce8ab84fc4949c39ac3/actions - {"actions":[{"id":"action35","type":"key","parameters":{},"actions":[{"type":"keyDown","value":"î€‡"},{"type":"pause","duration":10},{"type":"keyUp","value":"î€‡"}]}]}
RESULT: {"actions":[{"id":"action35","type":"key","parameters":{},"actions":[{"type":"keyDown","value":"î€‡"},{"type":"pause","duration":10},{"type":"keyUp","value":"î€‡"}]}]}
COMMAND: GET /session/e0f9f5aee1597ce8ab84fc4949c39ac3/screenshot - {}
RESULT: {}
COMMAND: POST /session/e0f9f5aee1597ce8ab84fc4949c39ac3/execute/async - {"script":"<script> [1562 bytes]","args":[{"selector":{"controlType":"sap.m.Button","viewName":"reusables.view.manageresources.NewResourceUnit","viewId":"application-manageresources-display-component---newResourceUnit","i18NText":{"propertyName":"tooltip","key":"save"},"interaction":{"idSuffix":"BDI-content"}},"wdio_ui5_key":"reusablesview.manageresources.NewResourceUnitsap.m.Button{\"propertyName\":\"tooltip\",\"key\":\"save\"}"}]}
RESULT: {"script":"<script> [1562 bytes]","args":[{"selector":{"controlType":"sap.m.Button","viewName":"reusables.view.manageresources.NewResourceUnit","viewId":"application-manageresources-display-component---newResourceUnit","i18NText":{"propertyName":"tooltip","key":"save"},"interaction":{"idSuffix":"BDI-content"}},"wdio_ui5_key":"reusablesview.manageresources.NewResourceUnitsap.m.Button{\"propertyName\":\"tooltip\",\"key\":\"save\"}"}]}
RESULT: undefined
COMMAND: POST /session/e0f9f5aee1597ce8ab84fc4949c39ac3/element - {"using":"xpath","value":"//*[@id=\"application-manageresources-display-component---newResourceUnit--createRuButton\"]"}
RESULT: {"using":"xpath","value":"//*[@id=\"application-manageresources-display-component---newResourceUnit--createRuButton\"]"}
COMMAND: POST /session/e0f9f5aee1597ce8ab84fc4949c39ac3/element/f.16219B07342047CC16B1B6C41B76C932.d.6FA29B592B5A08FC0696E3EDD9ED07BE.e.4767/click - {}
RESULT: {}
COMMAND: GET /session/e0f9f5aee1597ce8ab84fc4949c39ac3/screenshot - {}
RESULT: {}
COMMAND: POST /session/e0f9f5aee1597ce8ab84fc4949c39ac3/execute/async - {"script":"<script> [1562 bytes]","args":[{"selector":{"controlType":"sap.m.Title","properties":{"text":"Success"},"searchOpenDialogs":true},"wdio_ui5_key":"sapm.Title{\"text\":\"Success\"}"}]}
RESULT: {"script":"<script> [1562 bytes]","args":[{"selector":{"controlType":"sap.m.Title","properties":{"text":"Success"},"searchOpenDialogs":true},"wdio_ui5_key":"sapm.Title{\"text\":\"Success\"}"}]}
RESULT: undefined
COMMAND: POST /session/e0f9f5aee1597ce8ab84fc4949c39ac3/execute/async - {"script":"<script> [6424 bytes]","args":[{"element-6066-11e4-a52e-4f735466cecf":"f.16219B07342047CC16B1B6C41B76C932.d.6FA29B592B5A08FC0696E3EDD9ED07BE.e.4860"},"getText",[]]}
RESULT: {"script":"<script> [6424 bytes]","args":[{"element-6066-11e4-a52e-4f735466cecf":"f.16219B07342047CC16B1B6C41B76C932.d.6FA29B592B5A08FC0696E3EDD9ED07BE.e.4860"},"getText",[]]}
COMMAND: POST /session/e0f9f5aee1597ce8ab84fc4949c39ac3/element - {"using":"xpath","value":"//*[contains(@id, '__text') and (contains(text(), 'successfully created') or contains(., 'successfully created'))]"}
RESULT: {"using":"xpath","value":"//*[contains(@id, '__text') and (contains(text(), 'successfully created') or contains(., 'successfully created'))]"}
COMMAND: GET /session/e0f9f5aee1597ce8ab84fc4949c39ac3/element/f.16219B07342047CC16B1B6C41B76C932.d.6FA29B592B5A08FC0696E3EDD9ED07BE.e.4858/text - {}
RESULT: {}
COMMAND: POST /session/e0f9f5aee1597ce8ab84fc4949c39ac3/execute/async - {"script":"<script> [1562 bytes]","args":[{"selector":{"controlType":"sap.m.Button","properties":{"text":"Close"},"searchOpenDialogs":true,"interaction":{"idSuffix":"BDI-content"}},"wdio_ui5_key":"sapm.Button{\"text\":\"Close\"}"}]}
RESULT: {"script":"<script> [1562 bytes]","args":[{"selector":{"controlType":"sap.m.Button","properties":{"text":"Close"},"searchOpenDialogs":true,"interaction":{"idSuffix":"BDI-content"}},"wdio_ui5_key":"sapm.Button{\"text\":\"Close\"}"}]}
RESULT: undefined
COMMAND: POST /session/e0f9f5aee1597ce8ab84fc4949c39ac3/element - {"using":"xpath","value":"//*[@id=\"__mbox-btn-1\"]"}
RESULT: {"using":"xpath","value":"//*[@id=\"__mbox-btn-1\"]"}
COMMAND: POST /session/e0f9f5aee1597ce8ab84fc4949c39ac3/element/f.16219B07342047CC16B1B6C41B76C932.d.6FA29B592B5A08FC0696E3EDD9ED07BE.e.4857/click - {}
RESULT: {}
COMMAND: GET /session/e0f9f5aee1597ce8ab84fc4949c39ac3/screenshot - {}
RESULT: {}
COMMAND: POST /session/e0f9f5aee1597ce8ab84fc4949c39ac3/execute/async - {"script":"<script> [1562 bytes]","args":[{"selector":{"controlType":"sap.ui.core.Icon","viewName":"etm.portal.ui.manageresources.view.Detail","viewId":"application-manageresources-display-component---detailRU","properties":{"src":{"regex":{"source":"overflow"}}}},"wdio_ui5_key":"etmportal.ui.manageresources.view.Detailsap.ui.core.Icon{\"src\":{\"regex\":{\"source\":\"overflow\"}}}"}]}
RESULT: {"script":"<script> [1562 bytes]","args":[{"selector":{"controlType":"sap.ui.core.Icon","viewName":"etm.portal.ui.manageresources.view.Detail","viewId":"application-manageresources-display-component---detailRU","properties":{"src":{"regex":{"source":"overflow"}}}},"wdio_ui5_key":"etmportal.ui.manageresources.view.Detailsap.ui.core.Icon{\"src\":{\"regex\":{\"source\":\"overflow\"}}}"}]}
RESULT: undefined
COMMAND: POST /session/e0f9f5aee1597ce8ab84fc4949c39ac3/element - {"using":"xpath","value":"//*[@id=\"__title82-_actionsToolbar-overflowButton-img\"]"}
RESULT: {"using":"xpath","value":"//*[@id=\"__title82-_actionsToolbar-overflowButton-img\"]"}
COMMAND: POST /session/e0f9f5aee1597ce8ab84fc4949c39ac3/element/f.16219B07342047CC16B1B6C41B76C932.d.6FA29B592B5A08FC0696E3EDD9ED07BE.e.4889/click - {}
RESULT: {}
COMMAND: POST /session/e0f9f5aee1597ce8ab84fc4949c39ac3/execute/async - {"script":"<script> [1562 bytes]","args":[{"selector":{"controlType":"sap.m.Button","viewName":"etm.portal.ui.manageresources.view.Detail","viewId":"application-manageresources-display-component---detailRU","i18NText":{"propertyName":"tooltip","key":"closeColumn"},"searchOpenDialogs":true,"interaction":{"idSuffix":"inner"}},"wdio_ui5_key":"etmportal.ui.manageresources.view.Detailsap.m.Button{\"propertyName\":\"tooltip\",\"key\":\"closeColumn\"}"}]}
COMMAND: GET /session/e0f9f5aee1597ce8ab84fc4949c39ac3/screenshot - {}
RESULT: {"script":"<script> [1562 bytes]","args":[{"selector":{"controlType":"sap.m.Button","viewName":"etm.portal.ui.manageresources.view.Detail","viewId":"application-manageresources-display-component---detailRU","i18NText":{"propertyName":"tooltip","key":"closeColumn"},"searchOpenDialogs":true,"interaction":{"idSuffix":"inner"}},"wdio_ui5_key":"etmportal.ui.manageresources.view.Detailsap.m.Button{\"propertyName\":\"tooltip\",\"key\":\"closeColumn\"}"}]}
RESULT: undefined
COMMAND: POST /session/e0f9f5aee1597ce8ab84fc4949c39ac3/element - {"using":"xpath","value":"//*[@id=\"__button251\"]"}
RESULT: {}
RESULT: {"using":"xpath","value":"//*[@id=\"__button251\"]"}
COMMAND: POST /session/e0f9f5aee1597ce8ab84fc4949c39ac3/element/f.16219B07342047CC16B1B6C41B76C932.d.6FA29B592B5A08FC0696E3EDD9ED07BE.e.4891/click - {}
RESULT: {}
COMMAND: GET /session/e0f9f5aee1597ce8ab84fc4949c39ac3/screenshot - {}
RESULT: {}
COMMAND: POST /session/e0f9f5aee1597ce8ab84fc4949c39ac3/refresh - {}
RESULT: {}
COMMAND: GET /session/e0f9f5aee1597ce8ab84fc4949c39ac3/screenshot - {}
RESULT: {}
COMMAND: POST /session/e0f9f5aee1597ce8ab84fc4949c39ac3/execute/async - {"script":"<script> [189 bytes]","args":[]}
RESULT: {"script":"<script> [189 bytes]","args":[]}
COMMAND: POST /session/e0f9f5aee1597ce8ab84fc4949c39ac3/execute/async - {"script":"<script> [123 bytes]","args":[]}
RESULT: {"script":"<script> [123 bytes]","args":[]}
COMMAND: POST /session/e0f9f5aee1597ce8ab84fc4949c39ac3/timeouts - {"script":"<number>"}
RESULT: {"script":"<number>"}
COMMAND: GET /session/e0f9f5aee1597ce8ab84fc4949c39ac3/timeouts - {}
RESULT: {}
RESULT: undefined
COMMAND: POST /session/e0f9f5aee1597ce8ab84fc4949c39ac3/execute/async - {"script":"<script> [2676 bytes]","args":[]}
RESULT: {"script":"<script> [2676 bytes]","args":[]}
COMMAND: POST /session/e0f9f5aee1597ce8ab84fc4949c39ac3/execute/async - {"script":"<script> [2342 bytes]","args":[{"protocol":"http","hostname":"0.0.0.0","path":"/","capabilities":{"browserName":"chrome","goog:chromeOptions":{"binary":"C:\\Program Files\\Google\\Chrome\\Application\\chrome.exe","args":["--start-maximized"]}},"logLevel":"warn","connectionRetryTimeout":120000,"connectionRetryCount":3,"logLevels":{},"enableDirectConnect":true,"strictSSL":true,"_":"65 more keys: [\"cacheDir\",\"port\",\"requestedCapabilities\",\"automationProtocol\",\"baseUrl\",\"waitforInterval\",\"waitforTimeout\",\"onReload\",\"beforeCommand\",\"afterCommand\",\"rootDir\",\"specs\",\"suites\",\"exclude\",\"groupLogsByTestSpec\",\"excludeDriverLogs\",\"bail\",\"framework\",\"reporters\",\"services\",\"maxInstances\",\"maxInstancesPerCapability\",\"injectGlobals\",\"filesToWatch\",\"execArgv\",\"runnerEnv\",\"runner\",\"shard\",\"specFileRetries\",\"specFileRetriesDelay\",\"specFileRetriesDeferred\",\"reporterSyncInterval\",\"reporterSyncTimeout\",\"cucumberFeaturesWithLineNumbers\",\"autoCompileOpts\",\"mochaOpts\",\"jasmineOpts\",\"cucumberOpts\",\"onPrepare\",\"onWorkerStart\",\"onWorkerEnd\",\"before\",\"beforeSession\",\"beforeSuite\",\"beforeHook\",\"beforeTest\",\"afterTest\",\"afterHook\",\"afterSuite\",\"afterSession\",\"after\",\"onComplete\",\"beforeAssertion\",\"afterAssertion\",\"beforeFeature\",\"beforeScenario\",\"beforeStep\",\"afterStep\",\"afterScenario\",\"afterFeature\",\"_\",\"suite\",\"$0\",\"ignoredWorkerServices\",\"wdi5\"]"}]}
RESULT: {"script":"<script> [2342 bytes]","args":[{"protocol":"http","hostname":"0.0.0.0","path":"/","capabilities":{"browserName":"chrome","goog:chromeOptions":{"binary":"C:\\Program Files\\Google\\Chrome\\Application\\chrome.exe","args":["--start-maximized"]}},"logLevel":"warn","connectionRetryTimeout":120000,"connectionRetryCount":3,"logLevels":{},"enableDirectConnect":true,"strictSSL":true,"_":"65 more keys: [\"cacheDir\",\"port\",\"requestedCapabilities\",\"automationProtocol\",\"baseUrl\",\"waitforInterval\",\"waitforTimeout\",\"onReload\",\"beforeCommand\",\"afterCommand\",\"rootDir\",\"specs\",\"suites\",\"exclude\",\"groupLogsByTestSpec\",\"excludeDriverLogs\",\"bail\",\"framework\",\"reporters\",\"services\",\"maxInstances\",\"maxInstancesPerCapability\",\"injectGlobals\",\"filesToWatch\",\"execArgv\",\"runnerEnv\",\"runner\",\"shard\",\"specFileRetries\",\"specFileRetriesDelay\",\"specFileRetriesDeferred\",\"reporterSyncInterval\",\"reporterSyncTimeout\",\"cucumberFeaturesWithLineNumbers\",\"autoCompileOpts\",\"mochaOpts\",\"jasmineOpts\",\"cucumberOpts\",\"onPrepare\",\"onWorkerStart\",\"onWorkerEnd\",\"before\",\"beforeSession\",\"beforeSuite\",\"beforeHook\",\"beforeTest\",\"afterTest\",\"afterHook\",\"afterSuite\",\"afterSession\",\"after\",\"onComplete\",\"beforeAssertion\",\"afterAssertion\",\"beforeFeature\",\"beforeScenario\",\"beforeStep\",\"afterStep\",\"afterScenario\",\"afterFeature\",\"_\",\"suite\",\"$0\",\"ignoredWorkerServices\",\"wdi5\"]"}]}
COMMAND: POST /session/e0f9f5aee1597ce8ab84fc4949c39ac3/execute/async - {"script":"<script> [21126 bytes]","args":[35000]}
RESULT: {"script":"<script> [21126 bytes]","args":[35000]}
COMMAND: POST /session/e0f9f5aee1597ce8ab84fc4949c39ac3/element - {"using":"css selector","value":"#shell-header-logo"}
RESULT: {"using":"css selector","value":"#shell-header-logo"}
COMMAND: POST /session/e0f9f5aee1597ce8ab84fc4949c39ac3/element/f.16219B07342047CC16B1B6C41B76C932.d.9658958EE17805D7E8BA46C57C5FD74B.e.4920/click - {}
RESULT: {}
COMMAND: GET /session/e0f9f5aee1597ce8ab84fc4949c39ac3/screenshot - {}
RESULT: {}
COMMAND: POST /session/e0f9f5aee1597ce8ab84fc4949c39ac3/element - {"using":"css selector","value":"#shell-header-logo"}
RESULT: {"using":"css selector","value":"#shell-header-logo"}
COMMAND: POST /session/e0f9f5aee1597ce8ab84fc4949c39ac3/element/f.16219B07342047CC16B1B6C41B76C932.d.9658958EE17805D7E8BA46C57C5FD74B.e.4920/click - {}
RESULT: {}
COMMAND: GET /session/e0f9f5aee1597ce8ab84fc4949c39ac3/screenshot - {}
RESULT: {}
]]></system-out>
    </testcase>
    <testcase classname="chrome.136_0_7103_49.windows.Manage_request_+_Contract_processing_pick_up_option_US120163_" name="Should Create New Request pick up option" time="202.53">
      <system-out><![CDATA[
COMMAND: POST /session/e0f9f5aee1597ce8ab84fc4949c39ac3/element - {"using":"css selector","value":"#shell-header-logo"}
RESULT: {"using":"css selector","value":"#shell-header-logo"}
COMMAND: POST /session/e0f9f5aee1597ce8ab84fc4949c39ac3/element/f.16219B07342047CC16B1B6C41B76C932.d.9658958EE17805D7E8BA46C57C5FD74B.e.4925/click - {}
RESULT: {}
COMMAND: GET /session/e0f9f5aee1597ce8ab84fc4949c39ac3/screenshot - {}
RESULT: {}
COMMAND: POST /session/e0f9f5aee1597ce8ab84fc4949c39ac3/execute/async - {"script":"<script> [1562 bytes]","args":[{"selector":{"controlType":"sap.m.GenericTile","properties":{"header":"Manage Requests"}},"wdio_ui5_key":"sapm.GenericTile{\"header\":\"Manage Requests\"}"}]}
RESULT: {"script":"<script> [1562 bytes]","args":[{"selector":{"controlType":"sap.m.GenericTile","properties":{"header":"Manage Requests"}},"wdio_ui5_key":"sapm.GenericTile{\"header\":\"Manage Requests\"}"}]}
RESULT: undefined
COMMAND: POST /session/e0f9f5aee1597ce8ab84fc4949c39ac3/element - {"using":"xpath","value":"//*[@id=\"__tile47\"]"}
RESULT: {"using":"xpath","value":"//*[@id=\"__tile47\"]"}
COMMAND: POST /session/e0f9f5aee1597ce8ab84fc4949c39ac3/element/f.16219B07342047CC16B1B6C41B76C932.d.9658958EE17805D7E8BA46C57C5FD74B.e.4935/click - {}
RESULT: {}
COMMAND: GET /session/e0f9f5aee1597ce8ab84fc4949c39ac3/screenshot - {}
RESULT: {}
COMMAND: POST /session/e0f9f5aee1597ce8ab84fc4949c39ac3/refresh - {}
RESULT: {}
COMMAND: GET /session/e0f9f5aee1597ce8ab84fc4949c39ac3/screenshot - {}
RESULT: {}
COMMAND: POST /session/e0f9f5aee1597ce8ab84fc4949c39ac3/execute/async - {"script":"<script> [189 bytes]","args":[]}
RESULT: {"script":"<script> [189 bytes]","args":[]}
COMMAND: POST /session/e0f9f5aee1597ce8ab84fc4949c39ac3/execute/async - {"script":"<script> [123 bytes]","args":[]}
RESULT: {"script":"<script> [123 bytes]","args":[]}
COMMAND: POST /session/e0f9f5aee1597ce8ab84fc4949c39ac3/timeouts - {"script":"<number>"}
RESULT: {"script":"<number>"}
COMMAND: GET /session/e0f9f5aee1597ce8ab84fc4949c39ac3/timeouts - {}
RESULT: {}
RESULT: undefined
COMMAND: POST /session/e0f9f5aee1597ce8ab84fc4949c39ac3/execute/async - {"script":"<script> [2676 bytes]","args":[]}
RESULT: {"script":"<script> [2676 bytes]","args":[]}
COMMAND: POST /session/e0f9f5aee1597ce8ab84fc4949c39ac3/execute/async - {"script":"<script> [2342 bytes]","args":[{"protocol":"http","hostname":"0.0.0.0","path":"/","capabilities":{"browserName":"chrome","goog:chromeOptions":{"binary":"C:\\Program Files\\Google\\Chrome\\Application\\chrome.exe","args":["--start-maximized"]}},"logLevel":"warn","connectionRetryTimeout":120000,"connectionRetryCount":3,"logLevels":{},"enableDirectConnect":true,"strictSSL":true,"_":"65 more keys: [\"cacheDir\",\"port\",\"requestedCapabilities\",\"automationProtocol\",\"baseUrl\",\"waitforInterval\",\"waitforTimeout\",\"onReload\",\"beforeCommand\",\"afterCommand\",\"rootDir\",\"specs\",\"suites\",\"exclude\",\"groupLogsByTestSpec\",\"excludeDriverLogs\",\"bail\",\"framework\",\"reporters\",\"services\",\"maxInstances\",\"maxInstancesPerCapability\",\"injectGlobals\",\"filesToWatch\",\"execArgv\",\"runnerEnv\",\"runner\",\"shard\",\"specFileRetries\",\"specFileRetriesDelay\",\"specFileRetriesDeferred\",\"reporterSyncInterval\",\"reporterSyncTimeout\",\"cucumberFeaturesWithLineNumbers\",\"autoCompileOpts\",\"mochaOpts\",\"jasmineOpts\",\"cucumberOpts\",\"onPrepare\",\"onWorkerStart\",\"onWorkerEnd\",\"before\",\"beforeSession\",\"beforeSuite\",\"beforeHook\",\"beforeTest\",\"afterTest\",\"afterHook\",\"afterSuite\",\"afterSession\",\"after\",\"onComplete\",\"beforeAssertion\",\"afterAssertion\",\"beforeFeature\",\"beforeScenario\",\"beforeStep\",\"afterStep\",\"afterScenario\",\"afterFeature\",\"_\",\"suite\",\"$0\",\"ignoredWorkerServices\",\"wdi5\"]"}]}
RESULT: {"script":"<script> [2342 bytes]","args":[{"protocol":"http","hostname":"0.0.0.0","path":"/","capabilities":{"browserName":"chrome","goog:chromeOptions":{"binary":"C:\\Program Files\\Google\\Chrome\\Application\\chrome.exe","args":["--start-maximized"]}},"logLevel":"warn","connectionRetryTimeout":120000,"connectionRetryCount":3,"logLevels":{},"enableDirectConnect":true,"strictSSL":true,"_":"65 more keys: [\"cacheDir\",\"port\",\"requestedCapabilities\",\"automationProtocol\",\"baseUrl\",\"waitforInterval\",\"waitforTimeout\",\"onReload\",\"beforeCommand\",\"afterCommand\",\"rootDir\",\"specs\",\"suites\",\"exclude\",\"groupLogsByTestSpec\",\"excludeDriverLogs\",\"bail\",\"framework\",\"reporters\",\"services\",\"maxInstances\",\"maxInstancesPerCapability\",\"injectGlobals\",\"filesToWatch\",\"execArgv\",\"runnerEnv\",\"runner\",\"shard\",\"specFileRetries\",\"specFileRetriesDelay\",\"specFileRetriesDeferred\",\"reporterSyncInterval\",\"reporterSyncTimeout\",\"cucumberFeaturesWithLineNumbers\",\"autoCompileOpts\",\"mochaOpts\",\"jasmineOpts\",\"cucumberOpts\",\"onPrepare\",\"onWorkerStart\",\"onWorkerEnd\",\"before\",\"beforeSession\",\"beforeSuite\",\"beforeHook\",\"beforeTest\",\"afterTest\",\"afterHook\",\"afterSuite\",\"afterSession\",\"after\",\"onComplete\",\"beforeAssertion\",\"afterAssertion\",\"beforeFeature\",\"beforeScenario\",\"beforeStep\",\"afterStep\",\"afterScenario\",\"afterFeature\",\"_\",\"suite\",\"$0\",\"ignoredWorkerServices\",\"wdi5\"]"}]}
COMMAND: POST /session/e0f9f5aee1597ce8ab84fc4949c39ac3/execute/async - {"script":"<script> [21126 bytes]","args":[35000]}
RESULT: {"script":"<script> [21126 bytes]","args":[35000]}
COMMAND: POST /session/e0f9f5aee1597ce8ab84fc4949c39ac3/element - {"using":"xpath","value":"//button[contains(@data-kt ,\"btnCreateNewOverflowToolbarButton\")]"}
COMMAND: POST /session/e0f9f5aee1597ce8ab84fc4949c39ac3/element - {"using":"xpath","value":"(//span[contains(@class ,\"sapMObjStatusText\")])[1]"}
RESULT: {"using":"xpath","value":"//button[contains(@data-kt ,\"btnCreateNewOverflowToolbarButton\")]"}
COMMAND: POST /session/e0f9f5aee1597ce8ab84fc4949c39ac3/element/f.16219B07342047CC16B1B6C41B76C932.d.2097DE75079337AD4CA256460DB41ED5.e.5073/click - {}
RESULT: {"using":"xpath","value":"(//span[contains(@class ,\"sapMObjStatusText\")])[1]"}
COMMAND: POST /session/e0f9f5aee1597ce8ab84fc4949c39ac3/element - {"using":"xpath","value":"(//span[contains(@class ,\"sapMObjStatusText\")])[1]"}
RESULT: {}
COMMAND: GET /session/e0f9f5aee1597ce8ab84fc4949c39ac3/screenshot - {}
RESULT: {"using":"xpath","value":"(//span[contains(@class ,\"sapMObjStatusText\")])[1]"}
COMMAND: POST /session/e0f9f5aee1597ce8ab84fc4949c39ac3/execute/sync - {"script":"<script> [8489 bytes]","args":[{"element-6066-11e4-a52e-4f735466cecf":"f.16219B07342047CC16B1B6C41B76C932.d.2097DE75079337AD4CA256460DB41ED5.e.5131","ELEMENT":"f.16219B07342047CC16B1B6C41B76C932.d.2097DE75079337AD4CA256460DB41ED5.e.5131"}]}
RESULT: {}
COMMAND: POST /session/e0f9f5aee1597ce8ab84fc4949c39ac3/element - {"using":"xpath","value":"(//span[contains(@class ,\"sapMObjStatusText\")])[1]"}
RESULT: {"using":"xpath","value":"(//span[contains(@class ,\"sapMObjStatusText\")])[1]"}
COMMAND: POST /session/e0f9f5aee1597ce8ab84fc4949c39ac3/execute/sync - {"script":"<script> [8489 bytes]","args":[{"element-6066-11e4-a52e-4f735466cecf":"f.16219B07342047CC16B1B6C41B76C932.d.2097DE75079337AD4CA256460DB41ED5.e.5474","ELEMENT":"f.16219B07342047CC16B1B6C41B76C932.d.2097DE75079337AD4CA256460DB41ED5.e.5474"}]}
RESULT: {"script":"<script> [8489 bytes]","args":[{"element-6066-11e4-a52e-4f735466cecf":"f.16219B07342047CC16B1B6C41B76C932.d.2097DE75079337AD4CA256460DB41ED5.e.5474","ELEMENT":"f.16219B07342047CC16B1B6C41B76C932.d.2097DE75079337AD4CA256460DB41ED5.e.5474"}]}
COMMAND: GET /session/e0f9f5aee1597ce8ab84fc4949c39ac3/screenshot - {}
RESULT: {}
COMMAND: POST /session/e0f9f5aee1597ce8ab84fc4949c39ac3/element - {"using":"xpath","value":"//input[contains(@id ,\"yardId-inner\")]"}
RESULT: {"using":"xpath","value":"//input[contains(@id ,\"yardId-inner\")]"}
COMMAND: POST /session/e0f9f5aee1597ce8ab84fc4949c39ac3/execute/sync - {"script":"<script> [8489 bytes]","args":[{"element-6066-11e4-a52e-4f735466cecf":"f.16219B07342047CC16B1B6C41B76C932.d.2097DE75079337AD4CA256460DB41ED5.e.5347","ELEMENT":"f.16219B07342047CC16B1B6C41B76C932.d.2097DE75079337AD4CA256460DB41ED5.e.5347"}]}
RESULT: {"script":"<script> [8489 bytes]","args":[{"element-6066-11e4-a52e-4f735466cecf":"f.16219B07342047CC16B1B6C41B76C932.d.2097DE75079337AD4CA256460DB41ED5.e.5347","ELEMENT":"f.16219B07342047CC16B1B6C41B76C932.d.2097DE75079337AD4CA256460DB41ED5.e.5347"}]}
COMMAND: POST /session/e0f9f5aee1597ce8ab84fc4949c39ac3/element - {"using":"xpath","value":"//input[contains(@id ,\"requestContractNo-inner\")]"}
COMMAND: POST /session/e0f9f5aee1597ce8ab84fc4949c39ac3/element - {"using":"xpath","value":"//input[contains(@id ,\"yardId-inner\")]"}
COMMAND: GET /session/e0f9f5aee1597ce8ab84fc4949c39ac3/screenshot - {}
RESULT: {"using":"xpath","value":"//input[contains(@id ,\"yardId-inner\")]"}
COMMAND: GET /session/e0f9f5aee1597ce8ab84fc4949c39ac3/element/f.16219B07342047CC16B1B6C41B76C932.d.2097DE75079337AD4CA256460DB41ED5.e.5347/enabled - {}
RESULT: {"using":"xpath","value":"//input[contains(@id ,\"requestContractNo-inner\")]"}
COMMAND: POST /session/e0f9f5aee1597ce8ab84fc4949c39ac3/element/f.16219B07342047CC16B1B6C41B76C932.d.2097DE75079337AD4CA256460DB41ED5.e.5342/value - {"text":"10640"}
RESULT: {}
RESULT: {}
COMMAND: GET /session/e0f9f5aee1597ce8ab84fc4949c39ac3/screenshot - {}
RESULT: {"text":"10640"}
COMMAND: GET /session/e0f9f5aee1597ce8ab84fc4949c39ac3/screenshot - {}
RESULT: {}
RESULT: {}
COMMAND: POST /session/e0f9f5aee1597ce8ab84fc4949c39ac3/actions - {"actions":[{"id":"action36","type":"key","parameters":{},"actions":[{"type":"keyDown","value":"î€‡"},{"type":"pause","duration":10},{"type":"keyUp","value":"î€‡"}]}]}
RESULT: {"actions":[{"id":"action36","type":"key","parameters":{},"actions":[{"type":"keyDown","value":"î€‡"},{"type":"pause","duration":10},{"type":"keyUp","value":"î€‡"}]}]}
COMMAND: GET /session/e0f9f5aee1597ce8ab84fc4949c39ac3/screenshot - {}
RESULT: {}
COMMAND: POST /session/e0f9f5aee1597ce8ab84fc4949c39ac3/execute/async - {"script":"<script> [1562 bytes]","args":[{"selector":{"controlType":"sap.m.Button","viewName":"etm.portal.ui.managerequests.view.NewRequest","properties":{"text":"Items"},"interaction":{"idSuffix":"BDI-content"}},"wdio_ui5_key":"etmportal.ui.managerequests.view.NewRequestsap.m.Button{\"text\":\"Items\"}"}]}
RESULT: {"script":"<script> [1562 bytes]","args":[{"selector":{"controlType":"sap.m.Button","viewName":"etm.portal.ui.managerequests.view.NewRequest","properties":{"text":"Items"},"interaction":{"idSuffix":"BDI-content"}},"wdio_ui5_key":"etmportal.ui.managerequests.view.NewRequestsap.m.Button{\"text\":\"Items\"}"}]}
RESULT: undefined
COMMAND: POST /session/e0f9f5aee1597ce8ab84fc4949c39ac3/element - {"using":"xpath","value":"//*[@id=\"__xmlview1--newRequestPage-anchBar-__xmlview1--requestItemsSection-anchor\"]"}
RESULT: {"using":"xpath","value":"//*[@id=\"__xmlview1--newRequestPage-anchBar-__xmlview1--requestItemsSection-anchor\"]"}
COMMAND: POST /session/e0f9f5aee1597ce8ab84fc4949c39ac3/element/f.16219B07342047CC16B1B6C41B76C932.d.2097DE75079337AD4CA256460DB41ED5.e.5485/click - {}
RESULT: {}
COMMAND: GET /session/e0f9f5aee1597ce8ab84fc4949c39ac3/screenshot - {}
RESULT: {}
COMMAND: POST /session/e0f9f5aee1597ce8ab84fc4949c39ac3/execute/async - {"script":"<script> [1562 bytes]","args":[{"selector":{"controlType":"sap.ui.core.Icon","viewName":"etm.portal.ui.managerequests.view.NewRequest","properties":{"src":{"regex":{"source":"inspect"}}}},"wdio_ui5_key":"etmportal.ui.managerequests.view.NewRequestsap.ui.core.Icon{\"src\":{\"regex\":{\"source\":\"inspect\"}}}"}]}
RESULT: {"script":"<script> [1562 bytes]","args":[{"selector":{"controlType":"sap.ui.core.Icon","viewName":"etm.portal.ui.managerequests.view.NewRequest","properties":{"src":{"regex":{"source":"inspect"}}}},"wdio_ui5_key":"etmportal.ui.managerequests.view.NewRequestsap.ui.core.Icon{\"src\":{\"regex\":{\"source\":\"inspect\"}}}"}]}
RESULT: undefined
COMMAND: POST /session/e0f9f5aee1597ce8ab84fc4949c39ac3/element - {"using":"xpath","value":"//*[@id=\"__button8-img\"]"}
RESULT: {"using":"xpath","value":"//*[@id=\"__button8-img\"]"}
COMMAND: POST /session/e0f9f5aee1597ce8ab84fc4949c39ac3/element/f.16219B07342047CC16B1B6C41B76C932.d.2097DE75079337AD4CA256460DB41ED5.e.5490/click - {}
RESULT: {}
COMMAND: GET /session/e0f9f5aee1597ce8ab84fc4949c39ac3/screenshot - {}
RESULT: {}
COMMAND: POST /session/e0f9f5aee1597ce8ab84fc4949c39ac3/execute/async - {"script":"<script> [1562 bytes]","args":[{"selector":{"controlType":"sap.ui.core.Icon","viewName":"etm.portal.ui.managerequests.view.NewRequest","properties":{"src":{"regex":{"source":"add"}}}},"wdio_ui5_key":"etmportal.ui.managerequests.view.NewRequestsap.ui.core.Icon{\"src\":{\"regex\":{\"source\":\"add\"}}}"}]}
RESULT: {"script":"<script> [1562 bytes]","args":[{"selector":{"controlType":"sap.ui.core.Icon","viewName":"etm.portal.ui.managerequests.view.NewRequest","properties":{"src":{"regex":{"source":"add"}}}},"wdio_ui5_key":"etmportal.ui.managerequests.view.NewRequestsap.ui.core.Icon{\"src\":{\"regex\":{\"source\":\"add\"}}}"}]}
RESULT: undefined
COMMAND: POST /session/e0f9f5aee1597ce8ab84fc4949c39ac3/element - {"using":"xpath","value":"//*[@id=\"__xmlview1--btnAddTableRow-img\"]"}
RESULT: {"using":"xpath","value":"//*[@id=\"__xmlview1--btnAddTableRow-img\"]"}
COMMAND: POST /session/e0f9f5aee1597ce8ab84fc4949c39ac3/element/f.16219B07342047CC16B1B6C41B76C932.d.2097DE75079337AD4CA256460DB41ED5.e.5321/click - {}
RESULT: {}
COMMAND: GET /session/e0f9f5aee1597ce8ab84fc4949c39ac3/screenshot - {}
RESULT: {}
COMMAND: POST /session/e0f9f5aee1597ce8ab84fc4949c39ac3/execute/async - {"script":"<script> [1562 bytes]","args":[{"selector":{"controlType":"sap.ui.unified.MenuItem","viewName":"etm.portal.ui.managerequests.view.NewRequest","i18NText":{"propertyName":"text","key":"standardEntry"},"searchOpenDialogs":true,"interaction":{"idSuffix":"txt"}},"wdio_ui5_key":"etmportal.ui.managerequests.view.NewRequestsap.ui.unified.MenuItem{\"propertyName\":\"text\",\"key\":\"standardEntry\"}"}]}
RESULT: {"script":"<script> [1562 bytes]","args":[{"selector":{"controlType":"sap.ui.unified.MenuItem","viewName":"etm.portal.ui.managerequests.view.NewRequest","i18NText":{"propertyName":"text","key":"standardEntry"},"searchOpenDialogs":true,"interaction":{"idSuffix":"txt"}},"wdio_ui5_key":"etmportal.ui.managerequests.view.NewRequestsap.ui.unified.MenuItem{\"propertyName\":\"text\",\"key\":\"standardEntry\"}"}]}
RESULT: undefined
COMMAND: POST /session/e0f9f5aee1597ce8ab84fc4949c39ac3/element - {"using":"xpath","value":"//*[@id=\"__item178\"]"}
RESULT: {"using":"xpath","value":"//*[@id=\"__item178\"]"}
COMMAND: POST /session/e0f9f5aee1597ce8ab84fc4949c39ac3/element/f.16219B07342047CC16B1B6C41B76C932.d.2097DE75079337AD4CA256460DB41ED5.e.5499/click - {}
RESULT: {}
COMMAND: GET /session/e0f9f5aee1597ce8ab84fc4949c39ac3/screenshot - {}
RESULT: undefined
COMMAND: POST /session/e0f9f5aee1597ce8ab84fc4949c39ac3/element - {"using":"xpath","value":"//*[@id=\"__xmlview1--btnAddTableRow-img\"]"}
RESULT: {}
RESULT: {"using":"xpath","value":"//*[@id=\"__xmlview1--btnAddTableRow-img\"]"}
COMMAND: POST /session/e0f9f5aee1597ce8ab84fc4949c39ac3/element/f.16219B07342047CC16B1B6C41B76C932.d.2097DE75079337AD4CA256460DB41ED5.e.5321/click - {}
RESULT: {}
COMMAND: GET /session/e0f9f5aee1597ce8ab84fc4949c39ac3/screenshot - {}
RESULT: {}
RESULT: undefined
COMMAND: POST /session/e0f9f5aee1597ce8ab84fc4949c39ac3/element - {"using":"xpath","value":"//*[@id=\"__item178\"]"}
RESULT: {"using":"xpath","value":"//*[@id=\"__item178\"]"}
COMMAND: POST /session/e0f9f5aee1597ce8ab84fc4949c39ac3/element/f.16219B07342047CC16B1B6C41B76C932.d.2097DE75079337AD4CA256460DB41ED5.e.5520/click - {}
RESULT: {}
COMMAND: GET /session/e0f9f5aee1597ce8ab84fc4949c39ac3/screenshot - {}
RESULT: {}
COMMAND: POST /session/e0f9f5aee1597ce8ab84fc4949c39ac3/element - {"using":"xpath","value":"(//input[contains(@id ,\"requestItemsTable-0-inner\")])[5]"}
RESULT: {"using":"xpath","value":"(//input[contains(@id ,\"requestItemsTable-0-inner\")])[5]"}
COMMAND: POST /session/e0f9f5aee1597ce8ab84fc4949c39ac3/element/f.16219B07342047CC16B1B6C41B76C932.d.2097DE75079337AD4CA256460DB41ED5.e.5511/clear - {}
RESULT: {}
COMMAND: POST /session/e0f9f5aee1597ce8ab84fc4949c39ac3/element/f.16219B07342047CC16B1B6C41B76C932.d.2097DE75079337AD4CA256460DB41ED5.e.5511/value - {"text":"1000001"}
COMMAND: GET /session/e0f9f5aee1597ce8ab84fc4949c39ac3/screenshot - {}
RESULT: {"text":"1000001"}
COMMAND: GET /session/e0f9f5aee1597ce8ab84fc4949c39ac3/screenshot - {}
RESULT: {}
RESULT: {}
COMMAND: POST /session/e0f9f5aee1597ce8ab84fc4949c39ac3/actions - {"actions":[{"id":"action37","type":"key","parameters":{},"actions":[{"type":"keyDown","value":"î€‡"},{"type":"pause","duration":10},{"type":"keyUp","value":"î€‡"}]}]}
RESULT: {"actions":[{"id":"action37","type":"key","parameters":{},"actions":[{"type":"keyDown","value":"î€‡"},{"type":"pause","duration":10},{"type":"keyUp","value":"î€‡"}]}]}
COMMAND: POST /session/e0f9f5aee1597ce8ab84fc4949c39ac3/element - {"using":"xpath","value":"(//input[contains(@id ,\"requestItemsTable-1-inner\")])[5]"}
COMMAND: GET /session/e0f9f5aee1597ce8ab84fc4949c39ac3/screenshot - {}
RESULT: {"using":"xpath","value":"(//input[contains(@id ,\"requestItemsTable-1-inner\")])[5]"}
COMMAND: POST /session/e0f9f5aee1597ce8ab84fc4949c39ac3/element/f.16219B07342047CC16B1B6C41B76C932.d.2097DE75079337AD4CA256460DB41ED5.e.5526/clear - {}
RESULT: {}
RESULT: {}
COMMAND: POST /session/e0f9f5aee1597ce8ab84fc4949c39ac3/element/f.16219B07342047CC16B1B6C41B76C932.d.2097DE75079337AD4CA256460DB41ED5.e.5526/value - {"text":"200392"}
COMMAND: GET /session/e0f9f5aee1597ce8ab84fc4949c39ac3/screenshot - {}
RESULT: {"text":"200392"}
COMMAND: GET /session/e0f9f5aee1597ce8ab84fc4949c39ac3/screenshot - {}
RESULT: {}
RESULT: {}
COMMAND: POST /session/e0f9f5aee1597ce8ab84fc4949c39ac3/actions - {"actions":[{"id":"action38","type":"key","parameters":{},"actions":[{"type":"keyDown","value":"î€‡"},{"type":"pause","duration":10},{"type":"keyUp","value":"î€‡"}]}]}
RESULT: {"actions":[{"id":"action38","type":"key","parameters":{},"actions":[{"type":"keyDown","value":"î€‡"},{"type":"pause","duration":10},{"type":"keyUp","value":"î€‡"}]}]}
COMMAND: POST /session/e0f9f5aee1597ce8ab84fc4949c39ac3/element - {"using":"xpath","value":"//div[contains(@data-kt ,\"splitAllocationObjectStatus\")]"}
COMMAND: GET /session/e0f9f5aee1597ce8ab84fc4949c39ac3/screenshot - {}
RESULT: {"using":"xpath","value":"//div[contains(@data-kt ,\"splitAllocationObjectStatus\")]"}
COMMAND: POST /session/e0f9f5aee1597ce8ab84fc4949c39ac3/elements - {"using":"xpath","value":"//div[contains(@data-kt ,\"splitAllocationObjectStatus\")]"}
RESULT: {}
RESULT: {"using":"xpath","value":"//div[contains(@data-kt ,\"splitAllocationObjectStatus\")]"}
COMMAND: POST /session/e0f9f5aee1597ce8ab84fc4949c39ac3/execute/async - {"script":"<script> [1562 bytes]","args":[{"selector":{"controlType":"sap.ui.core.Icon","viewName":"etm.portal.ui.managerequests.view.NewRequest","properties":{"src":{"regex":{"source":"message\\-error"}}},"ancestor":{"controlType":"sap.m.ColumnListItem","viewName":"etm.portal.ui.managerequests.view.NewRequest","bindingPath":{"modelName":"newRequestItems","path":"/RequestItems/0"},"ancestor":{"id":"requestItemsTable","viewName":"etm.portal.ui.managerequests.view.NewRequest"}}},"wdio_ui5_key":"etmportal.ui.managerequests.view.NewRequestsap.ui.core.Icon{\"src\":{\"regex\":{\"source\":\"message\\\\-error\"}}}{\"controlType\":\"sap.m.ColumnListItem\",\"viewName\":\"etm.portal.ui.managerequests.view.NewRequest\",\"bindingPath\":{\"modelName\":\"newRequestItems\",\"path\":\"/RequestItems/0\"},\"ancestor\":{\"id\":\"requestItemsTable\",\"viewName\":\"etm.portal.ui.managerequests.view.NewRequest\"}}"}]}
RESULT: {"script":"<script> [1562 bytes]","args":[{"selector":{"controlType":"sap.ui.core.Icon","viewName":"etm.portal.ui.managerequests.view.NewRequest","properties":{"src":{"regex":{"source":"message\\-error"}}},"ancestor":{"controlType":"sap.m.ColumnListItem","viewName":"etm.portal.ui.managerequests.view.NewRequest","bindingPath":{"modelName":"newRequestItems","path":"/RequestItems/0"},"ancestor":{"id":"requestItemsTable","viewName":"etm.portal.ui.managerequests.view.NewRequest"}}},"wdio_ui5_key":"etmportal.ui.managerequests.view.NewRequestsap.ui.core.Icon{\"src\":{\"regex\":{\"source\":\"message\\\\-error\"}}}{\"controlType\":\"sap.m.ColumnListItem\",\"viewName\":\"etm.portal.ui.managerequests.view.NewRequest\",\"bindingPath\":{\"modelName\":\"newRequestItems\",\"path\":\"/RequestItems/0\"},\"ancestor\":{\"id\":\"requestItemsTable\",\"viewName\":\"etm.portal.ui.managerequests.view.NewRequest\"}}"}]}
RESULT: undefined
COMMAND: POST /session/e0f9f5aee1597ce8ab84fc4949c39ac3/element - {"using":"xpath","value":"//*[@id=\"__status4-__xmlview1--requestItemsTable-0-icon\"]"}
RESULT: {"using":"xpath","value":"//*[@id=\"__status4-__xmlview1--requestItemsTable-0-icon\"]"}
COMMAND: POST /session/e0f9f5aee1597ce8ab84fc4949c39ac3/element/f.16219B07342047CC16B1B6C41B76C932.d.2097DE75079337AD4CA256460DB41ED5.e.5537/click - {}
RESULT: {}
COMMAND: GET /session/e0f9f5aee1597ce8ab84fc4949c39ac3/screenshot - {}
RESULT: {}
COMMAND: POST /session/e0f9f5aee1597ce8ab84fc4949c39ac3/execute/async - {"script":"<script> [1562 bytes]","args":[{"selector":{"id":"costObjectAdminTypeComboBox","viewName":"etm.portal.ui.managerequests.view.NewRequest","searchOpenDialogs":true,"interaction":{"idSuffix":"inner"}},"wdio_ui5_key":"costObjectAdminTypeComboBoxetmportal.ui.managerequests.view.NewRequest"}]}
RESULT: {"script":"<script> [1562 bytes]","args":[{"selector":{"id":"costObjectAdminTypeComboBox","viewName":"etm.portal.ui.managerequests.view.NewRequest","searchOpenDialogs":true,"interaction":{"idSuffix":"inner"}},"wdio_ui5_key":"costObjectAdminTypeComboBoxetmportal.ui.managerequests.view.NewRequest"}]}
RESULT: undefined
COMMAND: POST /session/e0f9f5aee1597ce8ab84fc4949c39ac3/execute/async - {"script":"<script> [776 bytes]","args":[{"enterText":"Cost Center","selector":{"id":"costObjectAdminTypeComboBox","viewName":"etm.portal.ui.managerequests.view.NewRequest","searchOpenDialogs":true,"interaction":{"idSuffix":"inner"}},"clearTextFirst":true,"interactionType":"ENTER_TEXT"}]}
RESULT: {"script":"<script> [776 bytes]","args":[{"enterText":"Cost Center","selector":{"id":"costObjectAdminTypeComboBox","viewName":"etm.portal.ui.managerequests.view.NewRequest","searchOpenDialogs":true,"interaction":{"idSuffix":"inner"}},"clearTextFirst":true,"interactionType":"ENTER_TEXT"}]}
COMMAND: POST /session/e0f9f5aee1597ce8ab84fc4949c39ac3/actions - {"actions":[{"id":"action39","type":"key","parameters":{},"actions":[{"type":"keyDown","value":"î€‡"},{"type":"pause","duration":10},{"type":"keyUp","value":"î€‡"}]}]}
RESULT: {"actions":[{"id":"action39","type":"key","parameters":{},"actions":[{"type":"keyDown","value":"î€‡"},{"type":"pause","duration":10},{"type":"keyUp","value":"î€‡"}]}]}
COMMAND: GET /session/e0f9f5aee1597ce8ab84fc4949c39ac3/screenshot - {}
RESULT: {}
COMMAND: POST /session/e0f9f5aee1597ce8ab84fc4949c39ac3/execute/async - {"script":"<script> [1562 bytes]","args":[{"selector":{"id":"costObjectIdComboBox","viewName":"etm.portal.ui.managerequests.view.NewRequest","searchOpenDialogs":true,"interaction":{"idSuffix":"inner"}},"wdio_ui5_key":"costObjectIdComboBoxetmportal.ui.managerequests.view.NewRequest"}]}
RESULT: {"script":"<script> [1562 bytes]","args":[{"selector":{"id":"costObjectIdComboBox","viewName":"etm.portal.ui.managerequests.view.NewRequest","searchOpenDialogs":true,"interaction":{"idSuffix":"inner"}},"wdio_ui5_key":"costObjectIdComboBoxetmportal.ui.managerequests.view.NewRequest"}]}
RESULT: undefined
COMMAND: POST /session/e0f9f5aee1597ce8ab84fc4949c39ac3/execute/async - {"script":"<script> [776 bytes]","args":[{"enterText":"1001 - 1001","selector":{"id":"costObjectIdComboBox","viewName":"etm.portal.ui.managerequests.view.NewRequest","searchOpenDialogs":true,"interaction":{"idSuffix":"inner"}},"clearTextFirst":true,"interactionType":"ENTER_TEXT"}]}
RESULT: {"script":"<script> [776 bytes]","args":[{"enterText":"1001 - 1001","selector":{"id":"costObjectIdComboBox","viewName":"etm.portal.ui.managerequests.view.NewRequest","searchOpenDialogs":true,"interaction":{"idSuffix":"inner"}},"clearTextFirst":true,"interactionType":"ENTER_TEXT"}]}
COMMAND: POST /session/e0f9f5aee1597ce8ab84fc4949c39ac3/actions - {"actions":[{"id":"action40","type":"key","parameters":{},"actions":[{"type":"keyDown","value":"î€‡"},{"type":"pause","duration":10},{"type":"keyUp","value":"î€‡"}]}]}
RESULT: {"actions":[{"id":"action40","type":"key","parameters":{},"actions":[{"type":"keyDown","value":"î€‡"},{"type":"pause","duration":10},{"type":"keyUp","value":"î€‡"}]}]}
COMMAND: GET /session/e0f9f5aee1597ce8ab84fc4949c39ac3/screenshot - {}
RESULT: {}
COMMAND: POST /session/e0f9f5aee1597ce8ab84fc4949c39ac3/element - {"using":"xpath","value":"(//bdi[(text() = 'Save' or . = 'Save')])[1]"}
RESULT: {"using":"xpath","value":"(//bdi[(text() = 'Save' or . = 'Save')])[1]"}
COMMAND: POST /session/e0f9f5aee1597ce8ab84fc4949c39ac3/element/f.16219B07342047CC16B1B6C41B76C932.d.2097DE75079337AD4CA256460DB41ED5.e.5552/click - {}
RESULT: {}
COMMAND: POST /session/e0f9f5aee1597ce8ab84fc4949c39ac3/execute/async - {"script":"<script> [1562 bytes]","args":[{"selector":{"controlType":"sap.ui.core.Icon","viewName":"etm.portal.ui.managerequests.view.NewRequest","properties":{"src":{"regex":{"source":"message\\-error"}}},"ancestor":{"controlType":"sap.m.ColumnListItem","viewName":"etm.portal.ui.managerequests.view.NewRequest","bindingPath":{"modelName":"newRequestItems","path":"/RequestItems/1"},"ancestor":{"id":"requestItemsTable","viewName":"etm.portal.ui.managerequests.view.NewRequest"}}},"wdio_ui5_key":"etmportal.ui.managerequests.view.NewRequestsap.ui.core.Icon{\"src\":{\"regex\":{\"source\":\"message\\\\-error\"}}}{\"controlType\":\"sap.m.ColumnListItem\",\"viewName\":\"etm.portal.ui.managerequests.view.NewRequest\",\"bindingPath\":{\"modelName\":\"newRequestItems\",\"path\":\"/RequestItems/1\"},\"ancestor\":{\"id\":\"requestItemsTable\",\"viewName\":\"etm.portal.ui.managerequests.view.NewRequest\"}}"}]}
COMMAND: GET /session/e0f9f5aee1597ce8ab84fc4949c39ac3/screenshot - {}
RESULT: {"script":"<script> [1562 bytes]","args":[{"selector":{"controlType":"sap.ui.core.Icon","viewName":"etm.portal.ui.managerequests.view.NewRequest","properties":{"src":{"regex":{"source":"message\\-error"}}},"ancestor":{"controlType":"sap.m.ColumnListItem","viewName":"etm.portal.ui.managerequests.view.NewRequest","bindingPath":{"modelName":"newRequestItems","path":"/RequestItems/1"},"ancestor":{"id":"requestItemsTable","viewName":"etm.portal.ui.managerequests.view.NewRequest"}}},"wdio_ui5_key":"etmportal.ui.managerequests.view.NewRequestsap.ui.core.Icon{\"src\":{\"regex\":{\"source\":\"message\\\\-error\"}}}{\"controlType\":\"sap.m.ColumnListItem\",\"viewName\":\"etm.portal.ui.managerequests.view.NewRequest\",\"bindingPath\":{\"modelName\":\"newRequestItems\",\"path\":\"/RequestItems/1\"},\"ancestor\":{\"id\":\"requestItemsTable\",\"viewName\":\"etm.portal.ui.managerequests.view.NewRequest\"}}"}]}
RESULT: undefined
COMMAND: POST /session/e0f9f5aee1597ce8ab84fc4949c39ac3/element - {"using":"xpath","value":"//*[@id=\"__status4-__xmlview1--requestItemsTable-1-icon\"]"}
RESULT: {}
RESULT: {"using":"xpath","value":"//*[@id=\"__status4-__xmlview1--requestItemsTable-1-icon\"]"}
COMMAND: POST /session/e0f9f5aee1597ce8ab84fc4949c39ac3/element/f.16219B07342047CC16B1B6C41B76C932.d.2097DE75079337AD4CA256460DB41ED5.e.5555/click - {}
RESULT: {}
COMMAND: GET /session/e0f9f5aee1597ce8ab84fc4949c39ac3/screenshot - {}
RESULT: {}
RESULT: undefined
COMMAND: POST /session/e0f9f5aee1597ce8ab84fc4949c39ac3/execute/async - {"script":"<script> [776 bytes]","args":[{"enterText":"Cost Center","selector":{"id":"costObjectAdminTypeComboBox","viewName":"etm.portal.ui.managerequests.view.NewRequest","searchOpenDialogs":true,"interaction":{"idSuffix":"inner"}},"clearTextFirst":true,"interactionType":"ENTER_TEXT"}]}
RESULT: {"script":"<script> [776 bytes]","args":[{"enterText":"Cost Center","selector":{"id":"costObjectAdminTypeComboBox","viewName":"etm.portal.ui.managerequests.view.NewRequest","searchOpenDialogs":true,"interaction":{"idSuffix":"inner"}},"clearTextFirst":true,"interactionType":"ENTER_TEXT"}]}
COMMAND: POST /session/e0f9f5aee1597ce8ab84fc4949c39ac3/actions - {"actions":[{"id":"action41","type":"key","parameters":{},"actions":[{"type":"keyDown","value":"î€‡"},{"type":"pause","duration":10},{"type":"keyUp","value":"î€‡"}]}]}
RESULT: {"actions":[{"id":"action41","type":"key","parameters":{},"actions":[{"type":"keyDown","value":"î€‡"},{"type":"pause","duration":10},{"type":"keyUp","value":"î€‡"}]}]}
COMMAND: GET /session/e0f9f5aee1597ce8ab84fc4949c39ac3/screenshot - {}
RESULT: {}
RESULT: undefined
COMMAND: POST /session/e0f9f5aee1597ce8ab84fc4949c39ac3/execute/async - {"script":"<script> [776 bytes]","args":[{"enterText":"1001 - 1001","selector":{"id":"costObjectIdComboBox","viewName":"etm.portal.ui.managerequests.view.NewRequest","searchOpenDialogs":true,"interaction":{"idSuffix":"inner"}},"clearTextFirst":true,"interactionType":"ENTER_TEXT"}]}
RESULT: {"script":"<script> [776 bytes]","args":[{"enterText":"1001 - 1001","selector":{"id":"costObjectIdComboBox","viewName":"etm.portal.ui.managerequests.view.NewRequest","searchOpenDialogs":true,"interaction":{"idSuffix":"inner"}},"clearTextFirst":true,"interactionType":"ENTER_TEXT"}]}
COMMAND: POST /session/e0f9f5aee1597ce8ab84fc4949c39ac3/actions - {"actions":[{"id":"action42","type":"key","parameters":{},"actions":[{"type":"keyDown","value":"î€‡"},{"type":"pause","duration":10},{"type":"keyUp","value":"î€‡"}]}]}
RESULT: {"actions":[{"id":"action42","type":"key","parameters":{},"actions":[{"type":"keyDown","value":"î€‡"},{"type":"pause","duration":10},{"type":"keyUp","value":"î€‡"}]}]}
COMMAND: GET /session/e0f9f5aee1597ce8ab84fc4949c39ac3/screenshot - {}
RESULT: {}
COMMAND: POST /session/e0f9f5aee1597ce8ab84fc4949c39ac3/element - {"using":"xpath","value":"(//bdi[(text() = 'Save' or . = 'Save')])[1]"}
RESULT: {"using":"xpath","value":"(//bdi[(text() = 'Save' or . = 'Save')])[1]"}
COMMAND: POST /session/e0f9f5aee1597ce8ab84fc4949c39ac3/element/f.16219B07342047CC16B1B6C41B76C932.d.2097DE75079337AD4CA256460DB41ED5.e.5567/click - {}
RESULT: {}
COMMAND: GET /session/e0f9f5aee1597ce8ab84fc4949c39ac3/screenshot - {}
RESULT: {}
COMMAND: POST /session/e0f9f5aee1597ce8ab84fc4949c39ac3/execute/async - {"script":"<script> [1562 bytes]","args":[{"selector":{"controlType":"sap.m.Button","viewName":"etm.portal.ui.managerequests.view.NewRequest","bindingPath":{"path":"/RequestItems/0","propertyPath":"PICK_UP","modelName":"newRequestItems"},"interaction":{"idSuffix":"BDI-content"}},"wdio_ui5_key":"etmportal.ui.managerequests.view.NewRequestsap.m.Button{\"path\":\"/RequestItems/0\",\"propertyPath\":\"PICK_UP\",\"modelName\":\"newRequestItems\"}"}]}
RESULT: {"script":"<script> [1562 bytes]","args":[{"selector":{"controlType":"sap.m.Button","viewName":"etm.portal.ui.managerequests.view.NewRequest","bindingPath":{"path":"/RequestItems/0","propertyPath":"PICK_UP","modelName":"newRequestItems"},"interaction":{"idSuffix":"BDI-content"}},"wdio_ui5_key":"etmportal.ui.managerequests.view.NewRequestsap.m.Button{\"path\":\"/RequestItems/0\",\"propertyPath\":\"PICK_UP\",\"modelName\":\"newRequestItems\"}"}]}
RESULT: undefined
COMMAND: POST /session/e0f9f5aee1597ce8ab84fc4949c39ac3/element - {"using":"xpath","value":"//*[@id=\"__xmlview1--pickUpItemButton-__xmlview1--requestItemsTable-0\"]"}
RESULT: {"using":"xpath","value":"//*[@id=\"__xmlview1--pickUpItemButton-__xmlview1--requestItemsTable-0\"]"}
COMMAND: POST /session/e0f9f5aee1597ce8ab84fc4949c39ac3/element/f.16219B07342047CC16B1B6C41B76C932.d.2097DE75079337AD4CA256460DB41ED5.e.5571/click - {}
RESULT: {}
COMMAND: GET /session/e0f9f5aee1597ce8ab84fc4949c39ac3/screenshot - {}
RESULT: {}
COMMAND: POST /session/e0f9f5aee1597ce8ab84fc4949c39ac3/execute/async - {"script":"<script> [1562 bytes]","args":[{"selector":{"controlType":"sap.m.Button","viewName":"etm.portal.ui.managerequests.view.NewRequest","properties":{"text":"Save"},"i18NText":{"propertyName":"tooltip","key":"save"},"interaction":{"idSuffix":"BDI-content"}},"wdio_ui5_key":"etmportal.ui.managerequests.view.NewRequestsap.m.Button{\"propertyName\":\"tooltip\",\"key\":\"save\"}{\"text\":\"Save\"}"}]}
RESULT: {"script":"<script> [1562 bytes]","args":[{"selector":{"controlType":"sap.m.Button","viewName":"etm.portal.ui.managerequests.view.NewRequest","properties":{"text":"Save"},"i18NText":{"propertyName":"tooltip","key":"save"},"interaction":{"idSuffix":"BDI-content"}},"wdio_ui5_key":"etmportal.ui.managerequests.view.NewRequestsap.m.Button{\"propertyName\":\"tooltip\",\"key\":\"save\"}{\"text\":\"Save\"}"}]}
RESULT: undefined
COMMAND: POST /session/e0f9f5aee1597ce8ab84fc4949c39ac3/element - {"using":"xpath","value":"//*[@id=\"__button11\"]"}
RESULT: {"using":"xpath","value":"//*[@id=\"__button11\"]"}
COMMAND: POST /session/e0f9f5aee1597ce8ab84fc4949c39ac3/element/f.16219B07342047CC16B1B6C41B76C932.d.2097DE75079337AD4CA256460DB41ED5.e.5459/click - {}
RESULT: {}
COMMAND: GET /session/e0f9f5aee1597ce8ab84fc4949c39ac3/screenshot - {}
RESULT: {}
COMMAND: POST /session/e0f9f5aee1597ce8ab84fc4949c39ac3/execute/async - {"script":"<script> [1562 bytes]","args":[{"selector":{"controlType":"sap.m.Text","searchOpenDialogs":true},"wdio_ui5_key":"sapm.Text"}]}
RESULT: {"script":"<script> [1562 bytes]","args":[{"selector":{"controlType":"sap.m.Text","searchOpenDialogs":true},"wdio_ui5_key":"sapm.Text"}]}
RESULT: undefined
COMMAND: POST /session/e0f9f5aee1597ce8ab84fc4949c39ac3/execute/async - {"script":"<script> [6424 bytes]","args":[{"element-6066-11e4-a52e-4f735466cecf":"f.16219B07342047CC16B1B6C41B76C932.d.2097DE75079337AD4CA256460DB41ED5.e.5574"},"getText",[]]}
RESULT: {"script":"<script> [6424 bytes]","args":[{"element-6066-11e4-a52e-4f735466cecf":"f.16219B07342047CC16B1B6C41B76C932.d.2097DE75079337AD4CA256460DB41ED5.e.5574"},"getText",[]]}
COMMAND: POST /session/e0f9f5aee1597ce8ab84fc4949c39ac3/execute/async - {"script":"<script> [1562 bytes]","args":[{"selector":{"controlType":"sap.m.Button","properties":{"text":"Close"},"searchOpenDialogs":true,"interaction":{"idSuffix":"BDI-content"}},"wdio_ui5_key":"sapm.Button{\"text\":\"Close\"}"}]}
RESULT: {"script":"<script> [1562 bytes]","args":[{"selector":{"controlType":"sap.m.Button","properties":{"text":"Close"},"searchOpenDialogs":true,"interaction":{"idSuffix":"BDI-content"}},"wdio_ui5_key":"sapm.Button{\"text\":\"Close\"}"}]}
RESULT: undefined
COMMAND: POST /session/e0f9f5aee1597ce8ab84fc4949c39ac3/element - {"using":"xpath","value":"//*[@id=\"__mbox-btn-0\"]"}
RESULT: {"using":"xpath","value":"//*[@id=\"__mbox-btn-0\"]"}
COMMAND: POST /session/e0f9f5aee1597ce8ab84fc4949c39ac3/element/f.16219B07342047CC16B1B6C41B76C932.d.2097DE75079337AD4CA256460DB41ED5.e.5573/click - {}
RESULT: {}
COMMAND: GET /session/e0f9f5aee1597ce8ab84fc4949c39ac3/screenshot - {}
RESULT: {}
COMMAND: POST /session/e0f9f5aee1597ce8ab84fc4949c39ac3/execute/async - {"script":"<script> [1562 bytes]","args":[{"selector":{"controlType":"sap.m.Button","viewName":"etm.portal.ui.managerequests.view.Detail","bindingPath":{"path":"/SmartRequestItemsPlanningBoard(ITEM=10m,REQUEST='20402')","propertyPath":"PICK_UP"}},"wdio_ui5_key":"etmportal.ui.managerequests.view.Detailsap.m.Button{\"path\":\"/SmartRequestItemsPlanningBoard(ITEM=10m,REQUEST='20402')\",\"propertyPath\":\"PICK_UP\"}"}]}
RESULT: {"script":"<script> [1562 bytes]","args":[{"selector":{"controlType":"sap.m.Button","viewName":"etm.portal.ui.managerequests.view.Detail","bindingPath":{"path":"/SmartRequestItemsPlanningBoard(ITEM=10m,REQUEST='20402')","propertyPath":"PICK_UP"}},"wdio_ui5_key":"etmportal.ui.managerequests.view.Detailsap.m.Button{\"path\":\"/SmartRequestItemsPlanningBoard(ITEM=10m,REQUEST='20402')\",\"propertyPath\":\"PICK_UP\"}"}]}
RESULT: undefined
COMMAND: POST /session/e0f9f5aee1597ce8ab84fc4949c39ac3/execute/async - {"script":"<script> [6424 bytes]","args":[{"element-6066-11e4-a52e-4f735466cecf":"f.16219B07342047CC16B1B6C41B76C932.d.2097DE75079337AD4CA256460DB41ED5.e.5682"},"getType",[]]}
RESULT: {"script":"<script> [6424 bytes]","args":[{"element-6066-11e4-a52e-4f735466cecf":"f.16219B07342047CC16B1B6C41B76C932.d.2097DE75079337AD4CA256460DB41ED5.e.5682"},"getType",[]]}
COMMAND: POST /session/e0f9f5aee1597ce8ab84fc4949c39ac3/execute/async - {"script":"<script> [1562 bytes]","args":[{"selector":{"controlType":"sap.m.Button","viewName":"etm.portal.ui.managerequests.view.Detail","bindingPath":{"path":"/SmartRequestItemsPlanningBoard(ITEM=20m,REQUEST='20402')","propertyPath":"PICK_UP"}},"wdio_ui5_key":"etmportal.ui.managerequests.view.Detailsap.m.Button{\"path\":\"/SmartRequestItemsPlanningBoard(ITEM=20m,REQUEST='20402')\",\"propertyPath\":\"PICK_UP\"}"}]}
RESULT: {"script":"<script> [1562 bytes]","args":[{"selector":{"controlType":"sap.m.Button","viewName":"etm.portal.ui.managerequests.view.Detail","bindingPath":{"path":"/SmartRequestItemsPlanningBoard(ITEM=20m,REQUEST='20402')","propertyPath":"PICK_UP"}},"wdio_ui5_key":"etmportal.ui.managerequests.view.Detailsap.m.Button{\"path\":\"/SmartRequestItemsPlanningBoard(ITEM=20m,REQUEST='20402')\",\"propertyPath\":\"PICK_UP\"}"}]}
RESULT: undefined
COMMAND: POST /session/e0f9f5aee1597ce8ab84fc4949c39ac3/execute/async - {"script":"<script> [6424 bytes]","args":[{"element-6066-11e4-a52e-4f735466cecf":"f.16219B07342047CC16B1B6C41B76C932.d.2097DE75079337AD4CA256460DB41ED5.e.5712"},"getType",[]]}
RESULT: {"script":"<script> [6424 bytes]","args":[{"element-6066-11e4-a52e-4f735466cecf":"f.16219B07342047CC16B1B6C41B76C932.d.2097DE75079337AD4CA256460DB41ED5.e.5712"},"getType",[]]}
COMMAND: POST /session/e0f9f5aee1597ce8ab84fc4949c39ac3/execute/async - {"script":"<script> [1562 bytes]","args":[{"selector":{"id":"pickUpSwitchHeader","viewName":"etm.portal.ui.managerequests.view.Detail","interaction":{"idSuffix":"handle"}},"wdio_ui5_key":"pickUpSwitchHeaderetmportal.ui.managerequests.view.Detail"}]}
RESULT: {"script":"<script> [1562 bytes]","args":[{"selector":{"id":"pickUpSwitchHeader","viewName":"etm.portal.ui.managerequests.view.Detail","interaction":{"idSuffix":"handle"}},"wdio_ui5_key":"pickUpSwitchHeaderetmportal.ui.managerequests.view.Detail"}]}
RESULT: undefined
COMMAND: POST /session/e0f9f5aee1597ce8ab84fc4949c39ac3/element - {"using":"xpath","value":"//*[@id=\"__xmlview2--pickUpSwitchHeader\"]"}
RESULT: {"using":"xpath","value":"//*[@id=\"__xmlview2--pickUpSwitchHeader\"]"}
COMMAND: POST /session/e0f9f5aee1597ce8ab84fc4949c39ac3/element/f.16219B07342047CC16B1B6C41B76C932.d.2097DE75079337AD4CA256460DB41ED5.e.5653/click - {}
RESULT: {}
COMMAND: POST /session/e0f9f5aee1597ce8ab84fc4949c39ac3/execute/async - {"script":"<script> [1562 bytes]","args":[{"selector":{"controlType":"sap.ui.core.Icon","viewName":"etm.portal.ui.managerequests.view.Detail","properties":{"src":{"regex":{"source":"pushpin\\-off"}}}},"wdio_ui5_key":"etmportal.ui.managerequests.view.Detailsap.ui.core.Icon{\"src\":{\"regex\":{\"source\":\"pushpin\\\\-off\"}}}"}]}
COMMAND: GET /session/e0f9f5aee1597ce8ab84fc4949c39ac3/screenshot - {}
RESULT: {"script":"<script> [1562 bytes]","args":[{"selector":{"controlType":"sap.ui.core.Icon","viewName":"etm.portal.ui.managerequests.view.Detail","properties":{"src":{"regex":{"source":"pushpin\\-off"}}}},"wdio_ui5_key":"etmportal.ui.managerequests.view.Detailsap.ui.core.Icon{\"src\":{\"regex\":{\"source\":\"pushpin\\\\-off\"}}}"}]}
RESULT: undefined
COMMAND: POST /session/e0f9f5aee1597ce8ab84fc4949c39ac3/element - {"using":"xpath","value":"//*[@id=\"__xmlview2--detailRequestPage-OPHeaderContent-pinBtn-img\"]"}
RESULT: {}
RESULT: {"using":"xpath","value":"//*[@id=\"__xmlview2--detailRequestPage-OPHeaderContent-pinBtn-img\"]"}
COMMAND: POST /session/e0f9f5aee1597ce8ab84fc4949c39ac3/element/f.16219B07342047CC16B1B6C41B76C932.d.2097DE75079337AD4CA256460DB41ED5.e.5661/click - {}
RESULT: {}
RESULT: undefined
COMMAND: POST /session/e0f9f5aee1597ce8ab84fc4949c39ac3/execute/async - {"script":"<script> [6424 bytes]","args":[{"element-6066-11e4-a52e-4f735466cecf":"f.16219B07342047CC16B1B6C41B76C932.d.2097DE75079337AD4CA256460DB41ED5.e.5682"},"getType",[]]}
COMMAND: GET /session/e0f9f5aee1597ce8ab84fc4949c39ac3/screenshot - {}
RESULT: {"script":"<script> [6424 bytes]","args":[{"element-6066-11e4-a52e-4f735466cecf":"f.16219B07342047CC16B1B6C41B76C932.d.2097DE75079337AD4CA256460DB41ED5.e.5682"},"getType",[]]}
RESULT: undefined
COMMAND: POST /session/e0f9f5aee1597ce8ab84fc4949c39ac3/execute/async - {"script":"<script> [6424 bytes]","args":[{"element-6066-11e4-a52e-4f735466cecf":"f.16219B07342047CC16B1B6C41B76C932.d.2097DE75079337AD4CA256460DB41ED5.e.5712"},"getType",[]]}
RESULT: {}
RESULT: {"script":"<script> [6424 bytes]","args":[{"element-6066-11e4-a52e-4f735466cecf":"f.16219B07342047CC16B1B6C41B76C932.d.2097DE75079337AD4CA256460DB41ED5.e.5712"},"getType",[]]}
COMMAND: POST /session/e0f9f5aee1597ce8ab84fc4949c39ac3/execute/async - {"script":"<script> [1562 bytes]","args":[{"selector":{"controlType":"sap.ui.core.Icon","viewName":"etm.portal.ui.managerequests.view.Detail","properties":{"src":{"regex":{"source":"date\\-time"}}},"ancestor":{"controlType":"sap.m.ColumnListItem","viewName":"etm.portal.ui.managerequests.view.Detail","bindingPath":{"path":"/SmartRequestItemsPlanningBoard(ITEM=10m,REQUEST='20402')"},"ancestor":{"id":"requestItemsTable","viewName":"etm.portal.ui.managerequests.view.Detail"}}},"wdio_ui5_key":"etmportal.ui.managerequests.view.Detailsap.ui.core.Icon{\"src\":{\"regex\":{\"source\":\"date\\\\-time\"}}}{\"controlType\":\"sap.m.ColumnListItem\",\"viewName\":\"etm.portal.ui.managerequests.view.Detail\",\"bindingPath\":{\"path\":\"/SmartRequestItemsPlanningBoard(ITEM=10m,REQUEST='20402')\"},\"ancestor\":{\"id\":\"requestItemsTable\",\"viewName\":\"etm.portal.ui.managerequests.view.Detail\"}}"}]}
RESULT: {"script":"<script> [1562 bytes]","args":[{"selector":{"controlType":"sap.ui.core.Icon","viewName":"etm.portal.ui.managerequests.view.Detail","properties":{"src":{"regex":{"source":"date\\-time"}}},"ancestor":{"controlType":"sap.m.ColumnListItem","viewName":"etm.portal.ui.managerequests.view.Detail","bindingPath":{"path":"/SmartRequestItemsPlanningBoard(ITEM=10m,REQUEST='20402')"},"ancestor":{"id":"requestItemsTable","viewName":"etm.portal.ui.managerequests.view.Detail"}}},"wdio_ui5_key":"etmportal.ui.managerequests.view.Detailsap.ui.core.Icon{\"src\":{\"regex\":{\"source\":\"date\\\\-time\"}}}{\"controlType\":\"sap.m.ColumnListItem\",\"viewName\":\"etm.portal.ui.managerequests.view.Detail\",\"bindingPath\":{\"path\":\"/SmartRequestItemsPlanningBoard(ITEM=10m,REQUEST='20402')\"},\"ancestor\":{\"id\":\"requestItemsTable\",\"viewName\":\"etm.portal.ui.managerequests.view.Detail\"}}"}]}
RESULT: undefined
COMMAND: POST /session/e0f9f5aee1597ce8ab84fc4949c39ac3/element - {"using":"xpath","value":"//*[@id=\"__button39-__clone1825-img\"]"}
RESULT: {"using":"xpath","value":"//*[@id=\"__button39-__clone1825-img\"]"}
COMMAND: POST /session/e0f9f5aee1597ce8ab84fc4949c39ac3/element/f.16219B07342047CC16B1B6C41B76C932.d.2097DE75079337AD4CA256460DB41ED5.e.5720/click - {}
RESULT: {}
COMMAND: POST /session/e0f9f5aee1597ce8ab84fc4949c39ac3/execute/async - {"script":"<script> [1562 bytes]","args":[{"selector":{"controlType":"sap.m.Button","viewName":"etm.portal.ui.managerequests.view.Detail","properties":{"text":"Close"},"searchOpenDialogs":true,"interaction":{"idSuffix":"inner"}},"wdio_ui5_key":"etmportal.ui.managerequests.view.Detailsap.m.Button{\"text\":\"Close\"}"}]}
COMMAND: GET /session/e0f9f5aee1597ce8ab84fc4949c39ac3/screenshot - {}
RESULT: {"script":"<script> [1562 bytes]","args":[{"selector":{"controlType":"sap.m.Button","viewName":"etm.portal.ui.managerequests.view.Detail","properties":{"text":"Close"},"searchOpenDialogs":true,"interaction":{"idSuffix":"inner"}},"wdio_ui5_key":"etmportal.ui.managerequests.view.Detailsap.m.Button{\"text\":\"Close\"}"}]}
RESULT: undefined
COMMAND: POST /session/e0f9f5aee1597ce8ab84fc4949c39ac3/element - {"using":"xpath","value":"//*[@id=\"__button49\"]"}
RESULT: {}
RESULT: {"using":"xpath","value":"//*[@id=\"__button49\"]"}
COMMAND: POST /session/e0f9f5aee1597ce8ab84fc4949c39ac3/element/f.16219B07342047CC16B1B6C41B76C932.d.2097DE75079337AD4CA256460DB41ED5.e.5722/click - {}
RESULT: {}
COMMAND: POST /session/e0f9f5aee1597ce8ab84fc4949c39ac3/execute/async - {"script":"<script> [1562 bytes]","args":[{"selector":{"controlType":"sap.ui.core.Icon","viewName":"etm.portal.ui.managerequests.view.Detail","properties":{"src":{"regex":{"source":"date\\-time"}}},"ancestor":{"controlType":"sap.m.ColumnListItem","viewName":"etm.portal.ui.managerequests.view.Detail","bindingPath":{"path":"/SmartRequestItemsPlanningBoard(ITEM=20m,REQUEST='20402')"},"ancestor":{"id":"requestItemsTable","viewName":"etm.portal.ui.managerequests.view.Detail"}}},"wdio_ui5_key":"etmportal.ui.managerequests.view.Detailsap.ui.core.Icon{\"src\":{\"regex\":{\"source\":\"date\\\\-time\"}}}{\"controlType\":\"sap.m.ColumnListItem\",\"viewName\":\"etm.portal.ui.managerequests.view.Detail\",\"bindingPath\":{\"path\":\"/SmartRequestItemsPlanningBoard(ITEM=20m,REQUEST='20402')\"},\"ancestor\":{\"id\":\"requestItemsTable\",\"viewName\":\"etm.portal.ui.managerequests.view.Detail\"}}"}]}
COMMAND: GET /session/e0f9f5aee1597ce8ab84fc4949c39ac3/screenshot - {}
RESULT: {"script":"<script> [1562 bytes]","args":[{"selector":{"controlType":"sap.ui.core.Icon","viewName":"etm.portal.ui.managerequests.view.Detail","properties":{"src":{"regex":{"source":"date\\-time"}}},"ancestor":{"controlType":"sap.m.ColumnListItem","viewName":"etm.portal.ui.managerequests.view.Detail","bindingPath":{"path":"/SmartRequestItemsPlanningBoard(ITEM=20m,REQUEST='20402')"},"ancestor":{"id":"requestItemsTable","viewName":"etm.portal.ui.managerequests.view.Detail"}}},"wdio_ui5_key":"etmportal.ui.managerequests.view.Detailsap.ui.core.Icon{\"src\":{\"regex\":{\"source\":\"date\\\\-time\"}}}{\"controlType\":\"sap.m.ColumnListItem\",\"viewName\":\"etm.portal.ui.managerequests.view.Detail\",\"bindingPath\":{\"path\":\"/SmartRequestItemsPlanningBoard(ITEM=20m,REQUEST='20402')\"},\"ancestor\":{\"id\":\"requestItemsTable\",\"viewName\":\"etm.portal.ui.managerequests.view.Detail\"}}"}]}
RESULT: undefined
COMMAND: POST /session/e0f9f5aee1597ce8ab84fc4949c39ac3/element - {"using":"xpath","value":"//*[@id=\"__button39-__clone1826-img\"]"}
RESULT: {}
RESULT: {"using":"xpath","value":"//*[@id=\"__button39-__clone1826-img\"]"}
COMMAND: POST /session/e0f9f5aee1597ce8ab84fc4949c39ac3/element/f.16219B07342047CC16B1B6C41B76C932.d.2097DE75079337AD4CA256460DB41ED5.e.5730/click - {}
RESULT: {}
RESULT: undefined
COMMAND: POST /session/e0f9f5aee1597ce8ab84fc4949c39ac3/element - {"using":"xpath","value":"//*[@id=\"__button49\"]"}
COMMAND: GET /session/e0f9f5aee1597ce8ab84fc4949c39ac3/screenshot - {}
RESULT: {"using":"xpath","value":"//*[@id=\"__button49\"]"}
COMMAND: POST /session/e0f9f5aee1597ce8ab84fc4949c39ac3/elements - {"using":"xpath","value":"//*[@id=\"__button49\"]"}
RESULT: {}
RESULT: {"using":"xpath","value":"//*[@id=\"__button49\"]"}
COMMAND: POST /session/e0f9f5aee1597ce8ab84fc4949c39ac3/element - {"using":"xpath","value":"//*[@id=\"__button49\"]"}
RESULT: {"using":"xpath","value":"//*[@id=\"__button49\"]"}
COMMAND: POST /session/e0f9f5aee1597ce8ab84fc4949c39ac3/element/f.16219B07342047CC16B1B6C41B76C932.d.2097DE75079337AD4CA256460DB41ED5.e.5734/click - {}
RESULT: {}
COMMAND: POST /session/e0f9f5aee1597ce8ab84fc4949c39ac3/execute/async - {"script":"<script> [189 bytes]","args":[]}
COMMAND: GET /session/e0f9f5aee1597ce8ab84fc4949c39ac3/screenshot - {}
RESULT: {"script":"<script> [189 bytes]","args":[]}
COMMAND: POST /session/e0f9f5aee1597ce8ab84fc4949c39ac3/execute/async - {"script":"<script> [123 bytes]","args":[]}
RESULT: {}
RESULT: {"script":"<script> [123 bytes]","args":[]}
COMMAND: POST /session/e0f9f5aee1597ce8ab84fc4949c39ac3/timeouts - {"script":"<number>"}
RESULT: {"script":"<number>"}
COMMAND: GET /session/e0f9f5aee1597ce8ab84fc4949c39ac3/timeouts - {}
RESULT: {}
RESULT: undefined
COMMAND: POST /session/e0f9f5aee1597ce8ab84fc4949c39ac3/execute/async - {"script":"<script> [2676 bytes]","args":[]}
RESULT: {"script":"<script> [2676 bytes]","args":[]}
COMMAND: POST /session/e0f9f5aee1597ce8ab84fc4949c39ac3/execute/async - {"script":"<script> [2342 bytes]","args":[{"protocol":"http","hostname":"0.0.0.0","path":"/","capabilities":{"browserName":"chrome","goog:chromeOptions":{"binary":"C:\\Program Files\\Google\\Chrome\\Application\\chrome.exe","args":["--start-maximized"]}},"logLevel":"warn","connectionRetryTimeout":120000,"connectionRetryCount":3,"logLevels":{},"enableDirectConnect":true,"strictSSL":true,"_":"65 more keys: [\"cacheDir\",\"port\",\"requestedCapabilities\",\"automationProtocol\",\"baseUrl\",\"waitforInterval\",\"waitforTimeout\",\"onReload\",\"beforeCommand\",\"afterCommand\",\"rootDir\",\"specs\",\"suites\",\"exclude\",\"groupLogsByTestSpec\",\"excludeDriverLogs\",\"bail\",\"framework\",\"reporters\",\"services\",\"maxInstances\",\"maxInstancesPerCapability\",\"injectGlobals\",\"filesToWatch\",\"execArgv\",\"runnerEnv\",\"runner\",\"shard\",\"specFileRetries\",\"specFileRetriesDelay\",\"specFileRetriesDeferred\",\"reporterSyncInterval\",\"reporterSyncTimeout\",\"cucumberFeaturesWithLineNumbers\",\"autoCompileOpts\",\"mochaOpts\",\"jasmineOpts\",\"cucumberOpts\",\"onPrepare\",\"onWorkerStart\",\"onWorkerEnd\",\"before\",\"beforeSession\",\"beforeSuite\",\"beforeHook\",\"beforeTest\",\"afterTest\",\"afterHook\",\"afterSuite\",\"afterSession\",\"after\",\"onComplete\",\"beforeAssertion\",\"afterAssertion\",\"beforeFeature\",\"beforeScenario\",\"beforeStep\",\"afterStep\",\"afterScenario\",\"afterFeature\",\"_\",\"suite\",\"$0\",\"ignoredWorkerServices\",\"wdi5\"]"}]}
RESULT: {"script":"<script> [2342 bytes]","args":[{"protocol":"http","hostname":"0.0.0.0","path":"/","capabilities":{"browserName":"chrome","goog:chromeOptions":{"binary":"C:\\Program Files\\Google\\Chrome\\Application\\chrome.exe","args":["--start-maximized"]}},"logLevel":"warn","connectionRetryTimeout":120000,"connectionRetryCount":3,"logLevels":{},"enableDirectConnect":true,"strictSSL":true,"_":"65 more keys: [\"cacheDir\",\"port\",\"requestedCapabilities\",\"automationProtocol\",\"baseUrl\",\"waitforInterval\",\"waitforTimeout\",\"onReload\",\"beforeCommand\",\"afterCommand\",\"rootDir\",\"specs\",\"suites\",\"exclude\",\"groupLogsByTestSpec\",\"excludeDriverLogs\",\"bail\",\"framework\",\"reporters\",\"services\",\"maxInstances\",\"maxInstancesPerCapability\",\"injectGlobals\",\"filesToWatch\",\"execArgv\",\"runnerEnv\",\"runner\",\"shard\",\"specFileRetries\",\"specFileRetriesDelay\",\"specFileRetriesDeferred\",\"reporterSyncInterval\",\"reporterSyncTimeout\",\"cucumberFeaturesWithLineNumbers\",\"autoCompileOpts\",\"mochaOpts\",\"jasmineOpts\",\"cucumberOpts\",\"onPrepare\",\"onWorkerStart\",\"onWorkerEnd\",\"before\",\"beforeSession\",\"beforeSuite\",\"beforeHook\",\"beforeTest\",\"afterTest\",\"afterHook\",\"afterSuite\",\"afterSession\",\"after\",\"onComplete\",\"beforeAssertion\",\"afterAssertion\",\"beforeFeature\",\"beforeScenario\",\"beforeStep\",\"afterStep\",\"afterScenario\",\"afterFeature\",\"_\",\"suite\",\"$0\",\"ignoredWorkerServices\",\"wdi5\"]"}]}
COMMAND: POST /session/e0f9f5aee1597ce8ab84fc4949c39ac3/execute/async - {"script":"<script> [21126 bytes]","args":[35000]}
RESULT: {"script":"<script> [21126 bytes]","args":[35000]}
COMMAND: POST /session/e0f9f5aee1597ce8ab84fc4949c39ac3/execute/async - {"script":"<script> [1562 bytes]","args":[{"selector":{"controlType":"sap.m.Button","viewName":"etm.portal.ui.managerequests.view.Detail","bindingPath":{"path":"/SmartRequestItemsPlanningBoard(ITEM=10m,REQUEST='20402')","propertyPath":"PICK_UP"}},"wdio_ui5_key":"etmportal.ui.managerequests.view.Detailsap.m.Button{\"path\":\"/SmartRequestItemsPlanningBoard(ITEM=10m,REQUEST='20402')\",\"propertyPath\":\"PICK_UP\"}"}]}
RESULT: {"script":"<script> [1562 bytes]","args":[{"selector":{"controlType":"sap.m.Button","viewName":"etm.portal.ui.managerequests.view.Detail","bindingPath":{"path":"/SmartRequestItemsPlanningBoard(ITEM=10m,REQUEST='20402')","propertyPath":"PICK_UP"}},"wdio_ui5_key":"etmportal.ui.managerequests.view.Detailsap.m.Button{\"path\":\"/SmartRequestItemsPlanningBoard(ITEM=10m,REQUEST='20402')\",\"propertyPath\":\"PICK_UP\"}"}]}
RESULT: undefined
COMMAND: POST /session/e0f9f5aee1597ce8ab84fc4949c39ac3/execute/async - {"script":"<script> [6424 bytes]","args":[{"element-6066-11e4-a52e-4f735466cecf":"f.16219B07342047CC16B1B6C41B76C932.d.2097DE75079337AD4CA256460DB41ED5.e.5682"},"getType",[]]}
RESULT: {"script":"<script> [6424 bytes]","args":[{"element-6066-11e4-a52e-4f735466cecf":"f.16219B07342047CC16B1B6C41B76C932.d.2097DE75079337AD4CA256460DB41ED5.e.5682"},"getType",[]]}
COMMAND: POST /session/e0f9f5aee1597ce8ab84fc4949c39ac3/execute/async - {"script":"<script> [1562 bytes]","args":[{"selector":{"controlType":"sap.m.Button","viewName":"etm.portal.ui.managerequests.view.Detail","bindingPath":{"path":"/SmartRequestItemsPlanningBoard(ITEM=20m,REQUEST='20402')","propertyPath":"PICK_UP"}},"wdio_ui5_key":"etmportal.ui.managerequests.view.Detailsap.m.Button{\"path\":\"/SmartRequestItemsPlanningBoard(ITEM=20m,REQUEST='20402')\",\"propertyPath\":\"PICK_UP\"}"}]}
RESULT: {"script":"<script> [1562 bytes]","args":[{"selector":{"controlType":"sap.m.Button","viewName":"etm.portal.ui.managerequests.view.Detail","bindingPath":{"path":"/SmartRequestItemsPlanningBoard(ITEM=20m,REQUEST='20402')","propertyPath":"PICK_UP"}},"wdio_ui5_key":"etmportal.ui.managerequests.view.Detailsap.m.Button{\"path\":\"/SmartRequestItemsPlanningBoard(ITEM=20m,REQUEST='20402')\",\"propertyPath\":\"PICK_UP\"}"}]}
RESULT: undefined
COMMAND: POST /session/e0f9f5aee1597ce8ab84fc4949c39ac3/execute/async - {"script":"<script> [6424 bytes]","args":[{"element-6066-11e4-a52e-4f735466cecf":"f.16219B07342047CC16B1B6C41B76C932.d.2097DE75079337AD4CA256460DB41ED5.e.5712"},"getType",[]]}
RESULT: {"script":"<script> [6424 bytes]","args":[{"element-6066-11e4-a52e-4f735466cecf":"f.16219B07342047CC16B1B6C41B76C932.d.2097DE75079337AD4CA256460DB41ED5.e.5712"},"getType",[]]}
]]></system-out>
    </testcase>
    <testcase classname="chrome.136_0_7103_49.windows.Manage_request_+_Contract_processing_pick_up_option_US120163_" name="Should Contract processing pick up option" time="200.032">
      <system-out><![CDATA[
COMMAND: POST /session/e0f9f5aee1597ce8ab84fc4949c39ac3/execute/async - {"script":"<script> [1562 bytes]","args":[{"selector":{"id":"requestContractNo","viewName":"etm.portal.ui.managerequests.view.Detail"},"wdio_ui5_key":"requestContractNoetmportal.ui.managerequests.view.Detail"}]}
RESULT: {"script":"<script> [1562 bytes]","args":[{"selector":{"id":"requestContractNo","viewName":"etm.portal.ui.managerequests.view.Detail"},"wdio_ui5_key":"requestContractNoetmportal.ui.managerequests.view.Detail"}]}
RESULT: undefined
COMMAND: POST /session/e0f9f5aee1597ce8ab84fc4949c39ac3/element - {"using":"xpath","value":"//*[@id=\"__xmlview2--requestContractNo\"]"}
RESULT: {"using":"xpath","value":"//*[@id=\"__xmlview2--requestContractNo\"]"}
COMMAND: POST /session/e0f9f5aee1597ce8ab84fc4949c39ac3/element/f.16219B07342047CC16B1B6C41B76C932.d.2097DE75079337AD4CA256460DB41ED5.e.5739/click - {}
RESULT: {}
COMMAND: POST /session/e0f9f5aee1597ce8ab84fc4949c39ac3/execute/async - {"script":"<script> [1562 bytes]","args":[{"selector":{"controlType":"sap.m.Link","viewName":"etm.portal.ui.managerequests.view.Detail","properties":{"text":"Contract Overview"},"searchOpenDialogs":true},"wdio_ui5_key":"etmportal.ui.managerequests.view.Detailsap.m.Link{\"text\":\"Contract Overview\"}"}]}
COMMAND: GET /session/e0f9f5aee1597ce8ab84fc4949c39ac3/screenshot - {}
RESULT: {"script":"<script> [1562 bytes]","args":[{"selector":{"controlType":"sap.m.Link","viewName":"etm.portal.ui.managerequests.view.Detail","properties":{"text":"Contract Overview"},"searchOpenDialogs":true},"wdio_ui5_key":"etmportal.ui.managerequests.view.Detailsap.m.Link{\"text\":\"Contract Overview\"}"}]}
RESULT: undefined
COMMAND: POST /session/e0f9f5aee1597ce8ab84fc4949c39ac3/element - {"using":"xpath","value":"//*[@id=\"__link8\"]"}
RESULT: {}
RESULT: {"using":"xpath","value":"//*[@id=\"__link8\"]"}
COMMAND: POST /session/e0f9f5aee1597ce8ab84fc4949c39ac3/element/f.16219B07342047CC16B1B6C41B76C932.d.2097DE75079337AD4CA256460DB41ED5.e.5741/click - {}
RESULT: {}
COMMAND: GET /session/e0f9f5aee1597ce8ab84fc4949c39ac3/screenshot - {}
RESULT: {}
COMMAND: POST /session/e0f9f5aee1597ce8ab84fc4949c39ac3/element - {"using":"xpath","value":"//div[contains(@id ,\"headerBillingItemsTabFilter-text\")]"}
RESULT: {"using":"xpath","value":"//div[contains(@id ,\"headerBillingItemsTabFilter-text\")]"}
COMMAND: POST /session/e0f9f5aee1597ce8ab84fc4949c39ac3/element/f.16219B07342047CC16B1B6C41B76C932.d.2097DE75079337AD4CA256460DB41ED5.e.5966/click - {}
RESULT: {}
COMMAND: GET /session/e0f9f5aee1597ce8ab84fc4949c39ac3/screenshot - {}
RESULT: {}
COMMAND: POST /session/e0f9f5aee1597ce8ab84fc4949c39ac3/execute/async - {"script":"<script> [1562 bytes]","args":[{"selector":{"id":"addRequestItemBtn","viewName":"etm.portal.ui.managecontracts.view.Detail","interaction":{"idSuffix":"BDI-content"}},"wdio_ui5_key":"addRequestItemBtnetmportal.ui.managecontracts.view.Detail"}]}
RESULT: {"script":"<script> [1562 bytes]","args":[{"selector":{"id":"addRequestItemBtn","viewName":"etm.portal.ui.managecontracts.view.Detail","interaction":{"idSuffix":"BDI-content"}},"wdio_ui5_key":"addRequestItemBtnetmportal.ui.managecontracts.view.Detail"}]}
RESULT: undefined
COMMAND: POST /session/e0f9f5aee1597ce8ab84fc4949c39ac3/element - {"using":"xpath","value":"//*[@id=\"__xmlview4--addRequestItemBtn\"]"}
RESULT: {"using":"xpath","value":"//*[@id=\"__xmlview4--addRequestItemBtn\"]"}
COMMAND: POST /session/e0f9f5aee1597ce8ab84fc4949c39ac3/element/f.16219B07342047CC16B1B6C41B76C932.d.2097DE75079337AD4CA256460DB41ED5.e.5837/click - {}
RESULT: {}
COMMAND: GET /session/e0f9f5aee1597ce8ab84fc4949c39ac3/screenshot - {}
RESULT: {}
COMMAND: POST /session/e0f9f5aee1597ce8ab84fc4949c39ac3/element - {"using":"xpath","value":"//div[contains(@id ,\"popupRequestTable-sa-CbBg\")]"}
RESULT: {"using":"xpath","value":"//div[contains(@id ,\"popupRequestTable-sa-CbBg\")]"}
COMMAND: POST /session/e0f9f5aee1597ce8ab84fc4949c39ac3/element/f.16219B07342047CC16B1B6C41B76C932.d.2097DE75079337AD4CA256460DB41ED5.e.6009/click - {}
RESULT: {}
COMMAND: GET /session/e0f9f5aee1597ce8ab84fc4949c39ac3/screenshot - {}
RESULT: {}
COMMAND: POST /session/e0f9f5aee1597ce8ab84fc4949c39ac3/execute/async - {"script":"<script> [1562 bytes]","args":[{"selector":{"controlType":"sap.m.Button","viewName":"etm.portal.ui.managecontracts.view.Detail","i18NText":{"propertyName":"text","key":"selectionDone"},"searchOpenDialogs":true,"interaction":{"idSuffix":"content"}},"wdio_ui5_key":"etmportal.ui.managecontracts.view.Detailsap.m.Button{\"propertyName\":\"text\",\"key\":\"selectionDone\"}"}]}
RESULT: {"script":"<script> [1562 bytes]","args":[{"selector":{"controlType":"sap.m.Button","viewName":"etm.portal.ui.managecontracts.view.Detail","i18NText":{"propertyName":"text","key":"selectionDone"},"searchOpenDialogs":true,"interaction":{"idSuffix":"content"}},"wdio_ui5_key":"etmportal.ui.managecontracts.view.Detailsap.m.Button{\"propertyName\":\"text\",\"key\":\"selectionDone\"}"}]}
RESULT: undefined
COMMAND: POST /session/e0f9f5aee1597ce8ab84fc4949c39ac3/element - {"using":"xpath","value":"//*[@id=\"__button65\"]"}
RESULT: {"using":"xpath","value":"//*[@id=\"__button65\"]"}
COMMAND: POST /session/e0f9f5aee1597ce8ab84fc4949c39ac3/element/f.16219B07342047CC16B1B6C41B76C932.d.2097DE75079337AD4CA256460DB41ED5.e.6012/click - {}
RESULT: {}
COMMAND: POST /session/e0f9f5aee1597ce8ab84fc4949c39ac3/execute/async - {"script":"<script> [1562 bytes]","args":[{"selector":{"controlType":"sap.m.Button","properties":{"text":"OK"},"searchOpenDialogs":true,"interaction":{"idSuffix":"inner"}},"wdio_ui5_key":"sapm.Button{\"text\":\"OK\"}"}]}
COMMAND: GET /session/e0f9f5aee1597ce8ab84fc4949c39ac3/screenshot - {}
RESULT: {"script":"<script> [1562 bytes]","args":[{"selector":{"controlType":"sap.m.Button","properties":{"text":"OK"},"searchOpenDialogs":true,"interaction":{"idSuffix":"inner"}},"wdio_ui5_key":"sapm.Button{\"text\":\"OK\"}"}]}
RESULT: undefined
COMMAND: POST /session/e0f9f5aee1597ce8ab84fc4949c39ac3/element - {"using":"xpath","value":"//*[@id=\"__mbox-btn-1\"]"}
RESULT: {}
RESULT: {"using":"xpath","value":"//*[@id=\"__mbox-btn-1\"]"}
COMMAND: POST /session/e0f9f5aee1597ce8ab84fc4949c39ac3/element/f.16219B07342047CC16B1B6C41B76C932.d.2097DE75079337AD4CA256460DB41ED5.e.6013/click - {}
RESULT: {}
COMMAND: GET /session/e0f9f5aee1597ce8ab84fc4949c39ac3/screenshot - {}
RESULT: {}
COMMAND: POST /session/e0f9f5aee1597ce8ab84fc4949c39ac3/element - {"using":"xpath","value":"//div[contains(@id ,\"headerBillingItemsTabFilter-text\")]"}
RESULT: {"using":"xpath","value":"//div[contains(@id ,\"headerBillingItemsTabFilter-text\")]"}
COMMAND: POST /session/e0f9f5aee1597ce8ab84fc4949c39ac3/element/f.16219B07342047CC16B1B6C41B76C932.d.2097DE75079337AD4CA256460DB41ED5.e.5966/click - {}
RESULT: {}
COMMAND: GET /session/e0f9f5aee1597ce8ab84fc4949c39ac3/screenshot - {}
RESULT: {}
COMMAND: POST /session/e0f9f5aee1597ce8ab84fc4949c39ac3/element - {"using":"xpath","value":"//button[contains(@data-kt ,\"refreshButton\")]"}
RESULT: {"using":"xpath","value":"//button[contains(@data-kt ,\"refreshButton\")]"}
COMMAND: POST /session/e0f9f5aee1597ce8ab84fc4949c39ac3/element/f.16219B07342047CC16B1B6C41B76C932.d.2097DE75079337AD4CA256460DB41ED5.e.5834/click - {}
RESULT: {}
COMMAND: GET /session/e0f9f5aee1597ce8ab84fc4949c39ac3/screenshot - {}
RESULT: {}
COMMAND: POST /session/e0f9f5aee1597ce8ab84fc4949c39ac3/element - {"using":"xpath","value":"//div[contains(@id ,\"headerBillingItemsTabFilter-text\")]"}
RESULT: {"using":"xpath","value":"//div[contains(@id ,\"headerBillingItemsTabFilter-text\")]"}
COMMAND: POST /session/e0f9f5aee1597ce8ab84fc4949c39ac3/element/f.16219B07342047CC16B1B6C41B76C932.d.2097DE75079337AD4CA256460DB41ED5.e.5966/click - {}
RESULT: {}
COMMAND: GET /session/e0f9f5aee1597ce8ab84fc4949c39ac3/screenshot - {}
RESULT: {}
COMMAND: POST /session/e0f9f5aee1597ce8ab84fc4949c39ac3/execute/async - {"script":"<script> [1562 bytes]","args":[{"selector":{"id":"contractDetailProvideButton","viewName":"etm.portal.ui.managecontracts.view.Detail","interaction":{"idSuffix":"BDI-content"}},"wdio_ui5_key":"contractDetailProvideButtonetmportal.ui.managecontracts.view.Detail"}]}
RESULT: {"script":"<script> [1562 bytes]","args":[{"selector":{"id":"contractDetailProvideButton","viewName":"etm.portal.ui.managecontracts.view.Detail","interaction":{"idSuffix":"BDI-content"}},"wdio_ui5_key":"contractDetailProvideButtonetmportal.ui.managecontracts.view.Detail"}]}
RESULT: undefined
COMMAND: POST /session/e0f9f5aee1597ce8ab84fc4949c39ac3/element - {"using":"xpath","value":"//*[@id=\"__xmlview4--contractDetailProvideButton\"]"}
RESULT: {"using":"xpath","value":"//*[@id=\"__xmlview4--contractDetailProvideButton\"]"}
COMMAND: POST /session/e0f9f5aee1597ce8ab84fc4949c39ac3/element/f.16219B07342047CC16B1B6C41B76C932.d.2097DE75079337AD4CA256460DB41ED5.e.5843/click - {}
RESULT: {}
COMMAND: GET /session/e0f9f5aee1597ce8ab84fc4949c39ac3/screenshot - {}
RESULT: {}
COMMAND: POST /session/e0f9f5aee1597ce8ab84fc4949c39ac3/execute/async - {"script":"<script> [1562 bytes]","args":[{"selector":{"id":"application-managehandovers-display-component---AddNewHO--pickUpCheckbox","interaction":{"idSuffix":"CbBg"}},"wdio_ui5_key":"applicationmanagehandovers-display-component---AddNewHO--pickUpCheckbox"}]}
RESULT: {"script":"<script> [1562 bytes]","args":[{"selector":{"id":"application-managehandovers-display-component---AddNewHO--pickUpCheckbox","interaction":{"idSuffix":"CbBg"}},"wdio_ui5_key":"applicationmanagehandovers-display-component---AddNewHO--pickUpCheckbox"}]}
RESULT: undefined
COMMAND: POST /session/e0f9f5aee1597ce8ab84fc4949c39ac3/element - {"using":"xpath","value":"//*[@id=\"application-managehandovers-display-component---AddNewHO--pickUpCheckbox\"]"}
RESULT: {"using":"xpath","value":"//*[@id=\"application-managehandovers-display-component---AddNewHO--pickUpCheckbox\"]"}
COMMAND: POST /session/e0f9f5aee1597ce8ab84fc4949c39ac3/element/f.16219B07342047CC16B1B6C41B76C932.d.2097DE75079337AD4CA256460DB41ED5.e.6198/click - {}
RESULT: {}
COMMAND: POST /session/e0f9f5aee1597ce8ab84fc4949c39ac3/execute/async - {"script":"<script> [1562 bytes]","args":[{"selector":{"id":"application-managehandovers-display-component---AddNewHO--ObjectPageLayout-anchBar-application-managehandovers-display-component---AddNewHO--section4-anchor","interaction":{"idSuffix":"content"}},"wdio_ui5_key":"applicationmanagehandovers-display-component---AddNewHO--ObjectPageLayout-anchBar-application-managehandovers-display-component---AddNewHO--section4-anchor"}]}
COMMAND: GET /session/e0f9f5aee1597ce8ab84fc4949c39ac3/screenshot - {}
RESULT: {"script":"<script> [1562 bytes]","args":[{"selector":{"id":"application-managehandovers-display-component---AddNewHO--ObjectPageLayout-anchBar-application-managehandovers-display-component---AddNewHO--section4-anchor","interaction":{"idSuffix":"content"}},"wdio_ui5_key":"applicationmanagehandovers-display-component---AddNewHO--ObjectPageLayout-anchBar-application-managehandovers-display-component---AddNewHO--section4-anchor"}]}
RESULT: undefined
COMMAND: POST /session/e0f9f5aee1597ce8ab84fc4949c39ac3/element - {"using":"xpath","value":"//*[@id=\"application-managehandovers-display-component---AddNewHO--ObjectPageLayout-anchBar-application-managehandovers-display-component---AddNewHO--section4-anchor\"]"}
RESULT: {}
RESULT: {"using":"xpath","value":"//*[@id=\"application-managehandovers-display-component---AddNewHO--ObjectPageLayout-anchBar-application-managehandovers-display-component---AddNewHO--section4-anchor\"]"}
COMMAND: POST /session/e0f9f5aee1597ce8ab84fc4949c39ac3/element/f.16219B07342047CC16B1B6C41B76C932.d.2097DE75079337AD4CA256460DB41ED5.e.6202/click - {}
RESULT: {}
COMMAND: POST /session/e0f9f5aee1597ce8ab84fc4949c39ac3/execute/async - {"script":"<script> [1562 bytes]","args":[{"selector":{"controlType":"sap.m.Button","viewName":"etm.portal.ui.managehandovers.view.AddNewHO","viewId":"application-managehandovers-display-component---AddNewHO","i18NText":{"propertyName":"tooltip","key":"addItems"},"interaction":{"idSuffix":"inner"}},"wdio_ui5_key":"etmportal.ui.managehandovers.view.AddNewHOsap.m.Button{\"propertyName\":\"tooltip\",\"key\":\"addItems\"}"}]}
COMMAND: GET /session/e0f9f5aee1597ce8ab84fc4949c39ac3/screenshot - {}
RESULT: {"script":"<script> [1562 bytes]","args":[{"selector":{"controlType":"sap.m.Button","viewName":"etm.portal.ui.managehandovers.view.AddNewHO","viewId":"application-managehandovers-display-component---AddNewHO","i18NText":{"propertyName":"tooltip","key":"addItems"},"interaction":{"idSuffix":"inner"}},"wdio_ui5_key":"etmportal.ui.managehandovers.view.AddNewHOsap.m.Button{\"propertyName\":\"tooltip\",\"key\":\"addItems\"}"}]}
RESULT: undefined
COMMAND: POST /session/e0f9f5aee1597ce8ab84fc4949c39ac3/element - {"using":"xpath","value":"//*[@id=\"__button82\"]"}
RESULT: {}
RESULT: {"using":"xpath","value":"//*[@id=\"__button82\"]"}
COMMAND: POST /session/e0f9f5aee1597ce8ab84fc4949c39ac3/element/f.16219B07342047CC16B1B6C41B76C932.d.2097DE75079337AD4CA256460DB41ED5.e.6206/click - {}
RESULT: {}
COMMAND: POST /session/e0f9f5aee1597ce8ab84fc4949c39ac3/execute/async - {"script":"<script> [1562 bytes]","args":[{"selector":{"id":"application-managehandovers-display-component---AddNewHO--smartTableHOPopup-header","searchOpenDialogs":true},"wdio_ui5_key":"applicationmanagehandovers-display-component---AddNewHO--smartTableHOPopup-header"}]}
COMMAND: GET /session/e0f9f5aee1597ce8ab84fc4949c39ac3/screenshot - {}
RESULT: {"script":"<script> [1562 bytes]","args":[{"selector":{"id":"application-managehandovers-display-component---AddNewHO--smartTableHOPopup-header","searchOpenDialogs":true},"wdio_ui5_key":"applicationmanagehandovers-display-component---AddNewHO--smartTableHOPopup-header"}]}
RESULT: undefined
COMMAND: POST /session/e0f9f5aee1597ce8ab84fc4949c39ac3/execute/async - {"script":"<script> [6424 bytes]","args":[{"element-6066-11e4-a52e-4f735466cecf":"f.16219B07342047CC16B1B6C41B76C932.d.2097DE75079337AD4CA256460DB41ED5.e.6211"},"getText",[]]}
RESULT: {}
RESULT: {"script":"<script> [6424 bytes]","args":[{"element-6066-11e4-a52e-4f735466cecf":"f.16219B07342047CC16B1B6C41B76C932.d.2097DE75079337AD4CA256460DB41ED5.e.6211"},"getText",[]]}
COMMAND: POST /session/e0f9f5aee1597ce8ab84fc4949c39ac3/actions - {"actions":[{"id":"action43","type":"key","parameters":{},"actions":[{"type":"keyDown","value":"î€Œ"},{"type":"pause","duration":10},{"type":"keyUp","value":"î€Œ"}]}]}
RESULT: {"actions":[{"id":"action43","type":"key","parameters":{},"actions":[{"type":"keyDown","value":"î€Œ"},{"type":"pause","duration":10},{"type":"keyUp","value":"î€Œ"}]}]}
COMMAND: GET /session/e0f9f5aee1597ce8ab84fc4949c39ac3/screenshot - {}
RESULT: {}
COMMAND: POST /session/e0f9f5aee1597ce8ab84fc4949c39ac3/execute/async - {"script":"<script> [1562 bytes]","args":[{"selector":{"id":"backBtn"},"wdio_ui5_key":"backBtn"}]}
RESULT: {"script":"<script> [1562 bytes]","args":[{"selector":{"id":"backBtn"},"wdio_ui5_key":"backBtn"}]}
RESULT: undefined
COMMAND: POST /session/e0f9f5aee1597ce8ab84fc4949c39ac3/element - {"using":"xpath","value":"//*[@id=\"backBtn\"]"}
RESULT: {"using":"xpath","value":"//*[@id=\"backBtn\"]"}
COMMAND: POST /session/e0f9f5aee1597ce8ab84fc4949c39ac3/element/f.16219B07342047CC16B1B6C41B76C932.d.2097DE75079337AD4CA256460DB41ED5.e.6213/click - {}
RESULT: {}
COMMAND: GET /session/e0f9f5aee1597ce8ab84fc4949c39ac3/screenshot - {}
COMMAND: POST /session/e0f9f5aee1597ce8ab84fc4949c39ac3/refresh - {}
RESULT: {}
RESULT: {}
COMMAND: GET /session/e0f9f5aee1597ce8ab84fc4949c39ac3/screenshot - {}
RESULT: {}
COMMAND: POST /session/e0f9f5aee1597ce8ab84fc4949c39ac3/execute/async - {"script":"<script> [189 bytes]","args":[]}
RESULT: {"script":"<script> [189 bytes]","args":[]}
COMMAND: POST /session/e0f9f5aee1597ce8ab84fc4949c39ac3/execute/async - {"script":"<script> [123 bytes]","args":[]}
RESULT: {"script":"<script> [123 bytes]","args":[]}
COMMAND: POST /session/e0f9f5aee1597ce8ab84fc4949c39ac3/timeouts - {"script":"<number>"}
RESULT: {"script":"<number>"}
COMMAND: GET /session/e0f9f5aee1597ce8ab84fc4949c39ac3/timeouts - {}
RESULT: {}
RESULT: undefined
COMMAND: POST /session/e0f9f5aee1597ce8ab84fc4949c39ac3/execute/async - {"script":"<script> [2676 bytes]","args":[]}
RESULT: {"script":"<script> [2676 bytes]","args":[]}
COMMAND: POST /session/e0f9f5aee1597ce8ab84fc4949c39ac3/execute/async - {"script":"<script> [2342 bytes]","args":[{"protocol":"http","hostname":"0.0.0.0","path":"/","capabilities":{"browserName":"chrome","goog:chromeOptions":{"binary":"C:\\Program Files\\Google\\Chrome\\Application\\chrome.exe","args":["--start-maximized"]}},"logLevel":"warn","connectionRetryTimeout":120000,"connectionRetryCount":3,"logLevels":{},"enableDirectConnect":true,"strictSSL":true,"_":"65 more keys: [\"cacheDir\",\"port\",\"requestedCapabilities\",\"automationProtocol\",\"baseUrl\",\"waitforInterval\",\"waitforTimeout\",\"onReload\",\"beforeCommand\",\"afterCommand\",\"rootDir\",\"specs\",\"suites\",\"exclude\",\"groupLogsByTestSpec\",\"excludeDriverLogs\",\"bail\",\"framework\",\"reporters\",\"services\",\"maxInstances\",\"maxInstancesPerCapability\",\"injectGlobals\",\"filesToWatch\",\"execArgv\",\"runnerEnv\",\"runner\",\"shard\",\"specFileRetries\",\"specFileRetriesDelay\",\"specFileRetriesDeferred\",\"reporterSyncInterval\",\"reporterSyncTimeout\",\"cucumberFeaturesWithLineNumbers\",\"autoCompileOpts\",\"mochaOpts\",\"jasmineOpts\",\"cucumberOpts\",\"onPrepare\",\"onWorkerStart\",\"onWorkerEnd\",\"before\",\"beforeSession\",\"beforeSuite\",\"beforeHook\",\"beforeTest\",\"afterTest\",\"afterHook\",\"afterSuite\",\"afterSession\",\"after\",\"onComplete\",\"beforeAssertion\",\"afterAssertion\",\"beforeFeature\",\"beforeScenario\",\"beforeStep\",\"afterStep\",\"afterScenario\",\"afterFeature\",\"_\",\"suite\",\"$0\",\"ignoredWorkerServices\",\"wdi5\"]"}]}
RESULT: {"script":"<script> [2342 bytes]","args":[{"protocol":"http","hostname":"0.0.0.0","path":"/","capabilities":{"browserName":"chrome","goog:chromeOptions":{"binary":"C:\\Program Files\\Google\\Chrome\\Application\\chrome.exe","args":["--start-maximized"]}},"logLevel":"warn","connectionRetryTimeout":120000,"connectionRetryCount":3,"logLevels":{},"enableDirectConnect":true,"strictSSL":true,"_":"65 more keys: [\"cacheDir\",\"port\",\"requestedCapabilities\",\"automationProtocol\",\"baseUrl\",\"waitforInterval\",\"waitforTimeout\",\"onReload\",\"beforeCommand\",\"afterCommand\",\"rootDir\",\"specs\",\"suites\",\"exclude\",\"groupLogsByTestSpec\",\"excludeDriverLogs\",\"bail\",\"framework\",\"reporters\",\"services\",\"maxInstances\",\"maxInstancesPerCapability\",\"injectGlobals\",\"filesToWatch\",\"execArgv\",\"runnerEnv\",\"runner\",\"shard\",\"specFileRetries\",\"specFileRetriesDelay\",\"specFileRetriesDeferred\",\"reporterSyncInterval\",\"reporterSyncTimeout\",\"cucumberFeaturesWithLineNumbers\",\"autoCompileOpts\",\"mochaOpts\",\"jasmineOpts\",\"cucumberOpts\",\"onPrepare\",\"onWorkerStart\",\"onWorkerEnd\",\"before\",\"beforeSession\",\"beforeSuite\",\"beforeHook\",\"beforeTest\",\"afterTest\",\"afterHook\",\"afterSuite\",\"afterSession\",\"after\",\"onComplete\",\"beforeAssertion\",\"afterAssertion\",\"beforeFeature\",\"beforeScenario\",\"beforeStep\",\"afterStep\",\"afterScenario\",\"afterFeature\",\"_\",\"suite\",\"$0\",\"ignoredWorkerServices\",\"wdi5\"]"}]}
COMMAND: POST /session/e0f9f5aee1597ce8ab84fc4949c39ac3/execute/async - {"script":"<script> [21126 bytes]","args":[35000]}
RESULT: {"script":"<script> [21126 bytes]","args":[35000]}
COMMAND: POST /session/e0f9f5aee1597ce8ab84fc4949c39ac3/element - {"using":"xpath","value":"//div[contains(@id ,\"headerBillingItemsTabFilter-text\")]"}
RESULT: {"using":"xpath","value":"//div[contains(@id ,\"headerBillingItemsTabFilter-text\")]"}
COMMAND: POST /session/e0f9f5aee1597ce8ab84fc4949c39ac3/element/f.16219B07342047CC16B1B6C41B76C932.d.FA3D77F0C3EF8E08D338D2CA3C9B11D1.e.6614/click - {}
RESULT: {}
COMMAND: GET /session/e0f9f5aee1597ce8ab84fc4949c39ac3/screenshot - {}
RESULT: {}
COMMAND: POST /session/e0f9f5aee1597ce8ab84fc4949c39ac3/execute/async - {"script":"<script> [1562 bytes]","args":[{"selector":{"id":"revertPlanningBtn","viewName":"etm.portal.ui.managecontracts.view.Detail","interaction":{"idSuffix":"BDI-content"}},"wdio_ui5_key":"revertPlanningBtnetmportal.ui.managecontracts.view.Detail"}]}
RESULT: {"script":"<script> [1562 bytes]","args":[{"selector":{"id":"revertPlanningBtn","viewName":"etm.portal.ui.managecontracts.view.Detail","interaction":{"idSuffix":"BDI-content"}},"wdio_ui5_key":"revertPlanningBtnetmportal.ui.managecontracts.view.Detail"}]}
RESULT: undefined
COMMAND: POST /session/e0f9f5aee1597ce8ab84fc4949c39ac3/element - {"using":"xpath","value":"//*[@id=\"__xmlview1--revertPlanningBtn\"]"}
RESULT: {"using":"xpath","value":"//*[@id=\"__xmlview1--revertPlanningBtn\"]"}
COMMAND: POST /session/e0f9f5aee1597ce8ab84fc4949c39ac3/element/f.16219B07342047CC16B1B6C41B76C932.d.FA3D77F0C3EF8E08D338D2CA3C9B11D1.e.6619/click - {}
RESULT: {}
COMMAND: GET /session/e0f9f5aee1597ce8ab84fc4949c39ac3/screenshot - {}
RESULT: {}
COMMAND: POST /session/e0f9f5aee1597ce8ab84fc4949c39ac3/actions - {"actions":[{"id":"action44","type":"key","parameters":{},"actions":[{"type":"keyDown","value":"î€‡"},{"type":"pause","duration":10},{"type":"keyUp","value":"î€‡"}]}]}
RESULT: {"actions":[{"id":"action44","type":"key","parameters":{},"actions":[{"type":"keyDown","value":"î€‡"},{"type":"pause","duration":10},{"type":"keyUp","value":"î€‡"}]}]}
COMMAND: GET /session/e0f9f5aee1597ce8ab84fc4949c39ac3/screenshot - {}
RESULT: {}
COMMAND: POST /session/e0f9f5aee1597ce8ab84fc4949c39ac3/element - {"using":"xpath","value":"//div[contains(@id ,\"ProductsTable-sa-CbBg\")]"}
RESULT: {"using":"xpath","value":"//div[contains(@id ,\"ProductsTable-sa-CbBg\")]"}
COMMAND: POST /session/e0f9f5aee1597ce8ab84fc4949c39ac3/element/f.16219B07342047CC16B1B6C41B76C932.d.FA3D77F0C3EF8E08D338D2CA3C9B11D1.e.6682/click - {}
RESULT: {}
COMMAND: GET /session/e0f9f5aee1597ce8ab84fc4949c39ac3/screenshot - {}
RESULT: {}
COMMAND: POST /session/e0f9f5aee1597ce8ab84fc4949c39ac3/execute/async - {"script":"<script> [1562 bytes]","args":[{"selector":{"id":"executeRevertPlanningBtn","viewName":"etm.portal.ui.managecontracts.view.Detail","interaction":{"idSuffix":"BDI-content"}},"wdio_ui5_key":"executeRevertPlanningBtnetmportal.ui.managecontracts.view.Detail"}]}
RESULT: {"script":"<script> [1562 bytes]","args":[{"selector":{"id":"executeRevertPlanningBtn","viewName":"etm.portal.ui.managecontracts.view.Detail","interaction":{"idSuffix":"BDI-content"}},"wdio_ui5_key":"executeRevertPlanningBtnetmportal.ui.managecontracts.view.Detail"}]}
RESULT: undefined
COMMAND: POST /session/e0f9f5aee1597ce8ab84fc4949c39ac3/element - {"using":"xpath","value":"//*[@id=\"__xmlview1--executeRevertPlanningBtn\"]"}
RESULT: {"using":"xpath","value":"//*[@id=\"__xmlview1--executeRevertPlanningBtn\"]"}
COMMAND: POST /session/e0f9f5aee1597ce8ab84fc4949c39ac3/element/f.16219B07342047CC16B1B6C41B76C932.d.FA3D77F0C3EF8E08D338D2CA3C9B11D1.e.6673/click - {}
RESULT: {}
COMMAND: GET /session/e0f9f5aee1597ce8ab84fc4949c39ac3/screenshot - {}
RESULT: {}
COMMAND: POST /session/e0f9f5aee1597ce8ab84fc4949c39ac3/actions - {"actions":[{"id":"action45","type":"key","parameters":{},"actions":[{"type":"keyDown","value":"î€‡"},{"type":"pause","duration":10},{"type":"keyUp","value":"î€‡"}]}]}
RESULT: {"actions":[{"id":"action45","type":"key","parameters":{},"actions":[{"type":"keyDown","value":"î€‡"},{"type":"pause","duration":10},{"type":"keyUp","value":"î€‡"}]}]}
COMMAND: POST /session/e0f9f5aee1597ce8ab84fc4949c39ac3/execute/async - {"script":"<script> [1562 bytes]","args":[{"selector":{"id":"backBtn"},"wdio_ui5_key":"backBtn"}]}
COMMAND: GET /session/e0f9f5aee1597ce8ab84fc4949c39ac3/screenshot - {}
RESULT: {"script":"<script> [1562 bytes]","args":[{"selector":{"id":"backBtn"},"wdio_ui5_key":"backBtn"}]}
RESULT: undefined
COMMAND: POST /session/e0f9f5aee1597ce8ab84fc4949c39ac3/element - {"using":"xpath","value":"//*[@id=\"backBtn\"]"}
RESULT: {}
RESULT: {"using":"xpath","value":"//*[@id=\"backBtn\"]"}
COMMAND: POST /session/e0f9f5aee1597ce8ab84fc4949c39ac3/element/f.16219B07342047CC16B1B6C41B76C932.d.FA3D77F0C3EF8E08D338D2CA3C9B11D1.e.6698/click - {}
RESULT: {}
COMMAND: GET /session/e0f9f5aee1597ce8ab84fc4949c39ac3/screenshot - {}
RESULT: {}
COMMAND: POST /session/e0f9f5aee1597ce8ab84fc4949c39ac3/refresh - {}
RESULT: {}
COMMAND: GET /session/e0f9f5aee1597ce8ab84fc4949c39ac3/screenshot - {}
RESULT: {}
COMMAND: POST /session/e0f9f5aee1597ce8ab84fc4949c39ac3/execute/async - {"script":"<script> [189 bytes]","args":[]}
RESULT: {"script":"<script> [189 bytes]","args":[]}
COMMAND: POST /session/e0f9f5aee1597ce8ab84fc4949c39ac3/execute/async - {"script":"<script> [123 bytes]","args":[]}
RESULT: {"script":"<script> [123 bytes]","args":[]}
COMMAND: POST /session/e0f9f5aee1597ce8ab84fc4949c39ac3/timeouts - {"script":"<number>"}
RESULT: {"script":"<number>"}
COMMAND: GET /session/e0f9f5aee1597ce8ab84fc4949c39ac3/timeouts - {}
RESULT: {}
RESULT: undefined
COMMAND: POST /session/e0f9f5aee1597ce8ab84fc4949c39ac3/execute/async - {"script":"<script> [2676 bytes]","args":[]}
RESULT: {"script":"<script> [2676 bytes]","args":[]}
COMMAND: POST /session/e0f9f5aee1597ce8ab84fc4949c39ac3/execute/async - {"script":"<script> [2342 bytes]","args":[{"protocol":"http","hostname":"0.0.0.0","path":"/","capabilities":{"browserName":"chrome","goog:chromeOptions":{"binary":"C:\\Program Files\\Google\\Chrome\\Application\\chrome.exe","args":["--start-maximized"]}},"logLevel":"warn","connectionRetryTimeout":120000,"connectionRetryCount":3,"logLevels":{},"enableDirectConnect":true,"strictSSL":true,"_":"65 more keys: [\"cacheDir\",\"port\",\"requestedCapabilities\",\"automationProtocol\",\"baseUrl\",\"waitforInterval\",\"waitforTimeout\",\"onReload\",\"beforeCommand\",\"afterCommand\",\"rootDir\",\"specs\",\"suites\",\"exclude\",\"groupLogsByTestSpec\",\"excludeDriverLogs\",\"bail\",\"framework\",\"reporters\",\"services\",\"maxInstances\",\"maxInstancesPerCapability\",\"injectGlobals\",\"filesToWatch\",\"execArgv\",\"runnerEnv\",\"runner\",\"shard\",\"specFileRetries\",\"specFileRetriesDelay\",\"specFileRetriesDeferred\",\"reporterSyncInterval\",\"reporterSyncTimeout\",\"cucumberFeaturesWithLineNumbers\",\"autoCompileOpts\",\"mochaOpts\",\"jasmineOpts\",\"cucumberOpts\",\"onPrepare\",\"onWorkerStart\",\"onWorkerEnd\",\"before\",\"beforeSession\",\"beforeSuite\",\"beforeHook\",\"beforeTest\",\"afterTest\",\"afterHook\",\"afterSuite\",\"afterSession\",\"after\",\"onComplete\",\"beforeAssertion\",\"afterAssertion\",\"beforeFeature\",\"beforeScenario\",\"beforeStep\",\"afterStep\",\"afterScenario\",\"afterFeature\",\"_\",\"suite\",\"$0\",\"ignoredWorkerServices\",\"wdi5\"]"}]}
RESULT: {"script":"<script> [2342 bytes]","args":[{"protocol":"http","hostname":"0.0.0.0","path":"/","capabilities":{"browserName":"chrome","goog:chromeOptions":{"binary":"C:\\Program Files\\Google\\Chrome\\Application\\chrome.exe","args":["--start-maximized"]}},"logLevel":"warn","connectionRetryTimeout":120000,"connectionRetryCount":3,"logLevels":{},"enableDirectConnect":true,"strictSSL":true,"_":"65 more keys: [\"cacheDir\",\"port\",\"requestedCapabilities\",\"automationProtocol\",\"baseUrl\",\"waitforInterval\",\"waitforTimeout\",\"onReload\",\"beforeCommand\",\"afterCommand\",\"rootDir\",\"specs\",\"suites\",\"exclude\",\"groupLogsByTestSpec\",\"excludeDriverLogs\",\"bail\",\"framework\",\"reporters\",\"services\",\"maxInstances\",\"maxInstancesPerCapability\",\"injectGlobals\",\"filesToWatch\",\"execArgv\",\"runnerEnv\",\"runner\",\"shard\",\"specFileRetries\",\"specFileRetriesDelay\",\"specFileRetriesDeferred\",\"reporterSyncInterval\",\"reporterSyncTimeout\",\"cucumberFeaturesWithLineNumbers\",\"autoCompileOpts\",\"mochaOpts\",\"jasmineOpts\",\"cucumberOpts\",\"onPrepare\",\"onWorkerStart\",\"onWorkerEnd\",\"before\",\"beforeSession\",\"beforeSuite\",\"beforeHook\",\"beforeTest\",\"afterTest\",\"afterHook\",\"afterSuite\",\"afterSession\",\"after\",\"onComplete\",\"beforeAssertion\",\"afterAssertion\",\"beforeFeature\",\"beforeScenario\",\"beforeStep\",\"afterStep\",\"afterScenario\",\"afterFeature\",\"_\",\"suite\",\"$0\",\"ignoredWorkerServices\",\"wdi5\"]"}]}
COMMAND: POST /session/e0f9f5aee1597ce8ab84fc4949c39ac3/execute/async - {"script":"<script> [21126 bytes]","args":[35000]}
RESULT: {"script":"<script> [21126 bytes]","args":[35000]}
COMMAND: POST /session/e0f9f5aee1597ce8ab84fc4949c39ac3/execute/async - {"script":"<script> [1562 bytes]","args":[{"selector":{"controlType":"sap.m.ObjectStatus","viewName":"etm.portal.ui.managerequests.view.Detail","bindingPath":{"path":"/RequestHeaders('20402')","propertyPath":"LINK_TO_STATUS/DESCRIPTION","modelName":"catalogModel"}},"wdio_ui5_key":"etmportal.ui.managerequests.view.Detailsap.m.ObjectStatus{\"path\":\"/RequestHeaders('20402')\",\"propertyPath\":\"LINK_TO_STATUS/DESCRIPTION\",\"modelName\":\"catalogModel\"}"}]}
RESULT: {"script":"<script> [1562 bytes]","args":[{"selector":{"controlType":"sap.m.ObjectStatus","viewName":"etm.portal.ui.managerequests.view.Detail","bindingPath":{"path":"/RequestHeaders('20402')","propertyPath":"LINK_TO_STATUS/DESCRIPTION","modelName":"catalogModel"}},"wdio_ui5_key":"etmportal.ui.managerequests.view.Detailsap.m.ObjectStatus{\"path\":\"/RequestHeaders('20402')\",\"propertyPath\":\"LINK_TO_STATUS/DESCRIPTION\",\"modelName\":\"catalogModel\"}"}]}
RESULT: undefined
COMMAND: POST /session/e0f9f5aee1597ce8ab84fc4949c39ac3/execute/async - {"script":"<script> [6424 bytes]","args":[{"element-6066-11e4-a52e-4f735466cecf":"f.16219B07342047CC16B1B6C41B76C932.d.2BA181472FB7C780F01E27AA8C2C79CB.e.7153"},"getText",[]]}
RESULT: {"script":"<script> [6424 bytes]","args":[{"element-6066-11e4-a52e-4f735466cecf":"f.16219B07342047CC16B1B6C41B76C932.d.2BA181472FB7C780F01E27AA8C2C79CB.e.7153"},"getText",[]]}
COMMAND: POST /session/e0f9f5aee1597ce8ab84fc4949c39ac3/execute/async - {"script":"<script> [1562 bytes]","args":[{"selector":{"controlType":"sap.m.Button","viewName":"etm.portal.ui.managerequests.view.Detail","bindingPath":{"path":"/SmartRequestItemsPlanningBoard(ITEM=10m,REQUEST='20402')","propertyPath":"PICK_UP"}},"wdio_ui5_key":"etmportal.ui.managerequests.view.Detailsap.m.Button{\"path\":\"/SmartRequestItemsPlanningBoard(ITEM=10m,REQUEST='20402')\",\"propertyPath\":\"PICK_UP\"}"}]}
RESULT: {"script":"<script> [1562 bytes]","args":[{"selector":{"controlType":"sap.m.Button","viewName":"etm.portal.ui.managerequests.view.Detail","bindingPath":{"path":"/SmartRequestItemsPlanningBoard(ITEM=10m,REQUEST='20402')","propertyPath":"PICK_UP"}},"wdio_ui5_key":"etmportal.ui.managerequests.view.Detailsap.m.Button{\"path\":\"/SmartRequestItemsPlanningBoard(ITEM=10m,REQUEST='20402')\",\"propertyPath\":\"PICK_UP\"}"}]}
RESULT: undefined
COMMAND: POST /session/e0f9f5aee1597ce8ab84fc4949c39ac3/execute/async - {"script":"<script> [6424 bytes]","args":[{"element-6066-11e4-a52e-4f735466cecf":"f.16219B07342047CC16B1B6C41B76C932.d.2BA181472FB7C780F01E27AA8C2C79CB.e.7138"},"getType",[]]}
RESULT: {"script":"<script> [6424 bytes]","args":[{"element-6066-11e4-a52e-4f735466cecf":"f.16219B07342047CC16B1B6C41B76C932.d.2BA181472FB7C780F01E27AA8C2C79CB.e.7138"},"getType",[]]}
COMMAND: POST /session/e0f9f5aee1597ce8ab84fc4949c39ac3/execute/async - {"script":"<script> [1562 bytes]","args":[{"selector":{"controlType":"sap.m.Button","viewName":"etm.portal.ui.managerequests.view.Detail","bindingPath":{"path":"/SmartRequestItemsPlanningBoard(ITEM=20m,REQUEST='20402')","propertyPath":"PICK_UP"}},"wdio_ui5_key":"etmportal.ui.managerequests.view.Detailsap.m.Button{\"path\":\"/SmartRequestItemsPlanningBoard(ITEM=20m,REQUEST='20402')\",\"propertyPath\":\"PICK_UP\"}"}]}
RESULT: {"script":"<script> [1562 bytes]","args":[{"selector":{"controlType":"sap.m.Button","viewName":"etm.portal.ui.managerequests.view.Detail","bindingPath":{"path":"/SmartRequestItemsPlanningBoard(ITEM=20m,REQUEST='20402')","propertyPath":"PICK_UP"}},"wdio_ui5_key":"etmportal.ui.managerequests.view.Detailsap.m.Button{\"path\":\"/SmartRequestItemsPlanningBoard(ITEM=20m,REQUEST='20402')\",\"propertyPath\":\"PICK_UP\"}"}]}
RESULT: undefined
COMMAND: POST /session/e0f9f5aee1597ce8ab84fc4949c39ac3/execute/async - {"script":"<script> [6424 bytes]","args":[{"element-6066-11e4-a52e-4f735466cecf":"f.16219B07342047CC16B1B6C41B76C932.d.2BA181472FB7C780F01E27AA8C2C79CB.e.7154"},"getType",[]]}
RESULT: {"script":"<script> [6424 bytes]","args":[{"element-6066-11e4-a52e-4f735466cecf":"f.16219B07342047CC16B1B6C41B76C932.d.2BA181472FB7C780F01E27AA8C2C79CB.e.7154"},"getType",[]]}
COMMAND: POST /session/e0f9f5aee1597ce8ab84fc4949c39ac3/element - {"using":"css selector","value":"#shell-header-logo"}
RESULT: {"using":"css selector","value":"#shell-header-logo"}
COMMAND: POST /session/e0f9f5aee1597ce8ab84fc4949c39ac3/element/f.16219B07342047CC16B1B6C41B76C932.d.2BA181472FB7C780F01E27AA8C2C79CB.e.6944/click - {}
RESULT: {}
COMMAND: GET /session/e0f9f5aee1597ce8ab84fc4949c39ac3/screenshot - {}
RESULT: {}
COMMAND: POST /session/e0f9f5aee1597ce8ab84fc4949c39ac3/execute/async - {"script":"<script> [1562 bytes]","args":[{"selector":{"controlType":"sap.m.GenericTile","properties":{"header":"Manage Classifications"}},"wdio_ui5_key":"sapm.GenericTile{\"header\":\"Manage Classifications\"}"}]}
RESULT: {"script":"<script> [1562 bytes]","args":[{"selector":{"controlType":"sap.m.GenericTile","properties":{"header":"Manage Classifications"}},"wdio_ui5_key":"sapm.GenericTile{\"header\":\"Manage Classifications\"}"}]}
RESULT: undefined
COMMAND: POST /session/e0f9f5aee1597ce8ab84fc4949c39ac3/element - {"using":"xpath","value":"//*[@id=\"__tile115\"]"}
RESULT: {"using":"xpath","value":"//*[@id=\"__tile115\"]"}
COMMAND: POST /session/e0f9f5aee1597ce8ab84fc4949c39ac3/element/f.16219B07342047CC16B1B6C41B76C932.d.2BA181472FB7C780F01E27AA8C2C79CB.e.7169/click - {}
RESULT: {}
COMMAND: GET /session/e0f9f5aee1597ce8ab84fc4949c39ac3/screenshot - {}
RESULT: {}
]]></system-out>
    </testcase>
  </testsuite>
  <testsuite timestamp="2025-05-08T06:00:46" time="400.96" tests="4" failures="0" errors="0" skipped="0">
    <properties>
      <property name="specId" value="0" />
      <property name="suiteName" value="Manage requests - requests specifications US141095" />
      <property name="capabilities" value="chrome.136_0_7103_49.windows" />
      <property name="file" value="file:///D:/a/1/s/test/specs/R2C/manage-requests-request-specifications.spec.js" />
    </properties>
    <testcase classname="chrome.136_0_7103_49.windows.Manage_requests_-_requests_specifications_US141095" name="Should create a new classification of type request item" time="50.44">
      <system-out><![CDATA[
COMMAND: POST /session/e0f9f5aee1597ce8ab84fc4949c39ac3/execute/async - {"script":"<script> [1562 bytes]","args":[{"selector":{"controlType":"sap.ui.core.Icon","viewName":"etm.portal.ui.manageclassifications.view.Master","viewId":"application-manageclassifications-display-component---classificationMaster","properties":{"src":{"regex":{"source":"add"}}}},"wdio_ui5_key":"etmportal.ui.manageclassifications.view.Mastersap.ui.core.Icon{\"src\":{\"regex\":{\"source\":\"add\"}}}"}]}
RESULT: {"script":"<script> [1562 bytes]","args":[{"selector":{"controlType":"sap.ui.core.Icon","viewName":"etm.portal.ui.manageclassifications.view.Master","viewId":"application-manageclassifications-display-component---classificationMaster","properties":{"src":{"regex":{"source":"add"}}}},"wdio_ui5_key":"etmportal.ui.manageclassifications.view.Mastersap.ui.core.Icon{\"src\":{\"regex\":{\"source\":\"add\"}}}"}]}
RESULT: undefined
COMMAND: POST /session/e0f9f5aee1597ce8ab84fc4949c39ac3/element - {"using":"xpath","value":"//*[@id=\"__button27-img\"]"}
RESULT: {"using":"xpath","value":"//*[@id=\"__button27-img\"]"}
COMMAND: POST /session/e0f9f5aee1597ce8ab84fc4949c39ac3/element/f.16219B07342047CC16B1B6C41B76C932.d.2BA181472FB7C780F01E27AA8C2C79CB.e.7208/click - {}
RESULT: {}
COMMAND: POST /session/e0f9f5aee1597ce8ab84fc4949c39ac3/execute/async - {"script":"<script> [1562 bytes]","args":[{"selector":{"id":"application-manageclassifications-display-component---classificationCreate--classHeaderName","interaction":{"idSuffix":"inner"}},"wdio_ui5_key":"applicationmanageclassifications-display-component---classificationCreate--classHeaderName"}]}
COMMAND: GET /session/e0f9f5aee1597ce8ab84fc4949c39ac3/screenshot - {}
RESULT: {"script":"<script> [1562 bytes]","args":[{"selector":{"id":"application-manageclassifications-display-component---classificationCreate--classHeaderName","interaction":{"idSuffix":"inner"}},"wdio_ui5_key":"applicationmanageclassifications-display-component---classificationCreate--classHeaderName"}]}
RESULT: undefined
COMMAND: POST /session/e0f9f5aee1597ce8ab84fc4949c39ac3/execute/async - {"script":"<script> [776 bytes]","args":[{"enterText":"WebdriverItemClassx6s6p","selector":{"id":"application-manageclassifications-display-component---classificationCreate--classHeaderName","interaction":{"idSuffix":"inner"}},"clearTextFirst":true,"interactionType":"ENTER_TEXT"}]}
RESULT: {}
RESULT: {"script":"<script> [776 bytes]","args":[{"enterText":"WebdriverItemClassx6s6p","selector":{"id":"application-manageclassifications-display-component---classificationCreate--classHeaderName","interaction":{"idSuffix":"inner"}},"clearTextFirst":true,"interactionType":"ENTER_TEXT"}]}
COMMAND: POST /session/e0f9f5aee1597ce8ab84fc4949c39ac3/execute/async - {"script":"<script> [1562 bytes]","args":[{"selector":{"controlType":"sap.ui.core.Icon","viewName":"etm.portal.ui.manageclassifications.view.Create","viewId":"application-manageclassifications-display-component---classificationCreate","properties":{"src":{"regex":{"source":"slim\\-arrow\\-down"}}}},"wdio_ui5_key":"etmportal.ui.manageclassifications.view.Createsap.ui.core.Icon{\"src\":{\"regex\":{\"source\":\"slim\\\\-arrow\\\\-down\"}}}"}]}
RESULT: {"script":"<script> [1562 bytes]","args":[{"selector":{"controlType":"sap.ui.core.Icon","viewName":"etm.portal.ui.manageclassifications.view.Create","viewId":"application-manageclassifications-display-component---classificationCreate","properties":{"src":{"regex":{"source":"slim\\-arrow\\-down"}}}},"wdio_ui5_key":"etmportal.ui.manageclassifications.view.Createsap.ui.core.Icon{\"src\":{\"regex\":{\"source\":\"slim\\\\-arrow\\\\-down\"}}}"}]}
RESULT: undefined
COMMAND: POST /session/e0f9f5aee1597ce8ab84fc4949c39ac3/element - {"using":"xpath","value":"//*[@id=\"__box12-arrow\"]"}
RESULT: {"using":"xpath","value":"//*[@id=\"__box12-arrow\"]"}
COMMAND: POST /session/e0f9f5aee1597ce8ab84fc4949c39ac3/element/f.16219B07342047CC16B1B6C41B76C932.d.2BA181472FB7C780F01E27AA8C2C79CB.e.7578/click - {}
RESULT: {}
COMMAND: POST /session/e0f9f5aee1597ce8ab84fc4949c39ac3/execute/async - {"script":"<script> [1562 bytes]","args":[{"selector":{"controlType":"sap.m.StandardListItem","viewName":"etm.portal.ui.manageclassifications.view.Create","viewId":"application-manageclassifications-display-component---classificationCreate","properties":{"title":"Request Item Specifications"},"searchOpenDialogs":true,"interaction":{"idSuffix":"titleText"}},"wdio_ui5_key":"etmportal.ui.manageclassifications.view.Createsap.m.StandardListItem{\"title\":\"Request Item Specifications\"}"}]}
COMMAND: GET /session/e0f9f5aee1597ce8ab84fc4949c39ac3/screenshot - {}
RESULT: {"script":"<script> [1562 bytes]","args":[{"selector":{"controlType":"sap.m.StandardListItem","viewName":"etm.portal.ui.manageclassifications.view.Create","viewId":"application-manageclassifications-display-component---classificationCreate","properties":{"title":"Request Item Specifications"},"searchOpenDialogs":true,"interaction":{"idSuffix":"titleText"}},"wdio_ui5_key":"etmportal.ui.manageclassifications.view.Createsap.m.StandardListItem{\"title\":\"Request Item Specifications\"}"}]}
RESULT: undefined
COMMAND: POST /session/e0f9f5aee1597ce8ab84fc4949c39ac3/element - {"using":"xpath","value":"//*[@id=\"__item88\"]"}
RESULT: {}
RESULT: {"using":"xpath","value":"//*[@id=\"__item88\"]"}
COMMAND: POST /session/e0f9f5aee1597ce8ab84fc4949c39ac3/element/f.16219B07342047CC16B1B6C41B76C932.d.2BA181472FB7C780F01E27AA8C2C79CB.e.7620/click - {}
RESULT: {}
COMMAND: POST /session/e0f9f5aee1597ce8ab84fc4949c39ac3/execute/async - {"script":"<script> [1562 bytes]","args":[{"selector":{"controlType":"sap.ui.core.Icon","viewName":"etm.portal.ui.manageclassifications.view.Create","viewId":"application-manageclassifications-display-component---classificationCreate","properties":{"src":{"regex":{"source":"add"}}}},"wdio_ui5_key":"etmportal.ui.manageclassifications.view.Createsap.ui.core.Icon{\"src\":{\"regex\":{\"source\":\"add\"}}}"}]}
COMMAND: GET /session/e0f9f5aee1597ce8ab84fc4949c39ac3/screenshot - {}
RESULT: {"script":"<script> [1562 bytes]","args":[{"selector":{"controlType":"sap.ui.core.Icon","viewName":"etm.portal.ui.manageclassifications.view.Create","viewId":"application-manageclassifications-display-component---classificationCreate","properties":{"src":{"regex":{"source":"add"}}}},"wdio_ui5_key":"etmportal.ui.manageclassifications.view.Createsap.ui.core.Icon{\"src\":{\"regex\":{\"source\":\"add\"}}}"}]}
RESULT: undefined
COMMAND: POST /session/e0f9f5aee1597ce8ab84fc4949c39ac3/element - {"using":"xpath","value":"//*[@id=\"__button32-img\"]"}
RESULT: {}
RESULT: {"using":"xpath","value":"//*[@id=\"__button32-img\"]"}
COMMAND: POST /session/e0f9f5aee1597ce8ab84fc4949c39ac3/element/f.16219B07342047CC16B1B6C41B76C932.d.2BA181472FB7C780F01E27AA8C2C79CB.e.7581/click - {}
RESULT: {}
COMMAND: POST /session/e0f9f5aee1597ce8ab84fc4949c39ac3/execute/async - {"script":"<script> [1562 bytes]","args":[{"selector":{"controlType":"sap.m.Input","viewName":"etm.portal.ui.manageclassifications.view.Create","viewId":"application-manageclassifications-display-component---classificationCreate","bindingPath":{"path":"/0","propertyPath":"PROPERTY","modelName":"newConfigModel"},"interaction":{"idSuffix":"inner"}},"wdio_ui5_key":"etmportal.ui.manageclassifications.view.Createsap.m.Input{\"path\":\"/0\",\"propertyPath\":\"PROPERTY\",\"modelName\":\"newConfigModel\"}"}]}
COMMAND: GET /session/e0f9f5aee1597ce8ab84fc4949c39ac3/screenshot - {}
RESULT: {"script":"<script> [1562 bytes]","args":[{"selector":{"controlType":"sap.m.Input","viewName":"etm.portal.ui.manageclassifications.view.Create","viewId":"application-manageclassifications-display-component---classificationCreate","bindingPath":{"path":"/0","propertyPath":"PROPERTY","modelName":"newConfigModel"},"interaction":{"idSuffix":"inner"}},"wdio_ui5_key":"etmportal.ui.manageclassifications.view.Createsap.m.Input{\"path\":\"/0\",\"propertyPath\":\"PROPERTY\",\"modelName\":\"newConfigModel\"}"}]}
RESULT: undefined
COMMAND: POST /session/e0f9f5aee1597ce8ab84fc4949c39ac3/execute/async - {"script":"<script> [776 bytes]","args":[{"enterText":"Color","selector":{"controlType":"sap.m.Input","viewName":"etm.portal.ui.manageclassifications.view.Create","viewId":"application-manageclassifications-display-component---classificationCreate","bindingPath":{"path":"/0","propertyPath":"PROPERTY","modelName":"newConfigModel"},"interaction":{"idSuffix":"inner"}},"clearTextFirst":true,"interactionType":"ENTER_TEXT"}]}
RESULT: {}
RESULT: {"script":"<script> [776 bytes]","args":[{"enterText":"Color","selector":{"controlType":"sap.m.Input","viewName":"etm.portal.ui.manageclassifications.view.Create","viewId":"application-manageclassifications-display-component---classificationCreate","bindingPath":{"path":"/0","propertyPath":"PROPERTY","modelName":"newConfigModel"},"interaction":{"idSuffix":"inner"}},"clearTextFirst":true,"interactionType":"ENTER_TEXT"}]}
COMMAND: POST /session/e0f9f5aee1597ce8ab84fc4949c39ac3/execute/async - {"script":"<script> [1562 bytes]","args":[{"selector":{"controlType":"sap.m.Input","viewName":"etm.portal.ui.manageclassifications.view.Create","viewId":"application-manageclassifications-display-component---classificationCreate","bindingPath":{"path":"/0","propertyPath":"DESCRIPTION","modelName":"newConfigModel"},"interaction":{"idSuffix":"inner"}},"wdio_ui5_key":"etmportal.ui.manageclassifications.view.Createsap.m.Input{\"path\":\"/0\",\"propertyPath\":\"DESCRIPTION\",\"modelName\":\"newConfigModel\"}"}]}
RESULT: {"script":"<script> [1562 bytes]","args":[{"selector":{"controlType":"sap.m.Input","viewName":"etm.portal.ui.manageclassifications.view.Create","viewId":"application-manageclassifications-display-component---classificationCreate","bindingPath":{"path":"/0","propertyPath":"DESCRIPTION","modelName":"newConfigModel"},"interaction":{"idSuffix":"inner"}},"wdio_ui5_key":"etmportal.ui.manageclassifications.view.Createsap.m.Input{\"path\":\"/0\",\"propertyPath\":\"DESCRIPTION\",\"modelName\":\"newConfigModel\"}"}]}
RESULT: undefined
COMMAND: POST /session/e0f9f5aee1597ce8ab84fc4949c39ac3/execute/async - {"script":"<script> [776 bytes]","args":[{"enterText":"Color","selector":{"controlType":"sap.m.Input","viewName":"etm.portal.ui.manageclassifications.view.Create","viewId":"application-manageclassifications-display-component---classificationCreate","bindingPath":{"path":"/0","propertyPath":"DESCRIPTION","modelName":"newConfigModel"},"interaction":{"idSuffix":"inner"}},"clearTextFirst":true,"interactionType":"ENTER_TEXT"}]}
RESULT: {"script":"<script> [776 bytes]","args":[{"enterText":"Color","selector":{"controlType":"sap.m.Input","viewName":"etm.portal.ui.manageclassifications.view.Create","viewId":"application-manageclassifications-display-component---classificationCreate","bindingPath":{"path":"/0","propertyPath":"DESCRIPTION","modelName":"newConfigModel"},"interaction":{"idSuffix":"inner"}},"clearTextFirst":true,"interactionType":"ENTER_TEXT"}]}
COMMAND: POST /session/e0f9f5aee1597ce8ab84fc4949c39ac3/execute/async - {"script":"<script> [1562 bytes]","args":[{"selector":{"controlType":"sap.ui.core.Icon","viewName":"etm.portal.ui.manageclassifications.view.Create","viewId":"application-manageclassifications-display-component---classificationCreate","properties":{"src":{"regex":{"source":"slim\\-arrow\\-down"}}},"ancestor":{"controlType":"sap.m.ComboBox","viewName":"etm.portal.ui.manageclassifications.view.Create","viewId":"application-manageclassifications-display-component---classificationCreate","bindingPath":{"path":"/0","propertyPath":"VALUE_TYPE","modelName":"newConfigModel"}}},"wdio_ui5_key":"etmportal.ui.manageclassifications.view.Createsap.ui.core.Icon{\"src\":{\"regex\":{\"source\":\"slim\\\\-arrow\\\\-down\"}}}{\"controlType\":\"sap.m.ComboBox\",\"viewName\":\"etm.portal.ui.manageclassifications.view.Create\",\"viewId\":\"application-manageclassifications-display-component---classificationCreate\",\"bindingPath\":{\"path\":\"/0\",\"propertyPath\":\"VALUE_TYPE\",\"modelName\":\"newConfigModel\"}}"}]}
RESULT: {"script":"<script> [1562 bytes]","args":[{"selector":{"controlType":"sap.ui.core.Icon","viewName":"etm.portal.ui.manageclassifications.view.Create","viewId":"application-manageclassifications-display-component---classificationCreate","properties":{"src":{"regex":{"source":"slim\\-arrow\\-down"}}},"ancestor":{"controlType":"sap.m.ComboBox","viewName":"etm.portal.ui.manageclassifications.view.Create","viewId":"application-manageclassifications-display-component---classificationCreate","bindingPath":{"path":"/0","propertyPath":"VALUE_TYPE","modelName":"newConfigModel"}}},"wdio_ui5_key":"etmportal.ui.manageclassifications.view.Createsap.ui.core.Icon{\"src\":{\"regex\":{\"source\":\"slim\\\\-arrow\\\\-down\"}}}{\"controlType\":\"sap.m.ComboBox\",\"viewName\":\"etm.portal.ui.manageclassifications.view.Create\",\"viewId\":\"application-manageclassifications-display-component---classificationCreate\",\"bindingPath\":{\"path\":\"/0\",\"propertyPath\":\"VALUE_TYPE\",\"modelName\":\"newConfigModel\"}}"}]}
RESULT: undefined
COMMAND: POST /session/e0f9f5aee1597ce8ab84fc4949c39ac3/element - {"using":"xpath","value":"//*[@id=\"__box13-application-manageclassifications-display-component---classificationCreate--configurationList-0-arrow\"]"}
RESULT: {"using":"xpath","value":"//*[@id=\"__box13-application-manageclassifications-display-component---classificationCreate--configurationList-0-arrow\"]"}
COMMAND: POST /session/e0f9f5aee1597ce8ab84fc4949c39ac3/element/f.16219B07342047CC16B1B6C41B76C932.d.2BA181472FB7C780F01E27AA8C2C79CB.e.7629/click - {}
RESULT: {}
COMMAND: POST /session/e0f9f5aee1597ce8ab84fc4949c39ac3/execute/async - {"script":"<script> [1562 bytes]","args":[{"selector":{"controlType":"sap.m.StandardListItem","viewName":"etm.portal.ui.manageclassifications.view.Create","viewId":"application-manageclassifications-display-component---classificationCreate","properties":{"title":"Dropdown"},"searchOpenDialogs":true,"interaction":{"idSuffix":"titleText"}},"wdio_ui5_key":"etmportal.ui.manageclassifications.view.Createsap.m.StandardListItem{\"title\":\"Dropdown\"}"}]}
COMMAND: GET /session/e0f9f5aee1597ce8ab84fc4949c39ac3/screenshot - {}
RESULT: {"script":"<script> [1562 bytes]","args":[{"selector":{"controlType":"sap.m.StandardListItem","viewName":"etm.portal.ui.manageclassifications.view.Create","viewId":"application-manageclassifications-display-component---classificationCreate","properties":{"title":"Dropdown"},"searchOpenDialogs":true,"interaction":{"idSuffix":"titleText"}},"wdio_ui5_key":"etmportal.ui.manageclassifications.view.Createsap.m.StandardListItem{\"title\":\"Dropdown\"}"}]}
RESULT: undefined
COMMAND: POST /session/e0f9f5aee1597ce8ab84fc4949c39ac3/element - {"using":"xpath","value":"//*[@id=\"__item96\"]"}
RESULT: {}
RESULT: {"using":"xpath","value":"//*[@id=\"__item96\"]"}
COMMAND: POST /session/e0f9f5aee1597ce8ab84fc4949c39ac3/element/f.16219B07342047CC16B1B6C41B76C932.d.2BA181472FB7C780F01E27AA8C2C79CB.e.7631/click - {}
RESULT: {}
COMMAND: POST /session/e0f9f5aee1597ce8ab84fc4949c39ac3/execute/async - {"script":"<script> [1562 bytes]","args":[{"selector":{"controlType":"sap.ui.core.Icon","viewName":"etm.portal.ui.manageclassifications.view.Create","viewId":"application-manageclassifications-display-component---classificationCreate","properties":{"src":{"regex":{"source":"crm\\-service\\-manager"}}}},"wdio_ui5_key":"etmportal.ui.manageclassifications.view.Createsap.ui.core.Icon{\"src\":{\"regex\":{\"source\":\"crm\\\\-service\\\\-manager\"}}}"}]}
COMMAND: GET /session/e0f9f5aee1597ce8ab84fc4949c39ac3/screenshot - {}
RESULT: {"script":"<script> [1562 bytes]","args":[{"selector":{"controlType":"sap.ui.core.Icon","viewName":"etm.portal.ui.manageclassifications.view.Create","viewId":"application-manageclassifications-display-component---classificationCreate","properties":{"src":{"regex":{"source":"crm\\-service\\-manager"}}}},"wdio_ui5_key":"etmportal.ui.manageclassifications.view.Createsap.ui.core.Icon{\"src\":{\"regex\":{\"source\":\"crm\\\\-service\\\\-manager\"}}}"}]}
RESULT: undefined
COMMAND: POST /session/e0f9f5aee1597ce8ab84fc4949c39ac3/element - {"using":"xpath","value":"//*[@id=\"__button34-application-manageclassifications-display-component---classificationCreate--configurationList-0-img\"]"}
RESULT: {}
RESULT: {"using":"xpath","value":"//*[@id=\"__button34-application-manageclassifications-display-component---classificationCreate--configurationList-0-img\"]"}
COMMAND: POST /session/e0f9f5aee1597ce8ab84fc4949c39ac3/element/f.16219B07342047CC16B1B6C41B76C932.d.2BA181472FB7C780F01E27AA8C2C79CB.e.7633/click - {}
RESULT: {}
COMMAND: POST /session/e0f9f5aee1597ce8ab84fc4949c39ac3/element - {"using":"xpath","value":"//button[@title=\"Add additional value\"]"}
COMMAND: GET /session/e0f9f5aee1597ce8ab84fc4949c39ac3/screenshot - {}
RESULT: {"using":"xpath","value":"//button[@title=\"Add additional value\"]"}
COMMAND: POST /session/e0f9f5aee1597ce8ab84fc4949c39ac3/element/f.16219B07342047CC16B1B6C41B76C932.d.2BA181472FB7C780F01E27AA8C2C79CB.e.7634/click - {}
RESULT: {}
RESULT: {}
COMMAND: POST /session/e0f9f5aee1597ce8ab84fc4949c39ac3/execute/async - {"script":"<script> [1562 bytes]","args":[{"selector":{"controlType":"sap.m.Input","viewName":"etm.portal.ui.manageclassifications.view.Create","viewId":"application-manageclassifications-display-component---classificationCreate","bindingPath":{"path":"/VALUES/0","propertyPath":"VALUE","modelName":"dropdownValuesModel"},"searchOpenDialogs":true,"interaction":{"idSuffix":"inner"}},"wdio_ui5_key":"etmportal.ui.manageclassifications.view.Createsap.m.Input{\"path\":\"/VALUES/0\",\"propertyPath\":\"VALUE\",\"modelName\":\"dropdownValuesModel\"}"}]}
COMMAND: GET /session/e0f9f5aee1597ce8ab84fc4949c39ac3/screenshot - {}
RESULT: {"script":"<script> [1562 bytes]","args":[{"selector":{"controlType":"sap.m.Input","viewName":"etm.portal.ui.manageclassifications.view.Create","viewId":"application-manageclassifications-display-component---classificationCreate","bindingPath":{"path":"/VALUES/0","propertyPath":"VALUE","modelName":"dropdownValuesModel"},"searchOpenDialogs":true,"interaction":{"idSuffix":"inner"}},"wdio_ui5_key":"etmportal.ui.manageclassifications.view.Createsap.m.Input{\"path\":\"/VALUES/0\",\"propertyPath\":\"VALUE\",\"modelName\":\"dropdownValuesModel\"}"}]}
RESULT: undefined
COMMAND: POST /session/e0f9f5aee1597ce8ab84fc4949c39ac3/execute/async - {"script":"<script> [776 bytes]","args":[{"enterText":"1","selector":{"controlType":"sap.m.Input","viewName":"etm.portal.ui.manageclassifications.view.Create","viewId":"application-manageclassifications-display-component---classificationCreate","bindingPath":{"path":"/VALUES/0","propertyPath":"VALUE","modelName":"dropdownValuesModel"},"searchOpenDialogs":true,"interaction":{"idSuffix":"inner"}},"clearTextFirst":true,"interactionType":"ENTER_TEXT"}]}
RESULT: {}
RESULT: {"script":"<script> [776 bytes]","args":[{"enterText":"1","selector":{"controlType":"sap.m.Input","viewName":"etm.portal.ui.manageclassifications.view.Create","viewId":"application-manageclassifications-display-component---classificationCreate","bindingPath":{"path":"/VALUES/0","propertyPath":"VALUE","modelName":"dropdownValuesModel"},"searchOpenDialogs":true,"interaction":{"idSuffix":"inner"}},"clearTextFirst":true,"interactionType":"ENTER_TEXT"}]}
COMMAND: POST /session/e0f9f5aee1597ce8ab84fc4949c39ac3/execute/async - {"script":"<script> [1562 bytes]","args":[{"selector":{"controlType":"sap.m.Input","viewName":"etm.portal.ui.manageclassifications.view.Create","viewId":"application-manageclassifications-display-component---classificationCreate","bindingPath":{"path":"/VALUES/0","propertyPath":"TEXT","modelName":"dropdownValuesModel"},"searchOpenDialogs":true,"interaction":{"idSuffix":"inner"}},"wdio_ui5_key":"etmportal.ui.manageclassifications.view.Createsap.m.Input{\"path\":\"/VALUES/0\",\"propertyPath\":\"TEXT\",\"modelName\":\"dropdownValuesModel\"}"}]}
RESULT: {"script":"<script> [1562 bytes]","args":[{"selector":{"controlType":"sap.m.Input","viewName":"etm.portal.ui.manageclassifications.view.Create","viewId":"application-manageclassifications-display-component---classificationCreate","bindingPath":{"path":"/VALUES/0","propertyPath":"TEXT","modelName":"dropdownValuesModel"},"searchOpenDialogs":true,"interaction":{"idSuffix":"inner"}},"wdio_ui5_key":"etmportal.ui.manageclassifications.view.Createsap.m.Input{\"path\":\"/VALUES/0\",\"propertyPath\":\"TEXT\",\"modelName\":\"dropdownValuesModel\"}"}]}
RESULT: undefined
COMMAND: POST /session/e0f9f5aee1597ce8ab84fc4949c39ac3/execute/async - {"script":"<script> [776 bytes]","args":[{"enterText":"blue","selector":{"controlType":"sap.m.Input","viewName":"etm.portal.ui.manageclassifications.view.Create","viewId":"application-manageclassifications-display-component---classificationCreate","bindingPath":{"path":"/VALUES/0","propertyPath":"TEXT","modelName":"dropdownValuesModel"},"searchOpenDialogs":true,"interaction":{"idSuffix":"inner"}},"clearTextFirst":true,"interactionType":"ENTER_TEXT"}]}
RESULT: {"script":"<script> [776 bytes]","args":[{"enterText":"blue","selector":{"controlType":"sap.m.Input","viewName":"etm.portal.ui.manageclassifications.view.Create","viewId":"application-manageclassifications-display-component---classificationCreate","bindingPath":{"path":"/VALUES/0","propertyPath":"TEXT","modelName":"dropdownValuesModel"},"searchOpenDialogs":true,"interaction":{"idSuffix":"inner"}},"clearTextFirst":true,"interactionType":"ENTER_TEXT"}]}
COMMAND: POST /session/e0f9f5aee1597ce8ab84fc4949c39ac3/element - {"using":"xpath","value":"//button[@title=\"Add additional value\"]"}
RESULT: {"using":"xpath","value":"//button[@title=\"Add additional value\"]"}
COMMAND: POST /session/e0f9f5aee1597ce8ab84fc4949c39ac3/element/f.16219B07342047CC16B1B6C41B76C932.d.2BA181472FB7C780F01E27AA8C2C79CB.e.7634/click - {}
RESULT: {}
COMMAND: POST /session/e0f9f5aee1597ce8ab84fc4949c39ac3/execute/async - {"script":"<script> [1562 bytes]","args":[{"selector":{"controlType":"sap.m.Input","viewName":"etm.portal.ui.manageclassifications.view.Create","viewId":"application-manageclassifications-display-component---classificationCreate","bindingPath":{"path":"/VALUES/1","propertyPath":"VALUE","modelName":"dropdownValuesModel"},"searchOpenDialogs":true,"interaction":{"idSuffix":"inner"}},"wdio_ui5_key":"etmportal.ui.manageclassifications.view.Createsap.m.Input{\"path\":\"/VALUES/1\",\"propertyPath\":\"VALUE\",\"modelName\":\"dropdownValuesModel\"}"}]}
COMMAND: GET /session/e0f9f5aee1597ce8ab84fc4949c39ac3/screenshot - {}
RESULT: {"script":"<script> [1562 bytes]","args":[{"selector":{"controlType":"sap.m.Input","viewName":"etm.portal.ui.manageclassifications.view.Create","viewId":"application-manageclassifications-display-component---classificationCreate","bindingPath":{"path":"/VALUES/1","propertyPath":"VALUE","modelName":"dropdownValuesModel"},"searchOpenDialogs":true,"interaction":{"idSuffix":"inner"}},"wdio_ui5_key":"etmportal.ui.manageclassifications.view.Createsap.m.Input{\"path\":\"/VALUES/1\",\"propertyPath\":\"VALUE\",\"modelName\":\"dropdownValuesModel\"}"}]}
RESULT: undefined
COMMAND: POST /session/e0f9f5aee1597ce8ab84fc4949c39ac3/execute/async - {"script":"<script> [776 bytes]","args":[{"enterText":"2","selector":{"controlType":"sap.m.Input","viewName":"etm.portal.ui.manageclassifications.view.Create","viewId":"application-manageclassifications-display-component---classificationCreate","bindingPath":{"path":"/VALUES/1","propertyPath":"VALUE","modelName":"dropdownValuesModel"},"searchOpenDialogs":true,"interaction":{"idSuffix":"inner"}},"clearTextFirst":true,"interactionType":"ENTER_TEXT"}]}
RESULT: {}
RESULT: {"script":"<script> [776 bytes]","args":[{"enterText":"2","selector":{"controlType":"sap.m.Input","viewName":"etm.portal.ui.manageclassifications.view.Create","viewId":"application-manageclassifications-display-component---classificationCreate","bindingPath":{"path":"/VALUES/1","propertyPath":"VALUE","modelName":"dropdownValuesModel"},"searchOpenDialogs":true,"interaction":{"idSuffix":"inner"}},"clearTextFirst":true,"interactionType":"ENTER_TEXT"}]}
COMMAND: POST /session/e0f9f5aee1597ce8ab84fc4949c39ac3/execute/async - {"script":"<script> [1562 bytes]","args":[{"selector":{"controlType":"sap.m.Input","viewName":"etm.portal.ui.manageclassifications.view.Create","viewId":"application-manageclassifications-display-component---classificationCreate","bindingPath":{"path":"/VALUES/1","propertyPath":"TEXT","modelName":"dropdownValuesModel"},"searchOpenDialogs":true,"interaction":{"idSuffix":"inner"}},"wdio_ui5_key":"etmportal.ui.manageclassifications.view.Createsap.m.Input{\"path\":\"/VALUES/1\",\"propertyPath\":\"TEXT\",\"modelName\":\"dropdownValuesModel\"}"}]}
RESULT: {"script":"<script> [1562 bytes]","args":[{"selector":{"controlType":"sap.m.Input","viewName":"etm.portal.ui.manageclassifications.view.Create","viewId":"application-manageclassifications-display-component---classificationCreate","bindingPath":{"path":"/VALUES/1","propertyPath":"TEXT","modelName":"dropdownValuesModel"},"searchOpenDialogs":true,"interaction":{"idSuffix":"inner"}},"wdio_ui5_key":"etmportal.ui.manageclassifications.view.Createsap.m.Input{\"path\":\"/VALUES/1\",\"propertyPath\":\"TEXT\",\"modelName\":\"dropdownValuesModel\"}"}]}
RESULT: undefined
COMMAND: POST /session/e0f9f5aee1597ce8ab84fc4949c39ac3/execute/async - {"script":"<script> [776 bytes]","args":[{"enterText":"red","selector":{"controlType":"sap.m.Input","viewName":"etm.portal.ui.manageclassifications.view.Create","viewId":"application-manageclassifications-display-component---classificationCreate","bindingPath":{"path":"/VALUES/1","propertyPath":"TEXT","modelName":"dropdownValuesModel"},"searchOpenDialogs":true,"interaction":{"idSuffix":"inner"}},"clearTextFirst":true,"interactionType":"ENTER_TEXT"}]}
RESULT: {"script":"<script> [776 bytes]","args":[{"enterText":"red","selector":{"controlType":"sap.m.Input","viewName":"etm.portal.ui.manageclassifications.view.Create","viewId":"application-manageclassifications-display-component---classificationCreate","bindingPath":{"path":"/VALUES/1","propertyPath":"TEXT","modelName":"dropdownValuesModel"},"searchOpenDialogs":true,"interaction":{"idSuffix":"inner"}},"clearTextFirst":true,"interactionType":"ENTER_TEXT"}]}
COMMAND: POST /session/e0f9f5aee1597ce8ab84fc4949c39ac3/execute/async - {"script":"<script> [1562 bytes]","args":[{"selector":{"controlType":"sap.m.Button","viewName":"etm.portal.ui.manageclassifications.view.Create","viewId":"application-manageclassifications-display-component---classificationCreate","i18NText":{"propertyName":"text","key":"save"},"searchOpenDialogs":true,"interaction":{"idSuffix":"BDI-content"}},"wdio_ui5_key":"etmportal.ui.manageclassifications.view.Createsap.m.Button{\"propertyName\":\"text\",\"key\":\"save\"}"}]}
RESULT: {"script":"<script> [1562 bytes]","args":[{"selector":{"controlType":"sap.m.Button","viewName":"etm.portal.ui.manageclassifications.view.Create","viewId":"application-manageclassifications-display-component---classificationCreate","i18NText":{"propertyName":"text","key":"save"},"searchOpenDialogs":true,"interaction":{"idSuffix":"BDI-content"}},"wdio_ui5_key":"etmportal.ui.manageclassifications.view.Createsap.m.Button{\"propertyName\":\"text\",\"key\":\"save\"}"}]}
RESULT: undefined
COMMAND: POST /session/e0f9f5aee1597ce8ab84fc4949c39ac3/element - {"using":"xpath","value":"//*[@id=\"__button44\"]"}
RESULT: {"using":"xpath","value":"//*[@id=\"__button44\"]"}
COMMAND: POST /session/e0f9f5aee1597ce8ab84fc4949c39ac3/element/f.16219B07342047CC16B1B6C41B76C932.d.2BA181472FB7C780F01E27AA8C2C79CB.e.7654/click - {}
RESULT: {}
COMMAND: GET /session/e0f9f5aee1597ce8ab84fc4949c39ac3/screenshot - {}
RESULT: {}
COMMAND: POST /session/e0f9f5aee1597ce8ab84fc4949c39ac3/element - {"using":"xpath","value":"//button[@title=\"Save\"]"}
RESULT: {"using":"xpath","value":"//button[@title=\"Save\"]"}
COMMAND: POST /session/e0f9f5aee1597ce8ab84fc4949c39ac3/element/f.16219B07342047CC16B1B6C41B76C932.d.2BA181472FB7C780F01E27AA8C2C79CB.e.7587/click - {}
RESULT: {}
COMMAND: GET /session/e0f9f5aee1597ce8ab84fc4949c39ac3/screenshot - {}
RESULT: {}
COMMAND: POST /session/e0f9f5aee1597ce8ab84fc4949c39ac3/execute/async - {"script":"<script> [1562 bytes]","args":[{"selector":{"id":"application-manageclassifications-display-component---classificationMaster--smartFilterBar-btnBasicSearch","interaction":{"idSuffix":"I"}},"wdio_ui5_key":"applicationmanageclassifications-display-component---classificationMaster--smartFilterBar-btnBasicSearch"}]}
RESULT: {"script":"<script> [1562 bytes]","args":[{"selector":{"id":"application-manageclassifications-display-component---classificationMaster--smartFilterBar-btnBasicSearch","interaction":{"idSuffix":"I"}},"wdio_ui5_key":"applicationmanageclassifications-display-component---classificationMaster--smartFilterBar-btnBasicSearch"}]}
RESULT: undefined
COMMAND: POST /session/e0f9f5aee1597ce8ab84fc4949c39ac3/execute/async - {"script":"<script> [776 bytes]","args":[{"enterText":"WebdriverItemClassx6s6p","selector":{"id":"application-manageclassifications-display-component---classificationMaster--smartFilterBar-btnBasicSearch","interaction":{"idSuffix":"I"}},"clearTextFirst":true,"interactionType":"ENTER_TEXT"}]}
RESULT: {"script":"<script> [776 bytes]","args":[{"enterText":"WebdriverItemClassx6s6p","selector":{"id":"application-manageclassifications-display-component---classificationMaster--smartFilterBar-btnBasicSearch","interaction":{"idSuffix":"I"}},"clearTextFirst":true,"interactionType":"ENTER_TEXT"}]}
COMMAND: POST /session/e0f9f5aee1597ce8ab84fc4949c39ac3/actions - {"actions":[{"id":"action46","type":"key","parameters":{},"actions":[{"type":"keyDown","value":"î€‡"},{"type":"pause","duration":10},{"type":"keyUp","value":"î€‡"}]}]}
RESULT: {"actions":[{"id":"action46","type":"key","parameters":{},"actions":[{"type":"keyDown","value":"î€‡"},{"type":"pause","duration":10},{"type":"keyUp","value":"î€‡"}]}]}
COMMAND: POST /session/e0f9f5aee1597ce8ab84fc4949c39ac3/execute/async - {"script":"<script> [1562 bytes]","args":[{"selector":{"id":"application-manageclassifications-display-component---classificationMaster--smartTable-header"},"wdio_ui5_key":"applicationmanageclassifications-display-component---classificationMaster--smartTable-header"}]}
COMMAND: GET /session/e0f9f5aee1597ce8ab84fc4949c39ac3/screenshot - {}
RESULT: {"script":"<script> [1562 bytes]","args":[{"selector":{"id":"application-manageclassifications-display-component---classificationMaster--smartTable-header"},"wdio_ui5_key":"applicationmanageclassifications-display-component---classificationMaster--smartTable-header"}]}
RESULT: undefined
COMMAND: POST /session/e0f9f5aee1597ce8ab84fc4949c39ac3/execute/async - {"script":"<script> [6424 bytes]","args":[{"element-6066-11e4-a52e-4f735466cecf":"f.16219B07342047CC16B1B6C41B76C932.d.2BA181472FB7C780F01E27AA8C2C79CB.e.7868"},"getText",[]]}
RESULT: {}
RESULT: {"script":"<script> [6424 bytes]","args":[{"element-6066-11e4-a52e-4f735466cecf":"f.16219B07342047CC16B1B6C41B76C932.d.2BA181472FB7C780F01E27AA8C2C79CB.e.7868"},"getText",[]]}
COMMAND: POST /session/e0f9f5aee1597ce8ab84fc4949c39ac3/element - {"using":"css selector","value":"#shell-header-logo"}
RESULT: {"using":"css selector","value":"#shell-header-logo"}
COMMAND: POST /session/e0f9f5aee1597ce8ab84fc4949c39ac3/element/f.16219B07342047CC16B1B6C41B76C932.d.2BA181472FB7C780F01E27AA8C2C79CB.e.7174/click - {}
RESULT: {}
COMMAND: GET /session/e0f9f5aee1597ce8ab84fc4949c39ac3/screenshot - {}
RESULT: {}
]]></system-out>
    </testcase>
    <testcase classname="chrome.136_0_7103_49.windows.Manage_requests_-_requests_specifications_US141095" name="Should create a new section and a catalog item" time="138.653">
      <system-out><![CDATA[
COMMAND: POST /session/e0f9f5aee1597ce8ab84fc4949c39ac3/execute/async - {"script":"<script> [1562 bytes]","args":[{"selector":{"controlType":"sap.m.GenericTile","properties":{"header":"Manage Catalogs"}},"wdio_ui5_key":"sapm.GenericTile{\"header\":\"Manage Catalogs\"}"}]}
RESULT: {"script":"<script> [1562 bytes]","args":[{"selector":{"controlType":"sap.m.GenericTile","properties":{"header":"Manage Catalogs"}},"wdio_ui5_key":"sapm.GenericTile{\"header\":\"Manage Catalogs\"}"}]}
RESULT: undefined
COMMAND: POST /session/e0f9f5aee1597ce8ab84fc4949c39ac3/element - {"using":"xpath","value":"//*[@id=\"__tile37\"]"}
RESULT: {"using":"xpath","value":"//*[@id=\"__tile37\"]"}
COMMAND: POST /session/e0f9f5aee1597ce8ab84fc4949c39ac3/element/f.16219B07342047CC16B1B6C41B76C932.d.2BA181472FB7C780F01E27AA8C2C79CB.e.7872/click - {}
RESULT: {}
COMMAND: GET /session/e0f9f5aee1597ce8ab84fc4949c39ac3/screenshot - {}
RESULT: {}
COMMAND: POST /session/e0f9f5aee1597ce8ab84fc4949c39ac3/execute/async - {"script":"<script> [1562 bytes]","args":[{"selector":{"controlType":"sap.m.Text","viewName":"etm.portal.ui.managecatalogs.view.MasterCatalogs","viewId":"application-managecatalogs-display-component---masterCatalogs","bindingPath":{"path":"/Catalogs('0D7502D073D53A0F1700BE067B89AFF9')","propertyPath":"DESCRIPTION","modelName":"catalogModel"}},"wdio_ui5_key":"etmportal.ui.managecatalogs.view.MasterCatalogssap.m.Text{\"path\":\"/Catalogs('0D7502D073D53A0F1700BE067B89AFF9')\",\"propertyPath\":\"DESCRIPTION\",\"modelName\":\"catalogModel\"}"}]}
RESULT: {"script":"<script> [1562 bytes]","args":[{"selector":{"controlType":"sap.m.Text","viewName":"etm.portal.ui.managecatalogs.view.MasterCatalogs","viewId":"application-managecatalogs-display-component---masterCatalogs","bindingPath":{"path":"/Catalogs('0D7502D073D53A0F1700BE067B89AFF9')","propertyPath":"DESCRIPTION","modelName":"catalogModel"}},"wdio_ui5_key":"etmportal.ui.managecatalogs.view.MasterCatalogssap.m.Text{\"path\":\"/Catalogs('0D7502D073D53A0F1700BE067B89AFF9')\",\"propertyPath\":\"DESCRIPTION\",\"modelName\":\"catalogModel\"}"}]}
RESULT: undefined
COMMAND: POST /session/e0f9f5aee1597ce8ab84fc4949c39ac3/element - {"using":"xpath","value":"//*[@id=\"__text434-application-managecatalogs-display-component---masterCatalogs--CatalogsTable-11\"]"}
RESULT: {"using":"xpath","value":"//*[@id=\"__text434-application-managecatalogs-display-component---masterCatalogs--CatalogsTable-11\"]"}
COMMAND: POST /session/e0f9f5aee1597ce8ab84fc4949c39ac3/element/f.16219B07342047CC16B1B6C41B76C932.d.2BA181472FB7C780F01E27AA8C2C79CB.e.7942/click - {}
RESULT: {}
COMMAND: POST /session/e0f9f5aee1597ce8ab84fc4949c39ac3/execute/async - {"script":"<script> [1562 bytes]","args":[{"selector":{"controlType":"sap.ui.layout.HorizontalLayout","viewName":"etm.portal.ui.managecatalogs.view.MasterItems","viewId":"application-managecatalogs-display-component---masterCatalogItems","ancestor":{"id":"application-managecatalogs-display-component---masterCatalogItems--idCatalogItemsTree-rows-row0"}},"wdio_ui5_key":"etmportal.ui.managecatalogs.view.MasterItemssap.ui.layout.HorizontalLayout{\"id\":\"application-managecatalogs-display-component---masterCatalogItems--idCatalogItemsTree-rows-row0\"}"}]}
COMMAND: GET /session/e0f9f5aee1597ce8ab84fc4949c39ac3/screenshot - {}
RESULT: {"script":"<script> [1562 bytes]","args":[{"selector":{"controlType":"sap.ui.layout.HorizontalLayout","viewName":"etm.portal.ui.managecatalogs.view.MasterItems","viewId":"application-managecatalogs-display-component---masterCatalogItems","ancestor":{"id":"application-managecatalogs-display-component---masterCatalogItems--idCatalogItemsTree-rows-row0"}},"wdio_ui5_key":"etmportal.ui.managecatalogs.view.MasterItemssap.ui.layout.HorizontalLayout{\"id\":\"application-managecatalogs-display-component---masterCatalogItems--idCatalogItemsTree-rows-row0\"}"}]}
RESULT: undefined
COMMAND: POST /session/e0f9f5aee1597ce8ab84fc4949c39ac3/element - {"using":"xpath","value":"//*[@id=\"__layout40-__clone486\"]"}
RESULT: {}
RESULT: {"using":"xpath","value":"//*[@id=\"__layout40-__clone486\"]"}
COMMAND: POST /session/e0f9f5aee1597ce8ab84fc4949c39ac3/element/f.16219B07342047CC16B1B6C41B76C932.d.2BA181472FB7C780F01E27AA8C2C79CB.e.7976/click - {}
RESULT: {}
COMMAND: GET /session/e0f9f5aee1597ce8ab84fc4949c39ac3/screenshot - {}
COMMAND: POST /session/e0f9f5aee1597ce8ab84fc4949c39ac3/execute/async - {"script":"<script> [1562 bytes]","args":[{"selector":{"controlType":"sap.m.Button","viewName":"etm.portal.ui.managecatalogs.view.Detail","viewId":"application-managecatalogs-display-component---detailCatalog","i18NText":{"propertyName":"text","key":"edit"},"interaction":{"idSuffix":"BDI-content"}},"wdio_ui5_key":"etmportal.ui.managecatalogs.view.Detailsap.m.Button{\"propertyName\":\"text\",\"key\":\"edit\"}"}]}
RESULT: {}
RESULT: {"script":"<script> [1562 bytes]","args":[{"selector":{"controlType":"sap.m.Button","viewName":"etm.portal.ui.managecatalogs.view.Detail","viewId":"application-managecatalogs-display-component---detailCatalog","i18NText":{"propertyName":"text","key":"edit"},"interaction":{"idSuffix":"BDI-content"}},"wdio_ui5_key":"etmportal.ui.managecatalogs.view.Detailsap.m.Button{\"propertyName\":\"text\",\"key\":\"edit\"}"}]}
RESULT: undefined
COMMAND: POST /session/e0f9f5aee1597ce8ab84fc4949c39ac3/element - {"using":"xpath","value":"//*[@id=\"__button88\"]"}
RESULT: {"using":"xpath","value":"//*[@id=\"__button88\"]"}
COMMAND: POST /session/e0f9f5aee1597ce8ab84fc4949c39ac3/element/f.16219B07342047CC16B1B6C41B76C932.d.2BA181472FB7C780F01E27AA8C2C79CB.e.8091/click - {}
RESULT: {}
COMMAND: GET /session/e0f9f5aee1597ce8ab84fc4949c39ac3/screenshot - {}
RESULT: {}
COMMAND: POST /session/e0f9f5aee1597ce8ab84fc4949c39ac3/element - {"using":"xpath","value":"//bdi[contains(text(), \"Unlock\")]"}
RESULT: {"using":"xpath","value":"//bdi[contains(text(), \"Unlock\")]"}
COMMAND: POST /session/e0f9f5aee1597ce8ab84fc4949c39ac3/elements - {"using":"xpath","value":"//bdi[contains(text(), \"Unlock\")]"}
RESULT: {"using":"xpath","value":"//bdi[contains(text(), \"Unlock\")]"}
COMMAND: POST /session/e0f9f5aee1597ce8ab84fc4949c39ac3/execute/async - {"script":"<script> [1562 bytes]","args":[{"selector":{"controlType":"sap.ui.core.Icon","viewName":"etm.portal.ui.managecatalogs.view.Detail","viewId":"application-managecatalogs-display-component---detailCatalog","properties":{"src":{"regex":{"source":"add\\-folder"}}}},"wdio_ui5_key":"etmportal.ui.managecatalogs.view.Detailsap.ui.core.Icon{\"src\":{\"regex\":{\"source\":\"add\\\\-folder\"}}}"}]}
RESULT: {"script":"<script> [1562 bytes]","args":[{"selector":{"controlType":"sap.ui.core.Icon","viewName":"etm.portal.ui.managecatalogs.view.Detail","viewId":"application-managecatalogs-display-component---detailCatalog","properties":{"src":{"regex":{"source":"add\\-folder"}}}},"wdio_ui5_key":"etmportal.ui.managecatalogs.view.Detailsap.ui.core.Icon{\"src\":{\"regex\":{\"source\":\"add\\\\-folder\"}}}"}]}
RESULT: undefined
COMMAND: POST /session/e0f9f5aee1597ce8ab84fc4949c39ac3/element - {"using":"xpath","value":"//*[@id=\"__button96-img\"]"}
RESULT: {"using":"xpath","value":"//*[@id=\"__button96-img\"]"}
COMMAND: POST /session/e0f9f5aee1597ce8ab84fc4949c39ac3/element/f.16219B07342047CC16B1B6C41B76C932.d.2BA181472FB7C780F01E27AA8C2C79CB.e.8101/click - {}
RESULT: {}
COMMAND: GET /session/e0f9f5aee1597ce8ab84fc4949c39ac3/screenshot - {}
RESULT: {}
COMMAND: POST /session/e0f9f5aee1597ce8ab84fc4949c39ac3/execute/async - {"script":"<script> [1562 bytes]","args":[{"selector":{"id":"application-managecatalogs-display-component---detailCatalog--numberInput","searchOpenDialogs":true,"interaction":{"idSuffix":"inner"}},"wdio_ui5_key":"applicationmanagecatalogs-display-component---detailCatalog--numberInput"}]}
RESULT: {"script":"<script> [1562 bytes]","args":[{"selector":{"id":"application-managecatalogs-display-component---detailCatalog--numberInput","searchOpenDialogs":true,"interaction":{"idSuffix":"inner"}},"wdio_ui5_key":"applicationmanagecatalogs-display-component---detailCatalog--numberInput"}]}
RESULT: undefined
COMMAND: POST /session/e0f9f5aee1597ce8ab84fc4949c39ac3/execute/async - {"script":"<script> [776 bytes]","args":[{"enterText":"Sectiontopt5","selector":{"id":"application-managecatalogs-display-component---detailCatalog--numberInput","searchOpenDialogs":true,"interaction":{"idSuffix":"inner"}},"clearTextFirst":true,"interactionType":"ENTER_TEXT"}]}
RESULT: {"script":"<script> [776 bytes]","args":[{"enterText":"Sectiontopt5","selector":{"id":"application-managecatalogs-display-component---detailCatalog--numberInput","searchOpenDialogs":true,"interaction":{"idSuffix":"inner"}},"clearTextFirst":true,"interactionType":"ENTER_TEXT"}]}
COMMAND: POST /session/e0f9f5aee1597ce8ab84fc4949c39ac3/element - {"using":"css selector","value":"#application-managecatalogs-display-component---detailCatalog--nameInput-inner"}
RESULT: {"using":"css selector","value":"#application-managecatalogs-display-component---detailCatalog--nameInput-inner"}
COMMAND: POST /session/e0f9f5aee1597ce8ab84fc4949c39ac3/elements - {"using":"css selector","value":"#application-managecatalogs-display-component---detailCatalog--nameInput-inner"}
RESULT: {"using":"css selector","value":"#application-managecatalogs-display-component---detailCatalog--nameInput-inner"}
COMMAND: POST /session/e0f9f5aee1597ce8ab84fc4949c39ac3/element/f.16219B07342047CC16B1B6C41B76C932.d.2BA181472FB7C780F01E27AA8C2C79CB.e.8105/clear - {}
RESULT: {}
COMMAND: POST /session/e0f9f5aee1597ce8ab84fc4949c39ac3/element/f.16219B07342047CC16B1B6C41B76C932.d.2BA181472FB7C780F01E27AA8C2C79CB.e.8105/value - {"text":"Webdriverec6p5"}
COMMAND: GET /session/e0f9f5aee1597ce8ab84fc4949c39ac3/screenshot - {}
RESULT: {"text":"Webdriverec6p5"}
COMMAND: POST /session/e0f9f5aee1597ce8ab84fc4949c39ac3/execute/async - {"script":"<script> [1562 bytes]","args":[{"selector":{"controlType":"sap.m.Button","viewName":"etm.portal.ui.managecatalogs.view.Detail","viewId":"application-managecatalogs-display-component---detailCatalog","i18NText":{"propertyName":"text","key":"create"},"searchOpenDialogs":true,"interaction":{"idSuffix":"BDI-content"}},"wdio_ui5_key":"etmportal.ui.managecatalogs.view.Detailsap.m.Button{\"propertyName\":\"text\",\"key\":\"create\"}"}]}
COMMAND: GET /session/e0f9f5aee1597ce8ab84fc4949c39ac3/screenshot - {}
RESULT: {}
RESULT: {"script":"<script> [1562 bytes]","args":[{"selector":{"controlType":"sap.m.Button","viewName":"etm.portal.ui.managecatalogs.view.Detail","viewId":"application-managecatalogs-display-component---detailCatalog","i18NText":{"propertyName":"text","key":"create"},"searchOpenDialogs":true,"interaction":{"idSuffix":"BDI-content"}},"wdio_ui5_key":"etmportal.ui.managecatalogs.view.Detailsap.m.Button{\"propertyName\":\"text\",\"key\":\"create\"}"}]}
RESULT: undefined
COMMAND: POST /session/e0f9f5aee1597ce8ab84fc4949c39ac3/element - {"using":"xpath","value":"//*[@id=\"__button66\"]"}
RESULT: {}
RESULT: {"using":"xpath","value":"//*[@id=\"__button66\"]"}
COMMAND: POST /session/e0f9f5aee1597ce8ab84fc4949c39ac3/element/f.16219B07342047CC16B1B6C41B76C932.d.2BA181472FB7C780F01E27AA8C2C79CB.e.8110/click - {}
RESULT: {}
COMMAND: GET /session/e0f9f5aee1597ce8ab84fc4949c39ac3/screenshot - {}
RESULT: {}
COMMAND: POST /session/e0f9f5aee1597ce8ab84fc4949c39ac3/element - {"using":"xpath","value":"//button[@title=\"Save\"]"}
RESULT: {"using":"xpath","value":"//button[@title=\"Save\"]"}
COMMAND: POST /session/e0f9f5aee1597ce8ab84fc4949c39ac3/element/f.16219B07342047CC16B1B6C41B76C932.d.2BA181472FB7C780F01E27AA8C2C79CB.e.8111/click - {}
RESULT: {}
COMMAND: POST /session/e0f9f5aee1597ce8ab84fc4949c39ac3/execute/async - {"script":"<script> [1562 bytes]","args":[{"selector":{"controlType":"sap.ui.core.Icon","viewName":"etm.portal.ui.managecatalogs.view.Detail","viewId":"application-managecatalogs-display-component---detailCatalog","properties":{"src":{"regex":{"source":"decline"}}}},"wdio_ui5_key":"etmportal.ui.managecatalogs.view.Detailsap.ui.core.Icon{\"src\":{\"regex\":{\"source\":\"decline\"}}}"}]}
COMMAND: GET /session/e0f9f5aee1597ce8ab84fc4949c39ac3/screenshot - {}
RESULT: {"script":"<script> [1562 bytes]","args":[{"selector":{"controlType":"sap.ui.core.Icon","viewName":"etm.portal.ui.managecatalogs.view.Detail","viewId":"application-managecatalogs-display-component---detailCatalog","properties":{"src":{"regex":{"source":"decline"}}}},"wdio_ui5_key":"etmportal.ui.managecatalogs.view.Detailsap.ui.core.Icon{\"src\":{\"regex\":{\"source\":\"decline\"}}}"}]}
RESULT: undefined
COMMAND: POST /session/e0f9f5aee1597ce8ab84fc4949c39ac3/element - {"using":"xpath","value":"//*[@id=\"__button91-img\"]"}
RESULT: {}
RESULT: {"using":"xpath","value":"//*[@id=\"__button91-img\"]"}
COMMAND: POST /session/e0f9f5aee1597ce8ab84fc4949c39ac3/element/f.16219B07342047CC16B1B6C41B76C932.d.2BA181472FB7C780F01E27AA8C2C79CB.e.8117/click - {}
RESULT: {}
COMMAND: GET /session/e0f9f5aee1597ce8ab84fc4949c39ac3/screenshot - {}
RESULT: {}
COMMAND: POST /session/e0f9f5aee1597ce8ab84fc4949c39ac3/execute/async - {"script":"<script> [1562 bytes]","args":[{"selector":{"controlType":"sap.ui.core.Icon","viewName":"etm.portal.ui.managecatalogs.view.MasterItems","viewId":"application-managecatalogs-display-component---masterCatalogItems","properties":{"src":{"regex":{"source":"refresh"}}}},"wdio_ui5_key":"etmportal.ui.managecatalogs.view.MasterItemssap.ui.core.Icon{\"src\":{\"regex\":{\"source\":\"refresh\"}}}"}]}
RESULT: {"script":"<script> [1562 bytes]","args":[{"selector":{"controlType":"sap.ui.core.Icon","viewName":"etm.portal.ui.managecatalogs.view.MasterItems","viewId":"application-managecatalogs-display-component---masterCatalogItems","properties":{"src":{"regex":{"source":"refresh"}}}},"wdio_ui5_key":"etmportal.ui.managecatalogs.view.MasterItemssap.ui.core.Icon{\"src\":{\"regex\":{\"source\":\"refresh\"}}}"}]}
RESULT: undefined
COMMAND: POST /session/e0f9f5aee1597ce8ab84fc4949c39ac3/element - {"using":"xpath","value":"//*[@id=\"__button64-img\"]"}
RESULT: {"using":"xpath","value":"//*[@id=\"__button64-img\"]"}
COMMAND: POST /session/e0f9f5aee1597ce8ab84fc4949c39ac3/element/f.16219B07342047CC16B1B6C41B76C932.d.2BA181472FB7C780F01E27AA8C2C79CB.e.8153/click - {}
RESULT: {}
COMMAND: POST /session/e0f9f5aee1597ce8ab84fc4949c39ac3/execute/async - {"script":"<script> [1562 bytes]","args":[{"selector":{"id":"application-managecatalogs-display-component---masterCatalogItems--searchItemsField","interaction":{"idSuffix":"I"}},"wdio_ui5_key":"applicationmanagecatalogs-display-component---masterCatalogItems--searchItemsField"}]}
COMMAND: GET /session/e0f9f5aee1597ce8ab84fc4949c39ac3/screenshot - {}
RESULT: {"script":"<script> [1562 bytes]","args":[{"selector":{"id":"application-managecatalogs-display-component---masterCatalogItems--searchItemsField","interaction":{"idSuffix":"I"}},"wdio_ui5_key":"applicationmanagecatalogs-display-component---masterCatalogItems--searchItemsField"}]}
RESULT: undefined
COMMAND: POST /session/e0f9f5aee1597ce8ab84fc4949c39ac3/execute/async - {"script":"<script> [776 bytes]","args":[{"enterText":"Webdriverec6p5","selector":{"id":"application-managecatalogs-display-component---masterCatalogItems--searchItemsField","interaction":{"idSuffix":"I"}},"clearTextFirst":true,"interactionType":"ENTER_TEXT"}]}
RESULT: {}
RESULT: {"script":"<script> [776 bytes]","args":[{"enterText":"Webdriverec6p5","selector":{"id":"application-managecatalogs-display-component---masterCatalogItems--searchItemsField","interaction":{"idSuffix":"I"}},"clearTextFirst":true,"interactionType":"ENTER_TEXT"}]}
COMMAND: POST /session/e0f9f5aee1597ce8ab84fc4949c39ac3/actions - {"actions":[{"id":"action47","type":"key","parameters":{},"actions":[{"type":"keyDown","value":"î€‡"},{"type":"pause","duration":10},{"type":"keyUp","value":"î€‡"}]}]}
RESULT: {"actions":[{"id":"action47","type":"key","parameters":{},"actions":[{"type":"keyDown","value":"î€‡"},{"type":"pause","duration":10},{"type":"keyUp","value":"î€‡"}]}]}
COMMAND: POST /session/e0f9f5aee1597ce8ab84fc4949c39ac3/element - {"using":"xpath","value":"(//span[contains(text(), \"Webdriverec6p5\")])[1]"}
COMMAND: GET /session/e0f9f5aee1597ce8ab84fc4949c39ac3/screenshot - {}
RESULT: {"using":"xpath","value":"(//span[contains(text(), \"Webdriverec6p5\")])[1]"}
COMMAND: POST /session/e0f9f5aee1597ce8ab84fc4949c39ac3/element/f.16219B07342047CC16B1B6C41B76C932.d.2BA181472FB7C780F01E27AA8C2C79CB.e.8156/click - {}
RESULT: {}
RESULT: {}
COMMAND: GET /session/e0f9f5aee1597ce8ab84fc4949c39ac3/screenshot - {}
RESULT: {}
RESULT: undefined
COMMAND: POST /session/e0f9f5aee1597ce8ab84fc4949c39ac3/element - {"using":"xpath","value":"//*[@id=\"__button88\"]"}
RESULT: {"using":"xpath","value":"//*[@id=\"__button88\"]"}
COMMAND: POST /session/e0f9f5aee1597ce8ab84fc4949c39ac3/element/f.16219B07342047CC16B1B6C41B76C932.d.2BA181472FB7C780F01E27AA8C2C79CB.e.8193/click - {}
RESULT: {}
COMMAND: GET /session/e0f9f5aee1597ce8ab84fc4949c39ac3/screenshot - {}
RESULT: {}
RESULT: undefined
COMMAND: POST /session/e0f9f5aee1597ce8ab84fc4949c39ac3/element - {"using":"xpath","value":"//*[@id=\"__button96-img\"]"}
RESULT: {"using":"xpath","value":"//*[@id=\"__button96-img\"]"}
COMMAND: POST /session/e0f9f5aee1597ce8ab84fc4949c39ac3/element/f.16219B07342047CC16B1B6C41B76C932.d.2BA181472FB7C780F01E27AA8C2C79CB.e.8241/click - {}
RESULT: {}
COMMAND: GET /session/e0f9f5aee1597ce8ab84fc4949c39ac3/screenshot - {}
RESULT: {}
RESULT: undefined
COMMAND: POST /session/e0f9f5aee1597ce8ab84fc4949c39ac3/execute/async - {"script":"<script> [776 bytes]","args":[{"enterText":"SecondSectioniar59","selector":{"id":"application-managecatalogs-display-component---detailCatalog--numberInput","searchOpenDialogs":true,"interaction":{"idSuffix":"inner"}},"clearTextFirst":true,"interactionType":"ENTER_TEXT"}]}
RESULT: {"script":"<script> [776 bytes]","args":[{"enterText":"SecondSectioniar59","selector":{"id":"application-managecatalogs-display-component---detailCatalog--numberInput","searchOpenDialogs":true,"interaction":{"idSuffix":"inner"}},"clearTextFirst":true,"interactionType":"ENTER_TEXT"}]}
COMMAND: POST /session/e0f9f5aee1597ce8ab84fc4949c39ac3/element - {"using":"xpath","value":"//input[contains(@id ,\"application-managecatalogs-display-component---detailCatalog--nameInput-inner\")]"}
RESULT: {"using":"xpath","value":"//input[contains(@id ,\"application-managecatalogs-display-component---detailCatalog--nameInput-inner\")]"}
COMMAND: POST /session/e0f9f5aee1597ce8ab84fc4949c39ac3/elements - {"using":"xpath","value":"//input[contains(@id ,\"application-managecatalogs-display-component---detailCatalog--nameInput-inner\")]"}
RESULT: {"using":"xpath","value":"//input[contains(@id ,\"application-managecatalogs-display-component---detailCatalog--nameInput-inner\")]"}
COMMAND: POST /session/e0f9f5aee1597ce8ab84fc4949c39ac3/element/f.16219B07342047CC16B1B6C41B76C932.d.2BA181472FB7C780F01E27AA8C2C79CB.e.8245/clear - {}
RESULT: {}
COMMAND: POST /session/e0f9f5aee1597ce8ab84fc4949c39ac3/element/f.16219B07342047CC16B1B6C41B76C932.d.2BA181472FB7C780F01E27AA8C2C79CB.e.8245/value - {"text":"webdriversecondbesz5"}
COMMAND: GET /session/e0f9f5aee1597ce8ab84fc4949c39ac3/screenshot - {}
RESULT: {"text":"webdriversecondbesz5"}
RESULT: undefined
COMMAND: POST /session/e0f9f5aee1597ce8ab84fc4949c39ac3/element - {"using":"xpath","value":"//*[@id=\"__button66\"]"}
COMMAND: GET /session/e0f9f5aee1597ce8ab84fc4949c39ac3/screenshot - {}
RESULT: {}
RESULT: {"using":"xpath","value":"//*[@id=\"__button66\"]"}
COMMAND: POST /session/e0f9f5aee1597ce8ab84fc4949c39ac3/element/f.16219B07342047CC16B1B6C41B76C932.d.2BA181472FB7C780F01E27AA8C2C79CB.e.8249/click - {}
RESULT: {}
RESULT: {}
COMMAND: GET /session/e0f9f5aee1597ce8ab84fc4949c39ac3/screenshot - {}
RESULT: {}
COMMAND: POST /session/e0f9f5aee1597ce8ab84fc4949c39ac3/element - {"using":"xpath","value":"//button[@title=\"Save\"]"}
RESULT: {"using":"xpath","value":"//button[@title=\"Save\"]"}
COMMAND: POST /session/e0f9f5aee1597ce8ab84fc4949c39ac3/element/f.16219B07342047CC16B1B6C41B76C932.d.2BA181472FB7C780F01E27AA8C2C79CB.e.8227/click - {}
RESULT: {}
COMMAND: GET /session/e0f9f5aee1597ce8ab84fc4949c39ac3/screenshot - {}
RESULT: {}
RESULT: undefined
COMMAND: POST /session/e0f9f5aee1597ce8ab84fc4949c39ac3/element - {"using":"xpath","value":"//*[@id=\"__button91-img\"]"}
RESULT: {"using":"xpath","value":"//*[@id=\"__button91-img\"]"}
COMMAND: POST /session/e0f9f5aee1597ce8ab84fc4949c39ac3/element/f.16219B07342047CC16B1B6C41B76C932.d.2BA181472FB7C780F01E27AA8C2C79CB.e.8200/click - {}
RESULT: {}
COMMAND: GET /session/e0f9f5aee1597ce8ab84fc4949c39ac3/screenshot - {}
RESULT: {}
RESULT: undefined
COMMAND: POST /session/e0f9f5aee1597ce8ab84fc4949c39ac3/element - {"using":"xpath","value":"//*[@id=\"__button64-img\"]"}
RESULT: {"using":"xpath","value":"//*[@id=\"__button64-img\"]"}
COMMAND: POST /session/e0f9f5aee1597ce8ab84fc4949c39ac3/element/f.16219B07342047CC16B1B6C41B76C932.d.2BA181472FB7C780F01E27AA8C2C79CB.e.8289/click - {}
RESULT: {}
COMMAND: GET /session/e0f9f5aee1597ce8ab84fc4949c39ac3/screenshot - {}
RESULT: {}
RESULT: undefined
COMMAND: POST /session/e0f9f5aee1597ce8ab84fc4949c39ac3/execute/async - {"script":"<script> [776 bytes]","args":[{"enterText":"SecondSectioniar59","selector":{"id":"application-managecatalogs-display-component---masterCatalogItems--searchItemsField","interaction":{"idSuffix":"I"}},"clearTextFirst":true,"interactionType":"ENTER_TEXT"}]}
RESULT: {"script":"<script> [776 bytes]","args":[{"enterText":"SecondSectioniar59","selector":{"id":"application-managecatalogs-display-component---masterCatalogItems--searchItemsField","interaction":{"idSuffix":"I"}},"clearTextFirst":true,"interactionType":"ENTER_TEXT"}]}
COMMAND: POST /session/e0f9f5aee1597ce8ab84fc4949c39ac3/actions - {"actions":[{"id":"action48","type":"key","parameters":{},"actions":[{"type":"keyDown","value":"î€‡"},{"type":"pause","duration":10},{"type":"keyUp","value":"î€‡"}]}]}
RESULT: {"actions":[{"id":"action48","type":"key","parameters":{},"actions":[{"type":"keyDown","value":"î€‡"},{"type":"pause","duration":10},{"type":"keyUp","value":"î€‡"}]}]}
COMMAND: POST /session/e0f9f5aee1597ce8ab84fc4949c39ac3/element - {"using":"xpath","value":"(//span[contains(text(), \"SecondSectioniar59\")])[1]"}
COMMAND: GET /session/e0f9f5aee1597ce8ab84fc4949c39ac3/screenshot - {}
RESULT: {"using":"xpath","value":"(//span[contains(text(), \"SecondSectioniar59\")])[1]"}
COMMAND: POST /session/e0f9f5aee1597ce8ab84fc4949c39ac3/element/f.16219B07342047CC16B1B6C41B76C932.d.2BA181472FB7C780F01E27AA8C2C79CB.e.8292/click - {}
RESULT: {}
RESULT: {}
COMMAND: POST /session/e0f9f5aee1597ce8ab84fc4949c39ac3/element - {"using":"xpath","value":"(//span[contains(text(), \"SecondSectioniar59\")])[1]"}
COMMAND: GET /session/e0f9f5aee1597ce8ab84fc4949c39ac3/screenshot - {}
RESULT: {"using":"xpath","value":"(//span[contains(text(), \"SecondSectioniar59\")])[1]"}
COMMAND: GET /session/e0f9f5aee1597ce8ab84fc4949c39ac3/element/f.16219B07342047CC16B1B6C41B76C932.d.2BA181472FB7C780F01E27AA8C2C79CB.e.8292/text - {}
RESULT: {}
COMMAND: POST /session/e0f9f5aee1597ce8ab84fc4949c39ac3/element - {"using":"xpath","value":"(//span[contains(text(), \"SecondSectioniar59\")])[1]"}
RESULT: {"using":"xpath","value":"(//span[contains(text(), \"SecondSectioniar59\")])[1]"}
COMMAND: GET /session/e0f9f5aee1597ce8ab84fc4949c39ac3/element/f.16219B07342047CC16B1B6C41B76C932.d.2BA181472FB7C780F01E27AA8C2C79CB.e.8292/text - {}
COMMAND: POST /session/e0f9f5aee1597ce8ab84fc4949c39ac3/element - {"using":"xpath","value":"(//span[contains(text(), \"SecondSectioniar59\")])[1]"}
RESULT: {"using":"xpath","value":"(//span[contains(text(), \"SecondSectioniar59\")])[1]"}
COMMAND: GET /session/e0f9f5aee1597ce8ab84fc4949c39ac3/element/f.16219B07342047CC16B1B6C41B76C932.d.2BA181472FB7C780F01E27AA8C2C79CB.e.8345/text - {}
RESULT: {}
COMMAND: POST /session/e0f9f5aee1597ce8ab84fc4949c39ac3/refresh - {}
RESULT: {}
COMMAND: GET /session/e0f9f5aee1597ce8ab84fc4949c39ac3/screenshot - {}
RESULT: {}
COMMAND: POST /session/e0f9f5aee1597ce8ab84fc4949c39ac3/execute/async - {"script":"<script> [189 bytes]","args":[]}
RESULT: {"script":"<script> [189 bytes]","args":[]}
COMMAND: POST /session/e0f9f5aee1597ce8ab84fc4949c39ac3/execute/async - {"script":"<script> [123 bytes]","args":[]}
RESULT: {"script":"<script> [123 bytes]","args":[]}
COMMAND: POST /session/e0f9f5aee1597ce8ab84fc4949c39ac3/timeouts - {"script":"<number>"}
RESULT: {"script":"<number>"}
COMMAND: GET /session/e0f9f5aee1597ce8ab84fc4949c39ac3/timeouts - {}
RESULT: {}
RESULT: undefined
COMMAND: POST /session/e0f9f5aee1597ce8ab84fc4949c39ac3/execute/async - {"script":"<script> [2676 bytes]","args":[]}
RESULT: {"script":"<script> [2676 bytes]","args":[]}
COMMAND: POST /session/e0f9f5aee1597ce8ab84fc4949c39ac3/execute/async - {"script":"<script> [2342 bytes]","args":[{"protocol":"http","hostname":"0.0.0.0","path":"/","capabilities":{"browserName":"chrome","goog:chromeOptions":{"binary":"C:\\Program Files\\Google\\Chrome\\Application\\chrome.exe","args":["--start-maximized"]}},"logLevel":"warn","connectionRetryTimeout":120000,"connectionRetryCount":3,"logLevels":{},"enableDirectConnect":true,"strictSSL":true,"_":"65 more keys: [\"cacheDir\",\"port\",\"requestedCapabilities\",\"automationProtocol\",\"baseUrl\",\"waitforInterval\",\"waitforTimeout\",\"onReload\",\"beforeCommand\",\"afterCommand\",\"rootDir\",\"specs\",\"suites\",\"exclude\",\"groupLogsByTestSpec\",\"excludeDriverLogs\",\"bail\",\"framework\",\"reporters\",\"services\",\"maxInstances\",\"maxInstancesPerCapability\",\"injectGlobals\",\"filesToWatch\",\"execArgv\",\"runnerEnv\",\"runner\",\"shard\",\"specFileRetries\",\"specFileRetriesDelay\",\"specFileRetriesDeferred\",\"reporterSyncInterval\",\"reporterSyncTimeout\",\"cucumberFeaturesWithLineNumbers\",\"autoCompileOpts\",\"mochaOpts\",\"jasmineOpts\",\"cucumberOpts\",\"onPrepare\",\"onWorkerStart\",\"onWorkerEnd\",\"before\",\"beforeSession\",\"beforeSuite\",\"beforeHook\",\"beforeTest\",\"afterTest\",\"afterHook\",\"afterSuite\",\"afterSession\",\"after\",\"onComplete\",\"beforeAssertion\",\"afterAssertion\",\"beforeFeature\",\"beforeScenario\",\"beforeStep\",\"afterStep\",\"afterScenario\",\"afterFeature\",\"_\",\"suite\",\"$0\",\"ignoredWorkerServices\",\"wdi5\"]"}]}
RESULT: {"script":"<script> [2342 bytes]","args":[{"protocol":"http","hostname":"0.0.0.0","path":"/","capabilities":{"browserName":"chrome","goog:chromeOptions":{"binary":"C:\\Program Files\\Google\\Chrome\\Application\\chrome.exe","args":["--start-maximized"]}},"logLevel":"warn","connectionRetryTimeout":120000,"connectionRetryCount":3,"logLevels":{},"enableDirectConnect":true,"strictSSL":true,"_":"65 more keys: [\"cacheDir\",\"port\",\"requestedCapabilities\",\"automationProtocol\",\"baseUrl\",\"waitforInterval\",\"waitforTimeout\",\"onReload\",\"beforeCommand\",\"afterCommand\",\"rootDir\",\"specs\",\"suites\",\"exclude\",\"groupLogsByTestSpec\",\"excludeDriverLogs\",\"bail\",\"framework\",\"reporters\",\"services\",\"maxInstances\",\"maxInstancesPerCapability\",\"injectGlobals\",\"filesToWatch\",\"execArgv\",\"runnerEnv\",\"runner\",\"shard\",\"specFileRetries\",\"specFileRetriesDelay\",\"specFileRetriesDeferred\",\"reporterSyncInterval\",\"reporterSyncTimeout\",\"cucumberFeaturesWithLineNumbers\",\"autoCompileOpts\",\"mochaOpts\",\"jasmineOpts\",\"cucumberOpts\",\"onPrepare\",\"onWorkerStart\",\"onWorkerEnd\",\"before\",\"beforeSession\",\"beforeSuite\",\"beforeHook\",\"beforeTest\",\"afterTest\",\"afterHook\",\"afterSuite\",\"afterSession\",\"after\",\"onComplete\",\"beforeAssertion\",\"afterAssertion\",\"beforeFeature\",\"beforeScenario\",\"beforeStep\",\"afterStep\",\"afterScenario\",\"afterFeature\",\"_\",\"suite\",\"$0\",\"ignoredWorkerServices\",\"wdi5\"]"}]}
COMMAND: POST /session/e0f9f5aee1597ce8ab84fc4949c39ac3/execute/async - {"script":"<script> [21126 bytes]","args":[35000]}
RESULT: {"script":"<script> [21126 bytes]","args":[35000]}
COMMAND: POST /session/e0f9f5aee1597ce8ab84fc4949c39ac3/execute/async - {"script":"<script> [1562 bytes]","args":[{"selector":{"controlType":"sap.m.Button","viewName":"etm.portal.ui.managecatalogs.view.Detail","viewId":"application-managecatalogs-display-component---detailCatalog","i18NText":{"propertyName":"text","key":"edit"},"interaction":{"idSuffix":"BDI-content"}},"wdio_ui5_key":"etmportal.ui.managecatalogs.view.Detailsap.m.Button{\"propertyName\":\"text\",\"key\":\"edit\"}"}]}
RESULT: {"script":"<script> [1562 bytes]","args":[{"selector":{"controlType":"sap.m.Button","viewName":"etm.portal.ui.managecatalogs.view.Detail","viewId":"application-managecatalogs-display-component---detailCatalog","i18NText":{"propertyName":"text","key":"edit"},"interaction":{"idSuffix":"BDI-content"}},"wdio_ui5_key":"etmportal.ui.managecatalogs.view.Detailsap.m.Button{\"propertyName\":\"text\",\"key\":\"edit\"}"}]}
RESULT: undefined
COMMAND: POST /session/e0f9f5aee1597ce8ab84fc4949c39ac3/element - {"using":"xpath","value":"//*[@id=\"__button25\"]"}
RESULT: {"using":"xpath","value":"//*[@id=\"__button25\"]"}
COMMAND: POST /session/e0f9f5aee1597ce8ab84fc4949c39ac3/element/f.16219B07342047CC16B1B6C41B76C932.d.6334B833EBF0F44C708C79FCEBF670A3.e.8400/click - {}
RESULT: {}
COMMAND: POST /session/e0f9f5aee1597ce8ab84fc4949c39ac3/execute/async - {"script":"<script> [1562 bytes]","args":[{"selector":{"controlType":"sap.ui.core.Icon","viewName":"etm.portal.ui.managecatalogs.view.Detail","viewId":"application-managecatalogs-display-component---detailCatalog","properties":{"src":{"regex":{"source":"add\\-document"}}}},"wdio_ui5_key":"etmportal.ui.managecatalogs.view.Detailsap.ui.core.Icon{\"src\":{\"regex\":{\"source\":\"add\\\\-document\"}}}"}]}
COMMAND: GET /session/e0f9f5aee1597ce8ab84fc4949c39ac3/screenshot - {}
RESULT: {"script":"<script> [1562 bytes]","args":[{"selector":{"controlType":"sap.ui.core.Icon","viewName":"etm.portal.ui.managecatalogs.view.Detail","viewId":"application-managecatalogs-display-component---detailCatalog","properties":{"src":{"regex":{"source":"add\\-document"}}}},"wdio_ui5_key":"etmportal.ui.managecatalogs.view.Detailsap.ui.core.Icon{\"src\":{\"regex\":{\"source\":\"add\\\\-document\"}}}"}]}
RESULT: undefined
COMMAND: POST /session/e0f9f5aee1597ce8ab84fc4949c39ac3/element - {"using":"xpath","value":"//*[@id=\"__button34-img\"]"}
RESULT: {}
RESULT: {"using":"xpath","value":"//*[@id=\"__button34-img\"]"}
COMMAND: POST /session/e0f9f5aee1597ce8ab84fc4949c39ac3/element/f.16219B07342047CC16B1B6C41B76C932.d.6334B833EBF0F44C708C79FCEBF670A3.e.8406/click - {}
RESULT: {}
COMMAND: POST /session/e0f9f5aee1597ce8ab84fc4949c39ac3/execute/async - {"script":"<script> [1562 bytes]","args":[{"selector":{"id":"application-managecatalogs-display-component---detailCatalog--newItemNumberInput","searchOpenDialogs":true,"interaction":{"idSuffix":"inner"}},"wdio_ui5_key":"applicationmanagecatalogs-display-component---detailCatalog--newItemNumberInput"}]}
COMMAND: GET /session/e0f9f5aee1597ce8ab84fc4949c39ac3/screenshot - {}
RESULT: {"script":"<script> [1562 bytes]","args":[{"selector":{"id":"application-managecatalogs-display-component---detailCatalog--newItemNumberInput","searchOpenDialogs":true,"interaction":{"idSuffix":"inner"}},"wdio_ui5_key":"applicationmanagecatalogs-display-component---detailCatalog--newItemNumberInput"}]}
RESULT: undefined
COMMAND: POST /session/e0f9f5aee1597ce8ab84fc4949c39ac3/execute/async - {"script":"<script> [776 bytes]","args":[{"enterText":"catalogItems65dc","selector":{"id":"application-managecatalogs-display-component---detailCatalog--newItemNumberInput","searchOpenDialogs":true,"interaction":{"idSuffix":"inner"}},"clearTextFirst":true,"interactionType":"ENTER_TEXT"}]}
RESULT: {}
RESULT: {"script":"<script> [776 bytes]","args":[{"enterText":"catalogItems65dc","selector":{"id":"application-managecatalogs-display-component---detailCatalog--newItemNumberInput","searchOpenDialogs":true,"interaction":{"idSuffix":"inner"}},"clearTextFirst":true,"interactionType":"ENTER_TEXT"}]}
COMMAND: POST /session/e0f9f5aee1597ce8ab84fc4949c39ac3/execute/async - {"script":"<script> [1562 bytes]","args":[{"selector":{"controlType":"sap.m.Input","viewName":"etm.portal.ui.managecatalogs.view.Detail","viewId":"application-managecatalogs-display-component---detailCatalog","bindingPath":{"path":"","propertyPath":"/DESCRIPTION"},"searchOpenDialogs":true,"interaction":{"idSuffix":"inner"}},"wdio_ui5_key":"etmportal.ui.managecatalogs.view.Detailsap.m.Input{\"path\":\"\",\"propertyPath\":\"/DESCRIPTION\"}"}]}
RESULT: {"script":"<script> [1562 bytes]","args":[{"selector":{"controlType":"sap.m.Input","viewName":"etm.portal.ui.managecatalogs.view.Detail","viewId":"application-managecatalogs-display-component---detailCatalog","bindingPath":{"path":"","propertyPath":"/DESCRIPTION"},"searchOpenDialogs":true,"interaction":{"idSuffix":"inner"}},"wdio_ui5_key":"etmportal.ui.managecatalogs.view.Detailsap.m.Input{\"path\":\"\",\"propertyPath\":\"/DESCRIPTION\"}"}]}
RESULT: undefined
COMMAND: POST /session/e0f9f5aee1597ce8ab84fc4949c39ac3/execute/async - {"script":"<script> [776 bytes]","args":[{"enterText":"catalogItemName16j17","selector":{"controlType":"sap.m.Input","viewName":"etm.portal.ui.managecatalogs.view.Detail","viewId":"application-managecatalogs-display-component---detailCatalog","bindingPath":{"path":"","propertyPath":"/DESCRIPTION"},"searchOpenDialogs":true,"interaction":{"idSuffix":"inner"}},"clearTextFirst":true,"interactionType":"ENTER_TEXT"}]}
RESULT: {"script":"<script> [776 bytes]","args":[{"enterText":"catalogItemName16j17","selector":{"controlType":"sap.m.Input","viewName":"etm.portal.ui.managecatalogs.view.Detail","viewId":"application-managecatalogs-display-component---detailCatalog","bindingPath":{"path":"","propertyPath":"/DESCRIPTION"},"searchOpenDialogs":true,"interaction":{"idSuffix":"inner"}},"clearTextFirst":true,"interactionType":"ENTER_TEXT"}]}
COMMAND: POST /session/e0f9f5aee1597ce8ab84fc4949c39ac3/execute/async - {"script":"<script> [1562 bytes]","args":[{"selector":{"controlType":"sap.m.Button","viewName":"etm.portal.ui.managecatalogs.view.Detail","viewId":"application-managecatalogs-display-component---detailCatalog","i18NText":{"propertyName":"text","key":"create"},"searchOpenDialogs":true,"interaction":{"idSuffix":"BDI-content"}},"wdio_ui5_key":"etmportal.ui.managecatalogs.view.Detailsap.m.Button{\"propertyName\":\"text\",\"key\":\"create\"}"}]}
RESULT: {"script":"<script> [1562 bytes]","args":[{"selector":{"controlType":"sap.m.Button","viewName":"etm.portal.ui.managecatalogs.view.Detail","viewId":"application-managecatalogs-display-component---detailCatalog","i18NText":{"propertyName":"text","key":"create"},"searchOpenDialogs":true,"interaction":{"idSuffix":"BDI-content"}},"wdio_ui5_key":"etmportal.ui.managecatalogs.view.Detailsap.m.Button{\"propertyName\":\"text\",\"key\":\"create\"}"}]}
RESULT: undefined
COMMAND: POST /session/e0f9f5aee1597ce8ab84fc4949c39ac3/element - {"using":"xpath","value":"//*[@id=\"__button9\"]"}
RESULT: {"using":"xpath","value":"//*[@id=\"__button9\"]"}
COMMAND: POST /session/e0f9f5aee1597ce8ab84fc4949c39ac3/element/f.16219B07342047CC16B1B6C41B76C932.d.6334B833EBF0F44C708C79FCEBF670A3.e.8416/click - {}
RESULT: {}
COMMAND: GET /session/e0f9f5aee1597ce8ab84fc4949c39ac3/screenshot - {}
RESULT: {}
COMMAND: POST /session/e0f9f5aee1597ce8ab84fc4949c39ac3/element - {"using":"xpath","value":"//button[@title=\"Save\"]"}
RESULT: {"using":"xpath","value":"//button[@title=\"Save\"]"}
COMMAND: POST /session/e0f9f5aee1597ce8ab84fc4949c39ac3/element/f.16219B07342047CC16B1B6C41B76C932.d.6334B833EBF0F44C708C79FCEBF670A3.e.8417/click - {}
RESULT: {}
COMMAND: GET /session/e0f9f5aee1597ce8ab84fc4949c39ac3/screenshot - {}
RESULT: {}
COMMAND: POST /session/e0f9f5aee1597ce8ab84fc4949c39ac3/execute/async - {"script":"<script> [1562 bytes]","args":[{"selector":{"controlType":"sap.ui.core.Icon","viewName":"etm.portal.ui.managecatalogs.view.Detail","viewId":"application-managecatalogs-display-component---detailCatalog","properties":{"src":{"regex":{"source":"decline"}}}},"wdio_ui5_key":"etmportal.ui.managecatalogs.view.Detailsap.ui.core.Icon{\"src\":{\"regex\":{\"source\":\"decline\"}}}"}]}
RESULT: {"script":"<script> [1562 bytes]","args":[{"selector":{"controlType":"sap.ui.core.Icon","viewName":"etm.portal.ui.managecatalogs.view.Detail","viewId":"application-managecatalogs-display-component---detailCatalog","properties":{"src":{"regex":{"source":"decline"}}}},"wdio_ui5_key":"etmportal.ui.managecatalogs.view.Detailsap.ui.core.Icon{\"src\":{\"regex\":{\"source\":\"decline\"}}}"}]}
RESULT: undefined
COMMAND: POST /session/e0f9f5aee1597ce8ab84fc4949c39ac3/element - {"using":"xpath","value":"//*[@id=\"__button28-img\"]"}
RESULT: {"using":"xpath","value":"//*[@id=\"__button28-img\"]"}
COMMAND: POST /session/e0f9f5aee1597ce8ab84fc4949c39ac3/element/f.16219B07342047CC16B1B6C41B76C932.d.6334B833EBF0F44C708C79FCEBF670A3.e.8423/click - {}
RESULT: {}
COMMAND: GET /session/e0f9f5aee1597ce8ab84fc4949c39ac3/screenshot - {}
RESULT: {}
COMMAND: POST /session/e0f9f5aee1597ce8ab84fc4949c39ac3/execute/async - {"script":"<script> [1562 bytes]","args":[{"selector":{"controlType":"sap.ui.core.Icon","viewName":"etm.portal.ui.managecatalogs.view.MasterItems","viewId":"application-managecatalogs-display-component---masterCatalogItems","properties":{"src":{"regex":{"source":"refresh"}}}},"wdio_ui5_key":"etmportal.ui.managecatalogs.view.MasterItemssap.ui.core.Icon{\"src\":{\"regex\":{\"source\":\"refresh\"}}}"}]}
RESULT: {"script":"<script> [1562 bytes]","args":[{"selector":{"controlType":"sap.ui.core.Icon","viewName":"etm.portal.ui.managecatalogs.view.MasterItems","viewId":"application-managecatalogs-display-component---masterCatalogItems","properties":{"src":{"regex":{"source":"refresh"}}}},"wdio_ui5_key":"etmportal.ui.managecatalogs.view.MasterItemssap.ui.core.Icon{\"src\":{\"regex\":{\"source\":\"refresh\"}}}"}]}
RESULT: undefined
COMMAND: POST /session/e0f9f5aee1597ce8ab84fc4949c39ac3/element - {"using":"xpath","value":"//*[@id=\"__button1-img\"]"}
RESULT: {"using":"xpath","value":"//*[@id=\"__button1-img\"]"}
COMMAND: POST /session/e0f9f5aee1597ce8ab84fc4949c39ac3/element/f.16219B07342047CC16B1B6C41B76C932.d.6334B833EBF0F44C708C79FCEBF670A3.e.8431/click - {}
RESULT: {}
COMMAND: GET /session/e0f9f5aee1597ce8ab84fc4949c39ac3/screenshot - {}
RESULT: {}
COMMAND: POST /session/e0f9f5aee1597ce8ab84fc4949c39ac3/execute/async - {"script":"<script> [1562 bytes]","args":[{"selector":{"id":"application-managecatalogs-display-component---masterCatalogItems--searchItemsField","interaction":{"idSuffix":"I"}},"wdio_ui5_key":"applicationmanagecatalogs-display-component---masterCatalogItems--searchItemsField"}]}
RESULT: {"script":"<script> [1562 bytes]","args":[{"selector":{"id":"application-managecatalogs-display-component---masterCatalogItems--searchItemsField","interaction":{"idSuffix":"I"}},"wdio_ui5_key":"applicationmanagecatalogs-display-component---masterCatalogItems--searchItemsField"}]}
RESULT: undefined
COMMAND: POST /session/e0f9f5aee1597ce8ab84fc4949c39ac3/execute/async - {"script":"<script> [776 bytes]","args":[{"enterText":"catalogItemName16j17","selector":{"id":"application-managecatalogs-display-component---masterCatalogItems--searchItemsField","interaction":{"idSuffix":"I"}},"clearTextFirst":true,"interactionType":"ENTER_TEXT"}]}
RESULT: {"script":"<script> [776 bytes]","args":[{"enterText":"catalogItemName16j17","selector":{"id":"application-managecatalogs-display-component---masterCatalogItems--searchItemsField","interaction":{"idSuffix":"I"}},"clearTextFirst":true,"interactionType":"ENTER_TEXT"}]}
COMMAND: POST /session/e0f9f5aee1597ce8ab84fc4949c39ac3/actions - {"actions":[{"id":"action49","type":"key","parameters":{},"actions":[{"type":"keyDown","value":"î€‡"},{"type":"pause","duration":10},{"type":"keyUp","value":"î€‡"}]}]}
RESULT: {"actions":[{"id":"action49","type":"key","parameters":{},"actions":[{"type":"keyDown","value":"î€‡"},{"type":"pause","duration":10},{"type":"keyUp","value":"î€‡"}]}]}
COMMAND: POST /session/e0f9f5aee1597ce8ab84fc4949c39ac3/element - {"using":"xpath","value":"(//span[contains(text(), \"catalogItemName16j17\")])[1]"}
COMMAND: GET /session/e0f9f5aee1597ce8ab84fc4949c39ac3/screenshot - {}
RESULT: {"using":"xpath","value":"(//span[contains(text(), \"catalogItemName16j17\")])[1]"}
COMMAND: POST /session/e0f9f5aee1597ce8ab84fc4949c39ac3/element/f.16219B07342047CC16B1B6C41B76C932.d.6334B833EBF0F44C708C79FCEBF670A3.e.8466/click - {}
RESULT: {}
RESULT: {}
COMMAND: GET /session/e0f9f5aee1597ce8ab84fc4949c39ac3/screenshot - {}
RESULT: {}
COMMAND: POST /session/e0f9f5aee1597ce8ab84fc4949c39ac3/element - {"using":"xpath","value":"//span[contains(text(), \"catalogItems65dc\")]"}
RESULT: {"using":"xpath","value":"//span[contains(text(), \"catalogItems65dc\")]"}
COMMAND: GET /session/e0f9f5aee1597ce8ab84fc4949c39ac3/element/f.16219B07342047CC16B1B6C41B76C932.d.6334B833EBF0F44C708C79FCEBF670A3.e.8528/text - {}
RESULT: {}
]]></system-out>
    </testcase>
    <testcase classname="chrome.136_0_7103_49.windows.Manage_requests_-_requests_specifications_US141095" name="Should add the classification to the catalog item" time="37.921">
      <system-out><![CDATA[
RESULT: undefined
COMMAND: POST /session/e0f9f5aee1597ce8ab84fc4949c39ac3/element - {"using":"xpath","value":"//*[@id=\"__button25\"]"}
RESULT: {"using":"xpath","value":"//*[@id=\"__button25\"]"}
COMMAND: POST /session/e0f9f5aee1597ce8ab84fc4949c39ac3/element/f.16219B07342047CC16B1B6C41B76C932.d.6334B833EBF0F44C708C79FCEBF670A3.e.8529/click - {}
RESULT: {}
COMMAND: GET /session/e0f9f5aee1597ce8ab84fc4949c39ac3/screenshot - {}
RESULT: {}
COMMAND: POST /session/e0f9f5aee1597ce8ab84fc4949c39ac3/execute/async - {"script":"<script> [1562 bytes]","args":[{"selector":{"id":"application-managecatalogs-display-component---detailCatalog--BASE_UNIT_OF_MEASURE-arrow"},"wdio_ui5_key":"applicationmanagecatalogs-display-component---detailCatalog--BASE_UNIT_OF_MEASURE-arrow"}]}
RESULT: {"script":"<script> [1562 bytes]","args":[{"selector":{"id":"application-managecatalogs-display-component---detailCatalog--BASE_UNIT_OF_MEASURE-arrow"},"wdio_ui5_key":"applicationmanagecatalogs-display-component---detailCatalog--BASE_UNIT_OF_MEASURE-arrow"}]}
RESULT: undefined
COMMAND: POST /session/e0f9f5aee1597ce8ab84fc4949c39ac3/element - {"using":"xpath","value":"//*[@id=\"application-managecatalogs-display-component---detailCatalog--BASE_UNIT_OF_MEASURE-arrow\"]"}
RESULT: {"using":"xpath","value":"//*[@id=\"application-managecatalogs-display-component---detailCatalog--BASE_UNIT_OF_MEASURE-arrow\"]"}
COMMAND: POST /session/e0f9f5aee1597ce8ab84fc4949c39ac3/element/f.16219B07342047CC16B1B6C41B76C932.d.6334B833EBF0F44C708C79FCEBF670A3.e.8558/click - {}
RESULT: {}
COMMAND: POST /session/e0f9f5aee1597ce8ab84fc4949c39ac3/execute/async - {"script":"<script> [1562 bytes]","args":[{"selector":{"controlType":"sap.m.StandardListItem","viewName":"etm.portal.ui.managecatalogs.view.Detail","viewId":"application-managecatalogs-display-component---detailCatalog","properties":{"title":"Piece"},"searchOpenDialogs":true,"interaction":{"idSuffix":"titleText"}},"wdio_ui5_key":"etmportal.ui.managecatalogs.view.Detailsap.m.StandardListItem{\"title\":\"Piece\"}"}]}
COMMAND: GET /session/e0f9f5aee1597ce8ab84fc4949c39ac3/screenshot - {}
RESULT: {"script":"<script> [1562 bytes]","args":[{"selector":{"controlType":"sap.m.StandardListItem","viewName":"etm.portal.ui.managecatalogs.view.Detail","viewId":"application-managecatalogs-display-component---detailCatalog","properties":{"title":"Piece"},"searchOpenDialogs":true,"interaction":{"idSuffix":"titleText"}},"wdio_ui5_key":"etmportal.ui.managecatalogs.view.Detailsap.m.StandardListItem{\"title\":\"Piece\"}"}]}
RESULT: undefined
COMMAND: POST /session/e0f9f5aee1597ce8ab84fc4949c39ac3/element - {"using":"xpath","value":"//*[@id=\"__item213\"]"}
RESULT: {}
RESULT: {"using":"xpath","value":"//*[@id=\"__item213\"]"}
COMMAND: POST /session/e0f9f5aee1597ce8ab84fc4949c39ac3/element/f.16219B07342047CC16B1B6C41B76C932.d.6334B833EBF0F44C708C79FCEBF670A3.e.8560/click - {}
RESULT: {}
COMMAND: POST /session/e0f9f5aee1597ce8ab84fc4949c39ac3/element - {"using":"xpath","value":"//button[contains(@data-kt ,\"ClassificationAddClassButton\")]"}
COMMAND: GET /session/e0f9f5aee1597ce8ab84fc4949c39ac3/screenshot - {}
RESULT: {"using":"xpath","value":"//button[contains(@data-kt ,\"ClassificationAddClassButton\")]"}
COMMAND: POST /session/e0f9f5aee1597ce8ab84fc4949c39ac3/element/f.16219B07342047CC16B1B6C41B76C932.d.6334B833EBF0F44C708C79FCEBF670A3.e.8561/click - {}
RESULT: {}
RESULT: {}
COMMAND: GET /session/e0f9f5aee1597ce8ab84fc4949c39ac3/screenshot - {}
RESULT: {}
COMMAND: POST /session/e0f9f5aee1597ce8ab84fc4949c39ac3/element - {"using":"xpath","value":"//input[contains(@id ,\"searchField-I\")]"}
RESULT: {"using":"xpath","value":"//input[contains(@id ,\"searchField-I\")]"}
COMMAND: POST /session/e0f9f5aee1597ce8ab84fc4949c39ac3/element/f.16219B07342047CC16B1B6C41B76C932.d.6334B833EBF0F44C708C79FCEBF670A3.e.8564/value - {"text":"WebdriverItemClassx6s6p"}
RESULT: {"text":"WebdriverItemClassx6s6p"}
COMMAND: POST /session/e0f9f5aee1597ce8ab84fc4949c39ac3/actions - {"actions":[{"id":"action50","type":"key","parameters":{},"actions":[{"type":"keyDown","value":"î€‡"},{"type":"pause","duration":10},{"type":"keyUp","value":"î€‡"}]}]}
COMMAND: GET /session/e0f9f5aee1597ce8ab84fc4949c39ac3/screenshot - {}
RESULT: {"actions":[{"id":"action50","type":"key","parameters":{},"actions":[{"type":"keyDown","value":"î€‡"},{"type":"pause","duration":10},{"type":"keyUp","value":"î€‡"}]}]}
COMMAND: GET /session/e0f9f5aee1597ce8ab84fc4949c39ac3/screenshot - {}
RESULT: {}
RESULT: {}
COMMAND: POST /session/e0f9f5aee1597ce8ab84fc4949c39ac3/element - {"using":"xpath","value":"//span[contains(text(), \"WebdriverItemClassx6s6p\")]"}
RESULT: {"using":"xpath","value":"//span[contains(text(), \"WebdriverItemClassx6s6p\")]"}
COMMAND: POST /session/e0f9f5aee1597ce8ab84fc4949c39ac3/element/f.16219B07342047CC16B1B6C41B76C932.d.6334B833EBF0F44C708C79FCEBF670A3.e.8597/click - {}
RESULT: {}
COMMAND: GET /session/e0f9f5aee1597ce8ab84fc4949c39ac3/screenshot - {}
RESULT: {}
COMMAND: POST /session/e0f9f5aee1597ce8ab84fc4949c39ac3/execute/async - {"script":"<script> [1562 bytes]","args":[{"selector":{"controlType":"sap.m.Button","viewName":"etm.portal.ui.managecatalogs.view.Detail","viewId":"application-managecatalogs-display-component---detailCatalog","properties":{"text":"Classification"},"interaction":{"idSuffix":"BDI-content"}},"wdio_ui5_key":"etmportal.ui.managecatalogs.view.Detailsap.m.Button{\"text\":\"Classification\"}"}]}
RESULT: {"script":"<script> [1562 bytes]","args":[{"selector":{"controlType":"sap.m.Button","viewName":"etm.portal.ui.managecatalogs.view.Detail","viewId":"application-managecatalogs-display-component---detailCatalog","properties":{"text":"Classification"},"interaction":{"idSuffix":"BDI-content"}},"wdio_ui5_key":"etmportal.ui.managecatalogs.view.Detailsap.m.Button{\"text\":\"Classification\"}"}]}
RESULT: undefined
COMMAND: POST /session/e0f9f5aee1597ce8ab84fc4949c39ac3/element - {"using":"xpath","value":"//*[@id=\"application-managecatalogs-display-component---detailCatalog--ObjectPageLayout-anchBar-__section3-anchor\"]"}
RESULT: {"using":"xpath","value":"//*[@id=\"application-managecatalogs-display-component---detailCatalog--ObjectPageLayout-anchBar-__section3-anchor\"]"}
COMMAND: POST /session/e0f9f5aee1597ce8ab84fc4949c39ac3/element/f.16219B07342047CC16B1B6C41B76C932.d.6334B833EBF0F44C708C79FCEBF670A3.e.8602/click - {}
RESULT: {}
COMMAND: POST /session/e0f9f5aee1597ce8ab84fc4949c39ac3/execute/async - {"script":"<script> [1562 bytes]","args":[{"selector":{"controlType":"sap.ui.core.Icon","viewName":"etm.portal.ui.managecatalogs.view.Detail","viewId":"application-managecatalogs-display-component---detailCatalog","properties":{"src":{"regex":{"source":"slim\\-arrow\\-right"}}},"ancestor":{"controlType":"sap.m.Panel","viewName":"etm.portal.ui.managecatalogs.view.Detail","viewId":"application-managecatalogs-display-component---detailCatalog"}},"wdio_ui5_key":"etmportal.ui.managecatalogs.view.Detailsap.ui.core.Icon{\"src\":{\"regex\":{\"source\":\"slim\\\\-arrow\\\\-right\"}}}{\"controlType\":\"sap.m.Panel\",\"viewName\":\"etm.portal.ui.managecatalogs.view.Detail\",\"viewId\":\"application-managecatalogs-display-component---detailCatalog\"}"}]}
COMMAND: GET /session/e0f9f5aee1597ce8ab84fc4949c39ac3/screenshot - {}
RESULT: {}
RESULT: {"script":"<script> [1562 bytes]","args":[{"selector":{"controlType":"sap.ui.core.Icon","viewName":"etm.portal.ui.managecatalogs.view.Detail","viewId":"application-managecatalogs-display-component---detailCatalog","properties":{"src":{"regex":{"source":"slim\\-arrow\\-right"}}},"ancestor":{"controlType":"sap.m.Panel","viewName":"etm.portal.ui.managecatalogs.view.Detail","viewId":"application-managecatalogs-display-component---detailCatalog"}},"wdio_ui5_key":"etmportal.ui.managecatalogs.view.Detailsap.ui.core.Icon{\"src\":{\"regex\":{\"source\":\"slim\\\\-arrow\\\\-right\"}}}{\"controlType\":\"sap.m.Panel\",\"viewName\":\"etm.portal.ui.managecatalogs.view.Detail\",\"viewId\":\"application-managecatalogs-display-component---detailCatalog\"}"}]}
RESULT: undefined
COMMAND: POST /session/e0f9f5aee1597ce8ab84fc4949c39ac3/element - {"using":"xpath","value":"//*[@id=\"__panel0-__layout17-0-expandButton-img\"]"}
RESULT: {"using":"xpath","value":"//*[@id=\"__panel0-__layout17-0-expandButton-img\"]"}
COMMAND: POST /session/e0f9f5aee1597ce8ab84fc4949c39ac3/element/f.16219B07342047CC16B1B6C41B76C932.d.6334B833EBF0F44C708C79FCEBF670A3.e.8608/click - {}
RESULT: {}
COMMAND: POST /session/e0f9f5aee1597ce8ab84fc4949c39ac3/execute/async - {"script":"<script> [1562 bytes]","args":[{"selector":{"controlType":"sap.ui.core.Icon","viewName":"etm.portal.ui.managecatalogs.view.Detail","viewId":"application-managecatalogs-display-component---detailCatalog","properties":{"src":{"regex":{"source":"slim\\-arrow\\-down"}}},"ancestor":{"controlType":"sap.m.ColumnListItem","viewName":"etm.portal.ui.managecatalogs.view.Detail","viewId":"application-managecatalogs-display-component---detailCatalog","bindingPath":{"modelName":"classModel","path":"/data/0/PROPERTIES/0"},"ancestor":{"controlType":"sap.m.Table","viewName":"etm.portal.ui.managecatalogs.view.Detail","viewId":"application-managecatalogs-display-component---detailCatalog","bindingPath":{"path":"/data/0","propertyPath":"PROPERTIES","modelName":"classModel"}}}},"wdio_ui5_key":"etmportal.ui.managecatalogs.view.Detailsap.ui.core.Icon{\"src\":{\"regex\":{\"source\":\"slim\\\\-arrow\\\\-down\"}}}{\"controlType\":\"sap.m.ColumnListItem\",\"viewName\":\"etm.portal.ui.managecatalogs.view.Detail\",\"viewId\":\"application-managecatalogs-display-component---detailCatalog\",\"bindingPath\":{\"modelName\":\"classModel\",\"path\":\"/data/0/PROPERTIES/0\"},\"ancestor\":{\"controlType\":\"sap.m.Table\",\"viewName\":\"etm.portal.ui.managecatalogs.view.Detail\",\"viewId\":\"application-managecatalogs-display-component---detailCatalog\",\"bindingPath\":{\"path\":\"/data/0\",\"propertyPath\":\"PROPERTIES\",\"modelName\":\"classModel\"}}}"}]}
COMMAND: GET /session/e0f9f5aee1597ce8ab84fc4949c39ac3/screenshot - {}
RESULT: {"script":"<script> [1562 bytes]","args":[{"selector":{"controlType":"sap.ui.core.Icon","viewName":"etm.portal.ui.managecatalogs.view.Detail","viewId":"application-managecatalogs-display-component---detailCatalog","properties":{"src":{"regex":{"source":"slim\\-arrow\\-down"}}},"ancestor":{"controlType":"sap.m.ColumnListItem","viewName":"etm.portal.ui.managecatalogs.view.Detail","viewId":"application-managecatalogs-display-component---detailCatalog","bindingPath":{"modelName":"classModel","path":"/data/0/PROPERTIES/0"},"ancestor":{"controlType":"sap.m.Table","viewName":"etm.portal.ui.managecatalogs.view.Detail","viewId":"application-managecatalogs-display-component---detailCatalog","bindingPath":{"path":"/data/0","propertyPath":"PROPERTIES","modelName":"classModel"}}}},"wdio_ui5_key":"etmportal.ui.managecatalogs.view.Detailsap.ui.core.Icon{\"src\":{\"regex\":{\"source\":\"slim\\\\-arrow\\\\-down\"}}}{\"controlType\":\"sap.m.ColumnListItem\",\"viewName\":\"etm.portal.ui.managecatalogs.view.Detail\",\"viewId\":\"application-managecatalogs-display-component---detailCatalog\",\"bindingPath\":{\"modelName\":\"classModel\",\"path\":\"/data/0/PROPERTIES/0\"},\"ancestor\":{\"controlType\":\"sap.m.Table\",\"viewName\":\"etm.portal.ui.managecatalogs.view.Detail\",\"viewId\":\"application-managecatalogs-display-component---detailCatalog\",\"bindingPath\":{\"path\":\"/data/0\",\"propertyPath\":\"PROPERTIES\",\"modelName\":\"classModel\"}}}"}]}
RESULT: undefined
COMMAND: POST /session/e0f9f5aee1597ce8ab84fc4949c39ac3/element - {"using":"xpath","value":"//*[@id=\"__box31-arrow\"]"}
RESULT: {}
RESULT: {"using":"xpath","value":"//*[@id=\"__box31-arrow\"]"}
COMMAND: POST /session/e0f9f5aee1597ce8ab84fc4949c39ac3/element/f.16219B07342047CC16B1B6C41B76C932.d.6334B833EBF0F44C708C79FCEBF670A3.e.8621/click - {}
RESULT: {}
COMMAND: POST /session/e0f9f5aee1597ce8ab84fc4949c39ac3/execute/async - {"script":"<script> [1562 bytes]","args":[{"selector":{"controlType":"sap.m.StandardListItem","viewName":"etm.portal.ui.managecatalogs.view.Detail","viewId":"application-managecatalogs-display-component---detailCatalog","properties":{"title":"red"},"searchOpenDialogs":true,"interaction":{"idSuffix":"content"}},"wdio_ui5_key":"etmportal.ui.managecatalogs.view.Detailsap.m.StandardListItem{\"title\":\"red\"}"}]}
COMMAND: GET /session/e0f9f5aee1597ce8ab84fc4949c39ac3/screenshot - {}
RESULT: {"script":"<script> [1562 bytes]","args":[{"selector":{"controlType":"sap.m.StandardListItem","viewName":"etm.portal.ui.managecatalogs.view.Detail","viewId":"application-managecatalogs-display-component---detailCatalog","properties":{"title":"red"},"searchOpenDialogs":true,"interaction":{"idSuffix":"content"}},"wdio_ui5_key":"etmportal.ui.managecatalogs.view.Detailsap.m.StandardListItem{\"title\":\"red\"}"}]}
RESULT: undefined
COMMAND: POST /session/e0f9f5aee1597ce8ab84fc4949c39ac3/element - {"using":"xpath","value":"//*[@id=\"__item221\"]"}
RESULT: {}
RESULT: {"using":"xpath","value":"//*[@id=\"__item221\"]"}
COMMAND: POST /session/e0f9f5aee1597ce8ab84fc4949c39ac3/element/f.16219B07342047CC16B1B6C41B76C932.d.6334B833EBF0F44C708C79FCEBF670A3.e.8624/click - {}
RESULT: {}
COMMAND: GET /session/e0f9f5aee1597ce8ab84fc4949c39ac3/screenshot - {}
RESULT: {}
COMMAND: POST /session/e0f9f5aee1597ce8ab84fc4949c39ac3/execute/async - {"script":"<script> [1562 bytes]","args":[{"selector":{"controlType":"sap.m.Button","viewName":"etm.portal.ui.managecatalogs.view.Detail","viewId":"application-managecatalogs-display-component---detailCatalog","i18NText":{"propertyName":"text","key":"save"},"interaction":{"idSuffix":"BDI-content"}},"wdio_ui5_key":"etmportal.ui.managecatalogs.view.Detailsap.m.Button{\"propertyName\":\"text\",\"key\":\"save\"}"}]}
RESULT: {"script":"<script> [1562 bytes]","args":[{"selector":{"controlType":"sap.m.Button","viewName":"etm.portal.ui.managecatalogs.view.Detail","viewId":"application-managecatalogs-display-component---detailCatalog","i18NText":{"propertyName":"text","key":"save"},"interaction":{"idSuffix":"BDI-content"}},"wdio_ui5_key":"etmportal.ui.managecatalogs.view.Detailsap.m.Button{\"propertyName\":\"text\",\"key\":\"save\"}"}]}
RESULT: undefined
COMMAND: POST /session/e0f9f5aee1597ce8ab84fc4949c39ac3/element - {"using":"xpath","value":"//*[@id=\"__button43\"]"}
RESULT: {"using":"xpath","value":"//*[@id=\"__button43\"]"}
COMMAND: POST /session/e0f9f5aee1597ce8ab84fc4949c39ac3/element/f.16219B07342047CC16B1B6C41B76C932.d.6334B833EBF0F44C708C79FCEBF670A3.e.8531/click - {}
RESULT: {}
COMMAND: GET /session/e0f9f5aee1597ce8ab84fc4949c39ac3/screenshot - {}
RESULT: {}
COMMAND: POST /session/e0f9f5aee1597ce8ab84fc4949c39ac3/element - {"using":"css selector","value":"#shell-header-logo"}
RESULT: {"using":"css selector","value":"#shell-header-logo"}
COMMAND: POST /session/e0f9f5aee1597ce8ab84fc4949c39ac3/element/f.16219B07342047CC16B1B6C41B76C932.d.6334B833EBF0F44C708C79FCEBF670A3.e.8352/click - {}
RESULT: {}
COMMAND: GET /session/e0f9f5aee1597ce8ab84fc4949c39ac3/screenshot - {}
RESULT: {}
]]></system-out>
    </testcase>
    <testcase classname="chrome.136_0_7103_49.windows.Manage_requests_-_requests_specifications_US141095" name="Should create a new request and add the catalog item with the specifications" time="154.226">
      <system-out><![CDATA[
COMMAND: POST /session/e0f9f5aee1597ce8ab84fc4949c39ac3/element - {"using":"xpath","value":"//*[contains(@href, 'etm.portal.ui.managerequests')]"}
RESULT: {"using":"xpath","value":"//*[contains(@href, 'etm.portal.ui.managerequests')]"}
COMMAND: POST /session/e0f9f5aee1597ce8ab84fc4949c39ac3/element/f.16219B07342047CC16B1B6C41B76C932.d.6334B833EBF0F44C708C79FCEBF670A3.e.8646/click - {}
RESULT: {}
COMMAND: GET /session/e0f9f5aee1597ce8ab84fc4949c39ac3/screenshot - {}
RESULT: {}
COMMAND: POST /session/e0f9f5aee1597ce8ab84fc4949c39ac3/element - {"using":"xpath","value":"//button[contains(@data-kt ,\"btnCreateNewOverflowToolbarButton\")]"}
COMMAND: POST /session/e0f9f5aee1597ce8ab84fc4949c39ac3/element - {"using":"xpath","value":"(//span[contains(@class ,\"sapMObjStatusText\")])[1]"}
RESULT: {"using":"xpath","value":"//button[contains(@data-kt ,\"btnCreateNewOverflowToolbarButton\")]"}
COMMAND: POST /session/e0f9f5aee1597ce8ab84fc4949c39ac3/element/f.16219B07342047CC16B1B6C41B76C932.d.6334B833EBF0F44C708C79FCEBF670A3.e.8704/click - {}
RESULT: {"using":"xpath","value":"(//span[contains(@class ,\"sapMObjStatusText\")])[1]"}
COMMAND: POST /session/e0f9f5aee1597ce8ab84fc4949c39ac3/execute/sync - {"script":"<script> [8489 bytes]","args":[{"element-6066-11e4-a52e-4f735466cecf":"f.16219B07342047CC16B1B6C41B76C932.d.6334B833EBF0F44C708C79FCEBF670A3.e.8745","ELEMENT":"f.16219B07342047CC16B1B6C41B76C932.d.6334B833EBF0F44C708C79FCEBF670A3.e.8745"}]}
RESULT: {}
COMMAND: GET /session/e0f9f5aee1597ce8ab84fc4949c39ac3/screenshot - {}
COMMAND: POST /session/e0f9f5aee1597ce8ab84fc4949c39ac3/element - {"using":"xpath","value":"(//span[contains(@class ,\"sapMObjStatusText\")])[1]"}
RESULT: {}
RESULT: {"using":"xpath","value":"(//span[contains(@class ,\"sapMObjStatusText\")])[1]"}
COMMAND: POST /session/e0f9f5aee1597ce8ab84fc4949c39ac3/execute/sync - {"script":"<script> [8489 bytes]","args":[{"element-6066-11e4-a52e-4f735466cecf":"f.16219B07342047CC16B1B6C41B76C932.d.6334B833EBF0F44C708C79FCEBF670A3.e.9082","ELEMENT":"f.16219B07342047CC16B1B6C41B76C932.d.6334B833EBF0F44C708C79FCEBF670A3.e.9082"}]}
RESULT: {"script":"<script> [8489 bytes]","args":[{"element-6066-11e4-a52e-4f735466cecf":"f.16219B07342047CC16B1B6C41B76C932.d.6334B833EBF0F44C708C79FCEBF670A3.e.9082","ELEMENT":"f.16219B07342047CC16B1B6C41B76C932.d.6334B833EBF0F44C708C79FCEBF670A3.e.9082"}]}
COMMAND: GET /session/e0f9f5aee1597ce8ab84fc4949c39ac3/screenshot - {}
RESULT: {}
COMMAND: POST /session/e0f9f5aee1597ce8ab84fc4949c39ac3/element - {"using":"xpath","value":"//input[contains(@id ,\"yardId-inner\")]"}
RESULT: {"using":"xpath","value":"//input[contains(@id ,\"yardId-inner\")]"}
COMMAND: POST /session/e0f9f5aee1597ce8ab84fc4949c39ac3/execute/sync - {"script":"<script> [8489 bytes]","args":[{"element-6066-11e4-a52e-4f735466cecf":"f.16219B07342047CC16B1B6C41B76C932.d.6334B833EBF0F44C708C79FCEBF670A3.e.8951","ELEMENT":"f.16219B07342047CC16B1B6C41B76C932.d.6334B833EBF0F44C708C79FCEBF670A3.e.8951"}]}
RESULT: {"script":"<script> [8489 bytes]","args":[{"element-6066-11e4-a52e-4f735466cecf":"f.16219B07342047CC16B1B6C41B76C932.d.6334B833EBF0F44C708C79FCEBF670A3.e.8951","ELEMENT":"f.16219B07342047CC16B1B6C41B76C932.d.6334B833EBF0F44C708C79FCEBF670A3.e.8951"}]}
COMMAND: POST /session/e0f9f5aee1597ce8ab84fc4949c39ac3/element - {"using":"xpath","value":"//input[contains(@id ,\"yardId-inner\")]"}
COMMAND: GET /session/e0f9f5aee1597ce8ab84fc4949c39ac3/screenshot - {}
RESULT: {"using":"xpath","value":"//input[contains(@id ,\"yardId-inner\")]"}
COMMAND: GET /session/e0f9f5aee1597ce8ab84fc4949c39ac3/element/f.16219B07342047CC16B1B6C41B76C932.d.6334B833EBF0F44C708C79FCEBF670A3.e.8951/enabled - {}
RESULT: {}
RESULT: {}
COMMAND: POST /session/e0f9f5aee1597ce8ab84fc4949c39ac3/element/f.16219B07342047CC16B1B6C41B76C932.d.6334B833EBF0F44C708C79FCEBF670A3.e.8951/clear - {}
COMMAND: GET /session/e0f9f5aee1597ce8ab84fc4949c39ac3/screenshot - {}
RESULT: {}
COMMAND: POST /session/e0f9f5aee1597ce8ab84fc4949c39ac3/element/f.16219B07342047CC16B1B6C41B76C932.d.6334B833EBF0F44C708C79FCEBF670A3.e.8951/value - {"text":"WebdriverYardgxtyv"}
COMMAND: GET /session/e0f9f5aee1597ce8ab84fc4949c39ac3/screenshot - {}
RESULT: {}
RESULT: {"text":"WebdriverYardgxtyv"}
COMMAND: GET /session/e0f9f5aee1597ce8ab84fc4949c39ac3/screenshot - {}
RESULT: {}
RESULT: {}
COMMAND: POST /session/e0f9f5aee1597ce8ab84fc4949c39ac3/element - {"using":"xpath","value":"//input[contains(@id ,\"customerNumber-inner\")]"}
RESULT: {"using":"xpath","value":"//input[contains(@id ,\"customerNumber-inner\")]"}
COMMAND: POST /session/e0f9f5aee1597ce8ab84fc4949c39ac3/element/f.16219B07342047CC16B1B6C41B76C932.d.6334B833EBF0F44C708C79FCEBF670A3.e.8945/value - {"text":"WebdriverPartnerssuou"}
COMMAND: POST /session/e0f9f5aee1597ce8ab84fc4949c39ac3/actions - {"actions":[{"id":"action51","type":"key","parameters":{},"actions":[{"type":"keyDown","value":"î€‡"},{"type":"pause","duration":10},{"type":"keyUp","value":"î€‡"}]}]}
RESULT: {"actions":[{"id":"action51","type":"key","parameters":{},"actions":[{"type":"keyDown","value":"î€‡"},{"type":"pause","duration":10},{"type":"keyUp","value":"î€‡"}]}]}
COMMAND: GET /session/e0f9f5aee1597ce8ab84fc4949c39ac3/screenshot - {}
RESULT: {"text":"WebdriverPartnerssuou"}
COMMAND: GET /session/e0f9f5aee1597ce8ab84fc4949c39ac3/screenshot - {}
RESULT: {}
RESULT: {}
COMMAND: POST /session/e0f9f5aee1597ce8ab84fc4949c39ac3/actions - {"actions":[{"id":"action52","type":"key","parameters":{},"actions":[{"type":"keyDown","value":"î€‡"},{"type":"pause","duration":10},{"type":"keyUp","value":"î€‡"}]}]}
RESULT: {"actions":[{"id":"action52","type":"key","parameters":{},"actions":[{"type":"keyDown","value":"î€‡"},{"type":"pause","duration":10},{"type":"keyUp","value":"î€‡"}]}]}
COMMAND: GET /session/e0f9f5aee1597ce8ab84fc4949c39ac3/screenshot - {}
RESULT: {}
COMMAND: POST /session/e0f9f5aee1597ce8ab84fc4949c39ac3/element - {"using":"xpath","value":"//input[contains(@id ,\"requestSiteId-inner\")]"}
RESULT: {"using":"xpath","value":"//input[contains(@id ,\"requestSiteId-inner\")]"}
COMMAND: POST /session/e0f9f5aee1597ce8ab84fc4949c39ac3/element/f.16219B07342047CC16B1B6C41B76C932.d.6334B833EBF0F44C708C79FCEBF670A3.e.8944/value - {"text":"WebdriverSite1lfj"}
RESULT: {"text":"WebdriverSite1lfj"}
COMMAND: GET /session/e0f9f5aee1597ce8ab84fc4949c39ac3/screenshot - {}
RESULT: {}
COMMAND: POST /session/e0f9f5aee1597ce8ab84fc4949c39ac3/actions - {"actions":[{"id":"action53","type":"key","parameters":{},"actions":[{"type":"keyDown","value":"î€‡"},{"type":"pause","duration":10},{"type":"keyUp","value":"î€‡"}]}]}
RESULT: {"actions":[{"id":"action53","type":"key","parameters":{},"actions":[{"type":"keyDown","value":"î€‡"},{"type":"pause","duration":10},{"type":"keyUp","value":"î€‡"}]}]}
COMMAND: POST /session/e0f9f5aee1597ce8ab84fc4949c39ac3/execute/async - {"script":"<script> [1562 bytes]","args":[{"selector":{"controlType":"sap.ui.core.Icon","viewName":"etm.portal.ui.managerequests.view.NewRequest","properties":{"src":{"regex":{"source":"add"}}}},"wdio_ui5_key":"etmportal.ui.managerequests.view.NewRequestsap.ui.core.Icon{\"src\":{\"regex\":{\"source\":\"add\"}}}"}]}
COMMAND: GET /session/e0f9f5aee1597ce8ab84fc4949c39ac3/screenshot - {}
RESULT: {"script":"<script> [1562 bytes]","args":[{"selector":{"controlType":"sap.ui.core.Icon","viewName":"etm.portal.ui.managerequests.view.NewRequest","properties":{"src":{"regex":{"source":"add"}}}},"wdio_ui5_key":"etmportal.ui.managerequests.view.NewRequestsap.ui.core.Icon{\"src\":{\"regex\":{\"source\":\"add\"}}}"}]}
RESULT: undefined
COMMAND: POST /session/e0f9f5aee1597ce8ab84fc4949c39ac3/element - {"using":"xpath","value":"//*[@id=\"__xmlview59--btnAddTableRow-img\"]"}
RESULT: {}
RESULT: {"using":"xpath","value":"//*[@id=\"__xmlview59--btnAddTableRow-img\"]"}
COMMAND: POST /session/e0f9f5aee1597ce8ab84fc4949c39ac3/element/f.16219B07342047CC16B1B6C41B76C932.d.6334B833EBF0F44C708C79FCEBF670A3.e.8925/click - {}
RESULT: {}
COMMAND: GET /session/e0f9f5aee1597ce8ab84fc4949c39ac3/screenshot - {}
RESULT: {}
COMMAND: POST /session/e0f9f5aee1597ce8ab84fc4949c39ac3/actions - {"actions":[{"id":"action54","type":"key","parameters":{},"actions":[{"type":"keyDown","value":"î€•"},{"type":"pause","duration":10},{"type":"keyUp","value":"î€•"}]}]}
RESULT: {"actions":[{"id":"action54","type":"key","parameters":{},"actions":[{"type":"keyDown","value":"î€•"},{"type":"pause","duration":10},{"type":"keyUp","value":"î€•"}]}]}
COMMAND: POST /session/e0f9f5aee1597ce8ab84fc4949c39ac3/actions - {"actions":[{"id":"action55","type":"key","parameters":{},"actions":[{"type":"keyDown","value":"î€‡"},{"type":"pause","duration":10},{"type":"keyUp","value":"î€‡"}]}]}
COMMAND: GET /session/e0f9f5aee1597ce8ab84fc4949c39ac3/screenshot - {}
RESULT: {"actions":[{"id":"action55","type":"key","parameters":{},"actions":[{"type":"keyDown","value":"î€‡"},{"type":"pause","duration":10},{"type":"keyUp","value":"î€‡"}]}]}
COMMAND: POST /session/e0f9f5aee1597ce8ab84fc4949c39ac3/element - {"using":"xpath","value":"(//input[contains(@id ,\"requestItemsTable-0-inner\")])[1]"}
COMMAND: GET /session/e0f9f5aee1597ce8ab84fc4949c39ac3/screenshot - {}
RESULT: {}
RESULT: {"using":"xpath","value":"(//input[contains(@id ,\"requestItemsTable-0-inner\")])[1]"}
COMMAND: POST /session/e0f9f5aee1597ce8ab84fc4949c39ac3/element/f.16219B07342047CC16B1B6C41B76C932.d.6334B833EBF0F44C708C79FCEBF670A3.e.9096/clear - {}
RESULT: {}
RESULT: {}
COMMAND: POST /session/e0f9f5aee1597ce8ab84fc4949c39ac3/element/f.16219B07342047CC16B1B6C41B76C932.d.6334B833EBF0F44C708C79FCEBF670A3.e.9096/value - {"text":"catalogItemName16j17"}
COMMAND: GET /session/e0f9f5aee1597ce8ab84fc4949c39ac3/screenshot - {}
RESULT: {"text":"catalogItemName16j17"}
COMMAND: GET /session/e0f9f5aee1597ce8ab84fc4949c39ac3/screenshot - {}
RESULT: {}
RESULT: {}
COMMAND: POST /session/e0f9f5aee1597ce8ab84fc4949c39ac3/actions - {"actions":[{"id":"action56","type":"key","parameters":{},"actions":[{"type":"keyDown","value":"î€‡"},{"type":"pause","duration":10},{"type":"keyUp","value":"î€‡"}]}]}
RESULT: {"actions":[{"id":"action56","type":"key","parameters":{},"actions":[{"type":"keyDown","value":"î€‡"},{"type":"pause","duration":10},{"type":"keyUp","value":"î€‡"}]}]}
COMMAND: GET /session/e0f9f5aee1597ce8ab84fc4949c39ac3/screenshot - {}
RESULT: {}
COMMAND: POST /session/e0f9f5aee1597ce8ab84fc4949c39ac3/execute/async - {"script":"<script> [1562 bytes]","args":[{"selector":{"controlType":"sap.m.Button","viewName":"etm.portal.ui.managerequests.view.NewRequest","i18NText":{"propertyName":"text","key":"requestSpecifications"},"interaction":{"idSuffix":"BDI-content"}},"wdio_ui5_key":"etmportal.ui.managerequests.view.NewRequestsap.m.Button{\"propertyName\":\"text\",\"key\":\"requestSpecifications\"}"}]}
RESULT: {"script":"<script> [1562 bytes]","args":[{"selector":{"controlType":"sap.m.Button","viewName":"etm.portal.ui.managerequests.view.NewRequest","i18NText":{"propertyName":"text","key":"requestSpecifications"},"interaction":{"idSuffix":"BDI-content"}},"wdio_ui5_key":"etmportal.ui.managerequests.view.NewRequestsap.m.Button{\"propertyName\":\"text\",\"key\":\"requestSpecifications\"}"}]}
RESULT: undefined
COMMAND: POST /session/e0f9f5aee1597ce8ab84fc4949c39ac3/element - {"using":"xpath","value":"//*[@id=\"__button78-__xmlview59--requestItemsTable-0\"]"}
RESULT: {"using":"xpath","value":"//*[@id=\"__button78-__xmlview59--requestItemsTable-0\"]"}
COMMAND: POST /session/e0f9f5aee1597ce8ab84fc4949c39ac3/element/f.16219B07342047CC16B1B6C41B76C932.d.6334B833EBF0F44C708C79FCEBF670A3.e.9110/click - {}
RESULT: {}
COMMAND: GET /session/e0f9f5aee1597ce8ab84fc4949c39ac3/screenshot - {}
RESULT: {}
COMMAND: POST /session/e0f9f5aee1597ce8ab84fc4949c39ac3/element - {"using":"xpath","value":"//input[@value=\"red\"]"}
RESULT: {"using":"xpath","value":"//input[@value=\"red\"]"}
COMMAND: POST /session/e0f9f5aee1597ce8ab84fc4949c39ac3/elements - {"using":"xpath","value":"//input[@value=\"red\"]"}
RESULT: {"using":"xpath","value":"//input[@value=\"red\"]"}
COMMAND: POST /session/e0f9f5aee1597ce8ab84fc4949c39ac3/execute/async - {"script":"<script> [1562 bytes]","args":[{"selector":{"controlType":"sap.m.Text","viewName":"etm.portal.ui.managerequests.view.NewRequest","bindingPath":{"path":"/currentEntries/0/PROPERTIES/0","propertyPath":"DESCRIPTION","modelName":"techSpecsClassificationModel"},"searchOpenDialogs":true},"wdio_ui5_key":"etmportal.ui.managerequests.view.NewRequestsap.m.Text{\"path\":\"/currentEntries/0/PROPERTIES/0\",\"propertyPath\":\"DESCRIPTION\",\"modelName\":\"techSpecsClassificationModel\"}"}]}
RESULT: {"script":"<script> [1562 bytes]","args":[{"selector":{"controlType":"sap.m.Text","viewName":"etm.portal.ui.managerequests.view.NewRequest","bindingPath":{"path":"/currentEntries/0/PROPERTIES/0","propertyPath":"DESCRIPTION","modelName":"techSpecsClassificationModel"},"searchOpenDialogs":true},"wdio_ui5_key":"etmportal.ui.managerequests.view.NewRequestsap.m.Text{\"path\":\"/currentEntries/0/PROPERTIES/0\",\"propertyPath\":\"DESCRIPTION\",\"modelName\":\"techSpecsClassificationModel\"}"}]}
RESULT: undefined
COMMAND: POST /session/e0f9f5aee1597ce8ab84fc4949c39ac3/execute/async - {"script":"<script> [6424 bytes]","args":[{"element-6066-11e4-a52e-4f735466cecf":"f.16219B07342047CC16B1B6C41B76C932.d.6334B833EBF0F44C708C79FCEBF670A3.e.9119"},"getText",[]]}
RESULT: {"script":"<script> [6424 bytes]","args":[{"element-6066-11e4-a52e-4f735466cecf":"f.16219B07342047CC16B1B6C41B76C932.d.6334B833EBF0F44C708C79FCEBF670A3.e.9119"},"getText",[]]}
COMMAND: POST /session/e0f9f5aee1597ce8ab84fc4949c39ac3/execute/async - {"script":"<script> [1562 bytes]","args":[{"selector":{"controlType":"sap.ui.core.Icon","viewName":"etm.portal.ui.managerequests.view.NewRequest","properties":{"src":{"regex":{"source":"slim\\-arrow\\-down"}}},"searchOpenDialogs":true},"wdio_ui5_key":"etmportal.ui.managerequests.view.NewRequestsap.ui.core.Icon{\"src\":{\"regex\":{\"source\":\"slim\\\\-arrow\\\\-down\"}}}"}]}
RESULT: {"script":"<script> [1562 bytes]","args":[{"selector":{"controlType":"sap.ui.core.Icon","viewName":"etm.portal.ui.managerequests.view.NewRequest","properties":{"src":{"regex":{"source":"slim\\-arrow\\-down"}}},"searchOpenDialogs":true},"wdio_ui5_key":"etmportal.ui.managerequests.view.NewRequestsap.ui.core.Icon{\"src\":{\"regex\":{\"source\":\"slim\\\\-arrow\\\\-down\"}}}"}]}
RESULT: undefined
COMMAND: POST /session/e0f9f5aee1597ce8ab84fc4949c39ac3/element - {"using":"xpath","value":"//*[@id=\"__box58-arrow\"]"}
RESULT: {"using":"xpath","value":"//*[@id=\"__box58-arrow\"]"}
COMMAND: POST /session/e0f9f5aee1597ce8ab84fc4949c39ac3/element/f.16219B07342047CC16B1B6C41B76C932.d.6334B833EBF0F44C708C79FCEBF670A3.e.9120/click - {}
RESULT: {}
COMMAND: POST /session/e0f9f5aee1597ce8ab84fc4949c39ac3/execute/async - {"script":"<script> [1562 bytes]","args":[{"selector":{"controlType":"sap.m.StandardListItem","viewName":"etm.portal.ui.managerequests.view.NewRequest","properties":{"title":"blue"},"searchOpenDialogs":true,"interaction":{"idSuffix":"content"}},"wdio_ui5_key":"etmportal.ui.managerequests.view.NewRequestsap.m.StandardListItem{\"title\":\"blue\"}"}]}
COMMAND: GET /session/e0f9f5aee1597ce8ab84fc4949c39ac3/screenshot - {}
RESULT: {"script":"<script> [1562 bytes]","args":[{"selector":{"controlType":"sap.m.StandardListItem","viewName":"etm.portal.ui.managerequests.view.NewRequest","properties":{"title":"blue"},"searchOpenDialogs":true,"interaction":{"idSuffix":"content"}},"wdio_ui5_key":"etmportal.ui.managerequests.view.NewRequestsap.m.StandardListItem{\"title\":\"blue\"}"}]}
RESULT: undefined
COMMAND: POST /session/e0f9f5aee1597ce8ab84fc4949c39ac3/element - {"using":"xpath","value":"//*[@id=\"__item1120\"]"}
RESULT: {}
RESULT: {"using":"xpath","value":"//*[@id=\"__item1120\"]"}
COMMAND: POST /session/e0f9f5aee1597ce8ab84fc4949c39ac3/element/f.16219B07342047CC16B1B6C41B76C932.d.6334B833EBF0F44C708C79FCEBF670A3.e.9122/click - {}
RESULT: {}
COMMAND: GET /session/e0f9f5aee1597ce8ab84fc4949c39ac3/screenshot - {}
RESULT: {}
COMMAND: POST /session/e0f9f5aee1597ce8ab84fc4949c39ac3/execute/async - {"script":"<script> [1562 bytes]","args":[{"selector":{"id":"saveButton","viewName":"etm.portal.ui.managerequests.view.NewRequest","searchOpenDialogs":true,"interaction":{"idSuffix":"BDI-content"}},"wdio_ui5_key":"saveButtonetmportal.ui.managerequests.view.NewRequest"}]}
RESULT: {"script":"<script> [1562 bytes]","args":[{"selector":{"id":"saveButton","viewName":"etm.portal.ui.managerequests.view.NewRequest","searchOpenDialogs":true,"interaction":{"idSuffix":"BDI-content"}},"wdio_ui5_key":"saveButtonetmportal.ui.managerequests.view.NewRequest"}]}
RESULT: undefined
COMMAND: POST /session/e0f9f5aee1597ce8ab84fc4949c39ac3/element - {"using":"xpath","value":"//*[@id=\"__xmlview59--saveButton\"]"}
RESULT: {"using":"xpath","value":"//*[@id=\"__xmlview59--saveButton\"]"}
COMMAND: POST /session/e0f9f5aee1597ce8ab84fc4949c39ac3/element/f.16219B07342047CC16B1B6C41B76C932.d.6334B833EBF0F44C708C79FCEBF670A3.e.9117/click - {}
RESULT: {}
COMMAND: POST /session/e0f9f5aee1597ce8ab84fc4949c39ac3/execute/async - {"script":"<script> [1562 bytes]","args":[{"selector":{"controlType":"sap.ui.core.Icon","viewName":"etm.portal.ui.managerequests.view.NewRequest","properties":{"src":{"regex":{"source":"slim\\-arrow\\-down"}}},"ancestor":{"controlType":"sap.m.Button","viewName":"etm.portal.ui.managerequests.view.NewRequest","properties":{"icon":"sap-icon://slim-arrow-down"}}},"wdio_ui5_key":"etmportal.ui.managerequests.view.NewRequestsap.ui.core.Icon{\"src\":{\"regex\":{\"source\":\"slim\\\\-arrow\\\\-down\"}}}{\"controlType\":\"sap.m.Button\",\"viewName\":\"etm.portal.ui.managerequests.view.NewRequest\",\"properties\":{\"icon\":\"sap-icon://slim-arrow-down\"}}"}]}
COMMAND: GET /session/e0f9f5aee1597ce8ab84fc4949c39ac3/screenshot - {}
RESULT: {"script":"<script> [1562 bytes]","args":[{"selector":{"controlType":"sap.ui.core.Icon","viewName":"etm.portal.ui.managerequests.view.NewRequest","properties":{"src":{"regex":{"source":"slim\\-arrow\\-down"}}},"ancestor":{"controlType":"sap.m.Button","viewName":"etm.portal.ui.managerequests.view.NewRequest","properties":{"icon":"sap-icon://slim-arrow-down"}}},"wdio_ui5_key":"etmportal.ui.managerequests.view.NewRequestsap.ui.core.Icon{\"src\":{\"regex\":{\"source\":\"slim\\\\-arrow\\\\-down\"}}}{\"controlType\":\"sap.m.Button\",\"viewName\":\"etm.portal.ui.managerequests.view.NewRequest\",\"properties\":{\"icon\":\"sap-icon://slim-arrow-down\"}}"}]}
RESULT: undefined
RESULT: {}
COMMAND: POST /session/e0f9f5aee1597ce8ab84fc4949c39ac3/element - {"using":"xpath","value":"//div[contains(@data-kt ,\"splitAllocationObjectStatus\")]"}
RESULT: {"using":"xpath","value":"//div[contains(@data-kt ,\"splitAllocationObjectStatus\")]"}
COMMAND: POST /session/e0f9f5aee1597ce8ab84fc4949c39ac3/elements - {"using":"xpath","value":"//div[contains(@data-kt ,\"splitAllocationObjectStatus\")]"}
RESULT: {"using":"xpath","value":"//div[contains(@data-kt ,\"splitAllocationObjectStatus\")]"}
COMMAND: POST /session/e0f9f5aee1597ce8ab84fc4949c39ac3/execute/async - {"script":"<script> [1562 bytes]","args":[{"selector":{"controlType":"sap.ui.core.Icon","viewName":"etm.portal.ui.managerequests.view.NewRequest","properties":{"src":{"regex":{"source":"message\\-error"}}}},"wdio_ui5_key":"etmportal.ui.managerequests.view.NewRequestsap.ui.core.Icon{\"src\":{\"regex\":{\"source\":\"message\\\\-error\"}}}"}]}
RESULT: {"script":"<script> [1562 bytes]","args":[{"selector":{"controlType":"sap.ui.core.Icon","viewName":"etm.portal.ui.managerequests.view.NewRequest","properties":{"src":{"regex":{"source":"message\\-error"}}}},"wdio_ui5_key":"etmportal.ui.managerequests.view.NewRequestsap.ui.core.Icon{\"src\":{\"regex\":{\"source\":\"message\\\\-error\"}}}"}]}
RESULT: undefined
COMMAND: POST /session/e0f9f5aee1597ce8ab84fc4949c39ac3/element - {"using":"xpath","value":"//*[@id=\"__status4-__xmlview59--requestItemsTable-0-icon\"]"}
RESULT: {"using":"xpath","value":"//*[@id=\"__status4-__xmlview59--requestItemsTable-0-icon\"]"}
COMMAND: POST /session/e0f9f5aee1597ce8ab84fc4949c39ac3/element/f.16219B07342047CC16B1B6C41B76C932.d.6334B833EBF0F44C708C79FCEBF670A3.e.9125/click - {}
RESULT: {}
COMMAND: POST /session/e0f9f5aee1597ce8ab84fc4949c39ac3/execute/async - {"script":"<script> [1562 bytes]","args":[{"selector":{"controlType":"sap.ui.core.Icon","viewName":"etm.portal.ui.managerequests.view.NewRequest","properties":{"src":{"regex":{"source":"slim\\-arrow\\-down"}}},"searchOpenDialogs":true,"ancestor":{"id":"costObjectAdminTypeComboBox","viewName":"etm.portal.ui.managerequests.view.NewRequest","searchOpenDialogs":true}},"wdio_ui5_key":"etmportal.ui.managerequests.view.NewRequestsap.ui.core.Icon{\"src\":{\"regex\":{\"source\":\"slim\\\\-arrow\\\\-down\"}}}{\"id\":\"costObjectAdminTypeComboBox\",\"viewName\":\"etm.portal.ui.managerequests.view.NewRequest\",\"searchOpenDialogs\":true}"}]}
COMMAND: GET /session/e0f9f5aee1597ce8ab84fc4949c39ac3/screenshot - {}
RESULT: {"script":"<script> [1562 bytes]","args":[{"selector":{"controlType":"sap.ui.core.Icon","viewName":"etm.portal.ui.managerequests.view.NewRequest","properties":{"src":{"regex":{"source":"slim\\-arrow\\-down"}}},"searchOpenDialogs":true,"ancestor":{"id":"costObjectAdminTypeComboBox","viewName":"etm.portal.ui.managerequests.view.NewRequest","searchOpenDialogs":true}},"wdio_ui5_key":"etmportal.ui.managerequests.view.NewRequestsap.ui.core.Icon{\"src\":{\"regex\":{\"source\":\"slim\\\\-arrow\\\\-down\"}}}{\"id\":\"costObjectAdminTypeComboBox\",\"viewName\":\"etm.portal.ui.managerequests.view.NewRequest\",\"searchOpenDialogs\":true}"}]}
RESULT: undefined
COMMAND: POST /session/e0f9f5aee1597ce8ab84fc4949c39ac3/element - {"using":"xpath","value":"//*[@id=\"__xmlview59--costObjectAdminTypeComboBox-arrow\"]"}
RESULT: {}
RESULT: {"using":"xpath","value":"//*[@id=\"__xmlview59--costObjectAdminTypeComboBox-arrow\"]"}
COMMAND: POST /session/e0f9f5aee1597ce8ab84fc4949c39ac3/element/f.16219B07342047CC16B1B6C41B76C932.d.6334B833EBF0F44C708C79FCEBF670A3.e.9129/click - {}
RESULT: {}
COMMAND: POST /session/e0f9f5aee1597ce8ab84fc4949c39ac3/execute/async - {"script":"<script> [1562 bytes]","args":[{"selector":{"controlType":"sap.m.StandardListItem","viewName":"etm.portal.ui.managerequests.view.NewRequest","properties":{"title":"Cost Center"},"searchOpenDialogs":true,"interaction":{"idSuffix":"titleText"}},"wdio_ui5_key":"etmportal.ui.managerequests.view.NewRequestsap.m.StandardListItem{\"title\":\"Cost Center\"}"}]}
COMMAND: GET /session/e0f9f5aee1597ce8ab84fc4949c39ac3/screenshot - {}
RESULT: {"script":"<script> [1562 bytes]","args":[{"selector":{"controlType":"sap.m.StandardListItem","viewName":"etm.portal.ui.managerequests.view.NewRequest","properties":{"title":"Cost Center"},"searchOpenDialogs":true,"interaction":{"idSuffix":"titleText"}},"wdio_ui5_key":"etmportal.ui.managerequests.view.NewRequestsap.m.StandardListItem{\"title\":\"Cost Center\"}"}]}
RESULT: undefined
COMMAND: POST /session/e0f9f5aee1597ce8ab84fc4949c39ac3/element - {"using":"xpath","value":"//*[@id=\"__item1123\"]"}
RESULT: {}
RESULT: {"using":"xpath","value":"//*[@id=\"__item1123\"]"}
COMMAND: POST /session/e0f9f5aee1597ce8ab84fc4949c39ac3/element/f.16219B07342047CC16B1B6C41B76C932.d.6334B833EBF0F44C708C79FCEBF670A3.e.9132/click - {}
RESULT: {}
COMMAND: GET /session/e0f9f5aee1597ce8ab84fc4949c39ac3/screenshot - {}
RESULT: {}
COMMAND: POST /session/e0f9f5aee1597ce8ab84fc4949c39ac3/execute/async - {"script":"<script> [1562 bytes]","args":[{"selector":{"controlType":"sap.ui.core.Icon","viewName":"etm.portal.ui.managerequests.view.NewRequest","properties":{"src":{"regex":{"source":"value\\-help"}}},"searchOpenDialogs":true},"wdio_ui5_key":"etmportal.ui.managerequests.view.NewRequestsap.ui.core.Icon{\"src\":{\"regex\":{\"source\":\"value\\\\-help\"}}}"}]}
RESULT: {"script":"<script> [1562 bytes]","args":[{"selector":{"controlType":"sap.ui.core.Icon","viewName":"etm.portal.ui.managerequests.view.NewRequest","properties":{"src":{"regex":{"source":"value\\-help"}}},"searchOpenDialogs":true},"wdio_ui5_key":"etmportal.ui.managerequests.view.NewRequestsap.ui.core.Icon{\"src\":{\"regex\":{\"source\":\"value\\\\-help\"}}}"}]}
RESULT: undefined
COMMAND: POST /session/e0f9f5aee1597ce8ab84fc4949c39ac3/element - {"using":"xpath","value":"//*[@id=\"__xmlview59--costObjectIdComboBox-vhi\"]"}
RESULT: {"using":"xpath","value":"//*[@id=\"__xmlview59--costObjectIdComboBox-vhi\"]"}
COMMAND: POST /session/e0f9f5aee1597ce8ab84fc4949c39ac3/element/f.16219B07342047CC16B1B6C41B76C932.d.6334B833EBF0F44C708C79FCEBF670A3.e.9139/click - {}
RESULT: {}
COMMAND: POST /session/e0f9f5aee1597ce8ab84fc4949c39ac3/execute/async - {"script":"<script> [1562 bytes]","args":[{"selector":{"controlType":"sap.m.SearchField","properties":{"placeholder":"Search"},"searchOpenDialogs":true,"interaction":{"idSuffix":"I"}},"wdio_ui5_key":"sapm.SearchField{\"placeholder\":\"Search\"}"}]}
COMMAND: GET /session/e0f9f5aee1597ce8ab84fc4949c39ac3/screenshot - {}
RESULT: {"script":"<script> [1562 bytes]","args":[{"selector":{"controlType":"sap.m.SearchField","properties":{"placeholder":"Search"},"searchOpenDialogs":true,"interaction":{"idSuffix":"I"}},"wdio_ui5_key":"sapm.SearchField{\"placeholder\":\"Search\"}"}]}
RESULT: undefined
COMMAND: POST /session/e0f9f5aee1597ce8ab84fc4949c39ac3/execute/async - {"script":"<script> [776 bytes]","args":[{"enterText":"10001010","selector":{"controlType":"sap.m.SearchField","properties":{"placeholder":"Search"},"searchOpenDialogs":true,"interaction":{"idSuffix":"I"}},"clearTextFirst":true,"interactionType":"ENTER_TEXT"}]}
RESULT: {}
RESULT: {"script":"<script> [776 bytes]","args":[{"enterText":"10001010","selector":{"controlType":"sap.m.SearchField","properties":{"placeholder":"Search"},"searchOpenDialogs":true,"interaction":{"idSuffix":"I"}},"clearTextFirst":true,"interactionType":"ENTER_TEXT"}]}
COMMAND: POST /session/e0f9f5aee1597ce8ab84fc4949c39ac3/actions - {"actions":[{"id":"action57","type":"key","parameters":{},"actions":[{"type":"keyDown","value":"î€‡"},{"type":"pause","duration":10},{"type":"keyUp","value":"î€‡"}]}]}
RESULT: {"actions":[{"id":"action57","type":"key","parameters":{},"actions":[{"type":"keyDown","value":"î€‡"},{"type":"pause","duration":10},{"type":"keyUp","value":"î€‡"}]}]}
COMMAND: GET /session/e0f9f5aee1597ce8ab84fc4949c39ac3/screenshot - {}
RESULT: {}
COMMAND: POST /session/e0f9f5aee1597ce8ab84fc4949c39ac3/execute/async - {"script":"<script> [1562 bytes]","args":[{"selector":{"controlType":"sap.m.Text","bindingPath":{"path":"/C_CostCtrValueHelp(CostCenter='10001010',ControllingArea='Z001')","propertyPath":"CostCenterName","modelName":"CostCenterModel"},"searchOpenDialogs":true},"wdio_ui5_key":"sapm.Text{\"path\":\"/C_CostCtrValueHelp(CostCenter='10001010',ControllingArea='Z001')\",\"propertyPath\":\"CostCenterName\",\"modelName\":\"CostCenterModel\"}"}]}
RESULT: {"script":"<script> [1562 bytes]","args":[{"selector":{"controlType":"sap.m.Text","bindingPath":{"path":"/C_CostCtrValueHelp(CostCenter='10001010',ControllingArea='Z001')","propertyPath":"CostCenterName","modelName":"CostCenterModel"},"searchOpenDialogs":true},"wdio_ui5_key":"sapm.Text{\"path\":\"/C_CostCtrValueHelp(CostCenter='10001010',ControllingArea='Z001')\",\"propertyPath\":\"CostCenterName\",\"modelName\":\"CostCenterModel\"}"}]}
RESULT: undefined
COMMAND: POST /session/e0f9f5aee1597ce8ab84fc4949c39ac3/element - {"using":"xpath","value":"//*[@id=\"__text550-__clone1340\"]"}
RESULT: {"using":"xpath","value":"//*[@id=\"__text550-__clone1340\"]"}
COMMAND: POST /session/e0f9f5aee1597ce8ab84fc4949c39ac3/element/f.16219B07342047CC16B1B6C41B76C932.d.6334B833EBF0F44C708C79FCEBF670A3.e.9179/click - {}
RESULT: {}
COMMAND: POST /session/e0f9f5aee1597ce8ab84fc4949c39ac3/execute/async - {"script":"<script> [1562 bytes]","args":[{"selector":{"controlType":"sap.m.Button","properties":{"text":"OK"},"searchOpenDialogs":true,"interaction":{"idSuffix":"BDI-content"}},"wdio_ui5_key":"sapm.Button{\"text\":\"OK\"}"}]}
COMMAND: GET /session/e0f9f5aee1597ce8ab84fc4949c39ac3/screenshot - {}
RESULT: {"script":"<script> [1562 bytes]","args":[{"selector":{"controlType":"sap.m.Button","properties":{"text":"OK"},"searchOpenDialogs":true,"interaction":{"idSuffix":"BDI-content"}},"wdio_ui5_key":"sapm.Button{\"text\":\"OK\"}"}]}
RESULT: undefined
COMMAND: POST /session/e0f9f5aee1597ce8ab84fc4949c39ac3/element - {"using":"xpath","value":"//*[@id=\"__dialog2-ok\"]"}
RESULT: {}
RESULT: {"using":"xpath","value":"//*[@id=\"__dialog2-ok\"]"}
COMMAND: POST /session/e0f9f5aee1597ce8ab84fc4949c39ac3/element/f.16219B07342047CC16B1B6C41B76C932.d.6334B833EBF0F44C708C79FCEBF670A3.e.9181/click - {}
RESULT: {}
COMMAND: GET /session/e0f9f5aee1597ce8ab84fc4949c39ac3/screenshot - {}
RESULT: {}
COMMAND: POST /session/e0f9f5aee1597ce8ab84fc4949c39ac3/execute/async - {"script":"<script> [1562 bytes]","args":[{"selector":{"controlType":"sap.m.Button","viewName":"etm.portal.ui.managerequests.view.NewRequest","i18NText":{"propertyName":"text","key":"save"},"searchOpenDialogs":true,"interaction":{"idSuffix":"BDI-content"}},"wdio_ui5_key":"etmportal.ui.managerequests.view.NewRequestsap.m.Button{\"propertyName\":\"text\",\"key\":\"save\"}"}]}
RESULT: {"script":"<script> [1562 bytes]","args":[{"selector":{"controlType":"sap.m.Button","viewName":"etm.portal.ui.managerequests.view.NewRequest","i18NText":{"propertyName":"text","key":"save"},"searchOpenDialogs":true,"interaction":{"idSuffix":"BDI-content"}},"wdio_ui5_key":"etmportal.ui.managerequests.view.NewRequestsap.m.Button{\"propertyName\":\"text\",\"key\":\"save\"}"}]}
RESULT: undefined
COMMAND: POST /session/e0f9f5aee1597ce8ab84fc4949c39ac3/element - {"using":"xpath","value":"//*[@id=\"__button91\"]"}
RESULT: {"using":"xpath","value":"//*[@id=\"__button91\"]"}
COMMAND: POST /session/e0f9f5aee1597ce8ab84fc4949c39ac3/element/f.16219B07342047CC16B1B6C41B76C932.d.6334B833EBF0F44C708C79FCEBF670A3.e.9185/click - {}
RESULT: {}
COMMAND: GET /session/e0f9f5aee1597ce8ab84fc4949c39ac3/screenshot - {}
RESULT: {}
COMMAND: POST /session/e0f9f5aee1597ce8ab84fc4949c39ac3/execute/async - {"script":"<script> [1562 bytes]","args":[{"selector":{"controlType":"sap.m.Button","viewName":"etm.portal.ui.managerequests.view.NewRequest","i18NText":{"propertyName":"tooltip","key":"save"},"interaction":{"idSuffix":"content"}},"wdio_ui5_key":"etmportal.ui.managerequests.view.NewRequestsap.m.Button{\"propertyName\":\"tooltip\",\"key\":\"save\"}"}]}
RESULT: {"script":"<script> [1562 bytes]","args":[{"selector":{"controlType":"sap.m.Button","viewName":"etm.portal.ui.managerequests.view.NewRequest","i18NText":{"propertyName":"tooltip","key":"save"},"interaction":{"idSuffix":"content"}},"wdio_ui5_key":"etmportal.ui.managerequests.view.NewRequestsap.m.Button{\"propertyName\":\"tooltip\",\"key\":\"save\"}"}]}
RESULT: undefined
COMMAND: POST /session/e0f9f5aee1597ce8ab84fc4949c39ac3/element - {"using":"xpath","value":"//*[@id=\"__button80\"]"}
RESULT: {"using":"xpath","value":"//*[@id=\"__button80\"]"}
COMMAND: POST /session/e0f9f5aee1597ce8ab84fc4949c39ac3/element/f.16219B07342047CC16B1B6C41B76C932.d.6334B833EBF0F44C708C79FCEBF670A3.e.9029/click - {}
RESULT: {}
COMMAND: GET /session/e0f9f5aee1597ce8ab84fc4949c39ac3/screenshot - {}
RESULT: {}
COMMAND: POST /session/e0f9f5aee1597ce8ab84fc4949c39ac3/execute/async - {"script":"<script> [1562 bytes]","args":[{"selector":{"controlType":"sap.m.Title","properties":{"text":"Success"},"searchOpenDialogs":true},"wdio_ui5_key":"sapm.Title{\"text\":\"Success\"}"}]}
RESULT: {"script":"<script> [1562 bytes]","args":[{"selector":{"controlType":"sap.m.Title","properties":{"text":"Success"},"searchOpenDialogs":true},"wdio_ui5_key":"sapm.Title{\"text\":\"Success\"}"}]}
RESULT: undefined
COMMAND: POST /session/e0f9f5aee1597ce8ab84fc4949c39ac3/execute/async - {"script":"<script> [6424 bytes]","args":[{"element-6066-11e4-a52e-4f735466cecf":"f.16219B07342047CC16B1B6C41B76C932.d.6334B833EBF0F44C708C79FCEBF670A3.e.9190"},"getText",[]]}
RESULT: {"script":"<script> [6424 bytes]","args":[{"element-6066-11e4-a52e-4f735466cecf":"f.16219B07342047CC16B1B6C41B76C932.d.6334B833EBF0F44C708C79FCEBF670A3.e.9190"},"getText",[]]}
COMMAND: POST /session/e0f9f5aee1597ce8ab84fc4949c39ac3/execute/async - {"script":"<script> [1562 bytes]","args":[{"selector":{"controlType":"sap.m.Button","properties":{"text":"Close"},"searchOpenDialogs":true,"interaction":{"idSuffix":"BDI-content"}},"wdio_ui5_key":"sapm.Button{\"text\":\"Close\"}"}]}
RESULT: {"script":"<script> [1562 bytes]","args":[{"selector":{"controlType":"sap.m.Button","properties":{"text":"Close"},"searchOpenDialogs":true,"interaction":{"idSuffix":"BDI-content"}},"wdio_ui5_key":"sapm.Button{\"text\":\"Close\"}"}]}
RESULT: undefined
COMMAND: POST /session/e0f9f5aee1597ce8ab84fc4949c39ac3/element - {"using":"xpath","value":"//*[@id=\"__mbox-btn-0\"]"}
RESULT: {"using":"xpath","value":"//*[@id=\"__mbox-btn-0\"]"}
COMMAND: POST /session/e0f9f5aee1597ce8ab84fc4949c39ac3/element/f.16219B07342047CC16B1B6C41B76C932.d.6334B833EBF0F44C708C79FCEBF670A3.e.9189/click - {}
RESULT: {}
COMMAND: GET /session/e0f9f5aee1597ce8ab84fc4949c39ac3/screenshot - {}
RESULT: {}
COMMAND: POST /session/e0f9f5aee1597ce8ab84fc4949c39ac3/execute/async - {"script":"<script> [1562 bytes]","args":[{"selector":{"controlType":"sap.m.Button","viewName":"etm.portal.ui.managerequests.view.Detail","i18NText":{"propertyName":"text","key":"requestSpecifications"},"interaction":{"idSuffix":"BDI-content"}},"wdio_ui5_key":"etmportal.ui.managerequests.view.Detailsap.m.Button{\"propertyName\":\"text\",\"key\":\"requestSpecifications\"}"}]}
RESULT: {"script":"<script> [1562 bytes]","args":[{"selector":{"controlType":"sap.m.Button","viewName":"etm.portal.ui.managerequests.view.Detail","i18NText":{"propertyName":"text","key":"requestSpecifications"},"interaction":{"idSuffix":"BDI-content"}},"wdio_ui5_key":"etmportal.ui.managerequests.view.Detailsap.m.Button{\"propertyName\":\"text\",\"key\":\"requestSpecifications\"}"}]}
RESULT: undefined
COMMAND: POST /session/e0f9f5aee1597ce8ab84fc4949c39ac3/element - {"using":"xpath","value":"//*[@id=\"__button107-__clone1379\"]"}
RESULT: {"using":"xpath","value":"//*[@id=\"__button107-__clone1379\"]"}
COMMAND: POST /session/e0f9f5aee1597ce8ab84fc4949c39ac3/element/f.16219B07342047CC16B1B6C41B76C932.d.6334B833EBF0F44C708C79FCEBF670A3.e.9306/click - {}
RESULT: {}
COMMAND: GET /session/e0f9f5aee1597ce8ab84fc4949c39ac3/screenshot - {}
RESULT: {}
COMMAND: POST /session/e0f9f5aee1597ce8ab84fc4949c39ac3/element - {"using":"xpath","value":"//input[@value=\"blue\"]"}
RESULT: {"using":"xpath","value":"//input[@value=\"blue\"]"}
COMMAND: POST /session/e0f9f5aee1597ce8ab84fc4949c39ac3/elements - {"using":"xpath","value":"//input[@value=\"blue\"]"}
RESULT: {"using":"xpath","value":"//input[@value=\"blue\"]"}
COMMAND: POST /session/e0f9f5aee1597ce8ab84fc4949c39ac3/execute/async - {"script":"<script> [1562 bytes]","args":[{"selector":{"id":"cancelRequestSpecificationsButton","viewName":"etm.portal.ui.managerequests.view.Detail","searchOpenDialogs":true,"interaction":{"idSuffix":"BDI-content"}},"wdio_ui5_key":"cancelRequestSpecificationsButtonetmportal.ui.managerequests.view.Detail"}]}
RESULT: {"script":"<script> [1562 bytes]","args":[{"selector":{"id":"cancelRequestSpecificationsButton","viewName":"etm.portal.ui.managerequests.view.Detail","searchOpenDialogs":true,"interaction":{"idSuffix":"BDI-content"}},"wdio_ui5_key":"cancelRequestSpecificationsButtonetmportal.ui.managerequests.view.Detail"}]}
RESULT: undefined
COMMAND: POST /session/e0f9f5aee1597ce8ab84fc4949c39ac3/element - {"using":"xpath","value":"//*[@id=\"__xmlview60--cancelRequestSpecificationsButton\"]"}
RESULT: {"using":"xpath","value":"//*[@id=\"__xmlview60--cancelRequestSpecificationsButton\"]"}
COMMAND: POST /session/e0f9f5aee1597ce8ab84fc4949c39ac3/element/f.16219B07342047CC16B1B6C41B76C932.d.6334B833EBF0F44C708C79FCEBF670A3.e.9319/click - {}
RESULT: {}
COMMAND: GET /session/e0f9f5aee1597ce8ab84fc4949c39ac3/screenshot - {}
COMMAND: POST /session/e0f9f5aee1597ce8ab84fc4949c39ac3/element - {"using":"css selector","value":"#shell-header-logo"}
RESULT: {}
RESULT: {"using":"css selector","value":"#shell-header-logo"}
COMMAND: POST /session/e0f9f5aee1597ce8ab84fc4949c39ac3/element/f.16219B07342047CC16B1B6C41B76C932.d.6334B833EBF0F44C708C79FCEBF670A3.e.8649/click - {}
RESULT: {}
COMMAND: GET /session/e0f9f5aee1597ce8ab84fc4949c39ac3/screenshot - {}
RESULT: {}
]]></system-out>
    </testcase>
  </testsuite>
  <testsuite timestamp="2025-05-08T06:07:27" time="363.395" tests="3" failures="0" errors="0" skipped="0">
    <properties>
      <property name="specId" value="0" />
      <property name="suiteName" value="Reserve/Unreserve request item via reserve option US139161" />
      <property name="capabilities" value="chrome.136_0_7103_49.windows" />
      <property name="file" value="file:///D:/a/1/s/test/specs/R2C/reserve-unreserve-request-item-via-reserve-option.spec.js" />
    </properties>
    <testcase classname="chrome.136_0_7103_49.windows.Reserve/Unreserve_request_item_via_reserve_option_US139161" name="Should add the material to the catalog item" time="85.656">
      <system-out><![CDATA[
COMMAND: POST /session/e0f9f5aee1597ce8ab84fc4949c39ac3/element - {"using":"xpath","value":"//*[contains(@href, 'etm.portal.ui.managecatalogs')]"}
RESULT: {"using":"xpath","value":"//*[contains(@href, 'etm.portal.ui.managecatalogs')]"}
COMMAND: POST /session/e0f9f5aee1597ce8ab84fc4949c39ac3/element/f.16219B07342047CC16B1B6C41B76C932.d.6334B833EBF0F44C708C79FCEBF670A3.e.9326/click - {}
RESULT: {}
COMMAND: GET /session/e0f9f5aee1597ce8ab84fc4949c39ac3/screenshot - {}
RESULT: {}
COMMAND: POST /session/e0f9f5aee1597ce8ab84fc4949c39ac3/execute/async - {"script":"<script> [1562 bytes]","args":[{"selector":{"controlType":"sap.m.Text","viewName":"etm.portal.ui.managecatalogs.view.MasterCatalogs","viewId":"application-managecatalogs-display-component---masterCatalogs","bindingPath":{"path":"/Catalogs('0D7502D073D53A0F1700BE067B89AFF9')","propertyPath":"DESCRIPTION","modelName":"catalogModel"}},"wdio_ui5_key":"etmportal.ui.managecatalogs.view.MasterCatalogssap.m.Text{\"path\":\"/Catalogs('0D7502D073D53A0F1700BE067B89AFF9')\",\"propertyPath\":\"DESCRIPTION\",\"modelName\":\"catalogModel\"}"}]}
RESULT: {"script":"<script> [1562 bytes]","args":[{"selector":{"controlType":"sap.m.Text","viewName":"etm.portal.ui.managecatalogs.view.MasterCatalogs","viewId":"application-managecatalogs-display-component---masterCatalogs","bindingPath":{"path":"/Catalogs('0D7502D073D53A0F1700BE067B89AFF9')","propertyPath":"DESCRIPTION","modelName":"catalogModel"}},"wdio_ui5_key":"etmportal.ui.managecatalogs.view.MasterCatalogssap.m.Text{\"path\":\"/Catalogs('0D7502D073D53A0F1700BE067B89AFF9')\",\"propertyPath\":\"DESCRIPTION\",\"modelName\":\"catalogModel\"}"}]}
RESULT: undefined
COMMAND: POST /session/e0f9f5aee1597ce8ab84fc4949c39ac3/element - {"using":"xpath","value":"//*[@id=\"__text685-application-managecatalogs-display-component---masterCatalogs--CatalogsTable-11\"]"}
RESULT: {"using":"xpath","value":"//*[@id=\"__text685-application-managecatalogs-display-component---masterCatalogs--CatalogsTable-11\"]"}
COMMAND: POST /session/e0f9f5aee1597ce8ab84fc4949c39ac3/element/f.16219B07342047CC16B1B6C41B76C932.d.6334B833EBF0F44C708C79FCEBF670A3.e.9396/click - {}
RESULT: {}
RESULT: undefined
COMMAND: POST /session/e0f9f5aee1597ce8ab84fc4949c39ac3/execute/async - {"script":"<script> [776 bytes]","args":[{"enterText":"catalogItems65dc","selector":{"id":"application-managecatalogs-display-component---masterCatalogItems--searchItemsField","interaction":{"idSuffix":"I"}},"clearTextFirst":true,"interactionType":"ENTER_TEXT"}]}
COMMAND: GET /session/e0f9f5aee1597ce8ab84fc4949c39ac3/screenshot - {}
RESULT: {"script":"<script> [776 bytes]","args":[{"enterText":"catalogItems65dc","selector":{"id":"application-managecatalogs-display-component---masterCatalogItems--searchItemsField","interaction":{"idSuffix":"I"}},"clearTextFirst":true,"interactionType":"ENTER_TEXT"}]}
COMMAND: POST /session/e0f9f5aee1597ce8ab84fc4949c39ac3/actions - {"actions":[{"id":"action58","type":"key","parameters":{},"actions":[{"type":"keyDown","value":"î€‡"},{"type":"pause","duration":10},{"type":"keyUp","value":"î€‡"}]}]}
RESULT: {}
RESULT: {"actions":[{"id":"action58","type":"key","parameters":{},"actions":[{"type":"keyDown","value":"î€‡"},{"type":"pause","duration":10},{"type":"keyUp","value":"î€‡"}]}]}
COMMAND: POST /session/e0f9f5aee1597ce8ab84fc4949c39ac3/element - {"using":"xpath","value":"(//span[contains(text(), \"catalogItems65dc\")])[1]"}
COMMAND: GET /session/e0f9f5aee1597ce8ab84fc4949c39ac3/screenshot - {}
RESULT: {"using":"xpath","value":"(//span[contains(text(), \"catalogItems65dc\")])[1]"}
COMMAND: POST /session/e0f9f5aee1597ce8ab84fc4949c39ac3/element/f.16219B07342047CC16B1B6C41B76C932.d.6334B833EBF0F44C708C79FCEBF670A3.e.9434/click - {}
RESULT: {}
RESULT: {}
COMMAND: GET /session/e0f9f5aee1597ce8ab84fc4949c39ac3/screenshot - {}
RESULT: {}
COMMAND: POST /session/e0f9f5aee1597ce8ab84fc4949c39ac3/element - {"using":"xpath","value":"//*[contains(@id ,\"BDI-content\")][contains(text(), \"Edit\")]"}
RESULT: {"using":"xpath","value":"//*[contains(@id ,\"BDI-content\")][contains(text(), \"Edit\")]"}
COMMAND: POST /session/e0f9f5aee1597ce8ab84fc4949c39ac3/element/f.16219B07342047CC16B1B6C41B76C932.d.6334B833EBF0F44C708C79FCEBF670A3.e.9517/click - {}
RESULT: {}
COMMAND: GET /session/e0f9f5aee1597ce8ab84fc4949c39ac3/screenshot - {}
RESULT: {}
COMMAND: POST /session/e0f9f5aee1597ce8ab84fc4949c39ac3/element - {"using":"xpath","value":"//bdi[contains(text(), \"Assigned Resources\")]"}
RESULT: {"using":"xpath","value":"//bdi[contains(text(), \"Assigned Resources\")]"}
COMMAND: POST /session/e0f9f5aee1597ce8ab84fc4949c39ac3/element/f.16219B07342047CC16B1B6C41B76C932.d.6334B833EBF0F44C708C79FCEBF670A3.e.9540/click - {}
RESULT: {}
COMMAND: GET /session/e0f9f5aee1597ce8ab84fc4949c39ac3/screenshot - {}
RESULT: {}
COMMAND: POST /session/e0f9f5aee1597ce8ab84fc4949c39ac3/element - {"using":"xpath","value":"//button[contains(@data-kt ,\"catalogItemAssignRuButton\")]"}
RESULT: {"using":"xpath","value":"//button[contains(@data-kt ,\"catalogItemAssignRuButton\")]"}
COMMAND: POST /session/e0f9f5aee1597ce8ab84fc4949c39ac3/element/f.16219B07342047CC16B1B6C41B76C932.d.6334B833EBF0F44C708C79FCEBF670A3.e.9548/click - {}
RESULT: {}
COMMAND: GET /session/e0f9f5aee1597ce8ab84fc4949c39ac3/screenshot - {}
RESULT: {}
COMMAND: POST /session/e0f9f5aee1597ce8ab84fc4949c39ac3/actions - {"actions":[{"id":"action59","type":"key","parameters":{},"actions":[{"type":"keyDown","value":"î€‡"},{"type":"pause","duration":10},{"type":"keyUp","value":"î€‡"}]}]}
RESULT: {"actions":[{"id":"action59","type":"key","parameters":{},"actions":[{"type":"keyDown","value":"î€‡"},{"type":"pause","duration":10},{"type":"keyUp","value":"î€‡"}]}]}
COMMAND: GET /session/e0f9f5aee1597ce8ab84fc4949c39ac3/screenshot - {}
RESULT: {}
COMMAND: POST /session/e0f9f5aee1597ce8ab84fc4949c39ac3/execute/async - {"script":"<script> [1562 bytes]","args":[{"selector":{"id":"application-managecatalogs-display-component---detailCatalog--assignRUSearchField-vhi","searchOpenDialogs":true},"wdio_ui5_key":"applicationmanagecatalogs-display-component---detailCatalog--assignRUSearchField-vhi"}]}
RESULT: {"script":"<script> [1562 bytes]","args":[{"selector":{"id":"application-managecatalogs-display-component---detailCatalog--assignRUSearchField-vhi","searchOpenDialogs":true},"wdio_ui5_key":"applicationmanagecatalogs-display-component---detailCatalog--assignRUSearchField-vhi"}]}
RESULT: undefined
COMMAND: POST /session/e0f9f5aee1597ce8ab84fc4949c39ac3/element - {"using":"xpath","value":"//*[@id=\"application-managecatalogs-display-component---detailCatalog--assignRUSearchField-vhi\"]"}
RESULT: {"using":"xpath","value":"//*[@id=\"application-managecatalogs-display-component---detailCatalog--assignRUSearchField-vhi\"]"}
COMMAND: POST /session/e0f9f5aee1597ce8ab84fc4949c39ac3/element/f.16219B07342047CC16B1B6C41B76C932.d.6334B833EBF0F44C708C79FCEBF670A3.e.9566/click - {}
RESULT: {}
COMMAND: GET /session/e0f9f5aee1597ce8ab84fc4949c39ac3/screenshot - {}
RESULT: {}
COMMAND: POST /session/e0f9f5aee1597ce8ab84fc4949c39ac3/element - {"using":"xpath","value":"//input[contains(@id ,\"searchField-I\")]"}
RESULT: {"using":"xpath","value":"//input[contains(@id ,\"searchField-I\")]"}
COMMAND: POST /session/e0f9f5aee1597ce8ab84fc4949c39ac3/element/f.16219B07342047CC16B1B6C41B76C932.d.6334B833EBF0F44C708C79FCEBF670A3.e.9568/clear - {}
RESULT: {}
COMMAND: POST /session/e0f9f5aee1597ce8ab84fc4949c39ac3/element/f.16219B07342047CC16B1B6C41B76C932.d.6334B833EBF0F44C708C79FCEBF670A3.e.9568/value - {"text":"WebdriverRUR2Cspn3sj"}
COMMAND: GET /session/e0f9f5aee1597ce8ab84fc4949c39ac3/screenshot - {}
RESULT: {"text":"WebdriverRUR2Cspn3sj"}
COMMAND: GET /session/e0f9f5aee1597ce8ab84fc4949c39ac3/screenshot - {}
RESULT: {}
RESULT: {}
COMMAND: POST /session/e0f9f5aee1597ce8ab84fc4949c39ac3/actions - {"actions":[{"id":"action60","type":"key","parameters":{},"actions":[{"type":"keyDown","value":"î€‡"},{"type":"pause","duration":10},{"type":"keyUp","value":"î€‡"}]}]}
RESULT: {"actions":[{"id":"action60","type":"key","parameters":{},"actions":[{"type":"keyDown","value":"î€‡"},{"type":"pause","duration":10},{"type":"keyUp","value":"î€‡"}]}]}
COMMAND: GET /session/e0f9f5aee1597ce8ab84fc4949c39ac3/screenshot - {}
RESULT: {}
COMMAND: POST /session/e0f9f5aee1597ce8ab84fc4949c39ac3/actions - {"actions":[{"id":"action61","type":"key","parameters":{},"actions":[{"type":"keyDown","value":"î€„"},{"type":"pause","duration":10},{"type":"keyUp","value":"î€„"}]}]}
RESULT: {"actions":[{"id":"action61","type":"key","parameters":{},"actions":[{"type":"keyDown","value":"î€„"},{"type":"pause","duration":10},{"type":"keyUp","value":"î€„"}]}]}
COMMAND: GET /session/e0f9f5aee1597ce8ab84fc4949c39ac3/screenshot - {}
RESULT: {}
COMMAND: POST /session/e0f9f5aee1597ce8ab84fc4949c39ac3/actions - {"actions":[{"id":"action62","type":"key","parameters":{},"actions":[{"type":"keyDown","value":"î€‡"},{"type":"pause","duration":10},{"type":"keyUp","value":"î€‡"}]}]}
RESULT: {"actions":[{"id":"action62","type":"key","parameters":{},"actions":[{"type":"keyDown","value":"î€‡"},{"type":"pause","duration":10},{"type":"keyUp","value":"î€‡"}]}]}
COMMAND: GET /session/e0f9f5aee1597ce8ab84fc4949c39ac3/screenshot - {}
RESULT: {}
COMMAND: POST /session/e0f9f5aee1597ce8ab84fc4949c39ac3/element - {"using":"xpath","value":"//bdi[contains(@id ,\"application-managecatalogs-display-component---detailCatalog--RUAssignmentSaveButton-BDI-content\")]"}
RESULT: {"using":"xpath","value":"//bdi[contains(@id ,\"application-managecatalogs-display-component---detailCatalog--RUAssignmentSaveButton-BDI-content\")]"}
COMMAND: POST /session/e0f9f5aee1597ce8ab84fc4949c39ac3/element/f.16219B07342047CC16B1B6C41B76C932.d.6334B833EBF0F44C708C79FCEBF670A3.e.9599/click - {}
RESULT: {}
COMMAND: GET /session/e0f9f5aee1597ce8ab84fc4949c39ac3/screenshot - {}
RESULT: {}
COMMAND: POST /session/e0f9f5aee1597ce8ab84fc4949c39ac3/element - {"using":"xpath","value":"//bdi[contains(text(), \"Save\")]"}
RESULT: {"using":"xpath","value":"//bdi[contains(text(), \"Save\")]"}
COMMAND: POST /session/e0f9f5aee1597ce8ab84fc4949c39ac3/element/f.16219B07342047CC16B1B6C41B76C932.d.6334B833EBF0F44C708C79FCEBF670A3.e.9622/click - {}
RESULT: {}
COMMAND: GET /session/e0f9f5aee1597ce8ab84fc4949c39ac3/screenshot - {}
RESULT: {}
COMMAND: POST /session/e0f9f5aee1597ce8ab84fc4949c39ac3/element - {"using":"css selector","value":"#shell-header-logo"}
RESULT: {"using":"css selector","value":"#shell-header-logo"}
COMMAND: POST /session/e0f9f5aee1597ce8ab84fc4949c39ac3/element/f.16219B07342047CC16B1B6C41B76C932.d.6334B833EBF0F44C708C79FCEBF670A3.e.9330/click - {}
RESULT: {}
COMMAND: GET /session/e0f9f5aee1597ce8ab84fc4949c39ac3/screenshot - {}
RESULT: {}
COMMAND: POST /session/e0f9f5aee1597ce8ab84fc4949c39ac3/refresh - {}
RESULT: {}
COMMAND: GET /session/e0f9f5aee1597ce8ab84fc4949c39ac3/screenshot - {}
RESULT: {}
COMMAND: POST /session/e0f9f5aee1597ce8ab84fc4949c39ac3/execute/async - {"script":"<script> [189 bytes]","args":[]}
RESULT: {"script":"<script> [189 bytes]","args":[]}
COMMAND: POST /session/e0f9f5aee1597ce8ab84fc4949c39ac3/execute/async - {"script":"<script> [123 bytes]","args":[]}
RESULT: {"script":"<script> [123 bytes]","args":[]}
COMMAND: POST /session/e0f9f5aee1597ce8ab84fc4949c39ac3/timeouts - {"script":"<number>"}
RESULT: {"script":"<number>"}
COMMAND: GET /session/e0f9f5aee1597ce8ab84fc4949c39ac3/timeouts - {}
RESULT: {}
RESULT: undefined
COMMAND: POST /session/e0f9f5aee1597ce8ab84fc4949c39ac3/execute/async - {"script":"<script> [2676 bytes]","args":[]}
RESULT: {"script":"<script> [2676 bytes]","args":[]}
COMMAND: POST /session/e0f9f5aee1597ce8ab84fc4949c39ac3/execute/async - {"script":"<script> [2342 bytes]","args":[{"protocol":"http","hostname":"0.0.0.0","path":"/","capabilities":{"browserName":"chrome","goog:chromeOptions":{"binary":"C:\\Program Files\\Google\\Chrome\\Application\\chrome.exe","args":["--start-maximized"]}},"logLevel":"warn","connectionRetryTimeout":120000,"connectionRetryCount":3,"logLevels":{},"enableDirectConnect":true,"strictSSL":true,"_":"65 more keys: [\"cacheDir\",\"port\",\"requestedCapabilities\",\"automationProtocol\",\"baseUrl\",\"waitforInterval\",\"waitforTimeout\",\"onReload\",\"beforeCommand\",\"afterCommand\",\"rootDir\",\"specs\",\"suites\",\"exclude\",\"groupLogsByTestSpec\",\"excludeDriverLogs\",\"bail\",\"framework\",\"reporters\",\"services\",\"maxInstances\",\"maxInstancesPerCapability\",\"injectGlobals\",\"filesToWatch\",\"execArgv\",\"runnerEnv\",\"runner\",\"shard\",\"specFileRetries\",\"specFileRetriesDelay\",\"specFileRetriesDeferred\",\"reporterSyncInterval\",\"reporterSyncTimeout\",\"cucumberFeaturesWithLineNumbers\",\"autoCompileOpts\",\"mochaOpts\",\"jasmineOpts\",\"cucumberOpts\",\"onPrepare\",\"onWorkerStart\",\"onWorkerEnd\",\"before\",\"beforeSession\",\"beforeSuite\",\"beforeHook\",\"beforeTest\",\"afterTest\",\"afterHook\",\"afterSuite\",\"afterSession\",\"after\",\"onComplete\",\"beforeAssertion\",\"afterAssertion\",\"beforeFeature\",\"beforeScenario\",\"beforeStep\",\"afterStep\",\"afterScenario\",\"afterFeature\",\"_\",\"suite\",\"$0\",\"ignoredWorkerServices\",\"wdi5\"]"}]}
RESULT: {"script":"<script> [2342 bytes]","args":[{"protocol":"http","hostname":"0.0.0.0","path":"/","capabilities":{"browserName":"chrome","goog:chromeOptions":{"binary":"C:\\Program Files\\Google\\Chrome\\Application\\chrome.exe","args":["--start-maximized"]}},"logLevel":"warn","connectionRetryTimeout":120000,"connectionRetryCount":3,"logLevels":{},"enableDirectConnect":true,"strictSSL":true,"_":"65 more keys: [\"cacheDir\",\"port\",\"requestedCapabilities\",\"automationProtocol\",\"baseUrl\",\"waitforInterval\",\"waitforTimeout\",\"onReload\",\"beforeCommand\",\"afterCommand\",\"rootDir\",\"specs\",\"suites\",\"exclude\",\"groupLogsByTestSpec\",\"excludeDriverLogs\",\"bail\",\"framework\",\"reporters\",\"services\",\"maxInstances\",\"maxInstancesPerCapability\",\"injectGlobals\",\"filesToWatch\",\"execArgv\",\"runnerEnv\",\"runner\",\"shard\",\"specFileRetries\",\"specFileRetriesDelay\",\"specFileRetriesDeferred\",\"reporterSyncInterval\",\"reporterSyncTimeout\",\"cucumberFeaturesWithLineNumbers\",\"autoCompileOpts\",\"mochaOpts\",\"jasmineOpts\",\"cucumberOpts\",\"onPrepare\",\"onWorkerStart\",\"onWorkerEnd\",\"before\",\"beforeSession\",\"beforeSuite\",\"beforeHook\",\"beforeTest\",\"afterTest\",\"afterHook\",\"afterSuite\",\"afterSession\",\"after\",\"onComplete\",\"beforeAssertion\",\"afterAssertion\",\"beforeFeature\",\"beforeScenario\",\"beforeStep\",\"afterStep\",\"afterScenario\",\"afterFeature\",\"_\",\"suite\",\"$0\",\"ignoredWorkerServices\",\"wdi5\"]"}]}
COMMAND: POST /session/e0f9f5aee1597ce8ab84fc4949c39ac3/execute/async - {"script":"<script> [21126 bytes]","args":[35000]}
RESULT: {"script":"<script> [21126 bytes]","args":[35000]}
]]></system-out>
    </testcase>
    <testcase classname="chrome.136_0_7103_49.windows.Reserve/Unreserve_request_item_via_reserve_option_US139161" name="Should create a new request with a catalog item that can be planned" time="159.295">
      <system-out><![CDATA[
COMMAND: POST /session/e0f9f5aee1597ce8ab84fc4949c39ac3/element - {"using":"xpath","value":"//*[contains(@href, 'etm.portal.ui.managerequests')]"}
RESULT: {"using":"xpath","value":"//*[contains(@href, 'etm.portal.ui.managerequests')]"}
COMMAND: POST /session/e0f9f5aee1597ce8ab84fc4949c39ac3/element/f.16219B07342047CC16B1B6C41B76C932.d.F13DF19ECE565942001DA20E2FEC7AA2.e.9668/click - {}
RESULT: {}
COMMAND: GET /session/e0f9f5aee1597ce8ab84fc4949c39ac3/screenshot - {}
RESULT: {}
COMMAND: POST /session/e0f9f5aee1597ce8ab84fc4949c39ac3/element - {"using":"xpath","value":"//button[contains(@data-kt ,\"btnCreateNewOverflowToolbarButton\")]"}
COMMAND: POST /session/e0f9f5aee1597ce8ab84fc4949c39ac3/element - {"using":"xpath","value":"(//span[contains(@class ,\"sapMObjStatusText\")])[1]"}
RESULT: {"using":"xpath","value":"(//span[contains(@class ,\"sapMObjStatusText\")])[1]"}
COMMAND: POST /session/e0f9f5aee1597ce8ab84fc4949c39ac3/execute/sync - {"script":"<script> [8489 bytes]","args":[{"element-6066-11e4-a52e-4f735466cecf":"f.16219B07342047CC16B1B6C41B76C932.d.F13DF19ECE565942001DA20E2FEC7AA2.e.9770","ELEMENT":"f.16219B07342047CC16B1B6C41B76C932.d.F13DF19ECE565942001DA20E2FEC7AA2.e.9770"}]}
RESULT: {"using":"xpath","value":"//button[contains(@data-kt ,\"btnCreateNewOverflowToolbarButton\")]"}
COMMAND: POST /session/e0f9f5aee1597ce8ab84fc4949c39ac3/element/f.16219B07342047CC16B1B6C41B76C932.d.F13DF19ECE565942001DA20E2FEC7AA2.e.9726/click - {}
RESULT: {"script":"<script> [8489 bytes]","args":[{"element-6066-11e4-a52e-4f735466cecf":"f.16219B07342047CC16B1B6C41B76C932.d.F13DF19ECE565942001DA20E2FEC7AA2.e.9770","ELEMENT":"f.16219B07342047CC16B1B6C41B76C932.d.F13DF19ECE565942001DA20E2FEC7AA2.e.9770"}]}
COMMAND: GET /session/e0f9f5aee1597ce8ab84fc4949c39ac3/screenshot - {}
RESULT: {}
COMMAND: GET /session/e0f9f5aee1597ce8ab84fc4949c39ac3/screenshot - {}
RESULT: {}
RESULT: {}
COMMAND: POST /session/e0f9f5aee1597ce8ab84fc4949c39ac3/element - {"using":"xpath","value":"//input[contains(@id ,\"yardId-inner\")]"}
RESULT: {"using":"xpath","value":"//input[contains(@id ,\"yardId-inner\")]"}
COMMAND: POST /session/e0f9f5aee1597ce8ab84fc4949c39ac3/execute/sync - {"script":"<script> [8489 bytes]","args":[{"element-6066-11e4-a52e-4f735466cecf":"f.16219B07342047CC16B1B6C41B76C932.d.F13DF19ECE565942001DA20E2FEC7AA2.e.9993","ELEMENT":"f.16219B07342047CC16B1B6C41B76C932.d.F13DF19ECE565942001DA20E2FEC7AA2.e.9993"}]}
RESULT: {"script":"<script> [8489 bytes]","args":[{"element-6066-11e4-a52e-4f735466cecf":"f.16219B07342047CC16B1B6C41B76C932.d.F13DF19ECE565942001DA20E2FEC7AA2.e.9993","ELEMENT":"f.16219B07342047CC16B1B6C41B76C932.d.F13DF19ECE565942001DA20E2FEC7AA2.e.9993"}]}
COMMAND: POST /session/e0f9f5aee1597ce8ab84fc4949c39ac3/element - {"using":"xpath","value":"//input[contains(@id ,\"yardId-inner\")]"}
COMMAND: GET /session/e0f9f5aee1597ce8ab84fc4949c39ac3/screenshot - {}
RESULT: {"using":"xpath","value":"//input[contains(@id ,\"yardId-inner\")]"}
COMMAND: GET /session/e0f9f5aee1597ce8ab84fc4949c39ac3/element/f.16219B07342047CC16B1B6C41B76C932.d.F13DF19ECE565942001DA20E2FEC7AA2.e.9993/enabled - {}
RESULT: {}
RESULT: {}
COMMAND: POST /session/e0f9f5aee1597ce8ab84fc4949c39ac3/element/f.16219B07342047CC16B1B6C41B76C932.d.F13DF19ECE565942001DA20E2FEC7AA2.e.9993/clear - {}
COMMAND: GET /session/e0f9f5aee1597ce8ab84fc4949c39ac3/screenshot - {}
RESULT: {}
COMMAND: POST /session/e0f9f5aee1597ce8ab84fc4949c39ac3/element/f.16219B07342047CC16B1B6C41B76C932.d.F13DF19ECE565942001DA20E2FEC7AA2.e.9993/value - {"text":"WebdriverYardgxtyv"}
COMMAND: GET /session/e0f9f5aee1597ce8ab84fc4949c39ac3/screenshot - {}
RESULT: {}
RESULT: {"text":"WebdriverYardgxtyv"}
COMMAND: GET /session/e0f9f5aee1597ce8ab84fc4949c39ac3/screenshot - {}
RESULT: {}
RESULT: {}
COMMAND: POST /session/e0f9f5aee1597ce8ab84fc4949c39ac3/element - {"using":"xpath","value":"//input[contains(@id ,\"customerNumber-inner\")]"}
RESULT: {"using":"xpath","value":"//input[contains(@id ,\"customerNumber-inner\")]"}
COMMAND: POST /session/e0f9f5aee1597ce8ab84fc4949c39ac3/element/f.16219B07342047CC16B1B6C41B76C932.d.F13DF19ECE565942001DA20E2FEC7AA2.e.9987/value - {"text":"WebdriverPartnerssuou"}
COMMAND: POST /session/e0f9f5aee1597ce8ab84fc4949c39ac3/actions - {"actions":[{"id":"action63","type":"key","parameters":{},"actions":[{"type":"keyDown","value":"î€‡"},{"type":"pause","duration":10},{"type":"keyUp","value":"î€‡"}]}]}
RESULT: {"actions":[{"id":"action63","type":"key","parameters":{},"actions":[{"type":"keyDown","value":"î€‡"},{"type":"pause","duration":10},{"type":"keyUp","value":"î€‡"}]}]}
COMMAND: GET /session/e0f9f5aee1597ce8ab84fc4949c39ac3/screenshot - {}
RESULT: {"text":"WebdriverPartnerssuou"}
COMMAND: GET /session/e0f9f5aee1597ce8ab84fc4949c39ac3/screenshot - {}
RESULT: {}
RESULT: {}
COMMAND: POST /session/e0f9f5aee1597ce8ab84fc4949c39ac3/actions - {"actions":[{"id":"action64","type":"key","parameters":{},"actions":[{"type":"keyDown","value":"î€‡"},{"type":"pause","duration":10},{"type":"keyUp","value":"î€‡"}]}]}
RESULT: {"actions":[{"id":"action64","type":"key","parameters":{},"actions":[{"type":"keyDown","value":"î€‡"},{"type":"pause","duration":10},{"type":"keyUp","value":"î€‡"}]}]}
COMMAND: GET /session/e0f9f5aee1597ce8ab84fc4949c39ac3/screenshot - {}
RESULT: {}
COMMAND: GET /session/e0f9f5aee1597ce8ab84fc4949c39ac3/element/f.16219B07342047CC16B1B6C41B76C932.d.F13DF19ECE565942001DA20E2FEC7AA2.e.9987/property/value - {}
RESULT: {}
COMMAND: GET /session/e0f9f5aee1597ce8ab84fc4949c39ac3/screenshot - {}
RESULT: {}
COMMAND: POST /session/e0f9f5aee1597ce8ab84fc4949c39ac3/element - {"using":"xpath","value":"//input[contains(@id ,\"requestSiteId-inner\")]"}
RESULT: {"using":"xpath","value":"//input[contains(@id ,\"requestSiteId-inner\")]"}
COMMAND: POST /session/e0f9f5aee1597ce8ab84fc4949c39ac3/element/f.16219B07342047CC16B1B6C41B76C932.d.F13DF19ECE565942001DA20E2FEC7AA2.e.9986/value - {"text":"WebdriverSite1lfj"}
RESULT: {"text":"WebdriverSite1lfj"}
COMMAND: GET /session/e0f9f5aee1597ce8ab84fc4949c39ac3/screenshot - {}
RESULT: {}
COMMAND: POST /session/e0f9f5aee1597ce8ab84fc4949c39ac3/actions - {"actions":[{"id":"action65","type":"key","parameters":{},"actions":[{"type":"keyDown","value":"î€‡"},{"type":"pause","duration":10},{"type":"keyUp","value":"î€‡"}]}]}
RESULT: {"actions":[{"id":"action65","type":"key","parameters":{},"actions":[{"type":"keyDown","value":"î€‡"},{"type":"pause","duration":10},{"type":"keyUp","value":"î€‡"}]}]}
COMMAND: GET /session/e0f9f5aee1597ce8ab84fc4949c39ac3/screenshot - {}
RESULT: {}
COMMAND: POST /session/e0f9f5aee1597ce8ab84fc4949c39ac3/element - {"using":"xpath","value":"//button[contains(@data-kt ,\"requestItemAddOverflowToolbarButton\")]"}
RESULT: {"using":"xpath","value":"//button[contains(@data-kt ,\"requestItemAddOverflowToolbarButton\")]"}
COMMAND: POST /session/e0f9f5aee1597ce8ab84fc4949c39ac3/element/f.16219B07342047CC16B1B6C41B76C932.d.F13DF19ECE565942001DA20E2FEC7AA2.e.9948/click - {}
RESULT: {}
COMMAND: GET /session/e0f9f5aee1597ce8ab84fc4949c39ac3/screenshot - {}
RESULT: {}
COMMAND: POST /session/e0f9f5aee1597ce8ab84fc4949c39ac3/actions - {"actions":[{"id":"action66","type":"key","parameters":{},"actions":[{"type":"keyDown","value":"î€•"},{"type":"pause","duration":10},{"type":"keyUp","value":"î€•"}]}]}
RESULT: {"actions":[{"id":"action66","type":"key","parameters":{},"actions":[{"type":"keyDown","value":"î€•"},{"type":"pause","duration":10},{"type":"keyUp","value":"î€•"}]}]}
COMMAND: POST /session/e0f9f5aee1597ce8ab84fc4949c39ac3/actions - {"actions":[{"id":"action67","type":"key","parameters":{},"actions":[{"type":"keyDown","value":"î€‡"},{"type":"pause","duration":10},{"type":"keyUp","value":"î€‡"}]}]}
COMMAND: GET /session/e0f9f5aee1597ce8ab84fc4949c39ac3/screenshot - {}
RESULT: {"actions":[{"id":"action67","type":"key","parameters":{},"actions":[{"type":"keyDown","value":"î€‡"},{"type":"pause","duration":10},{"type":"keyUp","value":"î€‡"}]}]}
COMMAND: POST /session/e0f9f5aee1597ce8ab84fc4949c39ac3/element - {"using":"xpath","value":"(//input[contains(@id ,\"requestItemsTable-0-inner\")])[1]"}
COMMAND: GET /session/e0f9f5aee1597ce8ab84fc4949c39ac3/screenshot - {}
RESULT: {}
RESULT: {"using":"xpath","value":"(//input[contains(@id ,\"requestItemsTable-0-inner\")])[1]"}
COMMAND: POST /session/e0f9f5aee1597ce8ab84fc4949c39ac3/element/f.16219B07342047CC16B1B6C41B76C932.d.F13DF19ECE565942001DA20E2FEC7AA2.e.10111/clear - {}
RESULT: {}
RESULT: {}
COMMAND: POST /session/e0f9f5aee1597ce8ab84fc4949c39ac3/element/f.16219B07342047CC16B1B6C41B76C932.d.F13DF19ECE565942001DA20E2FEC7AA2.e.10111/value - {"text":"catalogItems65dc"}
COMMAND: GET /session/e0f9f5aee1597ce8ab84fc4949c39ac3/screenshot - {}
RESULT: {"text":"catalogItems65dc"}
COMMAND: GET /session/e0f9f5aee1597ce8ab84fc4949c39ac3/screenshot - {}
RESULT: {}
RESULT: {}
COMMAND: POST /session/e0f9f5aee1597ce8ab84fc4949c39ac3/actions - {"actions":[{"id":"action68","type":"key","parameters":{},"actions":[{"type":"keyDown","value":"î€‡"},{"type":"pause","duration":10},{"type":"keyUp","value":"î€‡"}]}]}
RESULT: {"actions":[{"id":"action68","type":"key","parameters":{},"actions":[{"type":"keyDown","value":"î€‡"},{"type":"pause","duration":10},{"type":"keyUp","value":"î€‡"}]}]}
COMMAND: GET /session/e0f9f5aee1597ce8ab84fc4949c39ac3/screenshot - {}
RESULT: {}
COMMAND: POST /session/e0f9f5aee1597ce8ab84fc4949c39ac3/execute/async - {"script":"<script> [1562 bytes]","args":[{"selector":{"controlType":"sap.ui.core.Icon","viewName":"etm.portal.ui.managerequests.view.NewRequest","properties":{"src":{"regex":{"source":"slim\\-arrow\\-down"}}},"ancestor":{"controlType":"sap.m.Button","viewName":"etm.portal.ui.managerequests.view.NewRequest","properties":{"icon":"sap-icon://slim-arrow-down"}}},"wdio_ui5_key":"etmportal.ui.managerequests.view.NewRequestsap.ui.core.Icon{\"src\":{\"regex\":{\"source\":\"slim\\\\-arrow\\\\-down\"}}}{\"controlType\":\"sap.m.Button\",\"viewName\":\"etm.portal.ui.managerequests.view.NewRequest\",\"properties\":{\"icon\":\"sap-icon://slim-arrow-down\"}}"}]}
RESULT: {"script":"<script> [1562 bytes]","args":[{"selector":{"controlType":"sap.ui.core.Icon","viewName":"etm.portal.ui.managerequests.view.NewRequest","properties":{"src":{"regex":{"source":"slim\\-arrow\\-down"}}},"ancestor":{"controlType":"sap.m.Button","viewName":"etm.portal.ui.managerequests.view.NewRequest","properties":{"icon":"sap-icon://slim-arrow-down"}}},"wdio_ui5_key":"etmportal.ui.managerequests.view.NewRequestsap.ui.core.Icon{\"src\":{\"regex\":{\"source\":\"slim\\\\-arrow\\\\-down\"}}}{\"controlType\":\"sap.m.Button\",\"viewName\":\"etm.portal.ui.managerequests.view.NewRequest\",\"properties\":{\"icon\":\"sap-icon://slim-arrow-down\"}}"}]}
RESULT: undefined
COMMAND: POST /session/e0f9f5aee1597ce8ab84fc4949c39ac3/element - {"using":"xpath","value":"//div[contains(@data-kt ,\"splitAllocationObjectStatus\")]"}
RESULT: {"using":"xpath","value":"//div[contains(@data-kt ,\"splitAllocationObjectStatus\")]"}
COMMAND: POST /session/e0f9f5aee1597ce8ab84fc4949c39ac3/elements - {"using":"xpath","value":"//div[contains(@data-kt ,\"splitAllocationObjectStatus\")]"}
RESULT: {"using":"xpath","value":"//div[contains(@data-kt ,\"splitAllocationObjectStatus\")]"}
COMMAND: POST /session/e0f9f5aee1597ce8ab84fc4949c39ac3/execute/async - {"script":"<script> [1562 bytes]","args":[{"selector":{"controlType":"sap.ui.core.Icon","viewName":"etm.portal.ui.managerequests.view.NewRequest","properties":{"src":{"regex":{"source":"message\\-error"}}}},"wdio_ui5_key":"etmportal.ui.managerequests.view.NewRequestsap.ui.core.Icon{\"src\":{\"regex\":{\"source\":\"message\\\\-error\"}}}"}]}
RESULT: {"script":"<script> [1562 bytes]","args":[{"selector":{"controlType":"sap.ui.core.Icon","viewName":"etm.portal.ui.managerequests.view.NewRequest","properties":{"src":{"regex":{"source":"message\\-error"}}}},"wdio_ui5_key":"etmportal.ui.managerequests.view.NewRequestsap.ui.core.Icon{\"src\":{\"regex\":{\"source\":\"message\\\\-error\"}}}"}]}
RESULT: undefined
COMMAND: POST /session/e0f9f5aee1597ce8ab84fc4949c39ac3/element - {"using":"xpath","value":"//*[@id=\"__status4-__xmlview59--requestItemsTable-0-icon\"]"}
RESULT: {"using":"xpath","value":"//*[@id=\"__status4-__xmlview59--requestItemsTable-0-icon\"]"}
COMMAND: POST /session/e0f9f5aee1597ce8ab84fc4949c39ac3/element/f.16219B07342047CC16B1B6C41B76C932.d.F13DF19ECE565942001DA20E2FEC7AA2.e.10127/click - {}
RESULT: {}
COMMAND: POST /session/e0f9f5aee1597ce8ab84fc4949c39ac3/execute/async - {"script":"<script> [1562 bytes]","args":[{"selector":{"controlType":"sap.ui.core.Icon","viewName":"etm.portal.ui.managerequests.view.NewRequest","properties":{"src":{"regex":{"source":"slim\\-arrow\\-down"}}},"searchOpenDialogs":true,"ancestor":{"id":"costObjectAdminTypeComboBox","viewName":"etm.portal.ui.managerequests.view.NewRequest","searchOpenDialogs":true}},"wdio_ui5_key":"etmportal.ui.managerequests.view.NewRequestsap.ui.core.Icon{\"src\":{\"regex\":{\"source\":\"slim\\\\-arrow\\\\-down\"}}}{\"id\":\"costObjectAdminTypeComboBox\",\"viewName\":\"etm.portal.ui.managerequests.view.NewRequest\",\"searchOpenDialogs\":true}"}]}
COMMAND: GET /session/e0f9f5aee1597ce8ab84fc4949c39ac3/screenshot - {}
RESULT: {"script":"<script> [1562 bytes]","args":[{"selector":{"controlType":"sap.ui.core.Icon","viewName":"etm.portal.ui.managerequests.view.NewRequest","properties":{"src":{"regex":{"source":"slim\\-arrow\\-down"}}},"searchOpenDialogs":true,"ancestor":{"id":"costObjectAdminTypeComboBox","viewName":"etm.portal.ui.managerequests.view.NewRequest","searchOpenDialogs":true}},"wdio_ui5_key":"etmportal.ui.managerequests.view.NewRequestsap.ui.core.Icon{\"src\":{\"regex\":{\"source\":\"slim\\\\-arrow\\\\-down\"}}}{\"id\":\"costObjectAdminTypeComboBox\",\"viewName\":\"etm.portal.ui.managerequests.view.NewRequest\",\"searchOpenDialogs\":true}"}]}
RESULT: undefined
COMMAND: POST /session/e0f9f5aee1597ce8ab84fc4949c39ac3/element - {"using":"xpath","value":"//*[@id=\"__xmlview59--costObjectAdminTypeComboBox-arrow\"]"}
RESULT: {}
RESULT: {"using":"xpath","value":"//*[@id=\"__xmlview59--costObjectAdminTypeComboBox-arrow\"]"}
COMMAND: POST /session/e0f9f5aee1597ce8ab84fc4949c39ac3/element/f.16219B07342047CC16B1B6C41B76C932.d.F13DF19ECE565942001DA20E2FEC7AA2.e.10131/click - {}
RESULT: {}
COMMAND: POST /session/e0f9f5aee1597ce8ab84fc4949c39ac3/execute/async - {"script":"<script> [1562 bytes]","args":[{"selector":{"controlType":"sap.m.StandardListItem","viewName":"etm.portal.ui.managerequests.view.NewRequest","properties":{"title":"Cost Center"},"searchOpenDialogs":true,"interaction":{"idSuffix":"titleText"}},"wdio_ui5_key":"etmportal.ui.managerequests.view.NewRequestsap.m.StandardListItem{\"title\":\"Cost Center\"}"}]}
COMMAND: GET /session/e0f9f5aee1597ce8ab84fc4949c39ac3/screenshot - {}
RESULT: {"script":"<script> [1562 bytes]","args":[{"selector":{"controlType":"sap.m.StandardListItem","viewName":"etm.portal.ui.managerequests.view.NewRequest","properties":{"title":"Cost Center"},"searchOpenDialogs":true,"interaction":{"idSuffix":"titleText"}},"wdio_ui5_key":"etmportal.ui.managerequests.view.NewRequestsap.m.StandardListItem{\"title\":\"Cost Center\"}"}]}
RESULT: undefined
COMMAND: POST /session/e0f9f5aee1597ce8ab84fc4949c39ac3/element - {"using":"xpath","value":"//*[@id=\"__item875\"]"}
RESULT: {}
RESULT: {"using":"xpath","value":"//*[@id=\"__item875\"]"}
COMMAND: POST /session/e0f9f5aee1597ce8ab84fc4949c39ac3/element/f.16219B07342047CC16B1B6C41B76C932.d.F13DF19ECE565942001DA20E2FEC7AA2.e.10134/click - {}
RESULT: {}
COMMAND: GET /session/e0f9f5aee1597ce8ab84fc4949c39ac3/screenshot - {}
RESULT: {}
COMMAND: POST /session/e0f9f5aee1597ce8ab84fc4949c39ac3/execute/async - {"script":"<script> [1562 bytes]","args":[{"selector":{"controlType":"sap.ui.core.Icon","viewName":"etm.portal.ui.managerequests.view.NewRequest","properties":{"src":{"regex":{"source":"value\\-help"}}},"searchOpenDialogs":true},"wdio_ui5_key":"etmportal.ui.managerequests.view.NewRequestsap.ui.core.Icon{\"src\":{\"regex\":{\"source\":\"value\\\\-help\"}}}"}]}
RESULT: {"script":"<script> [1562 bytes]","args":[{"selector":{"controlType":"sap.ui.core.Icon","viewName":"etm.portal.ui.managerequests.view.NewRequest","properties":{"src":{"regex":{"source":"value\\-help"}}},"searchOpenDialogs":true},"wdio_ui5_key":"etmportal.ui.managerequests.view.NewRequestsap.ui.core.Icon{\"src\":{\"regex\":{\"source\":\"value\\\\-help\"}}}"}]}
RESULT: undefined
COMMAND: POST /session/e0f9f5aee1597ce8ab84fc4949c39ac3/element - {"using":"xpath","value":"//*[@id=\"__xmlview59--costObjectIdComboBox-vhi\"]"}
RESULT: {"using":"xpath","value":"//*[@id=\"__xmlview59--costObjectIdComboBox-vhi\"]"}
COMMAND: POST /session/e0f9f5aee1597ce8ab84fc4949c39ac3/element/f.16219B07342047CC16B1B6C41B76C932.d.F13DF19ECE565942001DA20E2FEC7AA2.e.10141/click - {}
RESULT: {}
COMMAND: POST /session/e0f9f5aee1597ce8ab84fc4949c39ac3/execute/async - {"script":"<script> [1562 bytes]","args":[{"selector":{"controlType":"sap.m.SearchField","properties":{"placeholder":"Search"},"searchOpenDialogs":true,"interaction":{"idSuffix":"I"}},"wdio_ui5_key":"sapm.SearchField{\"placeholder\":\"Search\"}"}]}
COMMAND: GET /session/e0f9f5aee1597ce8ab84fc4949c39ac3/screenshot - {}
RESULT: {"script":"<script> [1562 bytes]","args":[{"selector":{"controlType":"sap.m.SearchField","properties":{"placeholder":"Search"},"searchOpenDialogs":true,"interaction":{"idSuffix":"I"}},"wdio_ui5_key":"sapm.SearchField{\"placeholder\":\"Search\"}"}]}
RESULT: undefined
COMMAND: POST /session/e0f9f5aee1597ce8ab84fc4949c39ac3/execute/async - {"script":"<script> [776 bytes]","args":[{"enterText":"10001010","selector":{"controlType":"sap.m.SearchField","properties":{"placeholder":"Search"},"searchOpenDialogs":true,"interaction":{"idSuffix":"I"}},"clearTextFirst":true,"interactionType":"ENTER_TEXT"}]}
RESULT: {}
RESULT: {"script":"<script> [776 bytes]","args":[{"enterText":"10001010","selector":{"controlType":"sap.m.SearchField","properties":{"placeholder":"Search"},"searchOpenDialogs":true,"interaction":{"idSuffix":"I"}},"clearTextFirst":true,"interactionType":"ENTER_TEXT"}]}
COMMAND: POST /session/e0f9f5aee1597ce8ab84fc4949c39ac3/actions - {"actions":[{"id":"action69","type":"key","parameters":{},"actions":[{"type":"keyDown","value":"î€‡"},{"type":"pause","duration":10},{"type":"keyUp","value":"î€‡"}]}]}
RESULT: {"actions":[{"id":"action69","type":"key","parameters":{},"actions":[{"type":"keyDown","value":"î€‡"},{"type":"pause","duration":10},{"type":"keyUp","value":"î€‡"}]}]}
COMMAND: GET /session/e0f9f5aee1597ce8ab84fc4949c39ac3/screenshot - {}
RESULT: {}
COMMAND: POST /session/e0f9f5aee1597ce8ab84fc4949c39ac3/execute/async - {"script":"<script> [1562 bytes]","args":[{"selector":{"controlType":"sap.m.Text","bindingPath":{"path":"/C_CostCtrValueHelp(CostCenter='10001010',ControllingArea='Z001')","propertyPath":"CostCenterName","modelName":"CostCenterModel"},"searchOpenDialogs":true},"wdio_ui5_key":"sapm.Text{\"path\":\"/C_CostCtrValueHelp(CostCenter='10001010',ControllingArea='Z001')\",\"propertyPath\":\"CostCenterName\",\"modelName\":\"CostCenterModel\"}"}]}
RESULT: {"script":"<script> [1562 bytes]","args":[{"selector":{"controlType":"sap.m.Text","bindingPath":{"path":"/C_CostCtrValueHelp(CostCenter='10001010',ControllingArea='Z001')","propertyPath":"CostCenterName","modelName":"CostCenterModel"},"searchOpenDialogs":true},"wdio_ui5_key":"sapm.Text{\"path\":\"/C_CostCtrValueHelp(CostCenter='10001010',ControllingArea='Z001')\",\"propertyPath\":\"CostCenterName\",\"modelName\":\"CostCenterModel\"}"}]}
RESULT: undefined
COMMAND: POST /session/e0f9f5aee1597ce8ab84fc4949c39ac3/element - {"using":"xpath","value":"//*[@id=\"__text291-__clone1013\"]"}
RESULT: {"using":"xpath","value":"//*[@id=\"__text291-__clone1013\"]"}
COMMAND: POST /session/e0f9f5aee1597ce8ab84fc4949c39ac3/element/f.16219B07342047CC16B1B6C41B76C932.d.F13DF19ECE565942001DA20E2FEC7AA2.e.10181/click - {}
RESULT: {}
COMMAND: POST /session/e0f9f5aee1597ce8ab84fc4949c39ac3/execute/async - {"script":"<script> [1562 bytes]","args":[{"selector":{"controlType":"sap.m.Button","properties":{"text":"OK"},"searchOpenDialogs":true,"interaction":{"idSuffix":"BDI-content"}},"wdio_ui5_key":"sapm.Button{\"text\":\"OK\"}"}]}
COMMAND: GET /session/e0f9f5aee1597ce8ab84fc4949c39ac3/screenshot - {}
RESULT: {"script":"<script> [1562 bytes]","args":[{"selector":{"controlType":"sap.m.Button","properties":{"text":"OK"},"searchOpenDialogs":true,"interaction":{"idSuffix":"BDI-content"}},"wdio_ui5_key":"sapm.Button{\"text\":\"OK\"}"}]}
RESULT: undefined
COMMAND: POST /session/e0f9f5aee1597ce8ab84fc4949c39ac3/element - {"using":"xpath","value":"//*[@id=\"__dialog1-ok\"]"}
RESULT: {}
RESULT: {"using":"xpath","value":"//*[@id=\"__dialog1-ok\"]"}
COMMAND: POST /session/e0f9f5aee1597ce8ab84fc4949c39ac3/element/f.16219B07342047CC16B1B6C41B76C932.d.F13DF19ECE565942001DA20E2FEC7AA2.e.10183/click - {}
RESULT: {}
COMMAND: GET /session/e0f9f5aee1597ce8ab84fc4949c39ac3/screenshot - {}
RESULT: {}
COMMAND: POST /session/e0f9f5aee1597ce8ab84fc4949c39ac3/execute/async - {"script":"<script> [1562 bytes]","args":[{"selector":{"controlType":"sap.m.Button","viewName":"etm.portal.ui.managerequests.view.NewRequest","i18NText":{"propertyName":"text","key":"save"},"searchOpenDialogs":true,"interaction":{"idSuffix":"BDI-content"}},"wdio_ui5_key":"etmportal.ui.managerequests.view.NewRequestsap.m.Button{\"propertyName\":\"text\",\"key\":\"save\"}"}]}
RESULT: {"script":"<script> [1562 bytes]","args":[{"selector":{"controlType":"sap.m.Button","viewName":"etm.portal.ui.managerequests.view.NewRequest","i18NText":{"propertyName":"text","key":"save"},"searchOpenDialogs":true,"interaction":{"idSuffix":"BDI-content"}},"wdio_ui5_key":"etmportal.ui.managerequests.view.NewRequestsap.m.Button{\"propertyName\":\"text\",\"key\":\"save\"}"}]}
RESULT: undefined
COMMAND: POST /session/e0f9f5aee1597ce8ab84fc4949c39ac3/element - {"using":"xpath","value":"//*[@id=\"__button24\"]"}
RESULT: {"using":"xpath","value":"//*[@id=\"__button24\"]"}
COMMAND: POST /session/e0f9f5aee1597ce8ab84fc4949c39ac3/element/f.16219B07342047CC16B1B6C41B76C932.d.F13DF19ECE565942001DA20E2FEC7AA2.e.10187/click - {}
RESULT: {}
COMMAND: GET /session/e0f9f5aee1597ce8ab84fc4949c39ac3/screenshot - {}
RESULT: {}
COMMAND: POST /session/e0f9f5aee1597ce8ab84fc4949c39ac3/element - {"using":"xpath","value":"(//bdi[contains(text() ,\"Save\")])[1]"}
RESULT: {"using":"xpath","value":"(//bdi[contains(text() ,\"Save\")])[1]"}
COMMAND: POST /session/e0f9f5aee1597ce8ab84fc4949c39ac3/element/f.16219B07342047CC16B1B6C41B76C932.d.F13DF19ECE565942001DA20E2FEC7AA2.e.10189/click - {}
RESULT: {}
COMMAND: GET /session/e0f9f5aee1597ce8ab84fc4949c39ac3/screenshot - {}
RESULT: {}
COMMAND: POST /session/e0f9f5aee1597ce8ab84fc4949c39ac3/execute/async - {"script":"<script> [1562 bytes]","args":[{"selector":{"controlType":"sap.m.Title","properties":{"text":"Success"},"searchOpenDialogs":true},"wdio_ui5_key":"sapm.Title{\"text\":\"Success\"}"}]}
RESULT: {"script":"<script> [1562 bytes]","args":[{"selector":{"controlType":"sap.m.Title","properties":{"text":"Success"},"searchOpenDialogs":true},"wdio_ui5_key":"sapm.Title{\"text\":\"Success\"}"}]}
RESULT: undefined
COMMAND: POST /session/e0f9f5aee1597ce8ab84fc4949c39ac3/execute/async - {"script":"<script> [6424 bytes]","args":[{"element-6066-11e4-a52e-4f735466cecf":"f.16219B07342047CC16B1B6C41B76C932.d.F13DF19ECE565942001DA20E2FEC7AA2.e.10193"},"getText",[]]}
RESULT: {"script":"<script> [6424 bytes]","args":[{"element-6066-11e4-a52e-4f735466cecf":"f.16219B07342047CC16B1B6C41B76C932.d.F13DF19ECE565942001DA20E2FEC7AA2.e.10193"},"getText",[]]}
COMMAND: POST /session/e0f9f5aee1597ce8ab84fc4949c39ac3/execute/async - {"script":"<script> [1562 bytes]","args":[{"selector":{"controlType":"sap.m.Button","properties":{"text":"Close"},"searchOpenDialogs":true,"interaction":{"idSuffix":"BDI-content"}},"wdio_ui5_key":"sapm.Button{\"text\":\"Close\"}"}]}
RESULT: {"script":"<script> [1562 bytes]","args":[{"selector":{"controlType":"sap.m.Button","properties":{"text":"Close"},"searchOpenDialogs":true,"interaction":{"idSuffix":"BDI-content"}},"wdio_ui5_key":"sapm.Button{\"text\":\"Close\"}"}]}
RESULT: undefined
COMMAND: POST /session/e0f9f5aee1597ce8ab84fc4949c39ac3/element - {"using":"xpath","value":"//*[@id=\"__mbox-btn-0\"]"}
RESULT: {"using":"xpath","value":"//*[@id=\"__mbox-btn-0\"]"}
COMMAND: POST /session/e0f9f5aee1597ce8ab84fc4949c39ac3/element/f.16219B07342047CC16B1B6C41B76C932.d.F13DF19ECE565942001DA20E2FEC7AA2.e.10192/click - {}
RESULT: {}
COMMAND: GET /session/e0f9f5aee1597ce8ab84fc4949c39ac3/screenshot - {}
RESULT: {}
]]></system-out>
    </testcase>
    <testcase classname="chrome.136_0_7103_49.windows.Reserve/Unreserve_request_item_via_reserve_option_US139161" name="Should navigate to planning board and reserve the resource" time="113.675">
      <system-out><![CDATA[
COMMAND: POST /session/e0f9f5aee1597ce8ab84fc4949c39ac3/execute/async - {"script":"<script> [1562 bytes]","args":[{"selector":{"controlType":"sap.m.Button","viewName":"etm.portal.ui.managerequests.view.Detail","i18NText":{"propertyName":"text","key":"planningSituation"},"interaction":{"idSuffix":"BDI-content"}},"wdio_ui5_key":"etmportal.ui.managerequests.view.Detailsap.m.Button{\"propertyName\":\"text\",\"key\":\"planningSituation\"}"}]}
RESULT: {"script":"<script> [1562 bytes]","args":[{"selector":{"controlType":"sap.m.Button","viewName":"etm.portal.ui.managerequests.view.Detail","i18NText":{"propertyName":"text","key":"planningSituation"},"interaction":{"idSuffix":"BDI-content"}},"wdio_ui5_key":"etmportal.ui.managerequests.view.Detailsap.m.Button{\"propertyName\":\"text\",\"key\":\"planningSituation\"}"}]}
RESULT: undefined
COMMAND: POST /session/e0f9f5aee1597ce8ab84fc4949c39ac3/element - {"using":"xpath","value":"//*[@id=\"__button27\"]"}
RESULT: {"using":"xpath","value":"//*[@id=\"__button27\"]"}
COMMAND: POST /session/e0f9f5aee1597ce8ab84fc4949c39ac3/element/f.16219B07342047CC16B1B6C41B76C932.d.F13DF19ECE565942001DA20E2FEC7AA2.e.10218/click - {}
RESULT: {}
COMMAND: GET /session/e0f9f5aee1597ce8ab84fc4949c39ac3/screenshot - {}
RESULT: {}
COMMAND: POST /session/e0f9f5aee1597ce8ab84fc4949c39ac3/element - {"using":"xpath","value":"(//span[contains(@title ,\"WebdriverYardgxtyv\")])[1]"}
RESULT: {"using":"xpath","value":"(//span[contains(@title ,\"WebdriverYardgxtyv\")])[1]"}
COMMAND: POST /session/e0f9f5aee1597ce8ab84fc4949c39ac3/elements - {"using":"xpath","value":"(//span[contains(@title ,\"WebdriverYardgxtyv\")])[1]"}
RESULT: {"using":"xpath","value":"(//span[contains(@title ,\"WebdriverYardgxtyv\")])[1]"}
COMMAND: POST /session/e0f9f5aee1597ce8ab84fc4949c39ac3/elements - {"using":"xpath","value":"(//span[contains(@title ,\"WebdriverYardgxtyv\")])[1]"}
RESULT: {"using":"xpath","value":"(//span[contains(@title ,\"WebdriverYardgxtyv\")])[1]"}
COMMAND: POST /session/e0f9f5aee1597ce8ab84fc4949c39ac3/elements - {"using":"xpath","value":"(//span[contains(@title ,\"WebdriverYardgxtyv\")])[1]"}
RESULT: {"using":"xpath","value":"(//span[contains(@title ,\"WebdriverYardgxtyv\")])[1]"}
COMMAND: POST /session/e0f9f5aee1597ce8ab84fc4949c39ac3/elements - {"using":"xpath","value":"(//span[contains(@title ,\"WebdriverYardgxtyv\")])[1]"}
RESULT: {"using":"xpath","value":"(//span[contains(@title ,\"WebdriverYardgxtyv\")])[1]"}
COMMAND: POST /session/e0f9f5aee1597ce8ab84fc4949c39ac3/elements - {"using":"xpath","value":"(//span[contains(@title ,\"WebdriverYardgxtyv\")])[1]"}
RESULT: {"using":"xpath","value":"(//span[contains(@title ,\"WebdriverYardgxtyv\")])[1]"}
COMMAND: POST /session/e0f9f5aee1597ce8ab84fc4949c39ac3/elements - {"using":"xpath","value":"(//span[contains(@title ,\"WebdriverYardgxtyv\")])[1]"}
RESULT: {"using":"xpath","value":"(//span[contains(@title ,\"WebdriverYardgxtyv\")])[1]"}
COMMAND: POST /session/e0f9f5aee1597ce8ab84fc4949c39ac3/elements - {"using":"xpath","value":"(//span[contains(@title ,\"WebdriverYardgxtyv\")])[1]"}
RESULT: {"using":"xpath","value":"(//span[contains(@title ,\"WebdriverYardgxtyv\")])[1]"}
COMMAND: POST /session/e0f9f5aee1597ce8ab84fc4949c39ac3/elements - {"using":"xpath","value":"(//span[contains(@title ,\"WebdriverYardgxtyv\")])[1]"}
RESULT: {"using":"xpath","value":"(//span[contains(@title ,\"WebdriverYardgxtyv\")])[1]"}
COMMAND: POST /session/e0f9f5aee1597ce8ab84fc4949c39ac3/elements - {"using":"xpath","value":"(//span[contains(@title ,\"WebdriverYardgxtyv\")])[1]"}
RESULT: {"using":"xpath","value":"(//span[contains(@title ,\"WebdriverYardgxtyv\")])[1]"}
COMMAND: POST /session/e0f9f5aee1597ce8ab84fc4949c39ac3/elements - {"using":"xpath","value":"(//span[contains(@title ,\"WebdriverYardgxtyv\")])[1]"}
RESULT: {"using":"xpath","value":"(//span[contains(@title ,\"WebdriverYardgxtyv\")])[1]"}
COMMAND: POST /session/e0f9f5aee1597ce8ab84fc4949c39ac3/elements - {"using":"xpath","value":"(//span[contains(@title ,\"WebdriverYardgxtyv\")])[1]"}
RESULT: {"using":"xpath","value":"(//span[contains(@title ,\"WebdriverYardgxtyv\")])[1]"}
COMMAND: POST /session/e0f9f5aee1597ce8ab84fc4949c39ac3/elements - {"using":"xpath","value":"(//span[contains(@title ,\"WebdriverYardgxtyv\")])[1]"}
RESULT: {"using":"xpath","value":"(//span[contains(@title ,\"WebdriverYardgxtyv\")])[1]"}
COMMAND: POST /session/e0f9f5aee1597ce8ab84fc4949c39ac3/elements - {"using":"xpath","value":"(//span[contains(@title ,\"WebdriverYardgxtyv\")])[1]"}
RESULT: {"using":"xpath","value":"(//span[contains(@title ,\"WebdriverYardgxtyv\")])[1]"}
COMMAND: POST /session/e0f9f5aee1597ce8ab84fc4949c39ac3/elements - {"using":"xpath","value":"(//span[contains(@title ,\"WebdriverYardgxtyv\")])[1]"}
RESULT: {"using":"xpath","value":"(//span[contains(@title ,\"WebdriverYardgxtyv\")])[1]"}
COMMAND: POST /session/e0f9f5aee1597ce8ab84fc4949c39ac3/elements - {"using":"xpath","value":"(//span[contains(@title ,\"WebdriverYardgxtyv\")])[1]"}
RESULT: {"using":"xpath","value":"(//span[contains(@title ,\"WebdriverYardgxtyv\")])[1]"}
COMMAND: POST /session/e0f9f5aee1597ce8ab84fc4949c39ac3/elements - {"using":"xpath","value":"(//span[contains(@title ,\"WebdriverYardgxtyv\")])[1]"}
RESULT: {"using":"xpath","value":"(//span[contains(@title ,\"WebdriverYardgxtyv\")])[1]"}
COMMAND: POST /session/e0f9f5aee1597ce8ab84fc4949c39ac3/elements - {"using":"xpath","value":"(//span[contains(@title ,\"WebdriverYardgxtyv\")])[1]"}
RESULT: {"using":"xpath","value":"(//span[contains(@title ,\"WebdriverYardgxtyv\")])[1]"}
COMMAND: POST /session/e0f9f5aee1597ce8ab84fc4949c39ac3/elements - {"using":"xpath","value":"(//span[contains(@title ,\"WebdriverYardgxtyv\")])[1]"}
RESULT: {"using":"xpath","value":"(//span[contains(@title ,\"WebdriverYardgxtyv\")])[1]"}
COMMAND: POST /session/e0f9f5aee1597ce8ab84fc4949c39ac3/elements - {"using":"xpath","value":"(//span[contains(@title ,\"WebdriverYardgxtyv\")])[1]"}
RESULT: {"using":"xpath","value":"(//span[contains(@title ,\"WebdriverYardgxtyv\")])[1]"}
COMMAND: POST /session/e0f9f5aee1597ce8ab84fc4949c39ac3/elements - {"using":"xpath","value":"(//span[contains(@title ,\"WebdriverYardgxtyv\")])[1]"}
RESULT: {"using":"xpath","value":"(//span[contains(@title ,\"WebdriverYardgxtyv\")])[1]"}
COMMAND: POST /session/e0f9f5aee1597ce8ab84fc4949c39ac3/elements - {"using":"xpath","value":"(//span[contains(@title ,\"WebdriverYardgxtyv\")])[1]"}
RESULT: {"using":"xpath","value":"(//span[contains(@title ,\"WebdriverYardgxtyv\")])[1]"}
COMMAND: POST /session/e0f9f5aee1597ce8ab84fc4949c39ac3/elements - {"using":"xpath","value":"(//span[contains(@title ,\"WebdriverYardgxtyv\")])[1]"}
RESULT: {"using":"xpath","value":"(//span[contains(@title ,\"WebdriverYardgxtyv\")])[1]"}
COMMAND: POST /session/e0f9f5aee1597ce8ab84fc4949c39ac3/elements - {"using":"xpath","value":"(//span[contains(@title ,\"WebdriverYardgxtyv\")])[1]"}
RESULT: {"using":"xpath","value":"(//span[contains(@title ,\"WebdriverYardgxtyv\")])[1]"}
COMMAND: POST /session/e0f9f5aee1597ce8ab84fc4949c39ac3/elements - {"using":"xpath","value":"(//span[contains(@title ,\"WebdriverYardgxtyv\")])[1]"}
RESULT: {"using":"xpath","value":"(//span[contains(@title ,\"WebdriverYardgxtyv\")])[1]"}
COMMAND: POST /session/e0f9f5aee1597ce8ab84fc4949c39ac3/elements - {"using":"xpath","value":"(//span[contains(@title ,\"WebdriverYardgxtyv\")])[1]"}
RESULT: {"using":"xpath","value":"(//span[contains(@title ,\"WebdriverYardgxtyv\")])[1]"}
COMMAND: POST /session/e0f9f5aee1597ce8ab84fc4949c39ac3/elements - {"using":"xpath","value":"(//span[contains(@title ,\"WebdriverYardgxtyv\")])[1]"}
RESULT: {"using":"xpath","value":"(//span[contains(@title ,\"WebdriverYardgxtyv\")])[1]"}
COMMAND: POST /session/e0f9f5aee1597ce8ab84fc4949c39ac3/elements - {"using":"xpath","value":"(//span[contains(@title ,\"WebdriverYardgxtyv\")])[1]"}
RESULT: {"using":"xpath","value":"(//span[contains(@title ,\"WebdriverYardgxtyv\")])[1]"}
COMMAND: POST /session/e0f9f5aee1597ce8ab84fc4949c39ac3/elements - {"using":"xpath","value":"(//span[contains(@title ,\"WebdriverYardgxtyv\")])[1]"}
RESULT: {"using":"xpath","value":"(//span[contains(@title ,\"WebdriverYardgxtyv\")])[1]"}
COMMAND: POST /session/e0f9f5aee1597ce8ab84fc4949c39ac3/elements - {"using":"xpath","value":"(//span[contains(@title ,\"WebdriverYardgxtyv\")])[1]"}
RESULT: {"using":"xpath","value":"(//span[contains(@title ,\"WebdriverYardgxtyv\")])[1]"}
COMMAND: POST /session/e0f9f5aee1597ce8ab84fc4949c39ac3/elements - {"using":"xpath","value":"(//span[contains(@title ,\"WebdriverYardgxtyv\")])[1]"}
RESULT: {"using":"xpath","value":"(//span[contains(@title ,\"WebdriverYardgxtyv\")])[1]"}
COMMAND: POST /session/e0f9f5aee1597ce8ab84fc4949c39ac3/elements - {"using":"xpath","value":"(//span[contains(@title ,\"WebdriverYardgxtyv\")])[1]"}
RESULT: {"using":"xpath","value":"(//span[contains(@title ,\"WebdriverYardgxtyv\")])[1]"}
COMMAND: POST /session/e0f9f5aee1597ce8ab84fc4949c39ac3/elements - {"using":"xpath","value":"(//span[contains(@title ,\"WebdriverYardgxtyv\")])[1]"}
RESULT: {"using":"xpath","value":"(//span[contains(@title ,\"WebdriverYardgxtyv\")])[1]"}
COMMAND: POST /session/e0f9f5aee1597ce8ab84fc4949c39ac3/elements - {"using":"xpath","value":"(//span[contains(@title ,\"WebdriverYardgxtyv\")])[1]"}
RESULT: {"using":"xpath","value":"(//span[contains(@title ,\"WebdriverYardgxtyv\")])[1]"}
COMMAND: POST /session/e0f9f5aee1597ce8ab84fc4949c39ac3/elements - {"using":"xpath","value":"(//span[contains(@title ,\"WebdriverYardgxtyv\")])[1]"}
RESULT: {"using":"xpath","value":"(//span[contains(@title ,\"WebdriverYardgxtyv\")])[1]"}
COMMAND: POST /session/e0f9f5aee1597ce8ab84fc4949c39ac3/elements - {"using":"xpath","value":"(//span[contains(@title ,\"WebdriverYardgxtyv\")])[1]"}
RESULT: {"using":"xpath","value":"(//span[contains(@title ,\"WebdriverYardgxtyv\")])[1]"}
COMMAND: POST /session/e0f9f5aee1597ce8ab84fc4949c39ac3/elements - {"using":"xpath","value":"(//span[contains(@title ,\"WebdriverYardgxtyv\")])[1]"}
RESULT: {"using":"xpath","value":"(//span[contains(@title ,\"WebdriverYardgxtyv\")])[1]"}
COMMAND: POST /session/e0f9f5aee1597ce8ab84fc4949c39ac3/elements - {"using":"xpath","value":"(//span[contains(@title ,\"WebdriverYardgxtyv\")])[1]"}
RESULT: {"using":"xpath","value":"(//span[contains(@title ,\"WebdriverYardgxtyv\")])[1]"}
COMMAND: POST /session/e0f9f5aee1597ce8ab84fc4949c39ac3/element - {"using":"xpath","value":"(//span[contains(@title ,\"WebdriverYardgxtyv\")])[1]"}
RESULT: {"using":"xpath","value":"(//span[contains(@title ,\"WebdriverYardgxtyv\")])[1]"}
COMMAND: POST /session/e0f9f5aee1597ce8ab84fc4949c39ac3/execute/sync - {"script":"<script> [8489 bytes]","args":[{"element-6066-11e4-a52e-4f735466cecf":"f.16219B07342047CC16B1B6C41B76C932.d.F13DF19ECE565942001DA20E2FEC7AA2.e.10669","ELEMENT":"f.16219B07342047CC16B1B6C41B76C932.d.F13DF19ECE565942001DA20E2FEC7AA2.e.10669"}]}
RESULT: {"script":"<script> [8489 bytes]","args":[{"element-6066-11e4-a52e-4f735466cecf":"f.16219B07342047CC16B1B6C41B76C932.d.F13DF19ECE565942001DA20E2FEC7AA2.e.10669","ELEMENT":"f.16219B07342047CC16B1B6C41B76C932.d.F13DF19ECE565942001DA20E2FEC7AA2.e.10669"}]}
COMMAND: POST /session/e0f9f5aee1597ce8ab84fc4949c39ac3/element - {"using":"xpath","value":"(//span[contains(@title ,\"WebdriverYardgxtyv\")])[1]"}
COMMAND: GET /session/e0f9f5aee1597ce8ab84fc4949c39ac3/screenshot - {}
RESULT: {"using":"xpath","value":"(//span[contains(@title ,\"WebdriverYardgxtyv\")])[1]"}
COMMAND: POST /session/e0f9f5aee1597ce8ab84fc4949c39ac3/actions - {"actions":[{"id":"action70","type":"pointer","parameters":{"pointerType":"mouse"},"actions":[{"type":"pointerMove","button":0,"width":0,"height":0,"pressure":0,"tangentialPressure":0,"tiltX":0,"tiltY":0,"twist":0,"altitudeAngle":0,"_":"5 more keys: [\"azimuthAngle\",\"x\",\"y\",\"duration\",\"origin\"]"},{"type":"pointerDown","button":2,"width":0,"height":0,"pressure":0,"tangentialPressure":0,"tiltX":0,"tiltY":0,"twist":0,"altitudeAngle":0,"_":"1 more keys: [\"azimuthAngle\"]"},{"type":"pointerUp","button":2}]}]}
RESULT: {}
RESULT: {"actions":[{"id":"action70","type":"pointer","parameters":{"pointerType":"mouse"},"actions":[{"type":"pointerMove","button":0,"width":0,"height":0,"pressure":0,"tangentialPressure":0,"tiltX":0,"tiltY":0,"twist":0,"altitudeAngle":0,"_":"5 more keys: [\"azimuthAngle\",\"x\",\"y\",\"duration\",\"origin\"]"},{"type":"pointerDown","button":2,"width":0,"height":0,"pressure":0,"tangentialPressure":0,"tiltX":0,"tiltY":0,"twist":0,"altitudeAngle":0,"_":"1 more keys: [\"azimuthAngle\"]"},{"type":"pointerUp","button":2}]}]}
COMMAND: DELETE /session/e0f9f5aee1597ce8ab84fc4949c39ac3/actions - {}
COMMAND: GET /session/e0f9f5aee1597ce8ab84fc4949c39ac3/screenshot - {}
RESULT: {}
COMMAND: GET /session/e0f9f5aee1597ce8ab84fc4949c39ac3/screenshot - {}
RESULT: {}
RESULT: {}
COMMAND: POST /session/e0f9f5aee1597ce8ab84fc4949c39ac3/actions - {"actions":[{"id":"action71","type":"key","parameters":{},"actions":[{"type":"keyDown","value":"î€•"},{"type":"pause","duration":10},{"type":"keyUp","value":"î€•"}]}]}
RESULT: {"actions":[{"id":"action71","type":"key","parameters":{},"actions":[{"type":"keyDown","value":"î€•"},{"type":"pause","duration":10},{"type":"keyUp","value":"î€•"}]}]}
COMMAND: GET /session/e0f9f5aee1597ce8ab84fc4949c39ac3/screenshot - {}
RESULT: {}
COMMAND: POST /session/e0f9f5aee1597ce8ab84fc4949c39ac3/actions - {"actions":[{"id":"action72","type":"key","parameters":{},"actions":[{"type":"keyDown","value":"î€‡"},{"type":"pause","duration":10},{"type":"keyUp","value":"î€‡"}]}]}
RESULT: {"actions":[{"id":"action72","type":"key","parameters":{},"actions":[{"type":"keyDown","value":"î€‡"},{"type":"pause","duration":10},{"type":"keyUp","value":"î€‡"}]}]}
COMMAND: GET /session/e0f9f5aee1597ce8ab84fc4949c39ac3/screenshot - {}
RESULT: {}
COMMAND: POST /session/e0f9f5aee1597ce8ab84fc4949c39ac3/execute/async - {"script":"<script> [1562 bytes]","args":[{"selector":{"id":"application-planningboard-display-component---pB_RequestHeader--RUreservationComment","searchOpenDialogs":true,"interaction":{"idSuffix":"inner"}},"wdio_ui5_key":"applicationplanningboard-display-component---pB_RequestHeader--RUreservationComment"}]}
RESULT: {"script":"<script> [1562 bytes]","args":[{"selector":{"id":"application-planningboard-display-component---pB_RequestHeader--RUreservationComment","searchOpenDialogs":true,"interaction":{"idSuffix":"inner"}},"wdio_ui5_key":"applicationplanningboard-display-component---pB_RequestHeader--RUreservationComment"}]}
RESULT: undefined
COMMAND: POST /session/e0f9f5aee1597ce8ab84fc4949c39ac3/execute/async - {"script":"<script> [776 bytes]","args":[{"enterText":"WdIORes1p0ln9","selector":{"id":"application-planningboard-display-component---pB_RequestHeader--RUreservationComment","searchOpenDialogs":true,"interaction":{"idSuffix":"inner"}},"clearTextFirst":true,"interactionType":"ENTER_TEXT"}]}
RESULT: {"script":"<script> [776 bytes]","args":[{"enterText":"WdIORes1p0ln9","selector":{"id":"application-planningboard-display-component---pB_RequestHeader--RUreservationComment","searchOpenDialogs":true,"interaction":{"idSuffix":"inner"}},"clearTextFirst":true,"interactionType":"ENTER_TEXT"}]}
COMMAND: POST /session/e0f9f5aee1597ce8ab84fc4949c39ac3/execute/async - {"script":"<script> [1562 bytes]","args":[{"selector":{"controlType":"sap.m.Button","viewName":"etm.portal.ui.planningboard.view.detail.RequestHeader","viewId":"application-planningboard-display-component---pB_RequestHeader","properties":{"text":"Ok"},"searchOpenDialogs":true,"interaction":{"idSuffix":"BDI-content"}},"wdio_ui5_key":"etmportal.ui.planningboard.view.detail.RequestHeadersap.m.Button{\"text\":\"Ok\"}"}]}
RESULT: {"script":"<script> [1562 bytes]","args":[{"selector":{"controlType":"sap.m.Button","viewName":"etm.portal.ui.planningboard.view.detail.RequestHeader","viewId":"application-planningboard-display-component---pB_RequestHeader","properties":{"text":"Ok"},"searchOpenDialogs":true,"interaction":{"idSuffix":"BDI-content"}},"wdio_ui5_key":"etmportal.ui.planningboard.view.detail.RequestHeadersap.m.Button{\"text\":\"Ok\"}"}]}
RESULT: undefined
COMMAND: POST /session/e0f9f5aee1597ce8ab84fc4949c39ac3/element - {"using":"xpath","value":"//*[@id=\"__button192\"]"}
RESULT: {"using":"xpath","value":"//*[@id=\"__button192\"]"}
COMMAND: POST /session/e0f9f5aee1597ce8ab84fc4949c39ac3/element/f.16219B07342047CC16B1B6C41B76C932.d.F13DF19ECE565942001DA20E2FEC7AA2.e.10684/click - {}
RESULT: {}
COMMAND: GET /session/e0f9f5aee1597ce8ab84fc4949c39ac3/screenshot - {}
RESULT: {}
COMMAND: POST /session/e0f9f5aee1597ce8ab84fc4949c39ac3/element - {"using":"xpath","value":"//span[contains(@title ,\"WebdriverYardgxtyv\")]"}
RESULT: {"using":"xpath","value":"//span[contains(@title ,\"WebdriverYardgxtyv\")]"}
COMMAND: POST /session/e0f9f5aee1597ce8ab84fc4949c39ac3/actions - {"actions":[{"id":"action73","type":"pointer","parameters":{"pointerType":"mouse"},"actions":[{"type":"pointerMove","button":0,"width":0,"height":0,"pressure":0,"tangentialPressure":0,"tiltX":0,"tiltY":0,"twist":0,"altitudeAngle":0,"_":"5 more keys: [\"azimuthAngle\",\"x\",\"y\",\"duration\",\"origin\"]"},{"type":"pointerDown","button":2,"width":0,"height":0,"pressure":0,"tangentialPressure":0,"tiltX":0,"tiltY":0,"twist":0,"altitudeAngle":0,"_":"1 more keys: [\"azimuthAngle\"]"},{"type":"pointerUp","button":2}]}]}
RESULT: {"actions":[{"id":"action73","type":"pointer","parameters":{"pointerType":"mouse"},"actions":[{"type":"pointerMove","button":0,"width":0,"height":0,"pressure":0,"tangentialPressure":0,"tiltX":0,"tiltY":0,"twist":0,"altitudeAngle":0,"_":"5 more keys: [\"azimuthAngle\",\"x\",\"y\",\"duration\",\"origin\"]"},{"type":"pointerDown","button":2,"width":0,"height":0,"pressure":0,"tangentialPressure":0,"tiltX":0,"tiltY":0,"twist":0,"altitudeAngle":0,"_":"1 more keys: [\"azimuthAngle\"]"},{"type":"pointerUp","button":2}]}]}
COMMAND: DELETE /session/e0f9f5aee1597ce8ab84fc4949c39ac3/actions - {}
COMMAND: GET /session/e0f9f5aee1597ce8ab84fc4949c39ac3/screenshot - {}
RESULT: {}
COMMAND: GET /session/e0f9f5aee1597ce8ab84fc4949c39ac3/screenshot - {}
RESULT: {}
RESULT: {}
COMMAND: POST /session/e0f9f5aee1597ce8ab84fc4949c39ac3/actions - {"actions":[{"id":"action74","type":"key","parameters":{},"actions":[{"type":"keyDown","value":"î€•"},{"type":"pause","duration":10},{"type":"keyUp","value":"î€•"}]}]}
RESULT: {"actions":[{"id":"action74","type":"key","parameters":{},"actions":[{"type":"keyDown","value":"î€•"},{"type":"pause","duration":10},{"type":"keyUp","value":"î€•"}]}]}
COMMAND: GET /session/e0f9f5aee1597ce8ab84fc4949c39ac3/screenshot - {}
RESULT: {}
COMMAND: POST /session/e0f9f5aee1597ce8ab84fc4949c39ac3/actions - {"actions":[{"id":"action75","type":"key","parameters":{},"actions":[{"type":"keyDown","value":"î€‡"},{"type":"pause","duration":10},{"type":"keyUp","value":"î€‡"}]}]}
RESULT: {"actions":[{"id":"action75","type":"key","parameters":{},"actions":[{"type":"keyDown","value":"î€‡"},{"type":"pause","duration":10},{"type":"keyUp","value":"î€‡"}]}]}
COMMAND: GET /session/e0f9f5aee1597ce8ab84fc4949c39ac3/screenshot - {}
RESULT: {}
RESULT: undefined
COMMAND: POST /session/e0f9f5aee1597ce8ab84fc4949c39ac3/execute/async - {"script":"<script> [776 bytes]","args":[{"enterText":"WdIORes2h6uds","selector":{"id":"application-planningboard-display-component---pB_RequestHeader--RUreservationComment","searchOpenDialogs":true,"interaction":{"idSuffix":"inner"}},"clearTextFirst":true,"interactionType":"ENTER_TEXT"}]}
RESULT: {"script":"<script> [776 bytes]","args":[{"enterText":"WdIORes2h6uds","selector":{"id":"application-planningboard-display-component---pB_RequestHeader--RUreservationComment","searchOpenDialogs":true,"interaction":{"idSuffix":"inner"}},"clearTextFirst":true,"interactionType":"ENTER_TEXT"}]}
RESULT: undefined
COMMAND: POST /session/e0f9f5aee1597ce8ab84fc4949c39ac3/element - {"using":"xpath","value":"//*[@id=\"__button192\"]"}
RESULT: {"using":"xpath","value":"//*[@id=\"__button192\"]"}
COMMAND: POST /session/e0f9f5aee1597ce8ab84fc4949c39ac3/element/f.16219B07342047CC16B1B6C41B76C932.d.F13DF19ECE565942001DA20E2FEC7AA2.e.10761/click - {}
RESULT: {}
COMMAND: GET /session/e0f9f5aee1597ce8ab84fc4949c39ac3/screenshot - {}
RESULT: {}
COMMAND: POST /session/e0f9f5aee1597ce8ab84fc4949c39ac3/execute/async - {"script":"<script> [1562 bytes]","args":[{"selector":{"controlType":"sap.m.Button","viewName":"etm.portal.ui.planningboard.view.detail.RequestHeader","viewId":"application-planningboard-display-component---pB_RequestHeader","i18NText":{"propertyName":"text","key":"close"},"ancestor":{"id":"application-planningboard-display-component---pB_RequestHeader--requestItemDetails"},"interaction":{"idSuffix":"BDI-content"}},"wdio_ui5_key":"etmportal.ui.planningboard.view.detail.RequestHeadersap.m.Button{\"propertyName\":\"text\",\"key\":\"close\"}{\"id\":\"application-planningboard-display-component---pB_RequestHeader--requestItemDetails\"}"}]}
RESULT: {"script":"<script> [1562 bytes]","args":[{"selector":{"controlType":"sap.m.Button","viewName":"etm.portal.ui.planningboard.view.detail.RequestHeader","viewId":"application-planningboard-display-component---pB_RequestHeader","i18NText":{"propertyName":"text","key":"close"},"ancestor":{"id":"application-planningboard-display-component---pB_RequestHeader--requestItemDetails"},"interaction":{"idSuffix":"BDI-content"}},"wdio_ui5_key":"etmportal.ui.planningboard.view.detail.RequestHeadersap.m.Button{\"propertyName\":\"text\",\"key\":\"close\"}{\"id\":\"application-planningboard-display-component---pB_RequestHeader--requestItemDetails\"}"}]}
RESULT: undefined
COMMAND: POST /session/e0f9f5aee1597ce8ab84fc4949c39ac3/element - {"using":"xpath","value":"//*[@id=\"__button68\"]"}
RESULT: {"using":"xpath","value":"//*[@id=\"__button68\"]"}
COMMAND: POST /session/e0f9f5aee1597ce8ab84fc4949c39ac3/element/f.16219B07342047CC16B1B6C41B76C932.d.F13DF19ECE565942001DA20E2FEC7AA2.e.10550/click - {}
RESULT: {}
COMMAND: GET /session/e0f9f5aee1597ce8ab84fc4949c39ac3/screenshot - {}
RESULT: {}
COMMAND: POST /session/e0f9f5aee1597ce8ab84fc4949c39ac3/execute/async - {"script":"<script> [1562 bytes]","args":[{"selector":{"id":"application-planningboard-display-component---pB_Master--selectView","interaction":{"idSuffix":"arrow"}},"wdio_ui5_key":"applicationplanningboard-display-component---pB_Master--selectView"}]}
RESULT: {"script":"<script> [1562 bytes]","args":[{"selector":{"id":"application-planningboard-display-component---pB_Master--selectView","interaction":{"idSuffix":"arrow"}},"wdio_ui5_key":"applicationplanningboard-display-component---pB_Master--selectView"}]}
RESULT: undefined
COMMAND: POST /session/e0f9f5aee1597ce8ab84fc4949c39ac3/element - {"using":"xpath","value":"//*[@id=\"application-planningboard-display-component---pB_Master--selectView\"]"}
RESULT: {"using":"xpath","value":"//*[@id=\"application-planningboard-display-component---pB_Master--selectView\"]"}
COMMAND: POST /session/e0f9f5aee1597ce8ab84fc4949c39ac3/element/f.16219B07342047CC16B1B6C41B76C932.d.F13DF19ECE565942001DA20E2FEC7AA2.e.10981/click - {}
RESULT: {}
COMMAND: GET /session/e0f9f5aee1597ce8ab84fc4949c39ac3/screenshot - {}
RESULT: {}
COMMAND: POST /session/e0f9f5aee1597ce8ab84fc4949c39ac3/execute/async - {"script":"<script> [1562 bytes]","args":[{"selector":{"controlType":"sap.ui.core.Item","viewName":"etm.portal.ui.planningboard.view.Master","viewId":"application-planningboard-display-component---pB_Master","i18NText":{"propertyName":"text","key":"manageReservations"},"searchOpenDialogs":true},"wdio_ui5_key":"etmportal.ui.planningboard.view.Mastersap.ui.core.Item{\"propertyName\":\"text\",\"key\":\"manageReservations\"}"}]}
RESULT: {"script":"<script> [1562 bytes]","args":[{"selector":{"controlType":"sap.ui.core.Item","viewName":"etm.portal.ui.planningboard.view.Master","viewId":"application-planningboard-display-component---pB_Master","i18NText":{"propertyName":"text","key":"manageReservations"},"searchOpenDialogs":true},"wdio_ui5_key":"etmportal.ui.planningboard.view.Mastersap.ui.core.Item{\"propertyName\":\"text\",\"key\":\"manageReservations\"}"}]}
RESULT: undefined
COMMAND: POST /session/e0f9f5aee1597ce8ab84fc4949c39ac3/element - {"using":"xpath","value":"//*[@id=\"__item922\"]"}
RESULT: {"using":"xpath","value":"//*[@id=\"__item922\"]"}
COMMAND: POST /session/e0f9f5aee1597ce8ab84fc4949c39ac3/element/f.16219B07342047CC16B1B6C41B76C932.d.F13DF19ECE565942001DA20E2FEC7AA2.e.10982/click - {}
RESULT: {}
COMMAND: GET /session/e0f9f5aee1597ce8ab84fc4949c39ac3/screenshot - {}
RESULT: {}
COMMAND: POST /session/e0f9f5aee1597ce8ab84fc4949c39ac3/element - {"using":"xpath","value":"//span[contains(@id ,\"clone\")][contains(text(), \"WdIORes1p0ln9\")]"}
RESULT: {"using":"xpath","value":"//span[contains(@id ,\"clone\")][contains(text(), \"WdIORes1p0ln9\")]"}
COMMAND: GET /session/e0f9f5aee1597ce8ab84fc4949c39ac3/element/f.16219B07342047CC16B1B6C41B76C932.d.F13DF19ECE565942001DA20E2FEC7AA2.e.10998/text - {}
RESULT: {}
COMMAND: POST /session/e0f9f5aee1597ce8ab84fc4949c39ac3/element - {"using":"xpath","value":"//span[contains(@id ,\"clone\")][contains(text(), \"WdIORes2h6uds\")]"}
RESULT: {"using":"xpath","value":"//span[contains(@id ,\"clone\")][contains(text(), \"WdIORes2h6uds\")]"}
COMMAND: POST /session/e0f9f5aee1597ce8ab84fc4949c39ac3/element/f.16219B07342047CC16B1B6C41B76C932.d.F13DF19ECE565942001DA20E2FEC7AA2.e.10999/click - {}
RESULT: {}
COMMAND: GET /session/e0f9f5aee1597ce8ab84fc4949c39ac3/screenshot - {}
RESULT: {}
COMMAND: POST /session/e0f9f5aee1597ce8ab84fc4949c39ac3/actions - {"actions":[{"id":"action76","type":"key","parameters":{},"actions":[{"type":"keyDown","value":"î€‡"},{"type":"pause","duration":10},{"type":"keyUp","value":"î€‡"}]}]}
RESULT: {"actions":[{"id":"action76","type":"key","parameters":{},"actions":[{"type":"keyDown","value":"î€‡"},{"type":"pause","duration":10},{"type":"keyUp","value":"î€‡"}]}]}
COMMAND: GET /session/e0f9f5aee1597ce8ab84fc4949c39ac3/screenshot - {}
RESULT: {}
COMMAND: POST /session/e0f9f5aee1597ce8ab84fc4949c39ac3/execute/async - {"script":"<script> [1562 bytes]","args":[{"selector":{"controlType":"sap.m.Button","viewName":"etm.portal.ui.planningboard.view.detail.Planning","viewId":"application-planningboard-display-component---pB_Planning","i18NText":{"propertyName":"text","key":"unplan"},"interaction":{"idSuffix":"BDI-content"}},"wdio_ui5_key":"etmportal.ui.planningboard.view.detail.Planningsap.m.Button{\"propertyName\":\"text\",\"key\":\"unplan\"}"}]}
RESULT: {"script":"<script> [1562 bytes]","args":[{"selector":{"controlType":"sap.m.Button","viewName":"etm.portal.ui.planningboard.view.detail.Planning","viewId":"application-planningboard-display-component---pB_Planning","i18NText":{"propertyName":"text","key":"unplan"},"interaction":{"idSuffix":"BDI-content"}},"wdio_ui5_key":"etmportal.ui.planningboard.view.detail.Planningsap.m.Button{\"propertyName\":\"text\",\"key\":\"unplan\"}"}]}
RESULT: undefined
COMMAND: POST /session/e0f9f5aee1597ce8ab84fc4949c39ac3/element - {"using":"xpath","value":"//*[@id=\"__button258\"]"}
RESULT: {"using":"xpath","value":"//*[@id=\"__button258\"]"}
COMMAND: POST /session/e0f9f5aee1597ce8ab84fc4949c39ac3/element/f.16219B07342047CC16B1B6C41B76C932.d.F13DF19ECE565942001DA20E2FEC7AA2.e.11056/click - {}
RESULT: {}
COMMAND: GET /session/e0f9f5aee1597ce8ab84fc4949c39ac3/screenshot - {}
RESULT: {}
COMMAND: POST /session/e0f9f5aee1597ce8ab84fc4949c39ac3/element - {"using":"xpath","value":"//span[contains(@id ,\"clone\")][contains(text(), \"WdIORes2h6uds\")]"}
RESULT: {"using":"xpath","value":"//span[contains(@id ,\"clone\")][contains(text(), \"WdIORes2h6uds\")]"}
COMMAND: POST /session/e0f9f5aee1597ce8ab84fc4949c39ac3/element - {"using":"xpath","value":"//span[contains(@id ,\"clone\")][contains(text(), \"WdIORes2h6uds\")]"}
RESULT: {"using":"xpath","value":"//span[contains(@id ,\"clone\")][contains(text(), \"WdIORes2h6uds\")]"}
COMMAND: POST /session/e0f9f5aee1597ce8ab84fc4949c39ac3/element - {"using":"xpath","value":"//span[contains(@id ,\"clone\")][contains(text(), \"WdIORes1p0ln9\")]"}
RESULT: {"using":"xpath","value":"//span[contains(@id ,\"clone\")][contains(text(), \"WdIORes1p0ln9\")]"}
COMMAND: POST /session/e0f9f5aee1597ce8ab84fc4949c39ac3/element/f.16219B07342047CC16B1B6C41B76C932.d.F13DF19ECE565942001DA20E2FEC7AA2.e.11121/click - {}
RESULT: {}
COMMAND: GET /session/e0f9f5aee1597ce8ab84fc4949c39ac3/screenshot - {}
RESULT: {}
COMMAND: POST /session/e0f9f5aee1597ce8ab84fc4949c39ac3/actions - {"actions":[{"id":"action77","type":"key","parameters":{},"actions":[{"type":"keyDown","value":"î€‡"},{"type":"pause","duration":10},{"type":"keyUp","value":"î€‡"}]}]}
RESULT: {"actions":[{"id":"action77","type":"key","parameters":{},"actions":[{"type":"keyDown","value":"î€‡"},{"type":"pause","duration":10},{"type":"keyUp","value":"î€‡"}]}]}
COMMAND: GET /session/e0f9f5aee1597ce8ab84fc4949c39ac3/screenshot - {}
RESULT: {}
]]></system-out>
    </testcase>
  </testsuite>
  <testsuite timestamp="2025-05-08T06:13:31" time="31.954" tests="1" failures="0" errors="0" skipped="0">
    <properties>
      <property name="specId" value="0" />
      <property name="suiteName" value="Reserve/Unreserve request item via reserve option US139161" />
      <property name="capabilities" value="chrome.136_0_7103_49.windows" />
      <property name="file" value="file:///D:/a/1/s/test/specs/R2C/manage-reservations-view-planning-board.spec.js" />
    </properties>
    <testcase classname="chrome.136_0_7103_49.windows.Reserve/Unreserve_request_item_via_reserve_option_US139161" name="Should open a reservation to verify and edit the details" time="31.952">
      <system-out><![CDATA[
COMMAND: POST /session/e0f9f5aee1597ce8ab84fc4949c39ac3/element - {"using":"xpath","value":"//button[contains(@data-kt, \"editButton\")]"}
RESULT: {"using":"xpath","value":"//button[contains(@data-kt, \"editButton\")]"}
COMMAND: POST /session/e0f9f5aee1597ce8ab84fc4949c39ac3/execute/sync - {"script":"<script> [8489 bytes]","args":[{"element-6066-11e4-a52e-4f735466cecf":"f.16219B07342047CC16B1B6C41B76C932.d.F13DF19ECE565942001DA20E2FEC7AA2.e.11174","ELEMENT":"f.16219B07342047CC16B1B6C41B76C932.d.F13DF19ECE565942001DA20E2FEC7AA2.e.11174"}]}
RESULT: {"script":"<script> [8489 bytes]","args":[{"element-6066-11e4-a52e-4f735466cecf":"f.16219B07342047CC16B1B6C41B76C932.d.F13DF19ECE565942001DA20E2FEC7AA2.e.11174","ELEMENT":"f.16219B07342047CC16B1B6C41B76C932.d.F13DF19ECE565942001DA20E2FEC7AA2.e.11174"}]}
COMMAND: POST /session/e0f9f5aee1597ce8ab84fc4949c39ac3/element - {"using":"xpath","value":"//button[contains(@data-kt, \"unplanButton\")]"}
COMMAND: GET /session/e0f9f5aee1597ce8ab84fc4949c39ac3/screenshot - {}
RESULT: {"using":"xpath","value":"//button[contains(@data-kt, \"unplanButton\")]"}
COMMAND: POST /session/e0f9f5aee1597ce8ab84fc4949c39ac3/execute/sync - {"script":"<script> [8489 bytes]","args":[{"element-6066-11e4-a52e-4f735466cecf":"f.16219B07342047CC16B1B6C41B76C932.d.F13DF19ECE565942001DA20E2FEC7AA2.e.11176","ELEMENT":"f.16219B07342047CC16B1B6C41B76C932.d.F13DF19ECE565942001DA20E2FEC7AA2.e.11176"}]}
RESULT: {}
RESULT: {"script":"<script> [8489 bytes]","args":[{"element-6066-11e4-a52e-4f735466cecf":"f.16219B07342047CC16B1B6C41B76C932.d.F13DF19ECE565942001DA20E2FEC7AA2.e.11176","ELEMENT":"f.16219B07342047CC16B1B6C41B76C932.d.F13DF19ECE565942001DA20E2FEC7AA2.e.11176"}]}
COMMAND: POST /session/e0f9f5aee1597ce8ab84fc4949c39ac3/element - {"using":"xpath","value":"//button[contains(@data-kt, \"editButton\")]"}
COMMAND: GET /session/e0f9f5aee1597ce8ab84fc4949c39ac3/screenshot - {}
RESULT: {"using":"xpath","value":"//button[contains(@data-kt, \"editButton\")]"}
COMMAND: POST /session/e0f9f5aee1597ce8ab84fc4949c39ac3/element/f.16219B07342047CC16B1B6C41B76C932.d.F13DF19ECE565942001DA20E2FEC7AA2.e.11174/click - {}
RESULT: {}
RESULT: {}
COMMAND: POST /session/e0f9f5aee1597ce8ab84fc4949c39ac3/element - {"using":"xpath","value":"(//input[contains(@id ,\"picker\")][contains(@aria-roledescription ,\"Date Input\")])[4]"}
COMMAND: GET /session/e0f9f5aee1597ce8ab84fc4949c39ac3/screenshot - {}
RESULT: {"using":"xpath","value":"(//input[contains(@id ,\"picker\")][contains(@aria-roledescription ,\"Date Input\")])[4]"}
COMMAND: POST /session/e0f9f5aee1597ce8ab84fc4949c39ac3/element/f.16219B07342047CC16B1B6C41B76C932.d.F13DF19ECE565942001DA20E2FEC7AA2.e.11143/clear - {}
RESULT: {}
RESULT: {}
COMMAND: POST /session/e0f9f5aee1597ce8ab84fc4949c39ac3/element/f.16219B07342047CC16B1B6C41B76C932.d.F13DF19ECE565942001DA20E2FEC7AA2.e.11143/value - {"text":"5/10/25"}
COMMAND: GET /session/e0f9f5aee1597ce8ab84fc4949c39ac3/screenshot - {}
RESULT: {"text":"5/10/25"}
COMMAND: GET /session/e0f9f5aee1597ce8ab84fc4949c39ac3/screenshot - {}
RESULT: {}
RESULT: {}
COMMAND: POST /session/e0f9f5aee1597ce8ab84fc4949c39ac3/element - {"using":"xpath","value":"//bdi[contains(text(), \"Save\")]"}
RESULT: {"using":"xpath","value":"//bdi[contains(text(), \"Save\")]"}
COMMAND: POST /session/e0f9f5aee1597ce8ab84fc4949c39ac3/element/f.16219B07342047CC16B1B6C41B76C932.d.F13DF19ECE565942001DA20E2FEC7AA2.e.11198/click - {}
RESULT: {}
COMMAND: GET /session/e0f9f5aee1597ce8ab84fc4949c39ac3/screenshot - {}
RESULT: {}
COMMAND: POST /session/e0f9f5aee1597ce8ab84fc4949c39ac3/element - {"using":"xpath","value":"(//input[contains(@id ,\"picker\")][contains(@aria-roledescription ,\"Date Input\")])[4]"}
RESULT: {"using":"xpath","value":"(//input[contains(@id ,\"picker\")][contains(@aria-roledescription ,\"Date Input\")])[4]"}
COMMAND: GET /session/e0f9f5aee1597ce8ab84fc4949c39ac3/element/f.16219B07342047CC16B1B6C41B76C932.d.F13DF19ECE565942001DA20E2FEC7AA2.e.11143/property/value - {}
RESULT: {}
COMMAND: GET /session/e0f9f5aee1597ce8ab84fc4949c39ac3/screenshot - {}
RESULT: {}
COMMAND: POST /session/e0f9f5aee1597ce8ab84fc4949c39ac3/element - {"using":"xpath","value":"//bdi[contains(text(), \"Unplan\")]"}
RESULT: {"using":"xpath","value":"//bdi[contains(text(), \"Unplan\")]"}
COMMAND: POST /session/e0f9f5aee1597ce8ab84fc4949c39ac3/element/f.16219B07342047CC16B1B6C41B76C932.d.F13DF19ECE565942001DA20E2FEC7AA2.e.11210/click - {}
RESULT: {}
COMMAND: GET /session/e0f9f5aee1597ce8ab84fc4949c39ac3/screenshot - {}
RESULT: {}
COMMAND: POST /session/e0f9f5aee1597ce8ab84fc4949c39ac3/element - {"using":"css selector","value":"#shell-header-logo"}
RESULT: {"using":"css selector","value":"#shell-header-logo"}
COMMAND: POST /session/e0f9f5aee1597ce8ab84fc4949c39ac3/element/f.16219B07342047CC16B1B6C41B76C932.d.F13DF19ECE565942001DA20E2FEC7AA2.e.9669/click - {}
RESULT: {}
COMMAND: GET /session/e0f9f5aee1597ce8ab84fc4949c39ac3/screenshot - {}
RESULT: {}
COMMAND: POST /session/e0f9f5aee1597ce8ab84fc4949c39ac3/refresh - {}
RESULT: {}
COMMAND: GET /session/e0f9f5aee1597ce8ab84fc4949c39ac3/screenshot - {}
RESULT: {}
COMMAND: POST /session/e0f9f5aee1597ce8ab84fc4949c39ac3/execute/async - {"script":"<script> [189 bytes]","args":[]}
RESULT: {"script":"<script> [189 bytes]","args":[]}
COMMAND: POST /session/e0f9f5aee1597ce8ab84fc4949c39ac3/execute/async - {"script":"<script> [123 bytes]","args":[]}
RESULT: {"script":"<script> [123 bytes]","args":[]}
COMMAND: POST /session/e0f9f5aee1597ce8ab84fc4949c39ac3/timeouts - {"script":"<number>"}
RESULT: {"script":"<number>"}
COMMAND: GET /session/e0f9f5aee1597ce8ab84fc4949c39ac3/timeouts - {}
RESULT: {}
RESULT: undefined
COMMAND: POST /session/e0f9f5aee1597ce8ab84fc4949c39ac3/execute/async - {"script":"<script> [2676 bytes]","args":[]}
RESULT: {"script":"<script> [2676 bytes]","args":[]}
COMMAND: POST /session/e0f9f5aee1597ce8ab84fc4949c39ac3/execute/async - {"script":"<script> [2342 bytes]","args":[{"protocol":"http","hostname":"0.0.0.0","path":"/","capabilities":{"browserName":"chrome","goog:chromeOptions":{"binary":"C:\\Program Files\\Google\\Chrome\\Application\\chrome.exe","args":["--start-maximized"]}},"logLevel":"warn","connectionRetryTimeout":120000,"connectionRetryCount":3,"logLevels":{},"enableDirectConnect":true,"strictSSL":true,"_":"65 more keys: [\"cacheDir\",\"port\",\"requestedCapabilities\",\"automationProtocol\",\"baseUrl\",\"waitforInterval\",\"waitforTimeout\",\"onReload\",\"beforeCommand\",\"afterCommand\",\"rootDir\",\"specs\",\"suites\",\"exclude\",\"groupLogsByTestSpec\",\"excludeDriverLogs\",\"bail\",\"framework\",\"reporters\",\"services\",\"maxInstances\",\"maxInstancesPerCapability\",\"injectGlobals\",\"filesToWatch\",\"execArgv\",\"runnerEnv\",\"runner\",\"shard\",\"specFileRetries\",\"specFileRetriesDelay\",\"specFileRetriesDeferred\",\"reporterSyncInterval\",\"reporterSyncTimeout\",\"cucumberFeaturesWithLineNumbers\",\"autoCompileOpts\",\"mochaOpts\",\"jasmineOpts\",\"cucumberOpts\",\"onPrepare\",\"onWorkerStart\",\"onWorkerEnd\",\"before\",\"beforeSession\",\"beforeSuite\",\"beforeHook\",\"beforeTest\",\"afterTest\",\"afterHook\",\"afterSuite\",\"afterSession\",\"after\",\"onComplete\",\"beforeAssertion\",\"afterAssertion\",\"beforeFeature\",\"beforeScenario\",\"beforeStep\",\"afterStep\",\"afterScenario\",\"afterFeature\",\"_\",\"suite\",\"$0\",\"ignoredWorkerServices\",\"wdi5\"]"}]}
RESULT: {"script":"<script> [2342 bytes]","args":[{"protocol":"http","hostname":"0.0.0.0","path":"/","capabilities":{"browserName":"chrome","goog:chromeOptions":{"binary":"C:\\Program Files\\Google\\Chrome\\Application\\chrome.exe","args":["--start-maximized"]}},"logLevel":"warn","connectionRetryTimeout":120000,"connectionRetryCount":3,"logLevels":{},"enableDirectConnect":true,"strictSSL":true,"_":"65 more keys: [\"cacheDir\",\"port\",\"requestedCapabilities\",\"automationProtocol\",\"baseUrl\",\"waitforInterval\",\"waitforTimeout\",\"onReload\",\"beforeCommand\",\"afterCommand\",\"rootDir\",\"specs\",\"suites\",\"exclude\",\"groupLogsByTestSpec\",\"excludeDriverLogs\",\"bail\",\"framework\",\"reporters\",\"services\",\"maxInstances\",\"maxInstancesPerCapability\",\"injectGlobals\",\"filesToWatch\",\"execArgv\",\"runnerEnv\",\"runner\",\"shard\",\"specFileRetries\",\"specFileRetriesDelay\",\"specFileRetriesDeferred\",\"reporterSyncInterval\",\"reporterSyncTimeout\",\"cucumberFeaturesWithLineNumbers\",\"autoCompileOpts\",\"mochaOpts\",\"jasmineOpts\",\"cucumberOpts\",\"onPrepare\",\"onWorkerStart\",\"onWorkerEnd\",\"before\",\"beforeSession\",\"beforeSuite\",\"beforeHook\",\"beforeTest\",\"afterTest\",\"afterHook\",\"afterSuite\",\"afterSession\",\"after\",\"onComplete\",\"beforeAssertion\",\"afterAssertion\",\"beforeFeature\",\"beforeScenario\",\"beforeStep\",\"afterStep\",\"afterScenario\",\"afterFeature\",\"_\",\"suite\",\"$0\",\"ignoredWorkerServices\",\"wdi5\"]"}]}
COMMAND: POST /session/e0f9f5aee1597ce8ab84fc4949c39ac3/execute/async - {"script":"<script> [21126 bytes]","args":[35000]}
RESULT: {"script":"<script> [21126 bytes]","args":[35000]}
]]></system-out>
    </testcase>
  </testsuite>
  <testsuite timestamp="2025-05-08T06:14:03" time="348.807" tests="3" failures="0" errors="0" skipped="0">
    <properties>
      <property name="specId" value="0" />
      <property name="suiteName" value="Process request items into new quotation US120163" />
      <property name="capabilities" value="chrome.136_0_7103_49.windows" />
      <property name="file" value="file:///D:/a/1/s/test/specs/R2C/process-request-items-into-new-quotation.spec.js" />
    </properties>
    <testcase classname="chrome.136_0_7103_49.windows.Process_request_items_into_new_quotation_US120163" name="Should create a new request with catalog items and plan it" time="205.406">
      <system-out><![CDATA[
COMMAND: POST /session/e0f9f5aee1597ce8ab84fc4949c39ac3/element - {"using":"xpath","value":"//*[contains(@href, 'etm.portal.ui.managerequests')]"}
RESULT: {"using":"xpath","value":"//*[contains(@href, 'etm.portal.ui.managerequests')]"}
COMMAND: POST /session/e0f9f5aee1597ce8ab84fc4949c39ac3/element/f.16219B07342047CC16B1B6C41B76C932.d.58082EC1112B2B27C63298FEA13CD4BD.e.11278/click - {}
RESULT: {}
COMMAND: GET /session/e0f9f5aee1597ce8ab84fc4949c39ac3/screenshot - {}
RESULT: {}
COMMAND: POST /session/e0f9f5aee1597ce8ab84fc4949c39ac3/element - {"using":"xpath","value":"//button[contains(@data-kt ,\"btnCreateNewOverflowToolbarButton\")]"}
COMMAND: POST /session/e0f9f5aee1597ce8ab84fc4949c39ac3/element - {"using":"xpath","value":"(//span[contains(@class ,\"sapMObjStatusText\")])[1]"}
RESULT: {"using":"xpath","value":"//button[contains(@data-kt ,\"btnCreateNewOverflowToolbarButton\")]"}
COMMAND: POST /session/e0f9f5aee1597ce8ab84fc4949c39ac3/element/f.16219B07342047CC16B1B6C41B76C932.d.58082EC1112B2B27C63298FEA13CD4BD.e.11334/click - {}
RESULT: {"using":"xpath","value":"(//span[contains(@class ,\"sapMObjStatusText\")])[1]"}
COMMAND: POST /session/e0f9f5aee1597ce8ab84fc4949c39ac3/execute/sync - {"script":"<script> [8489 bytes]","args":[{"element-6066-11e4-a52e-4f735466cecf":"f.16219B07342047CC16B1B6C41B76C932.d.58082EC1112B2B27C63298FEA13CD4BD.e.11375","ELEMENT":"f.16219B07342047CC16B1B6C41B76C932.d.58082EC1112B2B27C63298FEA13CD4BD.e.11375"}]}
RESULT: {}
COMMAND: GET /session/e0f9f5aee1597ce8ab84fc4949c39ac3/screenshot - {}
COMMAND: POST /session/e0f9f5aee1597ce8ab84fc4949c39ac3/element - {"using":"xpath","value":"(//span[contains(@class ,\"sapMObjStatusText\")])[1]"}
RESULT: {}
RESULT: {"using":"xpath","value":"(//span[contains(@class ,\"sapMObjStatusText\")])[1]"}
COMMAND: POST /session/e0f9f5aee1597ce8ab84fc4949c39ac3/execute/sync - {"script":"<script> [8489 bytes]","args":[{"element-6066-11e4-a52e-4f735466cecf":"f.16219B07342047CC16B1B6C41B76C932.d.58082EC1112B2B27C63298FEA13CD4BD.e.11719","ELEMENT":"f.16219B07342047CC16B1B6C41B76C932.d.58082EC1112B2B27C63298FEA13CD4BD.e.11719"}]}
RESULT: {"script":"<script> [8489 bytes]","args":[{"element-6066-11e4-a52e-4f735466cecf":"f.16219B07342047CC16B1B6C41B76C932.d.58082EC1112B2B27C63298FEA13CD4BD.e.11719","ELEMENT":"f.16219B07342047CC16B1B6C41B76C932.d.58082EC1112B2B27C63298FEA13CD4BD.e.11719"}]}
COMMAND: GET /session/e0f9f5aee1597ce8ab84fc4949c39ac3/screenshot - {}
RESULT: {}
COMMAND: POST /session/e0f9f5aee1597ce8ab84fc4949c39ac3/element - {"using":"xpath","value":"//input[contains(@id ,\"yardId-inner\")]"}
RESULT: {"using":"xpath","value":"//input[contains(@id ,\"yardId-inner\")]"}
COMMAND: POST /session/e0f9f5aee1597ce8ab84fc4949c39ac3/execute/sync - {"script":"<script> [8489 bytes]","args":[{"element-6066-11e4-a52e-4f735466cecf":"f.16219B07342047CC16B1B6C41B76C932.d.58082EC1112B2B27C63298FEA13CD4BD.e.11591","ELEMENT":"f.16219B07342047CC16B1B6C41B76C932.d.58082EC1112B2B27C63298FEA13CD4BD.e.11591"}]}
RESULT: {"script":"<script> [8489 bytes]","args":[{"element-6066-11e4-a52e-4f735466cecf":"f.16219B07342047CC16B1B6C41B76C932.d.58082EC1112B2B27C63298FEA13CD4BD.e.11591","ELEMENT":"f.16219B07342047CC16B1B6C41B76C932.d.58082EC1112B2B27C63298FEA13CD4BD.e.11591"}]}
COMMAND: POST /session/e0f9f5aee1597ce8ab84fc4949c39ac3/element - {"using":"xpath","value":"//input[contains(@id ,\"yardId-inner\")]"}
COMMAND: GET /session/e0f9f5aee1597ce8ab84fc4949c39ac3/screenshot - {}
RESULT: {"using":"xpath","value":"//input[contains(@id ,\"yardId-inner\")]"}
COMMAND: GET /session/e0f9f5aee1597ce8ab84fc4949c39ac3/element/f.16219B07342047CC16B1B6C41B76C932.d.58082EC1112B2B27C63298FEA13CD4BD.e.11591/enabled - {}
RESULT: {}
RESULT: {}
COMMAND: POST /session/e0f9f5aee1597ce8ab84fc4949c39ac3/element/f.16219B07342047CC16B1B6C41B76C932.d.58082EC1112B2B27C63298FEA13CD4BD.e.11591/clear - {}
COMMAND: GET /session/e0f9f5aee1597ce8ab84fc4949c39ac3/screenshot - {}
RESULT: {}
COMMAND: POST /session/e0f9f5aee1597ce8ab84fc4949c39ac3/element/f.16219B07342047CC16B1B6C41B76C932.d.58082EC1112B2B27C63298FEA13CD4BD.e.11591/value - {"text":"WebdriverYardgxtyv"}
COMMAND: GET /session/e0f9f5aee1597ce8ab84fc4949c39ac3/screenshot - {}
RESULT: {}
RESULT: {"text":"WebdriverYardgxtyv"}
COMMAND: GET /session/e0f9f5aee1597ce8ab84fc4949c39ac3/screenshot - {}
RESULT: {}
RESULT: {}
COMMAND: POST /session/e0f9f5aee1597ce8ab84fc4949c39ac3/element - {"using":"xpath","value":"//input[contains(@id ,\"customerNumber-inner\")]"}
RESULT: {"using":"xpath","value":"//input[contains(@id ,\"customerNumber-inner\")]"}
COMMAND: POST /session/e0f9f5aee1597ce8ab84fc4949c39ac3/element/f.16219B07342047CC16B1B6C41B76C932.d.58082EC1112B2B27C63298FEA13CD4BD.e.11585/value - {"text":"WebdriverPartnerssuou"}
COMMAND: POST /session/e0f9f5aee1597ce8ab84fc4949c39ac3/actions - {"actions":[{"id":"action78","type":"key","parameters":{},"actions":[{"type":"keyDown","value":"î€‡"},{"type":"pause","duration":10},{"type":"keyUp","value":"î€‡"}]}]}
RESULT: {"actions":[{"id":"action78","type":"key","parameters":{},"actions":[{"type":"keyDown","value":"î€‡"},{"type":"pause","duration":10},{"type":"keyUp","value":"î€‡"}]}]}
COMMAND: GET /session/e0f9f5aee1597ce8ab84fc4949c39ac3/screenshot - {}
RESULT: {"text":"WebdriverPartnerssuou"}
COMMAND: GET /session/e0f9f5aee1597ce8ab84fc4949c39ac3/screenshot - {}
RESULT: {}
RESULT: {}
COMMAND: POST /session/e0f9f5aee1597ce8ab84fc4949c39ac3/element/f.16219B07342047CC16B1B6C41B76C932.d.58082EC1112B2B27C63298FEA13CD4BD.e.11591/clear - {}
RESULT: {}
COMMAND: POST /session/e0f9f5aee1597ce8ab84fc4949c39ac3/element/f.16219B07342047CC16B1B6C41B76C932.d.58082EC1112B2B27C63298FEA13CD4BD.e.11591/clear - {}
COMMAND: GET /session/e0f9f5aee1597ce8ab84fc4949c39ac3/screenshot - {}
RESULT: {}
COMMAND: POST /session/e0f9f5aee1597ce8ab84fc4949c39ac3/element/f.16219B07342047CC16B1B6C41B76C932.d.58082EC1112B2B27C63298FEA13CD4BD.e.11591/value - {"text":"WebdriverYardgxtyv"}
COMMAND: GET /session/e0f9f5aee1597ce8ab84fc4949c39ac3/screenshot - {}
RESULT: {}
RESULT: {"text":"WebdriverYardgxtyv"}
COMMAND: GET /session/e0f9f5aee1597ce8ab84fc4949c39ac3/screenshot - {}
RESULT: {}
RESULT: {}
COMMAND: POST /session/e0f9f5aee1597ce8ab84fc4949c39ac3/actions - {"actions":[{"id":"action79","type":"key","parameters":{},"actions":[{"type":"keyDown","value":"î€‡"},{"type":"pause","duration":10},{"type":"keyUp","value":"î€‡"}]}]}
RESULT: {"actions":[{"id":"action79","type":"key","parameters":{},"actions":[{"type":"keyDown","value":"î€‡"},{"type":"pause","duration":10},{"type":"keyUp","value":"î€‡"}]}]}
COMMAND: GET /session/e0f9f5aee1597ce8ab84fc4949c39ac3/screenshot - {}
RESULT: {}
COMMAND: POST /session/e0f9f5aee1597ce8ab84fc4949c39ac3/actions - {"actions":[{"id":"action80","type":"key","parameters":{},"actions":[{"type":"keyDown","value":"î€‡"},{"type":"pause","duration":10},{"type":"keyUp","value":"î€‡"}]}]}
RESULT: {"actions":[{"id":"action80","type":"key","parameters":{},"actions":[{"type":"keyDown","value":"î€‡"},{"type":"pause","duration":10},{"type":"keyUp","value":"î€‡"}]}]}
COMMAND: GET /session/e0f9f5aee1597ce8ab84fc4949c39ac3/screenshot - {}
COMMAND: GET /session/e0f9f5aee1597ce8ab84fc4949c39ac3/element/f.16219B07342047CC16B1B6C41B76C932.d.58082EC1112B2B27C63298FEA13CD4BD.e.11585/property/value - {}
RESULT: {}
RESULT: {}
COMMAND: POST /session/e0f9f5aee1597ce8ab84fc4949c39ac3/element - {"using":"xpath","value":"//input[contains(@id ,\"requestSiteId-inner\")]"}
COMMAND: GET /session/e0f9f5aee1597ce8ab84fc4949c39ac3/screenshot - {}
RESULT: {"using":"xpath","value":"//input[contains(@id ,\"requestSiteId-inner\")]"}
COMMAND: POST /session/e0f9f5aee1597ce8ab84fc4949c39ac3/element/f.16219B07342047CC16B1B6C41B76C932.d.58082EC1112B2B27C63298FEA13CD4BD.e.11584/value - {"text":"WebdriverSite1lfj"}
RESULT: {}
RESULT: {"text":"WebdriverSite1lfj"}
COMMAND: GET /session/e0f9f5aee1597ce8ab84fc4949c39ac3/screenshot - {}
RESULT: {}
COMMAND: POST /session/e0f9f5aee1597ce8ab84fc4949c39ac3/actions - {"actions":[{"id":"action81","type":"key","parameters":{},"actions":[{"type":"keyDown","value":"î€‡"},{"type":"pause","duration":10},{"type":"keyUp","value":"î€‡"}]}]}
RESULT: {"actions":[{"id":"action81","type":"key","parameters":{},"actions":[{"type":"keyDown","value":"î€‡"},{"type":"pause","duration":10},{"type":"keyUp","value":"î€‡"}]}]}
COMMAND: GET /session/e0f9f5aee1597ce8ab84fc4949c39ac3/screenshot - {}
RESULT: {}
COMMAND: POST /session/e0f9f5aee1597ce8ab84fc4949c39ac3/element - {"using":"xpath","value":"//button[contains(@data-kt ,\"requestItemAddOverflowToolbarButton\")]"}
RESULT: {"using":"xpath","value":"//button[contains(@data-kt ,\"requestItemAddOverflowToolbarButton\")]"}
COMMAND: POST /session/e0f9f5aee1597ce8ab84fc4949c39ac3/element/f.16219B07342047CC16B1B6C41B76C932.d.58082EC1112B2B27C63298FEA13CD4BD.e.11563/click - {}
RESULT: {}
COMMAND: GET /session/e0f9f5aee1597ce8ab84fc4949c39ac3/screenshot - {}
RESULT: {}
COMMAND: POST /session/e0f9f5aee1597ce8ab84fc4949c39ac3/actions - {"actions":[{"id":"action82","type":"key","parameters":{},"actions":[{"type":"keyDown","value":"î€•"},{"type":"pause","duration":10},{"type":"keyUp","value":"î€•"}]}]}
RESULT: {"actions":[{"id":"action82","type":"key","parameters":{},"actions":[{"type":"keyDown","value":"î€•"},{"type":"pause","duration":10},{"type":"keyUp","value":"î€•"}]}]}
COMMAND: POST /session/e0f9f5aee1597ce8ab84fc4949c39ac3/actions - {"actions":[{"id":"action83","type":"key","parameters":{},"actions":[{"type":"keyDown","value":"î€‡"},{"type":"pause","duration":10},{"type":"keyUp","value":"î€‡"}]}]}
COMMAND: GET /session/e0f9f5aee1597ce8ab84fc4949c39ac3/screenshot - {}
RESULT: {"actions":[{"id":"action83","type":"key","parameters":{},"actions":[{"type":"keyDown","value":"î€‡"},{"type":"pause","duration":10},{"type":"keyUp","value":"î€‡"}]}]}
COMMAND: GET /session/e0f9f5aee1597ce8ab84fc4949c39ac3/screenshot - {}
RESULT: {}
RESULT: {}
COMMAND: POST /session/e0f9f5aee1597ce8ab84fc4949c39ac3/element - {"using":"xpath","value":"(//input[contains(@id ,\"requestItemsTable-0-inner\")])[1]"}
RESULT: {"using":"xpath","value":"(//input[contains(@id ,\"requestItemsTable-0-inner\")])[1]"}
COMMAND: POST /session/e0f9f5aee1597ce8ab84fc4949c39ac3/element/f.16219B07342047CC16B1B6C41B76C932.d.58082EC1112B2B27C63298FEA13CD4BD.e.11733/clear - {}
RESULT: {}
COMMAND: POST /session/e0f9f5aee1597ce8ab84fc4949c39ac3/element/f.16219B07342047CC16B1B6C41B76C932.d.58082EC1112B2B27C63298FEA13CD4BD.e.11733/value - {"text":"catalogItems65dc"}
COMMAND: GET /session/e0f9f5aee1597ce8ab84fc4949c39ac3/screenshot - {}
RESULT: {"text":"catalogItems65dc"}
COMMAND: GET /session/e0f9f5aee1597ce8ab84fc4949c39ac3/screenshot - {}
RESULT: {}
RESULT: {}
COMMAND: POST /session/e0f9f5aee1597ce8ab84fc4949c39ac3/actions - {"actions":[{"id":"action84","type":"key","parameters":{},"actions":[{"type":"keyDown","value":"î€‡"},{"type":"pause","duration":10},{"type":"keyUp","value":"î€‡"}]}]}
RESULT: {"actions":[{"id":"action84","type":"key","parameters":{},"actions":[{"type":"keyDown","value":"î€‡"},{"type":"pause","duration":10},{"type":"keyUp","value":"î€‡"}]}]}
COMMAND: GET /session/e0f9f5aee1597ce8ab84fc4949c39ac3/screenshot - {}
RESULT: {}
COMMAND: POST /session/e0f9f5aee1597ce8ab84fc4949c39ac3/execute/async - {"script":"<script> [1562 bytes]","args":[{"selector":{"controlType":"sap.ui.core.Icon","viewName":"etm.portal.ui.managerequests.view.NewRequest","properties":{"src":{"regex":{"source":"slim\\-arrow\\-down"}}},"ancestor":{"controlType":"sap.m.Button","viewName":"etm.portal.ui.managerequests.view.NewRequest","properties":{"icon":"sap-icon://slim-arrow-down"}}},"wdio_ui5_key":"etmportal.ui.managerequests.view.NewRequestsap.ui.core.Icon{\"src\":{\"regex\":{\"source\":\"slim\\\\-arrow\\\\-down\"}}}{\"controlType\":\"sap.m.Button\",\"viewName\":\"etm.portal.ui.managerequests.view.NewRequest\",\"properties\":{\"icon\":\"sap-icon://slim-arrow-down\"}}"}]}
RESULT: {"script":"<script> [1562 bytes]","args":[{"selector":{"controlType":"sap.ui.core.Icon","viewName":"etm.portal.ui.managerequests.view.NewRequest","properties":{"src":{"regex":{"source":"slim\\-arrow\\-down"}}},"ancestor":{"controlType":"sap.m.Button","viewName":"etm.portal.ui.managerequests.view.NewRequest","properties":{"icon":"sap-icon://slim-arrow-down"}}},"wdio_ui5_key":"etmportal.ui.managerequests.view.NewRequestsap.ui.core.Icon{\"src\":{\"regex\":{\"source\":\"slim\\\\-arrow\\\\-down\"}}}{\"controlType\":\"sap.m.Button\",\"viewName\":\"etm.portal.ui.managerequests.view.NewRequest\",\"properties\":{\"icon\":\"sap-icon://slim-arrow-down\"}}"}]}
RESULT: undefined
COMMAND: POST /session/e0f9f5aee1597ce8ab84fc4949c39ac3/element - {"using":"xpath","value":"//div[contains(@data-kt ,\"splitAllocationObjectStatus\")]"}
RESULT: {"using":"xpath","value":"//div[contains(@data-kt ,\"splitAllocationObjectStatus\")]"}
COMMAND: POST /session/e0f9f5aee1597ce8ab84fc4949c39ac3/elements - {"using":"xpath","value":"//div[contains(@data-kt ,\"splitAllocationObjectStatus\")]"}
RESULT: {"using":"xpath","value":"//div[contains(@data-kt ,\"splitAllocationObjectStatus\")]"}
COMMAND: POST /session/e0f9f5aee1597ce8ab84fc4949c39ac3/execute/async - {"script":"<script> [1562 bytes]","args":[{"selector":{"controlType":"sap.ui.core.Icon","viewName":"etm.portal.ui.managerequests.view.NewRequest","properties":{"src":{"regex":{"source":"message\\-error"}}}},"wdio_ui5_key":"etmportal.ui.managerequests.view.NewRequestsap.ui.core.Icon{\"src\":{\"regex\":{\"source\":\"message\\\\-error\"}}}"}]}
RESULT: {"script":"<script> [1562 bytes]","args":[{"selector":{"controlType":"sap.ui.core.Icon","viewName":"etm.portal.ui.managerequests.view.NewRequest","properties":{"src":{"regex":{"source":"message\\-error"}}}},"wdio_ui5_key":"etmportal.ui.managerequests.view.NewRequestsap.ui.core.Icon{\"src\":{\"regex\":{\"source\":\"message\\\\-error\"}}}"}]}
RESULT: undefined
COMMAND: POST /session/e0f9f5aee1597ce8ab84fc4949c39ac3/element - {"using":"xpath","value":"//*[@id=\"__status4-__xmlview59--requestItemsTable-0-icon\"]"}
RESULT: {"using":"xpath","value":"//*[@id=\"__status4-__xmlview59--requestItemsTable-0-icon\"]"}
COMMAND: POST /session/e0f9f5aee1597ce8ab84fc4949c39ac3/element/f.16219B07342047CC16B1B6C41B76C932.d.58082EC1112B2B27C63298FEA13CD4BD.e.11747/click - {}
RESULT: {}
COMMAND: POST /session/e0f9f5aee1597ce8ab84fc4949c39ac3/execute/async - {"script":"<script> [1562 bytes]","args":[{"selector":{"controlType":"sap.ui.core.Icon","viewName":"etm.portal.ui.managerequests.view.NewRequest","properties":{"src":{"regex":{"source":"slim\\-arrow\\-down"}}},"searchOpenDialogs":true,"ancestor":{"id":"costObjectAdminTypeComboBox","viewName":"etm.portal.ui.managerequests.view.NewRequest","searchOpenDialogs":true}},"wdio_ui5_key":"etmportal.ui.managerequests.view.NewRequestsap.ui.core.Icon{\"src\":{\"regex\":{\"source\":\"slim\\\\-arrow\\\\-down\"}}}{\"id\":\"costObjectAdminTypeComboBox\",\"viewName\":\"etm.portal.ui.managerequests.view.NewRequest\",\"searchOpenDialogs\":true}"}]}
COMMAND: GET /session/e0f9f5aee1597ce8ab84fc4949c39ac3/screenshot - {}
RESULT: {"script":"<script> [1562 bytes]","args":[{"selector":{"controlType":"sap.ui.core.Icon","viewName":"etm.portal.ui.managerequests.view.NewRequest","properties":{"src":{"regex":{"source":"slim\\-arrow\\-down"}}},"searchOpenDialogs":true,"ancestor":{"id":"costObjectAdminTypeComboBox","viewName":"etm.portal.ui.managerequests.view.NewRequest","searchOpenDialogs":true}},"wdio_ui5_key":"etmportal.ui.managerequests.view.NewRequestsap.ui.core.Icon{\"src\":{\"regex\":{\"source\":\"slim\\\\-arrow\\\\-down\"}}}{\"id\":\"costObjectAdminTypeComboBox\",\"viewName\":\"etm.portal.ui.managerequests.view.NewRequest\",\"searchOpenDialogs\":true}"}]}
RESULT: undefined
COMMAND: POST /session/e0f9f5aee1597ce8ab84fc4949c39ac3/element - {"using":"xpath","value":"//*[@id=\"__xmlview59--costObjectAdminTypeComboBox-arrow\"]"}
RESULT: {}
RESULT: {"using":"xpath","value":"//*[@id=\"__xmlview59--costObjectAdminTypeComboBox-arrow\"]"}
COMMAND: POST /session/e0f9f5aee1597ce8ab84fc4949c39ac3/element/f.16219B07342047CC16B1B6C41B76C932.d.58082EC1112B2B27C63298FEA13CD4BD.e.11752/click - {}
RESULT: {}
COMMAND: POST /session/e0f9f5aee1597ce8ab84fc4949c39ac3/execute/async - {"script":"<script> [1562 bytes]","args":[{"selector":{"controlType":"sap.m.StandardListItem","viewName":"etm.portal.ui.managerequests.view.NewRequest","properties":{"title":"Cost Center"},"searchOpenDialogs":true,"interaction":{"idSuffix":"titleText"}},"wdio_ui5_key":"etmportal.ui.managerequests.view.NewRequestsap.m.StandardListItem{\"title\":\"Cost Center\"}"}]}
COMMAND: GET /session/e0f9f5aee1597ce8ab84fc4949c39ac3/screenshot - {}
RESULT: {"script":"<script> [1562 bytes]","args":[{"selector":{"controlType":"sap.m.StandardListItem","viewName":"etm.portal.ui.managerequests.view.NewRequest","properties":{"title":"Cost Center"},"searchOpenDialogs":true,"interaction":{"idSuffix":"titleText"}},"wdio_ui5_key":"etmportal.ui.managerequests.view.NewRequestsap.m.StandardListItem{\"title\":\"Cost Center\"}"}]}
RESULT: undefined
COMMAND: POST /session/e0f9f5aee1597ce8ab84fc4949c39ac3/element - {"using":"xpath","value":"//*[@id=\"__item876\"]"}
RESULT: {}
RESULT: {"using":"xpath","value":"//*[@id=\"__item876\"]"}
COMMAND: POST /session/e0f9f5aee1597ce8ab84fc4949c39ac3/element/f.16219B07342047CC16B1B6C41B76C932.d.58082EC1112B2B27C63298FEA13CD4BD.e.11755/click - {}
RESULT: {}
COMMAND: GET /session/e0f9f5aee1597ce8ab84fc4949c39ac3/screenshot - {}
RESULT: {}
COMMAND: POST /session/e0f9f5aee1597ce8ab84fc4949c39ac3/execute/async - {"script":"<script> [1562 bytes]","args":[{"selector":{"controlType":"sap.ui.core.Icon","viewName":"etm.portal.ui.managerequests.view.NewRequest","properties":{"src":{"regex":{"source":"value\\-help"}}},"searchOpenDialogs":true},"wdio_ui5_key":"etmportal.ui.managerequests.view.NewRequestsap.ui.core.Icon{\"src\":{\"regex\":{\"source\":\"value\\\\-help\"}}}"}]}
RESULT: {"script":"<script> [1562 bytes]","args":[{"selector":{"controlType":"sap.ui.core.Icon","viewName":"etm.portal.ui.managerequests.view.NewRequest","properties":{"src":{"regex":{"source":"value\\-help"}}},"searchOpenDialogs":true},"wdio_ui5_key":"etmportal.ui.managerequests.view.NewRequestsap.ui.core.Icon{\"src\":{\"regex\":{\"source\":\"value\\\\-help\"}}}"}]}
RESULT: undefined
COMMAND: POST /session/e0f9f5aee1597ce8ab84fc4949c39ac3/element - {"using":"xpath","value":"//*[@id=\"__xmlview59--costObjectIdComboBox-vhi\"]"}
RESULT: {"using":"xpath","value":"//*[@id=\"__xmlview59--costObjectIdComboBox-vhi\"]"}
COMMAND: POST /session/e0f9f5aee1597ce8ab84fc4949c39ac3/element/f.16219B07342047CC16B1B6C41B76C932.d.58082EC1112B2B27C63298FEA13CD4BD.e.11762/click - {}
RESULT: {}
COMMAND: POST /session/e0f9f5aee1597ce8ab84fc4949c39ac3/execute/async - {"script":"<script> [1562 bytes]","args":[{"selector":{"controlType":"sap.m.SearchField","properties":{"placeholder":"Search"},"searchOpenDialogs":true,"interaction":{"idSuffix":"I"}},"wdio_ui5_key":"sapm.SearchField{\"placeholder\":\"Search\"}"}]}
COMMAND: GET /session/e0f9f5aee1597ce8ab84fc4949c39ac3/screenshot - {}
RESULT: {"script":"<script> [1562 bytes]","args":[{"selector":{"controlType":"sap.m.SearchField","properties":{"placeholder":"Search"},"searchOpenDialogs":true,"interaction":{"idSuffix":"I"}},"wdio_ui5_key":"sapm.SearchField{\"placeholder\":\"Search\"}"}]}
RESULT: undefined
COMMAND: POST /session/e0f9f5aee1597ce8ab84fc4949c39ac3/execute/async - {"script":"<script> [776 bytes]","args":[{"enterText":"10001010","selector":{"controlType":"sap.m.SearchField","properties":{"placeholder":"Search"},"searchOpenDialogs":true,"interaction":{"idSuffix":"I"}},"clearTextFirst":true,"interactionType":"ENTER_TEXT"}]}
RESULT: {}
RESULT: {"script":"<script> [776 bytes]","args":[{"enterText":"10001010","selector":{"controlType":"sap.m.SearchField","properties":{"placeholder":"Search"},"searchOpenDialogs":true,"interaction":{"idSuffix":"I"}},"clearTextFirst":true,"interactionType":"ENTER_TEXT"}]}
COMMAND: POST /session/e0f9f5aee1597ce8ab84fc4949c39ac3/actions - {"actions":[{"id":"action85","type":"key","parameters":{},"actions":[{"type":"keyDown","value":"î€‡"},{"type":"pause","duration":10},{"type":"keyUp","value":"î€‡"}]}]}
RESULT: {"actions":[{"id":"action85","type":"key","parameters":{},"actions":[{"type":"keyDown","value":"î€‡"},{"type":"pause","duration":10},{"type":"keyUp","value":"î€‡"}]}]}
COMMAND: GET /session/e0f9f5aee1597ce8ab84fc4949c39ac3/screenshot - {}
RESULT: {}
COMMAND: POST /session/e0f9f5aee1597ce8ab84fc4949c39ac3/execute/async - {"script":"<script> [1562 bytes]","args":[{"selector":{"controlType":"sap.m.Text","bindingPath":{"path":"/C_CostCtrValueHelp(CostCenter='10001010',ControllingArea='Z001')","propertyPath":"CostCenterName","modelName":"CostCenterModel"},"searchOpenDialogs":true},"wdio_ui5_key":"sapm.Text{\"path\":\"/C_CostCtrValueHelp(CostCenter='10001010',ControllingArea='Z001')\",\"propertyPath\":\"CostCenterName\",\"modelName\":\"CostCenterModel\"}"}]}
RESULT: {"script":"<script> [1562 bytes]","args":[{"selector":{"controlType":"sap.m.Text","bindingPath":{"path":"/C_CostCtrValueHelp(CostCenter='10001010',ControllingArea='Z001')","propertyPath":"CostCenterName","modelName":"CostCenterModel"},"searchOpenDialogs":true},"wdio_ui5_key":"sapm.Text{\"path\":\"/C_CostCtrValueHelp(CostCenter='10001010',ControllingArea='Z001')\",\"propertyPath\":\"CostCenterName\",\"modelName\":\"CostCenterModel\"}"}]}
RESULT: undefined
COMMAND: POST /session/e0f9f5aee1597ce8ab84fc4949c39ac3/element - {"using":"xpath","value":"//*[@id=\"__text291-__clone1014\"]"}
RESULT: {"using":"xpath","value":"//*[@id=\"__text291-__clone1014\"]"}
COMMAND: POST /session/e0f9f5aee1597ce8ab84fc4949c39ac3/element/f.16219B07342047CC16B1B6C41B76C932.d.58082EC1112B2B27C63298FEA13CD4BD.e.11801/click - {}
RESULT: {}
COMMAND: POST /session/e0f9f5aee1597ce8ab84fc4949c39ac3/execute/async - {"script":"<script> [1562 bytes]","args":[{"selector":{"controlType":"sap.m.Button","properties":{"text":"OK"},"searchOpenDialogs":true,"interaction":{"idSuffix":"BDI-content"}},"wdio_ui5_key":"sapm.Button{\"text\":\"OK\"}"}]}
COMMAND: GET /session/e0f9f5aee1597ce8ab84fc4949c39ac3/screenshot - {}
RESULT: {"script":"<script> [1562 bytes]","args":[{"selector":{"controlType":"sap.m.Button","properties":{"text":"OK"},"searchOpenDialogs":true,"interaction":{"idSuffix":"BDI-content"}},"wdio_ui5_key":"sapm.Button{\"text\":\"OK\"}"}]}
RESULT: undefined
COMMAND: POST /session/e0f9f5aee1597ce8ab84fc4949c39ac3/element - {"using":"xpath","value":"//*[@id=\"__dialog1-ok\"]"}
RESULT: {}
RESULT: {"using":"xpath","value":"//*[@id=\"__dialog1-ok\"]"}
COMMAND: POST /session/e0f9f5aee1597ce8ab84fc4949c39ac3/element/f.16219B07342047CC16B1B6C41B76C932.d.58082EC1112B2B27C63298FEA13CD4BD.e.11803/click - {}
RESULT: {}
COMMAND: GET /session/e0f9f5aee1597ce8ab84fc4949c39ac3/screenshot - {}
RESULT: {}
COMMAND: POST /session/e0f9f5aee1597ce8ab84fc4949c39ac3/execute/async - {"script":"<script> [1562 bytes]","args":[{"selector":{"controlType":"sap.m.Button","viewName":"etm.portal.ui.managerequests.view.NewRequest","i18NText":{"propertyName":"text","key":"save"},"searchOpenDialogs":true,"interaction":{"idSuffix":"BDI-content"}},"wdio_ui5_key":"etmportal.ui.managerequests.view.NewRequestsap.m.Button{\"propertyName\":\"text\",\"key\":\"save\"}"}]}
RESULT: {"script":"<script> [1562 bytes]","args":[{"selector":{"controlType":"sap.m.Button","viewName":"etm.portal.ui.managerequests.view.NewRequest","i18NText":{"propertyName":"text","key":"save"},"searchOpenDialogs":true,"interaction":{"idSuffix":"BDI-content"}},"wdio_ui5_key":"etmportal.ui.managerequests.view.NewRequestsap.m.Button{\"propertyName\":\"text\",\"key\":\"save\"}"}]}
RESULT: undefined
COMMAND: POST /session/e0f9f5aee1597ce8ab84fc4949c39ac3/element - {"using":"xpath","value":"//*[@id=\"__button24\"]"}
RESULT: {"using":"xpath","value":"//*[@id=\"__button24\"]"}
COMMAND: POST /session/e0f9f5aee1597ce8ab84fc4949c39ac3/element/f.16219B07342047CC16B1B6C41B76C932.d.58082EC1112B2B27C63298FEA13CD4BD.e.11807/click - {}
RESULT: {}
COMMAND: GET /session/e0f9f5aee1597ce8ab84fc4949c39ac3/screenshot - {}
RESULT: {}
COMMAND: POST /session/e0f9f5aee1597ce8ab84fc4949c39ac3/element - {"using":"xpath","value":"(//bdi[contains(text() ,\"Save\")])[1]"}
RESULT: {"using":"xpath","value":"(//bdi[contains(text() ,\"Save\")])[1]"}
COMMAND: POST /session/e0f9f5aee1597ce8ab84fc4949c39ac3/element/f.16219B07342047CC16B1B6C41B76C932.d.58082EC1112B2B27C63298FEA13CD4BD.e.11809/click - {}
RESULT: {}
COMMAND: GET /session/e0f9f5aee1597ce8ab84fc4949c39ac3/screenshot - {}
RESULT: {}
COMMAND: POST /session/e0f9f5aee1597ce8ab84fc4949c39ac3/execute/async - {"script":"<script> [1562 bytes]","args":[{"selector":{"controlType":"sap.m.Title","properties":{"text":"Success"},"searchOpenDialogs":true},"wdio_ui5_key":"sapm.Title{\"text\":\"Success\"}"}]}
RESULT: {"script":"<script> [1562 bytes]","args":[{"selector":{"controlType":"sap.m.Title","properties":{"text":"Success"},"searchOpenDialogs":true},"wdio_ui5_key":"sapm.Title{\"text\":\"Success\"}"}]}
RESULT: undefined
COMMAND: POST /session/e0f9f5aee1597ce8ab84fc4949c39ac3/execute/async - {"script":"<script> [6424 bytes]","args":[{"element-6066-11e4-a52e-4f735466cecf":"f.16219B07342047CC16B1B6C41B76C932.d.58082EC1112B2B27C63298FEA13CD4BD.e.11812"},"getText",[]]}
RESULT: {"script":"<script> [6424 bytes]","args":[{"element-6066-11e4-a52e-4f735466cecf":"f.16219B07342047CC16B1B6C41B76C932.d.58082EC1112B2B27C63298FEA13CD4BD.e.11812"},"getText",[]]}
COMMAND: POST /session/e0f9f5aee1597ce8ab84fc4949c39ac3/execute/async - {"script":"<script> [1562 bytes]","args":[{"selector":{"controlType":"sap.m.Button","properties":{"text":"Close"},"searchOpenDialogs":true,"interaction":{"idSuffix":"BDI-content"}},"wdio_ui5_key":"sapm.Button{\"text\":\"Close\"}"}]}
RESULT: {"script":"<script> [1562 bytes]","args":[{"selector":{"controlType":"sap.m.Button","properties":{"text":"Close"},"searchOpenDialogs":true,"interaction":{"idSuffix":"BDI-content"}},"wdio_ui5_key":"sapm.Button{\"text\":\"Close\"}"}]}
RESULT: undefined
COMMAND: POST /session/e0f9f5aee1597ce8ab84fc4949c39ac3/element - {"using":"xpath","value":"//*[@id=\"__mbox-btn-0\"]"}
RESULT: {"using":"xpath","value":"//*[@id=\"__mbox-btn-0\"]"}
COMMAND: POST /session/e0f9f5aee1597ce8ab84fc4949c39ac3/element/f.16219B07342047CC16B1B6C41B76C932.d.58082EC1112B2B27C63298FEA13CD4BD.e.11811/click - {}
RESULT: {}
COMMAND: GET /session/e0f9f5aee1597ce8ab84fc4949c39ac3/screenshot - {}
RESULT: {}
COMMAND: POST /session/e0f9f5aee1597ce8ab84fc4949c39ac3/execute/async - {"script":"<script> [1562 bytes]","args":[{"selector":{"controlType":"sap.m.Text","viewName":"etm.portal.ui.managerequests.view.Detail","bindingPath":{"propertyPath":"NO","modelName":"catalogModel"}},"wdio_ui5_key":"etmportal.ui.managerequests.view.Detailsap.m.Text{\"propertyPath\":\"NO\",\"modelName\":\"catalogModel\"}"}]}
RESULT: {"script":"<script> [1562 bytes]","args":[{"selector":{"controlType":"sap.m.Text","viewName":"etm.portal.ui.managerequests.view.Detail","bindingPath":{"propertyPath":"NO","modelName":"catalogModel"}},"wdio_ui5_key":"etmportal.ui.managerequests.view.Detailsap.m.Text{\"propertyPath\":\"NO\",\"modelName\":\"catalogModel\"}"}]}
RESULT: undefined
COMMAND: POST /session/e0f9f5aee1597ce8ab84fc4949c39ac3/execute/async - {"script":"<script> [6424 bytes]","args":[{"element-6066-11e4-a52e-4f735466cecf":"f.16219B07342047CC16B1B6C41B76C932.d.58082EC1112B2B27C63298FEA13CD4BD.e.11938"},"getText",[]]}
RESULT: {"script":"<script> [6424 bytes]","args":[{"element-6066-11e4-a52e-4f735466cecf":"f.16219B07342047CC16B1B6C41B76C932.d.58082EC1112B2B27C63298FEA13CD4BD.e.11938"},"getText",[]]}
COMMAND: POST /session/e0f9f5aee1597ce8ab84fc4949c39ac3/execute/async - {"script":"<script> [1562 bytes]","args":[{"selector":{"controlType":"sap.ui.core.Icon","viewName":"etm.portal.ui.managerequests.view.Detail","properties":{"src":{"regex":{"source":"date\\-time"}}},"ancestor":{"controlType":"sap.m.ColumnListItem","viewName":"etm.portal.ui.managerequests.view.Detail","bindingPath":{"path":"/SmartRequestItemsPlanningBoard(ITEM=10m,REQUEST='20405')"},"ancestor":{"id":"requestItemsTable","viewName":"etm.portal.ui.managerequests.view.Detail"}}},"wdio_ui5_key":"etmportal.ui.managerequests.view.Detailsap.ui.core.Icon{\"src\":{\"regex\":{\"source\":\"date\\\\-time\"}}}{\"controlType\":\"sap.m.ColumnListItem\",\"viewName\":\"etm.portal.ui.managerequests.view.Detail\",\"bindingPath\":{\"path\":\"/SmartRequestItemsPlanningBoard(ITEM=10m,REQUEST='20405')\"},\"ancestor\":{\"id\":\"requestItemsTable\",\"viewName\":\"etm.portal.ui.managerequests.view.Detail\"}}"}]}
RESULT: {"script":"<script> [1562 bytes]","args":[{"selector":{"controlType":"sap.ui.core.Icon","viewName":"etm.portal.ui.managerequests.view.Detail","properties":{"src":{"regex":{"source":"date\\-time"}}},"ancestor":{"controlType":"sap.m.ColumnListItem","viewName":"etm.portal.ui.managerequests.view.Detail","bindingPath":{"path":"/SmartRequestItemsPlanningBoard(ITEM=10m,REQUEST='20405')"},"ancestor":{"id":"requestItemsTable","viewName":"etm.portal.ui.managerequests.view.Detail"}}},"wdio_ui5_key":"etmportal.ui.managerequests.view.Detailsap.ui.core.Icon{\"src\":{\"regex\":{\"source\":\"date\\\\-time\"}}}{\"controlType\":\"sap.m.ColumnListItem\",\"viewName\":\"etm.portal.ui.managerequests.view.Detail\",\"bindingPath\":{\"path\":\"/SmartRequestItemsPlanningBoard(ITEM=10m,REQUEST='20405')\"},\"ancestor\":{\"id\":\"requestItemsTable\",\"viewName\":\"etm.portal.ui.managerequests.view.Detail\"}}"}]}
RESULT: undefined
COMMAND: POST /session/e0f9f5aee1597ce8ab84fc4949c39ac3/element - {"using":"xpath","value":"//*[@id=\"__button39-__clone1053-img\"]"}
RESULT: {"using":"xpath","value":"//*[@id=\"__button39-__clone1053-img\"]"}
COMMAND: POST /session/e0f9f5aee1597ce8ab84fc4949c39ac3/element/f.16219B07342047CC16B1B6C41B76C932.d.58082EC1112B2B27C63298FEA13CD4BD.e.11939/click - {}
RESULT: {}
COMMAND: POST /session/e0f9f5aee1597ce8ab84fc4949c39ac3/execute/async - {"script":"<script> [1562 bytes]","args":[{"selector":{"controlType":"sap.m.Button","viewName":"etm.portal.ui.managerequests.view.Detail","properties":{"text":"Close"},"searchOpenDialogs":true,"interaction":{"idSuffix":"BDI-content"}},"wdio_ui5_key":"etmportal.ui.managerequests.view.Detailsap.m.Button{\"text\":\"Close\"}"}]}
COMMAND: GET /session/e0f9f5aee1597ce8ab84fc4949c39ac3/screenshot - {}
RESULT: {"script":"<script> [1562 bytes]","args":[{"selector":{"controlType":"sap.m.Button","viewName":"etm.portal.ui.managerequests.view.Detail","properties":{"text":"Close"},"searchOpenDialogs":true,"interaction":{"idSuffix":"BDI-content"}},"wdio_ui5_key":"etmportal.ui.managerequests.view.Detailsap.m.Button{\"text\":\"Close\"}"}]}
RESULT: undefined
COMMAND: POST /session/e0f9f5aee1597ce8ab84fc4949c39ac3/element - {"using":"xpath","value":"//*[@id=\"__button49\"]"}
RESULT: {}
RESULT: {"using":"xpath","value":"//*[@id=\"__button49\"]"}
COMMAND: POST /session/e0f9f5aee1597ce8ab84fc4949c39ac3/element/f.16219B07342047CC16B1B6C41B76C932.d.58082EC1112B2B27C63298FEA13CD4BD.e.11942/click - {}
RESULT: {}
COMMAND: POST /session/e0f9f5aee1597ce8ab84fc4949c39ac3/refresh - {}
COMMAND: GET /session/e0f9f5aee1597ce8ab84fc4949c39ac3/screenshot - {}
RESULT: {}
COMMAND: GET /session/e0f9f5aee1597ce8ab84fc4949c39ac3/screenshot - {}
RESULT: {}
RESULT: {}
COMMAND: POST /session/e0f9f5aee1597ce8ab84fc4949c39ac3/execute/async - {"script":"<script> [189 bytes]","args":[]}
RESULT: {"script":"<script> [189 bytes]","args":[]}
COMMAND: POST /session/e0f9f5aee1597ce8ab84fc4949c39ac3/execute/async - {"script":"<script> [123 bytes]","args":[]}
RESULT: {"script":"<script> [123 bytes]","args":[]}
COMMAND: POST /session/e0f9f5aee1597ce8ab84fc4949c39ac3/timeouts - {"script":"<number>"}
RESULT: {"script":"<number>"}
COMMAND: GET /session/e0f9f5aee1597ce8ab84fc4949c39ac3/timeouts - {}
RESULT: {}
RESULT: undefined
COMMAND: POST /session/e0f9f5aee1597ce8ab84fc4949c39ac3/execute/async - {"script":"<script> [2676 bytes]","args":[]}
RESULT: {"script":"<script> [2676 bytes]","args":[]}
COMMAND: POST /session/e0f9f5aee1597ce8ab84fc4949c39ac3/execute/async - {"script":"<script> [2342 bytes]","args":[{"protocol":"http","hostname":"0.0.0.0","path":"/","capabilities":{"browserName":"chrome","goog:chromeOptions":{"binary":"C:\\Program Files\\Google\\Chrome\\Application\\chrome.exe","args":["--start-maximized"]}},"logLevel":"warn","connectionRetryTimeout":120000,"connectionRetryCount":3,"logLevels":{},"enableDirectConnect":true,"strictSSL":true,"_":"65 more keys: [\"cacheDir\",\"port\",\"requestedCapabilities\",\"automationProtocol\",\"baseUrl\",\"waitforInterval\",\"waitforTimeout\",\"onReload\",\"beforeCommand\",\"afterCommand\",\"rootDir\",\"specs\",\"suites\",\"exclude\",\"groupLogsByTestSpec\",\"excludeDriverLogs\",\"bail\",\"framework\",\"reporters\",\"services\",\"maxInstances\",\"maxInstancesPerCapability\",\"injectGlobals\",\"filesToWatch\",\"execArgv\",\"runnerEnv\",\"runner\",\"shard\",\"specFileRetries\",\"specFileRetriesDelay\",\"specFileRetriesDeferred\",\"reporterSyncInterval\",\"reporterSyncTimeout\",\"cucumberFeaturesWithLineNumbers\",\"autoCompileOpts\",\"mochaOpts\",\"jasmineOpts\",\"cucumberOpts\",\"onPrepare\",\"onWorkerStart\",\"onWorkerEnd\",\"before\",\"beforeSession\",\"beforeSuite\",\"beforeHook\",\"beforeTest\",\"afterTest\",\"afterHook\",\"afterSuite\",\"afterSession\",\"after\",\"onComplete\",\"beforeAssertion\",\"afterAssertion\",\"beforeFeature\",\"beforeScenario\",\"beforeStep\",\"afterStep\",\"afterScenario\",\"afterFeature\",\"_\",\"suite\",\"$0\",\"ignoredWorkerServices\",\"wdi5\"]"}]}
RESULT: {"script":"<script> [2342 bytes]","args":[{"protocol":"http","hostname":"0.0.0.0","path":"/","capabilities":{"browserName":"chrome","goog:chromeOptions":{"binary":"C:\\Program Files\\Google\\Chrome\\Application\\chrome.exe","args":["--start-maximized"]}},"logLevel":"warn","connectionRetryTimeout":120000,"connectionRetryCount":3,"logLevels":{},"enableDirectConnect":true,"strictSSL":true,"_":"65 more keys: [\"cacheDir\",\"port\",\"requestedCapabilities\",\"automationProtocol\",\"baseUrl\",\"waitforInterval\",\"waitforTimeout\",\"onReload\",\"beforeCommand\",\"afterCommand\",\"rootDir\",\"specs\",\"suites\",\"exclude\",\"groupLogsByTestSpec\",\"excludeDriverLogs\",\"bail\",\"framework\",\"reporters\",\"services\",\"maxInstances\",\"maxInstancesPerCapability\",\"injectGlobals\",\"filesToWatch\",\"execArgv\",\"runnerEnv\",\"runner\",\"shard\",\"specFileRetries\",\"specFileRetriesDelay\",\"specFileRetriesDeferred\",\"reporterSyncInterval\",\"reporterSyncTimeout\",\"cucumberFeaturesWithLineNumbers\",\"autoCompileOpts\",\"mochaOpts\",\"jasmineOpts\",\"cucumberOpts\",\"onPrepare\",\"onWorkerStart\",\"onWorkerEnd\",\"before\",\"beforeSession\",\"beforeSuite\",\"beforeHook\",\"beforeTest\",\"afterTest\",\"afterHook\",\"afterSuite\",\"afterSession\",\"after\",\"onComplete\",\"beforeAssertion\",\"afterAssertion\",\"beforeFeature\",\"beforeScenario\",\"beforeStep\",\"afterStep\",\"afterScenario\",\"afterFeature\",\"_\",\"suite\",\"$0\",\"ignoredWorkerServices\",\"wdi5\"]"}]}
COMMAND: POST /session/e0f9f5aee1597ce8ab84fc4949c39ac3/execute/async - {"script":"<script> [21126 bytes]","args":[35000]}
RESULT: {"script":"<script> [21126 bytes]","args":[35000]}
]]></system-out>
    </testcase>
    <testcase classname="chrome.136_0_7103_49.windows.Process_request_items_into_new_quotation_US120163" name="Should process the request into a new quotation" time="59.466">
      <system-out><![CDATA[
COMMAND: GET /session/e0f9f5aee1597ce8ab84fc4949c39ac3/window - {}
RESULT: {}
COMMAND: POST /session/e0f9f5aee1597ce8ab84fc4949c39ac3/element - {"using":"xpath","value":"//span[contains(@id ,\"detailHeaderTitle-_actionsToolbar-overflowButton-img\")]"}
RESULT: {"using":"xpath","value":"//span[contains(@id ,\"detailHeaderTitle-_actionsToolbar-overflowButton-img\")]"}
COMMAND: POST /session/e0f9f5aee1597ce8ab84fc4949c39ac3/element/f.16219B07342047CC16B1B6C41B76C932.d.DB1EBE37CBFFC429BEB0636DA5C2DE0E.e.12153/click - {}
RESULT: {}
COMMAND: GET /session/e0f9f5aee1597ce8ab84fc4949c39ac3/screenshot - {}
RESULT: {}
COMMAND: POST /session/e0f9f5aee1597ce8ab84fc4949c39ac3/element - {"using":"xpath","value":"//span[contains(@id ,\"actionsMenuButton-internalSplitBtn-arrowButton-img\")]"}
RESULT: {"using":"xpath","value":"//span[contains(@id ,\"actionsMenuButton-internalSplitBtn-arrowButton-img\")]"}
COMMAND: POST /session/e0f9f5aee1597ce8ab84fc4949c39ac3/element/f.16219B07342047CC16B1B6C41B76C932.d.DB1EBE37CBFFC429BEB0636DA5C2DE0E.e.12157/click - {}
RESULT: {}
COMMAND: GET /session/e0f9f5aee1597ce8ab84fc4949c39ac3/screenshot - {}
RESULT: {}
COMMAND: POST /session/e0f9f5aee1597ce8ab84fc4949c39ac3/actions - {"actions":[{"id":"action86","type":"key","parameters":{},"actions":[{"type":"keyDown","value":"î€•"},{"type":"pause","duration":10},{"type":"keyUp","value":"î€•"}]}]}
RESULT: {"actions":[{"id":"action86","type":"key","parameters":{},"actions":[{"type":"keyDown","value":"î€•"},{"type":"pause","duration":10},{"type":"keyUp","value":"î€•"}]}]}
COMMAND: GET /session/e0f9f5aee1597ce8ab84fc4949c39ac3/screenshot - {}
RESULT: {}
COMMAND: POST /session/e0f9f5aee1597ce8ab84fc4949c39ac3/actions - {"actions":[{"id":"action87","type":"key","parameters":{},"actions":[{"type":"keyDown","value":"î€‡"},{"type":"pause","duration":10},{"type":"keyUp","value":"î€‡"}]}]}
RESULT: {"actions":[{"id":"action87","type":"key","parameters":{},"actions":[{"type":"keyDown","value":"î€‡"},{"type":"pause","duration":10},{"type":"keyUp","value":"î€‡"}]}]}
COMMAND: GET /session/e0f9f5aee1597ce8ab84fc4949c39ac3/screenshot - {}
RESULT: {}
COMMAND: POST /session/e0f9f5aee1597ce8ab84fc4949c39ac3/actions - {"actions":[{"id":"action88","type":"key","parameters":{},"actions":[{"type":"keyDown","value":"î€‡"},{"type":"pause","duration":10},{"type":"keyUp","value":"î€‡"}]}]}
RESULT: {"actions":[{"id":"action88","type":"key","parameters":{},"actions":[{"type":"keyDown","value":"î€‡"},{"type":"pause","duration":10},{"type":"keyUp","value":"î€‡"}]}]}
COMMAND: GET /session/e0f9f5aee1597ce8ab84fc4949c39ac3/screenshot - {}
RESULT: {}
COMMAND: POST /session/e0f9f5aee1597ce8ab84fc4949c39ac3/actions - {"actions":[{"id":"action89","type":"key","parameters":{},"actions":[{"type":"keyDown","value":"î€‡"},{"type":"pause","duration":10},{"type":"keyUp","value":"î€‡"}]}]}
RESULT: {"actions":[{"id":"action89","type":"key","parameters":{},"actions":[{"type":"keyDown","value":"î€‡"},{"type":"pause","duration":10},{"type":"keyUp","value":"î€‡"}]}]}
COMMAND: GET /session/e0f9f5aee1597ce8ab84fc4949c39ac3/screenshot - {}
RESULT: {}
COMMAND: POST /session/e0f9f5aee1597ce8ab84fc4949c39ac3/actions - {"actions":[{"id":"action90","type":"key","parameters":{},"actions":[{"type":"keyDown","value":"î€‡"},{"type":"pause","duration":10},{"type":"keyUp","value":"î€‡"}]}]}
RESULT: {"actions":[{"id":"action90","type":"key","parameters":{},"actions":[{"type":"keyDown","value":"î€‡"},{"type":"pause","duration":10},{"type":"keyUp","value":"î€‡"}]}]}
COMMAND: GET /session/e0f9f5aee1597ce8ab84fc4949c39ac3/screenshot - {}
RESULT: {}
COMMAND: GET /session/e0f9f5aee1597ce8ab84fc4949c39ac3/window/handles - {}
RESULT: {}
COMMAND: GET /session/e0f9f5aee1597ce8ab84fc4949c39ac3/window/handles - {}
RESULT: {}
COMMAND: POST /session/e0f9f5aee1597ce8ab84fc4949c39ac3/window - {"handle":"DB142BDDCB9DD2BCFC07A43AD6527A95"}
RESULT: {"handle":"DB142BDDCB9DD2BCFC07A43AD6527A95"}
COMMAND: GET /session/e0f9f5aee1597ce8ab84fc4949c39ac3/url - {}
RESULT: {}
COMMAND: GET /session/e0f9f5aee1597ce8ab84fc4949c39ac3/screenshot - {}
RESULT: {}
COMMAND: POST /session/e0f9f5aee1597ce8ab84fc4949c39ac3/element - {"using":"xpath","value":"//span[contains(text(), \"Header Billing Items\")]"}
RESULT: {"using":"xpath","value":"//span[contains(text(), \"Header Billing Items\")]"}
COMMAND: POST /session/e0f9f5aee1597ce8ab84fc4949c39ac3/element/f.DB142BDDCB9DD2BCFC07A43AD6527A95.d.0CAEBBE08EFA48EBB84C586538680703.e.12317/click - {}
RESULT: {}
COMMAND: GET /session/e0f9f5aee1597ce8ab84fc4949c39ac3/screenshot - {}
RESULT: {}
COMMAND: POST /session/e0f9f5aee1597ce8ab84fc4949c39ac3/element - {"using":"xpath","value":"//span[contains(@id ,\"contractItemsSmartTable-header-inner\")]"}
RESULT: {"using":"xpath","value":"//span[contains(@id ,\"contractItemsSmartTable-header-inner\")]"}
COMMAND: GET /session/e0f9f5aee1597ce8ab84fc4949c39ac3/element/f.DB142BDDCB9DD2BCFC07A43AD6527A95.d.0CAEBBE08EFA48EBB84C586538680703.e.12321/text - {}
RESULT: {}
COMMAND: POST /session/e0f9f5aee1597ce8ab84fc4949c39ac3/element - {"using":"xpath","value":"//span[@class=\"sapMObjStatusText\"][contains(text(), \"proposed\")]"}
RESULT: {"using":"xpath","value":"//span[@class=\"sapMObjStatusText\"][contains(text(), \"proposed\")]"}
COMMAND: GET /session/e0f9f5aee1597ce8ab84fc4949c39ac3/element/f.DB142BDDCB9DD2BCFC07A43AD6527A95.d.0CAEBBE08EFA48EBB84C586538680703.e.12322/text - {}
RESULT: {}
COMMAND: DELETE /session/e0f9f5aee1597ce8ab84fc4949c39ac3/window - {}
RESULT: {}
COMMAND: POST /session/e0f9f5aee1597ce8ab84fc4949c39ac3/window - {"handle":"16219B07342047CC16B1B6C41B76C932"}
RESULT: {"handle":"16219B07342047CC16B1B6C41B76C932"}
COMMAND: GET /session/e0f9f5aee1597ce8ab84fc4949c39ac3/url - {}
RESULT: {}
COMMAND: GET /session/e0f9f5aee1597ce8ab84fc4949c39ac3/screenshot - {}
RESULT: {}
]]></system-out>
    </testcase>
    <testcase classname="chrome.136_0_7103_49.windows.Process_request_items_into_new_quotation_US120163" name="Should navigate back to the request and check the request and item statuses" time="55.255">
      <system-out><![CDATA[
COMMAND: POST /session/e0f9f5aee1597ce8ab84fc4949c39ac3/refresh - {}
RESULT: {}
COMMAND: GET /session/e0f9f5aee1597ce8ab84fc4949c39ac3/screenshot - {}
RESULT: {}
COMMAND: POST /session/e0f9f5aee1597ce8ab84fc4949c39ac3/execute/async - {"script":"<script> [189 bytes]","args":[]}
RESULT: {"script":"<script> [189 bytes]","args":[]}
COMMAND: POST /session/e0f9f5aee1597ce8ab84fc4949c39ac3/execute/async - {"script":"<script> [123 bytes]","args":[]}
RESULT: {"script":"<script> [123 bytes]","args":[]}
COMMAND: POST /session/e0f9f5aee1597ce8ab84fc4949c39ac3/timeouts - {"script":"<number>"}
RESULT: {"script":"<number>"}
COMMAND: GET /session/e0f9f5aee1597ce8ab84fc4949c39ac3/timeouts - {}
RESULT: {}
RESULT: undefined
COMMAND: POST /session/e0f9f5aee1597ce8ab84fc4949c39ac3/execute/async - {"script":"<script> [2676 bytes]","args":[]}
RESULT: {"script":"<script> [2676 bytes]","args":[]}
COMMAND: POST /session/e0f9f5aee1597ce8ab84fc4949c39ac3/execute/async - {"script":"<script> [2342 bytes]","args":[{"protocol":"http","hostname":"0.0.0.0","path":"/","capabilities":{"browserName":"chrome","goog:chromeOptions":{"binary":"C:\\Program Files\\Google\\Chrome\\Application\\chrome.exe","args":["--start-maximized"]}},"logLevel":"warn","connectionRetryTimeout":120000,"connectionRetryCount":3,"logLevels":{},"enableDirectConnect":true,"strictSSL":true,"_":"65 more keys: [\"cacheDir\",\"port\",\"requestedCapabilities\",\"automationProtocol\",\"baseUrl\",\"waitforInterval\",\"waitforTimeout\",\"onReload\",\"beforeCommand\",\"afterCommand\",\"rootDir\",\"specs\",\"suites\",\"exclude\",\"groupLogsByTestSpec\",\"excludeDriverLogs\",\"bail\",\"framework\",\"reporters\",\"services\",\"maxInstances\",\"maxInstancesPerCapability\",\"injectGlobals\",\"filesToWatch\",\"execArgv\",\"runnerEnv\",\"runner\",\"shard\",\"specFileRetries\",\"specFileRetriesDelay\",\"specFileRetriesDeferred\",\"reporterSyncInterval\",\"reporterSyncTimeout\",\"cucumberFeaturesWithLineNumbers\",\"autoCompileOpts\",\"mochaOpts\",\"jasmineOpts\",\"cucumberOpts\",\"onPrepare\",\"onWorkerStart\",\"onWorkerEnd\",\"before\",\"beforeSession\",\"beforeSuite\",\"beforeHook\",\"beforeTest\",\"afterTest\",\"afterHook\",\"afterSuite\",\"afterSession\",\"after\",\"onComplete\",\"beforeAssertion\",\"afterAssertion\",\"beforeFeature\",\"beforeScenario\",\"beforeStep\",\"afterStep\",\"afterScenario\",\"afterFeature\",\"_\",\"suite\",\"$0\",\"ignoredWorkerServices\",\"wdi5\"]"}]}
RESULT: {"script":"<script> [2342 bytes]","args":[{"protocol":"http","hostname":"0.0.0.0","path":"/","capabilities":{"browserName":"chrome","goog:chromeOptions":{"binary":"C:\\Program Files\\Google\\Chrome\\Application\\chrome.exe","args":["--start-maximized"]}},"logLevel":"warn","connectionRetryTimeout":120000,"connectionRetryCount":3,"logLevels":{},"enableDirectConnect":true,"strictSSL":true,"_":"65 more keys: [\"cacheDir\",\"port\",\"requestedCapabilities\",\"automationProtocol\",\"baseUrl\",\"waitforInterval\",\"waitforTimeout\",\"onReload\",\"beforeCommand\",\"afterCommand\",\"rootDir\",\"specs\",\"suites\",\"exclude\",\"groupLogsByTestSpec\",\"excludeDriverLogs\",\"bail\",\"framework\",\"reporters\",\"services\",\"maxInstances\",\"maxInstancesPerCapability\",\"injectGlobals\",\"filesToWatch\",\"execArgv\",\"runnerEnv\",\"runner\",\"shard\",\"specFileRetries\",\"specFileRetriesDelay\",\"specFileRetriesDeferred\",\"reporterSyncInterval\",\"reporterSyncTimeout\",\"cucumberFeaturesWithLineNumbers\",\"autoCompileOpts\",\"mochaOpts\",\"jasmineOpts\",\"cucumberOpts\",\"onPrepare\",\"onWorkerStart\",\"onWorkerEnd\",\"before\",\"beforeSession\",\"beforeSuite\",\"beforeHook\",\"beforeTest\",\"afterTest\",\"afterHook\",\"afterSuite\",\"afterSession\",\"after\",\"onComplete\",\"beforeAssertion\",\"afterAssertion\",\"beforeFeature\",\"beforeScenario\",\"beforeStep\",\"afterStep\",\"afterScenario\",\"afterFeature\",\"_\",\"suite\",\"$0\",\"ignoredWorkerServices\",\"wdi5\"]"}]}
COMMAND: POST /session/e0f9f5aee1597ce8ab84fc4949c39ac3/execute/async - {"script":"<script> [21126 bytes]","args":[35000]}
RESULT: {"script":"<script> [21126 bytes]","args":[35000]}
COMMAND: POST /session/e0f9f5aee1597ce8ab84fc4949c39ac3/execute/async - {"script":"<script> [1562 bytes]","args":[{"selector":{"controlType":"sap.m.Text","viewName":"etm.portal.ui.managerequests.view.Detail","bindingPath":{"path":"/SmartRequestItemsPlanningBoard(ITEM=10m,REQUEST='20405')","propertyPath":"STATUS_DESC"}},"wdio_ui5_key":"etmportal.ui.managerequests.view.Detailsap.m.Text{\"path\":\"/SmartRequestItemsPlanningBoard(ITEM=10m,REQUEST='20405')\",\"propertyPath\":\"STATUS_DESC\"}"}]}
RESULT: {"script":"<script> [1562 bytes]","args":[{"selector":{"controlType":"sap.m.Text","viewName":"etm.portal.ui.managerequests.view.Detail","bindingPath":{"path":"/SmartRequestItemsPlanningBoard(ITEM=10m,REQUEST='20405')","propertyPath":"STATUS_DESC"}},"wdio_ui5_key":"etmportal.ui.managerequests.view.Detailsap.m.Text{\"path\":\"/SmartRequestItemsPlanningBoard(ITEM=10m,REQUEST='20405')\",\"propertyPath\":\"STATUS_DESC\"}"}]}
RESULT: undefined
COMMAND: POST /session/e0f9f5aee1597ce8ab84fc4949c39ac3/execute/async - {"script":"<script> [6424 bytes]","args":[{"element-6066-11e4-a52e-4f735466cecf":"f.16219B07342047CC16B1B6C41B76C932.d.1DCC86E4296A79342461EF256709B844.e.12534"},"getText",[]]}
RESULT: {"script":"<script> [6424 bytes]","args":[{"element-6066-11e4-a52e-4f735466cecf":"f.16219B07342047CC16B1B6C41B76C932.d.1DCC86E4296A79342461EF256709B844.e.12534"},"getText",[]]}
COMMAND: POST /session/e0f9f5aee1597ce8ab84fc4949c39ac3/execute/async - {"script":"<script> [1562 bytes]","args":[{"selector":{"controlType":"sap.m.ObjectStatus","viewName":"etm.portal.ui.managerequests.view.Detail","bindingPath":{"path":"/RequestHeaders('20405')","propertyPath":"LINK_TO_STATUS/DESCRIPTION","modelName":"catalogModel"}},"wdio_ui5_key":"etmportal.ui.managerequests.view.Detailsap.m.ObjectStatus{\"path\":\"/RequestHeaders('20405')\",\"propertyPath\":\"LINK_TO_STATUS/DESCRIPTION\",\"modelName\":\"catalogModel\"}"}]}
RESULT: {"script":"<script> [1562 bytes]","args":[{"selector":{"controlType":"sap.m.ObjectStatus","viewName":"etm.portal.ui.managerequests.view.Detail","bindingPath":{"path":"/RequestHeaders('20405')","propertyPath":"LINK_TO_STATUS/DESCRIPTION","modelName":"catalogModel"}},"wdio_ui5_key":"etmportal.ui.managerequests.view.Detailsap.m.ObjectStatus{\"path\":\"/RequestHeaders('20405')\",\"propertyPath\":\"LINK_TO_STATUS/DESCRIPTION\",\"modelName\":\"catalogModel\"}"}]}
RESULT: undefined
COMMAND: POST /session/e0f9f5aee1597ce8ab84fc4949c39ac3/execute/async - {"script":"<script> [6424 bytes]","args":[{"element-6066-11e4-a52e-4f735466cecf":"f.16219B07342047CC16B1B6C41B76C932.d.1DCC86E4296A79342461EF256709B844.e.12535"},"getText",[]]}
RESULT: {"script":"<script> [6424 bytes]","args":[{"element-6066-11e4-a52e-4f735466cecf":"f.16219B07342047CC16B1B6C41B76C932.d.1DCC86E4296A79342461EF256709B844.e.12535"},"getText",[]]}
COMMAND: POST /session/e0f9f5aee1597ce8ab84fc4949c39ac3/element - {"using":"css selector","value":"#shell-header-logo"}
RESULT: {"using":"css selector","value":"#shell-header-logo"}
COMMAND: POST /session/e0f9f5aee1597ce8ab84fc4949c39ac3/element/f.16219B07342047CC16B1B6C41B76C932.d.1DCC86E4296A79342461EF256709B844.e.12328/click - {}
RESULT: {}
COMMAND: GET /session/e0f9f5aee1597ce8ab84fc4949c39ac3/screenshot - {}
RESULT: {}
]]></system-out>
    </testcase>
  </testsuite>
  <testsuite timestamp="2025-05-08T06:19:52" time="447.8" tests="4" failures="2" errors="2" skipped="0">
    <properties>
      <property name="specId" value="0" />
      <property name="suiteName" value="Process request items into an existing quotation US120163" />
      <property name="capabilities" value="chrome.136_0_7103_49.windows" />
      <property name="file" value="file:///D:/a/1/s/test/specs/R2C/process-request-items-into-existing-quotation.spec.js" />
    </properties>
    <testcase classname="chrome.136_0_7103_49.windows.Process_request_items_into_an_existing_quotation_US120163" name="Should create a new quotation" time="103.909">
      <system-out><![CDATA[
COMMAND: POST /session/e0f9f5aee1597ce8ab84fc4949c39ac3/execute/async - {"script":"<script> [1562 bytes]","args":[{"selector":{"controlType":"sap.m.GenericTile","properties":{"header":"Manage Quotations"}},"wdio_ui5_key":"sapm.GenericTile{\"header\":\"Manage Quotations\"}"}]}
RESULT: {"script":"<script> [1562 bytes]","args":[{"selector":{"controlType":"sap.m.GenericTile","properties":{"header":"Manage Quotations"}},"wdio_ui5_key":"sapm.GenericTile{\"header\":\"Manage Quotations\"}"}]}
RESULT: undefined
COMMAND: POST /session/e0f9f5aee1597ce8ab84fc4949c39ac3/element - {"using":"xpath","value":"//*[@id=\"__tile131\"]"}
RESULT: {"using":"xpath","value":"//*[@id=\"__tile131\"]"}
COMMAND: POST /session/e0f9f5aee1597ce8ab84fc4949c39ac3/element/f.16219B07342047CC16B1B6C41B76C932.d.1DCC86E4296A79342461EF256709B844.e.12554/click - {}
RESULT: {}
COMMAND: GET /session/e0f9f5aee1597ce8ab84fc4949c39ac3/screenshot - {}
RESULT: {}
COMMAND: POST /session/e0f9f5aee1597ce8ab84fc4949c39ac3/element - {"using":"xpath","value":"//button[contains(@title ,\"Add new contract\")]"}
RESULT: {"using":"xpath","value":"//button[contains(@title ,\"Add new contract\")]"}
COMMAND: POST /session/e0f9f5aee1597ce8ab84fc4949c39ac3/elements - {"using":"xpath","value":"//button[contains(@title ,\"Add new contract\")]"}
RESULT: {"using":"xpath","value":"//button[contains(@title ,\"Add new contract\")]"}
COMMAND: POST /session/e0f9f5aee1597ce8ab84fc4949c39ac3/elements - {"using":"xpath","value":"//button[contains(@title ,\"Add new contract\")]"}
RESULT: {"using":"xpath","value":"//button[contains(@title ,\"Add new contract\")]"}
COMMAND: POST /session/e0f9f5aee1597ce8ab84fc4949c39ac3/element - {"using":"xpath","value":"//button[contains(@title ,\"Add new contract\")]"}
RESULT: {"using":"xpath","value":"//button[contains(@title ,\"Add new contract\")]"}
COMMAND: POST /session/e0f9f5aee1597ce8ab84fc4949c39ac3/element/f.16219B07342047CC16B1B6C41B76C932.d.1DCC86E4296A79342461EF256709B844.e.12585/click - {}
RESULT: {}
COMMAND: GET /session/e0f9f5aee1597ce8ab84fc4949c39ac3/screenshot - {}
RESULT: {}
COMMAND: POST /session/e0f9f5aee1597ce8ab84fc4949c39ac3/element - {"using":"xpath","value":"//input[contains(@id ,\"application-managequotations-display-component---AddNewContract--projectDescription-inner\")]"}
RESULT: {"using":"xpath","value":"//input[contains(@id ,\"application-managequotations-display-component---AddNewContract--projectDescription-inner\")]"}
COMMAND: POST /session/e0f9f5aee1597ce8ab84fc4949c39ac3/element/f.16219B07342047CC16B1B6C41B76C932.d.1DCC86E4296A79342461EF256709B844.e.12846/value - {"text":"WdIOQuotationistpn"}
RESULT: {"text":"WdIOQuotationistpn"}
COMMAND: GET /session/e0f9f5aee1597ce8ab84fc4949c39ac3/screenshot - {}
RESULT: {}
COMMAND: POST /session/e0f9f5aee1597ce8ab84fc4949c39ac3/element - {"using":"xpath","value":"//input[contains(@id ,\"application-managequotations-display-component---AddNewContract--yardId-inner\")]"}
RESULT: {"using":"xpath","value":"//input[contains(@id ,\"application-managequotations-display-component---AddNewContract--yardId-inner\")]"}
COMMAND: POST /session/e0f9f5aee1597ce8ab84fc4949c39ac3/element/f.16219B07342047CC16B1B6C41B76C932.d.1DCC86E4296A79342461EF256709B844.e.12849/value - {"text":"WebdriverYardgxtyv"}
RESULT: {"text":"WebdriverYardgxtyv"}
COMMAND: GET /session/e0f9f5aee1597ce8ab84fc4949c39ac3/screenshot - {}
RESULT: {}
COMMAND: POST /session/e0f9f5aee1597ce8ab84fc4949c39ac3/actions - {"actions":[{"id":"action91","type":"key","parameters":{},"actions":[{"type":"keyDown","value":"î€‡"},{"type":"pause","duration":10},{"type":"keyUp","value":"î€‡"}]}]}
RESULT: {"actions":[{"id":"action91","type":"key","parameters":{},"actions":[{"type":"keyDown","value":"î€‡"},{"type":"pause","duration":10},{"type":"keyUp","value":"î€‡"}]}]}
COMMAND: GET /session/e0f9f5aee1597ce8ab84fc4949c39ac3/screenshot - {}
RESULT: {}
COMMAND: POST /session/e0f9f5aee1597ce8ab84fc4949c39ac3/element - {"using":"xpath","value":"//input[contains(@id ,\"application-managequotations-display-component---AddNewContract--customerSelect-inner\")]"}
RESULT: {"using":"xpath","value":"//input[contains(@id ,\"application-managequotations-display-component---AddNewContract--customerSelect-inner\")]"}
COMMAND: POST /session/e0f9f5aee1597ce8ab84fc4949c39ac3/element/f.16219B07342047CC16B1B6C41B76C932.d.1DCC86E4296A79342461EF256709B844.e.12847/value - {"text":"WebdriverPartnerssuou"}
RESULT: {"text":"WebdriverPartnerssuou"}
COMMAND: GET /session/e0f9f5aee1597ce8ab84fc4949c39ac3/screenshot - {}
RESULT: {}
COMMAND: POST /session/e0f9f5aee1597ce8ab84fc4949c39ac3/actions - {"actions":[{"id":"action92","type":"key","parameters":{},"actions":[{"type":"keyDown","value":"î€‡"},{"type":"pause","duration":10},{"type":"keyUp","value":"î€‡"}]}]}
RESULT: {"actions":[{"id":"action92","type":"key","parameters":{},"actions":[{"type":"keyDown","value":"î€‡"},{"type":"pause","duration":10},{"type":"keyUp","value":"î€‡"}]}]}
COMMAND: GET /session/e0f9f5aee1597ce8ab84fc4949c39ac3/screenshot - {}
RESULT: {}
COMMAND: POST /session/e0f9f5aee1597ce8ab84fc4949c39ac3/element - {"using":"xpath","value":"//input[contains(@id ,\"application-managequotations-display-component---AddNewContract--site-inner\")]"}
RESULT: {"using":"xpath","value":"//input[contains(@id ,\"application-managequotations-display-component---AddNewContract--site-inner\")]"}
COMMAND: POST /session/e0f9f5aee1597ce8ab84fc4949c39ac3/element/f.16219B07342047CC16B1B6C41B76C932.d.1DCC86E4296A79342461EF256709B844.e.12848/value - {"text":"WebdriverSite1lfj"}
RESULT: {"text":"WebdriverSite1lfj"}
COMMAND: GET /session/e0f9f5aee1597ce8ab84fc4949c39ac3/screenshot - {}
RESULT: {}
COMMAND: POST /session/e0f9f5aee1597ce8ab84fc4949c39ac3/actions - {"actions":[{"id":"action93","type":"key","parameters":{},"actions":[{"type":"keyDown","value":"î€‡"},{"type":"pause","duration":10},{"type":"keyUp","value":"î€‡"}]}]}
RESULT: {"actions":[{"id":"action93","type":"key","parameters":{},"actions":[{"type":"keyDown","value":"î€‡"},{"type":"pause","duration":10},{"type":"keyUp","value":"î€‡"}]}]}
COMMAND: GET /session/e0f9f5aee1597ce8ab84fc4949c39ac3/screenshot - {}
RESULT: {}
COMMAND: POST /session/e0f9f5aee1597ce8ab84fc4949c39ac3/element - {"using":"xpath","value":"//bdi[contains(text(), \"Save\")]"}
RESULT: {"using":"xpath","value":"//bdi[contains(text(), \"Save\")]"}
COMMAND: POST /session/e0f9f5aee1597ce8ab84fc4949c39ac3/element/f.16219B07342047CC16B1B6C41B76C932.d.1DCC86E4296A79342461EF256709B844.e.12874/click - {}
RESULT: {}
COMMAND: GET /session/e0f9f5aee1597ce8ab84fc4949c39ac3/screenshot - {}
RESULT: {}
COMMAND: POST /session/e0f9f5aee1597ce8ab84fc4949c39ac3/element - {"using":"css selector","value":"#shell-header-logo"}
RESULT: {"using":"css selector","value":"#shell-header-logo"}
COMMAND: POST /session/e0f9f5aee1597ce8ab84fc4949c39ac3/element/f.16219B07342047CC16B1B6C41B76C932.d.1DCC86E4296A79342461EF256709B844.e.12556/click - {}
RESULT: {}
COMMAND: GET /session/e0f9f5aee1597ce8ab84fc4949c39ac3/screenshot - {}
RESULT: {}
COMMAND: POST /session/e0f9f5aee1597ce8ab84fc4949c39ac3/refresh - {}
RESULT: {}
COMMAND: GET /session/e0f9f5aee1597ce8ab84fc4949c39ac3/screenshot - {}
RESULT: {}
COMMAND: POST /session/e0f9f5aee1597ce8ab84fc4949c39ac3/execute/async - {"script":"<script> [189 bytes]","args":[]}
RESULT: {"script":"<script> [189 bytes]","args":[]}
COMMAND: POST /session/e0f9f5aee1597ce8ab84fc4949c39ac3/execute/async - {"script":"<script> [123 bytes]","args":[]}
RESULT: {"script":"<script> [123 bytes]","args":[]}
COMMAND: POST /session/e0f9f5aee1597ce8ab84fc4949c39ac3/timeouts - {"script":"<number>"}
RESULT: {"script":"<number>"}
COMMAND: GET /session/e0f9f5aee1597ce8ab84fc4949c39ac3/timeouts - {}
RESULT: {}
RESULT: undefined
COMMAND: POST /session/e0f9f5aee1597ce8ab84fc4949c39ac3/execute/async - {"script":"<script> [2676 bytes]","args":[]}
RESULT: {"script":"<script> [2676 bytes]","args":[]}
COMMAND: POST /session/e0f9f5aee1597ce8ab84fc4949c39ac3/execute/async - {"script":"<script> [2342 bytes]","args":[{"protocol":"http","hostname":"0.0.0.0","path":"/","capabilities":{"browserName":"chrome","goog:chromeOptions":{"binary":"C:\\Program Files\\Google\\Chrome\\Application\\chrome.exe","args":["--start-maximized"]}},"logLevel":"warn","connectionRetryTimeout":120000,"connectionRetryCount":3,"logLevels":{},"enableDirectConnect":true,"strictSSL":true,"_":"65 more keys: [\"cacheDir\",\"port\",\"requestedCapabilities\",\"automationProtocol\",\"baseUrl\",\"waitforInterval\",\"waitforTimeout\",\"onReload\",\"beforeCommand\",\"afterCommand\",\"rootDir\",\"specs\",\"suites\",\"exclude\",\"groupLogsByTestSpec\",\"excludeDriverLogs\",\"bail\",\"framework\",\"reporters\",\"services\",\"maxInstances\",\"maxInstancesPerCapability\",\"injectGlobals\",\"filesToWatch\",\"execArgv\",\"runnerEnv\",\"runner\",\"shard\",\"specFileRetries\",\"specFileRetriesDelay\",\"specFileRetriesDeferred\",\"reporterSyncInterval\",\"reporterSyncTimeout\",\"cucumberFeaturesWithLineNumbers\",\"autoCompileOpts\",\"mochaOpts\",\"jasmineOpts\",\"cucumberOpts\",\"onPrepare\",\"onWorkerStart\",\"onWorkerEnd\",\"before\",\"beforeSession\",\"beforeSuite\",\"beforeHook\",\"beforeTest\",\"afterTest\",\"afterHook\",\"afterSuite\",\"afterSession\",\"after\",\"onComplete\",\"beforeAssertion\",\"afterAssertion\",\"beforeFeature\",\"beforeScenario\",\"beforeStep\",\"afterStep\",\"afterScenario\",\"afterFeature\",\"_\",\"suite\",\"$0\",\"ignoredWorkerServices\",\"wdi5\"]"}]}
RESULT: {"script":"<script> [2342 bytes]","args":[{"protocol":"http","hostname":"0.0.0.0","path":"/","capabilities":{"browserName":"chrome","goog:chromeOptions":{"binary":"C:\\Program Files\\Google\\Chrome\\Application\\chrome.exe","args":["--start-maximized"]}},"logLevel":"warn","connectionRetryTimeout":120000,"connectionRetryCount":3,"logLevels":{},"enableDirectConnect":true,"strictSSL":true,"_":"65 more keys: [\"cacheDir\",\"port\",\"requestedCapabilities\",\"automationProtocol\",\"baseUrl\",\"waitforInterval\",\"waitforTimeout\",\"onReload\",\"beforeCommand\",\"afterCommand\",\"rootDir\",\"specs\",\"suites\",\"exclude\",\"groupLogsByTestSpec\",\"excludeDriverLogs\",\"bail\",\"framework\",\"reporters\",\"services\",\"maxInstances\",\"maxInstancesPerCapability\",\"injectGlobals\",\"filesToWatch\",\"execArgv\",\"runnerEnv\",\"runner\",\"shard\",\"specFileRetries\",\"specFileRetriesDelay\",\"specFileRetriesDeferred\",\"reporterSyncInterval\",\"reporterSyncTimeout\",\"cucumberFeaturesWithLineNumbers\",\"autoCompileOpts\",\"mochaOpts\",\"jasmineOpts\",\"cucumberOpts\",\"onPrepare\",\"onWorkerStart\",\"onWorkerEnd\",\"before\",\"beforeSession\",\"beforeSuite\",\"beforeHook\",\"beforeTest\",\"afterTest\",\"afterHook\",\"afterSuite\",\"afterSession\",\"after\",\"onComplete\",\"beforeAssertion\",\"afterAssertion\",\"beforeFeature\",\"beforeScenario\",\"beforeStep\",\"afterStep\",\"afterScenario\",\"afterFeature\",\"_\",\"suite\",\"$0\",\"ignoredWorkerServices\",\"wdi5\"]"}]}
COMMAND: POST /session/e0f9f5aee1597ce8ab84fc4949c39ac3/execute/async - {"script":"<script> [21126 bytes]","args":[35000]}
RESULT: {"script":"<script> [21126 bytes]","args":[35000]}
]]></system-out>
    </testcase>
    <testcase classname="chrome.136_0_7103_49.windows.Process_request_items_into_an_existing_quotation_US120163" name="Should create a new request with catalog items and plan it" time="230.578">
      <system-out><![CDATA[
COMMAND: POST /session/e0f9f5aee1597ce8ab84fc4949c39ac3/element - {"using":"xpath","value":"//*[contains(@href, 'etm.portal.ui.managerequests')]"}
RESULT: {"using":"xpath","value":"//*[contains(@href, 'etm.portal.ui.managerequests')]"}
COMMAND: POST /session/e0f9f5aee1597ce8ab84fc4949c39ac3/element/f.16219B07342047CC16B1B6C41B76C932.d.2ABDD497F960393756B0FA8A50B56BA3.e.12901/click - {}
RESULT: {}
COMMAND: GET /session/e0f9f5aee1597ce8ab84fc4949c39ac3/screenshot - {}
RESULT: {}
COMMAND: POST /session/e0f9f5aee1597ce8ab84fc4949c39ac3/element - {"using":"xpath","value":"(//span[contains(@class ,\"sapMObjStatusText\")])[1]"}
RESULT: {"using":"xpath","value":"(//span[contains(@class ,\"sapMObjStatusText\")])[1]"}
COMMAND: POST /session/e0f9f5aee1597ce8ab84fc4949c39ac3/execute/sync - {"script":"<script> [8489 bytes]","args":[{"element-6066-11e4-a52e-4f735466cecf":"f.16219B07342047CC16B1B6C41B76C932.d.2ABDD497F960393756B0FA8A50B56BA3.e.12994","ELEMENT":"f.16219B07342047CC16B1B6C41B76C932.d.2ABDD497F960393756B0FA8A50B56BA3.e.12994"}]}
RESULT: {"script":"<script> [8489 bytes]","args":[{"element-6066-11e4-a52e-4f735466cecf":"f.16219B07342047CC16B1B6C41B76C932.d.2ABDD497F960393756B0FA8A50B56BA3.e.12994","ELEMENT":"f.16219B07342047CC16B1B6C41B76C932.d.2ABDD497F960393756B0FA8A50B56BA3.e.12994"}]}
COMMAND: POST /session/e0f9f5aee1597ce8ab84fc4949c39ac3/element - {"using":"xpath","value":"//button[contains(@data-kt ,\"btnCreateNewOverflowToolbarButton\")]"}
COMMAND: GET /session/e0f9f5aee1597ce8ab84fc4949c39ac3/screenshot - {}
RESULT: {"using":"xpath","value":"//button[contains(@data-kt ,\"btnCreateNewOverflowToolbarButton\")]"}
COMMAND: POST /session/e0f9f5aee1597ce8ab84fc4949c39ac3/element/f.16219B07342047CC16B1B6C41B76C932.d.2ABDD497F960393756B0FA8A50B56BA3.e.12958/click - {}
RESULT: {}
RESULT: {}
COMMAND: GET /session/e0f9f5aee1597ce8ab84fc4949c39ac3/screenshot - {}
RESULT: {}
COMMAND: POST /session/e0f9f5aee1597ce8ab84fc4949c39ac3/element - {"using":"xpath","value":"//input[contains(@id ,\"yardId-inner\")]"}
RESULT: {"using":"xpath","value":"//input[contains(@id ,\"yardId-inner\")]"}
COMMAND: POST /session/e0f9f5aee1597ce8ab84fc4949c39ac3/execute/sync - {"script":"<script> [8489 bytes]","args":[{"element-6066-11e4-a52e-4f735466cecf":"f.16219B07342047CC16B1B6C41B76C932.d.2ABDD497F960393756B0FA8A50B56BA3.e.13200","ELEMENT":"f.16219B07342047CC16B1B6C41B76C932.d.2ABDD497F960393756B0FA8A50B56BA3.e.13200"}]}
RESULT: {"script":"<script> [8489 bytes]","args":[{"element-6066-11e4-a52e-4f735466cecf":"f.16219B07342047CC16B1B6C41B76C932.d.2ABDD497F960393756B0FA8A50B56BA3.e.13200","ELEMENT":"f.16219B07342047CC16B1B6C41B76C932.d.2ABDD497F960393756B0FA8A50B56BA3.e.13200"}]}
COMMAND: POST /session/e0f9f5aee1597ce8ab84fc4949c39ac3/element - {"using":"xpath","value":"//input[contains(@id ,\"yardId-inner\")]"}
COMMAND: GET /session/e0f9f5aee1597ce8ab84fc4949c39ac3/screenshot - {}
RESULT: {"using":"xpath","value":"//input[contains(@id ,\"yardId-inner\")]"}
COMMAND: GET /session/e0f9f5aee1597ce8ab84fc4949c39ac3/element/f.16219B07342047CC16B1B6C41B76C932.d.2ABDD497F960393756B0FA8A50B56BA3.e.13200/enabled - {}
RESULT: {}
RESULT: {}
COMMAND: POST /session/e0f9f5aee1597ce8ab84fc4949c39ac3/element/f.16219B07342047CC16B1B6C41B76C932.d.2ABDD497F960393756B0FA8A50B56BA3.e.13200/clear - {}
COMMAND: GET /session/e0f9f5aee1597ce8ab84fc4949c39ac3/screenshot - {}
RESULT: {}
COMMAND: POST /session/e0f9f5aee1597ce8ab84fc4949c39ac3/element/f.16219B07342047CC16B1B6C41B76C932.d.2ABDD497F960393756B0FA8A50B56BA3.e.13200/value - {"text":"WebdriverYardgxtyv"}
COMMAND: GET /session/e0f9f5aee1597ce8ab84fc4949c39ac3/screenshot - {}
RESULT: {}
RESULT: {"text":"WebdriverYardgxtyv"}
COMMAND: GET /session/e0f9f5aee1597ce8ab84fc4949c39ac3/screenshot - {}
RESULT: {}
RESULT: {}
COMMAND: POST /session/e0f9f5aee1597ce8ab84fc4949c39ac3/actions - {"actions":[{"id":"action94","type":"key","parameters":{},"actions":[{"type":"keyDown","value":"î€‡"},{"type":"pause","duration":10},{"type":"keyUp","value":"î€‡"}]}]}
RESULT: {"actions":[{"id":"action94","type":"key","parameters":{},"actions":[{"type":"keyDown","value":"î€‡"},{"type":"pause","duration":10},{"type":"keyUp","value":"î€‡"}]}]}
COMMAND: GET /session/e0f9f5aee1597ce8ab84fc4949c39ac3/screenshot - {}
RESULT: {}
COMMAND: POST /session/e0f9f5aee1597ce8ab84fc4949c39ac3/element - {"using":"xpath","value":"//input[contains(@id ,\"customerNumber-inner\")]"}
RESULT: {"using":"xpath","value":"//input[contains(@id ,\"customerNumber-inner\")]"}
COMMAND: POST /session/e0f9f5aee1597ce8ab84fc4949c39ac3/element/f.16219B07342047CC16B1B6C41B76C932.d.2ABDD497F960393756B0FA8A50B56BA3.e.13194/value - {"text":"WebdriverPartnerssuou"}
RESULT: {"text":"WebdriverPartnerssuou"}
COMMAND: GET /session/e0f9f5aee1597ce8ab84fc4949c39ac3/screenshot - {}
RESULT: {}
COMMAND: POST /session/e0f9f5aee1597ce8ab84fc4949c39ac3/actions - {"actions":[{"id":"action95","type":"key","parameters":{},"actions":[{"type":"keyDown","value":"î€‡"},{"type":"pause","duration":10},{"type":"keyUp","value":"î€‡"}]}]}
RESULT: {"actions":[{"id":"action95","type":"key","parameters":{},"actions":[{"type":"keyDown","value":"î€‡"},{"type":"pause","duration":10},{"type":"keyUp","value":"î€‡"}]}]}
COMMAND: GET /session/e0f9f5aee1597ce8ab84fc4949c39ac3/screenshot - {}
RESULT: {}
COMMAND: GET /session/e0f9f5aee1597ce8ab84fc4949c39ac3/element/f.16219B07342047CC16B1B6C41B76C932.d.2ABDD497F960393756B0FA8A50B56BA3.e.13194/property/value - {}
RESULT: {}
COMMAND: POST /session/e0f9f5aee1597ce8ab84fc4949c39ac3/element/f.16219B07342047CC16B1B6C41B76C932.d.2ABDD497F960393756B0FA8A50B56BA3.e.13194/value - {"text":"WebdriverPartnerssuou"}
COMMAND: GET /session/e0f9f5aee1597ce8ab84fc4949c39ac3/screenshot - {}
RESULT: {"text":"WebdriverPartnerssuou"}
COMMAND: GET /session/e0f9f5aee1597ce8ab84fc4949c39ac3/screenshot - {}
RESULT: {}
RESULT: {}
COMMAND: POST /session/e0f9f5aee1597ce8ab84fc4949c39ac3/actions - {"actions":[{"id":"action96","type":"key","parameters":{},"actions":[{"type":"keyDown","value":"î€‡"},{"type":"pause","duration":10},{"type":"keyUp","value":"î€‡"}]}]}
RESULT: {"actions":[{"id":"action96","type":"key","parameters":{},"actions":[{"type":"keyDown","value":"î€‡"},{"type":"pause","duration":10},{"type":"keyUp","value":"î€‡"}]}]}
COMMAND: GET /session/e0f9f5aee1597ce8ab84fc4949c39ac3/screenshot - {}
RESULT: {}
COMMAND: POST /session/e0f9f5aee1597ce8ab84fc4949c39ac3/element - {"using":"xpath","value":"//input[contains(@id ,\"requestSiteId-inner\")]"}
RESULT: {"using":"xpath","value":"//input[contains(@id ,\"requestSiteId-inner\")]"}
COMMAND: POST /session/e0f9f5aee1597ce8ab84fc4949c39ac3/element/f.16219B07342047CC16B1B6C41B76C932.d.2ABDD497F960393756B0FA8A50B56BA3.e.13193/value - {"text":"WebdriverSite1lfj"}
RESULT: {"text":"WebdriverSite1lfj"}
COMMAND: GET /session/e0f9f5aee1597ce8ab84fc4949c39ac3/screenshot - {}
RESULT: {}
COMMAND: POST /session/e0f9f5aee1597ce8ab84fc4949c39ac3/actions - {"actions":[{"id":"action97","type":"key","parameters":{},"actions":[{"type":"keyDown","value":"î€‡"},{"type":"pause","duration":10},{"type":"keyUp","value":"î€‡"}]}]}
RESULT: {"actions":[{"id":"action97","type":"key","parameters":{},"actions":[{"type":"keyDown","value":"î€‡"},{"type":"pause","duration":10},{"type":"keyUp","value":"î€‡"}]}]}
COMMAND: GET /session/e0f9f5aee1597ce8ab84fc4949c39ac3/screenshot - {}
RESULT: {}
COMMAND: POST /session/e0f9f5aee1597ce8ab84fc4949c39ac3/element - {"using":"xpath","value":"//button[contains(@data-kt ,\"requestItemAddOverflowToolbarButton\")]"}
RESULT: {"using":"xpath","value":"//button[contains(@data-kt ,\"requestItemAddOverflowToolbarButton\")]"}
COMMAND: POST /session/e0f9f5aee1597ce8ab84fc4949c39ac3/element/f.16219B07342047CC16B1B6C41B76C932.d.2ABDD497F960393756B0FA8A50B56BA3.e.13172/click - {}
RESULT: {}
COMMAND: GET /session/e0f9f5aee1597ce8ab84fc4949c39ac3/screenshot - {}
RESULT: {}
COMMAND: POST /session/e0f9f5aee1597ce8ab84fc4949c39ac3/actions - {"actions":[{"id":"action98","type":"key","parameters":{},"actions":[{"type":"keyDown","value":"î€•"},{"type":"pause","duration":10},{"type":"keyUp","value":"î€•"}]}]}
RESULT: {"actions":[{"id":"action98","type":"key","parameters":{},"actions":[{"type":"keyDown","value":"î€•"},{"type":"pause","duration":10},{"type":"keyUp","value":"î€•"}]}]}
COMMAND: POST /session/e0f9f5aee1597ce8ab84fc4949c39ac3/actions - {"actions":[{"id":"action99","type":"key","parameters":{},"actions":[{"type":"keyDown","value":"î€‡"},{"type":"pause","duration":10},{"type":"keyUp","value":"î€‡"}]}]}
COMMAND: GET /session/e0f9f5aee1597ce8ab84fc4949c39ac3/screenshot - {}
RESULT: {"actions":[{"id":"action99","type":"key","parameters":{},"actions":[{"type":"keyDown","value":"î€‡"},{"type":"pause","duration":10},{"type":"keyUp","value":"î€‡"}]}]}
COMMAND: GET /session/e0f9f5aee1597ce8ab84fc4949c39ac3/screenshot - {}
RESULT: {}
RESULT: {}
COMMAND: POST /session/e0f9f5aee1597ce8ab84fc4949c39ac3/element - {"using":"xpath","value":"(//input[contains(@id ,\"requestItemsTable-0-inner\")])[1]"}
RESULT: {"using":"xpath","value":"(//input[contains(@id ,\"requestItemsTable-0-inner\")])[1]"}
COMMAND: POST /session/e0f9f5aee1597ce8ab84fc4949c39ac3/element/f.16219B07342047CC16B1B6C41B76C932.d.2ABDD497F960393756B0FA8A50B56BA3.e.13350/clear - {}
RESULT: {}
COMMAND: POST /session/e0f9f5aee1597ce8ab84fc4949c39ac3/element/f.16219B07342047CC16B1B6C41B76C932.d.2ABDD497F960393756B0FA8A50B56BA3.e.13350/value - {"text":"catalogItems65dc"}
COMMAND: GET /session/e0f9f5aee1597ce8ab84fc4949c39ac3/screenshot - {}
RESULT: {"text":"catalogItems65dc"}
COMMAND: GET /session/e0f9f5aee1597ce8ab84fc4949c39ac3/screenshot - {}
RESULT: {}
RESULT: {}
COMMAND: POST /session/e0f9f5aee1597ce8ab84fc4949c39ac3/actions - {"actions":[{"id":"action100","type":"key","parameters":{},"actions":[{"type":"keyDown","value":"î€‡"},{"type":"pause","duration":10},{"type":"keyUp","value":"î€‡"}]}]}
RESULT: {"actions":[{"id":"action100","type":"key","parameters":{},"actions":[{"type":"keyDown","value":"î€‡"},{"type":"pause","duration":10},{"type":"keyUp","value":"î€‡"}]}]}
COMMAND: GET /session/e0f9f5aee1597ce8ab84fc4949c39ac3/screenshot - {}
RESULT: {}
COMMAND: POST /session/e0f9f5aee1597ce8ab84fc4949c39ac3/execute/async - {"script":"<script> [1562 bytes]","args":[{"selector":{"controlType":"sap.ui.core.Icon","viewName":"etm.portal.ui.managerequests.view.NewRequest","properties":{"src":{"regex":{"source":"slim\\-arrow\\-down"}}},"ancestor":{"controlType":"sap.m.Button","viewName":"etm.portal.ui.managerequests.view.NewRequest","properties":{"icon":"sap-icon://slim-arrow-down"}}},"wdio_ui5_key":"etmportal.ui.managerequests.view.NewRequestsap.ui.core.Icon{\"src\":{\"regex\":{\"source\":\"slim\\\\-arrow\\\\-down\"}}}{\"controlType\":\"sap.m.Button\",\"viewName\":\"etm.portal.ui.managerequests.view.NewRequest\",\"properties\":{\"icon\":\"sap-icon://slim-arrow-down\"}}"}]}
RESULT: {"script":"<script> [1562 bytes]","args":[{"selector":{"controlType":"sap.ui.core.Icon","viewName":"etm.portal.ui.managerequests.view.NewRequest","properties":{"src":{"regex":{"source":"slim\\-arrow\\-down"}}},"ancestor":{"controlType":"sap.m.Button","viewName":"etm.portal.ui.managerequests.view.NewRequest","properties":{"icon":"sap-icon://slim-arrow-down"}}},"wdio_ui5_key":"etmportal.ui.managerequests.view.NewRequestsap.ui.core.Icon{\"src\":{\"regex\":{\"source\":\"slim\\\\-arrow\\\\-down\"}}}{\"controlType\":\"sap.m.Button\",\"viewName\":\"etm.portal.ui.managerequests.view.NewRequest\",\"properties\":{\"icon\":\"sap-icon://slim-arrow-down\"}}"}]}
RESULT: undefined
COMMAND: POST /session/e0f9f5aee1597ce8ab84fc4949c39ac3/element - {"using":"xpath","value":"//div[contains(@data-kt ,\"splitAllocationObjectStatus\")]"}
RESULT: {"using":"xpath","value":"//div[contains(@data-kt ,\"splitAllocationObjectStatus\")]"}
COMMAND: POST /session/e0f9f5aee1597ce8ab84fc4949c39ac3/elements - {"using":"xpath","value":"//div[contains(@data-kt ,\"splitAllocationObjectStatus\")]"}
RESULT: {"using":"xpath","value":"//div[contains(@data-kt ,\"splitAllocationObjectStatus\")]"}
COMMAND: POST /session/e0f9f5aee1597ce8ab84fc4949c39ac3/execute/async - {"script":"<script> [1562 bytes]","args":[{"selector":{"controlType":"sap.ui.core.Icon","viewName":"etm.portal.ui.managerequests.view.NewRequest","properties":{"src":{"regex":{"source":"message\\-error"}}}},"wdio_ui5_key":"etmportal.ui.managerequests.view.NewRequestsap.ui.core.Icon{\"src\":{\"regex\":{\"source\":\"message\\\\-error\"}}}"}]}
RESULT: {"script":"<script> [1562 bytes]","args":[{"selector":{"controlType":"sap.ui.core.Icon","viewName":"etm.portal.ui.managerequests.view.NewRequest","properties":{"src":{"regex":{"source":"message\\-error"}}}},"wdio_ui5_key":"etmportal.ui.managerequests.view.NewRequestsap.ui.core.Icon{\"src\":{\"regex\":{\"source\":\"message\\\\-error\"}}}"}]}
RESULT: undefined
COMMAND: POST /session/e0f9f5aee1597ce8ab84fc4949c39ac3/element - {"using":"xpath","value":"//*[@id=\"__status4-__xmlview59--requestItemsTable-0-icon\"]"}
RESULT: {"using":"xpath","value":"//*[@id=\"__status4-__xmlview59--requestItemsTable-0-icon\"]"}
COMMAND: POST /session/e0f9f5aee1597ce8ab84fc4949c39ac3/element/f.16219B07342047CC16B1B6C41B76C932.d.2ABDD497F960393756B0FA8A50B56BA3.e.13364/click - {}
RESULT: {}
COMMAND: POST /session/e0f9f5aee1597ce8ab84fc4949c39ac3/execute/async - {"script":"<script> [1562 bytes]","args":[{"selector":{"controlType":"sap.ui.core.Icon","viewName":"etm.portal.ui.managerequests.view.NewRequest","properties":{"src":{"regex":{"source":"slim\\-arrow\\-down"}}},"searchOpenDialogs":true,"ancestor":{"id":"costObjectAdminTypeComboBox","viewName":"etm.portal.ui.managerequests.view.NewRequest","searchOpenDialogs":true}},"wdio_ui5_key":"etmportal.ui.managerequests.view.NewRequestsap.ui.core.Icon{\"src\":{\"regex\":{\"source\":\"slim\\\\-arrow\\\\-down\"}}}{\"id\":\"costObjectAdminTypeComboBox\",\"viewName\":\"etm.portal.ui.managerequests.view.NewRequest\",\"searchOpenDialogs\":true}"}]}
COMMAND: GET /session/e0f9f5aee1597ce8ab84fc4949c39ac3/screenshot - {}
RESULT: {"script":"<script> [1562 bytes]","args":[{"selector":{"controlType":"sap.ui.core.Icon","viewName":"etm.portal.ui.managerequests.view.NewRequest","properties":{"src":{"regex":{"source":"slim\\-arrow\\-down"}}},"searchOpenDialogs":true,"ancestor":{"id":"costObjectAdminTypeComboBox","viewName":"etm.portal.ui.managerequests.view.NewRequest","searchOpenDialogs":true}},"wdio_ui5_key":"etmportal.ui.managerequests.view.NewRequestsap.ui.core.Icon{\"src\":{\"regex\":{\"source\":\"slim\\\\-arrow\\\\-down\"}}}{\"id\":\"costObjectAdminTypeComboBox\",\"viewName\":\"etm.portal.ui.managerequests.view.NewRequest\",\"searchOpenDialogs\":true}"}]}
RESULT: undefined
COMMAND: POST /session/e0f9f5aee1597ce8ab84fc4949c39ac3/element - {"using":"xpath","value":"//*[@id=\"__xmlview59--costObjectAdminTypeComboBox-arrow\"]"}
RESULT: {}
RESULT: {"using":"xpath","value":"//*[@id=\"__xmlview59--costObjectAdminTypeComboBox-arrow\"]"}
COMMAND: POST /session/e0f9f5aee1597ce8ab84fc4949c39ac3/element/f.16219B07342047CC16B1B6C41B76C932.d.2ABDD497F960393756B0FA8A50B56BA3.e.13369/click - {}
RESULT: {}
COMMAND: POST /session/e0f9f5aee1597ce8ab84fc4949c39ac3/execute/async - {"script":"<script> [1562 bytes]","args":[{"selector":{"controlType":"sap.m.StandardListItem","viewName":"etm.portal.ui.managerequests.view.NewRequest","properties":{"title":"Cost Center"},"searchOpenDialogs":true,"interaction":{"idSuffix":"titleText"}},"wdio_ui5_key":"etmportal.ui.managerequests.view.NewRequestsap.m.StandardListItem{\"title\":\"Cost Center\"}"}]}
COMMAND: GET /session/e0f9f5aee1597ce8ab84fc4949c39ac3/screenshot - {}
RESULT: {"script":"<script> [1562 bytes]","args":[{"selector":{"controlType":"sap.m.StandardListItem","viewName":"etm.portal.ui.managerequests.view.NewRequest","properties":{"title":"Cost Center"},"searchOpenDialogs":true,"interaction":{"idSuffix":"titleText"}},"wdio_ui5_key":"etmportal.ui.managerequests.view.NewRequestsap.m.StandardListItem{\"title\":\"Cost Center\"}"}]}
RESULT: undefined
COMMAND: POST /session/e0f9f5aee1597ce8ab84fc4949c39ac3/element - {"using":"xpath","value":"//*[@id=\"__item876\"]"}
RESULT: {}
RESULT: {"using":"xpath","value":"//*[@id=\"__item876\"]"}
COMMAND: POST /session/e0f9f5aee1597ce8ab84fc4949c39ac3/element/f.16219B07342047CC16B1B6C41B76C932.d.2ABDD497F960393756B0FA8A50B56BA3.e.13371/click - {}
RESULT: {}
COMMAND: GET /session/e0f9f5aee1597ce8ab84fc4949c39ac3/screenshot - {}
RESULT: {}
COMMAND: POST /session/e0f9f5aee1597ce8ab84fc4949c39ac3/execute/async - {"script":"<script> [1562 bytes]","args":[{"selector":{"controlType":"sap.ui.core.Icon","viewName":"etm.portal.ui.managerequests.view.NewRequest","properties":{"src":{"regex":{"source":"value\\-help"}}},"searchOpenDialogs":true},"wdio_ui5_key":"etmportal.ui.managerequests.view.NewRequestsap.ui.core.Icon{\"src\":{\"regex\":{\"source\":\"value\\\\-help\"}}}"}]}
RESULT: {"script":"<script> [1562 bytes]","args":[{"selector":{"controlType":"sap.ui.core.Icon","viewName":"etm.portal.ui.managerequests.view.NewRequest","properties":{"src":{"regex":{"source":"value\\-help"}}},"searchOpenDialogs":true},"wdio_ui5_key":"etmportal.ui.managerequests.view.NewRequestsap.ui.core.Icon{\"src\":{\"regex\":{\"source\":\"value\\\\-help\"}}}"}]}
RESULT: undefined
COMMAND: POST /session/e0f9f5aee1597ce8ab84fc4949c39ac3/element - {"using":"xpath","value":"//*[@id=\"__xmlview59--costObjectIdComboBox-vhi\"]"}
RESULT: {"using":"xpath","value":"//*[@id=\"__xmlview59--costObjectIdComboBox-vhi\"]"}
COMMAND: POST /session/e0f9f5aee1597ce8ab84fc4949c39ac3/element/f.16219B07342047CC16B1B6C41B76C932.d.2ABDD497F960393756B0FA8A50B56BA3.e.13378/click - {}
RESULT: {}
COMMAND: POST /session/e0f9f5aee1597ce8ab84fc4949c39ac3/execute/async - {"script":"<script> [1562 bytes]","args":[{"selector":{"controlType":"sap.m.SearchField","properties":{"placeholder":"Search"},"searchOpenDialogs":true,"interaction":{"idSuffix":"I"}},"wdio_ui5_key":"sapm.SearchField{\"placeholder\":\"Search\"}"}]}
COMMAND: GET /session/e0f9f5aee1597ce8ab84fc4949c39ac3/screenshot - {}
RESULT: {"script":"<script> [1562 bytes]","args":[{"selector":{"controlType":"sap.m.SearchField","properties":{"placeholder":"Search"},"searchOpenDialogs":true,"interaction":{"idSuffix":"I"}},"wdio_ui5_key":"sapm.SearchField{\"placeholder\":\"Search\"}"}]}
RESULT: undefined
COMMAND: POST /session/e0f9f5aee1597ce8ab84fc4949c39ac3/execute/async - {"script":"<script> [776 bytes]","args":[{"enterText":"10001010","selector":{"controlType":"sap.m.SearchField","properties":{"placeholder":"Search"},"searchOpenDialogs":true,"interaction":{"idSuffix":"I"}},"clearTextFirst":true,"interactionType":"ENTER_TEXT"}]}
RESULT: {}
RESULT: {"script":"<script> [776 bytes]","args":[{"enterText":"10001010","selector":{"controlType":"sap.m.SearchField","properties":{"placeholder":"Search"},"searchOpenDialogs":true,"interaction":{"idSuffix":"I"}},"clearTextFirst":true,"interactionType":"ENTER_TEXT"}]}
COMMAND: POST /session/e0f9f5aee1597ce8ab84fc4949c39ac3/actions - {"actions":[{"id":"action101","type":"key","parameters":{},"actions":[{"type":"keyDown","value":"î€‡"},{"type":"pause","duration":10},{"type":"keyUp","value":"î€‡"}]}]}
RESULT: {"actions":[{"id":"action101","type":"key","parameters":{},"actions":[{"type":"keyDown","value":"î€‡"},{"type":"pause","duration":10},{"type":"keyUp","value":"î€‡"}]}]}
COMMAND: GET /session/e0f9f5aee1597ce8ab84fc4949c39ac3/screenshot - {}
RESULT: {}
COMMAND: POST /session/e0f9f5aee1597ce8ab84fc4949c39ac3/execute/async - {"script":"<script> [1562 bytes]","args":[{"selector":{"controlType":"sap.m.Text","bindingPath":{"path":"/C_CostCtrValueHelp(CostCenter='10001010',ControllingArea='Z001')","propertyPath":"CostCenterName","modelName":"CostCenterModel"},"searchOpenDialogs":true},"wdio_ui5_key":"sapm.Text{\"path\":\"/C_CostCtrValueHelp(CostCenter='10001010',ControllingArea='Z001')\",\"propertyPath\":\"CostCenterName\",\"modelName\":\"CostCenterModel\"}"}]}
RESULT: {"script":"<script> [1562 bytes]","args":[{"selector":{"controlType":"sap.m.Text","bindingPath":{"path":"/C_CostCtrValueHelp(CostCenter='10001010',ControllingArea='Z001')","propertyPath":"CostCenterName","modelName":"CostCenterModel"},"searchOpenDialogs":true},"wdio_ui5_key":"sapm.Text{\"path\":\"/C_CostCtrValueHelp(CostCenter='10001010',ControllingArea='Z001')\",\"propertyPath\":\"CostCenterName\",\"modelName\":\"CostCenterModel\"}"}]}
RESULT: undefined
COMMAND: POST /session/e0f9f5aee1597ce8ab84fc4949c39ac3/element - {"using":"xpath","value":"//*[@id=\"__text291-__clone1014\"]"}
RESULT: {"using":"xpath","value":"//*[@id=\"__text291-__clone1014\"]"}
COMMAND: POST /session/e0f9f5aee1597ce8ab84fc4949c39ac3/element/f.16219B07342047CC16B1B6C41B76C932.d.2ABDD497F960393756B0FA8A50B56BA3.e.13418/click - {}
RESULT: {}
COMMAND: POST /session/e0f9f5aee1597ce8ab84fc4949c39ac3/execute/async - {"script":"<script> [1562 bytes]","args":[{"selector":{"controlType":"sap.m.Button","properties":{"text":"OK"},"searchOpenDialogs":true,"interaction":{"idSuffix":"BDI-content"}},"wdio_ui5_key":"sapm.Button{\"text\":\"OK\"}"}]}
COMMAND: GET /session/e0f9f5aee1597ce8ab84fc4949c39ac3/screenshot - {}
RESULT: {"script":"<script> [1562 bytes]","args":[{"selector":{"controlType":"sap.m.Button","properties":{"text":"OK"},"searchOpenDialogs":true,"interaction":{"idSuffix":"BDI-content"}},"wdio_ui5_key":"sapm.Button{\"text\":\"OK\"}"}]}
RESULT: undefined
COMMAND: POST /session/e0f9f5aee1597ce8ab84fc4949c39ac3/element - {"using":"xpath","value":"//*[@id=\"__dialog1-ok\"]"}
RESULT: {}
RESULT: {"using":"xpath","value":"//*[@id=\"__dialog1-ok\"]"}
COMMAND: POST /session/e0f9f5aee1597ce8ab84fc4949c39ac3/element/f.16219B07342047CC16B1B6C41B76C932.d.2ABDD497F960393756B0FA8A50B56BA3.e.13420/click - {}
RESULT: {}
COMMAND: GET /session/e0f9f5aee1597ce8ab84fc4949c39ac3/screenshot - {}
RESULT: {}
COMMAND: POST /session/e0f9f5aee1597ce8ab84fc4949c39ac3/execute/async - {"script":"<script> [1562 bytes]","args":[{"selector":{"controlType":"sap.m.Button","viewName":"etm.portal.ui.managerequests.view.NewRequest","i18NText":{"propertyName":"text","key":"save"},"searchOpenDialogs":true,"interaction":{"idSuffix":"BDI-content"}},"wdio_ui5_key":"etmportal.ui.managerequests.view.NewRequestsap.m.Button{\"propertyName\":\"text\",\"key\":\"save\"}"}]}
RESULT: {"script":"<script> [1562 bytes]","args":[{"selector":{"controlType":"sap.m.Button","viewName":"etm.portal.ui.managerequests.view.NewRequest","i18NText":{"propertyName":"text","key":"save"},"searchOpenDialogs":true,"interaction":{"idSuffix":"BDI-content"}},"wdio_ui5_key":"etmportal.ui.managerequests.view.NewRequestsap.m.Button{\"propertyName\":\"text\",\"key\":\"save\"}"}]}
RESULT: undefined
COMMAND: POST /session/e0f9f5aee1597ce8ab84fc4949c39ac3/element - {"using":"xpath","value":"//*[@id=\"__button24\"]"}
RESULT: {"using":"xpath","value":"//*[@id=\"__button24\"]"}
COMMAND: POST /session/e0f9f5aee1597ce8ab84fc4949c39ac3/element/f.16219B07342047CC16B1B6C41B76C932.d.2ABDD497F960393756B0FA8A50B56BA3.e.13424/click - {}
RESULT: {}
COMMAND: GET /session/e0f9f5aee1597ce8ab84fc4949c39ac3/screenshot - {}
RESULT: {}
COMMAND: POST /session/e0f9f5aee1597ce8ab84fc4949c39ac3/element - {"using":"xpath","value":"(//bdi[contains(text() ,\"Save\")])[1]"}
RESULT: {"using":"xpath","value":"(//bdi[contains(text() ,\"Save\")])[1]"}
COMMAND: POST /session/e0f9f5aee1597ce8ab84fc4949c39ac3/element/f.16219B07342047CC16B1B6C41B76C932.d.2ABDD497F960393756B0FA8A50B56BA3.e.13427/click - {}
RESULT: {}
COMMAND: GET /session/e0f9f5aee1597ce8ab84fc4949c39ac3/screenshot - {}
RESULT: {}
COMMAND: POST /session/e0f9f5aee1597ce8ab84fc4949c39ac3/execute/async - {"script":"<script> [1562 bytes]","args":[{"selector":{"controlType":"sap.m.Title","properties":{"text":"Success"},"searchOpenDialogs":true},"wdio_ui5_key":"sapm.Title{\"text\":\"Success\"}"}]}
RESULT: {"script":"<script> [1562 bytes]","args":[{"selector":{"controlType":"sap.m.Title","properties":{"text":"Success"},"searchOpenDialogs":true},"wdio_ui5_key":"sapm.Title{\"text\":\"Success\"}"}]}
RESULT: undefined
COMMAND: POST /session/e0f9f5aee1597ce8ab84fc4949c39ac3/execute/async - {"script":"<script> [6424 bytes]","args":[{"element-6066-11e4-a52e-4f735466cecf":"f.16219B07342047CC16B1B6C41B76C932.d.2ABDD497F960393756B0FA8A50B56BA3.e.13430"},"getText",[]]}
RESULT: {"script":"<script> [6424 bytes]","args":[{"element-6066-11e4-a52e-4f735466cecf":"f.16219B07342047CC16B1B6C41B76C932.d.2ABDD497F960393756B0FA8A50B56BA3.e.13430"},"getText",[]]}
COMMAND: POST /session/e0f9f5aee1597ce8ab84fc4949c39ac3/execute/async - {"script":"<script> [1562 bytes]","args":[{"selector":{"controlType":"sap.m.Button","properties":{"text":"Close"},"searchOpenDialogs":true,"interaction":{"idSuffix":"BDI-content"}},"wdio_ui5_key":"sapm.Button{\"text\":\"Close\"}"}]}
RESULT: {"script":"<script> [1562 bytes]","args":[{"selector":{"controlType":"sap.m.Button","properties":{"text":"Close"},"searchOpenDialogs":true,"interaction":{"idSuffix":"BDI-content"}},"wdio_ui5_key":"sapm.Button{\"text\":\"Close\"}"}]}
RESULT: undefined
COMMAND: POST /session/e0f9f5aee1597ce8ab84fc4949c39ac3/element - {"using":"xpath","value":"//*[@id=\"__mbox-btn-0\"]"}
RESULT: {"using":"xpath","value":"//*[@id=\"__mbox-btn-0\"]"}
COMMAND: POST /session/e0f9f5aee1597ce8ab84fc4949c39ac3/element/f.16219B07342047CC16B1B6C41B76C932.d.2ABDD497F960393756B0FA8A50B56BA3.e.13429/click - {}
RESULT: {}
COMMAND: GET /session/e0f9f5aee1597ce8ab84fc4949c39ac3/screenshot - {}
RESULT: {}
COMMAND: POST /session/e0f9f5aee1597ce8ab84fc4949c39ac3/execute/async - {"script":"<script> [1562 bytes]","args":[{"selector":{"controlType":"sap.m.Text","viewName":"etm.portal.ui.managerequests.view.Detail","bindingPath":{"propertyPath":"NO","modelName":"catalogModel"}},"wdio_ui5_key":"etmportal.ui.managerequests.view.Detailsap.m.Text{\"propertyPath\":\"NO\",\"modelName\":\"catalogModel\"}"}]}
RESULT: {"script":"<script> [1562 bytes]","args":[{"selector":{"controlType":"sap.m.Text","viewName":"etm.portal.ui.managerequests.view.Detail","bindingPath":{"propertyPath":"NO","modelName":"catalogModel"}},"wdio_ui5_key":"etmportal.ui.managerequests.view.Detailsap.m.Text{\"propertyPath\":\"NO\",\"modelName\":\"catalogModel\"}"}]}
RESULT: undefined
COMMAND: POST /session/e0f9f5aee1597ce8ab84fc4949c39ac3/execute/async - {"script":"<script> [6424 bytes]","args":[{"element-6066-11e4-a52e-4f735466cecf":"f.16219B07342047CC16B1B6C41B76C932.d.2ABDD497F960393756B0FA8A50B56BA3.e.13556"},"getText",[]]}
RESULT: {"script":"<script> [6424 bytes]","args":[{"element-6066-11e4-a52e-4f735466cecf":"f.16219B07342047CC16B1B6C41B76C932.d.2ABDD497F960393756B0FA8A50B56BA3.e.13556"},"getText",[]]}
COMMAND: POST /session/e0f9f5aee1597ce8ab84fc4949c39ac3/execute/async - {"script":"<script> [1562 bytes]","args":[{"selector":{"controlType":"sap.ui.core.Icon","viewName":"etm.portal.ui.managerequests.view.Detail","properties":{"src":{"regex":{"source":"date\\-time"}}},"ancestor":{"controlType":"sap.m.ColumnListItem","viewName":"etm.portal.ui.managerequests.view.Detail","bindingPath":{"path":"/SmartRequestItemsPlanningBoard(ITEM=10m,REQUEST='20406')"},"ancestor":{"id":"requestItemsTable","viewName":"etm.portal.ui.managerequests.view.Detail"}}},"wdio_ui5_key":"etmportal.ui.managerequests.view.Detailsap.ui.core.Icon{\"src\":{\"regex\":{\"source\":\"date\\\\-time\"}}}{\"controlType\":\"sap.m.ColumnListItem\",\"viewName\":\"etm.portal.ui.managerequests.view.Detail\",\"bindingPath\":{\"path\":\"/SmartRequestItemsPlanningBoard(ITEM=10m,REQUEST='20406')\"},\"ancestor\":{\"id\":\"requestItemsTable\",\"viewName\":\"etm.portal.ui.managerequests.view.Detail\"}}"}]}
RESULT: {"script":"<script> [1562 bytes]","args":[{"selector":{"controlType":"sap.ui.core.Icon","viewName":"etm.portal.ui.managerequests.view.Detail","properties":{"src":{"regex":{"source":"date\\-time"}}},"ancestor":{"controlType":"sap.m.ColumnListItem","viewName":"etm.portal.ui.managerequests.view.Detail","bindingPath":{"path":"/SmartRequestItemsPlanningBoard(ITEM=10m,REQUEST='20406')"},"ancestor":{"id":"requestItemsTable","viewName":"etm.portal.ui.managerequests.view.Detail"}}},"wdio_ui5_key":"etmportal.ui.managerequests.view.Detailsap.ui.core.Icon{\"src\":{\"regex\":{\"source\":\"date\\\\-time\"}}}{\"controlType\":\"sap.m.ColumnListItem\",\"viewName\":\"etm.portal.ui.managerequests.view.Detail\",\"bindingPath\":{\"path\":\"/SmartRequestItemsPlanningBoard(ITEM=10m,REQUEST='20406')\"},\"ancestor\":{\"id\":\"requestItemsTable\",\"viewName\":\"etm.portal.ui.managerequests.view.Detail\"}}"}]}
RESULT: undefined
COMMAND: POST /session/e0f9f5aee1597ce8ab84fc4949c39ac3/element - {"using":"xpath","value":"//*[@id=\"__button39-__clone1053-img\"]"}
RESULT: {"using":"xpath","value":"//*[@id=\"__button39-__clone1053-img\"]"}
COMMAND: POST /session/e0f9f5aee1597ce8ab84fc4949c39ac3/element/f.16219B07342047CC16B1B6C41B76C932.d.2ABDD497F960393756B0FA8A50B56BA3.e.13557/click - {}
RESULT: {}
COMMAND: POST /session/e0f9f5aee1597ce8ab84fc4949c39ac3/execute/async - {"script":"<script> [1562 bytes]","args":[{"selector":{"controlType":"sap.m.Button","viewName":"etm.portal.ui.managerequests.view.Detail","properties":{"text":"Close"},"searchOpenDialogs":true,"interaction":{"idSuffix":"BDI-content"}},"wdio_ui5_key":"etmportal.ui.managerequests.view.Detailsap.m.Button{\"text\":\"Close\"}"}]}
COMMAND: GET /session/e0f9f5aee1597ce8ab84fc4949c39ac3/screenshot - {}
RESULT: {"script":"<script> [1562 bytes]","args":[{"selector":{"controlType":"sap.m.Button","viewName":"etm.portal.ui.managerequests.view.Detail","properties":{"text":"Close"},"searchOpenDialogs":true,"interaction":{"idSuffix":"BDI-content"}},"wdio_ui5_key":"etmportal.ui.managerequests.view.Detailsap.m.Button{\"text\":\"Close\"}"}]}
RESULT: undefined
COMMAND: POST /session/e0f9f5aee1597ce8ab84fc4949c39ac3/element - {"using":"xpath","value":"//*[@id=\"__button49\"]"}
RESULT: {}
RESULT: {"using":"xpath","value":"//*[@id=\"__button49\"]"}
COMMAND: POST /session/e0f9f5aee1597ce8ab84fc4949c39ac3/element/f.16219B07342047CC16B1B6C41B76C932.d.2ABDD497F960393756B0FA8A50B56BA3.e.13560/click - {}
RESULT: {}
COMMAND: GET /session/e0f9f5aee1597ce8ab84fc4949c39ac3/screenshot - {}
RESULT: {}
COMMAND: POST /session/e0f9f5aee1597ce8ab84fc4949c39ac3/refresh - {}
RESULT: {}
COMMAND: GET /session/e0f9f5aee1597ce8ab84fc4949c39ac3/screenshot - {}
RESULT: {}
COMMAND: POST /session/e0f9f5aee1597ce8ab84fc4949c39ac3/execute/async - {"script":"<script> [189 bytes]","args":[]}
RESULT: {"script":"<script> [189 bytes]","args":[]}
COMMAND: POST /session/e0f9f5aee1597ce8ab84fc4949c39ac3/execute/async - {"script":"<script> [123 bytes]","args":[]}
RESULT: {"script":"<script> [123 bytes]","args":[]}
COMMAND: POST /session/e0f9f5aee1597ce8ab84fc4949c39ac3/timeouts - {"script":"<number>"}
RESULT: {"script":"<number>"}
COMMAND: GET /session/e0f9f5aee1597ce8ab84fc4949c39ac3/timeouts - {}
RESULT: {}
RESULT: undefined
COMMAND: POST /session/e0f9f5aee1597ce8ab84fc4949c39ac3/execute/async - {"script":"<script> [2676 bytes]","args":[]}
RESULT: {"script":"<script> [2676 bytes]","args":[]}
COMMAND: POST /session/e0f9f5aee1597ce8ab84fc4949c39ac3/execute/async - {"script":"<script> [2342 bytes]","args":[{"protocol":"http","hostname":"0.0.0.0","path":"/","capabilities":{"browserName":"chrome","goog:chromeOptions":{"binary":"C:\\Program Files\\Google\\Chrome\\Application\\chrome.exe","args":["--start-maximized"]}},"logLevel":"warn","connectionRetryTimeout":120000,"connectionRetryCount":3,"logLevels":{},"enableDirectConnect":true,"strictSSL":true,"_":"65 more keys: [\"cacheDir\",\"port\",\"requestedCapabilities\",\"automationProtocol\",\"baseUrl\",\"waitforInterval\",\"waitforTimeout\",\"onReload\",\"beforeCommand\",\"afterCommand\",\"rootDir\",\"specs\",\"suites\",\"exclude\",\"groupLogsByTestSpec\",\"excludeDriverLogs\",\"bail\",\"framework\",\"reporters\",\"services\",\"maxInstances\",\"maxInstancesPerCapability\",\"injectGlobals\",\"filesToWatch\",\"execArgv\",\"runnerEnv\",\"runner\",\"shard\",\"specFileRetries\",\"specFileRetriesDelay\",\"specFileRetriesDeferred\",\"reporterSyncInterval\",\"reporterSyncTimeout\",\"cucumberFeaturesWithLineNumbers\",\"autoCompileOpts\",\"mochaOpts\",\"jasmineOpts\",\"cucumberOpts\",\"onPrepare\",\"onWorkerStart\",\"onWorkerEnd\",\"before\",\"beforeSession\",\"beforeSuite\",\"beforeHook\",\"beforeTest\",\"afterTest\",\"afterHook\",\"afterSuite\",\"afterSession\",\"after\",\"onComplete\",\"beforeAssertion\",\"afterAssertion\",\"beforeFeature\",\"beforeScenario\",\"beforeStep\",\"afterStep\",\"afterScenario\",\"afterFeature\",\"_\",\"suite\",\"$0\",\"ignoredWorkerServices\",\"wdi5\"]"}]}
RESULT: {"script":"<script> [2342 bytes]","args":[{"protocol":"http","hostname":"0.0.0.0","path":"/","capabilities":{"browserName":"chrome","goog:chromeOptions":{"binary":"C:\\Program Files\\Google\\Chrome\\Application\\chrome.exe","args":["--start-maximized"]}},"logLevel":"warn","connectionRetryTimeout":120000,"connectionRetryCount":3,"logLevels":{},"enableDirectConnect":true,"strictSSL":true,"_":"65 more keys: [\"cacheDir\",\"port\",\"requestedCapabilities\",\"automationProtocol\",\"baseUrl\",\"waitforInterval\",\"waitforTimeout\",\"onReload\",\"beforeCommand\",\"afterCommand\",\"rootDir\",\"specs\",\"suites\",\"exclude\",\"groupLogsByTestSpec\",\"excludeDriverLogs\",\"bail\",\"framework\",\"reporters\",\"services\",\"maxInstances\",\"maxInstancesPerCapability\",\"injectGlobals\",\"filesToWatch\",\"execArgv\",\"runnerEnv\",\"runner\",\"shard\",\"specFileRetries\",\"specFileRetriesDelay\",\"specFileRetriesDeferred\",\"reporterSyncInterval\",\"reporterSyncTimeout\",\"cucumberFeaturesWithLineNumbers\",\"autoCompileOpts\",\"mochaOpts\",\"jasmineOpts\",\"cucumberOpts\",\"onPrepare\",\"onWorkerStart\",\"onWorkerEnd\",\"before\",\"beforeSession\",\"beforeSuite\",\"beforeHook\",\"beforeTest\",\"afterTest\",\"afterHook\",\"afterSuite\",\"afterSession\",\"after\",\"onComplete\",\"beforeAssertion\",\"afterAssertion\",\"beforeFeature\",\"beforeScenario\",\"beforeStep\",\"afterStep\",\"afterScenario\",\"afterFeature\",\"_\",\"suite\",\"$0\",\"ignoredWorkerServices\",\"wdi5\"]"}]}
COMMAND: POST /session/e0f9f5aee1597ce8ab84fc4949c39ac3/execute/async - {"script":"<script> [21126 bytes]","args":[35000]}
RESULT: {"script":"<script> [21126 bytes]","args":[35000]}
]]></system-out>
    </testcase>
  </testsuite>
</testsuites>