<?xml version="1.0" encoding="UTF-8"?>
<testsuites tests="49" failures="0" errors="0" skipped="0">
  <testsuite timestamp="2025-04-30T15:08:16" time="1659.07" tests="49" failures="0" errors="0" skipped="0">
    <properties>
      <property name="specId" value="0" />
      <property name="suiteName" value="Sanity Tests US104253" />
      <property name="capabilities" value="chrome.135_0_7049_96.windows" />
      <property name="file" value="file:///D:/a/1/s/test/specs/General/sanity.spec.js" />
    </properties>
    <testcase classname="chrome.135_0_7049_96.windows.Sanity_Tests_US104253" name="Should open Manage Partners page" time="29.464">
      <system-out><![CDATA[
COMMAND: POST /session/5e92debbff3cc6e5587d1fbec505cad2/execute/async - {"script":"<script> [1562 bytes]","args":[{"selector":{"controlType":"sap.m.GenericTile","properties":{"header":"Manage Partners"}},"wdio_ui5_key":"sapm.GenericTile{\"header\":\"Manage Partners\"}"}]}
RESULT: {"script":"<script> [1562 bytes]","args":[{"selector":{"controlType":"sap.m.GenericTile","properties":{"header":"Manage Partners"}},"wdio_ui5_key":"sapm.GenericTile{\"header\":\"Manage Partners\"}"}]}
RESULT: undefined
COMMAND: POST /session/5e92debbff3cc6e5587d1fbec505cad2/element - {"using":"xpath","value":"//*[@id=\"__tile38\"]"}
RESULT: {"using":"xpath","value":"//*[@id=\"__tile38\"]"}
COMMAND: POST /session/5e92debbff3cc6e5587d1fbec505cad2/element/f.4029F9BF6121742C63F81BE4EF1CA26F.d.248B375A5CC2A9475086883B5C101D3F.e.113/click - {}
RESULT: {}
COMMAND: GET /session/5e92debbff3cc6e5587d1fbec505cad2/screenshot - {}
RESULT: {}
RESULT: undefined
COMMAND: POST /session/5e92debbff3cc6e5587d1fbec505cad2/element - {"using":"xpath","value":"//*[@id=\"__tile38\"]"}
RESULT: {"using":"xpath","value":"//*[@id=\"__tile38\"]"}
COMMAND: POST /session/5e92debbff3cc6e5587d1fbec505cad2/element/f.4029F9BF6121742C63F81BE4EF1CA26F.d.248B375A5CC2A9475086883B5C101D3F.e.113/click - {}
RESULT: undefined
COMMAND: POST /session/5e92debbff3cc6e5587d1fbec505cad2/element - {"using":"xpath","value":"//*[@id=\"__tile38\"]"}
RESULT: {"using":"xpath","value":"//*[@id=\"__tile38\"]"}
COMMAND: POST /session/5e92debbff3cc6e5587d1fbec505cad2/element/f.4029F9BF6121742C63F81BE4EF1CA26F.d.248B375A5CC2A9475086883B5C101D3F.e.113/click - {}
COMMAND: POST /session/5e92debbff3cc6e5587d1fbec505cad2/execute/async - {"script":"<script> [1562 bytes]","args":[{"selector":{"id":"shellAppTitle"},"wdio_ui5_key":"shellAppTitle"}]}
RESULT: {"script":"<script> [1562 bytes]","args":[{"selector":{"id":"shellAppTitle"},"wdio_ui5_key":"shellAppTitle"}]}
RESULT: undefined
COMMAND: POST /session/5e92debbff3cc6e5587d1fbec505cad2/execute/async - {"script":"<script> [6424 bytes]","args":[{"element-6066-11e4-a52e-4f735466cecf":"f.4029F9BF6121742C63F81BE4EF1CA26F.d.248B375A5CC2A9475086883B5C101D3F.e.284"},"getTitle",[]]}
RESULT: {"script":"<script> [6424 bytes]","args":[{"element-6066-11e4-a52e-4f735466cecf":"f.4029F9BF6121742C63F81BE4EF1CA26F.d.248B375A5CC2A9475086883B5C101D3F.e.284"},"getTitle",[]]}
COMMAND: POST /session/5e92debbff3cc6e5587d1fbec505cad2/execute/async - {"script":"<script> [1562 bytes]","args":[{"selector":{"id":"backBtn"},"wdio_ui5_key":"backBtn"}]}
RESULT: {"script":"<script> [1562 bytes]","args":[{"selector":{"id":"backBtn"},"wdio_ui5_key":"backBtn"}]}
RESULT: undefined
COMMAND: POST /session/5e92debbff3cc6e5587d1fbec505cad2/element - {"using":"xpath","value":"//*[@id=\"backBtn\"]"}
RESULT: {"using":"xpath","value":"//*[@id=\"backBtn\"]"}
COMMAND: POST /session/5e92debbff3cc6e5587d1fbec505cad2/element/f.4029F9BF6121742C63F81BE4EF1CA26F.d.248B375A5CC2A9475086883B5C101D3F.e.287/click - {}
RESULT: {}
COMMAND: GET /session/5e92debbff3cc6e5587d1fbec505cad2/screenshot - {}
RESULT: {}
]]></system-out>
    </testcase>
    <testcase classname="chrome.135_0_7049_96.windows.Sanity_Tests_US104253" name="Should open Manage Sites page" time="33.554">
      <system-out><![CDATA[
COMMAND: POST /session/5e92debbff3cc6e5587d1fbec505cad2/execute/async - {"script":"<script> [1562 bytes]","args":[{"selector":{"controlType":"sap.m.GenericTile","properties":{"header":"Manage Sites"}},"wdio_ui5_key":"sapm.GenericTile{\"header\":\"Manage Sites\"}"}]}
RESULT: {"script":"<script> [1562 bytes]","args":[{"selector":{"controlType":"sap.m.GenericTile","properties":{"header":"Manage Sites"}},"wdio_ui5_key":"sapm.GenericTile{\"header\":\"Manage Sites\"}"}]}
RESULT: undefined
COMMAND: POST /session/5e92debbff3cc6e5587d1fbec505cad2/element - {"using":"xpath","value":"//*[@id=\"__tile40\"]"}
RESULT: {"using":"xpath","value":"//*[@id=\"__tile40\"]"}
COMMAND: POST /session/5e92debbff3cc6e5587d1fbec505cad2/element/f.4029F9BF6121742C63F81BE4EF1CA26F.d.248B375A5CC2A9475086883B5C101D3F.e.289/click - {}
RESULT: {}
COMMAND: GET /session/5e92debbff3cc6e5587d1fbec505cad2/screenshot - {}
RESULT: {}
RESULT: undefined
COMMAND: POST /session/5e92debbff3cc6e5587d1fbec505cad2/element - {"using":"xpath","value":"//*[@id=\"__tile40\"]"}
RESULT: {"using":"xpath","value":"//*[@id=\"__tile40\"]"}
COMMAND: POST /session/5e92debbff3cc6e5587d1fbec505cad2/element/f.4029F9BF6121742C63F81BE4EF1CA26F.d.248B375A5CC2A9475086883B5C101D3F.e.289/click - {}
RESULT: undefined
COMMAND: POST /session/5e92debbff3cc6e5587d1fbec505cad2/element - {"using":"xpath","value":"//*[@id=\"__tile40\"]"}
RESULT: {"using":"xpath","value":"//*[@id=\"__tile40\"]"}
COMMAND: POST /session/5e92debbff3cc6e5587d1fbec505cad2/element/f.4029F9BF6121742C63F81BE4EF1CA26F.d.248B375A5CC2A9475086883B5C101D3F.e.289/click - {}
RESULT: undefined
COMMAND: POST /session/5e92debbff3cc6e5587d1fbec505cad2/execute/async - {"script":"<script> [6424 bytes]","args":[{"element-6066-11e4-a52e-4f735466cecf":"f.4029F9BF6121742C63F81BE4EF1CA26F.d.248B375A5CC2A9475086883B5C101D3F.e.284"},"getTitle",[]]}
COMMAND: POST /session/5e92debbff3cc6e5587d1fbec505cad2/execute/async - {"script":"<script> [1562 bytes]","args":[{"selector":{"id":"shellAppTitle"},"wdio_ui5_key":"shellAppTitle"}]}
RESULT: {"script":"<script> [1562 bytes]","args":[{"selector":{"id":"shellAppTitle"},"wdio_ui5_key":"shellAppTitle"}]}
COMMAND: POST /session/5e92debbff3cc6e5587d1fbec505cad2/execute/async - {"script":"<script> [6424 bytes]","args":[{"element-6066-11e4-a52e-4f735466cecf":"f.4029F9BF6121742C63F81BE4EF1CA26F.d.248B375A5CC2A9475086883B5C101D3F.e.478"},"getTitle",[]]}
RESULT: {"script":"<script> [6424 bytes]","args":[{"element-6066-11e4-a52e-4f735466cecf":"f.4029F9BF6121742C63F81BE4EF1CA26F.d.248B375A5CC2A9475086883B5C101D3F.e.478"},"getTitle",[]]}
RESULT: undefined
COMMAND: POST /session/5e92debbff3cc6e5587d1fbec505cad2/element/f.4029F9BF6121742C63F81BE4EF1CA26F.d.248B375A5CC2A9475086883B5C101D3F.e.287/click - {}
RESULT: {}
COMMAND: GET /session/5e92debbff3cc6e5587d1fbec505cad2/screenshot - {}
RESULT: {}
]]></system-out>
    </testcase>
    <testcase classname="chrome.135_0_7049_96.windows.Sanity_Tests_US104253" name="Should open Manage Resources page" time="34.614">
      <system-out><![CDATA[
COMMAND: POST /session/5e92debbff3cc6e5587d1fbec505cad2/execute/async - {"script":"<script> [1562 bytes]","args":[{"selector":{"controlType":"sap.m.GenericTile","properties":{"header":"Manage Resources"}},"wdio_ui5_key":"sapm.GenericTile{\"header\":\"Manage Resources\"}"}]}
RESULT: {"script":"<script> [1562 bytes]","args":[{"selector":{"controlType":"sap.m.GenericTile","properties":{"header":"Manage Resources"}},"wdio_ui5_key":"sapm.GenericTile{\"header\":\"Manage Resources\"}"}]}
RESULT: undefined
COMMAND: POST /session/5e92debbff3cc6e5587d1fbec505cad2/element - {"using":"xpath","value":"//*[@id=\"__tile39\"]"}
RESULT: {"using":"xpath","value":"//*[@id=\"__tile39\"]"}
COMMAND: POST /session/5e92debbff3cc6e5587d1fbec505cad2/element/f.4029F9BF6121742C63F81BE4EF1CA26F.d.248B375A5CC2A9475086883B5C101D3F.e.480/click - {}
RESULT: {}
COMMAND: GET /session/5e92debbff3cc6e5587d1fbec505cad2/screenshot - {}
RESULT: {}
RESULT: undefined
COMMAND: POST /session/5e92debbff3cc6e5587d1fbec505cad2/element - {"using":"xpath","value":"//*[@id=\"__tile39\"]"}
RESULT: {"using":"xpath","value":"//*[@id=\"__tile39\"]"}
COMMAND: POST /session/5e92debbff3cc6e5587d1fbec505cad2/element/f.4029F9BF6121742C63F81BE4EF1CA26F.d.248B375A5CC2A9475086883B5C101D3F.e.480/click - {}
RESULT: undefined
COMMAND: POST /session/5e92debbff3cc6e5587d1fbec505cad2/element - {"using":"xpath","value":"//*[@id=\"__tile39\"]"}
RESULT: {"using":"xpath","value":"//*[@id=\"__tile39\"]"}
COMMAND: POST /session/5e92debbff3cc6e5587d1fbec505cad2/element/f.4029F9BF6121742C63F81BE4EF1CA26F.d.248B375A5CC2A9475086883B5C101D3F.e.480/click - {}
RESULT: undefined
COMMAND: POST /session/5e92debbff3cc6e5587d1fbec505cad2/execute/async - {"script":"<script> [6424 bytes]","args":[{"element-6066-11e4-a52e-4f735466cecf":"f.4029F9BF6121742C63F81BE4EF1CA26F.d.248B375A5CC2A9475086883B5C101D3F.e.284"},"getTitle",[]]}
COMMAND: POST /session/5e92debbff3cc6e5587d1fbec505cad2/execute/async - {"script":"<script> [1562 bytes]","args":[{"selector":{"id":"shellAppTitle"},"wdio_ui5_key":"shellAppTitle"}]}
RESULT: {"script":"<script> [1562 bytes]","args":[{"selector":{"id":"shellAppTitle"},"wdio_ui5_key":"shellAppTitle"}]}
COMMAND: POST /session/5e92debbff3cc6e5587d1fbec505cad2/execute/async - {"script":"<script> [6424 bytes]","args":[{"element-6066-11e4-a52e-4f735466cecf":"f.4029F9BF6121742C63F81BE4EF1CA26F.d.248B375A5CC2A9475086883B5C101D3F.e.660"},"getTitle",[]]}
RESULT: {"script":"<script> [6424 bytes]","args":[{"element-6066-11e4-a52e-4f735466cecf":"f.4029F9BF6121742C63F81BE4EF1CA26F.d.248B375A5CC2A9475086883B5C101D3F.e.660"},"getTitle",[]]}
RESULT: undefined
COMMAND: POST /session/5e92debbff3cc6e5587d1fbec505cad2/element/f.4029F9BF6121742C63F81BE4EF1CA26F.d.248B375A5CC2A9475086883B5C101D3F.e.287/click - {}
COMMAND: POST /session/5e92debbff3cc6e5587d1fbec505cad2/element - {"using":"xpath","value":"//*[@id=\"backBtn\"]"}
RESULT: {"using":"xpath","value":"//*[@id=\"backBtn\"]"}
COMMAND: POST /session/5e92debbff3cc6e5587d1fbec505cad2/element/f.4029F9BF6121742C63F81BE4EF1CA26F.d.248B375A5CC2A9475086883B5C101D3F.e.287/click - {}
COMMAND: POST /session/5e92debbff3cc6e5587d1fbec505cad2/element - {"using":"xpath","value":"//*[@id=\"backBtn\"]"}
RESULT: {"using":"xpath","value":"//*[@id=\"backBtn\"]"}
COMMAND: POST /session/5e92debbff3cc6e5587d1fbec505cad2/element/f.4029F9BF6121742C63F81BE4EF1CA26F.d.248B375A5CC2A9475086883B5C101D3F.e.661/click - {}
RESULT: {}
COMMAND: GET /session/5e92debbff3cc6e5587d1fbec505cad2/screenshot - {}
RESULT: {}
]]></system-out>
    </testcase>
    <testcase classname="chrome.135_0_7049_96.windows.Sanity_Tests_US104253" name="Should open Manage Catalogs page" time="32.138">
      <system-out><![CDATA[
COMMAND: POST /session/5e92debbff3cc6e5587d1fbec505cad2/execute/async - {"script":"<script> [1562 bytes]","args":[{"selector":{"controlType":"sap.m.GenericTile","properties":{"header":"Manage Catalogs"}},"wdio_ui5_key":"sapm.GenericTile{\"header\":\"Manage Catalogs\"}"}]}
RESULT: {"script":"<script> [1562 bytes]","args":[{"selector":{"controlType":"sap.m.GenericTile","properties":{"header":"Manage Catalogs"}},"wdio_ui5_key":"sapm.GenericTile{\"header\":\"Manage Catalogs\"}"}]}
RESULT: undefined
COMMAND: POST /session/5e92debbff3cc6e5587d1fbec505cad2/element - {"using":"xpath","value":"//*[@id=\"__tile37\"]"}
RESULT: {"using":"xpath","value":"//*[@id=\"__tile37\"]"}
COMMAND: POST /session/5e92debbff3cc6e5587d1fbec505cad2/element/f.4029F9BF6121742C63F81BE4EF1CA26F.d.248B375A5CC2A9475086883B5C101D3F.e.663/click - {}
RESULT: {}
COMMAND: GET /session/5e92debbff3cc6e5587d1fbec505cad2/screenshot - {}
RESULT: {}
RESULT: undefined
COMMAND: POST /session/5e92debbff3cc6e5587d1fbec505cad2/element - {"using":"xpath","value":"//*[@id=\"__tile37\"]"}
RESULT: {"using":"xpath","value":"//*[@id=\"__tile37\"]"}
COMMAND: POST /session/5e92debbff3cc6e5587d1fbec505cad2/element/f.4029F9BF6121742C63F81BE4EF1CA26F.d.248B375A5CC2A9475086883B5C101D3F.e.663/click - {}
RESULT: undefined
COMMAND: POST /session/5e92debbff3cc6e5587d1fbec505cad2/element - {"using":"xpath","value":"//*[@id=\"__tile37\"]"}
RESULT: {"using":"xpath","value":"//*[@id=\"__tile37\"]"}
COMMAND: POST /session/5e92debbff3cc6e5587d1fbec505cad2/element/f.4029F9BF6121742C63F81BE4EF1CA26F.d.248B375A5CC2A9475086883B5C101D3F.e.663/click - {}
RESULT: undefined
COMMAND: POST /session/5e92debbff3cc6e5587d1fbec505cad2/execute/async - {"script":"<script> [6424 bytes]","args":[{"element-6066-11e4-a52e-4f735466cecf":"f.4029F9BF6121742C63F81BE4EF1CA26F.d.248B375A5CC2A9475086883B5C101D3F.e.284"},"getTitle",[]]}
COMMAND: POST /session/5e92debbff3cc6e5587d1fbec505cad2/execute/async - {"script":"<script> [1562 bytes]","args":[{"selector":{"id":"shellAppTitle"},"wdio_ui5_key":"shellAppTitle"}]}
RESULT: {"script":"<script> [1562 bytes]","args":[{"selector":{"id":"shellAppTitle"},"wdio_ui5_key":"shellAppTitle"}]}
COMMAND: POST /session/5e92debbff3cc6e5587d1fbec505cad2/execute/async - {"script":"<script> [6424 bytes]","args":[{"element-6066-11e4-a52e-4f735466cecf":"f.4029F9BF6121742C63F81BE4EF1CA26F.d.248B375A5CC2A9475086883B5C101D3F.e.733"},"getTitle",[]]}
RESULT: {"script":"<script> [6424 bytes]","args":[{"element-6066-11e4-a52e-4f735466cecf":"f.4029F9BF6121742C63F81BE4EF1CA26F.d.248B375A5CC2A9475086883B5C101D3F.e.733"},"getTitle",[]]}
RESULT: undefined
COMMAND: POST /session/5e92debbff3cc6e5587d1fbec505cad2/element/f.4029F9BF6121742C63F81BE4EF1CA26F.d.248B375A5CC2A9475086883B5C101D3F.e.661/click - {}
RESULT: {}
COMMAND: GET /session/5e92debbff3cc6e5587d1fbec505cad2/screenshot - {}
RESULT: {}
]]></system-out>
    </testcase>
    <testcase classname="chrome.135_0_7049_96.windows.Sanity_Tests_US104253" name="Should open Manage Calendars page" time="29.551">
      <system-out><![CDATA[
COMMAND: POST /session/5e92debbff3cc6e5587d1fbec505cad2/execute/async - {"script":"<script> [1562 bytes]","args":[{"selector":{"controlType":"sap.m.GenericTile","properties":{"header":"Manage Calendars"}},"wdio_ui5_key":"sapm.GenericTile{\"header\":\"Manage Calendars\"}"}]}
RESULT: {"script":"<script> [1562 bytes]","args":[{"selector":{"controlType":"sap.m.GenericTile","properties":{"header":"Manage Calendars"}},"wdio_ui5_key":"sapm.GenericTile{\"header\":\"Manage Calendars\"}"}]}
RESULT: undefined
COMMAND: POST /session/5e92debbff3cc6e5587d1fbec505cad2/element - {"using":"xpath","value":"//*[@id=\"__tile36\"]"}
RESULT: {"using":"xpath","value":"//*[@id=\"__tile36\"]"}
COMMAND: POST /session/5e92debbff3cc6e5587d1fbec505cad2/element/f.4029F9BF6121742C63F81BE4EF1CA26F.d.248B375A5CC2A9475086883B5C101D3F.e.736/click - {}
RESULT: {}
COMMAND: GET /session/5e92debbff3cc6e5587d1fbec505cad2/screenshot - {}
RESULT: {}
RESULT: undefined
COMMAND: POST /session/5e92debbff3cc6e5587d1fbec505cad2/element - {"using":"xpath","value":"//*[@id=\"__tile36\"]"}
RESULT: {"using":"xpath","value":"//*[@id=\"__tile36\"]"}
COMMAND: POST /session/5e92debbff3cc6e5587d1fbec505cad2/element/f.4029F9BF6121742C63F81BE4EF1CA26F.d.248B375A5CC2A9475086883B5C101D3F.e.736/click - {}
RESULT: undefined
COMMAND: POST /session/5e92debbff3cc6e5587d1fbec505cad2/element - {"using":"xpath","value":"//*[@id=\"__tile36\"]"}
RESULT: {"using":"xpath","value":"//*[@id=\"__tile36\"]"}
COMMAND: POST /session/5e92debbff3cc6e5587d1fbec505cad2/element/f.4029F9BF6121742C63F81BE4EF1CA26F.d.248B375A5CC2A9475086883B5C101D3F.e.736/click - {}
RESULT: undefined
COMMAND: POST /session/5e92debbff3cc6e5587d1fbec505cad2/execute/async - {"script":"<script> [6424 bytes]","args":[{"element-6066-11e4-a52e-4f735466cecf":"f.4029F9BF6121742C63F81BE4EF1CA26F.d.248B375A5CC2A9475086883B5C101D3F.e.284"},"getTitle",[]]}
COMMAND: POST /session/5e92debbff3cc6e5587d1fbec505cad2/execute/async - {"script":"<script> [1562 bytes]","args":[{"selector":{"id":"shellAppTitle"},"wdio_ui5_key":"shellAppTitle"}]}
RESULT: {"script":"<script> [1562 bytes]","args":[{"selector":{"id":"shellAppTitle"},"wdio_ui5_key":"shellAppTitle"}]}
COMMAND: POST /session/5e92debbff3cc6e5587d1fbec505cad2/execute/async - {"script":"<script> [6424 bytes]","args":[{"element-6066-11e4-a52e-4f735466cecf":"f.4029F9BF6121742C63F81BE4EF1CA26F.d.248B375A5CC2A9475086883B5C101D3F.e.804"},"getTitle",[]]}
RESULT: {"script":"<script> [6424 bytes]","args":[{"element-6066-11e4-a52e-4f735466cecf":"f.4029F9BF6121742C63F81BE4EF1CA26F.d.248B375A5CC2A9475086883B5C101D3F.e.804"},"getTitle",[]]}
RESULT: undefined
COMMAND: POST /session/5e92debbff3cc6e5587d1fbec505cad2/element/f.4029F9BF6121742C63F81BE4EF1CA26F.d.248B375A5CC2A9475086883B5C101D3F.e.661/click - {}
COMMAND: POST /session/5e92debbff3cc6e5587d1fbec505cad2/element - {"using":"xpath","value":"//*[@id=\"backBtn\"]"}
RESULT: {"using":"xpath","value":"//*[@id=\"backBtn\"]"}
COMMAND: POST /session/5e92debbff3cc6e5587d1fbec505cad2/element/f.4029F9BF6121742C63F81BE4EF1CA26F.d.248B375A5CC2A9475086883B5C101D3F.e.661/click - {}
COMMAND: POST /session/5e92debbff3cc6e5587d1fbec505cad2/element - {"using":"xpath","value":"//*[@id=\"backBtn\"]"}
RESULT: {"using":"xpath","value":"//*[@id=\"backBtn\"]"}
COMMAND: POST /session/5e92debbff3cc6e5587d1fbec505cad2/element/f.4029F9BF6121742C63F81BE4EF1CA26F.d.248B375A5CC2A9475086883B5C101D3F.e.805/click - {}
RESULT: {}
COMMAND: GET /session/5e92debbff3cc6e5587d1fbec505cad2/screenshot - {}
RESULT: {}
]]></system-out>
    </testcase>
    <testcase classname="chrome.135_0_7049_96.windows.Sanity_Tests_US104253" name="Should open Address Management page" time="33.954">
      <system-out><![CDATA[
COMMAND: POST /session/5e92debbff3cc6e5587d1fbec505cad2/execute/async - {"script":"<script> [1562 bytes]","args":[{"selector":{"controlType":"sap.m.GenericTile","properties":{"header":"Address Management"}},"wdio_ui5_key":"sapm.GenericTile{\"header\":\"Address Management\"}"}]}
RESULT: {"script":"<script> [1562 bytes]","args":[{"selector":{"controlType":"sap.m.GenericTile","properties":{"header":"Address Management"}},"wdio_ui5_key":"sapm.GenericTile{\"header\":\"Address Management\"}"}]}
RESULT: undefined
COMMAND: POST /session/5e92debbff3cc6e5587d1fbec505cad2/element - {"using":"xpath","value":"//*[@id=\"__tile33\"]"}
RESULT: {"using":"xpath","value":"//*[@id=\"__tile33\"]"}
COMMAND: POST /session/5e92debbff3cc6e5587d1fbec505cad2/element/f.4029F9BF6121742C63F81BE4EF1CA26F.d.248B375A5CC2A9475086883B5C101D3F.e.807/click - {}
RESULT: {}
COMMAND: GET /session/5e92debbff3cc6e5587d1fbec505cad2/screenshot - {}
RESULT: {}
RESULT: undefined
COMMAND: POST /session/5e92debbff3cc6e5587d1fbec505cad2/element - {"using":"xpath","value":"//*[@id=\"__tile33\"]"}
RESULT: {"using":"xpath","value":"//*[@id=\"__tile33\"]"}
COMMAND: POST /session/5e92debbff3cc6e5587d1fbec505cad2/element/f.4029F9BF6121742C63F81BE4EF1CA26F.d.248B375A5CC2A9475086883B5C101D3F.e.807/click - {}
RESULT: undefined
COMMAND: POST /session/5e92debbff3cc6e5587d1fbec505cad2/element - {"using":"xpath","value":"//*[@id=\"__tile33\"]"}
RESULT: {"using":"xpath","value":"//*[@id=\"__tile33\"]"}
COMMAND: POST /session/5e92debbff3cc6e5587d1fbec505cad2/element/f.4029F9BF6121742C63F81BE4EF1CA26F.d.248B375A5CC2A9475086883B5C101D3F.e.807/click - {}
RESULT: undefined
COMMAND: POST /session/5e92debbff3cc6e5587d1fbec505cad2/execute/async - {"script":"<script> [6424 bytes]","args":[{"element-6066-11e4-a52e-4f735466cecf":"f.4029F9BF6121742C63F81BE4EF1CA26F.d.248B375A5CC2A9475086883B5C101D3F.e.284"},"getTitle",[]]}
COMMAND: POST /session/5e92debbff3cc6e5587d1fbec505cad2/execute/async - {"script":"<script> [1562 bytes]","args":[{"selector":{"id":"shellAppTitle"},"wdio_ui5_key":"shellAppTitle"}]}
RESULT: {"script":"<script> [1562 bytes]","args":[{"selector":{"id":"shellAppTitle"},"wdio_ui5_key":"shellAppTitle"}]}
COMMAND: POST /session/5e92debbff3cc6e5587d1fbec505cad2/execute/async - {"script":"<script> [6424 bytes]","args":[{"element-6066-11e4-a52e-4f735466cecf":"f.4029F9BF6121742C63F81BE4EF1CA26F.d.248B375A5CC2A9475086883B5C101D3F.e.1006"},"getTitle",[]]}
RESULT: {"script":"<script> [6424 bytes]","args":[{"element-6066-11e4-a52e-4f735466cecf":"f.4029F9BF6121742C63F81BE4EF1CA26F.d.248B375A5CC2A9475086883B5C101D3F.e.1006"},"getTitle",[]]}
RESULT: undefined
COMMAND: POST /session/5e92debbff3cc6e5587d1fbec505cad2/element/f.4029F9BF6121742C63F81BE4EF1CA26F.d.248B375A5CC2A9475086883B5C101D3F.e.805/click - {}
RESULT: {}
COMMAND: GET /session/5e92debbff3cc6e5587d1fbec505cad2/screenshot - {}
RESULT: {}
]]></system-out>
    </testcase>
    <testcase classname="chrome.135_0_7049_96.windows.Sanity_Tests_US104253" name="Should open Bill Of Resources page" time="31.208">
      <system-out><![CDATA[
COMMAND: POST /session/5e92debbff3cc6e5587d1fbec505cad2/execute/async - {"script":"<script> [1562 bytes]","args":[{"selector":{"controlType":"sap.m.GenericTile","properties":{"header":"Bill Of Resources"}},"wdio_ui5_key":"sapm.GenericTile{\"header\":\"Bill Of Resources\"}"}]}
RESULT: {"script":"<script> [1562 bytes]","args":[{"selector":{"controlType":"sap.m.GenericTile","properties":{"header":"Bill Of Resources"}},"wdio_ui5_key":"sapm.GenericTile{\"header\":\"Bill Of Resources\"}"}]}
RESULT: undefined
COMMAND: POST /session/5e92debbff3cc6e5587d1fbec505cad2/element - {"using":"xpath","value":"//*[@id=\"__tile34\"]"}
RESULT: {"using":"xpath","value":"//*[@id=\"__tile34\"]"}
COMMAND: POST /session/5e92debbff3cc6e5587d1fbec505cad2/element/f.4029F9BF6121742C63F81BE4EF1CA26F.d.248B375A5CC2A9475086883B5C101D3F.e.1008/click - {}
RESULT: {}
COMMAND: GET /session/5e92debbff3cc6e5587d1fbec505cad2/screenshot - {}
RESULT: {}
RESULT: undefined
COMMAND: POST /session/5e92debbff3cc6e5587d1fbec505cad2/element - {"using":"xpath","value":"//*[@id=\"__tile34\"]"}
RESULT: {"using":"xpath","value":"//*[@id=\"__tile34\"]"}
COMMAND: POST /session/5e92debbff3cc6e5587d1fbec505cad2/element/f.4029F9BF6121742C63F81BE4EF1CA26F.d.248B375A5CC2A9475086883B5C101D3F.e.1008/click - {}
RESULT: undefined
COMMAND: POST /session/5e92debbff3cc6e5587d1fbec505cad2/element - {"using":"xpath","value":"//*[@id=\"__tile34\"]"}
RESULT: {"using":"xpath","value":"//*[@id=\"__tile34\"]"}
COMMAND: POST /session/5e92debbff3cc6e5587d1fbec505cad2/element/f.4029F9BF6121742C63F81BE4EF1CA26F.d.248B375A5CC2A9475086883B5C101D3F.e.1008/click - {}
RESULT: undefined
COMMAND: POST /session/5e92debbff3cc6e5587d1fbec505cad2/execute/async - {"script":"<script> [6424 bytes]","args":[{"element-6066-11e4-a52e-4f735466cecf":"f.4029F9BF6121742C63F81BE4EF1CA26F.d.248B375A5CC2A9475086883B5C101D3F.e.284"},"getTitle",[]]}
COMMAND: POST /session/5e92debbff3cc6e5587d1fbec505cad2/execute/async - {"script":"<script> [1562 bytes]","args":[{"selector":{"id":"shellAppTitle"},"wdio_ui5_key":"shellAppTitle"}]}
RESULT: {"script":"<script> [1562 bytes]","args":[{"selector":{"id":"shellAppTitle"},"wdio_ui5_key":"shellAppTitle"}]}
COMMAND: POST /session/5e92debbff3cc6e5587d1fbec505cad2/execute/async - {"script":"<script> [6424 bytes]","args":[{"element-6066-11e4-a52e-4f735466cecf":"f.4029F9BF6121742C63F81BE4EF1CA26F.d.248B375A5CC2A9475086883B5C101D3F.e.1101"},"getTitle",[]]}
RESULT: {"script":"<script> [6424 bytes]","args":[{"element-6066-11e4-a52e-4f735466cecf":"f.4029F9BF6121742C63F81BE4EF1CA26F.d.248B375A5CC2A9475086883B5C101D3F.e.1101"},"getTitle",[]]}
RESULT: undefined
COMMAND: POST /session/5e92debbff3cc6e5587d1fbec505cad2/element/f.4029F9BF6121742C63F81BE4EF1CA26F.d.248B375A5CC2A9475086883B5C101D3F.e.805/click - {}
COMMAND: POST /session/5e92debbff3cc6e5587d1fbec505cad2/element - {"using":"xpath","value":"//*[@id=\"backBtn\"]"}
RESULT: {"using":"xpath","value":"//*[@id=\"backBtn\"]"}
COMMAND: POST /session/5e92debbff3cc6e5587d1fbec505cad2/element/f.4029F9BF6121742C63F81BE4EF1CA26F.d.248B375A5CC2A9475086883B5C101D3F.e.805/click - {}
COMMAND: POST /session/5e92debbff3cc6e5587d1fbec505cad2/element - {"using":"xpath","value":"//*[@id=\"backBtn\"]"}
RESULT: {"using":"xpath","value":"//*[@id=\"backBtn\"]"}
COMMAND: POST /session/5e92debbff3cc6e5587d1fbec505cad2/element/f.4029F9BF6121742C63F81BE4EF1CA26F.d.248B375A5CC2A9475086883B5C101D3F.e.1102/click - {}
RESULT: {}
COMMAND: GET /session/5e92debbff3cc6e5587d1fbec505cad2/screenshot - {}
RESULT: {}
]]></system-out>
    </testcase>
    <testcase classname="chrome.135_0_7049_96.windows.Sanity_Tests_US104253" name="Should open Manage Yards page" time="31.811">
      <system-out><![CDATA[
COMMAND: POST /session/5e92debbff3cc6e5587d1fbec505cad2/execute/async - {"script":"<script> [1562 bytes]","args":[{"selector":{"controlType":"sap.m.GenericTile","properties":{"header":"Manage Yards"}},"wdio_ui5_key":"sapm.GenericTile{\"header\":\"Manage Yards\"}"}]}
RESULT: {"script":"<script> [1562 bytes]","args":[{"selector":{"controlType":"sap.m.GenericTile","properties":{"header":"Manage Yards"}},"wdio_ui5_key":"sapm.GenericTile{\"header\":\"Manage Yards\"}"}]}
RESULT: undefined
COMMAND: POST /session/5e92debbff3cc6e5587d1fbec505cad2/element - {"using":"xpath","value":"//*[@id=\"__tile41\"]"}
RESULT: {"using":"xpath","value":"//*[@id=\"__tile41\"]"}
COMMAND: POST /session/5e92debbff3cc6e5587d1fbec505cad2/element/f.4029F9BF6121742C63F81BE4EF1CA26F.d.248B375A5CC2A9475086883B5C101D3F.e.1104/click - {}
RESULT: {}
COMMAND: GET /session/5e92debbff3cc6e5587d1fbec505cad2/screenshot - {}
RESULT: {}
RESULT: undefined
COMMAND: POST /session/5e92debbff3cc6e5587d1fbec505cad2/element - {"using":"xpath","value":"//*[@id=\"__tile41\"]"}
RESULT: {"using":"xpath","value":"//*[@id=\"__tile41\"]"}
COMMAND: POST /session/5e92debbff3cc6e5587d1fbec505cad2/element/f.4029F9BF6121742C63F81BE4EF1CA26F.d.248B375A5CC2A9475086883B5C101D3F.e.1104/click - {}
RESULT: undefined
COMMAND: POST /session/5e92debbff3cc6e5587d1fbec505cad2/element - {"using":"xpath","value":"//*[@id=\"__tile41\"]"}
RESULT: {"using":"xpath","value":"//*[@id=\"__tile41\"]"}
COMMAND: POST /session/5e92debbff3cc6e5587d1fbec505cad2/element/f.4029F9BF6121742C63F81BE4EF1CA26F.d.248B375A5CC2A9475086883B5C101D3F.e.1104/click - {}
RESULT: undefined
COMMAND: POST /session/5e92debbff3cc6e5587d1fbec505cad2/execute/async - {"script":"<script> [6424 bytes]","args":[{"element-6066-11e4-a52e-4f735466cecf":"f.4029F9BF6121742C63F81BE4EF1CA26F.d.248B375A5CC2A9475086883B5C101D3F.e.284"},"getTitle",[]]}
COMMAND: POST /session/5e92debbff3cc6e5587d1fbec505cad2/execute/async - {"script":"<script> [1562 bytes]","args":[{"selector":{"id":"shellAppTitle"},"wdio_ui5_key":"shellAppTitle"}]}
RESULT: {"script":"<script> [1562 bytes]","args":[{"selector":{"id":"shellAppTitle"},"wdio_ui5_key":"shellAppTitle"}]}
COMMAND: POST /session/5e92debbff3cc6e5587d1fbec505cad2/execute/async - {"script":"<script> [6424 bytes]","args":[{"element-6066-11e4-a52e-4f735466cecf":"f.4029F9BF6121742C63F81BE4EF1CA26F.d.248B375A5CC2A9475086883B5C101D3F.e.1422"},"getTitle",[]]}
RESULT: {"script":"<script> [6424 bytes]","args":[{"element-6066-11e4-a52e-4f735466cecf":"f.4029F9BF6121742C63F81BE4EF1CA26F.d.248B375A5CC2A9475086883B5C101D3F.e.1422"},"getTitle",[]]}
RESULT: undefined
COMMAND: POST /session/5e92debbff3cc6e5587d1fbec505cad2/element/f.4029F9BF6121742C63F81BE4EF1CA26F.d.248B375A5CC2A9475086883B5C101D3F.e.1102/click - {}
RESULT: {}
COMMAND: GET /session/5e92debbff3cc6e5587d1fbec505cad2/screenshot - {}
RESULT: {}
]]></system-out>
    </testcase>
    <testcase classname="chrome.135_0_7049_96.windows.Sanity_Tests_US104253" name="Should open Manage Requests page" time="31.914">
      <system-out><![CDATA[
COMMAND: POST /session/5e92debbff3cc6e5587d1fbec505cad2/execute/async - {"script":"<script> [1562 bytes]","args":[{"selector":{"controlType":"sap.m.GenericTile","properties":{"header":"Manage Requests"}},"wdio_ui5_key":"sapm.GenericTile{\"header\":\"Manage Requests\"}"}]}
RESULT: {"script":"<script> [1562 bytes]","args":[{"selector":{"controlType":"sap.m.GenericTile","properties":{"header":"Manage Requests"}},"wdio_ui5_key":"sapm.GenericTile{\"header\":\"Manage Requests\"}"}]}
RESULT: undefined
COMMAND: POST /session/5e92debbff3cc6e5587d1fbec505cad2/element - {"using":"xpath","value":"//*[@id=\"__tile47\"]"}
RESULT: {"using":"xpath","value":"//*[@id=\"__tile47\"]"}
COMMAND: POST /session/5e92debbff3cc6e5587d1fbec505cad2/element/f.4029F9BF6121742C63F81BE4EF1CA26F.d.248B375A5CC2A9475086883B5C101D3F.e.1424/click - {}
RESULT: {}
COMMAND: GET /session/5e92debbff3cc6e5587d1fbec505cad2/screenshot - {}
RESULT: {}
RESULT: undefined
COMMAND: POST /session/5e92debbff3cc6e5587d1fbec505cad2/element - {"using":"xpath","value":"//*[@id=\"__tile47\"]"}
RESULT: {"using":"xpath","value":"//*[@id=\"__tile47\"]"}
COMMAND: POST /session/5e92debbff3cc6e5587d1fbec505cad2/element/f.4029F9BF6121742C63F81BE4EF1CA26F.d.248B375A5CC2A9475086883B5C101D3F.e.1424/click - {}
RESULT: undefined
COMMAND: POST /session/5e92debbff3cc6e5587d1fbec505cad2/element - {"using":"xpath","value":"//*[@id=\"__tile47\"]"}
RESULT: {"using":"xpath","value":"//*[@id=\"__tile47\"]"}
COMMAND: POST /session/5e92debbff3cc6e5587d1fbec505cad2/element/f.4029F9BF6121742C63F81BE4EF1CA26F.d.248B375A5CC2A9475086883B5C101D3F.e.1424/click - {}
RESULT: undefined
COMMAND: POST /session/5e92debbff3cc6e5587d1fbec505cad2/execute/async - {"script":"<script> [6424 bytes]","args":[{"element-6066-11e4-a52e-4f735466cecf":"f.4029F9BF6121742C63F81BE4EF1CA26F.d.248B375A5CC2A9475086883B5C101D3F.e.284"},"getTitle",[]]}
COMMAND: POST /session/5e92debbff3cc6e5587d1fbec505cad2/execute/async - {"script":"<script> [1562 bytes]","args":[{"selector":{"id":"shellAppTitle"},"wdio_ui5_key":"shellAppTitle"}]}
RESULT: {"script":"<script> [1562 bytes]","args":[{"selector":{"id":"shellAppTitle"},"wdio_ui5_key":"shellAppTitle"}]}
COMMAND: POST /session/5e92debbff3cc6e5587d1fbec505cad2/execute/async - {"script":"<script> [6424 bytes]","args":[{"element-6066-11e4-a52e-4f735466cecf":"f.4029F9BF6121742C63F81BE4EF1CA26F.d.248B375A5CC2A9475086883B5C101D3F.e.1523"},"getTitle",[]]}
RESULT: {"script":"<script> [6424 bytes]","args":[{"element-6066-11e4-a52e-4f735466cecf":"f.4029F9BF6121742C63F81BE4EF1CA26F.d.248B375A5CC2A9475086883B5C101D3F.e.1523"},"getTitle",[]]}
RESULT: undefined
COMMAND: POST /session/5e92debbff3cc6e5587d1fbec505cad2/element/f.4029F9BF6121742C63F81BE4EF1CA26F.d.248B375A5CC2A9475086883B5C101D3F.e.1102/click - {}
COMMAND: POST /session/5e92debbff3cc6e5587d1fbec505cad2/element - {"using":"xpath","value":"//*[@id=\"backBtn\"]"}
RESULT: {"using":"xpath","value":"//*[@id=\"backBtn\"]"}
COMMAND: POST /session/5e92debbff3cc6e5587d1fbec505cad2/element/f.4029F9BF6121742C63F81BE4EF1CA26F.d.248B375A5CC2A9475086883B5C101D3F.e.1102/click - {}
COMMAND: POST /session/5e92debbff3cc6e5587d1fbec505cad2/element - {"using":"xpath","value":"//*[@id=\"backBtn\"]"}
RESULT: {"using":"xpath","value":"//*[@id=\"backBtn\"]"}
COMMAND: POST /session/5e92debbff3cc6e5587d1fbec505cad2/element/f.4029F9BF6121742C63F81BE4EF1CA26F.d.248B375A5CC2A9475086883B5C101D3F.e.1524/click - {}
RESULT: {}
COMMAND: GET /session/5e92debbff3cc6e5587d1fbec505cad2/screenshot - {}
RESULT: {}
]]></system-out>
    </testcase>
    <testcase classname="chrome.135_0_7049_96.windows.Sanity_Tests_US104253" name="Should open Manage Purchasing page" time="31.399">
      <system-out><![CDATA[
COMMAND: POST /session/5e92debbff3cc6e5587d1fbec505cad2/execute/async - {"script":"<script> [1562 bytes]","args":[{"selector":{"controlType":"sap.m.GenericTile","properties":{"header":"Manage Purchasing"}},"wdio_ui5_key":"sapm.GenericTile{\"header\":\"Manage Purchasing\"}"}]}
RESULT: {"script":"<script> [1562 bytes]","args":[{"selector":{"controlType":"sap.m.GenericTile","properties":{"header":"Manage Purchasing"}},"wdio_ui5_key":"sapm.GenericTile{\"header\":\"Manage Purchasing\"}"}]}
RESULT: undefined
COMMAND: POST /session/5e92debbff3cc6e5587d1fbec505cad2/element - {"using":"xpath","value":"//*[@id=\"__tile46\"]"}
RESULT: {"using":"xpath","value":"//*[@id=\"__tile46\"]"}
COMMAND: POST /session/5e92debbff3cc6e5587d1fbec505cad2/element/f.4029F9BF6121742C63F81BE4EF1CA26F.d.248B375A5CC2A9475086883B5C101D3F.e.1527/click - {}
RESULT: {}
COMMAND: GET /session/5e92debbff3cc6e5587d1fbec505cad2/screenshot - {}
RESULT: {}
RESULT: undefined
COMMAND: POST /session/5e92debbff3cc6e5587d1fbec505cad2/element - {"using":"xpath","value":"//*[@id=\"__tile46\"]"}
RESULT: {"using":"xpath","value":"//*[@id=\"__tile46\"]"}
COMMAND: POST /session/5e92debbff3cc6e5587d1fbec505cad2/element/f.4029F9BF6121742C63F81BE4EF1CA26F.d.248B375A5CC2A9475086883B5C101D3F.e.1527/click - {}
RESULT: undefined
COMMAND: POST /session/5e92debbff3cc6e5587d1fbec505cad2/element - {"using":"xpath","value":"//*[@id=\"__tile46\"]"}
RESULT: {"using":"xpath","value":"//*[@id=\"__tile46\"]"}
COMMAND: POST /session/5e92debbff3cc6e5587d1fbec505cad2/element/f.4029F9BF6121742C63F81BE4EF1CA26F.d.248B375A5CC2A9475086883B5C101D3F.e.1527/click - {}
RESULT: undefined
COMMAND: POST /session/5e92debbff3cc6e5587d1fbec505cad2/execute/async - {"script":"<script> [6424 bytes]","args":[{"element-6066-11e4-a52e-4f735466cecf":"f.4029F9BF6121742C63F81BE4EF1CA26F.d.248B375A5CC2A9475086883B5C101D3F.e.284"},"getTitle",[]]}
COMMAND: POST /session/5e92debbff3cc6e5587d1fbec505cad2/execute/async - {"script":"<script> [1562 bytes]","args":[{"selector":{"id":"shellAppTitle"},"wdio_ui5_key":"shellAppTitle"}]}
RESULT: {"script":"<script> [1562 bytes]","args":[{"selector":{"id":"shellAppTitle"},"wdio_ui5_key":"shellAppTitle"}]}
COMMAND: POST /session/5e92debbff3cc6e5587d1fbec505cad2/execute/async - {"script":"<script> [6424 bytes]","args":[{"element-6066-11e4-a52e-4f735466cecf":"f.4029F9BF6121742C63F81BE4EF1CA26F.d.248B375A5CC2A9475086883B5C101D3F.e.1608"},"getTitle",[]]}
RESULT: {"script":"<script> [6424 bytes]","args":[{"element-6066-11e4-a52e-4f735466cecf":"f.4029F9BF6121742C63F81BE4EF1CA26F.d.248B375A5CC2A9475086883B5C101D3F.e.1608"},"getTitle",[]]}
RESULT: undefined
COMMAND: POST /session/5e92debbff3cc6e5587d1fbec505cad2/element/f.4029F9BF6121742C63F81BE4EF1CA26F.d.248B375A5CC2A9475086883B5C101D3F.e.1524/click - {}
RESULT: {}
COMMAND: GET /session/5e92debbff3cc6e5587d1fbec505cad2/screenshot - {}
RESULT: {}
]]></system-out>
    </testcase>
    <testcase classname="chrome.135_0_7049_96.windows.Sanity_Tests_US104253" name="Should open Planning Board page" time="31.574">
      <system-out><![CDATA[
COMMAND: POST /session/5e92debbff3cc6e5587d1fbec505cad2/execute/async - {"script":"<script> [1562 bytes]","args":[{"selector":{"controlType":"sap.m.GenericTile","properties":{"header":"Planning Board"}},"wdio_ui5_key":"sapm.GenericTile{\"header\":\"Planning Board\"}"}]}
RESULT: {"script":"<script> [1562 bytes]","args":[{"selector":{"controlType":"sap.m.GenericTile","properties":{"header":"Planning Board"}},"wdio_ui5_key":"sapm.GenericTile{\"header\":\"Planning Board\"}"}]}
RESULT: undefined
COMMAND: POST /session/5e92debbff3cc6e5587d1fbec505cad2/element - {"using":"xpath","value":"//*[@id=\"__tile131\"]"}
RESULT: {"using":"xpath","value":"//*[@id=\"__tile131\"]"}
COMMAND: POST /session/5e92debbff3cc6e5587d1fbec505cad2/element/f.4029F9BF6121742C63F81BE4EF1CA26F.d.248B375A5CC2A9475086883B5C101D3F.e.1610/click - {}
RESULT: {}
COMMAND: GET /session/5e92debbff3cc6e5587d1fbec505cad2/screenshot - {}
RESULT: {}
RESULT: undefined
COMMAND: POST /session/5e92debbff3cc6e5587d1fbec505cad2/element - {"using":"xpath","value":"//*[@id=\"__tile131\"]"}
RESULT: {"using":"xpath","value":"//*[@id=\"__tile131\"]"}
COMMAND: POST /session/5e92debbff3cc6e5587d1fbec505cad2/element/f.4029F9BF6121742C63F81BE4EF1CA26F.d.248B375A5CC2A9475086883B5C101D3F.e.1610/click - {}
RESULT: undefined
COMMAND: POST /session/5e92debbff3cc6e5587d1fbec505cad2/element - {"using":"xpath","value":"//*[@id=\"__tile131\"]"}
RESULT: {"using":"xpath","value":"//*[@id=\"__tile131\"]"}
COMMAND: POST /session/5e92debbff3cc6e5587d1fbec505cad2/element/f.4029F9BF6121742C63F81BE4EF1CA26F.d.248B375A5CC2A9475086883B5C101D3F.e.1610/click - {}
RESULT: undefined
COMMAND: POST /session/5e92debbff3cc6e5587d1fbec505cad2/execute/async - {"script":"<script> [6424 bytes]","args":[{"element-6066-11e4-a52e-4f735466cecf":"f.4029F9BF6121742C63F81BE4EF1CA26F.d.248B375A5CC2A9475086883B5C101D3F.e.284"},"getTitle",[]]}
COMMAND: POST /session/5e92debbff3cc6e5587d1fbec505cad2/execute/async - {"script":"<script> [1562 bytes]","args":[{"selector":{"id":"shellAppTitle"},"wdio_ui5_key":"shellAppTitle"}]}
RESULT: {"script":"<script> [1562 bytes]","args":[{"selector":{"id":"shellAppTitle"},"wdio_ui5_key":"shellAppTitle"}]}
COMMAND: POST /session/5e92debbff3cc6e5587d1fbec505cad2/execute/async - {"script":"<script> [6424 bytes]","args":[{"element-6066-11e4-a52e-4f735466cecf":"f.4029F9BF6121742C63F81BE4EF1CA26F.d.248B375A5CC2A9475086883B5C101D3F.e.1658"},"getTitle",[]]}
RESULT: {"script":"<script> [6424 bytes]","args":[{"element-6066-11e4-a52e-4f735466cecf":"f.4029F9BF6121742C63F81BE4EF1CA26F.d.248B375A5CC2A9475086883B5C101D3F.e.1658"},"getTitle",[]]}
RESULT: undefined
COMMAND: POST /session/5e92debbff3cc6e5587d1fbec505cad2/element/f.4029F9BF6121742C63F81BE4EF1CA26F.d.248B375A5CC2A9475086883B5C101D3F.e.1524/click - {}
COMMAND: POST /session/5e92debbff3cc6e5587d1fbec505cad2/element/f.4029F9BF6121742C63F81BE4EF1CA26F.d.248B375A5CC2A9475086883B5C101D3F.e.1524/click - {}
COMMAND: POST /session/5e92debbff3cc6e5587d1fbec505cad2/element - {"using":"xpath","value":"//*[@id=\"backBtn\"]"}
COMMAND: POST /session/5e92debbff3cc6e5587d1fbec505cad2/element - {"using":"xpath","value":"//*[@id=\"backBtn\"]"}
RESULT: {"using":"xpath","value":"//*[@id=\"backBtn\"]"}
COMMAND: POST /session/5e92debbff3cc6e5587d1fbec505cad2/element/f.4029F9BF6121742C63F81BE4EF1CA26F.d.248B375A5CC2A9475086883B5C101D3F.e.1524/click - {}
RESULT: {"using":"xpath","value":"//*[@id=\"backBtn\"]"}
COMMAND: POST /session/5e92debbff3cc6e5587d1fbec505cad2/element/f.4029F9BF6121742C63F81BE4EF1CA26F.d.248B375A5CC2A9475086883B5C101D3F.e.1524/click - {}
COMMAND: POST /session/5e92debbff3cc6e5587d1fbec505cad2/element - {"using":"xpath","value":"//*[@id=\"backBtn\"]"}
COMMAND: POST /session/5e92debbff3cc6e5587d1fbec505cad2/element - {"using":"xpath","value":"//*[@id=\"backBtn\"]"}
RESULT: {"using":"xpath","value":"//*[@id=\"backBtn\"]"}
COMMAND: POST /session/5e92debbff3cc6e5587d1fbec505cad2/element/f.4029F9BF6121742C63F81BE4EF1CA26F.d.248B375A5CC2A9475086883B5C101D3F.e.1659/click - {}
RESULT: {"using":"xpath","value":"//*[@id=\"backBtn\"]"}
COMMAND: POST /session/5e92debbff3cc6e5587d1fbec505cad2/element/f.4029F9BF6121742C63F81BE4EF1CA26F.d.248B375A5CC2A9475086883B5C101D3F.e.1659/click - {}
RESULT: {}
COMMAND: GET /session/5e92debbff3cc6e5587d1fbec505cad2/screenshot - {}
RESULT: {}
COMMAND: GET /session/5e92debbff3cc6e5587d1fbec505cad2/screenshot - {}
RESULT: {}
RESULT: {}
]]></system-out>
    </testcase>
    <testcase classname="chrome.135_0_7049_96.windows.Sanity_Tests_US104253" name="Should open Manage Contracts page" time="32.4">
      <system-out><![CDATA[
COMMAND: POST /session/5e92debbff3cc6e5587d1fbec505cad2/execute/async - {"script":"<script> [1562 bytes]","args":[{"selector":{"controlType":"sap.m.GenericTile","properties":{"header":"Manage Contracts"}},"wdio_ui5_key":"sapm.GenericTile{\"header\":\"Manage Contracts\"}"}]}
RESULT: {"script":"<script> [1562 bytes]","args":[{"selector":{"controlType":"sap.m.GenericTile","properties":{"header":"Manage Contracts"}},"wdio_ui5_key":"sapm.GenericTile{\"header\":\"Manage Contracts\"}"}]}
RESULT: undefined
COMMAND: POST /session/5e92debbff3cc6e5587d1fbec505cad2/element - {"using":"xpath","value":"//*[@id=\"__tile132\"]"}
RESULT: {"using":"xpath","value":"//*[@id=\"__tile132\"]"}
COMMAND: POST /session/5e92debbff3cc6e5587d1fbec505cad2/element/f.4029F9BF6121742C63F81BE4EF1CA26F.d.248B375A5CC2A9475086883B5C101D3F.e.1661/click - {}
RESULT: {}
COMMAND: GET /session/5e92debbff3cc6e5587d1fbec505cad2/screenshot - {}
RESULT: {}
RESULT: undefined
COMMAND: POST /session/5e92debbff3cc6e5587d1fbec505cad2/element - {"using":"xpath","value":"//*[@id=\"__tile132\"]"}
RESULT: {"using":"xpath","value":"//*[@id=\"__tile132\"]"}
COMMAND: POST /session/5e92debbff3cc6e5587d1fbec505cad2/element/f.4029F9BF6121742C63F81BE4EF1CA26F.d.248B375A5CC2A9475086883B5C101D3F.e.1661/click - {}
RESULT: undefined
COMMAND: POST /session/5e92debbff3cc6e5587d1fbec505cad2/element - {"using":"xpath","value":"//*[@id=\"__tile132\"]"}
RESULT: {"using":"xpath","value":"//*[@id=\"__tile132\"]"}
COMMAND: POST /session/5e92debbff3cc6e5587d1fbec505cad2/element/f.4029F9BF6121742C63F81BE4EF1CA26F.d.248B375A5CC2A9475086883B5C101D3F.e.1661/click - {}
RESULT: undefined
COMMAND: POST /session/5e92debbff3cc6e5587d1fbec505cad2/execute/async - {"script":"<script> [6424 bytes]","args":[{"element-6066-11e4-a52e-4f735466cecf":"f.4029F9BF6121742C63F81BE4EF1CA26F.d.248B375A5CC2A9475086883B5C101D3F.e.284"},"getTitle",[]]}
COMMAND: POST /session/5e92debbff3cc6e5587d1fbec505cad2/execute/async - {"script":"<script> [1562 bytes]","args":[{"selector":{"id":"shellAppTitle"},"wdio_ui5_key":"shellAppTitle"}]}
RESULT: {"script":"<script> [1562 bytes]","args":[{"selector":{"id":"shellAppTitle"},"wdio_ui5_key":"shellAppTitle"}]}
COMMAND: POST /session/5e92debbff3cc6e5587d1fbec505cad2/execute/async - {"script":"<script> [6424 bytes]","args":[{"element-6066-11e4-a52e-4f735466cecf":"f.4029F9BF6121742C63F81BE4EF1CA26F.d.248B375A5CC2A9475086883B5C101D3F.e.1725"},"getTitle",[]]}
RESULT: {"script":"<script> [6424 bytes]","args":[{"element-6066-11e4-a52e-4f735466cecf":"f.4029F9BF6121742C63F81BE4EF1CA26F.d.248B375A5CC2A9475086883B5C101D3F.e.1725"},"getTitle",[]]}
RESULT: undefined
COMMAND: POST /session/5e92debbff3cc6e5587d1fbec505cad2/element/f.4029F9BF6121742C63F81BE4EF1CA26F.d.248B375A5CC2A9475086883B5C101D3F.e.1659/click - {}
RESULT: {}
COMMAND: GET /session/5e92debbff3cc6e5587d1fbec505cad2/screenshot - {}
RESULT: {}
]]></system-out>
    </testcase>
    <testcase classname="chrome.135_0_7049_96.windows.Sanity_Tests_US104253" name="Should open Manage Quotations page" time="30.78">
      <system-out><![CDATA[
COMMAND: POST /session/5e92debbff3cc6e5587d1fbec505cad2/execute/async - {"script":"<script> [1562 bytes]","args":[{"selector":{"controlType":"sap.m.GenericTile","properties":{"header":"Manage Quotations"}},"wdio_ui5_key":"sapm.GenericTile{\"header\":\"Manage Quotations\"}"}]}
RESULT: {"script":"<script> [1562 bytes]","args":[{"selector":{"controlType":"sap.m.GenericTile","properties":{"header":"Manage Quotations"}},"wdio_ui5_key":"sapm.GenericTile{\"header\":\"Manage Quotations\"}"}]}
RESULT: undefined
COMMAND: POST /session/5e92debbff3cc6e5587d1fbec505cad2/element - {"using":"xpath","value":"//*[@id=\"__tile130\"]"}
RESULT: {"using":"xpath","value":"//*[@id=\"__tile130\"]"}
COMMAND: POST /session/5e92debbff3cc6e5587d1fbec505cad2/element/f.4029F9BF6121742C63F81BE4EF1CA26F.d.248B375A5CC2A9475086883B5C101D3F.e.1727/click - {}
RESULT: {}
COMMAND: GET /session/5e92debbff3cc6e5587d1fbec505cad2/screenshot - {}
RESULT: {}
RESULT: undefined
COMMAND: POST /session/5e92debbff3cc6e5587d1fbec505cad2/element - {"using":"xpath","value":"//*[@id=\"__tile130\"]"}
RESULT: {"using":"xpath","value":"//*[@id=\"__tile130\"]"}
COMMAND: POST /session/5e92debbff3cc6e5587d1fbec505cad2/element/f.4029F9BF6121742C63F81BE4EF1CA26F.d.248B375A5CC2A9475086883B5C101D3F.e.1727/click - {}
RESULT: undefined
COMMAND: POST /session/5e92debbff3cc6e5587d1fbec505cad2/element - {"using":"xpath","value":"//*[@id=\"__tile130\"]"}
RESULT: {"using":"xpath","value":"//*[@id=\"__tile130\"]"}
COMMAND: POST /session/5e92debbff3cc6e5587d1fbec505cad2/element/f.4029F9BF6121742C63F81BE4EF1CA26F.d.248B375A5CC2A9475086883B5C101D3F.e.1727/click - {}
RESULT: undefined
COMMAND: POST /session/5e92debbff3cc6e5587d1fbec505cad2/execute/async - {"script":"<script> [6424 bytes]","args":[{"element-6066-11e4-a52e-4f735466cecf":"f.4029F9BF6121742C63F81BE4EF1CA26F.d.248B375A5CC2A9475086883B5C101D3F.e.284"},"getTitle",[]]}
COMMAND: POST /session/5e92debbff3cc6e5587d1fbec505cad2/execute/async - {"script":"<script> [1562 bytes]","args":[{"selector":{"id":"shellAppTitle"},"wdio_ui5_key":"shellAppTitle"}]}
RESULT: {"script":"<script> [1562 bytes]","args":[{"selector":{"id":"shellAppTitle"},"wdio_ui5_key":"shellAppTitle"}]}
COMMAND: POST /session/5e92debbff3cc6e5587d1fbec505cad2/execute/async - {"script":"<script> [6424 bytes]","args":[{"element-6066-11e4-a52e-4f735466cecf":"f.4029F9BF6121742C63F81BE4EF1CA26F.d.248B375A5CC2A9475086883B5C101D3F.e.1822"},"getTitle",[]]}
RESULT: {"script":"<script> [6424 bytes]","args":[{"element-6066-11e4-a52e-4f735466cecf":"f.4029F9BF6121742C63F81BE4EF1CA26F.d.248B375A5CC2A9475086883B5C101D3F.e.1822"},"getTitle",[]]}
RESULT: undefined
COMMAND: POST /session/5e92debbff3cc6e5587d1fbec505cad2/element/f.4029F9BF6121742C63F81BE4EF1CA26F.d.248B375A5CC2A9475086883B5C101D3F.e.1659/click - {}
COMMAND: POST /session/5e92debbff3cc6e5587d1fbec505cad2/element - {"using":"xpath","value":"//*[@id=\"backBtn\"]"}
RESULT: {"using":"xpath","value":"//*[@id=\"backBtn\"]"}
COMMAND: POST /session/5e92debbff3cc6e5587d1fbec505cad2/element/f.4029F9BF6121742C63F81BE4EF1CA26F.d.248B375A5CC2A9475086883B5C101D3F.e.1659/click - {}
COMMAND: POST /session/5e92debbff3cc6e5587d1fbec505cad2/element - {"using":"xpath","value":"//*[@id=\"backBtn\"]"}
RESULT: {"using":"xpath","value":"//*[@id=\"backBtn\"]"}
COMMAND: POST /session/5e92debbff3cc6e5587d1fbec505cad2/element/f.4029F9BF6121742C63F81BE4EF1CA26F.d.248B375A5CC2A9475086883B5C101D3F.e.1823/click - {}
RESULT: {}
COMMAND: GET /session/5e92debbff3cc6e5587d1fbec505cad2/screenshot - {}
RESULT: {}
]]></system-out>
    </testcase>
    <testcase classname="chrome.135_0_7049_96.windows.Sanity_Tests_US104253" name="Should open Manage Handovers page" time="34.164">
      <system-out><![CDATA[
COMMAND: POST /session/5e92debbff3cc6e5587d1fbec505cad2/execute/async - {"script":"<script> [1562 bytes]","args":[{"selector":{"controlType":"sap.m.GenericTile","properties":{"header":"Manage Handovers"}},"wdio_ui5_key":"sapm.GenericTile{\"header\":\"Manage Handovers\"}"}]}
RESULT: {"script":"<script> [1562 bytes]","args":[{"selector":{"controlType":"sap.m.GenericTile","properties":{"header":"Manage Handovers"}},"wdio_ui5_key":"sapm.GenericTile{\"header\":\"Manage Handovers\"}"}]}
RESULT: undefined
COMMAND: POST /session/5e92debbff3cc6e5587d1fbec505cad2/element - {"using":"xpath","value":"//*[@id=\"__tile133\"]"}
RESULT: {"using":"xpath","value":"//*[@id=\"__tile133\"]"}
COMMAND: POST /session/5e92debbff3cc6e5587d1fbec505cad2/element/f.4029F9BF6121742C63F81BE4EF1CA26F.d.248B375A5CC2A9475086883B5C101D3F.e.1825/click - {}
RESULT: {}
COMMAND: GET /session/5e92debbff3cc6e5587d1fbec505cad2/screenshot - {}
RESULT: {}
RESULT: undefined
COMMAND: POST /session/5e92debbff3cc6e5587d1fbec505cad2/element - {"using":"xpath","value":"//*[@id=\"__tile133\"]"}
RESULT: {"using":"xpath","value":"//*[@id=\"__tile133\"]"}
COMMAND: POST /session/5e92debbff3cc6e5587d1fbec505cad2/element/f.4029F9BF6121742C63F81BE4EF1CA26F.d.248B375A5CC2A9475086883B5C101D3F.e.1825/click - {}
RESULT: undefined
COMMAND: POST /session/5e92debbff3cc6e5587d1fbec505cad2/element - {"using":"xpath","value":"//*[@id=\"__tile133\"]"}
RESULT: {"using":"xpath","value":"//*[@id=\"__tile133\"]"}
COMMAND: POST /session/5e92debbff3cc6e5587d1fbec505cad2/element/f.4029F9BF6121742C63F81BE4EF1CA26F.d.248B375A5CC2A9475086883B5C101D3F.e.1825/click - {}
RESULT: undefined
COMMAND: POST /session/5e92debbff3cc6e5587d1fbec505cad2/execute/async - {"script":"<script> [6424 bytes]","args":[{"element-6066-11e4-a52e-4f735466cecf":"f.4029F9BF6121742C63F81BE4EF1CA26F.d.248B375A5CC2A9475086883B5C101D3F.e.284"},"getTitle",[]]}
COMMAND: POST /session/5e92debbff3cc6e5587d1fbec505cad2/execute/async - {"script":"<script> [1562 bytes]","args":[{"selector":{"id":"shellAppTitle"},"wdio_ui5_key":"shellAppTitle"}]}
RESULT: {"script":"<script> [1562 bytes]","args":[{"selector":{"id":"shellAppTitle"},"wdio_ui5_key":"shellAppTitle"}]}
COMMAND: POST /session/5e92debbff3cc6e5587d1fbec505cad2/execute/async - {"script":"<script> [6424 bytes]","args":[{"element-6066-11e4-a52e-4f735466cecf":"f.4029F9BF6121742C63F81BE4EF1CA26F.d.248B375A5CC2A9475086883B5C101D3F.e.1924"},"getTitle",[]]}
RESULT: {"script":"<script> [6424 bytes]","args":[{"element-6066-11e4-a52e-4f735466cecf":"f.4029F9BF6121742C63F81BE4EF1CA26F.d.248B375A5CC2A9475086883B5C101D3F.e.1924"},"getTitle",[]]}
RESULT: undefined
COMMAND: POST /session/5e92debbff3cc6e5587d1fbec505cad2/element/f.4029F9BF6121742C63F81BE4EF1CA26F.d.248B375A5CC2A9475086883B5C101D3F.e.1823/click - {}
RESULT: {}
COMMAND: GET /session/5e92debbff3cc6e5587d1fbec505cad2/screenshot - {}
RESULT: {}
]]></system-out>
    </testcase>
    <testcase classname="chrome.135_0_7049_96.windows.Sanity_Tests_US104253" name="Should open Delivery Monitor page" time="34.347">
      <system-out><![CDATA[
COMMAND: POST /session/5e92debbff3cc6e5587d1fbec505cad2/execute/async - {"script":"<script> [1562 bytes]","args":[{"selector":{"controlType":"sap.m.GenericTile","properties":{"header":"Delivery Monitor"}},"wdio_ui5_key":"sapm.GenericTile{\"header\":\"Delivery Monitor\"}"}]}
RESULT: {"script":"<script> [1562 bytes]","args":[{"selector":{"controlType":"sap.m.GenericTile","properties":{"header":"Delivery Monitor"}},"wdio_ui5_key":"sapm.GenericTile{\"header\":\"Delivery Monitor\"}"}]}
RESULT: undefined
COMMAND: POST /session/5e92debbff3cc6e5587d1fbec505cad2/element - {"using":"xpath","value":"//*[@id=\"__tile43\"]"}
RESULT: {"using":"xpath","value":"//*[@id=\"__tile43\"]"}
COMMAND: POST /session/5e92debbff3cc6e5587d1fbec505cad2/element/f.4029F9BF6121742C63F81BE4EF1CA26F.d.248B375A5CC2A9475086883B5C101D3F.e.1926/click - {}
RESULT: {}
COMMAND: GET /session/5e92debbff3cc6e5587d1fbec505cad2/screenshot - {}
RESULT: {}
RESULT: undefined
COMMAND: POST /session/5e92debbff3cc6e5587d1fbec505cad2/element - {"using":"xpath","value":"//*[@id=\"__tile43\"]"}
RESULT: {"using":"xpath","value":"//*[@id=\"__tile43\"]"}
COMMAND: POST /session/5e92debbff3cc6e5587d1fbec505cad2/element/f.4029F9BF6121742C63F81BE4EF1CA26F.d.248B375A5CC2A9475086883B5C101D3F.e.1926/click - {}
RESULT: undefined
COMMAND: POST /session/5e92debbff3cc6e5587d1fbec505cad2/element - {"using":"xpath","value":"//*[@id=\"__tile43\"]"}
RESULT: {"using":"xpath","value":"//*[@id=\"__tile43\"]"}
COMMAND: POST /session/5e92debbff3cc6e5587d1fbec505cad2/element/f.4029F9BF6121742C63F81BE4EF1CA26F.d.248B375A5CC2A9475086883B5C101D3F.e.1926/click - {}
RESULT: undefined
COMMAND: POST /session/5e92debbff3cc6e5587d1fbec505cad2/execute/async - {"script":"<script> [6424 bytes]","args":[{"element-6066-11e4-a52e-4f735466cecf":"f.4029F9BF6121742C63F81BE4EF1CA26F.d.248B375A5CC2A9475086883B5C101D3F.e.284"},"getTitle",[]]}
COMMAND: POST /session/5e92debbff3cc6e5587d1fbec505cad2/execute/async - {"script":"<script> [1562 bytes]","args":[{"selector":{"id":"shellAppTitle"},"wdio_ui5_key":"shellAppTitle"}]}
RESULT: {"script":"<script> [1562 bytes]","args":[{"selector":{"id":"shellAppTitle"},"wdio_ui5_key":"shellAppTitle"}]}
COMMAND: POST /session/5e92debbff3cc6e5587d1fbec505cad2/execute/async - {"script":"<script> [6424 bytes]","args":[{"element-6066-11e4-a52e-4f735466cecf":"f.4029F9BF6121742C63F81BE4EF1CA26F.d.248B375A5CC2A9475086883B5C101D3F.e.2035"},"getTitle",[]]}
RESULT: {"script":"<script> [6424 bytes]","args":[{"element-6066-11e4-a52e-4f735466cecf":"f.4029F9BF6121742C63F81BE4EF1CA26F.d.248B375A5CC2A9475086883B5C101D3F.e.2035"},"getTitle",[]]}
RESULT: undefined
COMMAND: POST /session/5e92debbff3cc6e5587d1fbec505cad2/element/f.4029F9BF6121742C63F81BE4EF1CA26F.d.248B375A5CC2A9475086883B5C101D3F.e.1823/click - {}
COMMAND: POST /session/5e92debbff3cc6e5587d1fbec505cad2/element - {"using":"xpath","value":"//*[@id=\"backBtn\"]"}
RESULT: {"using":"xpath","value":"//*[@id=\"backBtn\"]"}
COMMAND: POST /session/5e92debbff3cc6e5587d1fbec505cad2/element/f.4029F9BF6121742C63F81BE4EF1CA26F.d.248B375A5CC2A9475086883B5C101D3F.e.1823/click - {}
COMMAND: POST /session/5e92debbff3cc6e5587d1fbec505cad2/element - {"using":"xpath","value":"//*[@id=\"backBtn\"]"}
RESULT: {"using":"xpath","value":"//*[@id=\"backBtn\"]"}
COMMAND: POST /session/5e92debbff3cc6e5587d1fbec505cad2/element/f.4029F9BF6121742C63F81BE4EF1CA26F.d.248B375A5CC2A9475086883B5C101D3F.e.2036/click - {}
RESULT: {}
COMMAND: GET /session/5e92debbff3cc6e5587d1fbec505cad2/screenshot - {}
RESULT: {}
]]></system-out>
    </testcase>
    <testcase classname="chrome.135_0_7049_96.windows.Sanity_Tests_US104253" name="Should open Manage Calendar Exceptions page" time="34.661">
      <system-out><![CDATA[
COMMAND: POST /session/5e92debbff3cc6e5587d1fbec505cad2/execute/async - {"script":"<script> [1562 bytes]","args":[{"selector":{"controlType":"sap.m.GenericTile","properties":{"header":"Manage Calendar Exceptions"}},"wdio_ui5_key":"sapm.GenericTile{\"header\":\"Manage Calendar Exceptions\"}"}]}
RESULT: {"script":"<script> [1562 bytes]","args":[{"selector":{"controlType":"sap.m.GenericTile","properties":{"header":"Manage Calendar Exceptions"}},"wdio_ui5_key":"sapm.GenericTile{\"header\":\"Manage Calendar Exceptions\"}"}]}
RESULT: undefined
COMMAND: POST /session/5e92debbff3cc6e5587d1fbec505cad2/element - {"using":"xpath","value":"//*[@id=\"__tile52\"]"}
RESULT: {"using":"xpath","value":"//*[@id=\"__tile52\"]"}
COMMAND: POST /session/5e92debbff3cc6e5587d1fbec505cad2/element/f.4029F9BF6121742C63F81BE4EF1CA26F.d.248B375A5CC2A9475086883B5C101D3F.e.2038/click - {}
RESULT: {}
COMMAND: GET /session/5e92debbff3cc6e5587d1fbec505cad2/screenshot - {}
RESULT: {}
RESULT: undefined
COMMAND: POST /session/5e92debbff3cc6e5587d1fbec505cad2/element - {"using":"xpath","value":"//*[@id=\"__tile52\"]"}
RESULT: {"using":"xpath","value":"//*[@id=\"__tile52\"]"}
COMMAND: POST /session/5e92debbff3cc6e5587d1fbec505cad2/element/f.4029F9BF6121742C63F81BE4EF1CA26F.d.248B375A5CC2A9475086883B5C101D3F.e.2038/click - {}
RESULT: undefined
COMMAND: POST /session/5e92debbff3cc6e5587d1fbec505cad2/element - {"using":"xpath","value":"//*[@id=\"__tile52\"]"}
RESULT: {"using":"xpath","value":"//*[@id=\"__tile52\"]"}
COMMAND: POST /session/5e92debbff3cc6e5587d1fbec505cad2/element/f.4029F9BF6121742C63F81BE4EF1CA26F.d.248B375A5CC2A9475086883B5C101D3F.e.2038/click - {}
RESULT: undefined
COMMAND: POST /session/5e92debbff3cc6e5587d1fbec505cad2/execute/async - {"script":"<script> [6424 bytes]","args":[{"element-6066-11e4-a52e-4f735466cecf":"f.4029F9BF6121742C63F81BE4EF1CA26F.d.248B375A5CC2A9475086883B5C101D3F.e.284"},"getTitle",[]]}
COMMAND: POST /session/5e92debbff3cc6e5587d1fbec505cad2/execute/async - {"script":"<script> [1562 bytes]","args":[{"selector":{"id":"shellAppTitle"},"wdio_ui5_key":"shellAppTitle"}]}
RESULT: {"script":"<script> [1562 bytes]","args":[{"selector":{"id":"shellAppTitle"},"wdio_ui5_key":"shellAppTitle"}]}
COMMAND: POST /session/5e92debbff3cc6e5587d1fbec505cad2/execute/async - {"script":"<script> [6424 bytes]","args":[{"element-6066-11e4-a52e-4f735466cecf":"f.4029F9BF6121742C63F81BE4EF1CA26F.d.248B375A5CC2A9475086883B5C101D3F.e.2097"},"getTitle",[]]}
RESULT: {"script":"<script> [6424 bytes]","args":[{"element-6066-11e4-a52e-4f735466cecf":"f.4029F9BF6121742C63F81BE4EF1CA26F.d.248B375A5CC2A9475086883B5C101D3F.e.2097"},"getTitle",[]]}
RESULT: undefined
COMMAND: POST /session/5e92debbff3cc6e5587d1fbec505cad2/element/f.4029F9BF6121742C63F81BE4EF1CA26F.d.248B375A5CC2A9475086883B5C101D3F.e.2036/click - {}
RESULT: {}
COMMAND: GET /session/5e92debbff3cc6e5587d1fbec505cad2/screenshot - {}
RESULT: {}
]]></system-out>
    </testcase>
    <testcase classname="chrome.135_0_7049_96.windows.Sanity_Tests_US104253" name="Should open Manage States Performance page" time="32.247">
      <system-out><![CDATA[
COMMAND: POST /session/5e92debbff3cc6e5587d1fbec505cad2/execute/async - {"script":"<script> [1562 bytes]","args":[{"selector":{"controlType":"sap.m.GenericTile","properties":{"header":"Manage States & Performance"}},"wdio_ui5_key":"sapm.GenericTile{\"header\":\"Manage States & Performance\"}"}]}
RESULT: {"script":"<script> [1562 bytes]","args":[{"selector":{"controlType":"sap.m.GenericTile","properties":{"header":"Manage States & Performance"}},"wdio_ui5_key":"sapm.GenericTile{\"header\":\"Manage States & Performance\"}"}]}
RESULT: undefined
COMMAND: POST /session/5e92debbff3cc6e5587d1fbec505cad2/element - {"using":"xpath","value":"//*[@id=\"__tile56\"]"}
RESULT: {"using":"xpath","value":"//*[@id=\"__tile56\"]"}
COMMAND: POST /session/5e92debbff3cc6e5587d1fbec505cad2/element/f.4029F9BF6121742C63F81BE4EF1CA26F.d.248B375A5CC2A9475086883B5C101D3F.e.2101/click - {}
RESULT: {}
COMMAND: GET /session/5e92debbff3cc6e5587d1fbec505cad2/screenshot - {}
RESULT: {}
RESULT: undefined
COMMAND: POST /session/5e92debbff3cc6e5587d1fbec505cad2/element - {"using":"xpath","value":"//*[@id=\"__tile56\"]"}
RESULT: {"using":"xpath","value":"//*[@id=\"__tile56\"]"}
COMMAND: POST /session/5e92debbff3cc6e5587d1fbec505cad2/element/f.4029F9BF6121742C63F81BE4EF1CA26F.d.248B375A5CC2A9475086883B5C101D3F.e.2101/click - {}
RESULT: undefined
COMMAND: POST /session/5e92debbff3cc6e5587d1fbec505cad2/element - {"using":"xpath","value":"//*[@id=\"__tile56\"]"}
RESULT: {"using":"xpath","value":"//*[@id=\"__tile56\"]"}
COMMAND: POST /session/5e92debbff3cc6e5587d1fbec505cad2/element/f.4029F9BF6121742C63F81BE4EF1CA26F.d.248B375A5CC2A9475086883B5C101D3F.e.2101/click - {}
RESULT: undefined
COMMAND: POST /session/5e92debbff3cc6e5587d1fbec505cad2/execute/async - {"script":"<script> [6424 bytes]","args":[{"element-6066-11e4-a52e-4f735466cecf":"f.4029F9BF6121742C63F81BE4EF1CA26F.d.248B375A5CC2A9475086883B5C101D3F.e.284"},"getTitle",[]]}
COMMAND: POST /session/5e92debbff3cc6e5587d1fbec505cad2/execute/async - {"script":"<script> [1562 bytes]","args":[{"selector":{"id":"shellAppTitle"},"wdio_ui5_key":"shellAppTitle"}]}
RESULT: {"script":"<script> [1562 bytes]","args":[{"selector":{"id":"shellAppTitle"},"wdio_ui5_key":"shellAppTitle"}]}
COMMAND: POST /session/5e92debbff3cc6e5587d1fbec505cad2/execute/async - {"script":"<script> [6424 bytes]","args":[{"element-6066-11e4-a52e-4f735466cecf":"f.4029F9BF6121742C63F81BE4EF1CA26F.d.248B375A5CC2A9475086883B5C101D3F.e.2201"},"getTitle",[]]}
RESULT: {"script":"<script> [6424 bytes]","args":[{"element-6066-11e4-a52e-4f735466cecf":"f.4029F9BF6121742C63F81BE4EF1CA26F.d.248B375A5CC2A9475086883B5C101D3F.e.2201"},"getTitle",[]]}
RESULT: undefined
COMMAND: POST /session/5e92debbff3cc6e5587d1fbec505cad2/element/f.4029F9BF6121742C63F81BE4EF1CA26F.d.248B375A5CC2A9475086883B5C101D3F.e.2036/click - {}
COMMAND: POST /session/5e92debbff3cc6e5587d1fbec505cad2/element - {"using":"xpath","value":"//*[@id=\"backBtn\"]"}
RESULT: {"using":"xpath","value":"//*[@id=\"backBtn\"]"}
COMMAND: POST /session/5e92debbff3cc6e5587d1fbec505cad2/element/f.4029F9BF6121742C63F81BE4EF1CA26F.d.248B375A5CC2A9475086883B5C101D3F.e.2036/click - {}
COMMAND: POST /session/5e92debbff3cc6e5587d1fbec505cad2/element - {"using":"xpath","value":"//*[@id=\"backBtn\"]"}
RESULT: {"using":"xpath","value":"//*[@id=\"backBtn\"]"}
COMMAND: POST /session/5e92debbff3cc6e5587d1fbec505cad2/element/f.4029F9BF6121742C63F81BE4EF1CA26F.d.248B375A5CC2A9475086883B5C101D3F.e.2202/click - {}
RESULT: {}
COMMAND: GET /session/5e92debbff3cc6e5587d1fbec505cad2/screenshot - {}
RESULT: {}
]]></system-out>
    </testcase>
    <testcase classname="chrome.135_0_7049_96.windows.Sanity_Tests_US104253" name="Should open Manage Billings page" time="34.657">
      <system-out><![CDATA[
COMMAND: POST /session/5e92debbff3cc6e5587d1fbec505cad2/execute/async - {"script":"<script> [1562 bytes]","args":[{"selector":{"controlType":"sap.m.GenericTile","properties":{"header":"Manage Billings"}},"wdio_ui5_key":"sapm.GenericTile{\"header\":\"Manage Billings\"}"}]}
RESULT: {"script":"<script> [1562 bytes]","args":[{"selector":{"controlType":"sap.m.GenericTile","properties":{"header":"Manage Billings"}},"wdio_ui5_key":"sapm.GenericTile{\"header\":\"Manage Billings\"}"}]}
RESULT: undefined
COMMAND: POST /session/5e92debbff3cc6e5587d1fbec505cad2/element - {"using":"xpath","value":"//*[@id=\"__tile51\"]"}
RESULT: {"using":"xpath","value":"//*[@id=\"__tile51\"]"}
COMMAND: POST /session/5e92debbff3cc6e5587d1fbec505cad2/element/f.4029F9BF6121742C63F81BE4EF1CA26F.d.248B375A5CC2A9475086883B5C101D3F.e.2204/click - {}
RESULT: {}
COMMAND: GET /session/5e92debbff3cc6e5587d1fbec505cad2/screenshot - {}
RESULT: {}
RESULT: undefined
COMMAND: POST /session/5e92debbff3cc6e5587d1fbec505cad2/element - {"using":"xpath","value":"//*[@id=\"__tile51\"]"}
RESULT: {"using":"xpath","value":"//*[@id=\"__tile51\"]"}
COMMAND: POST /session/5e92debbff3cc6e5587d1fbec505cad2/element/f.4029F9BF6121742C63F81BE4EF1CA26F.d.248B375A5CC2A9475086883B5C101D3F.e.2204/click - {}
RESULT: undefined
COMMAND: POST /session/5e92debbff3cc6e5587d1fbec505cad2/element - {"using":"xpath","value":"//*[@id=\"__tile51\"]"}
RESULT: {"using":"xpath","value":"//*[@id=\"__tile51\"]"}
COMMAND: POST /session/5e92debbff3cc6e5587d1fbec505cad2/element/f.4029F9BF6121742C63F81BE4EF1CA26F.d.248B375A5CC2A9475086883B5C101D3F.e.2204/click - {}
RESULT: undefined
COMMAND: POST /session/5e92debbff3cc6e5587d1fbec505cad2/execute/async - {"script":"<script> [6424 bytes]","args":[{"element-6066-11e4-a52e-4f735466cecf":"f.4029F9BF6121742C63F81BE4EF1CA26F.d.248B375A5CC2A9475086883B5C101D3F.e.284"},"getTitle",[]]}
COMMAND: POST /session/5e92debbff3cc6e5587d1fbec505cad2/execute/async - {"script":"<script> [1562 bytes]","args":[{"selector":{"id":"shellAppTitle"},"wdio_ui5_key":"shellAppTitle"}]}
RESULT: {"script":"<script> [1562 bytes]","args":[{"selector":{"id":"shellAppTitle"},"wdio_ui5_key":"shellAppTitle"}]}
COMMAND: POST /session/5e92debbff3cc6e5587d1fbec505cad2/execute/async - {"script":"<script> [6424 bytes]","args":[{"element-6066-11e4-a52e-4f735466cecf":"f.4029F9BF6121742C63F81BE4EF1CA26F.d.248B375A5CC2A9475086883B5C101D3F.e.2420"},"getTitle",[]]}
RESULT: {"script":"<script> [6424 bytes]","args":[{"element-6066-11e4-a52e-4f735466cecf":"f.4029F9BF6121742C63F81BE4EF1CA26F.d.248B375A5CC2A9475086883B5C101D3F.e.2420"},"getTitle",[]]}
RESULT: undefined
COMMAND: POST /session/5e92debbff3cc6e5587d1fbec505cad2/element/f.4029F9BF6121742C63F81BE4EF1CA26F.d.248B375A5CC2A9475086883B5C101D3F.e.2202/click - {}
COMMAND: POST /session/5e92debbff3cc6e5587d1fbec505cad2/element/f.4029F9BF6121742C63F81BE4EF1CA26F.d.248B375A5CC2A9475086883B5C101D3F.e.2202/click - {}
RESULT: {}
COMMAND: GET /session/5e92debbff3cc6e5587d1fbec505cad2/screenshot - {}
COMMAND: POST /session/5e92debbff3cc6e5587d1fbec505cad2/element - {"using":"xpath","value":"//*[@id=\"backBtn\"]"}
RESULT: {}
RESULT: {"using":"xpath","value":"//*[@id=\"backBtn\"]"}
COMMAND: POST /session/5e92debbff3cc6e5587d1fbec505cad2/elements - {"using":"xpath","value":"//*[@id=\"backBtn\"]"}
RESULT: {"using":"xpath","value":"//*[@id=\"backBtn\"]"}
COMMAND: POST /session/5e92debbff3cc6e5587d1fbec505cad2/elements - {"using":"xpath","value":"//*[@id=\"backBtn\"]"}
RESULT: {"using":"xpath","value":"//*[@id=\"backBtn\"]"}
COMMAND: POST /session/5e92debbff3cc6e5587d1fbec505cad2/elements - {"using":"xpath","value":"//*[@id=\"backBtn\"]"}
RESULT: {"using":"xpath","value":"//*[@id=\"backBtn\"]"}
COMMAND: POST /session/5e92debbff3cc6e5587d1fbec505cad2/elements - {"using":"xpath","value":"//*[@id=\"backBtn\"]"}
RESULT: {"using":"xpath","value":"//*[@id=\"backBtn\"]"}
COMMAND: POST /session/5e92debbff3cc6e5587d1fbec505cad2/elements - {"using":"xpath","value":"//*[@id=\"backBtn\"]"}
RESULT: {"using":"xpath","value":"//*[@id=\"backBtn\"]"}
COMMAND: POST /session/5e92debbff3cc6e5587d1fbec505cad2/elements - {"using":"xpath","value":"//*[@id=\"backBtn\"]"}
RESULT: {"using":"xpath","value":"//*[@id=\"backBtn\"]"}
COMMAND: POST /session/5e92debbff3cc6e5587d1fbec505cad2/elements - {"using":"xpath","value":"//*[@id=\"backBtn\"]"}
RESULT: {"using":"xpath","value":"//*[@id=\"backBtn\"]"}
COMMAND: POST /session/5e92debbff3cc6e5587d1fbec505cad2/elements - {"using":"xpath","value":"//*[@id=\"backBtn\"]"}
RESULT: {"using":"xpath","value":"//*[@id=\"backBtn\"]"}
COMMAND: POST /session/5e92debbff3cc6e5587d1fbec505cad2/elements - {"using":"xpath","value":"//*[@id=\"backBtn\"]"}
RESULT: {"using":"xpath","value":"//*[@id=\"backBtn\"]"}
COMMAND: POST /session/5e92debbff3cc6e5587d1fbec505cad2/elements - {"using":"xpath","value":"//*[@id=\"backBtn\"]"}
RESULT: {"using":"xpath","value":"//*[@id=\"backBtn\"]"}
COMMAND: POST /session/5e92debbff3cc6e5587d1fbec505cad2/elements - {"using":"xpath","value":"//*[@id=\"backBtn\"]"}
RESULT: {"using":"xpath","value":"//*[@id=\"backBtn\"]"}
COMMAND: POST /session/5e92debbff3cc6e5587d1fbec505cad2/elements - {"using":"xpath","value":"//*[@id=\"backBtn\"]"}
RESULT: {"using":"xpath","value":"//*[@id=\"backBtn\"]"}
COMMAND: POST /session/5e92debbff3cc6e5587d1fbec505cad2/elements - {"using":"xpath","value":"//*[@id=\"backBtn\"]"}
RESULT: {"using":"xpath","value":"//*[@id=\"backBtn\"]"}
COMMAND: POST /session/5e92debbff3cc6e5587d1fbec505cad2/elements - {"using":"xpath","value":"//*[@id=\"backBtn\"]"}
RESULT: {"using":"xpath","value":"//*[@id=\"backBtn\"]"}
COMMAND: POST /session/5e92debbff3cc6e5587d1fbec505cad2/elements - {"using":"xpath","value":"//*[@id=\"backBtn\"]"}
RESULT: {"using":"xpath","value":"//*[@id=\"backBtn\"]"}
COMMAND: POST /session/5e92debbff3cc6e5587d1fbec505cad2/elements - {"using":"xpath","value":"//*[@id=\"backBtn\"]"}
RESULT: {"using":"xpath","value":"//*[@id=\"backBtn\"]"}
COMMAND: POST /session/5e92debbff3cc6e5587d1fbec505cad2/elements - {"using":"xpath","value":"//*[@id=\"backBtn\"]"}
RESULT: {"using":"xpath","value":"//*[@id=\"backBtn\"]"}
COMMAND: POST /session/5e92debbff3cc6e5587d1fbec505cad2/elements - {"using":"xpath","value":"//*[@id=\"backBtn\"]"}
RESULT: {"using":"xpath","value":"//*[@id=\"backBtn\"]"}
]]></system-out>
    </testcase>
    <testcase classname="chrome.135_0_7049_96.windows.Sanity_Tests_US104253" name="Should open Manage Conditions Prices page" time="45.605">
      <system-out><![CDATA[
COMMAND: POST /session/5e92debbff3cc6e5587d1fbec505cad2/execute/async - {"script":"<script> [1562 bytes]","args":[{"selector":{"controlType":"sap.m.GenericTile","properties":{"header":"Manage Conditions & Prices"}},"wdio_ui5_key":"sapm.GenericTile{\"header\":\"Manage Conditions & Prices\"}"}]}
COMMAND: POST /session/5e92debbff3cc6e5587d1fbec505cad2/elements - {"using":"xpath","value":"//*[@id=\"backBtn\"]"}
RESULT: {"script":"<script> [1562 bytes]","args":[{"selector":{"controlType":"sap.m.GenericTile","properties":{"header":"Manage Conditions & Prices"}},"wdio_ui5_key":"sapm.GenericTile{\"header\":\"Manage Conditions & Prices\"}"}]}
RESULT: undefined
COMMAND: POST /session/5e92debbff3cc6e5587d1fbec505cad2/element - {"using":"xpath","value":"//*[@id=\"__tile53\"]"}
RESULT: {"using":"xpath","value":"//*[@id=\"backBtn\"]"}
COMMAND: POST /session/5e92debbff3cc6e5587d1fbec505cad2/elements - {"using":"xpath","value":"//*[@id=\"backBtn\"]"}
RESULT: {"using":"xpath","value":"//*[@id=\"__tile53\"]"}
COMMAND: POST /session/5e92debbff3cc6e5587d1fbec505cad2/element/f.4029F9BF6121742C63F81BE4EF1CA26F.d.248B375A5CC2A9475086883B5C101D3F.e.2422/click - {}
RESULT: {"using":"xpath","value":"//*[@id=\"backBtn\"]"}
RESULT: {}
COMMAND: GET /session/5e92debbff3cc6e5587d1fbec505cad2/screenshot - {}
COMMAND: POST /session/5e92debbff3cc6e5587d1fbec505cad2/elements - {"using":"xpath","value":"//*[@id=\"backBtn\"]"}
RESULT: {}
RESULT: {"using":"xpath","value":"//*[@id=\"backBtn\"]"}
COMMAND: POST /session/5e92debbff3cc6e5587d1fbec505cad2/elements - {"using":"xpath","value":"//*[@id=\"backBtn\"]"}
RESULT: {"using":"xpath","value":"//*[@id=\"backBtn\"]"}
COMMAND: POST /session/5e92debbff3cc6e5587d1fbec505cad2/elements - {"using":"xpath","value":"//*[@id=\"backBtn\"]"}
RESULT: {"using":"xpath","value":"//*[@id=\"backBtn\"]"}
COMMAND: POST /session/5e92debbff3cc6e5587d1fbec505cad2/elements - {"using":"xpath","value":"//*[@id=\"backBtn\"]"}
RESULT: {"using":"xpath","value":"//*[@id=\"backBtn\"]"}
COMMAND: POST /session/5e92debbff3cc6e5587d1fbec505cad2/elements - {"using":"xpath","value":"//*[@id=\"backBtn\"]"}
RESULT: {"using":"xpath","value":"//*[@id=\"backBtn\"]"}
COMMAND: POST /session/5e92debbff3cc6e5587d1fbec505cad2/elements - {"using":"xpath","value":"//*[@id=\"backBtn\"]"}
RESULT: {"using":"xpath","value":"//*[@id=\"backBtn\"]"}
COMMAND: POST /session/5e92debbff3cc6e5587d1fbec505cad2/elements - {"using":"xpath","value":"//*[@id=\"backBtn\"]"}
RESULT: {"using":"xpath","value":"//*[@id=\"backBtn\"]"}
COMMAND: POST /session/5e92debbff3cc6e5587d1fbec505cad2/elements - {"using":"xpath","value":"//*[@id=\"backBtn\"]"}
RESULT: undefined
COMMAND: POST /session/5e92debbff3cc6e5587d1fbec505cad2/element - {"using":"xpath","value":"//*[@id=\"__tile53\"]"}
RESULT: {"using":"xpath","value":"//*[@id=\"backBtn\"]"}
COMMAND: POST /session/5e92debbff3cc6e5587d1fbec505cad2/element - {"using":"xpath","value":"//*[@id=\"backBtn\"]"}
RESULT: {"using":"xpath","value":"//*[@id=\"__tile53\"]"}
COMMAND: POST /session/5e92debbff3cc6e5587d1fbec505cad2/element/f.4029F9BF6121742C63F81BE4EF1CA26F.d.248B375A5CC2A9475086883B5C101D3F.e.2422/click - {}
RESULT: {"using":"xpath","value":"//*[@id=\"backBtn\"]"}
COMMAND: POST /session/5e92debbff3cc6e5587d1fbec505cad2/element/f.4029F9BF6121742C63F81BE4EF1CA26F.d.248B375A5CC2A9475086883B5C101D3F.e.2202/click - {}
COMMAND: POST /session/5e92debbff3cc6e5587d1fbec505cad2/element - {"using":"xpath","value":"//*[@id=\"backBtn\"]"}
RESULT: {"using":"xpath","value":"//*[@id=\"backBtn\"]"}
COMMAND: POST /session/5e92debbff3cc6e5587d1fbec505cad2/element/f.4029F9BF6121742C63F81BE4EF1CA26F.d.248B375A5CC2A9475086883B5C101D3F.e.2425/click - {}
RESULT: {}
COMMAND: GET /session/5e92debbff3cc6e5587d1fbec505cad2/screenshot - {}
RESULT: {}
RESULT: undefined
COMMAND: POST /session/5e92debbff3cc6e5587d1fbec505cad2/element - {"using":"xpath","value":"//*[@id=\"__tile53\"]"}
COMMAND: GET /session/5e92debbff3cc6e5587d1fbec505cad2/screenshot - {}
RESULT: {}
RESULT: {"using":"xpath","value":"//*[@id=\"__tile53\"]"}
COMMAND: POST /session/5e92debbff3cc6e5587d1fbec505cad2/element/f.4029F9BF6121742C63F81BE4EF1CA26F.d.248B375A5CC2A9475086883B5C101D3F.e.2422/click - {}
RESULT: {}
RESULT: undefined
COMMAND: POST /session/5e92debbff3cc6e5587d1fbec505cad2/execute/async - {"script":"<script> [6424 bytes]","args":[{"element-6066-11e4-a52e-4f735466cecf":"f.4029F9BF6121742C63F81BE4EF1CA26F.d.248B375A5CC2A9475086883B5C101D3F.e.284"},"getTitle",[]]}
COMMAND: POST /session/5e92debbff3cc6e5587d1fbec505cad2/execute/async - {"script":"<script> [1562 bytes]","args":[{"selector":{"id":"shellAppTitle"},"wdio_ui5_key":"shellAppTitle"}]}
RESULT: {"script":"<script> [1562 bytes]","args":[{"selector":{"id":"shellAppTitle"},"wdio_ui5_key":"shellAppTitle"}]}
COMMAND: POST /session/5e92debbff3cc6e5587d1fbec505cad2/execute/async - {"script":"<script> [6424 bytes]","args":[{"element-6066-11e4-a52e-4f735466cecf":"f.4029F9BF6121742C63F81BE4EF1CA26F.d.248B375A5CC2A9475086883B5C101D3F.e.2623"},"getTitle",[]]}
RESULT: {"script":"<script> [6424 bytes]","args":[{"element-6066-11e4-a52e-4f735466cecf":"f.4029F9BF6121742C63F81BE4EF1CA26F.d.248B375A5CC2A9475086883B5C101D3F.e.2623"},"getTitle",[]]}
RESULT: undefined
COMMAND: POST /session/5e92debbff3cc6e5587d1fbec505cad2/element/f.4029F9BF6121742C63F81BE4EF1CA26F.d.248B375A5CC2A9475086883B5C101D3F.e.2425/click - {}
RESULT: {}
COMMAND: GET /session/5e92debbff3cc6e5587d1fbec505cad2/screenshot - {}
RESULT: {}
]]></system-out>
    </testcase>
    <testcase classname="chrome.135_0_7049_96.windows.Sanity_Tests_US104253" name="Should open Billing Transfer page" time="34.836">
      <system-out><![CDATA[
COMMAND: POST /session/5e92debbff3cc6e5587d1fbec505cad2/execute/async - {"script":"<script> [1562 bytes]","args":[{"selector":{"controlType":"sap.m.GenericTile","properties":{"header":"Billing Transfer"}},"wdio_ui5_key":"sapm.GenericTile{\"header\":\"Billing Transfer\"}"}]}
RESULT: {"script":"<script> [1562 bytes]","args":[{"selector":{"controlType":"sap.m.GenericTile","properties":{"header":"Billing Transfer"}},"wdio_ui5_key":"sapm.GenericTile{\"header\":\"Billing Transfer\"}"}]}
RESULT: undefined
COMMAND: POST /session/5e92debbff3cc6e5587d1fbec505cad2/element - {"using":"xpath","value":"//*[@id=\"__tile50\"]"}
RESULT: {"using":"xpath","value":"//*[@id=\"__tile50\"]"}
COMMAND: POST /session/5e92debbff3cc6e5587d1fbec505cad2/element/f.4029F9BF6121742C63F81BE4EF1CA26F.d.248B375A5CC2A9475086883B5C101D3F.e.2625/click - {}
RESULT: {}
COMMAND: GET /session/5e92debbff3cc6e5587d1fbec505cad2/screenshot - {}
RESULT: {}
RESULT: undefined
COMMAND: POST /session/5e92debbff3cc6e5587d1fbec505cad2/element - {"using":"xpath","value":"//*[@id=\"__tile50\"]"}
RESULT: {"using":"xpath","value":"//*[@id=\"__tile50\"]"}
COMMAND: POST /session/5e92debbff3cc6e5587d1fbec505cad2/element/f.4029F9BF6121742C63F81BE4EF1CA26F.d.248B375A5CC2A9475086883B5C101D3F.e.2625/click - {}
RESULT: undefined
COMMAND: POST /session/5e92debbff3cc6e5587d1fbec505cad2/element - {"using":"xpath","value":"//*[@id=\"__tile50\"]"}
RESULT: {"using":"xpath","value":"//*[@id=\"__tile50\"]"}
COMMAND: POST /session/5e92debbff3cc6e5587d1fbec505cad2/element/f.4029F9BF6121742C63F81BE4EF1CA26F.d.248B375A5CC2A9475086883B5C101D3F.e.2625/click - {}
RESULT: undefined
COMMAND: POST /session/5e92debbff3cc6e5587d1fbec505cad2/execute/async - {"script":"<script> [6424 bytes]","args":[{"element-6066-11e4-a52e-4f735466cecf":"f.4029F9BF6121742C63F81BE4EF1CA26F.d.248B375A5CC2A9475086883B5C101D3F.e.284"},"getTitle",[]]}
COMMAND: POST /session/5e92debbff3cc6e5587d1fbec505cad2/execute/async - {"script":"<script> [1562 bytes]","args":[{"selector":{"id":"shellAppTitle"},"wdio_ui5_key":"shellAppTitle"}]}
RESULT: {"script":"<script> [1562 bytes]","args":[{"selector":{"id":"shellAppTitle"},"wdio_ui5_key":"shellAppTitle"}]}
COMMAND: POST /session/5e92debbff3cc6e5587d1fbec505cad2/execute/async - {"script":"<script> [6424 bytes]","args":[{"element-6066-11e4-a52e-4f735466cecf":"f.4029F9BF6121742C63F81BE4EF1CA26F.d.248B375A5CC2A9475086883B5C101D3F.e.2737"},"getTitle",[]]}
RESULT: {"script":"<script> [6424 bytes]","args":[{"element-6066-11e4-a52e-4f735466cecf":"f.4029F9BF6121742C63F81BE4EF1CA26F.d.248B375A5CC2A9475086883B5C101D3F.e.2737"},"getTitle",[]]}
RESULT: undefined
COMMAND: POST /session/5e92debbff3cc6e5587d1fbec505cad2/element/f.4029F9BF6121742C63F81BE4EF1CA26F.d.248B375A5CC2A9475086883B5C101D3F.e.2425/click - {}
COMMAND: POST /session/5e92debbff3cc6e5587d1fbec505cad2/element - {"using":"xpath","value":"//*[@id=\"backBtn\"]"}
RESULT: {"using":"xpath","value":"//*[@id=\"backBtn\"]"}
COMMAND: POST /session/5e92debbff3cc6e5587d1fbec505cad2/element/f.4029F9BF6121742C63F81BE4EF1CA26F.d.248B375A5CC2A9475086883B5C101D3F.e.2425/click - {}
COMMAND: POST /session/5e92debbff3cc6e5587d1fbec505cad2/element - {"using":"xpath","value":"//*[@id=\"backBtn\"]"}
RESULT: {"using":"xpath","value":"//*[@id=\"backBtn\"]"}
COMMAND: POST /session/5e92debbff3cc6e5587d1fbec505cad2/element/f.4029F9BF6121742C63F81BE4EF1CA26F.d.248B375A5CC2A9475086883B5C101D3F.e.2738/click - {}
RESULT: {}
COMMAND: GET /session/5e92debbff3cc6e5587d1fbec505cad2/screenshot - {}
RESULT: {}
]]></system-out>
    </testcase>
    <testcase classname="chrome.135_0_7049_96.windows.Sanity_Tests_US104253" name="Should open Manage Pricing Rules page" time="32.632">
      <system-out><![CDATA[
COMMAND: POST /session/5e92debbff3cc6e5587d1fbec505cad2/execute/async - {"script":"<script> [1562 bytes]","args":[{"selector":{"controlType":"sap.m.GenericTile","properties":{"header":"Manage Pricing Rules"}},"wdio_ui5_key":"sapm.GenericTile{\"header\":\"Manage Pricing Rules\"}"}]}
RESULT: {"script":"<script> [1562 bytes]","args":[{"selector":{"controlType":"sap.m.GenericTile","properties":{"header":"Manage Pricing Rules"}},"wdio_ui5_key":"sapm.GenericTile{\"header\":\"Manage Pricing Rules\"}"}]}
RESULT: undefined
COMMAND: POST /session/5e92debbff3cc6e5587d1fbec505cad2/element - {"using":"xpath","value":"//*[@id=\"__tile55\"]"}
RESULT: {"using":"xpath","value":"//*[@id=\"__tile55\"]"}
COMMAND: POST /session/5e92debbff3cc6e5587d1fbec505cad2/element/f.4029F9BF6121742C63F81BE4EF1CA26F.d.248B375A5CC2A9475086883B5C101D3F.e.2740/click - {}
RESULT: {}
COMMAND: GET /session/5e92debbff3cc6e5587d1fbec505cad2/screenshot - {}
RESULT: {}
RESULT: undefined
COMMAND: POST /session/5e92debbff3cc6e5587d1fbec505cad2/element - {"using":"xpath","value":"//*[@id=\"__tile55\"]"}
RESULT: {"using":"xpath","value":"//*[@id=\"__tile55\"]"}
COMMAND: POST /session/5e92debbff3cc6e5587d1fbec505cad2/element/f.4029F9BF6121742C63F81BE4EF1CA26F.d.248B375A5CC2A9475086883B5C101D3F.e.2740/click - {}
RESULT: undefined
COMMAND: POST /session/5e92debbff3cc6e5587d1fbec505cad2/element - {"using":"xpath","value":"//*[@id=\"__tile55\"]"}
RESULT: {"using":"xpath","value":"//*[@id=\"__tile55\"]"}
COMMAND: POST /session/5e92debbff3cc6e5587d1fbec505cad2/element/f.4029F9BF6121742C63F81BE4EF1CA26F.d.248B375A5CC2A9475086883B5C101D3F.e.2740/click - {}
RESULT: undefined
COMMAND: POST /session/5e92debbff3cc6e5587d1fbec505cad2/execute/async - {"script":"<script> [6424 bytes]","args":[{"element-6066-11e4-a52e-4f735466cecf":"f.4029F9BF6121742C63F81BE4EF1CA26F.d.248B375A5CC2A9475086883B5C101D3F.e.284"},"getTitle",[]]}
COMMAND: POST /session/5e92debbff3cc6e5587d1fbec505cad2/execute/async - {"script":"<script> [1562 bytes]","args":[{"selector":{"id":"shellAppTitle"},"wdio_ui5_key":"shellAppTitle"}]}
RESULT: {"script":"<script> [1562 bytes]","args":[{"selector":{"id":"shellAppTitle"},"wdio_ui5_key":"shellAppTitle"}]}
COMMAND: POST /session/5e92debbff3cc6e5587d1fbec505cad2/execute/async - {"script":"<script> [6424 bytes]","args":[{"element-6066-11e4-a52e-4f735466cecf":"f.4029F9BF6121742C63F81BE4EF1CA26F.d.248B375A5CC2A9475086883B5C101D3F.e.2788"},"getTitle",[]]}
RESULT: {"script":"<script> [6424 bytes]","args":[{"element-6066-11e4-a52e-4f735466cecf":"f.4029F9BF6121742C63F81BE4EF1CA26F.d.248B375A5CC2A9475086883B5C101D3F.e.2788"},"getTitle",[]]}
RESULT: undefined
COMMAND: POST /session/5e92debbff3cc6e5587d1fbec505cad2/element/f.4029F9BF6121742C63F81BE4EF1CA26F.d.248B375A5CC2A9475086883B5C101D3F.e.2738/click - {}
RESULT: {}
COMMAND: GET /session/5e92debbff3cc6e5587d1fbec505cad2/screenshot - {}
RESULT: {}
]]></system-out>
    </testcase>
    <testcase classname="chrome.135_0_7049_96.windows.Sanity_Tests_US104253" name="Should open Manage Price Determination Matrices page" time="32.928">
      <system-out><![CDATA[
COMMAND: POST /session/5e92debbff3cc6e5587d1fbec505cad2/execute/async - {"script":"<script> [1562 bytes]","args":[{"selector":{"controlType":"sap.m.GenericTile","properties":{"header":"Manage Price Determination Matrices"}},"wdio_ui5_key":"sapm.GenericTile{\"header\":\"Manage Price Determination Matrices\"}"}]}
RESULT: {"script":"<script> [1562 bytes]","args":[{"selector":{"controlType":"sap.m.GenericTile","properties":{"header":"Manage Price Determination Matrices"}},"wdio_ui5_key":"sapm.GenericTile{\"header\":\"Manage Price Determination Matrices\"}"}]}
RESULT: undefined
COMMAND: POST /session/5e92debbff3cc6e5587d1fbec505cad2/element - {"using":"xpath","value":"//*[@id=\"__tile54\"]"}
RESULT: {"using":"xpath","value":"//*[@id=\"__tile54\"]"}
COMMAND: POST /session/5e92debbff3cc6e5587d1fbec505cad2/element/f.4029F9BF6121742C63F81BE4EF1CA26F.d.248B375A5CC2A9475086883B5C101D3F.e.105/click - {}
RESULT: {}
COMMAND: GET /session/5e92debbff3cc6e5587d1fbec505cad2/screenshot - {}
RESULT: {}
RESULT: undefined
COMMAND: POST /session/5e92debbff3cc6e5587d1fbec505cad2/element - {"using":"xpath","value":"//*[@id=\"__tile54\"]"}
RESULT: {"using":"xpath","value":"//*[@id=\"__tile54\"]"}
COMMAND: POST /session/5e92debbff3cc6e5587d1fbec505cad2/element/f.4029F9BF6121742C63F81BE4EF1CA26F.d.248B375A5CC2A9475086883B5C101D3F.e.105/click - {}
RESULT: undefined
COMMAND: POST /session/5e92debbff3cc6e5587d1fbec505cad2/element - {"using":"xpath","value":"//*[@id=\"__tile54\"]"}
RESULT: {"using":"xpath","value":"//*[@id=\"__tile54\"]"}
COMMAND: POST /session/5e92debbff3cc6e5587d1fbec505cad2/element/f.4029F9BF6121742C63F81BE4EF1CA26F.d.248B375A5CC2A9475086883B5C101D3F.e.105/click - {}
RESULT: undefined
COMMAND: POST /session/5e92debbff3cc6e5587d1fbec505cad2/execute/async - {"script":"<script> [6424 bytes]","args":[{"element-6066-11e4-a52e-4f735466cecf":"f.4029F9BF6121742C63F81BE4EF1CA26F.d.248B375A5CC2A9475086883B5C101D3F.e.284"},"getTitle",[]]}
COMMAND: POST /session/5e92debbff3cc6e5587d1fbec505cad2/execute/async - {"script":"<script> [1562 bytes]","args":[{"selector":{"id":"shellAppTitle"},"wdio_ui5_key":"shellAppTitle"}]}
RESULT: {"script":"<script> [1562 bytes]","args":[{"selector":{"id":"shellAppTitle"},"wdio_ui5_key":"shellAppTitle"}]}
COMMAND: POST /session/5e92debbff3cc6e5587d1fbec505cad2/execute/async - {"script":"<script> [6424 bytes]","args":[{"element-6066-11e4-a52e-4f735466cecf":"f.4029F9BF6121742C63F81BE4EF1CA26F.d.248B375A5CC2A9475086883B5C101D3F.e.2875"},"getTitle",[]]}
RESULT: {"script":"<script> [6424 bytes]","args":[{"element-6066-11e4-a52e-4f735466cecf":"f.4029F9BF6121742C63F81BE4EF1CA26F.d.248B375A5CC2A9475086883B5C101D3F.e.2875"},"getTitle",[]]}
RESULT: undefined
COMMAND: POST /session/5e92debbff3cc6e5587d1fbec505cad2/element/f.4029F9BF6121742C63F81BE4EF1CA26F.d.248B375A5CC2A9475086883B5C101D3F.e.2738/click - {}
COMMAND: POST /session/5e92debbff3cc6e5587d1fbec505cad2/element - {"using":"xpath","value":"//*[@id=\"backBtn\"]"}
RESULT: {"using":"xpath","value":"//*[@id=\"backBtn\"]"}
COMMAND: POST /session/5e92debbff3cc6e5587d1fbec505cad2/element/f.4029F9BF6121742C63F81BE4EF1CA26F.d.248B375A5CC2A9475086883B5C101D3F.e.2738/click - {}
COMMAND: POST /session/5e92debbff3cc6e5587d1fbec505cad2/element - {"using":"xpath","value":"//*[@id=\"backBtn\"]"}
RESULT: {"using":"xpath","value":"//*[@id=\"backBtn\"]"}
COMMAND: POST /session/5e92debbff3cc6e5587d1fbec505cad2/element/f.4029F9BF6121742C63F81BE4EF1CA26F.d.248B375A5CC2A9475086883B5C101D3F.e.2876/click - {}
RESULT: {}
COMMAND: GET /session/5e92debbff3cc6e5587d1fbec505cad2/screenshot - {}
RESULT: {}
]]></system-out>
    </testcase>
    <testcase classname="chrome.135_0_7049_96.windows.Sanity_Tests_US104253" name="Should open Yard Overview page" time="33.754">
      <system-out><![CDATA[
COMMAND: POST /session/5e92debbff3cc6e5587d1fbec505cad2/execute/async - {"script":"<script> [1562 bytes]","args":[{"selector":{"controlType":"sap.m.GenericTile","properties":{"header":"Yard Overview"}},"wdio_ui5_key":"sapm.GenericTile{\"header\":\"Yard Overview\"}"}]}
RESULT: {"script":"<script> [1562 bytes]","args":[{"selector":{"controlType":"sap.m.GenericTile","properties":{"header":"Yard Overview"}},"wdio_ui5_key":"sapm.GenericTile{\"header\":\"Yard Overview\"}"}]}
RESULT: undefined
COMMAND: POST /session/5e92debbff3cc6e5587d1fbec505cad2/element - {"using":"xpath","value":"//*[@id=\"__tile102\"]"}
RESULT: {"using":"xpath","value":"//*[@id=\"__tile102\"]"}
COMMAND: POST /session/5e92debbff3cc6e5587d1fbec505cad2/element/f.4029F9BF6121742C63F81BE4EF1CA26F.d.248B375A5CC2A9475086883B5C101D3F.e.2878/click - {}
RESULT: {}
COMMAND: GET /session/5e92debbff3cc6e5587d1fbec505cad2/screenshot - {}
RESULT: {}
RESULT: undefined
COMMAND: POST /session/5e92debbff3cc6e5587d1fbec505cad2/element - {"using":"xpath","value":"//*[@id=\"__tile102\"]"}
RESULT: {"using":"xpath","value":"//*[@id=\"__tile102\"]"}
COMMAND: POST /session/5e92debbff3cc6e5587d1fbec505cad2/element/f.4029F9BF6121742C63F81BE4EF1CA26F.d.248B375A5CC2A9475086883B5C101D3F.e.2878/click - {}
RESULT: undefined
COMMAND: POST /session/5e92debbff3cc6e5587d1fbec505cad2/element - {"using":"xpath","value":"//*[@id=\"__tile102\"]"}
RESULT: {"using":"xpath","value":"//*[@id=\"__tile102\"]"}
COMMAND: POST /session/5e92debbff3cc6e5587d1fbec505cad2/element/f.4029F9BF6121742C63F81BE4EF1CA26F.d.248B375A5CC2A9475086883B5C101D3F.e.2878/click - {}
RESULT: undefined
COMMAND: POST /session/5e92debbff3cc6e5587d1fbec505cad2/execute/async - {"script":"<script> [6424 bytes]","args":[{"element-6066-11e4-a52e-4f735466cecf":"f.4029F9BF6121742C63F81BE4EF1CA26F.d.248B375A5CC2A9475086883B5C101D3F.e.284"},"getTitle",[]]}
COMMAND: POST /session/5e92debbff3cc6e5587d1fbec505cad2/execute/async - {"script":"<script> [1562 bytes]","args":[{"selector":{"id":"shellAppTitle"},"wdio_ui5_key":"shellAppTitle"}]}
RESULT: {"script":"<script> [1562 bytes]","args":[{"selector":{"id":"shellAppTitle"},"wdio_ui5_key":"shellAppTitle"}]}
COMMAND: POST /session/5e92debbff3cc6e5587d1fbec505cad2/execute/async - {"script":"<script> [6424 bytes]","args":[{"element-6066-11e4-a52e-4f735466cecf":"f.4029F9BF6121742C63F81BE4EF1CA26F.d.248B375A5CC2A9475086883B5C101D3F.e.2942"},"getTitle",[]]}
RESULT: {"script":"<script> [6424 bytes]","args":[{"element-6066-11e4-a52e-4f735466cecf":"f.4029F9BF6121742C63F81BE4EF1CA26F.d.248B375A5CC2A9475086883B5C101D3F.e.2942"},"getTitle",[]]}
RESULT: undefined
COMMAND: POST /session/5e92debbff3cc6e5587d1fbec505cad2/element/f.4029F9BF6121742C63F81BE4EF1CA26F.d.248B375A5CC2A9475086883B5C101D3F.e.2876/click - {}
RESULT: {}
COMMAND: GET /session/5e92debbff3cc6e5587d1fbec505cad2/screenshot - {}
RESULT: {}
]]></system-out>
    </testcase>
    <testcase classname="chrome.135_0_7049_96.windows.Sanity_Tests_US104253" name="Should open Site Overview page" time="32.512">
      <system-out><![CDATA[
COMMAND: POST /session/5e92debbff3cc6e5587d1fbec505cad2/execute/async - {"script":"<script> [1562 bytes]","args":[{"selector":{"controlType":"sap.m.GenericTile","properties":{"header":"Site Overview"}},"wdio_ui5_key":"sapm.GenericTile{\"header\":\"Site Overview\"}"}]}
RESULT: {"script":"<script> [1562 bytes]","args":[{"selector":{"controlType":"sap.m.GenericTile","properties":{"header":"Site Overview"}},"wdio_ui5_key":"sapm.GenericTile{\"header\":\"Site Overview\"}"}]}
RESULT: undefined
COMMAND: POST /session/5e92debbff3cc6e5587d1fbec505cad2/element - {"using":"xpath","value":"//*[@id=\"__tile100\"]"}
RESULT: {"using":"xpath","value":"//*[@id=\"__tile100\"]"}
COMMAND: POST /session/5e92debbff3cc6e5587d1fbec505cad2/element/f.4029F9BF6121742C63F81BE4EF1CA26F.d.248B375A5CC2A9475086883B5C101D3F.e.2945/click - {}
RESULT: {}
COMMAND: GET /session/5e92debbff3cc6e5587d1fbec505cad2/screenshot - {}
RESULT: {}
RESULT: undefined
COMMAND: POST /session/5e92debbff3cc6e5587d1fbec505cad2/element - {"using":"xpath","value":"//*[@id=\"__tile100\"]"}
RESULT: {"using":"xpath","value":"//*[@id=\"__tile100\"]"}
COMMAND: POST /session/5e92debbff3cc6e5587d1fbec505cad2/element/f.4029F9BF6121742C63F81BE4EF1CA26F.d.248B375A5CC2A9475086883B5C101D3F.e.2945/click - {}
RESULT: undefined
COMMAND: POST /session/5e92debbff3cc6e5587d1fbec505cad2/element - {"using":"xpath","value":"//*[@id=\"__tile100\"]"}
RESULT: {"using":"xpath","value":"//*[@id=\"__tile100\"]"}
COMMAND: POST /session/5e92debbff3cc6e5587d1fbec505cad2/element/f.4029F9BF6121742C63F81BE4EF1CA26F.d.248B375A5CC2A9475086883B5C101D3F.e.2945/click - {}
RESULT: undefined
COMMAND: POST /session/5e92debbff3cc6e5587d1fbec505cad2/execute/async - {"script":"<script> [6424 bytes]","args":[{"element-6066-11e4-a52e-4f735466cecf":"f.4029F9BF6121742C63F81BE4EF1CA26F.d.248B375A5CC2A9475086883B5C101D3F.e.284"},"getTitle",[]]}
COMMAND: POST /session/5e92debbff3cc6e5587d1fbec505cad2/execute/async - {"script":"<script> [1562 bytes]","args":[{"selector":{"id":"shellAppTitle"},"wdio_ui5_key":"shellAppTitle"}]}
RESULT: {"script":"<script> [1562 bytes]","args":[{"selector":{"id":"shellAppTitle"},"wdio_ui5_key":"shellAppTitle"}]}
COMMAND: POST /session/5e92debbff3cc6e5587d1fbec505cad2/execute/async - {"script":"<script> [6424 bytes]","args":[{"element-6066-11e4-a52e-4f735466cecf":"f.4029F9BF6121742C63F81BE4EF1CA26F.d.248B375A5CC2A9475086883B5C101D3F.e.3073"},"getTitle",[]]}
RESULT: {"script":"<script> [6424 bytes]","args":[{"element-6066-11e4-a52e-4f735466cecf":"f.4029F9BF6121742C63F81BE4EF1CA26F.d.248B375A5CC2A9475086883B5C101D3F.e.3073"},"getTitle",[]]}
RESULT: undefined
COMMAND: POST /session/5e92debbff3cc6e5587d1fbec505cad2/element/f.4029F9BF6121742C63F81BE4EF1CA26F.d.248B375A5CC2A9475086883B5C101D3F.e.2876/click - {}
COMMAND: POST /session/5e92debbff3cc6e5587d1fbec505cad2/element - {"using":"xpath","value":"//*[@id=\"backBtn\"]"}
RESULT: {"using":"xpath","value":"//*[@id=\"backBtn\"]"}
COMMAND: POST /session/5e92debbff3cc6e5587d1fbec505cad2/element/f.4029F9BF6121742C63F81BE4EF1CA26F.d.248B375A5CC2A9475086883B5C101D3F.e.2876/click - {}
COMMAND: POST /session/5e92debbff3cc6e5587d1fbec505cad2/element - {"using":"xpath","value":"//*[@id=\"backBtn\"]"}
RESULT: {"using":"xpath","value":"//*[@id=\"backBtn\"]"}
COMMAND: POST /session/5e92debbff3cc6e5587d1fbec505cad2/element/f.4029F9BF6121742C63F81BE4EF1CA26F.d.248B375A5CC2A9475086883B5C101D3F.e.3074/click - {}
RESULT: {}
COMMAND: GET /session/5e92debbff3cc6e5587d1fbec505cad2/screenshot - {}
RESULT: {}
]]></system-out>
    </testcase>
    <testcase classname="chrome.135_0_7049_96.windows.Sanity_Tests_US104253" name="Should open Trace Track Resources page" time="34.387">
      <system-out><![CDATA[
COMMAND: POST /session/5e92debbff3cc6e5587d1fbec505cad2/execute/async - {"script":"<script> [1562 bytes]","args":[{"selector":{"controlType":"sap.m.GenericTile","properties":{"header":"Trace & Track Resources"}},"wdio_ui5_key":"sapm.GenericTile{\"header\":\"Trace & Track Resources\"}"}]}
RESULT: {"script":"<script> [1562 bytes]","args":[{"selector":{"controlType":"sap.m.GenericTile","properties":{"header":"Trace & Track Resources"}},"wdio_ui5_key":"sapm.GenericTile{\"header\":\"Trace & Track Resources\"}"}]}
RESULT: undefined
COMMAND: POST /session/5e92debbff3cc6e5587d1fbec505cad2/element - {"using":"xpath","value":"//*[@id=\"__tile101\"]"}
RESULT: {"using":"xpath","value":"//*[@id=\"__tile101\"]"}
COMMAND: POST /session/5e92debbff3cc6e5587d1fbec505cad2/element/f.4029F9BF6121742C63F81BE4EF1CA26F.d.248B375A5CC2A9475086883B5C101D3F.e.3076/click - {}
RESULT: {}
COMMAND: GET /session/5e92debbff3cc6e5587d1fbec505cad2/screenshot - {}
RESULT: {}
RESULT: undefined
COMMAND: POST /session/5e92debbff3cc6e5587d1fbec505cad2/element - {"using":"xpath","value":"//*[@id=\"__tile101\"]"}
RESULT: {"using":"xpath","value":"//*[@id=\"__tile101\"]"}
COMMAND: POST /session/5e92debbff3cc6e5587d1fbec505cad2/element/f.4029F9BF6121742C63F81BE4EF1CA26F.d.248B375A5CC2A9475086883B5C101D3F.e.3076/click - {}
RESULT: undefined
COMMAND: POST /session/5e92debbff3cc6e5587d1fbec505cad2/element - {"using":"xpath","value":"//*[@id=\"__tile101\"]"}
RESULT: {"using":"xpath","value":"//*[@id=\"__tile101\"]"}
COMMAND: POST /session/5e92debbff3cc6e5587d1fbec505cad2/element/f.4029F9BF6121742C63F81BE4EF1CA26F.d.248B375A5CC2A9475086883B5C101D3F.e.3076/click - {}
RESULT: undefined
COMMAND: POST /session/5e92debbff3cc6e5587d1fbec505cad2/execute/async - {"script":"<script> [6424 bytes]","args":[{"element-6066-11e4-a52e-4f735466cecf":"f.4029F9BF6121742C63F81BE4EF1CA26F.d.248B375A5CC2A9475086883B5C101D3F.e.284"},"getTitle",[]]}
COMMAND: POST /session/5e92debbff3cc6e5587d1fbec505cad2/execute/async - {"script":"<script> [1562 bytes]","args":[{"selector":{"id":"shellAppTitle"},"wdio_ui5_key":"shellAppTitle"}]}
RESULT: {"script":"<script> [1562 bytes]","args":[{"selector":{"id":"shellAppTitle"},"wdio_ui5_key":"shellAppTitle"}]}
COMMAND: POST /session/5e92debbff3cc6e5587d1fbec505cad2/execute/async - {"script":"<script> [6424 bytes]","args":[{"element-6066-11e4-a52e-4f735466cecf":"f.4029F9BF6121742C63F81BE4EF1CA26F.d.248B375A5CC2A9475086883B5C101D3F.e.3111"},"getTitle",[]]}
RESULT: {"script":"<script> [6424 bytes]","args":[{"element-6066-11e4-a52e-4f735466cecf":"f.4029F9BF6121742C63F81BE4EF1CA26F.d.248B375A5CC2A9475086883B5C101D3F.e.3111"},"getTitle",[]]}
RESULT: undefined
COMMAND: POST /session/5e92debbff3cc6e5587d1fbec505cad2/element/f.4029F9BF6121742C63F81BE4EF1CA26F.d.248B375A5CC2A9475086883B5C101D3F.e.3074/click - {}
RESULT: {}
COMMAND: GET /session/5e92debbff3cc6e5587d1fbec505cad2/screenshot - {}
RESULT: {}
]]></system-out>
    </testcase>
    <testcase classname="chrome.135_0_7049_96.windows.Sanity_Tests_US104253" name="Should open RU Inventory List page" time="33.802">
      <system-out><![CDATA[
COMMAND: POST /session/5e92debbff3cc6e5587d1fbec505cad2/execute/async - {"script":"<script> [1562 bytes]","args":[{"selector":{"controlType":"sap.m.GenericTile","properties":{"header":"RU Inventory List"}},"wdio_ui5_key":"sapm.GenericTile{\"header\":\"RU Inventory List\"}"}]}
RESULT: {"script":"<script> [1562 bytes]","args":[{"selector":{"controlType":"sap.m.GenericTile","properties":{"header":"RU Inventory List"}},"wdio_ui5_key":"sapm.GenericTile{\"header\":\"RU Inventory List\"}"}]}
RESULT: undefined
COMMAND: POST /session/5e92debbff3cc6e5587d1fbec505cad2/element - {"using":"xpath","value":"//*[@id=\"__tile99\"]"}
RESULT: {"using":"xpath","value":"//*[@id=\"__tile99\"]"}
COMMAND: POST /session/5e92debbff3cc6e5587d1fbec505cad2/element/f.4029F9BF6121742C63F81BE4EF1CA26F.d.248B375A5CC2A9475086883B5C101D3F.e.3113/click - {}
RESULT: {}
COMMAND: GET /session/5e92debbff3cc6e5587d1fbec505cad2/screenshot - {}
RESULT: {}
RESULT: undefined
COMMAND: POST /session/5e92debbff3cc6e5587d1fbec505cad2/element - {"using":"xpath","value":"//*[@id=\"__tile99\"]"}
RESULT: {"using":"xpath","value":"//*[@id=\"__tile99\"]"}
COMMAND: POST /session/5e92debbff3cc6e5587d1fbec505cad2/element/f.4029F9BF6121742C63F81BE4EF1CA26F.d.248B375A5CC2A9475086883B5C101D3F.e.3113/click - {}
RESULT: undefined
COMMAND: POST /session/5e92debbff3cc6e5587d1fbec505cad2/element - {"using":"xpath","value":"//*[@id=\"__tile99\"]"}
RESULT: {"using":"xpath","value":"//*[@id=\"__tile99\"]"}
COMMAND: POST /session/5e92debbff3cc6e5587d1fbec505cad2/element/f.4029F9BF6121742C63F81BE4EF1CA26F.d.248B375A5CC2A9475086883B5C101D3F.e.3113/click - {}
RESULT: undefined
COMMAND: POST /session/5e92debbff3cc6e5587d1fbec505cad2/execute/async - {"script":"<script> [6424 bytes]","args":[{"element-6066-11e4-a52e-4f735466cecf":"f.4029F9BF6121742C63F81BE4EF1CA26F.d.248B375A5CC2A9475086883B5C101D3F.e.284"},"getTitle",[]]}
COMMAND: POST /session/5e92debbff3cc6e5587d1fbec505cad2/execute/async - {"script":"<script> [1562 bytes]","args":[{"selector":{"id":"shellAppTitle"},"wdio_ui5_key":"shellAppTitle"}]}
RESULT: {"script":"<script> [1562 bytes]","args":[{"selector":{"id":"shellAppTitle"},"wdio_ui5_key":"shellAppTitle"}]}
COMMAND: POST /session/5e92debbff3cc6e5587d1fbec505cad2/execute/async - {"script":"<script> [6424 bytes]","args":[{"element-6066-11e4-a52e-4f735466cecf":"f.4029F9BF6121742C63F81BE4EF1CA26F.d.248B375A5CC2A9475086883B5C101D3F.e.3310"},"getTitle",[]]}
RESULT: {"script":"<script> [6424 bytes]","args":[{"element-6066-11e4-a52e-4f735466cecf":"f.4029F9BF6121742C63F81BE4EF1CA26F.d.248B375A5CC2A9475086883B5C101D3F.e.3310"},"getTitle",[]]}
RESULT: undefined
COMMAND: POST /session/5e92debbff3cc6e5587d1fbec505cad2/element/f.4029F9BF6121742C63F81BE4EF1CA26F.d.248B375A5CC2A9475086883B5C101D3F.e.3074/click - {}
COMMAND: POST /session/5e92debbff3cc6e5587d1fbec505cad2/element - {"using":"xpath","value":"//*[@id=\"backBtn\"]"}
RESULT: {"using":"xpath","value":"//*[@id=\"backBtn\"]"}
COMMAND: POST /session/5e92debbff3cc6e5587d1fbec505cad2/element/f.4029F9BF6121742C63F81BE4EF1CA26F.d.248B375A5CC2A9475086883B5C101D3F.e.3074/click - {}
COMMAND: POST /session/5e92debbff3cc6e5587d1fbec505cad2/element - {"using":"xpath","value":"//*[@id=\"backBtn\"]"}
RESULT: {"using":"xpath","value":"//*[@id=\"backBtn\"]"}
COMMAND: POST /session/5e92debbff3cc6e5587d1fbec505cad2/element/f.4029F9BF6121742C63F81BE4EF1CA26F.d.248B375A5CC2A9475086883B5C101D3F.e.3311/click - {}
RESULT: {}
COMMAND: GET /session/5e92debbff3cc6e5587d1fbec505cad2/screenshot - {}
RESULT: {}
]]></system-out>
    </testcase>
    <testcase classname="chrome.135_0_7049_96.windows.Sanity_Tests_US104253" name="Should open Contracts Dashboard page" time="34.918">
      <system-out><![CDATA[
COMMAND: POST /session/5e92debbff3cc6e5587d1fbec505cad2/execute/async - {"script":"<script> [1562 bytes]","args":[{"selector":{"controlType":"sap.m.GenericTile","properties":{"header":"Contracts Dashboard"}},"wdio_ui5_key":"sapm.GenericTile{\"header\":\"Contracts Dashboard\"}"}]}
RESULT: {"script":"<script> [1562 bytes]","args":[{"selector":{"controlType":"sap.m.GenericTile","properties":{"header":"Contracts Dashboard"}},"wdio_ui5_key":"sapm.GenericTile{\"header\":\"Contracts Dashboard\"}"}]}
RESULT: undefined
COMMAND: POST /session/5e92debbff3cc6e5587d1fbec505cad2/element - {"using":"xpath","value":"//*[@id=\"__tile97\"]"}
RESULT: {"using":"xpath","value":"//*[@id=\"__tile97\"]"}
COMMAND: POST /session/5e92debbff3cc6e5587d1fbec505cad2/element/f.4029F9BF6121742C63F81BE4EF1CA26F.d.248B375A5CC2A9475086883B5C101D3F.e.106/click - {}
RESULT: {}
COMMAND: GET /session/5e92debbff3cc6e5587d1fbec505cad2/screenshot - {}
RESULT: {}
RESULT: undefined
COMMAND: POST /session/5e92debbff3cc6e5587d1fbec505cad2/element - {"using":"xpath","value":"//*[@id=\"__tile97\"]"}
RESULT: {"using":"xpath","value":"//*[@id=\"__tile97\"]"}
COMMAND: POST /session/5e92debbff3cc6e5587d1fbec505cad2/element/f.4029F9BF6121742C63F81BE4EF1CA26F.d.248B375A5CC2A9475086883B5C101D3F.e.106/click - {}
RESULT: undefined
COMMAND: POST /session/5e92debbff3cc6e5587d1fbec505cad2/element - {"using":"xpath","value":"//*[@id=\"__tile97\"]"}
RESULT: {"using":"xpath","value":"//*[@id=\"__tile97\"]"}
COMMAND: POST /session/5e92debbff3cc6e5587d1fbec505cad2/element/f.4029F9BF6121742C63F81BE4EF1CA26F.d.248B375A5CC2A9475086883B5C101D3F.e.106/click - {}
RESULT: undefined
COMMAND: POST /session/5e92debbff3cc6e5587d1fbec505cad2/execute/async - {"script":"<script> [6424 bytes]","args":[{"element-6066-11e4-a52e-4f735466cecf":"f.4029F9BF6121742C63F81BE4EF1CA26F.d.248B375A5CC2A9475086883B5C101D3F.e.284"},"getTitle",[]]}
COMMAND: POST /session/5e92debbff3cc6e5587d1fbec505cad2/execute/async - {"script":"<script> [1562 bytes]","args":[{"selector":{"id":"shellAppTitle"},"wdio_ui5_key":"shellAppTitle"}]}
RESULT: {"script":"<script> [1562 bytes]","args":[{"selector":{"id":"shellAppTitle"},"wdio_ui5_key":"shellAppTitle"}]}
COMMAND: POST /session/5e92debbff3cc6e5587d1fbec505cad2/execute/async - {"script":"<script> [6424 bytes]","args":[{"element-6066-11e4-a52e-4f735466cecf":"f.4029F9BF6121742C63F81BE4EF1CA26F.d.248B375A5CC2A9475086883B5C101D3F.e.3332"},"getTitle",[]]}
RESULT: {"script":"<script> [6424 bytes]","args":[{"element-6066-11e4-a52e-4f735466cecf":"f.4029F9BF6121742C63F81BE4EF1CA26F.d.248B375A5CC2A9475086883B5C101D3F.e.3332"},"getTitle",[]]}
RESULT: undefined
COMMAND: POST /session/5e92debbff3cc6e5587d1fbec505cad2/element/f.4029F9BF6121742C63F81BE4EF1CA26F.d.248B375A5CC2A9475086883B5C101D3F.e.3311/click - {}
RESULT: {}
COMMAND: GET /session/5e92debbff3cc6e5587d1fbec505cad2/screenshot - {}
RESULT: {}
]]></system-out>
    </testcase>
    <testcase classname="chrome.135_0_7049_96.windows.Sanity_Tests_US104253" name="Should open Bin Status Report page" time="35.665">
      <system-out><![CDATA[
COMMAND: POST /session/5e92debbff3cc6e5587d1fbec505cad2/execute/async - {"script":"<script> [1562 bytes]","args":[{"selector":{"controlType":"sap.m.GenericTile","properties":{"header":"Bin Status Report"}},"wdio_ui5_key":"sapm.GenericTile{\"header\":\"Bin Status Report\"}"}]}
RESULT: {"script":"<script> [1562 bytes]","args":[{"selector":{"controlType":"sap.m.GenericTile","properties":{"header":"Bin Status Report"}},"wdio_ui5_key":"sapm.GenericTile{\"header\":\"Bin Status Report\"}"}]}
RESULT: undefined
COMMAND: POST /session/5e92debbff3cc6e5587d1fbec505cad2/element - {"using":"xpath","value":"//*[@id=\"__tile104\"]"}
RESULT: {"using":"xpath","value":"//*[@id=\"__tile104\"]"}
COMMAND: POST /session/5e92debbff3cc6e5587d1fbec505cad2/element/f.4029F9BF6121742C63F81BE4EF1CA26F.d.248B375A5CC2A9475086883B5C101D3F.e.3334/click - {}
RESULT: {}
COMMAND: GET /session/5e92debbff3cc6e5587d1fbec505cad2/screenshot - {}
RESULT: {}
RESULT: undefined
COMMAND: POST /session/5e92debbff3cc6e5587d1fbec505cad2/element - {"using":"xpath","value":"//*[@id=\"__tile104\"]"}
RESULT: {"using":"xpath","value":"//*[@id=\"__tile104\"]"}
COMMAND: POST /session/5e92debbff3cc6e5587d1fbec505cad2/element/f.4029F9BF6121742C63F81BE4EF1CA26F.d.248B375A5CC2A9475086883B5C101D3F.e.3334/click - {}
RESULT: undefined
COMMAND: POST /session/5e92debbff3cc6e5587d1fbec505cad2/element - {"using":"xpath","value":"//*[@id=\"__tile104\"]"}
RESULT: {"using":"xpath","value":"//*[@id=\"__tile104\"]"}
COMMAND: POST /session/5e92debbff3cc6e5587d1fbec505cad2/element/f.4029F9BF6121742C63F81BE4EF1CA26F.d.248B375A5CC2A9475086883B5C101D3F.e.3334/click - {}
RESULT: undefined
COMMAND: POST /session/5e92debbff3cc6e5587d1fbec505cad2/execute/async - {"script":"<script> [6424 bytes]","args":[{"element-6066-11e4-a52e-4f735466cecf":"f.4029F9BF6121742C63F81BE4EF1CA26F.d.248B375A5CC2A9475086883B5C101D3F.e.284"},"getTitle",[]]}
COMMAND: POST /session/5e92debbff3cc6e5587d1fbec505cad2/execute/async - {"script":"<script> [1562 bytes]","args":[{"selector":{"id":"shellAppTitle"},"wdio_ui5_key":"shellAppTitle"}]}
RESULT: {"script":"<script> [1562 bytes]","args":[{"selector":{"id":"shellAppTitle"},"wdio_ui5_key":"shellAppTitle"}]}
COMMAND: POST /session/5e92debbff3cc6e5587d1fbec505cad2/execute/async - {"script":"<script> [6424 bytes]","args":[{"element-6066-11e4-a52e-4f735466cecf":"f.4029F9BF6121742C63F81BE4EF1CA26F.d.248B375A5CC2A9475086883B5C101D3F.e.3431"},"getTitle",[]]}
RESULT: {"script":"<script> [6424 bytes]","args":[{"element-6066-11e4-a52e-4f735466cecf":"f.4029F9BF6121742C63F81BE4EF1CA26F.d.248B375A5CC2A9475086883B5C101D3F.e.3431"},"getTitle",[]]}
RESULT: undefined
COMMAND: POST /session/5e92debbff3cc6e5587d1fbec505cad2/element/f.4029F9BF6121742C63F81BE4EF1CA26F.d.248B375A5CC2A9475086883B5C101D3F.e.3311/click - {}
COMMAND: POST /session/5e92debbff3cc6e5587d1fbec505cad2/element - {"using":"xpath","value":"//*[@id=\"backBtn\"]"}
RESULT: {"using":"xpath","value":"//*[@id=\"backBtn\"]"}
COMMAND: POST /session/5e92debbff3cc6e5587d1fbec505cad2/element/f.4029F9BF6121742C63F81BE4EF1CA26F.d.248B375A5CC2A9475086883B5C101D3F.e.3311/click - {}
COMMAND: POST /session/5e92debbff3cc6e5587d1fbec505cad2/element - {"using":"xpath","value":"//*[@id=\"backBtn\"]"}
RESULT: {"using":"xpath","value":"//*[@id=\"backBtn\"]"}
COMMAND: POST /session/5e92debbff3cc6e5587d1fbec505cad2/element/f.4029F9BF6121742C63F81BE4EF1CA26F.d.248B375A5CC2A9475086883B5C101D3F.e.3432/click - {}
RESULT: {}
COMMAND: GET /session/5e92debbff3cc6e5587d1fbec505cad2/screenshot - {}
RESULT: {}
]]></system-out>
    </testcase>
    <testcase classname="chrome.135_0_7049_96.windows.Sanity_Tests_US104253" name="Should open Manage Warehouse Movements page" time="34.486">
      <system-out><![CDATA[
COMMAND: POST /session/5e92debbff3cc6e5587d1fbec505cad2/execute/async - {"script":"<script> [1562 bytes]","args":[{"selector":{"controlType":"sap.m.GenericTile","properties":{"header":"Manage Warehouse Movements"}},"wdio_ui5_key":"sapm.GenericTile{\"header\":\"Manage Warehouse Movements\"}"}]}
RESULT: {"script":"<script> [1562 bytes]","args":[{"selector":{"controlType":"sap.m.GenericTile","properties":{"header":"Manage Warehouse Movements"}},"wdio_ui5_key":"sapm.GenericTile{\"header\":\"Manage Warehouse Movements\"}"}]}
RESULT: undefined
COMMAND: POST /session/5e92debbff3cc6e5587d1fbec505cad2/element - {"using":"xpath","value":"//*[@id=\"__tile105\"]"}
RESULT: {"using":"xpath","value":"//*[@id=\"__tile105\"]"}
COMMAND: POST /session/5e92debbff3cc6e5587d1fbec505cad2/element/f.4029F9BF6121742C63F81BE4EF1CA26F.d.248B375A5CC2A9475086883B5C101D3F.e.3436/click - {}
RESULT: {}
COMMAND: GET /session/5e92debbff3cc6e5587d1fbec505cad2/screenshot - {}
RESULT: {}
RESULT: undefined
COMMAND: POST /session/5e92debbff3cc6e5587d1fbec505cad2/element - {"using":"xpath","value":"//*[@id=\"__tile105\"]"}
RESULT: {"using":"xpath","value":"//*[@id=\"__tile105\"]"}
COMMAND: POST /session/5e92debbff3cc6e5587d1fbec505cad2/element/f.4029F9BF6121742C63F81BE4EF1CA26F.d.248B375A5CC2A9475086883B5C101D3F.e.3436/click - {}
RESULT: undefined
COMMAND: POST /session/5e92debbff3cc6e5587d1fbec505cad2/element - {"using":"xpath","value":"//*[@id=\"__tile105\"]"}
RESULT: {"using":"xpath","value":"//*[@id=\"__tile105\"]"}
COMMAND: POST /session/5e92debbff3cc6e5587d1fbec505cad2/element/f.4029F9BF6121742C63F81BE4EF1CA26F.d.248B375A5CC2A9475086883B5C101D3F.e.3436/click - {}
RESULT: undefined
COMMAND: POST /session/5e92debbff3cc6e5587d1fbec505cad2/execute/async - {"script":"<script> [6424 bytes]","args":[{"element-6066-11e4-a52e-4f735466cecf":"f.4029F9BF6121742C63F81BE4EF1CA26F.d.248B375A5CC2A9475086883B5C101D3F.e.284"},"getTitle",[]]}
COMMAND: POST /session/5e92debbff3cc6e5587d1fbec505cad2/execute/async - {"script":"<script> [1562 bytes]","args":[{"selector":{"id":"shellAppTitle"},"wdio_ui5_key":"shellAppTitle"}]}
RESULT: {"script":"<script> [1562 bytes]","args":[{"selector":{"id":"shellAppTitle"},"wdio_ui5_key":"shellAppTitle"}]}
COMMAND: POST /session/5e92debbff3cc6e5587d1fbec505cad2/execute/async - {"script":"<script> [6424 bytes]","args":[{"element-6066-11e4-a52e-4f735466cecf":"f.4029F9BF6121742C63F81BE4EF1CA26F.d.248B375A5CC2A9475086883B5C101D3F.e.3538"},"getTitle",[]]}
RESULT: {"script":"<script> [6424 bytes]","args":[{"element-6066-11e4-a52e-4f735466cecf":"f.4029F9BF6121742C63F81BE4EF1CA26F.d.248B375A5CC2A9475086883B5C101D3F.e.3538"},"getTitle",[]]}
RESULT: undefined
COMMAND: POST /session/5e92debbff3cc6e5587d1fbec505cad2/element/f.4029F9BF6121742C63F81BE4EF1CA26F.d.248B375A5CC2A9475086883B5C101D3F.e.3432/click - {}
RESULT: {}
COMMAND: GET /session/5e92debbff3cc6e5587d1fbec505cad2/screenshot - {}
RESULT: {}
]]></system-out>
    </testcase>
    <testcase classname="chrome.135_0_7049_96.windows.Sanity_Tests_US104253" name="Should open Bin Inventory List page" time="40.057">
      <system-out><![CDATA[
COMMAND: POST /session/5e92debbff3cc6e5587d1fbec505cad2/execute/async - {"script":"<script> [1562 bytes]","args":[{"selector":{"controlType":"sap.m.GenericTile","properties":{"header":"Bin Inventory List"}},"wdio_ui5_key":"sapm.GenericTile{\"header\":\"Bin Inventory List\"}"}]}
RESULT: {"script":"<script> [1562 bytes]","args":[{"selector":{"controlType":"sap.m.GenericTile","properties":{"header":"Bin Inventory List"}},"wdio_ui5_key":"sapm.GenericTile{\"header\":\"Bin Inventory List\"}"}]}
RESULT: undefined
COMMAND: POST /session/5e92debbff3cc6e5587d1fbec505cad2/element - {"using":"xpath","value":"//*[@id=\"__tile103\"]"}
RESULT: {"using":"xpath","value":"//*[@id=\"__tile103\"]"}
COMMAND: POST /session/5e92debbff3cc6e5587d1fbec505cad2/element/f.4029F9BF6121742C63F81BE4EF1CA26F.d.248B375A5CC2A9475086883B5C101D3F.e.3540/click - {}
RESULT: {}
COMMAND: GET /session/5e92debbff3cc6e5587d1fbec505cad2/screenshot - {}
RESULT: {}
RESULT: undefined
COMMAND: POST /session/5e92debbff3cc6e5587d1fbec505cad2/element - {"using":"xpath","value":"//*[@id=\"__tile103\"]"}
RESULT: {"using":"xpath","value":"//*[@id=\"__tile103\"]"}
COMMAND: POST /session/5e92debbff3cc6e5587d1fbec505cad2/element/f.4029F9BF6121742C63F81BE4EF1CA26F.d.248B375A5CC2A9475086883B5C101D3F.e.3540/click - {}
RESULT: undefined
COMMAND: POST /session/5e92debbff3cc6e5587d1fbec505cad2/element - {"using":"xpath","value":"//*[@id=\"__tile103\"]"}
RESULT: {"using":"xpath","value":"//*[@id=\"__tile103\"]"}
COMMAND: POST /session/5e92debbff3cc6e5587d1fbec505cad2/element/f.4029F9BF6121742C63F81BE4EF1CA26F.d.248B375A5CC2A9475086883B5C101D3F.e.3540/click - {}
RESULT: undefined
COMMAND: POST /session/5e92debbff3cc6e5587d1fbec505cad2/execute/async - {"script":"<script> [6424 bytes]","args":[{"element-6066-11e4-a52e-4f735466cecf":"f.4029F9BF6121742C63F81BE4EF1CA26F.d.248B375A5CC2A9475086883B5C101D3F.e.284"},"getTitle",[]]}
COMMAND: POST /session/5e92debbff3cc6e5587d1fbec505cad2/execute/async - {"script":"<script> [1562 bytes]","args":[{"selector":{"id":"shellAppTitle"},"wdio_ui5_key":"shellAppTitle"}]}
RESULT: {"script":"<script> [1562 bytes]","args":[{"selector":{"id":"shellAppTitle"},"wdio_ui5_key":"shellAppTitle"}]}
COMMAND: POST /session/5e92debbff3cc6e5587d1fbec505cad2/execute/async - {"script":"<script> [6424 bytes]","args":[{"element-6066-11e4-a52e-4f735466cecf":"f.4029F9BF6121742C63F81BE4EF1CA26F.d.248B375A5CC2A9475086883B5C101D3F.e.3640"},"getTitle",[]]}
RESULT: {"script":"<script> [6424 bytes]","args":[{"element-6066-11e4-a52e-4f735466cecf":"f.4029F9BF6121742C63F81BE4EF1CA26F.d.248B375A5CC2A9475086883B5C101D3F.e.3640"},"getTitle",[]]}
RESULT: undefined
COMMAND: POST /session/5e92debbff3cc6e5587d1fbec505cad2/element/f.4029F9BF6121742C63F81BE4EF1CA26F.d.248B375A5CC2A9475086883B5C101D3F.e.3432/click - {}
COMMAND: POST /session/5e92debbff3cc6e5587d1fbec505cad2/element - {"using":"xpath","value":"//*[@id=\"backBtn\"]"}
RESULT: {"using":"xpath","value":"//*[@id=\"backBtn\"]"}
COMMAND: POST /session/5e92debbff3cc6e5587d1fbec505cad2/element/f.4029F9BF6121742C63F81BE4EF1CA26F.d.248B375A5CC2A9475086883B5C101D3F.e.3432/click - {}
COMMAND: POST /session/5e92debbff3cc6e5587d1fbec505cad2/element - {"using":"xpath","value":"//*[@id=\"backBtn\"]"}
RESULT: {"using":"xpath","value":"//*[@id=\"backBtn\"]"}
COMMAND: POST /session/5e92debbff3cc6e5587d1fbec505cad2/element/f.4029F9BF6121742C63F81BE4EF1CA26F.d.248B375A5CC2A9475086883B5C101D3F.e.3641/click - {}
RESULT: {}
COMMAND: GET /session/5e92debbff3cc6e5587d1fbec505cad2/screenshot - {}
RESULT: {}
]]></system-out>
    </testcase>
    <testcase classname="chrome.135_0_7049_96.windows.Sanity_Tests_US104253" name="Should open ISC Templates page" time="32.131">
      <system-out><![CDATA[
COMMAND: POST /session/5e92debbff3cc6e5587d1fbec505cad2/execute/async - {"script":"<script> [1562 bytes]","args":[{"selector":{"controlType":"sap.m.GenericTile","properties":{"header":"ISC Templates"}},"wdio_ui5_key":"sapm.GenericTile{\"header\":\"ISC Templates\"}"}]}
RESULT: {"script":"<script> [1562 bytes]","args":[{"selector":{"controlType":"sap.m.GenericTile","properties":{"header":"ISC Templates"}},"wdio_ui5_key":"sapm.GenericTile{\"header\":\"ISC Templates\"}"}]}
RESULT: undefined
COMMAND: POST /session/5e92debbff3cc6e5587d1fbec505cad2/element - {"using":"xpath","value":"//*[@id=\"__tile111\"]"}
RESULT: {"using":"xpath","value":"//*[@id=\"__tile111\"]"}
COMMAND: POST /session/5e92debbff3cc6e5587d1fbec505cad2/element/f.4029F9BF6121742C63F81BE4EF1CA26F.d.248B375A5CC2A9475086883B5C101D3F.e.3643/click - {}
RESULT: {}
COMMAND: GET /session/5e92debbff3cc6e5587d1fbec505cad2/screenshot - {}
RESULT: {}
RESULT: undefined
COMMAND: POST /session/5e92debbff3cc6e5587d1fbec505cad2/element - {"using":"xpath","value":"//*[@id=\"__tile111\"]"}
RESULT: {"using":"xpath","value":"//*[@id=\"__tile111\"]"}
COMMAND: POST /session/5e92debbff3cc6e5587d1fbec505cad2/element/f.4029F9BF6121742C63F81BE4EF1CA26F.d.248B375A5CC2A9475086883B5C101D3F.e.3643/click - {}
RESULT: undefined
COMMAND: POST /session/5e92debbff3cc6e5587d1fbec505cad2/element - {"using":"xpath","value":"//*[@id=\"__tile111\"]"}
RESULT: {"using":"xpath","value":"//*[@id=\"__tile111\"]"}
COMMAND: POST /session/5e92debbff3cc6e5587d1fbec505cad2/element/f.4029F9BF6121742C63F81BE4EF1CA26F.d.248B375A5CC2A9475086883B5C101D3F.e.3643/click - {}
RESULT: undefined
COMMAND: POST /session/5e92debbff3cc6e5587d1fbec505cad2/execute/async - {"script":"<script> [6424 bytes]","args":[{"element-6066-11e4-a52e-4f735466cecf":"f.4029F9BF6121742C63F81BE4EF1CA26F.d.248B375A5CC2A9475086883B5C101D3F.e.284"},"getTitle",[]]}
COMMAND: POST /session/5e92debbff3cc6e5587d1fbec505cad2/execute/async - {"script":"<script> [1562 bytes]","args":[{"selector":{"id":"shellAppTitle"},"wdio_ui5_key":"shellAppTitle"}]}
RESULT: {"script":"<script> [1562 bytes]","args":[{"selector":{"id":"shellAppTitle"},"wdio_ui5_key":"shellAppTitle"}]}
COMMAND: POST /session/5e92debbff3cc6e5587d1fbec505cad2/execute/async - {"script":"<script> [6424 bytes]","args":[{"element-6066-11e4-a52e-4f735466cecf":"f.4029F9BF6121742C63F81BE4EF1CA26F.d.248B375A5CC2A9475086883B5C101D3F.e.3711"},"getTitle",[]]}
RESULT: {"script":"<script> [6424 bytes]","args":[{"element-6066-11e4-a52e-4f735466cecf":"f.4029F9BF6121742C63F81BE4EF1CA26F.d.248B375A5CC2A9475086883B5C101D3F.e.3711"},"getTitle",[]]}
RESULT: undefined
COMMAND: POST /session/5e92debbff3cc6e5587d1fbec505cad2/element/f.4029F9BF6121742C63F81BE4EF1CA26F.d.248B375A5CC2A9475086883B5C101D3F.e.3641/click - {}
RESULT: {}
COMMAND: GET /session/5e92debbff3cc6e5587d1fbec505cad2/screenshot - {}
RESULT: {}
]]></system-out>
    </testcase>
    <testcase classname="chrome.135_0_7049_96.windows.Sanity_Tests_US104253" name="Should open ISC Schedules page" time="33.335">
      <system-out><![CDATA[
COMMAND: POST /session/5e92debbff3cc6e5587d1fbec505cad2/execute/async - {"script":"<script> [1562 bytes]","args":[{"selector":{"controlType":"sap.m.GenericTile","properties":{"header":"ISC Schedules"}},"wdio_ui5_key":"sapm.GenericTile{\"header\":\"ISC Schedules\"}"}]}
RESULT: {"script":"<script> [1562 bytes]","args":[{"selector":{"controlType":"sap.m.GenericTile","properties":{"header":"ISC Schedules"}},"wdio_ui5_key":"sapm.GenericTile{\"header\":\"ISC Schedules\"}"}]}
RESULT: undefined
COMMAND: POST /session/5e92debbff3cc6e5587d1fbec505cad2/element - {"using":"xpath","value":"//*[@id=\"__tile109\"]"}
RESULT: {"using":"xpath","value":"//*[@id=\"__tile109\"]"}
COMMAND: POST /session/5e92debbff3cc6e5587d1fbec505cad2/element/f.4029F9BF6121742C63F81BE4EF1CA26F.d.248B375A5CC2A9475086883B5C101D3F.e.3714/click - {}
RESULT: {}
COMMAND: GET /session/5e92debbff3cc6e5587d1fbec505cad2/screenshot - {}
RESULT: {}
RESULT: undefined
COMMAND: POST /session/5e92debbff3cc6e5587d1fbec505cad2/element - {"using":"xpath","value":"//*[@id=\"__tile109\"]"}
RESULT: {"using":"xpath","value":"//*[@id=\"__tile109\"]"}
COMMAND: POST /session/5e92debbff3cc6e5587d1fbec505cad2/element/f.4029F9BF6121742C63F81BE4EF1CA26F.d.248B375A5CC2A9475086883B5C101D3F.e.3714/click - {}
RESULT: undefined
COMMAND: POST /session/5e92debbff3cc6e5587d1fbec505cad2/element - {"using":"xpath","value":"//*[@id=\"__tile109\"]"}
RESULT: {"using":"xpath","value":"//*[@id=\"__tile109\"]"}
COMMAND: POST /session/5e92debbff3cc6e5587d1fbec505cad2/element/f.4029F9BF6121742C63F81BE4EF1CA26F.d.248B375A5CC2A9475086883B5C101D3F.e.3714/click - {}
RESULT: undefined
COMMAND: POST /session/5e92debbff3cc6e5587d1fbec505cad2/execute/async - {"script":"<script> [6424 bytes]","args":[{"element-6066-11e4-a52e-4f735466cecf":"f.4029F9BF6121742C63F81BE4EF1CA26F.d.248B375A5CC2A9475086883B5C101D3F.e.284"},"getTitle",[]]}
COMMAND: POST /session/5e92debbff3cc6e5587d1fbec505cad2/execute/async - {"script":"<script> [1562 bytes]","args":[{"selector":{"id":"shellAppTitle"},"wdio_ui5_key":"shellAppTitle"}]}
RESULT: {"script":"<script> [1562 bytes]","args":[{"selector":{"id":"shellAppTitle"},"wdio_ui5_key":"shellAppTitle"}]}
COMMAND: POST /session/5e92debbff3cc6e5587d1fbec505cad2/execute/async - {"script":"<script> [6424 bytes]","args":[{"element-6066-11e4-a52e-4f735466cecf":"f.4029F9BF6121742C63F81BE4EF1CA26F.d.248B375A5CC2A9475086883B5C101D3F.e.3793"},"getTitle",[]]}
RESULT: {"script":"<script> [6424 bytes]","args":[{"element-6066-11e4-a52e-4f735466cecf":"f.4029F9BF6121742C63F81BE4EF1CA26F.d.248B375A5CC2A9475086883B5C101D3F.e.3793"},"getTitle",[]]}
RESULT: undefined
COMMAND: POST /session/5e92debbff3cc6e5587d1fbec505cad2/element/f.4029F9BF6121742C63F81BE4EF1CA26F.d.248B375A5CC2A9475086883B5C101D3F.e.3641/click - {}
COMMAND: POST /session/5e92debbff3cc6e5587d1fbec505cad2/element - {"using":"xpath","value":"//*[@id=\"backBtn\"]"}
RESULT: {"using":"xpath","value":"//*[@id=\"backBtn\"]"}
COMMAND: POST /session/5e92debbff3cc6e5587d1fbec505cad2/element/f.4029F9BF6121742C63F81BE4EF1CA26F.d.248B375A5CC2A9475086883B5C101D3F.e.3641/click - {}
COMMAND: POST /session/5e92debbff3cc6e5587d1fbec505cad2/element - {"using":"xpath","value":"//*[@id=\"backBtn\"]"}
RESULT: {"using":"xpath","value":"//*[@id=\"backBtn\"]"}
COMMAND: POST /session/5e92debbff3cc6e5587d1fbec505cad2/element/f.4029F9BF6121742C63F81BE4EF1CA26F.d.248B375A5CC2A9475086883B5C101D3F.e.3794/click - {}
RESULT: {}
COMMAND: GET /session/5e92debbff3cc6e5587d1fbec505cad2/screenshot - {}
RESULT: {}
]]></system-out>
    </testcase>
    <testcase classname="chrome.135_0_7049_96.windows.Sanity_Tests_US104253" name="Should open ISC Dashboard page" time="33.612">
      <system-out><![CDATA[
COMMAND: POST /session/5e92debbff3cc6e5587d1fbec505cad2/execute/async - {"script":"<script> [1562 bytes]","args":[{"selector":{"controlType":"sap.m.GenericTile","properties":{"header":"ISC Dashboard"}},"wdio_ui5_key":"sapm.GenericTile{\"header\":\"ISC Dashboard\"}"}]}
RESULT: {"script":"<script> [1562 bytes]","args":[{"selector":{"controlType":"sap.m.GenericTile","properties":{"header":"ISC Dashboard"}},"wdio_ui5_key":"sapm.GenericTile{\"header\":\"ISC Dashboard\"}"}]}
RESULT: undefined
COMMAND: POST /session/5e92debbff3cc6e5587d1fbec505cad2/element - {"using":"xpath","value":"//*[@id=\"__tile106\"]"}
RESULT: {"using":"xpath","value":"//*[@id=\"__tile106\"]"}
COMMAND: POST /session/5e92debbff3cc6e5587d1fbec505cad2/element/f.4029F9BF6121742C63F81BE4EF1CA26F.d.248B375A5CC2A9475086883B5C101D3F.e.3796/click - {}
RESULT: {}
COMMAND: GET /session/5e92debbff3cc6e5587d1fbec505cad2/screenshot - {}
RESULT: {}
RESULT: undefined
COMMAND: POST /session/5e92debbff3cc6e5587d1fbec505cad2/element - {"using":"xpath","value":"//*[@id=\"__tile106\"]"}
RESULT: {"using":"xpath","value":"//*[@id=\"__tile106\"]"}
COMMAND: POST /session/5e92debbff3cc6e5587d1fbec505cad2/element/f.4029F9BF6121742C63F81BE4EF1CA26F.d.248B375A5CC2A9475086883B5C101D3F.e.3796/click - {}
RESULT: undefined
COMMAND: POST /session/5e92debbff3cc6e5587d1fbec505cad2/element - {"using":"xpath","value":"//*[@id=\"__tile106\"]"}
RESULT: {"using":"xpath","value":"//*[@id=\"__tile106\"]"}
COMMAND: POST /session/5e92debbff3cc6e5587d1fbec505cad2/element/f.4029F9BF6121742C63F81BE4EF1CA26F.d.248B375A5CC2A9475086883B5C101D3F.e.3796/click - {}
RESULT: undefined
COMMAND: POST /session/5e92debbff3cc6e5587d1fbec505cad2/execute/async - {"script":"<script> [6424 bytes]","args":[{"element-6066-11e4-a52e-4f735466cecf":"f.4029F9BF6121742C63F81BE4EF1CA26F.d.248B375A5CC2A9475086883B5C101D3F.e.284"},"getTitle",[]]}
COMMAND: POST /session/5e92debbff3cc6e5587d1fbec505cad2/execute/async - {"script":"<script> [1562 bytes]","args":[{"selector":{"id":"shellAppTitle"},"wdio_ui5_key":"shellAppTitle"}]}
RESULT: {"script":"<script> [1562 bytes]","args":[{"selector":{"id":"shellAppTitle"},"wdio_ui5_key":"shellAppTitle"}]}
COMMAND: POST /session/5e92debbff3cc6e5587d1fbec505cad2/execute/async - {"script":"<script> [6424 bytes]","args":[{"element-6066-11e4-a52e-4f735466cecf":"f.4029F9BF6121742C63F81BE4EF1CA26F.d.248B375A5CC2A9475086883B5C101D3F.e.3923"},"getTitle",[]]}
RESULT: {"script":"<script> [6424 bytes]","args":[{"element-6066-11e4-a52e-4f735466cecf":"f.4029F9BF6121742C63F81BE4EF1CA26F.d.248B375A5CC2A9475086883B5C101D3F.e.3923"},"getTitle",[]]}
RESULT: undefined
COMMAND: POST /session/5e92debbff3cc6e5587d1fbec505cad2/element/f.4029F9BF6121742C63F81BE4EF1CA26F.d.248B375A5CC2A9475086883B5C101D3F.e.3794/click - {}
RESULT: {}
COMMAND: GET /session/5e92debbff3cc6e5587d1fbec505cad2/screenshot - {}
RESULT: {}
]]></system-out>
    </testcase>
    <testcase classname="chrome.135_0_7049_96.windows.Sanity_Tests_US104253" name="Should open ISC Orders page" time="43.535">
      <system-out><![CDATA[
COMMAND: POST /session/5e92debbff3cc6e5587d1fbec505cad2/execute/async - {"script":"<script> [1562 bytes]","args":[{"selector":{"controlType":"sap.m.GenericTile","properties":{"header":"ISC Orders"}},"wdio_ui5_key":"sapm.GenericTile{\"header\":\"ISC Orders\"}"}]}
RESULT: {"script":"<script> [1562 bytes]","args":[{"selector":{"controlType":"sap.m.GenericTile","properties":{"header":"ISC Orders"}},"wdio_ui5_key":"sapm.GenericTile{\"header\":\"ISC Orders\"}"}]}
RESULT: undefined
COMMAND: POST /session/5e92debbff3cc6e5587d1fbec505cad2/element - {"using":"xpath","value":"//*[@id=\"__tile108\"]"}
RESULT: {"using":"xpath","value":"//*[@id=\"__tile108\"]"}
COMMAND: POST /session/5e92debbff3cc6e5587d1fbec505cad2/element/f.4029F9BF6121742C63F81BE4EF1CA26F.d.248B375A5CC2A9475086883B5C101D3F.e.3925/click - {}
RESULT: {}
COMMAND: GET /session/5e92debbff3cc6e5587d1fbec505cad2/screenshot - {}
RESULT: {}
RESULT: undefined
COMMAND: POST /session/5e92debbff3cc6e5587d1fbec505cad2/element - {"using":"xpath","value":"//*[@id=\"__tile108\"]"}
RESULT: {"using":"xpath","value":"//*[@id=\"__tile108\"]"}
COMMAND: POST /session/5e92debbff3cc6e5587d1fbec505cad2/element/f.4029F9BF6121742C63F81BE4EF1CA26F.d.248B375A5CC2A9475086883B5C101D3F.e.3925/click - {}
RESULT: undefined
COMMAND: POST /session/5e92debbff3cc6e5587d1fbec505cad2/element - {"using":"xpath","value":"//*[@id=\"__tile108\"]"}
RESULT: {"using":"xpath","value":"//*[@id=\"__tile108\"]"}
COMMAND: POST /session/5e92debbff3cc6e5587d1fbec505cad2/element/f.4029F9BF6121742C63F81BE4EF1CA26F.d.248B375A5CC2A9475086883B5C101D3F.e.3925/click - {}
RESULT: undefined
COMMAND: POST /session/5e92debbff3cc6e5587d1fbec505cad2/execute/async - {"script":"<script> [6424 bytes]","args":[{"element-6066-11e4-a52e-4f735466cecf":"f.4029F9BF6121742C63F81BE4EF1CA26F.d.248B375A5CC2A9475086883B5C101D3F.e.284"},"getTitle",[]]}
COMMAND: POST /session/5e92debbff3cc6e5587d1fbec505cad2/execute/async - {"script":"<script> [1562 bytes]","args":[{"selector":{"id":"shellAppTitle"},"wdio_ui5_key":"shellAppTitle"}]}
RESULT: {"script":"<script> [1562 bytes]","args":[{"selector":{"id":"shellAppTitle"},"wdio_ui5_key":"shellAppTitle"}]}
COMMAND: POST /session/5e92debbff3cc6e5587d1fbec505cad2/execute/async - {"script":"<script> [6424 bytes]","args":[{"element-6066-11e4-a52e-4f735466cecf":"f.4029F9BF6121742C63F81BE4EF1CA26F.d.248B375A5CC2A9475086883B5C101D3F.e.4332"},"getTitle",[]]}
RESULT: {"script":"<script> [6424 bytes]","args":[{"element-6066-11e4-a52e-4f735466cecf":"f.4029F9BF6121742C63F81BE4EF1CA26F.d.248B375A5CC2A9475086883B5C101D3F.e.4332"},"getTitle",[]]}
RESULT: undefined
COMMAND: POST /session/5e92debbff3cc6e5587d1fbec505cad2/element/f.4029F9BF6121742C63F81BE4EF1CA26F.d.248B375A5CC2A9475086883B5C101D3F.e.3794/click - {}
COMMAND: POST /session/5e92debbff3cc6e5587d1fbec505cad2/element - {"using":"xpath","value":"//*[@id=\"backBtn\"]"}
RESULT: {"using":"xpath","value":"//*[@id=\"backBtn\"]"}
COMMAND: POST /session/5e92debbff3cc6e5587d1fbec505cad2/element/f.4029F9BF6121742C63F81BE4EF1CA26F.d.248B375A5CC2A9475086883B5C101D3F.e.3794/click - {}
COMMAND: POST /session/5e92debbff3cc6e5587d1fbec505cad2/element - {"using":"xpath","value":"//*[@id=\"backBtn\"]"}
RESULT: {"using":"xpath","value":"//*[@id=\"backBtn\"]"}
COMMAND: POST /session/5e92debbff3cc6e5587d1fbec505cad2/element/f.4029F9BF6121742C63F81BE4EF1CA26F.d.248B375A5CC2A9475086883B5C101D3F.e.4333/click - {}
RESULT: {}
COMMAND: GET /session/5e92debbff3cc6e5587d1fbec505cad2/screenshot - {}
RESULT: {}
]]></system-out>
    </testcase>
    <testcase classname="chrome.135_0_7049_96.windows.Sanity_Tests_US104253" name="Should open ISC Tasks page" time="34.353">
      <system-out><![CDATA[
COMMAND: POST /session/5e92debbff3cc6e5587d1fbec505cad2/execute/async - {"script":"<script> [1562 bytes]","args":[{"selector":{"controlType":"sap.m.GenericTile","properties":{"header":"ISC Tasks"}},"wdio_ui5_key":"sapm.GenericTile{\"header\":\"ISC Tasks\"}"}]}
RESULT: {"script":"<script> [1562 bytes]","args":[{"selector":{"controlType":"sap.m.GenericTile","properties":{"header":"ISC Tasks"}},"wdio_ui5_key":"sapm.GenericTile{\"header\":\"ISC Tasks\"}"}]}
RESULT: undefined
COMMAND: POST /session/5e92debbff3cc6e5587d1fbec505cad2/element - {"using":"xpath","value":"//*[@id=\"__tile110\"]"}
RESULT: {"using":"xpath","value":"//*[@id=\"__tile110\"]"}
COMMAND: POST /session/5e92debbff3cc6e5587d1fbec505cad2/element/f.4029F9BF6121742C63F81BE4EF1CA26F.d.248B375A5CC2A9475086883B5C101D3F.e.4335/click - {}
RESULT: {}
COMMAND: GET /session/5e92debbff3cc6e5587d1fbec505cad2/screenshot - {}
RESULT: {}
RESULT: undefined
COMMAND: POST /session/5e92debbff3cc6e5587d1fbec505cad2/element - {"using":"xpath","value":"//*[@id=\"__tile110\"]"}
RESULT: {"using":"xpath","value":"//*[@id=\"__tile110\"]"}
COMMAND: POST /session/5e92debbff3cc6e5587d1fbec505cad2/element/f.4029F9BF6121742C63F81BE4EF1CA26F.d.248B375A5CC2A9475086883B5C101D3F.e.4335/click - {}
RESULT: undefined
COMMAND: POST /session/5e92debbff3cc6e5587d1fbec505cad2/element - {"using":"xpath","value":"//*[@id=\"__tile110\"]"}
RESULT: {"using":"xpath","value":"//*[@id=\"__tile110\"]"}
COMMAND: POST /session/5e92debbff3cc6e5587d1fbec505cad2/element/f.4029F9BF6121742C63F81BE4EF1CA26F.d.248B375A5CC2A9475086883B5C101D3F.e.4335/click - {}
RESULT: undefined
COMMAND: POST /session/5e92debbff3cc6e5587d1fbec505cad2/execute/async - {"script":"<script> [6424 bytes]","args":[{"element-6066-11e4-a52e-4f735466cecf":"f.4029F9BF6121742C63F81BE4EF1CA26F.d.248B375A5CC2A9475086883B5C101D3F.e.284"},"getTitle",[]]}
COMMAND: POST /session/5e92debbff3cc6e5587d1fbec505cad2/execute/async - {"script":"<script> [1562 bytes]","args":[{"selector":{"id":"shellAppTitle"},"wdio_ui5_key":"shellAppTitle"}]}
RESULT: {"script":"<script> [1562 bytes]","args":[{"selector":{"id":"shellAppTitle"},"wdio_ui5_key":"shellAppTitle"}]}
COMMAND: POST /session/5e92debbff3cc6e5587d1fbec505cad2/execute/async - {"script":"<script> [6424 bytes]","args":[{"element-6066-11e4-a52e-4f735466cecf":"f.4029F9BF6121742C63F81BE4EF1CA26F.d.248B375A5CC2A9475086883B5C101D3F.e.4419"},"getTitle",[]]}
RESULT: {"script":"<script> [6424 bytes]","args":[{"element-6066-11e4-a52e-4f735466cecf":"f.4029F9BF6121742C63F81BE4EF1CA26F.d.248B375A5CC2A9475086883B5C101D3F.e.4419"},"getTitle",[]]}
RESULT: undefined
COMMAND: POST /session/5e92debbff3cc6e5587d1fbec505cad2/element/f.4029F9BF6121742C63F81BE4EF1CA26F.d.248B375A5CC2A9475086883B5C101D3F.e.4333/click - {}
RESULT: {}
COMMAND: GET /session/5e92debbff3cc6e5587d1fbec505cad2/screenshot - {}
RESULT: {}
]]></system-out>
    </testcase>
    <testcase classname="chrome.135_0_7049_96.windows.Sanity_Tests_US104253" name="Should open Manage Resource Logbook page" time="33.483">
      <system-out><![CDATA[
COMMAND: POST /session/5e92debbff3cc6e5587d1fbec505cad2/execute/async - {"script":"<script> [1562 bytes]","args":[{"selector":{"controlType":"sap.m.GenericTile","properties":{"header":"Manage Resource Logbook"}},"wdio_ui5_key":"sapm.GenericTile{\"header\":\"Manage Resource Logbook\"}"}]}
RESULT: {"script":"<script> [1562 bytes]","args":[{"selector":{"controlType":"sap.m.GenericTile","properties":{"header":"Manage Resource Logbook"}},"wdio_ui5_key":"sapm.GenericTile{\"header\":\"Manage Resource Logbook\"}"}]}
RESULT: undefined
COMMAND: POST /session/5e92debbff3cc6e5587d1fbec505cad2/element - {"using":"xpath","value":"//*[@id=\"__tile113\"]"}
RESULT: {"using":"xpath","value":"//*[@id=\"__tile113\"]"}
COMMAND: POST /session/5e92debbff3cc6e5587d1fbec505cad2/element/f.4029F9BF6121742C63F81BE4EF1CA26F.d.248B375A5CC2A9475086883B5C101D3F.e.4421/click - {}
RESULT: {}
COMMAND: GET /session/5e92debbff3cc6e5587d1fbec505cad2/screenshot - {}
RESULT: {}
RESULT: undefined
COMMAND: POST /session/5e92debbff3cc6e5587d1fbec505cad2/element - {"using":"xpath","value":"//*[@id=\"__tile113\"]"}
RESULT: {"using":"xpath","value":"//*[@id=\"__tile113\"]"}
COMMAND: POST /session/5e92debbff3cc6e5587d1fbec505cad2/element/f.4029F9BF6121742C63F81BE4EF1CA26F.d.248B375A5CC2A9475086883B5C101D3F.e.4421/click - {}
RESULT: undefined
COMMAND: POST /session/5e92debbff3cc6e5587d1fbec505cad2/element - {"using":"xpath","value":"//*[@id=\"__tile113\"]"}
RESULT: {"using":"xpath","value":"//*[@id=\"__tile113\"]"}
COMMAND: POST /session/5e92debbff3cc6e5587d1fbec505cad2/element/f.4029F9BF6121742C63F81BE4EF1CA26F.d.248B375A5CC2A9475086883B5C101D3F.e.4421/click - {}
RESULT: undefined
COMMAND: POST /session/5e92debbff3cc6e5587d1fbec505cad2/execute/async - {"script":"<script> [6424 bytes]","args":[{"element-6066-11e4-a52e-4f735466cecf":"f.4029F9BF6121742C63F81BE4EF1CA26F.d.248B375A5CC2A9475086883B5C101D3F.e.284"},"getTitle",[]]}
COMMAND: POST /session/5e92debbff3cc6e5587d1fbec505cad2/execute/async - {"script":"<script> [1562 bytes]","args":[{"selector":{"id":"shellAppTitle"},"wdio_ui5_key":"shellAppTitle"}]}
RESULT: {"script":"<script> [1562 bytes]","args":[{"selector":{"id":"shellAppTitle"},"wdio_ui5_key":"shellAppTitle"}]}
COMMAND: POST /session/5e92debbff3cc6e5587d1fbec505cad2/execute/async - {"script":"<script> [6424 bytes]","args":[{"element-6066-11e4-a52e-4f735466cecf":"f.4029F9BF6121742C63F81BE4EF1CA26F.d.248B375A5CC2A9475086883B5C101D3F.e.4528"},"getTitle",[]]}
RESULT: {"script":"<script> [6424 bytes]","args":[{"element-6066-11e4-a52e-4f735466cecf":"f.4029F9BF6121742C63F81BE4EF1CA26F.d.248B375A5CC2A9475086883B5C101D3F.e.4528"},"getTitle",[]]}
RESULT: undefined
COMMAND: POST /session/5e92debbff3cc6e5587d1fbec505cad2/element/f.4029F9BF6121742C63F81BE4EF1CA26F.d.248B375A5CC2A9475086883B5C101D3F.e.4333/click - {}
COMMAND: POST /session/5e92debbff3cc6e5587d1fbec505cad2/element - {"using":"xpath","value":"//*[@id=\"backBtn\"]"}
RESULT: {"using":"xpath","value":"//*[@id=\"backBtn\"]"}
COMMAND: POST /session/5e92debbff3cc6e5587d1fbec505cad2/element/f.4029F9BF6121742C63F81BE4EF1CA26F.d.248B375A5CC2A9475086883B5C101D3F.e.4333/click - {}
COMMAND: POST /session/5e92debbff3cc6e5587d1fbec505cad2/element - {"using":"xpath","value":"//*[@id=\"backBtn\"]"}
RESULT: {"using":"xpath","value":"//*[@id=\"backBtn\"]"}
COMMAND: POST /session/5e92debbff3cc6e5587d1fbec505cad2/element/f.4029F9BF6121742C63F81BE4EF1CA26F.d.248B375A5CC2A9475086883B5C101D3F.e.4529/click - {}
RESULT: {}
COMMAND: GET /session/5e92debbff3cc6e5587d1fbec505cad2/screenshot - {}
RESULT: {}
]]></system-out>
    </testcase>
    <testcase classname="chrome.135_0_7049_96.windows.Sanity_Tests_US104253" name="Should open Manage Logbook page" time="31.978">
      <system-out><![CDATA[
COMMAND: POST /session/5e92debbff3cc6e5587d1fbec505cad2/execute/async - {"script":"<script> [1562 bytes]","args":[{"selector":{"controlType":"sap.m.GenericTile","properties":{"header":"Manage Logbook"}},"wdio_ui5_key":"sapm.GenericTile{\"header\":\"Manage Logbook\"}"}]}
RESULT: {"script":"<script> [1562 bytes]","args":[{"selector":{"controlType":"sap.m.GenericTile","properties":{"header":"Manage Logbook"}},"wdio_ui5_key":"sapm.GenericTile{\"header\":\"Manage Logbook\"}"}]}
RESULT: undefined
COMMAND: POST /session/5e92debbff3cc6e5587d1fbec505cad2/element - {"using":"xpath","value":"//*[@id=\"__tile112\"]"}
RESULT: {"using":"xpath","value":"//*[@id=\"__tile112\"]"}
COMMAND: POST /session/5e92debbff3cc6e5587d1fbec505cad2/element/f.4029F9BF6121742C63F81BE4EF1CA26F.d.248B375A5CC2A9475086883B5C101D3F.e.4531/click - {}
RESULT: {}
COMMAND: GET /session/5e92debbff3cc6e5587d1fbec505cad2/screenshot - {}
RESULT: {}
RESULT: undefined
COMMAND: POST /session/5e92debbff3cc6e5587d1fbec505cad2/element - {"using":"xpath","value":"//*[@id=\"__tile112\"]"}
RESULT: {"using":"xpath","value":"//*[@id=\"__tile112\"]"}
COMMAND: POST /session/5e92debbff3cc6e5587d1fbec505cad2/element/f.4029F9BF6121742C63F81BE4EF1CA26F.d.248B375A5CC2A9475086883B5C101D3F.e.4531/click - {}
RESULT: undefined
COMMAND: POST /session/5e92debbff3cc6e5587d1fbec505cad2/element - {"using":"xpath","value":"//*[@id=\"__tile112\"]"}
RESULT: {"using":"xpath","value":"//*[@id=\"__tile112\"]"}
COMMAND: POST /session/5e92debbff3cc6e5587d1fbec505cad2/element/f.4029F9BF6121742C63F81BE4EF1CA26F.d.248B375A5CC2A9475086883B5C101D3F.e.4531/click - {}
RESULT: undefined
COMMAND: POST /session/5e92debbff3cc6e5587d1fbec505cad2/execute/async - {"script":"<script> [6424 bytes]","args":[{"element-6066-11e4-a52e-4f735466cecf":"f.4029F9BF6121742C63F81BE4EF1CA26F.d.248B375A5CC2A9475086883B5C101D3F.e.284"},"getTitle",[]]}
COMMAND: POST /session/5e92debbff3cc6e5587d1fbec505cad2/execute/async - {"script":"<script> [1562 bytes]","args":[{"selector":{"id":"shellAppTitle"},"wdio_ui5_key":"shellAppTitle"}]}
RESULT: {"script":"<script> [1562 bytes]","args":[{"selector":{"id":"shellAppTitle"},"wdio_ui5_key":"shellAppTitle"}]}
COMMAND: POST /session/5e92debbff3cc6e5587d1fbec505cad2/execute/async - {"script":"<script> [6424 bytes]","args":[{"element-6066-11e4-a52e-4f735466cecf":"f.4029F9BF6121742C63F81BE4EF1CA26F.d.248B375A5CC2A9475086883B5C101D3F.e.4617"},"getTitle",[]]}
RESULT: {"script":"<script> [6424 bytes]","args":[{"element-6066-11e4-a52e-4f735466cecf":"f.4029F9BF6121742C63F81BE4EF1CA26F.d.248B375A5CC2A9475086883B5C101D3F.e.4617"},"getTitle",[]]}
RESULT: undefined
COMMAND: POST /session/5e92debbff3cc6e5587d1fbec505cad2/element/f.4029F9BF6121742C63F81BE4EF1CA26F.d.248B375A5CC2A9475086883B5C101D3F.e.4529/click - {}
RESULT: {}
COMMAND: GET /session/5e92debbff3cc6e5587d1fbec505cad2/screenshot - {}
RESULT: {}
]]></system-out>
    </testcase>
    <testcase classname="chrome.135_0_7049_96.windows.Sanity_Tests_US104253" name="Should open ISC Orders Calendar page" time="33.992">
      <system-out><![CDATA[
COMMAND: POST /session/5e92debbff3cc6e5587d1fbec505cad2/execute/async - {"script":"<script> [1562 bytes]","args":[{"selector":{"controlType":"sap.m.GenericTile","properties":{"header":"ISC Orders Calendar"}},"wdio_ui5_key":"sapm.GenericTile{\"header\":\"ISC Orders Calendar\"}"}]}
RESULT: {"script":"<script> [1562 bytes]","args":[{"selector":{"controlType":"sap.m.GenericTile","properties":{"header":"ISC Orders Calendar"}},"wdio_ui5_key":"sapm.GenericTile{\"header\":\"ISC Orders Calendar\"}"}]}
RESULT: undefined
COMMAND: POST /session/5e92debbff3cc6e5587d1fbec505cad2/element - {"using":"xpath","value":"//*[@id=\"__tile107\"]"}
RESULT: {"using":"xpath","value":"//*[@id=\"__tile107\"]"}
COMMAND: POST /session/5e92debbff3cc6e5587d1fbec505cad2/element/f.4029F9BF6121742C63F81BE4EF1CA26F.d.248B375A5CC2A9475086883B5C101D3F.e.4619/click - {}
RESULT: {}
COMMAND: GET /session/5e92debbff3cc6e5587d1fbec505cad2/screenshot - {}
RESULT: {}
RESULT: undefined
COMMAND: POST /session/5e92debbff3cc6e5587d1fbec505cad2/element - {"using":"xpath","value":"//*[@id=\"__tile107\"]"}
RESULT: {"using":"xpath","value":"//*[@id=\"__tile107\"]"}
COMMAND: POST /session/5e92debbff3cc6e5587d1fbec505cad2/element/f.4029F9BF6121742C63F81BE4EF1CA26F.d.248B375A5CC2A9475086883B5C101D3F.e.4619/click - {}
RESULT: undefined
COMMAND: POST /session/5e92debbff3cc6e5587d1fbec505cad2/element - {"using":"xpath","value":"//*[@id=\"__tile107\"]"}
RESULT: {"using":"xpath","value":"//*[@id=\"__tile107\"]"}
COMMAND: POST /session/5e92debbff3cc6e5587d1fbec505cad2/element/f.4029F9BF6121742C63F81BE4EF1CA26F.d.248B375A5CC2A9475086883B5C101D3F.e.4619/click - {}
RESULT: undefined
COMMAND: POST /session/5e92debbff3cc6e5587d1fbec505cad2/execute/async - {"script":"<script> [6424 bytes]","args":[{"element-6066-11e4-a52e-4f735466cecf":"f.4029F9BF6121742C63F81BE4EF1CA26F.d.248B375A5CC2A9475086883B5C101D3F.e.284"},"getTitle",[]]}
COMMAND: POST /session/5e92debbff3cc6e5587d1fbec505cad2/execute/async - {"script":"<script> [1562 bytes]","args":[{"selector":{"id":"shellAppTitle"},"wdio_ui5_key":"shellAppTitle"}]}
RESULT: {"script":"<script> [1562 bytes]","args":[{"selector":{"id":"shellAppTitle"},"wdio_ui5_key":"shellAppTitle"}]}
COMMAND: POST /session/5e92debbff3cc6e5587d1fbec505cad2/execute/async - {"script":"<script> [6424 bytes]","args":[{"element-6066-11e4-a52e-4f735466cecf":"f.4029F9BF6121742C63F81BE4EF1CA26F.d.248B375A5CC2A9475086883B5C101D3F.e.4827"},"getTitle",[]]}
RESULT: {"script":"<script> [6424 bytes]","args":[{"element-6066-11e4-a52e-4f735466cecf":"f.4029F9BF6121742C63F81BE4EF1CA26F.d.248B375A5CC2A9475086883B5C101D3F.e.4827"},"getTitle",[]]}
RESULT: undefined
COMMAND: POST /session/5e92debbff3cc6e5587d1fbec505cad2/element/f.4029F9BF6121742C63F81BE4EF1CA26F.d.248B375A5CC2A9475086883B5C101D3F.e.4529/click - {}
COMMAND: POST /session/5e92debbff3cc6e5587d1fbec505cad2/element - {"using":"xpath","value":"//*[@id=\"backBtn\"]"}
RESULT: {"using":"xpath","value":"//*[@id=\"backBtn\"]"}
COMMAND: POST /session/5e92debbff3cc6e5587d1fbec505cad2/element/f.4029F9BF6121742C63F81BE4EF1CA26F.d.248B375A5CC2A9475086883B5C101D3F.e.4529/click - {}
COMMAND: POST /session/5e92debbff3cc6e5587d1fbec505cad2/element - {"using":"xpath","value":"//*[@id=\"backBtn\"]"}
RESULT: {"using":"xpath","value":"//*[@id=\"backBtn\"]"}
COMMAND: POST /session/5e92debbff3cc6e5587d1fbec505cad2/element/f.4029F9BF6121742C63F81BE4EF1CA26F.d.248B375A5CC2A9475086883B5C101D3F.e.4828/click - {}
RESULT: {}
COMMAND: GET /session/5e92debbff3cc6e5587d1fbec505cad2/screenshot - {}
RESULT: {}
]]></system-out>
    </testcase>
    <testcase classname="chrome.135_0_7049_96.windows.Sanity_Tests_US104253" name="Should open Configure System page" time="33.879">
      <system-out><![CDATA[
COMMAND: POST /session/5e92debbff3cc6e5587d1fbec505cad2/execute/async - {"script":"<script> [1562 bytes]","args":[{"selector":{"controlType":"sap.m.GenericTile","properties":{"header":"Configure System"}},"wdio_ui5_key":"sapm.GenericTile{\"header\":\"Configure System\"}"}]}
RESULT: {"script":"<script> [1562 bytes]","args":[{"selector":{"controlType":"sap.m.GenericTile","properties":{"header":"Configure System"}},"wdio_ui5_key":"sapm.GenericTile{\"header\":\"Configure System\"}"}]}
RESULT: undefined
COMMAND: POST /session/5e92debbff3cc6e5587d1fbec505cad2/element - {"using":"xpath","value":"//*[@id=\"__tile114\"]"}
RESULT: {"using":"xpath","value":"//*[@id=\"__tile114\"]"}
COMMAND: POST /session/5e92debbff3cc6e5587d1fbec505cad2/element/f.4029F9BF6121742C63F81BE4EF1CA26F.d.248B375A5CC2A9475086883B5C101D3F.e.4830/click - {}
RESULT: {}
COMMAND: GET /session/5e92debbff3cc6e5587d1fbec505cad2/screenshot - {}
RESULT: {}
RESULT: undefined
COMMAND: POST /session/5e92debbff3cc6e5587d1fbec505cad2/element - {"using":"xpath","value":"//*[@id=\"__tile114\"]"}
RESULT: {"using":"xpath","value":"//*[@id=\"__tile114\"]"}
COMMAND: POST /session/5e92debbff3cc6e5587d1fbec505cad2/element/f.4029F9BF6121742C63F81BE4EF1CA26F.d.248B375A5CC2A9475086883B5C101D3F.e.4830/click - {}
RESULT: undefined
COMMAND: POST /session/5e92debbff3cc6e5587d1fbec505cad2/element - {"using":"xpath","value":"//*[@id=\"__tile114\"]"}
RESULT: {"using":"xpath","value":"//*[@id=\"__tile114\"]"}
COMMAND: POST /session/5e92debbff3cc6e5587d1fbec505cad2/element/f.4029F9BF6121742C63F81BE4EF1CA26F.d.248B375A5CC2A9475086883B5C101D3F.e.4830/click - {}
RESULT: undefined
COMMAND: POST /session/5e92debbff3cc6e5587d1fbec505cad2/execute/async - {"script":"<script> [6424 bytes]","args":[{"element-6066-11e4-a52e-4f735466cecf":"f.4029F9BF6121742C63F81BE4EF1CA26F.d.248B375A5CC2A9475086883B5C101D3F.e.284"},"getTitle",[]]}
COMMAND: POST /session/5e92debbff3cc6e5587d1fbec505cad2/execute/async - {"script":"<script> [1562 bytes]","args":[{"selector":{"id":"shellAppTitle"},"wdio_ui5_key":"shellAppTitle"}]}
RESULT: {"script":"<script> [1562 bytes]","args":[{"selector":{"id":"shellAppTitle"},"wdio_ui5_key":"shellAppTitle"}]}
COMMAND: POST /session/5e92debbff3cc6e5587d1fbec505cad2/execute/async - {"script":"<script> [6424 bytes]","args":[{"element-6066-11e4-a52e-4f735466cecf":"f.4029F9BF6121742C63F81BE4EF1CA26F.d.248B375A5CC2A9475086883B5C101D3F.e.4870"},"getTitle",[]]}
RESULT: {"script":"<script> [6424 bytes]","args":[{"element-6066-11e4-a52e-4f735466cecf":"f.4029F9BF6121742C63F81BE4EF1CA26F.d.248B375A5CC2A9475086883B5C101D3F.e.4870"},"getTitle",[]]}
RESULT: undefined
COMMAND: POST /session/5e92debbff3cc6e5587d1fbec505cad2/element/f.4029F9BF6121742C63F81BE4EF1CA26F.d.248B375A5CC2A9475086883B5C101D3F.e.4828/click - {}
RESULT: {}
COMMAND: GET /session/5e92debbff3cc6e5587d1fbec505cad2/screenshot - {}
RESULT: {}
]]></system-out>
    </testcase>
    <testcase classname="chrome.135_0_7049_96.windows.Sanity_Tests_US104253" name="Should open Manage Classifications page" time="33.38">
      <system-out><![CDATA[
COMMAND: POST /session/5e92debbff3cc6e5587d1fbec505cad2/execute/async - {"script":"<script> [1562 bytes]","args":[{"selector":{"controlType":"sap.m.GenericTile","properties":{"header":"Manage Classifications"}},"wdio_ui5_key":"sapm.GenericTile{\"header\":\"Manage Classifications\"}"}]}
RESULT: {"script":"<script> [1562 bytes]","args":[{"selector":{"controlType":"sap.m.GenericTile","properties":{"header":"Manage Classifications"}},"wdio_ui5_key":"sapm.GenericTile{\"header\":\"Manage Classifications\"}"}]}
RESULT: undefined
COMMAND: POST /session/5e92debbff3cc6e5587d1fbec505cad2/element - {"using":"xpath","value":"//*[@id=\"__tile115\"]"}
RESULT: {"using":"xpath","value":"//*[@id=\"__tile115\"]"}
COMMAND: POST /session/5e92debbff3cc6e5587d1fbec505cad2/element/f.4029F9BF6121742C63F81BE4EF1CA26F.d.248B375A5CC2A9475086883B5C101D3F.e.4874/click - {}
RESULT: {}
COMMAND: GET /session/5e92debbff3cc6e5587d1fbec505cad2/screenshot - {}
RESULT: {}
RESULT: undefined
COMMAND: POST /session/5e92debbff3cc6e5587d1fbec505cad2/element - {"using":"xpath","value":"//*[@id=\"__tile115\"]"}
RESULT: {"using":"xpath","value":"//*[@id=\"__tile115\"]"}
COMMAND: POST /session/5e92debbff3cc6e5587d1fbec505cad2/element/f.4029F9BF6121742C63F81BE4EF1CA26F.d.248B375A5CC2A9475086883B5C101D3F.e.4874/click - {}
RESULT: undefined
COMMAND: POST /session/5e92debbff3cc6e5587d1fbec505cad2/element - {"using":"xpath","value":"//*[@id=\"__tile115\"]"}
RESULT: {"using":"xpath","value":"//*[@id=\"__tile115\"]"}
COMMAND: POST /session/5e92debbff3cc6e5587d1fbec505cad2/element/f.4029F9BF6121742C63F81BE4EF1CA26F.d.248B375A5CC2A9475086883B5C101D3F.e.4874/click - {}
RESULT: undefined
COMMAND: POST /session/5e92debbff3cc6e5587d1fbec505cad2/execute/async - {"script":"<script> [6424 bytes]","args":[{"element-6066-11e4-a52e-4f735466cecf":"f.4029F9BF6121742C63F81BE4EF1CA26F.d.248B375A5CC2A9475086883B5C101D3F.e.284"},"getTitle",[]]}
COMMAND: POST /session/5e92debbff3cc6e5587d1fbec505cad2/execute/async - {"script":"<script> [1562 bytes]","args":[{"selector":{"id":"shellAppTitle"},"wdio_ui5_key":"shellAppTitle"}]}
RESULT: {"script":"<script> [1562 bytes]","args":[{"selector":{"id":"shellAppTitle"},"wdio_ui5_key":"shellAppTitle"}]}
COMMAND: POST /session/5e92debbff3cc6e5587d1fbec505cad2/execute/async - {"script":"<script> [6424 bytes]","args":[{"element-6066-11e4-a52e-4f735466cecf":"f.4029F9BF6121742C63F81BE4EF1CA26F.d.248B375A5CC2A9475086883B5C101D3F.e.5137"},"getTitle",[]]}
RESULT: {"script":"<script> [6424 bytes]","args":[{"element-6066-11e4-a52e-4f735466cecf":"f.4029F9BF6121742C63F81BE4EF1CA26F.d.248B375A5CC2A9475086883B5C101D3F.e.5137"},"getTitle",[]]}
RESULT: undefined
COMMAND: POST /session/5e92debbff3cc6e5587d1fbec505cad2/element/f.4029F9BF6121742C63F81BE4EF1CA26F.d.248B375A5CC2A9475086883B5C101D3F.e.4828/click - {}
COMMAND: POST /session/5e92debbff3cc6e5587d1fbec505cad2/element - {"using":"xpath","value":"//*[@id=\"backBtn\"]"}
RESULT: {"using":"xpath","value":"//*[@id=\"backBtn\"]"}
COMMAND: POST /session/5e92debbff3cc6e5587d1fbec505cad2/element/f.4029F9BF6121742C63F81BE4EF1CA26F.d.248B375A5CC2A9475086883B5C101D3F.e.4828/click - {}
COMMAND: POST /session/5e92debbff3cc6e5587d1fbec505cad2/element - {"using":"xpath","value":"//*[@id=\"backBtn\"]"}
RESULT: {"using":"xpath","value":"//*[@id=\"backBtn\"]"}
COMMAND: POST /session/5e92debbff3cc6e5587d1fbec505cad2/element/f.4029F9BF6121742C63F81BE4EF1CA26F.d.248B375A5CC2A9475086883B5C101D3F.e.5138/click - {}
RESULT: {}
COMMAND: GET /session/5e92debbff3cc6e5587d1fbec505cad2/screenshot - {}
RESULT: {}
]]></system-out>
    </testcase>
    <testcase classname="chrome.135_0_7049_96.windows.Sanity_Tests_US104253" name="Should open Data Explorer page" time="31.419">
      <system-out><![CDATA[
COMMAND: POST /session/5e92debbff3cc6e5587d1fbec505cad2/execute/async - {"script":"<script> [1562 bytes]","args":[{"selector":{"controlType":"sap.m.GenericTile","properties":{"header":"Data Explorer"}},"wdio_ui5_key":"sapm.GenericTile{\"header\":\"Data Explorer\"}"}]}
RESULT: {"script":"<script> [1562 bytes]","args":[{"selector":{"controlType":"sap.m.GenericTile","properties":{"header":"Data Explorer"}},"wdio_ui5_key":"sapm.GenericTile{\"header\":\"Data Explorer\"}"}]}
RESULT: undefined
COMMAND: POST /session/5e92debbff3cc6e5587d1fbec505cad2/element - {"using":"xpath","value":"//*[@id=\"__tile117\"]"}
RESULT: {"using":"xpath","value":"//*[@id=\"__tile117\"]"}
COMMAND: POST /session/5e92debbff3cc6e5587d1fbec505cad2/element/f.4029F9BF6121742C63F81BE4EF1CA26F.d.248B375A5CC2A9475086883B5C101D3F.e.5140/click - {}
RESULT: {}
COMMAND: GET /session/5e92debbff3cc6e5587d1fbec505cad2/screenshot - {}
RESULT: {}
RESULT: undefined
COMMAND: POST /session/5e92debbff3cc6e5587d1fbec505cad2/element - {"using":"xpath","value":"//*[@id=\"__tile117\"]"}
RESULT: {"using":"xpath","value":"//*[@id=\"__tile117\"]"}
COMMAND: POST /session/5e92debbff3cc6e5587d1fbec505cad2/element/f.4029F9BF6121742C63F81BE4EF1CA26F.d.248B375A5CC2A9475086883B5C101D3F.e.5140/click - {}
RESULT: undefined
COMMAND: POST /session/5e92debbff3cc6e5587d1fbec505cad2/element - {"using":"xpath","value":"//*[@id=\"__tile117\"]"}
RESULT: {"using":"xpath","value":"//*[@id=\"__tile117\"]"}
COMMAND: POST /session/5e92debbff3cc6e5587d1fbec505cad2/element/f.4029F9BF6121742C63F81BE4EF1CA26F.d.248B375A5CC2A9475086883B5C101D3F.e.5140/click - {}
RESULT: undefined
COMMAND: POST /session/5e92debbff3cc6e5587d1fbec505cad2/execute/async - {"script":"<script> [6424 bytes]","args":[{"element-6066-11e4-a52e-4f735466cecf":"f.4029F9BF6121742C63F81BE4EF1CA26F.d.248B375A5CC2A9475086883B5C101D3F.e.284"},"getTitle",[]]}
COMMAND: POST /session/5e92debbff3cc6e5587d1fbec505cad2/execute/async - {"script":"<script> [1562 bytes]","args":[{"selector":{"id":"shellAppTitle"},"wdio_ui5_key":"shellAppTitle"}]}
RESULT: {"script":"<script> [1562 bytes]","args":[{"selector":{"id":"shellAppTitle"},"wdio_ui5_key":"shellAppTitle"}]}
COMMAND: POST /session/5e92debbff3cc6e5587d1fbec505cad2/execute/async - {"script":"<script> [6424 bytes]","args":[{"element-6066-11e4-a52e-4f735466cecf":"f.4029F9BF6121742C63F81BE4EF1CA26F.d.248B375A5CC2A9475086883B5C101D3F.e.5322"},"getTitle",[]]}
RESULT: {"script":"<script> [6424 bytes]","args":[{"element-6066-11e4-a52e-4f735466cecf":"f.4029F9BF6121742C63F81BE4EF1CA26F.d.248B375A5CC2A9475086883B5C101D3F.e.5322"},"getTitle",[]]}
RESULT: undefined
COMMAND: POST /session/5e92debbff3cc6e5587d1fbec505cad2/element/f.4029F9BF6121742C63F81BE4EF1CA26F.d.248B375A5CC2A9475086883B5C101D3F.e.5138/click - {}
RESULT: {}
COMMAND: GET /session/5e92debbff3cc6e5587d1fbec505cad2/screenshot - {}
RESULT: {}
]]></system-out>
    </testcase>
    <testcase classname="chrome.135_0_7049_96.windows.Sanity_Tests_US104253" name="Should open Performance Monitor page" time="36.011">
      <system-out><![CDATA[
COMMAND: POST /session/5e92debbff3cc6e5587d1fbec505cad2/execute/async - {"script":"<script> [1562 bytes]","args":[{"selector":{"controlType":"sap.m.GenericTile","properties":{"header":"Performance Monitor"}},"wdio_ui5_key":"sapm.GenericTile{\"header\":\"Performance Monitor\"}"}]}
RESULT: {"script":"<script> [1562 bytes]","args":[{"selector":{"controlType":"sap.m.GenericTile","properties":{"header":"Performance Monitor"}},"wdio_ui5_key":"sapm.GenericTile{\"header\":\"Performance Monitor\"}"}]}
RESULT: undefined
COMMAND: POST /session/5e92debbff3cc6e5587d1fbec505cad2/element - {"using":"xpath","value":"//*[@id=\"__tile116\"]"}
RESULT: {"using":"xpath","value":"//*[@id=\"__tile116\"]"}
COMMAND: POST /session/5e92debbff3cc6e5587d1fbec505cad2/element/f.4029F9BF6121742C63F81BE4EF1CA26F.d.248B375A5CC2A9475086883B5C101D3F.e.5324/click - {}
RESULT: {}
COMMAND: GET /session/5e92debbff3cc6e5587d1fbec505cad2/screenshot - {}
RESULT: {}
RESULT: undefined
COMMAND: POST /session/5e92debbff3cc6e5587d1fbec505cad2/element - {"using":"xpath","value":"//*[@id=\"__tile116\"]"}
RESULT: {"using":"xpath","value":"//*[@id=\"__tile116\"]"}
COMMAND: POST /session/5e92debbff3cc6e5587d1fbec505cad2/element/f.4029F9BF6121742C63F81BE4EF1CA26F.d.248B375A5CC2A9475086883B5C101D3F.e.5324/click - {}
RESULT: undefined
COMMAND: POST /session/5e92debbff3cc6e5587d1fbec505cad2/element - {"using":"xpath","value":"//*[@id=\"__tile116\"]"}
RESULT: {"using":"xpath","value":"//*[@id=\"__tile116\"]"}
COMMAND: POST /session/5e92debbff3cc6e5587d1fbec505cad2/element/f.4029F9BF6121742C63F81BE4EF1CA26F.d.248B375A5CC2A9475086883B5C101D3F.e.5324/click - {}
RESULT: undefined
COMMAND: POST /session/5e92debbff3cc6e5587d1fbec505cad2/execute/async - {"script":"<script> [6424 bytes]","args":[{"element-6066-11e4-a52e-4f735466cecf":"f.4029F9BF6121742C63F81BE4EF1CA26F.d.248B375A5CC2A9475086883B5C101D3F.e.284"},"getTitle",[]]}
COMMAND: POST /session/5e92debbff3cc6e5587d1fbec505cad2/execute/async - {"script":"<script> [1562 bytes]","args":[{"selector":{"id":"shellAppTitle"},"wdio_ui5_key":"shellAppTitle"}]}
RESULT: {"script":"<script> [1562 bytes]","args":[{"selector":{"id":"shellAppTitle"},"wdio_ui5_key":"shellAppTitle"}]}
COMMAND: POST /session/5e92debbff3cc6e5587d1fbec505cad2/execute/async - {"script":"<script> [6424 bytes]","args":[{"element-6066-11e4-a52e-4f735466cecf":"f.4029F9BF6121742C63F81BE4EF1CA26F.d.248B375A5CC2A9475086883B5C101D3F.e.5364"},"getTitle",[]]}
RESULT: {"script":"<script> [6424 bytes]","args":[{"element-6066-11e4-a52e-4f735466cecf":"f.4029F9BF6121742C63F81BE4EF1CA26F.d.248B375A5CC2A9475086883B5C101D3F.e.5364"},"getTitle",[]]}
RESULT: undefined
COMMAND: POST /session/5e92debbff3cc6e5587d1fbec505cad2/element/f.4029F9BF6121742C63F81BE4EF1CA26F.d.248B375A5CC2A9475086883B5C101D3F.e.5138/click - {}
COMMAND: POST /session/5e92debbff3cc6e5587d1fbec505cad2/element - {"using":"xpath","value":"//*[@id=\"backBtn\"]"}
RESULT: {"using":"xpath","value":"//*[@id=\"backBtn\"]"}
COMMAND: POST /session/5e92debbff3cc6e5587d1fbec505cad2/element/f.4029F9BF6121742C63F81BE4EF1CA26F.d.248B375A5CC2A9475086883B5C101D3F.e.5138/click - {}
COMMAND: POST /session/5e92debbff3cc6e5587d1fbec505cad2/element - {"using":"xpath","value":"//*[@id=\"backBtn\"]"}
RESULT: {"using":"xpath","value":"//*[@id=\"backBtn\"]"}
COMMAND: POST /session/5e92debbff3cc6e5587d1fbec505cad2/element/f.4029F9BF6121742C63F81BE4EF1CA26F.d.248B375A5CC2A9475086883B5C101D3F.e.5365/click - {}
RESULT: {}
COMMAND: GET /session/5e92debbff3cc6e5587d1fbec505cad2/screenshot - {}
RESULT: {}
]]></system-out>
    </testcase>
    <testcase classname="chrome.135_0_7049_96.windows.Sanity_Tests_US104253" name="Should open Organizational Model page" time="33.147">
      <system-out><![CDATA[
COMMAND: POST /session/5e92debbff3cc6e5587d1fbec505cad2/execute/async - {"script":"<script> [1562 bytes]","args":[{"selector":{"controlType":"sap.m.GenericTile","properties":{"header":"Organizational Model"}},"wdio_ui5_key":"sapm.GenericTile{\"header\":\"Organizational Model\"}"}]}
RESULT: {"script":"<script> [1562 bytes]","args":[{"selector":{"controlType":"sap.m.GenericTile","properties":{"header":"Organizational Model"}},"wdio_ui5_key":"sapm.GenericTile{\"header\":\"Organizational Model\"}"}]}
RESULT: undefined
COMMAND: POST /session/5e92debbff3cc6e5587d1fbec505cad2/element - {"using":"xpath","value":"//*[@id=\"__tile120\"]"}
RESULT: {"using":"xpath","value":"//*[@id=\"__tile120\"]"}
COMMAND: POST /session/5e92debbff3cc6e5587d1fbec505cad2/element/f.4029F9BF6121742C63F81BE4EF1CA26F.d.248B375A5CC2A9475086883B5C101D3F.e.5367/click - {}
RESULT: {}
COMMAND: GET /session/5e92debbff3cc6e5587d1fbec505cad2/screenshot - {}
RESULT: {}
RESULT: undefined
COMMAND: POST /session/5e92debbff3cc6e5587d1fbec505cad2/element - {"using":"xpath","value":"//*[@id=\"__tile120\"]"}
RESULT: {"using":"xpath","value":"//*[@id=\"__tile120\"]"}
COMMAND: POST /session/5e92debbff3cc6e5587d1fbec505cad2/element/f.4029F9BF6121742C63F81BE4EF1CA26F.d.248B375A5CC2A9475086883B5C101D3F.e.5367/click - {}
RESULT: undefined
COMMAND: POST /session/5e92debbff3cc6e5587d1fbec505cad2/element - {"using":"xpath","value":"//*[@id=\"__tile120\"]"}
RESULT: {"using":"xpath","value":"//*[@id=\"__tile120\"]"}
COMMAND: POST /session/5e92debbff3cc6e5587d1fbec505cad2/element/f.4029F9BF6121742C63F81BE4EF1CA26F.d.248B375A5CC2A9475086883B5C101D3F.e.5367/click - {}
RESULT: undefined
COMMAND: POST /session/5e92debbff3cc6e5587d1fbec505cad2/execute/async - {"script":"<script> [6424 bytes]","args":[{"element-6066-11e4-a52e-4f735466cecf":"f.4029F9BF6121742C63F81BE4EF1CA26F.d.248B375A5CC2A9475086883B5C101D3F.e.284"},"getTitle",[]]}
COMMAND: POST /session/5e92debbff3cc6e5587d1fbec505cad2/execute/async - {"script":"<script> [1562 bytes]","args":[{"selector":{"id":"shellAppTitle"},"wdio_ui5_key":"shellAppTitle"}]}
RESULT: {"script":"<script> [1562 bytes]","args":[{"selector":{"id":"shellAppTitle"},"wdio_ui5_key":"shellAppTitle"}]}
COMMAND: POST /session/5e92debbff3cc6e5587d1fbec505cad2/execute/async - {"script":"<script> [6424 bytes]","args":[{"element-6066-11e4-a52e-4f735466cecf":"f.4029F9BF6121742C63F81BE4EF1CA26F.d.248B375A5CC2A9475086883B5C101D3F.e.5386"},"getTitle",[]]}
RESULT: {"script":"<script> [6424 bytes]","args":[{"element-6066-11e4-a52e-4f735466cecf":"f.4029F9BF6121742C63F81BE4EF1CA26F.d.248B375A5CC2A9475086883B5C101D3F.e.5386"},"getTitle",[]]}
RESULT: undefined
COMMAND: POST /session/5e92debbff3cc6e5587d1fbec505cad2/element/f.4029F9BF6121742C63F81BE4EF1CA26F.d.248B375A5CC2A9475086883B5C101D3F.e.5365/click - {}
RESULT: {}
COMMAND: GET /session/5e92debbff3cc6e5587d1fbec505cad2/screenshot - {}
RESULT: {}
]]></system-out>
    </testcase>
    <testcase classname="chrome.135_0_7049_96.windows.Sanity_Tests_US104253" name="Should open Manage Roles page" time="31.783">
      <system-out><![CDATA[
COMMAND: POST /session/5e92debbff3cc6e5587d1fbec505cad2/execute/async - {"script":"<script> [1562 bytes]","args":[{"selector":{"controlType":"sap.m.GenericTile","properties":{"header":"Manage Roles"}},"wdio_ui5_key":"sapm.GenericTile{\"header\":\"Manage Roles\"}"}]}
RESULT: {"script":"<script> [1562 bytes]","args":[{"selector":{"controlType":"sap.m.GenericTile","properties":{"header":"Manage Roles"}},"wdio_ui5_key":"sapm.GenericTile{\"header\":\"Manage Roles\"}"}]}
RESULT: undefined
COMMAND: POST /session/5e92debbff3cc6e5587d1fbec505cad2/element - {"using":"xpath","value":"//*[@id=\"__tile119\"]"}
RESULT: {"using":"xpath","value":"//*[@id=\"__tile119\"]"}
COMMAND: POST /session/5e92debbff3cc6e5587d1fbec505cad2/element/f.4029F9BF6121742C63F81BE4EF1CA26F.d.248B375A5CC2A9475086883B5C101D3F.e.5388/click - {}
RESULT: {}
COMMAND: GET /session/5e92debbff3cc6e5587d1fbec505cad2/screenshot - {}
RESULT: {}
RESULT: undefined
COMMAND: POST /session/5e92debbff3cc6e5587d1fbec505cad2/element - {"using":"xpath","value":"//*[@id=\"__tile119\"]"}
RESULT: {"using":"xpath","value":"//*[@id=\"__tile119\"]"}
COMMAND: POST /session/5e92debbff3cc6e5587d1fbec505cad2/element/f.4029F9BF6121742C63F81BE4EF1CA26F.d.248B375A5CC2A9475086883B5C101D3F.e.5388/click - {}
RESULT: undefined
COMMAND: POST /session/5e92debbff3cc6e5587d1fbec505cad2/element - {"using":"xpath","value":"//*[@id=\"__tile119\"]"}
RESULT: {"using":"xpath","value":"//*[@id=\"__tile119\"]"}
COMMAND: POST /session/5e92debbff3cc6e5587d1fbec505cad2/element/f.4029F9BF6121742C63F81BE4EF1CA26F.d.248B375A5CC2A9475086883B5C101D3F.e.5388/click - {}
RESULT: undefined
COMMAND: POST /session/5e92debbff3cc6e5587d1fbec505cad2/execute/async - {"script":"<script> [6424 bytes]","args":[{"element-6066-11e4-a52e-4f735466cecf":"f.4029F9BF6121742C63F81BE4EF1CA26F.d.248B375A5CC2A9475086883B5C101D3F.e.284"},"getTitle",[]]}
COMMAND: POST /session/5e92debbff3cc6e5587d1fbec505cad2/execute/async - {"script":"<script> [1562 bytes]","args":[{"selector":{"id":"shellAppTitle"},"wdio_ui5_key":"shellAppTitle"}]}
RESULT: {"script":"<script> [1562 bytes]","args":[{"selector":{"id":"shellAppTitle"},"wdio_ui5_key":"shellAppTitle"}]}
COMMAND: POST /session/5e92debbff3cc6e5587d1fbec505cad2/execute/async - {"script":"<script> [6424 bytes]","args":[{"element-6066-11e4-a52e-4f735466cecf":"f.4029F9BF6121742C63F81BE4EF1CA26F.d.248B375A5CC2A9475086883B5C101D3F.e.5434"},"getTitle",[]]}
RESULT: {"script":"<script> [6424 bytes]","args":[{"element-6066-11e4-a52e-4f735466cecf":"f.4029F9BF6121742C63F81BE4EF1CA26F.d.248B375A5CC2A9475086883B5C101D3F.e.5434"},"getTitle",[]]}
RESULT: undefined
COMMAND: POST /session/5e92debbff3cc6e5587d1fbec505cad2/element/f.4029F9BF6121742C63F81BE4EF1CA26F.d.248B375A5CC2A9475086883B5C101D3F.e.5365/click - {}
COMMAND: POST /session/5e92debbff3cc6e5587d1fbec505cad2/element - {"using":"xpath","value":"//*[@id=\"backBtn\"]"}
RESULT: {"using":"xpath","value":"//*[@id=\"backBtn\"]"}
COMMAND: POST /session/5e92debbff3cc6e5587d1fbec505cad2/element/f.4029F9BF6121742C63F81BE4EF1CA26F.d.248B375A5CC2A9475086883B5C101D3F.e.5365/click - {}
COMMAND: POST /session/5e92debbff3cc6e5587d1fbec505cad2/element - {"using":"xpath","value":"//*[@id=\"backBtn\"]"}
RESULT: {"using":"xpath","value":"//*[@id=\"backBtn\"]"}
COMMAND: POST /session/5e92debbff3cc6e5587d1fbec505cad2/element/f.4029F9BF6121742C63F81BE4EF1CA26F.d.248B375A5CC2A9475086883B5C101D3F.e.5435/click - {}
RESULT: {}
COMMAND: GET /session/5e92debbff3cc6e5587d1fbec505cad2/screenshot - {}
RESULT: {}
]]></system-out>
    </testcase>
    <testcase classname="chrome.135_0_7049_96.windows.Sanity_Tests_US104253" name="Should open Authorization Tables page" time="33.531">
      <system-out><![CDATA[
COMMAND: POST /session/5e92debbff3cc6e5587d1fbec505cad2/execute/async - {"script":"<script> [1562 bytes]","args":[{"selector":{"controlType":"sap.m.GenericTile","properties":{"header":"Authorization Tables"}},"wdio_ui5_key":"sapm.GenericTile{\"header\":\"Authorization Tables\"}"}]}
RESULT: {"script":"<script> [1562 bytes]","args":[{"selector":{"controlType":"sap.m.GenericTile","properties":{"header":"Authorization Tables"}},"wdio_ui5_key":"sapm.GenericTile{\"header\":\"Authorization Tables\"}"}]}
RESULT: undefined
COMMAND: POST /session/5e92debbff3cc6e5587d1fbec505cad2/element - {"using":"xpath","value":"//*[@id=\"__tile118\"]"}
RESULT: {"using":"xpath","value":"//*[@id=\"__tile118\"]"}
COMMAND: POST /session/5e92debbff3cc6e5587d1fbec505cad2/element/f.4029F9BF6121742C63F81BE4EF1CA26F.d.248B375A5CC2A9475086883B5C101D3F.e.5437/click - {}
RESULT: {}
COMMAND: GET /session/5e92debbff3cc6e5587d1fbec505cad2/screenshot - {}
RESULT: {}
RESULT: undefined
COMMAND: POST /session/5e92debbff3cc6e5587d1fbec505cad2/element - {"using":"xpath","value":"//*[@id=\"__tile118\"]"}
RESULT: {"using":"xpath","value":"//*[@id=\"__tile118\"]"}
COMMAND: POST /session/5e92debbff3cc6e5587d1fbec505cad2/element/f.4029F9BF6121742C63F81BE4EF1CA26F.d.248B375A5CC2A9475086883B5C101D3F.e.5437/click - {}
RESULT: undefined
COMMAND: POST /session/5e92debbff3cc6e5587d1fbec505cad2/element - {"using":"xpath","value":"//*[@id=\"__tile118\"]"}
RESULT: {"using":"xpath","value":"//*[@id=\"__tile118\"]"}
COMMAND: POST /session/5e92debbff3cc6e5587d1fbec505cad2/element/f.4029F9BF6121742C63F81BE4EF1CA26F.d.248B375A5CC2A9475086883B5C101D3F.e.5437/click - {}
RESULT: undefined
COMMAND: POST /session/5e92debbff3cc6e5587d1fbec505cad2/execute/async - {"script":"<script> [6424 bytes]","args":[{"element-6066-11e4-a52e-4f735466cecf":"f.4029F9BF6121742C63F81BE4EF1CA26F.d.248B375A5CC2A9475086883B5C101D3F.e.284"},"getTitle",[]]}
COMMAND: POST /session/5e92debbff3cc6e5587d1fbec505cad2/execute/async - {"script":"<script> [1562 bytes]","args":[{"selector":{"id":"shellAppTitle"},"wdio_ui5_key":"shellAppTitle"}]}
RESULT: {"script":"<script> [1562 bytes]","args":[{"selector":{"id":"shellAppTitle"},"wdio_ui5_key":"shellAppTitle"}]}
COMMAND: POST /session/5e92debbff3cc6e5587d1fbec505cad2/execute/async - {"script":"<script> [6424 bytes]","args":[{"element-6066-11e4-a52e-4f735466cecf":"f.4029F9BF6121742C63F81BE4EF1CA26F.d.248B375A5CC2A9475086883B5C101D3F.e.5520"},"getTitle",[]]}
RESULT: {"script":"<script> [6424 bytes]","args":[{"element-6066-11e4-a52e-4f735466cecf":"f.4029F9BF6121742C63F81BE4EF1CA26F.d.248B375A5CC2A9475086883B5C101D3F.e.5520"},"getTitle",[]]}
RESULT: undefined
COMMAND: POST /session/5e92debbff3cc6e5587d1fbec505cad2/element/f.4029F9BF6121742C63F81BE4EF1CA26F.d.248B375A5CC2A9475086883B5C101D3F.e.5435/click - {}
RESULT: {}
COMMAND: GET /session/5e92debbff3cc6e5587d1fbec505cad2/screenshot - {}
RESULT: {}
]]></system-out>
    </testcase>
    <testcase classname="chrome.135_0_7049_96.windows.Sanity_Tests_US104253" name="Should open User Maintenance page" time="33.867">
      <system-out><![CDATA[
COMMAND: POST /session/5e92debbff3cc6e5587d1fbec505cad2/execute/async - {"script":"<script> [1562 bytes]","args":[{"selector":{"controlType":"sap.m.GenericTile","properties":{"header":"User Maintenance"}},"wdio_ui5_key":"sapm.GenericTile{\"header\":\"User Maintenance\"}"}]}
RESULT: {"script":"<script> [1562 bytes]","args":[{"selector":{"controlType":"sap.m.GenericTile","properties":{"header":"User Maintenance"}},"wdio_ui5_key":"sapm.GenericTile{\"header\":\"User Maintenance\"}"}]}
RESULT: undefined
COMMAND: POST /session/5e92debbff3cc6e5587d1fbec505cad2/element - {"using":"xpath","value":"//*[@id=\"__tile121\"]"}
RESULT: {"using":"xpath","value":"//*[@id=\"__tile121\"]"}
COMMAND: POST /session/5e92debbff3cc6e5587d1fbec505cad2/element/f.4029F9BF6121742C63F81BE4EF1CA26F.d.248B375A5CC2A9475086883B5C101D3F.e.5522/click - {}
RESULT: {}
COMMAND: GET /session/5e92debbff3cc6e5587d1fbec505cad2/screenshot - {}
RESULT: {}
RESULT: undefined
COMMAND: POST /session/5e92debbff3cc6e5587d1fbec505cad2/element - {"using":"xpath","value":"//*[@id=\"__tile121\"]"}
RESULT: {"using":"xpath","value":"//*[@id=\"__tile121\"]"}
COMMAND: POST /session/5e92debbff3cc6e5587d1fbec505cad2/element/f.4029F9BF6121742C63F81BE4EF1CA26F.d.248B375A5CC2A9475086883B5C101D3F.e.5522/click - {}
RESULT: undefined
COMMAND: POST /session/5e92debbff3cc6e5587d1fbec505cad2/element - {"using":"xpath","value":"//*[@id=\"__tile121\"]"}
RESULT: {"using":"xpath","value":"//*[@id=\"__tile121\"]"}
COMMAND: POST /session/5e92debbff3cc6e5587d1fbec505cad2/element/f.4029F9BF6121742C63F81BE4EF1CA26F.d.248B375A5CC2A9475086883B5C101D3F.e.5522/click - {}
RESULT: undefined
COMMAND: POST /session/5e92debbff3cc6e5587d1fbec505cad2/execute/async - {"script":"<script> [6424 bytes]","args":[{"element-6066-11e4-a52e-4f735466cecf":"f.4029F9BF6121742C63F81BE4EF1CA26F.d.248B375A5CC2A9475086883B5C101D3F.e.284"},"getTitle",[]]}
COMMAND: POST /session/5e92debbff3cc6e5587d1fbec505cad2/execute/async - {"script":"<script> [1562 bytes]","args":[{"selector":{"id":"shellAppTitle"},"wdio_ui5_key":"shellAppTitle"}]}
RESULT: {"script":"<script> [1562 bytes]","args":[{"selector":{"id":"shellAppTitle"},"wdio_ui5_key":"shellAppTitle"}]}
COMMAND: POST /session/5e92debbff3cc6e5587d1fbec505cad2/execute/async - {"script":"<script> [6424 bytes]","args":[{"element-6066-11e4-a52e-4f735466cecf":"f.4029F9BF6121742C63F81BE4EF1CA26F.d.248B375A5CC2A9475086883B5C101D3F.e.5614"},"getTitle",[]]}
RESULT: {"script":"<script> [6424 bytes]","args":[{"element-6066-11e4-a52e-4f735466cecf":"f.4029F9BF6121742C63F81BE4EF1CA26F.d.248B375A5CC2A9475086883B5C101D3F.e.5614"},"getTitle",[]]}
RESULT: undefined
COMMAND: POST /session/5e92debbff3cc6e5587d1fbec505cad2/element/f.4029F9BF6121742C63F81BE4EF1CA26F.d.248B375A5CC2A9475086883B5C101D3F.e.5435/click - {}
COMMAND: POST /session/5e92debbff3cc6e5587d1fbec505cad2/element - {"using":"xpath","value":"//*[@id=\"backBtn\"]"}
RESULT: {"using":"xpath","value":"//*[@id=\"backBtn\"]"}
COMMAND: POST /session/5e92debbff3cc6e5587d1fbec505cad2/element/f.4029F9BF6121742C63F81BE4EF1CA26F.d.248B375A5CC2A9475086883B5C101D3F.e.5435/click - {}
COMMAND: POST /session/5e92debbff3cc6e5587d1fbec505cad2/element - {"using":"xpath","value":"//*[@id=\"backBtn\"]"}
RESULT: {"using":"xpath","value":"//*[@id=\"backBtn\"]"}
COMMAND: POST /session/5e92debbff3cc6e5587d1fbec505cad2/element/f.4029F9BF6121742C63F81BE4EF1CA26F.d.248B375A5CC2A9475086883B5C101D3F.e.5615/click - {}
RESULT: {}
COMMAND: GET /session/5e92debbff3cc6e5587d1fbec505cad2/screenshot - {}
RESULT: {}
]]></system-out>
    </testcase>
    <testcase classname="chrome.135_0_7049_96.windows.Sanity_Tests_US104253" name="Should open Schedule Jobs page" time="26.414">
      <system-out><![CDATA[
COMMAND: POST /session/5e92debbff3cc6e5587d1fbec505cad2/execute/async - {"script":"<script> [1562 bytes]","args":[{"selector":{"controlType":"sap.m.GenericTile","properties":{"header":"Schedule Jobs"}},"wdio_ui5_key":"sapm.GenericTile{\"header\":\"Schedule Jobs\"}"}]}
RESULT: {"script":"<script> [1562 bytes]","args":[{"selector":{"controlType":"sap.m.GenericTile","properties":{"header":"Schedule Jobs"}},"wdio_ui5_key":"sapm.GenericTile{\"header\":\"Schedule Jobs\"}"}]}
RESULT: undefined
COMMAND: POST /session/5e92debbff3cc6e5587d1fbec505cad2/element - {"using":"xpath","value":"//*[@id=\"__tile127\"]"}
RESULT: {"using":"xpath","value":"//*[@id=\"__tile127\"]"}
COMMAND: POST /session/5e92debbff3cc6e5587d1fbec505cad2/element/f.4029F9BF6121742C63F81BE4EF1CA26F.d.248B375A5CC2A9475086883B5C101D3F.e.5619/click - {}
RESULT: {}
COMMAND: GET /session/5e92debbff3cc6e5587d1fbec505cad2/screenshot - {}
RESULT: {}
RESULT: undefined
COMMAND: POST /session/5e92debbff3cc6e5587d1fbec505cad2/element - {"using":"xpath","value":"//*[@id=\"__tile127\"]"}
RESULT: {"using":"xpath","value":"//*[@id=\"__tile127\"]"}
COMMAND: POST /session/5e92debbff3cc6e5587d1fbec505cad2/element/f.4029F9BF6121742C63F81BE4EF1CA26F.d.248B375A5CC2A9475086883B5C101D3F.e.5619/click - {}
RESULT: undefined
COMMAND: POST /session/5e92debbff3cc6e5587d1fbec505cad2/element - {"using":"xpath","value":"//*[@id=\"__tile127\"]"}
RESULT: {"using":"xpath","value":"//*[@id=\"__tile127\"]"}
COMMAND: POST /session/5e92debbff3cc6e5587d1fbec505cad2/element/f.4029F9BF6121742C63F81BE4EF1CA26F.d.248B375A5CC2A9475086883B5C101D3F.e.5619/click - {}
RESULT: undefined
COMMAND: POST /session/5e92debbff3cc6e5587d1fbec505cad2/execute/async - {"script":"<script> [6424 bytes]","args":[{"element-6066-11e4-a52e-4f735466cecf":"f.4029F9BF6121742C63F81BE4EF1CA26F.d.248B375A5CC2A9475086883B5C101D3F.e.284"},"getTitle",[]]}
COMMAND: POST /session/5e92debbff3cc6e5587d1fbec505cad2/execute/async - {"script":"<script> [1562 bytes]","args":[{"selector":{"id":"shellAppTitle"},"wdio_ui5_key":"shellAppTitle"}]}
RESULT: {"script":"<script> [1562 bytes]","args":[{"selector":{"id":"shellAppTitle"},"wdio_ui5_key":"shellAppTitle"}]}
COMMAND: POST /session/5e92debbff3cc6e5587d1fbec505cad2/execute/async - {"script":"<script> [6424 bytes]","args":[{"element-6066-11e4-a52e-4f735466cecf":"f.4029F9BF6121742C63F81BE4EF1CA26F.d.248B375A5CC2A9475086883B5C101D3F.e.5689"},"getTitle",[]]}
RESULT: {"script":"<script> [6424 bytes]","args":[{"element-6066-11e4-a52e-4f735466cecf":"f.4029F9BF6121742C63F81BE4EF1CA26F.d.248B375A5CC2A9475086883B5C101D3F.e.5689"},"getTitle",[]]}
RESULT: undefined
COMMAND: POST /session/5e92debbff3cc6e5587d1fbec505cad2/element/f.4029F9BF6121742C63F81BE4EF1CA26F.d.248B375A5CC2A9475086883B5C101D3F.e.5615/click - {}
COMMAND: POST /session/5e92debbff3cc6e5587d1fbec505cad2/element/f.4029F9BF6121742C63F81BE4EF1CA26F.d.248B375A5CC2A9475086883B5C101D3F.e.5615/click - {}
RESULT: {}
COMMAND: GET /session/5e92debbff3cc6e5587d1fbec505cad2/screenshot - {}
COMMAND: POST /session/5e92debbff3cc6e5587d1fbec505cad2/element - {"using":"xpath","value":"//*[@id=\"backBtn\"]"}
RESULT: {}
RESULT: {"using":"xpath","value":"//*[@id=\"backBtn\"]"}
COMMAND: POST /session/5e92debbff3cc6e5587d1fbec505cad2/elements - {"using":"xpath","value":"//*[@id=\"backBtn\"]"}
RESULT: {"using":"xpath","value":"//*[@id=\"backBtn\"]"}
COMMAND: POST /session/5e92debbff3cc6e5587d1fbec505cad2/elements - {"using":"xpath","value":"//*[@id=\"backBtn\"]"}
RESULT: {"using":"xpath","value":"//*[@id=\"backBtn\"]"}
COMMAND: POST /session/5e92debbff3cc6e5587d1fbec505cad2/elements - {"using":"xpath","value":"//*[@id=\"backBtn\"]"}
RESULT: {"using":"xpath","value":"//*[@id=\"backBtn\"]"}
COMMAND: POST /session/5e92debbff3cc6e5587d1fbec505cad2/elements - {"using":"xpath","value":"//*[@id=\"backBtn\"]"}
RESULT: {"using":"xpath","value":"//*[@id=\"backBtn\"]"}
COMMAND: POST /session/5e92debbff3cc6e5587d1fbec505cad2/elements - {"using":"xpath","value":"//*[@id=\"backBtn\"]"}
RESULT: {"using":"xpath","value":"//*[@id=\"backBtn\"]"}
COMMAND: POST /session/5e92debbff3cc6e5587d1fbec505cad2/elements - {"using":"xpath","value":"//*[@id=\"backBtn\"]"}
RESULT: {"using":"xpath","value":"//*[@id=\"backBtn\"]"}
COMMAND: POST /session/5e92debbff3cc6e5587d1fbec505cad2/elements - {"using":"xpath","value":"//*[@id=\"backBtn\"]"}
RESULT: {"using":"xpath","value":"//*[@id=\"backBtn\"]"}
COMMAND: POST /session/5e92debbff3cc6e5587d1fbec505cad2/elements - {"using":"xpath","value":"//*[@id=\"backBtn\"]"}
RESULT: {"using":"xpath","value":"//*[@id=\"backBtn\"]"}
COMMAND: POST /session/5e92debbff3cc6e5587d1fbec505cad2/elements - {"using":"xpath","value":"//*[@id=\"backBtn\"]"}
RESULT: {"using":"xpath","value":"//*[@id=\"backBtn\"]"}
COMMAND: POST /session/5e92debbff3cc6e5587d1fbec505cad2/elements - {"using":"xpath","value":"//*[@id=\"backBtn\"]"}
RESULT: {"using":"xpath","value":"//*[@id=\"backBtn\"]"}
COMMAND: POST /session/5e92debbff3cc6e5587d1fbec505cad2/elements - {"using":"xpath","value":"//*[@id=\"backBtn\"]"}
RESULT: {"using":"xpath","value":"//*[@id=\"backBtn\"]"}
COMMAND: POST /session/5e92debbff3cc6e5587d1fbec505cad2/elements - {"using":"xpath","value":"//*[@id=\"backBtn\"]"}
RESULT: {"using":"xpath","value":"//*[@id=\"backBtn\"]"}
COMMAND: POST /session/5e92debbff3cc6e5587d1fbec505cad2/elements - {"using":"xpath","value":"//*[@id=\"backBtn\"]"}
RESULT: {"using":"xpath","value":"//*[@id=\"backBtn\"]"}
COMMAND: POST /session/5e92debbff3cc6e5587d1fbec505cad2/elements - {"using":"xpath","value":"//*[@id=\"backBtn\"]"}
RESULT: {"using":"xpath","value":"//*[@id=\"backBtn\"]"}
COMMAND: POST /session/5e92debbff3cc6e5587d1fbec505cad2/elements - {"using":"xpath","value":"//*[@id=\"backBtn\"]"}
RESULT: {"using":"xpath","value":"//*[@id=\"backBtn\"]"}
COMMAND: POST /session/5e92debbff3cc6e5587d1fbec505cad2/elements - {"using":"xpath","value":"//*[@id=\"backBtn\"]"}
RESULT: {"using":"xpath","value":"//*[@id=\"backBtn\"]"}
COMMAND: POST /session/5e92debbff3cc6e5587d1fbec505cad2/elements - {"using":"xpath","value":"//*[@id=\"backBtn\"]"}
RESULT: {"using":"xpath","value":"//*[@id=\"backBtn\"]"}
COMMAND: POST /session/5e92debbff3cc6e5587d1fbec505cad2/elements - {"using":"xpath","value":"//*[@id=\"backBtn\"]"}
RESULT: {"using":"xpath","value":"//*[@id=\"backBtn\"]"}
]]></system-out>
    </testcase>
    <testcase classname="chrome.135_0_7049_96.windows.Sanity_Tests_US104253" name="Should open Jobs Setup page" time="25.868">
      <system-out><![CDATA[
COMMAND: POST /session/5e92debbff3cc6e5587d1fbec505cad2/execute/async - {"script":"<script> [1562 bytes]","args":[{"selector":{"controlType":"sap.m.GenericTile","properties":{"header":"Jobs Setup"}},"wdio_ui5_key":"sapm.GenericTile{\"header\":\"Jobs Setup\"}"}]}
COMMAND: POST /session/5e92debbff3cc6e5587d1fbec505cad2/elements - {"using":"xpath","value":"//*[@id=\"backBtn\"]"}
RESULT: {"script":"<script> [1562 bytes]","args":[{"selector":{"controlType":"sap.m.GenericTile","properties":{"header":"Jobs Setup"}},"wdio_ui5_key":"sapm.GenericTile{\"header\":\"Jobs Setup\"}"}]}
RESULT: undefined
COMMAND: POST /session/5e92debbff3cc6e5587d1fbec505cad2/element - {"using":"xpath","value":"//*[@id=\"__tile128\"]"}
RESULT: {"using":"xpath","value":"//*[@id=\"backBtn\"]"}
RESULT: {"using":"xpath","value":"//*[@id=\"__tile128\"]"}
COMMAND: POST /session/5e92debbff3cc6e5587d1fbec505cad2/element/f.4029F9BF6121742C63F81BE4EF1CA26F.d.248B375A5CC2A9475086883B5C101D3F.e.5691/click - {}
RESULT: {}
COMMAND: GET /session/5e92debbff3cc6e5587d1fbec505cad2/screenshot - {}
RESULT: {}
COMMAND: POST /session/5e92debbff3cc6e5587d1fbec505cad2/elements - {"using":"xpath","value":"//*[@id=\"backBtn\"]"}
RESULT: {"using":"xpath","value":"//*[@id=\"backBtn\"]"}
COMMAND: POST /session/5e92debbff3cc6e5587d1fbec505cad2/elements - {"using":"xpath","value":"//*[@id=\"backBtn\"]"}
RESULT: {"using":"xpath","value":"//*[@id=\"backBtn\"]"}
COMMAND: POST /session/5e92debbff3cc6e5587d1fbec505cad2/element - {"using":"xpath","value":"//*[@id=\"backBtn\"]"}
RESULT: {"using":"xpath","value":"//*[@id=\"backBtn\"]"}
COMMAND: POST /session/5e92debbff3cc6e5587d1fbec505cad2/element/f.4029F9BF6121742C63F81BE4EF1CA26F.d.248B375A5CC2A9475086883B5C101D3F.e.5615/click - {}
COMMAND: POST /session/5e92debbff3cc6e5587d1fbec505cad2/element - {"using":"xpath","value":"//*[@id=\"backBtn\"]"}
RESULT: {"using":"xpath","value":"//*[@id=\"backBtn\"]"}
COMMAND: POST /session/5e92debbff3cc6e5587d1fbec505cad2/element/f.4029F9BF6121742C63F81BE4EF1CA26F.d.248B375A5CC2A9475086883B5C101D3F.e.5746/click - {}
RESULT: {}
COMMAND: GET /session/5e92debbff3cc6e5587d1fbec505cad2/screenshot - {}
RESULT: {}
RESULT: undefined
COMMAND: POST /session/5e92debbff3cc6e5587d1fbec505cad2/element - {"using":"xpath","value":"//*[@id=\"__tile128\"]"}
RESULT: {"using":"xpath","value":"//*[@id=\"__tile128\"]"}
COMMAND: POST /session/5e92debbff3cc6e5587d1fbec505cad2/element/f.4029F9BF6121742C63F81BE4EF1CA26F.d.248B375A5CC2A9475086883B5C101D3F.e.5691/click - {}
RESULT: undefined
COMMAND: POST /session/5e92debbff3cc6e5587d1fbec505cad2/element - {"using":"xpath","value":"//*[@id=\"__tile128\"]"}
RESULT: {"using":"xpath","value":"//*[@id=\"__tile128\"]"}
COMMAND: POST /session/5e92debbff3cc6e5587d1fbec505cad2/element/f.4029F9BF6121742C63F81BE4EF1CA26F.d.248B375A5CC2A9475086883B5C101D3F.e.5691/click - {}
RESULT: undefined
COMMAND: POST /session/5e92debbff3cc6e5587d1fbec505cad2/execute/async - {"script":"<script> [6424 bytes]","args":[{"element-6066-11e4-a52e-4f735466cecf":"f.4029F9BF6121742C63F81BE4EF1CA26F.d.248B375A5CC2A9475086883B5C101D3F.e.284"},"getTitle",[]]}
COMMAND: POST /session/5e92debbff3cc6e5587d1fbec505cad2/execute/async - {"script":"<script> [1562 bytes]","args":[{"selector":{"id":"shellAppTitle"},"wdio_ui5_key":"shellAppTitle"}]}
RESULT: {"script":"<script> [1562 bytes]","args":[{"selector":{"id":"shellAppTitle"},"wdio_ui5_key":"shellAppTitle"}]}
COMMAND: POST /session/5e92debbff3cc6e5587d1fbec505cad2/execute/async - {"script":"<script> [6424 bytes]","args":[{"element-6066-11e4-a52e-4f735466cecf":"f.4029F9BF6121742C63F81BE4EF1CA26F.d.248B375A5CC2A9475086883B5C101D3F.e.5780"},"getTitle",[]]}
RESULT: {"script":"<script> [6424 bytes]","args":[{"element-6066-11e4-a52e-4f735466cecf":"f.4029F9BF6121742C63F81BE4EF1CA26F.d.248B375A5CC2A9475086883B5C101D3F.e.5780"},"getTitle",[]]}
RESULT: undefined
COMMAND: POST /session/5e92debbff3cc6e5587d1fbec505cad2/element/f.4029F9BF6121742C63F81BE4EF1CA26F.d.248B375A5CC2A9475086883B5C101D3F.e.5746/click - {}
COMMAND: POST /session/5e92debbff3cc6e5587d1fbec505cad2/element/f.4029F9BF6121742C63F81BE4EF1CA26F.d.248B375A5CC2A9475086883B5C101D3F.e.5746/click - {}
RESULT: {}
COMMAND: GET /session/5e92debbff3cc6e5587d1fbec505cad2/screenshot - {}
RESULT: {}
COMMAND: GET /session/5e92debbff3cc6e5587d1fbec505cad2/screenshot - {}
RESULT: {}
RESULT: {}
]]></system-out>
    </testcase>
    <testcase classname="chrome.135_0_7049_96.windows.Sanity_Tests_US104253" name="Should open Target Systems Configuration page" time="26.775">
      <system-out><![CDATA[
COMMAND: POST /session/5e92debbff3cc6e5587d1fbec505cad2/execute/async - {"script":"<script> [1562 bytes]","args":[{"selector":{"controlType":"sap.m.GenericTile","properties":{"header":"Target Systems Configuration"}},"wdio_ui5_key":"sapm.GenericTile{\"header\":\"Target Systems Configuration\"}"}]}
RESULT: {"script":"<script> [1562 bytes]","args":[{"selector":{"controlType":"sap.m.GenericTile","properties":{"header":"Target Systems Configuration"}},"wdio_ui5_key":"sapm.GenericTile{\"header\":\"Target Systems Configuration\"}"}]}
RESULT: undefined
COMMAND: POST /session/5e92debbff3cc6e5587d1fbec505cad2/element - {"using":"xpath","value":"//*[@id=\"__tile129\"]"}
RESULT: {"using":"xpath","value":"//*[@id=\"__tile129\"]"}
COMMAND: POST /session/5e92debbff3cc6e5587d1fbec505cad2/element/f.4029F9BF6121742C63F81BE4EF1CA26F.d.248B375A5CC2A9475086883B5C101D3F.e.5782/click - {}
RESULT: {}
COMMAND: GET /session/5e92debbff3cc6e5587d1fbec505cad2/screenshot - {}
RESULT: {}
RESULT: undefined
COMMAND: POST /session/5e92debbff3cc6e5587d1fbec505cad2/element - {"using":"xpath","value":"//*[@id=\"__tile129\"]"}
RESULT: {"using":"xpath","value":"//*[@id=\"__tile129\"]"}
COMMAND: POST /session/5e92debbff3cc6e5587d1fbec505cad2/element/f.4029F9BF6121742C63F81BE4EF1CA26F.d.248B375A5CC2A9475086883B5C101D3F.e.5782/click - {}
RESULT: undefined
COMMAND: POST /session/5e92debbff3cc6e5587d1fbec505cad2/element - {"using":"xpath","value":"//*[@id=\"__tile129\"]"}
RESULT: {"using":"xpath","value":"//*[@id=\"__tile129\"]"}
COMMAND: POST /session/5e92debbff3cc6e5587d1fbec505cad2/element/f.4029F9BF6121742C63F81BE4EF1CA26F.d.248B375A5CC2A9475086883B5C101D3F.e.5782/click - {}
RESULT: undefined
COMMAND: POST /session/5e92debbff3cc6e5587d1fbec505cad2/execute/async - {"script":"<script> [6424 bytes]","args":[{"element-6066-11e4-a52e-4f735466cecf":"f.4029F9BF6121742C63F81BE4EF1CA26F.d.248B375A5CC2A9475086883B5C101D3F.e.284"},"getTitle",[]]}
COMMAND: POST /session/5e92debbff3cc6e5587d1fbec505cad2/execute/async - {"script":"<script> [1562 bytes]","args":[{"selector":{"id":"shellAppTitle"},"wdio_ui5_key":"shellAppTitle"}]}
RESULT: {"script":"<script> [1562 bytes]","args":[{"selector":{"id":"shellAppTitle"},"wdio_ui5_key":"shellAppTitle"}]}
COMMAND: POST /session/5e92debbff3cc6e5587d1fbec505cad2/execute/async - {"script":"<script> [6424 bytes]","args":[{"element-6066-11e4-a52e-4f735466cecf":"f.4029F9BF6121742C63F81BE4EF1CA26F.d.248B375A5CC2A9475086883B5C101D3F.e.5835"},"getTitle",[]]}
RESULT: {"script":"<script> [6424 bytes]","args":[{"element-6066-11e4-a52e-4f735466cecf":"f.4029F9BF6121742C63F81BE4EF1CA26F.d.248B375A5CC2A9475086883B5C101D3F.e.5835"},"getTitle",[]]}
RESULT: undefined
COMMAND: POST /session/5e92debbff3cc6e5587d1fbec505cad2/element/f.4029F9BF6121742C63F81BE4EF1CA26F.d.248B375A5CC2A9475086883B5C101D3F.e.5746/click - {}
COMMAND: POST /session/5e92debbff3cc6e5587d1fbec505cad2/element/f.4029F9BF6121742C63F81BE4EF1CA26F.d.248B375A5CC2A9475086883B5C101D3F.e.5746/click - {}
RESULT: {}
COMMAND: GET /session/5e92debbff3cc6e5587d1fbec505cad2/screenshot - {}
COMMAND: POST /session/5e92debbff3cc6e5587d1fbec505cad2/element - {"using":"xpath","value":"//*[@id=\"backBtn\"]"}
RESULT: {}
RESULT: {"using":"xpath","value":"//*[@id=\"backBtn\"]"}
COMMAND: POST /session/5e92debbff3cc6e5587d1fbec505cad2/elements - {"using":"xpath","value":"//*[@id=\"backBtn\"]"}
RESULT: {"using":"xpath","value":"//*[@id=\"backBtn\"]"}
COMMAND: POST /session/5e92debbff3cc6e5587d1fbec505cad2/elements - {"using":"xpath","value":"//*[@id=\"backBtn\"]"}
RESULT: {"using":"xpath","value":"//*[@id=\"backBtn\"]"}
COMMAND: POST /session/5e92debbff3cc6e5587d1fbec505cad2/elements - {"using":"xpath","value":"//*[@id=\"backBtn\"]"}
RESULT: {"using":"xpath","value":"//*[@id=\"backBtn\"]"}
COMMAND: POST /session/5e92debbff3cc6e5587d1fbec505cad2/elements - {"using":"xpath","value":"//*[@id=\"backBtn\"]"}
RESULT: {"using":"xpath","value":"//*[@id=\"backBtn\"]"}
COMMAND: POST /session/5e92debbff3cc6e5587d1fbec505cad2/elements - {"using":"xpath","value":"//*[@id=\"backBtn\"]"}
RESULT: {"using":"xpath","value":"//*[@id=\"backBtn\"]"}
COMMAND: POST /session/5e92debbff3cc6e5587d1fbec505cad2/elements - {"using":"xpath","value":"//*[@id=\"backBtn\"]"}
RESULT: {"using":"xpath","value":"//*[@id=\"backBtn\"]"}
COMMAND: POST /session/5e92debbff3cc6e5587d1fbec505cad2/elements - {"using":"xpath","value":"//*[@id=\"backBtn\"]"}
RESULT: {"using":"xpath","value":"//*[@id=\"backBtn\"]"}
COMMAND: POST /session/5e92debbff3cc6e5587d1fbec505cad2/elements - {"using":"xpath","value":"//*[@id=\"backBtn\"]"}
RESULT: {"using":"xpath","value":"//*[@id=\"backBtn\"]"}
COMMAND: POST /session/5e92debbff3cc6e5587d1fbec505cad2/elements - {"using":"xpath","value":"//*[@id=\"backBtn\"]"}
RESULT: {"using":"xpath","value":"//*[@id=\"backBtn\"]"}
COMMAND: POST /session/5e92debbff3cc6e5587d1fbec505cad2/elements - {"using":"xpath","value":"//*[@id=\"backBtn\"]"}
RESULT: {"using":"xpath","value":"//*[@id=\"backBtn\"]"}
COMMAND: POST /session/5e92debbff3cc6e5587d1fbec505cad2/elements - {"using":"xpath","value":"//*[@id=\"backBtn\"]"}
RESULT: {"using":"xpath","value":"//*[@id=\"backBtn\"]"}
COMMAND: POST /session/5e92debbff3cc6e5587d1fbec505cad2/elements - {"using":"xpath","value":"//*[@id=\"backBtn\"]"}
RESULT: {"using":"xpath","value":"//*[@id=\"backBtn\"]"}
COMMAND: POST /session/5e92debbff3cc6e5587d1fbec505cad2/elements - {"using":"xpath","value":"//*[@id=\"backBtn\"]"}
RESULT: {"using":"xpath","value":"//*[@id=\"backBtn\"]"}
COMMAND: POST /session/5e92debbff3cc6e5587d1fbec505cad2/elements - {"using":"xpath","value":"//*[@id=\"backBtn\"]"}
RESULT: {"using":"xpath","value":"//*[@id=\"backBtn\"]"}
COMMAND: POST /session/5e92debbff3cc6e5587d1fbec505cad2/elements - {"using":"xpath","value":"//*[@id=\"backBtn\"]"}
RESULT: {"using":"xpath","value":"//*[@id=\"backBtn\"]"}
COMMAND: POST /session/5e92debbff3cc6e5587d1fbec505cad2/elements - {"using":"xpath","value":"//*[@id=\"backBtn\"]"}
RESULT: {"using":"xpath","value":"//*[@id=\"backBtn\"]"}
COMMAND: POST /session/5e92debbff3cc6e5587d1fbec505cad2/elements - {"using":"xpath","value":"//*[@id=\"backBtn\"]"}
RESULT: {"using":"xpath","value":"//*[@id=\"backBtn\"]"}
COMMAND: POST /session/5e92debbff3cc6e5587d1fbec505cad2/elements - {"using":"xpath","value":"//*[@id=\"backBtn\"]"}
RESULT: {"using":"xpath","value":"//*[@id=\"backBtn\"]"}
COMMAND: POST /session/5e92debbff3cc6e5587d1fbec505cad2/elements - {"using":"xpath","value":"//*[@id=\"backBtn\"]"}
RESULT: {"using":"xpath","value":"//*[@id=\"backBtn\"]"}
COMMAND: POST /session/5e92debbff3cc6e5587d1fbec505cad2/elements - {"using":"xpath","value":"//*[@id=\"backBtn\"]"}
RESULT: {"using":"xpath","value":"//*[@id=\"backBtn\"]"}
COMMAND: POST /session/5e92debbff3cc6e5587d1fbec505cad2/elements - {"using":"xpath","value":"//*[@id=\"backBtn\"]"}
RESULT: {"using":"xpath","value":"//*[@id=\"backBtn\"]"}
COMMAND: POST /session/5e92debbff3cc6e5587d1fbec505cad2/elements - {"using":"xpath","value":"//*[@id=\"backBtn\"]"}
RESULT: {"using":"xpath","value":"//*[@id=\"backBtn\"]"}
COMMAND: POST /session/5e92debbff3cc6e5587d1fbec505cad2/elements - {"using":"xpath","value":"//*[@id=\"backBtn\"]"}
RESULT: {"using":"xpath","value":"//*[@id=\"backBtn\"]"}
COMMAND: POST /session/5e92debbff3cc6e5587d1fbec505cad2/elements - {"using":"xpath","value":"//*[@id=\"backBtn\"]"}
RESULT: {"using":"xpath","value":"//*[@id=\"backBtn\"]"}
COMMAND: POST /session/5e92debbff3cc6e5587d1fbec505cad2/elements - {"using":"xpath","value":"//*[@id=\"backBtn\"]"}
RESULT: {"using":"xpath","value":"//*[@id=\"backBtn\"]"}
COMMAND: POST /session/5e92debbff3cc6e5587d1fbec505cad2/elements - {"using":"xpath","value":"//*[@id=\"backBtn\"]"}
RESULT: {"using":"xpath","value":"//*[@id=\"backBtn\"]"}
COMMAND: POST /session/5e92debbff3cc6e5587d1fbec505cad2/elements - {"using":"xpath","value":"//*[@id=\"backBtn\"]"}
RESULT: {"using":"xpath","value":"//*[@id=\"backBtn\"]"}
COMMAND: POST /session/5e92debbff3cc6e5587d1fbec505cad2/elements - {"using":"xpath","value":"//*[@id=\"backBtn\"]"}
RESULT: {"using":"xpath","value":"//*[@id=\"backBtn\"]"}
COMMAND: POST /session/5e92debbff3cc6e5587d1fbec505cad2/elements - {"using":"xpath","value":"//*[@id=\"backBtn\"]"}
RESULT: {"using":"xpath","value":"//*[@id=\"backBtn\"]"}
COMMAND: POST /session/5e92debbff3cc6e5587d1fbec505cad2/elements - {"using":"xpath","value":"//*[@id=\"backBtn\"]"}
RESULT: {"using":"xpath","value":"//*[@id=\"backBtn\"]"}
COMMAND: POST /session/5e92debbff3cc6e5587d1fbec505cad2/elements - {"using":"xpath","value":"//*[@id=\"backBtn\"]"}
RESULT: {"using":"xpath","value":"//*[@id=\"backBtn\"]"}
COMMAND: POST /session/5e92debbff3cc6e5587d1fbec505cad2/elements - {"using":"xpath","value":"//*[@id=\"backBtn\"]"}
RESULT: {"using":"xpath","value":"//*[@id=\"backBtn\"]"}
COMMAND: POST /session/5e92debbff3cc6e5587d1fbec505cad2/elements - {"using":"xpath","value":"//*[@id=\"backBtn\"]"}
RESULT: {"using":"xpath","value":"//*[@id=\"backBtn\"]"}
COMMAND: POST /session/5e92debbff3cc6e5587d1fbec505cad2/elements - {"using":"xpath","value":"//*[@id=\"backBtn\"]"}
RESULT: {"using":"xpath","value":"//*[@id=\"backBtn\"]"}
COMMAND: POST /session/5e92debbff3cc6e5587d1fbec505cad2/elements - {"using":"xpath","value":"//*[@id=\"backBtn\"]"}
RESULT: {"using":"xpath","value":"//*[@id=\"backBtn\"]"}
COMMAND: POST /session/5e92debbff3cc6e5587d1fbec505cad2/elements - {"using":"xpath","value":"//*[@id=\"backBtn\"]"}
RESULT: {"using":"xpath","value":"//*[@id=\"backBtn\"]"}
COMMAND: POST /session/5e92debbff3cc6e5587d1fbec505cad2/elements - {"using":"xpath","value":"//*[@id=\"backBtn\"]"}
RESULT: {"using":"xpath","value":"//*[@id=\"backBtn\"]"}
COMMAND: POST /session/5e92debbff3cc6e5587d1fbec505cad2/elements - {"using":"xpath","value":"//*[@id=\"backBtn\"]"}
RESULT: {"using":"xpath","value":"//*[@id=\"backBtn\"]"}
COMMAND: POST /session/5e92debbff3cc6e5587d1fbec505cad2/elements - {"using":"xpath","value":"//*[@id=\"backBtn\"]"}
RESULT: {"using":"xpath","value":"//*[@id=\"backBtn\"]"}
COMMAND: DELETE /session/5e92debbff3cc6e5587d1fbec505cad2 - {}
COMMAND: POST /session/5e92debbff3cc6e5587d1fbec505cad2/elements - {"using":"xpath","value":"//*[@id=\"backBtn\"]"}
RESULT: {}
]]></system-out>
    </testcase>
  </testsuite>
</testsuites>