<?xml version="1.0" encoding="UTF-8"?>
<testsuites tests="4" failures="0" errors="0" skipped="0">
  <testsuite timestamp="2025-05-30T16:53:09" time="430.69" tests="4" failures="0" errors="0" skipped="0">
    <properties>
      <property name="specId" value="0"/>
      <property name="suiteName" value="ISC Template - Time schedule US156099"/>
      <property name="capabilities" value="chrome.136_0_7103_93.windows"/>
      <property name="file" value="file:///D:/a/1/s/test/specs/ISC/isc-template-time-schedule.spec.js"/>
    </properties>
    <testcase classname="chrome.136_0_7103_93.windows.ISC_Template_-_Time_schedule_US156099" name="Should verify if the yard has the currency and the storage location assigned" time="64.585">
      <system-out><![CDATA[
COMMAND: POST /session/af9491c2a1076ce794818b19a1a4ac27/execute/async - {"script":"<script> [1562 bytes]","args":[{"selector":{"controlType":"sap.m.GenericTile","properties":{"header":"Manage Yards"}},"wdio_ui5_key":"sapm.GenericTile{\"header\":\"Manage Yards\"}"}]}
RESULT: {"script":"<script> [1562 bytes]","args":[{"selector":{"controlType":"sap.m.GenericTile","properties":{"header":"Manage Yards"}},"wdio_ui5_key":"sapm.GenericTile{\"header\":\"Manage Yards\"}"}]}
RESULT: undefined
COMMAND: POST /session/af9491c2a1076ce794818b19a1a4ac27/element - {"using":"xpath","value":"//*[@id=\"__tile41\"]"}
RESULT: {"using":"xpath","value":"//*[@id=\"__tile41\"]"}
COMMAND: POST /session/af9491c2a1076ce794818b19a1a4ac27/element/f.26D2B1AE0E7CC6FDF0B47B55884175CC.d.E8B7592BD0312AFC91D9C019EC2B7997.e.117/click - {}
RESULT: {}
COMMAND: GET /session/af9491c2a1076ce794818b19a1a4ac27/screenshot - {}
RESULT: {}
COMMAND: POST /session/af9491c2a1076ce794818b19a1a4ac27/elements - {"using":"xpath","value":"//span[text()='Error']"}
RESULT: {"using":"xpath","value":"//span[text()='Error']"}
COMMAND: POST /session/af9491c2a1076ce794818b19a1a4ac27/element - {"using":"xpath","value":"//input[contains(@id ,\"application-manageyards-display-component---masterYard--smartFilterBar-btnBasicSearch\")]"}
RESULT: {"using":"xpath","value":"//input[contains(@id ,\"application-manageyards-display-component---masterYard--smartFilterBar-btnBasicSearch\")]"}
COMMAND: POST /session/af9491c2a1076ce794818b19a1a4ac27/element/f.26D2B1AE0E7CC6FDF0B47B55884175CC.d.E8B7592BD0312AFC91D9C019EC2B7997.e.141/clear - {}
RESULT: {}
COMMAND: POST /session/af9491c2a1076ce794818b19a1a4ac27/element/f.26D2B1AE0E7CC6FDF0B47B55884175CC.d.E8B7592BD0312AFC91D9C019EC2B7997.e.141/value - {"text":"109"}
COMMAND: GET /session/af9491c2a1076ce794818b19a1a4ac27/screenshot - {}
RESULT: {"text":"109"}
COMMAND: POST /session/af9491c2a1076ce794818b19a1a4ac27/actions - {"actions":[{"id":"action1","type":"key","parameters":{},"actions":[{"type":"keyDown","value":""},{"type":"pause","duration":10},{"type":"keyUp","value":""}]}]}
COMMAND: GET /session/af9491c2a1076ce794818b19a1a4ac27/screenshot - {}
RESULT: {}
RESULT: {"actions":[{"id":"action1","type":"key","parameters":{},"actions":[{"type":"keyDown","value":""},{"type":"pause","duration":10},{"type":"keyUp","value":""}]}]}
COMMAND: GET /session/af9491c2a1076ce794818b19a1a4ac27/screenshot - {}
RESULT: {}
RESULT: {}
COMMAND: POST /session/af9491c2a1076ce794818b19a1a4ac27/execute/async - {"script":"<script> [1562 bytes]","args":[{"selector":{"controlType":"sap.ui.core.Icon","viewName":"etm.portal.ui.manageyards.view.Master","viewId":"application-manageyards-display-component---masterYard","properties":{"src":{"regex":{"source":"slim\\-arrow\\-right"}}}},"wdio_ui5_key":"etmportal.ui.manageyards.view.Mastersap.ui.core.Icon{\"src\":{\"regex\":{\"source\":\"slim\\\\-arrow\\\\-right\"}}}"}]}
RESULT: {"script":"<script> [1562 bytes]","args":[{"selector":{"controlType":"sap.ui.core.Icon","viewName":"etm.portal.ui.manageyards.view.Master","viewId":"application-manageyards-display-component---masterYard","properties":{"src":{"regex":{"source":"slim\\-arrow\\-right"}}}},"wdio_ui5_key":"etmportal.ui.manageyards.view.Mastersap.ui.core.Icon{\"src\":{\"regex\":{\"source\":\"slim\\\\-arrow\\\\-right\"}}}"}]}
RESULT: undefined
COMMAND: POST /session/af9491c2a1076ce794818b19a1a4ac27/element - {"using":"xpath","value":"//*[@id=\"__item22-__clone19-imgNav\"]"}
RESULT: {"using":"xpath","value":"//*[@id=\"__item22-__clone19-imgNav\"]"}
COMMAND: POST /session/af9491c2a1076ce794818b19a1a4ac27/element/f.26D2B1AE0E7CC6FDF0B47B55884175CC.d.E8B7592BD0312AFC91D9C019EC2B7997.e.300/click - {}
RESULT: {}
COMMAND: GET /session/af9491c2a1076ce794818b19a1a4ac27/screenshot - {}
RESULT: {}
COMMAND: POST /session/af9491c2a1076ce794818b19a1a4ac27/execute/async - {"script":"<script> [1562 bytes]","args":[{"selector":{"controlType":"sap.m.Button","viewName":"etm.portal.ui.manageyards.view.Detail","viewId":"application-manageyards-display-component---detailYard","properties":{"text":"Commercial"},"interaction":{"idSuffix":"BDI-content"}},"wdio_ui5_key":"etmportal.ui.manageyards.view.Detailsap.m.Button{\"text\":\"Commercial\"}"}]}
RESULT: {"script":"<script> [1562 bytes]","args":[{"selector":{"controlType":"sap.m.Button","viewName":"etm.portal.ui.manageyards.view.Detail","viewId":"application-manageyards-display-component---detailYard","properties":{"text":"Commercial"},"interaction":{"idSuffix":"BDI-content"}},"wdio_ui5_key":"etmportal.ui.manageyards.view.Detailsap.m.Button{\"text\":\"Commercial\"}"}]}
RESULT: undefined
COMMAND: POST /session/af9491c2a1076ce794818b19a1a4ac27/element - {"using":"xpath","value":"//*[@id=\"application-manageyards-display-component---detailYard--ObjectPageLayout-anchBar-__section5-anchor\"]"}
RESULT: {"using":"xpath","value":"//*[@id=\"application-manageyards-display-component---detailYard--ObjectPageLayout-anchBar-__section5-anchor\"]"}
COMMAND: POST /session/af9491c2a1076ce794818b19a1a4ac27/element/f.26D2B1AE0E7CC6FDF0B47B55884175CC.d.E8B7592BD0312AFC91D9C019EC2B7997.e.431/click - {}
RESULT: {}
COMMAND: GET /session/af9491c2a1076ce794818b19a1a4ac27/screenshot - {}
RESULT: {}
COMMAND: POST /session/af9491c2a1076ce794818b19a1a4ac27/element - {"using":"xpath","value":"//span[contains(text(), \"Euro\")]"}
RESULT: {"using":"xpath","value":"//span[contains(text(), \"Euro\")]"}
COMMAND: POST /session/af9491c2a1076ce794818b19a1a4ac27/element - {"using":"xpath","value":"//span[contains(text(), \"0010\")]"}
RESULT: {"using":"xpath","value":"//span[contains(text(), \"0010\")]"}
COMMAND: POST /session/af9491c2a1076ce794818b19a1a4ac27/execute/sync - {"script":"<script> [8489 bytes]","args":[{"element-6066-11e4-a52e-4f735466cecf":"f.26D2B1AE0E7CC6FDF0B47B55884175CC.d.E8B7592BD0312AFC91D9C019EC2B7997.e.440","ELEMENT":"f.26D2B1AE0E7CC6FDF0B47B55884175CC.d.E8B7592BD0312AFC91D9C019EC2B7997.e.440"}]}
RESULT: {"script":"<script> [8489 bytes]","args":[{"element-6066-11e4-a52e-4f735466cecf":"f.26D2B1AE0E7CC6FDF0B47B55884175CC.d.E8B7592BD0312AFC91D9C019EC2B7997.e.440","ELEMENT":"f.26D2B1AE0E7CC6FDF0B47B55884175CC.d.E8B7592BD0312AFC91D9C019EC2B7997.e.440"}]}
COMMAND: POST /session/af9491c2a1076ce794818b19a1a4ac27/execute/sync - {"script":"<script> [8489 bytes]","args":[{"element-6066-11e4-a52e-4f735466cecf":"f.26D2B1AE0E7CC6FDF0B47B55884175CC.d.E8B7592BD0312AFC91D9C019EC2B7997.e.441","ELEMENT":"f.26D2B1AE0E7CC6FDF0B47B55884175CC.d.E8B7592BD0312AFC91D9C019EC2B7997.e.441"}]}
COMMAND: GET /session/af9491c2a1076ce794818b19a1a4ac27/screenshot - {}
RESULT: {"script":"<script> [8489 bytes]","args":[{"element-6066-11e4-a52e-4f735466cecf":"f.26D2B1AE0E7CC6FDF0B47B55884175CC.d.E8B7592BD0312AFC91D9C019EC2B7997.e.441","ELEMENT":"f.26D2B1AE0E7CC6FDF0B47B55884175CC.d.E8B7592BD0312AFC91D9C019EC2B7997.e.441"}]}
COMMAND: POST /session/af9491c2a1076ce794818b19a1a4ac27/element - {"using":"css selector","value":"#shell-header-logo"}
COMMAND: GET /session/af9491c2a1076ce794818b19a1a4ac27/screenshot - {}
RESULT: {}
RESULT: {"using":"css selector","value":"#shell-header-logo"}
COMMAND: POST /session/af9491c2a1076ce794818b19a1a4ac27/element/f.26D2B1AE0E7CC6FDF0B47B55884175CC.d.E8B7592BD0312AFC91D9C019EC2B7997.e.120/click - {}
RESULT: {}
RESULT: {}
COMMAND: GET /session/af9491c2a1076ce794818b19a1a4ac27/screenshot - {}
RESULT: {}
COMMAND: POST /session/af9491c2a1076ce794818b19a1a4ac27/refresh - {}
RESULT: {}
COMMAND: GET /session/af9491c2a1076ce794818b19a1a4ac27/screenshot - {}
RESULT: {}
COMMAND: POST /session/af9491c2a1076ce794818b19a1a4ac27/execute/async - {"script":"<script> [189 bytes]","args":[]}
RESULT: {"script":"<script> [189 bytes]","args":[]}
COMMAND: POST /session/af9491c2a1076ce794818b19a1a4ac27/execute/async - {"script":"<script> [123 bytes]","args":[]}
RESULT: {"script":"<script> [123 bytes]","args":[]}
COMMAND: POST /session/af9491c2a1076ce794818b19a1a4ac27/timeouts - {"script":"<number>"}
RESULT: {"script":"<number>"}
COMMAND: GET /session/af9491c2a1076ce794818b19a1a4ac27/timeouts - {}
RESULT: {}
RESULT: undefined
COMMAND: POST /session/af9491c2a1076ce794818b19a1a4ac27/execute/async - {"script":"<script> [2676 bytes]","args":[]}
RESULT: {"script":"<script> [2676 bytes]","args":[]}
COMMAND: POST /session/af9491c2a1076ce794818b19a1a4ac27/execute/async - {"script":"<script> [2342 bytes]","args":[{"protocol":"http","hostname":"0.0.0.0","path":"/","capabilities":{"browserName":"chrome","goog:chromeOptions":{"binary":"C:\\Program Files\\Google\\Chrome\\Application\\chrome.exe","args":["--start-maximized"]}},"logLevel":"warn","connectionRetryTimeout":120000,"connectionRetryCount":3,"logLevels":{},"enableDirectConnect":true,"strictSSL":true,"_":"65 more keys: [\"cacheDir\",\"port\",\"requestedCapabilities\",\"automationProtocol\",\"baseUrl\",\"waitforInterval\",\"waitforTimeout\",\"onReload\",\"beforeCommand\",\"afterCommand\",\"rootDir\",\"specs\",\"suites\",\"exclude\",\"groupLogsByTestSpec\",\"excludeDriverLogs\",\"bail\",\"framework\",\"reporters\",\"services\",\"maxInstances\",\"maxInstancesPerCapability\",\"injectGlobals\",\"filesToWatch\",\"execArgv\",\"runnerEnv\",\"runner\",\"shard\",\"specFileRetries\",\"specFileRetriesDelay\",\"specFileRetriesDeferred\",\"reporterSyncInterval\",\"reporterSyncTimeout\",\"cucumberFeaturesWithLineNumbers\",\"autoCompileOpts\",\"mochaOpts\",\"jasmineOpts\",\"cucumberOpts\",\"onPrepare\",\"onWorkerStart\",\"onWorkerEnd\",\"before\",\"beforeSession\",\"beforeSuite\",\"beforeHook\",\"beforeTest\",\"afterTest\",\"afterHook\",\"afterSuite\",\"afterSession\",\"after\",\"onComplete\",\"beforeAssertion\",\"afterAssertion\",\"beforeFeature\",\"beforeScenario\",\"beforeStep\",\"afterStep\",\"afterScenario\",\"afterFeature\",\"_\",\"suite\",\"$0\",\"ignoredWorkerServices\",\"wdi5\"]"}]}
RESULT: {"script":"<script> [2342 bytes]","args":[{"protocol":"http","hostname":"0.0.0.0","path":"/","capabilities":{"browserName":"chrome","goog:chromeOptions":{"binary":"C:\\Program Files\\Google\\Chrome\\Application\\chrome.exe","args":["--start-maximized"]}},"logLevel":"warn","connectionRetryTimeout":120000,"connectionRetryCount":3,"logLevels":{},"enableDirectConnect":true,"strictSSL":true,"_":"65 more keys: [\"cacheDir\",\"port\",\"requestedCapabilities\",\"automationProtocol\",\"baseUrl\",\"waitforInterval\",\"waitforTimeout\",\"onReload\",\"beforeCommand\",\"afterCommand\",\"rootDir\",\"specs\",\"suites\",\"exclude\",\"groupLogsByTestSpec\",\"excludeDriverLogs\",\"bail\",\"framework\",\"reporters\",\"services\",\"maxInstances\",\"maxInstancesPerCapability\",\"injectGlobals\",\"filesToWatch\",\"execArgv\",\"runnerEnv\",\"runner\",\"shard\",\"specFileRetries\",\"specFileRetriesDelay\",\"specFileRetriesDeferred\",\"reporterSyncInterval\",\"reporterSyncTimeout\",\"cucumberFeaturesWithLineNumbers\",\"autoCompileOpts\",\"mochaOpts\",\"jasmineOpts\",\"cucumberOpts\",\"onPrepare\",\"onWorkerStart\",\"onWorkerEnd\",\"before\",\"beforeSession\",\"beforeSuite\",\"beforeHook\",\"beforeTest\",\"afterTest\",\"afterHook\",\"afterSuite\",\"afterSession\",\"after\",\"onComplete\",\"beforeAssertion\",\"afterAssertion\",\"beforeFeature\",\"beforeScenario\",\"beforeStep\",\"afterStep\",\"afterScenario\",\"afterFeature\",\"_\",\"suite\",\"$0\",\"ignoredWorkerServices\",\"wdi5\"]"}]}
COMMAND: POST /session/af9491c2a1076ce794818b19a1a4ac27/execute/async - {"script":"<script> [21126 bytes]","args":[35000]}
RESULT: {"script":"<script> [21126 bytes]","args":[35000]}
]]></system-out>
    </testcase>
    <testcase classname="chrome.136_0_7103_93.windows.ISC_Template_-_Time_schedule_US156099" name="Should add the material link" time="69.237">
      <system-out><![CDATA[
COMMAND: POST /session/af9491c2a1076ce794818b19a1a4ac27/execute/async - {"script":"<script> [1562 bytes]","args":[{"selector":{"controlType":"sap.m.GenericTile","properties":{"header":"Manage Resources"}},"wdio_ui5_key":"sapm.GenericTile{\"header\":\"Manage Resources\"}"}]}
RESULT: {"script":"<script> [1562 bytes]","args":[{"selector":{"controlType":"sap.m.GenericTile","properties":{"header":"Manage Resources"}},"wdio_ui5_key":"sapm.GenericTile{\"header\":\"Manage Resources\"}"}]}
RESULT: undefined
COMMAND: POST /session/af9491c2a1076ce794818b19a1a4ac27/element - {"using":"xpath","value":"//*[@id=\"__tile39\"]"}
RESULT: {"using":"xpath","value":"//*[@id=\"__tile39\"]"}
COMMAND: POST /session/af9491c2a1076ce794818b19a1a4ac27/element/f.26D2B1AE0E7CC6FDF0B47B55884175CC.d.1F0F821E7A7823018F486DB876EDCF88.e.461/click - {}
RESULT: {}
COMMAND: GET /session/af9491c2a1076ce794818b19a1a4ac27/screenshot - {}
RESULT: {}
COMMAND: POST /session/af9491c2a1076ce794818b19a1a4ac27/elements - {"using":"xpath","value":"//span[text()='Error']"}
RESULT: {"using":"xpath","value":"//span[text()='Error']"}
COMMAND: POST /session/af9491c2a1076ce794818b19a1a4ac27/element - {"using":"xpath","value":"//input[contains(@id ,\"application-manageresources-display-component---masterRU--smartFilterBar-btnBasicSearch-I\")]"}
RESULT: {"using":"xpath","value":"//input[contains(@id ,\"application-manageresources-display-component---masterRU--smartFilterBar-btnBasicSearch-I\")]"}
COMMAND: POST /session/af9491c2a1076ce794818b19a1a4ac27/element/f.26D2B1AE0E7CC6FDF0B47B55884175CC.d.1F0F821E7A7823018F486DB876EDCF88.e.480/value - {"text":"200013"}
RESULT: {"text":"200013"}
COMMAND: GET /session/af9491c2a1076ce794818b19a1a4ac27/screenshot - {}
RESULT: {}
COMMAND: POST /session/af9491c2a1076ce794818b19a1a4ac27/actions - {"actions":[{"id":"action2","type":"key","parameters":{},"actions":[{"type":"keyDown","value":""},{"type":"pause","duration":10},{"type":"keyUp","value":""}]}]}
RESULT: {"actions":[{"id":"action2","type":"key","parameters":{},"actions":[{"type":"keyDown","value":""},{"type":"pause","duration":10},{"type":"keyUp","value":""}]}]}
COMMAND: GET /session/af9491c2a1076ce794818b19a1a4ac27/screenshot - {}
RESULT: {}
COMMAND: POST /session/af9491c2a1076ce794818b19a1a4ac27/execute/async - {"script":"<script> [1562 bytes]","args":[{"selector":{"controlType":"sap.ui.core.Icon","viewName":"etm.portal.ui.manageresources.view.Master","viewId":"application-manageresources-display-component---masterRU","properties":{"src":{"regex":{"source":"slim\\-arrow\\-right"}}}},"wdio_ui5_key":"etmportal.ui.manageresources.view.Mastersap.ui.core.Icon{\"src\":{\"regex\":{\"source\":\"slim\\\\-arrow\\\\-right\"}}}"}]}
RESULT: {"script":"<script> [1562 bytes]","args":[{"selector":{"controlType":"sap.ui.core.Icon","viewName":"etm.portal.ui.manageresources.view.Master","viewId":"application-manageresources-display-component---masterRU","properties":{"src":{"regex":{"source":"slim\\-arrow\\-right"}}}},"wdio_ui5_key":"etmportal.ui.manageresources.view.Mastersap.ui.core.Icon{\"src\":{\"regex\":{\"source\":\"slim\\\\-arrow\\\\-right\"}}}"}]}
RESULT: undefined
COMMAND: POST /session/af9491c2a1076ce794818b19a1a4ac27/element - {"using":"xpath","value":"//*[@id=\"__item35-__clone109-imgNav\"]"}
RESULT: {"using":"xpath","value":"//*[@id=\"__item35-__clone109-imgNav\"]"}
COMMAND: POST /session/af9491c2a1076ce794818b19a1a4ac27/element/f.26D2B1AE0E7CC6FDF0B47B55884175CC.d.1F0F821E7A7823018F486DB876EDCF88.e.648/click - {}
RESULT: {}
COMMAND: GET /session/af9491c2a1076ce794818b19a1a4ac27/screenshot - {}
RESULT: {}
COMMAND: POST /session/af9491c2a1076ce794818b19a1a4ac27/element - {"using":"xpath","value":"//*[contains(@data-kt ,\"materialNoLink\")][contains(text(), \"1000100022\")]"}
RESULT: {"using":"xpath","value":"//*[contains(@data-kt ,\"materialNoLink\")][contains(text(), \"1000100022\")]"}
COMMAND: POST /session/af9491c2a1076ce794818b19a1a4ac27/execute/sync - {"script":"<script> [8489 bytes]","args":[{"element-6066-11e4-a52e-4f735466cecf":"f.26D2B1AE0E7CC6FDF0B47B55884175CC.d.1F0F821E7A7823018F486DB876EDCF88.e.792","ELEMENT":"f.26D2B1AE0E7CC6FDF0B47B55884175CC.d.1F0F821E7A7823018F486DB876EDCF88.e.792"}]}
RESULT: {"script":"<script> [8489 bytes]","args":[{"element-6066-11e4-a52e-4f735466cecf":"f.26D2B1AE0E7CC6FDF0B47B55884175CC.d.1F0F821E7A7823018F486DB876EDCF88.e.792","ELEMENT":"f.26D2B1AE0E7CC6FDF0B47B55884175CC.d.1F0F821E7A7823018F486DB876EDCF88.e.792"}]}
COMMAND: POST /session/af9491c2a1076ce794818b19a1a4ac27/element - {"using":"css selector","value":"#shell-header-logo"}
COMMAND: GET /session/af9491c2a1076ce794818b19a1a4ac27/screenshot - {}
RESULT: {"using":"css selector","value":"#shell-header-logo"}
COMMAND: POST /session/af9491c2a1076ce794818b19a1a4ac27/element/f.26D2B1AE0E7CC6FDF0B47B55884175CC.d.1F0F821E7A7823018F486DB876EDCF88.e.463/click - {}
RESULT: {}
RESULT: {}
COMMAND: GET /session/af9491c2a1076ce794818b19a1a4ac27/screenshot - {}
RESULT: {}
COMMAND: POST /session/af9491c2a1076ce794818b19a1a4ac27/refresh - {}
RESULT: {}
COMMAND: GET /session/af9491c2a1076ce794818b19a1a4ac27/screenshot - {}
RESULT: {}
COMMAND: POST /session/af9491c2a1076ce794818b19a1a4ac27/execute/async - {"script":"<script> [189 bytes]","args":[]}
RESULT: {"script":"<script> [189 bytes]","args":[]}
COMMAND: POST /session/af9491c2a1076ce794818b19a1a4ac27/execute/async - {"script":"<script> [123 bytes]","args":[]}
RESULT: {"script":"<script> [123 bytes]","args":[]}
COMMAND: POST /session/af9491c2a1076ce794818b19a1a4ac27/timeouts - {"script":"<number>"}
RESULT: {"script":"<number>"}
COMMAND: GET /session/af9491c2a1076ce794818b19a1a4ac27/timeouts - {}
RESULT: {}
RESULT: undefined
COMMAND: POST /session/af9491c2a1076ce794818b19a1a4ac27/execute/async - {"script":"<script> [2676 bytes]","args":[]}
RESULT: {"script":"<script> [2676 bytes]","args":[]}
COMMAND: POST /session/af9491c2a1076ce794818b19a1a4ac27/execute/async - {"script":"<script> [2342 bytes]","args":[{"protocol":"http","hostname":"0.0.0.0","path":"/","capabilities":{"browserName":"chrome","goog:chromeOptions":{"binary":"C:\\Program Files\\Google\\Chrome\\Application\\chrome.exe","args":["--start-maximized"]}},"logLevel":"warn","connectionRetryTimeout":120000,"connectionRetryCount":3,"logLevels":{},"enableDirectConnect":true,"strictSSL":true,"_":"65 more keys: [\"cacheDir\",\"port\",\"requestedCapabilities\",\"automationProtocol\",\"baseUrl\",\"waitforInterval\",\"waitforTimeout\",\"onReload\",\"beforeCommand\",\"afterCommand\",\"rootDir\",\"specs\",\"suites\",\"exclude\",\"groupLogsByTestSpec\",\"excludeDriverLogs\",\"bail\",\"framework\",\"reporters\",\"services\",\"maxInstances\",\"maxInstancesPerCapability\",\"injectGlobals\",\"filesToWatch\",\"execArgv\",\"runnerEnv\",\"runner\",\"shard\",\"specFileRetries\",\"specFileRetriesDelay\",\"specFileRetriesDeferred\",\"reporterSyncInterval\",\"reporterSyncTimeout\",\"cucumberFeaturesWithLineNumbers\",\"autoCompileOpts\",\"mochaOpts\",\"jasmineOpts\",\"cucumberOpts\",\"onPrepare\",\"onWorkerStart\",\"onWorkerEnd\",\"before\",\"beforeSession\",\"beforeSuite\",\"beforeHook\",\"beforeTest\",\"afterTest\",\"afterHook\",\"afterSuite\",\"afterSession\",\"after\",\"onComplete\",\"beforeAssertion\",\"afterAssertion\",\"beforeFeature\",\"beforeScenario\",\"beforeStep\",\"afterStep\",\"afterScenario\",\"afterFeature\",\"_\",\"suite\",\"$0\",\"ignoredWorkerServices\",\"wdi5\"]"}]}
RESULT: {"script":"<script> [2342 bytes]","args":[{"protocol":"http","hostname":"0.0.0.0","path":"/","capabilities":{"browserName":"chrome","goog:chromeOptions":{"binary":"C:\\Program Files\\Google\\Chrome\\Application\\chrome.exe","args":["--start-maximized"]}},"logLevel":"warn","connectionRetryTimeout":120000,"connectionRetryCount":3,"logLevels":{},"enableDirectConnect":true,"strictSSL":true,"_":"65 more keys: [\"cacheDir\",\"port\",\"requestedCapabilities\",\"automationProtocol\",\"baseUrl\",\"waitforInterval\",\"waitforTimeout\",\"onReload\",\"beforeCommand\",\"afterCommand\",\"rootDir\",\"specs\",\"suites\",\"exclude\",\"groupLogsByTestSpec\",\"excludeDriverLogs\",\"bail\",\"framework\",\"reporters\",\"services\",\"maxInstances\",\"maxInstancesPerCapability\",\"injectGlobals\",\"filesToWatch\",\"execArgv\",\"runnerEnv\",\"runner\",\"shard\",\"specFileRetries\",\"specFileRetriesDelay\",\"specFileRetriesDeferred\",\"reporterSyncInterval\",\"reporterSyncTimeout\",\"cucumberFeaturesWithLineNumbers\",\"autoCompileOpts\",\"mochaOpts\",\"jasmineOpts\",\"cucumberOpts\",\"onPrepare\",\"onWorkerStart\",\"onWorkerEnd\",\"before\",\"beforeSession\",\"beforeSuite\",\"beforeHook\",\"beforeTest\",\"afterTest\",\"afterHook\",\"afterSuite\",\"afterSession\",\"after\",\"onComplete\",\"beforeAssertion\",\"afterAssertion\",\"beforeFeature\",\"beforeScenario\",\"beforeStep\",\"afterStep\",\"afterScenario\",\"afterFeature\",\"_\",\"suite\",\"$0\",\"ignoredWorkerServices\",\"wdi5\"]"}]}
COMMAND: POST /session/af9491c2a1076ce794818b19a1a4ac27/execute/async - {"script":"<script> [21126 bytes]","args":[35000]}
RESULT: {"script":"<script> [21126 bytes]","args":[35000]}
]]></system-out>
    </testcase>
    <testcase classname="chrome.136_0_7103_93.windows.ISC_Template_-_Time_schedule_US156099" name="Should create a condition for the spare part" time="56.963">
      <system-out><![CDATA[
COMMAND: POST /session/af9491c2a1076ce794818b19a1a4ac27/execute/async - {"script":"<script> [1562 bytes]","args":[{"selector":{"controlType":"sap.m.GenericTile","properties":{"header":"Manage Conditions & Prices"}},"wdio_ui5_key":"sapm.GenericTile{\"header\":\"Manage Conditions & Prices\"}"}]}
RESULT: {"script":"<script> [1562 bytes]","args":[{"selector":{"controlType":"sap.m.GenericTile","properties":{"header":"Manage Conditions & Prices"}},"wdio_ui5_key":"sapm.GenericTile{\"header\":\"Manage Conditions & Prices\"}"}]}
RESULT: undefined
COMMAND: POST /session/af9491c2a1076ce794818b19a1a4ac27/element - {"using":"xpath","value":"//*[@id=\"__tile53\"]"}
RESULT: {"using":"xpath","value":"//*[@id=\"__tile53\"]"}
COMMAND: POST /session/af9491c2a1076ce794818b19a1a4ac27/element/f.26D2B1AE0E7CC6FDF0B47B55884175CC.d.AC5342F6C09D924119A70333C48ACC2B.e.811/click - {}
RESULT: {}
COMMAND: GET /session/af9491c2a1076ce794818b19a1a4ac27/screenshot - {}
RESULT: {}
COMMAND: POST /session/af9491c2a1076ce794818b19a1a4ac27/elements - {"using":"xpath","value":"//span[text()='Error']"}
RESULT: {"using":"xpath","value":"//span[text()='Error']"}
COMMAND: POST /session/af9491c2a1076ce794818b19a1a4ac27/execute/async - {"script":"<script> [1562 bytes]","args":[{"selector":{"id":"application-manageconditionprice-display-component---conditions--smartFilterBar-btnBasicSearch","interaction":{"idSuffix":"I"}},"wdio_ui5_key":"applicationmanageconditionprice-display-component---conditions--smartFilterBar-btnBasicSearch"}]}
RESULT: {"script":"<script> [1562 bytes]","args":[{"selector":{"id":"application-manageconditionprice-display-component---conditions--smartFilterBar-btnBasicSearch","interaction":{"idSuffix":"I"}},"wdio_ui5_key":"applicationmanageconditionprice-display-component---conditions--smartFilterBar-btnBasicSearch"}]}
RESULT: undefined
COMMAND: POST /session/af9491c2a1076ce794818b19a1a4ac27/execute/async - {"script":"<script> [776 bytes]","args":[{"enterText":"200013","selector":{"id":"application-manageconditionprice-display-component---conditions--smartFilterBar-btnBasicSearch","interaction":{"idSuffix":"I"}},"clearTextFirst":true,"interactionType":"ENTER_TEXT"}]}
RESULT: {"script":"<script> [776 bytes]","args":[{"enterText":"200013","selector":{"id":"application-manageconditionprice-display-component---conditions--smartFilterBar-btnBasicSearch","interaction":{"idSuffix":"I"}},"clearTextFirst":true,"interactionType":"ENTER_TEXT"}]}
COMMAND: POST /session/af9491c2a1076ce794818b19a1a4ac27/actions - {"actions":[{"id":"action3","type":"key","parameters":{},"actions":[{"type":"keyDown","value":""},{"type":"pause","duration":10},{"type":"keyUp","value":""}]}]}
RESULT: {"actions":[{"id":"action3","type":"key","parameters":{},"actions":[{"type":"keyDown","value":""},{"type":"pause","duration":10},{"type":"keyUp","value":""}]}]}
COMMAND: GET /session/af9491c2a1076ce794818b19a1a4ac27/screenshot - {}
RESULT: {}
COMMAND: POST /session/af9491c2a1076ce794818b19a1a4ac27/element - {"using":"xpath","value":"//span[contains(@id ,\"application-manageconditionprice-display-component---conditions--smartTable-header-inner\")][contains(text(), \"Records (1)\")]"}
RESULT: {"using":"xpath","value":"//span[contains(@id ,\"application-manageconditionprice-display-component---conditions--smartTable-header-inner\")][contains(text(), \"Records (1)\")]"}
COMMAND: POST /session/af9491c2a1076ce794818b19a1a4ac27/execute/sync - {"script":"<script> [8489 bytes]","args":[{"element-6066-11e4-a52e-4f735466cecf":"f.26D2B1AE0E7CC6FDF0B47B55884175CC.d.AC5342F6C09D924119A70333C48ACC2B.e.1007","ELEMENT":"f.26D2B1AE0E7CC6FDF0B47B55884175CC.d.AC5342F6C09D924119A70333C48ACC2B.e.1007"}]}
RESULT: {"script":"<script> [8489 bytes]","args":[{"element-6066-11e4-a52e-4f735466cecf":"f.26D2B1AE0E7CC6FDF0B47B55884175CC.d.AC5342F6C09D924119A70333C48ACC2B.e.1007","ELEMENT":"f.26D2B1AE0E7CC6FDF0B47B55884175CC.d.AC5342F6C09D924119A70333C48ACC2B.e.1007"}]}
COMMAND: POST /session/af9491c2a1076ce794818b19a1a4ac27/element - {"using":"css selector","value":"#shell-header-logo"}
COMMAND: GET /session/af9491c2a1076ce794818b19a1a4ac27/screenshot - {}
RESULT: {"using":"css selector","value":"#shell-header-logo"}
COMMAND: POST /session/af9491c2a1076ce794818b19a1a4ac27/element/f.26D2B1AE0E7CC6FDF0B47B55884175CC.d.AC5342F6C09D924119A70333C48ACC2B.e.814/click - {}
RESULT: {}
RESULT: {}
COMMAND: GET /session/af9491c2a1076ce794818b19a1a4ac27/screenshot - {}
RESULT: {}
COMMAND: POST /session/af9491c2a1076ce794818b19a1a4ac27/refresh - {}
RESULT: {}
COMMAND: GET /session/af9491c2a1076ce794818b19a1a4ac27/screenshot - {}
RESULT: {}
COMMAND: POST /session/af9491c2a1076ce794818b19a1a4ac27/execute/async - {"script":"<script> [189 bytes]","args":[]}
RESULT: {"script":"<script> [189 bytes]","args":[]}
COMMAND: POST /session/af9491c2a1076ce794818b19a1a4ac27/execute/async - {"script":"<script> [123 bytes]","args":[]}
RESULT: {"script":"<script> [123 bytes]","args":[]}
COMMAND: POST /session/af9491c2a1076ce794818b19a1a4ac27/timeouts - {"script":"<number>"}
RESULT: {"script":"<number>"}
COMMAND: GET /session/af9491c2a1076ce794818b19a1a4ac27/timeouts - {}
RESULT: {}
RESULT: undefined
COMMAND: POST /session/af9491c2a1076ce794818b19a1a4ac27/execute/async - {"script":"<script> [2676 bytes]","args":[]}
RESULT: {"script":"<script> [2676 bytes]","args":[]}
COMMAND: POST /session/af9491c2a1076ce794818b19a1a4ac27/execute/async - {"script":"<script> [2342 bytes]","args":[{"protocol":"http","hostname":"0.0.0.0","path":"/","capabilities":{"browserName":"chrome","goog:chromeOptions":{"binary":"C:\\Program Files\\Google\\Chrome\\Application\\chrome.exe","args":["--start-maximized"]}},"logLevel":"warn","connectionRetryTimeout":120000,"connectionRetryCount":3,"logLevels":{},"enableDirectConnect":true,"strictSSL":true,"_":"65 more keys: [\"cacheDir\",\"port\",\"requestedCapabilities\",\"automationProtocol\",\"baseUrl\",\"waitforInterval\",\"waitforTimeout\",\"onReload\",\"beforeCommand\",\"afterCommand\",\"rootDir\",\"specs\",\"suites\",\"exclude\",\"groupLogsByTestSpec\",\"excludeDriverLogs\",\"bail\",\"framework\",\"reporters\",\"services\",\"maxInstances\",\"maxInstancesPerCapability\",\"injectGlobals\",\"filesToWatch\",\"execArgv\",\"runnerEnv\",\"runner\",\"shard\",\"specFileRetries\",\"specFileRetriesDelay\",\"specFileRetriesDeferred\",\"reporterSyncInterval\",\"reporterSyncTimeout\",\"cucumberFeaturesWithLineNumbers\",\"autoCompileOpts\",\"mochaOpts\",\"jasmineOpts\",\"cucumberOpts\",\"onPrepare\",\"onWorkerStart\",\"onWorkerEnd\",\"before\",\"beforeSession\",\"beforeSuite\",\"beforeHook\",\"beforeTest\",\"afterTest\",\"afterHook\",\"afterSuite\",\"afterSession\",\"after\",\"onComplete\",\"beforeAssertion\",\"afterAssertion\",\"beforeFeature\",\"beforeScenario\",\"beforeStep\",\"afterStep\",\"afterScenario\",\"afterFeature\",\"_\",\"suite\",\"$0\",\"ignoredWorkerServices\",\"wdi5\"]"}]}
RESULT: {"script":"<script> [2342 bytes]","args":[{"protocol":"http","hostname":"0.0.0.0","path":"/","capabilities":{"browserName":"chrome","goog:chromeOptions":{"binary":"C:\\Program Files\\Google\\Chrome\\Application\\chrome.exe","args":["--start-maximized"]}},"logLevel":"warn","connectionRetryTimeout":120000,"connectionRetryCount":3,"logLevels":{},"enableDirectConnect":true,"strictSSL":true,"_":"65 more keys: [\"cacheDir\",\"port\",\"requestedCapabilities\",\"automationProtocol\",\"baseUrl\",\"waitforInterval\",\"waitforTimeout\",\"onReload\",\"beforeCommand\",\"afterCommand\",\"rootDir\",\"specs\",\"suites\",\"exclude\",\"groupLogsByTestSpec\",\"excludeDriverLogs\",\"bail\",\"framework\",\"reporters\",\"services\",\"maxInstances\",\"maxInstancesPerCapability\",\"injectGlobals\",\"filesToWatch\",\"execArgv\",\"runnerEnv\",\"runner\",\"shard\",\"specFileRetries\",\"specFileRetriesDelay\",\"specFileRetriesDeferred\",\"reporterSyncInterval\",\"reporterSyncTimeout\",\"cucumberFeaturesWithLineNumbers\",\"autoCompileOpts\",\"mochaOpts\",\"jasmineOpts\",\"cucumberOpts\",\"onPrepare\",\"onWorkerStart\",\"onWorkerEnd\",\"before\",\"beforeSession\",\"beforeSuite\",\"beforeHook\",\"beforeTest\",\"afterTest\",\"afterHook\",\"afterSuite\",\"afterSession\",\"after\",\"onComplete\",\"beforeAssertion\",\"afterAssertion\",\"beforeFeature\",\"beforeScenario\",\"beforeStep\",\"afterStep\",\"afterScenario\",\"afterFeature\",\"_\",\"suite\",\"$0\",\"ignoredWorkerServices\",\"wdi5\"]"}]}
COMMAND: POST /session/af9491c2a1076ce794818b19a1a4ac27/execute/async - {"script":"<script> [21126 bytes]","args":[35000]}
RESULT: {"script":"<script> [21126 bytes]","args":[35000]}
]]></system-out>
    </testcase>
    <testcase classname="chrome.136_0_7103_93.windows.ISC_Template_-_Time_schedule_US156099" name="Should create a new time template" time="203.107">
      <system-out><![CDATA[
COMMAND: POST /session/af9491c2a1076ce794818b19a1a4ac27/element - {"using":"css selector","value":"#shell-header-logo"}
RESULT: {"using":"css selector","value":"#shell-header-logo"}
COMMAND: POST /session/af9491c2a1076ce794818b19a1a4ac27/element/f.26D2B1AE0E7CC6FDF0B47B55884175CC.d.769551307DE1E8C61194221A73851024.e.1026/click - {}
RESULT: {}
COMMAND: GET /session/af9491c2a1076ce794818b19a1a4ac27/screenshot - {}
RESULT: {}
COMMAND: POST /session/af9491c2a1076ce794818b19a1a4ac27/execute/async - {"script":"<script> [1562 bytes]","args":[{"selector":{"controlType":"sap.m.GenericTile","properties":{"header":"ISC Templates"}},"wdio_ui5_key":"sapm.GenericTile{\"header\":\"ISC Templates\"}"}]}
RESULT: {"script":"<script> [1562 bytes]","args":[{"selector":{"controlType":"sap.m.GenericTile","properties":{"header":"ISC Templates"}},"wdio_ui5_key":"sapm.GenericTile{\"header\":\"ISC Templates\"}"}]}
RESULT: undefined
COMMAND: POST /session/af9491c2a1076ce794818b19a1a4ac27/element - {"using":"xpath","value":"//*[@id=\"__tile111\"]"}
RESULT: {"using":"xpath","value":"//*[@id=\"__tile111\"]"}
COMMAND: POST /session/af9491c2a1076ce794818b19a1a4ac27/element/f.26D2B1AE0E7CC6FDF0B47B55884175CC.d.769551307DE1E8C61194221A73851024.e.1027/click - {}
RESULT: {}
COMMAND: GET /session/af9491c2a1076ce794818b19a1a4ac27/screenshot - {}
RESULT: {}
COMMAND: POST /session/af9491c2a1076ce794818b19a1a4ac27/elements - {"using":"xpath","value":"//span[text()='Error']"}
RESULT: {"using":"xpath","value":"//span[text()='Error']"}
COMMAND: POST /session/af9491c2a1076ce794818b19a1a4ac27/execute/async - {"script":"<script> [1562 bytes]","args":[{"selector":{"id":"application-isctemplates-display-component---masterSafetyAndCompliance--idCreate-img"},"wdio_ui5_key":"applicationisctemplates-display-component---masterSafetyAndCompliance--idCreate-img"}]}
RESULT: {"script":"<script> [1562 bytes]","args":[{"selector":{"id":"application-isctemplates-display-component---masterSafetyAndCompliance--idCreate-img"},"wdio_ui5_key":"applicationisctemplates-display-component---masterSafetyAndCompliance--idCreate-img"}]}
RESULT: undefined
COMMAND: POST /session/af9491c2a1076ce794818b19a1a4ac27/element - {"using":"xpath","value":"//*[@id=\"application-isctemplates-display-component---masterSafetyAndCompliance--idCreate-img\"]"}
RESULT: {"using":"xpath","value":"//*[@id=\"application-isctemplates-display-component---masterSafetyAndCompliance--idCreate-img\"]"}
COMMAND: POST /session/af9491c2a1076ce794818b19a1a4ac27/element/f.26D2B1AE0E7CC6FDF0B47B55884175CC.d.769551307DE1E8C61194221A73851024.e.1074/click - {}
RESULT: {}
COMMAND: GET /session/af9491c2a1076ce794818b19a1a4ac27/screenshot - {}
RESULT: {}
COMMAND: POST /session/af9491c2a1076ce794818b19a1a4ac27/execute/async - {"script":"<script> [1562 bytes]","args":[{"selector":{"id":"application-isctemplates-display-component---addDetailSafetyAndCompliance--iscTypeSelect","interaction":{"idSuffix":"arrow"}},"wdio_ui5_key":"applicationisctemplates-display-component---addDetailSafetyAndCompliance--iscTypeSelect"}]}
RESULT: {"script":"<script> [1562 bytes]","args":[{"selector":{"id":"application-isctemplates-display-component---addDetailSafetyAndCompliance--iscTypeSelect","interaction":{"idSuffix":"arrow"}},"wdio_ui5_key":"applicationisctemplates-display-component---addDetailSafetyAndCompliance--iscTypeSelect"}]}
RESULT: undefined
COMMAND: POST /session/af9491c2a1076ce794818b19a1a4ac27/element - {"using":"xpath","value":"//*[@id=\"application-isctemplates-display-component---addDetailSafetyAndCompliance--iscTypeSelect\"]"}
RESULT: {"using":"xpath","value":"//*[@id=\"application-isctemplates-display-component---addDetailSafetyAndCompliance--iscTypeSelect\"]"}
COMMAND: POST /session/af9491c2a1076ce794818b19a1a4ac27/element/f.26D2B1AE0E7CC6FDF0B47B55884175CC.d.769551307DE1E8C61194221A73851024.e.1393/click - {}
RESULT: {}
COMMAND: GET /session/af9491c2a1076ce794818b19a1a4ac27/screenshot - {}
RESULT: {}
COMMAND: POST /session/af9491c2a1076ce794818b19a1a4ac27/element - {"using":"xpath","value":"(//li[contains(text(), \"Time based planning\")])[1]"}
RESULT: {"using":"xpath","value":"(//li[contains(text(), \"Time based planning\")])[1]"}
COMMAND: POST /session/af9491c2a1076ce794818b19a1a4ac27/element/f.26D2B1AE0E7CC6FDF0B47B55884175CC.d.769551307DE1E8C61194221A73851024.e.1394/click - {}
RESULT: {}
COMMAND: GET /session/af9491c2a1076ce794818b19a1a4ac27/screenshot - {}
RESULT: {}
COMMAND: POST /session/af9491c2a1076ce794818b19a1a4ac27/element - {"using":"xpath","value":"//input[contains(@id ,\"application-isctemplates-display-component---addDetailSafetyAndCompliance--validFromDate-inner\")]"}
RESULT: {"using":"xpath","value":"//input[contains(@id ,\"application-isctemplates-display-component---addDetailSafetyAndCompliance--validFromDate-inner\")]"}
COMMAND: POST /session/af9491c2a1076ce794818b19a1a4ac27/element/f.26D2B1AE0E7CC6FDF0B47B55884175CC.d.769551307DE1E8C61194221A73851024.e.1100/clear - {}
RESULT: {}
COMMAND: GET /session/af9491c2a1076ce794818b19a1a4ac27/screenshot - {}
RESULT: {}
COMMAND: POST /session/af9491c2a1076ce794818b19a1a4ac27/element/f.26D2B1AE0E7CC6FDF0B47B55884175CC.d.769551307DE1E8C61194221A73851024.e.1100/clear - {}
RESULT: {}
COMMAND: POST /session/af9491c2a1076ce794818b19a1a4ac27/element/f.26D2B1AE0E7CC6FDF0B47B55884175CC.d.769551307DE1E8C61194221A73851024.e.1100/value - {"text":"1/1/25"}
COMMAND: GET /session/af9491c2a1076ce794818b19a1a4ac27/screenshot - {}
RESULT: {"text":"1/1/25"}
COMMAND: POST /session/af9491c2a1076ce794818b19a1a4ac27/element - {"using":"xpath","value":"//input[contains(@id ,\"application-isctemplates-display-component---addDetailSafetyAndCompliance--validToDate-inner\")]"}
COMMAND: GET /session/af9491c2a1076ce794818b19a1a4ac27/screenshot - {}
RESULT: {}
RESULT: {"using":"xpath","value":"//input[contains(@id ,\"application-isctemplates-display-component---addDetailSafetyAndCompliance--validToDate-inner\")]"}
COMMAND: POST /session/af9491c2a1076ce794818b19a1a4ac27/element/f.26D2B1AE0E7CC6FDF0B47B55884175CC.d.769551307DE1E8C61194221A73851024.e.1101/clear - {}
RESULT: {}
RESULT: {}
COMMAND: GET /session/af9491c2a1076ce794818b19a1a4ac27/screenshot - {}
RESULT: {}
COMMAND: POST /session/af9491c2a1076ce794818b19a1a4ac27/element/f.26D2B1AE0E7CC6FDF0B47B55884175CC.d.769551307DE1E8C61194221A73851024.e.1101/clear - {}
RESULT: {}
COMMAND: POST /session/af9491c2a1076ce794818b19a1a4ac27/element/f.26D2B1AE0E7CC6FDF0B47B55884175CC.d.769551307DE1E8C61194221A73851024.e.1101/value - {"text":"11/11/49"}
COMMAND: GET /session/af9491c2a1076ce794818b19a1a4ac27/screenshot - {}
RESULT: {"text":"11/11/49"}
COMMAND: POST /session/af9491c2a1076ce794818b19a1a4ac27/execute/async - {"script":"<script> [1562 bytes]","args":[{"selector":{"id":"application-isctemplates-display-component---addDetailSafetyAndCompliance--sitNameInput","interaction":{"idSuffix":"inner"}},"wdio_ui5_key":"applicationisctemplates-display-component---addDetailSafetyAndCompliance--sitNameInput"}]}
COMMAND: GET /session/af9491c2a1076ce794818b19a1a4ac27/screenshot - {}
RESULT: {}
RESULT: {"script":"<script> [1562 bytes]","args":[{"selector":{"id":"application-isctemplates-display-component---addDetailSafetyAndCompliance--sitNameInput","interaction":{"idSuffix":"inner"}},"wdio_ui5_key":"applicationisctemplates-display-component---addDetailSafetyAndCompliance--sitNameInput"}]}
RESULT: undefined
COMMAND: POST /session/af9491c2a1076ce794818b19a1a4ac27/execute/async - {"script":"<script> [776 bytes]","args":[{"enterText":"Webdriver ISC time","selector":{"id":"application-isctemplates-display-component---addDetailSafetyAndCompliance--sitNameInput","interaction":{"idSuffix":"inner"}},"clearTextFirst":true,"interactionType":"ENTER_TEXT"}]}
RESULT: {}
RESULT: {"script":"<script> [776 bytes]","args":[{"enterText":"Webdriver ISC time","selector":{"id":"application-isctemplates-display-component---addDetailSafetyAndCompliance--sitNameInput","interaction":{"idSuffix":"inner"}},"clearTextFirst":true,"interactionType":"ENTER_TEXT"}]}
COMMAND: POST /session/af9491c2a1076ce794818b19a1a4ac27/execute/async - {"script":"<script> [1562 bytes]","args":[{"selector":{"id":"application-isctemplates-display-component---addDetailSafetyAndCompliance--tempDesc","interaction":{"idSuffix":"inner"}},"wdio_ui5_key":"applicationisctemplates-display-component---addDetailSafetyAndCompliance--tempDesc"}]}
RESULT: {"script":"<script> [1562 bytes]","args":[{"selector":{"id":"application-isctemplates-display-component---addDetailSafetyAndCompliance--tempDesc","interaction":{"idSuffix":"inner"}},"wdio_ui5_key":"applicationisctemplates-display-component---addDetailSafetyAndCompliance--tempDesc"}]}
RESULT: undefined
COMMAND: POST /session/af9491c2a1076ce794818b19a1a4ac27/execute/async - {"script":"<script> [776 bytes]","args":[{"enterText":"ISC time","selector":{"id":"application-isctemplates-display-component---addDetailSafetyAndCompliance--tempDesc","interaction":{"idSuffix":"inner"}},"clearTextFirst":true,"interactionType":"ENTER_TEXT"}]}
RESULT: {"script":"<script> [776 bytes]","args":[{"enterText":"ISC time","selector":{"id":"application-isctemplates-display-component---addDetailSafetyAndCompliance--tempDesc","interaction":{"idSuffix":"inner"}},"clearTextFirst":true,"interactionType":"ENTER_TEXT"}]}
COMMAND: POST /session/af9491c2a1076ce794818b19a1a4ac27/execute/async - {"script":"<script> [1562 bytes]","args":[{"selector":{"id":"application-isctemplates-display-component---addDetailSafetyAndCompliance--firstInsp","interaction":{"idSuffix":"inner"}},"wdio_ui5_key":"applicationisctemplates-display-component---addDetailSafetyAndCompliance--firstInsp"}]}
RESULT: {"script":"<script> [1562 bytes]","args":[{"selector":{"id":"application-isctemplates-display-component---addDetailSafetyAndCompliance--firstInsp","interaction":{"idSuffix":"inner"}},"wdio_ui5_key":"applicationisctemplates-display-component---addDetailSafetyAndCompliance--firstInsp"}]}
RESULT: undefined
COMMAND: POST /session/af9491c2a1076ce794818b19a1a4ac27/execute/async - {"script":"<script> [776 bytes]","args":[{"enterText":"1","selector":{"id":"application-isctemplates-display-component---addDetailSafetyAndCompliance--firstInsp","interaction":{"idSuffix":"inner"}},"clearTextFirst":true,"interactionType":"ENTER_TEXT"}]}
RESULT: {"script":"<script> [776 bytes]","args":[{"enterText":"1","selector":{"id":"application-isctemplates-display-component---addDetailSafetyAndCompliance--firstInsp","interaction":{"idSuffix":"inner"}},"clearTextFirst":true,"interactionType":"ENTER_TEXT"}]}
COMMAND: POST /session/af9491c2a1076ce794818b19a1a4ac27/execute/async - {"script":"<script> [1562 bytes]","args":[{"selector":{"id":"application-isctemplates-display-component---addDetailSafetyAndCompliance--inspectionDimension","interaction":{"idSuffix":"inner"}},"wdio_ui5_key":"applicationisctemplates-display-component---addDetailSafetyAndCompliance--inspectionDimension"}]}
RESULT: {"script":"<script> [1562 bytes]","args":[{"selector":{"id":"application-isctemplates-display-component---addDetailSafetyAndCompliance--inspectionDimension","interaction":{"idSuffix":"inner"}},"wdio_ui5_key":"applicationisctemplates-display-component---addDetailSafetyAndCompliance--inspectionDimension"}]}
RESULT: undefined
COMMAND: POST /session/af9491c2a1076ce794818b19a1a4ac27/execute/async - {"script":"<script> [776 bytes]","args":[{"enterText":"Days","selector":{"id":"application-isctemplates-display-component---addDetailSafetyAndCompliance--inspectionDimension","interaction":{"idSuffix":"inner"}},"clearTextFirst":true,"interactionType":"ENTER_TEXT"}]}
RESULT: {"script":"<script> [776 bytes]","args":[{"enterText":"Days","selector":{"id":"application-isctemplates-display-component---addDetailSafetyAndCompliance--inspectionDimension","interaction":{"idSuffix":"inner"}},"clearTextFirst":true,"interactionType":"ENTER_TEXT"}]}
COMMAND: POST /session/af9491c2a1076ce794818b19a1a4ac27/element - {"using":"xpath","value":"//input[contains(@id ,\"application-isctemplates-display-component---addDetailSafetyAndCompliance--firstIntv-inner\")]"}
RESULT: {"using":"xpath","value":"//input[contains(@id ,\"application-isctemplates-display-component---addDetailSafetyAndCompliance--firstIntv-inner\")]"}
COMMAND: POST /session/af9491c2a1076ce794818b19a1a4ac27/element/f.26D2B1AE0E7CC6FDF0B47B55884175CC.d.769551307DE1E8C61194221A73851024.e.1399/clear - {}
RESULT: {}
COMMAND: POST /session/af9491c2a1076ce794818b19a1a4ac27/element/f.26D2B1AE0E7CC6FDF0B47B55884175CC.d.769551307DE1E8C61194221A73851024.e.1399/value - {"text":"1"}
COMMAND: GET /session/af9491c2a1076ce794818b19a1a4ac27/screenshot - {}
RESULT: {"text":"1"}
COMMAND: POST /session/af9491c2a1076ce794818b19a1a4ac27/element - {"using":"xpath","value":"//input[contains(@id ,\"application-isctemplates-display-component---addDetailSafetyAndCompliance--intervalDimension-inner\")]"}
COMMAND: GET /session/af9491c2a1076ce794818b19a1a4ac27/screenshot - {}
RESULT: {}
RESULT: {"using":"xpath","value":"//input[contains(@id ,\"application-isctemplates-display-component---addDetailSafetyAndCompliance--intervalDimension-inner\")]"}
COMMAND: POST /session/af9491c2a1076ce794818b19a1a4ac27/element/f.26D2B1AE0E7CC6FDF0B47B55884175CC.d.769551307DE1E8C61194221A73851024.e.1405/clear - {}
RESULT: {}
RESULT: {}
COMMAND: POST /session/af9491c2a1076ce794818b19a1a4ac27/element/f.26D2B1AE0E7CC6FDF0B47B55884175CC.d.769551307DE1E8C61194221A73851024.e.1405/value - {"text":"Years"}
COMMAND: GET /session/af9491c2a1076ce794818b19a1a4ac27/screenshot - {}
RESULT: {"text":"Years"}
COMMAND: GET /session/af9491c2a1076ce794818b19a1a4ac27/screenshot - {}
RESULT: {}
RESULT: {}
COMMAND: POST /session/af9491c2a1076ce794818b19a1a4ac27/element - {"using":"xpath","value":"//input[contains(@id ,\"application-isctemplates-display-component---addDetailSafetyAndCompliance--durationEditMode-inner\")]"}
RESULT: {"using":"xpath","value":"//input[contains(@id ,\"application-isctemplates-display-component---addDetailSafetyAndCompliance--durationEditMode-inner\")]"}
COMMAND: POST /session/af9491c2a1076ce794818b19a1a4ac27/element/f.26D2B1AE0E7CC6FDF0B47B55884175CC.d.769551307DE1E8C61194221A73851024.e.1400/clear - {}
RESULT: {}
COMMAND: POST /session/af9491c2a1076ce794818b19a1a4ac27/element/f.26D2B1AE0E7CC6FDF0B47B55884175CC.d.769551307DE1E8C61194221A73851024.e.1400/value - {"text":"1"}
COMMAND: GET /session/af9491c2a1076ce794818b19a1a4ac27/screenshot - {}
RESULT: {"text":"1"}
COMMAND: POST /session/af9491c2a1076ce794818b19a1a4ac27/element - {"using":"xpath","value":"//input[contains(@id ,\"application-isctemplates-display-component---addDetailSafetyAndCompliance--durationDimension-inner\")]"}
COMMAND: GET /session/af9491c2a1076ce794818b19a1a4ac27/screenshot - {}
RESULT: {}
RESULT: {"using":"xpath","value":"//input[contains(@id ,\"application-isctemplates-display-component---addDetailSafetyAndCompliance--durationDimension-inner\")]"}
COMMAND: POST /session/af9491c2a1076ce794818b19a1a4ac27/element/f.26D2B1AE0E7CC6FDF0B47B55884175CC.d.769551307DE1E8C61194221A73851024.e.1406/clear - {}
RESULT: {}
RESULT: {}
COMMAND: POST /session/af9491c2a1076ce794818b19a1a4ac27/element/f.26D2B1AE0E7CC6FDF0B47B55884175CC.d.769551307DE1E8C61194221A73851024.e.1406/value - {"text":"Days"}
COMMAND: GET /session/af9491c2a1076ce794818b19a1a4ac27/screenshot - {}
RESULT: {"text":"Days"}
COMMAND: POST /session/af9491c2a1076ce794818b19a1a4ac27/element - {"using":"xpath","value":"//input[contains(@id ,\"application-isctemplates-display-component---addDetailSafetyAndCompliance--remindersInput-inner\")]"}
COMMAND: GET /session/af9491c2a1076ce794818b19a1a4ac27/screenshot - {}
RESULT: {}
RESULT: {"using":"xpath","value":"//input[contains(@id ,\"application-isctemplates-display-component---addDetailSafetyAndCompliance--remindersInput-inner\")]"}
COMMAND: POST /session/af9491c2a1076ce794818b19a1a4ac27/element/f.26D2B1AE0E7CC6FDF0B47B55884175CC.d.769551307DE1E8C61194221A73851024.e.1401/clear - {}
RESULT: {}
RESULT: {}
COMMAND: POST /session/af9491c2a1076ce794818b19a1a4ac27/element/f.26D2B1AE0E7CC6FDF0B47B55884175CC.d.769551307DE1E8C61194221A73851024.e.1401/value - {"text":"2"}
COMMAND: GET /session/af9491c2a1076ce794818b19a1a4ac27/screenshot - {}
RESULT: {"text":"2"}
COMMAND: POST /session/af9491c2a1076ce794818b19a1a4ac27/element - {"using":"xpath","value":"//input[contains(@id ,\"application-isctemplates-display-component---addDetailSafetyAndCompliance--reminderDimension-inner\")]"}
COMMAND: GET /session/af9491c2a1076ce794818b19a1a4ac27/screenshot - {}
RESULT: {}
RESULT: {"using":"xpath","value":"//input[contains(@id ,\"application-isctemplates-display-component---addDetailSafetyAndCompliance--reminderDimension-inner\")]"}
COMMAND: POST /session/af9491c2a1076ce794818b19a1a4ac27/element/f.26D2B1AE0E7CC6FDF0B47B55884175CC.d.769551307DE1E8C61194221A73851024.e.1407/clear - {}
RESULT: {}
RESULT: {}
COMMAND: POST /session/af9491c2a1076ce794818b19a1a4ac27/element/f.26D2B1AE0E7CC6FDF0B47B55884175CC.d.769551307DE1E8C61194221A73851024.e.1407/value - {"text":"Weeks"}
COMMAND: GET /session/af9491c2a1076ce794818b19a1a4ac27/screenshot - {}
RESULT: {"text":"Weeks"}
COMMAND: POST /session/af9491c2a1076ce794818b19a1a4ac27/element - {"using":"xpath","value":"//input[contains(@id ,\"application-isctemplates-display-component---addDetailSafetyAndCompliance--recurringReminder-inner\")]"}
COMMAND: GET /session/af9491c2a1076ce794818b19a1a4ac27/screenshot - {}
RESULT: {}
RESULT: {"using":"xpath","value":"//input[contains(@id ,\"application-isctemplates-display-component---addDetailSafetyAndCompliance--recurringReminder-inner\")]"}
COMMAND: POST /session/af9491c2a1076ce794818b19a1a4ac27/element/f.26D2B1AE0E7CC6FDF0B47B55884175CC.d.769551307DE1E8C61194221A73851024.e.1402/clear - {}
RESULT: {}
RESULT: {}
COMMAND: POST /session/af9491c2a1076ce794818b19a1a4ac27/element/f.26D2B1AE0E7CC6FDF0B47B55884175CC.d.769551307DE1E8C61194221A73851024.e.1402/value - {"text":"2"}
COMMAND: GET /session/af9491c2a1076ce794818b19a1a4ac27/screenshot - {}
RESULT: {"text":"2"}
COMMAND: POST /session/af9491c2a1076ce794818b19a1a4ac27/element - {"using":"xpath","value":"//input[contains(@id ,\"application-isctemplates-display-component---addDetailSafetyAndCompliance--recurringReminderUom-inner\")]"}
COMMAND: GET /session/af9491c2a1076ce794818b19a1a4ac27/screenshot - {}
RESULT: {}
RESULT: {"using":"xpath","value":"//input[contains(@id ,\"application-isctemplates-display-component---addDetailSafetyAndCompliance--recurringReminderUom-inner\")]"}
COMMAND: POST /session/af9491c2a1076ce794818b19a1a4ac27/element/f.26D2B1AE0E7CC6FDF0B47B55884175CC.d.769551307DE1E8C61194221A73851024.e.1408/clear - {}
RESULT: {}
RESULT: {}
COMMAND: POST /session/af9491c2a1076ce794818b19a1a4ac27/element/f.26D2B1AE0E7CC6FDF0B47B55884175CC.d.769551307DE1E8C61194221A73851024.e.1408/value - {"text":"Weeks"}
COMMAND: GET /session/af9491c2a1076ce794818b19a1a4ac27/screenshot - {}
RESULT: {"text":"Weeks"}
COMMAND: POST /session/af9491c2a1076ce794818b19a1a4ac27/element - {"using":"xpath","value":"//input[contains(@id ,\"application-isctemplates-display-component---addDetailSafetyAndCompliance--recurringReminderRepetitions-inner\")]"}
COMMAND: GET /session/af9491c2a1076ce794818b19a1a4ac27/screenshot - {}
RESULT: {}
RESULT: {"using":"xpath","value":"//input[contains(@id ,\"application-isctemplates-display-component---addDetailSafetyAndCompliance--recurringReminderRepetitions-inner\")]"}
COMMAND: POST /session/af9491c2a1076ce794818b19a1a4ac27/element/f.26D2B1AE0E7CC6FDF0B47B55884175CC.d.769551307DE1E8C61194221A73851024.e.1403/clear - {}
RESULT: {}
RESULT: {}
COMMAND: POST /session/af9491c2a1076ce794818b19a1a4ac27/element/f.26D2B1AE0E7CC6FDF0B47B55884175CC.d.769551307DE1E8C61194221A73851024.e.1403/value - {"text":"2"}
COMMAND: GET /session/af9491c2a1076ce794818b19a1a4ac27/screenshot - {}
RESULT: {"text":"2"}
COMMAND: POST /session/af9491c2a1076ce794818b19a1a4ac27/element - {"using":"xpath","value":"//input[contains(@id ,\"application-isctemplates-display-component---addDetailSafetyAndCompliance--tagInputAdd-inner\")]"}
COMMAND: GET /session/af9491c2a1076ce794818b19a1a4ac27/screenshot - {}
RESULT: {}
RESULT: {"using":"xpath","value":"//input[contains(@id ,\"application-isctemplates-display-component---addDetailSafetyAndCompliance--tagInputAdd-inner\")]"}
COMMAND: POST /session/af9491c2a1076ce794818b19a1a4ac27/element/f.26D2B1AE0E7CC6FDF0B47B55884175CC.d.769551307DE1E8C61194221A73851024.e.1268/clear - {}
RESULT: {}
RESULT: {}
COMMAND: POST /session/af9491c2a1076ce794818b19a1a4ac27/element/f.26D2B1AE0E7CC6FDF0B47B55884175CC.d.769551307DE1E8C61194221A73851024.e.1268/value - {"text":"Webdriver"}
COMMAND: GET /session/af9491c2a1076ce794818b19a1a4ac27/screenshot - {}
RESULT: {"text":"Webdriver"}
COMMAND: GET /session/af9491c2a1076ce794818b19a1a4ac27/screenshot - {}
RESULT: {}
RESULT: {}
COMMAND: POST /session/af9491c2a1076ce794818b19a1a4ac27/actions - {"actions":[{"id":"action4","type":"key","parameters":{},"actions":[{"type":"keyDown","value":""},{"type":"pause","duration":10},{"type":"keyUp","value":""}]}]}
RESULT: {"actions":[{"id":"action4","type":"key","parameters":{},"actions":[{"type":"keyDown","value":""},{"type":"pause","duration":10},{"type":"keyUp","value":""}]}]}
COMMAND: GET /session/af9491c2a1076ce794818b19a1a4ac27/screenshot - {}
RESULT: {}
COMMAND: POST /session/af9491c2a1076ce794818b19a1a4ac27/actions - {"actions":[{"id":"action5","type":"key","parameters":{},"actions":[{"type":"keyDown","value":""},{"type":"pause","duration":10},{"type":"keyUp","value":""}]}]}
RESULT: {"actions":[{"id":"action5","type":"key","parameters":{},"actions":[{"type":"keyDown","value":""},{"type":"pause","duration":10},{"type":"keyUp","value":""}]}]}
COMMAND: POST /session/af9491c2a1076ce794818b19a1a4ac27/actions - {"actions":[{"id":"action6","type":"key","parameters":{},"actions":[{"type":"keyDown","value":""},{"type":"pause","duration":10},{"type":"keyUp","value":""}]}]}
COMMAND: GET /session/af9491c2a1076ce794818b19a1a4ac27/screenshot - {}
RESULT: {"actions":[{"id":"action6","type":"key","parameters":{},"actions":[{"type":"keyDown","value":""},{"type":"pause","duration":10},{"type":"keyUp","value":""}]}]}
COMMAND: POST /session/af9491c2a1076ce794818b19a1a4ac27/actions - {"actions":[{"id":"action7","type":"key","parameters":{},"actions":[{"type":"keyDown","value":""},{"type":"pause","duration":10},{"type":"keyUp","value":""}]}]}
COMMAND: GET /session/af9491c2a1076ce794818b19a1a4ac27/screenshot - {}
RESULT: {}
RESULT: {"actions":[{"id":"action7","type":"key","parameters":{},"actions":[{"type":"keyDown","value":""},{"type":"pause","duration":10},{"type":"keyUp","value":""}]}]}
COMMAND: POST /session/af9491c2a1076ce794818b19a1a4ac27/actions - {"actions":[{"id":"action8","type":"key","parameters":{},"actions":[{"type":"keyDown","value":""},{"type":"pause","duration":10},{"type":"keyUp","value":""}]}]}
COMMAND: GET /session/af9491c2a1076ce794818b19a1a4ac27/screenshot - {}
RESULT: {}
RESULT: {"actions":[{"id":"action8","type":"key","parameters":{},"actions":[{"type":"keyDown","value":""},{"type":"pause","duration":10},{"type":"keyUp","value":""}]}]}
COMMAND: GET /session/af9491c2a1076ce794818b19a1a4ac27/screenshot - {}
RESULT: {}
RESULT: {}
COMMAND: POST /session/af9491c2a1076ce794818b19a1a4ac27/element - {"using":"xpath","value":"//div[contains(@id ,\"application-isctemplates-display-component---addDetailSafetyAndCompliance--orderReschedulingCheckBox-CbBg\")]"}
RESULT: {"using":"xpath","value":"//div[contains(@id ,\"application-isctemplates-display-component---addDetailSafetyAndCompliance--orderReschedulingCheckBox-CbBg\")]"}
COMMAND: POST /session/af9491c2a1076ce794818b19a1a4ac27/element/f.26D2B1AE0E7CC6FDF0B47B55884175CC.d.769551307DE1E8C61194221A73851024.e.1252/click - {}
RESULT: {}
COMMAND: POST /session/af9491c2a1076ce794818b19a1a4ac27/element - {"using":"xpath","value":"//div[contains(@id ,\"application-isctemplates-display-component---addDetailSafetyAndCompliance--automaticReleaseCheckBox-CbBg\")]"}
COMMAND: GET /session/af9491c2a1076ce794818b19a1a4ac27/screenshot - {}
RESULT: {"using":"xpath","value":"//div[contains(@id ,\"application-isctemplates-display-component---addDetailSafetyAndCompliance--automaticReleaseCheckBox-CbBg\")]"}
COMMAND: POST /session/af9491c2a1076ce794818b19a1a4ac27/element/f.26D2B1AE0E7CC6FDF0B47B55884175CC.d.769551307DE1E8C61194221A73851024.e.1254/click - {}
RESULT: {}
RESULT: {}
COMMAND: GET /session/af9491c2a1076ce794818b19a1a4ac27/screenshot - {}
RESULT: {}
COMMAND: POST /session/af9491c2a1076ce794818b19a1a4ac27/execute/async - {"script":"<script> [1562 bytes]","args":[{"selector":{"controlType":"sap.m.Button","viewName":"etm.portal.ui.isctemplates.view.New","viewId":"application-isctemplates-display-component---addDetailSafetyAndCompliance","properties":{"text":"Tasks"},"interaction":{"idSuffix":"BDI-content"}},"wdio_ui5_key":"etmportal.ui.isctemplates.view.Newsap.m.Button{\"text\":\"Tasks\"}"}]}
RESULT: {"script":"<script> [1562 bytes]","args":[{"selector":{"controlType":"sap.m.Button","viewName":"etm.portal.ui.isctemplates.view.New","viewId":"application-isctemplates-display-component---addDetailSafetyAndCompliance","properties":{"text":"Tasks"},"interaction":{"idSuffix":"BDI-content"}},"wdio_ui5_key":"etmportal.ui.isctemplates.view.Newsap.m.Button{\"text\":\"Tasks\"}"}]}
RESULT: undefined
COMMAND: POST /session/af9491c2a1076ce794818b19a1a4ac27/element - {"using":"xpath","value":"//*[@id=\"__layout30-anchBar-__section4-anchor\"]"}
RESULT: {"using":"xpath","value":"//*[@id=\"__layout30-anchBar-__section4-anchor\"]"}
COMMAND: POST /session/af9491c2a1076ce794818b19a1a4ac27/element/f.26D2B1AE0E7CC6FDF0B47B55884175CC.d.769551307DE1E8C61194221A73851024.e.1530/click - {}
RESULT: {}
COMMAND: GET /session/af9491c2a1076ce794818b19a1a4ac27/screenshot - {}
RESULT: {}
COMMAND: POST /session/af9491c2a1076ce794818b19a1a4ac27/execute/async - {"script":"<script> [1562 bytes]","args":[{"selector":{"id":"application-isctemplates-display-component---addDetailSafetyAndCompliance--createTaskButton","interaction":{"idSuffix":"BDI-content"}},"wdio_ui5_key":"applicationisctemplates-display-component---addDetailSafetyAndCompliance--createTaskButton"}]}
RESULT: {"script":"<script> [1562 bytes]","args":[{"selector":{"id":"application-isctemplates-display-component---addDetailSafetyAndCompliance--createTaskButton","interaction":{"idSuffix":"BDI-content"}},"wdio_ui5_key":"applicationisctemplates-display-component---addDetailSafetyAndCompliance--createTaskButton"}]}
RESULT: undefined
COMMAND: POST /session/af9491c2a1076ce794818b19a1a4ac27/element - {"using":"xpath","value":"//*[@id=\"application-isctemplates-display-component---addDetailSafetyAndCompliance--createTaskButton\"]"}
RESULT: {"using":"xpath","value":"//*[@id=\"application-isctemplates-display-component---addDetailSafetyAndCompliance--createTaskButton\"]"}
COMMAND: POST /session/af9491c2a1076ce794818b19a1a4ac27/element/f.26D2B1AE0E7CC6FDF0B47B55884175CC.d.769551307DE1E8C61194221A73851024.e.1534/click - {}
RESULT: {}
COMMAND: GET /session/af9491c2a1076ce794818b19a1a4ac27/screenshot - {}
RESULT: {}
COMMAND: POST /session/af9491c2a1076ce794818b19a1a4ac27/execute/async - {"script":"<script> [1562 bytes]","args":[{"selector":{"controlType":"sap.m.Input","viewName":"etm.portal.ui.isctemplates.view.New","viewId":"application-isctemplates-display-component---addDetailSafetyAndCompliance","bindingPath":{"path":"/0","propertyPath":"NAME","modelName":"tasksModel"},"interaction":{"idSuffix":"inner"}},"wdio_ui5_key":"etmportal.ui.isctemplates.view.Newsap.m.Input{\"path\":\"/0\",\"propertyPath\":\"NAME\",\"modelName\":\"tasksModel\"}"}]}
RESULT: {"script":"<script> [1562 bytes]","args":[{"selector":{"controlType":"sap.m.Input","viewName":"etm.portal.ui.isctemplates.view.New","viewId":"application-isctemplates-display-component---addDetailSafetyAndCompliance","bindingPath":{"path":"/0","propertyPath":"NAME","modelName":"tasksModel"},"interaction":{"idSuffix":"inner"}},"wdio_ui5_key":"etmportal.ui.isctemplates.view.Newsap.m.Input{\"path\":\"/0\",\"propertyPath\":\"NAME\",\"modelName\":\"tasksModel\"}"}]}
RESULT: undefined
COMMAND: POST /session/af9491c2a1076ce794818b19a1a4ac27/execute/async - {"script":"<script> [776 bytes]","args":[{"enterText":"test1","selector":{"controlType":"sap.m.Input","viewName":"etm.portal.ui.isctemplates.view.New","viewId":"application-isctemplates-display-component---addDetailSafetyAndCompliance","bindingPath":{"path":"/0","propertyPath":"NAME","modelName":"tasksModel"},"interaction":{"idSuffix":"inner"}},"clearTextFirst":true,"interactionType":"ENTER_TEXT"}]}
RESULT: {"script":"<script> [776 bytes]","args":[{"enterText":"test1","selector":{"controlType":"sap.m.Input","viewName":"etm.portal.ui.isctemplates.view.New","viewId":"application-isctemplates-display-component---addDetailSafetyAndCompliance","bindingPath":{"path":"/0","propertyPath":"NAME","modelName":"tasksModel"},"interaction":{"idSuffix":"inner"}},"clearTextFirst":true,"interactionType":"ENTER_TEXT"}]}
COMMAND: POST /session/af9491c2a1076ce794818b19a1a4ac27/execute/async - {"script":"<script> [1562 bytes]","args":[{"selector":{"controlType":"sap.m.Input","viewName":"etm.portal.ui.isctemplates.view.New","viewId":"application-isctemplates-display-component---addDetailSafetyAndCompliance","bindingPath":{"path":"/0","propertyPath":"DESCRIPTION","modelName":"tasksModel"},"interaction":{"idSuffix":"inner"}},"wdio_ui5_key":"etmportal.ui.isctemplates.view.Newsap.m.Input{\"path\":\"/0\",\"propertyPath\":\"DESCRIPTION\",\"modelName\":\"tasksModel\"}"}]}
RESULT: {"script":"<script> [1562 bytes]","args":[{"selector":{"controlType":"sap.m.Input","viewName":"etm.portal.ui.isctemplates.view.New","viewId":"application-isctemplates-display-component---addDetailSafetyAndCompliance","bindingPath":{"path":"/0","propertyPath":"DESCRIPTION","modelName":"tasksModel"},"interaction":{"idSuffix":"inner"}},"wdio_ui5_key":"etmportal.ui.isctemplates.view.Newsap.m.Input{\"path\":\"/0\",\"propertyPath\":\"DESCRIPTION\",\"modelName\":\"tasksModel\"}"}]}
RESULT: undefined
COMMAND: POST /session/af9491c2a1076ce794818b19a1a4ac27/execute/async - {"script":"<script> [776 bytes]","args":[{"enterText":"wdio1","selector":{"controlType":"sap.m.Input","viewName":"etm.portal.ui.isctemplates.view.New","viewId":"application-isctemplates-display-component---addDetailSafetyAndCompliance","bindingPath":{"path":"/0","propertyPath":"DESCRIPTION","modelName":"tasksModel"},"interaction":{"idSuffix":"inner"}},"clearTextFirst":true,"interactionType":"ENTER_TEXT"}]}
RESULT: {"script":"<script> [776 bytes]","args":[{"enterText":"wdio1","selector":{"controlType":"sap.m.Input","viewName":"etm.portal.ui.isctemplates.view.New","viewId":"application-isctemplates-display-component---addDetailSafetyAndCompliance","bindingPath":{"path":"/0","propertyPath":"DESCRIPTION","modelName":"tasksModel"},"interaction":{"idSuffix":"inner"}},"clearTextFirst":true,"interactionType":"ENTER_TEXT"}]}
COMMAND: POST /session/af9491c2a1076ce794818b19a1a4ac27/execute/async - {"script":"<script> [1562 bytes]","args":[{"selector":{"controlType":"sap.m.Input","viewName":"etm.portal.ui.isctemplates.view.New","viewId":"application-isctemplates-display-component---addDetailSafetyAndCompliance","bindingPath":{"path":"/0","propertyPath":"DURATION_FORMATTED","modelName":"tasksModel"},"interaction":{"idSuffix":"inner"}},"wdio_ui5_key":"etmportal.ui.isctemplates.view.Newsap.m.Input{\"path\":\"/0\",\"propertyPath\":\"DURATION_FORMATTED\",\"modelName\":\"tasksModel\"}"}]}
RESULT: {"script":"<script> [1562 bytes]","args":[{"selector":{"controlType":"sap.m.Input","viewName":"etm.portal.ui.isctemplates.view.New","viewId":"application-isctemplates-display-component---addDetailSafetyAndCompliance","bindingPath":{"path":"/0","propertyPath":"DURATION_FORMATTED","modelName":"tasksModel"},"interaction":{"idSuffix":"inner"}},"wdio_ui5_key":"etmportal.ui.isctemplates.view.Newsap.m.Input{\"path\":\"/0\",\"propertyPath\":\"DURATION_FORMATTED\",\"modelName\":\"tasksModel\"}"}]}
RESULT: undefined
COMMAND: POST /session/af9491c2a1076ce794818b19a1a4ac27/execute/async - {"script":"<script> [776 bytes]","args":[{"enterText":"1","selector":{"controlType":"sap.m.Input","viewName":"etm.portal.ui.isctemplates.view.New","viewId":"application-isctemplates-display-component---addDetailSafetyAndCompliance","bindingPath":{"path":"/0","propertyPath":"DURATION_FORMATTED","modelName":"tasksModel"},"interaction":{"idSuffix":"inner"}},"clearTextFirst":true,"interactionType":"ENTER_TEXT"}]}
RESULT: {"script":"<script> [776 bytes]","args":[{"enterText":"1","selector":{"controlType":"sap.m.Input","viewName":"etm.portal.ui.isctemplates.view.New","viewId":"application-isctemplates-display-component---addDetailSafetyAndCompliance","bindingPath":{"path":"/0","propertyPath":"DURATION_FORMATTED","modelName":"tasksModel"},"interaction":{"idSuffix":"inner"}},"clearTextFirst":true,"interactionType":"ENTER_TEXT"}]}
COMMAND: POST /session/af9491c2a1076ce794818b19a1a4ac27/execute/async - {"script":"<script> [1562 bytes]","args":[{"selector":{"controlType":"sap.m.ComboBox","viewName":"etm.portal.ui.isctemplates.view.New","viewId":"application-isctemplates-display-component---addDetailSafetyAndCompliance","bindingPath":{"path":"/0","propertyPath":"DURATION_UNIT_OF_MEASURE","modelName":"tasksModel"},"interaction":{"idSuffix":"inner"}},"wdio_ui5_key":"etmportal.ui.isctemplates.view.Newsap.m.ComboBox{\"path\":\"/0\",\"propertyPath\":\"DURATION_UNIT_OF_MEASURE\",\"modelName\":\"tasksModel\"}"}]}
RESULT: {"script":"<script> [1562 bytes]","args":[{"selector":{"controlType":"sap.m.ComboBox","viewName":"etm.portal.ui.isctemplates.view.New","viewId":"application-isctemplates-display-component---addDetailSafetyAndCompliance","bindingPath":{"path":"/0","propertyPath":"DURATION_UNIT_OF_MEASURE","modelName":"tasksModel"},"interaction":{"idSuffix":"inner"}},"wdio_ui5_key":"etmportal.ui.isctemplates.view.Newsap.m.ComboBox{\"path\":\"/0\",\"propertyPath\":\"DURATION_UNIT_OF_MEASURE\",\"modelName\":\"tasksModel\"}"}]}
RESULT: undefined
COMMAND: POST /session/af9491c2a1076ce794818b19a1a4ac27/execute/async - {"script":"<script> [776 bytes]","args":[{"enterText":"Days","selector":{"controlType":"sap.m.ComboBox","viewName":"etm.portal.ui.isctemplates.view.New","viewId":"application-isctemplates-display-component---addDetailSafetyAndCompliance","bindingPath":{"path":"/0","propertyPath":"DURATION_UNIT_OF_MEASURE","modelName":"tasksModel"},"interaction":{"idSuffix":"inner"}},"clearTextFirst":true,"interactionType":"ENTER_TEXT"}]}
RESULT: {"script":"<script> [776 bytes]","args":[{"enterText":"Days","selector":{"controlType":"sap.m.ComboBox","viewName":"etm.portal.ui.isctemplates.view.New","viewId":"application-isctemplates-display-component---addDetailSafetyAndCompliance","bindingPath":{"path":"/0","propertyPath":"DURATION_UNIT_OF_MEASURE","modelName":"tasksModel"},"interaction":{"idSuffix":"inner"}},"clearTextFirst":true,"interactionType":"ENTER_TEXT"}]}
COMMAND: POST /session/af9491c2a1076ce794818b19a1a4ac27/execute/async - {"script":"<script> [1562 bytes]","args":[{"selector":{"controlType":"netm.SmartInput","viewName":"etm.portal.ui.isctemplates.view.New","viewId":"application-isctemplates-display-component---addDetailSafetyAndCompliance","bindingPath":{"path":"/0","propertyPath":"ACTIVITY_DESCRIPTION","modelName":"tasksModel"},"interaction":{"idSuffix":"inner"}},"wdio_ui5_key":"etmportal.ui.isctemplates.view.Newnetm.SmartInput{\"path\":\"/0\",\"propertyPath\":\"ACTIVITY_DESCRIPTION\",\"modelName\":\"tasksModel\"}"}]}
RESULT: {"script":"<script> [1562 bytes]","args":[{"selector":{"controlType":"netm.SmartInput","viewName":"etm.portal.ui.isctemplates.view.New","viewId":"application-isctemplates-display-component---addDetailSafetyAndCompliance","bindingPath":{"path":"/0","propertyPath":"ACTIVITY_DESCRIPTION","modelName":"tasksModel"},"interaction":{"idSuffix":"inner"}},"wdio_ui5_key":"etmportal.ui.isctemplates.view.Newnetm.SmartInput{\"path\":\"/0\",\"propertyPath\":\"ACTIVITY_DESCRIPTION\",\"modelName\":\"tasksModel\"}"}]}
RESULT: undefined
COMMAND: POST /session/af9491c2a1076ce794818b19a1a4ac27/execute/async - {"script":"<script> [776 bytes]","args":[{"enterText":"Standard Hour","selector":{"controlType":"netm.SmartInput","viewName":"etm.portal.ui.isctemplates.view.New","viewId":"application-isctemplates-display-component---addDetailSafetyAndCompliance","bindingPath":{"path":"/0","propertyPath":"ACTIVITY_DESCRIPTION","modelName":"tasksModel"},"interaction":{"idSuffix":"inner"}},"clearTextFirst":true,"interactionType":"ENTER_TEXT"}]}
RESULT: {"script":"<script> [776 bytes]","args":[{"enterText":"Standard Hour","selector":{"controlType":"netm.SmartInput","viewName":"etm.portal.ui.isctemplates.view.New","viewId":"application-isctemplates-display-component---addDetailSafetyAndCompliance","bindingPath":{"path":"/0","propertyPath":"ACTIVITY_DESCRIPTION","modelName":"tasksModel"},"interaction":{"idSuffix":"inner"}},"clearTextFirst":true,"interactionType":"ENTER_TEXT"}]}
COMMAND: POST /session/af9491c2a1076ce794818b19a1a4ac27/actions - {"actions":[{"id":"action9","type":"key","parameters":{},"actions":[{"type":"keyDown","value":""},{"type":"pause","duration":10},{"type":"keyUp","value":""}]}]}
RESULT: {"actions":[{"id":"action9","type":"key","parameters":{},"actions":[{"type":"keyDown","value":""},{"type":"pause","duration":10},{"type":"keyUp","value":""}]}]}
COMMAND: GET /session/af9491c2a1076ce794818b19a1a4ac27/screenshot - {}
RESULT: {}
COMMAND: POST /session/af9491c2a1076ce794818b19a1a4ac27/execute/async - {"script":"<script> [1562 bytes]","args":[{"selector":{"controlType":"sap.m.Text","viewName":"etm.portal.ui.isctemplates.view.New","viewId":"application-isctemplates-display-component---addDetailSafetyAndCompliance","bindingPath":{"path":"/YardIscActivity('T01')","propertyPath":"DESCRIPTION"},"searchOpenDialogs":true},"wdio_ui5_key":"etmportal.ui.isctemplates.view.Newsap.m.Text{\"path\":\"/YardIscActivity('T01')\",\"propertyPath\":\"DESCRIPTION\"}"}]}
RESULT: {"script":"<script> [1562 bytes]","args":[{"selector":{"controlType":"sap.m.Text","viewName":"etm.portal.ui.isctemplates.view.New","viewId":"application-isctemplates-display-component---addDetailSafetyAndCompliance","bindingPath":{"path":"/YardIscActivity('T01')","propertyPath":"DESCRIPTION"},"searchOpenDialogs":true},"wdio_ui5_key":"etmportal.ui.isctemplates.view.Newsap.m.Text{\"path\":\"/YardIscActivity('T01')\",\"propertyPath\":\"DESCRIPTION\"}"}]}
RESULT: undefined
COMMAND: POST /session/af9491c2a1076ce794818b19a1a4ac27/execute/async - {"script":"<script> [1562 bytes]","args":[{"selector":{"controlType":"sap.m.Input","viewName":"etm.portal.ui.isctemplates.view.New","viewId":"application-isctemplates-display-component---addDetailSafetyAndCompliance","bindingPath":{"path":"/0","propertyPath":"PLAN_FORMATTED","modelName":"tasksModel"},"interaction":{"idSuffix":"inner"}},"wdio_ui5_key":"etmportal.ui.isctemplates.view.Newsap.m.Input{\"path\":\"/0\",\"propertyPath\":\"PLAN_FORMATTED\",\"modelName\":\"tasksModel\"}"}]}
RESULT: {"script":"<script> [1562 bytes]","args":[{"selector":{"controlType":"sap.m.Input","viewName":"etm.portal.ui.isctemplates.view.New","viewId":"application-isctemplates-display-component---addDetailSafetyAndCompliance","bindingPath":{"path":"/0","propertyPath":"PLAN_FORMATTED","modelName":"tasksModel"},"interaction":{"idSuffix":"inner"}},"wdio_ui5_key":"etmportal.ui.isctemplates.view.Newsap.m.Input{\"path\":\"/0\",\"propertyPath\":\"PLAN_FORMATTED\",\"modelName\":\"tasksModel\"}"}]}
RESULT: undefined
COMMAND: POST /session/af9491c2a1076ce794818b19a1a4ac27/execute/async - {"script":"<script> [776 bytes]","args":[{"enterText":"3","selector":{"controlType":"sap.m.Input","viewName":"etm.portal.ui.isctemplates.view.New","viewId":"application-isctemplates-display-component---addDetailSafetyAndCompliance","bindingPath":{"path":"/0","propertyPath":"PLAN_FORMATTED","modelName":"tasksModel"},"interaction":{"idSuffix":"inner"}},"clearTextFirst":true,"interactionType":"ENTER_TEXT"}]}
RESULT: {"script":"<script> [776 bytes]","args":[{"enterText":"3","selector":{"controlType":"sap.m.Input","viewName":"etm.portal.ui.isctemplates.view.New","viewId":"application-isctemplates-display-component---addDetailSafetyAndCompliance","bindingPath":{"path":"/0","propertyPath":"PLAN_FORMATTED","modelName":"tasksModel"},"interaction":{"idSuffix":"inner"}},"clearTextFirst":true,"interactionType":"ENTER_TEXT"}]}
COMMAND: POST /session/af9491c2a1076ce794818b19a1a4ac27/execute/async - {"script":"<script> [1562 bytes]","args":[{"selector":{"controlType":"netm.SmartInput","viewName":"etm.portal.ui.isctemplates.view.New","viewId":"application-isctemplates-display-component---addDetailSafetyAndCompliance","bindingPath":{"path":"/0","propertyPath":"BILLING_CONDITION_DESCRIPTION","modelName":"tasksModel"},"interaction":{"idSuffix":"inner"}},"wdio_ui5_key":"etmportal.ui.isctemplates.view.Newnetm.SmartInput{\"path\":\"/0\",\"propertyPath\":\"BILLING_CONDITION_DESCRIPTION\",\"modelName\":\"tasksModel\"}"}]}
RESULT: {"script":"<script> [1562 bytes]","args":[{"selector":{"controlType":"netm.SmartInput","viewName":"etm.portal.ui.isctemplates.view.New","viewId":"application-isctemplates-display-component---addDetailSafetyAndCompliance","bindingPath":{"path":"/0","propertyPath":"BILLING_CONDITION_DESCRIPTION","modelName":"tasksModel"},"interaction":{"idSuffix":"inner"}},"wdio_ui5_key":"etmportal.ui.isctemplates.view.Newnetm.SmartInput{\"path\":\"/0\",\"propertyPath\":\"BILLING_CONDITION_DESCRIPTION\",\"modelName\":\"tasksModel\"}"}]}
RESULT: undefined
COMMAND: POST /session/af9491c2a1076ce794818b19a1a4ac27/execute/async - {"script":"<script> [776 bytes]","args":[{"enterText":"Manual fee","selector":{"controlType":"netm.SmartInput","viewName":"etm.portal.ui.isctemplates.view.New","viewId":"application-isctemplates-display-component---addDetailSafetyAndCompliance","bindingPath":{"path":"/0","propertyPath":"BILLING_CONDITION_DESCRIPTION","modelName":"tasksModel"},"interaction":{"idSuffix":"inner"}},"clearTextFirst":true,"interactionType":"ENTER_TEXT"}]}
RESULT: {"script":"<script> [776 bytes]","args":[{"enterText":"Manual fee","selector":{"controlType":"netm.SmartInput","viewName":"etm.portal.ui.isctemplates.view.New","viewId":"application-isctemplates-display-component---addDetailSafetyAndCompliance","bindingPath":{"path":"/0","propertyPath":"BILLING_CONDITION_DESCRIPTION","modelName":"tasksModel"},"interaction":{"idSuffix":"inner"}},"clearTextFirst":true,"interactionType":"ENTER_TEXT"}]}
COMMAND: POST /session/af9491c2a1076ce794818b19a1a4ac27/actions - {"actions":[{"id":"action10","type":"key","parameters":{},"actions":[{"type":"keyDown","value":""},{"type":"pause","duration":10},{"type":"keyUp","value":""}]}]}
RESULT: {"actions":[{"id":"action10","type":"key","parameters":{},"actions":[{"type":"keyDown","value":""},{"type":"pause","duration":10},{"type":"keyUp","value":""}]}]}
COMMAND: GET /session/af9491c2a1076ce794818b19a1a4ac27/screenshot - {}
RESULT: {}
RESULT: undefined
COMMAND: POST /session/af9491c2a1076ce794818b19a1a4ac27/element - {"using":"xpath","value":"//*[@id=\"application-isctemplates-display-component---addDetailSafetyAndCompliance--createTaskButton\"]"}
RESULT: {"using":"xpath","value":"//*[@id=\"application-isctemplates-display-component---addDetailSafetyAndCompliance--createTaskButton\"]"}
COMMAND: POST /session/af9491c2a1076ce794818b19a1a4ac27/element/f.26D2B1AE0E7CC6FDF0B47B55884175CC.d.769551307DE1E8C61194221A73851024.e.1534/click - {}
RESULT: {}
COMMAND: GET /session/af9491c2a1076ce794818b19a1a4ac27/screenshot - {}
RESULT: {}
COMMAND: POST /session/af9491c2a1076ce794818b19a1a4ac27/execute/async - {"script":"<script> [1562 bytes]","args":[{"selector":{"controlType":"sap.m.Input","viewName":"etm.portal.ui.isctemplates.view.New","viewId":"application-isctemplates-display-component---addDetailSafetyAndCompliance","bindingPath":{"path":"/1","propertyPath":"NAME","modelName":"tasksModel"},"interaction":{"idSuffix":"inner"}},"wdio_ui5_key":"etmportal.ui.isctemplates.view.Newsap.m.Input{\"path\":\"/1\",\"propertyPath\":\"NAME\",\"modelName\":\"tasksModel\"}"}]}
RESULT: {"script":"<script> [1562 bytes]","args":[{"selector":{"controlType":"sap.m.Input","viewName":"etm.portal.ui.isctemplates.view.New","viewId":"application-isctemplates-display-component---addDetailSafetyAndCompliance","bindingPath":{"path":"/1","propertyPath":"NAME","modelName":"tasksModel"},"interaction":{"idSuffix":"inner"}},"wdio_ui5_key":"etmportal.ui.isctemplates.view.Newsap.m.Input{\"path\":\"/1\",\"propertyPath\":\"NAME\",\"modelName\":\"tasksModel\"}"}]}
RESULT: undefined
COMMAND: POST /session/af9491c2a1076ce794818b19a1a4ac27/execute/async - {"script":"<script> [776 bytes]","args":[{"enterText":"test2","selector":{"controlType":"sap.m.Input","viewName":"etm.portal.ui.isctemplates.view.New","viewId":"application-isctemplates-display-component---addDetailSafetyAndCompliance","bindingPath":{"path":"/1","propertyPath":"NAME","modelName":"tasksModel"},"interaction":{"idSuffix":"inner"}},"clearTextFirst":true,"interactionType":"ENTER_TEXT"}]}
RESULT: {"script":"<script> [776 bytes]","args":[{"enterText":"test2","selector":{"controlType":"sap.m.Input","viewName":"etm.portal.ui.isctemplates.view.New","viewId":"application-isctemplates-display-component---addDetailSafetyAndCompliance","bindingPath":{"path":"/1","propertyPath":"NAME","modelName":"tasksModel"},"interaction":{"idSuffix":"inner"}},"clearTextFirst":true,"interactionType":"ENTER_TEXT"}]}
COMMAND: POST /session/af9491c2a1076ce794818b19a1a4ac27/execute/async - {"script":"<script> [1562 bytes]","args":[{"selector":{"controlType":"sap.m.Input","viewName":"etm.portal.ui.isctemplates.view.New","viewId":"application-isctemplates-display-component---addDetailSafetyAndCompliance","bindingPath":{"path":"/1","propertyPath":"DESCRIPTION","modelName":"tasksModel"},"interaction":{"idSuffix":"inner"}},"wdio_ui5_key":"etmportal.ui.isctemplates.view.Newsap.m.Input{\"path\":\"/1\",\"propertyPath\":\"DESCRIPTION\",\"modelName\":\"tasksModel\"}"}]}
RESULT: {"script":"<script> [1562 bytes]","args":[{"selector":{"controlType":"sap.m.Input","viewName":"etm.portal.ui.isctemplates.view.New","viewId":"application-isctemplates-display-component---addDetailSafetyAndCompliance","bindingPath":{"path":"/1","propertyPath":"DESCRIPTION","modelName":"tasksModel"},"interaction":{"idSuffix":"inner"}},"wdio_ui5_key":"etmportal.ui.isctemplates.view.Newsap.m.Input{\"path\":\"/1\",\"propertyPath\":\"DESCRIPTION\",\"modelName\":\"tasksModel\"}"}]}
RESULT: undefined
COMMAND: POST /session/af9491c2a1076ce794818b19a1a4ac27/execute/async - {"script":"<script> [776 bytes]","args":[{"enterText":"wdio2","selector":{"controlType":"sap.m.Input","viewName":"etm.portal.ui.isctemplates.view.New","viewId":"application-isctemplates-display-component---addDetailSafetyAndCompliance","bindingPath":{"path":"/1","propertyPath":"DESCRIPTION","modelName":"tasksModel"},"interaction":{"idSuffix":"inner"}},"clearTextFirst":true,"interactionType":"ENTER_TEXT"}]}
RESULT: {"script":"<script> [776 bytes]","args":[{"enterText":"wdio2","selector":{"controlType":"sap.m.Input","viewName":"etm.portal.ui.isctemplates.view.New","viewId":"application-isctemplates-display-component---addDetailSafetyAndCompliance","bindingPath":{"path":"/1","propertyPath":"DESCRIPTION","modelName":"tasksModel"},"interaction":{"idSuffix":"inner"}},"clearTextFirst":true,"interactionType":"ENTER_TEXT"}]}
COMMAND: POST /session/af9491c2a1076ce794818b19a1a4ac27/execute/async - {"script":"<script> [1562 bytes]","args":[{"selector":{"controlType":"sap.m.Input","viewName":"etm.portal.ui.isctemplates.view.New","viewId":"application-isctemplates-display-component---addDetailSafetyAndCompliance","bindingPath":{"path":"/1","propertyPath":"DURATION_FORMATTED","modelName":"tasksModel"},"interaction":{"idSuffix":"inner"}},"wdio_ui5_key":"etmportal.ui.isctemplates.view.Newsap.m.Input{\"path\":\"/1\",\"propertyPath\":\"DURATION_FORMATTED\",\"modelName\":\"tasksModel\"}"}]}
RESULT: {"script":"<script> [1562 bytes]","args":[{"selector":{"controlType":"sap.m.Input","viewName":"etm.portal.ui.isctemplates.view.New","viewId":"application-isctemplates-display-component---addDetailSafetyAndCompliance","bindingPath":{"path":"/1","propertyPath":"DURATION_FORMATTED","modelName":"tasksModel"},"interaction":{"idSuffix":"inner"}},"wdio_ui5_key":"etmportal.ui.isctemplates.view.Newsap.m.Input{\"path\":\"/1\",\"propertyPath\":\"DURATION_FORMATTED\",\"modelName\":\"tasksModel\"}"}]}
RESULT: undefined
COMMAND: POST /session/af9491c2a1076ce794818b19a1a4ac27/execute/async - {"script":"<script> [776 bytes]","args":[{"enterText":"1","selector":{"controlType":"sap.m.Input","viewName":"etm.portal.ui.isctemplates.view.New","viewId":"application-isctemplates-display-component---addDetailSafetyAndCompliance","bindingPath":{"path":"/1","propertyPath":"DURATION_FORMATTED","modelName":"tasksModel"},"interaction":{"idSuffix":"inner"}},"clearTextFirst":true,"interactionType":"ENTER_TEXT"}]}
RESULT: {"script":"<script> [776 bytes]","args":[{"enterText":"1","selector":{"controlType":"sap.m.Input","viewName":"etm.portal.ui.isctemplates.view.New","viewId":"application-isctemplates-display-component---addDetailSafetyAndCompliance","bindingPath":{"path":"/1","propertyPath":"DURATION_FORMATTED","modelName":"tasksModel"},"interaction":{"idSuffix":"inner"}},"clearTextFirst":true,"interactionType":"ENTER_TEXT"}]}
COMMAND: POST /session/af9491c2a1076ce794818b19a1a4ac27/execute/async - {"script":"<script> [1562 bytes]","args":[{"selector":{"controlType":"sap.m.ComboBox","viewName":"etm.portal.ui.isctemplates.view.New","viewId":"application-isctemplates-display-component---addDetailSafetyAndCompliance","bindingPath":{"path":"/1","propertyPath":"DURATION_UNIT_OF_MEASURE","modelName":"tasksModel"},"interaction":{"idSuffix":"inner"}},"wdio_ui5_key":"etmportal.ui.isctemplates.view.Newsap.m.ComboBox{\"path\":\"/1\",\"propertyPath\":\"DURATION_UNIT_OF_MEASURE\",\"modelName\":\"tasksModel\"}"}]}
RESULT: {"script":"<script> [1562 bytes]","args":[{"selector":{"controlType":"sap.m.ComboBox","viewName":"etm.portal.ui.isctemplates.view.New","viewId":"application-isctemplates-display-component---addDetailSafetyAndCompliance","bindingPath":{"path":"/1","propertyPath":"DURATION_UNIT_OF_MEASURE","modelName":"tasksModel"},"interaction":{"idSuffix":"inner"}},"wdio_ui5_key":"etmportal.ui.isctemplates.view.Newsap.m.ComboBox{\"path\":\"/1\",\"propertyPath\":\"DURATION_UNIT_OF_MEASURE\",\"modelName\":\"tasksModel\"}"}]}
RESULT: undefined
COMMAND: POST /session/af9491c2a1076ce794818b19a1a4ac27/execute/async - {"script":"<script> [776 bytes]","args":[{"enterText":"Days","selector":{"controlType":"sap.m.ComboBox","viewName":"etm.portal.ui.isctemplates.view.New","viewId":"application-isctemplates-display-component---addDetailSafetyAndCompliance","bindingPath":{"path":"/1","propertyPath":"DURATION_UNIT_OF_MEASURE","modelName":"tasksModel"},"interaction":{"idSuffix":"inner"}},"clearTextFirst":true,"interactionType":"ENTER_TEXT"}]}
RESULT: {"script":"<script> [776 bytes]","args":[{"enterText":"Days","selector":{"controlType":"sap.m.ComboBox","viewName":"etm.portal.ui.isctemplates.view.New","viewId":"application-isctemplates-display-component---addDetailSafetyAndCompliance","bindingPath":{"path":"/1","propertyPath":"DURATION_UNIT_OF_MEASURE","modelName":"tasksModel"},"interaction":{"idSuffix":"inner"}},"clearTextFirst":true,"interactionType":"ENTER_TEXT"}]}
COMMAND: POST /session/af9491c2a1076ce794818b19a1a4ac27/execute/async - {"script":"<script> [1562 bytes]","args":[{"selector":{"controlType":"netm.SmartInput","viewName":"etm.portal.ui.isctemplates.view.New","viewId":"application-isctemplates-display-component---addDetailSafetyAndCompliance","bindingPath":{"path":"/1","propertyPath":"ACTIVITY_DESCRIPTION","modelName":"tasksModel"},"interaction":{"idSuffix":"inner"}},"wdio_ui5_key":"etmportal.ui.isctemplates.view.Newnetm.SmartInput{\"path\":\"/1\",\"propertyPath\":\"ACTIVITY_DESCRIPTION\",\"modelName\":\"tasksModel\"}"}]}
RESULT: {"script":"<script> [1562 bytes]","args":[{"selector":{"controlType":"netm.SmartInput","viewName":"etm.portal.ui.isctemplates.view.New","viewId":"application-isctemplates-display-component---addDetailSafetyAndCompliance","bindingPath":{"path":"/1","propertyPath":"ACTIVITY_DESCRIPTION","modelName":"tasksModel"},"interaction":{"idSuffix":"inner"}},"wdio_ui5_key":"etmportal.ui.isctemplates.view.Newnetm.SmartInput{\"path\":\"/1\",\"propertyPath\":\"ACTIVITY_DESCRIPTION\",\"modelName\":\"tasksModel\"}"}]}
RESULT: undefined
COMMAND: POST /session/af9491c2a1076ce794818b19a1a4ac27/execute/async - {"script":"<script> [776 bytes]","args":[{"enterText":"Standard Hour","selector":{"controlType":"netm.SmartInput","viewName":"etm.portal.ui.isctemplates.view.New","viewId":"application-isctemplates-display-component---addDetailSafetyAndCompliance","bindingPath":{"path":"/1","propertyPath":"ACTIVITY_DESCRIPTION","modelName":"tasksModel"},"interaction":{"idSuffix":"inner"}},"clearTextFirst":true,"interactionType":"ENTER_TEXT"}]}
RESULT: {"script":"<script> [776 bytes]","args":[{"enterText":"Standard Hour","selector":{"controlType":"netm.SmartInput","viewName":"etm.portal.ui.isctemplates.view.New","viewId":"application-isctemplates-display-component---addDetailSafetyAndCompliance","bindingPath":{"path":"/1","propertyPath":"ACTIVITY_DESCRIPTION","modelName":"tasksModel"},"interaction":{"idSuffix":"inner"}},"clearTextFirst":true,"interactionType":"ENTER_TEXT"}]}
COMMAND: POST /session/af9491c2a1076ce794818b19a1a4ac27/actions - {"actions":[{"id":"action11","type":"key","parameters":{},"actions":[{"type":"keyDown","value":""},{"type":"pause","duration":10},{"type":"keyUp","value":""}]}]}
RESULT: {"actions":[{"id":"action11","type":"key","parameters":{},"actions":[{"type":"keyDown","value":""},{"type":"pause","duration":10},{"type":"keyUp","value":""}]}]}
COMMAND: GET /session/af9491c2a1076ce794818b19a1a4ac27/screenshot - {}
RESULT: {}
COMMAND: POST /session/af9491c2a1076ce794818b19a1a4ac27/execute/async - {"script":"<script> [1562 bytes]","args":[{"selector":{"controlType":"sap.m.Input","viewName":"etm.portal.ui.isctemplates.view.New","viewId":"application-isctemplates-display-component---addDetailSafetyAndCompliance","bindingPath":{"path":"/1","propertyPath":"PLAN_FORMATTED","modelName":"tasksModel"},"interaction":{"idSuffix":"inner"}},"wdio_ui5_key":"etmportal.ui.isctemplates.view.Newsap.m.Input{\"path\":\"/1\",\"propertyPath\":\"PLAN_FORMATTED\",\"modelName\":\"tasksModel\"}"}]}
RESULT: {"script":"<script> [1562 bytes]","args":[{"selector":{"controlType":"sap.m.Input","viewName":"etm.portal.ui.isctemplates.view.New","viewId":"application-isctemplates-display-component---addDetailSafetyAndCompliance","bindingPath":{"path":"/1","propertyPath":"PLAN_FORMATTED","modelName":"tasksModel"},"interaction":{"idSuffix":"inner"}},"wdio_ui5_key":"etmportal.ui.isctemplates.view.Newsap.m.Input{\"path\":\"/1\",\"propertyPath\":\"PLAN_FORMATTED\",\"modelName\":\"tasksModel\"}"}]}
RESULT: undefined
COMMAND: POST /session/af9491c2a1076ce794818b19a1a4ac27/execute/async - {"script":"<script> [776 bytes]","args":[{"enterText":"3","selector":{"controlType":"sap.m.Input","viewName":"etm.portal.ui.isctemplates.view.New","viewId":"application-isctemplates-display-component---addDetailSafetyAndCompliance","bindingPath":{"path":"/1","propertyPath":"PLAN_FORMATTED","modelName":"tasksModel"},"interaction":{"idSuffix":"inner"}},"clearTextFirst":true,"interactionType":"ENTER_TEXT"}]}
RESULT: {"script":"<script> [776 bytes]","args":[{"enterText":"3","selector":{"controlType":"sap.m.Input","viewName":"etm.portal.ui.isctemplates.view.New","viewId":"application-isctemplates-display-component---addDetailSafetyAndCompliance","bindingPath":{"path":"/1","propertyPath":"PLAN_FORMATTED","modelName":"tasksModel"},"interaction":{"idSuffix":"inner"}},"clearTextFirst":true,"interactionType":"ENTER_TEXT"}]}
COMMAND: POST /session/af9491c2a1076ce794818b19a1a4ac27/execute/async - {"script":"<script> [1562 bytes]","args":[{"selector":{"controlType":"netm.SmartInput","viewName":"etm.portal.ui.isctemplates.view.New","viewId":"application-isctemplates-display-component---addDetailSafetyAndCompliance","bindingPath":{"path":"/1","propertyPath":"BILLING_CONDITION_DESCRIPTION","modelName":"tasksModel"},"interaction":{"idSuffix":"inner"}},"wdio_ui5_key":"etmportal.ui.isctemplates.view.Newnetm.SmartInput{\"path\":\"/1\",\"propertyPath\":\"BILLING_CONDITION_DESCRIPTION\",\"modelName\":\"tasksModel\"}"}]}
RESULT: {"script":"<script> [1562 bytes]","args":[{"selector":{"controlType":"netm.SmartInput","viewName":"etm.portal.ui.isctemplates.view.New","viewId":"application-isctemplates-display-component---addDetailSafetyAndCompliance","bindingPath":{"path":"/1","propertyPath":"BILLING_CONDITION_DESCRIPTION","modelName":"tasksModel"},"interaction":{"idSuffix":"inner"}},"wdio_ui5_key":"etmportal.ui.isctemplates.view.Newnetm.SmartInput{\"path\":\"/1\",\"propertyPath\":\"BILLING_CONDITION_DESCRIPTION\",\"modelName\":\"tasksModel\"}"}]}
RESULT: undefined
COMMAND: POST /session/af9491c2a1076ce794818b19a1a4ac27/execute/async - {"script":"<script> [776 bytes]","args":[{"enterText":"Manual fee","selector":{"controlType":"netm.SmartInput","viewName":"etm.portal.ui.isctemplates.view.New","viewId":"application-isctemplates-display-component---addDetailSafetyAndCompliance","bindingPath":{"path":"/1","propertyPath":"BILLING_CONDITION_DESCRIPTION","modelName":"tasksModel"},"interaction":{"idSuffix":"inner"}},"clearTextFirst":true,"interactionType":"ENTER_TEXT"}]}
RESULT: {"script":"<script> [776 bytes]","args":[{"enterText":"Manual fee","selector":{"controlType":"netm.SmartInput","viewName":"etm.portal.ui.isctemplates.view.New","viewId":"application-isctemplates-display-component---addDetailSafetyAndCompliance","bindingPath":{"path":"/1","propertyPath":"BILLING_CONDITION_DESCRIPTION","modelName":"tasksModel"},"interaction":{"idSuffix":"inner"}},"clearTextFirst":true,"interactionType":"ENTER_TEXT"}]}
COMMAND: POST /session/af9491c2a1076ce794818b19a1a4ac27/actions - {"actions":[{"id":"action12","type":"key","parameters":{},"actions":[{"type":"keyDown","value":""},{"type":"pause","duration":10},{"type":"keyUp","value":""}]}]}
RESULT: {"actions":[{"id":"action12","type":"key","parameters":{},"actions":[{"type":"keyDown","value":""},{"type":"pause","duration":10},{"type":"keyUp","value":""}]}]}
COMMAND: GET /session/af9491c2a1076ce794818b19a1a4ac27/screenshot - {}
RESULT: {}
COMMAND: POST /session/af9491c2a1076ce794818b19a1a4ac27/execute/async - {"script":"<script> [1562 bytes]","args":[{"selector":{"controlType":"sap.m.Button","viewName":"etm.portal.ui.isctemplates.view.New","viewId":"application-isctemplates-display-component---addDetailSafetyAndCompliance","properties":{"text":"Spare parts"},"interaction":{"idSuffix":"BDI-content"}},"wdio_ui5_key":"etmportal.ui.isctemplates.view.Newsap.m.Button{\"text\":\"Spare parts\"}"}]}
RESULT: {"script":"<script> [1562 bytes]","args":[{"selector":{"controlType":"sap.m.Button","viewName":"etm.portal.ui.isctemplates.view.New","viewId":"application-isctemplates-display-component---addDetailSafetyAndCompliance","properties":{"text":"Spare parts"},"interaction":{"idSuffix":"BDI-content"}},"wdio_ui5_key":"etmportal.ui.isctemplates.view.Newsap.m.Button{\"text\":\"Spare parts\"}"}]}
RESULT: undefined
COMMAND: POST /session/af9491c2a1076ce794818b19a1a4ac27/element - {"using":"xpath","value":"//*[@id=\"__layout30-anchBar-__section5-anchor\"]"}
RESULT: {"using":"xpath","value":"//*[@id=\"__layout30-anchBar-__section5-anchor\"]"}
COMMAND: POST /session/af9491c2a1076ce794818b19a1a4ac27/element/f.26D2B1AE0E7CC6FDF0B47B55884175CC.d.769551307DE1E8C61194221A73851024.e.1569/click - {}
RESULT: {}
COMMAND: GET /session/af9491c2a1076ce794818b19a1a4ac27/screenshot - {}
RESULT: {}
COMMAND: POST /session/af9491c2a1076ce794818b19a1a4ac27/execute/async - {"script":"<script> [1562 bytes]","args":[{"selector":{"controlType":"sap.ui.core.Icon","viewName":"etm.portal.ui.isctemplates.view.New","viewId":"application-isctemplates-display-component---addDetailSafetyAndCompliance","properties":{"src":{"regex":{"source":"add"}}},"ancestor":{"controlType":"sap.m.Button","viewName":"etm.portal.ui.isctemplates.view.New","viewId":"application-isctemplates-display-component---addDetailSafetyAndCompliance","i18NText":{"propertyName":"tooltip","key":"create"}}},"wdio_ui5_key":"etmportal.ui.isctemplates.view.Newsap.ui.core.Icon{\"src\":{\"regex\":{\"source\":\"add\"}}}{\"controlType\":\"sap.m.Button\",\"viewName\":\"etm.portal.ui.isctemplates.view.New\",\"viewId\":\"application-isctemplates-display-component---addDetailSafetyAndCompliance\",\"i18NText\":{\"propertyName\":\"tooltip\",\"key\":\"create\"}}"}]}
RESULT: {"script":"<script> [1562 bytes]","args":[{"selector":{"controlType":"sap.ui.core.Icon","viewName":"etm.portal.ui.isctemplates.view.New","viewId":"application-isctemplates-display-component---addDetailSafetyAndCompliance","properties":{"src":{"regex":{"source":"add"}}},"ancestor":{"controlType":"sap.m.Button","viewName":"etm.portal.ui.isctemplates.view.New","viewId":"application-isctemplates-display-component---addDetailSafetyAndCompliance","i18NText":{"propertyName":"tooltip","key":"create"}}},"wdio_ui5_key":"etmportal.ui.isctemplates.view.Newsap.ui.core.Icon{\"src\":{\"regex\":{\"source\":\"add\"}}}{\"controlType\":\"sap.m.Button\",\"viewName\":\"etm.portal.ui.isctemplates.view.New\",\"viewId\":\"application-isctemplates-display-component---addDetailSafetyAndCompliance\",\"i18NText\":{\"propertyName\":\"tooltip\",\"key\":\"create\"}}"}]}
RESULT: undefined
COMMAND: POST /session/af9491c2a1076ce794818b19a1a4ac27/element - {"using":"xpath","value":"//*[@id=\"__button16-img\"]"}
RESULT: {"using":"xpath","value":"//*[@id=\"__button16-img\"]"}
COMMAND: POST /session/af9491c2a1076ce794818b19a1a4ac27/element/f.26D2B1AE0E7CC6FDF0B47B55884175CC.d.769551307DE1E8C61194221A73851024.e.1573/click - {}
RESULT: {}
COMMAND: GET /session/af9491c2a1076ce794818b19a1a4ac27/screenshot - {}
RESULT: {}
COMMAND: POST /session/af9491c2a1076ce794818b19a1a4ac27/execute/async - {"script":"<script> [1562 bytes]","args":[{"selector":{"controlType":"sap.m.Input","viewName":"etm.portal.ui.isctemplates.view.New","viewId":"application-isctemplates-display-component---addDetailSafetyAndCompliance","bindingPath":{"path":"/0","propertyPath":"INPUT_ITEM","modelName":"sparePartsModel"},"interaction":{"idSuffix":"inner"}},"wdio_ui5_key":"etmportal.ui.isctemplates.view.Newsap.m.Input{\"path\":\"/0\",\"propertyPath\":\"INPUT_ITEM\",\"modelName\":\"sparePartsModel\"}"}]}
RESULT: {"script":"<script> [1562 bytes]","args":[{"selector":{"controlType":"sap.m.Input","viewName":"etm.portal.ui.isctemplates.view.New","viewId":"application-isctemplates-display-component---addDetailSafetyAndCompliance","bindingPath":{"path":"/0","propertyPath":"INPUT_ITEM","modelName":"sparePartsModel"},"interaction":{"idSuffix":"inner"}},"wdio_ui5_key":"etmportal.ui.isctemplates.view.Newsap.m.Input{\"path\":\"/0\",\"propertyPath\":\"INPUT_ITEM\",\"modelName\":\"sparePartsModel\"}"}]}
RESULT: undefined
COMMAND: POST /session/af9491c2a1076ce794818b19a1a4ac27/execute/async - {"script":"<script> [776 bytes]","args":[{"enterText":"10","selector":{"controlType":"sap.m.Input","viewName":"etm.portal.ui.isctemplates.view.New","viewId":"application-isctemplates-display-component---addDetailSafetyAndCompliance","bindingPath":{"path":"/0","propertyPath":"INPUT_ITEM","modelName":"sparePartsModel"},"interaction":{"idSuffix":"inner"}},"clearTextFirst":true,"interactionType":"ENTER_TEXT"}]}
RESULT: {"script":"<script> [776 bytes]","args":[{"enterText":"10","selector":{"controlType":"sap.m.Input","viewName":"etm.portal.ui.isctemplates.view.New","viewId":"application-isctemplates-display-component---addDetailSafetyAndCompliance","bindingPath":{"path":"/0","propertyPath":"INPUT_ITEM","modelName":"sparePartsModel"},"interaction":{"idSuffix":"inner"}},"clearTextFirst":true,"interactionType":"ENTER_TEXT"}]}
COMMAND: POST /session/af9491c2a1076ce794818b19a1a4ac27/execute/async - {"script":"<script> [1562 bytes]","args":[{"selector":{"controlType":"sap.m.Input","viewName":"etm.portal.ui.isctemplates.view.New","viewId":"application-isctemplates-display-component---addDetailSafetyAndCompliance","bindingPath":{"path":"/0","propertyPath":"DESCRIPTION","modelName":"sparePartsModel"},"interaction":{"idSuffix":"inner"}},"wdio_ui5_key":"etmportal.ui.isctemplates.view.Newsap.m.Input{\"path\":\"/0\",\"propertyPath\":\"DESCRIPTION\",\"modelName\":\"sparePartsModel\"}"}]}
RESULT: {"script":"<script> [1562 bytes]","args":[{"selector":{"controlType":"sap.m.Input","viewName":"etm.portal.ui.isctemplates.view.New","viewId":"application-isctemplates-display-component---addDetailSafetyAndCompliance","bindingPath":{"path":"/0","propertyPath":"DESCRIPTION","modelName":"sparePartsModel"},"interaction":{"idSuffix":"inner"}},"wdio_ui5_key":"etmportal.ui.isctemplates.view.Newsap.m.Input{\"path\":\"/0\",\"propertyPath\":\"DESCRIPTION\",\"modelName\":\"sparePartsModel\"}"}]}
RESULT: undefined
COMMAND: POST /session/af9491c2a1076ce794818b19a1a4ac27/execute/async - {"script":"<script> [776 bytes]","args":[{"enterText":"Spare part wdIO","selector":{"controlType":"sap.m.Input","viewName":"etm.portal.ui.isctemplates.view.New","viewId":"application-isctemplates-display-component---addDetailSafetyAndCompliance","bindingPath":{"path":"/0","propertyPath":"DESCRIPTION","modelName":"sparePartsModel"},"interaction":{"idSuffix":"inner"}},"clearTextFirst":true,"interactionType":"ENTER_TEXT"}]}
RESULT: {"script":"<script> [776 bytes]","args":[{"enterText":"Spare part wdIO","selector":{"controlType":"sap.m.Input","viewName":"etm.portal.ui.isctemplates.view.New","viewId":"application-isctemplates-display-component---addDetailSafetyAndCompliance","bindingPath":{"path":"/0","propertyPath":"DESCRIPTION","modelName":"sparePartsModel"},"interaction":{"idSuffix":"inner"}},"clearTextFirst":true,"interactionType":"ENTER_TEXT"}]}
COMMAND: POST /session/af9491c2a1076ce794818b19a1a4ac27/actions - {"actions":[{"id":"action13","type":"key","parameters":{},"actions":[{"type":"keyDown","value":""},{"type":"pause","duration":10},{"type":"keyUp","value":""}]}]}
RESULT: {"actions":[{"id":"action13","type":"key","parameters":{},"actions":[{"type":"keyDown","value":""},{"type":"pause","duration":10},{"type":"keyUp","value":""}]}]}
COMMAND: GET /session/af9491c2a1076ce794818b19a1a4ac27/screenshot - {}
RESULT: {}
COMMAND: POST /session/af9491c2a1076ce794818b19a1a4ac27/actions - {"actions":[{"id":"action14","type":"key","parameters":{},"actions":[{"type":"keyDown","value":""},{"type":"pause","duration":10},{"type":"keyUp","value":""}]}]}
RESULT: {"actions":[{"id":"action14","type":"key","parameters":{},"actions":[{"type":"keyDown","value":""},{"type":"pause","duration":10},{"type":"keyUp","value":""}]}]}
COMMAND: GET /session/af9491c2a1076ce794818b19a1a4ac27/screenshot - {}
RESULT: {}
COMMAND: POST /session/af9491c2a1076ce794818b19a1a4ac27/element - {"using":"xpath","value":"(//input[contains(@type ,\"search\")][contains(@aria-label ,\"Search\")])[1]"}
RESULT: {"using":"xpath","value":"(//input[contains(@type ,\"search\")][contains(@aria-label ,\"Search\")])[1]"}
COMMAND: POST /session/af9491c2a1076ce794818b19a1a4ac27/element/f.26D2B1AE0E7CC6FDF0B47B55884175CC.d.769551307DE1E8C61194221A73851024.e.1582/clear - {}
RESULT: {}
COMMAND: POST /session/af9491c2a1076ce794818b19a1a4ac27/element/f.26D2B1AE0E7CC6FDF0B47B55884175CC.d.769551307DE1E8C61194221A73851024.e.1582/value - {"text":"200013"}
COMMAND: GET /session/af9491c2a1076ce794818b19a1a4ac27/screenshot - {}
RESULT: {"text":"200013"}
COMMAND: GET /session/af9491c2a1076ce794818b19a1a4ac27/screenshot - {}
RESULT: {}
RESULT: {}
COMMAND: POST /session/af9491c2a1076ce794818b19a1a4ac27/actions - {"actions":[{"id":"action15","type":"key","parameters":{},"actions":[{"type":"keyDown","value":""},{"type":"pause","duration":10},{"type":"keyUp","value":""}]}]}
RESULT: {"actions":[{"id":"action15","type":"key","parameters":{},"actions":[{"type":"keyDown","value":""},{"type":"pause","duration":10},{"type":"keyUp","value":""}]}]}
COMMAND: GET /session/af9491c2a1076ce794818b19a1a4ac27/screenshot - {}
RESULT: {}
COMMAND: POST /session/af9491c2a1076ce794818b19a1a4ac27/element - {"using":"xpath","value":"(//span[contains(text(), \"Material\")])[1]"}
RESULT: {"using":"xpath","value":"(//span[contains(text(), \"Material\")])[1]"}
COMMAND: POST /session/af9491c2a1076ce794818b19a1a4ac27/element/f.26D2B1AE0E7CC6FDF0B47B55884175CC.d.769551307DE1E8C61194221A73851024.e.1585/click - {}
RESULT: {}
COMMAND: GET /session/af9491c2a1076ce794818b19a1a4ac27/screenshot - {}
RESULT: {}
COMMAND: POST /session/af9491c2a1076ce794818b19a1a4ac27/execute/async - {"script":"<script> [1562 bytes]","args":[{"selector":{"controlType":"sap.m.Input","viewName":"etm.portal.ui.isctemplates.view.New","viewId":"application-isctemplates-display-component---addDetailSafetyAndCompliance","bindingPath":{"path":"/0","propertyPath":"INPUT_PLANNED_QUANTITY","modelName":"sparePartsModel"},"interaction":{"idSuffix":"inner"}},"wdio_ui5_key":"etmportal.ui.isctemplates.view.Newsap.m.Input{\"path\":\"/0\",\"propertyPath\":\"INPUT_PLANNED_QUANTITY\",\"modelName\":\"sparePartsModel\"}"}]}
RESULT: {"script":"<script> [1562 bytes]","args":[{"selector":{"controlType":"sap.m.Input","viewName":"etm.portal.ui.isctemplates.view.New","viewId":"application-isctemplates-display-component---addDetailSafetyAndCompliance","bindingPath":{"path":"/0","propertyPath":"INPUT_PLANNED_QUANTITY","modelName":"sparePartsModel"},"interaction":{"idSuffix":"inner"}},"wdio_ui5_key":"etmportal.ui.isctemplates.view.Newsap.m.Input{\"path\":\"/0\",\"propertyPath\":\"INPUT_PLANNED_QUANTITY\",\"modelName\":\"sparePartsModel\"}"}]}
RESULT: undefined
COMMAND: POST /session/af9491c2a1076ce794818b19a1a4ac27/execute/async - {"script":"<script> [776 bytes]","args":[{"enterText":"2","selector":{"controlType":"sap.m.Input","viewName":"etm.portal.ui.isctemplates.view.New","viewId":"application-isctemplates-display-component---addDetailSafetyAndCompliance","bindingPath":{"path":"/0","propertyPath":"INPUT_PLANNED_QUANTITY","modelName":"sparePartsModel"},"interaction":{"idSuffix":"inner"}},"clearTextFirst":true,"interactionType":"ENTER_TEXT"}]}
RESULT: {"script":"<script> [776 bytes]","args":[{"enterText":"2","selector":{"controlType":"sap.m.Input","viewName":"etm.portal.ui.isctemplates.view.New","viewId":"application-isctemplates-display-component---addDetailSafetyAndCompliance","bindingPath":{"path":"/0","propertyPath":"INPUT_PLANNED_QUANTITY","modelName":"sparePartsModel"},"interaction":{"idSuffix":"inner"}},"clearTextFirst":true,"interactionType":"ENTER_TEXT"}]}
COMMAND: POST /session/af9491c2a1076ce794818b19a1a4ac27/execute/async - {"script":"<script> [1562 bytes]","args":[{"selector":{"controlType":"netm.SmartInput","viewName":"etm.portal.ui.isctemplates.view.New","viewId":"application-isctemplates-display-component---addDetailSafetyAndCompliance","bindingPath":{"path":"/0","propertyPath":"ITEM_TYPE_GROUP","modelName":"sparePartsModel"},"interaction":{"idSuffix":"inner"}},"wdio_ui5_key":"etmportal.ui.isctemplates.view.Newnetm.SmartInput{\"path\":\"/0\",\"propertyPath\":\"ITEM_TYPE_GROUP\",\"modelName\":\"sparePartsModel\"}"}]}
RESULT: {"script":"<script> [1562 bytes]","args":[{"selector":{"controlType":"netm.SmartInput","viewName":"etm.portal.ui.isctemplates.view.New","viewId":"application-isctemplates-display-component---addDetailSafetyAndCompliance","bindingPath":{"path":"/0","propertyPath":"ITEM_TYPE_GROUP","modelName":"sparePartsModel"},"interaction":{"idSuffix":"inner"}},"wdio_ui5_key":"etmportal.ui.isctemplates.view.Newnetm.SmartInput{\"path\":\"/0\",\"propertyPath\":\"ITEM_TYPE_GROUP\",\"modelName\":\"sparePartsModel\"}"}]}
RESULT: undefined
COMMAND: POST /session/af9491c2a1076ce794818b19a1a4ac27/execute/async - {"script":"<script> [776 bytes]","args":[{"enterText":"Manual fee","selector":{"controlType":"netm.SmartInput","viewName":"etm.portal.ui.isctemplates.view.New","viewId":"application-isctemplates-display-component---addDetailSafetyAndCompliance","bindingPath":{"path":"/0","propertyPath":"ITEM_TYPE_GROUP","modelName":"sparePartsModel"},"interaction":{"idSuffix":"inner"}},"clearTextFirst":true,"interactionType":"ENTER_TEXT"}]}
RESULT: {"script":"<script> [776 bytes]","args":[{"enterText":"Manual fee","selector":{"controlType":"netm.SmartInput","viewName":"etm.portal.ui.isctemplates.view.New","viewId":"application-isctemplates-display-component---addDetailSafetyAndCompliance","bindingPath":{"path":"/0","propertyPath":"ITEM_TYPE_GROUP","modelName":"sparePartsModel"},"interaction":{"idSuffix":"inner"}},"clearTextFirst":true,"interactionType":"ENTER_TEXT"}]}
COMMAND: POST /session/af9491c2a1076ce794818b19a1a4ac27/actions - {"actions":[{"id":"action16","type":"key","parameters":{},"actions":[{"type":"keyDown","value":""},{"type":"pause","duration":10},{"type":"keyUp","value":""}]}]}
RESULT: {"actions":[{"id":"action16","type":"key","parameters":{},"actions":[{"type":"keyDown","value":""},{"type":"pause","duration":10},{"type":"keyUp","value":""}]}]}
COMMAND: GET /session/af9491c2a1076ce794818b19a1a4ac27/screenshot - {}
RESULT: {}
COMMAND: POST /session/af9491c2a1076ce794818b19a1a4ac27/execute/async - {"script":"<script> [1562 bytes]","args":[{"selector":{"id":"application-isctemplates-display-component---addDetailSafetyAndCompliance--saveBtn","interaction":{"idSuffix":"BDI-content"}},"wdio_ui5_key":"applicationisctemplates-display-component---addDetailSafetyAndCompliance--saveBtn"}]}
RESULT: {"script":"<script> [1562 bytes]","args":[{"selector":{"id":"application-isctemplates-display-component---addDetailSafetyAndCompliance--saveBtn","interaction":{"idSuffix":"BDI-content"}},"wdio_ui5_key":"applicationisctemplates-display-component---addDetailSafetyAndCompliance--saveBtn"}]}
RESULT: undefined
COMMAND: POST /session/af9491c2a1076ce794818b19a1a4ac27/element - {"using":"xpath","value":"//*[@id=\"application-isctemplates-display-component---addDetailSafetyAndCompliance--saveBtn\"]"}
RESULT: {"using":"xpath","value":"//*[@id=\"application-isctemplates-display-component---addDetailSafetyAndCompliance--saveBtn\"]"}
COMMAND: POST /session/af9491c2a1076ce794818b19a1a4ac27/element/f.26D2B1AE0E7CC6FDF0B47B55884175CC.d.769551307DE1E8C61194221A73851024.e.1385/click - {}
RESULT: {}
COMMAND: GET /session/af9491c2a1076ce794818b19a1a4ac27/screenshot - {}
RESULT: {}
COMMAND: POST /session/af9491c2a1076ce794818b19a1a4ac27/element - {"using":"xpath","value":"//div[contains(@id, \"expand-wrapper\")]/span"}
RESULT: {"using":"xpath","value":"//div[contains(@id, \"expand-wrapper\")]/span"}
COMMAND: GET /session/af9491c2a1076ce794818b19a1a4ac27/element/f.26D2B1AE0E7CC6FDF0B47B55884175CC.d.769551307DE1E8C61194221A73851024.e.1611/text - {}
RESULT: {}
COMMAND: DELETE /session/af9491c2a1076ce794818b19a1a4ac27 - {}
RESULT: {}
]]></system-out>
    </testcase>
  </testsuite>
</testsuites>